<?xml version="1.0"?>
<opencv_storage>
<L2_diff>3.8389284963385289e+03</L2_diff>
<hue>60</hue>
<sensitivity>10</sensitivity>
<test_foreg type_id="opencv-matrix">
  <rows>30</rows>
  <cols>20</cols>
  <dt>"3u"</dt>
  <data>
    128 174 50 187 77 192 194 250 242 188 115 188 175 184 79 1 69 172 88
    147 188 247 85 74 14 196 79 204 116 194 118 235 33 81 130 32 253 71
    235 125 32 242 208 214 154 240 198 65 26 143 6 183 129 167 199 86 23
    26 206 123 224 208 243 145 164 25 123 220 56 194 157 244 158 22 219
    113 200 97 101 186 176 152 102 187 169 100 30 199 68 20 110 187 175
    213 245 129 18 18 15 249 124 255 7 239 105 51 37 95 12 140 247 96 61
    181 11 248 124 125 150 71 67 157 116 240 233 144 71 94 44 70 89 166
    48 110 224 69 46 138 128 196 206 231 137 55 144 229 70 218 156 0 215
    37 96 20 177 185 228 146 29 228 15 111 35 19 107 69 59 45 229 39 13
    128 71 188 40 236 50 67 12 148 188 229 198 100 188 54 113 19 214 121
    148 132 196 1 111 247 131 135 209 103 223 193 196 70 184 127 54 253
    204 70 109 234 17 38 101 108 214 247 46 19 17 68 116 160 188 123 166
    133 248 229 54 201 59 67 182 112 113 114 194 89 1 165 245 194 123
    109 177 134 135 21 152 182 27 72 26 137 250 204 158 28 33 24 242 173
    3 161 169 110 93 12 79 28 44 45 17 59 26 94 107 204 218 254 66 19 47
    227 12 87 170 184 154 229 146 254 180 67 128 36 25 152 90 7 65 231
    231 27 6 193 157 173 32 109 88 53 59 115 227 202 107 48 178 153 70
    217 194 64 244 59 231 190 5 127 16 65 9 44 30 191 162 74 132 239 89
    29 58 139 255 6 201 66 143 168 82 161 172 42 94 136 195 51 242 122
    227 107 180 160 46 19 219 248 226 28 34 85 153 95 112 129 74 7 145
    148 59 208 54 220 136 59 65 195 184 139 149 22 116 39 127 22 109 221
    171 56 121 141 251 216 115 216 68 1 101 88 27 43 17 133 86 220 179
    239 210 113 111 245 166 63 126 10 33 106 102 163 20 207 86 29 3 127
    216 171 112 123 195 181 45 106 147 57 196 237 38 171 17 38 137 88
    203 38 59 251 207 205 31 58 107 153 101 179 223 146 254 237 189 209
    149 153 99 212 66 140 87 191 10 20 220 150 214 214 90 88 76 180 149
    85 161 79 244 144 231 150 243 7 94 203 72 250 225 61 85 17 139 235
    85 201 15 211 117 199 205 33 39 151 162 32 120 180 46 66 193 11 203
    110 119 186 38 246 221 111 88 46 8 77 204 144 96 64 174 139 171 104
    189 59 247 155 104 134 197 228 29 152 135 189 116 39 26 60 150 175
    157 67 197 21 66 95 194 136 12 188 200 248 125 37 34 196 179 221 215
    32 152 134 105 120 138 74 109 2 85 82 210 216 93 144 83 107 8 10 60
    243 64 3 69 88 24 68 146 219 56 167 140 123 24 64 221 115 88 162 36
    148 205 101 57 152 155 108 183 89 177 122 236 229 249 37 62 111 187
    203 89 208 108 6 48 148 73 152 250 90 57 101 88 56 159 73 217 219
    210 242 185 250 12 161 9 187 118 38 190 60 91 198 182 100 28 48 37
    209 49 181 156 229 149 214 15 108 191 170 237 93 11 162 27 10 171 20
    137 248 94 53 59 128 148 197 23 11 170 15 27 28 48 33 181 37 149 8
    250 74 34 195 81 56 46 142 186 15 190 126 52 134 39 12 19 219 36 164
    46 52 159 7 153 44 228 227 167 6 52 93 11 80 177 10 189 219 247 177
    178 23 138 3 172 240 240 123 7 146 62 226 170 130 211 56 8 123 5 183
    238 222 221 130 163 95 237 7 144 28 70 11 194 184 232 28 221 243 54
    147 18 153 223 55 108 160 29 81 38 122 244 240 144 64 204 34 87 181
    10 166 172 54 179 170 67 35 124 174 185 42 129 13 113 172 75 223 208
    232 139 241 47 33 56 46 65 209 210 31 98 33 249 104 188 79 158 183
    154 39 20 138 65 238 14 209 72 40 157 16 45 165 41 225 226 54 176 52
    51 163 17 128 233 217 113 151 22 106 63 198 145 113 198 66 189 7 153
    132 18 43 60 156 40 185 4 233 137 172 34 214 8 254 192 213 213 160
    101 15 155 138 221 162 212 158 84 92 21 34 213 104 59 74 53 153 84
    37 247 105 148 128 84 219 194 234 51 170 201 92 62 68 230 202 212
    250 158 46 142 23 35 44 179 99 162 212 133 10 192 54 1 207 126 164
    172 17 88 149 25 200 29 125 140 199 132 110 12 196 34 223 54 75 76
    115 233 191 187 172 88 15 178 188 97 72 12 233 121 142 82 89 7 246
    22 148 43 105 97 84 246 165 169 16 28 224 43 187 16 240 96 131 117
    208 175 244 243 82 172 176 93 30 227 73 192 213 210 243 100 234 203
    240 48 114 168 190 72 48 14 26 166 30 212 219 212 150 65 18 56 204
    59 103 130 177 203 187 145 178 179 30 104 224 221 208 38 171 208 13
    73 10 59 245 89 51 165 182 215 86 4 206 117 204 198 17 120 114 103 3
    143 221 19 160 64 3 243 0 244 193 186 107 218 150 68 138 11 203 33
    165 240 221 160 170 70 27 78 158 86 57 73 143 63 92 181 239 117 97
    53 198 77 25 4 159 61 142 25 94 108 125 55 66 181 184 127 228 216 92
    44 94 52 119 95 204 83 15 242 247 71 200 253 62 29 43 70 156 250 88
    162 46 66 211 208 71 197 152 81 170 134 59 99 235 51 93 8 173 36 199
    45 58 178 165 115 131 165 15 209 74 71 0 75 246 82 133 15 194 54 143
    45 195 41 144 162 136 15 243 116 35 28 156 192 121 14 0 43 235 71 39
    54 218 99 224 210 205 170 138 250 138 138 104 214 232 37 147 136 243
    143 106 33 68 246 17 221 66 108 19 48 24 228 61 206 49 233 38 142
    230 20 193 60 118 167 18 137 224 67 113 82 153 73 184 62 128 46 66
    92 234 95 227 224 42 50 6 91 132 39 14 214 126 33 150 199 127 191
    101 248 145 115 211 246 80 169 130 67 156 130 158 68 100 185 142 128
    253 117 107 249 86 139 192 234 153 143 111 45 42 110 47 93 201 222
    217 243 75 116 126 173 181 252 213 224 248 83 222 185 36 40 55 1 96
    228 198 213 174 199 227 120 175 178 61 82 26 64 206 8 30 177 254 96
    111 129 93 247 30 187 20 147 69 190 109 207 248 157 121 196 68 192 4
    158 161 69 204 241 217 181 194 36 191 199 206 158 196 100 249 126
    124 95 241 173 245 184 255 61 196 222 123 213 192 148 87 44 97 235
    54 4 154 135 10 119 47 25 214 75 216 213 26 240 220 17 113 235 63 57
    76 90 173 110 238 3 233 108 64 136 132 80 201 197 58 87 156 200 83
    213 232 178 212 142 141 177 116 107 109 225 108 39 141 156 116 31
    240 225 6 152 230 100 53 210 94 50 33 20 226 23 192 224 148 121 224
    244 35 185 38 133 32 220 46 146 165 116 243 129 199 244 250 83 246
    138 115 215 252 119 58 237 63 107 160 88 221 238 73 210 75 37 151 4
    225 38 180 66 228 22 229 211 181 26 152 161 153 111 74 218 204 227
    106 155 217 242 38 235 150 111 140 209 173 82 149 40 125 16 149 16
    109 176 80 153 84 142 72 68 93 44 56 181 201 228 115 18 195 244 50
    63 234 207 134 98 62 160 138 19 34 59 47 62 61 151 7 66 89 166 24 16
    103 158 57 145 119 226 118 199 118 164 85 84 108 157 104 244 62 195
    82 176 57 119 0 238 243 136 34 180 46 180 231 102 168 226 186 53 242
    195 21 74 206 150 72 44 227 251 176 193 244 232 32 18 9 223 62 223
    35 144 128 181 69 89 220 7 48 168 29 5 160 138 162 150 117 73 75 224
    35 224 54 222 212 194 239 208 227 198 93 11 114 142 12 90 154 79 167
    232 239 31 138 232 161 92 43 197 46 68 162 29 124 71 57 255 74 71 34
    243 249 21 157 243 73 143 174 207 11 83 110 133 139 6 134 193 166
    236 92 41 173 49 169 85 226 26 129 192 186 144 31 83 142 81 166 252
    173 66 150 34 112 47 58 107 84 75 184 254 9 88 134</data></test_foreg>
<test_backg type_id="opencv-matrix">
  <rows>60</rows>
  <cols>40</cols>
  <dt>"3u"</dt>
  <data>
    128 128 128 128 128 128 128 128 128 128 128 128 128 128 128 128 128
    128 128 128 128 128 128 128 128 128 128 128 128 128 128 128 128 128
    128 128 128 128 128 128 128 128 128 128 128 128 128 128 128 128 128
    128 128 128 128 128 128 128 128 128 128 128 128 128 128 128 128 128
    128 128 128 128 128 128 128 128 128 128 128 128 128 128 128 128 128
    128 128 128 128 128 128 128 128 128 128 128 128 128 128 128 128 128
    128 128 128 128 128 128 128 128 128 128 128 128 128 128 128 128 128
    128 128 128 128 128 128 128 128 128 128 128 128 128 128 128 128 128
    128 128 128 128 128 128 128 128 128 128 128 128 128 128 128 128 128
    128 128 128 128 128 128 128 128 128 128 128 128 128 128 128 128 128
    128 128 128 128 128 128 128 128 128 128 128 128 128 128 128 128 128
    128 128 128 128 128 128 128 128 128 128 128 128 128 128 128 128 128
    128 128 128 128 128 128 128 128 128 128 128 128 128 128 128 128 128
    128 128 128 128 128 128 128 128 128 128 128 128 128 128 128 128 128
    128 128 128 128 128 128 128 128 128 128 128 128 128 128 128 128 128
    128 128 128 128 128 128 128 128 128 128 128 128 128 128 128 128 128
    128 128 128 128 128 128 128 128 128 128 128 128 128 128 128 128 128
    128 128 128 128 128 128 128 128 128 128 128 128 128 128 128 128 128
    128 128 128 128 128 128 128 128 128 128 128 128 128 128 128 128 128
    128 128 128 128 128 128 128 128 128 128 128 128 128 128 128 128 128
    128 128 128 128 128 128 128 128 128 128 128 128 128 128 128 128 128
    128 128 128 128 128 128 128 128 128 128 128 128 128 128 128 128 128
    128 128 128 128 128 128 128 128 128 128 128 128 128 128 128 128 128
    128 128 128 128 128 128 128 128 128 128 128 128 128 128 128 128 128
    128 128 128 128 128 128 128 128 128 128 128 128 128 128 128 128 128
    128 128 128 128 128 128 128 128 128 128 128 128 128 128 128 128 128
    128 128 128 128 128 128 128 128 128 128 128 128 128 128 128 128 128
    128 128 128 128 128 128 128 128 128 128 128 128 128 128 128 128 128
    128 128 128 128 128 128 128 128 128 128 128 128 128 128 128 128 128
    128 128 128 128 128 128 128 128 128 128 128 128 128 128 128 128 128
    128 128 128 128 128 128 128 128 128 128 128 128 128 128 128 128 128
    128 128 128 128 128 128 128 128 128 128 128 128 128 128 128 128 128
    128 128 128 128 128 128 128 128 128 128 128 128 128 128 128 128 128
    128 128 128 128 128 128 128 128 128 128 128 128 128 128 128 128 128
    128 128 128 128 128 128 128 128 128 128 128 128 128 128 128 128 128
    128 128 128 128 128 128 128 128 128 128 128 128 128 128 128 128 128
    128 128 128 128 128 128 128 128 128 128 128 128 128 128 128 128 128
    128 128 128 128 128 128 128 128 128 128 128 128 128 128 128 128 128
    128 128 128 128 128 128 128 128 128 128 128 128 128 128 128 128 128
    128 128 128 128 128 128 128 128 128 128 128 128 128 128 128 128 128
    128 128 128 128 128 128 128 128 128 128 128 128 128 128 128 128 128
    128 128 128 128 128 128 128 128 128 128 128 128 128 128 128 128 128
    128 128 128 128 128 128 128 128 128 128 128 128 128 128 128 128 128
    128 128 128 128 128 128 128 128 128 128 128 128 128 128 128 128 128
    128 128 128 128 128 128 128 128 128 128 128 128 128 128 128 128 128
    128 128 128 128 128 128 128 128 128 128 128 128 128 128 128 128 128
    128 128 128 128 128 128 128 128 128 128 128 128 128 128 128 128 128
    128 128 128 128 128 128 128 128 128 128 128 128 128 128 128 128 128
    128 128 128 128 128 128 128 128 128 128 128 128 128 128 128 128 128
    128 128 128 128 128 128 128 128 128 128 128 128 128 128 128 128 128
    128 128 128 128 128 128 128 128 128 128 128 128 128 128 128 128 128
    128 128 128 128 128 128 128 128 128 128 128 128 128 128 128 128 128
    128 128 128 128 128 128 128 128 128 128 128 128 128 128 128 128 128
    128 128 128 128 128 128 128 128 128 128 128 128 128 128 128 128 128
    128 128 128 128 128 128 128 128 128 128 128 128 128 128 128 128 128
    128 128 128 128 128 128 128 128 128 128 128 128 128 128 128 128 128
    128 128 128 128 128 128 128 128 128 128 128 128 128 128 128 128 128
    128 128 128 128 128 128 128 128 128 128 128 128 128 128 128 128 128
    128 128 128 128 128 128 128 128 128 128 128 128 128 128 128 128 128
    128 128 128 128 128 128 128 128 128 128 128 128 128 128 128 128 128
    128 128 128 128 128 128 128 128 128 128 128 128 128 128 128 128 128
    128 128 128 128 128 128 128 128 128 128 128 128 128 128 128 128 128
    128 128 128 128 128 128 128 128 128 128 128 128 128 128 128 128 128
    128 128 128 128 128 128 128 128 128 128 128 128 128 128 128 128 128
    128 128 128 128 128 128 128 128 128 128 128 128 128 128 128 128 128
    128 128 128 128 128 128 128 128 128 128 128 128 128 128 128 128 128
    128 128 128 128 128 128 128 128 128 128 128 128 128 128 128 128 128
    128 128 128 128 128 128 128 128 128 128 128 128 128 128 128 128 128
    128 128 128 128 128 128 128 128 128 128 128 128 128 128 128 128 128
    128 128 128 128 128 128 128 128 128 128 128 128 128 128 128 128 128
    128 128 128 128 128 128 128 128 128 128 128 128 128 128 128 128 128
    128 128 128 128 128 128 128 128 128 128 128 128 128 128 128 128 128
    128 128 128 128 128 128 128 128 128 128 128 128 128 128 128 128 128
    128 128 128 128 128 128 128 128 128 128 128 128 128 128 128 128 128
    128 128 128 128 128 128 128 128 128 128 128 128 128 128 128 128 128
    128 128 128 128 128 128 128 128 128 128 128 128 128 128 128 128 128
    128 128 128 128 128 128 128 128 128 128 128 128 128 128 128 128 128
    128 128 128 128 128 128 128 128 128 128 128 128 128 128 128 128 128
    128 128 128 128 128 128 128 128 128 128 128 128 128 128 128 128 128
    128 128 128 128 128 128 128 128 128 128 128 128 128 128 128 128 128
    128 128 128 128 128 128 128 128 128 128 128 128 128 128 128 128 128
    128 128 128 128 128 128 128 128 128 128 128 128 128 128 128 128 128
    128 128 128 128 128 128 128 128 128 128 128 128 128 128 128 128 128
    128 128 128 128 128 128 128 128 128 128 128 128 128 128 128 128 128
    128 128 128 128 128 128 128 128 128 128 128 128 128 128 128 128 128
    128 128 128 128 128 128 128 128 128 128 128 128 128 128 128 128 128
    128 128 128 128 128 128 128 128 128 128 128 128 128 128 128 128 128
    128 128 128 128 128 128 128 128 128 128 128 128 128 128 128 128 128
    128 128 128 128 128 128 128 128 128 128 128 128 128 128 128 128 128
    128 128 128 128 128 128 128 128 128 128 128 128 128 128 128 128 128
    128 128 128 128 128 128 128 128 128 128 128 128 128 128 128 128 128
    128 128 128 128 128 128 128 128 128 128 128 128 128 128 128 128 128
    128 128 128 128 128 128 128 128 128 128 128 128 128 128 128 128 128
    128 128 128 128 128 128 128 128 128 128 128 128 128 128 128 128 128
    128 128 128 128 128 128 128 128 128 128 128 128 128 128 128 128 128
    128 128 128 128 128 128 128 128 128 128 128 128 128 128 128 128 128
    128 128 128 128 128 128 128 128 128 128 128 128 128 128 128 128 128
    128 128 128 128 128 128 128 128 128 128 128 128 128 128 128 128 128
    128 128 128 128 128 128 128 128 128 128 128 128 128 128 128 128 128
    128 128 128 128 128 128 128 128 128 128 128 128 128 128 128 128 128
    128 128 128 128 128 128 128 128 128 128 128 128 128 128 128 128 128
    128 128 128 128 128 128 128 128 128 128 128 128 128 128 128 128 128
    128 128 128 128 128 128 128 128 128 128 128 128 128 128 128 128 128
    128 128 128 128 128 128 128 128 128 128 128 128 128 128 128 128 128
    128 128 128 128 128 128 128 128 128 128 128 128 128 128 128 128 128
    128 128 128 128 128 128 128 128 128 128 128 128 128 128 128 128 128
    128 128 128 128 128 128 128 128 128 128 128 128 128 128 128 128 128
    128 128 128 128 128 128 128 128 128 128 128 128 128 128 128 128 128
    128 128 128 128 128 128 128 128 128 128 128 128 128 128 128 128 128
    128 128 128 128 128 128 128 128 128 128 128 128 128 128 128 128 128
    128 128 128 128 128 128 128 128 128 128 128 128 128 128 128 128 128
    128 128 128 128 128 128 128 128 128 128 128 128 128 128 128 128 128
    128 128 128 128 128 128 128 128 128 128 128 128 128 128 128 128 128
    128 128 128 128 128 128 128 128 128 128 128 128 128 128 128 128 128
    128 128 128 128 128 128 128 128 128 128 128 128 128 128 128 128 128
    128 128 128 128 128 128 128 128 128 128 128 128 128 128 128 128 128
    128 128 128 128 128 128 128 128 128 128 128 128 128 128 128 128 128
    128 128 128 128 128 128 128 128 128 128 128 128 128 128 128 128 128
    128 128 128 128 128 128 128 128 128 128 128 128 128 128 128 128 128
    128 128 128 128 128 128 128 128 128 128 128 128 128 128 128 128 128
    128 128 128 128 128 128 128 128 128 128 128 128 128 128 128 128 128
    128 128 128 128 128 128 128 128 128 128 128 128 128 128 128 128 128
    128 128 128 128 128 128 128 128 128 128 128 128 128 128 128 128 128
    128 128 128 128 128 128 128 128 128 128 128 128 128 128 128 128 128
    128 128 128 128 128 128 128 128 128 128 128 128 128 128 128 128 128
    128 128 128 128 128 128 128 128 128 128 128 128 128 128 128 128 128
    128 128 128 128 128 128 128 128 128 128 128 128 128 128 128 128 128
    128 128 128 128 128 128 128 128 128 128 128 128 128 128 128 128 128
    128 128 128 128 128 128 128 128 128 128 128 128 128 128 128 128 128
    128 128 128 128 128 128 128 128 128 128 128 128 128 128 128 128 128
    128 128 128 128 128 128 128 128 128 128 128 128 128 128 128 128 128
    128 128 128 128 128 128 128 128 128 128 128 128 128 128 128 128 128
    128 128 128 128 128 128 128 128 128 128 128 128 128 128 128 128 128
    128 128 128 128 128 128 128 128 128 128 128 128 128 128 128 128 128
    128 128 128 128 128 128 128 128 128 128 128 128 128 128 128 128 128
    128 128 128 128 128 128 128 128 128 128 128 128 128 128 128 128 128
    128 128 128 128 128 128 128 128 128 128 128 128 128 128 128 128 128
    128 128 128 128 128 128 128 128 128 128 128 128 128 128 128 128 128
    128 128 128 128 128 128 128 128 128 128 128 128 128 128 128 128 128
    128 128 128 128 128 128 128 128 128 128 128 128 128 128 128 128 128
    128 128 128 128 128 128 128 128 128 128 128 128 128 128 128 128 128
    128 128 128 128 128 128 128 128 128 128 128 128 128 128 128 128 128
    128 128 128 128 128 128 128 128 128 128 128 128 128 128 128 128 128
    128 128 128 128 128 128 128 128 128 128 128 128 128 128 128 128 128
    128 128 128 128 128 128 128 128 128 128 128 128 128 128 128 128 128
    128 128 128 128 128 128 128 128 128 128 128 128 128 128 128 128 128
    128 128 128 128 128 128 128 128 128 128 128 128 128 128 128 128 128
    128 128 128 128 128 128 128 128 128 128 128 128 128 128 128 128 128
    128 128 128 128 128 128 128 128 128 128 128 128 128 128 128 128 128
    128 128 128 128 128 128 128 128 128 128 128 128 128 128 128 128 128
    128 128 128 128 128 128 128 128 128 128 128 128 128 128 128 128 128
    128 128 128 128 128 128 128 128 128 128 128 128 128 128 128 128 128
    128 128 128 128 128 128 128 128 128 128 128 128 128 128 128 128 128
    128 128 128 128 128 128 128 128 128 128 128 128 128 128 128 128 128
    128 128 128 128 128 128 128 128 128 128 128 128 128 128 128 128 128
    128 128 128 128 128 128 128 128 128 128 128 128 128 128 128 128 128
    128 128 128 128 128 128 128 128 128 128 128 128 128 128 128 128 128
    128 128 128 128 128 128 128 128 128 128 128 128 128 128 128 128 128
    128 128 128 128 128 128 128 128 128 128 128 128 128 128 128 128 128
    128 128 128 128 128 128 128 128 128 128 128 128 128 128 128 128 128
    128 128 128 128 128 128 128 128 128 128 128 128 128 128 128 128 128
    128 128 128 128 128 128 128 128 128 128 128 128 128 128 128 128 128
    128 128 128 128 128 128 128 128 128 128 128 128 128 128 128 128 128
    128 128 128 128 128 128 128 128 128 128 128 128 128 128 128 128 128
    128 128 128 128 128 128 128 128 128 128 128 128 128 128 128 128 128
    128 128 128 128 128 128 128 128 128 128 128 128 128 128 128 128 128
    128 128 128 128 128 128 128 128 128 128 128 128 128 128 128 128 128
    128 128 128 128 128 128 128 128 128 128 128 128 128 128 128 128 128
    128 128 128 128 128 128 128 128 128 128 128 128 128 128 128 128 128
    128 128 128 128 128 128 128 128 128 128 128 128 128 128 128 128 128
    128 128 128 128 128 128 128 128 128 128 128 128 128 128 128 128 128
    128 128 128 128 128 128 128 128 128 128 128 128 128 128 128 128 128
    128 128 128 128 128 128 128 128 128 128 128 128 128 128 128 128 128
    128 128 128 128 128 128 128 128 128 128 128 128 128 128 128 128 128
    128 128 128 128 128 128 128 128 128 128 128 128 128 128 128 128 128
    128 128 128 128 128 128 128 128 128 128 128 128 128 128 128 128 128
    128 128 128 128 128 128 128 128 128 128 128 128 128 128 128 128 128
    128 128 128 128 128 128 128 128 128 128 128 128 128 128 128 128 128
    128 128 128 128 128 128 128 128 128 128 128 128 128 128 128 128 128
    128 128 128 128 128 128 128 128 128 128 128 128 128 128 128 128 128
    128 128 128 128 128 128 128 128 128 128 128 128 128 128 128 128 128
    128 128 128 128 128 128 128 128 128 128 128 128 128 128 128 128 128
    128 128 128 128 128 128 128 128 128 128 128 128 128 128 128 128 128
    128 128 128 128 128 128 128 128 128 128 128 128 128 128 128 128 128
    128 128 128 128 128 128 128 128 128 128 128 128 128 128 128 128 128
    128 128 128 128 128 128 128 128 128 128 128 128 128 128 128 128 128
    128 128 128 128 128 128 128 128 128 128 128 128 128 128 128 128 128
    128 128 128 128 128 128 128 128 128 128 128 128 128 128 128 128 128
    128 128 128 128 128 128 128 128 128 128 128 128 128 128 128 128 128
    128 128 128 128 128 128 128 128 128 128 128 128 128 128 128 128 128
    128 128 128 128 128 128 128 128 128 128 128 128 128 128 128 128 128
    128 128 128 128 128 128 128 128 128 128 128 128 128 128 128 128 128
    128 128 128 128 128 128 128 128 128 128 128 128 128 128 128 128 128
    128 128 128 128 128 128 128 128 128 128 128 128 128 128 128 128 128
    128 128 128 128 128 128 128 128 128 128 128 128 128 128 128 128 128
    128 128 128 128 128 128 128 128 128 128 128 128 128 128 128 128 128
    128 128 128 128 128 128 128 128 128 128 128 128 128 128 128 128 128
    128 128 128 128 128 128 128 128 128 128 128 128 128 128 128 128 128
    128 128 128 128 128 128 128 128 128 128 128 128 128 128 128 128 128
    128 128 128 128 128 128 128 128 128 128 128 128 128 128 128 128 128
    128 128 128 128 128 128 128 128 128 128 128 128 128 128 128 128 128
    128 128 128 128 128 128 128 128 128 128 128 128 128 128 128 128 128
    128 128 128 128 128 128 128 128 128 128 128 128 128 128 128 128 128
    128 128 128 128 128 128 128 128 128 128 128 128 128 128 128 128 128
    128 128 128 128 128 128 128 128 128 128 128 128 128 128 128 128 128
    128 128 128 128 128 128 128 128 128 128 128 128 128 128 128 128 128
    128 128 128 128 128 128 128 128 128 128 128 128 128 128 128 128 128
    128 128 128 128 128 128 128 128 128 128 128 128 128 128 128 128 128
    128 128 128 128 128 128 128 128 128 128 128 128 128 128 128 128 128
    128 128 128 128 128 128 128 128 128 128 128 128 128 128 128 128 128
    128 128 128 128 128 128 128 128 128 128 128 128 128 128 128 128 128
    128 128 128 128 128 128 128 128 128 128 128 128 128 128 128 128 128
    128 128 128 128 128 128 128 128 128 128 128 128 128 128 128 128 128
    128 128 128 128 128 128 128 128 128 128 128 128 128 128 128 128 128
    128 128 128 128 128 128 128 128 128 128 128 128 128 128 128 128 128
    128 128 128 128 128 128 128 128 128 128 128 128 128 128 128 128 128
    128 128 128 128 128 128 128 128 128 128 128 128 128 128 128 128 128
    128 128 128 128 128 128 128 128 128 128 128 128 128 128 128 128 128
    128 128 128 128 128 128 128 128 128 128 128 128 128 128 128 128 128
    128 128 128 128 128 128 128 128 128 128 128 128 128 128 128 128 128
    128 128 128 128 128 128 128 128 128 128 128 128 128 128 128 128 128
    128 128 128 128 128 128 128 128 128 128 128 128 128 128 128 128 128
    128 128 128 128 128 128 128 128 128 128 128 128 128 128 128 128 128
    128 128 128 128 128 128 128 128 128 128 128 128 128 128 128 128 128
    128 128 128 128 128 128 128 128 128 128 128 128 128 128 128 128 128
    128 128 128 128 128 128 128 128 128 128 128 128 128 128 128 128 128
    128 128 128 128 128 128 128 128 128 128 128 128 128 128 128 128 128
    128 128 128 128 128 128 128 128 128 128 128 128 128 128 128 128 128
    128 128 128 128 128 128 128 128 128 128 128 128 128 128 128 128 128
    128 128 128 128 128 128 128 128 128 128 128 128 128 128 128 128 128
    128 128 128 128 128 128 128 128 128 128 128 128 128 128 128 128 128
    128 128 128 128 128 128 128 128 128 128 128 128 128 128 128 128 128
    128 128 128 128 128 128 128 128 128 128 128 128 128 128 128 128 128
    128 128 128 128 128 128 128 128 128 128 128 128 128 128 128 128 128
    128 128 128 128 128 128 128 128 128 128 128 128 128 128 128 128 128
    128 128 128 128 128 128 128 128 128 128 128 128 128 128 128 128 128
    128 128 128 128 128 128 128 128 128 128 128 128 128 128 128 128 128
    128 128 128 128 128 128 128 128 128 128 128 128 128 128 128 128 128
    128 128 128 128 128 128 128 128 128 128 128 128 128 128 128 128 128
    128 128 128 128 128 128 128 128 128 128 128 128 128 128 128 128 128
    128 128 128 128 128 128 128 128 128 128 128 128 128 128 128 128 128
    128 128 128 128 128 128 128 128 128 128 128 128 128 128 128 128 128
    128 128 128 128 128 128 128 128 128 128 128 128 128 128 128 128 128
    128 128 128 128 128 128 128 128 128 128 128 128 128 128 128 128 128
    128 128 128 128 128 128 128 128 128 128 128 128 128 128 128 128 128
    128 128 128 128 128 128 128 128 128 128 128 128 128 128 128 128 128
    128 128 128 128 128 128 128 128 128 128 128 128 128 128 128 128 128
    128 128 128 128 128 128 128 128 128 128 128 128 128 128 128 128 128
    128 128 128 128 128 128 128 128 128 128 128 128 128 128 128 128 128
    128 128 128 128 128 128 128 128 128 128 128 128 128 128 128 128 128
    128 128 128 128 128 128 128 128 128 128 128 128 128 128 128 128 128
    128 128 128 128 128 128 128 128 128 128 128 128 128 128 128 128 128
    128 128 128 128 128 128 128 128 128 128 128 128 128 128 128 128 128
    128 128 128 128 128 128 128 128 128 128 128 128 128 128 128 128 128
    128 128 128 128 128 128 128 128 128 128 128 128 128 128 128 128 128
    128 128 128 128 128 128 128 128 128 128 128 128 128 128 128 128 128
    128 128 128 128 128 128 128 128 128 128 128 128 128 128 128 128 128
    128 128 128 128 128 128 128 128 128 128 128 128 128 128 128 128 128
    128 128 128 128 128 128 128 128 128 128 128 128 128 128 128 128 128
    128 128 128 128 128 128 128 128 128 128 128 128 128 128 128 128 128
    128 128 128 128 128 128 128 128 128 128 128 128 128 128 128 128 128
    128 128 128 128 128 128 128 128 128 128 128 128 128 128 128 128 128
    128 128 128 128 128 128 128 128 128 128 128 128 128 128 128 128 128
    128 128 128 128 128 128 128 128 128 128 128 128 128 128 128 128 128
    128 128 128 128 128 128 128 128 128 128 128 128 128 128 128 128 128
    128 128 128 128 128 128 128 128 128 128 128 128 128 128 128 128 128
    128 128 128 128 128 128 128 128 128 128 128 128 128 128 128 128 128
    128 128 128 128 128 128 128 128 128 128 128 128 128 128 128 128 128
    128 128 128 128 128 128 128 128 128 128 128 128 128 128 128 128 128
    128 128 128 128 128 128 128 128 128 128 128 128 128 128 128 128 128
    128 128 128 128 128 128 128 128 128 128 128 128 128 128 128 128 128
    128 128 128 128 128 128 128 128 128 128 128 128 128 128 128 128 128
    128 128 128 128 128 128 128 128 128 128 128 128 128 128 128 128 128
    128 128 128 128 128 128 128 128 128 128 128 128 128 128 128 128 128
    128 128 128 128 128 128 128 128 128 128 128 128 128 128 128 128 128
    128 128 128 128 128 128 128 128 128 128 128 128 128 128 128 128 128
    128 128 128 128 128 128 128 128 128 128 128 128 128 128 128 128 128
    128 128 128 128 128 128 128 128 128 128 128 128 128 128 128 128 128
    128 128 128 128 128 128 128 128 128 128 128 128 128 128 128 128 128
    128 128 128 128 128 128 128 128 128 128 128 128 128 128 128 128 128
    128 128 128 128 128 128 128 128 128 128 128 128 128 128 128 128 128
    128 128 128 128 128 128 128 128 128 128 128 128 128 128 128 128 128
    128 128 128 128 128 128 128 128 128 128 128 128 128 128 128 128 128
    128 128 128 128 128 128 128 128 128 128 128 128 128 128 128 128 128
    128 128 128 128 128 128 128 128 128 128 128 128 128 128 128 128 128
    128 128 128 128 128 128 128 128 128 128 128 128 128 128 128 128 128
    128 128 128 128 128 128 128 128 128 128 128 128 128 128 128 128 128
    128 128 128 128 128 128 128 128 128 128 128 128 128 128 128 128 128
    128 128 128 128 128 128 128 128 128 128 128 128 128 128 128 128 128
    128 128 128 128 128 128 128 128 128 128 128 128 128 128 128 128 128
    128 128 128 128 128 128 128 128 128 128 128 128 128 128 128 128 128
    128 128 128 128 128 128 128 128 128 128 128 128 128 128 128 128 128
    128 128 128 128 128 128 128 128 128 128 128 128 128 128 128 128 128
    128 128 128 128 128 128 128 128 128 128 128 128 128 128 128 128 128
    128 128 128 128 128 128 128 128 128 128 128 128 128 128 128 128 128
    128 128 128 128 128 128 128 128 128 128 128 128 128 128 128 128 128
    128 128 128 128 128 128 128 128 128 128 128 128 128 128 128 128 128
    128 128 128 128 128 128 128 128 128 128 128 128 128 128 128 128 128
    128 128 128 128 128 128 128 128 128 128 128 128 128 128 128 128 128
    128 128 128 128 128 128 128 128 128 128 128 128 128 128 128 128 128
    128 128 128 128 128 128 128 128 128 128 128 128 128 128 128 128 128
    128 128 128 128 128 128 128 128 128 128 128 128 128 128 128 128 128
    128 128 128 128 128 128 128 128 128 128 128 128 128 128 128 128 128
    128 128 128 128 128 128 128 128 128 128 128 128 128 128 128 128 128
    128 128 128 128 128 128 128 128 128 128 128 128 128 128 128 128 128
    128 128 128 128 128 128 128 128 128 128 128 128 128 128 128 128 128
    128 128 128 128 128 128 128 128 128 128 128 128 128 128 128 128 128
    128 128 128 128 128 128 128 128 128 128 128 128 128 128 128 128 128
    128 128 128 128 128 128 128 128 128 128 128 128 128 128 128 128 128
    128 128 128 128 128 128 128 128 128 128 128 128 128 128 128 128 128
    128 128 128 128 128 128 128 128 128 128 128 128 128 128 128 128 128
    128 128 128 128 128 128 128 128 128 128 128 128 128 128 128 128 128
    128 128 128 128 128 128 128 128 128 128 128 128 128 128 128 128 128
    128 128 128 128 128 128 128 128 128 128 128 128 128 128 128 128 128
    128 128 128 128 128 128 128 128 128 128 128 128 128 128 128 128 128
    128 128 128 128 128 128 128 128 128 128 128 128 128 128 128 128 128
    128 128 128 128 128 128 128 128 128 128 128 128 128 128 128 128 128
    128 128 128 128 128 128 128 128 128 128 128 128 128 128 128 128 128
    128 128 128 128 128 128 128 128 128 128 128 128 128 128 128 128 128
    128 128 128 128 128 128 128 128 128 128 128 128 128 128 128 128 128
    128 128 128 128 128 128 128 128 128 128 128 128 128 128 128 128 128
    128 128 128 128 128 128 128 128 128 128 128 128 128 128 128 128 128
    128 128 128 128 128 128 128 128 128 128 128 128 128 128 128 128 128
    128 128 128 128 128 128 128 128 128 128 128 128 128 128 128 128 128
    128 128 128 128 128 128 128 128 128 128 128 128 128 128 128 128 128
    128 128 128 128 128 128 128 128 128 128 128 128 128 128 128 128 128
    128 128 128 128 128 128 128 128 128 128 128 128 128 128 128 128 128
    128 128 128 128 128 128 128 128 128 128 128 128 128 128 128 128 128
    128 128 128 128 128 128 128 128 128 128 128 128 128 128 128 128 128
    128 128 128 128 128 128 128 128 128 128 128 128 128 128 128 128 128
    128 128 128 128 128 128 128 128 128 128 128 128 128 128 128 128 128
    128 128 128 128 128 128 128 128 128 128 128 128 128 128 128 128 128
    128 128 128 128 128 128 128 128 128 128 128 128 128 128 128 128 128
    128 128 128 128 128 128 128 128 128 128 128 128 128 128 128 128 128
    128 128 128 128 128 128 128 128 128 128 128 128 128 128 128 128 128
    128 128 128 128 128 128 128 128 128 128 128 128 128 128 128 128 128
    128 128 128 128 128 128 128 128 128 128 128 128 128 128 128 128 128
    128 128 128 128 128 128 128 128 128 128 128 128 128 128 128 128 128
    128 128 128 128 128 128 128 128 128 128 128 128 128 128 128 128 128
    128 128 128 128 128 128 128 128 128 128 128 128 128 128 128 128 128
    128 128 128 128 128 128 128 128 128 128 128 128 128 128 128 128 128
    128 128 128 128 128 128 128 128 128 128 128 128 128 128 128 128 128
    128 128 128 128 128 128 128 128 128 128 128 128 128 128 128 128 128
    128 128 128 128 128 128 128 128 128 128 128 128 128 128 128 128 128
    128 128 128 128 128 128 128 128 128 128 128 128 128 128 128 128 128
    128 128 128 128 128 128 128 128 128 128 128 128 128 128 128 128 128
    128 128 128 128 128 128 128 128 128 128 128 128 128 128 128 128 128
    128 128 128 128 128 128 128 128 128 128 128 128 128 128 128 128 128
    128 128 128 128 128 128 128 128 128 128 128 128 128 128 128 128 128
    128 128 128 128 128 128 128 128 128 128 128 128 128 128 128 128 128
    128 128 128 128 128 128 128 128 128 128 128 128 128 128 128 128 128
    128 128 128 128 128 128 128 128 128 128 128 128 128 128 128 128 128
    128 128 128 128 128 128 128 128 128 128 128 128 128 128 128 128 128
    128 128 128 128 128 128 128 128 128 128 128 128 128 128 128 128 128
    128 128 128 128 128 128 128 128 128 128 128 128 128 128 128 128 128
    128 128 128 128 128 128 128 128 128 128 128 128 128 128 128 128 128
    128 128 128 128 128 128 128 128 128 128 128 128 128 128 128 128 128
    128 128 128 128 128 128 128 128 128 128 128 128 128 128 128 128 128
    128 128 128 128 128 128 128 128 128 128 128 128 128 128 128 128 128
    128 128 128 128 128 128 128 128 128 128 128 128 128 128 128 128 128
    128 128 128 128 128 128 128 128 128 128 128 128 128 128 128 128 128
    128 128 128 128 128 128 128 128 128 128 128 128 128 128 128 128 128
    128 128 128 128 128 128 128 128 128 128 128 128 128 128 128 128 128
    128 128 128 128 128 128 128 128 128 128 128 128 128 128 128 128 128
    128 128 128 128 128 128 128 128 128 128 128 128 128 128 128 128 128
    128 128 128 128 128 128 128 128 128 128 128 128 128 128 128 128 128
    128 128 128 128 128 128 128 128 128 128 128 128 128 128 128 128 128
    128 128 128 128 128 128 128 128 128 128 128 128 128 128 128 128 128
    128 128 128 128 128 128 128 128 128 128 128 128 128 128 128 128 128
    128 128 128 128 128 128 128 128 128 128 128 128 128 128 128 128 128
    128 128 128 128 128 128 128 128 128 128 128 128 128 128 128 128 128
    128 128 128 128 128 128 128 128 128 128 128 128 128 128 128 128 128
    128 128 128 128 128 128 128 128 128 128 128 128 128 128 128 128 128
    128 128 128 128 128 128 128 128 128 128 128 128 128 128 128 128 128
    128 128 128 128 128 128 128 128 128 128 128 128 128 128 128 128 128
    128 128 128 128 128 128 128 128 128 128 128 128 128 128 128 128 128
    128 128 128 128 128 128 128 128 128 128 128 128 128 128 128 128 128
    128 128 128 128 128 128 128 128 128 128 128 128 128 128 128 128 128
    128 128 128 128 128 128 128 128 128 128 128 128 128 128 128 128 128
    128 128 128 128 128 128 128 128 128 128 128 128 128 128 128 128 128
    128 128 128 128 128 128 128 128 128 128 128 128 128 128 128 128 128
    128 128 128 128 128 128 128 128 128 128 128 128 128 128 128 128 128
    128 128 128 128 128 128 128 128 128 128 128 128 128 128 128 128 128
    128 128 128 128 128 128 128 128 128 128 128 128 128 128 128 128 128
    128 128 128 128 128 128 128 128 128 128 128 128 128 128 128 128 128
    128 128 128 128 128 128 128 128 128 128 128 128 128 128 128 128 128
    128 128 128 128 128 128 128 128 128 128 128 128 128 128 128 128 128
    128 128 128 128 128 128 128 128 128 128 128 128 128 128 128 128 128
    128 128 128 128 128 128 128 128 128 128 128 128 128 128 128 128 128
    128 128 128 128 128 128 128 128 128 128 128 128 128 128 128 128 128
    128 128 128 128 128 128 128 128 128 128 128 128 128 128 128 128 128
    128 128 128 128 128 128 128 128 128 128 128 128 128 128 128 128 128
    128 128 128 128 128 128 128 128 128 128 128 128 128 128 128 128 128
    128 128 128 128 128 128 128 128 128 128 128 128 128 128 128 128 128
    128 128 128 128 128 128 128 128 128 128 128 128 128 128 128 128 128
    128 128 128 128 128 128 128 128 128 128 128 128 128 128 128 128 128
    128 128 128 128 128 128 128 128 128 128 128 128 128 128 128 128 128
    128 128 128 128 128 128 128 128 128 128 128 128 128 128 128 128 128
    128 128 128 128 128 128 128 128 128 128 128 128 128 128 128 128 128
    128 128 128 128 128 128 128 128 128 128 128 128 128 128 128 128 128
    128 128 128 128 128 128 128 128 128 128 128 128 128 128 128 128 128
    128 128 128 128 128 128 128 128 128 128 128 128 128 128 128 128 128
    128 128 128 128 128 128 128 128 128 128 128 128 128 128 128 128 128
    128 128 128 128 128 128 128 128 128 128 128 128 128 128 128 128 128
    128 128 128 128 128 128 128 128 128 128 128 128 128 128 128 128 128
    128 128 128 128 128 128 128 128 128 128 128 128 128 128 128 128 128
    128 128 128 128 128 128 128 128 128 128 128 128 128 128 128 128 128
    128 128 128 128 128 128 128 128 128 128 128 128 128 128 128 128 128
    128 128 128 128 128 128 128 128 128 128 128 128 128 128 128 128 128
    128 128 128 128 128 128 128 128 128 128 128 128 128 128 128 128 128
    128 128 128 128 128 128 128 128 128 128 128 128 128 128 128 128 128
    128 128 128 128 128 128 128 128 128 128 128 128 128 128 128 128 128
    128 128 128 128 128 128 128 128 128 128 128 128 128 128 128 128 128
    128 128 128 128 128 128 128 128 128 128 128 128 128 128 128 128 128
    128 128 128 128 128 128 128 128 128 128 128 128 128 128 128 128 128
    128 128 128 128 128 128 128 128 128 128 128 128 128 128 128 128 128
    128 128 128 128 128 128 128 128 128 128 128 128 128 128 128 128 128
    128 128 128 128 128 128 128 128 128 128 128 128 128 128 128 128 128
    128 128 128 128 128 128 128 128 128 128 128 128 128 128 128 128 128
    128 128 128 128 128 128 128 128 128 128 128 128 128 128 128 128 128
    128 128 128 128 128 128 128 128 128 128 128 128 128 128 128 128 128
    128 128 128 128 128 128 128 128 128 128 128 128 128 128 128 128 128
    128 128 128 128 128 128 128 128 128 128 128 128 128 128 128 128 128
    128 128 128 128 128 128 128 128 128</data></test_backg>
<my_img type_id="opencv-matrix">
  <rows>30</rows>
  <cols>20</cols>
  <dt>"3u"</dt>
  <data>
    128 174 50 187 77 192 194 250 242 188 115 188 175 184 79 1 69 172 88
    147 188 247 85 74 14 196 79 204 116 194 118 235 33 81 130 32 253 71
    235 125 32 242 208 214 154 240 198 65 128 128 128 183 129 167 199 86
    23 26 206 123 224 208 243 145 164 25 123 220 56 194 157 244 158 22
    219 128 128 128 101 186 176 152 102 187 169 100 30 199 68 20 110 187
    175 213 245 129 18 18 15 249 124 255 7 239 105 51 37 95 12 140 247
    96 61 181 11 248 124 125 150 71 67 157 116 240 233 144 71 94 44 70
    89 166 48 110 224 69 46 138 128 196 206 231 137 55 144 229 70 218
    156 0 215 37 96 20 177 185 228 146 29 228 15 111 35 19 107 69 59 45
    229 39 13 128 71 188 128 128 128 67 12 148 128 128 128 128 128 128
    113 19 214 121 148 132 196 1 111 247 131 135 209 103 223 193 196 70
    184 127 54 253 204 70 109 234 17 38 101 108 214 247 46 19 17 68 116
    160 188 128 128 128 248 229 54 201 59 67 182 112 113 128 128 128 1
    165 245 194 123 109 177 134 135 21 152 182 128 128 128 137 250 204
    158 28 33 24 242 173 3 161 169 110 93 12 79 28 44 45 17 59 26 94 107
    204 218 254 66 19 47 227 12 87 170 184 154 229 146 254 180 67 128 36
    25 152 90 7 65 231 231 27 6 193 157 173 32 109 88 53 59 115 227 202
    107 48 178 153 70 217 194 64 244 59 231 190 128 128 128 65 9 44 30
    191 162 74 132 239 89 29 58 139 255 6 201 66 143 168 82 161 172 42
    94 136 195 51 242 122 227 107 180 160 46 19 219 248 226 28 34 85 153
    95 112 129 74 7 145 148 59 208 54 220 136 59 65 195 184 139 149 128
    128 128 127 22 109 221 171 56 121 141 251 216 115 216 68 1 101 88 27
    43 17 133 86 220 179 239 210 113 111 245 166 63 126 10 33 106 102
    163 20 207 86 29 3 127 216 171 112 123 195 181 45 106 147 57 196 237
    128 128 128 38 137 88 203 38 59 251 207 205 31 58 107 153 101 179
    223 146 254 237 189 209 149 153 99 212 66 140 87 191 10 20 220 150
    214 214 90 88 76 180 149 85 161 79 244 144 231 150 243 7 94 203 72
    250 225 61 85 17 139 235 85 201 15 211 117 199 205 33 39 151 162 32
    120 180 46 66 193 11 203 110 119 186 38 246 221 111 88 46 8 77 204
    144 96 64 174 139 171 128 128 128 247 155 104 134 197 228 29 152 135
    189 116 39 26 60 150 175 157 67 197 21 66 95 194 136 12 188 200 248
    125 37 34 196 179 221 215 32 152 134 105 120 138 74 109 2 85 82 210
    216 128 128 128 107 8 10 128 128 128 3 69 88 24 68 146 219 56 167
    140 123 24 128 128 128 88 162 36 148 205 101 57 152 155 128 128 128
    177 122 236 229 249 37 62 111 187 203 89 208 108 6 48 148 73 152 250
    90 57 101 88 56 159 73 217 219 210 242 185 250 12 161 9 187 118 38
    190 60 91 198 182 100 28 48 37 209 49 181 156 229 149 214 15 108 191
    170 237 93 128 128 128 128 128 128 128 128 128 53 59 128 148 197 23
    128 128 128 27 28 48 128 128 128 149 8 250 74 34 195 81 56 46 142
    186 15 190 126 52 134 39 12 128 128 128 164 46 52 159 7 153 44 228
    227 167 6 52 93 11 80 177 10 189 219 247 177 178 23 138 3 172 240
    240 123 7 146 62 226 170 130 211 56 8 123 5 183 238 222 221 130 163
    95 237 128 128 128 70 11 194 184 232 28 221 243 54 147 18 153 223 55
    108 160 29 81 38 122 244 240 144 64 204 34 87 181 10 166 172 54 179
    170 67 35 124 174 185 128 128 128 113 172 75 223 208 232 139 241 47
    33 56 46 65 209 210 128 128 128 249 104 188 79 158 183 154 39 20 138
    65 238 128 128 128 128 128 128 128 128 128 225 226 54 176 52 51 163
    17 128 233 217 113 151 22 106 63 198 145 113 198 66 189 7 153 132 18
    43 128 128 128 185 4 233 137 172 34 214 8 254 192 213 213 160 101 15
    155 138 221 128 128 128 84 92 21 34 213 104 128 128 128 153 84 37
    247 105 148 128 84 219 194 234 51 170 201 92 62 68 230 202 212 250
    158 46 142 23 35 44 179 99 162 212 133 10 192 54 1 207 126 164 172
    17 88 149 25 200 29 125 140 199 132 110 128 128 128 223 54 75 76 115
    233 191 187 172 88 15 178 188 97 72 12 233 121 142 82 89 128 128 128
    148 43 105 97 84 246 165 169 16 128 128 128 187 16 240 96 131 117
    208 175 244 243 82 172 176 93 30 227 73 192 213 210 243 100 234 203
    240 48 114 168 190 72 48 14 26 166 30 212 219 212 150 65 18 56 204
    59 103 130 177 203 187 145 178 179 30 104 224 221 208 38 171 208 128
    128 128 128 128 128 51 165 182 215 86 4 206 117 204 198 17 120 114
    103 3 143 221 19 160 64 3 243 0 244 193 186 107 218 150 68 138 11
    203 33 165 240 221 160 170 70 27 78 158 86 57 128 128 128 92 181 239
    117 97 53 198 77 25 4 159 61 142 25 94 108 125 55 66 181 184 127 228
    216 92 44 94 52 119 95 204 83 15 242 247 71 200 253 62 29 43 70 156
    250 88 162 46 66 211 208 71 197 152 81 170 134 59 128 128 128 93 8
    173 128 128 128 58 178 165 115 131 165 128 128 128 71 0 75 246 82
    133 128 128 128 143 45 195 41 144 162 136 15 243 116 35 28 156 192
    121 14 0 43 235 71 39 128 128 128 224 210 205 170 138 250 138 138
    104 214 232 37 147 136 243 143 106 33 128 128 128 221 66 108 128 128
    128 228 61 206 128 128 128 142 230 20 193 60 118 167 18 137 224 67
    113 128 128 128 184 62 128 46 66 92 234 95 227 224 42 50 6 91 132 39
    14 214 126 33 150 199 127 191 128 128 128 115 211 246 80 169 130 67
    156 130 158 68 100 185 142 128 253 117 107 249 86 139 192 234 153
    143 111 45 128 128 128 93 201 222 217 243 75 116 126 173 181 252 213
    224 248 83 222 185 36 40 55 1 96 228 198 213 174 199 227 120 175 178
    61 82 26 64 206 8 30 177 254 96 111 129 93 247 128 128 128 147 69
    190 109 207 248 157 121 196 128 128 128 158 161 69 204 241 217 181
    194 36 191 199 206 158 196 100 249 126 124 95 241 173 245 184 255 61
    196 222 123 213 192 148 87 44 128 128 128 4 154 135 128 128 128 128
    128 128 216 213 26 240 220 17 128 128 128 57 76 90 173 110 238 3 233
    108 64 136 132 80 201 197 58 87 156 200 83 213 232 178 212 142 141
    177 116 107 109 225 108 39 141 156 116 31 240 225 6 152 230 100 53
    210 94 50 33 128 128 128 192 224 148 121 224 244 128 128 128 133 32
    220 46 146 165 128 128 128 199 244 250 128 128 128 115 215 252 119
    58 237 63 107 160 88 221 238 128 128 128 128 128 128 225 38 180 128
    128 128 229 211 181 26 152 161 153 111 74 218 204 227 106 155 217
    242 38 235 150 111 140 209 173 82 149 40 125 128 128 128 128 128 128
    153 84 142 72 68 93 44 56 181 201 228 115 18 195 244 50 63 234 207
    134 98 62 160 138 19 34 59 47 62 61 151 7 66 89 166 24 16 103 158 57
    145 119 226 118 199 118 164 85 84 108 157 128 128 128 195 82 176 57
    119 0 238 243 136 128 128 128 180 231 102 128 128 128 53 242 195 21
    74 206 150 72 44 227 251 176 193 244 232 32 18 9 223 62 223 35 144
    128 181 69 89 220 7 48 168 29 5 160 138 162 150 117 73 128 128 128
    224 54 222 212 194 239 128 128 128 93 11 114 142 12 90 154 79 167
    232 239 31 128 128 128 92 43 197 46 68 162 29 124 71 128 128 128 71
    34 243 249 21 157 243 73 143 174 207 11 83 110 133 139 6 134 193 166
    236 92 41 173 128 128 128 226 26 129 192 186 144 31 83 142 81 166
    252 173 66 150 128 128 128 58 107 84 75 184 254 9 88 134</data></my_img>
<your_img type_id="opencv-matrix">
  <rows>30</rows>
  <cols>20</cols>
  <dt>"3u"</dt>
  <data>
    79 182 174 151 153 192 34 57 250 150 99 188 87 146 184 12 254 172 18
    136 188 118 179 247 49 237 196 147 110 204 73 219 235 75 192 130 147
    183 253 167 221 242 87 71 214 97 186 240 128 128 128 141 75 183 109
    226 199 44 223 206 166 37 243 86 216 164 72 190 220 167 91 244 159
    229 219 128 128 128 34 117 186 162 116 187 105 210 169 112 229 199
    35 105 187 82 121 245 90 43 18 151 131 255 47 248 239 173 156 95 16
    243 247 171 169 181 46 244 248 80 134 150 44 146 157 92 102 240 76
    136 94 6 147 166 11 200 224 172 170 138 26 97 206 106 194 231 74 177
    229 99 255 218 130 211 215 29 227 185 102 223 228 134 238 228 175
    210 107 103 89 69 116 241 229 165 159 188 128 128 128 168 234 148
    128 128 128 128 128 128 166 232 214 48 47 148 137 254 196 121 120
    247 154 137 223 89 164 196 103 180 184 98 184 253 73 236 234 27 165
    108 85 208 247 179 191 68 18 98 188 128 128 128 93 199 248 122 180
    201 120 98 182 128 128 128 20 254 245 115 112 194 121 62 177 24 226
    182 128 128 128 42 115 250 121 210 158 40 230 242 29 250 169 95 227
    110 129 165 79 160 182 59 25 193 107 8 50 254 138 182 66 131 242 227
    76 42 184 157 108 254 136 160 180 177 213 152 141 235 90 90 225 231
    36 247 193 136 208 173 125 101 88 37 126 227 166 186 178 163 173 217
    158 188 244 37 190 231 128 128 128 139 220 65 35 215 191 11 176 239
    135 172 89 76 249 255 137 171 201 148 131 168 132 193 172 78 188 195
    146 126 242 38 103 180 176 233 219 93 226 248 13 198 153 15 67 129
    165 243 145 162 183 208 45 192 220 1 178 195 127 62 184 128 128 128
    145 211 127 99 190 221 5 132 251 150 119 216 160 252 101 128 177 88
    42 222 133 160 64 239 119 120 210 103 189 245 126 235 126 178 95 163
    49 230 207 174 249 127 103 123 216 36 94 195 18 177 147 23 194 237
    128 128 128 45 184 137 124 207 203 119 47 251 11 181 107 160 111 179
    159 108 254 133 52 237 88 90 153 135 176 212 73 242 191 40 232 220
    90 148 214 177 147 180 155 120 161 48 172 244 154 98 243 13 246 203
    34 182 250 79 204 85 71 163 235 152 237 211 28 109 205 2 199 151 140
    205 162 124 190 180 152 241 203 4 104 186 34 216 246 101 149 111 11
    245 204 108 142 144 147 51 174 128 128 128 109 148 247 20 105 228 34
    206 152 105 202 189 8 211 150 95 157 175 128 228 197 48 130 194 28
    240 200 107 217 248 33 211 196 91 218 221 101 79 152 82 118 138 143
    250 109 29 158 216 128 128 128 121 236 107 128 128 128 23 246 88 11
    213 146 140 190 219 94 211 140 128 128 128 72 198 162 74 129 205 29
    161 155 128 128 128 166 123 236 87 217 249 12 170 187 151 146 208
    132 241 108 152 133 152 115 197 250 99 114 101 162 169 217 172 34
    242 82 243 250 154 243 187 164 204 190 7 178 198 106 216 182 178 210
    209 36 186 181 144 89 229 16 235 191 76 155 237 128 128 128 128 128
    128 128 128 128 2 149 128 82 225 197 128 128 128 1 112 48 128 128
    128 163 247 250 173 211 195 111 110 81 82 234 186 104 185 190 113
    232 134 128 128 128 121 183 164 149 244 159 30 206 228 129 246 167
    145 225 93 152 241 189 78 72 247 142 222 178 21 252 240 105 248 240
    165 185 226 165 98 211 167 238 123 23 250 238 90 106 222 166 153 237
    128 128 128 170 241 194 83 224 232 86 198 243 151 225 153 129 192
    223 132 209 160 12 215 244 106 187 240 129 213 204 147 241 181 152
    178 179 113 203 170 25 84 185 128 128 128 72 144 172 161 26 232 74
    205 241 43 105 56 30 176 210 128 128 128 137 149 249 23 145 183 116
    222 154 167 185 238 128 128 128 128 128 128 128 128 128 90 194 226
    120 181 176 143 228 163 94 131 233 140 218 151 42 174 198 71 170 198
    144 246 189 127 220 132 128 128 128 156 251 233 82 205 172 155 247
    254 30 25 213 102 231 160 174 96 221 128 128 128 87 197 92 48 214
    213 128 128 128 108 193 153 129 147 247 170 157 219 83 199 234 81
    138 201 1 186 230 6 49 250 146 181 158 17 122 44 144 114 179 102 243
    212 112 254 192 134 100 207 134 230 172 159 223 200 26 202 140 113
    114 199 128 128 128 124 193 223 7 172 233 96 25 191 167 234 178 114
    157 188 45 242 233 124 108 142 128 128 128 138 181 148 178 168 246
    89 231 169 128 128 128 157 238 240 42 68 131 166 72 244 137 169 243
    107 212 176 143 173 227 177 35 243 37 146 234 130 204 240 84 158 190
    131 181 48 158 219 212 93 80 219 144 184 65 129 181 204 19 92 203
    144 57 187 135 212 179 96 18 224 23 208 208 128 128 128 128 128 128
    26 184 182 108 250 215 149 110 206 137 233 198 93 248 114 78 233 221
    108 250 160 150 255 244 92 114 193 104 175 218 160 241 203 19 220
    240 125 70 221 155 167 78 111 163 158 128 128 128 18 157 239 99 139
    117 111 223 198 49 249 159 138 210 142 83 143 125 29 164 184 34 113
    228 151 136 94 41 144 119 109 236 204 89 182 247 82 192 253 10 149
    70 73 165 250 125 183 162 91 169 211 102 150 197 100 167 170 128 128
    128 165 243 173 128 128 128 33 172 178 10 77 165 128 128 128 152 255
    75 129 170 246 128 128 128 160 196 195 26 190 162 164 239 243 118
    193 116 75 94 192 170 255 43 115 213 235 128 128 128 112 22 224 171
    114 250 90 63 138 87 214 232 177 112 243 100 196 143 128 128 128 128
    179 221 128 128 128 146 187 228 128 128 128 77 233 230 133 176 193
    144 228 167 129 179 224 128 128 128 136 169 184 13 127 92 148 151
    234 121 207 224 20 243 132 176 238 214 156 199 150 147 92 199 128
    128 128 22 136 246 43 134 169 39 145 156 131 145 158 113 79 185 118
    147 253 130 167 249 74 88 234 100 175 143 128 128 128 25 148 222 85
    176 243 5 84 173 46 72 252 86 170 248 96 214 222 82 250 55 37 148
    228 139 47 213 135 120 227 125 168 178 6 223 206 4 243 177 123 159
    254 173 159 247 128 128 128 161 162 190 21 143 248 166 98 196 128
    128 128 89 146 161 49 39 241 88 208 194 16 19 206 78 125 196 120 128
    249 44 154 241 154 71 255 25 185 222 37 108 213 108 179 148 128 128
    128 34 248 154 128 128 128 128 128 128 91 224 216 93 237 240 128 128
    128 17 93 90 165 137 238 46 252 233 32 135 136 31 153 201 9 160 156
    153 156 213 139 59 232 179 52 177 127 20 116 109 211 225 79 65 156
    32 222 240 20 248 230 171 191 210 112 165 94 128 128 128 77 87 224
    25 129 244 128 128 128 164 218 220 25 184 165 128 128 128 26 52 250
    128 128 128 22 139 252 170 193 237 14 155 160 27 161 238 128 128 128
    128 128 128 143 212 225 128 128 128 101 53 229 28 214 161 106 132
    153 162 26 227 13 130 217 149 215 242 142 66 150 99 155 209 143 187
    149 128 128 128 128 128 128 145 115 153 175 69 93 3 193 181 83 126
    228 24 236 244 2 201 234 110 134 207 37 156 160 11 173 59 32 62 62
    132 243 151 74 218 166 18 229 158 39 155 145 143 122 226 73 123 164
    10 119 157 128 128 128 145 148 195 74 255 119 89 112 243 128 128 128
    78 142 231 128 128 128 37 199 242 9 229 206 112 180 150 80 76 251 37
    53 244 108 183 32 150 184 223 34 193 144 125 158 181 126 247 220 116
    247 168 153 38 162 103 131 150 128 128 128 150 194 224 168 48 239
    128 128 128 156 230 114 138 233 142 154 134 167 89 222 239 128 128
    128 170 199 197 6 183 162 47 195 124 128 128 128 175 219 243 138 234
    249 132 178 243 85 241 207 16 96 133 149 244 139 168 76 236 168 195
    173 128 128 128 135 226 226 94 64 192 14 199 142 15 173 252 144 158
    173 128 128 128 44 117 107 18 180 254 19 238 134</data></your_img>
</opencv_storage>
