<?xml version="1.0"?>
<opencv_storage>
<L2_diff>3.9169642581979224e+03</L2_diff>
<hue>60</hue>
<sensitivity>10</sensitivity>
<test_foreg type_id="opencv-matrix">
  <rows>30</rows>
  <cols>20</cols>
  <dt>"3u"</dt>
  <data>
    27 0 65 49 132 112 13 10 80 155 72 87 82 131 85 63 76 202 241 160
    187 208 203 112 12 142 197 91 121 144 251 253 116 138 119 83 168 219
    12 230 102 5 187 20 241 18 148 37 177 63 133 240 61 176 213 53 237
    28 192 29 104 31 56 95 223 235 199 3 201 101 61 230 3 81 228 132 231
    207 64 51 27 138 165 131 61 80 56 127 215 175 230 21 53 17 74 26 169
    17 212 84 171 78 50 125 203 165 186 174 244 182 196 239 172 149 235
    127 32 76 235 119 182 62 141 229 39 120 216 201 215 113 30 209 40 70
    219 0 62 123 83 163 174 108 2 15 235 216 82 115 222 106 130 163 208
    214 226 158 1 168 173 233 110 10 19 51 49 9 115 95 119 102 162 35
    202 24 208 13 232 59 251 239 161 18 120 19 254 202 58 168 13 76 47
    102 181 155 151 58 235 50 197 247 255 62 11 89 172 117 210 76 247 13
    103 79 40 248 180 246 43 168 224 189 15 153 160 69 63 110 72 190 50
    125 124 222 49 130 26 205 232 184 48 157 15 104 101 3 133 252 82 21
    70 96 235 236 8 129 84 221 40 209 233 185 252 77 125 190 238 10 90
    235 96 5 9 253 140 214 71 150 202 233 153 8 142 13 221 165 60 173 41
    229 10 47 58 116 32 210 37 44 27 186 81 128 0 72 158 189 11 194 117
    210 125 30 57 227 67 184 222 91 30 180 201 212 7 37 1 13 185 61 110
    166 105 72 80 151 105 112 94 32 140 60 187 189 33 2 146 119 108 53
    162 88 121 231 133 106 176 235 120 118 71 93 122 75 176 147 53 116
    141 15 182 99 185 207 131 41 172 183 178 79 115 169 152 53 61 245 19
    138 215 84 154 194 77 251 164 247 118 73 73 166 119 165 116 42 47
    167 20 102 67 56 50 207 38 100 50 167 129 143 248 66 37 181 21 168
    139 194 242 162 72 0 235 105 15 96 5 116 171 111 194 46 242 108 94
    152 146 199 183 228 109 117 10 34 78 104 111 187 140 204 228 195 113
    119 64 206 169 132 122 151 248 14 175 113 245 175 140 165 34 91 19
    243 116 253 230 248 158 178 76 184 216 122 81 210 166 67 144 231 232
    216 152 23 176 72 127 9 192 208 70 18 234 15 244 129 221 61 255 33
    99 126 76 216 195 231 49 43 143 31 80 191 25 147 105 235 71 103 174
    42 85 14 130 51 206 243 237 86 221 238 56 44 2 214 71 243 152 60 241
    13 14 250 44 235 2 85 108 187 94 229 166 246 49 170 25 101 156 89 15
    41 102 185 174 25 117 185 112 42 28 29 210 84 234 172 130 4 221 203
    207 69 12 35 183 93 27 153 91 255 84 10 79 150 239 217 96 82 242 185
    162 103 72 18 180 124 22 220 81 38 33 109 166 25 120 208 251 84 73
    32 220 89 167 122 117 159 188 222 65 247 195 177 154 172 66 99 139
    39 162 255 114 119 22 117 144 34 4 16 43 203 129 172 96 137 192 165
    63 241 141 100 13 89 19 217 12 233 230 217 122 60 153 155 168 48 179
    59 15 216 11 241 234 156 153 236 157 199 3 221 123 232 105 53 158 8
    162 63 30 67 87 136 3 243 115 228 91 242 116 253 227 140 56 202 124
    86 86 78 123 47 110 159 36 117 230 249 50 183 195 48 212 159 32 15
    201 230 138 25 145 24 207 72 77 235 10 139 240 158 249 109 205 6 28
    248 244 151 209 54 1 225 151 231 8 203 89 84 66 128 146 156 255 103
    92 151 214 93 105 221 103 107 216 95 132 236 10 125 139 172 81 141
    158 9 97 178 24 151 110 117 37 91 162 118 119 20 146 35 204 121 242
    165 129 248 68 252 230 148 118 71 75 10 114 15 2 250 48 42 23 215 16
    28 120 48 105 251 14 144 153 200 166 49 243 47 112 145 19 182 223
    117 17 39 220 225 180 1 50 125 111 223 237 224 186 24 107 196 70 7
    163 54 9 189 224 134 168 83 20 160 45 89 72 246 187 54 158 190 199
    133 48 48 122 166 114 18 243 158 156 101 30 209 70 33 2 168 141 152
    246 45 68 38 63 238 232 15 146 49 216 129 251 252 248 95 67 137 61
    241 24 62 10 69 98 13 65 26 55 112 200 172 71 44 56 66 167 36 87 164
    220 211 227 43 32 119 85 180 137 154 215 147 141 118 197 149 120 161
    159 138 18 23 114 179 10 212 59 197 61 27 207 99 211 114 229 136 54
    110 20 31 198 92 117 17 142 174 83 212 14 192 165 61 98 142 22 35
    134 75 215 77 75 79 158 212 48 241 201 253 231 253 38 171 142 83 239
    17 193 252 27 244 224 165 185 152 238 168 61 129 195 76 104 155 113
    36 19 177 145 164 89 88 47 228 137 193 128 206 222 231 220 17 189
    197 45 8 72 61 23 216 204 154 65 74 167 244 44 207 91 20 121 191 198
    213 229 64 84 160 12 144 11 120 25 150 149 215 207 116 115 225 181
    231 173 140 221 183 144 247 82 243 143 130 182 181 247 5 196 66 88
    141 245 217 73 251 166 194 135 228 5 144 27 24 150 169 156 192 125
    77 254 62 61 211 112 178 103 203 49 235 117 66 253 244 220 80 117 25
    21 62 144 80 224 127 127 165 142 77 174 139 212 111 59 35 89 203 48
    201 17 170 156 31 128 77 43 231 137 31 209 247 132 102 63 232 11 0
    235 161 50 46 30 192 120 227 92 152 49 25 109 212 20 165 207 187 55
    120 221 112 212 159 204 161 232 184 107 150 217 59 181 102 79 219
    125 157 102 30 196 182 87 141 61 223 209 104 180 71 154 210 126 173
    178 78 212 27 78 186 197 166 76 1 244 126 161 72 117 229 181 233 101
    164 16 143 105 143 182 53 206 192 41 64 175 89 249 221 182 131 181
    241 58 12 17 52 11 153 14 189 157 163 243 139 32 15 194 194 218 164
    4 232 69 246 112 90 77 64 159 139 95 29 189 204 53 187 132 235 69
    181 41 184 213 169 24 171 112 2 165 14 42 170 221 33 71 94 0 170 69
    67 201 228 226 194 181 207 9 162 240 42 60 82 178 29 38 41 44 165
    133 103 201 148 211 39 205 164 167 26 159 139 89 44 110 242 119 218
    191 188 131 79 90 135 254 91 140 102 138 210 209 127 185 244 4 6 70
    4 79 20 92 135 205 60 9 113 181 94 149 14 250 161 157 105 234 81 118
    48 181 140 77 229 74 29 251 25 255 169 180 227 47 244 190 185 18 29
    68 150 28 19 116 129 39 196 135 87 175 62 74 119 34 82 22 169 121
    209 173 214 51 119 138 3 192 235 59 61 108 121 49 152 9 184 216 208
    8 72 111 141 186 144 177 211 38 104 212 70 73 50 53 39 108 128 44
    119 49 6 0 62 97 207 4 224 199 252 96 217 133 245 191 213 10 206 248
    171 44 205 34 35 21 164 75 153 189 241 165 24 66 196 33 77 35 13 92
    102 164 219 21 7 99 133 105 11 196 108 240 2 66 24 193 198 63 28 4
    91 95 189 82 225 76 167 26 199 244 222 240 187 48 48 192 124 217 82
    52 68 184 57 117 250 181 252 81 212 186 113 88 123 101 94 25 0 155
    247 245 90 200 54 154 195 102 73 162 218 173 35 129 234 98 165 109
    77 229 134 194 243 25 56 52 21 213 169 67 248 184 215 76 21 105 154
    115 211 59 90 185 195 36 176 179 124 39 211 202 82 160 71 26 227 191
    168 98 249 44 37 87 80 244 202 112 142 18 154 216 206 45 132 153 188
    87 157 196 163 48 53 211 37 11 169 112 93 145 212 40 158 76 167 23
    26 33 164 177 143 70 140 213 196 10 56 40 38 252 170 147 68 203 138
    232 33 113 245 54 83 55 245 192 128 163 177 152 151 55 200 160 20
    118 140 63 28 30 252 215 162 207 1 182 25 122 173 169 251 65 164 171
    108 182 61 67 247 131 250 168 146 27 207 125 145 16 139 222 3 130
    133 126 124 15 9 81 153 56 140 21 143 56 153 133 66 175 241 0 195
    225 2 19 62 152 82 83 49 108 203 203 245 209 164 9 73 121 140 230
    238</data></test_foreg>
<test_backg type_id="opencv-matrix">
  <rows>30</rows>
  <cols>20</cols>
  <dt>"3u"</dt>
  <data>
    128 128 128 128 128 128 128 128 128 128 128 128 128 128 128 128 128
    128 128 128 128 128 128 128 128 128 128 128 128 128 128 128 128 128
    128 128 128 128 128 128 128 128 128 128 128 128 128 128 128 128 128
    128 128 128 128 128 128 128 128 128 128 128 128 128 128 128 128 128
    128 128 128 128 128 128 128 128 128 128 128 128 128 128 128 128 128
    128 128 128 128 128 128 128 128 128 128 128 128 128 128 128 128 128
    128 128 128 128 128 128 128 128 128 128 128 128 128 128 128 128 128
    128 128 128 128 128 128 128 128 128 128 128 128 128 128 128 128 128
    128 128 128 128 128 128 128 128 128 128 128 128 128 128 128 128 128
    128 128 128 128 128 128 128 128 128 128 128 128 128 128 128 128 128
    128 128 128 128 128 128 128 128 128 128 128 128 128 128 128 128 128
    128 128 128 128 128 128 128 128 128 128 128 128 128 128 128 128 128
    128 128 128 128 128 128 128 128 128 128 128 128 128 128 128 128 128
    128 128 128 128 128 128 128 128 128 128 128 128 128 128 128 128 128
    128 128 128 128 128 128 128 128 128 128 128 128 128 128 128 128 128
    128 128 128 128 128 128 128 128 128 128 128 128 128 128 128 128 128
    128 128 128 128 128 128 128 128 128 128 128 128 128 128 128 128 128
    128 128 128 128 128 128 128 128 128 128 128 128 128 128 128 128 128
    128 128 128 128 128 128 128 128 128 128 128 128 128 128 128 128 128
    128 128 128 128 128 128 128 128 128 128 128 128 128 128 128 128 128
    128 128 128 128 128 128 128 128 128 128 128 128 128 128 128 128 128
    128 128 128 128 128 128 128 128 128 128 128 128 128 128 128 128 128
    128 128 128 128 128 128 128 128 128 128 128 128 128 128 128 128 128
    128 128 128 128 128 128 128 128 128 128 128 128 128 128 128 128 128
    128 128 128 128 128 128 128 128 128 128 128 128 128 128 128 128 128
    128 128 128 128 128 128 128 128 128 128 128 128 128 128 128 128 128
    128 128 128 128 128 128 128 128 128 128 128 128 128 128 128 128 128
    128 128 128 128 128 128 128 128 128 128 128 128 128 128 128 128 128
    128 128 128 128 128 128 128 128 128 128 128 128 128 128 128 128 128
    128 128 128 128 128 128 128 128 128 128 128 128 128 128 128 128 128
    128 128 128 128 128 128 128 128 128 128 128 128 128 128 128 128 128
    128 128 128 128 128 128 128 128 128 128 128 128 128 128 128 128 128
    128 128 128 128 128 128 128 128 128 128 128 128 128 128 128 128 128
    128 128 128 128 128 128 128 128 128 128 128 128 128 128 128 128 128
    128 128 128 128 128 128 128 128 128 128 128 128 128 128 128 128 128
    128 128 128 128 128 128 128 128 128 128 128 128 128 128 128 128 128
    128 128 128 128 128 128 128 128 128 128 128 128 128 128 128 128 128
    128 128 128 128 128 128 128 128 128 128 128 128 128 128 128 128 128
    128 128 128 128 128 128 128 128 128 128 128 128 128 128 128 128 128
    128 128 128 128 128 128 128 128 128 128 128 128 128 128 128 128 128
    128 128 128 128 128 128 128 128 128 128 128 128 128 128 128 128 128
    128 128 128 128 128 128 128 128 128 128 128 128 128 128 128 128 128
    128 128 128 128 128 128 128 128 128 128 128 128 128 128 128 128 128
    128 128 128 128 128 128 128 128 128 128 128 128 128 128 128 128 128
    128 128 128 128 128 128 128 128 128 128 128 128 128 128 128 128 128
    128 128 128 128 128 128 128 128 128 128 128 128 128 128 128 128 128
    128 128 128 128 128 128 128 128 128 128 128 128 128 128 128 128 128
    128 128 128 128 128 128 128 128 128 128 128 128 128 128 128 128 128
    128 128 128 128 128 128 128 128 128 128 128 128 128 128 128 128 128
    128 128 128 128 128 128 128 128 128 128 128 128 128 128 128 128 128
    128 128 128 128 128 128 128 128 128 128 128 128 128 128 128 128 128
    128 128 128 128 128 128 128 128 128 128 128 128 128 128 128 128 128
    128 128 128 128 128 128 128 128 128 128 128 128 128 128 128 128 128
    128 128 128 128 128 128 128 128 128 128 128 128 128 128 128 128 128
    128 128 128 128 128 128 128 128 128 128 128 128 128 128 128 128 128
    128 128 128 128 128 128 128 128 128 128 128 128 128 128 128 128 128
    128 128 128 128 128 128 128 128 128 128 128 128 128 128 128 128 128
    128 128 128 128 128 128 128 128 128 128 128 128 128 128 128 128 128
    128 128 128 128 128 128 128 128 128 128 128 128 128 128 128 128 128
    128 128 128 128 128 128 128 128 128 128 128 128 128 128 128 128 128
    128 128 128 128 128 128 128 128 128 128 128 128 128 128 128 128 128
    128 128 128 128 128 128 128 128 128 128 128 128 128 128 128 128 128
    128 128 128 128 128 128 128 128 128 128 128 128 128 128 128 128 128
    128 128 128 128 128 128 128 128 128 128 128 128 128 128 128 128 128
    128 128 128 128 128 128 128 128 128 128 128 128 128 128 128 128 128
    128 128 128 128 128 128 128 128 128 128 128 128 128 128 128 128 128
    128 128 128 128 128 128 128 128 128 128 128 128 128 128 128 128 128
    128 128 128 128 128 128 128 128 128 128 128 128 128 128 128 128 128
    128 128 128 128 128 128 128 128 128 128 128 128 128 128 128 128 128
    128 128 128 128 128 128 128 128 128 128 128 128 128 128 128 128 128
    128 128 128 128 128 128 128 128 128 128 128 128 128 128 128 128 128
    128 128 128 128 128 128 128 128 128 128 128 128 128 128 128 128 128
    128 128 128 128 128 128 128 128 128 128 128 128 128 128 128 128 128
    128 128 128 128 128 128 128 128 128 128 128 128 128 128 128 128 128
    128 128 128 128 128 128 128 128 128 128 128 128 128 128 128 128 128
    128 128 128 128 128 128 128 128 128 128 128 128 128 128 128 128 128
    128 128 128 128 128 128 128 128 128 128 128 128 128 128 128 128 128
    128 128 128 128 128 128 128 128 128 128 128 128 128 128 128 128 128
    128 128 128 128 128 128 128 128 128 128 128 128 128 128 128 128 128
    128 128 128 128 128 128 128 128 128 128 128 128 128 128 128 128 128
    128 128 128 128 128 128 128 128 128 128 128 128 128 128 128 128 128
    128 128 128 128 128 128 128 128 128 128 128 128 128 128 128 128 128
    128 128 128 128 128 128 128 128 128 128 128 128 128 128 128 128 128
    128 128 128 128 128 128 128 128 128 128 128 128 128 128 128 128 128
    128 128 128 128 128 128 128 128 128 128 128 128 128 128 128 128 128
    128 128 128 128 128 128 128 128 128 128 128 128 128 128 128 128 128
    128 128 128 128 128 128 128 128 128 128 128 128 128 128 128 128 128
    128 128 128 128 128 128 128 128 128 128 128 128 128 128 128 128 128
    128 128 128 128 128 128 128 128 128 128 128 128 128 128 128 128 128
    128 128 128 128 128 128 128 128 128 128 128 128 128 128 128 128 128
    128 128 128 128 128 128 128 128 128 128 128 128 128 128 128 128 128
    128 128 128 128 128 128 128 128 128 128 128 128 128 128 128 128 128
    128 128 128 128 128 128 128 128 128 128 128 128 128 128 128 128 128
    128 128 128 128 128 128 128 128 128 128 128 128 128 128 128 128 128
    128 128 128 128 128 128 128 128 128 128 128 128 128 128 128 128 128
    128 128 128 128 128 128 128 128 128 128 128 128 128 128 128 128 128
    128 128 128 128 128 128 128 128 128 128 128 128 128 128 128 128 128
    128 128 128 128 128 128 128 128 128 128 128 128 128 128 128 128 128
    128 128 128 128 128 128 128 128 128 128 128 128 128 128 128 128 128
    128 128 128 128 128 128 128 128 128 128 128 128 128 128 128 128 128
    128 128 128 128 128 128 128 128 128 128 128 128 128 128 128 128 128
    128 128 128 128 128 128 128 128 128 128 128 128 128 128 128 128 128
    128 128 128 128 128 128 128 128 128 128 128 128 128 128 128 128 128
    128 128 128 128 128 128 128 128 128 128 128 128 128 128 128 128 128
    128 128 128 128 128 128 128 128 128 128 128 128 128 128 128 128 128
    128 128 128 128 128 128 128 128 128 128 128 128 128 128 128</data></test_backg>
<my_img type_id="opencv-matrix">
  <rows>30</rows>
  <cols>20</cols>
  <dt>"3u"</dt>
  <data>
    27 0 65 49 132 112 13 10 80 155 72 87 128 128 128 63 76 202 241 160
    187 208 203 112 12 142 197 91 121 144 251 253 116 138 119 83 168 219
    12 230 102 5 187 20 241 128 128 128 177 63 133 240 61 176 213 53 237
    128 128 128 104 31 56 95 223 235 199 3 201 101 61 230 3 81 228 132
    231 207 64 51 27 128 128 128 128 128 128 127 215 175 230 21 53 128
    128 128 169 17 212 128 128 128 50 125 203 165 186 174 244 182 196
    239 172 149 235 127 32 128 128 128 182 62 141 229 39 120 216 201 215
    113 30 209 40 70 219 0 62 123 83 163 174 108 2 15 235 216 82 128 128
    128 130 163 208 214 226 158 1 168 173 233 110 10 19 51 49 9 115 95
    119 102 162 128 128 128 208 13 232 59 251 239 161 18 120 19 254 202
    128 128 128 76 47 102 181 155 151 128 128 128 197 247 255 62 11 89
    172 117 210 128 128 128 103 79 40 248 180 246 43 168 224 189 15 153
    160 69 63 110 72 190 50 125 124 222 49 130 26 205 232 184 48 157 15
    104 101 3 133 252 82 21 70 96 235 236 8 129 84 221 40 209 233 185
    252 77 125 190 238 10 90 235 96 5 9 253 140 214 71 150 202 233 153
    128 128 128 221 165 60 173 41 229 10 47 58 116 32 210 37 44 27 186
    81 128 0 72 158 189 11 194 128 128 128 30 57 227 67 184 222 91 30
    180 201 212 7 37 1 13 185 61 110 166 105 72 80 151 105 112 94 32 140
    60 187 189 33 2 146 119 108 128 128 128 128 128 128 106 176 235 120
    118 71 93 122 75 176 147 53 116 141 15 182 99 185 207 131 41 172 183
    178 79 115 169 152 53 61 245 19 138 215 84 154 194 77 251 164 247
    118 73 73 166 128 128 128 42 47 167 20 102 67 56 50 207 128 128 128
    167 129 143 248 66 37 181 21 168 139 194 242 162 72 0 235 105 15 96
    5 116 171 111 194 128 128 128 94 152 146 199 183 228 109 117 10 34
    78 104 111 187 140 128 128 128 113 119 64 206 169 132 122 151 248 14
    175 113 245 175 140 165 34 91 19 243 116 253 230 248 158 178 76 184
    216 122 81 210 166 67 144 231 232 216 152 128 128 128 127 9 192 208
    70 18 234 15 244 129 221 61 255 33 99 126 76 216 195 231 49 128 128
    128 128 128 128 147 105 235 71 103 174 42 85 14 130 51 206 243 237
    86 221 238 56 44 2 214 71 243 152 128 128 128 128 128 128 235 2 85
    128 128 128 229 166 246 128 128 128 128 128 128 15 41 102 185 174 25
    128 128 128 42 28 29 210 84 234 172 130 4 221 203 207 69 12 35 183
    93 27 153 91 255 84 10 79 150 239 217 96 82 242 185 162 103 72 18
    180 124 22 220 81 38 33 109 166 25 120 208 251 84 73 32 220 89 167
    122 117 159 188 222 65 247 195 177 154 172 66 99 139 39 128 128 128
    119 22 117 144 34 4 16 43 203 129 172 96 137 192 165 63 241 141 100
    13 89 128 128 128 233 230 217 122 60 153 155 168 48 179 59 15 216 11
    241 234 156 153 236 157 199 3 221 123 232 105 53 158 8 162 63 30 67
    87 136 3 243 115 228 128 128 128 253 227 140 56 202 124 86 86 78 123
    47 110 159 36 117 230 249 50 183 195 48 212 159 32 15 201 230 138 25
    145 128 128 128 128 128 128 128 128 128 249 109 205 6 28 248 244 151
    209 54 1 225 151 231 8 203 89 84 66 128 146 128 128 128 92 151 214
    93 105 221 103 107 216 95 132 236 10 125 139 172 81 141 158 9 97 178
    24 151 110 117 37 91 162 118 119 20 146 35 204 121 242 165 129 248
    68 252 230 148 118 71 75 10 114 15 2 250 48 42 128 128 128 128 128
    128 105 251 14 144 153 200 166 49 243 47 112 145 19 182 223 117 17
    39 220 225 180 1 50 125 111 223 237 224 186 24 128 128 128 128 128
    128 9 189 224 134 168 83 128 128 128 89 72 246 187 54 158 190 199
    133 48 48 122 166 114 18 243 158 156 101 30 209 70 33 2 168 141 152
    246 45 68 38 63 238 232 15 146 49 216 129 251 252 248 95 67 137 128
    128 128 62 10 69 98 13 65 26 55 112 200 172 71 44 56 66 167 36 87
    164 220 211 227 43 32 119 85 180 137 154 215 147 141 118 197 149 120
    161 159 138 18 23 114 179 10 212 128 128 128 27 207 99 211 114 229
    136 54 110 20 31 198 92 117 17 142 174 83 212 14 192 165 61 98 142
    22 35 134 75 215 77 75 79 158 212 48 241 201 253 231 253 38 171 142
    83 239 17 193 252 27 244 224 165 185 128 128 128 61 129 195 76 104
    155 113 36 19 177 145 164 89 88 47 228 137 193 128 206 222 231 220
    17 189 197 45 8 72 61 23 216 204 154 65 74 167 244 44 207 91 20 121
    191 198 213 229 64 84 160 12 144 11 120 25 150 149 215 207 116 115
    225 181 231 173 140 221 183 144 247 82 243 143 130 182 181 247 5 196
    66 88 141 245 217 73 251 166 194 135 228 128 128 128 24 150 169 156
    192 125 128 128 128 128 128 128 178 103 203 49 235 117 66 253 244
    220 80 117 25 21 62 144 80 224 127 127 165 142 77 174 128 128 128 59
    35 89 203 48 201 17 170 156 31 128 77 43 231 137 31 209 247 132 102
    63 232 11 0 235 161 50 46 30 192 128 128 128 152 49 25 109 212 20
    165 207 187 55 120 221 112 212 159 204 161 232 184 107 150 217 59
    181 102 79 219 125 157 102 30 196 182 128 128 128 223 209 104 180 71
    154 210 126 173 178 78 212 27 78 186 197 166 76 1 244 126 161 72 117
    229 181 233 101 164 16 143 105 143 182 53 206 192 41 64 175 89 249
    221 182 131 181 241 58 12 17 52 128 128 128 189 157 163 243 139 32
    15 194 194 218 164 4 232 69 246 112 90 77 64 159 139 95 29 189 204
    53 187 132 235 69 181 41 184 213 169 24 171 112 2 165 14 42 170 221
    33 71 94 0 170 69 67 201 228 226 194 181 207 9 162 240 42 60 82 178
    29 38 41 44 165 133 103 201 148 211 39 205 164 167 26 159 139 89 44
    110 242 119 218 191 188 131 79 90 135 254 91 140 102 138 210 209 127
    185 244 4 6 70 4 79 20 92 135 205 60 9 128 128 128 149 14 250 161
    157 105 234 81 118 48 181 140 128 128 128 128 128 128 255 169 180
    227 47 244 190 185 18 29 68 150 28 19 116 129 39 196 135 87 175 62
    74 119 128 128 128 169 121 209 173 214 51 119 138 3 192 235 59 61
    108 121 128 128 128 184 216 208 8 72 111 128 128 128 177 211 38 128
    128 128 73 50 53 39 108 128 128 128 128 6 0 62 97 207 4 224 199 252
    128 128 128 245 191 213 10 206 248 171 44 205 34 35 21 164 75 153
    128 128 128 24 66 196 128 128 128 13 92 102 164 219 21 7 99 133 105
    11 196 108 240 2 66 24 193 198 63 28 4 91 95 189 82 225 76 167 26
    199 244 222 240 187 48 48 192 124 217 82 52 128 128 128 117 250 181
    252 81 212 186 113 88 123 101 94 25 0 155 247 245 90 200 54 154 195
    102 73 128 128 128 35 129 234 128 128 128 77 229 134 194 243 25 56
    52 21 213 169 67 248 184 215 76 21 105 154 115 211 59 90 185 195 36
    176 179 124 39 211 202 82 160 71 26 227 191 168 128 128 128 37 87 80
    244 202 112 142 18 154 216 206 45 132 153 188 87 157 196 163 48 53
    211 37 11 169 112 93 145 212 40 158 76 167 23 26 33 164 177 143 70
    140 213 196 10 56 40 38 252 170 147 68 203 138 232 33 113 245 128
    128 128 245 192 128 163 177 152 151 55 200 160 20 118 140 63 28 30
    252 215 162 207 1 182 25 122 173 169 251 65 164 171 108 182 61 67
    247 131 250 168 146 27 207 125 145 16 139 222 3 130 133 126 124 15 9
    81 153 56 140 128 128 128 153 133 66 175 241 0 195 225 2 19 62 152
    82 83 49 108 203 203 245 209 164 9 73 121 140 230 238</data></my_img>
<your_img type_id="opencv-matrix">
  <rows>30</rows>
  <cols>20</cols>
  <dt>"3u"</dt>
  <data>
    168 255 65 37 160 132 179 223 80 125 137 155 128 128 128 3 175 202
    130 86 241 92 118 208 21 239 197 17 94 144 90 138 253 100 102 138 83
    241 219 107 249 230 157 234 241 128 128 128 138 164 177 139 190 240
    154 198 237 128 128 128 130 179 104 27 152 235 150 251 201 173 187
    230 10 252 228 37 109 231 101 147 64 128 128 128 128 128 128 44 104
    215 125 232 230 128 128 128 157 235 212 128 128 128 15 192 203 47 29
    186 127 65 244 112 96 239 106 220 235 128 128 128 140 168 182 133
    212 229 148 18 216 166 218 209 5 208 219 15 255 123 26 133 174 124
    250 108 94 166 235 128 128 128 13 96 208 85 77 226 29 254 173 107
    244 233 32 160 51 36 235 115 172 94 162 128 128 128 153 241 232 32
    195 251 141 226 161 37 236 254 128 128 128 164 138 102 116 42 181
    128 128 128 26 58 255 160 223 89 162 113 210 128 128 128 101 156 103
    149 70 248 21 206 224 144 235 189 118 155 160 170 158 190 30 153 125
    134 199 222 26 226 232 144 188 184 31 218 104 16 252 252 144 190 82
    30 151 236 41 239 129 148 209 221 159 68 252 13 152 190 131 244 238
    108 250 235 44 246 253 137 170 214 78 88 233 128 128 128 100 186 221
    159 209 229 23 211 58 166 216 210 78 99 44 133 144 186 14 255 158
    151 241 194 128 128 128 4 221 227 23 178 222 168 213 180 88 247 212
    130 248 37 132 171 185 109 144 166 49 120 151 97 182 112 161 173 187
    115 252 189 111 66 146 128 128 128 128 128 128 16 140 235 91 104 120
    71 98 122 97 178 176 84 228 141 151 119 185 104 205 207 44 15 183 12
    136 169 122 166 152 136 235 245 136 155 215 160 177 251 71 133 247 0
    143 166 128 128 128 1 191 167 43 205 102 179 193 207 128 128 128 131
    58 167 116 217 248 148 225 181 16 109 242 107 255 162 108 239 235
    155 244 116 158 109 194 128 128 128 33 97 152 169 50 228 88 233 117
    19 172 104 49 104 187 128 128 128 87 118 119 105 92 206 7 130 248 42
    235 175 110 109 245 133 202 165 47 235 243 143 23 253 84 146 178 80
    111 216 40 157 210 14 181 231 96 88 232 128 128 128 161 243 192 112
    233 208 151 239 244 73 185 221 129 222 255 169 165 216 84 201 231
    128 128 128 128 128 128 170 141 235 9 151 174 72 213 85 165 192 206
    91 165 243 87 195 238 174 253 214 46 180 243 128 128 128 128 128 128
    131 253 235 128 128 128 156 83 246 128 128 128 128 128 128 9 218 102
    92 221 185 128 128 128 122 85 42 155 163 234 97 249 172 127 21 221
    132 211 69 107 217 183 169 164 255 148 225 84 37 95 239 177 169 242
    98 113 185 170 230 180 165 230 220 117 151 81 78 217 166 20 133 251
    96 158 84 138 152 220 176 67 159 84 180 222 112 72 247 85 157 172 78
    183 139 128 128 128 149 208 119 114 248 144 4 235 203 73 113 172 45
    73 192 47 188 241 146 222 100 128 128 128 96 18 233 160 155 153 87
    182 168 112 234 179 153 243 241 119 88 234 136 85 236 44 252 221 111
    197 232 151 242 162 153 141 67 79 249 136 146 134 243 128 128 128 97
    114 253 46 184 202 90 24 86 145 158 123 140 197 159 87 204 249 88
    192 195 99 217 212 26 238 230 152 211 145 128 128 128 128 128 128
    128 128 128 141 143 249 3 249 248 139 97 244 173 254 225 79 246 231
    119 149 203 23 140 146 128 128 128 15 145 214 3 148 221 1 133 216 8
    152 236 27 237 139 140 135 172 138 240 158 145 221 178 87 174 117 49
    112 162 156 220 146 45 211 204 110 119 242 151 186 252 112 124 230
    88 221 75 117 251 114 119 212 250 128 128 128 128 128 128 71 241 251
    5 71 200 162 204 243 20 172 145 24 233 223 127 218 117 87 51 225 12
    253 125 27 136 237 96 228 224 128 128 128 128 128 128 25 245 224 78
    129 168 128 128 128 177 180 246 143 181 187 86 85 199 0 155 122 101
    227 166 119 91 243 168 218 209 106 248 70 132 41 168 123 208 246 4
    214 238 138 239 232 46 197 216 83 4 252 168 130 137 128 128 128 154
    218 69 138 221 98 10 196 112 97 164 200 16 85 66 132 200 167 35 65
    220 118 219 227 169 135 180 7 93 215 96 50 147 109 100 197 93 36 161
    2 215 114 155 243 212 128 128 128 48 222 207 155 128 229 141 154 136
    2 229 198 83 218 117 79 133 174 147 238 212 131 161 165 123 215 142
    167 166 215 165 13 79 80 197 212 157 52 253 87 217 253 100 131 171
    144 237 239 149 228 252 130 67 224 128 128 128 15 175 195 11 130 155
    115 212 113 138 46 177 91 120 89 138 102 228 25 108 222 92 236 231
    88 197 197 35 227 72 32 228 216 123 147 154 78 209 244 109 230 207
    27 99 198 87 184 229 75 236 160 145 236 144 30 212 150 92 117 215 42
    125 225 109 100 231 105 89 221 149 170 247 173 73 182 82 250 247 125
    169 196 38 108 245 44 181 251 161 104 228 128 128 128 26 219 169 74
    89 192 128 128 128 128 128 128 157 126 203 49 202 235 31 188 253 128
    162 220 177 169 62 167 164 224 0 59 165 160 142 174 128 128 128 167
    155 89 150 195 203 33 230 170 46 193 128 45 208 231 25 223 247 103
    133 132 119 255 232 102 201 235 177 215 192 128 128 128 114 213 152
    74 231 212 44 52 207 12 192 221 46 120 212 162 78 232 137 107 184
    143 186 217 175 163 219 73 89 157 33 216 196 128 128 128 94 136 223
    143 154 180 137 102 210 158 161 212 10 218 186 98 157 197 45 254 244
    135 141 161 152 57 233 77 230 164 150 68 143 155 189 206 125 201 192
    164 164 249 103 104 221 80 194 241 4 196 52 128 128 128 126 43 189
    105 221 243 30 235 194 98 250 218 152 183 246 109 80 112 36 152 159
    168 216 189 147 189 204 71 180 235 151 198 184 97 226 213 100 252
    171 126 233 165 82 217 221 83 255 94 119 155 170 32 30 228 165 32
    207 20 245 240 14 124 82 122 213 178 1 192 165 171 124 201 79 208
    211 122 51 205 35 213 159 160 153 110 144 130 242 92 80 191 6 106
    135 129 164 254 10 131 210 141 100 209 120 251 244 154 242 79 19 217
    135 112 244 205 128 128 128 163 241 250 92 89 161 127 167 234 39 187
    181 128 128 128 128 128 128 124 86 255 153 206 244 91 231 190 10 206
    150 177 213 116 163 204 196 164 128 175 6 122 119 128 128 128 164
    107 209 82 194 214 86 249 138 83 191 235 24 126 121 128 128 128 38
    38 216 19 237 111 128 128 128 84 209 211 128 128 128 124 80 73 23
    177 128 128 128 128 177 255 62 74 250 207 166 54 252 128 128 128 132
    56 245 25 245 248 156 200 205 88 102 35 146 138 164 128 128 128 7
    224 196 128 128 128 27 223 102 82 231 219 22 242 133 165 241 196 73
    253 240 173 223 193 114 219 198 29 244 95 158 162 225 71 215 167 45
    47 244 98 204 240 44 191 192 115 194 217 128 128 128 46 136 250 143
    173 252 112 134 186 113 60 123 175 255 155 90 162 247 141 186 200
    113 160 195 128 128 128 14 217 234 128 128 128 49 169 229 83 229 243
    93 159 56 99 175 213 135 66 248 160 204 105 168 116 211 7 174 185
    146 208 195 102 199 179 92 156 211 110 214 160 108 66 227 128 128
    128 34 147 87 100 138 244 153 225 154 92 202 216 11 76 188 19 142
    196 121 180 163 116 242 211 113 115 169 78 207 212 153 139 167 9 77
    33 79 49 177 15 171 213 127 242 196 0 217 252 97 153 170 159 103 232
    11 221 245 128 128 128 104 122 245 73 36 177 160 185 200 141 223 160
    111 204 140 35 225 252 84 254 207 139 220 182 179 83 251 28 158 171
    72 170 182 49 186 247 114 106 250 44 222 207 149 227 145 137 252 222
    113 17 133 177 227 81 146 162 153 128 128 128 97 145 153 82 255 241
    86 253 225 10 223 152 89 104 83 30 119 203 103 84 245 17 236 121 28
    105 238</data></your_img>
</opencv_storage>
