<?xml version="1.0"?>
<opencv_storage>
<grad type_id="opencv-matrix">
  <rows>10</rows>
  <cols>10</cols>
  <dt>f</dt>
  <data>
    1.23103127e+02 1.90253830e+02 1.60828857e+02 2.56574097e+01
    5.91140976e+01 3.98586121e+01 1.34202728e+02 2.07070740e+02
    2.00005829e+02 1.66917999e+02 8.32035828e+00 8.55040894e+01
    1.47560516e+02 1.00539795e+02 3.78807220e+01 1.06044838e+02
    4.84551697e+01 6.54825974e+01 2.13384857e+02 1.10341667e+02
    6.29191437e+01 1.43731705e+02 7.73779526e+01 2.05050247e+02
    1.86593857e+01 3.29204254e+01 5.83737946e+00 1.11132195e+02
    1.89544830e+02 8.96689148e+01 1.37003387e+02 1.42218445e+02
    7.84586411e+01 2.01012497e+01 3.52194138e+01 1.97533630e+02
    4.42668228e+01 1.97667664e+02 1.30304077e+02 9.85595932e+01
    1.54717789e+02 9.82178345e+01 4.53791275e+01 2.22408249e+02
    1.12195618e+02 1.97259003e+02 9.72352295e+01 8.33043213e+01
    1.03813873e+02 1.04954239e+02 2.33737732e+02 9.78054504e+01
    1.95584198e+02 2.05893478e+01 2.28770523e+01 2.41878632e+02
    2.20866684e+02 2.01220230e+02 9.08450851e+01 1.49296448e+02
    2.20373352e+02 2.16903870e+02 6.78665619e+01 3.99274445e+01
    2.29647888e+02 2.07761703e+02 1.03990143e+02 1.01636696e+02
    2.51670288e+02 6.05964127e+01 1.99499603e+02 2.11807373e+02
    1.51165543e+02 2.35760834e+02 1.78735519e+02 1.84284973e+01
    9.33774948e+01 1.95954590e+02 1.31783676e+02 4.15939178e+01
    1.41775955e+02 1.27978386e+02 8.29325867e+00 8.99158783e+01
    9.33346558e+01 3.24840469e+01 2.54467926e+02 1.83366058e+02
    2.86896133e+01 1.17246696e+02 1.39415405e+02 9.09941864e+01
    2.33433716e+02 2.38259811e+02 2.05128494e+02 1.25631729e+02
    5.67680435e+01 1.40446777e+01 2.34617371e+02 1.94253891e+02</data></grad>
<my_hist type_id="opencv-matrix">
  <rows>97</rows>
  <cols>1</cols>
  <dt>f</dt>
  <data>
    0. 0. 1. 2. 0. 1. 0. 4. 1. 1. 1. 0. 2. 1. 1. 3. 1. 1. 1. 0. 0. 1. 1.
    2. 1. 1. 0. 0. 0. 2. 0. 1. 1. 0. 4. 2. 0. 4. 2. 2. 2. 0. 3. 0. 1. 0.
    1. 1. 1. 1. 1. 1. 1. 1. 3. 0. 2. 1. 1. 0. 0. 1. 0. 1. 0. 0. 0. 0. 1.
    1. 0. 0. 2. 0. 3. 3. 3. 0. 3. 1. 1. 1. 1. 0. 3. 0. 0. 1. 1. 3. 1. 0.
    1. 0. 0. 1. 0.</data></my_hist>
<your_hist type_id="opencv-matrix">
  <rows>97</rows>
  <cols>1</cols>
  <dt>f</dt>
  <data>
    0. 0. 1. 2. 0. 1. 1. 3. 1. 1. 1. 0. 2. 1. 1. 3. 1. 1. 1. 0. 0. 1. 2.
    1. 1. 1. 0. 0. 0. 2. 0. 1. 1. 2. 2. 2. 2. 3. 1. 3. 1. 2. 1. 0. 1. 0.
    1. 1. 1. 2. 1. 1. 1. 2. 1. 1. 1. 1. 1. 0. 1. 0. 1. 0. 0. 0. 0. 1. 0.
    1. 0. 2. 0. 3. 3. 3. 0. 2. 2. 1. 1. 1. 0. 3. 0. 0. 1. 0. 4. 1. 0. 1.
    0. 0. 1. 0. 1.</data></your_hist>
<my_max_grad>2.5446792602539062e+02</my_max_grad>
<your_max_grad>2.5446792602539062e+02</your_max_grad>
</opencv_storage>
