<?xml version="1.0"?>
<opencv_storage>
<norm_v>1.2229370384447434e+03</norm_v>
<grad type_id="opencv-matrix">
  <rows>256</rows>
  <cols>256</cols>
  <dt>f</dt>
  <data>
    0. 0. 0. 0. 0. 0. 1. 1. 1. 1. 0. 1. 1. 1. 1. 0. 1. 0. 2. 1. 0. 1. 1.
    0. 0. 0. 0. 0. 0. 0. 2. 2. 1. 1. 0. 1. 2. 0. 0. 0. 1. 0. 1. 0. 2. 0.
    2. 1. 1. 2. 1. 1. 1. 0. 0. 0. 0. 0. 1. 1. 0. 1. 2. 1. 0. 1. 2. 1. 1.
    0. 2. 1. 2. 1. 1. 0. 0. 0. 1. 0. 2. 0. 2. 1. 0. 0. 1. 1. 0. 1. 1. 1.
    1. 1. 2. 0. 2. 1. 1. 1. 0. 0. 1. 0. 1. 0. 0. 0. 0. 1. 1. 0. 1. 1. 0.
    0. 0. 0. 0. 0. 1. 1. 1. 1. 1. 1. 0. 0. 1. 1. 0. 0. 0. 0. 0. 0. 0. 1.
    0. 2. 1. 1. 1. 0. 1. 0. 1. 0. 0. 1. 1. 1. 2. 1. 0. 0. 1. 2. 1. 0. 1.
    1. 1. 1. 0. 1. 2. 1. 1. 1. 1. 0. 1. 0. 0. 0. 1. 1. 0. 0. 0. 1. 1. 1.
    1. 1. 1. 0. 0. 0. 0. 0. 0. 1. 1. 0. 0. 0. 1. 1. 0. 0. 0. 0. 1. 2. 1.
    2. 0. 1. 1. 1. 2. 1. 1. 1. 1. 1. 2. 2. 2. 3. 0. 2. 1. 0. 0. 0. 0. 0.
    0. 1. 1. 1. 1. 1. 3. 1. 2. 2. 1. 0. 0. 0. 0. 1. 0. 2. 1. 2. 3. 1. 4.
    1. 1. 0. 1. 0. 0. 1. 0. 0. 1. 1. 0. 1.41421354e+00 1. 0. 1. 1. 1. 1.
    0. 1. 1.41421354e+00 1. 1.41421354e+00 1.41421354e+00 0. 0. 0. 0. 0.
    1. 1. 1. 2.23606801e+00 2.23606801e+00 1.41421354e+00 1.
    1.41421354e+00 2.23606801e+00 1.41421354e+00 1. 0. 1. 1. 1. 0.
    2.23606801e+00 1.41421354e+00 1. 2. 1.41421354e+00 0. 1.41421354e+00
    2.23606801e+00 0. 2.23606801e+00 0. 1. 0. 1. 1. 1. 2.23606801e+00 1.
    1. 1.41421354e+00 2.82842708e+00 1.41421354e+00 1. 2.23606801e+00
    1.41421354e+00 1. 2.23606801e+00 2.23606801e+00 1.41421354e+00
    2.82842708e+00 2. 2.23606801e+00 1.41421354e+00 1.41421354e+00
    1.41421354e+00 1. 2. 1. 1. 2.23606801e+00 1. 2.23606801e+00 2. 2. 1.
    1.41421354e+00 1.41421354e+00 0. 1. 1. 1.41421354e+00 1. 1.
    2.23606801e+00 1.41421354e+00 1. 1.41421354e+00 0. 1. 0. 1. 0. 0. 0.
    1.41421354e+00 1. 1.41421354e+00 1.41421354e+00 1. 1.41421354e+00 2.
    1.41421354e+00 1. 1.41421354e+00 1. 1. 0. 0. 1. 1. 1. 1.41421354e+00
    1. 0. 0. 1. 1.41421354e+00 0. 0. 1. 1. 0. 1. 1.41421354e+00 1.
    2.23606801e+00 0. 1. 1. 0. 0. 1. 2.23606801e+00 2.23606801e+00
    2.23606801e+00 1. 1.41421354e+00 1.41421354e+00 1.41421354e+00
    1.41421354e+00 1. 1.41421354e+00 2.23606801e+00 2. 1.41421354e+00 1.
    0. 1.41421354e+00 1. 0. 1.41421354e+00 1. 1. 2. 1. 1.41421354e+00 0.
    0. 1. 1.41421354e+00 2. 1.41421354e+00 1. 1.41421354e+00 1. 0.
    1.41421354e+00 2.23606801e+00 1. 0. 1. 1. 1.41421354e+00
    1.41421354e+00 1. 1.41421354e+00 1. 1. 0. 2. 0. 1. 1. 0. 1.
    1.41421354e+00 1. 1. 1. 0. 0. 1. 1. 2.23606801e+00 1. 0. 1. 1.
    1.41421354e+00 2. 1. 1.41421354e+00 0. 1. 1.41421354e+00
    1.41421354e+00 1.41421354e+00 1.41421354e+00 1.41421354e+00
    2.23606801e+00 1.41421354e+00 1. 0. 1.41421354e+00 0. 0. 1. 1. 1. 0.
    1.41421354e+00 1. 1. 2.23606801e+00 3. 2.82842708e+00 1.41421354e+00
    0. 0. 0. 0. 0. 1. 1. 2. 1. 2. 3.16227770e+00 2.82842708e+00
    4.47213602e+00 0. 1. 0. 0. 1. 1. 1. 1.41421354e+00 0. 1. 1. 0.
    1.41421354e+00 1. 0. 0. 1. 1. 1. 1. 1. 1. 1.41421354e+00
    1.41421354e+00 0. 0. 0. 0. 0. 1. 2.23606801e+00 2. 2. 2. 1. 1.
    1.41421354e+00 1.41421354e+00 1. 1. 1.41421354e+00 1. 2. 2. 1. 1.
    1.41421354e+00 0. 1.41421354e+00 1. 1.41421354e+00 1. 1. 2. 1. 1.
    1.41421354e+00 1. 1. 1.41421354e+00 1.41421354e+00 1. 2.23606801e+00
    1.41421354e+00 1.41421354e+00 0. 1. 2.23606801e+00 1. 1.41421354e+00
    1.41421354e+00 1. 1.41421354e+00 1.41421354e+00 1.41421354e+00
    1.41421354e+00 3. 2. 1. 1. 2. 2. 1.41421354e+00 1.41421354e+00 1. 1.
    2. 1.41421354e+00 1. 1. 1. 1. 0. 0. 0. 1. 1. 0. 1.41421354e+00 2. 0.
    3.16227770e+00 1. 2.23606801e+00 1. 1. 0. 0. 0. 1. 1. 1. 1. 2. 1.
    1.41421354e+00 1. 1.41421354e+00 1. 1.41421354e+00 2. 0.
    1.41421354e+00 1. 0. 1.41421354e+00 2.23606801e+00 2. 0. 1. 1. 0.
    1.41421354e+00 1. 1. 2.23606801e+00 1.41421354e+00 2. 1. 2. 0. 1. 1.
    0. 0. 0. 1. 1. 1.41421354e+00 1. 1. 1. 1.41421354e+00 1.
    3.16227770e+00 1. 1.41421354e+00 2.23606801e+00 1. 1. 0. 0.
    1.41421354e+00 2.23606801e+00 1. 1. 1. 1.41421354e+00 1. 1. 1. 0. 0.
    0. 1. 2. 0. 1.41421354e+00 1. 2. 1. 1. 2.23606801e+00 0. 1. 0. 0. 1.
    1.41421354e+00 1.41421354e+00 1. 0. 1.41421354e+00 1. 2. 0. 1. 1. 1.
    1. 1.41421354e+00 2. 1.41421354e+00 1.41421354e+00 1. 1. 0. 1. 1.
    1.41421354e+00 0. 0. 1.41421354e+00 0. 1.41421354e+00 0. 1. 0. 0. 0.
    2. 1. 0. 1. 2. 2. 0. 1. 1.41421354e+00 0. 1. 0. 0. 1.41421354e+00
    1.41421354e+00 1.41421354e+00 1.41421354e+00 1. 0. 1. 3. 2. 1. 0. 0.
    0. 0. 0. 0. 1. 1. 1.41421354e+00 1.41421354e+00 2.23606801e+00
    3.60555124e+00 2. 1.41421354e+00 1.41421354e+00 1. 1. 0. 1. 1.
    1.41421354e+00 1. 1.41421354e+00 1.41421354e+00 1.41421354e+00
    1.41421354e+00 0. 0. 0. 0. 2. 2. 1. 1. 2. 2. 0. 0. 0. 0. 1. 0. 2.
    2.23606801e+00 1. 0. 1. 1.41421354e+00 1.41421354e+00 1.41421354e+00
    0. 1. 1. 0. 1. 1. 1. 1.41421354e+00 0. 1.41421354e+00 1.41421354e+00
    1.41421354e+00 1. 1. 1. 1.41421354e+00 2.23606801e+00 1.
    1.41421354e+00 1.41421354e+00 1. 2. 1.41421354e+00 1.41421354e+00
    1.41421354e+00 1.41421354e+00 2.23606801e+00 0. 2.23606801e+00
    2.23606801e+00 1.41421354e+00 1.41421354e+00 1.41421354e+00
    1.41421354e+00 1. 1. 1.41421354e+00 1.41421354e+00 0. 1. 0. 0. 1. 1.
    1.41421354e+00 1.41421354e+00 0. 0. 0. 2. 0. 0. 0. 0. 1. 0. 0. 1. 1.
    0. 1. 0. 1.41421354e+00 2. 1. 2.23606801e+00 1.41421354e+00 1. 1. 0.
    0. 0. 0. 1. 1. 1. 1. 1. 1. 0. 0. 1. 1. 0. 2.23606801e+00 1.
    1.41421354e+00 2. 2. 1.41421354e+00 1.41421354e+00 2.23606801e+00
    2.23606801e+00 2.23606801e+00 1.41421354e+00 1.41421354e+00 1. 2. 1.
    2.23606801e+00 1. 1. 1. 1. 2.23606801e+00 1. 1. 0. 0. 0.
    1.41421354e+00 1. 1. 2.23606801e+00 1.41421354e+00 1. 1.41421354e+00
    1.41421354e+00 1.41421354e+00 1. 0. 1.41421354e+00 1. 1. 1.
    2.23606801e+00 1. 0. 1. 3. 1. 2.23606801e+00 1.41421354e+00 1. 0. 0.
    0. 1. 1.41421354e+00 2.23606801e+00 1. 1.41421354e+00 1.41421354e+00
    1.41421354e+00 2. 1.41421354e+00 1. 0. 0. 0. 1. 1. 1. 1.41421354e+00
    1.41421354e+00 0. 2. 0. 1. 0. 1. 1. 1. 2. 1. 0. 1.41421354e+00
    1.41421354e+00 0. 0. 0. 1. 1. 1. 1.41421354e+00 1.41421354e+00
    1.41421354e+00 1. 0. 0. 1. 1. 1. 0. 1. 1. 1.41421354e+00 1.
    1.41421354e+00 2. 0. 1.41421354e+00 2. 1. 1. 1. 1. 1. 1. 1. 1. 1. 1.
    1. 1. 1.41421354e+00 1.41421354e+00 1. 0. 0. 0. 0. 0. 0. 0. 1.
    1.41421354e+00 1. 2. 1.41421354e+00 1.41421354e+00 1. 0. 0.
    1.41421354e+00 1. 1.41421354e+00 2. 1. 1.41421354e+00 0. 1. 0. 0. 0.
    1. 1. 0. 0. 0. 1. 1. 1. 0. 0. 1.41421354e+00 1. 1.41421354e+00
    2.23606801e+00 2.23606801e+00 1.41421354e+00 2.23606801e+00
    2.23606801e+00 1.41421354e+00 1. 0. 1.41421354e+00 1. 1. 0. 1.
    2.23606801e+00 1.41421354e+00 1.41421354e+00 1. 1. 1. 1.41421354e+00
    1. 2. 0. 2.23606801e+00 1. 1.41421354e+00 1. 1. 1.41421354e+00 1. 2.
    1.41421354e+00 1. 0. 1. 2.23606801e+00 2.23606801e+00 1.41421354e+00
    1.41421354e+00 1.41421354e+00 2.23606801e+00 1.41421354e+00
    1.41421354e+00 1. 1. 1. 1. 1. 1. 1.41421354e+00 1. 0. 2. 2. 2.
    2.23606801e+00 2.23606801e+00 0. 1. 0. 0. 1.41421354e+00 1. 1.
    1.41421354e+00 1. 1. 1. 0. 0. 0. 1.41421354e+00 1.41421354e+00 1. 1.
    1.41421354e+00 1. 1. 0. 0. 0. 0. 0. 1. 0. 2. 0. 1. 1. 1.41421354e+00
    0. 1.41421354e+00 2. 2.82842708e+00 1. 1.41421354e+00 2.23606801e+00
    2.23606801e+00 2. 3. 1. 1.41421354e+00 1.41421354e+00 2. 1.
    1.41421354e+00 2. 1.41421354e+00 0. 1. 1. 2.23606801e+00
    1.41421354e+00 1. 1.41421354e+00 1.41421354e+00 0. 1. 1. 1. 1. 1.
    1.41421354e+00 2.23606801e+00 1. 1. 1. 0. 0. 0. 1. 0. 1. 0. 2. 3. 1.
    1.41421354e+00 2.82842708e+00 1. 1.41421354e+00 1. 1. 0. 1. 0. 1. 1.
    1. 2.23606801e+00 2.23606801e+00 1.41421354e+00 1. 1.41421354e+00 1.
    1. 1. 0. 0. 1.41421354e+00 0. 1.41421354e+00 1. 0. 1.41421354e+00 1.
    0. 0. 1. 1.41421354e+00 1.41421354e+00 1. 1. 1. 1. 0. 1. 0. 0. 1.
    1.41421354e+00 0. 0. 1.41421354e+00 1.41421354e+00 0. 0. 1.
    1.41421354e+00 2.23606801e+00 1.41421354e+00 1. 0. 1. 1. 1.
    1.41421354e+00 1.41421354e+00 2.23606801e+00 1. 0. 0. 0. 1.
    1.41421354e+00 1. 1. 1. 0. 1.41421354e+00 0. 1.41421354e+00
    1.41421354e+00 1. 0. 1. 1. 0. 0. 0. 0. 1.41421354e+00 2.23606801e+00
    2. 0. 1. 1. 2. 1. 0. 0. 1. 1. 1.41421354e+00 1.41421354e+00
    1.41421354e+00 1. 2.23606801e+00 1.41421354e+00 1.41421354e+00 1. 0.
    0. 0. 1. 1. 1. 1.41421354e+00 1. 1.41421354e+00 0. 0. 1.41421354e+00
    1.41421354e+00 0. 0. 1. 1. 2.23606801e+00 1.41421354e+00 1. 0. 0. 1.
    1.41421354e+00 1. 1. 1. 1. 1. 1.41421354e+00 1. 0. 0. 1.
    1.41421354e+00 1.41421354e+00 2.23606801e+00 0. 2. 1. 1.41421354e+00
    0. 1. 1. 1. 1. 1.41421354e+00 2. 1. 1. 1. 1.41421354e+00 1. 1. 2.
    1.41421354e+00 0. 1. 1.41421354e+00 0. 1. 1. 1.41421354e+00 0. 1.
    1.41421354e+00 0. 1. 3.16227770e+00 2. 1.41421354e+00 2.23606801e+00
    1.41421354e+00 0. 1. 1.41421354e+00 1.41421354e+00 1.41421354e+00 2.
    1. 1.41421354e+00 1. 0. 0. 1. 0. 1. 1.41421354e+00 1.41421354e+00
    1.41421354e+00 1. 1.41421354e+00 1. 1. 0. 0. 0. 0. 0. 1. 1.
    1.41421354e+00 1. 1. 1. 0. 2. 0. 2.23606801e+00 2.23606801e+00 0.
    2.23606801e+00 2. 0. 2.82842708e+00 2.23606801e+00 1. 0. 1. 0. 1.
    1.41421354e+00 0. 1. 1.41421354e+00 1. 2.23606801e+00 1. 1. 1. 1. 0.
    0. 2. 1.41421354e+00 1. 0. 1.41421354e+00 1. 1.41421354e+00 2.
    1.41421354e+00 1. 0. 0. 0. 1. 1. 1.41421354e+00 2.82842708e+00
    2.23606801e+00 3. 1. 2.23606801e+00 2.23606801e+00 1. 1.41421354e+00
    0. 1. 2. 2. 1. 0. 1. 1.41421354e+00 2.23606801e+00 2. 1.
    1.41421354e+00 2. 1. 1. 1. 1. 1. 1. 1.41421354e+00 0. 1. 1. 1. 0. 0.
    1. 1. 1. 1. 0. 0. 0. 1. 1. 1. 1. 1. 1. 2.23606801e+00 3. 2. 0. 0. 0.
    1. 2.23606801e+00 0. 2.23606801e+00 1. 0. 1. 1. 1.41421354e+00
    1.41421354e+00 1.41421354e+00 1.41421354e+00 1.41421354e+00 1. 1.
    1.41421354e+00 1. 1. 2. 0. 0. 1. 1.41421354e+00 1.41421354e+00 1. 1.
    1. 2. 2. 1. 0. 0. 0. 1.41421354e+00 2.23606801e+00 1. 1.
    1.41421354e+00 1.41421354e+00 1. 2. 1. 0. 2. 1. 1. 1. 1. 1.
    2.82842708e+00 1.41421354e+00 1. 1. 1. 0. 0. 0. 0. 0. 0. 0. 1. 0. 0.
    1.41421354e+00 1.41421354e+00 0. 1.41421354e+00 1. 1.41421354e+00
    1.41421354e+00 1.41421354e+00 0. 0. 1. 0. 1.41421354e+00 1.
    1.41421354e+00 1. 0. 0. 0. 0. 1. 1. 0. 1. 1. 2.82842708e+00
    1.41421354e+00 1. 1. 1.41421354e+00 1. 1.41421354e+00 0. 1.
    1.41421354e+00 1.41421354e+00 1. 1.41421354e+00 1.41421354e+00 0. 1.
    1. 1. 1.41421354e+00 2. 1.41421354e+00 1. 1. 1. 1. 1. 1.
    1.41421354e+00 1.41421354e+00 1. 1.41421354e+00 1. 1.41421354e+00 2.
    2.82842708e+00 1. 2. 1.41421354e+00 1.41421354e+00 1.41421354e+00 1.
    1. 1.41421354e+00 0. 1. 2. 1. 0. 1. 1. 1.41421354e+00 1. 1. 2. 0. 1.
    1. 1.41421354e+00 1. 0. 1. 0. 0. 0. 1. 0. 1. 1. 2. 2. 0.
    1.41421354e+00 2.23606801e+00 1. 1.41421354e+00 2.23606801e+00
    2.23606801e+00 1. 1. 2. 2.23606801e+00 2. 1. 2. 1. 1. 0. 1.
    1.41421354e+00 1.41421354e+00 2.23606801e+00 1. 1.41421354e+00
    2.23606801e+00 2. 1. 0. 1. 0. 1. 1. 1.41421354e+00 1.41421354e+00
    2.23606801e+00 2. 1.41421354e+00 1. 1. 1. 0. 1.41421354e+00
    2.23606801e+00 1. 1. 1. 2.23606801e+00 3. 1. 1.41421354e+00 1. 1. 0.
    1.41421354e+00 3.60555124e+00 3. 2.23606801e+00 1.41421354e+00 2. 1.
    1.41421354e+00 2.23606801e+00 1. 1. 1. 1. 1. 1. 1. 1. 2.23606801e+00
    1.41421354e+00 1.41421354e+00 0. 1. 1.41421354e+00 0. 1.
    1.41421354e+00 1. 1. 1. 0. 1. 0. 1. 1. 0. 2. 1. 1. 2.23606801e+00
    2.82842708e+00 2. 2.23606801e+00 1. 0. 1. 1. 1.41421354e+00
    2.23606801e+00 1.41421354e+00 1. 0. 0. 1. 1. 1. 1. 1.41421354e+00 1.
    0. 0. 1. 1.41421354e+00 1.41421354e+00 1.41421354e+00 2.
    1.41421354e+00 1. 0. 1. 1. 1. 1. 1.41421354e+00 1. 1.41421354e+00
    1.41421354e+00 0. 1. 1. 0. 2. 2.23606801e+00 1.41421354e+00
    1.41421354e+00 2.23606801e+00 1.41421354e+00 1.41421354e+00 1. 3.
    2.82842708e+00 1. 0. 1.41421354e+00 3.16227770e+00 2. 1.41421354e+00
    1. 2.23606801e+00 1. 0. 0. 1. 1. 0. 0. 0. 0. 0. 1.41421354e+00
    2.23606801e+00 0. 1.41421354e+00 1.41421354e+00 0. 1. 1. 1. 1. 1. 1.
    2. 1.41421354e+00 1.41421354e+00 1.41421354e+00 0. 1. 1.41421354e+00
    1.41421354e+00 0. 1.41421354e+00 1. 1. 0. 1.41421354e+00
    1.41421354e+00 0. 1. 1. 1. 1.41421354e+00 1.41421354e+00 1.
    1.41421354e+00 1.41421354e+00 2.23606801e+00 1. 0. 1.41421354e+00
    1.41421354e+00 0. 1. 1. 2. 0. 1. 1. 2. 2. 1. 1.41421354e+00 1. 2. 2.
    1.41421354e+00 2. 0. 1.41421354e+00 0. 1.41421354e+00 2.23606801e+00
    0. 1. 1. 1. 0. 1. 1. 0. 1.41421354e+00 1.41421354e+00 2.23606801e+00
    1.41421354e+00 1. 1. 1. 1. 2. 0. 1. 0. 1. 1. 0. 1.41421354e+00 1. 1.
    0. 0. 0. 1. 0. 1. 1. 1. 1. 0. 1.41421354e+00 1.41421354e+00 1. 1. 1.
    2. 2. 2. 0. 1. 1. 1. 1. 1. 0. 1. 1.41421354e+00 1.41421354e+00
    1.41421354e+00 2. 2.23606801e+00 1. 1. 1.41421354e+00 0. 1. 1. 0. 0.
    1. 0. 0. 0. 1.41421354e+00 1. 1.41421354e+00 0. 1. 2. 0. 2. 1.
    2.23606801e+00 2.23606801e+00 2.23606801e+00 1.41421354e+00
    1.41421354e+00 1. 1. 1.41421354e+00 3.60555124e+00 2.82842708e+00
    1.41421354e+00 2.23606801e+00 2.23606801e+00 1. 1.41421354e+00
    1.41421354e+00 1. 1.41421354e+00 0. 1. 0. 1. 0. 1.41421354e+00
    1.41421354e+00 2.23606801e+00 2.23606801e+00 1. 0. 1. 0. 1. 1. 0.
    1.41421354e+00 1.41421354e+00 0. 1. 0. 1.41421354e+00 2.
    2.23606801e+00 1. 2. 1. 0. 2.82842708e+00 2.23606801e+00 1. 2. 1. 1.
    1.41421354e+00 3.16227770e+00 1.41421354e+00 2. 2. 1. 1. 0.
    1.41421354e+00 2. 2.82842708e+00 1. 1.41421354e+00 0. 0. 1. 1. 1.
    1.41421354e+00 1.41421354e+00 3. 2.82842708e+00 2.23606801e+00 0.
    1.41421354e+00 2.23606801e+00 1. 1.41421354e+00 1. 0. 0.
    1.41421354e+00 1.41421354e+00 0. 2.23606801e+00 1. 1.41421354e+00 1.
    0. 0. 1. 2.23606801e+00 1.41421354e+00 1. 2. 3.16227770e+00
    2.23606801e+00 1.41421354e+00 2. 1.41421354e+00 1. 0. 2.23606801e+00
    2.23606801e+00 0. 0. 1.41421354e+00 1.41421354e+00 1.41421354e+00
    1.41421354e+00 0. 0. 0. 1. 2.23606801e+00 1. 2. 1.41421354e+00 0. 0.
    0. 1. 1.41421354e+00 1.41421354e+00 2. 0. 2. 0. 1. 0. 0. 1.
    1.41421354e+00 1.41421354e+00 0. 0. 1.41421354e+00 1. 1. 1.
    1.41421354e+00 1. 1.41421354e+00 1. 0. 1.41421354e+00 1.41421354e+00
    0. 0. 1. 2. 1. 1. 1. 1. 1. 0. 1. 0. 1. 0. 1. 1. 0. 1. 2.23606801e+00
    4. 1.41421354e+00 2.23606801e+00 2. 2. 0. 1. 0. 0. 1. 1. 0.
    1.41421354e+00 1. 1. 1. 1. 1. 1.41421354e+00 1.41421354e+00 0.
    2.23606801e+00 0. 1. 1. 1.41421354e+00 0. 1. 0. 0. 0. 0. 1. 1.
    1.41421354e+00 1. 0. 2. 1. 0. 0. 1. 0. 1. 1. 0. 0. 1. 1. 1. 1. 0. 1.
    1. 1.41421354e+00 1. 1. 1. 1. 0. 1. 0. 1. 1.41421354e+00
    1.41421354e+00 1. 1.41421354e+00 1.41421354e+00 2.23606801e+00 1. 2.
    1.41421354e+00 1.41421354e+00 1.41421354e+00 1. 1.41421354e+00 2.
    1.41421354e+00 1. 0. 0. 0. 1. 0. 1.41421354e+00 1.41421354e+00 1. 1.
    1. 1.41421354e+00 1. 2.23606801e+00 1. 1. 1.41421354e+00
    1.41421354e+00 2. 1. 1. 3. 2.23606801e+00 0. 0. 1. 1.41421354e+00 1.
    1. 0. 1. 0. 1. 2.82842708e+00 1.41421354e+00 1. 2.23606801e+00 1. 0.
    0. 0. 0. 1. 2. 2.23606801e+00 1. 1.41421354e+00 1. 1.41421354e+00 2.
    0. 2.82842708e+00 3.16227770e+00 0. 1. 2.23606801e+00 3.16227770e+00
    0. 2.23606801e+00 2. 1.41421354e+00 1. 3. 0. 4. 2. 0. 0. 1. 2.
    2.23606801e+00 1.41421354e+00 3.60555124e+00 3.60555124e+00 1. 0. 1.
    1.41421354e+00 1.41421354e+00 1. 1.41421354e+00 3.60555124e+00
    1.41421354e+00 3. 3.16227770e+00 0. 2. 1. 2. 1. 0. 1. 0. 0. 1. 2. 0.
    1.41421354e+00 0. 1. 0. 1. 1.41421354e+00 1. 0. 0. 4. 3.16227770e+00
    1.41421354e+00 1.41421354e+00 3.16227770e+00 2.23606801e+00
    2.23606801e+00 2.23606801e+00 2.23606801e+00 1. 0. 1. 1. 0. 0.
    1.41421354e+00 1.41421354e+00 1. 0. 1. 2.23606801e+00 1.
    2.23606801e+00 1. 0. 1. 1. 1.41421354e+00 1.41421354e+00
    1.41421354e+00 2. 1. 2. 1.41421354e+00 1.41421354e+00 1.41421354e+00
    0. 1. 2. 2. 1. 0. 2. 1.41421354e+00 1. 1. 1. 2. 1. 1. 1. 0. 1.
    1.41421354e+00 1. 1. 2. 0. 1.41421354e+00 1. 2. 1. 1. 1. 1. 0. 0. 0.
    2. 2.23606801e+00 1.41421354e+00 2.23606801e+00 3.16227770e+00
    3.16227770e+00 1.41421354e+00 2. 2. 0. 1. 0. 1. 1.41421354e+00 0.
    1.41421354e+00 2.23606801e+00 1.41421354e+00 1.41421354e+00
    1.41421354e+00 1. 1. 0. 1. 2.23606801e+00 1.41421354e+00 0.
    1.41421354e+00 1.41421354e+00 1. 0. 0. 0. 0. 0. 0. 0. 1. 2. 1. 2.
    2.23606801e+00 2.23606801e+00 1. 1. 1.41421354e+00 1.41421354e+00 2.
    0. 1. 1.41421354e+00 1.41421354e+00 1. 1. 2. 2.23606801e+00
    1.41421354e+00 0. 1.41421354e+00 1.41421354e+00 1. 1.41421354e+00 1.
    1. 2. 1. 1. 1. 1.41421354e+00 1. 1.41421354e+00 2. 1. 1.41421354e+00
    2.23606801e+00 1. 0. 1. 0. 2.23606801e+00 0. 2.23606801e+00 1.
    1.41421354e+00 1. 2. 1. 1. 1. 1. 1. 1. 1. 1. 1. 1. 1. 1.
    1.41421354e+00 2. 2.23606801e+00 2. 1. 3.16227770e+00 2. 0. 0. 0. 1.
    1. 1. 0. 1. 2. 2.23606801e+00 2.23606801e+00 1.41421354e+00
    2.23606801e+00 1.41421354e+00 1. 0. 0. 0. 0. 1.41421354e+00
    2.23606801e+00 1. 1. 1. 1. 1. 1. 2.82842708e+00 1.41421354e+00
    2.82842708e+00 2.23606801e+00 1.41421354e+00 2.23606801e+00
    1.41421354e+00 2.23606801e+00 1.41421354e+00 0. 1. 0. 1.41421354e+00
    4.12310553e+00 2.23606801e+00 1. 1. 1. 2. 2.23606801e+00 2. 2. 2.
    3.60555124e+00 2.23606801e+00 1.41421354e+00 1. 1. 1.41421354e+00
    2.23606801e+00 3.60555124e+00 2.23606801e+00 2.23606801e+00
    2.23606801e+00 2.23606801e+00 1.41421354e+00 1. 3.16227770e+00
    1.41421354e+00 1.41421354e+00 1. 1. 1.41421354e+00 1.41421354e+00
    1.41421354e+00 0. 2. 1. 1. 0. 0. 1.41421354e+00 1.41421354e+00
    2.23606801e+00 1. 1. 0. 0. 1. 1.41421354e+00 2.23606801e+00 2.
    2.23606801e+00 2. 1. 1. 2. 1. 1.41421354e+00 1.41421354e+00 0.
    2.23606801e+00 2.23606801e+00 2.23606801e+00 1.41421354e+00 1.
    1.41421354e+00 2. 1.41421354e+00 0. 1. 1.41421354e+00 2.
    2.23606801e+00 1.41421354e+00 1. 0. 1. 0. 1.41421354e+00
    1.41421354e+00 1. 2.23606801e+00 1.41421354e+00 1. 2.23606801e+00
    2.82842708e+00 1. 2. 1. 1.41421354e+00 1. 1. 1. 0. 1.41421354e+00
    1.41421354e+00 1. 0. 1. 1.41421354e+00 1.41421354e+00 2. 1. 1. 1.
    1.41421354e+00 0. 1. 2.23606801e+00 1.41421354e+00 0. 0. 1. 1.
    1.41421354e+00 2.23606801e+00 1. 2. 3.16227770e+00 2.23606801e+00 1.
    2.23606801e+00 1. 1. 0. 1. 1. 1. 2.23606801e+00 1. 1. 1.41421354e+00
    1. 0. 1. 1. 1. 1. 1. 0. 1. 1. 0. 0. 1. 1. 0. 0. 1. 1. 1.
    1.41421354e+00 1.41421354e+00 3.16227770e+00 2.23606801e+00
    2.23606801e+00 1. 1. 1.41421354e+00 1.41421354e+00 1. 1. 1. 1.
    1.41421354e+00 1.41421354e+00 2.23606801e+00 2. 1. 2. 1.
    2.23606801e+00 1.41421354e+00 1. 2.23606801e+00 1. 2.23606801e+00
    2.23606801e+00 2.23606801e+00 1.41421354e+00 1. 2. 2. 2. 0. 1.
    1.41421354e+00 1. 1. 1.41421354e+00 1.41421354e+00 1. 2.23606801e+00
    2. 2.23606801e+00 1. 1. 1.41421354e+00 2.23606801e+00 1. 1. 1. 1. 1.
    2. 0. 2. 1. 1.41421354e+00 0. 1. 1.41421354e+00 1.41421354e+00 4. 2.
    2. 3.60555124e+00 1. 1. 0. 0. 0. 2. 1. 1. 2.23606801e+00 1. 1. 2.
    2.82842708e+00 1. 0. 0. 1. 1. 1. 1. 2.23606801e+00 0. 2.23606801e+00
    0. 1.41421354e+00 1. 1.41421354e+00 0. 2. 2. 1.41421354e+00
    1.41421354e+00 1. 1. 2. 1. 1. 1. 1.41421354e+00 1. 2.23606801e+00
    1.41421354e+00 1. 1. 0. 1. 2.82842708e+00 3. 1. 3.16227770e+00
    1.41421354e+00 3. 2. 1.41421354e+00 2.23606801e+00 1. 2. 2. 2. 1.
    2.23606801e+00 1. 1.41421354e+00 1.41421354e+00 1. 2. 2.23606801e+00
    1.41421354e+00 2. 1.41421354e+00 0. 1. 0. 1. 2.23606801e+00
    2.23606801e+00 1.41421354e+00 2. 1.41421354e+00 1.41421354e+00
    1.41421354e+00 2.23606801e+00 1. 1. 1. 2. 2. 1.41421354e+00 1.
    2.23606801e+00 1. 1. 2. 2.23606801e+00 2. 2.23606801e+00 1. 1. 0.
    2.23606801e+00 2. 0. 3. 1. 1. 0. 1. 0. 1. 2. 1. 2. 2. 0. 0. 0. 0. 0.
    1. 1. 1. 1. 1. 1.41421354e+00 2.82842708e+00 3.60555124e+00 1. 1.
    1.41421354e+00 1. 2.23606801e+00 1. 0. 1.41421354e+00 1.41421354e+00
    1. 1. 0. 1. 2. 0. 2. 1. 1. 1. 1. 2.23606801e+00 0. 2.23606801e+00 1.
    0. 0. 1.41421354e+00 1. 1.41421354e+00 2. 1. 1.41421354e+00
    2.23606801e+00 1. 1.41421354e+00 2.23606801e+00 1. 0. 1.41421354e+00
    1.41421354e+00 1. 1. 1. 1. 0. 0. 1. 0. 1. 0. 0. 0. 0. 0. 1. 1. 1.
    1.41421354e+00 1.41421354e+00 1. 1.41421354e+00 2.23606801e+00
    1.41421354e+00 2. 1.41421354e+00 1. 1.41421354e+00 3.16227770e+00 2.
    0. 0. 2. 2. 0. 0. 1. 2. 2. 0. 1. 2.23606801e+00 3.16227770e+00 1.
    1.41421354e+00 1. 2. 2.82842708e+00 1.41421354e+00 1. 2.
    1.41421354e+00 1. 2.23606801e+00 2. 1.41421354e+00 1. 1.41421354e+00
    1. 0. 1. 2. 2. 1. 1.41421354e+00 1.41421354e+00 1. 1. 0.
    1.41421354e+00 1. 2.23606801e+00 1. 1. 0. 1. 1. 1. 1. 1. 1. 0. 1. 1.
    1. 1. 2.23606801e+00 3.16227770e+00 2.23606801e+00 3.60555124e+00
    3.16227770e+00 1. 1. 1. 0. 1.41421354e+00 1.41421354e+00
    1.41421354e+00 2. 1.41421354e+00 2. 1.41421354e+00 3.16227770e+00
    1.41421354e+00 1.41421354e+00 1.41421354e+00 2. 1. 1. 1.41421354e+00
    2.23606801e+00 1.41421354e+00 2.23606801e+00 1. 2.82842708e+00 2.
    2.23606801e+00 1.41421354e+00 1.41421354e+00 2.23606801e+00 1.
    2.23606801e+00 1. 1.41421354e+00 1.41421354e+00 1.41421354e+00 2. 0.
    2. 2. 1.41421354e+00 1. 2.23606801e+00 3. 1. 1. 2.23606801e+00
    3.60555124e+00 1. 2.23606801e+00 1. 4.12310553e+00 3.16227770e+00
    1.41421354e+00 1. 1.41421354e+00 2.23606801e+00 0. 2.23606801e+00
    2.23606801e+00 2. 1.41421354e+00 0. 1.41421354e+00 1. 0. 1.
    2.23606801e+00 1. 1.41421354e+00 1. 1.41421354e+00 1. 0.
    2.23606801e+00 2.23606801e+00 1.41421354e+00 3. 2. 1.41421354e+00
    2.23606801e+00 2.23606801e+00 0. 1.41421354e+00 0. 0. 1. 1. 2. 1. 1.
    0. 1. 2. 2.23606801e+00 2. 2.23606801e+00 2.23606801e+00
    1.41421354e+00 1.41421354e+00 2. 1.41421354e+00 2.23606801e+00
    1.41421354e+00 1. 1.41421354e+00 2.23606801e+00 1.41421354e+00 1.
    1.41421354e+00 1. 1. 2.23606801e+00 1. 1. 0. 0. 0. 0. 1.41421354e+00
    1. 1.41421354e+00 2.23606801e+00 2.23606801e+00 2.23606801e+00 1.
    2.23606801e+00 2.23606801e+00 2. 1. 1. 1. 1.41421354e+00 0. 2. 2.
    1.41421354e+00 1. 1.41421354e+00 1.41421354e+00 0. 2. 1. 1. 1. 2. 0.
    1.41421354e+00 2.23606801e+00 1. 1.41421354e+00 0. 0. 1.41421354e+00
    1. 1.41421354e+00 1. 1. 1. 2. 1.41421354e+00 0. 1. 1. 2.23606801e+00
    1. 2.23606801e+00 0. 1.41421354e+00 0. 0. 0. 1. 0. 1. 1. 1. 1. 0. 0.
    1.41421354e+00 1.41421354e+00 1.41421354e+00 2. 1. 1. 2.
    2.23606801e+00 0. 2.23606801e+00 1. 2. 2.23606801e+00 1.41421354e+00
    1. 1.41421354e+00 1. 1. 1.41421354e+00 1. 1. 1. 1. 1. 1.41421354e+00
    1. 0. 1.41421354e+00 2. 2.23606801e+00 1.41421354e+00 1.41421354e+00
    2.23606801e+00 1. 1. 0. 1.41421354e+00 2.23606801e+00 2.23606801e+00
    1.41421354e+00 1.41421354e+00 1. 1. 1.41421354e+00 1. 1. 1. 1.
    1.41421354e+00 1. 1.41421354e+00 1. 1.41421354e+00 0. 1.41421354e+00
    0. 0. 1. 1. 1. 1. 1. 1.41421354e+00 1.41421354e+00 1. 1.
    1.41421354e+00 2. 1.41421354e+00 2. 1. 2. 2.23606801e+00 1.
    3.16227770e+00 3.60555124e+00 1. 1. 1. 1. 1.41421354e+00 1. 1.
    1.41421354e+00 1. 2. 2. 2.23606801e+00 1. 2.23606801e+00
    1.41421354e+00 1.41421354e+00 1. 1.41421354e+00 1.41421354e+00 0.
    1.41421354e+00 2.23606801e+00 1. 2. 3. 1. 2.23606801e+00
    1.41421354e+00 1. 1. 2.23606801e+00 1.41421354e+00 2. 1. 0. 1. 1. 1.
    1.41421354e+00 2. 1. 2.23606801e+00 2.82842708e+00 2. 3.16227770e+00
    1. 4.12310553e+00 2.23606801e+00 1.41421354e+00 2.82842708e+00
    2.23606801e+00 2.23606801e+00 2. 2. 1.41421354e+00 0. 1. 1. 1.
    1.41421354e+00 2. 1. 1.41421354e+00 1.41421354e+00 0. 0.
    1.41421354e+00 1. 3.16227770e+00 2. 1.41421354e+00 1.41421354e+00 1.
    1.41421354e+00 2.23606801e+00 1.41421354e+00 2.82842708e+00
    2.23606801e+00 1.41421354e+00 1.41421354e+00 0. 1. 1.41421354e+00 0.
    0. 0. 1. 1. 1. 1. 1.41421354e+00 0. 2. 0. 1. 2. 1.41421354e+00
    1.41421354e+00 1. 1.41421354e+00 1. 0. 1. 0. 1. 2.23606801e+00 0.
    2.23606801e+00 0. 1.41421354e+00 0. 1.41421354e+00 1.41421354e+00
    1.41421354e+00 1. 1. 0. 0. 1.41421354e+00 1.41421354e+00
    1.41421354e+00 0. 0. 2.23606801e+00 3.16227770e+00 2.82842708e+00 2.
    2. 1. 1. 1. 1. 0. 1. 1. 1. 1. 0. 1. 1.41421354e+00 1.41421354e+00 1.
    1. 1. 1.41421354e+00 1. 1. 0. 1.41421354e+00 1. 1.41421354e+00 1. 1.
    1.41421354e+00 1. 1.41421354e+00 1.41421354e+00 1. 1.41421354e+00 0.
    1.41421354e+00 1.41421354e+00 1.41421354e+00 2.23606801e+00
    1.41421354e+00 1. 2. 1.41421354e+00 1. 1. 0. 0. 0. 1. 1.
    1.41421354e+00 0. 1. 1. 1. 1.41421354e+00 0. 1.41421354e+00
    2.23606801e+00 1.41421354e+00 1.41421354e+00 2.23606801e+00 1.
    1.41421354e+00 1.41421354e+00 1. 1.41421354e+00 2.23606801e+00
    2.82842708e+00 1.41421354e+00 1. 1. 1.41421354e+00 1. 2.23606801e+00
    0. 1. 2.23606801e+00 1.41421354e+00 1. 1. 0. 1. 1. 1.41421354e+00
    1.41421354e+00 1. 0. 1. 1. 1.41421354e+00 1. 1. 1. 1. 1.41421354e+00
    1.41421354e+00 1.41421354e+00 1. 0. 0. 1.41421354e+00 1.41421354e+00
    1. 0. 0. 1. 1. 1. 0. 1. 0. 1. 1. 1. 1. 1. 1. 1. 0. 1. 2.23606801e+00
    0. 2. 1.41421354e+00 1. 1. 1.41421354e+00 1.41421354e+00
    2.23606801e+00 1. 0. 0. 1. 1. 1. 1.41421354e+00 1. 0. 1.41421354e+00
    1. 0. 0. 1. 1.41421354e+00 2.23606801e+00 1. 0. 0. 1.41421354e+00
    1.41421354e+00 1. 1. 1. 1. 2.23606801e+00 3.16227770e+00 2.
    1.41421354e+00 1.41421354e+00 1. 1. 1.41421354e+00 0. 1. 0. 1.
    1.41421354e+00 1.41421354e+00 1.41421354e+00 0. 1. 2.23606801e+00 2.
    1.41421354e+00 3.16227770e+00 0. 4.12310553e+00 2.23606801e+00
    4.24264050e+00 3.60555124e+00 2. 0. 1.41421354e+00 0. 2. 1.
    1.41421354e+00 1. 0. 1. 1. 0. 1. 0. 1. 1. 1.41421354e+00 2.
    2.23606801e+00 1.41421354e+00 1.41421354e+00 1. 1. 1. 1.
    2.23606801e+00 2.23606801e+00 0. 0. 1. 1. 1. 1. 1. 2. 0. 1. 1. 0. 1.
    0. 1.41421354e+00 1. 1. 0. 0. 1. 1.41421354e+00 1.41421354e+00 2. 1.
    1. 1. 0. 1. 1.41421354e+00 2.23606801e+00 1.41421354e+00 1. 1.
    1.41421354e+00 1.41421354e+00 1. 1.41421354e+00 1.41421354e+00 1. 0.
    1. 1. 1.41421354e+00 1.41421354e+00 0. 1.41421354e+00 1.41421354e+00
    1.41421354e+00 1.41421354e+00 2.23606801e+00 1. 1. 0. 0. 0. 0. 0.
    1.41421354e+00 1. 0. 1. 1. 1.41421354e+00 2. 1. 1.41421354e+00 1.
    1.41421354e+00 1. 1. 1. 1. 1. 1. 1. 1. 1.41421354e+00 1.41421354e+00
    2. 1.41421354e+00 1. 1. 0. 0. 0. 0. 1. 1.41421354e+00 1.
    1.41421354e+00 2. 1. 0. 1. 1. 1. 2. 1. 0. 1.41421354e+00 2. 1. 1.
    1.41421354e+00 1.41421354e+00 1. 2.23606801e+00 1.41421354e+00
    2.23606801e+00 1.41421354e+00 0. 1.41421354e+00 1.41421354e+00 1. 2.
    1. 2.23606801e+00 2.23606801e+00 0. 2. 1. 2.23606801e+00 1. 2. 1.
    1.41421354e+00 2.23606801e+00 1. 1.41421354e+00 1. 1.41421354e+00 1.
    1.41421354e+00 1. 0. 0. 1. 1. 0. 1. 1.41421354e+00 0. 1. 0.
    1.41421354e+00 0. 0. 0. 0. 0. 1. 1. 1. 1. 1. 2. 0. 1. 0. 0. 0. 0. 1.
    1. 1. 1. 0. 0. 0. 2.23606801e+00 3.16227770e+00 1. 1. 1. 1.
    1.41421354e+00 0. 1.41421354e+00 0. 1. 0. 1. 1. 1. 1. 1. 1. 1.
    1.41421354e+00 1. 2. 2.23606801e+00 1.41421354e+00 1.41421354e+00 1.
    0. 0. 0. 1. 1. 1. 1. 0. 1. 1. 3. 2. 1.41421354e+00 2.23606801e+00 2.
    2. 1. 0. 1. 1. 1. 1. 0. 0. 1. 1. 1. 2.23606801e+00 2.82842708e+00 0.
    2.23606801e+00 3. 3.60555124e+00 1.41421354e+00 1.41421354e+00 2. 2.
    2.23606801e+00 0. 2.23606801e+00 1.41421354e+00 1.41421354e+00
    1.41421354e+00 0. 1.41421354e+00 1. 1. 1.41421354e+00 1. 0.
    1.41421354e+00 1.41421354e+00 2.23606801e+00 1. 1.41421354e+00 0. 0.
    1. 1. 0. 2. 1. 0. 0. 0. 1. 1.41421354e+00 3. 1. 0. 1. 1. 1. 0. 1. 1.
    1.41421354e+00 1. 0. 0. 0. 1. 1. 0. 2. 2. 1. 0. 0. 2. 1. 0. 1. 1.
    1.41421354e+00 0. 1. 1. 1.41421354e+00 0. 0. 1. 3. 2. 1. 0. 1.
    1.41421354e+00 1.41421354e+00 1. 0. 1. 0. 1. 0. 1. 1. 0.
    1.41421354e+00 1. 1.41421354e+00 2.23606801e+00 2. 2. 1.41421354e+00
    1. 1.41421354e+00 2. 1. 1.41421354e+00 0. 1. 2. 1. 1.41421354e+00 1.
    0. 1. 1. 1. 1.41421354e+00 1.41421354e+00 1. 0. 1.41421354e+00
    1.41421354e+00 1.41421354e+00 1. 1.41421354e+00 1.41421354e+00 0.
    1.41421354e+00 1. 1.41421354e+00 2.23606801e+00 1. 1.41421354e+00
    2.23606801e+00 3. 0. 2.23606801e+00 2.23606801e+00 2.23606801e+00 1.
    2. 2.23606801e+00 1.41421354e+00 2.23606801e+00 0. 1.41421354e+00 0.
    1.41421354e+00 2.82842708e+00 1. 2. 2. 1. 2.23606801e+00 2. 0.
    2.23606801e+00 1. 2. 1. 1.41421354e+00 2.23606801e+00 1. 1.
    1.41421354e+00 1.41421354e+00 1. 1. 1.41421354e+00 1.41421354e+00 0.
    1. 1. 1. 0. 1.41421354e+00 1.41421354e+00 1. 1. 1.41421354e+00 1. 1.
    0. 0. 1. 1. 0. 0. 1. 1.41421354e+00 0. 1. 1.41421354e+00 1. 0. 1. 0.
    0. 0. 0. 1. 1. 0. 0. 1. 1.41421354e+00 1.41421354e+00 2.23606801e+00
    2.23606801e+00 1. 1. 1. 2. 1. 1. 2. 0. 2. 0. 1. 1. 1. 1. 1. 1. 0. 1.
    1. 1. 2.23606801e+00 1. 1. 1. 0. 0. 0. 0. 1. 0. 1. 0. 1.
    1.41421354e+00 1. 2.23606801e+00 2. 1.41421354e+00 3.16227770e+00 1.
    2. 1.41421354e+00 1.41421354e+00 1. 0. 1. 1. 0. 1.41421354e+00 0.
    2.23606801e+00 1.41421354e+00 1.41421354e+00 1. 1. 1. 0. 1.
    3.16227770e+00 1.41421354e+00 3.60555124e+00 2.82842708e+00 1. 1. 1.
    1. 2. 1. 1.41421354e+00 0. 1. 1. 1. 1. 1. 1. 1.41421354e+00 1. 1. 0.
    0. 1. 2.23606801e+00 2. 2.82842708e+00 1.41421354e+00 0. 0.
    1.41421354e+00 0. 2.23606801e+00 2. 0. 1. 0. 1. 0. 0. 2. 1. 0. 0. 1.
    1. 0. 0. 1. 1.41421354e+00 0. 1. 1.41421354e+00 1. 0. 1.41421354e+00
    0. 0. 1. 0. 0. 1. 2. 0. 0. 1.41421354e+00 2.23606801e+00 2.
    3.16227770e+00 2.23606801e+00 2.23606801e+00 1. 1. 2. 0. 0. 0.
    1.41421354e+00 0. 2. 1.41421354e+00 2.23606801e+00 2. 1.41421354e+00
    1. 2.23606801e+00 1.41421354e+00 1. 0. 0. 1. 1.41421354e+00 2. 1.
    1.41421354e+00 1. 0. 2. 1. 1.41421354e+00 0. 1. 0. 0. 0. 1. 1. 0. 1.
    1.41421354e+00 0. 1. 1. 0. 2. 2.23606801e+00 1. 2. 2.23606801e+00 0.
    1.41421354e+00 1.41421354e+00 1.41421354e+00 3. 1.41421354e+00
    3.16227770e+00 1.41421354e+00 2. 1. 2.23606801e+00 0. 2.82842708e+00
    2.23606801e+00 1. 1.41421354e+00 1.41421354e+00 2.82842708e+00
    1.41421354e+00 1. 2. 1. 2.23606801e+00 1.41421354e+00 1. 1.
    1.41421354e+00 1.41421354e+00 0. 1.41421354e+00 1.41421354e+00
    1.41421354e+00 2.23606801e+00 0. 1. 1.41421354e+00 1. 1. 1. 0. 1. 1.
    1. 2. 1. 1. 1. 0. 2. 0. 1.41421354e+00 0. 0. 1.41421354e+00 1.
    1.41421354e+00 1.41421354e+00 0. 1. 1. 0. 0. 1.41421354e+00 1. 1. 0.
    1. 0. 0. 0. 0. 0. 0. 1. 1. 1. 0. 0. 1.41421354e+00 1. 1. 0.
    2.23606801e+00 1. 1.41421354e+00 0. 1. 1. 1. 0. 1. 1. 1. 1. 0. 0. 0.
    1. 1. 1. 1. 1. 0. 1. 0. 0. 0. 0. 1. 0. 0. 1. 1. 2.82842708e+00
    1.41421354e+00 0. 1.41421354e+00 2. 0. 2. 1. 1. 1. 1. 1.41421354e+00
    1.41421354e+00 1. 1.41421354e+00 1. 2. 1. 1. 1. 0. 2.23606801e+00
    1.41421354e+00 2.82842708e+00 3.60555124e+00 2. 2. 4.24264050e+00
    3.60555124e+00 1. 0. 1. 1. 0. 1. 0. 1. 0. 2.23606801e+00 1.
    1.41421354e+00 2. 2.23606801e+00 1. 1. 1. 0. 1.41421354e+00
    2.23606801e+00 1.41421354e+00 1. 2.82842708e+00 2.23606801e+00 1. 1.
    1.41421354e+00 1. 2. 0. 1. 1.41421354e+00 1. 1. 1. 0. 1. 1.
    1.41421354e+00 1. 1.41421354e+00 1. 0. 1.41421354e+00 0.
    2.23606801e+00 3.16227770e+00 1. 1. 1.41421354e+00 0. 1. 0. 0. 2.
    1.41421354e+00 1. 1.41421354e+00 1. 1. 1.41421354e+00 1.
    2.23606801e+00 1. 1.41421354e+00 2.23606801e+00 2.23606801e+00 0. 0.
    1. 0. 1. 1. 2.23606801e+00 1. 2.23606801e+00 1. 3.16227770e+00
    1.41421354e+00 1. 2. 1.41421354e+00 1.41421354e+00 2.23606801e+00 2.
    1. 1. 0. 1. 1. 1.41421354e+00 0. 1. 1. 0. 1. 1. 1.41421354e+00 0. 1.
    0. 0. 1. 1.41421354e+00 1.41421354e+00 1. 1.41421354e+00 1.
    1.41421354e+00 2.23606801e+00 2.23606801e+00 2.23606801e+00
    1.41421354e+00 1. 1.41421354e+00 1.41421354e+00 1.41421354e+00 2. 1.
    1.41421354e+00 2. 1. 2.23606801e+00 1. 2.23606801e+00 1.41421354e+00
    3.16227770e+00 0. 1. 1. 2.23606801e+00 1.41421354e+00 0. 1. 2. 1. 1.
    2. 1.41421354e+00 1.41421354e+00 1.41421354e+00 1. 0. 1.
    1.41421354e+00 1. 1. 1. 1. 2. 1.41421354e+00 1. 1.41421354e+00
    1.41421354e+00 1. 1. 3. 1. 1. 0. 1.41421354e+00 0. 1. 1. 0. 0. 1. 0.
    2.23606801e+00 1.41421354e+00 1.41421354e+00 1. 1. 1. 0. 1.
    1.41421354e+00 1. 0. 1. 0. 0. 0. 0. 1. 1. 1. 1. 1.41421354e+00 1. 0.
    0. 1. 1.41421354e+00 1.41421354e+00 1. 1.41421354e+00 1.41421354e+00
    1. 1. 1.41421354e+00 1. 1.41421354e+00 0. 0. 1. 1. 1. 0. 1. 1. 1. 1.
    0. 1. 0. 1. 0. 0. 1. 1. 0. 0. 0. 0. 0. 2.23606801e+00 1.41421354e+00
    1. 0. 1. 2. 1. 2. 1. 1.41421354e+00 1. 1. 1.41421354e+00
    1.41421354e+00 2. 0. 1. 1. 1.41421354e+00 0. 1. 1. 1. 3.16227770e+00
    3.60555124e+00 1.41421354e+00 1. 2.23606801e+00 1.41421354e+00
    3.16227770e+00 3. 0. 2.23606801e+00 2.23606801e+00 1.41421354e+00
    1.41421354e+00 1. 1. 1. 2. 1.41421354e+00 2.23606801e+00 1.
    2.23606801e+00 1.41421354e+00 1. 1. 2.23606801e+00 0. 2.23606801e+00
    2.23606801e+00 2.23606801e+00 1. 2.82842708e+00 2. 1. 2.
    1.41421354e+00 0. 0. 1.41421354e+00 1. 1.41421354e+00 1. 1. 0. 1.
    1.41421354e+00 1.41421354e+00 2.23606801e+00 1. 1. 1. 1.41421354e+00
    2.23606801e+00 3.16227770e+00 2. 2. 1. 0. 2. 1. 0. 2. 1.41421354e+00
    2.82842708e+00 2.82842708e+00 0. 1. 2.23606801e+00 1.41421354e+00 0.
    1.41421354e+00 2.23606801e+00 1. 1.41421354e+00 2.23606801e+00 1. 1.
    0. 0. 1. 1. 1.41421354e+00 1.41421354e+00 1.41421354e+00
    1.41421354e+00 1.41421354e+00 2.23606801e+00 1. 1. 2. 2.23606801e+00
    1.41421354e+00 1. 1. 0. 0. 1. 1. 1. 1. 1.41421354e+00 1. 0. 1.
    1.41421354e+00 1.41421354e+00 2.23606801e+00 0. 1. 1.41421354e+00
    3.16227770e+00 2.23606801e+00 1.41421354e+00 1. 1. 1. 2. 1. 1. 1. 1.
    1. 1.41421354e+00 2.23606801e+00 1. 0. 0. 1. 1. 1. 0. 2.23606801e+00
    1. 2.23606801e+00 1. 2. 1. 1.41421354e+00 1. 1. 1. 1.41421354e+00 1.
    1.41421354e+00 2.23606801e+00 3. 2.82842708e+00 1.41421354e+00 1. 0.
    1. 1. 2. 2. 1. 1. 1. 1.41421354e+00 2. 1.41421354e+00 1. 0.
    1.41421354e+00 3. 1.41421354e+00 2.82842708e+00 1. 1. 1.41421354e+00
    1. 1.41421354e+00 0. 0. 0. 0. 1. 0. 1.41421354e+00 1. 1.
    1.41421354e+00 1.41421354e+00 1.41421354e+00 1.41421354e+00 1. 0. 0.
    0. 0. 0. 0. 2.23606801e+00 1.41421354e+00 1. 0. 1. 2.23606801e+00
    1.41421354e+00 1. 0. 0. 1. 1. 0. 1.41421354e+00 2.23606801e+00
    2.23606801e+00 3. 1. 1. 1. 1. 0. 0. 1.41421354e+00 1. 2.
    1.41421354e+00 1. 1. 1. 2. 0. 0. 0. 0. 1. 1. 1. 1.41421354e+00 0. 0.
    0. 1. 1.41421354e+00 1. 1. 1.41421354e+00 1. 1. 1. 1. 1.
    1.41421354e+00 0. 0. 1. 1. 0. 2.23606801e+00 2.23606801e+00
    2.23606801e+00 1.41421354e+00 2. 1. 1. 2.23606801e+00 1.41421354e+00
    1. 1. 1. 3.16227770e+00 3. 2.23606801e+00 1.41421354e+00 1. 2. 0. 1.
    1. 1. 1.41421354e+00 2.23606801e+00 1. 0. 1.41421354e+00
    2.23606801e+00 2. 1.41421354e+00 1.41421354e+00 1. 1.41421354e+00
    3.16227770e+00 0. 1. 1.41421354e+00 2.23606801e+00 1.41421354e+00
    2.23606801e+00 1.41421354e+00 1.41421354e+00 1.41421354e+00 2. 1. 1.
    1.41421354e+00 1.41421354e+00 1.41421354e+00 1. 1.41421354e+00 2. 1.
    1. 1.41421354e+00 2. 1. 1.41421354e+00 1. 2.23606801e+00 2. 0. 2. 1.
    1. 1.41421354e+00 1. 1. 1. 2.82842708e+00 1. 3. 1.41421354e+00
    3.16227770e+00 3.60555124e+00 1. 1.41421354e+00 1. 2. 1.
    1.41421354e+00 1. 0. 0. 1. 1. 1.41421354e+00 1. 0. 2.23606801e+00 2.
    1.41421354e+00 1.41421354e+00 1. 0. 1.41421354e+00 1.41421354e+00 1.
    1.41421354e+00 2.23606801e+00 1. 1. 0. 0. 1.41421354e+00
    1.41421354e+00 1. 0. 1.41421354e+00 1. 1. 1.41421354e+00
    1.41421354e+00 1.41421354e+00 2.23606801e+00 1. 3.16227770e+00
    1.41421354e+00 3.16227770e+00 2. 0. 0. 0. 1.41421354e+00
    2.23606801e+00 2.23606801e+00 1. 2.23606801e+00 1. 0. 1.41421354e+00
    1.41421354e+00 1.41421354e+00 1. 1. 1.41421354e+00 0. 1. 1.
    1.41421354e+00 2. 1. 1.41421354e+00 1. 1.41421354e+00 1.41421354e+00
    2. 2. 1. 0. 1. 3. 1. 3.16227770e+00 2.23606801e+00 1. 1.41421354e+00
    1. 0. 1. 1.41421354e+00 1. 1. 1. 0. 1. 1. 2. 2.23606801e+00 1.
    2.23606801e+00 2.82842708e+00 1. 2. 1.41421354e+00 1.41421354e+00 1.
    1. 1. 0. 0. 0. 0. 0. 0. 1. 1.41421354e+00 0. 2.23606801e+00 2. 0. 1.
    0. 0. 1. 1. 0. 2.23606801e+00 3.16227770e+00 1.41421354e+00
    1.41421354e+00 1.41421354e+00 1.41421354e+00 1. 2.23606801e+00
    1.41421354e+00 1.41421354e+00 1. 1. 1. 1.41421354e+00 2.23606801e+00
    2. 2.23606801e+00 2.23606801e+00 3.16227770e+00 1.41421354e+00 1. 0.
    0. 1. 1. 1.41421354e+00 2. 1. 1. 1.41421354e+00 1. 0. 1. 0. 0. 0. 1.
    0. 1.41421354e+00 1. 1.41421354e+00 0. 1. 1.41421354e+00
    1.41421354e+00 1.41421354e+00 1.41421354e+00 1. 1. 1. 0. 0. 1. 0. 0.
    0. 0. 0. 1. 2.23606801e+00 1.41421354e+00 1. 1.41421354e+00 2.
    1.41421354e+00 0. 1.41421354e+00 2.23606801e+00 2.23606801e+00 0.
    3.16227770e+00 2.23606801e+00 1. 1.41421354e+00 1.41421354e+00
    1.41421354e+00 2.23606801e+00 2.23606801e+00 1. 1.41421354e+00 0. 0.
    1.41421354e+00 2.23606801e+00 1.41421354e+00 2.23606801e+00
    2.23606801e+00 1. 1. 1. 1. 1. 1.41421354e+00 2. 0. 1.41421354e+00
    1.41421354e+00 2. 0. 1. 1. 1. 0. 2. 1. 2. 1.41421354e+00 0. 0. 1. 2.
    1. 1. 1. 0. 1. 1. 1.41421354e+00 1. 2. 1. 2. 1. 1. 1. 1.41421354e+00
    1. 1. 1. 2. 1. 2.23606801e+00 3.16227770e+00 1. 3.16227770e+00
    1.41421354e+00 1. 1.41421354e+00 1.41421354e+00 0. 1.41421354e+00
    1.41421354e+00 1. 1.41421354e+00 1. 1. 0. 1. 1. 2.23606801e+00 2. 0.
    1. 1.41421354e+00 1. 0. 1.41421354e+00 2.82842708e+00 1.41421354e+00
    1. 1.41421354e+00 1. 0. 1. 2. 3. 3.16227770e+00 2. 2.23606801e+00 2.
    1. 1.41421354e+00 1. 1.41421354e+00 0. 2.23606801e+00 3.16227770e+00
    2.23606801e+00 2. 0. 1. 1. 1. 2. 2. 1. 1.41421354e+00 2.23606801e+00
    2. 3. 1. 1.41421354e+00 1. 0. 1. 1. 1. 2. 2. 1. 1. 0. 0. 1. 0. 1.
    1.41421354e+00 1.41421354e+00 1. 1. 2.23606801e+00 2.23606801e+00
    1.41421354e+00 1. 0. 1.41421354e+00 1. 1. 1. 1. 0. 1.41421354e+00 2.
    1.41421354e+00 1. 1.41421354e+00 2.23606801e+00 2.23606801e+00
    2.23606801e+00 0. 2.23606801e+00 2. 2. 0. 2.23606801e+00 2. 1. 0. 0.
    0. 1. 1. 0. 0. 1. 1. 2.23606801e+00 1.41421354e+00 1.41421354e+00 1.
    1. 1. 1.41421354e+00 3.16227770e+00 2.23606801e+00 0. 3. 1.
    3.16227770e+00 2.23606801e+00 0. 1.41421354e+00 1.41421354e+00
    1.41421354e+00 1.41421354e+00 1. 2. 2. 1. 1. 0. 2.82842708e+00
    3.60555124e+00 1. 3. 2. 0. 1. 1. 1. 2. 2. 1.41421354e+00 1. 1.
    1.41421354e+00 0. 1. 1. 0. 0. 1. 1.41421354e+00 1. 2. 1.41421354e+00
    1. 2. 1.41421354e+00 1.41421354e+00 1. 1.41421354e+00 1.41421354e+00
    2.23606801e+00 1.41421354e+00 0. 1. 1. 0. 1. 1. 1. 1. 0. 1. 2. 2.
    2.23606801e+00 1.41421354e+00 0. 2.23606801e+00 1. 1. 1.41421354e+00
    2.23606801e+00 3. 2.82842708e+00 1. 1. 1. 1.41421354e+00
    1.41421354e+00 1. 1. 0. 1. 0. 0. 1. 2. 1. 0. 1. 1. 0. 1. 1.
    1.41421354e+00 2.23606801e+00 1.41421354e+00 1. 0. 1.41421354e+00 1.
    1.41421354e+00 1. 1.41421354e+00 1. 1. 1. 2.23606801e+00 2. 1. 0. 1.
    1.41421354e+00 2. 2. 0. 2.23606801e+00 1. 0. 1.41421354e+00 1.
    1.41421354e+00 1.41421354e+00 1. 1. 1. 0. 0. 1.41421354e+00
    1.41421354e+00 1.41421354e+00 1. 0. 1.41421354e+00 1.41421354e+00 0.
    3. 2.23606801e+00 1. 1. 1. 1.41421354e+00 1. 0. 1. 1. 1.41421354e+00
    1. 1. 1. 1. 2. 2. 1. 2.23606801e+00 2.23606801e+00 1.41421354e+00 0.
    1. 2.23606801e+00 1.41421354e+00 1. 0. 1. 1. 1. 1.41421354e+00
    2.23606801e+00 2.23606801e+00 1.41421354e+00 2.23606801e+00
    2.23606801e+00 1.41421354e+00 2.23606801e+00 1. 1. 1. 1.41421354e+00
    1. 2.23606801e+00 2. 1.41421354e+00 1.41421354e+00 1.41421354e+00 1.
    1. 0. 0. 1. 1. 1. 1.41421354e+00 2. 1.41421354e+00 1. 0. 1. 1.
    1.41421354e+00 1.41421354e+00 1. 1. 1.41421354e+00 1. 0. 0. 1. 1.
    1.41421354e+00 1.41421354e+00 1. 2.23606801e+00 1.41421354e+00
    1.41421354e+00 2.23606801e+00 2.23606801e+00 1.41421354e+00 1. 1. 1.
    1. 0. 1.41421354e+00 0. 2. 1. 2.23606801e+00 1. 2.82842708e+00
    1.41421354e+00 2. 2. 1. 0. 1. 1. 2.23606801e+00 1. 1. 1.41421354e+00
    2. 1. 1. 1. 1. 1. 0. 1.41421354e+00 0. 2. 1.41421354e+00 0. 1.
    1.41421354e+00 0. 3.16227770e+00 2.23606801e+00 3.16227770e+00 2.
    2.82842708e+00 2.82842708e+00 2. 2.23606801e+00 1. 2.23606801e+00 1.
    1.41421354e+00 1.41421354e+00 0. 1. 1.41421354e+00 1.41421354e+00 0.
    1. 0. 3.16227770e+00 2.23606801e+00 2.82842708e+00 1. 1. 1. 1. 1. 1.
    1. 0. 1. 1. 1.41421354e+00 1. 1. 1. 1.41421354e+00 0. 1. 1.
    1.41421354e+00 0. 1. 1. 1. 1. 0. 1.41421354e+00 1. 2. 1.
    2.23606801e+00 1.41421354e+00 1.41421354e+00 1. 0. 1.41421354e+00 1.
    1. 1. 1. 1. 1. 3.16227770e+00 1. 1.41421354e+00 2. 1.41421354e+00 0.
    0. 1. 1. 1.41421354e+00 0. 1.41421354e+00 0. 1.41421354e+00 2. 2. 1.
    1. 1.41421354e+00 1. 0. 1.41421354e+00 1. 1.41421354e+00
    1.41421354e+00 0. 1. 1.41421354e+00 0. 1. 1. 1. 1.41421354e+00 0.
    1.41421354e+00 0. 1. 0. 0. 1. 0. 1. 1. 1. 2. 3. 1.41421354e+00
    1.41421354e+00 1.41421354e+00 2. 1. 1. 1.41421354e+00 1.41421354e+00
    1. 1. 2. 1.41421354e+00 1.41421354e+00 2.23606801e+00 1.41421354e+00
    1.41421354e+00 1. 1. 1.41421354e+00 1. 1. 1.41421354e+00 1.
    1.41421354e+00 1.41421354e+00 0. 1. 2.23606801e+00 2. 0.
    1.41421354e+00 1.41421354e+00 2. 1. 1.41421354e+00 2.82842708e+00 1.
    1.41421354e+00 1. 1. 1. 1. 1. 1. 2. 1. 2.23606801e+00 2.23606801e+00
    1.41421354e+00 1.41421354e+00 2.23606801e+00 0. 1. 1.41421354e+00 1.
    1. 1. 2. 1. 1.41421354e+00 2.23606801e+00 1.41421354e+00 1.
    1.41421354e+00 2. 0. 1.41421354e+00 0. 1.41421354e+00 1. 0.
    1.41421354e+00 1.41421354e+00 1. 0. 0. 1. 2.23606801e+00 3. 3. 2. 0.
    1.41421354e+00 1. 1.41421354e+00 1. 1. 0. 1. 1. 0. 1. 1. 1. 1. 0. 0.
    1.41421354e+00 1.41421354e+00 1. 1.41421354e+00 2. 1. 2.23606801e+00
    1.41421354e+00 0. 0. 1.41421354e+00 1.41421354e+00 0. 1. 1.
    1.41421354e+00 1.41421354e+00 1. 1.41421354e+00 1.41421354e+00 1. 2.
    2.23606801e+00 1.41421354e+00 2.82842708e+00 1. 0. 0. 1. 1.
    1.41421354e+00 2.23606801e+00 2.23606801e+00 2.23606801e+00 2.
    2.23606801e+00 1. 2. 2. 1. 1. 1. 1. 1. 1.41421354e+00 1.41421354e+00
    1.41421354e+00 1.41421354e+00 1. 3. 1.41421354e+00 3. 3. 1.
    3.60555124e+00 1. 2.23606801e+00 0. 2.23606801e+00 1.41421354e+00 1.
    2. 1. 1.41421354e+00 1. 1.41421354e+00 1. 1. 1.41421354e+00
    1.41421354e+00 2.23606801e+00 2.23606801e+00 0. 0. 1.41421354e+00
    1.41421354e+00 0. 1. 1.41421354e+00 1. 1. 1.41421354e+00 0. 1. 1. 1.
    1.41421354e+00 1. 0. 0. 1. 1. 1. 0. 1. 1. 0. 1. 0. 1. 1. 0. 0. 1.
    1.41421354e+00 1. 1. 0. 1. 1. 0. 0. 2.23606801e+00 0. 1. 0. 0. 1. 1.
    0. 1. 2.23606801e+00 1.41421354e+00 2. 1.41421354e+00 2. 1. 1. 1. 1.
    0. 1. 0. 1.41421354e+00 1. 2.82842708e+00 1.41421354e+00
    1.41421354e+00 1. 0. 1.41421354e+00 1.41421354e+00 1. 1.41421354e+00
    1. 1. 1.41421354e+00 1.41421354e+00 2. 1.41421354e+00 1. 0. 0. 1. 1.
    0. 2. 2.23606801e+00 1. 1. 1. 1.41421354e+00 1. 0. 1.41421354e+00
    1.41421354e+00 1. 0. 1. 1. 1.41421354e+00 1. 1.41421354e+00 2. 1. 1.
    1.41421354e+00 1. 1.41421354e+00 1.41421354e+00 1. 1. 1. 0. 0. 1. 2.
    1. 0. 1.41421354e+00 1.41421354e+00 2. 1. 2.23606801e+00
    1.41421354e+00 1.41421354e+00 1. 0. 0. 1. 0. 1. 1.41421354e+00 1. 1.
    2.23606801e+00 1. 2. 2.23606801e+00 1.41421354e+00 1. 1.41421354e+00
    1.41421354e+00 1. 1. 1. 1.41421354e+00 0. 1. 1.41421354e+00
    2.23606801e+00 2.23606801e+00 2.23606801e+00 1.41421354e+00 0.
    1.41421354e+00 1.41421354e+00 1.41421354e+00 1.41421354e+00 1.
    1.41421354e+00 1.41421354e+00 1. 1. 1. 2.23606801e+00 3.16227770e+00
    1.41421354e+00 2. 2.82842708e+00 3. 1. 2.23606801e+00 2.23606801e+00
    2. 1.41421354e+00 1. 1. 0. 1. 1. 1. 1. 1. 1. 1.41421354e+00 2.
    1.41421354e+00 1. 2. 2. 1. 1. 1. 1. 0. 0. 1. 1.41421354e+00
    2.23606801e+00 2. 1. 0. 0. 1.41421354e+00 0. 1.41421354e+00 2.
    1.41421354e+00 2.23606801e+00 1.41421354e+00 0. 0. 1. 1.
    1.41421354e+00 1. 1. 1. 1.41421354e+00 1. 2. 2. 1.41421354e+00 1.
    1.41421354e+00 1.41421354e+00 1.41421354e+00 1. 1. 1. 1. 1. 0. 1.
    2.23606801e+00 2.23606801e+00 2. 2.82842708e+00 2. 1.41421354e+00
    2.23606801e+00 1.41421354e+00 1. 2.23606801e+00 2.23606801e+00 1. 1.
    1.41421354e+00 1.41421354e+00 1. 1.41421354e+00 2.23606801e+00 0. 2.
    0. 2.23606801e+00 1. 1.41421354e+00 0. 0. 1.41421354e+00 0. 1. 1. 1.
    1.41421354e+00 1. 1. 1.41421354e+00 1.41421354e+00 1.41421354e+00 1.
    1. 1.41421354e+00 2.23606801e+00 1. 0. 1. 1.41421354e+00
    1.41421354e+00 1.41421354e+00 1.41421354e+00 1.41421354e+00 1.
    1.41421354e+00 1. 1.41421354e+00 1.41421354e+00 1. 1. 1.
    1.41421354e+00 0. 0. 1.41421354e+00 1. 1. 0. 1.41421354e+00 0.
    1.41421354e+00 1.41421354e+00 1. 1. 2. 1. 2. 3.16227770e+00 0.
    3.16227770e+00 1.41421354e+00 2.82842708e+00 1. 1.41421354e+00
    1.41421354e+00 1. 1.41421354e+00 1.41421354e+00 1. 0. 1.41421354e+00
    2.23606801e+00 1. 1. 1. 0. 2.23606801e+00 1.41421354e+00 1. 1. 1. 0.
    2.23606801e+00 0. 2. 1.41421354e+00 0. 0. 0. 1. 1. 1. 2. 0. 0.
    1.41421354e+00 1.41421354e+00 1. 1.41421354e+00 1. 1. 0. 0. 1. 1.
    1.41421354e+00 1.41421354e+00 1. 1. 2. 1.41421354e+00 1. 1.
    1.41421354e+00 1. 0. 0. 1.41421354e+00 1. 0. 1. 1. 0. 1. 1. 1. 0. 1.
    1. 1. 1.41421354e+00 0. 0. 1. 1. 1. 1. 1.41421354e+00 1.
    2.23606801e+00 1.41421354e+00 1. 1.41421354e+00 1. 0. 1. 1.
    1.41421354e+00 2. 0. 0. 2.23606801e+00 2.23606801e+00 2.23606801e+00
    3.16227770e+00 0. 1. 1. 1. 1. 1. 0. 1. 2.23606801e+00 1. 1.
    1.41421354e+00 0. 1. 1. 1.41421354e+00 1.41421354e+00 2.23606801e+00
    2.23606801e+00 2.23606801e+00 3. 1. 3.16227770e+00 2.23606801e+00 1.
    2.23606801e+00 2.23606801e+00 1. 1. 0. 1. 1.41421354e+00 1.
    1.41421354e+00 1. 1.41421354e+00 3. 1.41421354e+00 1.41421354e+00 1.
    1.41421354e+00 2. 1. 1. 1.41421354e+00 1.41421354e+00 1. 1.
    1.41421354e+00 1.41421354e+00 1.41421354e+00 1.41421354e+00 0. 0.
    1.41421354e+00 1.41421354e+00 1.41421354e+00 0. 2.23606801e+00 1. 1.
    0. 1. 1. 1.41421354e+00 2. 1.41421354e+00 1. 1.41421354e+00 2.
    2.23606801e+00 1.41421354e+00 2. 1.41421354e+00 1. 0. 1.41421354e+00
    1. 1. 1. 0. 1. 1. 1. 0. 2.23606801e+00 2.82842708e+00 1.41421354e+00
    2.23606801e+00 2.23606801e+00 1. 1. 1. 1. 0. 2. 1. 0. 0. 0.
    1.41421354e+00 0. 2. 2.23606801e+00 1.41421354e+00 0. 2. 1. 1. 1. 0.
    1. 1. 1. 0. 1. 1.41421354e+00 1.41421354e+00 1. 1.41421354e+00
    2.23606801e+00 1. 2. 0. 2.23606801e+00 0. 2.23606801e+00
    1.41421354e+00 1.41421354e+00 1. 1. 2.23606801e+00 2. 0. 0. 0. 1. 1.
    0. 1. 0. 1. 1. 1.41421354e+00 1. 1.41421354e+00 1. 1. 0. 0. 1.
    1.41421354e+00 0. 1.41421354e+00 1.41421354e+00 1. 1. 2. 1. 2.
    2.82842708e+00 1. 1.41421354e+00 2.23606801e+00 1. 1.41421354e+00 0.
    0. 1. 0. 1. 1.41421354e+00 1. 2. 1. 0. 2. 0. 2.23606801e+00 1. 1.
    1.41421354e+00 0. 2.23606801e+00 2.23606801e+00 1. 1. 1.41421354e+00
    2. 1. 1. 1. 1. 1. 1.41421354e+00 1. 1.41421354e+00 1. 1.
    1.41421354e+00 1.41421354e+00 0. 1. 1. 1. 1. 1. 1.41421354e+00 1.
    1.41421354e+00 1. 1.41421354e+00 1. 1.41421354e+00 2.23606801e+00 1.
    1. 0. 1. 1. 1. 1.41421354e+00 2. 1. 1. 1.41421354e+00 1. 0. 1. 0. 1.
    0. 0. 1. 1. 1. 1. 0. 1. 1. 1. 0. 1.41421354e+00 1. 0. 1.41421354e+00
    1.41421354e+00 2.23606801e+00 1.41421354e+00 1.41421354e+00 1. 1. 2.
    2.23606801e+00 1. 2.82842708e+00 2. 2.82842708e+00 3. 2.23606801e+00
    2. 2. 2. 2.23606801e+00 1. 2. 1.41421354e+00 1. 0. 1.41421354e+00 0.
    0. 1. 1. 3.16227770e+00 2. 1. 1.41421354e+00 2.23606801e+00 0.
    2.82842708e+00 2.82842708e+00 1.41421354e+00 1. 1. 1. 0. 0. 1.
    1.41421354e+00 2.82842708e+00 1.41421354e+00 2.23606801e+00 1. 1. 0.
    1. 1. 1. 2. 1. 0. 0. 0. 1. 1. 0. 1. 1.41421354e+00 1.41421354e+00 1.
    2.23606801e+00 0. 1. 1.41421354e+00 1. 1. 0. 0. 1.41421354e+00 0. 1.
    0. 1. 2.23606801e+00 1. 1.41421354e+00 1. 0. 1. 1.41421354e+00
    1.41421354e+00 1.41421354e+00 1.41421354e+00 1. 0. 1. 1.
    1.41421354e+00 1.41421354e+00 2. 1. 2.82842708e+00 2.82842708e+00 1.
    2.23606801e+00 2.23606801e+00 1. 0. 0. 2.23606801e+00 2.23606801e+00
    1. 1. 1.41421354e+00 1. 1.41421354e+00 2. 1. 1. 1. 1.41421354e+00 2.
    0. 1.41421354e+00 0. 0. 1. 1.41421354e+00 1.41421354e+00
    1.41421354e+00 1.41421354e+00 1.41421354e+00 0. 1. 1. 1.
    1.41421354e+00 2. 0. 1.41421354e+00 2.23606801e+00 1.41421354e+00 1.
    1. 2. 1.41421354e+00 1. 1.41421354e+00 1. 1. 0. 1. 0. 1. 0.
    1.41421354e+00 2.23606801e+00 1.41421354e+00 1.41421354e+00 1. 1. 1.
    1.41421354e+00 1.41421354e+00 1.41421354e+00 1. 1.41421354e+00
    1.41421354e+00 1.41421354e+00 1. 1. 2. 2.23606801e+00 1.41421354e+00
    2.23606801e+00 1. 1. 0. 1.41421354e+00 2.23606801e+00 1.41421354e+00
    1.41421354e+00 1.41421354e+00 1.41421354e+00 1.41421354e+00
    1.41421354e+00 1.41421354e+00 1. 0. 1. 1. 1. 2. 1. 1. 1.
    1.41421354e+00 1. 0. 1.41421354e+00 1. 1.41421354e+00 2.82842708e+00
    3. 1.41421354e+00 0. 0. 0. 1. 1. 2. 1. 1.41421354e+00 2.23606801e+00
    1.41421354e+00 1. 2. 0. 1. 1. 1. 0. 0. 1. 0. 0. 1. 1. 1.41421354e+00
    1.41421354e+00 1. 1. 1. 1.41421354e+00 1. 2.23606801e+00 2. 0. 2.
    2.23606801e+00 2.23606801e+00 1.41421354e+00 0. 0. 1. 0. 1. 1. 0. 1.
    2. 0. 0. 0. 0. 0. 1. 1. 1. 1. 1.41421354e+00 1. 1. 0. 1. 2. 1. 1.
    2.23606801e+00 1.41421354e+00 1. 1. 2. 0. 1.41421354e+00 1. 2. 2. 1.
    1. 2. 1. 1. 2.23606801e+00 0. 1. 0. 0. 1. 0. 1.41421354e+00 1.
    1.41421354e+00 2. 1.41421354e+00 3.16227770e+00 1.41421354e+00 1.
    1.41421354e+00 2. 1. 1.41421354e+00 0. 0. 0. 1.41421354e+00 1.
    1.41421354e+00 1.41421354e+00 0. 1. 1. 1. 1.41421354e+00 0. 1. 0. 0.
    0. 1. 1.41421354e+00 1.41421354e+00 1. 1. 1. 1. 2. 1. 1. 1. 1. 1. 1.
    0. 1.41421354e+00 0. 2.23606801e+00 0. 2. 1.41421354e+00 1. 1. 0. 1.
    1. 1. 2. 1.41421354e+00 1.41421354e+00 1.41421354e+00 1.41421354e+00
    1. 1. 1.41421354e+00 1. 2. 1.41421354e+00 1. 2.82842708e+00
    2.82842708e+00 1.41421354e+00 3.16227770e+00 2.82842708e+00 1.
    1.41421354e+00 2.82842708e+00 1.41421354e+00 1. 2. 1. 0. 1. 0. 0.
    1.41421354e+00 0. 1. 1. 0. 1.41421354e+00 1. 0. 0. 1. 1. 1. 1. 2.
    2.23606801e+00 1.41421354e+00 0. 2. 2. 1.41421354e+00 1. 1. 1. 1. 1.
    1. 1.41421354e+00 1. 1.41421354e+00 1. 2. 0. 1. 1. 1. 0. 1.
    2.23606801e+00 0. 2. 1. 0. 0. 1. 1.41421354e+00 0. 1.41421354e+00
    1.41421354e+00 1. 1. 1. 1. 0. 3. 1. 2. 1. 1. 1. 1. 0. 1.41421354e+00
    2.23606801e+00 1. 0. 1. 1. 1.41421354e+00 0. 0. 1. 0. 1.
    1.41421354e+00 1.41421354e+00 1. 1. 0. 1.41421354e+00 1. 1. 0. 0. 2.
    3. 1. 3. 1.41421354e+00 2. 1. 1. 2. 1. 0. 1. 1. 2.23606801e+00 1. 0.
    1. 0. 0. 0. 0. 0. 0. 0. 0. 0. 0. 1.41421354e+00 1. 1. 2. 1. 1.
    2.23606801e+00 1.41421354e+00 1.41421354e+00 2. 1. 1.41421354e+00 1.
    2.23606801e+00 1.41421354e+00 0. 1. 1.41421354e+00 0. 1.41421354e+00
    1. 1. 0. 1. 0. 1. 0. 0. 0. 2. 1.41421354e+00 0. 1.41421354e+00 0.
    1.41421354e+00 1. 1. 2. 1. 2. 1. 1. 1. 0. 2.23606801e+00
    3.16227770e+00 1. 1. 1. 1. 1.41421354e+00 1. 2.23606801e+00 2.
    2.23606801e+00 1.41421354e+00 2.23606801e+00 1. 0. 0. 1. 1.
    1.41421354e+00 2.23606801e+00 1. 0. 2.23606801e+00 2. 1.
    1.41421354e+00 1. 1. 1.41421354e+00 1.41421354e+00 1.41421354e+00 0.
    0. 1. 1. 1. 1. 1.41421354e+00 1. 1. 0. 1.41421354e+00 2.23606801e+00
    0. 0. 0. 0. 0. 1. 2. 0. 1. 1. 1. 1. 1. 1.41421354e+00 2.
    2.23606801e+00 1. 1.41421354e+00 0. 1. 1. 1. 2.23606801e+00
    1.41421354e+00 1. 1. 1.41421354e+00 1. 1.41421354e+00 1. 1.
    1.41421354e+00 2.23606801e+00 1. 0. 1. 1. 1.41421354e+00 1. 0.
    1.41421354e+00 1. 1.41421354e+00 0. 3.16227770e+00 3. 1.
    3.16227770e+00 1. 2. 1.41421354e+00 1. 1.41421354e+00 1. 1. 1. 1. 1.
    1. 1.41421354e+00 1.41421354e+00 2.23606801e+00 2. 1.41421354e+00 1.
    1. 1. 0. 1. 1.41421354e+00 1.41421354e+00 2.23606801e+00 2.
    1.41421354e+00 2.23606801e+00 0. 1.41421354e+00 2. 2. 1. 1. 0. 0. 1.
    1. 1. 1. 1. 1. 0. 1. 1. 1. 1.41421354e+00 1. 1.41421354e+00
    1.41421354e+00 2. 1. 1.41421354e+00 1. 1. 0. 1.41421354e+00 1. 0. 1.
    1. 1. 0. 2.23606801e+00 1. 2. 2.23606801e+00 1.41421354e+00 1. 1. 1.
    0. 1. 1. 1. 1.41421354e+00 1. 0. 1. 0. 0. 1. 1. 0. 1. 1. 0. 1. 0. 1.
    1.41421354e+00 1. 0. 0. 0. 1. 2.82842708e+00 2. 2. 2. 0. 0.
    1.41421354e+00 1.41421354e+00 0. 1. 2. 1. 1. 1.41421354e+00 1. 0. 0.
    0. 0. 1. 0. 0. 1. 1. 1. 1. 1. 0. 1. 1.41421354e+00 2. 2.
    1.41421354e+00 1.41421354e+00 1.41421354e+00 1. 1.41421354e+00 2.
    1.41421354e+00 1. 1.41421354e+00 1. 1. 2.23606801e+00 2.82842708e+00
    0. 1. 0. 1. 0. 1. 0. 1. 0. 1. 1. 2. 1.41421354e+00 1.41421354e+00
    1.41421354e+00 1. 1. 1.41421354e+00 2. 2.23606801e+00 1. 1.
    1.41421354e+00 1. 1. 1.41421354e+00 2.23606801e+00 2.82842708e+00 1.
    1. 2.23606801e+00 1. 1.41421354e+00 0. 2. 1.41421354e+00
    1.41421354e+00 0. 1.41421354e+00 1. 1. 0. 0. 2.23606801e+00 1.
    1.41421354e+00 1.41421354e+00 1.41421354e+00 1. 2. 0. 0. 0.
    1.41421354e+00 1. 1.41421354e+00 1. 0. 1. 1. 1. 1.41421354e+00 0. 0.
    1. 1.41421354e+00 1.41421354e+00 1.41421354e+00 1. 0. 0. 0. 0.
    1.41421354e+00 0. 2. 1.41421354e+00 1. 1.41421354e+00 1.41421354e+00
    1. 2. 0. 2.23606801e+00 2.23606801e+00 1. 1. 1. 2. 1.41421354e+00
    1.41421354e+00 1. 0. 0. 1. 2. 1.41421354e+00 1. 0. 0. 2.23606801e+00
    2.23606801e+00 0. 1.41421354e+00 2.82842708e+00 1.41421354e+00 1. 1.
    1.41421354e+00 1.41421354e+00 0. 1. 2. 3.60555124e+00 2.
    3.16227770e+00 2. 2.23606801e+00 2.23606801e+00 1. 1. 1. 1. 1. 1. 1.
    1. 2. 1. 2. 2. 1.41421354e+00 1. 2.23606801e+00 0. 1.41421354e+00
    1.41421354e+00 2.23606801e+00 2.23606801e+00 1.41421354e+00 2. 0. 2.
    1. 2.23606801e+00 1.41421354e+00 1. 1. 1.41421354e+00 1.41421354e+00
    1. 1.41421354e+00 1. 1. 2. 1. 1. 0. 1. 1. 3.16227770e+00 2. 2.
    1.41421354e+00 1.41421354e+00 1.41421354e+00 1. 2. 2. 1.41421354e+00
    1. 1. 1. 1. 1.41421354e+00 0. 0. 1.41421354e+00 2. 2.23606801e+00 0.
    1. 1. 0. 1. 1.41421354e+00 1. 2.23606801e+00 2. 2.23606801e+00
    1.41421354e+00 1.41421354e+00 1. 0. 0. 1. 1. 1. 1. 1. 1.41421354e+00
    1. 1. 1. 1.41421354e+00 1. 0. 0. 0. 0. 0. 2.23606801e+00
    2.23606801e+00 1. 1. 1. 0. 1. 1. 1. 1. 1. 1. 2.23606801e+00
    1.41421354e+00 2.23606801e+00 1.41421354e+00 0. 0. 1. 1.
    1.41421354e+00 1.41421354e+00 2.23606801e+00 2. 1.41421354e+00 1.
    1.41421354e+00 1.41421354e+00 1. 1. 0. 1. 1.41421354e+00
    1.41421354e+00 1. 1. 1.41421354e+00 1.41421354e+00 2. 2. 1. 1. 1. 1.
    2.23606801e+00 1.41421354e+00 0. 0. 1. 0. 0. 2. 0. 0. 1. 1.
    3.16227770e+00 1.41421354e+00 1.41421354e+00 1.41421354e+00 2. 1.
    2.23606801e+00 1. 1.41421354e+00 2.23606801e+00 2.23606801e+00
    1.41421354e+00 1.41421354e+00 1. 1.41421354e+00 1. 2.23606801e+00
    2.23606801e+00 1.41421354e+00 1. 0. 2. 2.23606801e+00 1.41421354e+00
    2. 2.23606801e+00 1.41421354e+00 1. 1. 0. 1. 1. 2. 1.41421354e+00 2.
    2.23606801e+00 1. 1.41421354e+00 2.23606801e+00 1.41421354e+00 0. 0.
    1. 1.41421354e+00 1.41421354e+00 1. 0. 1. 1.41421354e+00
    1.41421354e+00 1. 0. 1. 0. 0. 1.41421354e+00 1. 1. 0. 0. 0.
    1.41421354e+00 1. 1.41421354e+00 1.41421354e+00 1. 2.23606801e+00
    1.41421354e+00 0. 1. 1.41421354e+00 2.23606801e+00 1.41421354e+00 1.
    1. 0. 1. 1. 2.23606801e+00 1.41421354e+00 0. 1. 1.41421354e+00
    2.23606801e+00 1. 1. 1.41421354e+00 1.41421354e+00 0. 1.
    2.23606801e+00 1. 2.82842708e+00 1.41421354e+00 0. 1. 1. 1.
    2.23606801e+00 1.41421354e+00 0. 0. 2.23606801e+00 3.16227770e+00
    2.23606801e+00 1. 1. 2.82842708e+00 0. 1. 1.41421354e+00 2. 0. 1. 0.
    1. 2.23606801e+00 2.23606801e+00 1.41421354e+00 1.41421354e+00 2.
    3.16227770e+00 1. 2. 1.41421354e+00 0. 1. 2.23606801e+00
    2.23606801e+00 1.41421354e+00 1.41421354e+00 1. 1.41421354e+00 1. 1.
    0. 0. 1. 1. 2. 2. 0. 2.23606801e+00 2. 1. 1.41421354e+00 1. 0. 3. 2.
    0. 1. 2. 1. 1. 2. 1. 1.41421354e+00 2. 1.41421354e+00 1. 1. 1. 1. 0.
    1. 2. 1. 2. 1. 0. 0. 1. 1. 1.41421354e+00 2.23606801e+00
    1.41421354e+00 1. 1. 0. 1.41421354e+00 1. 0. 0. 0. 1. 1. 0. 0. 2. 2.
    1.41421354e+00 0. 1.41421354e+00 0. 1. 0. 0. 0. 1. 1. 2.23606801e+00
    1. 1. 0. 1. 1.41421354e+00 1.41421354e+00 1.41421354e+00
    1.41421354e+00 1. 1. 1. 2. 0. 2.23606801e+00 1.41421354e+00 1. 1. 1.
    2.23606801e+00 3. 1.41421354e+00 1. 2.23606801e+00 1. 0. 1.
    1.41421354e+00 1. 1. 1.41421354e+00 1. 1.41421354e+00 1. 1. 1.
    1.41421354e+00 1. 1. 1. 1.41421354e+00 2. 1. 2.23606801e+00 1. 1. 1.
    0. 1. 1.41421354e+00 1. 1. 0. 1. 2.23606801e+00 2.82842708e+00
    1.41421354e+00 1. 2. 1. 1.41421354e+00 1. 1. 1. 1. 1. 0. 0.
    1.41421354e+00 1. 1. 0. 2.23606801e+00 2.23606801e+00 0. 2.
    1.41421354e+00 1.41421354e+00 2.82842708e+00 1.41421354e+00
    2.23606801e+00 0. 1. 1. 1. 0. 1. 1.41421354e+00 1. 1.41421354e+00
    1.41421354e+00 1.41421354e+00 2.23606801e+00 0. 2.23606801e+00 1. 0.
    0. 0. 1. 1. 1. 1. 2. 1. 1. 1.41421354e+00 0. 1. 0. 1. 1. 1. 1. 0. 1.
    1.41421354e+00 1.41421354e+00 2.23606801e+00 0. 2.23606801e+00 1.
    1.41421354e+00 1. 0. 0. 2. 2. 0. 1. 0. 1. 1.41421354e+00 1.
    2.23606801e+00 1. 1.41421354e+00 2.23606801e+00 1.41421354e+00
    1.41421354e+00 1. 0. 1. 1.41421354e+00 1.41421354e+00 1.
    2.23606801e+00 1.41421354e+00 0. 0. 1. 0. 2.23606801e+00 0.
    2.23606801e+00 1.41421354e+00 1. 0. 1. 1. 0. 0. 2. 1.41421354e+00 2.
    1. 0. 1. 1. 1. 1. 1.41421354e+00 2.23606801e+00 1. 3.16227770e+00
    3.16227770e+00 2.23606801e+00 2. 2. 1. 0. 0. 0. 0. 1.41421354e+00
    2.23606801e+00 0. 0. 2. 2.23606801e+00 1.41421354e+00 1.
    1.41421354e+00 2. 1.41421354e+00 1. 2.23606801e+00 1.41421354e+00 0.
    2.23606801e+00 1. 1.41421354e+00 2. 1.41421354e+00 2.23606801e+00 2.
    1. 1. 1. 1. 1. 2.23606801e+00 2. 1. 1.41421354e+00 2. 1. 1.
    1.41421354e+00 1.41421354e+00 1. 2.23606801e+00 2. 1.41421354e+00 0.
    1. 0. 1. 1. 0. 0. 1. 1. 1. 1. 1. 0. 0. 1. 1. 0. 0. 0. 1.41421354e+00
    1.41421354e+00 1.41421354e+00 2. 1. 1.41421354e+00 0. 0. 1. 0. 0. 1.
    0. 1. 1. 0. 0. 1. 1.41421354e+00 2.23606801e+00 1.41421354e+00 0. 1.
    1. 1.41421354e+00 1. 1. 0. 2. 2.23606801e+00 2. 1. 1. 3.16227770e+00
    2.23606801e+00 2.82842708e+00 2.23606801e+00 1. 1. 0. 0. 1. 0.
    1.41421354e+00 1. 1.41421354e+00 1. 0. 0. 1. 1. 1. 0. 1.
    1.41421354e+00 2.23606801e+00 1.41421354e+00 1.41421354e+00 1. 1. 1.
    1. 1.41421354e+00 1.41421354e+00 1.41421354e+00 1. 1.41421354e+00
    2.23606801e+00 1. 1.41421354e+00 2. 1.41421354e+00 1. 0. 1. 1. 1. 0.
    0. 0. 0. 0. 1. 1. 0. 1. 1.41421354e+00 2.23606801e+00 1.
    1.41421354e+00 0. 1.41421354e+00 1.41421354e+00 1.41421354e+00 1.
    1.41421354e+00 1.41421354e+00 1.41421354e+00 1. 1. 1.41421354e+00
    1.41421354e+00 0. 2. 1.41421354e+00 1. 2.23606801e+00 1.41421354e+00
    1. 0. 1. 0. 2. 1.41421354e+00 1. 1. 1.41421354e+00 2. 1.41421354e+00
    1. 1.41421354e+00 0. 1.41421354e+00 1. 2. 1.41421354e+00 1. 1. 1. 2.
    0. 2. 1. 1. 1. 1.41421354e+00 1.41421354e+00 0. 1. 1.41421354e+00
    1.41421354e+00 2. 1. 1.41421354e+00 0. 1. 2. 1. 1. 1.41421354e+00
    1.41421354e+00 1. 1.41421354e+00 1. 1.41421354e+00 1. 1. 1. 1.
    1.41421354e+00 1. 1. 1. 1. 1. 2.23606801e+00 2.23606801e+00 1. 1.
    1.41421354e+00 1. 0. 0. 0. 1. 1. 2. 1. 1.41421354e+00 1.41421354e+00
    1.41421354e+00 1. 1. 1.41421354e+00 1. 2. 3.16227770e+00 2.
    1.41421354e+00 2.23606801e+00 2. 2. 1.41421354e+00 1. 1.
    1.41421354e+00 1. 2.23606801e+00 1. 1. 1.41421354e+00 1.
    1.41421354e+00 2.23606801e+00 0. 2. 1.41421354e+00 1. 1. 1. 0. 1.
    1.41421354e+00 0. 1. 1. 1. 1.41421354e+00 1.41421354e+00 1. 1. 1. 1.
    0. 1. 1.41421354e+00 1. 1. 2.23606801e+00 1.41421354e+00 1. 0. 0. 1.
    1. 1.41421354e+00 0. 1.41421354e+00 2. 1.41421354e+00 1. 1.
    1.41421354e+00 1. 1. 1. 1.41421354e+00 1.41421354e+00 1.41421354e+00
    1.41421354e+00 1. 1. 1. 1. 0. 1. 1.41421354e+00 0. 1.41421354e+00 2.
    1. 1. 1. 1. 1. 1. 0. 1.41421354e+00 1. 1. 0. 1. 1. 1. 0. 1.
    2.23606801e+00 2. 2. 1. 1.41421354e+00 0. 0. 1. 1.41421354e+00 2. 3.
    1. 1. 1.41421354e+00 2. 1.41421354e+00 1. 0. 1. 1. 1. 0. 0. 1.
    1.41421354e+00 1.41421354e+00 2. 1.41421354e+00 1. 0. 0.
    1.41421354e+00 1.41421354e+00 0. 1. 1. 1.41421354e+00 1.41421354e+00
    1. 1. 0. 1. 0. 2.23606801e+00 0. 0. 2.23606801e+00 1.41421354e+00
    2.23606801e+00 2.23606801e+00 1.41421354e+00 1. 0. 0. 0. 1. 0. 1. 0.
    0. 1. 1. 1. 1. 0. 2. 2. 1. 1.41421354e+00 1. 1. 1. 1. 1.41421354e+00
    0. 1.41421354e+00 0. 1.41421354e+00 2. 0. 1. 1.41421354e+00 2. 0.
    2.23606801e+00 1. 2. 2. 1. 1. 0. 1. 1. 1. 0. 0. 1.41421354e+00 2. 1.
    1.41421354e+00 0. 1. 1.41421354e+00 1. 2. 0. 1.41421354e+00 1. 1.
    1.41421354e+00 2.23606801e+00 2.23606801e+00 0. 2. 1. 0. 1. 1. 1. 1.
    1. 2. 1.41421354e+00 1. 1. 1. 1. 1. 2. 1.41421354e+00 1.41421354e+00
    1.41421354e+00 1. 1.41421354e+00 1.41421354e+00 0. 1.41421354e+00
    1.41421354e+00 1.41421354e+00 0. 1.41421354e+00 2. 1.41421354e+00 1.
    2. 1. 1.41421354e+00 1. 1. 1.41421354e+00 1. 0. 0. 0. 0. 1. 1.
    1.41421354e+00 1.41421354e+00 0. 0. 1.41421354e+00 1. 0. 1. 0.
    2.23606801e+00 4.12310553e+00 4. 2. 1. 1.41421354e+00 2.
    1.41421354e+00 0. 1. 1.41421354e+00 2.23606801e+00 1. 2. 1.
    2.23606801e+00 1. 2. 0. 2. 1. 1. 1. 1.41421354e+00 1.41421354e+00
    1.41421354e+00 1.41421354e+00 0. 1. 1. 1. 0. 1.41421354e+00
    1.41421354e+00 1. 1. 1. 1.41421354e+00 1. 1. 0. 0. 1.41421354e+00
    2.23606801e+00 2. 2. 1. 1. 2. 1. 1. 2.23606801e+00 1. 2.82842708e+00
    1. 1. 1. 0. 0. 1. 0. 1.41421354e+00 1. 1.41421354e+00 1. 1. 1. 1. 0.
    1. 1.41421354e+00 1.41421354e+00 1. 1.41421354e+00 1.41421354e+00
    1.41421354e+00 1. 1. 1. 1.41421354e+00 2. 0. 1.41421354e+00 0. 1. 1.
    0. 1. 2. 1.41421354e+00 1. 1. 1. 2. 1. 1. 0. 1. 1. 2.23606801e+00 2.
    1.41421354e+00 0. 1. 1. 1. 2. 1. 1. 1. 1. 1.41421354e+00 0. 1. 2. 1.
    1. 1.41421354e+00 1.41421354e+00 2.23606801e+00 1.41421354e+00 1.
    1.41421354e+00 1.41421354e+00 0. 1. 1. 0. 1.41421354e+00
    1.41421354e+00 1. 1. 1. 1. 1. 0. 1. 3. 3. 1. 0. 0. 1. 1. 0. 0. 1. 1.
    1. 1.41421354e+00 1.41421354e+00 1. 1. 1. 1.41421354e+00
    2.82842708e+00 2.23606801e+00 2. 2.23606801e+00 2. 0. 1. 0. 1. 1.
    1.41421354e+00 1.41421354e+00 1.41421354e+00 0. 1. 1. 1.
    1.41421354e+00 1.41421354e+00 1.41421354e+00 1.41421354e+00 1. 1. 1.
    1. 1. 1. 1.41421354e+00 1.41421354e+00 0. 1.41421354e+00
    1.41421354e+00 0. 1. 1. 0. 1. 1.41421354e+00 1.41421354e+00 2. 0. 2.
    1. 1. 1. 1. 0. 2. 1.41421354e+00 1. 1.41421354e+00 1.41421354e+00 0.
    1. 1.41421354e+00 1. 1.41421354e+00 1. 0. 1. 1. 2. 1. 1. 1.
    1.41421354e+00 0. 1. 1. 0. 0. 1. 0. 0. 1.41421354e+00 2. 0. 1. 1. 1.
    1. 2. 1.41421354e+00 1. 1. 1. 1. 1. 1. 1. 0. 0. 1. 1. 2. 2. 1. 0. 0.
    0. 1.41421354e+00 1.41421354e+00 2. 2.23606801e+00 2.23606801e+00 1.
    1. 1. 2. 1. 2. 2.23606801e+00 0. 2.23606801e+00 2. 1. 1. 1.
    1.41421354e+00 1. 2. 1. 1.41421354e+00 1.41421354e+00 1. 1.
    1.41421354e+00 0. 2.23606801e+00 1. 1. 1.41421354e+00 2. 0.
    2.23606801e+00 1. 1. 1. 2.23606801e+00 1.41421354e+00 1. 1. 0. 0. 1.
    1. 1.41421354e+00 1. 1.41421354e+00 1.41421354e+00 1.41421354e+00 1.
    2. 1. 2.23606801e+00 2. 1.41421354e+00 1. 1.41421354e+00 1. 1.
    1.41421354e+00 1. 1. 1. 1. 0. 1.41421354e+00 1. 1. 0. 2.
    1.41421354e+00 1. 1. 1.41421354e+00 1. 1. 1. 2.23606801e+00 1. 1. 1.
    0. 0. 0. 0. 0. 0. 0. 1. 1. 0. 1.41421354e+00 1. 2. 1. 1. 1. 1. 1. 1.
    1.41421354e+00 1. 2.23606801e+00 1.41421354e+00 1.41421354e+00 1. 1.
    0. 1. 1.41421354e+00 1. 0. 1.41421354e+00 1. 1.41421354e+00 1. 2.
    2.23606801e+00 1. 2.23606801e+00 1.41421354e+00 1. 1. 1. 0.
    1.41421354e+00 1. 2.23606801e+00 1. 1.41421354e+00 1.41421354e+00 1.
    0. 0. 0. 1. 1. 1. 1. 0. 1. 1. 1.41421354e+00 1.41421354e+00 0. 1.
    1.41421354e+00 1. 1. 0. 0. 1.41421354e+00 1. 2.23606801e+00
    1.41421354e+00 2.82842708e+00 3.16227770e+00 1.41421354e+00
    1.41421354e+00 1. 1.41421354e+00 1. 1.41421354e+00 1. 1. 0. 1. 0. 1.
    1. 1. 1.41421354e+00 1. 2. 0. 1. 1.41421354e+00 1.41421354e+00
    2.23606801e+00 1.41421354e+00 1.41421354e+00 1.41421354e+00
    2.23606801e+00 1. 1.41421354e+00 0. 0. 1. 0. 1. 1. 0. 1. 1. 1. 2. 1.
    1. 0. 0. 1.41421354e+00 1.41421354e+00 0. 1.41421354e+00
    1.41421354e+00 0. 1. 2. 1.41421354e+00 1.41421354e+00 1. 2.
    1.41421354e+00 1. 0. 1. 1. 1. 2. 0. 0. 0. 1.41421354e+00 1.
    1.41421354e+00 1. 1. 2. 2. 0. 1. 1. 1. 1. 2. 1.41421354e+00 1. 0. 0.
    0. 1. 2. 1. 1. 1.41421354e+00 1.41421354e+00 0. 2. 1.41421354e+00
    1.41421354e+00 1. 0. 0. 1. 1.41421354e+00 1. 1. 1. 2.23606801e+00
    1.41421354e+00 1.41421354e+00 1.41421354e+00 0. 1. 1.41421354e+00
    2.23606801e+00 3.16227770e+00 1.41421354e+00 0. 1. 0. 1. 0.
    2.23606801e+00 1. 1. 0. 1.41421354e+00 1. 1. 1. 2.23606801e+00
    1.41421354e+00 1. 1. 1.41421354e+00 1. 1. 0. 1. 1. 1.41421354e+00 1.
    1.41421354e+00 2. 1.41421354e+00 1. 1. 1. 1. 1.41421354e+00 1.
    1.41421354e+00 0. 1. 1. 1.41421354e+00 1. 2.23606801e+00 3. 1. 0. 1.
    2.23606801e+00 1.41421354e+00 2.23606801e+00 1. 1.41421354e+00 1.
    1.41421354e+00 1.41421354e+00 2.23606801e+00 1.41421354e+00 1. 1. 1.
    2.23606801e+00 2. 2. 0. 1. 1.41421354e+00 1. 1. 1.41421354e+00 0. 0.
    0. 0. 1.41421354e+00 2.23606801e+00 2. 0. 1. 1. 1.41421354e+00 1. 1.
    1. 2.23606801e+00 2. 2.23606801e+00 2. 2.23606801e+00 1.41421354e+00
    1. 0. 2.23606801e+00 3.16227770e+00 2. 1. 1.41421354e+00 1. 0. 0. 1.
    1. 1. 1. 2.23606801e+00 1.41421354e+00 1. 1. 1. 0. 1.41421354e+00
    2.23606801e+00 1. 2. 0. 0. 0. 1. 0. 1.41421354e+00 1. 1.41421354e+00
    1. 0. 0. 0. 0. 1. 1. 0. 0. 0. 1.41421354e+00 2.23606801e+00 1. 1. 1.
    1. 1. 1. 0. 1.41421354e+00 1.41421354e+00 1. 1.41421354e+00
    2.23606801e+00 2.23606801e+00 1. 1. 1.41421354e+00 2.82842708e+00
    3.16227770e+00 0. 1. 1.41421354e+00 1.41421354e+00 2.23606801e+00
    1.41421354e+00 1.41421354e+00 1. 1. 1.41421354e+00 0. 1. 0. 1. 0. 2.
    2.23606801e+00 2.23606801e+00 1. 0. 1.41421354e+00 1. 2. 1. 0. 1. 0.
    1. 1. 1.41421354e+00 1.41421354e+00 1. 0. 1. 1. 1. 0. 0. 1.
    1.41421354e+00 1. 1.41421354e+00 1. 1. 1.41421354e+00 2.82842708e+00
    2.23606801e+00 2.23606801e+00 1. 1. 1. 1.41421354e+00 1.41421354e+00
    2.23606801e+00 1. 1.41421354e+00 1.41421354e+00 1. 1.41421354e+00 1.
    0. 1. 2.23606801e+00 2. 2.23606801e+00 2. 1.41421354e+00
    1.41421354e+00 1. 1. 1. 1. 1. 1. 1. 1. 2.23606801e+00 1.41421354e+00
    1.41421354e+00 2. 0. 2.23606801e+00 2.82842708e+00 1.41421354e+00
    1.41421354e+00 1.41421354e+00 1.41421354e+00 1. 1. 1. 0. 0. 1. 1.
    1.41421354e+00 1.41421354e+00 1. 1.41421354e+00 1.41421354e+00 0. 0.
    0. 1. 1. 2. 2.23606801e+00 1.41421354e+00 0. 0. 0. 0. 2.23606801e+00
    1.41421354e+00 1.41421354e+00 1. 1.41421354e+00 1.41421354e+00
    1.41421354e+00 1.41421354e+00 1. 1. 0. 1.41421354e+00 0.
    1.41421354e+00 0. 0. 0. 0. 1. 1. 1.41421354e+00 1. 1. 2. 0.
    1.41421354e+00 1. 1. 1.41421354e+00 1.41421354e+00 0. 1. 1.
    2.23606801e+00 1.41421354e+00 2.23606801e+00 2.82842708e+00 1.
    1.41421354e+00 1. 2.82842708e+00 2.82842708e+00 1.41421354e+00
    1.41421354e+00 2. 2. 1.41421354e+00 1. 1.41421354e+00 1. 2. 2.
    1.41421354e+00 2. 2. 2.23606801e+00 1. 1. 1. 1.41421354e+00
    1.41421354e+00 2.23606801e+00 0. 0. 0. 1. 1. 2. 1. 0. 0. 0. 1. 1. 1.
    1. 0. 1. 3. 2.23606801e+00 1. 1.41421354e+00 1.41421354e+00 0. 1.
    3.60555124e+00 2.23606801e+00 2.23606801e+00 2. 2. 1. 1.41421354e+00
    1. 1. 0. 0. 1. 1.41421354e+00 1. 0. 0. 0. 0. 0. 1. 1. 0.
    1.41421354e+00 1. 0. 0. 0. 1. 1. 1. 1. 1. 0. 1. 1. 1. 1. 1. 1. 0.
    1.41421354e+00 3. 2.23606801e+00 0. 1.41421354e+00 1. 1.41421354e+00
    1. 1. 1. 0. 0. 1. 2. 0. 1. 1. 3.16227770e+00 3.16227770e+00
    1.41421354e+00 2. 0. 1. 1.41421354e+00 1. 3.16227770e+00
    1.41421354e+00 1.41421354e+00 1.41421354e+00 0. 1. 0. 0. 0. 1. 1.
    1.41421354e+00 1. 1. 1. 1. 1. 1. 1.41421354e+00 2. 1. 1.41421354e+00
    1. 1. 1.41421354e+00 1.41421354e+00 1. 0. 2.23606801e+00 2.
    1.41421354e+00 0. 1. 1. 1.41421354e+00 1. 1. 1. 1.41421354e+00
    1.41421354e+00 1. 1.41421354e+00 2.23606801e+00 1. 1. 0. 1.
    1.41421354e+00 0. 0. 1. 1. 2.23606801e+00 1.41421354e+00
    1.41421354e+00 1. 2. 3. 1.41421354e+00 3. 2. 1.41421354e+00
    1.41421354e+00 1. 1. 1.41421354e+00 1.41421354e+00 1. 1.
    1.41421354e+00 2.82842708e+00 2. 1. 1.41421354e+00 1. 1.41421354e+00
    2. 1. 1. 1. 1. 1.41421354e+00 0. 1.41421354e+00 1. 0. 0. 0. 1. 0. 1.
    1.41421354e+00 1.41421354e+00 2. 1. 1.41421354e+00 1. 1.
    2.23606801e+00 1.41421354e+00 1. 1. 1. 0. 0. 1. 1. 1. 1.41421354e+00
    1. 2.23606801e+00 1.41421354e+00 1. 1. 0. 0. 1. 1. 1.41421354e+00 1.
    0. 1. 1. 0. 0. 1. 1. 1.41421354e+00 1. 2. 1. 1. 0. 0. 1. 1. 0. 1.
    1.41421354e+00 1. 2. 2. 1. 0. 0. 1.41421354e+00 2. 1. 1.
    2.82842708e+00 3.16227770e+00 1. 2.23606801e+00 1. 1. 2.
    2.23606801e+00 2.23606801e+00 1.41421354e+00 3.16227770e+00
    1.41421354e+00 2.23606801e+00 2.23606801e+00 0. 0. 2. 2.23606801e+00
    1. 1.41421354e+00 0. 1.41421354e+00 0. 1. 1.41421354e+00
    2.23606801e+00 2. 1. 0. 1. 1. 1.41421354e+00 1. 0. 1. 1.
    1.41421354e+00 1. 1. 1. 0. 2. 3. 1. 2.23606801e+00 2. 2.
    1.41421354e+00 1. 1. 1.41421354e+00 1. 1. 1. 1.41421354e+00 0. 0. 0.
    0. 1. 1. 2.23606801e+00 1. 2.23606801e+00 1. 1. 1. 0. 0. 1. 1.
    1.41421354e+00 2.23606801e+00 0. 2. 1.41421354e+00 1. 1. 1. 1.
    1.41421354e+00 1. 2.82842708e+00 1. 2.82842708e+00 2. 1.
    2.23606801e+00 1. 2.23606801e+00 1. 2.23606801e+00 1. 0.
    1.41421354e+00 1. 1. 0. 1. 1. 2.82842708e+00 3. 1.41421354e+00 1. 0.
    1. 1.41421354e+00 3.16227770e+00 1. 1.41421354e+00 1. 1. 0. 0. 0. 0.
    0. 1. 2. 1. 1. 0. 1.41421354e+00 1. 2.23606801e+00 1. 2. 1. 1. 1.
    1.41421354e+00 0. 0. 1. 2.23606801e+00 2.82842708e+00 1.41421354e+00
    2.23606801e+00 1. 1. 1.41421354e+00 1. 0. 1. 1. 1. 0. 1. 1. 1. 2. 1.
    1. 0. 1. 1. 0. 1.41421354e+00 1. 2. 1.41421354e+00 1.41421354e+00
    1.41421354e+00 1.41421354e+00 2.23606801e+00 2. 1. 1.41421354e+00 2.
    2. 1. 1. 1.41421354e+00 1. 1. 2. 2.23606801e+00 1. 1.41421354e+00 2.
    1.41421354e+00 0. 1. 1. 1.41421354e+00 1.41421354e+00 1.41421354e+00
    1. 1. 1.41421354e+00 1.41421354e+00 0. 0. 0. 0. 0. 0. 1. 1. 3.
    1.41421354e+00 1. 1. 1. 1. 1.41421354e+00 1.41421354e+00 1. 1. 0. 1.
    1. 0. 1. 1. 2.23606801e+00 2. 1. 1.41421354e+00 2.23606801e+00
    1.41421354e+00 1.41421354e+00 0. 0. 1. 1. 1. 1. 1. 1.41421354e+00 1.
    0. 1. 1.41421354e+00 1.41421354e+00 1.41421354e+00 0. 1. 1. 0. 0. 1.
    1. 0. 1. 1. 1. 0. 0. 0. 1. 0. 0. 1.41421354e+00 2.23606801e+00
    2.23606801e+00 2.23606801e+00 1. 1. 2.23606801e+00 1. 1. 1.
    1.41421354e+00 1. 1.41421354e+00 2.23606801e+00 2. 2.23606801e+00 0.
    0. 1. 1. 0. 1. 1.41421354e+00 2. 0. 2.23606801e+00 1. 1. 1. 1. 0. 1.
    1. 1. 1.41421354e+00 0. 1. 1. 1.41421354e+00 1. 1.41421354e+00 2. 1.
    1. 1. 2.23606801e+00 3. 2.23606801e+00 1.41421354e+00 1.
    1.41421354e+00 1.41421354e+00 0. 1.41421354e+00 2. 0. 2.
    1.41421354e+00 0. 1. 1. 1.41421354e+00 1. 1. 2. 1. 1. 1. 1. 0. 1. 1.
    1.41421354e+00 2.23606801e+00 1. 2.82842708e+00 1.41421354e+00 1.
    1.41421354e+00 1. 1. 0. 0. 0. 1.41421354e+00 1.41421354e+00 0. 2. 3.
    1. 1. 2. 2. 1. 2.23606801e+00 1. 1. 1.41421354e+00 1. 1.41421354e+00
    0. 0. 0. 2. 3. 2. 1.41421354e+00 1.41421354e+00 1. 1.41421354e+00 2.
    1. 1. 1. 0. 0. 0. 0. 0. 1. 1.41421354e+00 1. 0. 0. 0. 1. 2. 0.
    1.41421354e+00 1. 1.41421354e+00 1. 2.23606801e+00 2.23606801e+00 1.
    1. 1. 1.41421354e+00 1.41421354e+00 1.41421354e+00 1. 1. 1. 1. 1.
    1.41421354e+00 1.41421354e+00 1. 1. 0. 0. 0. 1. 2. 1. 1. 1. 1. 1. 0.
    0. 1. 0. 1. 1.41421354e+00 1.41421354e+00 1.41421354e+00
    2.23606801e+00 1. 0. 0. 1. 1.41421354e+00 0. 1.41421354e+00
    1.41421354e+00 2.23606801e+00 1.41421354e+00 1.41421354e+00 1.
    2.23606801e+00 1. 1. 1. 1.41421354e+00 1.41421354e+00 1. 0. 0. 1. 1.
    2.23606801e+00 1. 0. 0. 0. 1. 0. 0. 1.41421354e+00 0. 3.16227770e+00
    1.41421354e+00 1. 1. 0. 0. 0. 1.41421354e+00 1.41421354e+00 0. 0. 1.
    1. 1. 1. 0. 1. 1. 2.23606801e+00 2.23606801e+00 1. 1.41421354e+00
    3.16227770e+00 1.41421354e+00 1. 1. 0. 1. 1. 1.41421354e+00
    1.41421354e+00 0. 1. 0. 1. 1.41421354e+00 1.41421354e+00 1. 1.
    1.41421354e+00 0. 1. 0. 1. 1. 1.41421354e+00 1. 1. 0. 0. 0. 1. 0. 1.
    1. 1. 1. 1. 0. 0. 2.23606801e+00 2.82842708e+00 1. 2.23606801e+00 1.
    1. 2. 2. 1. 1. 0. 1. 1. 0. 1. 1. 2.23606801e+00 1. 1. 1.41421354e+00
    1.41421354e+00 2. 1.41421354e+00 1. 1. 1. 1. 0. 2. 1. 1. 1. 1. 2.
    1.41421354e+00 1.41421354e+00 2. 1. 1. 1.41421354e+00 0.
    2.23606801e+00 1. 1. 0. 1. 1.41421354e+00 1. 1.41421354e+00 0. 1. 0.
    2.23606801e+00 1. 1.41421354e+00 1. 1. 0. 1. 0. 1. 0. 1. 1. 1.
    1.41421354e+00 1. 1.41421354e+00 3.16227770e+00 2. 2.82842708e+00
    2.23606801e+00 0. 1. 1. 1. 1.41421354e+00 1. 1. 1.41421354e+00
    1.41421354e+00 1.41421354e+00 2.23606801e+00 2. 1. 1.41421354e+00 1.
    1. 2.23606801e+00 1.41421354e+00 0. 1. 1.41421354e+00 1. 1. 1. 0. 1.
    1.41421354e+00 1. 1.41421354e+00 3.16227770e+00 2.23606801e+00 1.
    2.23606801e+00 2. 1. 1. 1. 0. 0. 0. 0. 0. 1. 2.23606801e+00
    1.41421354e+00 1. 1.41421354e+00 1. 1. 1.41421354e+00 2. 1. 0.
    1.41421354e+00 0. 3.16227770e+00 1.41421354e+00 1.41421354e+00 1. 1.
    1. 1. 1. 0. 1.41421354e+00 1. 1. 1.41421354e+00 0. 2. 0.
    1.41421354e+00 1. 0. 0. 1. 1.41421354e+00 2. 0. 1. 1. 1.41421354e+00
    1. 1. 2. 1. 1. 1.41421354e+00 1.41421354e+00 1. 2. 1.41421354e+00
    1.41421354e+00 1. 1. 1. 1.41421354e+00 1. 2.23606801e+00 2. 3.
    1.41421354e+00 2.23606801e+00 1. 1. 1. 0. 1. 0. 1. 0. 1. 0.
    2.23606801e+00 0. 1. 0. 1. 1.41421354e+00 1. 1. 1.41421354e+00 0.
    2.82842708e+00 1.41421354e+00 1.41421354e+00 1.41421354e+00
    2.23606801e+00 1.41421354e+00 0. 1.41421354e+00 2.23606801e+00 1.
    1.41421354e+00 0. 0. 1. 1. 0. 0. 1. 1. 2.23606801e+00 2.23606801e+00
    1.41421354e+00 2.23606801e+00 3.16227770e+00 1. 2. 1. 1. 1.
    1.41421354e+00 1. 2. 0. 1.41421354e+00 0. 0. 1. 2. 1.41421354e+00
    1.41421354e+00 1.41421354e+00 1.41421354e+00 0. 0. 1. 2.23606801e+00
    2. 2.82842708e+00 1.41421354e+00 0. 1. 1. 1. 1. 1.41421354e+00
    1.41421354e+00 2.23606801e+00 1.41421354e+00 0. 1. 1. 2.23606801e+00
    1. 1.41421354e+00 2.23606801e+00 1. 1.41421354e+00 1. 1.
    1.41421354e+00 1. 1. 1.41421354e+00 1.41421354e+00 1. 0.
    1.41421354e+00 1. 1.41421354e+00 0. 1.41421354e+00 2.23606801e+00 0.
    2. 2.23606801e+00 1. 1. 0. 2.23606801e+00 2.23606801e+00
    1.41421354e+00 1. 2. 2. 0. 1. 2. 0. 1. 1. 1. 1.41421354e+00 1. 0. 0.
    1. 0. 1. 1. 0. 0. 0. 1.41421354e+00 1. 2.23606801e+00 1. 0. 1. 1. 1.
    0. 0. 1.41421354e+00 1.41421354e+00 1. 2. 1. 0. 1. 3.16227770e+00
    3.16227770e+00 1.41421354e+00 3.60555124e+00 1. 0. 1.41421354e+00
    2.23606801e+00 1. 2.23606801e+00 1. 1.41421354e+00 2.23606801e+00 1.
    1.41421354e+00 1. 1. 0. 1. 1. 1.41421354e+00 0. 0. 0. 1. 1. 1. 1. 2.
    1.41421354e+00 1.41421354e+00 1. 2.23606801e+00 3.16227770e+00 1.
    2.82842708e+00 1.41421354e+00 1. 1. 1. 1.41421354e+00 0. 0. 0. 0. 0.
    1. 2.82842708e+00 2.23606801e+00 2.82842708e+00 1.41421354e+00
    1.41421354e+00 1.41421354e+00 2. 3. 1.41421354e+00 1. 1.
    1.41421354e+00 1.41421354e+00 2.23606801e+00 2. 2. 1. 1.41421354e+00
    1.41421354e+00 1. 1.41421354e+00 1.41421354e+00 1. 2. 1.
    2.82842708e+00 2.23606801e+00 1. 2. 1.41421354e+00 1.41421354e+00 1.
    0. 1. 1. 1. 0. 1.41421354e+00 1. 0. 1.41421354e+00 2. 1.41421354e+00
    1. 2.23606801e+00 2.23606801e+00 0. 1.41421354e+00 1. 1.
    1.41421354e+00 1.41421354e+00 0. 1. 1.41421354e+00 1.41421354e+00
    2.23606801e+00 2.23606801e+00 1. 1.41421354e+00 0. 1.41421354e+00 1.
    1.41421354e+00 1. 0. 0. 1. 0. 1. 0. 1. 0. 1.41421354e+00
    1.41421354e+00 1. 1.41421354e+00 2. 0. 2.23606801e+00 1.41421354e+00
    2. 1.41421354e+00 2. 0. 2.23606801e+00 1. 1.41421354e+00
    1.41421354e+00 1. 1.41421354e+00 1. 1. 1. 0. 0. 0. 0. 1.41421354e+00
    2.23606801e+00 1. 1.41421354e+00 2.23606801e+00 1. 0. 1. 0.
    1.41421354e+00 0. 2. 2. 1.41421354e+00 1. 1. 1. 0. 1. 1. 0. 0. 1. 1.
    0. 0. 2. 3. 1. 2. 2.23606801e+00 2. 1. 0. 1. 2. 1.41421354e+00 1. 0.
    2.23606801e+00 2. 0. 2. 1. 1. 2.23606801e+00 1. 1.41421354e+00 0. 0.
    1. 1.41421354e+00 1.41421354e+00 1.41421354e+00 1. 1.41421354e+00 1.
    1.41421354e+00 1. 1.41421354e+00 1. 1. 1. 2.82842708e+00
    2.23606801e+00 2.23606801e+00 2. 1. 1. 2.23606801e+00 2.23606801e+00
    1. 2.23606801e+00 2.23606801e+00 1. 1.41421354e+00 1. 1.41421354e+00
    1. 1.41421354e+00 1. 0. 1. 1. 1. 1. 0. 0. 1. 0. 0. 0. 0. 1. 1. 1. 1.
    1.41421354e+00 2. 1.41421354e+00 1. 1.41421354e+00 1.41421354e+00 1.
    1. 1.41421354e+00 2.23606801e+00 1.41421354e+00 1. 0. 0.
    2.23606801e+00 4.47213602e+00 2.23606801e+00 3. 2. 1. 1. 1.
    2.23606801e+00 1. 0. 0. 1.41421354e+00 0. 1. 1. 0. 0. 1. 2. 0. 1. 1.
    0. 0. 0. 1.41421354e+00 2.82842708e+00 2. 2.23606801e+00
    1.41421354e+00 1. 1.41421354e+00 1.41421354e+00 2.23606801e+00
    1.41421354e+00 0. 1. 1. 1. 1. 1. 0. 1. 1. 1. 1.41421354e+00
    1.41421354e+00 3.16227770e+00 1. 0. 0. 2. 3.16227770e+00
    1.41421354e+00 3. 1. 0. 1. 1. 1. 1. 1.41421354e+00 1.41421354e+00 0.
    1. 2. 2. 0. 1. 2. 1.41421354e+00 3.16227770e+00 1.41421354e+00 0.
    1.41421354e+00 1. 1. 1.41421354e+00 1. 1. 1.41421354e+00 0. 0. 0. 1.
    1.41421354e+00 2. 1. 1. 1. 1.41421354e+00 3. 1. 1.41421354e+00 1.
    1.41421354e+00 2.82842708e+00 1. 1. 1. 1.41421354e+00 2.
    2.82842708e+00 1.41421354e+00 1.41421354e+00 1.41421354e+00 0.
    2.23606801e+00 1.41421354e+00 0. 1. 1. 2. 0. 0. 0. 0. 0. 1.
    1.41421354e+00 1. 1.41421354e+00 1. 1. 1. 1. 3. 1.41421354e+00 3. 2.
    2. 1. 0. 1. 1. 1. 1.41421354e+00 2. 1. 1. 1. 0. 0. 0. 1.41421354e+00
    2.23606801e+00 2. 2.23606801e+00 1.41421354e+00 1. 1. 2.
    1.41421354e+00 1. 2. 1. 0. 0. 1.41421354e+00 2.23606801e+00 1. 1. 1.
    2. 2.23606801e+00 1.41421354e+00 1.41421354e+00 1. 0. 0. 1.
    2.23606801e+00 3. 2. 1.41421354e+00 1. 1. 1. 1. 1.41421354e+00 1. 0.
    1. 1.41421354e+00 1. 1. 1. 1. 1. 1.41421354e+00 1. 1. 0.
    1.41421354e+00 2.23606801e+00 1.41421354e+00 1. 0. 1.41421354e+00
    1.41421354e+00 1. 1. 2.23606801e+00 1. 0. 1. 1. 1.41421354e+00
    2.23606801e+00 1. 2. 2. 0. 2. 2. 1.41421354e+00 1.41421354e+00
    2.82842708e+00 2.82842708e+00 1. 2. 1. 0. 1. 2.23606801e+00
    1.41421354e+00 0. 1. 1. 1. 1.41421354e+00 1. 0. 1. 0. 0. 0. 0. 1.
    1.41421354e+00 1.41421354e+00 1. 2. 1.41421354e+00 1. 1.
    1.41421354e+00 1.41421354e+00 1. 1.41421354e+00 1. 0. 1. 1. 0.
    1.41421354e+00 2.23606801e+00 3.16227770e+00 2.23606801e+00 1. 0. 1.
    1. 1. 1. 0. 0. 1. 1.41421354e+00 1. 1.41421354e+00 1. 1.41421354e+00
    1.41421354e+00 1. 2. 1.41421354e+00 1.41421354e+00 1. 0.
    1.41421354e+00 2.23606801e+00 1.41421354e+00 1.41421354e+00
    2.23606801e+00 1. 0. 0. 1. 1. 0. 0. 1.41421354e+00 0. 2.23606801e+00
    3. 1. 1. 1. 1. 2. 1.41421354e+00 1. 1. 1. 1. 1.41421354e+00
    2.23606801e+00 1.41421354e+00 2.23606801e+00 2. 1.41421354e+00 1. 1.
    2.23606801e+00 0. 2.23606801e+00 1. 1.41421354e+00 1. 1.
    1.41421354e+00 1.41421354e+00 1. 1. 1.41421354e+00 1.41421354e+00 2.
    1. 1. 1. 1. 1. 1.41421354e+00 1. 1. 1. 0. 1. 0. 0. 1.41421354e+00 1.
    1. 1. 1. 1. 3.16227770e+00 1.41421354e+00 1.41421354e+00 2.
    2.23606801e+00 1.41421354e+00 1. 2. 1.41421354e+00 1. 2.
    1.41421354e+00 1. 1. 1. 1. 1. 1.41421354e+00 1.41421354e+00
    2.23606801e+00 1. 1. 1.41421354e+00 0. 0. 0. 0. 1. 2. 1. 1.
    1.41421354e+00 1.41421354e+00 1.41421354e+00 1. 2. 2. 2.82842708e+00
    0. 1. 1. 1.41421354e+00 1. 1. 1. 2. 1. 1. 1. 0. 1. 0. 1. 0.
    2.23606801e+00 3. 2. 1. 1.41421354e+00 1. 1. 1. 1. 1. 3. 3. 1.
    1.41421354e+00 1.41421354e+00 1. 1. 0. 1. 1.41421354e+00
    2.23606801e+00 2. 0. 0. 0. 0. 1. 1. 1. 1. 0. 0. 0. 1. 1.41421354e+00
    1. 0. 1.41421354e+00 1.41421354e+00 0. 0. 1.41421354e+00 1. 1. 1. 1.
    1.41421354e+00 1.41421354e+00 2.23606801e+00 0. 1.41421354e+00 2. 1.
    1. 0. 1. 1. 1. 1. 0. 1. 1.41421354e+00 0. 1.41421354e+00 2.
    1.41421354e+00 1. 1. 2.23606801e+00 1. 1.41421354e+00 1.41421354e+00
    1. 2. 1.41421354e+00 1. 1.41421354e+00 1. 1.41421354e+00 0.
    2.23606801e+00 1.41421354e+00 0. 2. 2.23606801e+00 1. 1. 2. 0. 1. 0.
    0. 0. 0. 0. 1.41421354e+00 0. 1. 1. 2. 2.23606801e+00 1.41421354e+00
    1.41421354e+00 1.41421354e+00 0. 2. 1. 2. 2.23606801e+00 1.
    1.41421354e+00 1. 1. 1. 0. 0. 0. 1. 1.41421354e+00 0. 1. 0. 0.
    1.41421354e+00 1.41421354e+00 1.41421354e+00 2. 1.41421354e+00
    1.41421354e+00 1.41421354e+00 1.41421354e+00 1. 1.41421354e+00 1. 1.
    1. 1. 0. 2.82842708e+00 1.41421354e+00 1. 0. 1. 1. 1. 0. 1. 1.
    2.23606801e+00 3.16227770e+00 2. 2.23606801e+00 1. 1. 1. 0. 1. 1. 1.
    1. 1.41421354e+00 2. 0. 2. 1. 0. 1.41421354e+00 2. 0. 1. 2.
    1.41421354e+00 1. 1.41421354e+00 1. 1. 1.41421354e+00 1. 1. 0.
    1.41421354e+00 1. 1. 0. 0. 2. 1.41421354e+00 1. 0. 1. 1.41421354e+00
    1. 1.41421354e+00 1. 1. 1. 1. 0. 1.41421354e+00 1. 2.23606801e+00 1.
    2.23606801e+00 2.23606801e+00 1. 1. 2.23606801e+00 1.41421354e+00 1.
    2.23606801e+00 1. 0. 0. 0. 1.41421354e+00 1. 1. 2.23606801e+00 1.
    1.41421354e+00 0. 1.41421354e+00 1.41421354e+00 2.23606801e+00 2.
    1.41421354e+00 0. 0. 0. 1.41421354e+00 1.41421354e+00 2. 2. 0. 0. 1.
    0. 1.41421354e+00 2.23606801e+00 1.41421354e+00 0. 1.41421354e+00
    1.41421354e+00 1. 1.41421354e+00 1. 1. 1.41421354e+00 1.41421354e+00
    1.41421354e+00 0. 1. 1. 1.41421354e+00 1. 1.41421354e+00 1. 0. 1. 1.
    1.41421354e+00 1.41421354e+00 0. 0. 1. 2.23606801e+00 2.23606801e+00
    2.23606801e+00 2. 1.41421354e+00 1.41421354e+00 1. 1.41421354e+00 2.
    1.41421354e+00 1. 1. 1. 1. 1. 0. 0. 0. 0. 0. 0. 0. 0. 0. 1. 2. 1.
    2.23606801e+00 1.41421354e+00 0. 0. 1.41421354e+00 1.41421354e+00 0.
    1.41421354e+00 1. 0. 1. 1. 0. 1.41421354e+00 1. 1. 1.41421354e+00 1.
    0. 1. 1. 1.41421354e+00 1. 0. 0. 1.41421354e+00 1.41421354e+00 1. 2.
    1. 0. 2. 1.41421354e+00 1. 0. 2. 1.41421354e+00 1.41421354e+00 1. 0.
    2. 2. 0. 2.23606801e+00 1. 1. 0. 1.41421354e+00 1.41421354e+00
    1.41421354e+00 1. 1. 1. 1. 0. 1. 1. 1. 1. 1. 0. 1. 1.41421354e+00 1.
    1.41421354e+00 2.82842708e+00 1.41421354e+00 1.41421354e+00
    2.23606801e+00 0. 0. 1. 1.41421354e+00 1.41421354e+00 1. 0. 1. 0. 1.
    1. 1. 2.23606801e+00 1.41421354e+00 1.41421354e+00 1. 0. 0. 0. 1. 1.
    1. 1. 1.41421354e+00 1. 1. 1. 1.41421354e+00 0. 0. 1.41421354e+00 2.
    1.41421354e+00 2.23606801e+00 1. 1. 2.23606801e+00 1. 1.
    1.41421354e+00 1. 2. 2. 1.41421354e+00 2.23606801e+00 2.
    2.23606801e+00 1. 0. 0. 0. 0. 0. 0. 1.41421354e+00 2.23606801e+00 1.
    2.23606801e+00 1. 1. 0. 1.41421354e+00 2. 1. 1. 1. 0. 1.41421354e+00
    1.41421354e+00 1. 0. 1.41421354e+00 1. 1. 0. 0. 1. 1. 0. 2.
    2.23606801e+00 2.23606801e+00 1.41421354e+00 2. 2. 2. 1.41421354e+00
    1.41421354e+00 1. 1. 0. 1.41421354e+00 0. 1.41421354e+00 1.
    2.23606801e+00 3.16227770e+00 1. 1. 1. 0. 1.41421354e+00
    2.23606801e+00 1. 2. 2. 0. 0. 0. 0. 1. 0. 1.41421354e+00 2. 1. 1. 1.
    1. 2.23606801e+00 0. 2. 1. 1. 1. 1. 1.41421354e+00 1. 1.41421354e+00
    1.41421354e+00 1.41421354e+00 2.23606801e+00 1. 2. 1. 0. 0. 0.
    1.41421354e+00 1.41421354e+00 1. 1.41421354e+00 0. 1.41421354e+00 1.
    1. 1. 1.41421354e+00 1.41421354e+00 2. 1.41421354e+00 1.41421354e+00
    2. 2.23606801e+00 1.41421354e+00 0. 1. 1.41421354e+00 0. 1.
    1.41421354e+00 2. 1. 3.60555124e+00 2.23606801e+00 1. 2.23606801e+00
    1. 1.41421354e+00 0. 2.23606801e+00 1.41421354e+00 1. 1.41421354e+00
    1. 0. 1. 0. 0. 0. 0. 0. 0. 0. 1. 2.23606801e+00 1. 2.23606801e+00 1.
    1. 1. 1.41421354e+00 1.41421354e+00 0. 1. 1.41421354e+00 0. 1. 0. 1.
    0. 0. 1. 1.41421354e+00 1.41421354e+00 1.41421354e+00 1. 0. 2.
    1.41421354e+00 1. 1.41421354e+00 0. 0. 1.41421354e+00 1.
    2.23606801e+00 1. 0. 0. 1.41421354e+00 0. 2.23606801e+00 1. 1. 1. 0.
    1. 1. 1. 2.23606801e+00 1.41421354e+00 2. 2. 1. 1.41421354e+00
    1.41421354e+00 1.41421354e+00 1.41421354e+00 1. 2.23606801e+00 1.
    2.23606801e+00 1.41421354e+00 1. 1. 1.41421354e+00 1. 1. 2. 1.
    2.23606801e+00 1. 2.23606801e+00 2.82842708e+00 1.41421354e+00
    1.41421354e+00 2.23606801e+00 1. 1.41421354e+00 0. 1.41421354e+00 1.
    1. 0. 1. 1. 1.41421354e+00 3. 1. 2. 1. 1. 1. 1. 0. 0. 1. 0. 1. 0. 0.
    1.41421354e+00 1. 1. 0. 0. 1. 1.41421354e+00 2.23606801e+00 1.
    1.41421354e+00 1. 1.41421354e+00 2.23606801e+00 1. 1.41421354e+00
    3.16227770e+00 2.23606801e+00 2.82842708e+00 1.41421354e+00 1. 3. 2.
    0. 0. 0. 0. 0. 0. 1. 0. 2.23606801e+00 2. 1. 1. 1.41421354e+00
    1.41421354e+00 1. 1. 3.16227770e+00 2. 2.23606801e+00 1. 1. 1. 0. 1.
    0. 2. 1. 0. 0. 1. 1. 2. 2.23606801e+00 2.23606801e+00 2.23606801e+00
    3. 1. 1. 0. 0. 1. 1. 1. 1. 1.41421354e+00 0. 2. 1. 1. 2.23606801e+00
    2.23606801e+00 2. 0. 0. 1. 2.23606801e+00 1. 2.82842708e+00
    1.41421354e+00 1. 0. 0. 0. 1. 0. 0. 1. 1. 1.41421354e+00 1. 1. 1.
    2.23606801e+00 1.41421354e+00 1. 0. 2.23606801e+00 1. 1. 0. 0. 1.
    1.41421354e+00 1. 0. 1. 1.41421354e+00 0. 0. 0. 0. 2.23606801e+00
    1.41421354e+00 1.41421354e+00 1.41421354e+00 1. 1. 1. 1.41421354e+00
    2.82842708e+00 1.41421354e+00 1.41421354e+00 1. 0. 1. 2.23606801e+00
    2.23606801e+00 1. 0. 1.41421354e+00 2. 1.41421354e+00 1. 0.
    2.82842708e+00 2.23606801e+00 0. 0. 1.41421354e+00 1. 2.
    2.23606801e+00 0. 1. 1. 0. 0. 1. 0. 1. 1. 0. 0. 1. 1. 1.
    2.82842708e+00 1.41421354e+00 2.23606801e+00 0. 1. 1.41421354e+00 1.
    1. 0. 1. 1. 1.41421354e+00 1.41421354e+00 0. 2. 1. 1.41421354e+00 1.
    0. 1. 1. 1. 1.41421354e+00 1. 1.41421354e+00 1. 0. 1. 1. 0. 0.
    1.41421354e+00 2.23606801e+00 2. 1. 2. 2.23606801e+00 2.
    1.41421354e+00 0. 1. 0. 0. 1. 1.41421354e+00 1. 1.41421354e+00
    1.41421354e+00 1.41421354e+00 1.41421354e+00 1. 1. 1.41421354e+00
    1.41421354e+00 1. 1. 1. 3. 2. 0. 0. 1. 0. 1.41421354e+00
    1.41421354e+00 1. 1. 2. 2. 1. 2. 2.23606801e+00 1.41421354e+00 1.
    1.41421354e+00 2. 1.41421354e+00 1. 2.23606801e+00 1.41421354e+00 0.
    0. 1.41421354e+00 1. 2. 1.41421354e+00 0. 1. 1.41421354e+00
    2.23606801e+00 0. 1. 1.41421354e+00 1. 1. 0. 1. 0. 1. 0. 1. 0. 0. 0.
    1. 1. 1. 1.41421354e+00 0. 1.41421354e+00 2. 1. 2.82842708e+00
    2.82842708e+00 1.41421354e+00 1.41421354e+00 2. 2. 1.41421354e+00
    1.41421354e+00 1. 0. 0. 0. 0. 1. 1. 1.41421354e+00 0. 1. 0. 1. 0. 1.
    1.41421354e+00 1.41421354e+00 1.41421354e+00 1. 2.23606801e+00
    1.41421354e+00 0. 0. 1. 1. 1.41421354e+00 2.23606801e+00
    1.41421354e+00 1. 1. 2.23606801e+00 1. 1. 1. 2.23606801e+00
    2.82842708e+00 2. 1.41421354e+00 1. 2.23606801e+00 2. 1.41421354e+00
    1. 2.23606801e+00 2.23606801e+00 1. 1.41421354e+00 1.41421354e+00
    1.41421354e+00 1.41421354e+00 1. 1. 1.41421354e+00 1. 0. 0.
    1.41421354e+00 2. 2.82842708e+00 1.41421354e+00 1.41421354e+00 1. 1.
    1. 0. 1. 0. 0. 1. 1. 1.41421354e+00 1. 1.41421354e+00 1. 0. 1.
    1.41421354e+00 1. 2.23606801e+00 0. 1. 1. 1. 0. 1. 1. 1.41421354e+00
    0. 1. 0. 0. 1. 0. 1.41421354e+00 1. 2. 2.23606801e+00 2.
    1.41421354e+00 2.23606801e+00 1. 1. 2.23606801e+00 2.23606801e+00 1.
    2. 1. 3. 1.41421354e+00 1. 1.41421354e+00 2. 1. 1. 1. 1.41421354e+00
    1. 1.41421354e+00 1.41421354e+00 1. 3.16227770e+00 2.23606801e+00
    2.82842708e+00 2.23606801e+00 0. 0. 0. 0. 0. 1. 1.41421354e+00
    2.23606801e+00 1.41421354e+00 1. 1.41421354e+00 1.41421354e+00 1.
    1.41421354e+00 2.82842708e+00 1.41421354e+00 0. 1. 1.41421354e+00 0.
    0. 1.41421354e+00 1. 1. 1. 1.41421354e+00 1.41421354e+00 1.
    1.41421354e+00 0. 1.41421354e+00 1. 1. 1.41421354e+00 1.
    1.41421354e+00 2.23606801e+00 1.41421354e+00 0. 1. 1.41421354e+00 0.
    0. 1. 2. 3.16227770e+00 2. 2. 1. 1.41421354e+00 1.41421354e+00 0. 0.
    1. 0. 1. 1.41421354e+00 1. 1.41421354e+00 1. 1. 1. 1.41421354e+00 1.
    1. 1.41421354e+00 1. 1.41421354e+00 1. 2. 1.41421354e+00 1. 1.
    1.41421354e+00 1. 2.23606801e+00 1.41421354e+00 1.41421354e+00 1. 1.
    1. 1. 2.23606801e+00 1. 1. 2.23606801e+00 1.41421354e+00
    1.41421354e+00 1. 1.41421354e+00 2. 1. 2.23606801e+00 1. 0. 0. 1. 1.
    1.41421354e+00 1. 1.41421354e+00 2.23606801e+00 1. 1.41421354e+00
    1.41421354e+00 1.41421354e+00 1. 1. 1. 0. 2. 1.41421354e+00 1.
    1.41421354e+00 1.41421354e+00 0. 0. 0. 0. 1.41421354e+00 1. 1. 1. 1.
    2.23606801e+00 2.23606801e+00 0. 2.82842708e+00 2.23606801e+00 1. 1.
    1.41421354e+00 1.41421354e+00 1. 0. 0. 0. 1. 1.41421354e+00
    2.23606801e+00 1.41421354e+00 1. 0. 1. 2.23606801e+00 3. 2. 1. 1. 2.
    1. 0. 1. 1. 1. 1. 1.41421354e+00 1.41421354e+00 0. 2.23606801e+00
    1.41421354e+00 2. 1. 1. 1.41421354e+00 1.41421354e+00 2. 2. 0. 0.
    1.41421354e+00 1.41421354e+00 1.41421354e+00 1. 2.23606801e+00 2. 0.
    2. 2.23606801e+00 1. 1.41421354e+00 1. 2.23606801e+00 1.41421354e+00
    1.41421354e+00 1. 0. 0. 0. 1.41421354e+00 1.41421354e+00 0. 1. 1. 1.
    1.41421354e+00 1. 0. 1. 1. 2. 1.41421354e+00 0. 1. 1. 0. 1. 0.
    2.23606801e+00 1.41421354e+00 1.41421354e+00 2.23606801e+00 1. 1.
    1.41421354e+00 1. 1. 1. 0. 2. 1. 0. 0. 0. 1. 1.41421354e+00
    2.82842708e+00 1. 1. 2.23606801e+00 1.41421354e+00 1. 2.
    2.23606801e+00 2.23606801e+00 2. 1. 1. 1.41421354e+00 1.41421354e+00
    2. 1. 1. 1. 2. 1. 2. 1.41421354e+00 0. 0. 1. 1.41421354e+00
    3.16227770e+00 1.41421354e+00 1. 2.23606801e+00 1. 1. 0. 1. 1.
    1.41421354e+00 2. 2. 2.82842708e+00 1. 1. 1. 1. 2. 2.23606801e+00 0.
    1. 1. 1.41421354e+00 1.41421354e+00 1.41421354e+00 1.41421354e+00 1.
    1.41421354e+00 0. 1.41421354e+00 1. 0. 1. 1.41421354e+00 0. 1. 1. 2.
    2.23606801e+00 1.41421354e+00 1. 2.23606801e+00 1. 1.41421354e+00 1.
    0. 1. 0. 3. 3.16227770e+00 2.23606801e+00 1. 0. 1. 1. 0. 1. 0. 1.
    1.41421354e+00 0. 1.41421354e+00 0. 0. 1. 1. 1. 1.41421354e+00
    1.41421354e+00 1. 1. 1. 1. 2.23606801e+00 2. 2.23606801e+00
    1.41421354e+00 1.41421354e+00 1.41421354e+00 2. 2.23606801e+00
    1.41421354e+00 1.41421354e+00 1. 0. 2. 1. 1. 1.41421354e+00 1.
    2.23606801e+00 2. 1. 1. 2. 1. 2. 1.41421354e+00 1. 0. 0. 0. 1. 1. 1.
    1. 1. 2.23606801e+00 1.41421354e+00 1. 1.41421354e+00 1. 1. 2.
    1.41421354e+00 1. 1. 0. 1.41421354e+00 1. 0. 1. 1.41421354e+00
    1.41421354e+00 1. 1. 1. 1. 0. 0. 1.41421354e+00 1. 1. 1. 0. 1. 0. 1.
    1. 0. 0. 1. 2. 0. 2. 1. 1. 2. 3. 1. 3. 2.23606801e+00 1.
    1.41421354e+00 1.41421354e+00 1.41421354e+00 1.41421354e+00 1. 1. 2.
    1.41421354e+00 1. 2.23606801e+00 0. 2.23606801e+00 1. 1.41421354e+00
    1.41421354e+00 1.41421354e+00 0. 0. 0. 0. 0. 1. 1. 1. 1. 1. 1.
    2.23606801e+00 1.41421354e+00 2. 1.41421354e+00 1. 2. 0.
    1.41421354e+00 1. 0. 0. 0. 0. 1. 1.41421354e+00 1. 1. 1. 0.
    1.41421354e+00 1. 1. 0. 3. 1.41421354e+00 2.23606801e+00 1.
    1.41421354e+00 1. 1. 0. 1.41421354e+00 0. 2.23606801e+00
    1.41421354e+00 1. 2. 1. 1. 2.23606801e+00 1.41421354e+00
    1.41421354e+00 2. 1.41421354e+00 1. 1. 0. 1. 1. 2.23606801e+00 1.
    2.23606801e+00 2.23606801e+00 1. 2.23606801e+00 2.23606801e+00 2. 2.
    1. 1. 2.23606801e+00 1.41421354e+00 0. 0. 1. 1. 0. 1. 2. 1. 3. 1. 1.
    1.41421354e+00 1. 2.23606801e+00 1. 2. 2. 1.41421354e+00 0. 1.
    2.23606801e+00 1. 1. 2.23606801e+00 4.12310553e+00 1.41421354e+00 2.
    1.41421354e+00 1. 1. 1.41421354e+00 1. 0. 1.41421354e+00 1. 0. 1. 1.
    1. 0. 0. 1.41421354e+00 1. 1.41421354e+00 0. 1. 1. 1.41421354e+00 1.
    2. 1. 0. 1.41421354e+00 3.16227770e+00 2. 1.41421354e+00 1.
    1.41421354e+00 1. 1. 1. 1. 1.41421354e+00 1.41421354e+00 3. 3. 1. 1.
    1. 0. 0. 1. 1. 1. 1.41421354e+00 1. 0. 0. 1. 1. 1.41421354e+00
    1.41421354e+00 1. 0. 0. 1.41421354e+00 1. 1. 2. 1. 1. 1. 1.
    1.41421354e+00 2.23606801e+00 1.41421354e+00 1.41421354e+00 1.
    1.41421354e+00 1.41421354e+00 1.41421354e+00 2. 1. 1. 1. 0.
    1.41421354e+00 1. 1. 1. 1. 1. 1.41421354e+00 1.41421354e+00 1. 1. 0.
    0. 1. 0. 1.41421354e+00 1.41421354e+00 1. 1.41421354e+00 1. 1. 1. 1.
    0. 1.41421354e+00 2. 2.23606801e+00 1.41421354e+00 1. 1.41421354e+00
    2.23606801e+00 1. 1.41421354e+00 2.23606801e+00 2.23606801e+00
    2.23606801e+00 1.41421354e+00 1. 1. 0. 2. 1. 1.41421354e+00 1. 1.
    1.41421354e+00 1. 1.41421354e+00 1.41421354e+00 0. 1. 1.
    1.41421354e+00 1.41421354e+00 1. 0. 2. 2.23606801e+00 3.
    2.82842708e+00 1. 1. 0. 2. 1. 0. 1. 1. 1.41421354e+00 1. 1.
    1.41421354e+00 2.23606801e+00 0. 1. 1. 1.41421354e+00 0. 0. 0. 0. 0.
    1. 1. 1.41421354e+00 1. 0. 1.41421354e+00 1. 1. 0. 1. 2. 1. 1. 1. 0.
    1. 1. 1. 0. 0. 0. 1. 1. 1.41421354e+00 1.41421354e+00 1.
    1.41421354e+00 1.41421354e+00 1. 1. 1. 3.16227770e+00 1.
    2.23606801e+00 1.41421354e+00 1. 1. 0. 0. 1. 0. 1. 2.23606801e+00
    1.41421354e+00 0. 2.23606801e+00 2.23606801e+00 0. 1. 2. 0.
    1.41421354e+00 0. 1.41421354e+00 2. 1. 2. 1.41421354e+00
    2.23606801e+00 2.23606801e+00 2. 2. 1. 0. 1. 0. 1. 1.41421354e+00
    2.23606801e+00 1. 1.41421354e+00 2. 1. 0. 1.41421354e+00 1. 1. 1.
    2.23606801e+00 1. 1. 1.41421354e+00 2. 1. 1.41421354e+00 2. 1.
    1.41421354e+00 1.41421354e+00 1. 2.23606801e+00 1.41421354e+00
    1.41421354e+00 2.82842708e+00 3.16227770e+00 2. 1.41421354e+00 0. 1.
    1.41421354e+00 1. 1. 0. 0. 1. 0. 0. 0. 0. 0. 0. 1. 0. 1.
    1.41421354e+00 1. 1.41421354e+00 1.41421354e+00 0. 1. 1.
    2.23606801e+00 2. 1.41421354e+00 1.41421354e+00 1.41421354e+00 1.
    1.41421354e+00 1. 1.41421354e+00 0. 1.41421354e+00 1. 1.41421354e+00
    2. 0. 0. 1. 1. 1. 0. 0. 2. 1. 1. 0. 1. 1.41421354e+00 1. 1. 1. 1.
    1.41421354e+00 1. 1.41421354e+00 1. 0. 0. 1. 0. 2. 2. 1.41421354e+00
    0. 1.41421354e+00 1. 1. 1. 0. 1. 1. 2. 0. 1. 1.41421354e+00 1. 1. 0.
    1. 1. 1.41421354e+00 1. 0. 0. 1. 1. 1. 1. 1. 1. 1.41421354e+00
    1.41421354e+00 1. 0. 0. 1.41421354e+00 0. 1. 1.41421354e+00
    1.41421354e+00 2.23606801e+00 1.41421354e+00 1.41421354e+00
    2.82842708e+00 1. 2.23606801e+00 2.82842708e+00 1.41421354e+00 1.
    2.23606801e+00 1.41421354e+00 1.41421354e+00 1. 1. 1. 1.41421354e+00
    1. 1. 1. 1.41421354e+00 0. 0. 1. 1. 1. 1. 1. 1.41421354e+00 0. 0. 1.
    1. 2.23606801e+00 0. 1.41421354e+00 1. 2. 0. 1. 0. 0. 1.41421354e+00
    0. 1. 0. 1. 1. 1. 0. 1.41421354e+00 1. 1. 1. 0. 0. 1. 0. 1. 2. 1. 2.
    1. 0. 1.41421354e+00 1.41421354e+00 0. 1. 1. 2. 1.41421354e+00 1. 1.
    2. 2.23606801e+00 1. 0. 0. 0. 0. 0. 1. 2. 2.23606801e+00
    1.41421354e+00 1. 2. 1. 1. 1. 1. 0. 1.41421354e+00 1.41421354e+00 1.
    0. 0. 0. 1. 1. 0. 1.41421354e+00 2.23606801e+00 1.41421354e+00 1.
    1.41421354e+00 2.23606801e+00 0. 1.41421354e+00 1.41421354e+00
    2.23606801e+00 0. 1.41421354e+00 1. 2.23606801e+00 2.23606801e+00 0.
    2.23606801e+00 1. 2.23606801e+00 1. 1. 1. 1. 1. 1.41421354e+00 1. 1.
    1. 1.41421354e+00 2.23606801e+00 1.41421354e+00 1. 1. 1. 1. 1. 1. 2.
    0. 1. 1. 1. 2. 2. 1. 1. 0. 1. 1.41421354e+00 1. 2.23606801e+00 1.
    1.41421354e+00 1.41421354e+00 0. 1. 1.41421354e+00 0. 0. 1. 1. 1. 0.
    1. 1. 0. 0. 1. 0. 1. 1. 0. 1. 1.41421354e+00 0. 1. 2.23606801e+00
    1.41421354e+00 1. 1. 1. 1. 1. 1.41421354e+00 0. 1. 0. 1.41421354e+00
    1. 2. 1. 1. 1. 1. 1.41421354e+00 1.41421354e+00 1.41421354e+00
    1.41421354e+00 0. 0. 0. 1. 1. 1. 0. 0. 1.41421354e+00 1.41421354e+00
    2. 2. 1. 0. 0. 1. 0. 3.16227770e+00 2.23606801e+00 2.23606801e+00 1.
    1. 1. 1. 1. 1.41421354e+00 1.41421354e+00 1.41421354e+00 0. 0. 1. 0.
    1.41421354e+00 1. 1. 1. 1. 1. 1. 2. 2. 2. 2. 0. 1. 1. 1. 1. 2. 1. 0.
    0. 1. 1.41421354e+00 1. 1.41421354e+00 2. 1.41421354e+00
    1.41421354e+00 2. 2.82842708e+00 1.41421354e+00 2.23606801e+00
    3.16227770e+00 1. 1. 1. 1.41421354e+00 2.23606801e+00 2.23606801e+00
    1. 1.41421354e+00 1.41421354e+00 1.41421354e+00 2. 1. 1.
    2.23606801e+00 1.41421354e+00 1.41421354e+00 2.23606801e+00 0. 1.
    1.41421354e+00 0. 1. 2. 0. 1.41421354e+00 2. 1. 1.41421354e+00 1.
    1.41421354e+00 1. 1. 0. 0. 0. 0. 1. 0. 1. 1.41421354e+00 1. 0.
    1.41421354e+00 1.41421354e+00 1.41421354e+00 1.41421354e+00 1. 1. 1.
    1. 0. 1. 0. 0. 1. 1.41421354e+00 1. 1.41421354e+00 1.41421354e+00
    2.23606801e+00 1.41421354e+00 2.23606801e+00 1. 2.23606801e+00 1.
    2.23606801e+00 2. 2. 2. 0. 0. 0. 0. 0. 1. 1. 0. 1.41421354e+00
    1.41421354e+00 0. 1. 1. 0. 1.41421354e+00 1. 2.23606801e+00
    1.41421354e+00 1.41421354e+00 1.41421354e+00 0. 0. 0. 1.41421354e+00
    1. 1.41421354e+00 0. 2. 2. 1.41421354e+00 1. 1. 1. 2. 0. 2. 1. 1.
    3.16227770e+00 0. 1.41421354e+00 1. 1.41421354e+00 1. 1.41421354e+00
    0. 1. 1.41421354e+00 1. 1. 1. 0. 1.41421354e+00 1.41421354e+00
    2.23606801e+00 1.41421354e+00 1.41421354e+00 2. 2. 1. 1. 1. 1. 1. 0.
    1.41421354e+00 1. 3.16227770e+00 1. 2.23606801e+00 1. 0. 0. 1.
    1.41421354e+00 1.41421354e+00 1. 1. 1.41421354e+00 1. 1.
    1.41421354e+00 1.41421354e+00 1. 1.41421354e+00 1. 1. 2.23606801e+00
    1.41421354e+00 1.41421354e+00 1.41421354e+00 1. 1. 1. 1.
    1.41421354e+00 1. 0. 1.41421354e+00 1. 1. 2. 1. 1. 1. 1. 1. 0.
    1.41421354e+00 1.41421354e+00 1.41421354e+00 1. 1.41421354e+00 0. 2.
    1. 0. 0. 1. 0. 1. 0. 1. 1.41421354e+00 0. 1. 0. 1. 1.41421354e+00 0.
    1. 2.82842708e+00 1.41421354e+00 1. 1. 1. 0. 0. 1. 2.23606801e+00
    2.23606801e+00 0. 2. 1. 1.41421354e+00 1.41421354e+00 1.
    1.41421354e+00 1. 1. 2. 1. 1. 1. 1. 1. 1.41421354e+00 1.41421354e+00
    1.41421354e+00 1. 1. 1. 1. 0. 1. 1.41421354e+00 1. 0. 1.
    1.41421354e+00 1.41421354e+00 1.41421354e+00 1.41421354e+00 0.
    1.41421354e+00 1.41421354e+00 1. 0. 1. 1. 2. 1. 2. 2. 1.41421354e+00
    3.60555124e+00 1. 2. 2. 1. 2.23606801e+00 2.23606801e+00
    1.41421354e+00 1. 1. 1. 2.23606801e+00 2.23606801e+00 0.
    1.41421354e+00 1.41421354e+00 2.23606801e+00 2.23606801e+00 1. 1. 1.
    1.41421354e+00 1. 1.41421354e+00 0. 1.41421354e+00 1. 1. 2.
    1.41421354e+00 1.41421354e+00 1.41421354e+00 0. 0. 1. 1. 1. 1. 0. 0.
    1. 1.41421354e+00 0. 1. 1.41421354e+00 1. 1. 1.41421354e+00
    1.41421354e+00 1. 1. 1. 2.23606801e+00 1.41421354e+00 1. 1.
    1.41421354e+00 1. 2. 1. 2.23606801e+00 0. 2. 2. 1. 2. 1.41421354e+00
    1.41421354e+00 2.23606801e+00 2.23606801e+00 1. 0. 0. 1. 1. 0. 0. 1.
    2. 2. 0. 1. 0. 1. 1. 1. 2. 1.41421354e+00 1.41421354e+00 0.
    1.41421354e+00 1.41421354e+00 0. 0. 0. 1. 0. 1. 1.41421354e+00 1. 1.
    1. 1.41421354e+00 2. 1. 2. 1. 1.41421354e+00 2.23606801e+00 1. 2. 1.
    0. 1. 1.41421354e+00 0. 1. 0. 1. 2. 2. 0. 0. 1. 2.23606801e+00 0.
    1.41421354e+00 1. 1.41421354e+00 1. 0. 0. 2. 0. 1. 1. 1. 2.
    1.41421354e+00 1. 1.41421354e+00 1. 0. 0. 0. 1.41421354e+00 1. 1. 0.
    2. 2. 1.41421354e+00 1.41421354e+00 1. 0. 1.41421354e+00
    1.41421354e+00 2.23606801e+00 1. 1. 1. 1. 2. 1. 1. 1. 1.
    1.41421354e+00 1.41421354e+00 1.41421354e+00 1. 1.41421354e+00 2.
    1.41421354e+00 1.41421354e+00 1.41421354e+00 1.41421354e+00 1. 1. 0.
    1. 1. 1. 1. 0. 1.41421354e+00 2. 1. 1. 1. 1.41421354e+00 1. 1. 1. 0.
    0. 1. 0. 0. 1.41421354e+00 1.41421354e+00 2.23606801e+00
    2.23606801e+00 0. 1. 1. 0. 1. 1.41421354e+00 1.41421354e+00 1. 1. 1.
    2.23606801e+00 2. 2.23606801e+00 0. 0. 1.41421354e+00 1. 1.
    1.41421354e+00 1.41421354e+00 2. 1. 1. 1. 2. 0. 2. 0. 0. 0. 1.
    1.41421354e+00 1.41421354e+00 1.41421354e+00 1.41421354e+00 1.
    1.41421354e+00 1. 2. 1. 1. 2. 1. 1. 1. 0. 1. 0. 0. 1. 1.
    2.23606801e+00 2.82842708e+00 2.23606801e+00 2. 1.41421354e+00
    2.23606801e+00 1. 1.41421354e+00 1. 1.41421354e+00 1.41421354e+00
    1.41421354e+00 3. 2.23606801e+00 1.41421354e+00 1. 1. 1. 1. 0.
    1.41421354e+00 2.23606801e+00 1. 1.41421354e+00 1. 1. 0. 0. 1. 1. 0.
    2. 2. 0. 0. 1. 2.23606801e+00 2. 1. 1.41421354e+00 1.41421354e+00 0.
    0. 1.41421354e+00 1. 1.41421354e+00 1. 1. 1. 1. 0. 0. 1.41421354e+00
    2. 0. 2. 1. 0. 1. 3. 1. 1. 0. 1. 1.41421354e+00 1. 2. 1. 1.
    1.41421354e+00 1.41421354e+00 1. 0. 0. 1.41421354e+00 1.41421354e+00
    1.41421354e+00 1.41421354e+00 0. 1. 1. 1. 2. 0. 1. 2.23606801e+00 2.
    0. 0. 1. 1. 1.41421354e+00 0. 1. 1. 0. 0. 0. 0. 1. 1. 1.41421354e+00
    1. 1. 1. 2.23606801e+00 2. 2. 1. 1. 1. 1.41421354e+00 1. 1. 1. 0. 0.
    0. 0. 0. 1. 1.41421354e+00 1. 1. 1.41421354e+00 1.41421354e+00 0.
    1.41421354e+00 1. 1. 1. 1.41421354e+00 1. 2. 1. 0. 1. 1.
    1.41421354e+00 1. 0. 1.41421354e+00 1.41421354e+00 1. 1. 0. 1. 1. 1.
    1. 1.41421354e+00 1. 1.41421354e+00 1.41421354e+00 2. 2. 0. 1. 1. 1.
    1. 1. 2. 1. 0. 1. 1.41421354e+00 1. 1. 0. 2. 2. 1. 1. 1. 2.
    3.16227770e+00 2.23606801e+00 1. 1. 0. 1. 0. 1. 0. 2. 1.41421354e+00
    1. 1. 3. 3. 1. 1. 1. 1.41421354e+00 0. 0. 1. 1. 1. 1. 1. 2.
    1.41421354e+00 1.41421354e+00 1. 1. 1.41421354e+00 2.23606801e+00 1.
    1. 0. 0. 1. 2.23606801e+00 1. 3. 2.23606801e+00 1. 1.41421354e+00
    1.41421354e+00 0. 1. 1.41421354e+00 1.41421354e+00 2.23606801e+00 1.
    1.41421354e+00 1. 0. 3.16227770e+00 3.16227770e+00 2.82842708e+00
    1.41421354e+00 0. 0. 0. 1. 1. 1.41421354e+00 0. 1. 2.23606801e+00 2.
    2.23606801e+00 1. 1. 1. 1. 1.41421354e+00 1.41421354e+00 1. 1. 1. 1.
    1. 2. 1.41421354e+00 0. 2. 2. 0. 1.41421354e+00 0. 1. 2. 2.
    1.41421354e+00 1.41421354e+00 2. 0. 1.41421354e+00 2.23606801e+00 1.
    2.23606801e+00 2.23606801e+00 2.23606801e+00 1.41421354e+00 0.
    1.41421354e+00 0. 0. 1. 1. 1. 0. 1. 1.41421354e+00 1. 1. 0. 2. 2. 1.
    1.41421354e+00 1. 1. 1. 0. 1. 1. 1.41421354e+00 1. 1. 1.41421354e+00
    0. 0. 0. 1.41421354e+00 1. 1.41421354e+00 1.41421354e+00 0. 0. 2.
    2.23606801e+00 2.82842708e+00 1. 0. 1. 1.41421354e+00 1.41421354e+00
    1. 1. 1.41421354e+00 1.41421354e+00 1. 0. 0. 1. 1. 1. 1. 1. 1. 1. 2.
    1. 1. 1.41421354e+00 2.23606801e+00 1. 2. 2.23606801e+00 1. 1. 0.
    1.41421354e+00 1. 1.41421354e+00 0. 0. 1. 1. 1. 1. 0. 1.
    1.41421354e+00 1.41421354e+00 1. 1. 2.23606801e+00 1. 1. 0.
    1.41421354e+00 1. 1.41421354e+00 1. 0. 1. 1. 1. 1.41421354e+00 0. 1.
    1. 1.41421354e+00 1. 1.41421354e+00 1.41421354e+00 2.23606801e+00 1.
    0. 0. 1. 1.41421354e+00 1.41421354e+00 1. 0. 1. 1. 1. 1.41421354e+00
    1.41421354e+00 1.41421354e+00 1.41421354e+00 1. 1. 1. 2.
    1.41421354e+00 1.41421354e+00 0. 1.41421354e+00 1.41421354e+00
    2.23606801e+00 1. 0. 0. 1. 1. 0. 1. 1. 1. 1. 0. 1. 0. 1. 1.
    1.41421354e+00 1.41421354e+00 1.41421354e+00 1.41421354e+00 1. 1. 2.
    2. 1.41421354e+00 1.41421354e+00 1.41421354e+00 1.41421354e+00 1. 1.
    0. 0. 0. 1. 0. 1.41421354e+00 1.41421354e+00 1. 2. 2.82842708e+00 3.
    1. 0. 1.41421354e+00 1. 0. 1. 1. 2. 1. 1. 1.41421354e+00
    1.41421354e+00 1. 1. 1.41421354e+00 1. 1.41421354e+00 2.23606801e+00
    1. 0. 1. 1.41421354e+00 2.23606801e+00 3.16227770e+00 2.23606801e+00
    2. 3.16227770e+00 2.23606801e+00 0. 0. 0. 1. 1.41421354e+00 0.
    2.23606801e+00 0. 1. 2.23606801e+00 3.16227770e+00 1.41421354e+00
    2.23606801e+00 3.60555124e+00 1.41421354e+00 0. 0. 1.41421354e+00
    1.41421354e+00 1. 1.41421354e+00 1. 1. 1. 1.41421354e+00 2. 1. 1. 1.
    2.23606801e+00 1.41421354e+00 2. 1.41421354e+00 1. 1.41421354e+00 1.
    1. 1. 1. 2. 1.41421354e+00 1. 0. 1.41421354e+00 1.41421354e+00 2. 2.
    1. 1. 1. 2.23606801e+00 0. 1. 1. 1. 1. 0. 1. 0. 1. 1. 1.
    1.41421354e+00 1.41421354e+00 1.41421354e+00 1. 1. 1. 1.41421354e+00
    0. 0. 1.41421354e+00 3.16227770e+00 3.16227770e+00 1.41421354e+00 1.
    1. 0. 0. 0. 1. 1. 1. 1.41421354e+00 1. 1. 0. 1. 1. 0. 1. 1. 0. 0. 2.
    2.23606801e+00 2. 2. 1. 1. 2. 1. 2.23606801e+00 1.41421354e+00 1. 1.
    0. 1. 1. 1. 2. 1. 2. 2. 1.41421354e+00 1.41421354e+00 1.41421354e+00
    2. 0. 2. 1.41421354e+00 3. 3.16227770e+00 1.41421354e+00 0. 0. 1. 0.
    1. 1. 1. 1. 1.41421354e+00 1. 0. 0. 1.41421354e+00 2. 1.41421354e+00
    1.41421354e+00 1. 1. 1. 0. 0. 1. 1. 1.41421354e+00 1. 0. 1. 1. 2. 1.
    1.41421354e+00 1. 1. 1. 0. 1. 0. 2.23606801e+00 0. 1. 0. 0. 1. 1.
    1.41421354e+00 1.41421354e+00 0. 1. 1. 1. 1.41421354e+00 1. 1. 1. 2.
    2. 1. 1. 1.41421354e+00 1.41421354e+00 0. 1.41421354e+00
    1.41421354e+00 2. 1. 2.23606801e+00 3. 2. 0. 0. 1. 1. 1. 1. 2. 0. 0.
    0. 1. 2.23606801e+00 1.41421354e+00 1. 1.41421354e+00 1.41421354e+00
    1. 1. 1. 1. 1.41421354e+00 1.41421354e+00 0. 1. 1. 0. 0. 0. 0. 0. 0.
    1. 1. 1. 2.23606801e+00 2. 1.41421354e+00 1.41421354e+00 1. 1. 0. 0.
    2. 0. 1.41421354e+00 1.41421354e+00 0. 1.41421354e+00 1. 1. 1.
    1.41421354e+00 1.41421354e+00 2. 1.41421354e+00 1. 1.41421354e+00 2.
    1. 4.12310553e+00 2.23606801e+00 3.60555124e+00 3.16227770e+00 1. 1.
    0. 1. 0. 0. 1. 0. 1. 1. 1.41421354e+00 0. 3.16227770e+00
    2.23606801e+00 1.41421354e+00 3.16227770e+00 1. 1. 1. 0.
    1.41421354e+00 1. 0. 1. 1. 1. 2. 0. 2. 1. 1.41421354e+00 1. 1.
    1.41421354e+00 2. 1.41421354e+00 1.41421354e+00 2.82842708e+00 2.
    2.23606801e+00 0. 1. 1. 1.41421354e+00 2.23606801e+00 1.41421354e+00
    1.41421354e+00 1.41421354e+00 1. 1. 1.41421354e+00 1.41421354e+00
    2.23606801e+00 1.41421354e+00 2. 3.16227770e+00 2.23606801e+00 1.
    1.41421354e+00 1.41421354e+00 1. 1.41421354e+00 1. 1. 0.
    1.41421354e+00 1. 0. 1. 0. 0. 1. 1. 1. 1.41421354e+00 1. 1. 0. 0. 0.
    0. 1. 0. 1. 1. 1. 0. 0. 0. 1.41421354e+00 1.41421354e+00
    1.41421354e+00 1. 0. 1. 1.41421354e+00 2.23606801e+00 2.23606801e+00
    2. 1. 2.23606801e+00 2.82842708e+00 1.41421354e+00 1. 1.41421354e+00
    1. 1. 1.41421354e+00 2.23606801e+00 2. 1. 1.41421354e+00 1.
    2.23606801e+00 1. 1. 0. 1.41421354e+00 1. 1. 0. 1.41421354e+00
    2.23606801e+00 2. 1.41421354e+00 1. 1.41421354e+00 0. 1. 1.
    1.41421354e+00 1.41421354e+00 2.23606801e+00 1.41421354e+00
    2.23606801e+00 2.23606801e+00 1.41421354e+00 1. 1.41421354e+00 1. 1.
    1.41421354e+00 1.41421354e+00 1. 1. 1. 0. 0. 0. 1. 0. 1. 1. 2.
    1.41421354e+00 1.41421354e+00 2.23606801e+00 1. 1.41421354e+00 1. 1.
    0. 1.41421354e+00 1. 0. 0. 0. 0. 1. 1. 0. 0. 0. 1. 1.41421354e+00 1.
    1.41421354e+00 1.41421354e+00 2.23606801e+00 2. 2.23606801e+00
    1.41421354e+00 0. 1. 1. 0. 1. 1. 0. 1.41421354e+00 2.23606801e+00 2.
    2.23606801e+00 1. 1. 1. 2. 1.41421354e+00 1.41421354e+00 1. 1. 0. 0.
    1.41421354e+00 1. 1. 1.41421354e+00 2.23606801e+00 1. 0. 1. 3. 1. 0.
    2. 1. 1. 0. 0. 0. 0. 0. 0. 0. 1. 1. 2. 2.23606801e+00 1. 0.
    1.41421354e+00 0. 1. 1. 1. 1. 1.41421354e+00 0. 1.41421354e+00
    1.41421354e+00 1.41421354e+00 2. 1. 1. 1. 1. 0. 1. 1. 1. 0. 1. 1.
    2.23606801e+00 2.23606801e+00 2.23606801e+00 1. 1. 1. 1.
    1.41421354e+00 0. 0. 1. 0. 1.41421354e+00 1.41421354e+00
    1.41421354e+00 0. 2.82842708e+00 2. 2. 1.41421354e+00 0.
    1.41421354e+00 1. 1.41421354e+00 0. 0. 1.41421354e+00 1.41421354e+00
    1.41421354e+00 2. 1. 1. 1.41421354e+00 1.41421354e+00 1. 1. 1. 1. 1.
    1.41421354e+00 2. 0. 2.23606801e+00 1. 1.41421354e+00 1.
    2.23606801e+00 1.41421354e+00 0. 1. 1.41421354e+00 1. 0.
    1.41421354e+00 1. 2. 2.23606801e+00 2. 1.41421354e+00 3.16227770e+00
    1. 0. 1.41421354e+00 1.41421354e+00 1.41421354e+00 1. 1.41421354e+00
    0. 1.41421354e+00 0. 0. 0. 1. 1. 0. 2. 2. 1. 1. 0. 1. 0. 0. 1. 1. 1.
    0. 0. 0. 1. 2. 2. 2. 0. 1. 0. 1. 1. 1.41421354e+00 2.23606801e+00 1.
    1. 1.41421354e+00 4.12310553e+00 2.82842708e+00 2. 3.16227770e+00
    1.41421354e+00 1. 1. 2.23606801e+00 1.41421354e+00 1. 1. 0.
    2.23606801e+00 1. 1. 1. 1.41421354e+00 1.41421354e+00 1. 0. 0. 1.
    1.41421354e+00 1. 1.41421354e+00 0. 0. 1.41421354e+00 0. 1. 1. 0.
    1.41421354e+00 2. 2.23606801e+00 1. 1. 1.41421354e+00 0. 1. 1. 1. 1.
    1.41421354e+00 1.41421354e+00 0. 1. 2.23606801e+00 2. 1.41421354e+00
    1.41421354e+00 1. 1. 1. 1. 1.41421354e+00 1.41421354e+00 0. 1.
    1.41421354e+00 2.23606801e+00 1.41421354e+00 1. 1. 0. 1. 0. 1. 0. 1.
    1. 0. 0. 0. 2. 2.23606801e+00 1.41421354e+00 0. 1.41421354e+00 2. 1.
    2.23606801e+00 1.41421354e+00 1. 1. 1. 0. 0. 0. 1. 2.23606801e+00 1.
    2. 2. 1.41421354e+00 1. 1. 1. 1. 1. 0. 0. 1. 0. 2.23606801e+00 1.
    1.41421354e+00 1.41421354e+00 1.41421354e+00 1.41421354e+00 2.
    2.23606801e+00 2.23606801e+00 0. 0. 1.41421354e+00 1. 0. 0. 0. 0. 0.
    0. 1. 1.41421354e+00 0. 2. 2. 1. 1. 1. 1. 2. 0. 2.23606801e+00
    1.41421354e+00 1.41421354e+00 1. 0. 1. 2. 1.41421354e+00 0. 1. 0. 0.
    0. 0. 1. 1. 1. 2.23606801e+00 2.23606801e+00 1. 2.23606801e+00 0. 1.
    0. 1.41421354e+00 1.41421354e+00 1. 1. 1.41421354e+00 1.
    2.23606801e+00 2.82842708e+00 1.41421354e+00 2.23606801e+00
    2.23606801e+00 1. 2.23606801e+00 0. 1. 1.41421354e+00 1. 1. 1. 1. 1.
    1. 2.23606801e+00 1. 0. 2. 1. 0. 1.41421354e+00 2. 1. 2.23606801e+00
    1.41421354e+00 1. 1. 1.41421354e+00 2.23606801e+00 0. 0. 1.
    1.41421354e+00 2.23606801e+00 0. 1.41421354e+00 1. 1. 0. 0. 1. 0. 0.
    1.41421354e+00 2.82842708e+00 3. 2.23606801e+00 1. 0. 0.
    1.41421354e+00 1. 1.41421354e+00 1. 0. 1.41421354e+00 0. 1.
    1.41421354e+00 1. 1. 2. 1. 1.41421354e+00 1.41421354e+00 0. 1. 1. 1.
    1. 1. 1.41421354e+00 1.41421354e+00 0. 0. 1. 2. 1.41421354e+00 4.
    4.12310553e+00 2.82842708e+00 1. 0. 0. 1. 1. 1. 1. 1. 2.23606801e+00
    3.16227770e+00 2.23606801e+00 2.82842708e+00 2.23606801e+00 1. 1.
    1.41421354e+00 2. 0. 1.41421354e+00 0. 1.41421354e+00 1.41421354e+00
    1.41421354e+00 2.23606801e+00 1.41421354e+00 2. 1.41421354e+00 1. 1.
    0. 0. 1. 1. 1. 0. 1. 0. 0. 1.41421354e+00 1. 1. 0. 1. 1.41421354e+00
    1.41421354e+00 0. 0. 2. 1. 0. 1. 1. 1. 1. 1. 2. 2. 1. 1. 1. 1. 2. 0.
    1. 1.41421354e+00 1. 1. 1. 0. 1.41421354e+00 1.41421354e+00 1. 0.
    1.41421354e+00 1. 2. 1. 1. 1.41421354e+00 1.41421354e+00 1. 1.
    1.41421354e+00 1. 0. 1.41421354e+00 1.41421354e+00 1. 2.23606801e+00
    2. 0. 3. 2.23606801e+00 1. 1.41421354e+00 1.41421354e+00 1. 1. 1.
    1.41421354e+00 2.23606801e+00 1.41421354e+00 2. 1. 1. 1. 1. 0.
    1.41421354e+00 1.41421354e+00 0. 0. 1.41421354e+00 0. 1.41421354e+00
    1.41421354e+00 1.41421354e+00 0. 1.41421354e+00 3. 1.41421354e+00
    2.23606801e+00 1. 1.41421354e+00 1.41421354e+00 1.41421354e+00 1. 0.
    0. 0. 0. 0. 1. 1. 1. 1. 1. 1. 1. 1.41421354e+00 2. 0. 1.41421354e+00
    1. 2.23606801e+00 1. 1.41421354e+00 0. 1. 1.41421354e+00 2. 1. 1. 1.
    0. 1. 1.41421354e+00 1.41421354e+00 1. 2.23606801e+00 2.23606801e+00
    1. 2. 1. 1.41421354e+00 0. 2. 0. 1.41421354e+00 1. 1. 1.
    2.23606801e+00 3.16227770e+00 1. 1. 1. 3.16227770e+00 1.
    1.41421354e+00 1. 2.23606801e+00 1.41421354e+00 1.41421354e+00 2.
    1.41421354e+00 1.41421354e+00 2. 1.41421354e+00 1. 1. 1.
    1.41421354e+00 1.41421354e+00 1. 1. 2. 1. 1. 1.41421354e+00 1. 1.
    1.41421354e+00 1.41421354e+00 1. 1.41421354e+00 1. 1. 1.41421354e+00
    1.41421354e+00 1. 0. 1. 1. 1.41421354e+00 1. 1. 1. 0. 1. 2. 1. 0. 1.
    1. 0. 1.41421354e+00 0. 2. 1. 1. 2. 1. 1. 1.41421354e+00 1. 0.
    1.41421354e+00 1.41421354e+00 1.41421354e+00 1. 1. 1.41421354e+00
    1.41421354e+00 1. 1.41421354e+00 1.41421354e+00 1. 1. 0. 0.
    1.41421354e+00 4.47213602e+00 3. 2. 4. 2.23606801e+00 1. 1.
    1.41421354e+00 1. 1.41421354e+00 1. 1.41421354e+00 1.41421354e+00 0.
    3.16227770e+00 2.23606801e+00 2.23606801e+00 1. 2.23606801e+00 1.
    1.41421354e+00 2. 1. 1. 1. 1.41421354e+00 2.23606801e+00
    1.41421354e+00 1. 1.41421354e+00 1. 1.41421354e+00 1. 0. 0. 0. 0. 0.
    0. 0. 0. 1.41421354e+00 1. 1. 1. 1.41421354e+00 1.41421354e+00
    2.23606801e+00 1. 0. 1. 1. 1.41421354e+00 1.41421354e+00 0. 1.
    1.41421354e+00 1.41421354e+00 1.41421354e+00 1. 2.23606801e+00 1. 0.
    1.41421354e+00 2.23606801e+00 0. 2. 1.41421354e+00 1. 1.41421354e+00
    1.41421354e+00 2.23606801e+00 1.41421354e+00 1. 1. 0. 1.
    1.41421354e+00 1. 2. 1. 1. 0. 1. 2. 1.41421354e+00 1.41421354e+00
    1.41421354e+00 2. 1. 1. 1. 1.41421354e+00 1. 1.41421354e+00
    2.23606801e+00 1.41421354e+00 1. 0. 1. 1. 1. 1.41421354e+00 1. 1. 1.
    1.41421354e+00 0. 1.41421354e+00 2. 1.41421354e+00 1. 1. 1. 1. 0. 0.
    1.41421354e+00 1.41421354e+00 1.41421354e+00 2.82842708e+00
    1.41421354e+00 1.41421354e+00 2. 2. 1.41421354e+00 0. 1.41421354e+00
    1.41421354e+00 1. 1. 0. 0. 0. 1. 0. 0. 0. 1. 1. 0. 1. 2.23606801e+00
    2.23606801e+00 1.41421354e+00 1. 1.41421354e+00 0. 1.41421354e+00
    2.23606801e+00 0. 1. 1. 2. 1. 2. 2.23606801e+00 1. 2. 2.23606801e+00
    1. 1. 1.41421354e+00 1. 1.41421354e+00 2.23606801e+00 1.41421354e+00
    1. 0. 2. 0. 2. 1. 0. 1. 2. 3.16227770e+00 1.41421354e+00
    1.41421354e+00 1.41421354e+00 2.82842708e+00 2.23606801e+00 0. 0. 2.
    1. 1.41421354e+00 1.41421354e+00 2.23606801e+00 1. 1.41421354e+00 1.
    1. 1. 0. 1.41421354e+00 1. 1.41421354e+00 1. 1. 2. 1. 1.41421354e+00
    1. 1.41421354e+00 2.23606801e+00 0. 1. 1. 0. 1. 1.41421354e+00
    3.16227770e+00 2.23606801e+00 0. 1. 1. 1. 1. 1.41421354e+00 1. 0. 0.
    0. 0. 0. 1. 1.41421354e+00 1. 1. 0. 1. 1.41421354e+00 0.
    1.41421354e+00 0. 1. 1. 0. 0. 0. 0. 1.41421354e+00 1. 1.41421354e+00
    1. 1.41421354e+00 1. 1. 0. 1. 1. 0. 0. 0. 1. 2.23606801e+00
    4.47213602e+00 4.12310553e+00 2.23606801e+00 1. 1.41421354e+00
    2.23606801e+00 1. 1. 1.41421354e+00 1.41421354e+00 1.41421354e+00 0.
    1. 1.41421354e+00 1.41421354e+00 1. 3. 1. 2.23606801e+00
    2.23606801e+00 3.16227770e+00 1.41421354e+00 0. 1. 2. 1.41421354e+00
    1.41421354e+00 1. 1. 1.41421354e+00 1.41421354e+00 1. 0. 0. 0. 1. 1.
    1. 1. 1. 0. 1. 1. 1.41421354e+00 1. 2.23606801e+00 1.41421354e+00
    1.41421354e+00 1.41421354e+00 1. 1.41421354e+00 1. 1.41421354e+00 2.
    1.41421354e+00 0. 1. 0. 1.41421354e+00 0. 1. 1. 2.23606801e+00 1.
    2.23606801e+00 1. 1.41421354e+00 2.23606801e+00 1. 1. 1.
    2.82842708e+00 1. 1. 0. 1. 1. 1. 2. 1. 0. 0. 1.41421354e+00 2. 1.
    1.41421354e+00 2.23606801e+00 0. 2. 1.41421354e+00 1. 1. 0.
    1.41421354e+00 1. 1. 1.41421354e+00 1.41421354e+00 0. 0. 0. 1.
    1.41421354e+00 0. 1. 1.41421354e+00 1. 2. 0. 2. 2. 3.16227770e+00 3.
    0. 1. 1. 1. 1.41421354e+00 1. 1. 2.23606801e+00 1. 1. 1. 0.
    1.41421354e+00 1. 2.82842708e+00 1. 1. 1. 0. 1. 1. 1. 1. 1. 1. 1. 1.
    1. 3.16227770e+00 2.23606801e+00 2.23606801e+00 1. 1.41421354e+00 0.
    1. 1.41421354e+00 1.41421354e+00 0. 1.41421354e+00 2.23606801e+00 0.
    3. 2. 1.41421354e+00 3. 1. 2.23606801e+00 1.41421354e+00
    1.41421354e+00 2.23606801e+00 1.41421354e+00 1. 0. 1. 1.41421354e+00
    1. 2. 1. 1.41421354e+00 2. 1.41421354e+00 1.41421354e+00
    2.23606801e+00 1.41421354e+00 1. 1. 1.41421354e+00 1. 0. 1. 0. 1. 1.
    2.23606801e+00 2.23606801e+00 1.41421354e+00 1.41421354e+00 1. 0. 0.
    1. 1. 1.41421354e+00 1.41421354e+00 0. 1. 1.41421354e+00 2.
    1.41421354e+00 1.41421354e+00 1. 0. 1. 0. 0. 0. 1. 2. 0.
    2.23606801e+00 1. 0. 1.41421354e+00 1. 2.23606801e+00 1. 0. 0. 0. 0.
    0. 0. 1. 1. 2.23606801e+00 1. 1. 1.41421354e+00 1.41421354e+00 1. 1.
    0. 0. 0. 0. 0. 0. 0. 0. 1. 1. 1.41421354e+00 1.41421354e+00 1. 1. 0.
    1. 0. 0. 0. 1. 1. 1.41421354e+00 2. 2. 1.41421354e+00 1.41421354e+00
    1. 2. 2. 0. 1. 1. 2.23606801e+00 1. 1.41421354e+00 0. 1. 1.
    2.23606801e+00 2. 2.23606801e+00 1.41421354e+00 1.41421354e+00
    2.23606801e+00 1.41421354e+00 1.41421354e+00 1.41421354e+00
    1.41421354e+00 0. 2. 1. 2.23606801e+00 1.41421354e+00 1.
    1.41421354e+00 1. 1. 1.41421354e+00 1. 1. 1.41421354e+00
    1.41421354e+00 1. 0. 1.41421354e+00 1. 2. 1. 1. 1. 0. 1.41421354e+00
    2. 1.41421354e+00 1.41421354e+00 2. 1. 1.41421354e+00 1.41421354e+00
    1.41421354e+00 0. 1. 0. 1. 2. 1.41421354e+00 1.41421354e+00
    2.82842708e+00 1.41421354e+00 1.41421354e+00 1. 1.41421354e+00
    1.41421354e+00 2.23606801e+00 2.23606801e+00 0. 0. 1. 1.41421354e+00
    1.41421354e+00 2. 1.41421354e+00 1. 1.41421354e+00 1.41421354e+00
    1.41421354e+00 2.23606801e+00 1. 2.82842708e+00 1.41421354e+00
    1.41421354e+00 1.41421354e+00 1. 1. 1.41421354e+00 1.41421354e+00 0.
    0. 0. 1.41421354e+00 1.41421354e+00 0. 0. 0. 1.41421354e+00
    1.41421354e+00 1. 1. 1. 1. 1. 1. 2.82842708e+00 2.23606801e+00
    2.23606801e+00 3. 1.41421354e+00 1.41421354e+00 1. 1. 1.
    1.41421354e+00 1. 2. 0. 1. 1.41421354e+00 1.41421354e+00 1. 1.
    1.41421354e+00 1. 0. 1.41421354e+00 1.41421354e+00 1. 1. 1.
    2.23606801e+00 1. 0. 1.41421354e+00 2. 4. 1.41421354e+00 2.
    1.41421354e+00 0. 1. 1. 1.41421354e+00 1. 1. 2. 1.41421354e+00
    2.23606801e+00 2.23606801e+00 1.41421354e+00 1. 1. 3. 2.23606801e+00
    1. 0. 1. 1. 1. 1. 1. 1. 1. 1.41421354e+00 2.23606801e+00 1. 2.
    1.41421354e+00 1.41421354e+00 1.41421354e+00 1.41421354e+00
    1.41421354e+00 0. 1. 1.41421354e+00 0. 0. 0. 0. 1. 2.23606801e+00
    1.41421354e+00 2.82842708e+00 3.16227770e+00 0. 1. 1. 1. 0. 0. 1. 0.
    0. 2. 1. 1. 0. 0. 0. 0. 0. 0. 0. 1. 1.41421354e+00 1. 1. 1. 0. 1.
    1.41421354e+00 1. 1.41421354e+00 1. 0. 0. 0. 0. 0. 0. 2.23606801e+00
    2.23606801e+00 1. 0. 1. 0. 1. 1. 0. 1. 1. 0. 0. 0. 0. 1.
    1.41421354e+00 1. 1. 1. 1. 0. 1.41421354e+00 0. 1.41421354e+00 1. 0.
    1.41421354e+00 1. 7.07106781e+00 1.60312195e+01 9. 0. 1. 1.
    1.41421354e+00 1.41421354e+00 1. 1. 1.41421354e+00 0. 1. 0. 0. 0.
    1.41421354e+00 0. 1.41421354e+00 1. 1.41421354e+00 1.41421354e+00
    1.41421354e+00 0. 1. 1. 1. 1. 0. 1.41421354e+00 1. 0. 1. 1.
    1.41421354e+00 1. 1. 1. 1. 0. 1. 1.41421354e+00 1. 1.41421354e+00 1.
    1. 1. 1. 2. 2.23606801e+00 1. 1. 1. 1. 0. 1. 1. 0. 1. 1. 0. 1.
    1.41421354e+00 1. 1.41421354e+00 1.41421354e+00 1. 2.23606801e+00 1.
    2. 0. 3.16227770e+00 1. 2.82842708e+00 1.41421354e+00 0. 0. 1. 1. 0.
    1. 1. 1. 1.41421354e+00 2.23606801e+00 1. 0. 2.23606801e+00
    3.16227770e+00 1. 1.41421354e+00 2. 2. 2. 1. 0. 1. 0. 0.
    2.23606801e+00 1.41421354e+00 0. 0. 0. 1. 0. 1.41421354e+00 1. 1. 0.
    1. 2.23606801e+00 2. 2.82842708e+00 2.23606801e+00 1. 1. 1. 1. 1. 1.
    1. 1. 1. 1.41421354e+00 1.41421354e+00 1. 1. 1. 0. 1. 1.41421354e+00
    1.41421354e+00 1.41421354e+00 1.41421354e+00 1.41421354e+00
    2.23606801e+00 1.41421354e+00 2. 0. 1. 0. 2.82842708e+00
    3.16227770e+00 2. 1. 1. 1. 1. 2. 0. 0. 2. 3. 3. 1. 1. 1. 1.
    2.23606801e+00 1. 1. 2.23606801e+00 2.23606801e+00 0. 0. 0. 0. 1. 1.
    1. 2.23606801e+00 1.41421354e+00 0. 0. 1. 2.23606801e+00
    2.23606801e+00 1. 1.41421354e+00 0. 1.41421354e+00 1. 1. 0.
    1.41421354e+00 1. 2.23606801e+00 2.23606801e+00 1.41421354e+00 3.
    1.41421354e+00 1.41421354e+00 1.41421354e+00 1. 1. 1. 1. 1. 1. 0.
    1.41421354e+00 1. 0. 0. 0. 0. 0. 0. 0. 0. 1.41421354e+00
    1.41421354e+00 1.41421354e+00 1.41421354e+00 1.41421354e+00 2.
    1.41421354e+00 1.41421354e+00 1. 1. 0. 0. 0. 0. 0. 1. 2.23606801e+00
    0. 2.23606801e+00 1. 1. 1. 1. 1. 1. 1.41421354e+00 1. 1. 2. 1. 0. 1.
    1. 1.41421354e+00 7. 24. 32. 3.10161247e+01 31. 32. 3.00166626e+01
    3.00166626e+01 30. 3.00166626e+01 3.29848442e+01 5.18652115e+01
    6.50307617e+01 5.15460968e+01 3.32415390e+01 32. 32. 33. 35.
    3.40147018e+01 33. 3.10161247e+01 32. 24. 8. 0. 0. 0. 1. 0. 0. 1.
    2.23606801e+00 1.41421354e+00 1.41421354e+00 2. 1.41421354e+00
    1.41421354e+00 1.41421354e+00 0. 0. 1. 1. 1.41421354e+00
    1.41421354e+00 1. 1. 1. 1.41421354e+00 1.41421354e+00 1. 1.
    1.41421354e+00 2. 1.41421354e+00 1.41421354e+00 0. 0. 1.
    1.41421354e+00 1.41421354e+00 1.41421354e+00 1. 1. 0. 0. 1. 1. 2.
    2.23606801e+00 0. 1. 1.41421354e+00 1. 0. 0. 1. 1. 0. 1. 1. 2. 1.
    2.23606801e+00 1. 2.23606801e+00 1. 0. 0. 1. 1. 0. 0. 1. 1. 1.
    1.41421354e+00 1.41421354e+00 1.41421354e+00 1.41421354e+00
    3.16227770e+00 2.23606801e+00 1. 1. 0. 1. 2.23606801e+00 1.
    1.41421354e+00 1.41421354e+00 1. 2.23606801e+00 1.41421354e+00 1. 1.
    1. 0. 1.41421354e+00 1. 1. 0. 0. 1. 2. 2.23606801e+00 1.41421354e+00
    0. 1. 2. 1.41421354e+00 1. 1. 2. 0. 1. 1. 0. 0. 1.41421354e+00 1. 1.
    0. 2. 1. 1.41421354e+00 2.23606801e+00 2.23606801e+00 1. 1. 1. 1.
    1.41421354e+00 0. 1.41421354e+00 2.23606801e+00 1. 1.41421354e+00 1.
    2.23606801e+00 2.23606801e+00 0. 1. 1. 1. 0. 1.41421354e+00
    2.23606801e+00 1.41421354e+00 1. 2. 1.41421354e+00 1.41421354e+00
    2.82842708e+00 2.23606801e+00 1. 1.41421354e+00 1. 0. 1.
    1.41421354e+00 1.41421354e+00 2. 1. 2. 1. 1.41421354e+00
    1.41421354e+00 1. 0. 1. 1. 1. 1. 1.41421354e+00 1. 1.41421354e+00 1.
    1. 1.41421354e+00 2.23606801e+00 3.16227770e+00 1.41421354e+00 1. 1.
    0. 0. 0. 1. 1. 0. 0. 1.41421354e+00 1.41421354e+00 1. 1. 1. 0. 0. 0.
    0. 0. 0. 0. 1. 1.41421354e+00 1.41421354e+00 1.41421354e+00 0. 2. 1.
    1. 0. 0. 1. 1. 0. 0. 1. 1. 1.41421354e+00 1.41421354e+00 1.
    2.23606801e+00 0. 2.23606801e+00 1. 1.41421354e+00 1. 2.23606801e+00
    2.23606801e+00 1.41421354e+00 2. 7.07106781e+00 24. 31.
    3.20156212e+01 5.27730980e+01 8.35224533e+01 9.72522507e+01
    9.60052109e+01 95. 9.40053177e+01 9.40053177e+01 95. 93.
    9.40053177e+01 9.76729202e+01 1.02786186e+02 9.70051575e+01
    1.00568382e+02 9.65090637e+01 94. 9.50052643e+01 9.70206146e+01 98.
    9.60208282e+01 9.50210495e+01 94. 9.52575455e+01 8.25651245e+01
    5.27730980e+01 3.20156212e+01 32. 25. 9. 0. 1. 1. 2.23606801e+00 0.
    1.41421354e+00 2. 1. 0. 1. 1. 0. 1. 0. 0. 1. 1.41421354e+00 1.
    1.41421354e+00 1. 0. 1. 1.41421354e+00 2.23606801e+00 1. 2. 1. 0. 0.
    1. 1.41421354e+00 1. 2.23606801e+00 1. 1. 1. 1. 1. 2. 1.41421354e+00
    1.41421354e+00 1. 1. 1. 0. 0. 1. 0. 1. 1. 1. 1.41421354e+00 1. 0. 2.
    2. 2.23606801e+00 1. 1. 1. 1. 1. 1. 0. 0. 1. 1.41421354e+00 1. 1. 1.
    1. 0. 2. 2. 1. 1.41421354e+00 2.23606801e+00 1.41421354e+00 0. 1. 1.
    1.41421354e+00 1. 1. 1.41421354e+00 1. 1. 1. 0. 1. 0. 0. 0. 1.
    1.41421354e+00 1.41421354e+00 0. 1. 1. 2. 1. 1.41421354e+00
    1.41421354e+00 1. 1. 0. 1.41421354e+00 1.41421354e+00 1.
    1.41421354e+00 1. 0. 1. 1. 0. 2.23606801e+00 1. 1.41421354e+00 2.
    1.41421354e+00 0. 1. 0. 1. 2. 1. 1. 1. 2.23606801e+00 0.
    2.23606801e+00 2.23606801e+00 1. 0. 1. 2.23606801e+00 2.23606801e+00
    2. 1. 1.41421354e+00 0. 2. 1.41421354e+00 1. 1.41421354e+00
    3.16227770e+00 1. 1.41421354e+00 1.41421354e+00 1.41421354e+00 1. 1.
    1. 2.23606801e+00 1. 1. 1.41421354e+00 0. 1. 1. 0. 0. 0. 0. 1.
    1.41421354e+00 2. 0. 1.41421354e+00 1. 2. 2. 0. 0. 1.41421354e+00 1.
    0. 1. 0. 1.41421354e+00 1.41421354e+00 1. 1. 1. 1.41421354e+00
    1.41421354e+00 1. 1. 0. 0. 0. 0. 1. 0. 0. 1. 1.41421354e+00 1.
    2.23606801e+00 2.23606801e+00 1. 0. 1. 1.41421354e+00 1.41421354e+00
    1.41421354e+00 1. 1. 1.41421354e+00 1. 1. 1. 0. 1.41421354e+00 2.
    1.41421354e+00 1. 1. 2.23606801e+00 9.05538559e+00 25.
    3.00166626e+01 3.05941162e+01 5.27730980e+01 8.28613281e+01
    9.52575455e+01 9.61769180e+01 1.06892471e+02 1.09128365e+02
    9.83107300e+01 9.70463791e+01 9.50210495e+01 9.50052643e+01 96. 97.
    9.60052109e+01 9.60208282e+01 9.76217194e+01 8.29758987e+01 64. 82.
    9.55248642e+01 93. 9.30483780e+01 9.50473557e+01 9.50052643e+01
    9.40850677e+01 9.30214996e+01 9.40053177e+01 9.51892853e+01
    1.05546196e+02 1.04656578e+02 9.42019119e+01 9.51892853e+01
    8.42021408e+01 5.50090904e+01 3.25729942e+01 31. 2.51793575e+01
    9.05538559e+00 2. 1.41421354e+00 1. 1. 1.41421354e+00 2.23606801e+00
    1. 1. 0. 1. 0. 1. 1.41421354e+00 0. 1.41421354e+00 1. 1. 1. 0. 3.
    1.41421354e+00 2.23606801e+00 1. 0. 1. 1. 1.41421354e+00
    1.41421354e+00 1.41421354e+00 2.23606801e+00 1. 1. 1. 2.23606801e+00
    1.41421354e+00 2.23606801e+00 2. 1. 1. 1.41421354e+00 0. 1. 0.
    2.23606801e+00 1.41421354e+00 1.41421354e+00 2. 1. 1.41421354e+00 1.
    1. 2.23606801e+00 2. 1.41421354e+00 1. 1.41421354e+00 2. 2. 1. 1. 2.
    1. 1.41421354e+00 1. 1. 0. 1. 2.23606801e+00 2.23606801e+00 0.
    1.41421354e+00 1. 1. 1. 1. 0. 1.41421354e+00 1.41421354e+00 0. 0. 1.
    1. 2.23606801e+00 1. 1. 1. 1. 0. 1. 1.41421354e+00 1. 0.
    1.41421354e+00 1. 1. 1. 1. 1. 1.41421354e+00 1. 1. 0. 0. 2. 2. 2. 0.
    0. 0. 1.41421354e+00 1. 1.41421354e+00 2. 1. 1. 1.41421354e+00 1. 1.
    1.41421354e+00 2.23606801e+00 2. 2.23606801e+00 0. 0. 1.
    1.41421354e+00 0. 1. 1.41421354e+00 1. 1. 1. 1.41421354e+00 0.
    2.23606801e+00 1. 1. 0. 1. 2. 2.23606801e+00 0. 1. 0. 1. 1. 1. 1. 0.
    1.41421354e+00 0. 1. 1.41421354e+00 1. 1. 1.41421354e+00
    1.41421354e+00 1.41421354e+00 1.41421354e+00 1. 1. 1. 2. 1. 1. 0. 0.
    1. 1. 0. 1. 1.41421354e+00 1. 1. 1.41421354e+00 0. 2. 1.41421354e+00
    1. 1. 1. 1. 1.41421354e+00 1. 1. 0. 1. 1. 0. 1. 0. 1. 1. 1.
    1.41421354e+00 1.41421354e+00 1. 2. 1.41421354e+00 2.23606801e+00
    2.23606801e+00 1. 2. 1.41421354e+00 0. 1. 1.41421354e+00 1. 0. 1. 2.
    1. 8.06225777e+00 25. 3.35261078e+01 5.41202354e+01 8.32406158e+01
    9.51892853e+01 9.61769180e+01 1.06437775e+02 1.05546196e+02
    9.53519821e+01 9.63327560e+01 8.50705566e+01 5.45893745e+01
    3.08058434e+01 3.21403160e+01 3.30605507e+01 32. 3.40147018e+01 34.
    3.40147018e+01 3.40587730e+01 3.31360817e+01 2.50199928e+01 17.
    2.50798721e+01 3.32415390e+01 3.20624390e+01 3.11448231e+01
    3.02654915e+01 3.00166626e+01 3.12570000e+01 3.20624390e+01
    3.20156212e+01 3.27566795e+01 5.32353249e+01 8.19084854e+01
    9.51892853e+01 9.47628632e+01 1.03754517e+02 1.05588821e+02
    9.57078857e+01 9.61873169e+01 8.17434998e+01 5.18844872e+01
    3.25729942e+01 2.40208244e+01 8.06225777e+00 1. 2.23606801e+00
    1.41421354e+00 1.41421354e+00 1. 1. 1. 1. 1. 1. 1.41421354e+00 2.
    1.41421354e+00 1.41421354e+00 1. 1.41421354e+00 1. 2.23606801e+00
    1.41421354e+00 0. 1. 1. 1. 1. 1.41421354e+00 1.41421354e+00 1. 1. 1.
    1.41421354e+00 1.41421354e+00 2.23606801e+00 1. 2.23606801e+00
    1.41421354e+00 0. 1. 1. 0. 1.41421354e+00 1. 0. 1.41421354e+00 1. 1.
    0. 0. 1. 1. 1.41421354e+00 2. 0. 1. 1. 1. 1. 1.41421354e+00 1.
    1.41421354e+00 1. 1. 0. 2.23606801e+00 1.41421354e+00 0. 1. 1. 0. 0.
    1. 1. 1.41421354e+00 2. 1. 2. 0. 0. 1. 2.23606801e+00 1.41421354e+00
    1. 0. 0. 1.41421354e+00 1. 1.41421354e+00 1. 1. 1.41421354e+00
    1.41421354e+00 1. 1. 0. 0. 1. 1. 1. 1.41421354e+00 0. 1.41421354e+00
    1.41421354e+00 1. 1.41421354e+00 1.41421354e+00 0. 1. 0. 1. 1.
    1.41421354e+00 2. 0. 1. 2. 1. 2. 1.41421354e+00 1. 1.41421354e+00 1.
    1.41421354e+00 1.41421354e+00 1. 1. 1. 1.41421354e+00 1. 0. 1.
    1.41421354e+00 2. 1.41421354e+00 1. 1. 1. 1. 1. 1.41421354e+00
    1.41421354e+00 0. 0. 0. 1. 0. 2. 0. 1.41421354e+00 1. 1. 0. 1.
    2.23606801e+00 2. 0. 0. 1. 1. 1.41421354e+00 1. 2. 1. 1.41421354e+00
    2.23606801e+00 2. 1. 0. 0. 0. 1.41421354e+00 1. 1. 1.41421354e+00 2.
    0. 2.23606801e+00 1. 0. 0. 1. 1. 1.41421354e+00 1. 2. 1.
    1.41421354e+00 3. 2. 1.41421354e+00 0. 1. 0. 1. 1. 2.23606801e+00
    1.41421354e+00 1.41421354e+00 1.41421354e+00 2.23606801e+00 0. 2. 1.
    1.41421354e+00 2. 1. 0. 1. 1. 7. 2.46981773e+01 5.41202354e+01
    8.54400406e+01 9.92018127e+01 1.06892471e+02 1.05990562e+02
    9.70154648e+01 9.61873169e+01 8.13203506e+01 5.18844872e+01
    3.13209190e+01 3.10644493e+01 2.30217285e+01 4.12310553e+00 4. 1.
    2.82842708e+00 1. 2.23606801e+00 1. 1.41421354e+00 1. 2.82842708e+00
    2.82842708e+00 1. 2.82842708e+00 3. 3.60555124e+00 3.16227770e+00
    2.23606801e+00 2. 2.23606801e+00 3.16227770e+00 3.16227770e+00 2.
    9.21954441e+00 26. 3.40147018e+01 3.29848442e+01 5.01198578e+01
    7.96994324e+01 9.52575455e+01 9.61769180e+01 1.04201729e+02
    1.03310211e+02 9.79846954e+01 8.44807663e+01 5.36656303e+01
    2.62488098e+01 8.06225777e+00 1.41421354e+00 1.41421354e+00 1.
    1.41421354e+00 1. 1.41421354e+00 1.41421354e+00 1. 1.41421354e+00 1.
    1.41421354e+00 1.41421354e+00 1. 0. 1. 2. 0. 0. 0. 1. 2. 0. 0. 1. 1.
    0. 1. 1.41421354e+00 1. 1.41421354e+00 1. 0. 1.41421354e+00 0.
    1.41421354e+00 0. 0. 0. 2.23606801e+00 1. 1.41421354e+00 0. 0. 0. 0.
    0. 1. 1. 2.23606801e+00 1.41421354e+00 1. 0. 0. 1. 1. 2. 1. 1. 1.
    2.23606801e+00 1.41421354e+00 1. 1. 1.41421354e+00 1. 1. 0. 0. 1. 1.
    1.41421354e+00 2.23606801e+00 1.41421354e+00 0. 1.41421354e+00
    1.41421354e+00 0. 1. 1.41421354e+00 1.41421354e+00 2.23606801e+00 2.
    2.23606801e+00 1. 1.41421354e+00 1.41421354e+00 1. 1. 0. 1. 0. 0. 1.
    1. 0. 1.41421354e+00 0. 1. 1. 1. 1. 1. 1.41421354e+00 1. 1. 0.
    1.41421354e+00 1. 1.41421354e+00 2. 1. 0. 0. 1.41421354e+00 2. 1. 1.
    0. 1. 1.41421354e+00 1.41421354e+00 2. 2. 1. 1. 0. 1. 1. 0. 1. 1.
    1.41421354e+00 1. 1. 1.41421354e+00 1. 1. 0. 1. 0. 1. 2.
    1.41421354e+00 1.41421354e+00 1. 0. 1. 1. 1.41421354e+00
    1.41421354e+00 1.41421354e+00 1. 0. 0. 0. 0. 1. 1. 0. 2. 1.
    1.41421354e+00 1. 0. 0. 0. 0. 1. 0. 1.41421354e+00 1.41421354e+00
    3.16227770e+00 2.23606801e+00 1. 1. 0. 0. 1.41421354e+00 1. 1. 2. 1.
    1.41421354e+00 1.41421354e+00 1.41421354e+00 2.23606801e+00
    2.23606801e+00 0. 1. 0. 1.41421354e+00 1. 1. 1.41421354e+00 1.
    1.41421354e+00 0. 1.41421354e+00 2. 1.41421354e+00 1. 1. 7. 24.
    3.37342567e+01 5.41294746e+01 8.98943787e+01 1.11305885e+02
    1.06437775e+02 9.87167664e+01 8.25651245e+01 5.18844872e+01
    3.17804966e+01 3.21403160e+01 2.40831890e+01 7. 2.23606801e+00
    1.41421354e+00 2.23606801e+00 4.12310553e+00 3.60555124e+00
    3.60555124e+00 1. 2.23606801e+00 1. 1. 2.23606801e+00 2.23606801e+00
    2.23606801e+00 2.82842708e+00 4. 4.12310553e+00 3.16227770e+00
    2.23606801e+00 3.16227770e+00 2.23606801e+00 1. 1. 2. 3.
    1.41421354e+00 2.23606801e+00 2. 1. 2.23606801e+00 8.24621105e+00
    2.40208244e+01 3.20156212e+01 3.20156212e+01 5.27730980e+01
    8.20060959e+01 9.82700348e+01 1.08226616e+02 1.11646767e+02
    8.85494232e+01 5.36656303e+01 3.20156212e+01 23. 7.07106781e+00
    1.41421354e+00 0. 1. 1. 1. 0. 1. 1. 0. 0. 0. 1. 0. 1. 0. 0. 1. 0. 1.
    0. 0. 0. 1. 1. 2. 1. 1. 1. 0. 1.41421354e+00 0. 1. 0. 0. 1. 1.
    2.23606801e+00 1. 1. 0. 0. 0. 0. 0. 2. 0. 1. 1.41421354e+00 1. 1.
    1.41421354e+00 2. 1. 0. 1. 2. 1. 0. 0. 1.41421354e+00 1. 2. 0. 1.
    1.41421354e+00 1. 1. 1. 1.41421354e+00 0. 2. 1. 1.41421354e+00
    1.41421354e+00 1. 1. 1. 1.41421354e+00 2. 1.41421354e+00
    2.23606801e+00 2. 0. 0. 0. 1. 0. 1. 1. 1. 1.41421354e+00 0.
    1.41421354e+00 1.41421354e+00 1. 0. 1. 1. 1.41421354e+00 1. 1. 1. 0.
    1. 1.41421354e+00 1.41421354e+00 1.41421354e+00 1. 2. 0.
    2.23606801e+00 1. 1. 2.23606801e+00 1. 1. 1. 1. 1.41421354e+00
    1.41421354e+00 0. 1. 2. 1.41421354e+00 0. 1.41421354e+00
    1.41421354e+00 2.23606801e+00 1. 2. 0. 1. 1. 0. 1. 0. 0. 1. 1. 1.
    1.41421354e+00 0. 0. 1. 0. 1. 1.41421354e+00 1. 1. 1. 0. 0. 0. 0. 1.
    1.41421354e+00 1. 2.23606801e+00 1. 1.41421354e+00 1. 1. 0. 1. 1. 1.
    0. 2.23606801e+00 2.23606801e+00 1. 1. 1.41421354e+00 1.
    1.41421354e+00 1. 2.82842708e+00 1. 2. 1. 0. 2. 2. 1. 1. 0. 0. 1. 1.
    1. 1. 0. 1.41421354e+00 1. 1. 0. 1. 1. 8.06225777e+00 2.43515911e+01
    5.27730980e+01 8.28613281e+01 9.99249725e+01 1.07786827e+02
    1.10639053e+02 8.85494232e+01 5.23545609e+01 3.32415390e+01
    2.40208244e+01 8.06225777e+00 1. 1.41421354e+00 2.82842708e+00
    2.23606801e+00 1. 2.23606801e+00 2.23606801e+00 2. 2.23606801e+00
    4.12310553e+00 2.23606801e+00 1.41421354e+00 1.41421354e+00
    1.41421354e+00 2.82842708e+00 2. 2. 0. 3.60555124e+00 2.23606801e+00
    3.16227770e+00 4. 1.41421354e+00 2.23606801e+00 2.23606801e+00 2.
    2.82842708e+00 1. 1. 1.41421354e+00 1. 1. 2.23606801e+00
    1.41421354e+00 1. 0. 0. 8.06225777e+00 2.50798721e+01 3.25576401e+01
    5.27730980e+01 8.94706650e+01 1.09416634e+02 1.05095192e+02
    9.89545364e+01 8.38152695e+01 5.32353249e+01 2.52982216e+01
    9.05538559e+00 2.23606801e+00 1. 1. 1.41421354e+00 1. 2. 0. 1. 0. 0.
    2. 1. 0. 1. 1. 2. 0. 0. 0. 0. 1. 0. 2. 1.41421354e+00 1.
    1.41421354e+00 1. 1.41421354e+00 1.41421354e+00 1. 0. 0. 1.
    1.41421354e+00 0. 0. 1. 1. 0. 1. 0. 1. 1. 1.41421354e+00 0. 1. 1.
    1.41421354e+00 2. 0. 2.23606801e+00 1. 2.23606801e+00 0. 1. 1. 1. 0.
    0. 1. 1. 1. 1.41421354e+00 1. 1. 0. 0. 1. 0. 1. 1. 0. 1. 1. 1. 1. 0.
    2.23606801e+00 2.23606801e+00 1.41421354e+00 1. 1. 1. 0. 1.
    1.41421354e+00 1.41421354e+00 2.23606801e+00 2.23606801e+00 1.
    2.82842708e+00 2. 2. 1. 1.41421354e+00 0. 0. 1. 1. 0. 1. 2.
    2.23606801e+00 1.41421354e+00 1. 2. 0. 0. 1.41421354e+00
    1.41421354e+00 1.41421354e+00 1.41421354e+00 0. 0. 0. 1.41421354e+00
    1. 1. 1. 0. 2. 0. 0. 1. 2. 1.41421354e+00 1.41421354e+00 0. 1. 0. 0.
    0. 0. 1. 1. 1.41421354e+00 1. 1.41421354e+00 1.41421354e+00 1. 1. 1.
    1. 0. 1.41421354e+00 1. 2. 1. 1. 1. 0. 1. 1. 2. 1. 0. 1.41421354e+00
    1. 0. 1. 2.23606801e+00 1.41421354e+00 1.41421354e+00 1. 1. 1. 1. 0.
    0. 1. 2. 1.41421354e+00 1. 1.41421354e+00 1.41421354e+00 1.
    1.41421354e+00 1. 1. 1. 1. 1. 0. 2. 1. 1. 1. 0. 1.41421354e+00 2.
    2.23606801e+00 2. 1.41421354e+00 1. 1.13137083e+01 4.66476135e+01
    8.85494232e+01 1.12004463e+02 1.08240471e+02 9.92018127e+01
    8.29698715e+01 5.50363503e+01 2.72029419e+01 9.05538559e+00 1. 1.
    4.12310553e+00 4. 2.82842708e+00 2.23606801e+00 2.82842708e+00
    4.12310553e+00 2.23606801e+00 2.23606801e+00 3.60555124e+00
    1.41421354e+00 3. 2.23606801e+00 1.41421354e+00 1.41421354e+00
    3.16227770e+00 3.16227770e+00 1.41421354e+00 3.16227770e+00
    1.41421354e+00 2.23606801e+00 1.41421354e+00 3.60555124e+00
    3.16227770e+00 1.41421354e+00 2.23606801e+00 3.16227770e+00
    2.23606801e+00 3.16227770e+00 3.60555124e+00 1.41421354e+00 1. 2.
    2.23606801e+00 1. 1. 1. 2. 0. 1. 2. 1.41421354e+00 7.07106781e+00
    2.50798721e+01 5.32353249e+01 8.10431976e+01 9.75140991e+01
    1.06892471e+02 1.10788086e+02 89. 4.65295601e+01 1.14017544e+01 2.
    2. 3. 1.41421354e+00 1. 1. 0. 0. 1. 1.41421354e+00 1.41421354e+00 2.
    1.41421354e+00 0. 1. 1. 0. 0. 0. 1. 0. 1.41421354e+00 1.41421354e+00
    1. 1. 2. 1. 1.41421354e+00 0. 0. 0. 0. 1. 1. 2. 2. 1. 1. 1. 1. 1.
    1.41421354e+00 1. 1. 1. 1. 1.41421354e+00 1. 1.41421354e+00
    1.41421354e+00 0. 1.41421354e+00 2.23606801e+00 1.41421354e+00
    1.41421354e+00 1. 0. 1. 1. 1. 1. 1.41421354e+00 1.41421354e+00 1. 0.
    1. 0. 0. 0. 1. 1. 1.41421354e+00 2.23606801e+00 2.23606801e+00
    1.41421354e+00 2.23606801e+00 2.23606801e+00 1. 1.41421354e+00
    2.23606801e+00 1. 1.41421354e+00 1. 1. 1.41421354e+00 1. 2.
    2.23606801e+00 1. 2.23606801e+00 1. 3. 1. 1. 1. 0. 1. 1. 0.
    2.23606801e+00 1.41421354e+00 2.23606801e+00 2.23606801e+00 1. 1. 1.
    0. 1. 1. 1.41421354e+00 1. 0. 1. 1. 1.41421354e+00 0. 0. 1.
    1.41421354e+00 2. 1. 2. 1.41421354e+00 0. 2. 1. 0. 0. 0. 0. 0. 0. 1.
    0. 1. 1. 1. 1. 1.41421354e+00 2. 1. 1.41421354e+00 1.41421354e+00 0.
    0. 1. 1. 2. 1. 2. 1.41421354e+00 2. 1.41421354e+00 1. 0. 1. 2. 2.
    1.41421354e+00 1.41421354e+00 0. 2.23606801e+00 1.41421354e+00 1. 1.
    1. 1. 1. 1. 2. 2. 0. 2.23606801e+00 1. 0. 1. 1. 1. 1. 0. 1.
    1.41421354e+00 0. 2.23606801e+00 1. 1. 1.41421354e+00 2.23606801e+00
    0. 1.41421354e+00 2.23606801e+00 9.21954441e+00 2.59615097e+01
    6.24819984e+01 1.06887794e+02 1.15935326e+02 9.07854614e+01
    5.54616966e+01 3.20156212e+01 2.40208244e+01 1.00498753e+01
    2.23606801e+00 1. 1.41421354e+00 3.16227770e+00 3.60555124e+00
    2.23606801e+00 4.12310553e+00 2.23606801e+00 3.16227770e+00 4.
    1.41421354e+00 1.41421354e+00 3.60555124e+00 4. 2.23606801e+00
    1.41421354e+00 1.41421354e+00 1.41421354e+00 3. 2. 4.47213602e+00 2.
    2. 1. 2.82842708e+00 1.41421354e+00 2.23606801e+00 3. 3.16227770e+00
    1.41421354e+00 2.82842708e+00 1. 2.23606801e+00 2.23606801e+00 1.
    2.23606801e+00 1.41421354e+00 2. 1.41421354e+00 2.23606801e+00
    2.23606801e+00 2.23606801e+00 1.41421354e+00 1. 1.41421354e+00 1.
    2.23606801e+00 9.05538559e+00 2.40208244e+01 3.08058434e+01
    5.23545609e+01 8.85494232e+01 1.14280357e+02 1.05550934e+02
    6.12209129e+01 25. 8.06225777e+00 1. 3.16227770e+00 2. 0. 0. 0. 1.
    1. 1.41421354e+00 2.23606801e+00 1. 2.23606801e+00 3. 1. 0. 0. 0. 1.
    1.41421354e+00 1. 2. 1. 1.41421354e+00 0. 1. 0. 1. 2. 1. 0. 0.
    1.41421354e+00 1. 1. 1. 0. 1. 1. 1. 1. 1. 0. 0. 1. 1. 1. 2.
    1.41421354e+00 1. 0. 1. 1. 1.41421354e+00 2.23606801e+00 0. 1. 1. 0.
    0. 1. 1. 0. 1. 1. 1.41421354e+00 0. 1. 1. 2.23606801e+00
    2.23606801e+00 0. 2.23606801e+00 3. 3. 1. 2. 0. 2. 2.23606801e+00 1.
    1.41421354e+00 0. 1.41421354e+00 2.23606801e+00 2. 2.23606801e+00 1.
    1.41421354e+00 2.23606801e+00 2. 1. 1.41421354e+00 2. 2.23606801e+00
    2.23606801e+00 1.41421354e+00 0. 2. 1. 2.23606801e+00 1.41421354e+00
    1. 1. 0. 0. 1. 1. 1.41421354e+00 0. 1. 0. 2. 1.41421354e+00 1. 1.
    1.41421354e+00 2.23606801e+00 1. 2.23606801e+00 1.41421354e+00
    1.41421354e+00 1.41421354e+00 1.41421354e+00 1. 0. 0. 0. 1. 0. 1. 0.
    1. 1. 0. 0. 1. 1. 1. 1. 1. 1.41421354e+00 1. 1. 1. 2. 1.41421354e+00
    0. 2. 2.23606801e+00 0. 2.23606801e+00 1. 1. 1. 1. 1. 0.
    1.41421354e+00 2.23606801e+00 2.82842708e+00 1. 1. 2.23606801e+00 1.
    1.41421354e+00 1.41421354e+00 1. 2. 1.41421354e+00 2.23606801e+00
    1.41421354e+00 0. 1.41421354e+00 1.41421354e+00 1.41421354e+00
    1.41421354e+00 0. 1. 1.41421354e+00 1.41421354e+00 2. 1.
    1.41421354e+00 1. 1. 1. 2. 8.06225777e+00 2.62488098e+01
    5.37121964e+01 8.94706650e+01 1.15121674e+02 1.06887794e+02
    6.30317383e+01 2.50798721e+01 8. 1. 1.41421354e+00 2.23606801e+00
    2.82842708e+00 2.23606801e+00 2.23606801e+00 4.12310553e+00
    3.16227770e+00 4.47213602e+00 2.82842708e+00 1. 3.16227770e+00
    3.16227770e+00 3. 2. 2.82842708e+00 3.16227770e+00 2.23606801e+00 1.
    1.41421354e+00 2. 0. 2.23606801e+00 1.41421354e+00 1. 2.23606801e+00
    2. 1.41421354e+00 1. 1. 2. 1.41421354e+00 2. 2. 2.82842708e+00 0.
    1.41421354e+00 2.23606801e+00 1. 1.41421354e+00 2. 3. 2.23606801e+00
    1. 2.23606801e+00 2. 1. 0. 1.41421354e+00 1. 2.82842708e+00
    2.23606801e+00 0. 7. 25. 6.03075447e+01 1.04062485e+02
    1.13441612e+02 8.76584244e+01 5.14295616e+01 2.30867920e+01
    7.28010988e+00 2. 0. 0. 0. 1. 2.23606801e+00 0. 2.23606801e+00 2.
    2.23606801e+00 2. 2.23606801e+00 1. 0. 0. 0. 1. 1. 0. 1. 1. 1. 1. 1.
    2.23606801e+00 3. 2.82842708e+00 1. 1. 1. 2.23606801e+00 0.
    1.41421354e+00 1. 1. 1. 0. 1. 0. 0. 0. 1. 1. 1. 1. 2. 2.23606801e+00
    1.41421354e+00 0. 1. 2.23606801e+00 1. 1. 0. 0. 0. 0. 0. 0. 0.
    1.41421354e+00 1. 1. 1. 1. 1.41421354e+00 1. 2.23606801e+00
    1.41421354e+00 1. 1.41421354e+00 1.41421354e+00 1. 1. 2.23606801e+00
    2.23606801e+00 0. 1.41421354e+00 1. 1. 1. 2. 2. 2.23606801e+00 1.
    1.41421354e+00 1. 0. 1. 2. 2.82842708e+00 3. 1.41421354e+00 2. 1. 1.
    1. 2.23606801e+00 1. 2. 0. 0. 1. 1. 2. 0. 1. 0. 1. 1. 2. 2. 2.
    1.41421354e+00 1. 1. 2.23606801e+00 2.23606801e+00 1.41421354e+00
    2.23606801e+00 2.23606801e+00 0. 0. 1. 1.41421354e+00 0. 2. 0. 1.
    1.41421354e+00 1. 1. 0. 0. 1.41421354e+00 1.41421354e+00 1. 1. 1. 0.
    1. 0. 1.41421354e+00 1. 1.41421354e+00 1. 1.41421354e+00 2.
    1.41421354e+00 0. 0. 1.41421354e+00 1. 1.41421354e+00 0. 2.
    1.41421354e+00 1.41421354e+00 1.41421354e+00 2.23606801e+00 0.
    1.41421354e+00 0. 0. 1. 0. 1. 1. 0. 1. 1.41421354e+00 1.
    1.41421354e+00 1. 0. 1. 1. 0. 0. 1.41421354e+00 1. 1. 1. 2.
    1.08166542e+01 4.68721657e+01 8.85494232e+01 1.09274879e+02
    1.10639053e+02 8.94706650e+01 4.56508484e+01 1.02956305e+01
    3.60555124e+00 2.23606801e+00 1.41421354e+00 1.41421354e+00 2. 3. 1.
    2.23606801e+00 4.12310553e+00 6.08276272e+00 4.12310553e+00
    2.23606801e+00 3. 1.41421354e+00 3.60555124e+00 2.23606801e+00
    2.23606801e+00 1. 1. 2.23606801e+00 2.23606801e+00 0. 1.
    2.23606801e+00 2.23606801e+00 2. 2. 1. 1. 1. 0. 1.41421354e+00
    2.23606801e+00 1.41421354e+00 2. 2. 2.23606801e+00 1.41421354e+00 1.
    1. 1. 2. 2. 2.23606801e+00 2. 1.41421354e+00 1. 1. 1.41421354e+00
    1.41421354e+00 1. 1.41421354e+00 1. 2.23606801e+00 2.23606801e+00 1.
    1.41421354e+00 9.84885788e+00 4.34165878e+01 8.63307571e+01
    1.09416634e+02 1.08046288e+02 8.72066498e+01 4.63249397e+01
    1.20415945e+01 0. 1. 1. 0. 1.41421354e+00 2.23606801e+00 1. 0.
    1.41421354e+00 2. 2. 1.41421354e+00 1. 1. 1. 0. 0. 1. 1.
    1.41421354e+00 2. 1. 0. 3. 1.41421354e+00 3. 2. 1.41421354e+00 1.
    2.23606801e+00 0. 2. 1. 1.41421354e+00 0. 0. 2. 1. 1. 2.23606801e+00
    2. 1.41421354e+00 1. 1. 1. 1.41421354e+00 2.23606801e+00
    1.41421354e+00 1.41421354e+00 2.23606801e+00 1. 1.41421354e+00 0. 0.
    0. 0. 0. 0. 1. 2.23606801e+00 1.41421354e+00 1.41421354e+00 0. 0. 1.
    2. 1.41421354e+00 1.41421354e+00 1. 2.23606801e+00 2.23606801e+00 2.
    2. 2.23606801e+00 0. 1. 1. 0. 2.23606801e+00 1. 1. 0. 1. 1. 1. 1. 1.
    0. 2. 3.16227770e+00 1. 2.82842708e+00 2.23606801e+00 0.
    1.41421354e+00 1. 2. 1. 1. 1. 0. 1. 1. 1.41421354e+00 2. 1.
    1.41421354e+00 1. 1.41421354e+00 1. 1. 1.41421354e+00 1. 0.
    1.41421354e+00 1. 1.41421354e+00 2.23606801e+00 2.82842708e+00 1.
    1.41421354e+00 1. 1. 1.41421354e+00 2.23606801e+00 0. 1. 1. 1. 1.
    1.41421354e+00 1. 1. 1.41421354e+00 1. 1.41421354e+00 1.41421354e+00
    3. 2.23606801e+00 0. 1. 1.41421354e+00 1.41421354e+00 1.41421354e+00
    0. 1. 0. 0. 1. 1. 0. 1. 0. 1. 1. 1. 1. 1. 0. 1. 0. 0. 1. 0. 1. 0. 0.
    0. 1. 1.41421354e+00 1.41421354e+00 2. 0. 1. 1.41421354e+00 1.
    1.41421354e+00 2.23606801e+00 1. 1.41421354e+00 1. 8.24621105e+00
    2.40416298e+01 6.23698654e+01 1.07517441e+02 1.13718948e+02
    8.81022110e+01 5.27730980e+01 2.47386341e+01 8.94427204e+00
    1.41421354e+00 3.60555124e+00 2.82842708e+00 1. 1. 2.23606801e+00
    2.23606801e+00 2.23606801e+00 3.16227770e+00 4. 3.16227770e+00 2.
    2.82842708e+00 1.41421354e+00 3.16227770e+00 2.23606801e+00
    1.41421354e+00 1. 0. 0. 2. 3.16227770e+00 3.60555124e+00
    2.23606801e+00 1. 1.41421354e+00 1.41421354e+00 0. 1. 2. 1.
    1.41421354e+00 1. 1. 1.41421354e+00 1. 3.16227770e+00 1.41421354e+00
    2. 2.23606801e+00 0. 1.41421354e+00 1.41421354e+00 2.82842708e+00
    2.23606801e+00 2.82842708e+00 4.47213602e+00 2.23606801e+00 1. 1.
    1.41421354e+00 1. 1.41421354e+00 1.41421354e+00 2.23606801e+00 2.
    2.23606801e+00 3. 0. 9.84885788e+00 2.37697277e+01 5.23545609e+01
    8.63133850e+01 1.12058022e+02 1.06887794e+02 6.38905296e+01
    2.69258232e+01 1.00498753e+01 1.41421354e+00 1.41421354e+00 0. 1. 2.
    1. 1. 2.23606801e+00 1.41421354e+00 1. 0. 1. 2.23606801e+00 1. 1. 0.
    2. 2.23606801e+00 1.41421354e+00 2.23606801e+00 1. 1. 3.
    2.23606801e+00 2. 1. 2. 1.41421354e+00 1.41421354e+00 2.
    1.41421354e+00 1. 0. 2.23606801e+00 2. 2.23606801e+00 2.23606801e+00
    2.23606801e+00 1.41421354e+00 2.23606801e+00 1. 0. 1.41421354e+00 1.
    1. 1. 2.23606801e+00 1. 2.82842708e+00 1. 1. 1. 0. 0. 1. 1. 2. 2. 2.
    2.23606801e+00 0. 0. 1. 2.23606801e+00 2.23606801e+00 1.41421354e+00
    1. 1. 1. 1. 0. 1. 2.23606801e+00 2. 2.23606801e+00 1.41421354e+00
    1.41421354e+00 1.41421354e+00 1. 0. 1.41421354e+00 1. 2.
    1.41421354e+00 1.41421354e+00 1.41421354e+00 1. 1.41421354e+00
    3.16227770e+00 3.16227770e+00 2. 1. 1. 1. 1. 1. 0. 0. 1. 0. 1.
    1.41421354e+00 2. 1. 1. 0. 1.41421354e+00 1. 1. 1. 0. 1. 1. 0. 1.
    2.23606801e+00 1. 0. 1. 1. 1.41421354e+00 1.41421354e+00 1. 1. 1. 0.
    1.41421354e+00 1.41421354e+00 1. 1.41421354e+00 2. 1. 1.41421354e+00
    1. 2.23606801e+00 1.41421354e+00 3.16227770e+00 2.23606801e+00 1.
    1.41421354e+00 2. 1. 1.41421354e+00 1.41421354e+00 1.41421354e+00 2.
    1. 1.41421354e+00 1. 0. 0. 1.41421354e+00 1. 1. 0. 0. 0. 0. 0. 1. 0.
    2. 0. 1.41421354e+00 1. 1. 1. 1. 2. 0. 2. 2.23606801e+00
    2.23606801e+00 1. 2.23606801e+00 0. 2. 1. 9.89949512e+00
    4.47772255e+01 8.81022110e+01 1.14546936e+02 1.07563934e+02
    6.23698654e+01 25. 8. 1. 3.16227770e+00 3.16227770e+00
    1.41421354e+00 2.23606801e+00 0. 2.23606801e+00 3.16227770e+00 2.
    2.23606801e+00 1. 1.41421354e+00 3.60555124e+00 4.47213602e+00
    3.60555124e+00 2.82842708e+00 2.23606801e+00 2.23606801e+00 1. 1. 1.
    1. 1. 1. 2.82842708e+00 3.60555124e+00 2.23606801e+00 1. 1.
    2.23606801e+00 2. 1. 1. 1.41421354e+00 1. 2. 1. 2. 1. 3.16227770e+00
    2. 2.23606801e+00 1. 0. 1. 2. 1.41421354e+00 3.60555124e+00
    1.41421354e+00 3. 3. 1. 2. 1.41421354e+00 0. 2.23606801e+00 3.
    1.41421354e+00 1.41421354e+00 3.60555124e+00 4. 2.23606801e+00 1.
    7.28010988e+00 2.40416298e+01 5.98163872e+01 1.06301460e+02
    1.15121674e+02 9.08019791e+01 4.80208282e+01 1.20415945e+01 1. 1. 1.
    1. 1.41421354e+00 0. 0. 1. 0. 1. 2. 1. 2. 0. 2. 0. 1. 2. 0. 1. 0.
    1.41421354e+00 1. 1. 1.41421354e+00 1. 1. 1.41421354e+00 0. 1. 1. 1.
    2.23606801e+00 2.23606801e+00 1. 0. 0. 1.41421354e+00 2.23606801e+00
    1.41421354e+00 0. 0. 1. 0. 1.41421354e+00 1. 2. 2. 1.41421354e+00 2.
    0. 1. 1.41421354e+00 1.41421354e+00 1.41421354e+00 0. 2.23606801e+00
    1. 1.41421354e+00 1. 0. 2. 2. 2. 2. 0. 1. 0. 1. 2. 1.41421354e+00
    2.23606801e+00 2.23606801e+00 2. 1.41421354e+00 2. 1. 0. 0. 0. 1. 1.
    1. 0. 1.41421354e+00 1. 1. 2. 1. 1. 2. 1. 1. 1. 0. 0. 1.41421354e+00
    1. 1. 1.41421354e+00 1. 1. 0. 1.41421354e+00 1. 1. 1. 0. 1. 1. 1. 1.
    0. 1. 0. 1.41421354e+00 1. 1.41421354e+00 0. 0. 1. 1. 1. 1.
    1.41421354e+00 0. 1.41421354e+00 1.41421354e+00 1. 1. 2. 1. 1. 1. 2.
    1.41421354e+00 1.41421354e+00 1. 1. 1. 0. 1. 0. 1.41421354e+00 1.
    1.41421354e+00 1. 1. 0. 1. 1. 2.23606801e+00 0. 0. 1. 0. 0. 0. 1. 2.
    1. 1. 1.41421354e+00 1. 1. 1.41421354e+00 2. 0. 2. 2.23606801e+00
    2.23606801e+00 1.41421354e+00 2. 1.41421354e+00 2. 1. 1.06301460e+01
    5.44518127e+01 1.05550934e+02 1.13991226e+02 8.90056152e+01
    4.77074432e+01 1.14017544e+01 0. 1. 1. 2.23606801e+00 3.16227770e+00
    1.41421354e+00 1.41421354e+00 1. 3.16227770e+00 2.23606801e+00 0. 1.
    2.23606801e+00 2.82842708e+00 3.60555124e+00 3.16227770e+00 2.
    1.41421354e+00 3.16227770e+00 2.23606801e+00 2.23606801e+00 1. 1. 1.
    3.16227770e+00 2.23606801e+00 1.41421354e+00 2.82842708e+00
    3.60555124e+00 1.41421354e+00 2.23606801e+00 2.23606801e+00
    1.41421354e+00 1. 1. 1.41421354e+00 2.23606801e+00 1.41421354e+00
    1.41421354e+00 0. 2.82842708e+00 1. 2.82842708e+00 2.23606801e+00
    1.41421354e+00 1.41421354e+00 1.41421354e+00 2.23606801e+00 0.
    2.23606801e+00 3. 2.82842708e+00 1. 3. 1.41421354e+00 1.41421354e+00
    2. 2.23606801e+00 1. 2.23606801e+00 2. 2. 2.82842708e+00
    1.41421354e+00 2. 1.41421354e+00 1. 8.94427204e+00 4.65295601e+01
    89. 1.13159180e+02 1.06831642e+02 58. 1.20415945e+01 1. 1.
    1.41421354e+00 1.41421354e+00 1.41421354e+00 1. 1.41421354e+00 1. 1.
    1.41421354e+00 2.23606801e+00 1. 1.41421354e+00 1. 1.41421354e+00 1.
    0. 0. 1. 1. 1. 0. 1. 1.41421354e+00 1.41421354e+00 1.41421354e+00 1.
    1. 1. 0. 1. 1. 3. 3.16227770e+00 2.23606801e+00 0. 2.23606801e+00
    2.23606801e+00 0. 1. 0. 0. 1. 2. 2.82842708e+00 1. 2.23606801e+00 1.
    0. 1. 1.41421354e+00 1.41421354e+00 0. 1.41421354e+00 1.
    1.41421354e+00 1.41421354e+00 1.41421354e+00 1. 1. 1. 1.41421354e+00
    1.41421354e+00 1. 1. 0. 1.41421354e+00 1.41421354e+00 1. 0.
    2.23606801e+00 1.41421354e+00 1. 1.41421354e+00 2. 1. 0. 0. 0. 0. 1.
    1.41421354e+00 0. 1. 2.23606801e+00 1. 2.82842708e+00 2.23606801e+00
    1. 1. 1.41421354e+00 1. 1.41421354e+00 1. 1. 1. 1. 1. 0. 0.
    1.41421354e+00 0. 2. 1. 1. 1.41421354e+00 2. 1.41421354e+00 0. 0. 1.
    1. 0. 0. 0. 1. 0. 0. 1. 0. 0. 1. 1.41421354e+00 1. 1. 0. 1. 0. 0.
    1.41421354e+00 1.41421354e+00 1. 1. 1. 1. 0. 0. 0. 1. 1. 1.
    1.41421354e+00 1.41421354e+00 0. 0. 1. 1. 0. 1.41421354e+00 1.
    1.41421354e+00 1. 1. 0. 1. 0. 1. 1.41421354e+00 1. 2. 2. 1. 1. 0. 1.
    1. 1. 1. 2.23606801e+00 2.23606801e+00 2.23606801e+00 1.41421354e+00
    0. 9. 2.59615097e+01 6.04400520e+01 1.11018013e+02 1.11722870e+02
    6.34113541e+01 2.75136337e+01 8.06225777e+00 1. 1.41421354e+00 0. 0.
    2. 2.23606801e+00 3. 2. 2.82842708e+00 1. 3.60555124e+00
    2.23606801e+00 2. 1.41421354e+00 3.16227770e+00 2.23606801e+00 1.
    2.82842708e+00 2.23606801e+00 1.41421354e+00 3.60555124e+00
    1.41421354e+00 1.41421354e+00 1. 2.23606801e+00 3. 4.47213602e+00
    2.82842708e+00 1.41421354e+00 2.82842708e+00 2.82842708e+00
    3.16227770e+00 2.23606801e+00 0. 1. 1. 1. 1. 3. 3.16227770e+00
    1.41421354e+00 2.23606801e+00 3.16227770e+00 0. 1.41421354e+00 0.
    2.23606801e+00 2. 1. 1. 1. 3. 1. 2.82842708e+00 1. 2.82842708e+00 2.
    2.23606801e+00 2. 1. 2.23606801e+00 2. 2. 3.60555124e+00
    2.82842708e+00 1. 0. 2.23606801e+00 4.12310553e+00 6.32455540e+00
    2.46981773e+01 6.16198006e+01 1.11018013e+02 1.13145920e+02
    6.48151245e+01 2.75136337e+01 9.05538559e+00 1.41421354e+00 1.
    1.41421354e+00 2. 1. 0. 1.41421354e+00 1.41421354e+00 2.
    1.41421354e+00 1. 1. 1. 1.41421354e+00 1. 0. 0. 1. 0. 1. 1. 1. 1. 1.
    1. 1.41421354e+00 1.41421354e+00 2. 0. 0. 1. 2. 3. 1. 2.23606801e+00
    1. 1. 0. 1. 1. 2. 1.41421354e+00 3.60555124e+00 2.82842708e+00 1.
    1.41421354e+00 0. 1. 1.41421354e+00 0. 1. 1.41421354e+00 0. 0. 1. 1.
    1. 1. 2. 1.41421354e+00 1.41421354e+00 1. 0. 1.41421354e+00
    1.41421354e+00 1. 1.41421354e+00 1. 1.41421354e+00 1.41421354e+00 2.
    2. 1. 1. 0. 0. 1. 1. 0. 1.41421354e+00 2. 1. 0. 1. 1. 2.23606801e+00
    1. 0. 1. 1. 1. 1. 1.41421354e+00 1. 1. 0. 0. 1.41421354e+00 1. 1. 2.
    1. 2. 2.23606801e+00 0. 2.23606801e+00 1.41421354e+00 1.41421354e+00
    2.23606801e+00 1.41421354e+00 1. 0. 0. 0. 1. 1. 0. 1. 0. 0. 2. 2. 0.
    1. 1.41421354e+00 1.41421354e+00 1. 1.41421354e+00 1.41421354e+00
    1.41421354e+00 0. 0. 0. 0. 0. 1. 1.41421354e+00 2.23606801e+00
    1.41421354e+00 1. 1. 1. 0. 1. 1. 1. 1.41421354e+00 0. 1.41421354e+00
    1.41421354e+00 0. 1. 0. 0. 1. 1. 1.41421354e+00 1.41421354e+00 1. 0.
    1. 1. 1. 1. 0. 0. 1. 2. 2. 1. 1.08166542e+01 4.63249397e+01
    8.85663605e+01 1.12898186e+02 1.05475113e+02 5.73149185e+01
    1.34536238e+01 1.41421354e+00 0. 2.23606801e+00 1. 1. 1. 1. 3. 4. 1.
    3. 2. 1.41421354e+00 2.23606801e+00 1. 1.41421354e+00 2.23606801e+00
    1. 0. 2. 5. 5.09901953e+00 3.16227770e+00 1. 1. 1. 3.16227770e+00
    2.23606801e+00 2. 4.12310553e+00 2.23606801e+00 2.23606801e+00 0.
    2.82842708e+00 1. 2.23606801e+00 1. 1.41421354e+00 1. 2.23606801e+00
    2. 1. 1. 0. 2.23606801e+00 2.23606801e+00 1.41421354e+00
    2.23606801e+00 3.16227770e+00 2. 1. 1.41421354e+00 2. 1.
    4.24264050e+00 2.23606801e+00 0. 2. 3. 1. 0. 1.41421354e+00
    1.41421354e+00 1. 2.82842708e+00 2.82842708e+00 0. 2.23606801e+00
    1.41421354e+00 1. 1.41421354e+00 2.82842708e+00 1.41421354e+00
    1.13137083e+01 5.59016991e+01 1.06404884e+02 1.16211014e+02
    9.03548584e+01 4.85489426e+01 1.34536238e+01 1.41421354e+00
    1.41421354e+00 2. 1.41421354e+00 1. 1.41421354e+00 2. 1.41421354e+00
    1. 1.41421354e+00 1.41421354e+00 1.41421354e+00 1.41421354e+00 1. 0.
    0. 1. 1. 1. 1. 1. 0. 0. 1. 1.41421354e+00 1.41421354e+00 1. 1. 0. 1.
    1.41421354e+00 1.41421354e+00 2.23606801e+00 1.41421354e+00 0. 0.
    1.41421354e+00 1.41421354e+00 1.41421354e+00 3. 3.16227770e+00
    1.41421354e+00 4.12310553e+00 2. 1.41421354e+00 1.41421354e+00 1. 1.
    1. 1.41421354e+00 1. 0. 1. 2. 1. 1. 1. 1. 1. 1. 1. 0. 1.
    1.41421354e+00 1.41421354e+00 1.41421354e+00 1. 1.41421354e+00 0. 1.
    1.41421354e+00 1. 1. 0. 1. 1.41421354e+00 1. 1. 1.41421354e+00
    1.41421354e+00 2. 2. 2. 2. 1.41421354e+00 1. 1. 1.41421354e+00 0.
    1.41421354e+00 1. 0. 1. 0. 1. 1.41421354e+00 1. 2.23606801e+00 0. 1.
    1. 1.41421354e+00 1.41421354e+00 1. 0. 0. 1.41421354e+00 0. 2. 1. 0.
    1. 1. 1. 1. 2. 1. 0. 1. 1. 1.41421354e+00 1. 1. 1. 1. 2. 1. 1.
    2.23606801e+00 1. 0. 0. 0. 1.41421354e+00 1.41421354e+00
    1.41421354e+00 1. 1. 1.41421354e+00 1. 1.41421354e+00 1.
    1.41421354e+00 1. 1. 0. 1. 2.23606801e+00 0. 1. 0. 0. 1.
    1.41421354e+00 2.23606801e+00 1. 1. 1.41421354e+00 2.23606801e+00 2.
    0. 1. 1. 0. 0. 0. 0. 0. 9.89949512e+00 5.58659096e+01 1.08245094e+02
    1.13991226e+02 8.68158951e+01 4.61410866e+01 1.28062487e+01
    3.16227770e+00 2. 1.41421354e+00 2. 1. 1.41421354e+00 1.41421354e+00
    1. 3. 3. 2. 2.23606801e+00 1. 0. 1.41421354e+00 1. 1. 2.23606801e+00
    1. 1. 3. 2.82842708e+00 3.16227770e+00 2.23606801e+00 2. 1. 1.
    1.41421354e+00 3.16227770e+00 2. 1.41421354e+00 1. 3.16227770e+00
    2.82842708e+00 2.23606801e+00 4.47213602e+00 2.23606801e+00 1. 1. 1.
    1. 1.41421354e+00 1.41421354e+00 2.23606801e+00 2.23606801e+00 1.
    1.41421354e+00 0. 2.23606801e+00 2.82842708e+00 3.60555124e+00
    2.82842708e+00 1. 1. 3.60555124e+00 3.16227770e+00 1. 0. 1. 1. 1. 0.
    1. 1. 1. 2. 2.23606801e+00 3.16227770e+00 1.41421354e+00 1. 0.
    1.41421354e+00 2.23606801e+00 1.41421354e+00 1.41421354e+00 10.
    4.52769241e+01 8.72353134e+01 1.14284729e+02 1.06887794e+02
    5.72800140e+01 1.34536238e+01 2. 1. 1. 1. 1. 1. 1. 1.41421354e+00 1.
    0. 2. 2. 0. 0. 1. 1.41421354e+00 1.41421354e+00 1.41421354e+00 2. 0.
    0. 0. 1. 2. 2. 0. 0. 0. 0. 1. 1. 1. 0. 1. 1.41421354e+00
    1.41421354e+00 1. 1.41421354e+00 2. 2.82842708e+00 3. 3.16227770e+00
    2. 1. 1.41421354e+00 2. 1. 1.41421354e+00 1. 0. 1.41421354e+00
    2.23606801e+00 2. 2.23606801e+00 1. 1. 0. 1. 1. 1. 1. 0. 1. 0.
    1.41421354e+00 1.41421354e+00 2. 2. 1.41421354e+00 1. 1. 0. 0. 1. 1.
    1.41421354e+00 1. 0. 1.41421354e+00 0. 0. 0. 1. 1. 1. 1.41421354e+00
    1.41421354e+00 1.41421354e+00 1.41421354e+00 0. 1. 1. 1. 1. 1. 1. 2.
    1. 1. 1. 0. 2.23606801e+00 1. 1.41421354e+00 1. 1. 2. 1.41421354e+00
    1. 1.41421354e+00 1. 2. 0. 2. 1.41421354e+00 1.41421354e+00 1. 0.
    1.41421354e+00 1. 1. 0. 1. 0. 1.41421354e+00 2.23606801e+00 1.
    1.41421354e+00 1. 0. 0. 1. 1. 1. 1. 2. 2. 0. 0. 1. 2. 1.41421354e+00
    0. 1. 1. 1.41421354e+00 1. 1. 0. 1. 1. 1.41421354e+00 1.41421354e+00
    2.82842708e+00 2.23606801e+00 2. 2.23606801e+00 1.41421354e+00
    2.23606801e+00 1.41421354e+00 1.41421354e+00 1. 0. 0. 0. 0.
    1.06301460e+01 5.58659096e+01 1.14551300e+02 1.14551300e+02
    6.04400520e+01 2.47386341e+01 11. 1.41421354e+00 1. 3. 2. 1.
    2.23606801e+00 1. 1.41421354e+00 1.41421354e+00 2. 2.23606801e+00 0.
    1.41421354e+00 1.41421354e+00 0. 1. 1.41421354e+00 2.23606801e+00 2.
    0. 0. 2.82842708e+00 4.24264050e+00 0. 2. 2.23606801e+00 1. 0. 1. 1.
    0. 1.41421354e+00 2. 2. 1. 2. 2.23606801e+00 1.41421354e+00
    1.41421354e+00 1. 2. 2.23606801e+00 1. 2. 2.23606801e+00
    2.23606801e+00 2. 1. 1. 3. 3.60555124e+00 1. 3.16227770e+00
    1.41421354e+00 1. 2. 3.16227770e+00 1. 0. 2. 2. 1. 1. 1.41421354e+00
    1. 1. 1. 3.16227770e+00 4.12310553e+00 2.23606801e+00 0.
    2.23606801e+00 2.23606801e+00 0. 2.23606801e+00 3.16227770e+00
    2.82842708e+00 6. 2.28473186e+01 6.09590034e+01 1.11036034e+02
    1.10317726e+02 5.51543274e+01 1.13137083e+01 1.41421354e+00
    1.41421354e+00 0. 1. 1. 2. 1. 1. 2. 1. 1.41421354e+00 1.41421354e+00
    1. 1. 1. 0. 0. 1. 1. 0. 1. 1. 1. 1. 1.41421354e+00 1. 0.
    1.41421354e+00 1. 1. 0. 1. 1.41421354e+00 1. 1. 1.41421354e+00 2. 0.
    1. 3. 2.23606801e+00 1. 2. 1. 1. 1. 1. 1. 1. 1. 1.41421354e+00 2.
    2.23606801e+00 1.41421354e+00 1. 1. 0. 2. 0. 1.41421354e+00 0. 1.
    1.41421354e+00 2.23606801e+00 1.41421354e+00 2.23606801e+00
    1.41421354e+00 1.41421354e+00 1. 0. 1. 0. 0. 1. 0. 1. 2. 1. 1. 1.
    2.23606801e+00 1.41421354e+00 1. 1. 1. 1.41421354e+00 2. 0. 0. 1. 1.
    0. 1. 1. 1. 1.41421354e+00 2. 0. 1. 2. 1. 1. 1.41421354e+00 1. 0.
    1.41421354e+00 2. 1. 1.41421354e+00 1. 2. 1. 2. 1.41421354e+00
    1.41421354e+00 1.41421354e+00 1. 1. 1. 0. 0. 0. 0. 0. 1.41421354e+00
    1. 1.41421354e+00 0. 0. 0. 0. 1. 2. 1. 1. 1.41421354e+00
    1.41421354e+00 0. 1. 2.23606801e+00 1.41421354e+00 1.41421354e+00
    1.41421354e+00 1. 1. 1. 1. 1.41421354e+00 0. 2. 1. 1. 1.
    2.23606801e+00 1. 1. 1. 0. 2.23606801e+00 2. 1. 1. 0. 0.
    1.13137083e+01 5.65685425e+01 1.13846390e+02 1.15260574e+02
    5.72800140e+01 10. 2. 2. 2.23606801e+00 2. 1.41421354e+00 1. 2.
    1.41421354e+00 1. 0. 1.41421354e+00 1.41421354e+00 3. 2. 1.
    2.23606801e+00 1.41421354e+00 0. 0. 1. 1.41421354e+00 1. 1. 1.
    4.47213602e+00 2.82842708e+00 3.16227770e+00 3.16227770e+00 1.
    2.23606801e+00 1. 2.23606801e+00 1.41421354e+00 1.41421354e+00
    1.41421354e+00 1.41421354e+00 1. 1.41421354e+00 1.41421354e+00
    2.23606801e+00 2.23606801e+00 3.16227770e+00 1. 3.16227770e+00 2.
    2.23606801e+00 3.60555124e+00 0. 2. 3.16227770e+00 3. 1.
    2.23606801e+00 3.16227770e+00 1. 1. 1. 1.41421354e+00 2.23606801e+00
    2. 1.41421354e+00 2.23606801e+00 2. 2. 3. 1. 1. 0. 1.41421354e+00
    2.23606801e+00 1.41421354e+00 3.16227770e+00 2. 3.16227770e+00 1.
    1.41421354e+00 2.23606801e+00 1.41421354e+00 3.16227770e+00 2.
    1.41421354e+00 1.14017544e+01 5.65862160e+01 1.11018013e+02
    1.10308655e+02 5.44518127e+01 1.14017544e+01 2.23606801e+00 0. 1. 1.
    1. 0. 1. 1.41421354e+00 2.23606801e+00 1.41421354e+00 1. 1.
    2.23606801e+00 1.41421354e+00 1. 1.41421354e+00 1. 1. 0. 0. 1. 0.
    2.23606801e+00 1. 1. 2. 1. 1.41421354e+00 1. 0. 1. 1.41421354e+00 1.
    1.41421354e+00 2. 0. 1.41421354e+00 1.41421354e+00 1. 1.41421354e+00
    2.23606801e+00 1. 1.41421354e+00 0. 1.41421354e+00 2.23606801e+00
    1.41421354e+00 1.41421354e+00 1. 1. 2. 2.23606801e+00 1. 1. 1. 1. 1.
    1.41421354e+00 1. 1. 1.41421354e+00 1. 1. 1.41421354e+00 2.
    2.23606801e+00 2.82842708e+00 2.23606801e+00 1. 1. 1. 0. 0.
    1.41421354e+00 1.41421354e+00 1.41421354e+00 1. 1.41421354e+00
    2.23606801e+00 0. 2.23606801e+00 1.41421354e+00 2. 2. 1.41421354e+00
    0. 1.41421354e+00 1. 0. 2. 2. 2. 1.41421354e+00 1.41421354e+00 1. 1.
    2. 1.41421354e+00 1.41421354e+00 1. 1. 0. 1. 0. 2.23606801e+00 0. 2.
    1. 1. 1.41421354e+00 1. 0. 1. 1.41421354e+00 1. 1. 2.23606801e+00
    1.41421354e+00 0. 0. 0. 0. 0. 1. 2. 0. 0. 0. 0. 0. 1.41421354e+00 1.
    1. 2. 1. 1.41421354e+00 1.41421354e+00 0. 2.23606801e+00
    2.23606801e+00 1. 0. 0. 1. 1.41421354e+00 1. 1.41421354e+00
    1.41421354e+00 1. 1. 1.41421354e+00 1.41421354e+00 0. 1. 0. 0.
    1.41421354e+00 1.41421354e+00 1. 1. 1.41421354e+00 1. 1.13137083e+01
    5.65685425e+01 1.12432205e+02 1.13145920e+02 5.72800140e+01
    9.89949512e+00 1. 1. 1. 1. 1. 0. 1. 1. 2.23606801e+00 1. 1. 1.
    2.23606801e+00 1.41421354e+00 1. 2.82842708e+00 3.60555124e+00
    2.23606801e+00 2. 0. 1. 1.41421354e+00 1. 1.41421354e+00 1. 2.
    3.16227770e+00 2.23606801e+00 2. 1.41421354e+00 1. 3.16227770e+00
    2.23606801e+00 1. 1. 1. 0. 1. 2.23606801e+00 1.41421354e+00
    4.47213602e+00 1.41421354e+00 3.60555124e+00 3.60555124e+00
    2.23606801e+00 3.16227770e+00 1. 4.24264050e+00 3.16227770e+00
    4.24264050e+00 3.60555124e+00 2.23606801e+00 2.23606801e+00 1.
    1.41421354e+00 1. 2.23606801e+00 1. 1. 2.23606801e+00 2.
    3.60555124e+00 2.23606801e+00 1. 1.41421354e+00 2.23606801e+00 3. 1.
    1. 1. 1. 1.41421354e+00 1.41421354e+00 2.23606801e+00 2.23606801e+00
    3.60555124e+00 2.23606801e+00 1.41421354e+00 2.23606801e+00
    1.41421354e+00 1. 0. 1. 1.34536238e+01 5.72800140e+01 1.12449989e+02
    1.11036034e+02 5.51724586e+01 1.28062487e+01 2. 1.41421354e+00 1.
    1.41421354e+00 0. 1.41421354e+00 1.41421354e+00 1.41421354e+00
    2.23606801e+00 1. 2.23606801e+00 2.23606801e+00 1. 2.23606801e+00 1.
    1. 0. 1. 1. 1. 1. 1.41421354e+00 1. 1. 1. 1. 1. 0. 0. 0. 1. 1. 1. 0.
    1.41421354e+00 1.41421354e+00 1.41421354e+00 2.82842708e+00 1. 2. 1.
    1. 1. 2.23606801e+00 0. 3.16227770e+00 1. 1. 1. 1. 0. 2.23606801e+00
    1. 0. 1. 0. 1. 1. 1.41421354e+00 2.23606801e+00 0. 1. 1.41421354e+00
    2. 3.16227770e+00 1.41421354e+00 3. 0. 0. 1.41421354e+00 0. 1.
    1.41421354e+00 1. 1. 1.41421354e+00 1. 1.41421354e+00 2.23606801e+00
    2.23606801e+00 2.23606801e+00 1. 1. 1. 1. 1. 1. 2. 1. 0. 1. 1.
    1.41421354e+00 1. 2.23606801e+00 1.41421354e+00 1.41421354e+00
    1.41421354e+00 1.41421354e+00 1. 0. 1. 1.41421354e+00 1.
    1.41421354e+00 1. 1. 0. 1.41421354e+00 1.41421354e+00 0. 0. 0.
    1.41421354e+00 2. 1. 2.23606801e+00 1. 0. 0. 1. 1.41421354e+00 1.
    1.41421354e+00 1. 0. 1. 0. 1.41421354e+00 1.41421354e+00
    1.41421354e+00 3.16227770e+00 2.23606801e+00 2.23606801e+00 1.
    1.41421354e+00 2.23606801e+00 0. 2. 1. 0. 0. 1.41421354e+00 1. 0. 1.
    1. 0. 1. 0. 0. 1. 0. 0. 0. 1.41421354e+00 1. 1. 1. 1. 1.20415945e+01
    5.72800140e+01 1.12432205e+02 1.11722870e+02 5.59016991e+01
    1.08166542e+01 1. 1. 0. 1. 1.41421354e+00 1. 1. 1.41421354e+00 1. 1.
    1.41421354e+00 1. 1. 1.41421354e+00 2. 1. 3.16227770e+00 2. 2.
    2.23606801e+00 2. 1.41421354e+00 1.41421354e+00 1.41421354e+00 2.
    3.16227770e+00 1. 0. 1. 0. 2. 3.16227770e+00 2.23606801e+00 1.
    2.82842708e+00 2. 1.41421354e+00 0. 1. 2. 2. 4. 1.41421354e+00
    1.41421354e+00 2.23606801e+00 1.41421354e+00 2.23606801e+00
    2.23606801e+00 1.41421354e+00 3. 2.23606801e+00 2. 2.82842708e+00
    2.23606801e+00 1. 0. 2.23606801e+00 1. 1. 0. 1.41421354e+00
    2.82842708e+00 1.41421354e+00 1. 1.41421354e+00 1.41421354e+00
    2.23606801e+00 3. 1. 1.41421354e+00 1. 1. 2. 1. 3. 3.16227770e+00 1.
    3. 1. 1.41421354e+00 1. 1. 1.41421354e+00 1.41421354e+00
    1.41421354e+00 1.28062487e+01 5.73149185e+01 1.13145920e+02
    1.11018013e+02 5.52268066e+01 1.14017544e+01 1. 2. 0. 0. 1. 1. 1.
    1.41421354e+00 2. 1. 2.23606801e+00 1.41421354e+00 2. 2.23606801e+00
    0. 1. 0. 0. 2.23606801e+00 1.41421354e+00 1. 1. 2.23606801e+00 2.
    1.41421354e+00 0. 1. 1. 0. 0. 0. 1. 1. 1. 1.41421354e+00 1.
    1.41421354e+00 2.23606801e+00 1. 1. 0. 1. 1.41421354e+00
    2.23606801e+00 1.41421354e+00 1. 1. 0. 1. 2.23606801e+00 1. 1. 1. 0.
    1. 0. 1.41421354e+00 2.82842708e+00 0. 1. 0. 1. 0. 2.23606801e+00
    3.16227770e+00 2.23606801e+00 1. 1. 1.41421354e+00 1. 1. 2. 1. 1. 0.
    1. 1. 1. 2.23606801e+00 1.41421354e+00 1. 1.41421354e+00
    1.41421354e+00 0. 1. 2. 0. 2. 2. 1. 1. 0. 2.23606801e+00
    1.41421354e+00 1. 1.41421354e+00 1.41421354e+00 1.41421354e+00
    1.41421354e+00 2.23606801e+00 2. 1. 2. 1. 1. 1. 1. 1. 1. 1. 0. 0. 1.
    2.23606801e+00 1. 2. 1. 0. 1. 1.41421354e+00 1.41421354e+00
    2.23606801e+00 0. 1.41421354e+00 1. 0. 2. 1.41421354e+00 1.
    2.82842708e+00 2.82842708e+00 1. 2.23606801e+00 1. 0. 1.41421354e+00
    2. 1.41421354e+00 1. 1. 1.41421354e+00 1.41421354e+00 0. 0.
    1.41421354e+00 1. 0. 0. 0. 0. 0. 0. 1. 1.41421354e+00 1.41421354e+00
    1. 1.41421354e+00 1.41421354e+00 1.20415945e+01 5.73149185e+01
    1.12432205e+02 1.11018013e+02 5.51724586e+01 1.20415945e+01 2. 1. 0.
    1. 0. 1. 2. 2.23606801e+00 2. 1.41421354e+00 1.41421354e+00 1. 1.
    2.23606801e+00 2.23606801e+00 3.60555124e+00 2.23606801e+00
    2.82842708e+00 1. 0. 2. 1. 0. 1. 2.23606801e+00 2.23606801e+00
    2.23606801e+00 2.23606801e+00 2.23606801e+00 1.41421354e+00
    1.41421354e+00 2.23606801e+00 0. 1.41421354e+00 1.41421354e+00 2. 1.
    2. 1.41421354e+00 1.41421354e+00 2. 1.41421354e+00 3.60555124e+00 3.
    2.23606801e+00 0. 0. 1.41421354e+00 3.60555124e+00 1.41421354e+00 1.
    2.82842708e+00 4.12310553e+00 2. 0. 1. 1.41421354e+00 1.
    1.41421354e+00 2.23606801e+00 2.23606801e+00 2. 2. 1. 1.41421354e+00
    2.23606801e+00 2. 2. 0. 1.41421354e+00 0. 0. 1.41421354e+00
    1.41421354e+00 1. 1.41421354e+00 2.23606801e+00 3.16227770e+00
    2.82842708e+00 2.82842708e+00 2. 2. 2. 1. 2. 2. 1. 1.14017544e+01
    5.72800140e+01 1.13172432e+02 1.12449989e+02 5.58659096e+01
    1.13137083e+01 1. 1. 1. 1.41421354e+00 1.41421354e+00 1. 2.
    1.41421354e+00 1.41421354e+00 1. 2.23606801e+00 2. 1.41421354e+00
    1.41421354e+00 0. 0. 1. 1. 2.23606801e+00 1. 2. 2.23606801e+00
    1.41421354e+00 2.23606801e+00 0. 1.41421354e+00 1.41421354e+00
    1.41421354e+00 0. 1. 1.41421354e+00 2.23606801e+00 1.41421354e+00 1.
    1.41421354e+00 1.41421354e+00 1. 1.41421354e+00 1.41421354e+00 1. 0.
    1. 1. 0. 0. 1. 2. 1. 1. 1.41421354e+00 1. 0. 0. 1. 1. 2. 0.
    2.23606801e+00 1. 1. 1.41421354e+00 1. 1. 2.23606801e+00 1.
    2.23606801e+00 1.41421354e+00 2.23606801e+00 1. 1. 2. 2.
    2.23606801e+00 1.41421354e+00 1. 0. 1. 0. 2.23606801e+00 3. 2. 0. 0.
    1. 0. 2. 1.41421354e+00 1. 1. 0. 1. 2.23606801e+00 1. 1.41421354e+00
    0. 1. 1. 1. 1.41421354e+00 2.23606801e+00 3. 1. 1. 2. 0.
    1.41421354e+00 1. 1. 0. 0. 0. 0. 1.41421354e+00 2.23606801e+00
    1.41421354e+00 1. 0. 1. 1. 1. 2. 1.41421354e+00 1. 1. 1.
    1.41421354e+00 1. 2.23606801e+00 3.60555124e+00 2. 2.23606801e+00
    1.41421354e+00 0. 0. 0. 1. 1.41421354e+00 1.41421354e+00 1. 0. 1. 0.
    1. 1.41421354e+00 0. 1. 0. 0. 0. 0. 1. 1. 0. 0. 1.41421354e+00 1.
    1.13137083e+01 5.58659096e+01 1.11722870e+02 1.11036034e+02
    5.58659096e+01 1.27279224e+01 2.23606801e+00 1. 1. 1. 1. 2.
    3.16227770e+00 2.82842708e+00 2. 1.41421354e+00 2.23606801e+00 0. 1.
    1.41421354e+00 2. 3.16227770e+00 0. 2. 1.41421354e+00 0. 0.
    1.41421354e+00 2. 1. 1. 3. 1.41421354e+00 1.41421354e+00 0.
    1.41421354e+00 1.41421354e+00 1. 1. 2.23606801e+00 1.41421354e+00
    1.41421354e+00 2. 3. 2.23606801e+00 2.23606801e+00 2. 1. 2. 1.
    2.23606801e+00 2. 0. 2.23606801e+00 3.16227770e+00 4.47213602e+00
    3.60555124e+00 2.23606801e+00 2.23606801e+00 0. 2.23606801e+00
    2.23606801e+00 2. 2.23606801e+00 2.23606801e+00 2.23606801e+00
    2.82842708e+00 1.41421354e+00 1.41421354e+00 2.23606801e+00
    3.60555124e+00 4.12310553e+00 2. 1.41421354e+00 1. 2. 2. 2. 0. 2.
    1.41421354e+00 1. 1.41421354e+00 1.41421354e+00 1.41421354e+00
    2.23606801e+00 2.23606801e+00 3.16227770e+00 2.82842708e+00
    1.41421354e+00 2.23606801e+00 3.16227770e+00 3.16227770e+00
    3.60555124e+00 2.23606801e+00 1.16619034e+01 5.65862160e+01
    1.13846390e+02 1.13145920e+02 5.73149185e+01 1.28062487e+01 1.
    1.41421354e+00 1.41421354e+00 3.16227770e+00 2. 1. 1. 0.
    1.41421354e+00 1. 1.41421354e+00 1. 2.23606801e+00 1.41421354e+00 0.
    1. 1. 1.41421354e+00 1.41421354e+00 1. 2.82842708e+00 2. 2. 0.
    1.41421354e+00 1. 1. 1. 1. 2. 0. 2.23606801e+00 1. 0. 1.41421354e+00
    1.41421354e+00 1. 0. 1. 1.41421354e+00 1. 1. 1. 1. 1. 1.41421354e+00
    1. 1. 1. 0. 1.41421354e+00 1.41421354e+00 1.41421354e+00 1.
    1.41421354e+00 2. 1.41421354e+00 1. 1. 2.23606801e+00 0. 0. 1. 1.
    1.41421354e+00 2. 2. 1.41421354e+00 1.41421354e+00 1. 2.23606801e+00
    1. 1. 1. 2. 2. 2.23606801e+00 2.23606801e+00 2. 2.23606801e+00 1. 0.
    0. 1. 1.41421354e+00 1. 0. 0. 1. 2. 1. 2. 1.41421354e+00 1. 1.
    1.41421354e+00 0. 1. 2.23606801e+00 1. 1. 2. 1. 1. 1. 0. 0. 1. 1. 0.
    0. 0. 1. 1. 1. 1. 1. 1.41421354e+00 1.41421354e+00 1. 1. 2. 1. 1.
    1.41421354e+00 1. 3.16227770e+00 3.16227770e+00 1.41421354e+00 3. 1.
    0. 0. 0. 1. 1.41421354e+00 0. 1. 1.41421354e+00 1.41421354e+00
    1.41421354e+00 1.41421354e+00 1. 1.41421354e+00 2. 1.41421354e+00 0.
    0. 0. 0. 2. 1.41421354e+00 1. 1.41421354e+00 8. 4.52769241e+01
    1.04890419e+02 1.11018013e+02 5.58659096e+01 1.28062487e+01
    1.41421354e+00 1.41421354e+00 1.41421354e+00 0. 1. 1.41421354e+00
    2.23606801e+00 3. 2.23606801e+00 1.41421354e+00 3.16227770e+00 0. 0.
    1. 3. 2. 1. 1.41421354e+00 1. 2. 2. 1.41421354e+00 2. 2.23606801e+00
    1. 1. 0. 1. 0. 1.41421354e+00 2. 1.41421354e+00 0. 1. 1.41421354e+00
    2.23606801e+00 2.82842708e+00 1. 1. 2.23606801e+00 1.41421354e+00 2.
    2.82842708e+00 2.23606801e+00 1.41421354e+00 1. 2.23606801e+00
    3.16227770e+00 3.60555124e+00 2.23606801e+00 2. 3.16227770e+00
    1.41421354e+00 1. 3.16227770e+00 2.82842708e+00 1. 0. 1.
    1.41421354e+00 1.41421354e+00 1.41421354e+00 0. 1.41421354e+00
    3.60555124e+00 2.23606801e+00 4. 2.23606801e+00 2. 3.16227770e+00
    4.47213602e+00 3.16227770e+00 2.23606801e+00 1. 1. 1. 2.23606801e+00
    1. 1. 1. 2.23606801e+00 3. 3. 2. 2.23606801e+00 3. 1.41421354e+00
    1.41421354e+00 2. 1.41421354e+00 1. 1.06301460e+01 5.58659096e+01
    1.12432205e+02 1.06887794e+02 4.80208282e+01 10. 1. 1.41421354e+00
    2. 2.23606801e+00 2. 1.41421354e+00 1. 1.41421354e+00 1. 1. 2. 0. 2.
    1. 1. 1.41421354e+00 0. 2.23606801e+00 1. 2. 2.23606801e+00 1. 1. 1.
    1. 1. 0. 1.41421354e+00 1. 2. 1.41421354e+00 1. 1. 0. 1. 1. 2.
    1.41421354e+00 1.41421354e+00 0. 0. 1.41421354e+00 1. 1.41421354e+00
    1. 1.41421354e+00 0. 1. 1.41421354e+00 1. 0. 1. 1.41421354e+00 0. 1.
    1.41421354e+00 2.82842708e+00 1. 2.23606801e+00 1.41421354e+00 0. 1.
    1.41421354e+00 1.41421354e+00 0. 1. 1. 1.41421354e+00 1.41421354e+00
    0. 1.41421354e+00 1.41421354e+00 2.23606801e+00 2.23606801e+00
    1.41421354e+00 1.41421354e+00 1. 1. 2.23606801e+00 1. 0. 0. 1. 1. 1.
    1. 0. 1. 2. 2.23606801e+00 1. 0. 1.41421354e+00 1.41421354e+00 1. 1.
    1. 1.41421354e+00 1. 1. 1. 1. 1. 0. 0. 1. 1.41421354e+00
    1.41421354e+00 1.41421354e+00 1. 0. 0. 1. 1. 1.41421354e+00
    1.41421354e+00 1. 2. 1. 1. 1.41421354e+00 1.41421354e+00 2. 1. 1. 3.
    3.16227770e+00 1.41421354e+00 3.16227770e+00 1. 0. 1. 0. 1.
    1.41421354e+00 0. 1. 1. 0. 1. 1. 1.41421354e+00 2.23606801e+00 0. 2.
    1. 0. 1. 1.41421354e+00 0. 1. 0. 1. 2.43515911e+01 8.58661728e+01
    1.12058022e+02 6.20080643e+01 1.28062487e+01 2.23606801e+00 1. 1. 1.
    1. 1. 1. 2.82842708e+00 2.23606801e+00 2. 3.16227770e+00 0. 1. 1. 2.
    1. 1.41421354e+00 0. 1.41421354e+00 2.23606801e+00 2. 1.41421354e+00
    1. 1.41421354e+00 1. 0. 1. 1.41421354e+00 1.41421354e+00
    1.41421354e+00 2. 2.23606801e+00 1.41421354e+00 1.41421354e+00 0. 1.
    2.23606801e+00 1.41421354e+00 1. 1.41421354e+00 1.41421354e+00
    2.23606801e+00 4.24264050e+00 2.23606801e+00 2.23606801e+00
    2.82842708e+00 2. 2.23606801e+00 3. 1. 3.16227770e+00 4.47213602e+00
    2.23606801e+00 1.41421354e+00 2. 1. 1. 1.41421354e+00 2. 3. 1.
    1.41421354e+00 1. 1. 2.82842708e+00 5. 5.09901953e+00 3. 1.
    2.82842708e+00 5.83095169e+00 2.23606801e+00 3. 2. 1. 1.
    2.23606801e+00 0. 2.23606801e+00 0. 1.41421354e+00 1.41421354e+00 1.
    1. 0. 1.41421354e+00 3. 2. 2. 3.16227770e+00 2. 1.41421354e+00 0.
    10. 5.98163872e+01 1.12605507e+02 89. 2.72029419e+01 1.
    1.41421354e+00 0. 1. 1. 0. 0. 2. 1.41421354e+00 1.41421354e+00 0.
    1.41421354e+00 1.41421354e+00 0. 0. 1.41421354e+00 2. 1.41421354e+00
    3. 1. 1. 1. 0. 0. 0. 1. 2.23606801e+00 1.41421354e+00 1.41421354e+00
    1.41421354e+00 1. 1.41421354e+00 1. 1. 1. 1. 1. 2. 1. 1.41421354e+00
    1.41421354e+00 0. 1.41421354e+00 0. 1.41421354e+00 0. 2. 1. 1.
    2.23606801e+00 1. 1. 1. 1. 1.41421354e+00 2.23606801e+00
    1.41421354e+00 1. 2. 1. 0. 1. 0. 1. 1. 1.41421354e+00 1.41421354e+00
    1.41421354e+00 1.41421354e+00 1.41421354e+00 1. 1.41421354e+00 1.
    1.41421354e+00 2.23606801e+00 1. 1. 2.23606801e+00 1.41421354e+00 0.
    0. 0. 0. 2. 2. 2. 0. 1. 1. 1. 2. 1.41421354e+00 1.41421354e+00 1. 1.
    0. 1.41421354e+00 2.23606801e+00 0. 2.23606801e+00 0. 1. 0. 1. 1.
    1.41421354e+00 1. 0. 0. 1. 1.41421354e+00 0. 1. 1. 1.41421354e+00
    1.41421354e+00 2. 1. 1. 2. 1.41421354e+00 1.41421354e+00 2. 1.
    1.41421354e+00 2. 2.23606801e+00 1.41421354e+00 2.23606801e+00 1. 1.
    0. 1. 0. 1.41421354e+00 1.41421354e+00 1.41421354e+00 1. 0. 0. 1.
    1.41421354e+00 1. 2.23606801e+00 1.41421354e+00 0. 1.41421354e+00
    1.41421354e+00 1. 1.41421354e+00 1.41421354e+00 1.41421354e+00
    1.14017544e+01 6.10737267e+01 1.12071404e+02 8.90056152e+01
    2.75136337e+01 1.41421354e+00 1. 2.23606801e+00 1. 1. 1. 0. 0.
    2.23606801e+00 2.23606801e+00 1.41421354e+00 1.41421354e+00 1. 1. 1.
    2.23606801e+00 3.16227770e+00 1.41421354e+00 1.41421354e+00
    3.16227770e+00 2.23606801e+00 2.23606801e+00 1.41421354e+00 1. 2.
    1.41421354e+00 1. 1.41421354e+00 1. 1. 1. 2.23606801e+00 1. 1.
    1.41421354e+00 1. 0. 2.23606801e+00 1.41421354e+00 2. 1.41421354e+00
    3. 3.16227770e+00 2.23606801e+00 1. 1. 3.60555124e+00 3.60555124e+00
    2.23606801e+00 1. 3.16227770e+00 3.60555124e+00 2.23606801e+00 0. 1.
    2.23606801e+00 3.16227770e+00 2.23606801e+00 1. 2.23606801e+00 3.
    4.24264050e+00 2.23606801e+00 1. 2.23606801e+00 4.12310553e+00
    1.41421354e+00 1.41421354e+00 2. 3. 3.60555124e+00 2. 4.12310553e+00
    3.60555124e+00 1.41421354e+00 1. 1. 1.41421354e+00 2.23606801e+00 0.
    2. 1. 2.23606801e+00 1. 1.41421354e+00 1. 2.23606801e+00
    2.23606801e+00 1.41421354e+00 2.82842708e+00 4. 1. 2. 2. 2.
    2.40416298e+01 8.63133850e+01 1.13991226e+02 6.18465843e+01
    1.13137083e+01 0. 0. 0. 1. 0. 2. 0. 2. 1. 0. 1.41421354e+00
    1.41421354e+00 0. 1. 1. 2.23606801e+00 2.23606801e+00 3. 1. 1. 0. 1.
    1. 1. 2.82842708e+00 2. 2.23606801e+00 2.23606801e+00 0. 1. 1.
    1.41421354e+00 2.23606801e+00 2. 2. 0. 1. 1. 0. 1. 1. 2.23606801e+00
    1. 1. 2. 0. 3. 2. 1. 1. 1.41421354e+00 1. 1.41421354e+00
    2.23606801e+00 1.41421354e+00 1. 1. 2. 1. 1. 0. 1. 0. 0. 0. 1.
    1.41421354e+00 1. 1. 1.41421354e+00 1.41421354e+00 1.41421354e+00
    1.41421354e+00 1.41421354e+00 1. 0. 0. 1. 1. 0. 1. 1. 1. 0. 0. 0. 1.
    0. 1. 1. 1. 1.41421354e+00 1. 0. 1. 1. 3.60555124e+00 3.
    1.41421354e+00 1. 1. 1.41421354e+00 1. 1. 1. 0. 1.41421354e+00
    2.23606801e+00 2.23606801e+00 1. 2. 2.23606801e+00 2.23606801e+00 0.
    0. 1.41421354e+00 2. 2. 1. 1. 1. 1. 0. 1.41421354e+00 1.41421354e+00
    2. 1.41421354e+00 3.16227770e+00 0. 1. 2. 1. 1. 0. 1. 1. 1. 0. 0. 1.
    1. 1.41421354e+00 1. 1. 2.23606801e+00 1.41421354e+00 1.
    1.41421354e+00 1.41421354e+00 1.41421354e+00 1.20415945e+01
    5.72800140e+01 1.12432205e+02 1.07563934e+02 4.74341660e+01
    9.05538559e+00 1.41421354e+00 1. 1. 1.41421354e+00 1. 1.41421354e+00
    2.23606801e+00 1.41421354e+00 1.41421354e+00 2. 0. 1. 2.
    2.23606801e+00 2.23606801e+00 2. 1. 1. 2. 2.23606801e+00 1.
    1.41421354e+00 3. 3.16227770e+00 0. 2.23606801e+00 2.23606801e+00
    1.41421354e+00 1.41421354e+00 0. 3. 2.23606801e+00 1.41421354e+00
    3.60555124e+00 4. 1.41421354e+00 1. 2.23606801e+00 0. 1.41421354e+00
    2. 1.41421354e+00 0. 0. 1. 1.41421354e+00 1. 3.60555124e+00
    2.82842708e+00 3. 2.23606801e+00 2.23606801e+00 2. 1.41421354e+00
    1.41421354e+00 2.23606801e+00 2.23606801e+00 2.82842708e+00 1. 3. 2.
    2.82842708e+00 4.24264050e+00 1.41421354e+00 1.41421354e+00 2. 2. 2.
    2.23606801e+00 1. 1.41421354e+00 3.60555124e+00 4.12310553e+00 4. 3.
    2. 1.41421354e+00 0. 1.41421354e+00 2. 1.41421354e+00 1.41421354e+00
    1. 3. 2.82842708e+00 2.23606801e+00 3. 1.41421354e+00 3.16227770e+00
    3.16227770e+00 1. 2. 1.41421354e+00 1. 2.23606801e+00 8.54400349e+00
    4.54862633e+01 1.06962608e+02 1.13145920e+02 5.51543274e+01
    1.06301460e+01 1. 0. 0. 1. 0. 1. 1.41421354e+00 1. 1.41421354e+00
    2.82842708e+00 0. 2.23606801e+00 1. 1.41421354e+00 0. 2. 0. 1. 0. 1.
    2.23606801e+00 2.23606801e+00 1.41421354e+00 2. 2.23606801e+00 3. 0.
    1. 0. 1. 1.41421354e+00 2.82842708e+00 1.41421354e+00 3.16227770e+00
    1. 1.41421354e+00 1. 0. 1.41421354e+00 2.23606801e+00 1.41421354e+00
    3. 1.41421354e+00 1.41421354e+00 3. 2.23606801e+00 2.23606801e+00 1.
    1. 0. 1. 2. 1. 1. 1. 1.41421354e+00 2.23606801e+00 1.41421354e+00 0.
    2. 0. 0. 1. 0. 0. 0. 1. 1. 0. 1. 1. 1. 1. 1. 1.41421354e+00 1. 1.
    1.41421354e+00 2. 1. 1. 1. 2. 2. 1. 1. 0. 1.41421354e+00 1. 1. 1. 1.
    0. 1. 2.23606801e+00 1. 2.23606801e+00 1. 1.41421354e+00
    2.23606801e+00 0. 2.82842708e+00 1.41421354e+00 0. 1.41421354e+00 2.
    1. 0. 1.41421354e+00 3. 2. 1. 1.41421354e+00 0. 1. 1. 1. 1. 1. 0. 1.
    0. 2.23606801e+00 1. 1. 1. 1.41421354e+00 2.23606801e+00 1. 1. 0.
    1.41421354e+00 1.41421354e+00 0. 1.41421354e+00 1. 1. 0. 0. 1. 0. 1.
    2.23606801e+00 1. 1.41421354e+00 1.41421354e+00 2.23606801e+00
    1.41421354e+00 9. 4.80208282e+01 1.08245094e+02 1.13145920e+02
    5.65685425e+01 1.06301460e+01 1. 1.41421354e+00 1. 1. 2. 1.
    2.82842708e+00 0. 1. 2.23606801e+00 1. 2.23606801e+00 2.23606801e+00
    2. 1. 2. 2. 4.12310553e+00 2.23606801e+00 2. 2.23606801e+00 1. 2.
    3.16227770e+00 1. 1. 0. 2.23606801e+00 3.16227770e+00 2.23606801e+00
    2.23606801e+00 2.23606801e+00 1. 3.16227770e+00 3.60555124e+00
    1.41421354e+00 3.16227770e+00 2.23606801e+00 2.23606801e+00
    2.23606801e+00 2.82842708e+00 1.41421354e+00 1. 2. 2.23606801e+00 1.
    3. 4. 2.23606801e+00 1. 1. 1.41421354e+00 2.23606801e+00
    3.16227770e+00 1. 2. 2. 1.41421354e+00 2.23606801e+00 1.41421354e+00
    1. 2.82842708e+00 1. 3. 2.23606801e+00 1.41421354e+00 1.41421354e+00
    1.41421354e+00 1. 2. 2.23606801e+00 2.23606801e+00 3. 2.
    2.23606801e+00 2.23606801e+00 2. 2.23606801e+00 1. 2. 3.
    3.16227770e+00 1.41421354e+00 1. 2. 2.23606801e+00 2.23606801e+00 2.
    2.23606801e+00 2.23606801e+00 1. 1. 1. 1. 1.41421354e+00 1. 2.
    1.27279224e+01 5.65862160e+01 1.13137085e+02 1.06887794e+02
    4.49444084e+01 8.06225777e+00 1.41421354e+00 0. 1. 1. 1.41421354e+00
    1.41421354e+00 1.41421354e+00 2.23606801e+00 0. 2.82842708e+00
    1.41421354e+00 0. 1. 1.41421354e+00 1.41421354e+00 1. 0. 0. 2.
    2.23606801e+00 1.41421354e+00 1. 2. 2. 1.41421354e+00 2.23606801e+00
    0. 0. 0. 2. 2. 1.41421354e+00 2.23606801e+00 1. 1.41421354e+00 1. 2.
    0. 1.41421354e+00 3. 1. 1.41421354e+00 1.41421354e+00 3.
    1.41421354e+00 2.23606801e+00 1. 0. 0. 0. 1.41421354e+00
    2.82842708e+00 2. 2.23606801e+00 2.23606801e+00 2.23606801e+00 0. 2.
    1. 1. 1. 0. 1. 0. 0. 0. 0. 0. 1. 1.41421354e+00 1.41421354e+00 1. 1.
    1. 1. 1. 1. 2. 1. 1. 1. 1. 0. 2. 2.23606801e+00 2.23606801e+00 0.
    1.41421354e+00 0. 1. 1.41421354e+00 0. 0. 1.41421354e+00 1.
    2.23606801e+00 1.41421354e+00 0. 2.23606801e+00 2.82842708e+00 0.
    2.23606801e+00 2. 1. 2.23606801e+00 2.23606801e+00 2. 1.
    1.41421354e+00 1.41421354e+00 1. 0. 0. 0. 0. 1.41421354e+00
    1.41421354e+00 0. 1. 1. 1. 1.41421354e+00 2.23606801e+00
    1.41421354e+00 1.41421354e+00 0. 1.41421354e+00 1. 2. 2.23606801e+00
    1.41421354e+00 1. 2. 1.41421354e+00 1.41421354e+00 1.41421354e+00 0.
    0. 1. 1. 1.41421354e+00 1.41421354e+00 2.23606801e+00 1.41421354e+00
    2.23606801e+00 1. 1. 2.65706596e+01 9.12359543e+01 1.15377640e+02
    6.16198006e+01 9.21954441e+00 1. 2.82842708e+00 2. 2.23606801e+00 1.
    1. 1.41421354e+00 0. 2.23606801e+00 1.41421354e+00 1. 2.82842708e+00
    2.82842708e+00 1.41421354e+00 0. 1.41421354e+00 0. 2.23606801e+00
    1.41421354e+00 3. 3.16227770e+00 2.23606801e+00 1.41421354e+00
    2.82842708e+00 3. 1. 0. 1. 1. 1.41421354e+00 2.23606801e+00
    2.23606801e+00 2.23606801e+00 1. 3. 2.82842708e+00 5. 5.
    2.23606801e+00 4.47213602e+00 4.12310553e+00 2.23606801e+00
    2.23606801e+00 2.23606801e+00 1.41421354e+00 2.23606801e+00 1.
    2.82842708e+00 4. 3.16227770e+00 1.41421354e+00 1.41421354e+00
    2.23606801e+00 2. 2. 2.23606801e+00 1.41421354e+00 2.82842708e+00 2.
    2.23606801e+00 1. 0. 1.41421354e+00 1. 3.16227770e+00 2.23606801e+00
    1. 2. 2. 2.23606801e+00 1. 1.41421354e+00 4. 1. 3.16227770e+00
    2.23606801e+00 3.60555124e+00 4.24264050e+00 1. 2.23606801e+00 2.
    2.23606801e+00 3.16227770e+00 3. 1. 1.41421354e+00 1. 1.41421354e+00
    2. 1.41421354e+00 1.41421354e+00 1.41421354e+00 0. 1. 1. 1. 0. 1. 1.
    1.27279224e+01 6.31268578e+01 1.15108643e+02 8.72066498e+01
    2.40416298e+01 2.23606801e+00 0. 1. 1. 1. 1. 1. 1. 2.23606801e+00
    1.41421354e+00 1. 0. 0. 0. 1. 1.41421354e+00 1. 0. 2. 2.23606801e+00
    2.23606801e+00 2.23606801e+00 1. 1.41421354e+00 1.41421354e+00 1. 1.
    0. 0. 1. 2.23606801e+00 1. 1. 0. 0. 1.41421354e+00 1. 3.
    1.41421354e+00 0. 1.41421354e+00 2. 2. 1. 1. 1.41421354e+00 0. 0. 0.
    0. 0. 2. 3. 2. 1. 1. 1. 1. 1. 1. 0. 1. 0. 1. 1. 0. 1. 1. 1. 1. 1. 0.
    1. 1. 1.41421354e+00 1.41421354e+00 0. 1.41421354e+00 1. 0. 1. 2. 2.
    1. 1. 2.82842708e+00 2.23606801e+00 0. 0. 0. 1. 1. 1. 1.41421354e+00
    1.41421354e+00 2. 1.41421354e+00 1.41421354e+00 0. 1.41421354e+00
    2.23606801e+00 1.41421354e+00 2. 1. 1. 0. 1. 0. 1. 0. 0. 0. 1. 1. 1.
    1.41421354e+00 0. 1. 0. 2. 1.41421354e+00 1. 1. 1. 1.41421354e+00 1.
    1. 2. 1.41421354e+00 1.41421354e+00 1.41421354e+00 0. 1.41421354e+00
    1. 2.23606801e+00 0. 1. 1. 1.41421354e+00 1. 1.41421354e+00 1. 0.
    1.41421354e+00 0. 1.41421354e+00 1.28062487e+01 6.37808762e+01
    1.15377640e+02 8.81419296e+01 2.28035088e+01 2.23606801e+00 2. 3. 0.
    2.23606801e+00 2.23606801e+00 1. 1. 1.41421354e+00 1.41421354e+00
    2.23606801e+00 4. 3.16227770e+00 0. 1. 1. 1.41421354e+00 0.
    1.41421354e+00 4. 4.24264050e+00 3.60555124e+00 1. 2.23606801e+00
    3.16227770e+00 1. 1.41421354e+00 0. 1. 2. 2. 1. 0. 1.41421354e+00
    1.41421354e+00 1. 3.16227770e+00 4.47213602e+00 1. 2. 1. 1. 1.
    2.23606801e+00 3.16227770e+00 1.41421354e+00 1. 1. 3. 1.41421354e+00
    2. 1.41421354e+00 1. 1. 2. 2. 0. 1. 2.23606801e+00 4. 2. 0. 1. 1. 0.
    3. 2.23606801e+00 3.60555124e+00 1.41421354e+00 1.41421354e+00 1. 1.
    3. 1.41421354e+00 2.82842708e+00 0. 2.23606801e+00 5. 3.16227770e+00
    3.16227770e+00 3.16227770e+00 4.12310553e+00 2.23606801e+00
    4.24264050e+00 3. 1. 1.41421354e+00 0. 1. 3. 2. 2.23606801e+00 0. 1.
    1. 2. 1. 1.41421354e+00 2. 1.41421354e+00 0. 2.56320114e+01
    9.03382568e+01 1.14280357e+02 5.88982162e+01 1.06301460e+01 2.
    1.41421354e+00 1.41421354e+00 0. 0. 1. 1. 1. 1. 1. 1.41421354e+00 1.
    1. 1. 1.41421354e+00 1. 0. 1. 2.23606801e+00 2.23606801e+00 1. 0. 0.
    1. 1. 0. 0. 1. 0. 1.41421354e+00 1. 1. 0. 1. 0. 2. 1. 2. 1.
    1.41421354e+00 2. 2.23606801e+00 1. 0. 1. 0. 1. 0. 0. 1. 1. 1. 1. 2.
    0. 1. 0. 1. 0. 0. 0. 1.41421354e+00 2.23606801e+00 2.23606801e+00 1.
    1. 1. 1.41421354e+00 1.41421354e+00 0. 1. 1. 0. 0. 1. 1.
    1.41421354e+00 1. 1. 1.41421354e+00 1. 0. 2. 2.82842708e+00 0.
    2.23606801e+00 1. 0. 1. 1.41421354e+00 1. 1.41421354e+00
    1.41421354e+00 2.23606801e+00 1.41421354e+00 1. 1. 0. 1. 0. 1. 0. 2.
    1.41421354e+00 1.41421354e+00 1. 0. 2.23606801e+00 1.41421354e+00 1.
    1.41421354e+00 1. 1.41421354e+00 2.23606801e+00 1. 0. 0. 2. 0. 1. 1.
    1. 0. 1. 1.41421354e+00 1.41421354e+00 2. 1.41421354e+00
    1.41421354e+00 2. 1.41421354e+00 1.41421354e+00 1.41421354e+00 0. 0.
    1. 1. 1.41421354e+00 1. 1. 0. 0. 1.41421354e+00 2.23606801e+00 9.
    4.75078926e+01 1.06887794e+02 1.04737770e+02 4.34165878e+01
    8.54400349e+00 1. 1.41421354e+00 2.82842708e+00 2.23606801e+00 1. 0.
    0. 1.41421354e+00 1. 2. 2.23606801e+00 4. 2.23606801e+00 1. 0.
    1.41421354e+00 0. 2. 2.82842708e+00 3.16227770e+00 1.41421354e+00
    1.41421354e+00 2.23606801e+00 3.16227770e+00 1. 1.41421354e+00
    2.23606801e+00 1. 2.23606801e+00 1. 1. 2. 2.23606801e+00 1. 2.
    1.41421354e+00 3.16227770e+00 0. 3.60555124e+00 3. 2.23606801e+00
    1.41421354e+00 1.41421354e+00 1.41421354e+00 2. 2.23606801e+00
    1.41421354e+00 1. 1. 4. 3.16227770e+00 1. 1.41421354e+00
    2.23606801e+00 1.41421354e+00 1. 0. 1. 2. 1. 2.23606801e+00 0. 0. 2.
    0. 1. 2.23606801e+00 2. 0. 1. 0. 0. 2. 2.82842708e+00 1.41421354e+00
    1. 2.23606801e+00 3.16227770e+00 2.23606801e+00 5. 1. 3.16227770e+00
    2.23606801e+00 1.41421354e+00 1. 2.23606801e+00 1.41421354e+00
    2.23606801e+00 2.23606801e+00 1.41421354e+00 4.12310553e+00
    1.41421354e+00 1. 1. 1. 2.23606801e+00 1. 2. 1. 2.23606801e+00
    2.23606801e+00 8.06225777e+00 4.74130783e+01 1.06962608e+02
    1.05475113e+02 4.47772255e+01 8.06225777e+00 0. 1.41421354e+00
    1.41421354e+00 1. 0. 0. 0. 1. 1. 1. 2. 1. 1. 1. 1. 1. 0. 1. 0. 0. 0.
    0. 0. 0. 0. 1. 0. 1. 1. 1. 1. 1. 1. 0. 1.41421354e+00 3.
    2.23606801e+00 1. 2. 1. 1.41421354e+00 1.41421354e+00 1. 1.
    1.41421354e+00 1. 1. 0. 0. 1.41421354e+00 1. 2.23606801e+00 1. 0. 0.
    0. 0. 1. 1. 1. 2.23606801e+00 1.41421354e+00 2.23606801e+00
    2.23606801e+00 1. 1.41421354e+00 0. 1. 0. 1.41421354e+00 2.
    1.41421354e+00 1. 1.41421354e+00 1.41421354e+00 1. 1.41421354e+00
    1.41421354e+00 1.41421354e+00 1. 1. 0. 1.41421354e+00 2.23606801e+00
    1.41421354e+00 1. 1. 1.41421354e+00 1. 1. 1. 0. 1.41421354e+00
    1.41421354e+00 1. 0. 1. 1.41421354e+00 1.41421354e+00 1.41421354e+00
    1.41421354e+00 1.41421354e+00 1. 1. 0. 1. 1. 2.23606801e+00 1.
    1.41421354e+00 2.82842708e+00 2.23606801e+00 2.23606801e+00 0. 0. 1.
    0. 1.41421354e+00 0. 0. 0. 0. 0. 1. 2. 1. 1. 1. 1.41421354e+00
    1.41421354e+00 1.41421354e+00 1. 1. 1.41421354e+00 1.41421354e+00 1.
    1. 1. 2. 2. 2.23606801e+00 1.41421354e+00 1. 2.43515911e+01 89.
    1.13991226e+02 5.88982162e+01 9.21954441e+00 2.23606801e+00 2. 1. 0.
    1.41421354e+00 2. 1. 1.41421354e+00 1.41421354e+00 1. 1.41421354e+00
    3. 2. 3.16227770e+00 1. 0. 1. 2. 2.23606801e+00 2.23606801e+00
    1.41421354e+00 2.23606801e+00 3. 3. 1. 2.23606801e+00 1.41421354e+00
    1. 1. 1. 1. 1.41421354e+00 1. 1.41421354e+00 1.41421354e+00 1.
    1.41421354e+00 2. 2.23606801e+00 2.82842708e+00 1. 2.23606801e+00
    1.41421354e+00 2. 3.16227770e+00 3.60555124e+00 2.23606801e+00
    1.41421354e+00 2.23606801e+00 2.23606801e+00 1.41421354e+00
    1.41421354e+00 1. 1.41421354e+00 2. 3.16227770e+00 4.12310553e+00
    3.16227770e+00 2.23606801e+00 3.60555124e+00 3.16227770e+00 1.
    1.41421354e+00 1. 1. 1. 1.41421354e+00 1. 0. 1. 2.23606801e+00
    1.41421354e+00 1.41421354e+00 1.41421354e+00 1. 2. 0. 1.
    4.12310553e+00 4. 2.23606801e+00 2. 2.23606801e+00 1. 2. 1.
    1.41421354e+00 1.41421354e+00 2. 3.16227770e+00 3. 2.23606801e+00 0.
    1. 1. 1. 2. 0. 3.16227770e+00 2.23606801e+00 1. 1.41421354e+00 1.
    1.14017544e+01 6.17170982e+01 1.13718948e+02 89. 2.52982216e+01 1.
    0. 1. 1.41421354e+00 1.41421354e+00 0. 0. 1. 1.41421354e+00 1. 1.
    1.41421354e+00 0. 1. 1. 1. 1. 1. 1. 1. 1. 1. 0. 0. 1. 1. 1. 0. 1.
    1.41421354e+00 1. 1. 0. 1. 1.41421354e+00 1.41421354e+00 1.
    2.23606801e+00 1. 2.23606801e+00 1. 1. 1. 1. 1. 1.41421354e+00 1. 0.
    1. 1. 2.23606801e+00 1.41421354e+00 2. 1.41421354e+00 1. 0.
    1.41421354e+00 1.41421354e+00 2.23606801e+00 0. 2.23606801e+00
    2.23606801e+00 1.41421354e+00 3.16227770e+00 1. 1.41421354e+00 0.
    1.41421354e+00 1. 2. 0. 2.23606801e+00 2.23606801e+00 1.
    2.23606801e+00 1.41421354e+00 0. 1.41421354e+00 0. 2.23606801e+00 0.
    1. 0. 1. 1. 1. 1. 1. 0. 1. 1. 0. 0. 1.41421354e+00 1. 0.
    1.41421354e+00 1. 0. 1. 1. 1. 1. 1. 1.41421354e+00 1. 1.
    1.41421354e+00 1. 0. 1. 2. 1. 0. 0. 1. 1.41421354e+00 1.
    1.41421354e+00 0. 0. 0. 0. 1. 1. 1.41421354e+00 1.41421354e+00 1. 1.
    2.23606801e+00 1. 0. 1.41421354e+00 1.41421354e+00 1. 1.41421354e+00
    0. 1. 1. 0. 1. 2.23606801e+00 8.24621105e+00 5.36656303e+01
    1.11139549e+02 8.76584244e+01 2.24722042e+01 2.23606801e+00 1.
    2.23606801e+00 1. 2.23606801e+00 1.41421354e+00 1. 1. 1. 1. 2. 1.
    1.41421354e+00 4.12310553e+00 2. 0. 1. 1.41421354e+00 1.
    1.41421354e+00 1. 2.82842708e+00 1.41421354e+00 1. 1.41421354e+00 2.
    1.41421354e+00 1.41421354e+00 1.41421354e+00 1.41421354e+00 2.
    2.23606801e+00 1. 2.23606801e+00 0. 1.41421354e+00 0. 2.23606801e+00
    1.41421354e+00 2. 1.41421354e+00 1.41421354e+00 1. 0. 1.41421354e+00
    2.23606801e+00 1. 2.23606801e+00 3.16227770e+00 1. 0. 2. 2. 1. 1.
    1.41421354e+00 5.09901953e+00 2. 2. 1.41421354e+00 1.41421354e+00
    3.60555124e+00 2. 1.41421354e+00 1. 1. 1.41421354e+00 1. 2. 0.
    2.23606801e+00 0. 1.41421354e+00 1. 0. 1.41421354e+00 0. 2.
    2.23606801e+00 1. 1.41421354e+00 1.41421354e+00 1.41421354e+00 1.
    2.23606801e+00 0. 1. 1.41421354e+00 2. 2.23606801e+00 1.41421354e+00
    1.41421354e+00 1. 0. 0. 1. 1.41421354e+00 2.82842708e+00
    2.23606801e+00 1. 2.82842708e+00 1.41421354e+00 1.41421354e+00 0. 1.
    2.43515911e+01 8.85494232e+01 1.09772491e+02 5.27730980e+01
    8.06225777e+00 0. 1. 1. 1.41421354e+00 1.41421354e+00 1. 0.
    1.41421354e+00 2. 1. 1.41421354e+00 1. 0. 2. 2. 0. 1. 0. 2.
    1.41421354e+00 1.41421354e+00 1.41421354e+00 1.41421354e+00
    1.41421354e+00 1. 1. 0. 2. 1. 2.23606801e+00 1.41421354e+00 1.
    1.41421354e+00 1.41421354e+00 2.23606801e+00 2.23606801e+00
    2.23606801e+00 1. 1. 2.23606801e+00 0. 1. 1. 1.41421354e+00 1. 0. 1.
    1.41421354e+00 1. 1. 1. 0. 2. 1.41421354e+00 1.41421354e+00 1.
    1.41421354e+00 1. 2. 1.41421354e+00 2.23606801e+00 3.16227770e+00
    1.41421354e+00 0. 1. 1. 1. 1. 1.41421354e+00 2.23606801e+00
    2.23606801e+00 1.41421354e+00 1.41421354e+00 1.41421354e+00 1.
    1.41421354e+00 1.41421354e+00 1.41421354e+00 1. 0. 1. 1. 1. 2. 1.
    1.41421354e+00 1. 0. 1.41421354e+00 1. 0. 1. 1.41421354e+00 1.
    1.41421354e+00 1.41421354e+00 0. 0. 0. 1. 0. 0. 1. 1.41421354e+00 0.
    1. 1. 1. 0. 0. 1. 1. 1. 1. 0. 2. 1. 1.41421354e+00 1.41421354e+00 0.
    1. 0. 0. 1.41421354e+00 1.41421354e+00 1. 0. 1.41421354e+00 1.
    1.41421354e+00 1.41421354e+00 2.23606801e+00 0. 1. 1.41421354e+00
    1.41421354e+00 1. 2. 1. 1.41421354e+00 1. 2.62488098e+01
    9.03382568e+01 1.11139549e+02 5.27730980e+01 7.28010988e+00
    2.82842708e+00 2.23606801e+00 2.23606801e+00 3.60555124e+00
    2.23606801e+00 2. 3.16227770e+00 2. 1.41421354e+00 1. 2. 2.
    1.41421354e+00 1.41421354e+00 1.41421354e+00 1. 1.41421354e+00
    1.41421354e+00 2. 2. 2.23606801e+00 2.23606801e+00 1. 0. 1. 2. 1. 1.
    1. 1.41421354e+00 2. 1. 1. 2. 1.41421354e+00 2.23606801e+00 2.
    2.23606801e+00 2. 2.23606801e+00 1.41421354e+00 1. 1.41421354e+00
    1.41421354e+00 2.23606801e+00 1. 2.23606801e+00 2.82842708e+00 1. 1.
    1.41421354e+00 1.41421354e+00 2. 1.41421354e+00 1. 2.23606801e+00 2.
    4. 4.47213602e+00 4. 3.16227770e+00 2. 2.23606801e+00 1. 2. 0.
    2.23606801e+00 1. 2.23606801e+00 1.41421354e+00 1.41421354e+00
    2.23606801e+00 0. 0. 1.41421354e+00 2. 2.23606801e+00 1.41421354e+00
    1. 2.23606801e+00 1. 1. 1.41421354e+00 0. 1.41421354e+00
    2.23606801e+00 2.23606801e+00 1.41421354e+00 2.82842708e+00
    1.41421354e+00 2.23606801e+00 1. 1.41421354e+00 1. 2.23606801e+00 1.
    1. 1.41421354e+00 2.23606801e+00 1. 1.41421354e+00 1.41421354e+00 2.
    1. 1.41421354e+00 7. 5.23259010e+01 1.10639053e+02 89.
    2.40416298e+01 2. 1.41421354e+00 1.41421354e+00 1. 1. 1. 1. 1.
    2.23606801e+00 1.41421354e+00 1.41421354e+00 1.41421354e+00 1. 1.
    1.41421354e+00 1. 1. 0. 2.23606801e+00 1.41421354e+00 1. 0. 0.
    1.41421354e+00 1.41421354e+00 1. 1. 1.41421354e+00 1. 2.23606801e+00
    1. 2.23606801e+00 1.41421354e+00 0. 0. 1.41421354e+00 1. 2. 1.
    1.41421354e+00 1. 1.41421354e+00 2. 1. 0. 0. 1. 1.41421354e+00 1. 1.
    1. 2. 1. 0. 1. 2.23606801e+00 2.23606801e+00 3. 1.41421354e+00 0. 1.
    1. 0. 0. 0. 1. 0. 0. 1. 1. 1. 1. 2.23606801e+00 0. 1. 0. 1. 1.
    1.41421354e+00 0. 1. 0. 2.23606801e+00 2. 2.82842708e+00 2.
    1.41421354e+00 1.41421354e+00 1.41421354e+00 0. 1. 1.41421354e+00 1.
    1.41421354e+00 1.41421354e+00 1. 1. 0. 1. 0. 1. 1.41421354e+00 1. 1.
    1. 1. 1. 1.41421354e+00 1. 1. 1. 1. 1. 0. 1. 1. 1.41421354e+00 0. 1.
    2.23606801e+00 1. 1.41421354e+00 0. 0. 2. 2. 1. 1. 1.41421354e+00 1.
    1. 1. 2. 1. 0. 2. 1. 1.41421354e+00 1.41421354e+00 1. 1.20415945e+01
    6.37808762e+01 1.15377640e+02 89. 25. 1. 2. 2. 4.47213602e+00
    2.82842708e+00 1.41421354e+00 1. 1. 1.41421354e+00 1.41421354e+00
    2.23606801e+00 1.41421354e+00 2. 0. 1. 1.41421354e+00 1. 1.
    2.23606801e+00 3.16227770e+00 2.23606801e+00 1. 1. 1.41421354e+00
    1.41421354e+00 1.41421354e+00 1.41421354e+00 1.41421354e+00 1.
    2.23606801e+00 1. 0. 1. 1.41421354e+00 3. 2. 2.23606801e+00
    3.16227770e+00 3.16227770e+00 1.41421354e+00 3. 2. 1. 1. 2.
    2.23606801e+00 2.23606801e+00 3.60555124e+00 2. 1. 2. 1.41421354e+00
    1. 0. 2. 1. 1.41421354e+00 1. 2.23606801e+00 2.23606801e+00 1.
    3.16227770e+00 1. 2.82842708e+00 1. 1.41421354e+00 2.23606801e+00 0.
    2.23606801e+00 2. 3.60555124e+00 1. 1.41421354e+00 1. 2.23606801e+00
    2.23606801e+00 1. 1. 1. 1.41421354e+00 1.41421354e+00 0.
    2.23606801e+00 1. 1. 1. 2.23606801e+00 1. 3. 2.23606801e+00
    2.82842708e+00 2.82842708e+00 1. 3.60555124e+00 2.23606801e+00
    3.16227770e+00 2.23606801e+00 1. 1. 2. 1.41421354e+00 1.41421354e+00
    1. 1. 1.41421354e+00 2.23606801e+00 1.41421354e+00 2.47386341e+01
    8.76641312e+01 1.13991226e+02 6.17170982e+01 10. 1.41421354e+00 1.
    1. 1. 1.41421354e+00 0. 1. 1. 1.41421354e+00 1.41421354e+00 0.
    1.41421354e+00 1.41421354e+00 1. 1. 1. 1. 1. 1.41421354e+00 1. 2. 2.
    2. 1.41421354e+00 1.41421354e+00 0. 1. 1. 2. 1. 1.41421354e+00
    2.23606801e+00 0. 0. 2. 1. 2. 1. 0. 1. 1. 1.41421354e+00 1.
    1.41421354e+00 1. 1. 2. 1. 1. 1. 1. 1. 1. 2.23606801e+00
    1.41421354e+00 1. 2. 1.41421354e+00 1. 1. 0. 0. 1. 0. 0. 0. 0. 0. 0.
    0. 1. 1. 2. 0. 1. 1.41421354e+00 1. 1. 0. 1. 1. 2.23606801e+00 1. 1.
    2. 2. 2.23606801e+00 0. 0. 1. 1. 1. 1.41421354e+00 1. 1.41421354e+00
    1.41421354e+00 1. 1. 1.41421354e+00 1. 1.41421354e+00 0. 1. 1. 1. 0.
    1. 1. 1.41421354e+00 1. 1. 1. 0. 0. 0. 1.41421354e+00 1.
    2.23606801e+00 1.41421354e+00 0. 1.41421354e+00 1.41421354e+00 1. 1.
    0. 1. 1. 1. 2.23606801e+00 2. 2.23606801e+00 2. 1.41421354e+00 2. 1.
    1.41421354e+00 1. 2. 7.61577320e+00 4.71699066e+01 1.07628990e+02
    1.06150833e+02 4.52769241e+01 8.06225777e+00 1. 0. 2.82842708e+00
    3.60555124e+00 1. 1. 1. 1.41421354e+00 2.23606801e+00 1. 0.
    1.41421354e+00 1. 1.41421354e+00 2.23606801e+00 1. 1.41421354e+00 1.
    3. 1.41421354e+00 2. 1.41421354e+00 3.16227770e+00 4.12310553e+00 3.
    2.23606801e+00 1. 2.23606801e+00 1. 2. 2. 1. 1. 0. 1.41421354e+00
    2.82842708e+00 2. 2. 2.23606801e+00 3.16227770e+00 3.16227770e+00
    1.41421354e+00 1.41421354e+00 1.41421354e+00 2.23606801e+00
    1.41421354e+00 3.16227770e+00 2.23606801e+00 1. 2.82842708e+00
    2.23606801e+00 1.41421354e+00 1. 1. 0. 2. 1. 0. 1.41421354e+00
    2.23606801e+00 2. 2.82842708e+00 1.41421354e+00 1.41421354e+00
    2.23606801e+00 2.23606801e+00 1.41421354e+00 2.23606801e+00
    2.23606801e+00 2. 3. 3. 1. 3. 2.23606801e+00 2. 3.16227770e+00
    1.41421354e+00 0. 2.23606801e+00 1. 1.41421354e+00 1.41421354e+00
    1.41421354e+00 2.23606801e+00 2.23606801e+00 1.41421354e+00
    1.41421354e+00 1. 2. 2.82842708e+00 1. 4. 3.16227770e+00 0.
    2.23606801e+00 1.41421354e+00 1. 2. 2.23606801e+00 3. 2.23606801e+00
    1. 0. 1. 1.41421354e+00 3.16227770e+00 10. 4.52769241e+01
    1.05475113e+02 1.06150833e+02 4.57930107e+01 7.07106781e+00 1. 1. 1.
    1.41421354e+00 1. 1.41421354e+00 1. 0. 1. 2.23606801e+00 0.
    1.41421354e+00 1. 0. 1. 1. 2.23606801e+00 0. 1.41421354e+00
    1.41421354e+00 0. 0. 1. 1.41421354e+00 1. 1.41421354e+00 1.
    2.23606801e+00 2.23606801e+00 1.41421354e+00 2. 1. 1. 1. 1. 1. 1. 0.
    0. 1. 1. 1. 1. 0. 0. 1.41421354e+00 1. 0. 0. 0. 0. 1.41421354e+00 1.
    0. 0. 1. 1. 2. 1. 1.41421354e+00 1.41421354e+00 1. 1.41421354e+00 0.
    1. 0. 0. 0. 0. 1.41421354e+00 1.41421354e+00 1. 1. 1. 2. 0.
    2.23606801e+00 0. 2. 1. 2.23606801e+00 2.82842708e+00 0. 1.
    2.82842708e+00 1. 1. 1. 1.41421354e+00 1.41421354e+00 1.41421354e+00
    1. 1. 1.41421354e+00 1. 0. 0. 2.23606801e+00 2.23606801e+00 1. 1.
    2.82842708e+00 4. 3.60555124e+00 1.41421354e+00 0. 1. 1.41421354e+00
    1. 1.41421354e+00 1. 1.41421354e+00 0. 0. 0. 1. 1.41421354e+00
    1.41421354e+00 1. 1. 1. 1. 1. 1. 1. 1. 1. 0. 1. 0. 1.41421354e+00 2.
    2. 1. 2.23606801e+00 2.23606801e+00 3. 2.43515911e+01 8.63133850e+01
    1.12898186e+02 6.10737267e+01 1.06301460e+01 0. 0. 1.41421354e+00
    3.16227770e+00 1. 2. 2.23606801e+00 2. 1. 0. 1. 1.41421354e+00 1. 2.
    2.23606801e+00 1.41421354e+00 1. 1. 1.41421354e+00 3.16227770e+00 1.
    3.16227770e+00 3. 2.82842708e+00 2.23606801e+00 2.23606801e+00
    2.23606801e+00 2. 0. 1.41421354e+00 2.23606801e+00 1. 1. 2. 2.
    1.41421354e+00 2.23606801e+00 3. 2. 0. 2.23606801e+00 3.16227770e+00
    2.23606801e+00 3.60555124e+00 2.23606801e+00 2.23606801e+00
    2.82842708e+00 2.23606801e+00 1. 3.16227770e+00 2.82842708e+00 1.
    2.23606801e+00 1.41421354e+00 1.41421354e+00 1. 1.41421354e+00
    1.41421354e+00 1.41421354e+00 1. 1. 1.41421354e+00 2.23606801e+00 1.
    2. 3. 1.41421354e+00 1.41421354e+00 1. 1. 2.23606801e+00
    3.60555124e+00 1. 1.41421354e+00 3.60555124e+00 2.23606801e+00
    3.16227770e+00 1. 2.82842708e+00 1.41421354e+00 2.23606801e+00 2. 2.
    1. 2.23606801e+00 2.23606801e+00 0. 2. 1.41421354e+00 1. 1.
    1.41421354e+00 2. 3. 3.60555124e+00 3.60555124e+00 4.47213602e+00
    3.16227770e+00 2.23606801e+00 1. 2.23606801e+00 3.16227770e+00
    2.82842708e+00 2.82842708e+00 1.41421354e+00 1. 1. 2.23606801e+00
    3.60555124e+00 1.36014709e+01 6.16198006e+01 1.13718948e+02
    8.85494232e+01 2.52982216e+01 1. 0. 0. 1. 1. 1. 0. 1. 1.
    1.41421354e+00 2.23606801e+00 1. 1.41421354e+00 0. 0. 1.41421354e+00
    1. 2. 1. 1.41421354e+00 1.41421354e+00 1.41421354e+00 1.
    1.41421354e+00 0. 1.41421354e+00 1.41421354e+00 1. 2.23606801e+00
    2.23606801e+00 1.41421354e+00 1. 1. 1. 1.41421354e+00 1.41421354e+00
    1. 0. 0. 0. 1. 0. 1. 1. 2.23606801e+00 3. 1. 1. 0. 0. 1. 0.
    2.23606801e+00 1.41421354e+00 1.41421354e+00 1. 1. 2.23606801e+00
    1.41421354e+00 0. 0. 1. 1. 2. 0. 1. 1. 0. 1.41421354e+00
    1.41421354e+00 1. 1. 0. 1. 1. 1.41421354e+00 1.41421354e+00 0. 3.
    2.23606801e+00 1. 3.60555124e+00 2.82842708e+00 2.23606801e+00 2.
    1.41421354e+00 2.23606801e+00 2. 1. 1. 2.23606801e+00 2.23606801e+00
    0. 1. 1. 1.41421354e+00 2.23606801e+00 0. 3. 2.23606801e+00
    2.23606801e+00 4.12310553e+00 1.41421354e+00 3.16227770e+00
    3.16227770e+00 1. 1.41421354e+00 1. 1. 1. 1. 1. 1.41421354e+00 1. 1.
    1.41421354e+00 0. 1.41421354e+00 1. 2. 2. 1. 0. 0. 0. 0. 2. 2. 2.
    2.23606801e+00 1. 2.23606801e+00 2.23606801e+00 1.41421354e+00 2. 1.
    9.21954441e+00 5.05667877e+01 1.07042046e+02 8.81419296e+01
    2.59615097e+01 1. 0. 1. 1.41421354e+00 1.41421354e+00 3.16227770e+00
    2.23606801e+00 2.23606801e+00 2.23606801e+00 1.41421354e+00 0. 0. 1.
    2.23606801e+00 1.41421354e+00 0. 1. 1.41421354e+00 3. 2.
    4.12310553e+00 3.16227770e+00 2. 4.47213602e+00 3.60555124e+00
    2.23606801e+00 2. 1. 2.23606801e+00 2.23606801e+00 2. 1.41421354e+00
    2. 1.41421354e+00 1. 1.41421354e+00 1. 1. 0. 1. 2.23606801e+00
    2.23606801e+00 1. 4.12310553e+00 4.12310553e+00 0. 2.23606801e+00 1.
    1. 1. 3. 1.41421354e+00 2. 0. 1.41421354e+00 1.41421354e+00 2.
    1.41421354e+00 1. 1. 2.23606801e+00 1. 1. 2.23606801e+00 1.
    2.23606801e+00 3.16227770e+00 2. 1.41421354e+00 1.41421354e+00 1.
    2.23606801e+00 1. 1. 1. 2.82842708e+00 4.47213602e+00 2.
    2.23606801e+00 2.23606801e+00 3. 4.12310553e+00 1. 1. 2.
    2.23606801e+00 2.23606801e+00 2. 1. 1. 1.41421354e+00 2.23606801e+00
    1. 2.23606801e+00 1. 3. 3.16227770e+00 1.41421354e+00 1.41421354e+00
    2.23606801e+00 2.23606801e+00 2.23606801e+00 1. 2.23606801e+00
    2.23606801e+00 1.41421354e+00 2.23606801e+00 1.41421354e+00 0. 1.
    3.16227770e+00 2.69258232e+01 8.90056152e+01 1.10276924e+02
    5.36656303e+01 8. 0. 1. 0. 1.41421354e+00 0. 0. 0. 1.41421354e+00 1.
    2. 1.41421354e+00 1. 1. 0. 1. 1. 1. 1. 0. 0. 0. 1. 1. 1. 1.
    1.41421354e+00 1.41421354e+00 0. 1. 1. 0. 1. 1. 1. 1. 0. 1. 0. 0. 1.
    0. 0. 1. 2. 1. 3. 0. 1. 0. 0. 1. 0. 1. 1. 0. 1. 1. 1.41421354e+00 1.
    1. 1. 1. 0. 2. 1. 1. 1. 1.41421354e+00 0. 0. 1. 1. 1.41421354e+00
    1.41421354e+00 1. 1. 0. 0. 3. 2.23606801e+00 1. 3.60555124e+00
    2.23606801e+00 2. 2.23606801e+00 1. 2.23606801e+00 2.23606801e+00
    2.82842708e+00 1. 2. 1. 0. 0. 0. 1.41421354e+00 2. 1.41421354e+00 1.
    2.23606801e+00 2. 3. 2.82842708e+00 1. 1. 0. 0. 0. 1. 2.
    1.41421354e+00 1. 0. 1. 1.41421354e+00 1.41421354e+00 0. 1. 1. 1. 1.
    1. 1. 1. 1. 1.41421354e+00 2. 2. 1.41421354e+00 2.23606801e+00 0.
    2.23606801e+00 3. 1.41421354e+00 0. 2.40208244e+01 8.13203506e+01
    1.04656578e+02 5.45618896e+01 11. 1. 1. 1. 0. 1.41421354e+00
    2.23606801e+00 2. 2. 0. 2.82842708e+00 1.41421354e+00 1.
    2.23606801e+00 2.23606801e+00 1. 1.41421354e+00 2.23606801e+00
    3.60555124e+00 4. 3.16227770e+00 4. 2.82842708e+00 2. 1.
    2.82842708e+00 3.16227770e+00 2.23606801e+00 2. 2.82842708e+00
    3.16227770e+00 2.82842708e+00 1. 3.16227770e+00 1.41421354e+00 1.
    1.41421354e+00 1. 1. 1.41421354e+00 1.41421354e+00 1.41421354e+00
    3.60555124e+00 2.23606801e+00 4.47213602e+00 2.23606801e+00
    2.23606801e+00 2.82842708e+00 1.41421354e+00 1. 1.41421354e+00 1.
    2.23606801e+00 2. 3.60555124e+00 1. 2.23606801e+00 1.41421354e+00 2.
    2. 2.23606801e+00 1. 0. 1. 2.23606801e+00 2.23606801e+00 1.
    4.47213602e+00 3.60555124e+00 2.82842708e+00 3.16227770e+00
    2.82842708e+00 2.23606801e+00 3.60555124e+00 1.41421354e+00
    2.23606801e+00 1.41421354e+00 1.41421354e+00 2.23606801e+00
    2.82842708e+00 4.12310553e+00 3.16227770e+00 2.23606801e+00
    2.23606801e+00 2. 0. 2. 2.23606801e+00 1.41421354e+00 1.41421354e+00
    2.23606801e+00 2.23606801e+00 1. 2.23606801e+00 1. 2. 2.23606801e+00
    2.23606801e+00 2.82842708e+00 2.23606801e+00 1.41421354e+00
    1.41421354e+00 3.16227770e+00 3.16227770e+00 1. 2. 1. 1.
    2.23606801e+00 2. 2.23606801e+00 1.41421354e+00 8. 5.36656303e+01
    1.06887794e+02 8.35224533e+01 2.40208244e+01 0. 0. 1. 0. 0. 0. 0. 0.
    1. 1. 3. 2. 0. 1. 0. 1. 0. 1. 0. 1. 1. 1. 1.41421354e+00 1. 1. 1. 1.
    1. 1. 1. 1. 1.41421354e+00 1. 1. 1. 1. 1. 1. 1.41421354e+00 1. 1. 1.
    1. 1.41421354e+00 1. 1.41421354e+00 2. 0. 1. 1. 0. 1. 0. 0. 1.
    1.41421354e+00 1.41421354e+00 1. 0. 1. 0. 0. 1. 0. 2. 1.41421354e+00
    1. 0. 0. 1.41421354e+00 1.41421354e+00 1. 1. 2.23606801e+00 1. 1. 1.
    2. 3.16227770e+00 2.23606801e+00 0. 1.41421354e+00 3.16227770e+00
    2.82842708e+00 3.16227770e+00 2.23606801e+00 2.82842708e+00 0.
    2.23606801e+00 2. 1.41421354e+00 0. 0. 0. 0. 0. 1. 0. 1.41421354e+00
    1.41421354e+00 1.41421354e+00 2.23606801e+00 1. 0. 0. 0. 0. 0. 1. 0.
    1.41421354e+00 3. 1.41421354e+00 1.41421354e+00 1.41421354e+00 1. 0.
    0. 1.41421354e+00 2. 2.23606801e+00 1. 1.41421354e+00 1.41421354e+00
    0. 2.23606801e+00 1. 1.41421354e+00 2. 1. 1. 1. 1.41421354e+00 1. 1.
    3.29848442e+01 9.79846954e+01 9.72676697e+01 3.32415390e+01 2. 1. 1.
    1.41421354e+00 1. 1.41421354e+00 0. 2. 1. 1. 1. 2.23606801e+00 2.
    3.16227770e+00 1.41421354e+00 1. 1. 3. 4.12310553e+00 1.41421354e+00
    4.47213602e+00 3.60555124e+00 1.41421354e+00 0. 0. 1. 1.41421354e+00
    1. 1.41421354e+00 3.16227770e+00 1.41421354e+00 4.12310553e+00
    2.23606801e+00 2.23606801e+00 1.41421354e+00 2. 2. 1. 1.
    2.23606801e+00 1.41421354e+00 1. 3.16227770e+00 4. 1.41421354e+00 2.
    3.16227770e+00 1.41421354e+00 1.41421354e+00 1.41421354e+00 0. 1. 3.
    2.23606801e+00 3.60555124e+00 3.60555124e+00 1. 1. 1. 2.
    1.41421354e+00 0. 2.23606801e+00 2.23606801e+00 3.60555124e+00
    4.24264050e+00 1.41421354e+00 2.23606801e+00 3.60555124e+00
    3.60555124e+00 2.23606801e+00 4.47213602e+00 2.23606801e+00 2.
    1.41421354e+00 2.23606801e+00 3.16227770e+00 3. 1.41421354e+00
    1.41421354e+00 3.16227770e+00 2.82842708e+00 1. 2. 2.23606801e+00
    2.23606801e+00 1. 2. 1. 1.41421354e+00 1. 1.41421354e+00 1. 0. 1.
    2.23606801e+00 1.41421354e+00 3. 2.23606801e+00 2. 3.16227770e+00
    4.47213602e+00 3. 2.23606801e+00 1.41421354e+00 1. 1. 1. 0. 0. 1.
    1.41421354e+00 1. 3.27566795e+01 9.79846954e+01 9.70154648e+01
    3.32415390e+01 1.41421354e+00 1. 0. 0. 0. 0. 0. 0. 1.41421354e+00 2.
    1. 2. 2. 0. 1. 0. 1. 1. 2. 1. 0. 0. 1. 1.41421354e+00 2.23606801e+00
    1. 1.41421354e+00 1. 1.41421354e+00 1. 1. 1. 1. 1.41421354e+00
    1.41421354e+00 2. 1. 0. 1. 1.41421354e+00 2. 1.41421354e+00
    1.41421354e+00 1. 1.41421354e+00 2. 1.41421354e+00 2. 1.41421354e+00
    1.41421354e+00 0. 1. 1.41421354e+00 0. 1. 1. 1.41421354e+00 0.
    1.41421354e+00 2. 1.41421354e+00 1. 0. 1. 0. 2.23606801e+00
    1.41421354e+00 0. 1. 1. 0. 1. 1. 1. 0. 1. 0. 2. 2.23606801e+00 1. 1.
    1.41421354e+00 4. 4.12310553e+00 2. 4. 1.41421354e+00 2. 0. 1. 1. 1.
    0. 1. 0. 1. 1. 1.41421354e+00 1.41421354e+00 1. 1.41421354e+00 1. 0.
    0. 1. 0. 1. 0. 0. 1.41421354e+00 2. 1.41421354e+00 2. 1. 1. 0. 0. 0.
    1. 1.41421354e+00 1.41421354e+00 2. 1. 1.41421354e+00 1.
    1.41421354e+00 2.23606801e+00 1. 2. 1. 0. 1. 2. 1. 8. 5.41202354e+01
    1.05990562e+02 8.13203506e+01 2.40208244e+01 2.23606801e+00 3.
    1.41421354e+00 2.23606801e+00 1. 2. 2. 1.41421354e+00 2. 2. 0. 1.
    2.23606801e+00 3.16227770e+00 1.41421354e+00 2. 1. 1.41421354e+00
    4.47213602e+00 4.12310553e+00 4.47213602e+00 3.16227770e+00 1.
    1.41421354e+00 0. 1. 2.23606801e+00 1.41421354e+00 1. 2.
    2.23606801e+00 2.82842708e+00 2.23606801e+00 1.41421354e+00 0. 1. 0.
    1. 2. 2. 1.41421354e+00 1.41421354e+00 1. 1.41421354e+00 2.
    2.23606801e+00 1. 2.23606801e+00 2.23606801e+00 1. 0. 1.41421354e+00
    3. 2.23606801e+00 1. 2.82842708e+00 3. 1. 2. 1. 1. 1.41421354e+00
    2.23606801e+00 2.23606801e+00 2. 5.65685415e+00 5. 1. 1.41421354e+00
    2.23606801e+00 0. 3.16227770e+00 1.41421354e+00 1. 1.41421354e+00
    2.23606801e+00 4. 4.12310553e+00 4.47213602e+00 3.60555124e+00 1.
    2.23606801e+00 2.23606801e+00 1.41421354e+00 1.41421354e+00
    2.23606801e+00 3.16227770e+00 0. 2.23606801e+00 0. 2.23606801e+00 1.
    1. 1. 1. 1. 3.60555124e+00 1. 1. 2.23606801e+00 2.23606801e+00
    1.41421354e+00 2. 3.16227770e+00 1. 2. 2.23606801e+00 1. 2. 0. 1. 1.
    1. 2.30867920e+01 8.31685028e+01 1.06437775e+02 5.23259010e+01 8. 1.
    1. 0. 0. 0. 1. 1.41421354e+00 0. 2.23606801e+00 2. 1. 1. 1. 0. 1.
    1.41421354e+00 1. 1.41421354e+00 1.41421354e+00 2. 1. 0.
    2.23606801e+00 1. 2. 1.41421354e+00 1.41421354e+00 1. 1. 1. 1.
    1.41421354e+00 1. 1. 1. 1. 0. 1. 1. 1. 1.41421354e+00 1.
    1.41421354e+00 1. 1. 2.23606801e+00 2. 1.41421354e+00 1.41421354e+00
    0. 1. 1.41421354e+00 1. 0. 2. 1. 1. 2. 1. 3.16227770e+00
    1.41421354e+00 1. 1. 1.41421354e+00 1. 2.82842708e+00 1.41421354e+00
    0. 1.41421354e+00 1. 1. 2. 1.41421354e+00 0. 1. 2. 1. 1. 1.
    2.23606801e+00 1. 1. 3.60555124e+00 4. 2.23606801e+00 0.
    1.41421354e+00 1.41421354e+00 1. 1.41421354e+00 1.41421354e+00 1. 0.
    2. 2.23606801e+00 1. 0. 1. 1.41421354e+00 2. 0. 1. 1. 0.
    2.23606801e+00 0. 1. 0. 0. 1.41421354e+00 2. 1. 0. 0. 1. 0. 1. 1.
    2.23606801e+00 1. 2. 0. 1.41421354e+00 0. 1.41421354e+00
    1.41421354e+00 2. 1.41421354e+00 1.41421354e+00 1. 1.41421354e+00
    1.41421354e+00 1. 2.65706596e+01 8.90056152e+01 1.08046288e+02
    5.14295616e+01 7. 2. 3.16227770e+00 3. 3.16227770e+00 1.
    2.23606801e+00 1. 2.23606801e+00 1. 1.41421354e+00 1.41421354e+00
    1.41421354e+00 2.23606801e+00 1. 2.23606801e+00 2.23606801e+00
    2.23606801e+00 1.41421354e+00 2.23606801e+00 2.23606801e+00
    1.41421354e+00 2.82842708e+00 3.16227770e+00 2.23606801e+00
    3.16227770e+00 2.23606801e+00 0. 2.23606801e+00 0. 1.41421354e+00
    1.41421354e+00 2.23606801e+00 1. 1.41421354e+00 0. 2. 1. 0. 1. 1.
    2.23606801e+00 3. 3.16227770e+00 1. 1.41421354e+00 2.23606801e+00
    2.23606801e+00 2. 1. 2.23606801e+00 2. 2.23606801e+00 1.41421354e+00
    2.82842708e+00 0. 1. 2. 2.23606801e+00 2.23606801e+00 1. 1.
    1.41421354e+00 2. 2.23606801e+00 2.23606801e+00 2. 4.47213602e+00
    2.82842708e+00 1. 1. 2.23606801e+00 3.16227770e+00 1. 2.
    2.23606801e+00 2.23606801e+00 1.41421354e+00 2. 3.60555124e+00 5.
    2.23606801e+00 2.82842708e+00 2.23606801e+00 1. 0. 0. 2. 2.
    1.41421354e+00 2.23606801e+00 1. 0. 1. 1.41421354e+00 2. 1.
    1.41421354e+00 2.23606801e+00 1. 1.41421354e+00 1. 2. 1.
    2.23606801e+00 3. 1. 2.82842708e+00 3.16227770e+00 0. 2.23606801e+00
    2.82842708e+00 1. 1.41421354e+00 7.07106781e+00 5.41294746e+01
    1.11507851e+02 8.85663605e+01 2.47386341e+01 1. 0. 0. 0. 1. 1. 1.
    2.23606801e+00 1. 1. 1.41421354e+00 1.41421354e+00 1. 0. 1.
    1.41421354e+00 0. 0. 1. 1.41421354e+00 2. 1. 2. 1. 1. 1. 1. 1.
    1.41421354e+00 0. 0. 1. 1. 1.41421354e+00 1.41421354e+00 0. 0. 0. 0.
    0. 1. 1.41421354e+00 1.41421354e+00 1. 2.23606801e+00 2.23606801e+00
    0. 1. 1. 1.41421354e+00 1.41421354e+00 1.41421354e+00 1.
    1.41421354e+00 2.23606801e+00 2.23606801e+00 1.41421354e+00 2.
    1.41421354e+00 3. 1.41421354e+00 2. 1. 1. 0. 1.41421354e+00
    2.23606801e+00 1.41421354e+00 1. 2. 1. 0. 1.41421354e+00 1. 1. 0. 0.
    1. 1.41421354e+00 1. 1.41421354e+00 0. 1. 2.23606801e+00 2.
    2.82842708e+00 1.41421354e+00 1.41421354e+00 2. 1. 0. 1.
    1.41421354e+00 2.23606801e+00 1. 2. 1.41421354e+00 1. 1. 0. 2. 0. 1.
    2.23606801e+00 0. 2.23606801e+00 1. 1. 1. 1. 1. 1. 1. 1.41421354e+00
    1. 2. 1.41421354e+00 1. 1.41421354e+00 1.41421354e+00 1. 1. 1. 1. 0.
    1.41421354e+00 1. 1.41421354e+00 0. 2. 1.41421354e+00 1.41421354e+00
    8. 5.45618896e+01 1.08908218e+02 8.63133850e+01 2.43515911e+01
    3.16227770e+00 2.82842708e+00 2.82842708e+00 5.83095169e+00
    2.82842708e+00 2.23606801e+00 2.23606801e+00 0. 1. 1. 2.23606801e+00
    1. 2. 3. 1.41421354e+00 1. 2.23606801e+00 3.60555124e+00
    2.82842708e+00 1. 2.23606801e+00 0. 1.41421354e+00 2. 2.23606801e+00
    2. 2.82842708e+00 1.41421354e+00 1.41421354e+00 1. 1.41421354e+00 1.
    1. 1.41421354e+00 1. 1. 1. 2.23606801e+00 2. 2.23606801e+00
    1.41421354e+00 3.16227770e+00 1. 3. 3. 1. 1.41421354e+00
    2.23606801e+00 1. 4.24264050e+00 1. 4. 2. 1.41421354e+00 1. 2. 1. 1.
    1. 2.23606801e+00 2.23606801e+00 1. 1.41421354e+00 0. 1.
    3.16227770e+00 2. 2. 2.82842708e+00 1.41421354e+00 1. 1.41421354e+00
    2.23606801e+00 2.82842708e+00 1. 1. 0. 2.23606801e+00 1.41421354e+00
    2.23606801e+00 3.16227770e+00 1.41421354e+00 2.23606801e+00
    1.41421354e+00 2.23606801e+00 0. 2.23606801e+00 2.23606801e+00
    1.41421354e+00 1.41421354e+00 1.41421354e+00 2. 1.41421354e+00 1.
    1.41421354e+00 2.23606801e+00 1. 1. 1.41421354e+00 1.41421354e+00 2.
    2. 2.23606801e+00 2.23606801e+00 1. 2.23606801e+00 1. 1.
    3.16227770e+00 3.60555124e+00 2.23606801e+00 3.60555124e+00
    3.60555124e+00 1.41421354e+00 3.16227770e+00 2.54950981e+01 89.
    1.10639053e+02 5.27730980e+01 7. 1. 1. 0. 0. 1. 1.41421354e+00 1. 1.
    2. 1. 1. 1. 0. 0. 1. 1. 1. 1. 1.41421354e+00 1. 0. 1. 1. 0. 0. 1. 1.
    1. 1.41421354e+00 1.41421354e+00 2. 2.23606801e+00 1.41421354e+00 0.
    1. 0. 0. 0. 1. 1. 0. 1.41421354e+00 1. 2.23606801e+00 1. 1. 0.
    1.41421354e+00 1. 2.23606801e+00 3. 1.41421354e+00 2. 1. 1. 1. 1. 1.
    1.41421354e+00 1.41421354e+00 0. 1.41421354e+00 1.41421354e+00 0. 1.
    1.41421354e+00 1.41421354e+00 0. 1. 1. 1.41421354e+00 1.41421354e+00
    3.16227770e+00 1.41421354e+00 1. 1. 0. 2. 1.41421354e+00 1.
    1.41421354e+00 0. 1. 1.41421354e+00 1.41421354e+00 2.23606801e+00 1.
    2. 1.41421354e+00 1.41421354e+00 2.23606801e+00 1.41421354e+00
    1.41421354e+00 1. 1.41421354e+00 1. 0. 0. 1. 1. 2.23606801e+00 1. 1.
    2.23606801e+00 1.41421354e+00 1. 0. 1. 1.41421354e+00 2.23606801e+00
    1. 0. 1. 1. 2.23606801e+00 1.41421354e+00 1. 1.41421354e+00 1. 1. 2.
    0. 0. 1. 0. 0. 0. 1. 0. 1. 1. 24. 8.32406158e+01 1.04651802e+02
    5.18844872e+01 1.00498753e+01 2.23606801e+00 3.16227770e+00
    4.47213602e+00 3.60555124e+00 1.41421354e+00 2.82842708e+00
    1.41421354e+00 2. 2.23606801e+00 1.41421354e+00 1. 1. 2.23606801e+00
    2.23606801e+00 3. 2. 1. 1.41421354e+00 4.24264050e+00 2.82842708e+00
    1.41421354e+00 2.23606801e+00 1. 1. 1. 1. 2. 3. 1.41421354e+00
    2.23606801e+00 0. 2. 1. 1.41421354e+00 1. 1. 1. 3.16227770e+00 3.
    2.82842708e+00 1.41421354e+00 1. 3.16227770e+00 3.16227770e+00 1. 2.
    1. 1. 2. 1.41421354e+00 3.60555124e+00 1. 3.60555124e+00
    1.41421354e+00 2.23606801e+00 1. 2.23606801e+00 2.23606801e+00 2. 1.
    1.41421354e+00 2. 1. 0. 1.41421354e+00 2. 2.23606801e+00 0.
    1.41421354e+00 2.23606801e+00 1.41421354e+00 1. 1. 2.82842708e+00
    3.60555124e+00 1.41421354e+00 1.41421354e+00 2. 3. 3.60555124e+00
    3.16227770e+00 1.41421354e+00 1. 2.82842708e+00 1.41421354e+00 1. 2.
    1.41421354e+00 1.41421354e+00 1.41421354e+00 1.41421354e+00
    1.41421354e+00 2. 0. 2.82842708e+00 1.41421354e+00 1. 1. 1. 1. 1. 2.
    2.23606801e+00 2.82842708e+00 2.82842708e+00 2. 1.41421354e+00 1. 1.
    4.12310553e+00 4.12310553e+00 1.41421354e+00 3.16227770e+00 2.
    3.16227770e+00 7.07106781e+00 5.23259010e+01 1.06892471e+02
    8.31685028e+01 2.30217285e+01 1.41421354e+00 1.41421354e+00 1. 1. 0.
    1. 1.41421354e+00 2.23606801e+00 1. 1. 2. 1.41421354e+00 1. 1. 1. 1.
    1.41421354e+00 1. 1. 1. 1.41421354e+00 2.23606801e+00 1. 0.
    1.41421354e+00 1. 1. 1. 1. 1. 2.23606801e+00 1.41421354e+00 1. 1. 0.
    0. 1. 1.41421354e+00 1. 1. 1. 1. 2. 1.41421354e+00 0. 1.41421354e+00
    1.41421354e+00 1.41421354e+00 2.23606801e+00 3.16227770e+00 2.
    2.82842708e+00 1. 2.23606801e+00 2.23606801e+00 2. 1. 1.41421354e+00
    1.41421354e+00 1. 0. 0. 1.41421354e+00 1.41421354e+00 1.
    1.41421354e+00 2. 1. 1.41421354e+00 1. 2.23606801e+00 3. 1. 3. 0. 0.
    1.41421354e+00 0. 1. 1.41421354e+00 0. 1. 0. 1.41421354e+00 1. 1. 1.
    0. 2. 1.41421354e+00 1. 1. 0. 1. 1. 0. 0. 1. 1. 1. 2.23606801e+00
    2.23606801e+00 2. 1.41421354e+00 1. 1.41421354e+00 1. 1.41421354e+00
    0. 1. 1.41421354e+00 1.41421354e+00 1.41421354e+00 1. 1.41421354e+00
    2.23606801e+00 1. 1. 1. 1. 1.41421354e+00 1. 1. 1. 0. 1. 1. 0. 0. 1.
    1. 3.29848442e+01 9.77445679e+01 9.77445679e+01 3.35261078e+01
    3.16227770e+00 1. 0. 1. 3. 4.47213602e+00 2. 1. 3. 2.23606801e+00
    2.23606801e+00 2. 1. 1. 2.23606801e+00 2.23606801e+00 1.41421354e+00
    1.41421354e+00 1.41421354e+00 1. 3.60555124e+00 2.23606801e+00 1. 1.
    1. 2. 1. 2.82842708e+00 2. 1. 2. 2. 0. 2. 2. 2. 1. 1.41421354e+00
    2.23606801e+00 3.60555124e+00 0. 1.41421354e+00 1.41421354e+00
    2.23606801e+00 1.41421354e+00 2.82842708e+00 3.16227770e+00
    2.23606801e+00 2.23606801e+00 1. 2. 1.41421354e+00 2.23606801e+00
    2.23606801e+00 4.47213602e+00 2. 2.23606801e+00 2.82842708e+00 2. 3.
    2.23606801e+00 0. 2.23606801e+00 1. 1. 2.82842708e+00 1.
    2.23606801e+00 1. 1.41421354e+00 1.41421354e+00 0. 2.23606801e+00
    2.23606801e+00 1.41421354e+00 2.82842708e+00 2.23606801e+00
    2.23606801e+00 2.23606801e+00 4. 1.41421354e+00 1. 1.41421354e+00
    2.23606801e+00 1. 3.60555124e+00 1.41421354e+00 3.16227770e+00 0.
    1.41421354e+00 1.41421354e+00 1. 2.23606801e+00 2.82842708e+00
    1.41421354e+00 2.23606801e+00 0. 2.23606801e+00 0. 1.41421354e+00 0.
    2.23606801e+00 1.41421354e+00 1. 2.23606801e+00 3.16227770e+00 4.
    1.41421354e+00 2. 1. 3.16227770e+00 2.23606801e+00 3. 1.
    1.41421354e+00 1. 2.23606801e+00 3.05941162e+01 9.60468674e+01
    9.82344131e+01 3.32415390e+01 1. 1.41421354e+00 2. 1. 2. 2.
    2.23606801e+00 1. 1.41421354e+00 1. 0. 1. 1.41421354e+00
    1.41421354e+00 1.41421354e+00 0. 1. 0. 0. 1.41421354e+00 2. 1. 2.
    1.41421354e+00 1.41421354e+00 1.41421354e+00 1. 1. 1. 2.23606801e+00
    1.41421354e+00 1.41421354e+00 1. 0. 0. 1. 1. 1. 2.23606801e+00 2.
    1.41421354e+00 1.41421354e+00 0. 0. 1. 1. 1. 1. 2.23606801e+00
    2.23606801e+00 1.41421354e+00 2.23606801e+00 2.23606801e+00 1.
    1.41421354e+00 1.41421354e+00 3.16227770e+00 1.41421354e+00 3. 1. 1.
    0. 0. 1. 1.41421354e+00 1. 1.41421354e+00 4.12310553e+00
    3.16227770e+00 2. 1. 1. 3.16227770e+00 1.41421354e+00 0. 1. 0. 0. 0.
    0. 1. 1. 0. 1. 2. 0. 0. 1. 1. 1.41421354e+00 1. 1. 0. 1. 1.
    1.41421354e+00 1. 1. 2. 2. 0. 1.41421354e+00 1. 0. 1.41421354e+00
    2.23606801e+00 1. 1.41421354e+00 1. 1.41421354e+00 0. 0. 1.
    1.41421354e+00 1.41421354e+00 1. 1.41421354e+00 2. 1. 1.41421354e+00
    1. 2. 1.41421354e+00 1. 2. 1.41421354e+00 1.41421354e+00 1. 1. 1. 9.
    5.32259331e+01 1.05550934e+02 8.39345016e+01 26. 2. 2.
    2.23606801e+00 3.16227770e+00 3.16227770e+00 1. 1. 1.41421354e+00 2.
    2.82842708e+00 2.23606801e+00 2. 1. 1. 0. 1.41421354e+00
    1.41421354e+00 2. 3. 3. 1.41421354e+00 2.82842708e+00 2.23606801e+00
    1.41421354e+00 1.41421354e+00 1. 3.16227770e+00 1.41421354e+00 1.
    2.23606801e+00 1. 0. 1. 1. 3.60555124e+00 1.41421354e+00
    2.23606801e+00 1.41421354e+00 1. 2.23606801e+00 1.41421354e+00 2.
    1.41421354e+00 1. 3.60555124e+00 2.82842708e+00 2. 3.16227770e+00
    3.16227770e+00 2. 1. 1. 2.82842708e+00 2.23606801e+00 3.16227770e+00
    2.82842708e+00 1.41421354e+00 2.23606801e+00 2.23606801e+00 3.
    3.16227770e+00 2. 2.23606801e+00 2. 2. 2. 1.41421354e+00 2. 1.
    2.82842708e+00 2.23606801e+00 2.23606801e+00 2.23606801e+00
    2.23606801e+00 2.23606801e+00 0. 1.41421354e+00 1.41421354e+00
    2.23606801e+00 2.23606801e+00 2. 2.23606801e+00 1. 2.23606801e+00
    3.16227770e+00 2.23606801e+00 2.82842708e+00 3. 1.41421354e+00 1. 2.
    2. 3.60555124e+00 2.23606801e+00 3.16227770e+00 1. 2.82842708e+00
    3.16227770e+00 3.16227770e+00 1. 3.16227770e+00 2.23606801e+00
    3.60555124e+00 1.41421354e+00 1.41421354e+00 2.23606801e+00
    2.23606801e+00 3.16227770e+00 2.23606801e+00 1. 2.23606801e+00 0.
    2.23606801e+00 1.41421354e+00 2. 2.82842708e+00 0. 2.10237961e+01
    7.91201630e+01 1.04651802e+02 5.41294746e+01 9.05538559e+00 0. 1. 1.
    3.16227770e+00 2.23606801e+00 3.16227770e+00 2.23606801e+00 0. 1. 0.
    0. 0. 1. 2. 1. 1. 1. 1.41421354e+00 1.41421354e+00 0. 2.23606801e+00
    2. 1.41421354e+00 1.41421354e+00 1.41421354e+00 0. 1. 1.
    1.41421354e+00 2.23606801e+00 1. 0. 0. 0. 0. 1. 1.41421354e+00
    1.41421354e+00 0. 0. 1.41421354e+00 1.41421354e+00 2. 2.23606801e+00
    1.41421354e+00 0. 1.41421354e+00 1. 1.41421354e+00 2.82842708e+00 2.
    2. 1. 1. 1. 3.16227770e+00 2. 3. 0. 1. 0. 0. 1. 0. 1.41421354e+00
    3.60555124e+00 3.60555124e+00 2.23606801e+00 2.23606801e+00
    1.41421354e+00 1.41421354e+00 1. 1. 1. 1. 1. 0. 0. 1. 1. 1. 2.
    1.41421354e+00 1. 1. 0. 1. 1. 1. 1. 0. 1.41421354e+00 1.41421354e+00
    1.41421354e+00 0. 2.23606801e+00 1. 2.23606801e+00 1.41421354e+00 2.
    1. 1.41421354e+00 1.41421354e+00 1.41421354e+00 1. 1. 1. 1. 1. 1. 0.
    0. 0. 1. 1.41421354e+00 2.23606801e+00 3. 2.23606801e+00 1. 1. 1. 1.
    1.41421354e+00 1. 1.41421354e+00 1.41421354e+00 1.41421354e+00 0. 1.
    2.30217285e+01 8.10431976e+01 1.04651802e+02 5.37121964e+01
    1.21655254e+01 1.41421354e+00 3. 3.16227770e+00 2. 2. 2.23606801e+00
    2. 1. 1. 3.16227770e+00 3. 2. 0. 1. 1. 1. 2.23606801e+00
    2.23606801e+00 2. 2.23606801e+00 2.82842708e+00 1.41421354e+00
    2.23606801e+00 1.41421354e+00 1.41421354e+00 2.23606801e+00 2. 2.
    2.23606801e+00 2.23606801e+00 1. 1.41421354e+00 0. 1. 2.23606801e+00
    5. 2. 1.41421354e+00 1. 1. 1.41421354e+00 1. 1. 2. 3. 1.41421354e+00
    3. 1. 2. 3. 1. 2.23606801e+00 0. 2.23606801e+00 1. 2.82842708e+00 1.
    2.23606801e+00 4. 1. 4. 2. 2. 2.23606801e+00 1.41421354e+00
    2.23606801e+00 2. 1. 1.41421354e+00 2.23606801e+00 0. 3.16227770e+00
    2. 1. 1. 0. 0. 1.41421354e+00 2.23606801e+00 2.23606801e+00
    3.16227770e+00 2.23606801e+00 3.16227770e+00 2. 3.60555124e+00
    4.12310553e+00 3. 0. 1.41421354e+00 2. 1. 3.16227770e+00
    3.16227770e+00 1.41421354e+00 3.60555124e+00 2.23606801e+00
    3.60555124e+00 1. 3.60555124e+00 3.16227770e+00 2.23606801e+00 1.
    2.23606801e+00 3.16227770e+00 1. 1.41421354e+00 4.24264050e+00
    4.47213602e+00 2.23606801e+00 3.60555124e+00 3.16227770e+00 1. 1. 2.
    2. 5. 5.38516474e+00 8.06225777e+00 5.18844872e+01 1.04651802e+02
    8.20060959e+01 2.30217285e+01 1. 1. 1.41421354e+00 2.23606801e+00
    2.23606801e+00 1. 2. 0. 1. 1.41421354e+00 0. 1.41421354e+00
    1.41421354e+00 0. 1. 1. 1.41421354e+00 1. 0. 1. 1.41421354e+00 1. 1.
    1. 0. 0. 1.41421354e+00 1. 0. 1.41421354e+00 1. 0. 0. 0. 0. 0. 1. 1.
    1.41421354e+00 2. 2. 1.41421354e+00 1.41421354e+00 1.41421354e+00
    2.23606801e+00 2. 2.23606801e+00 1. 0. 2. 2. 1. 0. 0. 1. 0. 2.
    1.41421354e+00 0. 1. 0. 1. 1. 1. 2. 3. 2.23606801e+00 2.23606801e+00
    1. 1. 1.41421354e+00 1.41421354e+00 1. 1. 1. 1.41421354e+00 1. 1. 1.
    2.23606801e+00 1. 2. 1. 1.41421354e+00 1. 0. 1. 1.41421354e+00 0. 1.
    1.41421354e+00 1.41421354e+00 1. 0. 1.41421354e+00 0. 2.23606801e+00
    1. 1.41421354e+00 1. 1. 1. 1. 0. 2. 1. 0. 1.41421354e+00
    3.16227770e+00 2.23606801e+00 1. 0. 1. 1. 1. 3. 1. 3.16227770e+00 1.
    1. 0. 1. 1. 0. 1. 2.23606801e+00 1. 1. 0. 30. 9.33434525e+01
    9.63379440e+01 3.44818802e+01 3.16227770e+00 2.23606801e+00
    2.23606801e+00 3. 1. 3.16227770e+00 2.23606801e+00 1. 1. 1. 1.
    2.23606801e+00 1. 1. 1. 1. 1. 2. 2.23606801e+00 2. 1. 2.
    2.23606801e+00 3.60555124e+00 2.82842708e+00 1.41421354e+00
    1.41421354e+00 2. 3.16227770e+00 2.23606801e+00 2. 2.23606801e+00
    1.41421354e+00 1.41421354e+00 1.41421354e+00 1.41421354e+00
    1.41421354e+00 2.23606801e+00 2. 2.23606801e+00 1. 1.41421354e+00
    1.41421354e+00 1.41421354e+00 1.41421354e+00 3.16227770e+00
    3.16227770e+00 3. 3.60555124e+00 1. 1.41421354e+00 1.41421354e+00 0.
    2.23606801e+00 2.23606801e+00 0. 3. 2. 2.23606801e+00 2.23606801e+00
    3. 2.23606801e+00 2.23606801e+00 1. 3.16227770e+00 1. 1.41421354e+00
    1. 1.41421354e+00 2. 1.41421354e+00 2.23606801e+00 2.23606801e+00 1.
    1.41421354e+00 2. 2. 2.23606801e+00 0. 1.41421354e+00 3.16227770e+00
    2.82842708e+00 2.23606801e+00 5.38516474e+00 3. 1.41421354e+00
    2.82842708e+00 2.23606801e+00 1. 1. 2. 1. 2.23606801e+00
    3.16227770e+00 2.23606801e+00 2. 2.23606801e+00 1.41421354e+00
    1.41421354e+00 1.41421354e+00 4.47213602e+00 1. 1. 1. 2.23606801e+00
    1. 2.23606801e+00 3.60555124e+00 2.23606801e+00 2.23606801e+00 2. 4.
    1.41421354e+00 1.41421354e+00 1.41421354e+00 5. 4.12310553e+00
    4.47213602e+00 2.23606801e+00 3.22800255e+01 9.73242035e+01
    9.43398132e+01 3.00166626e+01 1.41421354e+00 1. 1. 1.41421354e+00 1.
    2. 2. 1.41421354e+00 1. 1.41421354e+00 2.23606801e+00 1.41421354e+00
    0. 0. 0. 1. 1.41421354e+00 1. 0. 1. 1. 0. 1.41421354e+00 0. 1. 1. 1.
    1. 1. 1. 1.41421354e+00 0. 1. 0. 0. 0. 0. 1. 1.41421354e+00
    1.41421354e+00 1. 2. 0. 1.41421354e+00 0. 2.23606801e+00 2.
    1.41421354e+00 2. 0. 1.41421354e+00 0. 0. 1. 0. 0. 1. 1.41421354e+00
    1.41421354e+00 1.41421354e+00 1. 1.41421354e+00 0. 1. 1.
    1.41421354e+00 2. 3.16227770e+00 2.23606801e+00 1. 1.41421354e+00 1.
    1. 1. 1. 1.41421354e+00 1. 1.41421354e+00 1.41421354e+00 1.
    1.41421354e+00 0. 1. 1.41421354e+00 0. 1. 0. 1.41421354e+00 1.
    1.41421354e+00 1. 1. 0. 1. 0. 1. 1. 1. 1.41421354e+00 1. 0. 1. 1. 2.
    0. 1.41421354e+00 1. 3.60555124e+00 2.23606801e+00 3.16227770e+00
    2.23606801e+00 1.41421354e+00 1. 1. 1. 1.41421354e+00 3.16227770e+00
    1.41421354e+00 1. 1. 1.41421354e+00 1.41421354e+00 1. 1.41421354e+00
    1. 1.41421354e+00 1.41421354e+00 1. 0. 3.20156212e+01 9.57078857e+01
    9.66281509e+01 3.42344856e+01 4.12310553e+00 1. 2.82842708e+00 1.
    1.41421354e+00 2.23606801e+00 1.41421354e+00 1. 1. 1. 1.
    1.41421354e+00 1.41421354e+00 1.41421354e+00 1. 1.41421354e+00 2. 1.
    1.41421354e+00 3.16227770e+00 3.16227770e+00 2. 1.41421354e+00
    2.23606801e+00 2. 2.82842708e+00 2.23606801e+00 2. 1.41421354e+00 1.
    1.41421354e+00 1.41421354e+00 1.41421354e+00 1. 2.23606801e+00
    2.23606801e+00 2. 1.41421354e+00 1. 1. 2. 1.41421354e+00
    1.41421354e+00 3.60555124e+00 2. 1.41421354e+00 1. 1. 2.23606801e+00
    2. 1.41421354e+00 1. 2. 1.41421354e+00 1.41421354e+00 3.16227770e+00
    2.82842708e+00 0. 1.41421354e+00 1. 1. 0. 2.23606801e+00 1.
    2.23606801e+00 1.41421354e+00 1. 1. 1.41421354e+00 1. 2. 2.
    1.41421354e+00 2.23606801e+00 1. 4. 1. 2.23606801e+00 1.41421354e+00
    1. 2.23606801e+00 2.23606801e+00 1. 5. 3.60555124e+00 2.
    1.41421354e+00 2. 1. 1.41421354e+00 2. 1. 2. 3.16227770e+00
    2.23606801e+00 2. 2.23606801e+00 2. 2.82842708e+00 2.23606801e+00
    1.41421354e+00 2.23606801e+00 0. 1. 3.16227770e+00 1.41421354e+00 3.
    3.16227770e+00 2. 3. 3.16227770e+00 4.47213602e+00 1. 3.
    3.16227770e+00 3.16227770e+00 2.82842708e+00 5.83095169e+00 1.
    3.10161247e+01 9.53362503e+01 9.55248642e+01 3.27566795e+01
    1.41421354e+00 0. 1. 1.41421354e+00 1. 1.41421354e+00 1. 2.
    2.23606801e+00 1. 2.23606801e+00 2. 1. 1. 1. 0. 1. 2.23606801e+00
    1.41421354e+00 1.41421354e+00 1.41421354e+00 1. 1. 1. 0. 0. 2. 2.
    1.41421354e+00 1.41421354e+00 1. 1. 2. 1.41421354e+00 1. 2. 1.
    1.41421354e+00 2.23606801e+00 0. 1.41421354e+00 0. 2. 1.
    1.41421354e+00 2.23606801e+00 1. 2.23606801e+00 1. 2.23606801e+00 2.
    1. 1. 0. 1. 0. 1. 1. 2.23606801e+00 1.41421354e+00 1. 1. 1.
    1.41421354e+00 1.41421354e+00 1.41421354e+00 1.41421354e+00
    1.41421354e+00 3.16227770e+00 2.23606801e+00 1. 1. 1.41421354e+00 2.
    2. 1. 1. 0. 1.41421354e+00 1. 0. 1. 1. 2. 2.23606801e+00 0. 0. 1. 0.
    0. 0. 0. 1. 0. 0. 0. 0. 2.23606801e+00 1.41421354e+00 1. 1. 1. 1. 1.
    1.41421354e+00 1. 3. 3. 2. 2.23606801e+00 1.41421354e+00
    1.41421354e+00 1.41421354e+00 1.41421354e+00 0. 1.41421354e+00 1. 0.
    1. 1.41421354e+00 0. 1. 0. 1. 2.23606801e+00 1. 1. 0. 8.06225777e+00
    5.36656303e+01 1.08240471e+02 8.50705566e+01 2.60192242e+01
    1.41421354e+00 4. 2. 1. 1.41421354e+00 1. 1. 1. 2. 2. 3.
    2.23606801e+00 1. 0. 0. 2. 2.23606801e+00 1.41421354e+00
    2.23606801e+00 2.23606801e+00 2.23606801e+00 2.82842708e+00
    1.41421354e+00 2. 2.23606801e+00 2.23606801e+00 1.41421354e+00
    1.41421354e+00 0. 0. 0. 1. 1. 2. 0. 2.23606801e+00 1. 1.41421354e+00
    2.23606801e+00 1.41421354e+00 1. 2. 1. 2.23606801e+00 2.82842708e+00
    2.23606801e+00 1.41421354e+00 1. 1. 2.23606801e+00 1.41421354e+00 2.
    1. 1.41421354e+00 2.82842708e+00 2.23606801e+00 1. 2.23606801e+00
    1.41421354e+00 0. 2.23606801e+00 1. 1.41421354e+00 2. 1.41421354e+00
    1. 1.41421354e+00 0. 0. 1. 1. 2. 1.41421354e+00 2.82842708e+00 1.
    2.23606801e+00 2.23606801e+00 1. 1. 1.41421354e+00 2. 2.23606801e+00
    2.82842708e+00 3. 2.23606801e+00 2. 3. 2.23606801e+00 2.
    1.41421354e+00 3. 1. 1. 2.23606801e+00 1.41421354e+00 1.
    2.23606801e+00 2. 2.82842708e+00 2.82842708e+00 2. 1.41421354e+00 3.
    2.82842708e+00 3. 2. 2. 1.41421354e+00 2. 1. 2.23606801e+00 2.
    2.23606801e+00 3. 2. 2. 5. 2.82842708e+00 0. 2.30217285e+01
    8.16088257e+01 1.06437775e+02 5.32259331e+01 8. 1. 1. 2.23606801e+00
    2.23606801e+00 0. 1. 1. 2. 3.16227770e+00 3.16227770e+00
    1.41421354e+00 2.23606801e+00 1. 1. 1. 1. 1. 2.23606801e+00
    2.23606801e+00 1.41421354e+00 1. 1. 1. 0. 1. 1.41421354e+00
    1.41421354e+00 1.41421354e+00 1. 1.41421354e+00 2. 0. 1.41421354e+00
    1.41421354e+00 1. 1.41421354e+00 2.23606801e+00 1. 2. 0.
    2.23606801e+00 1. 1. 1.41421354e+00 1.41421354e+00 2. 2. 1.
    2.23606801e+00 1. 2.23606801e+00 1. 1. 0. 1. 0. 1. 1. 1. 0. 0. 1. 1.
    1.41421354e+00 1.41421354e+00 2.23606801e+00 3.16227770e+00 0.
    2.23606801e+00 1.41421354e+00 1. 2.23606801e+00 0. 0. 1. 0. 1. 0. 0.
    1. 1. 3. 1. 2. 1. 1. 1. 1. 1. 1. 1. 0. 0. 0. 1. 1. 1. 1.41421354e+00
    1.41421354e+00 0. 1. 1. 0. 1. 0. 2. 2.23606801e+00 2. 1. 0. 1.
    1.41421354e+00 1. 0. 1. 0. 0. 0. 1. 1.41421354e+00 1.41421354e+00
    1.41421354e+00 2.82842708e+00 2.82842708e+00 1. 2.23606801e+00 2.
    24. 8.54400406e+01 1.07331261e+02 5.23259010e+01 9.21954441e+00 2.
    2. 2.23606801e+00 2. 2. 0. 0. 1. 1.41421354e+00 2.23606801e+00 2.
    2.82842708e+00 3.16227770e+00 3.16227770e+00 2.82842708e+00
    1.41421354e+00 1.41421354e+00 2.23606801e+00 3. 2.23606801e+00 1.
    1.41421354e+00 1.41421354e+00 1.41421354e+00 0. 1. 2. 1.
    2.82842708e+00 2. 2.23606801e+00 3.16227770e+00 2. 0. 1.41421354e+00
    1. 1. 0. 1.41421354e+00 2.23606801e+00 4.12310553e+00 4.
    2.82842708e+00 1. 2.23606801e+00 2. 1.41421354e+00 2.23606801e+00
    1.41421354e+00 2.23606801e+00 1. 2. 2.23606801e+00 1.41421354e+00 2.
    1. 2.23606801e+00 2.82842708e+00 1.41421354e+00 3.16227770e+00 2.
    3.60555124e+00 1. 1. 1. 1. 1. 2.23606801e+00 1.41421354e+00
    1.41421354e+00 2. 2.23606801e+00 1.41421354e+00 2.23606801e+00 2.
    2.23606801e+00 2.82842708e+00 1. 2. 1. 1.41421354e+00 2. 1.
    2.23606801e+00 3.16227770e+00 3.16227770e+00 4.12310553e+00
    3.16227770e+00 1. 1.41421354e+00 3.16227770e+00 1.41421354e+00
    1.41421354e+00 2.23606801e+00 2.82842708e+00 1. 3.16227770e+00 1.
    2.23606801e+00 2.23606801e+00 3. 3.60555124e+00 3.16227770e+00
    3.60555124e+00 1.41421354e+00 2.23606801e+00 0. 1. 0. 0. 0. 1. 2. 1.
    1.41421354e+00 2.23606801e+00 2.82842708e+00 1.41421354e+00 1. 7.
    5.23545609e+01 1.06892471e+02 8.38152695e+01 24. 1. 1.41421354e+00
    1.41421354e+00 2.82842708e+00 3. 1. 0. 2. 1.41421354e+00 2.
    3.16227770e+00 0. 2.23606801e+00 1.41421354e+00 0. 1. 1.41421354e+00
    0. 1. 1. 1.41421354e+00 1.41421354e+00 1. 1. 1. 1.41421354e+00 1. 1.
    1. 1. 1.41421354e+00 2.23606801e+00 1. 1. 3. 1.41421354e+00 1. 1.
    1.41421354e+00 1.41421354e+00 1. 1. 1. 1. 1. 1. 0. 2.23606801e+00 1.
    2. 1. 2.23606801e+00 1.41421354e+00 1. 1. 1. 0. 1. 1.41421354e+00 1.
    1. 0. 1.41421354e+00 1.41421354e+00 2.23606801e+00 2.23606801e+00
    2.82842708e+00 3.16227770e+00 1. 1.41421354e+00 1. 2.23606801e+00 2.
    2. 0. 0. 1. 1. 1. 1.41421354e+00 1. 2.23606801e+00 2. 1.41421354e+00
    0. 0. 1. 1. 1. 1.41421354e+00 1.41421354e+00 1. 0. 1. 0. 1. 1. 1. 1.
    1. 1. 1.41421354e+00 0. 1. 1. 1. 1. 1. 0. 1. 1. 0. 1. 1.
    2.23606801e+00 1.41421354e+00 0. 1. 1. 0. 1. 2.23606801e+00
    2.23606801e+00 1.41421354e+00 1. 2.23606801e+00 1. 3.20624390e+01
    9.63327560e+01 9.60260391e+01 3.17804966e+01 1. 1. 1. 2. 1.
    2.23606801e+00 1.41421354e+00 0. 1. 2.23606801e+00 1.41421354e+00 2.
    0. 2. 2.23606801e+00 5. 3.60555124e+00 1. 2.23606801e+00
    2.23606801e+00 3.16227770e+00 3.16227770e+00 3. 1.41421354e+00 1. 1.
    1.41421354e+00 1.41421354e+00 2.23606801e+00 2.23606801e+00 3.
    5.09901953e+00 1.41421354e+00 2.23606801e+00 1. 1. 1. 1. 1.
    1.41421354e+00 2.23606801e+00 2.23606801e+00 2.82842708e+00
    3.60555124e+00 2.23606801e+00 2.23606801e+00 2.23606801e+00
    3.16227770e+00 1.41421354e+00 1.41421354e+00 2.23606801e+00 3.
    1.41421354e+00 2.82842708e+00 2.23606801e+00 1. 1. 1.41421354e+00 1.
    2.23606801e+00 3.16227770e+00 2. 3.16227770e+00 2. 1.41421354e+00 2.
    1. 1.41421354e+00 0. 3. 2. 1. 1.41421354e+00 0. 3.16227770e+00
    3.16227770e+00 1. 2.23606801e+00 1.41421354e+00 0. 1. 1. 2. 2. 1. 2.
    2.23606801e+00 1. 2. 2.23606801e+00 1.41421354e+00 1. 1.41421354e+00
    1.41421354e+00 3.60555124e+00 1. 3.60555124e+00 2.82842708e+00 1. 2.
    0. 2.23606801e+00 1.41421354e+00 1.41421354e+00 2. 2. 1. 0.
    1.41421354e+00 2. 2. 0. 0. 0. 0. 2. 2.23606801e+00 2.23606801e+00 1.
    1. 3.16227770e+00 3.03644524e+01 9.63379440e+01 9.73293381e+01 33.
    0. 2.23606801e+00 1.41421354e+00 0. 2.23606801e+00 2. 1.41421354e+00
    1.41421354e+00 1.41421354e+00 1.41421354e+00 1.41421354e+00
    1.41421354e+00 1.41421354e+00 1. 1. 0. 1. 1.41421354e+00 1.
    1.41421354e+00 1. 1. 1.41421354e+00 1.41421354e+00 1. 1. 2. 3. 1. 1.
    1. 1. 1. 2.23606801e+00 2. 2.23606801e+00 2.23606801e+00
    1.41421354e+00 1.41421354e+00 1.41421354e+00 1. 2. 1. 1.41421354e+00
    1. 0. 2.23606801e+00 2.23606801e+00 1.41421354e+00 1. 2. 1.
    2.23606801e+00 1. 1. 1. 0. 0. 2. 1.41421354e+00 1.41421354e+00
    2.23606801e+00 1.41421354e+00 1. 3. 3.60555124e+00 2. 3.16227770e+00
    2.23606801e+00 0. 2. 0. 1. 0. 1. 1.41421354e+00 2.23606801e+00 2.
    2.23606801e+00 1. 2.23606801e+00 0. 1.41421354e+00 0. 1. 1. 0. 0. 1.
    1. 1. 1.41421354e+00 1. 1. 0. 0. 0. 1.41421354e+00 0. 2.
    1.41421354e+00 1. 1. 1. 2. 1. 1.41421354e+00 0. 1. 1. 1.
    2.23606801e+00 1.41421354e+00 1. 0. 2. 2. 1.41421354e+00
    1.41421354e+00 1.41421354e+00 1. 1.41421354e+00 1. 2.23606801e+00
    2.82842708e+00 2.23606801e+00 1. 3.32415390e+01 9.53519821e+01
    9.52575455e+01 3.30151482e+01 2.23606801e+00 2.23606801e+00 1. 1. 0.
    0. 2.23606801e+00 1. 1. 3. 4. 3.16227770e+00 3.60555124e+00
    2.23606801e+00 1. 2. 4.47213602e+00 2.23606801e+00 2.23606801e+00
    1.41421354e+00 2. 3. 1.41421354e+00 2. 1. 1.41421354e+00
    3.60555124e+00 1. 1. 4. 3.60555124e+00 3. 2.23606801e+00
    1.41421354e+00 1.41421354e+00 1. 1. 1.41421354e+00 2.23606801e+00
    1.41421354e+00 3. 5.38516474e+00 3. 3. 4. 1. 3.16227770e+00 3.
    1.41421354e+00 1.41421354e+00 2.23606801e+00 2.23606801e+00
    2.82842708e+00 1. 2.82842708e+00 2.23606801e+00 1. 1. 1.
    2.23606801e+00 0. 2.82842708e+00 3.16227770e+00 1. 2.82842708e+00 1.
    2.23606801e+00 2. 1. 1.41421354e+00 2.82842708e+00 1.41421354e+00 1.
    2.23606801e+00 3.60555124e+00 2.23606801e+00 1.41421354e+00
    2.23606801e+00 1. 0. 1. 0. 1.41421354e+00 3.60555124e+00
    2.23606801e+00 1. 1. 3.16227770e+00 1.41421354e+00 1. 2.
    1.41421354e+00 1. 2.23606801e+00 2. 2.82842708e+00 4.12310553e+00
    2.23606801e+00 2. 3. 0. 1.41421354e+00 0. 2. 2.23606801e+00
    1.41421354e+00 1.41421354e+00 1.41421354e+00 1.41421354e+00
    3.16227770e+00 3.60555124e+00 2.23606801e+00 1. 1. 1. 1. 0. 2. 3.
    3.16227770e+00 2.82842708e+00 31. 9.61873169e+01 9.70154648e+01
    3.29848442e+01 1.41421354e+00 1. 2.23606801e+00 1.41421354e+00 1. 3.
    1.41421354e+00 2. 1. 0. 1.41421354e+00 1. 2. 1.41421354e+00
    1.41421354e+00 1. 0. 0. 1. 0. 0. 1. 1.41421354e+00 1.41421354e+00 1.
    1. 2. 1.41421354e+00 3. 1. 1. 0. 1. 1. 1.41421354e+00 2.
    1.41421354e+00 2.23606801e+00 3.16227770e+00 2.23606801e+00
    2.23606801e+00 1.41421354e+00 2.23606801e+00 2.23606801e+00 0.
    1.41421354e+00 2.23606801e+00 1.41421354e+00 2.23606801e+00 1. 2. 1.
    1. 1.41421354e+00 1.41421354e+00 1. 0. 1. 0. 1. 1. 1. 0. 1. 1.
    2.23606801e+00 4.47213602e+00 1. 3. 1. 1. 1. 1. 1. 1.41421354e+00
    2.23606801e+00 1.41421354e+00 1.41421354e+00 2. 1.41421354e+00 0. 0.
    0. 1. 1.41421354e+00 1.41421354e+00 1. 0. 1. 1.41421354e+00 0. 1. 1.
    1. 1.41421354e+00 1. 1. 0. 1.41421354e+00 1. 1. 1. 1. 1.41421354e+00
    1.41421354e+00 0. 1.41421354e+00 0. 0. 1.41421354e+00 2. 1.
    2.23606801e+00 1.41421354e+00 2.23606801e+00 1.41421354e+00 1. 1. 0.
    1.41421354e+00 2. 1. 1. 2.23606801e+00 2. 0. 9. 5.32259331e+01
    1.05095192e+02 8.16088257e+01 2.50199928e+01 4.47213602e+00
    1.41421354e+00 2.82842708e+00 3.16227770e+00 0. 2. 1.41421354e+00 0.
    2.23606801e+00 2.23606801e+00 2.23606801e+00 1.41421354e+00
    2.23606801e+00 3.60555124e+00 1.41421354e+00 1.41421354e+00 4.
    3.16227770e+00 2.23606801e+00 2.23606801e+00 1.41421354e+00 0.
    3.16227770e+00 3.60555124e+00 2. 2. 2.23606801e+00 2.23606801e+00
    3.16227770e+00 3.16227770e+00 3.16227770e+00 0. 1. 1. 1.41421354e+00
    1. 0. 2.23606801e+00 1. 4.12310553e+00 4.47213602e+00 5.09901953e+00
    5.83095169e+00 3. 2.23606801e+00 2. 2.82842708e+00 1. 2.
    3.16227770e+00 1. 2.23606801e+00 3. 2.23606801e+00 1. 1.41421354e+00
    2.23606801e+00 1.41421354e+00 1. 1. 0. 3.16227770e+00 1.41421354e+00
    3.16227770e+00 1.41421354e+00 3. 3. 1.41421354e+00 3. 1. 1.
    2.23606801e+00 2. 1.41421354e+00 2.23606801e+00 2. 2.82842708e+00
    1.41421354e+00 1. 1. 1. 1. 2.23606801e+00 3.16227770e+00
    2.82842708e+00 1.41421354e+00 2.23606801e+00 2. 1.41421354e+00
    1.41421354e+00 2. 0. 1.41421354e+00 1. 2. 1.41421354e+00
    2.23606801e+00 4.12310553e+00 3.16227770e+00 2.23606801e+00
    1.41421354e+00 1.41421354e+00 0. 1.41421354e+00 3.16227770e+00
    2.23606801e+00 1.41421354e+00 2.23606801e+00 3. 2. 2.23606801e+00
    3.60555124e+00 3. 2.23606801e+00 1. 3. 2.23606801e+00 1.41421354e+00
    2. 3. 1. 25. 8.44807663e+01 1.05990562e+02 5.18844872e+01
    7.07106781e+00 0. 1.41421354e+00 1.41421354e+00 2. 2.82842708e+00 1.
    2.23606801e+00 1. 0. 0. 1. 1.41421354e+00 1. 1.41421354e+00 1. 0. 0.
    0. 0. 0. 0. 1. 1. 1. 0. 1.41421354e+00 2. 1. 0. 1. 0. 1. 2. 2. 0. 2.
    1.41421354e+00 1.41421354e+00 1.41421354e+00 3.60555124e+00
    2.82842708e+00 2.82842708e+00 2. 1. 1.41421354e+00 1. 2.23606801e+00
    0. 1. 1.41421354e+00 2. 1. 1.41421354e+00 2. 1. 1. 0. 1. 0. 0. 0. 0.
    0. 1.41421354e+00 1. 2.23606801e+00 3.16227770e+00 1. 1. 1. 1. 1. 0.
    1. 1.41421354e+00 2.23606801e+00 2.23606801e+00 2. 1. 1.41421354e+00
    2. 1.41421354e+00 1. 1.41421354e+00 1.41421354e+00 1. 0. 1.
    2.23606801e+00 1.41421354e+00 0. 0. 0. 1.41421354e+00 1. 0. 1. 1. 0.
    1.41421354e+00 0. 1. 1. 1. 1.41421354e+00 1.41421354e+00
    1.41421354e+00 0. 1. 2.23606801e+00 1. 1. 1. 1. 0. 1. 1. 0.
    1.41421354e+00 2. 1.41421354e+00 1. 1. 0. 0. 2.40208244e+01
    8.20060959e+01 1.05990562e+02 5.27730980e+01 7.28010988e+00 2.
    2.23606801e+00 3.60555124e+00 2.23606801e+00 1.41421354e+00
    1.41421354e+00 1. 1. 2.23606801e+00 1.41421354e+00 1.41421354e+00 1.
    0. 2.82842708e+00 2.82842708e+00 1.41421354e+00 2. 4.12310553e+00
    4.12310553e+00 1.41421354e+00 1.41421354e+00 2. 4.47213602e+00
    1.41421354e+00 4.12310553e+00 2.23606801e+00 1. 1.41421354e+00 2.
    2.23606801e+00 1.41421354e+00 1.41421354e+00 1.41421354e+00
    1.41421354e+00 1. 1.41421354e+00 1.41421354e+00 2.82842708e+00
    2.23606801e+00 4. 6.32455540e+00 1.41421354e+00 2.23606801e+00
    1.41421354e+00 1. 2.23606801e+00 1.41421354e+00 1.41421354e+00
    2.82842708e+00 3. 3.60555124e+00 1.41421354e+00 4.12310553e+00
    1.41421354e+00 2.82842708e+00 2.23606801e+00 1. 1.41421354e+00 1. 1.
    1. 1.41421354e+00 2.23606801e+00 1.41421354e+00 1.41421354e+00
    2.82842708e+00 4.24264050e+00 3. 2.23606801e+00 0. 1.41421354e+00 1.
    2.23606801e+00 2. 2. 2.23606801e+00 0. 1.41421354e+00 2.
    2.82842708e+00 1.41421354e+00 1.41421354e+00 1.41421354e+00
    2.23606801e+00 3.16227770e+00 0. 1. 0. 1. 2. 1. 2. 1. 1.41421354e+00
    0. 1. 2.23606801e+00 3. 3.16227770e+00 3.16227770e+00 2. 2. 0.
    3.16227770e+00 2. 1. 2. 2. 2.23606801e+00 3.60555124e+00
    3.16227770e+00 1. 1.41421354e+00 3. 4.12310553e+00 3.16227770e+00
    2.23606801e+00 3. 2.82842708e+00 0. 1.41421354e+00 8.06225777e+00
    5.50090904e+01 1.08240471e+02 8.19084854e+01 23. 1. 0. 0.
    1.41421354e+00 2.23606801e+00 1. 2.23606801e+00 2. 0. 0. 1.
    1.41421354e+00 1. 1.41421354e+00 1. 1. 0. 0. 0. 0. 0. 1.
    1.41421354e+00 0. 1.41421354e+00 0. 1. 1. 1. 1. 2.23606801e+00
    1.41421354e+00 1. 1.41421354e+00 2. 0. 1. 1.41421354e+00 1.
    1.41421354e+00 2.23606801e+00 2. 0. 1.41421354e+00 1. 1.
    1.41421354e+00 1. 0. 1. 1. 1. 1. 1. 1. 1. 0. 0. 1. 0. 1. 0. 0. 0. 1.
    0. 1. 1.41421354e+00 2. 0. 2. 1. 1. 2. 1. 2. 2.23606801e+00 0. 1.
    2.23606801e+00 0. 2. 1.41421354e+00 1. 1. 0. 1. 1. 1. 2.23606801e+00
    1.41421354e+00 1. 1.41421354e+00 1.41421354e+00 0. 1. 0. 0. 1. 1. 1.
    1. 1.41421354e+00 0. 1. 1. 1.41421354e+00 1. 0. 1. 1.41421354e+00 0.
    0. 0. 0. 1. 1. 1.41421354e+00 1.41421354e+00 2. 1.41421354e+00
    2.23606801e+00 1. 0. 1. 3.10161247e+01 9.62548676e+01 9.73242035e+01
    3.39558525e+01 2.23606801e+00 3. 2. 2. 1.41421354e+00 2.23606801e+00
    1. 1. 0. 1. 1.41421354e+00 1. 0. 1.41421354e+00 1. 2.23606801e+00
    1.41421354e+00 1.41421354e+00 2.23606801e+00 1.41421354e+00
    3.16227770e+00 3. 1. 2. 3.16227770e+00 2. 3.60555124e+00 1.
    1.41421354e+00 1.41421354e+00 2.23606801e+00 1.41421354e+00 1. 0. 1.
    1.41421354e+00 2.23606801e+00 2.23606801e+00 2.23606801e+00
    2.82842708e+00 1. 3.60555124e+00 3.60555124e+00 2.23606801e+00
    2.23606801e+00 1. 1.41421354e+00 0. 2.23606801e+00 2.82842708e+00 1.
    2. 0. 1.41421354e+00 4.12310553e+00 3.16227770e+00 2. 1.41421354e+00
    1. 1. 1. 1.41421354e+00 1.41421354e+00 1. 2. 2.23606801e+00
    1.41421354e+00 2.23606801e+00 3.16227770e+00 3. 1. 2.23606801e+00
    2.23606801e+00 1. 3. 1. 2.23606801e+00 1.41421354e+00 1.
    1.41421354e+00 2.82842708e+00 3.60555124e+00 2.23606801e+00
    2.23606801e+00 4.24264050e+00 2.23606801e+00 0. 1.41421354e+00
    1.41421354e+00 1. 1. 2.23606801e+00 1. 2. 0. 2.23606801e+00
    1.41421354e+00 1.41421354e+00 0. 1. 2.23606801e+00 2.82842708e+00
    3.16227770e+00 1.41421354e+00 1. 2.82842708e+00 2.23606801e+00
    1.41421354e+00 1. 2. 4. 4.47213602e+00 3.60555124e+00 2.23606801e+00
    3.60555124e+00 4.12310553e+00 1. 5. 2.82842708e+00 4.24264050e+00
    2.23606801e+00 1.41421354e+00 2.23606801e+00 3.08058434e+01
    9.66902237e+01 9.65194244e+01 31. 0. 2.23606801e+00 0.
    2.23606801e+00 2.23606801e+00 0. 3.16227770e+00 2. 0. 0. 1. 1.
    1.41421354e+00 2. 1. 1.41421354e+00 2.23606801e+00 2. 2. 1. 1. 1.
    1.41421354e+00 2. 0. 1. 0. 1. 1. 1.41421354e+00 1.41421354e+00 0. 0.
    1.41421354e+00 1. 2.23606801e+00 1. 2.23606801e+00 1.41421354e+00 1.
    1. 0. 1. 1. 0. 0. 0. 1. 1. 0. 0. 0. 0. 0. 1. 0. 0. 1. 0.
    2.23606801e+00 1. 1.41421354e+00 1. 1. 0. 0. 0. 1. 1. 1. 0. 1. 0. 1.
    1. 0. 1. 1.41421354e+00 0. 0. 2.23606801e+00 1. 0. 1. 0. 0. 1. 1. 1.
    0. 1. 1. 1. 0. 1. 1. 1.41421354e+00 1.41421354e+00 1.41421354e+00 1.
    1. 1. 1. 1. 1.41421354e+00 0. 1. 1. 1. 1.41421354e+00 0. 1. 1. 1. 0.
    1. 1. 1.41421354e+00 1. 0. 3. 2. 1. 0. 1.41421354e+00 31.
    9.60052109e+01 9.60052109e+01 33. 2.23606801e+00 0. 2.23606801e+00
    2.23606801e+00 1.41421354e+00 1.41421354e+00 1. 1.41421354e+00
    2.23606801e+00 2.23606801e+00 1. 1. 1. 1.41421354e+00 3. 2.
    1.41421354e+00 1. 1.41421354e+00 5. 5. 4.47213602e+00 3.60555124e+00
    2.23606801e+00 3.16227770e+00 2.23606801e+00 1. 2.23606801e+00
    1.41421354e+00 0. 3. 3.16227770e+00 1. 2.23606801e+00 2.
    2.23606801e+00 2.23606801e+00 0. 2. 2. 2. 2.23606801e+00
    1.41421354e+00 1.41421354e+00 1. 2. 1. 1. 3. 2. 2.23606801e+00
    3.16227770e+00 0. 1. 2.23606801e+00 1. 1.41421354e+00 1. 1. 0. 2. 2.
    0. 1. 0. 3. 4. 2.23606801e+00 2. 1. 2.23606801e+00 2.23606801e+00
    2.82842708e+00 2. 1.41421354e+00 1.41421354e+00 1. 1.41421354e+00
    2.23606801e+00 2.82842708e+00 1.41421354e+00 2.82842708e+00
    2.23606801e+00 2.23606801e+00 2.82842708e+00 1. 1.41421354e+00 2. 1.
    2. 1. 1.41421354e+00 2.23606801e+00 1. 1.41421354e+00 1. 0. 1. 1. 1.
    3. 1.41421354e+00 3.60555124e+00 2.23606801e+00 3. 2. 1. 1. 1.
    2.23606801e+00 1. 2.23606801e+00 2. 1. 2.82842708e+00 1.41421354e+00
    4. 3.16227770e+00 3.16227770e+00 2. 2. 1. 2. 2.90688839e+01
    9.30053787e+01 96. 33. 2.23606801e+00 0. 2.23606801e+00 1.
    3.60555124e+00 3. 2.82842708e+00 1. 0. 0. 1. 1. 1.41421354e+00 0.
    1.41421354e+00 2. 2.23606801e+00 3. 1.41421354e+00 2.23606801e+00
    1.41421354e+00 1.41421354e+00 1.41421354e+00 1. 1.41421354e+00 1.
    1.41421354e+00 1. 1. 1. 1. 0. 1. 1. 1.41421354e+00 2.23606801e+00 1.
    1.41421354e+00 1. 1. 1. 1. 1. 1.41421354e+00 1.41421354e+00
    1.41421354e+00 2.23606801e+00 2. 0. 0. 1. 1. 0. 1. 1. 0. 0. 0.
    1.41421354e+00 1.41421354e+00 0. 1. 1. 1.41421354e+00 1. 0. 0.
    1.41421354e+00 1. 1. 1. 0. 2. 1. 1. 1. 0. 2. 1.41421354e+00 1. 1. 1.
    1. 0. 0. 1. 0. 1. 0. 1. 1. 1. 0. 0. 1.41421354e+00 1. 1. 1. 0. 1. 2.
    1.41421354e+00 1.41421354e+00 1.41421354e+00 0. 0. 1. 1.41421354e+00
    1. 1. 1.41421354e+00 2.23606801e+00 1. 1. 1.41421354e+00 1. 1. 1. 1.
    2. 1. 0. 1. 0. 1. 3.30151482e+01 9.70051575e+01 9.50210495e+01
    3.10161247e+01 1. 2. 1. 0. 2. 1. 0. 1. 1.41421354e+00 3.16227770e+00
    3.60555124e+00 1.41421354e+00 0. 2.23606801e+00 1. 1. 1.
    2.23606801e+00 2.82842708e+00 4.12310553e+00 2.23606801e+00
    2.82842708e+00 3. 1.41421354e+00 1. 1.41421354e+00 1. 1.41421354e+00
    2. 4.24264050e+00 4.12310553e+00 3.60555124e+00 1.41421354e+00 1. 1.
    2. 1. 1. 1.41421354e+00 1. 2.23606801e+00 2. 0. 1. 1. 1.41421354e+00
    2.23606801e+00 1. 2.23606801e+00 1.41421354e+00 1.41421354e+00 1. 2.
    1.41421354e+00 1.41421354e+00 0. 1.41421354e+00 1.41421354e+00 1.
    2.23606801e+00 2.23606801e+00 3.16227770e+00 2.23606801e+00
    2.23606801e+00 2.23606801e+00 2. 1. 2.23606801e+00 2.82842708e+00
    3.60555124e+00 1.41421354e+00 1.41421354e+00 2.82842708e+00 1. 0.
    1.41421354e+00 1. 1.41421354e+00 1. 3.60555124e+00 2.23606801e+00 1.
    2. 1. 2. 2. 3.16227770e+00 3. 2.23606801e+00 1. 1.41421354e+00 1. 1.
    1.41421354e+00 1.41421354e+00 0. 1. 1.41421354e+00 1.41421354e+00
    1.41421354e+00 2.23606801e+00 1. 2. 1. 1.41421354e+00 2.23606801e+00
    2. 1. 2.23606801e+00 1.41421354e+00 2.23606801e+00 3.60555124e+00 3.
    3. 1.41421354e+00 2.82842708e+00 3. 2. 2.23606801e+00 3.60555124e+00
    3.16227770e+00 3. 1. 2.90172367e+01 9.30214996e+01 9.50210495e+01
    3.30151482e+01 1. 2.23606801e+00 1.41421354e+00 2.23606801e+00 2.
    3.16227770e+00 1. 0. 1. 0. 0. 1. 0. 0. 1. 2. 2.23606801e+00
    2.23606801e+00 2.82842708e+00 1. 1.41421354e+00 1. 1. 1.
    1.41421354e+00 2.23606801e+00 2. 1. 1. 1. 1.41421354e+00 1. 0. 1.
    1.41421354e+00 1. 1. 2. 1. 1. 1.41421354e+00 0. 1. 1. 2.
    1.41421354e+00 1. 1. 1. 1.41421354e+00 1.41421354e+00 1.41421354e+00
    2.23606801e+00 1. 1.41421354e+00 1. 0. 0. 1. 1.41421354e+00 0. 1. 1.
    1. 1. 0. 1. 1.41421354e+00 1.41421354e+00 1.41421354e+00 1. 0. 1. 1.
    1. 1. 2. 1. 1.41421354e+00 1.41421354e+00 1. 1. 1. 0. 1. 0. 1. 0.
    1.41421354e+00 1.41421354e+00 1. 1.41421354e+00 1. 1.41421354e+00
    1.41421354e+00 0. 0. 0. 0. 1. 2. 1. 1. 1. 0. 0. 0. 1.41421354e+00 0.
    0. 2. 1. 2. 2.23606801e+00 1. 1. 1.41421354e+00 1.41421354e+00 1. 1.
    2. 1. 1. 0. 1. 3.20156212e+01 97. 9.60052109e+01 3.10644493e+01
    1.41421354e+00 1.41421354e+00 1. 2. 1.41421354e+00 1. 1.41421354e+00
    2. 2.23606801e+00 2.23606801e+00 2. 3. 1. 1. 2. 1. 2.23606801e+00
    1.41421354e+00 1. 2.23606801e+00 4. 4.12310553e+00 1. 1.41421354e+00
    2.23606801e+00 0. 1.41421354e+00 1. 2.23606801e+00 2.82842708e+00 1.
    4. 2.23606801e+00 2.23606801e+00 2.23606801e+00 1. 1. 2. 0.
    1.41421354e+00 1. 0. 1. 0. 2.23606801e+00 1. 1. 2.82842708e+00
    1.41421354e+00 1. 1.41421354e+00 1. 1.41421354e+00 1. 2.23606801e+00
    2. 1. 2.23606801e+00 2. 1.41421354e+00 1. 3.16227770e+00 3. 1.
    2.23606801e+00 2.23606801e+00 1.41421354e+00 0. 0. 1.41421354e+00
    4.24264050e+00 2.82842708e+00 2. 2. 1.41421354e+00 1. 1.
    1.41421354e+00 2.23606801e+00 2.23606801e+00 3. 2.23606801e+00
    3.60555124e+00 2.23606801e+00 2.82842708e+00 1.41421354e+00 4.
    1.41421354e+00 3.60555124e+00 2.23606801e+00 1. 1.41421354e+00 1. 0.
    2. 1.41421354e+00 1.41421354e+00 0. 1.41421354e+00 1. 1.41421354e+00
    3. 1.41421354e+00 0. 2. 2.23606801e+00 2. 2.23606801e+00
    3.16227770e+00 3.60555124e+00 1. 4.12310553e+00 1. 4.12310553e+00 1.
    3.16227770e+00 1. 2. 2.82842708e+00 3.60555124e+00 1.41421354e+00
    4.12310553e+00 2.23606801e+00 3.10161247e+01 9.40053177e+01
    9.50052643e+01 3.20156212e+01 0. 1. 1.41421354e+00 1.41421354e+00 0.
    1. 1. 1. 0. 1. 0. 1. 1. 0. 1. 1. 1.41421354e+00 2.23606801e+00 1.
    1.41421354e+00 0. 1.41421354e+00 1. 1. 2.23606801e+00 1.41421354e+00
    1. 2.23606801e+00 1. 0. 0. 1. 1. 1. 1. 1. 1. 1. 1. 1. 1.
    1.41421354e+00 2. 1. 0. 1. 2. 2. 1. 1.41421354e+00 0. 1. 1. 2. 0. 1.
    0. 0. 0. 1.41421354e+00 1. 2.23606801e+00 1.41421354e+00 0.
    1.41421354e+00 0. 1. 1. 2.23606801e+00 1. 1.41421354e+00 0. 1.
    1.41421354e+00 1.41421354e+00 2. 1. 1.41421354e+00 1. 1. 1. 1. 1.
    1.41421354e+00 1. 1. 0. 1.41421354e+00 1. 1. 1. 1.41421354e+00
    2.23606801e+00 1. 1. 0. 0. 1. 0. 1.41421354e+00 2.23606801e+00
    1.41421354e+00 1.41421354e+00 1.41421354e+00 1. 1. 1. 1. 1. 1.
    2.23606801e+00 2.23606801e+00 2. 1.41421354e+00 3. 3.16227770e+00
    2.23606801e+00 1.41421354e+00 1.41421354e+00 1. 0. 1. 0. 1. 1.
    3.20156212e+01 9.70051575e+01 9.70051575e+01 31. 2. 2.
    1.41421354e+00 2. 3. 1.41421354e+00 2.23606801e+00 0. 1.41421354e+00
    2. 2. 1. 0. 2.82842708e+00 1. 1.41421354e+00 1. 1.41421354e+00
    1.41421354e+00 1.41421354e+00 2. 1. 0. 2.23606801e+00 0.
    2.23606801e+00 1. 3.60555124e+00 3.60555124e+00 2.23606801e+00
    2.23606801e+00 4. 3.60555124e+00 1. 2.82842708e+00 3.16227770e+00 2.
    0. 2. 1. 1. 2. 1. 1. 1. 2.23606801e+00 2.23606801e+00 1.41421354e+00
    1.41421354e+00 1.41421354e+00 1.41421354e+00 1. 1.41421354e+00
    2.23606801e+00 1.41421354e+00 2. 2.23606801e+00 1. 2.23606801e+00 1.
    3.16227770e+00 2.82842708e+00 2.23606801e+00 0. 2. 2. 1.41421354e+00
    1.41421354e+00 2.23606801e+00 2.23606801e+00 0. 2.82842708e+00 2. 1.
    1. 1. 2. 1. 2. 2. 1.41421354e+00 5. 3.60555124e+00 3.60555124e+00
    3.60555124e+00 2. 3. 3.16227770e+00 1. 4.24264050e+00 2.82842708e+00
    1.41421354e+00 1. 1. 2.23606801e+00 1. 1.41421354e+00 1.41421354e+00
    1. 1.41421354e+00 1.41421354e+00 2. 1.41421354e+00 1.41421354e+00 1.
    0. 1.41421354e+00 3. 0. 4.47213602e+00 2.23606801e+00 2.23606801e+00
    3. 2.23606801e+00 1. 2.23606801e+00 1.41421354e+00 3. 1.
    1.41421354e+00 2. 2.23606801e+00 1.41421354e+00 32. 9.50052643e+01
    9.50052643e+01 32. 0. 0. 1. 1. 1. 1.41421354e+00 0. 0. 1. 0.
    1.41421354e+00 1.41421354e+00 1.41421354e+00 1. 1. 1. 1.
    2.23606801e+00 1. 1. 1.41421354e+00 0. 1. 0. 2. 1. 2.82842708e+00
    2.23606801e+00 0. 1.41421354e+00 1.41421354e+00 1. 1. 1.41421354e+00
    1.41421354e+00 1. 0. 1. 1. 0. 1. 1. 0. 1.41421354e+00 2.
    1.41421354e+00 1.41421354e+00 1. 0. 1. 1. 1. 1.41421354e+00
    1.41421354e+00 1. 1. 0. 0. 1. 1. 1. 1. 2. 1. 1.41421354e+00 1. 0.
    1.41421354e+00 1. 2. 1. 0. 1. 2. 2. 1. 1. 2. 1. 0. 0. 1. 1. 0. 1. 1.
    1.41421354e+00 1. 1.41421354e+00 1. 2. 1. 2. 1.41421354e+00 1. 1.
    1.41421354e+00 1. 1. 2.23606801e+00 2.23606801e+00 1.41421354e+00 1.
    1.41421354e+00 1. 1. 1.41421354e+00 1.41421354e+00 1. 0. 0.
    1.41421354e+00 1.41421354e+00 3.16227770e+00 2.23606801e+00 0.
    1.41421354e+00 2.23606801e+00 1. 0. 1. 0. 1.41421354e+00
    1.41421354e+00 3. 3.20624390e+01 95. 9.50052643e+01 3.20156212e+01
    1. 2. 2. 2.23606801e+00 1. 3.16227770e+00 2. 1. 0. 0. 0.
    1.41421354e+00 1. 2.23606801e+00 1.41421354e+00 1.41421354e+00 0. 2.
    1. 1. 1.41421354e+00 1. 1.41421354e+00 1.41421354e+00 1.41421354e+00
    1. 1.41421354e+00 2.23606801e+00 4.47213602e+00 5. 3.16227770e+00 0.
    4.47213602e+00 4.24264050e+00 1.41421354e+00 2.23606801e+00
    2.23606801e+00 2.23606801e+00 1. 2.23606801e+00 2.23606801e+00 2.
    2.23606801e+00 2.23606801e+00 1.41421354e+00 0. 0. 1.41421354e+00
    2.23606801e+00 1. 0. 1. 1.41421354e+00 1. 0. 1.41421354e+00
    3.16227770e+00 3.60555124e+00 1. 4.12310553e+00 2. 1. 1.
    1.41421354e+00 2.23606801e+00 1. 1. 1.41421354e+00 1.41421354e+00 1.
    1.41421354e+00 0. 0. 1. 0. 1. 1. 1.41421354e+00 2.23606801e+00
    1.41421354e+00 3. 3. 1.41421354e+00 2.23606801e+00 3.16227770e+00
    1.41421354e+00 1.41421354e+00 2.82842708e+00 3.60555124e+00 1.
    2.82842708e+00 1.41421354e+00 1. 1.41421354e+00 2.23606801e+00
    2.23606801e+00 1. 1.41421354e+00 1. 1. 2. 2.23606801e+00
    2.82842708e+00 2.23606801e+00 2.23606801e+00 1. 2.23606801e+00
    3.16227770e+00 2.23606801e+00 1. 2.82842708e+00 1.41421354e+00 1. 1.
    1. 2.23606801e+00 1.41421354e+00 1.41421354e+00 1.41421354e+00
    2.23606801e+00 2.23606801e+00 1.41421354e+00 2.23606801e+00
    3.30151482e+01 9.50052643e+01 9.40053177e+01 31. 0. 0. 1. 1.
    1.41421354e+00 1. 0. 0. 0. 1. 1.41421354e+00 0. 1.41421354e+00 1. 1.
    2. 1.41421354e+00 2.23606801e+00 2. 1. 1. 1. 1. 1. 1.41421354e+00
    2.23606801e+00 2.23606801e+00 1. 2. 1. 1. 1. 1.41421354e+00 1. 1. 1.
    1. 1. 1. 0. 1. 0. 1.41421354e+00 1.41421354e+00 2. 1. 1.41421354e+00
    1.41421354e+00 1. 1.41421354e+00 0. 1.41421354e+00 2.23606801e+00
    1.41421354e+00 1.41421354e+00 1. 0. 1. 1.41421354e+00 2.
    2.23606801e+00 1.41421354e+00 2. 1. 1.41421354e+00 1. 0. 1. 0. 2.
    1.41421354e+00 1. 2. 2.23606801e+00 2. 1. 2. 1. 1. 0. 1. 1. 2.
    1.41421354e+00 1. 2. 1.41421354e+00 1. 1.41421354e+00 1. 1.
    3.16227770e+00 1. 3. 1.41421354e+00 1.41421354e+00 1.41421354e+00 1.
    1. 1. 2. 2. 2.23606801e+00 1. 1. 1. 1. 1. 1. 1. 1. 2.23606801e+00
    2.23606801e+00 1. 3.16227770e+00 2.82842708e+00 2. 1. 0. 0. 0.
    1.41421354e+00 1.41421354e+00 4. 2.23606801e+00 2.90172367e+01
    9.40053177e+01 96. 32. 1.41421354e+00 2. 2.23606801e+00
    1.41421354e+00 2. 2.23606801e+00 2.23606801e+00 0. 0. 0.
    1.41421354e+00 1.41421354e+00 2.23606801e+00 1.41421354e+00
    2.82842708e+00 1. 2. 1. 0. 2.23606801e+00 2.23606801e+00
    2.23606801e+00 3.16227770e+00 1. 1.41421354e+00 1. 2.23606801e+00
    3.16227770e+00 1. 2.23606801e+00 3.60555124e+00 3.16227770e+00 0.
    4.12310553e+00 3.16227770e+00 1.41421354e+00 1.41421354e+00
    1.41421354e+00 2.82842708e+00 1.41421354e+00 3.16227770e+00 1. 1. 2.
    1.41421354e+00 1. 1. 1.41421354e+00 1.41421354e+00 2.23606801e+00
    1.41421354e+00 0. 1. 3. 4. 2.23606801e+00 0. 3. 2.23606801e+00
    1.41421354e+00 2.82842708e+00 2.82842708e+00 2.23606801e+00
    2.23606801e+00 2.23606801e+00 1. 0. 1. 1. 2.23606801e+00 1. 1.
    1.41421354e+00 1.41421354e+00 1.41421354e+00 1. 0. 2.23606801e+00 3.
    2.23606801e+00 2. 4.47213602e+00 4.12310553e+00 4. 1.41421354e+00 2.
    1. 1.41421354e+00 2.23606801e+00 2.82842708e+00 1. 0. 1.
    1.41421354e+00 1.41421354e+00 2.23606801e+00 2.23606801e+00 1.
    1.41421354e+00 1. 1.41421354e+00 4. 2. 1.41421354e+00 2.23606801e+00
    1.41421354e+00 1.41421354e+00 2.23606801e+00 2.23606801e+00 2. 0. 1.
    1.41421354e+00 2.23606801e+00 2. 1. 1.41421354e+00 2.23606801e+00 1.
    0. 1.41421354e+00 1.41421354e+00 1.41421354e+00 3.20156212e+01
    9.50052643e+01 94. 31. 0. 0. 1.41421354e+00 1. 2.23606801e+00 1. 1.
    0. 0. 1. 1. 1.41421354e+00 1.41421354e+00 1. 1.41421354e+00
    2.23606801e+00 1. 2.23606801e+00 3. 1. 1. 0. 0. 0. 1. 1. 1. 0.
    1.41421354e+00 1. 1. 2. 2. 0. 1. 2.23606801e+00 0. 2. 1.41421354e+00
    1.41421354e+00 1. 1. 1. 2. 0. 2.23606801e+00 1.41421354e+00 0. 0.
    1.41421354e+00 1.41421354e+00 0. 2.23606801e+00 2.23606801e+00 1. 0.
    0. 1.41421354e+00 2.23606801e+00 0. 2.23606801e+00 1.41421354e+00 1.
    0. 1. 0. 0. 1. 1. 1. 1. 2. 2. 1. 0. 1. 1. 1. 1. 1. 1. 0. 1. 1. 1. 1.
    1.41421354e+00 0. 1. 1. 1.41421354e+00 1.41421354e+00 2.23606801e+00
    2. 1. 2.23606801e+00 1.41421354e+00 0. 1. 1. 1. 2.23606801e+00 2. 2.
    1. 1. 1. 1. 1.41421354e+00 1. 2. 2. 1.41421354e+00 2.23606801e+00
    2.23606801e+00 1.41421354e+00 1. 1. 0. 0. 1.41421354e+00
    1.41421354e+00 2.23606801e+00 4. 1.41421354e+00 2.90172367e+01 94.
    9.60052109e+01 3.10161247e+01 1.41421354e+00 1. 2.23606801e+00
    2.23606801e+00 1. 1. 1.41421354e+00 1. 1. 1.41421354e+00
    1.41421354e+00 1. 1.41421354e+00 1.41421354e+00 1.41421354e+00 1.
    2.23606801e+00 1. 1. 2. 1.41421354e+00 2. 2. 1. 1. 1.41421354e+00 1.
    3.16227770e+00 4. 3. 2.23606801e+00 2. 1. 2.23606801e+00
    1.41421354e+00 1.41421354e+00 1. 1.41421354e+00 1.41421354e+00
    1.41421354e+00 1.41421354e+00 2.23606801e+00 2.23606801e+00
    2.23606801e+00 1. 0. 0. 1.41421354e+00 2.23606801e+00 1. 2. 2.
    2.23606801e+00 2.82842708e+00 2.23606801e+00 3.60555124e+00 1. 2.
    2.82842708e+00 2.23606801e+00 1. 1. 1.41421354e+00 2.23606801e+00
    2.23606801e+00 1.41421354e+00 1. 0. 2.23606801e+00 1. 1. 2.
    1.41421354e+00 1. 1.41421354e+00 1. 2.23606801e+00 2.82842708e+00
    1.41421354e+00 4.12310553e+00 2. 1.41421354e+00 2.23606801e+00
    1.41421354e+00 1. 1. 1. 1. 1.41421354e+00 1. 1. 1. 3.16227770e+00 2.
    1.41421354e+00 1.41421354e+00 1.41421354e+00 1. 1. 2. 0.
    3.60555124e+00 3.60555124e+00 1. 3.16227770e+00 2.82842708e+00 2. 1.
    1. 1.41421354e+00 1. 0. 1. 1. 1.41421354e+00 1. 2.23606801e+00
    2.23606801e+00 2.23606801e+00 2.23606801e+00 1. 1. 1. 3.10644493e+01
    9.60208282e+01 95. 31. 0. 1. 1. 2. 1.41421354e+00 1. 1.41421354e+00
    1.41421354e+00 1. 1.41421354e+00 0. 1.41421354e+00 1. 1.41421354e+00
    2.23606801e+00 1. 1.41421354e+00 2.23606801e+00 2. 1. 1. 0. 0. 1. 1.
    0. 1. 1.41421354e+00 1. 1. 1.41421354e+00 1. 1.41421354e+00 1. 2. 1.
    1.41421354e+00 0. 0. 0. 1.41421354e+00 1. 1.41421354e+00
    1.41421354e+00 3.16227770e+00 1.41421354e+00 0. 0. 1. 0.
    1.41421354e+00 2. 0. 2.23606801e+00 1. 0. 1. 1. 2.23606801e+00 2.
    1.41421354e+00 0. 1. 1.41421354e+00 1.41421354e+00 1.41421354e+00 0.
    0. 1. 1. 1. 1. 1. 0. 0. 0. 0. 2. 1. 0. 1. 2. 1. 1. 0. 1.
    2.23606801e+00 1. 1.41421354e+00 0. 0. 0. 1. 1. 1.41421354e+00
    1.41421354e+00 1.41421354e+00 1.41421354e+00 0. 0. 1. 1. 1. 1. 1. 1.
    0. 1.41421354e+00 1.41421354e+00 1.41421354e+00 2. 1.41421354e+00 2.
    1. 1. 2. 1. 1.41421354e+00 1. 1.41421354e+00 1. 1.41421354e+00
    2.82842708e+00 2.23606801e+00 2. 3.05941162e+01 9.51892853e+01
    9.52575455e+01 3.20624390e+01 2.23606801e+00 1.41421354e+00
    1.41421354e+00 2.82842708e+00 2.23606801e+00 1. 1.41421354e+00
    2.23606801e+00 2.23606801e+00 2. 1. 1. 1. 1. 1.41421354e+00 1. 1.
    2.23606801e+00 1. 2.23606801e+00 1.41421354e+00 0. 1.41421354e+00
    2.23606801e+00 2.23606801e+00 0. 2.23606801e+00 3.16227770e+00 2. 2.
    2. 2. 1. 2. 1. 1. 1.41421354e+00 2.23606801e+00 2. 1. 0. 0.
    2.23606801e+00 2.23606801e+00 1.41421354e+00 1. 1.41421354e+00 1.
    2.23606801e+00 4. 2. 1.41421354e+00 2.23606801e+00 1.41421354e+00 3.
    1.41421354e+00 2. 1.41421354e+00 2. 3.16227770e+00 1. 1.
    1.41421354e+00 2.23606801e+00 1. 2. 1.41421354e+00 2.23606801e+00 1.
    2.23606801e+00 2. 0. 1. 1. 0. 1. 2.82842708e+00 1.41421354e+00
    1.41421354e+00 3. 2.82842708e+00 2. 1.41421354e+00 2.82842708e+00 2.
    2.23606801e+00 2. 1. 1. 0. 1. 2.82842708e+00 2. 3.16227770e+00 1.
    1.41421354e+00 1.41421354e+00 1. 1. 2. 1.41421354e+00 2.82842708e+00
    3.60555124e+00 2. 3.60555124e+00 2.82842708e+00 1. 1. 1.41421354e+00
    1.41421354e+00 2.23606801e+00 2.23606801e+00 2. 1. 1. 2. 1.
    2.23606801e+00 0. 1.41421354e+00 1. 1.41421354e+00 1.41421354e+00
    3.10161247e+01 9.73293381e+01 9.73242035e+01 3.17804966e+01 0. 1.
    1.41421354e+00 0. 1. 1. 1. 1. 1. 1. 1. 1. 1.41421354e+00
    2.23606801e+00 0. 1.41421354e+00 1. 1. 1. 1. 1. 1. 1.41421354e+00
    2.23606801e+00 2.23606801e+00 1.41421354e+00 0. 1. 1. 1. 1.
    2.82842708e+00 1. 3. 2.23606801e+00 2.23606801e+00 0. 1.
    1.41421354e+00 1. 1. 1. 1. 2.23606801e+00 1. 1. 0. 1. 0. 1. 1.
    1.41421354e+00 2. 1.41421354e+00 1.41421354e+00 0. 1. 1. 1. 1. 1. 0.
    0. 1.41421354e+00 1.41421354e+00 1. 1. 0. 1.41421354e+00 1.
    2.23606801e+00 1. 2. 1.41421354e+00 0. 0. 1. 1. 1. 1. 1. 0.
    2.23606801e+00 3. 2.82842708e+00 1. 1.41421354e+00 2.23606801e+00 1.
    0. 2.23606801e+00 2. 2. 1. 2.23606801e+00 1.41421354e+00
    1.41421354e+00 1. 0. 1. 0. 1. 2. 1. 1. 1. 2.23606801e+00 1.
    1.41421354e+00 1. 0. 1. 1.41421354e+00 2. 1. 1. 1.41421354e+00
    1.41421354e+00 2. 0. 2.23606801e+00 2.23606801e+00 2.23606801e+00 0.
    6.08276272e+00 4.83838806e+01 9.96242905e+01 8.04114456e+01
    2.20227146e+01 2. 4.24264050e+00 2.23606801e+00 1. 2.23606801e+00
    2.23606801e+00 2.23606801e+00 2.23606801e+00 1. 0. 1.41421354e+00
    2.82842708e+00 1.41421354e+00 1. 3. 2. 2.23606801e+00 0. 2.
    1.41421354e+00 1. 1. 1.41421354e+00 1.41421354e+00 1. 2.23606801e+00
    2.23606801e+00 0. 1.41421354e+00 1. 1.41421354e+00 1. 2.23606801e+00
    2.82842708e+00 1. 1. 2. 2.23606801e+00 2.23606801e+00 1. 1. 1.
    3.60555124e+00 2. 2.23606801e+00 1. 1.41421354e+00 1. 1. 1. 3.
    1.41421354e+00 2.82842708e+00 2. 2.23606801e+00 2. 1.41421354e+00 1.
    2.23606801e+00 0. 2. 1.41421354e+00 2.23606801e+00 2.23606801e+00
    2.82842708e+00 1.41421354e+00 2.23606801e+00 2. 3.16227770e+00
    2.23606801e+00 1.41421354e+00 1. 1. 1.41421354e+00 0. 2.23606801e+00
    1. 2.23606801e+00 3.60555124e+00 1.41421354e+00 1. 1. 2.23606801e+00
    2. 1.41421354e+00 1. 2.23606801e+00 1. 1.41421354e+00 1. 2.
    2.23606801e+00 1. 1.41421354e+00 1. 1. 1.41421354e+00 0.
    1.41421354e+00 3. 2. 2.23606801e+00 3. 2. 3.60555124e+00 1.
    2.23606801e+00 2.23606801e+00 1.41421354e+00 2. 3. 3. 2.23606801e+00
    2.23606801e+00 1.41421354e+00 1.41421354e+00 1.41421354e+00 1.
    2.82842708e+00 2.23606801e+00 1. 0. 2.23606801e+00 2.40831890e+01
    8.04114456e+01 1.01192886e+02 4.93355865e+01 7. 0. 2. 1. 1. 1.
    1.41421354e+00 1.41421354e+00 1. 1. 1. 2. 1. 2.82842708e+00
    2.23606801e+00 1. 1. 1. 1. 1.41421354e+00 1.41421354e+00 0.
    1.41421354e+00 1.41421354e+00 1.41421354e+00 2.23606801e+00
    1.41421354e+00 0. 1. 1.41421354e+00 1.41421354e+00 1.41421354e+00
    2.23606801e+00 2.23606801e+00 2.23606801e+00 1. 1. 1. 1.41421354e+00
    1. 0. 1. 1. 1. 1. 1. 0. 1. 2. 1. 0. 1. 1. 2.23606801e+00 0. 1. 0. 1.
    0. 1. 0. 1. 0. 0. 1. 1. 0. 1. 1. 1. 1. 1. 0. 2.23606801e+00 1. 0. 0.
    2. 2. 0. 0. 2.23606801e+00 3.60555124e+00 2.23606801e+00
    3.16227770e+00 3.16227770e+00 1. 1. 1. 3.60555124e+00 3.60555124e+00
    2.23606801e+00 3. 1.41421354e+00 1.41421354e+00 2.23606801e+00 2. 0.
    1.41421354e+00 1. 1. 1.41421354e+00 2.23606801e+00 1.41421354e+00
    1.41421354e+00 1.41421354e+00 1.41421354e+00 3.16227770e+00
    2.23606801e+00 0. 1. 0. 1. 1.41421354e+00 2. 2.23606801e+00 1. 0. 0.
    1.41421354e+00 1.41421354e+00 1. 1. 1. 15. 61. 94. 6.40312424e+01
    1.50332966e+01 1.41421354e+00 2.82842708e+00 3.60555124e+00 1. 0. 0.
    0. 1. 2. 3.16227770e+00 3.60555124e+00 1.41421354e+00 1. 1. 1.
    1.41421354e+00 1. 2.23606801e+00 2.82842708e+00 2.23606801e+00 1. 1.
    1. 0. 1.41421354e+00 0. 1. 2.23606801e+00 1.41421354e+00 1. 0. 2.
    2.82842708e+00 1.41421354e+00 2. 2.23606801e+00 2.23606801e+00
    1.41421354e+00 2.23606801e+00 1.41421354e+00 1. 2.82842708e+00 3. 1.
    2.23606801e+00 1. 1.41421354e+00 2.23606801e+00 2.23606801e+00 1.
    2.23606801e+00 1.41421354e+00 2.23606801e+00 2.23606801e+00 1. 0. 1.
    1. 1. 2. 1.41421354e+00 2.23606801e+00 2.23606801e+00 1.41421354e+00
    3. 2. 0. 1. 3.16227770e+00 3.16227770e+00 1.41421354e+00 1. 1.
    1.41421354e+00 1.41421354e+00 1. 3.60555124e+00 3.60555124e+00 2. 1.
    0. 1. 0. 2.23606801e+00 4. 3.16227770e+00 1. 1. 1. 1.41421354e+00 1.
    2.23606801e+00 3. 3. 1.41421354e+00 0. 1.41421354e+00 1.
    2.23606801e+00 1. 2. 3.60555124e+00 1. 2.23606801e+00 1.
    2.23606801e+00 1.41421354e+00 1. 2.23606801e+00 1. 0. 1.
    4.47213602e+00 3.16227770e+00 1.41421354e+00 2.23606801e+00
    2.23606801e+00 3. 2.23606801e+00 2. 1. 2.23606801e+00 1.41421354e+00
    1.51327457e+01 6.30079346e+01 96. 6.30079346e+01 15. 1. 0. 1. 0. 0.
    0. 1. 2. 2.23606801e+00 1. 2.23606801e+00 2.23606801e+00 1.
    3.16227770e+00 2. 1. 2.23606801e+00 0. 1.41421354e+00 1. 1.
    2.23606801e+00 1.41421354e+00 2.23606801e+00 1.41421354e+00 1. 2. 1.
    1.41421354e+00 2.23606801e+00 1. 1. 2. 1. 2. 1. 1. 0. 1. 1. 0. 1. 0.
    1.41421354e+00 0. 2. 1.41421354e+00 1. 1. 1.41421354e+00 1. 1. 0.
    1.41421354e+00 1. 1. 0. 0. 0. 1. 0. 0. 0. 1. 0. 1. 0. 2. 2. 1. 0. 3.
    2.23606801e+00 1.41421354e+00 1. 1. 1. 1. 1. 1. 2.23606801e+00 2.
    2.23606801e+00 3.16227770e+00 2. 1. 1.41421354e+00 3.16227770e+00
    3.16227770e+00 1. 3.16227770e+00 2. 1.41421354e+00 1.41421354e+00 1.
    1. 2. 1. 0. 1. 1. 0. 1.41421354e+00 1. 2. 2.23606801e+00 1. 2.
    1.41421354e+00 0. 0. 0. 1. 2. 1.41421354e+00 1.41421354e+00
    1.41421354e+00 1. 1. 1. 1. 1. 1.41421354e+00 7. 4.87031822e+01
    9.80306091e+01 7.96241150e+01 2.30217285e+01 1. 2.23606801e+00
    4.47213602e+00 2.23606801e+00 1. 1.41421354e+00 2. 1. 1.41421354e+00
    1.41421354e+00 1. 3.60555124e+00 4. 2.82842708e+00 1.41421354e+00
    1.41421354e+00 1. 2.82842708e+00 3.60555124e+00 1.41421354e+00 3. 0.
    0. 2. 2. 2.23606801e+00 1. 1. 0. 1. 1. 2. 1.41421354e+00 2.
    2.82842708e+00 2.23606801e+00 2.23606801e+00 2. 2.23606801e+00 2.
    2.23606801e+00 2. 3. 5.09901953e+00 3.16227770e+00 1. 1.41421354e+00
    1. 2. 3. 2.23606801e+00 4.12310553e+00 1.41421354e+00 2.23606801e+00
    1.41421354e+00 1.41421354e+00 1.41421354e+00 0. 1. 1. 1.41421354e+00
    2.23606801e+00 1. 1. 1.41421354e+00 3.16227770e+00 3. 3.16227770e+00
    3.16227770e+00 1. 1. 0. 1. 1. 1. 3.16227770e+00 2.23606801e+00 0.
    2.23606801e+00 1.41421354e+00 0. 1. 2.23606801e+00 2.23606801e+00 0.
    2. 1.41421354e+00 0. 0. 0. 1. 2. 1.41421354e+00 1. 2. 1.41421354e+00
    1. 1. 0. 1.41421354e+00 1. 1. 1. 1.41421354e+00 2. 2. 1. 0.
    1.41421354e+00 2.23606801e+00 1. 2. 3.16227770e+00 1. 1.
    3.16227770e+00 3.16227770e+00 1. 3. 0. 1. 1.41421354e+00
    2.82842708e+00 2.22036037e+01 8.23771820e+01 1.01192886e+02
    4.93355865e+01 8. 0. 1. 1. 0. 0. 0. 1. 1.41421354e+00 1.41421354e+00
    2.23606801e+00 2.23606801e+00 3.16227770e+00 1.41421354e+00
    1.41421354e+00 3.16227770e+00 2.23606801e+00 1.41421354e+00 1.
    1.41421354e+00 1.41421354e+00 1. 1.41421354e+00 2. 3.16227770e+00 1.
    1. 0. 1.41421354e+00 0. 2. 1. 1. 0. 2. 1.41421354e+00 1. 1. 1. 1. 0.
    1. 1. 1.41421354e+00 0. 1.41421354e+00 1. 1. 1.41421354e+00
    2.82842708e+00 1.41421354e+00 1.41421354e+00 1.41421354e+00 1. 1. 1.
    1.41421354e+00 1.41421354e+00 0. 0. 0. 0. 0. 1.41421354e+00 1. 2. 0.
    2. 1.41421354e+00 1.41421354e+00 1.41421354e+00 1. 2. 2. 0. 1.
    1.41421354e+00 2. 2. 1. 1.41421354e+00 1. 0. 2. 1. 2.23606801e+00 1.
    1.41421354e+00 1.41421354e+00 2.23606801e+00 3. 2.23606801e+00
    1.41421354e+00 0. 1.41421354e+00 1. 1.41421354e+00 0. 1.41421354e+00
    1.41421354e+00 0. 1. 2. 1.41421354e+00 2.23606801e+00 1.
    2.23606801e+00 2. 1.41421354e+00 0. 0. 0. 0. 1. 0. 2. 1. 1. 1.
    1.41421354e+00 1.41421354e+00 1. 1. 1.41421354e+00 1. 3.10483494e+01
    9.53519821e+01 9.42602768e+01 3.10161247e+01 2.23606801e+00 1.
    3.16227770e+00 3.60555124e+00 0. 2.23606801e+00 0. 1.41421354e+00 0.
    1. 2.23606801e+00 3.16227770e+00 1.41421354e+00 4. 1.41421354e+00 1.
    2.23606801e+00 3.16227770e+00 1. 2.23606801e+00 2. 1. 2.23606801e+00
    2.82842708e+00 1.41421354e+00 1.41421354e+00 1.41421354e+00 0. 0. 1.
    1. 2.82842708e+00 1. 2.23606801e+00 3.16227770e+00 1.41421354e+00 1.
    3.60555124e+00 3.60555124e+00 0. 2.23606801e+00 3. 3.60555124e+00 2.
    2.23606801e+00 1.41421354e+00 0. 3. 3.16227770e+00 2. 2.23606801e+00
    4. 2.23606801e+00 1. 1.41421354e+00 0. 1. 1. 1.41421354e+00 2.
    1.41421354e+00 0. 1. 1. 1.41421354e+00 2. 2. 2. 1. 1. 0.
    1.41421354e+00 1. 1. 1.41421354e+00 1.41421354e+00 1.41421354e+00
    2.82842708e+00 3.16227770e+00 1.41421354e+00 2.23606801e+00
    1.41421354e+00 0. 2.23606801e+00 3.16227770e+00 2. 2. 1.
    1.41421354e+00 1.41421354e+00 1. 0. 1. 1.41421354e+00 2.23606801e+00
    1.41421354e+00 1. 2.23606801e+00 3.60555124e+00 1.41421354e+00
    2.23606801e+00 2.23606801e+00 1. 0. 1. 1. 2.23606801e+00
    2.23606801e+00 1. 1. 2.23606801e+00 1. 4.47213602e+00 2.23606801e+00
    0. 3.16227770e+00 3.16227770e+00 1.41421354e+00 2. 1. 1. 2.
    3.16227770e+00 32. 9.83259888e+01 9.73242035e+01 3.22800255e+01 0.
    1. 1. 1. 1. 0. 0. 1. 1. 1. 3. 2.23606801e+00 2.23606801e+00
    3.16227770e+00 1.41421354e+00 2.23606801e+00 2.23606801e+00 1. 0. 1.
    1. 1. 1. 1.41421354e+00 0. 1. 1. 1. 1. 1. 2. 1.41421354e+00 0. 1.
    1.41421354e+00 1. 0. 0. 1. 1. 1.41421354e+00 2.23606801e+00 1.
    1.41421354e+00 1.41421354e+00 0. 1. 1. 2.23606801e+00 1. 0. 1. 1. 1.
    0. 1.41421354e+00 1.41421354e+00 1.41421354e+00 1. 0. 0. 1.
    1.41421354e+00 1.41421354e+00 1. 1.41421354e+00 2. 1.41421354e+00
    1.41421354e+00 1. 0. 1. 0. 1.41421354e+00 1.41421354e+00
    1.41421354e+00 1.41421354e+00 0. 0. 0. 2. 3. 1. 1. 1. 1.41421354e+00
    2.23606801e+00 1. 0. 1.41421354e+00 1. 1. 1. 1. 1. 1. 1. 0. 0.
    1.41421354e+00 0. 1.41421354e+00 1. 1. 1. 1. 1. 0. 0. 0. 0. 0. 0. 0.
    1. 1. 1.41421354e+00 1.41421354e+00 2.23606801e+00 1. 2.23606801e+00
    0. 1.41421354e+00 0. 2. 3.10161247e+01 94. 95. 3.20156212e+01
    2.23606801e+00 2.23606801e+00 1.41421354e+00 3.16227770e+00
    2.23606801e+00 1. 2. 2. 1.41421354e+00 1. 1.41421354e+00
    2.82842708e+00 2.23606801e+00 4.12310553e+00 1.41421354e+00
    1.41421354e+00 1.41421354e+00 2.23606801e+00 3. 3.16227770e+00
    1.41421354e+00 2.82842708e+00 4.24264050e+00 4.12310553e+00
    1.41421354e+00 1.41421354e+00 2.23606801e+00 1.41421354e+00 1. 0.
    2.23606801e+00 2.23606801e+00 2.82842708e+00 4.12310553e+00 2. 1. 1.
    1.41421354e+00 4.24264050e+00 3.60555124e+00 1. 2. 1.41421354e+00
    1.41421354e+00 1. 1.41421354e+00 3.16227770e+00 2.23606801e+00
    3.16227770e+00 2. 2.23606801e+00 1.41421354e+00 1.41421354e+00 1.
    2.23606801e+00 2.23606801e+00 1.41421354e+00 2. 2. 1. 1. 1. 0. 1.
    2.23606801e+00 1. 1. 1.41421354e+00 2.23606801e+00 0. 1.
    1.41421354e+00 1.41421354e+00 0. 2.23606801e+00 1. 2.82842708e+00
    2.82842708e+00 0. 3.16227770e+00 2.23606801e+00 1. 2. 1.41421354e+00
    1. 1. 0. 1. 1. 0. 1. 1. 0. 1. 2. 1.41421354e+00 1.41421354e+00 1.
    3.60555124e+00 4.12310553e+00 1.41421354e+00 3.16227770e+00 0. 0. 1.
    1. 1.41421354e+00 2.23606801e+00 1. 1.41421354e+00 3. 2.23606801e+00
    2.23606801e+00 3.60555124e+00 1. 2.23606801e+00 3.60555124e+00 1.
    2.23606801e+00 2.23606801e+00 1. 1.41421354e+00 2. 3.10644493e+01
    9.70051575e+01 97. 31. 1. 0. 2. 1. 1. 0. 0. 1.41421354e+00 1. 1. 3.
    2.23606801e+00 1.41421354e+00 3.16227770e+00 2.23606801e+00 0. 1. 1.
    1.41421354e+00 1. 1. 1.41421354e+00 1. 1.41421354e+00 2.
    1.41421354e+00 2.23606801e+00 1.41421354e+00 1. 2. 1. 1.41421354e+00
    1.41421354e+00 1.41421354e+00 1.41421354e+00 0. 0. 1.41421354e+00
    1.41421354e+00 2.23606801e+00 3. 1. 1.41421354e+00 1. 1. 1. 0. 1. 0.
    1.41421354e+00 1. 1.41421354e+00 1. 1. 0. 0. 1. 0. 1. 0. 1.
    1.41421354e+00 1. 0. 0. 0. 0. 1. 1.41421354e+00 1. 1.41421354e+00 1.
    1. 1.41421354e+00 0. 1. 1. 1.41421354e+00 1. 3. 2.23606801e+00
    2.23606801e+00 1. 2.23606801e+00 1. 1.41421354e+00 1. 1. 2. 0. 1.
    1.41421354e+00 1.41421354e+00 2. 1. 2. 1. 1. 0. 1.41421354e+00 0. 1.
    0. 0. 0. 1. 1. 0. 1. 1. 0. 1. 1. 0. 0. 0. 2. 2.23606801e+00 1.
    1.41421354e+00 2. 1.41421354e+00 1.41421354e+00 2.23606801e+00 1.
    32. 95. 95. 33. 0. 2.23606801e+00 2. 1. 2.23606801e+00
    2.23606801e+00 2.23606801e+00 0. 1.41421354e+00 2. 2.23606801e+00
    2.23606801e+00 2. 1.41421354e+00 4.12310553e+00 1.41421354e+00 1.
    3.16227770e+00 2. 1. 1.41421354e+00 3.60555124e+00 3.16227770e+00 0.
    2.23606801e+00 0. 1.41421354e+00 1. 1. 1. 1. 3.60555124e+00 0.
    4.47213602e+00 2.23606801e+00 2. 2.82842708e+00 1.41421354e+00 2.
    3.16227770e+00 2.82842708e+00 2.23606801e+00 2.23606801e+00
    2.23606801e+00 2. 1.41421354e+00 2.23606801e+00 5. 2. 3.16227770e+00
    0. 1. 3. 2. 3.16227770e+00 2.23606801e+00 2.82842708e+00 0.
    2.23606801e+00 1. 1. 0. 1. 1. 2. 1.41421354e+00 1. 2.23606801e+00 1.
    1.41421354e+00 1. 1. 2.23606801e+00 2.23606801e+00 1. 3.
    3.16227770e+00 1. 2.82842708e+00 2.82842708e+00 1. 0. 1. 0. 1.
    4.12310553e+00 5. 2.23606801e+00 1.41421354e+00 1.41421354e+00
    1.41421354e+00 2.23606801e+00 1.41421354e+00 1. 1. 1. 1.41421354e+00
    2.23606801e+00 1.41421354e+00 2.23606801e+00 3.16227770e+00
    2.23606801e+00 1. 1. 1. 2.23606801e+00 1.41421354e+00 2.
    3.16227770e+00 2.82842708e+00 1.41421354e+00 3.16227770e+00 0.
    3.16227770e+00 3. 1. 3.60555124e+00 2.23606801e+00 2.23606801e+00
    3.16227770e+00 2.23606801e+00 2.23606801e+00 2. 3.30151482e+01 96.
    9.50052643e+01 3.00665932e+01 1. 1.41421354e+00 1. 2. 1. 1. 1. 1. 1.
    1. 2.23606801e+00 2.23606801e+00 2. 1.41421354e+00 2.23606801e+00
    1.41421354e+00 1.41421354e+00 2.82842708e+00 1. 1. 2. 1.
    2.82842708e+00 1.41421354e+00 1. 1.41421354e+00 1. 2. 0. 1. 1. 1. 1.
    1. 0. 1. 1. 1.41421354e+00 0. 1. 1.41421354e+00 2. 1.41421354e+00 1.
    2. 0. 1. 0. 1. 1. 2. 0. 1.41421354e+00 1. 1. 1. 1.41421354e+00 1. 1.
    1. 1.41421354e+00 1.41421354e+00 1. 1. 1. 1.41421354e+00 1. 1. 1. 0.
    1. 0. 2. 1. 1. 0. 1. 0. 2. 1. 2. 1. 2. 1.41421354e+00 1. 1. 1. 1. 0.
    1. 1. 1. 1.41421354e+00 1.41421354e+00 0. 2.23606801e+00 1. 1. 1.
    1.41421354e+00 1. 1. 0. 1. 0. 0. 1. 2. 1. 2. 2.23606801e+00 1.
    1.41421354e+00 1.41421354e+00 0. 1. 1.41421354e+00 1. 2.23606801e+00
    2. 0. 2.23606801e+00 1.41421354e+00 1. 1.41421354e+00 31. 94. 95.
    3.20156212e+01 1.41421354e+00 1.41421354e+00 1.41421354e+00
    1.41421354e+00 2. 1. 2. 3. 1.41421354e+00 1. 2.23606801e+00 2.
    1.41421354e+00 2.23606801e+00 2.23606801e+00 3.16227770e+00
    1.41421354e+00 1.41421354e+00 2. 1. 3. 2. 1. 3.16227770e+00
    3.16227770e+00 3.16227770e+00 2.23606801e+00 2.23606801e+00 1. 0. 0.
    2.23606801e+00 2.82842708e+00 2. 2.23606801e+00 1. 1. 1.41421354e+00
    2.23606801e+00 1. 0. 3. 3. 2.23606801e+00 1. 2. 1. 1.41421354e+00
    3.16227770e+00 1. 2. 3.16227770e+00 1.41421354e+00 3.60555124e+00 3.
    1. 3.16227770e+00 2. 1.41421354e+00 1. 1. 2.23606801e+00 0. 2. 1.
    1.41421354e+00 1. 1. 1. 2.23606801e+00 2.23606801e+00 1. 1.
    2.23606801e+00 2.82842708e+00 2. 3.16227770e+00 1.41421354e+00
    3.16227770e+00 1.41421354e+00 0. 1.41421354e+00 3.60555124e+00 3.
    4.12310553e+00 4.24264050e+00 3.60555124e+00 3.60555124e+00
    2.23606801e+00 2. 1.41421354e+00 2. 2.82842708e+00 1. 1.41421354e+00
    1. 1.41421354e+00 1.41421354e+00 1.41421354e+00 1. 2. 1. 1. 2.
    2.23606801e+00 1.41421354e+00 3.16227770e+00 1.41421354e+00
    3.16227770e+00 1.41421354e+00 2.23606801e+00 2. 0. 3. 2.23606801e+00
    1. 2.23606801e+00 4.12310553e+00 2. 1.41421354e+00 1.41421354e+00 1.
    1. 3.31360817e+01 9.70824356e+01 9.50210495e+01 31. 1.41421354e+00
    2. 1.41421354e+00 1. 1. 1.41421354e+00 1. 1. 1.41421354e+00
    1.41421354e+00 1. 1.41421354e+00 2. 2. 1. 1. 2.23606801e+00 1.
    1.41421354e+00 1. 1. 1.41421354e+00 1.41421354e+00 0. 0. 1. 1.
    2.23606801e+00 1. 1. 1. 0. 0. 0. 1. 0. 0. 1.41421354e+00 1.
    2.23606801e+00 1.41421354e+00 0. 0. 2. 1. 1. 0. 1. 1.41421354e+00 1.
    1. 2. 1. 1.41421354e+00 1. 1. 1.41421354e+00 1.41421354e+00 0.
    1.41421354e+00 1.41421354e+00 1.41421354e+00 2. 1.41421354e+00 0.
    1.41421354e+00 0. 1. 0. 1. 1.41421354e+00 1. 0. 0. 1.41421354e+00
    1.41421354e+00 0. 0. 1. 3. 1. 1. 0. 1. 0. 1. 1. 0. 1. 1. 0. 1. 1. 1.
    0. 1. 1.41421354e+00 0. 1.41421354e+00 1.41421354e+00 1.41421354e+00
    1. 1. 1. 1. 1. 1.41421354e+00 1.41421354e+00 3. 1.41421354e+00
    2.82842708e+00 2.23606801e+00 1. 1. 1. 1. 0. 2.23606801e+00
    2.23606801e+00 2.23606801e+00 2. 0. 1.41421354e+00 2. 1.41421354e+00
    3.10161247e+01 95. 94. 32. 2.82842708e+00 1.41421354e+00
    2.23606801e+00 2.23606801e+00 1. 3.16227770e+00 2.82842708e+00
    3.16227770e+00 2.82842708e+00 2. 3.16227770e+00 0. 1. 2.
    1.41421354e+00 2. 2.23606801e+00 1. 2.23606801e+00 0. 2.
    1.41421354e+00 1. 2.82842708e+00 2.82842708e+00 2.23606801e+00
    2.23606801e+00 0. 1. 1. 0. 1. 2.23606801e+00 1.41421354e+00 2. 1. 0.
    1.41421354e+00 2.23606801e+00 2.23606801e+00 1.41421354e+00
    2.23606801e+00 2. 1. 2.23606801e+00 2.82842708e+00 1.41421354e+00
    2.23606801e+00 1. 2.23606801e+00 2.82842708e+00 2.82842708e+00
    3.16227770e+00 3.16227770e+00 1.41421354e+00 1. 3.16227770e+00 2. 1.
    2. 1. 2.23606801e+00 2.23606801e+00 0. 1.41421354e+00 1.
    1.41421354e+00 2. 2.23606801e+00 2.23606801e+00 1.41421354e+00
    2.23606801e+00 2.23606801e+00 1. 2.82842708e+00 3. 2. 1.
    2.23606801e+00 1.41421354e+00 1.41421354e+00 3.16227770e+00
    3.16227770e+00 2. 6. 3.60555124e+00 1.41421354e+00 2. 1.41421354e+00
    2. 2.23606801e+00 0. 2.23606801e+00 2.23606801e+00 1. 2.
    3.60555124e+00 3. 3.16227770e+00 1. 2.23606801e+00 2.23606801e+00 2.
    1.41421354e+00 1. 1.41421354e+00 1.41421354e+00 1. 1.41421354e+00
    2.23606801e+00 2. 1. 0. 2.23606801e+00 2.23606801e+00 1. 1.
    3.16227770e+00 4.24264050e+00 2. 2.23606801e+00 0. 3.60555124e+00
    29. 9.70206146e+01 9.90050507e+01 3.30605507e+01 2. 1.41421354e+00
    1.41421354e+00 1. 1. 1. 1. 1. 1. 1. 1. 1. 1. 1. 1.41421354e+00 2. 1.
    1.41421354e+00 1. 1. 1. 0. 1.41421354e+00 0. 1. 0. 1.41421354e+00
    1.41421354e+00 1. 0. 0. 0. 0. 0. 0. 1. 0. 0. 1.41421354e+00
    2.23606801e+00 1.41421354e+00 1. 1. 1. 1.41421354e+00 1. 0. 1. 1.
    1.41421354e+00 1.41421354e+00 0. 2. 2. 0. 0. 1. 2. 1. 1.41421354e+00
    1.41421354e+00 0. 1. 2.23606801e+00 1. 1.41421354e+00 1. 0.
    1.41421354e+00 1. 1. 0. 1. 1. 1. 2.23606801e+00 1.41421354e+00
    1.41421354e+00 1. 1. 2.23606801e+00 2.23606801e+00 1.41421354e+00 1.
    1. 1. 1. 1.41421354e+00 1. 1. 1. 0. 0. 1.41421354e+00 0.
    1.41421354e+00 0. 1. 1. 1.41421354e+00 1. 0. 1. 1. 1. 1.
    1.41421354e+00 1.41421354e+00 3.16227770e+00 2. 2. 3.16227770e+00 1.
    1.41421354e+00 0. 1. 1. 3.16227770e+00 2.23606801e+00 2. 2. 1. 1. 1.
    1. 3.20156212e+01 9.50052643e+01 9.50210495e+01 3.40587730e+01
    2.82842708e+00 2.23606801e+00 3.16227770e+00 1. 2.23606801e+00
    2.82842708e+00 2.23606801e+00 1. 2.23606801e+00 1. 1. 1.41421354e+00
    1.41421354e+00 1. 1.41421354e+00 1. 2.23606801e+00 1. 3.60555124e+00
    1.41421354e+00 2. 1.41421354e+00 1. 2.23606801e+00 1. 1.41421354e+00
    1. 1.41421354e+00 1.41421354e+00 1.41421354e+00 1.41421354e+00 1. 1.
    0. 1. 0. 1. 2.23606801e+00 2.23606801e+00 1. 3.16227770e+00
    3.16227770e+00 1. 2.23606801e+00 3.60555124e+00 1. 3. 1. 0. 3.
    3.60555124e+00 2.82842708e+00 4. 2.23606801e+00 1. 2.23606801e+00
    2.23606801e+00 2.23606801e+00 2.23606801e+00 1. 1. 1. 2.
    1.41421354e+00 1.41421354e+00 1. 1. 1.41421354e+00 3.16227770e+00
    1.41421354e+00 3.60555124e+00 3.16227770e+00 1.41421354e+00
    1.41421354e+00 2.23606801e+00 4. 3.16227770e+00 1. 1. 1.41421354e+00
    3. 2.23606801e+00 2.23606801e+00 3.16227770e+00 2. 3.60555124e+00 2.
    1. 1.41421354e+00 1.41421354e+00 1. 2.23606801e+00 2.23606801e+00
    2.23606801e+00 0. 2. 4.12310553e+00 0. 4.12310553e+00 2.82842708e+00
    1. 1. 1. 1. 0. 0. 1.41421354e+00 1. 1. 2. 2.23606801e+00 1.
    1.41421354e+00 2. 3.16227770e+00 1.41421354e+00 1.41421354e+00
    1.41421354e+00 1.41421354e+00 3.60555124e+00 1.41421354e+00
    2.23606801e+00 1. 2.91547604e+01 9.60468674e+01 9.90050507e+01 34.
    0. 1. 1.41421354e+00 1. 1. 1. 2.23606801e+00 3.16227770e+00
    1.41421354e+00 1. 0. 0. 1.41421354e+00 1.41421354e+00 1.41421354e+00
    1. 1. 1. 0. 1.41421354e+00 0. 1. 1.41421354e+00 2. 1. 1.
    1.41421354e+00 2. 0. 1. 0. 0. 1. 0. 0. 0. 1. 0. 2. 1.41421354e+00
    1.41421354e+00 1. 0. 1.41421354e+00 1. 1. 0. 1. 0. 1.41421354e+00 1.
    1.41421354e+00 1. 1.41421354e+00 1. 0. 1. 1. 1. 0. 0. 1.41421354e+00
    1. 2. 2.23606801e+00 1.41421354e+00 1. 1. 0. 1. 1.41421354e+00 1. 1.
    1.41421354e+00 1.41421354e+00 1. 1.41421354e+00 1. 1. 1.41421354e+00
    2.23606801e+00 1. 2.23606801e+00 1.41421354e+00 0. 1. 1.41421354e+00
    1. 2. 1. 1. 0. 0. 1. 1. 1. 0. 1.41421354e+00 0. 1. 0. 0. 0. 1. 0. 1.
    2. 2.23606801e+00 2.23606801e+00 2. 2.23606801e+00 1. 2.23606801e+00
    0. 0. 0. 1.41421354e+00 2. 1. 2.23606801e+00 1. 0. 0. 1. 1.
    3.30151482e+01 9.60052109e+01 9.50210495e+01 3.20624390e+01
    1.41421354e+00 0. 2.82842708e+00 2.82842708e+00 2.23606801e+00
    1.41421354e+00 1.41421354e+00 2.23606801e+00 1. 1. 1.41421354e+00 1.
    0. 1. 1. 2. 1.41421354e+00 3.16227770e+00 2.23606801e+00
    2.23606801e+00 2. 1. 2. 2.23606801e+00 1. 1. 1. 1.41421354e+00
    2.23606801e+00 0. 1. 1. 0. 1.41421354e+00 2.23606801e+00 1.
    2.23606801e+00 1. 0. 1.41421354e+00 3.16227770e+00 2. 2.23606801e+00
    3.16227770e+00 2.82842708e+00 0. 2.23606801e+00 1.41421354e+00 2. 2.
    3. 4. 1. 2.23606801e+00 1.41421354e+00 1. 3. 3.16227770e+00 0.
    1.41421354e+00 1.41421354e+00 3.60555124e+00 4.47213602e+00
    4.12310553e+00 3. 0. 1. 2.82842708e+00 2. 3.16227770e+00
    3.60555124e+00 1.41421354e+00 2.82842708e+00 3. 3. 2. 2.23606801e+00
    3.16227770e+00 2.82842708e+00 2. 2.82842708e+00 2.82842708e+00
    2.23606801e+00 1. 1. 2.23606801e+00 2.23606801e+00 1. 0.
    1.41421354e+00 2.82842708e+00 2. 2.23606801e+00 2. 2.23606801e+00
    1.41421354e+00 4.24264050e+00 4.47213602e+00 2.23606801e+00
    1.41421354e+00 1.41421354e+00 1.41421354e+00 1. 1. 2. 1. 1.
    2.23606801e+00 1. 0. 1.41421354e+00 2.23606801e+00 1.41421354e+00 0.
    2.23606801e+00 2.23606801e+00 2.23606801e+00 2.23606801e+00 2.
    2.23606801e+00 1.41421354e+00 1.41421354e+00 1. 3.21403160e+01
    9.50841751e+01 9.60208282e+01 3.20156212e+01 1. 1. 0. 1. 0.
    2.82842708e+00 3.60555124e+00 1. 3. 1. 1. 1. 0. 2. 2. 0. 0. 0. 1. 1.
    1. 1.41421354e+00 1.41421354e+00 2. 1. 2. 1. 0. 1. 0. 0.
    1.41421354e+00 1. 1.41421354e+00 0. 0. 0. 1. 0. 1. 1. 0. 0. 0. 2. 1.
    0. 1. 0. 2. 2.23606801e+00 2.23606801e+00 2.23606801e+00 0. 1. 0. 1.
    0. 2. 1.41421354e+00 1. 1. 1. 1.41421354e+00 1. 2. 1. 0. 1. 0. 1. 2.
    0. 1.41421354e+00 1. 1.41421354e+00 2. 2.23606801e+00 1.
    2.23606801e+00 2.23606801e+00 1.41421354e+00 1.41421354e+00
    2.82842708e+00 1.41421354e+00 0. 1. 1. 1. 0. 0. 0. 0. 0. 1. 1.
    1.41421354e+00 1. 1.41421354e+00 1. 0. 0. 1. 0. 1. 1.41421354e+00 1.
    2. 1. 2.23606801e+00 1. 1.41421354e+00 0. 1. 0. 0. 0. 1.41421354e+00
    1.41421354e+00 1.41421354e+00 1.41421354e+00 1. 1.41421354e+00 1.
    1.41421354e+00 3.20156212e+01 96. 9.60052109e+01 3.10161247e+01 1.
    1.41421354e+00 1.41421354e+00 1. 1. 1. 1.41421354e+00 1.
    3.16227770e+00 2. 2.23606801e+00 0. 1.41421354e+00 2.23606801e+00
    2.82842708e+00 3.60555124e+00 3.16227770e+00 3. 5.09901953e+00 2.
    1.41421354e+00 3.16227770e+00 2.23606801e+00 3.16227770e+00 0. 2. 0.
    1. 2.23606801e+00 1.41421354e+00 2. 2.23606801e+00 1.41421354e+00
    2.23606801e+00 1.41421354e+00 0. 1.41421354e+00 2.23606801e+00 1.
    1.41421354e+00 2.23606801e+00 3.16227770e+00 2.23606801e+00 3. 2.
    1.41421354e+00 2. 0. 1.41421354e+00 2.23606801e+00 3. 1.
    2.23606801e+00 1. 1.41421354e+00 1. 3.16227770e+00 2. 1.41421354e+00
    1.41421354e+00 2.82842708e+00 5. 5. 4. 4.24264050e+00 3.
    2.23606801e+00 2. 2. 3.16227770e+00 2.23606801e+00 1.41421354e+00
    3.16227770e+00 3.16227770e+00 1. 2.82842708e+00 3. 5. 2.82842708e+00
    3.16227770e+00 2.82842708e+00 2.23606801e+00 2. 1.41421354e+00
    1.41421354e+00 2.23606801e+00 2.23606801e+00 2. 2. 2.23606801e+00 0.
    0. 3.16227770e+00 3.60555124e+00 2.23606801e+00 1.41421354e+00
    1.41421354e+00 3.16227770e+00 3.16227770e+00 1. 2. 2.82842708e+00
    2.82842708e+00 3. 2. 2.23606801e+00 1. 2.23606801e+00 3.16227770e+00
    2.23606801e+00 1. 2. 1. 1.41421354e+00 1. 1. 1.41421354e+00 1. 0. 1.
    2.23606801e+00 1.41421354e+00 1.41421354e+00 3.30151482e+01
    9.50210495e+01 9.40053177e+01 31. 0. 1. 0. 1. 1.41421354e+00
    2.82842708e+00 1.41421354e+00 2.23606801e+00 2.23606801e+00 2. 1. 1.
    2. 1.41421354e+00 2.23606801e+00 1.41421354e+00 0. 0. 0.
    1.41421354e+00 1. 1. 0. 1. 2. 0. 1.41421354e+00 1. 0. 1.
    1.41421354e+00 2.23606801e+00 0. 1. 1. 0. 0. 0. 0. 0. 1. 1. 1. 1. 1.
    1. 1.41421354e+00 1. 0. 3. 2. 2. 3. 1. 1. 1. 1.41421354e+00 0.
    2.23606801e+00 1.41421354e+00 1. 1. 1.41421354e+00 1.41421354e+00 1.
    0. 1. 1. 1. 1.41421354e+00 1.41421354e+00 2. 1. 1.41421354e+00
    2.23606801e+00 2. 1. 2.23606801e+00 1.41421354e+00 1.41421354e+00
    2.23606801e+00 2.82842708e+00 1.41421354e+00 1. 2.23606801e+00 1. 0.
    1. 1.41421354e+00 1.41421354e+00 1. 1. 1. 0. 1. 1.41421354e+00 1.
    1.41421354e+00 2. 1. 0. 1. 1. 1. 1.41421354e+00 1.41421354e+00
    1.41421354e+00 1. 2.23606801e+00 1. 1. 0. 1. 1. 0. 1. 1. 1. 1.
    2.23606801e+00 1. 0. 1. 1. 2. 32. 9.43398132e+01 9.73242035e+01
    3.51710091e+01 1. 2.23606801e+00 1.41421354e+00 2.23606801e+00
    4.12310553e+00 4. 2.23606801e+00 2.23606801e+00 3.16227770e+00
    2.23606801e+00 3.16227770e+00 1. 1.41421354e+00 3.16227770e+00
    4.12310553e+00 1.41421354e+00 5.38516474e+00 5.09901953e+00
    2.23606801e+00 2.82842708e+00 1.41421354e+00 2.23606801e+00 1.
    2.23606801e+00 3.16227770e+00 2.23606801e+00 0. 2. 2. 1.41421354e+00
    2.23606801e+00 2.23606801e+00 1. 1.41421354e+00 0. 0. 1.
    2.23606801e+00 1. 1. 1. 2.23606801e+00 1. 1.41421354e+00
    2.23606801e+00 1. 1. 1. 1.41421354e+00 1.41421354e+00 2.82842708e+00
    2.23606801e+00 0. 1. 3. 1.41421354e+00 3. 1. 1. 2. 3. 4.12310553e+00
    3. 1. 4.12310553e+00 4. 2. 1.41421354e+00 3.16227770e+00
    3.16227770e+00 1. 1. 2.23606801e+00 3.16227770e+00 2.23606801e+00
    2.23606801e+00 4.47213602e+00 4.47213602e+00 0. 2. 2.23606801e+00 1.
    0. 1.41421354e+00 1. 1. 1.41421354e+00 1. 2. 1.41421354e+00 1.
    1.41421354e+00 1. 4.12310553e+00 4.12310553e+00 2.82842708e+00 1. 1.
    2.82842708e+00 2.23606801e+00 3. 3.16227770e+00 2.23606801e+00
    4.12310553e+00 2.23606801e+00 2.23606801e+00 2. 1.41421354e+00
    2.23606801e+00 2.82842708e+00 2.23606801e+00 0. 1. 1. 2.82842708e+00
    1. 1.41421354e+00 0. 1.41421354e+00 2. 2.23606801e+00 0. 1.
    3.37342567e+01 9.60260391e+01 9.41912918e+01 3.10161247e+01
    1.41421354e+00 1. 2. 0. 3.16227770e+00 2.23606801e+00 1.41421354e+00
    2.82842708e+00 1.41421354e+00 0. 1. 2. 1. 2.23606801e+00 1. 2. 1. 0.
    0. 1.41421354e+00 1. 1.41421354e+00 1.41421354e+00 1. 1.
    1.41421354e+00 1.41421354e+00 1. 1. 1. 1.41421354e+00 1. 2.
    1.41421354e+00 0. 1. 1. 0. 0. 1. 1.41421354e+00 2. 1. 1.41421354e+00
    2. 1.41421354e+00 0. 2. 0. 2. 1.41421354e+00 1.41421354e+00 1. 1.
    1.41421354e+00 1.41421354e+00 2.23606801e+00 2. 1.41421354e+00
    1.41421354e+00 1. 1. 2.23606801e+00 1. 1. 1. 0. 1. 1. 1. 1. 0. 0. 0.
    1. 1.41421354e+00 1. 1.41421354e+00 2.82842708e+00 1. 1. 1.
    2.23606801e+00 2. 1.41421354e+00 1. 0. 1. 1.41421354e+00 1. 2.
    1.41421354e+00 1. 1. 1. 1. 1.41421354e+00 1. 1.41421354e+00 1. 1. 1.
    1. 2. 1. 3.16227770e+00 2.23606801e+00 2.23606801e+00 2.23606801e+00
    1. 0. 1. 1.41421354e+00 1. 2.23606801e+00 1. 1.41421354e+00 1. 1. 1.
    2. 1.41421354e+00 1.41421354e+00 1.41421354e+00 1.41421354e+00
    2.40208244e+01 8.35224533e+01 1.05990562e+02 5.37121964e+01
    8.94427204e+00 1. 2. 4. 2.23606801e+00 3.60555124e+00 1.41421354e+00
    1. 1. 4.12310553e+00 4. 0. 1.41421354e+00 2.23606801e+00
    2.82842708e+00 4.12310553e+00 3.60555124e+00 4.47213602e+00
    3.60555124e+00 2.23606801e+00 1. 1. 2.23606801e+00 3.16227770e+00 3.
    1.41421354e+00 1. 2.23606801e+00 1.41421354e+00 3.16227770e+00
    2.23606801e+00 1. 1. 1. 1. 1. 1. 1.41421354e+00 2.23606801e+00 0.
    1.41421354e+00 2.23606801e+00 2.82842708e+00 1.41421354e+00
    2.23606801e+00 1. 0. 1. 1.41421354e+00 1.41421354e+00 0. 2. 1.
    4.24264050e+00 2. 2.82842708e+00 2.23606801e+00 2.23606801e+00 1.
    1.41421354e+00 2.23606801e+00 5. 4.24264050e+00 4.12310553e+00
    5.38516474e+00 3.60555124e+00 3.16227770e+00 1. 2. 2.82842708e+00
    2.23606801e+00 1. 3.16227770e+00 4.12310553e+00 2. 1.41421354e+00 2.
    1. 2.82842708e+00 2.82842708e+00 2.23606801e+00 1.41421354e+00 1.
    2.23606801e+00 1. 2.23606801e+00 1.41421354e+00 1.41421354e+00 0. 2.
    0. 1. 2. 2. 1.41421354e+00 3.16227770e+00 2.23606801e+00 1. 1.
    3.60555124e+00 3.60555124e+00 3.16227770e+00 2.23606801e+00 2. 3. 1.
    1.41421354e+00 1. 1. 2.23606801e+00 2.82842708e+00 1.41421354e+00 0.
    2.23606801e+00 2.23606801e+00 2. 2.23606801e+00 2.23606801e+00 2.
    2.23606801e+00 1.41421354e+00 1.41421354e+00 8. 5.14781494e+01
    1.03788246e+02 8.17434998e+01 2.40208244e+01 1. 1. 1. 1.41421354e+00
    2.82842708e+00 1. 2.82842708e+00 1.41421354e+00 0. 0. 1. 1.
    1.41421354e+00 1. 2. 2. 0. 1. 1.41421354e+00 1. 1.41421354e+00
    1.41421354e+00 1. 1.41421354e+00 1. 1.41421354e+00 2. 0. 0.
    1.41421354e+00 2.23606801e+00 2. 2.23606801e+00 1.41421354e+00
    1.41421354e+00 2.23606801e+00 2.23606801e+00 1.41421354e+00 0. 1. 1.
    1.41421354e+00 1.41421354e+00 1. 1.41421354e+00 1. 0. 1. 1. 2.
    1.41421354e+00 1. 1. 1. 1. 0. 2. 2.23606801e+00 1. 1.41421354e+00 0.
    1. 1. 1.41421354e+00 1. 0. 0. 0. 1.41421354e+00 1.41421354e+00 0. 1.
    1. 0. 1. 1.41421354e+00 1. 0. 1.41421354e+00 1.41421354e+00
    1.41421354e+00 1. 1.41421354e+00 1. 1. 0. 0. 0. 1.41421354e+00 1.
    2.23606801e+00 0. 1.41421354e+00 0. 0. 1. 0. 1. 1. 1.41421354e+00 0.
    0. 1. 1. 1. 3. 1.41421354e+00 2.23606801e+00 1. 0. 1. 1. 1. 0.
    1.41421354e+00 2.23606801e+00 0. 1. 1. 1.41421354e+00 1.41421354e+00
    1. 1. 1.41421354e+00 0. 9.05538559e+00 5.36656303e+01 1.05546196e+02
    8.09567795e+01 2.40208244e+01 2.23606801e+00 0. 3.60555124e+00
    4.47213602e+00 2.23606801e+00 2.23606801e+00 2.23606801e+00 3.
    1.41421354e+00 2.82842708e+00 3.16227770e+00 2. 1. 3.16227770e+00
    4.12310553e+00 3.16227770e+00 1. 3.16227770e+00 2.23606801e+00 1.
    2.23606801e+00 3.60555124e+00 1.41421354e+00 1. 1. 1. 0. 1. 1.
    2.23606801e+00 2.82842708e+00 2. 1.41421354e+00 1. 1. 1.41421354e+00
    1.41421354e+00 1.41421354e+00 1.41421354e+00 1.41421354e+00
    2.82842708e+00 0. 2. 2.23606801e+00 1.41421354e+00 1.41421354e+00 1.
    2. 2. 1.41421354e+00 0. 3.60555124e+00 2.23606801e+00 1.41421354e+00
    2. 0. 2.82842708e+00 1.41421354e+00 0. 1. 3. 2.82842708e+00
    3.60555124e+00 5. 3. 1.41421354e+00 2. 1.41421354e+00 1. 2.
    2.23606801e+00 2.23606801e+00 1. 2.23606801e+00 2.23606801e+00 2. 3.
    1.41421354e+00 2.23606801e+00 1.41421354e+00 1.41421354e+00 3.
    2.23606801e+00 2.23606801e+00 3.60555124e+00 2.23606801e+00 1.
    1.41421354e+00 1.41421354e+00 0. 1.41421354e+00 1.41421354e+00
    2.82842708e+00 1. 2. 2.23606801e+00 2.23606801e+00 3. 1.41421354e+00
    3.60555124e+00 1. 3.16227770e+00 0. 1. 2. 1.41421354e+00 3.
    1.41421354e+00 1. 2. 2. 0. 2.23606801e+00 1.41421354e+00 2.
    3.60555124e+00 1.41421354e+00 3.16227770e+00 1. 0. 1. 21.
    8.00812073e+01 1.05550934e+02 5.41294746e+01 9. 0. 1. 1.
    2.23606801e+00 1.41421354e+00 2.23606801e+00 1.41421354e+00 0. 0. 0.
    1.41421354e+00 1.41421354e+00 2.23606801e+00 2.23606801e+00
    1.41421354e+00 0. 2. 1.41421354e+00 1.41421354e+00 1.41421354e+00 1.
    1. 1.41421354e+00 1. 1.41421354e+00 2.23606801e+00 1. 1. 1. 1. 1. 3.
    2.23606801e+00 1. 1.41421354e+00 1. 1. 2. 1. 0. 2. 1. 0.
    1.41421354e+00 0. 2. 1. 1. 1. 0. 1.41421354e+00 1. 1. 1.
    1.41421354e+00 1. 1. 2.23606801e+00 1. 1.41421354e+00 1.41421354e+00
    0. 1. 2. 1. 1. 1. 1. 0. 1.41421354e+00 1. 1. 1. 2. 1.41421354e+00 1.
    0. 0. 1.41421354e+00 0. 1. 1.41421354e+00 1. 1. 0. 0. 0. 0. 0.
    2.23606801e+00 2.23606801e+00 1. 1.41421354e+00 0. 1. 1. 0. 0. 2. 1.
    0. 0. 0. 0. 1. 1.41421354e+00 1. 1. 1. 0. 0. 0. 1.41421354e+00 1. 1.
    2. 0. 1. 1. 1.41421354e+00 1. 1. 1. 0. 1.41421354e+00 0.
    3.39558525e+01 9.53519821e+01 9.42602768e+01 3.20624390e+01
    1.41421354e+00 1.41421354e+00 1. 5.09901953e+00 5.09901953e+00
    3.16227770e+00 1.41421354e+00 1.41421354e+00 1.41421354e+00 0. 3.
    3.16227770e+00 2.23606801e+00 2.23606801e+00 1.41421354e+00 2. 2.
    1.41421354e+00 2. 0. 3.16227770e+00 2.23606801e+00 1. 1.41421354e+00
    0. 0. 0. 1. 1. 1. 2. 3. 1.41421354e+00 1. 1. 0. 1.41421354e+00
    1.41421354e+00 1. 0. 1. 1. 1. 1.41421354e+00 2.23606801e+00
    1.41421354e+00 2.23606801e+00 2.23606801e+00 2.82842708e+00
    2.23606801e+00 1.41421354e+00 1. 3. 3.16227770e+00 1.41421354e+00 1.
    3.16227770e+00 3.16227770e+00 2. 2.23606801e+00 2.23606801e+00 0.
    3.16227770e+00 2. 2.23606801e+00 2.23606801e+00 1.41421354e+00 0.
    2.23606801e+00 2.23606801e+00 1. 0. 1.41421354e+00 1.41421354e+00
    3.60555124e+00 3. 1.41421354e+00 0. 2.23606801e+00 1. 1.
    2.23606801e+00 2.23606801e+00 4.12310553e+00 3. 1.41421354e+00
    2.23606801e+00 1.41421354e+00 1. 1. 0. 1. 1. 2.23606801e+00
    1.41421354e+00 1. 1.41421354e+00 2.82842708e+00 3.16227770e+00
    2.23606801e+00 3.16227770e+00 2. 1. 1. 2.23606801e+00 1.41421354e+00
    3. 1. 2.23606801e+00 2.23606801e+00 1.41421354e+00 1. 1.41421354e+00
    1.41421354e+00 1.41421354e+00 2.23606801e+00 3. 2.23606801e+00 1.
    1.41421354e+00 1.41421354e+00 3.00166626e+01 9.35360870e+01
    9.66902237e+01 3.42052612e+01 1.41421354e+00 0. 1. 0. 2.23606801e+00
    0. 2.23606801e+00 1. 0. 0. 1. 1. 3.16227770e+00 2.23606801e+00 1. 2.
    1.41421354e+00 1. 1.41421354e+00 1. 1. 0. 1. 1.41421354e+00
    1.41421354e+00 2.82842708e+00 1.41421354e+00 1.41421354e+00 2. 1. 1.
    2.23606801e+00 1. 1. 2.23606801e+00 1.41421354e+00 3. 2.23606801e+00
    1.41421354e+00 0. 1.41421354e+00 1.41421354e+00 1.41421354e+00
    1.41421354e+00 1. 1. 2. 1. 1. 0. 0. 0. 1. 1.41421354e+00 1. 2. 1. 1.
    2. 1.41421354e+00 1. 1.41421354e+00 1. 1.41421354e+00 1.41421354e+00
    0. 0. 0. 1. 1. 1. 2. 0. 1. 2. 1. 0. 0. 1. 1.41421354e+00 0. 1. 1. 1.
    1. 1.41421354e+00 0. 0. 0. 1.41421354e+00 2. 0. 1. 1. 0. 1.
    1.41421354e+00 1.41421354e+00 1.41421354e+00 1. 1. 1. 0. 0. 0. 1.
    2.23606801e+00 1. 2. 1. 1. 1. 0. 1. 1. 1. 2. 1. 1. 0. 1. 0. 1. 2.
    1.41421354e+00 0. 1. 3.20156212e+01 9.53362503e+01 9.61769180e+01
    3.27566795e+01 1. 2. 3.16227770e+00 2.23606801e+00 3.16227770e+00
    3.60555124e+00 1.41421354e+00 0. 1. 2.23606801e+00 2.23606801e+00 1.
    2.23606801e+00 1. 1. 2.23606801e+00 1.41421354e+00 1. 2. 0.
    3.16227770e+00 2.23606801e+00 1. 1. 1. 2. 1.41421354e+00
    2.23606801e+00 2. 1. 1.41421354e+00 1. 0. 1. 1.41421354e+00 1. 0.
    1.41421354e+00 2.23606801e+00 1.41421354e+00 1. 1. 0. 1.
    1.41421354e+00 2.23606801e+00 2.23606801e+00 1.41421354e+00
    1.41421354e+00 2. 1.41421354e+00 3.16227770e+00 3.16227770e+00
    2.23606801e+00 1. 2.82842708e+00 2. 2.82842708e+00 1.41421354e+00 0.
    2.23606801e+00 2. 2. 3. 3.16227770e+00 1. 1.41421354e+00
    3.60555124e+00 3.16227770e+00 1.41421354e+00 1. 1.41421354e+00
    1.41421354e+00 2.82842708e+00 3.60555124e+00 3. 1. 1. 2.23606801e+00
    0. 1. 1. 2. 3. 1.41421354e+00 3. 1. 1. 3.16227770e+00 2. 2. 2. 0. 1.
    2.23606801e+00 2. 2.23606801e+00 1. 1. 1. 1.41421354e+00
    1.41421354e+00 1.41421354e+00 2.23606801e+00 0. 2.82842708e+00 1. 1.
    1. 2. 1.41421354e+00 1. 1. 3.60555124e+00 1.41421354e+00 1. 1. 1.
    2.23606801e+00 2.82842708e+00 1.41421354e+00 3.32415390e+01
    9.78621445e+01 9.46414261e+01 3.20624390e+01 1. 1. 1. 1. 2.
    1.41421354e+00 2.23606801e+00 2. 1. 0. 1. 1. 1. 2. 2. 1. 1. 0.
    1.41421354e+00 1. 1. 0. 0. 1. 1.41421354e+00 1. 1. 1.41421354e+00 0.
    2. 2.23606801e+00 1. 1.41421354e+00 2. 0. 2.23606801e+00 2.
    1.41421354e+00 0. 1. 1. 1. 1. 1.41421354e+00 1. 2. 0. 1. 0. 0. 0. 0.
    1. 1.41421354e+00 1. 2.23606801e+00 1.41421354e+00 1. 1.41421354e+00
    2. 1.41421354e+00 1. 2. 1.41421354e+00 1. 1.41421354e+00 2. 2. 2. 0.
    1. 1.41421354e+00 2. 1. 1. 1.41421354e+00 1. 0. 1. 1. 0. 0. 0. 1. 1.
    1. 1. 0. 1.41421354e+00 1. 2.82842708e+00 3.16227770e+00
    2.23606801e+00 2.23606801e+00 1. 2.23606801e+00 1.41421354e+00 1.
    1.41421354e+00 2.23606801e+00 1. 0. 1. 1. 0. 1. 2. 1. 2.23606801e+00
    0. 1.41421354e+00 1.41421354e+00 1. 1. 1. 1. 1. 1. 0. 1.
    1.41421354e+00 0. 1. 0. 2.23606801e+00 1. 1.41421354e+00
    2.40208244e+01 8.16088257e+01 1.05990562e+02 5.27730980e+01
    6.32455540e+00 2. 3.60555124e+00 3.60555124e+00 2.23606801e+00
    1.41421354e+00 2. 1.41421354e+00 1. 0. 3.16227770e+00 3.60555124e+00
    0. 1. 1.41421354e+00 1.41421354e+00 1. 1. 2. 1.41421354e+00 2.
    3.60555124e+00 1. 2.23606801e+00 3.60555124e+00 3. 2. 2.23606801e+00
    2.23606801e+00 1. 1. 2.23606801e+00 1. 1.41421354e+00 1.41421354e+00
    1.41421354e+00 0. 2.23606801e+00 2. 2.23606801e+00 2.82842708e+00 2.
    2.23606801e+00 0. 0. 2.23606801e+00 2.82842708e+00 3.16227770e+00
    3.16227770e+00 2.82842708e+00 2.23606801e+00 2.23606801e+00
    1.41421354e+00 1.41421354e+00 1.41421354e+00 2.23606801e+00
    2.23606801e+00 2. 2.23606801e+00 2.23606801e+00 2. 3.60555124e+00
    2.23606801e+00 2.23606801e+00 1.41421354e+00 2. 3.60555124e+00
    3.60555124e+00 1.41421354e+00 2.23606801e+00 2.23606801e+00
    1.41421354e+00 0. 3.16227770e+00 5.09901953e+00 2.23606801e+00
    2.23606801e+00 2.23606801e+00 2. 1. 2.23606801e+00 2.23606801e+00
    2.23606801e+00 3.16227770e+00 1. 1. 1. 2. 2. 1.41421354e+00 0.
    1.41421354e+00 1. 1.41421354e+00 2.23606801e+00 1. 2.23606801e+00 1.
    1. 1. 2.23606801e+00 1. 2. 1. 2.23606801e+00 1.41421354e+00 0. 0.
    1.41421354e+00 1. 2. 3. 3.60555124e+00 2.82842708e+00 1.41421354e+00
    2.82842708e+00 1. 2. 4.47213602e+00 2.23606801e+00 10.
    5.63560104e+01 1.06437775e+02 8.16088257e+01 2.30217285e+01 1.
    1.41421354e+00 0. 1. 1. 3.16227770e+00 2.23606801e+00 1. 0. 1. 0. 1.
    0. 0. 1. 1. 0. 1. 0. 1. 0. 0. 0. 0. 1. 1.41421354e+00 0.
    1.41421354e+00 1.41421354e+00 1.41421354e+00 0. 1.41421354e+00 2. 0.
    2. 1.41421354e+00 1.41421354e+00 1. 0. 0. 1. 2. 1.41421354e+00 0. 2.
    1. 1. 0. 0. 0. 1. 0. 1. 1.41421354e+00 2.23606801e+00 3. 0. 1. 1.
    1.41421354e+00 1.41421354e+00 1. 1. 1. 1. 2. 1.41421354e+00 0. 1. 1.
    0. 1. 0. 1. 1. 1. 1.41421354e+00 1. 1.41421354e+00 1.41421354e+00 0.
    0. 1. 1. 1. 1.41421354e+00 0. 1. 1.41421354e+00 0. 0. 2. 2. 1. 1.
    1.41421354e+00 2.82842708e+00 1.41421354e+00 0. 1. 1. 1. 1. 1. 1. 1.
    1. 1.41421354e+00 1.41421354e+00 1. 1.41421354e+00 1.41421354e+00 1.
    1. 1.41421354e+00 1. 1.41421354e+00 0. 1. 1. 1.41421354e+00
    1.41421354e+00 2. 2.23606801e+00 1.41421354e+00 0. 1. 7.07106781e+00
    5.27730980e+01 1.05990562e+02 8.06535797e+01 21. 1. 3.16227770e+00
    2.23606801e+00 2. 3. 1.41421354e+00 1.41421354e+00 1.41421354e+00 1.
    1.41421354e+00 2.82842708e+00 2.82842708e+00 1.41421354e+00
    2.82842708e+00 1.41421354e+00 1.41421354e+00 1.41421354e+00 0. 1. 1.
    1.41421354e+00 2. 3.16227770e+00 2.82842708e+00 1.41421354e+00 2. 1.
    2. 2. 2. 2. 2.23606801e+00 2.82842708e+00 2.23606801e+00
    2.23606801e+00 0. 1.41421354e+00 2.23606801e+00 2.23606801e+00 1. 0.
    2.23606801e+00 1. 1. 1. 1.41421354e+00 2. 3. 1. 1. 1.41421354e+00
    2.82842708e+00 4.24264050e+00 3.16227770e+00 4.12310553e+00
    4.47213602e+00 1.41421354e+00 2. 3. 1.41421354e+00 1.41421354e+00
    3.60555124e+00 2.23606801e+00 1. 3. 4.12310553e+00 1. 3.60555124e+00
    4.24264050e+00 2.23606801e+00 0. 1. 3.16227770e+00 1. 4.
    3.16227770e+00 3.16227770e+00 2.23606801e+00 2.23606801e+00 3.
    4.47213602e+00 3.16227770e+00 3.16227770e+00 1.41421354e+00 2.
    2.23606801e+00 3.16227770e+00 2. 2.82842708e+00 2. 1. 2.
    2.23606801e+00 2.82842708e+00 2.82842708e+00 2.82842708e+00
    3.16227770e+00 2.82842708e+00 2.23606801e+00 2.23606801e+00
    2.23606801e+00 2. 1. 1. 1. 0. 1. 1.41421354e+00 1. 2. 2.23606801e+00
    2. 1. 3.16227770e+00 1.41421354e+00 1. 2.23606801e+00 2.23606801e+00
    2. 2.70185127e+01 8.32406158e+01 1.04651802e+02 5.23259010e+01 8. 0.
    1.41421354e+00 1.41421354e+00 1.41421354e+00 2.23606801e+00 1. 1. 1.
    1. 0. 1. 1. 0. 1. 1. 1.41421354e+00 2. 0. 0. 0. 0. 1. 1. 1. 0. 2. 1.
    1. 0. 1.41421354e+00 1.41421354e+00 2. 1. 2. 1.41421354e+00 0. 1. 1.
    1. 1. 1. 0. 2. 2. 2. 1. 1. 0. 0. 1. 0. 1. 0. 1. 1. 1. 1.41421354e+00
    0. 0. 0. 1.41421354e+00 1. 1.41421354e+00 1. 1.41421354e+00 2. 1.
    1.41421354e+00 1. 0. 0. 1.41421354e+00 2. 2. 1.41421354e+00 1.
    1.41421354e+00 2. 0. 2.23606801e+00 1. 1. 1. 1.41421354e+00 1. 0. 1.
    1. 1.41421354e+00 1. 0. 1. 0. 0. 0. 1. 1. 2.23606801e+00 0. 1. 0. 1.
    1. 0. 1. 1. 1.41421354e+00 1. 1.41421354e+00 1. 1. 1. 0. 0.
    1.41421354e+00 1. 1.41421354e+00 2. 0. 1. 1. 1. 1. 1.41421354e+00 1.
    1. 2. 1. 3.29848442e+01 9.63379440e+01 9.43398132e+01 3.11448231e+01
    5.09901953e+00 5.09901953e+00 1. 1. 1. 2. 1. 2. 2.23606801e+00
    3.60555124e+00 1.41421354e+00 2.23606801e+00 2.23606801e+00 1. 2.
    1.41421354e+00 1. 1. 0. 0. 0. 1. 2.23606801e+00 2.82842708e+00 0.
    2.23606801e+00 1. 1.41421354e+00 1. 1.41421354e+00 1.41421354e+00
    2.82842708e+00 2.23606801e+00 2. 3.16227770e+00 1. 2. 2.23606801e+00
    3.16227770e+00 3. 2.23606801e+00 1. 1.41421354e+00 2.23606801e+00 1.
    1. 1. 0. 1.41421354e+00 0. 2.23606801e+00 4.24264050e+00
    2.23606801e+00 0. 0. 2.23606801e+00 2. 1.41421354e+00 1.
    1.41421354e+00 1.41421354e+00 2. 3.60555124e+00 1. 3. 3.16227770e+00
    3.16227770e+00 5. 3.60555124e+00 1.41421354e+00 1.41421354e+00
    1.41421354e+00 1.41421354e+00 4. 3.60555124e+00 2. 2. 2.82842708e+00
    2. 2.23606801e+00 1.41421354e+00 2.23606801e+00 1.41421354e+00
    2.23606801e+00 1. 1. 2.23606801e+00 3.16227770e+00 2.23606801e+00
    1.41421354e+00 1.41421354e+00 2. 1.41421354e+00 2.82842708e+00 1. 3.
    1.41421354e+00 3.16227770e+00 3. 5. 5.38516474e+00 1.41421354e+00
    1.41421354e+00 1. 1. 1.41421354e+00 1.41421354e+00 1.41421354e+00 2.
    2.82842708e+00 2.23606801e+00 0. 1.41421354e+00 2.82842708e+00
    2.23606801e+00 0. 1. 3.16227770e+00 3.16227770e+00 3.30151482e+01
    9.52575455e+01 9.63379440e+01 3.29848442e+01 0. 0. 0. 1. 1. 1. 1. 1.
    0. 1. 1. 1. 1.41421354e+00 1.41421354e+00 1.41421354e+00 1. 2.
    2.23606801e+00 1. 0. 0. 1. 1. 1. 1.41421354e+00 2. 1.41421354e+00 1.
    1.41421354e+00 1.41421354e+00 1. 1. 1.41421354e+00 2.23606801e+00 2.
    1. 0. 2.23606801e+00 2. 1. 2.23606801e+00 1.41421354e+00 1.
    1.41421354e+00 3. 1.41421354e+00 1. 1. 0. 0. 0. 1. 0. 1. 0. 1.
    1.41421354e+00 0. 1. 1. 1. 1.41421354e+00 0. 1. 1.41421354e+00
    1.41421354e+00 0. 1. 0. 0. 0. 1. 2.23606801e+00 0. 0. 2.23606801e+00
    0. 1. 1. 2. 1.41421354e+00 1. 1. 1.41421354e+00 1. 1. 1. 0. 1.
    1.41421354e+00 1.41421354e+00 0. 1. 0. 0. 1.41421354e+00
    1.41421354e+00 2. 1. 1. 1.41421354e+00 2. 1. 2. 2.23606801e+00
    2.23606801e+00 1. 1.41421354e+00 1. 1. 1.41421354e+00 1. 0. 1. 1. 1.
    1.41421354e+00 1.41421354e+00 1. 1. 0. 1.41421354e+00 2.23606801e+00
    3.16227770e+00 1.41421354e+00 1. 1. 1. 1. 32. 9.53362503e+01
    9.73242035e+01 3.45253525e+01 4.47213602e+00 3.16227770e+00
    3.60555124e+00 2. 0. 2. 1. 2. 3.60555124e+00 2.23606801e+00 3.
    1.41421354e+00 1. 2.82842708e+00 3. 3.16227770e+00 1.41421354e+00 1.
    1.41421354e+00 0. 0. 1. 1. 4.24264050e+00 3.16227770e+00 0. 2. 2. 0.
    1.41421354e+00 1.41421354e+00 2.23606801e+00 0. 3. 1.41421354e+00
    4.24264050e+00 3.60555124e+00 4. 3. 2.23606801e+00 3.16227770e+00 1.
    3.16227770e+00 2.23606801e+00 2.82842708e+00 0. 1. 3.16227770e+00 2.
    1. 2.23606801e+00 1.41421354e+00 2. 3. 2. 2.82842708e+00
    1.41421354e+00 2.23606801e+00 1.41421354e+00 0. 2. 1. 1.41421354e+00
    2.23606801e+00 1.41421354e+00 1.41421354e+00 2.23606801e+00
    3.60555124e+00 1.41421354e+00 1.41421354e+00 0. 1.41421354e+00 2. 1.
    1. 2. 1.41421354e+00 2.23606801e+00 1. 2.23606801e+00 2.23606801e+00
    2.23606801e+00 2.23606801e+00 3.16227770e+00 2.82842708e+00
    1.41421354e+00 0. 0. 1. 2.23606801e+00 1.41421354e+00 2. 1. 3. 0.
    3.60555124e+00 2. 1. 2.82842708e+00 2.23606801e+00 3.60555124e+00
    4.12310553e+00 1. 1. 1.41421354e+00 1.41421354e+00 3.16227770e+00
    2.82842708e+00 3. 3.60555124e+00 3.60555124e+00 2.23606801e+00 1.
    2.23606801e+00 3.16227770e+00 1.41421354e+00 2.23606801e+00
    3.16227770e+00 2. 3.22800255e+01 9.63379440e+01 9.54253616e+01 31.
    1. 0. 0. 1. 1. 1. 1. 0. 1. 0. 1. 1.41421354e+00 1.41421354e+00 1. 1.
    1. 1.41421354e+00 2. 2. 0. 0. 0. 1. 1.41421354e+00 1.41421354e+00 1.
    0. 1.41421354e+00 2.23606801e+00 0. 0. 1. 1. 1.41421354e+00
    2.82842708e+00 1.41421354e+00 1. 1.41421354e+00 2.82842708e+00 2. 2.
    2.82842708e+00 1. 2. 1. 2. 0. 1. 1. 0. 1. 1. 1. 0. 1. 1. 1.
    1.41421354e+00 2.23606801e+00 1. 1. 1. 1. 1. 1. 0. 0. 0. 0. 1. 1. 1.
    1.41421354e+00 2. 2. 1.41421354e+00 0. 1. 1. 1. 1. 0. 0. 1. 2. 1. 0.
    0. 1. 1. 2. 2. 1.41421354e+00 1.41421354e+00 1.41421354e+00
    1.41421354e+00 1. 0. 0. 1.41421354e+00 1. 2. 1. 3. 2. 2. 2. 1.
    1.41421354e+00 0. 1. 1. 1. 1. 1.41421354e+00 1. 1. 1. 0. 0. 1. 2. 1.
    1. 2.23606801e+00 1. 1. 1. 0. 24. 8.28613281e+01 1.07782188e+02
    5.67978859e+01 1.00498753e+01 1.41421354e+00 3. 3. 0. 2. 1. 0. 2. 3.
    1. 1. 2.23606801e+00 2.23606801e+00 1.41421354e+00 1.41421354e+00
    3.16227770e+00 2.23606801e+00 1.41421354e+00 1.41421354e+00 0. 1.
    1.41421354e+00 2.23606801e+00 4.24264050e+00 4. 2.23606801e+00
    1.41421354e+00 0. 2. 1. 3. 1. 2.23606801e+00 5. 4.47213602e+00 1.
    1.41421354e+00 2.82842708e+00 3.60555124e+00 2.23606801e+00 1. 3. 1.
    2.23606801e+00 1. 2.23606801e+00 1.41421354e+00 1. 1. 1. 1.
    2.82842708e+00 2. 2.23606801e+00 2.23606801e+00 1.41421354e+00
    3.16227770e+00 1. 2. 0. 1.41421354e+00 1. 0. 0. 0. 2.23606801e+00
    3.16227770e+00 1. 2. 1. 1. 1. 2.23606801e+00 3. 3. 2.23606801e+00
    1.41421354e+00 1. 0. 2.23606801e+00 2.23606801e+00 1. 1.
    2.23606801e+00 2.23606801e+00 3. 3. 1.41421354e+00 1. 1. 3.
    2.23606801e+00 2. 2.23606801e+00 1.41421354e+00 1. 1.41421354e+00
    3.16227770e+00 1. 3.60555124e+00 3.16227770e+00 1. 1. 1.41421354e+00
    3.16227770e+00 2.82842708e+00 1. 1. 3.16227770e+00 3.60555124e+00
    2.23606801e+00 2.23606801e+00 4.12310553e+00 2.23606801e+00
    1.41421354e+00 2.23606801e+00 1. 7.07106781e+00 5.23259010e+01
    1.06437775e+02 8.25651245e+01 22. 1. 1. 1. 1. 2. 1. 1. 0. 0. 1. 0.
    1. 1.41421354e+00 1.41421354e+00 1. 1.41421354e+00 1. 2.23606801e+00
    1. 0. 0. 1. 0. 1. 1.41421354e+00 1.41421354e+00 1.41421354e+00
    3.16227770e+00 2. 1.41421354e+00 1. 1.41421354e+00 2. 1.
    2.23606801e+00 2.23606801e+00 2. 2.23606801e+00 1. 4.12310553e+00
    1.41421354e+00 2. 2. 2.23606801e+00 3. 2. 1. 1. 1. 1.41421354e+00
    2.23606801e+00 1.41421354e+00 1. 1. 1. 1.41421354e+00 0. 2. 0. 1. 0.
    1.41421354e+00 1. 1. 0. 1. 1. 1. 1.41421354e+00 1.41421354e+00
    1.41421354e+00 1.41421354e+00 1. 1. 1. 0. 0. 0. 0. 1. 0. 0. 1. 1. 1.
    1.41421354e+00 2. 1.41421354e+00 2. 1. 1. 1.41421354e+00 1. 1. 2. 1.
    1. 1. 0. 1. 1. 1.41421354e+00 1. 1. 2.23606801e+00 2.23606801e+00
    1.41421354e+00 1. 1.41421354e+00 1.41421354e+00 1.41421354e+00
    1.41421354e+00 1. 1.41421354e+00 1. 1. 1. 0. 0. 0. 0. 1.41421354e+00
    2.23606801e+00 2. 1.41421354e+00 1. 0. 0. 0. 7. 5.23545609e+01
    1.07782188e+02 8.60232544e+01 2.61725044e+01 3. 2.23606801e+00 2. 0.
    2.23606801e+00 1. 1. 1. 1. 1. 1.41421354e+00 2.23606801e+00
    2.23606801e+00 2. 2.23606801e+00 1. 2.82842708e+00 1.41421354e+00
    1.41421354e+00 1.41421354e+00 0. 1. 1. 3. 4.12310553e+00
    2.23606801e+00 1. 1. 2.23606801e+00 2.23606801e+00 2. 2. 2.
    2.23606801e+00 2.23606801e+00 3.16227770e+00 2.82842708e+00
    2.23606801e+00 2.23606801e+00 2. 2.23606801e+00 2.23606801e+00 1. 0.
    0. 1. 1. 2.23606801e+00 2. 1.41421354e+00 2.23606801e+00
    1.41421354e+00 0. 1. 1.41421354e+00 2. 2. 3. 1. 1.41421354e+00
    2.23606801e+00 2. 2. 2.23606801e+00 2. 2.23606801e+00 2. 0.
    2.23606801e+00 0. 2. 2. 2.23606801e+00 2.23606801e+00 2.23606801e+00
    1.41421354e+00 1. 1. 1.41421354e+00 2.23606801e+00 1. 2.23606801e+00
    3.16227770e+00 1. 2.23606801e+00 2.23606801e+00 2.23606801e+00
    3.16227770e+00 3. 1.41421354e+00 1. 3.16227770e+00 2.23606801e+00
    1.41421354e+00 1. 1. 0. 2.82842708e+00 2. 3.60555124e+00
    2.82842708e+00 1. 1.41421354e+00 2.23606801e+00 2. 2. 3.16227770e+00
    4.12310553e+00 2. 3. 2. 2.82842708e+00 4.47213602e+00 2.82842708e+00
    3. 1. 2.23606801e+00 23. 8.35224533e+01 1.07331261e+02
    5.23259010e+01 6. 1. 1. 1. 1. 1.41421354e+00 2. 1. 1. 0. 1. 1. 0. 0.
    2. 2. 2.23606801e+00 2.23606801e+00 1.41421354e+00 1. 0. 1. 1.
    1.41421354e+00 0. 2. 2. 2.23606801e+00 2.23606801e+00 1.
    1.41421354e+00 1. 1. 1. 1. 1. 0. 0. 1.41421354e+00 2.23606801e+00 1.
    2.23606801e+00 2.23606801e+00 2.23606801e+00 1. 0. 1. 1. 1. 1.
    2.23606801e+00 0. 2.23606801e+00 1. 1.41421354e+00 1. 0. 1.
    1.41421354e+00 2.23606801e+00 0. 1.41421354e+00 1.41421354e+00 1. 1.
    1. 1. 0. 1. 2. 1. 0. 1. 1. 0. 1. 0. 0. 0. 1. 1. 1. 1.41421354e+00 0.
    1. 1.41421354e+00 1. 2. 2. 2. 1.41421354e+00 0. 1. 1.41421354e+00 1.
    1.41421354e+00 1. 1.41421354e+00 1. 1. 0. 2.82842708e+00 1. 1. 1. 1.
    1.41421354e+00 1. 1. 1. 0. 1.41421354e+00 1. 1. 1. 1. 1.41421354e+00
    1. 1.41421354e+00 0. 0. 0. 0. 1. 1. 1. 0. 0. 0. 0. 1. 3.08058434e+01
    9.77445679e+01 9.99249725e+01 3.42052612e+01 3.16227770e+00 1. 2. 1.
    2. 1. 1.41421354e+00 1. 2. 2. 1. 1. 2.23606801e+00 2. 1.41421354e+00
    1.41421354e+00 1.41421354e+00 2. 2.23606801e+00 1.41421354e+00
    2.23606801e+00 1.41421354e+00 1. 1. 1.41421354e+00 2.23606801e+00
    1.41421354e+00 1.41421354e+00 2. 1.41421354e+00 1.41421354e+00 1.
    1.41421354e+00 2.23606801e+00 2.23606801e+00 2. 2.23606801e+00
    2.82842708e+00 3.60555124e+00 1.41421354e+00 2.82842708e+00
    3.16227770e+00 1.41421354e+00 1. 2.23606801e+00 1.41421354e+00 1.
    2.82842708e+00 1. 1.41421354e+00 1. 0. 1. 1. 0. 2. 2. 2.
    2.23606801e+00 2. 2.23606801e+00 2. 1. 1. 2.23606801e+00 0.
    2.23606801e+00 1.41421354e+00 2.23606801e+00 4.24264050e+00
    3.16227770e+00 2. 3.60555124e+00 4.12310553e+00 1. 2.23606801e+00
    1.41421354e+00 1. 1. 1.41421354e+00 4.24264050e+00 3.60555124e+00 2.
    3.60555124e+00 2.23606801e+00 1.41421354e+00 3.60555124e+00 3.
    1.41421354e+00 3.16227770e+00 1.41421354e+00 0. 2. 4. 2.23606801e+00
    2.23606801e+00 1. 2.23606801e+00 2. 3.60555124e+00 1. 2. 2. 0.
    2.23606801e+00 3.16227770e+00 3.16227770e+00 2.23606801e+00
    3.16227770e+00 2.23606801e+00 0. 3.60555124e+00 1. 3.16227770e+00 2.
    1. 0. 3.35261078e+01 9.84936523e+01 9.70154648e+01 3.15753059e+01 0.
    1. 1. 1. 1.41421354e+00 1.41421354e+00 1. 1. 2.23606801e+00
    2.23606801e+00 0. 1. 0. 1. 1. 0. 1.41421354e+00 2.23606801e+00 2. 1.
    1. 1. 1.41421354e+00 1. 2. 1.41421354e+00 2. 1. 1. 2. 1. 1. 1. 0. 1.
    1.41421354e+00 1.41421354e+00 2.23606801e+00 1.41421354e+00 0. 0. 1.
    1.41421354e+00 0. 2. 1. 1. 0. 0. 1. 1. 2.23606801e+00 1.41421354e+00
    1. 0. 1.41421354e+00 1. 2.23606801e+00 1.41421354e+00 1.41421354e+00
    2. 1. 0. 1. 1. 0. 1. 1.41421354e+00 2.23606801e+00 1.41421354e+00 1.
    2.23606801e+00 2.23606801e+00 1. 0. 1. 1. 0. 0. 1.41421354e+00 1.
    2.23606801e+00 1. 2.23606801e+00 0. 0. 1. 1. 3. 1. 2.23606801e+00 1.
    1. 1. 0. 1.41421354e+00 1. 1.41421354e+00 1. 0. 1.41421354e+00 1.
    1.41421354e+00 2. 1. 1. 0. 2. 2. 1. 0. 1. 1. 1. 0. 1.41421354e+00
    1.41421354e+00 1. 1. 1. 1. 0. 0. 0. 0. 0. 0. 0. 1. 0. 1.
    2.30217285e+01 8.20060959e+01 1.06451866e+02 5.27730980e+01
    8.06225777e+00 2.23606801e+00 2.23606801e+00 2. 2.82842708e+00 1. 1.
    1. 1.41421354e+00 2.23606801e+00 2. 0. 1.41421354e+00 1.41421354e+00
    1. 1. 1. 1. 1. 2.82842708e+00 2.82842708e+00 1. 1. 2.23606801e+00 2.
    1.41421354e+00 1. 2. 1.41421354e+00 0. 1. 1. 1. 1. 1. 1. 1. 2.
    4.12310553e+00 4.12310553e+00 2.23606801e+00 5.09901953e+00
    1.41421354e+00 3.16227770e+00 1.41421354e+00 1.41421354e+00
    2.23606801e+00 1.41421354e+00 1. 1. 1. 2.23606801e+00 2.23606801e+00
    1.41421354e+00 2.23606801e+00 0. 2.82842708e+00 4.24264050e+00
    1.41421354e+00 3. 3.16227770e+00 1. 1. 0. 1. 1.41421354e+00 1. 1.
    4.24264050e+00 3.60555124e+00 1. 2.23606801e+00 2.82842708e+00
    3.16227770e+00 2.23606801e+00 2.23606801e+00 1.41421354e+00
    2.23606801e+00 3. 5.38516474e+00 3.60555124e+00 1. 0. 1.41421354e+00
    2.82842708e+00 2. 1.41421354e+00 1. 3.16227770e+00 1. 2.23606801e+00
    3. 3.60555124e+00 1. 2. 1.41421354e+00 1. 1. 1. 1. 2. 2.23606801e+00
    1.41421354e+00 2.23606801e+00 2.23606801e+00 1.41421354e+00 0. 1. 1.
    1. 2.23606801e+00 2.23606801e+00 1.41421354e+00 2.82842708e+00 1. 0.
    9.05538559e+00 5.50090904e+01 1.05546196e+02 7.94040298e+01
    2.30217285e+01 1.41421354e+00 1. 1.41421354e+00 1.41421354e+00 0. 1.
    0. 1. 0. 2.82842708e+00 3.16227770e+00 0. 0. 1. 2. 1.41421354e+00 1.
    1. 1. 1. 1.41421354e+00 1. 2. 1. 1. 2. 1. 1.41421354e+00 1.
    1.41421354e+00 0. 1. 1.41421354e+00 1.41421354e+00 1.41421354e+00
    1.41421354e+00 1. 0. 1.41421354e+00 1. 1.41421354e+00 1. 1.
    1.41421354e+00 1. 1. 1. 0. 0. 1. 1. 1.41421354e+00 0. 0. 1. 1.
    1.41421354e+00 1. 2.23606801e+00 0. 1.41421354e+00 1.41421354e+00 1.
    1.41421354e+00 1.41421354e+00 1. 0. 2. 2. 1.41421354e+00
    2.82842708e+00 2.23606801e+00 1. 1. 0. 1. 1. 0. 1.41421354e+00
    2.23606801e+00 1. 3.16227770e+00 2.23606801e+00 1. 1. 0. 0. 1.
    2.23606801e+00 2.23606801e+00 1. 2. 1.41421354e+00 1. 1. 1. 1. 1. 1.
    1. 1. 3. 2. 1. 1. 1. 1.41421354e+00 1.41421354e+00 1.41421354e+00 1.
    2. 0. 0. 1. 1. 1.41421354e+00 1.41421354e+00 1.41421354e+00 1. 1. 0.
    1. 1. 0. 1. 0. 0. 1.41421354e+00 1. 2. 0. 7. 5.32259331e+01
    1.09772491e+02 8.76584244e+01 2.43515911e+01 1. 2.23606801e+00
    1.41421354e+00 3.16227770e+00 1.41421354e+00 1. 1.41421354e+00 1.
    1.41421354e+00 3.60555124e+00 2.23606801e+00 2.23606801e+00
    2.23606801e+00 1. 1. 0. 1. 2.82842708e+00 3.60555124e+00
    1.41421354e+00 2.23606801e+00 2.23606801e+00 1. 3. 2.23606801e+00 2.
    1. 2.82842708e+00 2. 2. 2. 2.23606801e+00 1.41421354e+00 0. 0.
    3.16227770e+00 3.60555124e+00 2.23606801e+00 3.16227770e+00 1.
    5.38516474e+00 3.16227770e+00 1.41421354e+00 4.24264050e+00 2. 0. 1.
    1.41421354e+00 2. 2. 1.41421354e+00 1. 3.16227770e+00 1.41421354e+00
    3.60555124e+00 4.24264050e+00 2.23606801e+00 1.41421354e+00 4. 3. 1.
    1. 1. 1. 1. 1. 2. 4.12310553e+00 1. 4.12310553e+00 2.82842708e+00 3.
    1. 1.41421354e+00 1. 0. 2.23606801e+00 2.82842708e+00 2.23606801e+00
    1. 1. 0. 1.41421354e+00 1.41421354e+00 0. 1. 1. 1. 2.82842708e+00
    3.60555124e+00 2. 4.24264050e+00 4.47213602e+00 1. 1. 1.
    2.23606801e+00 2. 2. 2.23606801e+00 2.23606801e+00 2.23606801e+00 3.
    1. 1. 2. 0. 1. 1.41421354e+00 2.23606801e+00 1.41421354e+00 2.
    2.23606801e+00 1. 1.41421354e+00 2.62488098e+01 8.85494232e+01
    1.07540688e+02 5.00899200e+01 7. 1.41421354e+00 0. 1.41421354e+00
    1.41421354e+00 0. 1.41421354e+00 0. 0. 1.41421354e+00 1.
    2.82842708e+00 2.23606801e+00 1. 1.41421354e+00 1.41421354e+00
    2.23606801e+00 1.41421354e+00 1. 1. 0. 1.41421354e+00 2. 1. 1.
    1.41421354e+00 2. 1. 1.41421354e+00 2.23606801e+00 1. 1. 1. 0. 1. 1.
    0. 0. 1. 1. 1. 0. 2. 1. 1.41421354e+00 1. 2. 1. 1. 0. 0. 1. 0. 1. 0.
    1.41421354e+00 1. 0. 1. 2.23606801e+00 1. 1.41421354e+00 2. 0. 2. 1.
    1. 1. 1. 2.23606801e+00 2.23606801e+00 1.41421354e+00 0. 2. 1. 0. 0.
    1. 1.41421354e+00 1.41421354e+00 1.41421354e+00 1. 2. 1.41421354e+00
    1. 0. 0. 0. 0. 1.41421354e+00 2.23606801e+00 1. 2.23606801e+00 1. 1.
    0. 1.41421354e+00 1. 1. 1.41421354e+00 2. 2.23606801e+00 3.
    2.82842708e+00 1. 2. 1.41421354e+00 1.41421354e+00 2.23606801e+00
    1.41421354e+00 2. 1. 1.41421354e+00 1.41421354e+00 1. 2.23606801e+00
    1. 1.41421354e+00 0. 1. 1. 1. 1. 1. 2. 1. 1.41421354e+00
    1.41421354e+00 1. 2.23606801e+00 1. 1. 1. 2.56320114e+01
    8.85494232e+01 1.09416634e+02 5.32259331e+01 8.24621105e+00
    3.60555124e+00 2. 2.23606801e+00 2.23606801e+00 2.23606801e+00
    2.23606801e+00 3. 1. 2.23606801e+00 3.60555124e+00 2. 1.41421354e+00
    0. 1. 1. 2. 3.16227770e+00 1. 1. 2.23606801e+00 2. 1.41421354e+00 1.
    2. 2.23606801e+00 3.60555124e+00 3.16227770e+00 2. 2.23606801e+00 1.
    2.23606801e+00 2.82842708e+00 1.41421354e+00 2.23606801e+00
    4.24264050e+00 3. 1. 2.82842708e+00 4.12310553e+00 3. 4.47213602e+00
    1.41421354e+00 2.23606801e+00 2.82842708e+00 2. 2. 2. 0.
    1.41421354e+00 2.23606801e+00 3.16227770e+00 2.23606801e+00
    1.41421354e+00 4.12310553e+00 2. 1.41421354e+00 1.41421354e+00 2.
    3.60555124e+00 2. 2.23606801e+00 2.23606801e+00 2.23606801e+00 1. 0.
    2.23606801e+00 4. 2. 4.12310553e+00 3.16227770e+00 1.41421354e+00 1.
    2. 1. 1. 1. 0. 2. 2. 1. 1.41421354e+00 2.82842708e+00 2.23606801e+00
    2.23606801e+00 1.41421354e+00 2. 1. 3. 1. 2. 1.41421354e+00
    3.60555124e+00 3.16227770e+00 0. 3.16227770e+00 3.60555124e+00 3.
    1.41421354e+00 0. 1. 1. 3.60555124e+00 1.41421354e+00 2.23606801e+00
    2. 1. 1.41421354e+00 2. 1. 1.41421354e+00 1. 3.16227770e+00
    3.16227770e+00 9.21954441e+00 5.42309875e+01 1.09274879e+02
    8.54224777e+01 2.34093990e+01 0. 1.41421354e+00 1. 1. 1. 0.
    1.41421354e+00 1. 0. 1. 2.23606801e+00 1. 2.82842708e+00 1. 1. 1.
    2.23606801e+00 3.16227770e+00 2. 2.23606801e+00 1. 1.41421354e+00 1.
    0. 2. 1. 3. 1. 2. 1. 1.41421354e+00 1. 1. 0. 0. 0. 0. 0. 1.
    1.41421354e+00 1. 2. 1. 2. 1.41421354e+00 1. 2. 1. 1.41421354e+00 1.
    0. 0. 1. 0. 0. 0. 2.23606801e+00 1.41421354e+00 1. 2.23606801e+00
    2.82842708e+00 1.41421354e+00 2. 1. 1.41421354e+00 1.41421354e+00 0.
    1. 0. 1. 1. 1. 1.41421354e+00 0. 1. 0. 1. 1. 0. 1. 0. 1.41421354e+00
    1.41421354e+00 1.41421354e+00 0. 1. 0. 0. 1. 2.23606801e+00 1.
    2.23606801e+00 2.23606801e+00 0. 0. 1.41421354e+00 1.41421354e+00 1.
    0. 2.23606801e+00 1.41421354e+00 1.41421354e+00 1. 3.16227770e+00 3.
    1.41421354e+00 0. 1.41421354e+00 1.41421354e+00 1. 1. 1.41421354e+00
    1. 2.23606801e+00 2.23606801e+00 1.41421354e+00 2.23606801e+00 0.
    1.41421354e+00 2.23606801e+00 2.23606801e+00 1.41421354e+00 1. 1. 2.
    1.41421354e+00 0. 1. 2.82842708e+00 2. 1. 1.41421354e+00
    1.41421354e+00 9. 5.36656303e+01 1.05990562e+02 8.39345016e+01
    2.50199928e+01 2.23606801e+00 1.41421354e+00 2. 2. 0. 3.
    2.82842708e+00 3.16227770e+00 2.23606801e+00 2.23606801e+00
    2.23606801e+00 1. 1. 2.23606801e+00 1.41421354e+00 1.41421354e+00
    4.47213602e+00 3.60555124e+00 1. 1.41421354e+00 2. 1. 2.23606801e+00
    1. 2.23606801e+00 2.23606801e+00 1.41421354e+00 1.41421354e+00
    1.41421354e+00 1. 0. 4.12310553e+00 3.16227770e+00 4. 5.09901953e+00
    2.23606801e+00 3.60555124e+00 4. 4.47213602e+00 2.23606801e+00 2.
    2.23606801e+00 0. 1.41421354e+00 0. 0. 1. 1. 0. 1.41421354e+00 1. 1.
    1.41421354e+00 2.23606801e+00 1.41421354e+00 1. 0. 1. 1.41421354e+00
    2. 1.41421354e+00 1.41421354e+00 2.23606801e+00 2. 1. 2.23606801e+00
    1.41421354e+00 3.16227770e+00 1.41421354e+00 2. 3.16227770e+00
    1.41421354e+00 1.41421354e+00 1. 1. 2.23606801e+00 1. 1.41421354e+00
    2. 2. 2.23606801e+00 2.23606801e+00 0. 3.16227770e+00 1.
    2.23606801e+00 0. 2.82842708e+00 3. 3.16227770e+00 3.16227770e+00 1.
    2.23606801e+00 3. 4.24264050e+00 3.60555124e+00 1.41421354e+00
    3.16227770e+00 2.23606801e+00 1.41421354e+00 1. 2. 2.23606801e+00
    2.82842708e+00 1. 2.23606801e+00 1.41421354e+00 2.23606801e+00
    2.23606801e+00 1. 2.82842708e+00 1.41421354e+00 1.41421354e+00
    2.50798721e+01 8.39345016e+01 1.06929886e+02 5.23259010e+01
    6.08276272e+00 1. 1. 1. 0. 0. 0. 1. 1.41421354e+00 1.41421354e+00
    1.41421354e+00 1.41421354e+00 2.82842708e+00 0. 1.41421354e+00 1.
    1.41421354e+00 1. 1.41421354e+00 1. 1. 1.41421354e+00 0. 1. 1. 1.
    1.41421354e+00 2.23606801e+00 1.41421354e+00 1.41421354e+00
    2.23606801e+00 1. 1. 1. 0. 0. 0. 0. 0. 1.41421354e+00 2.
    2.23606801e+00 1.41421354e+00 1. 1. 1.41421354e+00 0. 1.
    1.41421354e+00 1.41421354e+00 1.41421354e+00 1.41421354e+00 1. 0. 2.
    1. 2.23606801e+00 1. 2.23606801e+00 1.41421354e+00 1. 2.23606801e+00
    1.41421354e+00 1. 1.41421354e+00 1. 2. 1.41421354e+00 1.41421354e+00
    1. 0. 1. 1.41421354e+00 1.41421354e+00 1.41421354e+00 0. 0. 1.
    1.41421354e+00 1. 1.41421354e+00 2. 1.41421354e+00 2.82842708e+00 1.
    2. 2. 2.23606801e+00 1.41421354e+00 2.23606801e+00 1. 2.23606801e+00
    2.82842708e+00 1. 1. 0. 1. 1. 2.23606801e+00 1. 1. 2. 2.23606801e+00
    3.60555124e+00 1.41421354e+00 3. 1. 1.41421354e+00 1. 1. 1. 1.
    2.23606801e+00 1.41421354e+00 1.41421354e+00 2.23606801e+00
    1.41421354e+00 1. 0. 2. 1. 1.41421354e+00 2.82842708e+00
    1.41421354e+00 0. 0. 2. 2. 2.23606801e+00 2.23606801e+00
    1.41421354e+00 2. 1.41421354e+00 1. 1.41421354e+00 3.29848442e+01
    9.87167664e+01 9.84885788e+01 3.22800255e+01 2.82842708e+00 1.
    1.41421354e+00 2.82842708e+00 3.16227770e+00 0. 4. 3.16227770e+00 3.
    4.12310553e+00 3.16227770e+00 1.41421354e+00 3.16227770e+00 1.
    3.16227770e+00 3.16227770e+00 2.23606801e+00 4.47213602e+00 2. 1. 0.
    2.23606801e+00 1. 2.23606801e+00 1.41421354e+00 1. 0. 2.82842708e+00
    3.16227770e+00 3.16227770e+00 3.16227770e+00 3. 2.82842708e+00
    4.47213602e+00 2.82842708e+00 5. 3.16227770e+00 0. 3.16227770e+00
    1.41421354e+00 3. 1.41421354e+00 2.23606801e+00 2. 1.41421354e+00 3.
    2. 1. 0. 1. 3. 1. 0. 2. 2. 0. 1. 1. 1. 0. 1. 2.23606801e+00
    2.82842708e+00 2. 1.41421354e+00 1. 2. 1. 1.41421354e+00 1. 2.
    3.16227770e+00 1.41421354e+00 1.41421354e+00 2.23606801e+00
    3.16227770e+00 2.23606801e+00 1.41421354e+00 2.23606801e+00 2. 1. 1.
    3.16227770e+00 3.60555124e+00 1. 2. 0. 2. 2. 1. 2.23606801e+00
    2.23606801e+00 1. 2.82842708e+00 2.23606801e+00 1. 3. 4. 0. 2. 2.
    2.23606801e+00 1.41421354e+00 1. 1. 0. 1.41421354e+00 1.41421354e+00
    1.41421354e+00 3. 3.16227770e+00 4.47213602e+00 3.60555124e+00
    3.29848442e+01 9.99249725e+01 9.87167664e+01 3.27566795e+01 0.
    1.41421354e+00 1.41421354e+00 1.41421354e+00 1.41421354e+00 1. 0. 1.
    1. 1. 0. 0. 1.41421354e+00 2.23606801e+00 1. 1. 1. 1. 2.23606801e+00
    1.41421354e+00 1. 1. 1. 0. 1. 0. 0. 1.41421354e+00 3.16227770e+00
    2.23606801e+00 1. 1. 2. 1. 1. 1. 0. 0. 1.41421354e+00 1.41421354e+00
    1. 1. 1.41421354e+00 1. 0. 1. 1. 1. 1. 1. 0. 1. 1. 0. 1. 0. 1. 1.
    1.41421354e+00 1.41421354e+00 2.23606801e+00 1. 1. 0. 1.41421354e+00
    1. 2. 1. 1. 1.41421354e+00 0. 1. 1.41421354e+00 1.41421354e+00
    1.41421354e+00 1. 1. 2. 1. 0. 1. 1. 1.41421354e+00 1. 1.41421354e+00
    3.16227770e+00 2. 1.41421354e+00 1. 1. 1.41421354e+00 2. 1. 1. 1. 0.
    0. 1.41421354e+00 1.41421354e+00 1. 1.41421354e+00 1. 0.
    1.41421354e+00 2. 1. 1. 0. 1. 1.41421354e+00 1. 2. 2.23606801e+00
    2.23606801e+00 2. 0. 1. 0. 0. 1.41421354e+00 2.82842708e+00
    2.23606801e+00 1. 1.41421354e+00 1.41421354e+00 0. 1. 1.
    1.41421354e+00 1.41421354e+00 2.23606801e+00 3.16227770e+00
    1.41421354e+00 1. 1.41421354e+00 24. 8.44807663e+01 1.06437775e+02
    5.19711456e+01 7.28010988e+00 1. 0. 1. 2.82842708e+00 4.
    1.41421354e+00 2.23606801e+00 0. 1. 1.41421354e+00 1. 1. 3. 3.
    2.82842708e+00 2.23606801e+00 4. 2. 1. 0. 1. 2.82842708e+00
    2.23606801e+00 0. 1. 2.23606801e+00 2.82842708e+00 2.23606801e+00 2.
    4.24264050e+00 2.23606801e+00 2.23606801e+00 0. 3.16227770e+00
    1.41421354e+00 2.23606801e+00 5.38516474e+00 2.23606801e+00 0. 2.
    3.60555124e+00 1.41421354e+00 3. 3. 1.41421354e+00 1.41421354e+00 1.
    2. 2.23606801e+00 1. 2.23606801e+00 1. 2.82842708e+00 1. 1. 0. 2. 1.
    0. 1.41421354e+00 2.23606801e+00 3. 1.41421354e+00 1.41421354e+00 1.
    0. 2.82842708e+00 2. 1. 2.23606801e+00 2. 1.41421354e+00 1. 2. 1.
    2.23606801e+00 1.41421354e+00 1. 1. 2. 2.82842708e+00 4.47213602e+00
    2. 2.23606801e+00 2.23606801e+00 2.23606801e+00 0. 1. 1. 1.
    2.82842708e+00 2. 1. 2.23606801e+00 3.60555124e+00 2.23606801e+00
    3.16227770e+00 2.23606801e+00 1. 2.23606801e+00 1.41421354e+00
    1.41421354e+00 1. 1. 1.41421354e+00 2. 2.23606801e+00 3.60555124e+00
    4.47213602e+00 2. 1.41421354e+00 5.38516474e+00 5.28393784e+01
    1.07782188e+02 8.35224533e+01 24. 0. 1. 1. 0. 1. 1.41421354e+00 2.
    1. 1. 0. 0. 0. 1. 0. 1. 2. 1. 1. 2.23606801e+00 1.41421354e+00 1.
    1.41421354e+00 1.41421354e+00 1. 0. 0. 0. 1. 2. 2.82842708e+00
    2.23606801e+00 0. 1.41421354e+00 2. 1.41421354e+00 1. 1. 1.
    1.41421354e+00 1.41421354e+00 2. 1.41421354e+00 1. 1. 1.41421354e+00
    0. 2. 1. 1. 1.41421354e+00 1. 1.41421354e+00 2.23606801e+00 0. 1.
    1.41421354e+00 2.23606801e+00 0. 2. 1. 0. 2.23606801e+00 0. 0. 0. 1.
    1. 1.41421354e+00 1. 1.41421354e+00 1.41421354e+00 0. 1.
    1.41421354e+00 1.41421354e+00 1. 0. 0. 1. 0. 0. 0. 0. 1.
    3.16227770e+00 1.41421354e+00 2. 2.23606801e+00 1.41421354e+00
    1.41421354e+00 1.41421354e+00 1.41421354e+00 2.23606801e+00 1. 1. 0.
    1. 1. 0. 2.23606801e+00 1.41421354e+00 1.41421354e+00 1. 0. 1. 0. 0.
    1. 1. 1.41421354e+00 1.41421354e+00 1. 1.41421354e+00 1.41421354e+00
    1.41421354e+00 1. 1. 1. 1.41421354e+00 0. 1. 2.23606801e+00
    2.23606801e+00 1. 1.41421354e+00 1. 1.41421354e+00 1.41421354e+00
    1.41421354e+00 1.41421354e+00 1.41421354e+00 2.23606801e+00
    2.23606801e+00 1. 1.41421354e+00 9.05538559e+00 5.36656303e+01
    1.09931801e+02 8.67698135e+01 2.62488098e+01 1. 1.41421354e+00 0.
    2.23606801e+00 4.24264050e+00 4.12310553e+00 2.82842708e+00
    1.41421354e+00 2.23606801e+00 1. 1.41421354e+00 2. 2.23606801e+00
    1.41421354e+00 4.12310553e+00 3.16227770e+00 2.23606801e+00
    2.23606801e+00 1.41421354e+00 1.41421354e+00 2.23606801e+00
    2.23606801e+00 1. 2.23606801e+00 2.23606801e+00 2.23606801e+00
    1.41421354e+00 1. 1. 1.41421354e+00 3.60555124e+00 0. 1.41421354e+00
    1.41421354e+00 2. 3.60555124e+00 2. 2.23606801e+00 1.41421354e+00
    3.16227770e+00 0. 3. 2.23606801e+00 2. 2.23606801e+00 1.41421354e+00
    1. 1. 1. 2. 1. 1.41421354e+00 1.41421354e+00 0. 0. 2. 1.41421354e+00
    1.41421354e+00 1.41421354e+00 1. 1.41421354e+00 1. 2. 2.23606801e+00
    1. 2.82842708e+00 2.23606801e+00 1. 2. 2. 1.41421354e+00 1. 0. 3. 4.
    0. 2. 0. 0. 2.23606801e+00 4. 1.41421354e+00 5. 4.47213602e+00 1.
    1.41421354e+00 2.23606801e+00 1. 2.23606801e+00 2.23606801e+00
    2.23606801e+00 3. 1. 2.23606801e+00 4.12310553e+00 4.12310553e+00 1.
    1. 2.23606801e+00 1. 0. 1. 1. 1. 1. 1. 4.47213602e+00 4.12310553e+00
    1. 2. 3. 2.40416298e+01 8.90056152e+01 1.10276924e+02 5.23259010e+01
    8.06225777e+00 0. 1. 1.41421354e+00 2. 1. 1. 2.23606801e+00 1. 1. 0.
    1. 1. 1. 0. 0. 1. 1.41421354e+00 1. 1.41421354e+00 2.23606801e+00 2.
    1. 1. 1. 0. 0. 0. 1. 1. 1.41421354e+00 3.16227770e+00 2.23606801e+00
    2.23606801e+00 3.16227770e+00 1. 2.23606801e+00 1. 1. 0.
    2.23606801e+00 1. 1.41421354e+00 2. 3.16227770e+00 1. 2. 1.
    1.41421354e+00 1. 1. 1. 2.23606801e+00 0. 1. 1. 1. 2.23606801e+00
    2.23606801e+00 0. 1. 1. 1. 1.41421354e+00 1. 0. 0. 0. 2.
    1.41421354e+00 1.41421354e+00 1.41421354e+00 1. 0. 1. 1.41421354e+00
    1.41421354e+00 0. 1. 1. 1. 0. 0. 0. 2. 1.41421354e+00 2.
    1.41421354e+00 1. 0. 1. 1.41421354e+00 0. 1.41421354e+00 1. 0. 1. 1.
    2. 0. 2.23606801e+00 1.41421354e+00 1. 1. 0. 0. 0. 1.41421354e+00 1.
    1. 1. 1.41421354e+00 2.82842708e+00 2. 1. 1. 1.41421354e+00 1.
    1.41421354e+00 1. 1.41421354e+00 1. 0. 1. 0. 1. 0. 0. 1.
    1.41421354e+00 2.23606801e+00 2. 1.41421354e+00 2. 1. 0. 1.
    2.62488098e+01 8.81022110e+01 1.12605507e+02 6.04400520e+01
    1.20415945e+01 1. 2.23606801e+00 1. 3.16227770e+00 4.47213602e+00
    4.12310553e+00 1. 1. 1.41421354e+00 1. 1.41421354e+00 2. 3. 1.
    2.23606801e+00 0. 2. 2.23606801e+00 1.41421354e+00 0. 1.41421354e+00
    1.41421354e+00 3. 1.41421354e+00 2. 1. 1.41421354e+00 2.23606801e+00
    1. 2.23606801e+00 1. 1.41421354e+00 1. 2.23606801e+00 3.16227770e+00
    3.16227770e+00 2.23606801e+00 2.82842708e+00 2.23606801e+00
    3.60555124e+00 3. 1. 1. 1. 1. 2. 2.23606801e+00 1. 1. 1.41421354e+00
    2.23606801e+00 1.41421354e+00 1. 1.41421354e+00 1.41421354e+00
    2.23606801e+00 2.23606801e+00 1.41421354e+00 1.41421354e+00
    1.41421354e+00 1.41421354e+00 2.82842708e+00 2.23606801e+00 1. 1. 2.
    3.16227770e+00 2.23606801e+00 1.41421354e+00 1. 0. 2.23606801e+00
    2.23606801e+00 2.23606801e+00 4.12310553e+00 3.16227770e+00
    2.23606801e+00 0. 2. 2.82842708e+00 4.47213602e+00 5.83095169e+00
    4.12310553e+00 4.24264050e+00 1.41421354e+00 0. 2.23606801e+00 2.
    3.16227770e+00 3. 0. 1.41421354e+00 2. 0. 2.23606801e+00
    2.23606801e+00 2.23606801e+00 2.23606801e+00 0. 1.41421354e+00
    2.23606801e+00 1.41421354e+00 1. 1. 2.23606801e+00 2.23606801e+00 1.
    2. 2.23606801e+00 10. 6.20080643e+01 1.13991226e+02 8.67640457e+01
    2.37697277e+01 1.41421354e+00 1. 0. 1.41421354e+00 2. 2.23606801e+00
    1.41421354e+00 1.41421354e+00 1.41421354e+00 0. 1.41421354e+00 1. 1.
    1. 1. 1.41421354e+00 1. 1. 2.23606801e+00 1. 2. 2.23606801e+00
    1.41421354e+00 1. 1.41421354e+00 1. 0. 1. 1. 1. 1.41421354e+00
    3.16227770e+00 2.23606801e+00 1.41421354e+00 2.82842708e+00 2. 1. 1.
    2. 1. 2. 1. 0. 2. 1. 2. 1. 1.41421354e+00 1. 1. 0. 1. 0.
    2.23606801e+00 1. 1. 0. 1.41421354e+00 2.23606801e+00 0. 1. 1. 1. 2.
    2.23606801e+00 1.41421354e+00 1. 1. 1. 1. 1. 1. 1. 1. 1. 1.
    1.41421354e+00 1. 0. 1. 1. 1.41421354e+00 0. 0. 1. 2.23606801e+00
    1.41421354e+00 1. 0. 1. 1. 2. 1. 1.41421354e+00 1. 1. 1. 1. 2. 1.
    1.41421354e+00 2.23606801e+00 1. 1. 0. 0. 1. 1. 1.41421354e+00 1. 0.
    0. 1. 2.23606801e+00 1.41421354e+00 0. 1.41421354e+00 1. 1.
    1.41421354e+00 1.41421354e+00 1. 1. 1. 1. 1. 0. 0. 0. 0. 1. 1. 1. 1.
    1. 1.41421354e+00 1.41421354e+00 9.05538559e+00 4.61410866e+01
    1.05475113e+02 1.06216759e+02 4.61410866e+01 8. 1.41421354e+00
    2.82842708e+00 2.23606801e+00 0. 2.82842708e+00 3.60555124e+00
    1.41421354e+00 0. 2.23606801e+00 2.23606801e+00 1. 2. 1. 2.
    1.41421354e+00 2. 1. 1.41421354e+00 2.23606801e+00 1.41421354e+00 1.
    3.60555124e+00 3.60555124e+00 1.41421354e+00 2.23606801e+00 2.
    2.23606801e+00 1. 2.23606801e+00 1. 2. 2.23606801e+00 1.
    1.41421354e+00 2. 1. 2. 1.41421354e+00 2. 3.16227770e+00
    1.41421354e+00 0. 1. 2. 0. 2.23606801e+00 2.23606801e+00
    2.23606801e+00 3.16227770e+00 2.23606801e+00 2.23606801e+00 2. 1. 1.
    2. 1. 2.23606801e+00 1.41421354e+00 2.23606801e+00 0. 2.82842708e+00
    1. 1. 2.23606801e+00 2.82842708e+00 2.23606801e+00 0. 1. 0.
    1.41421354e+00 1.41421354e+00 2. 3.60555124e+00 4. 1.41421354e+00 3.
    2.82842708e+00 2. 0. 2. 3.16227770e+00 0. 3.16227770e+00
    2.82842708e+00 2.82842708e+00 2.23606801e+00 2. 0. 1.41421354e+00
    1.41421354e+00 0. 1. 3. 2.23606801e+00 1. 2.23606801e+00 1. 2.
    2.23606801e+00 1.41421354e+00 0. 2.23606801e+00 1. 1.41421354e+00
    3.16227770e+00 3. 1.41421354e+00 6. 4.52769241e+01 1.06962608e+02
    1.06216759e+02 4.49444084e+01 8. 2.23606801e+00 1. 0. 1.41421354e+00
    0. 3. 1. 2. 1.41421354e+00 1. 1. 1.41421354e+00 1. 0. 0. 1.
    1.41421354e+00 1. 1. 2.23606801e+00 0. 1.41421354e+00 2.82842708e+00
    1.41421354e+00 0. 1.41421354e+00 2. 1. 2. 1. 2.23606801e+00 1. 2.
    2.23606801e+00 0. 2.23606801e+00 1.41421354e+00 1. 0. 1. 0. 2. 1.
    2.23606801e+00 3.16227770e+00 1.41421354e+00 1. 0. 1. 0. 0. 1.
    1.41421354e+00 1. 1.41421354e+00 1. 1.41421354e+00 0. 2. 1.
    2.23606801e+00 2. 2. 1. 1. 1.41421354e+00 1.41421354e+00 2. 0.
    2.23606801e+00 2. 1.41421354e+00 1.41421354e+00 1.41421354e+00
    1.41421354e+00 1. 1. 1. 1. 1. 1.41421354e+00 1. 1.41421354e+00 0. 0.
    1. 1. 0. 0. 1. 1. 2. 1. 1. 2. 0. 1. 1. 1. 1.41421354e+00
    1.41421354e+00 1. 2. 0. 0. 0. 0. 1. 1. 1. 0. 0. 0. 0. 1.41421354e+00
    1. 1.41421354e+00 1. 1. 1.41421354e+00 0. 1.41421354e+00 1. 1. 1. 1.
    0. 0. 0. 0. 0. 0. 0. 1. 1. 1.41421354e+00 1.41421354e+00
    1.41421354e+00 1.06301460e+01 6.09590034e+01 1.13991226e+02 89.
    2.52982216e+01 0. 2. 3.16227770e+00 2.82842708e+00 1. 2.23606801e+00
    3.16227770e+00 2. 0. 2. 1. 1.41421354e+00 0. 2. 2. 0. 2.23606801e+00
    2.82842708e+00 1. 3. 3.60555124e+00 3.16227770e+00 5.83095169e+00
    3.60555124e+00 1. 2.23606801e+00 1. 0. 2. 1. 0. 1.41421354e+00
    1.41421354e+00 2. 1. 1. 1. 2.23606801e+00 2.23606801e+00
    2.23606801e+00 2.23606801e+00 1. 1. 3.16227770e+00 3.16227770e+00
    2.23606801e+00 2.23606801e+00 3. 2. 3. 3.16227770e+00 1.41421354e+00
    1. 0. 0. 2. 1.41421354e+00 2.23606801e+00 2. 3. 2.23606801e+00
    1.41421354e+00 3.60555124e+00 3.16227770e+00 2. 1.41421354e+00 2.
    1.41421354e+00 1.41421354e+00 1. 1.41421354e+00 2.23606801e+00 1. 3.
    4.12310553e+00 2.82842708e+00 2.23606801e+00 1. 1. 1.41421354e+00
    4.24264050e+00 3.16227770e+00 2.23606801e+00 1. 1. 2.23606801e+00
    2.23606801e+00 2.23606801e+00 1. 1.41421354e+00 1. 1. 1.41421354e+00
    2.23606801e+00 3.16227770e+00 2. 1.41421354e+00 2.23606801e+00 2. 1.
    2.82842708e+00 4. 2.82842708e+00 1.41421354e+00 2. 1.41421354e+00 1.
    2.34093990e+01 8.81022110e+01 1.16211014e+02 6.31268578e+01
    1.14017544e+01 1. 1.41421354e+00 0. 1. 1. 1.41421354e+00 2.
    1.41421354e+00 1. 1.41421354e+00 1. 1. 2. 1. 0. 1. 1. 2.23606801e+00
    1. 1.41421354e+00 1.41421354e+00 1.41421354e+00 0. 1.41421354e+00
    2.23606801e+00 1.41421354e+00 1. 2.23606801e+00 0. 1. 2. 0. 1. 1. 1.
    1.41421354e+00 1.41421354e+00 1. 0. 0. 1. 1.41421354e+00
    1.41421354e+00 0. 0. 2.23606801e+00 2.23606801e+00 0. 0. 0. 0. 1. 1.
    2. 1. 1. 1. 1. 1. 2.23606801e+00 2.23606801e+00 1. 2.23606801e+00 1.
    1. 1. 1. 1.41421354e+00 2.23606801e+00 1. 3.16227770e+00
    1.41421354e+00 1.41421354e+00 1.41421354e+00 0. 1.41421354e+00 1. 1.
    2. 0. 1. 1.41421354e+00 1.41421354e+00 1.41421354e+00 1. 0. 1. 1. 0.
    0. 1. 3. 2.23606801e+00 1. 1. 1. 1. 0. 0. 0. 1. 2. 1. 0. 1. 0. 0. 0.
    1. 1.41421354e+00 0. 1.41421354e+00 0. 0. 0. 1. 1. 1.41421354e+00 1.
    1.41421354e+00 1. 1. 2. 0. 1. 1. 0. 0. 0. 0. 0. 0. 0. 0. 0. 2.
    1.41421354e+00 1.41421354e+00 1. 1.41421354e+00 2.43515911e+01 89.
    1.09772491e+02 5.23259010e+01 9.05538559e+00 1.41421354e+00 1.
    3.16227770e+00 2.23606801e+00 3.60555124e+00 2.23606801e+00
    1.41421354e+00 3.16227770e+00 2.82842708e+00 1.41421354e+00
    2.23606801e+00 2.23606801e+00 2. 1.41421354e+00 1.41421354e+00
    2.23606801e+00 1.41421354e+00 1. 4.12310553e+00 4. 1.41421354e+00
    4.12310553e+00 4.47213602e+00 1.41421354e+00 1. 0. 1.41421354e+00 1.
    1. 1.41421354e+00 0. 3.16227770e+00 2.23606801e+00 2.23606801e+00 3.
    2.23606801e+00 1. 1. 2.23606801e+00 3.16227770e+00 2.23606801e+00
    2.23606801e+00 1. 3.16227770e+00 4. 2. 1.41421354e+00 3.16227770e+00
    2.82842708e+00 2.23606801e+00 1.41421354e+00 1.41421354e+00 1. 1.
    1.41421354e+00 1. 2.23606801e+00 2. 3. 2.23606801e+00 4.24264050e+00
    2.82842708e+00 0. 2.23606801e+00 3.16227770e+00 1. 2.23606801e+00
    1.41421354e+00 1.41421354e+00 1. 2. 3.60555124e+00 2.23606801e+00
    2.23606801e+00 1. 1. 0. 0. 0. 1. 1.41421354e+00 2.23606801e+00 3.
    2.23606801e+00 1. 1.41421354e+00 2.23606801e+00 1. 1.41421354e+00 1.
    1.41421354e+00 2. 1. 3.60555124e+00 4.12310553e+00 3.16227770e+00
    3.16227770e+00 1. 2.23606801e+00 3.60555124e+00 2.23606801e+00
    4.47213602e+00 3. 1. 2.82842708e+00 8.24621105e+00 51.
    1.10788086e+02 9.12359543e+01 2.52982216e+01 2. 0. 1.41421354e+00 0.
    0. 1. 2. 1.41421354e+00 2.23606801e+00 0. 2. 1. 1. 1. 1. 2.
    1.41421354e+00 1. 1. 1. 1. 3. 1. 1. 1. 1. 1.41421354e+00 1. 1.
    1.41421354e+00 0. 1. 1.41421354e+00 1. 1.41421354e+00 1.41421354e+00
    1.41421354e+00 1.41421354e+00 1. 1. 1.41421354e+00 1.41421354e+00 1.
    1. 1.41421354e+00 1.41421354e+00 1. 1.41421354e+00 1.41421354e+00 0.
    0. 1. 1. 0. 2. 1. 1.41421354e+00 0. 0. 1.41421354e+00 1.
    2.82842708e+00 2.82842708e+00 1. 1. 0. 1. 1.41421354e+00
    1.41421354e+00 1.41421354e+00 2.23606801e+00 3. 1. 2.23606801e+00 1.
    1.41421354e+00 1.41421354e+00 1.41421354e+00 1.41421354e+00 1. 2. 1.
    2.23606801e+00 1. 2. 1.41421354e+00 1.41421354e+00 1.41421354e+00
    2.23606801e+00 2.23606801e+00 2.23606801e+00 2.23606801e+00
    2.23606801e+00 1.41421354e+00 1.41421354e+00 1.41421354e+00 1. 0. 0.
    0. 0. 1. 0. 1. 1. 0. 0. 0. 1. 1.41421354e+00 1.41421354e+00
    2.82842708e+00 0. 1. 1. 1. 0. 1. 1. 1.41421354e+00 1.41421354e+00 1.
    1.41421354e+00 1.41421354e+00 1. 0. 1. 0. 0. 0. 0. 0. 0. 0. 0. 1.
    2.23606801e+00 2. 1. 1.41421354e+00 1. 8. 5.36656303e+01
    1.11139549e+02 89. 25. 1. 1. 0. 3.16227770e+00 3.16227770e+00
    1.41421354e+00 2.82842708e+00 2.23606801e+00 0. 1. 2. 2.23606801e+00
    1. 1. 1. 2.82842708e+00 1.41421354e+00 2.23606801e+00 3.
    3.16227770e+00 4.47213602e+00 3.60555124e+00 1.41421354e+00
    1.41421354e+00 1. 1.41421354e+00 1. 0. 1. 1.41421354e+00
    1.41421354e+00 3.16227770e+00 1.41421354e+00 1. 0. 2.23606801e+00
    2.23606801e+00 2.23606801e+00 1. 1. 1.41421354e+00 1.41421354e+00 1.
    2. 2. 3. 2.82842708e+00 2.23606801e+00 2.23606801e+00 1.
    2.23606801e+00 0. 2.23606801e+00 1.41421354e+00 1. 1.41421354e+00 2.
    2.23606801e+00 1. 3.16227770e+00 2.23606801e+00 1.41421354e+00
    3.60555124e+00 4.12310553e+00 1.41421354e+00 1.41421354e+00
    1.41421354e+00 2. 1. 2.23606801e+00 3.60555124e+00 4. 2.23606801e+00
    2.23606801e+00 1. 1. 1. 1. 1. 2.23606801e+00 1.41421354e+00
    3.16227770e+00 1. 2.23606801e+00 1. 1.41421354e+00 1.41421354e+00
    2.23606801e+00 2.23606801e+00 1.41421354e+00 1. 1. 2.23606801e+00
    2.23606801e+00 4.12310553e+00 3. 2. 3.16227770e+00 3.16227770e+00
    2.23606801e+00 2. 4.47213602e+00 3.16227770e+00 2.23606801e+00 3.
    2.43515911e+01 8.67698135e+01 1.10788086e+02 5.36656303e+01
    8.06225777e+00 1. 1. 1.41421354e+00 1. 1. 1.41421354e+00
    2.23606801e+00 2.23606801e+00 0. 2.23606801e+00 1. 1.41421354e+00 0.
    1. 1. 1. 1.41421354e+00 1.41421354e+00 1.41421354e+00 1. 1. 2.
    2.23606801e+00 1.41421354e+00 1.41421354e+00 2.23606801e+00
    1.41421354e+00 1.41421354e+00 1.41421354e+00 2. 1. 1. 1. 1. 1. 1.
    1.41421354e+00 1.41421354e+00 1.41421354e+00 0. 0. 1. 0. 1. 1. 1. 1.
    0. 1.41421354e+00 1.41421354e+00 1. 1. 2. 1. 1. 1. 0. 0. 0.
    1.41421354e+00 1. 1.41421354e+00 2.23606801e+00 1.41421354e+00 1. 1.
    1.41421354e+00 1. 1. 1. 2.23606801e+00 1. 1.41421354e+00 1. 1. 1. 1.
    1.41421354e+00 0. 0. 1. 2. 2. 2. 1.41421354e+00 1. 1. 1.
    1.41421354e+00 3. 3.16227770e+00 0. 2. 2.82842708e+00 1.41421354e+00
    1. 0. 0. 0. 1. 1. 0. 1. 0. 0. 0. 0. 0. 1. 1.41421354e+00 1.
    1.41421354e+00 3.16227770e+00 1.41421354e+00 1.41421354e+00
    1.41421354e+00 1. 1.41421354e+00 1.41421354e+00 1. 1.41421354e+00 2.
    1.41421354e+00 0. 1. 1. 0. 1. 0. 1. 1. 1. 0. 1. 0. 2. 2.23606801e+00
    1.41421354e+00 2. 1. 0. 0. 2.52982216e+01 8.94427185e+01
    1.15377640e+02 6.31268578e+01 1.13137083e+01 2.23606801e+00 1.
    2.23606801e+00 0. 3.16227770e+00 2.23606801e+00 1.41421354e+00
    1.41421354e+00 2.23606801e+00 1.41421354e+00 1.41421354e+00 0.
    3.60555124e+00 2.23606801e+00 3.60555124e+00 3.60555124e+00 1. 1. 2.
    2.23606801e+00 1. 0. 1. 1.41421354e+00 1. 0. 1. 1. 1. 3.60555124e+00
    1. 2. 2. 2.23606801e+00 1.41421354e+00 0. 1. 1.41421354e+00 2. 1. 1.
    1. 2.23606801e+00 2. 4.12310553e+00 1.41421354e+00 1. 1.
    2.23606801e+00 1. 0. 1. 1.41421354e+00 1.41421354e+00 1.
    1.41421354e+00 2. 2. 1. 2.23606801e+00 4.24264050e+00 3.60555124e+00
    1. 2.23606801e+00 0. 0. 2. 1. 3.60555124e+00 3.16227770e+00 2.
    4.12310553e+00 3.16227770e+00 1.41421354e+00 2.23606801e+00
    1.41421354e+00 1.41421354e+00 2.23606801e+00 2.23606801e+00
    2.23606801e+00 3. 1.41421354e+00 1. 1. 1. 2.23606801e+00 2. 0.
    1.41421354e+00 2.23606801e+00 2. 2.82842708e+00 3.60555124e+00 1. 1.
    1.41421354e+00 3. 3.16227770e+00 2. 3.60555124e+00 4.24264050e+00 2.
    2. 1.30384045e+01 6.06052818e+01 1.13159180e+02 8.85494232e+01
    2.52982216e+01 0. 1. 1.41421354e+00 1.41421354e+00 1. 1.41421354e+00
    1.41421354e+00 1. 1. 2. 2. 1.41421354e+00 1. 1. 1. 0. 0. 1. 1. 0. 0.
    1. 0. 1. 1. 1. 1. 1. 1.41421354e+00 0. 1. 2. 1. 0. 1. 1.
    1.41421354e+00 2. 1. 1.41421354e+00 2.23606801e+00 2. 1.41421354e+00
    1.41421354e+00 1.41421354e+00 1.41421354e+00 1. 1.41421354e+00 1. 0.
    1. 2. 1. 1. 1. 1. 1. 0. 0. 1.41421354e+00 1.41421354e+00 1.
    1.41421354e+00 2. 1. 1.41421354e+00 1. 1. 0. 0. 1. 1.41421354e+00
    1.41421354e+00 1. 1. 1.41421354e+00 0. 1. 1. 0. 1. 1. 2. 1.
    2.23606801e+00 1.41421354e+00 1.41421354e+00 1. 1.41421354e+00
    2.23606801e+00 1. 2. 3. 2.23606801e+00 1. 0. 0. 1. 0. 1. 1.
    1.41421354e+00 1. 0. 0. 0. 0. 0. 0. 0. 1. 1.41421354e+00 2. 2.
    3.16227770e+00 2. 1.41421354e+00 2.23606801e+00 2.23606801e+00 1.
    2.23606801e+00 1. 0. 1.41421354e+00 2. 0. 1. 1. 0. 1.41421354e+00
    2.23606801e+00 2. 1.41421354e+00 0. 0. 1. 2. 2.82842708e+00
    2.23606801e+00 2.23606801e+00 1. 0. 0. 8. 4.66476135e+01
    1.06887794e+02 1.08300507e+02 4.88773994e+01 8. 1.41421354e+00 0.
    2.23606801e+00 2.82842708e+00 1. 2.23606801e+00 1. 0. 2.23606801e+00
    2. 3.16227770e+00 3.16227770e+00 0. 1.41421354e+00 3.60555124e+00 2.
    0. 1. 1. 1. 1. 1. 1. 0. 0. 1. 2. 2.82842708e+00 1.41421354e+00 2.
    2.23606801e+00 2.23606801e+00 1. 1. 2. 2. 1.41421354e+00
    1.41421354e+00 1. 1. 1.41421354e+00 0. 2. 1. 3.16227770e+00 2.
    2.23606801e+00 1. 0. 0. 1.41421354e+00 1.41421354e+00 0.
    1.41421354e+00 1. 2.23606801e+00 1. 2.23606801e+00 3.60555124e+00
    3.16227770e+00 1. 2. 1. 1. 1. 1. 1.41421354e+00 2. 2.82842708e+00 3.
    3.16227770e+00 2.23606801e+00 1.41421354e+00 1.41421354e+00 1. 0.
    1.41421354e+00 1.41421354e+00 3. 0. 2. 2. 1. 1. 1. 1.41421354e+00 1.
    1.41421354e+00 0. 1. 1.41421354e+00 3.60555124e+00 3.16227770e+00 1.
    1. 1.41421354e+00 3.16227770e+00 2. 1.41421354e+00 1. 1.
    9.05538559e+00 4.61410866e+01 1.05550934e+02 1.06962608e+02
    4.66476135e+01 8. 0. 0. 1. 1. 1.41421354e+00 1. 1. 2. 2.23606801e+00
    2.23606801e+00 1. 1.41421354e+00 1. 1.41421354e+00 1. 1. 0. 1. 1. 0.
    0. 0. 0. 0. 0. 0. 1. 2. 1. 1. 0. 2. 1.41421354e+00 1.41421354e+00
    1.41421354e+00 0. 1. 0. 0. 1. 1. 1.41421354e+00 1.41421354e+00 1.
    1.41421354e+00 1. 1. 1. 1.41421354e+00 1. 1.41421354e+00 0. 1. 1.
    1.41421354e+00 1. 1.41421354e+00 1. 1. 1. 1.41421354e+00
    2.23606801e+00 2. 1. 1. 0. 0. 0. 0. 0. 1. 0. 1.41421354e+00 1.
    1.41421354e+00 1. 1.41421354e+00 1. 1. 1.41421354e+00 2. 2. 0. 1. 0.
    0. 2. 2. 1.41421354e+00 2.23606801e+00 2.23606801e+00 2.23606801e+00
    2. 1.41421354e+00 0. 0. 1. 0. 1. 1. 1.41421354e+00 1. 1. 0. 1. 0. 0.
    0. 0. 1. 1. 1. 2.23606801e+00 2. 3.16227770e+00 1.41421354e+00
    2.23606801e+00 2.23606801e+00 1. 3. 1. 1. 1.41421354e+00 1. 1. 2. 1.
    2.23606801e+00 1.41421354e+00 2. 1. 1. 2.23606801e+00 1. 0. 0. 0. 2.
    1. 1. 0. 0. 1. 1. 1.06301460e+01 6.17170982e+01 1.14546936e+02
    9.07854614e+01 2.69258232e+01 0. 1.41421354e+00 2.23606801e+00 1.
    2.23606801e+00 1. 2.23606801e+00 1. 1.41421354e+00 2.23606801e+00 3.
    3.16227770e+00 3.16227770e+00 3. 1. 2.23606801e+00 1. 1.41421354e+00
    1. 1.41421354e+00 1. 0. 1. 1. 1.41421354e+00 1.41421354e+00 1. 1. 2.
    2.23606801e+00 2.23606801e+00 2.82842708e+00 2.23606801e+00
    1.41421354e+00 1. 1. 2. 1.41421354e+00 2. 0. 2.82842708e+00 1.
    1.41421354e+00 1. 1. 2.23606801e+00 1. 2.23606801e+00 2.
    1.41421354e+00 1.41421354e+00 1. 1. 0. 2.23606801e+00 1.41421354e+00
    1.41421354e+00 2.23606801e+00 2.23606801e+00 2.23606801e+00 2.
    2.23606801e+00 1.41421354e+00 1.41421354e+00 2.23606801e+00
    1.41421354e+00 0. 1. 3. 3.16227770e+00 1. 1. 1. 2. 0. 1.41421354e+00
    1. 0. 0. 2. 1. 1. 1.41421354e+00 1. 1. 1.41421354e+00 1. 1.
    1.41421354e+00 1. 1. 1.41421354e+00 2.23606801e+00 1.41421354e+00
    1.41421354e+00 1.41421354e+00 2.82842708e+00 2.82842708e+00 1.
    1.41421354e+00 1.41421354e+00 2.56320114e+01 89. 1.15377640e+02
    6.24819984e+01 1.13137083e+01 0. 0. 0. 1. 1.41421354e+00 1.
    2.23606801e+00 2. 1. 1. 1. 0. 1. 1. 1.41421354e+00 1. 1. 1. 1. 1.
    1.41421354e+00 1. 0. 0. 0. 0. 0. 1. 1. 1.41421354e+00 1.41421354e+00
    1. 1. 1. 1. 1. 1. 1. 1.41421354e+00 1.41421354e+00 1.41421354e+00
    2.23606801e+00 1.41421354e+00 1. 1. 1. 0. 1. 1. 0. 1. 0. 0. 1. 1. 1.
    2.82842708e+00 1. 1. 0. 2. 2.23606801e+00 1.41421354e+00 0.
    1.41421354e+00 1. 0. 1. 0. 0. 0. 0. 1. 0. 0. 1. 1. 2.23606801e+00
    2.23606801e+00 1. 2.23606801e+00 1. 0. 1. 0. 1. 1. 1.41421354e+00 1.
    2. 1.41421354e+00 2. 1. 1. 1. 1. 0. 0. 1. 1. 0. 1. 1. 0.
    1.41421354e+00 1. 1. 0. 0. 1. 1.41421354e+00 1.41421354e+00
    1.41421354e+00 1. 2. 1. 1. 1.41421354e+00 2.23606801e+00 1. 2.
    1.41421354e+00 1. 0. 1. 2. 1.41421354e+00 2. 2. 2.23606801e+00 1.
    3.16227770e+00 2.23606801e+00 2.23606801e+00 1. 1. 1.41421354e+00 1.
    2.23606801e+00 2. 1.41421354e+00 0. 1. 1.41421354e+00 1.
    1.41421354e+00 2.34093990e+01 8.85494232e+01 1.14825958e+02
    6.32534599e+01 1.28062487e+01 1. 3. 1. 2. 2. 2. 1.41421354e+00 0. 1.
    2.23606801e+00 3. 2. 2.23606801e+00 1. 2.23606801e+00 0. 1.
    2.82842708e+00 1.41421354e+00 1. 2. 1.41421354e+00 1. 2. 1. 1.
    2.23606801e+00 1. 2.23606801e+00 2.23606801e+00 2.23606801e+00 5. 1.
    2.82842708e+00 2.23606801e+00 1.41421354e+00 2.23606801e+00
    2.82842708e+00 2.82842708e+00 1.41421354e+00 3.60555124e+00 0. 2. 1.
    1.41421354e+00 2.23606801e+00 1.41421354e+00 1.41421354e+00
    1.41421354e+00 1.41421354e+00 0. 1. 1. 2.23606801e+00 1.
    2.23606801e+00 1.41421354e+00 2.23606801e+00 4.47213602e+00
    3.16227770e+00 1. 1. 1. 1.41421354e+00 1. 1.41421354e+00 1. 0.
    2.23606801e+00 0. 1.41421354e+00 1.41421354e+00 1. 1.41421354e+00 1.
    2.23606801e+00 1. 1. 0. 1.41421354e+00 1. 0. 1. 2.23606801e+00
    1.41421354e+00 0. 1. 1.41421354e+00 2.23606801e+00 1. 2.23606801e+00
    3.16227770e+00 2.23606801e+00 0. 0. 1. 3.16227770e+00 3.60555124e+00
    1.41421354e+00 1.20415945e+01 6.23698654e+01 1.14546936e+02
    8.94427185e+01 25. 1. 1. 1. 0. 1. 1. 2.23606801e+00 2.23606801e+00
    1.41421354e+00 1. 0. 1. 0. 1.41421354e+00 1. 1.41421354e+00
    1.41421354e+00 1. 0. 2. 1.41421354e+00 1.41421354e+00 1.41421354e+00
    1. 0. 0. 0. 0. 1. 1. 2. 1.41421354e+00 1.41421354e+00 0. 0. 0. 1. 1.
    2. 1. 1. 1.41421354e+00 1. 1. 1. 0. 1. 1. 2. 1. 1. 0. 0. 0. 0. 1.
    1.41421354e+00 1. 1.41421354e+00 0. 1. 1.41421354e+00 1.
    1.41421354e+00 2. 1. 1. 1.41421354e+00 1. 1. 1. 0. 0. 1. 0. 0.
    1.41421354e+00 2. 0. 2.23606801e+00 1.41421354e+00 1. 1. 1. 0. 1. 0.
    2. 1. 1.41421354e+00 0. 1. 1.41421354e+00 0. 1.41421354e+00 2. 1. 0.
    1. 0. 0. 1. 0. 0. 1. 1.41421354e+00 1.41421354e+00 1. 0. 0. 1. 1. 0.
    1.41421354e+00 1.41421354e+00 1. 0. 1.41421354e+00 0. 2.82842708e+00
    2.23606801e+00 1.41421354e+00 0. 0. 1. 1.41421354e+00 1. 1. 1. 1.
    2.23606801e+00 2. 2. 2. 0. 2. 1.41421354e+00 1. 1.41421354e+00
    1.41421354e+00 1.41421354e+00 2.23606801e+00 1.41421354e+00
    1.41421354e+00 1.41421354e+00 1. 1.41421354e+00 6. 4.66476135e+01
    1.07712578e+02 1.13137085e+02 5.72800140e+01 1.22065554e+01
    1.41421354e+00 2. 1.41421354e+00 2.23606801e+00 1. 1.41421354e+00 1.
    0. 3. 2.23606801e+00 1. 2.23606801e+00 1. 2. 1. 1.41421354e+00
    1.41421354e+00 1.41421354e+00 1.41421354e+00 1.41421354e+00
    2.23606801e+00 1.41421354e+00 1.41421354e+00 0. 1.41421354e+00
    2.23606801e+00 4.12310553e+00 3. 2. 0. 5. 5. 1. 3.16227770e+00
    3.16227770e+00 0. 2. 3.16227770e+00 2.23606801e+00 2.82842708e+00
    2.23606801e+00 1.41421354e+00 1. 2. 1.41421354e+00 1. 2.82842708e+00
    2.23606801e+00 2.82842708e+00 1.41421354e+00 1. 2. 1.41421354e+00
    3.16227770e+00 2.23606801e+00 2. 3. 1. 2.82842708e+00 2.
    1.41421354e+00 2.23606801e+00 2.23606801e+00 1.41421354e+00 0.
    1.41421354e+00 1. 1.41421354e+00 1. 1. 2. 0. 1. 1.41421354e+00 2.
    2.23606801e+00 0. 0. 1. 1.41421354e+00 1. 2.23606801e+00
    1.41421354e+00 1.41421354e+00 2.23606801e+00 1.41421354e+00
    2.23606801e+00 1.41421354e+00 1. 1.41421354e+00 2. 3.60555124e+00
    2.82842708e+00 2. 1.41421354e+00 1. 2.23606801e+00 1.25299644e+01
    5.65862160e+01 1.11722870e+02 1.06887794e+02 4.57930107e+01
    7.07106781e+00 1. 1. 1.41421354e+00 1. 1. 1. 2.23606801e+00
    1.41421354e+00 1. 1.41421354e+00 0. 1. 1.41421354e+00 1.41421354e+00
    1. 2. 2. 1. 1. 0. 2.23606801e+00 1.41421354e+00 1.41421354e+00 1. 0.
    0. 1. 1. 1. 2.23606801e+00 0. 2.23606801e+00 1. 0. 0. 1. 0. 1. 1. 1.
    1. 1. 1. 0. 0. 0. 0. 1. 1. 1. 1. 0. 0. 0. 0. 0. 1. 1. 1. 0. 1.
    1.41421354e+00 1.41421354e+00 2.82842708e+00 1. 1.41421354e+00
    1.41421354e+00 1. 1.41421354e+00 2. 0. 1. 1.41421354e+00 1. 1. 1. 1.
    1. 2. 1. 1. 0. 2. 0. 0. 0. 1. 1. 1. 0. 0. 0. 1.41421354e+00 0. 2. 1.
    1.41421354e+00 2. 1. 1. 0. 0. 1. 1. 1. 1. 1.41421354e+00 0. 0. 0.
    1.41421354e+00 1. 0. 1. 1. 1.41421354e+00 2. 0. 1. 0. 1.41421354e+00
    0. 1. 0. 1.41421354e+00 1. 2.82842708e+00 1. 1. 1.41421354e+00
    1.41421354e+00 1.41421354e+00 1.41421354e+00 1. 2.23606801e+00 0.
    2.23606801e+00 1.41421354e+00 1. 1.41421354e+00 0. 1.41421354e+00 1.
    1. 1. 0. 1. 1.41421354e+00 1.13137083e+01 5.72800140e+01
    1.13145920e+02 1.08300507e+02 4.80208282e+01 9. 1. 1.41421354e+00 1.
    2.23606801e+00 1.41421354e+00 1.41421354e+00 3. 1.41421354e+00
    3.60555124e+00 3.60555124e+00 2.23606801e+00 0. 2.23606801e+00
    2.23606801e+00 1.41421354e+00 2. 1. 3.16227770e+00 1. 1.41421354e+00
    2.23606801e+00 3.16227770e+00 2.82842708e+00 2.23606801e+00
    2.23606801e+00 3.16227770e+00 2.23606801e+00 3.60555124e+00
    3.60555124e+00 1.41421354e+00 4.24264050e+00 3. 2.82842708e+00 1. 2.
    1.41421354e+00 1.41421354e+00 2.23606801e+00 0. 1.41421354e+00 1. 0.
    2.23606801e+00 2. 2.23606801e+00 3.16227770e+00 1. 2. 2.82842708e+00
    1. 1. 3. 2.23606801e+00 2. 3.60555124e+00 2.23606801e+00 0. 2. 2.
    2.23606801e+00 1. 2.23606801e+00 1.41421354e+00 2.23606801e+00
    1.41421354e+00 1. 2.23606801e+00 2.82842708e+00 2. 2. 1.41421354e+00
    0. 2. 2. 1. 1.41421354e+00 1. 0. 1.41421354e+00 1. 2. 1.41421354e+00
    2. 1. 2.23606801e+00 3.60555124e+00 1. 2.82842708e+00 4.12310553e+00
    2.23606801e+00 0. 3.16227770e+00 3. 2.23606801e+00 4.12310553e+00
    7.61577320e+00 4.70106354e+01 1.07056061e+02 1.11731819e+02
    5.65685425e+01 1.06301460e+01 1.41421354e+00 1. 1. 1.41421354e+00 1.
    1. 1. 0. 1.41421354e+00 1.41421354e+00 1. 1. 0. 1.41421354e+00 1. 2.
    1. 0. 1. 1. 1.41421354e+00 1. 2.23606801e+00 2. 0. 0. 1.41421354e+00
    1.41421354e+00 1.41421354e+00 1. 2.23606801e+00 2. 1.41421354e+00 0.
    0. 1. 1. 1.41421354e+00 2.23606801e+00 1. 1. 0. 1. 1. 1.41421354e+00
    1. 1. 1. 0. 0. 2. 1. 0. 0. 0. 0. 0. 0. 1. 0. 0. 1. 2. 2.23606801e+00
    1.41421354e+00 1.41421354e+00 0. 0. 1.41421354e+00 1. 0. 1. 1.
    1.41421354e+00 1. 1. 1. 2. 2. 1.41421354e+00 0. 1.41421354e+00 1. 1.
    0. 1. 1. 1. 0. 1. 0. 1. 1. 1. 1. 1. 1.41421354e+00 0. 2. 0.
    1.41421354e+00 0. 1.41421354e+00 1.41421354e+00 1.41421354e+00 1. 0.
    1. 0. 1. 1. 1.41421354e+00 0. 1. 0. 1.41421354e+00 1.41421354e+00
    1.41421354e+00 2. 0. 0. 1. 1.41421354e+00 2. 2.23606801e+00
    2.23606801e+00 0. 2.23606801e+00 3.16227770e+00 0. 2. 1. 1.
    1.41421354e+00 2.23606801e+00 2. 2. 0. 1.41421354e+00 1.41421354e+00
    2. 1.41421354e+00 1.41421354e+00 2.23606801e+00 1. 1.41421354e+00
    1.41421354e+00 2. 1. 0. 1.20415945e+01 6.18465843e+01 1.14825958e+02
    8.94427185e+01 2.65706596e+01 1.41421354e+00 1.41421354e+00 2.
    2.23606801e+00 1. 1. 2.23606801e+00 3.60555124e+00 0. 5.
    4.47213602e+00 2.23606801e+00 4.47213602e+00 2.23606801e+00
    1.41421354e+00 2. 2. 1.41421354e+00 2.23606801e+00 2.23606801e+00 1.
    1. 2. 1. 2.23606801e+00 1.41421354e+00 1.41421354e+00 2.
    2.82842708e+00 2.82842708e+00 1. 1. 2.23606801e+00 2.23606801e+00 2.
    3. 1.41421354e+00 1. 1. 2.23606801e+00 1. 1.41421354e+00
    2.23606801e+00 1.41421354e+00 2.82842708e+00 1. 2. 2. 0. 0. 0. 1.
    2.23606801e+00 3.16227770e+00 1.41421354e+00 1. 1. 2. 1.41421354e+00
    1. 3.16227770e+00 2.23606801e+00 1. 0. 2. 2. 1. 2.23606801e+00 4. 1.
    2.23606801e+00 2. 1.41421354e+00 2. 2.23606801e+00 1.41421354e+00 1.
    1.41421354e+00 0. 2. 2. 1. 2.23606801e+00 2.82842708e+00
    2.23606801e+00 2.82842708e+00 2.23606801e+00 3. 1. 2.23606801e+00
    2.23606801e+00 2.23606801e+00 1.41421354e+00 4.24264050e+00
    2.23606801e+00 2.37065392e+01 8.81192398e+01 1.15377640e+02
    6.32534599e+01 1.27279224e+01 1. 2. 2. 2. 1. 1. 0. 1. 0. 0. 1. 2. 1.
    1. 1. 2. 1. 1. 2. 1. 0. 1. 1.41421354e+00 1. 1.41421354e+00 1. 1.
    1.41421354e+00 0. 1.41421354e+00 2.23606801e+00 1. 2.23606801e+00 1.
    1. 0. 1. 1.41421354e+00 2.23606801e+00 2. 2. 1. 0. 1. 1. 1. 1. 1.
    1.41421354e+00 1.41421354e+00 1.41421354e+00 1. 1.41421354e+00 1. 0.
    0. 0. 0. 0. 0. 0. 1. 1.41421354e+00 0. 1. 1. 1.41421354e+00 0. 2. 1.
    0. 0. 0. 1. 1.41421354e+00 1.41421354e+00 2.23606801e+00
    1.41421354e+00 1. 1. 2. 1. 1.41421354e+00 2. 1. 1. 1.41421354e+00
    1.41421354e+00 1. 1. 1. 1. 0. 1.41421354e+00 1.41421354e+00 1.
    1.41421354e+00 1.41421354e+00 1. 2.23606801e+00 1.41421354e+00 1.
    2.23606801e+00 1. 0. 1. 2.23606801e+00 1.41421354e+00 1.41421354e+00
    2. 1. 2. 1.41421354e+00 0. 0. 2.23606801e+00 1. 1.41421354e+00
    1.41421354e+00 1. 2.23606801e+00 1. 2. 2. 0. 3.16227770e+00 2. 0.
    1.41421354e+00 2.23606801e+00 2.23606801e+00 1. 1. 1.41421354e+00 1.
    2.82842708e+00 1.41421354e+00 2.23606801e+00 1. 0. 1. 3.16227770e+00
    1.41421354e+00 3.16227770e+00 2.23606801e+00 1. 1.41421354e+00
    2.23606801e+00 1.41421354e+00 1.41421354e+00 1.41421354e+00
    1.41421354e+00 2.57099209e+01 8.76641312e+01 1.13991226e+02
    6.31268578e+01 1.28062487e+01 2. 2. 1. 0. 0. 2. 3.60555124e+00
    3.60555124e+00 1. 3.16227770e+00 2. 2.23606801e+00 1. 3.16227770e+00
    1.41421354e+00 2.82842708e+00 2.23606801e+00 0. 1. 1.41421354e+00
    2.23606801e+00 2.82842708e+00 2. 2.23606801e+00 0. 1. 1.41421354e+00
    2. 2. 1.41421354e+00 3. 1. 3.60555124e+00 3. 2.23606801e+00
    1.41421354e+00 2. 2.23606801e+00 1.41421354e+00 0. 1. 1.
    2.23606801e+00 2.23606801e+00 1.41421354e+00 1.41421354e+00 2. 2. 1.
    1.41421354e+00 1. 1. 2.82842708e+00 2.82842708e+00 2.23606801e+00
    2.23606801e+00 1. 1. 0. 1. 2. 1.41421354e+00 2.23606801e+00
    2.23606801e+00 3.16227770e+00 2.82842708e+00 2.23606801e+00 3.
    2.23606801e+00 1.41421354e+00 2. 2.23606801e+00 1.41421354e+00 1. 1.
    2.82842708e+00 2. 0. 2.23606801e+00 2. 3. 2.23606801e+00
    3.16227770e+00 2.23606801e+00 2.23606801e+00 2.82842708e+00 0.
    2.82842708e+00 1.41421354e+00 1. 1. 2.23606801e+00 2. 1.08166542e+01
    6.03075447e+01 1.14284729e+02 8.98943787e+01 2.65706596e+01
    1.41421354e+00 1. 1. 1. 1.41421354e+00 1. 1. 1. 0. 0. 0. 1. 1. 1. 1.
    0. 0. 1. 2.23606801e+00 0. 1. 0. 1. 2.23606801e+00 2.23606801e+00
    1.41421354e+00 1. 1. 1.41421354e+00 1.41421354e+00 2.23606801e+00 1.
    0. 0. 0. 1. 1. 0. 2.23606801e+00 2.23606801e+00 1.41421354e+00
    2.23606801e+00 1. 0. 1. 1.41421354e+00 1. 1. 1. 1. 1. 1.41421354e+00
    2.23606801e+00 1. 1.41421354e+00 1. 0. 0. 0. 0. 0. 0. 1. 1. 1. 1. 1.
    1.41421354e+00 1. 1.41421354e+00 1. 1. 0. 0. 1. 1. 1.41421354e+00 1.
    1. 1.41421354e+00 2.23606801e+00 1.41421354e+00 1. 1. 1.41421354e+00
    2. 1. 0. 1.41421354e+00 1. 1.41421354e+00 1. 1.41421354e+00
    1.41421354e+00 1. 1.41421354e+00 1.41421354e+00 1.41421354e+00
    2.23606801e+00 2.23606801e+00 1. 1.41421354e+00 1.41421354e+00 0.
    2.23606801e+00 1. 0. 2. 2. 1. 2. 1. 1. 1. 1.41421354e+00
    1.41421354e+00 0. 2.23606801e+00 0. 1. 2.23606801e+00 1.
    1.41421354e+00 2. 1. 2.23606801e+00 2.23606801e+00 1.41421354e+00
    1.41421354e+00 1.41421354e+00 0. 1. 1.41421354e+00 1. 0.
    2.23606801e+00 1.41421354e+00 1. 2.23606801e+00 1. 0. 0.
    2.23606801e+00 4.12310553e+00 3.16227770e+00 1.41421354e+00 1.
    2.23606801e+00 2.23606801e+00 1.41421354e+00 1. 1. 1. 9.
    4.52769241e+01 1.04737770e+02 1.11731819e+02 5.72800140e+01
    1.14017544e+01 2.23606801e+00 1. 0. 1. 1.41421354e+00 2.82842708e+00
    4.24264050e+00 3.16227770e+00 2.23606801e+00 1.41421354e+00 1.
    2.23606801e+00 1.41421354e+00 1.41421354e+00 1. 3.16227770e+00
    3.16227770e+00 1. 1. 2. 2. 1. 3.16227770e+00 2.23606801e+00 2. 1.
    1.41421354e+00 1.41421354e+00 2. 1.41421354e+00 3.60555124e+00 1. 3.
    2.23606801e+00 2.23606801e+00 1. 1. 1. 0. 1. 1.41421354e+00 2. 1.
    2.23606801e+00 3. 1.41421354e+00 1.41421354e+00 1. 1. 1. 0.
    1.41421354e+00 1.41421354e+00 3. 3.16227770e+00 1. 1. 0.
    2.23606801e+00 2. 1.41421354e+00 1. 2.82842708e+00 1. 1.41421354e+00
    1. 1. 1. 1. 1. 2.82842708e+00 2.23606801e+00 0. 2.23606801e+00 3.
    1.41421354e+00 1. 2. 3.16227770e+00 5. 1. 4.47213602e+00 2. 1.
    2.23606801e+00 2.23606801e+00 1. 1.41421354e+00 1. 1.41421354e+00 2.
    9.89949512e+00 5.44885292e+01 1.11036034e+02 1.06962608e+02
    4.66476135e+01 9. 1.41421354e+00 1. 0. 1. 1.41421354e+00
    2.23606801e+00 1. 1. 0. 0. 0. 1. 1. 1.41421354e+00 1.41421354e+00
    1.41421354e+00 1. 1.41421354e+00 1. 2.23606801e+00 0. 1. 1. 1.
    3.16227770e+00 3.16227770e+00 1. 0. 1. 1. 2. 3.16227770e+00 2.
    2.23606801e+00 1. 1. 0. 1. 1. 3.16227770e+00 2. 1. 1. 0. 1. 1. 1. 2.
    2. 2.23606801e+00 1.41421354e+00 1.41421354e+00 1. 1.41421354e+00
    1.41421354e+00 1. 1. 0. 0. 0. 0. 0. 1. 2. 1. 1.41421354e+00 0.
    1.41421354e+00 2. 1. 1.41421354e+00 0. 0. 1.41421354e+00 2.
    2.23606801e+00 1. 2. 1. 2.23606801e+00 1.41421354e+00 0. 1. 1. 0. 0.
    1. 1.41421354e+00 1.41421354e+00 1.41421354e+00 1.41421354e+00 0.
    1.41421354e+00 2. 1. 1.41421354e+00 1. 2.23606801e+00 1.41421354e+00
    3. 1. 1. 0. 1. 1. 1.41421354e+00 2.23606801e+00 2.23606801e+00
    1.41421354e+00 1.41421354e+00 1. 1. 1.41421354e+00 1. 1.
    1.41421354e+00 3.16227770e+00 1.41421354e+00 1. 1. 1. 2. 1.
    1.41421354e+00 0. 1.41421354e+00 0. 2. 1. 0. 0. 0. 0. 1.41421354e+00
    1. 1. 1.41421354e+00 1.41421354e+00 2. 1. 0. 1. 1. 2. 2. 0. 1. 1. 0.
    1.41421354e+00 1. 1. 0. 2.23606801e+00 1.20415945e+01 5.51724586e+01
    1.11018013e+02 1.12449989e+02 5.67274170e+01 10. 2. 1. 1.
    2.23606801e+00 0. 2.23606801e+00 2.23606801e+00 1.41421354e+00
    1.41421354e+00 1.41421354e+00 1.41421354e+00 0. 0. 2.23606801e+00 2.
    2.82842708e+00 2. 0. 1.41421354e+00 2.23606801e+00 4.12310553e+00
    5.38516474e+00 3.16227770e+00 1.41421354e+00 2.23606801e+00 1.
    1.41421354e+00 2.23606801e+00 2.23606801e+00 2.23606801e+00 5. 2.
    2.23606801e+00 2. 2.23606801e+00 3.16227770e+00 3.16227770e+00
    2.82842708e+00 1. 1.41421354e+00 2.82842708e+00 2.82842708e+00
    1.41421354e+00 3.16227770e+00 2.23606801e+00 1.41421354e+00
    1.41421354e+00 1.41421354e+00 1. 0. 1.41421354e+00 0. 1.41421354e+00
    1.41421354e+00 2.23606801e+00 1. 2.23606801e+00 1.41421354e+00
    1.41421354e+00 1.41421354e+00 1.41421354e+00 3. 3.60555124e+00 1.
    2.23606801e+00 1.41421354e+00 1.41421354e+00 1.41421354e+00 1. 2.
    3.16227770e+00 1. 1.41421354e+00 1. 3. 1. 1. 5. 3.16227770e+00
    3.16227770e+00 4.12310553e+00 1. 3.16227770e+00 2. 1. 2.23606801e+00
    0. 1. 2.82842708e+00 1.22065554e+01 5.52268066e+01 1.12432205e+02
    1.13137085e+02 5.72800140e+01 1.20415945e+01 1. 2. 1.41421354e+00 1.
    1.41421354e+00 2.23606801e+00 2.23606801e+00 1. 1. 0. 0. 1. 1.
    1.41421354e+00 1.41421354e+00 1. 0. 1. 1. 1.41421354e+00
    1.41421354e+00 1. 0. 1.41421354e+00 2. 1. 1.41421354e+00
    2.23606801e+00 1. 0. 2. 2.23606801e+00 2.23606801e+00 2.23606801e+00
    1.41421354e+00 1.41421354e+00 0. 1.41421354e+00 1.41421354e+00 1. 1.
    2.23606801e+00 1.41421354e+00 1.41421354e+00 2. 0. 1.41421354e+00 1.
    1.41421354e+00 1. 1. 1.41421354e+00 1. 0. 1. 1. 1.41421354e+00 0. 0.
    0. 0. 0. 1. 1.41421354e+00 1.41421354e+00 1.41421354e+00
    1.41421354e+00 1. 1. 1. 1. 0. 0. 1. 2.23606801e+00 1.41421354e+00
    2.23606801e+00 2.23606801e+00 1. 0. 1. 1.41421354e+00 1.41421354e+00
    2. 2. 2. 2. 1. 1. 1.41421354e+00 1.41421354e+00 0. 0. 1.41421354e+00
    2. 1.41421354e+00 1. 1.41421354e+00 1. 2. 0. 1. 0. 1. 1. 1.
    2.23606801e+00 2. 1. 1. 1. 0. 1.41421354e+00 1.41421354e+00 0.
    1.41421354e+00 2.23606801e+00 1. 2.23606801e+00 0. 1.41421354e+00
    1.41421354e+00 1.41421354e+00 0. 1. 1.41421354e+00 1.41421354e+00 1.
    1. 1. 0. 0. 0. 0. 0. 1.41421354e+00 2.23606801e+00 3. 3.
    1.41421354e+00 1. 1. 0. 1.41421354e+00 1.41421354e+00 1.41421354e+00
    1. 1.41421354e+00 0. 1.41421354e+00 1.41421354e+00 0. 1. 2. 0. 1.
    1.06301460e+01 5.65685425e+01 1.13172432e+02 1.13846390e+02
    5.59016991e+01 1.08166542e+01 1. 1. 1.41421354e+00 3. 2.23606801e+00
    1.41421354e+00 1.41421354e+00 1.41421354e+00 2.23606801e+00 0. 1. 1.
    1. 2.82842708e+00 1.41421354e+00 2. 1. 2. 1. 3.60555124e+00
    4.47213602e+00 3.60555124e+00 4. 2. 1.41421354e+00 0. 1.
    3.16227770e+00 2.23606801e+00 3.16227770e+00 4.12310553e+00
    1.41421354e+00 1.41421354e+00 3. 2.23606801e+00 3.16227770e+00
    4.24264050e+00 3.60555124e+00 1.41421354e+00 1. 2.23606801e+00
    2.23606801e+00 1. 2.23606801e+00 2. 2.23606801e+00 0. 1. 1. 1. 1. 1.
    1.41421354e+00 2. 1.41421354e+00 2.23606801e+00 1. 2.23606801e+00
    2.23606801e+00 3.16227770e+00 2. 2.82842708e+00 2. 1. 3.
    2.23606801e+00 1.41421354e+00 1.41421354e+00 2.23606801e+00
    1.41421354e+00 1. 0. 1.41421354e+00 1. 2. 2. 4.12310553e+00
    1.41421354e+00 4.12310553e+00 2.23606801e+00 2.82842708e+00
    2.82842708e+00 2.82842708e+00 3.16227770e+00 1.41421354e+00
    2.23606801e+00 1. 1.28062487e+01 5.51543274e+01 1.11758667e+02
    1.13145920e+02 5.72800140e+01 1.20415945e+01 1. 1. 1. 1. 0. 1. 2. 0.
    2. 1. 0. 0. 0. 1.41421354e+00 0. 1.41421354e+00 0. 1. 1. 1.
    1.41421354e+00 1. 1. 1. 1.41421354e+00 1.41421354e+00 2. 2.
    1.41421354e+00 1. 0. 1. 2.82842708e+00 2. 1.41421354e+00 1. 1.
    2.23606801e+00 1.41421354e+00 0. 1.41421354e+00 1.41421354e+00 1.
    1.41421354e+00 1.41421354e+00 1. 1.41421354e+00 1. 2. 1. 1.
    1.41421354e+00 0. 1. 1. 0. 1. 0. 0. 0. 0. 0. 0. 1.41421354e+00
    1.41421354e+00 1. 1.41421354e+00 2. 1. 1.41421354e+00 1. 0. 1. 1. 1.
    2.23606801e+00 1.41421354e+00 1. 2. 2.23606801e+00 1. 2. 2. 1.
    1.41421354e+00 1. 1. 1. 0. 1. 1.41421354e+00 0. 0. 1.41421354e+00
    2.23606801e+00 1. 1. 1.41421354e+00 1. 2.23606801e+00 1.41421354e+00
    0. 0. 1. 1. 1. 1. 2. 1. 1. 0. 0. 1. 1.41421354e+00 1. 1. 1.
    1.41421354e+00 2.82842708e+00 0. 2. 1.41421354e+00 0. 1.41421354e+00
    1.41421354e+00 1. 1.41421354e+00 0. 2. 1. 1. 1. 1. 0. 1. 1. 1.
    2.23606801e+00 2. 1.41421354e+00 1.41421354e+00 1.41421354e+00 0. 1.
    0. 2. 2. 0. 1.41421354e+00 0. 1. 0. 1. 1.41421354e+00 1.41421354e+00
    1. 0. 1. 1.06301460e+01 5.72800140e+01 1.13846390e+02 1.13145920e+02
    5.51724586e+01 1.06301460e+01 1. 2. 1.41421354e+00 1. 1.
    1.41421354e+00 2.82842708e+00 1. 0. 1. 1.41421354e+00 1.41421354e+00
    2.23606801e+00 2. 2. 2.23606801e+00 1. 3.16227770e+00 5.
    3.16227770e+00 3.16227770e+00 4. 1.41421354e+00 2. 1.41421354e+00 1.
    2. 2.23606801e+00 3.60555124e+00 2.23606801e+00 2.82842708e+00
    2.23606801e+00 3.16227770e+00 4.47213602e+00 1.41421354e+00 3.
    3.60555124e+00 2.23606801e+00 0. 1. 2.23606801e+00 1.41421354e+00 1.
    2.23606801e+00 1.41421354e+00 2.23606801e+00 2.23606801e+00 1. 1. 0.
    2. 1.41421354e+00 2.23606801e+00 1. 1.41421354e+00 1.41421354e+00 3.
    3. 1.41421354e+00 1. 2. 1.41421354e+00 1. 3.16227770e+00
    2.82842708e+00 1. 2.23606801e+00 2.23606801e+00 1. 1. 1. 1.
    1.41421354e+00 2.82842708e+00 1. 4.47213602e+00 4.12310553e+00
    2.23606801e+00 1.41421354e+00 2.23606801e+00 1. 1. 3.60555124e+00
    2.23606801e+00 1.41421354e+00 1.14017544e+01 5.52268066e+01
    1.10344917e+02 1.11722870e+02 5.58659096e+01 1.13137083e+01 0. 1. 1.
    1. 1. 1. 1. 1.41421354e+00 2.23606801e+00 1.41421354e+00 1. 0. 0. 1.
    1.41421354e+00 1.41421354e+00 1. 1. 1. 1. 1. 1. 1. 1. 1.41421354e+00
    1.41421354e+00 1.41421354e+00 2. 2. 2. 0. 0. 0. 0. 2. 1. 1.
    2.23606801e+00 1.41421354e+00 0. 1. 1.41421354e+00 0. 0. 2. 2. 0. 1.
    1. 2.23606801e+00 1. 1. 1.41421354e+00 1. 1. 1. 1. 0. 0. 0. 1. 0. 0.
    1. 1. 1. 1.41421354e+00 1. 2. 1. 2.23606801e+00 1. 1. 1.41421354e+00
    1.41421354e+00 1.41421354e+00 2.23606801e+00 2.23606801e+00 1.
    1.41421354e+00 2. 1.41421354e+00 1. 1.41421354e+00 0. 1. 0. 1. 1. 0.
    1. 1. 0. 1.41421354e+00 2.82842708e+00 1.41421354e+00 1. 1. 1. 2. 0.
    2. 1. 0. 1. 1.41421354e+00 1.41421354e+00 1. 0. 2.23606801e+00
    1.41421354e+00 1. 0. 1. 1. 1.41421354e+00 2. 2.23606801e+00
    1.41421354e+00 1. 1. 1.41421354e+00 1.41421354e+00 1.41421354e+00 1.
    1. 1.41421354e+00 0. 2. 1. 0. 1. 1. 1. 2. 1.41421354e+00
    1.41421354e+00 0. 1.41421354e+00 2.23606801e+00 2.23606801e+00
    1.41421354e+00 0. 1.41421354e+00 0. 1. 1.41421354e+00 1. 1. 1.
    1.41421354e+00 1.41421354e+00 1.41421354e+00 1.41421354e+00
    1.41421354e+00 1.41421354e+00 1. 0. 1. 2. 1.06301460e+01
    5.58659096e+01 1.12432205e+02 1.12432205e+02 5.51724586e+01 10. 1.
    2.23606801e+00 1. 1. 2. 1.41421354e+00 1.41421354e+00 1.
    1.41421354e+00 1. 2.23606801e+00 1. 1.41421354e+00 1. 1.41421354e+00
    3. 2.82842708e+00 5. 3.60555124e+00 3.60555124e+00 4.12310553e+00 0.
    1.41421354e+00 1.41421354e+00 2.23606801e+00 1. 1.41421354e+00
    3.60555124e+00 1.41421354e+00 4.12310553e+00 0. 3. 2.82842708e+00
    4.12310553e+00 1. 1.41421354e+00 3. 2.82842708e+00 1. 1.41421354e+00
    3.60555124e+00 2. 1. 2. 3.16227770e+00 1. 1.41421354e+00
    1.41421354e+00 1. 2. 0. 3. 1.41421354e+00 2.23606801e+00 2. 1.
    2.82842708e+00 2.23606801e+00 3.16227770e+00 2.23606801e+00 0. 0.
    1.41421354e+00 4.24264050e+00 2.23606801e+00 2.23606801e+00
    3.60555124e+00 1. 1.41421354e+00 0. 3. 2.82842708e+00 2.
    4.47213602e+00 1.41421354e+00 2.23606801e+00 2.23606801e+00
    2.23606801e+00 1.41421354e+00 0. 0. 1.41421354e+00 3.60555124e+00
    1.14017544e+01 5.58659096e+01 1.11018013e+02 1.13145920e+02
    5.65862160e+01 1.13137083e+01 0. 1. 0. 1. 1. 1. 0. 1. 0. 1. 0. 1. 1.
    1.41421354e+00 1.41421354e+00 1.41421354e+00 1.41421354e+00 1. 0. 0.
    1. 1. 1. 1. 1. 1.41421354e+00 1.41421354e+00 0. 1. 0. 1.
    1.41421354e+00 1. 1. 1. 2.23606801e+00 1. 1.41421354e+00 1. 1. 1.
    1.41421354e+00 1. 1. 1.41421354e+00 1. 1.41421354e+00 1.41421354e+00
    1. 1.41421354e+00 1. 0. 0. 1. 1. 1. 1. 0. 0. 0. 1.41421354e+00 1. 1.
    0. 1. 1.41421354e+00 1. 1. 1. 0. 2.23606801e+00 2.23606801e+00
    2.23606801e+00 2. 1.41421354e+00 1. 0. 1.41421354e+00 2.23606801e+00
    1. 1. 2.23606801e+00 1.41421354e+00 0. 1. 1. 1.41421354e+00
    1.41421354e+00 1.41421354e+00 2. 0. 1. 1.41421354e+00 1.41421354e+00
    2.23606801e+00 1.41421354e+00 1.41421354e+00 2.23606801e+00 0.
    1.41421354e+00 1.41421354e+00 3.16227770e+00 1.41421354e+00 0. 1. 1.
    1.41421354e+00 1.41421354e+00 1. 1.41421354e+00 1. 1.41421354e+00
    2.23606801e+00 1.41421354e+00 0. 1. 1.41421354e+00 1.41421354e+00 1.
    2.23606801e+00 2.23606801e+00 1.41421354e+00 1.41421354e+00
    1.41421354e+00 1. 1. 1.41421354e+00 1. 0. 1.41421354e+00 2.
    1.41421354e+00 1. 1. 2. 1.41421354e+00 1. 1.41421354e+00 1.
    2.23606801e+00 3.16227770e+00 2. 1.41421354e+00 1. 0. 0.
    1.41421354e+00 0. 1.41421354e+00 0. 0. 1.41421354e+00 1.41421354e+00
    1. 1.41421354e+00 1.41421354e+00 1. 0. 1. 1.41421354e+00 1. 1.
    9.89949512e+00 5.51724586e+01 1.12432205e+02 1.13145920e+02
    5.44518127e+01 10. 2. 2.23606801e+00 0. 2. 3.16227770e+00
    3.16227770e+00 1. 1. 1.41421354e+00 1. 2.23606801e+00 0. 1.
    1.41421354e+00 2.23606801e+00 2. 1. 3.16227770e+00 3.60555124e+00
    2.23606801e+00 1.41421354e+00 1.41421354e+00 0. 1. 2.23606801e+00
    3.16227770e+00 2.23606801e+00 2.23606801e+00 3.16227770e+00 2.
    1.41421354e+00 2. 2.82842708e+00 2.23606801e+00 2. 4.12310553e+00
    1.41421354e+00 1.41421354e+00 1. 2.23606801e+00 4.24264050e+00
    2.23606801e+00 1. 2.23606801e+00 1.41421354e+00 0. 1. 1. 2. 1.
    3.16227770e+00 1. 0. 1.41421354e+00 1. 1.41421354e+00 2.
    2.23606801e+00 1.41421354e+00 1. 0. 1. 2. 3.16227770e+00
    1.41421354e+00 2.23606801e+00 3.16227770e+00 0. 3.16227770e+00
    2.23606801e+00 4.12310553e+00 2.23606801e+00 3.16227770e+00
    2.82842708e+00 0. 2. 2.23606801e+00 1. 0. 0. 1. 1.14017544e+01
    5.59016991e+01 1.11731819e+02 1.13846390e+02 5.86941223e+01
    1.20415945e+01 0. 0. 0. 2. 1.41421354e+00 1. 2. 0. 1. 0.
    1.41421354e+00 1.41421354e+00 1. 1. 1. 0. 1.41421354e+00 1. 1. 1. 0.
    1. 1.41421354e+00 1. 1. 0. 1. 1. 0. 1. 1. 1.41421354e+00 1.
    1.41421354e+00 2. 2. 2. 2.23606801e+00 2.23606801e+00 2.23606801e+00
    2. 3. 2. 1. 1.41421354e+00 1. 2.23606801e+00 1. 1. 1.41421354e+00 1.
    2.23606801e+00 2.23606801e+00 2.23606801e+00 2.23606801e+00 1. 0. 0.
    0. 0. 1. 1. 1.41421354e+00 1. 1. 0. 1. 1. 0. 1. 1.41421354e+00 2. 1.
    2.23606801e+00 2.23606801e+00 1. 2. 1.41421354e+00 1. 2.
    1.41421354e+00 1. 1.41421354e+00 2.82842708e+00 1.41421354e+00 1. 1.
    1.41421354e+00 1. 1. 0. 1. 0. 2. 2. 1. 0. 2.23606801e+00 1. 2. 1.
    2.23606801e+00 2. 1.41421354e+00 0. 1.41421354e+00 1.41421354e+00 1.
    2. 1. 1.41421354e+00 0. 2. 1. 2. 1. 1.41421354e+00 2.23606801e+00
    4.12310553e+00 2.82842708e+00 1. 1. 0. 1.41421354e+00 1. 0. 0. 2. 2.
    1. 2. 1. 2. 1. 1.41421354e+00 1.41421354e+00 1. 1.41421354e+00
    1.41421354e+00 1.41421354e+00 2. 1. 1.41421354e+00 1. 1.41421354e+00
    1.41421354e+00 1.41421354e+00 1. 1.41421354e+00 1.41421354e+00 0. 0.
    1. 1.41421354e+00 1. 1.41421354e+00 1. 0. 0. 1. 1.41421354e+00 1. 1.
    1.41421354e+00 1.06301460e+01 5.58659096e+01 1.13846390e+02
    1.12432205e+02 6.03075447e+01 2.43515911e+01 1.00498753e+01
    2.23606801e+00 1. 1. 2.23606801e+00 2.23606801e+00 1.41421354e+00
    1.41421354e+00 1. 1.41421354e+00 2. 1. 2.23606801e+00 1. 0. 1. 1.
    3.16227770e+00 0. 2.23606801e+00 0. 1.41421354e+00 1.41421354e+00 0.
    2.23606801e+00 3.60555124e+00 2.23606801e+00 2.23606801e+00
    2.82842708e+00 1. 1. 2.23606801e+00 3.60555124e+00 1.41421354e+00
    3.60555124e+00 5. 3. 2.23606801e+00 1. 3.16227770e+00 3.60555124e+00
    1.41421354e+00 2.82842708e+00 1. 1. 1.41421354e+00 1. 2.
    2.23606801e+00 3.16227770e+00 1. 1. 1. 2.23606801e+00 0. 2. 1. 1. 1.
    1.41421354e+00 1. 1. 2.23606801e+00 3. 2.23606801e+00 1.41421354e+00
    2.23606801e+00 2.82842708e+00 1. 3.16227770e+00 2.82842708e+00
    1.41421354e+00 2.82842708e+00 1. 1. 3.16227770e+00 3.60555124e+00
    1.41421354e+00 6.08276272e+00 2.43515911e+01 6.24819984e+01
    1.11731819e+02 1.12432205e+02 5.79827576e+01 1.27279224e+01
    1.41421354e+00 1. 0. 1. 1.41421354e+00 2. 1. 2. 1. 1. 1.
    2.23606801e+00 1. 0. 1. 0. 1.41421354e+00 2.23606801e+00 1.
    1.41421354e+00 2.23606801e+00 1. 1.41421354e+00 1.41421354e+00
    1.41421354e+00 0. 0. 0. 1. 1. 0. 0. 1. 1.41421354e+00 1. 2. 2. 1. 1.
    1. 1.41421354e+00 1.41421354e+00 2. 2.82842708e+00 1. 1.
    1.41421354e+00 1. 1.41421354e+00 0. 1. 2.23606801e+00 2.23606801e+00
    2. 3. 2. 1.41421354e+00 1.41421354e+00 0. 0. 0. 0. 1. 1.
    1.41421354e+00 0. 1. 0. 1. 1.41421354e+00 1. 1. 1. 2.82842708e+00 2.
    2. 0. 1. 1.41421354e+00 2. 0. 1. 1.41421354e+00 1. 1.41421354e+00
    2.23606801e+00 1. 1. 1. 0. 0. 1. 1. 2.23606801e+00 1. 1. 0. 1. 2. 1.
    2. 1. 2. 1. 1.41421354e+00 2. 0. 2.23606801e+00 2. 1.41421354e+00 1.
    1.41421354e+00 1. 1. 2.23606801e+00 1. 1. 2.23606801e+00
    2.23606801e+00 1.41421354e+00 3.16227770e+00 2.23606801e+00
    1.41421354e+00 1.41421354e+00 2.23606801e+00 1. 0. 1. 1.
    1.41421354e+00 2. 2. 1. 2.23606801e+00 2. 1. 1. 1.41421354e+00
    1.41421354e+00 1. 0. 1. 2.82842708e+00 1. 1.41421354e+00 1. 1.
    1.41421354e+00 1.41421354e+00 1.41421354e+00 0. 1. 1. 0. 2. 0.
    1.41421354e+00 0. 0. 1. 1. 2. 1. 1. 1. 0. 1.14017544e+01
    5.72800140e+01 1.08300507e+02 1.13159180e+02 8.76641312e+01
    4.66476135e+01 1.41421356e+01 3.60555124e+00 1.41421354e+00
    1.41421354e+00 1. 2.23606801e+00 2.23606801e+00 1.41421354e+00
    1.41421354e+00 2.23606801e+00 1. 2.23606801e+00 2. 1. 1.
    3.16227770e+00 2.23606801e+00 2. 1. 2.23606801e+00 3.16227770e+00
    3.16227770e+00 2.23606801e+00 1. 1.41421354e+00 3.16227770e+00
    2.23606801e+00 2.82842708e+00 3.16227770e+00 2.23606801e+00 1.
    3.60555124e+00 5. 2.82842708e+00 2.23606801e+00 2.23606801e+00
    3.16227770e+00 3. 1.41421354e+00 3. 1.41421354e+00 2.82842708e+00
    2.23606801e+00 3.60555124e+00 2.23606801e+00 0. 1.41421354e+00
    3.60555124e+00 1. 2.23606801e+00 2. 2.23606801e+00 2.23606801e+00 3.
    1. 1.41421354e+00 2.23606801e+00 2.23606801e+00 0. 1.41421354e+00 2.
    4. 2.23606801e+00 2.23606801e+00 1.41421354e+00 1.41421354e+00 1.
    2.82842708e+00 1. 2. 1.41421354e+00 1.41421354e+00 3.16227770e+00 1.
    1. 3.60555124e+00 1.02956305e+01 4.49444084e+01 9.03548584e+01
    1.14546936e+02 1.04804581e+02 5.51543274e+01 1.20415945e+01
    1.41421354e+00 1.41421354e+00 1.41421354e+00 1. 1.41421354e+00
    2.23606801e+00 1. 2. 1.41421354e+00 1. 0. 2.23606801e+00 2. 1. 0. 0.
    2. 2.23606801e+00 1. 2. 2. 0. 1.41421354e+00 1. 1.41421354e+00 1. 1.
    1. 1. 1.41421354e+00 1. 1. 1. 1. 1. 1. 1.41421354e+00 2.23606801e+00
    2.23606801e+00 1.41421354e+00 1.41421354e+00 0. 1. 1.41421354e+00
    1.41421354e+00 2.23606801e+00 1.41421354e+00 1. 1. 1.41421354e+00 1.
    2.23606801e+00 3.16227770e+00 0. 0. 1. 1. 1. 1.41421354e+00 1. 0. 0.
    1. 1. 1. 0. 2.23606801e+00 1. 1. 1.41421354e+00 1.41421354e+00
    1.41421354e+00 2. 1. 2. 3. 2. 1. 1.41421354e+00 0. 1. 1. 0.
    1.41421354e+00 1. 1. 1. 1. 1.41421354e+00 1. 1. 1. 1. 0.
    1.41421354e+00 2.23606801e+00 2. 0. 1. 1. 2. 1. 1. 1. 1.41421354e+00
    1.41421354e+00 1. 1.41421354e+00 1.41421354e+00 2. 2.23606801e+00
    1.41421354e+00 1. 0. 1. 0. 0. 1.41421354e+00 2. 1.41421354e+00
    3.16227770e+00 2.23606801e+00 1.41421354e+00 1. 1.41421354e+00
    1.41421354e+00 1.41421354e+00 1.41421354e+00 1. 1.41421354e+00 1. 2.
    1.41421354e+00 2.23606801e+00 1. 1. 2. 2. 2. 0. 0. 2. 1.
    2.23606801e+00 2. 2.23606801e+00 1.41421354e+00 1. 1.41421354e+00 1.
    1. 2. 1. 1. 2. 1.41421354e+00 0. 1. 1. 1. 1.41421354e+00 1. 1. 1. 0.
    1. 1.41421354e+00 1. 1.14017544e+01 4.77074432e+01 8.94427185e+01
    1.12605507e+02 1.04804581e+02 5.65862160e+01 1.48660688e+01
    2.82842708e+00 1. 1. 1. 2.82842708e+00 1.41421354e+00 2.23606801e+00
    1.41421354e+00 0. 2. 2. 1. 2.23606801e+00 1. 2. 2. 0. 3.60555124e+00
    2.82842708e+00 2.23606801e+00 2.82842708e+00 1.41421354e+00
    2.82842708e+00 2.82842708e+00 0. 1.41421354e+00 2.23606801e+00
    2.82842708e+00 3.60555124e+00 1.41421354e+00 4.12310553e+00
    3.60555124e+00 3.16227770e+00 3.16227770e+00 2.23606801e+00 3.
    1.41421354e+00 3.16227770e+00 1. 3.16227770e+00 1.41421354e+00
    1.41421354e+00 3.60555124e+00 2.23606801e+00 2.23606801e+00
    2.23606801e+00 2.23606801e+00 1.41421354e+00 3. 1. 2.23606801e+00 1.
    2.23606801e+00 1.41421354e+00 1.41421354e+00 2.82842708e+00
    3.16227770e+00 2.23606801e+00 2. 1. 3. 2.23606801e+00 2.23606801e+00
    3.16227770e+00 5.09901953e+00 3.16227770e+00 1. 1. 2.23606801e+00 0.
    2.23606801e+00 2.23606801e+00 2. 1.06301460e+01 5.66392097e+01
    1.08977058e+02 1.15935326e+02 8.67640457e+01 4.39089966e+01
    1.14017544e+01 1. 1. 1.41421354e+00 1. 1. 1.41421354e+00
    1.41421354e+00 2.23606801e+00 1.41421354e+00 1.41421354e+00
    1.41421354e+00 1. 1. 2. 2. 1. 2. 1.41421354e+00 2. 1. 2.23606801e+00
    2.23606801e+00 2. 1.41421354e+00 2.23606801e+00 2. 1. 1. 1. 2. 1.
    2.23606801e+00 0. 1. 1. 1. 1. 0. 1.41421354e+00 2.23606801e+00
    1.41421354e+00 1. 1. 1. 1. 0. 2. 1. 1. 1. 2. 1. 2.23606801e+00 1. 1.
    1. 2. 2. 0. 1. 1. 0. 1.41421354e+00 2.23606801e+00 2.23606801e+00
    1.41421354e+00 2.23606801e+00 1.41421354e+00 1.41421354e+00 1. 1.
    1.41421354e+00 2. 1.41421354e+00 1. 0. 1. 1.41421354e+00
    1.41421354e+00 1. 1. 1. 0. 1. 1.41421354e+00 1. 1.41421354e+00 1.
    1.41421354e+00 1.41421354e+00 1.41421354e+00 2. 1.41421354e+00 1. 0.
    0. 1. 1.41421354e+00 1. 1.41421354e+00 1. 1. 2.23606801e+00 1. 0. 1.
    1. 0. 1. 2.23606801e+00 1. 2. 3. 0. 1.41421354e+00 1. 0. 1. 1. 1.
    2.23606801e+00 3.16227770e+00 1.41421354e+00 0. 1. 1. 1.41421354e+00
    0. 0. 1. 1. 1. 0. 1. 1.41421354e+00 1.41421354e+00 1. 1. 1.
    1.41421354e+00 1. 1.41421354e+00 1.41421354e+00 1. 1.41421354e+00 1.
    1. 2. 1. 1.41421354e+00 1.41421354e+00 1.41421354e+00 1. 0. 0. 0. 0.
    1.41421354e+00 2. 1. 2. 1.41421354e+00 1.41421354e+00 1.41421354e+00
    0. 1. 1.41421354e+00 2.23606801e+00 3.16227770e+00 3. 7.
    2.65706596e+01 6.24819984e+01 1.10317726e+02 1.10317726e+02
    6.23698654e+01 2.73129997e+01 9.05538559e+00 1.41421354e+00
    1.41421354e+00 2. 1.41421354e+00 1.41421354e+00 1. 1. 2.
    2.23606801e+00 1. 2. 1.41421354e+00 1.41421354e+00 0. 1.41421354e+00
    3.16227770e+00 1. 1.41421354e+00 1.41421354e+00 0. 2.82842708e+00
    3.16227770e+00 4. 2. 1. 1. 2.23606801e+00 3.16227770e+00
    2.23606801e+00 2. 2.82842708e+00 2. 2. 1.41421354e+00 3.60555124e+00
    2.23606801e+00 1.41421354e+00 1.41421354e+00 3.16227770e+00
    3.60555124e+00 0. 1. 1. 1.41421354e+00 3.16227770e+00 2.82842708e+00
    3.16227770e+00 1. 2.23606801e+00 1. 2. 2.82842708e+00 1.41421354e+00
    0. 2. 3.60555124e+00 2.82842708e+00 3. 0. 1. 1.41421354e+00
    3.60555124e+00 2. 3.16227770e+00 2.23606801e+00 1.41421354e+00
    2.23606801e+00 1. 2. 8.24621105e+00 2.57099209e+01 6.40312424e+01
    1.15260574e+02 1.14560028e+02 6.17170982e+01 2.37697277e+01
    9.05538559e+00 2.23606801e+00 1. 0. 0. 1.41421354e+00 1.
    1.41421354e+00 1.41421354e+00 0. 1.41421354e+00 1. 1. 1.41421354e+00
    2. 2. 2. 2. 2. 1. 0. 1.41421354e+00 1. 2.23606801e+00 2.23606801e+00
    2.23606801e+00 1.41421354e+00 1. 1. 1. 1. 0. 2.23606801e+00 1. 1. 1.
    2. 1. 0. 1. 1. 1.41421354e+00 2. 1.41421354e+00 2. 2. 1.
    1.41421354e+00 1.41421354e+00 1. 1.41421354e+00 1. 0. 1.
    1.41421354e+00 1. 1. 1.41421354e+00 1. 1.41421354e+00 1.
    1.41421354e+00 1. 1. 2. 1. 1.41421354e+00 2.23606801e+00 1. 0. 1. 1.
    1. 1.41421354e+00 1. 1.41421354e+00 1.41421354e+00 1. 1.41421354e+00
    0. 1.41421354e+00 1.41421354e+00 0. 0. 0. 1. 1.41421354e+00
    1.41421354e+00 1.41421354e+00 1. 1. 2.23606801e+00 3.16227770e+00
    2.23606801e+00 1. 0. 0. 1. 1. 1.41421354e+00 2.23606801e+00 1. 1.
    2.23606801e+00 1. 2.23606801e+00 0. 0. 0. 0. 0. 1.41421354e+00
    2.23606801e+00 2.23606801e+00 1. 2.23606801e+00 2.23606801e+00
    1.41421354e+00 1. 0. 2. 2. 1.41421354e+00 1. 1.41421354e+00 1. 0. 0.
    1.41421354e+00 1. 1.41421354e+00 1. 0. 0. 0. 0. 1. 1. 1. 1. 0.
    1.41421354e+00 2.23606801e+00 1.41421354e+00 1. 1. 1.41421354e+00 0.
    1. 1. 1. 1. 1. 1. 1.41421354e+00 2.23606801e+00 2. 1. 1. 1. 1. 1. 1.
    1. 1. 1. 0. 1.41421354e+00 2.23606801e+00 1.41421354e+00 2.
    2.23606801e+00 2.23606801e+00 1. 1.20415945e+01 5.58659096e+01
    1.05475113e+02 1.12893753e+02 8.85494232e+01 4.75078926e+01
    1.34536238e+01 3.16227770e+00 4.47213602e+00 2.82842708e+00
    4.12310553e+00 2.23606801e+00 1. 0. 2.23606801e+00 2. 3.
    2.23606801e+00 1.41421354e+00 1. 1.41421354e+00 1.41421354e+00 1. 1.
    1. 2. 1.41421354e+00 3. 4.12310553e+00 4.47213602e+00 3.16227770e+00
    3. 0. 2. 1. 2.23606801e+00 1. 2.23606801e+00 1. 2.82842708e+00
    3.16227770e+00 1. 1. 1.41421354e+00 1.41421354e+00 2.82842708e+00
    2.23606801e+00 2.23606801e+00 2.82842708e+00 2.23606801e+00 1.
    2.23606801e+00 1.41421354e+00 1.41421354e+00 1. 0. 1. 2.82842708e+00
    2.23606801e+00 1.41421354e+00 2.23606801e+00 1. 2.23606801e+00
    1.41421354e+00 1. 1.41421354e+00 1.41421354e+00 2.23606801e+00
    2.23606801e+00 2.23606801e+00 1.41421354e+00 2. 1. 2. 9.21954441e+00
    4.52769241e+01 9.03382568e+01 1.17885536e+02 1.08374352e+02
    5.65685425e+01 1.06301460e+01 0. 2.23606801e+00 2. 1.41421354e+00 1.
    0. 1. 1. 2.82842708e+00 1. 1.41421354e+00 1. 1. 2.23606801e+00
    1.41421354e+00 1. 1. 1. 1. 1. 1. 0. 0. 1.41421354e+00 1.41421354e+00
    1. 1. 1. 1.41421354e+00 1. 1. 0. 1. 1.41421354e+00 1. 2.
    1.41421354e+00 0. 1. 1. 1. 1.41421354e+00 1. 1.41421354e+00 2. 1.
    1.41421354e+00 2.23606801e+00 2.82842708e+00 1.41421354e+00 1. 0. 0.
    0. 1. 1.41421354e+00 0. 1. 1.41421354e+00 0. 1. 0. 1. 0. 0.
    2.23606801e+00 2.82842708e+00 1.41421354e+00 1. 1.41421354e+00
    1.41421354e+00 1. 1. 1. 1. 0. 1. 1. 0. 1.41421354e+00 1.41421354e+00
    1. 1. 1. 0. 0. 0. 1. 1.41421354e+00 0. 1. 2.23606801e+00
    2.82842708e+00 2.23606801e+00 2.23606801e+00 1. 1. 1. 1.41421354e+00
    1. 1.41421354e+00 1. 1.41421354e+00 1. 2.23606801e+00 2.23606801e+00
    1.41421354e+00 1.41421354e+00 0. 0. 0. 1. 1. 1. 1. 1. 2. 0. 2.
    1.41421354e+00 1. 1.41421354e+00 1. 0. 1.41421354e+00 1.41421354e+00
    1.41421354e+00 0. 0. 0. 1. 0. 0. 1. 0. 0. 0. 1. 1. 1.41421354e+00
    1.41421354e+00 1. 2.23606801e+00 1.41421354e+00 1.41421354e+00
    1.41421354e+00 1. 1. 0. 1. 0. 1. 0. 1. 0. 1.41421354e+00
    1.41421354e+00 1.41421354e+00 1.41421354e+00 1. 0. 1. 1. 0. 0. 1. 1.
    2. 1. 3.16227770e+00 2.23606801e+00 1. 1.41421354e+00 2.23606801e+00
    1. 0. 1.20415945e+01 4.57930107e+01 8.85494232e+01 1.13991226e+02
    1.06301460e+02 6.26258736e+01 2.88617401e+01 1.20415945e+01
    2.23606801e+00 1.41421354e+00 4.12310553e+00 2. 1.41421354e+00 2. 3.
    1. 3.16227770e+00 3.16227770e+00 0. 1.41421354e+00 1.41421354e+00 2.
    1. 2.23606801e+00 2.23606801e+00 3.16227770e+00 2.82842708e+00
    1.41421354e+00 1. 2.23606801e+00 2.82842708e+00 3.16227770e+00
    1.41421354e+00 3.60555124e+00 2. 2. 2. 2. 2.23606801e+00 0.
    1.41421354e+00 3. 2. 1. 1. 2. 1.41421354e+00 2.23606801e+00
    3.16227770e+00 1. 1.41421354e+00 1. 2. 2.23606801e+00 1.41421354e+00
    2.23606801e+00 1. 2.23606801e+00 1. 1.41421354e+00 3. 1.41421354e+00
    2.23606801e+00 1. 1. 1.41421354e+00 1.41421354e+00 2. 0.
    2.23606801e+00 1. 6.08276272e+00 2.28035088e+01 5.90338898e+01
    1.06150833e+02 1.15676270e+02 8.94427185e+01 4.52769241e+01
    1.13137083e+01 1. 1.41421354e+00 1.41421354e+00 1. 0. 1. 1. 0.
    2.23606801e+00 1.41421354e+00 0. 1.41421354e+00 1.41421354e+00 1.
    1.41421354e+00 1. 0. 0. 0. 1. 1. 0. 0. 0. 1. 1.41421354e+00 1. 0. 1.
    2. 1.41421354e+00 1. 1. 1. 1.41421354e+00 1.41421354e+00 2. 1.
    1.41421354e+00 1. 0. 1. 1.41421354e+00 1.41421354e+00 1. 1.
    2.23606801e+00 3.16227770e+00 2.23606801e+00 1.41421354e+00 0. 0. 0.
    0. 0. 1.41421354e+00 1. 0. 0. 1.41421354e+00 1.41421354e+00 1. 1.
    2.23606801e+00 2.23606801e+00 1. 1. 2.23606801e+00 1.41421354e+00
    2.23606801e+00 2.23606801e+00 2. 1.41421354e+00 1.41421354e+00 1. 1.
    0. 1. 1. 0. 0. 1. 2. 2. 1. 0. 0. 0. 1. 0. 1. 1.41421354e+00
    1.41421354e+00 1. 2.23606801e+00 2.23606801e+00 2. 0. 1. 0. 1. 0. 2.
    1. 1. 1. 2.23606801e+00 1. 1.41421354e+00 1. 1. 1. 1. 1. 1. 1. 1.
    1.41421354e+00 2.23606801e+00 0. 1.41421354e+00 2.23606801e+00 1.
    1.41421354e+00 1. 2.23606801e+00 1.41421354e+00 1. 1. 0. 0. 1. 0. 1.
    0. 1. 0. 0. 0. 1. 1. 1. 1. 1. 1. 1.41421354e+00 0. 0. 0. 0. 0. 1. 1.
    1. 1.41421354e+00 1. 2. 1. 1. 1. 1.41421354e+00 2. 0. 1.41421354e+00
    0. 1. 1. 0. 2. 0. 2.23606801e+00 2.23606801e+00 2. 2.23606801e+00
    1.41421354e+00 0. 1.41421354e+00 1. 8.06225777e+00 2.43515911e+01
    6.10737267e+01 1.05550934e+02 1.12898186e+02 8.85663605e+01
    5.36656303e+01 2.56320114e+01 6.32455540e+00 2.82842708e+00
    1.41421354e+00 2. 1.41421354e+00 2.23606801e+00 3.16227770e+00
    1.41421354e+00 2.23606801e+00 2. 1. 2.23606801e+00 2.23606801e+00
    1.41421354e+00 0. 1. 1.41421354e+00 3.60555124e+00 2.23606801e+00
    2.23606801e+00 1.41421354e+00 3.16227770e+00 3. 3.60555124e+00
    4.47213602e+00 1.41421354e+00 3.16227770e+00 1. 1. 1. 2.23606801e+00
    2.23606801e+00 1. 3. 1.41421354e+00 1. 0. 1. 2.23606801e+00 2.
    2.23606801e+00 1.41421354e+00 1. 1. 1. 1. 2.23606801e+00 3.
    2.23606801e+00 1.41421354e+00 1. 2.23606801e+00 2.23606801e+00
    4.12310553e+00 1.41421354e+00 1.41421354e+00 2. 1. 0. 2. 8.
    2.57099209e+01 5.28015137e+01 8.67640457e+01 1.13441612e+02
    1.07628990e+02 6.30317383e+01 2.34093990e+01 7. 2. 1.41421354e+00 1.
    1.41421354e+00 1.41421354e+00 2. 1. 0. 1.41421354e+00 1. 0. 0. 0.
    1.41421354e+00 2. 1. 0. 0. 0. 0. 1. 1.41421354e+00 1.41421354e+00 1.
    1. 0. 2. 1.41421354e+00 1. 1.41421354e+00 2. 1. 1.41421354e+00 0. 0.
    1. 1. 0. 1. 0. 0. 0. 0. 1. 1.41421354e+00 2.23606801e+00 2.
    1.41421354e+00 1.41421354e+00 1. 1. 0. 1. 1. 1. 1. 1. 0. 0. 1. 1.
    1.41421354e+00 1. 2. 1.41421354e+00 2.82842708e+00 3.16227770e+00 1.
    2. 0. 2.23606801e+00 1. 1. 1.41421354e+00 2. 1. 1.41421354e+00
    1.41421354e+00 1.41421354e+00 1.41421354e+00 1.41421354e+00 0.
    1.41421354e+00 1. 1. 1.41421354e+00 1. 0. 1.41421354e+00 1.
    1.41421354e+00 1.41421354e+00 2.23606801e+00 0. 1.41421354e+00
    2.23606801e+00 2.23606801e+00 1.41421354e+00 0. 0. 1.41421354e+00 1.
    2. 0. 1.41421354e+00 1. 1. 2. 1.41421354e+00 1. 2. 0. 1. 1. 1. 1.
    2.23606801e+00 2.23606801e+00 2.23606801e+00 1. 1.41421354e+00 0.
    1.41421354e+00 1.41421354e+00 1. 1.41421354e+00 1. 1.41421354e+00 2.
    0. 0. 1. 1. 1. 0. 1. 1. 0. 0. 1. 1.41421354e+00 2.23606801e+00
    2.23606801e+00 1.41421354e+00 1. 2. 1. 1. 1. 0. 0. 0. 1. 1. 2. 1.
    1.41421354e+00 2. 1. 1. 1.41421354e+00 1. 1. 1.41421354e+00 1. 2. 1.
    2. 1. 2. 1. 1. 1.41421354e+00 1. 1. 1. 1.41421354e+00 1.41421354e+00
    1.41421354e+00 2.23606801e+00 1.41421354e+00 9.89949512e+00
    4.39089966e+01 8.67640457e+01 1.07540688e+02 1.08046288e+02
    8.81192398e+01 4.66154480e+01 9.84885788e+00 2.82842708e+00
    1.41421354e+00 1.41421354e+00 1.41421354e+00 2.23606801e+00
    1.41421354e+00 1. 1. 2.82842708e+00 3.60555124e+00 1. 2.23606801e+00
    3. 4. 2.23606801e+00 1.41421354e+00 2.23606801e+00 0. 2.
    1.41421354e+00 2. 4.24264050e+00 2. 1.41421354e+00 3.16227770e+00
    2.23606801e+00 1. 2.23606801e+00 2.82842708e+00 2.23606801e+00
    1.41421354e+00 2.23606801e+00 1. 1. 2.23606801e+00 2. 1.41421354e+00
    1. 2.23606801e+00 1. 1. 1. 2. 1. 2.23606801e+00 3.16227770e+00 2. 1.
    2. 2.23606801e+00 3.16227770e+00 1. 3. 1. 1. 1.41421354e+00 0.
    1.13137083e+01 4.57930107e+01 8.85494232e+01 1.09274879e+02
    1.09658562e+02 8.98999481e+01 4.92442894e+01 1.20415945e+01 0.
    1.41421354e+00 2. 1.41421354e+00 1.41421354e+00 1.41421354e+00 1. 0.
    1. 1. 0. 2.82842708e+00 1.41421354e+00 1. 0. 1. 1. 1.41421354e+00
    1.41421354e+00 1. 0. 1. 0. 1. 1. 1.41421354e+00 1. 1. 0. 2. 2. 1. 0.
    1. 0. 1. 1. 0. 0. 0. 0. 0. 1. 0. 0. 0. 0. 2. 1.41421354e+00 1.
    1.41421354e+00 1. 1. 2. 1.41421354e+00 2. 2.23606801e+00
    1.41421354e+00 1.41421354e+00 1. 1.41421354e+00 2.23606801e+00
    2.23606801e+00 1.41421354e+00 1. 1. 2.23606801e+00 2.23606801e+00 2.
    1.41421354e+00 1. 1. 1. 1.41421354e+00 1.41421354e+00 2.23606801e+00
    3.16227770e+00 0. 1.41421354e+00 0. 1. 1. 1. 2. 0. 2.23606801e+00
    1.41421354e+00 1.41421354e+00 1.41421354e+00 1. 1. 0. 0.
    1.41421354e+00 1. 2. 1.41421354e+00 0. 0. 1. 1. 1. 1.41421354e+00 1.
    1.41421354e+00 2.23606801e+00 1. 1.41421354e+00 2. 0. 1.41421354e+00
    1. 1.41421354e+00 2. 0. 0. 0. 2. 2. 1. 1.41421354e+00 2.23606801e+00
    1. 1.41421354e+00 1.41421354e+00 1. 1.41421354e+00 1. 2.23606801e+00
    1. 1. 1.41421354e+00 0. 1. 0. 2.23606801e+00 1. 1. 0. 1. 1. 1. 1.
    1.41421354e+00 1. 2.23606801e+00 1. 1. 2. 2. 1.41421354e+00
    1.41421354e+00 0. 0. 0. 1. 0. 1. 2. 1. 1. 0. 1. 0. 1. 1.41421354e+00
    1. 2. 0. 1.41421354e+00 2. 1.41421354e+00 0. 1.41421354e+00 0. 0. 1.
    1. 0. 1.41421354e+00 2.23606801e+00 1. 1. 0. 7.07106781e+00
    2.37697277e+01 5.23259010e+01 8.72066498e+01 1.13718948e+02
    1.08903625e+02 6.22896461e+01 2.13775578e+01 6.70820379e+00 1.
    1.41421354e+00 1. 0. 2.23606801e+00 3.16227770e+00 3.16227770e+00
    1.41421354e+00 2. 3. 2.82842708e+00 2.23606801e+00 4. 1.41421354e+00
    2. 0. 0. 1. 2.23606801e+00 1. 3. 2. 1. 2.82842708e+00 1.41421354e+00
    2.23606801e+00 2.82842708e+00 3.60555124e+00 0. 1.41421354e+00
    1.41421354e+00 3.60555124e+00 2.23606801e+00 1.41421354e+00 1.
    1.41421354e+00 1.41421354e+00 3. 2. 1.41421354e+00 1. 1.41421354e+00
    1.41421354e+00 0. 2.23606801e+00 2.23606801e+00 1. 2.23606801e+00
    3.16227770e+00 2. 3. 2.23606801e+00 3. 6. 2.46981773e+01
    6.31268578e+01 1.06216759e+02 1.12605507e+02 8.63133850e+01
    5.27730980e+01 2.65706596e+01 10. 2.23606801e+00 1. 1. 0. 1. 1. 0.
    0. 0. 1. 1. 1.41421354e+00 1. 1.41421354e+00 1.41421354e+00
    1.41421354e+00 1.41421354e+00 1. 0. 1. 1.41421354e+00 1. 0. 1. 0. 1.
    1.41421354e+00 1. 1. 1. 1.41421354e+00 1.41421354e+00 1. 1. 0. 1. 1.
    1. 1. 0. 1. 2. 2.23606801e+00 1. 1.41421354e+00 0. 0. 1.41421354e+00
    1. 3. 1. 2.23606801e+00 2. 1. 2. 2. 1. 1. 2.23606801e+00 0. 1.
    2.23606801e+00 1.41421354e+00 1.41421354e+00 2.82842708e+00
    1.41421354e+00 1.41421354e+00 2.23606801e+00 2. 2. 1. 0. 1. 0. 1. 0.
    1.41421354e+00 1. 1. 1. 1.41421354e+00 1. 1. 1. 0. 1. 0. 0.
    1.41421354e+00 1. 1.41421354e+00 1.41421354e+00 1. 1. 2.23606801e+00
    2. 2.23606801e+00 1.41421354e+00 1. 0. 0. 0. 0. 1. 1. 0. 0. 1. 0.
    1.41421354e+00 1. 0. 1.41421354e+00 1. 1. 1. 0. 0. 1. 2.82842708e+00
    2. 2.23606801e+00 1. 1.41421354e+00 1. 1. 1.41421354e+00 1. 2. 0. 2.
    1.41421354e+00 1.41421354e+00 1. 1. 2. 3. 2.82842708e+00 1. 2. 0. 0.
    1. 2. 3.16227770e+00 2.82842708e+00 0. 1.41421354e+00 1.41421354e+00
    1.41421354e+00 1.41421354e+00 1. 1.41421354e+00 1. 0. 0. 1. 0. 1. 1.
    1. 1.41421354e+00 1.41421354e+00 1.41421354e+00 1. 0. 0.
    1.41421354e+00 1.41421354e+00 1.41421354e+00 1. 0. 0. 1.41421354e+00
    1. 0. 0. 0. 2. 2. 1. 0. 1. 1. 1. 1. 2. 8.06225777e+00 2.52982216e+01
    6.16198006e+01 1.08208130e+02 1.17324333e+02 8.76641312e+01
    5.01597443e+01 3.29848442e+01 2.40208244e+01 7.28010988e+00 1. 3. 2.
    1. 1. 1.41421354e+00 3.16227770e+00 2.82842708e+00 3.60555124e+00
    2.23606801e+00 2.23606801e+00 2.23606801e+00 1. 1. 1.41421354e+00 1.
    2.82842708e+00 3. 2.82842708e+00 1. 2.23606801e+00 2. 2. 1.
    4.47213602e+00 2.23606801e+00 1. 4.12310553e+00 3.60555124e+00
    1.41421354e+00 2.23606801e+00 1. 1. 3.16227770e+00 1.41421354e+00 2.
    2.23606801e+00 2. 1. 1. 2.23606801e+00 2. 1. 1.41421354e+00 0.
    2.82842708e+00 2.23606801e+00 6.32455540e+00 2.22036037e+01
    3.08058434e+01 5.32353249e+01 9.03548584e+01 1.14546936e+02
    1.04804581e+02 5.96657372e+01 2.30867920e+01 6.08276272e+00
    2.23606801e+00 1. 1.41421354e+00 1. 0. 0. 0. 0. 0. 1.41421354e+00
    1.41421354e+00 1. 1. 2. 1. 1. 0. 1. 1. 1. 0. 1. 1.41421354e+00 1. 0.
    1. 1.41421354e+00 1.41421354e+00 0. 1. 0. 2. 1.41421354e+00
    1.41421354e+00 0. 0. 1. 1. 3. 3. 0. 1. 2.23606801e+00 3.16227770e+00
    2.23606801e+00 1.41421354e+00 1. 1. 1. 1. 1.41421354e+00 2.
    1.41421354e+00 1. 1.41421354e+00 2. 1.41421354e+00 1.41421354e+00 2.
    1. 1.41421354e+00 1. 2. 1.41421354e+00 1.41421354e+00 1. 1.
    2.23606801e+00 1. 0. 1. 1. 1. 1. 0. 1.41421354e+00 1.41421354e+00
    1.41421354e+00 2. 1. 0. 1. 1.41421354e+00 0. 0. 0. 0. 0. 1. 0. 0. 1.
    1.41421354e+00 1. 2. 0. 2. 3. 1.41421354e+00 1.41421354e+00
    2.23606801e+00 1.41421354e+00 1. 1. 1. 1. 1. 2. 1. 1. 1.41421354e+00
    0. 1.41421354e+00 1. 0. 1. 1. 0. 1. 1. 0. 2. 2. 1.41421354e+00
    1.41421354e+00 1.41421354e+00 1. 1. 1.41421354e+00 1. 2.23606801e+00
    3.16227770e+00 1. 1. 0. 1.41421354e+00 1. 3. 1. 3. 3. 0. 1. 0.
    1.41421354e+00 1.41421354e+00 1. 2.23606801e+00 2. 1. 2.
    2.23606801e+00 1. 1. 1.41421354e+00 1. 1. 1.41421354e+00 0. 1. 0. 1.
    1.41421354e+00 1. 1. 1. 1.41421354e+00 1.41421354e+00 0.
    1.41421354e+00 1. 2.23606801e+00 1. 1.41421354e+00 2. 1. 0. 0. 0. 1.
    1.41421354e+00 1. 1. 0. 1. 1.41421354e+00 0. 1.41421354e+00 2.
    1.41421354e+00 1.41421354e+00 1.22065554e+01 4.71699066e+01
    9.16787872e+01 1.11507851e+02 1.04694794e+02 9.67729263e+01
    8.50705566e+01 5.27730980e+01 2.30867920e+01 8.06225777e+00
    2.82842708e+00 2. 3.16227770e+00 3. 1. 2. 1. 1.41421354e+00
    2.82842708e+00 1.41421354e+00 1. 0. 1.41421354e+00 2.23606801e+00 3.
    0. 3. 3.16227770e+00 0. 1. 1. 2. 2.23606801e+00 3.60555124e+00
    2.23606801e+00 3.60555124e+00 2.23606801e+00 2. 2.23606801e+00 1. 1.
    2. 3.16227770e+00 4.24264050e+00 2.23606801e+00 1.41421354e+00 1. 2.
    1.41421354e+00 1. 3.60555124e+00 1. 1.41421354e+00 5.09901953e+00
    2.24722042e+01 4.87544861e+01 8.00812073e+01 9.82344131e+01
    1.08240471e+02 1.10788086e+02 8.81022110e+01 4.47772255e+01
    9.21954441e+00 1.41421354e+00 1.41421354e+00 3.16227770e+00
    2.23606801e+00 1.41421354e+00 1.41421354e+00 1. 0. 0. 0. 1. 1. 1.
    1.41421354e+00 1.41421354e+00 1. 1. 1. 0. 0. 1. 0. 2. 1. 0. 1.
    2.23606801e+00 2.23606801e+00 1. 1. 0. 1. 1. 0. 1. 1. 1. 2. 1.
    2.23606801e+00 2.23606801e+00 2.82842708e+00 2. 1.41421354e+00 3. 1.
    3.16227770e+00 2.23606801e+00 1. 1. 1. 2. 2. 1.41421354e+00 1. 0. 1.
    2. 1.41421354e+00 1.41421354e+00 1.41421354e+00 1. 1.41421354e+00 1.
    1. 1. 1.41421354e+00 1. 1.41421354e+00 0. 1. 0. 0. 2. 2. 0. 1.
    1.41421354e+00 0. 1.41421354e+00 2. 1.41421354e+00 1. 0.
    1.41421354e+00 1. 1. 0. 2. 2. 1. 1. 1. 1.41421354e+00 1. 2. 0. 0.
    1.41421354e+00 1. 2.23606801e+00 2.23606801e+00 0. 3. 2.23606801e+00
    1. 1. 1. 1. 0. 1. 0. 1. 1. 1. 1.41421354e+00 2.23606801e+00 2. 0. 1.
    1.41421354e+00 1.41421354e+00 2. 0. 1. 0. 1.41421354e+00 1. 1. 1.
    2.23606801e+00 1.41421354e+00 0. 2.23606801e+00 1.41421354e+00 1. 1.
    1.41421354e+00 1. 2.23606801e+00 1. 2.23606801e+00 1. 1. 0. 1. 1.
    1.41421354e+00 1.41421354e+00 0. 1. 1.41421354e+00 1. 2.23606801e+00
    2. 2.23606801e+00 1.41421354e+00 1. 2.23606801e+00 1.41421354e+00
    1.41421354e+00 0. 0. 0. 0. 1. 1. 1.41421354e+00 1.41421354e+00
    1.41421354e+00 1. 1. 1. 1. 1. 1. 1. 1.41421354e+00 0. 0. 0.
    1.41421354e+00 0. 1. 0. 0. 1. 1.41421354e+00 1.41421354e+00
    2.23606801e+00 0. 1. 1. 0. 9. 2.56320114e+01 5.50090904e+01
    8.22800064e+01 9.65401459e+01 1.06437775e+02 1.11646767e+02
    8.81022110e+01 5.23259010e+01 3.39558525e+01 2.70185127e+01
    1.10453606e+01 3.16227770e+00 2.82842708e+00 1. 1.41421354e+00
    1.41421354e+00 1. 1.41421354e+00 1.41421354e+00 1. 0. 1.41421354e+00
    1.41421354e+00 2. 1.41421354e+00 1.41421354e+00 2. 1.41421354e+00 2.
    2.23606801e+00 1.41421354e+00 2.23606801e+00 3. 1.41421354e+00
    2.23606801e+00 2.23606801e+00 3. 2.23606801e+00 3. 2.23606801e+00
    2.82842708e+00 1.41421354e+00 1.41421354e+00 2.23606801e+00
    1.41421354e+00 0. 2.23606801e+00 2.23606801e+00 6.08276272e+00
    2.10237961e+01 3.05941162e+01 51. 8.67698135e+01 1.08406639e+02
    1.07331261e+02 1.00424103e+02 8.28613281e+01 5.32353249e+01
    2.52982216e+01 9.21954441e+00 2.23606801e+00 2.23606801e+00
    1.41421354e+00 2.23606801e+00 1.41421354e+00 1.41421354e+00
    1.41421354e+00 2.23606801e+00 1. 0. 0. 0. 1. 1. 0. 1. 0. 2. 0. 1. 0.
    0. 1. 0. 1. 2. 3.16227770e+00 3.16227770e+00 1.41421354e+00 1. 1. 2.
    1. 1. 0. 1. 1.41421354e+00 1.41421354e+00 1. 2. 2.23606801e+00
    2.23606801e+00 2.82842708e+00 3. 1. 3.16227770e+00 3. 2.82842708e+00
    1. 1.41421354e+00 1.41421354e+00 0. 0. 0. 0. 1. 1. 1. 0. 2. 1. 0. 1.
    0. 1. 1. 1. 0. 0. 0. 1. 1. 0. 1. 1.41421354e+00 1.41421354e+00 1. 1.
    1.41421354e+00 1.41421354e+00 1.41421354e+00 0. 2. 1.41421354e+00
    1.41421354e+00 1.41421354e+00 2. 1. 3.16227770e+00 3.60555124e+00
    1.41421354e+00 2. 1. 0. 1.41421354e+00 1. 1.41421354e+00 2. 1. 1.
    2.23606801e+00 2.82842708e+00 1. 2.23606801e+00 2.82842708e+00 1. 1.
    1. 1.41421354e+00 1.41421354e+00 1. 0. 0. 1. 1.41421354e+00 1. 1.
    2.23606801e+00 2.82842708e+00 2.23606801e+00 1.41421354e+00 1. 1. 1.
    1. 0. 1. 1. 0. 1. 1. 1. 3.16227770e+00 2.82842708e+00 2.
    1.41421354e+00 1.41421354e+00 0. 1. 1.41421354e+00 1.41421354e+00 1.
    2.23606801e+00 1. 0. 0. 0. 1. 1. 0. 1.41421354e+00 1.41421354e+00 0.
    1. 1.41421354e+00 3. 2. 0. 2. 1. 2. 1. 1. 1. 0. 1. 1. 1.41421354e+00
    0. 1. 1. 0. 0. 1. 1. 0. 1. 1. 1.41421354e+00 1. 0. 1.41421354e+00
    1.41421354e+00 1. 2.23606801e+00 1.41421354e+00 0. 1. 1. 1. 0.
    1.41421354e+00 0. 1. 1. 1. 1. 8. 2.50199928e+01 3.37342567e+01
    5.36656303e+01 8.94427185e+01 1.11139549e+02 1.05990562e+02
    9.84885788e+01 8.29698715e+01 5.23259010e+01 3.22800255e+01
    3.20624390e+01 2.40208244e+01 8. 1. 1. 1. 0. 1.41421354e+00 0.
    1.41421354e+00 1. 2. 0. 0. 1. 1. 1.41421354e+00 1.41421354e+00
    2.23606801e+00 2.23606801e+00 2. 2. 2.23606801e+00 3. 2. 3. 1. 3.
    2.23606801e+00 2. 2.23606801e+00 1.41421354e+00 6.32455540e+00
    2.20907211e+01 32. 3.33766403e+01 5.37121964e+01 8.16088257e+01
    9.77445679e+01 1.07331261e+02 1.11646767e+02 9.12359543e+01
    5.67978859e+01 3.39558525e+01 23. 7.28010988e+00 1. 1.41421354e+00
    2.23606801e+00 2.23606801e+00 2. 1.41421354e+00 0. 1. 2. 1. 2. 0. 0.
    0. 0. 1. 1. 1.41421354e+00 1. 0. 1. 0. 0. 0. 1. 1. 1. 2.23606801e+00
    1.41421354e+00 1. 2. 0. 1.41421354e+00 2. 1. 1. 2.23606801e+00
    1.41421354e+00 1. 1. 1.41421354e+00 0. 1. 2. 2. 0. 1. 2. 3. 1.
    1.41421354e+00 1.41421354e+00 1. 1.41421354e+00 1. 1. 1. 1.
    1.41421354e+00 1.41421354e+00 2. 1.41421354e+00 1. 0. 1.
    1.41421354e+00 1. 1.41421354e+00 0. 0. 0. 0. 1. 0. 1. 1.
    2.23606801e+00 1.41421354e+00 1. 0. 2. 1. 0. 1. 1. 1.41421354e+00 2.
    1. 1.41421354e+00 1. 4. 1. 3.60555124e+00 2.23606801e+00 1. 0. 0. 1.
    2.23606801e+00 2.23606801e+00 1. 1. 2.23606801e+00 2. 1.41421354e+00
    3. 2. 1.41421354e+00 2. 1. 1. 1.41421354e+00 1.41421354e+00 1. 0. 0.
    1. 1.41421354e+00 2.23606801e+00 1. 1. 1.41421354e+00 1. 0. 1.
    1.41421354e+00 0. 1. 1. 1. 1. 1. 1.41421354e+00 2. 0. 1.41421354e+00
    2. 1. 1.41421354e+00 2.23606801e+00 0. 1. 2.23606801e+00
    2.82842708e+00 2.23606801e+00 0. 0. 0. 0. 0. 1. 1.41421354e+00 1. 0.
    0. 1.41421354e+00 2. 1. 1.41421354e+00 1.41421354e+00 1.41421354e+00
    2.23606801e+00 1. 2. 1.41421354e+00 1.41421354e+00 1.41421354e+00 1.
    1. 1. 0. 1. 1. 0. 0. 1. 1. 0. 1. 1.41421354e+00 1.41421354e+00
    1.41421354e+00 1.41421354e+00 1.41421354e+00 1. 1.41421354e+00
    1.41421354e+00 2.23606801e+00 2. 0. 2. 1. 2.23606801e+00 0. 2.
    1.41421354e+00 1.41421354e+00 1. 1.41421354e+00 0. 2.23606801e+00 1.
    8.06225777e+00 2.56320114e+01 5.36656303e+01 8.32406158e+01
    9.87167664e+01 1.05546196e+02 1.03768974e+02 9.43663101e+01
    9.44298706e+01 8.25651245e+01 5.27730980e+01 3.29848442e+01
    3.20156212e+01 24. 7.07106781e+00 1.41421354e+00 1. 1. 0.
    1.41421354e+00 1.41421354e+00 0. 1. 1.41421354e+00 1. 1.
    1.41421354e+00 2.23606801e+00 1.41421354e+00 3. 2.23606801e+00
    2.23606801e+00 1. 2.82842708e+00 3. 1.41421354e+00 7. 2.30217285e+01
    32. 3.55105629e+01 5.45618896e+01 8.31685028e+01 9.44298706e+01
    9.61769180e+01 1.06451866e+02 1.07786827e+02 9.99249725e+01
    8.57263107e+01 5.63560104e+01 2.75136337e+01 1.00498753e+01 2. 1. 2.
    2.23606801e+00 1. 1. 1. 0. 0. 0. 1. 1.41421354e+00 2.23606801e+00 1.
    0. 0. 0. 1. 1.41421354e+00 1. 1.41421354e+00 1. 0. 0. 0. 0. 1.
    1.41421354e+00 1. 2. 1.41421354e+00 2. 1. 1. 0. 2.23606801e+00 0.
    2.23606801e+00 2.82842708e+00 1.41421354e+00 0. 0. 1.41421354e+00 1.
    0. 0. 0. 1. 0. 1. 1. 1.41421354e+00 2. 1. 1. 1.41421354e+00
    1.41421354e+00 0. 0. 0. 0. 0. 2. 1. 1. 0. 1.41421354e+00
    1.41421354e+00 1. 1. 2.23606801e+00 1.41421354e+00 0. 1. 1. 0. 1. 1.
    1.41421354e+00 2. 1.41421354e+00 1. 1.41421354e+00 1. 1. 0. 1.
    1.41421354e+00 0. 1. 0. 1. 1.41421354e+00 2. 3. 2.82842708e+00
    1.41421354e+00 1.41421354e+00 1. 1.41421354e+00 2.82842708e+00
    2.23606801e+00 2.23606801e+00 2. 1. 1. 1. 2. 1.41421354e+00
    1.41421354e+00 1.41421354e+00 0. 2. 1.41421354e+00 1.41421354e+00 0.
    1.41421354e+00 1. 0. 1. 0. 2. 2.23606801e+00 1.41421354e+00 1. 0. 0.
    1. 1. 1. 0. 1.41421354e+00 1. 0. 0. 1.41421354e+00 1.41421354e+00 2.
    0. 0. 0. 0. 1.41421354e+00 1. 1.41421354e+00 3.16227770e+00 3. 0. 1.
    1. 0. 0. 1. 1.41421354e+00 1. 2.23606801e+00 1. 1.41421354e+00
    1.41421354e+00 1. 1.41421354e+00 1. 1. 1.41421354e+00 2.23606801e+00
    0. 2.23606801e+00 1.41421354e+00 0. 1.41421354e+00 1.41421354e+00 1.
    0. 0. 1. 1.41421354e+00 1. 1. 1.41421354e+00 1. 1. 0. 2.
    1.41421354e+00 1.41421354e+00 1. 0. 1. 2.23606801e+00 1.41421354e+00
    2.23606801e+00 1. 1. 1. 0. 1.41421354e+00 3. 1.41421354e+00
    1.41421354e+00 1.41421354e+00 1. 1. 1. 1. 2. 1. 0. 8. 2.40208244e+01
    3.29848442e+01 5.37121964e+01 8.16088257e+01 9.52575455e+01
    9.63379440e+01 1.07331261e+02 1.05990562e+02 9.71648102e+01
    9.53362503e+01 8.19084854e+01 5.32259331e+01 3.23882713e+01 32.
    3.10644493e+01 31. 3.20156212e+01 3.30151482e+01 3.10644493e+01
    3.10161247e+01 32. 26. 16. 2.20227146e+01 3.20624390e+01
    3.00166626e+01 3.00665932e+01 3.11448231e+01 30. 3.00665932e+01
    3.30151482e+01 3.40147018e+01 3.27566795e+01 5.27730980e+01
    8.28613281e+01 9.55248642e+01 9.92975311e+01 1.08258949e+02
    1.06887794e+02 9.53519821e+01 9.42602768e+01 8.16088257e+01
    5.41202354e+01 3.39558525e+01 2.50199928e+01 8.06225777e+00 1.
    1.41421354e+00 2.23606801e+00 0. 1.41421354e+00 1. 2. 1. 1. 0.
    1.41421354e+00 0. 0. 1. 1. 1. 1. 0. 1. 1.41421354e+00 1. 1.
    1.41421354e+00 1. 0. 1. 0. 0. 1. 0. 1.41421354e+00 0. 1.
    1.41421354e+00 1.41421354e+00 1.41421354e+00 1. 1.41421354e+00 2.
    2.82842708e+00 1.41421354e+00 0. 0. 1. 1.41421354e+00 0. 1. 1. 1. 1.
    1. 0. 1.41421354e+00 1. 1. 1. 1. 1.41421354e+00 0. 1.41421354e+00 0.
    0. 0. 1. 1. 1.41421354e+00 1. 1. 1. 1. 1.41421354e+00 1.
    1.41421354e+00 2. 0. 1. 1.41421354e+00 1. 1. 1. 1. 1. 2.23606801e+00
    2.23606801e+00 1. 1. 1. 0. 0. 1. 2. 2. 0. 1. 1.41421354e+00 1. 2. 1.
    1. 1.41421354e+00 2. 2. 2.23606801e+00 0. 3.16227770e+00 2. 0.
    1.41421354e+00 1. 1.41421354e+00 1. 1. 0. 1. 0. 1. 2. 1.41421354e+00
    1. 1. 1. 1. 1. 1. 2. 2. 0. 0. 1. 1. 1. 0. 0. 1.41421354e+00 1. 0. 1.
    0. 1.41421354e+00 1.41421354e+00 1. 0. 0. 0. 1.41421354e+00 1.
    2.23606801e+00 1.41421354e+00 1.41421354e+00 2.23606801e+00
    2.23606801e+00 1.41421354e+00 1. 1. 1. 1. 1.41421354e+00 1. 1.
    1.41421354e+00 1. 0. 2. 1.41421354e+00 1. 1.41421354e+00 2. 1.
    1.41421354e+00 2.82842708e+00 1.41421354e+00 1. 1. 1. 1. 1. 1. 1. 1.
    1. 1. 1. 0. 2. 1. 2.23606801e+00 1.41421354e+00 1. 1. 1.41421354e+00
    2. 2. 1.41421354e+00 0. 0. 1.41421354e+00 1. 1.41421354e+00 2.
    2.23606801e+00 1.41421354e+00 1. 0. 1. 2. 1.41421354e+00 0. 1. 0. 1.
    1.41421354e+00 1. 8.24621105e+00 25. 3.20156212e+01 3.29848442e+01
    5.27730980e+01 8.35224533e+01 9.53362503e+01 9.55248642e+01
    1.05990562e+02 1.06929886e+02 9.61769180e+01 9.40053177e+01
    9.50052643e+01 9.60052109e+01 9.50052643e+01 9.50210495e+01
    9.50210495e+01 9.60052109e+01 9.71853867e+01 8.37436600e+01
    6.50691910e+01 8.17863083e+01 9.65194244e+01 9.40053177e+01
    9.30214996e+01 9.50210495e+01 95. 9.50473557e+01 9.50210495e+01
    9.50052643e+01 9.70154648e+01 1.05990562e+02 1.06892471e+02
    9.68813705e+01 9.54253616e+01 8.29698715e+01 5.28015137e+01
    3.27566795e+01 3.10161247e+01 24. 7.28010988e+00 1. 0. 2. 2.
    3.16227770e+00 1.41421354e+00 1.41421354e+00 1. 1. 0. 1. 0.
    2.23606801e+00 1. 1.41421354e+00 0. 0. 1. 1.41421354e+00 1. 1. 1.
    1.41421354e+00 1.41421354e+00 2.23606801e+00 2. 0. 1. 1. 1. 0. 1. 0.
    1. 0. 1. 1. 1. 1. 1. 1. 2.23606801e+00 1.41421354e+00 0. 0. 0. 1. 1.
    1. 1. 1. 2. 1. 1. 0. 0. 1. 0. 0. 1. 0. 1.41421354e+00 1.
    1.41421354e+00 1. 0. 1. 1.41421354e+00 0. 1.41421354e+00 1. 1. 1.
    1.41421354e+00 2.82842708e+00 2.23606801e+00 2.23606801e+00 0.
    1.41421354e+00 1. 1.41421354e+00 2. 2.23606801e+00 1.41421354e+00
    2.23606801e+00 3. 0. 1. 1.41421354e+00 1. 1. 0. 1.41421354e+00
    1.41421354e+00 1.41421354e+00 1.41421354e+00 0. 1. 1. 2.23606801e+00
    1.41421354e+00 1. 1. 0. 2.23606801e+00 2.23606801e+00 2.23606801e+00
    2.23606801e+00 1.41421354e+00 1. 0. 1. 0. 1. 1. 1. 1. 2. 1. 1. 1. 1.
    0. 1. 1. 1.41421354e+00 1.41421354e+00 1. 1.41421354e+00
    1.41421354e+00 1. 0. 2.23606801e+00 1.41421354e+00 0. 1.41421354e+00
    1.41421354e+00 0. 1. 1. 1. 0. 1.41421354e+00 1. 1. 1. 1.41421354e+00
    2.82842708e+00 1.41421354e+00 3. 1. 2. 3.16227770e+00 1. 2. 2. 1. 1.
    2. 1. 0. 1. 1. 0. 2. 1. 1. 1. 1. 1.41421354e+00 1. 1. 1.41421354e+00
    1.41421354e+00 2. 2. 1. 1.41421354e+00 1. 1. 1. 0. 0. 0. 0. 1. 1. 1.
    1.41421354e+00 2.23606801e+00 2. 1. 1. 0. 2. 0. 0. 1. 1. 1.
    1.41421354e+00 2. 2. 1. 0. 1. 1. 1. 1.41421354e+00 2.23606801e+00 1.
    1. 1.41421354e+00 1. 1. 0. 1. 0. 1. 7. 2.40208244e+01 3.20156212e+01
    3.29848442e+01 5.37121964e+01 8.32406158e+01 9.53362503e+01 94. 95.
    96. 94. 9.40053177e+01 9.50052643e+01 9.50052643e+01 9.60260391e+01
    9.92975311e+01 9.60208282e+01 1.02142059e+02 9.63379440e+01
    9.50210495e+01 9.60052109e+01 9.70051575e+01 97. 9.50210495e+01
    9.40053177e+01 95. 9.62548676e+01 8.42021408e+01 5.50090904e+01
    3.35261078e+01 3.00166626e+01 2.30217285e+01 8.06225777e+00
    1.41421354e+00 1.41421354e+00 3. 1.41421354e+00 1. 1. 1.41421354e+00
    1.41421354e+00 2. 2. 1.41421354e+00 0. 0. 1. 0. 1. 1. 0.
    1.41421354e+00 1.41421354e+00 1. 1. 1. 1.41421354e+00 0. 0. 1.
    1.41421354e+00 1.41421354e+00 1.41421354e+00 1.41421354e+00 1. 1. 1.
    1. 1.41421354e+00 1. 1. 1.41421354e+00 1. 1. 1. 1. 1. 0. 1. 0. 1. 1.
    1. 1.41421354e+00 1.41421354e+00 2. 2. 1. 1. 0. 0. 1. 0. 0. 0.
    1.41421354e+00 1. 1.41421354e+00 1.41421354e+00 1. 1. 1.41421354e+00
    1.41421354e+00 0. 1. 2.23606801e+00 1. 1.41421354e+00 1. 1. 1. 0. 2.
    0. 1. 1. 1.41421354e+00 2.82842708e+00 2. 2.82842708e+00
    3.16227770e+00 2. 1.41421354e+00 2.23606801e+00 1.41421354e+00
    1.41421354e+00 1. 1. 1. 2.23606801e+00 0. 1. 1. 1. 1. 2. 1. 2. 1. 0.
    0. 1. 2.23606801e+00 2. 1. 1. 1.41421354e+00 1. 1. 0. 1. 1. 2. 0. 1.
    2. 1. 1. 0. 0. 1. 1.41421354e+00 1.41421354e+00 1. 0. 0. 1.
    1.41421354e+00 2.23606801e+00 0. 2.23606801e+00 1. 1. 1. 1.
    1.41421354e+00 1.41421354e+00 1.41421354e+00 1.41421354e+00
    1.41421354e+00 1.41421354e+00 1.41421354e+00 0. 1.41421354e+00 1.
    2.23606801e+00 3.16227770e+00 1.41421354e+00 2.23606801e+00
    3.16227770e+00 1. 2. 2. 1. 2.23606801e+00 1. 1. 1.41421354e+00 1. 1.
    2.23606801e+00 1. 1.41421354e+00 1. 1. 1. 1.41421354e+00
    3.16227770e+00 0. 2. 0. 1.41421354e+00 1.41421354e+00 0.
    1.41421354e+00 1.41421354e+00 1.41421354e+00 0. 0. 0. 0. 0. 0. 1.
    1.41421354e+00 0. 0. 1. 1. 0. 1.41421354e+00 0. 1. 0. 0. 1. 1. 2.
    2.23606801e+00 0. 1.41421354e+00 1. 1. 1.41421354e+00 1.41421354e+00
    1. 0. 1. 2. 0. 2.23606801e+00 0. 1.41421354e+00 1. 1. 1. 0. 1. 0. 1.
    8.06225777e+00 2.40208244e+01 3.10161247e+01 3.10161247e+01
    3.10161247e+01 32. 3.20156212e+01 3.10161247e+01 3.10161247e+01
    3.10161247e+01 3.17804966e+01 4.77598152e+01 62. 4.96487656e+01
    3.10483494e+01 32. 34. 3.40147018e+01 3.30605507e+01 31.
    3.10644493e+01 3.20156212e+01 32. 25. 9. 1. 3. 2. 1. 1.
    1.41421354e+00 2. 1.41421354e+00 0. 1. 1.41421354e+00 1.41421354e+00
    1. 2.23606801e+00 1. 1. 0. 0. 0. 0. 1.41421354e+00 1. 0. 1. 1.
    1.41421354e+00 0. 0. 0. 0. 0. 1. 1. 0. 1.41421354e+00 1.41421354e+00
    1. 1. 1.41421354e+00 1.41421354e+00 1.41421354e+00 1.41421354e+00 2.
    3.16227770e+00 2. 1. 1. 2. 2.23606801e+00 1.41421354e+00 1.
    1.41421354e+00 1. 0. 1.41421354e+00 2.82842708e+00 2. 2.23606801e+00
    0. 1.41421354e+00 2.23606801e+00 2. 1. 1. 0. 1. 1. 0. 1. 1. 0. 1. 0.
    1.41421354e+00 1. 1. 1. 3. 1.41421354e+00 2. 1. 1. 1. 1. 1.
    1.41421354e+00 1.41421354e+00 3. 2. 1. 1. 3.16227770e+00
    2.82842708e+00 1. 1. 1. 0. 1. 1. 2.23606801e+00 1. 2. 1.41421354e+00
    1. 0. 1. 1.41421354e+00 2.23606801e+00 2.23606801e+00 1. 1. 0. 0. 2.
    2. 2.23606801e+00 1.41421354e+00 1.41421354e+00 2. 1. 1.41421354e+00
    0. 2. 0. 0. 0. 1.41421354e+00 1. 1. 1. 0. 0. 1. 1. 0. 0. 0. 0. 1.
    2.23606801e+00 2.23606801e+00 1. 1. 1.41421354e+00 2.23606801e+00 1.
    1. 0. 2. 2. 1. 1.41421354e+00 1. 1. 1.41421354e+00 2. 1.
    1.41421354e+00 2.23606801e+00 0. 1.41421354e+00 1.41421354e+00
    1.41421354e+00 1.41421354e+00 1.41421354e+00 1. 1.41421354e+00
    1.41421354e+00 0. 0. 1. 1.41421354e+00 2.23606801e+00 0. 2. 0. 2. 1.
    2.82842708e+00 3.16227770e+00 1.41421354e+00 0. 1.41421354e+00
    1.41421354e+00 1. 1. 1. 0. 0. 0. 0. 1. 1. 0. 0. 1.41421354e+00 1.
    1.41421354e+00 1. 0. 1. 1. 2.23606801e+00 0. 0. 0. 0. 1. 1. 2.
    1.41421354e+00 0. 0. 1. 1.41421354e+00 2. 2. 1. 1. 1.41421354e+00 0.
    1. 1.41421354e+00 1. 1. 1.41421354e+00 2. 1. 1. 1. 0. 1. 1.
    1.41421354e+00 0. 1. 1. 1.41421354e+00 2. 1.41421354e+00
    1.41421354e+00 0. 7.07106781e+00 15. 7. 1. 2. 1. 2. 3.16227770e+00
    1. 2. 1. 0. 0. 1. 2.23606801e+00 2. 1.41421354e+00 1. 1. 2. 1. 1. 0.
    0. 1. 1.41421354e+00 2. 1.41421354e+00 1. 1. 1. 0. 0. 0.
    1.41421354e+00 1. 1. 1.41421354e+00 2.23606801e+00 1.41421354e+00
    1.41421354e+00 1. 0. 0. 1. 1.41421354e+00 2.23606801e+00 1. 1.
    1.41421354e+00 1. 1. 1.41421354e+00 1.41421354e+00 0. 2. 1.
    2.23606801e+00 2.23606801e+00 1. 2. 2. 1.41421354e+00 2.82842708e+00
    1. 1.41421354e+00 1.41421354e+00 1. 3. 2.23606801e+00 2.23606801e+00
    2.23606801e+00 1. 2. 1.41421354e+00 3. 1. 1. 0. 0. 1.41421354e+00
    1.41421354e+00 0. 0. 1.41421354e+00 1. 1. 1.41421354e+00
    1.41421354e+00 1. 2. 1. 0. 0. 1. 1.41421354e+00 1.41421354e+00 0. 1.
    1.41421354e+00 1. 2. 1.41421354e+00 1.41421354e+00 2. 1.
    3.16227770e+00 2.23606801e+00 0. 0. 0. 1. 2. 1. 1. 2. 1. 1. 1. 0. 1.
    1.41421354e+00 1.41421354e+00 1.41421354e+00 1. 0. 1. 1. 0. 1.
    1.41421354e+00 0. 1.41421354e+00 1.41421354e+00 1.41421354e+00 2. 1.
    1. 0. 0. 1. 2. 1. 1. 1. 0. 0. 0. 0. 0. 0. 1.41421354e+00
    1.41421354e+00 1.41421354e+00 2.23606801e+00 2. 2. 1.41421354e+00 1.
    1.41421354e+00 0. 1. 1. 1.41421354e+00 2.23606801e+00 1.41421354e+00
    1. 1. 1. 2.23606801e+00 1.41421354e+00 1. 2. 1. 2.23606801e+00 2. 0.
    2. 2.23606801e+00 0. 1. 1. 1. 1. 1. 1. 2. 1. 1.41421354e+00 2. 0.
    1.41421354e+00 1.41421354e+00 2.23606801e+00 2.23606801e+00 0. 1. 1.
    0. 1. 1. 0. 0. 1. 1.41421354e+00 1.41421354e+00 1.41421354e+00 1. 1.
    0. 1. 0. 0. 0. 1.41421354e+00 1.41421354e+00 1.41421354e+00
    1.41421354e+00 1. 0. 0. 1. 1. 1. 1. 0. 1. 1. 2.23606801e+00 1. 1. 1.
    1.41421354e+00 1.41421354e+00 1. 1. 0. 1.41421354e+00 1.41421354e+00
    1.41421354e+00 1. 1. 1. 0. 1. 0. 1. 0. 1. 2.23606801e+00
    2.23606801e+00 1.41421354e+00 1. 1. 0. 1. 1.41421354e+00 1.
    1.41421354e+00 1.41421354e+00 1. 1. 1. 1.41421354e+00 1.41421354e+00
    1.41421354e+00 1. 0. 0. 1. 2.23606801e+00 2. 1.41421354e+00
    1.41421354e+00 2.23606801e+00 1. 1. 0. 0. 0. 0. 0. 1. 0.
    1.41421354e+00 1. 1. 1. 1. 1. 1.41421354e+00 1.41421354e+00
    1.41421354e+00 1. 1. 1.41421354e+00 1.41421354e+00 1. 1. 1.
    1.41421354e+00 2. 3.16227770e+00 2.23606801e+00 2.23606801e+00 2. 1.
    0. 0. 1. 1. 1.41421354e+00 2.82842708e+00 1.41421354e+00 1. 0.
    1.41421354e+00 1. 1. 2.23606801e+00 2.82842708e+00 1. 1. 1. 1. 2. 2.
    1.41421354e+00 1.41421354e+00 1.41421354e+00 3.16227770e+00 0. 2. 0.
    0. 0. 0. 1.41421354e+00 1. 1. 2.23606801e+00 1. 2. 0. 2. 1.
    1.41421354e+00 2. 1. 2. 1.41421354e+00 1.41421354e+00 0. 0. 0.
    1.41421354e+00 1. 2. 1. 1. 2. 1. 2. 2.23606801e+00 1. 0. 0. 1.
    1.41421354e+00 2.23606801e+00 1. 2. 0. 1. 1. 1. 0. 1. 0.
    1.41421354e+00 0. 0. 0. 2. 2. 2. 1. 1.41421354e+00 1.41421354e+00
    2.23606801e+00 1. 2.23606801e+00 1. 1.41421354e+00 1. 1.
    2.23606801e+00 0. 3. 3. 1. 0. 0. 0. 0. 0. 1. 1. 1. 0. 0. 0. 0. 1.
    1.41421354e+00 1. 0. 1. 2.23606801e+00 1.41421354e+00 1.41421354e+00
    2.23606801e+00 0. 1. 1. 1. 1.41421354e+00 2. 2. 1.41421354e+00
    1.41421354e+00 0. 2.23606801e+00 2.23606801e+00 1. 1.41421354e+00 2.
    0. 1. 1. 1.41421354e+00 1. 1.41421354e+00 1.41421354e+00 1.
    1.41421354e+00 1.41421354e+00 1. 1.41421354e+00 1. 1.41421354e+00 1.
    1. 1. 1. 1.41421354e+00 1.41421354e+00 1. 1. 1.41421354e+00
    2.23606801e+00 2.23606801e+00 1. 2.23606801e+00 0. 1. 0. 0. 0. 1.
    2.82842708e+00 1. 1.41421354e+00 1. 2.23606801e+00 1.41421354e+00 0.
    1. 2. 0. 1. 0. 1. 2.23606801e+00 0. 2. 1.41421354e+00 1.
    1.41421354e+00 0. 1. 1. 1. 0. 2. 1. 0. 0. 0. 3. 1. 0. 0.
    1.41421354e+00 2.82842708e+00 2. 2.82842708e+00 1.41421354e+00 0. 1.
    0. 1.41421354e+00 2. 1. 1. 1. 0. 1. 1. 1. 1. 1.41421354e+00 0. 0. 0.
    0. 1. 2. 1. 2.23606801e+00 1.41421354e+00 1. 1. 0. 0. 0. 1. 0. 0.
    2.23606801e+00 3. 3.16227770e+00 1.41421354e+00 1. 1.41421354e+00 2.
    1. 1.41421354e+00 0. 0. 0. 1. 1. 1. 1. 2. 2.23606801e+00 1.
    1.41421354e+00 2.23606801e+00 2. 3.16227770e+00 1. 1. 2.82842708e+00
    3. 3.60555124e+00 1.41421354e+00 1. 2.23606801e+00 2. 1.41421354e+00
    2. 2.23606801e+00 1. 0. 2.23606801e+00 2.23606801e+00 1.41421354e+00
    1.41421354e+00 1.41421354e+00 1. 1. 1.41421354e+00 0. 2.23606801e+00
    1. 2.23606801e+00 0. 1. 0. 0. 0. 1. 1. 2. 1. 2. 1.41421354e+00
    2.23606801e+00 2.82842708e+00 1. 1.41421354e+00 1. 1. 1. 1. 1. 0. 0.
    1. 0. 1. 1. 1.41421354e+00 1.41421354e+00 2.23606801e+00 3.
    2.23606801e+00 2. 1.41421354e+00 0. 0. 0. 1. 1.41421354e+00
    2.23606801e+00 1.41421354e+00 1. 2. 2. 1. 0. 1.41421354e+00 0. 1. 1.
    0. 1. 1.41421354e+00 1. 1. 0. 1. 1. 1.41421354e+00 3.16227770e+00
    2.23606801e+00 0. 1. 1. 2. 0. 3.16227770e+00 2.82842708e+00
    2.23606801e+00 2.23606801e+00 1. 0. 0. 1. 0. 0. 1. 1.41421354e+00 1.
    1.41421354e+00 2. 1.41421354e+00 1. 2.23606801e+00 1. 1.41421354e+00
    1.41421354e+00 2.23606801e+00 2.82842708e+00 1. 2.23606801e+00 1.
    1.41421354e+00 1. 1. 0. 1. 1. 2. 1. 1. 1.41421354e+00 1. 2. 1. 0. 1.
    0. 1. 1.41421354e+00 1.41421354e+00 2.23606801e+00 1.41421354e+00
    1.41421354e+00 1. 1. 1. 1. 1.41421354e+00 1. 2.23606801e+00
    1.41421354e+00 1. 0. 1.41421354e+00 1. 1. 1. 1. 1. 2.23606801e+00
    1.41421354e+00 1. 2.23606801e+00 1. 0. 0. 0. 2. 2. 2.23606801e+00
    1.41421354e+00 2.23606801e+00 0. 2.23606801e+00 1. 1.41421354e+00
    1.41421354e+00 1.41421354e+00 1. 1.41421354e+00 1. 1. 2.
    1.41421354e+00 1. 1. 1. 0. 1. 2. 1. 2. 1. 1.41421354e+00 0. 1. 2.
    2.23606801e+00 3.60555124e+00 2.23606801e+00 1.41421354e+00
    2.23606801e+00 1. 2.23606801e+00 2.23606801e+00 1.41421354e+00 1. 0.
    1.41421354e+00 1.41421354e+00 1. 1. 0. 0. 2. 1.41421354e+00 1. 1. 0.
    0. 0. 0. 0. 0. 1. 0. 1. 1. 1.41421354e+00 1.41421354e+00 0. 0. 0.
    1.41421354e+00 1. 1. 2.23606801e+00 3.60555124e+00 2. 3.60555124e+00
    2.23606801e+00 1. 1. 1.41421354e+00 1. 0. 1. 0. 0. 0. 0.
    1.41421354e+00 0. 1. 1.41421354e+00 2.82842708e+00 1.41421354e+00 0.
    0. 2.23606801e+00 2. 2.23606801e+00 3.16227770e+00 1. 2.23606801e+00
    2.23606801e+00 1.41421354e+00 1.41421354e+00 1. 2. 1. 1.41421354e+00
    1. 1. 1.41421354e+00 1. 1. 2.23606801e+00 2.23606801e+00 1. 0. 1. 1.
    2. 1. 1.41421354e+00 2.23606801e+00 1. 0. 0. 0. 1. 1.41421354e+00
    1.41421354e+00 1.41421354e+00 0. 1. 1.41421354e+00 1. 1.41421354e+00
    1.41421354e+00 0. 1. 1. 1. 0. 1. 1. 1. 1.41421354e+00 0. 1. 0. 1. 3.
    3. 2.23606801e+00 1. 2.23606801e+00 1.41421354e+00 0. 0. 0. 0. 1. 1.
    1. 1. 1. 1.41421354e+00 1. 1. 1.41421354e+00 2. 1. 1.41421354e+00 1.
    1. 1.41421354e+00 2.23606801e+00 1. 1. 0. 2.23606801e+00
    2.23606801e+00 1. 1.41421354e+00 0. 1. 0. 2.82842708e+00
    2.23606801e+00 1.41421354e+00 1.41421354e+00 2. 1. 0. 1. 0. 1. 0. 0.
    0. 1. 1.41421354e+00 1. 1.41421354e+00 2.23606801e+00 2.23606801e+00
    1. 0. 1.41421354e+00 0. 2.23606801e+00 2.23606801e+00 0.
    2.23606801e+00 0. 1. 0. 0. 1. 1. 1. 1.41421354e+00 1. 1.
    1.41421354e+00 1.41421354e+00 1.41421354e+00 0. 1. 1. 1. 3.
    2.23606801e+00 1.41421354e+00 2. 2.23606801e+00 1. 1.41421354e+00 0.
    1. 0. 1.41421354e+00 1. 1.41421354e+00 1.41421354e+00 0.
    1.41421354e+00 1. 1. 1. 1. 1. 1. 1. 1.41421354e+00 1.41421354e+00 1.
    1.41421354e+00 1. 0. 1. 1.41421354e+00 2.23606801e+00 1.41421354e+00
    2.23606801e+00 2.23606801e+00 0. 1. 1. 2.23606801e+00 2. 1.
    1.41421354e+00 1. 1. 1. 1. 0. 1. 1.41421354e+00 0. 1. 2. 2.
    2.23606801e+00 1. 1.41421354e+00 2.23606801e+00 0. 3. 3.60555124e+00
    1. 3.60555124e+00 2.23606801e+00 0. 1.41421354e+00 2.23606801e+00
    1.41421354e+00 1. 1. 1. 1. 1. 3.16227770e+00 1. 0. 1. 1. 0.
    1.41421354e+00 2.23606801e+00 3. 1.41421354e+00 0. 0. 1.
    1.41421354e+00 1. 1.41421354e+00 0. 1. 1. 0. 0. 1. 1.41421354e+00
    1.41421354e+00 1.41421354e+00 2. 2. 2.23606801e+00 1.41421354e+00 2.
    3. 1. 1.41421354e+00 2. 2.23606801e+00 1.41421354e+00 1. 1. 0. 1.
    1.41421354e+00 1.41421354e+00 1.41421354e+00 1. 1. 1. 1.41421354e+00
    1. 2.23606801e+00 3.16227770e+00 1. 2.23606801e+00 1.41421354e+00 2.
    2.23606801e+00 1.41421354e+00 1.41421354e+00 1. 1. 1. 1.41421354e+00
    2. 1. 1. 1.41421354e+00 0. 1. 2. 0. 2.23606801e+00 1. 1.41421354e+00
    1. 2.23606801e+00 1.41421354e+00 0. 1. 1.41421354e+00 1. 0. 1. 1. 1.
    1. 1. 0. 0. 0. 1. 1.41421354e+00 0. 2. 1.41421354e+00 1.41421354e+00
    1. 1. 1. 1. 1.41421354e+00 1.41421354e+00 2.23606801e+00
    1.41421354e+00 1.41421354e+00 2. 1. 1. 2. 2.23606801e+00 0.
    2.23606801e+00 1. 0. 1. 0. 0. 0. 1. 1.41421354e+00 1.41421354e+00 1.
    1. 2.23606801e+00 2. 1.41421354e+00 1. 1.41421354e+00 1. 1.
    2.23606801e+00 0. 2.23606801e+00 1. 1.41421354e+00 1.41421354e+00
    1.41421354e+00 2.82842708e+00 1. 1.41421354e+00 1. 2. 1.41421354e+00
    1. 2. 2. 1. 1. 0. 0. 2. 0. 0. 0. 0. 1.41421354e+00 1.41421354e+00 1.
    0. 1. 0. 2. 1.41421354e+00 1.41421354e+00 2.23606801e+00
    1.41421354e+00 1. 0. 0. 1. 1. 1. 1. 1. 1. 0. 1.41421354e+00
    1.41421354e+00 1. 0. 0. 1.41421354e+00 1. 0. 2. 0. 3.16227770e+00
    2.82842708e+00 2.82842708e+00 3.16227770e+00 0. 2.23606801e+00 0. 1.
    1. 1. 0. 1. 0. 2. 1. 1. 1. 0. 1.41421354e+00 1. 1. 1.41421354e+00 0.
    1. 0. 2.23606801e+00 1.41421354e+00 1.41421354e+00 1.41421354e+00
    1.41421354e+00 0. 2.23606801e+00 1. 1. 2.23606801e+00 1.41421354e+00
    1.41421354e+00 1.41421354e+00 1. 2. 3.16227770e+00 2. 1.41421354e+00
    0. 0. 0. 0. 0. 1.41421354e+00 1.41421354e+00 1. 1. 3.16227770e+00 2.
    0. 1. 1.41421354e+00 2.23606801e+00 0. 2.82842708e+00 4.24264050e+00
    1. 2.23606801e+00 1.41421354e+00 1.41421354e+00 1.41421354e+00 1. 2.
    2. 1. 0. 2.82842708e+00 2.23606801e+00 2.23606801e+00 1. 1. 2. 2.
    2.23606801e+00 3.16227770e+00 0. 3.60555124e+00 1.41421354e+00
    1.41421354e+00 2.23606801e+00 1. 0. 1.41421354e+00 1.41421354e+00 1.
    0. 0. 1. 1. 0. 1.41421354e+00 1.41421354e+00 0. 2.23606801e+00
    2.82842708e+00 2.23606801e+00 1.41421354e+00 2.23606801e+00
    1.41421354e+00 2.23606801e+00 2.23606801e+00 2.23606801e+00
    1.41421354e+00 1. 1. 1. 1.41421354e+00 0. 1.41421354e+00
    1.41421354e+00 1. 1.41421354e+00 2. 0. 1.41421354e+00 2.82842708e+00
    1. 2.23606801e+00 1.41421354e+00 1. 1. 1.41421354e+00 1. 1. 0. 1.
    2.23606801e+00 1. 2. 1.41421354e+00 1.41421354e+00 1. 0. 0. 1. 1. 1.
    0. 1.41421354e+00 1.41421354e+00 1. 2.23606801e+00 1. 0. 1.
    1.41421354e+00 1. 1.41421354e+00 1.41421354e+00 1. 1. 0. 1. 0. 0. 0.
    0. 2. 1.41421354e+00 1.41421354e+00 1.41421354e+00 1. 1. 0. 1. 1. 1.
    2.23606801e+00 2.23606801e+00 1.41421354e+00 1. 1. 2. 1.
    1.41421354e+00 1.41421354e+00 1. 1. 1.41421354e+00 1. 1. 0. 1. 1.
    1.41421354e+00 1. 1. 1. 1. 1. 1. 0. 0. 1.41421354e+00 1.41421354e+00
    0. 2.23606801e+00 1.41421354e+00 1.41421354e+00 1.41421354e+00
    3.16227770e+00 3. 2.23606801e+00 0. 1. 1. 0. 1.41421354e+00
    1.41421354e+00 1. 1.41421354e+00 1. 1. 0. 1. 1. 1. 0. 0. 1.
    1.41421354e+00 1. 1.41421354e+00 1. 1.41421354e+00 1.41421354e+00
    1.41421354e+00 1.41421354e+00 0. 0. 0. 1.41421354e+00 0. 1. 0.
    1.41421354e+00 1. 2. 1.41421354e+00 1. 1. 0. 1.41421354e+00 1. 0. 1.
    1. 1.41421354e+00 1.41421354e+00 1.41421354e+00 1.41421354e+00 1.
    2.23606801e+00 3. 0. 1.41421354e+00 0. 1. 1. 0. 1. 0. 1.41421354e+00
    2.82842708e+00 2. 1.41421354e+00 1.41421354e+00 1.41421354e+00
    1.41421354e+00 1.41421354e+00 0. 0. 1.41421354e+00 1. 1. 1. 2.
    1.41421354e+00 1. 1. 1. 1. 1. 2. 1. 0. 1. 1. 0. 1. 2. 1.41421354e+00
    1.41421354e+00 2. 1. 0. 0. 1. 1. 0. 1.41421354e+00 1. 1.41421354e+00
    1.41421354e+00 1.41421354e+00 2.23606801e+00 1. 1. 1.41421354e+00 1.
    0. 2.23606801e+00 3. 3.16227770e+00 2. 1.41421354e+00 1.41421354e+00
    2. 2. 1. 1.41421354e+00 1. 2.23606801e+00 1. 2.23606801e+00 0.
    1.41421354e+00 2. 1. 1. 0. 2.23606801e+00 0. 1.41421354e+00
    1.41421354e+00 0. 1.41421354e+00 1. 1. 1. 1.41421354e+00
    1.41421354e+00 1. 1. 2. 1. 1. 0. 1.41421354e+00 1. 2.82842708e+00
    2.82842708e+00 1. 1. 1.41421354e+00 1.41421354e+00 1.41421354e+00
    1.41421354e+00 1. 1.41421354e+00 1. 1. 1. 1.41421354e+00 1. 0. 1. 2.
    1. 2. 2.82842708e+00 1.41421354e+00 0. 1. 2.23606801e+00 1. 0. 0.
    1.41421354e+00 1. 1. 1.41421354e+00 1.41421354e+00 2.23606801e+00 0.
    1. 2. 1. 0. 1. 1.41421354e+00 1. 1. 1.41421354e+00 0. 1. 1. 1.
    1.41421354e+00 1. 1. 1.41421354e+00 2. 1. 1.41421354e+00 1. 1. 2. 1.
    0. 0. 0. 1. 1.41421354e+00 1. 2.23606801e+00 2. 0. 1. 2.
    1.41421354e+00 1.41421354e+00 0. 1.41421354e+00 1. 1. 1. 1.
    1.41421354e+00 1. 0. 1.41421354e+00 1. 1. 1.41421354e+00 1. 1. 0. 1.
    1.41421354e+00 1. 1. 1. 1. 2.23606801e+00 1.41421354e+00 0. 1. 1.
    1.41421354e+00 1. 1.41421354e+00 1.41421354e+00 1.41421354e+00
    1.41421354e+00 1.41421354e+00 1.41421354e+00 2. 1. 1. 0. 0. 1. 1. 0.
    1. 0. 1. 0. 0. 1. 1. 1. 1. 1. 1.41421354e+00 1. 1.41421354e+00 1. 0.
    1. 2. 0. 2. 0. 1. 1. 2.23606801e+00 2.23606801e+00 0. 1. 0.
    1.41421354e+00 1.41421354e+00 1. 1.41421354e+00 1. 0. 1.
    1.41421354e+00 1. 1. 1.41421354e+00 2.23606801e+00 2. 0.
    2.23606801e+00 2. 1. 0. 1. 0. 1. 0. 1. 1. 1. 1. 2.23606801e+00 1.
    1.41421354e+00 1.41421354e+00 1. 0. 0. 0. 0. 0. 1. 1. 0. 1. 0. 1.
    2.23606801e+00 1.41421354e+00 1. 1. 0. 1. 1. 0. 0. 0. 0. 0.
    1.41421354e+00 3. 3.16227770e+00 2. 1. 0. 1. 1.41421354e+00
    1.41421354e+00 1.41421354e+00 1. 1. 1.41421354e+00 1.41421354e+00 2.
    1. 1. 1.41421354e+00 1.41421354e+00 1. 0. 1. 1.41421354e+00
    1.41421354e+00 1.41421354e+00 2. 2. 1. 1.41421354e+00 1. 0. 1. 0.
    1.41421354e+00 1.41421354e+00 1. 2.23606801e+00 1. 1.41421354e+00 1.
    0. 0. 1. 1. 1. 2.23606801e+00 2.23606801e+00 2.23606801e+00 1. 1. 0.
    1. 1. 1. 1. 1.41421354e+00 1. 1. 1. 1. 1. 3.16227770e+00
    2.23606801e+00 2.23606801e+00 1. 0. 2. 1. 1. 1.41421354e+00 1. 0. 1.
    0. 1. 0. 1. 2. 0. 3. 2. 1. 1.41421354e+00 1.41421354e+00 1.
    1.41421354e+00 1. 1. 1.41421354e+00 1. 1.41421354e+00 1. 0.
    1.41421354e+00 1. 1. 1.41421354e+00 1.41421354e+00 1.41421354e+00 1.
    0. 1.41421354e+00 1.41421354e+00 0. 1. 0. 0. 0. 1. 2. 1.41421354e+00
    0. 2. 0. 1.41421354e+00 1. 1. 1. 1.41421354e+00 1.41421354e+00 1. 0.
    1.41421354e+00 1. 2.23606801e+00 1. 1. 2. 1.41421354e+00 1. 1. 1.
    2.23606801e+00 2.82842708e+00 1. 2. 0. 2. 1. 1.41421354e+00
    2.23606801e+00 1. 1. 0. 1. 1. 1. 0. 0. 1. 1. 0. 2.23606801e+00 3.
    1.41421354e+00 1.41421354e+00 1. 1.41421354e+00 1. 2. 1.
    1.41421354e+00 1. 1.41421354e+00 1. 1. 1. 1.41421354e+00
    1.41421354e+00 1. 1. 0. 0. 0. 1. 1. 1.41421354e+00 0. 1. 1. 0. 0. 1.
    1. 0. 0. 1.41421354e+00 1.41421354e+00 0. 0. 1. 1.41421354e+00
    2.23606801e+00 1. 0. 1.41421354e+00 2. 0. 2.23606801e+00 1. 0. 2. 1.
    0. 1.41421354e+00 1. 1. 1. 1. 1.41421354e+00 1.41421354e+00
    2.23606801e+00 3.16227770e+00 1. 0. 2.23606801e+00 2.23606801e+00
    2.23606801e+00 1.41421354e+00 1. 0. 1. 0. 0. 0. 2. 1. 1.
    1.41421354e+00 0. 1.41421354e+00 1.41421354e+00 1. 1. 1.41421354e+00
    1.41421354e+00 0. 0. 1.41421354e+00 1. 0. 1. 1. 1.41421354e+00 0.
    2.23606801e+00 1.41421354e+00 1. 0. 1. 1. 0. 0. 0. 0. 0. 1.
    2.23606801e+00 1. 1. 1. 1. 1. 1.41421354e+00 1. 1. 2. 0. 0. 1.
    1.41421354e+00 0. 1. 2. 1. 0. 1.41421354e+00 1. 2. 1. 1.
    2.23606801e+00 1.41421354e+00 1.41421354e+00 1. 1.41421354e+00 0. 0.
    0. 1.41421354e+00 1. 0. 1. 2. 1. 1.41421354e+00 1.41421354e+00 1.
    1.41421354e+00 1.41421354e+00 2. 2.23606801e+00 1. 2. 2.23606801e+00
    1. 1. 1. 1. 1.41421354e+00 2. 1. 1.41421354e+00 1.41421354e+00 2. 2.
    1. 1. 3. 2. 2.23606801e+00 1. 1. 1. 1. 2.23606801e+00 0.
    1.41421354e+00 0. 1. 0. 1. 1. 2.23606801e+00 1. 2.23606801e+00
    1.41421354e+00 1. 1. 0. 0. 2. 1. 2. 2. 1. 1.41421354e+00 1. 1.
    1.41421354e+00 1. 1. 1.41421354e+00 1. 1. 2.23606801e+00 0. 1. 0. 1.
    0. 0. 1. 1. 1. 1. 2. 0. 2. 1. 1. 0. 1. 1. 0. 0. 1.41421354e+00 2. 0.
    1.41421354e+00 1. 1. 1. 1. 1. 0. 1. 2.82842708e+00 3.16227770e+00 1.
    1. 1.41421354e+00 1. 0. 1. 1. 1. 2. 2.23606801e+00 1.41421354e+00
    1.41421354e+00 0. 1. 0. 0. 1. 0. 2. 2.23606801e+00 1. 2. 1. 0. 2.
    1.41421354e+00 0. 2. 1. 1.41421354e+00 1. 1. 2. 1. 1. 1.
    1.41421354e+00 2.23606801e+00 1. 1. 0. 1. 1. 1.41421354e+00 0.
    1.41421354e+00 1.41421354e+00 2. 1. 1. 2. 2. 1. 1. 1. 0. 1. 0. 2. 1.
    2. 1.41421354e+00 1. 1.41421354e+00 2. 1.41421354e+00 1. 1. 0. 1. 1.
    2. 1.41421354e+00 1. 2.23606801e+00 0. 1. 1. 1.41421354e+00 0.
    1.41421354e+00 1.41421354e+00 2.23606801e+00 1.41421354e+00
    2.23606801e+00 2.82842708e+00 1.41421354e+00 1. 0. 1. 0. 1. 1. 1.
    3.16227770e+00 2. 1.41421354e+00 2. 1. 0. 0. 0. 1.41421354e+00 1. 1.
    1.41421354e+00 0. 1.41421354e+00 2.23606801e+00 2. 1.41421354e+00
    2.23606801e+00 1. 1.41421354e+00 0. 1. 0. 0. 0. 1. 1. 0. 0. 1. 1. 0.
    1.41421354e+00 2.23606801e+00 0. 0. 2. 1. 1. 1. 2.23606801e+00 0. 1.
    1.41421354e+00 2.23606801e+00 1. 1.41421354e+00 1.41421354e+00
    1.41421354e+00 1.41421354e+00 1.41421354e+00 2. 1. 0. 1.41421354e+00
    2.23606801e+00 1. 1.41421354e+00 0. 1.41421354e+00 1. 1.41421354e+00
    1.41421354e+00 0. 1. 1. 0. 0. 0. 1. 1. 1. 1.41421354e+00
    1.41421354e+00 0. 1.41421354e+00 1. 1. 1. 2. 1. 1. 1.41421354e+00 0.
    2.82842708e+00 1.41421354e+00 0. 0. 1.41421354e+00 2. 1.41421354e+00
    1. 1. 1.41421354e+00 2.23606801e+00 1. 1.41421354e+00 0.
    1.41421354e+00 2.23606801e+00 0. 1. 0. 2. 0. 0. 1. 2. 1.41421354e+00
    1. 0. 0. 0. 1. 1. 0. 1. 1.41421354e+00 2. 2. 1. 2.23606801e+00 1. 0.
    0. 0. 0. 1.41421354e+00 1. 1.41421354e+00 1. 0. 0. 0. 1.41421354e+00
    1.41421354e+00 1. 2. 1. 2.23606801e+00 0. 1. 1. 1. 1. 1.41421354e+00
    0. 1. 0. 0. 1. 1. 1. 0. 1. 0. 1.41421354e+00 1.41421354e+00 1.
    2.23606801e+00 3.16227770e+00 0. 1. 0. 1.41421354e+00 1. 0. 0. 0. 1.
    2.23606801e+00 2. 1.41421354e+00 1. 1. 1. 0. 1. 0. 1. 1.
    2.23606801e+00 2.23606801e+00 1.41421354e+00 1. 2. 2. 2.82842708e+00
    2.23606801e+00 1. 1. 1.41421354e+00 1.41421354e+00 1.41421354e+00
    1.41421354e+00 1.41421354e+00 0. 1. 2. 1. 2. 0. 1.41421354e+00 1.
    1.41421354e+00 1.41421354e+00 0. 1. 1.41421354e+00 2.23606801e+00 1.
    0. 1. 1. 1. 1. 0. 2. 1. 2. 1.41421354e+00 3. 0. 2.23606801e+00
    1.41421354e+00 1. 1. 1. 0. 0. 1. 0. 2.82842708e+00 3.16227770e+00
    2.82842708e+00 2.23606801e+00 0. 2.23606801e+00 1. 1. 2.
    3.16227770e+00 1.41421354e+00 2. 1.41421354e+00 2. 1. 2.82842708e+00
    2.23606801e+00 1. 1. 1. 2. 2. 2. 1.41421354e+00 1.41421354e+00
    2.23606801e+00 2. 2.23606801e+00 1. 1. 0. 0. 1. 1.41421354e+00 1.
    1.41421354e+00 1. 2. 1. 1. 2.23606801e+00 2. 1. 2. 2. 1.
    1.41421354e+00 1.41421354e+00 1.41421354e+00 1. 1.41421354e+00 1. 1.
    1. 1. 1.41421354e+00 2.23606801e+00 1. 1. 1.41421354e+00 1. 1. 1. 1.
    2. 2.23606801e+00 1.41421354e+00 1. 1.41421354e+00 2.23606801e+00
    2.23606801e+00 2.23606801e+00 1. 1.41421354e+00 1.41421354e+00 1.
    1.41421354e+00 1. 1.41421354e+00 2. 1.41421354e+00 1. 2.23606801e+00
    1.41421354e+00 1. 2. 0. 1. 1. 1.41421354e+00 1. 0. 0. 0. 1.
    1.41421354e+00 1. 1.41421354e+00 1.41421354e+00 2. 1. 0. 1. 0. 1. 0.
    1. 1.41421354e+00 0. 1.41421354e+00 2. 1.41421354e+00 0.
    2.23606801e+00 1.41421354e+00 1. 1. 1. 1. 1. 1.41421354e+00 1. 1. 1.
    2. 1. 1. 1. 1. 1.41421354e+00 1. 1. 1. 1. 1.41421354e+00 0. 0. 1. 1.
    1. 1.41421354e+00 0. 2.23606801e+00 1.41421354e+00 1.41421354e+00 1.
    0. 0. 1. 1. 1.41421354e+00 1.41421354e+00 1. 1. 0. 0. 0. 1.
    1.41421354e+00 1.41421354e+00 1.41421354e+00 1. 1.41421354e+00 1.
    1.41421354e+00 1.41421354e+00 1.41421354e+00 0. 2. 1.41421354e+00 1.
    1. 0. 1. 1. 0. 0. 2. 0. 1. 1. 1.41421354e+00 1. 2.23606801e+00 1. 2.
    0. 0. 1.41421354e+00 1. 1. 1. 0. 1. 1. 1. 1.41421354e+00
    1.41421354e+00 1. 1. 0. 1. 1. 1. 1. 0. 0. 1. 1. 2.23606801e+00
    2.82842708e+00 1. 2. 1. 1. 1. 1. 1. 1. 1. 1. 1. 2.23606801e+00
    2.23606801e+00 1. 1. 0. 1. 1. 1. 1. 2. 0. 2.23606801e+00
    2.23606801e+00 2. 3. 2. 1. 1. 1. 1.41421354e+00 0. 2. 1.
    2.23606801e+00 2.23606801e+00 1. 1.41421354e+00 1. 0. 0. 0. 0. 0.
    2.23606801e+00 3.16227770e+00 0. 3. 2.23606801e+00 2.23606801e+00 1.
    2. 3.16227770e+00 2.23606801e+00 2.23606801e+00 0. 1. 0.
    1.41421354e+00 2.23606801e+00 2. 3. 1. 1.41421354e+00 2.82842708e+00
    2.23606801e+00 2.23606801e+00 2.23606801e+00 0. 0. 1.41421354e+00 3.
    1. 1.41421354e+00 1. 1.41421354e+00 0. 1. 1.41421354e+00 1.
    2.23606801e+00 1.41421354e+00 1.41421354e+00 2.23606801e+00
    2.23606801e+00 2.23606801e+00 1.41421354e+00 0. 1.41421354e+00 1.
    1.41421354e+00 1. 1. 1. 2. 1. 2. 0. 2. 1. 1.41421354e+00
    1.41421354e+00 0. 0. 1. 1.41421354e+00 1. 1. 2. 1.41421354e+00 1.
    2.23606801e+00 1.41421354e+00 1. 1. 3.16227770e+00 1. 1.41421354e+00
    1.41421354e+00 1. 0. 1. 2. 2. 0. 1. 1. 1. 0. 1.41421354e+00 1. 1. 1.
    1.41421354e+00 1. 1. 0. 1. 1. 1.41421354e+00 1.41421354e+00
    1.41421354e+00 1. 1. 1.41421354e+00 1.41421354e+00 1. 0. 1. 0. 1. 1.
    1.41421354e+00 1. 1.41421354e+00 0. 2. 1. 1.41421354e+00
    3.16227770e+00 2. 1. 1. 2. 1. 1.41421354e+00 1.41421354e+00
    1.41421354e+00 0. 1.41421354e+00 1.41421354e+00 2. 0. 2.
    1.41421354e+00 0. 1.41421354e+00 2. 1. 1.41421354e+00 1.41421354e+00
    0. 0. 1. 1. 1.41421354e+00 1. 1.41421354e+00 2.23606801e+00 0. 1. 0.
    0. 0. 1.41421354e+00 1.41421354e+00 1. 1. 1. 0. 0. 0. 1.41421354e+00
    0. 1.41421354e+00 1.41421354e+00 2. 1.41421354e+00 1. 1.41421354e+00
    1.41421354e+00 1.41421354e+00 1.41421354e+00 0. 1. 2. 3.
    2.23606801e+00 1. 1. 0. 1. 0. 1.41421354e+00 1. 1. 1. 1. 1. 1. 1. 1.
    1. 1.41421354e+00 1. 1. 1. 1. 0. 1. 1.41421354e+00 1.41421354e+00
    1.41421354e+00 2. 0. 2. 0. 2.23606801e+00 1. 1. 2. 1. 0. 1. 1.
    2.23606801e+00 2. 2.23606801e+00 1. 0. 0. 1. 2. 2. 1. 0. 0. 1. 2. 3.
    0. 1. 1. 1. 0. 1. 1.41421354e+00 2. 1. 1. 2.23606801e+00
    2.23606801e+00 1.41421354e+00 0. 1. 0. 1. 1. 1. 2. 0. 1.
    1.41421354e+00 1. 1. 1. 0. 0. 0. 1. 1. 2.23606801e+00 3.
    2.23606801e+00 1. 1.41421354e+00 1.41421354e+00 1.41421354e+00
    2.23606801e+00 1.41421354e+00 1.41421354e+00 1.41421354e+00 2. 2. 2.
    3.16227770e+00 2. 2. 1. 2.23606801e+00 1.41421354e+00 1.
    1.41421354e+00 2. 0. 1. 2. 0. 2.23606801e+00 1.41421354e+00 0. 1. 2.
    0. 2. 2.23606801e+00 0. 2.23606801e+00 1. 1. 1.41421354e+00 1. 1.
    1.41421354e+00 2.23606801e+00 1. 1. 1.41421354e+00 1. 2.82842708e+00
    1. 1. 0. 1. 0. 1. 1. 1.41421354e+00 1. 1. 2. 1.41421354e+00 1. 1.
    1.41421354e+00 2. 1.41421354e+00 2.23606801e+00 0. 1.41421354e+00
    1.41421354e+00 1.41421354e+00 2. 2.23606801e+00 1. 1. 1.41421354e+00
    1.41421354e+00 3.16227770e+00 3.16227770e+00 1.41421354e+00 0. 0. 1.
    1.41421354e+00 1. 1.41421354e+00 2.23606801e+00 1. 1. 1. 0. 1. 1.
    2.23606801e+00 1.41421354e+00 1.41421354e+00 1.41421354e+00 0. 1.
    1.41421354e+00 1.41421354e+00 1. 0. 1. 1. 1.41421354e+00
    1.41421354e+00 1. 2.23606801e+00 1. 1.41421354e+00 1.41421354e+00 1.
    1. 1. 2.23606801e+00 1. 1. 1. 1. 1.41421354e+00 1.41421354e+00 1. 1.
    1.41421354e+00 1.41421354e+00 2. 1. 2.23606801e+00 1. 0. 1. 2.
    1.41421354e+00 1. 1.41421354e+00 1.41421354e+00 0. 1. 1. 1. 0. 1. 2.
    0. 1.41421354e+00 2. 1. 0. 1. 2. 1. 1.41421354e+00 1. 1. 0.
    1.41421354e+00 1.41421354e+00 1.41421354e+00 2. 2.23606801e+00 0. 2.
    1. 1. 1.41421354e+00 1. 1. 0. 1. 2. 1. 2.23606801e+00 2.23606801e+00
    1. 0. 1. 1.41421354e+00 1. 2.23606801e+00 2. 1. 0. 1.41421354e+00 0.
    0. 1.41421354e+00 1. 1.41421354e+00 0. 1. 1. 0. 0. 0. 0.
    1.41421354e+00 1. 1. 1. 0. 1.41421354e+00 1. 1. 2.23606801e+00 0. 2.
    1.41421354e+00 1. 0. 0. 1.41421354e+00 1. 1.41421354e+00 1. 0. 1.
    1.41421354e+00 1. 1. 0. 0. 0. 1. 0. 1. 1. 1. 1. 1.41421354e+00 1. 2.
    2. 2. 2.23606801e+00 2.23606801e+00 1. 2. 1.41421354e+00 1. 0.
    1.41421354e+00 1. 1. 1. 1. 1. 0. 1. 1. 0. 1. 0. 0. 0. 1. 1. 2.
    1.41421354e+00 1.41421354e+00 1.41421354e+00 1. 0. 1.41421354e+00
    1.41421354e+00 1.41421354e+00 1. 0. 1. 1. 1.41421354e+00
    1.41421354e+00 1. 1. 1.41421354e+00 2. 2.23606801e+00 1. 1. 1. 1. 0.
    1.41421354e+00 1.41421354e+00 0. 1.41421354e+00 1.41421354e+00 0. 1.
    0. 1.41421354e+00 2.23606801e+00 1.41421354e+00 1. 0. 0.
    1.41421354e+00 1. 2.23606801e+00 1.41421354e+00 0. 1.41421354e+00 1.
    1.41421354e+00 1. 1. 1. 1.41421354e+00 0. 0. 0. 1. 1.41421354e+00
    1.41421354e+00 2. 1. 1.41421354e+00 1.41421354e+00 1.41421354e+00 1.
    1.41421354e+00 1. 1. 2.23606801e+00 1. 2.23606801e+00 2.
    2.82842708e+00 1. 1. 1. 1. 2.23606801e+00 2.23606801e+00
    2.23606801e+00 3.16227770e+00 1. 1.41421354e+00 1.41421354e+00 1.
    1.41421354e+00 2.23606801e+00 1.41421354e+00 1. 1. 0. 0. 1.
    1.41421354e+00 1. 1.41421354e+00 2.23606801e+00 1. 1.41421354e+00 0.
    0. 0. 1. 1.41421354e+00 1.41421354e+00 0. 1. 1.41421354e+00
    1.41421354e+00 1. 2.23606801e+00 2.23606801e+00 2.23606801e+00 1. 0.
    2. 1.41421354e+00 1.41421354e+00 1. 2.23606801e+00 1.41421354e+00 1.
    1.41421354e+00 1. 0. 2. 1. 0. 1.41421354e+00 1.41421354e+00 1. 1. 1.
    1. 1. 1.41421354e+00 1. 1.41421354e+00 1. 1. 1.41421354e+00 1. 0.
    1.41421354e+00 2.23606801e+00 1.41421354e+00 2.23606801e+00 1.
    2.23606801e+00 1. 1. 1. 1. 1.41421354e+00 1. 1.41421354e+00 1. 1.
    1.41421354e+00 1.41421354e+00 1.41421354e+00 1. 2.23606801e+00
    1.41421354e+00 1. 1. 2.23606801e+00 1. 1. 0. 0. 1. 1.41421354e+00 0.
    1. 1. 2. 1. 2. 2. 2. 1.41421354e+00 1.41421354e+00 1. 1. 0.
    1.41421354e+00 1.41421354e+00 1.41421354e+00 1.41421354e+00
    1.41421354e+00 0. 0. 0. 0. 0. 0. 0. 1. 0. 1. 0. 1. 0. 1.
    1.41421354e+00 2.23606801e+00 1.41421354e+00 1. 1. 0. 0. 1.
    2.23606801e+00 1. 1. 0. 1. 0. 1. 0. 2. 1. 0. 0. 1. 0. 1. 1.
    1.41421354e+00 1. 1. 0. 0. 1. 2.23606801e+00 2. 0. 2. 1. 0. 0. 0. 1.
    1.41421354e+00 1.41421354e+00 2. 0. 1. 1. 0. 1. 0. 1. 0. 0. 0. 1. 0.
    1. 1. 0. 0. 1. 1. 1.41421354e+00 0. 2. 2.23606801e+00 1. 1. 1.
    2.23606801e+00 0. 2.23606801e+00 2.23606801e+00 3. 1.41421354e+00
    1.41421354e+00 1.41421354e+00 1. 0. 0. 1.41421354e+00 1. 1.
    1.41421354e+00 0. 1. 0. 0. 0. 1. 1. 0. 0. 1. 1. 1. 1.41421354e+00
    1.41421354e+00 1. 1. 1.41421354e+00 1. 2. 1. 1.41421354e+00 1. 1. 0.
    0. 0. 1. 1. 1. 1.41421354e+00 1. 1. 1. 1. 0. 0. 1.41421354e+00
    1.41421354e+00 0. 1. 2. 1. 1. 1. 1. 0. 1. 2.23606801e+00
    2.23606801e+00 2.23606801e+00 2. 1. 2.23606801e+00 2.23606801e+00
    1.41421354e+00 1.41421354e+00 0. 1.41421354e+00 1. 1. 0. 1. 3. 2. 1.
    1. 1. 1. 2.23606801e+00 2.23606801e+00 1. 1. 0. 1.41421354e+00
    2.23606801e+00 2. 0. 2. 3.16227770e+00 3.16227770e+00 1.41421354e+00
    1. 1.41421354e+00 2.23606801e+00 1.41421354e+00 2.23606801e+00
    1.41421354e+00 1. 1.41421354e+00 2.82842708e+00 1.41421354e+00 2.
    1.41421354e+00 2.23606801e+00 0. 1. 0. 1.41421354e+00 2.23606801e+00
    2.23606801e+00 2.23606801e+00 2. 1.41421354e+00 0. 1. 1.
    1.41421354e+00 2. 0. 2. 1. 1. 2.23606801e+00 2.23606801e+00
    1.41421354e+00 1. 1.41421354e+00 0. 1.41421354e+00 1.41421354e+00
    1.41421354e+00 1.41421354e+00 0. 1. 1.41421354e+00 2.23606801e+00 2.
    1. 1. 1.41421354e+00 1. 1. 2.23606801e+00 1.41421354e+00 0.
    1.41421354e+00 1.41421354e+00 0. 1. 2.23606801e+00 2.23606801e+00 0.
    1. 1.41421354e+00 1.41421354e+00 1.41421354e+00 0. 2. 2. 1. 1. 1.
    1.41421354e+00 1.41421354e+00 1. 1.41421354e+00 1.41421354e+00 1. 1.
    1.41421354e+00 1. 0. 0. 0. 0. 1. 1. 1. 1. 1. 1. 1.41421354e+00 1. 1.
    0. 1. 1. 1. 0. 1. 1. 1. 1.41421354e+00 2.23606801e+00 0. 0. 1. 1.
    1.41421354e+00 3.16227770e+00 3.16227770e+00 2.82842708e+00 1. 0. 0.
    2. 0. 0. 0. 1.41421354e+00 1. 2.23606801e+00 2. 1.41421354e+00
    2.23606801e+00 1. 1. 2. 1. 0. 0. 1.41421354e+00 1. 1.41421354e+00
    1.41421354e+00 0. 1. 1. 1. 1. 0. 1. 1. 1.41421354e+00 0.
    1.41421354e+00 1. 1. 2.82842708e+00 3. 2.82842708e+00 2. 0. 1.
    1.41421354e+00 2. 1.41421354e+00 2.23606801e+00 3.16227770e+00 0. 1.
    1.41421354e+00 2. 2.23606801e+00 1. 1. 1. 1. 2. 1. 0. 1.
    1.41421354e+00 1. 1. 1. 1. 1. 1.41421354e+00 0. 1. 1. 1. 1.
    1.41421354e+00 2.23606801e+00 2.23606801e+00 0. 2. 1. 2.23606801e+00
    1.41421354e+00 0. 0. 1. 1. 1. 1. 1. 0. 0. 0. 1. 0. 0. 2. 1. 1. 1. 0.
    1. 1.41421354e+00 2. 1. 0. 0. 0. 1.41421354e+00 0. 2.23606801e+00
    1.41421354e+00 1. 1. 1. 2.23606801e+00 1.41421354e+00 0.
    1.41421354e+00 2.23606801e+00 1. 0. 1. 1.41421354e+00 1.
    1.41421354e+00 0. 2. 2. 1. 2. 1. 1. 1. 2.23606801e+00 2.23606801e+00
    0. 1. 1.41421354e+00 2.23606801e+00 1.41421354e+00 1. 1. 3.
    2.82842708e+00 1. 1. 1.41421354e+00 2.23606801e+00 1.41421354e+00 2.
    3. 1.41421354e+00 0. 1. 1. 1.41421354e+00 3.16227770e+00
    1.41421354e+00 3. 1. 1.41421354e+00 0. 1. 0. 4.12310553e+00
    3.16227770e+00 2.23606801e+00 4.12310553e+00 1.41421354e+00
    1.41421354e+00 1.41421354e+00 1. 2.23606801e+00 1. 1. 1. 1. 1. 2. 2.
    1. 1.41421354e+00 1. 1. 1.41421354e+00 1. 1. 1.41421354e+00 1. 1. 2.
    2. 2.82842708e+00 1. 1. 1. 0. 1.41421354e+00 2. 3.60555124e+00
    2.82842708e+00 1. 1.41421354e+00 1.41421354e+00 2.23606801e+00
    2.23606801e+00 1.41421354e+00 2. 1.41421354e+00 1. 1. 1.41421354e+00
    1. 2. 1. 2. 1. 1. 0. 1. 0. 1. 1. 2. 0. 1.41421354e+00 1. 0. 1. 0. 1.
    1.41421354e+00 1. 1.41421354e+00 0. 1. 2. 1. 1.41421354e+00 1. 1. 0.
    0. 0. 1. 0. 0. 1.41421354e+00 1. 1.41421354e+00 1. 0. 1. 1. 2. 4.
    1.41421354e+00 3. 2. 0. 1. 0. 1. 0. 1. 0. 1.41421354e+00
    1.41421354e+00 1. 0. 1.41421354e+00 2.23606801e+00 1. 2. 1. 1. 1. 0.
    1.41421354e+00 1. 0. 0. 0. 1. 0. 1.41421354e+00 0. 1.41421354e+00 1.
    1. 2. 1.41421354e+00 0. 1.41421354e+00 2. 1. 3. 2. 1. 1.
    1.41421354e+00 2. 1.41421354e+00 1.41421354e+00 2.23606801e+00
    1.41421354e+00 0. 0. 0. 1. 1. 1. 0. 1. 1. 1. 1.41421354e+00
    1.41421354e+00 2.23606801e+00 0. 2. 1. 1. 1. 1.41421354e+00 0.
    1.41421354e+00 0. 0. 0. 1. 1. 2. 2. 1.41421354e+00 3.60555124e+00 1.
    3. 2.23606801e+00 1. 1. 0. 0. 1. 0. 0. 0. 1. 1. 1. 1. 1. 1. 0.
    1.41421354e+00 1.41421354e+00 1.41421354e+00 2. 1.41421354e+00 1. 1.
    0. 1. 0. 2.23606801e+00 0. 1.41421354e+00 1. 1.41421354e+00 1.
    2.23606801e+00 0. 0. 1. 1.41421354e+00 1.41421354e+00 1.41421354e+00
    2. 1.41421354e+00 1.41421354e+00 2.23606801e+00 3.16227770e+00 1.
    1.41421354e+00 2. 2.23606801e+00 0. 0. 1.41421354e+00 1. 1. 2. 1.
    2.23606801e+00 1. 1. 2. 1. 2. 2.23606801e+00 2.23606801e+00
    2.23606801e+00 1.41421354e+00 1.41421354e+00 2.23606801e+00
    2.23606801e+00 2.23606801e+00 1. 1. 1.41421354e+00 1. 0. 3.
    1.41421354e+00 2. 1.41421354e+00 1. 0. 0. 1. 1. 4.12310553e+00
    3.16227770e+00 2.23606801e+00 1.41421354e+00 0. 1.41421354e+00
    2.23606801e+00 1.41421354e+00 1.41421354e+00 1. 1. 1.41421354e+00
    1.41421354e+00 2. 1.41421354e+00 1. 1. 1.41421354e+00 2. 1. 0.
    2.23606801e+00 1.41421354e+00 2.23606801e+00 0. 2. 1. 2. 2.
    1.41421354e+00 1. 1. 1.41421354e+00 1.41421354e+00 1. 2.23606801e+00
    2. 1.41421354e+00 1. 1. 1.41421354e+00 1. 2. 1. 0. 1.41421354e+00 1.
    1.41421354e+00 2. 1. 1.41421354e+00 1. 1. 1.41421354e+00 1. 1. 1. 2.
    0. 2.23606801e+00 1.41421354e+00 0. 1. 1. 1. 1.41421354e+00 1. 0.
    1.41421354e+00 1. 1. 1.41421354e+00 1. 2. 1.41421354e+00
    1.41421354e+00 1. 1. 0. 1. 0. 0. 1. 1. 1. 1. 1. 1. 1. 1.41421354e+00
    2.23606801e+00 4.12310553e+00 2.23606801e+00 1. 1.41421354e+00 1. 1.
    0. 1.41421354e+00 1. 1.41421354e+00 1.41421354e+00 1. 2.23606801e+00
    1. 2. 1.41421354e+00 1.41421354e+00 1. 2.23606801e+00 1.
    1.41421354e+00 1. 0. 1. 1. 0. 0. 1. 1. 1.41421354e+00 2.
    1.41421354e+00 1.41421354e+00 1.41421354e+00 1.41421354e+00 1. 0. 0.
    2. 3. 3.16227770e+00 1.41421354e+00 1. 1. 0. 0. 1. 2. 1.
    1.41421354e+00 0. 1. 1.41421354e+00 1.41421354e+00 1. 0. 0. 0. 1.
    1.41421354e+00 1.41421354e+00 1.41421354e+00 2.23606801e+00
    2.23606801e+00 1.41421354e+00 1. 1. 1.41421354e+00 1.41421354e+00 1.
    0. 1.41421354e+00 1. 1. 1.41421354e+00 2.23606801e+00 2.23606801e+00
    1. 0. 2.23606801e+00 3.16227770e+00 2.82842708e+00 1. 0. 0. 0. 0. 0.
    0. 0. 1. 1.41421354e+00 0. 1. 1.41421354e+00 0. 1. 1. 0. 1. 1. 1. 1.
    1.41421354e+00 0. 1. 0. 1. 0. 2. 0. 0. 0. 2.23606801e+00 1. 1. 0. 0.
    1. 1. 1.41421354e+00 1. 2. 2. 1. 1.41421354e+00 2.23606801e+00
    1.41421354e+00 1.41421354e+00 1. 1.41421354e+00 1. 0. 1.41421354e+00
    1. 1.41421354e+00 1. 2. 1. 2. 0. 1. 0. 2. 1. 0. 1. 0. 2.
    2.23606801e+00 1.41421354e+00 1. 1.41421354e+00 0. 1.41421354e+00 1.
    2.23606801e+00 2.23606801e+00 1.41421354e+00 2.23606801e+00 1. 1. 0.
    0. 1. 1. 1.41421354e+00 0. 2. 1.41421354e+00 1. 2. 1. 1.
    1.41421354e+00 1. 1. 1. 0. 1.41421354e+00 1.41421354e+00 1.
    2.23606801e+00 0. 1. 1.41421354e+00 2.23606801e+00 1. 2. 1.
    2.23606801e+00 1. 2.23606801e+00 0. 1. 1.41421354e+00 1.41421354e+00
    1.41421354e+00 2.23606801e+00 2. 1. 0. 1. 1. 0. 1.41421354e+00 2.
    2.23606801e+00 1. 1. 1. 1.41421354e+00 1.41421354e+00 0. 1. 1. 1. 0.
    1. 1. 1. 0. 1. 2.23606801e+00 1.41421354e+00 0. 0. 1.41421354e+00 0.
    2.23606801e+00 1. 0. 1.41421354e+00 1.41421354e+00 2. 1. 1.
    1.41421354e+00 1. 1.41421354e+00 1.41421354e+00 0. 0. 2.23606801e+00
    0. 1. 0. 1. 1. 1. 2. 0. 0. 1. 1.41421354e+00 1. 1. 2.23606801e+00
    1.41421354e+00 1.41421354e+00 0. 1. 1.41421354e+00 1.41421354e+00 0.
    1. 1.41421354e+00 2. 1.41421354e+00 1. 1.41421354e+00 2.23606801e+00
    1. 2.23606801e+00 2.23606801e+00 0. 1. 1. 1.41421354e+00
    1.41421354e+00 1.41421354e+00 1. 0. 1. 1.41421354e+00 1.41421354e+00
    2. 0. 1.41421354e+00 1.41421354e+00 1.41421354e+00 0. 1.
    1.41421354e+00 1.41421354e+00 2.23606801e+00 2.23606801e+00
    1.41421354e+00 1. 1. 1. 1.41421354e+00 1. 1. 1.41421354e+00
    1.41421354e+00 1. 1. 1.41421354e+00 1.41421354e+00 1.41421354e+00 1.
    1. 0. 0. 1. 1. 1.41421354e+00 1. 1. 1. 0. 0. 1. 1.41421354e+00 1.
    1.41421354e+00 1. 1. 0. 0. 1. 1. 0. 0. 0. 2. 1. 0. 0. 0. 0. 0. 0. 1.
    1.41421354e+00 1. 1. 1. 1. 2.23606801e+00 1. 1. 1. 1.41421354e+00 1.
    0. 0. 1. 0. 1.41421354e+00 1. 1. 1. 1.41421354e+00 0. 1.41421354e+00
    1. 1. 1.41421354e+00 1.41421354e+00 1. 0. 0. 0. 1. 1.41421354e+00 1.
    2. 1.41421354e+00 2. 2. 1. 1. 2.23606801e+00 1. 1. 1. 1. 0. 0. 0. 1.
    1. 1. 0. 1. 0. 0. 0. 1. 1.41421354e+00 1.41421354e+00 2. 1. 0.
    1.41421354e+00 1.41421354e+00 1. 1. 1.41421354e+00 0. 1.
    1.41421354e+00 1.41421354e+00 1. 2.23606801e+00 1.41421354e+00 1. 0.
    0. 1. 0. 1.41421354e+00 1. 1. 1. 1. 1.41421354e+00 0. 2.
    2.23606801e+00 1. 0. 1. 1. 1.41421354e+00 1.41421354e+00 1.
    1.41421354e+00 1. 1. 1.41421354e+00 1. 2.82842708e+00 1.
    1.41421354e+00 2.23606801e+00 1. 1. 1. 1. 0. 0. 1. 2. 2. 1. 1.
    1.41421354e+00 1.41421354e+00 1. 2.23606801e+00 2. 0. 0. 1. 1. 0. 1.
    1.41421354e+00 1. 1. 1. 1.41421354e+00 1.41421354e+00 1. 0. 1.
    1.41421354e+00 1. 1. 1. 1. 0. 1.41421354e+00 2.23606801e+00 2. 1.
    2.23606801e+00 2. 1. 1. 1.41421354e+00 1. 2. 2. 0. 1.41421354e+00 2.
    3.16227770e+00 2. 1. 1. 1.41421354e+00 1.41421354e+00 1. 1. 0. 1. 0.
    1. 2.23606801e+00 1. 1. 0. 0. 1. 0. 1. 1. 0. 1. 0. 0. 0.
    2.23606801e+00 2.23606801e+00 1. 2.23606801e+00 1.41421354e+00
    1.41421354e+00 1.41421354e+00 1. 1. 0. 1.41421354e+00 1. 0. 0. 1. 0.
    1. 0. 2.23606801e+00 1. 0. 1. 1. 1. 1. 1. 0. 1.41421354e+00 1. 1.
    2.82842708e+00 2. 2. 1. 1.41421354e+00 1. 1. 0. 1. 1.41421354e+00 1.
    1. 1.41421354e+00 1.41421354e+00 0. 1. 0. 1. 0. 0. 0. 0. 1. 1. 1. 0.
    1. 1. 0. 1. 1. 1. 1. 0. 0. 0. 0. 0. 0. 0. 0. 1. 0. 1.41421354e+00
    1.41421354e+00 1. 2.23606801e+00 1.41421354e+00 1. 1.41421354e+00 0.
    1. 0. 0. 1. 1.41421354e+00 1. 0. 0. 1. 1.41421354e+00 1. 2. 1. 1. 1.
    1.41421354e+00 1.41421354e+00 2.23606801e+00 1. 1.41421354e+00 0. 1.
    0. 0. 1. 1.41421354e+00 1.41421354e+00 1. 1. 1. 1. 1. 1.41421354e+00
    1.41421354e+00 1.41421354e+00 2.23606801e+00 1. 0. 0. 0. 0.
    1.41421354e+00 0. 1. 1. 0. 1. 1. 0. 1. 1.41421354e+00 1. 1. 1. 2. 1.
    0. 0. 0. 1.41421354e+00 0. 1.41421354e+00 1. 1. 3.16227770e+00
    3.16227770e+00 1. 1. 1. 0. 0. 1.41421354e+00 2.23606801e+00
    1.41421354e+00 1.41421354e+00 0. 0. 1.41421354e+00 2.23606801e+00 1.
    2.23606801e+00 2. 1. 2.23606801e+00 2.23606801e+00 2.23606801e+00 0.
    1. 0. 0. 2. 1.41421354e+00 2. 1.41421354e+00 0. 0. 1.41421354e+00 1.
    1. 0. 0. 0. 1. 1. 1. 1.41421354e+00 1.41421354e+00 0. 2. 1.
    2.23606801e+00 2.23606801e+00 1. 1. 0. 0. 0. 1. 1. 1. 1.41421354e+00
    2. 1. 2.23606801e+00 2. 2. 1. 1. 1. 1.41421354e+00 1.41421354e+00
    1.41421354e+00 1.41421354e+00 1.41421354e+00 1.41421354e+00 2.
    1.41421354e+00 2. 2.23606801e+00 1. 0. 1.41421354e+00 1.41421354e+00
    1. 1. 1.41421354e+00 1.41421354e+00 2. 2.23606801e+00 2.
    2.23606801e+00 2.23606801e+00 1. 2.23606801e+00 2.23606801e+00
    2.23606801e+00 1. 0. 1. 1.41421354e+00 1. 1.41421354e+00
    2.82842708e+00 1.41421354e+00 0. 0. 0. 2.23606801e+00 3.
    2.23606801e+00 1. 1.41421354e+00 1.41421354e+00 1.41421354e+00
    1.41421354e+00 2.23606801e+00 1. 1.41421354e+00 1. 0. 1. 0. 0.
    1.41421354e+00 1. 1. 1. 1. 0. 1. 0. 2. 1. 1.41421354e+00
    2.23606801e+00 1. 1. 1. 1. 0. 1.41421354e+00 1. 1.41421354e+00 0.
    2.23606801e+00 3. 1.41421354e+00 3.16227770e+00 1. 0. 1. 0. 0. 0. 0.
    1.41421354e+00 1.41421354e+00 1. 1. 1. 1. 1.41421354e+00
    1.41421354e+00 1.41421354e+00 0. 0. 1. 1.41421354e+00 1. 2.
    2.23606801e+00 1.41421354e+00 0. 1. 1. 1.41421354e+00 2.
    1.41421354e+00 1. 0. 0. 1. 0. 0. 0. 1.41421354e+00 1. 2.23606801e+00
    1. 1.41421354e+00 1.41421354e+00 0. 2. 1.41421354e+00 1.41421354e+00
    2. 1.41421354e+00 2. 1.41421354e+00 1. 1.41421354e+00 1. 0. 1.
    1.41421354e+00 1.41421354e+00 1. 1. 2. 2. 1. 1. 0. 1.41421354e+00
    2.23606801e+00 1. 1. 0. 1. 1. 1. 2. 2. 1. 1. 1. 1. 0. 1. 1.
    2.82842708e+00 1.41421354e+00 1. 1. 0. 0. 1.41421354e+00 0.
    1.41421354e+00 1. 1. 2. 2.23606801e+00 1.41421354e+00 1. 0. 1. 1. 1.
    1. 1. 1. 1. 0. 1. 1.41421354e+00 1. 2. 1.41421354e+00 1.41421354e+00
    2.23606801e+00 1. 2.23606801e+00 1.41421354e+00 0. 0. 1.
    2.23606801e+00 1. 1.41421354e+00 2.23606801e+00 1. 0. 0.
    1.41421354e+00 2. 2.23606801e+00 1. 2.82842708e+00 2. 0.
    1.41421354e+00 2.23606801e+00 1.41421354e+00 1. 1. 1. 1. 1. 0. 0. 0.
    0. 1. 1. 0. 0. 1.41421354e+00 1. 1.41421354e+00 2.23606801e+00
    2.23606801e+00 1.41421354e+00 1. 1. 2. 2.23606801e+00 1.41421354e+00
    1. 1. 1. 1. 0. 0. 1. 1. 1. 1. 2. 3.16227770e+00 0. 3. 1. 0. 1. 1. 0.
    1.41421354e+00 1.41421354e+00 2. 1. 0. 1. 1. 0. 1. 0. 1.
    1.41421354e+00 0. 0. 0. 1.41421354e+00 3. 2.82842708e+00 2.
    1.41421354e+00 2. 1. 3. 3.16227770e+00 1.41421354e+00 1.41421354e+00
    0. 1.41421354e+00 1.41421354e+00 2.23606801e+00 1. 1.41421354e+00
    2.23606801e+00 1.41421354e+00 1. 1. 3.16227770e+00 2. 2.23606801e+00
    1.41421354e+00 0. 0. 1. 2. 1. 1. 1.41421354e+00 1.41421354e+00 1. 1.
    0. 0. 1. 1.41421354e+00 2.23606801e+00 1. 1. 1. 1. 1. 1. 1.
    1.41421354e+00 2.23606801e+00 1. 1.41421354e+00 2. 0. 0. 0. 1. 0. 1.
    1. 2. 3.16227770e+00 1.41421354e+00 0. 0. 0. 0. 0. 0. 0. 0. 2. 3. 3.
    1. 0. 1.41421354e+00 1.41421354e+00 1.41421354e+00 1.41421354e+00 0.
    1. 1.41421354e+00 1.41421354e+00 1. 1.41421354e+00 2.23606801e+00 1.
    0. 1. 2.23606801e+00 0. 2. 1. 1. 1.41421354e+00 0. 1. 0. 1.
    1.41421354e+00 0. 1.41421354e+00 1.41421354e+00 1. 0. 1. 1. 1. 1. 1.
    2.23606801e+00 1. 2.23606801e+00 2. 1. 0. 1. 1.41421354e+00
    2.23606801e+00 2.82842708e+00 1. 1. 1.41421354e+00 1.41421354e+00 2.
    1. 1. 1. 1. 1. 1. 1. 2.23606801e+00 2.23606801e+00 1. 1. 1. 2. 2. 2.
    2.23606801e+00 1.41421354e+00 0. 1.41421354e+00 1. 1.41421354e+00
    1.41421354e+00 0. 0. 1.41421354e+00 1. 1.41421354e+00 0. 1. 1. 3. 1.
    2. 1.41421354e+00 1. 0. 1.41421354e+00 0. 1. 1. 2. 1. 2.
    1.41421354e+00 2.23606801e+00 2.23606801e+00 1. 1.41421354e+00 1. 1.
    2.82842708e+00 1.41421354e+00 0. 0. 0. 1. 1.41421354e+00
    2.23606801e+00 2. 2.23606801e+00 1. 1. 0. 1. 1. 1.41421354e+00
    2.82842708e+00 3. 1.41421354e+00 2. 2. 1. 0. 1. 2. 1. 1. 0. 0. 1. 1.
    0. 1. 0. 1. 1.41421354e+00 1.41421354e+00 1. 0. 0. 1. 1.41421354e+00
    1. 0. 1. 1. 1. 1. 0. 1.41421354e+00 1. 1. 0. 1. 0. 1.41421354e+00 1.
    3. 2. 1.41421354e+00 2. 1. 0. 1.41421354e+00 1. 0. 0. 1. 1.
    1.41421354e+00 0. 0. 1. 1.41421354e+00 1.41421354e+00 1.41421354e+00
    0. 1.41421354e+00 1. 0. 0. 1.41421354e+00 1. 2. 2.23606801e+00
    1.41421354e+00 1. 2. 1. 1. 0. 1.41421354e+00 1. 1.41421354e+00 1. 2.
    1. 1.41421354e+00 1. 1. 1. 3. 2.23606801e+00 1. 2. 1.41421354e+00 0.
    0. 1. 1. 1. 1. 1. 1.41421354e+00 1.41421354e+00 1.41421354e+00 0. 1.
    0. 3. 1.41421354e+00 2.23606801e+00 1.41421354e+00 1.41421354e+00 1.
    1.41421354e+00 1.41421354e+00 0. 2.23606801e+00 0. 1.41421354e+00
    1.41421354e+00 1. 1. 0. 0. 0. 0. 0. 1. 2. 2. 1. 1. 0. 1. 1. 0. 0. 0.
    1. 2.23606801e+00 2.23606801e+00 2.23606801e+00 2.82842708e+00
    1.41421354e+00 0. 1.41421354e+00 1.41421354e+00 1. 1. 0. 1.
    1.41421354e+00 2. 1. 2. 1. 0. 1. 2.23606801e+00 2.23606801e+00 1.
    2.23606801e+00 1. 1.41421354e+00 1.41421354e+00 1. 0. 1.41421354e+00
    1.41421354e+00 1. 1.41421354e+00 2.23606801e+00 1. 0. 1. 1. 1. 0. 1.
    1. 1. 0. 1. 1. 0. 1. 2. 0. 2. 2.23606801e+00 1.41421354e+00 0. 1.
    2.23606801e+00 1. 1.41421354e+00 1.41421354e+00 1. 1.41421354e+00 0.
    2. 2.23606801e+00 1. 1. 1. 1.41421354e+00 1. 0. 1. 1.41421354e+00
    2.23606801e+00 1. 1. 2. 1. 0. 0. 1.41421354e+00 1.41421354e+00
    1.41421354e+00 1. 0. 0. 0. 1.41421354e+00 2.23606801e+00 0.
    1.41421354e+00 1. 2. 0. 0. 0. 1. 1.41421354e+00 0. 2.23606801e+00
    2.23606801e+00 1. 2. 1. 1.41421354e+00 1.41421354e+00 1.41421354e+00
    1.41421354e+00 0. 0. 0. 1. 1. 1. 1. 2. 1. 1. 0. 2. 1. 2.
    2.23606801e+00 2.23606801e+00 1. 3.16227770e+00 2.23606801e+00 2. 1.
    1. 1. 0. 1. 0. 0. 1. 1.41421354e+00 1.41421354e+00 1. 0. 1.
    1.41421354e+00 1.41421354e+00 1.41421354e+00 2.23606801e+00 2. 1. 1.
    1. 0. 0. 0. 1. 1. 1. 1. 0. 2.23606801e+00 2. 1.41421354e+00 0. 2. 1.
    1.41421354e+00 1.41421354e+00 2.23606801e+00 1. 2.23606801e+00 1. 1.
    1.41421354e+00 0. 1. 0. 1.41421354e+00 2.23606801e+00 1. 1. 1.
    1.41421354e+00 1. 1. 1. 1. 1.41421354e+00 1. 0. 1.41421354e+00
    1.41421354e+00 0. 0. 1.41421354e+00 1. 1. 1. 1.41421354e+00
    1.41421354e+00 1. 2.23606801e+00 0. 2. 0. 2.23606801e+00 1.
    1.41421354e+00 1. 0. 0. 3. 1.41421354e+00 2.23606801e+00 1. 1. 1. 0.
    1. 1. 1. 0. 1. 1. 2.23606801e+00 0. 1. 1. 2. 2. 2.23606801e+00
    2.23606801e+00 3. 1.41421354e+00 0. 1. 0. 1.41421354e+00 1. 1.
    1.41421354e+00 1.41421354e+00 1. 1. 0. 0. 0. 0. 0. 1. 1. 1. 1.
    1.41421354e+00 1. 1. 1. 1. 0. 1. 1.41421354e+00 2. 1.41421354e+00 0.
    1.41421354e+00 2.23606801e+00 1. 0. 1. 1. 0. 0. 0. 2. 3.60555124e+00
    1.41421354e+00 3. 1. 1. 1.41421354e+00 1. 2.23606801e+00 1.
    1.41421354e+00 2.23606801e+00 0. 2. 0. 2.23606801e+00 0.
    2.23606801e+00 2.23606801e+00 2. 2.23606801e+00 2.23606801e+00
    1.41421354e+00 0. 1. 1. 1. 1. 1. 2. 3. 3. 1. 0. 1. 1.41421354e+00
    2.23606801e+00 1.41421354e+00 1. 1.41421354e+00 0. 0. 1.41421354e+00
    2.23606801e+00 0. 1. 2. 0. 0. 1. 2.23606801e+00 2. 1.41421354e+00 1.
    1.41421354e+00 3.16227770e+00 2.23606801e+00 1.41421354e+00 1. 2. 2.
    1. 1. 1. 0. 1. 1. 1.41421354e+00 2.23606801e+00 0. 0. 1.
    1.41421354e+00 1.41421354e+00 2.23606801e+00 1.41421354e+00
    1.41421354e+00 2. 0. 1. 1. 1. 1.41421354e+00 1.41421354e+00 0. 1.
    1.41421354e+00 2. 1. 0. 0. 1.41421354e+00 0. 1. 0. 0. 1. 1. 1.
    1.41421354e+00 0. 1. 0. 0. 1. 1. 1. 2. 2.23606801e+00 1.41421354e+00
    2.82842708e+00 3.16227770e+00 1. 1. 1. 0. 0. 0. 0. 1. 1.
    1.41421354e+00 1. 1.41421354e+00 1. 0. 1. 1.41421354e+00 1.
    2.23606801e+00 1. 1. 1. 1. 1. 0. 1. 0. 1.41421354e+00 1.41421354e+00
    0. 1. 2. 3.16227770e+00 2. 2.23606801e+00 1.41421354e+00 1. 1. 2. 1.
    0. 1.41421354e+00 1.41421354e+00 1. 1.41421354e+00 1.41421354e+00
    1.41421354e+00 0. 2.23606801e+00 1.41421354e+00 1. 1. 2.
    1.41421354e+00 2. 1. 1.41421354e+00 1. 1. 1. 1. 1.41421354e+00
    2.23606801e+00 0. 0. 1.41421354e+00 1.41421354e+00 0. 1.
    1.41421354e+00 1. 1.41421354e+00 1. 1. 2.23606801e+00 1.41421354e+00
    0. 1.41421354e+00 2.23606801e+00 1.41421354e+00 0. 1. 1. 1.
    3.16227770e+00 2.23606801e+00 1. 1. 0. 0. 0. 1. 1. 1. 0. 1. 0. 1. 1.
    1.41421354e+00 1.41421354e+00 0. 2.23606801e+00 1. 3.16227770e+00
    1.41421354e+00 0. 1. 1.41421354e+00 2. 1. 1.41421354e+00
    1.41421354e+00 1. 1. 1. 0. 1. 1. 0. 1. 1. 2.23606801e+00
    1.41421354e+00 0. 1. 1. 2.23606801e+00 2. 1. 1.41421354e+00
    1.41421354e+00 1. 0. 1.41421354e+00 1.41421354e+00 1.41421354e+00 2.
    1.41421354e+00 1. 1. 1. 0. 1. 1. 3.16227770e+00 3. 2.82842708e+00
    3.16227770e+00 1. 1.41421354e+00 0. 2.23606801e+00 2.23606801e+00
    1.41421354e+00 1. 2. 0. 1. 1.41421354e+00 2. 2.82842708e+00 0. 2.
    2.82842708e+00 2. 1. 2.23606801e+00 1.41421354e+00 1. 1. 1.
    1.41421354e+00 0. 2.23606801e+00 1.41421354e+00 1.41421354e+00 2. 1.
    0. 1. 1. 0. 0. 1.41421354e+00 1. 0. 1. 1. 0. 1.41421354e+00
    1.41421354e+00 1. 0. 1. 2. 2. 1.41421354e+00 1. 2. 2. 2.23606801e+00
    2.23606801e+00 1. 2. 1.41421354e+00 2. 2. 0. 0. 0. 1. 2.23606801e+00
    1. 1.41421354e+00 0. 1.41421354e+00 1. 1. 1. 1. 1. 1. 2. 1.
    1.41421354e+00 1. 0. 1. 1. 1.41421354e+00 1. 1. 0. 0. 0. 1. 1. 1. 0.
    0. 1. 1. 2.23606801e+00 1. 2. 0. 1. 0. 0. 0. 1. 0. 1.41421354e+00
    2.23606801e+00 2.23606801e+00 1.41421354e+00 2. 1. 0. 1. 0. 1.
    1.41421354e+00 1. 0. 1. 1. 1. 1. 1. 1. 1.41421354e+00 1.41421354e+00
    1.41421354e+00 1. 1. 1. 1.41421354e+00 2.23606801e+00 2.23606801e+00
    1. 2.23606801e+00 0. 2.82842708e+00 1.41421354e+00 1. 2.23606801e+00
    3. 0. 2. 1. 1. 2. 1. 1.41421354e+00 1.41421354e+00 1.41421354e+00 1.
    2.23606801e+00 2.23606801e+00 1. 1.41421354e+00 2. 1.41421354e+00 0.
    1. 1. 1. 2. 1. 2. 1.41421354e+00 1. 1. 2. 2. 2.23606801e+00 0. 1.
    1.41421354e+00 1. 0. 1. 0. 1. 1.41421354e+00 1. 1. 1. 1. 1. 0. 0. 1.
    1.41421354e+00 1.41421354e+00 1. 0. 4. 3.16227770e+00 1. 0. 1. 0. 0.
    0. 1.41421354e+00 1.41421354e+00 1. 1. 1. 0. 0. 1. 1.41421354e+00 1.
    1. 2. 0. 2.23606801e+00 2.82842708e+00 1.41421354e+00 1.41421354e+00
    2. 1. 1. 2. 4.12310553e+00 2.82842708e+00 0. 1. 1. 1. 1. 2.
    1.41421354e+00 1. 1. 2.23606801e+00 0. 1.41421354e+00 2.23606801e+00
    1.41421354e+00 1. 1. 1. 0. 1. 1. 0. 1. 2. 1. 0. 0. 1. 1.41421354e+00
    2. 1. 2. 3.16227770e+00 1. 2.82842708e+00 1.41421354e+00 1. 1.
    2.23606801e+00 3. 2.23606801e+00 1.41421354e+00 2. 2.23606801e+00 1.
    1. 2.23606801e+00 1. 2.23606801e+00 1.41421354e+00 0. 1.
    3.16227770e+00 2.23606801e+00 0. 2.23606801e+00 1. 2.23606801e+00
    1.41421354e+00 1.41421354e+00 0. 2.23606801e+00 2. 2.23606801e+00
    1.41421354e+00 1. 0. 0. 0. 1. 1. 1. 1.41421354e+00 1.41421354e+00
    1.41421354e+00 2. 1.41421354e+00 1.41421354e+00 1. 1. 1.
    1.41421354e+00 0. 1. 2. 1. 2. 0. 2. 1.41421354e+00 2. 1. 2. 2.
    1.41421354e+00 1. 0. 0. 1. 1.41421354e+00 0. 1.41421354e+00 1.
    1.41421354e+00 0. 1. 1. 0. 1. 1.41421354e+00 1.41421354e+00 2. 1. 1.
    1. 1. 1. 2. 1.41421354e+00 2.23606801e+00 1. 1. 1. 0. 2. 0. 0. 1. 1.
    2.23606801e+00 1. 1.41421354e+00 1. 1. 0. 0. 0. 0. 0. 0. 1. 0.
    1.41421354e+00 1. 1. 1. 1.41421354e+00 1. 2.23606801e+00
    2.23606801e+00 1.41421354e+00 2.23606801e+00 1.41421354e+00 1. 0. 0.
    0. 1. 1. 1. 1.41421354e+00 0. 1. 0. 1. 2.23606801e+00 1. 3. 2.
    1.41421354e+00 2.23606801e+00 1. 1.41421354e+00 1. 1.41421354e+00 2.
    1. 2.23606801e+00 0. 1.41421354e+00 2. 1. 1.41421354e+00 1.
    1.41421354e+00 2. 1.41421354e+00 1. 2.82842708e+00 1.41421354e+00 1.
    0. 1.41421354e+00 1. 1. 1.41421354e+00 0. 2. 1.41421354e+00 1. 1. 0.
    1. 1. 1.41421354e+00 1.41421354e+00 1. 1. 2.23606801e+00 1. 1.
    1.41421354e+00 1. 1.41421354e+00 1.41421354e+00 1. 1. 1.
    1.41421354e+00 1. 0. 1. 1.41421354e+00 1. 0. 1. 2. 1.41421354e+00 1.
    1.41421354e+00 0. 1. 0. 1. 1. 1.41421354e+00 2.23606801e+00
    1.41421354e+00 1. 1. 0. 1. 1. 1.41421354e+00 1. 1. 1. 1. 1.
    1.41421354e+00 1. 0. 1.41421354e+00 2.23606801e+00 2. 1.41421354e+00
    4.12310553e+00 1.41421354e+00 1. 1. 2. 2. 1.41421354e+00
    1.41421354e+00 1.41421354e+00 1.41421354e+00 1. 1. 2. 1.41421354e+00
    0. 1. 1. 0. 1. 1. 1.41421354e+00 1. 1.41421354e+00 1.41421354e+00 1.
    1. 1. 1.41421354e+00 1.41421354e+00 1. 1. 1.41421354e+00 2. 0. 2. 1.
    0. 1. 1. 2.23606801e+00 2.82842708e+00 1.41421354e+00 1.
    1.41421354e+00 1.41421354e+00 1. 1. 1. 1.41421354e+00 1. 0. 1. 0.
    2.23606801e+00 2.23606801e+00 1. 2. 0. 1.41421354e+00 1. 1. 1.
    1.41421354e+00 1. 1. 0. 1. 0. 1. 1.41421354e+00 2.23606801e+00
    1.41421354e+00 1. 1. 1.41421354e+00 1.41421354e+00 1.41421354e+00
    2.23606801e+00 0. 1.41421354e+00 1. 1. 1.41421354e+00 2. 1. 1. 1. 1.
    1. 1. 1. 2.23606801e+00 2. 1. 2.23606801e+00 1.41421354e+00 0. 0. 1.
    1. 0. 0. 1. 0. 0. 1. 1. 0. 1. 1.41421354e+00 1.41421354e+00 2.
    1.41421354e+00 1. 0. 1. 1.41421354e+00 1. 2. 1.41421354e+00 3. 1.
    1.41421354e+00 1. 1. 1. 1. 1. 1.41421354e+00 1.41421354e+00
    2.23606801e+00 2. 0. 0. 1. 0. 0. 0. 1. 1. 1. 1. 1. 1. 1.
    1.41421354e+00 1.41421354e+00 2.23606801e+00 3.60555124e+00 1. 3. 1.
    2. 1. 1. 1.41421354e+00 2. 1. 1. 0. 0. 1. 0. 0. 0. 1. 2.
    1.41421354e+00 1. 1. 2. 1. 1. 0. 1. 1.41421354e+00 2.23606801e+00
    1.41421354e+00 1. 2.23606801e+00 1.41421354e+00 3. 0. 1.41421354e+00
    1. 1. 3.16227770e+00 2.82842708e+00 0. 2.23606801e+00 1.
    1.41421354e+00 1.41421354e+00 1. 0. 1. 1.41421354e+00 1.
    1.41421354e+00 1.41421354e+00 1.41421354e+00 1. 1.41421354e+00 0. 1.
    1.41421354e+00 1. 0. 1. 1. 1. 2. 1. 1.41421354e+00 1.41421354e+00 1.
    1.41421354e+00 1.41421354e+00 1. 1. 1.41421354e+00 1.41421354e+00 1.
    0. 0. 1. 0. 1.41421354e+00 1.41421354e+00 0. 1.41421354e+00 0. 0. 0.
    1. 1.41421354e+00 1. 0. 1.41421354e+00 1. 1. 1.41421354e+00
    1.41421354e+00 1. 1.41421354e+00 0. 1. 1.41421354e+00 1.41421354e+00
    0. 0. 1. 1. 1.41421354e+00 2.82842708e+00 2. 2.23606801e+00
    1.41421354e+00 1. 1. 1. 1. 1. 1.41421354e+00 1. 0. 1. 2. 1.
    1.41421354e+00 1.41421354e+00 2.23606801e+00 2.23606801e+00
    1.41421354e+00 0. 1.41421354e+00 0. 1. 2.23606801e+00 1. 0.
    1.41421354e+00 1. 1.41421354e+00 1. 0. 0. 1. 2. 1. 2. 1. 0. 0. 0. 0.
    2.23606801e+00 2.23606801e+00 1. 1.41421354e+00 1. 0. 1.41421354e+00
    1. 1.41421354e+00 0. 0. 0. 1. 0. 1.41421354e+00 1. 1. 1. 0. 0. 0. 2.
    2. 1. 0. 1. 0. 1. 1.41421354e+00 2. 0. 2. 1.41421354e+00 1.
    1.41421354e+00 1. 1.41421354e+00 2. 1. 1.41421354e+00 1. 2.
    1.41421354e+00 1.41421354e+00 1. 1. 1. 2. 2. 1. 0. 1. 2.23606801e+00
    1.41421354e+00 1. 2.82842708e+00 1.41421354e+00 0. 1. 1. 0. 0. 0. 0.
    1. 1. 1.41421354e+00 0. 0. 2. 2. 0. 1. 1. 1. 1. 0. 1.41421354e+00 0.
    2.23606801e+00 0. 1.41421354e+00 1.41421354e+00 1. 1. 2. 0. 1.
    2.23606801e+00 2.23606801e+00 0. 1.41421354e+00 1. 1. 0. 1. 0.
    1.41421354e+00 1. 1. 2. 1. 0. 0. 1. 1.41421354e+00 1. 3.60555124e+00
    2.23606801e+00 1.41421354e+00 2. 2.23606801e+00 1.41421354e+00
    1.41421354e+00 1.41421354e+00 2. 0. 2.23606801e+00 0. 1.41421354e+00
    1. 2. 1. 0. 0. 1. 0. 1. 1.41421354e+00 1.41421354e+00 1. 1. 0. 0. 0.
    2. 1. 0. 2. 2. 1. 2.82842708e+00 2. 1.41421354e+00 1.41421354e+00 2.
    0. 2.23606801e+00 1.41421354e+00 1. 1. 1.41421354e+00 0. 1. 1. 1. 1.
    0. 0. 1. 0. 1. 1.41421354e+00 1. 1. 1. 2. 1. 1. 1. 1.41421354e+00 1.
    1.41421354e+00 1.41421354e+00 1.41421354e+00 1. 0. 1. 2. 1.
    1.41421354e+00 0. 1. 1. 1.41421354e+00 0. 1. 2. 1. 1.41421354e+00 0.
    0. 0. 0. 0. 0. 1. 1. 1. 1. 1. 1.41421354e+00 1.41421354e+00 1. 1.
    1.41421354e+00 1.41421354e+00 2.23606801e+00 0. 0. 1. 1.41421354e+00
    1.41421354e+00 1. 1.41421354e+00 2. 1.41421354e+00 1. 0.
    1.41421354e+00 1.41421354e+00 1.41421354e+00 1.41421354e+00 0. 0.
    1.41421354e+00 2.23606801e+00 1.41421354e+00 1. 1. 1.41421354e+00
    1.41421354e+00 1.41421354e+00 2.23606801e+00 1. 1.41421354e+00 1.
    1.41421354e+00 1. 1.41421354e+00 2. 1.41421354e+00 1. 1. 0. 0. 1. 1.
    1. 1. 1.41421354e+00 1. 0. 0. 0. 1. 0. 1. 1. 1. 0. 0. 0. 1. 1. 1. 0.
    0. 1. 1. 0. 1. 0. 0. 0. 0. 1. 2.23606801e+00 1. 2.23606801e+00 1. 0.
    1. 1. 0. 1. 2.23606801e+00 2.82842708e+00 1. 2. 1. 1.41421354e+00 1.
    1.41421354e+00 1. 1.41421354e+00 2. 1.41421354e+00 1. 1. 1. 1.
    1.41421354e+00 3.16227770e+00 2. 2.23606801e+00 1. 1. 1.41421354e+00
    2. 1. 1. 2. 1. 1.41421354e+00 1.41421354e+00 0. 0. 0. 1.41421354e+00
    1. 1.41421354e+00 1. 1. 1. 1.41421354e+00 1.41421354e+00 1. 1. 0. 0.
    1. 1. 1.41421354e+00 1.41421354e+00 1. 0. 0. 1. 1. 1.41421354e+00 1.
    1. 1.41421354e+00 1. 2.23606801e+00 2.23606801e+00 0. 1. 0. 1. 0.
    1.41421354e+00 1.41421354e+00 1.41421354e+00 2. 0. 1. 0. 0.
    1.41421354e+00 1.41421354e+00 2.23606801e+00 3.16227770e+00 0.
    1.41421354e+00 1. 0. 1. 2.23606801e+00 1. 1. 1.41421354e+00 1.
    2.82842708e+00 1. 1.41421354e+00 1. 2. 1. 1. 1. 1.41421354e+00 0. 2.
    2. 0. 0. 1. 1. 1.41421354e+00 1. 1. 0. 1. 2.82842708e+00
    1.41421354e+00 1. 1.41421354e+00 0. 1. 2.23606801e+00 2.
    1.41421354e+00 1. 0. 1. 0. 0. 1.41421354e+00 1.41421354e+00 0. 0. 0.
    0. 1.41421354e+00 1.41421354e+00 2.23606801e+00 3. 2.23606801e+00
    1.41421354e+00 0. 1. 2. 0. 1.41421354e+00 1. 1. 1. 1.41421354e+00
    1.41421354e+00 1.41421354e+00 0. 1. 1. 1. 0. 1.41421354e+00 1. 0. 1.
    2. 2. 1.41421354e+00 0. 1. 0. 0. 0. 0. 0. 0. 1. 1. 1. 0.
    1.41421354e+00 1. 1. 1. 2.23606801e+00 1.41421354e+00 3.16227770e+00
    1. 1.41421354e+00 0. 1.41421354e+00 1.41421354e+00 1.41421354e+00 1.
    1. 0. 1. 0. 1. 1. 0. 1. 0. 0. 1. 2. 0. 2.23606801e+00 1. 0. 1.
    1.41421354e+00 2.23606801e+00 2.23606801e+00 1. 1.41421354e+00 0. 1.
    2.23606801e+00 1. 2. 1. 1.41421354e+00 1. 0. 1.41421354e+00 1. 2.
    1.41421354e+00 1.41421354e+00 1.41421354e+00 0. 0. 0. 1.41421354e+00
    0. 1.41421354e+00 1. 1. 1. 1. 0. 1. 1. 1. 1. 1. 1. 1. 1. 1. 0. 0. 0.
    0. 1. 1. 1.41421354e+00 1. 1. 1. 0. 0. 1. 0. 0. 1.41421354e+00 1. 1.
    1. 1. 0. 1.41421354e+00 1. 1.41421354e+00 1.41421354e+00 1.
    2.23606801e+00 1. 0. 1.41421354e+00 2. 1.41421354e+00 3. 1. 2. 1. 1.
    0. 2. 0. 2.23606801e+00 1.41421354e+00 1. 1. 2.82842708e+00
    1.41421354e+00 1. 1.41421354e+00 1.41421354e+00 0. 1. 2. 1. 1. 1. 1.
    2. 0. 1. 1. 0. 2. 1. 1.41421354e+00 1. 1. 1.41421354e+00 1.
    2.23606801e+00 2.23606801e+00 1. 1. 1. 2.82842708e+00 1. 2. 1. 1. 1.
    0. 1. 1.41421354e+00 1.41421354e+00 1. 1. 1. 0. 0. 1. 1.
    1.41421354e+00 2.23606801e+00 2. 1. 2. 1.41421354e+00 2.
    2.23606801e+00 1. 2.23606801e+00 0. 2. 1.41421354e+00 1.41421354e+00
    2.23606801e+00 1.41421354e+00 2.23606801e+00 2.23606801e+00 1. 1.
    1.41421354e+00 1. 1. 1.41421354e+00 1.41421354e+00 1. 1.
    1.41421354e+00 1. 1. 1. 1. 0. 1. 1.41421354e+00 2.23606801e+00 2. 1.
    1. 1.41421354e+00 2. 1.41421354e+00 2. 1. 0. 0. 0. 1.41421354e+00 1.
    2. 1. 1. 0. 1. 1.41421354e+00 1. 2. 1. 3. 1.41421354e+00
    1.41421354e+00 1. 1. 2.23606801e+00 1. 1.41421354e+00 1.
    1.41421354e+00 0. 1.41421354e+00 1.41421354e+00 1. 0. 1.41421354e+00
    1. 1. 0. 2.23606801e+00 2. 1.41421354e+00 0. 1. 1. 1. 1. 0. 0. 0. 0.
    1. 1.41421354e+00 1.41421354e+00 1.41421354e+00 1.41421354e+00
    1.41421354e+00 1. 1. 1. 1. 2.23606801e+00 2.23606801e+00 3. 1. 1. 0.
    0. 1.41421354e+00 1. 1. 1.41421354e+00 1.41421354e+00 1. 2.
    1.41421354e+00 1.41421354e+00 1.41421354e+00 1. 0. 1. 1.
    2.23606801e+00 2. 2.23606801e+00 1. 0. 0. 1.41421354e+00
    2.23606801e+00 2.23606801e+00 1. 2.23606801e+00 1.41421354e+00
    2.23606801e+00 2.23606801e+00 2.23606801e+00 1. 1. 1.41421354e+00 0.
    1. 1. 1.41421354e+00 1.41421354e+00 0. 1. 0. 0. 0. 1.41421354e+00 0.
    2.23606801e+00 1.41421354e+00 0. 0. 0. 1. 2. 0. 1. 1. 2. 1. 1. 2. 1.
    0. 0. 0. 0. 1.41421354e+00 1. 1. 1. 1.41421354e+00 1.41421354e+00 1.
    1. 1. 1. 1.41421354e+00 1.41421354e+00 1. 1. 1. 1.41421354e+00 1. 1.
    0. 1.41421354e+00 1. 0. 1.41421354e+00 2. 2.23606801e+00 1.
    1.41421354e+00 1. 2.23606801e+00 1.41421354e+00 2. 0. 1.
    1.41421354e+00 0. 2. 1. 2.23606801e+00 1. 1. 1.41421354e+00 1.
    1.41421354e+00 1. 1. 0. 0. 1. 1.41421354e+00 1.41421354e+00 2. 1.
    1.41421354e+00 1. 1. 0. 0. 2. 2. 0. 1. 1.41421354e+00 1. 1.
    2.82842708e+00 3.16227770e+00 1. 2.23606801e+00 2. 1. 1.41421354e+00
    1.41421354e+00 0. 1. 1. 1. 1.41421354e+00 1. 1. 1. 1.41421354e+00
    1.41421354e+00 1. 1. 1. 1.41421354e+00 1. 2.23606801e+00
    1.41421354e+00 0. 2. 1.41421354e+00 2.23606801e+00 1. 1. 0.
    1.41421354e+00 2.23606801e+00 0. 1.41421354e+00 1. 1. 1.
    1.41421354e+00 1.41421354e+00 1. 1.41421354e+00 0. 1.41421354e+00 1.
    1. 1.41421354e+00 1. 1. 1.41421354e+00 0. 0. 1. 1.41421354e+00
    1.41421354e+00 0. 1. 1. 1. 1. 2. 2.23606801e+00 1.41421354e+00 1. 1.
    1.41421354e+00 1. 0. 1. 1. 2.82842708e+00 2.23606801e+00
    1.41421354e+00 1. 1. 1.41421354e+00 1. 0. 2. 4. 2. 1. 0. 1. 2. 1.
    1.41421354e+00 2. 1. 2. 1.41421354e+00 2.23606801e+00 2.
    1.41421354e+00 1. 1. 1. 0. 1.41421354e+00 1.41421354e+00
    1.41421354e+00 1. 2. 1. 1. 1.41421354e+00 1. 0. 0. 0. 1.
    1.41421354e+00 1. 0. 1. 1.41421354e+00 2. 1. 2.23606801e+00 0.
    1.41421354e+00 2. 3. 1. 2. 2.23606801e+00 1. 2. 0. 0. 1.41421354e+00
    1.41421354e+00 1.41421354e+00 0. 2.23606801e+00 1. 1. 1.41421354e+00
    1. 1. 1. 0. 1.41421354e+00 2. 1.41421354e+00 1.41421354e+00 1. 1. 1.
    2. 1. 1.41421354e+00 0. 1. 1.41421354e+00 1. 2. 1. 1. 0. 0. 0. 2.
    2.23606801e+00 2.23606801e+00 2.23606801e+00 1.41421354e+00 1. 1. 1.
    1. 1.41421354e+00 1. 1. 1.41421354e+00 1. 2. 1. 0. 1. 0. 1.
    1.41421354e+00 1. 1. 1. 1. 0. 0. 0. 1.41421354e+00 1.41421354e+00 1.
    2.23606801e+00 2.82842708e+00 1.41421354e+00 2.23606801e+00
    3.16227770e+00 1. 1.41421354e+00 2. 1. 1. 2. 1. 2.23606801e+00
    1.41421354e+00 1. 1.41421354e+00 1. 0. 0. 1.41421354e+00
    1.41421354e+00 1.41421354e+00 2.23606801e+00 1. 1.41421354e+00 1. 0.
    1.41421354e+00 2.23606801e+00 1.41421354e+00 1.41421354e+00
    1.41421354e+00 1. 1. 1.41421354e+00 1.41421354e+00 1. 1. 2. 1. 1. 1.
    0. 0. 0. 1.41421354e+00 1.41421354e+00 1.41421354e+00 2. 1.
    2.23606801e+00 1. 0. 0. 1.41421354e+00 2.82842708e+00 3.
    2.82842708e+00 2.23606801e+00 1.41421354e+00 1.41421354e+00
    2.82842708e+00 2.82842708e+00 0. 0. 1. 3.16227770e+00 1.41421354e+00
    1.41421354e+00 1. 0. 0. 1. 1. 1.41421354e+00 1. 1. 1. 1.41421354e+00
    1. 2. 1. 1. 1.41421354e+00 2.23606801e+00 1.41421354e+00 1.
    1.41421354e+00 1.41421354e+00 1.41421354e+00 0. 2.23606801e+00
    1.41421354e+00 1. 0. 1.41421354e+00 1. 0. 2. 1. 0. 1. 1.
    2.82842708e+00 1.41421354e+00 1.41421354e+00 1. 1. 1. 1. 0. 0.
    1.41421354e+00 1.41421354e+00 1. 1. 1. 1.41421354e+00 1.41421354e+00
    1. 1. 0. 1. 2.23606801e+00 1. 2.23606801e+00 1. 2.82842708e+00 1.
    1.41421354e+00 1. 1. 2.23606801e+00 2.23606801e+00 1. 1. 1. 2. 1. 0.
    1.41421354e+00 2. 1. 2.23606801e+00 1.41421354e+00 0. 1.
    1.41421354e+00 1.41421354e+00 2. 1.41421354e+00 1. 2.23606801e+00
    2.23606801e+00 2. 1. 2.23606801e+00 0. 1. 0. 0. 1. 1.41421354e+00
    2.23606801e+00 2.23606801e+00 0. 2. 1. 0. 2. 1. 0. 0. 1.
    1.41421354e+00 1. 1.41421354e+00 0. 2. 1.41421354e+00 2.23606801e+00
    1. 2.23606801e+00 1.41421354e+00 1. 1.41421354e+00 2.23606801e+00
    3.16227770e+00 2. 1. 1. 1. 1. 2.82842708e+00 2.23606801e+00 2.
    2.23606801e+00 1.41421354e+00 2. 1.41421354e+00 1. 0. 0. 2.
    1.41421354e+00 1. 1. 1. 1.41421354e+00 0. 1. 2. 2. 1. 2.23606801e+00
    1.41421354e+00 1. 3.16227770e+00 3. 2.23606801e+00 1. 1. 0. 0. 1. 1.
    1.41421354e+00 1. 1. 1. 0. 1.41421354e+00 2. 1. 1. 0. 1. 0.
    1.41421354e+00 1. 1. 0. 1. 0. 1. 1. 0. 1.41421354e+00 3.16227770e+00
    2. 0. 1. 1.41421354e+00 1.41421354e+00 0. 2. 3.16227770e+00
    2.23606801e+00 1. 2.23606801e+00 2. 2.23606801e+00 1. 2.
    1.41421354e+00 1.41421354e+00 2. 0. 2. 0. 2.23606801e+00 1.
    1.41421354e+00 0. 1. 1.41421354e+00 1. 2.23606801e+00 0.
    1.41421354e+00 1. 1. 1. 1. 0. 1.41421354e+00 1. 1. 1. 1.
    1.41421354e+00 2.23606801e+00 1. 1. 1. 0. 1.41421354e+00 1. 1. 0. 1.
    1. 2.23606801e+00 1. 0. 2.23606801e+00 2.23606801e+00 1.41421354e+00
    1. 1. 2.23606801e+00 2.23606801e+00 1. 2. 2.23606801e+00
    1.41421354e+00 1.41421354e+00 2.23606801e+00 1. 1.41421354e+00 1. 2.
    1. 2.23606801e+00 1. 0. 0. 1. 2.23606801e+00 1. 1.41421354e+00 1. 1.
    0. 1.41421354e+00 1. 1. 1.41421354e+00 1. 1. 2. 1. 1.41421354e+00 1.
    0. 1. 2. 0. 1. 2.23606801e+00 1.41421354e+00 1.41421354e+00 1. 1. 1.
    1. 1. 1. 1.41421354e+00 1. 0. 1.41421354e+00 1. 0. 0. 0. 0. 0. 0. 2.
    2. 2.23606801e+00 1.41421354e+00 1. 2.23606801e+00 1. 1.41421354e+00
    1. 1. 1.41421354e+00 1. 1. 1.41421354e+00 1.41421354e+00 2.
    2.23606801e+00 1. 1. 1. 2. 2. 1.41421354e+00 0. 1.41421354e+00
    1.41421354e+00 2. 0. 2.23606801e+00 2.23606801e+00 1. 1.41421354e+00
    2. 1. 2. 1. 1. 1.41421354e+00 1.41421354e+00 3.16227770e+00
    2.23606801e+00 0. 2.23606801e+00 1. 0. 1. 0. 0. 0. 2.23606801e+00
    1.41421354e+00 1. 1. 0. 2.23606801e+00 2.82842708e+00 2.
    2.23606801e+00 1. 0. 0. 0. 1. 2.23606801e+00 2.23606801e+00 0. 1. 1.
    1. 2.23606801e+00 1.41421354e+00 0. 2.23606801e+00 3. 1.
    1.41421354e+00 2. 1.41421354e+00 1. 2.23606801e+00 3. 1.
    2.23606801e+00 1.41421354e+00 1. 2.23606801e+00 1. 1. 1. 1. 0.
    2.23606801e+00 1.41421354e+00 1.41421354e+00 2.23606801e+00 1. 1. 1.
    2.23606801e+00 1.41421354e+00 2.23606801e+00 2.23606801e+00 0. 1. 1.
    2. 1. 1. 1.41421354e+00 1.41421354e+00 1. 1. 1.41421354e+00 1. 1.
    2.23606801e+00 2.23606801e+00 1.41421354e+00 1. 1. 0. 0. 0. 0. 1. 1.
    2.23606801e+00 1.41421354e+00 1.41421354e+00 1. 1.41421354e+00 1. 1.
    1.41421354e+00 3.60555124e+00 2.23606801e+00 2.23606801e+00 3.
    1.41421354e+00 1. 0. 1. 2.23606801e+00 4. 0. 3.16227770e+00
    2.23606801e+00 1. 0. 1. 1. 0. 0. 1. 0. 2.23606801e+00 1.
    2.23606801e+00 2.23606801e+00 1. 1.41421354e+00 1.41421354e+00 1. 1.
    1. 1. 1. 1.41421354e+00 2.23606801e+00 1.41421354e+00 1. 2. 0.
    1.41421354e+00 0. 1. 2.23606801e+00 0. 2.23606801e+00 2.23606801e+00
    1. 1.41421354e+00 1. 1. 1.41421354e+00 0. 1. 1.41421354e+00 1.
    1.41421354e+00 1. 1. 2.23606801e+00 0. 2.23606801e+00 1.
    1.41421354e+00 2. 1. 3.16227770e+00 1. 1. 1. 1. 2. 0. 2.
    1.41421354e+00 1. 1.41421354e+00 1. 1. 0. 1. 2.23606801e+00 2. 2.
    1.41421354e+00 1. 1. 1.41421354e+00 1. 1. 0. 1. 1.41421354e+00
    1.41421354e+00 1. 1. 0. 1. 1. 1.41421354e+00 1. 1. 1.41421354e+00 1.
    2.23606801e+00 3. 1. 1. 1. 1. 1. 1. 1.41421354e+00 1.41421354e+00 1.
    1.41421354e+00 0. 0. 0. 0. 1. 0. 2.23606801e+00 1.41421354e+00 0. 1.
    2.23606801e+00 1. 1.41421354e+00 2.82842708e+00 1. 1.41421354e+00 0.
    1.41421354e+00 1.41421354e+00 0. 1.41421354e+00 1.41421354e+00
    1.41421354e+00 0. 1. 0. 2.23606801e+00 2.82842708e+00 2.82842708e+00
    3. 1. 1. 2. 1. 1. 1. 0. 1. 0. 2.23606801e+00 1. 3.16227770e+00
    1.41421354e+00 2.82842708e+00 2.23606801e+00 2.23606801e+00 0.
    2.23606801e+00 2. 1.41421354e+00 0. 1. 1. 1. 0. 1. 0. 2.23606801e+00
    2. 0. 3. 2.82842708e+00 1.41421354e+00 1. 2. 1. 0. 1.41421354e+00 0.
    2. 0. 2.23606801e+00 1.41421354e+00 0. 0. 1. 2.23606801e+00
    2.23606801e+00 1. 1.41421354e+00 1.41421354e+00 2.23606801e+00 0.
    2.23606801e+00 2.23606801e+00 1. 2.23606801e+00 3.60555124e+00 3.
    1.41421354e+00 0. 1.41421354e+00 1.41421354e+00 1.41421354e+00
    1.41421354e+00 1. 1. 1. 1. 1.41421354e+00 1.41421354e+00 1. 1. 0. 1.
    1. 1.41421354e+00 1.41421354e+00 0. 1. 0. 1.41421354e+00
    1.41421354e+00 1. 1. 1. 0. 0. 1. 2. 1.41421354e+00 1.41421354e+00
    2.82842708e+00 0. 1. 1. 1. 0. 1. 0. 0. 0. 2.23606801e+00
    2.23606801e+00 2. 1. 1. 1.41421354e+00 2.82842708e+00 2.
    2.23606801e+00 1. 2. 2.23606801e+00 2.23606801e+00 1. 1.
    1.41421354e+00 1.41421354e+00 1.41421354e+00 2. 1. 2. 1.41421354e+00
    0. 0. 1. 1. 2. 1.41421354e+00 2. 1.41421354e+00 1. 2. 2.23606801e+00
    2.23606801e+00 2.23606801e+00 1. 1. 1. 1.41421354e+00 1. 1.
    1.41421354e+00 2.23606801e+00 2. 1.41421354e+00 0. 1. 1. 1.
    2.23606801e+00 0. 2.23606801e+00 2.23606801e+00 1.41421354e+00 1. 1.
    0. 0. 1. 1. 1.41421354e+00 1. 1. 1. 1.41421354e+00 1. 1.
    1.41421354e+00 2.23606801e+00 1.41421354e+00 1. 1. 0. 2.23606801e+00
    1. 1. 1. 1. 1.41421354e+00 2.23606801e+00 1. 2. 1.41421354e+00 0. 1.
    1. 1. 1. 1. 2. 1. 2. 1. 1.41421354e+00 1. 1. 1.41421354e+00 1. 0. 0.
    1. 1. 0. 0. 1. 0. 2. 1. 1.41421354e+00 1.41421354e+00 1.41421354e+00
    0. 1.41421354e+00 1. 1.41421354e+00 1. 1. 0. 1. 1.41421354e+00
    1.41421354e+00 1.41421354e+00 1. 0. 0. 0. 0. 1. 0. 3. 1.41421354e+00
    2. 1.41421354e+00 1. 1.41421354e+00 1.41421354e+00 1. 1.
    2.23606801e+00 1. 1.41421354e+00 0. 1.41421354e+00 1. 1.
    2.23606801e+00 1.41421354e+00 1. 0. 1. 2.23606801e+00 1.41421354e+00
    2.23606801e+00 3. 1. 1.41421354e+00 1. 1. 1. 1.41421354e+00 2. 1. 0.
    1.41421354e+00 2. 2.23606801e+00 1.41421354e+00 1. 2.23606801e+00
    3.60555124e+00 3.16227770e+00 1.41421354e+00 2. 1.41421354e+00 0. 1.
    0. 1. 1. 1. 1.41421354e+00 1.41421354e+00 1. 0. 1. 1. 1. 1.
    2.23606801e+00 1.41421354e+00 1. 0. 1.41421354e+00 1. 1. 0.
    1.41421354e+00 1.41421354e+00 1.41421354e+00 2.23606801e+00
    2.23606801e+00 2.23606801e+00 2. 0. 1.41421354e+00 2. 1.41421354e+00
    1. 2. 2.23606801e+00 0. 2.23606801e+00 3. 2.23606801e+00
    1.41421354e+00 1. 2. 1.41421354e+00 1. 1.41421354e+00 1.41421354e+00
    1.41421354e+00 1. 1. 1. 1. 1. 1. 1.41421354e+00 1. 1.41421354e+00 0.
    2. 1. 1. 1. 1. 1. 1. 1. 1. 1. 1. 0. 1. 1.41421354e+00 1. 1. 0. 0. 0.
    1. 0. 0. 0. 1. 1. 1.41421354e+00 0. 2.23606801e+00 1. 2. 2.
    2.82842708e+00 1. 2. 2. 1.41421354e+00 1. 1.41421354e+00
    1.41421354e+00 1. 0. 1. 2.23606801e+00 2. 1. 1.41421354e+00 1. 0. 0.
    2.23606801e+00 1.41421354e+00 2.23606801e+00 1. 2. 1.41421354e+00 2.
    0. 2. 1.41421354e+00 1.41421354e+00 0. 1.41421354e+00 1.
    1.41421354e+00 1.41421354e+00 1.41421354e+00 2.23606801e+00
    1.41421354e+00 3.16227770e+00 1.41421354e+00 1.41421354e+00
    1.41421354e+00 1. 1. 2. 1. 1. 1. 0. 0. 0. 0. 1. 1.41421354e+00 1.
    2.23606801e+00 0. 1.41421354e+00 2. 0. 1. 2. 2. 1. 1. 1.41421354e+00
    1. 1.41421354e+00 1. 1.41421354e+00 1.41421354e+00 2. 1.
    2.82842708e+00 2.23606801e+00 1. 1. 1.41421354e+00 1. 0. 1. 0.
    2.23606801e+00 1. 1. 1.41421354e+00 2.23606801e+00 1.41421354e+00 0.
    0. 1.41421354e+00 1. 0. 0. 0. 0. 0. 0. 0. 1. 0. 1. 1. 1. 1. 1. 1. 2.
    1.41421354e+00 1.41421354e+00 0. 1. 1. 2.23606801e+00 1.41421354e+00
    1. 1. 0. 0. 0. 1. 0. 1. 1.41421354e+00 2.23606801e+00 1.41421354e+00
    1. 1. 0. 1.41421354e+00 1. 2. 1.41421354e+00 1.41421354e+00 1. 1. 1.
    2. 1.41421354e+00 1. 2. 1. 0. 1.41421354e+00 1. 1. 2.23606801e+00
    1.41421354e+00 2. 1. 1. 1.41421354e+00 1. 2.82842708e+00 0. 1. 1. 1.
    1. 0. 1. 2. 1. 1. 3.60555124e+00 2.23606801e+00 1. 2.23606801e+00 1.
    1.41421354e+00 1. 2. 1. 1. 2.23606801e+00 0. 1.41421354e+00 1. 2. 2.
    2.82842708e+00 1.41421354e+00 1.41421354e+00 2.23606801e+00 1. 1. 1.
    0. 1. 0. 0. 2.23606801e+00 3. 0. 2.23606801e+00 1. 1.41421354e+00 0.
    1. 1. 2. 2.23606801e+00 1.41421354e+00 1. 1. 1. 1. 1. 2. 0. 2. 1. 1.
    2. 1. 1. 1.41421354e+00 1. 0. 1. 0. 1. 1.41421354e+00 0.
    1.41421354e+00 2. 1.41421354e+00 1. 2. 2.23606801e+00 1.41421354e+00
    0. 0. 0. 0. 1. 1. 0. 1. 1. 1.41421354e+00 1. 1. 0. 0. 0. 0. 0. 1. 1.
    1. 1.41421354e+00 2. 1. 1.41421354e+00 2. 2. 2. 2. 1.41421354e+00
    1.41421354e+00 1. 2. 2. 0. 1. 1. 1. 1. 2.23606801e+00 1.41421354e+00
    1.41421354e+00 1. 0. 1. 1. 1. 0. 1.41421354e+00 1. 1.41421354e+00
    1.41421354e+00 2.23606801e+00 0. 1.41421354e+00 2. 1. 1. 1. 1. 1.
    1.41421354e+00 2.82842708e+00 2. 3. 2. 1.41421354e+00 1.41421354e+00
    1.41421354e+00 0. 1. 1. 1. 0. 0. 1. 1. 0. 1. 1. 2.23606801e+00 1. 1.
    2. 0. 2. 1.41421354e+00 1. 1. 0. 1. 1. 1. 0. 0. 1. 2. 1.41421354e+00
    1. 1.41421354e+00 1.41421354e+00 0. 1.41421354e+00 1. 1. 1. 1.
    3.16227770e+00 2.23606801e+00 0. 1. 2.23606801e+00 1.41421354e+00 0.
    0. 1.41421354e+00 1.41421354e+00 0. 0. 0. 0. 0. 0. 0. 0. 1. 0. 0. 0.
    1. 1. 1. 1. 2. 1. 0. 1. 1. 1. 1.41421354e+00 1.41421354e+00 1. 0. 0.
    1. 1. 0. 1. 1.41421354e+00 1. 1.41421354e+00 1. 0. 0. 1. 0.
    1.41421354e+00 1.41421354e+00 1. 2.23606801e+00 2. 0. 1.
    2.23606801e+00 2. 2.82842708e+00 1. 0. 1. 1. 0. 1.41421354e+00 1.
    1.41421354e+00 1. 1. 1. 1. 2.23606801e+00 2.23606801e+00
    2.82842708e+00 1. 1.41421354e+00 1.41421354e+00 1.41421354e+00 1. 1.
    1. 1.41421354e+00 1.41421354e+00 1. 3.16227770e+00 2. 2.23606801e+00
    3.16227770e+00 1. 1.41421354e+00 1. 1. 1.41421354e+00 1.
    1.41421354e+00 2. 1. 1. 0. 1.41421354e+00 2.82842708e+00 1.
    2.23606801e+00 1. 0. 0. 1. 1. 0. 0. 1. 2.23606801e+00 2.
    2.23606801e+00 1. 1. 1. 1. 1. 1. 1. 0. 1.41421354e+00 1.41421354e+00
    1. 2.23606801e+00 3.60555124e+00 2.23606801e+00 1. 2. 1.41421354e+00
    1.41421354e+00 1. 1. 1. 1. 0. 0. 0. 1. 0. 1.41421354e+00
    1.41421354e+00 1.41421354e+00 2. 1. 1. 1. 1.41421354e+00
    2.23606801e+00 1. 0. 0. 1.41421354e+00 2.23606801e+00 1.41421354e+00
    2. 0. 1. 2. 2. 1. 0. 0. 0. 0. 1. 1. 2.23606801e+00 1.41421354e+00 1.
    1.41421354e+00 1.41421354e+00 2. 1. 3. 1. 2. 1.41421354e+00 1. 2.
    1.41421354e+00 1.41421354e+00 0. 1.41421354e+00 2. 1.41421354e+00
    1.41421354e+00 1. 1. 2. 0. 1.41421354e+00 1.41421354e+00 1. 1. 3. 2.
    0. 1.41421354e+00 1.41421354e+00 1.41421354e+00 1.41421354e+00
    1.41421354e+00 1.41421354e+00 2. 0. 1. 1. 1. 1. 3.16227770e+00
    3.16227770e+00 2.23606801e+00 2. 1. 2.23606801e+00 1. 0. 2. 2. 0. 0.
    1. 1.41421354e+00 1. 1. 0. 1.41421354e+00 1. 1. 1. 1. 1. 1.
    2.23606801e+00 1. 1.41421354e+00 1.41421354e+00 1. 0. 0. 0. 0.
    1.41421354e+00 1.41421354e+00 0. 1. 1.41421354e+00 2. 1.
    1.41421354e+00 1.41421354e+00 1. 1.41421354e+00 2. 2.23606801e+00 1.
    1.41421354e+00 1.41421354e+00 2. 1.41421354e+00 1. 1.41421354e+00
    2.23606801e+00 0. 0. 0. 1. 1. 0. 0. 0. 1.41421354e+00 0. 1. 0. 1. 1.
    0. 0. 1. 0. 1.41421354e+00 1. 0. 1.41421354e+00 1.41421354e+00 1. 1.
    0. 0. 1.41421354e+00 1. 1.41421354e+00 2. 1.41421354e+00 1.
    1.41421354e+00 1. 0. 1. 0. 0. 1. 1.41421354e+00 1. 2.23606801e+00 1.
    1. 1. 0. 1. 1. 1.41421354e+00 1. 1.41421354e+00 1. 1. 1.
    1.41421354e+00 1. 1.41421354e+00 1.41421354e+00 1. 1. 2. 1. 1.
    2.23606801e+00 0. 1.41421354e+00 0. 1. 1. 0. 1. 2.23606801e+00 2. 0.
    2.23606801e+00 2. 3.60555124e+00 1.41421354e+00 1.41421354e+00
    2.23606801e+00 2. 1.41421354e+00 0. 1. 1. 1.41421354e+00 0. 1. 1. 1.
    2.23606801e+00 3. 1.41421354e+00 0. 0. 1. 1. 0. 1. 1. 1.
    1.41421354e+00 1. 1. 1. 1. 0. 0. 1. 0. 0. 1. 1. 2.23606801e+00
    2.23606801e+00 2.82842708e+00 2.23606801e+00 1.41421354e+00
    2.23606801e+00 1.41421354e+00 1. 1. 0. 0. 0. 0. 1. 0. 1. 0. 1. 0. 1.
    1. 1. 1.41421354e+00 1. 2.23606801e+00 3. 1. 1.41421354e+00 1. 1.
    2.23606801e+00 0. 2.23606801e+00 1. 1. 1.41421354e+00 1.41421354e+00
    2. 1.41421354e+00 1. 1. 1. 0. 0. 2.23606801e+00 1. 2.23606801e+00
    1.41421354e+00 1. 2. 0. 3. 1. 1.41421354e+00 1. 1.41421354e+00 0. 2.
    1.41421354e+00 1.41421354e+00 0. 2.23606801e+00 0. 1. 1. 1. 2. 1. 2.
    1. 1. 2. 2.23606801e+00 1. 2. 1. 1. 1.41421354e+00 1. 1.
    1.41421354e+00 1. 1. 2. 0. 1.41421354e+00 0. 1. 0. 1.41421354e+00 1.
    1. 1. 1.41421354e+00 1. 1. 1.41421354e+00 1. 1. 1. 1. 1.
    1.41421354e+00 0. 0. 1. 1. 1. 1. 1. 1.41421354e+00 1.41421354e+00 2.
    2.23606801e+00 2. 1. 1. 1. 0. 0. 1. 1. 1.41421354e+00 1.41421354e+00
    2. 2. 1.41421354e+00 1. 1.41421354e+00 1. 1. 0. 1.41421354e+00
    1.41421354e+00 2.23606801e+00 2.23606801e+00 2. 0. 1. 1.
    2.23606801e+00 1. 1.41421354e+00 0. 1.41421354e+00 1.41421354e+00 1.
    1. 1. 1.41421354e+00 1. 1.41421354e+00 0. 1. 1. 1. 1. 0. 1.
    1.41421354e+00 1.41421354e+00 1.41421354e+00 1. 1. 1. 1. 1. 0.
    1.41421354e+00 1. 0. 1. 1. 1.41421354e+00 1.41421354e+00 0. 0. 1. 1.
    1. 0. 1.41421354e+00 1. 1.41421354e+00 1. 1. 2. 0. 1. 1.
    2.82842708e+00 2. 1. 0. 0. 1.41421354e+00 1.41421354e+00 1. 0. 1.
    1.41421354e+00 2. 2.23606801e+00 1. 2.23606801e+00 0. 2.23606801e+00
    1. 1.41421354e+00 1.41421354e+00 1.41421354e+00 2.23606801e+00 1. 2.
    1.41421354e+00 3. 1. 1. 1. 1.41421354e+00 1. 2.23606801e+00
    2.23606801e+00 0. 2.23606801e+00 1. 0. 1. 1. 1. 0. 0. 0. 0.
    1.41421354e+00 1. 0. 1. 1. 1.41421354e+00 1. 1.41421354e+00 1. 1.
    1.41421354e+00 1.41421354e+00 1.41421354e+00 1.41421354e+00 0. 1. 1.
    0. 1. 0. 1. 1.41421354e+00 1. 1. 1. 2.23606801e+00 1. 1.41421354e+00
    2.23606801e+00 1. 0. 0. 0. 0. 1. 0. 1. 0. 1. 0. 0. 0. 0. 1. 0. 0. 1.
    0. 2. 2.23606801e+00 1.41421354e+00 0. 1.41421354e+00 2.23606801e+00
    1.41421354e+00 0. 1.41421354e+00 1.41421354e+00 1.41421354e+00 0. 2.
    1. 1.41421354e+00 1.41421354e+00 1. 0. 1.41421354e+00 2.23606801e+00
    0. 1. 1. 1. 2. 1.41421354e+00 2.23606801e+00 1.41421354e+00 1. 2. 1.
    1.41421354e+00 1. 1. 0. 2.23606801e+00 1.41421354e+00 1. 1.
    1.41421354e+00 1. 0. 1.41421354e+00 2. 2.23606801e+00 2.
    2.23606801e+00 3.16227770e+00 2. 1.41421354e+00 0. 2. 1. 1. 0. 1. 1.
    0. 1.41421354e+00 0. 1. 1. 2. 0. 1. 1. 1.41421354e+00 1.
    1.41421354e+00 1.41421354e+00 0. 1.41421354e+00 1.41421354e+00 1. 1.
    1. 0. 0. 0. 0. 1. 0. 1. 1. 1. 0. 1. 0. 1. 1. 2. 1.41421354e+00 1. 0.
    1. 2. 1. 1. 1. 0. 0. 1. 1.41421354e+00 1. 0. 1.41421354e+00
    1.41421354e+00 1. 2.23606801e+00 1.41421354e+00 1. 1. 0.
    1.41421354e+00 2.23606801e+00 1. 1.41421354e+00 0. 1. 1.41421354e+00
    2.23606801e+00 1.41421354e+00 1. 0. 1.41421354e+00 1. 0. 0. 1. 1. 0.
    1. 1. 2. 1.41421354e+00 1. 0. 1. 1. 1.41421354e+00 0. 1. 1.
    2.23606801e+00 1.41421354e+00 1. 1. 1. 2. 1. 1.41421354e+00
    1.41421354e+00 0. 1. 1. 1. 1.41421354e+00 1.41421354e+00 0.
    1.41421354e+00 1. 2. 1. 3. 2. 1.41421354e+00 2.23606801e+00
    1.41421354e+00 1.41421354e+00 2. 2. 2.82842708e+00 1. 0. 2. 2.
    2.23606801e+00 1.41421354e+00 1.41421354e+00 1.41421354e+00 2. 2. 1.
    1. 1.41421354e+00 1. 2. 2.23606801e+00 2.23606801e+00 3. 1.
    1.41421354e+00 1. 1.41421354e+00 1.41421354e+00 2.23606801e+00
    1.41421354e+00 2. 1.41421354e+00 1. 0. 1. 2. 2. 1. 1. 1. 1. 2. 1. 0.
    1.41421354e+00 1.41421354e+00 1. 0. 1. 1. 1. 0. 1. 1.41421354e+00 1.
    2. 0. 1. 1. 1. 0. 0. 1.41421354e+00 1.41421354e+00 0. 1.41421354e+00
    2. 2.82842708e+00 1. 2. 1.41421354e+00 1. 0. 0. 0. 0. 2. 0. 0. 1. 1.
    0. 0. 1.41421354e+00 2.23606801e+00 1. 2. 1.41421354e+00 1. 2. 0.
    2.23606801e+00 1.41421354e+00 1. 1. 1. 1. 1.41421354e+00 1. 1.
    2.23606801e+00 1. 0. 1. 1.41421354e+00 1. 1. 1.41421354e+00 1. 1. 0.
    1. 1.41421354e+00 1. 1.41421354e+00 1. 1. 1. 1. 1. 1. 1. 1.
    1.41421354e+00 1. 3. 1. 2.23606801e+00 1.41421354e+00 1.41421354e+00
    1.41421354e+00 0. 0. 1. 1.41421354e+00 1. 0. 1. 1.41421354e+00
    1.41421354e+00 1.41421354e+00 1. 1. 1. 0. 0. 1. 0. 1. 1.41421354e+00
    1.41421354e+00 1. 2. 0. 1. 1.41421354e+00 1.41421354e+00 0. 0.
    1.41421354e+00 2. 1.41421354e+00 1. 1. 0. 0. 0. 0. 0. 1. 1. 1. 1. 1.
    1. 1. 1.41421354e+00 1.41421354e+00 1. 1. 2. 1.41421354e+00
    1.41421354e+00 1. 1.41421354e+00 1. 0. 2. 1. 1. 1. 1. 0. 1. 1. 0.
    1.41421354e+00 2.23606801e+00 1. 2.23606801e+00 1. 1. 2.23606801e+00
    1. 1. 2.23606801e+00 1. 1. 2.23606801e+00 1.41421354e+00
    1.41421354e+00 1.41421354e+00 2. 2. 1. 0. 1. 0. 1. 0. 1. 1. 1.
    1.41421354e+00 1. 1. 1. 1. 0. 0. 1. 0. 1.41421354e+00 2. 2. 1. 2.
    2.23606801e+00 1.41421354e+00 0. 0. 1.41421354e+00 1. 0. 1. 1. 0. 1.
    1. 1.41421354e+00 2.23606801e+00 0. 2.23606801e+00 3.16227770e+00
    3.16227770e+00 2.23606801e+00 0. 1. 2.23606801e+00 1.41421354e+00 2.
    2. 1. 1.41421354e+00 2.82842708e+00 1. 2. 1. 1.41421354e+00
    2.23606801e+00 0. 1. 1. 1. 1. 1. 1. 2. 0. 0. 0. 0. 1. 1.41421354e+00
    1. 1.41421354e+00 1. 1. 0. 1.41421354e+00 2.23606801e+00 2. 2. 0. 0.
    0. 1. 1. 1. 1. 1. 1.41421354e+00 0. 0. 2.23606801e+00 1.
    1.41421354e+00 0. 0. 1. 1. 1.41421354e+00 2. 1. 1.41421354e+00 0.
    1.41421354e+00 1. 0. 1. 0. 1.41421354e+00 0. 1. 1. 2. 2.23606801e+00
    1. 1. 0. 0. 1.41421354e+00 1. 1. 1. 1. 1.41421354e+00 1.41421354e+00
    1.41421354e+00 2.23606801e+00 1. 1. 1. 2.23606801e+00 1.
    2.23606801e+00 2.23606801e+00 1. 2.82842708e+00 1. 1.41421354e+00 1.
    2.23606801e+00 1. 1. 1.41421354e+00 1. 1. 1. 1. 1. 0. 1. 2. 0. 1. 0.
    1.41421354e+00 1. 0. 0. 1.41421354e+00 1. 1. 2. 1.41421354e+00
    1.41421354e+00 2. 1.41421354e+00 3.16227770e+00 3. 2. 1.41421354e+00
    1. 2.23606801e+00 2.23606801e+00 2.23606801e+00 2. 2.23606801e+00 1.
    1.41421354e+00 1.41421354e+00 1. 1. 1. 0. 0. 1.41421354e+00 1. 1. 0.
    1.41421354e+00 1. 1. 1. 1. 1.41421354e+00 1.41421354e+00 0. 2. 1. 0.
    1. 1. 1. 1. 1. 1.41421354e+00 1.41421354e+00 1. 0. 1. 1. 0. 1.
    1.41421354e+00 1. 0. 1. 0. 1.41421354e+00 1.41421354e+00 1. 1. 2. 0.
    1.41421354e+00 1. 1.41421354e+00 1. 0. 1.41421354e+00 1. 0. 1. 0. 1.
    0. 0. 0. 1.41421354e+00 1. 2.23606801e+00 1. 2.23606801e+00
    1.41421354e+00 1.41421354e+00 1. 1. 2. 2.23606801e+00 2.23606801e+00
    1. 1. 1. 0. 1.41421354e+00 1. 1. 0. 1. 1. 1. 2. 1. 1. 0. 2. 1. 0. 1.
    0. 0. 0. 0. 0. 1. 1.41421354e+00 1. 1. 2. 4.47213602e+00 3.
    3.60555124e+00 1.41421354e+00 1. 1. 1. 0. 1. 1. 1. 1. 0. 2.
    1.41421354e+00 1. 1. 0. 1. 2. 1.41421354e+00 1.41421354e+00 0. 1.
    2.23606801e+00 2.23606801e+00 2.23606801e+00 1.41421354e+00
    1.41421354e+00 2.23606801e+00 1.41421354e+00 1. 1. 0. 1. 1. 1. 1. 0.
    1. 1. 1. 1. 1. 1. 1.41421354e+00 0. 0. 1. 1. 1. 1. 0. 1.
    2.23606801e+00 1. 1. 1. 0. 0. 0. 0. 1. 1.41421354e+00 1.
    1.41421354e+00 2.23606801e+00 0. 2. 1. 2.23606801e+00 0.
    1.41421354e+00 0. 0. 1.41421354e+00 1.41421354e+00 1. 1.
    1.41421354e+00 2.23606801e+00 1. 1. 2. 1.41421354e+00 1.41421354e+00
    1. 1. 2.23606801e+00 1. 3. 1.41421354e+00 1.41421354e+00 0. 0. 1.
    1.41421354e+00 1. 1.41421354e+00 0. 1.41421354e+00 1. 1. 1.
    1.41421354e+00 2.23606801e+00 2. 3. 1. 1.41421354e+00 1. 3.
    1.41421354e+00 2. 3. 1. 0. 2.23606801e+00 2.23606801e+00 0.
    1.41421354e+00 1.41421354e+00 1. 1. 0. 0. 1. 1.41421354e+00
    1.41421354e+00 2. 1. 1. 1.41421354e+00 1. 0. 0. 1.41421354e+00 1.
    1.41421354e+00 2. 1. 1.41421354e+00 1. 3. 1.41421354e+00
    2.82842708e+00 1. 2. 2.23606801e+00 1. 1. 1.41421354e+00 1.
    1.41421354e+00 2.23606801e+00 1. 1. 1. 1. 1. 1. 1. 1. 1.41421354e+00
    1.41421354e+00 1. 1.41421354e+00 1.41421354e+00 1. 0. 0. 1. 0. 1.
    1.41421354e+00 1.41421354e+00 1. 0. 1. 0. 0. 0. 1. 1. 0. 1. 1. 1. 1.
    1. 0. 1.41421354e+00 1.41421354e+00 1.41421354e+00 1. 1. 0. 1. 0. 1.
    1.41421354e+00 1.41421354e+00 1.41421354e+00 1. 1. 1. 1.41421354e+00
    1. 0. 0. 1. 1. 1.41421354e+00 0. 0. 0. 1. 1.41421354e+00 1.
    2.23606801e+00 1. 0. 0. 1.41421354e+00 1.41421354e+00 2.23606801e+00
    1.41421354e+00 1.41421354e+00 1. 1.41421354e+00 1. 2.23606801e+00 0.
    1.41421354e+00 2. 1.41421354e+00 1.41421354e+00 1.41421354e+00 2. 0.
    1.41421354e+00 1. 1.41421354e+00 1. 1. 1. 1. 0. 0. 0. 0. 0.
    1.41421354e+00 1.41421354e+00 1.41421354e+00 3.16227770e+00 4. 0.
    4.12310553e+00 2. 0. 0. 1. 1.41421354e+00 1.41421354e+00 1. 1.
    1.41421354e+00 2. 1. 1. 2. 2. 2. 2.23606801e+00 1.41421354e+00 0. 1.
    2.23606801e+00 2. 1. 1.41421354e+00 1.41421354e+00 0. 1. 2.
    1.41421354e+00 0. 1. 0. 1.41421354e+00 1. 1. 1. 0. 1. 1.41421354e+00
    1. 1.41421354e+00 2. 1.41421354e+00 1.41421354e+00 1.41421354e+00 0.
    0. 1. 1. 1. 1. 1. 1.41421354e+00 2.23606801e+00 2.23606801e+00 2. 0.
    0. 0. 0. 0. 0. 1. 1.41421354e+00 0. 2.23606801e+00 1.41421354e+00 0.
    1.41421354e+00 2.23606801e+00 0. 1.41421354e+00 0. 1. 1. 0. 0.
    1.41421354e+00 1. 1. 1. 1. 0. 1.41421354e+00 1. 1.41421354e+00
    2.23606801e+00 1. 2.23606801e+00 1.41421354e+00 0. 0. 1. 1.
    1.41421354e+00 1. 1. 1. 1. 1.41421354e+00 1. 1.41421354e+00
    1.41421354e+00 1. 1. 1. 0. 1. 2. 1.41421354e+00 2. 2.23606801e+00
    1.41421354e+00 2.23606801e+00 1. 1.41421354e+00 2.23606801e+00
    1.41421354e+00 0. 2. 2. 1.41421354e+00 1. 1. 1.41421354e+00
    2.23606801e+00 1. 1. 1. 1. 2. 1. 1.41421354e+00 1. 1.41421354e+00
    1.41421354e+00 1.41421354e+00 0. 2. 1. 1.41421354e+00 2.
    2.23606801e+00 1.41421354e+00 2.23606801e+00 1.41421354e+00
    1.41421354e+00 2.23606801e+00 2. 0. 0. 0. 1. 1. 1.41421354e+00 1. 1.
    1. 1.41421354e+00 1.41421354e+00 1. 1.41421354e+00 0. 2. 1.
    1.41421354e+00 0. 1. 1. 1.41421354e+00 0. 1. 1.41421354e+00
    1.41421354e+00 1. 1. 1. 1. 0. 0. 0. 0. 0. 0. 2. 2. 0. 1. 1.
    2.23606801e+00 1. 2.23606801e+00 2. 2. 1.41421354e+00 2. 1. 1.
    1.41421354e+00 2.23606801e+00 1. 1. 0. 0. 1. 2. 1. 1. 1.
    1.41421354e+00 1.41421354e+00 1. 0. 0. 1. 0. 2.23606801e+00 1. 0. 1.
    1.41421354e+00 2. 1.41421354e+00 1. 1. 1. 1. 0. 1. 1. 2. 1. 0. 2. 1.
    1.41421354e+00 1. 1. 2.23606801e+00 1. 1. 1.41421354e+00 1.
    1.41421354e+00 1.41421354e+00 1.41421354e+00 1. 1. 1. 1. 0. 1. 1. 1.
    3.60555124e+00 3.16227770e+00 3.16227770e+00 2.23606801e+00 0. 1.
    1.41421354e+00 1. 1. 1. 1. 1.41421354e+00 2. 1. 2. 1. 0. 0. 1.
    2.23606801e+00 0. 2.23606801e+00 3.60555124e+00 1. 2.23606801e+00 2.
    1.41421354e+00 1. 1.41421354e+00 1.41421354e+00 1.41421354e+00
    1.41421354e+00 1. 0. 1. 1. 1.41421354e+00 1. 1.41421354e+00
    1.41421354e+00 1. 0. 1. 1.41421354e+00 1.41421354e+00 1. 1. 1. 0. 1.
    1.41421354e+00 1. 1. 0. 1. 2. 3. 3. 0. 0. 0. 1. 1. 1. 1. 2.
    3.16227770e+00 1.41421354e+00 1. 1. 1. 1. 2.23606801e+00 1. 1. 1.
    1.41421354e+00 0. 1. 1.41421354e+00 0. 0. 0. 1.41421354e+00 1. 0. 1.
    1. 1. 2. 1. 1. 0. 1.41421354e+00 1. 1.41421354e+00 1. 1. 1. 0. 0. 1.
    2. 1. 0. 0. 1. 1. 1.41421354e+00 1. 1.41421354e+00 1.41421354e+00 1.
    1.41421354e+00 1.41421354e+00 2.23606801e+00 1.41421354e+00
    1.41421354e+00 0. 1.41421354e+00 2. 1. 1.41421354e+00 2. 1. 1. 2. 0.
    2.23606801e+00 1. 1. 1.41421354e+00 1. 1.41421354e+00 1.41421354e+00
    2. 1. 1.41421354e+00 0. 1. 1.41421354e+00 1. 1. 1. 2. 2.23606801e+00
    1.41421354e+00 0. 0. 1. 1.41421354e+00 1. 0. 1.41421354e+00
    1.41421354e+00 0. 1. 2. 0. 0. 1. 1. 1. 1. 1. 0. 0. 0. 0.
    1.41421354e+00 1. 1.41421354e+00 1.41421354e+00 0. 1. 1. 0.
    1.41421354e+00 0. 1.41421354e+00 1. 0. 1. 1. 1. 1.41421354e+00 1.
    1.41421354e+00 1. 1. 2.23606801e+00 1. 1. 0. 1. 1. 0. 2. 2.
    1.41421354e+00 1. 1. 2.23606801e+00 1. 1. 1. 1. 2. 1. 1. 0.
    1.41421354e+00 1. 1. 0. 1. 1. 2. 0. 1.41421354e+00 1.41421354e+00
    1.41421354e+00 2. 1.41421354e+00 1. 1.41421354e+00 1.41421354e+00 0.
    1.41421354e+00 0. 1. 1. 1. 1. 1. 0. 1. 0. 1. 2. 0. 2. 1.41421354e+00
    1. 1. 1. 0. 1. 1. 1. 1. 1. 1. 0. 0. 0. 1.41421354e+00 3.16227770e+00
    1. 1.41421354e+00 1. 1.41421354e+00 1.41421354e+00 1.41421354e+00
    1.41421354e+00 1. 2. 2. 0. 1. 1. 2. 1. 1. 2. 1.41421354e+00 0. 4. 2.
    2.23606801e+00 2.23606801e+00 1.41421354e+00 1. 1. 1.41421354e+00 0.
    1. 1. 1.41421354e+00 1.41421354e+00 1. 0. 1. 1. 0. 1. 0. 0. 1. 1. 2.
    1. 1.41421354e+00 0. 1. 1. 1. 1.41421354e+00 1. 1. 1. 1. 1. 1. 1. 0.
    1. 1.41421354e+00 1. 1. 1.41421354e+00 2.23606801e+00 1.41421354e+00
    1.41421354e+00 1. 1. 2. 1.41421354e+00 1. 1. 1. 0. 1.41421354e+00
    1.41421354e+00 1. 1. 1. 1. 1. 1. 1.41421354e+00 1. 1. 1. 1. 1.
    1.41421354e+00 1.41421354e+00 2. 1.41421354e+00 1. 1. 1. 0. 0. 1. 1.
    1. 0. 1. 0. 0. 0. 1. 1.41421354e+00 0. 1. 1. 0. 1. 1.41421354e+00
    1.41421354e+00 1.41421354e+00 0. 1. 1.41421354e+00 1.41421354e+00
    2.23606801e+00 2. 2.23606801e+00 1. 1. 1. 2. 1. 0. 1. 1.41421354e+00
    1. 2.23606801e+00 1. 1. 1. 0. 0. 1.41421354e+00 1. 0. 1.41421354e+00
    1.41421354e+00 1. 1. 0. 0. 0. 0. 1. 1. 1. 1. 0. 1. 1. 1. 1. 0.
    1.41421354e+00 1.41421354e+00 1. 1.41421354e+00 0. 1. 1. 1.
    1.41421354e+00 1.41421354e+00 0. 0. 1.41421354e+00 1.41421354e+00 1.
    0. 1.41421354e+00 1.41421354e+00 0. 1. 2.23606801e+00 2.23606801e+00
    1. 1. 1. 1.41421354e+00 2.23606801e+00 0. 2.23606801e+00 1. 1.
    2.23606801e+00 2. 2.23606801e+00 1. 1.41421354e+00 1. 1. 3. 1. 1.
    1.41421354e+00 0. 2. 1. 1.41421354e+00 1. 1. 1. 0. 1. 1. 1. 0. 1. 1.
    0. 1. 1.41421354e+00 2.23606801e+00 2. 2. 3. 0. 1.41421354e+00 0. 1.
    1. 1.41421354e+00 1. 1. 2. 1. 0. 0. 0. 0. 1. 1.41421354e+00
    1.41421354e+00 2.23606801e+00 1.41421354e+00 1. 0. 2. 1. 0. 0. 1. 1.
    1.41421354e+00 1.41421354e+00 0. 0. 1. 0. 0. 1.41421354e+00
    1.41421354e+00 1.41421354e+00 2.23606801e+00 1. 2.23606801e+00 1. 0.
    1. 1. 1.41421354e+00 1. 1. 1.41421354e+00 1. 1.41421354e+00 1.
    1.41421354e+00 0. 1.41421354e+00 2. 3.16227770e+00 2.23606801e+00
    2.82842708e+00 1. 1. 0. 1. 1. 1. 0. 0. 1.41421354e+00 1. 1. 1. 1.
    2.23606801e+00 1.41421354e+00 1. 1.41421354e+00 1.41421354e+00 1. 0.
    1. 1. 0. 0. 1. 1. 1. 1. 1.41421354e+00 1.41421354e+00 2.23606801e+00
    3.16227770e+00 4. 0. 1. 1. 1.41421354e+00 1. 1. 1.41421354e+00 1.
    2.82842708e+00 2. 2.23606801e+00 2. 2.23606801e+00 1. 0. 1. 1. 0. 0.
    1.41421354e+00 0. 0. 1.41421354e+00 1.41421354e+00 2. 1. 2. 0. 1.
    1.41421354e+00 1.41421354e+00 1. 0. 1. 2.23606801e+00 1.
    2.23606801e+00 2. 1. 1. 1. 1. 1. 1. 1. 0. 1. 0. 0. 1. 1.41421354e+00
    1. 1.41421354e+00 1. 0. 0. 2. 2. 0. 1. 1. 1. 1.41421354e+00 1. 3. 1.
    0. 1. 0. 1.41421354e+00 2. 1.41421354e+00 1. 2. 2. 1.41421354e+00
    2.23606801e+00 1. 1. 0. 1. 1. 1. 1.41421354e+00 1.41421354e+00 0. 0.
    0. 0. 0. 0. 0. 1. 1.41421354e+00 0. 1.41421354e+00 1. 0. 2. 3. 1. 1.
    1. 1. 2.23606801e+00 1.41421354e+00 1. 1. 1. 0. 2.23606801e+00 1. 0.
    1. 1. 1. 1.41421354e+00 0. 1. 1. 1. 1. 0. 2. 2.23606801e+00
    1.41421354e+00 1. 1. 2. 1. 1.41421354e+00 1.41421354e+00
    1.41421354e+00 1.41421354e+00 1. 1.41421354e+00 2.23606801e+00 1. 2.
    2. 1. 2.23606801e+00 1. 0. 1. 1. 2.23606801e+00 0. 2. 1.41421354e+00
    0. 1.41421354e+00 1.41421354e+00 1.41421354e+00 1. 0. 0. 1. 1.
    1.41421354e+00 1.41421354e+00 0. 2. 2.23606801e+00 2. 0.
    1.41421354e+00 0. 1.41421354e+00 1. 1. 2.23606801e+00 1.41421354e+00
    1.41421354e+00 1. 0. 0. 1. 1. 1.41421354e+00 1. 1.41421354e+00 1. 0.
    0. 2. 1.41421354e+00 1.41421354e+00 1. 1.41421354e+00 1.41421354e+00
    1. 1. 1. 0. 1.41421354e+00 1. 1. 0. 1. 0. 1.41421354e+00
    1.41421354e+00 1. 1. 1. 1. 0. 1.41421354e+00 1. 1. 1. 1.
    2.82842708e+00 1. 2. 1. 1.41421354e+00 1. 0. 1. 1.41421354e+00
    1.41421354e+00 1. 1. 1.41421354e+00 0. 2. 0. 1. 0. 1. 2. 0. 0. 1. 1.
    2.23606801e+00 2. 2. 1. 1. 0. 1. 1. 1.41421354e+00 0. 0. 0. 0.
    1.41421354e+00 1.41421354e+00 1. 2.23606801e+00 2.82842708e+00 3. 1.
    1. 1. 1. 2. 2. 1.41421354e+00 2. 2.23606801e+00 0. 2.23606801e+00 2.
    1. 0. 1. 1. 1. 1.41421354e+00 0. 1. 1. 0. 1.41421354e+00
    1.41421354e+00 1. 2. 1. 1. 1. 1. 1. 0. 0. 0. 1.41421354e+00 3.
    1.41421354e+00 1. 1. 1.41421354e+00 1.41421354e+00 2. 2. 1. 1.
    1.41421354e+00 1. 1. 0. 0. 1. 1. 2. 0. 0. 1. 1. 1. 1. 1. 1. 1. 0.
    1.41421354e+00 1. 1. 0. 1. 1. 2.23606801e+00 0. 2. 2. 1.41421354e+00
    1.41421354e+00 1. 0. 0. 1. 1. 0. 2. 2. 1. 1. 1. 0. 0. 0. 0. 1. 0. 0.
    1.41421354e+00 1. 1.41421354e+00 1. 1.41421354e+00 2.23606801e+00 1.
    2.82842708e+00 1.41421354e+00 1. 1. 1.41421354e+00 1. 1. 0. 2. 2. 2.
    1.41421354e+00 2. 1.41421354e+00 2.23606801e+00 2.23606801e+00
    1.41421354e+00 1. 2. 1. 1.41421354e+00 1.41421354e+00 2.23606801e+00
    1.41421354e+00 0. 1. 1.41421354e+00 1. 2.23606801e+00 1.41421354e+00
    1.41421354e+00 1. 1.41421354e+00 1.41421354e+00 0. 1. 0. 1. 2.
    2.82842708e+00 1.41421354e+00 1. 1.41421354e+00 1.41421354e+00 1.
    1.41421354e+00 1. 2.23606801e+00 0. 1.41421354e+00 2. 1.41421354e+00
    0. 1.41421354e+00 1.41421354e+00 0. 0. 1. 0. 1. 1. 1.41421354e+00 2.
    1. 1. 1. 1.41421354e+00 0. 1. 1. 2.23606801e+00 2. 1. 1.41421354e+00
    1. 0. 1.41421354e+00 1. 2. 0. 1.41421354e+00 1. 1. 0. 1.41421354e+00
    1.41421354e+00 1.41421354e+00 1.41421354e+00 1. 1. 0. 0.
    1.41421354e+00 0. 2. 1.41421354e+00 1. 1. 1. 1.41421354e+00
    1.41421354e+00 2. 1. 1.41421354e+00 1. 1.41421354e+00 1. 1. 0. 1. 0.
    0. 1.41421354e+00 1.41421354e+00 1.41421354e+00 1.41421354e+00 0. 0.
    0. 0. 1. 1.41421354e+00 1.41421354e+00 1.41421354e+00 2. 1.
    1.41421354e+00 1. 1. 1. 1. 1. 1. 1.41421354e+00 1. 1. 1.41421354e+00
    0. 0. 0. 0. 1.41421354e+00 1.41421354e+00 1.41421354e+00
    1.41421354e+00 1. 1. 1. 0. 0. 0. 1.41421354e+00 2.23606801e+00
    2.23606801e+00 2.23606801e+00 0. 1. 1.41421354e+00 1.41421354e+00 1.
    1.41421354e+00 1.41421354e+00 1. 0. 1. 2.23606801e+00 0. 1. 0.
    1.41421354e+00 1. 2.23606801e+00 1.41421354e+00 1. 1. 0. 1. 0. 1. 1.
    1. 1.41421354e+00 1.41421354e+00 1.41421354e+00 0. 1. 1.41421354e+00
    1.41421354e+00 1. 1. 1. 1. 1.41421354e+00 0. 1. 1. 3. 2. 2. 2.
    2.82842708e+00 2. 1.41421354e+00 1. 0. 1. 0. 1. 0. 1. 0. 0. 0. 0. 1.
    0. 1. 1. 1.41421354e+00 1.41421354e+00 1. 1.41421354e+00 0. 0.
    1.41421354e+00 2. 2.23606801e+00 1. 2.23606801e+00 1.41421354e+00
    1.41421354e+00 2. 1.41421354e+00 1. 2. 0. 1. 1. 1.41421354e+00 2. 1.
    1.41421354e+00 1. 0. 1. 1.41421354e+00 1. 1.41421354e+00 0. 1. 1.
    1.41421354e+00 1. 1.41421354e+00 0. 1.41421354e+00 1. 2.23606801e+00
    1.41421354e+00 1. 1. 2. 1. 1. 1. 2.23606801e+00 2.82842708e+00 1. 2.
    2. 1.41421354e+00 2.23606801e+00 1.41421354e+00 1. 0. 1.41421354e+00
    0. 1. 1. 1. 0. 0. 1. 1.41421354e+00 1. 2.23606801e+00 2. 1.
    2.23606801e+00 0. 2. 1.41421354e+00 1. 2.23606801e+00 2.82842708e+00
    1. 2.23606801e+00 1.41421354e+00 1. 1. 2. 1. 2.23606801e+00 1.
    1.41421354e+00 1. 2.23606801e+00 1.41421354e+00 1.41421354e+00
    2.23606801e+00 0. 1. 1. 1. 1. 0. 1. 1. 0. 1. 1. 1. 1. 1. 1. 2. 2. 1.
    1. 1. 1. 1.41421354e+00 1.41421354e+00 1.41421354e+00 2. 0. 2.
    1.41421354e+00 1.41421354e+00 0. 1. 1. 1.41421354e+00 1. 0. 0. 0. 1.
    0. 1.41421354e+00 1. 1.41421354e+00 1.41421354e+00 1.41421354e+00 1.
    1.41421354e+00 1. 1.41421354e+00 1. 0. 1.41421354e+00 2.23606801e+00
    1. 1. 0. 0. 1. 1. 1. 0. 2.23606801e+00 1. 1.41421354e+00
    1.41421354e+00 0. 1. 1.41421354e+00 1.41421354e+00 2.23606801e+00 1.
    1. 1. 2. 1. 2. 1. 1. 1. 2.23606801e+00 1. 1. 1. 2. 2. 2. 2.
    2.23606801e+00 1.41421354e+00 1. 1.41421354e+00 1.41421354e+00 2. 1.
    1. 1.41421354e+00 0. 1. 0. 2. 3. 2.23606801e+00 3. 0. 1. 1. 0. 0. 1.
    2.23606801e+00 1. 1. 1. 1.41421354e+00 0. 1. 1. 1. 1.41421354e+00
    1.41421354e+00 1. 1. 1. 1. 0. 0. 0. 1.41421354e+00 1.41421354e+00 0.
    1. 1. 0. 0. 2. 1. 1.41421354e+00 1.41421354e+00 2.23606801e+00 1. 2.
    1. 1.41421354e+00 2. 2.23606801e+00 1. 1. 2.23606801e+00
    3.60555124e+00 2. 0. 1. 1. 1.41421354e+00 1. 1. 0. 0. 1.
    1.41421354e+00 1.41421354e+00 1.41421354e+00 1. 1. 1.41421354e+00 1.
    1. 1. 1. 1.41421354e+00 0. 2.23606801e+00 1.41421354e+00
    2.23606801e+00 1. 1.41421354e+00 1.41421354e+00 1. 1. 1.41421354e+00
    1. 0. 1. 1. 2.23606801e+00 1. 1. 1. 0. 1.41421354e+00 1. 1. 2. 0.
    1.41421354e+00 1. 0. 1. 0. 1. 1. 0. 1. 1. 1.41421354e+00 0. 1. 2. 2.
    2.23606801e+00 2. 1. 1.41421354e+00 2.23606801e+00 2.23606801e+00
    1.41421354e+00 2. 1. 1. 1. 1. 2.23606801e+00 1. 1. 1. 1.41421354e+00
    0. 1. 1.41421354e+00 2. 2.23606801e+00 1.41421354e+00 1.
    1.41421354e+00 2. 1.41421354e+00 2. 1.41421354e+00 1. 0. 1.
    1.41421354e+00 1.41421354e+00 0. 1. 1. 1. 0. 1. 1. 1. 1.41421354e+00
    1. 1.41421354e+00 1.41421354e+00 2. 0. 1. 0. 1. 1. 1. 0. 1. 0. 1. 0.
    1. 1. 1. 1. 1. 1. 1. 1. 0. 1. 1. 0. 1.41421354e+00 1.41421354e+00 1.
    1. 2. 1.41421354e+00 1.41421354e+00 1. 1. 1. 1. 0. 0. 0. 0. 0. 1. 0.
    0. 1. 2.23606801e+00 1. 1.41421354e+00 1. 1. 1.41421354e+00 1. 1.
    2.23606801e+00 0. 2. 1. 0. 1.41421354e+00 1.41421354e+00 1.
    2.23606801e+00 0. 1.41421354e+00 2.23606801e+00 1.41421354e+00 1. 1.
    1. 1.41421354e+00 1. 1. 1. 0. 1. 1. 0. 2. 1. 1. 1. 2. 3.16227770e+00
    1. 1. 1. 1. 1. 2. 1.41421354e+00 2.23606801e+00 1. 1. 2. 0. 2. 1.
    1.41421354e+00 0. 0. 2. 2.82842708e+00 1. 2.23606801e+00 1. 1. 1. 1.
    1.41421354e+00 1.41421354e+00 0. 1.41421354e+00 2.23606801e+00 1.
    1.41421354e+00 0. 0. 0. 1. 2.23606801e+00 2. 1.41421354e+00
    1.41421354e+00 1.41421354e+00 1. 1.41421354e+00 2.23606801e+00 1. 1.
    1. 2.82842708e+00 1. 1.41421354e+00 0. 1. 1. 0. 1.41421354e+00 0. 1.
    1. 1. 1.41421354e+00 2.23606801e+00 2.82842708e+00 2.23606801e+00
    1.41421354e+00 2.23606801e+00 2. 1. 2.23606801e+00 2.23606801e+00 1.
    1. 1.41421354e+00 0. 1.41421354e+00 1. 0. 0. 1. 1.41421354e+00 0.
    1.41421354e+00 1. 1. 1.41421354e+00 1. 1.41421354e+00 2.
    2.23606801e+00 0. 2. 2.23606801e+00 1. 2.23606801e+00 1. 1.
    1.41421354e+00 1. 1. 1. 1.41421354e+00 1. 1. 1.41421354e+00
    1.41421354e+00 1.41421354e+00 1. 1.41421354e+00 0. 1. 1. 2.
    1.41421354e+00 2.23606801e+00 1.41421354e+00 1. 1. 1. 1. 1. 1. 0. 0.
    2.23606801e+00 2.23606801e+00 2.23606801e+00 2.23606801e+00
    1.41421354e+00 0. 2.23606801e+00 3. 1.41421354e+00 1.41421354e+00
    1.41421354e+00 1. 1. 1. 1. 1. 2. 1.41421354e+00 2.23606801e+00
    1.41421354e+00 2. 1.41421354e+00 2.23606801e+00 1. 1. 2.23606801e+00
    1. 2.23606801e+00 2.23606801e+00 1.41421354e+00 1. 1.41421354e+00 1.
    1. 2. 0. 1. 1.41421354e+00 1. 1. 0. 1. 0. 0. 0. 1. 1.41421354e+00 1.
    1. 1.41421354e+00 1.41421354e+00 0. 0. 1. 0. 1. 1. 0. 1.
    1.41421354e+00 0. 1. 0. 0. 1. 1.41421354e+00 1. 1.41421354e+00 0. 1.
    1. 0. 1. 0. 1. 1. 1. 0. 0. 1. 0. 1. 1. 0. 0. 0. 0. 1. 0. 1. 1. 0. 0.
    0. 0. 1. 1. 0. 1. 2. 0. 1.41421354e+00 1. 1. 1.41421354e+00 2.
    1.41421354e+00 1. 1. 1.41421354e+00 1.41421354e+00 2.82842708e+00
    2.23606801e+00 0. 1. 1.41421354e+00 1.41421354e+00 1. 1. 1. 1. 1. 1.
    0. 0. 0. 1. 1. 1.41421354e+00 2. 1. 2. 2. 2.23606801e+00 2. 0.
    1.41421354e+00 1.41421354e+00 1. 0. 2.23606801e+00 2.23606801e+00 1.
    1. 1. 2. 1.41421354e+00 1. 1.41421354e+00 1.41421354e+00 1. 2. 1.
    1.41421354e+00 1. 1. 0. 0. 0. 0. 1.41421354e+00 1.41421354e+00
    1.41421354e+00 1. 0. 1. 0. 0. 0. 1. 1.41421354e+00 4. 3. 1. 1. 1. 1.
    1. 2.23606801e+00 2. 1. 1.41421354e+00 2.23606801e+00 1.
    1.41421354e+00 0. 1.41421354e+00 2.23606801e+00 1. 1. 0. 0. 0. 1. 2.
    2.23606801e+00 3.16227770e+00 3.16227770e+00 3.16227770e+00
    3.16227770e+00 2.82842708e+00 2. 2.23606801e+00 1.41421354e+00 1. 1.
    1.41421354e+00 1. 1. 0. 0. 0. 1.41421354e+00 1. 1. 1. 0.
    1.41421354e+00 1. 2. 1. 1.41421354e+00 1.41421354e+00 1. 1.
    1.41421354e+00 1.41421354e+00 0. 0. 1. 1. 1. 1.41421354e+00 0. 1.
    1.41421354e+00 1. 1.41421354e+00 1. 1. 1. 1.41421354e+00
    2.23606801e+00 1. 1. 2.23606801e+00 1. 2.23606801e+00 1.41421354e+00
    1.41421354e+00 1. 1.41421354e+00 2. 1. 1. 1.41421354e+00
    2.82842708e+00 1.41421354e+00 1.41421354e+00 2.23606801e+00
    3.16227770e+00 2. 2.23606801e+00 1. 2. 2.23606801e+00 1. 1. 0.
    1.41421354e+00 1.41421354e+00 1.41421354e+00 2. 1. 1. 2.23606801e+00
    1. 2.23606801e+00 0. 2.23606801e+00 0. 2.23606801e+00 2.
    2.23606801e+00 1. 1.41421354e+00 1.41421354e+00 1. 1. 1. 1. 1. 1.
    1.41421354e+00 1. 1. 2. 1. 1.41421354e+00 0. 1. 1. 1. 0. 0. 1. 1. 1.
    2. 1. 1. 1.41421354e+00 1. 0. 1. 1.41421354e+00 1.41421354e+00 1. 0.
    1. 0. 1.41421354e+00 1.41421354e+00 1. 1. 0. 0. 1. 0. 1. 0. 0. 0. 0.
    0. 0. 0. 0. 0. 0. 0. 0. 1. 0. 2. 1.41421354e+00 1.41421354e+00
    1.41421354e+00 1. 1. 1. 0. 1.41421354e+00 1.41421354e+00 1. 1. 2.
    1.41421354e+00 0. 1. 1. 1. 0. 1. 1. 0. 2.23606801e+00 2.23606801e+00
    1. 1. 1. 1. 1. 1. 1.41421354e+00 1.41421354e+00 1.41421354e+00 1. 2.
    1. 0. 0. 0. 1.41421354e+00 1. 0. 1. 2.23606801e+00 2.23606801e+00
    2.23606801e+00 1. 0. 0. 1.41421354e+00 1. 1.41421354e+00
    2.23606801e+00 1.41421354e+00 1. 1.41421354e+00 0. 1. 1.
    1.41421354e+00 2.23606801e+00 1. 1.41421354e+00 1. 2.23606801e+00 0.
    1. 2. 0. 0. 1. 0. 1. 2. 3. 1.41421354e+00 1.41421354e+00
    2.23606801e+00 1.41421354e+00 1. 0. 1. 3.16227770e+00 2.82842708e+00
    2.23606801e+00 3. 1.41421354e+00 1.41421354e+00 1. 2. 1.41421354e+00
    2.23606801e+00 1. 0. 0. 0. 1. 2.23606801e+00 1. 0. 1. 1. 0. 0. 0.
    1.41421354e+00 1. 1.41421354e+00 0. 1.41421354e+00 1. 1.
    1.41421354e+00 2. 1.41421354e+00 1. 1. 1. 0. 0. 1. 1. 1. 1.
    1.41421354e+00 1. 1.41421354e+00 1. 0. 0. 0. 0. 1.41421354e+00 1. 1.
    1. 1. 1. 1. 0. 1. 1. 1. 0. 1. 2. 1.41421354e+00 1. 1.41421354e+00
    1.41421354e+00 0. 1. 0. 2.23606801e+00 1. 2. 1. 1.41421354e+00
    2.23606801e+00 1.41421354e+00 1. 0. 0. 1.41421354e+00 2. 1.
    1.41421354e+00 1.41421354e+00 1. 1. 1. 1. 1.41421354e+00
    1.41421354e+00 1.41421354e+00 2.23606801e+00 1. 0. 1.41421354e+00 1.
    1. 0. 1.41421354e+00 1. 1. 1.41421354e+00 1. 1. 1. 2.23606801e+00
    2.23606801e+00 1.41421354e+00 1. 2. 3. 2. 0. 1. 2. 1. 1. 1. 1. 1. 0.
    1.41421354e+00 2. 0. 2. 1. 2.23606801e+00 1. 1. 1.41421354e+00
    1.41421354e+00 0. 0. 0. 1. 1.41421354e+00 0. 1. 2. 1. 1.41421354e+00
    2. 1.41421354e+00 1.41421354e+00 2. 1. 2. 0. 1. 0. 1. 1. 0. 1. 1. 0.
    1. 0. 0. 0. 0. 0. 1. 1. 0. 0. 0. 0. 0. 0. 0. 1. 1. 1. 0. 2. 2. 1. 1.
    1.41421354e+00 1. 1. 2. 2. 2.23606801e+00 1. 1. 1. 1.41421354e+00 1.
    1. 1. 2. 1. 2. 2. 1. 2. 1. 1. 1. 1.41421354e+00 1.41421354e+00 0. 0.
    1.41421354e+00 2. 2.23606801e+00 1. 0. 0. 1. 3. 3. 3.16227770e+00 2.
    1.41421354e+00 1. 0. 0. 1. 1. 1. 1.41421354e+00 2. 1. 1.41421354e+00
    2. 0. 1.41421354e+00 1. 1.41421354e+00 1.41421354e+00 1.41421354e+00
    1.41421354e+00 1.41421354e+00 1.41421354e+00 1. 1.41421354e+00 2. 0.
    1. 0. 2. 1.41421354e+00 1.41421354e+00 1. 1.41421354e+00
    1.41421354e+00 0. 2.23606801e+00 2.23606801e+00 1.41421354e+00 2. 3.
    1. 2.82842708e+00 2. 1.41421354e+00 1.41421354e+00 1. 1.41421354e+00
    2.23606801e+00 1.41421354e+00 0. 1.41421354e+00 1.41421354e+00 2. 3.
    1. 1. 1.41421354e+00 0. 1. 0. 0. 1. 1. 2.23606801e+00 2.23606801e+00
    1. 1. 1. 1. 0. 0. 0. 1. 1. 0. 1.41421354e+00 1.41421354e+00 1. 0. 0.
    0. 0. 1.41421354e+00 1.41421354e+00 0. 0. 1.41421354e+00 1. 1. 1. 0.
    1. 1.41421354e+00 1. 1. 1. 1. 1. 0. 1. 2. 1.41421354e+00 1.
    1.41421354e+00 1.41421354e+00 1. 0. 0. 1. 1. 2. 1. 2. 1.41421354e+00
    1. 2. 1.41421354e+00 1. 1. 1.41421354e+00 2.23606801e+00 1. 1. 0. 1.
    1. 1. 1.41421354e+00 1.41421354e+00 1.41421354e+00 2. 2.23606801e+00
    0. 2.23606801e+00 1.41421354e+00 1. 0. 0. 0. 1. 0. 0. 1. 1. 1.
    1.41421354e+00 1. 2.23606801e+00 1. 1. 1. 1. 1.41421354e+00 2.
    1.41421354e+00 1.41421354e+00 2. 1. 1. 1. 1. 0. 1. 2. 1.
    2.23606801e+00 2. 1. 3.16227770e+00 0. 1. 1.41421354e+00 1. 0. 0. 1.
    1. 1.41421354e+00 1. 1. 1. 2.23606801e+00 0. 1.41421354e+00 1. 1. 1.
    1. 1. 0. 1. 0. 0. 1. 1.41421354e+00 1.41421354e+00 1. 0. 0. 1. 0. 0.
    1. 1.41421354e+00 1. 1.41421354e+00 1. 0. 0. 0. 0. 0. 1. 1.
    1.41421354e+00 1. 1.41421354e+00 1.41421354e+00 2.23606801e+00 1.
    1.41421354e+00 2. 1. 1.41421354e+00 3.16227770e+00 1. 0. 1.
    1.41421354e+00 1. 1.41421354e+00 2. 1. 0. 1. 1. 1. 1. 1.41421354e+00
    1. 1. 1.41421354e+00 1. 2.23606801e+00 1. 1. 2.23606801e+00 2.
    2.23606801e+00 1. 1. 1. 2.23606801e+00 2.23606801e+00 2. 2. 2. 2. 0.
    1. 1. 0. 2. 2. 1.41421354e+00 2.23606801e+00 1. 1.41421354e+00 0.
    1.41421354e+00 0. 1. 1. 1. 2.23606801e+00 1.41421354e+00 1. 0. 1.
    1.41421354e+00 0. 0. 0. 1. 1. 1. 0. 2. 1.41421354e+00 1.
    2.82842708e+00 1.41421354e+00 1. 2. 0. 2.82842708e+00 3.
    1.41421354e+00 1. 2. 1.41421354e+00 1.41421354e+00 1. 1. 1.
    1.41421354e+00 2.23606801e+00 1.41421354e+00 2.23606801e+00 1.
    2.82842708e+00 1.41421354e+00 1.41421354e+00 0. 1.41421354e+00 0. 0.
    1. 1. 1.41421354e+00 1. 1.41421354e+00 0. 0. 0. 0. 1. 1. 0. 0. 1. 1.
    0. 1.41421354e+00 2.23606801e+00 2. 2. 2. 1. 1. 0. 1. 1.41421354e+00
    1. 2. 2.23606801e+00 2. 1. 0. 1. 1.41421354e+00 1. 0. 1. 1. 2.
    1.41421354e+00 1. 1. 1.41421354e+00 1. 0. 0. 1. 1. 1. 0. 1. 1.
    1.41421354e+00 1. 1. 2. 2. 2. 1.41421354e+00 1. 1.41421354e+00
    1.41421354e+00 1.41421354e+00 2. 1.41421354e+00 0. 1. 1. 1. 1.
    1.41421354e+00 2.23606801e+00 1.41421354e+00 0. 0. 0. 1.41421354e+00
    1.41421354e+00 2.23606801e+00 1.41421354e+00 0. 0. 0. 1. 1. 1. 1. 1.
    0. 1. 1. 1. 2. 1. 1. 2.23606801e+00 0. 1. 1. 1. 1.41421354e+00
    1.41421354e+00 1.41421354e+00 2.23606801e+00 1.41421354e+00 0. 1.
    1.41421354e+00 2.23606801e+00 1. 1.41421354e+00 1. 0. 0. 0. 2. 1. 0.
    0. 1. 1. 1. 0. 0. 0. 2. 0. 1. 1.41421354e+00 1. 1. 0. 1.
    1.41421354e+00 1.41421354e+00 1. 0. 1. 0. 1. 1. 1. 1. 1. 1.
    1.41421354e+00 1. 0. 0. 0. 1. 1. 1. 1. 2.23606801e+00 1.41421354e+00
    2.23606801e+00 2.23606801e+00 1.41421354e+00 2.23606801e+00 1.
    2.23606801e+00 2.23606801e+00 0. 1. 0. 0. 1. 2.23606801e+00 1. 1. 1.
    0. 0. 1.41421354e+00 1.41421354e+00 1.41421354e+00 1.41421354e+00 0.
    1.41421354e+00 1. 1. 1. 1. 0. 2. 3. 2. 1. 1. 1. 2.23606801e+00
    1.41421354e+00 1. 2.23606801e+00 2.82842708e+00 1. 1. 1.
    1.41421354e+00 1. 1. 2. 1. 2.23606801e+00 1. 1. 2.23606801e+00 0. 1.
    0. 1. 1. 1. 1. 1. 1. 1. 0. 0. 0. 0. 0. 1. 1. 1. 1.41421354e+00 1. 0.
    2. 2.23606801e+00 2. 1.41421354e+00 0. 1. 1.41421354e+00 2.
    1.41421354e+00 1. 2.23606801e+00 1. 0. 2. 2. 2.23606801e+00
    2.23606801e+00 1. 1. 1.41421354e+00 0. 1.41421354e+00 1. 0.
    1.41421354e+00 1.41421354e+00 1. 1. 1.41421354e+00 0. 1. 0. 0. 1. 1.
    1.41421354e+00 1. 1.41421354e+00 1. 0. 0. 1.41421354e+00 1.
    2.23606801e+00 1. 1. 0. 1. 2. 1. 1.41421354e+00 1.41421354e+00
    1.41421354e+00 1.41421354e+00 3. 2. 1. 2.23606801e+00 2.23606801e+00
    2. 1. 1. 1. 1. 1. 1.41421354e+00 0. 1.41421354e+00 1.41421354e+00 1.
    1. 1. 1.41421354e+00 1. 1. 1. 0. 1. 1. 1. 2. 1.41421354e+00 1. 1.
    1.41421354e+00 1. 1.41421354e+00 1. 1. 1.41421354e+00 0. 2. 0. 0. 1.
    0. 0. 1. 1. 0. 0. 0. 1.41421354e+00 1.41421354e+00 3.16227770e+00 1.
    2. 1. 1. 2. 1. 2. 2. 2. 1. 1. 1.41421354e+00 1. 1.41421354e+00 2.
    1.41421354e+00 2.23606801e+00 2.23606801e+00 1.41421354e+00
    1.41421354e+00 1.41421354e+00 1.41421354e+00 0. 1. 1.41421354e+00 1.
    1. 0. 0. 0. 1. 2. 2. 0. 1. 1. 1.41421354e+00 1.41421354e+00
    1.41421354e+00 1.41421354e+00 0. 1. 0. 1. 0. 0. 1. 1. 2.
    1.41421354e+00 1. 1. 1.41421354e+00 1. 1. 1. 1. 1. 1. 1. 1. 1. 0. 1.
    1. 0. 2.23606801e+00 1. 1. 0. 0. 1. 1. 0. 2.23606801e+00 2. 0.
    1.41421354e+00 2.23606801e+00 2. 0. 1.41421354e+00 2. 1. 1. 2. 1. 0.
    0. 1. 0. 1.41421354e+00 1. 1. 0. 1.41421354e+00 1. 2.23606801e+00 2.
    1. 1.41421354e+00 2. 2.23606801e+00 1. 1. 0. 1.41421354e+00 1. 0. 1.
    2. 1. 1.41421354e+00 1. 2.23606801e+00 2.23606801e+00 2.23606801e+00
    1. 0. 1. 1. 1.41421354e+00 1. 1. 1.41421354e+00 2. 0. 1. 1. 1. 2. 1.
    0. 1. 0. 0. 0. 1. 0. 1. 0. 0. 0. 0. 0. 1. 1. 1. 1. 0. 1. 0. 1. 1. 1.
    0. 1. 2.23606801e+00 1.41421354e+00 1. 2.82842708e+00 1.41421354e+00
    0. 1.41421354e+00 2.23606801e+00 1. 1.41421354e+00 1. 2.82842708e+00
    0. 1. 2. 1. 1. 1. 1. 1.41421354e+00 1. 1.41421354e+00 1. 1. 0. 0.
    1.41421354e+00 2.23606801e+00 2. 1.41421354e+00 1. 0. 1. 0. 1. 0. 1.
    1. 2.23606801e+00 1. 1.41421354e+00 2. 1.41421354e+00 1. 1.
    1.41421354e+00 1. 1. 1.41421354e+00 1.41421354e+00 2.23606801e+00
    2.23606801e+00 1.41421354e+00 1.41421354e+00 2. 2.23606801e+00 2.
    2.23606801e+00 2.23606801e+00 1. 1.41421354e+00 2. 1. 1.41421354e+00
    1.41421354e+00 1. 1.41421354e+00 2.23606801e+00 1. 0. 0. 1. 1. 2.
    1.41421354e+00 1.41421354e+00 2.23606801e+00 1.41421354e+00
    1.41421354e+00 1.41421354e+00 1.41421354e+00 1.41421354e+00 0. 0.
    1.41421354e+00 1. 1. 0. 0. 0. 0. 1. 1. 1. 1. 1. 1. 1.41421354e+00
    1.41421354e+00 2. 1. 1.41421354e+00 2.23606801e+00 1. 1.41421354e+00
    1. 0. 0. 1.41421354e+00 2. 1. 1.41421354e+00 1. 1. 0. 1.41421354e+00
    1. 2.23606801e+00 1. 1. 1.41421354e+00 1. 2. 0. 1. 0. 1. 0. 0. 1. 1.
    1. 2.23606801e+00 2.23606801e+00 2. 1. 0. 0. 1.41421354e+00
    1.41421354e+00 0. 1. 1. 0. 0. 1. 1. 2. 1. 0. 0. 1. 0. 1. 1.
    1.41421354e+00 1.41421354e+00 0. 1. 1. 0. 2. 0. 0. 1. 1.
    1.41421354e+00 0. 0. 1.41421354e+00 2. 2. 1. 1.41421354e+00
    2.82842708e+00 2.23606801e+00 1. 1. 0. 1. 1. 1. 1. 1. 1. 1. 1. 0. 0.
    2. 0. 1.41421354e+00 1. 2. 1. 1. 0. 0. 2. 3.16227770e+00 1. 2. 1. 0.
    1. 0. 1.41421354e+00 2. 3. 1.41421354e+00 1.41421354e+00
    1.41421354e+00 1.41421354e+00 0. 1. 0. 0. 1. 1. 1. 1. 1. 0. 1.
    1.41421354e+00 1.41421354e+00 0. 1.41421354e+00 0. 1.41421354e+00
    1.41421354e+00 2.23606801e+00 1. 1. 1. 0. 0. 1. 0. 0. 0. 0. 0. 0. 1.
    1.41421354e+00 1.41421354e+00 1.41421354e+00 1. 1. 2. 0. 1. 1. 1. 2.
    2. 1.41421354e+00 2.23606801e+00 1.41421354e+00 0. 1. 2.23606801e+00
    0. 1. 1.41421354e+00 2. 2.23606801e+00 2.82842708e+00 1. 1. 1. 1. 1.
    1.41421354e+00 1.41421354e+00 1. 1.41421354e+00 1. 1. 1. 1. 2.
    1.41421354e+00 1. 2.23606801e+00 1. 0. 1. 1. 0. 1. 1. 1. 1. 1.
    1.41421354e+00 1. 0. 1. 1. 0. 1.41421354e+00 2. 1.41421354e+00 1. 1.
    1. 1. 1. 3. 2. 1. 1.41421354e+00 2.82842708e+00 2.23606801e+00 1. 1.
    1. 1. 0. 0. 0. 1.41421354e+00 1.41421354e+00 0. 1. 0. 1. 1.
    1.41421354e+00 2.23606801e+00 1. 1. 1. 1. 1.41421354e+00
    2.23606801e+00 1. 0. 1. 3. 3. 2.23606801e+00 1.41421354e+00 0.
    1.41421354e+00 2.23606801e+00 1. 2. 2.23606801e+00 1. 1. 1. 1. 1.
    1.41421354e+00 2.23606801e+00 1. 2. 0. 1. 1.41421354e+00
    1.41421354e+00 0. 1.41421354e+00 1. 0. 1.41421354e+00 1.41421354e+00
    1.41421354e+00 1.41421354e+00 2. 0. 1. 1. 0. 1. 0. 1. 0. 2. 0. 0. 0.
    0. 1. 3.16227770e+00 2.23606801e+00 1. 1. 1. 1. 0. 0. 1. 1. 1. 1. 1.
    0. 0. 2. 1. 1. 1. 1. 1.41421354e+00 1.41421354e+00 1. 1. 1.
    1.41421354e+00 2.23606801e+00 2. 1. 1. 1. 1.41421354e+00 1. 1. 1. 1.
    1. 1. 2.23606801e+00 1.41421354e+00 3. 1. 1. 1.41421354e+00
    2.23606801e+00 1. 1.41421354e+00 1. 1. 1. 1. 1. 1.41421354e+00 1.
    1.41421354e+00 0. 0. 1. 0. 2. 1.41421354e+00 1. 1. 1. 1. 2. 2.
    2.23606801e+00 1.41421354e+00 1.41421354e+00 1. 1. 0. 0. 1. 1.
    2.23606801e+00 2. 2.23606801e+00 1.41421354e+00 1.41421354e+00
    1.41421354e+00 1.41421354e+00 1. 1. 1. 0. 0. 1. 1. 2.23606801e+00 2.
    1. 2.23606801e+00 1.41421354e+00 2. 1.41421354e+00 1. 1.41421354e+00
    0. 1.41421354e+00 1.41421354e+00 1. 1. 1. 0. 0. 0. 0. 1. 0. 0. 0. 0.
    1. 1.41421354e+00 1.41421354e+00 2. 1. 2.23606801e+00 1.41421354e+00
    1.41421354e+00 0. 1.41421354e+00 1. 2.82842708e+00 1. 2.23606801e+00
    1. 0. 1. 1. 1. 1. 1. 3.16227770e+00 2. 2.23606801e+00 1.41421354e+00
    1.41421354e+00 1.41421354e+00 0. 0. 0. 1. 1. 0. 1.41421354e+00
    2.23606801e+00 2.23606801e+00 1. 2.23606801e+00 1.41421354e+00
    2.23606801e+00 0. 1.41421354e+00 1.41421354e+00 1. 0. 2. 0. 0. 2.
    2.23606801e+00 1.41421354e+00 1.41421354e+00 2.23606801e+00 2. 1.
    2.23606801e+00 1.41421354e+00 1. 2.23606801e+00 1.41421354e+00 0.
    1.41421354e+00 2. 1.41421354e+00 1.41421354e+00 2.23606801e+00
    2.23606801e+00 2.23606801e+00 2. 1.41421354e+00 2.23606801e+00 1.
    1.41421354e+00 1.41421354e+00 0. 0. 1. 1. 0. 1. 0. 0. 1.41421354e+00
    0. 0. 2.23606801e+00 3. 1.41421354e+00 1. 0. 2.23606801e+00 0. 2.
    1.41421354e+00 1.41421354e+00 2.23606801e+00 2.23606801e+00
    1.41421354e+00 2. 2.23606801e+00 0. 2.23606801e+00 1. 0. 1.
    2.23606801e+00 2.23606801e+00 0. 1.41421354e+00 1. 0. 1.41421354e+00
    1. 2. 1.41421354e+00 1.41421354e+00 1. 1. 1.41421354e+00
    1.41421354e+00 1.41421354e+00 1. 1.41421354e+00 1.41421354e+00 0. 0.
    2. 2.23606801e+00 1.41421354e+00 1. 0. 0. 0. 1. 0. 1. 0.
    1.41421354e+00 0. 0. 0. 2.23606801e+00 2.23606801e+00 1. 2. 1. 1. 0.
    1. 1. 1.41421354e+00 0. 1.41421354e+00 1. 1.41421354e+00 1. 1. 1. 1.
    0. 1.41421354e+00 1. 1. 0. 1. 1. 1. 1.41421354e+00 1.41421354e+00 1.
    1. 2.23606801e+00 1. 1. 1.41421354e+00 1. 1. 1.41421354e+00 1. 2.
    2.23606801e+00 1.41421354e+00 3. 1. 2. 1. 2.23606801e+00
    1.41421354e+00 1.41421354e+00 1.41421354e+00 0. 1. 1. 0. 0. 1. 1. 0.
    0. 0. 1. 1. 1.41421354e+00 1.41421354e+00 1. 1. 1.41421354e+00
    1.41421354e+00 2. 1.41421354e+00 1. 2. 1. 0. 1. 0. 0. 1.
    2.23606801e+00 1. 2. 1.41421354e+00 1. 1.41421354e+00 1.41421354e+00
    2. 1. 1.41421354e+00 1. 1. 1.41421354e+00 1. 2.23606801e+00
    1.41421354e+00 1.41421354e+00 2.23606801e+00 1. 2. 1.41421354e+00 1.
    1.41421354e+00 2.23606801e+00 1.41421354e+00 1. 1. 1. 1.41421354e+00
    1.41421354e+00 1. 0. 1. 1. 1. 1. 0. 0. 1. 1. 2. 0. 0. 1.
    2.23606801e+00 1. 1. 1.41421354e+00 1. 1.41421354e+00 1.
    1.41421354e+00 0. 0. 1.41421354e+00 1. 0. 0. 2. 1. 3.16227770e+00
    2.23606801e+00 1.41421354e+00 1.41421354e+00 1. 1. 0. 0. 0. 0.
    1.41421354e+00 2. 1. 2.23606801e+00 2.23606801e+00 1. 1.41421354e+00
    1. 1. 1.41421354e+00 1. 2. 1. 0. 1.41421354e+00 1. 1. 0. 0. 1. 2.
    3.16227770e+00 1. 1. 2.82842708e+00 1.41421354e+00 1.41421354e+00
    2.23606801e+00 1. 1.41421354e+00 1. 2. 2.23606801e+00 1.41421354e+00
    1.41421354e+00 2.23606801e+00 3. 3.16227770e+00 1. 1. 0.
    1.41421354e+00 1.41421354e+00 1.41421354e+00 1.41421354e+00
    1.41421354e+00 1. 1.41421354e+00 0. 1.41421354e+00 1. 1.
    1.41421354e+00 2.23606801e+00 1. 2. 1. 1. 1.41421354e+00 0. 1. 1.
    2.23606801e+00 3.16227770e+00 1. 3.60555124e+00 2.23606801e+00 1. 1.
    2. 0. 1.41421354e+00 1.41421354e+00 1. 2.23606801e+00 1. 1.
    1.41421354e+00 1.41421354e+00 1.41421354e+00 2. 2.23606801e+00
    1.41421354e+00 1.41421354e+00 1. 0. 2. 0. 2.23606801e+00 1.
    2.23606801e+00 0. 1. 1.41421354e+00 1. 1. 1. 1.41421354e+00
    1.41421354e+00 1. 0. 1. 1. 0. 2.23606801e+00 1. 1. 1. 1.41421354e+00
    2.23606801e+00 1. 2.23606801e+00 1. 1. 1. 1. 1. 1.41421354e+00 1. 1.
    1. 2.23606801e+00 1.41421354e+00 1.41421354e+00 2. 1. 1.
    1.41421354e+00 1.41421354e+00 0. 0. 1. 1.41421354e+00 1.41421354e+00
    1. 1.41421354e+00 1. 1.41421354e+00 2.23606801e+00 1.41421354e+00 0.
    0. 1. 1. 1. 1. 1.41421354e+00 1. 1.41421354e+00 2. 1. 1.41421354e+00
    1. 2.23606801e+00 0. 2.23606801e+00 2.23606801e+00 1. 1. 1. 0. 1. 0.
    1.41421354e+00 1. 1. 0. 0. 0. 1. 1. 1. 1.41421354e+00 2.23606801e+00
    1. 1. 0. 1. 2. 1. 1.41421354e+00 1.41421354e+00 0. 0. 0. 0.
    1.41421354e+00 2.23606801e+00 1. 1.41421354e+00 1. 1. 1.
    1.41421354e+00 1. 1.41421354e+00 1. 1. 1.41421354e+00 2.23606801e+00
    2. 2.23606801e+00 1.41421354e+00 1. 1.41421354e+00 0. 1.
    1.41421354e+00 2. 2. 1.41421354e+00 0. 0. 1.41421354e+00 1. 1.
    1.41421354e+00 1. 1. 1. 2. 1.41421354e+00 1. 1.41421354e+00 1.
    2.23606801e+00 1.41421354e+00 2. 1. 1.41421354e+00 1. 0. 1. 2. 1. 1.
    0. 1. 0. 1.41421354e+00 1.41421354e+00 0. 0. 1.41421354e+00 1. 2.
    1.41421354e+00 0. 0. 2. 1. 1. 0. 0. 0. 1.41421354e+00 1.
    2.82842708e+00 2.23606801e+00 0. 2.23606801e+00 0. 1. 1.
    2.23606801e+00 1. 2. 1. 0. 1.41421354e+00 0. 1. 2. 1.41421354e+00 0.
    1.41421354e+00 3.16227770e+00 2.23606801e+00 2.23606801e+00 1.
    1.41421354e+00 2.23606801e+00 1. 2. 0. 1.41421354e+00 1.41421354e+00
    2.23606801e+00 1. 1.41421354e+00 1.41421354e+00 1. 1. 1.41421354e+00
    2.23606801e+00 1. 0. 0. 1. 2. 0. 0. 1. 0. 0. 1.41421354e+00 0. 2. 1.
    3. 1.41421354e+00 2.23606801e+00 0. 1. 1.41421354e+00 1. 1. 0.
    1.41421354e+00 2.82842708e+00 3.16227770e+00 2.82842708e+00
    1.41421354e+00 1. 1. 1. 1. 1.41421354e+00 1. 1. 0. 1. 1.
    1.41421354e+00 0. 1. 1. 1.41421354e+00 0. 1. 1. 0. 1.41421354e+00 2.
    1. 2.23606801e+00 1. 2. 1.41421354e+00 1.41421354e+00 1.41421354e+00
    2.23606801e+00 1. 1. 1. 1.41421354e+00 1. 2.23606801e+00
    2.23606801e+00 1. 1.41421354e+00 1. 2. 1.41421354e+00 2.23606801e+00
    2.23606801e+00 1.41421354e+00 1.41421354e+00 1.41421354e+00
    2.23606801e+00 1. 2. 1.41421354e+00 1. 0. 1. 1. 2. 1. 1. 2. 1. 1.
    2.82842708e+00 1. 1.41421354e+00 0. 1. 1.41421354e+00 1.41421354e+00
    0. 1.41421354e+00 1. 1.41421354e+00 1. 1.41421354e+00 1. 1. 1. 1. 1.
    2. 1. 0. 0. 1. 0. 1.41421354e+00 0. 1. 1.41421354e+00 1.41421354e+00
    1. 1.41421354e+00 2.23606801e+00 1. 0. 0. 2. 1.41421354e+00 1. 1. 0.
    0. 1.41421354e+00 1. 1.41421354e+00 1.41421354e+00 2.82842708e+00 1.
    1. 0. 1.41421354e+00 1.41421354e+00 3.16227770e+00 1.41421354e+00 1.
    1. 0. 0. 0. 1. 1. 1. 1. 0. 1.41421354e+00 0. 1. 1.41421354e+00 0. 1.
    2. 1. 1.41421354e+00 1. 3. 2. 2.23606801e+00 1.41421354e+00 1. 1. 1.
    1.41421354e+00 2. 0. 1. 0. 1. 1.41421354e+00 1. 0. 1. 1. 0. 1. 0. 2.
    2. 1. 0. 1. 1. 1. 1. 0. 0. 1. 0. 2. 1. 1. 0. 1. 1. 1. 0. 0. 1. 1. 1.
    2. 1. 0. 1. 0. 2. 0. 1. 0. 1. 1. 0. 2. 3. 0. 2. 1. 0. 0. 2. 2. 2. 2.
    0. 0. 0. 1. 0. 2. 0. 1. 3. 1. 3. 0. 0. 1. 0. 1. 0. 0. 2. 0. 2. 1. 0.
    0. 1. 1. 0. 1. 1. 0. 1. 0. 1. 0. 0. 0. 1. 1. 1. 1. 1. 1. 1. 1. 0. 1.
    1. 1. 1. 1. 0. 1. 0. 0. 1. 1. 0. 1. 1. 1. 1. 0. 0. 0. 0. 1. 1. 0. 0.
    0. 0. 0. 0. 0. 0. 0. 1. 2. 0. 2. 1. 1. 0. 1. 1. 1. 0. 0. 1. 1. 1. 1.
    0. 1. 2. 1. 1. 2. 0. 0. 2. 1. 1. 2. 1. 0. 0. 0. 0. 1. 1. 1. 2. 1. 2.
    2. 0. 1. 1. 0. 0. 0. 1. 1. 1. 1. 0. 0. 0. 1. 0. 2. 1. 1. 1. 0. 0. 0.
    1. 1. 1. 1. 1. 1. 1. 2. 1. 1. 1. 0. 1. 1. 1. 1. 0. 1. 1. 0. 2. 3. 1.
    1. 1. 0. 1. 2. 0. 2. 0. 1. 0. 0. 1. 1. 1. 0. 1. 0. 1. 1. 1. 1. 0. 1.
    2. 1. 1. 2. 1. 1. 2. 1. 1. 1. 0. 0. 1. 0. 1. 1. 1. 0. 0. 0. 1. 1. 0.
    0.</data></grad>
<my_edges type_id="opencv-matrix">
  <rows>256</rows>
  <cols>256</cols>
  <dt>u</dt>
  <data>
    0 0 0 0 0 0 0 0 0 0 0 0 0 0 0 0 0 0 0 0 0 0 0 0 0 0 0 0 0 0 0 0 0 0
    0 0 0 0 0 0 0 0 0 0 0 0 0 0 0 0 0 0 0 0 0 0 0 0 0 0 0 0 0 0 0 0 0 0
    0 0 0 0 0 0 0 0 0 0 0 0 0 0 0 0 0 0 0 0 0 0 0 0 0 0 0 0 0 0 0 0 0 0
    0 0 0 0 0 0 0 0 0 0 0 0 0 0 0 0 0 0 0 0 0 0 0 0 0 0 0 0 0 0 0 0 0 0
    0 0 0 0 0 0 0 0 0 0 0 0 0 0 0 0 0 0 0 0 0 0 0 0 0 0 0 0 0 0 0 0 0 0
    0 0 0 0 0 0 0 0 0 0 0 0 0 0 0 0 0 0 0 0 0 0 0 0 0 0 0 0 0 0 0 0 0 0
    0 0 0 0 0 0 0 0 0 0 0 0 0 0 0 0 0 0 0 0 0 0 0 0 0 0 0 0 0 0 0 0 0 0
    0 0 0 0 0 0 0 0 0 0 0 0 0 0 0 0 0 0 0 0 0 0 0 0 0 0 0 0 0 0 0 0 0 0
    0 0 0 0 0 0 0 0 0 0 0 0 0 0 0 0 0 0 0 0 0 0 0 0 0 0 0 0 0 0 0 0 0 0
    0 0 0 0 0 0 0 0 0 0 0 0 0 0 0 0 0 0 0 0 0 0 0 0 0 0 0 0 0 0 0 0 0 0
    0 0 0 0 0 0 0 0 0 0 0 0 0 0 0 0 0 0 0 0 0 0 0 0 0 0 0 0 0 0 0 0 0 0
    0 0 0 0 0 0 0 0 0 0 0 0 0 0 0 0 0 0 0 0 0 0 0 0 0 0 0 0 0 0 0 0 0 0
    0 0 0 0 0 0 0 0 0 0 0 0 0 0 0 0 0 0 0 0 0 0 0 0 0 0 0 0 0 0 0 0 0 0
    0 0 0 0 0 0 0 0 0 0 0 0 0 0 0 0 0 0 0 0 0 0 0 0 0 0 0 0 0 0 0 0 0 0
    0 0 0 0 0 0 0 0 0 0 0 0 0 0 0 0 0 0 0 0 0 0 0 0 0 0 0 0 0 0 0 0 0 0
    0 0 0 0 0 0 0 0 0 0 0 0 0 0 0 0 0 0 0 0 0 0 0 0 0 0 0 0 0 0 0 0 0 0
    0 0 0 0 0 0 0 0 0 0 0 0 0 0 0 0 0 0 0 0 0 0 0 0 0 0 0 0 0 0 0 0 0 0
    0 0 0 0 0 0 0 0 0 0 0 0 0 0 0 0 0 0 0 0 0 0 0 0 0 0 0 0 0 0 0 0 0 0
    0 0 0 0 0 0 0 0 0 0 0 0 0 0 0 0 0 0 0 0 0 0 0 0 0 0 0 0 0 0 0 0 0 0
    0 0 0 0 0 0 0 0 0 0 0 0 0 0 0 0 0 0 0 0 0 0 0 0 0 0 0 0 0 0 0 0 0 0
    0 0 0 0 0 0 0 0 0 0 0 0 0 0 0 0 0 0 0 0 0 0 0 0 0 0 0 0 0 0 0 0 0 0
    0 0 0 0 0 0 0 0 0 0 0 0 0 0 0 0 0 0 0 0 0 0 0 0 0 0 0 0 0 0 0 0 0 0
    0 0 0 0 0 0 0 0 0 0 0 0 0 0 0 0 0 0 0 0 0 0 0 0 0 0 0 0 0 0 0 0 0 0
    0 0 0 0 0 0 0 0 0 0 0 0 0 0 0 0 0 0 0 0 0 0 0 0 0 0 0 0 0 0 0 0 0 0
    0 0 0 0 0 0 0 0 0 0 0 0 0 0 0 0 0 0 0 0 0 0 0 0 0 0 0 0 0 0 0 0 0 0
    0 0 0 0 0 0 0 0 0 0 0 0 0 0 0 0 0 0 0 0 0 0 0 0 0 0 0 0 0 0 0 0 0 0
    0 0 0 0 0 0 0 0 0 0 0 0 0 0 0 0 0 0 0 0 0 0 0 0 0 0 0 0 0 0 0 0 0 0
    0 0 0 0 0 0 0 0 0 0 0 0 0 0 0 0 0 0 0 0 0 0 0 0 0 0 0 0 0 0 0 0 0 0
    0 0 0 0 0 0 0 0 0 0 0 0 0 0 0 0 0 0 0 0 0 0 0 0 0 0 0 0 0 0 0 0 0 0
    0 0 0 0 0 0 0 0 0 0 0 0 0 0 0 0 0 0 0 0 0 0 0 0 0 0 0 0 0 0 0 0 0 0
    0 0 0 0 0 0 0 0 0 0 0 0 0 0 0 0 0 0 0 0 0 0 0 0 0 0 0 0 0 0 0 0 0 0
    0 0 0 0 0 0 0 0 0 0 0 0 0 0 0 0 0 0 0 0 0 0 0 0 0 0 0 0 0 0 0 0 0 0
    0 0 0 0 0 0 0 0 0 0 0 0 0 0 0 0 0 0 0 0 0 0 0 0 0 0 0 0 0 0 0 0 0 0
    0 0 0 0 0 0 0 0 0 0 0 0 0 0 0 0 0 0 0 0 0 0 0 0 0 0 0 0 0 0 0 0 0 0
    0 0 0 0 0 0 0 0 0 0 0 0 0 0 0 0 0 0 0 0 0 0 0 0 0 0 0 0 0 0 0 0 0 0
    0 0 0 0 0 0 0 0 0 0 0 0 0 0 0 0 0 0 0 0 0 0 0 0 0 0 0 0 0 0 0 0 0 0
    0 0 0 0 0 0 0 0 0 0 0 0 0 0 0 0 0 0 0 0 0 0 0 0 0 0 0 0 0 0 0 0 0 0
    0 0 0 0 0 0 0 0 0 0 0 0 0 0 0 0 0 0 0 0 0 0 0 0 0 0 0 0 0 0 0 0 0 0
    0 0 0 0 0 0 0 0 0 0 0 0 0 0 0 0 0 0 0 0 0 0 0 0 0 0 0 0 0 0 0 0 0 0
    0 0 0 0 0 0 0 0 0 0 0 0 0 0 0 0 0 0 0 0 0 0 0 0 0 0 0 0 0 0 0 0 0 0
    0 0 0 0 0 0 0 0 0 0 0 0 0 0 0 0 0 0 0 0 0 0 0 0 0 0 0 0 0 0 0 0 0 0
    0 0 0 0 0 0 0 0 0 0 0 0 0 0 0 0 0 0 0 0 0 0 0 0 0 0 0 0 0 0 0 0 0 0
    0 0 0 0 0 0 0 0 0 0 0 0 0 0 0 0 0 0 0 0 0 0 0 0 0 0 0 0 0 0 0 0 0 0
    0 0 0 0 0 0 0 0 0 0 0 0 0 0 0 0 0 0 0 0 0 0 0 0 0 0 0 0 0 0 0 0 0 0
    0 0 0 0 0 0 0 0 0 0 0 0 0 0 0 0 0 0 0 0 0 0 0 0 0 0 0 0 0 0 0 0 0 0
    0 0 0 0 0 0 0 0 0 0 0 0 0 0 0 0 0 0 0 0 0 0 0 0 0 0 0 0 0 0 0 0 0 0
    0 0 0 0 0 0 0 0 0 0 0 0 0 0 0 0 0 0 0 0 0 0 0 0 0 0 0 0 0 0 0 0 0 0
    0 0 0 0 0 0 0 0 0 0 0 0 0 0 0 0 0 0 0 0 0 0 0 0 0 0 0 0 0 0 0 0 0 0
    0 0 0 0 0 0 0 0 0 0 0 0 0 0 0 0 0 0 0 0 0 0 0 0 0 0 0 0 0 0 0 0 0 0
    0 0 0 0 0 0 0 0 0 0 0 0 0 0 0 0 0 0 0 0 0 0 0 0 0 0 0 0 0 0 0 0 0 0
    0 0 0 0 0 0 0 0 0 0 0 0 0 0 0 0 0 0 0 0 0 0 0 0 0 0 0 0 0 0 0 0 0 0
    0 0 0 0 0 0 0 0 0 0 0 0 0 0 0 0 0 0 0 0 0 0 0 0 0 0 0 0 0 0 0 0 0 0
    0 0 0 0 0 0 0 0 0 0 0 0 0 0 0 0 0 0 0 0 0 0 0 0 0 0 0 0 0 0 0 0 0 0
    0 0 0 0 0 0 0 0 0 0 0 0 0 0 0 0 0 0 0 0 0 0 0 0 0 0 0 0 0 0 0 0 0 0
    0 0 0 0 0 0 0 0 0 0 0 0 0 0 0 0 0 0 0 0 0 0 0 0 0 0 0 0 0 0 0 0 0 0
    0 0 0 0 0 0 0 0 0 0 0 0 0 0 0 0 0 0 0 0 0 0 0 0 0 0 0 0 0 0 0 0 0 0
    0 0 0 0 0 0 0 0 0 0 0 0 0 0 0 0 0 0 0 0 0 0 0 0 0 0 0 0 0 0 0 0 0 0
    0 0 0 0 0 0 0 0 0 0 0 0 0 0 0 0 0 0 0 0 0 0 0 0 0 0 0 0 0 0 0 0 0 0
    0 0 0 0 0 0 0 0 0 0 0 0 0 0 0 0 0 0 0 0 0 0 0 0 0 0 0 0 0 0 0 0 0 0
    0 0 0 0 0 0 0 0 0 0 0 0 0 0 0 0 0 0 0 0 0 0 0 0 0 0 0 0 0 0 0 0 0 0
    0 0 0 0 0 0 0 0 0 0 0 0 0 0 0 0 0 0 0 0 0 0 0 0 0 0 0 0 0 0 0 0 0 0
    0 0 0 0 0 0 0 0 0 0 0 0 0 0 0 0 0 0 0 0 0 0 0 0 0 0 0 0 0 0 0 0 0 0
    0 0 0 0 0 0 0 0 0 0 0 0 0 0 0 0 0 0 0 0 0 0 0 0 0 0 0 0 0 0 0 0 0 0
    0 0 0 0 0 0 0 0 0 0 0 0 0 0 0 0 0 0 0 0 0 0 0 0 0 0 0 0 0 0 0 0 0 0
    0 0 0 0 0 0 0 0 0 0 0 0 0 0 0 0 0 0 0 0 0 0 0 0 0 0 0 0 0 0 0 0 0 0
    0 0 0 0 0 0 0 0 0 0 0 0 0 0 0 0 0 0 0 0 0 0 0 0 0 0 0 0 0 0 0 0 0 0
    0 0 0 0 0 0 0 0 0 0 0 0 0 0 0 0 0 0 0 0 0 0 0 0 0 0 0 0 0 0 0 0 0 0
    0 0 0 0 0 0 0 0 0 0 0 0 0 0 0 0 0 0 0 0 0 0 0 0 0 0 0 0 0 0 0 0 0 0
    0 0 0 0 0 0 0 0 0 0 0 0 0 0 0 0 0 0 0 0 0 0 0 0 0 0 0 0 0 0 0 0 0 0
    0 0 0 0 0 0 0 0 0 0 0 0 0 0 0 0 0 0 0 0 0 0 0 0 0 0 0 0 0 0 0 0 0 0
    0 0 0 0 0 0 0 0 0 0 0 0 0 0 0 0 0 0 0 0 0 0 0 0 0 0 0 0 0 0 0 0 0 0
    0 0 0 0 0 0 0 0 0 0 0 0 0 0 0 0 0 0 0 0 0 0 0 0 0 0 0 0 0 0 0 0 0 0
    0 0 0 0 0 0 0 0 0 0 0 0 0 0 0 0 0 0 0 0 0 0 0 0 0 0 0 0 0 0 0 0 0 0
    0 0 0 0 0 0 0 0 0 0 0 0 0 0 0 0 0 0 0 0 0 0 0 0 0 0 0 0 0 0 0 0 0 0
    0 0 0 0 0 0 0 0 0 0 0 0 0 0 0 0 0 0 0 0 0 0 0 0 0 0 0 0 0 0 0 0 0 0
    0 0 0 0 0 0 0 0 0 0 0 0 0 0 0 0 0 0 0 0 0 0 0 0 0 0 0 0 0 0 0 0 0 0
    0 0 0 0 0 0 0 0 0 0 0 0 0 0 0 0 0 0 0 0 0 0 0 0 0 0 0 0 0 0 0 0 0 0
    0 0 0 0 0 0 0 0 0 0 0 0 0 0 0 0 0 0 0 0 0 0 0 0 0 0 0 0 0 0 0 0 0 0
    0 0 0 0 0 0 0 0 0 0 0 0 0 0 0 0 0 0 0 0 0 0 0 0 0 0 0 0 0 0 0 0 0 0
    0 0 0 0 0 0 0 0 0 0 0 0 0 0 0 0 0 0 0 0 0 0 0 0 0 0 0 0 0 0 0 0 0 0
    0 0 0 0 0 0 0 0 0 0 0 0 0 0 0 0 0 0 0 0 0 0 0 0 0 0 0 0 0 0 0 0 0 0
    0 0 0 0 0 0 0 0 0 0 0 0 0 0 0 0 0 0 0 0 0 0 0 0 0 0 0 0 0 0 0 0 0 0
    0 0 0 0 0 0 0 0 0 0 0 0 0 0 0 0 0 0 0 0 0 0 0 0 0 0 0 0 0 0 0 0 0 0
    0 0 0 0 0 0 0 0 0 0 0 0 0 0 0 0 0 0 0 0 0 0 0 0 0 0 0 0 0 0 0 0 0 0
    0 0 0 0 0 0 0 0 0 0 0 0 0 0 0 0 0 0 0 0 0 0 0 0 0 0 0 0 0 0 0 0 0 0
    0 0 0 0 0 0 0 0 0 0 0 0 0 0 0 0 0 0 0 0 0 0 0 0 0 0 0 0 0 0 0 0 0 0
    0 0 0 0 0 0 0 0 0 0 0 0 0 0 0 0 0 0 0 0 0 0 0 0 0 0 0 0 0 0 0 0 0 0
    0 0 0 0 0 0 0 0 0 0 0 0 0 0 0 0 0 0 0 0 0 0 0 0 0 0 0 0 0 0 0 0 0 0
    0 0 0 0 0 0 0 0 0 0 0 0 0 0 0 0 0 0 0 0 0 0 0 0 0 0 0 0 0 0 0 0 0 0
    0 0 0 0 0 0 0 0 0 0 0 0 0 0 0 0 0 0 0 0 0 0 0 0 0 0 0 0 0 0 0 0 0 0
    0 0 0 0 0 0 0 0 0 0 0 0 0 0 0 0 0 0 0 0 0 0 0 0 0 0 0 0 0 0 0 0 0 0
    0 0 0 0 0 0 0 0 0 0 0 0 0 0 0 0 0 0 0 0 0 0 0 0 0 0 0 0 0 0 0 0 0 0
    0 0 0 0 0 0 0 0 0 0 0 0 0 0 0 0 0 0 0 0 0 0 0 0 0 0 0 0 0 0 0 0 0 0
    0 0 0 0 0 0 0 0 0 0 0 0 0 0 0 0 0 0 0 0 0 0 0 0 0 0 0 0 0 0 0 0 0 0
    0 0 0 0 0 0 0 0 0 0 0 0 0 0 0 0 0 0 0 0 0 0 0 0 0 0 0 0 0 0 0 0 0 0
    0 0 0 0 0 0 0 0 0 0 0 0 0 0 0 0 0 0 0 0 0 0 0 0 0 0 0 0 0 0 0 0 0 0
    0 0 0 0 0 0 0 0 0 0 0 0 0 0 0 0 0 0 0 0 0 0 0 0 0 0 0 0 0 0 0 0 0 0
    0 0 0 0 0 0 0 0 0 0 0 0 0 0 0 0 0 0 0 0 0 0 0 0 0 0 0 0 0 0 0 0 0 0
    0 0 0 0 0 0 0 0 0 0 0 0 0 0 0 0 0 0 0 0 0 0 0 0 0 0 0 0 0 0 0 0 0 0
    0 0 0 0 0 0 0 0 0 0 0 0 0 0 0 0 0 0 0 0 0 0 0 0 0 0 0 0 0 0 0 0 0 0
    0 0 0 0 0 0 0 0 0 0 0 0 0 0 0 0 0 0 0 0 0 0 0 0 0 0 0 0 0 0 0 0 0 0
    0 0 0 0 0 0 0 0 0 0 0 0 0 0 0 0 0 0 0 0 0 0 0 0 0 0 0 0 0 0 0 0 0 0
    0 0 0 0 0 0 0 0 0 0 0 0 0 0 0 0 0 0 0 0 0 0 0 0 0 0 0 0 0 0 0 0 0 0
    0 0 0 0 0 0 0 0 0 0 0 0 0 0 0 0 0 0 0 0 0 0 0 0 0 0 0 0 0 0 0 0 0 0
    0 0 0 0 0 0 0 0 0 0 0 0 0 0 0 0 0 0 0 0 0 0 0 0 0 0 0 0 0 0 0 0 0 0
    0 0 0 0 0 0 0 0 0 0 0 0 0 0 0 0 0 0 0 0 0 0 0 0 0 0 0 0 0 0 0 0 0 0
    0 0 0 0 0 0 0 0 0 0 0 0 0 0 0 0 0 0 0 0 0 0 0 0 0 0 0 0 0 0 0 0 0 0
    0 0 0 0 0 0 0 0 0 0 0 0 0 0 0 0 0 0 0 0 0 0 0 0 0 0 0 0 0 0 0 0 0 0
    0 0 0 0 0 0 0 0 0 0 0 0 0 0 0 0 0 0 0 0 0 0 0 0 0 0 0 0 0 0 0 0 0 0
    0 0 0 0 0 0 0 0 0 0 0 0 0 0 0 0 0 0 0 0 0 0 0 0 0 0 0 0 0 0 0 0 0 0
    0 0 0 0 0 0 0 0 0 0 0 0 0 0 0 0 0 0 0 0 0 0 0 0 0 0 0 0 0 0 0 0 0 0
    0 0 0 0 0 0 0 0 0 0 0 0 0 0 0 0 0 0 0 0 0 0 0 0 0 0 0 0 0 0 0 0 0 0
    0 0 0 0 0 0 0 0 0 0 0 0 0 0 0 0 0 0 0 0 0 0 0 0 0 0 0 0 0 0 0 0 0 0
    0 0 0 0 0 0 0 0 0 0 0 0 0 0 0 0 0 0 0 0 0 0 0 0 0 0 0 0 0 0 0 0 0 0
    0 0 0 0 0 0 0 0 0 0 0 0 0 0 0 0 0 0 0 0 0 0 0 0 0 0 0 0 0 0 0 0 0 0
    0 0 0 0 0 0 0 0 0 0 0 0 0 0 0 0 0 0 0 0 0 0 0 0 0 0 0 0 0 0 0 0 0 0
    0 0 0 0 0 0 0 0 0 0 0 0 0 0 0 0 0 0 0 0 0 0 0 0 0 0 0 0 0 0 0 0 0 0
    0 0 0 0 0 0 0 0 0 0 0 0 0 0 0 0 0 0 0 0 0 0 0 0 0 0 0 0 0 0 0 0 0 0
    0 0 0 0 0 0 0 0 0 0 0 0 0 0 0 0 0 0 0 0 0 0 0 0 0 0 0 0 0 0 0 0 0 0
    0 0 0 0 0 0 0 0 0 0 0 0 0 0 0 0 0 0 0 0 0 0 0 0 0 0 0 0 0 0 0 0 0 0
    0 0 0 0 0 0 0 0 0 0 0 0 0 0 0 0 0 0 0 0 0 0 0 0 0 0 0 0 0 0 0 0 0 0
    0 0 0 0 0 0 0 0 0 0 0 0 0 0 0 0 0 0 0 0 0 0 0 0 0 0 0 0 0 0 0 0 0 0
    0 0 0 0 0 0 0 0 0 0 0 0 0 0 0 0 0 0 0 0 0 0 0 0 0 0 0 0 0 0 0 0 0 0
    0 0 0 0 0 0 0 0 0 0 0 0 0 0 0 0 0 0 0 0 0 0 0 0 0 0 0 0 0 0 0 0 0 0
    0 0 0 0 0 0 0 0 0 0 0 0 0 0 0 0 0 0 0 0 0 0 0 0 0 0 0 0 0 0 0 0 0 0
    0 0 0 0 0 0 0 0 0 0 0 0 0 0 0 0 0 0 0 0 0 0 0 0 0 0 0 0 0 0 0 0 0 0
    0 0 0 0 0 0 0 0 0 0 0 0 0 0 0 0 0 0 0 0 0 0 0 0 0 0 0 0 0 0 0 0 0 0
    0 0 0 0 0 0 0 0 0 0 0 0 0 0 0 0 0 0 0 0 0 0 0 0 0 0 0 0 0 0 0 0 0 0
    0 0 0 0 0 0 0 0 0 0 0 0 0 0 0 0 0 0 0 0 0 0 0 0 0 0 0 0 0 0 0 0 0 0
    0 0 0 0 0 0 0 0 0 0 0 0 0 0 0 0 0 0 0 0 0 0 0 0 0 0 0 0 0 0 0 0 0 0
    0 0 0 0 0 0 0 0 0 0 0 0 0 0 0 0 0 0 0 0 0 0 0 0 0 0 0 0 0 0 0 0 0 0
    0 0 0 0 0 0 0 0 0 0 0 0 0 0 0 0 0 0 0 0 0 0 0 0 0 0 0 0 0 0 0 0 0 0
    0 0 0 0 0 0 0 0 0 0 0 0 0 0 0 0 0 0 0 0 0 0 0 0 0 0 0 0 0 0 0 0 0 0
    0 0 0 0 0 0 0 0 0 0 0 0 0 0 0 0 0 0 0 0 0 0 0 0 0 0 0 0 0 0 0 0 0 0
    0 0 0 0 0 0 0 0 0 0 0 0 0 0 0 0 0 0 0 0 0 0 0 0 0 0 0 0 0 0 0 0 0 0
    0 0 0 0 0 0 0 0 0 0 0 0 0 0 0 0 0 0 0 0 0 0 0 0 0 0 0 0 0 0 0 0 0 0
    0 0 0 0 0 0 0 0 0 0 0 0 0 0 0 0 0 0 0 0 0 0 0 0 0 0 0 0 0 0 0 0 0 0
    0 0 0 0 0 0 0 0 0 0 0 0 0 0 0 0 0 0 0 0 0 0 0 0 0 0 0 0 0 0 0 0 0 0
    0 0 0 0 0 0 0 0 0 0 0 0 0 0 0 0 0 0 0 0 0 0 0 0 0 0 0 0 0 0 0 0 0 0
    0 0 0 0 0 0 0 0 0 0 0 0 0 0 0 0 0 0 0 0 0 0 0 0 0 0 0 0 0 0 0 0 0 0
    0 0 0 0 0 0 0 0 0 0 0 0 0 0 0 0 0 0 0 0 0 0 0 0 0 0 0 0 0 0 0 0 0 0
    0 0 0 0 0 0 0 0 0 0 0 0 0 0 0 0 0 0 0 0 0 0 0 0 0 0 0 0 0 0 0 0 0 0
    0 0 0 0 0 0 0 0 0 0 0 0 0 0 0 0 0 0 0 0 0 0 0 0 0 0 0 0 0 0 0 0 0 0
    0 0 0 0 0 0 0 0 0 0 0 0 0 0 0 0 0 0 0 0 0 0 0 0 0 0 0 0 0 0 0 0 0 0
    0 0 0 0 0 0 0 0 0 0 0 0 0 0 0 0 0 0 0 0 0 0 0 0 0 0 0 0 0 0 0 0 0 0
    0 0 0 0 0 0 0 0 0 0 0 0 0 0 0 0 0 0 0 0 0 0 0 0 0 0 0 0 0 0 0 0 0 0
    0 0 0 0 0 0 0 0 0 0 0 0 0 0 0 0 0 0 0 0 0 0 0 0 0 0 0 0 0 0 0 0 0 0
    0 0 0 0 0 0 0 0 0 0 0 0 0 0 0 0 0 0 0 0 0 0 0 0 0 0 0 0 0 0 0 0 0 0
    0 0 0 0 0 0 0 0 0 0 0 0 0 0 0 0 0 0 0 0 0 0 0 0 0 0 0 0 0 0 0 0 0 0
    0 0 0 0 0 0 0 0 0 0 0 0 0 0 0 0 0 0 0 0 0 0 0 0 0 0 0 0 0 0 0 0 0 0
    0 0 0 0 0 0 0 0 0 0 0 0 0 0 0 0 0 0 0 0 0 0 0 0 0 0 0 0 0 0 0 0 0 0
    0 0 0 0 0 0 0 0 0 0 0 0 0 0 0 0 0 0 0 0 0 0 0 0 0 0 0 0 0 0 0 0 0 0
    0 0 0 0 0 0 0 0 0 0 0 0 0 0 0 0 0 0 0 0 0 0 0 0 0 0 0 0 0 0 0 0 0 0
    0 0 0 0 0 0 0 0 0 0 0 0 0 0 0 0 0 0 0 0 0 0 0 0 0 0 0 0 0 0 0 0 0 0
    0 0 0 0 0 0 0 0 0 0 0 0 0 0 0 0 0 0 0 0 0 0 0 0 0 0 0 0 0 0 0 0 0 0
    0 0 0 0 0 0 0 0 0 0 0 0 0 0 0 0 0 0 0 0 0 0 0 0 0 0 0 0 0 0 0 0 0 0
    0 0 0 0 0 0 0 0 0 0 0 0 0 0 0 0 0 0 0 0 0 0 0 0 0 0 0 0 0 0 0 0 0 0
    0 0 0 0 0 0 0 0 0 0 0 0 0 0 0 0 0 0 0 0 0 0 0 0 0 0 0 0 0 0 0 0 0 0
    0 0 0 0 0 0 0 0 0 0 0 0 0 0 0 0 0 0 0 0 0 0 0 0 0 0 0 0 0 0 0 0 0 0
    0 0 0 0 0 0 0 0 0 0 0 0 0 0 0 0 0 0 0 0 0 0 0 0 0 0 0 0 0 0 0 0 0 0
    0 0 0 0 0 0 0 0 0 0 0 0 0 0 0 0 0 0 0 0 0 0 0 0 0 0 0 0 0 0 0 0 0 0
    0 0 0 0 0 0 0 0 0 0 0 0 0 0 0 0 0 0 0 0 0 0 0 0 0 0 0 0 0 0 0 0 0 0
    0 0 0 0 0 0 0 0 0 0 0 0 0 0 0 0 0 0 0 0 0 0 0 0 0 0 0 0 0 0 0 0 0 0
    0 0 0 0 0 0 0 0 0 0 0 0 0 0 0 0 0 0 0 0 0 0 0 0 0 0 0 0 0 0 0 0 0 0
    0 0 0 0 0 0 0 0 0 0 0 0 0 0 0 0 0 0 0 0 0 0 0 0 0 0 0 0 0 0 0 0 0 0
    0 0 0 0 0 0 0 0 0 0 0 0 0 0 0 0 0 0 0 0 0 0 0 0 0 0 0 0 0 0 0 0 0 0
    0 0 0 0 0 0 0 0 0 0 0 0 0 0 0 0 0 0 0 0 0 0 0 0 0 0 0 0 0 0 0 0 0 0
    0 0 0 0 0 0 0 0 0 0 0 0 0 0 0 0 0 0 0 0 0 0 0 0 0 0 0 0 0 0 0 0 0 0
    0 0 0 0 0 0 0 0 0 0 0 0 0 0 0 0 0 0 0 0 0 0 0 0 0 0 0 0 0 0 0 0 0 0
    0 0 0 0 0 0 0 0 0 0 0 0 0 0 0 0 0 0 0 0 0 0 0 0 0 0 0 0 0 0 0 0 0 0
    0 0 0 0 0 0 0 0 0 0 0 0 0 0 0 0 0 0 0 0 0 0 0 0 0 0 0 0 0 0 0 0 0 0
    0 0 0 0 0 0 0 0 0 0 0 0 0 0 0 0 0 0 0 0 0 0 0 0 0 0 0 0 0 0 0 0 0 0
    0 0 0 0 0 0 0 0 0 0 0 0 0 0 0 0 0 0 0 0 0 0 0 0 0 0 0 0 0 0 0 0 0 0
    0 0 0 0 0 0 0 0 0 0 0 0 0 0 0 0 0 0 0 0 0 0 0 0 0 0 0 0 0 0 0 0 0 0
    0 0 0 0 0 0 0 0 0 0 0 0 0 0 0 0 0 0 0 0 0 0 0 0 0 0 0 0 0 0 0 0 0 0
    0 0 0 0 0 0 0 0 0 0 0 0 0 0 0 0 0 0 0 0 0 0 0 0 0 0 0 0 0 0 0 0 0 0
    0 0 0 0 0 0 0 0 0 0 0 0 0 0 0 0 0 0 0 0 0 0 0 0 0 0 0 0 0 0 0 0 0 0
    0 0 0 0 0 0 0 0 0 0 0 0 0 0 0 0 0 0 0 0 0 0 0 0 0 0 0 0 0 0 0 0 0 0
    0 0 0 0 0 0 0 0 0 0 0 0 0 0 0 0 0 0 0 0 0 0 0 0 0 0 0 0 0 0 0 0 0 0
    0 0 0 0 0 0 0 0 0 0 0 0 0 0 0 0 0 0 0 0 0 0 0 0 0 0 0 0 0 0 0 0 0 0
    0 0 0 0 0 0 0 0 0 0 0 0 0 0 0 0 0 0 0 0 0 0 0 0 0 0 0 0 0 0 0 0 0 0
    0 0 0 0 0 0 0 0 0 0 0 0 0 0 0 0 0 0 0 0 0 0 0 0 0 0 0 0 0 0 0 0 0 0
    0 0 0 0 0 0 0 0 0 0 0 0 0 0 0 0 0 0 0 0 0 0 0 0 0 0 0 0 0 0 0 0 0 0
    0 0 0 0 0 0 0 0 0 0 0 0 0 0 0 0 0 0 0 0 0 0 0 0 0 0 0 0 0 0 0 0 0 0
    0 0 0 0 0 0 0 0 0 0 0 0 0 0 0 0 0 0 0 0 0 0 0 0 0 0 0 0 0 0 0 0 0 0
    0 0 0 0 0 0 0 0 0 0 0 0 0 0 0 0 0 0 0 0 0 0 0 0 0 0 0 0 0 0 0 0 0 0
    0 0 0 0 0 0 0 0 0 0 0 0 0 0 0 0 0 0 0 0 0 0 0 0 0 0 0 0 0 0 0 0 0 0
    0 0 0 0 0 0 0 0 0 0 0 0 0 0 0 0 0 0 0 0 0 0 0 0 0 0 0 0 0 0 0 0 0 0
    0 0 0 0 0 0 0 0 0 0 0 0 0 0 0 0 0 0 0 0 0 0 0 0 0 0 0 0 0 0 0 0 0 0
    0 0 0 0 0 0 0 0 0 0 0 0 0 0 0 0 0 0 0 0 0 0 0 0 0 0 0 0 0 0 0 0 0 0
    0 0 0 0 0 0 0 0 0 0 0 0 0 0 0 0 0 0 0 0 0 0 0 0 0 0 0 0 0 0 0 0 0 0
    0 0 0 0 0 0 0 0 0 0 0 0 0 0 0 0 0 0 0 0 0 0 0 0 0 0 0 0 0 0 0 0 0 0
    0 0 0 0 0 0 0 0 0 0 0 0 0 0 0 0 0 0 0 0 0 0 0 0 0 0 0 0 0 0 0 0 0 0
    0 0 0 0 0 0 0 0 0 0 0 0 0 0 0 0 0 0 0 0 0 0 0 0 0 0 0 0 0 0 0 0 0 0
    0 0 0 0 0 0 0 0 0 0 0 0 0 0 0 0 0 0 0 0 0 0 0 0 0 0 0 0 0 0 0 0 0 0
    0 0 0 0 0 0 0 0 0 0 0 0 0 0 0 0 0 0 0 0 0 0 0 0 0 0 0 0 0 0 0 0 0 0
    0 0 0 0 0 0 0 0 0 0 0 0 0 0 0 0 0 0 0 0 0 0 0 0 0 0 0 0 0 0 0 0 0 0
    0 0 0 0 0 0 0 0 0 0 0 0 0 0 0 0 0 0 0 0 0 0 0 0 0 0 0 0 0 0 0 0 0 0
    0 0 0 0 0 0 0 0 0 0 0 0 0 0 0 0 0 0 0 0 0 0 0 0 0 0 0 0 0 0 0 0 0 0
    0 0 0 0 0 0 0 0 0 0 0 0 0 0 0 0 0 0 0 0 0 0 0 0 0 0 0 0 0 0 0 0 0 0
    0 0 0 0 0 0 0 0 0 0 0 0 0 0 0 0 0 0 0 0 0 0 0 0 0 0 0 0 0 0 0 0 0 0
    0 0 0 0 0 0 0 0 0 0 0 0 0 0 0 0 0 0 0 0 0 0 0 0 0 0 0 0 0 0 0 0 0 0
    0 0 0 0 0 0 0 0 0 0 0 0 0 0 0 0 0 0 0 0 0 0 0 0 0 0 0 0 0 0 0 0 0 0
    0 0 0 0 0 0 0 0 0 0 0 0 0 0 0 0 0 0 0 0 0 0 0 0 0 0 0 0 0 0 0 0 0 0
    0 0 0 0 0 0 0 0 0 0 0 0 0 0 0 0 0 0 0 0 0 0 0 0 0 0 0 0 0 0 0 0 0 0
    0 0 0 0 0 0 0 0 0 0 0 0 0 0 0 0 0 0 0 0 0 0 0 0 0 0 0 0 0 0 0 0 0 0
    0 0 0 0 0 0 0 0 0 0 0 0 0 0 0 0 0 0 0 0 0 0 0 0 0 0 0 0 0 0 0 0 0 0
    0 0 0 0 0 0 0 0 0 0 0 0 0 0 0 0 0 0 0 0 0 0 0 0 0 0 0 0 0 0 0 0 0 0
    0 0 0 0 0 0 0 0 0 0 0 0 0 0 0 0 0 0 0 0 0 0 0 0 0 0 0 0 0 0 0 0 0 0
    0 0 0 0 0 0 0 0 0 0 0 0 0 0 0 0 0 0 0 0 0 0 0 0 0 0 0 0 0 0 0 0 0 0
    0 0 0 0 0 0 0 0 0 0 0 0 0 0 0 0 0 0 0 0 0 0 0 0 0 0 0 0 0 0 0 0 0 0
    0 0 0 0 0 0 0 0 0 0 0 0 0 0 0 0 0 0 0 0 0 0 0 0 0 0 0 0 0 0 0 0 0 0
    0 0 0 0 0 0 0 0 0 0 0 0 0 0 0 0 0 0 0 0 0 0 0 0 0 0 0 0 0 0 0 0 0 0
    0 0 0 0 0 0 0 0 0 0 0 0 0 0 0 0 0 0 0 0 0 0 0 0 0 0 0 0 0 0 0 0 0 0
    0 0 0 0 0 0 0 0 0 0 0 0 0 0 0 0 0 0 0 0 0 0 0 0 0 0 0 0 0 0 0 0 0 0
    0 0 0 0 0 0 0 0 0 0 0 0 0 0 0 0 0 0 0 0 0 0 0 0 0 0 0 0 0 0 0 0 0 0
    0 0 0 0 0 0 0 0 0 0 0 0 0 0 0 0 0 0 0 0 0 0 0 0 0 0 0 0 0 0 0 0 0 0
    0 0 0 0 0 0 0 0 0 0 0 0 0 0 0 0 0 0 0 0 0 0 0 0 0 0 0 0 0 0 0 0 0 0
    0 0 0 0 0 0 0 0 0 0 0 0 0 0 0 0 0 0 0 0 0 0 0 0 0 0 0 0 0 0 0 0 0 0
    0 0 0 0 0 0 0 0 0 0 0 0 0 0 0 0 0 0 0 0 0 0 0 0 0 0 0 0 0 0 0 0 0 0
    0 0 0 0 0 0 0 0 0 0 0 0 0 0 0 0 0 0 0 0 0 0 0 0 0 0 0 0 0 0 0 0 0 0
    0 0 0 0 0 0 0 0 0 0 0 0 0 0 0 0 0 0 0 0 0 0 0 0 0 0 0 0 0 0 0 0 0 0
    0 0 0 0 0 0 0 0 0 0 0 0 0 0 0 0 0 0 0 0 0 0 0 0 0 0 0 0 0 0 0 0 0 0
    0 0 0 0 0 0 0 0 0 0 0 0 0 0 0 0 0 0 0 0 0 0 0 0 0 0 0 0 0 0 0 0 0 0
    0 0 0 0 0 0 0 0 0 0 0 0 0 0 0 0 0 0 0 0 0 0 0 0 0 0 0 0 0 0 0 0 0 0
    0 0 0 0 0 0 0 0 0 0 0 0 0 0 0 0 0 0 0 0 0 0 0 0 0 0 0 0 0 0 0 0 0 0
    0 0 0 0 0 0 0 0 0 0 0 0 0 0 0 0 0 0 0 0 0 0 0 0 0 0 0 0 0 0 0 0 0 0
    0 0 0 0 0 0 0 0 0 0 0 0 0 0 0 0 0 0 0 0 0 0 0 0 0 0 0 0 0 0 0 0 0 0
    0 0 0 0 0 0 0 0 0 0 0 0 0 0 0 0 0 0 0 0 0 0 0 0 0 0 0 0 0 0 0 0 0 0
    0 0 0 0 0 0 0 0 0 0 0 0 0 0 0 0 0 0 0 0 0 0 0 0 0 0 0 0 0 0 0 0 0 0
    0 0 0 0 0 0 0 0 0 0 0 0 0 0 0 0 0 0 0 0 0 0 0 0 0 0 0 0 0 0 0 0 0 0
    0 0 0 0 0 0 0 0 0 0 0 0 0 0 0 0 0 0 0 0 0 0 0 0 0 0 0 0 0 0 0 0 0 0
    0 0 0 0 0 0 0 0 0 0 0 0 0 0 0 0 0 0 0 0 0 0 0 0 0 0 0 0 0 0 0 0 0 0
    0 0 0 0 0 0 0 0 0 0 0 0 0 0 0 0 0 0 0 0 0 0 0 0 0 0 0 0 0 0 0 0 0 0
    0 0 0 0 0 0 0 0 0 0 0 0 0 0 0 0 0 0 0 0 0 0 0 0 0 0 0 0 0 0 0 0 0 0
    0 0 0 0 0 0 0 0 0 0 0 0 0 0 0 0 0 0 0 0 0 0 0 0 0 0 0 0 0 0 0 0 0 0
    0 0 0 0 0 0 0 0 0 0 0 0 0 0 0 0 0 0 0 0 0 0 0 0 0 0 0 0 0 0 0 0 0 0
    0 0 0 0 0 0 0 0 0 0 0 0 0 0 0 0 0 0 0 0 0 0 0 0 0 0 0 0 0 0 0 0 0 0
    0 0 0 0 0 0 0 0 0 0 0 0 0 0 0 0 0 0 0 0 0 0 0 0 0 0 0 0 0 0 0 0 0 0
    0 0 0 0 0 0 0 0 0 0 0 0 0 0 0 0 0 0 0 0 0 0 0 0 0 0 0 0 0 0 0 0 0 0
    0 0 0 0 0 0 0 0 0 0 0 0 0 0 0 0 0 0 0 0 0 0 0 0 0 0 0 0 0 0 0 0 0 0
    0 0 0 0 0 0 0 0 0 0 0 0 0 0 0 0 0 0 0 0 0 0 0 0 0 0 0 0 0 0 0 0 0 0
    0 0 0 0 0 0 0 0 0 0 0 0 0 0 0 0 0 0 0 0 0 0 0 0 0 0 0 0 0 0 0 0 0 0
    0 0 0 0 0 0 0 0 0 0 0 0 0 0 0 0 0 0 0 0 0 0 0 0 0 0 0 0 0 0 0 0 0 0
    0 0 0 0 0 0 0 0 0 0 0 0 0 0 0 0 0 0 0 0 0 0 0 0 0 0 0 0 0 0 0 0 0 0
    0 0 0 0 0 0 0 0 0 0 0 0 0 0 0 0 0 0 0 0 0 0 0 0 0 0 0 0 0 0 0 0 0 0
    0 0 0 0 0 0 0 0 0 0 0 0 0 0 0 0 0 0 0 0 0 0 0 0 0 0 0 0 0 0 0 0 0 0
    0 0 0 0 0 0 0 0 0 0 0 0 0 0 0 0 0 0 0 0 0 0 0 0 0 0 0 0 0 0 0 0 0 0
    0 0 0 0 0 0 0 0 0 0 0 0 0 0 0 0 0 0 0 0 0 0 0 0 0 0 0 0 0 0 0 0 0 0
    0 0 0 0 0 0 0 0 0 0 0 0 0 0 0 0 0 0 0 0 0 0 0 0 0 0 0 0 0 0 0 0 0 0
    0 0 0 0 0 0 0 0 0 0 0 0 0 0 0 0 0 0 0 0 0 0 0 0 0 0 0 0 0 0 0 0 0 0
    0 0 0 0 0 0 0 0 0 0 0 0 0 0 0 0 0 0 0 0 0 0 0 0 0 0 0 0 0 0 0 0 0 0
    0 0 0 0 0 0 0 0 0 0 0 0 0 0 0 0 0 0 0 0 0 0 0 0 0 0 0 0 0 0 0 0 0 0
    0 0 0 0 0 0 0 0 0 0 0 0 0 0 0 0 0 0 0 0 0 0 0 0 0 0 0 0 0 0 0 0 0 0
    0 0 0 0 0 0 0 0 0 0 0 0 0 0 0 0 0 0 0 0 0 0 0 0 0 0 0 0 0 0 0 0 0 0
    0 0 0 0 0 0 0 0 0 0 0 0 0 0 0 0 0 0 0 0 0 0 0 0 0 0 0 0 0 0 0 0 0 0
    0 0 0 0 0 0 0 0 0 0 0 0 0 0 0 0 0 0 0 0 0 0 0 0 0 0 0 0 0 0 0 0 0 0
    0 0 0 0 0 0 0 0 0 0 0 0 0 0 0 0 0 0 0 0 0 0 0 0 0 0 0 0 0 0 0 0 0 0
    0 0 0 0 0 0 0 0 0 0 0 0 0 0 0 0 0 0 0 0 0 0 0 0 0 0 0 0 0 0 0 0 0 0
    0 0 0 0 0 0 0 0 0 0 0 0 0 0 0 0 0 0 0 0 0 0 0 0 0 0 0 0 0 0 0 0 0 0
    0 0 0 0 0 0 0 0 0 0 0 0 0 0 0 0 0 0 0 0 0 0 0 0 0 0 0 0 0 0 0 0 0 0
    0 0 0 0 0 0 0 0 0 0 0 0 0 0 0 0 0 0 0 0 0 0 0 0 0 0 0 0 0 0 0 0 0 0
    0 0 0 0 0 0 0 0 0 0 0 0 0 0 0 0 0 0 0 0 0 0 0 0 0 0 0 0 0 0 0 0 0 0
    0 0 0 0 0 0 0 0 0 0 0 0 0 0 0 0 0 0 0 0 0 0 0 0 0 0 0 0 0 0 0 0 0 0
    0 0 0 0 0 0 0 0 0 0 0 0 0 0 0 0 0 0 0 0 0 0 0 0 0 0 0 0 0 0 0 0 0 0
    0 0 0 0 0 0 0 0 0 0 0 0 0 0 0 0 0 0 0 0 0 0 0 0 0 0 0 0 0 0 0 0 0 0
    0 0 0 0 0 0 0 0 0 0 0 0 0 0 0 0 0 0 0 0 0 0 0 0 0 0 0 0 0 0 0 0 0 0
    0 0 0 0 0 0 0 0 0 0 0 0 0 0 0 0 0 0 0 0 0 0 0 0 0 0 0 0 0 0 0 0 0 0
    0 0 0 0 0 0 0 0 0 0 0 0 0 0 0 0 0 0 0 0 0 0 0 0 0 0 0 0 0 0 0 0 0 0
    0 0 0 0 0 0 0 0 0 0 0 0 0 0 0 0 0 0 0 0 0 0 0 0 0 0 0 0 0 0 0 0 0 0
    0 0 0 0 0 0 0 0 0 0 0 0 0 0 0 0 0 0 0 0 0 0 0 0 0 0 0 0 0 0 0 0 0 0
    0 0 0 0 0 0 0 0 0 0 0 0 0 0 0 0 0 0 0 0 0 0 0 0 0 0 0 0 0 0 0 0 0 0
    0 0 0 0 0 0 0 0 0 0 0 0 0 0 0 0 0 0 0 0 0 0 0 0 0 0 0 0 0 0 0 0 0 0
    0 0 0 0 0 0 0 0 0 0 0 0 0 0 0 0 0 0 0 0 0 0 0 0 0 0 0 0 0 0 0 0 0 0
    0 0 0 0 0 0 0 0 0 0 0 0 0 0 0 0 0 0 0 0 0 0 0 0 0 0 0 0 0 0 0 0 0 0
    0 0 0 0 0 0 0 0 0 0 0 0 0 0 0 0 0 0 0 0 0 0 0 0 0 0 0 0 0 0 0 0 0 0
    0 0 0 0 0 0 0 0 0 0 0 0 0 0 0 0 0 0 0 0 0 0 0 0 0 0 0 0 0 0 0 0 0 0
    0 0 0 0 0 0 0 0 0 0 0 0 0 0 0 0 0 0 0 0 0 0 0 0 0 0 0 0 0 0 0 0 0 0
    0 0 0 0 0 0 0 0 0 0 0 0 0 0 0 0 0 0 0 0 0 0 0 0 0 0 0 0 0 0 0 0 0 0
    0 0 0 0 0 0 0 0 0 0 0 0 0 0 0 0 0 0 0 0 0 0 0 0 0 0 0 0 0 0 0 0 0 0
    0 0 0 0 0 0 0 0 0 0 0 0 0 0 0 0 0 0 0 0 0 0 0 0 0 0 0 0 0 0 0 0 0 0
    0 0 0 0 0 0 0 0 0 0 0 0 0 0 0 0 0 0 0 0 0 0 0 0 0 0 0 0 0 0 0 0 0 0
    0 0 0 0 0 0 0 0 0 0 0 0 0 0 0 0 0 0 0 0 0 0 0 0 0 0 0 0 0 0 0 0 0 0
    0 0 0 0 0 0 0 0 0 0 0 0 0 0 0 0 0 0 0 0 0 0 0 0 0 0 0 0 0 0 0 0 0 0
    0 0 0 0 0 0 0 0 0 0 0 0 0 0 0 0 0 0 0 0 0 0 0 0 0 0 0 0 0 0 0 0 0 0
    0 0 0 0 0 0 0 0 0 0 0 0 0 0 0 0 0 0 0 0 0 0 0 0 0 0 0 0 0 0 0 0 0 0
    0 0 0 0 0 0 0 0 0 0 0 0 0 0 0 0 0 0 0 0 0 0 0 0 0 0 0 0 0 0 0 0 0 0
    0 0 0 0 0 0 0 0 0 0 0 0 0 0 0 0 0 0 0 0 0 0 0 0 0 0 0 0 0 0 0 0 0 0
    0 0 0 0 0 0 0 0 0 0 0 0 0 0 0 0 0 0 0 0 0 0 0 0 0 0 0 0 0 0 0 0 0 0
    0 0 0 0 0 0 0 0 0 0 0 0 0 0 0 0 0 0 0 0 0 0 0 0 0 0 0 0 0 0 0 0 0 0
    0 0 0 0 0 0 0 0 0 0 0 0 0 0 0 0 0 0 0 0 0 0 0 0 0 0 0 0 0 0 0 0 0 0
    0 0 0 0 0 0 0 0 0 0 0 0 0 0 0 0 0 0 0 0 0 0 0 0 0 0 0 0 0 0 0 0 0 0
    0 0 0 0 0 0 0 0 0 0 0 0 0 0 0 0 0 0 0 0 0 0 0 0 0 0 0 0 0 0 0 0 0 0
    0 0 0 0 0 0 0 0 0 0 0 0 0 0 0 0 0 0 0 0 0 0 0 0 0 0 0 0 0 0 0 0 0 0
    0 0 0 0 0 0 0 0 0 0 0 0 0 0 0 0 0 0 0 0 0 0 0 0 0 0 0 0 0 0 0 0 0 0
    0 0 0 0 0 0 0 0 0 0 0 0 0 0 0 0 0 0 0 0 0 0 0 0 0 0 0 0 0 0 0 0 0 0
    0 0 0 0 0 0 0 0 0 0 0 0 0 0 0 0 0 0 0 0 0 0 0 0 0 0 0 0 0 0 0 0 0 0
    0 0 0 0 0 0 0 0 0 0 0 0 0 0 0 0 0 0 0 0 0 0 0 0 0 0 0 0 0 0 0 0 0 0
    0 0 0 0 0 0 0 0 0 0 0 0 0 0 0 0 0 0 0 0 0 0 0 0 0 0 0 0 0 0 0 0 0 0
    0 0 0 0 0 0 0 0 0 0 0 0 0 0 0 0 0 0 0 0 0 0 0 0 0 0 0 0 0 0 0 0 0 0
    0 0 0 0 0 0 0 0 0 0 0 0 0 0 0 0 0 0 0 0 0 0 0 0 0 0 0 0 0 0 0 0 0 0
    0 0 0 0 0 0 0 0 0 0 0 0 0 0 0 0 0 0 0 0 0 0 0 0 0 0 0 0 0 0 0 0 0 0
    0 0 0 0 0 0 0 0 0 0 0 0 0 0 0 0 0 0 0 0 0 0 0 0 0 0 0 0 0 0 0 0 0 0
    0 0 0 0 0 0 0 0 0 0 0 0 0 0 0 0 0 0 0 0 0 0 0 0 0 0 0 0 0 0 0 0 0 0
    0 0 0 0 0 0 0 0 0 0 0 0 0 0 0 0 0 0 0 0 0 0 0 0 0 0 0 0 0 0 0 0 0 0
    0 0 0 0 0 0 0 0 0 0 0 0 0 0 0 0 0 0 0 0 0 0 0 0 0 0 0 0 0 0 0 0 0 0
    0 0 0 0 0 0 0 0 0 0 0 0 0 0 0 0 0 0 0 0 0 0 0 0 0 0 0 0 0 0 0 0 0 0
    0 0 0 0 0 0 0 0 0 0 0 0 0 0 0 0 0 0 0 0 0 0 0 0 0 0 0 0 0 0 0 0 0 0
    0 0 0 0 0 0 0 0 0 0 0 0 0 0 0 0 0 0 0 0 0 0 0 0 0 0 0 0 0 0 0 0 0 0
    0 0 0 0 0 0 0 0 0 0 0 0 0 0 0 0 0 0 0 0 0 0 0 0 0 0 0 0 0 0 0 0 0 0
    0 0 0 0 0 0 0 0 0 0 0 0 0 0 0 0 0 0 0 0 0 0 0 0 0 0 0 0 0 0 0 0 0 0
    0 0 0 0 0 0 0 0 0 0 0 0 0 0 0 0 0 0 0 0 0 0 0 0 0 0 0 0 0 0 0 0 0 0
    0 0 0 0 0 0 0 0 0 0 0 0 0 0 0 0 0 0 0 0 0 0 0 0 0 0 0 0 0 0 0 0 0 0
    0 0 0 0 0 0 0 0 0 0 0 0 0 0 0 0 0 0 0 0 0 0 0 0 0 0 0 0 0 0 0 0 0 0
    0 0 0 0 0 0 0 0 0 0 0 0 0 0 0 0 0 0 0 0 0 0 0 0 0 0 0 0 0 0 0 0 0 0
    0 0 0 0 0 0 0 0 0 0 0 0 0 0 0 0 0 0 0 0 0 0 0 0 0 0 0 0 0 0 0 0 0 0
    0 0 0 0 0 0 0 0 0 0 0 0 0 0 0 0 0 0 0 0 0 0 0 0 0 0 0 0 0 0 0 0 0 0
    0 0 0 0 0 0 0 0 0 0 0 0 0 0 0 0 0 0 0 0 0 0 0 0 0 0 0 0 0 0 0 0 0 0
    0 0 0 0 0 0 0 0 0 0 0 0 0 0 0 0 0 0 0 0 0 0 0 0 0 0 0 0 0 0 0 0 0 0
    0 0 0 0 0 0 0 0 0 0 0 0 0 0 0 0 0 0 0 0 0 0 0 0 0 0 0 0 0 0 0 0 0 0
    0 0 0 0 0 0 0 0 0 0 0 0 0 0 0 0 0 0 0 0 0 0 0 0 0 0 0 0 0 0 0 0 0 0
    0 0 0 0 0 0 0 0 0 0 0 0 0 0 0 0 0 0 0 0 0 0 0 0 0 0 0 0 0 0 0 0 0 0
    0 0 0 0 0 0 0 0 0 0 0 0 0 0 0 0 0 0 0 0 0 0 0 0 0 0 0 0 0 0 0 0 0 0
    0 0 0 0 0 0 0 0 0 0 0 0 0 0 0 0 0 0 0 0 0 0 0 0 0 0 0 0 0 0 0 0 0 0
    0 0 0 0 0 0 0 0 0 0 0 0 0 0 0 0 0 0 0 0 0 0 0 0 0 0 0 0 0 0 0 0 0 0
    0 0 0 0 0 0 0 0 0 0 0 0 0 0 0 0 0 0 0 0 0 0 0 0 0 0 0 0 0 0 0 0 0 0
    0 0 0 0 0 0 0 0 0 0 0 0 0 0 0 0 0 0 0 0 0 0 0 0 0 0 0 0 0 0 0 0 0 0
    0 0 0 0 0 0 0 0 0 0 0 0 0 0 0 0 0 0 0 0 0 0 0 0 0 0 0 0 0 0 0 0 0 0
    0 0 0 0 0 0 0 0 0 0 0 0 0 0 0 0 0 0 0 0 0 0 0 0 0 0 0 0 0 0 0 0 0 0
    0 0 0 0 0 0 0 0 0 0 0 0 0 0 0 0 0 0 0 0 0 0 0 0 0 0 0 0 0 0 0 0 0 0
    0 0 0 0 0 0 0 0 0 0 0 0 0 0 0 0 0 0 0 0 0 0 0 0 0 0 0 0 0 0 0 0 0 0
    0 0 0 0 0 0 0 0 0 0 0 0 0 0 0 0 0 0 0 0 0 0 0 0 0 0 0 0 0 0 0 0 0 0
    0 0 0 0 0 0 0 0 0 0 0 0 0 0 0 0 0 0 0 0 0 0 0 0 0 0 0 0 0 0 0 0 0 0
    0 0 0 0 0 0 0 0 0 0 0 0 0 0 0 0 0 0 0 0 0 0 0 0 0 0 0 0 0 0 0 0 0 0
    0 0 0 0 0 0 0 0 0 0 0 0 0 0 0 0 0 0 0 0 0 0 0 0 0 0 0 0 0 0 0 0 0 0
    0 0 0 0 0 0 0 0 0 0 0 0 0 0 0 0 0 0 0 0 0 0 0 0 0 0 0 0 0 0 0 0 0 0
    0 0 0 0 0 0 0 0 0 0 0 0 0 0 0 0 0 0 0 0 0 0 0 0 0 0 0 0 0 0 0 0 0 0
    0 0 0 0 0 0 0 0 0 0 0 0 0 0 0 0 0 0 0 0 0 0 0 0 0 0 0 0 0 0 0 0 0 0
    0 0 0 0 0 0 0 0 0 0 0 0 0 0 0 0 0 0 0 0 0 0 0 0 0 0 0 0 0 0 0 0 0 0
    0 0 0 0 0 0 0 0 0 0 0 0 0 0 0 0 0 0 0 0 0 0 0 0 0 0 0 0 0 0 0 0 0 0
    0 0 0 0 0 0 0 0 0 0 0 0 0 0 0 0 0 0 0 0 0 0 0 0 0 0 0 0 0 0 0 0 0 0
    0 0 0 0 0 0 0 0 0 0 0 0 0 0 0 0 0 0 0 0 0 0 0 0 0 0 0 0 0 0 0 0 0 0
    0 0 0 0 0 0 0 0 0 0 0 0 0 0 0 0 0 0 0 0 0 0 0 0 0 0 0 0 0 0 0 0 0 0
    0 0 0 0 0 0 0 0 0 0 0 0 0 0 0 0 0 0 0 0 0 0 0 0 0 0 0 0 0 0 0 0 0 0
    0 0 0 0 0 0 0 0 0 0 0 0 0 0 0 0 0 0 0 0 0 0 0 0 0 0 0 0 0 0 0 0 0 0
    0 0 0 0 0 0 0 0 0 0 0 0 0 0 0 0 0 0 0 0 0 0 0 0 0 0 0 0 0 0 0 0 0 0
    0 0 0 0 0 0 0 0 0 0 0 0 0 0 0 0 0 0 0 0 0 0 0 0 0 0 0 0 0 0 0 0 0 0
    0 0 0 0 0 0 0 0 0 0 0 0 0 0 0 0 0 0 0 0 0 0 0 0 0 0 0 0 0 0 0 0 0 0
    0 0 0 0 0 0 0 0 0 0 0 0 0 0 0 0 0 0 0 0 0 0 0 0 0 0 0 0 0 0 0 0 0 0
    0 0 0 0 0 0 0 0 0 0 0 0 0 0 0 0 0 0 0 0 0 0 0 0 0 0 0 0 0 0 0 0 0 0
    0 0 0 0 0 0 0 0 0 0 0 0 0 0 0 0 0 0 0 0 0 0 0 0 0 0 0 0 0 0 0 0 0 0
    0 0 0 0 0 0 0 0 0 0 0 0 0 0 0 0 0 0 0 0 0 0 0 0 0 0 0 0 0 0 0 0 0 0
    0 0 0 0 0 0 0 0 0 0 0 0 0 0 0 0 0 0 0 0 0 0 0 0 0 0 0 0 0 0 0 0 0 0
    0 0 0 0 0 0 0 0 0 0 0 0 0 0 0 0 0 0 0 0 0 0 0 0 0 0 0 0 0 0 0 0 0 0
    0 0 0 0 0 0 0 0 0 0 0 0 0 0 0 0 0 0 0 0 0 0 0 0 0 0 0 0 0 0 0 0 0 0
    0 0 0 0 0 0 0 0 0 0 0 0 0 0 0 0 0 0 0 0 0 0 0 0 0 0 0 0 0 0 0 0 0 0
    0 0 0 0 0 0 0 0 0 0 0 0 0 0 0 0 0 0 0 0 0 0 0 0 0 0 0 0 0 0 0 0 0 0
    0 0 0 0 0 0 0 0 0 0 0 0 0 0 0 0 0 0 0 0 0 0 0 0 0 0 0 0 0 0 0 0 0 0
    0 0 0 0 0 0 0 0 0 0 0 0 0 0 0 0 0 0 0 0 0 0 0 0 0 0 0 0 0 0 0 0 0 0
    0 0 0 0 0 0 0 0 0 0 0 0 0 0 0 0 0 0 0 0 0 0 0 0 0 0 0 0 0 0 0 0 0 0
    0 0 0 0 0 0 0 0 0 0 0 0 0 0 0 0 0 0 0 0 0 0 0 0 0 0 0 0 0 0 0 0 0 0
    0 0 0 0 0 0 0 0 0 0 0 0 0 0 0 0 0 0 0 0 0 0 0 0 0 0 0 0 0 0 0 0 0 0
    0 0 0 0 0 0 0 0 0 0 0 0 0 0 0 0 0 0 0 0 0 0 0 0 0 0 0 0 0 0 0 0 0 0
    0 0 0 0 0 0 0 0 0 0 0 0 0 0 0 0 0 0 0 0 0 0 0 0 0 0 0 0 0 0 0 0 0 0
    0 0 0 0 0 0 0 0 0 0 0 0 0 0 0 0 0 0 0 0 0 0 0 0 0 0 0 0 0 0 0 0 0 0
    0 0 0 0 0 0 0 0 0 0 0 0 0 0 0 0 0 0 0 0 0 0 0 0 0 0 0 0 0 0 0 0 0 0
    0 0 0 0 0 0 0 0 0 0 0 0 0 0 0 0 0 0 0 0 0 0 0 0 0 0 0 0 0 0 0 0 0 0
    0 0 0 0 0 0 0 0 0 0 0 0 0 0 0 0 0 0 0 0 0 0 0 0 0 0 0 0 0 0 0 0 0 0
    0 0 0 0 0 0 0 0 0 0 0 0 0 0 0 0 0 0 0 0 0 0 0 0 0 0 0 0 0 0 0 0 0 0
    0 0 0 0 0 0 0 0 0 0 0 0 0 0 0 0 0 0 0 0 0 0 0 0 0 0 0 0 0 0 0 0 0 0
    0 0 0 0 0 0 0 0 0 0 0 0 0 0 0 0 0 0 0 0 0 0 0 0 0 0 0 0 0 0 0 0 0 0
    0 0 0 0 0 0 0 0 0 0 0 0 0 0 0 0 0 0 0 0 0 0 0 0 0 0 0 0 0 0 0 0 0 0
    0 0 0 0 0 0 0 0 0 0 0 0 0 0 0 0 0 0 0 0 0 0 0 0 0 0 0 0 0 0 0 0 0 0
    0 0 0 0 0 0 0 0 0 0 0 0 0 0 0 0 0 0 0 0 0 0 0 0 0 0 0 0 0 0 0 0 0 0
    0 0 0 0 0 0 0 0 0 0 0 0 0 0 0 0 0 0 0 0 0 0 0 0 0 0 0 0 0 0 0 0 0 0
    0 0 0 0 0 0 0 0 0 0 0 0 0 0 0 0 0 0 0 0 0 0 0 0 0 0 0 0 0 0 0 0 0 0
    0 0 0 0 0 0 0 0 0 0 0 0 0 0 0 0 0 0 0 0 0 0 0 0 0 0 0 0 0 0 0 0 0 0
    0 0 0 0 0 0 0 0 0 0 0 0 0 0 0 0 0 0 0 0 0 0 0 0 0 0 0 0 0 0 0 0 0 0
    0 0 0 0 0 0 0 0 0 0 0 0 0 0 0 0 0 0 0 0 0 0 0 0 0 0 0 0 0 0 0 0 0 0
    0 0 0 0 0 0 0 0 0 0 0 0 0 0 0 0 0 0 0 0 0 0 0 0 0 0 0 0 0 0 0 0 0 0
    0 0 0 0 0 0 0 0 0 0 0 0 0 0 0 0 0 0 0 0 0 0 0 0 0 0 0 0 0 0 0 0 0 0
    0 0 0 0 0 0 0 0 0 0 0 0 0 0 0 0 0 0 0 0 0 0 0 0 0 0 0 0 0 0 0 0 0 0
    0 0 0 0 0 0 0 0 0 0 0 0 0 0 0 0 0 0 0 0 0 0 0 0 0 0 0 0 0 0 0 0 0 0
    0 0 0 0 0 0 0 0 0 0 0 0 0 0 0 0 0 0 0 0 0 0 0 0 0 0 0 0 0 0 0 0 0 0
    0 0 0 0 0 0 0 0 0 0 0 0 0 0 0 0 0 0 0 0 0 0 0 0 0 0 0 0 0 0 0 0 0 0
    0 0 0 0 0 0 0 0 0 0 0 0 0 0 0 0 0 0 0 0 0 0 0 0 0 0 0 0 0 0 0 0 0 0
    0 0 0 0 0 0 0 0 0 0 0 0 0 0 0 0 0 0 0 0 0 0 0 0 0 0 0 0 0 0 0 0 0 0
    0 0 0 0 0 0 0 0 0 0 0 0 0 0 0 0 0 0 0 0 0 0 0 0 0 0 0 0 0 0 0 0 0 0
    0 0 0 0 0 0 0 0 0 0 0 0 0 0 0 0 0 0 0 0 0 0 0 0 0 0 0 0 0 0 0 0 0 0
    0 0 0 0 0 0 0 0 0 0 0 0 0 0 0 0 0 0 0 0 0 0 0 0 0 0 0 0 0 0 0 0 0 0
    0 0 0 0 0 0 0 0 0 0 0 0 0 0 0 0 0 0 0 0 0 0 0 0 0 0 0 0 0 0 0 0 0 0
    0 0 0 0 0 0 0 0 0 0 0 0 0 0 0 0 0 0 0 0 0 0 0 0 0 0 0 0 0 0 0 0 0 0
    0 0 0 0 0 0 0 0 0 0 0 0 0 0 0 0 0 0 0 0 0 0 0 0 0 0 0 0 0 0 0 0 0 0
    0 0 0 0 0 0 0 0 0 0 0 0 0 0 0 0 0 0 0 0 0 0 0 0 0 0 0 0 0 0 0 0 0 0
    0 0 0 0 0 0 0 0 0 0 0 0 0 0 0 0 0 0 0 0 0 0 0 0 0 0 0 0 0 0 0 0 0 0
    0 0 0 0 0 0 0 0 0 0 0 0 0 0 0 0 0 0 0 0 0 0 0 0 0 0 0 0 0 0 0 0 0 0
    0 0 0 0 0 0 0 0 0 0 0 0 0 0 0 0 0 0 0 0 0 0 0 0 0 0 0 0 0 0 0 0 0 0
    0 0 0 0 0 0 0 0 0 0 0 0 0 0 0 0 0 0 0 0 0 0 0 0 0 0 0 0 0 0 0 0 0 0
    0 0 0 0 0 0 0 0 0 0 0 0 0 0 0 0 0 0 0 0 0 0 0 0 0 0 0 0 0 0 0 0 0 0
    0 0 0 0 0 0 0 0 0 0 0 0 0 0 0 0 0 0 0 0 0 0 0 0 0 0 0 0 0 0 0 0 0 0
    0 0 0 0 0 0 0 0 0 0 0 0 0 0 0 0 0 0 0 0 0 0 0 0 0 0 0 0 0 0 0 0 0 0
    0 0 0 0 0 0 0 0 0 0 0 0 0 0 0 0 0 0 0 0 0 0 0 0 0 0 0 0 0 0 0 0 0 0
    0 0 0 0 0 0 0 0 0 0 0 0 0 0 0 0 0 0 0 0 0 0 0 0 0 0 0 0 0 0 0 0 0 0
    0 0 0 0 0 0 0 0 0 0 0 0 0 0 0 0 0 0 0 0 0 0 0 0 0 0 0 0 0 0 0 0 0 0
    0 0 0 0 0 0 0 0 0 0 0 0 0 0 0 0 0 0 0 0 0 0 0 0 0 0 0 0 0 0 0 0 0 0
    0 0 0 0 0 0 0 0 0 0 0 0 0 0 0 0 0 0 0 0 0 0 0 0 0 0 0 0 0 0 0 0 0 0
    0 0 0 0 0 0 0 0 0 0 0 0 0 0 0 0 0 0 0 0 0 0 0 0 0 0 0 0 0 0 0 0 0 0
    0 0 0 0 0 0 0 0 0 0 0 0 0 0 0 0 0 0 0 0 0 0 0 0 0 0 0 0 0 0 0 0 0 0
    0 0 0 0 0 0 0 0 0 0 0 0 0 0 0 0 0 0 0 0 0 0 0 0 0 0 0 0 0 0 0 0 0 0
    0 0 0 0 0 0 0 0 0 0 0 0 0 0 0 0 0 0 0 0 0 0 0 0 0 0 0 0 0 0 0 0 0 0
    0 0 0 0 0 0 0 0 0 0 0 0 0 0 0 0 0 0 0 0 0 0 0 0 0 0 0 0 0 0 0 0 0 0
    0 0 0 0 0 0 0 0 0 0 0 0 0 0 0 0 0 0 0 0 0 0 0 0 0 0 0 0 0 0 0 0 0 0
    0 0 0 0 0 0 0 0 0 0 0 0 0 0 0 0 0 0 0 0 0 0 0 0 0 0 0 0 0 0 0 0 0 0
    0 0 0 0 0 0 0 0 0 0 0 0 0 0 0 0 0 0 0 0 0 0 0 0 0 0 0 0 0 0 0 0 0 0
    0 0 0 0 0 0 0 0 0 0 0 0 0 0 0 0 0 0 0 0 0 0 0 0 0 0 0 0 0 0 0 0 0 0
    0 0 0 0 0 0 0 0 0 0 0 0 0 0 0 0 0 0 0 0 0 0 0 0 0 0 0 0 0 0 0 0 0 0
    0 0 0 0 0 0 0 0 0 0 0 0 0 0 0 0 0 0 0 0 0 0 0 0 0 0 0 0 0 0 0 0 0 0
    0 0 0 0 0 0 0 0 0 0 0 0 0 0 0 0 0 0 0 0 0 0 0 0 0 0 0 0 0 0 0 0 0 0
    0 0 0 0 0 0 0 0 0 0 0 0 0 0 0 0 0 0 0 0 0 0 0 0 0 0 0 0 0 0 0 0 0 0
    0 0 0 0 0 0 0 0 0 0 0 0 0 0 0 0 0 0 0 0 0 0 0 0 0 0 0 0 0 0 0 0 0 0
    0 0 0 0 0 0 0 0 0 0 0 0 0 0 0 0 0 0 0 0 0 0 0 0 0 0 0 0 0 0 0 0 0 0
    0 0 0 0 0 0 0 0 0 0 0 0 0 0 0 0 0 0 0 0 0 0 0 0 0 0 0 0 0 0 0 0 0 0
    0 0 0 0 0 0 0 0 0 0 0 0 0 0 0 0 0 0 0 0 0 0 0 0 0 0 0 0 0 0 0 0 0 0
    0 0 0 0 0 0 0 0 0 0 0 0 0 0 0 0 0 0 0 0 0 0 0 0 0 0 0 0 0 0 0 0 0 0
    0 0 0 0 0 0 0 0 0 0 0 0 0 0 0 0 0 0 0 0 0 0 0 0 0 0 0 0 0 0 0 0 0 0
    0 0 0 0 0 0 0 0 0 0 0 0 0 0 0 0 0 0 0 0 0 0 0 0 0 0 0 0 0 0 0 0 0 0
    0 0 0 0 0 0 0 0 0 0 0 0 0 0 0 0 0 0 0 0 0 0 0 0 0 0 0 0 0 0 0 0 0 0
    0 0 0 0 0 0 0 0 0 0 0 0 0 0 0 0 0 0 0 0 0 0 0 0 0 0 0 0 0 0 0 0 0 0
    0 0 0 0 0 0 0 0 0 0 0 0 0 0 0 0 0 0 0 0 0 0 0 0 0 0 0 0 0 0 0 0 0 0
    0 0 0 0 0 0 0 0 0 0 0 0 0 0 0 0 0 0 0 0 0 0 0 0 0 0 0 0 0 0 0 0 0 0
    0 0 0 0 0 0 0 0 0 0 0 0 0 0 0 0 0 0 0 0 0 0 0 0 0 0 0 0 0 0 0 0 0 0
    0 0 0 0 0 0 0 0 0 0 0 0 0 0 0 0 0 0 0 0 0 0 0 0 0 0 0 0 0 0 0 0 0 0
    0 0 0 0 0 0 0 0 0 0 0 0 0 0 0 0 0 0 0 0 0 0 0 0 0 0 0 0 0 0 0 0 0 0
    0 0 0 0 0 0 0 0 0 0 0 0 0 0 0 0 0 0 0 0 0 0 0 0 0 0 0 0 0 0 0 0 0 0
    0 0 0 0 0 0 0 0 0 0 0 0 0 0 0 0 0 0 0 0 0 0 0 0 0 0 0 0 0 0 0 0 0 0
    0 0 0 0 0 0 0 0 0 0 0 0 0 0 0 0 0 0 0 0 0 0 0 0 0 0 0 0 0 0 0 0 0 0
    0 0 0 0 0 0 0 0 0 0 0 0 0 0 0 0 0 0 0 0 0 0 0 0 0 0 0 0 0 0 0 0 0 0
    0 0 0 0 0 0 0 0 0 0 0 0 0 0 0 0 0 0 0 0 0 0 0 0 0 0 0 0 0 0 0 0 0 0
    0 0 0 0 0 0 0 0 0 0 0 0 0 0 0 0 0 0 0 0 0 0 0 0 0 0 0 0 0 0 0 0 0 0
    0 0 0 0 0 0 0 0 0 0 0 0 0 0 0 0 0 0 0 0 0 0 0 0 0 0 0 0 0 0 0 0 0 0
    0 0 0 0 0 0 0 0 0 0 0 0 0 0 0 0 0 0 0 0 0 0 0 0 0 0 0 0 0 0 0 0 0 0
    0 0 0 0 0 0 0 0 0 0 0 0 0 0 0 0 0 0 0 0 0 0 0 0 0 0 0 0 0 0 0 0 0 0
    0 0 0 0 0 0 0 0 0 0 0 0 0 0 0 0 0 0 0 0 0 0 0 0 0 0 0 0 0 0 0 0 0 0
    0 0 0 0 0 0 0 0 0 0 0 0 0 0 0 0 0 0 0 0 0 0 0 0 0 0 0 0 0 0 0 0 0 0
    0 0 0 0 0 0 0 0 0 0 0 0 0 0 0 0 0 0 0 0 0 0 0 0 0 0 0 0 0 0 0 0 0 0
    0 0 0 0 0 0 0 0 0 0 0 0 0 0 0 0 0 0 0 0 0 0 0 0 0 0 0 0 0 0 0 0 0 0
    0 0 0 0 0 0 0 0 0 0 0 0 0 0 0 0 0 0 0 0 0 0 0 0 0 0 0 0 0 0 0 0 0 0
    0 0 0 0 0 0 0 0 0 0 0 0 0 0 0 0 0 0 0 0 0 0 0 0 0 0 0 0 0 0 0 0 0 0
    0 0 0 0 0 0 0 0 0 0 0 0 0 0 0 0 0 0 0 0 0 0 0 0 0 0 0 0 0 0 0 0 0 0
    0 0 0 0 0 0 0 0 0 0 0 0 0 0 0 0 0 0 0 0 0 0 0 0 0 0 0 0 0 0 0 0 0 0
    0 0 0 0 0 0 0 0 0 0 0 0 0 0 0 0 0 0 0 0 0 0 0 0 0 0 0 0 0 0 0 0 0 0
    0 0 0 0 0 0 0 0 0 0 0 0 0 0 0 0 0 0 0 0 0 0 0 0 0 0 0 0 0 0 0 0 0 0
    0 0 0 0 0 0 0 0 0 0 0 0 0 0 0 0 0 0 0 0 0 0 0 0 0 0 0 0 0 0 0 0 0 0
    0 0 0 0 0 0 0 0 0 0 0 0 0 0 0 0 0 0 0 0 0 0 0 0 0 0 0 0 0 0 0 0 0 0
    0 0 0 0 0 0 0 0 0 0 0 0 0 0 0 0 0 0 0 0 0 0 0 0 0 0 0 0 0 0 0 0 0 0
    0 0 0 0 0 0 0 0 0 0 0 0 0 0 0 0 0 0 0 0 0 0 0 0 0 0 0 0 0 0 0 0 0 0
    0 0 0 0 0 0 0 0 0 0 0 0 0 0 0 0 0 0 0 0 0 0 0 0 0 0 0 0 0 0 0 0 0 0
    0 0 0 0 0 0 0 0 0 0 0 0 0 0 0 0 0 0 0 0 0 0 0 0 0 0 0 0 0 0 0 0 0 0
    0 0 0 0 0 0 0 0 0 0 0 0 0 0 0 0 0 0 0 0 0 0 0 0 0 0 0 0 0 0 0 0 0 0
    0 0 0 0 0 0 0 0 0 0 0 0 0 0 0 0 0 0 0 0 0 0 0 0 0 0 0 0 0 0 0 0 0 0
    0 0 0 0 0 0 0 0 0 0 0 0 0 0 0 0 0 0 0 0 0 0 0 0 0 0 0 0 0 0 0 0 0 0
    0 0 0 0 0 0 0 0 0 0 0 0 0 0 0 0 0 0 0 0 0 0 0 0 0 0 0 0 0 0 0 0 0 0
    0 0 0 0 0 0 0 0 0 0 0 0 0 0 0 0 0 0 0 0 0 0 0 0 0 0 0 0 0 0 0 0 0 0
    0 0 0 0 0 0 0 0 0 0 0 0 0 0 0 0 0 0 0 0 0 0 0 0 0 0 0 0 0 0 0 0 0 0
    0 0 0 0 0 0 0 0 0 0 0 0 0 0 0 0 0 0 0 0 0 0 0 0 0 0 0 0 0 0 0 0 0 0
    0 0 0 0 0 0 0 0 0 0 0 0 0 0 0 0 0 0 0 0 0 0 0 0 0 0 0 0 0 0 0 0 0 0
    0 0 0 0 0 0 0 0 0 0 0 0 0 0 0 0 0 0 0 0 0 0 0 0 0 0 0 0 0 0 0 0 0 0
    0 0 0 0 0 0 0 0 0 0 0 0 0 0 0 0 0 0 0 0 0 0 0 0 0 0 0 0 0 0 0 0 0 0
    0 0 0 0 0 0 0 0 0 0 0 0 0 0 0 0 0 0 0 0 0 0 0 0 0 0 0 0 0 0 0 0 0 0
    0 0 0 0 0 0 0 0 0 0 0 0 0 0 0 0 0 0 0 0 0 0 0 0 0 0 0 0 0 0 0 0 0 0
    0 0 0 0 0 0 0 0 0 0 0 0 0 0 0 0 0 0 0 0 0 0 0 0 0 0 0 0 0 0 0 0 0 0
    0 0 0 0 0 0 0 0 0 0 0 0 0 0 0 0 0 0 0 0 0 0 0 0 0 0 0 0 0 0 0 0 0 0
    0 0 0 0 0 0 0 0 0 0 0 0 0 0 0 0 0 0 0 0 0 0 0 0 0 0 0 0 0 0 0 0 0 0
    0 0 0 0 0 0 0 0 0 0 0 0 0 0 0 0 0 0 0 0 0 0 0 0 0 0 0 0 0 0 0 0 0 0
    0 0 0 0 0 0 0 0 0 0 0 0 0 0 0 0 0 0 0 0 0 0 0 0 0 0 0 0 0 0 0 0 0 0
    0 0 0 0 0 0 0 0 0 0 0 0 0 0 0 0 0 0 0 0 0 0 0 0 0 0 0 0 0 0 0 0 0 0
    0 0 0 0 0 0 0 0 0 0 0 0 0 0 0 0 0 0 0 0 0 0 0 0 0 0 0 0 0 0 0 0 0 0
    0 0 0 0 0 0 0 0 0 0 0 0 0 0 0 0 0 0 0 0 0 0 0 0 0 0 0 0 0 0 0 0 0 0
    0 0 0 0 0 0 0 0 0 0 0 0 0 0 0 0 0 0 0 0 0 0 0 0 0 0 0 0 0 0 0 0 0 0
    0 0 0 0 0 0 0 0 0 0 0 0 0 0 0 0 0 0 0 0 0 0 0 0 0 0 0 0 0 0 0 0 0 0
    0 0 0 0 0 0 0 0 0 0 0 0 0 0 0 0 0 0 0 0 0 0 0 0 0 0 0 0 0 0 0 0 0 0
    0 0 0 0 0 0 0 0 0 0 0 0 0 0 0 0 0 0 0 0 0 0 0 0 0 0 0 0 0 0 0 0 0 0
    0 0 0 0 0 0 0 0 0 0 0 0 0 0 0 0 0 0 0 0 0 0 0 0 0 0 0 0 0 0 0 0 0 0
    0 0 0 0 0 0 0 0 0 0 0 0 0 0 0 0 0 0 0 0 0 0 0 0 0 0 0 0 0 0 0 0 0 0
    0 0 0 0 0 0 0 0 0 0 0 0 0 0 0 0 0 0 0 0 0 0 0 0 0 0 0 0 0 0 0 0 0 0
    0 255 255 255 255 255 255 255 255 255 255 255 255 255 255 255 255
    255 255 255 255 255 255 0 0 0 0 0 0 0 0 0 0 0 0 0 0 0 0 0 0 0 0 0 0
    0 0 0 0 0 0 0 0 0 0 0 0 0 0 0 0 0 0 0 0 0 0 0 0 0 0 0 0 0 0 0 0 0 0
    0 0 0 0 0 0 0 0 0 0 0 0 0 0 0 0 0 0 0 0 0 0 0 0 0 0 0 0 0 0 0 0 0 0
    0 0 0 0 0 0 0 0 0 0 0 0 0 0 0 0 0 0 0 0 0 0 0 0 0 0 0 0 0 0 0 0 0 0
    0 0 0 0 0 0 0 0 0 0 0 0 0 0 0 0 0 0 0 0 0 0 0 0 0 0 0 0 0 0 0 0 0 0
    0 0 0 0 0 0 0 0 0 0 0 0 0 0 0 0 0 0 0 0 0 0 0 0 0 0 0 0 0 0 0 0 0 0
    0 0 0 0 0 0 0 0 0 0 0 0 0 0 0 0 0 0 0 0 0 0 0 0 0 0 0 0 0 0 0 0 0 0
    0 0 0 0 0 255 255 255 255 255 255 255 255 255 255 255 255 255 0 0 0
    255 255 255 255 255 255 255 255 255 255 255 255 255 255 0 0 0 0 0 0
    0 0 0 0 0 0 0 0 0 0 0 0 0 0 0 0 0 0 0 0 0 0 0 0 0 0 0 0 0 0 0 0 0 0
    0 0 0 0 0 0 0 0 0 0 0 0 0 0 0 0 0 0 0 0 0 0 0 0 0 0 0 0 0 0 0 0 0 0
    0 0 0 0 0 0 0 0 0 0 0 0 0 0 0 0 0 0 0 0 0 0 0 0 0 0 0 0 0 0 0 0 0 0
    0 0 0 0 0 0 0 0 0 0 0 0 0 0 0 0 0 0 0 0 0 0 0 0 0 0 0 0 0 0 0 0 0 0
    0 0 0 0 0 0 0 0 0 0 0 0 0 0 0 0 0 0 0 0 0 0 0 0 0 0 0 0 0 0 0 0 0 0
    0 0 0 0 0 0 0 0 0 0 0 0 0 0 0 0 0 0 0 0 0 0 0 0 0 0 0 0 0 0 0 0 0 0
    0 0 0 0 0 0 0 0 0 0 0 0 255 255 255 255 255 255 255 0 0 0 0 0 0 0 0
    0 0 0 0 0 0 0 0 0 0 0 0 0 0 0 0 255 255 255 255 255 255 0 0 0 0 0 0
    0 0 0 0 0 0 0 0 0 0 0 0 0 0 0 0 0 0 0 0 0 0 0 0 0 0 0 0 0 0 0 0 0 0
    0 0 0 0 0 0 0 0 0 0 0 0 0 0 0 0 0 0 0 0 0 0 0 0 0 0 0 0 0 0 0 0 0 0
    0 0 0 0 0 0 0 0 0 0 0 0 0 0 0 0 0 0 0 0 0 0 0 0 0 0 0 0 0 0 0 0 0 0
    0 0 0 0 0 0 0 0 0 0 0 0 0 0 0 0 0 0 0 0 0 0 0 0 0 0 0 0 0 0 0 0 0 0
    0 0 0 0 0 0 0 0 0 0 0 0 0 0 0 0 0 0 0 0 0 0 0 0 0 0 0 0 0 0 0 0 0 0
    0 0 0 0 0 0 0 0 0 0 0 0 0 0 0 0 0 0 0 0 0 0 0 0 0 0 0 0 0 0 0 0 0 0
    0 0 0 0 0 255 255 255 255 255 255 0 0 0 0 0 0 0 0 0 0 0 0 0 0 0 0 0
    0 0 0 0 0 0 0 0 0 0 0 0 0 0 0 0 255 255 255 255 255 255 0 0 0 0 0 0
    0 0 0 0 0 0 0 0 0 0 0 0 0 0 0 0 0 0 0 0 0 0 0 0 0 0 0 0 0 0 0 0 0 0
    0 0 0 0 0 0 0 0 0 0 0 0 0 0 0 0 0 0 0 0 0 0 0 0 0 0 0 0 0 0 0 0 0 0
    0 0 0 0 0 0 0 0 0 0 0 0 0 0 0 0 0 0 0 0 0 0 0 0 0 0 0 0 0 0 0 0 0 0
    0 0 0 0 0 0 0 0 0 0 0 0 0 0 0 0 0 0 0 0 0 0 0 0 0 0 0 0 0 0 0 0 0 0
    0 0 0 0 0 0 0 0 0 0 0 0 0 0 0 0 0 0 0 0 0 0 0 0 0 0 0 0 0 0 0 0 0 0
    0 0 0 0 0 0 0 0 0 0 0 0 0 0 0 0 0 0 0 0 0 0 0 0 0 0 0 0 0 0 0 0 0
    255 255 255 255 0 0 0 0 0 0 0 0 0 0 0 0 0 0 0 0 0 0 0 0 0 0 0 0 0 0
    0 0 0 0 0 0 0 0 0 0 0 0 0 0 0 255 255 255 255 0 0 0 0 0 0 0 0 0 0 0
    0 0 0 0 0 0 0 0 0 0 0 0 0 0 0 0 0 0 0 0 0 0 0 0 0 0 0 0 0 0 0 0 0 0
    0 0 0 0 0 0 0 0 0 0 0 0 0 0 0 0 0 0 0 0 0 0 0 0 0 0 0 0 0 0 0 0 0 0
    0 0 0 0 0 0 0 0 0 0 0 0 0 0 0 0 0 0 0 0 0 0 0 0 0 0 0 0 0 0 0 0 0 0
    0 0 0 0 0 0 0 0 0 0 0 0 0 0 0 0 0 0 0 0 0 0 0 0 0 0 0 0 0 0 0 0 0 0
    0 0 0 0 0 0 0 0 0 0 0 0 0 0 0 0 0 0 0 0 0 0 0 0 0 0 0 0 0 0 0 0 0 0
    0 0 0 0 0 0 0 0 0 0 0 0 0 0 0 0 0 0 0 0 0 0 0 0 255 255 255 255 0 0
    0 0 0 0 0 0 0 0 0 0 0 0 0 0 0 0 0 0 0 0 0 0 0 0 0 0 0 0 0 0 0 0 0 0
    0 0 0 0 0 0 0 0 0 255 255 255 255 255 0 0 0 0 0 0 0 0 0 0 0 0 0 0 0
    0 0 0 0 0 0 0 0 0 0 0 0 0 0 0 0 0 0 0 0 0 0 0 0 0 0 0 0 0 0 0 0 0 0
    0 0 0 0 0 0 0 0 0 0 0 0 0 0 0 0 0 0 0 0 0 0 0 0 0 0 0 0 0 0 0 0 0 0
    0 0 0 0 0 0 0 0 0 0 0 0 0 0 0 0 0 0 0 0 0 0 0 0 0 0 0 0 0 0 0 0 0 0
    0 0 0 0 0 0 0 0 0 0 0 0 0 0 0 0 0 0 0 0 0 0 0 0 0 0 0 0 0 0 0 0 0 0
    0 0 0 0 0 0 0 0 0 0 0 0 0 0 0 0 0 0 0 0 0 0 0 0 0 0 0 0 0 0 0 0 0 0
    0 0 0 0 0 0 0 0 0 0 0 0 0 0 255 255 255 255 0 0 0 0 0 0 0 0 0 0 0 0
    0 0 0 0 0 0 0 0 0 0 0 0 0 0 0 0 0 0 0 0 0 0 0 0 0 0 0 0 0 0 0 0 0 0
    0 0 0 0 0 255 255 255 255 0 0 0 0 0 0 0 0 0 0 0 0 0 0 0 0 0 0 0 0 0
    0 0 0 0 0 0 0 0 0 0 0 0 0 0 0 0 0 0 0 0 0 0 0 0 0 0 0 0 0 0 0 0 0 0
    0 0 0 0 0 0 0 0 0 0 0 0 0 0 0 0 0 0 0 0 0 0 0 0 0 0 0 0 0 0 0 0 0 0
    0 0 0 0 0 0 0 0 0 0 0 0 0 0 0 0 0 0 0 0 0 0 0 0 0 0 0 0 0 0 0 0 0 0
    0 0 0 0 0 0 0 0 0 0 0 0 0 0 0 0 0 0 0 0 0 0 0 0 0 0 0 0 0 0 0 0 0 0
    0 0 0 0 0 0 0 0 0 0 0 0 0 0 0 0 0 0 0 0 0 0 0 0 0 0 0 0 0 0 0 0 0 0
    0 0 0 0 0 255 255 255 0 0 0 0 0 0 0 0 0 0 0 0 0 0 0 0 0 0 0 0 0 0 0
    0 0 0 0 0 0 0 0 0 0 0 0 0 0 0 0 0 0 0 0 0 0 0 0 0 0 0 0 0 0 0 0 255
    255 255 0 0 0 0 0 0 0 0 0 0 0 0 0 0 0 0 0 0 0 0 0 0 0 0 0 0 0 0 0 0
    0 0 0 0 0 0 0 0 0 0 0 0 0 0 0 0 0 0 0 0 0 0 0 0 0 0 0 0 0 0 0 0 0 0
    0 0 0 0 0 0 0 0 0 0 0 0 0 0 0 0 0 0 0 0 0 0 0 0 0 0 0 0 0 0 0 0 0 0
    0 0 0 0 0 0 0 0 0 0 0 0 0 0 0 0 0 0 0 0 0 0 0 0 0 0 0 0 0 0 0 0 0 0
    0 0 0 0 0 0 0 0 0 0 0 0 0 0 0 0 0 0 0 0 0 0 0 0 0 0 0 0 0 0 0 0 0 0
    0 0 0 0 0 0 0 0 0 0 0 0 0 0 0 0 0 0 0 0 0 0 0 0 0 0 0 255 255 255 0
    0 0 0 0 0 0 0 0 0 0 0 0 0 0 0 0 0 0 0 0 0 0 0 0 0 0 0 0 0 0 0 0 0 0
    0 0 0 0 0 0 0 0 0 0 0 0 0 0 0 0 0 0 0 0 0 0 0 0 255 255 255 0 0 0 0
    0 0 0 0 0 0 0 0 0 0 0 0 0 0 0 0 0 0 0 0 0 0 0 0 0 0 0 0 0 0 0 0 0 0
    0 0 0 0 0 0 0 0 0 0 0 0 0 0 0 0 0 0 0 0 0 0 0 0 0 0 0 0 0 0 0 0 0 0
    0 0 0 0 0 0 0 0 0 0 0 0 0 0 0 0 0 0 0 0 0 0 0 0 0 0 0 0 0 0 0 0 0 0
    0 0 0 0 0 0 0 0 0 0 0 0 0 0 0 0 0 0 0 0 0 0 0 0 0 0 0 0 0 0 0 0 0 0
    0 0 0 0 0 0 0 0 0 0 0 0 0 0 0 0 0 0 0 0 0 0 0 0 0 0 0 0 0 0 0 0 0 0
    0 0 0 0 0 0 0 0 0 0 0 0 0 0 0 255 255 255 255 0 0 0 0 0 0 0 0 0 0 0
    0 0 0 0 0 0 0 0 0 0 0 0 0 0 0 0 0 0 0 0 0 0 0 0 0 0 0 0 0 0 0 0 0 0
    0 0 0 0 0 0 0 0 0 0 0 0 0 0 0 0 255 255 255 255 0 0 0 0 0 0 0 0 0 0
    0 0 0 0 0 0 0 0 0 0 0 0 0 0 0 0 0 0 0 0 0 0 0 0 0 0 0 0 0 0 0 0 0 0
    0 0 0 0 0 0 0 0 0 0 0 0 0 0 0 0 0 0 0 0 0 0 0 0 0 0 0 0 0 0 0 0 0 0
    0 0 0 0 0 0 0 0 0 0 0 0 0 0 0 0 0 0 0 0 0 0 0 0 0 0 0 0 0 0 0 0 0 0
    0 0 0 0 0 0 0 0 0 0 0 0 0 0 0 0 0 0 0 0 0 0 0 0 0 0 0 0 0 0 0 0 0 0
    0 0 0 0 0 0 0 0 0 0 0 0 0 0 0 0 0 0 0 0 0 0 0 0 0 0 0 0 0 0 0 0 0 0
    0 0 0 0 0 0 255 255 255 0 0 0 0 0 0 0 0 0 0 0 0 0 0 0 0 0 0 0 0 0 0
    0 0 0 0 0 0 0 0 0 0 0 0 0 0 0 0 0 0 0 0 0 0 0 0 0 0 0 0 0 0 0 0 0 0
    0 0 0 0 0 0 0 0 0 255 255 255 0 0 0 0 0 0 0 0 0 0 0 0 0 0 0 0 0 0 0
    0 0 0 0 0 0 0 0 0 0 0 0 0 0 0 0 0 0 0 0 0 0 0 0 0 0 0 0 0 0 0 0 0 0
    0 0 0 0 0 0 0 0 0 0 0 0 0 0 0 0 0 0 0 0 0 0 0 0 0 0 0 0 0 0 0 0 0 0
    0 0 0 0 0 0 0 0 0 0 0 0 0 0 0 0 0 0 0 0 0 0 0 0 0 0 0 0 0 0 0 0 0 0
    0 0 0 0 0 0 0 0 0 0 0 0 0 0 0 0 0 0 0 0 0 0 0 0 0 0 0 0 0 0 0 0 0 0
    0 0 0 0 0 0 0 0 0 0 0 0 0 0 0 0 0 0 0 0 0 0 0 0 0 0 0 0 255 255 255
    0 0 0 0 0 0 0 0 0 0 0 0 0 0 0 0 0 0 0 0 0 0 0 0 0 0 0 0 0 0 0 0 0 0
    0 0 0 0 0 0 0 0 0 0 0 0 0 0 0 0 0 0 0 0 0 0 0 0 0 0 0 0 0 0 0 0 0 0
    0 255 255 255 0 0 0 0 0 0 0 0 0 0 0 0 0 0 0 0 0 0 0 0 0 0 0 0 0 0 0
    0 0 0 0 0 0 0 0 0 0 0 0 0 0 0 0 0 0 0 0 0 0 0 0 0 0 0 0 0 0 0 0 0 0
    0 0 0 0 0 0 0 0 0 0 0 0 0 0 0 0 0 0 0 0 0 0 0 0 0 0 0 0 0 0 0 0 0 0
    0 0 0 0 0 0 0 0 0 0 0 0 0 0 0 0 0 0 0 0 0 0 0 0 0 0 0 0 0 0 0 0 0 0
    0 0 0 0 0 0 0 0 0 0 0 0 0 0 0 0 0 0 0 0 0 0 0 0 0 0 0 0 0 0 0 0 0 0
    0 0 0 0 0 0 0 0 0 0 0 0 0 0 0 0 0 255 255 255 0 0 0 0 0 0 0 0 0 0 0
    0 0 0 0 0 0 0 0 0 0 0 0 0 0 0 0 0 0 0 0 0 0 0 0 0 0 0 0 0 0 0 0 0 0
    0 0 0 0 0 0 0 0 0 0 0 0 0 0 0 0 0 0 0 0 0 0 0 0 0 0 255 255 255 0 0
    0 0 0 0 0 0 0 0 0 0 0 0 0 0 0 0 0 0 0 0 0 0 0 0 0 0 0 0 0 0 0 0 0 0
    0 0 0 0 0 0 0 0 0 0 0 0 0 0 0 0 0 0 0 0 0 0 0 0 0 0 0 0 0 0 0 0 0 0
    0 0 0 0 0 0 0 0 0 0 0 0 0 0 0 0 0 0 0 0 0 0 0 0 0 0 0 0 0 0 0 0 0 0
    0 0 0 0 0 0 0 0 0 0 0 0 0 0 0 0 0 0 0 0 0 0 0 0 0 0 0 0 0 0 0 0 0 0
    0 0 0 0 0 0 0 0 0 0 0 0 0 0 0 0 0 0 0 0 0 0 0 0 0 0 0 0 0 0 0 0 0 0
    0 0 0 0 0 0 255 255 0 0 0 0 0 0 0 0 0 0 0 0 0 0 0 0 0 0 0 0 0 0 0 0
    0 0 0 0 0 0 0 0 0 0 0 0 0 0 0 0 0 0 0 0 0 0 0 0 0 0 0 0 0 0 0 0 0 0
    0 0 0 0 0 0 0 0 0 0 0 0 0 0 0 0 0 255 255 0 0 0 0 0 0 0 0 0 0 0 0 0
    0 0 0 0 0 0 0 0 0 0 0 0 0 0 0 0 0 0 0 0 0 0 0 0 0 0 0 0 0 0 0 0 0 0
    0 0 0 0 0 0 0 0 0 0 0 0 0 0 0 0 0 0 0 0 0 0 0 0 0 0 0 0 0 0 0 0 0 0
    0 0 0 0 0 0 0 0 0 0 0 0 0 0 0 0 0 0 0 0 0 0 0 0 0 0 0 0 0 0 0 0 0 0
    0 0 0 0 0 0 0 0 0 0 0 0 0 0 0 0 0 0 0 0 0 0 0 0 0 0 0 0 0 0 0 0 0 0
    0 0 0 0 0 0 0 0 0 0 0 0 0 0 0 0 0 0 0 0 0 0 0 0 0 0 255 255 255 0 0
    0 0 0 0 0 0 0 0 0 0 0 0 0 0 0 0 0 0 0 0 0 0 0 0 0 0 0 0 0 0 0 0 0 0
    0 0 0 0 0 0 0 0 0 0 0 0 0 0 0 0 0 0 0 0 0 0 0 0 0 0 0 0 0 0 0 0 0 0
    0 0 0 0 0 0 0 255 255 255 0 0 0 0 0 0 0 0 0 0 0 0 0 0 0 0 0 0 0 0 0
    0 0 0 0 0 0 0 0 0 0 0 0 0 0 0 0 0 0 0 0 0 0 0 0 0 0 0 0 0 0 0 0 0 0
    0 0 0 0 0 0 0 0 0 0 0 0 0 0 0 0 0 0 0 0 0 0 0 0 0 0 0 0 0 0 0 0 0 0
    0 0 0 0 0 0 0 0 0 0 0 0 0 0 0 0 0 0 0 0 0 0 0 0 0 0 0 0 0 0 0 0 0 0
    0 0 0 0 0 0 0 0 0 0 0 0 0 0 0 0 0 0 0 0 0 0 0 0 0 0 0 0 0 0 0 0 0 0
    0 0 0 0 0 0 0 0 0 0 0 0 0 0 0 255 255 255 0 0 0 0 0 0 0 0 0 0 0 0 0
    0 0 0 0 0 0 0 0 0 0 0 0 0 0 0 0 0 0 0 0 0 0 0 0 0 0 0 0 0 0 0 0 0 0
    0 0 0 0 0 0 0 0 0 0 0 0 0 0 0 0 0 0 0 0 0 0 0 0 0 0 0 0 0 0 0 0 255
    255 255 0 0 0 0 0 0 0 0 0 0 0 0 0 0 0 0 0 0 0 0 0 0 0 0 0 0 0 0 0 0
    0 0 0 0 0 0 0 0 0 0 0 0 0 0 0 0 0 0 0 0 0 0 0 0 0 0 0 0 0 0 0 0 0 0
    0 0 0 0 0 0 0 0 0 0 0 0 0 0 0 0 0 0 0 0 0 0 0 0 0 0 0 0 0 0 0 0 0 0
    0 0 0 0 0 0 0 0 0 0 0 0 0 0 0 0 0 0 0 0 0 0 0 0 0 0 0 0 0 0 0 0 0 0
    0 0 0 0 0 0 0 0 0 0 0 0 0 0 0 0 0 0 0 0 0 0 0 0 0 0 0 0 0 0 0 0 0 0
    0 0 0 0 255 255 0 0 0 0 0 0 0 0 0 0 0 0 0 0 0 0 0 0 0 0 0 0 0 0 0 0
    0 0 0 0 0 0 0 0 0 0 0 0 0 0 0 0 0 0 0 0 0 0 0 0 0 0 0 0 0 0 0 0 0 0
    0 0 0 0 0 0 0 0 0 0 0 0 0 0 0 0 0 0 0 0 0 0 0 255 255 0 0 0 0 0 0 0
    0 0 0 0 0 0 0 0 0 0 0 0 0 0 0 0 0 0 0 0 0 0 0 0 0 0 0 0 0 0 0 0 0 0
    0 0 0 0 0 0 0 0 0 0 0 0 0 0 0 0 0 0 0 0 0 0 0 0 0 0 0 0 0 0 0 0 0 0
    0 0 0 0 0 0 0 0 0 0 0 0 0 0 0 0 0 0 0 0 0 0 0 0 0 0 0 0 0 0 0 0 0 0
    0 0 0 0 0 0 0 0 0 0 0 0 0 0 0 0 0 0 0 0 0 0 0 0 0 0 0 0 0 0 0 0 0 0
    0 0 0 0 0 0 0 0 0 0 0 0 0 0 0 0 0 0 0 0 0 0 0 0 0 255 255 0 0 0 0 0
    0 0 0 0 0 0 0 0 0 0 0 0 0 0 0 0 0 0 0 0 0 0 0 0 0 0 0 0 0 0 0 0 0 0
    0 0 0 0 0 0 0 0 0 0 0 0 0 0 0 0 0 0 0 0 0 0 0 0 0 0 0 0 0 0 0 0 0 0
    0 0 0 0 0 0 0 0 0 0 0 0 255 255 0 0 0 0 0 0 0 0 0 0 0 0 0 0 0 0 0 0
    0 0 0 0 0 0 0 0 0 0 0 0 0 0 0 0 0 0 0 0 0 0 0 0 0 0 0 0 0 0 0 0 0 0
    0 0 0 0 0 0 0 0 0 0 0 0 0 0 0 0 0 0 0 0 0 0 0 0 0 0 0 0 0 0 0 0 0 0
    0 0 0 0 0 0 0 0 0 0 0 0 0 0 0 0 0 0 0 0 0 0 0 0 0 0 0 0 0 0 0 0 0 0
    0 0 0 0 0 0 0 0 0 0 0 0 0 0 0 0 0 0 0 0 0 0 0 0 0 0 0 0 0 0 0 0 0 0
    0 0 0 0 0 0 0 0 0 0 0 0 255 255 0 0 0 0 0 0 0 0 0 0 0 0 0 0 0 0 0 0
    0 0 0 0 0 0 0 0 0 0 0 0 0 0 0 0 0 0 0 0 0 0 0 0 0 0 0 0 0 0 0 0 0 0
    0 0 0 0 0 0 0 0 0 0 0 0 0 0 0 0 0 0 0 0 0 0 0 0 0 0 0 0 0 0 0 0 0 0
    0 255 255 0 0 0 0 0 0 0 0 0 0 0 0 0 0 0 0 0 0 0 0 0 0 0 0 0 0 0 0 0
    0 0 0 0 0 0 0 0 0 0 0 0 0 0 0 0 0 0 0 0 0 0 0 0 0 0 0 0 0 0 0 0 0 0
    0 0 0 0 0 0 0 0 0 0 0 0 0 0 0 0 0 0 0 0 0 0 0 0 0 0 0 0 0 0 0 0 0 0
    0 0 0 0 0 0 0 0 0 0 0 0 0 0 0 0 0 0 0 0 0 0 0 0 0 0 0 0 0 0 0 0 0 0
    0 0 0 0 0 0 0 0 0 0 0 0 0 0 0 0 0 0 0 0 0 0 0 0 0 0 0 0 0 0 0 0 0
    255 255 0 0 0 0 0 0 0 0 0 0 0 0 0 0 0 0 0 0 0 0 0 0 0 0 0 0 0 0 0 0
    0 0 0 0 0 0 0 0 0 0 0 0 0 0 0 0 0 0 0 0 0 0 0 0 0 0 0 0 0 0 0 0 0 0
    0 0 0 0 0 0 0 0 0 0 0 0 0 0 0 0 0 0 0 0 0 0 0 0 0 255 255 0 0 0 0 0
    0 0 0 0 0 0 0 0 0 0 0 0 0 0 0 0 0 0 0 0 0 0 0 0 0 0 0 0 0 0 0 0 0 0
    0 0 0 0 0 0 0 0 0 0 0 0 0 0 0 0 0 0 0 0 0 0 0 0 0 0 0 0 0 0 0 0 0 0
    0 0 0 0 0 0 0 0 0 0 0 0 0 0 0 0 0 0 0 0 0 0 0 0 0 0 0 0 0 0 0 0 0 0
    0 0 0 0 0 0 0 0 0 0 0 0 0 0 0 0 0 0 0 0 0 0 0 0 0 0 0 0 0 0 0 0 0 0
    0 0 0 0 0 0 0 0 0 0 0 0 0 0 0 0 0 0 0 0 0 255 255 0 0 0 0 0 0 0 0 0
    0 0 0 0 0 0 0 0 0 0 0 0 0 0 0 0 0 0 0 0 0 0 0 0 0 0 0 0 0 0 0 0 0 0
    0 0 0 0 0 0 0 0 0 0 0 0 0 0 0 0 0 0 0 0 0 0 0 0 0 0 0 0 0 0 0 0 0 0
    0 0 0 0 0 0 0 0 0 0 0 0 0 0 255 255 0 0 0 0 0 0 0 0 0 0 0 0 0 0 0 0
    0 0 0 0 0 0 0 0 0 0 0 0 0 0 0 0 0 0 0 0 0 0 0 0 0 0 0 0 0 0 0 0 0 0
    0 0 0 0 0 0 0 0 0 0 0 0 0 0 0 0 0 0 0 0 0 0 0 0 0 0 0 0 0 0 0 0 0 0
    0 0 0 0 0 0 0 0 0 0 0 0 0 0 0 0 0 0 0 0 0 0 0 0 0 0 0 0 0 0 0 0 0 0
    0 0 0 0 0 0 0 0 0 0 0 0 0 0 0 0 0 0 0 0 0 0 0 0 0 0 0 0 0 0 0 0 0 0
    0 0 0 0 0 0 0 0 255 255 0 0 0 0 0 0 0 0 0 0 0 0 0 0 0 0 0 0 0 0 0 0
    0 0 0 0 0 0 0 0 0 0 0 0 0 0 0 0 0 0 0 0 0 0 0 0 0 0 0 0 0 0 0 0 0 0
    0 0 0 0 0 0 0 0 0 0 0 0 0 0 0 0 0 0 0 0 0 0 0 0 0 0 0 0 0 0 0 0 0 0
    0 0 0 255 255 0 0 0 0 0 0 0 0 0 0 0 0 0 0 0 0 0 0 0 0 0 0 0 0 0 0 0
    0 0 0 0 0 0 0 0 0 0 0 0 0 0 0 0 0 0 0 0 0 0 0 0 0 0 0 0 0 0 0 0 0 0
    0 0 0 0 0 0 0 0 0 0 0 0 0 0 0 0 0 0 0 0 0 0 0 0 0 0 0 0 0 0 0 0 0 0
    0 0 0 0 0 0 0 0 0 0 0 0 0 0 0 0 0 0 0 0 0 0 0 0 0 0 0 0 0 0 0 0 0 0
    0 0 0 0 0 0 0 0 0 0 0 0 0 0 0 0 0 0 0 0 0 0 0 0 0 0 0 0 0 255 255 0
    0 0 0 0 0 0 0 0 0 0 0 0 0 0 0 0 0 0 0 0 0 0 0 0 0 0 0 0 0 0 0 0 0 0
    0 0 0 0 0 0 0 0 0 0 0 0 0 0 0 0 0 0 0 0 0 0 0 0 0 0 0 0 0 0 0 0 0 0
    0 0 0 0 0 0 0 0 0 0 0 0 0 0 0 0 0 0 0 0 0 0 0 0 0 0 255 255 0 0 0 0
    0 0 0 0 0 0 0 0 0 0 0 0 0 0 0 0 0 0 0 0 0 0 0 0 0 0 0 0 0 0 0 0 0 0
    0 0 0 0 0 0 0 0 0 0 0 0 0 0 0 0 0 0 0 0 0 0 0 0 0 0 0 0 0 0 0 0 0 0
    0 0 0 0 0 0 0 0 0 0 0 0 0 0 0 0 0 0 0 0 0 0 0 0 0 0 0 0 0 0 0 0 0 0
    0 0 0 0 0 0 0 0 0 0 0 0 0 0 0 0 0 0 0 0 0 0 0 0 0 0 0 0 0 0 0 0 0 0
    0 0 0 0 0 0 0 0 0 0 0 0 0 0 0 0 255 255 0 0 0 0 0 0 0 0 0 0 0 0 0 0
    0 0 0 0 0 0 0 0 0 0 0 0 0 0 0 0 0 0 0 0 0 0 0 0 0 0 0 0 0 0 0 0 0 0
    0 0 0 0 0 0 0 0 0 0 0 0 0 0 0 0 0 0 0 0 0 0 0 0 0 0 0 0 0 0 0 0 0 0
    0 0 0 0 0 0 0 0 0 0 0 0 0 0 0 255 255 0 0 0 0 0 0 0 0 0 0 0 0 0 0 0
    0 0 0 0 0 0 0 0 0 0 0 0 0 0 0 0 0 0 0 0 0 0 0 0 0 0 0 0 0 0 0 0 0 0
    0 0 0 0 0 0 0 0 0 0 0 0 0 0 0 0 0 0 0 0 0 0 0 0 0 0 0 0 0 0 0 0 0 0
    0 0 0 0 0 0 0 0 0 0 0 0 0 0 0 0 0 0 0 0 0 0 0 0 0 0 0 0 0 0 0 0 0 0
    0 0 0 0 0 0 0 0 0 0 0 0 0 0 0 0 0 0 0 0 0 0 0 0 0 0 0 0 0 0 0 0 0 0
    0 0 0 0 255 255 0 0 0 0 0 0 0 0 0 0 0 0 0 0 0 0 0 0 0 0 0 0 0 0 0 0
    0 0 0 0 0 0 0 0 0 0 0 0 0 0 0 0 0 0 0 0 0 0 0 0 0 0 0 0 0 0 0 0 0 0
    0 0 0 0 0 0 0 0 0 0 0 0 0 0 0 0 0 0 0 0 0 0 0 0 0 0 0 0 0 0 0 0 0 0
    0 0 0 255 255 0 0 0 0 0 0 0 0 0 0 0 0 0 0 0 0 0 0 0 0 0 0 0 0 0 0 0
    0 0 0 0 0 0 0 0 0 0 0 0 0 0 0 0 0 0 0 0 0 0 0 0 0 0 0 0 0 0 0 0 0 0
    0 0 0 0 0 0 0 0 0 0 0 0 0 0 0 0 0 0 0 0 0 0 0 0 0 0 0 0 0 0 0 0 0 0
    0 0 0 0 0 0 0 0 0 0 0 0 0 0 0 0 0 0 0 0 0 0 0 0 0 0 0 0 0 0 0 0 0 0
    0 0 0 0 0 0 0 0 0 0 0 0 0 0 0 0 0 0 0 0 0 0 0 0 0 255 255 0 0 0 0 0
    0 0 0 0 0 0 0 0 0 0 0 0 0 0 0 0 0 0 0 0 0 0 0 0 0 0 0 0 0 0 0 0 0 0
    0 0 0 0 0 0 0 0 0 0 0 0 0 0 0 0 0 0 0 0 0 0 0 0 0 0 0 0 0 0 0 0 0 0
    0 0 0 0 0 0 0 0 0 0 0 0 0 0 0 0 0 0 0 0 0 0 0 0 0 0 255 255 0 0 0 0
    0 0 0 0 0 0 0 0 0 0 0 0 0 0 0 0 0 0 0 0 0 0 0 0 0 0 0 0 0 0 0 0 0 0
    0 0 0 0 0 0 0 0 0 0 0 0 0 0 0 0 0 0 0 0 0 0 0 0 0 0 0 0 0 0 0 0 0 0
    0 0 0 0 0 0 0 0 0 0 0 0 0 0 0 0 0 0 0 0 0 0 0 0 0 0 0 0 0 0 0 0 0 0
    0 0 0 0 0 0 0 0 0 0 0 0 0 0 0 0 0 0 0 0 0 0 0 0 0 0 0 0 0 0 0 0 0 0
    0 0 0 0 0 0 0 0 0 0 0 0 255 255 0 0 0 0 0 0 0 0 0 0 0 0 0 0 0 0 0 0
    0 0 0 0 0 0 0 0 0 0 0 0 0 0 0 0 0 0 0 0 0 0 0 0 0 0 0 0 0 0 0 0 0 0
    0 0 0 0 0 0 0 0 0 0 0 0 0 0 0 0 0 0 0 0 0 0 0 0 0 0 0 0 0 0 0 0 0 0
    0 0 0 0 0 0 0 0 0 0 0 0 0 0 0 255 255 0 0 0 0 0 0 0 0 0 0 0 0 0 0 0
    0 0 0 0 0 0 0 0 0 0 0 0 0 0 0 0 0 0 0 0 0 0 0 0 0 0 0 0 0 0 0 0 0 0
    0 0 0 0 0 0 0 0 0 0 0 0 0 0 0 0 0 0 0 0 0 0 0 0 0 0 0 0 0 0 0 0 0 0
    0 0 0 0 0 0 0 0 0 0 0 0 0 0 0 0 0 0 0 0 0 0 0 0 0 0 0 0 0 0 0 0 0 0
    0 0 0 0 0 0 0 0 0 0 0 0 0 0 0 0 0 0 0 0 0 0 0 0 0 0 0 0 0 0 0 0 0
    255 255 0 0 0 0 0 0 0 0 0 0 0 0 0 0 0 0 0 0 0 0 0 0 0 0 0 0 0 0 0 0
    0 0 0 0 0 0 0 0 0 0 0 0 0 0 0 0 0 0 0 0 0 0 0 0 0 0 0 0 0 0 0 0 0 0
    0 0 0 0 0 0 0 0 0 0 0 0 0 0 0 0 0 0 0 0 0 0 0 0 0 0 0 0 0 0 0 0 0 0
    0 0 0 0 0 255 255 0 0 0 0 0 0 0 0 0 0 0 0 0 0 0 0 0 0 0 0 0 0 0 0 0
    0 0 0 0 0 0 0 0 0 0 0 0 0 0 0 0 0 0 0 0 0 0 0 0 0 0 0 0 0 0 0 0 0 0
    0 0 0 0 0 0 0 0 0 0 0 0 0 0 0 0 0 0 0 0 0 0 0 0 0 0 0 0 0 0 0 0 0 0
    0 0 0 0 0 0 0 0 0 0 0 0 0 0 0 0 0 0 0 0 0 0 0 0 0 0 0 0 0 0 0 0 0 0
    0 0 0 0 0 0 0 0 0 0 0 0 0 0 0 0 0 0 0 0 0 0 255 255 0 0 0 0 0 0 0 0
    0 0 0 0 0 0 0 0 0 0 0 0 0 0 0 0 0 0 0 0 0 0 0 0 0 0 0 0 0 0 0 0 0 0
    0 0 0 0 0 0 0 0 0 0 0 0 0 0 0 0 0 0 0 0 0 0 0 0 0 0 0 0 0 0 0 0 0 0
    0 0 0 0 0 0 0 0 0 0 0 0 0 0 0 0 0 0 0 0 0 0 0 0 0 0 0 255 255 0 0 0
    0 0 0 0 0 0 0 0 0 0 0 0 0 0 0 0 0 0 0 0 0 0 0 0 0 0 0 0 0 0 0 0 0 0
    0 0 0 0 0 0 0 0 0 0 0 0 0 0 0 0 0 0 0 0 0 0 0 0 0 0 0 0 0 0 0 0 0 0
    0 0 0 0 0 0 0 0 0 0 0 0 0 0 0 0 0 0 0 0 0 0 0 0 0 0 0 0 0 0 0 0 0 0
    0 0 0 0 0 0 0 0 0 0 0 0 0 0 0 0 0 0 0 0 0 0 0 0 0 0 0 0 0 0 0 0 0 0
    0 0 0 0 0 0 0 0 0 255 255 0 0 0 0 0 0 0 0 0 0 0 0 0 0 0 0 0 0 0 0 0
    0 0 0 0 0 0 0 0 0 0 0 0 0 0 0 0 0 0 0 0 0 0 0 0 0 0 0 0 0 0 0 0 0 0
    0 0 0 0 0 0 0 0 0 0 0 0 0 0 0 0 0 0 0 0 0 0 0 0 0 0 0 0 0 0 0 0 0 0
    0 0 0 0 0 0 0 0 0 0 0 0 0 0 0 0 255 255 0 0 0 0 0 0 0 0 0 0 0 0 0 0
    0 0 0 0 0 0 0 0 0 0 0 0 0 0 0 0 0 0 0 0 0 0 0 0 0 0 0 0 0 0 0 0 0 0
    0 0 0 0 0 0 0 0 0 0 0 0 0 0 0 0 0 0 0 0 0 0 0 0 0 0 0 0 0 0 0 0 0 0
    0 0 0 0 0 0 0 0 0 0 0 0 0 0 0 0 0 0 0 0 0 0 0 0 0 0 0 0 0 0 0 0 0 0
    0 0 0 0 0 0 0 0 0 0 0 0 0 0 0 0 0 0 0 0 0 0 0 0 0 0 0 0 0 0 255 255
    0 0 0 0 0 0 0 0 0 0 0 0 0 0 0 0 0 0 0 0 0 0 0 0 0 0 0 0 0 0 0 0 0 0
    0 0 0 0 0 0 0 0 0 0 0 0 0 0 0 0 0 0 0 0 0 0 0 0 0 0 0 0 0 0 0 0 0 0
    0 0 0 0 0 0 0 0 0 0 0 0 0 0 0 0 0 0 0 0 0 0 0 0 0 0 0 0 0 0 0 0 0 0
    0 0 0 0 0 255 255 0 0 0 0 0 0 0 0 0 0 0 0 0 0 0 0 0 0 0 0 0 0 0 0 0
    0 0 0 0 0 0 0 0 0 0 0 0 0 0 0 0 0 0 0 0 0 0 0 0 0 0 0 0 0 0 0 0 0 0
    0 0 0 0 0 0 0 0 0 0 0 0 0 0 0 0 0 0 0 0 0 0 0 0 0 0 0 0 0 0 0 0 0 0
    0 0 0 0 0 0 0 0 0 0 0 0 0 0 0 0 0 0 0 0 0 0 0 0 0 0 0 0 0 0 0 0 0 0
    0 0 0 0 0 0 0 0 0 0 0 0 0 0 0 0 0 0 255 255 0 0 0 0 0 0 0 0 0 0 0 0
    0 0 0 0 0 0 0 0 0 0 0 0 0 0 0 0 0 0 0 0 0 0 0 0 0 0 0 0 0 0 0 0 0 0
    0 0 0 0 0 0 0 0 0 0 0 0 0 0 0 0 0 0 0 0 0 0 0 0 0 0 0 0 0 0 0 0 0 0
    0 0 0 0 0 0 0 0 0 0 0 0 0 0 0 0 0 0 0 0 0 0 0 0 0 0 0 255 255 0 0 0
    0 0 0 0 0 0 0 0 0 0 0 0 0 0 0 0 0 0 0 0 0 0 0 0 0 0 0 0 0 0 0 0 0 0
    0 0 0 0 0 0 0 0 0 0 0 0 0 0 0 0 0 0 0 0 0 0 0 0 0 0 0 0 0 0 0 0 0 0
    0 0 0 0 0 0 0 0 0 0 0 0 0 0 0 0 0 0 0 0 0 0 0 0 0 0 0 0 0 0 0 0 0 0
    0 0 0 0 0 0 0 0 0 0 0 0 0 0 0 0 0 0 0 0 0 0 0 0 0 0 0 0 0 0 0 0 0 0
    0 0 0 0 0 255 255 0 0 0 0 0 0 0 0 0 0 0 0 0 0 0 0 0 0 0 0 0 0 0 0 0
    0 0 0 0 0 0 0 0 0 0 0 0 0 0 0 0 0 0 0 0 0 0 0 0 0 0 0 0 0 0 0 0 0 0
    0 0 0 0 0 0 0 0 0 0 0 0 0 0 0 0 0 0 0 0 0 0 0 0 0 0 0 0 0 0 0 0 0 0
    0 0 0 0 0 0 0 0 0 0 0 0 0 0 0 0 255 255 0 0 0 0 0 0 0 0 0 0 0 0 0 0
    0 0 0 0 0 0 0 0 0 0 0 0 0 0 0 0 0 0 0 0 0 0 0 0 0 0 0 0 0 0 0 0 0 0
    0 0 0 0 0 0 0 0 0 0 0 0 0 0 0 0 0 0 0 0 0 0 0 0 0 0 0 0 0 0 0 0 0 0
    0 0 0 0 0 0 0 0 0 0 0 0 0 0 0 0 0 0 0 0 0 0 0 0 0 0 0 0 0 0 0 0 0 0
    0 0 0 0 0 0 0 0 0 0 0 0 0 0 0 0 0 0 0 0 0 0 0 0 0 0 0 255 255 0 0 0
    0 0 0 0 0 0 0 0 0 0 0 0 0 0 0 0 0 0 0 0 0 0 0 0 0 0 0 0 0 0 0 0 0 0
    0 0 0 0 0 0 0 0 0 0 0 0 0 0 0 0 0 0 0 0 0 0 0 0 0 0 0 0 0 0 0 0 0 0
    0 0 0 0 0 0 0 0 0 0 0 0 0 0 0 0 0 0 0 0 0 0 0 0 0 0 0 0 0 0 0 0 0 0
    0 0 0 0 255 255 0 0 0 0 0 0 0 0 0 0 0 0 0 0 0 0 0 0 0 0 0 0 0 0 0 0
    0 0 0 0 0 0 0 0 0 0 0 0 0 0 0 0 0 0 0 0 0 0 0 0 0 0 0 0 0 0 0 0 0 0
    0 0 0 0 0 0 0 0 0 0 0 0 0 0 0 0 0 0 0 0 0 0 0 0 0 0 0 0 0 0 0 0 0 0
    0 0 0 0 0 0 0 0 0 0 0 0 0 0 0 0 0 0 0 0 0 0 0 0 0 0 0 0 0 0 0 0 0 0
    0 0 0 0 0 0 0 0 0 0 0 0 0 0 255 255 0 0 0 0 0 0 0 0 0 0 0 0 0 0 0 0
    0 0 0 0 0 0 0 0 0 0 0 0 0 0 0 0 0 0 0 0 0 0 0 0 0 0 0 0 0 0 0 0 0 0
    0 0 0 0 0 0 0 0 0 0 0 0 0 0 0 0 0 0 0 0 0 0 0 0 0 0 0 0 0 0 0 0 0 0
    0 0 0 0 0 0 0 0 0 0 0 0 0 0 0 0 0 0 0 0 0 0 0 0 0 0 0 255 255 0 0 0
    0 0 0 0 0 0 0 0 0 0 0 0 0 0 0 0 0 0 0 0 0 0 0 0 0 0 0 0 0 0 0 0 0 0
    0 0 0 0 0 0 0 0 0 0 0 0 0 0 0 0 0 0 0 0 0 0 0 0 0 0 0 0 0 0 0 0 0 0
    0 0 0 0 0 0 0 0 0 0 0 0 0 0 0 0 0 0 0 0 0 0 0 0 0 0 0 0 0 0 0 0 0 0
    0 0 0 0 0 0 0 0 0 0 0 0 0 0 0 0 0 0 0 0 0 0 0 0 0 0 0 0 0 0 0 0 0 0
    0 255 255 0 0 0 0 0 0 0 0 0 0 0 0 0 0 0 0 0 0 0 0 0 0 0 0 0 0 0 0 0
    0 0 0 0 0 0 0 0 0 0 0 0 0 0 0 0 0 0 0 0 0 0 0 0 0 0 0 0 0 0 0 0 0 0
    0 0 0 0 0 0 0 0 0 0 0 0 0 0 0 0 0 0 0 0 0 0 0 0 0 0 0 0 0 0 0 0 0 0
    0 0 0 0 0 0 0 0 0 0 0 0 0 0 0 0 255 255 0 0 0 0 0 0 0 0 0 0 0 0 0 0
    0 0 0 0 0 0 0 0 0 0 0 0 0 0 0 0 0 0 0 0 0 0 0 0 0 0 0 0 0 0 0 0 0 0
    0 0 0 0 0 0 0 0 0 0 0 0 0 0 0 0 0 0 0 0 0 0 0 0 0 0 0 0 0 0 0 0 0 0
    0 0 0 0 0 0 0 0 0 0 0 0 0 0 0 0 0 0 0 0 0 0 0 0 0 0 0 0 0 0 0 0 0 0
    0 0 0 0 0 0 0 0 0 0 0 0 0 0 0 0 0 0 0 0 0 0 0 255 255 0 0 0 0 0 0 0
    0 0 0 0 0 0 0 0 0 0 0 0 0 0 0 0 0 0 0 0 0 0 0 0 0 0 0 0 0 0 0 0 0 0
    0 0 0 0 0 0 0 0 0 0 0 0 0 0 0 0 0 0 0 0 0 0 0 0 0 0 0 0 0 0 0 0 0 0
    0 0 0 0 0 0 0 0 0 0 0 0 0 0 0 0 0 0 0 0 0 0 0 0 0 0 0 0 0 0 0 0 0 0
    0 0 0 0 255 255 0 0 0 0 0 0 0 0 0 0 0 0 0 0 0 0 0 0 0 0 0 0 0 0 0 0
    0 0 0 0 0 0 0 0 0 0 0 0 0 0 0 0 0 0 0 0 0 0 0 0 0 0 0 0 0 0 0 0 0 0
    0 0 0 0 0 0 0 0 0 0 0 0 0 0 0 0 0 0 0 0 0 0 0 0 0 0 0 0 0 0 0 0 0 0
    0 0 0 0 0 0 0 0 0 0 0 0 0 0 0 0 0 0 0 0 0 0 0 0 0 0 0 0 0 0 0 0 0 0
    0 0 0 0 0 0 0 0 0 0 0 255 0 0 0 0 0 0 0 0 0 0 0 0 0 0 0 0 0 0 0 0 0
    0 0 0 0 0 0 0 0 0 0 0 0 0 0 0 0 0 0 0 0 0 0 0 0 0 0 0 0 0 0 0 0 0 0
    0 0 0 0 0 0 0 0 0 0 0 0 0 0 0 0 0 0 0 0 0 0 0 0 0 0 0 0 0 0 0 0 0 0
    0 0 0 0 0 0 0 0 0 0 0 0 0 0 0 0 0 0 0 0 0 0 0 0 0 0 255 255 0 0 0 0
    0 0 0 0 0 0 0 0 0 0 0 0 0 0 0 0 0 0 0 0 0 0 0 0 0 0 0 0 0 0 0 0 0 0
    0 0 0 0 0 0 0 0 0 0 0 0 0 0 0 0 0 0 0 0 0 0 0 0 0 0 0 0 0 0 0 0 0 0
    0 0 0 0 0 0 0 0 0 0 0 0 0 0 0 0 0 0 0 0 0 0 0 0 0 0 0 0 0 0 0 0 0 0
    0 0 0 0 0 0 0 0 0 0 0 0 0 0 0 0 0 0 0 0 0 0 0 0 0 0 0 0 0 0 0 255
    255 0 0 0 0 0 0 0 0 0 0 0 0 0 0 0 0 0 0 0 0 0 0 0 0 0 0 0 0 0 0 0 0
    0 0 0 0 0 0 0 0 0 0 0 0 0 0 0 0 0 0 0 0 0 0 0 0 0 0 0 0 0 0 0 0 0 0
    0 0 0 0 0 0 0 0 0 0 0 0 0 0 0 0 0 0 0 0 0 0 0 0 0 0 0 0 0 0 0 0 0 0
    0 0 0 0 0 0 0 0 0 0 0 0 0 0 0 255 255 0 0 0 0 0 0 0 0 0 0 0 0 0 0 0
    0 0 0 0 0 0 0 0 0 0 0 0 0 0 0 0 0 0 0 0 0 0 0 0 0 0 0 0 0 0 0 0 0 0
    0 0 0 0 0 0 0 0 0 0 0 0 0 0 0 0 0 0 0 0 0 0 0 0 0 0 0 0 0 0 0 0 0 0
    0 0 0 0 0 0 0 0 0 0 0 0 0 0 0 0 0 0 0 0 0 0 0 0 0 0 0 0 0 0 0 0 0 0
    0 0 0 0 0 0 0 0 0 0 0 0 0 0 0 0 0 0 0 0 255 0 0 0 0 0 0 0 0 0 0 0 0
    0 0 0 0 0 0 0 0 0 0 0 0 0 0 0 0 0 0 0 0 0 0 0 0 0 0 0 0 0 0 0 0 0 0
    0 0 0 0 0 0 0 0 0 0 0 0 0 0 0 0 0 0 0 0 0 0 0 0 0 0 0 0 0 0 0 0 0 0
    0 0 0 0 0 0 0 0 0 0 0 0 0 0 0 0 0 0 0 0 0 0 0 0 0 0 0 0 0 0 0 0 0 0
    0 0 0 255 0 0 0 0 0 0 0 0 0 0 0 0 0 0 0 0 0 0 0 0 0 0 0 0 0 0 0 0 0
    0 0 0 0 0 0 0 0 0 0 0 0 0 0 0 0 0 0 0 0 0 0 0 0 0 0 0 0 0 0 0 0 0 0
    0 0 0 0 0 0 0 0 0 0 0 0 0 0 0 0 0 0 0 0 0 0 0 0 0 0 0 0 0 0 0 0 0 0
    0 0 0 0 0 0 0 0 0 0 0 0 0 0 0 0 0 0 0 0 0 0 0 0 0 0 0 0 0 0 0 0 0 0
    0 0 0 0 0 255 255 0 0 0 0 0 0 0 0 0 0 0 0 0 0 0 0 0 0 0 0 0 0 0 0 0
    0 0 0 0 0 0 0 0 0 0 0 0 0 0 0 0 0 0 0 0 0 0 0 0 0 0 0 0 0 0 0 0 0 0
    0 0 0 0 0 0 0 0 0 0 0 0 0 0 0 0 0 0 0 0 0 0 0 0 0 0 0 0 0 0 0 0 0 0
    0 0 0 0 0 0 0 0 0 0 0 0 0 0 0 0 0 0 0 0 0 0 0 0 255 255 0 0 0 0 0 0
    0 0 0 0 0 0 0 0 0 0 0 0 0 0 0 0 0 0 0 0 0 0 0 0 0 0 0 0 0 0 0 0 0 0
    0 0 0 0 0 0 0 0 0 0 0 0 0 0 0 0 0 0 0 0 0 0 0 0 0 0 0 0 0 0 0 0 0 0
    0 0 0 0 0 0 0 0 0 0 0 0 0 0 0 0 0 0 0 0 0 0 0 0 0 0 0 0 0 0 0 0 0 0
    0 0 0 0 0 0 0 0 0 0 0 0 0 0 0 0 0 0 0 0 0 0 0 0 0 0 0 255 255 0 0 0
    0 0 0 0 0 0 0 0 0 0 0 0 0 0 0 0 0 0 0 0 0 0 0 0 0 0 0 0 0 0 0 0 0 0
    0 0 0 0 0 0 0 0 0 0 0 0 0 0 0 0 0 0 0 0 0 0 0 0 0 0 0 0 0 0 0 0 0 0
    0 0 0 0 0 0 0 0 0 0 0 0 0 0 0 0 0 0 0 0 0 0 0 0 0 0 0 0 0 0 0 0 0 0
    0 0 0 0 0 0 0 0 0 0 0 0 255 255 0 0 0 0 0 0 0 0 0 0 0 0 0 0 0 0 0 0
    0 0 0 0 0 0 0 0 0 0 0 0 0 0 0 0 0 0 0 0 0 0 0 0 0 0 0 0 0 0 0 0 0 0
    0 0 0 0 0 0 0 0 0 0 0 0 0 0 0 0 0 0 0 0 0 0 0 0 0 0 0 0 0 0 0 0 0 0
    0 0 0 0 0 0 0 0 0 0 0 0 0 0 0 0 0 0 0 0 0 0 0 0 0 0 0 0 0 0 0 0 0 0
    0 0 0 0 0 0 0 0 0 0 0 0 0 0 0 255 0 0 0 0 0 0 0 0 0 0 0 0 0 0 0 0 0
    0 0 0 0 0 0 0 0 0 0 0 0 0 0 0 0 0 0 0 0 0 0 0 0 0 0 0 0 0 0 0 0 0 0
    0 0 0 0 0 0 0 0 0 0 0 0 0 0 0 0 0 0 0 0 0 0 0 0 0 0 0 0 0 0 0 0 0 0
    0 0 0 0 0 0 0 0 0 0 0 0 0 0 0 0 0 0 0 0 0 0 0 0 0 0 0 0 0 0 0 0 0 0
    255 0 0 0 0 0 0 0 0 0 0 0 0 0 0 0 0 0 0 0 0 0 0 0 0 0 0 0 0 0 0 0 0
    0 0 0 0 0 0 0 0 0 0 0 0 0 0 0 0 0 0 0 0 0 0 0 0 0 0 0 0 0 0 0 0 0 0
    0 0 0 0 0 0 0 0 0 0 0 0 0 0 0 0 0 0 0 0 0 0 0 0 0 0 0 0 0 0 0 0 0 0
    0 0 0 0 0 0 0 0 0 0 0 0 0 0 0 0 0 0 0 0 0 0 0 0 0 0 0 0 0 0 0 0 0 0
    255 255 0 0 0 0 0 0 0 0 0 0 0 0 0 0 0 0 0 0 0 0 0 0 0 0 0 0 0 0 0 0
    0 0 0 0 0 0 0 0 0 0 0 0 0 0 0 0 0 0 0 0 0 0 0 0 0 0 0 0 0 0 0 0 0 0
    0 0 0 0 0 0 0 0 0 0 0 0 0 0 0 0 0 0 0 0 0 0 0 0 0 0 0 0 0 0 0 0 0 0
    0 0 0 0 0 0 0 0 0 0 0 0 0 0 0 0 0 0 0 0 0 255 255 0 0 0 0 0 0 0 0 0
    0 0 0 0 0 0 0 0 0 0 0 0 0 0 0 0 0 0 0 0 0 0 0 0 0 0 0 0 0 0 0 0 0 0
    0 0 0 0 0 0 0 0 0 0 0 0 0 0 0 0 0 0 0 0 0 0 0 0 0 0 0 0 0 0 0 0 0 0
    0 0 0 0 0 0 0 0 0 0 0 0 0 0 0 0 0 0 0 0 0 0 0 0 0 0 0 0 0 0 0 0 0 0
    0 0 0 0 0 0 0 0 0 0 0 0 0 0 0 0 0 0 0 0 0 0 255 255 0 0 0 0 0 0 0 0
    0 0 0 0 0 0 0 0 0 0 0 0 0 0 0 0 0 0 0 0 0 0 0 0 0 0 0 0 0 0 0 0 0 0
    0 0 0 0 0 0 0 0 0 0 0 0 0 0 0 0 0 0 0 0 0 0 0 0 0 0 0 0 0 0 0 0 0 0
    0 0 0 0 0 0 0 0 0 0 0 0 0 0 0 0 0 0 0 0 0 0 0 0 0 0 0 0 0 0 0 0 0 0
    0 0 0 0 0 0 0 0 0 0 255 0 0 0 0 0 0 0 0 0 0 0 0 0 0 0 0 0 0 0 0 0 0
    0 0 0 0 0 0 0 0 0 0 0 0 0 0 0 0 0 0 0 0 0 0 0 0 0 0 0 0 0 0 0 0 0 0
    0 0 0 0 0 0 0 0 0 0 0 0 0 0 0 0 0 0 0 0 0 0 0 0 0 0 0 0 0 0 0 0 0 0
    0 0 0 0 0 0 0 0 0 0 0 0 0 0 0 0 0 0 0 0 0 0 0 0 0 0 0 0 0 0 0 0 0 0
    0 0 0 0 0 0 0 0 0 255 0 0 0 0 0 0 0 0 0 0 0 0 0 0 0 0 0 0 0 0 0 0 0
    0 0 0 0 0 0 0 0 0 0 0 0 0 0 0 0 0 0 0 0 0 0 0 0 0 0 0 0 0 0 0 0 0 0
    0 0 0 0 0 0 0 0 0 0 0 0 0 0 0 0 0 0 0 0 0 0 0 0 0 0 0 0 0 0 0 0 0 0
    0 0 0 0 0 0 0 0 0 0 0 0 0 0 0 0 0 0 0 0 0 0 0 0 0 0 0 0 0 0 255 0 0
    0 0 0 0 0 0 0 0 0 0 0 0 0 0 0 0 0 0 0 0 0 0 0 0 0 0 0 0 0 0 0 0 0 0
    0 0 0 0 0 0 0 0 0 0 0 0 0 0 0 0 0 0 0 0 0 0 0 0 0 0 0 0 0 0 0 0 0 0
    0 0 0 0 0 0 0 0 0 0 0 0 0 0 0 0 0 0 0 0 0 0 0 0 0 0 0 0 0 0 0 0 0 0
    0 0 0 0 0 0 0 0 0 0 0 0 0 0 0 0 0 0 0 0 0 0 0 0 0 0 0 0 255 255 0 0
    0 0 0 0 0 0 0 0 0 0 0 0 0 0 0 0 0 0 0 0 0 0 0 0 0 0 0 0 0 0 0 0 0 0
    0 0 0 0 0 0 0 0 0 0 0 0 0 0 0 0 0 0 0 0 0 0 0 0 0 0 0 0 0 0 0 0 0 0
    0 0 0 0 0 0 0 0 0 0 0 0 0 0 0 0 0 0 0 0 0 0 0 0 0 0 0 0 0 0 0 0 0 0
    0 0 0 0 0 0 0 0 0 0 0 0 0 0 0 0 0 255 255 0 0 0 0 0 0 0 0 0 0 0 0 0
    0 0 0 0 0 0 0 0 0 0 0 0 0 0 0 0 0 0 0 0 0 0 0 0 0 0 0 0 0 0 0 0 0 0
    0 0 0 0 0 0 0 0 0 0 0 0 0 0 0 0 0 0 0 0 0 0 0 0 0 0 0 0 0 0 0 0 0 0
    0 0 0 0 0 0 0 0 0 0 0 0 0 0 0 0 0 0 0 0 0 0 0 0 0 0 0 0 0 0 0 0 0 0
    0 0 0 0 0 0 0 0 0 0 0 0 0 0 0 0 255 255 0 0 0 0 0 0 0 0 0 0 0 0 0 0
    0 0 0 0 0 0 0 0 0 0 0 0 0 0 0 0 0 0 0 0 0 0 0 0 0 0 0 0 0 0 0 0 0 0
    0 0 0 0 0 0 0 0 0 0 0 0 0 0 0 0 0 0 0 0 0 0 0 0 0 0 0 0 0 0 0 0 0 0
    0 0 0 0 0 0 0 0 0 0 0 0 0 0 0 0 0 0 0 0 0 0 0 0 0 0 0 0 0 0 0 0 0 0
    0 0 0 0 0 255 255 0 0 0 0 0 0 0 0 0 0 0 0 0 0 0 0 0 0 0 0 0 0 0 0 0
    0 0 0 0 0 0 0 0 0 0 0 0 0 0 0 0 0 0 0 0 0 0 0 0 0 0 0 0 0 0 0 0 0 0
    0 0 0 0 0 0 0 0 0 0 0 0 0 0 0 0 0 0 0 0 0 0 0 0 0 0 0 0 0 0 0 0 0 0
    0 0 0 0 0 0 0 0 0 0 0 0 0 0 0 0 0 0 0 0 0 0 0 0 0 0 0 0 0 0 0 0 0 0
    0 0 0 0 255 255 0 0 0 0 0 0 0 0 0 0 0 0 0 0 0 0 0 0 0 0 0 0 0 0 0 0
    0 0 0 0 0 0 0 0 0 0 0 0 0 0 0 0 0 0 0 0 0 0 0 0 0 0 0 0 0 0 0 0 0 0
    0 0 0 0 0 0 0 0 0 0 0 0 0 0 0 0 0 0 0 0 0 0 0 0 0 0 0 0 0 0 0 0 0 0
    0 0 0 0 0 0 0 0 0 0 0 0 0 0 0 0 0 0 0 0 0 0 0 0 0 0 0 0 255 0 0 0 0
    0 0 0 0 0 0 0 0 0 0 0 0 0 0 0 0 0 0 0 0 0 0 0 0 0 0 0 0 0 0 0 0 0 0
    0 0 0 0 0 0 0 0 0 0 0 0 0 0 0 0 0 0 0 0 0 0 0 0 0 0 0 0 0 0 0 0 0 0
    0 0 0 0 0 0 0 0 0 0 0 0 0 0 0 0 0 0 0 0 0 0 0 0 0 0 0 0 0 0 0 0 0 0
    0 0 0 0 0 0 0 0 0 0 0 0 0 0 0 0 0 0 0 0 0 0 0 0 255 255 0 0 0 0 0 0
    0 0 0 0 0 0 0 0 0 0 0 0 0 0 0 0 0 0 0 0 0 0 0 0 0 0 0 0 0 0 0 0 0 0
    0 0 0 0 0 0 0 0 0 0 0 0 0 0 0 0 0 0 0 0 0 0 0 0 0 0 0 0 0 0 0 0 0 0
    0 0 0 0 0 0 0 0 0 0 0 0 0 0 0 0 0 0 0 0 0 0 0 0 0 0 0 0 0 0 0 0 0 0
    0 0 0 0 0 0 0 0 0 0 0 0 0 0 0 255 255 0 0 0 0 0 0 0 0 0 0 0 0 0 0 0
    0 0 0 0 0 0 0 0 0 0 0 0 0 0 0 0 0 0 0 0 0 0 0 0 0 0 0 0 0 0 0 0 0 0
    0 0 0 0 0 0 0 0 0 0 0 0 0 0 0 0 0 0 0 0 0 0 0 0 0 0 0 0 0 0 0 0 0 0
    0 0 0 0 0 0 0 0 0 0 0 0 0 0 0 0 0 0 0 0 0 0 0 0 0 0 0 0 0 0 0 0 0 0
    0 0 0 0 0 0 0 0 0 0 0 0 255 255 0 0 0 0 0 0 0 0 0 0 0 0 0 0 0 0 0 0
    0 0 0 0 0 0 0 0 0 0 0 0 0 0 0 0 0 0 0 0 0 0 0 0 0 0 0 0 0 0 0 0 0 0
    0 0 0 0 0 0 0 0 0 0 0 0 0 0 0 0 0 0 0 0 0 0 0 0 0 0 0 0 0 0 0 0 0 0
    0 0 0 0 0 0 0 0 0 0 0 0 0 0 0 0 0 0 0 0 0 0 0 0 0 0 0 0 0 0 0 0 0 0
    0 0 0 255 255 0 0 0 0 0 0 0 0 0 0 0 0 0 0 0 0 0 0 0 0 0 0 0 0 0 0 0
    0 0 0 0 0 0 0 0 0 0 0 0 0 0 0 0 0 0 0 0 0 0 0 0 0 0 0 0 0 0 0 0 0 0
    0 0 0 0 0 0 0 0 0 0 0 0 0 0 0 0 0 0 0 0 0 0 0 0 0 0 0 0 0 0 0 0 0 0
    0 0 0 0 0 0 0 0 0 0 0 0 0 0 0 0 0 0 0 0 0 0 0 0 0 0 0 0 0 0 0 0 0 0
    255 255 0 0 0 0 0 0 0 0 0 0 0 0 0 0 0 0 0 0 0 0 0 0 0 0 0 0 0 0 0 0
    0 0 0 0 0 0 0 0 0 0 0 0 0 0 0 0 0 0 0 0 0 0 0 0 0 0 0 0 0 0 0 0 0 0
    0 0 0 0 0 0 0 0 0 0 0 0 0 0 0 0 0 0 0 0 0 0 0 0 0 0 0 0 0 0 0 0 0 0
    0 0 0 0 0 0 0 0 0 0 0 0 0 0 0 0 0 0 0 0 0 0 0 0 0 255 255 0 0 0 0 0
    0 0 0 0 0 0 0 0 0 0 0 0 0 0 0 0 0 0 0 0 0 0 0 0 0 0 0 0 0 0 0 0 0 0
    0 0 0 0 0 0 0 0 0 0 0 0 0 0 0 0 0 0 0 0 0 0 0 0 0 0 0 0 0 0 0 0 0 0
    0 0 0 0 0 0 0 0 0 0 0 0 0 0 0 0 0 0 0 0 0 0 0 0 0 0 0 0 0 0 0 0 0 0
    0 0 0 0 0 0 0 0 0 0 0 0 0 0 0 0 0 0 0 0 0 0 255 0 0 0 0 0 0 0 0 0 0
    0 0 0 0 0 0 0 0 0 0 0 0 0 0 0 0 0 0 0 0 0 0 0 0 0 0 0 0 0 0 0 0 0 0
    0 0 0 0 0 0 0 0 0 0 0 0 0 0 0 0 0 0 0 0 0 0 0 0 0 0 0 0 0 0 0 0 0 0
    0 0 0 0 0 0 0 0 0 0 0 0 0 0 0 0 0 0 0 0 0 0 0 0 0 0 0 0 0 0 0 0 0 0
    0 0 0 0 0 0 0 0 0 0 0 0 255 255 0 0 0 0 0 0 0 0 0 0 0 0 0 0 0 0 0 0
    0 0 0 0 0 0 0 0 0 0 0 0 0 0 0 0 0 0 0 0 0 0 0 0 0 0 0 0 0 0 0 0 0 0
    0 0 0 0 0 0 0 0 0 0 0 0 0 0 0 0 0 0 0 0 0 0 0 0 0 0 0 0 0 0 0 0 0 0
    0 0 0 0 0 0 0 0 0 0 0 0 0 0 0 0 0 0 0 0 0 0 0 0 0 0 0 0 0 0 0 0 0 0
    0 0 0 0 0 0 0 0 0 255 0 0 0 0 0 0 0 0 0 0 0 0 0 0 0 0 0 0 0 0 0 0 0
    0 0 0 0 0 0 0 0 0 0 0 0 0 0 0 0 0 0 0 0 0 0 0 0 0 0 0 0 0 0 0 0 0 0
    0 0 0 0 0 0 0 0 0 0 0 0 0 0 0 0 0 0 0 0 0 0 0 0 0 0 0 0 0 0 0 0 0 0
    0 0 0 0 0 0 0 0 0 0 0 0 0 0 0 0 0 0 0 0 0 0 0 0 0 0 0 0 0 0 0 0 0 0
    255 0 0 0 0 0 0 0 0 0 0 0 0 0 0 0 0 0 0 0 0 0 0 0 0 0 0 0 0 0 0 0 0
    0 0 0 0 0 0 0 0 0 0 0 0 0 0 0 0 0 0 0 0 0 0 0 0 0 0 0 0 0 0 0 0 0 0
    0 0 0 0 0 0 0 0 0 0 0 0 0 0 0 0 0 0 0 0 0 0 0 0 0 0 0 0 0 0 0 0 0 0
    0 0 0 0 0 0 0 0 0 0 0 0 0 0 0 0 0 0 0 0 0 0 0 0 0 0 0 0 255 255 0 0
    0 0 0 0 0 0 0 0 0 0 0 0 0 0 0 0 0 0 0 0 0 0 0 0 0 0 0 0 0 0 0 0 0 0
    0 0 0 0 0 0 0 0 0 0 0 0 0 0 0 0 0 0 0 0 0 0 0 0 0 0 0 0 0 0 0 0 0 0
    0 0 0 0 0 0 0 0 0 0 0 0 0 0 0 0 0 0 0 0 0 0 0 0 0 0 0 0 0 0 0 0 0 0
    0 0 0 0 0 0 0 0 0 0 0 0 0 0 0 0 0 0 0 0 0 255 255 0 0 0 0 0 0 0 0 0
    0 0 0 0 0 0 0 0 0 0 0 0 0 0 0 0 0 0 0 0 0 0 0 0 0 0 0 0 0 0 0 0 0 0
    0 0 0 0 0 0 0 0 0 0 0 0 0 0 0 0 0 0 0 0 0 0 0 0 0 0 0 0 0 0 0 0 0 0
    0 0 0 0 0 0 0 0 0 0 0 0 0 0 0 0 0 0 0 0 0 0 0 0 0 0 0 0 0 0 0 0 0 0
    0 0 0 0 0 0 0 0 0 0 0 0 0 0 0 0 255 255 0 0 0 0 0 0 0 0 0 0 0 0 0 0
    0 0 0 0 0 0 0 0 0 0 0 0 0 0 0 0 0 0 0 0 0 0 0 0 0 0 0 0 0 0 0 0 0 0
    0 0 0 0 0 0 0 0 0 0 0 0 0 0 0 0 0 0 0 0 0 0 0 0 0 0 0 0 0 0 0 0 0 0
    0 0 0 0 0 0 0 0 0 0 0 0 0 0 0 0 0 0 0 0 0 0 0 0 0 0 0 0 0 0 0 0 0 0
    0 0 0 0 0 0 0 0 0 255 255 0 0 0 0 0 0 0 0 0 0 0 0 0 0 0 0 0 0 0 0 0
    0 0 0 0 0 0 0 0 0 0 0 0 0 0 0 0 0 0 0 0 0 0 0 0 0 0 0 0 0 0 0 0 0 0
    0 0 0 0 0 0 0 0 0 0 0 0 0 0 0 0 0 0 0 0 0 0 0 0 0 0 0 0 0 0 0 0 0 0
    0 0 0 0 0 0 0 0 0 0 0 0 0 0 0 0 0 0 0 0 0 0 0 0 0 0 0 0 0 0 0 0 0 0
    0 0 0 0 255 255 0 0 0 0 0 0 0 0 0 0 0 0 0 0 0 0 0 0 0 0 0 0 0 0 0 0
    0 0 0 0 0 0 0 0 0 0 0 0 0 0 0 0 0 0 0 0 0 0 0 0 0 0 0 0 0 0 0 0 0 0
    0 0 0 0 0 0 0 0 0 0 0 0 0 0 0 0 0 0 0 0 0 0 0 0 0 0 0 0 0 0 0 0 0 0
    0 0 0 0 0 0 0 0 0 0 0 0 0 0 0 0 0 0 0 0 0 0 0 0 0 0 0 0 0 0 0 255
    255 0 0 0 0 0 0 0 0 0 0 0 0 0 0 0 0 0 0 0 0 0 0 0 0 0 0 0 0 0 0 0 0
    0 0 0 0 0 0 0 0 0 0 0 0 0 0 0 0 0 0 0 0 0 0 0 0 0 0 0 0 0 0 0 0 0 0
    0 0 0 0 0 0 0 0 0 0 0 0 0 0 0 0 0 0 0 0 0 0 0 0 0 0 0 0 0 0 0 0 0 0
    0 0 0 0 0 0 0 0 0 0 0 0 0 0 0 0 0 0 0 0 0 0 0 0 0 0 0 255 255 0 0 0
    0 0 0 0 0 0 0 0 0 0 0 0 0 0 0 0 0 0 0 0 0 0 0 0 0 0 0 0 0 0 0 0 0 0
    0 0 0 0 0 0 0 0 0 0 0 0 0 0 0 0 0 0 0 0 0 0 0 0 0 0 0 0 0 0 0 0 0 0
    0 0 0 0 0 0 0 0 0 0 0 0 0 0 0 0 0 0 0 0 0 0 0 0 0 0 0 0 0 0 0 0 0 0
    0 0 0 0 0 0 0 0 0 0 0 0 0 0 0 0 0 0 0 0 255 255 0 0 0 0 0 0 0 0 0 0
    0 0 0 0 0 0 0 0 0 0 0 0 0 0 0 0 0 0 0 0 0 0 0 0 0 0 0 0 0 0 0 0 0 0
    0 0 0 0 0 0 0 0 0 0 0 0 0 0 0 0 0 0 0 0 0 0 0 0 0 0 0 0 0 0 0 0 0 0
    0 0 0 0 0 0 0 0 0 0 0 0 0 0 0 0 0 0 0 0 0 0 0 0 0 0 0 0 0 0 0 0 0 0
    0 0 0 0 0 0 0 0 0 0 0 0 0 0 0 255 255 0 0 0 0 0 0 0 0 0 0 0 0 0 0 0
    0 0 0 0 0 0 0 0 0 0 0 0 0 0 0 0 0 0 0 0 0 0 0 0 0 0 0 0 0 0 0 0 0 0
    0 0 0 0 0 0 0 0 0 0 0 0 0 0 0 0 0 0 0 0 0 0 0 0 0 0 0 0 0 0 0 0 0 0
    0 0 0 0 0 0 0 0 0 0 0 0 0 0 0 0 0 0 0 0 0 0 0 0 0 0 0 0 0 0 0 0 0 0
    0 0 0 0 0 0 0 0 255 255 0 0 0 0 0 0 0 0 0 0 0 0 0 0 0 0 0 0 0 0 0 0
    0 0 0 0 0 0 0 0 0 0 0 0 0 0 0 0 0 0 0 0 0 0 0 0 0 0 0 0 0 0 0 0 0 0
    0 0 0 0 0 0 0 0 0 0 0 0 0 0 0 0 0 0 0 0 0 0 0 0 0 0 0 0 0 0 0 0 0 0
    0 0 0 0 0 0 0 0 0 0 0 0 0 0 0 0 0 0 0 0 0 0 0 0 0 0 0 0 0 0 0 0 0 0
    0 0 0 255 255 0 0 0 0 0 0 0 0 0 0 0 0 0 0 0 0 0 0 0 0 0 0 0 0 0 0 0
    0 0 0 0 0 0 0 0 0 0 0 0 0 0 0 0 0 0 0 0 0 0 0 0 0 0 0 0 0 0 0 0 0 0
    0 0 0 0 0 0 0 0 0 0 0 0 0 0 0 0 0 0 0 0 0 0 0 0 0 0 0 0 0 0 0 0 0 0
    0 0 0 0 0 0 0 0 0 0 0 0 0 0 0 0 0 0 0 0 0 0 0 0 0 0 0 0 0 0 255 255
    0 0 0 0 0 0 0 0 0 0 0 0 0 0 0 0 0 0 0 0 0 0 0 0 0 0 0 0 0 0 0 0 0 0
    0 0 0 0 0 0 0 0 0 0 0 0 0 0 0 0 0 0 0 0 0 0 0 0 0 0 0 0 0 0 0 0 0 0
    0 0 0 0 0 0 0 0 0 0 0 0 0 0 0 0 0 0 0 0 0 0 0 0 0 0 0 0 0 0 0 0 0 0
    0 0 0 0 0 0 0 0 0 0 0 0 0 0 0 0 0 0 0 0 0 0 0 0 0 255 255 0 0 0 0 0
    0 0 0 0 0 0 0 0 0 0 0 0 0 0 0 0 0 0 0 0 0 0 0 0 0 0 0 0 0 0 0 0 0 0
    0 0 0 0 0 0 0 0 0 0 0 0 0 0 0 0 0 0 0 0 0 0 0 0 0 0 0 0 0 0 0 0 0 0
    0 0 0 0 0 0 0 0 0 0 0 0 0 0 0 0 0 0 0 0 0 0 0 0 0 0 0 0 0 0 0 0 0 0
    0 0 0 0 0 0 0 0 0 0 0 0 0 0 0 0 0 0 255 255 0 0 0 0 0 0 0 0 0 0 0 0
    0 0 0 0 0 0 0 0 0 0 0 0 0 0 0 0 0 0 0 0 0 0 0 0 0 0 0 0 0 0 0 0 0 0
    0 0 0 0 0 0 0 0 0 0 0 0 0 0 0 0 0 0 0 0 0 0 0 0 0 0 0 0 0 0 0 0 0 0
    0 0 0 0 0 0 0 0 0 0 0 0 0 0 0 0 0 0 0 0 0 0 0 0 0 0 0 0 0 0 0 0 0 0
    0 0 0 0 0 0 0 0 0 0 0 0 0 255 255 0 0 0 0 0 0 0 0 0 0 0 0 0 0 0 0 0
    0 0 0 0 0 0 0 0 0 0 0 0 0 0 0 0 0 0 0 0 0 0 0 0 0 0 0 0 0 0 0 0 0 0
    0 0 0 0 0 0 0 0 0 0 0 0 0 0 0 0 0 0 0 0 0 0 0 0 0 0 0 0 0 0 0 0 0 0
    0 0 0 0 0 0 0 0 0 0 0 0 0 0 0 0 0 0 0 0 0 0 0 0 0 0 0 0 0 0 0 0 0 0
    0 0 0 0 0 0 255 255 0 0 0 0 0 0 0 0 0 0 0 0 0 0 0 0 0 0 0 0 0 0 0 0
    0 0 0 0 0 0 0 0 0 0 0 0 0 0 0 0 0 0 0 0 0 0 0 0 0 0 0 0 0 0 0 0 0 0
    0 0 0 0 0 0 0 0 0 0 0 0 0 0 0 0 0 0 0 0 0 0 0 0 0 0 0 0 0 0 0 0 0 0
    0 0 0 0 0 0 0 0 0 0 0 0 0 0 0 0 0 0 0 0 0 0 0 0 0 0 0 0 0 0 0 0 0 0
    0 255 255 0 0 0 0 0 0 0 0 0 0 0 0 0 0 0 0 0 0 0 0 0 0 0 0 0 0 0 0 0
    0 0 0 0 0 0 0 0 0 0 0 0 0 0 0 0 0 0 0 0 0 0 0 0 0 0 0 0 0 0 0 0 0 0
    0 0 0 0 0 0 0 0 0 0 0 0 0 0 0 0 0 0 0 0 0 0 0 0 0 0 0 0 0 0 0 0 0 0
    0 0 0 0 0 0 0 0 0 0 0 0 0 0 0 0 0 0 0 0 0 0 0 0 0 0 0 0 255 255 0 0
    0 0 0 0 0 0 0 0 0 0 0 0 0 0 0 0 0 0 0 0 0 0 0 0 0 0 0 0 0 0 0 0 0 0
    0 0 0 0 0 0 0 0 0 0 0 0 0 0 0 0 0 0 0 0 0 0 0 0 0 0 0 0 0 0 0 0 0 0
    0 0 0 0 0 0 0 0 0 0 0 0 0 0 0 0 0 0 0 0 0 0 0 0 0 0 0 0 0 0 0 0 0 0
    0 0 0 0 0 0 0 0 0 0 0 0 0 0 0 0 0 0 0 0 0 0 0 255 0 0 0 0 0 0 0 0 0
    0 0 0 0 0 0 0 0 0 0 0 0 0 0 0 0 0 0 0 0 0 0 0 0 0 0 0 0 0 0 0 0 0 0
    0 0 0 0 0 0 0 0 0 0 0 0 0 0 0 0 0 0 0 0 0 0 0 0 0 0 0 0 0 0 0 0 0 0
    0 0 0 0 0 0 0 0 0 0 0 0 0 0 0 0 0 0 0 0 0 0 0 0 0 0 0 0 0 0 0 0 0 0
    0 0 0 0 0 0 0 0 0 0 0 0 0 0 0 0 255 0 0 0 0 0 0 0 0 0 0 0 0 0 0 0 0
    0 0 0 0 0 0 0 0 0 0 0 0 0 0 0 0 0 0 0 0 0 0 0 0 0 0 0 0 0 0 0 0 0 0
    0 0 0 0 0 0 0 0 0 0 0 0 0 0 0 0 0 0 0 0 0 0 0 0 0 0 0 0 0 0 0 0 0 0
    0 0 0 0 0 0 0 0 0 0 0 0 0 0 0 0 0 0 0 0 0 0 0 0 0 0 0 0 0 0 0 0 0 0
    0 0 0 0 0 0 0 0 0 255 0 0 0 0 0 0 0 0 0 0 0 0 0 0 0 0 0 0 0 0 0 0 0
    0 0 0 0 0 0 0 0 0 0 0 0 0 0 0 0 0 0 0 0 0 0 0 0 0 0 0 0 0 0 0 0 0 0
    0 0 0 0 0 0 0 0 0 0 0 0 0 0 0 0 0 0 0 0 0 0 0 0 0 0 0 0 0 0 0 0 0 0
    0 0 0 0 0 0 0 0 0 0 0 0 0 0 0 0 0 0 0 0 0 0 0 0 0 0 0 0 0 0 0 0 0 0
    0 0 255 0 0 0 0 0 0 0 0 0 0 0 0 0 0 0 0 0 0 0 0 0 0 0 0 0 0 0 0 0 0
    0 0 0 0 0 0 0 0 0 0 0 0 0 0 0 0 0 0 0 0 0 0 0 0 0 0 0 0 0 0 0 0 0 0
    0 0 0 0 0 0 0 0 0 0 0 0 0 0 0 0 0 0 0 0 0 0 0 0 0 0 0 0 0 0 0 0 0 0
    0 0 0 0 0 0 0 0 0 0 0 0 0 0 0 0 0 0 0 0 0 0 0 0 0 0 0 0 0 255 0 0 0
    0 0 0 0 0 0 0 0 0 0 0 0 0 0 0 0 0 0 0 0 0 0 0 0 0 0 0 0 0 0 0 0 0 0
    0 0 0 0 0 0 0 0 0 0 0 0 0 0 0 0 0 0 0 0 0 0 0 0 0 0 0 0 0 0 0 0 0 0
    0 0 0 0 0 0 0 0 0 0 0 0 0 0 0 0 0 0 0 0 0 0 0 0 0 0 0 0 0 0 0 0 0 0
    0 0 0 0 0 0 0 0 0 0 0 0 0 0 0 0 0 0 0 0 0 0 255 0 0 0 0 0 0 0 0 0 0
    0 0 0 0 0 0 0 0 0 0 0 0 0 0 0 0 0 0 0 0 0 0 0 0 0 0 0 0 0 0 0 0 0 0
    0 0 0 0 0 0 0 0 0 0 0 0 0 0 0 0 0 0 0 0 0 0 0 0 0 0 0 0 0 0 0 0 0 0
    0 0 0 0 0 0 0 0 0 0 0 0 0 0 0 0 0 0 0 0 0 0 0 0 0 0 0 0 0 0 0 0 0 0
    0 0 0 0 0 0 0 0 0 0 0 0 0 0 0 255 255 0 0 0 0 0 0 0 0 0 0 0 0 0 0 0
    0 0 0 0 0 0 0 0 0 0 0 0 0 0 0 0 0 0 0 0 0 0 0 0 0 0 0 0 0 0 0 0 0 0
    0 0 0 0 0 0 0 0 0 0 0 0 0 0 0 0 0 0 0 0 0 0 0 0 0 0 0 0 0 0 0 0 0 0
    0 0 0 0 0 0 0 0 0 0 0 0 0 0 0 0 0 0 0 0 0 0 0 0 0 0 0 0 0 0 0 0 0 0
    0 0 0 0 0 0 0 0 255 255 0 0 0 0 0 0 0 0 0 0 0 0 0 0 0 0 0 0 0 0 0 0
    0 0 0 0 0 0 0 0 0 0 0 0 0 0 0 0 0 0 0 0 0 0 0 0 0 0 0 0 0 0 0 0 0 0
    0 0 0 0 0 0 0 0 0 0 0 0 0 0 0 0 0 0 0 0 0 0 0 0 0 0 0 0 0 0 0 0 0 0
    0 0 0 0 0 0 0 0 0 0 0 0 0 0 0 0 0 0 0 0 0 0 0 0 0 0 0 0 0 0 0 0 0 0
    0 0 0 255 255 0 0 0 0 0 0 0 0 0 0 0 0 0 0 0 0 0 0 0 0 0 0 0 0 0 0 0
    0 0 0 0 0 0 0 0 0 0 0 0 0 0 0 0 0 0 0 0 0 0 0 0 0 0 0 0 0 0 0 0 0 0
    0 0 0 0 0 0 0 0 0 0 0 0 0 0 0 0 0 0 0 0 0 0 0 0 0 0 0 0 0 0 0 0 0 0
    0 0 0 0 0 0 0 0 0 0 0 0 0 0 0 0 0 0 0 0 0 0 0 0 0 0 0 0 0 0 255 255
    0 0 0 0 0 0 0 0 0 0 0 0 0 0 0 0 0 0 0 0 0 0 0 0 0 0 0 0 0 0 0 0 0 0
    0 0 0 0 0 0 0 0 0 0 0 0 0 0 0 0 0 0 0 0 0 0 0 0 0 0 0 0 0 0 0 0 0 0
    0 0 0 0 0 0 0 0 0 0 0 0 0 0 0 0 0 0 0 0 0 0 0 0 0 0 0 0 0 0 0 0 0 0
    0 0 0 0 0 0 0 0 0 0 0 0 0 0 0 0 0 0 0 0 0 0 0 0 0 255 255 0 0 0 0 0
    0 0 0 0 0 0 0 0 0 0 0 0 0 0 0 0 0 0 0 0 0 0 0 0 0 0 0 0 0 0 0 0 0 0
    0 0 0 0 0 0 0 0 0 0 0 0 0 0 0 0 0 0 0 0 0 0 0 0 0 0 0 0 0 0 0 0 0 0
    0 0 0 0 0 0 0 0 0 0 0 0 0 0 0 0 0 0 0 0 0 0 0 0 0 0 0 0 0 0 0 0 0 0
    0 0 0 0 0 0 0 0 0 0 0 0 0 0 0 0 0 0 255 255 0 0 0 0 0 0 0 0 0 0 0 0
    0 0 0 0 0 0 0 0 0 0 0 0 0 0 0 0 0 0 0 0 0 0 0 0 0 0 0 0 0 0 0 0 0 0
    0 0 0 0 0 0 0 0 0 0 0 0 0 0 0 0 0 0 0 0 0 0 0 0 0 0 0 0 0 0 0 0 0 0
    0 0 0 0 0 0 0 0 0 0 0 0 0 0 0 0 0 0 0 0 0 0 0 0 0 0 0 0 0 0 0 0 0 0
    0 0 0 0 0 0 0 0 0 0 0 0 0 255 255 0 0 0 0 0 0 0 0 0 0 0 0 0 0 0 0 0
    0 0 0 0 0 0 0 0 0 0 0 0 0 0 0 0 0 0 0 0 0 0 0 0 0 0 0 0 0 0 0 0 0 0
    0 0 0 0 0 0 0 0 0 0 0 0 0 0 0 0 0 0 0 0 0 0 0 0 0 0 0 0 0 0 0 0 0 0
    0 0 0 0 0 0 0 0 0 0 0 0 0 0 0 0 0 0 0 0 0 0 0 0 0 0 0 0 0 0 0 0 0 0
    0 0 0 0 0 0 255 255 0 0 0 0 0 0 0 0 0 0 0 0 0 0 0 0 0 0 0 0 0 0 0 0
    0 0 0 0 0 0 0 0 0 0 0 0 0 0 0 0 0 0 0 0 0 0 0 0 0 0 0 0 0 0 0 0 0 0
    0 0 0 0 0 0 0 0 0 0 0 0 0 0 0 0 0 0 0 0 0 0 0 0 0 0 0 0 0 0 0 0 0 0
    0 0 0 0 0 0 0 0 0 0 0 0 0 0 0 0 0 0 0 0 0 0 0 0 0 0 0 0 0 0 0 0 0 0
    0 255 255 0 0 0 0 0 0 0 0 0 0 0 0 0 0 0 0 0 0 0 0 0 0 0 0 0 0 0 0 0
    0 0 0 0 0 0 0 0 0 0 0 0 0 0 0 0 0 0 0 0 0 0 0 0 0 0 0 0 0 0 0 0 0 0
    0 0 0 0 0 0 0 0 0 0 0 0 0 0 0 0 0 0 0 0 0 0 0 0 0 0 0 0 0 0 0 0 0 0
    0 0 0 0 0 0 0 0 0 0 0 0 0 0 0 0 0 0 0 0 0 0 0 0 0 0 0 0 255 255 0 0
    0 0 0 0 0 0 0 0 0 0 0 0 0 0 0 0 0 0 0 0 0 0 0 0 0 0 0 0 0 0 0 0 0 0
    0 0 0 0 0 0 0 0 0 0 0 0 0 0 0 0 0 0 0 0 0 0 0 0 0 0 0 0 0 0 0 0 0 0
    0 0 0 0 0 0 0 0 0 0 0 0 0 0 0 0 0 0 0 0 0 0 0 0 0 0 0 0 0 0 0 0 0 0
    0 0 0 0 0 0 0 0 0 0 0 0 0 0 0 0 0 0 0 0 0 0 0 255 255 0 0 0 0 0 0 0
    0 0 0 0 0 0 0 0 0 0 0 0 0 0 0 0 0 0 0 0 0 0 0 0 0 0 0 0 0 0 0 0 0 0
    0 0 0 0 0 0 0 0 0 0 0 0 0 0 0 0 0 0 0 0 0 0 0 0 0 0 0 0 0 0 0 0 0 0
    0 0 0 0 0 0 0 0 0 0 0 0 0 0 0 0 0 0 0 0 0 0 0 0 0 0 0 0 0 0 0 0 0 0
    0 0 0 0 0 0 0 0 0 0 0 0 0 0 0 0 255 255 0 0 0 0 0 0 0 0 0 0 0 0 0 0
    0 0 0 0 0 0 0 0 0 0 0 0 0 0 0 0 0 0 0 0 0 0 0 0 0 0 0 0 0 0 0 0 0 0
    0 0 0 0 0 0 0 0 0 0 0 0 0 0 0 0 0 0 0 0 0 0 0 0 0 0 0 0 0 0 0 0 0 0
    0 0 0 0 0 0 0 0 0 0 0 0 0 0 0 0 0 0 0 0 0 0 0 0 0 0 0 0 0 0 0 0 0 0
    0 0 0 0 0 0 0 0 0 0 0 255 255 0 0 0 0 0 0 0 0 0 0 0 0 0 0 0 0 0 0 0
    0 0 0 0 0 0 0 0 0 0 0 0 0 0 0 0 0 0 0 0 0 0 0 0 0 0 0 0 0 0 0 0 0 0
    0 0 0 0 0 0 0 0 0 0 0 0 0 0 0 0 0 0 0 0 0 0 0 0 0 0 0 0 0 0 0 0 0 0
    0 0 0 0 0 0 0 0 0 0 0 0 0 0 0 0 0 0 0 0 0 0 0 0 0 0 0 0 0 0 0 0 0 0
    0 0 0 0 255 255 0 0 0 0 0 0 0 0 0 0 0 0 0 0 0 0 0 0 0 0 0 0 0 0 0 0
    0 0 0 0 0 0 0 0 0 0 0 0 0 0 0 0 0 0 0 0 0 0 0 0 0 0 0 0 0 0 0 0 0 0
    0 0 0 0 0 0 0 0 0 0 0 0 0 0 0 0 0 0 0 0 0 0 0 0 0 0 0 0 0 0 0 0 0 0
    0 0 0 0 0 0 0 0 0 0 0 0 0 0 0 0 0 0 0 0 0 0 0 0 0 0 0 0 0 0 0 0 0
    255 255 0 0 0 0 0 0 0 0 0 0 0 0 0 0 0 0 0 0 0 0 0 0 0 0 0 0 0 0 0 0
    0 0 0 0 0 0 0 0 0 0 0 0 0 0 0 0 0 0 0 0 0 0 0 0 0 0 0 0 0 0 0 0 0 0
    0 0 0 0 0 0 0 0 0 0 0 0 0 0 0 0 0 0 0 0 0 0 0 0 0 0 0 0 0 0 0 0 0 0
    0 0 0 0 0 0 0 0 0 0 0 0 0 0 0 0 0 0 0 0 0 0 0 0 0 0 0 255 255 0 0 0
    0 0 0 0 0 0 0 0 0 0 0 0 0 0 0 0 0 0 0 0 0 0 0 0 0 0 0 0 0 0 0 0 0 0
    0 0 0 0 0 0 0 0 0 0 0 0 0 0 0 0 0 0 0 0 0 0 0 0 0 0 0 0 0 0 0 0 0 0
    0 0 0 0 0 0 0 0 0 0 0 0 0 0 0 0 0 0 0 0 0 0 0 0 0 0 0 0 0 0 0 0 0 0
    0 0 0 0 0 0 0 0 0 0 0 0 0 0 0 0 0 0 0 0 0 0 255 255 0 0 0 0 0 0 0 0
    0 0 0 0 0 0 0 0 0 0 0 0 0 0 0 0 0 0 0 0 0 0 0 0 0 0 0 0 0 0 0 0 0 0
    0 0 0 0 0 0 0 0 0 0 0 0 0 0 0 0 0 0 0 0 0 0 0 0 0 0 0 0 0 0 0 0 0 0
    0 0 0 0 0 0 0 0 0 0 0 0 0 0 0 0 0 0 0 0 0 0 0 0 0 0 0 0 0 0 0 0 0 0
    0 0 0 0 0 0 0 0 0 0 0 0 0 0 0 255 255 0 0 0 0 0 0 0 0 0 0 0 0 0 0 0
    0 0 0 0 0 0 0 0 0 0 0 0 0 0 0 0 0 0 0 0 0 0 0 0 0 0 0 0 0 0 0 0 0 0
    0 0 0 0 0 0 0 0 0 0 0 0 0 0 0 0 0 0 0 0 0 0 0 0 0 0 0 0 0 0 0 0 0 0
    0 0 0 0 0 0 0 0 0 0 0 0 0 0 0 0 0 0 0 0 0 0 0 0 0 0 0 0 0 0 0 0 0 0
    0 0 0 0 0 0 0 0 0 0 255 255 0 0 0 0 0 0 0 0 0 0 0 0 0 0 0 0 0 0 0 0
    0 0 0 0 0 0 0 0 0 0 0 0 0 0 0 0 0 0 0 0 0 0 0 0 0 0 0 0 0 0 0 0 0 0
    0 0 0 0 0 0 0 0 0 0 0 0 0 0 0 0 0 0 0 0 0 0 0 0 0 0 0 0 0 0 0 0 0 0
    0 0 0 0 0 0 0 0 0 0 0 0 0 0 0 0 0 0 0 0 0 0 0 0 0 0 0 0 0 0 0 0 0 0
    0 0 0 255 0 0 0 0 0 0 0 0 0 0 0 0 0 0 0 0 0 0 0 0 0 0 0 0 0 0 0 0 0
    0 0 0 0 0 0 0 0 0 0 0 0 0 0 0 0 0 0 0 0 0 0 0 0 0 0 0 0 0 0 0 0 0 0
    0 0 0 0 0 0 0 0 0 0 0 0 0 0 0 0 0 0 0 0 0 0 0 0 0 0 0 0 0 0 0 0 0 0
    0 0 0 0 0 0 0 0 0 0 0 0 0 0 0 0 0 0 0 0 0 0 0 0 0 0 0 0 0 0 0 0 255
    0 0 0 0 0 0 0 0 0 0 0 0 0 0 0 0 0 0 0 0 0 0 0 0 0 0 0 0 0 0 0 0 0 0
    0 0 0 0 0 0 0 0 0 0 0 0 0 0 0 0 0 0 0 0 0 0 0 0 0 0 0 0 0 0 0 0 0 0
    0 0 0 0 0 0 0 0 0 0 0 0 0 0 0 0 0 0 0 0 0 0 0 0 0 0 0 0 0 0 0 0 0 0
    0 0 0 0 0 0 0 0 0 0 0 0 0 0 0 0 0 0 0 0 0 0 0 255 0 0 0 0 0 0 0 0 0
    0 0 0 0 0 0 0 0 0 0 0 0 0 0 0 0 0 0 0 0 0 0 0 0 0 0 0 0 0 0 0 0 0 0
    0 0 0 0 0 0 0 0 0 0 0 0 0 0 0 0 0 0 0 0 0 0 0 0 0 0 0 0 0 0 0 0 0 0
    0 0 0 0 0 0 0 0 0 0 0 0 0 0 0 0 0 0 0 0 0 0 0 0 0 0 0 0 0 0 0 0 0 0
    0 0 0 0 0 0 0 0 0 0 0 0 0 0 0 0 0 0 255 255 0 0 0 0 0 0 0 0 0 0 0 0
    0 0 0 0 0 0 0 0 0 0 0 0 0 0 0 0 0 0 0 0 0 0 0 0 0 0 0 0 0 0 0 0 0 0
    0 0 0 0 0 0 0 0 0 0 0 0 0 0 0 0 0 0 0 0 0 0 0 0 0 0 0 0 0 0 0 0 0 0
    0 0 0 0 0 0 0 0 0 0 0 0 0 0 0 0 0 0 0 0 0 0 0 0 0 0 0 0 0 0 0 0 0 0
    0 0 0 0 0 0 0 0 0 255 255 0 0 0 0 0 0 0 0 0 0 0 0 0 0 0 0 0 0 0 0 0
    0 0 0 0 0 0 0 0 0 0 0 0 0 0 0 0 0 0 0 0 0 0 0 0 0 0 0 0 0 0 0 0 0 0
    0 0 0 0 0 0 0 0 0 0 0 0 0 0 0 0 0 0 0 0 0 0 0 0 0 0 0 0 0 0 0 0 0 0
    0 0 0 0 0 0 0 0 0 0 0 0 0 0 0 0 0 0 0 0 0 0 0 0 0 0 0 0 0 0 0 0 0 0
    0 0 0 0 0 0 255 255 0 0 0 0 0 0 0 0 0 0 0 0 0 0 0 0 0 0 0 0 0 0 0 0
    0 0 0 0 0 0 0 0 0 0 0 0 0 0 0 0 0 0 0 0 0 0 0 0 0 0 0 0 0 0 0 0 0 0
    0 0 0 0 0 0 0 0 0 0 0 0 0 0 0 0 0 0 0 0 0 0 0 0 0 0 0 0 0 0 0 0 0 0
    0 0 0 0 0 0 0 0 0 0 0 0 0 0 0 0 0 0 0 0 0 0 0 0 0 0 0 0 0 0 0 255
    255 0 0 0 0 0 0 0 0 0 0 0 0 0 0 0 0 0 0 0 0 0 0 0 0 0 0 0 0 0 0 0 0
    0 0 0 0 0 0 0 0 0 0 0 0 0 0 0 0 0 0 0 0 0 0 0 0 0 0 0 0 0 0 0 0 0 0
    0 0 0 0 0 0 0 0 0 0 0 0 0 0 0 0 0 0 0 0 0 0 0 0 0 0 0 0 0 0 0 0 0 0
    0 0 0 0 0 0 0 0 0 0 0 0 0 0 0 0 0 0 0 0 0 0 0 0 0 0 0 0 0 0 255 0 0
    0 0 0 0 0 0 0 0 0 0 0 0 0 0 0 0 0 0 0 0 0 0 0 0 0 0 0 0 0 0 0 0 0 0
    0 0 0 0 0 0 0 0 0 0 0 0 0 0 0 0 0 0 0 0 0 0 0 0 0 0 0 0 0 0 0 0 0 0
    0 0 0 0 0 0 0 0 0 0 0 0 0 0 0 0 0 0 0 0 0 0 0 0 0 0 0 0 0 0 0 0 0 0
    0 0 0 0 0 0 0 0 0 0 0 0 0 0 0 0 0 0 0 255 0 0 0 0 0 0 0 0 0 0 0 0 0
    0 0 0 0 0 0 0 0 0 0 0 0 0 0 0 0 0 0 0 0 0 0 0 0 0 0 0 0 0 0 0 0 0 0
    0 0 0 0 0 0 0 0 0 0 0 0 0 0 0 0 0 0 0 0 0 0 0 0 0 0 0 0 0 0 0 0 0 0
    0 0 0 0 0 0 0 0 0 0 0 0 0 0 0 0 0 0 0 0 0 0 0 0 0 0 0 0 0 0 0 0 0 0
    0 0 0 0 0 0 0 0 0 0 0 0 0 0 0 0 255 0 0 0 0 0 0 0 0 0 0 0 0 0 0 0 0
    0 0 0 0 0 0 0 0 0 0 0 0 0 0 0 0 0 0 0 0 0 0 0 0 0 0 0 0 0 0 0 0 0 0
    0 0 0 0 0 0 0 0 0 0 0 0 0 0 0 0 0 0 0 0 0 0 0 0 0 0 0 0 0 0 0 0 0 0
    0 0 0 0 0 0 0 0 0 0 0 0 0 0 0 0 0 0 0 0 0 0 0 0 0 0 0 0 0 0 0 0 0 0
    0 0 0 0 0 255 0 0 0 0 0 0 0 0 0 0 0 0 0 0 0 0 0 0 0 0 0 0 0 0 0 0 0
    0 0 0 0 0 0 0 0 0 0 0 0 0 0 0 0 0 0 0 0 0 0 0 0 0 0 0 0 0 0 0 0 0 0
    0 0 0 0 0 0 0 0 0 0 0 0 0 0 0 0 0 0 0 0 0 0 0 0 0 0 0 0 0 0 0 0 0 0
    0 0 0 0 0 0 0 0 0 0 0 0 0 0 0 0 0 0 0 0 0 0 0 0 0 0 0 0 0 0 0 0 0 0
    0 0 255 255 0 0 0 0 0 0 0 0 0 0 0 0 0 0 0 0 0 0 0 0 0 0 0 0 0 0 0 0
    0 0 0 0 0 0 0 0 0 0 0 0 0 0 0 0 0 0 0 0 0 0 0 0 0 0 0 0 0 0 0 0 0 0
    0 0 0 0 0 0 0 0 0 0 0 0 0 0 0 0 0 0 0 0 0 0 0 0 0 0 0 0 0 0 0 0 0 0
    0 0 0 0 0 0 0 0 0 0 0 0 0 0 0 0 0 0 0 0 0 0 0 0 0 255 255 0 0 0 0 0
    0 0 0 0 0 0 0 0 0 0 0 0 0 0 0 0 0 0 0 0 0 0 0 0 0 0 0 0 0 0 0 0 0 0
    0 0 0 0 0 0 0 0 0 0 0 0 0 0 0 0 0 0 0 0 0 0 0 0 0 0 0 0 0 0 0 0 0 0
    0 0 0 0 0 0 0 0 0 0 0 0 0 0 0 0 0 0 0 0 0 0 0 0 0 0 0 0 0 0 0 0 0 0
    0 0 0 0 0 0 0 0 0 0 0 0 0 0 0 0 0 0 0 0 0 0 0 0 255 255 0 0 0 0 0 0
    0 0 0 0 0 0 0 0 0 0 0 0 0 0 0 0 0 0 0 0 0 0 0 0 0 0 0 0 0 0 0 0 0 0
    0 0 0 0 0 0 0 0 0 0 0 0 0 0 0 0 0 0 0 0 0 0 0 0 0 0 0 0 0 0 0 0 0 0
    0 0 0 0 0 0 0 0 0 0 0 0 0 0 0 0 0 0 0 0 0 0 0 0 0 0 0 0 0 0 0 0 0 0
    0 0 0 0 0 0 0 0 0 0 0 0 0 255 255 0 0 0 0 0 0 0 0 0 0 0 0 0 0 0 0 0
    0 0 0 0 0 0 0 0 0 0 0 0 0 0 0 0 0 0 0 0 0 0 0 0 0 0 0 0 0 0 0 0 0 0
    0 0 0 0 0 0 0 0 0 0 0 0 0 0 0 0 0 0 0 0 0 0 0 0 0 0 0 0 0 0 0 0 0 0
    0 0 0 0 0 0 0 0 0 0 0 0 0 0 0 0 0 0 0 0 0 0 0 0 0 0 0 0 0 0 0 0 0 0
    0 0 0 0 0 0 0 0 0 0 0 0 0 255 0 0 0 0 0 0 0 0 0 0 0 0 0 0 0 0 0 0 0
    0 0 0 0 0 0 0 0 0 0 0 0 0 0 0 0 0 0 0 0 0 0 0 0 0 0 0 0 0 0 0 0 0 0
    0 0 0 0 0 0 0 0 0 0 0 0 0 0 0 0 0 0 0 0 0 0 0 0 0 0 0 0 0 0 0 0 0 0
    0 0 0 0 0 0 0 0 0 0 0 0 0 0 0 0 0 0 0 0 0 0 0 0 0 0 0 0 0 0 0 0 0 0
    255 0 0 0 0 0 0 0 0 0 0 0 0 0 0 0 0 0 0 0 0 0 0 0 0 0 0 0 0 0 0 0 0
    0 0 0 0 0 0 0 0 0 0 0 0 0 0 0 0 0 0 0 0 0 0 0 0 0 0 0 0 0 0 0 0 0 0
    0 0 0 0 0 0 0 0 0 0 0 0 0 0 0 0 0 0 0 0 0 0 0 0 0 0 0 0 0 0 0 0 0 0
    0 0 0 0 0 0 0 0 0 0 0 0 0 0 0 0 0 0 0 0 0 0 0 0 0 0 0 0 0 0 0 0 0
    255 255 0 0 0 0 0 0 0 0 0 0 0 0 0 0 0 0 0 0 0 0 0 0 0 0 0 0 0 0 0 0
    0 0 0 0 0 0 0 0 0 0 0 0 0 0 0 0 0 0 0 0 0 0 0 0 0 0 0 0 0 0 0 0 0 0
    0 0 0 0 0 0 0 0 0 0 0 0 0 0 0 0 0 0 0 0 0 0 0 0 0 0 0 0 0 0 0 0 0 0
    0 0 0 0 0 0 0 0 0 0 0 0 0 0 0 0 0 0 0 0 0 255 255 0 0 0 0 0 0 0 0 0
    0 0 0 0 0 0 0 0 0 0 0 0 0 0 0 0 0 0 0 0 0 0 0 0 0 0 0 0 0 0 0 0 0 0
    0 0 0 0 0 0 0 0 0 0 0 0 0 0 0 0 0 0 0 0 0 0 0 0 0 0 0 0 0 0 0 0 0 0
    0 0 0 0 0 0 0 0 0 0 0 0 0 0 0 0 0 0 0 0 0 0 0 0 0 0 0 0 0 0 0 0 0 0
    0 0 0 0 0 0 0 0 0 0 0 0 0 0 0 0 0 0 0 0 0 0 255 255 0 0 0 0 0 0 0 0
    0 0 0 0 0 0 0 0 0 0 0 0 0 0 0 0 0 0 0 0 0 0 0 0 0 0 0 0 0 0 0 0 0 0
    0 0 0 0 0 0 0 0 0 0 0 0 0 0 0 0 0 0 0 0 0 0 0 0 0 0 0 0 0 0 0 0 0 0
    0 0 0 0 0 0 0 0 0 0 0 0 0 0 0 0 0 0 0 0 0 0 0 0 0 0 0 0 0 0 0 0 0 0
    0 0 0 0 0 0 0 0 0 255 255 0 0 0 0 0 0 0 0 0 0 0 0 0 0 0 0 0 0 0 0 0
    0 0 0 0 0 0 0 0 0 0 0 0 0 0 0 0 0 0 0 0 0 0 0 0 0 0 0 0 0 0 0 0 0 0
    0 0 0 0 0 0 0 0 0 0 0 0 0 0 0 0 0 0 0 0 0 0 0 0 0 0 0 0 0 0 0 0 0 0
    0 0 0 0 0 0 0 0 0 0 0 0 0 0 0 0 0 0 0 0 0 0 0 0 0 0 0 0 0 0 0 0 0 0
    0 0 0 0 0 0 0 0 0 0 0 255 0 0 0 0 0 0 0 0 0 0 0 0 0 0 0 0 0 0 0 0 0
    0 0 0 0 0 0 0 0 0 0 0 0 0 0 0 0 0 0 0 0 0 0 0 0 0 0 0 0 0 0 0 0 0 0
    0 0 0 0 0 0 0 0 0 0 0 0 0 0 0 0 0 0 0 0 0 0 0 0 0 0 0 0 0 0 0 0 0 0
    0 0 0 0 0 0 0 0 0 0 0 0 0 0 0 0 0 0 0 0 0 0 0 0 0 0 0 0 0 0 255 0 0
    0 0 0 0 0 0 0 0 0 0 0 0 0 0 0 0 0 0 0 0 0 0 0 0 0 0 0 0 0 0 0 0 0 0
    0 0 0 0 0 0 0 0 0 0 0 0 0 0 0 0 0 0 0 0 0 0 0 0 0 0 0 0 0 0 0 0 0 0
    0 0 0 0 0 0 0 0 0 0 0 0 0 0 0 0 0 0 0 0 0 0 0 0 0 0 0 0 0 0 0 0 0 0
    0 0 0 0 0 0 0 0 0 0 0 0 0 0 0 0 0 0 0 0 0 0 0 0 0 0 0 0 0 0 0 255
    255 0 0 0 0 0 0 0 0 0 0 0 0 0 0 0 0 0 0 0 0 0 0 0 0 0 0 0 0 0 0 0 0
    0 0 0 0 0 0 0 0 0 0 0 0 0 0 0 0 0 0 0 0 0 0 0 0 0 0 0 0 0 0 0 0 0 0
    0 0 0 0 0 0 0 0 0 0 0 0 0 0 0 0 0 0 0 0 0 0 0 0 0 0 0 0 0 0 0 0 0 0
    0 0 0 0 0 0 0 0 0 0 0 0 0 0 0 0 0 255 255 0 0 0 0 0 0 0 0 0 0 0 0 0
    0 0 0 0 0 0 0 0 0 0 0 0 0 0 0 0 0 0 0 0 0 0 0 0 0 0 0 0 0 0 0 0 0 0
    0 0 0 0 0 0 0 0 0 0 0 0 0 0 0 0 0 0 0 0 0 0 0 0 0 0 0 0 0 0 0 0 0 0
    0 0 0 0 0 0 0 0 0 0 0 0 0 0 0 0 0 0 0 0 0 0 0 0 0 0 0 0 0 0 0 0 0 0
    0 0 0 0 0 0 0 0 0 0 0 0 0 0 0 0 0 0 0 0 255 255 0 0 0 0 0 0 0 0 0 0
    0 0 0 0 0 0 0 0 0 0 0 0 0 0 0 0 0 0 0 0 0 0 0 0 0 0 0 0 0 0 0 0 0 0
    0 0 0 0 0 0 0 0 0 0 0 0 0 0 0 0 0 0 0 0 0 0 0 0 0 0 0 0 0 0 0 0 0 0
    0 0 0 0 0 0 0 0 0 0 0 0 0 0 0 0 0 0 0 0 0 0 0 0 0 0 0 0 0 0 0 0 0 0
    0 0 0 0 0 255 255 0 0 0 0 0 0 0 0 0 0 0 0 0 0 0 0 0 0 0 0 0 0 0 0 0
    0 0 0 0 0 0 0 0 0 0 0 0 0 0 0 0 0 0 0 0 0 0 0 0 0 0 0 0 0 0 0 0 0 0
    0 0 0 0 0 0 0 0 0 0 0 0 0 0 0 0 0 0 0 0 0 0 0 0 0 0 0 0 0 0 0 0 0 0
    0 0 0 0 0 0 0 0 0 0 0 0 0 0 0 0 0 0 0 0 0 0 0 0 0 0 0 0 0 0 0 0 0 0
    0 0 0 0 0 0 0 0 0 255 255 0 0 0 0 0 0 0 0 0 0 0 0 0 0 0 0 0 0 0 0 0
    0 0 0 0 0 0 0 0 0 0 0 0 0 0 0 0 0 0 0 0 0 0 0 0 0 0 0 0 0 0 0 0 0 0
    0 0 0 0 0 0 0 0 0 0 0 0 0 0 0 0 0 0 0 0 0 0 0 0 0 0 0 0 0 0 0 0 0 0
    0 0 0 0 0 0 0 0 0 0 0 0 0 0 0 0 0 0 0 0 0 0 0 0 0 0 255 255 0 0 0 0
    0 0 0 0 0 0 0 0 0 0 0 0 0 0 0 0 0 0 0 0 0 0 0 0 0 0 0 0 0 0 0 0 0 0
    0 0 0 0 0 0 0 0 0 0 0 0 0 0 0 0 0 0 0 0 0 0 0 0 0 0 0 0 0 0 0 0 0 0
    0 0 0 0 0 0 0 0 0 0 0 0 0 0 0 0 0 0 0 0 0 0 0 0 0 0 0 0 0 0 0 0 0 0
    0 0 0 0 0 0 0 0 0 0 0 0 0 0 0 0 0 0 0 0 0 0 0 0 0 0 0 0 0 0 0 255
    255 0 0 0 0 0 0 0 0 0 0 0 0 0 0 0 0 0 0 0 0 0 0 0 0 0 0 0 0 0 0 0 0
    0 0 0 0 0 0 0 0 0 0 0 0 0 0 0 0 0 0 0 0 0 0 0 0 0 0 0 0 0 0 0 0 0 0
    0 0 0 0 0 0 0 0 0 0 0 0 0 0 0 0 0 0 0 0 0 0 0 0 0 0 0 0 0 0 0 0 0 0
    0 0 0 0 0 0 0 0 0 0 0 0 0 0 0 255 255 0 0 0 0 0 0 0 0 0 0 0 0 0 0 0
    0 0 0 0 0 0 0 0 0 0 0 0 0 0 0 0 0 0 0 0 0 0 0 0 0 0 0 0 0 0 0 0 0 0
    0 0 0 0 0 0 0 0 0 0 0 0 0 0 0 0 0 0 0 0 0 0 0 0 0 0 0 0 0 0 0 0 0 0
    0 0 0 0 0 0 0 0 0 0 0 0 0 0 0 0 0 0 0 0 0 0 0 0 0 0 0 0 0 0 0 0 0 0
    0 0 0 0 0 0 0 0 0 0 0 0 0 0 0 0 0 0 0 0 255 255 0 0 0 0 0 0 0 0 0 0
    0 0 0 0 0 0 0 0 0 0 0 0 0 0 0 0 0 0 0 0 0 0 0 0 0 0 0 0 0 0 0 0 0 0
    0 0 0 0 0 0 0 0 0 0 0 0 0 0 0 0 0 0 0 0 0 0 0 0 0 0 0 0 0 0 0 0 0 0
    0 0 0 0 0 0 0 0 0 0 0 0 0 0 0 0 0 0 0 0 0 0 0 0 0 0 0 0 0 0 0 0 0 0
    0 0 0 255 255 0 0 0 0 0 0 0 0 0 0 0 0 0 0 0 0 0 0 0 0 0 0 0 0 0 0 0
    0 0 0 0 0 0 0 0 0 0 0 0 0 0 0 0 0 0 0 0 0 0 0 0 0 0 0 0 0 0 0 0 0 0
    0 0 0 0 0 0 0 0 0 0 0 0 0 0 0 0 0 0 0 0 0 0 0 0 0 0 0 0 0 0 0 0 0 0
    0 0 0 0 0 0 0 0 0 0 0 0 0 0 0 0 0 0 0 0 0 0 0 0 0 0 0 0 0 0 0 0 0 0
    0 0 0 0 0 0 0 0 0 255 255 0 0 0 0 0 0 0 0 0 0 0 0 0 0 0 0 0 0 0 0 0
    0 0 0 0 0 0 0 0 0 0 0 0 0 0 0 0 0 0 0 0 0 0 0 0 0 0 0 0 0 0 0 0 0 0
    0 0 0 0 0 0 0 0 0 0 0 0 0 0 0 0 0 0 0 0 0 0 0 0 0 0 0 0 0 0 0 0 0 0
    0 0 0 0 0 0 0 0 0 0 0 0 0 0 0 0 0 0 0 0 0 0 0 0 255 255 0 0 0 0 0 0
    0 0 0 0 0 0 0 0 0 0 0 0 0 0 0 0 0 0 0 0 0 0 0 0 0 0 0 0 0 0 0 0 0 0
    0 0 0 0 0 0 0 0 0 0 0 0 0 0 0 0 0 0 0 0 0 0 0 0 0 0 0 0 0 0 0 0 0 0
    0 0 0 0 0 0 0 0 0 0 0 0 0 0 0 0 0 0 0 0 0 0 0 0 0 0 0 0 0 0 0 0 0 0
    0 0 0 0 0 0 0 0 0 0 0 0 0 0 0 0 0 0 0 0 0 0 0 0 0 0 0 0 0 0 0 255
    255 0 0 0 0 0 0 0 0 0 0 0 0 0 0 0 0 0 0 0 0 0 0 0 0 0 0 0 0 0 0 0 0
    0 0 0 0 0 0 0 0 0 0 0 0 0 0 0 0 0 0 0 0 0 0 0 0 0 0 0 0 0 0 0 0 0 0
    0 0 0 0 0 0 0 0 0 0 0 0 0 0 0 0 0 0 0 0 0 0 0 0 0 0 0 0 0 0 0 0 0 0
    0 0 0 0 0 0 0 0 0 0 0 0 0 255 255 0 0 0 0 0 0 0 0 0 0 0 0 0 0 0 0 0
    0 0 0 0 0 0 0 0 0 0 0 0 0 0 0 0 0 0 0 0 0 0 0 0 0 0 0 0 0 0 0 0 0 0
    0 0 0 0 0 0 0 0 0 0 0 0 0 0 0 0 0 0 0 0 0 0 0 0 0 0 0 0 0 0 0 0 0 0
    0 0 0 0 0 0 0 0 0 0 0 0 0 0 0 0 0 0 0 0 0 0 0 0 0 0 0 0 0 0 0 0 0 0
    0 0 0 0 0 0 0 0 0 0 0 0 0 0 0 0 0 0 0 0 0 255 255 0 0 0 0 0 0 0 0 0
    0 0 0 0 0 0 0 0 0 0 0 0 0 0 0 0 0 0 0 0 0 0 0 0 0 0 0 0 0 0 0 0 0 0
    0 0 0 0 0 0 0 0 0 0 0 0 0 0 0 0 0 0 0 0 0 0 0 0 0 0 0 0 0 0 0 0 0 0
    0 0 0 0 0 0 0 0 0 0 0 0 0 0 0 0 0 0 0 0 0 0 0 0 0 0 0 0 0 0 0 0 0 0
    255 255 0 0 0 0 0 0 0 0 0 0 0 0 0 0 0 0 0 0 0 0 0 0 0 0 0 0 0 0 0 0
    0 0 0 0 0 0 0 0 0 0 0 0 0 0 0 0 0 0 0 0 0 0 0 0 0 0 0 0 0 0 0 0 0 0
    0 0 0 0 0 0 0 0 0 0 0 0 0 0 0 0 0 0 0 0 0 0 0 0 0 0 0 0 0 0 0 0 0 0
    0 0 0 0 0 0 0 0 0 0 0 0 0 0 0 0 0 0 0 0 0 0 0 0 0 0 0 0 0 0 0 0 0 0
    0 0 0 0 0 0 0 0 0 0 255 255 0 0 0 0 0 0 0 0 0 0 0 0 0 0 0 0 0 0 0 0
    0 0 0 0 0 0 0 0 0 0 0 0 0 0 0 0 0 0 0 0 0 0 0 0 0 0 0 0 0 0 0 0 0 0
    0 0 0 0 0 0 0 0 0 0 0 0 0 0 0 0 0 0 0 0 0 0 0 0 0 0 0 0 0 0 0 0 0 0
    0 0 0 0 0 0 0 0 0 0 0 0 0 0 0 0 0 0 0 0 0 255 255 0 0 0 0 0 0 0 0 0
    0 0 0 0 0 0 0 0 0 0 0 0 0 0 0 0 0 0 0 0 0 0 0 0 0 0 0 0 0 0 0 0 0 0
    0 0 0 0 0 0 0 0 0 0 0 0 0 0 0 0 0 0 0 0 0 0 0 0 0 0 0 0 0 0 0 0 0 0
    0 0 0 0 0 0 0 0 0 0 0 0 0 0 0 0 0 0 0 0 0 0 0 0 0 0 0 0 0 0 0 0 0 0
    0 0 0 0 0 0 0 0 0 0 0 0 0 0 0 0 0 0 0 0 0 0 0 0 0 0 0 0 0 0 0 0 255
    255 0 0 0 0 0 0 0 0 0 0 0 0 0 0 0 0 0 0 0 0 0 0 0 0 0 0 0 0 0 0 0 0
    0 0 0 0 0 0 0 0 0 0 0 0 0 0 0 0 0 0 0 0 0 0 0 0 0 0 0 0 0 0 0 0 0 0
    0 0 0 0 0 0 0 0 0 0 0 0 0 0 0 0 0 0 0 0 0 0 0 0 0 0 0 0 0 0 0 0 0 0
    0 0 0 0 0 0 0 0 0 255 255 0 0 0 0 0 0 0 0 0 0 0 0 0 0 0 0 0 0 0 0 0
    0 0 0 0 0 0 0 0 0 0 0 0 0 0 0 0 0 0 0 0 0 0 0 0 0 0 0 0 0 0 0 0 0 0
    0 0 0 0 0 0 0 0 0 0 0 0 0 0 0 0 0 0 0 0 0 0 0 0 0 0 0 0 0 0 0 0 0 0
    0 0 0 0 0 0 0 0 0 0 0 0 0 0 0 0 0 0 0 0 0 0 0 0 0 0 0 0 0 0 0 0 0 0
    0 0 0 0 0 0 0 0 0 0 0 0 0 0 0 0 0 0 0 0 0 255 255 0 0 0 0 0 0 0 0 0
    0 0 0 0 0 0 0 0 0 0 0 0 0 0 0 0 0 0 0 0 0 0 0 0 0 0 0 0 0 0 0 0 0 0
    0 0 0 0 0 0 0 0 0 0 0 0 0 0 0 0 0 0 0 0 0 0 0 0 0 0 0 0 0 0 0 0 0 0
    0 0 0 0 0 0 0 0 0 0 0 0 0 0 0 0 0 0 0 0 0 0 0 0 0 0 0 0 0 0 255 255
    0 0 0 0 0 0 0 0 0 0 0 0 0 0 0 0 0 0 0 0 0 0 0 0 0 0 0 0 0 0 0 0 0 0
    0 0 0 0 0 0 0 0 0 0 0 0 0 0 0 0 0 0 0 0 0 0 0 0 0 0 0 0 0 0 0 0 0 0
    0 0 0 0 0 0 0 0 0 0 0 0 0 0 0 0 0 0 0 0 0 0 0 0 0 0 0 0 0 0 0 0 0 0
    0 0 0 0 0 0 0 0 0 0 0 0 0 0 0 0 0 0 0 0 0 0 0 0 0 0 0 0 0 0 0 0 0 0
    0 0 0 0 0 0 0 0 0 255 255 0 0 0 0 0 0 0 0 0 0 0 0 0 0 0 0 0 0 0 0 0
    0 0 0 0 0 0 0 0 0 0 0 0 0 0 0 0 0 0 0 0 0 0 0 0 0 0 0 0 0 0 0 0 0 0
    0 0 0 0 0 0 0 0 0 0 0 0 0 0 0 0 0 0 0 0 0 0 0 0 0 0 0 0 0 0 0 0 0 0
    0 0 0 0 0 0 0 0 0 0 0 0 0 0 0 0 0 0 255 255 0 0 0 0 0 0 0 0 0 0 0 0
    0 0 0 0 0 0 0 0 0 0 0 0 0 0 0 0 0 0 0 0 0 0 0 0 0 0 0 0 0 0 0 0 0 0
    0 0 0 0 0 0 0 0 0 0 0 0 0 0 0 0 0 0 0 0 0 0 0 0 0 0 0 0 0 0 0 0 0 0
    0 0 0 0 0 0 0 0 0 0 0 0 0 0 0 0 0 0 0 0 0 0 0 0 0 0 0 0 0 0 0 0 0 0
    0 0 0 0 0 0 0 0 0 0 0 0 0 0 0 0 0 0 0 0 0 0 0 0 0 0 0 0 0 0 0 0 255
    255 0 0 0 0 0 0 0 0 0 0 0 0 0 0 0 0 0 0 0 0 0 0 0 0 0 0 0 0 0 0 0 0
    0 0 0 0 0 0 0 0 0 0 0 0 0 0 0 0 0 0 0 0 0 0 0 0 0 0 0 0 0 0 0 0 0 0
    0 0 0 0 0 0 0 0 0 0 0 0 0 0 0 0 0 0 0 0 0 0 0 0 0 0 0 0 0 0 0 0 0 0
    0 0 0 0 0 255 255 0 0 0 0 0 0 0 0 0 0 0 0 0 0 0 0 0 0 0 0 0 0 0 0 0
    0 0 0 0 0 0 0 0 0 0 0 0 0 0 0 0 0 0 0 0 0 0 0 0 0 0 0 0 0 0 0 0 0 0
    0 0 0 0 0 0 0 0 0 0 0 0 0 0 0 0 0 0 0 0 0 0 0 0 0 0 0 0 0 0 0 0 0 0
    0 0 0 0 0 0 0 0 0 0 0 0 0 0 0 0 0 0 0 0 0 0 0 0 0 0 0 0 0 0 0 0 0 0
    0 0 0 0 0 0 0 0 0 0 0 0 0 0 0 0 0 0 0 0 0 255 255 0 0 0 0 0 0 0 0 0
    0 0 0 0 0 0 0 0 0 0 0 0 0 0 0 0 0 0 0 0 0 0 0 0 0 0 0 0 0 0 0 0 0 0
    0 0 0 0 0 0 0 0 0 0 0 0 0 0 0 0 0 0 0 0 0 0 0 0 0 0 0 0 0 0 0 0 0 0
    0 0 0 0 0 0 0 0 0 0 0 0 0 0 0 0 0 0 0 0 0 0 0 0 0 0 255 255 0 0 0 0
    0 0 0 0 0 0 0 0 0 0 0 0 0 0 0 0 0 0 0 0 0 0 0 0 0 0 0 0 0 0 0 0 0 0
    0 0 0 0 0 0 0 0 0 0 0 0 0 0 0 0 0 0 0 0 0 0 0 0 0 0 0 0 0 0 0 0 0 0
    0 0 0 0 0 0 0 0 0 0 0 0 0 0 0 0 0 0 0 0 0 0 0 0 0 0 0 0 0 0 0 0 0 0
    0 0 0 0 0 0 0 0 0 0 0 0 0 0 0 0 0 0 0 0 0 0 0 0 0 0 0 0 0 0 0 0 0 0
    0 0 0 0 0 0 0 0 0 255 255 0 0 0 0 0 0 0 0 0 0 0 0 0 0 0 0 0 0 0 0 0
    0 0 0 0 0 0 0 0 0 0 0 0 0 0 0 0 0 0 0 0 0 0 0 0 0 0 0 0 0 0 0 0 0 0
    0 0 0 0 0 0 0 0 0 0 0 0 0 0 0 0 0 0 0 0 0 0 0 0 0 0 0 0 0 0 0 0 0 0
    0 0 0 0 0 0 0 0 0 0 0 0 0 0 255 255 0 0 0 0 0 0 0 0 0 0 0 0 0 0 0 0
    0 0 0 0 0 0 0 0 0 0 0 0 0 0 0 0 0 0 0 0 0 0 0 0 0 0 0 0 0 0 0 0 0 0
    0 0 0 0 0 0 0 0 0 0 0 0 0 0 0 0 0 0 0 0 0 0 0 0 0 0 0 0 0 0 0 0 0 0
    0 0 0 0 0 0 0 0 0 0 0 0 0 0 0 0 0 0 0 0 0 0 0 0 0 0 0 0 0 0 0 0 0 0
    0 0 0 0 0 0 0 0 0 0 0 0 0 0 0 0 0 0 0 0 0 0 0 0 0 0 0 0 0 0 0 0 255
    255 0 0 0 0 0 0 0 0 0 0 0 0 0 0 0 0 0 0 0 0 0 0 0 0 0 0 0 0 0 0 0 0
    0 0 0 0 0 0 0 0 0 0 0 0 0 0 0 0 0 0 0 0 0 0 0 0 0 0 0 0 0 0 0 0 0 0
    0 0 0 0 0 0 0 0 0 0 0 0 0 0 0 0 0 0 0 0 0 0 0 0 0 0 0 0 0 0 0 0 0 0
    0 255 255 0 0 0 0 0 0 0 0 0 0 0 0 0 0 0 0 0 0 0 0 0 0 0 0 0 0 0 0 0
    0 0 0 0 0 0 0 0 0 0 0 0 0 0 0 0 0 0 0 0 0 0 0 0 0 0 0 0 0 0 0 0 0 0
    0 0 0 0 0 0 0 0 0 0 0 0 0 0 0 0 0 0 0 0 0 0 0 0 0 0 0 0 0 0 0 0 0 0
    0 0 0 0 0 0 0 0 0 0 0 0 0 0 0 0 0 0 0 0 0 0 0 0 0 0 0 0 0 0 0 0 0 0
    0 0 0 0 0 0 0 0 0 0 0 0 0 0 0 0 0 0 0 0 0 255 255 0 0 0 0 0 0 0 0 0
    0 0 0 0 0 0 0 0 0 0 0 0 0 0 0 0 0 0 0 0 0 0 0 0 0 0 0 0 0 0 0 0 0 0
    0 0 0 0 0 0 0 0 0 0 0 0 0 0 0 0 0 0 0 0 0 0 0 0 0 0 0 0 0 0 0 0 0 0
    0 0 0 0 0 0 0 0 0 0 0 0 0 0 0 0 0 0 0 0 0 0 255 255 0 0 0 0 0 0 0 0
    0 0 0 0 0 0 0 0 0 0 0 0 0 0 0 0 0 0 0 0 0 0 0 0 0 0 0 0 0 0 0 0 0 0
    0 0 0 0 0 0 0 0 0 0 0 0 0 0 0 0 0 0 0 0 0 0 0 0 0 0 0 0 0 0 0 0 0 0
    0 0 0 0 0 0 0 0 0 0 0 0 0 0 0 0 0 0 0 0 0 0 0 0 0 0 0 0 0 0 0 0 0 0
    0 0 0 0 0 0 0 0 0 0 0 0 0 0 0 0 0 0 0 0 0 0 0 0 0 0 0 0 0 0 0 0 0 0
    0 0 0 0 0 0 0 0 0 0 255 255 0 0 0 0 0 0 0 0 0 0 0 0 0 0 0 0 0 0 0 0
    0 0 0 0 0 0 0 0 0 0 0 0 0 0 0 0 0 0 0 0 0 0 0 0 0 0 0 0 0 0 0 0 0 0
    0 0 0 0 0 0 0 0 0 0 0 0 0 0 0 0 0 0 0 0 0 0 0 0 0 0 0 0 0 0 0 0 0 0
    0 0 0 0 0 0 0 0 0 255 255 0 0 0 0 0 0 0 0 0 0 0 0 0 0 0 0 0 0 0 0 0
    0 0 0 0 0 0 0 0 0 0 0 0 0 0 0 0 0 0 0 0 0 0 0 0 0 0 0 0 0 0 0 0 0 0
    0 0 0 0 0 0 0 0 0 0 0 0 0 0 0 0 0 0 0 0 0 0 0 0 0 0 0 0 0 0 0 0 0 0
    0 0 0 0 0 0 0 0 0 0 0 0 0 0 0 0 0 0 0 0 0 0 0 0 0 0 0 0 0 0 0 0 0 0
    0 0 0 0 0 0 0 0 0 0 0 0 0 0 0 0 0 0 0 0 0 0 0 0 0 0 0 0 0 0 0 0 255
    255 0 0 0 0 0 0 0 0 0 0 0 0 0 0 0 0 0 0 0 0 0 0 0 0 0 0 0 0 0 0 0 0
    0 0 0 0 0 0 0 0 0 0 0 0 0 0 0 0 0 0 0 0 0 0 0 0 0 0 0 0 0 0 0 0 0 0
    0 0 0 0 0 0 0 0 0 0 0 0 0 0 0 0 0 0 0 0 0 0 0 0 0 0 0 0 0 0 0 255
    255 0 0 0 0 0 0 0 0 0 0 0 0 0 0 0 0 0 0 0 0 0 0 0 0 0 0 0 0 0 0 0 0
    0 0 0 0 0 0 0 0 0 0 0 0 0 0 0 0 0 0 0 0 0 0 0 0 0 0 0 0 0 0 0 0 0 0
    0 0 0 0 0 0 0 0 0 0 0 0 0 0 0 0 0 0 0 0 0 0 0 0 0 0 0 0 0 0 0 0 0 0
    0 0 0 0 0 0 0 0 0 0 0 0 0 0 0 0 0 0 0 0 0 0 0 0 0 0 0 0 0 0 0 0 0 0
    0 0 0 0 0 0 0 0 0 0 0 0 0 0 0 0 0 0 0 0 0 0 255 255 0 0 0 0 0 0 0 0
    0 0 0 0 0 0 0 0 0 0 0 0 0 0 0 0 0 0 0 0 0 0 0 0 0 0 0 0 0 0 0 0 0 0
    0 0 0 0 0 0 0 0 0 0 0 0 0 0 0 0 0 0 0 0 0 0 0 0 0 0 0 0 0 0 0 0 0 0
    0 0 0 0 0 0 0 0 0 0 0 0 0 0 0 0 0 0 0 255 255 0 0 0 0 0 0 0 0 0 0 0
    0 0 0 0 0 0 0 0 0 0 0 0 0 0 0 0 0 0 0 0 0 0 0 0 0 0 0 0 0 0 0 0 0 0
    0 0 0 0 0 0 0 0 0 0 0 0 0 0 0 0 0 0 0 0 0 0 0 0 0 0 0 0 0 0 0 0 0 0
    0 0 0 0 0 0 0 0 0 0 0 0 0 0 0 0 0 0 0 0 0 0 0 0 0 0 0 0 0 0 0 0 0 0
    0 0 0 0 0 0 0 0 0 0 0 0 0 0 0 0 0 0 0 0 0 0 0 0 0 0 0 0 0 0 0 0 0 0
    0 0 0 0 0 0 0 0 0 0 0 255 255 0 0 0 0 0 0 0 0 0 0 0 0 0 0 0 0 0 0 0
    0 0 0 0 0 0 0 0 0 0 0 0 0 0 0 0 0 0 0 0 0 0 0 0 0 0 0 0 0 0 0 0 0 0
    0 0 0 0 0 0 0 0 0 0 0 0 0 0 0 0 0 0 0 0 0 0 0 0 0 0 0 0 0 0 0 0 0 0
    0 0 0 0 0 0 255 255 0 0 0 0 0 0 0 0 0 0 0 0 0 0 0 0 0 0 0 0 0 0 0 0
    0 0 0 0 0 0 0 0 0 0 0 0 0 0 0 0 0 0 0 0 0 0 0 0 0 0 0 0 0 0 0 0 0 0
    0 0 0 0 0 0 0 0 0 0 0 0 0 0 0 0 0 0 0 0 0 0 0 0 0 0 0 0 0 0 0 0 0 0
    0 0 0 0 0 0 0 0 0 0 0 0 0 0 0 0 0 0 0 0 0 0 0 0 0 0 0 0 0 0 0 0 0 0
    0 0 0 0 0 0 0 0 0 0 0 0 0 0 0 0 0 0 0 0 0 0 0 0 0 0 0 0 0 0 0 0 0 0
    255 255 0 0 0 0 0 0 0 0 0 0 0 0 0 0 0 0 0 0 0 0 0 0 0 0 0 0 0 0 0 0
    0 0 0 0 0 0 0 0 0 0 0 0 0 0 0 0 0 0 0 0 0 0 0 0 0 0 0 0 0 0 0 0 0 0
    0 0 0 0 0 0 0 0 0 0 0 0 0 0 0 0 0 0 0 0 0 0 0 0 0 0 0 255 255 0 0 0
    0 0 0 0 0 0 0 0 0 0 0 0 0 0 0 0 0 0 0 0 0 0 0 0 0 0 0 0 0 0 0 0 0 0
    0 0 0 0 0 0 0 0 0 0 0 0 0 0 0 0 0 0 0 0 0 0 0 0 0 0 0 0 0 0 0 0 0 0
    0 0 0 0 0 0 0 0 0 0 0 0 0 0 0 0 0 0 0 0 0 0 0 0 0 0 0 0 0 0 0 0 0 0
    0 0 0 0 0 0 0 0 0 0 0 0 0 0 0 0 0 0 0 0 0 0 0 0 0 0 0 0 0 0 0 0 0 0
    0 0 0 0 0 0 0 0 0 0 0 0 0 0 0 0 0 0 0 0 0 0 0 255 255 0 0 0 0 0 0 0
    0 0 0 0 0 0 0 0 0 0 0 0 0 0 0 0 0 0 0 0 0 0 0 0 0 0 0 0 0 0 0 0 0 0
    0 0 0 0 0 0 0 0 0 0 0 0 0 0 0 0 0 0 0 0 0 0 0 0 0 0 0 0 0 0 0 0 0 0
    0 0 0 0 0 0 0 0 0 0 0 0 0 0 255 255 0 0 0 0 0 0 0 0 0 0 0 0 0 0 0 0
    0 0 0 0 0 0 0 0 0 0 0 0 0 0 0 0 0 0 0 0 0 0 0 0 0 0 0 0 0 0 0 0 0 0
    0 0 0 0 0 0 0 0 0 0 0 0 0 0 0 0 0 0 0 0 0 0 0 0 0 0 0 0 0 0 0 0 0 0
    0 0 0 0 0 0 0 0 0 0 0 0 0 0 0 0 0 0 0 0 0 0 0 0 0 0 0 0 0 0 0 0 0 0
    0 0 0 0 0 0 0 0 0 0 0 0 0 0 0 0 0 0 0 0 0 0 0 0 0 0 0 0 0 0 0 0 0 0
    0 0 0 0 0 0 0 0 0 0 0 0 255 255 0 0 0 0 0 0 0 0 0 0 0 0 0 0 0 0 0 0
    0 0 0 0 0 0 0 0 0 0 0 0 0 0 0 0 0 0 0 0 0 0 0 0 0 0 0 0 0 0 0 0 0 0
    0 0 0 0 0 0 0 0 0 0 0 0 0 0 0 0 0 0 0 0 0 0 0 0 0 0 0 0 0 0 0 0 0 0
    0 255 255 0 0 0 0 0 0 0 0 0 0 0 0 0 0 0 0 0 0 0 0 0 0 0 0 0 0 0 0 0
    0 0 0 0 0 0 0 0 0 0 0 0 0 0 0 0 0 0 0 0 0 0 0 0 0 0 0 0 0 0 0 0 0 0
    0 0 0 0 0 0 0 0 0 0 0 0 0 0 0 0 0 0 0 0 0 0 0 0 0 0 0 0 0 0 0 0 0 0
    0 0 0 0 0 0 0 0 0 0 0 0 0 0 0 0 0 0 0 0 0 0 0 0 0 0 0 0 0 0 0 0 0 0
    0 0 0 0 0 0 0 0 0 0 0 0 0 0 0 0 0 0 0 0 0 0 0 0 0 0 0 0 0 0 0 0 0 0
    0 255 255 0 0 0 0 0 0 0 0 0 0 0 0 0 0 0 0 0 0 0 0 0 0 0 0 0 0 0 0 0
    0 0 0 0 0 0 0 0 0 0 0 0 0 0 0 0 0 0 0 0 0 0 0 0 0 0 0 0 0 0 0 0 0 0
    0 0 0 0 0 0 0 0 0 0 0 0 0 0 0 0 0 0 0 0 0 0 255 255 0 0 0 0 0 0 0 0
    0 0 0 0 0 0 0 0 0 0 0 0 0 0 0 0 0 0 0 0 0 0 0 0 0 0 0 0 0 0 0 0 0 0
    0 0 0 0 0 0 0 0 0 0 0 0 0 0 0 0 0 0 0 0 0 0 0 0 0 0 0 0 0 0 0 0 0 0
    0 0 0 0 0 0 0 0 0 0 0 0 0 0 0 0 0 0 0 0 0 0 0 0 0 0 0 0 0 0 0 0 0 0
    0 0 0 0 0 0 0 0 0 0 0 0 0 0 0 0 0 0 0 0 0 0 0 0 0 0 0 0 0 0 0 0 0 0
    0 0 0 0 0 0 0 0 0 0 0 0 0 0 0 0 0 0 0 0 0 0 0 0 255 255 0 0 0 0 0 0
    0 0 0 0 0 0 0 0 0 0 0 0 0 0 0 0 0 0 0 0 0 0 0 0 0 0 0 0 0 0 0 0 0 0
    0 0 0 0 0 0 0 0 0 0 0 0 0 0 0 0 0 0 0 0 0 0 0 0 0 0 0 0 0 0 0 0 0 0
    0 0 0 0 0 0 0 0 0 255 255 0 0 0 0 0 0 0 0 0 0 0 0 0 0 0 0 0 0 0 0 0
    0 0 0 0 0 0 0 0 0 0 0 0 0 0 0 0 0 0 0 0 0 0 0 0 0 0 0 0 0 0 0 0 0 0
    0 0 0 0 0 0 0 0 0 0 0 0 0 0 0 0 0 0 0 0 0 0 0 0 0 0 0 0 0 0 0 0 0 0
    0 0 0 0 0 0 0 0 0 0 0 0 0 0 0 0 0 0 0 0 0 0 0 0 0 0 0 0 0 0 0 0 0 0
    0 0 0 0 0 0 0 0 0 0 0 0 0 0 0 0 0 0 0 0 0 0 0 0 0 0 0 0 0 0 0 0 0 0
    0 0 0 0 0 0 0 0 0 0 0 0 0 255 255 255 0 0 0 0 0 0 0 0 0 0 0 0 0 0 0
    0 0 0 0 0 0 0 0 0 0 0 0 0 0 0 0 0 0 0 0 0 0 0 0 0 0 0 0 0 0 0 0 0 0
    0 0 0 0 0 0 0 0 0 0 0 0 0 0 0 0 0 0 0 0 0 0 0 0 0 0 0 0 0 0 255 255
    255 0 0 0 0 0 0 0 0 0 0 0 0 0 0 0 0 0 0 0 0 0 0 0 0 0 0 0 0 0 0 0 0
    0 0 0 0 0 0 0 0 0 0 0 0 0 0 0 0 0 0 0 0 0 0 0 0 0 0 0 0 0 0 0 0 0 0
    0 0 0 0 0 0 0 0 0 0 0 0 0 0 0 0 0 0 0 0 0 0 0 0 0 0 0 0 0 0 0 0 0 0
    0 0 0 0 0 0 0 0 0 0 0 0 0 0 0 0 0 0 0 0 0 0 0 0 0 0 0 0 0 0 0 0 0 0
    0 0 0 0 0 0 0 0 0 0 0 0 0 0 0 0 0 0 0 0 0 0 0 0 0 0 0 0 0 0 0 0 0 0
    0 0 0 0 255 255 255 0 0 0 0 0 0 0 0 0 0 0 0 0 0 0 0 0 0 0 0 0 0 0 0
    0 0 0 0 0 0 0 0 0 0 0 0 0 0 0 0 0 0 0 0 0 0 0 0 0 0 0 0 0 0 0 0 0 0
    0 0 0 0 0 0 0 0 0 0 0 0 0 0 0 0 0 0 0 255 255 255 0 0 0 0 0 0 0 0 0
    0 0 0 0 0 0 0 0 0 0 0 0 0 0 0 0 0 0 0 0 0 0 0 0 0 0 0 0 0 0 0 0 0 0
    0 0 0 0 0 0 0 0 0 0 0 0 0 0 0 0 0 0 0 0 0 0 0 0 0 0 0 0 0 0 0 0 0 0
    0 0 0 0 0 0 0 0 0 0 0 0 0 0 0 0 0 0 0 0 0 0 0 0 0 0 0 0 0 0 0 0 0 0
    0 0 0 0 0 0 0 0 0 0 0 0 0 0 0 0 0 0 0 0 0 0 0 0 0 0 0 0 0 0 0 0 0 0
    0 0 0 0 0 0 0 0 0 0 0 0 0 0 0 0 0 0 0 0 0 0 0 0 0 0 0 0 0 0 255 255
    0 0 0 0 0 0 0 0 0 0 0 0 0 0 0 0 0 0 0 0 0 0 0 0 0 0 0 0 0 0 0 0 0 0
    0 0 0 0 0 0 0 0 0 0 0 0 0 0 0 0 0 0 0 0 0 0 0 0 0 0 0 0 0 0 0 0 0 0
    0 0 0 0 0 0 0 255 255 0 0 0 0 0 0 0 0 0 0 0 0 0 0 0 0 0 0 0 0 0 0 0
    0 0 0 0 0 0 0 0 0 0 0 0 0 0 0 0 0 0 0 0 0 0 0 0 0 0 0 0 0 0 0 0 0 0
    0 0 0 0 0 0 0 0 0 0 0 0 0 0 0 0 0 0 0 0 0 0 0 0 0 0 0 0 0 0 0 0 0 0
    0 0 0 0 0 0 0 0 0 0 0 0 0 0 0 0 0 0 0 0 0 0 0 0 0 0 0 0 0 0 0 0 0 0
    0 0 0 0 0 0 0 0 0 0 0 0 0 0 0 0 0 0 0 0 0 0 0 0 0 0 0 0 0 0 0 0 0 0
    0 0 0 0 0 0 0 0 0 0 0 0 0 0 0 0 0 0 0 255 255 255 0 0 0 0 0 0 0 0 0
    0 0 0 0 0 0 0 0 0 0 0 0 0 0 0 0 0 0 0 0 0 0 0 0 0 0 0 0 0 0 0 0 0 0
    0 0 0 0 0 0 0 0 0 0 0 0 0 0 0 0 0 0 0 0 0 0 0 0 0 0 0 0 255 255 255
    0 0 0 0 0 0 0 0 0 0 0 0 0 0 0 0 0 0 0 0 0 0 0 0 0 0 0 0 0 0 0 0 0 0
    0 0 0 0 0 0 0 0 0 0 0 0 0 0 0 0 0 0 0 0 0 0 0 0 0 0 0 0 0 0 0 0 0 0
    0 0 0 0 0 0 0 0 0 0 0 0 0 0 0 0 0 0 0 0 0 0 0 0 0 0 0 0 0 0 0 0 0 0
    0 0 0 0 0 0 0 0 0 0 0 0 0 0 0 0 0 0 0 0 0 0 0 0 0 0 0 0 0 0 0 0 0 0
    0 0 0 0 0 0 0 0 0 0 0 0 0 0 0 0 0 0 0 0 0 0 0 0 0 0 0 0 0 0 0 0 0 0
    0 0 0 0 0 0 0 0 0 0 255 255 255 0 0 0 0 0 0 0 0 0 0 0 0 0 0 0 0 0 0
    0 0 0 0 0 0 0 0 0 0 0 0 0 0 0 0 0 0 0 0 0 0 0 0 0 0 0 0 0 0 0 0 0 0
    0 0 0 0 0 0 0 0 0 0 0 0 0 0 0 0 0 255 255 255 0 0 0 0 0 0 0 0 0 0 0
    0 0 0 0 0 0 0 0 0 0 0 0 0 0 0 0 0 0 0 0 0 0 0 0 0 0 0 0 0 0 0 0 0 0
    0 0 0 0 0 0 0 0 0 0 0 0 0 0 0 0 0 0 0 0 0 0 0 0 0 0 0 0 0 0 0 0 0 0
    0 0 0 0 0 0 0 0 0 0 0 0 0 0 0 0 0 0 0 0 0 0 0 0 0 0 0 0 0 0 0 0 0 0
    0 0 0 0 0 0 0 0 0 0 0 0 0 0 0 0 0 0 0 0 0 0 0 0 0 0 0 0 0 0 0 0 0 0
    0 0 0 0 0 0 0 0 0 0 0 0 0 0 0 0 0 0 0 0 0 0 0 0 0 0 0 0 0 0 0 0 0 0
    0 0 255 255 255 0 0 0 0 0 0 0 0 0 0 0 0 0 0 0 0 0 0 0 0 0 0 0 0 0 0
    0 0 0 0 0 0 0 0 0 0 0 0 0 0 0 0 0 0 0 0 0 0 0 0 0 0 0 0 0 0 0 0 0 0
    0 0 0 0 0 255 255 255 0 0 0 0 0 0 0 0 0 0 0 0 0 0 0 0 0 0 0 0 0 0 0
    0 0 0 0 0 0 0 0 0 0 0 0 0 0 0 0 0 0 0 0 0 0 0 0 0 0 0 0 0 0 0 0 0 0
    0 0 0 0 0 0 0 0 0 0 0 0 0 0 0 0 0 0 0 0 0 0 0 0 0 0 0 0 0 0 0 0 0 0
    0 0 0 0 0 0 0 0 0 0 0 0 0 0 0 0 0 0 0 0 0 0 0 0 0 0 0 0 0 0 0 0 0 0
    0 0 0 0 0 0 0 0 0 0 0 0 0 0 0 0 0 0 0 0 0 0 0 0 0 0 0 0 0 0 0 0 0 0
    0 0 0 0 0 0 0 0 0 0 0 0 0 0 0 0 0 0 0 0 0 0 0 0 0 0 0 255 255 255
    255 0 0 0 0 0 0 0 0 0 0 0 0 0 0 0 0 0 0 0 0 0 0 0 0 0 0 0 0 0 0 0 0
    0 0 0 0 0 0 0 0 0 0 0 0 0 0 0 0 0 0 0 0 0 0 0 0 0 0 0 0 0 255 255
    255 255 0 0 0 0 0 0 0 0 0 0 0 0 0 0 0 0 0 0 0 0 0 0 0 0 0 0 0 0 0 0
    0 0 0 0 0 0 0 0 0 0 0 0 0 0 0 0 0 0 0 0 0 0 0 0 0 0 0 0 0 0 0 0 0 0
    0 0 0 0 0 0 0 0 0 0 0 0 0 0 0 0 0 0 0 0 0 0 0 0 0 0 0 0 0 0 0 0 0 0
    0 0 0 0 0 0 0 0 0 0 0 0 0 0 0 0 0 0 0 0 0 0 0 0 0 0 0 0 0 0 0 0 0 0
    0 0 0 0 0 0 0 0 0 0 0 0 0 0 0 0 0 0 0 0 0 0 0 0 0 0 0 0 0 0 0 0 0 0
    0 0 0 0 0 0 0 0 0 0 0 0 0 0 0 0 0 0 0 0 0 0 0 255 255 255 0 0 0 0 0
    0 0 0 0 0 0 0 0 0 0 0 0 0 0 0 0 0 0 0 0 0 0 0 0 0 0 0 0 0 0 0 0 0 0
    0 0 0 0 0 0 0 0 0 0 0 0 0 0 0 0 0 0 0 0 255 255 255 0 0 0 0 0 0 0 0
    0 0 0 0 0 0 0 0 0 0 0 0 0 0 0 0 0 0 0 0 0 0 0 0 0 0 0 0 0 0 0 0 0 0
    0 0 0 0 0 0 0 0 0 0 0 0 0 0 0 0 0 0 0 0 0 0 0 0 0 0 0 0 0 0 0 0 0 0
    0 0 0 0 0 0 0 0 0 0 0 0 0 0 0 0 0 0 0 0 0 0 0 0 0 0 0 0 0 0 0 0 0 0
    0 0 0 0 0 0 0 0 0 0 0 0 0 0 0 0 0 0 0 0 0 0 0 0 0 0 0 0 0 0 0 0 0 0
    0 0 0 0 0 0 0 0 0 0 0 0 0 0 0 0 0 0 0 0 0 0 0 0 0 0 0 0 0 0 0 0 0 0
    0 0 0 0 0 0 0 0 0 0 0 0 0 0 0 255 255 255 0 0 0 0 0 0 0 0 0 0 0 0 0
    0 0 0 0 0 0 0 0 0 0 0 0 0 0 0 0 0 0 0 0 0 0 0 0 0 0 0 0 0 0 0 0 0 0
    0 0 0 0 0 0 0 0 255 255 255 0 0 0 0 0 0 0 0 0 0 0 0 0 0 0 0 0 0 0 0
    0 0 0 0 0 0 0 0 0 0 0 0 0 0 0 0 0 0 0 0 0 0 0 0 0 0 0 0 0 0 0 0 0 0
    0 0 0 0 0 0 0 0 0 0 0 0 0 0 0 0 0 0 0 0 0 0 0 0 0 0 0 0 0 0 0 0 0 0
    0 0 0 0 0 0 0 0 0 0 0 0 0 0 0 0 0 0 0 0 0 0 0 0 0 0 0 0 0 0 0 0 0 0
    0 0 0 0 0 0 0 0 0 0 0 0 0 0 0 0 0 0 0 0 0 0 0 0 0 0 0 0 0 0 0 0 0 0
    0 0 0 0 0 0 0 0 0 0 0 0 0 0 0 0 0 0 0 0 0 0 0 0 0 0 0 0 0 0 0 0 0 0
    0 0 0 0 0 0 255 255 255 255 255 0 0 0 0 0 0 0 0 0 0 0 0 0 0 0 0 0 0
    0 0 0 0 0 0 0 0 0 0 0 0 0 0 0 0 0 0 0 0 0 0 0 0 0 0 0 0 0 0 0 0 255
    255 255 255 0 0 0 0 0 0 0 0 0 0 0 0 0 0 0 0 0 0 0 0 0 0 0 0 0 0 0 0
    0 0 0 0 0 0 0 0 0 0 0 0 0 0 0 0 0 0 0 0 0 0 0 0 0 0 0 0 0 0 0 0 0 0
    0 0 0 0 0 0 0 0 0 0 0 0 0 0 0 0 0 0 0 0 0 0 0 0 0 0 0 0 0 0 0 0 0 0
    0 0 0 0 0 0 0 0 0 0 0 0 0 0 0 0 0 0 0 0 0 0 0 0 0 0 0 0 0 0 0 0 0 0
    0 0 0 0 0 0 0 0 0 0 0 0 0 0 0 0 0 0 0 0 0 0 0 0 0 0 0 0 0 0 0 0 0 0
    0 0 0 0 0 0 0 0 0 0 0 0 0 0 0 0 0 0 0 0 0 0 0 0 0 0 0 0 0 0 0 0 0 0
    0 0 255 255 255 255 0 0 0 0 0 0 0 0 0 0 0 0 0 0 0 0 0 0 0 0 0 0 0 0
    0 0 0 0 0 0 0 0 0 0 0 0 0 0 0 0 0 0 0 0 0 255 255 255 255 0 0 0 0 0
    0 0 0 0 0 0 0 0 0 0 0 0 0 0 0 0 0 0 0 0 0 0 0 0 0 0 0 0 0 0 0 0 0 0
    0 0 0 0 0 0 0 0 0 0 0 0 0 0 0 0 0 0 0 0 0 0 0 0 0 0 0 0 0 0 0 0 0 0
    0 0 0 0 0 0 0 0 0 0 0 0 0 0 0 0 0 0 0 0 0 0 0 0 0 0 0 0 0 0 0 0 0 0
    0 0 0 0 0 0 0 0 0 0 0 0 0 0 0 0 0 0 0 0 0 0 0 0 0 0 0 0 0 0 0 0 0 0
    0 0 0 0 0 0 0 0 0 0 0 0 0 0 0 0 0 0 0 0 0 0 0 0 0 0 0 0 0 0 0 0 0 0
    0 0 0 0 0 0 0 0 0 0 0 0 0 0 0 0 0 0 0 0 0 0 0 0 0 0 0 0 0 0 255 255
    255 255 0 0 0 0 0 0 0 0 0 0 0 0 0 0 0 0 0 0 0 0 0 0 0 0 0 0 0 0 0 0
    0 0 0 0 0 0 0 0 0 0 0 255 255 255 255 0 0 0 0 0 0 0 0 0 0 0 0 0 0 0
    0 0 0 0 0 0 0 0 0 0 0 0 0 0 0 0 0 0 0 0 0 0 0 0 0 0 0 0 0 0 0 0 0 0
    0 0 0 0 0 0 0 0 0 0 0 0 0 0 0 0 0 0 0 0 0 0 0 0 0 0 0 0 0 0 0 0 0 0
    0 0 0 0 0 0 0 0 0 0 0 0 0 0 0 0 0 0 0 0 0 0 0 0 0 0 0 0 0 0 0 0 0 0
    0 0 0 0 0 0 0 0 0 0 0 0 0 0 0 0 0 0 0 0 0 0 0 0 0 0 0 0 0 0 0 0 0 0
    0 0 0 0 0 0 0 0 0 0 0 0 0 0 0 0 0 0 0 0 0 0 0 0 0 0 0 0 0 0 0 0 0 0
    0 0 0 0 0 0 0 0 0 0 0 0 0 0 0 0 0 0 0 0 0 0 0 0 0 255 255 255 255
    255 0 0 0 0 0 0 0 0 0 0 0 0 0 0 0 0 0 0 0 0 0 0 0 0 0 0 0 0 0 0 0 0
    0 255 255 255 255 255 255 0 0 0 0 0 0 0 0 0 0 0 0 0 0 0 0 0 0 0 0 0
    0 0 0 0 0 0 0 0 0 0 0 0 0 0 0 0 0 0 0 0 0 0 0 0 0 0 0 0 0 0 0 0 0 0
    0 0 0 0 0 0 0 0 0 0 0 0 0 0 0 0 0 0 0 0 0 0 0 0 0 0 0 0 0 0 0 0 0 0
    0 0 0 0 0 0 0 0 0 0 0 0 0 0 0 0 0 0 0 0 0 0 0 0 0 0 0 0 0 0 0 0 0 0
    0 0 0 0 0 0 0 0 0 0 0 0 0 0 0 0 0 0 0 0 0 0 0 0 0 0 0 0 0 0 0 0 0 0
    0 0 0 0 0 0 0 0 0 0 0 0 0 0 0 0 0 0 0 0 0 0 0 0 0 0 0 0 0 0 0 0 0 0
    0 0 0 0 0 0 0 0 0 0 0 0 0 0 0 0 0 0 0 0 0 0 0 0 255 255 255 255 255
    255 0 0 0 0 0 0 0 0 0 0 0 0 0 0 0 0 0 0 0 0 0 0 0 0 0 255 255 255
    255 255 255 0 0 0 0 0 0 0 0 0 0 0 0 0 0 0 0 0 0 0 0 0 0 0 0 0 0 0 0
    0 0 0 0 0 0 0 0 0 0 0 0 0 0 0 0 0 0 0 0 0 0 0 0 0 0 0 0 0 0 0 0 0 0
    0 0 0 0 0 0 0 0 0 0 0 0 0 0 0 0 0 0 0 0 0 0 0 0 0 0 0 0 0 0 0 0 0 0
    0 0 0 0 0 0 0 0 0 0 0 0 0 0 0 0 0 0 0 0 0 0 0 0 0 0 0 0 0 0 0 0 0 0
    0 0 0 0 0 0 0 0 0 0 0 0 0 0 0 0 0 0 0 0 0 0 0 0 0 0 0 0 0 0 0 0 0 0
    0 0 0 0 0 0 0 0 0 0 0 0 0 0 0 0 0 0 0 0 0 0 0 0 0 0 0 0 0 0 0 0 0 0
    0 0 0 0 0 0 0 0 0 0 0 0 0 0 0 0 0 0 0 0 0 0 0 0 255 255 255 255 255
    255 255 255 255 255 255 255 255 255 255 0 0 255 255 255 255 255 255
    255 255 255 255 255 255 255 0 0 0 0 0 0 0 0 0 0 0 0 0 0 0 0 0 0 0 0
    0 0 0 0 0 0 0 0 0 0 0 0 0 0 0 0 0 0 0 0 0 0 0 0 0 0 0 0 0 0 0 0 0 0
    0 0 0 0 0 0 0 0 0 0 0 0 0 0 0 0 0 0 0 0 0 0 0 0 0 0 0 0 0 0 0 0 0 0
    0 0 0 0 0 0 0 0 0 0 0 0 0 0 0 0 0 0 0 0 0 0 0 0 0 0 0 0 0 0 0 0 0 0
    0 0 0 0 0 0 0 0 0 0 0 0 0 0 0 0 0 0 0 0 0 0 0 0 0 0 0 0 0 0 0 0 0 0
    0 0 0 0 0 0 0 0 0 0 0 0 0 0 0 0 0 0 0 0 0 0 0 0 0 0 0 0 0 0 0 0 0 0
    0 0 0 0 0 0 0 0 0 0 0 0 0 0 0 0 0 0 0 0 0 0 0 0 0 0 0 0 0 0 0 0 0 0
    0 0 0 0 0 0 0 255 255 255 255 255 255 255 255 255 255 255 255 255
    255 255 255 255 255 255 255 255 255 0 0 0 0 0 0 0 0 0 0 0 0 0 0 0 0
    0 0 0 0 0 0 0 0 0 0 0 0 0 0 0 0 0 0 0 0 0 0 0 0 0 0 0 0 0 0 0 0 0 0
    0 0 0 0 0 0 0 0 0 0 0 0 0 0 0 0 0 0 0 0 0 0 0 0 0 0 0 0 0 0 0 0 0 0
    0 0 0 0 0 0 0 0 0 0 0 0 0 0 0 0 0 0 0 0 0 0 0 0 0 0 0 0 0 0 0 0 0 0
    0 0 0 0 0 0 0 0 0 0 0 0 0 0 0 0 0 0 0 0 0 0 0 0 0 0 0 0 0 0 0 0 0 0
    0 0 0 0 0 0 0 0 0 0 0 0 0 0 0 0 0 0 0 0 0 0 0 0 0 0 0 0 0 0 0 0 0 0
    0 0 0 0 0 0 0 0 0 0 0 0 0 0 0 0 0 0 0 0 0 0 0 0 0 0 0 0 0 0 0 0 0 0
    0 0 0 0 0 0 0 0 0 0 0 0 0 0 0 0 0 0 0 0 0 0 0 0 0 0 0 0 0 0 0 0 0 0
    0 0 0 0 0 0 0 0 0 0 0 0 0 0 0 0 0 0 0 0 0 0 0 0 0 0 0 0 0 0 0 0 0 0
    0 0 0 0 0 0 0 0 0 0 0 0 0 0 0 0 0 0 0 0 0 0 0 0 0 0 0 0 0 0 0 0 0 0
    0 0 0 0 0 0 0 0 0 0 0 0 0 0 0 0 0 0 0 0 0 0 0 0 0 0 0 0 0 0 0 0 0 0
    0 0 0 0 0 0 0 0 0 0 0 0 0 0 0 0 0 0 0 0 0 0 0 0 0 0 0 0 0 0 0 0 0 0
    0 0 0 0 0 0 0 0 0 0 0 0 0 0 0 0 0 0 0 0 0 0 0 0 0 0 0 0 0 0 0 0 0 0
    0 0 0 0 0 0 0 0 0 0 0 0 0 0 0 0 0 0 0 0 0 0 0 0 0 0 0 0 0 0 0 0 0 0
    0 0 0 0 0 0 0 0 0 0 0 0 0 0 0 0 0 0 0 0 0 0 0 0 0 0 0 0 0 0 0 0 0 0
    0 0 0 0 0 0 0 0 0 0 0 0 0 0 0 0 0 0 0 0 0 0 0 0 0 0 0 0 0 0 0 0 0 0
    0 0 0 0 0 0 0 0 0 0 0 0 0 0 0 0 0 0 0 0 0 0 0 0 0 0 0 0 0 0 0 0 0 0
    0 0 0 0 0 0 0 0 0 0 0 0 0 0 0 0 0 0 0 0 0 0 0 0 0 0 0 0 0 0 0 0 0 0
    0 0 0 0 0 0 0 0 0 0 0 0 0 0 0 0 0 0 0 0 0 0 0 0 0 0 0 0 0 0 0 0 0 0
    0 0 0 0 0 0 0 0 0 0 0 0 0 0 0 0 0 0 0 0 0 0 0 0 0 0 0 0 0 0 0 0 0 0
    0 0 0 0 0 0 0 0 0 0 0 0 0 0 0 0 0 0 0 0 0 0 0 0 0 0 0 0 0 0 0 0 0 0
    0 0 0 0 0 0 0 0 0 0 0 0 0 0 0 0 0 0 0 0 0 0 0 0 0 0 0 0 0 0 0 0 0 0
    0 0 0 0 0 0 0 0 0 0 0 0 0 0 0 0 0 0 0 0 0 0 0 0 0 0 0 0 0 0 0 0 0 0
    0 0 0 0 0 0 0 0 0 0 0 0 0 0 0 0 0 0 0 0 0 0 0 0 0 0 0 0 0 0 0 0 0 0
    0 0 0 0 0 0 0 0 0 0 0 0 0 0 0 0 0 0 0 0 0 0 0 0 0 0 0 0 0 0 0 0 0 0
    0 0 0 0 0 0 0 0 0 0 0 0 0 0 0 0 0 0 0 0 0 0 0 0 0 0 0 0 0 0 0 0 0 0
    0 0 0 0 0 0 0 0 0 0 0 0 0 0 0 0 0 0 0 0 0 0 0 0 0 0 0 0 0 0 0 0 0 0
    0 0 0 0 0 0 0 0 0 0 0 0 0 0 0 0 0 0 0 0 0 0 0 0 0 0 0 0 0 0 0 0 0 0
    0 0 0 0 0 0 0 0 0 0 0 0 0 0 0 0 0 0 0 0 0 0 0 0 0 0 0 0 0 0 0 0 0 0
    0 0 0 0 0 0 0 0 0 0 0 0 0 0 0 0 0 0 0 0 0 0 0 0 0 0 0 0 0 0 0 0 0 0
    0 0 0 0 0 0 0 0 0 0 0 0 0 0 0 0 0 0 0 0 0 0 0 0 0 0 0 0 0 0 0 0 0 0
    0 0 0 0 0 0 0 0 0 0 0 0 0 0 0 0 0 0 0 0 0 0 0 0 0 0 0 0 0 0 0 0 0 0
    0 0 0 0 0 0 0 0 0 0 0 0 0 0 0 0 0 0 0 0 0 0 0 0 0 0 0 0 0 0 0 0 0 0
    0 0 0 0 0 0 0 0 0 0 0 0 0 0 0 0 0 0 0 0 0 0 0 0 0 0 0 0 0 0 0 0 0 0
    0 0 0 0 0 0 0 0 0 0 0 0 0 0 0 0 0 0 0 0 0 0 0 0 0 0 0 0 0 0 0 0 0 0
    0 0 0 0 0 0 0 0 0 0 0 0 0 0 0 0 0 0 0 0 0 0 0 0 0 0 0 0 0 0 0 0 0 0
    0 0 0 0 0 0 0 0 0 0 0 0 0 0 0 0 0 0 0 0 0 0 0 0 0 0 0 0 0 0 0 0 0 0
    0 0 0 0 0 0 0 0 0 0 0 0 0 0 0 0 0 0 0 0 0 0 0 0 0 0 0 0 0 0 0 0 0 0
    0 0 0 0 0 0 0 0 0 0 0 0 0 0 0 0 0 0 0 0 0 0 0 0 0 0 0 0 0 0 0 0 0 0
    0 0 0 0 0 0 0 0 0 0 0 0 0 0 0 0 0 0 0 0 0 0 0 0 0 0 0 0 0 0 0 0 0 0
    0 0 0 0 0 0 0 0 0 0 0 0 0 0 0 0 0 0 0 0 0 0 0 0 0 0 0 0 0 0 0 0 0 0
    0 0 0 0 0 0 0 0 0 0 0 0 0 0 0 0 0 0 0 0 0 0 0 0 0 0 0 0 0 0 0 0 0 0
    0 0 0 0 0 0 0 0 0 0 0 0 0 0 0 0 0 0 0 0 0 0 0 0 0 0 0 0 0 0 0 0 0 0
    0 0 0 0 0 0 0 0 0 0 0 0 0 0 0 0 0 0 0 0 0 0 0 0 0 0 0 0 0 0 0 0 0 0
    0 0 0 0 0 0 0 0 0 0 0 0 0 0 0 0 0 0 0 0 0 0 0 0 0 0 0 0 0 0 0 0 0 0
    0 0 0 0 0 0 0 0 0 0 0 0 0 0 0 0 0 0 0 0 0 0 0 0 0 0 0 0 0 0 0 0 0 0
    0 0 0 0 0 0 0 0 0 0 0 0 0 0 0 0 0 0 0 0 0 0 0 0 0 0 0 0 0 0 0 0 0 0
    0 0 0 0 0 0 0 0 0 0 0 0 0 0 0 0 0 0 0 0 0 0 0 0 0 0 0 0 0 0 0 0 0 0
    0 0 0 0 0 0 0 0 0 0 0 0 0 0 0 0 0 0 0 0 0 0 0 0 0 0 0 0 0 0 0 0 0 0
    0 0 0 0 0 0 0 0 0 0 0 0 0 0 0 0 0 0 0 0 0 0 0 0 0 0 0 0 0 0 0 0 0 0
    0 0 0 0 0 0 0 0 0 0 0 0 0 0 0 0 0 0 0 0 0 0 0 0 0 0 0 0 0 0 0 0 0 0
    0 0 0 0 0 0 0 0 0 0 0 0 0 0 0 0 0 0 0 0 0 0 0 0 0 0 0 0 0 0 0 0 0 0
    0 0 0 0 0 0 0 0 0 0 0 0 0 0 0 0 0 0 0 0 0 0 0 0 0 0 0 0 0 0 0 0 0 0
    0 0 0 0 0 0 0 0 0 0 0 0 0 0 0 0 0 0 0 0 0 0 0 0 0 0 0 0 0 0 0 0 0 0
    0 0 0 0 0 0 0 0 0 0 0 0 0 0 0 0 0 0 0 0 0 0 0 0 0 0 0 0 0 0 0 0 0 0
    0 0 0 0 0 0 0 0 0 0 0 0 0 0 0 0 0 0 0 0 0 0 0 0 0 0 0 0 0 0 0 0 0 0
    0 0 0 0 0 0 0 0 0 0 0 0 0 0 0 0 0 0 0 0 0 0 0 0 0 0 0 0 0 0 0 0 0 0
    0 0 0 0 0 0 0 0 0 0 0 0 0 0 0 0 0 0 0 0 0 0 0 0 0 0 0 0 0 0 0 0 0 0
    0 0 0 0 0 0 0 0 0 0 0 0 0 0 0 0 0 0 0 0 0 0 0 0 0 0 0 0 0 0 0 0 0 0
    0 0 0 0 0 0 0 0 0 0 0 0 0 0 0 0 0 0 0 0 0 0 0 0 0 0 0 0 0 0 0 0 0 0
    0 0 0 0 0 0 0 0 0 0 0 0 0 0 0 0 0 0 0 0 0 0 0 0 0 0 0 0 0 0 0 0 0 0
    0 0 0 0 0 0 0 0 0 0 0 0 0 0 0 0 0 0 0 0 0 0 0 0 0 0 0 0 0 0 0 0 0 0
    0 0 0 0 0 0 0 0 0 0 0 0 0 0 0 0 0 0 0 0 0 0 0 0 0 0 0 0 0 0 0 0 0 0
    0 0 0 0 0 0 0 0 0 0 0 0 0 0 0 0 0 0 0 0 0 0 0 0 0 0 0 0 0 0 0 0 0 0
    0 0 0 0 0 0 0 0 0 0 0 0 0 0 0 0 0 0 0 0 0 0 0 0 0 0 0 0 0 0 0 0 0 0
    0 0 0 0 0 0 0 0 0 0 0 0 0 0 0 0 0 0 0 0 0 0 0 0 0 0 0 0 0 0 0 0 0 0
    0 0 0 0 0 0 0 0 0 0 0 0 0 0 0 0 0 0 0 0 0 0 0 0 0 0 0 0 0 0 0 0 0 0
    0 0 0 0 0 0 0 0 0 0 0 0 0 0 0 0 0 0 0 0 0 0 0 0 0 0 0 0 0 0 0 0 0 0
    0 0 0 0 0 0 0 0 0 0 0 0 0 0 0 0 0 0 0 0 0 0 0 0 0 0 0 0 0 0 0 0 0 0
    0 0 0 0 0 0 0 0 0 0 0 0 0 0 0 0 0 0 0 0 0 0 0 0 0 0 0 0 0 0 0 0 0 0
    0 0 0 0 0 0 0 0 0 0 0 0 0 0 0 0 0 0 0 0 0 0 0 0 0 0 0 0 0 0 0 0 0 0
    0 0 0 0 0 0 0 0 0 0 0 0 0 0 0 0 0 0 0 0 0 0 0 0 0 0 0 0 0 0 0 0 0 0
    0 0 0 0 0 0 0 0 0 0 0 0 0 0 0 0 0 0 0 0 0 0 0 0 0 0 0 0 0 0 0 0 0 0
    0 0 0 0 0 0 0 0 0 0 0 0 0 0 0 0 0 0 0 0 0 0 0 0 0 0 0 0 0 0 0 0 0 0
    0 0 0 0 0 0 0 0 0 0 0 0 0 0 0 0 0 0 0 0 0 0 0 0 0 0 0 0 0 0 0 0 0 0
    0 0 0 0 0 0 0 0 0 0 0 0 0 0 0 0 0 0 0 0 0 0 0 0 0 0 0 0 0 0 0 0 0 0
    0 0 0 0 0 0 0 0 0 0 0 0 0 0 0 0 0 0 0 0 0 0 0 0 0 0 0 0 0 0 0 0 0 0
    0 0 0 0 0 0 0 0 0 0 0 0 0 0 0 0 0 0 0 0 0 0 0 0 0 0 0 0 0 0 0 0 0 0
    0 0 0 0 0 0 0 0 0 0 0 0 0 0 0 0 0 0 0 0 0 0 0 0 0 0 0 0 0 0 0 0 0 0
    0 0 0 0 0 0 0 0 0 0 0 0 0 0 0 0 0 0 0 0 0 0 0 0 0 0 0 0 0 0 0 0 0 0
    0 0 0 0 0 0 0 0 0 0 0 0 0 0 0 0 0 0 0 0 0 0 0 0 0 0 0 0 0 0 0 0 0 0
    0 0 0 0 0 0 0 0 0 0 0 0 0 0 0 0 0 0 0 0 0 0 0 0 0 0 0 0 0 0 0 0 0 0
    0 0 0 0 0 0 0 0 0 0 0 0 0 0 0 0 0 0 0 0 0 0 0 0 0 0 0 0 0 0 0 0 0 0
    0 0 0 0 0 0 0 0 0 0 0 0 0 0 0 0 0 0 0 0 0 0 0 0 0 0 0 0 0 0 0 0 0 0
    0 0 0 0 0 0 0 0 0 0 0 0 0 0 0 0 0 0 0 0 0 0 0 0 0 0 0 0 0 0 0 0 0 0
    0 0 0 0 0 0 0 0 0 0 0 0 0 0 0 0 0 0 0 0 0 0 0 0 0 0 0 0 0 0 0 0 0 0
    0 0 0 0 0 0 0 0 0 0 0 0 0 0 0 0 0 0 0 0 0 0 0 0 0 0 0 0 0 0 0 0 0 0
    0 0 0 0 0 0 0 0 0 0 0 0 0 0 0 0 0 0 0 0 0 0 0 0 0 0 0 0 0 0 0 0 0 0
    0 0 0 0 0 0 0 0 0 0 0 0 0 0 0 0 0 0 0 0 0 0 0 0 0 0 0 0 0 0 0 0 0 0
    0 0 0 0 0 0 0 0 0 0 0 0 0 0 0 0 0 0 0 0 0 0 0 0 0 0 0 0 0 0 0 0 0 0
    0 0 0 0 0 0 0 0 0 0 0 0 0 0 0 0 0 0 0 0 0 0 0 0 0 0 0 0 0 0 0 0 0 0
    0 0 0 0 0 0 0 0 0 0 0 0 0 0 0 0 0 0 0 0 0 0 0 0 0 0 0 0 0 0 0 0 0 0
    0 0 0 0 0 0 0 0 0 0 0 0 0 0 0 0 0 0 0 0 0 0 0 0 0 0 0 0 0 0 0 0 0 0
    0 0 0 0 0 0 0 0 0 0 0 0 0 0 0 0 0 0 0 0 0 0 0 0 0 0 0 0 0 0 0 0 0 0
    0 0 0 0 0 0 0 0 0 0 0 0 0 0 0 0 0 0 0 0 0 0 0 0 0 0 0 0 0 0 0 0 0 0
    0 0 0 0 0 0 0 0 0 0 0 0 0 0 0 0 0 0 0 0 0 0 0 0 0 0 0 0 0 0 0 0 0 0
    0 0 0 0 0 0 0 0 0 0 0 0 0 0 0 0 0 0 0 0 0 0 0 0 0 0 0 0 0 0 0 0 0 0
    0 0 0 0 0 0 0 0 0 0 0 0 0 0 0 0 0 0 0 0 0 0 0 0 0 0 0 0 0 0 0 0 0 0
    0 0 0 0 0 0 0 0 0 0 0 0 0 0 0 0 0 0 0 0 0 0 0 0 0 0 0 0 0 0 0 0 0 0
    0 0 0 0 0 0 0 0 0 0 0 0 0 0 0 0 0 0 0 0 0 0 0 0 0 0 0 0 0 0 0 0 0 0
    0 0 0 0 0 0 0 0 0 0 0 0 0 0 0 0 0 0 0 0 0 0 0 0 0 0 0 0 0 0 0 0 0 0
    0 0 0 0 0 0 0 0 0 0 0 0 0 0 0 0 0 0 0 0 0 0 0 0 0 0 0 0 0 0 0 0 0 0
    0 0 0 0 0 0 0 0 0 0 0 0 0 0 0 0 0 0 0 0 0 0 0 0 0 0 0 0 0 0 0 0 0 0
    0 0 0 0 0 0 0 0 0 0 0 0 0 0 0 0 0 0 0 0 0 0 0 0 0 0 0 0 0 0 0 0 0 0
    0 0 0 0 0 0 0 0 0 0 0 0 0 0 0 0 0 0 0 0 0 0 0 0 0 0 0 0 0 0 0 0 0 0
    0 0 0 0 0 0 0 0 0 0 0 0 0 0 0 0 0 0 0 0 0 0 0 0 0 0 0 0 0 0 0 0 0 0
    0 0 0 0 0 0 0 0 0 0 0 0 0 0 0 0 0 0 0 0 0 0 0 0 0 0 0 0 0 0 0 0 0 0
    0 0 0 0 0 0 0 0 0 0 0 0 0 0 0 0 0 0 0 0 0 0 0 0 0 0 0 0 0 0 0 0 0 0
    0 0 0 0 0 0 0 0 0 0 0 0 0 0 0 0 0 0 0 0 0 0 0 0 0 0 0 0 0 0 0 0 0 0
    0 0 0 0 0 0 0 0 0 0 0 0 0 0 0 0 0 0 0 0 0 0 0 0 0 0 0 0 0 0 0 0 0 0
    0 0 0 0 0 0 0 0 0 0 0 0 0 0 0 0 0 0 0 0 0 0 0 0 0 0 0 0 0 0 0 0 0 0
    0 0 0 0 0 0 0 0 0 0 0 0 0 0 0 0 0 0 0 0 0 0 0 0 0 0 0 0 0 0 0 0 0 0
    0 0 0 0 0 0 0 0 0 0 0 0 0 0 0 0 0 0 0 0 0 0 0 0 0 0 0 0 0 0 0 0 0 0
    0 0 0 0 0 0 0 0 0 0 0 0 0 0 0 0 0 0 0 0 0 0 0 0 0 0 0 0 0 0 0 0 0 0
    0 0 0 0 0 0 0 0 0 0 0 0 0 0 0 0 0 0 0 0 0 0 0 0 0 0 0 0 0 0 0 0 0 0
    0 0 0 0 0 0 0 0 0 0 0 0 0 0 0 0 0 0 0 0 0 0 0 0 0 0 0 0 0 0 0 0 0 0
    0 0 0 0 0 0 0 0 0 0 0 0 0 0 0 0 0 0 0 0 0 0 0 0 0 0 0 0 0 0 0 0 0 0
    0 0 0 0 0 0 0 0 0 0 0 0 0 0 0 0 0 0 0 0 0 0 0 0 0 0 0 0 0 0 0 0 0 0
    0 0 0 0 0 0 0 0 0 0 0 0 0 0 0 0 0 0 0 0 0 0 0 0 0 0 0 0 0 0 0 0 0 0
    0 0 0 0 0 0 0 0 0 0 0 0 0 0 0 0 0 0 0 0 0 0 0 0 0 0 0 0 0 0 0 0 0 0
    0 0 0 0 0 0 0 0 0 0 0 0 0 0 0 0 0 0 0 0 0 0 0 0 0 0 0 0 0 0 0 0 0 0
    0 0 0 0 0 0 0 0 0 0 0 0 0 0 0 0 0 0 0 0 0 0 0 0 0 0 0 0 0 0 0 0 0 0
    0 0 0 0 0 0 0 0 0 0 0 0 0 0 0 0 0 0 0 0 0 0 0 0 0 0 0 0 0 0 0 0 0 0
    0 0 0 0 0 0 0 0 0 0 0 0 0 0 0 0 0 0 0 0 0 0 0 0 0 0 0 0 0 0 0 0 0 0
    0 0 0 0 0 0 0 0 0 0 0 0 0 0 0 0 0 0 0 0 0 0 0 0 0 0 0 0 0 0 0 0 0 0
    0 0 0 0 0 0 0 0 0 0 0 0 0 0 0 0 0 0 0 0 0 0 0 0 0 0 0 0 0 0 0 0 0 0
    0 0 0 0 0 0 0 0 0 0 0 0 0 0 0 0 0 0 0 0 0 0 0 0 0 0 0 0 0 0 0 0 0 0
    0 0 0 0 0 0 0 0 0 0 0 0 0 0 0 0 0 0 0 0 0 0 0 0 0 0 0 0 0 0 0 0 0 0
    0 0 0 0 0 0 0 0 0 0 0 0 0 0 0 0 0 0 0 0 0 0 0 0 0 0 0 0 0 0 0 0 0 0
    0 0 0 0 0 0 0 0 0 0 0 0 0 0 0 0 0 0 0 0 0 0 0 0 0 0 0 0 0 0 0 0 0 0
    0 0 0 0 0 0 0 0 0 0 0 0 0 0 0 0 0 0 0 0 0 0 0 0 0 0 0 0 0 0 0 0 0 0
    0 0 0 0 0 0 0 0 0 0 0 0 0 0 0 0 0 0 0 0 0 0 0 0 0 0 0 0 0 0 0 0 0 0
    0 0 0 0 0 0 0 0 0 0 0 0 0 0 0 0 0 0 0 0 0 0 0 0 0 0 0 0 0 0 0 0 0 0
    0 0 0 0 0 0 0 0 0 0 0 0 0 0 0 0 0 0 0 0 0 0 0 0 0 0 0 0 0 0 0 0 0 0
    0 0 0 0 0 0 0 0 0 0 0 0 0 0 0 0 0 0 0 0 0 0 0 0 0 0 0 0 0 0 0 0 0 0
    0 0 0 0 0 0 0 0 0 0 0 0 0 0 0 0 0 0 0 0 0 0 0 0 0 0 0 0 0 0 0 0 0 0
    0 0 0 0 0 0 0 0 0 0 0 0 0 0 0 0 0 0 0 0 0 0 0 0 0 0 0 0 0 0 0 0 0 0
    0 0 0 0 0 0 0 0 0 0 0 0 0 0 0 0 0 0 0 0 0 0 0 0 0 0 0 0 0 0 0 0 0 0
    0 0 0 0 0 0 0 0 0 0 0 0 0 0 0 0 0 0 0 0 0 0 0 0 0 0 0 0 0 0 0 0 0 0
    0 0 0 0 0 0 0 0 0 0 0 0 0 0 0 0 0 0 0 0 0 0 0 0 0 0 0 0 0 0 0 0 0 0
    0 0 0 0 0 0 0 0 0 0 0 0 0 0 0 0 0 0 0 0 0 0 0 0 0 0 0 0 0 0 0 0 0 0
    0 0 0 0 0 0 0 0 0 0 0 0 0 0 0 0 0 0 0 0 0 0 0 0 0 0 0 0 0 0 0 0 0 0
    0 0 0 0 0 0 0 0 0 0 0 0 0 0 0 0 0 0 0 0 0 0 0 0 0 0 0 0 0 0 0 0 0 0
    0 0 0 0 0 0 0 0 0 0 0 0 0 0 0 0 0 0 0 0 0 0 0 0 0 0 0 0 0 0 0 0 0 0
    0 0 0 0 0 0 0 0 0 0 0 0 0 0 0 0 0 0 0 0 0 0 0 0 0 0 0 0 0 0 0 0 0 0
    0 0 0 0 0 0 0 0 0 0 0 0 0 0 0 0 0 0 0 0 0 0 0 0 0 0 0 0 0 0 0 0 0 0
    0 0 0 0 0 0 0 0 0 0 0 0 0 0 0 0 0 0 0 0 0 0 0 0 0 0 0 0 0 0 0 0 0 0
    0 0 0 0 0 0 0 0 0 0 0 0 0 0 0 0 0 0 0 0 0 0 0 0 0 0 0 0 0 0 0 0 0 0
    0 0 0 0 0 0 0 0 0 0 0 0 0 0 0 0 0 0 0 0 0 0 0 0 0 0 0 0 0 0 0 0 0 0
    0 0 0 0 0 0 0 0 0 0 0 0 0 0 0 0 0 0 0 0 0 0 0 0 0 0 0 0 0 0 0 0 0 0
    0 0 0 0 0 0 0 0 0 0 0 0 0 0 0 0 0 0 0 0 0 0 0 0 0 0 0 0 0 0 0 0 0 0
    0 0 0 0 0 0 0 0 0 0 0 0 0 0 0 0 0 0 0 0 0 0 0 0 0 0 0 0 0 0 0 0 0 0
    0 0 0 0 0 0 0 0 0 0 0 0 0 0 0 0 0 0 0 0 0 0 0 0 0 0 0 0 0 0 0 0 0 0
    0 0 0 0 0 0 0 0 0 0 0 0 0 0 0 0 0 0 0 0 0 0 0 0 0 0 0 0 0 0 0 0 0 0
    0 0 0 0 0 0 0 0 0 0 0 0 0 0 0 0 0 0 0 0 0 0 0 0 0 0 0 0 0 0 0 0 0 0
    0 0 0 0 0 0 0 0 0 0 0 0 0 0 0 0 0 0 0 0 0 0 0 0 0 0 0 0 0 0 0 0 0 0
    0 0 0 0 0 0 0 0 0 0 0 0 0 0 0 0 0 0 0 0 0 0 0 0 0 0 0 0 0 0 0 0 0 0
    0 0 0 0 0 0 0 0 0 0 0 0 0 0 0 0 0 0 0 0 0 0 0 0 0 0 0 0 0 0 0 0 0 0
    0 0 0 0 0 0 0 0 0 0 0 0 0 0 0 0 0 0 0 0 0 0 0 0 0 0 0 0 0 0 0 0 0 0
    0 0 0 0 0 0 0 0 0 0 0 0 0 0 0 0 0 0 0 0 0 0 0 0 0 0 0 0 0 0 0 0 0 0
    0 0 0 0 0 0 0 0 0 0 0 0 0 0 0 0 0 0 0 0 0 0 0 0 0 0 0 0 0 0 0 0 0 0
    0 0 0 0 0 0 0 0 0 0 0 0 0 0 0 0 0 0 0 0 0 0 0 0 0 0 0 0 0 0 0 0 0 0
    0 0 0 0 0 0 0 0 0 0 0 0 0 0 0 0 0 0 0 0 0 0 0 0 0 0 0 0 0 0 0 0 0 0
    0 0 0 0 0 0 0 0 0 0 0 0 0 0 0 0 0 0 0 0 0 0 0 0 0 0 0 0 0 0 0 0 0 0
    0 0 0 0 0 0 0 0 0 0 0 0 0 0 0 0 0 0 0 0 0 0 0 0 0 0 0 0 0 0 0 0 0 0
    0 0 0 0 0 0 0 0 0 0 0 0 0 0 0 0 0 0 0 0 0 0 0 0 0 0 0 0 0 0 0 0 0 0
    0 0 0 0 0 0 0 0 0 0 0 0 0 0 0 0 0 0 0 0 0 0 0 0 0 0 0 0 0 0 0 0 0 0
    0 0 0 0 0 0 0 0 0 0 0 0 0 0 0 0 0 0 0 0 0 0 0 0 0 0 0 0 0 0 0 0 0 0
    0 0 0 0 0 0 0 0 0 0 0 0 0 0 0 0 0 0 0 0 0 0 0 0 0 0 0 0 0 0 0 0 0 0
    0 0 0 0 0 0 0 0 0 0 0 0 0 0 0 0 0 0 0 0 0 0 0 0 0 0 0 0 0 0 0 0 0 0
    0 0 0 0 0 0 0 0 0 0 0 0 0 0 0 0 0 0 0 0 0 0 0 0 0 0 0 0 0 0 0 0 0 0
    0 0 0 0 0 0 0 0 0 0 0 0 0 0 0 0 0 0 0 0 0 0 0 0 0 0 0 0 0 0 0 0 0 0
    0 0 0 0 0 0 0 0 0 0 0 0 0 0 0 0 0 0 0 0 0 0 0 0 0 0 0 0 0 0 0 0 0 0
    0 0 0 0 0 0 0 0 0 0 0 0 0 0 0 0 0 0 0 0 0 0 0 0 0 0 0 0 0 0 0 0 0 0
    0 0 0 0 0 0 0 0 0 0 0 0 0 0 0 0 0 0 0 0 0 0 0 0 0 0 0 0 0 0 0 0 0 0
    0 0 0 0 0 0 0 0 0 0 0 0 0 0 0 0 0 0 0 0 0 0 0 0 0 0 0 0 0 0 0 0 0 0
    0 0 0 0 0 0 0 0 0 0 0 0 0 0 0 0 0 0 0 0 0 0 0 0 0 0 0 0 0 0 0 0 0 0
    0 0 0 0 0 0 0 0 0 0 0 0 0 0 0 0 0 0 0 0 0 0 0 0 0 0 0 0 0 0 0 0 0 0
    0 0 0 0 0 0 0 0 0 0 0 0 0 0 0 0 0 0 0 0 0 0 0 0 0 0 0 0 0 0 0 0 0 0
    0 0 0 0 0 0 0 0 0 0 0 0 0 0 0 0 0 0 0 0 0 0 0 0 0 0 0 0 0 0 0 0 0 0
    0 0 0 0 0 0 0 0 0 0 0 0 0 0 0 0 0 0 0 0 0 0 0 0 0 0 0 0 0 0 0 0 0 0
    0 0 0 0 0 0 0 0 0 0 0 0 0 0 0 0 0 0 0 0 0 0 0 0 0 0 0 0 0 0 0 0 0 0
    0 0 0 0 0 0 0 0 0 0 0 0 0 0 0 0 0 0 0 0 0 0 0 0 0 0 0 0 0 0 0 0 0 0
    0 0 0 0 0 0 0 0 0 0 0 0 0 0 0 0 0 0 0 0 0 0 0 0 0 0 0 0 0 0 0 0 0 0
    0 0 0 0 0 0 0 0 0 0 0 0 0 0 0 0 0 0 0 0 0 0 0 0 0 0 0 0 0 0 0 0 0 0
    0 0 0 0 0 0 0 0 0 0 0 0 0 0 0 0 0 0 0 0 0 0 0 0 0 0 0 0 0 0 0 0 0 0
    0 0 0 0 0 0 0 0 0 0 0 0 0 0 0 0 0 0 0 0 0 0 0 0 0 0 0 0 0 0 0 0 0 0
    0 0 0 0 0 0 0 0 0 0 0 0 0 0 0 0 0 0 0 0 0 0 0 0 0 0 0 0 0 0 0 0 0 0
    0 0 0 0 0 0 0 0 0 0 0 0 0 0 0 0 0 0 0 0 0 0 0 0 0 0 0 0 0 0 0 0 0 0
    0 0 0 0 0 0 0 0 0 0 0 0 0 0 0 0 0 0 0 0 0 0 0 0 0 0 0 0 0 0 0 0 0 0
    0 0 0 0 0 0 0 0 0 0 0 0 0 0 0 0 0 0 0 0 0 0 0 0 0 0 0 0 0 0 0 0 0 0
    0 0 0 0 0 0 0 0 0 0 0 0 0 0 0 0 0 0 0 0 0 0 0 0 0 0 0 0 0 0 0 0 0 0
    0 0 0 0 0 0 0 0 0 0 0 0 0 0 0 0 0 0 0 0 0 0 0 0 0 0 0 0 0 0 0 0 0 0
    0 0 0 0 0 0 0 0 0 0 0 0 0 0 0 0 0 0 0 0 0 0 0 0 0 0 0 0 0 0 0 0 0 0
    0 0 0 0 0 0 0 0 0 0 0 0 0 0 0 0 0 0 0 0 0 0 0 0 0 0 0 0 0 0 0 0 0 0
    0 0 0 0 0 0 0 0 0 0 0 0 0 0 0 0 0 0 0 0 0 0 0 0 0 0 0 0 0 0 0 0 0 0
    0 0 0 0 0 0 0 0 0 0 0 0 0 0 0 0 0 0 0 0 0 0 0 0 0 0 0 0 0 0 0 0 0 0
    0 0 0 0 0 0 0 0 0 0 0 0 0 0 0 0 0 0 0 0 0 0 0 0 0 0 0 0 0 0 0 0 0 0
    0 0 0 0 0 0 0 0 0 0 0 0 0 0 0 0 0 0 0 0 0 0 0 0 0 0 0 0 0 0 0 0 0 0
    0 0 0 0 0 0 0 0 0 0 0 0 0 0 0 0 0 0 0 0 0 0 0 0 0 0 0 0 0 0 0 0 0 0
    0 0 0 0 0 0 0 0 0 0 0 0 0 0 0 0 0 0 0 0 0 0 0 0 0 0 0 0 0 0 0 0 0 0
    0 0 0 0 0 0 0 0 0 0 0 0 0 0 0 0 0 0 0 0 0 0 0 0 0 0 0 0 0 0 0 0 0 0
    0 0 0 0 0 0 0 0 0 0 0 0 0 0 0 0 0 0 0 0 0 0 0 0 0 0 0 0 0 0 0 0 0 0
    0 0 0 0 0 0 0 0 0 0 0 0 0 0 0 0 0 0 0 0 0 0 0 0 0 0 0 0 0 0 0 0 0 0
    0 0 0 0 0 0 0 0 0 0 0 0 0 0 0 0 0 0 0 0 0 0 0 0 0 0 0 0 0 0 0 0 0 0
    0 0 0 0 0 0 0 0 0 0 0 0 0 0 0 0 0 0 0 0 0 0 0 0 0 0 0 0 0 0 0 0 0 0
    0 0 0 0 0 0 0 0 0 0 0 0 0 0 0 0 0 0 0 0 0 0 0 0 0 0 0 0 0 0 0 0 0 0
    0 0 0 0 0 0 0 0 0 0 0 0 0 0 0 0 0 0 0 0 0 0 0 0 0 0 0 0 0 0 0 0 0 0
    0 0 0 0 0 0 0 0 0 0 0 0 0 0 0 0 0 0 0 0 0 0 0 0 0 0 0 0 0 0 0 0 0 0
    0 0 0 0 0 0 0 0 0 0 0 0 0 0 0 0 0 0 0 0 0 0 0 0 0 0 0 0 0 0 0 0 0 0
    0 0 0 0 0 0 0 0 0 0 0 0 0 0 0 0 0 0 0 0 0 0 0 0 0 0 0 0 0 0 0 0 0 0
    0 0 0 0 0 0 0 0 0 0 0 0 0 0 0 0 0 0 0 0 0 0 0 0 0 0 0 0 0 0 0 0 0 0
    0 0 0 0 0 0 0 0 0 0 0 0 0 0 0 0 0 0 0 0 0 0 0 0 0 0 0 0 0 0 0 0 0 0
    0 0 0 0 0 0 0 0 0 0 0 0 0 0 0 0 0 0 0 0 0 0 0 0 0 0 0 0 0 0 0 0 0 0
    0 0 0 0 0 0 0 0 0 0 0 0 0 0 0 0 0 0 0 0 0 0 0 0 0 0 0 0 0 0 0 0 0 0
    0 0 0 0 0 0 0 0 0 0 0 0 0 0 0 0 0 0 0 0 0 0 0 0 0 0 0 0 0 0 0 0 0 0
    0 0 0 0 0 0 0 0 0 0 0 0 0 0 0 0 0 0 0 0 0 0 0 0 0 0 0 0 0 0 0 0 0 0
    0 0 0 0 0 0 0 0 0 0 0 0 0 0 0 0 0 0 0 0 0 0 0 0 0 0 0 0 0 0 0 0 0 0
    0 0 0 0 0 0 0 0 0 0 0 0 0 0 0 0 0 0 0 0 0 0 0 0 0 0 0 0 0 0 0 0 0 0
    0 0 0 0 0 0 0 0 0 0 0 0 0 0 0 0 0 0 0 0 0 0 0 0 0 0 0 0 0 0 0 0 0 0
    0 0 0 0 0 0 0 0 0 0 0 0 0 0 0 0 0 0 0 0 0 0 0 0 0 0 0 0 0 0 0 0 0 0
    0 0 0 0 0 0 0 0 0 0 0 0 0 0 0 0 0 0 0 0 0 0 0 0 0 0 0 0 0 0 0 0 0 0
    0 0 0 0 0 0 0 0 0 0 0 0 0 0 0 0 0 0 0 0 0 0 0 0 0 0 0 0 0 0 0 0 0 0
    0 0 0 0 0 0 0 0 0 0 0 0 0 0 0 0 0 0 0 0 0 0 0 0 0 0 0 0 0 0 0 0 0 0
    0 0 0 0 0 0 0 0 0 0 0 0 0 0 0 0 0 0 0 0 0 0 0 0 0 0 0 0 0 0 0 0 0 0
    0 0 0 0 0 0 0 0 0 0 0 0 0 0 0 0 0 0 0 0 0 0 0 0 0 0 0 0 0 0 0 0 0 0
    0 0 0 0 0 0 0 0 0 0 0 0 0 0 0 0 0 0 0 0 0 0 0 0 0 0 0 0 0 0 0 0 0 0
    0 0 0 0 0 0 0 0 0 0 0 0 0 0 0 0 0 0 0 0 0 0 0 0 0 0 0 0 0 0 0 0 0 0
    0 0 0 0 0 0 0 0 0 0 0 0 0 0 0 0 0 0 0 0 0 0 0 0 0 0 0 0 0 0 0 0 0 0
    0 0 0 0 0 0 0 0 0 0 0 0 0 0 0 0 0 0 0 0 0 0 0 0 0 0 0 0 0 0 0 0 0 0
    0 0 0 0 0 0 0 0 0 0 0 0 0 0 0 0 0 0 0 0 0 0 0 0 0 0 0 0 0 0 0 0 0 0
    0 0 0 0 0 0 0 0 0 0 0 0 0 0 0 0 0 0 0 0 0 0 0 0 0 0 0 0 0 0 0 0 0 0
    0 0 0 0 0 0 0 0 0 0 0 0 0 0 0 0 0 0 0 0 0 0 0 0 0 0 0 0 0 0 0 0 0 0
    0 0 0 0 0 0 0 0 0 0 0 0 0 0 0 0 0 0 0 0 0 0 0 0 0 0 0 0 0 0 0 0 0 0
    0 0 0 0 0 0 0 0 0 0 0 0 0 0 0 0 0 0 0 0 0 0 0 0 0 0 0 0 0 0 0 0 0 0
    0 0 0 0 0 0 0 0 0 0 0 0 0 0 0 0 0 0 0 0 0 0 0 0 0 0 0 0 0 0 0 0 0 0
    0 0 0 0 0 0 0 0 0 0 0 0 0 0 0 0 0 0 0 0 0 0 0 0 0 0 0 0 0 0 0 0 0 0
    0 0 0 0 0 0 0 0 0 0 0 0 0 0 0 0 0 0 0 0 0 0 0 0 0 0 0 0 0 0 0 0 0 0
    0 0 0 0 0 0 0 0 0 0 0 0 0 0 0 0 0 0 0 0 0 0 0 0 0 0 0 0 0 0 0 0 0 0
    0 0 0 0 0 0 0 0 0 0 0 0 0 0 0 0 0 0 0 0 0 0 0 0 0 0 0 0 0 0 0 0 0 0
    0 0 0 0 0 0 0 0 0 0 0 0 0 0 0 0 0 0 0 0 0 0 0 0 0 0 0 0 0 0 0 0 0 0
    0 0 0 0 0 0 0 0 0 0 0 0 0 0 0 0 0 0 0 0 0 0 0 0 0 0 0 0 0 0 0 0 0 0
    0 0 0 0 0 0 0 0 0 0 0 0 0 0 0 0 0 0 0 0 0 0 0 0 0 0 0 0 0 0 0 0 0 0
    0 0 0 0 0 0 0 0 0 0 0 0 0 0 0 0 0 0 0 0 0 0 0 0 0 0 0 0 0 0 0 0 0 0
    0 0 0 0 0 0 0 0 0 0 0 0 0 0 0 0 0 0 0 0 0 0 0 0 0 0 0 0 0 0 0 0 0 0
    0 0 0 0 0 0 0 0 0 0 0 0 0 0 0 0 0 0 0 0 0 0 0 0 0 0 0 0 0 0 0 0 0 0
    0 0 0 0 0 0 0 0 0 0 0 0 0 0 0 0 0 0 0 0 0 0 0 0 0 0 0 0 0 0 0 0 0 0
    0 0 0 0 0 0 0 0 0 0 0 0 0 0 0 0 0 0 0 0 0 0 0 0 0 0 0 0 0 0 0 0 0 0
    0 0 0 0 0 0 0 0 0 0 0 0 0 0 0 0 0 0 0 0 0 0 0 0 0 0 0 0 0 0 0 0 0 0
    0 0 0 0 0 0 0 0 0 0 0 0 0 0 0 0 0 0 0 0 0 0 0 0 0 0 0 0 0 0 0 0 0 0
    0 0 0 0 0 0 0 0 0 0 0 0 0 0 0 0 0 0 0 0 0 0 0 0 0 0 0 0 0 0 0 0 0 0
    0 0 0 0 0 0 0 0 0 0 0 0 0 0 0 0 0 0 0 0 0 0 0 0 0 0 0 0 0 0 0 0 0 0
    0 0 0 0 0 0 0 0 0 0 0 0 0 0 0 0 0 0 0 0 0 0 0 0 0 0 0 0 0 0 0 0 0 0
    0 0 0 0 0 0 0 0 0 0 0 0 0 0 0 0 0 0 0 0 0 0 0 0 0 0 0 0 0 0 0 0 0 0
    0 0 0 0 0 0 0 0 0 0 0 0 0 0 0 0 0 0 0 0 0 0 0 0 0 0 0 0 0 0 0 0 0 0
    0 0 0 0 0 0 0 0 0 0 0 0 0 0 0 0 0 0 0 0 0 0 0 0 0 0 0 0 0 0 0 0 0 0
    0 0 0 0 0 0 0 0 0 0 0 0 0 0 0 0 0 0 0 0 0 0 0 0 0 0 0 0 0 0 0 0 0 0
    0 0 0 0 0 0 0 0 0 0 0 0 0 0 0 0 0 0 0 0 0 0 0 0 0 0 0 0 0 0 0 0 0 0
    0 0 0 0 0 0 0 0 0 0 0 0 0 0 0 0 0 0 0 0 0 0 0 0 0 0 0 0 0 0 0 0 0 0
    0 0 0 0 0 0 0 0 0 0 0 0 0 0 0 0 0 0 0 0 0 0 0 0 0 0 0 0 0 0 0 0 0 0
    0 0 0 0 0 0 0 0 0 0 0 0 0 0 0 0 0 0 0 0 0 0 0 0 0 0 0 0 0 0 0 0 0 0
    0 0 0 0 0 0 0 0 0 0 0 0 0 0 0 0 0 0 0 0 0 0 0 0 0 0 0 0 0 0 0 0 0 0
    0 0 0 0 0 0 0 0 0 0 0 0 0 0 0 0 0 0 0 0 0 0 0 0 0 0 0 0 0 0 0 0 0 0
    0 0 0 0 0 0 0 0 0 0 0 0 0 0 0 0 0 0 0 0 0 0 0 0 0 0 0 0 0 0 0 0 0 0
    0 0 0 0 0 0 0 0 0 0 0 0 0 0 0 0 0 0 0 0 0 0 0 0 0 0 0 0 0 0 0 0 0 0
    0 0 0 0 0 0 0 0 0 0 0 0 0 0 0 0 0 0 0 0 0 0 0 0 0 0 0 0 0 0 0 0 0 0
    0 0 0 0 0 0 0 0 0 0 0 0 0 0 0 0 0 0 0 0 0 0 0 0 0 0 0 0 0 0 0 0 0 0
    0 0 0 0 0 0 0 0 0 0 0 0 0 0 0 0 0 0 0 0 0 0 0 0 0 0 0 0 0 0 0 0 0 0
    0 0 0 0 0 0 0 0 0 0 0 0 0 0 0 0 0 0 0 0 0 0 0 0 0 0 0 0 0 0 0 0 0 0
    0 0 0 0 0 0 0 0 0 0 0 0 0 0 0 0 0 0 0 0 0 0 0 0 0 0 0 0 0 0 0 0 0 0
    0 0 0 0 0 0 0 0 0 0 0 0 0 0 0 0 0 0 0 0 0 0 0 0 0 0 0 0 0 0 0 0 0 0
    0 0 0 0 0 0 0 0 0 0 0 0 0 0 0 0 0 0 0 0 0 0 0 0 0 0 0 0 0 0 0 0 0 0
    0 0 0 0 0 0 0 0 0 0 0 0 0 0 0 0 0 0 0 0 0 0 0 0 0 0 0 0 0 0 0 0 0 0
    0 0 0 0 0 0 0 0 0 0 0 0 0 0 0 0 0 0 0 0 0 0 0 0 0 0 0 0 0 0 0 0 0 0
    0 0 0 0 0 0 0 0 0 0 0 0 0 0 0 0 0 0 0 0 0 0 0 0 0 0 0 0 0 0 0 0 0 0
    0 0 0 0 0 0 0 0 0 0 0 0 0 0 0 0 0 0 0 0 0 0 0 0 0 0 0 0 0 0 0 0 0 0
    0 0 0 0 0 0 0 0 0 0 0 0 0 0 0 0 0 0 0 0 0 0 0 0 0 0 0 0 0 0 0 0 0 0
    0 0 0 0 0 0 0 0 0 0 0 0 0 0 0 0 0 0 0 0 0 0 0 0 0 0 0 0 0 0 0 0 0 0
    0 0 0 0 0 0 0 0 0 0 0 0 0 0 0 0 0 0 0 0 0 0 0 0 0 0 0 0 0 0 0 0 0 0
    0 0 0 0 0 0 0 0 0 0 0 0 0 0 0 0 0 0 0 0 0 0 0 0 0 0 0 0 0 0 0 0 0 0
    0 0 0 0 0 0 0 0 0 0 0 0 0 0 0 0 0 0 0 0 0 0 0 0 0 0 0 0 0 0 0 0 0 0
    0 0 0 0 0 0 0 0 0 0 0 0 0 0 0 0 0 0 0 0 0 0 0 0 0 0 0 0 0 0 0 0 0 0
    0 0 0 0 0 0 0 0 0 0 0 0 0 0 0 0 0 0 0 0 0 0 0 0 0 0 0 0 0 0 0 0 0 0
    0 0 0 0 0 0 0 0 0 0 0 0 0 0 0 0 0 0 0 0 0 0 0 0 0 0 0 0 0 0 0 0 0 0
    0 0 0 0 0 0 0 0 0 0 0 0 0 0 0 0 0 0 0 0 0 0 0 0 0 0 0 0 0 0 0 0 0 0
    0 0 0 0 0 0 0 0 0 0 0 0 0 0 0 0 0 0 0 0 0 0 0 0 0 0 0 0 0 0 0 0 0 0
    0 0 0 0 0 0 0 0 0 0 0 0 0 0 0 0 0 0 0 0 0 0 0 0 0 0 0 0 0 0 0 0 0 0
    0 0 0 0 0 0 0 0 0 0 0 0 0 0 0 0 0 0 0 0 0 0 0 0 0 0 0 0 0 0 0 0 0 0
    0 0 0 0 0 0 0 0 0 0 0 0 0 0 0 0 0 0 0 0 0 0 0 0 0 0 0 0 0 0 0 0 0 0
    0 0 0 0 0 0 0 0 0 0 0 0 0 0 0 0 0 0 0 0 0 0 0 0 0 0 0 0 0 0 0 0 0 0
    0 0 0 0 0 0 0 0 0 0 0 0 0 0 0 0 0 0 0 0 0 0 0 0 0 0 0 0 0 0 0 0 0 0
    0 0 0 0 0 0 0 0 0 0 0 0 0 0 0 0 0 0 0 0 0 0 0 0 0 0 0 0 0 0 0 0 0 0
    0 0 0 0 0 0 0 0 0 0 0 0 0 0 0 0 0 0 0 0 0 0 0 0 0 0 0 0 0 0 0 0 0 0
    0 0 0 0 0 0 0 0 0 0 0 0 0 0 0 0 0 0 0 0 0 0 0 0 0 0 0 0 0 0 0 0 0 0
    0 0 0 0 0 0 0 0 0 0 0 0 0 0 0 0 0 0 0 0 0 0 0 0 0 0 0 0 0 0 0 0 0 0
    0 0 0 0 0 0 0 0 0 0 0 0 0 0 0 0 0 0 0 0 0 0 0 0 0 0 0 0 0 0 0 0 0 0
    0 0 0 0 0 0 0 0 0 0 0 0 0 0 0 0 0 0 0 0 0 0 0 0 0 0 0 0 0 0 0 0 0 0
    0 0 0 0 0 0 0 0 0 0 0 0 0 0 0 0 0 0 0 0 0 0 0 0 0 0 0 0 0 0 0 0 0 0
    0 0 0 0 0 0 0 0 0 0 0 0 0 0 0 0 0 0 0 0 0 0 0 0 0 0 0 0 0 0 0 0 0 0
    0 0 0 0 0 0 0 0 0 0 0 0 0 0 0 0 0 0 0 0 0 0 0 0 0 0 0 0 0 0 0 0 0 0
    0 0 0 0 0 0 0 0 0 0 0 0 0 0 0 0 0 0 0 0 0 0 0 0 0 0 0 0 0 0 0 0 0 0
    0 0 0 0 0 0 0 0 0 0 0 0 0 0 0 0 0 0 0 0 0 0 0 0 0 0 0 0 0 0 0 0 0 0
    0 0 0 0 0 0 0 0 0 0 0 0 0 0 0 0 0 0 0 0 0 0 0 0 0 0 0 0 0 0 0 0 0 0
    0 0 0 0 0 0 0 0 0 0 0 0 0 0 0 0 0 0 0 0 0 0 0 0 0 0 0 0 0 0 0 0 0 0
    0 0 0 0 0 0 0 0 0 0 0 0 0 0 0 0 0 0 0 0 0 0 0 0 0 0 0 0 0 0 0 0 0 0
    0 0 0 0 0 0 0 0 0 0 0 0 0 0 0 0 0 0 0 0 0 0 0 0 0 0 0 0 0 0 0 0 0 0
    0 0 0 0 0 0 0 0 0 0 0 0 0 0 0 0 0 0 0 0 0 0 0 0 0 0 0 0 0 0 0 0 0 0
    0 0 0 0 0 0 0 0 0 0 0 0 0 0 0 0 0 0 0 0 0 0 0 0 0 0 0 0 0 0 0 0 0 0
    0 0 0 0 0 0 0 0 0 0 0 0 0 0 0 0 0 0 0 0 0 0 0 0 0 0 0 0 0 0 0 0 0 0
    0 0 0 0 0 0 0 0 0 0 0 0 0 0 0 0 0 0 0 0 0 0 0 0 0 0 0 0 0 0 0 0 0 0
    0 0 0 0 0 0 0 0 0 0 0 0 0 0 0 0 0 0 0 0 0 0 0 0 0 0 0 0 0 0 0 0 0 0
    0 0 0 0 0 0 0 0 0 0 0 0 0 0 0 0 0 0 0 0 0 0 0 0 0 0 0 0 0 0 0 0 0 0
    0 0 0 0 0 0 0 0 0 0 0 0 0 0 0 0 0 0 0 0 0 0 0 0 0 0 0 0 0 0 0 0 0 0
    0 0 0 0 0 0 0 0 0 0 0 0 0 0 0 0 0 0 0 0 0 0 0 0 0 0 0 0 0 0 0 0 0 0
    0 0 0 0 0 0 0 0 0 0 0 0 0 0 0 0 0 0 0 0 0 0 0 0 0 0 0 0 0 0 0 0 0 0
    0 0 0 0 0 0 0 0 0 0 0 0 0 0 0 0 0 0 0 0 0 0 0 0 0 0 0 0 0 0 0 0 0 0
    0 0 0 0 0 0 0 0 0 0 0 0 0 0 0 0 0 0 0 0 0 0 0 0 0 0 0 0 0 0 0 0 0 0
    0 0 0 0 0 0 0 0 0 0 0 0 0 0 0 0 0 0 0 0 0 0 0 0 0 0 0 0 0 0 0 0 0 0
    0 0 0 0 0 0 0 0 0 0 0 0 0 0 0 0 0 0 0 0 0 0 0 0 0 0 0 0 0 0 0 0 0 0
    0 0 0 0 0 0 0 0 0 0 0 0 0 0 0 0 0 0 0 0 0 0 0 0 0 0 0 0 0 0 0 0 0 0
    0 0 0 0 0 0 0 0 0 0 0 0 0 0 0 0 0 0 0 0 0 0 0 0 0 0 0 0 0 0 0 0 0 0
    0 0 0 0 0 0 0 0 0 0 0 0 0 0 0 0 0 0 0 0 0 0 0 0 0 0 0 0 0 0 0 0 0 0
    0 0 0 0 0 0 0 0 0 0 0 0 0 0 0 0 0 0 0 0 0 0 0 0 0 0 0 0 0 0 0 0 0 0
    0 0 0 0 0 0 0 0 0 0 0 0 0 0 0 0 0 0 0 0 0 0 0 0 0 0 0 0 0 0 0 0 0 0
    0 0 0 0 0 0 0 0 0 0 0 0 0 0 0 0 0 0 0 0 0 0 0 0 0 0 0 0 0 0 0 0 0 0
    0 0 0 0 0 0 0 0 0 0 0 0 0 0 0 0 0 0 0 0 0 0 0 0 0 0 0 0 0 0 0 0 0 0
    0 0 0 0 0 0 0 0 0 0 0 0 0 0 0 0 0 0 0 0 0 0 0 0 0 0 0 0 0 0 0 0 0 0
    0 0 0 0 0 0 0 0 0 0 0 0 0 0 0 0 0 0 0 0 0 0 0 0 0 0 0 0 0 0 0 0 0 0
    0 0 0 0 0 0 0 0 0 0 0 0 0 0 0 0 0 0 0 0 0 0 0 0 0 0 0 0 0 0 0 0 0 0
    0 0 0 0 0 0 0 0 0 0 0 0 0 0 0 0 0 0 0 0 0 0 0 0 0 0 0 0 0 0 0 0 0 0
    0 0 0 0 0 0 0 0 0 0 0 0 0 0 0 0 0 0 0 0 0 0 0 0 0 0 0 0 0 0 0 0 0 0
    0 0 0 0 0 0 0 0 0 0 0 0 0 0 0 0 0 0 0 0 0 0 0 0 0 0 0 0 0 0 0 0 0 0
    0 0 0 0 0 0 0 0 0 0 0 0 0 0 0 0 0 0 0 0 0 0 0 0 0 0 0 0 0 0 0 0 0 0
    0 0 0 0 0 0 0 0 0 0 0 0 0 0 0 0 0 0 0 0 0 0 0 0 0 0 0 0 0 0 0 0 0 0
    0 0 0 0 0 0 0 0 0 0 0 0 0 0 0 0 0 0 0 0 0 0 0 0 0 0 0 0 0 0 0 0 0 0
    0 0 0 0 0 0 0 0 0 0 0 0 0 0 0 0 0 0 0 0 0 0 0 0 0 0 0 0 0 0 0 0 0 0
    0 0 0 0 0 0 0 0 0 0 0 0 0 0 0 0 0 0 0 0 0 0 0 0 0 0 0 0 0 0 0 0 0 0
    0 0 0 0 0 0 0 0 0 0 0 0 0 0 0 0 0 0 0 0 0 0 0 0 0 0 0 0 0 0 0 0 0 0
    0 0 0 0 0 0 0 0 0 0 0 0 0 0 0 0 0 0 0 0 0 0 0 0 0 0 0 0 0 0 0 0 0 0
    0 0 0 0 0 0 0 0 0 0 0 0 0 0 0 0 0 0 0 0 0 0 0 0 0 0 0 0 0 0 0 0 0 0
    0 0 0 0 0 0 0 0 0 0 0 0 0 0 0 0 0 0 0 0 0 0 0 0 0 0 0 0 0 0 0 0 0 0
    0 0 0 0 0 0 0 0 0 0 0 0 0 0 0 0 0 0 0 0 0 0 0 0 0 0 0 0 0 0 0 0 0 0
    0 0 0 0 0 0 0 0 0 0 0 0 0 0 0 0 0 0 0 0 0 0 0 0 0 0 0 0 0 0 0 0 0 0
    0 0 0 0 0 0 0 0 0 0 0 0 0 0 0 0 0 0 0 0 0 0 0 0 0 0 0 0 0 0 0 0 0 0
    0 0 0 0 0 0 0 0 0 0 0 0 0 0 0 0 0 0 0 0 0 0 0 0 0 0 0 0 0 0 0 0 0 0
    0 0 0 0 0 0 0 0 0 0 0 0 0 0 0 0 0 0 0 0 0 0 0 0 0 0 0 0 0 0 0 0 0 0
    0 0 0 0 0 0 0 0 0 0 0 0 0 0 0 0 0 0 0 0 0 0 0 0 0 0 0 0 0 0 0 0 0 0
    0 0 0 0 0 0 0 0 0 0 0 0 0 0 0 0 0 0 0 0 0 0 0 0 0 0 0 0 0 0 0 0 0 0
    0 0 0 0 0 0 0 0 0 0 0 0 0 0 0 0 0 0 0 0 0 0 0 0 0 0 0 0 0 0 0 0 0 0
    0 0 0 0 0 0 0 0 0 0 0 0 0 0 0 0 0 0 0 0 0 0 0 0 0 0 0 0 0 0 0 0 0 0
    0 0 0 0 0 0 0 0 0 0 0 0 0 0 0 0 0 0 0 0 0 0 0 0 0 0 0 0 0 0 0 0 0 0
    0 0 0 0 0 0 0 0 0 0 0 0 0 0 0 0 0 0 0 0 0 0 0 0 0 0 0 0 0 0 0 0 0 0
    0 0 0 0 0 0 0 0 0 0 0 0 0 0 0 0 0 0 0 0 0 0 0 0 0 0 0 0 0 0 0 0 0 0
    0 0 0 0 0 0 0 0 0 0 0 0 0 0 0 0 0 0 0 0 0 0 0 0 0 0 0 0 0 0 0 0 0 0
    0 0 0 0 0 0 0 0 0 0 0 0 0 0 0 0 0 0 0 0 0 0 0 0 0 0 0 0 0 0 0 0 0 0
    0 0 0 0 0 0 0 0 0 0 0 0 0 0 0 0 0 0 0 0 0 0 0 0 0 0 0 0 0 0 0 0 0 0
    0 0 0 0 0 0 0 0 0 0 0 0 0 0 0 0 0 0 0 0 0 0 0 0 0 0 0 0 0 0 0 0 0 0
    0 0 0 0 0 0 0 0 0 0 0 0 0 0 0 0 0 0 0 0 0 0 0 0 0 0 0 0 0 0 0 0 0 0
    0 0 0 0 0 0 0 0 0 0 0 0 0 0 0 0 0 0 0 0 0 0 0 0 0 0 0 0 0 0 0 0 0 0
    0 0 0 0 0 0 0 0 0 0 0 0 0 0 0 0 0 0 0 0 0 0 0 0 0 0 0 0 0 0 0 0 0 0
    0 0 0 0 0 0 0 0 0 0 0 0 0 0 0 0 0 0 0 0 0 0 0 0 0 0 0 0 0 0 0 0 0 0
    0 0 0 0 0 0 0 0 0 0 0 0 0 0 0 0 0 0 0 0 0 0 0 0 0 0 0 0 0 0 0 0 0 0
    0 0 0 0 0 0 0 0 0 0 0 0 0 0 0 0 0 0 0 0 0 0 0 0 0 0 0 0 0 0 0 0 0 0
    0 0 0 0 0 0 0 0 0 0 0 0 0 0 0 0 0 0 0 0 0 0 0 0 0 0 0 0 0 0 0 0 0 0
    0 0 0 0 0 0 0 0 0 0 0 0 0 0 0 0 0 0 0 0 0 0 0 0 0 0 0 0 0 0 0 0 0 0
    0 0 0 0 0 0 0 0 0 0 0 0 0 0 0 0 0 0 0 0 0 0 0 0 0 0 0 0 0 0 0 0 0 0
    0 0 0 0 0 0 0 0 0 0 0 0 0 0 0 0 0 0 0 0 0 0 0 0 0 0 0 0 0 0 0 0 0 0
    0 0 0 0 0 0 0 0 0 0 0 0 0 0 0 0 0 0 0 0 0 0 0 0 0 0 0 0 0 0 0 0 0 0
    0 0 0 0 0 0 0 0 0 0 0 0 0 0 0 0 0 0 0 0 0 0 0 0 0 0 0 0 0 0 0 0 0 0
    0 0 0 0 0 0 0 0 0 0 0 0 0 0 0 0 0 0 0 0 0 0 0 0 0 0 0 0 0 0 0 0 0 0
    0 0 0 0 0 0 0 0 0 0 0 0 0 0 0 0 0 0 0 0 0 0 0 0 0 0 0 0 0 0 0 0 0 0
    0 0 0 0 0 0 0 0 0 0 0 0 0 0 0 0 0 0 0 0 0 0 0 0 0 0 0 0 0 0 0 0 0 0
    0 0 0 0 0 0 0 0 0 0 0 0 0 0 0 0 0 0 0 0 0 0 0 0 0 0 0 0 0 0 0 0 0 0
    0 0 0 0 0 0 0 0 0 0 0 0 0 0 0 0 0 0 0 0 0 0 0 0 0 0 0 0 0 0 0 0 0 0
    0 0 0 0 0 0 0 0 0 0 0 0 0 0 0 0 0 0 0 0 0 0 0 0 0 0 0 0 0 0 0 0 0 0
    0 0 0 0 0 0 0 0 0 0 0 0 0 0 0 0 0 0 0 0 0 0 0 0 0 0 0 0 0 0 0 0 0 0
    0 0 0 0 0 0 0 0 0 0 0 0 0 0 0 0 0 0 0 0 0 0 0 0 0 0 0 0 0 0 0 0 0 0
    0 0 0 0 0 0 0 0 0 0 0 0 0 0 0 0 0 0 0 0 0 0 0 0 0 0 0 0 0 0 0 0 0 0
    0 0 0 0 0 0 0 0 0 0 0 0 0 0 0 0 0 0 0 0 0 0 0 0 0 0 0 0 0 0 0 0 0 0
    0 0 0 0 0 0 0 0 0 0 0 0 0 0 0 0 0 0 0 0 0 0 0 0 0 0 0 0 0 0 0 0 0 0
    0 0 0 0 0 0 0 0 0 0 0 0 0 0 0 0 0 0 0 0 0 0 0 0 0 0 0 0 0 0 0 0 0 0
    0 0 0 0 0 0 0 0 0 0 0 0 0 0 0 0 0 0 0 0 0 0 0 0 0 0 0 0 0 0 0 0 0 0
    0 0 0 0 0 0 0 0 0 0 0 0 0 0 0 0 0 0 0 0 0 0 0 0 0 0 0 0 0 0 0 0 0 0
    0 0 0 0 0 0 0 0 0 0 0 0 0 0 0 0 0 0 0 0 0 0 0 0 0 0 0 0 0 0 0 0 0 0
    0 0 0 0 0 0 0 0 0 0 0 0 0 0 0 0 0 0 0 0 0 0 0 0 0 0 0 0 0 0 0 0 0 0
    0 0 0 0 0 0 0 0 0 0 0 0 0 0 0 0 0 0 0 0 0 0 0 0 0 0 0 0 0 0 0 0 0 0
    0 0 0 0 0 0 0 0 0 0 0 0 0 0 0 0 0 0 0 0 0 0 0 0 0 0 0 0 0 0 0 0 0 0
    0 0 0 0 0 0 0 0 0 0 0 0 0 0 0 0 0 0 0 0 0 0 0 0 0 0 0 0 0 0 0 0 0 0
    0 0 0 0 0 0 0 0 0 0 0 0 0 0 0 0 0 0 0 0 0 0 0 0 0 0 0 0 0 0 0 0 0 0
    0 0 0 0 0 0 0 0 0 0 0 0 0 0 0 0 0 0 0 0 0 0 0 0 0 0 0 0 0 0 0 0 0 0
    0 0 0 0 0 0 0 0 0 0 0 0 0 0 0 0 0 0 0 0 0 0 0 0 0 0 0 0 0 0 0 0 0 0
    0 0 0 0 0 0 0 0 0 0 0 0 0 0 0 0 0 0 0 0 0 0 0 0 0 0 0 0 0 0 0 0 0 0
    0 0 0 0 0 0 0 0 0 0 0 0 0 0 0 0 0 0 0 0 0 0 0 0 0 0 0 0 0 0 0 0 0 0
    0 0 0 0 0 0 0 0 0 0 0 0 0 0 0 0 0 0 0 0 0 0 0 0 0 0 0 0 0 0 0 0 0 0
    0 0 0 0 0 0 0 0 0 0 0 0 0 0 0 0 0 0 0 0 0 0 0 0 0 0 0 0 0 0 0 0 0 0
    0 0 0 0 0 0 0 0 0 0 0 0 0 0 0 0 0 0 0 0 0 0 0 0 0 0 0 0 0 0 0 0 0 0
    0 0 0 0 0 0 0 0 0 0 0 0 0 0 0 0 0 0 0 0 0 0 0 0 0 0 0 0 0 0 0 0 0 0
    0 0 0 0 0 0 0 0 0 0 0 0 0 0 0 0 0 0 0 0 0 0 0 0 0 0 0 0 0 0 0 0 0 0
    0 0 0 0 0 0 0 0 0 0 0 0 0 0 0 0 0 0 0 0 0 0 0 0 0 0 0 0 0 0 0 0 0 0
    0 0 0 0 0 0 0 0 0 0 0 0 0 0 0 0 0 0 0 0 0 0 0 0 0 0 0 0 0 0 0 0 0 0
    0 0 0 0 0 0 0 0 0 0 0 0 0 0 0 0 0 0 0 0 0 0 0 0 0 0 0 0 0 0 0 0 0 0
    0 0 0 0 0 0 0 0 0 0 0 0 0 0 0 0 0 0 0 0 0 0 0 0 0 0 0 0 0 0 0 0 0 0
    0 0 0 0 0 0 0 0 0 0 0 0 0 0 0 0 0 0 0 0 0 0 0 0 0 0 0 0 0 0 0 0 0 0
    0 0 0 0 0 0 0 0 0 0 0 0 0 0 0 0 0 0 0 0 0 0 0 0 0 0 0 0 0 0 0 0 0 0
    0 0 0 0 0 0 0 0 0 0 0 0 0 0 0 0 0 0 0 0 0 0 0 0 0 0 0 0 0 0 0 0 0 0
    0 0 0 0 0 0 0 0 0 0 0 0 0 0 0 0 0 0 0 0 0 0 0 0 0 0 0 0 0 0 0 0 0 0
    0 0 0 0 0 0 0 0 0 0 0 0 0 0 0 0 0 0 0 0 0 0 0 0 0 0 0 0 0 0 0 0 0 0
    0 0 0 0 0 0 0 0 0 0 0 0 0 0 0 0 0 0 0 0 0 0 0 0 0 0 0 0 0 0 0 0 0 0
    0 0 0 0 0 0 0 0 0 0 0 0 0 0 0 0 0 0 0 0 0 0 0 0 0 0 0 0 0 0 0 0 0 0
    0 0 0 0 0 0 0 0 0 0 0 0 0 0 0 0 0 0 0 0 0 0 0 0 0 0 0 0 0 0 0 0 0 0
    0 0 0 0 0 0 0 0 0 0 0 0 0 0 0 0 0 0 0 0 0 0 0 0 0 0 0 0 0 0 0 0 0 0
    0 0 0 0 0 0 0 0 0 0 0 0 0 0 0 0 0 0 0 0 0 0 0 0 0 0 0 0 0 0 0 0 0 0
    0 0 0 0 0 0 0 0 0 0 0 0 0 0 0 0 0 0 0 0 0 0 0 0 0 0 0 0 0 0 0 0 0 0
    0 0 0 0 0 0 0 0 0 0 0 0 0 0 0 0 0 0 0 0 0 0 0 0 0 0 0 0 0 0 0 0 0 0
    0 0 0 0 0 0 0 0 0 0 0 0 0 0 0 0 0 0 0 0 0 0 0 0 0 0 0 0 0 0 0 0 0 0
    0 0 0 0 0 0 0 0 0 0 0 0 0 0 0 0 0 0 0 0 0 0 0 0 0 0 0 0 0 0 0 0 0 0
    0 0 0 0 0 0 0 0 0 0 0 0 0 0 0 0 0 0 0 0 0 0 0 0 0 0 0 0 0 0 0 0 0 0
    0 0 0 0 0 0 0 0 0 0 0 0 0 0 0 0 0 0 0 0 0 0 0 0 0 0 0 0 0 0 0 0 0 0
    0 0 0 0 0 0 0 0 0 0 0 0 0 0 0 0 0 0 0 0 0 0 0 0 0 0 0 0 0 0 0 0 0 0
    0 0 0 0 0 0 0 0 0 0 0 0 0 0 0 0 0 0 0 0 0 0 0 0 0 0 0 0 0 0 0 0 0 0
    0 0 0 0 0 0 0 0 0 0 0 0 0 0 0 0 0 0 0 0 0 0 0 0 0 0 0 0 0 0 0 0 0 0
    0 0 0 0 0 0 0 0 0 0 0 0 0 0 0 0 0 0 0 0 0 0 0 0 0 0 0 0 0 0 0 0 0 0
    0 0 0 0 0 0 0 0 0 0 0 0 0 0 0 0 0 0 0 0 0 0 0 0 0 0 0 0 0 0 0 0 0 0
    0 0 0 0 0 0 0 0 0 0 0 0 0 0 0 0 0 0 0 0 0 0 0 0 0 0 0 0 0 0 0 0 0 0
    0 0 0 0 0 0 0 0 0 0 0 0 0 0 0 0 0 0 0 0 0 0 0 0 0 0 0 0 0 0 0 0 0 0
    0 0 0 0 0 0 0 0 0 0 0 0 0 0 0 0 0 0 0 0 0 0 0 0 0 0 0 0 0 0 0 0 0 0
    0 0 0 0 0 0 0 0 0 0 0 0 0 0 0 0 0 0 0 0 0 0 0 0 0 0 0 0 0 0 0 0 0 0
    0 0 0 0 0 0 0 0 0 0 0 0 0 0 0 0 0 0 0 0 0 0 0 0 0 0 0 0 0 0 0 0 0 0
    0 0 0 0 0 0 0 0 0 0 0 0 0 0 0 0 0 0 0 0 0 0 0 0 0 0 0 0 0 0 0 0 0 0
    0 0 0 0 0 0 0 0 0 0 0 0 0 0 0 0 0 0 0 0 0 0 0 0 0 0 0 0 0 0 0 0 0 0
    0 0 0 0 0 0 0 0 0 0 0 0 0 0 0 0 0 0 0 0 0 0 0 0 0 0 0 0 0 0 0 0 0 0
    0 0 0 0 0 0 0 0 0 0 0 0 0 0 0 0 0 0 0 0 0 0 0 0 0 0 0 0 0 0 0 0 0 0
    0 0 0 0 0 0 0 0 0 0 0 0 0 0 0 0 0 0 0 0 0 0 0 0 0 0 0 0 0 0 0 0 0 0
    0 0 0 0 0 0 0 0 0 0 0 0 0 0 0 0 0 0 0 0 0 0 0 0 0 0 0 0 0 0 0 0 0 0
    0 0 0 0 0 0 0 0 0 0 0 0 0 0 0 0 0 0 0 0 0 0 0 0 0 0 0 0 0 0 0 0 0 0
    0 0 0 0 0 0 0 0 0 0 0 0 0 0 0 0 0 0 0 0 0 0 0 0 0 0 0 0 0 0 0 0 0 0
    0 0 0 0 0 0 0 0 0 0 0 0 0 0 0 0 0 0 0 0 0 0 0 0 0 0 0 0 0 0 0 0 0 0
    0 0 0 0 0 0 0 0 0 0 0 0 0 0 0 0 0 0 0 0 0 0 0 0 0 0 0 0 0 0 0 0 0 0
    0 0 0 0 0 0 0 0 0 0 0 0 0 0 0 0 0 0 0 0 0 0 0 0 0 0 0 0 0 0 0 0 0 0
    0 0 0 0 0 0 0 0 0 0 0 0 0 0 0 0 0 0 0 0 0 0 0 0 0 0 0 0 0 0 0 0 0 0
    0 0 0 0 0 0 0 0 0 0 0 0 0 0 0 0 0 0 0 0 0 0 0 0 0 0 0 0 0 0 0 0 0 0
    0 0 0 0 0 0 0 0 0 0 0 0 0 0 0 0 0 0 0 0 0 0 0 0 0 0 0 0 0 0 0 0 0 0
    0 0 0 0 0 0 0 0 0 0 0 0 0 0 0 0 0 0 0 0 0 0 0 0 0 0 0 0 0 0 0 0 0 0
    0 0 0 0 0 0 0 0 0 0 0 0 0 0 0 0 0 0 0 0 0 0 0 0 0 0 0 0 0 0 0 0 0 0
    0 0 0 0 0 0 0 0 0 0 0 0 0 0 0 0 0 0 0 0 0 0 0 0 0 0 0 0 0 0 0 0 0 0
    0 0 0 0 0 0 0 0 0 0 0 0 0 0 0 0 0 0 0 0 0 0 0 0 0 0 0 0 0 0 0 0 0 0
    0 0 0 0 0 0 0 0 0 0 0 0 0 0 0 0 0 0 0 0 0 0 0 0 0 0 0 0 0 0 0 0 0 0
    0 0 0 0 0 0 0 0 0 0 0 0 0 0 0 0 0 0 0 0 0 0 0 0 0 0 0 0 0 0 0 0 0 0
    0 0 0 0 0 0 0 0 0 0 0 0 0 0 0 0 0 0 0 0 0 0 0 0 0 0 0 0 0 0 0 0 0 0
    0 0 0 0 0 0 0 0 0 0 0 0 0 0 0 0 0 0 0 0 0 0 0 0 0 0 0 0 0 0 0 0 0 0
    0 0 0 0 0 0 0 0 0 0 0 0 0 0 0 0 0 0 0 0 0 0 0 0 0 0 0 0 0 0 0 0 0 0
    0 0 0 0 0 0 0 0 0 0 0 0 0 0 0 0 0 0 0 0 0 0 0 0 0 0 0 0 0 0 0 0 0 0
    0 0 0 0 0 0 0 0 0 0 0 0 0 0 0 0 0 0 0 0 0 0 0 0 0 0 0 0 0 0 0 0 0 0
    0 0 0 0 0 0 0 0 0 0 0 0 0 0 0 0 0 0 0 0 0 0 0 0 0 0 0 0 0 0 0 0 0 0
    0 0 0 0 0 0 0 0 0 0 0 0 0 0 0 0 0 0 0 0 0 0 0 0 0 0 0 0 0 0 0 0 0 0
    0 0 0 0 0 0 0 0 0 0 0 0 0 0 0 0 0 0 0 0 0 0 0 0 0 0 0 0 0 0 0 0 0 0
    0 0 0 0 0 0 0 0 0 0 0 0 0 0 0 0 0 0 0 0 0 0 0 0 0 0 0 0 0 0 0 0 0 0
    0 0 0 0 0 0 0 0 0 0 0 0 0 0 0 0 0 0 0 0 0 0 0 0 0 0 0 0 0 0 0 0 0 0
    0 0 0 0 0 0 0 0 0 0 0 0 0 0 0 0 0 0 0 0 0 0 0 0 0 0 0 0 0 0 0 0 0 0
    0 0 0 0 0 0 0 0 0 0 0 0 0 0 0 0 0 0 0 0 0 0 0 0 0 0 0 0 0 0 0 0 0 0
    0 0 0 0 0 0 0 0 0 0 0 0 0 0 0 0 0 0 0 0 0 0 0 0 0 0 0 0 0 0 0 0 0 0
    0 0 0 0 0 0 0 0 0 0 0 0 0 0 0 0 0 0 0 0 0 0 0 0 0 0 0 0 0 0 0 0 0 0
    0 0 0 0 0 0 0 0 0 0 0 0 0 0 0 0 0 0 0 0 0 0 0 0 0 0 0 0 0 0 0 0 0 0
    0 0 0 0 0 0 0 0 0 0 0 0 0 0 0 0 0 0 0 0 0 0 0 0 0 0 0 0 0 0 0 0 0 0
    0 0 0 0 0 0 0 0 0 0 0 0 0 0 0 0 0 0 0 0 0 0 0 0 0 0 0 0 0 0 0 0 0 0
    0 0 0 0 0 0 0 0 0 0 0 0 0 0 0 0 0 0 0 0 0 0 0 0 0 0 0 0 0 0 0 0 0 0
    0 0 0 0 0 0 0 0 0 0 0 0 0 0 0 0 0 0 0 0 0 0 0 0 0 0 0 0 0 0 0 0 0 0
    0 0 0 0 0 0 0 0 0 0 0 0 0 0 0 0 0 0 0 0 0 0 0 0 0 0 0 0 0 0 0 0 0 0
    0 0 0 0 0 0 0 0 0 0 0 0 0 0 0 0 0 0 0 0 0 0 0 0 0 0 0 0 0 0 0 0 0 0
    0 0 0 0 0 0 0 0 0 0 0 0 0 0 0 0 0 0 0 0 0 0 0 0 0 0 0 0 0 0 0 0 0 0
    0 0 0 0 0 0 0 0 0 0 0 0 0 0 0 0 0 0 0 0 0 0 0 0 0 0 0 0 0 0 0 0 0 0
    0 0 0 0 0 0 0 0 0 0 0 0 0 0 0 0 0 0 0 0 0 0 0 0 0 0 0 0 0 0 0 0 0 0
    0 0 0 0 0 0 0 0 0 0 0 0 0 0 0 0 0 0 0 0 0 0 0 0 0 0 0 0 0 0 0 0 0 0
    0 0 0 0 0 0 0 0 0 0 0 0 0 0 0 0 0 0 0 0 0 0 0 0 0 0 0 0 0 0 0 0 0 0
    0 0 0 0 0 0 0 0 0 0 0 0 0 0 0 0 0 0 0 0 0 0 0 0 0 0 0 0 0 0 0 0 0 0
    0 0 0 0 0 0 0 0 0 0 0 0 0 0 0 0 0 0 0 0 0 0 0 0 0 0 0 0 0 0 0 0 0 0
    0 0 0 0 0 0 0 0 0 0 0 0 0 0 0 0 0 0 0 0 0 0 0 0 0 0 0 0 0 0 0 0 0 0
    0 0 0 0 0 0 0 0 0 0 0 0 0 0 0 0 0 0 0 0 0 0 0 0 0 0 0 0 0 0 0 0 0 0
    0 0 0 0 0 0 0 0 0 0 0 0 0 0 0 0 0 0 0 0</data></my_edges>
<your_edges type_id="opencv-matrix">
  <rows>256</rows>
  <cols>256</cols>
  <dt>u</dt>
  <data>
    0 0 0 0 0 0 0 0 0 0 0 0 0 0 0 0 0 0 0 0 0 0 0 0 0 0 0 0 0 0 0 0 0 0
    0 0 0 0 0 0 0 0 0 0 0 0 0 0 0 0 0 0 0 0 0 0 0 0 0 0 0 0 0 0 0 0 0 0
    0 0 0 0 0 0 0 0 0 0 0 0 0 0 0 0 0 0 0 0 0 0 0 0 0 0 0 0 0 0 0 0 0 0
    0 0 0 0 0 0 0 0 0 0 0 0 0 0 0 0 0 0 0 0 0 0 0 0 0 0 0 0 0 0 0 0 0 0
    0 0 0 0 0 0 0 0 0 0 0 0 0 0 0 0 0 0 0 0 0 0 0 0 0 0 0 0 0 0 0 0 0 0
    0 0 0 0 0 0 0 0 0 0 0 0 0 0 0 0 0 0 0 0 0 0 0 0 0 0 0 0 0 0 0 0 0 0
    0 0 0 0 0 0 0 0 0 0 0 0 0 0 0 0 0 0 0 0 0 0 0 0 0 0 0 0 0 0 0 0 0 0
    0 0 0 0 0 0 0 0 0 0 0 0 0 0 0 0 0 0 0 0 0 0 0 0 0 0 0 0 0 0 0 0 0 0
    0 0 0 0 0 0 0 0 0 0 0 0 0 0 0 0 0 0 0 0 0 0 0 0 0 0 0 0 0 0 0 0 0 0
    0 0 0 0 0 0 0 0 0 0 0 0 0 0 0 0 0 0 0 0 0 0 0 0 0 0 0 0 0 0 0 0 0 0
    0 0 0 0 0 0 0 0 0 0 0 0 0 0 0 0 0 0 0 0 0 0 0 0 0 0 0 0 0 0 0 0 0 0
    0 0 0 0 0 0 0 0 0 0 0 0 0 0 0 0 0 0 0 0 0 0 0 0 0 0 0 0 0 0 0 0 0 0
    0 0 0 0 0 0 0 0 0 0 0 0 0 0 0 0 0 0 0 0 0 0 0 0 0 0 0 0 0 0 0 0 0 0
    0 0 0 0 0 0 0 0 0 0 0 0 0 0 0 0 0 0 0 0 0 0 0 0 0 0 0 0 0 0 0 0 0 0
    0 0 0 0 0 0 0 0 0 0 0 0 0 0 0 0 0 0 0 0 0 0 0 0 0 0 0 0 0 0 0 0 0 0
    0 0 0 0 0 0 0 0 0 0 0 0 0 0 0 0 0 0 0 0 0 0 0 0 0 0 0 0 0 0 0 0 0 0
    0 0 0 0 0 0 0 0 0 0 0 0 0 0 0 0 0 0 0 0 0 0 0 0 0 0 0 0 0 0 0 0 0 0
    0 0 0 0 0 0 0 0 0 0 0 0 0 0 0 0 0 0 0 0 0 0 0 0 0 0 0 0 0 0 0 0 0 0
    0 0 0 0 0 0 0 0 0 0 0 0 0 0 0 0 0 0 0 0 0 0 0 0 0 0 0 0 0 0 0 0 0 0
    0 0 0 0 0 0 0 0 0 0 0 0 0 0 0 0 0 0 0 0 0 0 0 0 0 0 0 0 0 0 0 0 0 0
    0 0 0 0 0 0 0 0 0 0 0 0 0 0 0 0 0 0 0 0 0 0 0 0 0 0 0 0 0 0 0 0 0 0
    0 0 0 0 0 0 0 0 0 0 0 0 0 0 0 0 0 0 0 0 0 0 0 0 0 0 0 0 0 0 0 0 0 0
    0 0 0 0 0 0 0 0 0 0 0 0 0 0 0 0 0 0 0 0 0 0 0 0 0 0 0 0 0 0 0 0 0 0
    0 0 0 0 0 0 0 0 0 0 0 0 0 0 0 0 0 0 0 0 0 0 0 0 0 0 0 0 0 0 0 0 0 0
    0 0 0 0 0 0 0 0 0 0 0 0 0 0 0 0 0 0 0 0 0 0 0 0 0 0 0 0 0 0 0 0 0 0
    0 0 0 0 0 0 0 0 0 0 0 0 0 0 0 0 0 0 0 0 0 0 0 0 0 0 0 0 0 0 0 0 0 0
    0 0 0 0 0 0 0 0 0 0 0 0 0 0 0 0 0 0 0 0 0 0 0 0 0 0 0 0 0 0 0 0 0 0
    0 0 0 0 0 0 0 0 0 0 0 0 0 0 0 0 0 0 0 0 0 0 0 0 0 0 0 0 0 0 0 0 0 0
    0 0 0 0 0 0 0 0 0 0 0 0 0 0 0 0 0 0 0 0 0 0 0 0 0 0 0 0 0 0 0 0 0 0
    0 0 0 0 0 0 0 0 0 0 0 0 0 0 0 0 0 0 0 0 0 0 0 0 0 0 0 0 0 0 0 0 0 0
    0 0 0 0 0 0 0 0 0 0 0 0 0 0 0 0 0 0 0 0 0 0 0 0 0 0 0 0 0 0 0 0 0 0
    0 0 0 0 0 0 0 0 0 0 0 0 0 0 0 0 0 0 0 0 0 0 0 0 0 0 0 0 0 0 0 0 0 0
    0 0 0 0 0 0 0 0 0 0 0 0 0 0 0 0 0 0 0 0 0 0 0 0 0 0 0 0 0 0 0 0 0 0
    0 0 0 0 0 0 0 0 0 0 0 0 0 0 0 0 0 0 0 0 0 0 0 0 0 0 0 0 0 0 0 0 0 0
    0 0 0 0 0 0 0 0 0 0 0 0 0 0 0 0 0 0 0 0 0 0 0 0 0 0 0 0 0 0 0 0 0 0
    0 0 0 0 0 0 0 0 0 0 0 0 0 0 0 0 0 0 0 0 0 0 0 0 0 0 0 0 0 0 0 0 0 0
    0 0 0 0 0 0 0 0 0 0 0 0 0 0 0 0 0 0 0 0 0 0 0 0 0 0 0 0 0 0 0 0 0 0
    0 0 0 0 0 0 0 0 0 0 0 0 0 0 0 0 0 0 0 0 0 0 0 0 0 0 0 0 0 0 0 0 0 0
    0 0 0 0 0 0 0 0 0 0 0 0 0 0 0 0 0 0 0 0 0 0 0 0 0 0 0 0 0 0 0 0 0 0
    0 0 0 0 0 0 0 0 0 0 0 0 0 0 0 0 0 0 0 0 0 0 0 0 0 0 0 0 0 0 0 0 0 0
    0 0 0 0 0 0 0 0 0 0 0 0 0 0 0 0 0 0 0 0 0 0 0 0 0 0 0 0 0 0 0 0 0 0
    0 0 0 0 0 0 0 0 0 0 0 0 0 0 0 0 0 0 0 0 0 0 0 0 0 0 0 0 0 0 0 0 0 0
    0 0 0 0 0 0 0 0 0 0 0 0 0 0 0 0 0 0 0 0 0 0 0 0 0 0 0 0 0 0 0 0 0 0
    0 0 0 0 0 0 0 0 0 0 0 0 0 0 0 0 0 0 0 0 0 0 0 0 0 0 0 0 0 0 0 0 0 0
    0 0 0 0 0 0 0 0 0 0 0 0 0 0 0 0 0 0 0 0 0 0 0 0 0 0 0 0 0 0 0 0 0 0
    0 0 0 0 0 0 0 0 0 0 0 0 0 0 0 0 0 0 0 0 0 0 0 0 0 0 0 0 0 0 0 0 0 0
    0 0 0 0 0 0 0 0 0 0 0 0 0 0 0 0 0 0 0 0 0 0 0 0 0 0 0 0 0 0 0 0 0 0
    0 0 0 0 0 0 0 0 0 0 0 0 0 0 0 0 0 0 0 0 0 0 0 0 0 0 0 0 0 0 0 0 0 0
    0 0 0 0 0 0 0 0 0 0 0 0 0 0 0 0 0 0 0 0 0 0 0 0 0 0 0 0 0 0 0 0 0 0
    0 0 0 0 0 0 0 0 0 0 0 0 0 0 0 0 0 0 0 0 0 0 0 0 0 0 0 0 0 0 0 0 0 0
    0 0 0 0 0 0 0 0 0 0 0 0 0 0 0 0 0 0 0 0 0 0 0 0 0 0 0 0 0 0 0 0 0 0
    0 0 0 0 0 0 0 0 0 0 0 0 0 0 0 0 0 0 0 0 0 0 0 0 0 0 0 0 0 0 0 0 0 0
    0 0 0 0 0 0 0 0 0 0 0 0 0 0 0 0 0 0 0 0 0 0 0 0 0 0 0 0 0 0 0 0 0 0
    0 0 0 0 0 0 0 0 0 0 0 0 0 0 0 0 0 0 0 0 0 0 0 0 0 0 0 0 0 0 0 0 0 0
    0 0 0 0 0 0 0 0 0 0 0 0 0 0 0 0 0 0 0 0 0 0 0 0 0 0 0 0 0 0 0 0 0 0
    0 0 0 0 0 0 0 0 0 0 0 0 0 0 0 0 0 0 0 0 0 0 0 0 0 0 0 0 0 0 0 0 0 0
    0 0 0 0 0 0 0 0 0 0 0 0 0 0 0 0 0 0 0 0 0 0 0 0 0 0 0 0 0 0 0 0 0 0
    0 0 0 0 0 0 0 0 0 0 0 0 0 0 0 0 0 0 0 0 0 0 0 0 0 0 0 0 0 0 0 0 0 0
    0 0 0 0 0 0 0 0 0 0 0 0 0 0 0 0 0 0 0 0 0 0 0 0 0 0 0 0 0 0 0 0 0 0
    0 0 0 0 0 0 0 0 0 0 0 0 0 0 0 0 0 0 0 0 0 0 0 0 0 0 0 0 0 0 0 0 0 0
    0 0 0 0 0 0 0 0 0 0 0 0 0 0 0 0 0 0 0 0 0 0 0 0 0 0 0 0 0 0 0 0 0 0
    0 0 0 0 0 0 0 0 0 0 0 0 0 0 0 0 0 0 0 0 0 0 0 0 0 0 0 0 0 0 0 0 0 0
    0 0 0 0 0 0 0 0 0 0 0 0 0 0 0 0 0 0 0 0 0 0 0 0 0 0 0 0 0 0 0 0 0 0
    0 0 0 0 0 0 0 0 0 0 0 0 0 0 0 0 0 0 0 0 0 0 0 0 0 0 0 0 0 0 0 0 0 0
    0 0 0 0 0 0 0 0 0 0 0 0 0 0 0 0 0 0 0 0 0 0 0 0 0 0 0 0 0 0 0 0 0 0
    0 0 0 0 0 0 0 0 0 0 0 0 0 0 0 0 0 0 0 0 0 0 0 0 0 0 0 0 0 0 0 0 0 0
    0 0 0 0 0 0 0 0 0 0 0 0 0 0 0 0 0 0 0 0 0 0 0 0 0 0 0 0 0 0 0 0 0 0
    0 0 0 0 0 0 0 0 0 0 0 0 0 0 0 0 0 0 0 0 0 0 0 0 0 0 0 0 0 0 0 0 0 0
    0 0 0 0 0 0 0 0 0 0 0 0 0 0 0 0 0 0 0 0 0 0 0 0 0 0 0 0 0 0 0 0 0 0
    0 0 0 0 0 0 0 0 0 0 0 0 0 0 0 0 0 0 0 0 0 0 0 0 0 0 0 0 0 0 0 0 0 0
    0 0 0 0 0 0 0 0 0 0 0 0 0 0 0 0 0 0 0 0 0 0 0 0 0 0 0 0 0 0 0 0 0 0
    0 0 0 0 0 0 0 0 0 0 0 0 0 0 0 0 0 0 0 0 0 0 0 0 0 0 0 0 0 0 0 0 0 0
    0 0 0 0 0 0 0 0 0 0 0 0 0 0 0 0 0 0 0 0 0 0 0 0 0 0 0 0 0 0 0 0 0 0
    0 0 0 0 0 0 0 0 0 0 0 0 0 0 0 0 0 0 0 0 0 0 0 0 0 0 0 0 0 0 0 0 0 0
    0 0 0 0 0 0 0 0 0 0 0 0 0 0 0 0 0 0 0 0 0 0 0 0 0 0 0 0 0 0 0 0 0 0
    0 0 0 0 0 0 0 0 0 0 0 0 0 0 0 0 0 0 0 0 0 0 0 0 0 0 0 0 0 0 0 0 0 0
    0 0 0 0 0 0 0 0 0 0 0 0 0 0 0 0 0 0 0 0 0 0 0 0 0 0 0 0 0 0 0 0 0 0
    0 0 0 0 0 0 0 0 0 0 0 0 0 0 0 0 0 0 0 0 0 0 0 0 0 0 0 0 0 0 0 0 0 0
    0 0 0 0 0 0 0 0 0 0 0 0 0 0 0 0 0 0 0 0 0 0 0 0 0 0 0 0 0 0 0 0 0 0
    0 0 0 0 0 0 0 0 0 0 0 0 0 0 0 0 0 0 0 0 0 0 0 0 0 0 0 0 0 0 0 0 0 0
    0 0 0 0 0 0 0 0 0 0 0 0 0 0 0 0 0 0 0 0 0 0 0 0 0 0 0 0 0 0 0 0 0 0
    0 0 0 0 0 0 0 0 0 0 0 0 0 0 0 0 0 0 0 0 0 0 0 0 0 0 0 0 0 0 0 0 0 0
    0 0 0 0 0 0 0 0 0 0 0 0 0 0 0 0 0 0 0 0 0 0 0 0 0 0 0 0 0 0 0 0 0 0
    0 0 0 0 0 0 0 0 0 0 0 0 0 0 0 0 0 0 0 0 0 0 0 0 0 0 0 0 0 0 0 0 0 0
    0 0 0 0 0 0 0 0 0 0 0 0 0 0 0 0 0 0 0 0 0 0 0 0 0 0 0 0 0 0 0 0 0 0
    0 0 0 0 0 0 0 0 0 0 0 0 0 0 0 0 0 0 0 0 0 0 0 0 0 0 0 0 0 0 0 0 0 0
    0 0 0 0 0 0 0 0 0 0 0 0 0 0 0 0 0 0 0 0 0 0 0 0 0 0 0 0 0 0 0 0 0 0
    0 0 0 0 0 0 0 0 0 0 0 0 0 0 0 0 0 0 0 0 0 0 0 0 0 0 0 0 0 0 0 0 0 0
    0 0 0 0 0 0 0 0 0 0 0 0 0 0 0 0 0 0 0 0 0 0 0 0 0 0 0 0 0 0 0 0 0 0
    0 0 0 0 0 0 0 0 0 0 0 0 0 0 0 0 0 0 0 0 0 0 0 0 0 0 0 0 0 0 0 0 0 0
    0 0 0 0 0 0 0 0 0 0 0 0 0 0 0 0 0 0 0 0 0 0 0 0 0 0 0 0 0 0 0 0 0 0
    0 0 0 0 0 0 0 0 0 0 0 0 0 0 0 0 0 0 0 0 0 0 0 0 0 0 0 0 0 0 0 0 0 0
    0 0 0 0 0 0 0 0 0 0 0 0 0 0 0 0 0 0 0 0 0 0 0 0 0 0 0 0 0 0 0 0 0 0
    0 0 0 0 0 0 0 0 0 0 0 0 0 0 0 0 0 0 0 0 0 0 0 0 0 0 0 0 0 0 0 0 0 0
    0 0 0 0 0 0 0 0 0 0 0 0 0 0 0 0 0 0 0 0 0 0 0 0 0 0 0 0 0 0 0 0 0 0
    0 0 0 0 0 0 0 0 0 0 0 0 0 0 0 0 0 0 0 0 0 0 0 0 0 0 0 0 0 0 0 0 0 0
    0 0 0 0 0 0 0 0 0 0 0 0 0 0 0 0 0 0 0 0 0 0 0 0 0 0 0 0 0 0 0 0 0 0
    0 0 0 0 0 0 0 0 0 0 0 0 0 0 0 0 0 0 0 0 0 0 0 0 0 0 0 0 0 0 0 0 0 0
    0 0 0 0 0 0 0 0 0 0 0 0 0 0 0 0 0 0 0 0 0 0 0 0 0 0 0 0 0 0 0 0 0 0
    0 0 0 0 0 0 0 0 0 0 0 0 0 0 0 0 0 0 0 0 0 0 0 0 0 0 0 0 0 0 0 0 0 0
    0 0 0 0 0 0 0 0 0 0 0 0 0 0 0 0 0 0 0 0 0 0 0 0 0 0 0 0 0 0 0 0 0 0
    0 0 0 0 0 0 0 0 0 0 0 0 0 0 0 0 0 0 0 0 0 0 0 0 0 0 0 0 0 0 0 0 0 0
    0 0 0 0 0 0 0 0 0 0 0 0 0 0 0 0 0 0 0 0 0 0 0 0 0 0 0 0 0 0 0 0 0 0
    0 0 0 0 0 0 0 0 0 0 0 0 0 0 0 0 0 0 0 0 0 0 0 0 0 0 0 0 0 0 0 0 0 0
    0 0 0 0 0 0 0 0 0 0 0 0 0 0 0 0 0 0 0 0 0 0 0 0 0 0 0 0 0 0 0 0 0 0
    0 0 0 0 0 0 0 0 0 0 0 0 0 0 0 0 0 0 0 0 0 0 0 0 0 0 0 0 0 0 0 0 0 0
    0 0 0 0 0 0 0 0 0 0 0 0 0 0 0 0 0 0 0 0 0 0 0 0 0 0 0 0 0 0 0 0 0 0
    0 0 0 0 0 0 0 0 0 0 0 0 0 0 0 0 0 0 0 0 0 0 0 0 0 0 0 0 0 0 0 0 0 0
    0 0 0 0 0 0 0 0 0 0 0 0 0 0 0 0 0 0 0 0 0 0 0 0 0 0 0 0 0 0 0 0 0 0
    0 0 0 0 0 0 0 0 0 0 0 0 0 0 0 0 0 0 0 0 0 0 0 0 0 0 0 0 0 0 0 0 0 0
    0 0 0 0 0 0 0 0 0 0 0 0 0 0 0 0 0 0 0 0 0 0 0 0 0 0 0 0 0 0 0 0 0 0
    0 0 0 0 0 0 0 0 0 0 0 0 0 0 0 0 0 0 0 0 0 0 0 0 0 0 0 0 0 0 0 0 0 0
    0 0 0 0 0 0 0 0 0 0 0 0 0 0 0 0 0 0 0 0 0 0 0 0 0 0 0 0 0 0 0 0 0 0
    0 0 0 0 0 0 0 0 0 0 0 0 0 0 0 0 0 0 0 0 0 0 0 0 0 0 0 0 0 0 0 0 0 0
    0 0 0 0 0 0 0 0 0 0 0 0 0 0 0 0 0 0 0 0 0 0 0 0 0 0 0 0 0 0 0 0 0 0
    0 0 0 0 0 0 0 0 0 0 0 0 0 0 0 0 0 0 0 0 0 0 0 0 0 0 0 0 0 0 0 0 0 0
    0 0 0 0 0 0 0 0 0 0 0 0 0 0 0 0 0 0 0 0 0 0 0 0 0 0 0 0 0 0 0 0 0 0
    0 0 0 0 0 0 0 0 0 0 0 0 0 0 0 0 0 0 0 0 0 0 0 0 0 0 0 0 0 0 0 0 0 0
    0 0 0 0 0 0 0 0 0 0 0 0 0 0 0 0 0 0 0 0 0 0 0 0 0 0 0 0 0 0 0 0 0 0
    0 0 0 0 0 0 0 0 0 0 0 0 0 0 0 0 0 0 0 0 0 0 0 0 0 0 0 0 0 0 0 0 0 0
    0 0 0 0 0 0 0 0 0 0 0 0 0 0 0 0 0 0 0 0 0 0 0 0 0 0 0 0 0 0 0 0 0 0
    0 0 0 0 0 0 0 0 0 0 0 0 0 0 0 0 0 0 0 0 0 0 0 0 0 0 0 0 0 0 0 0 0 0
    0 0 0 0 0 0 0 0 0 0 0 0 0 0 0 0 0 0 0 0 0 0 0 0 0 0 0 0 0 0 0 0 0 0
    0 0 0 0 0 0 0 0 0 0 0 0 0 0 0 0 0 0 0 0 0 0 0 0 0 0 0 0 0 0 0 0 0 0
    0 0 0 0 0 0 0 0 0 0 0 0 0 0 0 0 0 0 0 0 0 0 0 0 0 0 0 0 0 0 0 0 0 0
    0 0 0 0 0 0 0 0 0 0 0 0 0 0 0 0 0 0 0 0 0 0 0 0 0 0 0 0 0 0 0 0 0 0
    0 0 0 0 0 0 0 0 0 0 0 0 0 0 0 0 0 0 0 0 0 0 0 0 0 0 0 0 0 0 0 0 0 0
    0 0 0 0 0 0 0 0 0 0 0 0 0 0 0 0 0 0 0 0 0 0 0 0 0 0 0 0 0 0 0 0 0 0
    0 0 0 0 0 0 0 0 0 0 0 0 0 0 0 0 0 0 0 0 0 0 0 0 0 0 0 0 0 0 0 0 0 0
    0 0 0 0 0 0 0 0 0 0 0 0 0 0 0 0 0 0 0 0 0 0 0 0 0 0 0 0 0 0 0 0 0 0
    0 0 0 0 0 0 0 0 0 0 0 0 0 0 0 0 0 0 0 0 0 0 0 0 0 0 0 0 0 0 0 0 0 0
    0 0 0 0 0 0 0 0 0 0 0 0 0 0 0 0 0 0 0 0 0 0 0 0 0 0 0 0 0 0 0 0 0 0
    0 0 0 0 0 0 0 0 0 0 0 0 0 0 0 0 0 0 0 0 0 0 0 0 0 0 0 0 0 0 0 0 0 0
    0 0 0 0 0 0 0 0 0 0 0 0 0 0 0 0 0 0 0 0 0 0 0 0 0 0 0 0 0 0 0 0 0 0
    0 0 0 0 0 0 0 0 0 0 0 0 0 0 0 0 0 0 0 0 0 0 0 0 0 0 0 0 0 0 0 0 0 0
    0 0 0 0 0 0 0 0 0 0 0 0 0 0 0 0 0 0 0 0 0 0 0 0 0 0 0 0 0 0 0 0 0 0
    0 0 0 0 0 0 0 0 0 0 0 0 0 0 0 0 0 0 0 0 0 0 0 0 0 0 0 0 0 0 0 0 0 0
    0 0 0 0 0 0 0 0 0 0 0 0 0 0 0 0 0 0 0 0 0 0 0 0 0 0 0 0 0 0 0 0 0 0
    0 0 0 0 0 0 0 0 0 0 0 0 0 0 0 0 0 0 0 0 0 0 0 0 0 0 0 0 0 0 0 0 0 0
    0 0 0 0 0 0 0 0 0 0 0 0 0 0 0 0 0 0 0 0 0 0 0 0 0 0 0 0 0 0 0 0 0 0
    0 0 0 0 0 0 0 0 0 0 0 0 0 0 0 0 0 0 0 0 0 0 0 0 0 0 0 0 0 0 0 0 0 0
    0 0 0 0 0 0 0 0 0 0 0 0 0 0 0 0 0 0 0 0 0 0 0 0 0 0 0 0 0 0 0 0 0 0
    0 0 0 0 0 0 0 0 0 0 0 0 0 0 0 0 0 0 0 0 0 0 0 0 0 0 0 0 0 0 0 0 0 0
    0 0 0 0 0 0 0 0 0 0 0 0 0 0 0 0 0 0 0 0 0 0 0 0 0 0 0 0 0 0 0 0 0 0
    0 0 0 0 0 0 0 0 0 0 0 0 0 0 0 0 0 0 0 0 0 0 0 0 0 0 0 0 0 0 0 0 0 0
    0 0 0 0 0 0 0 0 0 0 0 0 0 0 0 0 0 0 0 0 0 0 0 0 0 0 0 0 0 0 0 0 0 0
    0 0 0 0 0 0 0 0 0 0 0 0 0 0 0 0 0 0 0 0 0 0 0 0 0 0 0 0 0 0 0 0 0 0
    0 0 0 0 0 0 0 0 0 0 0 0 0 0 0 0 0 0 0 0 0 0 0 0 0 0 0 0 0 0 0 0 0 0
    0 0 0 0 0 0 0 0 0 0 0 0 0 0 0 0 0 0 0 0 0 0 0 0 0 0 0 0 0 0 0 0 0 0
    0 0 0 0 0 0 0 0 0 0 0 0 0 0 0 0 0 0 0 0 0 0 0 0 0 0 0 0 0 0 0 0 0 0
    0 0 0 0 0 0 0 0 0 0 0 0 0 0 0 0 0 0 0 0 0 0 0 0 0 0 0 0 0 0 0 0 0 0
    0 0 0 0 0 0 0 0 0 0 0 0 0 0 0 0 0 0 0 0 0 0 0 0 0 0 0 0 0 0 0 0 0 0
    0 0 0 0 0 0 0 0 0 0 0 0 0 0 0 0 0 0 0 0 0 0 0 0 0 0 0 0 0 0 0 0 0 0
    0 0 0 0 0 0 0 0 0 0 0 0 0 0 0 0 0 0 0 0 0 0 0 0 0 0 0 0 0 0 0 0 0 0
    0 0 0 0 0 0 0 0 0 0 0 0 0 0 0 0 0 0 0 0 0 0 0 0 0 0 0 0 0 0 0 0 0 0
    0 0 0 0 0 0 0 0 0 0 0 0 0 0 0 0 0 0 0 0 0 0 0 0 0 0 0 0 0 0 0 0 0 0
    0 0 0 0 0 0 0 0 0 0 0 0 0 0 0 0 0 0 0 0 0 0 0 0 0 0 0 0 0 0 0 0 0 0
    0 0 0 0 0 0 0 0 0 0 0 0 0 0 0 0 0 0 0 0 0 0 0 0 0 0 0 0 0 0 0 0 0 0
    0 0 0 0 0 0 0 0 0 0 0 0 0 0 0 0 0 0 0 0 0 0 0 0 0 0 0 0 0 0 0 0 0 0
    0 0 0 0 0 0 0 0 0 0 0 0 0 0 0 0 0 0 0 0 0 0 0 0 0 0 0 0 0 0 0 0 0 0
    0 0 0 0 0 0 0 0 0 0 0 0 0 0 0 0 0 0 0 0 0 0 0 0 0 0 0 0 0 0 0 0 0 0
    0 0 0 0 0 0 0 0 0 0 0 0 0 0 0 0 0 0 0 0 0 0 0 0 0 0 0 0 0 0 0 0 0 0
    0 0 0 0 0 0 0 0 0 0 0 0 0 0 0 0 0 0 0 0 0 0 0 0 0 0 0 0 0 0 0 0 0 0
    0 0 0 0 0 0 0 0 0 0 0 0 0 0 0 0 0 0 0 0 0 0 0 0 0 0 0 0 0 0 0 0 0 0
    0 0 0 0 0 0 0 0 0 0 0 0 0 0 0 0 0 0 0 0 0 0 0 0 0 0 0 0 0 0 0 0 0 0
    0 0 0 0 0 0 0 0 0 0 0 0 0 0 0 0 0 0 0 0 0 0 0 0 0 0 0 0 0 0 0 0 0 0
    0 0 0 0 0 0 0 0 0 0 0 0 0 0 0 0 0 0 0 0 0 0 0 0 0 0 0 0 0 0 0 0 0 0
    0 0 0 0 0 0 0 0 0 0 0 0 0 0 0 0 0 0 0 0 0 0 0 0 0 0 0 0 0 0 0 0 0 0
    0 0 0 0 0 0 0 0 0 0 0 0 0 0 0 0 0 0 0 0 0 0 0 0 0 0 0 0 0 0 0 0 0 0
    0 0 0 0 0 0 0 0 0 0 0 0 0 0 0 0 0 0 0 0 0 0 0 0 0 0 0 0 0 0 0 0 0 0
    0 0 0 0 0 0 0 0 0 0 0 0 0 0 0 0 0 0 0 0 0 0 0 0 0 0 0 0 0 0 0 0 0 0
    0 0 0 0 0 0 0 0 0 0 0 0 0 0 0 0 0 0 0 0 0 0 0 0 0 0 0 0 0 0 0 0 0 0
    0 0 0 0 0 0 0 0 0 0 0 0 0 0 0 0 0 0 0 0 0 0 0 0 0 0 0 0 0 0 0 0 0 0
    0 0 0 0 0 0 0 0 0 0 0 0 0 0 0 0 0 0 0 0 0 0 0 0 0 0 0 0 0 0 0 0 0 0
    0 0 0 0 0 0 0 0 0 0 0 0 0 0 0 0 0 0 0 0 0 0 0 0 0 0 0 0 0 0 0 0 0 0
    0 0 0 0 0 0 0 0 0 0 0 0 0 0 0 0 0 0 0 0 0 0 0 0 0 0 0 0 0 0 0 0 0 0
    0 0 0 0 0 0 0 0 0 0 0 0 0 0 0 0 0 0 0 0 0 0 0 0 0 0 0 0 0 0 0 0 0 0
    0 0 0 0 0 0 0 0 0 0 0 0 0 0 0 0 0 0 0 0 0 0 0 0 0 0 0 0 0 0 0 0 0 0
    0 0 0 0 0 0 0 0 0 0 0 0 0 0 0 0 0 0 0 0 0 0 0 0 0 0 0 0 0 0 0 0 0 0
    0 0 0 0 0 0 0 0 0 0 0 0 0 0 0 0 0 0 0 0 0 0 0 0 0 0 0 0 0 0 0 0 0 0
    0 0 0 0 0 0 0 0 0 0 0 0 0 0 0 0 0 0 0 0 0 0 0 0 0 0 0 0 0 0 0 0 0 0
    0 0 0 0 0 0 0 0 0 0 0 0 0 0 0 0 0 0 0 0 0 0 0 0 0 0 0 0 0 0 0 0 0 0
    0 0 0 0 0 0 0 0 0 0 0 0 0 0 0 0 0 0 0 0 0 0 0 0 0 0 0 0 0 0 0 0 0 0
    0 0 0 0 0 0 0 0 0 0 0 0 0 0 0 0 0 0 0 0 0 0 0 0 0 0 0 0 0 0 0 0 0 0
    0 0 0 0 0 0 0 0 0 0 0 0 0 0 0 0 0 0 0 0 0 0 0 0 0 0 0 0 0 0 0 0 0 0
    0 0 0 0 0 0 0 0 0 0 0 0 0 0 0 0 0 0 0 0 0 0 0 0 0 0 0 0 0 0 0 0 0 0
    0 0 0 0 0 0 0 0 0 0 0 0 0 0 0 0 0 0 0 0 0 0 0 0 0 0 0 0 0 0 0 0 0 0
    0 0 0 0 0 0 0 0 0 0 0 0 0 0 0 0 0 0 0 0 0 0 0 0 0 0 0 0 0 0 0 0 0 0
    0 0 0 0 0 0 0 0 0 0 0 0 0 0 0 0 0 0 0 0 0 0 0 0 0 0 0 0 0 0 0 0 0 0
    0 0 0 0 0 0 0 0 0 0 0 0 0 0 0 0 0 0 0 0 0 0 0 0 0 0 0 0 0 0 0 0 0 0
    0 0 0 0 0 0 0 0 0 0 0 0 0 0 0 0 0 0 0 0 0 0 0 0 0 0 0 0 0 0 0 0 0 0
    0 0 0 0 0 0 0 0 0 0 0 0 0 0 0 0 0 0 0 0 0 0 0 0 0 0 0 0 0 0 0 0 0 0
    0 0 0 0 0 0 0 0 0 0 0 0 0 0 0 0 0 0 0 0 0 0 0 0 0 0 0 0 0 0 0 0 0 0
    0 0 0 0 0 0 0 0 0 0 0 0 0 0 0 0 0 0 0 0 0 0 0 0 0 0 0 0 0 0 0 0 0 0
    0 0 0 0 0 0 0 0 0 0 0 0 0 0 0 0 0 0 0 0 0 0 0 0 0 0 0 0 0 0 0 0 0 0
    0 0 0 0 0 0 0 0 0 0 0 0 0 0 0 0 0 0 0 0 0 0 0 0 0 0 0 0 0 0 0 0 0 0
    0 0 0 0 0 0 0 0 0 0 0 0 0 0 0 0 0 0 0 0 0 0 0 0 0 0 0 0 0 0 0 0 0 0
    0 0 0 0 0 0 0 0 0 0 0 0 0 0 0 0 0 0 0 0 0 0 0 0 0 0 0 0 0 0 0 0 0 0
    0 0 0 0 0 0 0 0 0 0 0 0 0 0 0 0 0 0 0 0 0 0 0 0 0 0 0 0 0 0 0 0 0 0
    0 0 0 0 0 0 0 0 0 0 0 0 0 0 0 0 0 0 0 0 0 0 0 0 0 0 0 0 0 0 0 0 0 0
    0 0 0 0 0 0 0 0 0 0 0 0 0 0 0 0 0 0 0 0 0 0 0 0 0 0 0 0 0 0 0 0 0 0
    0 0 0 0 0 0 0 0 0 0 0 0 0 0 0 0 0 0 0 0 0 0 0 0 0 0 0 0 0 0 0 0 0 0
    0 0 0 0 0 0 0 0 0 0 0 0 0 0 0 0 0 0 0 0 0 0 0 0 0 0 0 0 0 0 0 0 0 0
    0 0 0 0 0 0 0 0 0 0 0 0 0 0 0 0 0 0 0 0 0 0 0 0 0 0 0 0 0 0 0 0 0 0
    0 0 0 0 0 0 0 0 0 0 0 0 0 0 0 0 0 0 0 0 0 0 0 0 0 0 0 0 0 0 0 0 0 0
    0 0 0 0 0 0 0 0 0 0 0 0 0 0 0 0 0 0 0 0 0 0 0 0 0 0 0 0 0 0 0 0 0 0
    0 0 0 0 0 0 0 0 0 0 0 0 0 0 0 0 0 0 0 0 0 0 0 0 0 0 0 0 0 0 0 0 0 0
    0 0 0 0 0 0 0 0 0 0 0 0 0 0 0 0 0 0 0 0 0 0 0 0 0 0 0 0 0 0 0 0 0 0
    0 0 0 0 0 0 0 0 0 0 0 0 0 0 0 0 0 0 0 0 0 0 0 0 0 0 0 0 0 0 0 0 0 0
    0 0 0 0 0 0 0 0 0 0 0 0 0 0 0 0 0 0 0 0 0 0 0 0 0 0 0 0 0 0 0 0 0 0
    0 0 0 0 0 0 0 0 0 0 0 0 0 0 0 0 0 0 0 0 0 0 0 0 0 0 0 0 0 0 0 0 0 0
    0 0 0 0 0 0 0 0 0 0 0 0 0 0 0 0 0 0 0 0 0 0 0 0 0 0 0 0 0 0 0 0 0 0
    0 0 0 0 0 0 0 0 0 0 0 0 0 0 0 0 0 0 0 0 0 0 0 0 0 0 0 0 0 0 0 0 0 0
    0 0 0 0 0 0 0 0 0 0 0 0 0 0 0 0 0 0 0 0 0 0 0 0 0 0 0 0 0 0 0 0 0 0
    0 0 0 0 0 0 0 0 0 0 0 0 0 0 0 0 0 0 0 0 0 0 0 0 0 0 0 0 0 0 0 0 0 0
    0 0 0 0 0 0 0 0 0 0 0 0 0 0 0 0 0 0 0 0 0 0 0 0 0 0 0 0 0 0 0 0 0 0
    0 0 0 0 0 0 0 0 0 0 0 0 0 0 0 0 0 0 0 0 0 0 0 0 0 0 0 0 0 0 0 0 0 0
    0 0 0 0 0 0 0 0 0 0 0 0 0 0 0 0 0 0 0 0 0 0 0 0 0 0 0 0 0 0 0 0 0 0
    0 0 0 0 0 0 0 0 0 0 0 0 0 0 0 0 0 0 0 0 0 0 0 0 0 0 0 0 0 0 0 0 0 0
    0 0 0 0 0 0 0 0 0 0 0 0 0 0 0 0 0 0 0 0 0 0 0 0 0 0 0 0 0 0 0 0 0 0
    0 0 0 0 0 0 0 0 0 0 0 0 0 0 0 0 0 0 0 0 0 0 0 0 0 0 0 0 0 0 0 0 0 0
    0 0 0 0 0 0 0 0 0 0 0 0 0 0 0 0 0 0 0 0 0 0 0 0 0 0 0 0 0 0 0 0 0 0
    0 0 0 0 0 0 0 0 0 0 0 0 0 0 0 0 0 0 0 0 0 0 0 0 0 0 0 0 0 0 0 0 0 0
    0 0 0 0 0 0 0 0 0 0 0 0 0 0 0 0 0 0 0 0 0 0 0 0 0 0 0 0 0 0 0 0 0 0
    0 0 0 0 0 0 0 0 0 0 0 0 0 0 0 0 0 0 0 0 0 0 0 0 0 0 0 0 0 0 0 0 0 0
    0 0 0 0 0 0 0 0 0 0 0 0 0 0 0 0 0 0 0 0 0 0 0 0 0 0 0 0 0 0 0 0 0 0
    0 0 0 0 0 0 0 0 0 0 0 0 0 0 0 0 0 0 0 0 0 0 0 0 0 0 0 0 0 0 0 0 0 0
    0 0 0 0 0 0 0 0 0 0 0 0 0 0 0 0 0 0 0 0 0 0 0 0 0 0 0 0 0 0 0 0 0 0
    0 0 0 0 0 0 0 0 0 0 0 0 0 0 0 0 0 0 0 0 0 0 0 0 0 0 0 0 0 0 0 0 0 0
    0 0 0 0 0 0 0 0 0 0 0 0 0 0 0 0 0 0 0 0 0 0 0 0 0 0 0 0 0 0 0 0 0 0
    0 0 0 0 0 0 0 0 0 0 0 0 0 0 0 0 0 0 0 0 0 0 0 0 0 0 0 0 0 0 0 0 0 0
    0 0 0 0 0 0 0 0 0 0 0 0 0 0 0 0 0 0 0 0 0 0 0 0 0 0 0 0 0 0 0 0 0 0
    0 0 0 0 0 0 0 0 0 0 0 0 0 0 0 0 0 0 0 0 0 0 0 0 0 0 0 0 0 0 0 0 0 0
    0 0 0 0 0 0 0 0 0 0 0 0 0 0 0 0 0 0 0 0 0 0 0 0 0 0 0 0 0 0 0 0 0 0
    0 0 0 0 0 0 0 0 0 0 0 0 0 0 0 0 0 0 0 0 0 0 0 0 0 0 0 0 0 0 0 0 0 0
    0 0 0 0 0 0 0 0 0 0 0 0 0 0 0 0 0 0 0 0 0 0 0 0 0 0 0 0 0 0 0 0 0 0
    0 0 0 0 0 0 0 0 0 0 0 0 0 0 0 0 0 0 0 0 0 0 0 0 0 0 0 0 0 0 0 0 0 0
    0 0 0 0 0 0 0 0 0 0 0 0 0 0 0 0 0 0 0 0 0 0 0 0 0 0 0 0 0 0 0 0 0 0
    0 0 0 0 0 0 0 0 0 0 0 0 0 0 0 0 0 0 0 0 0 0 0 0 0 0 0 0 0 0 0 0 0 0
    0 0 0 0 0 0 0 0 0 0 0 0 0 0 0 0 0 0 0 0 0 0 0 0 0 0 0 0 0 0 0 0 0 0
    0 0 0 0 0 0 0 0 0 0 0 0 0 0 0 0 0 0 0 0 0 0 0 0 0 0 0 0 0 0 0 0 0 0
    0 0 0 0 0 0 0 0 0 0 0 0 0 0 0 0 0 0 0 0 0 0 0 0 0 0 0 0 0 0 0 0 0 0
    0 0 0 0 0 0 0 0 0 0 0 0 0 0 0 0 0 0 0 0 0 0 0 0 0 0 0 0 0 0 0 0 0 0
    0 0 0 0 0 0 0 0 0 0 0 0 0 0 0 0 0 0 0 0 0 0 0 0 0 0 0 0 0 0 0 0 0 0
    0 0 0 0 0 0 0 0 0 0 0 0 0 0 0 0 0 0 0 0 0 0 0 0 0 0 0 0 0 0 0 0 0 0
    0 0 0 0 0 0 0 0 0 0 0 0 0 0 0 0 0 0 0 0 0 0 0 0 0 0 0 0 0 0 0 0 0 0
    0 0 0 0 0 0 0 0 0 0 0 0 0 0 0 0 0 0 0 0 0 0 0 0 0 0 0 0 0 0 0 0 0 0
    0 0 0 0 0 0 0 0 0 0 0 0 0 0 0 0 0 0 0 0 0 0 0 0 0 0 0 0 0 0 0 0 0 0
    0 0 0 0 0 0 0 0 0 0 0 0 0 0 0 0 0 0 0 0 0 0 0 0 0 0 0 0 0 0 0 0 0 0
    0 0 0 0 0 0 0 0 0 0 0 0 0 0 0 0 0 0 0 0 0 0 0 0 0 0 0 0 0 0 0 0 0 0
    0 0 0 0 0 0 0 0 0 0 0 0 0 0 0 0 0 0 0 0 0 0 0 0 0 0 0 0 0 0 0 0 0 0
    0 0 0 0 0 0 0 0 0 0 0 0 0 0 0 0 0 0 0 0 0 0 0 0 0 0 0 0 0 0 0 0 0 0
    0 0 0 0 0 0 0 0 0 0 0 0 0 0 0 0 0 0 0 0 0 0 0 0 0 0 0 0 0 0 0 0 0 0
    0 0 0 0 0 0 0 0 0 0 0 0 0 0 0 0 0 0 0 0 0 0 0 0 0 0 0 0 0 0 0 0 0 0
    0 0 0 0 0 0 0 0 0 0 0 0 0 0 0 0 0 0 0 0 0 0 0 0 0 0 0 0 0 0 0 0 0 0
    0 0 0 0 0 0 0 0 0 0 0 0 0 0 0 0 0 0 0 0 0 0 0 0 0 0 0 0 0 0 0 0 0 0
    0 0 0 0 0 0 0 0 0 0 0 0 0 0 0 0 0 0 0 0 0 0 0 0 0 0 0 0 0 0 0 0 0 0
    0 0 0 0 0 0 0 0 0 0 0 0 0 0 0 0 0 0 0 0 0 0 0 0 0 0 0 0 0 0 0 0 0 0
    0 0 0 0 0 0 0 0 0 0 0 0 0 0 0 0 0 0 0 0 0 0 0 0 0 0 0 0 0 0 0 0 0 0
    0 0 0 0 0 0 0 0 0 0 0 0 0 0 0 0 0 0 0 0 0 0 0 0 0 0 0 0 0 0 0 0 0 0
    0 0 0 0 0 0 0 0 0 0 0 0 0 0 0 0 0 0 0 0 0 0 0 0 0 0 0 0 0 0 0 0 0 0
    0 0 0 0 0 0 0 0 0 0 0 0 0 0 0 0 0 0 0 0 0 0 0 0 0 0 0 0 0 0 0 0 0 0
    0 0 0 0 0 0 0 0 0 0 0 0 0 0 0 0 0 0 0 0 0 0 0 0 0 0 0 0 0 0 0 0 0 0
    0 0 0 0 0 0 0 0 0 0 0 0 0 0 0 0 0 0 0 0 0 0 0 0 0 0 0 0 0 0 0 0 0 0
    0 0 0 0 0 0 0 0 0 0 0 0 0 0 0 0 0 0 0 0 0 0 0 0 0 0 0 0 0 0 0 0 0 0
    0 0 0 0 0 0 0 0 0 0 0 0 0 0 0 0 0 0 0 0 0 0 0 0 0 0 0 0 0 0 0 0 0 0
    0 0 0 0 0 0 0 0 0 0 0 0 0 0 0 0 0 0 0 0 0 0 0 0 0 0 0 0 0 0 0 0 0 0
    0 0 0 0 0 0 0 0 0 0 0 0 0 0 0 0 0 0 0 0 0 0 0 0 0 0 0 0 0 0 0 0 0 0
    0 0 0 0 0 0 0 0 0 0 0 0 0 0 0 0 0 0 0 0 0 0 0 0 0 0 0 0 0 0 0 0 0 0
    0 0 0 0 0 0 0 0 0 0 0 0 0 0 0 0 0 0 0 0 0 0 0 0 0 0 0 0 0 0 0 0 0 0
    0 0 0 0 0 0 0 0 0 0 0 0 0 0 0 0 0 0 0 0 0 0 0 0 0 0 0 0 0 0 0 0 0 0
    0 0 0 0 0 0 0 0 0 0 0 0 0 0 0 0 0 0 0 0 0 0 0 0 0 0 0 0 0 0 0 0 0 0
    0 0 0 0 0 0 0 0 0 0 0 0 0 0 0 0 0 0 0 0 0 0 0 0 0 0 0 0 0 0 0 0 0 0
    0 0 0 0 0 0 0 0 0 0 0 0 0 0 0 0 0 0 0 0 0 0 0 0 0 0 0 0 0 0 0 0 0 0
    0 0 0 0 0 0 0 0 0 0 0 0 0 0 0 0 0 0 0 0 0 0 0 0 0 0 0 0 0 0 0 0 0 0
    0 0 0 0 0 0 0 0 0 0 0 0 0 0 0 0 0 0 0 0 0 0 0 0 0 0 0 0 0 0 0 0 0 0
    0 0 0 0 0 0 0 0 0 0 0 0 0 0 0 0 0 0 0 0 0 0 0 0 0 0 0 0 0 0 0 0 0 0
    0 0 0 0 0 0 0 0 0 0 0 0 0 0 0 0 0 0 0 0 0 0 0 0 0 0 0 0 0 0 0 0 0 0
    0 0 0 0 0 0 0 0 0 0 0 0 0 0 0 0 0 0 0 0 0 0 0 0 0 0 0 0 0 0 0 0 0 0
    0 0 0 0 0 0 0 0 0 0 0 0 0 0 0 0 0 0 0 0 0 0 0 0 0 0 0 0 0 0 0 0 0 0
    0 0 0 0 0 0 0 0 0 0 0 0 0 0 0 0 0 0 0 0 0 0 0 0 0 0 0 0 0 0 0 0 0 0
    0 0 0 0 0 0 0 0 0 0 0 0 0 0 0 0 0 0 0 0 0 0 0 0 0 0 0 0 0 0 0 0 0 0
    0 0 0 0 0 0 0 0 0 0 0 0 0 0 0 0 0 0 0 0 0 0 0 0 0 0 0 0 0 0 0 0 0 0
    0 0 0 0 0 0 0 0 0 0 0 0 0 0 0 0 0 0 0 0 0 0 0 0 0 0 0 0 0 0 0 0 0 0
    0 0 0 0 0 0 0 0 0 0 0 0 0 0 0 0 0 0 0 0 0 0 0 0 0 0 0 0 0 0 0 0 0 0
    0 0 0 0 0 0 0 0 0 0 0 0 0 0 0 0 0 0 0 0 0 0 0 0 0 0 0 0 0 0 0 0 0 0
    0 0 0 0 0 0 0 0 0 0 0 0 0 0 0 0 0 0 0 0 0 0 0 0 0 0 0 0 0 0 0 0 0 0
    0 0 0 0 0 0 0 0 0 0 0 0 0 0 0 0 0 0 0 0 0 0 0 0 0 0 0 0 0 0 0 0 0 0
    0 0 0 0 0 0 0 0 0 0 0 0 0 0 0 0 0 0 0 0 0 0 0 0 0 0 0 0 0 0 0 0 0 0
    0 0 0 0 0 0 0 0 0 0 0 0 0 0 0 0 0 0 0 0 0 0 0 0 0 0 0 0 0 0 0 0 0 0
    0 0 0 0 0 0 0 0 0 0 0 0 0 0 0 0 0 0 0 0 0 0 0 0 0 0 0 0 0 0 0 0 0 0
    0 0 0 0 0 0 0 0 0 0 0 0 0 0 0 0 0 0 0 0 0 0 0 0 0 0 0 0 0 0 0 0 0 0
    0 0 0 0 0 0 0 0 0 0 0 0 0 0 0 0 0 0 0 0 0 0 0 0 0 0 0 0 0 0 0 0 0 0
    0 0 0 0 0 0 0 0 0 0 0 0 0 0 0 0 0 0 0 0 0 0 0 0 0 0 0 0 0 0 0 0 0 0
    0 0 0 0 0 0 0 0 0 0 0 0 0 0 0 0 0 0 0 0 0 0 0 0 0 0 0 0 0 0 0 0 0 0
    0 0 0 0 0 0 0 0 0 0 0 0 0 0 0 0 0 0 0 0 0 0 0 0 0 0 0 0 0 0 0 0 0 0
    0 0 0 0 0 0 0 0 0 0 0 0 0 0 0 0 0 0 0 0 0 0 0 0 0 0 0 0 0 0 0 0 0 0
    0 0 0 0 0 0 0 0 0 0 0 0 0 0 0 0 0 0 0 0 0 0 0 0 0 0 0 0 0 0 0 0 0 0
    0 0 0 0 0 0 0 0 0 0 0 0 0 0 0 0 0 0 0 0 0 0 0 0 0 0 0 0 0 0 0 0 0 0
    0 0 0 0 0 0 0 0 0 0 0 0 0 0 0 0 0 0 0 0 0 0 0 0 0 0 0 0 0 0 0 0 0 0
    0 0 0 0 0 0 0 0 0 0 0 0 0 0 0 0 0 0 0 0 0 0 0 0 0 0 0 0 0 0 0 0 0 0
    0 0 0 0 0 0 0 0 0 0 0 0 0 0 0 0 0 0 0 0 0 0 0 0 0 0 0 0 0 0 0 0 0 0
    0 0 0 0 0 0 0 0 0 0 0 0 0 0 0 0 0 0 0 0 0 0 0 0 0 0 0 0 0 0 0 0 0 0
    0 0 0 0 0 0 0 0 0 0 0 0 0 0 0 0 0 0 0 0 0 0 0 0 0 0 0 0 0 0 0 0 0 0
    0 0 0 0 0 0 0 0 0 0 0 0 0 0 0 0 0 0 0 0 0 0 0 0 0 0 0 0 0 0 0 0 0 0
    0 0 0 0 0 0 0 0 0 0 0 0 0 0 0 0 0 0 0 0 0 0 0 0 0 0 0 0 0 0 0 0 0 0
    0 0 0 0 0 0 0 0 0 0 0 0 0 0 0 0 0 0 0 0 0 0 0 0 0 0 0 0 0 0 0 0 0 0
    0 0 0 0 0 0 0 0 0 0 0 0 0 0 0 0 0 0 0 0 0 0 0 0 0 0 0 0 0 0 0 0 0 0
    0 0 0 0 0 0 0 0 0 0 0 0 0 0 0 0 0 0 0 0 0 0 0 0 0 0 0 0 0 0 0 0 0 0
    0 0 0 0 0 0 0 0 0 0 0 0 0 0 0 0 0 0 0 0 0 0 0 0 0 0 0 0 0 0 0 0 0 0
    0 0 0 0 0 0 0 0 0 0 0 0 0 0 0 0 0 0 0 0 0 0 0 0 0 0 0 0 0 0 0 0 0 0
    0 0 0 0 0 0 0 0 0 0 0 0 0 0 0 0 0 0 0 0 0 0 0 0 0 0 0 0 0 0 0 0 0 0
    0 0 0 0 0 0 0 0 0 0 0 0 0 0 0 0 0 0 0 0 0 0 0 0 0 0 0 0 0 0 0 0 0 0
    0 0 0 0 0 0 0 0 0 0 0 0 0 0 0 0 0 0 0 0 0 0 0 0 0 0 0 0 0 0 0 0 0 0
    0 0 0 0 0 0 0 0 0 0 0 0 0 0 0 0 0 0 0 0 0 0 0 0 0 0 0 0 0 0 0 0 0 0
    0 0 0 0 0 0 0 0 0 0 0 0 0 0 0 0 0 0 0 0 0 0 0 0 0 0 0 0 0 0 0 0 0 0
    0 0 0 0 0 0 0 0 0 0 0 0 0 0 0 0 0 0 0 0 0 0 0 0 0 0 0 0 0 0 0 0 0 0
    0 0 0 0 0 0 0 0 0 0 0 0 0 0 0 0 0 0 0 0 0 0 0 0 0 0 0 0 0 0 0 0 0 0
    0 0 0 0 0 0 0 0 0 0 0 0 0 0 0 0 0 0 0 0 0 0 0 0 0 0 0 0 0 0 0 0 0 0
    0 0 0 0 0 0 0 0 0 0 0 0 0 0 0 0 0 0 0 0 0 0 0 0 0 0 0 0 0 0 0 0 0 0
    0 0 0 0 0 0 0 0 0 0 0 0 0 0 0 0 0 0 0 0 0 0 0 0 0 0 0 0 0 0 0 0 0 0
    0 0 0 0 0 0 0 0 0 0 0 0 0 0 0 0 0 0 0 0 0 0 0 0 0 0 0 0 0 0 0 0 0 0
    0 0 0 0 0 0 0 0 0 0 0 0 0 0 0 0 0 0 0 0 0 0 0 0 0 0 0 0 0 0 0 0 0 0
    0 0 0 0 0 0 0 0 0 0 0 0 0 0 0 0 0 0 0 0 0 0 0 0 0 0 0 0 0 0 0 0 0 0
    0 0 0 0 0 0 0 0 0 0 0 0 0 0 0 0 0 0 0 0 0 0 0 0 0 0 0 0 0 0 0 0 0 0
    0 0 0 0 0 0 0 0 0 0 0 0 0 0 0 0 0 0 0 0 0 0 0 0 0 0 0 0 0 0 0 0 0 0
    0 0 0 0 0 0 0 0 0 0 0 0 0 0 0 0 0 0 0 0 0 0 0 0 0 0 0 0 0 0 0 0 0 0
    0 0 0 0 0 0 0 0 0 0 0 0 0 0 0 0 0 0 0 0 0 0 0 0 0 0 0 0 0 0 0 0 0 0
    0 0 0 0 0 0 0 0 0 0 0 0 0 0 0 0 0 0 0 0 0 0 0 0 0 0 0 0 0 0 0 0 0 0
    0 0 0 0 0 0 0 0 0 0 0 0 0 0 0 0 0 0 0 0 0 0 0 0 0 0 0 0 0 0 0 0 0 0
    0 0 0 0 0 0 0 0 0 0 0 0 0 0 0 0 0 0 0 0 0 0 0 0 0 0 0 0 0 0 0 0 0 0
    0 0 0 0 0 0 0 0 0 0 0 0 0 0 0 0 0 0 0 0 0 0 0 0 0 0 0 0 0 0 0 0 0 0
    0 0 0 0 0 0 0 0 0 0 0 0 0 0 0 0 0 0 0 0 0 0 0 0 0 0 0 0 0 0 0 0 0 0
    0 0 0 0 0 0 0 0 0 0 0 0 0 0 0 0 0 0 0 0 0 0 0 0 0 0 0 0 0 0 0 0 0 0
    0 0 0 0 0 0 0 0 0 0 0 0 0 0 0 0 0 0 0 0 0 0 0 0 0 0 0 0 0 0 0 0 0 0
    0 0 0 0 0 0 0 0 0 0 0 0 0 0 0 0 0 0 0 0 0 0 0 0 0 0 0 0 0 0 0 0 0 0
    0 0 0 0 0 0 0 0 0 0 0 0 0 0 0 0 0 0 0 0 0 0 0 0 0 0 0 0 0 0 0 0 0 0
    0 0 0 0 0 0 0 0 0 0 0 0 0 0 0 0 0 0 0 0 0 0 0 0 0 0 0 0 0 0 0 0 0 0
    0 0 0 0 0 0 0 0 0 0 0 0 0 0 0 0 0 0 0 0 0 0 0 0 0 0 0 0 0 0 0 0 0 0
    0 0 0 0 0 0 0 0 0 0 0 0 0 0 0 0 0 0 0 0 0 0 0 0 0 0 0 0 0 0 0 0 0 0
    0 0 0 0 0 0 0 0 0 0 0 0 0 0 0 0 0 0 0 0 0 0 0 0 0 0 0 0 0 0 0 0 0 0
    0 0 0 0 0 0 0 0 0 0 0 0 0 0 0 0 0 0 0 0 0 0 0 0 0 0 0 0 0 0 0 0 0 0
    0 0 0 0 0 0 0 0 0 0 0 0 0 0 0 0 0 0 0 0 0 0 0 0 0 0 0 0 0 0 0 0 0 0
    0 0 0 0 0 0 0 0 0 0 0 0 0 0 0 0 0 0 0 0 0 0 0 0 0 0 0 0 0 0 0 0 0 0
    0 0 0 0 0 0 0 0 0 0 0 0 0 0 0 0 0 0 0 0 0 0 0 0 0 0 0 0 0 0 0 0 0 0
    0 0 0 0 0 0 0 0 0 0 0 0 0 0 0 0 0 0 0 0 0 0 0 0 0 0 0 0 0 0 0 0 0 0
    0 0 0 0 0 0 0 0 0 0 0 0 0 0 0 0 0 0 0 0 0 0 0 0 0 0 0 0 0 0 0 0 0 0
    0 0 0 0 0 0 0 0 0 0 0 0 0 0 0 0 0 0 0 0 0 0 0 0 0 0 0 0 0 0 0 0 0 0
    0 0 0 0 0 0 0 0 0 0 0 0 0 0 0 0 0 0 0 0 0 0 0 0 0 0 0 0 0 0 0 0 0 0
    0 0 0 0 0 0 0 0 0 0 0 0 0 0 0 0 0 0 0 0 0 0 0 0 0 0 0 0 0 0 0 0 0 0
    0 0 0 0 0 0 0 0 0 0 0 0 0 0 0 0 0 0 0 0 0 0 0 0 0 0 0 0 0 0 0 0 0 0
    0 0 0 0 0 0 0 0 0 0 0 0 0 0 0 0 0 0 0 0 0 0 0 0 0 0 0 0 0 0 0 0 0 0
    0 0 0 0 0 0 0 0 0 0 0 0 0 0 0 0 0 0 0 0 0 0 0 0 0 0 0 0 0 0 0 0 0 0
    0 0 0 0 0 0 0 0 0 0 0 0 0 0 0 0 0 0 0 0 0 0 0 0 0 0 0 0 0 0 0 0 0 0
    0 0 0 0 0 0 0 0 0 0 0 0 0 0 0 0 0 0 0 0 0 0 0 0 0 0 0 0 0 0 0 0 0 0
    0 0 0 0 0 0 0 0 0 0 0 0 0 0 0 0 0 0 0 0 0 0 0 0 0 0 0 0 0 0 0 0 0 0
    0 0 0 0 0 0 0 0 0 0 0 0 0 0 0 0 0 0 0 0 0 0 0 0 0 0 0 0 0 0 0 0 0 0
    0 0 0 0 0 0 0 0 0 0 0 0 0 0 0 0 0 0 0 0 0 0 0 0 0 0 0 0 0 0 0 0 0 0
    0 0 0 0 0 0 0 0 0 0 0 0 0 0 0 0 0 0 0 0 0 0 0 0 0 0 0 0 0 0 0 0 0 0
    0 0 0 0 0 0 0 0 0 0 0 0 0 0 0 0 0 0 0 0 0 0 0 0 0 0 0 0 0 0 0 0 0 0
    0 0 0 0 0 0 0 0 0 0 0 0 0 0 0 0 0 0 0 0 0 0 0 0 0 0 0 0 0 0 0 0 0 0
    0 0 0 0 0 0 0 0 0 0 0 0 0 0 0 0 0 0 0 0 0 0 0 0 0 0 0 0 0 0 0 0 0 0
    0 0 0 0 0 0 0 0 0 0 0 0 0 0 0 0 0 0 0 0 0 0 0 0 0 0 0 0 0 0 0 0 0 0
    0 0 0 0 0 0 0 0 0 0 0 0 0 0 0 0 0 0 0 0 0 0 0 0 0 0 0 0 0 0 0 0 0 0
    0 0 0 0 0 0 0 0 0 0 0 0 0 0 0 0 0 0 0 0 0 0 0 0 0 0 0 0 0 0 0 0 0 0
    0 0 0 0 0 0 0 0 0 0 0 0 0 0 0 0 0 0 0 0 0 0 0 0 0 0 0 0 0 0 0 0 0 0
    0 0 0 0 0 0 0 0 0 0 0 0 0 0 0 0 0 0 0 0 0 0 0 0 0 0 0 0 0 0 0 0 0 0
    0 0 0 0 0 0 0 0 0 0 0 0 0 0 0 0 0 0 0 0 0 0 0 0 0 0 0 0 0 0 0 0 0 0
    0 0 0 0 0 0 0 0 0 0 0 0 0 0 0 0 0 0 0 0 0 0 0 0 0 0 0 0 0 0 0 0 0 0
    0 0 0 0 0 0 0 0 0 0 0 0 0 0 0 0 0 0 0 0 0 0 0 0 0 0 0 0 0 0 0 0 0 0
    0 0 0 0 0 0 0 0 0 0 0 0 0 0 0 0 0 0 0 0 0 0 0 0 0 0 0 0 0 0 0 0 0 0
    0 0 0 0 0 0 0 0 0 0 0 0 0 0 0 0 0 0 0 0 0 0 0 0 0 0 0 0 0 0 0 0 0 0
    0 0 0 0 0 0 0 0 0 0 0 0 0 0 0 0 0 0 0 0 0 0 0 0 0 0 0 0 0 0 0 0 0 0
    0 0 0 0 0 0 0 0 0 0 0 0 0 0 0 0 0 0 0 0 0 0 0 0 0 0 0 0 0 0 0 0 0 0
    0 0 0 0 0 0 0 0 0 0 0 0 0 0 0 0 0 0 0 0 0 0 0 0 0 0 0 0 0 0 0 0 0 0
    0 0 0 0 0 0 0 0 0 0 0 0 0 0 0 0 0 0 0 0 0 0 0 0 0 0 0 0 0 0 0 0 0 0
    0 0 0 0 0 0 0 0 0 0 0 0 0 0 0 0 0 0 0 0 0 0 0 0 0 0 0 0 0 0 0 0 0 0
    0 0 0 0 0 0 0 0 0 0 0 0 0 0 0 0 0 0 0 0 0 0 0 0 0 0 0 0 0 0 0 0 0 0
    0 0 0 0 0 0 0 0 0 0 0 0 0 0 0 0 0 0 0 0 0 0 0 0 0 0 0 0 0 0 0 0 0 0
    0 0 0 0 0 0 0 0 0 0 0 0 0 0 0 0 0 0 0 0 0 0 0 0 0 0 0 0 0 0 0 0 0 0
    0 0 0 0 0 0 0 0 0 0 0 0 0 0 0 0 0 0 0 0 0 0 0 0 0 0 0 0 0 0 0 0 0 0
    0 0 0 0 0 0 0 0 0 0 0 0 0 0 0 0 0 0 0 0 0 0 0 0 0 0 0 0 0 0 0 0 0 0
    0 0 0 0 0 0 0 0 0 0 0 0 0 0 0 0 0 0 0 0 0 0 0 0 0 0 0 0 0 0 0 0 0 0
    0 0 0 0 0 0 0 0 0 0 0 0 0 0 0 0 0 0 0 0 0 0 0 0 0 0 0 0 0 0 0 0 0 0
    0 0 0 0 0 0 0 0 0 0 0 0 0 0 0 0 0 0 0 0 0 0 0 0 0 0 0 0 0 0 0 0 0 0
    0 0 0 0 0 0 0 0 0 0 0 0 0 0 0 0 0 0 0 0 0 0 0 0 0 0 0 0 0 0 0 0 0 0
    0 0 0 0 0 0 0 0 0 0 0 0 0 0 0 0 0 0 0 0 0 0 0 0 0 0 0 0 0 0 0 0 0 0
    0 0 0 0 0 0 0 0 0 0 0 0 0 0 0 0 0 0 0 0 0 0 0 0 0 0 0 0 0 0 0 0 0 0
    0 0 0 0 0 0 0 0 0 0 0 0 0 0 0 0 0 0 0 0 0 0 0 0 0 0 0 0 0 0 0 0 0 0
    0 0 0 0 0 0 0 0 0 0 0 0 0 0 0 0 0 0 0 0 0 0 0 0 0 0 0 0 0 0 0 0 0 0
    0 0 0 0 0 0 0 0 0 0 0 0 0 0 0 0 0 0 0 0 0 0 0 0 0 0 0 0 0 0 0 0 0 0
    0 0 0 0 0 0 0 0 0 0 0 0 0 0 0 0 0 0 0 0 0 0 0 0 0 0 0 0 0 0 0 0 0 0
    0 0 0 0 0 0 0 0 0 0 0 0 0 0 0 0 0 0 0 0 0 0 0 0 0 0 0 0 0 0 0 0 0 0
    0 0 0 0 0 0 0 0 0 0 0 0 0 0 0 0 0 0 0 0 0 0 0 0 0 0 0 0 0 0 0 0 0 0
    0 0 0 0 0 0 0 0 0 0 0 0 0 0 0 0 0 0 0 0 0 0 0 0 0 0 0 0 0 0 0 0 0 0
    0 0 0 0 0 0 0 0 0 0 0 0 0 0 0 0 0 0 0 0 0 0 0 0 0 0 0 0 0 0 0 0 0 0
    0 0 0 0 0 0 0 0 0 0 0 0 0 0 0 0 0 0 0 0 0 0 0 0 0 0 0 0 0 0 0 0 0 0
    0 0 0 0 0 0 0 0 0 0 0 0 0 0 0 0 0 0 0 0 0 0 0 0 0 0 0 0 0 0 0 0 0 0
    0 0 0 0 0 0 0 0 0 0 0 0 0 0 0 0 0 0 0 0 0 0 0 0 0 0 0 0 0 0 0 0 0 0
    0 0 0 0 0 0 0 0 0 0 0 0 0 0 0 0 0 0 0 0 0 0 0 0 0 0 0 0 0 0 0 0 0 0
    0 0 0 0 0 0 0 0 0 0 0 0 0 0 0 0 0 0 0 0 0 0 0 0 0 0 0 0 0 0 0 0 0 0
    0 0 0 0 0 0 0 0 0 0 0 0 0 0 0 0 0 0 0 0 0 0 0 0 0 0 0 0 0 0 0 0 0 0
    0 0 0 0 0 0 0 0 0 0 0 0 0 0 0 0 0 0 0 0 0 0 0 0 0 0 0 0 0 0 0 0 0 0
    0 0 0 0 0 0 0 0 0 0 0 0 0 0 0 0 0 0 0 0 0 0 0 0 0 0 0 0 0 0 0 0 0 0
    0 0 0 0 0 0 0 0 0 0 0 0 0 0 0 0 0 0 0 0 0 0 0 0 0 0 0 0 0 0 0 0 0 0
    0 0 0 0 0 0 0 0 0 0 0 0 0 0 0 0 0 0 0 0 0 0 0 0 0 0 0 0 0 0 0 0 0 0
    0 0 0 0 0 0 0 0 0 0 0 0 0 0 0 0 0 0 0 0 0 0 0 0 0 0 0 0 0 0 0 0 0 0
    0 0 0 0 0 0 0 0 0 0 0 0 0 0 0 0 0 0 0 0 0 0 0 0 0 0 0 0 0 0 0 0 0 0
    0 0 0 0 0 0 0 0 0 0 0 0 0 0 0 0 0 0 0 0 0 0 0 0 0 0 0 0 0 0 0 0 0 0
    0 0 0 0 0 0 0 0 0 0 0 0 0 0 0 0 0 0 0 0 0 0 0 0 0 0 0 0 0 0 0 0 0 0
    0 0 0 0 0 0 0 0 0 0 0 0 0 0 0 0 0 0 0 0 0 0 0 0 0 0 0 0 0 0 0 0 0 0
    0 0 0 0 0 0 0 0 0 0 0 0 0 0 0 0 0 0 0 0 0 0 0 0 0 0 0 0 0 0 0 0 0 0
    0 0 0 0 0 0 0 0 0 0 0 0 0 0 0 0 0 0 0 0 0 0 0 0 0 0 0 0 0 0 0 0 0 0
    0 0 0 0 0 0 0 0 0 0 0 0 0 0 0 0 0 0 0 0 0 0 0 0 0 0 0 0 0 0 0 0 0 0
    0 0 0 0 0 0 0 0 0 0 0 0 0 0 0 0 0 0 0 0 0 0 0 0 0 0 0 0 0 0 0 0 0 0
    0 0 0 0 0 0 0 0 0 0 0 0 0 0 0 0 0 0 0 0 0 0 0 0 0 0 0 0 0 0 0 0 0 0
    0 0 0 0 0 0 0 0 0 0 0 0 0 0 0 0 0 0 0 0 0 0 0 0 0 0 0 0 0 0 0 0 0 0
    0 0 0 0 0 0 0 0 0 0 0 0 0 0 0 0 0 0 0 0 0 0 0 0 0 0 0 0 0 0 0 0 0 0
    0 0 0 0 0 0 0 0 0 0 0 0 0 0 0 0 0 0 0 0 0 0 0 0 0 0 0 0 0 0 0 0 0 0
    0 0 0 0 0 0 0 0 0 0 0 0 0 0 0 0 0 0 0 0 0 0 0 0 0 0 0 0 0 0 0 0 0 0
    0 0 0 0 0 0 0 0 0 0 0 0 0 0 0 0 0 0 0 0 0 0 0 0 0 0 0 0 0 0 0 0 0 0
    0 0 0 0 0 0 0 0 0 0 0 0 0 0 0 0 0 0 0 0 0 0 0 0 0 0 0 0 0 0 0 0 0 0
    0 0 0 0 0 0 0 0 0 0 0 0 0 0 0 0 0 0 0 0 0 0 0 0 0 0 0 0 0 0 0 0 0 0
    0 0 0 0 0 0 0 0 0 0 0 0 0 0 0 0 0 0 0 0 0 0 0 0 0 0 0 0 0 0 0 0 0 0
    0 0 0 0 0 0 0 0 0 0 0 0 0 0 0 0 0 0 0 0 0 0 0 0 0 0 0 0 0 0 0 0 0 0
    0 0 0 0 0 0 0 0 0 0 0 0 0 0 0 0 0 0 0 0 0 0 0 0 0 0 0 0 0 0 0 0 0 0
    0 0 0 0 0 0 0 0 0 0 0 0 0 0 0 0 0 0 0 0 0 0 0 0 0 0 0 0 0 0 0 0 0 0
    0 0 0 0 0 0 0 0 0 0 0 0 0 0 0 0 0 0 0 0 0 0 0 0 0 0 0 0 0 0 0 0 0 0
    0 0 0 0 0 0 0 0 0 0 0 0 0 0 0 0 0 0 0 0 0 0 0 0 0 0 0 0 0 0 0 0 0 0
    0 0 0 0 0 0 0 0 0 0 0 0 0 0 0 0 0 0 0 0 0 0 0 0 0 0 0 0 0 0 0 0 0 0
    0 0 0 0 0 0 0 0 0 0 0 0 0 0 0 0 0 0 0 0 0 0 0 0 0 0 0 0 0 0 0 0 0 0
    0 0 0 0 0 0 0 0 0 0 0 0 0 0 0 0 0 0 0 0 0 0 0 0 0 0 0 0 0 0 0 0 0 0
    0 0 0 0 0 0 0 0 0 0 0 0 0 0 0 0 0 0 0 0 0 0 0 0 0 0 0 0 0 0 0 0 0 0
    0 0 0 0 0 0 0 0 0 0 0 0 0 0 0 0 0 0 0 0 0 0 0 0 0 0 0 0 0 0 0 0 0 0
    0 0 0 0 0 0 0 0 0 0 0 0 0 0 0 0 0 0 0 0 0 0 0 0 0 0 0 0 0 0 0 0 0 0
    0 0 0 0 0 0 0 0 0 0 0 0 0 0 0 0 0 0 0 0 0 0 0 0 0 0 0 0 0 0 0 0 0 0
    0 0 0 0 0 0 0 0 0 0 0 0 0 0 0 0 0 0 0 0 0 0 0 0 0 0 0 0 0 0 0 0 0 0
    0 0 0 0 0 0 0 0 0 0 0 0 0 0 0 0 0 0 0 0 0 0 0 0 0 0 0 0 0 0 0 0 0 0
    0 0 0 0 0 0 0 0 0 0 0 0 0 0 0 0 0 0 0 0 0 0 0 0 0 0 0 0 0 0 0 0 0 0
    0 0 0 0 0 0 0 0 0 0 0 0 0 0 0 0 0 0 0 0 0 0 0 0 0 0 0 0 0 0 0 0 0 0
    0 0 0 0 0 0 0 0 0 0 0 0 0 0 0 0 0 0 0 0 0 0 0 0 0 0 0 0 0 0 0 0 0 0
    0 0 0 0 0 0 0 0 0 0 0 0 0 0 0 0 0 0 0 0 0 0 0 0 0 0 0 0 0 0 0 0 0 0
    0 0 0 0 0 0 0 0 0 0 0 0 0 0 0 0 0 0 0 0 0 0 0 0 0 0 0 0 0 0 0 0 0 0
    0 0 0 0 0 0 0 0 0 0 0 0 0 0 0 0 0 0 0 0 0 0 0 0 0 0 0 0 0 0 0 0 0 0
    0 0 0 0 0 0 0 0 0 0 0 0 0 0 0 0 0 0 0 0 0 0 0 0 0 0 0 0 0 0 0 0 0 0
    0 0 0 0 0 0 0 0 0 0 0 0 0 0 0 0 0 0 0 0 0 0 0 0 0 0 0 0 0 0 0 0 0 0
    0 0 0 0 0 0 0 0 0 0 0 0 0 0 0 0 0 0 0 0 0 0 0 0 0 0 0 0 0 0 0 0 0 0
    0 0 0 0 0 0 0 0 0 0 0 0 0 0 0 0 0 0 0 0 0 0 0 0 0 0 0 0 0 0 0 0 0 0
    0 0 0 0 0 0 0 0 0 0 0 0 0 0 0 0 0 0 0 0 0 0 0 0 0 0 0 0 0 0 0 0 0 0
    0 0 0 0 0 0 0 0 0 0 0 0 0 0 0 0 0 0 0 0 0 0 0 0 0 0 0 0 0 0 0 0 0 0
    0 0 0 0 0 0 0 0 0 0 0 0 0 0 0 0 0 0 0 0 0 0 0 0 0 0 0 0 0 0 0 0 0 0
    0 0 0 0 0 0 0 0 0 0 0 0 0 0 0 0 0 0 0 0 0 0 0 0 0 0 0 0 0 0 0 0 0 0
    0 0 0 0 0 0 0 0 0 0 0 0 0 0 0 0 0 0 0 0 0 0 0 0 0 0 0 0 0 0 0 0 0 0
    0 0 0 0 0 0 0 0 0 0 0 0 0 0 0 0 0 0 0 0 0 0 0 0 0 0 0 0 0 0 0 0 0 0
    0 0 0 0 0 0 0 0 0 0 0 0 0 0 0 0 0 0 0 0 0 0 0 0 0 0 0 0 0 0 0 0 0 0
    0 0 0 0 0 0 0 0 0 0 0 0 0 0 0 0 0 0 0 0 0 0 0 0 0 0 0 0 0 0 0 0 0 0
    0 0 0 0 0 0 0 0 0 0 0 0 0 0 0 0 0 0 0 0 0 0 0 0 0 0 0 0 0 0 0 0 0 0
    0 0 0 0 0 0 0 0 0 0 0 0 0 0 0 0 0 0 0 0 0 0 0 0 0 0 0 0 0 0 0 0 0 0
    0 0 0 0 0 0 0 0 0 0 0 0 0 0 0 0 0 0 0 0 0 0 0 0 0 0 0 0 0 0 0 0 0 0
    0 0 0 0 0 0 0 0 0 0 0 0 0 0 0 0 0 0 0 0 0 0 0 0 0 0 0 0 0 0 0 0 0 0
    0 0 0 0 0 0 0 0 0 0 0 0 0 0 0 0 0 0 0 0 0 0 0 0 0 0 0 0 0 0 0 0 0 0
    0 0 0 0 0 0 0 0 0 0 0 0 0 0 0 0 0 0 0 0 0 0 0 0 0 0 0 0 0 0 0 0 0 0
    0 0 0 0 0 0 0 0 0 0 0 0 0 0 0 0 0 0 0 0 0 0 0 0 0 0 0 0 0 0 0 0 0 0
    0 0 0 0 0 0 0 0 0 0 0 0 0 0 0 0 0 0 0 0 0 0 0 0 0 0 0 0 0 0 0 0 0 0
    0 0 0 0 0 0 0 0 0 0 0 0 0 0 0 0 0 0 0 0 0 0 0 0 0 0 0 0 0 0 0 0 0 0
    0 0 0 0 0 0 0 0 0 0 0 0 0 0 0 0 0 0 0 0 0 0 0 0 0 0 0 0 0 0 0 0 0 0
    0 0 0 0 0 0 0 0 0 0 0 0 0 0 0 0 0 0 0 0 0 0 0 0 0 0 0 0 0 0 0 0 0 0
    0 0 0 0 0 0 0 0 0 0 0 0 0 0 0 0 0 0 0 0 0 0 0 0 0 0 0 0 0 0 0 0 0 0
    0 0 0 0 0 0 0 0 0 0 0 0 0 0 0 0 0 0 0 0 0 0 0 0 0 0 0 0 0 0 0 0 0 0
    0 0 0 0 0 0 0 0 0 0 0 0 0 0 0 0 0 0 0 0 0 0 0 0 0 0 0 0 0 0 0 0 0 0
    0 0 0 0 0 0 0 0 0 0 0 0 0 0 0 0 0 0 0 0 0 0 0 0 0 0 0 0 0 0 0 0 0 0
    0 0 0 0 0 0 0 0 0 0 0 0 0 0 0 0 0 0 0 0 0 0 0 0 0 0 0 0 0 0 0 0 0 0
    0 0 0 0 0 0 0 0 0 0 0 0 0 0 0 0 0 0 0 0 0 0 0 0 0 0 0 0 0 0 0 0 0 0
    0 0 0 0 0 0 0 0 0 0 0 0 0 0 0 0 0 0 0 0 0 0 0 0 0 0 0 0 0 0 0 0 0 0
    0 0 0 0 0 0 0 0 0 0 0 0 0 0 0 0 0 0 0 0 0 0 0 0 0 0 0 0 0 0 0 0 0 0
    0 0 0 0 0 0 0 0 0 0 0 0 0 0 0 0 0 0 0 0 0 0 0 0 0 0 0 0 0 0 0 0 0 0
    0 0 0 0 0 0 0 0 0 0 0 0 0 0 0 0 0 0 0 0 0 0 0 0 0 0 0 0 0 0 0 0 0 0
    0 0 0 0 0 0 0 0 0 0 0 0 0 0 0 0 0 0 0 0 0 0 0 0 0 0 0 0 0 0 0 0 0 0
    0 0 0 0 0 0 0 0 0 0 0 0 0 0 0 0 0 0 0 0 0 0 0 0 0 0 0 0 0 0 0 0 0 0
    0 0 0 0 0 0 0 0 0 0 0 0 0 0 0 0 0 0 0 0 0 0 0 0 0 0 0 0 0 0 0 0 0 0
    0 0 0 0 0 0 0 0 0 0 0 0 0 0 0 0 0 0 0 0 0 0 0 0 0 0 0 0 0 0 0 0 0 0
    0 0 0 0 0 0 0 0 0 0 0 0 0 0 0 0 0 0 0 0 0 0 0 0 0 0 0 0 0 0 0 0 0 0
    0 0 0 0 0 0 0 0 0 0 0 0 0 0 0 0 0 0 0 0 0 0 0 0 0 0 0 0 0 0 0 0 0 0
    0 0 0 0 0 0 0 0 0 0 0 0 0 0 0 0 0 0 0 0 0 0 0 0 0 0 0 0 0 0 0 0 0 0
    0 0 0 0 0 0 0 0 0 0 0 0 0 0 0 0 0 0 0 0 0 0 0 0 0 0 0 0 0 0 0 0 0 0
    0 255 255 255 255 255 255 255 255 255 255 255 255 255 255 255 255
    255 255 255 255 255 255 255 0 0 0 0 0 0 0 0 0 0 0 0 0 0 0 0 0 0 0 0
    0 0 0 0 0 0 0 0 0 0 0 0 0 0 0 0 0 0 0 0 0 0 0 0 0 0 0 0 0 0 0 0 0 0
    0 0 0 0 0 0 0 0 0 0 0 0 0 0 0 0 0 0 0 0 0 0 0 0 0 0 0 0 0 0 0 0 0 0
    0 0 0 0 0 0 0 0 0 0 0 0 0 0 0 0 0 0 0 0 0 0 0 0 0 0 0 0 0 0 0 0 0 0
    0 0 0 0 0 0 0 0 0 0 0 0 0 0 0 0 0 0 0 0 0 0 0 0 0 0 0 0 0 0 0 0 0 0
    0 0 0 0 0 0 0 0 0 0 0 0 0 0 0 0 0 0 0 0 0 0 0 0 0 0 0 0 0 0 0 0 0 0
    0 0 0 0 0 0 0 0 0 0 0 0 0 0 0 0 0 0 0 0 0 0 0 0 0 0 0 0 0 0 0 0 0 0
    0 0 0 0 0 255 255 255 255 255 255 255 255 255 255 255 255 255 255
    255 0 0 255 255 255 255 255 255 255 255 255 255 255 255 255 255 0 0
    0 0 0 0 0 0 0 0 0 0 0 0 0 0 0 0 0 0 0 0 0 0 0 0 0 0 0 0 0 0 0 0 0 0
    0 0 0 0 0 0 0 0 0 0 0 0 0 0 0 0 0 0 0 0 0 0 0 0 0 0 0 0 0 0 0 0 0 0
    0 0 0 0 0 0 0 0 0 0 0 0 0 0 0 0 0 0 0 0 0 0 0 0 0 0 0 0 0 0 0 0 0 0
    0 0 0 0 0 0 0 0 0 0 0 0 0 0 0 0 0 0 0 0 0 0 0 0 0 0 0 0 0 0 0 0 0 0
    0 0 0 0 0 0 0 0 0 0 0 0 0 0 0 0 0 0 0 0 0 0 0 0 0 0 0 0 0 0 0 0 0 0
    0 0 0 0 0 0 0 0 0 0 0 0 0 0 0 0 0 0 0 0 0 0 0 0 0 0 0 0 0 0 0 0 0 0
    0 0 0 0 0 0 0 0 0 0 0 0 0 0 0 255 255 255 255 255 255 255 255 0 0 0
    0 0 0 0 0 0 0 0 0 0 0 0 0 0 0 0 0 0 0 0 0 255 255 255 255 255 255 0
    0 0 0 0 0 0 0 0 0 0 0 0 0 0 0 0 0 0 0 0 0 0 0 0 0 0 0 0 0 0 0 0 0 0
    0 0 0 0 0 0 0 0 0 0 0 0 0 0 0 0 0 0 0 0 0 0 0 0 0 0 0 0 0 0 0 0 0 0
    0 0 0 0 0 0 0 0 0 0 0 0 0 0 0 0 0 0 0 0 0 0 0 0 0 0 0 0 0 0 0 0 0 0
    0 0 0 0 0 0 0 0 0 0 0 0 0 0 0 0 0 0 0 0 0 0 0 0 0 0 0 0 0 0 0 0 0 0
    0 0 0 0 0 0 0 0 0 0 0 0 0 0 0 0 0 0 0 0 0 0 0 0 0 0 0 0 0 0 0 0 0 0
    0 0 0 0 0 0 0 0 0 0 0 0 0 0 0 0 0 0 0 0 0 0 0 0 0 0 0 0 0 0 0 0 0 0
    0 0 0 0 0 0 0 0 0 0 255 255 255 255 255 255 0 0 0 0 0 0 0 0 0 0 0 0
    0 0 0 0 0 0 0 0 0 0 0 0 0 0 0 0 0 0 0 0 0 255 255 255 255 255 255 0
    0 0 0 0 0 0 0 0 0 0 0 0 0 0 0 0 0 0 0 0 0 0 0 0 0 0 0 0 0 0 0 0 0 0
    0 0 0 0 0 0 0 0 0 0 0 0 0 0 0 0 0 0 0 0 0 0 0 0 0 0 0 0 0 0 0 0 0 0
    0 0 0 0 0 0 0 0 0 0 0 0 0 0 0 0 0 0 0 0 0 0 0 0 0 0 0 0 0 0 0 0 0 0
    0 0 0 0 0 0 0 0 0 0 0 0 0 0 0 0 0 0 0 0 0 0 0 0 0 0 0 0 0 0 0 0 0 0
    0 0 0 0 0 0 0 0 0 0 0 0 0 0 0 0 0 0 0 0 0 0 0 0 0 0 0 0 0 0 0 0 0 0
    0 0 0 0 0 0 0 0 0 0 0 0 0 0 0 0 0 0 0 0 0 0 0 0 0 0 0 0 0 0 0 0 0 0
    0 0 0 0 255 255 255 255 255 0 0 0 0 0 0 0 0 0 0 0 0 0 0 0 0 0 0 0 0
    0 0 0 0 0 0 0 0 0 0 0 0 0 0 0 0 0 0 0 0 255 255 255 255 0 0 0 0 0 0
    0 0 0 0 0 0 0 0 0 0 0 0 0 0 0 0 0 0 0 0 0 0 0 0 0 0 0 0 0 0 0 0 0 0
    0 0 0 0 0 0 0 0 0 0 0 0 0 0 0 0 0 0 0 0 0 0 0 0 0 0 0 0 0 0 0 0 0 0
    0 0 0 0 0 0 0 0 0 0 0 0 0 0 0 0 0 0 0 0 0 0 0 0 0 0 0 0 0 0 0 0 0 0
    0 0 0 0 0 0 0 0 0 0 0 0 0 0 0 0 0 0 0 0 0 0 0 0 0 0 0 0 0 0 0 0 0 0
    0 0 0 0 0 0 0 0 0 0 0 0 0 0 0 0 0 0 0 0 0 0 0 0 0 0 0 0 0 0 0 0 0 0
    0 0 0 0 0 0 0 0 0 0 0 0 0 0 0 0 0 0 0 0 0 0 0 0 0 0 0 0 255 255 255
    255 255 0 0 0 0 0 0 0 0 0 0 0 0 0 0 0 0 0 0 0 0 0 0 0 0 0 0 0 0 0 0
    0 0 0 0 0 0 0 0 0 0 0 0 0 0 0 255 255 255 255 255 0 0 0 0 0 0 0 0 0
    0 0 0 0 0 0 0 0 0 0 0 0 0 0 0 0 0 0 0 0 0 0 0 0 0 0 0 0 0 0 0 0 0 0
    0 0 0 0 0 0 0 0 0 0 0 0 0 0 0 0 0 0 0 0 0 0 0 0 0 0 0 0 0 0 0 0 0 0
    0 0 0 0 0 0 0 0 0 0 0 0 0 0 0 0 0 0 0 0 0 0 0 0 0 0 0 0 0 0 0 0 0 0
    0 0 0 0 0 0 0 0 0 0 0 0 0 0 0 0 0 0 0 0 0 0 0 0 0 0 0 0 0 0 0 0 0 0
    0 0 0 0 0 0 0 0 0 0 0 0 0 0 0 0 0 0 0 0 0 0 0 0 0 0 0 0 0 0 0 0 0 0
    0 0 0 0 0 0 0 0 0 0 0 0 0 0 0 0 0 0 0 0 255 255 255 255 255 0 0 0 0
    0 0 0 0 0 0 0 0 0 0 0 0 0 0 0 0 0 0 0 0 0 0 0 0 0 0 0 0 0 0 0 0 0 0
    0 0 0 0 0 0 0 0 0 0 0 0 255 255 255 255 0 0 0 0 0 0 0 0 0 0 0 0 0 0
    0 0 0 0 0 0 0 0 0 0 0 0 0 0 0 0 0 0 0 0 0 0 0 0 0 0 0 0 0 0 0 0 0 0
    0 0 0 0 0 0 0 0 0 0 0 0 0 0 0 0 0 0 0 0 0 0 0 0 0 0 0 0 0 0 0 0 0 0
    0 0 0 0 0 0 0 0 0 0 0 0 0 0 0 0 0 0 0 0 0 0 0 0 0 0 0 0 0 0 0 0 0 0
    0 0 0 0 0 0 0 0 0 0 0 0 0 0 0 0 0 0 0 0 0 0 0 0 0 0 0 0 0 0 0 0 0 0
    0 0 0 0 0 0 0 0 0 0 0 0 0 0 0 0 0 0 0 0 0 0 0 0 0 0 0 0 0 0 0 0 0 0
    0 0 0 0 0 0 0 0 0 0 0 0 255 255 255 0 0 0 0 0 0 0 0 0 0 0 0 0 0 0 0
    0 0 0 0 0 0 0 0 0 0 0 0 0 0 0 0 0 0 0 0 0 0 0 0 0 0 0 0 0 0 0 0 0 0
    0 0 0 0 0 255 255 255 0 0 0 0 0 0 0 0 0 0 0 0 0 0 0 0 0 0 0 0 0 0 0
    0 0 0 0 0 0 0 0 0 0 0 0 0 0 0 0 0 0 0 0 0 0 0 0 0 0 0 0 0 0 0 0 0 0
    0 0 0 0 0 0 0 0 0 0 0 0 0 0 0 0 0 0 0 0 0 0 0 0 0 0 0 0 0 0 0 0 0 0
    0 0 0 0 0 0 0 0 0 0 0 0 0 0 0 0 0 0 0 0 0 0 0 0 0 0 0 0 0 0 0 0 0 0
    0 0 0 0 0 0 0 0 0 0 0 0 0 0 0 0 0 0 0 0 0 0 0 0 0 0 0 0 0 0 0 0 0 0
    0 0 0 0 0 0 0 0 0 0 0 0 0 0 0 0 0 0 0 0 0 0 0 0 0 0 0 0 0 0 0 0 0 0
    255 255 255 0 0 0 0 0 0 0 0 0 0 0 0 0 0 0 0 0 0 0 0 0 0 0 0 0 0 0 0
    0 0 0 0 0 0 0 0 0 0 0 0 0 0 0 0 0 0 0 0 0 0 0 0 0 0 0 0 0 0 0 255
    255 255 0 0 0 0 0 0 0 0 0 0 0 0 0 0 0 0 0 0 0 0 0 0 0 0 0 0 0 0 0 0
    0 0 0 0 0 0 0 0 0 0 0 0 0 0 0 0 0 0 0 0 0 0 0 0 0 0 0 0 0 0 0 0 0 0
    0 0 0 0 0 0 0 0 0 0 0 0 0 0 0 0 0 0 0 0 0 0 0 0 0 0 0 0 0 0 0 0 0 0
    0 0 0 0 0 0 0 0 0 0 0 0 0 0 0 0 0 0 0 0 0 0 0 0 0 0 0 0 0 0 0 0 0 0
    0 0 0 0 0 0 0 0 0 0 0 0 0 0 0 0 0 0 0 0 0 0 0 0 0 0 0 0 0 0 0 0 0 0
    0 0 0 0 0 0 0 0 0 0 0 0 0 0 0 0 0 0 0 0 0 0 0 255 255 255 255 0 0 0
    0 0 0 0 0 0 0 0 0 0 0 0 0 0 0 0 0 0 0 0 0 0 0 0 0 0 0 0 0 0 0 0 0 0
    0 0 0 0 0 0 0 0 0 0 0 0 0 0 0 0 0 0 0 0 0 0 0 0 255 255 255 255 0 0
    0 0 0 0 0 0 0 0 0 0 0 0 0 0 0 0 0 0 0 0 0 0 0 0 0 0 0 0 0 0 0 0 0 0
    0 0 0 0 0 0 0 0 0 0 0 0 0 0 0 0 0 0 0 0 0 0 0 0 0 0 0 0 0 0 0 0 0 0
    0 0 0 0 0 0 0 0 0 0 0 0 0 0 0 0 0 0 0 0 0 0 0 0 0 0 0 0 0 0 0 0 0 0
    0 0 0 0 0 0 0 0 0 0 0 0 0 0 0 0 0 0 0 0 0 0 0 0 0 0 0 0 0 0 0 0 0 0
    0 0 0 0 0 0 0 0 0 0 0 0 0 0 0 0 0 0 0 0 0 0 0 0 0 0 0 0 0 0 0 0 0 0
    0 0 0 0 0 0 0 0 0 0 0 0 0 0 255 255 255 0 0 0 0 0 0 0 0 0 0 0 0 0 0
    0 0 0 0 0 0 0 0 0 0 0 0 0 0 0 0 0 0 0 0 0 0 0 0 0 0 0 0 0 0 0 0 0 0
    0 0 0 0 0 0 0 0 0 0 0 0 0 0 0 0 0 255 255 255 0 0 0 0 0 0 0 0 0 0 0
    0 0 0 0 0 0 0 0 0 0 0 0 0 0 0 0 0 0 0 0 0 0 0 0 0 0 0 0 0 0 0 0 0 0
    0 0 0 0 0 0 0 0 0 0 0 0 0 0 0 0 0 0 0 0 0 0 0 0 0 0 0 0 0 0 0 0 0 0
    0 0 0 0 0 0 0 0 0 0 0 0 0 0 0 0 0 0 0 0 0 0 0 0 0 0 0 0 0 0 0 0 0 0
    0 0 0 0 0 0 0 0 0 0 0 0 0 0 0 0 0 0 0 0 0 0 0 0 0 0 0 0 0 0 0 0 0 0
    0 0 0 0 0 0 0 0 0 0 0 0 0 0 0 0 0 0 0 0 0 0 0 0 0 0 0 0 0 0 0 0 0 0
    0 0 255 255 255 0 0 0 0 0 0 0 0 0 0 0 0 0 0 0 0 0 0 0 0 0 0 0 0 0 0
    0 0 0 0 0 0 0 0 0 0 0 0 0 0 0 0 0 0 0 0 0 0 0 0 0 0 0 0 0 0 0 0 0 0
    0 0 0 0 0 0 0 0 0 255 255 255 0 0 0 0 0 0 0 0 0 0 0 0 0 0 0 0 0 0 0
    0 0 0 0 0 0 0 0 0 0 0 0 0 0 0 0 0 0 0 0 0 0 0 0 0 0 0 0 0 0 0 0 0 0
    0 0 0 0 0 0 0 0 0 0 0 0 0 0 0 0 0 0 0 0 0 0 0 0 0 0 0 0 0 0 0 0 0 0
    0 0 0 0 0 0 0 0 0 0 0 0 0 0 0 0 0 0 0 0 0 0 0 0 0 0 0 0 0 0 0 0 0 0
    0 0 0 0 0 0 0 0 0 0 0 0 0 0 0 0 0 0 0 0 0 0 0 0 0 0 0 0 0 0 0 0 0 0
    0 0 0 0 0 0 0 0 0 0 0 0 0 0 0 0 0 0 0 0 0 0 0 0 0 255 255 255 0 0 0
    0 0 0 0 0 0 0 0 0 0 0 0 0 0 0 0 0 0 0 0 0 0 0 0 0 0 0 0 0 0 0 0 0 0
    0 0 0 0 0 0 0 0 0 0 0 0 0 0 0 0 0 0 0 0 0 0 0 0 0 0 0 0 0 0 0 0 0 0
    255 255 255 0 0 0 0 0 0 0 0 0 0 0 0 0 0 0 0 0 0 0 0 0 0 0 0 0 0 0 0
    0 0 0 0 0 0 0 0 0 0 0 0 0 0 0 0 0 0 0 0 0 0 0 0 0 0 0 0 0 0 0 0 0 0
    0 0 0 0 0 0 0 0 0 0 0 0 0 0 0 0 0 0 0 0 0 0 0 0 0 0 0 0 0 0 0 0 0 0
    0 0 0 0 0 0 0 0 0 0 0 0 0 0 0 0 0 0 0 0 0 0 0 0 0 0 0 0 0 0 0 0 0 0
    0 0 0 0 0 0 0 0 0 0 0 0 0 0 0 0 0 0 0 0 0 0 0 0 0 0 0 0 0 0 0 0 0 0
    0 0 0 0 0 0 0 0 0 0 0 0 0 0 255 255 0 0 0 0 0 0 0 0 0 0 0 0 0 0 0 0
    0 0 0 0 0 0 0 0 0 0 0 0 0 0 0 0 0 0 0 0 0 0 0 0 0 0 0 0 0 0 0 0 0 0
    0 0 0 0 0 0 0 0 0 0 0 0 0 0 0 0 0 0 0 0 0 0 0 0 0 255 255 0 0 0 0 0
    0 0 0 0 0 0 0 0 0 0 0 0 0 0 0 0 0 0 0 0 0 0 0 0 0 0 0 0 0 0 0 0 0 0
    0 0 0 0 0 0 0 0 0 0 0 0 0 0 0 0 0 0 0 0 0 0 0 0 0 0 0 0 0 0 0 0 0 0
    0 0 0 0 0 0 0 0 0 0 0 0 0 0 0 0 0 0 0 0 0 0 0 0 0 0 0 0 0 0 0 0 0 0
    0 0 0 0 0 0 0 0 0 0 0 0 0 0 0 0 0 0 0 0 0 0 0 0 0 0 0 0 0 0 0 0 0 0
    0 0 0 0 0 0 0 0 0 0 0 0 0 0 0 0 0 0 0 0 0 0 0 0 0 0 0 0 0 0 0 0 0 0
    255 255 255 0 0 0 0 0 0 0 0 0 0 0 0 0 0 0 0 0 0 0 0 0 0 0 0 0 0 0 0
    0 0 0 0 0 0 0 0 0 0 0 0 0 0 0 0 0 0 0 0 0 0 0 0 0 0 0 0 0 0 0 0 0 0
    0 0 0 0 0 0 0 0 0 0 0 0 0 0 0 255 255 255 0 0 0 0 0 0 0 0 0 0 0 0 0
    0 0 0 0 0 0 0 0 0 0 0 0 0 0 0 0 0 0 0 0 0 0 0 0 0 0 0 0 0 0 0 0 0 0
    0 0 0 0 0 0 0 0 0 0 0 0 0 0 0 0 0 0 0 0 0 0 0 0 0 0 0 0 0 0 0 0 0 0
    0 0 0 0 0 0 0 0 0 0 0 0 0 0 0 0 0 0 0 0 0 0 0 0 0 0 0 0 0 0 0 0 0 0
    0 0 0 0 0 0 0 0 0 0 0 0 0 0 0 0 0 0 0 0 0 0 0 0 0 0 0 0 0 0 0 0 0 0
    0 0 0 0 0 0 0 0 0 0 0 0 0 0 0 0 0 0 0 0 0 0 0 255 255 255 0 0 0 0 0
    0 0 0 0 0 0 0 0 0 0 0 0 0 0 0 0 0 0 0 0 0 0 0 0 0 0 0 0 0 0 0 0 0 0
    0 0 0 0 0 0 0 0 0 0 0 0 0 0 0 0 0 0 0 0 0 0 0 0 0 0 0 0 0 0 0 0 0 0
    0 0 0 0 0 0 255 255 255 0 0 0 0 0 0 0 0 0 0 0 0 0 0 0 0 0 0 0 0 0 0
    0 0 0 0 0 0 0 0 0 0 0 0 0 0 0 0 0 0 0 0 0 0 0 0 0 0 0 0 0 0 0 0 0 0
    0 0 0 0 0 0 0 0 0 0 0 0 0 0 0 0 0 0 0 0 0 0 0 0 0 0 0 0 0 0 0 0 0 0
    0 0 0 0 0 0 0 0 0 0 0 0 0 0 0 0 0 0 0 0 0 0 0 0 0 0 0 0 0 0 0 0 0 0
    0 0 0 0 0 0 0 0 0 0 0 0 0 0 0 0 0 0 0 0 0 0 0 0 0 0 0 0 0 0 0 0 0 0
    0 0 0 0 0 0 0 0 0 0 0 0 255 255 0 0 0 0 0 0 0 0 0 0 0 0 0 0 0 0 0 0
    0 0 0 0 0 0 0 0 0 0 0 0 0 0 0 0 0 0 0 0 0 0 0 0 0 0 0 0 0 0 0 0 0 0
    0 0 0 0 0 0 0 0 0 0 0 0 0 0 0 0 0 0 0 0 0 0 0 0 0 0 0 0 0 0 0 255
    255 0 0 0 0 0 0 0 0 0 0 0 0 0 0 0 0 0 0 0 0 0 0 0 0 0 0 0 0 0 0 0 0
    0 0 0 0 0 0 0 0 0 0 0 0 0 0 0 0 0 0 0 0 0 0 0 0 0 0 0 0 0 0 0 0 0 0
    0 0 0 0 0 0 0 0 0 0 0 0 0 0 0 0 0 0 0 0 0 0 0 0 0 0 0 0 0 0 0 0 0 0
    0 0 0 0 0 0 0 0 0 0 0 0 0 0 0 0 0 0 0 0 0 0 0 0 0 0 0 0 0 0 0 0 0 0
    0 0 0 0 0 0 0 0 0 0 0 0 0 0 0 0 0 0 0 0 0 0 0 0 0 0 0 0 0 0 0 0 0 0
    255 255 0 0 0 0 0 0 0 0 0 0 0 0 0 0 0 0 0 0 0 0 0 0 0 0 0 0 0 0 0 0
    0 0 0 0 0 0 0 0 0 0 0 0 0 0 0 0 0 0 0 0 0 0 0 0 0 0 0 0 0 0 0 0 0 0
    0 0 0 0 0 0 0 0 0 0 0 0 0 0 0 0 0 0 0 0 0 255 255 0 0 0 0 0 0 0 0 0
    0 0 0 0 0 0 0 0 0 0 0 0 0 0 0 0 0 0 0 0 0 0 0 0 0 0 0 0 0 0 0 0 0 0
    0 0 0 0 0 0 0 0 0 0 0 0 0 0 0 0 0 0 0 0 0 0 0 0 0 0 0 0 0 0 0 0 0 0
    0 0 0 0 0 0 0 0 0 0 0 0 0 0 0 0 0 0 0 0 0 0 0 0 0 0 0 0 0 0 0 0 0 0
    0 0 0 0 0 0 0 0 0 0 0 0 0 0 0 0 0 0 0 0 0 0 0 0 0 0 0 0 0 0 0 0 0 0
    0 0 0 0 0 0 0 0 0 0 0 0 0 0 0 0 0 0 0 0 0 255 255 0 0 0 0 0 0 0 0 0
    0 0 0 0 0 0 0 0 0 0 0 0 0 0 0 0 0 0 0 0 0 0 0 0 0 0 0 0 0 0 0 0 0 0
    0 0 0 0 0 0 0 0 0 0 0 0 0 0 0 0 0 0 0 0 0 0 0 0 0 0 0 0 0 0 0 0 0 0
    0 0 0 0 0 0 0 0 0 0 255 255 0 0 0 0 0 0 0 0 0 0 0 0 0 0 0 0 0 0 0 0
    0 0 0 0 0 0 0 0 0 0 0 0 0 0 0 0 0 0 0 0 0 0 0 0 0 0 0 0 0 0 0 0 0 0
    0 0 0 0 0 0 0 0 0 0 0 0 0 0 0 0 0 0 0 0 0 0 0 0 0 0 0 0 0 0 0 0 0 0
    0 0 0 0 0 0 0 0 0 0 0 0 0 0 0 0 0 0 0 0 0 0 0 0 0 0 0 0 0 0 0 0 0 0
    0 0 0 0 0 0 0 0 0 0 0 0 0 0 0 0 0 0 0 0 0 0 0 0 0 0 0 0 0 0 0 0 0 0
    0 0 0 0 0 0 0 0 255 255 0 0 0 0 0 0 0 0 0 0 0 0 0 0 0 0 0 0 0 0 0 0
    0 0 0 0 0 0 0 0 0 0 0 0 0 0 0 0 0 0 0 0 0 0 0 0 0 0 0 0 0 0 0 0 0 0
    0 0 0 0 0 0 0 0 0 0 0 0 0 0 0 0 0 0 0 0 0 0 0 0 0 0 0 0 0 0 0 0 0
    255 255 0 0 0 0 0 0 0 0 0 0 0 0 0 0 0 0 0 0 0 0 0 0 0 0 0 0 0 0 0 0
    0 0 0 0 0 0 0 0 0 0 0 0 0 0 0 0 0 0 0 0 0 0 0 0 0 0 0 0 0 0 0 0 0 0
    0 0 0 0 0 0 0 0 0 0 0 0 0 0 0 0 0 0 0 0 0 0 0 0 0 0 0 0 0 0 0 0 0 0
    0 0 0 0 0 0 0 0 0 0 0 0 0 0 0 0 0 0 0 0 0 0 0 0 0 0 0 0 0 0 0 0 0 0
    0 0 0 0 0 0 0 0 0 0 0 0 0 0 0 0 0 0 0 0 0 0 0 0 0 0 0 0 0 0 255 255
    0 0 0 0 0 0 0 0 0 0 0 0 0 0 0 0 0 0 0 0 0 0 0 0 0 0 0 0 0 0 0 0 0 0
    0 0 0 0 0 0 0 0 0 0 0 0 0 0 0 0 0 0 0 0 0 0 0 0 0 0 0 0 0 0 0 0 0 0
    0 0 0 0 0 0 0 0 0 0 0 0 0 0 0 0 0 0 0 0 0 0 0 255 255 0 0 0 0 0 0 0
    0 0 0 0 0 0 0 0 0 0 0 0 0 0 0 0 0 0 0 0 0 0 0 0 0 0 0 0 0 0 0 0 0 0
    0 0 0 0 0 0 0 0 0 0 0 0 0 0 0 0 0 0 0 0 0 0 0 0 0 0 0 0 0 0 0 0 0 0
    0 0 0 0 0 0 0 0 0 0 0 0 0 0 0 0 0 0 0 0 0 0 0 0 0 0 0 0 0 0 0 0 0 0
    0 0 0 0 0 0 0 0 0 0 0 0 0 0 0 0 0 0 0 0 0 0 0 0 0 0 0 0 0 0 0 0 0 0
    0 0 0 0 0 0 0 0 0 0 0 0 0 0 0 0 0 255 255 0 0 0 0 0 0 0 0 0 0 0 0 0
    0 0 0 0 0 0 0 0 0 0 0 0 0 0 0 0 0 0 0 0 0 0 0 0 0 0 0 0 0 0 0 0 0 0
    0 0 0 0 0 0 0 0 0 0 0 0 0 0 0 0 0 0 0 0 0 0 0 0 0 0 0 0 0 0 0 0 0 0
    0 0 0 0 0 0 0 0 0 0 0 0 255 255 0 0 0 0 0 0 0 0 0 0 0 0 0 0 0 0 0 0
    0 0 0 0 0 0 0 0 0 0 0 0 0 0 0 0 0 0 0 0 0 0 0 0 0 0 0 0 0 0 0 0 0 0
    0 0 0 0 0 0 0 0 0 0 0 0 0 0 0 0 0 0 0 0 0 0 0 0 0 0 0 0 0 0 0 0 0 0
    0 0 0 0 0 0 0 0 0 0 0 0 0 0 0 0 0 0 0 0 0 0 0 0 0 0 0 0 0 0 0 0 0 0
    0 0 0 0 0 0 0 0 0 0 0 0 0 0 0 0 0 0 0 0 0 0 0 0 0 0 0 0 0 0 0 0 0 0
    0 0 0 0 255 255 0 0 0 0 0 0 0 0 0 0 0 0 0 0 0 0 0 0 0 0 0 0 0 0 0 0
    0 0 0 0 0 0 0 0 0 0 0 0 0 0 0 0 0 0 0 0 0 0 0 0 0 0 0 0 0 0 0 0 0 0
    0 0 0 0 0 0 0 0 0 0 0 0 0 0 0 0 0 0 0 0 0 0 0 0 0 0 0 0 0 0 0 0 0 0
    0 255 255 0 0 0 0 0 0 0 0 0 0 0 0 0 0 0 0 0 0 0 0 0 0 0 0 0 0 0 0 0
    0 0 0 0 0 0 0 0 0 0 0 0 0 0 0 0 0 0 0 0 0 0 0 0 0 0 0 0 0 0 0 0 0 0
    0 0 0 0 0 0 0 0 0 0 0 0 0 0 0 0 0 0 0 0 0 0 0 0 0 0 0 0 0 0 0 0 0 0
    0 0 0 0 0 0 0 0 0 0 0 0 0 0 0 0 0 0 0 0 0 0 0 0 0 0 0 0 0 0 0 0 0 0
    0 0 0 0 0 0 0 0 0 0 0 0 0 0 0 0 0 0 0 0 0 0 0 0 0 255 255 0 0 0 0 0
    0 0 0 0 0 0 0 0 0 0 0 0 0 0 0 0 0 0 0 0 0 0 0 0 0 0 0 0 0 0 0 0 0 0
    0 0 0 0 0 0 0 0 0 0 0 0 0 0 0 0 0 0 0 0 0 0 0 0 0 0 0 0 0 0 0 0 0 0
    0 0 0 0 0 0 0 0 0 0 0 0 0 0 0 0 0 0 0 0 0 0 0 0 255 255 0 0 0 0 0 0
    0 0 0 0 0 0 0 0 0 0 0 0 0 0 0 0 0 0 0 0 0 0 0 0 0 0 0 0 0 0 0 0 0 0
    0 0 0 0 0 0 0 0 0 0 0 0 0 0 0 0 0 0 0 0 0 0 0 0 0 0 0 0 0 0 0 0 0 0
    0 0 0 0 0 0 0 0 0 0 0 0 0 0 0 0 0 0 0 0 0 0 0 0 0 0 0 0 0 0 0 0 0 0
    0 0 0 0 0 0 0 0 0 0 0 0 0 0 0 0 0 0 0 0 0 0 0 0 0 0 0 0 0 0 0 0 0 0
    0 0 0 0 0 0 0 0 0 0 0 0 0 255 255 0 0 0 0 0 0 0 0 0 0 0 0 0 0 0 0 0
    0 0 0 0 0 0 0 0 0 0 0 0 0 0 0 0 0 0 0 0 0 0 0 0 0 0 0 0 0 0 0 0 0 0
    0 0 0 0 0 0 0 0 0 0 0 0 0 0 0 0 0 0 0 0 0 0 0 0 0 0 0 0 0 0 0 0 0 0
    0 0 0 0 0 0 0 0 0 0 0 0 255 255 0 0 0 0 0 0 0 0 0 0 0 0 0 0 0 0 0 0
    0 0 0 0 0 0 0 0 0 0 0 0 0 0 0 0 0 0 0 0 0 0 0 0 0 0 0 0 0 0 0 0 0 0
    0 0 0 0 0 0 0 0 0 0 0 0 0 0 0 0 0 0 0 0 0 0 0 0 0 0 0 0 0 0 0 0 0 0
    0 0 0 0 0 0 0 0 0 0 0 0 0 0 0 0 0 0 0 0 0 0 0 0 0 0 0 0 0 0 0 0 0 0
    0 0 0 0 0 0 0 0 0 0 0 0 0 0 0 0 0 0 0 0 0 0 0 0 0 0 0 0 0 0 0 0 0 0
    255 255 0 0 0 0 0 0 0 0 0 0 0 0 0 0 0 0 0 0 0 0 0 0 0 0 0 0 0 0 0 0
    0 0 0 0 0 0 0 0 0 0 0 0 0 0 0 0 0 0 0 0 0 0 0 0 0 0 0 0 0 0 0 0 0 0
    0 0 0 0 0 0 0 0 0 0 0 0 0 0 0 0 0 0 0 0 0 0 0 0 0 0 0 0 0 0 0 0 0 0
    0 255 255 0 0 0 0 0 0 0 0 0 0 0 0 0 0 0 0 0 0 0 0 0 0 0 0 0 0 0 0 0
    0 0 0 0 0 0 0 0 0 0 0 0 0 0 0 0 0 0 0 0 0 0 0 0 0 0 0 0 0 0 0 0 0 0
    0 0 0 0 0 0 0 0 0 0 0 0 0 0 0 0 0 0 0 0 0 0 0 0 0 0 0 0 0 0 0 0 0 0
    0 0 0 0 0 0 0 0 0 0 0 0 0 0 0 0 0 0 0 0 0 0 0 0 0 0 0 0 0 0 0 0 0 0
    0 0 0 0 0 0 0 0 0 0 0 0 0 0 0 0 0 0 0 0 0 255 255 0 0 0 0 0 0 0 0 0
    0 0 0 0 0 0 0 0 0 0 0 0 0 0 0 0 0 0 0 0 0 0 0 0 0 0 0 0 0 0 0 0 0 0
    0 0 0 0 0 0 0 0 0 0 0 0 0 0 0 0 0 0 0 0 0 0 0 0 0 0 0 0 0 0 0 0 0 0
    0 0 0 0 0 0 0 0 0 0 0 0 0 0 0 0 0 0 0 0 0 0 0 0 255 255 0 0 0 0 0 0
    0 0 0 0 0 0 0 0 0 0 0 0 0 0 0 0 0 0 0 0 0 0 0 0 0 0 0 0 0 0 0 0 0 0
    0 0 0 0 0 0 0 0 0 0 0 0 0 0 0 0 0 0 0 0 0 0 0 0 0 0 0 0 0 0 0 0 0 0
    0 0 0 0 0 0 0 0 0 0 0 0 0 0 0 0 0 0 0 0 0 0 0 0 0 0 0 0 0 0 0 0 0 0
    0 0 0 0 0 0 0 0 0 0 0 0 0 0 0 0 0 0 0 0 0 0 0 0 0 0 0 0 0 0 0 0 0 0
    0 0 0 0 0 0 0 0 255 255 0 0 0 0 0 0 0 0 0 0 0 0 0 0 0 0 0 0 0 0 0 0
    0 0 0 0 0 0 0 0 0 0 0 0 0 0 0 0 0 0 0 0 0 0 0 0 0 0 0 0 0 0 0 0 0 0
    0 0 0 0 0 0 0 0 0 0 0 0 0 0 0 0 0 0 0 0 0 0 0 0 0 0 0 0 0 0 0 0 0 0
    0 0 0 0 0 0 0 0 0 0 0 0 0 255 255 0 0 0 0 0 0 0 0 0 0 0 0 0 0 0 0 0
    0 0 0 0 0 0 0 0 0 0 0 0 0 0 0 0 0 0 0 0 0 0 0 0 0 0 0 0 0 0 0 0 0 0
    0 0 0 0 0 0 0 0 0 0 0 0 0 0 0 0 0 0 0 0 0 0 0 0 0 0 0 0 0 0 0 0 0 0
    0 0 0 0 0 0 0 0 0 0 0 0 0 0 0 0 0 0 0 0 0 0 0 0 0 0 0 0 0 0 0 0 0 0
    0 0 0 0 0 0 0 0 0 0 0 0 0 0 0 0 0 0 0 0 0 0 0 0 0 0 0 0 0 0 255 255
    0 0 0 0 0 0 0 0 0 0 0 0 0 0 0 0 0 0 0 0 0 0 0 0 0 0 0 0 0 0 0 0 0 0
    0 0 0 0 0 0 0 0 0 0 0 0 0 0 0 0 0 0 0 0 0 0 0 0 0 0 0 0 0 0 0 0 0 0
    0 0 0 0 0 0 0 0 0 0 0 0 0 0 0 0 0 0 0 0 0 0 0 0 0 0 0 0 0 0 0 0 0 0
    0 255 255 0 0 0 0 0 0 0 0 0 0 0 0 0 0 0 0 0 0 0 0 0 0 0 0 0 0 0 0 0
    0 0 0 0 0 0 0 0 0 0 0 0 0 0 0 0 0 0 0 0 0 0 0 0 0 0 0 0 0 0 0 0 0 0
    0 0 0 0 0 0 0 0 0 0 0 0 0 0 0 0 0 0 0 0 0 0 0 0 0 0 0 0 0 0 0 0 0 0
    0 0 0 0 0 0 0 0 0 0 0 0 0 0 0 0 0 0 0 0 0 0 0 0 0 0 0 0 0 0 0 0 0 0
    0 0 0 0 0 0 0 0 0 0 0 0 0 0 0 0 0 255 255 0 0 0 0 0 0 0 0 0 0 0 0 0
    0 0 0 0 0 0 0 0 0 0 0 0 0 0 0 0 0 0 0 0 0 0 0 0 0 0 0 0 0 0 0 0 0 0
    0 0 0 0 0 0 0 0 0 0 0 0 0 0 0 0 0 0 0 0 0 0 0 0 0 0 0 0 0 0 0 0 0 0
    0 0 0 0 0 0 0 0 0 0 0 0 0 0 0 0 0 0 0 0 0 0 0 0 255 255 0 0 0 0 0 0
    0 0 0 0 0 0 0 0 0 0 0 0 0 0 0 0 0 0 0 0 0 0 0 0 0 0 0 0 0 0 0 0 0 0
    0 0 0 0 0 0 0 0 0 0 0 0 0 0 0 0 0 0 0 0 0 0 0 0 0 0 0 0 0 0 0 0 0 0
    0 0 0 0 0 0 0 0 0 0 0 0 0 0 0 0 0 0 0 0 0 0 0 0 0 0 0 0 0 0 0 0 0 0
    0 0 0 0 0 0 0 0 0 0 0 0 0 0 0 0 0 0 0 0 0 0 0 0 0 0 0 0 0 0 0 0 0 0
    0 0 0 0 255 255 0 0 0 0 0 0 0 0 0 0 0 0 0 0 0 0 0 0 0 0 0 0 0 0 0 0
    0 0 0 0 0 0 0 0 0 0 0 0 0 0 0 0 0 0 0 0 0 0 0 0 0 0 0 0 0 0 0 0 0 0
    0 0 0 0 0 0 0 0 0 0 0 0 0 0 0 0 0 0 0 0 0 0 0 0 0 0 0 0 0 0 0 0 0 0
    0 0 0 0 0 0 0 0 0 0 0 0 0 255 255 0 0 0 0 0 0 0 0 0 0 0 0 0 0 0 0 0
    0 0 0 0 0 0 0 0 0 0 0 0 0 0 0 0 0 0 0 0 0 0 0 0 0 0 0 0 0 0 0 0 0 0
    0 0 0 0 0 0 0 0 0 0 0 0 0 0 0 0 0 0 0 0 0 0 0 0 0 0 0 0 0 0 0 0 0 0
    0 0 0 0 0 0 0 0 0 0 0 0 0 0 0 0 0 0 0 0 0 0 0 0 0 0 0 0 0 0 0 0 0 0
    0 0 0 0 0 0 0 0 0 0 0 0 0 0 0 0 0 0 0 0 0 0 0 0 0 0 255 255 0 0 0 0
    0 0 0 0 0 0 0 0 0 0 0 0 0 0 0 0 0 0 0 0 0 0 0 0 0 0 0 0 0 0 0 0 0 0
    0 0 0 0 0 0 0 0 0 0 0 0 0 0 0 0 0 0 0 0 0 0 0 0 0 0 0 0 0 0 0 0 0 0
    0 0 0 0 0 0 0 0 0 0 0 0 0 0 0 0 0 0 0 0 0 0 0 0 0 0 0 0 0 0 0 0 0 0
    0 255 255 0 0 0 0 0 0 0 0 0 0 0 0 0 0 0 0 0 0 0 0 0 0 0 0 0 0 0 0 0
    0 0 0 0 0 0 0 0 0 0 0 0 0 0 0 0 0 0 0 0 0 0 0 0 0 0 0 0 0 0 0 0 0 0
    0 0 0 0 0 0 0 0 0 0 0 0 0 0 0 0 0 0 0 0 0 0 0 0 0 0 0 0 0 0 0 0 0 0
    0 0 0 0 0 0 0 0 0 0 0 0 0 0 0 0 0 0 0 0 0 0 0 0 0 0 0 0 0 0 0 0 0 0
    0 0 0 0 0 0 0 0 0 0 0 0 0 255 255 0 0 0 0 0 0 0 0 0 0 0 0 0 0 0 0 0
    0 0 0 0 0 0 0 0 0 0 0 0 0 0 0 0 0 0 0 0 0 0 0 0 0 0 0 0 0 0 0 0 0 0
    0 0 0 0 0 0 0 0 0 0 0 0 0 0 0 0 0 0 0 0 0 0 0 0 0 0 0 0 0 0 0 0 0 0
    0 0 0 0 0 0 0 0 0 0 0 0 0 0 0 0 0 0 0 0 0 0 0 0 255 255 0 0 0 0 0 0
    0 0 0 0 0 0 0 0 0 0 0 0 0 0 0 0 0 0 0 0 0 0 0 0 0 0 0 0 0 0 0 0 0 0
    0 0 0 0 0 0 0 0 0 0 0 0 0 0 0 0 0 0 0 0 0 0 0 0 0 0 0 0 0 0 0 0 0 0
    0 0 0 0 0 0 0 0 0 0 0 0 0 0 0 0 0 0 0 0 0 0 0 0 0 0 0 0 0 0 0 0 0 0
    0 0 0 0 0 0 0 0 0 0 0 0 0 0 0 0 0 0 0 0 0 0 0 0 0 0 0 0 0 0 0 0 0 0
    0 255 255 0 0 0 0 0 0 0 0 0 0 0 0 0 0 0 0 0 0 0 0 0 0 0 0 0 0 0 0 0
    0 0 0 0 0 0 0 0 0 0 0 0 0 0 0 0 0 0 0 0 0 0 0 0 0 0 0 0 0 0 0 0 0 0
    0 0 0 0 0 0 0 0 0 0 0 0 0 0 0 0 0 0 0 0 0 0 0 0 0 0 0 0 0 0 0 0 0 0
    0 0 0 0 0 0 0 0 0 0 0 0 255 255 0 0 0 0 0 0 0 0 0 0 0 0 0 0 0 0 0 0
    0 0 0 0 0 0 0 0 0 0 0 0 0 0 0 0 0 0 0 0 0 0 0 0 0 0 0 0 0 0 0 0 0 0
    0 0 0 0 0 0 0 0 0 0 0 0 0 0 0 0 0 0 0 0 0 0 0 0 0 0 0 0 0 0 0 0 0 0
    0 0 0 0 0 0 0 0 0 0 0 0 0 0 0 0 0 0 0 0 0 0 0 0 0 0 0 0 0 0 0 0 0 0
    0 0 0 0 0 0 0 0 0 0 0 0 0 0 0 0 0 0 0 0 0 0 255 255 0 0 0 0 0 0 0 0
    0 0 0 0 0 0 0 0 0 0 0 0 0 0 0 0 0 0 0 0 0 0 0 0 0 0 0 0 0 0 0 0 0 0
    0 0 0 0 0 0 0 0 0 0 0 0 0 0 0 0 0 0 0 0 0 0 0 0 0 0 0 0 0 0 0 0 0 0
    0 0 0 0 0 0 0 0 0 0 0 0 0 0 0 0 0 0 0 0 0 0 0 0 0 0 0 0 0 0 0 0 0 0
    0 255 255 0 0 0 0 0 0 0 0 0 0 0 0 0 0 0 0 0 0 0 0 0 0 0 0 0 0 0 0 0
    0 0 0 0 0 0 0 0 0 0 0 0 0 0 0 0 0 0 0 0 0 0 0 0 0 0 0 0 0 0 0 0 0 0
    0 0 0 0 0 0 0 0 0 0 0 0 0 0 0 0 0 0 0 0 0 0 0 0 0 0 0 0 0 0 0 0 0 0
    0 0 0 0 0 0 0 0 0 0 0 0 0 0 0 0 0 0 0 0 0 0 0 0 0 0 0 0 0 0 0 0 0 0
    0 0 0 0 0 0 0 0 0 255 255 0 0 0 0 0 0 0 0 0 0 0 0 0 0 0 0 0 0 0 0 0
    0 0 0 0 0 0 0 0 0 0 0 0 0 0 0 0 0 0 0 0 0 0 0 0 0 0 0 0 0 0 0 0 0 0
    0 0 0 0 0 0 0 0 0 0 0 0 0 0 0 0 0 0 0 0 0 0 0 0 0 0 0 0 0 0 0 0 0 0
    0 0 0 0 0 0 0 0 0 0 0 0 0 0 0 0 0 0 0 0 0 0 0 0 255 255 0 0 0 0 0 0
    0 0 0 0 0 0 0 0 0 0 0 0 0 0 0 0 0 0 0 0 0 0 0 0 0 0 0 0 0 0 0 0 0 0
    0 0 0 0 0 0 0 0 0 0 0 0 0 0 0 0 0 0 0 0 0 0 0 0 0 0 0 0 0 0 0 0 0 0
    0 0 0 0 0 0 0 0 0 0 0 0 0 0 0 0 0 0 0 0 0 0 0 0 0 0 0 0 0 0 0 0 0 0
    0 0 0 0 0 0 0 0 0 0 0 0 0 0 0 0 0 0 0 0 0 0 0 0 0 0 0 0 0 0 0 255
    255 0 0 0 0 0 0 0 0 0 0 0 0 0 0 0 0 0 0 0 0 0 0 0 0 0 0 0 0 0 0 0 0
    0 0 0 0 0 0 0 0 0 0 0 0 0 0 0 0 0 0 0 0 0 0 0 0 0 0 0 0 0 0 0 0 0 0
    0 0 0 0 0 0 0 0 0 0 0 0 0 0 0 0 0 0 0 0 0 0 0 0 0 0 0 0 0 0 0 0 0 0
    0 0 0 0 0 0 0 0 0 0 0 0 0 255 255 0 0 0 0 0 0 0 0 0 0 0 0 0 0 0 0 0
    0 0 0 0 0 0 0 0 0 0 0 0 0 0 0 0 0 0 0 0 0 0 0 0 0 0 0 0 0 0 0 0 0 0
    0 0 0 0 0 0 0 0 0 0 0 0 0 0 0 0 0 0 0 0 0 0 0 0 0 0 0 0 0 0 0 0 0 0
    0 0 0 0 0 0 0 0 0 0 0 0 0 0 0 0 0 0 0 0 0 0 0 0 0 0 0 0 0 0 0 0 0 0
    0 0 0 0 0 0 0 0 0 0 0 0 0 0 0 0 0 0 0 0 255 0 0 0 0 0 0 0 0 0 0 0 0
    0 0 0 0 0 0 0 0 0 0 0 0 0 0 0 0 0 0 0 0 0 0 0 0 0 0 0 0 0 0 0 0 0 0
    0 0 0 0 0 0 0 0 0 0 0 0 0 0 0 0 0 0 0 0 0 0 0 0 0 0 0 0 0 0 0 0 0 0
    0 0 0 0 0 0 0 0 0 0 0 0 0 0 0 0 0 0 0 0 0 0 0 0 0 0 0 0 0 0 0 0 0 0
    0 255 255 0 0 0 0 0 0 0 0 0 0 0 0 0 0 0 0 0 0 0 0 0 0 0 0 0 0 0 0 0
    0 0 0 0 0 0 0 0 0 0 0 0 0 0 0 0 0 0 0 0 0 0 0 0 0 0 0 0 0 0 0 0 0 0
    0 0 0 0 0 0 0 0 0 0 0 0 0 0 0 0 0 0 0 0 0 0 0 0 0 0 0 0 0 0 0 0 0 0
    0 0 0 0 0 0 0 0 0 0 0 0 0 0 0 0 0 0 0 0 0 0 0 0 0 0 0 0 0 0 0 0 0 0
    0 0 0 0 0 0 255 255 0 0 0 0 0 0 0 0 0 0 0 0 0 0 0 0 0 0 0 0 0 0 0 0
    0 0 0 0 0 0 0 0 0 0 0 0 0 0 0 0 0 0 0 0 0 0 0 0 0 0 0 0 0 0 0 0 0 0
    0 0 0 0 0 0 0 0 0 0 0 0 0 0 0 0 0 0 0 0 0 0 0 0 0 0 0 0 0 0 0 0 0 0
    0 0 0 0 0 0 0 0 0 0 0 0 0 0 0 0 0 0 0 0 0 0 0 255 255 0 0 0 0 0 0 0
    0 0 0 0 0 0 0 0 0 0 0 0 0 0 0 0 0 0 0 0 0 0 0 0 0 0 0 0 0 0 0 0 0 0
    0 0 0 0 0 0 0 0 0 0 0 0 0 0 0 0 0 0 0 0 0 0 0 0 0 0 0 0 0 0 0 0 0 0
    0 0 0 0 0 0 0 0 0 0 0 0 0 0 0 0 0 0 0 0 0 0 0 0 0 0 0 0 0 0 0 0 0 0
    0 0 0 0 0 0 0 0 0 0 0 0 0 0 0 0 0 0 0 0 0 0 0 0 0 0 0 0 255 0 0 0 0
    0 0 0 0 0 0 0 0 0 0 0 0 0 0 0 0 0 0 0 0 0 0 0 0 0 0 0 0 0 0 0 0 0 0
    0 0 0 0 0 0 0 0 0 0 0 0 0 0 0 0 0 0 0 0 0 0 0 0 0 0 0 0 0 0 0 0 0 0
    0 0 0 0 0 0 0 0 0 0 0 0 0 0 0 0 0 0 0 0 0 0 0 0 0 0 0 0 0 0 0 0 0 0
    0 0 0 0 0 0 0 0 0 0 255 255 0 0 0 0 0 0 0 0 0 0 0 0 0 0 0 0 0 0 0 0
    0 0 0 0 0 0 0 0 0 0 0 0 0 0 0 0 0 0 0 0 0 0 0 0 0 0 0 0 0 0 0 0 0 0
    0 0 0 0 0 0 0 0 0 0 0 0 0 0 0 0 0 0 0 0 0 0 0 0 0 0 0 0 0 0 0 0 0 0
    0 0 0 0 0 0 0 0 0 0 0 0 0 0 0 0 0 0 0 0 0 0 0 0 0 0 0 0 0 0 0 0 0 0
    0 0 0 0 0 0 0 0 0 0 0 0 0 0 255 255 0 0 0 0 0 0 0 0 0 0 0 0 0 0 0 0
    0 0 0 0 0 0 0 0 0 0 0 0 0 0 0 0 0 0 0 0 0 0 0 0 0 0 0 0 0 0 0 0 0 0
    0 0 0 0 0 0 0 0 0 0 0 0 0 0 0 0 0 0 0 0 0 0 0 0 0 0 0 0 0 0 0 0 0 0
    0 0 0 0 0 0 0 0 0 0 0 0 0 0 0 0 0 0 0 0 0 0 0 0 0 0 0 0 0 0 0 0 0
    255 255 0 0 0 0 0 0 0 0 0 0 0 0 0 0 0 0 0 0 0 0 0 0 0 0 0 0 0 0 0 0
    0 0 0 0 0 0 0 0 0 0 0 0 0 0 0 0 0 0 0 0 0 0 0 0 0 0 0 0 0 0 0 0 0 0
    0 0 0 0 0 0 0 0 0 0 0 0 0 0 0 0 0 0 0 0 0 0 0 0 0 0 0 0 0 0 0 0 0 0
    0 0 0 0 0 0 0 0 0 0 0 0 0 0 0 0 0 0 0 0 0 0 0 0 0 0 0 0 0 0 0 0 0 0
    0 0 0 255 255 0 0 0 0 0 0 0 0 0 0 0 0 0 0 0 0 0 0 0 0 0 0 0 0 0 0 0
    0 0 0 0 0 0 0 0 0 0 0 0 0 0 0 0 0 0 0 0 0 0 0 0 0 0 0 0 0 0 0 0 0 0
    0 0 0 0 0 0 0 0 0 0 0 0 0 0 0 0 0 0 0 0 0 0 0 0 0 0 0 0 0 0 0 0 0 0
    0 0 0 0 0 0 0 0 0 0 0 0 0 0 0 0 0 0 0 0 0 0 255 255 0 0 0 0 0 0 0 0
    0 0 0 0 0 0 0 0 0 0 0 0 0 0 0 0 0 0 0 0 0 0 0 0 0 0 0 0 0 0 0 0 0 0
    0 0 0 0 0 0 0 0 0 0 0 0 0 0 0 0 0 0 0 0 0 0 0 0 0 0 0 0 0 0 0 0 0 0
    0 0 0 0 0 0 0 0 0 0 0 0 0 0 0 0 0 0 0 0 0 0 0 0 0 0 0 0 0 0 0 0 0 0
    0 0 0 0 0 0 0 0 0 0 0 0 0 0 0 0 0 0 0 0 0 0 0 0 255 255 0 0 0 0 0 0
    0 0 0 0 0 0 0 0 0 0 0 0 0 0 0 0 0 0 0 0 0 0 0 0 0 0 0 0 0 0 0 0 0 0
    0 0 0 0 0 0 0 0 0 0 0 0 0 0 0 0 0 0 0 0 0 0 0 0 0 0 0 0 0 0 0 0 0 0
    0 0 0 0 0 0 0 0 0 0 0 0 0 0 0 0 0 0 0 0 0 0 0 0 0 0 0 0 0 0 0 0 0 0
    0 0 0 0 0 0 0 0 0 0 0 255 255 0 0 0 0 0 0 0 0 0 0 0 0 0 0 0 0 0 0 0
    0 0 0 0 0 0 0 0 0 0 0 0 0 0 0 0 0 0 0 0 0 0 0 0 0 0 0 0 0 0 0 0 0 0
    0 0 0 0 0 0 0 0 0 0 0 0 0 0 0 0 0 0 0 0 0 0 0 0 0 0 0 0 0 0 0 0 0 0
    0 0 0 0 0 0 0 0 0 0 0 0 0 0 0 0 0 0 0 0 0 0 0 0 0 0 0 0 0 0 0 0 0 0
    0 0 0 0 0 0 0 0 0 0 0 0 255 255 0 0 0 0 0 0 0 0 0 0 0 0 0 0 0 0 0 0
    0 0 0 0 0 0 0 0 0 0 0 0 0 0 0 0 0 0 0 0 0 0 0 0 0 0 0 0 0 0 0 0 0 0
    0 0 0 0 0 0 0 0 0 0 0 0 0 0 0 0 0 0 0 0 0 0 0 0 0 0 0 0 0 0 0 0 0 0
    0 0 0 0 0 0 0 0 0 0 0 0 0 0 0 0 0 0 0 0 0 0 0 0 0 0 0 0 0 0 0 0 0
    255 255 0 0 0 0 0 0 0 0 0 0 0 0 0 0 0 0 0 0 0 0 0 0 0 0 0 0 0 0 0 0
    0 0 0 0 0 0 0 0 0 0 0 0 0 0 0 0 0 0 0 0 0 0 0 0 0 0 0 0 0 0 0 0 0 0
    0 0 0 0 0 0 0 0 0 0 0 0 0 0 0 0 0 0 0 0 0 0 0 0 0 0 0 0 0 0 0 0 0 0
    0 0 0 0 0 0 0 0 0 0 0 0 0 0 0 0 0 0 0 0 0 0 0 0 0 0 0 0 0 0 0 0 0 0
    0 255 255 0 0 0 0 0 0 0 0 0 0 0 0 0 0 0 0 0 0 0 0 0 0 0 0 0 0 0 0 0
    0 0 0 0 0 0 0 0 0 0 0 0 0 0 0 0 0 0 0 0 0 0 0 0 0 0 0 0 0 0 0 0 0 0
    0 0 0 0 0 0 0 0 0 0 0 0 0 0 0 0 0 0 0 0 0 0 0 0 0 0 0 0 0 0 0 0 0 0
    0 0 0 0 0 0 0 0 0 0 0 0 0 0 0 0 0 0 0 0 0 0 0 255 0 0 0 0 0 0 0 0 0
    0 0 0 0 0 0 0 0 0 0 0 0 0 0 0 0 0 0 0 0 0 0 0 0 0 0 0 0 0 0 0 0 0 0
    0 0 0 0 0 0 0 0 0 0 0 0 0 0 0 0 0 0 0 0 0 0 0 0 0 0 0 0 0 0 0 0 0 0
    0 0 0 0 0 0 0 0 0 0 0 0 0 0 0 0 0 0 0 0 0 0 0 0 0 0 0 0 0 0 0 0 0 0
    0 0 0 0 0 0 0 0 0 0 0 0 0 0 0 0 0 0 0 0 0 0 255 0 0 0 0 0 0 0 0 0 0
    0 0 0 0 0 0 0 0 0 0 0 0 0 0 0 0 0 0 0 0 0 0 0 0 0 0 0 0 0 0 0 0 0 0
    0 0 0 0 0 0 0 0 0 0 0 0 0 0 0 0 0 0 0 0 0 0 0 0 0 0 0 0 0 0 0 0 0 0
    0 0 0 0 0 0 0 0 0 0 0 0 0 0 0 0 0 0 0 0 0 0 0 0 0 0 0 0 0 0 0 0 0 0
    0 0 0 0 0 0 0 0 0 255 0 0 0 0 0 0 0 0 0 0 0 0 0 0 0 0 0 0 0 0 0 0 0
    0 0 0 0 0 0 0 0 0 0 0 0 0 0 0 0 0 0 0 0 0 0 0 0 0 0 0 0 0 0 0 0 0 0
    0 0 0 0 0 0 0 0 0 0 0 0 0 0 0 0 0 0 0 0 0 0 0 0 0 0 0 0 0 0 0 0 0 0
    0 0 0 0 0 0 0 0 0 0 0 0 0 0 0 0 0 0 0 0 0 0 0 0 0 0 0 0 0 0 0 0 0 0
    0 0 0 0 0 0 0 255 255 0 0 0 0 0 0 0 0 0 0 0 0 0 0 0 0 0 0 0 0 0 0 0
    0 0 0 0 0 0 0 0 0 0 0 0 0 0 0 0 0 0 0 0 0 0 0 0 0 0 0 0 0 0 0 0 0 0
    0 0 0 0 0 0 0 0 0 0 0 0 0 0 0 0 0 0 0 0 0 0 0 0 0 0 0 0 0 0 0 0 0 0
    0 0 0 0 0 0 0 0 0 0 0 0 0 0 0 0 0 0 0 0 0 0 0 0 0 0 0 0 0 0 255 255
    0 0 0 0 0 0 0 0 0 0 0 0 0 0 0 0 0 0 0 0 0 0 0 0 0 0 0 0 0 0 0 0 0 0
    0 0 0 0 0 0 0 0 0 0 0 0 0 0 0 0 0 0 0 0 0 0 0 0 0 0 0 0 0 0 0 0 0 0
    0 0 0 0 0 0 0 0 0 0 0 0 0 0 0 0 0 0 0 0 0 0 0 0 0 0 0 0 0 0 0 0 0 0
    0 0 0 0 0 0 0 0 0 0 0 0 0 0 0 0 0 0 0 0 0 0 0 0 0 0 0 0 0 255 255 0
    0 0 0 0 0 0 0 0 0 0 0 0 0 0 0 0 0 0 0 0 0 0 0 0 0 0 0 0 0 0 0 0 0 0
    0 0 0 0 0 0 0 0 0 0 0 0 0 0 0 0 0 0 0 0 0 0 0 0 0 0 0 0 0 0 0 0 0 0
    0 0 0 0 0 0 0 0 0 0 0 0 0 0 0 0 0 0 0 0 0 0 0 0 0 0 0 0 0 0 0 0 0 0
    0 0 0 0 0 0 0 0 0 0 0 0 0 0 0 0 0 0 255 255 0 0 0 0 0 0 0 0 0 0 0 0
    0 0 0 0 0 0 0 0 0 0 0 0 0 0 0 0 0 0 0 0 0 0 0 0 0 0 0 0 0 0 0 0 0 0
    0 0 0 0 0 0 0 0 0 0 0 0 0 0 0 0 0 0 0 0 0 0 0 0 0 0 0 0 0 0 0 0 0 0
    0 0 0 0 0 0 0 0 0 0 0 0 0 0 0 0 0 0 0 0 0 0 0 0 0 0 0 0 0 0 0 0 0 0
    0 0 0 0 0 0 0 0 0 0 0 0 0 0 0 0 0 255 255 0 0 0 0 0 0 0 0 0 0 0 0 0
    0 0 0 0 0 0 0 0 0 0 0 0 0 0 0 0 0 0 0 0 0 0 0 0 0 0 0 0 0 0 0 0 0 0
    0 0 0 0 0 0 0 0 0 0 0 0 0 0 0 0 0 0 0 0 0 0 0 0 0 0 0 0 0 0 0 0 0 0
    0 0 0 0 0 0 0 0 0 0 0 0 0 0 0 0 0 0 0 0 0 0 0 0 0 0 0 0 0 0 0 0 0 0
    0 0 0 0 0 0 0 255 0 0 0 0 0 0 0 0 0 0 0 0 0 0 0 0 0 0 0 0 0 0 0 0 0
    0 0 0 0 0 0 0 0 0 0 0 0 0 0 0 0 0 0 0 0 0 0 0 0 0 0 0 0 0 0 0 0 0 0
    0 0 0 0 0 0 0 0 0 0 0 0 0 0 0 0 0 0 0 0 0 0 0 0 0 0 0 0 0 0 0 0 0 0
    0 0 0 0 0 0 0 0 0 0 0 0 0 0 0 0 0 0 0 0 0 0 0 0 0 0 0 0 0 0 0 0 0 0
    0 0 0 255 255 0 0 0 0 0 0 0 0 0 0 0 0 0 0 0 0 0 0 0 0 0 0 0 0 0 0 0
    0 0 0 0 0 0 0 0 0 0 0 0 0 0 0 0 0 0 0 0 0 0 0 0 0 0 0 0 0 0 0 0 0 0
    0 0 0 0 0 0 0 0 0 0 0 0 0 0 0 0 0 0 0 0 0 0 0 0 0 0 0 0 0 0 0 0 0 0
    0 0 0 0 0 0 0 0 0 0 0 0 0 0 0 0 0 0 0 0 0 0 0 0 0 0 0 0 255 255 0 0
    0 0 0 0 0 0 0 0 0 0 0 0 0 0 0 0 0 0 0 0 0 0 0 0 0 0 0 0 0 0 0 0 0 0
    0 0 0 0 0 0 0 0 0 0 0 0 0 0 0 0 0 0 0 0 0 0 0 0 0 0 0 0 0 0 0 0 0 0
    0 0 0 0 0 0 0 0 0 0 0 0 0 0 0 0 0 0 0 0 0 0 0 0 0 0 0 0 0 0 0 0 0 0
    0 0 0 0 0 0 0 0 0 0 0 0 0 0 0 0 0 0 0 0 0 0 0 0 0 255 255 0 0 0 0 0
    0 0 0 0 0 0 0 0 0 0 0 0 0 0 0 0 0 0 0 0 0 0 0 0 0 0 0 0 0 0 0 0 0 0
    0 0 0 0 0 0 0 0 0 0 0 0 0 0 0 0 0 0 0 0 0 0 0 0 0 0 0 0 0 0 0 0 0 0
    0 0 0 0 0 0 0 0 0 0 0 0 0 0 0 0 0 0 0 0 0 0 0 0 0 0 0 0 0 0 0 0 0 0
    0 0 0 0 0 0 0 0 0 0 0 0 0 0 0 0 255 255 0 0 0 0 0 0 0 0 0 0 0 0 0 0
    0 0 0 0 0 0 0 0 0 0 0 0 0 0 0 0 0 0 0 0 0 0 0 0 0 0 0 0 0 0 0 0 0 0
    0 0 0 0 0 0 0 0 0 0 0 0 0 0 0 0 0 0 0 0 0 0 0 0 0 0 0 0 0 0 0 0 0 0
    0 0 0 0 0 0 0 0 0 0 0 0 0 0 0 0 0 0 0 0 0 0 0 0 0 0 0 0 0 0 0 0 0 0
    0 0 0 0 0 0 0 0 0 0 0 0 0 255 255 0 0 0 0 0 0 0 0 0 0 0 0 0 0 0 0 0
    0 0 0 0 0 0 0 0 0 0 0 0 0 0 0 0 0 0 0 0 0 0 0 0 0 0 0 0 0 0 0 0 0 0
    0 0 0 0 0 0 0 0 0 0 0 0 0 0 0 0 0 0 0 0 0 0 0 0 0 0 0 0 0 0 0 0 0 0
    0 0 0 0 0 0 0 0 0 0 0 0 0 0 0 0 0 0 0 0 0 0 0 0 0 0 0 0 0 0 0 0 0 0
    0 0 0 0 255 255 0 0 0 0 0 0 0 0 0 0 0 0 0 0 0 0 0 0 0 0 0 0 0 0 0 0
    0 0 0 0 0 0 0 0 0 0 0 0 0 0 0 0 0 0 0 0 0 0 0 0 0 0 0 0 0 0 0 0 0 0
    0 0 0 0 0 0 0 0 0 0 0 0 0 0 0 0 0 0 0 0 0 0 0 0 0 0 0 0 0 0 0 0 0 0
    0 0 0 0 0 0 0 0 0 0 0 0 0 0 0 0 0 0 0 0 0 0 0 0 0 0 0 0 0 0 0 0 0 0
    0 255 0 0 0 0 0 0 0 0 0 0 0 0 0 0 0 0 0 0 0 0 0 0 0 0 0 0 0 0 0 0 0
    0 0 0 0 0 0 0 0 0 0 0 0 0 0 0 0 0 0 0 0 0 0 0 0 0 0 0 0 0 0 0 0 0 0
    0 0 0 0 0 0 0 0 0 0 0 0 0 0 0 0 0 0 0 0 0 0 0 0 0 0 0 0 0 0 0 0 0 0
    0 0 0 0 0 0 0 0 0 0 0 0 0 0 0 0 0 0 0 0 0 0 0 0 0 255 255 0 0 0 0 0
    0 0 0 0 0 0 0 0 0 0 0 0 0 0 0 0 0 0 0 0 0 0 0 0 0 0 0 0 0 0 0 0 0 0
    0 0 0 0 0 0 0 0 0 0 0 0 0 0 0 0 0 0 0 0 0 0 0 0 0 0 0 0 0 0 0 0 0 0
    0 0 0 0 0 0 0 0 0 0 0 0 0 0 0 0 0 0 0 0 0 0 0 0 0 0 0 0 0 0 0 0 0 0
    0 0 0 0 0 0 0 0 0 0 0 0 0 0 0 0 0 0 0 0 0 0 255 0 0 0 0 0 0 0 0 0 0
    0 0 0 0 0 0 0 0 0 0 0 0 0 0 0 0 0 0 0 0 0 0 0 0 0 0 0 0 0 0 0 0 0 0
    0 0 0 0 0 0 0 0 0 0 0 0 0 0 0 0 0 0 0 0 0 0 0 0 0 0 0 0 0 0 0 0 0 0
    0 0 0 0 0 0 0 0 0 0 0 0 0 0 0 0 0 0 0 0 0 0 0 0 0 0 0 0 0 0 0 0 0 0
    0 0 0 0 0 0 0 0 0 0 0 0 0 255 0 0 0 0 0 0 0 0 0 0 0 0 0 0 0 0 0 0 0
    0 0 0 0 0 0 0 0 0 0 0 0 0 0 0 0 0 0 0 0 0 0 0 0 0 0 0 0 0 0 0 0 0 0
    0 0 0 0 0 0 0 0 0 0 0 0 0 0 0 0 0 0 0 0 0 0 0 0 0 0 0 0 0 0 0 0 0 0
    0 0 0 0 0 0 0 0 0 0 0 0 0 0 0 0 0 0 0 0 0 0 0 0 0 0 0 0 0 0 0 0 0 0
    0 0 0 0 0 0 0 255 255 0 0 0 0 0 0 0 0 0 0 0 0 0 0 0 0 0 0 0 0 0 0 0
    0 0 0 0 0 0 0 0 0 0 0 0 0 0 0 0 0 0 0 0 0 0 0 0 0 0 0 0 0 0 0 0 0 0
    0 0 0 0 0 0 0 0 0 0 0 0 0 0 0 0 0 0 0 0 0 0 0 0 0 0 0 0 0 0 0 0 0 0
    0 0 0 0 0 0 0 0 0 0 0 0 0 0 0 0 0 0 0 0 0 0 0 0 0 0 0 0 0 0 0 0 0 0
    255 255 0 0 0 0 0 0 0 0 0 0 0 0 0 0 0 0 0 0 0 0 0 0 0 0 0 0 0 0 0 0
    0 0 0 0 0 0 0 0 0 0 0 0 0 0 0 0 0 0 0 0 0 0 0 0 0 0 0 0 0 0 0 0 0 0
    0 0 0 0 0 0 0 0 0 0 0 0 0 0 0 0 0 0 0 0 0 0 0 0 0 0 0 0 0 0 0 0 0 0
    0 0 0 0 0 0 0 0 0 0 0 0 0 0 0 0 0 0 0 0 0 0 0 0 0 0 0 0 0 255 255 0
    0 0 0 0 0 0 0 0 0 0 0 0 0 0 0 0 0 0 0 0 0 0 0 0 0 0 0 0 0 0 0 0 0 0
    0 0 0 0 0 0 0 0 0 0 0 0 0 0 0 0 0 0 0 0 0 0 0 0 0 0 0 0 0 0 0 0 0 0
    0 0 0 0 0 0 0 0 0 0 0 0 0 0 0 0 0 0 0 0 0 0 0 0 0 0 0 0 0 0 0 0 0 0
    0 0 0 0 0 0 0 0 0 0 0 0 0 0 0 0 0 0 0 0 0 0 255 255 0 0 0 0 0 0 0 0
    0 0 0 0 0 0 0 0 0 0 0 0 0 0 0 0 0 0 0 0 0 0 0 0 0 0 0 0 0 0 0 0 0 0
    0 0 0 0 0 0 0 0 0 0 0 0 0 0 0 0 0 0 0 0 0 0 0 0 0 0 0 0 0 0 0 0 0 0
    0 0 0 0 0 0 0 0 0 0 0 0 0 0 0 0 0 0 0 0 0 0 0 0 0 0 0 0 0 0 0 0 0 0
    0 0 0 0 0 0 0 0 0 0 0 0 0 0 0 0 0 255 255 0 0 0 0 0 0 0 0 0 0 0 0 0
    0 0 0 0 0 0 0 0 0 0 0 0 0 0 0 0 0 0 0 0 0 0 0 0 0 0 0 0 0 0 0 0 0 0
    0 0 0 0 0 0 0 0 0 0 0 0 0 0 0 0 0 0 0 0 0 0 0 0 0 0 0 0 0 0 0 0 0 0
    0 0 0 0 0 0 0 0 0 0 0 0 0 0 0 0 0 0 0 0 0 0 0 0 0 0 0 0 0 0 0 0 0 0
    0 0 0 0 0 0 0 0 0 0 255 255 0 0 0 0 0 0 0 0 0 0 0 0 0 0 0 0 0 0 0 0
    0 0 0 0 0 0 0 0 0 0 0 0 0 0 0 0 0 0 0 0 0 0 0 0 0 0 0 0 0 0 0 0 0 0
    0 0 0 0 0 0 0 0 0 0 0 0 0 0 0 0 0 0 0 0 0 0 0 0 0 0 0 0 0 0 0 0 0 0
    0 0 0 0 0 0 0 0 0 0 0 0 0 0 0 0 0 0 0 0 0 0 0 0 0 0 0 0 0 0 0 0 0 0
    0 0 0 0 0 255 255 0 0 0 0 0 0 0 0 0 0 0 0 0 0 0 0 0 0 0 0 0 0 0 0 0
    0 0 0 0 0 0 0 0 0 0 0 0 0 0 0 0 0 0 0 0 0 0 0 0 0 0 0 0 0 0 0 0 0 0
    0 0 0 0 0 0 0 0 0 0 0 0 0 0 0 0 0 0 0 0 0 0 0 0 0 0 0 0 0 0 0 0 0 0
    0 0 0 0 0 0 0 0 0 0 0 0 0 0 0 0 0 0 0 0 0 0 0 0 0 0 0 0 0 0 0 0 255
    255 0 0 0 0 0 0 0 0 0 0 0 0 0 0 0 0 0 0 0 0 0 0 0 0 0 0 0 0 0 0 0 0
    0 0 0 0 0 0 0 0 0 0 0 0 0 0 0 0 0 0 0 0 0 0 0 0 0 0 0 0 0 0 0 0 0 0
    0 0 0 0 0 0 0 0 0 0 0 0 0 0 0 0 0 0 0 0 0 0 0 0 0 0 0 0 0 0 0 0 0 0
    0 0 0 0 0 0 0 0 0 0 0 0 0 0 0 0 0 0 0 0 0 0 0 0 0 0 0 255 255 0 0 0
    0 0 0 0 0 0 0 0 0 0 0 0 0 0 0 0 0 0 0 0 0 0 0 0 0 0 0 0 0 0 0 0 0 0
    0 0 0 0 0 0 0 0 0 0 0 0 0 0 0 0 0 0 0 0 0 0 0 0 0 0 0 0 0 0 0 0 0 0
    0 0 0 0 0 0 0 0 0 0 0 0 0 0 0 0 0 0 0 0 0 0 0 0 0 0 0 0 0 0 0 0 0 0
    0 0 0 0 0 0 0 0 0 0 0 0 0 0 0 0 0 0 0 0 255 255 0 0 0 0 0 0 0 0 0 0
    0 0 0 0 0 0 0 0 0 0 0 0 0 0 0 0 0 0 0 0 0 0 0 0 0 0 0 0 0 0 0 0 0 0
    0 0 0 0 0 0 0 0 0 0 0 0 0 0 0 0 0 0 0 0 0 0 0 0 0 0 0 0 0 0 0 0 0 0
    0 0 0 0 0 0 0 0 0 0 0 0 0 0 0 0 0 0 0 0 0 0 0 0 0 0 0 0 0 0 0 0 0 0
    0 0 0 0 0 0 0 0 0 0 0 0 0 0 0 255 255 0 0 0 0 0 0 0 0 0 0 0 0 0 0 0
    0 0 0 0 0 0 0 0 0 0 0 0 0 0 0 0 0 0 0 0 0 0 0 0 0 0 0 0 0 0 0 0 0 0
    0 0 0 0 0 0 0 0 0 0 0 0 0 0 0 0 0 0 0 0 0 0 0 0 0 0 0 0 0 0 0 0 0 0
    0 0 0 0 0 0 0 0 0 0 0 0 0 0 0 0 0 0 0 0 0 0 0 0 0 0 0 0 0 0 0 0 0 0
    0 0 0 0 0 0 0 0 255 255 0 0 0 0 0 0 0 0 0 0 0 0 0 0 0 0 0 0 0 0 0 0
    0 0 0 0 0 0 0 0 0 0 0 0 0 0 0 0 0 0 0 0 0 0 0 0 0 0 0 0 0 0 0 0 0 0
    0 0 0 0 0 0 0 0 0 0 0 0 0 0 0 0 0 0 0 0 0 0 0 0 0 0 0 0 0 0 0 0 0 0
    0 0 0 0 0 0 0 0 0 0 0 0 0 0 0 0 0 0 0 0 0 0 0 0 0 0 0 0 0 0 0 0 0 0
    0 0 0 255 255 0 0 0 0 0 0 0 0 0 0 0 0 0 0 0 0 0 0 0 0 0 0 0 0 0 0 0
    0 0 0 0 0 0 0 0 0 0 0 0 0 0 0 0 0 0 0 0 0 0 0 0 0 0 0 0 0 0 0 0 0 0
    0 0 0 0 0 0 0 0 0 0 0 0 0 0 0 0 0 0 0 0 0 0 0 0 0 0 0 0 0 0 0 0 0 0
    0 0 0 0 0 0 0 0 0 0 0 0 0 0 0 0 0 0 0 0 0 0 0 0 0 0 0 0 0 0 255 255
    0 0 0 0 0 0 0 0 0 0 0 0 0 0 0 0 0 0 0 0 0 0 0 0 0 0 0 0 0 0 0 0 0 0
    0 0 0 0 0 0 0 0 0 0 0 0 0 0 0 0 0 0 0 0 0 0 0 0 0 0 0 0 0 0 0 0 0 0
    0 0 0 0 0 0 0 0 0 0 0 0 0 0 0 0 0 0 0 0 0 0 0 0 0 0 0 0 0 0 0 0 0 0
    0 0 0 0 0 0 0 0 0 0 0 0 0 0 0 0 0 0 0 0 0 0 0 0 0 255 255 0 0 0 0 0
    0 0 0 0 0 0 0 0 0 0 0 0 0 0 0 0 0 0 0 0 0 0 0 0 0 0 0 0 0 0 0 0 0 0
    0 0 0 0 0 0 0 0 0 0 0 0 0 0 0 0 0 0 0 0 0 0 0 0 0 0 0 0 0 0 0 0 0 0
    0 0 0 0 0 0 0 0 0 0 0 0 0 0 0 0 0 0 0 0 0 0 0 0 0 0 0 0 0 0 0 0 0 0
    0 0 0 0 0 0 0 0 0 0 0 0 0 0 0 0 0 0 255 255 0 0 0 0 0 0 0 0 0 0 0 0
    0 0 0 0 0 0 0 0 0 0 0 0 0 0 0 0 0 0 0 0 0 0 0 0 0 0 0 0 0 0 0 0 0 0
    0 0 0 0 0 0 0 0 0 0 0 0 0 0 0 0 0 0 0 0 0 0 0 0 0 0 0 0 0 0 0 0 0 0
    0 0 0 0 0 0 0 0 0 0 0 0 0 0 0 0 0 0 0 0 0 0 0 0 0 0 0 0 0 0 0 0 0 0
    0 0 0 0 0 0 0 0 0 0 0 0 0 255 255 0 0 0 0 0 0 0 0 0 0 0 0 0 0 0 0 0
    0 0 0 0 0 0 0 0 0 0 0 0 0 0 0 0 0 0 0 0 0 0 0 0 0 0 0 0 0 0 0 0 0 0
    0 0 0 0 0 0 0 0 0 0 0 0 0 0 0 0 0 0 0 0 0 0 0 0 0 0 0 0 0 0 0 0 0 0
    0 0 0 0 0 0 0 0 0 0 0 0 0 0 0 0 0 0 0 0 0 0 0 0 0 0 0 0 0 0 0 0 0 0
    0 0 0 0 0 0 255 255 0 0 0 0 0 0 0 0 0 0 0 0 0 0 0 0 0 0 0 0 0 0 0 0
    0 0 0 0 0 0 0 0 0 0 0 0 0 0 0 0 0 0 0 0 0 0 0 0 0 0 0 0 0 0 0 0 0 0
    0 0 0 0 0 0 0 0 0 0 0 0 0 0 0 0 0 0 0 0 0 0 0 0 0 0 0 0 0 0 0 0 0 0
    0 0 0 0 0 0 0 0 0 0 0 0 0 0 0 0 0 0 0 0 0 0 0 0 0 0 0 0 0 0 0 0 0 0
    0 255 0 0 0 0 0 0 0 0 0 0 0 0 0 0 0 0 0 0 0 0 0 0 0 0 0 0 0 0 0 0 0
    0 0 0 0 0 0 0 0 0 0 0 0 0 0 0 0 0 0 0 0 0 0 0 0 0 0 0 0 0 0 0 0 0 0
    0 0 0 0 0 0 0 0 0 0 0 0 0 0 0 0 0 0 0 0 0 0 0 0 0 0 0 0 0 0 0 0 0 0
    0 0 0 0 0 0 0 0 0 0 0 0 0 0 0 0 0 0 0 0 0 0 0 0 0 0 0 0 255 0 0 0 0
    0 0 0 0 0 0 0 0 0 0 0 0 0 0 0 0 0 0 0 0 0 0 0 0 0 0 0 0 0 0 0 0 0 0
    0 0 0 0 0 0 0 0 0 0 0 0 0 0 0 0 0 0 0 0 0 0 0 0 0 0 0 0 0 0 0 0 0 0
    0 0 0 0 0 0 0 0 0 0 0 0 0 0 0 0 0 0 0 0 0 0 0 0 0 0 0 0 0 0 0 0 0 0
    0 0 0 0 0 0 0 0 0 0 0 0 0 0 0 0 0 0 0 0 0 255 0 0 0 0 0 0 0 0 0 0 0
    0 0 0 0 0 0 0 0 0 0 0 0 0 0 0 0 0 0 0 0 0 0 0 0 0 0 0 0 0 0 0 0 0 0
    0 0 0 0 0 0 0 0 0 0 0 0 0 0 0 0 0 0 0 0 0 0 0 0 0 0 0 0 0 0 0 0 0 0
    0 0 0 0 0 0 0 0 0 0 0 0 0 0 0 0 0 0 0 0 0 0 0 0 0 0 0 0 0 0 0 0 0 0
    0 0 0 0 0 0 0 0 0 0 0 0 0 0 255 0 0 0 0 0 0 0 0 0 0 0 0 0 0 0 0 0 0
    0 0 0 0 0 0 0 0 0 0 0 0 0 0 0 0 0 0 0 0 0 0 0 0 0 0 0 0 0 0 0 0 0 0
    0 0 0 0 0 0 0 0 0 0 0 0 0 0 0 0 0 0 0 0 0 0 0 0 0 0 0 0 0 0 0 0 0 0
    0 0 0 0 0 0 0 0 0 0 0 0 0 0 0 0 0 0 0 0 0 0 0 0 0 0 0 0 0 0 0 0 0 0
    0 0 0 0 0 0 0 255 0 0 0 0 0 0 0 0 0 0 0 0 0 0 0 0 0 0 0 0 0 0 0 0 0
    0 0 0 0 0 0 0 0 0 0 0 0 0 0 0 0 0 0 0 0 0 0 0 0 0 0 0 0 0 0 0 0 0 0
    0 0 0 0 0 0 0 0 0 0 0 0 0 0 0 0 0 0 0 0 0 0 0 0 0 0 0 0 0 0 0 0 0 0
    0 0 0 0 0 0 0 0 0 0 0 0 0 0 0 0 0 0 0 0 0 0 0 0 0 0 0 0 0 0 0 0 0
    255 255 0 0 0 0 0 0 0 0 0 0 0 0 0 0 0 0 0 0 0 0 0 0 0 0 0 0 0 0 0 0
    0 0 0 0 0 0 0 0 0 0 0 0 0 0 0 0 0 0 0 0 0 0 0 0 0 0 0 0 0 0 0 0 0 0
    0 0 0 0 0 0 0 0 0 0 0 0 0 0 0 0 0 0 0 0 0 0 0 0 0 0 0 0 0 0 0 0 0 0
    0 0 0 0 0 0 0 0 0 0 0 0 0 0 0 0 0 0 0 0 0 0 0 0 0 0 0 0 0 255 255 0
    0 0 0 0 0 0 0 0 0 0 0 0 0 0 0 0 0 0 0 0 0 0 0 0 0 0 0 0 0 0 0 0 0 0
    0 0 0 0 0 0 0 0 0 0 0 0 0 0 0 0 0 0 0 0 0 0 0 0 0 0 0 0 0 0 0 0 0 0
    0 0 0 0 0 0 0 0 0 0 0 0 0 0 0 0 0 0 0 0 0 0 0 0 0 0 0 0 0 0 0 0 0 0
    0 0 0 0 0 0 0 0 0 0 0 0 0 0 0 0 0 0 0 0 0 0 255 255 0 0 0 0 0 0 0 0
    0 0 0 0 0 0 0 0 0 0 0 0 0 0 0 0 0 0 0 0 0 0 0 0 0 0 0 0 0 0 0 0 0 0
    0 0 0 0 0 0 0 0 0 0 0 0 0 0 0 0 0 0 0 0 0 0 0 0 0 0 0 0 0 0 0 0 0 0
    0 0 0 0 0 0 0 0 0 0 0 0 0 0 0 0 0 0 0 0 0 0 0 0 0 0 0 0 0 0 0 0 0 0
    0 0 0 0 0 0 0 0 0 0 0 0 0 0 0 0 0 255 255 0 0 0 0 0 0 0 0 0 0 0 0 0
    0 0 0 0 0 0 0 0 0 0 0 0 0 0 0 0 0 0 0 0 0 0 0 0 0 0 0 0 0 0 0 0 0 0
    0 0 0 0 0 0 0 0 0 0 0 0 0 0 0 0 0 0 0 0 0 0 0 0 0 0 0 0 0 0 0 0 0 0
    0 0 0 0 0 0 0 0 0 0 0 0 0 0 0 0 0 0 0 0 0 0 0 0 0 0 0 0 0 0 0 0 0 0
    0 0 0 0 0 0 0 0 0 0 255 255 0 0 0 0 0 0 0 0 0 0 0 0 0 0 0 0 0 0 0 0
    0 0 0 0 0 0 0 0 0 0 0 0 0 0 0 0 0 0 0 0 0 0 0 0 0 0 0 0 0 0 0 0 0 0
    0 0 0 0 0 0 0 0 0 0 0 0 0 0 0 0 0 0 0 0 0 0 0 0 0 0 0 0 0 0 0 0 0 0
    0 0 0 0 0 0 0 0 0 0 0 0 0 0 0 0 0 0 0 0 0 0 0 0 0 0 0 0 0 0 0 0 0 0
    0 0 0 0 0 255 255 0 0 0 0 0 0 0 0 0 0 0 0 0 0 0 0 0 0 0 0 0 0 0 0 0
    0 0 0 0 0 0 0 0 0 0 0 0 0 0 0 0 0 0 0 0 0 0 0 0 0 0 0 0 0 0 0 0 0 0
    0 0 0 0 0 0 0 0 0 0 0 0 0 0 0 0 0 0 0 0 0 0 0 0 0 0 0 0 0 0 0 0 0 0
    0 0 0 0 0 0 0 0 0 0 0 0 0 0 0 0 0 0 0 0 0 0 0 0 0 0 0 0 0 0 0 0 255
    255 0 0 0 0 0 0 0 0 0 0 0 0 0 0 0 0 0 0 0 0 0 0 0 0 0 0 0 0 0 0 0 0
    0 0 0 0 0 0 0 0 0 0 0 0 0 0 0 0 0 0 0 0 0 0 0 0 0 0 0 0 0 0 0 0 0 0
    0 0 0 0 0 0 0 0 0 0 0 0 0 0 0 0 0 0 0 0 0 0 0 0 0 0 0 0 0 0 0 0 0 0
    0 0 0 0 0 0 0 0 0 0 0 0 0 0 0 0 0 0 0 0 0 0 0 0 0 0 0 255 255 0 0 0
    0 0 0 0 0 0 0 0 0 0 0 0 0 0 0 0 0 0 0 0 0 0 0 0 0 0 0 0 0 0 0 0 0 0
    0 0 0 0 0 0 0 0 0 0 0 0 0 0 0 0 0 0 0 0 0 0 0 0 0 0 0 0 0 0 0 0 0 0
    0 0 0 0 0 0 0 0 0 0 0 0 0 0 0 0 0 0 0 0 0 0 0 0 0 0 0 0 0 0 0 0 0 0
    0 0 0 0 0 0 0 0 0 0 0 0 0 0 0 0 0 0 0 0 255 255 0 0 0 0 0 0 0 0 0 0
    0 0 0 0 0 0 0 0 0 0 0 0 0 0 0 0 0 0 0 0 0 0 0 0 0 0 0 0 0 0 0 0 0 0
    0 0 0 0 0 0 0 0 0 0 0 0 0 0 0 0 0 0 0 0 0 0 0 0 0 0 0 0 0 0 0 0 0 0
    0 0 0 0 0 0 0 0 0 0 0 0 0 0 0 0 0 0 0 0 0 0 0 0 0 0 0 0 0 0 0 0 0 0
    0 0 0 0 0 0 0 0 0 0 0 0 0 0 0 255 255 0 0 0 0 0 0 0 0 0 0 0 0 0 0 0
    0 0 0 0 0 0 0 0 0 0 0 0 0 0 0 0 0 0 0 0 0 0 0 0 0 0 0 0 0 0 0 0 0 0
    0 0 0 0 0 0 0 0 0 0 0 0 0 0 0 0 0 0 0 0 0 0 0 0 0 0 0 0 0 0 0 0 0 0
    0 0 0 0 0 0 0 0 0 0 0 0 0 0 0 0 0 0 0 0 0 0 0 0 0 0 0 0 0 0 0 0 0 0
    0 0 0 0 0 0 0 0 255 255 0 0 0 0 0 0 0 0 0 0 0 0 0 0 0 0 0 0 0 0 0 0
    0 0 0 0 0 0 0 0 0 0 0 0 0 0 0 0 0 0 0 0 0 0 0 0 0 0 0 0 0 0 0 0 0 0
    0 0 0 0 0 0 0 0 0 0 0 0 0 0 0 0 0 0 0 0 0 0 0 0 0 0 0 0 0 0 0 0 0 0
    0 0 0 0 0 0 0 0 0 0 0 0 0 0 0 0 0 0 0 0 0 0 0 0 0 0 0 0 0 0 0 0 0 0
    0 0 0 255 255 0 0 0 0 0 0 0 0 0 0 0 0 0 0 0 0 0 0 0 0 0 0 0 0 0 0 0
    0 0 0 0 0 0 0 0 0 0 0 0 0 0 0 0 0 0 0 0 0 0 0 0 0 0 0 0 0 0 0 0 0 0
    0 0 0 0 0 0 0 0 0 0 0 0 0 0 0 0 0 0 0 0 0 0 0 0 0 0 0 0 0 0 0 0 0 0
    0 0 0 0 0 0 0 0 0 0 0 0 0 0 0 0 0 0 0 0 0 0 0 0 0 0 0 0 0 0 255 255
    0 0 0 0 0 0 0 0 0 0 0 0 0 0 0 0 0 0 0 0 0 0 0 0 0 0 0 0 0 0 0 0 0 0
    0 0 0 0 0 0 0 0 0 0 0 0 0 0 0 0 0 0 0 0 0 0 0 0 0 0 0 0 0 0 0 0 0 0
    0 0 0 0 0 0 0 0 0 0 0 0 0 0 0 0 0 0 0 0 0 0 0 0 0 0 0 0 0 0 0 0 0 0
    0 0 0 0 0 0 0 0 0 0 0 0 0 0 0 0 0 0 0 0 0 0 0 0 0 255 255 0 0 0 0 0
    0 0 0 0 0 0 0 0 0 0 0 0 0 0 0 0 0 0 0 0 0 0 0 0 0 0 0 0 0 0 0 0 0 0
    0 0 0 0 0 0 0 0 0 0 0 0 0 0 0 0 0 0 0 0 0 0 0 0 0 0 0 0 0 0 0 0 0 0
    0 0 0 0 0 0 0 0 0 0 0 0 0 0 0 0 0 0 0 0 0 0 0 0 0 0 0 0 0 0 0 0 0 0
    0 0 0 0 0 0 0 0 0 0 0 0 0 0 0 0 0 0 255 255 0 0 0 0 0 0 0 0 0 0 0 0
    0 0 0 0 0 0 0 0 0 0 0 0 0 0 0 0 0 0 0 0 0 0 0 0 0 0 0 0 0 0 0 0 0 0
    0 0 0 0 0 0 0 0 0 0 0 0 0 0 0 0 0 0 0 0 0 0 0 0 0 0 0 0 0 0 0 0 0 0
    0 0 0 0 0 0 0 0 0 0 0 0 0 0 0 0 0 0 0 0 0 0 0 0 0 0 0 0 0 0 0 0 0 0
    0 0 0 0 0 0 0 0 0 0 0 0 0 255 255 0 0 0 0 0 0 0 0 0 0 0 0 0 0 0 0 0
    0 0 0 0 0 0 0 0 0 0 0 0 0 0 0 0 0 0 0 0 0 0 0 0 0 0 0 0 0 0 0 0 0 0
    0 0 0 0 0 0 0 0 0 0 0 0 0 0 0 0 0 0 0 0 0 0 0 0 0 0 0 0 0 0 0 0 0 0
    0 0 0 0 0 0 0 0 0 0 0 0 0 0 0 0 0 0 0 0 0 0 0 0 0 0 0 0 0 0 0 0 0 0
    0 0 0 0 0 0 255 255 0 0 0 0 0 0 0 0 0 0 0 0 0 0 0 0 0 0 0 0 0 0 0 0
    0 0 0 0 0 0 0 0 0 0 0 0 0 0 0 0 0 0 0 0 0 0 0 0 0 0 0 0 0 0 0 0 0 0
    0 0 0 0 0 0 0 0 0 0 0 0 0 0 0 0 0 0 0 0 0 0 0 0 0 0 0 0 0 0 0 0 0 0
    0 0 0 0 0 0 0 0 0 0 0 0 0 0 0 0 0 0 0 0 0 0 0 0 0 0 0 0 0 0 0 0 0 0
    0 255 255 0 0 0 0 0 0 0 0 0 0 0 0 0 0 0 0 0 0 0 0 0 0 0 0 0 0 0 0 0
    0 0 0 0 0 0 0 0 0 0 0 0 0 0 0 0 0 0 0 0 0 0 0 0 0 0 0 0 0 0 0 0 0 0
    0 0 0 0 0 0 0 0 0 0 0 0 0 0 0 0 0 0 0 0 0 0 0 0 0 0 0 0 0 0 0 0 0 0
    0 0 0 0 0 0 0 0 0 0 0 0 0 0 0 0 0 0 0 0 0 0 0 0 0 0 0 0 255 255 0 0
    0 0 0 0 0 0 0 0 0 0 0 0 0 0 0 0 0 0 0 0 0 0 0 0 0 0 0 0 0 0 0 0 0 0
    0 0 0 0 0 0 0 0 0 0 0 0 0 0 0 0 0 0 0 0 0 0 0 0 0 0 0 0 0 0 0 0 0 0
    0 0 0 0 0 0 0 0 0 0 0 0 0 0 0 0 0 0 0 0 0 0 0 0 0 0 0 0 0 0 0 0 0 0
    0 0 0 0 0 0 0 0 0 0 0 0 0 0 0 0 0 0 0 0 0 0 0 255 255 0 0 0 0 0 0 0
    0 0 0 0 0 0 0 0 0 0 0 0 0 0 0 0 0 0 0 0 0 0 0 0 0 0 0 0 0 0 0 0 0 0
    0 0 0 0 0 0 0 0 0 0 0 0 0 0 0 0 0 0 0 0 0 0 0 0 0 0 0 0 0 0 0 0 0 0
    0 0 0 0 0 0 0 0 0 0 0 0 0 0 0 0 0 0 0 0 0 0 0 0 0 0 0 0 0 0 0 0 0 0
    0 0 0 0 0 0 0 0 0 0 0 0 0 0 0 0 255 0 0 0 0 0 0 0 0 0 0 0 0 0 0 0 0
    0 0 0 0 0 0 0 0 0 0 0 0 0 0 0 0 0 0 0 0 0 0 0 0 0 0 0 0 0 0 0 0 0 0
    0 0 0 0 0 0 0 0 0 0 0 0 0 0 0 0 0 0 0 0 0 0 0 0 0 0 0 0 0 0 0 0 0 0
    0 0 0 0 0 0 0 0 0 0 0 0 0 0 0 0 0 0 0 0 0 0 0 0 0 0 0 0 0 0 0 0 0 0
    0 0 0 0 0 0 0 0 0 0 0 255 0 0 0 0 0 0 0 0 0 0 0 0 0 0 0 0 0 0 0 0 0
    0 0 0 0 0 0 0 0 0 0 0 0 0 0 0 0 0 0 0 0 0 0 0 0 0 0 0 0 0 0 0 0 0 0
    0 0 0 0 0 0 0 0 0 0 0 0 0 0 0 0 0 0 0 0 0 0 0 0 0 0 0 0 0 0 0 0 0 0
    0 0 0 0 0 0 0 0 0 0 0 0 0 0 0 0 0 0 0 0 0 0 0 0 0 0 0 0 0 0 0 0 0 0
    0 0 255 0 0 0 0 0 0 0 0 0 0 0 0 0 0 0 0 0 0 0 0 0 0 0 0 0 0 0 0 0 0
    0 0 0 0 0 0 0 0 0 0 0 0 0 0 0 0 0 0 0 0 0 0 0 0 0 0 0 0 0 0 0 0 0 0
    0 0 0 0 0 0 0 0 0 0 0 0 0 0 0 0 0 0 0 0 0 0 0 0 0 0 0 0 0 0 0 0 0 0
    0 0 0 0 0 0 0 0 0 0 0 0 0 0 0 0 0 0 0 0 0 0 0 0 0 0 0 0 0 0 0 255
    255 0 0 0 0 0 0 0 0 0 0 0 0 0 0 0 0 0 0 0 0 0 0 0 0 0 0 0 0 0 0 0 0
    0 0 0 0 0 0 0 0 0 0 0 0 0 0 0 0 0 0 0 0 0 0 0 0 0 0 0 0 0 0 0 0 0 0
    0 0 0 0 0 0 0 0 0 0 0 0 0 0 0 0 0 0 0 0 0 0 0 0 0 0 0 0 0 0 0 0 0 0
    0 0 0 0 0 0 0 0 0 0 0 0 0 0 0 0 0 0 0 0 0 0 0 255 255 0 0 0 0 0 0 0
    0 0 0 0 0 0 0 0 0 0 0 0 0 0 0 0 0 0 0 0 0 0 0 0 0 0 0 0 0 0 0 0 0 0
    0 0 0 0 0 0 0 0 0 0 0 0 0 0 0 0 0 0 0 0 0 0 0 0 0 0 0 0 0 0 0 0 0 0
    0 0 0 0 0 0 0 0 0 0 0 0 0 0 0 0 0 0 0 0 0 0 0 0 0 0 0 0 0 0 0 0 0 0
    0 0 0 0 0 0 0 0 0 0 0 0 0 0 0 0 0 0 0 0 255 255 0 0 0 0 0 0 0 0 0 0
    0 0 0 0 0 0 0 0 0 0 0 0 0 0 0 0 0 0 0 0 0 0 0 0 0 0 0 0 0 0 0 0 0 0
    0 0 0 0 0 0 0 0 0 0 0 0 0 0 0 0 0 0 0 0 0 0 0 0 0 0 0 0 0 0 0 0 0 0
    0 0 0 0 0 0 0 0 0 0 0 0 0 0 0 0 0 0 0 0 0 0 0 0 0 0 0 0 0 0 0 0 0 0
    0 0 0 0 0 0 0 0 0 0 0 255 255 0 0 0 0 0 0 0 0 0 0 0 0 0 0 0 0 0 0 0
    0 0 0 0 0 0 0 0 0 0 0 0 0 0 0 0 0 0 0 0 0 0 0 0 0 0 0 0 0 0 0 0 0 0
    0 0 0 0 0 0 0 0 0 0 0 0 0 0 0 0 0 0 0 0 0 0 0 0 0 0 0 0 0 0 0 0 0 0
    0 0 0 0 0 0 0 0 0 0 0 0 0 0 0 0 0 0 0 0 0 0 0 0 0 0 0 0 0 0 0 0 0 0
    0 0 0 0 0 0 0 0 0 255 0 0 0 0 0 0 0 0 0 0 0 0 0 0 0 0 0 0 0 0 0 0 0
    0 0 0 0 0 0 0 0 0 0 0 0 0 0 0 0 0 0 0 0 0 0 0 0 0 0 0 0 0 0 0 0 0 0
    0 0 0 0 0 0 0 0 0 0 0 0 0 0 0 0 0 0 0 0 0 0 0 0 0 0 0 0 0 0 0 0 0 0
    0 0 0 0 0 0 0 0 0 0 0 0 0 0 0 0 0 0 0 0 0 0 0 0 0 0 0 0 0 0 0 0 255
    0 0 0 0 0 0 0 0 0 0 0 0 0 0 0 0 0 0 0 0 0 0 0 0 0 0 0 0 0 0 0 0 0 0
    0 0 0 0 0 0 0 0 0 0 0 0 0 0 0 0 0 0 0 0 0 0 0 0 0 0 0 0 0 0 0 0 0 0
    0 0 0 0 0 0 0 0 0 0 0 0 0 0 0 0 0 0 0 0 0 0 0 0 0 0 0 0 0 0 0 0 0 0
    0 0 0 0 0 0 0 0 0 0 0 0 0 0 0 0 0 0 0 0 0 0 0 0 0 0 0 0 0 255 0 0 0
    0 0 0 0 0 0 0 0 0 0 0 0 0 0 0 0 0 0 0 0 0 0 0 0 0 0 0 0 0 0 0 0 0 0
    0 0 0 0 0 0 0 0 0 0 0 0 0 0 0 0 0 0 0 0 0 0 0 0 0 0 0 0 0 0 0 0 0 0
    0 0 0 0 0 0 0 0 0 0 0 0 0 0 0 0 0 0 0 0 0 0 0 0 0 0 0 0 0 0 0 0 0 0
    0 0 0 0 0 0 0 0 0 0 0 0 0 0 0 0 0 255 255 0 0 0 0 0 0 0 0 0 0 0 0 0
    0 0 0 0 0 0 0 0 0 0 0 0 0 0 0 0 0 0 0 0 0 0 0 0 0 0 0 0 0 0 0 0 0 0
    0 0 0 0 0 0 0 0 0 0 0 0 0 0 0 0 0 0 0 0 0 0 0 0 0 0 0 0 0 0 0 0 0 0
    0 0 0 0 0 0 0 0 0 0 0 0 0 0 0 0 0 0 0 0 0 0 0 0 0 0 0 0 0 0 0 0 0 0
    0 0 0 0 0 0 0 0 0 0 0 0 0 0 0 0 255 255 0 0 0 0 0 0 0 0 0 0 0 0 0 0
    0 0 0 0 0 0 0 0 0 0 0 0 0 0 0 0 0 0 0 0 0 0 0 0 0 0 0 0 0 0 0 0 0 0
    0 0 0 0 0 0 0 0 0 0 0 0 0 0 0 0 0 0 0 0 0 0 0 0 0 0 0 0 0 0 0 0 0 0
    0 0 0 0 0 0 0 0 0 0 0 0 0 0 0 0 0 0 0 0 0 0 0 0 0 0 0 0 0 0 0 0 0 0
    0 0 0 0 0 255 255 0 0 0 0 0 0 0 0 0 0 0 0 0 0 0 0 0 0 0 0 0 0 0 0 0
    0 0 0 0 0 0 0 0 0 0 0 0 0 0 0 0 0 0 0 0 0 0 0 0 0 0 0 0 0 0 0 0 0 0
    0 0 0 0 0 0 0 0 0 0 0 0 0 0 0 0 0 0 0 0 0 0 0 0 0 0 0 0 0 0 0 0 0 0
    0 0 0 0 0 0 0 0 0 0 0 0 0 0 0 0 0 0 0 0 0 0 0 0 0 0 0 0 0 0 0 0 0 0
    0 0 0 0 255 255 0 0 0 0 0 0 0 0 0 0 0 0 0 0 0 0 0 0 0 0 0 0 0 0 0 0
    0 0 0 0 0 0 0 0 0 0 0 0 0 0 0 0 0 0 0 0 0 0 0 0 0 0 0 0 0 0 0 0 0 0
    0 0 0 0 0 0 0 0 0 0 0 0 0 0 0 0 0 0 0 0 0 0 0 0 0 0 0 0 0 0 0 0 0 0
    0 0 0 0 0 0 0 0 0 0 0 0 0 0 0 0 0 0 0 0 0 0 0 0 0 0 0 255 255 0 0 0
    0 0 0 0 0 0 0 0 0 0 0 0 0 0 0 0 0 0 0 0 0 0 0 0 0 0 0 0 0 0 0 0 0 0
    0 0 0 0 0 0 0 0 0 0 0 0 0 0 0 0 0 0 0 0 0 0 0 0 0 0 0 0 0 0 0 0 0 0
    0 0 0 0 0 0 0 0 0 0 0 0 0 0 0 0 0 0 0 0 0 0 0 0 0 0 0 0 0 0 0 0 0 0
    0 0 0 0 0 0 0 0 0 0 0 0 0 0 0 0 0 0 0 0 0 0 0 0 0 0 255 255 0 0 0 0
    0 0 0 0 0 0 0 0 0 0 0 0 0 0 0 0 0 0 0 0 0 0 0 0 0 0 0 0 0 0 0 0 0 0
    0 0 0 0 0 0 0 0 0 0 0 0 0 0 0 0 0 0 0 0 0 0 0 0 0 0 0 0 0 0 0 0 0 0
    0 0 0 0 0 0 0 0 0 0 0 0 0 0 0 0 0 0 0 0 0 0 0 0 0 0 0 0 0 0 0 0 0 0
    0 0 0 0 0 0 0 0 0 0 0 0 0 0 0 255 255 0 0 0 0 0 0 0 0 0 0 0 0 0 0 0
    0 0 0 0 0 0 0 0 0 0 0 0 0 0 0 0 0 0 0 0 0 0 0 0 0 0 0 0 0 0 0 0 0 0
    0 0 0 0 0 0 0 0 0 0 0 0 0 0 0 0 0 0 0 0 0 0 0 0 0 0 0 0 0 0 0 0 0 0
    0 0 0 0 0 0 0 0 0 0 0 0 0 0 0 0 0 0 0 0 0 0 0 0 0 0 0 0 0 0 0 0 0 0
    0 0 0 0 0 0 0 0 0 0 0 0 0 0 0 255 255 0 0 0 0 0 0 0 0 0 0 0 0 0 0 0
    0 0 0 0 0 0 0 0 0 0 0 0 0 0 0 0 0 0 0 0 0 0 0 0 0 0 0 0 0 0 0 0 0 0
    0 0 0 0 0 0 0 0 0 0 0 0 0 0 0 0 0 0 0 0 0 0 0 0 0 0 0 0 0 0 0 0 0 0
    0 0 0 0 0 0 0 0 0 0 0 0 0 0 0 0 0 0 0 0 0 0 0 0 0 0 0 0 0 0 0 0 0 0
    0 0 255 255 0 0 0 0 0 0 0 0 0 0 0 0 0 0 0 0 0 0 0 0 0 0 0 0 0 0 0 0
    0 0 0 0 0 0 0 0 0 0 0 0 0 0 0 0 0 0 0 0 0 0 0 0 0 0 0 0 0 0 0 0 0 0
    0 0 0 0 0 0 0 0 0 0 0 0 0 0 0 0 0 0 0 0 0 0 0 0 0 0 0 0 0 0 0 0 0 0
    0 0 0 0 0 0 0 0 0 0 0 0 0 0 0 0 0 0 0 0 0 0 0 0 0 0 0 0 0 0 0 0 0 0
    0 0 0 255 255 0 0 0 0 0 0 0 0 0 0 0 0 0 0 0 0 0 0 0 0 0 0 0 0 0 0 0
    0 0 0 0 0 0 0 0 0 0 0 0 0 0 0 0 0 0 0 0 0 0 0 0 0 0 0 0 0 0 0 0 0 0
    0 0 0 0 0 0 0 0 0 0 0 0 0 0 0 0 0 0 0 0 0 0 0 0 0 0 0 0 0 0 0 0 0 0
    0 0 0 0 0 0 0 0 0 0 0 0 0 0 0 0 0 0 0 0 0 0 0 0 255 255 0 0 0 0 0 0
    0 0 0 0 0 0 0 0 0 0 0 0 0 0 0 0 0 0 0 0 0 0 0 0 0 0 0 0 0 0 0 0 0 0
    0 0 0 0 0 0 0 0 0 0 0 0 0 0 0 0 0 0 0 0 0 0 0 0 0 0 0 0 0 0 0 0 0 0
    0 0 0 0 0 0 0 0 0 0 0 0 0 0 0 0 0 0 0 0 0 0 0 0 0 0 0 0 0 0 0 0 0 0
    0 0 0 0 0 0 0 0 0 0 0 0 0 0 0 0 0 0 0 0 0 0 0 0 0 0 255 0 0 0 0 0 0
    0 0 0 0 0 0 0 0 0 0 0 0 0 0 0 0 0 0 0 0 0 0 0 0 0 0 0 0 0 0 0 0 0 0
    0 0 0 0 0 0 0 0 0 0 0 0 0 0 0 0 0 0 0 0 0 0 0 0 0 0 0 0 0 0 0 0 0 0
    0 0 0 0 0 0 0 0 0 0 0 0 0 0 0 0 0 0 0 0 0 0 0 0 0 0 0 0 0 0 0 0 0 0
    0 0 0 0 0 0 0 0 0 0 0 255 0 0 0 0 0 0 0 0 0 0 0 0 0 0 0 0 0 0 0 0 0
    0 0 0 0 0 0 0 0 0 0 0 0 0 0 0 0 0 0 0 0 0 0 0 0 0 0 0 0 0 0 0 0 0 0
    0 0 0 0 0 0 0 0 0 0 0 0 0 0 0 0 0 0 0 0 0 0 0 0 0 0 0 0 0 0 0 0 0 0
    0 0 0 0 0 0 0 0 0 0 0 0 0 0 0 0 0 0 0 0 0 0 0 0 0 0 0 0 0 0 0 0 0 0
    0 0 0 0 0 0 0 0 0 0 0 0 255 255 0 0 0 0 0 0 0 0 0 0 0 0 0 0 0 0 0 0
    0 0 0 0 0 0 0 0 0 0 0 0 0 0 0 0 0 0 0 0 0 0 0 0 0 0 0 0 0 0 0 0 0 0
    0 0 0 0 0 0 0 0 0 0 0 0 0 0 0 0 0 0 0 0 0 0 0 0 0 0 0 0 0 0 0 0 0 0
    0 0 0 0 0 0 0 0 0 0 0 0 0 0 0 0 0 0 0 0 0 0 0 0 0 0 0 0 0 0 0 255
    255 0 0 0 0 0 0 0 0 0 0 0 0 0 0 0 0 0 0 0 0 0 0 0 0 0 0 0 0 0 0 0 0
    0 0 0 0 0 0 0 0 0 0 0 0 0 0 0 0 0 0 0 0 0 0 0 0 0 0 0 0 0 0 0 0 0 0
    0 0 0 0 0 0 0 0 0 0 0 0 0 0 0 0 0 0 0 0 0 0 0 0 0 0 0 0 0 0 0 0 0 0
    0 0 0 0 0 0 0 0 0 0 0 0 0 0 0 0 0 0 0 0 0 0 0 0 0 0 0 0 0 0 0 0 0 0
    0 255 255 0 0 0 0 0 0 0 0 0 0 0 0 0 0 0 0 0 0 0 0 0 0 0 0 0 0 0 0 0
    0 0 0 0 0 0 0 0 0 0 0 0 0 0 0 0 0 0 0 0 0 0 0 0 0 0 0 0 0 0 0 0 0 0
    0 0 0 0 0 0 0 0 0 0 0 0 0 0 0 0 0 0 0 0 0 0 0 0 0 0 0 0 0 0 0 0 0 0
    0 0 0 0 0 0 0 0 0 0 0 0 0 0 0 0 0 0 0 0 255 255 0 0 0 0 0 0 0 0 0 0
    0 0 0 0 0 0 0 0 0 0 0 0 0 0 0 0 0 0 0 0 0 0 0 0 0 0 0 0 0 0 0 0 0 0
    0 0 0 0 0 0 0 0 0 0 0 0 0 0 0 0 0 0 0 0 0 0 0 0 0 0 0 0 0 0 0 0 0 0
    0 0 0 0 0 0 0 0 0 0 0 0 0 0 0 0 0 0 0 0 0 0 0 0 0 0 0 0 0 0 0 0 0 0
    0 0 0 0 0 0 0 0 0 0 0 0 0 0 0 0 0 0 0 0 0 0 0 0 255 255 0 0 0 0 0 0
    0 0 0 0 0 0 0 0 0 0 0 0 0 0 0 0 0 0 0 0 0 0 0 0 0 0 0 0 0 0 0 0 0 0
    0 0 0 0 0 0 0 0 0 0 0 0 0 0 0 0 0 0 0 0 0 0 0 0 0 0 0 0 0 0 0 0 0 0
    0 0 0 0 0 0 0 0 0 0 0 0 0 0 0 0 0 0 0 0 0 0 0 0 0 0 0 0 0 0 0 0 0 0
    0 0 0 0 0 0 0 255 255 0 0 0 0 0 0 0 0 0 0 0 0 0 0 0 0 0 0 0 0 0 0 0
    0 0 0 0 0 0 0 0 0 0 0 0 0 0 0 0 0 0 0 0 0 0 0 0 0 0 0 0 0 0 0 0 0 0
    0 0 0 0 0 0 0 0 0 0 0 0 0 0 0 0 0 0 0 0 0 0 0 0 0 0 0 0 0 0 0 0 0 0
    0 0 0 0 0 0 0 0 0 0 0 0 0 0 0 0 0 0 0 0 0 0 0 0 0 0 0 0 0 0 0 0 0 0
    0 0 0 0 0 0 0 0 0 0 0 0 255 255 0 0 0 0 0 0 0 0 0 0 0 0 0 0 0 0 0 0
    0 0 0 0 0 0 0 0 0 0 0 0 0 0 0 0 0 0 0 0 0 0 0 0 0 0 0 0 0 0 0 0 0 0
    0 0 0 0 0 0 0 0 0 0 0 0 0 0 0 0 0 0 0 0 0 0 0 0 0 0 0 0 0 0 0 0 0 0
    0 0 0 0 0 0 0 0 0 0 0 0 0 0 0 0 0 0 0 0 0 0 0 0 0 0 0 0 0 255 255 0
    0 0 0 0 0 0 0 0 0 0 0 0 0 0 0 0 0 0 0 0 0 0 0 0 0 0 0 0 0 0 0 0 0 0
    0 0 0 0 0 0 0 0 0 0 0 0 0 0 0 0 0 0 0 0 0 0 0 0 0 0 0 0 0 0 0 0 0 0
    0 0 0 0 0 0 0 0 0 0 0 0 0 0 0 0 0 0 0 0 0 0 0 0 0 0 0 0 0 0 0 0 0 0
    0 0 0 0 0 0 0 0 0 0 0 0 0 0 0 0 0 0 0 0 0 0 0 0 0 0 0 0 0 0 0 0 0 0
    255 255 0 0 0 0 0 0 0 0 0 0 0 0 0 0 0 0 0 0 0 0 0 0 0 0 0 0 0 0 0 0
    0 0 0 0 0 0 0 0 0 0 0 0 0 0 0 0 0 0 0 0 0 0 0 0 0 0 0 0 0 0 0 0 0 0
    0 0 0 0 0 0 0 0 0 0 0 0 0 0 0 0 0 0 0 0 0 0 0 0 0 0 0 0 0 0 0 0 0 0
    0 0 0 0 0 0 0 0 0 0 0 0 0 0 0 0 0 255 255 0 0 0 0 0 0 0 0 0 0 0 0 0
    0 0 0 0 0 0 0 0 0 0 0 0 0 0 0 0 0 0 0 0 0 0 0 0 0 0 0 0 0 0 0 0 0 0
    0 0 0 0 0 0 0 0 0 0 0 0 0 0 0 0 0 0 0 0 0 0 0 0 0 0 0 0 0 0 0 0 0 0
    0 0 0 0 0 0 0 0 0 0 0 0 0 0 0 0 0 0 0 0 0 0 0 0 0 0 0 0 0 0 0 0 0 0
    0 0 0 0 0 0 0 0 0 0 0 0 0 0 0 0 0 0 0 0 0 0 0 255 255 0 0 0 0 0 0 0
    0 0 0 0 0 0 0 0 0 0 0 0 0 0 0 0 0 0 0 0 0 0 0 0 0 0 0 0 0 0 0 0 0 0
    0 0 0 0 0 0 0 0 0 0 0 0 0 0 0 0 0 0 0 0 0 0 0 0 0 0 0 0 0 0 0 0 0 0
    0 0 0 0 0 0 0 0 0 0 0 0 0 0 0 0 0 0 0 0 0 0 0 0 0 0 0 0 0 0 0 0 0 0
    0 0 0 0 255 255 0 0 0 0 0 0 0 0 0 0 0 0 0 0 0 0 0 0 0 0 0 0 0 0 0 0
    0 0 0 0 0 0 0 0 0 0 0 0 0 0 0 0 0 0 0 0 0 0 0 0 0 0 0 0 0 0 0 0 0 0
    0 0 0 0 0 0 0 0 0 0 0 0 0 0 0 0 0 0 0 0 0 0 0 0 0 0 0 0 0 0 0 0 0 0
    0 0 0 0 0 0 0 0 0 0 0 0 0 0 0 0 0 0 0 0 0 0 0 0 0 0 0 0 0 0 0 0 0 0
    0 0 0 0 0 0 0 0 0 0 0 255 255 0 0 0 0 0 0 0 0 0 0 0 0 0 0 0 0 0 0 0
    0 0 0 0 0 0 0 0 0 0 0 0 0 0 0 0 0 0 0 0 0 0 0 0 0 0 0 0 0 0 0 0 0 0
    0 0 0 0 0 0 0 0 0 0 0 0 0 0 0 0 0 0 0 0 0 0 0 0 0 0 0 0 0 0 0 0 0 0
    0 0 0 0 0 0 0 0 0 0 0 0 0 0 0 0 0 0 0 0 0 0 0 0 0 0 255 255 0 0 0 0
    0 0 0 0 0 0 0 0 0 0 0 0 0 0 0 0 0 0 0 0 0 0 0 0 0 0 0 0 0 0 0 0 0 0
    0 0 0 0 0 0 0 0 0 0 0 0 0 0 0 0 0 0 0 0 0 0 0 0 0 0 0 0 0 0 0 0 0 0
    0 0 0 0 0 0 0 0 0 0 0 0 0 0 0 0 0 0 0 0 0 0 0 0 0 0 0 0 0 0 0 0 0 0
    0 0 0 0 0 0 0 0 0 0 0 0 0 0 0 0 0 0 0 0 0 0 0 0 0 0 0 0 0 0 0 0 0 0
    255 255 0 0 0 0 0 0 0 0 0 0 0 0 0 0 0 0 0 0 0 0 0 0 0 0 0 0 0 0 0 0
    0 0 0 0 0 0 0 0 0 0 0 0 0 0 0 0 0 0 0 0 0 0 0 0 0 0 0 0 0 0 0 0 0 0
    0 0 0 0 0 0 0 0 0 0 0 0 0 0 0 0 0 0 0 0 0 0 0 0 0 0 0 0 0 0 0 0 0 0
    0 0 0 0 0 0 0 0 0 0 0 0 0 255 255 0 0 0 0 0 0 0 0 0 0 0 0 0 0 0 0 0
    0 0 0 0 0 0 0 0 0 0 0 0 0 0 0 0 0 0 0 0 0 0 0 0 0 0 0 0 0 0 0 0 0 0
    0 0 0 0 0 0 0 0 0 0 0 0 0 0 0 0 0 0 0 0 0 0 0 0 0 0 0 0 0 0 0 0 0 0
    0 0 0 0 0 0 0 0 0 0 0 0 0 0 0 0 0 0 0 0 0 0 0 0 0 0 0 0 0 0 0 0 0 0
    0 0 0 0 0 0 0 0 0 0 0 0 0 0 0 0 0 0 0 0 0 0 0 255 255 0 0 0 0 0 0 0
    0 0 0 0 0 0 0 0 0 0 0 0 0 0 0 0 0 0 0 0 0 0 0 0 0 0 0 0 0 0 0 0 0 0
    0 0 0 0 0 0 0 0 0 0 0 0 0 0 0 0 0 0 0 0 0 0 0 0 0 0 0 0 0 0 0 0 0 0
    0 0 0 0 0 0 0 0 0 0 0 0 0 0 0 0 0 0 0 0 0 0 0 0 0 0 0 0 0 0 0 0 0 0
    255 255 0 0 0 0 0 0 0 0 0 0 0 0 0 0 0 0 0 0 0 0 0 0 0 0 0 0 0 0 0 0
    0 0 0 0 0 0 0 0 0 0 0 0 0 0 0 0 0 0 0 0 0 0 0 0 0 0 0 0 0 0 0 0 0 0
    0 0 0 0 0 0 0 0 0 0 0 0 0 0 0 0 0 0 0 0 0 0 0 0 0 0 0 0 0 0 0 0 0 0
    0 0 0 0 0 0 0 0 0 0 0 0 0 0 0 0 0 0 0 0 0 0 0 0 0 0 0 0 0 0 0 0 0 0
    0 0 0 0 0 0 0 0 0 0 0 255 255 0 0 0 0 0 0 0 0 0 0 0 0 0 0 0 0 0 0 0
    0 0 0 0 0 0 0 0 0 0 0 0 0 0 0 0 0 0 0 0 0 0 0 0 0 0 0 0 0 0 0 0 0 0
    0 0 0 0 0 0 0 0 0 0 0 0 0 0 0 0 0 0 0 0 0 0 0 0 0 0 0 0 0 0 0 0 0 0
    0 0 0 0 0 0 0 0 0 0 0 0 0 0 0 0 0 0 0 0 0 0 255 255 0 0 0 0 0 0 0 0
    0 0 0 0 0 0 0 0 0 0 0 0 0 0 0 0 0 0 0 0 0 0 0 0 0 0 0 0 0 0 0 0 0 0
    0 0 0 0 0 0 0 0 0 0 0 0 0 0 0 0 0 0 0 0 0 0 0 0 0 0 0 0 0 0 0 0 0 0
    0 0 0 0 0 0 0 0 0 0 0 0 0 0 0 0 0 0 0 0 0 0 0 0 0 0 0 0 0 0 0 0 0 0
    0 0 0 0 0 0 0 0 0 0 0 0 0 0 0 0 0 0 0 0 0 0 0 0 0 0 0 0 0 0 0 0 0 0
    255 255 0 0 0 0 0 0 0 0 0 0 0 0 0 0 0 0 0 0 0 0 0 0 0 0 0 0 0 0 0 0
    0 0 0 0 0 0 0 0 0 0 0 0 0 0 0 0 0 0 0 0 0 0 0 0 0 0 0 0 0 0 0 0 0 0
    0 0 0 0 0 0 0 0 0 0 0 0 0 0 0 0 0 0 0 0 0 0 0 0 0 0 0 0 0 0 0 0 0 0
    0 0 0 0 0 0 0 0 0 255 255 0 0 0 0 0 0 0 0 0 0 0 0 0 0 0 0 0 0 0 0 0
    0 0 0 0 0 0 0 0 0 0 0 0 0 0 0 0 0 0 0 0 0 0 0 0 0 0 0 0 0 0 0 0 0 0
    0 0 0 0 0 0 0 0 0 0 0 0 0 0 0 0 0 0 0 0 0 0 0 0 0 0 0 0 0 0 0 0 0 0
    0 0 0 0 0 0 0 0 0 0 0 0 0 0 0 0 0 0 0 0 0 0 0 0 0 0 0 0 0 0 0 0 0 0
    0 0 0 0 0 0 0 0 0 0 0 0 0 0 0 0 0 0 0 0 0 0 255 255 0 0 0 0 0 0 0 0
    0 0 0 0 0 0 0 0 0 0 0 0 0 0 0 0 0 0 0 0 0 0 0 0 0 0 0 0 0 0 0 0 0 0
    0 0 0 0 0 0 0 0 0 0 0 0 0 0 0 0 0 0 0 0 0 0 0 0 0 0 0 0 0 0 0 0 0 0
    0 0 0 0 0 0 0 0 0 0 0 0 0 0 0 0 0 0 0 0 0 0 0 0 0 0 0 0 0 0 0 255
    255 0 0 0 0 0 0 0 0 0 0 0 0 0 0 0 0 0 0 0 0 0 0 0 0 0 0 0 0 0 0 0 0
    0 0 0 0 0 0 0 0 0 0 0 0 0 0 0 0 0 0 0 0 0 0 0 0 0 0 0 0 0 0 0 0 0 0
    0 0 0 0 0 0 0 0 0 0 0 0 0 0 0 0 0 0 0 0 0 0 0 0 0 0 0 0 0 0 0 0 0 0
    0 0 0 0 0 0 0 0 0 0 0 0 0 0 0 0 0 0 0 0 0 0 0 0 0 0 0 0 0 0 0 0 0 0
    0 0 0 0 0 0 0 0 0 0 0 0 255 255 0 0 0 0 0 0 0 0 0 0 0 0 0 0 0 0 0 0
    0 0 0 0 0 0 0 0 0 0 0 0 0 0 0 0 0 0 0 0 0 0 0 0 0 0 0 0 0 0 0 0 0 0
    0 0 0 0 0 0 0 0 0 0 0 0 0 0 0 0 0 0 0 0 0 0 0 0 0 0 0 0 0 0 0 0 0 0
    0 0 0 0 0 0 0 0 0 0 0 0 0 0 0 0 0 0 0 255 255 0 0 0 0 0 0 0 0 0 0 0
    0 0 0 0 0 0 0 0 0 0 0 0 0 0 0 0 0 0 0 0 0 0 0 0 0 0 0 0 0 0 0 0 0 0
    0 0 0 0 0 0 0 0 0 0 0 0 0 0 0 0 0 0 0 0 0 0 0 0 0 0 0 0 0 0 0 0 0 0
    0 0 0 0 0 0 0 0 0 0 0 0 0 0 0 0 0 0 0 0 0 0 0 0 0 0 0 0 0 0 0 0 0 0
    0 0 0 0 0 0 0 0 0 0 0 0 0 0 0 0 0 0 0 0 0 0 0 0 0 0 0 0 0 0 0 0 0 0
    0 255 255 0 0 0 0 0 0 0 0 0 0 0 0 0 0 0 0 0 0 0 0 0 0 0 0 0 0 0 0 0
    0 0 0 0 0 0 0 0 0 0 0 0 0 0 0 0 0 0 0 0 0 0 0 0 0 0 0 0 0 0 0 0 0 0
    0 0 0 0 0 0 0 0 0 0 0 0 0 0 0 0 0 0 0 0 0 0 0 0 0 0 0 0 0 0 0 0 0 0
    0 0 0 0 0 0 255 255 0 0 0 0 0 0 0 0 0 0 0 0 0 0 0 0 0 0 0 0 0 0 0 0
    0 0 0 0 0 0 0 0 0 0 0 0 0 0 0 0 0 0 0 0 0 0 0 0 0 0 0 0 0 0 0 0 0 0
    0 0 0 0 0 0 0 0 0 0 0 0 0 0 0 0 0 0 0 0 0 0 0 0 0 0 0 0 0 0 0 0 0 0
    0 0 0 0 0 0 0 0 0 0 0 0 0 0 0 0 0 0 0 0 0 0 0 0 0 0 0 0 0 0 0 0 0 0
    0 0 0 0 0 0 0 0 0 0 0 0 0 0 0 0 0 0 0 0 0 0 0 255 255 0 0 0 0 0 0 0
    0 0 0 0 0 0 0 0 0 0 0 0 0 0 0 0 0 0 0 0 0 0 0 0 0 0 0 0 0 0 0 0 0 0
    0 0 0 0 0 0 0 0 0 0 0 0 0 0 0 0 0 0 0 0 0 0 0 0 0 0 0 0 0 0 0 0 0 0
    0 0 0 0 0 0 0 0 0 0 0 0 0 0 0 0 0 0 0 0 0 0 0 0 0 0 0 0 255 255 0 0
    0 0 0 0 0 0 0 0 0 0 0 0 0 0 0 0 0 0 0 0 0 0 0 0 0 0 0 0 0 0 0 0 0 0
    0 0 0 0 0 0 0 0 0 0 0 0 0 0 0 0 0 0 0 0 0 0 0 0 0 0 0 0 0 0 0 0 0 0
    0 0 0 0 0 0 0 0 0 0 0 0 0 0 0 0 0 0 0 0 0 0 0 0 0 0 0 0 0 0 0 0 0 0
    0 0 0 0 0 0 0 0 0 0 0 0 0 0 0 0 0 0 0 0 0 0 0 0 0 0 0 0 0 0 0 0 0 0
    0 0 0 0 0 0 0 0 0 0 0 0 255 255 0 0 0 0 0 0 0 0 0 0 0 0 0 0 0 0 0 0
    0 0 0 0 0 0 0 0 0 0 0 0 0 0 0 0 0 0 0 0 0 0 0 0 0 0 0 0 0 0 0 0 0 0
    0 0 0 0 0 0 0 0 0 0 0 0 0 0 0 0 0 0 0 0 0 0 0 0 0 0 0 0 0 0 0 0 0 0
    0 0 0 0 0 0 0 0 0 0 0 0 0 0 0 255 255 0 0 0 0 0 0 0 0 0 0 0 0 0 0 0
    0 0 0 0 0 0 0 0 0 0 0 0 0 0 0 0 0 0 0 0 0 0 0 0 0 0 0 0 0 0 0 0 0 0
    0 0 0 0 0 0 0 0 0 0 0 0 0 0 0 0 0 0 0 0 0 0 0 0 0 0 0 0 0 0 0 0 0 0
    0 0 0 0 0 0 0 0 0 0 0 0 0 0 0 0 0 0 0 0 0 0 0 0 0 0 0 0 0 0 0 0 0 0
    0 0 0 0 0 0 0 0 0 0 0 0 0 0 0 0 0 0 0 0 0 0 0 0 0 0 0 0 0 0 0 0 0 0
    0 255 255 0 0 0 0 0 0 0 0 0 0 0 0 0 0 0 0 0 0 0 0 0 0 0 0 0 0 0 0 0
    0 0 0 0 0 0 0 0 0 0 0 0 0 0 0 0 0 0 0 0 0 0 0 0 0 0 0 0 0 0 0 0 0 0
    0 0 0 0 0 0 0 0 0 0 0 0 0 0 0 0 0 0 0 0 0 0 0 0 0 0 0 0 0 0 0 0 0 0
    0 0 255 255 0 0 0 0 0 0 0 0 0 0 0 0 0 0 0 0 0 0 0 0 0 0 0 0 0 0 0 0
    0 0 0 0 0 0 0 0 0 0 0 0 0 0 0 0 0 0 0 0 0 0 0 0 0 0 0 0 0 0 0 0 0 0
    0 0 0 0 0 0 0 0 0 0 0 0 0 0 0 0 0 0 0 0 0 0 0 0 0 0 0 0 0 0 0 0 0 0
    0 0 0 0 0 0 0 0 0 0 0 0 0 0 0 0 0 0 0 0 0 0 0 0 0 0 0 0 0 0 0 0 0 0
    0 0 0 0 0 0 0 0 0 0 0 0 0 0 0 0 0 0 0 0 0 0 0 0 255 255 0 0 0 0 0 0
    0 0 0 0 0 0 0 0 0 0 0 0 0 0 0 0 0 0 0 0 0 0 0 0 0 0 0 0 0 0 0 0 0 0
    0 0 0 0 0 0 0 0 0 0 0 0 0 0 0 0 0 0 0 0 0 0 0 0 0 0 0 0 0 0 0 0 0 0
    0 0 0 0 0 0 0 0 0 0 0 0 0 0 0 0 0 0 0 0 0 0 0 255 255 0 0 0 0 0 0 0
    0 0 0 0 0 0 0 0 0 0 0 0 0 0 0 0 0 0 0 0 0 0 0 0 0 0 0 0 0 0 0 0 0 0
    0 0 0 0 0 0 0 0 0 0 0 0 0 0 0 0 0 0 0 0 0 0 0 0 0 0 0 0 0 0 0 0 0 0
    0 0 0 0 0 0 0 0 0 0 0 0 0 0 0 0 0 0 0 0 0 0 0 0 0 0 0 0 0 0 0 0 0 0
    0 0 0 0 0 0 0 0 0 0 0 0 0 0 0 0 0 0 0 0 0 0 0 0 0 0 0 0 0 0 0 0 0 0
    0 0 0 0 0 0 0 0 0 0 0 0 255 255 0 0 0 0 0 0 0 0 0 0 0 0 0 0 0 0 0 0
    0 0 0 0 0 0 0 0 0 0 0 0 0 0 0 0 0 0 0 0 0 0 0 0 0 0 0 0 0 0 0 0 0 0
    0 0 0 0 0 0 0 0 0 0 0 0 0 0 0 0 0 0 0 0 0 0 0 0 0 0 0 0 0 0 0 0 0 0
    0 0 0 0 0 0 0 0 0 0 0 255 255 0 0 0 0 0 0 0 0 0 0 0 0 0 0 0 0 0 0 0
    0 0 0 0 0 0 0 0 0 0 0 0 0 0 0 0 0 0 0 0 0 0 0 0 0 0 0 0 0 0 0 0 0 0
    0 0 0 0 0 0 0 0 0 0 0 0 0 0 0 0 0 0 0 0 0 0 0 0 0 0 0 0 0 0 0 0 0 0
    0 0 0 0 0 0 0 0 0 0 0 0 0 0 0 0 0 0 0 0 0 0 0 0 0 0 0 0 0 0 0 0 0 0
    0 0 0 0 0 0 0 0 0 0 0 0 0 0 0 0 0 0 0 0 0 0 0 0 0 0 0 0 0 0 0 0 0 0
    0 255 255 0 0 0 0 0 0 0 0 0 0 0 0 0 0 0 0 0 0 0 0 0 0 0 0 0 0 0 0 0
    0 0 0 0 0 0 0 0 0 0 0 0 0 0 0 0 0 0 0 0 0 0 0 0 0 0 0 0 0 0 0 0 0 0
    0 0 0 0 0 0 0 0 0 0 0 0 0 0 0 0 0 0 0 0 0 0 0 0 0 0 0 0 0 0 0 0 255
    255 0 0 0 0 0 0 0 0 0 0 0 0 0 0 0 0 0 0 0 0 0 0 0 0 0 0 0 0 0 0 0 0
    0 0 0 0 0 0 0 0 0 0 0 0 0 0 0 0 0 0 0 0 0 0 0 0 0 0 0 0 0 0 0 0 0 0
    0 0 0 0 0 0 0 0 0 0 0 0 0 0 0 0 0 0 0 0 0 0 0 0 0 0 0 0 0 0 0 0 0 0
    0 0 0 0 0 0 0 0 0 0 0 0 0 0 0 0 0 0 0 0 0 0 0 0 0 0 0 0 0 0 0 0 0 0
    0 0 0 0 0 0 0 0 0 0 0 0 0 0 0 0 0 0 0 0 0 0 0 0 255 255 0 0 0 0 0 0
    0 0 0 0 0 0 0 0 0 0 0 0 0 0 0 0 0 0 0 0 0 0 0 0 0 0 0 0 0 0 0 0 0 0
    0 0 0 0 0 0 0 0 0 0 0 0 0 0 0 0 0 0 0 0 0 0 0 0 0 0 0 0 0 0 0 0 0 0
    0 0 0 0 0 0 0 0 0 0 0 0 0 0 0 0 0 0 0 255 255 0 0 0 0 0 0 0 0 0 0 0
    0 0 0 0 0 0 0 0 0 0 0 0 0 0 0 0 0 0 0 0 0 0 0 0 0 0 0 0 0 0 0 0 0 0
    0 0 0 0 0 0 0 0 0 0 0 0 0 0 0 0 0 0 0 0 0 0 0 0 0 0 0 0 0 0 0 0 0 0
    0 0 0 0 0 0 0 0 0 0 0 0 0 0 0 0 0 0 0 0 0 0 0 0 0 0 0 0 0 0 0 0 0 0
    0 0 0 0 0 0 0 0 0 0 0 0 0 0 0 0 0 0 0 0 0 0 0 0 0 0 0 0 0 0 0 0 0 0
    0 0 0 0 0 0 0 0 0 0 0 0 0 255 255 0 0 0 0 0 0 0 0 0 0 0 0 0 0 0 0 0
    0 0 0 0 0 0 0 0 0 0 0 0 0 0 0 0 0 0 0 0 0 0 0 0 0 0 0 0 0 0 0 0 0 0
    0 0 0 0 0 0 0 0 0 0 0 0 0 0 0 0 0 0 0 0 0 0 0 0 0 0 0 0 0 0 0 0 0 0
    0 0 0 0 0 0 255 255 0 0 0 0 0 0 0 0 0 0 0 0 0 0 0 0 0 0 0 0 0 0 0 0
    0 0 0 0 0 0 0 0 0 0 0 0 0 0 0 0 0 0 0 0 0 0 0 0 0 0 0 0 0 0 0 0 0 0
    0 0 0 0 0 0 0 0 0 0 0 0 0 0 0 0 0 0 0 0 0 0 0 0 0 0 0 0 0 0 0 0 0 0
    0 0 0 0 0 0 0 0 0 0 0 0 0 0 0 0 0 0 0 0 0 0 0 0 0 0 0 0 0 0 0 0 0 0
    0 0 0 0 0 0 0 0 0 0 0 0 0 0 0 0 0 0 0 0 0 0 0 0 0 0 0 0 0 0 0 0 0 0
    0 0 255 255 0 0 0 0 0 0 0 0 0 0 0 0 0 0 0 0 0 0 0 0 0 0 0 0 0 0 0 0
    0 0 0 0 0 0 0 0 0 0 0 0 0 0 0 0 0 0 0 0 0 0 0 0 0 0 0 0 0 0 0 0 0 0
    0 0 0 0 0 0 0 0 0 0 0 0 0 0 0 0 0 0 0 0 0 0 0 0 0 0 0 255 255 0 0 0
    0 0 0 0 0 0 0 0 0 0 0 0 0 0 0 0 0 0 0 0 0 0 0 0 0 0 0 0 0 0 0 0 0 0
    0 0 0 0 0 0 0 0 0 0 0 0 0 0 0 0 0 0 0 0 0 0 0 0 0 0 0 0 0 0 0 0 0 0
    0 0 0 0 0 0 0 0 0 0 0 0 0 0 0 0 0 0 0 0 0 0 0 0 0 0 0 0 0 0 0 0 0 0
    0 0 0 0 0 0 0 0 0 0 0 0 0 0 0 0 0 0 0 0 0 0 0 0 0 0 0 0 0 0 0 0 0 0
    0 0 0 0 0 0 0 0 0 0 0 0 0 0 0 0 0 0 0 0 0 0 0 0 0 255 255 0 0 0 0 0
    0 0 0 0 0 0 0 0 0 0 0 0 0 0 0 0 0 0 0 0 0 0 0 0 0 0 0 0 0 0 0 0 0 0
    0 0 0 0 0 0 0 0 0 0 0 0 0 0 0 0 0 0 0 0 0 0 0 0 0 0 0 0 0 0 0 0 0 0
    0 0 0 0 0 0 0 0 0 0 0 0 0 0 255 255 0 0 0 0 0 0 0 0 0 0 0 0 0 0 0 0
    0 0 0 0 0 0 0 0 0 0 0 0 0 0 0 0 0 0 0 0 0 0 0 0 0 0 0 0 0 0 0 0 0 0
    0 0 0 0 0 0 0 0 0 0 0 0 0 0 0 0 0 0 0 0 0 0 0 0 0 0 0 0 0 0 0 0 0 0
    0 0 0 0 0 0 0 0 0 0 0 0 0 0 0 0 0 0 0 0 0 0 0 0 0 0 0 0 0 0 0 0 0 0
    0 0 0 0 0 0 0 0 0 0 0 0 0 0 0 0 0 0 0 0 0 0 0 0 0 0 0 0 0 0 0 0 0 0
    0 0 0 0 0 0 0 0 0 0 0 0 0 0 255 255 0 0 0 0 0 0 0 0 0 0 0 0 0 0 0 0
    0 0 0 0 0 0 0 0 0 0 0 0 0 0 0 0 0 0 0 0 0 0 0 0 0 0 0 0 0 0 0 0 0 0
    0 0 0 0 0 0 0 0 0 0 0 0 0 0 0 0 0 0 0 0 0 0 0 0 0 0 0 0 0 0 0 0 0 0
    0 255 255 0 0 0 0 0 0 0 0 0 0 0 0 0 0 0 0 0 0 0 0 0 0 0 0 0 0 0 0 0
    0 0 0 0 0 0 0 0 0 0 0 0 0 0 0 0 0 0 0 0 0 0 0 0 0 0 0 0 0 0 0 0 0 0
    0 0 0 0 0 0 0 0 0 0 0 0 0 0 0 0 0 0 0 0 0 0 0 0 0 0 0 0 0 0 0 0 0 0
    0 0 0 0 0 0 0 0 0 0 0 0 0 0 0 0 0 0 0 0 0 0 0 0 0 0 0 0 0 0 0 0 0 0
    0 0 0 0 0 0 0 0 0 0 0 0 0 0 0 0 0 0 0 0 0 0 0 0 0 0 0 0 0 0 0 0 0 0
    0 0 0 255 255 0 0 0 0 0 0 0 0 0 0 0 0 0 0 0 0 0 0 0 0 0 0 0 0 0 0 0
    0 0 0 0 0 0 0 0 0 0 0 0 0 0 0 0 0 0 0 0 0 0 0 0 0 0 0 0 0 0 0 0 0 0
    0 0 0 0 0 0 0 0 0 0 0 0 0 0 0 0 0 0 0 0 0 0 255 255 0 0 0 0 0 0 0 0
    0 0 0 0 0 0 0 0 0 0 0 0 0 0 0 0 0 0 0 0 0 0 0 0 0 0 0 0 0 0 0 0 0 0
    0 0 0 0 0 0 0 0 0 0 0 0 0 0 0 0 0 0 0 0 0 0 0 0 0 0 0 0 0 0 0 0 0 0
    0 0 0 0 0 0 0 0 0 0 0 0 0 0 0 0 0 0 0 0 0 0 0 0 0 0 0 0 0 0 0 0 0 0
    0 0 0 0 0 0 0 0 0 0 0 0 0 0 0 0 0 0 0 0 0 0 0 0 0 0 0 0 0 0 0 0 0 0
    0 0 0 0 0 0 0 0 0 0 0 0 0 0 0 0 0 0 0 0 0 0 0 0 0 0 255 255 255 0 0
    0 0 0 0 0 0 0 0 0 0 0 0 0 0 0 0 0 0 0 0 0 0 0 0 0 0 0 0 0 0 0 0 0 0
    0 0 0 0 0 0 0 0 0 0 0 0 0 0 0 0 0 0 0 0 0 0 0 0 0 0 0 0 0 0 0 0 0 0
    0 0 0 0 0 0 0 0 0 255 255 255 0 0 0 0 0 0 0 0 0 0 0 0 0 0 0 0 0 0 0
    0 0 0 0 0 0 0 0 0 0 0 0 0 0 0 0 0 0 0 0 0 0 0 0 0 0 0 0 0 0 0 0 0 0
    0 0 0 0 0 0 0 0 0 0 0 0 0 0 0 0 0 0 0 0 0 0 0 0 0 0 0 0 0 0 0 0 0 0
    0 0 0 0 0 0 0 0 0 0 0 0 0 0 0 0 0 0 0 0 0 0 0 0 0 0 0 0 0 0 0 0 0 0
    0 0 0 0 0 0 0 0 0 0 0 0 0 0 0 0 0 0 0 0 0 0 0 0 0 0 0 0 0 0 0 0 0 0
    0 0 0 0 0 0 0 0 0 0 0 0 0 0 0 0 0 255 255 255 0 0 0 0 0 0 0 0 0 0 0
    0 0 0 0 0 0 0 0 0 0 0 0 0 0 0 0 0 0 0 0 0 0 0 0 0 0 0 0 0 0 0 0 0 0
    0 0 0 0 0 0 0 0 0 0 0 0 0 0 0 0 0 0 0 0 0 0 0 0 0 0 0 0 0 0 0 0 255
    255 255 0 0 0 0 0 0 0 0 0 0 0 0 0 0 0 0 0 0 0 0 0 0 0 0 0 0 0 0 0 0
    0 0 0 0 0 0 0 0 0 0 0 0 0 0 0 0 0 0 0 0 0 0 0 0 0 0 0 0 0 0 0 0 0 0
    0 0 0 0 0 0 0 0 0 0 0 0 0 0 0 0 0 0 0 0 0 0 0 0 0 0 0 0 0 0 0 0 0 0
    0 0 0 0 0 0 0 0 0 0 0 0 0 0 0 0 0 0 0 0 0 0 0 0 0 0 0 0 0 0 0 0 0 0
    0 0 0 0 0 0 0 0 0 0 0 0 0 0 0 0 0 0 0 0 0 0 0 0 0 0 0 0 0 0 0 0 0 0
    0 0 0 0 0 0 0 0 0 255 255 0 0 0 0 0 0 0 0 0 0 0 0 0 0 0 0 0 0 0 0 0
    0 0 0 0 0 0 0 0 0 0 0 0 0 0 0 0 0 0 0 0 0 0 0 0 0 0 0 0 0 0 0 0 0 0
    0 0 0 0 0 0 0 0 0 0 0 0 0 0 0 0 0 0 0 0 255 255 0 0 0 0 0 0 0 0 0 0
    0 0 0 0 0 0 0 0 0 0 0 0 0 0 0 0 0 0 0 0 0 0 0 0 0 0 0 0 0 0 0 0 0 0
    0 0 0 0 0 0 0 0 0 0 0 0 0 0 0 0 0 0 0 0 0 0 0 0 0 0 0 0 0 0 0 0 0 0
    0 0 0 0 0 0 0 0 0 0 0 0 0 0 0 0 0 0 0 0 0 0 0 0 0 0 0 0 0 0 0 0 0 0
    0 0 0 0 0 0 0 0 0 0 0 0 0 0 0 0 0 0 0 0 0 0 0 0 0 0 0 0 0 0 0 0 0 0
    0 0 0 0 0 0 0 0 0 0 0 0 0 0 0 0 0 0 0 0 0 0 0 0 0 0 0 0 0 0 0 0 255
    255 255 0 0 0 0 0 0 0 0 0 0 0 0 0 0 0 0 0 0 0 0 0 0 0 0 0 0 0 0 0 0
    0 0 0 0 0 0 0 0 0 0 0 0 0 0 0 0 0 0 0 0 0 0 0 0 0 0 0 0 0 0 0 0 0 0
    0 0 0 0 0 0 0 255 255 255 0 0 0 0 0 0 0 0 0 0 0 0 0 0 0 0 0 0 0 0 0
    0 0 0 0 0 0 0 0 0 0 0 0 0 0 0 0 0 0 0 0 0 0 0 0 0 0 0 0 0 0 0 0 0 0
    0 0 0 0 0 0 0 0 0 0 0 0 0 0 0 0 0 0 0 0 0 0 0 0 0 0 0 0 0 0 0 0 0 0
    0 0 0 0 0 0 0 0 0 0 0 0 0 0 0 0 0 0 0 0 0 0 0 0 0 0 0 0 0 0 0 0 0 0
    0 0 0 0 0 0 0 0 0 0 0 0 0 0 0 0 0 0 0 0 0 0 0 0 0 0 0 0 0 0 0 0 0 0
    0 0 0 0 0 0 0 0 0 0 0 0 0 0 0 0 0 0 0 0 0 0 0 255 255 255 0 0 0 0 0
    0 0 0 0 0 0 0 0 0 0 0 0 0 0 0 0 0 0 0 0 0 0 0 0 0 0 0 0 0 0 0 0 0 0
    0 0 0 0 0 0 0 0 0 0 0 0 0 0 0 0 0 0 0 0 0 0 0 0 0 0 0 0 0 0 255 255
    255 0 0 0 0 0 0 0 0 0 0 0 0 0 0 0 0 0 0 0 0 0 0 0 0 0 0 0 0 0 0 0 0
    0 0 0 0 0 0 0 0 0 0 0 0 0 0 0 0 0 0 0 0 0 0 0 0 0 0 0 0 0 0 0 0 0 0
    0 0 0 0 0 0 0 0 0 0 0 0 0 0 0 0 0 0 0 0 0 0 0 0 0 0 0 0 0 0 0 0 0 0
    0 0 0 0 0 0 0 0 0 0 0 0 0 0 0 0 0 0 0 0 0 0 0 0 0 0 0 0 0 0 0 0 0 0
    0 0 0 0 0 0 0 0 0 0 0 0 0 0 0 0 0 0 0 0 0 0 0 0 0 0 0 0 0 0 0 0 0 0
    0 0 0 0 0 0 0 0 0 0 0 0 0 0 0 255 255 255 0 0 0 0 0 0 0 0 0 0 0 0 0
    0 0 0 0 0 0 0 0 0 0 0 0 0 0 0 0 0 0 0 0 0 0 0 0 0 0 0 0 0 0 0 0 0 0
    0 0 0 0 0 0 0 0 0 0 0 0 0 0 0 0 0 0 255 255 255 0 0 0 0 0 0 0 0 0 0
    0 0 0 0 0 0 0 0 0 0 0 0 0 0 0 0 0 0 0 0 0 0 0 0 0 0 0 0 0 0 0 0 0 0
    0 0 0 0 0 0 0 0 0 0 0 0 0 0 0 0 0 0 0 0 0 0 0 0 0 0 0 0 0 0 0 0 0 0
    0 0 0 0 0 0 0 0 0 0 0 0 0 0 0 0 0 0 0 0 0 0 0 0 0 0 0 0 0 0 0 0 0 0
    0 0 0 0 0 0 0 0 0 0 0 0 0 0 0 0 0 0 0 0 0 0 0 0 0 0 0 0 0 0 0 0 0 0
    0 0 0 0 0 0 0 0 0 0 0 0 0 0 0 0 0 0 0 0 0 0 0 0 0 0 0 0 0 0 0 0 0 0
    0 0 0 0 0 0 255 255 255 255 0 0 0 0 0 0 0 0 0 0 0 0 0 0 0 0 0 0 0 0
    0 0 0 0 0 0 0 0 0 0 0 0 0 0 0 0 0 0 0 0 0 0 0 0 0 0 0 0 0 0 0 0 0 0
    0 0 0 0 0 0 0 255 255 255 255 0 0 0 0 0 0 0 0 0 0 0 0 0 0 0 0 0 0 0
    0 0 0 0 0 0 0 0 0 0 0 0 0 0 0 0 0 0 0 0 0 0 0 0 0 0 0 0 0 0 0 0 0 0
    0 0 0 0 0 0 0 0 0 0 0 0 0 0 0 0 0 0 0 0 0 0 0 0 0 0 0 0 0 0 0 0 0 0
    0 0 0 0 0 0 0 0 0 0 0 0 0 0 0 0 0 0 0 0 0 0 0 0 0 0 0 0 0 0 0 0 0 0
    0 0 0 0 0 0 0 0 0 0 0 0 0 0 0 0 0 0 0 0 0 0 0 0 0 0 0 0 0 0 0 0 0 0
    0 0 0 0 0 0 0 0 0 0 0 0 0 0 0 0 0 0 0 0 0 0 0 0 0 0 0 0 0 0 0 0 0 0
    255 255 255 0 0 0 0 0 0 0 0 0 0 0 0 0 0 0 0 0 0 0 0 0 0 0 0 0 0 0 0
    0 0 0 0 0 0 0 0 0 0 0 0 0 0 0 0 0 0 0 0 0 0 0 0 0 0 0 0 0 0 0 255
    255 255 0 0 0 0 0 0 0 0 0 0 0 0 0 0 0 0 0 0 0 0 0 0 0 0 0 0 0 0 0 0
    0 0 0 0 0 0 0 0 0 0 0 0 0 0 0 0 0 0 0 0 0 0 0 0 0 0 0 0 0 0 0 0 0 0
    0 0 0 0 0 0 0 0 0 0 0 0 0 0 0 0 0 0 0 0 0 0 0 0 0 0 0 0 0 0 0 0 0 0
    0 0 0 0 0 0 0 0 0 0 0 0 0 0 0 0 0 0 0 0 0 0 0 0 0 0 0 0 0 0 0 0 0 0
    0 0 0 0 0 0 0 0 0 0 0 0 0 0 0 0 0 0 0 0 0 0 0 0 0 0 0 0 0 0 0 0 0 0
    0 0 0 0 0 0 0 0 0 0 0 0 0 0 0 0 0 0 0 0 0 0 0 0 0 0 0 255 255 255 0
    0 0 0 0 0 0 0 0 0 0 0 0 0 0 0 0 0 0 0 0 0 0 0 0 0 0 0 0 0 0 0 0 0 0
    0 0 0 0 0 0 0 0 0 0 0 0 0 0 0 0 0 0 0 0 255 255 255 0 0 0 0 0 0 0 0
    0 0 0 0 0 0 0 0 0 0 0 0 0 0 0 0 0 0 0 0 0 0 0 0 0 0 0 0 0 0 0 0 0 0
    0 0 0 0 0 0 0 0 0 0 0 0 0 0 0 0 0 0 0 0 0 0 0 0 0 0 0 0 0 0 0 0 0 0
    0 0 0 0 0 0 0 0 0 0 0 0 0 0 0 0 0 0 0 0 0 0 0 0 0 0 0 0 0 0 0 0 0 0
    0 0 0 0 0 0 0 0 0 0 0 0 0 0 0 0 0 0 0 0 0 0 0 0 0 0 0 0 0 0 0 0 0 0
    0 0 0 0 0 0 0 0 0 0 0 0 0 0 0 0 0 0 0 0 0 0 0 0 0 0 0 0 0 0 0 0 0 0
    0 0 0 0 0 0 0 0 0 0 0 0 0 0 0 0 0 0 255 255 255 255 255 0 0 0 0 0 0
    0 0 0 0 0 0 0 0 0 0 0 0 0 0 0 0 0 0 0 0 0 0 0 0 0 0 0 0 0 0 0 0 0 0
    0 0 0 0 0 0 0 0 0 0 255 255 255 255 0 0 0 0 0 0 0 0 0 0 0 0 0 0 0 0
    0 0 0 0 0 0 0 0 0 0 0 0 0 0 0 0 0 0 0 0 0 0 0 0 0 0 0 0 0 0 0 0 0 0
    0 0 0 0 0 0 0 0 0 0 0 0 0 0 0 0 0 0 0 0 0 0 0 0 0 0 0 0 0 0 0 0 0 0
    0 0 0 0 0 0 0 0 0 0 0 0 0 0 0 0 0 0 0 0 0 0 0 0 0 0 0 0 0 0 0 0 0 0
    0 0 0 0 0 0 0 0 0 0 0 0 0 0 0 0 0 0 0 0 0 0 0 0 0 0 0 0 0 0 0 0 0 0
    0 0 0 0 0 0 0 0 0 0 0 0 0 0 0 0 0 0 0 0 0 0 0 0 0 0 0 0 0 0 0 0 0 0
    0 0 0 0 0 0 0 0 0 0 0 0 0 255 255 255 255 255 0 0 0 0 0 0 0 0 0 0 0
    0 0 0 0 0 0 0 0 0 0 0 0 0 0 0 0 0 0 0 0 0 0 0 0 0 0 0 0 0 0 0 0 0 0
    255 255 255 255 255 0 0 0 0 0 0 0 0 0 0 0 0 0 0 0 0 0 0 0 0 0 0 0 0
    0 0 0 0 0 0 0 0 0 0 0 0 0 0 0 0 0 0 0 0 0 0 0 0 0 0 0 0 0 0 0 0 0 0
    0 0 0 0 0 0 0 0 0 0 0 0 0 0 0 0 0 0 0 0 0 0 0 0 0 0 0 0 0 0 0 0 0 0
    0 0 0 0 0 0 0 0 0 0 0 0 0 0 0 0 0 0 0 0 0 0 0 0 0 0 0 0 0 0 0 0 0 0
    0 0 0 0 0 0 0 0 0 0 0 0 0 0 0 0 0 0 0 0 0 0 0 0 0 0 0 0 0 0 0 0 0 0
    0 0 0 0 0 0 0 0 0 0 0 0 0 0 0 0 0 0 0 0 0 0 0 0 0 0 0 0 0 0 0 0 0 0
    0 0 0 0 0 0 0 0 0 0 255 255 255 255 255 0 0 0 0 0 0 0 0 0 0 0 0 0 0
    0 0 0 0 0 0 0 0 0 0 0 0 0 0 0 0 0 0 0 0 0 0 0 0 0 0 255 255 255 255
    0 0 0 0 0 0 0 0 0 0 0 0 0 0 0 0 0 0 0 0 0 0 0 0 0 0 0 0 0 0 0 0 0 0
    0 0 0 0 0 0 0 0 0 0 0 0 0 0 0 0 0 0 0 0 0 0 0 0 0 0 0 0 0 0 0 0 0 0
    0 0 0 0 0 0 0 0 0 0 0 0 0 0 0 0 0 0 0 0 0 0 0 0 0 0 0 0 0 0 0 0 0 0
    0 0 0 0 0 0 0 0 0 0 0 0 0 0 0 0 0 0 0 0 0 0 0 0 0 0 0 0 0 0 0 0 0 0
    0 0 0 0 0 0 0 0 0 0 0 0 0 0 0 0 0 0 0 0 0 0 0 0 0 0 0 0 0 0 0 0 0 0
    0 0 0 0 0 0 0 0 0 0 0 0 0 0 0 0 0 0 0 0 0 0 0 0 0 0 0 0 0 0 0 0 0 0
    0 0 0 0 0 255 255 255 255 255 255 255 0 0 0 0 0 0 0 0 0 0 0 0 0 0 0
    0 0 0 0 0 0 0 0 0 0 0 0 0 0 0 0 255 255 255 255 255 255 255 0 0 0 0
    0 0 0 0 0 0 0 0 0 0 0 0 0 0 0 0 0 0 0 0 0 0 0 0 0 0 0 0 0 0 0 0 0 0
    0 0 0 0 0 0 0 0 0 0 0 0 0 0 0 0 0 0 0 0 0 0 0 0 0 0 0 0 0 0 0 0 0 0
    0 0 0 0 0 0 0 0 0 0 0 0 0 0 0 0 0 0 0 0 0 0 0 0 0 0 0 0 0 0 0 0 0 0
    0 0 0 0 0 0 0 0 0 0 0 0 0 0 0 0 0 0 0 0 0 0 0 0 0 0 0 0 0 0 0 0 0 0
    0 0 0 0 0 0 0 0 0 0 0 0 0 0 0 0 0 0 0 0 0 0 0 0 0 0 0 0 0 0 0 0 0 0
    0 0 0 0 0 0 0 0 0 0 0 0 0 0 0 0 0 0 0 0 0 0 0 0 0 0 0 0 0 0 0 0 0 0
    0 0 0 0 0 0 0 255 255 255 255 255 255 0 0 0 0 0 0 0 0 0 0 0 0 0 0 0
    0 0 0 0 0 0 0 0 0 255 255 255 255 255 255 255 0 0 0 0 0 0 0 0 0 0 0
    0 0 0 0 0 0 0 0 0 0 0 0 0 0 0 0 0 0 0 0 0 0 0 0 0 0 0 0 0 0 0 0 0 0
    0 0 0 0 0 0 0 0 0 0 0 0 0 0 0 0 0 0 0 0 0 0 0 0 0 0 0 0 0 0 0 0 0 0
    0 0 0 0 0 0 0 0 0 0 0 0 0 0 0 0 0 0 0 0 0 0 0 0 0 0 0 0 0 0 0 0 0 0
    0 0 0 0 0 0 0 0 0 0 0 0 0 0 0 0 0 0 0 0 0 0 0 0 0 0 0 0 0 0 0 0 0 0
    0 0 0 0 0 0 0 0 0 0 0 0 0 0 0 0 0 0 0 0 0 0 0 0 0 0 0 0 0 0 0 0 0 0
    0 0 0 0 0 0 0 0 0 0 0 0 0 0 0 0 0 0 0 0 0 0 0 0 0 0 0 0 0 0 0 0 0 0
    0 0 0 0 0 0 0 255 255 255 255 255 255 255 255 255 255 255 255 255
    255 255 0 0 255 255 255 255 255 255 255 255 255 255 255 255 255 255
    0 0 0 0 0 0 0 0 0 0 0 0 0 0 0 0 0 0 0 0 0 0 0 0 0 0 0 0 0 0 0 0 0 0
    0 0 0 0 0 0 0 0 0 0 0 0 0 0 0 0 0 0 0 0 0 0 0 0 0 0 0 0 0 0 0 0 0 0
    0 0 0 0 0 0 0 0 0 0 0 0 0 0 0 0 0 0 0 0 0 0 0 0 0 0 0 0 0 0 0 0 0 0
    0 0 0 0 0 0 0 0 0 0 0 0 0 0 0 0 0 0 0 0 0 0 0 0 0 0 0 0 0 0 0 0 0 0
    0 0 0 0 0 0 0 0 0 0 0 0 0 0 0 0 0 0 0 0 0 0 0 0 0 0 0 0 0 0 0 0 0 0
    0 0 0 0 0 0 0 0 0 0 0 0 0 0 0 0 0 0 0 0 0 0 0 0 0 0 0 0 0 0 0 0 0 0
    0 0 0 0 0 0 0 0 0 0 0 0 0 0 0 0 0 0 0 0 0 0 0 0 0 255 255 255 255
    255 255 255 255 255 255 255 255 255 255 255 255 255 255 255 255 255
    255 255 0 0 0 0 0 0 0 0 0 0 0 0 0 0 0 0 0 0 0 0 0 0 0 0 0 0 0 0 0 0
    0 0 0 0 0 0 0 0 0 0 0 0 0 0 0 0 0 0 0 0 0 0 0 0 0 0 0 0 0 0 0 0 0 0
    0 0 0 0 0 0 0 0 0 0 0 0 0 0 0 0 0 0 0 0 0 0 0 0 0 0 0 0 0 0 0 0 0 0
    0 0 0 0 0 0 0 0 0 0 0 0 0 0 0 0 0 0 0 0 0 0 0 0 0 0 0 0 0 0 0 0 0 0
    0 0 0 0 0 0 0 0 0 0 0 0 0 0 0 0 0 0 0 0 0 0 0 0 0 0 0 0 0 0 0 0 0 0
    0 0 0 0 0 0 0 0 0 0 0 0 0 0 0 0 0 0 0 0 0 0 0 0 0 0 0 0 0 0 0 0 0 0
    0 0 0 0 0 0 0 0 0 0 0 0 0 0 0 0 0 0 0 0 0 0 0 0 0 0 0 0 0 0 0 0 0 0
    0 0 0 0 0 0 0 0 0 0 0 0 0 0 0 0 0 0 0 0 0 0 0 0 0 0 0 0 0 0 0 0 0 0
    0 0 0 0 0 0 0 0 0 0 0 0 0 0 0 0 0 0 0 0 0 0 0 0 0 0 0 0 0 0 0 0 0 0
    0 0 0 0 0 0 0 0 0 0 0 0 0 0 0 0 0 0 0 0 0 0 0 0 0 0 0 0 0 0 0 0 0 0
    0 0 0 0 0 0 0 0 0 0 0 0 0 0 0 0 0 0 0 0 0 0 0 0 0 0 0 0 0 0 0 0 0 0
    0 0 0 0 0 0 0 0 0 0 0 0 0 0 0 0 0 0 0 0 0 0 0 0 0 0 0 0 0 0 0 0 0 0
    0 0 0 0 0 0 0 0 0 0 0 0 0 0 0 0 0 0 0 0 0 0 0 0 0 0 0 0 0 0 0 0 0 0
    0 0 0 0 0 0 0 0 0 0 0 0 0 0 0 0 0 0 0 0 0 0 0 0 0 0 0 0 0 0 0 0 0 0
    0 0 0 0 0 0 0 0 0 0 0 0 0 0 0 0 0 0 0 0 0 0 0 0 0 0 0 0 0 0 0 0 0 0
    0 0 0 0 0 0 0 0 0 0 0 0 0 0 0 0 0 0 0 0 0 0 0 0 0 0 0 0 0 0 0 0 0 0
    0 0 0 0 0 0 0 0 0 0 0 0 0 0 0 0 0 0 0 0 0 0 0 0 0 0 0 0 0 0 0 0 0 0
    0 0 0 0 0 0 0 0 0 0 0 0 0 0 0 0 0 0 0 0 0 0 0 0 0 0 0 0 0 0 0 0 0 0
    0 0 0 0 0 0 0 0 0 0 0 0 0 0 0 0 0 0 0 0 0 0 0 0 0 0 0 0 0 0 0 0 0 0
    0 0 0 0 0 0 0 0 0 0 0 0 0 0 0 0 0 0 0 0 0 0 0 0 0 0 0 0 0 0 0 0 0 0
    0 0 0 0 0 0 0 0 0 0 0 0 0 0 0 0 0 0 0 0 0 0 0 0 0 0 0 0 0 0 0 0 0 0
    0 0 0 0 0 0 0 0 0 0 0 0 0 0 0 0 0 0 0 0 0 0 0 0 0 0 0 0 0 0 0 0 0 0
    0 0 0 0 0 0 0 0 0 0 0 0 0 0 0 0 0 0 0 0 0 0 0 0 0 0 0 0 0 0 0 0 0 0
    0 0 0 0 0 0 0 0 0 0 0 0 0 0 0 0 0 0 0 0 0 0 0 0 0 0 0 0 0 0 0 0 0 0
    0 0 0 0 0 0 0 0 0 0 0 0 0 0 0 0 0 0 0 0 0 0 0 0 0 0 0 0 0 0 0 0 0 0
    0 0 0 0 0 0 0 0 0 0 0 0 0 0 0 0 0 0 0 0 0 0 0 0 0 0 0 0 0 0 0 0 0 0
    0 0 0 0 0 0 0 0 0 0 0 0 0 0 0 0 0 0 0 0 0 0 0 0 0 0 0 0 0 0 0 0 0 0
    0 0 0 0 0 0 0 0 0 0 0 0 0 0 0 0 0 0 0 0 0 0 0 0 0 0 0 0 0 0 0 0 0 0
    0 0 0 0 0 0 0 0 0 0 0 0 0 0 0 0 0 0 0 0 0 0 0 0 0 0 0 0 0 0 0 0 0 0
    0 0 0 0 0 0 0 0 0 0 0 0 0 0 0 0 0 0 0 0 0 0 0 0 0 0 0 0 0 0 0 0 0 0
    0 0 0 0 0 0 0 0 0 0 0 0 0 0 0 0 0 0 0 0 0 0 0 0 0 0 0 0 0 0 0 0 0 0
    0 0 0 0 0 0 0 0 0 0 0 0 0 0 0 0 0 0 0 0 0 0 0 0 0 0 0 0 0 0 0 0 0 0
    0 0 0 0 0 0 0 0 0 0 0 0 0 0 0 0 0 0 0 0 0 0 0 0 0 0 0 0 0 0 0 0 0 0
    0 0 0 0 0 0 0 0 0 0 0 0 0 0 0 0 0 0 0 0 0 0 0 0 0 0 0 0 0 0 0 0 0 0
    0 0 0 0 0 0 0 0 0 0 0 0 0 0 0 0 0 0 0 0 0 0 0 0 0 0 0 0 0 0 0 0 0 0
    0 0 0 0 0 0 0 0 0 0 0 0 0 0 0 0 0 0 0 0 0 0 0 0 0 0 0 0 0 0 0 0 0 0
    0 0 0 0 0 0 0 0 0 0 0 0 0 0 0 0 0 0 0 0 0 0 0 0 0 0 0 0 0 0 0 0 0 0
    0 0 0 0 0 0 0 0 0 0 0 0 0 0 0 0 0 0 0 0 0 0 0 0 0 0 0 0 0 0 0 0 0 0
    0 0 0 0 0 0 0 0 0 0 0 0 0 0 0 0 0 0 0 0 0 0 0 0 0 0 0 0 0 0 0 0 0 0
    0 0 0 0 0 0 0 0 0 0 0 0 0 0 0 0 0 0 0 0 0 0 0 0 0 0 0 0 0 0 0 0 0 0
    0 0 0 0 0 0 0 0 0 0 0 0 0 0 0 0 0 0 0 0 0 0 0 0 0 0 0 0 0 0 0 0 0 0
    0 0 0 0 0 0 0 0 0 0 0 0 0 0 0 0 0 0 0 0 0 0 0 0 0 0 0 0 0 0 0 0 0 0
    0 0 0 0 0 0 0 0 0 0 0 0 0 0 0 0 0 0 0 0 0 0 0 0 0 0 0 0 0 0 0 0 0 0
    0 0 0 0 0 0 0 0 0 0 0 0 0 0 0 0 0 0 0 0 0 0 0 0 0 0 0 0 0 0 0 0 0 0
    0 0 0 0 0 0 0 0 0 0 0 0 0 0 0 0 0 0 0 0 0 0 0 0 0 0 0 0 0 0 0 0 0 0
    0 0 0 0 0 0 0 0 0 0 0 0 0 0 0 0 0 0 0 0 0 0 0 0 0 0 0 0 0 0 0 0 0 0
    0 0 0 0 0 0 0 0 0 0 0 0 0 0 0 0 0 0 0 0 0 0 0 0 0 0 0 0 0 0 0 0 0 0
    0 0 0 0 0 0 0 0 0 0 0 0 0 0 0 0 0 0 0 0 0 0 0 0 0 0 0 0 0 0 0 0 0 0
    0 0 0 0 0 0 0 0 0 0 0 0 0 0 0 0 0 0 0 0 0 0 0 0 0 0 0 0 0 0 0 0 0 0
    0 0 0 0 0 0 0 0 0 0 0 0 0 0 0 0 0 0 0 0 0 0 0 0 0 0 0 0 0 0 0 0 0 0
    0 0 0 0 0 0 0 0 0 0 0 0 0 0 0 0 0 0 0 0 0 0 0 0 0 0 0 0 0 0 0 0 0 0
    0 0 0 0 0 0 0 0 0 0 0 0 0 0 0 0 0 0 0 0 0 0 0 0 0 0 0 0 0 0 0 0 0 0
    0 0 0 0 0 0 0 0 0 0 0 0 0 0 0 0 0 0 0 0 0 0 0 0 0 0 0 0 0 0 0 0 0 0
    0 0 0 0 0 0 0 0 0 0 0 0 0 0 0 0 0 0 0 0 0 0 0 0 0 0 0 0 0 0 0 0 0 0
    0 0 0 0 0 0 0 0 0 0 0 0 0 0 0 0 0 0 0 0 0 0 0 0 0 0 0 0 0 0 0 0 0 0
    0 0 0 0 0 0 0 0 0 0 0 0 0 0 0 0 0 0 0 0 0 0 0 0 0 0 0 0 0 0 0 0 0 0
    0 0 0 0 0 0 0 0 0 0 0 0 0 0 0 0 0 0 0 0 0 0 0 0 0 0 0 0 0 0 0 0 0 0
    0 0 0 0 0 0 0 0 0 0 0 0 0 0 0 0 0 0 0 0 0 0 0 0 0 0 0 0 0 0 0 0 0 0
    0 0 0 0 0 0 0 0 0 0 0 0 0 0 0 0 0 0 0 0 0 0 0 0 0 0 0 0 0 0 0 0 0 0
    0 0 0 0 0 0 0 0 0 0 0 0 0 0 0 0 0 0 0 0 0 0 0 0 0 0 0 0 0 0 0 0 0 0
    0 0 0 0 0 0 0 0 0 0 0 0 0 0 0 0 0 0 0 0 0 0 0 0 0 0 0 0 0 0 0 0 0 0
    0 0 0 0 0 0 0 0 0 0 0 0 0 0 0 0 0 0 0 0 0 0 0 0 0 0 0 0 0 0 0 0 0 0
    0 0 0 0 0 0 0 0 0 0 0 0 0 0 0 0 0 0 0 0 0 0 0 0 0 0 0 0 0 0 0 0 0 0
    0 0 0 0 0 0 0 0 0 0 0 0 0 0 0 0 0 0 0 0 0 0 0 0 0 0 0 0 0 0 0 0 0 0
    0 0 0 0 0 0 0 0 0 0 0 0 0 0 0 0 0 0 0 0 0 0 0 0 0 0 0 0 0 0 0 0 0 0
    0 0 0 0 0 0 0 0 0 0 0 0 0 0 0 0 0 0 0 0 0 0 0 0 0 0 0 0 0 0 0 0 0 0
    0 0 0 0 0 0 0 0 0 0 0 0 0 0 0 0 0 0 0 0 0 0 0 0 0 0 0 0 0 0 0 0 0 0
    0 0 0 0 0 0 0 0 0 0 0 0 0 0 0 0 0 0 0 0 0 0 0 0 0 0 0 0 0 0 0 0 0 0
    0 0 0 0 0 0 0 0 0 0 0 0 0 0 0 0 0 0 0 0 0 0 0 0 0 0 0 0 0 0 0 0 0 0
    0 0 0 0 0 0 0 0 0 0 0 0 0 0 0 0 0 0 0 0 0 0 0 0 0 0 0 0 0 0 0 0 0 0
    0 0 0 0 0 0 0 0 0 0 0 0 0 0 0 0 0 0 0 0 0 0 0 0 0 0 0 0 0 0 0 0 0 0
    0 0 0 0 0 0 0 0 0 0 0 0 0 0 0 0 0 0 0 0 0 0 0 0 0 0 0 0 0 0 0 0 0 0
    0 0 0 0 0 0 0 0 0 0 0 0 0 0 0 0 0 0 0 0 0 0 0 0 0 0 0 0 0 0 0 0 0 0
    0 0 0 0 0 0 0 0 0 0 0 0 0 0 0 0 0 0 0 0 0 0 0 0 0 0 0 0 0 0 0 0 0 0
    0 0 0 0 0 0 0 0 0 0 0 0 0 0 0 0 0 0 0 0 0 0 0 0 0 0 0 0 0 0 0 0 0 0
    0 0 0 0 0 0 0 0 0 0 0 0 0 0 0 0 0 0 0 0 0 0 0 0 0 0 0 0 0 0 0 0 0 0
    0 0 0 0 0 0 0 0 0 0 0 0 0 0 0 0 0 0 0 0 0 0 0 0 0 0 0 0 0 0 0 0 0 0
    0 0 0 0 0 0 0 0 0 0 0 0 0 0 0 0 0 0 0 0 0 0 0 0 0 0 0 0 0 0 0 0 0 0
    0 0 0 0 0 0 0 0 0 0 0 0 0 0 0 0 0 0 0 0 0 0 0 0 0 0 0 0 0 0 0 0 0 0
    0 0 0 0 0 0 0 0 0 0 0 0 0 0 0 0 0 0 0 0 0 0 0 0 0 0 0 0 0 0 0 0 0 0
    0 0 0 0 0 0 0 0 0 0 0 0 0 0 0 0 0 0 0 0 0 0 0 0 0 0 0 0 0 0 0 0 0 0
    0 0 0 0 0 0 0 0 0 0 0 0 0 0 0 0 0 0 0 0 0 0 0 0 0 0 0 0 0 0 0 0 0 0
    0 0 0 0 0 0 0 0 0 0 0 0 0 0 0 0 0 0 0 0 0 0 0 0 0 0 0 0 0 0 0 0 0 0
    0 0 0 0 0 0 0 0 0 0 0 0 0 0 0 0 0 0 0 0 0 0 0 0 0 0 0 0 0 0 0 0 0 0
    0 0 0 0 0 0 0 0 0 0 0 0 0 0 0 0 0 0 0 0 0 0 0 0 0 0 0 0 0 0 0 0 0 0
    0 0 0 0 0 0 0 0 0 0 0 0 0 0 0 0 0 0 0 0 0 0 0 0 0 0 0 0 0 0 0 0 0 0
    0 0 0 0 0 0 0 0 0 0 0 0 0 0 0 0 0 0 0 0 0 0 0 0 0 0 0 0 0 0 0 0 0 0
    0 0 0 0 0 0 0 0 0 0 0 0 0 0 0 0 0 0 0 0 0 0 0 0 0 0 0 0 0 0 0 0 0 0
    0 0 0 0 0 0 0 0 0 0 0 0 0 0 0 0 0 0 0 0 0 0 0 0 0 0 0 0 0 0 0 0 0 0
    0 0 0 0 0 0 0 0 0 0 0 0 0 0 0 0 0 0 0 0 0 0 0 0 0 0 0 0 0 0 0 0 0 0
    0 0 0 0 0 0 0 0 0 0 0 0 0 0 0 0 0 0 0 0 0 0 0 0 0 0 0 0 0 0 0 0 0 0
    0 0 0 0 0 0 0 0 0 0 0 0 0 0 0 0 0 0 0 0 0 0 0 0 0 0 0 0 0 0 0 0 0 0
    0 0 0 0 0 0 0 0 0 0 0 0 0 0 0 0 0 0 0 0 0 0 0 0 0 0 0 0 0 0 0 0 0 0
    0 0 0 0 0 0 0 0 0 0 0 0 0 0 0 0 0 0 0 0 0 0 0 0 0 0 0 0 0 0 0 0 0 0
    0 0 0 0 0 0 0 0 0 0 0 0 0 0 0 0 0 0 0 0 0 0 0 0 0 0 0 0 0 0 0 0 0 0
    0 0 0 0 0 0 0 0 0 0 0 0 0 0 0 0 0 0 0 0 0 0 0 0 0 0 0 0 0 0 0 0 0 0
    0 0 0 0 0 0 0 0 0 0 0 0 0 0 0 0 0 0 0 0 0 0 0 0 0 0 0 0 0 0 0 0 0 0
    0 0 0 0 0 0 0 0 0 0 0 0 0 0 0 0 0 0 0 0 0 0 0 0 0 0 0 0 0 0 0 0 0 0
    0 0 0 0 0 0 0 0 0 0 0 0 0 0 0 0 0 0 0 0 0 0 0 0 0 0 0 0 0 0 0 0 0 0
    0 0 0 0 0 0 0 0 0 0 0 0 0 0 0 0 0 0 0 0 0 0 0 0 0 0 0 0 0 0 0 0 0 0
    0 0 0 0 0 0 0 0 0 0 0 0 0 0 0 0 0 0 0 0 0 0 0 0 0 0 0 0 0 0 0 0 0 0
    0 0 0 0 0 0 0 0 0 0 0 0 0 0 0 0 0 0 0 0 0 0 0 0 0 0 0 0 0 0 0 0 0 0
    0 0 0 0 0 0 0 0 0 0 0 0 0 0 0 0 0 0 0 0 0 0 0 0 0 0 0 0 0 0 0 0 0 0
    0 0 0 0 0 0 0 0 0 0 0 0 0 0 0 0 0 0 0 0 0 0 0 0 0 0 0 0 0 0 0 0 0 0
    0 0 0 0 0 0 0 0 0 0 0 0 0 0 0 0 0 0 0 0 0 0 0 0 0 0 0 0 0 0 0 0 0 0
    0 0 0 0 0 0 0 0 0 0 0 0 0 0 0 0 0 0 0 0 0 0 0 0 0 0 0 0 0 0 0 0 0 0
    0 0 0 0 0 0 0 0 0 0 0 0 0 0 0 0 0 0 0 0 0 0 0 0 0 0 0 0 0 0 0 0 0 0
    0 0 0 0 0 0 0 0 0 0 0 0 0 0 0 0 0 0 0 0 0 0 0 0 0 0 0 0 0 0 0 0 0 0
    0 0 0 0 0 0 0 0 0 0 0 0 0 0 0 0 0 0 0 0 0 0 0 0 0 0 0 0 0 0 0 0 0 0
    0 0 0 0 0 0 0 0 0 0 0 0 0 0 0 0 0 0 0 0 0 0 0 0 0 0 0 0 0 0 0 0 0 0
    0 0 0 0 0 0 0 0 0 0 0 0 0 0 0 0 0 0 0 0 0 0 0 0 0 0 0 0 0 0 0 0 0 0
    0 0 0 0 0 0 0 0 0 0 0 0 0 0 0 0 0 0 0 0 0 0 0 0 0 0 0 0 0 0 0 0 0 0
    0 0 0 0 0 0 0 0 0 0 0 0 0 0 0 0 0 0 0 0 0 0 0 0 0 0 0 0 0 0 0 0 0 0
    0 0 0 0 0 0 0 0 0 0 0 0 0 0 0 0 0 0 0 0 0 0 0 0 0 0 0 0 0 0 0 0 0 0
    0 0 0 0 0 0 0 0 0 0 0 0 0 0 0 0 0 0 0 0 0 0 0 0 0 0 0 0 0 0 0 0 0 0
    0 0 0 0 0 0 0 0 0 0 0 0 0 0 0 0 0 0 0 0 0 0 0 0 0 0 0 0 0 0 0 0 0 0
    0 0 0 0 0 0 0 0 0 0 0 0 0 0 0 0 0 0 0 0 0 0 0 0 0 0 0 0 0 0 0 0 0 0
    0 0 0 0 0 0 0 0 0 0 0 0 0 0 0 0 0 0 0 0 0 0 0 0 0 0 0 0 0 0 0 0 0 0
    0 0 0 0 0 0 0 0 0 0 0 0 0 0 0 0 0 0 0 0 0 0 0 0 0 0 0 0 0 0 0 0 0 0
    0 0 0 0 0 0 0 0 0 0 0 0 0 0 0 0 0 0 0 0 0 0 0 0 0 0 0 0 0 0 0 0 0 0
    0 0 0 0 0 0 0 0 0 0 0 0 0 0 0 0 0 0 0 0 0 0 0 0 0 0 0 0 0 0 0 0 0 0
    0 0 0 0 0 0 0 0 0 0 0 0 0 0 0 0 0 0 0 0 0 0 0 0 0 0 0 0 0 0 0 0 0 0
    0 0 0 0 0 0 0 0 0 0 0 0 0 0 0 0 0 0 0 0 0 0 0 0 0 0 0 0 0 0 0 0 0 0
    0 0 0 0 0 0 0 0 0 0 0 0 0 0 0 0 0 0 0 0 0 0 0 0 0 0 0 0 0 0 0 0 0 0
    0 0 0 0 0 0 0 0 0 0 0 0 0 0 0 0 0 0 0 0 0 0 0 0 0 0 0 0 0 0 0 0 0 0
    0 0 0 0 0 0 0 0 0 0 0 0 0 0 0 0 0 0 0 0 0 0 0 0 0 0 0 0 0 0 0 0 0 0
    0 0 0 0 0 0 0 0 0 0 0 0 0 0 0 0 0 0 0 0 0 0 0 0 0 0 0 0 0 0 0 0 0 0
    0 0 0 0 0 0 0 0 0 0 0 0 0 0 0 0 0 0 0 0 0 0 0 0 0 0 0 0 0 0 0 0 0 0
    0 0 0 0 0 0 0 0 0 0 0 0 0 0 0 0 0 0 0 0 0 0 0 0 0 0 0 0 0 0 0 0 0 0
    0 0 0 0 0 0 0 0 0 0 0 0 0 0 0 0 0 0 0 0 0 0 0 0 0 0 0 0 0 0 0 0 0 0
    0 0 0 0 0 0 0 0 0 0 0 0 0 0 0 0 0 0 0 0 0 0 0 0 0 0 0 0 0 0 0 0 0 0
    0 0 0 0 0 0 0 0 0 0 0 0 0 0 0 0 0 0 0 0 0 0 0 0 0 0 0 0 0 0 0 0 0 0
    0 0 0 0 0 0 0 0 0 0 0 0 0 0 0 0 0 0 0 0 0 0 0 0 0 0 0 0 0 0 0 0 0 0
    0 0 0 0 0 0 0 0 0 0 0 0 0 0 0 0 0 0 0 0 0 0 0 0 0 0 0 0 0 0 0 0 0 0
    0 0 0 0 0 0 0 0 0 0 0 0 0 0 0 0 0 0 0 0 0 0 0 0 0 0 0 0 0 0 0 0 0 0
    0 0 0 0 0 0 0 0 0 0 0 0 0 0 0 0 0 0 0 0 0 0 0 0 0 0 0 0 0 0 0 0 0 0
    0 0 0 0 0 0 0 0 0 0 0 0 0 0 0 0 0 0 0 0 0 0 0 0 0 0 0 0 0 0 0 0 0 0
    0 0 0 0 0 0 0 0 0 0 0 0 0 0 0 0 0 0 0 0 0 0 0 0 0 0 0 0 0 0 0 0 0 0
    0 0 0 0 0 0 0 0 0 0 0 0 0 0 0 0 0 0 0 0 0 0 0 0 0 0 0 0 0 0 0 0 0 0
    0 0 0 0 0 0 0 0 0 0 0 0 0 0 0 0 0 0 0 0 0 0 0 0 0 0 0 0 0 0 0 0 0 0
    0 0 0 0 0 0 0 0 0 0 0 0 0 0 0 0 0 0 0 0 0 0 0 0 0 0 0 0 0 0 0 0 0 0
    0 0 0 0 0 0 0 0 0 0 0 0 0 0 0 0 0 0 0 0 0 0 0 0 0 0 0 0 0 0 0 0 0 0
    0 0 0 0 0 0 0 0 0 0 0 0 0 0 0 0 0 0 0 0 0 0 0 0 0 0 0 0 0 0 0 0 0 0
    0 0 0 0 0 0 0 0 0 0 0 0 0 0 0 0 0 0 0 0 0 0 0 0 0 0 0 0 0 0 0 0 0 0
    0 0 0 0 0 0 0 0 0 0 0 0 0 0 0 0 0 0 0 0 0 0 0 0 0 0 0 0 0 0 0 0 0 0
    0 0 0 0 0 0 0 0 0 0 0 0 0 0 0 0 0 0 0 0 0 0 0 0 0 0 0 0 0 0 0 0 0 0
    0 0 0 0 0 0 0 0 0 0 0 0 0 0 0 0 0 0 0 0 0 0 0 0 0 0 0 0 0 0 0 0 0 0
    0 0 0 0 0 0 0 0 0 0 0 0 0 0 0 0 0 0 0 0 0 0 0 0 0 0 0 0 0 0 0 0 0 0
    0 0 0 0 0 0 0 0 0 0 0 0 0 0 0 0 0 0 0 0 0 0 0 0 0 0 0 0 0 0 0 0 0 0
    0 0 0 0 0 0 0 0 0 0 0 0 0 0 0 0 0 0 0 0 0 0 0 0 0 0 0 0 0 0 0 0 0 0
    0 0 0 0 0 0 0 0 0 0 0 0 0 0 0 0 0 0 0 0 0 0 0 0 0 0 0 0 0 0 0 0 0 0
    0 0 0 0 0 0 0 0 0 0 0 0 0 0 0 0 0 0 0 0 0 0 0 0 0 0 0 0 0 0 0 0 0 0
    0 0 0 0 0 0 0 0 0 0 0 0 0 0 0 0 0 0 0 0 0 0 0 0 0 0 0 0 0 0 0 0 0 0
    0 0 0 0 0 0 0 0 0 0 0 0 0 0 0 0 0 0 0 0 0 0 0 0 0 0 0 0 0 0 0 0 0 0
    0 0 0 0 0 0 0 0 0 0 0 0 0 0 0 0 0 0 0 0 0 0 0 0 0 0 0 0 0 0 0 0 0 0
    0 0 0 0 0 0 0 0 0 0 0 0 0 0 0 0 0 0 0 0 0 0 0 0 0 0 0 0 0 0 0 0 0 0
    0 0 0 0 0 0 0 0 0 0 0 0 0 0 0 0 0 0 0 0 0 0 0 0 0 0 0 0 0 0 0 0 0 0
    0 0 0 0 0 0 0 0 0 0 0 0 0 0 0 0 0 0 0 0 0 0 0 0 0 0 0 0 0 0 0 0 0 0
    0 0 0 0 0 0 0 0 0 0 0 0 0 0 0 0 0 0 0 0 0 0 0 0 0 0 0 0 0 0 0 0 0 0
    0 0 0 0 0 0 0 0 0 0 0 0 0 0 0 0 0 0 0 0 0 0 0 0 0 0 0 0 0 0 0 0 0 0
    0 0 0 0 0 0 0 0 0 0 0 0 0 0 0 0 0 0 0 0 0 0 0 0 0 0 0 0 0 0 0 0 0 0
    0 0 0 0 0 0 0 0 0 0 0 0 0 0 0 0 0 0 0 0 0 0 0 0 0 0 0 0 0 0 0 0 0 0
    0 0 0 0 0 0 0 0 0 0 0 0 0 0 0 0 0 0 0 0 0 0 0 0 0 0 0 0 0 0 0 0 0 0
    0 0 0 0 0 0 0 0 0 0 0 0 0 0 0 0 0 0 0 0 0 0 0 0 0 0 0 0 0 0 0 0 0 0
    0 0 0 0 0 0 0 0 0 0 0 0 0 0 0 0 0 0 0 0 0 0 0 0 0 0 0 0 0 0 0 0 0 0
    0 0 0 0 0 0 0 0 0 0 0 0 0 0 0 0 0 0 0 0 0 0 0 0 0 0 0 0 0 0 0 0 0 0
    0 0 0 0 0 0 0 0 0 0 0 0 0 0 0 0 0 0 0 0 0 0 0 0 0 0 0 0 0 0 0 0 0 0
    0 0 0 0 0 0 0 0 0 0 0 0 0 0 0 0 0 0 0 0 0 0 0 0 0 0 0 0 0 0 0 0 0 0
    0 0 0 0 0 0 0 0 0 0 0 0 0 0 0 0 0 0 0 0 0 0 0 0 0 0 0 0 0 0 0 0 0 0
    0 0 0 0 0 0 0 0 0 0 0 0 0 0 0 0 0 0 0 0 0 0 0 0 0 0 0 0 0 0 0 0 0 0
    0 0 0 0 0 0 0 0 0 0 0 0 0 0 0 0 0 0 0 0 0 0 0 0 0 0 0 0 0 0 0 0 0 0
    0 0 0 0 0 0 0 0 0 0 0 0 0 0 0 0 0 0 0 0 0 0 0 0 0 0 0 0 0 0 0 0 0 0
    0 0 0 0 0 0 0 0 0 0 0 0 0 0 0 0 0 0 0 0 0 0 0 0 0 0 0 0 0 0 0 0 0 0
    0 0 0 0 0 0 0 0 0 0 0 0 0 0 0 0 0 0 0 0 0 0 0 0 0 0 0 0 0 0 0 0 0 0
    0 0 0 0 0 0 0 0 0 0 0 0 0 0 0 0 0 0 0 0 0 0 0 0 0 0 0 0 0 0 0 0 0 0
    0 0 0 0 0 0 0 0 0 0 0 0 0 0 0 0 0 0 0 0 0 0 0 0 0 0 0 0 0 0 0 0 0 0
    0 0 0 0 0 0 0 0 0 0 0 0 0 0 0 0 0 0 0 0 0 0 0 0 0 0 0 0 0 0 0 0 0 0
    0 0 0 0 0 0 0 0 0 0 0 0 0 0 0 0 0 0 0 0 0 0 0 0 0 0 0 0 0 0 0 0 0 0
    0 0 0 0 0 0 0 0 0 0 0 0 0 0 0 0 0 0 0 0 0 0 0 0 0 0 0 0 0 0 0 0 0 0
    0 0 0 0 0 0 0 0 0 0 0 0 0 0 0 0 0 0 0 0 0 0 0 0 0 0 0 0 0 0 0 0 0 0
    0 0 0 0 0 0 0 0 0 0 0 0 0 0 0 0 0 0 0 0 0 0 0 0 0 0 0 0 0 0 0 0 0 0
    0 0 0 0 0 0 0 0 0 0 0 0 0 0 0 0 0 0 0 0 0 0 0 0 0 0 0 0 0 0 0 0 0 0
    0 0 0 0 0 0 0 0 0 0 0 0 0 0 0 0 0 0 0 0 0 0 0 0 0 0 0 0 0 0 0 0 0 0
    0 0 0 0 0 0 0 0 0 0 0 0 0 0 0 0 0 0 0 0 0 0 0 0 0 0 0 0 0 0 0 0 0 0
    0 0 0 0 0 0 0 0 0 0 0 0 0 0 0 0 0 0 0 0 0 0 0 0 0 0 0 0 0 0 0 0 0 0
    0 0 0 0 0 0 0 0 0 0 0 0 0 0 0 0 0 0 0 0 0 0 0 0 0 0 0 0 0 0 0 0 0 0
    0 0 0 0 0 0 0 0 0 0 0 0 0 0 0 0 0 0 0 0 0 0 0 0 0 0 0 0 0 0 0 0 0 0
    0 0 0 0 0 0 0 0 0 0 0 0 0 0 0 0 0 0 0 0 0 0 0 0 0 0 0 0 0 0 0 0 0 0
    0 0 0 0 0 0 0 0 0 0 0 0 0 0 0 0 0 0 0 0 0 0 0 0 0 0 0 0 0 0 0 0 0 0
    0 0 0 0 0 0 0 0 0 0 0 0 0 0 0 0 0 0 0 0 0 0 0 0 0 0 0 0 0 0 0 0 0 0
    0 0 0 0 0 0 0 0 0 0 0 0 0 0 0 0 0 0 0 0 0 0 0 0 0 0 0 0 0 0 0 0 0 0
    0 0 0 0 0 0 0 0 0 0 0 0 0 0 0 0 0 0 0 0 0 0 0 0 0 0 0 0 0 0 0 0 0 0
    0 0 0 0 0 0 0 0 0 0 0 0 0 0 0 0 0 0 0 0 0 0 0 0 0 0 0 0 0 0 0 0 0 0
    0 0 0 0 0 0 0 0 0 0 0 0 0 0 0 0 0 0 0 0 0 0 0 0 0 0 0 0 0 0 0 0 0 0
    0 0 0 0 0 0 0 0 0 0 0 0 0 0 0 0 0 0 0 0 0 0 0 0 0 0 0 0 0 0 0 0 0 0
    0 0 0 0 0 0 0 0 0 0 0 0 0 0 0 0 0 0 0 0 0 0 0 0 0 0 0 0 0 0 0 0 0 0
    0 0 0 0 0 0 0 0 0 0 0 0 0 0 0 0 0 0 0 0 0 0 0 0 0 0 0 0 0 0 0 0 0 0
    0 0 0 0 0 0 0 0 0 0 0 0 0 0 0 0 0 0 0 0 0 0 0 0 0 0 0 0 0 0 0 0 0 0
    0 0 0 0 0 0 0 0 0 0 0 0 0 0 0 0 0 0 0 0 0 0 0 0 0 0 0 0 0 0 0 0 0 0
    0 0 0 0 0 0 0 0 0 0 0 0 0 0 0 0 0 0 0 0 0 0 0 0 0 0 0 0 0 0 0 0 0 0
    0 0 0 0 0 0 0 0 0 0 0 0 0 0 0 0 0 0 0 0 0 0 0 0 0 0 0 0 0 0 0 0 0 0
    0 0 0 0 0 0 0 0 0 0 0 0 0 0 0 0 0 0 0 0 0 0 0 0 0 0 0 0 0 0 0 0 0 0
    0 0 0 0 0 0 0 0 0 0 0 0 0 0 0 0 0 0 0 0 0 0 0 0 0 0 0 0 0 0 0 0 0 0
    0 0 0 0 0 0 0 0 0 0 0 0 0 0 0 0 0 0 0 0 0 0 0 0 0 0 0 0 0 0 0 0 0 0
    0 0 0 0 0 0 0 0 0 0 0 0 0 0 0 0 0 0 0 0 0 0 0 0 0 0 0 0 0 0 0 0 0 0
    0 0 0 0 0 0 0 0 0 0 0 0 0 0 0 0 0 0 0 0 0 0 0 0 0 0 0 0 0 0 0 0 0 0
    0 0 0 0 0 0 0 0 0 0 0 0 0 0 0 0 0 0 0 0 0 0 0 0 0 0 0 0 0 0 0 0 0 0
    0 0 0 0 0 0 0 0 0 0 0 0 0 0 0 0 0 0 0 0 0 0 0 0 0 0 0 0 0 0 0 0 0 0
    0 0 0 0 0 0 0 0 0 0 0 0 0 0 0 0 0 0 0 0 0 0 0 0 0 0 0 0 0 0 0 0 0 0
    0 0 0 0 0 0 0 0 0 0 0 0 0 0 0 0 0 0 0 0 0 0 0 0 0 0 0 0 0 0 0 0 0 0
    0 0 0 0 0 0 0 0 0 0 0 0 0 0 0 0 0 0 0 0 0 0 0 0 0 0 0 0 0 0 0 0 0 0
    0 0 0 0 0 0 0 0 0 0 0 0 0 0 0 0 0 0 0 0 0 0 0 0 0 0 0 0 0 0 0 0 0 0
    0 0 0 0 0 0 0 0 0 0 0 0 0 0 0 0 0 0 0 0 0 0 0 0 0 0 0 0 0 0 0 0 0 0
    0 0 0 0 0 0 0 0 0 0 0 0 0 0 0 0 0 0 0 0 0 0 0 0 0 0 0 0 0 0 0 0 0 0
    0 0 0 0 0 0 0 0 0 0 0 0 0 0 0 0 0 0 0 0 0 0 0 0 0 0 0 0 0 0 0 0 0 0
    0 0 0 0 0 0 0 0 0 0 0 0 0 0 0 0 0 0 0 0 0 0 0 0 0 0 0 0 0 0 0 0 0 0
    0 0 0 0 0 0 0 0 0 0 0 0 0 0 0 0 0 0 0 0 0 0 0 0 0 0 0 0 0 0 0 0 0 0
    0 0 0 0 0 0 0 0 0 0 0 0 0 0 0 0 0 0 0 0 0 0 0 0 0 0 0 0 0 0 0 0 0 0
    0 0 0 0 0 0 0 0 0 0 0 0 0 0 0 0 0 0 0 0 0 0 0 0 0 0 0 0 0 0 0 0 0 0
    0 0 0 0 0 0 0 0 0 0 0 0 0 0 0 0 0 0 0 0 0 0 0 0 0 0 0 0 0 0 0 0 0 0
    0 0 0 0 0 0 0 0 0 0 0 0 0 0 0 0 0 0 0 0 0 0 0 0 0 0 0 0 0 0 0 0 0 0
    0 0 0 0 0 0 0 0 0 0 0 0 0 0 0 0 0 0 0 0 0 0 0 0 0 0 0 0 0 0 0 0 0 0
    0 0 0 0 0 0 0 0 0 0 0 0 0 0 0 0 0 0 0 0 0 0 0 0 0 0 0 0 0 0 0 0 0 0
    0 0 0 0 0 0 0 0 0 0 0 0 0 0 0 0 0 0 0 0 0 0 0 0 0 0 0 0 0 0 0 0 0 0
    0 0 0 0 0 0 0 0 0 0 0 0 0 0 0 0 0 0 0 0 0 0 0 0 0 0 0 0 0 0 0 0 0 0
    0 0 0 0 0 0 0 0 0 0 0 0 0 0 0 0 0 0 0 0 0 0 0 0 0 0 0 0 0 0 0 0 0 0
    0 0 0 0 0 0 0 0 0 0 0 0 0 0 0 0 0 0 0 0 0 0 0 0 0 0 0 0 0 0 0 0 0 0
    0 0 0 0 0 0 0 0 0 0 0 0 0 0 0 0 0 0 0 0 0 0 0 0 0 0 0 0 0 0 0 0 0 0
    0 0 0 0 0 0 0 0 0 0 0 0 0 0 0 0 0 0 0 0 0 0 0 0 0 0 0 0 0 0 0 0 0 0
    0 0 0 0 0 0 0 0 0 0 0 0 0 0 0 0 0 0 0 0 0 0 0 0 0 0 0 0 0 0 0 0 0 0
    0 0 0 0 0 0 0 0 0 0 0 0 0 0 0 0 0 0 0 0 0 0 0 0 0 0 0 0 0 0 0 0 0 0
    0 0 0 0 0 0 0 0 0 0 0 0 0 0 0 0 0 0 0 0 0 0 0 0 0 0 0 0 0 0 0 0 0 0
    0 0 0 0 0 0 0 0 0 0 0 0 0 0 0 0 0 0 0 0 0 0 0 0 0 0 0 0 0 0 0 0 0 0
    0 0 0 0 0 0 0 0 0 0 0 0 0 0 0 0 0 0 0 0 0 0 0 0 0 0 0 0 0 0 0 0 0 0
    0 0 0 0 0 0 0 0 0 0 0 0 0 0 0 0 0 0 0 0 0 0 0 0 0 0 0 0 0 0 0 0 0 0
    0 0 0 0 0 0 0 0 0 0 0 0 0 0 0 0 0 0 0 0 0 0 0 0 0 0 0 0 0 0 0 0 0 0
    0 0 0 0 0 0 0 0 0 0 0 0 0 0 0 0 0 0 0 0 0 0 0 0 0 0 0 0 0 0 0 0 0 0
    0 0 0 0 0 0 0 0 0 0 0 0 0 0 0 0 0 0 0 0 0 0 0 0 0 0 0 0 0 0 0 0 0 0
    0 0 0 0 0 0 0 0 0 0 0 0 0 0 0 0 0 0 0 0 0 0 0 0 0 0 0 0 0 0 0 0 0 0
    0 0 0 0 0 0 0 0 0 0 0 0 0 0 0 0 0 0 0 0 0 0 0 0 0 0 0 0 0 0 0 0 0 0
    0 0 0 0 0 0 0 0 0 0 0 0 0 0 0 0 0 0 0 0 0 0 0 0 0 0 0 0 0 0 0 0 0 0
    0 0 0 0 0 0 0 0 0 0 0 0 0 0 0 0 0 0 0 0 0 0 0 0 0 0 0 0 0 0 0 0 0 0
    0 0 0 0 0 0 0 0 0 0 0 0 0 0 0 0 0 0 0 0 0 0 0 0 0 0 0 0 0 0 0 0 0 0
    0 0 0 0 0 0 0 0 0 0 0 0 0 0 0 0 0 0 0 0 0 0 0 0 0 0 0 0 0 0 0 0 0 0
    0 0 0 0 0 0 0 0 0 0 0 0 0 0 0 0 0 0 0 0 0 0 0 0 0 0 0 0 0 0 0 0 0 0
    0 0 0 0 0 0 0 0 0 0 0 0 0 0 0 0 0 0 0 0 0 0 0 0 0 0 0 0 0 0 0 0 0 0
    0 0 0 0 0 0 0 0 0 0 0 0 0 0 0 0 0 0 0 0 0 0 0 0 0 0 0 0 0 0 0 0 0 0
    0 0 0 0 0 0 0 0 0 0 0 0 0 0 0 0 0 0 0 0 0 0 0 0 0 0 0 0 0 0 0 0 0 0
    0 0 0 0 0 0 0 0 0 0 0 0 0 0 0 0 0 0 0 0 0 0 0 0 0 0 0 0 0 0 0 0 0 0
    0 0 0 0 0 0 0 0 0 0 0 0 0 0 0 0 0 0 0 0 0 0 0 0 0 0 0 0 0 0 0 0 0 0
    0 0 0 0 0 0 0 0 0 0 0 0 0 0 0 0 0 0 0 0 0 0 0 0 0 0 0 0 0 0 0 0 0 0
    0 0 0 0 0 0 0 0 0 0 0 0 0 0 0 0 0 0 0 0 0 0 0 0 0 0 0 0 0 0 0 0 0 0
    0 0 0 0 0 0 0 0 0 0 0 0 0 0 0 0 0 0 0 0 0 0 0 0 0 0 0 0 0 0 0 0 0 0
    0 0 0 0 0 0 0 0 0 0 0 0 0 0 0 0 0 0 0 0 0 0 0 0 0 0 0 0 0 0 0 0 0 0
    0 0 0 0 0 0 0 0 0 0 0 0 0 0 0 0 0 0 0 0 0 0 0 0 0 0 0 0 0 0 0 0 0 0
    0 0 0 0 0 0 0 0 0 0 0 0 0 0 0 0 0 0 0 0 0 0 0 0 0 0 0 0 0 0 0 0 0 0
    0 0 0 0 0 0 0 0 0 0 0 0 0 0 0 0 0 0 0 0 0 0 0 0 0 0 0 0 0 0 0 0 0 0
    0 0 0 0 0 0 0 0 0 0 0 0 0 0 0 0 0 0 0 0 0 0 0 0 0 0 0 0 0 0 0 0 0 0
    0 0 0 0 0 0 0 0 0 0 0 0 0 0 0 0 0 0 0 0 0 0 0 0 0 0 0 0 0 0 0 0 0 0
    0 0 0 0 0 0 0 0 0 0 0 0 0 0 0 0 0 0 0 0 0 0 0 0 0 0 0 0 0 0 0 0 0 0
    0 0 0 0 0 0 0 0 0 0 0 0 0 0 0 0 0 0 0 0 0 0 0 0 0 0 0 0 0 0 0 0 0 0
    0 0 0 0 0 0 0 0 0 0 0 0 0 0 0 0 0 0 0 0 0 0 0 0 0 0 0 0 0 0 0 0 0 0
    0 0 0 0 0 0 0 0 0 0 0 0 0 0 0 0 0 0 0 0 0 0 0 0 0 0 0 0 0 0 0 0 0 0
    0 0 0 0 0 0 0 0 0 0 0 0 0 0 0 0 0 0 0 0 0 0 0 0 0 0 0 0 0 0 0 0 0 0
    0 0 0 0 0 0 0 0 0 0 0 0 0 0 0 0 0 0 0 0 0 0 0 0 0 0 0 0 0 0 0 0 0 0
    0 0 0 0 0 0 0 0 0 0 0 0 0 0 0 0 0 0 0 0 0 0 0 0 0 0 0 0 0 0 0 0 0 0
    0 0 0 0 0 0 0 0 0 0 0 0 0 0 0 0 0 0 0 0 0 0 0 0 0 0 0 0 0 0 0 0 0 0
    0 0 0 0 0 0 0 0 0 0 0 0 0 0 0 0 0 0 0 0 0 0 0 0 0 0 0 0 0 0 0 0 0 0
    0 0 0 0 0 0 0 0 0 0 0 0 0 0 0 0 0 0 0 0 0 0 0 0 0 0 0 0 0 0 0 0 0 0
    0 0 0 0 0 0 0 0 0 0 0 0 0 0 0 0 0 0 0 0 0 0 0 0 0 0 0 0 0 0 0 0 0 0
    0 0 0 0 0 0 0 0 0 0 0 0 0 0 0 0 0 0 0 0 0 0 0 0 0 0 0 0 0 0 0 0 0 0
    0 0 0 0 0 0 0 0 0 0 0 0 0 0 0 0 0 0 0 0 0 0 0 0 0 0 0 0 0 0 0 0 0 0
    0 0 0 0 0 0 0 0 0 0 0 0 0 0 0 0 0 0 0 0 0 0 0 0 0 0 0 0 0 0 0 0 0 0
    0 0 0 0 0 0 0 0 0 0 0 0 0 0 0 0 0 0 0 0 0 0 0 0 0 0 0 0 0 0 0 0 0 0
    0 0 0 0 0 0 0 0 0 0 0 0 0 0 0 0 0 0 0 0 0 0 0 0 0 0 0 0 0 0 0 0 0 0
    0 0 0 0 0 0 0 0 0 0 0 0 0 0 0 0 0 0 0 0 0 0 0 0 0 0 0 0 0 0 0 0 0 0
    0 0 0 0 0 0 0 0 0 0 0 0 0 0 0 0 0 0 0 0 0 0 0 0 0 0 0 0 0 0 0 0 0 0
    0 0 0 0 0 0 0 0 0 0 0 0 0 0 0 0 0 0 0 0 0 0 0 0 0 0 0 0 0 0 0 0 0 0
    0 0 0 0 0 0 0 0 0 0 0 0 0 0 0 0 0 0 0 0 0 0 0 0 0 0 0 0 0 0 0 0 0 0
    0 0 0 0 0 0 0 0 0 0 0 0 0 0 0 0 0 0 0 0 0 0 0 0 0 0 0 0 0 0 0 0 0 0
    0 0 0 0 0 0 0 0 0 0 0 0 0 0 0 0 0 0 0 0 0 0 0 0 0 0 0 0 0 0 0 0 0 0
    0 0 0 0 0 0 0 0 0 0 0 0 0 0 0 0 0 0 0 0 0 0 0 0 0 0 0 0 0 0 0 0 0 0
    0 0 0 0 0 0 0 0 0 0 0 0 0 0 0 0 0 0 0 0 0 0 0 0 0 0 0 0 0 0 0 0 0 0
    0 0 0 0 0 0 0 0 0 0 0 0 0 0 0 0 0 0 0 0 0 0 0 0 0 0 0 0 0 0 0 0 0 0
    0 0 0 0 0 0 0 0 0 0 0 0 0 0 0 0 0 0 0 0 0 0 0 0 0 0 0 0 0 0 0 0 0 0
    0 0 0 0 0 0 0 0 0 0 0 0 0 0 0 0 0 0 0 0 0 0 0 0 0 0 0 0 0 0 0 0 0 0
    0 0 0 0 0 0 0 0 0 0 0 0 0 0 0 0 0 0 0 0 0 0 0 0 0 0 0 0 0 0 0 0 0 0
    0 0 0 0 0 0 0 0 0 0 0 0 0 0 0 0 0 0 0 0 0 0 0 0 0 0 0 0 0 0 0 0 0 0
    0 0 0 0 0 0 0 0 0 0 0 0 0 0 0 0 0 0 0 0 0 0 0 0 0 0 0 0 0 0 0 0 0 0
    0 0 0 0 0 0 0 0 0 0 0 0 0 0 0 0 0 0 0 0 0 0 0 0 0 0 0 0 0 0 0 0 0 0
    0 0 0 0 0 0 0 0 0 0 0 0 0 0 0 0 0 0 0 0 0 0 0 0 0 0 0 0 0 0 0 0 0 0
    0 0 0 0 0 0 0 0 0 0 0 0 0 0 0 0 0 0 0 0 0 0 0 0 0 0 0 0 0 0 0 0 0 0
    0 0 0 0 0 0 0 0 0 0 0 0 0 0 0 0 0 0 0 0 0 0 0 0 0 0 0 0 0 0 0 0 0 0
    0 0 0 0 0 0 0 0 0 0 0 0 0 0 0 0 0 0 0 0 0 0 0 0 0 0 0 0 0 0 0 0 0 0
    0 0 0 0 0 0 0 0 0 0 0 0 0 0 0 0 0 0 0 0 0 0 0 0 0 0 0 0 0 0 0 0 0 0
    0 0 0 0 0 0 0 0 0 0 0 0 0 0 0 0 0 0 0 0 0 0 0 0 0 0 0 0 0 0 0 0 0 0
    0 0 0 0 0 0 0 0 0 0 0 0 0 0 0 0 0 0 0 0 0 0 0 0 0 0 0 0 0 0 0 0 0 0
    0 0 0 0 0 0 0 0 0 0 0 0 0 0 0 0 0 0 0 0 0 0 0 0 0 0 0 0 0 0 0 0 0 0
    0 0 0 0 0 0 0 0 0 0 0 0 0 0 0 0 0 0 0 0 0 0 0 0 0 0 0 0 0 0 0 0 0 0
    0 0 0 0 0 0 0 0 0 0 0 0 0 0 0 0 0 0 0 0 0 0 0 0 0 0 0 0 0 0 0 0 0 0
    0 0 0 0 0 0 0 0 0 0 0 0 0 0 0 0 0 0 0 0 0 0 0 0 0 0 0 0 0 0 0 0 0 0
    0 0 0 0 0 0 0 0 0 0 0 0 0 0 0 0 0 0 0 0 0 0 0 0 0 0 0 0 0 0 0 0 0 0
    0 0 0 0 0 0 0 0 0 0 0 0 0 0 0 0 0 0 0 0 0 0 0 0 0 0 0 0 0 0 0 0 0 0
    0 0 0 0 0 0 0 0 0 0 0 0 0 0 0 0 0 0 0 0 0 0 0 0 0 0 0 0 0 0 0 0 0 0
    0 0 0 0 0 0 0 0 0 0 0 0 0 0 0 0 0 0 0 0 0 0 0 0 0 0 0 0 0 0 0 0 0 0
    0 0 0 0 0 0 0 0 0 0 0 0 0 0 0 0 0 0 0 0 0 0 0 0 0 0 0 0 0 0 0 0 0 0
    0 0 0 0 0 0 0 0 0 0 0 0 0 0 0 0 0 0 0 0 0 0 0 0 0 0 0 0 0 0 0 0 0 0
    0 0 0 0 0 0 0 0 0 0 0 0 0 0 0 0 0 0 0 0 0 0 0 0 0 0 0 0 0 0 0 0 0 0
    0 0 0 0 0 0 0 0 0 0 0 0 0 0 0 0 0 0 0 0 0 0 0 0 0 0 0 0 0 0 0 0 0 0
    0 0 0 0 0 0 0 0 0 0 0 0 0 0 0 0 0 0 0 0 0 0 0 0 0 0 0 0 0 0 0 0 0 0
    0 0 0 0 0 0 0 0 0 0 0 0 0 0 0 0 0 0 0 0 0 0 0 0 0 0 0 0 0 0 0 0 0 0
    0 0 0 0 0 0 0 0 0 0 0 0 0 0 0 0 0 0 0 0 0 0 0 0 0 0 0 0 0 0 0 0 0 0
    0 0 0 0 0 0 0 0 0 0 0 0 0 0 0 0 0 0 0 0 0 0 0 0 0 0 0 0 0 0 0 0 0 0
    0 0 0 0 0 0 0 0 0 0 0 0 0 0 0 0 0 0 0 0 0 0 0 0 0 0 0 0 0 0 0 0 0 0
    0 0 0 0 0 0 0 0 0 0 0 0 0 0 0 0 0 0 0 0 0 0 0 0 0 0 0 0 0 0 0 0 0 0
    0 0 0 0 0 0 0 0 0 0 0 0 0 0 0 0 0 0 0 0 0 0 0 0 0 0 0 0 0 0 0 0 0 0
    0 0 0 0 0 0 0 0 0 0 0 0 0 0 0 0 0 0 0 0 0 0 0 0 0 0 0 0 0 0 0 0 0 0
    0 0 0 0 0 0 0 0 0 0 0 0 0 0 0 0 0 0 0 0 0 0 0 0 0 0 0 0 0 0 0 0 0 0
    0 0 0 0 0 0 0 0 0 0 0 0 0 0 0 0 0 0 0 0 0 0 0 0 0 0 0 0 0 0 0 0 0 0
    0 0 0 0 0 0 0 0 0 0 0 0 0 0 0 0 0 0 0 0 0 0 0 0 0 0 0 0 0 0 0 0 0 0
    0 0 0 0 0 0 0 0 0 0 0 0 0 0 0 0 0 0 0 0 0 0 0 0 0 0 0 0 0 0 0 0 0 0
    0 0 0 0 0 0 0 0 0 0 0 0 0 0 0 0 0 0 0 0 0 0 0 0 0 0 0 0 0 0 0 0 0 0
    0 0 0 0 0 0 0 0 0 0 0 0 0 0 0 0 0 0 0 0 0 0 0 0 0 0 0 0 0 0 0 0 0 0
    0 0 0 0 0 0 0 0 0 0 0 0 0 0 0 0 0 0 0 0 0 0 0 0 0 0 0 0 0 0 0 0 0 0
    0 0 0 0 0 0 0 0 0 0 0 0 0 0 0 0 0 0 0 0 0 0 0 0 0 0 0 0 0 0 0 0 0 0
    0 0 0 0 0 0 0 0 0 0 0 0 0 0 0 0 0 0 0 0 0 0 0 0 0 0 0 0 0 0 0 0 0 0
    0 0 0 0 0 0 0 0 0 0 0 0 0 0 0 0 0 0 0 0 0 0 0 0 0 0 0 0 0 0 0 0 0 0
    0 0 0 0 0 0 0 0 0 0 0 0 0 0 0 0 0 0 0 0 0 0 0 0 0 0 0 0 0 0 0 0 0 0
    0 0 0 0 0 0 0 0 0 0 0 0 0 0 0 0 0 0 0 0 0 0 0 0 0 0 0 0 0 0 0 0 0 0
    0 0 0 0 0 0 0 0 0 0 0 0 0 0 0 0 0 0 0 0 0 0 0 0 0 0 0 0 0 0 0 0 0 0
    0 0 0 0 0 0 0 0 0 0 0 0 0 0 0 0 0 0 0 0 0 0 0 0 0 0 0 0 0 0 0 0 0 0
    0 0 0 0 0 0 0 0 0 0 0 0 0 0 0 0 0 0 0 0 0 0 0 0 0 0 0 0 0 0 0 0 0 0
    0 0 0 0 0 0 0 0 0 0 0 0 0 0 0 0 0 0 0 0 0 0 0 0 0 0 0 0 0 0 0 0 0 0
    0 0 0 0 0 0 0 0 0 0 0 0 0 0 0 0 0 0 0 0 0 0 0 0 0 0 0 0 0 0 0 0 0 0
    0 0 0 0 0 0 0 0 0 0 0 0 0 0 0 0 0 0 0 0 0 0 0 0 0 0 0 0 0 0 0 0 0 0
    0 0 0 0 0 0 0 0 0 0 0 0 0 0 0 0 0 0 0 0 0 0 0 0 0 0 0 0 0 0 0 0 0 0
    0 0 0 0 0 0 0 0 0 0 0 0 0 0 0 0 0 0 0 0 0 0 0 0 0 0 0 0 0 0 0 0 0 0
    0 0 0 0 0 0 0 0 0 0 0 0 0 0 0 0 0 0 0 0 0 0 0 0 0 0 0 0 0 0 0 0 0 0
    0 0 0 0 0 0 0 0 0 0 0 0 0 0 0 0 0 0 0 0 0 0 0 0 0 0 0 0 0 0 0 0 0 0
    0 0 0 0 0 0 0 0 0 0 0 0 0 0 0 0 0 0 0 0 0 0 0 0 0 0 0 0 0 0 0 0 0 0
    0 0 0 0 0 0 0 0 0 0 0 0 0 0 0 0 0 0 0 0 0 0 0 0 0 0 0 0 0 0 0 0 0 0
    0 0 0 0 0 0 0 0 0 0 0 0 0 0 0 0 0 0 0 0 0 0 0 0 0 0 0 0 0 0 0 0 0 0
    0 0 0 0 0 0 0 0 0 0 0 0 0 0 0 0 0 0 0 0 0 0 0 0 0 0 0 0 0 0 0 0 0 0
    0 0 0 0 0 0 0 0 0 0 0 0 0 0 0 0 0 0 0 0 0 0 0 0 0 0 0 0 0 0 0 0 0 0
    0 0 0 0 0 0 0 0 0 0 0 0 0 0 0 0 0 0 0 0 0 0 0 0 0 0 0 0 0 0 0 0 0 0
    0 0 0 0 0 0 0 0 0 0 0 0 0 0 0 0 0 0 0 0 0 0 0 0 0 0 0 0 0 0 0 0 0 0
    0 0 0 0 0 0 0 0 0 0 0 0 0 0 0 0 0 0 0 0 0 0 0 0 0 0 0 0 0 0 0 0 0 0
    0 0 0 0 0 0 0 0 0 0 0 0 0 0 0 0 0 0 0 0 0 0 0 0 0 0 0 0 0 0 0 0 0 0
    0 0 0 0 0 0 0 0 0 0 0 0 0 0 0 0 0 0 0 0 0 0 0 0 0 0 0 0 0 0 0 0 0 0
    0 0 0 0 0 0 0 0 0 0 0 0 0 0 0 0 0 0 0 0 0 0 0 0 0 0 0 0 0 0 0 0 0 0
    0 0 0 0 0 0 0 0 0 0 0 0 0 0 0 0 0 0 0 0 0 0 0 0 0 0 0 0 0 0 0 0 0 0
    0 0 0 0 0 0 0 0 0 0 0 0 0 0 0 0 0 0 0 0 0 0 0 0 0 0 0 0 0 0 0 0 0 0
    0 0 0 0 0 0 0 0 0 0 0 0 0 0 0 0 0 0 0 0 0 0 0 0 0 0 0 0 0 0 0 0 0 0
    0 0 0 0 0 0 0 0 0 0 0 0 0 0 0 0 0 0 0 0 0 0 0 0 0 0 0 0 0 0 0 0 0 0
    0 0 0 0 0 0 0 0 0 0 0 0 0 0 0 0 0 0 0 0 0 0 0 0 0 0 0 0 0 0 0 0 0 0
    0 0 0 0 0 0 0 0 0 0 0 0 0 0 0 0 0 0 0 0 0 0 0 0 0 0 0 0 0 0 0 0 0 0
    0 0 0 0 0 0 0 0 0 0 0 0 0 0 0 0 0 0 0 0 0 0 0 0 0 0 0 0 0 0 0 0 0 0
    0 0 0 0 0 0 0 0 0 0 0 0 0 0 0 0 0 0 0 0 0 0 0 0 0 0 0 0 0 0 0 0 0 0
    0 0 0 0 0 0 0 0 0 0 0 0 0 0 0 0 0 0 0 0 0 0 0 0 0 0 0 0 0 0 0 0 0 0
    0 0 0 0 0 0 0 0 0 0 0 0 0 0 0 0 0 0 0 0 0 0 0 0 0 0 0 0 0 0 0 0 0 0
    0 0 0 0 0 0 0 0 0 0 0 0 0 0 0 0 0 0 0 0 0 0 0 0 0 0 0 0 0 0 0 0 0 0
    0 0 0 0 0 0 0 0 0 0 0 0 0 0 0 0 0 0 0 0 0 0 0 0 0 0 0 0 0 0 0 0 0 0
    0 0 0 0 0 0 0 0 0 0 0 0 0 0 0 0 0 0 0 0 0 0 0 0 0 0 0 0 0 0 0 0 0 0
    0 0 0 0 0 0 0 0 0 0 0 0 0 0 0 0 0 0 0 0 0 0 0 0 0 0 0 0 0 0 0 0 0 0
    0 0 0 0 0 0 0 0 0 0 0 0 0 0 0 0 0 0 0 0 0 0 0 0 0 0 0 0 0 0 0 0 0 0
    0 0 0 0 0 0 0 0 0 0 0 0 0 0 0 0 0 0 0 0 0 0 0 0 0 0 0 0 0 0 0 0 0 0
    0 0 0 0 0 0 0 0 0 0 0 0 0 0 0 0 0 0 0 0 0 0 0 0 0 0 0 0 0 0 0 0 0 0
    0 0 0 0 0 0 0 0 0 0 0 0 0 0 0 0 0 0 0 0 0 0 0 0 0 0 0 0 0 0 0 0 0 0
    0 0 0 0 0 0 0 0 0 0 0 0 0 0 0 0 0 0 0 0 0 0 0 0 0 0 0 0 0 0 0 0 0 0
    0 0 0 0 0 0 0 0 0 0 0 0 0 0 0 0 0 0 0 0 0 0 0 0 0 0 0 0 0 0 0 0 0 0
    0 0 0 0 0 0 0 0 0 0 0 0 0 0 0 0 0 0 0 0 0 0 0 0 0 0 0 0 0 0 0 0 0 0
    0 0 0 0 0 0 0 0 0 0 0 0 0 0 0 0 0 0 0 0 0 0 0 0 0 0 0 0 0 0 0 0 0 0
    0 0 0 0 0 0 0 0 0 0 0 0 0 0 0 0 0 0 0 0 0 0 0 0 0 0 0 0 0 0 0 0 0 0
    0 0 0 0 0 0 0 0 0 0 0 0 0 0 0 0 0 0 0 0 0 0 0 0 0 0 0 0 0 0 0 0 0 0
    0 0 0 0 0 0 0 0 0 0 0 0 0 0 0 0 0 0 0 0 0 0 0 0 0 0 0 0 0 0 0 0 0 0
    0 0 0 0 0 0 0 0 0 0 0 0 0 0 0 0 0 0 0 0 0 0 0 0 0 0 0 0 0 0 0 0 0 0
    0 0 0 0 0 0 0 0 0 0 0 0 0 0 0 0 0 0 0 0 0 0 0 0 0 0 0 0 0 0 0 0 0 0
    0 0 0 0 0 0 0 0 0 0 0 0 0 0 0 0 0 0 0 0 0 0 0 0 0 0 0 0 0 0 0 0 0 0
    0 0 0 0 0 0 0 0 0 0 0 0 0 0 0 0 0 0 0 0 0 0 0 0 0 0 0 0 0 0 0 0 0 0
    0 0 0 0 0 0 0 0 0 0 0 0 0 0 0 0 0 0 0 0 0 0 0 0 0 0 0 0 0 0 0 0 0 0
    0 0 0 0 0 0 0 0 0 0 0 0 0 0 0 0 0 0 0 0 0 0 0 0 0 0 0 0 0 0 0 0 0 0
    0 0 0 0 0 0 0 0 0 0 0 0 0 0 0 0 0 0 0 0 0 0 0 0 0 0 0 0 0 0 0 0 0 0
    0 0 0 0 0 0 0 0 0 0 0 0 0 0 0 0 0 0 0 0 0 0 0 0 0 0 0 0 0 0 0 0 0 0
    0 0 0 0 0 0 0 0 0 0 0 0 0 0 0 0 0 0 0 0 0 0 0 0 0 0 0 0 0 0 0 0 0 0
    0 0 0 0 0 0 0 0 0 0 0 0 0 0 0 0 0 0 0 0 0 0 0 0 0 0 0 0 0 0 0 0 0 0
    0 0 0 0 0 0 0 0 0 0 0 0 0 0 0 0 0 0 0 0 0 0 0 0 0 0 0 0 0 0 0 0 0 0
    0 0 0 0 0 0 0 0 0 0 0 0 0 0 0 0 0 0 0 0 0 0 0 0 0 0 0 0 0 0 0 0 0 0
    0 0 0 0 0 0 0 0 0 0 0 0 0 0 0 0 0 0 0 0 0 0 0 0 0 0 0 0 0 0 0 0 0 0
    0 0 0 0 0 0 0 0 0 0 0 0 0 0 0 0 0 0 0 0 0 0 0 0 0 0 0 0 0 0 0 0 0 0
    0 0 0 0 0 0 0 0 0 0 0 0 0 0 0 0 0 0 0 0 0 0 0 0 0 0 0 0 0 0 0 0 0 0
    0 0 0 0 0 0 0 0 0 0 0 0 0 0 0 0 0 0 0 0 0 0 0 0 0 0 0 0 0 0 0 0 0 0
    0 0 0 0 0 0 0 0 0 0 0 0 0 0 0 0 0 0 0 0 0 0 0 0 0 0 0 0 0 0 0 0 0 0
    0 0 0 0 0 0 0 0 0 0 0 0 0 0 0 0 0 0 0 0 0 0 0 0 0 0 0 0 0 0 0 0 0 0
    0 0 0 0 0 0 0 0 0 0 0 0 0 0 0 0 0 0 0 0 0 0 0 0 0 0 0 0 0 0 0 0 0 0
    0 0 0 0 0 0 0 0 0 0 0 0 0 0 0 0 0 0 0 0 0 0 0 0 0 0 0 0 0 0 0 0 0 0
    0 0 0 0 0 0 0 0 0 0 0 0 0 0 0 0 0 0 0 0 0 0 0 0 0 0 0 0 0 0 0 0 0 0
    0 0 0 0 0 0 0 0 0 0 0 0 0 0 0 0 0 0 0 0 0 0 0 0 0 0 0 0 0 0 0 0 0 0
    0 0 0 0 0 0 0 0 0 0 0 0 0 0 0 0 0 0 0 0 0 0 0 0 0 0 0 0 0 0 0 0 0 0
    0 0 0 0 0 0 0 0 0 0 0 0 0 0 0 0 0 0 0 0 0 0 0 0 0 0 0 0 0 0 0 0 0 0
    0 0 0 0 0 0 0 0 0 0 0 0 0 0 0 0 0 0 0 0 0 0 0 0 0 0 0 0 0 0 0 0 0 0
    0 0 0 0 0 0 0 0 0 0 0 0 0 0 0 0 0 0 0 0 0 0 0 0 0 0 0 0 0 0 0 0 0 0
    0 0 0 0 0 0 0 0 0 0 0 0 0 0 0 0 0 0 0 0 0 0 0 0 0 0 0 0 0 0 0 0 0 0
    0 0 0 0 0 0 0 0 0 0 0 0 0 0 0 0 0 0 0 0 0 0 0 0 0 0 0 0 0 0 0 0 0 0
    0 0 0 0 0 0 0 0 0 0 0 0 0 0 0 0 0 0 0 0 0 0 0 0 0 0 0 0 0 0 0 0 0 0
    0 0 0 0 0 0 0 0 0 0 0 0 0 0 0 0 0 0 0 0 0 0 0 0 0 0 0 0 0 0 0 0 0 0
    0 0 0 0 0 0 0 0 0 0 0 0 0 0 0 0 0 0 0 0 0 0 0 0 0 0 0 0 0 0 0 0 0 0
    0 0 0 0 0 0 0 0 0 0 0 0 0 0 0 0 0 0 0 0 0 0 0 0 0 0 0 0 0 0 0 0 0 0
    0 0 0 0 0 0 0 0 0 0 0 0 0 0 0 0 0 0 0 0 0 0 0 0 0 0 0 0 0 0 0 0 0 0
    0 0 0 0 0 0 0 0 0 0 0 0 0 0 0 0 0 0 0 0 0 0 0 0 0 0 0 0 0 0 0 0 0 0
    0 0 0 0 0 0 0 0 0 0 0 0 0 0 0 0 0 0 0 0 0 0 0 0 0 0 0 0 0 0 0 0 0 0
    0 0 0 0 0 0 0 0 0 0 0 0 0 0 0 0 0 0 0 0 0 0 0 0 0 0 0 0 0 0 0 0 0 0
    0 0 0 0 0 0 0 0 0 0 0 0 0 0 0 0 0 0 0 0 0 0 0 0 0 0 0 0 0 0 0 0 0 0
    0 0 0 0 0 0 0 0 0 0 0 0 0 0 0 0 0 0 0 0 0 0 0 0 0 0 0 0 0 0 0 0 0 0
    0 0 0 0 0 0 0 0 0 0 0 0 0 0 0 0 0 0 0 0 0 0 0 0 0 0 0 0 0 0 0 0 0 0
    0 0 0 0 0 0 0 0 0 0 0 0 0 0 0 0 0 0 0 0 0 0 0 0 0 0 0 0 0 0 0 0 0 0
    0 0 0 0 0 0 0 0 0 0 0 0 0 0 0 0 0 0 0 0 0 0 0 0 0 0 0 0 0 0 0 0 0 0
    0 0 0 0 0 0 0 0 0 0 0 0 0 0 0 0 0 0 0 0 0 0 0 0 0 0 0 0 0 0 0 0 0 0
    0 0 0 0 0 0 0 0 0 0 0 0 0 0 0 0 0 0 0 0 0 0 0 0 0 0 0 0 0 0 0 0 0 0
    0 0 0 0 0 0 0 0 0 0 0 0 0 0 0 0 0 0 0 0 0 0 0 0 0 0 0 0 0 0 0 0 0 0
    0 0 0 0 0 0 0 0 0 0 0 0 0 0 0 0 0 0 0 0 0 0 0 0 0 0 0 0 0 0 0 0 0 0
    0 0 0 0 0 0 0 0 0 0 0 0 0 0 0 0 0 0 0 0 0 0 0 0 0 0 0 0 0 0 0 0 0 0
    0 0 0 0 0 0 0 0 0 0 0 0 0 0 0 0 0 0 0 0 0 0 0 0 0 0 0 0 0 0 0 0 0 0
    0 0 0 0 0 0 0 0 0 0 0 0 0 0 0 0 0 0 0 0 0 0 0 0 0 0 0 0 0 0 0 0 0 0
    0 0 0 0 0 0 0 0 0 0 0 0 0 0 0 0 0 0 0 0 0 0 0 0 0 0 0 0 0 0 0 0 0 0
    0 0 0 0 0 0 0 0 0 0 0 0 0 0 0 0 0 0 0 0 0 0 0 0 0 0 0 0 0 0 0 0 0 0
    0 0 0 0 0 0 0 0 0 0 0 0 0 0 0 0 0 0 0 0 0 0 0 0 0 0 0 0 0 0 0 0 0 0
    0 0 0 0 0 0 0 0 0 0 0 0 0 0 0 0 0 0 0 0 0 0 0 0 0 0 0 0 0 0 0 0 0 0
    0 0 0 0 0 0 0 0 0 0 0 0 0 0 0 0 0 0 0 0 0 0 0 0 0 0 0 0 0 0 0 0 0 0
    0 0 0 0 0 0 0 0 0 0 0 0 0 0 0 0 0 0 0 0 0 0 0 0 0 0 0 0 0 0 0 0 0 0
    0 0 0 0 0 0 0 0 0 0 0 0 0 0 0 0 0 0 0 0 0 0 0 0 0 0 0 0 0 0 0 0 0 0
    0 0 0 0 0 0 0 0 0 0 0 0 0 0 0 0 0 0 0 0 0 0 0 0 0 0 0 0 0 0 0 0 0 0
    0 0 0 0 0 0 0 0 0 0 0 0 0 0 0 0 0 0 0 0 0 0 0 0 0 0 0 0 0 0 0 0 0 0
    0 0 0 0 0 0 0 0 0 0 0 0 0 0 0 0 0 0 0 0 0 0 0 0 0 0 0 0 0 0 0 0 0 0
    0 0 0 0 0 0 0 0 0 0 0 0 0 0 0 0 0 0 0 0 0 0 0 0 0 0 0 0 0 0 0 0 0 0
    0 0 0 0 0 0 0 0 0 0 0 0 0 0 0 0 0 0 0 0 0 0 0 0 0 0 0 0 0 0 0 0 0 0
    0 0 0 0 0 0 0 0 0 0 0 0 0 0 0 0 0 0 0 0 0 0 0 0 0 0 0 0 0 0 0 0 0 0
    0 0 0 0 0 0 0 0 0 0 0 0 0 0 0 0 0 0 0 0 0 0 0 0 0 0 0 0 0 0 0 0 0 0
    0 0 0 0 0 0 0 0 0 0 0 0 0 0 0 0 0 0 0 0 0 0 0 0 0 0 0 0 0 0 0 0 0 0
    0 0 0 0 0 0 0 0 0 0 0 0 0 0 0 0 0 0 0 0 0 0 0 0 0 0 0 0 0 0 0 0 0 0
    0 0 0 0 0 0 0 0 0 0 0 0 0 0 0 0 0 0 0 0 0 0 0 0 0 0 0 0 0 0 0 0 0 0
    0 0 0 0 0 0 0 0 0 0 0 0 0 0 0 0 0 0 0 0 0 0 0 0 0 0 0 0 0 0 0 0 0 0
    0 0 0 0 0 0 0 0 0 0 0 0 0 0 0 0 0 0 0 0 0 0 0 0 0 0 0 0 0 0 0 0 0 0
    0 0 0 0 0 0 0 0 0 0 0 0 0 0 0 0 0 0 0 0 0 0 0 0 0 0 0 0 0 0 0 0 0 0
    0 0 0 0 0 0 0 0 0 0 0 0 0 0 0 0 0 0 0 0 0 0 0 0 0 0 0 0 0 0 0 0 0 0
    0 0 0 0 0 0 0 0 0 0 0 0 0 0 0 0 0 0 0 0 0 0 0 0 0 0 0 0 0 0 0 0 0 0
    0 0 0 0 0 0 0 0 0 0 0 0 0 0 0 0 0 0 0 0 0 0 0 0 0 0 0 0 0 0 0 0 0 0
    0 0 0 0 0 0 0 0 0 0 0 0 0 0 0 0 0 0 0 0 0 0 0 0 0 0 0 0 0 0 0 0 0 0
    0 0 0 0 0 0 0 0 0 0 0 0 0 0 0 0 0 0 0 0 0 0 0 0 0 0 0 0 0 0 0 0 0 0
    0 0 0 0 0 0 0 0 0 0 0 0 0 0 0 0 0 0 0 0 0 0 0 0 0 0 0 0 0 0 0 0 0 0
    0 0 0 0 0 0 0 0 0 0 0 0 0 0 0 0 0 0 0 0 0 0 0 0 0 0 0 0 0 0 0 0 0 0
    0 0 0 0 0 0 0 0 0 0 0 0 0 0 0 0 0 0 0 0 0 0 0 0 0 0 0 0 0 0 0 0 0 0
    0 0 0 0 0 0 0 0 0 0 0 0 0 0 0 0 0 0 0 0 0 0 0 0 0 0 0 0 0 0 0 0 0 0
    0 0 0 0 0 0 0 0 0 0 0 0 0 0 0 0 0 0 0 0 0 0 0 0 0 0 0 0 0 0 0 0 0 0
    0 0 0 0 0 0 0 0 0 0 0 0 0 0 0 0 0 0 0 0 0 0 0 0 0 0 0 0 0 0 0 0 0 0
    0 0 0 0 0 0 0 0 0 0 0 0 0 0 0 0 0 0 0 0 0 0 0 0 0 0 0 0 0 0 0 0 0 0
    0 0 0 0 0 0 0 0 0 0 0 0 0 0 0 0 0 0 0 0 0 0 0 0 0 0 0 0 0 0 0 0 0 0
    0 0 0 0 0 0 0 0 0 0 0 0 0 0 0 0 0 0 0 0 0 0 0 0 0 0 0 0 0 0 0 0 0 0
    0 0 0 0 0 0 0 0 0 0 0 0 0 0 0 0 0 0 0 0 0 0 0 0 0 0 0 0 0 0 0 0 0 0
    0 0 0 0 0 0 0 0 0 0 0 0 0 0 0 0 0 0 0 0 0 0 0 0 0 0 0 0 0 0 0 0 0 0
    0 0 0 0 0 0 0 0 0 0 0 0 0 0 0 0 0 0 0 0 0 0 0 0 0 0 0 0 0 0 0 0 0 0
    0 0 0 0 0 0 0 0 0 0 0 0 0 0 0 0 0 0 0 0 0 0 0 0 0 0 0 0 0 0 0 0 0 0
    0 0 0 0 0 0 0 0 0 0 0 0 0 0 0 0 0 0 0 0 0 0 0 0 0 0 0 0 0 0 0 0 0 0
    0 0 0 0 0 0 0 0 0 0 0 0 0 0 0 0 0 0 0 0 0 0 0 0 0 0 0 0 0 0 0 0 0 0
    0 0 0 0 0 0 0 0 0 0 0 0 0 0 0 0 0 0 0 0 0 0 0 0 0 0 0 0 0 0 0 0 0 0
    0 0 0 0 0 0 0 0 0 0 0 0 0 0 0 0 0 0 0 0 0 0 0 0 0 0 0 0 0 0 0 0 0 0
    0 0 0 0 0 0 0 0 0 0 0 0 0 0 0 0 0 0 0 0 0 0 0 0 0 0 0 0 0 0 0 0 0 0
    0 0 0 0 0 0 0 0 0 0 0 0 0 0 0 0 0 0 0 0 0 0 0 0 0 0 0 0 0 0 0 0 0 0
    0 0 0 0 0 0 0 0 0 0 0 0 0 0 0 0 0 0 0 0 0 0 0 0 0 0 0 0 0 0 0 0 0 0
    0 0 0 0 0 0 0 0 0 0 0 0 0 0 0 0 0 0 0 0 0 0 0 0 0 0 0 0 0 0 0 0 0 0
    0 0 0 0 0 0 0 0 0 0 0 0 0 0 0 0 0 0 0 0 0 0 0 0 0 0 0 0 0 0 0 0 0 0
    0 0 0 0 0 0 0 0 0 0 0 0 0 0 0 0 0 0 0 0 0 0 0 0 0 0 0 0 0 0 0 0 0 0
    0 0 0 0 0 0 0 0 0 0 0 0 0 0 0 0 0 0 0 0 0 0 0 0 0 0 0 0 0 0 0 0 0 0
    0 0 0 0 0 0 0 0 0 0 0 0 0 0 0 0 0 0 0 0 0 0 0 0 0 0 0 0 0 0 0 0 0 0
    0 0 0 0 0 0 0 0 0 0 0 0 0 0 0 0 0 0 0 0 0 0 0 0 0 0 0 0 0 0 0 0 0 0
    0 0 0 0 0 0 0 0 0 0 0 0 0 0 0 0 0 0 0 0 0 0 0 0 0 0 0 0 0 0 0 0 0 0
    0 0 0 0 0 0 0 0 0 0 0 0 0 0 0 0 0 0 0 0 0 0 0 0 0 0 0 0 0 0 0 0 0 0
    0 0 0 0 0 0 0 0 0 0 0 0 0 0 0 0 0 0 0 0 0 0 0 0 0 0 0 0 0 0 0 0 0 0
    0 0 0 0 0 0 0 0 0 0 0 0 0 0 0 0 0 0 0 0 0 0 0 0 0 0 0 0 0 0 0 0 0 0
    0 0 0 0 0 0</data></your_edges>
</opencv_storage>
