<?xml version="1.0"?>
<opencv_storage>
<grad type_id="opencv-matrix">
  <rows>10</rows>
  <cols>10</cols>
  <dt>f</dt>
  <data>
    8.88395233e+01 4.00756073e+00 1.89592316e+02 2.25145340e+02
    5.52333069e+00 1.29177094e+02 8.31460571e+01 1.63417603e+02
    2.55295227e+02 9.67122421e+01 1.82790527e+01 2.04553467e+02
    1.23893791e+02 1.15688820e+02 2.01723389e+02 1.55925079e+02
    2.28617264e+02 5.34620132e+01 3.06298523e+01 9.20997009e+01
    2.09414978e+02 1.38788849e+02 8.35686493e+00 2.52687103e+02
    7.00562286e+00 1.94744873e+02 7.93997650e+01 2.07613434e+02
    3.16706848e+00 1.87790039e+02 9.87606125e+01 1.19581970e+02
    2.39109009e+02 1.00463707e+02 1.77013367e+02 1.39302261e+02
    1.96959534e+02 1.35301453e+02 4.41873245e+01 1.31378464e+02
    1.50303299e+02 2.73749313e+01 1.47471466e+01 1.02216110e+02
    1.79750183e+02 1.99714661e+00 1.24755325e+01 1.02669174e+02
    1.06465912e+00 2.25399353e+02 2.02999878e+02 2.39812317e+01
    1.12990417e+02 1.07128113e+02 1.08359520e+02 7.95866852e+01
    9.45716858e+00 6.45330734e+01 3.80427017e+01 6.20809402e+01
    1.63226166e+02 8.09311371e+01 2.30752182e+02 2.15588104e+02
    6.79979401e+01 1.62832596e+02 7.39719925e+01 2.28242493e+02
    2.14243469e+02 2.09468689e+01 1.71402069e+02 2.05048798e+02
    1.84885178e+02 1.17403336e+02 4.29987869e+01 1.86239517e+02
    1.57253937e+02 1.26275780e+02 8.11212921e+01 6.70074615e+01
    3.59015350e+01 1.01164459e+02 1.22865860e+02 9.14001770e+01
    3.73006516e+01 9.10006714e+00 2.01529755e+02 8.01174774e+01
    1.40614746e+02 1.84031555e+02 2.47480881e+02 2.23946075e+02
    9.27934875e+01 1.74553497e+02 1.62468567e+02 1.95054657e+02
    2.20990082e+02 5.23933334e+01 1.64601517e+02 1.16195999e+02</data></grad>
<my_hist type_id="opencv-matrix">
  <rows>95</rows>
  <cols>1</cols>
  <dt>f</dt>
  <data>
    2. 2. 2. 3. 1. 1. 1. 1. 1. 0. 1. 1. 0. 2. 1. 0. 2. 0. 0. 2. 0. 0. 0.
    1. 2. 1. 0. 1. 0. 3. 3. 0. 0. 1. 3. 1. 1. 2. 2. 1. 1. 0. 1. 3. 1. 1.
    2. 0. 2. 0. 1. 2. 1. 0. 0. 1. 0. 0. 2. 0. 4. 1. 0. 1. 1. 1. 1. 0. 2.
    2. 1. 0. 2. 1. 1. 2. 2. 2. 0. 1. 1. 0. 1. 3. 1. 2. 0. 0. 1. 0. 0. 0.
    1. 0. 1.</data></my_hist>
<your_hist type_id="opencv-matrix">
  <rows>95</rows>
  <cols>1</cols>
  <dt>f</dt>
  <data>
    2. 2. 2. 3. 1. 1. 1. 1. 1. 0. 1. 1. 0. 2. 1. 1. 1. 0. 0. 2. 0. 0. 1.
    1. 1. 1. 0. 1. 0. 5. 1. 0. 1. 2. 1. 1. 2. 3. 0. 2. 0. 1. 2. 1. 1. 2.
    1. 1. 1. 1. 0. 3. 0. 0. 0. 1. 0. 2. 0. 2. 3. 0. 0. 1. 1. 1. 1. 1. 2.
    2. 0. 2. 1. 0. 3. 2. 1. 1. 1. 1. 0. 1. 3. 0. 3. 0. 0. 0. 1. 0. 0. 1.
    0. 1. 1.</data></your_hist>
<my_max_grad>2.5529522705078125e+02</my_max_grad>
<your_max_grad>2.5529522705078125e+02</your_max_grad>
</opencv_storage>
