<?xml version="1.0"?>
<opencv_storage>
<grad type_id="opencv-matrix">
  <rows>10</rows>
  <cols>10</cols>
  <dt>f</dt>
  <data>
    8.10114212e+01 1.05064362e+02 2.02334320e+02 5.22455292e+01
    9.15063019e+01 2.10259964e+02 8.83566895e+01 1.06206238e+02
    9.27003326e+01 1.32272446e+02 2.24069641e+02 1.16320541e+02
    1.74746521e+02 1.67775970e+02 2.54030212e+02 1.27984200e+02
    6.34901276e+01 2.27068756e+02 2.57736206e+01 2.40065247e+02
    1.17910812e+02 1.50274506e+02 2.11801788e+02 1.84331421e+02
    1.28071182e+02 2.48381821e+02 2.34322357e+02 1.93932007e+02
    8.36532593e+00 8.72475891e+01 1.92257141e+02 1.31960831e+02
    2.23849976e+02 1.37495514e+02 2.34820557e+01 1.87712250e+01
    3.62564392e+01 2.13266830e+02 1.88205872e+02 1.62767029e+00
    1.08039658e+02 2.03343658e+02 1.78980728e+02 8.28731689e+01
    2.91919556e+01 3.82248611e+01 1.99558334e+01 1.28333282e+00
    3.72059250e+01 2.13957474e+02 1.82345596e+02 2.48184799e+02
    1.90488464e+02 4.10145340e+01 2.01980911e+02 2.02881943e+02
    6.71176147e+01 1.16409294e+02 1.26209427e+02 2.55417603e+02
    6.14347687e+01 8.01792831e+01 1.16562393e+02 1.72953308e+02
    1.70775894e+02 2.37887527e+02 1.94605865e+01 4.09852371e+01
    1.27149147e+02 9.65175400e+01 1.61402679e+02 1.46053421e+02
    1.81960358e+02 1.87007477e+02 2.24923462e+02 1.96009232e+02
    1.91750000e+02 8.04224625e+01 1.93728271e+02 2.41068634e+02
    1.80857849e+02 7.95512085e+01 2.22539673e+01 4.92663040e+01
    1.95703735e+02 7.68228607e+01 1.04721298e+02 1.61738037e+02
    2.19277191e+02 1.99668976e+02 2.54716675e+02 2.30718658e+02
    1.30299789e+02 1.45699142e+02 1.01554733e+02 2.19765259e+02
    2.17718506e+01 2.25856781e+02 1.62384735e+02 2.50020020e+02</data></grad>
<my_hist type_id="opencv-matrix">
  <rows>91</rows>
  <cols>1</cols>
  <dt>f</dt>
  <data>
    2. 0. 1. 0. 0. 0. 2. 3. 1. 1. 1. 0. 1. 2. 2. 0. 0. 1. 1. 0. 0. 1. 1.
    1. 0. 0. 0. 1. 4. 1. 0. 2. 1. 1. 1. 0. 1. 3. 1. 0. 0. 3. 1. 0. 1. 3.
    1. 2. 1. 0. 0. 1. 1. 1. 0. 0. 0. 3. 0. 1. 1. 1. 1. 1. 3. 1. 1. 2. 2.
    4. 0. 2. 3. 0. 1. 2. 1. 0. 2. 2. 3. 0. 1. 1. 1. 2. 0. 0. 2. 1. 2.</data></my_hist>
<your_hist type_id="opencv-matrix">
  <rows>91</rows>
  <cols>1</cols>
  <dt>f</dt>
  <data>
    2. 0. 1. 0. 0. 0. 2. 3. 1. 1. 1. 0. 1. 2. 2. 0. 0. 1. 1. 0. 0. 1. 1.
    1. 0. 0. 0. 1. 4. 1. 1. 1. 2. 0. 1. 1. 1. 2. 1. 0. 1. 3. 0. 0. 2. 3.
    2. 0. 1. 0. 0. 2. 1. 0. 0. 0. 2. 1. 0. 1. 2. 1. 0. 2. 3. 1. 1. 3. 3.
    1. 1. 4. 0. 0. 2. 2. 0. 2. 2. 2. 1. 1. 1. 1. 2. 0. 0. 2. 1. 2. 1.</data></your_hist>
<my_max_grad>2.5541760253906250e+02</my_max_grad>
<your_max_grad>2.5541760253906250e+02</your_max_grad>
</opencv_storage>
