<?xml version="1.0"?>
<opencv_storage>
<grad type_id="opencv-matrix">
  <rows>10</rows>
  <cols>10</cols>
  <dt>f</dt>
  <data>
    2.21539825e+02 2.24016571e+02 1.29054565e+01 1.39330460e+02
    2.16281982e+02 3.62193451e+01 1.97979828e+02 4.88679962e+01
    1.89293884e+02 4.69766769e+01 1.03957886e+02 5.09417419e+01
    3.46974030e+01 1.28573181e+02 2.16852417e+02 3.69072113e+01
    7.49021988e+01 1.62980377e+02 2.47445221e+01 9.06573334e+01
    1.51682892e+02 1.45657059e+02 5.67833023e+01 2.50183136e+02
    5.96951675e+01 1.45165131e+02 1.24314285e+02 2.20151062e+01
    3.61521759e+01 1.21882309e+02 7.45859680e+01 5.81479950e+01
    9.12401581e+01 1.15279198e+02 6.46987152e+01 2.17204514e+02
    1.92222870e+02 5.56617661e+01 7.99479675e+00 1.20299911e+02
    2.20870972e+02 2.06936493e+01 2.07195709e+02 1.76012451e+02
    1.68295807e+02 1.11455826e+02 1.44536819e+01 2.14604095e+02
    1.44585342e+02 2.50172913e+02 2.44953918e+00 8.61375732e+01
    1.40093414e+02 8.05552673e+01 1.51441650e+02 3.54442291e+01
    8.37840881e+01 1.79179031e+02 1.28694946e+02 1.57297394e+02
    3.94432907e+01 1.48864838e+02 2.25733093e+02 2.24546021e+02
    1.95644470e+02 2.16165695e+02 1.46774094e+02 3.04839096e+01
    2.51235367e+02 5.43459244e+01 2.35531799e+02 4.41773300e+01
    2.13695312e+02 4.69139099e-01 5.09532318e+01 1.65284546e+02
    1.68899689e+02 7.74941101e+01 3.09485397e+01 8.96194305e+01
    1.42975906e+02 1.40720261e+02 1.30743393e+02 4.57000122e+01
    2.48407257e+02 1.77123596e+02 2.06208054e+02 4.88264008e+01
    2.60146561e+01 1.57780380e+02 2.23405518e+02 1.41874542e+02
    6.02280426e+00 1.89876404e+02 4.98480148e+01 1.22575447e+02
    1.35580841e+02 1.39736023e+01 9.84455872e+01 2.33300339e+02</data></grad>
<my_hist type_id="opencv-matrix">
  <rows>90</rows>
  <cols>1</cols>
  <dt>f</dt>
  <data>
    2. 0. 2. 0. 1. 2. 0. 2. 1. 1. 1. 1. 4. 1. 1. 1. 2. 3. 2. 2. 2. 1. 0.
    1. 0. 0. 2. 1. 1. 0. 2. 0. 3. 0. 0. 1. 0. 1. 0. 1. 0. 1. 0. 3. 1. 0.
    3. 0. 1. 1. 3. 2. 3. 1. 2. 0. 2. 0. 1. 1. 2. 0. 0. 2. 1. 0. 0. 1. 2.
    0. 2. 0. 0. 1. 1. 0. 2. 4. 0. 2. 4. 0. 0. 1. 1. 0. 0. 0. 1. 2.</data></my_hist>
<your_hist type_id="opencv-matrix">
  <rows>90</rows>
  <cols>1</cols>
  <dt>f</dt>
  <data>
    1.99999996e-02 0. 1.99999996e-02 0. 1.99999996e-02 9.99999978e-03 0.
    1.99999996e-02 9.99999978e-03 9.99999978e-03 1.99999996e-02 0.
    3.99999991e-02 1.99999996e-02 0. 9.99999978e-03 1.99999996e-02
    2.99999993e-02 1.99999996e-02 1.99999996e-02 1.99999996e-02
    9.99999978e-03 9.99999978e-03 0. 0. 0. 1.99999996e-02 9.99999978e-03
    9.99999978e-03 9.99999978e-03 9.99999978e-03 9.99999978e-03
    1.99999996e-02 0. 9.99999978e-03 0. 9.99999978e-03 0. 0.
    9.99999978e-03 9.99999978e-03 0. 9.99999978e-03 1.99999996e-02
    9.99999978e-03 1.99999996e-02 9.99999978e-03 0. 9.99999978e-03
    2.99999993e-02 1.99999996e-02 3.99999991e-02 9.99999978e-03
    1.99999996e-02 0. 1.99999996e-02 0. 9.99999978e-03 9.99999978e-03
    1.99999996e-02 0. 0. 1.99999996e-02 9.99999978e-03 0. 0. 0.
    1.99999996e-02 9.99999978e-03 9.99999978e-03 9.99999978e-03 0. 0.
    1.99999996e-02 0. 9.99999978e-03 4.99999970e-02 0. 1.99999996e-02
    3.99999991e-02 0. 0. 9.99999978e-03 9.99999978e-03 0. 0. 0.
    9.99999978e-03 1.99999996e-02 9.99999978e-03</data></your_hist>
<my_max_grad>2.5123536682128906e+02</my_max_grad>
<your_max_grad>2.5123536682128906e+02</your_max_grad>
</opencv_storage>
