<?xml version="1.0"?>
<opencv_storage>
<grad type_id="opencv-matrix">
  <rows>10</rows>
  <cols>10</cols>
  <dt>f</dt>
  <data>
    1.63981857e+01 2.55441422e+02 8.61970062e+01 6.67351685e+01
    4.98185959e+01 1.84532516e+02 2.20132919e+02 1.89399887e+02
    1.48279724e+02 8.65781937e+01 2.02897064e+02 1.36875458e+02
    2.33859940e+01 2.25511261e+02 1.37675217e+02 1.75648926e+02
    1.56016556e+02 1.79245834e+02 6.34325180e+01 1.09646790e+02
    2.10053253e+01 6.16871414e+01 5.93963013e+01 2.52659882e+02
    1.50091049e+02 8.26113968e+01 9.70442963e+00 1.47680862e+02
    2.46605957e+02 8.77781067e+01 1.13188713e+02 8.97456818e+01
    1.17929001e+02 5.68205338e+01 1.00289551e+02 2.15179504e+02
    2.50457031e+02 8.91738739e+01 2.04910049e+01 2.46389572e+02
    2.25425262e+02 1.18011017e+02 2.50024506e+02 2.03055542e+02
    1.84938873e+02 1.35338654e+02 3.82388535e+01 1.82650604e+02
    6.52541046e+01 2.26848465e+02 2.66301804e+01 2.41546997e+02
    1.25065437e+02 4.68388443e+01 1.71417175e+02 6.47544861e+00
    8.33213043e+01 2.34990936e+02 5.72898178e+01 2.52368347e+02
    3.63504562e+01 1.32170181e+02 6.94354248e+01 8.17483902e+01
    2.38841309e+02 2.14945770e+02 2.55096680e+02 1.57016708e+02
    1.70918365e+02 2.55499420e+02 2.49252869e+02 2.08878632e+01
    8.03198395e+01 1.92038025e+02 1.17236923e+02 1.69954239e+02
    7.43165588e+01 7.72117310e+01 1.81311157e+02 1.06307594e+02
    1.42823792e+00 1.64099609e+02 5.54617691e+01 8.31523743e+01
    8.28981323e+01 2.05605621e+02 1.38022995e+02 1.38050278e+02
    2.32641083e+02 1.75683151e+02 1.50878159e+02 1.86014069e+02
    1.91586700e+02 2.43805054e+02 1.22895615e+02 2.48139496e+02
    1.81639313e+02 3.04737778e+01 2.02808380e+00 1.82526123e+02</data></grad>
<my_hist type_id="opencv-matrix">
  <rows>99</rows>
  <cols>1</cols>
  <dt>f</dt>
  <data>
    2. 0. 1. 1. 0. 0. 1. 1. 2. 1. 1. 1. 0. 0. 2. 0. 0. 0. 1. 1. 0. 1. 2.
    2. 1. 2. 1. 0. 1. 1. 0. 2. 4. 2. 3. 0. 0. 0. 1. 0. 0. 1. 1. 1. 0. 3.
    0. 1. 1. 0. 0. 1. 1. 4. 0. 0. 0. 2. 2. 0. 2. 0. 0. 1. 0. 1. 2. 0. 2.
    1. 4. 2. 1. 1. 2. 0. 0. 0. 2. 1. 0. 0. 0. 2. 0. 1. 0. 3. 0. 0. 1. 1.
    1. 1. 1. 2. 3. 3. 2.</data></my_hist>
<your_hist type_id="opencv-matrix">
  <rows>99</rows>
  <cols>1</cols>
  <dt>f</dt>
  <data>
    2. 0. 1. 1. 0. 0. 1. 1. 3. 0. 1. 1. 0. 1. 1. 0. 0. 1. 0. 1. 0. 3. 1.
    1. 1. 2. 1. 0. 1. 1. 1. 5. 0. 3. 2. 0. 0. 0. 1. 0. 1. 0. 1. 1. 1. 2.
    0. 2. 0. 0. 1. 1. 4. 0. 0. 0. 2. 2. 0. 1. 1. 0. 1. 0. 0. 3. 0. 2. 1.
    2. 4. 1. 1. 2. 0. 0. 0. 2. 1. 0. 0. 0. 2. 0. 1. 0. 2. 1. 0. 1. 1. 1.
    1. 1. 2. 3. 3. 2. 1.</data></your_hist>
<my_max_grad>2.5549942016601562e+02</my_max_grad>
<your_max_grad>2.5549942016601562e+02</your_max_grad>
</opencv_storage>
