<?xml version="1.0"?>
<opencv_storage>
<grad type_id="opencv-matrix">
  <rows>10</rows>
  <cols>10</cols>
  <dt>f</dt>
  <data>
    1.76375305e+02 3.13396988e+01 1.22005768e+01 1.64804062e+02
    1.50187958e+02 1.04597343e+02 1.87138397e+02 1.10382355e+02
    1.91759628e+02 5.88463440e+01 1.85881149e+02 8.54751205e+01
    1.60567871e+02 3.87007294e+01 1.60512985e+02 1.10194733e+02
    1.95865158e+02 2.02514191e+02 2.28715317e+02 1.57685059e+02
    1.17401459e+02 9.36761017e+01 6.45278778e+01 1.18176476e+02
    2.16834412e+02 1.90777008e+02 1.73567902e+02 1.57263275e+02
    7.29609528e+01 1.76782333e+02 2.17478424e+02 8.35917664e+01
    2.09593536e+02 1.22375336e+01 1.98130219e+02 9.44100037e+01
    1.10135422e+02 1.26844742e+02 1.81565628e+02 9.42606583e+01
    2.54915955e+02 8.80516434e+01 2.20643127e+02 9.97247162e+01
    5.11591797e+01 7.15841522e+01 2.27977661e+02 6.26270142e+01
    1.27665710e+00 5.70188217e+01 6.96969299e+01 1.63835785e+02
    1.33813171e+01 1.79237167e+02 8.66324005e+01 5.75954208e+01
    2.09961395e+02 1.39348831e+01 1.95339752e+02 7.28546524e+01
    2.20972260e+02 1.37344315e+02 4.29837036e+00 1.22953064e+02
    2.22922791e+02 1.41043198e+02 2.02908875e+02 2.90160370e+01
    1.62622437e+02 1.62772476e+02 7.53827667e+01 2.34072311e+02
    2.17205200e+01 2.38790604e+02 7.09610748e+01 1.60822281e+02
    5.14942932e+01 2.74339523e+01 1.69538803e+02 6.78348160e+01
    1.90695648e+02 1.95101929e+02 1.75690079e+02 2.03926727e+02
    4.29642944e+01 6.48628998e+01 2.05986069e+02 1.94693970e+02
    9.98829117e+01 1.07497925e+02 1.84985748e+02 9.13704910e+01
    3.11800003e+01 1.37306580e+02 1.01396194e+02 7.00640106e+00
    1.46746750e+02 2.51242889e+02 1.60532608e+02 5.11892090e+01</data></grad>
<my_hist type_id="opencv-matrix">
  <rows>101</rows>
  <cols>1</cols>
  <dt>f</dt>
  <data>
    1. 1. 1. 0. 2. 2. 0. 0. 1. 0. 1. 1. 2. 0. 0. 1. 0. 1. 0. 0. 3. 0. 2.
    1. 1. 2. 1. 1. 4. 1. 0. 0. 0. 2. 2. 0. 1. 3. 0. 2. 1. 1. 1. 3. 0. 0.
    2. 0. 1. 0. 1. 0. 0. 0. 2. 1. 0. 0. 1. 1. 0. 0. 2. 4. 3. 1. 0. 1. 1.
    2. 1. 2. 0. 2. 1. 3. 0. 4. 1. 0. 3. 1. 0. 2. 0. 1. 1. 2. 1. 0. 2. 0.
    1. 0. 1. 0. 0. 0. 0. 1. 0.</data></my_hist>
<your_hist type_id="opencv-matrix">
  <rows>101</rows>
  <cols>1</cols>
  <dt>f</dt>
  <data>
    9.99999978e-03 9.99999978e-03 9.99999978e-03 0. 1.99999996e-02
    1.99999996e-02 0. 0. 9.99999978e-03 0. 9.99999978e-03 9.99999978e-03
    1.99999996e-02 0. 0. 9.99999978e-03 9.99999978e-03 0. 0. 0.
    2.99999993e-02 0. 1.99999996e-02 9.99999978e-03 9.99999978e-03
    1.99999996e-02 9.99999978e-03 1.99999996e-02 2.99999993e-02
    9.99999978e-03 0. 0. 9.99999978e-03 1.99999996e-02 9.99999978e-03
    9.99999978e-03 1.99999996e-02 9.99999978e-03 0. 2.99999993e-02 0.
    9.99999978e-03 9.99999978e-03 2.99999993e-02 0. 0. 1.99999996e-02 0.
    9.99999978e-03 9.99999978e-03 0. 0. 0. 1.99999996e-02 0.
    9.99999978e-03 0. 9.99999978e-03 9.99999978e-03 0. 0. 1.99999996e-02
    2.99999993e-02 2.99999993e-02 1.99999996e-02 0. 9.99999978e-03 0.
    1.99999996e-02 1.99999996e-02 9.99999978e-03 9.99999978e-03
    1.99999996e-02 9.99999978e-03 1.99999996e-02 9.99999978e-03
    3.99999991e-02 9.99999978e-03 0. 2.99999993e-02 9.99999978e-03 0.
    1.99999996e-02 0. 0. 1.99999996e-02 1.99999996e-02 9.99999978e-03 0.
    1.99999996e-02 0. 9.99999978e-03 0. 9.99999978e-03 0. 0. 0. 0.
    9.99999978e-03 0. 9.99999978e-03</data></your_hist>
<my_max_grad>2.5491595458984375e+02</my_max_grad>
<your_max_grad>2.5491595458984375e+02</your_max_grad>
</opencv_storage>
