<?xml version="1.0"?>
<opencv_storage>
<grad type_id="opencv-matrix">
  <rows>10</rows>
  <cols>10</cols>
  <dt>f</dt>
  <data>
    1.32862564e+02 1.02608871e+01 2.48548309e+02 1.76767868e+02
    1.54309143e+02 1.68829773e+02 7.31174088e+01 1.95379639e+02
    1.82919434e+02 2.33345337e+02 1.55441330e+02 1.10292969e+02
    1.18254089e+02 2.11563400e+02 1.37619385e+02 7.97719879e+01
    1.17290520e+02 1.03887634e+01 1.38418579e+02 1.82852509e+02
    1.87043930e+02 9.02032776e+01 1.96879349e+01 2.36448059e+01
    1.40977509e+02 7.16988373e+01 4.39800797e+01 7.77283020e+01
    2.51283234e+02 2.33653427e+02 1.82169022e+02 1.94580154e+02
    1.67278137e+02 2.51825333e+02 7.96763916e+01 9.50046234e+01
    1.99077332e+02 5.67635498e+01 2.37623260e+02 1.69554520e+01
    2.09513229e+02 8.03841400e+01 1.37414703e+01 2.32502716e+02
    2.40357178e+02 1.51442490e+01 1.01675827e+02 5.92757416e+00
    1.50954956e+02 4.05130157e+01 1.49464035e+01 1.03805534e+02
    2.29416962e+02 5.71571274e+01 8.92013550e+00 1.87037888e+01
    1.26333672e+02 8.35662689e+01 3.03570633e+01 1.57317947e+02
    2.48580780e+02 1.78518875e+02 2.53602570e+02 1.27392975e+02
    2.32387329e+02 1.64059967e+02 2.15916473e+02 2.13312378e+02
    4.74727859e+01 1.47072891e+02 1.67909531e+02 2.39144135e+02
    1.20648407e+02 1.01335739e+02 2.20640289e+02 6.03993683e+01
    3.95414734e+01 1.68670044e+01 1.87831100e+02 1.04840096e+02
    2.38462433e+02 1.68671417e+02 1.91675781e+02 2.04323608e+02
    1.10818436e+02 7.59928436e+01 1.61164246e+01 6.26532516e+01
    2.30222610e+02 2.55813049e+02 3.55802765e+01 9.45106430e+01
    3.96936798e+00 2.03656921e+02 8.50842285e+00 1.92546661e+02
    4.63327942e+01 2.29854996e+02 1.71576874e+02 1.94505585e+02</data></grad>
<my_hist type_id="opencv-matrix">
  <rows>92</rows>
  <cols>1</cols>
  <dt>f</dt>
  <data>
    0. 1. 1. 4. 1. 3. 3. 1. 1. 0. 1. 0. 1. 0. 2. 1. 1. 1. 0. 0. 2. 1. 1.
    0. 0. 1. 1. 2. 3. 0. 1. 0. 1. 1. 1. 0. 2. 2. 0. 2. 0. 0. 2. 1. 0. 2.
    0. 1. 0. 2. 1. 0. 1. 0. 1. 2. 1. 0. 0. 1. 4. 1. 0. 1. 1. 3. 0. 2. 1.
    3. 1. 1. 0. 2. 0. 1. 2. 1. 0. 1. 0. 0. 3. 3. 1. 2. 2. 0. 0. 2. 2. 1.</data></my_hist>
<your_hist type_id="opencv-matrix">
  <rows>92</rows>
  <cols>1</cols>
  <dt>f</dt>
  <data>
    0. 1. 1. 4. 1. 3. 3. 1. 1. 0. 1. 0. 1. 0. 2. 1. 2. 0. 0. 0. 2. 1. 1.
    0. 0. 1. 1. 2. 3. 1. 0. 0. 1. 2. 0. 0. 3. 1. 0. 2. 0. 1. 2. 0. 1. 1.
    0. 1. 1. 1. 1. 0. 1. 1. 1. 2. 0. 0. 1. 2. 2. 1. 1. 1. 1. 2. 2. 0. 2.
    3. 1. 0. 2. 0. 1. 2. 1. 0. 1. 0. 0. 3. 2. 2. 2. 2. 0. 0. 2. 2. 1. 1.</data></your_hist>
<my_max_grad>2.5581304931640625e+02</my_max_grad>
<your_max_grad>2.5581304931640625e+02</your_max_grad>
</opencv_storage>
