<?xml version="1.0"?>
<opencv_storage>
<grad type_id="opencv-matrix">
  <rows>10</rows>
  <cols>10</cols>
  <dt>f</dt>
  <data>
    1.02163841e+02 1.53137299e+02 2.07881882e+02 8.04709167e+01
    1.49711075e+01 1.02145699e+02 1.42125031e+02 9.46664581e+01
    3.58482666e+01 1.83636887e+02 2.90140457e+01 2.26576691e+02
    2.08588348e+02 1.49774475e+01 2.03551773e+02 1.26121597e+02
    1.68974777e+02 2.13603516e+02 2.18658936e+02 4.72636490e+01
    1.50864563e+02 1.95541306e+01 1.66802719e+02 1.61673553e+02
    8.28049774e+01 1.06078522e+02 1.01365814e+01 1.70341797e+02
    9.62162781e+01 2.15222397e+02 3.60965729e+00 1.86740921e+02
    1.02108147e+02 3.64784241e-01 1.81627075e+02 2.31113586e+02
    8.34326477e+01 1.31245148e+02 2.36201187e+02 2.19331390e+02
    2.42654343e+02 9.53506317e+01 2.00632294e+02 2.29628815e+02
    2.25745499e+02 1.16809196e+02 1.68433990e+02 2.33991455e+02
    7.41783752e+01 1.21993019e+02 2.00485565e+02 1.86640472e+02
    2.62561951e+01 5.27778473e+01 1.94163391e+02 9.24537277e+01
    1.86529938e+02 1.19020523e+02 5.52431335e+01 1.27414413e+02
    1.88894073e+02 1.95410233e+02 2.31561996e+02 9.67319031e+01
    9.77640991e+01 2.15439987e+01 6.12663345e+01 6.93321228e+01
    8.73392258e+01 3.95769196e+01 1.83550934e+02 1.41239838e+02
    2.35779449e+02 1.95990997e+02 1.92204010e+02 8.03811951e+01
    4.77589417e+00 3.15292130e+01 1.59329239e+02 1.10593231e+02
    5.37362213e+01 1.28141418e+02 1.91395218e+02 7.63302765e+01
    1.61754333e+02 2.23917389e+00 1.60184937e+01 1.83183228e+02
    1.88903152e+02 6.90972290e+01 1.97079926e+02 2.38167847e+02
    4.35425034e+01 1.63105469e+02 1.92819489e+02 1.17982315e+02
    8.93783722e+01 1.11505501e+02 2.13543793e+02 1.31228455e+02</data></grad>
<my_hist type_id="opencv-matrix">
  <rows>95</rows>
  <cols>1</cols>
  <dt>f</dt>
  <data>
    2. 2. 0. 1. 0. 2. 1. 1. 1. 0. 1. 1. 1. 0. 1. 1. 0. 1. 1. 0. 1. 2. 0.
    1. 0. 0. 0. 2. 0. 2. 0. 2. 2. 0. 2. 0. 1. 4. 1. 3. 0. 1. 0. 2. 0. 1.
    2. 1. 0. 2. 1. 2. 0. 0. 0. 2. 0. 0. 0. 2. 0. 0. 1. 3. 0. 2. 2. 0. 0.
    0. 0. 4. 0. 5. 1. 2. 3. 1. 2. 1. 0. 2. 0. 2. 1. 2. 0. 0. 2. 1. 2. 1.
    2. 1. 0.</data></my_hist>
<your_hist type_id="opencv-matrix">
  <rows>95</rows>
  <cols>1</cols>
  <dt>f</dt>
  <data>
    1.99999996e-02 1.99999996e-02 0. 9.99999978e-03 0. 1.99999996e-02
    9.99999978e-03 9.99999978e-03 9.99999978e-03 0. 9.99999978e-03
    9.99999978e-03 9.99999978e-03 9.99999978e-03 0. 9.99999978e-03
    9.99999978e-03 0. 9.99999978e-03 0. 1.99999996e-02 9.99999978e-03 0.
    9.99999978e-03 0. 0. 1.99999996e-02 0. 9.99999978e-03 9.99999978e-03
    0. 1.99999996e-02 1.99999996e-02 9.99999978e-03 9.99999978e-03
    9.99999978e-03 1.99999996e-02 2.99999993e-02 0. 2.99999993e-02 0.
    9.99999978e-03 9.99999978e-03 9.99999978e-03 0. 1.99999996e-02
    9.99999978e-03 9.99999978e-03 9.99999978e-03 1.99999996e-02
    1.99999996e-02 0. 0. 0. 9.99999978e-03 9.99999978e-03 0. 0.
    9.99999978e-03 9.99999978e-03 0. 9.99999978e-03 1.99999996e-02
    9.99999978e-03 9.99999978e-03 2.99999993e-02 0. 0. 0. 0.
    1.99999996e-02 1.99999996e-02 2.99999993e-02 1.99999996e-02
    2.99999993e-02 2.99999993e-02 9.99999978e-03 1.99999996e-02
    9.99999978e-03 0. 1.99999996e-02 0. 1.99999996e-02 9.99999978e-03
    1.99999996e-02 0. 0. 1.99999996e-02 9.99999978e-03 1.99999996e-02
    9.99999978e-03 1.99999996e-02 9.99999978e-03 0. 9.99999978e-03</data></your_hist>
<my_max_grad>2.4265434265136719e+02</my_max_grad>
<your_max_grad>2.4265434265136719e+02</your_max_grad>
</opencv_storage>
