<?xml version="1.0"?>
<opencv_storage>
<grad type_id="opencv-matrix">
  <rows>10</rows>
  <cols>10</cols>
  <dt>f</dt>
  <data>
    1.73701660e+02 1.94537323e+02 5.92615738e+01 1.60135254e+02
    1.68206665e+02 1.82853195e+02 1.75157135e+02 1.74717072e+02
    1.70721832e+02 2.40658508e+02 1.57058899e+02 1.00207687e+02
    7.75140305e+01 9.78397827e+01 1.82851410e+01 1.06836075e+02
    7.71598816e-01 8.50234985e+00 5.72217789e+01 4.58597183e+01
    1.43984222e+00 2.53140442e+02 2.28531647e+00 5.01175308e+01
    1.71430466e+02 6.40177155e+01 1.15587555e+02 2.26697311e+01
    5.55887451e+01 5.96842651e+01 1.56507187e+02 1.68996719e+02
    2.33619858e+02 8.58101196e+01 8.78399658e+00 6.74317093e+01
    1.31660797e+02 1.21323853e+02 1.97535950e+02 1.06049423e+02
    1.36135818e+02 1.22228661e+02 6.80591583e+01 4.83898315e+01
    1.75891724e+02 4.80583267e+01 2.16071777e+02 7.10647736e+01
    4.45409012e+01 1.90430191e+02 8.53028717e+01 2.04301208e+02
    1.62996857e+02 8.53223648e+01 1.49893250e+02 1.89283234e+02
    1.25861458e+02 8.00623169e+01 7.47075806e+01 6.07688751e+01
    1.38657608e+02 1.55806976e+02 2.41861237e+02 9.06203461e+00
    1.04118874e+02 3.54187927e+01 5.38074188e+01 3.70911102e+01
    2.11395721e+01 5.46792755e+01 1.05022461e+02 7.25835266e+01
    4.97858124e+01 2.26862213e+02 4.98513565e+01 1.15555862e+02
    2.24897293e+02 2.18920898e+02 2.52329102e+02 1.79787048e+02
    2.32742157e+02 2.43039368e+02 2.18339233e+01 1.50734528e+02
    2.12301178e+02 1.72149506e+01 4.87389679e+01 1.33227722e+02
    5.87864227e+01 6.39642410e+01 9.07398453e+01 1.93478867e+02
    1.86241516e+02 1.81259567e+02 7.25844421e+01 2.26640594e+02
    3.07415009e+00 1.12592484e+02 2.14369766e+02 2.43778381e+02</data></grad>
<my_hist type_id="opencv-matrix">
  <rows>107</rows>
  <cols>1</cols>
  <dt>f</dt>
  <data>
    3. 1. 0. 3. 0. 0. 0. 2. 1. 2. 0. 0. 0. 0. 1. 1. 0. 0. 1. 1. 3. 3. 1.
    2. 2. 3. 0. 2. 2. 0. 3. 1. 1. 1. 0. 0. 3. 0. 1. 0. 0. 1. 1. 0. 3. 1.
    0. 1. 2. 0. 0. 2. 0. 1. 0. 1. 1. 1. 1. 0. 0. 0. 0. 2. 0. 1. 2. 1. 1.
    0. 0. 2. 2. 2. 2. 1. 1. 1. 1. 0. 2. 1. 1. 1. 0. 0. 1. 0. 0. 1. 1. 1.
    1. 0. 0. 3. 0. 0. 2. 0. 0. 1. 2. 1. 0. 0. 1.</data></my_hist>
<your_hist type_id="opencv-matrix">
  <rows>107</rows>
  <cols>1</cols>
  <dt>f</dt>
  <data>
    3. 1. 0. 3. 0. 0. 0. 2. 1. 2. 0. 0. 0. 0. 1. 1. 0. 0. 1. 1. 6. 0. 2.
    2. 3. 1. 2. 0. 2. 1. 2. 1. 1. 1. 0. 3. 0. 1. 0. 0. 1. 1. 0. 2. 2. 0.
    0. 1. 2. 0. 1. 1. 1. 0. 0. 2. 0. 1. 1. 0. 0. 0. 1. 1. 0. 3. 0. 1. 1.
    0. 2. 2. 1. 3. 0. 2. 1. 1. 0. 2. 0. 2. 1. 0. 0. 1. 0. 0. 1. 1. 1. 1.
    0. 0. 3. 0. 0. 2. 0. 0. 1. 2. 1. 0. 0. 1. 1.</data></your_hist>
<my_max_grad>2.5314044189453125e+02</my_max_grad>
<your_max_grad>2.5314044189453125e+02</your_max_grad>
</opencv_storage>
