<?xml version="1.0"?>
<opencv_storage>
<grad type_id="opencv-matrix">
  <rows>10</rows>
  <cols>10</cols>
  <dt>f</dt>
  <data>
    2.06652161e+02 2.06859467e+02 2.06556000e+02 7.38978882e+01
    2.29748474e+02 4.01560364e+01 1.86585114e+02 3.92893066e+01
    1.28786179e+02 2.30431671e+01 4.55743713e+01 7.60896378e+01
    6.57892303e+01 1.59892578e+02 1.27279472e+02 4.04422760e+00
    1.79518539e+02 2.77331467e+01 1.95267700e+02 3.75995789e+01
    2.43810791e+02 1.68391235e+02 4.62581406e+01 1.95191772e+02
    1.97121124e+02 5.49390411e+01 4.71048126e+01 1.80808777e+02
    7.14539032e+01 7.97476196e+01 8.34963684e+01 6.15615997e+01
    8.47762985e+01 1.03584320e+02 2.30746124e+02 2.07139801e+02
    1.44244202e+02 7.86698532e+01 7.97872238e+01 1.35251007e+02
    2.38787018e+02 9.43767929e+01 1.41196945e+02 1.67725677e+02
    3.93207779e+01 1.77215485e+02 9.33059845e+01 2.39779114e+02
    5.05503082e+00 5.05737610e+01 2.49286346e+02 2.17803741e+02
    1.06816528e+02 2.48276215e+02 1.26109253e+02 8.56805878e+01
    7.25028687e+01 2.27246643e+02 1.36658005e+02 2.22389679e+02
    1.77248978e+02 1.94767517e+02 1.64111008e+02 2.37953796e+01
    2.27548889e+02 3.79082794e+01 2.19288666e+02 1.49143066e+01
    1.01987411e+02 5.84723663e+00 1.50521729e+02 1.62211609e+00
    1.08276108e+02 6.64468384e+01 6.71367340e+01 7.07708740e+01
    1.49186295e+02 2.91580276e+01 1.40297485e+02 5.95292587e+01
    2.35751114e+01 1.50076019e+02 6.60169144e+01 1.30744797e+02
    1.09977081e+02 1.53715042e+02 1.56718903e+01 1.78928467e+02
    2.22032318e+02 2.33447357e+02 2.54604660e+02 2.54910004e+02
    1.59824493e+02 1.88071503e+02 2.55036835e+02 2.68067856e+01
    1.57921906e+02 8.21481400e+01 9.10088654e+01 4.20134048e+01</data></grad>
<my_hist type_id="opencv-matrix">
  <rows>105</rows>
  <cols>1</cols>
  <dt>f</dt>
  <data>
    1. 1. 2. 0. 0. 0. 2. 0. 0. 3. 0. 2. 1. 0. 0. 2. 3. 1. 1. 2. 1. 0. 1.
    0. 1. 1. 0. 4. 0. 3. 1. 1. 3. 1. 2. 1. 0. 1. 2. 0. 0. 1. 1. 1. 1. 1.
    0. 0. 0. 0. 0. 1. 1. 2. 0. 1. 1. 1. 1. 1. 0. 3. 0. 1. 0. 3. 0. 1. 0.
    2. 0. 0. 2. 2. 1. 0. 1. 1. 0. 0. 3. 1. 0. 0. 0. 4. 0. 0. 0. 1. 1. 2.
    0. 2. 2. 0. 1. 0. 2. 0. 1. 0. 2. 0. 2.</data></my_hist>
<your_hist type_id="opencv-matrix">
  <rows>105</rows>
  <cols>1</cols>
  <dt>f</dt>
  <data>
    1. 1. 2. 0. 0. 0. 2. 0. 0. 3. 1. 2. 0. 0. 0. 2. 3. 1. 2. 1. 1. 0. 1.
    0. 1. 1. 2. 2. 1. 2. 1. 1. 3. 1. 3. 0. 0. 1. 2. 0. 0. 1. 1. 1. 2. 0.
    0. 0. 0. 0. 0. 2. 1. 1. 0. 2. 0. 2. 1. 0. 1. 2. 1. 0. 1. 2. 1. 0. 2.
    0. 0. 0. 3. 2. 0. 0. 2. 0. 0. 3. 1. 0. 0. 0. 4. 0. 0. 0. 1. 1. 2. 0.
    2. 1. 1. 1. 0. 2. 0. 1. 0. 2. 0. 2. 1.</data></your_hist>
<my_max_grad>2.5503683471679688e+02</my_max_grad>
<your_max_grad>2.5503683471679688e+02</your_max_grad>
</opencv_storage>
