<?xml version="1.0"?>
<opencv_storage>
<grad type_id="opencv-matrix">
  <rows>10</rows>
  <cols>10</cols>
  <dt>f</dt>
  <data>
    2.26220779e+01 2.36200531e+02 1.43368881e+02 2.28594513e+02
    7.40106201e+01 1.50849014e+02 6.73922958e+01 2.02658966e+02
    2.45736526e+02 1.77937714e+02 2.15856964e+02 1.35495605e+02
    8.90427399e+01 2.37802811e+01 2.30797684e+02 6.54188538e+01
    2.25778961e+02 7.27538605e+01 2.48054169e+02 5.53263855e+01
    1.10930328e+02 2.16481598e+02 2.46907684e+02 1.51556259e+02
    2.52519409e+02 1.16512146e+02 3.00401382e+01 1.74082565e+02
    1.75956970e+02 2.02432068e+02 2.39325958e+02 1.54772659e+02
    1.08578384e+02 1.66006775e+02 2.01945496e+02 1.93675064e+02
    2.44903641e+01 2.08124603e+02 2.45865646e+02 1.73171524e+02
    9.37353363e+01 1.15492989e+02 4.57679749e-01 2.55364929e+02
    2.09060669e+02 1.12339203e+02 5.09075623e+01 2.44937607e+02
    1.05753387e+02 2.01731567e+01 2.06205292e+02 2.22349426e+02
    6.65038376e+01 8.15475922e+01 1.75474701e+02 2.40596786e+02
    8.04763031e+01 1.82992096e+01 1.72253418e+00 1.20291977e+01
    8.76586990e+01 3.41916733e+01 6.74040985e+00 7.98263397e+01
    1.99306732e+02 6.74874725e+01 4.13616943e+00 1.06617554e+02
    7.07713318e+00 5.47191467e+01 1.27871689e+02 2.22376129e+02
    6.87124176e+01 1.86887283e+02 1.95537445e+02 1.53641037e+02
    1.74487686e+02 1.64715393e+02 1.17024551e+02 2.32945404e+02
    1.37532166e+02 1.29683441e+02 1.20447273e+02 1.99851257e+02
    2.30712860e+02 1.85875443e+02 2.13562103e+02 2.11992767e+02
    2.20432648e+02 1.32931793e+02 4.05485764e+01 1.78954407e+02
    1.35321091e+02 1.90049423e+02 1.16795403e+02 1.60753357e+02
    9.89672852e+00 1.58368393e+02 7.69570160e+01 1.70688187e+02</data></grad>
<my_hist type_id="opencv-matrix">
  <rows>108</rows>
  <cols>1</cols>
  <dt>f</dt>
  <data>
    2. 1. 2. 0. 1. 1. 0. 1. 1. 1. 2. 0. 1. 0. 1. 0. 0. 1. 0. 0. 0. 1. 0.
    2. 0. 0. 0. 1. 3. 1. 1. 1. 1. 1. 2. 0. 0. 2. 0. 1. 0. 0. 0. 0. 1. 2.
    1. 1. 1. 3. 1. 0. 0. 0. 2. 0. 1. 2. 1. 0. 1. 0. 0. 1. 2. 1. 1. 1. 0.
    1. 1. 0. 1. 3. 2. 2. 0. 0. 1. 1. 1. 1. 1. 0. 2. 3. 0. 1. 2. 1. 1. 2.
    0. 1. 2. 1. 1. 2. 1. 1. 0. 2. 0. 3. 2. 0. 1. 0.</data></my_hist>
<your_hist type_id="opencv-matrix">
  <rows>108</rows>
  <cols>1</cols>
  <dt>f</dt>
  <data>
    1.99999996e-02 9.99999978e-03 1.99999996e-02 0. 9.99999978e-03
    9.99999978e-03 0. 9.99999978e-03 9.99999978e-03 1.99999996e-02
    9.99999978e-03 0. 9.99999978e-03 0. 9.99999978e-03 0. 9.99999978e-03
    0. 0. 0. 0. 9.99999978e-03 9.99999978e-03 9.99999978e-03 0. 0. 0.
    1.99999996e-02 2.99999993e-02 0. 9.99999978e-03 9.99999978e-03
    9.99999978e-03 1.99999996e-02 9.99999978e-03 0. 9.99999978e-03
    9.99999978e-03 0. 9.99999978e-03 0. 0. 0. 0. 1.99999996e-02
    9.99999978e-03 9.99999978e-03 9.99999978e-03 2.99999993e-02
    9.99999978e-03 9.99999978e-03 0. 0. 9.99999978e-03 9.99999978e-03
    9.99999978e-03 1.99999996e-02 9.99999978e-03 0. 0. 9.99999978e-03 0.
    0. 1.99999996e-02 1.99999996e-02 0. 9.99999978e-03 9.99999978e-03 0.
    1.99999996e-02 0. 9.99999978e-03 1.99999996e-02 2.99999993e-02
    1.99999996e-02 0. 0. 9.99999978e-03 9.99999978e-03 9.99999978e-03 0.
    1.99999996e-02 0. 1.99999996e-02 2.99999993e-02 0. 9.99999978e-03
    1.99999996e-02 9.99999978e-03 9.99999978e-03 1.99999996e-02 0.
    9.99999978e-03 1.99999996e-02 9.99999978e-03 9.99999978e-03
    1.99999996e-02 9.99999978e-03 9.99999978e-03 0. 1.99999996e-02 0.
    1.99999996e-02 2.99999993e-02 0. 9.99999978e-03 0. 9.99999978e-03</data></your_hist>
<my_max_grad>2.5536492919921875e+02</my_max_grad>
<your_max_grad>2.5536492919921875e+02</your_max_grad>
</opencv_storage>
