<?xml version="1.0"?>
<opencv_storage>
<L2>.Nan</L2>
<cm type_id="opencv-matrix">
  <rows>2</rows>
  <cols>2</cols>
  <dt>f</dt>
  <data>
    0. 9. 98. 97.</data></cm>
<my_v>0.</my_v>
<your_v>.Nan</your_v>
</opencv_storage>
