<?xml version="1.0"?>
<opencv_storage>
<grad type_id="opencv-matrix">
  <rows>10</rows>
  <cols>10</cols>
  <dt>f</dt>
  <data>
    1.39478378e+02 2.51061813e+02 1.09098961e+02 9.44131699e+01
    1.28670410e+02 3.68384094e+01 2.93775558e+01 1.76041290e+02
    2.30570312e+02 1.92653641e+02 1.11652824e+02 7.06388702e+01
    2.53960007e+02 1.29157700e+02 1.27670143e+02 2.55030609e+02
    1.56029968e+02 1.62840271e+00 1.65693283e+01 9.48010178e+01
    2.06019928e+02 4.78414764e+01 5.41937485e+01 1.93447968e+02
    2.18427475e+02 1.33543488e+02 2.06225967e+02 2.36848755e+02
    2.03530289e+02 3.36056061e+01 1.92646912e+02 2.20071243e+02
    2.36124146e+02 2.18297913e+02 2.23708740e+02 2.50541809e+02
    4.11333923e+01 8.72978668e+01 3.22131729e+01 2.48912262e+02
    2.21174042e+02 5.83620758e+01 3.64703522e+01 3.21137238e+01
    1.51156479e+02 2.12259933e+02 2.25313263e+02 1.08386154e+02
    3.99445343e+00 1.86956299e+02 1.57770813e+02 3.66478806e+01
    2.86466217e+01 1.09736420e+02 2.09149933e+01 8.42385559e+01
    2.03704025e+02 2.54800690e+02 2.28613922e+02 2.55444641e+02
    2.53151123e+02 2.31652710e+02 1.72033951e+02 1.28721115e+02
    1.28515625e+01 7.12915497e+01 1.80279648e+02 2.88660202e+01
    1.78909683e+01 7.50364075e+01 2.35822861e+02 1.19232071e+02
    1.75178772e+02 2.09719620e+02 3.58182755e+01 2.31872406e+01
    2.05518158e+02 1.95263580e+02 1.76919113e+02 8.38594208e+01
    6.82303925e+01 2.25090393e+02 2.09045258e+02 1.09268692e+02
    1.75722443e+02 1.25484909e+02 2.84043350e+01 1.51638275e+02
    5.57517471e+01 1.63533401e+01 1.31854797e+02 8.36196442e+01
    2.06871979e+02 2.12256775e+02 1.33807602e+01 2.39999176e+02
    6.51589203e+01 4.59572601e+01 1.17101486e+02 1.63856842e+02</data></grad>
<my_hist type_id="opencv-matrix">
  <rows>107</rows>
  <cols>1</cols>
  <dt>f</dt>
  <data>
    1. 1. 0. 0. 0. 2. 2. 1. 1. 1. 0. 2. 2. 2. 1. 4. 0. 1. 0. 1. 1. 0. 1.
    1. 1. 0. 0. 1. 1. 2. 0. 1. 0. 0. 0. 3. 1. 0. 0. 2. 0. 0. 0. 0. 0. 4.
    1. 0. 0. 2. 0. 0. 1. 3. 1. 2. 0. 0. 1. 0. 0. 0. 0. 2. 0. 1. 1. 0. 1.
    0. 0. 0. 1. 3. 1. 1. 0. 0. 1. 0. 2. 2. 0. 0. 0. 2. 4. 2. 2. 0. 0. 2.
    2. 1. 2. 1. 1. 1. 2. 1. 1. 0. 0. 0. 2. 1. 4.</data></my_hist>
<your_hist type_id="opencv-matrix">
  <rows>107</rows>
  <cols>1</cols>
  <dt>f</dt>
  <data>
    9.99999978e-03 9.99999978e-03 0. 0. 0. 1.99999996e-02 1.99999996e-02
    9.99999978e-03 9.99999978e-03 9.99999978e-03 0. 2.99999993e-02
    9.99999978e-03 2.99999993e-02 9.99999978e-03 2.99999993e-02 0.
    9.99999978e-03 0. 1.99999996e-02 0. 0. 9.99999978e-03 9.99999978e-03
    9.99999978e-03 0. 0. 9.99999978e-03 9.99999978e-03 1.99999996e-02 0.
    9.99999978e-03 0. 0. 2.99999993e-02 0. 9.99999978e-03 0. 0.
    1.99999996e-02 0. 0. 0. 0. 9.99999978e-03 2.99999993e-02
    9.99999978e-03 0. 9.99999978e-03 9.99999978e-03 0. 0. 1.99999996e-02
    2.99999993e-02 9.99999978e-03 9.99999978e-03 0. 9.99999978e-03 0. 0.
    0. 0. 1.99999996e-02 0. 9.99999978e-03 9.99999978e-03 0.
    9.99999978e-03 0. 0. 0. 9.99999978e-03 1.99999996e-02 1.99999996e-02
    9.99999978e-03 0. 0. 9.99999978e-03 0. 1.99999996e-02 9.99999978e-03
    9.99999978e-03 0. 0. 1.99999996e-02 3.99999991e-02 9.99999978e-03
    9.99999978e-03 1.99999996e-02 0. 1.99999996e-02 1.99999996e-02
    9.99999978e-03 1.99999996e-02 9.99999978e-03 9.99999978e-03
    9.99999978e-03 1.99999996e-02 9.99999978e-03 9.99999978e-03 0. 0. 0.
    1.99999996e-02 9.99999978e-03 3.99999991e-02 9.99999978e-03</data></your_hist>
<my_max_grad>2.5544464111328125e+02</my_max_grad>
<your_max_grad>2.5544464111328125e+02</your_max_grad>
</opencv_storage>
