<?xml version="1.0"?>
<opencv_storage>
<grad type_id="opencv-matrix">
  <rows>10</rows>
  <cols>10</cols>
  <dt>f</dt>
  <data>
    1.11817123e+02 2.74957657e+01 1.01049500e+02 1.92177795e+02
    2.30091354e+02 1.98404266e+02 1.63187531e+02 2.05952454e+01
    2.17343521e+02 2.45986984e+02 3.83795166e+01 1.42812042e+02
    9.11731262e+01 1.27139526e+02 7.64883499e+01 1.55012970e+02
    1.48698776e+02 1.08557388e+02 2.05456146e+02 2.03247726e+02
    1.89557739e+02 2.45850357e+02 1.05922745e+02 1.41467194e+02
    2.25380188e+02 1.32267502e+02 3.88723831e+01 1.11888031e+02
    1.33623322e+02 1.22071579e+02 8.89805450e+01 1.82447052e+02
    1.47597031e+02 6.34067993e+01 7.05925598e+01 2.08913635e+02
    1.32771896e+02 1.77434692e+01 1.86565613e+02 1.38047668e+02
    1.92216766e+02 1.62134308e+02 1.79951340e+02 1.52252975e+02
    2.42576691e+02 1.84897018e+02 1.12653954e+02 1.55916580e+02
    9.36442871e+01 5.14127884e+01 6.91460876e+01 8.23633804e+01
    4.10039673e+01 2.10293610e+02 1.71149078e+02 1.44124039e+02
    2.11529388e+02 2.08968811e+02 1.31719025e+02 1.60001862e+02
    1.87127472e+02 2.38746643e+02 6.34039459e+01 2.28419571e+02
    1.79519882e+01 2.20767212e+00 4.76130371e+01 1.31779343e+02
    1.77773056e+01 1.78733124e+02 1.73344147e+02 1.14825584e+02
    2.11080994e+02 4.86624451e+01 2.40083847e+02 4.95044403e+01
    2.29136551e+02 2.23564957e+02 1.20509087e+02 7.62145996e-01
    1.54337326e+02 2.29342804e+02 1.99850494e+02 1.84529419e+02
    8.86009140e+01 1.84681854e+02 1.93733521e+01 2.03257507e+02
    2.23958984e+02 1.01088989e+02 1.92029526e+02 5.81086655e+01
    4.45908661e+01 2.38291595e+02 1.38991455e+02 1.28195496e+01
    2.97082825e+01 7.17402115e+01 1.57278412e+02 1.65515732e+02</data></grad>
<my_hist type_id="opencv-matrix">
  <rows>92</rows>
  <cols>1</cols>
  <dt>f</dt>
  <data>
    2. 0. 0. 0. 1. 0. 3. 2. 0. 0. 1. 1. 0. 0. 2. 1. 1. 1. 2. 1. 0. 1. 0.
    2. 0. 1. 2. 0. 1. 0. 1. 0. 0. 2. 1. 1. 0. 2. 0. 1. 1. 2. 2. 0. 0. 2.
    0. 1. 0. 5. 0. 2. 1. 2. 0. 2. 1. 2. 2. 1. 1. 2. 0. 0. 2. 0. 1. 1. 1.
    5. 1. 3. 0. 0. 2. 0. 3. 0. 4. 1. 0. 1. 0. 2. 1. 3. 1. 0. 0. 3. 1. 1.</data></my_hist>
<your_hist type_id="opencv-matrix">
  <rows>92</rows>
  <cols>1</cols>
  <dt>f</dt>
  <data>
    2. 0. 0. 0. 1. 0. 3. 2. 0. 0. 2. 0. 0. 0. 2. 1. 1. 1. 2. 1. 0. 1. 0.
    2. 0. 1. 2. 0. 1. 0. 1. 0. 2. 1. 1. 0. 0. 2. 0. 1. 1. 3. 1. 0. 1. 1.
    0. 1. 3. 2. 0. 2. 2. 1. 1. 1. 1. 3. 1. 2. 1. 1. 0. 1. 1. 0. 2. 1. 3.
    2. 1. 3. 0. 2. 0. 2. 1. 3. 2. 0. 1. 0. 2. 1. 3. 1. 0. 0. 3. 1. 1. 1.</data></your_hist>
<my_max_grad>2.4598698425292969e+02</my_max_grad>
<your_max_grad>2.4598698425292969e+02</your_max_grad>
</opencv_storage>
