<?xml version="1.0"?>
<opencv_storage>
<grad type_id="opencv-matrix">
  <rows>10</rows>
  <cols>10</cols>
  <dt>f</dt>
  <data>
    5.54282608e+01 1.20490829e+02 1.94021912e+01 4.09974899e+01
    8.29211655e+01 1.96580261e+02 1.94151398e+02 1.27574409e+02
    6.48636627e+01 2.14482910e+02 3.95850906e+01 2.25600174e+02
    3.12534180e+01 8.53851776e+01 5.93566055e+01 9.08861084e+01
    1.40476135e+02 1.36991882e+00 4.64210587e+01 1.06072479e+02
    1.47539932e+02 2.39292282e+02 2.31307312e+02 2.57790298e+01
    7.82878113e+01 1.31965103e+02 1.42705307e+02 1.81733887e+02
    1.34310074e+02 2.38436737e+01 2.22460754e+02 2.16891052e+02
    1.81391525e+01 2.47553482e+02 1.51659363e+02 7.64254227e+01
    3.87993546e+01 1.41712418e+02 7.16508636e+01 7.16647491e+01
    2.37586212e+01 1.07786873e+02 1.37761185e+02 1.09637054e+02
    1.39705032e+02 1.69192001e+02 2.01934052e+02 2.33677383e+02
    1.68312454e+02 1.16661903e+02 8.73654633e+01 2.01674744e+02
    3.52845764e+01 8.00414276e+01 1.02438362e+02 1.82484161e+02
    4.35729294e+01 1.09443665e-01 1.79930756e+02 3.67596054e+01
    1.25912819e+02 6.74526825e+01 2.04014893e+01 2.39786987e+01
    1.34178497e+02 9.41218109e+01 1.49195160e+02 2.09042023e+02
    1.11730209e+02 1.02325302e+02 1.52800308e+02 1.40925995e+02
    9.55085754e+00 2.38166855e+02 1.86232498e+02 7.81309052e+01
    7.77146149e+01 2.03434753e+00 1.13560829e+02 4.72025375e+01
    1.98548569e+02 3.06038895e+01 5.55918350e+01 1.50075897e+02
    3.25394821e+01 1.16641457e+02 2.48012772e+01 6.18003845e+00
    1.22300339e+01 2.02609619e+02 1.53808807e+02 1.24853851e+02
    2.35573563e+02 1.87411804e+01 5.84902267e+01 1.02939293e+02
    1.66136841e+02 5.89879150e+01 1.08217285e+02 1.36981949e+02</data></grad>
<my_hist type_id="opencv-matrix">
  <rows>97</rows>
  <cols>1</cols>
  <dt>f</dt>
  <data>
    3. 0. 1. 1. 1. 0. 0. 4. 0. 4. 1. 1. 2. 1. 1. 2. 1. 1. 2. 0. 0. 2. 1.
    2. 0. 1. 1. 0. 2. 1. 3. 1. 1. 1. 1. 1. 1. 0. 0. 0. 3. 1. 3. 1. 1. 2.
    0. 1. 1. 2. 0. 1. 2. 2. 1. 4. 0. 1. 2. 2. 1. 0. 0. 0. 0. 2. 1. 0. 0.
    0. 1. 2. 1. 0. 0. 0. 1. 2. 0. 3. 0. 1. 0. 0. 2. 0. 0. 1. 1. 0. 1. 1.
    1. 2. 0. 0. 0.</data></my_hist>
<your_hist type_id="opencv-matrix">
  <rows>97</rows>
  <cols>1</cols>
  <dt>f</dt>
  <data>
    3. 0. 1. 1. 1. 0. 0. 4. 0. 5. 0. 1. 2. 1. 1. 3. 1. 0. 2. 0. 0. 2. 2.
    1. 0. 1. 1. 2. 0. 1. 3. 1. 1. 2. 0. 1. 1. 0. 0. 3. 0. 3. 1. 1. 1. 2.
    1. 0. 2. 1. 0. 1. 2. 2. 4. 1. 0. 2. 2. 2. 0. 0. 0. 0. 1. 2. 0. 0. 0.
    1. 2. 0. 1. 0. 0. 1. 2. 0. 3. 0. 0. 1. 0. 1. 1. 0. 1. 1. 0. 1. 1. 1.
    2. 0. 0. 0. 1.</data></your_hist>
<my_max_grad>2.4755348205566406e+02</my_max_grad>
<your_max_grad>2.4755348205566406e+02</your_max_grad>
</opencv_storage>
