<?xml version="1.0"?>
<opencv_storage>
<grad type_id="opencv-matrix">
  <rows>10</rows>
  <cols>10</cols>
  <dt>f</dt>
  <data>
    5.69313049e+01 5.95924988e+01 1.95184021e+02 4.08725510e+01
    1.61429718e+02 1.46770279e+02 5.67834625e+01 2.26348724e+02
    2.18933899e+02 1.59442337e+02 1.47182327e+02 1.61187057e+02
    4.87523727e+01 8.02639160e+01 1.37108200e+02 9.70222549e+01
    6.21464996e+01 4.64926071e+01 1.46278214e+02 1.83292252e+02
    8.63196259e+01 3.42791138e+01 7.31077881e+01 4.81351471e+00
    2.45588501e+02 6.66372070e+01 6.79264603e+01 7.39450836e+01
    1.01424454e+02 9.78017731e+01 2.13573807e+02 4.17844772e+01
    2.21594238e+02 1.90295624e+02 1.88521088e+02 1.24199440e+02
    1.28179993e+02 5.06917572e+00 1.24669228e+02 4.82878494e+01
    1.09414032e+02 1.39193176e+02 1.84624298e+02 1.15745865e+02
    1.21995575e+02 2.14457794e+02 6.91664429e+01 1.02174095e+02
    1.72656326e+02 2.45500931e+02 2.72642441e+01 1.75991272e+02
    4.63390656e+01 1.84643692e+02 2.75991287e+01 2.03233215e+02
    2.22285568e+02 8.29182053e+01 2.47039474e+02 1.74710571e+02
    2.25982742e+02 1.57506531e+02 3.50806351e+01 1.53296555e+02
    2.39128784e+02 9.74224701e+01 5.35750046e+01 1.35971390e+02
    5.42821808e+01 6.01129074e+01 2.38106750e+02 1.46966721e+02
    2.32290466e+02 7.37491302e+01 2.33409637e+02 2.54292023e+02
    1.25016022e+02 1.39329468e+02 8.41257477e+01 1.87316147e+02
    4.85751648e+01 7.07049866e+01 1.06181183e+02 1.63083252e+02
    4.62300110e+00 3.32391739e+01 1.34883560e+02 5.50071030e+01
    1.45893051e+02 5.64461975e+01 9.50048370e+01 1.54676819e+00
    2.46603287e+02 7.15363617e+01 1.05649567e+01 1.65280579e+02
    2.26957794e+02 1.55167923e+02 1.72060120e+02 8.69639587e+00</data></grad>
<my_hist type_id="opencv-matrix">
  <rows>106</rows>
  <cols>1</cols>
  <dt>f</dt>
  <data>
    1. 1. 2. 1. 1. 0. 0. 0. 0. 0. 0. 2. 0. 1. 2. 0. 0. 2. 0. 2. 3. 0. 3.
    3. 1. 2. 0. 1. 2. 2. 3. 0. 0. 1. 1. 2. 0. 0. 0. 1. 3. 0. 2. 0. 1. 1.
    0. 0. 1. 0. 1. 2. 1. 1. 0. 0. 2. 1. 2. 0. 2. 3. 0. 1. 1. 1. 1. 3. 1.
    0. 0. 2. 1. 1. 0. 0. 3. 0. 2. 1. 0. 1. 0. 0. 1. 0. 0. 0. 0. 2. 0. 1.
    2. 0. 3. 0. 1. 1. 0. 2. 0. 0. 4. 0. 0. 0.</data></my_hist>
<your_hist type_id="opencv-matrix">
  <rows>106</rows>
  <cols>1</cols>
  <dt>f</dt>
  <data>
    1. 2. 1. 1. 1. 0. 0. 0. 0. 0. 0. 2. 0. 1. 2. 0. 1. 1. 0. 3. 2. 0. 3.
    3. 2. 1. 0. 1. 2. 2. 3. 0. 0. 1. 2. 1. 0. 0. 0. 1. 3. 1. 1. 1. 0. 1.
    0. 1. 0. 0. 1. 3. 1. 0. 0. 1. 2. 2. 0. 0. 5. 0. 0. 1. 1. 2. 2. 1. 1.
    0. 0. 2. 2. 0. 0. 1. 2. 2. 1. 0. 1. 0. 0. 1. 0. 0. 0. 0. 2. 0. 1. 2.
    0. 3. 0. 1. 1. 0. 2. 0. 0. 3. 1. 0. 0. 1.</data></your_hist>
<my_max_grad>2.5429202270507812e+02</my_max_grad>
<your_max_grad>2.5429202270507812e+02</your_max_grad>
</opencv_storage>
