<?xml version="1.0"?>
<opencv_storage>
<grad type_id="opencv-matrix">
  <rows>10</rows>
  <cols>10</cols>
  <dt>f</dt>
  <data>
    9.32244415e+01 8.77079926e+01 1.54158478e+02 1.67355591e+02
    8.67683716e+01 3.40272598e+01 1.36282379e+02 9.27134018e+01
    1.65130249e+02 2.10059723e+02 8.47360992e+01 1.12777153e+02
    8.47122421e+01 7.80959778e+01 1.55518997e+02 1.78805145e+02
    1.58491943e+02 1.73579987e+02 2.14377151e+02 2.13275909e+01
    2.31035690e+02 1.22887718e+02 6.89182434e+01 1.61708374e+02
    1.15460510e+01 3.91311646e+01 2.16027618e+02 2.11222351e+02
    4.45091019e+01 1.45285553e+02 1.12374329e+02 1.79109528e+02
    5.71644440e+01 2.08160110e+02 2.07368774e+02 1.79089401e+02
    2.21108932e+01 2.15115356e+02 1.38313904e+02 1.87168884e+01
    2.42219208e+02 2.40198700e+02 7.29806290e+01 1.20920242e+02
    2.01128357e+02 1.30943634e+02 2.01696136e+02 5.91606140e+00
    9.26477509e+01 1.12258636e+02 1.42101273e+02 1.49761490e+02
    1.88288666e+02 1.15039841e+02 5.95457001e+01 1.40246094e+02
    2.06966141e+02 6.57415771e+01 1.54732605e+02 2.06226257e+02
    7.25293884e+01 9.70002747e+01 8.30770721e+01 1.41139648e+02
    4.09321442e+01 3.69240112e+01 2.28345795e+01 2.04533234e+02
    1.53853500e+02 1.10025261e+02 2.29464233e+02 1.54171326e+02
    1.10374603e+02 1.60480591e+02 7.17313614e+01 1.35628571e+02
    1.01700333e+02 6.52592010e+01 3.21187973e+01 2.32198654e+02
    2.63185654e+01 1.83537903e+01 1.77797485e+02 2.35058823e+02
    1.45363831e+02 9.50150299e+00 1.78059158e+01 1.73227295e+02
    5.00726700e+01 2.39431549e+02 3.14133377e+01 2.06025818e+02
    4.87712708e+01 8.30703201e+01 1.66576691e+02 2.46863556e+01
    8.82872772e+01 1.38230896e+02 8.11126099e+01 9.23078918e+01</data></grad>
<my_hist type_id="opencv-matrix">
  <rows>101</rows>
  <cols>1</cols>
  <dt>f</dt>
  <data>
    0. 0. 1. 1. 1. 0. 0. 3. 1. 2. 2. 0. 0. 2. 1. 1. 1. 1. 1. 0. 2. 0. 0.
    1. 1. 0. 0. 2. 1. 1. 2. 0. 1. 1. 2. 2. 3. 0. 4. 0. 1. 0. 1. 0. 0. 1.
    3. 2. 0. 0. 1. 1. 0. 0. 1. 0. 2. 2. 2. 1. 2. 0. 1. 0. 5. 0. 2. 1. 1.
    2. 0. 0. 2. 0. 4. 0. 0. 0. 1. 0. 0. 0. 0. 1. 1. 3. 3. 1. 1. 2. 1. 0.
    0. 0. 0. 1. 2. 0. 1. 1. 1.</data></my_hist>
<your_hist type_id="opencv-matrix">
  <rows>101</rows>
  <cols>1</cols>
  <dt>f</dt>
  <data>
    0. 0. 9.99999978e-03 9.99999978e-03 9.99999978e-03 0. 0.
    2.99999993e-02 9.99999978e-03 1.99999996e-02 1.99999996e-02 0.
    9.99999978e-03 9.99999978e-03 9.99999978e-03 9.99999978e-03
    1.99999996e-02 0. 9.99999978e-03 0. 1.99999996e-02 0. 0.
    9.99999978e-03 9.99999978e-03 0. 9.99999978e-03 9.99999978e-03
    9.99999978e-03 1.99999996e-02 9.99999978e-03 0. 9.99999978e-03
    9.99999978e-03 3.99999991e-02 9.99999978e-03 1.99999996e-02 0.
    3.99999991e-02 0. 9.99999978e-03 9.99999978e-03 0. 0. 0.
    1.99999996e-02 2.99999993e-02 9.99999978e-03 0. 9.99999978e-03
    9.99999978e-03 0. 0. 0. 9.99999978e-03 9.99999978e-03 9.99999978e-03
    2.99999993e-02 1.99999996e-02 9.99999978e-03 9.99999978e-03
    9.99999978e-03 0. 3.99999991e-02 9.99999978e-03 9.99999978e-03
    1.99999996e-02 0. 1.99999996e-02 9.99999978e-03 0. 1.99999996e-02 0.
    3.99999991e-02 0. 0. 0. 9.99999978e-03 0. 0. 0. 0. 0. 1.99999996e-02
    9.99999978e-03 4.99999970e-02 9.99999978e-03 9.99999978e-03
    1.99999996e-02 9.99999978e-03 0. 0. 0. 0. 9.99999978e-03
    1.99999996e-02 0. 9.99999978e-03 9.99999978e-03 9.99999978e-03
    9.99999978e-03</data></your_hist>
<my_max_grad>2.4221920776367188e+02</my_max_grad>
<your_max_grad>2.4221920776367188e+02</your_max_grad>
</opencv_storage>
