<?xml version="1.0"?>
<opencv_storage>
<grad type_id="opencv-matrix">
  <rows>10</rows>
  <cols>10</cols>
  <dt>f</dt>
  <data>
    7.73970490e+01 1.15665886e+02 1.41253296e+02 4.40092850e+01
    2.25251312e+01 4.70445175e+01 7.51639404e+01 9.19474030e+01
    6.37984085e+01 9.17879028e+01 7.55058899e+01 2.11800079e+01
    6.58857727e+00 6.57077179e+01 1.13391792e+02 7.06726532e+01
    1.04788147e+02 2.33729553e+01 4.61431198e+01 1.18634010e+02
    9.29344635e+01 2.24324402e+02 5.07100220e+01 2.04179977e+02
    2.20054306e+02 1.79347244e+02 8.81075592e+01 2.28800476e+02
    6.25314789e+01 1.61692551e+02 3.41575317e+01 2.01409302e+01
    2.21476852e+02 9.81622925e+01 6.13330154e+01 1.36753159e+02
    9.35348358e+01 1.70362366e+02 2.81852722e+00 1.65989960e+02
    2.11383331e+02 8.73437347e+01 1.34528641e+02 1.95133301e+02
    2.11599731e+02 1.81929413e+02 1.44735107e+02 2.19636520e+02
    5.24194336e+00 1.58865356e+00 2.47586075e+02 7.46157379e+01
    9.88789825e+01 2.21070740e+02 1.06478729e+01 2.09555084e+02
    1.59217621e+02 6.95581665e+01 2.03112030e+02 1.09090294e+02
    9.38291168e+01 2.29806366e+02 2.13131714e+00 1.07106781e+00
    6.43728714e+01 3.01962738e+01 2.04501160e+02 6.47039719e+01
    9.34921875e+01 5.44962006e+01 1.58319702e+02 1.54718628e+02
    3.43341522e+01 2.04139252e+01 4.86967545e+01 1.67559845e+02
    2.14300812e+02 5.02994537e+00 3.27657852e+01 1.04448273e+02
    1.10071167e+02 5.20820923e+01 5.15426636e-01 1.94155029e+02
    2.30302002e+02 3.82528992e+01 1.69076920e+02 5.39606552e+01
    1.19889153e+02 1.93742401e+02 7.35225830e+01 5.39504623e+01
    1.41523544e+02 1.23820694e+02 2.33169464e+02 1.79149033e+02
    1.09729446e+02 2.42661636e+02 2.19535339e+02 7.25238266e+01</data></grad>
<my_hist type_id="opencv-matrix">
  <rows>91</rows>
  <cols>1</cols>
  <dt>f</dt>
  <data>
    4. 3. 1. 1. 0. 0. 0. 3. 2. 0. 0. 1. 3. 0. 1. 0. 2. 2. 1. 3. 1. 0. 2.
    3. 1. 2. 1. 4. 1. 0. 0. 0. 2. 2. 4. 0. 2. 0. 2. 0. 3. 1. 1. 1. 1. 1.
    0. 0. 0. 1. 1. 1. 1. 1. 0. 0. 1. 0. 2. 1. 0. 2. 2. 0. 0. 2. 1. 0. 0.
    0. 0. 3. 0. 0. 1. 2. 0. 3. 1. 0. 3. 2. 1. 0. 3. 1. 0. 0. 0. 1. 0.</data></my_hist>
<your_hist type_id="opencv-matrix">
  <rows>91</rows>
  <cols>1</cols>
  <dt>f</dt>
  <data>
    4. 3. 1. 1. 0. 0. 0. 3. 2. 0. 1. 1. 2. 1. 0. 1. 1. 2. 2. 3. 0. 0. 2.
    4. 0. 2. 2. 3. 1. 0. 0. 1. 1. 4. 2. 2. 0. 1. 1. 2. 1. 1. 1. 2. 0. 1.
    0. 0. 1. 1. 0. 2. 1. 0. 0. 0. 1. 2. 1. 0. 2. 2. 0. 0. 0. 2. 1. 0. 0.
    0. 3. 0. 0. 1. 2. 0. 3. 1. 0. 3. 2. 1. 0. 3. 1. 0. 0. 0. 1. 0. 1.</data></your_hist>
<my_max_grad>2.4758607482910156e+02</my_max_grad>
<your_max_grad>2.4758607482910156e+02</your_max_grad>
</opencv_storage>
