<?xml version="1.0"?>
<opencv_storage>
<grad type_id="opencv-matrix">
  <rows>10</rows>
  <cols>10</cols>
  <dt>f</dt>
  <data>
    5.82485123e+01 1.36059479e+02 1.20035324e+01 1.28219543e+02
    1.61231506e+02 1.62168243e+02 2.12917908e+02 1.59840897e+02
    3.61640549e+01 2.17128937e+02 1.96827362e+02 8.78052750e+01
    2.07718033e+02 2.60845947e+00 1.58375534e+02 2.41704254e+02
    6.79127502e+01 4.50827713e+01 2.12539581e+02 1.94860168e+02
    1.99129761e+02 6.40464935e+01 1.53763138e+02 1.27432251e+00
    2.52727722e+02 5.52462463e+01 2.40356903e+02 2.53796692e+02
    3.94037857e+01 5.01251984e+00 1.25091301e+02 9.54804230e+00
    1.24858093e+00 2.34084213e+02 2.23744263e+02 1.01272110e+02
    3.47410583e+00 2.41159958e+02 2.15627213e+02 6.40890808e+01
    2.02023697e+02 1.86168060e+01 2.08063278e+02 1.78008331e+02
    6.40525131e+01 2.06449966e+02 1.83000183e+02 5.55568314e+01
    1.09974937e+02 6.55189362e+01 8.79236221e+01 1.27111885e+02
    3.74848175e+01 1.55992523e+02 2.28393616e+02 2.49323807e+01
    2.83947754e+01 1.15284615e+02 5.56197357e+01 1.36076904e+02
    2.13355743e+02 1.59195862e+01 2.38987732e+02 1.71716446e+02
    2.10101135e+02 2.97563629e+01 1.75707001e+02 1.72371429e+02
    2.94460831e+01 3.47463150e+01 1.38878082e+02 6.98021317e+01
    2.40948868e+01 2.03720032e+02 1.91496490e+02 1.39162170e+02
    7.43667603e+01 1.28121994e+02 8.23898315e+01 1.16523743e-01
    3.36906509e+01 1.65091736e+02 2.42568878e+02 4.69799881e+01
    8.70835419e+01 1.90173828e+02 1.00474663e+02 1.50857651e+02
    2.07377106e+02 7.23147583e+01 1.07451096e+02 5.46825409e+00
    1.22554916e+02 8.43482513e+01 1.47854721e+02 2.41436005e+01
    1.46508621e+02 5.75290451e+01 2.23705902e+02 6.51786194e+01</data></grad>
<my_hist type_id="opencv-matrix">
  <rows>107</rows>
  <cols>1</cols>
  <dt>f</dt>
  <data>
    3. 2. 2. 0. 1. 1. 1. 1. 0. 0. 3. 1. 2. 0. 2. 2. 1. 0. 0. 2. 0. 0. 0.
    3. 2. 0. 0. 5. 1. 1. 1. 1. 0. 0. 1. 1. 1. 2. 0. 0. 0. 0. 2. 0. 0. 1.
    1. 0. 1. 0. 0. 1. 1. 1. 2. 0. 0. 2. 2. 0. 0. 1. 1. 1. 1. 1. 1. 2. 1.
    1. 0. 0. 2. 0. 1. 1. 0. 1. 0. 0. 2. 0. 2. 1. 0. 2. 0. 4. 1. 3. 1. 1.
    0. 0. 2. 0. 1. 0. 1. 0. 1. 3. 1. 0. 0. 0. 1.</data></my_hist>
<your_hist type_id="opencv-matrix">
  <rows>107</rows>
  <cols>1</cols>
  <dt>f</dt>
  <data>
    2.99999993e-02 1.99999996e-02 1.99999996e-02 9.99999978e-03 0.
    9.99999978e-03 9.99999978e-03 9.99999978e-03 0. 0. 2.99999993e-02
    9.99999978e-03 1.99999996e-02 0. 1.99999996e-02 1.99999996e-02
    9.99999978e-03 0. 9.99999978e-03 9.99999978e-03 0. 0. 0.
    2.99999993e-02 1.99999996e-02 0. 2.99999993e-02 1.99999996e-02
    9.99999978e-03 9.99999978e-03 9.99999978e-03 9.99999978e-03 0. 0.
    9.99999978e-03 9.99999978e-03 2.99999993e-02 0. 0. 0. 0.
    9.99999978e-03 9.99999978e-03 0. 9.99999978e-03 9.99999978e-03 0. 0.
    9.99999978e-03 0. 0. 9.99999978e-03 9.99999978e-03 2.99999993e-02 0.
    0. 1.99999996e-02 0. 1.99999996e-02 0. 0. 1.99999996e-02 0.
    9.99999978e-03 9.99999978e-03 9.99999978e-03 1.99999996e-02
    1.99999996e-02 9.99999978e-03 0. 0. 1.99999996e-02 0. 9.99999978e-03
    9.99999978e-03 0. 9.99999978e-03 0. 0. 1.99999996e-02 0.
    9.99999978e-03 9.99999978e-03 9.99999978e-03 9.99999978e-03
    9.99999978e-03 3.99999991e-02 9.99999978e-03 1.99999996e-02
    9.99999978e-03 1.99999996e-02 0. 0. 1.99999996e-02 0. 9.99999978e-03
    0. 9.99999978e-03 0. 9.99999978e-03 2.99999993e-02 9.99999978e-03 0.
    0. 0. 9.99999978e-03 9.99999978e-03</data></your_hist>
<my_max_grad>2.5379669189453125e+02</my_max_grad>
<your_max_grad>2.5379669189453125e+02</your_max_grad>
</opencv_storage>
