<?xml version="1.0"?>
<opencv_storage>
<grad type_id="opencv-matrix">
  <rows>10</rows>
  <cols>10</cols>
  <dt>f</dt>
  <data>
    9.56922150e+00 6.17833405e+01 6.25892563e+01 2.51167908e+02
    1.10272652e+02 1.20909927e+02 2.33307678e+02 6.47587891e+01
    6.68500519e+00 8.04041443e+01 1.82729416e+02 2.15047058e+02
    2.84515076e+01 1.02830009e+02 1.54991913e+00 8.66516876e+00
    1.99625458e+02 2.01277313e+02 1.68815750e+02 2.02264099e+02
    9.41752167e+01 1.70003891e+01 1.20574333e+02 4.08872147e+01
    2.46415466e+02 2.14516693e+02 2.07781219e+00 5.53303528e+00
    1.13157272e+01 1.15584579e+02 1.78210022e+02 5.84199219e+01
    2.20703400e+02 2.52539612e+02 6.93275604e+01 1.01858284e+02
    2.23384979e+02 1.40100586e+02 1.93702942e+02 3.60492630e+01
    6.27034302e+01 1.88727005e+02 1.49574677e+02 1.51611862e+01
    8.95265350e+01 1.52013687e+02 8.19936371e+00 1.74759048e+02
    1.81209915e+02 2.06170959e+02 1.87248734e+02 1.72735031e+02
    9.41478119e+01 2.64407120e+01 1.25801697e+01 1.91366669e+02
    1.51090347e+02 2.27285370e+02 1.27619064e+02 1.40070496e+01
    9.66894073e+01 1.00363998e+01 6.41628571e+01 2.16734344e+02
    6.87971954e+01 2.19159439e+02 1.61304138e+02 6.25854416e+01
    3.92621918e+01 2.11804428e+02 9.67997360e+01 2.49607544e+02
    6.01359329e+01 6.24592590e+01 2.21977814e+02 9.94585190e+01
    1.95893433e+02 5.02630844e+01 1.79493378e+02 2.35925781e+02
    8.20016937e+01 1.60694519e+02 1.29409531e+02 1.58495499e+02
    2.25126312e+02 1.37404648e+02 4.70254822e+01 1.22584816e+02
    2.02230988e+02 2.03721481e+02 2.03057968e+02 5.53906631e+01
    6.89167023e+00 1.13640114e+02 1.55676193e+02 2.89363861e+01
    1.36305298e+02 1.78801437e+02 4.32674408e+01 8.34713440e+01</data></grad>
<my_hist type_id="opencv-matrix">
  <rows>97</rows>
  <cols>1</cols>
  <dt>f</dt>
  <data>
    2. 0. 3. 4. 2. 2. 1. 0. 0. 0. 2. 1. 0. 1. 0. 2. 1. 0. 1. 1. 0. 1. 1.
    3. 5. 0. 2. 0. 0. 0. 1. 1. 1. 0. 1. 0. 2. 2. 1. 2. 0. 0. 1. 1. 1. 0.
    2. 1. 0. 2. 0. 0. 2. 1. 0. 0. 0. 1. 2. 1. 1. 2. 0. 0. 1. 0. 1. 1. 3.
    1. 1. 1. 1. 1. 1. 1. 1. 4. 1. 1. 0. 1. 2. 1. 2. 2. 1. 1. 0. 1. 1. 0.
    0. 0. 1. 1. 1.</data></my_hist>
<your_hist type_id="opencv-matrix">
  <rows>97</rows>
  <cols>1</cols>
  <dt>f</dt>
  <data>
    1.99999996e-02 0. 2.99999993e-02 3.99999991e-02 1.99999996e-02
    1.99999996e-02 9.99999978e-03 0. 0. 0. 2.99999993e-02 0. 0.
    9.99999978e-03 9.99999978e-03 9.99999978e-03 9.99999978e-03
    9.99999978e-03 0. 9.99999978e-03 0. 9.99999978e-03 1.99999996e-02
    4.99999970e-02 1.99999996e-02 0. 1.99999996e-02 0. 0. 0.
    9.99999978e-03 1.99999996e-02 0. 0. 9.99999978e-03 1.99999996e-02
    1.99999996e-02 9.99999978e-03 9.99999978e-03 9.99999978e-03 0.
    9.99999978e-03 0. 1.99999996e-02 0. 1.99999996e-02 9.99999978e-03 0.
    9.99999978e-03 9.99999978e-03 0. 9.99999978e-03 9.99999978e-03
    9.99999978e-03 0. 0. 9.99999978e-03 1.99999996e-02 0. 9.99999978e-03
    9.99999978e-03 1.99999996e-02 0. 0. 9.99999978e-03 9.99999978e-03
    9.99999978e-03 1.99999996e-02 1.99999996e-02 9.99999978e-03 0.
    1.99999996e-02 9.99999978e-03 9.99999978e-03 9.99999978e-03
    9.99999978e-03 2.99999993e-02 1.99999996e-02 9.99999978e-03 0.
    9.99999978e-03 1.99999996e-02 9.99999978e-03 1.99999996e-02
    1.99999996e-02 9.99999978e-03 9.99999978e-03 0. 9.99999978e-03
    9.99999978e-03 0. 0. 0. 9.99999978e-03 9.99999978e-03 9.99999978e-03
    9.99999978e-03</data></your_hist>
<my_max_grad>2.5253961181640625e+02</my_max_grad>
<your_max_grad>2.5253961181640625e+02</your_max_grad>
</opencv_storage>
