<?xml version="1.0"?>
<opencv_storage>
<grad type_id="opencv-matrix">
  <rows>10</rows>
  <cols>10</cols>
  <dt>f</dt>
  <data>
    1.53656662e+02 1.50464264e+02 1.53788712e+02 1.12481064e+02
    1.94443542e+02 7.89279556e+01 8.87848892e+01 1.39195007e+02
    2.14438400e+01 1.15295494e+02 1.56879944e+02 1.56461868e+02
    2.18166016e+02 2.48648117e+02 2.41576736e+02 1.02436386e+02
    2.14336304e+02 2.40095749e+01 1.43688049e+02 3.82469940e+01
    2.46652588e+02 1.65228073e+02 1.58567871e+02 1.04303825e+02
    1.43635925e+02 6.16051178e+01 2.24700806e+02 5.34254532e+01
    1.69202927e+02 4.39716263e+01 1.35534409e+02 6.68934250e+01
    3.66554794e+01 2.44002640e+02 9.42464905e+01 2.39458130e+02
    1.35093094e+02 2.44394470e+02 1.14825851e+02 8.63347092e+01
    2.31921875e+02 7.79574280e+01 2.32795105e+02 1.07973518e+02
    3.17638931e+01 1.61597885e+02 6.87820740e+01 9.99708099e+01
    6.94713287e+01 1.92327576e+02 7.32127380e+00 3.25178452e+01
    6.06401062e+00 4.29336929e+01 1.37498489e+02 2.22143890e+02
    7.79219360e+01 2.33527130e+02 1.14409157e+02 7.36452484e+00
    3.90841446e+01 2.05234360e+02 2.20962097e+02 1.64823822e+02
    3.76355515e+01 2.11416092e+01 6.88416595e+01 2.40869705e+02
    2.47605255e+02 2.52174927e+02 2.50047546e+02 2.18055969e+02
    9.28031921e+01 1.19766846e+01 2.59485092e+01 6.67213135e+01
    1.23453369e+01 1.90857819e+02 1.25229645e+02 1.74415833e+02
    3.58537064e+01 1.21247162e+02 2.50138184e+02 1.80062393e+02
    1.77717499e+02 1.87285156e+02 2.30787125e+02 5.08100739e+01
    1.32582397e+02 4.99558411e+01 1.45390671e+02 2.00937317e+02
    4.95789032e+01 9.26315613e+01 9.68251495e+01 1.32267609e+02
    1.25175629e+02 4.59235687e+01 8.41194153e-01 4.81174774e+01</data></grad>
<my_hist type_id="opencv-matrix">
  <rows>93</rows>
  <cols>1</cols>
  <dt>f</dt>
  <data>
    1. 0. 3. 0. 2. 0. 0. 2. 1. 1. 0. 2. 0. 3. 2. 1. 2. 1. 3. 1. 0. 0. 1.
    0. 2. 3. 0. 0. 2. 1. 0. 1. 1. 0. 3. 1. 1. 1. 1. 1. 0. 1. 3. 0. 1. 0.
    2. 0. 2. 2. 1. 1. 2. 1. 0. 1. 2. 2. 1. 1. 2. 0. 1. 0. 1. 1. 1. 0. 0.
    1. 2. 1. 0. 0. 1. 1. 0. 0. 0. 1. 2. 2. 1. 0. 0. 3. 1. 0. 2. 2. 2. 2.
    2.</data></my_hist>
<your_hist type_id="opencv-matrix">
  <rows>93</rows>
  <cols>1</cols>
  <dt>f</dt>
  <data>
    1. 0. 3. 0. 2. 0. 0. 2. 1. 1. 0. 2. 0. 4. 1. 1. 2. 1. 3. 1. 0. 0. 1.
    0. 2. 3. 0. 0. 3. 0. 0. 1. 1. 2. 1. 1. 1. 1. 1. 1. 0. 3. 1. 0. 1. 2.
    0. 0. 2. 2. 2. 0. 2. 1. 1. 0. 2. 3. 1. 0. 2. 1. 0. 1. 1. 1. 0. 0. 1.
    1. 2. 0. 0. 1. 1. 0. 0. 0. 1. 2. 1. 2. 0. 0. 3. 1. 0. 2. 1. 3. 2. 2.
    1.</data></your_hist>
<my_max_grad>2.5217492675781250e+02</my_max_grad>
<your_max_grad>2.5217492675781250e+02</your_max_grad>
</opencv_storage>
