<?xml version="1.0"?>
<opencv_storage>
<grad type_id="opencv-matrix">
  <rows>10</rows>
  <cols>10</cols>
  <dt>f</dt>
  <data>
    2.49018341e+02 4.74040451e+01 1.95974838e+02 2.10836395e+02
    2.40204651e+02 8.71597443e+01 2.75236130e+01 6.13418732e+01
    1.09036919e+02 1.18715126e+02 2.90637436e+01 9.24324493e+01
    2.01856445e+02 1.32052429e+02 1.05280533e+01 3.06333923e+00
    1.03350922e+02 1.59217697e+02 2.75045242e+01 1.16717712e+02
    2.09255615e+02 1.82194794e+02 1.38612289e+01 1.43756149e+02
    9.01851959e+01 1.87091675e+01 9.87048492e+01 6.61659241e+01
    1.85783905e+02 2.04404572e+02 1.59693985e+02 1.82996307e+02
    1.01338303e+02 1.16417282e+02 1.01011971e+02 1.84730988e+01
    1.55394821e+02 1.73579468e+02 1.05075020e+02 1.55790451e+02
    2.27023087e+01 7.88974762e+01 2.13197418e+02 2.07594635e+02
    1.43886566e+02 6.34863739e+01 2.03300049e+02 3.80408783e+01
    1.39114243e+02 4.17387466e+01 2.00878632e+02 9.22257385e+01
    1.89570175e+02 2.41294785e+01 2.00507187e+02 1.63128799e+02
    4.50634003e+01 3.26686935e+01 2.45349884e+02 1.83561798e+02
    7.41026535e+01 1.16313339e+02 1.39728745e+02 6.47683563e+01
    1.19393272e+02 2.35411316e+02 2.26705856e+01 1.60705887e+02
    1.51819412e+02 2.10987793e+02 3.68950500e+01 1.60696701e+02
    2.19975250e+02 1.30431168e+02 2.36204971e+02 2.03137054e+01
    5.93684540e+01 2.51251556e+02 8.56921387e+01 1.57908722e+02
    5.58703766e+01 2.25569305e+02 9.55662537e+00 1.47510605e+01
    2.47192368e+02 2.25344452e+02 2.46378738e+02 2.42653717e+02
    8.32300797e+01 1.33208618e+01 1.28408737e+01 6.22915497e+01
    8.21749649e+01 2.50870316e+02 1.42199768e+02 1.56354950e+02
    4.07154083e+01 1.02901474e+02 1.11911835e+02 2.08624023e+02</data></grad>
<my_hist type_id="opencv-matrix">
  <rows>96</rows>
  <cols>1</cols>
  <dt>f</dt>
  <data>
    0. 1. 0. 1. 2. 3. 0. 3. 2. 1. 2. 1. 1. 0. 2. 2. 0. 1. 1. 0. 0. 1. 1.
    2. 2. 1. 0. 0. 1. 0. 1. 2. 1. 1. 1. 2. 0. 1. 2. 2. 1. 1. 1. 0. 3. 2.
    0. 0. 0. 1. 1. 0. 0. 2. 3. 0. 0. 0. 1. 3. 2. 3. 1. 0. 0. 0. 1. 0. 0.
    2. 2. 0. 1. 0. 1. 0. 2. 2. 1. 3. 2. 1. 0. 0. 1. 0. 2. 0. 0. 1. 1. 1.
    1. 1. 2. 2.</data></my_hist>
<your_hist type_id="opencv-matrix">
  <rows>96</rows>
  <cols>1</cols>
  <dt>f</dt>
  <data>
    0. 9.99999978e-03 0. 1.99999996e-02 9.99999978e-03 2.99999993e-02
    9.99999978e-03 1.99999996e-02 1.99999996e-02 9.99999978e-03
    2.99999993e-02 0. 9.99999978e-03 9.99999978e-03 9.99999978e-03
    1.99999996e-02 0. 1.99999996e-02 0. 0. 0. 9.99999978e-03
    9.99999978e-03 1.99999996e-02 1.99999996e-02 9.99999978e-03 0. 0.
    9.99999978e-03 9.99999978e-03 0. 1.99999996e-02 1.99999996e-02 0.
    2.99999993e-02 0. 0. 9.99999978e-03 2.99999993e-02 1.99999996e-02 0.
    9.99999978e-03 9.99999978e-03 9.99999978e-03 2.99999993e-02
    9.99999978e-03 0. 0. 0. 1.99999996e-02 0. 0. 1.99999996e-02
    9.99999978e-03 1.99999996e-02 0. 0. 9.99999978e-03 1.99999996e-02
    1.99999996e-02 3.99999991e-02 9.99999978e-03 0. 0. 0. 9.99999978e-03
    0. 0. 9.99999978e-03 1.99999996e-02 9.99999978e-03 9.99999978e-03 0.
    0. 9.99999978e-03 1.99999996e-02 1.99999996e-02 9.99999978e-03
    1.99999996e-02 2.99999993e-02 9.99999978e-03 0. 0. 9.99999978e-03 0.
    1.99999996e-02 0. 0. 0. 1.99999996e-02 9.99999978e-03 9.99999978e-03
    9.99999978e-03 1.99999996e-02 1.99999996e-02 9.99999978e-03</data></your_hist>
<my_max_grad>2.5125155639648438e+02</my_max_grad>
<your_max_grad>2.5125155639648438e+02</your_max_grad>
</opencv_storage>
