<?xml version="1.0"?>
<opencv_storage>
<grad type_id="opencv-matrix">
  <rows>10</rows>
  <cols>10</cols>
  <dt>f</dt>
  <data>
    4.00666656e+01 6.90200958e+01 1.13277405e+02 1.47002548e+02
    1.29920288e+02 1.35123825e+02 7.11793518e+01 1.11585114e+02
    4.06878128e+01 3.79705048e+00 1.22954140e+02 5.16886063e+01
    1.08101959e+02 6.66920776e+01 9.58118973e+01 9.31973267e+01
    2.49696426e+01 7.19557571e+01 7.53802032e+01 4.67652664e+01
    2.52028870e+02 2.03103943e+01 1.36009674e+02 1.69303375e+02
    2.36285889e+02 1.52949142e+01 1.68228943e+02 1.65588379e-01
    1.69338440e+02 1.12409744e+01 1.69194733e+02 1.19727783e+01
    8.16673279e-01 1.95540466e+02 2.21326675e+02 1.70889496e+02
    1.75157028e+02 5.29315338e+01 1.74990570e+02 7.01374817e+01
    2.40839111e+02 7.97470779e+01 1.39059814e+02 6.12472687e+01
    1.93756073e+02 8.59319305e+00 2.60240021e+01 1.00995804e+02
    3.84078369e+01 1.26250534e+01 1.17071701e+02 2.56168823e+01
    1.71341888e+02 1.44938843e+02 7.46487503e+01 5.27980118e+01
    2.25411346e+02 2.00907043e+02 7.13759766e+01 1.75799988e+02
    1.41810242e+02 8.12573547e+01 2.17945450e+02 1.20093445e+02
    1.35316345e+02 1.23559631e+02 2.18845749e+02 9.28404846e+01
    1.97380630e+02 9.88963623e+01 1.28868332e+02 6.10750961e+01
    2.06947601e+02 1.53786774e+02 3.81293640e+01 2.25948990e+02
    2.48597504e+02 1.77940338e+02 1.25629807e+01 2.34439545e+01
    7.66809082e+01 1.90052719e+01 2.30264923e+02 2.29225067e+02
    1.79996338e+02 1.71312042e+02 6.74822311e+01 8.78082199e+01
    7.46413269e+01 1.95696030e+01 2.19366882e+02 1.46920273e+02
    4.69607544e+01 1.99580994e+02 1.58994965e+02 2.40982330e+02
    8.52988510e+01 1.90881882e+02 6.20958023e+01 7.49924545e+01</data></grad>
<my_hist type_id="opencv-matrix">
  <rows>102</rows>
  <cols>1</cols>
  <dt>f</dt>
  <data>
    2. 1. 0. 1. 2. 2. 1. 2. 1. 1. 3. 0. 0. 0. 0. 2. 2. 0. 1. 1. 1. 2. 0.
    0. 2. 1. 1. 2. 3. 1. 4. 1. 2. 0. 1. 1. 0. 2. 1. 0. 2. 0. 0. 1. 0. 2.
    0. 1. 1. 1. 1. 0. 2. 0. 2. 1. 1. 1. 1. 2. 0. 0. 1. 0. 1. 0. 0. 0. 4.
    3. 2. 1. 2. 0. 0. 0. 0. 1. 1. 2. 1. 1. 0. 1. 0. 0. 0. 0. 3. 1. 0. 2.
    1. 1. 0. 1. 0. 2. 0. 0. 1. 0.</data></my_hist>
<your_hist type_id="opencv-matrix">
  <rows>102</rows>
  <cols>1</cols>
  <dt>f</dt>
  <data>
    1.99999996e-02 9.99999978e-03 0. 9.99999978e-03 1.99999996e-02
    1.99999996e-02 9.99999978e-03 1.99999996e-02 9.99999978e-03
    9.99999978e-03 2.99999993e-02 0. 0. 0. 0. 1.99999996e-02
    1.99999996e-02 0. 1.99999996e-02 0. 9.99999978e-03 1.99999996e-02 0.
    0. 2.99999993e-02 0. 9.99999978e-03 1.99999996e-02 3.99999991e-02
    1.99999996e-02 2.99999993e-02 9.99999978e-03 9.99999978e-03 0.
    9.99999978e-03 9.99999978e-03 0. 1.99999996e-02 9.99999978e-03
    9.99999978e-03 9.99999978e-03 0. 0. 9.99999978e-03 9.99999978e-03
    9.99999978e-03 9.99999978e-03 0. 9.99999978e-03 1.99999996e-02 0.
    9.99999978e-03 9.99999978e-03 0. 2.99999993e-02 9.99999978e-03
    9.99999978e-03 0. 2.99999993e-02 0. 0. 9.99999978e-03 0.
    9.99999978e-03 0. 0. 0. 3.99999991e-02 2.99999993e-02 0.
    2.99999993e-02 9.99999978e-03 9.99999978e-03 0. 0. 0. 9.99999978e-03
    9.99999978e-03 9.99999978e-03 1.99999996e-02 9.99999978e-03 0.
    9.99999978e-03 0. 0. 0. 0. 2.99999993e-02 9.99999978e-03 0.
    1.99999996e-02 9.99999978e-03 9.99999978e-03 0. 9.99999978e-03 0.
    1.99999996e-02 0. 0. 9.99999978e-03 0. 9.99999978e-03</data></your_hist>
<my_max_grad>2.5202886962890625e+02</my_max_grad>
<your_max_grad>2.5202886962890625e+02</your_max_grad>
</opencv_storage>
