<?xml version="1.0"?>
<opencv_storage>
<grad type_id="opencv-matrix">
  <rows>10</rows>
  <cols>10</cols>
  <dt>f</dt>
  <data>
    2.04685425e+02 6.06064606e+01 2.87915802e+00 8.53101807e+01
    1.07140526e+02 5.11942368e+01 9.27976227e+01 8.76548615e+01
    5.06394272e+01 9.49182663e+01 7.39294586e+01 1.73329132e+02
    1.66704391e+02 1.03260880e+02 7.02245636e+01 1.37205704e+02
    1.28616592e+02 7.07823715e+01 1.60831085e+02 1.73790405e+02
    2.02659073e+01 1.81165314e+01 6.09321594e+01 1.88765656e+02
    1.24004807e+02 4.50088272e+01 1.46859009e+02 2.55497040e+02
    7.45193176e+01 8.82825470e+01 1.63006378e+02 2.03347839e+02
    6.94440842e+01 1.90133270e+02 1.03033905e+01 2.04957626e+02
    2.19307007e+02 2.02936829e+02 2.09919128e+01 2.50673615e+02
    4.47685699e+01 6.68054199e+00 9.17315674e+01 9.52198334e+01
    1.04571457e+02 2.34635468e+02 2.08457947e+00 2.10204742e+02
    1.82630707e+02 1.31399536e+02 2.53634888e+02 1.52332062e+02
    2.80680771e+01 4.97782822e+01 1.80617218e+02 7.11133118e+01
    4.79303665e+01 7.06953659e+01 2.96191635e+01 3.13350677e+01
    1.03648941e+02 2.17695496e+02 1.45903809e+02 2.11340576e+02
    2.15223038e+02 4.71145554e+01 8.13281250e+01 7.94730988e+01
    1.56612152e+02 4.07233047e+01 2.30714584e+02 1.93852234e+01
    1.46958786e+02 1.91039978e+02 1.01129791e+02 6.79735107e+01
    1.71133667e+02 1.09241096e+02 3.64122772e+01 5.33041153e+01
    1.45852859e+02 4.52215118e+01 2.45456390e+02 2.04880508e+02
    1.25672150e+01 1.38054428e+02 2.10535431e+01 4.43581085e+01
    1.33670227e+02 1.62113586e+02 2.91388321e+01 1.83538986e+02
    2.32627213e+02 8.51842957e+01 2.48434235e+02 1.56084564e+02
    3.22370911e+01 1.14135849e+02 1.59671448e+02 2.23489944e+02</data></grad>
<my_hist type_id="opencv-matrix">
  <rows>108</rows>
  <cols>1</cols>
  <dt>f</dt>
  <data>
    1. 1. 1. 0. 1. 1. 0. 1. 4. 0. 0. 1. 2. 2. 0. 1. 0. 1. 2. 3. 1. 3. 1.
    0. 0. 2. 0. 0. 1. 4. 1. 2. 0. 1. 1. 0. 2. 2. 1. 1. 2. 0. 1. 2. 1. 1.
    1. 0. 1. 0. 0. 0. 1. 0. 1. 1. 1. 1. 1. 0. 0. 2. 2. 0. 1. 1. 1. 2. 2.
    0. 1. 0. 1. 2. 0. 0. 1. 2. 0. 1. 2. 0. 0. 0. 0. 2. 3. 0. 1. 1. 1. 0.
    2. 0. 1. 0. 0. 1. 1. 1. 0. 0. 0. 1. 0. 2. 0. 1.</data></my_hist>
<your_hist type_id="opencv-matrix">
  <rows>108</rows>
  <cols>1</cols>
  <dt>f</dt>
  <data>
    1. 1. 1. 0. 1. 1. 0. 1. 4. 0. 0. 1. 2. 2. 0. 1. 0. 1. 4. 1. 2. 2. 1.
    0. 0. 2. 0. 0. 1. 5. 1. 1. 0. 1. 1. 2. 2. 0. 2. 2. 0. 0. 1. 3. 1. 1.
    0. 1. 0. 0. 0. 1. 0. 1. 0. 2. 0. 2. 0. 0. 0. 4. 0. 1. 0. 2. 1. 2. 1.
    1. 0. 1. 2. 0. 0. 1. 2. 0. 0. 2. 1. 0. 0. 0. 1. 4. 0. 0. 2. 0. 1. 2.
    0. 1. 0. 0. 1. 1. 1. 0. 0. 0. 1. 0. 2. 0. 1. 1.</data></your_hist>
<my_max_grad>2.5549703979492188e+02</my_max_grad>
<your_max_grad>2.5549703979492188e+02</your_max_grad>
</opencv_storage>
