<?xml version="1.0"?>
<opencv_storage>
<grad type_id="opencv-matrix">
  <rows>10</rows>
  <cols>10</cols>
  <dt>f</dt>
  <data>
    2.71667480e+00 1.30890213e+02 1.44466537e+02 1.76488159e+02
    6.21440811e+01 1.53590744e+02 1.26539459e+02 2.04721954e+02
    1.70098114e+00 1.73745392e+02 1.02687210e+02 1.97454895e+02
    2.02974091e+02 1.35873718e+02 3.27103424e+01 1.13399483e+02
    1.25371758e+02 5.49102097e+01 2.09502762e+02 5.31856003e+01
    5.86339798e+01 1.95256699e+02 2.71810150e+00 1.81028824e+01
    1.06758751e+02 1.13796799e+02 2.48551361e+02 1.46619339e+02
    1.93613342e+02 1.37895691e+02 1.69735901e+02 1.92978424e+02
    1.60124237e+02 9.26297150e+01 2.37468628e+02 2.49865204e+02
    1.02207962e+02 2.19710129e+02 1.60798416e+01 2.03136566e+02
    2.28137054e+02 1.58576721e+02 7.34455185e+01 1.40797928e+02
    9.54664307e+01 4.29610748e+01 9.87904587e+01 4.41834183e+01
    1.44742462e+02 2.51544907e+02 1.81978348e+02 9.26334915e+01
    1.05921158e+02 7.28441925e+01 1.40200119e+02 2.51610947e+01
    2.41830200e+02 3.91433716e-01 8.91833572e+01 1.37071259e+02
    1.13923439e+02 2.46616928e+02 1.63729324e+01 2.19987930e+02
    3.83563538e+01 1.29574814e+01 6.72681046e+01 3.19736481e+00
    7.87080383e+01 2.29037445e+02 8.85786438e+00 4.06419067e+01
    2.57303543e+01 1.23428535e+02 7.52061691e+01 1.67507492e+02
    2.52881622e+00 2.48598175e+02 2.29070282e+02 1.25201225e+02
    2.31442413e+02 1.77243134e+02 7.51378326e+01 2.37836761e+02
    4.37621078e+01 1.97214432e+01 6.75692825e+01 2.23041840e+02
    1.47898376e+02 1.66934418e+02 1.73743134e+02 1.59850082e+02
    9.86904144e+01 1.81301483e+02 9.23515320e-01 1.97585800e+02
    8.56349030e+01 1.89654755e+02 1.47431351e+02 2.83397598e+01</data></grad>
<my_hist type_id="opencv-matrix">
  <rows>104</rows>
  <cols>1</cols>
  <dt>f</dt>
  <data>
    3. 4. 0. 1. 0. 1. 2. 1. 1. 0. 2. 1. 0. 1. 0. 1. 1. 1. 2. 0. 0. 1. 1.
    0. 1. 1. 0. 2. 0. 0. 2. 2. 1. 0. 0. 1. 1. 0. 2. 1. 2. 0. 2. 1. 1. 0.
    1. 2. 0. 0. 0. 3. 1. 0. 1. 0. 2. 2. 1. 2. 2. 1. 0. 1. 0. 1. 2. 0. 0.
    2. 1. 2. 1. 1. 1. 1. 0. 0. 1. 1. 2. 2. 0. 2. 1. 0. 1. 0. 0. 0. 2. 0.
    1. 0. 3. 1. 0. 0. 2. 1. 0. 1. 2. 1.</data></my_hist>
<your_hist type_id="opencv-matrix">
  <rows>104</rows>
  <cols>1</cols>
  <dt>f</dt>
  <data>
    3. 4. 0. 1. 0. 1. 2. 1. 1. 0. 2. 1. 0. 1. 0. 1. 1. 2. 1. 0. 0. 1. 1.
    0. 1. 1. 0. 2. 0. 1. 3. 0. 1. 0. 0. 1. 1. 2. 0. 1. 2. 1. 1. 2. 0. 0.
    3. 0. 0. 0. 1. 3. 0. 1. 0. 1. 2. 2. 0. 2. 3. 0. 1. 0. 1. 2. 0. 0. 2.
    1. 0. 2. 2. 0. 2. 0. 0. 1. 0. 3. 2. 0. 0. 3. 0. 1. 0. 0. 0. 1. 1. 1.
    0. 3. 1. 0. 0. 2. 0. 1. 1. 2. 1. 1.</data></your_hist>
<my_max_grad>2.5154490661621094e+02</my_max_grad>
<your_max_grad>2.5154490661621094e+02</your_max_grad>
</opencv_storage>
