<?xml version="1.0"?>
<opencv_storage>
<grad type_id="opencv-matrix">
  <rows>10</rows>
  <cols>10</cols>
  <dt>f</dt>
  <data>
    1.25651619e+02 2.35486694e+02 1.73006882e+02 4.72906342e+01
    2.17478119e+02 1.41178619e+02 7.60355682e+01 2.14680527e+02
    1.91787903e+02 8.86014862e+01 1.71699463e+02 2.37276306e+01
    1.31375885e+00 1.09999023e+02 1.20390404e+02 1.87302429e+02
    1.72294327e+02 7.20881729e+01 1.14674324e+02 5.27782745e+01
    1.38698059e+02 1.02674904e+02 1.95100876e+02 1.78029083e+02
    1.01571663e+02 3.13834381e+01 2.59372940e+01 7.28561172e+01
    2.15077454e+02 3.51618729e+01 1.49324036e+00 1.75141968e+02
    6.85673370e+01 1.44900940e+02 2.02664276e+02 1.30102554e+02
    1.89622986e+02 2.36023636e+02 1.80629257e+02 1.58415527e+02
    2.21266388e+02 8.46173477e+01 2.43433228e+02 2.12495010e+02
    1.82096832e+02 2.07001129e+02 3.76943283e+01 1.90327545e+02
    3.97313538e+01 1.84993195e+02 2.23115463e+02 5.97030640e+00
    1.04145454e+02 1.55694275e+01 6.09710388e+01 9.76827545e+01
    1.31681946e+02 6.38750229e+01 4.03336868e+01 1.30107971e+02
    1.61766403e+02 2.19307770e+02 4.85695572e+01 4.84438934e+01
    1.55076874e+02 9.83869247e+01 1.81989090e+02 2.49119476e+02
    1.92852234e+02 1.76305756e+02 6.33419113e+01 1.60104935e+02
    2.12699173e+02 7.36127777e+01 3.80721512e+01 1.40328491e+02
    2.54064178e+00 2.26248047e+02 3.42709961e+01 1.31174850e+02
    1.14258453e+02 2.45239258e+02 9.94170380e+00 1.15404160e+02
    2.43006104e+02 1.29350632e+02 7.56587448e+01 9.40825806e+01
    2.28323822e+02 6.41333313e+01 1.26968658e+02 8.55672455e+00
    1.81265945e+02 2.14050140e+02 1.77595978e+02 2.47294647e+02
    3.62602234e+00 2.43975525e+02 2.42051971e+02 1.49556229e+02</data></grad>
<my_hist type_id="opencv-matrix">
  <rows>103</rows>
  <cols>1</cols>
  <dt>f</dt>
  <data>
    2. 2. 1. 1. 1. 0. 1. 0. 0. 1. 1. 0. 1. 0. 2. 2. 2. 0. 0. 1. 2. 1. 0.
    0. 0. 1. 3. 0. 1. 1. 2. 2. 0. 0. 1. 0. 1. 0. 1. 0. 2. 1. 1. 1. 0. 1.
    0. 3. 0. 1. 0. 1. 1. 3. 2. 0. 0. 1. 2. 1. 0. 1. 0. 0. 1. 1. 2. 0. 0.
    0. 1. 2. 2. 2. 2. 2. 1. 1. 2. 2. 1. 0. 0. 1. 0. 1. 0. 2. 3. 1. 1. 1.
    1. 1. 1. 0. 0. 2. 0. 0. 4. 1. 1.</data></my_hist>
<your_hist type_id="opencv-matrix">
  <rows>103</rows>
  <cols>1</cols>
  <dt>f</dt>
  <data>
    2. 2. 1. 1. 1. 0. 1. 0. 0. 1. 1. 0. 1. 0. 2. 2. 2. 0. 0. 3. 0. 1. 0.
    0. 1. 1. 2. 0. 1. 2. 2. 1. 0. 0. 1. 0. 1. 0. 1. 1. 1. 1. 2. 0. 0. 1.
    2. 1. 0. 1. 0. 2. 1. 4. 0. 0. 1. 2. 0. 1. 0. 1. 0. 1. 1. 1. 1. 0. 0.
    0. 3. 1. 3. 1. 3. 1. 1. 2. 2. 1. 0. 0. 1. 0. 1. 0. 0. 4. 1. 2. 1. 1.
    1. 1. 0. 0. 2. 0. 0. 4. 1. 1. 1.</data></your_hist>
<my_max_grad>2.4911947631835938e+02</my_max_grad>
<your_max_grad>2.4911947631835938e+02</your_max_grad>
</opencv_storage>
