<?xml version="1.0"?>
<opencv_storage>
<grad type_id="opencv-matrix">
  <rows>10</rows>
  <cols>10</cols>
  <dt>f</dt>
  <data>
    4.17803879e+01 1.37290298e+02 9.23805389e+01 2.24421692e+02
    1.60366364e+02 7.44550476e+01 2.20605774e+02 3.61449966e+01
    1.94688522e+02 1.97921707e+02 2.47298340e+02 1.27339355e+02
    1.73285645e+02 1.00009377e+02 2.40044861e+01 1.41664124e+00
    2.24324127e+02 2.10217316e+02 2.18180862e+02 1.02580276e+02
    3.78839417e+01 2.01662964e+02 1.96713470e+02 1.02706253e+02
    5.95716171e+01 9.27528458e+01 2.45518982e+02 1.32127151e+01
    1.02906830e+02 1.62814972e+02 9.59696655e+01 8.31748276e+01
    1.26513199e+02 2.27500214e+02 2.44022324e+02 4.33760834e+00
    1.69586929e+02 1.78241745e+02 1.53386459e+02 1.86429230e+02
    2.53479385e+02 1.79424805e+02 5.85018158e+01 2.49486633e+02
    2.34325394e+02 1.65721970e+01 1.27830116e+02 8.62911377e+01
    1.27129623e+02 2.43045380e+02 1.40225708e+02 6.41048279e+01
    1.09450806e+02 2.48375259e+02 1.88939941e+02 5.57774048e+01
    8.76247101e+01 1.55597183e+02 2.50677658e+02 2.23943069e+02
    1.06507355e+02 1.21386566e+02 1.55848312e+01 1.75612122e+02
    8.05870209e+01 9.90870667e+01 1.68140015e+02 8.64098740e+01
    1.21902428e+02 1.96739136e+02 1.15582001e+02 2.26571442e+02
    1.54935181e+02 1.90884476e+01 2.51071320e+02 7.43933029e+01
    1.53223038e+01 2.63465118e+00 2.15524017e+02 1.04210739e+01
    7.86345520e+01 6.20903778e+01 7.67393646e+01 1.03488197e+02
    1.45565857e+02 3.46414490e+01 2.44692322e+02 9.49253082e+00
    2.18133209e+02 1.80656815e+01 6.10108643e+01 3.18759308e+01
    2.53790512e+01 2.53922150e+02 1.14290367e+02 1.59358124e+02
    1.96232422e+02 1.33803101e+02 8.30248413e+01 1.58921860e+02</data></grad>
<my_hist type_id="opencv-matrix">
  <rows>92</rows>
  <cols>1</cols>
  <dt>f</dt>
  <data>
    2. 1. 0. 2. 1. 2. 3. 0. 1. 1. 0. 1. 1. 2. 0. 1. 0. 0. 0. 0. 1. 2. 2.
    1. 0. 0. 2. 1. 1. 1. 2. 3. 0. 2. 1. 1. 1. 4. 1. 1. 0. 2. 0. 1. 1. 1.
    3. 0. 1. 1. 1. 0. 1. 0. 0. 1. 2. 2. 2. 0. 1. 1. 1. 1. 1. 1. 0. 1. 1.
    0. 1. 4. 0. 1. 0. 0. 1. 0. 1. 3. 0. 3. 2. 0. 1. 0. 0. 0. 4. 2. 3. 1.</data></my_hist>
<your_hist type_id="opencv-matrix">
  <rows>92</rows>
  <cols>1</cols>
  <dt>f</dt>
  <data>
    2. 1. 0. 2. 1. 3. 2. 0. 1. 1. 0. 1. 2. 1. 1. 0. 0. 0. 0. 1. 1. 2. 2.
    0. 0. 0. 2. 1. 2. 2. 2. 1. 0. 2. 1. 2. 3. 1. 1. 1. 1. 1. 0. 2. 0. 4.
    0. 1. 0. 1. 1. 0. 1. 0. 1. 2. 1. 2. 1. 0. 2. 0. 2. 1. 1. 0. 1. 1. 0.
    1. 4. 0. 1. 0. 0. 1. 0. 1. 2. 1. 3. 2. 0. 1. 0. 0. 0. 4. 1. 4. 1. 1.</data></your_hist>
<my_max_grad>2.5392214965820312e+02</my_max_grad>
<your_max_grad>2.5392214965820312e+02</your_max_grad>
</opencv_storage>
