<?xml version="1.0"?>
<opencv_storage>
<grad type_id="opencv-matrix">
  <rows>10</rows>
  <cols>10</cols>
  <dt>f</dt>
  <data>
    1.27982925e+02 4.00419540e+01 3.19577408e+01 1.96364502e+02
    1.95817871e+02 1.95433624e+02 1.21571716e+02 2.21867371e+02
    1.92472015e+02 4.97201538e+01 2.21318451e+02 9.02664719e+01
    1.69139282e+02 1.87400055e+02 2.32487717e+01 6.10203781e+01
    1.96977432e+02 2.03199829e+02 1.99641571e+02 5.22109375e+01
    1.93086227e+02 2.08783035e+02 6.27731094e+01 2.22453033e+02
    1.28327576e+02 2.44737335e+02 4.98375092e+01 2.47723999e+02
    1.39410141e+02 6.21933594e+01 2.19346405e+02 2.31015930e+02
    1.71142990e+02 1.77411316e+02 6.67013702e+01 6.27707214e+01
    1.56039108e+02 1.67944305e+02 4.22356415e+01 3.77878571e+01
    4.52372589e+01 1.12943840e+02 1.75486649e+02 2.46543961e+02
    3.27015915e+01 1.88996109e+02 2.29384094e+02 5.22760620e+01
    2.42789841e+02 9.01040344e+01 4.12553406e+00 6.51762543e+01
    2.13971024e+02 5.33142548e+01 1.13334297e+02 1.11437668e+02
    8.93706818e+01 2.58722839e+01 1.95836365e+02 2.02116974e+02
    1.93614410e+02 8.24709320e+01 1.69627945e+02 2.61460953e+01
    2.41433441e+02 2.22833344e+02 9.96758194e+01 1.01196091e+02
    1.72587784e+02 1.23447723e+01 1.91193695e+01 2.40693115e+02
    1.48744980e+02 1.65338409e+02 1.73407959e+02 7.01716309e+01
    1.35237442e+02 1.44609161e+02 3.26110764e+01 1.51492676e+02
    2.04742523e+02 2.18388443e+01 2.39176605e+02 1.64534836e+01
    1.31704147e+02 1.54981277e+02 5.43577423e+01 1.91686981e+02
    1.36139725e+02 7.19110413e+01 1.52508484e+02 6.76319199e+01
    7.87052765e+01 1.51926666e+02 1.51657867e+02 1.53654480e+01
    1.81120148e+02 4.57823868e+01 1.56751312e+02 1.57365860e+02</data></grad>
<my_hist type_id="opencv-matrix">
  <rows>100</rows>
  <cols>1</cols>
  <dt>f</dt>
  <data>
    0. 1. 0. 0. 1. 0. 2. 1. 1. 1. 2. 0. 1. 2. 0. 1. 1. 1. 2. 0. 2. 4. 0.
    0. 1. 3. 2. 1. 1. 1. 0. 1. 0. 1. 0. 0. 3. 0. 0. 0. 2. 0. 0. 0. 1. 2.
    0. 0. 0. 1. 0. 2. 0. 1. 2. 0. 1. 0. 1. 0. 1. 4. 2. 2. 0. 0. 1. 1. 2.
    2. 2. 1. 0. 1. 0. 1. 1. 3. 2. 4. 1. 1. 2. 0. 1. 0. 1. 0. 1. 4. 0. 0.
    1. 1. 0. 0. 1. 2. 2. 1.</data></my_hist>
<your_hist type_id="opencv-matrix">
  <rows>100</rows>
  <cols>1</cols>
  <dt>f</dt>
  <data>
    0. 9.99999978e-03 0. 0. 9.99999978e-03 0. 1.99999996e-02
    9.99999978e-03 9.99999978e-03 9.99999978e-03 1.99999996e-02 0.
    9.99999978e-03 1.99999996e-02 0. 9.99999978e-03 1.99999996e-02 0.
    1.99999996e-02 1.99999996e-02 1.99999996e-02 1.99999996e-02 0. 0.
    1.99999996e-02 1.99999996e-02 1.99999996e-02 9.99999978e-03
    1.99999996e-02 0. 0. 9.99999978e-03 9.99999978e-03 0. 0.
    9.99999978e-03 1.99999996e-02 0. 0. 9.99999978e-03 9.99999978e-03 0.
    0. 0. 9.99999978e-03 1.99999996e-02 0. 0. 9.99999978e-03 0. 0.
    1.99999996e-02 9.99999978e-03 0. 1.99999996e-02 9.99999978e-03 0.
    9.99999978e-03 0. 9.99999978e-03 3.99999991e-02 9.99999978e-03
    2.99999993e-02 0. 0. 0. 9.99999978e-03 2.99999993e-02 1.99999996e-02
    9.99999978e-03 1.99999996e-02 0. 9.99999978e-03 0. 9.99999978e-03
    9.99999978e-03 1.99999996e-02 1.99999996e-02 4.99999970e-02
    9.99999978e-03 9.99999978e-03 1.99999996e-02 0. 9.99999978e-03 0.
    9.99999978e-03 0. 9.99999978e-03 2.99999993e-02 9.99999978e-03 0.
    9.99999978e-03 9.99999978e-03 0. 0. 9.99999978e-03 1.99999996e-02
    1.99999996e-02 9.99999978e-03 9.99999978e-03</data></your_hist>
<my_max_grad>2.4772399902343750e+02</my_max_grad>
<your_max_grad>2.4772399902343750e+02</your_max_grad>
</opencv_storage>
