<?xml version="1.0"?>
<opencv_storage>
<grad type_id="opencv-matrix">
  <rows>10</rows>
  <cols>10</cols>
  <dt>f</dt>
  <data>
    1.94244232e+02 1.28423096e+02 9.55009613e+01 2.08992462e+02
    1.11979378e+02 1.08002632e+02 6.35192871e+01 1.04365974e+02
    2.16954605e+02 2.38034058e+02 2.17946289e+02 1.74058517e+02
    8.30545807e+01 2.98061218e+01 1.57342804e+02 6.62680206e+01
    2.42657684e+02 1.17158203e+01 2.50170364e+02 1.39922485e+02
    2.07089142e+02 1.29034454e+02 1.30057983e+02 1.61876190e+02
    2.20349777e+02 5.66930161e+01 1.70534546e+02 3.08330002e+01
    1.91537323e+02 1.00205002e+02 2.04038055e+02 1.66226593e+02
    6.12110367e+01 7.28319397e+01 4.10889740e+01 1.57673599e+02
    1.80488434e+02 1.38544205e+02 1.35396973e+02 8.18713989e+01
    7.99153595e+01 2.28693878e+02 1.38529083e+02 2.48211487e+02
    1.58284073e+01 7.44424591e+01 7.95346451e+01 1.93679352e+02
    2.24220947e+02 1.64613495e+01 2.03780579e+02 1.67795410e+01
    2.07778534e+02 1.95937103e+02 7.29648743e+01 2.37338806e+02
    2.10495728e+02 1.55372864e+02 1.19278961e+02 3.81820450e+01
    1.70993286e+02 3.46977539e+01 1.20372902e+02 2.14492172e+02
    5.33002625e+01 2.31527435e+02 8.87672119e+01 8.51586609e+01
    1.69424591e+02 4.14214249e+01 1.10781281e+02 3.99441757e+01
    1.04034515e+02 5.61146011e+01 6.77807922e+01 8.85894012e+00
    2.33614838e+02 6.03177414e+01 3.95036774e+01 5.97168198e+01
    1.70550140e+02 1.24842659e+02 2.41175232e+02 2.18909454e+02
    6.64130707e+01 6.27223129e+01 2.14891052e+02 2.16549744e+02
    1.08199310e+01 1.02238174e+02 1.08175827e+02 1.82260986e+02
    2.00432220e+02 1.34418945e+01 1.81936905e+02 5.33594360e+01
    1.14872932e+02 9.84965973e+01 1.95512512e+02 2.37166168e+02</data></grad>
<my_hist type_id="opencv-matrix">
  <rows>108</rows>
  <cols>1</cols>
  <dt>f</dt>
  <data>
    0. 0. 0. 1. 1. 2. 1. 2. 0. 0. 0. 0. 1. 1. 1. 0. 1. 4. 0. 0. 0. 0. 0.
    2. 2. 1. 2. 2. 2. 1. 0. 2. 1. 0. 2. 2. 1. 0. 1. 0. 0. 1. 1. 1. 2. 1.
    2. 1. 1. 1. 0. 2. 0. 1. 0. 2. 1. 0. 1. 2. 1. 0. 0. 0. 0. 0. 0. 2. 1.
    1. 0. 1. 0. 4. 0. 1. 0. 1. 2. 0. 0. 0. 1. 2. 2. 0. 1. 1. 1. 2. 2. 0.
    2. 2. 2. 1. 1. 0. 1. 1. 1. 0. 3. 0. 2. 0. 0. 1.</data></my_hist>
<your_hist type_id="opencv-matrix">
  <rows>108</rows>
  <cols>1</cols>
  <dt>f</dt>
  <data>
    0. 0. 0. 1. 1. 2. 1. 2. 0. 0. 0. 0. 1. 1. 1. 0. 2. 3. 0. 0. 0. 0. 2.
    0. 2. 2. 2. 1. 3. 0. 0. 3. 0. 0. 2. 2. 1. 1. 0. 0. 1. 0. 2. 1. 2. 0.
    2. 2. 0. 1. 0. 2. 0. 1. 1. 2. 0. 1. 0. 3. 0. 0. 0. 0. 0. 0. 1. 2. 0.
    1. 0. 1. 3. 1. 1. 0. 0. 3. 0. 0. 0. 1. 1. 3. 0. 1. 0. 2. 2. 1. 1. 2.
    2. 2. 1. 1. 0. 1. 0. 2. 0. 3. 0. 2. 0. 0. 1. 1.</data></your_hist>
<my_max_grad>2.5017036437988281e+02</my_max_grad>
<your_max_grad>2.5017036437988281e+02</your_max_grad>
</opencv_storage>
