<?xml version="1.0"?>
<opencv_storage>
<grad type_id="opencv-matrix">
  <rows>10</rows>
  <cols>10</cols>
  <dt>f</dt>
  <data>
    1.83394104e+02 6.45439148e+01 1.94494873e+02 1.58788483e+02
    1.53824036e+02 1.02704933e+02 2.05436676e+02 1.71965942e+02
    2.12013412e+02 1.21513290e+01 8.52992783e+01 1.37870407e+02
    1.94731232e+02 4.51799622e+01 1.10194641e+02 7.59894409e+01
    2.39838333e+02 1.78272812e+02 8.98673096e+01 1.87335236e+02
    2.39195541e+02 3.04655533e+01 1.72889542e+02 1.45456665e+02
    2.30176651e+02 1.89084778e+01 4.87622986e+01 5.98929367e+01
    2.12226990e+02 4.31669159e+01 1.13272102e+02 1.41662140e+02
    1.80127319e+02 1.13686058e+02 1.35763809e+02 1.06698288e+02
    1.62407379e+02 2.32569351e+02 8.56764908e+01 1.22135658e+02
    2.51651871e+02 2.48653549e+02 1.56726852e+02 8.18348694e+01
    2.21935608e+02 1.65666046e+02 3.53572159e+01 2.45658005e+02
    1.02824097e+02 2.10090408e+02 1.70799164e+02 1.00936279e+02
    9.39092255e+01 1.64382797e+02 8.23732605e+01 2.22040405e+01
    1.64865845e+02 2.39995239e+02 2.41047073e+02 2.21654480e+02
    1.42853699e+02 6.52468872e+01 1.96173737e+02 2.17053223e+02
    2.40508377e+02 2.25015564e+02 3.11190643e+01 6.66733246e+01
    3.60660477e+01 2.34641388e+02 1.38449554e+02 1.91377014e+02
    1.25844749e+02 1.89011703e+02 1.78212189e+02 2.01226837e+02
    1.28109573e+02 6.46659393e+01 4.95796585e+01 2.64789276e+01
    1.72504578e+02 7.00988159e+01 1.90115601e+02 2.35647263e+02
    9.54537964e+01 9.99409943e+01 1.02284859e+02 9.40647354e+01
    1.61293381e+02 2.01514038e+02 4.71331177e+01 1.53172821e+02
    1.16371506e+02 2.05286636e+01 7.86659546e+01 1.63977295e+02
    4.95801163e+01 1.70369843e+02 1.44542969e+02 1.78487701e+02</data></grad>
<my_hist type_id="opencv-matrix">
  <rows>109</rows>
  <cols>1</cols>
  <dt>f</dt>
  <data>
    0. 0. 0. 0. 0. 1. 0. 0. 2. 1. 0. 1. 0. 2. 0. 2. 0. 0. 1. 1. 1. 3. 0.
    0. 0. 1. 0. 1. 3. 0. 1. 0. 1. 0. 1. 2. 1. 1. 1. 0. 2. 1. 0. 2. 3. 0.
    1. 1. 0. 2. 1. 0. 1. 0. 1. 1. 0. 0. 1. 2. 0. 2. 1. 1. 0. 0. 2. 1. 1.
    1. 1. 4. 0. 2. 3. 0. 0. 3. 1. 1. 0. 2. 2. 0. 3. 0. 0. 2. 1. 0. 1. 2.
    0. 0. 1. 0. 2. 1. 0. 1. 1. 1. 1. 3. 2. 0. 1. 1. 0.</data></my_hist>
<your_hist type_id="opencv-matrix">
  <rows>109</rows>
  <cols>1</cols>
  <dt>f</dt>
  <data>
    0. 0. 0. 0. 0. 1. 0. 0. 2. 1. 0. 1. 0. 2. 0. 2. 0. 0. 1. 1. 2. 2. 0.
    0. 0. 1. 0. 2. 2. 0. 1. 0. 1. 1. 0. 2. 2. 0. 1. 0. 3. 0. 1. 2. 2. 1.
    0. 1. 2. 1. 0. 0. 1. 0. 2. 0. 0. 0. 1. 2. 1. 1. 2. 0. 0. 1. 1. 1. 1.
    2. 3. 1. 0. 3. 2. 0. 3. 1. 1. 0. 1. 2. 1. 2. 1. 0. 2. 0. 1. 0. 2. 1.
    0. 1. 0. 2. 1. 0. 1. 1. 1. 1. 3. 2. 0. 1. 1. 0. 1.</data></your_hist>
<my_max_grad>2.5165187072753906e+02</my_max_grad>
<your_max_grad>2.5165187072753906e+02</your_max_grad>
</opencv_storage>
