<?xml version="1.0"?>
<opencv_storage>
<grad type_id="opencv-matrix">
  <rows>10</rows>
  <cols>10</cols>
  <dt>f</dt>
  <data>
    7.40305328e+01 1.15082298e+02 3.94982605e+01 2.15665649e+02
    2.31052094e+02 1.08834587e+02 1.59352951e+02 4.41631470e+01
    2.17841431e+02 1.96507462e+02 2.41367920e+02 7.00835495e+01
    2.25205719e+02 7.21496887e+01 6.71073227e+01 1.81172104e+02
    9.71680603e+01 1.01954132e+02 4.78341446e+01 2.08135284e+02
    1.65596893e+02 7.78736115e+01 1.75574921e+02 7.27492981e+01
    1.29189636e+02 1.76152863e+02 2.50771729e+02 1.96872482e+02
    1.63578766e+02 2.55767303e+02 1.60790085e+02 2.33375336e+02
    1.49316940e+02 1.38716385e+02 1.99064819e+02 1.51765305e+02
    1.68644424e+02 1.58324463e+02 1.76262817e+02 2.31943665e+02
    2.51595367e+02 2.92834549e+01 1.72734146e+02 2.64907837e+01
    1.20023842e+02 5.16838760e+01 4.35903168e+00 9.18026581e+01
    1.16593704e+01 8.49902802e+01 7.43747864e+01 1.21580109e+02
    1.20244186e+02 1.26961288e+02 1.66596649e+02 1.88836685e+02
    1.09363655e+02 2.25672607e+02 9.31386566e+00 1.53641968e+01
    9.71539917e+01 1.69670197e+02 7.40800323e+01 1.23080521e+02
    1.96035995e+01 1.80011444e+01 3.05404129e+01 1.26785194e+02
    1.42162003e+02 2.37252655e+02 5.95281143e+01 1.34892059e+02
    2.21616608e+02 2.24154114e+02 2.30220459e+02 1.02376183e+02
    1.05624237e+02 2.39143311e+02 2.77193298e+01 1.99761993e+02
    9.03999329e+00 2.26311859e+02 2.10299973e+02 2.28771271e+02
    2.26834793e+02 2.06546707e+01 1.37824799e+02 3.80594482e+01
    2.94824982e+01 2.38051254e+02 5.63948593e+01 5.06157684e+01
    3.26521988e+01 1.04612419e+02 2.35732742e+02 2.51373077e+02
    6.70353012e+01 1.07163841e+02 8.16792374e+01 1.31358795e+01</data></grad>
<my_hist type_id="opencv-matrix">
  <rows>90</rows>
  <cols>1</cols>
  <dt>f</dt>
  <data>
    0. 1. 0. 2. 2. 1. 2. 1. 0. 2. 3. 1. 0. 2. 0. 1. 1. 1. 1. 1. 1. 0. 0.
    2. 1. 2. 3. 1. 1. 1. 0. 0. 1. 0. 2. 1. 2. 2. 2. 0. 1. 0. 3. 1. 2. 1.
    0. 1. 2. 0. 1. 0. 1. 1. 0. 1. 2. 1. 2. 2. 1. 2. 1. 1. 0. 0. 1. 0. 0.
    2. 2. 0. 0. 1. 1. 1. 1. 1. 1. 4. 1. 3. 2. 2. 2. 0. 0. 0. 3. 0.</data></my_hist>
<your_hist type_id="opencv-matrix">
  <rows>90</rows>
  <cols>1</cols>
  <dt>f</dt>
  <data>
    0. 1. 0. 2. 2. 1. 2. 1. 0. 2. 3. 1. 0. 2. 0. 1. 1. 2. 0. 1. 1. 0. 0.
    2. 1. 5. 0. 1. 1. 1. 0. 1. 0. 2. 0. 2. 2. 2. 1. 0. 1. 2. 2. 0. 3. 0.
    1. 1. 1. 1. 0. 1. 1. 0. 0. 3. 1. 2. 1. 1. 1. 3. 0. 1. 0. 1. 0. 0. 2.
    2. 0. 0. 1. 1. 0. 2. 0. 2. 4. 1. 3. 1. 3. 2. 0. 0. 0. 3. 0. 1.</data></your_hist>
<my_max_grad>2.5576730346679688e+02</my_max_grad>
<your_max_grad>2.5576730346679688e+02</your_max_grad>
</opencv_storage>
