<?xml version="1.0"?>
<opencv_storage>
<grad type_id="opencv-matrix">
  <rows>10</rows>
  <cols>10</cols>
  <dt>f</dt>
  <data>
    1.72558212e+02 2.02519806e+02 6.61010971e+01 2.37654938e+02
    6.53614578e+01 1.54216812e+02 1.08562775e+01 1.29194870e+01
    9.74429779e+01 1.90081863e+01 7.68721161e+01 2.54544525e+01
    5.54001846e+01 2.50912811e+02 4.72634888e+01 1.75704086e+02
    2.15920959e+02 2.03866547e+02 2.42359161e+01 1.48616180e+02
    6.29701233e+01 2.36973831e+02 1.13750572e+02 8.84673996e+01
    2.09665009e+02 1.30597763e+02 2.54903870e+02 3.55509644e+01
    1.28840469e+02 1.85313751e+02 8.90341415e+01 1.70159637e+02
    5.77372360e+01 1.19969551e+02 5.61443710e+01 1.57115051e+02
    1.63290451e+02 1.35939468e+02 5.37809830e+01 1.02051163e+02
    2.24323090e+02 1.40353394e+02 1.97918213e+02 1.22522842e+02
    1.67784424e+02 1.69848862e+02 2.03542389e+02 6.58340912e+01
    1.79345810e+02 2.40477570e+02 1.49192474e+02 2.25962601e+02
    4.97107849e+01 1.52885162e+02 1.96676544e+02 1.36335388e+02
    2.25801880e+02 2.48565262e+02 9.14313965e+01 2.43131683e+02
    2.03615036e+01 4.69838257e+01 1.85853806e+01 6.47045288e+01
    7.83880463e+01 1.47192719e+02 1.93848480e+02 1.70955582e+01
    7.21553040e+01 7.43149796e+01 3.89003067e+01 1.40102753e+02
    1.16905045e+02 9.24930954e+01 4.24820480e+01 7.12480392e+01
    1.81844437e+02 1.93776520e+02 2.43011505e+02 9.28739624e+01
    1.90410599e+02 1.20419891e+02 4.10417938e+00 2.17160507e+02
    2.41346115e+02 2.50557953e+02 4.93755646e+01 5.34922256e+01
    1.93984192e+02 7.16336746e+01 6.33481216e+01 2.10544891e+02
    8.73952179e+01 1.40409302e+02 5.33748016e+01 2.46116760e+02
    1.90986786e+01 1.11475113e+02 7.20946960e+01 2.50156250e+02</data></grad>
<my_hist type_id="opencv-matrix">
  <rows>101</rows>
  <cols>1</cols>
  <dt>f</dt>
  <data>
    0. 1. 0. 0. 1. 1. 1. 3. 1. 1. 1. 0. 0. 0. 1. 1. 1. 0. 2. 2. 0. 4. 2.
    0. 1. 3. 2. 0. 4. 1. 1. 1. 0. 0. 1. 2. 3. 0. 1. 0. 1. 0. 0. 0. 1. 1.
    1. 2. 1. 0. 0. 2. 0. 1. 1. 3. 0. 0. 2. 1. 1. 1. 1. 0. 1. 0. 1. 2. 1.
    1. 0. 1. 1. 1. 0. 1. 3. 1. 1. 0. 3. 0. 0. 2. 0. 1. 1. 0. 1. 2. 0. 0.
    0. 1. 1. 2. 2. 1. 1. 3. 0.</data></my_hist>
<your_hist type_id="opencv-matrix">
  <rows>101</rows>
  <cols>1</cols>
  <dt>f</dt>
  <data>
    0. 1. 0. 0. 1. 1. 1. 4. 0. 2. 0. 0. 0. 1. 0. 1. 1. 0. 2. 2. 2. 2. 2.
    0. 2. 4. 0. 1. 3. 1. 2. 0. 0. 0. 3. 1. 2. 0. 1. 0. 1. 0. 0. 1. 1. 1.
    0. 2. 1. 0. 1. 1. 0. 2. 1. 2. 0. 1. 2. 1. 1. 1. 0. 0. 1. 1. 2. 1. 1.
    0. 1. 1. 1. 0. 1. 0. 3. 2. 0. 3. 0. 0. 2. 0. 1. 1. 0. 0. 3. 0. 0. 0.
    1. 1. 2. 2. 1. 1. 3. 0. 1.</data></your_hist>
<my_max_grad>2.5490386962890625e+02</my_max_grad>
<your_max_grad>2.5490386962890625e+02</your_max_grad>
</opencv_storage>
