<?xml version="1.0"?>
<opencv_storage>
<grad type_id="opencv-matrix">
  <rows>10</rows>
  <cols>10</cols>
  <dt>f</dt>
  <data>
    1.72833466e+02 1.95021240e+02 5.72593536e+01 1.49148560e+02
    1.41808487e+02 9.58682861e+01 1.87555847e+02 1.27124245e+02
    8.31429138e+01 1.75407166e+02 1.59317719e+02 1.49253265e+02
    1.56193329e+02 1.89183289e+02 1.10533875e+02 9.76049042e+01
    1.69603546e+02 7.56935043e+01 1.52161819e+02 2.32704620e+02
    1.65973892e+02 1.86255096e+02 7.05979156e+01 2.54054260e+01
    1.32288803e+02 1.13294037e+02 2.02960327e+02 1.14257103e+02
    1.43131897e+02 1.86254105e+02 1.80545670e+02 1.90835129e+02
    2.48836884e+02 1.61466354e+02 1.88621521e+02 1.53181564e+02
    1.67985764e+02 1.68087799e+02 1.22033737e+02 2.23588287e+02
    8.12157288e+01 2.01119202e+02 2.49807281e+02 1.82569611e+02
    3.60560608e+00 2.21520691e+02 2.38457260e+02 2.26700912e+02
    1.92818756e+02 1.24147659e+02 2.31458008e+02 1.81509644e+02
    1.70987595e+02 2.06762238e+02 1.84560532e+02 8.42202454e+01
    2.05426147e+02 1.85005478e+02 2.31407089e+01 7.62653351e+01
    1.70610428e+01 1.54438934e+02 1.01808502e+02 1.45278458e+02
    1.40282883e+02 2.13735992e+02 1.92492950e+02 2.23763657e+01
    6.05202942e+01 8.75273132e+00 5.59894867e+01 2.17247253e+02
    5.81387100e+01 2.13717957e+02 7.31741638e+01 9.11752319e+01
    2.34618469e+02 2.33168732e+02 5.75494385e+00 2.15191345e+02
    8.76892090e+00 1.77961517e+02 3.03274918e+01 2.89270325e+01
    8.61051636e+01 1.18624748e+02 3.25982590e+01 2.29933411e+02
    2.47107086e+02 1.82118896e+02 1.88132812e+02 1.53444122e+02
    1.95676697e+02 8.45781097e+01 5.81940765e+01 4.11101761e+01
    2.02563995e+02 2.34270264e+02 2.05582184e+02 1.24198013e+02</data></grad>
<my_hist type_id="opencv-matrix">
  <rows>108</rows>
  <cols>1</cols>
  <dt>f</dt>
  <data>
    0. 1. 1. 2. 0. 0. 0. 1. 0. 1. 2. 0. 1. 1. 1. 0. 0. 1. 0. 0. 0. 0. 0.
    0. 2. 2. 1. 0. 0. 0. 1. 1. 2. 0. 0. 2. 2. 1. 0. 1. 0. 1. 1. 0. 1. 0.
    0. 1. 1. 1. 0. 1. 1. 2. 1. 0. 0. 1. 0. 0. 1. 2. 1. 0. 2. 1. 3. 1. 1.
    1. 0. 1. 2. 2. 1. 1. 1. 0. 4. 2. 2. 4. 1. 2. 2. 0. 1. 2. 2. 1. 0. 0.
    2. 2. 0. 1. 1. 0. 1. 1. 3. 2. 0. 1. 0. 0. 1. 1.</data></my_hist>
<your_hist type_id="opencv-matrix">
  <rows>108</rows>
  <cols>1</cols>
  <dt>f</dt>
  <data>
    0. 1. 1. 2. 0. 0. 0. 1. 0. 2. 1. 0. 2. 1. 0. 0. 0. 1. 0. 0. 0. 0. 0.
    1. 3. 1. 0. 0. 0. 0. 1. 1. 2. 0. 1. 1. 3. 0. 0. 1. 0. 2. 0. 1. 0. 0.
    0. 1. 2. 0. 1. 0. 1. 2. 1. 0. 1. 0. 0. 0. 2. 1. 1. 2. 0. 3. 2. 0. 1.
    1. 0. 3. 1. 1. 1. 1. 1. 2. 2. 4. 3. 2. 2. 2. 0. 0. 3. 1. 2. 0. 0. 2.
    1. 1. 1. 1. 0. 1. 1. 3. 2. 0. 1. 0. 0. 1. 1. 1.</data></your_hist>
<my_max_grad>2.4980728149414062e+02</my_max_grad>
<your_max_grad>2.4980728149414062e+02</your_max_grad>
</opencv_storage>
