<?xml version="1.0"?>
<opencv_storage>
<grad type_id="opencv-matrix">
  <rows>10</rows>
  <cols>10</cols>
  <dt>f</dt>
  <data>
    5.25051804e+01 1.39370377e+02 1.00948692e+02 3.31089020e+01
    1.92611435e+02 1.69493973e+02 6.25259781e+01 1.45919403e+02
    1.35758804e+02 1.51978455e+02 1.24061813e+02 9.98689957e+01
    1.40444809e+02 1.66659164e+01 1.14746964e+02 5.21027145e+01
    2.30767334e+02 1.07768661e+02 2.81360321e+01 1.41310562e+02
    7.30854721e+01 1.31229263e+02 2.10739380e+02 1.14418396e+02
    1.28817734e+02 5.33383636e+01 1.71121765e+02 1.86011673e+02
    4.19161987e+01 1.08471306e+02 1.67540253e+02 2.28306519e+02
    1.51892410e+02 2.37028687e+02 1.26565117e+02 9.55710907e+01
    1.66147522e+02 5.62740097e+01 1.90277466e+02 2.03619568e+02
    9.89919739e+01 1.36844849e+02 8.82882690e+00 1.96616013e+02
    1.41724640e+02 1.85875946e+02 1.86369293e+02 1.79697784e+02
    1.22303154e+02 2.08132370e+02 1.54518814e+01 4.54641571e+01
    3.86329117e+01 1.51106659e+02 7.66564941e+00 1.90310913e+02
    1.92944382e+02 2.47715668e+02 2.28780640e+02 1.37839935e+02
    4.27070389e+01 2.38524567e+02 1.16125542e+02 1.11950302e+01
    2.35723663e+02 7.67413635e+01 1.11867767e+02 4.55148010e+01
    1.66773300e+02 1.19456818e+02 6.28571472e+01 6.27781677e+01
    1.55789856e+02 1.77448013e+02 1.45887222e+02 2.51068680e+02
    1.84814835e+02 5.93736877e+01 1.51630859e+02 3.06024017e+01
    1.67855820e+02 1.27367172e+02 1.71258118e+02 2.32062973e+02
    1.97754440e+01 1.80420502e+02 1.73786942e+02 2.49339874e+02
    1.10733948e+02 4.50153351e+01 3.23196869e+01 1.57259567e+02
    1.02636993e+02 2.87043839e+01 3.96815491e+00 1.11882698e+02
    1.79131622e+02 1.85125000e+02 6.18413086e+01 2.13495453e+02</data></grad>
<my_hist type_id="opencv-matrix">
  <rows>109</rows>
  <cols>1</cols>
  <dt>f</dt>
  <data>
    0. 1. 0. 2. 1. 0. 1. 1. 1. 0. 0. 0. 2. 1. 2. 0. 1. 0. 2. 3. 0. 0. 2.
    1. 1. 1. 1. 3. 0. 0. 0. 1. 0. 1. 0. 0. 0. 0. 0. 0. 0. 1. 1. 2. 1. 0.
    1. 1. 3. 2. 1. 1. 0. 2. 1. 2. 1. 0. 1. 2. 2. 2. 0. 2. 0. 4. 0. 1. 1.
    0. 0. 0. 4. 1. 2. 1. 0. 2. 2. 0. 5. 0. 2. 2. 0. 1. 0. 0. 1. 0. 1. 1.
    1. 0. 0. 0. 0. 0. 0. 2. 2. 0. 2. 1. 0. 0. 0. 1. 1.</data></my_hist>
<your_hist type_id="opencv-matrix">
  <rows>109</rows>
  <cols>1</cols>
  <dt>f</dt>
  <data>
    0. 1. 0. 2. 1. 0. 1. 1. 1. 0. 0. 0. 2. 2. 1. 0. 1. 0. 2. 3. 0. 0. 3.
    0. 1. 1. 2. 2. 0. 0. 0. 1. 0. 1. 0. 0. 0. 0. 0. 0. 0. 1. 2. 1. 1. 0.
    2. 1. 2. 3. 0. 1. 1. 1. 2. 1. 1. 0. 2. 2. 3. 0. 2. 0. 0. 4. 0. 2. 0.
    0. 0. 2. 3. 2. 1. 0. 1. 3. 0. 3. 2. 2. 2. 0. 1. 0. 0. 1. 0. 1. 1. 1.
    0. 0. 0. 0. 0. 0. 2. 2. 0. 2. 1. 0. 0. 0. 1. 1. 1.</data></your_hist>
<my_max_grad>2.5106867980957031e+02</my_max_grad>
<your_max_grad>2.5106867980957031e+02</your_max_grad>
</opencv_storage>
