<?xml version="1.0"?>
<opencv_storage>
<grad type_id="opencv-matrix">
  <rows>10</rows>
  <cols>10</cols>
  <dt>f</dt>
  <data>
    2.39667969e+02 8.66158371e+01 8.02057495e+01 6.76993713e+01
    2.47037933e+02 1.93612747e+01 1.06045364e+02 7.59729309e+01
    1.58096848e+02 2.38763641e+02 9.45469284e+01 1.35475037e+02
    1.68421082e+02 1.54910904e+02 4.67615509e+01 2.07762650e+02
    2.42095718e+01 2.13360352e+02 1.97765106e+02 2.29867554e+02
    1.76200226e+02 1.66794037e+02 2.26502197e+02 4.90170135e+01
    4.35757217e+01 1.28786591e+02 2.41920166e+02 3.92046280e+01
    4.42042236e+01 1.57341858e+02 5.93317871e+01 8.27929535e+01
    2.41562759e+02 1.44868317e+01 2.42883133e+02 1.40657883e+02
    2.05104706e+02 1.42797043e+02 1.27784805e+02 2.26655457e+02
    1.52827515e+02 1.51710831e+02 8.25808563e+01 1.65335846e+00
    3.83119202e+00 1.04902122e+02 4.40291290e+01 5.23477173e+00
    2.28211212e+01 2.37383408e+02 1.83826538e+02 1.15127182e+02
    2.13076706e+01 2.26278656e+02 2.53790787e+02 2.18328156e+02
    6.28721466e+01 2.20846039e+02 1.40799713e+02 1.60724670e+02
    3.67918930e+01 1.44516785e+02 7.70836639e+01 1.10251312e+02
    7.57096710e+01 8.03869629e+01 1.06578743e+02 1.21177765e+02
    1.82697098e+02 5.99160995e+01 1.27855530e+01 1.86373718e+02
    1.56022583e+02 1.78051041e+02 1.10887939e+02 2.11789978e+02
    1.97595276e+02 2.20926605e+02 2.37572479e+02 4.63106842e+01
    3.50078125e+01 1.70309906e+02 2.51247482e+01 1.14185974e+02
    1.42284256e+02 2.23162506e+02 2.76113968e+01 2.28449585e+02
    2.34398315e+02 1.44485748e+02 3.78671951e+01 1.98332672e+02
    1.37510468e+02 4.85596924e+01 2.21016113e+02 7.80143890e+01
    1.38780975e+02 5.77667389e+01 1.55676605e+02 9.61047363e+01</data></grad>
<my_hist type_id="opencv-matrix">
  <rows>105</rows>
  <cols>1</cols>
  <dt>f</dt>
  <data>
    1. 1. 1. 0. 0. 2. 0. 0. 2. 1. 2. 1. 0. 0. 1. 2. 1. 0. 3. 2. 2. 0. 0.
    1. 2. 0. 1. 0. 1. 0. 0. 3. 1. 2. 2. 1. 0. 0. 0. 2. 0. 0. 0. 2. 1. 2.
    0. 2. 0. 0. 1. 0. 1. 1. 0. 0. 2. 1. 3. 3. 0. 0. 1. 1. 3. 2. 1. 0. 0.
    2. 1. 0. 1. 1. 0. 1. 1. 1. 0. 0. 0. 2. 1. 0. 1. 1. 0. 1. 1. 0. 1. 3.
    1. 3. 1. 1. 1. 0. 3. 2. 2. 0. 1. 0. 0.</data></my_hist>
<your_hist type_id="opencv-matrix">
  <rows>105</rows>
  <cols>1</cols>
  <dt>f</dt>
  <data>
    1.01010101e-02 1.01010101e-02 1.01010101e-02 0. 0. 2.02020202e-02 0.
    0. 2.02020202e-02 1.01010101e-02 2.02020202e-02 1.01010101e-02 0. 0.
    1.01010101e-02 2.02020202e-02 1.01010101e-02 0. 3.03030312e-02
    2.02020202e-02 2.02020202e-02 0. 0. 1.01010101e-02 2.02020202e-02 0.
    1.01010101e-02 0. 1.01010101e-02 0. 0. 3.03030312e-02 1.01010101e-02
    2.02020202e-02 2.02020202e-02 1.01010101e-02 0. 0. 0. 2.02020202e-02
    0. 0. 0. 2.02020202e-02 1.01010101e-02 2.02020202e-02 0.
    2.02020202e-02 0. 0. 1.01010101e-02 0. 1.01010101e-02 1.01010101e-02
    0. 0. 2.02020202e-02 1.01010101e-02 3.03030312e-02 3.03030312e-02 0.
    0. 1.01010101e-02 1.01010101e-02 3.03030312e-02 2.02020202e-02
    1.01010101e-02 0. 0. 2.02020202e-02 1.01010101e-02 0. 1.01010101e-02
    1.01010101e-02 0. 1.01010101e-02 1.01010101e-02 1.01010101e-02 0. 0.
    0. 2.02020202e-02 1.01010101e-02 0. 1.01010101e-02 1.01010101e-02 0.
    1.01010101e-02 1.01010101e-02 0. 1.01010101e-02 3.03030312e-02
    1.01010101e-02 3.03030312e-02 1.01010101e-02 1.01010101e-02
    1.01010101e-02 0. 3.03030312e-02 2.02020202e-02 2.02020202e-02 0.
    1.01010101e-02 0. 0.</data></your_hist>
<my_max_grad>2.5379078674316406e+02</my_max_grad>
<your_max_grad>2.5379078674316406e+02</your_max_grad>
</opencv_storage>
