<?xml version="1.0"?>
<opencv_storage>
<grad type_id="opencv-matrix">
  <rows>10</rows>
  <cols>10</cols>
  <dt>f</dt>
  <data>
    2.52414062e+02 2.64013519e+01 1.81941818e+02 2.36652298e+02
    3.11184387e+01 3.94378738e+01 1.29691559e+02 1.48436096e+02
    1.97584763e+01 5.54370880e+00 8.76717987e+01 1.73360672e+02
    1.90028931e+02 4.08849030e+01 1.05131828e+02 1.62741333e+02
    1.14502563e+01 2.23356049e+02 7.54912109e+01 2.14116516e+01
    2.34839081e+02 1.49263214e+02 1.08583069e+02 1.96127106e+02
    1.62322205e+02 8.48957977e+01 1.15119606e+02 2.28287903e+02
    1.58771088e+02 1.80605316e+02 1.74397385e+02 1.45436646e+02
    1.44196274e+02 7.31675797e+01 1.80267883e+02 1.94608612e+02
    1.49737381e+02 6.71504059e+01 1.69297440e+02 1.19199455e+02
    1.14831039e+02 1.82677948e+02 2.36378784e+02 5.09446869e+01
    1.17039680e+02 1.72837051e+02 8.10860596e+01 1.29606049e+02
    4.11380005e+01 3.65559158e+01 1.21881798e+02 2.09173889e+02
    2.51482178e+02 1.52060760e+02 1.22659302e+01 1.67344086e+02
    8.10546570e+01 1.86827850e+00 1.07376175e+01 2.33674744e+02
    7.97568970e+01 7.76790848e+01 8.82716064e+01 2.19313278e+01
    7.32228088e+01 3.66203842e+01 1.56317749e+01 1.78247101e+02
    5.84092941e+01 1.03612518e+02 6.49352722e+01 5.41197586e+01
    3.89906693e+01 2.24657379e+02 2.02860870e+01 2.46257690e+02
    2.50404739e+02 1.66047440e+02 1.73014496e+02 2.00039825e+02
    1.71538818e+02 2.16964615e+02 1.72294159e+02 1.47997406e+02
    4.41574097e+01 1.27099358e+02 6.19657059e+01 8.60470810e+01
    1.90918900e+02 6.11553192e+00 2.21471848e+02 1.46466644e+02
    1.84683334e+02 3.28150406e+01 2.15394058e+01 3.39014282e+01
    8.22789841e+01 2.50327179e+02 2.23759064e+02 5.13877869e-01</data></grad>
<my_hist type_id="opencv-matrix">
  <rows>103</rows>
  <cols>1</cols>
  <dt>f</dt>
  <data>
    2. 0. 2. 0. 2. 1. 1. 0. 5. 0. 1. 0. 1. 2. 2. 1. 3. 0. 1. 0. 1. 0. 1.
    1. 0. 1. 1. 1. 0. 2. 1. 1. 1. 3. 1. 2. 1. 0. 0. 0. 0. 0. 2. 0. 1. 0.
    2. 1. 1. 1. 0. 1. 2. 0. 0. 0. 0. 0. 1. 2. 3. 1. 1. 0. 1. 0. 2. 1. 1.
    2. 4. 1. 1. 2. 2. 1. 0. 2. 0. 1. 1. 1. 0. 0. 0. 1. 0. 0. 1. 0. 1. 3.
    0. 1. 0. 2. 2. 0. 0. 0. 1. 0. 3.</data></my_hist>
<your_hist type_id="opencv-matrix">
  <rows>103</rows>
  <cols>1</cols>
  <dt>f</dt>
  <data>
    2. 0. 2. 0. 3. 0. 1. 1. 4. 0. 1. 0. 1. 2. 2. 2. 2. 1. 0. 0. 1. 1. 0.
    1. 0. 1. 1. 1. 0. 2. 1. 1. 3. 1. 2. 2. 0. 0. 0. 0. 0. 1. 1. 1. 0. 0.
    2. 1. 1. 1. 0. 1. 2. 0. 0. 0. 0. 0. 2. 3. 2. 1. 0. 0. 1. 2. 0. 2. 1.
    4. 2. 0. 3. 2. 1. 0. 1. 1. 1. 1. 1. 0. 0. 0. 1. 0. 0. 1. 0. 1. 3. 0.
    1. 0. 2. 2. 0. 0. 0. 1. 0. 3. 1.</data></your_hist>
<my_max_grad>2.5241406250000000e+02</my_max_grad>
<your_max_grad>2.5241406250000000e+02</your_max_grad>
</opencv_storage>
