<?xml version="1.0"?>
<opencv_storage>
<grad type_id="opencv-matrix">
  <rows>10</rows>
  <cols>10</cols>
  <dt>f</dt>
  <data>
    1.98359177e+02 1.51515121e+02 5.88545456e+01 8.36804352e+01
    5.19864807e+01 1.97987793e+02 9.64110641e+01 2.22488770e+02
    1.09058510e+02 1.65842712e+02 2.39551605e+02 2.76785126e+01
    2.68297806e+01 1.98112228e+02 5.04279861e+01 2.48173706e+02
    2.87877502e+01 6.16378021e+00 6.08714828e+01 1.50156937e+01
    2.35176941e+02 9.22714844e+01 1.96307556e+02 5.95123825e+01
    1.23761749e+02 2.55873871e+00 1.07165680e+02 7.03019409e+01
    2.34139572e+02 1.53208633e+02 3.59399414e+01 1.40729248e+02
    3.97408295e+01 1.22829300e+02 1.27864159e+02 2.46755096e+02
    1.24390213e+02 1.75621109e+01 2.25377594e+02 1.88370087e+02
    5.09016495e+01 6.10905533e+01 2.02528564e+02 2.14550659e+02
    5.83300018e+01 1.12748199e+02 1.17680298e+02 1.26254959e+01
    2.55154739e+02 1.04915123e+02 6.80416107e+01 1.10802841e+01
    2.53842529e+02 2.33059357e+02 1.21056976e+02 2.17350067e+02
    5.82430954e+01 1.17214340e+02 8.74678802e+00 2.10374832e+01
    1.44493469e+02 7.61319275e+01 2.05225067e+01 6.30423508e+01
    3.72383270e+01 2.51219055e+02 1.32065048e+02 6.94519043e+01
    1.18037865e+02 5.09075089e+01 1.84170441e+02 1.99566193e+02
    8.39840698e+01 4.86475143e+01 6.06288910e+01 7.14287720e+01
    1.21563545e+02 1.36176575e+02 1.13940811e+01 8.60094757e+01
    3.87618637e+01 5.74633636e+01 1.12338562e+02 2.35615616e+02
    2.09603424e+02 2.19912567e+02 1.45196625e+02 1.62049652e+02
    7.62022095e+01 2.25755310e+00 1.73019699e+02 1.90553131e+02
    2.43743866e+02 1.23914391e+02 2.78169250e+01 6.84707642e+01
    1.25482201e+02 1.69802719e+02 2.40298035e+02 1.18832626e+02</data></grad>
<my_hist type_id="opencv-matrix">
  <rows>109</rows>
  <cols>1</cols>
  <dt>f</dt>
  <data>
    1. 1. 1. 1. 2. 1. 1. 1. 2. 0. 0. 3. 1. 0. 0. 2. 2. 0. 0. 0. 1. 3. 1.
    0. 3. 3. 3. 0. 0. 3. 2. 0. 2. 0. 0. 2. 1. 0. 0. 1. 0. 1. 0. 0. 1. 1.
    1. 1. 1. 0. 4. 2. 3. 2. 1. 0. 1. 0. 1. 0. 1. 1. 1. 0. 1. 1. 0. 0. 0.
    1. 1. 0. 1. 1. 0. 0. 0. 0. 1. 0. 1. 1. 0. 1. 3. 1. 1. 0. 0. 1. 0. 1.
    1. 1. 0. 1. 1. 0. 0. 1. 3. 0. 2. 0. 1. 1. 1. 1. 1.</data></my_hist>
<your_hist type_id="opencv-matrix">
  <rows>109</rows>
  <cols>1</cols>
  <dt>f</dt>
  <data>
    1. 1. 1. 1. 2. 1. 1. 1. 2. 0. 0. 3. 1. 0. 0. 2. 2. 0. 0. 0. 1. 3. 1.
    0. 4. 4. 1. 0. 2. 2. 1. 0. 2. 0. 0. 2. 1. 0. 0. 1. 1. 0. 0. 0. 1. 1.
    1. 2. 0. 3. 1. 3. 3. 1. 1. 1. 0. 1. 0. 1. 0. 2. 0. 0. 2. 0. 0. 0. 1.
    0. 1. 1. 0. 1. 0. 0. 0. 1. 0. 1. 1. 0. 0. 4. 1. 1. 0. 0. 1. 0. 1. 1.
    0. 1. 1. 1. 0. 0. 1. 3. 0. 2. 0. 1. 1. 1. 1. 1. 1.</data></your_hist>
<my_max_grad>2.5515473937988281e+02</my_max_grad>
<your_max_grad>2.5515473937988281e+02</your_max_grad>
</opencv_storage>
