<?xml version="1.0"?>
<opencv_storage>
<grad type_id="opencv-matrix">
  <rows>10</rows>
  <cols>10</cols>
  <dt>f</dt>
  <data>
    2.43200684e+01 6.44316864e+00 1.29466476e+02 3.19586411e+01
    1.20203400e+02 3.22613831e+01 8.81365356e+01 2.15190430e+02
    7.22024994e+01 8.42651367e-01 6.30400848e+00 1.12605858e+02
    5.35418472e+01 4.61657944e+01 2.25808853e+02 8.48115082e+01
    1.80997742e+02 1.57025070e+01 2.29426727e+02 2.09144363e+02
    2.48992294e+02 9.49655533e+01 1.94971054e+02 2.27947937e+02
    1.74175995e+02 1.95874908e+02 9.54363556e+01 8.93596497e+01
    7.62739410e+01 2.16460541e+02 1.90808151e+02 9.54280396e+01
    2.46067932e+02 4.41745987e+01 1.95587250e+02 8.59391785e+01
    1.42081543e+02 2.31455109e+02 1.48120026e+02 9.28626022e+01
    1.11990036e+02 2.55136810e+02 2.25791138e+02 2.29144867e+02
    1.47957184e+02 1.57433243e+02 9.76661835e+01 1.11537621e+02
    1.81745102e+02 7.81794815e+01 2.30667709e+02 2.55771912e+02
    2.05322037e+01 1.79961639e+02 3.25465469e+01 2.32219650e+02
    2.22060226e+02 2.44301941e+02 2.15859879e+02 1.12626129e+02
    6.33923798e+01 7.09258728e+01 9.63656464e+01 1.23851219e+02
    3.31040192e+00 6.72169189e+01 1.92124146e+02 2.36468887e+02
    7.99986572e+01 9.38071289e+01 2.45361725e+02 1.69159698e+02
    6.44036865e+01 2.34161926e+02 1.97370468e+02 2.21690887e+02
    3.74804459e+01 5.37121582e+01 2.38319031e+02 1.90191681e+02
    1.07750626e+02 1.81869781e+02 2.21072083e+02 2.46142883e+02
    1.80495285e+02 1.20718346e+02 1.65312241e+02 2.92858582e+01
    1.73772491e+02 2.43338226e+02 2.28833084e+01 3.95663528e+01
    1.25847809e+02 2.06695038e+02 1.48018860e+02 1.74160645e+02
    2.19383026e+02 1.59510956e+01 3.60541382e+01 2.36458969e+02</data></grad>
<my_hist type_id="opencv-matrix">
  <rows>100</rows>
  <cols>1</cols>
  <dt>f</dt>
  <data>
    1. 1. 2. 0. 0. 0. 2. 0. 2. 1. 0. 1. 3. 0. 2. 1. 0. 1. 1. 0. 1. 1. 0.
    0. 1. 1. 1. 1. 1. 1. 1. 1. 0. 2. 2. 0. 2. 4. 1. 0. 0. 0. 1. 2. 2. 0.
    1. 1. 1. 1. 1. 0. 0. 0. 0. 1. 0. 3. 0. 0. 0. 1. 0. 0. 1. 0. 1. 1. 2.
    0. 3. 2. 0. 0. 2. 1. 3. 1. 0. 0. 1. 1. 0. 0. 3. 1. 3. 0. 2. 3. 3. 1.
    2. 1. 0. 3. 2. 1. 0. 1.</data></my_hist>
<your_hist type_id="opencv-matrix">
  <rows>100</rows>
  <cols>1</cols>
  <dt>f</dt>
  <data>
    9.99999978e-03 9.99999978e-03 1.99999996e-02 0. 0. 0. 1.99999996e-02
    9.99999978e-03 9.99999978e-03 9.99999978e-03 0. 9.99999978e-03
    2.99999993e-02 9.99999978e-03 9.99999978e-03 9.99999978e-03 0.
    1.99999996e-02 0. 0. 1.99999996e-02 0. 0. 0. 1.99999996e-02 0.
    9.99999978e-03 1.99999996e-02 0. 9.99999978e-03 1.99999996e-02 0.
    9.99999978e-03 9.99999978e-03 1.99999996e-02 9.99999978e-03
    3.99999991e-02 1.99999996e-02 0. 0. 0. 9.99999978e-03 0.
    3.99999991e-02 0. 0. 1.99999996e-02 9.99999978e-03 9.99999978e-03 0.
    9.99999978e-03 0. 0. 0. 9.99999978e-03 0. 0. 2.99999993e-02 0. 0.
    9.99999978e-03 0. 0. 9.99999978e-03 0. 9.99999978e-03 0.
    2.99999993e-02 0. 1.99999996e-02 2.99999993e-02 0. 0. 1.99999996e-02
    9.99999978e-03 2.99999993e-02 9.99999978e-03 0. 0. 0. 1.99999996e-02
    0. 0. 2.99999993e-02 9.99999978e-03 2.99999993e-02 0. 1.99999996e-02
    2.99999993e-02 2.99999993e-02 9.99999978e-03 1.99999996e-02
    9.99999978e-03 0. 2.99999993e-02 1.99999996e-02 9.99999978e-03 0.
    9.99999978e-03 9.99999978e-03</data></your_hist>
<my_max_grad>2.5577191162109375e+02</my_max_grad>
<your_max_grad>2.5577191162109375e+02</your_max_grad>
</opencv_storage>
