<?xml version="1.0"?>
<opencv_storage>
<grad type_id="opencv-matrix">
  <rows>10</rows>
  <cols>10</cols>
  <dt>f</dt>
  <data>
    6.35823593e+01 2.33969788e+02 2.21927261e+02 6.17160263e+01
    2.28266541e+02 9.70966110e+01 7.37779160e+01 7.55467987e+01
    1.69745026e+02 1.56935211e+02 2.03785370e+02 2.19242004e+02
    1.91538040e+02 6.53692322e+01 2.49546600e+02 1.47445206e+02
    2.43430328e+02 1.67518265e+02 1.70201782e+02 8.83655853e+01
    1.85349731e+01 1.91656662e+02 5.02764740e+01 5.87941437e+01
    2.42997437e+02 1.34163742e+02 9.51352158e+01 2.89658966e+01
    1.44758942e+02 1.09524513e+02 2.55421631e+02 2.31563080e+02
    5.51462326e+01 1.92241608e+02 6.88079224e+01 1.81711288e+02
    7.41623688e+00 1.15710854e+02 1.10787460e+02 1.45075790e+02
    2.05307632e+02 1.05920227e+02 9.29750366e+01 3.02583618e+01
    8.99118500e+01 1.21281693e+02 8.47057266e+01 1.24968376e+02
    3.04017029e+01 6.67679596e+01 2.55013214e+02 2.37595337e+02
    1.64748016e+02 1.12551750e+02 1.19894653e+02 2.55336197e+02
    3.13430557e+01 1.86966766e+02 3.12280731e+01 1.26136795e+02
    5.06598511e+01 4.54103394e+01 1.19659721e+02 2.22514343e+00
    2.00374985e+01 2.14642426e+02 1.37042679e+02 2.26030701e+02
    2.48713287e+02 1.34454117e+02 2.28476974e+02 1.03897972e+02
    3.10232544e+01 2.24620667e+02 3.99597473e+01 8.86135864e+00
    1.14236534e+02 7.54273987e+01 1.41071304e+02 9.78308868e+01
    1.91446899e+02 1.87355591e+02 1.91478821e+02 2.01219635e+02
    9.63343430e+01 1.91956406e+01 6.21790848e+01 1.83910370e+01
    5.99249954e+01 2.11831512e+01 2.49175018e+02 1.32042877e+02
    6.31298065e+01 2.37159454e+02 2.44147339e+02 1.82435547e+02
    1.51544495e+02 5.98449402e+01 9.66638336e+01 2.13821594e+02</data></grad>
<my_hist type_id="opencv-matrix">
  <rows>91</rows>
  <cols>1</cols>
  <dt>f</dt>
  <data>
    1. 0. 1. 1. 0. 0. 3. 2. 0. 0. 3. 3. 0. 0. 1. 0. 1. 1. 1. 1. 1. 3. 3.
    2. 1. 0. 3. 0. 0. 0. 1. 1. 1. 2. 4. 0. 0. 2. 0. 2. 2. 1. 2. 1. 2. 0.
    0. 3. 1. 0. 1. 2. 1. 1. 0. 1. 0. 0. 1. 1. 2. 0. 0. 0. 2. 0. 2. 0. 5.
    0. 0. 1. 1. 1. 0. 0. 2. 0. 1. 1. 2. 2. 1. 1. 2. 0. 3. 0. 3. 0. 2.</data></my_hist>
<your_hist type_id="opencv-matrix">
  <rows>91</rows>
  <cols>1</cols>
  <dt>f</dt>
  <data>
    1. 0. 1. 1. 0. 0. 3. 2. 0. 0. 4. 2. 0. 0. 1. 0. 1. 2. 0. 1. 1. 4. 2.
    2. 1. 1. 2. 0. 0. 1. 0. 2. 1. 2. 3. 0. 1. 1. 1. 2. 2. 0. 3. 0. 2. 0.
    1. 2. 1. 1. 0. 3. 0. 1. 0. 1. 0. 0. 1. 3. 0. 0. 0. 0. 2. 1. 1. 5. 0.
    0. 1. 1. 1. 0. 0. 2. 0. 1. 1. 2. 2. 1. 1. 2. 0. 2. 1. 3. 0. 2. 1.</data></your_hist>
<my_max_grad>2.5542163085937500e+02</my_max_grad>
<your_max_grad>2.5542163085937500e+02</your_max_grad>
</opencv_storage>
