<?xml version="1.0"?>
<opencv_storage>
<grad type_id="opencv-matrix">
  <rows>10</rows>
  <cols>10</cols>
  <dt>f</dt>
  <data>
    2.44883575e+02 1.21146591e+02 1.36026535e+02 2.34666504e+02
    2.00039062e+02 1.96170380e+02 2.33036499e+02 1.11197136e+02
    8.90543213e+01 2.14439850e+01 7.94954987e+01 1.29829636e+01
    2.27313202e+02 2.02203583e+02 1.72800903e+02 1.47279617e+02
    1.92144547e+01 4.82218094e+01 6.18406296e+01 1.61469604e+02
    8.04057007e+01 2.12401062e+02 1.66202271e+02 1.11031067e+02
    2.28790604e+02 9.64999847e+01 9.19793701e+01 2.32367004e+02
    8.60612640e+01 1.45604858e+01 9.41752014e+01 1.82129089e+02
    8.74825363e+01 1.85253983e+02 1.44743729e+02 1.88006470e+02
    1.04744698e+02 1.54388962e+02 2.25654160e+02 5.59608307e+01
    7.72273254e+00 4.07122803e+01 1.21413734e+02 2.49801544e+02
    8.13529205e+01 1.65441956e+02 1.72562363e+02 2.07698883e+02
    2.12123535e+02 1.30881348e+02 1.74957947e+02 5.68611374e+01
    1.24227104e+02 3.85820389e+01 1.19254517e+02 1.57942688e+02
    3.11527786e+01 8.54558868e+01 2.39202820e+02 4.43144073e+01
    2.47023697e+02 1.00583191e+02 1.27985268e+02 1.32074509e+02
    7.30320358e+01 1.59255142e+01 2.14903046e+02 2.20033585e+02
    6.36712952e+01 1.44102798e+02 2.39808685e+02 1.57955261e+02
    1.52951126e+01 3.16718674e+01 1.25739288e+00 9.04850006e+01
    2.00152496e+02 1.25994057e+02 1.96400879e+02 4.01374817e+00
    1.49538025e+02 1.80204758e+02 8.86637802e+01 1.21540298e+02
    2.26781891e+02 9.81757812e+01 5.46209717e+00 2.14994736e+02
    4.18061829e+01 1.15654388e+02 1.77799728e+02 1.93802567e+01
    1.35041656e+01 6.56575928e+01 2.17127151e+01 2.34691849e+02
    1.82379395e+02 7.16026001e+01 5.09213867e+01 8.80358582e+01</data></grad>
<my_hist type_id="opencv-matrix">
  <rows>108</rows>
  <cols>1</cols>
  <dt>f</dt>
  <data>
    1. 1. 1. 1. 0. 2. 3. 0. 2. 2. 0. 0. 0. 2. 0. 0. 1. 1. 1. 1. 1. 0. 1.
    0. 2. 0. 1. 1. 1. 0. 1. 1. 0. 0. 2. 1. 1. 2. 3. 2. 1. 1. 1. 1. 0. 1.
    0. 0. 2. 0. 1. 1. 3. 1. 1. 1. 1. 1. 1. 0. 0. 0. 2. 1. 1. 0. 1. 0. 2.
    1. 0. 2. 0. 0. 2. 1. 1. 1. 2. 0. 1. 1. 0. 0. 2. 0. 2. 1. 0. 1. 0. 2.
    2. 0. 0. 1. 0. 1. 3. 0. 2. 2. 0. 2. 0. 1. 1. 0.</data></my_hist>
<your_hist type_id="opencv-matrix">
  <rows>108</rows>
  <cols>1</cols>
  <dt>f</dt>
  <data>
    1. 1. 1. 1. 0. 2. 3. 0. 2. 2. 0. 0. 0. 2. 0. 0. 1. 2. 1. 0. 1. 1. 0.
    1. 1. 0. 1. 1. 1. 0. 1. 1. 0. 0. 3. 0. 2. 3. 2. 1. 1. 1. 1. 1. 1. 0.
    0. 2. 0. 1. 0. 2. 2. 2. 1. 0. 2. 0. 1. 0. 0. 2. 0. 1. 1. 0. 1. 2. 0.
    1. 1. 1. 0. 1. 2. 0. 1. 1. 2. 1. 1. 0. 0. 0. 2. 2. 1. 0. 1. 0. 2. 0.
    2. 0. 1. 0. 1. 2. 1. 2. 2. 0. 2. 0. 1. 1. 0. 1.</data></your_hist>
<my_max_grad>2.4980154418945312e+02</my_max_grad>
<your_max_grad>2.4980154418945312e+02</your_max_grad>
</opencv_storage>
