<?xml version="1.0"?>
<opencv_storage>
<grad type_id="opencv-matrix">
  <rows>10</rows>
  <cols>10</cols>
  <dt>f</dt>
  <data>
    1.12232361e+02 1.98115433e+02 2.41191818e+02 2.49113708e+02
    4.65409851e+00 2.44611481e+02 1.07831558e+02 1.47293976e+02
    5.70654144e+01 4.10465927e+01 5.81305237e+01 9.15490570e+01
    2.22661591e+01 7.32777863e+01 2.15821869e+02 1.00079193e+01
    1.94871964e+02 8.18675995e+01 1.71991547e+02 2.20594864e+01
    2.23882080e+02 1.60442703e+02 1.92754150e+02 9.10661774e+01
    1.04186256e+02 1.14829926e+02 1.69161072e+01 2.39314041e+02
    4.86227493e+01 1.68667938e+02 1.69780655e+02 4.74276810e+01
    2.33972244e+02 6.53457642e-01 1.65374878e+02 2.12918762e+02
    2.83469696e+01 1.38235397e+01 2.09015701e+02 8.94771118e+01
    2.17199310e+02 6.60529022e+01 1.58932831e+02 2.49720032e+02
    1.29511307e+02 6.88191452e+01 5.65538483e+01 1.14774879e+02
    2.13102173e+02 1.09629005e+02 1.75212097e+00 2.51946075e+02
    1.19514175e+02 8.81104889e+01 9.94020081e+01 4.18867264e+01
    4.56768570e+01 2.69309158e+01 1.70395782e+02 2.04871094e+02
    1.61051300e+02 4.18339920e+01 2.93073425e+01 3.64432602e+01
    2.01671844e+02 5.27776566e+01 1.77130798e+02 1.76231964e+02
    1.18131561e+01 1.95988922e+01 1.37025009e+02 2.38345428e+02
    1.99810638e+02 1.81398514e+02 1.22708023e+02 2.50608582e+02
    1.36081696e+01 2.14893036e+02 9.93916016e+01 1.22423477e+01
    2.53785080e+02 3.03716278e+00 1.04643616e+02 2.26540039e+02
    2.38813019e+02 1.30607635e+02 3.97129898e+01 8.24677505e+01
    1.78243576e+02 2.58267441e+01 1.79366913e+02 1.27496384e+02
    4.87698822e+01 2.42828644e+02 1.23556168e+02 1.44534454e+01
    1.98240906e+02 6.75881958e+01 1.62354691e+02 2.23546967e+02</data></grad>
<my_hist type_id="opencv-matrix">
  <rows>96</rows>
  <cols>1</cols>
  <dt>f</dt>
  <data>
    2. 2. 0. 1. 2. 3. 1. 1. 2. 1. 2. 1. 0. 1. 0. 4. 0. 2. 2. 1. 0. 3. 0.
    0. 1. 1. 1. 1. 0. 0. 1. 1. 0. 2. 2. 0. 0. 2. 0. 2. 1. 1. 1. 2. 0. 1.
    2. 0. 2. 1. 0. 1. 0. 0. 0. 1. 0. 0. 0. 0. 3. 1. 1. 1. 2. 1. 1. 3. 1.
    0. 0. 0. 1. 1. 2. 1. 1. 1. 0. 1. 2. 2. 1. 0. 2. 1. 0. 0. 1. 0. 3. 2.
    1. 0. 3. 1.</data></my_hist>
<your_hist type_id="opencv-matrix">
  <rows>96</rows>
  <cols>1</cols>
  <dt>f</dt>
  <data>
    2. 2. 0. 1. 2. 3. 1. 1. 2. 1. 3. 0. 0. 1. 1. 3. 0. 2. 2. 1. 0. 3. 0.
    0. 1. 2. 0. 1. 0. 0. 2. 0. 1. 1. 2. 0. 0. 2. 0. 2. 1. 1. 3. 0. 1. 1.
    1. 1. 2. 0. 0. 1. 0. 0. 0. 1. 0. 0. 0. 1. 3. 1. 0. 3. 1. 1. 2. 2. 0.
    0. 0. 0. 2. 0. 3. 1. 1. 0. 1. 2. 2. 1. 0. 2. 1. 0. 0. 1. 0. 3. 2. 1.
    0. 3. 1. 1.</data></your_hist>
<my_max_grad>2.5378507995605469e+02</my_max_grad>
<your_max_grad>2.5378507995605469e+02</your_max_grad>
</opencv_storage>
