<?xml version="1.0"?>
<opencv_storage>
<grad type_id="opencv-matrix">
  <rows>10</rows>
  <cols>10</cols>
  <dt>f</dt>
  <data>
    1.77280106e+02 1.79836334e+02 4.63192825e+01 1.22280426e+01
    2.31489136e+02 1.18727379e+02 1.26722641e+02 1.51009262e+02
    7.52982025e+01 1.72034821e+02 4.55989532e+01 2.19245224e+01
    2.01067856e+02 1.36591949e+02 2.27237640e+02 2.54247101e+02
    1.32081711e+02 1.31576904e+02 1.52238434e+02 2.28090775e+02
    8.14876480e+01 2.41873032e+02 1.56167068e+01 6.42443085e+00
    9.81962814e+01 2.54459351e+02 1.01013733e+02 2.50738861e+02
    2.00172058e+02 1.27440674e+02 9.81453857e+01 1.60919220e+02
    2.22747803e+00 2.08543945e+02 3.41579437e+00 1.71626633e+02
    4.13385773e+01 2.39390564e+00 1.91683945e+02 1.71835785e+02
    2.19597595e+02 1.77196060e+02 1.77019501e+02 9.57461090e+01
    2.45916397e+02 2.54855072e+02 8.72107849e+01 3.21886368e+01
    1.87481522e+02 1.29540985e+02 5.82941971e+01 7.55336151e+01
    1.80225754e+02 1.03693764e+02 2.55373016e+02 2.20574844e+02
    1.21768196e+02 1.02228973e+02 5.00628662e+00 1.79486603e+02
    5.33916702e+01 2.37625092e+02 4.98405228e+01 2.38820435e+02
    2.55789948e+02 1.54231384e+02 7.31430511e+01 1.83774384e+02
    1.31363281e+02 2.30659241e+02 6.68150635e+01 4.34701004e+01
    3.45025177e+01 3.94642639e+01 2.99377975e+01 1.17944611e+02
    1.84639603e+02 2.38439484e+02 2.44297165e+02 1.73594910e+02
    5.27499390e+00 2.38295944e+02 4.50751190e+01 1.08256706e+02
    1.51835129e+02 8.34990234e+01 4.37352982e+01 9.22383270e+01
    2.23469406e+02 7.67481537e+01 6.18660126e+01 1.61021606e+02
    1.42503967e+01 2.18789551e+02 6.76973190e+01 1.79681564e+02
    5.57617950e+01 1.80524353e+02 1.50854401e+02 3.35799026e+01</data></grad>
<my_hist type_id="opencv-matrix">
  <rows>91</rows>
  <cols>1</cols>
  <dt>f</dt>
  <data>
    2. 3. 1. 0. 1. 2. 0. 1. 0. 0. 1. 2. 1. 0. 2. 2. 3. 1. 1. 1. 1. 0. 1.
    1. 1. 0. 3. 1. 1. 1. 0. 1. 1. 0. 3. 1. 2. 0. 1. 0. 0. 1. 1. 1. 0. 2.
    4. 0. 1. 0. 0. 0. 0. 2. 3. 0. 0. 2. 0. 0. 0. 4. 1. 5. 2. 2. 1. 0. 1.
    0. 0. 2. 0. 0. 1. 0. 0. 1. 2. 1. 1. 1. 2. 0. 4. 0. 2. 1. 0. 1. 4.</data></my_hist>
<your_hist type_id="opencv-matrix">
  <rows>91</rows>
  <cols>1</cols>
  <dt>f</dt>
  <data>
    1.99999996e-02 2.99999993e-02 9.99999978e-03 0. 9.99999978e-03
    1.99999996e-02 0. 9.99999978e-03 0. 0. 9.99999978e-03 1.99999996e-02
    9.99999978e-03 9.99999978e-03 9.99999978e-03 2.99999993e-02
    1.99999996e-02 9.99999978e-03 9.99999978e-03 9.99999978e-03
    9.99999978e-03 9.99999978e-03 0. 1.99999996e-02 0. 9.99999978e-03
    1.99999996e-02 9.99999978e-03 9.99999978e-03 9.99999978e-03
    9.99999978e-03 0. 9.99999978e-03 9.99999978e-03 1.99999996e-02
    1.99999996e-02 9.99999978e-03 0. 9.99999978e-03 0. 0. 1.99999996e-02
    9.99999978e-03 0. 1.99999996e-02 9.99999978e-03 2.99999993e-02 0.
    9.99999978e-03 0. 0. 0. 0. 3.99999991e-02 9.99999978e-03 0.
    1.99999996e-02 0. 0. 0. 2.99999993e-02 9.99999978e-03 2.99999993e-02
    4.99999970e-02 1.99999996e-02 9.99999978e-03 0. 9.99999978e-03 0. 0.
    1.99999996e-02 0. 0. 9.99999978e-03 0. 0. 9.99999978e-03
    1.99999996e-02 9.99999978e-03 9.99999978e-03 9.99999978e-03
    1.99999996e-02 0. 2.99999993e-02 9.99999978e-03 1.99999996e-02
    9.99999978e-03 0. 9.99999978e-03 3.99999991e-02 9.99999978e-03</data></your_hist>
<my_max_grad>2.5578994750976562e+02</my_max_grad>
<your_max_grad>2.5578994750976562e+02</your_max_grad>
</opencv_storage>
