<?xml version="1.0"?>
<opencv_storage>
<grad type_id="opencv-matrix">
  <rows>10</rows>
  <cols>10</cols>
  <dt>f</dt>
  <data>
    2.47769058e+02 1.53260315e+02 2.43157562e+02 3.27584229e+01
    2.91418152e+01 2.00825409e+02 1.32695892e+02 9.86176987e+01
    1.72757599e+02 1.31325989e+02 1.12520004e+02 2.73288574e+01
    1.62649719e+02 1.92617493e+01 7.83956146e+00 1.83447769e+02
    1.65085129e+02 1.77543900e+02 1.94450378e+00 2.43879028e+02
    1.77407822e+02 1.90042114e+02 1.27334579e+02 2.53595917e+02
    1.89180054e+02 4.86443863e+01 2.39835419e+02 6.91110229e+01
    1.42353317e+02 1.62203781e+02 1.73337769e+02 1.49902557e+02
    9.83963547e+01 8.11058426e+01 3.18306656e+01 8.20933990e+01
    2.30371933e+02 2.20815857e+02 1.93271973e+02 1.79428894e+02
    1.38142578e+02 9.48370590e+01 2.06348709e+02 6.92883606e+01
    2.17738281e+02 4.54859619e+01 1.36536865e+02 1.21172142e+02
    1.72601166e+02 1.23926888e+02 2.07532547e+02 1.99131836e+02
    3.94639969e+01 1.66159637e+02 7.75178833e+01 1.55949310e+02
    1.58011841e+02 1.73808823e+02 2.52135712e+02 1.05902290e+02
    8.46977310e+01 1.44153580e+02 1.12316368e+02 1.36351715e+02
    2.28900787e+02 5.50430832e+01 1.53133331e+02 3.54467697e+01
    1.59014389e+02 1.78794342e+02 2.24203537e+02 7.13768005e-01
    2.92360840e+01 1.63955765e+02 1.23496796e+02 2.19754486e+01
    1.56880844e+02 8.94896164e+01 6.71732407e+01 1.32699265e+02
    5.23883896e+01 1.06743439e+02 3.42420120e+01 1.02992645e+02
    2.45518036e+01 2.08454468e+02 9.14011765e+01 1.37717422e+02
    1.61152664e+02 1.45698746e+02 1.97719742e+02 6.36427307e+00
    1.42255234e+02 2.10129639e+02 3.55947342e+01 1.19994911e+02
    1.21309166e+02 1.89465057e+02 3.88225403e+01 1.25451454e+02</data></grad>
<my_hist type_id="opencv-matrix">
  <rows>93</rows>
  <cols>1</cols>
  <dt>f</dt>
  <data>
    2. 0. 2. 0. 0. 0. 0. 1. 1. 1. 3. 1. 3. 1. 2. 0. 1. 1. 0. 1. 1. 0. 0.
    0. 1. 2. 0. 0. 1. 1. 1. 1. 1. 1. 1. 0. 2. 1. 1. 1. 0. 2. 0. 0. 3. 2.
    2. 0. 3. 0. 4. 0. 3. 1. 1. 0. 2. 3. 1. 3. 3. 0. 0. 4. 0. 4. 0. 1. 0.
    3. 1. 0. 1. 2. 0. 1. 2. 1. 0. 1. 1. 0. 1. 1. 1. 0. 0. 1. 0. 2. 1. 0.
    1.</data></my_hist>
<your_hist type_id="opencv-matrix">
  <rows>93</rows>
  <cols>1</cols>
  <dt>f</dt>
  <data>
    2. 0. 2. 0. 0. 0. 1. 1. 1. 1. 2. 2. 3. 0. 2. 0. 1. 1. 0. 2. 0. 0. 0.
    0. 1. 2. 0. 0. 1. 2. 1. 0. 1. 1. 1. 2. 0. 1. 2. 0. 2. 0. 0. 2. 3. 1.
    1. 1. 2. 3. 1. 2. 2. 0. 1. 2. 2. 2. 2. 3. 1. 0. 3. 1. 3. 1. 1. 0. 3.
    0. 1. 1. 2. 0. 1. 2. 1. 0. 1. 0. 1. 1. 0. 2. 0. 0. 0. 1. 2. 1. 0. 1.
    1.</data></your_hist>
<my_max_grad>2.5359591674804688e+02</my_max_grad>
<your_max_grad>2.5359591674804688e+02</your_max_grad>
</opencv_storage>
