<?xml version="1.0"?>
<opencv_storage>
<grad type_id="opencv-matrix">
  <rows>10</rows>
  <cols>10</cols>
  <dt>f</dt>
  <data>
    2.47976761e+01 2.41574829e+02 1.23167236e+02 1.16321976e+02
    1.77933289e+02 5.47214355e+01 2.13811508e+02 1.34137741e+02
    1.73051682e+02 1.72753052e+02 9.47341003e+01 1.77218628e+01
    4.83076248e+01 9.92919922e+00 1.09695404e+02 2.90649872e+01
    1.76572174e+02 5.32660522e+01 4.52752609e+01 1.26061768e+02
    1.36845154e+02 9.99983215e+01 5.50708008e+00 2.55183624e+02
    2.19682495e+02 1.12588272e+01 2.49358154e+02 4.55118027e+01
    9.38179092e+01 4.77902451e+01 3.86160202e+01 2.05790649e+02
    1.02895370e+02 2.86677475e+01 1.09425369e+02 1.35869827e+02
    3.03806686e+01 2.50366180e+02 1.57609344e+02 1.89542862e+02
    4.07857819e+01 1.08001160e+02 2.54220398e+02 1.62079697e+02
    1.08675583e+02 4.23369446e+01 2.36001862e+02 3.02620087e+01
    1.02833130e+02 1.73844147e+02 2.62446899e+01 1.65524338e+02
    1.18329910e+02 2.45781387e+02 5.40416260e+01 2.50227509e+02
    3.47068634e+01 7.38168869e+01 1.05192429e+02 3.16355515e+01
    1.35716904e+02 7.66534576e+01 8.50102386e+01 1.26685562e+02
    1.60940948e+02 1.64277588e+02 1.86994476e+02 2.03340851e+02
    1.20796501e+02 7.61263657e+01 8.06659698e+01 7.66297302e+01
    1.71995041e+02 2.25099182e+00 5.25282516e+01 1.35983948e+02
    7.40152283e+01 1.12411621e+02 7.96788788e+00 1.24698578e+02
    1.58336807e+02 4.22191772e+01 1.56247894e+02 1.11566048e+02
    7.97222443e+01 1.16450424e+01 6.92127991e+01 1.24934647e+02
    1.55347336e+02 9.79405289e+01 8.46833572e+01 1.43942642e+02
    1.58128052e+01 4.47121048e+01 1.23033455e+02 2.13197311e+02
    1.56569519e+02 1.26621681e+02 1.62985596e+02 2.33019150e+02</data></grad>
<my_hist type_id="opencv-matrix">
  <rows>93</rows>
  <cols>1</cols>
  <dt>f</dt>
  <data>
    1. 0. 2. 1. 2. 1. 1. 0. 0. 2. 2. 3. 1. 0. 2. 2. 3. 2. 0. 4. 0. 0. 0.
    0. 0. 1. 2. 3. 0. 2. 2. 0. 0. 0. 2. 1. 1. 2. 1. 4. 2. 0. 1. 1. 3. 3.
    2. 0. 1. 4. 0. 0. 1. 0. 0. 0. 2. 3. 1. 3. 1. 0. 2. 2. 2. 0. 0. 0. 1.
    1. 0. 0. 0. 0. 2. 0. 0. 2. 0. 0. 1. 0. 0. 0. 1. 0. 1. 0. 1. 1. 1. 2.
    1.</data></my_hist>
<your_hist type_id="opencv-matrix">
  <rows>93</rows>
  <cols>1</cols>
  <dt>f</dt>
  <data>
    1. 1. 1. 1. 2. 1. 1. 0. 1. 1. 4. 1. 1. 1. 1. 2. 3. 2. 1. 3. 0. 0. 0.
    0. 1. 0. 2. 3. 1. 1. 2. 0. 0. 1. 1. 1. 1. 3. 1. 3. 2. 1. 1. 1. 3. 4.
    0. 0. 3. 2. 0. 1. 0. 0. 0. 0. 4. 1. 3. 2. 0. 0. 4. 1. 1. 0. 0. 1. 1.
    0. 0. 0. 0. 1. 1. 0. 1. 1. 0. 1. 0. 0. 0. 0. 1. 1. 0. 1. 1. 1. 2. 1.
    1.</data></your_hist>
<my_max_grad>2.5518362426757812e+02</my_max_grad>
<your_max_grad>2.5518362426757812e+02</your_max_grad>
</opencv_storage>
