<?xml version="1.0"?>
<opencv_storage>
<grad type_id="opencv-matrix">
  <rows>10</rows>
  <cols>10</cols>
  <dt>f</dt>
  <data>
    1.67614395e+02 6.52365265e+01 3.41349258e+01 4.05565720e+01
    1.34155899e+02 2.01575043e+02 1.64500290e+02 1.43630463e+02
    3.38574982e+01 1.91013916e+02 2.07632324e+02 1.86670715e+02
    7.87268066e+00 1.82973663e+02 1.86445160e+01 1.62509583e+02
    5.54735794e+01 1.77106384e+02 2.53334778e+02 3.67570114e+01
    8.80494843e+01 3.87812881e+01 1.88110825e+02 8.88808136e+01
    4.95328064e+01 5.05145874e+01 2.10630951e+01 2.54925552e+02
    1.91566071e+02 2.24455124e+02 8.19851456e+01 2.46910156e+02
    2.13631973e+02 2.38236359e+02 5.66647568e+01 1.13507248e+02
    4.35409775e+01 1.81227722e+02 1.14432648e+02 2.83364258e+01
    6.42025146e+01 7.45387650e+01 4.17670441e+01 6.85837250e+01
    1.74856995e+02 2.20832642e+02 1.47891281e+02 1.06639763e+02
    6.00126877e+01 2.35412659e+02 1.50260391e+02 5.22821350e+01
    1.66493912e+02 1.00461029e+02 2.07097427e+02 4.26969223e+01
    2.35228806e+01 2.01465561e+02 1.92356750e+02 9.50369873e+01
    1.12088165e+02 2.52673294e+02 1.37170410e+00 1.40245010e+02
    2.94077301e+00 7.22091522e+01 7.07059937e+01 6.63446045e+00
    1.21923386e+02 2.18771271e+02 1.11418938e+02 2.23905914e+02
    1.79004440e+02 3.89422684e+01 1.57498947e+02 1.94526489e+02
    7.95370483e+01 9.97315903e+01 7.77108383e+01 2.53415588e+02
    1.06005493e+02 2.59583893e+01 2.17815628e+02 2.40833618e+02
    2.19714798e+02 5.61382294e+00 8.39430771e+01 8.29015732e+01
    1.64453796e+02 2.31114899e+02 9.06290436e+00 6.03885422e+01
    2.55776291e+01 3.26199875e+01 2.28418671e+02 7.29410172e+01
    1.49674164e+02 1.56672470e+02 2.24332352e+01 1.51377686e+02</data></grad>
<my_hist type_id="opencv-matrix">
  <rows>96</rows>
  <cols>1</cols>
  <dt>f</dt>
  <data>
    1. 1. 3. 1. 0. 0. 0. 2. 2. 2. 1. 0. 3. 1. 2. 2. 2. 0. 1. 2. 1. 1. 2.
    0. 2. 1. 1. 2. 1. 2. 1. 2. 0. 2. 0. 1. 0. 2. 0. 1. 1. 1. 2. 1. 0. 1.
    0. 0. 0. 0. 1. 0. 1. 0. 1. 1. 2. 1. 1. 1. 0. 3. 1. 1. 0. 1. 1. 1. 2.
    0. 2. 1. 2. 1. 0. 2. 0. 1. 1. 0. 1. 0. 3. 1. 2. 0. 1. 1. 1. 1. 1. 0.
    1. 0. 0. 3.</data></my_hist>
<your_hist type_id="opencv-matrix">
  <rows>96</rows>
  <cols>1</cols>
  <dt>f</dt>
  <data>
    9.99999978e-03 9.99999978e-03 2.99999993e-02 9.99999978e-03 0. 0.
    9.99999978e-03 9.99999978e-03 1.99999996e-02 1.99999996e-02
    9.99999978e-03 0. 2.99999993e-02 9.99999978e-03 1.99999996e-02
    2.99999993e-02 9.99999978e-03 0. 1.99999996e-02 9.99999978e-03
    9.99999978e-03 9.99999978e-03 1.99999996e-02 9.99999978e-03
    9.99999978e-03 9.99999978e-03 1.99999996e-02 1.99999996e-02
    9.99999978e-03 9.99999978e-03 1.99999996e-02 9.99999978e-03
    9.99999978e-03 9.99999978e-03 0. 9.99999978e-03 0. 1.99999996e-02 0.
    1.99999996e-02 0. 1.99999996e-02 1.99999996e-02 0. 0. 9.99999978e-03
    0. 0. 0. 9.99999978e-03 0. 0. 9.99999978e-03 9.99999978e-03 0.
    2.99999993e-02 9.99999978e-03 0. 1.99999996e-02 0. 9.99999978e-03
    1.99999996e-02 1.99999996e-02 0. 0. 9.99999978e-03 1.99999996e-02
    9.99999978e-03 9.99999978e-03 9.99999978e-03 9.99999978e-03
    2.99999993e-02 9.99999978e-03 0. 0. 1.99999996e-02 0. 1.99999996e-02
    0. 9.99999978e-03 0. 2.99999993e-02 9.99999978e-03 1.99999996e-02 0.
    9.99999978e-03 9.99999978e-03 9.99999978e-03 9.99999978e-03
    9.99999978e-03 0. 0. 9.99999978e-03 0. 2.99999993e-02 9.99999978e-03</data></your_hist>
<my_max_grad>2.5492555236816406e+02</my_max_grad>
<your_max_grad>2.5492555236816406e+02</your_max_grad>
</opencv_storage>
