<?xml version="1.0"?>
<opencv_storage>
<grad type_id="opencv-matrix">
  <rows>10</rows>
  <cols>10</cols>
  <dt>f</dt>
  <data>
    4.27283249e+01 2.50897446e+01 1.90889282e+02 4.87449570e+01
    5.42277374e+01 5.33228073e+01 6.52282333e+01 8.66356354e+01
    4.15332489e+01 8.44991837e+01 1.23763969e+02 2.04131348e+02
    1.66882492e+02 1.53128815e+02 3.73500900e+01 2.16211761e+02
    9.52282944e+01 1.69682465e+02 3.64775543e+01 1.76437836e+02
    2.37486786e+02 2.02750305e+02 2.26475708e+02 1.87149750e+02
    1.92228256e+02 2.99854507e+01 1.79720886e+02 2.16951584e+02
    1.71549835e+01 1.47643005e+02 1.04547684e+02 1.35239944e+02
    2.40875259e+02 1.87005005e+01 1.89622208e+02 1.31261765e+02
    1.15516243e+02 1.95869247e+02 6.69551697e+01 1.63585388e+02
    6.16289291e+01 2.11468155e+02 1.04829361e+02 1.88949646e+02
    3.86286469e+01 1.75768265e+02 1.45491913e+02 2.00358017e+02
    2.23619614e+02 2.35175476e+02 1.35667725e+02 2.27552292e+02
    1.66334305e+01 2.10244064e+01 1.48277893e+02 2.04994949e+02
    1.37523178e+02 8.22059326e+01 1.99308136e+02 1.46203659e+02
    1.36004929e+02 1.49840302e+02 1.13404236e+01 1.28982956e+02
    2.49681915e+02 1.08461716e+02 1.25431183e+02 1.96234924e+02
    2.47743256e+02 1.94120239e+02 1.52474594e+02 7.07406006e+01
    4.43488312e+01 7.36444321e+01 1.98103394e+02 4.14174652e+01
    8.95451965e+01 2.30849762e+01 2.28253677e+02 5.89022827e+01
    2.42569122e+02 1.59015656e+02 4.75167542e+01 1.69517731e+02
    1.17203003e+02 1.00949135e+02 2.04956635e+02 2.36375763e+02
    2.29261368e+02 8.30031128e+01 2.48905884e+02 1.65458008e+02
    2.32013794e+02 9.98062744e+01 9.20783997e+01 1.24441833e+02
    3.35261536e+01 9.13707123e+01 1.21034935e+02 2.27293732e+02</data></grad>
<my_hist type_id="opencv-matrix">
  <rows>94</rows>
  <cols>1</cols>
  <dt>f</dt>
  <data>
    0. 0. 0. 0. 1. 0. 2. 2. 1. 1. 0. 1. 1. 1. 2. 2. 2. 1. 1. 0. 2. 0. 1.
    1. 1. 1. 1. 1. 0. 0. 1. 2. 1. 1. 2. 1. 0. 1. 1. 2. 1. 0. 0. 1. 1. 1.
    2. 1. 1. 1. 1. 3. 0. 0. 1. 3. 1. 2. 0. 1. 0. 1. 2. 2. 0. 0. 2. 1. 0.
    0. 1. 3. 1. 3. 1. 2. 2. 2. 0. 1. 0. 2. 0. 0. 1. 4. 1. 1. 2. 1. 1. 1.
    0. 2.</data></my_hist>
<your_hist type_id="opencv-matrix">
  <rows>94</rows>
  <cols>1</cols>
  <dt>f</dt>
  <data>
    0. 0. 0. 0. 9.99999978e-03 0. 2.99999993e-02 9.99999978e-03
    9.99999978e-03 9.99999978e-03 0. 9.99999978e-03 9.99999978e-03
    1.99999996e-02 9.99999978e-03 2.99999993e-02 9.99999978e-03
    9.99999978e-03 9.99999978e-03 9.99999978e-03 9.99999978e-03
    9.99999978e-03 9.99999978e-03 0. 1.99999996e-02 0. 9.99999978e-03
    9.99999978e-03 0. 0. 1.99999996e-02 9.99999978e-03 9.99999978e-03
    9.99999978e-03 1.99999996e-02 9.99999978e-03 0. 1.99999996e-02
    9.99999978e-03 9.99999978e-03 9.99999978e-03 0. 0. 1.99999996e-02 0.
    9.99999978e-03 2.99999993e-02 0. 1.99999996e-02 0. 2.99999993e-02
    9.99999978e-03 0. 0. 2.99999993e-02 1.99999996e-02 9.99999978e-03
    9.99999978e-03 0. 9.99999978e-03 9.99999978e-03 9.99999978e-03
    9.99999978e-03 1.99999996e-02 0. 1.99999996e-02 9.99999978e-03 0. 0.
    9.99999978e-03 1.99999996e-02 1.99999996e-02 1.99999996e-02
    1.99999996e-02 1.99999996e-02 9.99999978e-03 2.99999993e-02 0.
    9.99999978e-03 0. 1.99999996e-02 0. 0. 9.99999978e-03 2.99999993e-02
    1.99999996e-02 9.99999978e-03 9.99999978e-03 1.99999996e-02
    9.99999978e-03 9.99999978e-03 0. 1.99999996e-02 9.99999978e-03</data></your_hist>
<my_max_grad>2.4968191528320312e+02</my_max_grad>
<your_max_grad>2.4968191528320312e+02</your_max_grad>
</opencv_storage>
