<?xml version="1.0"?>
<opencv_storage>
<grad type_id="opencv-matrix">
  <rows>10</rows>
  <cols>10</cols>
  <dt>f</dt>
  <data>
    3.91261444e+01 2.19750519e+01 9.47972260e+01 2.15338501e+02
    1.17471123e+02 2.47010895e+02 2.86247940e+01 2.16124268e+02
    6.94359131e+01 7.42813416e+01 2.39047623e+02 4.21434174e+01
    2.51231903e+02 1.36528946e+02 2.30347122e+02 1.80740265e+02
    5.77528839e+01 8.63800964e+01 1.03092796e+02 1.07088631e+02
    1.73308685e+02 3.43589706e+01 3.12064133e+01 1.92868347e+01
    2.14412354e+02 2.09331055e+02 1.22958168e+02 1.59416931e+02
    2.30605316e+00 1.65607605e+01 1.34586182e+02 7.05743027e+01
    1.87775879e+02 1.12747398e+02 1.58290054e+02 1.79788177e+02
    1.63356934e+02 6.40100250e+01 1.53535858e+02 1.67676895e+02
    2.18332352e+02 6.39199829e+01 2.38595932e+02 7.22532501e+01
    1.52179123e+02 3.36827164e+01 1.50556900e+02 6.78866196e+01
    4.37071762e+01 1.43520203e+01 3.98959351e+01 1.07787964e+02
    7.62860107e+00 1.01151382e+02 1.68767731e+02 7.46271973e+01
    4.89207916e+01 7.41174240e+01 3.62027817e+01 1.17671585e+02
    3.48173218e+01 1.51446930e+02 2.16873672e+02 8.33434448e+01
    6.74815140e+01 2.19700851e+02 5.26728668e+01 2.16894653e+02
    1.20868240e+02 1.82061157e+01 8.67329559e+01 2.08961273e+02
    1.38902008e+02 1.38213409e+02 2.39867279e+02 2.41715210e+02
    1.51361771e+02 1.32430496e+01 8.85478973e+01 1.96898056e+02
    5.69306641e+01 2.30791626e+02 9.91852417e+01 1.81878296e+02
    1.07173813e+02 1.52288239e+02 4.90995712e+01 2.50468155e+02
    4.06219406e+01 7.59034576e+01 3.72390137e+01 1.05777122e+02
    1.60069885e+02 1.54550751e+02 2.12719879e+01 4.15846100e+01
    1.48657684e+02 1.49987686e+02 6.63110962e+01 6.81784058e+00</data></grad>
<my_hist type_id="opencv-matrix">
  <rows>105</rows>
  <cols>1</cols>
  <dt>f</dt>
  <data>
    1. 0. 1. 1. 0. 2. 1. 1. 2. 1. 0. 1. 0. 1. 3. 2. 3. 2. 1. 0. 2. 0. 1.
    1. 1. 0. 2. 1. 2. 2. 2. 3. 0. 0. 1. 0. 2. 1. 0. 1. 0. 1. 1. 1. 3. 1.
    0. 1. 0. 2. 1. 1. 0. 0. 0. 0. 1. 2. 1. 0. 0. 0. 3. 4. 2. 0. 3. 0. 1.
    0. 2. 0. 1. 0. 0. 2. 1. 0. 1. 0. 0. 0. 1. 0. 0. 0. 0. 2. 0. 2. 3. 2.
    0. 0. 0. 0. 2. 0. 0. 2. 1. 1. 0. 1. 1.</data></my_hist>
<your_hist type_id="opencv-matrix">
  <rows>105</rows>
  <cols>1</cols>
  <dt>f</dt>
  <data>
    1. 0. 1. 1. 0. 2. 1. 2. 1. 1. 0. 1. 1. 1. 3. 1. 3. 2. 1. 0. 2. 1. 0.
    2. 0. 0. 2. 2. 2. 2. 3. 1. 0. 0. 1. 2. 1. 0. 0. 1. 0. 2. 1. 1. 3. 0.
    1. 0. 2. 0. 2. 0. 0. 0. 0. 1. 1. 2. 0. 0. 0. 1. 5. 3. 0. 2. 1. 1. 0.
    2. 0. 1. 0. 0. 2. 1. 0. 1. 0. 0. 0. 1. 0. 0. 0. 0. 2. 0. 1. 4. 2. 0.
    0. 0. 0. 2. 0. 0. 2. 1. 1. 0. 1. 1. 1.</data></your_hist>
<my_max_grad>2.5123190307617188e+02</my_max_grad>
<your_max_grad>2.5123190307617188e+02</your_max_grad>
</opencv_storage>
