<?xml version="1.0"?>
<opencv_storage>
<grad type_id="opencv-matrix">
  <rows>10</rows>
  <cols>10</cols>
  <dt>f</dt>
  <data>
    2.07636765e+02 7.02671204e+01 1.20481590e+02 9.19740295e+01
    1.01722198e+02 1.15856377e+02 2.29305573e+02 2.24715118e+01
    2.28349854e+02 2.33509827e+02 5.64476776e+00 2.57038269e+01
    1.88824371e+02 1.21218262e+01 2.29419800e+02 2.88932648e+01
    1.75736206e+02 1.96520569e+02 7.63716583e+01 4.78429108e+01
    5.29332962e+01 1.81971222e+02 3.34713821e+01 1.49716522e+02
    2.21244812e+01 4.87175293e+01 1.82597229e+02 9.78934021e+01
    1.33899612e+02 1.36979462e+02 1.30076874e+02 2.52260559e+02
    1.77735214e+02 2.46347717e+02 5.21204987e+01 1.58410721e+02
    5.83389359e+01 1.22175903e+01 1.33310379e+02 8.53347778e-01
    1.72825241e+02 1.51666565e+02 8.89160156e-01 1.69345810e+02
    1.93785278e+02 3.89908905e+01 1.62687225e+02 7.87958832e+01
    2.05834579e+01 4.18921814e+01 2.18850464e+02 2.45996307e+02
    1.76093201e+02 3.37574387e+01 2.37313217e+02 3.60232239e+01
    2.15202820e+02 1.36075104e+02 2.33563721e+02 2.25317566e+02
    1.30656906e+02 2.93105316e+00 2.34255493e+02 2.02378693e+02
    2.33573502e+02 1.30637634e+02 1.12049942e+01 1.84757080e+02
    1.45195999e+02 9.77042694e+01 2.13322449e+02 8.82395935e+00
    2.57761688e+01 7.20355530e+01 1.46852386e+02 1.32451660e+02
    2.05920685e+02 1.62711151e+02 2.28309021e+01 2.15952423e+02
    7.51421890e+01 2.34474945e+00 8.63061523e+00 5.20066147e+01
    1.99653885e+02 1.22724808e+02 1.75812119e+02 5.89671021e+01
    2.47755249e+02 1.73601547e+02 9.65467224e+01 1.75287109e+02
    1.63592484e+02 2.47576935e+02 2.04902542e+02 1.53607681e+02
    4.64388275e+01 5.84585571e+00 2.24715302e+02 1.12858917e+02</data></grad>
<my_hist type_id="opencv-matrix">
  <rows>92</rows>
  <cols>1</cols>
  <dt>f</dt>
  <data>
    3. 1. 2. 2. 3. 0. 0. 1. 3. 2. 1. 0. 2. 1. 1. 1. 1. 2. 1. 2. 0. 2. 0.
    0. 0. 1. 1. 2. 1. 0. 0. 0. 0. 1. 0. 3. 0. 1. 0. 0. 0. 1. 1. 1. 1. 0.
    0. 3. 3. 2. 0. 0. 1. 1. 1. 1. 1. 1. 0. 3. 0. 1. 0. 3. 4. 0. 2. 1. 1.
    0. 1. 1. 1. 1. 1. 2. 0. 1. 2. 1. 0. 1. 1. 3. 0. 4. 1. 0. 0. 2. 2. 0.</data></my_hist>
<your_hist type_id="opencv-matrix">
  <rows>92</rows>
  <cols>1</cols>
  <dt>f</dt>
  <data>
    3. 1. 2. 2. 3. 0. 0. 2. 2. 2. 1. 0. 3. 0. 1. 1. 1. 2. 2. 1. 0. 2. 0.
    0. 0. 2. 0. 2. 1. 0. 0. 0. 0. 1. 1. 2. 1. 0. 0. 0. 1. 1. 0. 1. 1. 0.
    1. 3. 2. 2. 0. 0. 2. 0. 2. 1. 0. 1. 2. 1. 0. 1. 2. 4. 1. 2. 1. 0. 1.
    1. 1. 0. 1. 2. 2. 0. 1. 2. 1. 0. 0. 2. 3. 0. 4. 1. 0. 0. 2. 2. 0. 1.</data></your_hist>
<my_max_grad>2.5226055908203125e+02</my_max_grad>
<your_max_grad>2.5226055908203125e+02</your_max_grad>
</opencv_storage>
