<?xml version="1.0"?>
<opencv_storage>
<grad type_id="opencv-matrix">
  <rows>10</rows>
  <cols>10</cols>
  <dt>f</dt>
  <data>
    5.86204834e+01 6.01519547e+01 2.06994659e+02 2.02495056e+02
    8.86010590e+01 1.21726028e+02 8.90102386e+00 1.34708313e+02
    1.13035378e+02 2.28127747e+02 1.15821220e+02 1.74264893e+02
    1.40583023e+02 2.09984085e+02 1.82132889e+02 1.73305496e+02
    7.06644058e+01 1.21007195e+02 1.15444649e+02 1.76953339e+02
    7.27133484e+01 2.48030197e+02 5.88541565e+01 1.19993759e+02
    1.13792870e+02 2.07151245e+02 3.94076538e+01 1.87019150e+02
    2.02251434e+02 3.44780426e+01 1.84076172e+02 2.44380264e+02
    2.45360626e+02 1.34669830e+02 8.45888062e+01 1.14221901e+02
    2.19251404e+02 2.47093872e+02 3.13783035e+01 6.16004028e+01
    1.09508690e+02 1.87910446e+02 1.17169266e+02 8.80306091e+01
    3.92372131e+00 7.01562119e+01 2.05290802e+02 2.82946243e+01
    2.35288376e+02 1.94213959e+02 7.24235611e+01 1.41914886e+02
    1.62120575e+02 1.62381317e+02 3.93999634e+01 1.96963776e+02
    4.23181152e+01 1.05035179e+02 1.73229706e+02 1.27195053e+02
    2.19493530e+02 2.58057327e+01 3.74940643e+01 2.33169495e+02
    1.16989365e+01 9.25194321e+01 1.04144318e+02 2.10679001e+02
    1.93331055e+02 9.88809738e+01 9.85004959e+01 1.54321732e+02
    1.09176575e+02 6.74093323e+01 1.30565796e+02 1.54622040e+02
    2.00979095e+02 6.72125854e+01 7.00248718e+00 1.22579903e+02
    1.16390541e+02 2.02137451e+02 4.04020691e+00 1.03879776e+02
    6.97976456e+01 2.36397095e+02 1.74777695e+02 2.08490494e+02
    8.58789825e+00 2.21349411e+01 1.77086929e+02 8.84043198e+01
    4.81566544e+01 1.90956299e+02 2.10269928e+02 7.37543945e+01
    1.81154404e+02 8.57760239e+01 2.05791534e+02 1.09446022e+02</data></grad>
<my_hist type_id="opencv-matrix">
  <rows>91</rows>
  <cols>1</cols>
  <dt>f</dt>
  <data>
    0. 2. 1. 2. 1. 0. 0. 0. 1. 1. 1. 1. 1. 1. 2. 1. 0. 1. 0. 0. 0. 2. 2.
    0. 2. 3. 2. 1. 0. 0. 0. 2. 3. 1. 0. 0. 2. 0. 3. 0. 3. 3. 4. 0. 4. 0.
    1. 1. 0. 2. 0. 1. 1. 0. 0. 0. 2. 0. 0. 2. 0. 0. 0. 3. 3. 0. 2. 1. 2.
    0. 2. 1. 1. 1. 3. 3. 2. 3. 0. 0. 2. 0. 0. 1. 0. 1. 2. 0. 0. 1. 2.</data></my_hist>
<your_hist type_id="opencv-matrix">
  <rows>91</rows>
  <cols>1</cols>
  <dt>f</dt>
  <data>
    0. 2. 1. 2. 1. 0. 0. 0. 1. 1. 1. 1. 1. 1. 2. 1. 0. 1. 0. 0. 0. 3. 1.
    0. 2. 3. 3. 0. 0. 0. 1. 2. 2. 1. 0. 2. 0. 2. 1. 3. 0. 4. 3. 2. 2. 0.
    1. 1. 2. 0. 0. 2. 0. 0. 0. 1. 1. 0. 2. 0. 0. 0. 2. 2. 2. 1. 2. 1. 1.
    1. 2. 1. 1. 3. 2. 3. 3. 0. 0. 2. 0. 0. 1. 0. 1. 2. 0. 0. 1. 2. 1.</data></your_hist>
<my_max_grad>2.4803019714355469e+02</my_max_grad>
<your_max_grad>2.4803019714355469e+02</your_max_grad>
</opencv_storage>
