<?xml version="1.0"?>
<opencv_storage>
<grad type_id="opencv-matrix">
  <rows>10</rows>
  <cols>10</cols>
  <dt>f</dt>
  <data>
    1.02382797e+02 1.51309738e+01 1.40558807e+02 2.24265167e+02
    1.49028778e+01 1.29418716e+02 3.20153732e+01 1.03993988e+00
    2.11525726e+00 2.29749939e+02 2.13175415e+02 4.08637390e+01
    2.11967667e+02 2.37655045e+02 3.73958130e+01 9.88807907e+01
    2.33902161e+02 1.56517212e+02 2.38924622e+02 1.67670609e+02
    2.50375122e+02 1.14569946e+02 1.99260941e+01 1.67312332e+02
    2.07315887e+02 1.27682343e+01 3.43722534e+01 1.76428421e+02
    8.35761414e+01 1.53326782e+02 8.16819382e+01 2.46119919e+02
    1.27306717e+02 1.36176331e+02 1.78242493e+01 6.64398651e+01
    1.09663597e+02 3.58763885e+00 1.02323097e+02 1.12624023e+02
    1.88991791e+02 9.31543732e+00 8.48718491e+01 1.09559402e+01
    1.05463837e+02 2.49763718e+01 2.49275360e+01 1.54967300e+02
    1.78574600e+02 2.52610168e+01 6.63689499e+01 2.29417877e+02
    7.77791061e+01 2.46342056e+02 1.85155807e+02 1.04254845e+02
    4.94644165e-01 1.67811401e+02 1.01405777e+02 1.71807938e+02
    6.96424408e+01 6.95833282e+01 1.07581993e+02 1.15782120e+02
    4.86267395e+01 2.17628510e+02 1.41671265e+02 1.43282745e+02
    2.13107697e+02 1.44102142e+02 2.41315674e+02 2.01724609e+02
    2.20602982e+02 1.65381287e+02 6.91091843e+01 8.87787018e+01
    1.11231674e+02 2.27977661e+02 9.26376495e+01 1.47240631e+02
    2.46191986e+02 3.96629791e+01 2.13190994e+01 2.23181030e+02
    5.30220566e+01 2.15850220e+02 1.58904297e+02 9.35729370e+01
    2.14517029e+02 1.85612991e+02 2.08394867e+02 3.02798386e+01
    2.05910797e+01 1.83750443e+02 1.40801010e+02 2.15186234e+02
    2.39425659e+02 2.37149521e+02 1.17832642e+02 8.65243683e+01</data></grad>
<my_hist type_id="opencv-matrix">
  <rows>90</rows>
  <cols>1</cols>
  <dt>f</dt>
  <data>
    3. 1. 0. 2. 1. 2. 1. 3. 2. 1. 1. 1. 1. 1. 2. 0. 0. 1. 0. 1. 0. 0. 0.
    2. 1. 2. 0. 1. 0. 1. 2. 2. 0. 2. 0. 1. 3. 2. 1. 2. 1. 2. 1. 0. 0. 1.
    1. 0. 1. 0. 3. 2. 1. 0. 0. 2. 1. 1. 0. 1. 3. 1. 0. 1. 1. 0. 3. 1. 0.
    0. 0. 0. 1. 0. 2. 0. 3. 3. 1. 1. 2. 1. 2. 0. 1. 3. 2. 0. 3. 0.</data></my_hist>
<your_hist type_id="opencv-matrix">
  <rows>90</rows>
  <cols>1</cols>
  <dt>f</dt>
  <data>
    3. 1. 0. 2. 1. 2. 1. 3. 3. 0. 1. 1. 1. 1. 2. 0. 0. 1. 1. 0. 0. 0. 0.
    2. 3. 0. 0. 1. 0. 2. 2. 1. 1. 1. 0. 1. 3. 2. 2. 1. 2. 2. 0. 0. 0. 1.
    1. 0. 1. 1. 3. 1. 1. 0. 1. 2. 1. 0. 1. 3. 0. 1. 1. 1. 0. 3. 0. 1. 0.
    0. 0. 1. 0. 1. 1. 3. 3. 1. 1. 2. 0. 3. 0. 1. 3. 2. 0. 3. 0. 1.</data></your_hist>
<my_max_grad>2.5037512207031250e+02</my_max_grad>
<your_max_grad>2.5037512207031250e+02</your_max_grad>
</opencv_storage>
