<?xml version="1.0"?>
<opencv_storage>
<grad type_id="opencv-matrix">
  <rows>10</rows>
  <cols>10</cols>
  <dt>f</dt>
  <data>
    1.01118126e+02 1.72058990e+02 1.38091141e+02 1.48486618e+02
    1.40410309e+01 9.15258255e+01 8.57813416e+01 1.31182663e+02
    5.33494568e+00 7.14220886e+01 1.84895294e+02 6.40366364e+00
    1.09255966e+02 1.30250702e+01 6.56667328e+00 2.25374084e+02
    1.52991028e+02 1.49537476e+02 5.93917084e+01 1.08859962e+02
    2.12515137e+02 6.28261108e+01 4.65598450e+01 1.10748062e+02
    8.99748535e+01 1.51669693e+02 2.07885071e+02 1.31018829e+02
    2.19646301e+02 3.51804352e+00 7.84277802e+01 6.53502045e+01
    1.69594467e+02 3.20244598e+01 2.09489624e+02 1.84971832e+02
    1.91274490e+02 7.25122070e+01 2.45216064e+01 1.22353859e+02
    1.19812088e+01 1.91650269e+02 1.93756500e+02 2.35191330e+02
    1.81420670e+02 3.52673645e+01 8.49619370e+01 1.24077705e+02
    1.29030594e+02 2.41634018e+02 9.29861526e+01 2.51616699e+02
    9.60094299e+01 2.42884567e+02 3.40776520e+01 9.88695374e+01
    2.52830017e+02 1.12214264e+02 9.44300842e+01 3.46292648e+01
    2.29413437e+02 2.03631790e+02 1.82893799e+02 1.85726517e+02
    2.31975388e+02 5.40986252e+01 9.42881775e+01 1.88426086e+02
    4.98963928e+00 1.50814774e+02 5.80730972e+01 2.45301361e+01
    1.18798447e+01 2.46849045e+02 7.04296570e+01 2.05935959e+02
    1.42349503e+02 1.48588974e+02 5.48862686e+01 2.45729828e+02
    1.20239708e+02 1.31145477e+01 2.13361206e+01 4.03478317e+01
    3.03351898e+01 1.06900070e+02 4.33768539e+01 1.13974449e+02
    1.98433304e+02 1.69232758e+02 1.55578293e+02 7.60688477e+01
    2.35410522e+02 1.36237228e+02 1.64760300e+02 7.42921143e+01
    7.27889252e+01 8.50222321e+01 2.03836914e+02 3.67781677e+01</data></grad>
<my_hist type_id="opencv-matrix">
  <rows>102</rows>
  <cols>1</cols>
  <dt>f</dt>
  <data>
    0. 1. 4. 0. 2. 3. 0. 0. 1. 2. 0. 0. 2. 2. 2. 0. 1. 1. 1. 0. 0. 1. 1.
    2. 0. 1. 1. 0. 2. 3. 1. 1. 0. 0. 3. 0. 2. 1. 3. 1. 1. 0. 0. 2. 2. 2.
    0. 0. 1. 1. 1. 0. 3. 0. 1. 1. 0. 1. 0. 2. 2. 2. 1. 0. 0. 0. 1. 0. 2.
    1. 0. 0. 0. 2. 3. 0. 1. 2. 1. 0. 1. 0. 2. 2. 1. 1. 0. 0. 1. 0. 1. 0.
    1. 1. 2. 0. 0. 2. 0. 2. 0. 1.</data></my_hist>
<your_hist type_id="opencv-matrix">
  <rows>102</rows>
  <cols>1</cols>
  <dt>f</dt>
  <data>
    0. 2. 3. 0. 2. 3. 0. 0. 1. 2. 0. 0. 2. 2. 2. 0. 1. 1. 1. 0. 0. 2. 0.
    2. 0. 1. 1. 0. 3. 2. 1. 1. 0. 2. 1. 1. 1. 3. 1. 1. 1. 0. 1. 2. 2. 1.
    0. 0. 2. 1. 0. 1. 2. 0. 1. 1. 1. 0. 0. 3. 2. 1. 1. 0. 0. 1. 0. 2. 1.
    0. 0. 0. 1. 3. 1. 1. 2. 1. 0. 1. 0. 2. 1. 2. 1. 0. 0. 1. 0. 0. 1. 1.
    1. 1. 1. 0. 1. 1. 2. 0. 1. 1.</data></your_hist>
<my_max_grad>2.5283001708984375e+02</my_max_grad>
<your_max_grad>2.5283001708984375e+02</your_max_grad>
</opencv_storage>
