<?xml version="1.0"?>
<opencv_storage>
<grad type_id="opencv-matrix">
  <rows>10</rows>
  <cols>10</cols>
  <dt>f</dt>
  <data>
    1.84918350e+02 2.24338303e+02 1.14795479e+02 1.18481354e+02
    3.22771912e+01 4.87126465e+01 1.63824188e+02 1.61898041e+00
    1.89764694e+02 1.71875397e+02 2.00132568e+02 2.10275909e+02
    2.45772812e+02 1.27380676e+02 8.65577927e+01 4.63455887e+01
    2.38111084e+02 6.04398804e+01 1.01846954e+02 9.13851318e+01
    5.23319244e+00 1.86946167e+02 9.33643341e+01 1.62096741e+02
    8.44921494e+01 1.33728180e+02 2.26503723e+02 2.43674973e+02
    1.67812714e+02 6.24383392e+01 1.21887848e+02 1.62539154e+02
    1.11423706e+02 1.50866699e+00 4.62117081e+01 3.91517258e+01
    1.36195435e+02 1.91748428e+01 1.32088242e+02 2.07129059e+02
    6.00485306e+01 1.35325577e+02 1.50740509e+01 1.81837952e+02
    4.14632645e+01 1.98990601e+02 6.07438354e+01 2.39340286e+02
    5.31314774e+01 4.55924911e+01 2.06034286e+02 2.08483719e+02
    2.48765991e+02 5.11408844e+01 6.11958237e+01 5.87107468e+01
    1.03458794e+02 3.91444016e+01 1.21306183e+02 2.27763062e+01
    1.00546928e+02 1.70379639e+01 1.96808792e+02 1.25799400e+02
    3.80979614e+01 7.60560760e+01 2.13553452e+02 1.52267532e+02
    1.59854767e+02 1.82073853e+02 1.27740555e+01 7.33773346e+01
    7.75754013e+01 1.46522949e+02 1.44586227e+02 9.81159515e+01
    2.40577316e+02 2.29127014e+02 6.20349121e+01 1.02350777e+02
    2.24761703e+02 1.88968002e+02 1.60268265e+02 1.94507004e+02
    1.80141388e+02 5.35685272e+01 1.26268333e+02 1.56257126e+02
    7.97660370e+01 9.12651672e+01 1.07342392e+02 1.32289230e+02
    1.29751602e+02 5.80619659e+01 1.76906128e+02 1.71538727e+02
    1.47905151e+02 7.81885071e+01 2.14576752e+02 1.11076859e+02</data></grad>
<my_hist type_id="opencv-matrix">
  <rows>102</rows>
  <cols>1</cols>
  <dt>f</dt>
  <data>
    2. 0. 1. 0. 0. 1. 2. 1. 0. 1. 0. 0. 0. 1. 0. 1. 2. 1. 2. 2. 1. 2. 0.
    1. 4. 3. 0. 0. 0. 0. 1. 2. 2. 0. 1. 1. 0. 2. 1. 0. 1. 3. 1. 0. 1. 2.
    0. 1. 1. 2. 0. 2. 1. 1. 3. 2. 0. 0. 0. 1. 2. 0. 1. 0. 1. 2. 2. 1. 1.
    0. 2. 0. 1. 1. 2. 1. 1. 2. 0. 1. 1. 1. 1. 0. 2. 1. 1. 2. 0. 0. 0. 1.
    2. 1. 0. 0. 0. 1. 2. 1. 1. 0.</data></my_hist>
<your_hist type_id="opencv-matrix">
  <rows>102</rows>
  <cols>1</cols>
  <dt>f</dt>
  <data>
    2. 0. 1. 0. 0. 1. 2. 1. 0. 1. 0. 0. 0. 1. 0. 3. 1. 0. 3. 1. 1. 2. 0.
    2. 4. 2. 0. 0. 0. 1. 1. 2. 1. 0. 1. 1. 0. 3. 0. 1. 1. 2. 1. 1. 0. 2.
    1. 0. 1. 2. 0. 3. 1. 2. 2. 1. 0. 0. 1. 1. 1. 1. 0. 1. 1. 3. 1. 0. 1.
    2. 0. 1. 0. 3. 0. 2. 1. 1. 1. 1. 1. 1. 0. 1. 2. 1. 1. 1. 0. 0. 0. 3.
    0. 1. 0. 0. 1. 2. 1. 1. 0. 1.</data></your_hist>
<my_max_grad>2.4876599121093750e+02</my_max_grad>
<your_max_grad>2.4876599121093750e+02</your_max_grad>
</opencv_storage>
