<?xml version="1.0"?>
<opencv_storage>
<grad type_id="opencv-matrix">
  <rows>10</rows>
  <cols>10</cols>
  <dt>f</dt>
  <data>
    1.14517143e+02 6.49401779e+01 2.59343872e+01 2.01398865e+02
    1.84015915e+02 1.63874542e+02 1.18054466e+02 1.73102341e+02
    6.10361252e+01 1.51259781e+02 8.91188812e+01 2.25385559e+02
    2.14199005e+02 4.79756012e+01 2.15053329e+01 8.13006210e+01
    2.97286453e+01 1.55069504e+02 4.48364563e+01 6.61621704e+01
    8.71177826e+01 1.75446457e+02 1.87814713e+02 1.83917801e+02
    6.36127853e+01 8.96641998e+01 2.17523697e+02 5.49126434e+01
    5.31260605e+01 1.71667694e+02 1.98452866e+02 1.56842865e+02
    1.63271896e+02 1.52172897e+02 2.09814148e+02 1.00394402e+02
    1.44483917e+02 5.14392471e+01 2.22956802e+02 1.89258194e+02
    1.69978165e+02 1.52675278e+02 1.60811493e+02 8.02433014e+00
    1.58832703e+02 7.22351074e-01 1.45835449e+02 3.23645630e+01
    2.06863083e+02 1.57455170e+02 8.21232452e+01 2.38247818e+02
    9.19470978e+00 1.89481796e+02 1.28092087e+02 1.24358261e+02
    2.44040558e+02 1.81549072e-01 1.71921112e+02 7.28220520e+01
    1.34363983e+02 1.51739868e+02 1.25985794e+01 1.20469360e+01
    8.10424271e+01 9.14777298e+01 2.44820923e+02 5.71180038e+01
    1.52948257e+02 1.09792786e+02 1.14574310e+02 2.32131226e+02
    7.11031189e+01 2.69768143e+01 8.84942780e+01 1.34996170e+02
    9.04053802e+01 2.27681656e+02 1.77513885e+02 1.07791092e+02
    1.57424561e+02 2.50728867e+02 3.77502365e+01 2.35789932e+02
    1.69101288e+02 6.00436401e+00 3.32063293e+01 1.67410690e+02
    4.23276978e+01 1.49065491e+02 1.44440948e+02 2.10827972e+02
    1.95325378e+02 1.38649460e+02 2.13681763e+02 6.95880127e+01
    6.56552734e+01 6.07602234e+01 7.58667908e+01 5.86285172e+01</data></grad>
<my_hist type_id="opencv-matrix">
  <rows>108</rows>
  <cols>1</cols>
  <dt>f</dt>
  <data>
    2. 0. 1. 2. 0. 2. 0. 0. 0. 1. 0. 2. 1. 1. 1. 0. 1. 0. 1. 1. 1. 0. 2.
    1. 1. 1. 2. 2. 2. 1. 1. 1. 1. 0. 1. 2. 0. 1. 4. 1. 0. 0. 0. 1. 0. 0.
    1. 1. 0. 2. 1. 0. 0. 1. 0. 1. 0. 1. 1. 1. 0. 0. 3. 0. 1. 5. 1. 3. 1.
    1. 2. 0. 2. 2. 2. 1. 1. 0. 0. 2. 1. 2. 0. 0. 1. 1. 1. 0. 0. 1. 2. 0.
    2. 1. 0. 0. 1. 1. 1. 1. 0. 1. 1. 0. 0. 2. 0. 0.</data></my_hist>
<your_hist type_id="opencv-matrix">
  <rows>108</rows>
  <cols>1</cols>
  <dt>f</dt>
  <data>
    2. 0. 1. 2. 0. 2. 0. 0. 0. 1. 0. 2. 1. 1. 1. 0. 1. 0. 1. 1. 1. 1. 1.
    1. 1. 2. 1. 2. 2. 1. 1. 1. 1. 0. 2. 1. 0. 2. 3. 1. 0. 0. 1. 0. 0. 0.
    2. 0. 2. 0. 1. 0. 0. 1. 1. 0. 0. 2. 0. 1. 0. 2. 1. 1. 3. 2. 2. 3. 1.
    2. 0. 1. 2. 3. 1. 1. 0. 0. 2. 0. 3. 0. 0. 1. 1. 1. 0. 0. 1. 2. 0. 2.
    1. 0. 0. 1. 1. 1. 0. 1. 1. 1. 0. 0. 2. 0. 0. 1.</data></your_hist>
<my_max_grad>2.5072886657714844e+02</my_max_grad>
<your_max_grad>2.5072886657714844e+02</your_max_grad>
</opencv_storage>
