<?xml version="1.0"?>
<opencv_storage>
<grad type_id="opencv-matrix">
  <rows>10</rows>
  <cols>10</cols>
  <dt>f</dt>
  <data>
    6.00175171e+01 1.24488190e+02 3.63231354e+01 2.40501495e+02
    1.66143921e+02 1.09625900e+02 1.43484283e+02 1.51449127e+02
    1.80547424e+02 1.46509933e+01 1.08779778e+02 1.58471924e+02
    1.73109573e+02 1.24006050e+02 1.61133224e+02 1.10215317e+02
    1.69833572e+02 1.29994919e+02 9.61667328e+01 4.35539627e+01
    2.30524872e+02 1.10644447e+02 2.14581055e+02 1.75000641e+02
    2.10359543e+02 1.74635956e+02 9.68043442e+01 6.35420074e+01
    1.44177979e+02 1.67998734e+01 1.17653076e+02 1.06374069e+02
    1.70869659e+02 1.22736557e+02 1.30074936e+02 4.64504242e+01
    2.54038391e+02 9.12049942e+01 4.18299103e+01 8.76455841e+01
    2.26359955e+02 6.03253479e+01 3.46322479e+01 6.04925156e+01
    2.44151398e+02 1.15398491e+02 2.48910156e+02 2.27442459e+02
    3.59766006e+01 2.26187805e+02 1.91249725e+02 5.47300873e+01
    1.17595108e+02 4.62029953e+01 6.91530457e+01 1.00580986e+02
    5.89544220e+01 2.69975891e+01 3.61672516e+01 2.48484650e+01
    9.61957092e+01 1.56402527e+02 2.06957367e+02 2.34718231e+02
    1.72870102e+01 2.28671967e+02 2.28670105e+02 1.86474594e+02
    2.04261902e+02 7.04137268e+01 2.15733734e+02 1.88797348e+02
    3.48964462e+01 1.62354782e+02 8.37655487e+01 1.72815979e+02
    1.48313690e+02 1.13672089e+02 1.47128998e+02 1.59230637e+02
    2.32576462e+02 2.23098755e+00 1.48896652e+02 1.42663193e+01
    2.17955673e+02 2.37649551e+02 7.78713226e+01 8.02361298e+00
    2.39257431e+01 7.32190247e+01 1.05163002e+02 1.81073532e+02
    2.93791504e+01 1.98902206e+02 5.41740265e+01 1.53755936e+02
    9.45271759e+01 2.13498611e+02 1.20239731e+02 1.00196869e+02</data></grad>
<my_hist type_id="opencv-matrix">
  <rows>107</rows>
  <cols>1</cols>
  <dt>f</dt>
  <data>
    1. 0. 0. 1. 0. 0. 2. 2. 0. 0. 2. 1. 1. 0. 2. 3. 0. 1. 1. 2. 0. 0. 1.
    1. 1. 3. 1. 0. 0. 2. 1. 0. 1. 0. 0. 1. 1. 0. 1. 1. 3. 0. 2. 0. 2. 1.
    3. 1. 1. 2. 1. 1. 2. 0. 2. 0. 0. 0. 0. 0. 2. 1. 2. 1. 1. 1. 1. 2. 1.
    1. 0. 2. 2. 2. 0. 0. 2. 0. 1. 1. 1. 0. 0. 1. 0. 0. 1. 1. 1. 1. 2. 1.
    0. 0. 0. 3. 2. 2. 1. 0. 1. 1. 1. 0. 1. 0. 0.</data></my_hist>
<your_hist type_id="opencv-matrix">
  <rows>107</rows>
  <cols>1</cols>
  <dt>f</dt>
  <data>
    1. 0. 0. 1. 0. 1. 1. 2. 0. 1. 1. 1. 1. 0. 2. 3. 0. 1. 1. 2. 0. 0. 2.
    0. 1. 3. 1. 0. 1. 1. 1. 0. 1. 0. 1. 0. 1. 0. 1. 1. 3. 2. 0. 1. 1. 3.
    1. 1. 1. 2. 1. 3. 0. 0. 2. 0. 0. 0. 0. 1. 1. 2. 1. 1. 1. 1. 2. 2. 0.
    1. 1. 1. 3. 1. 0. 2. 0. 1. 1. 1. 0. 0. 1. 0. 0. 1. 1. 1. 0. 2. 2. 0.
    0. 0. 3. 2. 1. 2. 0. 1. 1. 1. 0. 1. 0. 0. 1.</data></your_hist>
<my_max_grad>2.5403839111328125e+02</my_max_grad>
<your_max_grad>2.5403839111328125e+02</your_max_grad>
</opencv_storage>
