<?xml version="1.0"?>
<opencv_storage>
<grad type_id="opencv-matrix">
  <rows>10</rows>
  <cols>10</cols>
  <dt>f</dt>
  <data>
    9.79446030e+01 1.09587036e+02 3.55401382e+01 7.11099854e+01
    2.38509277e+02 2.34651138e+02 3.47047806e+01 2.34271637e+02
    9.30513000e+01 1.97790039e+02 3.00938644e+01 1.59729706e+02
    1.40380951e+02 1.79628586e+02 1.21750732e+02 1.26877769e+02
    2.28352737e+01 2.27903900e+02 5.89884186e+01 1.96375824e+02
    1.66764282e+02 1.74790649e+01 2.54964294e+02 1.89146133e+02
    1.18748535e+02 4.72730789e+01 1.36590164e+02 5.51686020e+01
    1.36060089e+02 7.73495178e+01 2.08462128e+02 1.79705536e+02
    1.34600998e+02 1.82553726e+02 1.01621513e+02 3.95950012e+01
    2.32729767e+02 2.66380310e-01 1.95730515e+02 1.61513596e+02
    1.70420135e+02 1.55834473e+02 2.52130356e+01 2.02396332e+02
    4.45961151e+01 1.51788788e+02 3.47355728e+01 2.00586639e+02
    1.86656036e+01 5.71797714e+01 9.73150024e+01 1.01040009e+02
    4.75921326e+01 2.44804840e+01 5.34087906e+01 1.62964172e+01
    1.54763458e+02 1.48569122e+02 1.59511566e+00 7.92371597e+01
    2.89186783e+01 1.21354294e+02 2.38521881e+02 2.14512543e+02
    1.77724823e+02 8.29768829e+01 1.83509827e+02 1.01664513e+02
    1.53724670e-01 2.37420685e+02 2.12641388e+02 5.51499939e+00
    1.37762558e+02 9.10330811e+01 1.29251877e+02 2.59598923e+01
    2.00079849e+02 2.41900650e+02 1.26511314e+02 1.63711136e+02
    2.41981018e+02 2.12026459e+02 1.27346581e+02 1.62174454e+02
    1.07352890e+02 1.52017487e+02 8.29156036e+01 7.15180206e+00
    2.14266891e+01 9.53060150e+00 2.23471802e+02 2.12531464e+02
    2.04604858e+02 1.63113724e+02 4.90954971e+01 5.45370407e+01
    1.86294861e+01 6.58941040e+01 2.35683777e+02 1.08119110e+02</data></grad>
<my_hist type_id="opencv-matrix">
  <rows>100</rows>
  <cols>1</cols>
  <dt>f</dt>
  <data>
    3. 0. 2. 1. 0. 0. 2. 2. 2. 2. 1. 2. 0. 3. 0. 1. 0. 1. 2. 1. 1. 2. 1.
    1. 0. 1. 0. 1. 0. 0. 1. 1. 2. 0. 0. 1. 1. 0. 2. 3. 0. 0. 3. 0. 0. 0.
    1. 2. 0. 3. 1. 0. 1. 2. 1. 1. 0. 0. 1. 2. 1. 1. 1. 3. 1. 1. 1. 0. 0.
    1. 2. 2. 0. 0. 1. 0. 1. 2. 2. 1. 1. 1. 0. 3. 1. 0. 0. 1. 0. 1. 0. 2.
    2. 3. 2. 0. 0. 0. 0. 0.</data></my_hist>
<your_hist type_id="opencv-matrix">
  <rows>100</rows>
  <cols>1</cols>
  <dt>f</dt>
  <data>
    3. 0. 2. 1. 0. 0. 2. 2. 2. 2. 1. 2. 0. 3. 0. 1. 0. 1. 2. 1. 1. 2. 2.
    0. 0. 1. 0. 1. 0. 0. 2. 0. 2. 0. 0. 1. 1. 1. 1. 3. 0. 2. 1. 0. 0. 0.
    1. 2. 0. 3. 1. 0. 2. 2. 1. 0. 0. 1. 1. 1. 2. 0. 3. 2. 1. 0. 1. 0. 0.
    3. 1. 1. 0. 1. 0. 0. 3. 2. 1. 1. 1. 0. 3. 1. 0. 0. 1. 0. 1. 0. 2. 2.
    3. 2. 0. 0. 0. 0. 0. 1.</data></your_hist>
<my_max_grad>2.5496429443359375e+02</my_max_grad>
<your_max_grad>2.5496429443359375e+02</your_max_grad>
</opencv_storage>
