<?xml version="1.0"?>
<opencv_storage>
<grad type_id="opencv-matrix">
  <rows>10</rows>
  <cols>10</cols>
  <dt>f</dt>
  <data>
    1.04968231e+02 1.82600906e+02 8.52072296e+01 4.50935059e+01
    2.16324081e+01 2.31571487e+02 4.69654846e+01 2.27180283e+02
    1.23380936e+02 4.06826782e+00 1.78154724e+02 8.65682983e+00
    1.50755814e+02 2.35120956e+02 7.37766418e+01 3.64166641e+01
    4.10708618e+00 2.25072571e+02 1.48239044e+02 1.52594025e+02
    1.68030640e+02 1.27448875e+02 2.52562866e+02 6.86599274e+01
    1.14180267e+02 2.07603394e+02 1.32831146e+02 1.00684723e+02
    2.54521408e+02 4.26166382e+01 2.51525513e+02 1.33948730e+02
    2.11705505e+02 2.40065552e+02 1.53304062e+02 1.74666916e+02
    2.54946060e+01 2.19432434e+02 7.74683685e+01 2.01155365e+02
    1.70561783e+02 2.25821259e+02 1.21458893e+01 6.83732605e+01
    1.92310516e+02 1.99884628e+02 1.14152199e+02 3.63993301e+01
    1.03735794e+02 3.79337692e+01 1.19108528e+02 1.25455933e+01
    2.94930496e+01 1.83713287e+02 9.25358200e+01 8.17257538e+01
    8.26583862e+00 1.12780952e+02 1.00022797e+02 2.27132339e+01
    2.82179031e+01 1.15736023e+02 3.02888031e+01 1.19783791e+02
    2.72027893e+01 1.11742805e+02 2.37340576e+02 6.98105927e+01
    2.42452118e+02 3.80737839e+01 1.74621124e+02 1.29811905e+02
    3.11367035e+00 6.38541794e+01 1.20603043e+02 1.23175972e+02
    1.69082138e+02 1.24222618e+02 2.91118088e+01 1.40684631e+02
    1.27791237e+02 2.48743652e+02 1.65557312e+02 1.20145645e+01
    1.85131180e+02 1.10669106e+02 2.11669464e+02 2.49093567e+02
    6.50667114e+01 1.38618729e+02 1.39199219e+02 2.49744766e+02
    1.11806915e+02 2.88356857e+01 2.15992157e+02 2.52778992e+02
    1.65389313e+02 2.14071960e+01 9.01714630e+01 5.65089417e+01</data></grad>
<my_hist type_id="opencv-matrix">
  <rows>105</rows>
  <cols>1</cols>
  <dt>f</dt>
  <data>
    0. 3. 0. 2. 1. 2. 0. 0. 2. 1. 1. 3. 3. 0. 0. 4. 0. 1. 1. 1. 0. 0. 0.
    1. 0. 0. 2. 0. 3. 0. 1. 1. 0. 1. 0. 1. 0. 1. 1. 0. 0. 2. 1. 1. 0. 1.
    3. 3. 0. 3. 2. 1. 2. 1. 1. 1. 0. 2. 1. 0. 0. 1. 2. 1. 0. 0. 0. 0. 2.
    2. 1. 0. 2. 1. 0. 2. 1. 0. 0. 1. 0. 0. 2. 0. 0. 1. 0. 2. 0. 1. 1. 0.
    1. 2. 0. 1. 1. 1. 0. 1. 1. 0. 2. 2. 2.</data></my_hist>
<your_hist type_id="opencv-matrix">
  <rows>105</rows>
  <cols>1</cols>
  <dt>f</dt>
  <data>
    0. 2.99999993e-02 0. 1.99999996e-02 1.99999996e-02 9.99999978e-03 0.
    0. 1.99999996e-02 9.99999978e-03 9.99999978e-03 3.99999991e-02
    1.99999996e-02 0. 1.99999996e-02 1.99999996e-02 0. 9.99999978e-03
    9.99999978e-03 9.99999978e-03 0. 0. 0. 9.99999978e-03 0. 0.
    1.99999996e-02 9.99999978e-03 1.99999996e-02 0. 9.99999978e-03
    9.99999978e-03 0. 9.99999978e-03 9.99999978e-03 0. 9.99999978e-03
    9.99999978e-03 0. 0. 9.99999978e-03 9.99999978e-03 1.99999996e-02 0.
    0. 2.99999993e-02 2.99999993e-02 9.99999978e-03 1.99999996e-02
    9.99999978e-03 2.99999993e-02 0. 1.99999996e-02 9.99999978e-03
    1.99999996e-02 0. 1.99999996e-02 9.99999978e-03 0. 0. 9.99999978e-03
    9.99999978e-03 1.99999996e-02 0. 0. 0. 0. 1.99999996e-02
    9.99999978e-03 1.99999996e-02 0. 1.99999996e-02 9.99999978e-03 0.
    9.99999978e-03 1.99999996e-02 0. 0. 9.99999978e-03 0. 0.
    9.99999978e-03 9.99999978e-03 0. 9.99999978e-03 0. 1.99999996e-02 0.
    9.99999978e-03 9.99999978e-03 0. 9.99999978e-03 1.99999996e-02 0.
    9.99999978e-03 0. 1.99999996e-02 0. 9.99999978e-03 9.99999978e-03 0.
    1.99999996e-02 1.99999996e-02 1.99999996e-02 9.99999978e-03</data></your_hist>
<my_max_grad>2.5452140808105469e+02</my_max_grad>
<your_max_grad>2.5452140808105469e+02</your_max_grad>
</opencv_storage>
