<?xml version="1.0"?>
<opencv_storage>
<grad type_id="opencv-matrix">
  <rows>10</rows>
  <cols>10</cols>
  <dt>f</dt>
  <data>
    2.34936676e+02 2.02595398e+02 4.00487518e+01 1.59733765e+02
    5.24100952e+01 2.54705582e+01 1.59112640e+02 1.22248886e+02
    9.67646790e+00 8.29526367e+01 1.16468483e+02 8.83442230e+01
    2.42182617e+02 1.98421570e+02 1.19795700e+02 1.55086945e+02
    1.73790024e+02 2.44597260e+02 1.98294022e+02 1.28576691e+02
    2.53599823e+02 1.18699966e+02 1.07860153e+02 1.52743515e+02
    2.36169479e+02 9.07552948e+01 1.67390549e+02 1.70644302e+02
    5.79836426e+01 1.49884018e+02 9.81131668e+01 1.59190613e+02
    2.43757507e+02 2.47041840e+02 1.08941238e+02 1.17950897e+01
    4.45938644e+01 1.90177094e+02 9.41402817e+01 8.67913437e+01
    1.74955811e+02 6.04984741e+01 6.82269745e+01 9.89405746e+01
    9.95807114e+01 1.39352264e+02 7.04560547e+01 1.54219925e+02
    2.09079437e+02 1.02355034e+02 1.55547592e+02 1.74658798e+02
    1.21111832e+02 7.24821777e+01 2.08379547e+02 1.17868721e+02
    5.81732941e+00 1.73698425e+01 2.32485687e+02 2.05615845e+02
    1.86341904e+02 9.13292236e+01 9.96153336e+01 2.16573196e+02
    2.05443115e+01 2.17259933e+02 1.53186035e+00 1.79039169e+02
    7.94235535e+01 6.45540771e+01 7.74234924e+01 1.30140244e+02
    1.24376373e+02 2.37234863e+02 1.23915710e+02 1.23544388e+01
    6.76368561e+01 2.55799866e+02 1.44079819e+02 2.43150391e+02
    1.91607834e+02 1.82101624e+02 9.82830429e+01 2.55194839e+02
    1.97781982e+02 6.90016937e+01 1.24983650e+02 1.63643799e+01
    1.26858055e+02 1.22765701e+02 6.03970184e+01 6.59295502e+01
    2.96395035e+01 2.43146301e+02 1.30635910e+01 2.02560608e+02
    9.16621246e+01 1.38143021e+02 2.12021072e+02 2.18533325e+02</data></grad>
<my_hist type_id="opencv-matrix">
  <rows>96</rows>
  <cols>1</cols>
  <dt>f</dt>
  <data>
    1. 0. 1. 1. 3. 0. 2. 1. 0. 1. 0. 1. 0. 0. 0. 1. 1. 0. 0. 1. 0. 1. 2.
    0. 2. 3. 1. 1. 0. 2. 0. 1. 1. 1. 3. 1. 2. 3. 1. 0. 2. 0. 0. 1. 3. 2.
    4. 1. 2. 0. 0. 1. 1. 0. 1. 0. 1. 2. 2. 3. 0. 0. 1. 0. 1. 3. 0. 1. 1.
    1. 0. 2. 0. 0. 3. 0. 2. 1. 2. 1. 0. 2. 1. 0. 0. 0. 0. 1. 2. 1. 1. 4.
    1. 0. 0. 2.</data></my_hist>
<your_hist type_id="opencv-matrix">
  <rows>96</rows>
  <cols>1</cols>
  <dt>f</dt>
  <data>
    1. 0. 1. 1. 3. 0. 2. 1. 0. 1. 0. 1. 0. 0. 1. 0. 1. 0. 0. 1. 0. 1. 2.
    1. 1. 3. 2. 0. 1. 1. 1. 0. 2. 2. 2. 0. 5. 0. 1. 0. 2. 0. 0. 2. 3. 2.
    3. 2. 1. 0. 0. 2. 0. 1. 0. 1. 1. 3. 0. 3. 0. 0. 1. 1. 3. 0. 1. 1. 0.
    1. 1. 1. 0. 3. 0. 2. 1. 2. 1. 0. 2. 1. 0. 0. 0. 0. 1. 2. 1. 1. 4. 1.
    0. 0. 2. 1.</data></your_hist>
<my_max_grad>2.5579986572265625e+02</my_max_grad>
<your_max_grad>2.5579986572265625e+02</your_max_grad>
</opencv_storage>
