<?xml version="1.0"?>
<opencv_storage>
<grad type_id="opencv-matrix">
  <rows>10</rows>
  <cols>10</cols>
  <dt>f</dt>
  <data>
    2.16196228e+02 4.30399170e+01 2.03465851e+02 7.05279236e+01
    1.10439529e+02 1.68582855e+02 2.04928802e+02 2.40221100e+01
    7.60799484e+01 2.42397308e+02 2.05238052e+02 1.72750793e+02
    8.57529297e+01 1.05880890e+02 8.00858765e+01 6.27189102e+01
    8.74302063e+01 1.36718155e+02 1.71625641e+02 1.50087433e+01
    1.49096771e+02 2.54214584e+02 1.07096596e+02 1.51058105e+02
    2.28727859e+02 4.18912506e+01 2.14646683e+01 8.60726929e+00
    1.28139175e+02 1.52661133e+01 2.21056137e+02 2.26827850e+02
    1.47857834e+02 2.38279663e+02 1.17701714e+02 1.88818375e+02
    1.46673569e+02 5.61318283e+01 8.24019623e+00 9.35053406e+01
    8.03867874e+01 7.66761780e+00 9.92285690e+01 9.32367554e+01
    1.11389313e+01 1.62705109e+02 1.16363426e+02 1.65053253e+02
    1.96441376e+02 6.22870407e+01 2.25660339e+02 1.61856339e+02
    5.35760193e+01 5.40995407e+01 8.57238770e+01 2.35171783e+02
    2.55580688e+02 1.50040970e+01 1.91226273e+02 1.53959274e+02
    1.97534866e+01 2.21125946e+02 8.47450409e+01 1.86976837e+02
    5.14532471e+00 2.13639999e+02 7.30395660e+01 5.86527481e+01
    1.00361176e+02 2.51407806e+02 1.53635315e+02 2.35237885e+02
    3.93047409e+01 6.66245880e+01 1.82946960e+02 1.19775917e+02
    2.35783386e+02 2.53694366e+02 2.32876343e+02 2.32703308e+02
    5.83098602e+00 4.71958160e+00 2.94927139e+01 6.97074280e+01
    2.57484589e+01 7.28795166e+01 1.62431610e+02 2.34792572e+02
    4.36129379e+01 4.51912918e+01 2.42594727e+02 2.52359406e+02
    1.19856010e+02 2.43867706e+02 7.48257141e+01 2.54944107e+02
    7.21553040e+01 9.47913208e+01 7.67080917e+01 1.00740471e+02</data></grad>
<my_hist type_id="opencv-matrix">
  <rows>95</rows>
  <cols>1</cols>
  <dt>f</dt>
  <data>
    0. 2. 2. 2. 1. 3. 0. 2. 1. 1. 1. 0. 0. 0. 1. 2. 2. 0. 0. 1. 2. 1. 0.
    2. 1. 1. 2. 3. 2. 2. 0. 3. 1. 0. 2. 1. 1. 2. 0. 2. 0. 1. 0. 2. 2. 0.
    0. 1. 0. 0. 1. 0. 0. 0. 2. 1. 1. 2. 0. 0. 3. 1. 1. 1. 1. 0. 0. 0. 1.
    1. 1. 1. 0. 1. 0. 1. 2. 0. 0. 1. 1. 0. 2. 1. 1. 1. 2. 4. 1. 0. 3. 0.
    0. 2. 3.</data></my_hist>
<your_hist type_id="opencv-matrix">
  <rows>95</rows>
  <cols>1</cols>
  <dt>f</dt>
  <data>
    0. 2. 2. 2. 1. 3. 0. 2. 1. 1. 1. 0. 0. 0. 1. 2. 2. 0. 0. 2. 1. 1. 1.
    1. 1. 2. 3. 2. 1. 2. 0. 3. 1. 0. 3. 0. 2. 1. 1. 1. 1. 0. 1. 1. 2. 0.
    0. 1. 0. 0. 1. 0. 0. 1. 2. 1. 2. 0. 0. 3. 1. 0. 1. 2. 0. 0. 0. 1. 1.
    1. 1. 0. 1. 0. 1. 2. 0. 0. 1. 1. 0. 2. 1. 1. 1. 2. 4. 1. 0. 3. 0. 0.
    2. 3. 1.</data></your_hist>
<my_max_grad>2.5558068847656250e+02</my_max_grad>
<your_max_grad>2.5558068847656250e+02</your_max_grad>
</opencv_storage>
