<?xml version="1.0"?>
<opencv_storage>
<grad type_id="opencv-matrix">
  <rows>10</rows>
  <cols>10</cols>
  <dt>f</dt>
  <data>
    1.06745033e+02 1.71060181e+00 2.24272827e+02 7.96522980e+01
    1.30854355e+02 1.35980682e+02 9.16726685e+01 2.52271454e+02
    1.11515991e+02 1.81388550e+02 1.48640747e+02 3.11978531e+01
    3.74451599e+01 1.68828659e+02 1.96550781e+02 1.74269562e+02
    1.67173859e+02 1.20385201e+02 2.40185303e+02 2.38867035e+01
    1.71210846e+02 1.26864532e+02 2.46895996e+02 1.74763535e+02
    2.13806671e+02 2.10353729e+02 1.18116455e+02 1.99091217e+02
    2.54086182e+02 9.69383087e+01 1.86899521e+02 2.24925690e+01
    1.09281387e+02 2.14105042e+02 6.44416046e+00 2.44109222e+02
    1.52415833e+02 1.08583557e+02 5.75202942e-01 8.37007523e+01
    2.32827835e+01 1.39872757e+02 2.34685333e+02 1.50042023e+02
    1.32136292e+02 1.90203339e+02 1.80656708e+02 2.04049088e+02
    5.46272125e+01 2.25777786e+02 2.24317902e+02 1.34589172e+02
    1.90115845e+02 1.95345856e+02 2.07934525e+02 1.89688843e+02
    4.74431458e+01 2.31948303e+02 1.72344559e+02 1.06713394e+02
    2.54140167e+02 1.83293732e+02 4.74623718e+01 2.36880478e+02
    1.69185104e+02 2.23930237e+02 1.53352264e+02 2.37498291e+02
    1.56673508e+02 2.05277191e+02 5.57835999e+01 4.47271271e+01
    3.98075638e+01 2.13872787e+02 7.86517334e+00 2.31754120e+02
    1.44145264e+02 1.13684769e+02 2.36795746e+02 1.44469604e+02
    1.26406090e+02 2.47367310e+02 1.24879272e+02 2.31836090e+02
    9.79078369e+01 1.79950439e+02 1.27613991e+02 1.24636993e+02
    1.81365540e+02 7.79801178e+01 1.08009117e+02 1.67835815e+02
    1.78374115e+02 1.44284348e+02 2.50568176e+02 6.02476044e+01
    8.83796387e+01 1.60767899e+01 5.86948013e+01 1.70597992e+02</data></grad>
<my_hist type_id="opencv-matrix">
  <rows>103</rows>
  <cols>1</cols>
  <dt>f</dt>
  <data>
    2. 0. 1. 1. 0. 0. 1. 0. 0. 3. 0. 0. 1. 0. 0. 1. 1. 0. 1. 2. 0. 0. 2.
    1. 1. 0. 0. 0. 0. 0. 0. 1. 1. 1. 0. 1. 0. 1. 0. 2. 0. 0. 0. 3. 2. 1.
    1. 1. 1. 0. 2. 3. 0. 2. 1. 1. 1. 0. 3. 0. 2. 1. 1. 1. 0. 0. 0. 1. 3.
    3. 2. 0. 2. 3. 1. 1. 1. 2. 0. 2. 1. 0. 1. 1. 1. 1. 3. 0. 0. 0. 3. 1.
    0. 2. 1. 2. 2. 1. 1. 0. 2. 1. 2.</data></my_hist>
<your_hist type_id="opencv-matrix">
  <rows>103</rows>
  <cols>1</cols>
  <dt>f</dt>
  <data>
    1.99999996e-02 0. 9.99999978e-03 9.99999978e-03 0. 0. 9.99999978e-03
    0. 0. 2.99999993e-02 0. 0. 9.99999978e-03 0. 0. 1.99999996e-02 0.
    9.99999978e-03 0. 1.99999996e-02 0. 9.99999978e-03 9.99999978e-03
    9.99999978e-03 9.99999978e-03 0. 0. 0. 0. 0. 0. 1.99999996e-02 0.
    9.99999978e-03 0. 9.99999978e-03 9.99999978e-03 0. 9.99999978e-03
    9.99999978e-03 0. 0. 1.99999996e-02 2.99999993e-02 9.99999978e-03
    9.99999978e-03 0. 9.99999978e-03 9.99999978e-03 0. 3.99999991e-02
    9.99999978e-03 9.99999978e-03 9.99999978e-03 1.99999996e-02 0.
    9.99999978e-03 2.99999993e-02 0. 9.99999978e-03 9.99999978e-03
    1.99999996e-02 9.99999978e-03 0. 0. 0. 0. 3.99999991e-02
    1.99999996e-02 1.99999996e-02 9.99999978e-03 9.99999978e-03
    3.99999991e-02 9.99999978e-03 0. 9.99999978e-03 2.99999993e-02 0.
    1.99999996e-02 9.99999978e-03 0. 9.99999978e-03 9.99999978e-03
    9.99999978e-03 9.99999978e-03 2.99999993e-02 0. 0. 0. 9.99999978e-03
    2.99999993e-02 0. 0. 2.99999993e-02 9.99999978e-03 2.99999993e-02
    9.99999978e-03 9.99999978e-03 0. 1.99999996e-02 9.99999978e-03
    1.99999996e-02 9.99999978e-03</data></your_hist>
<my_max_grad>2.5414016723632812e+02</my_max_grad>
<your_max_grad>2.5414016723632812e+02</your_max_grad>
</opencv_storage>
