<?xml version="1.0"?>
<opencv_storage>
<grad type_id="opencv-matrix">
  <rows>10</rows>
  <cols>10</cols>
  <dt>f</dt>
  <data>
    6.98877182e+01 1.59893677e+02 1.33793915e+02 2.11024109e+02
    1.00380402e+01 6.16190567e+01 4.02537537e+00 1.83710373e+02
    2.25689774e+02 1.69885544e+02 3.42104340e+01 2.11969330e+02
    1.73934464e+02 1.63023392e+02 8.88456421e+01 4.79522858e+01
    1.38580185e+02 2.47519348e+02 2.34515656e+02 5.92964401e+01
    1.88076385e+02 2.10454300e+02 6.33942413e+00 7.41689301e+01
    2.64004745e+01 1.26654434e+02 8.31538086e+01 1.05672935e+02
    2.48351410e+02 1.22432220e+02 1.59585449e+02 1.41719238e+02
    1.14292137e+02 2.35259155e+02 1.26531235e+02 9.62800751e+01
    6.32078094e+01 7.07363129e+01 2.36456177e+02 1.76793030e+02
    1.10145691e+02 1.29944107e+02 2.44939224e+02 1.98719513e+02
    1.49017868e+01 1.33629044e+02 6.62966919e+00 6.93292389e+01
    2.03037247e+02 2.26059479e+02 9.04268188e+01 4.60463333e+01
    2.53985672e+01 2.49320068e+02 1.37672089e+02 1.05209251e+02
    2.44972519e+02 1.98372589e+02 1.47414093e+01 2.11562271e+02
    1.25849419e+02 7.16153412e+01 2.02961792e+02 4.76994171e+01
    1.77761169e+02 7.26016998e+00 7.56471100e+01 2.75418930e+01
    4.10970459e+01 2.10704025e+02 3.47180176e+01 1.28151016e+02
    4.59597015e+01 6.40677338e+01 9.84034119e+01 9.89468307e+01
    2.87177582e+01 1.93552841e+02 1.01269623e+02 3.73558121e+01
    1.12324013e+02 1.47720032e+01 2.55585022e+01 2.42141327e+02
    1.94511536e+02 2.19643677e+02 1.72084824e+02 3.92482071e+01
    1.80188522e+02 4.45587921e+01 1.36689850e+02 8.24157486e+01
    2.68166046e+01 2.30856903e+02 1.89627380e+02 2.51713226e+02
    1.32460526e+02 2.32958252e+02 9.89670563e+01 2.49257843e+02</data></grad>
<my_hist type_id="opencv-matrix">
  <rows>96</rows>
  <cols>1</cols>
  <dt>f</dt>
  <data>
    0. 1. 3. 1. 0. 3. 0. 0. 0. 2. 4. 0. 0. 2. 2. 1. 1. 2. 2. 0. 0. 0. 1.
    1. 2. 0. 3. 1. 2. 0. 0. 2. 0. 1. 1. 0. 1. 3. 1. 0. 2. 0. 2. 1. 0. 0.
    1. 1. 3. 1. 2. 1. 3. 0. 1. 0. 0. 0. 0. 0. 2. 0. 1. 0. 1. 1. 1. 2. 1.
    0. 1. 1. 1. 1. 1. 2. 0. 2. 0. 0. 5. 0. 0. 1. 0. 0. 2. 0. 2. 2. 1. 0.
    1. 2. 2. 2.</data></my_hist>
<your_hist type_id="opencv-matrix">
  <rows>96</rows>
  <cols>1</cols>
  <dt>f</dt>
  <data>
    0. 1. 3. 1. 0. 3. 0. 0. 0. 3. 3. 0. 1. 1. 2. 1. 1. 2. 2. 0. 0. 0. 1.
    2. 1. 0. 3. 2. 1. 0. 0. 2. 0. 1. 1. 0. 1. 3. 1. 2. 0. 1. 1. 1. 0. 0.
    1. 3. 1. 2. 2. 2. 1. 1. 0. 0. 0. 0. 0. 0. 2. 1. 0. 0. 2. 1. 1. 1. 1.
    1. 1. 1. 0. 2. 2. 0. 2. 0. 0. 4. 1. 0. 1. 0. 0. 2. 0. 2. 2. 1. 0. 1.
    2. 2. 2. 1.</data></your_hist>
<my_max_grad>2.5171322631835938e+02</my_max_grad>
<your_max_grad>2.5171322631835938e+02</your_max_grad>
</opencv_storage>
