<?xml version="1.0"?>
<opencv_storage>
<grad type_id="opencv-matrix">
  <rows>10</rows>
  <cols>10</cols>
  <dt>f</dt>
  <data>
    1.74260269e+02 3.84392166e+01 1.05624924e+01 2.75014954e+01
    2.44878937e+02 1.05166702e+01 8.45730972e+01 1.56929443e+02
    2.47015747e+02 1.59309692e+01 2.75107803e+01 1.87911316e+02
    2.74312820e+01 9.32548981e+01 4.43349304e+01 1.59009872e+02
    1.83525803e+02 2.21260666e+02 2.08396729e+02 7.20448303e+01
    1.30086441e+01 6.30872574e+01 1.55335159e+01 1.27087448e+02
    2.55423187e+02 2.53916473e+02 2.09525681e+02 1.20294052e+02
    1.47834656e+02 2.89614487e+01 8.83993683e+01 1.33667206e+02
    5.04122391e+01 1.27952980e+02 1.55267715e+01 6.94102936e+01
    2.65545044e+01 1.74451538e+02 2.17079163e+00 2.05343643e+02
    4.87777100e+01 1.53230774e+02 4.24856644e+01 1.34282227e+02
    5.56131744e+00 1.15843147e+02 3.35817795e+01 7.54763794e+00
    1.13291664e+02 2.40689682e+02 1.11631241e+01 8.87017975e+01
    1.98101974e+02 1.89095825e+02 1.51911346e+02 1.76229172e+02
    7.07021866e+01 7.17932510e+01 2.14576813e+02 3.26511993e+01
    7.58065262e+01 3.74175720e+01 7.95560226e+01 2.16229736e+02
    1.16080673e+02 2.40155945e+02 2.45485565e+02 3.66370392e+01
    1.56590225e+02 2.49641632e+02 1.68432541e+01 1.65865280e+02
    1.79883438e+02 1.26009056e+02 1.15581787e+02 1.85862579e+02
    2.40898468e+02 2.31828659e+02 1.77977097e+02 1.78100204e+01
    1.03365761e+02 1.28489685e+02 1.94195419e+02 1.17831001e+02
    1.73279068e+02 1.15849182e+02 3.04326706e+01 1.81656952e+02
    1.57156326e+02 1.17613663e+02 2.45486969e+02 1.34099380e+02
    8.87548141e+01 2.31515686e+02 2.51044922e+02 8.86610413e+01
    1.76731033e+02 2.34156586e+02 1.35367966e+01 3.08102570e+01</data></grad>
<my_hist type_id="opencv-matrix">
  <rows>104</rows>
  <cols>1</cols>
  <dt>f</dt>
  <data>
    1. 0. 1. 1. 3. 2. 4. 1. 0. 0. 1. 4. 2. 2. 1. 2. 0. 1. 1. 1. 1. 0. 0.
    0. 0. 1. 0. 0. 2. 2. 1. 0. 1. 0. 1. 1. 3. 1. 0. 0. 0. 0. 1. 0. 0. 0.
    1. 6. 1. 0. 0. 2. 2. 0. 3. 0. 0. 0. 0. 0. 1. 1. 1. 3. 1. 0. 0. 1. 0.
    0. 2. 3. 1. 2. 1. 1. 2. 0. 0. 1. 1. 0. 0. 1. 1. 1. 0. 1. 1. 0. 1. 0.
    0. 0. 2. 1. 0. 1. 2. 3. 1. 1. 1. 1.</data></my_hist>
<your_hist type_id="opencv-matrix">
  <rows>104</rows>
  <cols>1</cols>
  <dt>f</dt>
  <data>
    1. 0. 1. 1. 3. 2. 4. 1. 0. 0. 1. 4. 2. 2. 1. 2. 0. 2. 0. 1. 1. 0. 0.
    0. 0. 1. 0. 1. 2. 1. 1. 0. 1. 0. 1. 4. 0. 1. 0. 0. 0. 1. 0. 0. 0. 1.
    4. 2. 1. 0. 1. 3. 0. 1. 2. 0. 0. 0. 0. 1. 0. 2. 0. 3. 1. 0. 1. 0. 0.
    1. 2. 3. 1. 1. 2. 1. 1. 0. 1. 1. 0. 0. 1. 0. 2. 0. 1. 1. 0. 1. 0. 0.
    0. 2. 1. 0. 1. 2. 3. 1. 1. 1. 1. 1.</data></your_hist>
<my_max_grad>2.5542318725585938e+02</my_max_grad>
<your_max_grad>2.5542318725585938e+02</your_max_grad>
</opencv_storage>
