<?xml version="1.0"?>
<opencv_storage>
<grad type_id="opencv-matrix">
  <rows>10</rows>
  <cols>10</cols>
  <dt>f</dt>
  <data>
    1.04008118e+02 1.14575813e+02 8.10939789e+00 2.00471069e+02
    1.71391144e+01 4.02482986e+01 1.87855347e+02 4.79549179e+01
    1.52903534e+02 1.31738205e+02 1.75367920e+02 1.15617622e+02
    2.08596420e+01 1.89703308e+02 6.61499786e+00 2.77046738e+01
    1.82498550e+02 2.05797516e+02 1.48950577e+02 1.12338066e+02
    4.10961533e+01 6.00958710e+01 7.07742920e+01 2.79330902e+01
    1.30237808e+02 3.15241623e+01 2.02616425e+01 1.61222870e+02
    1.76242188e+02 1.61051407e+01 3.99047470e+01 6.79602051e+00
    1.57534103e+01 2.41579163e+02 2.04191681e+02 1.10514114e+02
    1.47893646e+02 1.58988129e+02 8.55035400e+01 5.99092636e+01
    1.92875000e+02 1.18226028e+02 1.71307449e+01 8.58060074e+01
    1.47004211e+02 2.47232391e+02 7.83258972e+01 1.12377167e+01
    2.16622406e+02 1.07752167e+02 1.62888763e+02 8.37107086e+01
    2.96816559e+01 1.14641708e+02 7.89569092e+00 1.27251541e+02
    2.44792114e+02 8.49929810e+00 1.60820343e+02 1.09363228e+02
    2.39100418e+02 1.26947037e+02 1.60419952e+02 2.15779037e+01
    1.44566681e+02 2.33399658e+02 7.70536041e+01 2.21125488e+02
    1.79537994e+02 1.83929688e+02 1.27424477e+02 1.87592056e+02
    8.57034531e+01 1.87864868e+02 1.90260727e+02 1.64588135e+02
    8.72219696e+01 1.49610672e+02 2.84906616e+01 2.18954773e+01
    3.37965088e+01 7.81167068e+01 1.23173004e+02 1.17632614e+02
    7.51802444e+01 1.50392990e+02 1.73595078e+02 3.67670593e+01
    1.00503250e+02 1.83056503e+02 9.35866699e+01 1.12332809e+02
    2.44155609e+02 2.05418152e+02 4.10143967e+01 1.82625656e+01
    9.08937073e+01 1.25192673e+02 1.68955551e+02 3.85978241e+01</data></grad>
<my_hist type_id="opencv-matrix">
  <rows>90</rows>
  <cols>1</cols>
  <dt>f</dt>
  <data>
    0. 0. 4. 1. 1. 2. 3. 4. 0. 0. 4. 1. 1. 1. 5. 0. 0. 1. 0. 0. 0. 2. 0.
    0. 0. 1. 0. 1. 3. 0. 1. 4. 0. 1. 1. 0. 1. 1. 0. 2. 3. 2. 2. 1. 1. 1.
    3. 2. 0. 0. 0. 0. 1. 2. 3. 1. 0. 1. 3. 2. 0. 1. 0. 2. 1. 1. 3. 0. 3.
    2. 1. 0. 1. 0. 3. 0. 0. 0. 1. 0. 1. 0. 0. 0. 1. 0. 0. 2. 1. 1.</data></my_hist>
<your_hist type_id="opencv-matrix">
  <rows>90</rows>
  <cols>1</cols>
  <dt>f</dt>
  <data>
    0. 0. 4. 1. 1. 2. 3. 4. 0. 1. 3. 1. 1. 2. 4. 0. 0. 1. 0. 0. 0. 2. 0.
    0. 0. 1. 0. 2. 2. 0. 4. 1. 1. 1. 0. 0. 1. 1. 1. 2. 2. 3. 2. 0. 1. 4.
    1. 1. 0. 0. 0. 0. 2. 3. 1. 1. 0. 3. 2. 1. 1. 0. 1. 2. 1. 2. 1. 3. 2.
    1. 0. 0. 1. 2. 1. 0. 0. 1. 0. 1. 0. 0. 0. 0. 1. 0. 2. 1. 1. 1.</data></your_hist>
<my_max_grad>2.4723239135742188e+02</my_max_grad>
<your_max_grad>2.4723239135742188e+02</your_max_grad>
</opencv_storage>
