<?xml version="1.0"?>
<opencv_storage>
<grad type_id="opencv-matrix">
  <rows>10</rows>
  <cols>10</cols>
  <dt>f</dt>
  <data>
    1.99470795e+02 4.07004013e+01 5.01437454e+01 1.75536469e+02
    3.25410385e+01 1.60277527e+02 2.04095306e+02 3.33565216e+01
    5.52777557e+01 2.22317017e+02 3.47769775e+01 4.36155319e+01
    1.07401749e+02 4.03252487e+01 2.22215347e+02 1.05246979e+02
    1.93108429e+02 2.20603058e+02 7.44899750e+00 1.99991196e+02
    1.60017075e+02 8.55726624e+00 1.36632233e+02 1.21381294e+02
    5.96813049e+01 5.63773880e+01 3.46892548e+01 6.95025330e+01
    1.88507156e+02 1.15572952e+02 9.97156906e+01 1.34621765e+02
    1.87452515e+02 1.58279419e+02 4.05367508e+01 2.38290588e+02
    1.55718201e+02 1.77983841e+02 2.19630859e+02 1.80633240e+02
    8.07254028e+00 1.79350250e+02 5.04073334e+01 8.73160019e+01
    2.05702560e+02 1.65579712e+02 4.91394043e-01 1.62597763e+02
    1.42577209e+01 1.11216049e+01 1.00421181e+02 4.52531586e+01
    1.36209381e+02 1.66198181e+02 2.17140930e+02 9.27009583e+01
    1.16251083e+02 2.46795258e+02 6.55289383e+01 2.36846619e+02
    1.97735519e+01 2.22496216e+02 1.46411942e+02 2.36662903e+01
    1.45321625e+02 1.39280701e+02 6.93004837e+01 1.43931656e+02
    1.39834030e+02 1.35438599e+02 2.49705414e+02 9.28677826e+01
    1.63980865e+02 3.97854385e+01 2.45027802e+02 1.45641495e+02
    1.27705238e+02 2.26095642e+02 1.89328217e+02 1.76329590e+02
    7.57415924e+01 2.03476257e+02 1.92807739e+02 1.27927917e+02
    2.55931152e+02 1.47625290e+02 1.46676743e+02 1.13645836e+02
    1.13761833e+02 1.71718994e+02 1.78445892e+02 1.35185257e+02
    8.90189743e+01 1.06332886e+02 1.16793228e+02 1.85247925e+02
    1.50503723e+02 2.32204926e+02 2.28760025e+02 2.01647141e+02</data></grad>
<my_hist type_id="opencv-matrix">
  <rows>90</rows>
  <cols>1</cols>
  <dt>f</dt>
  <data>
    1. 0. 2. 2. 0. 1. 1. 0. 1. 0. 0. 2. 2. 1. 3. 2. 0. 2. 0. 2. 1. 0. 0.
    1. 2. 0. 1. 0. 0. 0. 1. 1. 2. 0. 0. 2. 0. 3. 0. 1. 3. 1. 1. 0. 2. 0.
    0. 4. 2. 1. 1. 5. 1. 0. 1. 1. 2. 2. 2. 0. 1. 1. 3. 2. 0. 2. 2. 2. 0.
    0. 3. 2. 1. 0. 0. 0. 1. 2. 3. 1. 1. 1. 0. 2. 0. 0. 2. 1. 0. 0.</data></my_hist>
<your_hist type_id="opencv-matrix">
  <rows>90</rows>
  <cols>1</cols>
  <dt>f</dt>
  <data>
    9.99999978e-03 0. 2.99999993e-02 9.99999978e-03 9.99999978e-03 0.
    9.99999978e-03 0. 9.99999978e-03 0. 0. 1.99999996e-02 1.99999996e-02
    9.99999978e-03 2.99999993e-02 1.99999996e-02 0. 1.99999996e-02 0.
    1.99999996e-02 9.99999978e-03 0. 9.99999978e-03 0. 1.99999996e-02 0.
    9.99999978e-03 0. 0. 0. 1.99999996e-02 0. 1.99999996e-02 0.
    1.99999996e-02 0. 1.99999996e-02 9.99999978e-03 0. 1.99999996e-02
    2.99999993e-02 0. 9.99999978e-03 0. 1.99999996e-02 0. 9.99999978e-03
    3.99999991e-02 1.99999996e-02 0. 3.99999991e-02 1.99999996e-02
    9.99999978e-03 0. 9.99999978e-03 2.99999993e-02 9.99999978e-03
    2.99999993e-02 0. 9.99999978e-03 0. 2.99999993e-02 2.99999993e-02 0.
    9.99999978e-03 2.99999993e-02 0. 1.99999996e-02 0. 1.99999996e-02
    2.99999993e-02 9.99999978e-03 0. 0. 0. 9.99999978e-03 1.99999996e-02
    2.99999993e-02 9.99999978e-03 9.99999978e-03 9.99999978e-03 0.
    1.99999996e-02 0. 0. 1.99999996e-02 9.99999978e-03 0. 0.
    9.99999978e-03</data></your_hist>
<my_max_grad>2.5593115234375000e+02</my_max_grad>
<your_max_grad>2.5593115234375000e+02</your_max_grad>
</opencv_storage>
