<?xml version="1.0"?>
<opencv_storage>
<grad type_id="opencv-matrix">
  <rows>10</rows>
  <cols>10</cols>
  <dt>f</dt>
  <data>
    2.17587357e+01 1.94213745e+02 1.86804718e+02 1.77751404e+02
    6.87277679e+01 1.12368752e+02 4.69111557e+01 1.68117569e+02
    1.10200829e+02 1.89705017e+02 7.88470306e+01 2.03230911e+02
    1.02963387e+02 1.97241150e+02 2.11986511e+02 1.80864151e+02
    1.49479156e+02 1.99702713e+02 2.02281784e+02 3.69979858e-01
    5.53115311e+01 2.08827179e+02 8.08190308e+01 2.27534210e+02
    1.76706177e+02 1.55743546e+02 1.33761871e+02 2.53844696e+02
    2.14314514e+02 1.17118927e+02 1.28918411e+02 1.95601257e+02
    1.37756851e+02 1.19989265e+02 1.48511475e+02 1.77874649e+02
    1.32589005e+02 1.73473892e+01 2.51419754e+01 1.67994431e+02
    6.02020493e+01 9.05161591e+01 1.40069580e+00 1.28892609e+02
    1.13673508e+02 3.14241791e+00 1.88232956e+02 2.12230682e+02
    2.33759460e+01 8.45965118e+01 7.93713455e+01 1.82962097e+02
    1.28268127e+01 2.87457352e+01 1.91145721e+02 1.62906235e+02
    7.70793915e+00 1.15000610e+02 2.44616287e+02 2.44026657e+02
    5.66343842e+01 2.55823044e+02 1.54315689e+02 2.86300659e-01
    4.43358612e+00 5.99864502e+01 1.25188141e+01 1.42810852e+02
    1.17026459e+02 1.28607697e+02 5.42098541e+01 1.81964050e+02
    1.63015350e+02 1.73655075e+02 1.82167603e+02 2.88095093e+01
    7.99500198e+01 2.42173676e+02 5.78962555e+01 4.80058136e+01
    8.34075928e+01 4.89348450e+01 1.71464386e+02 6.26684418e+01
    1.10782532e+02 1.15355965e+02 1.62388824e+02 5.60709381e+01
    5.25128708e+01 2.24436218e+02 1.57002365e+02 5.01375046e+01
    1.17963058e+02 4.61945572e+01 2.27942139e+02 1.15940186e+02
    2.50894348e+02 1.91838165e+02 2.45857239e+01 1.47453522e+02</data></grad>
<my_hist type_id="opencv-matrix">
  <rows>100</rows>
  <cols>1</cols>
  <dt>f</dt>
  <data>
    3. 2. 0. 1. 1. 1. 1. 0. 1. 3. 0. 2. 0. 0. 0. 0. 0. 0. 3. 2. 1. 3. 2.
    2. 1. 0. 1. 0. 0. 0. 1. 3. 1. 1. 0. 1. 0. 0. 0. 0. 1. 0. 0. 3. 2. 4.
    2. 0. 0. 0. 3. 1. 1. 1. 0. 1. 0. 1. 2. 0. 2. 1. 0. 3. 0. 2. 0. 2. 0.
    3. 1. 3. 0. 2. 3. 1. 1. 1. 1. 2. 0. 1. 2. 1. 0. 0. 0. 1. 1. 1. 0. 0.
    0. 0. 1. 2. 0. 0. 1. 1.</data></my_hist>
<your_hist type_id="opencv-matrix">
  <rows>100</rows>
  <cols>1</cols>
  <dt>f</dt>
  <data>
    2.99999993e-02 1.99999996e-02 9.99999978e-03 0. 1.99999996e-02 0.
    9.99999978e-03 0. 9.99999978e-03 2.99999993e-02 0. 1.99999996e-02 0.
    0. 0. 0. 0. 9.99999978e-03 2.99999993e-02 9.99999978e-03
    1.99999996e-02 2.99999993e-02 9.99999978e-03 1.99999996e-02
    9.99999978e-03 0. 9.99999978e-03 0. 0. 0. 2.99999993e-02
    9.99999978e-03 1.99999996e-02 0. 0. 9.99999978e-03 0. 0. 0.
    9.99999978e-03 0. 0. 1.99999996e-02 1.99999996e-02 2.99999993e-02
    2.99999993e-02 9.99999978e-03 0. 0. 2.99999993e-02 0. 1.99999996e-02
    0. 9.99999978e-03 0. 9.99999978e-03 0. 2.99999993e-02 0.
    9.99999978e-03 1.99999996e-02 0. 9.99999978e-03 1.99999996e-02 0.
    1.99999996e-02 9.99999978e-03 9.99999978e-03 2.99999993e-02
    9.99999978e-03 2.99999993e-02 0. 1.99999996e-02 1.99999996e-02
    9.99999978e-03 1.99999996e-02 9.99999978e-03 9.99999978e-03
    1.99999996e-02 0. 9.99999978e-03 0. 2.99999993e-02 0. 0. 0.
    9.99999978e-03 0. 1.99999996e-02 0. 0. 0. 0. 9.99999978e-03
    1.99999996e-02 0. 0. 9.99999978e-03 9.99999978e-03 9.99999978e-03</data></your_hist>
<my_max_grad>2.5582304382324219e+02</my_max_grad>
<your_max_grad>2.5582304382324219e+02</your_max_grad>
</opencv_storage>
