<?xml version="1.0"?>
<opencv_storage>
<L2_diff>3.2547494446159571e+03</L2_diff>
<test_hist type_id="opencv-matrix">
  <rows>256</rows>
  <cols>1</cols>
  <dt>f</dt>
  <data>
    7.48293457e+02 2.64183350e+02 6.29038391e+01 2.96331482e+01
    7.02910767e+02 9.98510681e+02 7.46304321e+00 8.68430298e+02
    2.59133606e+02 8.98962036e+02 9.59186279e+02 9.17572388e+02
    7.03357300e+02 6.41418518e+02 9.85174561e+02 2.80532532e+02
    7.54345093e+02 7.55235413e+02 7.23701111e+02 9.73650208e+02
    6.25036255e+02 9.34822937e+02 6.75794495e+02 9.23654541e+02
    6.56303711e+02 8.99846008e+02 5.76253418e+02 9.05336304e+02
    3.70459595e+02 1.21448853e+02 9.35503906e+02 6.74508789e+02
    8.38590698e+01 7.52737366e+02 3.98954468e+02 8.45940247e+02
    5.97237549e+01 7.30333252e+02 3.59676392e+02 9.69561646e+02
    2.53677368e+01 2.65547760e+02 9.22421631e+02 4.25952820e+02
    1.99829376e+02 4.95318878e+02 3.07481384e+01 7.93116577e+02
    3.70744019e+02 2.18128998e+02 5.87658142e+02 7.03940735e+02
    2.75251465e+02 5.54484070e+02 5.39867798e+02 6.02695129e+02
    9.70482910e+02 6.96958252e+02 6.53883606e+02 6.62101746e+02
    4.40942993e+02 8.67822876e+02 1.92540741e+02 9.52878662e+02
    1.97184448e+01 3.43528839e+02 3.39859436e+02 9.58994873e+02
    8.00379395e+02 2.94058777e+02 8.76879883e+00 1.95427551e+02
    6.73325439e+02 2.15162964e+01 5.82371277e+02 9.57458069e+02
    6.42190552e+00 6.97358154e+02 5.21489868e+01 8.07988037e+02
    5.07461304e+02 9.88325684e+02 1.92865356e+02 1.03086731e+02
    7.32394897e+02 2.04244995e+02 5.91039307e+02 5.70046631e+02
    4.24828857e+02 4.99401031e+02 1.54619720e+02 2.39109619e+02
    9.71019287e+02 8.72580872e+02 8.65172852e+02 5.74829468e+02
    7.35961914e+01 1.10494324e+02 4.99676575e+02 7.67153687e+02
    6.35256653e+02 7.42709656e+01 8.20388855e+02 7.13844421e+02
    4.60843933e+02 7.89594116e+02 3.75950897e+02 6.65701416e+02
    7.47197754e+02 7.48000305e+02 9.47025818e+02 8.02209473e+01
    6.16899963e+02 5.14955505e+02 1.06936646e+00 6.74069336e+02
    9.79982605e+02 4.62959076e+02 9.22899170e+02 8.85955933e+02
    4.70674316e+02 6.97408936e+02 2.15504395e+02 6.57374634e+02
    1.11260956e+02 4.28408447e+02 3.99385559e+02 6.35175171e+02
    3.02216675e+02 4.63692841e+02 5.27057190e+02 5.88666687e+02
    9.36454346e+02 1.69165924e+02 8.73140503e+02 4.59624207e+02
    5.32747437e+02 6.56407593e+02 1.83741913e+02 2.45534027e+02
    9.14833801e+02 1.01302673e+02 2.14840515e+02 8.57523804e+02
    3.19584045e+01 7.61855225e+02 3.72524963e+02 7.70942444e+02
    8.82351929e+02 5.60604248e+02 5.36280823e+02 8.36621582e+02
    8.38450562e+02 8.26849487e+02 4.55359436e+02 4.70299683e+01
    6.67422729e+02 8.84245850e+02 1.07351349e+02 3.77403992e+02
    2.44457840e+02 1.37386139e+02 2.63501740e+02 1.03033630e+02
    9.26833801e+01 4.34898346e+02 9.84833008e+02 9.11628418e+01
    5.76739502e+00 6.39292969e+02 5.58859680e+02 2.08502197e+00
    8.15086914e+02 4.14349121e+02 2.24210571e+02 5.90289856e+02
    1.15718140e+02 2.56714478e+02 5.08490356e+02 5.93078064e+02
    9.19065430e+02 4.52383667e+02 9.11423828e+02 1.87838928e+02
    2.64129578e+02 6.91878174e+02 4.73851990e+02 3.15031799e+02
    2.64534241e+02 9.56748474e+02 3.86382385e+02 5.74612488e+02
    8.39364136e+02 3.16605835e+02 6.12518616e+02 1.08503265e+02
    4.47944824e+02 4.61424011e+02 1.93662445e+02 4.20345123e+02
    9.33043091e+02 5.36099182e+02 1.07507965e+02 4.40151978e+02
    7.87809082e+02 4.49759369e+02 2.91922028e+02 5.23936035e+02
    5.02538696e+02 6.36396851e+02 1.04992157e+02 7.75743225e+02
    8.04824707e+02 6.79101074e+02 1.03710907e+02 8.19615967e+02
    9.90234497e+02 1.61064850e+02 4.00166229e+02 4.74823669e+02
    9.12939087e+02 6.06394897e+02 8.15791138e+02 3.00952209e+02
    6.82182007e+01 2.79805847e+02 2.80060089e+02 1.28748138e+02
    5.60680054e+02 3.37059570e+02 4.46434692e+02 8.80447266e+02
    7.52677612e+02 9.50112488e+02 7.66846069e+02 2.39380371e+02
    8.10437012e+00 5.74371826e+02 5.24560425e+02 3.47607300e+02
    1.81942139e+01 3.95400513e+02 7.45427917e+02 4.40469482e+02
    6.98222412e+02 4.71848816e+02 2.07157440e+02 2.38202484e+02
    2.07178467e+02 5.68266479e+02 7.48894409e+02 4.27385529e+02
    8.94493408e+02 6.57211792e+02 7.72505188e+02 3.51948761e+02</data></test_hist>
<CL>515</CL>
<my_hist type_id="opencv-matrix">
  <rows>256</rows>
  <cols>1</cols>
  <dt>f</dt>
  <data>
    6.41496338e+02 3.90679688e+02 1.89400162e+02 1.56129471e+02
    6.41496338e+02 6.41496338e+02 1.33959366e+02 6.41496338e+02
    3.85629944e+02 6.41496338e+02 6.41496338e+02 6.41496338e+02
    6.41496338e+02 6.41496338e+02 6.41496338e+02 4.07028870e+02
    6.41496338e+02 6.41496338e+02 6.41496338e+02 6.41496338e+02
    6.41496338e+02 6.41496338e+02 6.41496338e+02 6.41496338e+02
    6.41496338e+02 6.41496338e+02 6.41496338e+02 6.41496338e+02
    4.96955933e+02 2.47945175e+02 6.41496338e+02 6.41496338e+02
    2.10355392e+02 6.41496338e+02 5.25450806e+02 6.41496338e+02
    1.86220078e+02 6.41496338e+02 4.86172729e+02 6.41496338e+02
    1.51864059e+02 3.92044067e+02 6.41496338e+02 5.52449158e+02
    3.26325684e+02 6.21815186e+02 1.57244461e+02 6.41496338e+02
    4.97240356e+02 3.44625305e+02 6.41496338e+02 6.41496338e+02
    4.01747803e+02 6.41496338e+02 6.41496338e+02 6.41496338e+02
    6.41496338e+02 6.41496338e+02 6.41496338e+02 6.41496338e+02
    5.67439331e+02 6.41496338e+02 3.19037048e+02 6.41496338e+02
    1.46214767e+02 4.70025146e+02 4.66355774e+02 6.41496338e+02
    6.41496338e+02 4.20555115e+02 1.35265121e+02 3.21923889e+02
    6.41496338e+02 1.48012619e+02 6.41496338e+02 6.41496338e+02
    1.32918228e+02 6.41496338e+02 1.78645309e+02 6.41496338e+02
    6.33957642e+02 6.41496338e+02 3.19361694e+02 2.29583054e+02
    6.41496338e+02 3.30741333e+02 6.41496338e+02 6.41496338e+02
    5.51325195e+02 6.25897339e+02 2.81116028e+02 3.65605957e+02
    6.41496338e+02 6.41496338e+02 6.41496338e+02 6.41496338e+02
    2.00092514e+02 2.36990646e+02 6.26172913e+02 6.41496338e+02
    6.41496338e+02 2.00767288e+02 6.41496338e+02 6.41496338e+02
    5.87340271e+02 6.41496338e+02 5.02447205e+02 6.41496338e+02
    6.41496338e+02 6.41496338e+02 6.41496338e+02 2.06717270e+02
    6.41496338e+02 6.41451843e+02 1.27565689e+02 6.41496338e+02
    6.41496338e+02 5.89455383e+02 6.41496338e+02 6.41496338e+02
    5.97170654e+02 6.41496338e+02 3.42000732e+02 6.41496338e+02
    2.37757278e+02 5.54904785e+02 5.25881897e+02 6.41496338e+02
    4.28713013e+02 5.90189148e+02 6.41496338e+02 6.41496338e+02
    6.41496338e+02 2.95662231e+02 6.41496338e+02 5.86120544e+02
    6.41496338e+02 6.41496338e+02 3.10238220e+02 3.72030334e+02
    6.41496338e+02 2.27798996e+02 3.41336853e+02 6.41496338e+02
    1.58454727e+02 6.41496338e+02 4.99021301e+02 6.41496338e+02
    6.41496338e+02 6.41496338e+02 6.41496338e+02 6.41496338e+02
    6.41496338e+02 6.41496338e+02 5.81855774e+02 1.73526291e+02
    6.41496338e+02 6.41496338e+02 2.33847672e+02 5.03900330e+02
    3.70954163e+02 2.63882446e+02 3.89998047e+02 2.29529953e+02
    2.19179703e+02 5.61394653e+02 6.41496338e+02 2.17659164e+02
    1.32263718e+02 6.41496338e+02 6.41496338e+02 1.28581345e+02
    6.41496338e+02 5.40845459e+02 3.50706909e+02 6.41496338e+02
    2.42214462e+02 3.83210815e+02 6.34986694e+02 6.41496338e+02
    6.41496338e+02 5.78880005e+02 6.41496338e+02 3.14335266e+02
    3.90625916e+02 6.41496338e+02 6.00348328e+02 4.41528137e+02
    3.91030579e+02 6.41496338e+02 5.12878723e+02 6.41496338e+02
    6.41496338e+02 4.43102173e+02 6.41496338e+02 2.34999588e+02
    5.74441162e+02 5.87920349e+02 3.20158752e+02 5.46841431e+02
    6.41496338e+02 6.41496338e+02 2.34004288e+02 5.66648315e+02
    6.41496338e+02 5.76255676e+02 4.18418335e+02 6.41496338e+02
    6.29035034e+02 6.41496338e+02 2.31488480e+02 6.41496338e+02
    6.41496338e+02 6.41496338e+02 2.30207230e+02 6.41496338e+02
    6.41496338e+02 2.87561157e+02 5.26662537e+02 6.01320007e+02
    6.41496338e+02 6.41496338e+02 6.41496338e+02 4.27448547e+02
    1.94714523e+02 4.06302185e+02 4.06556396e+02 2.55244461e+02
    6.41496338e+02 4.63555908e+02 5.72931030e+02 6.41496338e+02
    6.41496338e+02 6.41496338e+02 6.41496338e+02 3.65876709e+02
    1.34600693e+02 6.41496338e+02 6.41496338e+02 4.74103638e+02
    1.44690536e+02 5.21896851e+02 6.41496338e+02 5.66965820e+02
    6.41496338e+02 5.98345154e+02 3.33653748e+02 3.64698792e+02
    3.33674805e+02 6.41496338e+02 6.41496338e+02 5.53881836e+02
    6.41496338e+02 6.41496338e+02 6.41496338e+02 4.78445068e+02</data></my_hist>
<your_hist type_id="opencv-matrix">
  <rows>256</rows>
  <cols>1</cols>
  <dt>f</dt>
  <data>
    8.74789795e+02 3.90679688e+02 1.89400162e+02 1.56129471e+02
    8.29407104e+02 1.12500696e+03 1.33959366e+02 9.94926636e+02
    3.85629944e+02 1.02545837e+03 1.08568262e+03 1.04406873e+03
    8.29853638e+02 7.67914856e+02 1.11167090e+03 4.07028870e+02
    8.80841431e+02 8.81731750e+02 8.50197449e+02 1.10014648e+03
    7.51532593e+02 1.06131921e+03 8.02290833e+02 1.05015088e+03
    7.82800049e+02 1.02634229e+03 7.02749756e+02 1.03183264e+03
    4.96955933e+02 2.47945175e+02 1.06200024e+03 8.01005127e+02
    2.10355392e+02 8.79233704e+02 5.25450806e+02 9.72436584e+02
    1.86220078e+02 8.56829590e+02 4.86172729e+02 1.09605798e+03
    1.51864059e+02 3.92044067e+02 1.04891797e+03 5.52449158e+02
    3.26325684e+02 6.21815186e+02 1.57244461e+02 9.19612915e+02
    4.97240356e+02 3.44625305e+02 7.14154480e+02 8.30437073e+02
    4.01747803e+02 6.80980408e+02 6.66364136e+02 7.29191467e+02
    1.09697925e+03 8.23454590e+02 7.80379944e+02 7.88598083e+02
    5.67439331e+02 9.94319214e+02 3.19037048e+02 1.07937500e+03
    1.46214767e+02 4.70025146e+02 4.66355774e+02 1.08549121e+03
    9.26875732e+02 4.20555115e+02 1.35265121e+02 3.21923889e+02
    7.99821777e+02 1.48012619e+02 7.08867615e+02 1.08395435e+03
    1.32918228e+02 8.23854492e+02 1.78645309e+02 9.34484375e+02
    6.33957642e+02 1.11482202e+03 3.19361694e+02 2.29583054e+02
    8.58891235e+02 3.30741333e+02 7.17535645e+02 6.96542969e+02
    5.51325195e+02 6.25897339e+02 2.81116028e+02 3.65605957e+02
    1.09751562e+03 9.99077209e+02 9.91669189e+02 7.01325806e+02
    2.00092514e+02 2.36990646e+02 6.26172913e+02 8.93650024e+02
    7.61752991e+02 2.00767288e+02 9.46885193e+02 8.40340759e+02
    5.87340271e+02 9.16090454e+02 5.02447205e+02 7.92197754e+02
    8.73694092e+02 8.74496643e+02 1.07352209e+03 2.06717270e+02
    7.43396301e+02 6.41451843e+02 1.27565689e+02 8.00565674e+02
    1.10647888e+03 5.89455383e+02 1.04939551e+03 1.01245227e+03
    5.97170654e+02 8.23905273e+02 3.42000732e+02 7.83870972e+02
    2.37757278e+02 5.54904785e+02 5.25881897e+02 7.61671509e+02
    4.28713013e+02 5.90189148e+02 6.53553528e+02 7.15163025e+02
    1.06295068e+03 2.95662231e+02 9.99636841e+02 5.86120544e+02
    6.59243774e+02 7.82903931e+02 3.10238220e+02 3.72030334e+02
    1.04133008e+03 2.27798996e+02 3.41336853e+02 9.84020142e+02
    1.58454727e+02 8.88351562e+02 4.99021301e+02 8.97438782e+02
    1.00884827e+03 6.87100586e+02 6.62777161e+02 9.63117920e+02
    9.64946899e+02 9.53345825e+02 5.81855774e+02 1.73526291e+02
    7.93919067e+02 1.01074219e+03 2.33847672e+02 5.03900330e+02
    3.70954163e+02 2.63882446e+02 3.89998047e+02 2.29529953e+02
    2.19179703e+02 5.61394653e+02 1.11132935e+03 2.17659164e+02
    1.32263718e+02 7.65789307e+02 6.85356018e+02 1.28581345e+02
    9.41583252e+02 5.40845459e+02 3.50706909e+02 7.16786194e+02
    2.42214462e+02 3.83210815e+02 6.34986694e+02 7.19574402e+02
    1.04556177e+03 5.78880005e+02 1.03792017e+03 3.14335266e+02
    3.90625916e+02 8.18374512e+02 6.00348328e+02 4.41528137e+02
    3.91030579e+02 1.08324475e+03 5.12878723e+02 7.01108826e+02
    9.65860474e+02 4.43102173e+02 7.39014954e+02 2.34999588e+02
    5.74441162e+02 5.87920349e+02 3.20158752e+02 5.46841431e+02
    1.05953943e+03 6.62595520e+02 2.34004288e+02 5.66648315e+02
    9.14305420e+02 5.76255676e+02 4.18418335e+02 6.50432373e+02
    6.29035034e+02 7.62893188e+02 2.31488480e+02 9.02239563e+02
    9.31321045e+02 8.05597412e+02 2.30207230e+02 9.46112305e+02
    1.11673083e+03 2.87561157e+02 5.26662537e+02 6.01320007e+02
    1.03943542e+03 7.32891235e+02 9.42287476e+02 4.27448547e+02
    1.94714523e+02 4.06302185e+02 4.06556396e+02 2.55244461e+02
    6.87176392e+02 4.63555908e+02 5.72931030e+02 1.00694360e+03
    8.79173950e+02 1.07660876e+03 8.93342407e+02 3.65876709e+02
    1.34600693e+02 7.00868164e+02 6.51056763e+02 4.74103638e+02
    1.44690536e+02 5.21896851e+02 8.71924255e+02 5.66965820e+02
    8.24718750e+02 5.98345154e+02 3.33653748e+02 3.64698792e+02
    3.33674805e+02 6.94762817e+02 8.75390747e+02 5.53881836e+02
    1.02098975e+03 7.83708130e+02 8.99001526e+02 4.78445068e+02</data></your_hist>
</opencv_storage>
