<?xml version="1.0"?>
<opencv_storage>
<grad type_id="opencv-matrix">
  <rows>10</rows>
  <cols>10</cols>
  <dt>f</dt>
  <data>
    4.22326813e+01 1.35462524e+02 8.01735687e+00 9.17482758e+00
    6.93952942e+01 1.82681824e+02 2.25577652e+02 6.66704407e+01
    1.43871674e+02 2.22216064e+02 2.44118500e+02 1.91117462e+02
    7.92918472e+01 3.99914398e+01 2.39125900e+01 1.01269211e+02
    8.55398560e+01 8.12049026e+01 2.28131927e+02 1.83816666e+02
    9.34411163e+01 8.36084595e+01 1.43313126e+02 4.37014542e+01
    1.32999084e+02 3.17479401e+01 6.40146790e+01 1.81994339e+02
    1.83347900e+02 4.80338440e+01 9.66293793e+01 2.01898895e+02
    1.64340851e+02 1.01859741e+02 1.55537582e+02 1.49154358e+02
    2.36693527e+02 2.31469696e+02 7.30290833e+01 7.29319763e+01
    8.18503723e+01 7.60829468e+01 7.83748245e+01 2.26475281e+02
    2.54773895e+02 1.68998718e+00 2.36497711e+02 2.43931610e+02
    8.09098816e+01 2.29978821e+02 1.13989288e+02 1.71919708e+01
    1.17855759e+01 1.68175507e+02 1.47953949e+01 2.51562500e+02
    9.27965546e+00 1.69733856e+02 6.87598724e+01 1.02836586e+02
    1.78035782e+02 1.76458908e+02 2.12219162e+02 2.43253784e+02
    1.38472473e+02 1.12277321e+02 2.27838882e+02 9.49882736e+01
    1.09185402e+02 1.70819321e+01 1.09046440e+02 9.68406448e+01
    2.46219421e+02 1.87337494e+02 8.23189087e+01 1.30293762e+02
    1.45862747e+02 1.01755829e+02 4.21689301e+01 2.41326813e+02
    2.25864670e+02 2.46170792e+02 2.43904327e+02 1.85821259e+02
    5.52114334e+01 1.36139481e+02 2.05720352e+02 2.54302582e+02
    1.22664307e+02 1.20966423e+02 2.06301422e+02 5.01580048e+01
    1.16792824e+02 1.11060402e+02 7.31958008e+00 2.02567780e+02
    1.80382919e+02 2.11216537e+02 2.18991684e+02 7.75001221e+01</data></grad>
<my_hist type_id="opencv-matrix">
  <rows>93</rows>
  <cols>1</cols>
  <dt>f</dt>
  <data>
    1. 0. 2. 2. 1. 1. 2. 0. 1. 0. 0. 1. 0. 0. 1. 3. 0. 1. 1. 0. 1. 0. 0.
    1. 1. 2. 2. 1. 3. 3. 2. 1. 0. 0. 2. 2. 1. 3. 0. 2. 2. 1. 1. 0. 2. 0.
    0. 1. 1. 2. 1. 0. 2. 1. 1. 0. 1. 0. 0. 1. 0. 2. 0. 0. 2. 1. 3. 2. 1.
    1. 0. 0. 0. 2. 0. 2. 0. 2. 0. 1. 0. 1. 3. 3. 1. 0. 2. 0. 2. 5. 0. 1.
    1.</data></my_hist>
<your_hist type_id="opencv-matrix">
  <rows>93</rows>
  <cols>1</cols>
  <dt>f</dt>
  <data>
    9.99999978e-03 0. 1.99999996e-02 1.99999996e-02 9.99999978e-03
    9.99999978e-03 1.99999996e-02 0. 9.99999978e-03 0. 0. 9.99999978e-03
    0. 0. 9.99999978e-03 2.99999993e-02 0. 9.99999978e-03 9.99999978e-03
    0. 9.99999978e-03 0. 0. 9.99999978e-03 9.99999978e-03 1.99999996e-02
    1.99999996e-02 9.99999978e-03 2.99999993e-02 2.99999993e-02
    1.99999996e-02 9.99999978e-03 0. 0. 1.99999996e-02 1.99999996e-02
    9.99999978e-03 2.99999993e-02 0. 1.99999996e-02 1.99999996e-02
    9.99999978e-03 9.99999978e-03 0. 1.99999996e-02 0. 0. 9.99999978e-03
    9.99999978e-03 1.99999996e-02 9.99999978e-03 0. 1.99999996e-02
    9.99999978e-03 9.99999978e-03 0. 9.99999978e-03 0. 0. 9.99999978e-03
    0. 1.99999996e-02 0. 0. 1.99999996e-02 9.99999978e-03 2.99999993e-02
    1.99999996e-02 9.99999978e-03 9.99999978e-03 0. 0. 0. 1.99999996e-02
    0. 1.99999996e-02 0. 1.99999996e-02 0. 9.99999978e-03 0.
    9.99999978e-03 2.99999993e-02 2.99999993e-02 9.99999978e-03 0.
    1.99999996e-02 0. 1.99999996e-02 4.99999970e-02 0. 9.99999978e-03
    1.99999996e-02</data></your_hist>
<my_max_grad>2.5477389526367188e+02</my_max_grad>
<your_max_grad>2.5477389526367188e+02</your_max_grad>
</opencv_storage>
