<?xml version="1.0"?>
<opencv_storage>
<grad type_id="opencv-matrix">
  <rows>10</rows>
  <cols>10</cols>
  <dt>f</dt>
  <data>
    2.21524857e+02 1.46805527e+02 5.21228409e+01 2.50167114e+02
    1.20809135e+02 2.11140411e+02 2.14714813e+02 1.45425522e+02
    3.80749359e+01 3.29091873e+01 3.35282593e+01 1.93635620e+02
    3.13135300e+01 1.90225403e+02 1.54493225e+02 6.16291351e+01
    1.51172882e+02 1.47079941e+02 1.35948166e+02 1.07298355e+01
    2.14695023e+02 1.31207916e+02 3.71967773e+01 1.18984680e+02
    1.08136421e+02 5.50665207e+01 2.42127792e+02 1.71675598e+02
    2.30379517e+02 9.91666183e+01 1.06886940e+02 3.13600006e+01
    1.73847656e+02 1.06887634e+02 1.67137146e+00 2.43317596e+02
    2.58192978e+01 1.30287262e+02 5.33722839e+01 3.34851456e+01
    1.66407593e+02 5.79209671e+01 1.05362976e+02 1.55855560e+01
    6.01881790e+01 1.56970383e+02 8.97909164e+01 1.82269714e+02
    1.72315979e+02 2.12128906e+02 2.36845947e+02 4.97105331e+01
    2.11498077e+02 8.78020325e+01 5.68238449e+01 5.66346893e+01
    6.23686142e+01 1.17886658e+01 6.15970688e+01 2.20041687e+02
    2.26155930e+01 2.37916809e+02 1.54662506e+02 3.69278641e+01
    1.80582809e+01 1.73269012e+02 1.53796661e+02 1.04658493e+02
    6.78857880e+01 2.00806885e+01 2.00092010e+02 5.32278976e+01
    7.16311188e+01 6.17243271e+01 2.84079437e+01 6.22509308e+01
    1.12104454e+02 1.93660751e+02 4.28663712e+01 2.47470856e+02
    2.24489990e+02 1.16763222e+02 1.58915070e+02 3.73931885e+00
    2.07678528e+02 2.18232239e+02 1.74762054e+02 1.89407776e+02
    1.68459656e+02 1.30518127e+02 1.27094757e+02 1.25694016e+02
    1.04457993e+02 1.53563354e+02 1.22080460e+02 1.50980652e+02
    2.06488007e+02 2.79864731e+01 8.43158951e+01 1.83661560e+02</data></grad>
<my_hist type_id="opencv-matrix">
  <rows>99</rows>
  <cols>1</cols>
  <dt>f</dt>
  <data>
    1. 1. 0. 0. 2. 0. 1. 2. 1. 0. 1. 2. 2. 3. 2. 1. 1. 0. 0. 1. 1. 3. 3.
    1. 5. 0. 1. 0. 1. 0. 0. 0. 0. 1. 1. 1. 0. 0. 0. 1. 0. 3. 3. 0. 1. 0.
    1. 2. 1. 1. 1. 3. 0. 1. 0. 0. 0. 1. 2. 2. 2. 2. 2. 0. 0. 1. 1. 1. 3.
    1. 0. 0. 2. 0. 1. 1. 2. 0. 0. 1. 0. 1. 1. 3. 2. 0. 1. 2. 1. 0. 0. 1.
    0. 1. 1. 1. 1. 1. 0.</data></my_hist>
<your_hist type_id="opencv-matrix">
  <rows>99</rows>
  <cols>1</cols>
  <dt>f</dt>
  <data>
    9.99999978e-03 9.99999978e-03 0. 0. 1.99999996e-02 0. 9.99999978e-03
    1.99999996e-02 9.99999978e-03 0. 9.99999978e-03 1.99999996e-02
    1.99999996e-02 2.99999993e-02 1.99999996e-02 9.99999978e-03
    9.99999978e-03 0. 0. 9.99999978e-03 9.99999978e-03 2.99999993e-02
    2.99999993e-02 9.99999978e-03 4.99999970e-02 0. 9.99999978e-03 0.
    9.99999978e-03 0. 0. 0. 0. 9.99999978e-03 9.99999978e-03
    9.99999978e-03 0. 0. 0. 9.99999978e-03 0. 2.99999993e-02
    2.99999993e-02 0. 9.99999978e-03 0. 9.99999978e-03 1.99999996e-02
    9.99999978e-03 9.99999978e-03 9.99999978e-03 2.99999993e-02 0.
    9.99999978e-03 0. 0. 0. 9.99999978e-03 1.99999996e-02 1.99999996e-02
    1.99999996e-02 1.99999996e-02 1.99999996e-02 0. 0. 9.99999978e-03
    9.99999978e-03 9.99999978e-03 2.99999993e-02 9.99999978e-03 0. 0.
    1.99999996e-02 0. 9.99999978e-03 9.99999978e-03 1.99999996e-02 0. 0.
    9.99999978e-03 0. 9.99999978e-03 9.99999978e-03 2.99999993e-02
    1.99999996e-02 0. 9.99999978e-03 1.99999996e-02 9.99999978e-03 0. 0.
    9.99999978e-03 0. 9.99999978e-03 9.99999978e-03 9.99999978e-03
    9.99999978e-03 9.99999978e-03 9.99999978e-03</data></your_hist>
<my_max_grad>2.5016711425781250e+02</my_max_grad>
<your_max_grad>2.5016711425781250e+02</your_max_grad>
</opencv_storage>
