<?xml version="1.0"?>
<opencv_storage>
<grad type_id="opencv-matrix">
  <rows>10</rows>
  <cols>10</cols>
  <dt>f</dt>
  <data>
    1.41766663e+02 2.51469269e+02 2.06238800e+02 3.94472580e+01
    9.10065079e+01 1.29314835e+02 1.91746704e+02 1.62218704e+01
    2.01799500e+02 1.92596664e+01 1.29018311e+02 1.57656006e+02
    6.33393936e+01 1.58730087e+01 6.37365417e+01 6.72554016e-01
    1.23498871e+02 2.29548401e+02 1.35792542e+02 1.01028885e+02
    2.19456696e+02 1.57629913e+02 2.41469894e+02 9.88061600e+01
    4.25702667e+01 1.66052200e+02 1.91396561e+02 1.28909241e+02
    1.77431595e+02 1.20422539e+02 1.44624542e+02 2.23332703e+02
    9.16715698e+01 1.09789658e+02 1.78692825e+02 1.72454559e+02
    1.82816833e+02 1.29721680e+01 2.19275055e+02 2.42540192e+02
    1.96852875e+02 9.49362793e+01 1.98717056e+02 1.44821228e+02
    1.18751442e+02 1.01756218e+02 1.58604950e+02 3.01100922e+01
    2.13079376e+02 2.04128906e+02 1.42450073e+02 2.39683502e+02
    2.06174225e+02 5.40007172e+01 3.04563065e+01 7.35457153e+01
    1.84599792e+02 4.74003601e+01 2.08492889e+02 1.08977661e+02
    2.00284393e+02 1.65946747e+02 1.23114159e+02 8.42090607e+01
    2.05834213e+02 2.10072693e+02 1.18439407e+01 2.07103516e+02
    2.06981369e+02 5.03094025e+01 1.50770721e+02 2.05971100e+02
    9.33100052e+01 1.35952713e+02 2.45152222e+02 2.07504395e+02
    9.54722443e+01 2.49167053e+02 1.32383057e+02 1.06049370e+02
    1.46034805e+02 2.24757141e+02 9.94711227e+01 8.37257538e+01
    5.82483063e+01 9.92435379e+01 9.35493088e+01 2.35808258e+02
    8.54164276e+01 2.42583618e+02 2.18313599e+02 1.12371445e+01
    1.54398422e+01 1.88842682e+02 4.92351990e+01 1.74862839e+02
    1.28061218e+02 8.02745285e+01 1.82649963e+02 9.69679413e+01</data></grad>
<my_hist type_id="opencv-matrix">
  <rows>91</rows>
  <cols>1</cols>
  <dt>f</dt>
  <data>
    1. 0. 0. 0. 3. 3. 1. 0. 0. 0. 1. 1. 0. 0. 1. 1. 0. 2. 1. 1. 0. 1. 1.
    1. 0. 0. 1. 0. 0. 1. 3. 0. 1. 3. 2. 4. 2. 0. 1. 2. 0. 0. 1. 1. 2. 0.
    4. 1. 0. 2. 0. 2. 3. 0. 1. 0. 0. 3. 0. 0. 2. 0. 1. 1. 2. 0. 3. 0. 1.
    2. 0. 2. 1. 2. 6. 2. 1. 1. 0. 3. 1. 1. 0. 1. 0. 1. 1. 3. 1. 0. 1.</data></my_hist>
<your_hist type_id="opencv-matrix">
  <rows>91</rows>
  <cols>1</cols>
  <dt>f</dt>
  <data>
    9.99999978e-03 0. 0. 0. 2.99999993e-02 2.99999993e-02 9.99999978e-03
    0. 0. 0. 9.99999978e-03 9.99999978e-03 0. 0. 9.99999978e-03
    9.99999978e-03 0. 1.99999996e-02 9.99999978e-03 9.99999978e-03 0.
    9.99999978e-03 9.99999978e-03 9.99999978e-03 0. 0. 9.99999978e-03 0.
    0. 9.99999978e-03 2.99999993e-02 0. 9.99999978e-03 2.99999993e-02
    1.99999996e-02 3.99999991e-02 1.99999996e-02 0. 9.99999978e-03
    1.99999996e-02 0. 0. 9.99999978e-03 9.99999978e-03 1.99999996e-02 0.
    3.99999991e-02 9.99999978e-03 0. 1.99999996e-02 0. 1.99999996e-02
    2.99999993e-02 0. 9.99999978e-03 0. 0. 2.99999993e-02 0. 0.
    1.99999996e-02 0. 9.99999978e-03 9.99999978e-03 1.99999996e-02 0.
    2.99999993e-02 0. 9.99999978e-03 1.99999996e-02 0. 1.99999996e-02
    9.99999978e-03 1.99999996e-02 5.99999987e-02 1.99999996e-02
    9.99999978e-03 9.99999978e-03 0. 2.99999993e-02 9.99999978e-03
    9.99999978e-03 0. 9.99999978e-03 0. 9.99999978e-03 9.99999978e-03
    2.99999993e-02 9.99999978e-03 0. 1.99999996e-02</data></your_hist>
<my_max_grad>2.5146926879882812e+02</my_max_grad>
<your_max_grad>2.5146926879882812e+02</your_max_grad>
</opencv_storage>
