<?xml version="1.0"?>
<opencv_storage>
<grad type_id="opencv-matrix">
  <rows>10</rows>
  <cols>10</cols>
  <dt>f</dt>
  <data>
    5.52390671e+01 2.09492798e+02 9.57994080e+01 1.46624832e+02
    2.52168350e+02 1.08097626e+02 1.01534363e+02 2.12552856e+02
    1.45839859e+02 1.57106018e+01 1.93040039e+02 7.73638611e+01
    1.83357956e+02 2.10167618e+01 1.57758835e+02 8.35538330e+01
    3.55193939e+01 2.21279434e+02 2.30494186e+02 1.28090897e+01
    7.02828674e+01 4.38898087e+01 9.61962280e+01 7.99457092e+01
    1.81527405e+02 1.71239532e+02 2.05145355e+02 1.68961395e+02
    8.15663300e+01 5.68228302e+01 8.37193298e+00 3.20629349e+01
    6.92029114e+01 2.09372467e+02 2.54132568e+02 1.86374741e+01
    8.46065826e+01 2.05197662e+02 1.48116669e+02 4.70697632e+01
    4.05883179e+01 1.13484253e+02 2.32431473e+02 7.08457413e+01
    1.52950394e+02 1.38386536e+01 2.00731964e+02 1.87703979e+02
    1.87987457e+02 2.23335052e+02 2.35874329e+02 1.94343567e+01
    2.33953262e+02 1.62391724e+02 2.44088593e+02 7.98063660e+00
    2.43376190e+02 6.14833832e+00 2.22399902e+02 2.48372833e+02
    2.19973755e+02 1.86300812e+02 7.06185760e+01 2.09891052e+01
    1.57654053e+02 8.35764465e+01 7.25631714e+00 2.31680786e+02
    9.16425095e+01 8.22929535e+01 6.99524994e+01 2.08402618e+02
    2.36135193e+02 1.59304443e+02 6.31441650e+01 6.10791397e+01
    1.21745705e+02 7.14298553e+01 3.41935349e+01 2.22506409e+02
    1.46368408e+02 2.59786682e+01 1.10795074e+02 6.03956680e+01
    1.46525833e+02 8.41397476e+01 2.08397522e+02 1.17192154e+02
    1.03157867e+02 2.09097595e+01 1.97114441e+02 1.04674454e+01
    2.43674576e+02 5.60875168e+01 1.29634933e+01 9.50989075e+01
    2.15404327e+02 2.45490082e+02 7.13021622e+01 8.69853516e+01</data></grad>
<my_hist type_id="opencv-matrix">
  <rows>96</rows>
  <cols>1</cols>
  <dt>f</dt>
  <data>
    0. 0. 2. 3. 2. 2. 0. 5. 0. 1. 0. 0. 2. 1. 0. 1. 1. 1. 0. 0. 1. 2. 1.
    2. 0. 0. 7. 0. 0. 1. 2. 5. 1. 0. 1. 1. 2. 0. 2. 0. 1. 1. 1. 0. 1. 1.
    0. 0. 0. 0. 0. 0. 0. 0. 0. 5. 0. 1. 0. 2. 1. 1. 0. 1. 1. 0. 0. 0. 1.
    1. 2. 1. 1. 0. 1. 1. 0. 2. 2. 2. 1. 1. 0. 2. 3. 0. 0. 3. 1. 2. 0. 1.
    3. 1. 0. 1.</data></my_hist>
<your_hist type_id="opencv-matrix">
  <rows>96</rows>
  <cols>1</cols>
  <dt>f</dt>
  <data>
    0. 0. 1.99999996e-02 2.99999993e-02 1.99999996e-02 1.99999996e-02 0.
    4.99999970e-02 0. 9.99999978e-03 0. 0. 1.99999996e-02 9.99999978e-03
    0. 9.99999978e-03 9.99999978e-03 9.99999978e-03 0. 0. 9.99999978e-03
    1.99999996e-02 9.99999978e-03 1.99999996e-02 0. 0. 7.00000003e-02 0.
    0. 9.99999978e-03 1.99999996e-02 4.99999970e-02 9.99999978e-03 0.
    9.99999978e-03 9.99999978e-03 1.99999996e-02 0. 1.99999996e-02 0.
    9.99999978e-03 9.99999978e-03 9.99999978e-03 0. 9.99999978e-03
    9.99999978e-03 0. 0. 0. 0. 0. 0. 0. 0. 0. 4.99999970e-02 0.
    9.99999978e-03 0. 1.99999996e-02 9.99999978e-03 9.99999978e-03 0.
    9.99999978e-03 9.99999978e-03 0. 0. 0. 9.99999978e-03 9.99999978e-03
    1.99999996e-02 9.99999978e-03 9.99999978e-03 0. 9.99999978e-03
    9.99999978e-03 0. 1.99999996e-02 1.99999996e-02 1.99999996e-02
    9.99999978e-03 9.99999978e-03 0. 1.99999996e-02 2.99999993e-02 0. 0.
    2.99999993e-02 9.99999978e-03 1.99999996e-02 0. 9.99999978e-03
    2.99999993e-02 9.99999978e-03 0. 1.99999996e-02</data></your_hist>
<my_max_grad>2.5413256835937500e+02</my_max_grad>
<your_max_grad>2.5413256835937500e+02</your_max_grad>
</opencv_storage>
