<?xml version="1.0"?>
<opencv_storage>
<grad type_id="opencv-matrix">
  <rows>10</rows>
  <cols>10</cols>
  <dt>f</dt>
  <data>
    1.84515137e+02 1.34261246e+02 3.39230804e+01 1.80434662e+02
    2.14763260e+01 2.33826752e+01 1.50449326e+02 2.26569031e+02
    2.58302536e+01 9.65814972e+01 1.84536407e+02 1.30066315e+02
    1.25898911e+02 2.29390121e+02 9.68065338e+01 8.93409119e+01
    2.33077301e+02 5.55248795e+01 4.23503723e+01 1.25897911e+02
    6.47203064e+01 1.72629105e+02 7.32712555e+00 1.96603821e+02
    1.43396240e+02 2.48799728e+02 1.82604782e+02 6.49867554e+01
    2.30955276e+02 2.03823273e+02 8.79676437e+01 1.38866180e+02
    1.88091339e+02 1.99303741e+01 2.86821823e+01 1.43219833e+02
    2.05583191e+02 1.39114105e+02 8.47321930e+01 1.77512772e+02
    9.67115479e+01 1.38501816e+02 3.03835526e+01 7.22727203e+00
    1.99628326e+02 9.20252533e+01 6.93989410e+01 7.55717621e+01
    1.63675873e+02 1.36840546e+02 2.09826859e+02 7.29243088e+01
    3.68311234e+01 6.33840408e+01 1.02558449e+02 2.24475098e+02
    2.04076447e+02 1.63815811e+02 2.07647552e+02 2.48703369e+02
    9.20573730e+01 1.86369690e+02 1.16015511e+02 2.33433456e+02
    3.02995911e+01 1.63158707e+02 2.21688446e+02 8.01738892e+01
    2.81705933e+01 5.44811859e+01 1.47361893e+02 2.37096741e+02
    1.50206024e+02 9.13504333e+01 1.15735367e+02 1.27607262e+02
    1.13537415e+02 8.89609070e+01 2.44105042e+02 5.48510437e+01
    1.39417526e+02 4.78858948e+00 8.30732880e+01 1.49167603e+02
    2.00494751e+02 1.56749420e+02 1.57575821e+02 1.01633789e+02
    4.28542938e+01 4.70651779e+01 6.78434906e+01 2.43939072e+02
    9.19071045e+01 6.01649857e+01 2.24793777e+01 2.20853027e+02
    1.58815735e+02 5.09625626e+01 2.14080246e+02 4.49667969e+01</data></grad>
<my_hist type_id="opencv-matrix">
  <rows>96</rows>
  <cols>1</cols>
  <dt>f</dt>
  <data>
    0. 1. 2. 0. 0. 0. 0. 1. 2. 2. 1. 3. 0. 1. 1. 0. 2. 1. 1. 1. 0. 3. 0.
    1. 2. 1. 2. 0. 1. 1. 1. 0. 2. 1. 2. 4. 0. 3. 0. 2. 0. 0. 0. 1. 2. 0.
    0. 0. 2. 1. 1. 1. 1. 4. 0. 2. 1. 2. 1. 0. 2. 1. 1. 2. 0. 0. 1. 0. 1.
    1. 1. 3. 1. 0. 0. 1. 0. 2. 2. 1. 2. 0. 1. 0. 0. 2. 1. 1. 1. 2. 1. 1.
    0. 0. 2. 1.</data></my_hist>
<your_hist type_id="opencv-matrix">
  <rows>96</rows>
  <cols>1</cols>
  <dt>f</dt>
  <data>
    0. 9.99999978e-03 1.99999996e-02 0. 0. 0. 0. 9.99999978e-03
    1.99999996e-02 1.99999996e-02 9.99999978e-03 2.99999993e-02 0.
    9.99999978e-03 9.99999978e-03 0. 1.99999996e-02 9.99999978e-03
    9.99999978e-03 9.99999978e-03 0. 2.99999993e-02 0. 9.99999978e-03
    1.99999996e-02 9.99999978e-03 1.99999996e-02 0. 9.99999978e-03
    9.99999978e-03 9.99999978e-03 0. 1.99999996e-02 9.99999978e-03
    1.99999996e-02 3.99999991e-02 0. 2.99999993e-02 0. 1.99999996e-02 0.
    0. 0. 9.99999978e-03 1.99999996e-02 0. 0. 0. 1.99999996e-02
    9.99999978e-03 9.99999978e-03 9.99999978e-03 9.99999978e-03
    3.99999991e-02 0. 1.99999996e-02 9.99999978e-03 1.99999996e-02
    9.99999978e-03 0. 1.99999996e-02 9.99999978e-03 9.99999978e-03
    1.99999996e-02 0. 0. 9.99999978e-03 0. 9.99999978e-03 9.99999978e-03
    9.99999978e-03 2.99999993e-02 9.99999978e-03 0. 0. 9.99999978e-03 0.
    1.99999996e-02 1.99999996e-02 9.99999978e-03 1.99999996e-02 0.
    9.99999978e-03 0. 0. 1.99999996e-02 9.99999978e-03 9.99999978e-03
    9.99999978e-03 1.99999996e-02 9.99999978e-03 9.99999978e-03 0. 0.
    1.99999996e-02 1.99999996e-02</data></your_hist>
<my_max_grad>2.4879972839355469e+02</my_max_grad>
<your_max_grad>2.4879972839355469e+02</your_max_grad>
</opencv_storage>
