<?xml version="1.0"?>
<opencv_storage>
<norm_v>9.8434292804895995e+02</norm_v>
<input type_id="opencv-matrix">
  <rows>256</rows>
  <cols>256</cols>
  <dt>u</dt>
  <data>
    160 23 50 110 55 88 0 0 160 23 50 110 55 88 0 0 38 13 16 52 12 68 89
    110 2 14 94 20 77 81 109 69 60 74 14 93 47 82 9 113 64 74 36 69 86 1
    81 66 75 104 50 110 77 126 66 126 16 84 63 66 98 74 13 16 22 16 91
    19 7 42 103 0 19 124 116 59 124 65 74 116 98 51 102 107 44 85 17 89
    47 113 22 49 67 21 72 40 25 117 110 98 103 66 33 91 54 83 120 15 14
    11 6 70 70 111 20 102 5 28 122 11 40 71 120 121 82 94 48 16 63 47
    122 31 37 64 100 101 76 75 39 27 52 100 127 30 121 34 45 101 19 77
    72 11 54 112 12 91 64 53 24 91 51 66 102 49 26 35 78 82 8 58 31 17
    100 33 22 73 69 68 25 14 73 25 20 16 119 75 47 106 0 16 27 48 37 9
    83 48 110 33 86 103 124 17 85 82 25 78 124 19 97 35 8 26 74 121 22
    60 10 80 106 81 93 123 39 53 113 107 27 81 5 106 117 103 25 88 120
    98 58 116 68 94 114 112 24 39 42 62 105 40 12 89 56 60 12 98 104 3 6
    116 88 0 107 112 22 25 122 16 59 81 56 19 36 86 28 66 22 63 29 1 119
    71 16 118 26 60 63 68 115 30 106 39 43 82 107 109 42 98 74 4 77 67 2
    3 46 8 107 73 51 17 75 46 118 94 85 120 120 34 126 68 99 109 31 82
    108 54 1 18 50 98 36 77 17 1 127 19 105 68 126 20 20 81 66 62 14 81
    110 27 0 111 29 40 109 49 3 44 46 58 77 42 31 64 85 44 110 77 125
    124 39 29 102 31 57 14 21 91 21 25 109 60 86 40 117 32 51 28 34 92
    21 14 26 20 0 90 71 38 3 92 17 80 44 90 35 63 107 78 103 102 91 41
    56 70 67 15 3 93 75 72 26 62 115 87 89 57 87 7 113 117 0 4 20 54 94
    114 7 105 19 57 24 23 32 77 65 111 11 15 43 97 23 115 51 54 46 96 61
    78 62 28 21 60 47 63 45 110 31 121 7 28 46 85 30 111 112 71 37 101
    125 50 60 43 1 122 111 52 75 72 49 86 8 114 98 99 114 84 80 56 76 51
    6 120 81 40 105 66 34 64 51 64 39 78 100 26 59 97 80 47 106 3 122 30
    34 11 91 54 34 121 117 63 8 15 57 50 108 78 8 61 114 41 111 103 52
    94 82 59 91 50 64 85 90 68 25 68 97 103 111 25 95 127 62 117 110 15
    108 88 110 110 68 44 58 14 50 123 7 89 41 56 40 42 64 13 12 97 62 94
    16 44 97 89 115 49 91 100 44 93 72 26 27 47 78 19 121 4 99 86 17 125
    24 20 127 22 98 80 113 103 27 9 63 70 86 101 70 59 44 78 102 46 38
    35 45 36 119 38 57 51 114 98 25 120 25 122 73 98 63 104 102 80 44 70
    110 105 0 100 115 71 3 88 28 12 9 74 1 18 103 2 68 48 62 115 0 34 90
    111 33 28 113 56 78 91 98 71 41 103 16 23 22 46 38 64 116 58 51 127
    105 52 0 123 93 103 41 77 38 36 70 55 77 5 55 100 45 80 95 77 107
    124 72 55 107 91 79 116 20 9 10 70 126 68 78 74 73 46 78 39 87 112
    30 91 5 78 68 105 123 88 14 29 61 98 83 89 49 87 61 62 87 101 120 15
    56 16 41 85 74 92 42 56 125 104 112 109 36 52 88 17 62 112 29 31 43
    54 30 90 50 119 102 0 90 19 1 18 119 109 70 99 64 126 42 52 105 48
    82 6 13 70 123 88 25 36 91 120 104 109 47 51 34 18 125 46 27 26 20
    108 21 121 109 14 123 18 19 115 32 105 43 82 125 116 7 36 127 102 68
    93 26 116 36 42 89 110 47 12 94 39 107 91 44 49 46 28 52 93 76 9 112
    121 43 1 46 87 111 107 68 57 0 76 73 85 100 59 106 70 48 30 37 123
    29 105 5 125 90 27 60 58 89 51 125 9 72 18 31 93 9 55 101 15 61 123
    101 14 98 101 62 105 62 60 56 51 102 117 79 63 86 126 103 76 116 115
    113 38 119 66 8 20 124 91 55 117 90 79 78 6 106 42 12 49 62 68 51 65
    0 68 91 23 19 115 22 53 83 91 84 63 109 60 41 96 83 55 88 22 70 49
    36 91 52 51 46 53 33 14 100 64 91 115 102 40 104 63 18 120 40 119 55
    23 59 41 52 2 96 26 40 88 51 87 8 42 85 106 23 72 114 80 82 7 30 67
    78 81 81 67 4 67 55 2 118 28 86 25 51 37 47 75 51 12 126 5 14 74 53
    40 57 23 30 47 121 89 127 98 46 109 88 36 25 117 53 61 50 21 101 56
    58 32 127 82 48 101 4 101 112 69 61 93 71 33 17 107 45 56 35 114 66
    102 86 57 37 56 37 76 117 28 53 12 53 119 12 116 15 83 78 97 41 14
    57 33 42 1 40 33 101 118 53 11 100 88 56 5 52 45 93 41 16 119 75 75
    12 42 43 72 84 36 102 69 19 72 86 122 16 121 87 9 8 1 31 14 56 53 84
    57 122 21 121 98 89 75 88 124 41 11 0 84 13 30 46 96 6 97 102 56 58
    108 17 122 120 35 77 43 62 59 111 23 56 20 78 93 50 33 92 44 16 49
    84 83 85 39 83 15 0 62 92 61 49 28 62 126 107 76 3 24 84 27 10 36
    111 103 65 79 94 97 40 80 66 81 88 14 95 96 41 15 56 78 81 23 111 94
    54 10 82 76 63 104 0 100 22 5 41 42 86 51 66 21 95 16 120 9 122 124
    89 67 40 0 120 69 95 9 56 74 115 51 65 2 96 65 51 39 7 24 61 32 7 47
    10 59 69 7 45 58 80 68 110 56 102 84 37 1 84 90 7 72 99 75 77 101 58
    85 20 102 30 53 72 22 91 34 60 85 24 32 31 77 52 54 75 1 36 43 32 87
    62 101 10 87 91 97 30 91 11 62 35 114 29 89 20 14 99 52 20 18 70 8
    71 48 20 36 18 19 16 106 23 82 108 87 50 60 25 45 122 123 41 54 62
    79 64 99 57 97 64 31 52 60 25 121 115 50 12 113 18 49 88 28 34 80 44
    126 86 87 20 6 84 87 71 7 114 113 114 21 58 15 34 31 83 10 28 58 57
    80 53 95 59 59 50 90 75 44 9 93 99 13 54 53 58 12 127 59 113 18 67
    49 88 91 116 105 121 71 125 44 88 60 51 23 15 18 63 126 82 2 31 104
    69 122 81 8 97 121 14 87 34 58 118 15 71 0 26 60 125 33 51 76 77 60
    47 111 4 63 82 117 100 113 20 8 98 111 8 36 122 64 44 40 43 75 37 17
    55 15 53 19 108 106 67 14 73 97 26 5 64 3 32 66 104 8 7 27 126 65 11
    116 66 124 32 93 1 31 20 45 38 118 38 81 60 73 15 54 37 112 22 80 99
    47 103 38 90 6 47 103 90 37 47 83 122 126 49 23 9 5 54 76 8 16 104
    28 78 57 63 82 50 112 126 112 15 43 53 116 5 79 7 89 24 127 20 36 55
    100 102 9 24 71 104 57 0 65 54 85 62 74 35 92 7 91 72 3 8 122 106 63
    20 123 81 19 106 9 101 124 6 71 57 35 11 24 111 119 21 99 5 12 121
    75 4 109 85 29 111 116 124 71 77 126 38 55 27 48 111 29 102 105 63
    122 82 16 102 90 84 13 61 60 79 113 127 113 89 58 70 93 54 103 119
    37 78 39 82 107 58 65 113 8 57 85 79 102 59 82 119 60 74 9 4 28 29
    44 70 123 114 78 81 88 120 116 55 22 92 27 24 101 124 49 2 88 23 23
    102 38 13 50 108 75 12 8 50 125 117 72 117 61 25 11 81 25 116 34 11
    80 33 120 96 24 53 97 68 52 31 127 71 37 15 86 26 107 92 41 93 14 51
    7 67 122 48 2 56 59 65 87 109 42 122 115 111 32 79 62 46 84 13 120
    76 40 86 13 94 27 67 117 14 48 74 23 70 40 113 15 65 25 106 46 23 98
    125 18 110 5 49 110 85 125 40 104 107 55 114 85 13 51 109 8 41 116
    62 47 99 26 113 35 44 55 35 1 117 49 8 124 32 24 14 89 69 115 8 91
    46 8 108 127 68 12 81 122 18 125 102 30 91 87 14 51 10 61 5 107 72
    73 71 32 89 29 113 87 82 112 75 6 110 2 123 85 77 101 108 73 88 67
    17 67 90 43 51 19 24 1 24 88 75 120 48 114 40 101 71 76 51 38 0 97
    103 17 109 31 61 90 11 4 94 10 89 41 18 61 11 45 44 14 102 91 69 109
    21 78 107 41 5 11 55 104 101 69 37 95 29 19 85 110 87 37 79 125 10 8
    14 101 55 6 84 85 24 29 60 54 69 109 69 79 126 111 88 3 54 28 32 70
    90 33 101 67 50 97 27 99 62 0 39 100 123 95 72 31 21 50 68 108 96 28
    46 17 15 28 21 5 19 4 38 89 22 55 47 78 70 11 3 5 119 32 55 97 67 49
    43 3 59 79 4 112 51 42 20 85 32 77 126 44 84 79 117 47 108 39 106 27
    26 79 127 82 15 70 61 91 35 107 46 10 66 94 39 19 55 50 26 37 20 78
    49 120 90 85 10 47 105 37 34 49 88 90 111 95 73 31 55 35 87 39 25 75
    56 26 98 111 42 37 74 28 24 34 112 91 116 63 3 43 13 82 55 24 57 35
    78 123 81 2 102 89 10 119 48 14 80 121 20 35 14 72 86 82 41 69 105
    83 30 53 106 5 16 37 71 14 30 126 127 12 110 78 77 68 124 85 61 80
    23 107 1 98 90 14 21 3 93 83 92 123 23 7 107 123 103 68 49 52 122 62
    108 98 47 23 89 73 97 113 34 18 58 8 44 50 78 113 20 23 22 126 73 68
    99 15 105 4 4 2 89 22 114 81 87 1 66 35 30 99 1 4 127 82 21 68 100
    98 48 92 106 57 54 91 94 60 111 96 12 79 70 17 88 46 100 75 5 113 15
    4 107 71 119 46 6 39 61 80 65 29 90 45 11 101 85 55 127 108 56 93 69
    71 18 103 64 53 44 6 10 16 55 116 63 11 108 126 57 60 101 40 112 126
    16 21 20 33 98 121 48 9 26 124 93 92 100 63 117 55 3 66 106 7 40 46
    101 20 85 44 4 53 0 81 46 36 125 7 43 113 63 117 108 39 76 124 31
    104 0 69 95 72 17 123 22 97 70 106 40 86 90 43 59 121 108 27 66 77
    50 99 36 6 47 19 33 112 67 55 109 17 57 17 123 89 24 43 55 111 89 42
    77 123 80 14 36 61 9 103 46 82 62 23 96 76 69 2 127 88 105 119 1 69
    2 10 0 48 81 43 71 18 34 21 53 93 124 110 91 22 65 97 52 29 15 89
    113 94 125 64 97 25 77 98 98 13 111 115 56 15 113 20 85 14 51 20 77
    59 24 23 66 19 28 41 104 125 95 89 9 48 84 98 59 30 109 102 26 29 36
    75 118 103 16 72 112 104 64 14 82 65 12 66 94 98 14 126 6 34 30 84
    35 109 63 107 106 127 2 127 73 19 118 23 90 122 101 87 118 122 4 93
    57 121 78 42 41 119 76 26 14 79 80 123 25 19 40 125 12 112 83 120 23
    38 54 64 4 7 102 96 85 41 120 66 36 50 74 67 92 113 108 101 119 66
    72 72 96 72 46 0 57 44 86 80 26 67 45 66 73 57 37 25 75 88 108 17 76
    61 55 20 30 101 72 59 25 64 11 82 47 123 93 69 117 105 64 86 17 108
    40 119 62 99 3 0 123 86 36 13 106 109 118 28 115 111 26 101 119 108
    91 106 88 98 88 98 90 106 116 5 67 19 94 23 105 1 61 67 16 17 110 95
    4 31 59 94 45 4 84 110 0 75 85 76 30 121 31 120 7 1 43 92 37 77 27 6
    75 79 24 74 90 12 3 51 80 124 6 97 106 45 23 18 52 23 90 55 86 116
    11 126 62 22 104 47 84 34 39 30 78 28 72 29 53 34 56 98 102 61 120
    108 38 97 22 36 1 85 127 99 67 0 59 84 112 22 6 39 14 79 36 56 97 20
    125 60 84 3 71 63 85 113 8 14 87 15 17 119 82 102 79 0 1 92 2 27 110
    123 105 51 117 7 66 9 84 65 56 70 13 28 61 47 31 34 53 93 52 110 6
    108 102 28 58 51 81 89 60 93 107 75 51 63 33 22 64 45 14 42 73 80 63
    93 40 84 101 118 85 0 19 60 19 93 25 17 123 67 106 8 10 88 102 97 94
    38 70 65 84 33 90 44 115 109 23 63 112 88 41 10 75 107 92 127 50 73
    27 117 22 99 42 15 74 78 114 36 95 34 91 122 26 41 96 66 21 117 9 94
    73 101 42 61 123 33 127 127 91 105 81 19 59 54 25 123 0 23 103 70 15
    31 107 113 80 29 73 122 20 113 19 3 23 68 53 31 7 35 14 94 106 103
    26 90 21 49 113 58 14 18 31 114 11 63 85 100 92 64 53 126 40 36 99
    94 87 55 26 88 123 106 51 40 70 66 54 120 106 62 72 70 6 21 107 80
    94 89 18 1 82 25 97 127 58 111 109 51 42 0 17 100 105 35 33 62 122
    14 48 96 21 14 13 117 21 92 1 72 118 93 12 26 29 111 52 56 29 78 55
    35 31 81 84 29 108 16 110 102 24 121 39 93 64 36 72 119 17 42 16 7 0
    68 110 113 41 103 70 40 76 102 55 86 85 70 76 90 101 34 56 50 104 39
    32 35 65 69 32 63 83 49 75 54 51 33 125 77 22 111 27 88 125 23 99 26
    87 88 76 65 22 109 64 51 47 5 113 9 3 23 44 20 32 20 35 109 50 94 27
    18 36 82 67 0 6 33 2 88 44 59 99 84 123 127 9 50 100 54 120 80 102 4
    10 53 101 49 94 82 81 79 23 14 97 44 96 98 2 117 38 81 25 0 87 119
    75 1 72 91 31 25 85 35 33 1 79 90 110 34 26 71 102 122 81 21 21 71
    63 43 45 33 126 56 30 6 101 21 90 54 80 1 98 56 63 13 13 116 119 105
    125 58 73 91 83 72 86 19 95 37 105 40 126 18 53 60 66 76 112 85 120
    83 55 8 14 61 5 43 1 15 109 41 107 84 57 116 102 99 4 127 44 114 11
    18 18 122 58 8 109 105 25 32 68 26 62 75 35 3 115 33 5 20 118 95 123
    28 42 119 85 97 31 120 18 30 9 106 125 99 103 39 108 125 62 50 32
    102 9 102 63 124 34 17 48 77 46 82 40 86 23 95 43 60 26 78 73 30 27
    54 111 38 126 71 30 106 101 24 105 73 104 112 109 112 26 70 38 99 91
    92 92 92 17 64 48 99 52 104 104 35 14 76 124 85 8 126 93 109 35 30
    120 90 20 121 127 57 14 108 24 60 26 10 22 87 20 121 118 9 0 124 78
    53 78 25 100 77 55 99 76 15 15 26 61 66 25 59 121 56 98 22 48 107 94
    52 28 17 41 55 13 106 106 72 88 61 9 2 98 36 27 115 113 66 57 105 16
    54 88 2 74 87 5 13 20 102 64 92 46 36 59 50 102 14 21 88 42 106 88
    78 121 25 121 60 113 119 7 76 106 90 69 64 59 67 28 10 84 10 119 123
    24 102 81 33 28 37 80 85 65 52 1 8 10 63 23 111 30 75 30 17 39 102
    36 118 96 90 68 95 54 120 107 89 8 7 9 111 80 80 96 38 79 116 91 19
    35 61 7 58 37 76 79 23 108 96 65 46 32 28 11 57 73 112 47 81 56 28
    11 27 61 117 8 123 107 87 56 59 112 42 123 14 41 4 87 16 119 61 118
    99 6 69 59 106 40 76 112 117 110 74 101 63 114 113 95 24 127 87 33
    122 120 38 3 82 108 36 22 27 47 43 10 5 17 59 68 54 70 77 97 35 58
    37 63 97 15 4 110 56 1 85 93 92 49 98 42 114 41 104 14 118 0 101 81
    28 82 120 10 53 91 24 98 103 105 65 97 116 3 111 98 46 13 4 95 16
    106 38 113 38 72 28 110 26 108 57 105 29 30 94 56 4 46 123 5 126 30
    115 25 60 60 74 62 65 50 68 98 24 66 77 105 30 25 19 2 39 81 21 74
    124 69 5 5 90 41 110 66 67 105 2 102 24 50 103 26 116 85 58 103 43
    52 126 73 101 111 32 98 76 43 20 102 84 81 21 16 42 127 34 69 102 9
    25 72 63 43 20 48 64 91 63 64 35 103 85 124 8 39 63 107 15 116 52
    113 32 54 81 11 48 113 66 74 81 40 126 80 50 67 115 26 55 76 120 99
    14 75 45 94 74 81 83 72 78 121 63 78 30 83 84 76 70 91 101 57 37 54
    0 0 4 83 58 46 122 26 95 92 17 87 115 113 20 118 111 71 103 49 37
    102 40 13 46 76 104 110 123 122 61 52 77 85 27 63 86 108 119 109 36
    74 11 45 74 60 27 41 112 70 27 39 53 110 86 18 93 57 22 111 98 117
    61 104 124 55 121 98 36 38 106 102 71 88 64 102 77 106 61 97 109 75
    114 2 70 77 115 40 51 56 29 48 0 35 93 98 91 18 90 94 64 30 19 48
    116 62 85 69 122 11 115 53 19 18 85 12 43 88 78 117 27 96 127 99 34
    85 46 24 28 78 54 78 115 65 97 84 21 29 66 110 35 43 115 95 28 63 91
    103 125 76 12 5 27 126 49 117 120 85 89 110 21 6 88 72 34 11 74 114
    44 102 101 49 35 90 65 11 64 86 63 74 94 56 48 78 55 112 125 10 91
    63 93 114 126 100 50 86 46 109 57 21 107 104 126 71 75 88 64 77 121
    24 114 19 50 12 105 6 64 40 0 25 118 77 55 28 2 82 6 40 123 86 113
    110 32 76 70 14 120 80 123 55 20 125 107 119 66 34 102 26 29 101 26
    44 126 119 49 79 11 95 107 96 49 30 111 39 104 41 69 29 55 91 13 44
    58 16 60 112 75 59 111 67 123 121 54 0 85 68 118 1 127 20 1 65 117 6
    73 60 40 68 91 102 29 4 16 88 89 80 60 33 43 0 54 120 105 106 120
    103 15 92 117 23 82 43 54 102 9 12 126 114 76 56 110 122 21 62 31
    109 90 89 116 64 99 103 99 103 27 123 59 23 93 74 2 102 55 16 100 8
    87 93 34 46 127 127 32 18 7 28 50 14 29 97 21 51 82 103 24 112 124
    59 28 101 0 76 78 14 49 90 4 35 41 126 40 101 19 44 111 51 52 5 77
    85 78 95 100 78 88 64 99 9 103 45 116 82 9 16 17 90 41 100 92 101 74
    21 75 28 48 45 89 19 109 72 6 25 42 0 36 2 4 8 23 5 37 118 101 72 43
    81 4 78 61 55 41 64 112 95 36 31 127 8 60 4 28 4 17 31 65 99 100 36
    16 126 14 116 102 44 39 78 68 25 10 51 44 67 84 119 13 16 78 105 23
    86 93 112 19 20 56 16 107 49 101 56 103 125 108 88 76 89 69 117 123
    96 103 43 17 91 119 55 51 88 121 43 44 58 6 68 42 104 85 45 15 6 61
    46 41 124 102 79 54 23 64 80 7 18 17 91 16 95 46 46 10 46 113 117 72
    55 28 63 5 85 23 95 59 56 106 93 51 91 63 21 118 33 2 60 23 52 88
    107 9 95 39 119 94 10 103 5 57 61 3 65 107 105 50 71 16 55 29 31 51
    82 27 117 11 118 69 4 24 6 65 41 10 94 113 10 120 16 99 111 11 17
    103 50 127 42 40 58 9 107 61 120 103 120 107 112 46 32 7 36 51 81 97
    100 46 5 82 71 20 113 43 90 70 27 84 25 124 57 36 15 99 115 111 72
    116 85 92 28 22 103 13 123 86 6 127 102 33 39 11 41 46 6 54 26 37 32
    77 71 95 21 23 120 28 22 93 77 108 74 12 65 75 29 93 56 87 37 5 9 80
    95 54 56 50 14 16 105 64 77 60 17 91 12 45 2 99 97 91 26 17 97 53
    118 2 6 95 110 75 29 86 12 87 62 126 44 58 20 32 16 66 86 26 96 5 76
    22 120 7 56 99 90 89 59 55 108 35 60 41 69 8 0 7 69 43 79 127 12 36
    74 64 76 105 107 73 3 113 26 93 22 75 49 18 47 55 37 107 62 27 55 19
    30 82 42 87 16 42 62 62 3 64 117 67 59 75 115 16 100 12 58 76 56 61
    58 102 124 89 74 76 45 91 77 113 98 98 7 78 52 92 83 45 120 43 101
    15 47 17 68 14 30 70 78 105 103 112 17 102 38 118 111 101 117 27 13
    119 47 106 78 106 9 27 32 28 86 119 48 111 2 28 119 95 37 16 29 43 6
    72 47 77 6 23 47 81 33 85 98 71 74 37 110 93 122 30 36 97 41 102 118
    0 106 4 31 90 13 40 20 70 77 42 47 115 20 37 104 35 28 10 57 105 115
    93 93 111 57 19 77 98 77 86 40 36 29 40 57 55 39 79 113 92 80 60 101
    60 65 20 79 5 91 117 45 24 45 56 106 101 24 27 101 17 109 126 90 52
    26 88 35 6 85 64 76 30 107 73 103 3 47 116 117 60 4 112 53 62 83 127
    82 96 123 116 7 64 52 104 52 49 118 65 59 120 51 122 47 84 2 98 17
    54 105 71 7 3 95 77 80 32 49 93 0 25 115 125 115 91 89 11 69 109 111
    16 75 79 24 7 71 115 84 59 30 101 105 76 71 100 112 6 60 23 93 114
    40 71 65 86 112 16 107 80 112 44 63 28 98 41 56 124 43 86 98 113 83
    72 53 1 26 99 27 105 37 93 40 107 7 33 28 123 28 115 34 46 68 10 34
    16 48 35 120 48 17 22 98 14 18 87 62 56 118 17 120 57 15 39 55 36
    118 127 41 32 57 33 19 81 0 52 33 48 67 85 38 84 127 35 61 43 17 47
    73 6 85 10 81 117 45 91 90 122 70 37 33 100 65 86 26 100 97 58 77
    121 42 25 59 113 34 69 32 26 15 35 47 18 59 98 109 55 29 40 55 121
    41 42 45 62 32 23 97 23 113 18 26 57 14 96 29 110 33 97 61 66 81 116
    124 24 126 63 52 18 98 122 6 87 106 114 7 44 35 105 127 75 73 19 13
    39 68 27 42 11 0 0 103 117 79 95 117 114 90 31 59 74 8 73 100 58 34
    63 74 49 85 57 78 85 82 66 34 88 123 57 25 28 98 110 116 46 55 27 75
    49 98 69 61 113 95 69 118 113 3 46 112 84 0 69 30 124 11 29 12 119
    63 40 27 105 62 39 73 79 98 5 87 2 60 113 72 106 98 56 125 124 74
    107 51 83 80 62 10 52 25 104 89 37 4 65 51 94 16 116 15 90 119 78 71
    32 17 45 13 102 100 7 105 67 78 52 94 38 117 119 70 63 114 81 32 65
    50 4 72 63 1 116 22 46 124 122 85 66 74 55 5 24 118 88 113 82 13 51
    116 63 47 92 110 20 20 65 96 10 39 113 77 75 27 30 18 60 1 123 90 6
    58 112 108 2 67 11 68 123 113 5 11 117 116 43 1 79 29 82 97 13 26 84
    36 15 77 112 2 56 117 59 41 29 65 72 54 69 17 36 7 51 121 89 57 46
    70 88 75 9 100 10 88 12 97 49 98 27 77 123 101 49 31 49 70 56 117 67
    96 34 52 85 103 94 12 84 26 36 39 11 53 103 22 77 75 81 38 39 95 116
    42 3 91 52 125 97 44 124 108 21 24 122 63 83 60 36 0 46 42 15 80 86
    65 1 29 18 0 66 125 39 93 96 81 24 77 7 64 92 80 33 44 121 87 109 91
    90 31 124 101 54 60 122 8 107 78 20 57 91 117 43 22 80 101 116 31
    108 78 55 99 96 49 45 75 60 105 3 12 99 103 30 25 4 107 74 35 53 11
    80 27 99 99 53 71 46 29 17 55 100 122 36 100 50 97 25 6 89 69 53 27
    94 108 8 20 126 31 101 18 16 97 49 100 71 44 93 120 110 42 55 24 76
    68 12 93 0 127 19 103 50 24 108 71 42 103 39 0 3 3 90 105 35 74 45
    20 99 91 105 43 68 108 52 10 28 45 12 119 79 108 107 112 119 59 23
    19 50 99 97 50 43 35 32 58 91 83 124 87 55 74 122 21 46 23 44 84 102
    28 3 85 13 109 116 82 76 90 18 85 124 113 25 53 109 95 22 32 82 127
    106 1 100 32 127 66 47 21 117 33 107 62 81 75 70 39 73 87 39 67 112
    41 46 124 52 40 3 44 69 69 95 51 36 120 39 104 84 32 45 124 99 27 66
    89 34 114 33 80 91 22 48 59 123 124 63 90 55 92 104 24 121 92 119 64
    43 17 16 99 70 59 42 86 83 26 88 126 21 4 77 9 3 24 102 117 32 2 8
    107 13 115 11 94 115 121 18 28 120 56 93 9 109 26 110 124 39 2 62 51
    9 72 54 21 38 64 51 17 87 64 17 126 28 50 83 102 113 104 100 27 60 7
    116 118 6 41 41 56 112 72 3 78 75 57 75 14 110 15 1 79 89 63 21 27
    17 28 5 7 112 71 32 104 41 70 71 94 94 120 72 65 90 67 11 26 60 127
    16 99 34 45 12 105 116 108 92 59 105 24 22 2 97 74 57 69 78 87 28
    117 22 56 99 119 56 93 92 56 83 80 3 44 23 98 22 4 60 117 38 25 26
    45 104 37 100 73 76 38 102 88 63 69 80 118 11 23 73 63 42 55 102 39
    29 127 3 23 42 25 85 29 89 112 104 87 64 3 17 103 91 104 68 14 22 23
    49 16 34 9 102 70 6 18 22 116 109 82 68 58 61 31 113 53 54 104 8 12
    57 24 16 52 53 57 50 50 121 3 62 51 67 85 10 18 100 78 47 118 38 55
    118 73 124 66 2 108 127 19 46 14 7 111 2 65 47 7 83 118 114 10 84 24
    59 54 30 104 4 95 72 9 13 1 87 33 35 26 125 86 49 24 117 106 31 51
    45 76 39 121 5 121 91 76 85 91 68 22 79 76 70 55 28 64 74 66 106 116
    1 56 70 99 35 118 10 112 37 14 22 72 1 97 67 61 65 58 24 44 77 17 55
    115 68 120 58 112 6 100 119 61 95 118 66 105 69 61 96 102 22 57 83
    42 52 35 32 18 54 71 85 86 84 109 105 102 84 99 124 55 20 45 14 22
    23 115 12 88 100 49 12 35 43 41 99 14 24 108 124 80 74 32 5 42 93 92
    35 52 28 17 61 104 66 74 33 93 52 54 120 81 7 86 95 57 104 104 13 44
    43 88 38 66 79 42 54 15 53 95 67 18 19 21 108 62 76 26 116 55 61 21
    39 55 3 83 93 25 66 104 120 36 120 104 88 51 31 73 60 75 9 52 13 121
    33 11 79 36 71 117 106 93 100 108 4 103 119 39 73 35 29 12 114 58 42
    120 30 25 63 8 89 99 72 66 89 74 120 26 0 42 61 83 16 89 72 87 17 12
    35 117 81 95 9 6 72 6 118 11 103 38 34 31 103 29 34 51 49 119 93 79
    24 2 3 57 33 64 107 117 84 34 50 40 104 108 69 112 6 21 54 7 23 77
    24 77 125 22 33 6 44 117 127 121 54 78 61 42 43 36 114 50 124 96 125
    83 124 73 36 83 46 69 112 1 102 91 72 49 81 85 124 88 66 20 20 98 46
    45 92 127 1 28 33 90 99 75 95 47 58 117 117 83 97 42 35 24 43 26 22
    115 94 100 74 86 125 95 19 87 5 87 113 34 117 69 65 122 108 22 54 23
    20 118 10 28 112 43 37 87 84 67 38 64 94 101 7 52 79 104 1 74 110
    125 106 3 120 82 81 34 54 40 32 42 107 105 127 103 88 20 114 68 25
    15 120 108 66 110 94 119 56 53 23 124 57 102 51 63 124 67 28 2 26 59
    87 73 70 64 58 8 116 63 49 18 108 79 46 107 11 107 16 40 9 119 91
    118 68 25 94 127 23 5 71 53 107 70 106 20 101 62 93 26 104 37 26 2
    90 96 114 96 46 11 107 30 106 4 91 122 102 0 90 15 30 111 29 108 88
    64 4 64 71 80 17 90 60 43 66 126 60 45 58 65 14 44 68 100 109 86 10
    28 33 102 19 117 100 58 66 109 22 97 124 49 127 52 100 34 74 31 70
    92 100 13 98 61 44 126 79 44 95 61 60 97 37 34 37 59 36 52 64 31 83
    102 48 28 88 89 76 2 98 99 11 44 96 107 53 7 94 70 40 94 114 117 59
    118 22 47 58 80 57 10 40 120 51 44 87 55 60 125 21 78 38 59 56 53
    109 36 41 46 28 54 37 47 46 86 9 16 115 45 92 93 27 68 57 22 16 41
    110 109 125 22 71 18 82 94 44 13 47 119 60 96 62 73 33 91 31 113 5
    126 25 56 122 111 71 81 83 30 88 88 24 110 55 85 96 40 30 18 54 86
    90 66 90 74 12 109 16 85 89 64 15 10 18 31 53 125 2 62 98 10 49 45
    112 103 123 22 42 50 98 90 106 2 4 77 3 74 36 74 62 56 71 120 111 1
    75 105 97 65 116 38 4 127 35 61 72 67 68 101 68 48 80 96 80 103 113
    62 46 34 42 108 63 14 62 108 110 50 115 45 113 12 10 103 83 10 77
    110 61 60 89 112 4 99 64 59 112 45 65 24 98 66 86 96 96 36 95 33 65
    77 38 55 54 18 59 23 108 48 107 98 21 121 86 58 80 61 116 110 23 40
    127 19 39 28 93 1 100 80 3 88 35 16 119 2 79 124 122 12 80 46 3 79
    82 26 79 72 33 56 94 61 60 52 118 48 66 51 29 7 86 36 47 83 37 94 39
    25 64 19 5 42 77 126 68 112 46 57 91 98 16 45 20 4 87 127 85 8 26 94
    18 7 91 116 104 15 21 73 11 33 80 124 1 47 46 63 47 115 25 35 74 16
    17 121 3 112 3 68 112 60 59 29 98 42 6 124 100 91 61 98 27 26 62 103
    105 10 10 2 80 97 13 66 116 120 81 58 92 55 47 96 55 109 63 24 29 78
    91 81 63 9 58 6 71 40 15 32 58 108 96 38 6 73 50 12 72 67 5 86 43
    107 22 91 107 54 81 26 115 107 14 116 92 92 111 14 39 26 22 62 74 48
    64 99 97 27 58 52 26 36 21 25 61 79 85 35 25 50 34 98 57 87 109 89
    37 18 85 2 19 17 47 89 121 33 20 36 44 26 75 25 16 43 3 105 100 16
    94 6 57 6 34 14 57 51 65 28 70 38 68 87 7 11 50 22 103 117 53 62 114
    49 120 88 110 107 8 25 78 53 106 54 19 107 87 122 67 9 113 49 99 17
    64 121 105 54 58 2 27 87 114 123 15 70 117 40 20 53 96 77 88 15 108
    81 119 125 92 0 113 16 1 109 1 58 96 80 20 81 86 83 91 7 73 105 71
    13 3 31 32 124 119 9 46 119 26 62 33 64 112 50 69 77 61 46 17 112 97
    102 75 106 93 56 53 25 84 89 41 60 93 120 24 108 76 67 104 64 106 52
    112 15 28 79 82 1 26 35 2 86 7 122 86 4 25 8 86 109 70 86 16 22 45 9
    102 80 9 58 33 10 43 86 56 41 1 104 67 25 111 55 23 119 24 88 127 56
    58 79 107 85 82 23 53 92 27 12 54 35 25 126 122 117 119 125 43 42 52
    77 26 54 69 87 69 40 54 74 52 6 72 114 75 2 26 51 50 69 42 53 88 104
    123 107 67 6 126 9 39 81 20 44 29 2 72 127 123 9 53 107 108 55 38
    124 10 87 119 81 53 44 89 9 72 51 67 15 83 8 67 46 1 123 48 63 54
    102 45 30 38 1 15 16 85 54 86 72 9 88 48 62 76 85 80 126 6 21 85 48
    83 11 7 67 113 13 116 105 44 38 59 44 70 43 42 55 6 49 32 19 101 112
    79 73 121 47 20 37 5 70 53 19 50 62 37 50 1 65 113 100 49 62 61 124
    26 119 102 53 24 108 112 100 2 25 99 42 39 84 15 38 96 47 42 99 18
    97 51 84 42 122 63 88 102 34 53 21 73 70 64 83 71 6 11 7 49 49 17 96
    14 71 21 0 30 88 63 119 20 73 5 25 125 123 56 116 41 49 77 22 75 27
    35 77 123 0 53 98 12 127 116 25 74 100 17 32 29 100 45 18 39 15 102
    61 55 87 54 36 4 96 31 62 84 9 40 10 95 109 49 69 13 6 74 31 50 99 8
    104 121 125 40 25 112 48 64 34 32 40 50 45 56 32 71 123 3 96 120 44
    61 39 62 125 15 17 10 117 90 103 119 120 104 15 76 35 81 127 119 75
    45 14 94 52 52 30 58 101 45 22 93 60 23 31 120 0 123 8 5 35 92 6 102
    101 106 45 39 62 90 6 34 6 4 6 103 56 96 16 105 31 23 91 20 103 97
    127 36 60 29 90 127 43 72 0 126 72 20 32 33 92 60 51 60 20 101 59 70
    94 10 81 45 97 47 105 125 83 72 99 13 48 18 57 107 96 18 48 119 5 42
    22 44 112 39 108 114 73 98 124 1 62 73 75 49 114 47 124 88 82 52 60
    104 113 125 67 32 63 109 40 20 19 0 30 117 87 50 12 46 91 80 26 70
    86 98 115 33 73 120 100 5 20 43 120 3 85 107 78 59 42 39 118 107 19
    67 104 12 82 9 106 86 117 71 35 73 28 40 26 65 75 51 10 19 27 73 110
    51 36 22 79 92 73 13 7 104 75 89 18 65 68 21 21 41 89 3 98 33 95 123
    42 9 48 23 58 74 105 26 70 109 102 29 19 125 21 16 46 61 100 65 47
    75 30 45 55 27 19 20 50 123 60 119 123 114 103 19 0 116 81 12 21 99
    40 59 52 68 34 98 124 62 55 69 113 17 32 109 87 58 12 44 104 7 123
    81 61 63 127 49 123 103 120 76 39 30 2 18 82 40 81 86 57 25 9 93 76
    56 40 8 81 16 68 107 18 18 3 88 98 92 95 11 87 28 60 33 95 116 117
    45 35 12 84 49 105 45 90 30 33 53 97 36 110 12 56 126 16 80 84 98 0
    46 55 83 48 36 30 27 9 92 0 61 109 121 35 52 113 43 32 23 32 76 104
    56 105 14 113 14 40 72 3 73 32 2 98 96 84 56 10 77 12 27 83 71 49
    121 121 123 46 16 44 47 48 126 86 1 33 97 109 91 87 95 96 59 72 119
    51 45 92 21 38 85 31 73 6 60 101 114 52 37 67 75 122 35 98 17 68 91
    11 86 107 110 120 84 82 45 82 57 78 44 80 115 16 3 44 95 3 8 96 62
    88 41 102 6 72 58 27 107 123 49 61 42 52 1 37 19 15 10 88 3 69 122
    58 116 55 47 71 26 121 60 104 97 39 31 55 80 113 101 70 122 2 8 15
    66 44 46 64 117 91 61 118 121 61 108 35 125 9 35 96 20 120 84 126 69
    44 98 99 51 55 16 17 52 104 3 79 75 65 115 33 118 16 7 61 120 82 26
    32 45 52 34 108 93 4 107 88 59 39 25 107 19 111 32 95 122 14 65 108
    93 14 54 32 63 44 35 53 91 64 85 52 34 111 35 58 23 45 44 71 102 19
    10 67 46 32 53 3 52 62 43 58 83 109 89 7 115 74 77 56 92 86 115 41
    32 70 90 33 117 74 92 78 68 11 41 7 86 61 78 25 87 79 94 51 14 114
    126 1 121 120 127 103 106 19 28 86 117 51 96 102 103 103 33 46 90 64
    60 35 93 27 86 54 65 110 28 94 66 80 111 127 1 82 127 14 124 122 1
    111 63 92 36 109 62 3 108 31 40 43 45 66 113 23 118 42 113 115 72 76
    34 86 70 42 47 54 97 70 113 106 6 52 91 22 38 22 19 123 26 38 41 37
    74 51 54 97 78 52 100 84 47 122 58 90 2 15 29 52 112 48 63 12 91 112
    113 58 27 33 67 2 31 57 58 24 95 111 43 15 63 125 40 34 63 105 8 3
    117 40 45 37 27 7 65 54 67 93 27 81 53 76 87 76 8 21 73 123 117 4 47
    33 109 90 105 25 82 69 100 86 66 23 39 59 90 39 46 24 45 87 13 21 60
    52 19 58 58 19 65 66 70 123 44 97 7 6 7 19 92 25 65 60 56 103 12 116
    27 93 65 99 31 85 110 73 96 54 32 21 106 126 62 114 33 47 2 126 89
    31 87 69 34 75 108 107 120 93 53 100 92 53 33 12 93 126 12 21 100
    105 83 49 38 28 59 55 94 112 92 118 17 127 98 126 96 0 111 60 49 48
    119 119 123 5 20 82 60 119 50 8 82 25 34 61 73 35 114 101 109 126 42
    93 116 103 64 91 38 85 64 122 46 79 105 119 59 26 72 6 28 109 75 103
    127 31 77 89 92 29 30 46 71 58 100 35 42 115 38 39 69 53 46 21 21 6
    117 72 126 93 38 56 118 80 26 0 84 88 38 51 99 38 68 61 69 21 121 80
    12 84 84 71 6 87 109 53 82 51 69 48 54 17 91 6 9 61 116 95 10 91 87
    18 59 79 82 19 25 70 72 80 40 13 83 82 112 92 7 37 26 99 105 90 51
    57 68 55 63 66 80 122 7 58 89 91 10 57 24 107 53 67 8 36 106 58 54
    27 10 79 56 60 90 57 34 16 93 2 65 4 87 53 1 65 43 15 82 111 126 33
    94 92 14 56 18 66 22 73 99 85 53 100 86 29 36 88 122 24 110 36 122
    19 113 43 38 30 76 11 1 93 64 115 126 64 5 29 64 67 24 41 123 43 10
    69 83 40 38 69 70 117 66 40 114 110 95 103 84 18 86 87 115 16 126 44
    14 108 99 66 61 125 19 126 105 13 54 78 31 59 23 25 118 88 89 83 79
    78 22 50 85 104 109 106 93 21 74 77 78 90 16 8 98 79 5 83 113 91 14
    35 11 26 107 85 24 92 116 115 17 77 28 21 1 56 90 64 81 56 107 109
    35 87 78 79 41 29 75 68 118 6 52 105 72 65 112 17 56 5 126 74 82 30
    65 58 28 29 84 86 94 75 58 5 117 40 69 47 115 23 53 105 2 77 30 76
    49 118 75 27 26 105 57 105 64 7 115 23 40 102 53 17 125 100 76 73 37
    65 75 75 120 56 34 78 110 40 56 55 43 84 123 79 58 79 31 14 12 96 12
    119 54 11 20 97 111 105 85 22 102 80 49 109 109 14 24 37 57 88 91 2
    75 22 43 125 73 114 16 101 25 110 101 118 35 14 96 43 75 91 68 45 66
    51 75 30 13 70 6 48 58 106 10 110 101 62 38 114 121 90 97 124 58 36
    66 113 51 69 27 65 83 56 89 38 4 40 38 86 86 92 117 79 37 69 0 17 91
    45 9 28 79 112 126 87 60 65 0 28 82 61 38 80 72 73 10 13 34 29 96 55
    24 81 85 30 106 106 126 105 15 125 60 50 106 102 101 47 30 57 125 38
    95 113 5 12 92 126 66 38 105 67 66 126 99 113 57 53 41 125 54 103
    127 100 14 38 90 2 114 84 36 122 64 30 55 40 124 99 60 111 120 7 42
    72 67 95 32 102 57 51 23 88 78 81 121 113 17 34 3 18 75 3 10 100 75
    33 72 112 74 125 126 79 113 44 1 41 80 90 119 16 118 111 41 42 88 47
    63 43 12 119 8 0 57 50 66 97 87 86 18 44 28 103 116 49 82 62 93 61
    12 77 19 65 89 122 35 6 97 79 81 5 113 49 82 41 97 60 125 50 24 11
    74 100 127 95 94 11 8 9 82 48 69 125 81 83 37 31 120 86 103 52 36 89
    90 90 55 79 123 27 95 98 22 102 36 45 63 25 49 43 121 105 118 72 25
    40 24 44 42 48 0 32 79 18 104 39 40 95 35 40 121 99 106 48 32 103 9
    51 39 39 100 81 47 50 113 38 20 112 83 41 69 119 109 119 75 108 37
    126 74 126 78 122 112 60 66 124 91 54 118 27 27 109 39 70 115 59 83
    57 54 1 64 95 10 97 84 82 91 99 88 24 78 102 113 90 25 126 112 101
    27 89 58 96 63 0 69 124 3 108 114 75 6 123 124 44 105 70 15 64 37 44
    36 114 0 82 99 5 79 7 125 17 95 48 124 94 88 74 59 10 60 118 38 87
    107 124 9 11 29 106 33 80 70 122 77 78 115 46 63 108 109 55 42 75 51
    5 0 105 94 64 15 17 91 19 16 89 73 40 99 0 81 15 118 116 63 69 124
    36 58 103 69 80 39 94 73 57 95 52 4 122 32 16 10 39 53 79 9 42 102
    52 59 7 102 25 22 57 66 66 108 89 53 44 42 39 76 94 46 11 1 69 35
    126 77 106 84 47 86 6 76 53 114 49 26 9 29 1 20 33 82 53 127 64 83
    47 43 56 117 71 35 86 115 103 65 38 62 59 58 76 86 59 6 78 72 50 24
    119 36 93 22 9 39 47 98 114 23 114 119 96 52 32 43 97 115 23 119 40
    27 11 91 47 115 20 88 27 44 86 63 95 68 0 91 124 100 13 93 86 43 36
    8 49 27 68 116 19 68 119 95 111 66 109 36 49 46 90 111 114 66 114 87
    38 66 95 117 0 117 64 116 107 111 75 10 42 17 21 28 81 46 122 8 41
    81 39 42 83 51 12 47 86 38 87 17 100 53 4 83 105 80 14 65 27 15 36
    19 69 125 0 6 109 96 47 80 59 1 69 77 106 78 18 115 58 63 95 122 115
    118 85 109 57 2 106 115 79 48 44 43 0 103 105 79 0 6 2 127 114 56 62
    87 52 79 118 76 120 52 34 117 83 81 105 61 78 105 24 52 88 84 58 75
    25 101 67 87 87 17 112 92 96 92 79 37 4 94 59 109 114 35 115 98 29
    93 1 64 1 70 92 8 83 79 51 68 33 91 13 68 65 102 5 127 37 65 11 13
    123 63 58 83 55 51 116 112 127 27 55 58 4 108 105 33 46 45 80 69 5
    69 110 6 52 27 36 83 87 100 18 74 77 32 19 2 59 4 82 105 28 61 48 37
    32 113 41 39 59 109 109 10 112 12 127 105 44 25 67 118 90 105 82 22
    71 53 124 114 109 11 64 27 59 124 25 126 0 72 73 57 100 62 46 101 86
    78 73 108 5 125 16 64 91 114 91 25 84 26 82 23 5 15 70 24 115 6 8 94
    126 54 39 14 37 101 76 16 19 22 59 25 3 102 0 92 73 34 48 17 52 9
    115 120 93 91 54 5 118 3 118 93 127 55 10 126 57 21 17 56 101 45 113
    87 20 99 52 32 70 55 97 55 19 43 119 24 63 104 49 70 49 65 20 34 110
    14 65 31 68 87 98 76 92 115 33 0 25 26 115 17 81 60 95 7 42 47 11 49
    51 120 74 67 58 6 46 57 13 122 64 56 83 92 43 22 24 24 95 126 86 13
    61 21 122 54 113 39 32 7 60 50 118 56 108 101 88 32 34 86 52 21 38
    73 68 120 52 82 122 124 63 118 78 85 87 82 50 107 117 84 67 86 4 41
    86 18 25 92 93 6 34 66 55 4 77 91 71 124 35 61 111 35 118 9 116 32 8
    6 24 106 22 75 103 111 91 82 43 25 77 15 119 25 98 50 104 3 127 39
    16 46 86 109 118 79 111 70 98 121 73 70 68 5 55 65 59 102 52 118 3
    20 42 63 104 43 16 32 63 8 25 127 55 23 100 6 78 55 126 65 119 49 8
    94 59 109 67 65 116 26 53 55 7 49 118 37 38 15 35 91 66 97 8 123 67
    86 20 117 35 10 19 6 65 80 111 109 106 110 22 49 81 19 21 122 32 119
    88 5 1 40 78 100 103 122 37 25 82 91 14 117 13 112 35 115 102 77 36
    33 109 124 58 34 53 57 42 103 63 15 38 27 5 53 14 39 44 107 112 81
    81 80 41 73 41 13 75 54 46 30 11 102 59 111 46 124 120 3 110 108 59
    102 69 122 44 65 26 123 80 49 33 77 47 20 10 117 79 92 60 98 103 24
    34 17 32 49 98 58 63 94 110 100 77 31 101 67 41 27 55 56 126 18 80
    123 43 110 113 73 38 59 8 69 43 70 26 89 4 17 98 37 45 54 82 122 123
    121 78 63 84 62 110 85 69 29 120 113 115 107 8 18 106 33 105 97 117
    16 71 21 50 44 5 70 111 72 60 88 89 103 54 15 62 52 64 67 3 83 10 60
    39 66 44 67 8 86 61 8 121 26 120 14 39 106 101 24 115 92 117 61 58
    16 112 54 33 44 87 1 84 38 98 126 32 68 87 5 9 102 52 105 58 33 7
    108 6 37 109 111 29 30 34 0 116 60 92 68 89 31 68 25 102 66 71 34
    102 123 47 33 27 78 33 73 63 99 116 57 34 78 125 41 125 90 81 119 40
    46 88 68 99 32 87 84 62 28 103 113 43 122 122 40 0 47 53 70 71 3 51
    44 59 29 81 0 71 4 49 56 122 105 7 28 55 100 55 82 49 114 79 83 29
    18 63 50 87 36 18 93 21 64 24 103 81 12 66 96 74 114 64 104 39 56 23
    122 11 7 7 15 98 61 30 94 8 32 61 43 115 18 49 118 120 61 68 52 97
    77 52 66 17 107 82 38 74 118 52 70 5 46 39 126 18 65 62 5 109 81 92
    103 73 30 38 17 21 30 5 122 99 73 66 65 80 31 68 30 121 45 112 76 41
    60 56 96 90 4 126 109 88 71 15 34 11 51 36 114 0 50 57 27 37 118 102
    24 30 19 100 61 117 75 6 26 37 119 60 30 96 87 20 112 60 26 12 14
    122 43 23 109 60 66 125 42 21 16 43 108 64 34 119 123 51 54 6 65 120
    40 77 117 125 23 64 96 116 12 30 14 112 113 127 122 2 47 102 43 108
    61 69 124 83 20 68 54 124 61 37 120 122 20 49 92 26 1 47 95 26 42 52
    97 30 0 86 1 26 7 45 120 33 21 47 12 62 123 97 36 126 12 56 51 19
    122 111 38 69 52 100 65 71 109 5 86 126 126 17 50 2 54 11 115 28 86
    95 118 127 37 123 112 66 58 90 57 62 41 53 34 98 96 6 84 75 65 75 9
    96 14 87 83 63 18 57 122 13 12 27 51 58 93 11 124 16 18 6 98 85 26
    120 72 92 9 89 125 99 92 4 63 45 124 108 64 54 25 34 124 7 33 46 25
    62 114 75 47 3 92 82 2 125 95 52 71 49 37 77 67 8 101 1 17 51 61 124
    69 32 127 98 24 31 21 100 19 15 118 121 68 46 48 27 31 40 71 111 25
    22 70 100 30 85 115 26 81 75 61 92 10 39 23 110 80 64 22 11 110 121
    124 100 95 76 117 40 87 48 117 87 6 43 106 16 66 96 54 32 14 78 3 48
    117 62 50 98 96 98 116 46 77 25 29 12 31 85 11 108 99 33 111 114 6
    78 104 43 82 93 104 80 18 116 12 19 29 83 98 90 3 62 23 44 76 54 70
    61 3 22 96 83 52 108 66 69 99 67 103 86 2 10 31 70 9 101 125 43 34
    124 97 91 127 63 17 65 97 118 52 56 106 20 77 11 75 35 123 49 61 121
    91 117 59 52 70 97 71 4 68 103 72 56 28 10 37 0 62 126 119 90 57 32
    4 14 19 40 50 62 98 102 106 69 10 104 100 11 57 51 32 115 29 34 36
    86 110 21 46 95 12 54 53 106 58 67 92 49 116 25 47 89 114 116 29 60
    5 121 102 80 52 102 111 32 78 24 68 96 91 98 2 100 76 39 0 60 44 50
    57 97 43 41 75 75 25 52 56 41 124 40 2 48 73 79 54 121 94 114 122 75
    106 22 98 73 101 96 24 101 49 54 99 106 62 3 14 105 85 96 7 101 10
    62 6 100 74 19 43 90 94 97 47 80 37 87 70 40 70 69 107 95 62 3 68
    112 41 70 96 8 102 77 15 78 48 107 66 13 113 98 14 101 112 1 25 98
    19 42 105 15 11 29 48 30 94 103 16 66 85 43 42 55 45 76 99 61 43 52
    3 85 41 20 31 31 35 30 92 15 105 89 94 119 4 32 127 114 98 23 104 41
    58 108 61 4 68 21 0 56 20 1 96 121 68 10 5 102 104 66 80 33 10 66
    120 4 46 19 46 95 25 87 3 3 93 115 104 30 81 15 125 24 21 72 104 81
    27 120 120 43 11 85 115 31 91 7 70 74 78 31 44 104 118 107 40 42 25
    99 103 68 35 62 102 29 107 64 78 114 5 58 6 42 48 80 115 58 91 39 69
    100 59 27 35 107 15 79 41 54 95 8 66 1 29 35 101 1 119 94 98 108 73
    39 4 6 82 6 26 67 24 121 121 56 35 39 40 121 107 62 75 84 121 100 5
    90 88 49 107 42 9 122 111 46 63 57 19 118 16 23 113 8 35 37 23 80
    124 65 17 95 86 21 0 60 111 90 82 29 89 97 48 6 99 103 17 19 75 7 40
    12 21 44 113 118 117 82 12 34 41 68 81 79 99 52 68 83 53 46 57 112
    34 30 18 44 71 88 90 29 118 94 101 120 8 61 44 51 89 52 93 112 74 47
    13 109 89 97 26 74 89 122 89 96 17 27 68 30 41 75 58 4 80 121 25 37
    103 55 99 80 93 45 64 62 114 66 26 38 20 101 87 124 118 15 17 49 81
    85 117 107 115 3 55 58 78 50 29 100 19 87 116 46 0 84 48 86 16 121
    112 24 97 69 16 100 6 14 92 35 74 22 39 32 6 61 70 96 57 85 27 97 17
    96 106 34 91 43 117 17 25 122 82 73 99 23 88 101 108 61 115 118 66
    24 32 7 26 66 16 94 126 80 79 18 12 64 64 62 63 84 24 61 29 37 51
    108 17 51 13 73 99 53 0 26 43 95 9 16 48 33 36 13 16 110 82 7 97 107
    22 77 57 4 18 113 105 81 58 107 95 60 63 113 27 68 41 44 106 102 105
    12 13 12 79 109 119 95 32 36 98 127 115 35 114 82 30 79 80 75 82 0
    99 42 18 121 85 113 29 106 126 123 73 57 8 15 90 35 95 50 12 49 61
    98 66 100 126 48 73 57 92 110 124 24 95 122 113 100 83 33 24 98 96
    79 36 39 108 104 19 75 77 55 94 8 121 89 7 17 85 30 77 120 4 96 44
    101 15 80 56 99 69 116 118 73 53 41 101 4 126 98 120 42 113 91 47 4
    104 26 84 24 108 41 38 61 104 102 95 46 62 11 9 127 8 81 114 40 51
    122 39 21 66 70 67 94 9 101 64 83 11 109 54 24 98 51 91 72 58 37 57
    105 40 70 13 90 23 68 53 53 37 86 97 19 80 68 114 87 94 0 121 126
    126 86 72 61 50 117 13 96 102 87 52 115 125 50 72 17 51 97 31 46 9
    98 82 37 53 84 99 118 111 117 46 117 121 45 12 67 15 56 38 78 20 26
    55 60 8 66 36 17 10 115 80 112 32 12 82 12 114 23 51 80 72 10 71 118
    59 21 67 94 38 115 93 20 53 37 108 118 53 86 8 52 48 38 92 100 64 35
    36 88 31 64 79 29 8 115 122 117 119 66 86 60 39 89 120 112 41 49 74
    25 106 86 62 12 75 6 40 66 52 44 83 80 23 47 111 123 99 46 32 52 112
    43 98 120 55 56 113 95 22 14 15 17 32 16 37 83 10 34 103 62 122 85
    122 4 100 15 127 114 67 53 121 70 28 36 47 96 106 78 95 17 11 11 30
    51 50 3 86 96 36 11 70 13 114 63 35 55 76 89 9 52 16 96 99 21 67 56
    59 59 27 126 104 13 67 56 10 90 97 71 33 75 85 30 23 96 94 19 13 119
    11 72 80 102 124 103 74 14 31 76 126 33 27 53 14 78 35 74 106 59 79
    33 29 100 62 44 65 70 68 91 44 103 61 27 52 100 29 49 87 22 105 8 54
    93 30 60 122 106 95 127 71 36 57 126 46 88 68 105 117 88 52 30 92 76
    114 65 45 13 14 125 4 43 124 3 63 83 115 103 37 64 21 48 52 124 92
    63 52 74 94 121 28 80 84 101 67 8 0 15 3 77 19 31 69 60 31 52 20 32
    73 22 37 35 58 29 35 10 25 106 93 74 118 83 41 101 43 126 47 67 40
    68 1 57 42 29 57 81 91 6 60 83 73 102 39 34 46 77 97 72 125 18 73
    117 57 108 20 67 53 111 54 108 101 114 10 95 30 51 29 72 81 64 121
    82 22 27 39 83 23 24 18 78 28 111 77 23 72 38 19 36 55 68 11 51 99
    107 91 63 24 4 118 95 43 85 60 52 113 62 63 117 118 5 25 72 92 114
    116 74 65 62 80 0 123 116 26 116 72 10 35 23 25 80 75 90 40 43 83 71
    28 121 87 41 118 73 78 36 121 48 110 10 85 55 95 32 65 42 66 18 25
    11 85 0 24 5 21 109 112 23 50 5 48 75 1 111 11 81 44 123 3 41 108
    125 102 2 96 45 91 95 103 76 70 127 28 93 24 26 38 25 118 26 116 98
    49 36 4 125 3 88 94 91 12 22 98 60 121 37 101 48 26 108 106 90 19
    108 111 86 71 64 81 112 7 33 115 106 34 50 8 0 92 53 35 38 82 74 78
    93 2 74 119 1 66 56 61 54 100 68 75 26 38 57 74 93 10 87 94 4 65 114
    106 74 100 19 69 81 64 30 37 113 58 47 11 84 27 114 2 116 20 66 51
    90 27 5 123 34 106 110 0 46 106 90 15 71 84 39 16 111 37 52 60 9 43
    30 83 111 53 107 42 108 109 70 78 107 20 103 2 3 26 73 34 3 61 125
    30 54 7 25 45 11 91 58 38 60 10 14 121 86 71 119 110 16 30 81 118
    114 68 17 32 108 36 32 72 42 96 58 75 15 81 12 64 51 42 46 88 116 92
    30 39 54 84 32 105 103 70 63 106 59 32 28 33 102 127 61 87 16 90 97
    122 114 19 74 109 51 20 37 76 119 86 1 108 104 40 29 21 117 7 60 102
    101 80 32 42 85 119 116 41 38 105 41 94 22 1 86 59 124 40 38 54 86
    43 97 79 103 88 112 45 60 15 107 64 90 15 12 36 48 68 87 104 87 117
    12 116 29 59 39 62 18 112 17 96 75 55 62 113 20 89 31 60 116 6 109
    99 108 94 81 18 22 3 125 12 36 84 19 76 80 53 95 15 88 75 33 38 73
    81 33 101 105 21 45 51 43 71 41 36 35 15 116 57 118 17 17 106 65 24
    40 18 48 102 125 50 118 58 35 75 123 107 45 18 46 49 24 43 88 7 5 71
    102 12 119 117 6 52 11 117 78 95 109 124 45 93 0 62 31 78 71 14 18
    117 21 114 71 115 4 60 58 122 91 42 115 4 126 43 122 101 50 56 102 3
    26 34 107 80 114 114 48 43 41 96 49 6 58 62 72 1 116 58 42 8 72 17 7
    106 125 119 78 62 47 60 13 4 79 25 117 127 100 125 55 15 62 49 89 69
    117 29 47 30 45 122 119 96 18 124 102 113 26 16 40 60 26 44 91 66 17
    78 39 63 50 55 14 58 93 84 115 61 102 58 30 47 90 43 116 119 120 67
    69 78 28 41 92 69 73 32 27 4 95 23 114 51 60 114 95 36 77 64 97 17
    88 62 104 9 2 124 98 118 69 37 65 0 121 93 110 79 41 111 28 47 43 73
    104 90 68 82 35 106 3 62 107 23 100 103 39 66 11 99 92 113 50 72 70
    33 30 58 23 65 117 87 58 90 23 21 36 102 52 52 107 19 124 23 15 32
    113 59 86 49 118 52 60 3 50 15 6 8 41 41 15 15 60 114 20 43 19 54 6
    2 28 33 58 92 124 67 110 19 56 88 92 50 13 13 38 82 47 46 103 61 109
    74 31 57 123 10 50 71 85 28 75 17 90 75 47 33 118 29 53 126 17 86
    102 121 58 87 43 18 126 90 7 23 85 16 9 83 89 3 16 96 71 95 93 3 112
    26 76 122 39 120 87 7 73 73 73 67 112 120 28 14 12 41 0 116 27 81 4
    100 114 82 119 66 123 23 104 43 14 37 96 84 88 32 63 83 90 36 20 100
    104 30 102 74 38 4 127 3 18 11 98 49 35 106 111 59 36 4 25 117 112
    87 15 99 14 75 84 100 13 14 110 110 120 51 58 0 64 13 107 85 70 57
    125 85 67 75 71 31 122 84 71 11 82 74 79 30 122 51 20 31 50 33 24
    127 85 28 15 87 104 32 82 12 32 127 93 72 31 115 34 80 99 48 1 105
    44 5 2 78 3 16 96 77 115 65 37 108 16 64 30 33 46 60 99 43 79 73 72
    104 105 29 126 95 66 76 99 91 62 113 50 9 28 111 117 69 115 116 10
    65 98 1 79 63 50 125 112 58 90 108 1 74 77 76 103 54 75 67 93 58 2
    76 98 123 34 88 110 51 25 47 9 121 63 112 53 74 94 65 12 77 65 17 11
    82 98 25 35 80 84 58 121 52 58 113 121 18 100 78 102 69 115 66 119
    53 71 120 112 64 95 12 59 74 123 84 70 41 6 115 48 64 48 124 45 33
    12 67 18 2 106 11 123 53 127 32 86 99 78 115 57 16 85 88 14 124 11
    123 95 9 11 94 113 46 70 112 55 121 52 71 88 79 12 114 37 107 44 100
    41 122 122 56 22 118 65 59 49 65 103 55 93 70 104 2 66 118 23 41 82
    70 107 94 29 1 23 55 92 52 52 107 88 94 117 20 124 85 46 20 59 46 58
    41 42 83 11 84 46 21 28 29 87 5 28 78 109 22 31 101 39 0 117 102 59
    15 101 111 103 81 85 58 117 79 79 53 85 68 125 123 108 18 110 32 4
    111 118 75 117 89 30 68 75 117 97 56 15 13 127 76 48 79 97 70 7 91
    15 86 78 34 107 109 114 98 107 36 99 6 62 40 116 102 46 41 13 105 0
    75 33 125 28 126 72 31 12 29 86 26 107 12 127 58 101 115 80 90 91 33
    89 31 70 106 86 102 33 10 111 82 103 87 80 84 41 54 57 119 46 100 93
    115 25 83 119 119 68 116 8 65 11 37 19 17 105 122 88 27 4 127 126 82
    75 84 93 124 1 73 99 78 122 72 70 42 92 22 85 93 70 34 73 118 109
    114 87 5 106 102 100 16 97 40 121 5 64 63 106 42 59 23 93 38 62 40
    124 89 73 60 17 62 126 5 58 0 74 82 49 26 75 110 0 87 7 21 56 22 94
    2 32 40 17 116 120 45 18 99 124 43 19 30 127 107 89 27 12 86 50 21 3
    52 83 52 71 5 73 47 1 53 27 98 27 7 42 61 50 11 75 108 9 70 19 126
    48 109 98 94 107 92 81 62 100 7 98 36 18 53 63 116 47 3 102 62 71 2
    34 32 32 8 2 29 112 61 111 42 116 93 75 103 87 71 76 109 65 37 88 80
    85 58 117 71 102 69 73 115 79 55 57 51 73 15 47 2 118 30 3 118 9 19
    11 39 127 77 63 73 105 41 15 78 109 124 26 76 36 84 77 108 62 8 5 34
    11 39 43 125 33 47 119 125 94 60 51 91 0 88 38 119 4 90 78 73 12 50
    102 36 85 92 51 69 10 53 67 18 97 2 89 98 102 55 122 98 66 102 1 64
    62 31 36 32 25 24 113 56 67 52 60 91 78 28 68 84 78 101 28 78 117 37
    82 89 33 101 8 57 90 26 81 93 116 99 108 103 80 15 105 72 41 92 82
    62 124 73 38 122 50 42 89 11 3 113 10 54 89 121 43 4 107 44 37 25 94
    21 79 18 21 35 47 82 18 90 42 78 99 26 30 15 26 78 7 115 12 89 89
    100 106 45 108 119 104 79 97 15 2 99 63 76 57 5 72 86 66 62 29 36
    108 59 83 36 0 125 7 84 108 79 119 21 92 18 34 73 79 45 104 115 44
    112 42 18 1 102 120 105 46 50 89 31 45 46 28 3 115 96 115 78 51 28
    59 87 93 41 9 63 17 68 39 110 46 83 39 119 53 126 4 117 26 43 68 123
    72 67 10 55 41 59 2 55 108 10 15 45 1 34 42 122 123 66 88 20 23 11 0
    100 106 20 127 35 67 55 102 31 102 124 124 54 115 71 37 76 56 94 106
    58 55 115 104 122 0 99 82 62 126 125 103 117 4 123 0 79 79 82 26 2
    30 107 100 94 105 31 101 33 63 41 29 106 3 85 45 12 110 52 26 93 56
    86 78 118 18 114 119 60 70 30 37 84 40 30 37 30 20 112 13 5 80 63 86
    23 36 78 113 20 84 27 67 125 106 14 84 51 60 66 14 102 122 105 59 80
    11 99 75 67 70 61 97 30 124 121 21 113 20 11 76 18 87 74 40 121 58
    96 44 76 95 84 54 40 114 94 4 96 110 120 58 75 57 22 91 106 4 92 70
    12 17 88 33 65 12 87 115 87 0 20 68 80 16 93 81 56 0 69 113 16 28 40
    15 118 122 83 30 40 2 91 121 120 115 90 37 64 79 6 17 68 87 89 69 72
    94 77 122 70 64 37 9 110 7 116 118 65 46 88 113 79 81 95 116 110 60
    54 0 7 19 30 44 95 57 27 4 115 86 5 126 97 115 61 74 23 106 73 37 50
    19 13 59 9 17 19 79 53 64 112 75 45 46 30 114 114 69 113 127 63 80
    48 93 102 73 6 76 0 126 58 84 103 35 88 49 17 60 40 83 66 55 122 108
    124 109 38 86 107 124 12 52 12 125 25 119 108 88 20 60 99 6 16 63
    102 31 111 46 36 2 14 49 80 76 117 63 114 112 122 1 30 110 93 115
    110 98 62 114 70 26 36 38 113 114 66 73 126 27 92 43 72 112 117 16
    22 8 19 55 99 48 117 49 76 60 15 70 86 54 56 117 64 120 79 68 82 114
    61 65 74 16 8 36 0 111 27 41 84 13 117 97 72 99 117 51 92 109 89 39
    104 28 111 91 115 10 102 64 8 69 122 82 39 54 100 46 10 63 20 47 71
    1 26 12 15 120 71 123 7 47 87 51 93 127 0 56 39 79 72 85 4 83 119
    114 68 39 73 11 91 114 107 102 77 36 21 50 119 33 34 17 22 85 28 19
    83 84 41 6 64 104 0 66 90 95 19 27 73 113 109 38 73 65 124 38 97 81
    84 124 5 78 69 54 94 115 49 38 31 11 75 70 112 122 5 47 1 82 70 90
    53 64 30 45 113 81 106 64 32 88 58 1 91 63 56 65 19 25 69 13 54 45
    34 49 56 4 39 64 99 29 75 98 0 80 53 23 78 13 41 99 65 21 37 76 101
    123 113 95 36 94 46 111 25 76 84 127 58 68 80 108 126 77 117 95 90
    121 73 121 47 114 54 98 7 11 77 72 101 52 115 82 92 69 104 104 26 5
    83 58 21 113 46 11 21 53 102 125 113 20 59 49 28 17 81 94 124 29 14
    60 0 43 19 56 106 107 110 10 104 122 34 63 117 64 59 3 49 122 97 125
    98 11 66 87 81 82 96 73 53 87 123 121 4 94 61 6 125 77 65 72 76 47
    34 100 66 53 1 45 62 40 42 70 58 14 59 42 74 105 117 62 44 19 23 22
    76 47 12 48 18 44 96 112 27 98 87 61 8 113 24 102 28 16 111 88 23
    106 123 23 99 89 17 127 71 70 93 47 125 24 127 127 111 1 33 37 127
    126 30 98 119 107 47 14 91 100 42 75 110 12 30 65 56 83 108 23 7 122
    41 22 62 100 95 74 107 20 111 59 5 1 48 66 4 29 62 121 71 104 29 39
    65 94 55 31 9 122 10 113 97 83 103 118 5 63 23 82 2 107 80 4 77 113
    76 126 84 126 10 126 104 99 27 67 28 71 112 99 25 70 16 5 68 104 79
    86 12 21 49 35 26 98 48 125 30 87 126 61 44 96 30 18 76 5 9 81 113
    80 77 89 111 64 6 44 40 20 65 2 59 91 17 115 88 46 0 37 109 120 125
    104 36 95 82 43 53 97 127 92 120 39 113 27 25 65 27 68 46 86 81 43
    24 17 17 3 5 70 76 88 91 71 99 59 34 87 127 117 1 28 64 108 62 116
    59 41 7 59 29 48 46 34 77 83 110 13 12 15 113 55 31 112 104 99 16 81
    116 27 25 68 54 102 114 110 54 20 3 103 3 15 42 56 107 56 20 120 126
    96 25 21 35 127 102 20 97 75 67 102 49 73 116 83 96 109 14 30 69 12
    60 79 39 103 5 103 88 29 90 53 64 66 58 103 64 10 1 18 38 74 13 91
    112 47 52 41 1 55 107 116 116 106 42 93 98 103 21 47 30 61 116 121
    74 103 109 75 81 2 89 127 121 69 73 10 119 22 82 91 73 63 117 74 83
    123 64 3 50 111 86 30 62 24 8 67 120 120 127 23 111 95 103 121 1 39
    43 79 107 83 20 28 83 7 40 113 107 11 67 8 3 32 79 118 123 105 111
    90 47 80 67 42 114 82 11 119 49 45 46 11 78 77 121 39 32 49 98 101
    94 16 2 98 124 9 41 59 78 60 1 35 53 108 110 120 86 27 92 89 64 58
    26 27 61 18 25 18 23 62 33 55 112 104 32 37 58 94 46 22 108 101 88
    113 44 67 63 72 19 91 97 126 81 25 120 3 17 62 74 20 100 80 116 121
    125 15 12 36 127 46 0 112 102 59 82 10 103 44 100 14 81 122 21 63 55
    81 4 101 90 15 104 32 8 62 78 44 112 85 112 37 19 65 70 102 68 41 9
    108 100 28 8 79 29 13 89 35 99 71 79 117 90 55 84 94 71 38 103 34 75
    9 116 111 103 38 68 31 1 115 108 64 77 67 71 10 44 29 18 41 15 111
    26 20 100 49 77 39 122 6 5 31 126 17 87 76 69 71 14 68 72 92 83 48 0
    67 86 124 73 118 32 104 72 88 57 16 90 42 69 4 64 90 67 55 97 118
    109 32 81 62 36 100 84 89 22 127 125 1 47 93 71 35 101 71 12 72 63
    10 117 56 6 49 12 120 115 75 122 31 27 20 39 116 112 52 73 123 105
    49 44 69 57 119 58 40 108 67 122 0 48 49 20 94 72 39 23 73 115 55 16
    70 42 93 23 40 66 12 57 50 104 48 73 114 8 2 54 113 65 50 3 75 53
    112 86 115 65 44 14 94 65 37 7 42 31 105 4 20 119 30 12 89 108 113
    37 41 92 82 14 23 78 24 64 30 117 82 117 75 55 8 30 67 55 111 69 36
    23 1 124 89 103 97 111 117 4 8 37 114 0 9 63 95 38 121 38 117 97 52
    68 66 18 4 5 69 16 57 113 88 50 2 14 98 34 79 19 12 87 22 79 56 123
    59 10 64 100 68 103 42 36 56 45 10 122 44 43 18 10 12 99 21 83 72 27
    13 50 94 9 43 32 126 111 43 70 41 112 90 123 63 76 7 97 29 53 53 0 3
    7 11 116 12 41 67 19 12 73 118 100 54 83 5 9 126 70 56 17 86 95 59
    18 72 63 18 57 43 38 49 47 68 62 59 75 33 57 58 12 25 36 36 32 125 3
    19 1 42 119 59 73 62 72 31 45 112 6 111 122 3 10 37 121 15 34 25 127
    70 57 40 96 99 60 46 56 42 60 101 103 18 108 55 10 25 44 66 62 72 82
    8 111 8 71 19 23 35 104 92 6 11 34 17 113 85 0 8 108 20 72 33 94 52
    90 124 63 28 92 113 0 86 60 124 104 95 91 104 124 121 40 74 70 64 28
    73 96 72 76 7 19 58 25 97 37 114 51 120 30 109 10 96 111 40 44 40
    118 2 75 3 98 19 97 102 17 36 80 24 66 45 38 46 92 72 34 9 81 3 8 89
    105 18 21 60 13 111 63 67 102 40 20 110 45 37 111 112 62 68 60 95 22
    72 59 32 70 124 70 57 78 122 125 89 67 58 66 56 103 7 17 9 58 12 59
    98 80 70 26 30 87 2 74 49 64 37 28 85 45 78 99 98 0 104 57 24 92 28
    95 33 9 107 76 77 90 102 65 94 108 42 93 32 111 34 60 8 125 11 20 5
    90 67 30 25 97 105 105 120 106 0 102 24 110 16 0 87 98 59 103 58 103
    87 49 107 95 9 3 105 44 18 18 55 80 88 9 80 32 58 114 123 50 50 13
    27 83 36 113 33 107 81 114 84 121 68 9 38 53 64 48 26 20 11 82 29 42
    10 124 55 26 50 39 113 17 64 105 106 27 17 76 5 53 28 11 101 32 111
    82 45 20 36 64 55 19 12 34 4 13 116 92 107 101 103 127 62 91 16 14
    27 18 86 92 106 121 37 14 21 127 60 26 85 58 50 56 43 23 46 12 120
    59 87 16 84 18 95 78 101 22 36 25 56 17 26 55 126 58 44 30 119 22
    111 32 127 50 18 38 28 64 40 113 5 4 90 40 120 31 62 119 116 80 71 5
    15 54 69 13 81 36 61 118 0 53 111 9 25 66 31 94 13 34 54 124 123 67
    14 58 44 29 53 81 49 7 32 111 123 102 88 119 68 24 29 42 19 69 78
    127 80 37 78 4 95 89 27 19 115 31 43 93 49 109 44 13 59 46 95 26 110
    12 18 12 54 121 120 71 68 78 105 99 51 16 8 5 98 27 4 22 116 11 112
    68 18 61 56 121 120 81 33 103 58 72 52 71 75 66 101 12 34 123 26 25
    21 59 6 2 85 76 31 46 53 49 59 7 21 90 64 122 127 115 44 102 50 9 85
    71 116 64 25 15 19 108 88 50 10 102 62 93 0 31 96 25 26 18 124 119
    82 69 91 25 85 4 62 15 18 15 104 49 11 108 80 54 18 86 93 117 77 97
    89 28 69 64 0 41 29 113 8 73 114 58 73 79 89 33 91 57 32 29 17 8 127
    76 9 78 2 50 55 39 42 69 122 11 10 118 48 51 110 123 114 32 93 0 32
    2 60 12 113 21 0 50 121 50 124 120 1 108 120 93 56 66 68 15 111 94 4
    55 3 83 112 93 76 15 53 84 127 11 78 68 59 113 26 89 51 112 56 42 79
    118 49 2 33 73 22 54 11 16 107 106 4 42 44 17 14 14 67 95 117 36 89
    19 88 83 65 30 127 15 102 29 72 31 69 106 34 10 89 62 98 127 112 52
    100 103 13 102 26 0 74 125 21 126 111 78 112 14 99 8 4 36 96 24 64 3
    3 56 27 58 104 108 66 50 82 81 113 76 3 46 79 41 44 69 66 114 103 84
    89 102 61 62 71 57 95 20 66 67 82 55 98 118 110 96 110 5 93 117 29
    86 39 36 126 92 69 96 57 60 88 39 38 31 67 66 20 61 40 49 82 99 48
    118 29 12 71 19 32 1 85 60 115 59 36 48 84 21 54 40 106 86 55 74 43
    55 40 108 106 105 39 33 37 39 98 15 29 107 89 42 91 111 42 16 81 40
    101 25 15 80 72 62 124 55 76 89 75 74 120 123 50 43 22 27 81 81 63
    88 18 48 85 85 79 3 113 18 65 86 25 105 81 64 11 71 31 30 122 109 71
    94 70 9 42 45 10 74 124 122 104 0 17 59 95 116 49 55 85 0 19 45 25
    44 37 11 6 114 99 67 59 39 64 6 0 127 7 36 108 121 19 18 14 98 91 93
    118 26 40 95 48 84 15 7 50 122 20 21 37 99 84 72 54 92 48 122 7 38
    44 96 66 76 36 115 51 102 4 28 15 57 56 23 37 109 117 38 88 106 29 6
    14 120 112 127 76 80 3 54 66 59 27 112 52 104 30 84 34 77 3 46 109
    115 28 38 101 92 45 42 7 97 38 60 21 48 70 53 94 95 113 34 89 25 103
    8 24 118 70 118 66 7 26 55 75 48 15 5 93 95 41 4 65 90 32 11 88 120
    4 69 81 121 86 117 8 124 39 28 3 67 66 22 103 54 97 76 120 37 69 89
    14 20 70 2 23 110 46 38 117 87 101 6 60 52 21 121 49 81 31 29 57 87
    111 117 119 124 89 112 122 81 74 89 84 99 24 58 89 25 77 0 91 11 14
    56 9 51 65 64 35 40 49 9 9 122 126 19 3 38 117 20 2 49 10 113 92 14
    79 28 111 1 24 104 90 101 94 88 71 106 116 0 18 20 2 32 24 31 60 37
    23 11 78 58 61 123 58 29 26 72 75 2 28 117 53 113 44 2 122 12 36 28
    91 116 46 111 25 119 80 2 64 86 48 89 55 87 14 10 77 103 107 1 112
    104 41 69 32 28 13 109 21 7 117 54 82 107 12 48 11 67 48 13 38 78 83
    85 10 119 116 113 55 90 123 107 56 7 94 76 6 17 47 29 55 29 39 120
    80 87 37 108 63 83 63 105 52 68 92 34 119 46 86 25 106 89 108 47 91
    94 120 60 84 71 100 19 49 95 1 81 45 29 58 46 93 67 0 47 99 120 116
    104 91 97 11 90 119 6 26 59 53 20 31 27 81 114 125 26 98 33 14 22
    126 106 114 57 120 95 89 116 56 56 87 49 42 67 119 127 67 16 86 55
    46 113 90 82 41 127 30 30 121 85 2 112 63 71 83 118 76 82 18 3 20 48
    121 13 107 112 85 24 75 1 58 19 23 122 4 22 47 107 82 48 17 121 104
    19 76 106 18 73 29 60 121 81 110 48 31 104 3 9 6 112 47 33 110 108 3
    15 12 67 113 123 122 107 16 31 121 93 64 75 26 92 43 45 60 121 0 121
    82 34 47 96 102 70 61 85 61 75 126 56 67 127 105 80 62 88 78 55 20
    42 25 42 114 41 115 3 9 84 58 69 73 42 86 44 106 61 38 62 23 10 41
    124 122 107 69 10 122 1 97 127 35 94 37 53 38 16 77 54 30 84 82 9 70
    2 122 75 19 57 110 59 75 119 112 78 82 40 29 80 1 127 70 49 115 14
    78 104 16 4 62 31 0 102 16 25 78 125 1 11 73 75 49 37 16 40 78 123
    51 56 62 47 112 123 105 74 8 23 64 114 72 77 96 68 102 89 36 34 55
    122 6 41 63 3 74 75 36 8 107 12 100 20 55 64 70 13 3 18 48 117 60 58
    42 95 17 12 24 41 27 37 69 5 43 89 16 26 4 52 113 35 74 12 113 34 43
    37 60 105 63 86 5 105 124 63 60 83 13 113 20 0 43 30 69 112 94 29 7
    55 13 23 112 57 1 41 48 99 122 104 48 120 91 39 32 49 95 1 108 93 23
    109 22 70 20 25 118 22 106 102 47 97 102 76 32 59 41 59 66 73 33 56
    96 127 116 18 60 59 93 84 12 113 58 85 64 100 118 8 44 126 70 28 63
    64 75 99 21 38 53 114 52 110 20 110 125 74 114 33 71 125 107 6 32 91
    68 95 45 85 34 28 104 46 111 28 10 112 74 94 53 125 68 86 108 14 105
    43 95 60 59 115 7 117 116 72 61 127 102 21 67 114 41 71 99 41 43 107
    123 75 16 111 31 15 91 20 113 16 18 124 117 20 34 30 17 69 11 84 3
    64 13 56 80 99 7 1 102 35 57 13 110 115 86 63 64 50 26 17 76 118 59
    105 109 117 45 54 80 103 69 103 35 110 21 32 120 41 97 21 63 96 39
    33 3 92 26 83 22 114 77 62 80 51 33 27 0 9 108 104 18 18 79 73 105
    96 104 102 18 77 111 67 13 31 3 121 88 98 57 30 58 88 76 126 43 15
    43 126 125 19 27 36 33 59 89 114 30 94 42 65 39 63 35 55 9 17 100
    118 10 35 77 114 9 83 38 91 28 66 96 77 8 55 28 51 76 71 21 85 76 75
    94 60 81 49 35 73 48 61 11 73 32 89 117 4 18 6 102 118 124 72 55 53
    67 112 54 126 3 12 88 8 57 81 13 9 21 97 40 63 127 100 99 44 52 25
    91 45 55 126 33 68 57 83 80 69 70 60 102 63 39 56 95 30 107 31 127
    94 121 47 7 14 83 82 59 54 105 68 96 102 111 99 118 29 27 60 71 79
    106 74 111 83 18 64 103 57 40 70 120 3 18 64 114 98 82 39 41 114 79
    31 72 42 26 27 99 81 112 120 118 91 83 0 3 40 71 84 120 15 5 97 49 2
    70 113 123 22 108 54 77 34 85 39 109 82 1 83 40 76 58 21 123 121 102
    123 64 12 13 102 64 15 91 35 11 70 91 91 75 44 123 54 105 20 25 43
    29 8 39 86 119 85 100 82 110 5 3 127 117 122 93 119 55 30 72 97 115
    21 0 50 115 95 107 10 35 41 105 53 105 62 114 35 31 82 96 10 86 119
    83 40 85 35 112 51 63 56 13 22 102 63 66 12 116 79 24 74 30 46 78
    105 119 108 27 15 4 103 56 50 6 55 122 47 10 98 7 74 81 121 52 116
    110 88 80 34 8 108 106 127 84 65 42 30 34 127 64 117 97 41 123 1 92
    68 94 72 21 31 86 110 14 47 60 24 96 77 25 73 55 24 55 107 79 37 11
    127 21 109 74 26 44 67 39 81 51 18 40 105 64 67 43 108 95 13 7 105
    17 69 83 12 2 82 84 89 91 51 37 99 80 55 43 49 127 43 105 35 106 48
    42 27 15 90 103 25 97 111 23 97 76 120 29 85 105 38 39 4 36 86 68 2
    45 94 12 64 20 125 90 48 82 118 111 71 89 119 45 39 92 94 27 43 46 3
    104 20 63 76 59 35 10 95 110 123 22 60 49 54 87 86 68 62 103 119 82
    52 15 35 81 117 71 4 45 7 104 97 34 125 70 63 98 60 20 81 102 103 61
    8 6 73 29 89 4 83 7 63 21 112 32 61 15 102 55 52 72 94 79 45 86 109
    11 80 24 112 112 108 35 12 73 12 52 73 7 94 87 25 32 64 73 21 38 124
    64 59 52 25 83 83 74 13 96 100 84 23 53 115 33 126 57 3 12 92 50 27
    42 55 42 5 89 107 98 4 79 0 27 48 27 122 94 118 77 108 97 49 5 119
    108 126 80 49 24 5 40 108 108 44 116 3 84 13 50 61 20 52 61 107 97
    13 126 30 23 125 114 27 50 35 51 3 115 28 39 22 105 106 110 109 17
    116 105 41 24 120 111 11 48 52 42 32 20 34 12 18 39 106 72 126 87 69
    77 54 5 71 101 120 18 39 1 55 29 106 12 107 39 26 49 10 125 116 11 4
    113 26 32 99 37 89 103 107 124 20 107 118 98 72 97 29 13 30 11 20
    113 105 94 42 9 67 6 73 82 99 74 121 66 15 28 69 3 60 17 10 88 109
    85 80 81 127 65 48 82 32 65 77 84 95 4 76 56 62 59 70 6 42 16 32 62
    62 123 34 90 83 14 85 73 30 20 3 35 91 35 4 90 15 10 79 78 4 80 67
    21 39 83 30 53 90 4 96 65 67 33 19 37 65 105 3 102 33 22 119 112 11
    54 114 99 92 51 33 38 93 43 14 70 112 118 5 109 26 49 40 123 23 94
    41 10 6 49 59 121 31 84 80 96 120 67 14 91 8 3 53 125 58 47 127 64
    102 114 7 126 51 110 122 36 27 68 69 66 14 61 15 115 102 110 107 107
    9 53 98 73 127 10 91 51 6 86 57 63 90 55 73 8 66 124 11 2 58 124 122
    104 20 61 98 83 44 38 54 62 119 127 53 98 42 14 80 4 74 39 3 126 73
    98 50 9 34 115 31 58 0 59 9 66 116 78 60 53 29 52 76 6 55 8 9 8 36
    20 40 39 104 72 83 54 104 100 36 94 10 19 34 108 64 3 68 111 70 37
    11 13 74 119 42 89 75 4 124 81 61 4 32 8 104 101 61 114 82 99 59 35
    16 118 44 45 77 100 81 115 104 112 57 109 100 52 65 85 99 7 86 108
    70 90 119 93 21 68 17 16 106 13 5 19 43 53 18 112 107 124 113 109 87
    65 60 1 101 13 74 83 99 20 110 37 75 40 33 97 65 46 70 2 116 74 112
    110 3 8 63 18 72 57 101 25 123 123 87 91 41 107 48 6 23 104 4 24 42
    19 54 17 12 89 88 101 32 119 94 12 73 3 5 56 0 64 8 53 77 16 55 7 47
    55 121 15 29 40 122 107 9 61 62 23 13 39 75 109 19 77 24 59 86 57
    106 3 16 80 120 123 29 22 26 53 68 5 17 93 92 12 28 60 22 110 16 83
    122 98 33 12 51 127 117 30 77 9 29 24 63 29 52 48 40 113 8 124 17 33
    78 22 42 93 73 46 62 104 119 98 89 106 112 55 18 84 62 57 37 124 31
    45 95 54 90 17 101 90 80 88 89 99 67 51 51 83 56 62 71 110 40 0 31
    93 54 108 14 7 15 96 37 83 87 120 117 6 0 68 43 27 78 41 60 13 20
    112 19 115 10 121 124 50 106 29 15 87 93 90 53 46 40 100 40 58 74 39
    36 23 87 46 54 118 84 107 57 37 89 112 63 4 125 92 61 85 39 27 62 68
    5 127 74 121 97 20 113 31 106 34 119 6 92 48 64 111 18 72 58 57 26
    87 71 49 31 55 16 44 82 117 15 102 31 111 19 16 40 69 116 105 109 75
    83 102 47 10 38 113 29 22 61 63 71 31 108 15 100 40 75 71 117 111 26
    57 75 70 102 81 83 77 30 99 0 90 119 11 7 5 18 38 123 51 74 32 88 39
    35 31 97 18 60 2 76 85 87 64 62 70 96 101 117 114 55 123 89 54 58
    120 71 64 46 68 72 82 88 27 9 99 77 81 50 1 91 109 23 77 74 47 98 32
    107 63 28 16 5 75 121 113 2 87 22 58 55 27 90 76 101 96 25 38 2 10
    96 126 63 79 66 112 74 75 123 46 22 55 1 90 117 110 41 85 42 2 104
    60 123 49 4 113 126 100 69 26 83 8 122 49 87 93 52 73 36 121 88 45
    55 39 89 68 114 106 71 65 10 95 27 93 115 105 27 61 113 42 34 82 112
    11 80 16 49 99 97 56 56 57 43 1 96 77 65 78 74 5 17 45 127 23 1 119
    2 74 23 69 124 125 8 75 0 6 95 123 51 59 111 1 11 31 114 52 90 65 47
    124 40 5 33 79 92 83 59 121 85 28 13 31 69 23 110 15 103 44 8 11 65
    10 4 45 113 49 3 122 61 49 52 83 123 34 9 78 91 47 38 64 59 3 0 20
    60 35 76 72 83 12 121 121 98 94 58 27 90 9 45 72 15 75 63 33 72 105
    83 63 72 33 28 41 7 119 106 119 115 74 125 102 5 105 27 117 27 102
    78 119 41 22 61 53 119 58 115 36 96 92 92 45 38 4 123 124 65 66 100
    30 29 52 63 52 68 24 90 0 110 26 114 19 61 108 23 121 72 75 32 24 71
    117 4 42 1 125 4 26 51 34 52 123 15 122 61 54 86 71 27 64 10 85 6 29
    8 51 19 12 125 31 111 34 5 69 126 107 47 106 64 52 45 95 94 5 49 117
    65 33 60 104 82 22 6 12 7 37 37 87 43 3 44 107 61 29 41 44 21 58 44
    31 122 85 83 82 80 98 44 74 0 53 97 13 97 37 14 66 14 66 123 119 28
    41 93 29 122 62 29 49 51 118 26 3 56 11 66 86 9 50 7 10 84 75 47 45
    26 51 123 125 28 14 79 49 71 104 26 18 126 4 69 13 40 72 26 115 63
    69 118 10 42 35 6 89 0 73 8 17 81 115 99 98 89 95 10 56 108 125 68
    102 127 54 21 52 24 64 38 100 108 8 77 105 125 40 76 72 89 32 51 91
    101 92 9 123 74 121 53 118 73 104 53 108 63 23 83 81 123 77 48 47 13
    90 46 95 86 51 56 20 10 18 80 117 121 87 71 65 1 36 71 7 110 99 18
    45 28 38 3 63 124 70 117 95 32 50 71 24 116 66 64 91 33 108 81 109
    103 80 32 101 112 61 3 10 89 64 39 83 74 8 13 54 51 64 97 82 82 98
    68 92 47 41 71 53 109 1 109 61 67 86 76 56 77 108 50 50 32 107 22 16
    49 44 40 118 112 23 34 42 69 103 14 61 55 41 86 95 91 115 16 100 49
    65 30 99 62 86 42 27 12 82 93 29 35 58 89 76 95 81 91 113 57 25 69
    100 3 61 12 44 121 80 66 18 3 97 83 8 123 103 92 24 38 114 42 123 23
    10 20 90 70 62 21 28 71 56 125 74 49 53 13 50 18 121 5 21 121 92 0
    92 126 110 33 105 43 44 66 40 85 27 127 50 116 8 47 121 84 5 67 63
    13 68 20 90 68 116 71 107 107 75 8 75 20 60 86 72 27 81 68 30 118 20
    9 84 6 105 73 111 109 7 37 91 76 66 60 89 5 108 25 68 106 77 39 66
    26 82 57 122 24 88 55 58 11 36 41 72 59 76 54 48 20 37 70 55 87 10
    97 37 28 93 113 56 69 91 69 11 66 57 93 117 12 62 38 84 73 38 22 60
    64 105 93 18 27 83 17 74 55 54 69 69 24 57 88 123 70 54 31 54 79 4
    94 31 106 14 21 2 68 6 98 20 32 43 87 110 117 63 94 99 28 121 3 53
    57 45 14 5 12 0 81 12 7 61 6 123 53 59 126 21 8 38 125 91 95 2 59
    124 17 11 31 62 13 37 123 106 52 15 66 90 109 15 35 24 96 106 74 61
    96 9 52 31 115 66 105 1 117 107 52 112 0 64 68 119 30 97 84 59 83 97
    54 47 89 113 52 122 25 87 18 10 28 79 46 27 19 82 60 58 75 92 119 28
    113 36 104 88 59 3 105 18 12 58 75 66 67 4 82 87 34 90 32 85 113 111
    78 123 113 25 50 2 20 7 78 91 109 50 82 94 35 81 24 3 20 98 57 98 67
    58 101 41 66 74 88 93 114 65 67 121 91 124 83 69 30 12 119 100 39 75
    18 65 109 61 125 101 62 20 55 8 35 58 89 44 55 100 43 119 21 31 52
    98 1 51 22 12 122 102 103 64 109 47 27 20 97 36 100 31 79 59 94 41
    116 121 82 32 124 62 86 20 77 75 105 118 70 123 7 13 25 85 0 0 77 40
    85 87 57 81 10 0 48 118 3 8 34 96 80 56 75 116 74 58 114 40 14 16 51
    11 103 105 53 39 22 50 64 18 68 106 79 88 58 76 83 19 12 104 122 12
    102 43 59 87 17 34 30 34 32 79 37 92 125 27 54 69 16 54 41 119 6 122
    18 90 126 54 71 71 84 42 49 35 49 124 106 69 112 69 18 96 90 96 35
    75 115 64 19 93 33 15 123 79 24 8 14 110 69 48 127 22 95 5 83 57 43
    96 49 109 48 83 101 103 32 78 84 82 28 125 70 34 55 18 121 84 38 101
    57 35 28 16 113 57 3 109 95 80 70 93 114 127 28 51 102 24 8 95 18
    118 6 87 30 40 85 13 108 123 78 92 96 2 78 51 118 22 31 76 25 118 85
    58 44 17 77 51 91 25 44 98 50 47 89 26 90 108 14 18 20 71 69 56 72
    116 36 35 83 59 78 58 21 111 55 1 103 80 2 8 109 25 55 121 112 95 69
    17 35 19 103 18 21 122 26 99 6 114 116 103 40 18 58 9 10 108 71 59
    120 78 26 59 97 13 57 17 70 85 59 107 60 60 85 123 15 76 48 67 79 6
    73 86 65 58 26 68 33 51 88 107 11 57 5 74 87 46 53 48 53 88 102 64 0
    7 25 37 46 11 71 74 104 72 23 43 111 21 91 87 125 126 36 58 92 87
    116 34 113 15 44 124 34 61 64 23 71 115 110 51 82 41 59 22 35 47 84
    17 64 81 44 88 71 100 48 37 0 35 42 39 21 39 16 48 65 92 3 56 120 73
    110 8 51 25 99 38 63 66 83 118 33 43 111 30 9 8 21 12 17 34 41 33 34
    23 1 108 26 111 80 6 45 3 94 125 118 79 53 35 88 16 61 118 86 45 46
    67 114 118 45 28 16 98 100 7 44 90 54 85 77 83 83 3 2 106 63 22 45
    114 53 36 0 27 5 15 27 25 93 84 76 71 45 44 92 119 48 12 51 39 4 99
    72 106 85 64 66 59 3 32 20 54 125 100 12 12 114 70 8 80 57 41 27 65
    121 51 116 87 59 14 124 42 62 70 76 27 50 28 62 69 38 55 73 84 96 91
    78 60 77 2 120 76 118 7 79 106 39 116 124 116 117 51 73 19 119 73
    126 2 126 74 42 48 117 101 3 87 24 59 17 6 85 110 1 42 85 0 2 60 5
    125 124 97 89 25 34 78 39 118 45 18 101 51 86 35 64 23 58 75 93 14
    116 103 64 68 62 35 33 36 10 87 47 84 43 7 82 114 57 84 7 63 99 54
    63 99 123 111 78 44 68 14 2 90 107 28 109 16 42 22 43 112 98 23 91
    12 104 79 125 88 32 118 127 14 91 71 93 121 77 94 3 104 88 124 62 87
    45 3 8 81 93 95 13 74 90 86 48 65 41 74 11 22 18 15 58 18 8 18 99
    106 118 95 24 54 35 95 50 59 70 65 84 80 50 24 91 118 45 107 30 67
    56 64 124 127 28 110 51 4 84 12 27 66 64 5 54 37 81 57 85 48 18 74
    35 11 103 97 82 115 119 57 54 72 97 32 116 38 61 47 121 80 89 38 31
    123 46 66 45 112 58 14 73 9 60 109 59 8 84 61 39 116 101 2 25 85 116
    30 4 95 31 125 51 85 78 55 125 62 55 26 52 93 105 54 0 25 46 100 70
    55 91 26 69 2 107 21 99 41 29 111 5 49 25 24 21 74 16 48 117 99 9 46
    62 113 104 14 96 101 74 64 95 2 90 118 62 127 71 70 40 119 60 9 62
    124 70 98 107 50 53 105 21 28 103 116 66 105 21 74 2 121 87 20 118
    22 11 35 114 26 3 70 81 37 95 3 34 31 121 92 100 3 22 53 83 46 33 74
    46 55 111 14 82 13 101 53 115 93 20 16 26 98 48 65 116 56 82 87 86
    70 36 11 94 99 118 28 49 79 34 33 114 72 81 69 33 45 1 54 106 106 86
    107 65 122 28 100 61 80 117 98 14 25 57 37 14 12 5 67 70 28 11 107
    58 86 53 124 77 16 6 1 14 41 61 18 60 87 88 54 89 92 40 36 95 11 105
    93 60 110 71 10 122 25 27 111 61 25 7 77 60 8 106 118 92 42 105 19
    49 27 66 14 5 87 45 44 115 26 76 51 56 126 88 54 7 49 107 85 90 78
    17 92 33 123 117 75 99 61 28 54 18 78 20 44 91 96 95 110 65 59 64 55
    14 50 36 23 35 120 111 43 88 1 99 14 46 84 96 105 35 9 28 101 3 78
    31 120 120 108 94 104 108 54 43 52 59 85 56 123 115 110 118 12 25 16
    69 9 67 61 92 34 24 34 115 44 121 75 9 59 31 26 60 120 117 88 36 64
    92 82 4 83 48 16 1 58 124 34 111 26 109 2 17 5 99 38 102 99 42 37 74
    98 108 122 84 6 32 100 40 6 22 54 6 92 127 19 39 38 51 3 97 21 99 89
    100 76 25 13 26 120 113 79 2 31 118 76 71 51 35 59 22 83 9 110 47 0
    120 52 76 119 62 68 27 126 121 28 98 71 90 65 62 65 47 102 101 119
    81 35 6 35 26 27 30 17 27 92 50 114 9 67 117 0 76 86 21 4 36 29 8
    107 3 99 21 6 115 53 67 49 57 104 122 127 26 112 24 53 57 53 5 26 2
    36 35 89 29 94 92 74 120 78 48 52 97 19 48 43 100 51 48 9 6 19 109
    79 107 13 50 111 46 115 85 71 116 28 35 42 116 63 106 49 87 106 75 1
    116 67 7 13 114 49 121 109 83 30 93 26 110 71 120 4 106 17 39 13 39
    82 95 65 70 5 89 40 49 74 40 18 91 47 111 48 20 98 73 119 24 23 125
    92 86 111 97 100 2 1 87 92 22 97 113 36 70 15 112 4 110 52 121 56 26
    15 3 66 77 44 77 6 27 113 23 86 107 95 13 36 42 116 15 89 109 37 88
    15 44 36 76 115 27 80 80 59 71 51 94 74 19 120 54 75 44 86 8 98 56
    106 28 2 119 122 85 113 93 12 44 22 71 77 79 45 124 62 118 8 22 66
    10 92 118 13 47 45 122 51 118 29 126 118 19 52 98 41 96 59 96 22 46
    111 118 91 39 106 85 6 117 114 122 35 93 8 0 124 48 78 3 42 38 121
    104 33 81 62 87 30 87 98 3 0 44 85 31 22 120 82 82 44 116 117 23 55
    5 80 10 76 17 36 86 1 69 123 96 44 122 67 60 113 105 96 2 98 59 75
    60 117 1 111 3 34 65 91 84 48 53 38 103 93 15 91 86 120 80 8 91 26
    118 87 89 18 21 22 59 6 117 97 112 35 59 113 102 55 75 56 122 11 69
    91 88 111 118 78 124 16 42 125 99 103 81 121 110 94 2 7 113 81 114
    116 103 63 99 25 54 95 42 50 76 63 51 80 56 117 80 88 37 61 6 119
    119 1 39 123 27 74 34 74 89 75 48 0 99 116 7 11 114 87 120 88 83 42
    26 80 25 94 78 62 58 84 99 103 85 66 73 76 50 22 81 17 19 48 59 15
    51 50 13 110 56 28 91 57 86 111 43 108 28 46 5 121 46 34 4 110 43 24
    14 89 16 113 42 37 26 124 82 52 3 107 120 107 99 101 52 98 95 3 12
    46 109 115 24 126 103 47 23 68 117 56 10 50 61 23 46 21 19 70 88 88
    111 40 99 82 81 4 123 102 77 24 122 16 79 23 31 0 45 83 87 0 55 109
    69 10 120 51 85 31 98 4 90 78 108 16 13 84 59 31 103 76 119 50 70 56
    40 106 30 91 53 99 116 4 39 28 38 27 77 42 126 92 118 46 12 8 34 99
    77 77 19 81 57 111 54 37 113 122 100 99 116 109 48 44 120 71 119 68
    106 50 96 37 5 24 110 85 70 82 71 32 70 74 125 85 123 64 73 46 79 78
    28 46 78 36 56 112 7 7 38 123 2 122 12 16 101 16 57 15 12 67 51 107
    100 80 92 2 14 5 116 127 60 69 102 78 71 124 28 66 88 76 48 121 60
    22 46 101 50 90 52 6 26 11 89 1 50 111 79 106 41 119 86 41 5 127 121
    81 53 6 98 67 87 56 68 61 81 83 1 78 106 123 80 26 41 5 22 2 37 15
    40 79 44 113 44 37 100 14 104 10 15 79 101 53 96 27 29 107 27 47 33
    24 126 27 8 32 51 30 49 27 36 99 12 86 23 106 41 8 126 41 91 14 67
    78 35 27 77 85 13 111 7 62 28 124 72 62 82 88 90 94 94 77 71 57 23
    62 90 123 100 96 94 49 78 7 99 83 13 59 118 112 9 56 32 11 42 13 51
    84 40 57 53 0 121 50 81 103 102 97 98 100 117 43 108 36 48 113 125
    126 125 102 74 119 8 84 35 90 11 125 10 66 6 47 24 57 33 94 124 4
    126 2 113 67 38 60 88 4 77 56 117 41 49 62 84 6 84 51 31 115 85 43
    18 55 62 80 59 117 127 43 85 86 70 127 102 29 110 67 125 17 4 18 90
    5 64 14 111 33 6 48 102 68 83 69 71 14 92 65 10 120 81 108 122 6 115
    109 88 127 97 64 121 5 94 111 79 6 45 37 24 122 88 47 36 13 70 51 24
    127 68 1 58 83 42 24 14 39 115 125 38 67 77 5 3 61 25 98 65 101 21 9
    0 121 75 8 17 10 90 110 43 89 116 60 123 127 107 123 49 63 26 124
    111 112 6 79 84 21 102 113 123 27 10 84 122 77 102 60 58 32 71 31 11
    101 72 105 19 39 13 65 94 50 97 17 36 1 74 25 11 63 44 7 89 76 4 72
    55 60 49 53 94 107 53 43 83 101 87 62 116 83 63 15 30 84 59 65 54 88
    86 29 16 39 89 110 96 118 75 85 11 62 124 67 3 52 101 28 13 112 95
    49 73 126 124 60 126 14 97 74 104 96 64 112 117 67 86 92 14 88 59 4
    126 118 123 46 125 21 97 72 10 80 38 68 103 19 26 85 122 16 122 106
    11 85 80 105 37 103 77 75 6 92 32 5 8 48 7 26 22 54 71 104 107 43 12
    39 18 20 14 69 122 53 82 123 127 125 97 60 102 85 91 22 28 126 95
    110 19 70 72 77 56 104 38 59 97 97 56 122 23 98 109 9 1 24 99 13 33
    31 10 65 32 0 95 116 97 28 7 98 34 74 70 26 45 84 83 67 9 79 13 99
    116 40 58 30 81 87 9 18 1 66 50 127 99 123 57 47 103 122 74 79 126
    52 57 77 78 43 107 112 16 59 80 122 36 120 13 114 80 27 122 66 19 76
    80 29 38 50 46 20 72 51 121 106 22 74 127 44 101 122 101 101 66 48
    126 122 6 114 41 127 67 43 76 34 26 111 82 117 35 3 42 108 77 67 14
    57 105 8 25 111 99 18 10 57 121 99 76 75 54 66 97 50 8 75 86 121 24
    14 3 37 123 24 31 83 62 123 41 106 64 32 87 59 121 23 20 16 47 106
    43 35 116 21 6 100 97 27 98 98 22 11 101 95 72 124 63 13 37 2 101
    118 110 121 91 78 90 19 23 121 44 106 86 57 80 82 2 44 15 67 7 56 26
    54 72 4 18 65 25 74 11 9 109 69 6 16 127 42 49 122 70 108 34 91 124
    5 60 108 41 102 123 112 52 120 4 16 2 47 13 110 119 21 93 36 34 93
    113 101 25 119 18 81 9 98 78 106 66 65 78 29 124 10 117 32 123 59 48
    11 41 28 66 52 61 20 28 35 120 42 61 46 110 40 58 29 52 32 114 4 35
    13 9 61 16 90 14 97 126 50 0 61 64 34 40 80 16 98 60 6 2 90 111 8 94
    10 3 28 10 110 70 60 82 45 33 77 70 112 15 43 91 2 43 17 108 25 20 1
    91 90 124 112 48 40 20 46 40 33 88 106 122 87 125 35 83 79 17 25 12
    105 49 65 119 87 76 58 75 118 5 43 28 5 42 30 0 75 7 21 114 32 64 12
    92 109 32 122 98 83 102 55 77 112 124 126 51 30 119 50 124 119 96 44
    62 36 27 103 66 117 94 99 18 9 68 74 33 26 25 111 45 21 112 16 8 47
    14 86 65 26 88 96 15 86 6 23 126 15 69 109 121 124 33 113 50 65 97
    120 93 40 83 90 127 97 22 40 121 93 29 54 50 63 17 84 48 88 9 83 125
    3 78 101 110 59 91 9 68 86 123 106 30 126 42 36 124 49 46 85 125 55
    88 66 87 47 17 99 9 24 15 5 18 58 93 92 73 72 20 27 31 15 21 94 49
    111 14 49 86 28 92 102 108 31 120 60 34 99 79 61 94 15 67 73 41 91
    65 91 91 59 70 23 15 12 72 127 123 19 116 60 22 86 21 79 93 110 86
    54 18 93 115 103 10 123 117 0 19 8 115 83 61 108 14 118 25 7 92 115
    100 115 26 48 47 97 34 81 66 51 67 20 24 29 125 31 126 58 86 71 52
    127 8 53 3 70 127 83 42 24 3 109 24 90 105 26 26 102 20 77 16 32 75
    85 17 110 49 49 55 119 8 24 25 122 44 4 89 22 105 61 3 14 101 23 126
    51 40 20 111 35 126 72 28 21 80 67 79 109 45 3 106 68 25 46 13 114
    33 77 122 13 117 117 119 97 63 89 74 32 40 81 108 96 79 45 119 36 88
    69 76 47 64 62 6 29 95 117 19 57 109 65 3 26 34 77 22 48 24 115 106
    1 65 73 52 122 71 125 110 30 99 121 19 75 78 26 69 123 118 42 21 45
    101 67 4 76 60 13 114 106 104 76 59 15 35 67 4 73 123 92 3 124 40 20
    29 8 76 10 86 95 120 24 102 48 61 8 63 29 108 77 28 4 43 69 33 18 98
    118 111 101 55 99 2 85 125 61 97 4 25 27 120 119 88 40 63 36 120 60
    56 43 40 9 63 52 51 1 71 76 108 23 65 114 94 17 123 34 104 46 20 99
    35 70 73 48 117 45 123 95 55 123 51 56 29 50 118 54 27 76 116 76 21
    57 60 41 59 119 109 57 19 88 127 55 103 13 107 103 76 35 39 59 0 58
    93 124 8 33 16 27 96 30 38 74 94 67 27 105 73 65 44 67 33 101 2 30
    59 83 114 58 47 34 102 114 12 14 70 111 27 40 101 65 16 105 2 31 44
    127 73 16 50 0 42 106 42 70 34 11 62 44 19 44 86 123 5 34 47 52 126
    108 1 24 88 48 82 68 78 113 40 76 6 33 93 8 59 65 57 18 120 88 55 20
    10 13 101 100 10 54 95 20 60 113 63 28 53 62 28 2 107 98 74 104 99
    64 5 89 88 47 30 94 97 79 25 68 35 91 36 111 10 75 113 49 113 42 92
    113 31 12 105 94 46 108 85 65 111 94 92 65 34 93 104 76 6 19 83 115
    51 26 98 59 23 73 15 93 1 122 32 64 109 28 113 31 17 54 109 4 10 89
    117 73 91 66 118 125 28 89 13 19 41 29 41 112 76 122 63 96 104 105
    112 74 50 74 66 20 58 103 23 53 103 46 70 1 41 72 82 51 78 127 35
    115 59 51 66 111 106 104 49 38 77 100 118 12 70 41 19 81 87 118 10
    78 76 52 80 79 23 58 10 9 47 86 60 75 28 53 59 98 92 78 0 83 26 82
    59 85 65 73 20 123 92 103 17 21 44 117 122 97 105 89 127 102 76 42
    12 11 102 107 27 47 54 41 112 107 68 106 27 85 109 89 67 124 92 76
    66 114 91 19 71 46 49 36 25 88 97 77 28 8 58 53 11 113 38 66 123 99
    92 110 127 69 85 58 96 36 0 5 114 52 64 108 41 2 49 112 71 21 2 85
    39 94 102 100 87 111 109 72 36 10 75 90 106 26 68 3 48 102 87 81 74
    114 106 84 1 22 72 103 106 101 33 116 116 125 113 28 109 15 59 49
    112 19 0 16 7 45 36 64 3 82 44 108 38 106 94 55 98 47 120 10 2 12 85
    99 64 113 60 52 47 72 55 46 88 76 103 46 11 39 53 30 117 45 51 122
    74 44 79 104 29 74 106 62 101 89 111 18 45 39 114 9 10 11 47 82 72
    93 108 46 51 59 11 10 25 3 24 7 39 77 57 107 127 106 46 87 31 39 8
    33 59 104 107 15 43 23 10 23 67 56 127 57 44 103 42 69 70 11 85 116
    97 109 75 104 83 30 31 104 106 78 52 52 71 73 8 34 84 28 97 7 122 11
    113 7 71 35 5 17 77 6 85 69 59 13 8 31 117 127 97 81 0 99 32 104 74
    74 74 22 91 73 77 119 109 11 101 87 3 52 5 6 2 101 114 123 105 18 47
    46 126 99 33 58 103 74 69 62 111 76 0 38 11 122 118 81 109 88 98 12
    127 90 124 91 62 120 35 57 103 107 9 24 5 46 91 84 124 1 55 108 1
    113 96 33 47 3 85 105 112 126 123 115 87 1 13 118 25 26 17 99 119 36
    17 50 115 15 86 13 58 103 125 79 19 84 42 107 0 127 67 70 32 28 40 2
    24 120 69 100 101 19 120 51 41 118 126 71 39 43 80 80 70 44 99 2 45
    43 109 66 27 116 43 43 37 0 68 117 81 25 46 107 108 106 92 41 69 116
    25 97 37 0 62 95 106 53 93 114 20 94 112 11 8 83 52 89 8 11 104 17
    31 82 3 14 10 109 24 117 74 81 93 55 86 41 45 53 81 78 108 10 1 73 9
    109 60 112 73 37 91 98 97 0 77 26 9 91 12 107 120 32 104 46 85 43 44
    11 118 105 108 100 108 1 54 72 24 86 26 21 60 119 65 106 9 71 10 49
    52 120 37 52 42 3 73 48 50 100 27 124 124 16 32 88 37 93 125 126 107
    5 31 51 83 92 3 71 8 24 117 101 63 126 51 100 32 122 107 38 74 120
    42 81 36 32 74 53 106 107 22 118 30 54 94 63 33 3 83 15 56 115 2 46
    24 21 28 9 40 48 103 2 20 2 43 116 15 124 61 71 113 46 57 70 27 88
    72 92 22 70 37 102 8 78 36 117 24 97 106 21 124 22 6 99 44 76 56 40
    110 105 57 103 33 85 54 102 51 25 16 108 97 93 96 67 75 80 42 111 76
    46 54 54 121 83 2 8 25 72 83 42 3 56 18 11 121 52 126 38 20 9 88 120
    16 102 105 81 69 116 10 31 125 2 3 86 58 110 17 90 104 67 24 98 123
    14 41 59 84 14 76 25 105 115 13 6 124 19 61 125 30 12 111 39 94 13
    123 46 31 56 16 61 58 1 6 50 113 115 100 85 60 10 21 22 60 48 13 78
    77 61 117 54 45 75 29 21 67 55 58 39 36 77 73 65 109 16 78 61 27 75
    91 74 51 74 53 70 27 117 115 2 12 83 39 47 29 41 73 64 52 110 107 77
    56 53 120 5 44 71 62 83 126 80 103 31 25 34 5 17 94 41 31 15 45 40
    12 18 91 30 17 18 33 63 73 10 23 109 28 35 97 123 65 90 95 98 126
    113 114 2 15 4 63 56 36 110 24 27 32 105 68 78 110 91 121 1 114 103
    67 42 18 16 81 66 8 122 71 3 46 111 62 77 95 47 116 79 0 5 114 32 53
    108 111 100 11 109 5 55 9 4 27 31 83 90 124 54 3 37 19 74 109 62 66
    0 1 44 7 16 60 115 71 51 117 85 127 122 60 124 15 79 44 89 53 111 28
    70 97 115 35 122 73 31 46 60 72 41 79 72 18 42 80 51 34 55 36 49 43
    97 50 114 81 78 122 4 123 115 65 87 38 89 120 125 88 44 41 55 21 103
    26 109 17 77 15 27 17 122 126 83 69 51 95 105 18 57 75 86 67 83 58
    89 4 56 65 64 49 84 56 58 22 89 81 33 1 74 32 106 17 118 34 71 46 12
    54 4 45 67 31 106 51 62 119 92 81 59 93 123 60 100 123 107 40 27 118
    45 29 50 97 105 20 93 23 114 49 68 50 76 122 48 39 21 45 39 98 2 13
    89 99 126 60 5 33 124 113 114 40 52 66 96 9 121 51 98 27 82 13 65 37
    116 37 36 63 119 18 67 82 110 4 71 105 40 60 121 55 52 92 14 2 82 58
    33 54 119 106 56 103 113 101 34 14 16 127 122 100 37 20 18 80 50 87
    96 31 56 98 11 43 2 28 84 63 42 19 11 30 122 88 54 21 46 82 53 65
    105 56 14 42 62 65 36 79 114 51 48 99 55 1 51 106 106 54 97 42 71 37
    54 92 124 57 76 121 21 47 118 118 95 118 25 62 115 0 39 16 21 4 56
    119 26 21 74 90 92 42 20 51 87 8 2 98 127 121 17 114 17 21 123 53
    107 13 70 119 49 98 80 8 72 51 6 35 29 108 13 1 48 58 107 21 8 106
    38 83 49 60 17 90 19 109 113 99 37 77 69 9 81 111 16 94 10 26 29 114
    91 61 15 79 68 41 97 93 19 109 71 9 66 90 50 22 105 15 83 87 37 41
    49 28 25 5 84 63 41 75 17 94 10 48 11 114 7 111 100 124 1 108 72 56
    117 105 72 90 127 76 77 87 123 23 109 54 6 23 65 25 25 55 5 42 95 61
    40 63 118 100 15 0 11 96 18 13 99 60 65 22 29 42 113 110 125 53 26
    67 111 12 63 19 62 10 36 0 31 93 124 106 47 65 71 102 42 44 83 56 9
    4 42 111 19 77 54 41 45 59 25 57 87 2 105 76 6 81 73 47 25 65 65 67
    127 22 104 103 27 14 97 79 73 10 44 94 114 28 63 63 53 95 123 89 69
    49 40 101 13 117 0 78 117 57 65 38 115 21 0 32 52 78 4 111 8 126 10
    95 71 126 102 39 14 104 70 5 11 93 118 19 108 52 14 73 40 121 108 36
    108 45 117 91 18 123 87 117 31 63 65 42 1 116 54 49 57 68 90 90 93
    69 91 120 49 31 23 82 67 17 97 114 26 107 16 42 0 20 101 46 99 53
    117 0 66 107 70 103 35 50 56 54 16 122 119 120 0 87 25 120 98 38 20
    92 1 78 49 63 127 101 83 99 110 74 38 93 18 89 97 9 23 108 79 90 115
    94 36 41 53 45 40 119 11 43 3 2 90 9 38 2 125 18 6 24 62 114 109 15
    32 124 83 82 1 50 21 32 95 57 58 14 126 69 20 11 44 48 70 25 77 76
    34 75 103 39 0 1 64 84 38 46 52 113 126 124 112 77 21 71 78 44 66 42
    80 88 41 26 92 25 28 12 31 62 28 36 46 67 50 9 51 88 122 88 27 31 96
    32 44 104 12 104 86 84 127 112 52 81 43 79 109 78 78 110 82 73 45
    109 82 21 23 0 107 19 96 39 14 60 4 110 88 22 59 62 84 64 1 67 39 39
    35 47 64 10 23 82 34 124 84 3 79 32 71 25 112 49 66 24 118 30 29 33
    0 71 77 66 24 43 27 68 7 108 18 115 51 73 99 63 100 16 0 90 66 49
    112 102 32 24 15 75 108 52 110 57 11 87 17 90 45 30 66 54 86 96 124
    40 87 7 22 7 0 36 126 10 120 31 52 20 42 115 31 76 96 62 104 14 34
    14 67 4 45 101 25 54 76 53 37 68 119 20 60 49 108 56 33 59 101 19 65
    123 90 117 93 0 38 32 84 44 80 25 30 34 76 6 31 95 29 111 19 50 80
    92 113 18 8 65 101 40 106 55 70 47 98 17 15 45 107 27 97 124 90 83
    109 51 110 64 17 17 85 51 12 42 103 108 77 24 37 72 17 7 28 69 64 88
    24 6 45 21 84 34 25 87 43 0 23 57 39 95 84 121 65 5 41 73 34 111 105
    36 40 42 59 16 94 65 68 70 89 66 7 48 26 85 28 45 77 0 84 85 1 22 55
    36 4 64 43 30 42 93 17 93 24 60 81 69 23 122 22 58 66 88 75 90 124
    78 69 11 8 52 111 39 118 96 125 82 67 96 0 26 116 14 106 49 113 112
    84 70 62 19 52 95 4 17 107 108 113 64 66 47 50 122 24 103 73 25 84
    46 40 43 86 124 123 57 6 11 7 20 2 65 116 22 10 52 20 89 46 75 124
    44 70 8 65 48 93 86 81 99 36 23 93 89 3 54 70 38 85 52 52 79 60 31
    37 115 35 29 80 77 33 115 76 49 68 127 26 26 73 90 102 39 121 52 76
    36 36 119 22 125 91 48 35 27 59 35 23 0 112 46 2 20 18 93 77 10 125
    96 46 10 46 23 102 103 62 37 87 114 1 38 38 106 127 108 107 35 65 72
    119 16 123 112 31 72 2 24 118 95 51 56 120 54 21 66 46 106 61 71 7
    126 15 80 33 22 115 80 93 75 33 43 32 83 15 87 117 91 13 116 67 14
    109 46 8 87 35 42 59 68 57 121 62 84 38 47 84 99 16 16 67 125 18 36
    60 85 95 12 4 1 33 109 70 29 43 100 51 98 51 54 13 115 120 17 116 9
    21 19 53 94 42 119 101 68 34 40 110 103 52 41 85 82 5 11 91 14 108
    68 20 66 86 54 118 69 4 46 0 16 20 43 38 90 55 14 77 34 71 82 76 20
    21 108 10 46 122 105 10 94 15 34 48 87 3 29 108 79 102 83 86 70 113
    80 15 96 43 25 10 85 56 96 9 22 34 102 4 14 123 41 109 29 22 61 120
    105 125 68 23 97 21 79 64 63 113 79 27 35 83 122 63 76 2 56 101 93 9
    40 94 31 121 7 13 17 8 98 56 20 49 17 63 59 107 17 21 28 116 120 5 9
    117 31 50 24 79 83 74 37 24 39 39 6 46 44 106 54 75 116 5 36 104 95
    104 4 54 124 81 52 14 30 104 111 43 123 94 74 59 52 11 86 87 113 120
    82 93 8 126 77 44 8 55 17 30 63 118 7 125 117 59 92 40 6 19 61 51 92
    57 124 114 5 89 124 110 32 30 62 103 113 96 78 57 33 81 68 36 45 12
    65 51 3 38 122 98 63 89 110 64 71 98 32 43 82 93 10 7 13 104 126 89
    47 101 101 58 94 112 16 68 116 62 119 117 117 51 88 52 97 13 43 28
    79 65 29 99 47 123 121 5 84 126 11 111 82 26 123 26 49 44 117 123 42
    78 8 66 49 13 59 47 113 50 82 120 77 46 80 12 38 1 42 115 12 77 45 3
    39 123 50 97 91 49 121 60 3 69 29 25 120 87 50 107 123 27 3 89 52 20
    43 82 118 116 77 50 69 20 105 97 42 115 52 123 3 71 93 3 120 22 35
    96 10 23 92 79 32 61 81 112 38 118 118 115 65 78 27 84 113 11 124 33
    119 113 89 55 9 60 115 103 127 73 28 5 86 13 108 120 82 69 77 59 123
    9 68 44 28 25 21 65 42 100 47 126 40 8 91 41 102 62 12 65 32 33 30
    54 98 89 65 69 65 127 109 115 83 98 114 7 77 61 7 54 125 36 68 26
    116 44 35 126 28 62 72 67 61 61 44 112 97 86 0 54 7 55 103 49 10 15
    24 127 50 50 86 41 56 20 6 88 6 97 11 40 95 75 81 46 35 76 45 40 116
    109 20 53 23 120 83 15 122 9 12 59 51 103 86 37 124 63 110 56 84 2
    66 90 63 16 53 9 52 29 53 14 0 113 73 80 92 20 125 24 9 56 15 101 2
    12 103 20 103 88 123 57 5 43 85 51 27 123 28 60 58 28 87 83 101 3 20
    114 42 8 96 50 52 8 43 88 12 111 4 93 66 49 104 111 87 71 65 51 14
    74 103 79 46 111 35 34 46 17 9 21 65 16 58 91 9 68 114 21 100 74 20
    8 18 103 74 63 54 119 85 53 111 110 71 38 121 66 62 88 52 18 64 21
    53 78 54 104 51 24 90 11 12 22 46 42 118 23 73 16 32 40 21 119 100
    123 84 96 15 43 58 33 96 76 3 73 34 52 52 49 13 26 12 71 102 3 71 70
    93 9 67 64 24 61 28 102 122 6 42 70 52 51 99 122 107 100 84 3 62 11
    119 102 99 44 28 98 104 12 75 19 39 32 67 15 118 86 19 40 0 36 85 82
    56 97 60 85 3 4 106 119 62 107 71 5 70 20 4 18 17 46 38 54 67 73 117
    69 77 0 59 8 5 61 108 104 126 31 11 6 49 39 98 62 4 114 8 9 32 89 2
    70 76 124 2 61 38 0 111 114 29 105 12 44 52 125 94 29 70 9 27 11 41
    116 47 101 37 82 34 43 126 42 86 29 115 108 35 88 90 31 55 11 59 125
    55 80 98 3 49 114 39 120 110 30 61 94 105 77 63 9 107 121 62 121 5
    92 45 120 30 67 77 92 25 109 27 91 5 62 109 70 6 41 116 115 36 85 94
    113 51 121 110 99 98 59 126 18 1 93 37 72 106 21 113 3 38 4 114 111
    49 99 109 106 23 100 116 103 67 69 75 126 59 124 13 20 105 92 69 5
    35 64 114 102 76 38 122 106 16 64 60 82 123 98 86 95 33 37 43 122 8
    87 106 8 38 15 118 107 11 54 73 9 56 88 44 9 39 83 34 5 36 47 121 70
    22 105 78 78 60 113 116 87 115 79 92 9 74 10 34 127 95 99 20 99 66
    68 7 102 81 122 55 62 95 53 115 83 110 120 94 109 116 36 116 35 94
    94 66 69 26 112 21 80 65 0 65 38 5 58 75 124 110 72 97 86 22 10 26
    127 16 45 75 121 21 38 63 6 25 78 77 36 117 35 69 24 25 35 22 9 109
    93 114 47 11 77 87 52 38 30 12 77 49 58 16 110 5 6 105 39 36 41 26
    59 39 85 35 70 0 126 52 93 82 9 1 13 11 29 49 126 67 83 77 24 123 74
    53 109 60 52 84 112 92 104 44 9 5 61 127 21 19 56 51 39 82 108 81 33
    125 104 112 45 113 99 48 123 2 105 92 85 76 92 44 8 71 72 26 116 100
    117 5 127 37 68 106 67 44 108 30 32 25 15 94 50 78 42 80 106 4 62 84
    114 50 74 44 104 76 72 70 115 8 106 108 3 112 1 48 40 53 63 7 86 32
    13 107 91 57 85 15 61 125 8 9 123 9 123 109 9 56 83 52 121 25 123 70
    56 93 45 11 109 0 115 111 13 98 81 22 8 124 95 47 22 74 83 83 118 29
    71 102 115 108 80 1 72 13 17 84 81 70 107 103 113 12 9 116 67 4 95
    117 0 105 43 90 30 7 63 75 76 20 87 20 121 100 29 127 44 34 50 127
    35 108 69 17 41 4 78 33 34 67 84 20 13 21 112 45 123 80 10 117 92 10
    96 99 0 112 106 85 61 6 8 15 32 74 48 37 76 21 33 32 99 3 108 60 50
    104 17 47 80 125 100 23 101 38 83 71 31 56 89 35 23 18 27 0 24 109
    48 40 70 76 72 9 16 15 55 101 51 57 107 46 106 87 7 91 55 97 50 124
    43 88 12 2 79 88 110 127 34 19 101 34 38 121 119 52 97 124 52 2 90
    25 107 95 24 80 116 52 64 79 37 121 3 53 88 93 34 126 37 48 55 121
    109 87 100 21 50 89 58 104 116 31 110 23 36 34 107 80 44 107 28 29
    101 98 99 36 87 63 1 11 119 62 10 12 70 54 36 83 62 52 74 124 73 0
    28 124 37 52 83 29 65 47 95 124 17 125 31 55 77 73 48 40 63 2 116 54
    26 127 123 54 79 103 100 96 75 56 87 96 126 86 32 20 7 65 64 2 6 101
    55 30 55 46 101 127 44 5 74 18 126 104 116 14 12 89 84 32 65 19 48
    127 66 63 89 3 69 70 88 66 111 8 117 93 82 105 82 17 113 83 65 70 30
    58 31 106 21 91 85 8 125 48 39 48 121 125 86 105 20 17 101 8 3 120
    112 4 123 39 79 81 27 87 20 95 14 68 117 0 106 113 7 10 27 35 46 94
    34 1 63 95 86 11 106 123 34 31 46 121 71 40 25 116 70 51 16 28 124
    49 119 90 88 12 55 46 98 6 124 89 55 34 16 64 122 27 75 68 48 112 89
    21 6 25 107 73 47 63 59 122 8 100 35 62 58 123 94 18 31 64 45 34 32
    55 47 87 53 84 45 92 87 78 16 52 106 108 63 118 6 60 76 3 58 100 12
    122 64 31 51 114 18 8 1 48 94 65 122 78 118 124 14 77 15 1 4 127 59
    75 72 52 113 21 27 38 80 9 13 12 123 25 60 120 104 125 67 101 18 82
    40 113 76 113 62 41 96 59 125 77 81 43 42 94 40 37 122 26 122 72 34
    82 44 102 71 109 118 96 25 67 17 83 31 7 127 41 70 46 97 88 119 108
    126 49 54 118 127 29 119 112 75 41 37 8 33 124 29 20 73 119 126 9 69
    29 47 32 94 76 90 65 50 115 24 19 108 126 51 109 92 80 80 29 47 122
    17 87 24 36 32 53 23 74 9 125 5 57 99 2 61 27 109 6 72 121 32 119 90
    127 81 38 49 56 31 52 1 103 120 46 0 52 1 4 102 100 9 57 98 38 41
    101 124 79 5 41 28 25 61 94 115 60 64 74 1 123 14 98 34 78 97 115
    124 1 125 93 67 10 50 62 74 48 68 98 86 15 1 54 65 90 110 49 99 97
    102 75 49 61 44 106 59 45 17 17 12 58 40 54 111 102 56 119 7 80 93
    58 30 122 109 79 111 87 119 75 5 102 29 20 36 92 48 4 66 50 57 75
    125 13 25 93 68 24 11 51 13 62 121 46 80 119 32 20 41 11 47 18 27
    108 20 18 40 98 15 20 2 103 60 81 51 43 40 22 50 6 31 117 24 71 7 76
    7 79 19 26 13 2 22 78 4 65 35 71 118 98 108 102 102 59 85 63 92 63
    58 114 60 73 85 118 118 28 2 2 33 70 93 41 40 16 6 11 118 101 21 91
    86 78 73 40 39 30 92 44 37 60 108 58 51 55 110 70 76 83 9 54 81 17
    101 55 16 33 75 74 53 76 4 0 43 120 12 88 51 48 96 30 55 33 2 28 69
    124 60 29 105 41 11 22 101 95 68 96 123 64 33 109 23 73 14 84 96 125
    0 34 69 76 36 98 13 15 20 115 24 53 44 61 26 123 19 93 50 39 54 21
    84 105 8 6 106 2 36 47 98 91 116 55 118 92 9 18 91 101 65 58 22 79
    30 65 100 53 126 16 72 63 12 7 26 93 123 6 66 30 42 18 40 8 49 8 119
    103 34 29 0 109 103 5 20 73 119 85 15 81 102 121 127 6 60 111 116 89
    113 39 88 92 15 93 101 104 13 5 125 48 49 27 23 71 113 34 54 95 18
    59 127 126 108 26 51 45 8 50 67 67 39 95 65 94 62 44 45 28 71 91 13
    18 70 62 35 106 18 28 2 23 69 44 111 35 116 89 18 84 47 42 10 58 86
    6 74 110 51 111 26 34 0 27 63 20 63 110 76 74 72 109 67 105 0 90 69
    30 102 60 105 90 15 120 108 4 126 9 94 92 112 97 32 100 114 27 74 20
    41 78 45 55 102 53 72 102 87 66 52 17 120 8 124 127 121 81 117 89
    125 3 25 26 75 76 12 77 43 42 69 125 16 114 110 115 123 91 118 63 36
    55 52 96 107 67 100 80 79 29 110 39 95 12 36 40 122 94 36 14 121 13
    58 2 77 64 78 114 7 103 90 116 44 5 22 69 27 54 1 19 109 84 105 13
    79 84 4 56 50 10 5 77 89 76 72 84 58 44 67 90 60 18 109 9 86 40 55
    125 8 6 46 123 108 117 42 127 48 34 106 123 66 9 48 103 66 25 45 102
    75 74 122 44 93 50 40 87 109 27 48 28 95 15 111 93 11 34 85 82 109 1
    31 34 12 72 62 53 92 16 82 38 85 114 30 54 99 41 77 86 97 30 47 79
    94 82 92 108 39 37 51 95 17 73 16 6 55 62 54 121 124 80 101 111 87
    45 85 16 24 124 24 17 87 1 76 126 119 124 75 78 36 118 123 81 121 13
    2 125 53 76 102 37 48 59 92 74 47 14 96 104 81 34 23 44 31 102 31 22
    49 83 80 44 115 106 36 31 32 30 51 100 47 38 53 55 98 53 100 32 62
    41 103 108 85 102 123 72 103 65 112 52 98 1 126 60 26 97 12 13 74 22
    55 29 63 85 35 92 14 125 4 52 70 120 7 75 105 32 39 13 124 97 72 32
    44 61 103 108 44 85 115 35 115 51 22 32 71 29 109 10 3 63 75 55 15 8
    41 104 46 97 39 37 0 32 119 62 85 21 15 11 127 50 80 24 30 111 40 45
    12 72 48 6 10 0 34 35 72 77 1 15 107 124 57 2 93 86 63 93 1 102 56
    26 95 8 35 94 9 50 105 106 5 96 21 54 57 112 98 65 115 60 13 119 86
    100 80 29 93 40 45 49 39 77 48 60 25 87 84 78 54 17 32 65 98 121 117
    107 68 121 122 78 59 40 111 46 123 77 87 117 58 121 2 12 81 71 10
    100 91 127 64 18 97 27 3 85 53 22 121 112 113 66 30 44 16 69 19 126
    79 59 42 15 51 101 123 93 7 37 82 62 14 45 57 69 17 124 37 53 91 23
    110 117 8 74 25 22 73 9 72 97 37 44 78 112 114 26 98 82 21 72 5 57
    25 13 72 87 74 102 88 36 106 83 125 126 94 126 120 71 115 40 11 44
    100 31 98 1 51 106 102 64 22 74 44 1 41 44 64 40 89 66 80 122 35 91
    11 36 105 115 4 26 88 91 57 49 61 39 20 33 94 50 7 88 67 86 25 1 19
    89 79 75 125 91 26 22 9 63 84 33 37 116 2 82 31 54 116 101 46 74 86
    102 96 127 67 72 70 85 99 91 9 1 118 47 113 0 89 0 113 73 49 6 51 50
    75 43 124 73 58 91 91 17 86 44 56 62 65 28 35 18 21 103 115 68 44
    116 60 17 118 81 52 92 4 115 109 117 116 95 121 62 114 100 100 80 41
    96 2 93 110 27 38 11 33 114 13 118 14 28 110 53 56 119 100 53 80 86
    27 64 54 44 4 1 65 119 59 77 32 100 13 3 106 0 3 64 83 13 115 36 74
    18 124 37 88 3 75 97 45 35 63 55 56 10 52 7 127 51 120 20 75 36 39
    32 77 116 16 46 62 106 16 32 35 25 35 1 114 44 109 2 7 77 109 82 80
    57 84 13 41 38 55 52 83 93 32 93 77 107 55 90 27 56 60 33 94 118 78
    23 5 38 53 68 85 101 109 29 27 58 59 79 34 118 124 71 46 15 91 56 11
    89 49 120 94 23 87 11 20 89 86 58 10 5 107 34 2 95 127 51 106 79 67
    87 115 115 51 47 18 25 48 101 46 78 19 115 18 53 68 114 87 104 90
    120 31 55 71 51 71 43 29 56 10 7 50 26 107 33 95 78 14 31 101 5 70
    44 103 86 1 111 110 78 91 13 70 98 28 29 95 92 106 42 91 49 41 73 27
    46 111 22 33 17 95 35 4 98 91 23 116 59 116 6 53 84 7 104 64 1 93 78
    64 86 99 104 15 76 30 49 30 12 90 25 30 55 106 97 46 101 33 113 81
    94 52 42 48 16 72 3 40 5 126 67 59 75 113 107 34 98 73 16 91 45 49
    85 73 50 39 107 121 105 19 121 91 11 105 113 90 29 113 35 99 120 4
    121 16 46 72 109 76 118 17 39 66 122 27 115 77 57 72 103 62 89 94 57
    93 87 105 64 124 123 106 21 8 28 54 19 15 88 2 8 43 15 37 35 92 80
    118 64 47 114 108 5 14 82 116 6 120 59 81 85 26 31 114 40 36 77 116
    45 102 47 20 68 29 87 77 84 49 89 42 26 112 64 42 116 115 3 38 3 102
    122 105 50 11 7 109 80 120 104 105 47 17 2 10 102 88 33 90 53 0 76
    60 25 64 49 77 81 59 7 104 58 124 56 9 93 13 29 44 14 122 33 101 102
    95 60 91 59 82 11 22 18 58 61 49 4 122 117 5 4 82 1 64 19 8 13 78 25
    102 92 57 51 27 110 33 11 81 31 103 32 120 44 94 97 38 103 33 43 27
    98 18 39 104 1 69 75 20 15 85 96 117 32 44 3 102 117 32 21 90 98 38
    52 105 9 124 117 1 68 9 124 120 24 118 70 39 40 100 96 94 33 16 68
    79 40 37 59 91 77 77 127 29 91 46 72 93 95 69 113 13 25 43 104 100
    62 110 29 57 84 51 26 6 61 119 64 101 11 82 52 11 81 72 70 99 91 27
    2 93 80 114 9 12 110 21 113 32 54 33 110 102 118 25 55 5 81 73 90
    127 25 0 12 17 48 125 72 54 37 72 22 6 15 79 58 126 34 78 63 30 76
    66 22 1 72 30 93 7 61 120 32 51 32 127 11 64 0 116 16 109 71 61 108
    5 97 75 45 9 3 41 67 64 35 6 32 54 33 109 50 86 46 111 76 23 101 79
    104 105 30 39 95 26 41 67 113 111 79 84 65 81 62 42 97 121 105 41 93
    58 18 13 96 77 84 94 116 6 9 18 95 85 52 81 69 68 114 54 86 90 109
    17 74 115 48 110 100 44 50 44 92 113 55 6 43 10 1 100 66 23 49 127
    17 88 78 30 120 16 41 76 33 116 22 101 81 33 98 120 126 12 96 10 57
    55 2 68 119 81 7 97 49 79 7 108 2 122 92 123 95 99 65 69 4 115 83 63
    112 59 51 75 81 40 117 34 40 119 33 85 127 124 119 75 94 26 76 69 93
    87 50 79 4 95 82 112 2 66 63 126 126 40 63 82 20 117 16 91 53 45 102
    12 115 101 5 38 13 80 18 31 1 108 57 60 29 10 104 106 85 83 35 52 26
    25 2 21 74 74 64 99 121 65 4 110 28 11 84 121 111 65 90 85 84 109 82
    11 56 110 108 108 72 84 116 98 88 52 36 110 36 115 101 80 84 99 35 0
    106 62 18 3 114 90 14 57 29 68 99 29 9 8 43 28 39 114 81 40 77 106
    14 41 56 85 105 53 26 84 123 78 36 32 58 120 24 76 123 93 101 11 13
    95 45 79 66 20 21 71 113 100 100 119 85 38 50 22 55 1 27 43 91 18 53
    75 68 20 48 31 107 109 125 113 54 115 73 40 19 34 118 105 81 112 59
    17 39 64 122 92 68 34 59 83 75 36 25 67 102 7 0 91 70 52 12 37 66 94
    0 2 92 84 80 35 115 94 5 123 82 94 117 79 80 101 86 55 28 69 75 83
    26 17 101 84 55 122 17 101 94 12 35 126 116 74 79 41 20 38 23 70 58
    22 111 101 19 16 45 88 95 107 89 107 29 25 11 61 84 25 56 45 72 36
    118 78 88 114 105 107 31 92 20 46 46 122 103 25 124 46 81 6 86 26
    104 78 2 35 61 122 88 8 33 100 44 95 108 73 120 34 115 57 44 65 92
    99 45 4 120 113 59 46 104 119 68 1 49 15 121 39 14 93 9 68 42 102 47
    101 27 75 89 3 9 42 109 98 51 21 41 67 36 45 81 51 41 25 34 84 73 43
    111 69 74 69 39 22 43 50 95 13 10 30 52 34 104 46 17 36 111 78 124
    91 43 48 123 84 118 49 62 125 106 127 36 64 2 95 110 121 33 12 17 79
    69 85 60 79 17 109 78 91 97 104 121 87 100 121 38 12 99 98 51 15 85
    58 79 34 95 2 107 61 52 101 95 57 67 60 89 88 38 3 24 10 125 36 46
    26 63 6 118 122 79 0 65 101 48 107 43 69 84 79 92 23 99 24 85 97 117
    114 74 102 106 65 11 74 102 4 53 10 70 12 81 70 84 66 92 67 115 46
    61 71 53 119 117 9 47 15 80 62 103 30 14 83 61 83 48 53 40 102 65 91
    125 18 46 73 12 31 53 92 39 28 54 1 116 117 8 57 59 93 79 26 14 20
    28 60 105 101 107 74 55 93 96 36 56 93 8 103 29 117 15 68 123 104 40
    71 55 71 92 4 87 80 51 37 26 98 105 47 121 80 56 51 6 68 23 44 125
    55 19 77 98 73 7 125 84 72 38 43 41 84 19 72 118 14 105 2 73 123 118
    42 66 108 82 97 101 39 125 111 119 96 44 124 17 117 66 66 47 99 40
    41 61 13 23 56 112 104 113 28 23 83 27 52 79 89 18 30 22 106 107 30
    57 54 25 100 102 17 22 83 113 90 120 17 121 92 51 118 9 115 42 42 0
    86 72 43 97 12 117 125 42 123 83 84 126 51 2 9 109 46 103 61 48 10
    92 123 50 117 54 116 78 32 18 125 35 75 105 38 36 50 98 55 38 10 8
    86 115 10 72 125 26 47 107 96 40 2 102 121 22 20 69 87 54 75 22 92
    11 47 44 123 99 2 35 76 24 97 106 20 79 87 112 99 106 54 22 62 119
    68 67 69 117 23 74 58 113 75 13 125 17 13 88 99 98 114 39 109 105 22
    8 23 85 57 43 49 37 119 61 96 118 30 63 97 104 99 64 20 17 38 45 19
    65 112 78 36 40 83 49 25 77 95 71 22 24 51 42 79 72 60 12 5 36 79
    116 112 64 30 108 111 112 32 88 4 101 109 79 125 15 21 22 102 72 61
    100 87 32 104 83 101 29 102 123 120 87 25 102 40 73 2 8 9 40 64 7 2
    58 120 54 38 28 40 19 40 92 28 58 78 74 38 61 77 36 29 22 101 59 8
    97 87 26 77 85 28 46 106 29 99 13 24 56 98 70 78 111 24 118 74 72 22
    123 65 44 97 39 77 32 21 13 9 36 74 44 3 20 60 14 30 17 19 107 12 85
    90 126 44 41 5 117 102 11 118 77 110 14 61 111 50 117 121 42 26 28
    111 120 17 43 29 66 37 9 22 53 63 29 112 67 21 32 90 11 86 101 78
    107 53 44 62 27 45 112 118 9 9 63 0 126 5 37 67 78 71 39 40 16 114
    28 63 104 84 56 44 122 55 84 101 2 20 119 36 60 64 85 87 31 25 81 41
    10 0 1 38 94 0 98 90 91 16 16 59 53 119 30 62 14 36 60 74 52 101 30
    6 76 80 29 69 49 74 113 110 44 13 87 74 88 77 11 91 19 111 75 84 126
    123 121 14 106 80 92 77 74 29 36 97 35 47 73 69 3 6 104 24 111 68 30
    117 97 15 79 99 10 64 22 40 92 48 19 30 31 41 72 102 24 70 49 79 76
    22 108 42 86 113 41 44 21 98 69 79 5 10 84 51 117 92 97 25 86 49 118
    60 86 119 24 26 34 104 28 58 90 2 64 60 126 123 13 74 25 76 10 28
    102 92 24 111 73 74 26 25 118 62 42 98 98 111 79 116 103 31 47 77 25
    125 62 44 96 7 39 126 16 21 13 46 78 15 31 41 42 118 119 36 59 119
    101 89 105 105 20 90 46 88 54 101 78 6 59 96 33 76 59 66 76 107 81
    23 33 17 77 127 107 71 47 40 121 89 67 66 61 55 26 7 119 10 85 122
    88 26 60 49 2 97 127 124 108 122 57 35 102 106 23 42 45 79 110 85 18
    57 77 65 80 10 46 6 79 4 35 34 109 12 73 25 67 58 108 81 6 51 68 100
    0 113 85 46 87 33 18 43 0 81 109 96 29 4 88 35 84 88 80 22 107 15 63
    98 75 4 10 112 9 73 30 35 115 117 105 47 78 73 9 65 68 32 56 60 107
    73 43 112 44 53 116 64 9 127 10 101 1 124 114 90 72 28 76 95 109 96
    4 85 61 68 99 87 113 48 107 84 93 102 42 24 26 102 29 110 124 80 72
    47 19 88 62 41 82 62 42 40 115 60 109 90 126 88 18 91 6 5 30 86 58
    13 62 43 119 7 114 112 123 87 101 18 59 125 106 37 74 21 37 6 49 124
    41 43 60 94 38 78 65 103 61 126 125 48 27 95 13 30 48 13 24 74 67 75
    81 91 27 45 62 55 126 48 18 5 33 90 93 61 80 42 60 79 89 9 4 126 109
    52 52 114 65 38 35 59 93 50 62 10 6 60 37 92 111 38 101 58 77 7 77
    93 103 34 105 61 74 24 18 117 122 81 51 74 93 51 93 9 99 20 14 61 75
    44 102 0 21 30 118 112 3 101 3 40 35 2 48 98 37 77 35 50 39 113 36
    81 9 66 19 52 85 38 85 116 127 6 13 120 63 77 72 29 8 108 111 58 119
    113 75 109 86 19 29 49 110 69 63 38 52 69 41 121 77 70 20 95 71 82 7
    101 39 95 120 74 26 109 66 41 29 99 23 67 80 71 100 0 122 121 67 74
    77 43 54 56 56 15 32 78 105 123 63 118 22 7 36 91 105 61 95 44 61 43
    7 16 72 40 56 109 43 11 94 2 99 4 51 24 91 34 94 97 9 14 84 31 78 38
    43 24 65 121 64 93 25 46 14 75 3 50 22 81 77 116 107 95 75 24 101
    123 20 41 90 26 19 1 29 90 34 24 20 30 96 50 3 87 86 125 102 42 77
    112 49 103 14 37 12 6 115 127 117 51 9 87 61 20 118 69 126 42 44 21
    18 123 60 6 59 104 108 38 36 33 24 70 34 22 51 17 80 12 1 21 125 74
    39 87 99 22 116 31 27 114 68 52 77 115 14 95 78 39 69 125 73 13 103
    105 14 112 58 106 14 56 74 127 106 86 91 65 66 106 47 116 59 119 17
    108 50 122 22 107 66 105 55 80 33 62 21 2 63 86 69 13 83 6 103 57 48
    30 100 70 53 117 102 111 125 26 30 110 61 54 53 122 13 40 10 85 110
    24 60 92 80 127 80 61 72 40 38 103 4 103 17 124 21 16 7 49 107 5 30
    29 73 46 33 113 114 116 97 125 106 105 20 33 38 102 13 24 14 89 75
    127 60 7 120 78 21 31 50 21 16 93 10 33 115 64 99 126 80 3 69 105 56
    80 90 70 59 50 111 65 26 94 34 88 18 120 54 6 61 101 34 69 48 121 8
    63 122 92 63 41 112 60 21 35 85 23 22 106 76 56 115 104 62 102 6 42
    108 74 39 10 54 67 42 98 109 22 126 98 90 72 79 60 18 124 87 94 40
    61 116 100 109 37 37 9 48 105 68 105 1 11 9 52 86 121 60 55 93 41 31
    59 9 89 91 119 119 122 48 5 52 12 25 110 24 86 11 20 36 39 109 54
    122 102 105 65 108 52 40 111 110 61 91 91 31 22 78 117 54 1 5 107 68
    77 89 94 72 69 99 53 73 25 1 35 63 63 65 65 101 67 70 30 6 69 66 35
    3 26 79 15 33 108 47 34 23 62 116 34 94 7 126 43 98 67 81 113 78 104
    55 41 37 10 75 3 51 73 68 119 98 101 84 124 47 10 70 85 112 84 36 58
    25 65 115 104 54 82 108 109 13 24 26 26 41 53 114 42 26 81 25 89 6
    100 26 56 51 39 105 124 100 82 53 74 104 65 82 37 109 30 43 97 77 73
    45 7 2 70 107 126 84 72 106 111 4 10 20 59 120 124 51 3 77 80 41 67
    0 71 88 120 34 17 54 54 23 121 27 63 67 109 33 96 25 107 62 55 61 9
    58 60 99 74 11 91 102 83 126 19 98 124 47 72 69 39 25 74 83 78 124
    52 64 91 109 21 75 113 5 100 4 50 121 114 13 6 14 103 18 9 73 22 100
    28 94 95 27 46 14 49 30 56 33 63 78 50 42 53 84 62 32 16 125 44 104
    31 108 78 44 29 31 60 104 113 18 82 15 0 70 85 62 47 45 116 8 18 78
    88 119 35 71 119 84 56 59 86 29 117 65 67 63 127 31 96 42 98 46 58
    126 17 119 29 67 91 89 127 20 63 6 39 37 29 41 78 53 90 114 30 96 9
    2 19 93 112 13 69 45 5 81 108 119 5 85 100 88 92 15 114 117 93 116
    95 107 10 71 37 123 119 83 53 31 105 21 102 110 73 2 4 19 13 8 16
    126 16 116 18 101 36 41 105 27 2 32 3 32 29 79 14 97 75 66 90 51 67
    120 60 68 33 25 122 17 101 5 99 81 80 55 20 3 81 41 74 96 27 109 125
    109 103 54 111 116 14 15 104 40 91 54 107 44 20 114 100 94 2 13 14
    87 115 113 27 89 113 104 119 96 62 63 97 117 5 83 42 48 0 23 3 78 71
    116 102 58 44 116 73 110 125 17 98 89 1 79 32 9 83 78 14 53 68 110
    112 114 66 57 56 96 40 36 65 72 51 40 45 6 6 0 67 25 124 57 74 14 60
    93 91 119 37 28 13 58 110 47 15 48 114 72 109 98 96 57 67 41 100 27
    98 30 48 52 13 29 37 124 70 79 122 41 64 45 39 55 40 23 33 76 55 77
    96 9 42 54 49 4 18 26 127 16 9 95 42 43 118 7 31 116 35 123 81 43
    117 68 1 95 98 101 115 65 8 61 35 14 59 121 111 99 54 99 72 42 39 48
    9 110 110 10 21 36 75 78 114 56 95 50 76 116 6 111 67 75 121 27 36
    101 26 80 81 100 123 6 111 65 54 115 21 68 52 73 84 47 94 23 113 77
    122 116 73 97 95 27 54 127 117 95 6 4 35 26 39 61 25 104 70 94 69 97
    118 44 123 53 73 85 3 11 63 60 113 82 73 45 30 63 71 56 27 1 29 0 7
    39 24 125 52 123 95 83 3 29 72 122 108 69 108 39 15 66 110 107 9 41
    116 106 61 80 104 79 26 65 6 79 31 85 3 40 22 71 33 116 113 57 29 89
    106 32 107 6 75 116 11 124 78 29 107 46 5 80 36 45 57 114 78 91 114
    125 55 7 61 72 107 18 0 39 116 59 53 85 27 27 65 45 56 97 34 101 27
    110 108 56 0 55 4 70 50 90 69 25 97 125 32 2 36 13 115 44 44 112 4
    15 70 119 120 51 82 117 111 114 1 20 35 97 6 40 114 48 5 15 78 99
    110 77 103 23 27 120 47 40 39 2 86 95 72 58 62 115 114 11 35 5 80 94
    75 17 79 93 76 94 81 43 103 66 85 92 94 75 120 94 106 17 36 94 36
    107 41 71 101 46 1 6 41 111 117 58 96 37 24 72 116 82 58 68 50 83 86
    121 47 124 52 111 80 4 110 100 52 73 30 33 72 28 4 25 81 79 60 3 66
    80 9 36 127 98 76 103 17 105 124 76 115 61 93 2 32 3 5 37 73 22 55
    92 64 59 35 113 118 112 27 44 73 125 29 92 31 87 44 10 71 101 19 52
    87 53 21 21 15 28 52 110 67 92 87 25 117 30 63 110 110 124 78 125 78
    37 75 7 7 97 99 43 55 26 51 85 20 111 58 125 54 44 71 5 16 112 112
    55 86 31 101 64 59 70 43 123 118 46 38 8 19 12 21 121 114 0 50 72 94
    29 70 73 83 85 110 46 121 36 119 78 45 57 11 8 123 81 8 107 45 30 30
    121 119 118 8 27 72 3 55 11 108 121 91 17 102 16 124 25 86 127 30
    104 89 16 34 105 58 99 55 10 42 8 98 78 90 63 58 58 17 71 111 17 5
    51 49 58 126 88 102 69 41 101 85 121 94 90 46 118 110 66 9 78 120 81
    106 28 127 102 19 35 38 39 102 91 32 107 79 72 90 70 10 113 116 23
    50 69 115 105 80 39 6 22 31 92 100 7 43 82 90 48 23 102 68 10 10 87
    56 34 61 63 108 114 110 29 19 66 36 7 85 91 97 106 86 34 24 90 69 97
    62 86 92 45 24 61 11 84 97 85 122 76 23 93 125 101 105 123 105 17 24
    87 108 63 81 92 84 32 110 54 106 85 48 4 31 52 31 23 75 53 99 37 45
    56 2 98 21 18 32 63 52 62 121 62 46 93 123 100 61 127 110 1 21 68 25
    70 38 78 18 110 98 22 117 84 77 98 22 40 127 21 112 37 86 67 35 99
    60 61 98 13 82 35 61 104 46 52 103 54 3 11 66 8 115 92 34 75 29 77
    11 28 9 63 117 35 75 82 94 21 71 101 117 86 126 74 67 48 18 23 100
    34 80 81 48 12 64 100 127 123 0 127 7 31 95 33 74 86 78 77 96 98 5
    19 93 81 42 38 113 100 69 94 55 45 96 11 36 76 8 52 104 21 122 6 50
    75 57 92 93 38 30 11 98 123 116 118 60 95 78 49 125 20 6 67 50 101
    61 1 16 19 113 100 118 13 59 117 63 18 115 107 99 79 65 96 63 19 76
    94 50 105 97 56 82 47 96 59 10 16 9 81 22 54 101 35 124 40 2 38 41
    121 66 47 60 60 19 96 9 71 36 8 113 127 23 60 33 41 53 104 72 52 4
    32 51 98 125 48 44 16 47 100 18 32 40 61 8 106 40 26 107 68 17 11 18
    47 11 5 36 119 35 99 86 91 12 26 125 109 108 22 42 46 70 22 62 72 95
    123 90 26 32 20 46 52 113 40 31 106 33 118 63 85 103 39 81 3 97 16
    109 2 87 24 101 25 39 86 37 20 31 76 45 115 89 117 49 41 14 21 7 65
    86 89 84 95 76 99 48 95 44 71 20 8 70 62 37 72 72 43 74 3 56 44 117
    41 73 58 70 20 71 25 15 45 15 36 45 77 52 126 23 17 36 55 46 72 48
    63 48 47 28 94 64 84 38 62 42 34 28 13 18 102 6 58 2 68 121 90 50 80
    103 79 46 88 27 67 70 45 78 99 7 18 94 3 111 105 74 27 115 33 68 12
    81 64 10 49 21 18 62 107 117 51 69 95 48 67 49 1 30 2 63 48 47 6 36
    41 92 3 40 125 51 24 2 117 8 34 44 83 11 30 118 15 21 121 105 70 39
    59 23 61 9 50 72 122 56 103 114 72 14 53 91 44 62 119 24 1 110 43
    118 21 121 6 44 120 78 82 80 33 91 25 77 36 35 98 54 19 19 63 58 71
    66 110 30 124 50 101 85 25 115 37 85 41 42 61 73 68 15 121 106 99 71
    104 19 67 55 124 26 36 59 90 121 20 114 61 70 54 43 84 59 12 48 56
    48 123 63 66 73 90 28 79 30 72 54 62 61 47 113 90 122 13 58 19 123
    64 107 98 99 54 61 60 105 47 107 84 86 76 71 19 36 22 86 117 50 110
    27 115 32 73 28 109 22 111 20 115 0 119 75 22 88 16 17 125 64 25 95
    88 33 13 35 29 46 21 95 59 33 31 77 76 122 107 108 72 108 45 116 97
    96 78 10 126 43 89 92 66 12 123 5 94 64 92 75 18 110 35 47 29 27 17
    92 106 105 45 72 56 122 108 13 8 76 120 50 22 127 71 37 82 33 76 25
    44 83 3 3 33 73 89 55 89 71 111 38 58 30 84 38 81 13 6 126 30 5 78
    72 127 3 80 29 51 56 94 114 13 99 53 92 99 47 30 34 40 97 104 109 74
    19 16 110 11 74 53 121 35 126 93 116 59 71 53 23 7 123 124 39 21 53
    125 38 55 49 14 27 71 54 22 67 14 52 54 33 44 15 64 98 90 13 56 57
    48 12 25 15 90 3 47 34 1 16 109 76 106 87 37 84 64 77 22 101 13 72
    78 61 62 22 39 18 84 88 86 23 120 75 78 0 63 24 3 53 39 96 126 21
    100 119 86 49 69 54 51 5 89 123 33 5 93 121 65 95 12 59 118 1 6 39
    102 76 80 20 76 59 109 55 22 12 80 9 110 33 115 86 0 87 52 89 37 86
    5 123 84 77 110 97 87 116 78 3 70 39 119 113 43 26 107 45 18 46 33
    14 73 95 18 85 29 24 59 38 95 4 73 99 12 82 80 126 67 74 21 53 109 5
    3 125 48 115 31 43 61 113 84 92 9 86 16 16 50 47 72 48 64 76 20 29
    123 61 12 64 11 3 94 84 30 100 70 73 101 121 41 26 32 89 75 47 92 35
    35 5 70 41 17 125 63 127 13 84 41 110 59 35 82 13 60 87 122 35 84 0
    105 40 59 73 78 70 24 103 21 90 93 63 105 42 32 127 12 7 31 114 89
    100 119 104 19 39 14 74 101 25 123 26 60 53 72 8 50 104 122 69 86 58
    60 124 26 115 33 51 107 95 1 11 97 75 95 1 35 35 24 28 18 103 75 80
    90 111 123 102 32 71 59 111 70 78 105 118 99 70 30 6 12 90 23 31 121
    5 85 99 14 33 126 36 5 75 45 24 124 18 107 24 36 11 1 118 110 110 4
    108 81 53 15 62 2 119 21 114 40 42 59 14 23 123 99 26 79 60 23 78 42
    2 20 35 44 81 96 113 112 111 36 22 51 7 6 84 49 30 93 45 2 121 43 32
    121 16 118 122 74 40 34 118 67 104 18 3 67 9 102 96 5 2 59 66 95 91
    126 115 34 49 50 114 59 20 10 44 60 29 118 52 44 89 49 87 26 64 106
    99 117 20 96 68 71 23 92 20 48 95 101 99 77 91 33 55 77 72 110 3 48
    53 91 0 94 88 118 7 122 22 24 49 52 91 5 41 95 87 7 91 96 123 59 26
    32 105 15 106 51 76 99 46 41 21 94 65 83 19 68 92 124 74 115 8 40 85
    112 106 46 52 14 45 106 29 70 65 66 60 9 112 57 36 84 119 110 118 18
    62 72 106 114 107 107 96 46 108 42 56 77 19 81 88 30 59 93 119 126 8
    88 74 3 69 77 91 102 57 41 26 51 92 72 17 43 94 20 127 43 79 14 115
    101 11 48 124 126 45 3 37 7 29 71 21 23 72 116 50 97 12 92 61 25 117
    123 79 93 77 103 75 89 113 10 80 4 28 117 47 0 69 34 56 9 59 88 55
    85 103 30 93 30 27 109 5 123 125 14 44 38 126 36 24 125 94 105 66 14
    15 43 21 81 2 90 127 8 94 95 102 126 53 94 97 74 94 70 7 49 45 9 102
    17 84 37 125 122 36 71 3 124 96 63 71 122 42 81 126 50 124 55 114 72
    106 75 7 38 39 7 123 120 68 120 12 42 24 126 21 22 109 101 26 57 59
    103 126 19 38 20 114 11 31 67 0 104 64 43 8 20 32 19 83 26 106 48 21
    34 29 2 93 16 65 17 63 91 5 72 32 105 91 107 88 50 16 49 5 115 120
    54 116 122 84 88 77 126 37 82 25 112 31 9 114 54 26 114 113 32 81 73
    14 57 45 81 109 95 95 10 21 123 80 89 100 22 73 105 51 114 92 76 56
    42 104 41 83 22 90 7 29 61 60 96 106 100 23 9 57 103 67 43 121 28 97
    110 61 9 5 71 71 49 30 30 114 15 106 84 98 97 96 47 62 126 24 42 107
    126 127 30 106 115 5 108 72 20 56 89 92 43 50 119 60 80 99 98 115 38
    25 100 12 89 43 98 83 105 88 85 72 49 115 107 112 40 11 36 45 68 117
    16 37 3 74 32 101 59 40 21 105 104 2 25 104 10 1 7 118 43 31 102 72
    69 49 97 57 59 77 86 46 35 55 28 97 122 119 79 45 127 85 124 117 74
    44 83 64 17 4 50 85 104 60 22 103 123 113 11 13 51 66 53 22 106 27
    103 103 28 90 17 10 9 13 6 25 108 71 65 72 4 29 8 14 125 75 28 48 60
    59 39 12 12 87 91 7 58 63 28 102 65 7 73 2 12 45 40 126 16 12 123
    124 22 4 16 5 42 81 85 101 86 123 24 80 79 82 70 68 21 2 85 38 29 13
    78 24 104 72 62 58 14 82 75 87 45 19 107 31 16 114 35 99 49 44 28 22
    30 61 7 40 24 66 116 93 10 124 41 25 125 27 90 55 121 85 84 44 72
    110 110 1 86 111 39 87 35 66 65 91 37 102 69 6 55 111 33 59 110 51
    15 29 117 47 102 38 5 56 34 71 90 63 120 123 89 6 88 16 85 59 61 67
    66 30 28 7 116 76 108 106 4 15 19 14 44 25 14 5 26 68 94 7 5 63 82
    103 92 60 76 6 119 51 89 56 83 35 103 43 11 119 61 106 9 103 13 87 3
    87 32 65 8 26 72 4 99 62 33 112 1 88 70 80 42 121 103 17 104 44 57
    46 72 51 50 73 123 127 113 82 94 30 23 108 53 56 85 4 54 43 13 100
    85 47 60 40 69 109 61 101 18 106 120 52 84 51 10 91 20 30 77 57 110
    121 11 5 98 78 62 34 15 38 15 79 76 113 80 117 44 71 41 81 118 102
    103 92 75 93 26 69 47 78 40 92 116 23 52 89 11 122 81 60 119 23 77
    53 100 0 46 78 110 98 95 55 15 111 90 65 87 114 125 25 56 11 25 3 2
    60 114 28 37 119 119 34 101 2 65 31 54 103 62 108 4 38 41 7 50 28 16
    113 47 68 103 13 13 21 78 9 118 86 17 2 82 38 76 106 62 90 76 71 4
    20 61 50 74 64 92 40 113 92 96 120 57 125 22 9 98 50 12 16 98 11 22
    13 38 67 36 44 77 6 105 39 64 52 76 46 8 29 116 101 25 53 64 107 114
    15 100 81 93 18 113 54 90 114 121 120 3 102 105 107 53 60 35 35 52
    40 89 17 36 53 6 11 7 91 25 85 12 6 76 127 125 39 123 32 83 63 26 76
    96 34 70 9 32 107 20 60 29 29 56 87 127 34 12 105 83 108 87 74 119
    56 21 45 93 82 10 109 127 107 13 104 117 84 71 75 118 37 118 94 109
    40 118 4 126 101 127 23 49 100 61 93 46 74 28 26 59 99 57 115 91 67
    75 43 3 32 62 120 90 96 84 71 87 61 31 102 71 17 6 105 9 92 16 17 8
    17 75 116 62 2 46 65 2 21 99 9 125 36 3 87 92 15 30 111 49 101 84 9
    0 87 94 126 63 68 1 11 121 54 51 15 54 0 55 103 47 23 16 85 126 107
    63 49 113 55 61 27 86 50 55 37 40 70 51 26 83 22 48 126 123 87 46 83
    49 76 71 90 117 64 69 62 92 97 28 112 75 100 127 2 109 122 16 83 13
    18 56 89 81 121 65 87 69 26 26 4 19 62 74 22 88 69 101 20 24 97 97
    46 64 13 92 126 19 24 36 29 80 17 9 100 32 2 85 27 66 31 2 88 33 93
    111 52 122 12 117 3 77 4 74 17 19 3 41 24 126 24 105 40 83 106 52 6
    115 22 125 18 29 124 53 95 35 36 116 61 76 44 69 71 113 85 38 124 16
    100 71 17 15 79 29 125 72 10 123 97 0 35 10 123 70 5 67 81 57 21 105
    1 18 7 32 113 43 103 126 82 122 83 80 106 8 110 113 121 106 85 44 5
    66 68 34 53 92 108 53 102 80 38 40 37 78 48 84 120 16 83 82 90 98
    104 113 67 4 73 36 35 108 35 47 46 31 51 3 35 49 103 111 18 106 114
    27 25 73 32 104 3 90 112 10 73 61 31 37 10 41 3 17 116 26 25 126 69
    38 65 21 77 110 112 16 120 41 114 66 95 31 116 72 101 88 77 11 19 37
    35 85 68 6 93 46 77 88 126 56 58 115 48 103 14 114 53 93 86 40 80 81
    21 102 29 17 54 24 123 33 41 40 16 118 35 67 84 19 109 15 12 87 127
    48 55 88 40 64 74 102 92 68 25 26 78 87 19 110 50 5 60 62 123 4 108
    119 84 121 50 111 25 15 90 17 43 1 119 15 0 83 3 84 11 9 94 63 121
    60 90 65 123 67 112 102 93 77 36 30 99 23 20 115 57 112 109 60 125
    15 107 112 110 35 94 58 64 117 118 105 67 31 4 83 72 46 39 3 96 96
    70 59 36 69 97 103 55 75 124 70 70 95 7 29 118 89 85 126 120 38 62
    98 114 48 115 13 6 3 19 4 14 41 15 76 91 109 98 58 76 28 124 4 88
    123 60 124 87 7 94 121 87 122 9 87 58 17 127 58 106 8 35 0 14 57 65
    91 45 62 99 53 126 29 51 10 9 94 97 6 64 83 116 114 52 13 90 23 18
    40 109 1 2 39 87 94 32 6 11 19 46 56 73 18 38 51 45 25 2 89 64 111
    47 101 88 97 70 80 36 88 93 16 18 113 37 113 49 124 47 16 66 105 123
    66 119 82 27 103 90 116 12 57 32 85 34 115 62 22 75 61 2 80 71 57 31
    109 36 50 31 36 71 38 73 26 5 79 72 35 115 105 80 12 24 93 116 66 73
    11 10 0 56 39 70 30 33 36 11 87 112 65 94 52 124 86 118 31 81 23 94
    30 111 78 80 6 80 46 109 95 76 27 124 99 80 127 82 58 71 101 25 105
    42 106 98 43 74 54 120 23 113 40 75 112 121 39 33 123 9 23 104 34 16
    33 73 69 127 8 72 14 103 115 65 29 29 37 98 53 17 33 77 93 108 46
    113 103 85 24 18 100 74 16 88 33 33 15 2 32 73 30 57 47 51 113 115
    112 126 125 115 77 77 111 75 96 18 48 61 90 10 25 23 115 32 72 41 27
    61 71 77 81 104 23 107 78 66 113 70 77 36 64 8 47 119 78 34 81 80 90
    70 6 20 70 15 45 35 47 102 116 31 116 3 62 18 12 92 106 11 89 42 50
    8 57 111 78 108 122 89 95 124 88 44 50 122 97 18 12 111 90 28 40 76
    19 109 47 96 39 79 20 84 50 107 75 116 72 0 61 93 103 85 124 47 1 90
    92 108 11 61 99 99 114 15 65 94 44 64 14 118 95 57 103 6 61 36 16 73
    9 54 89 39 99 118 36 38 5 65 95 117 60 62 71 8 47 48 64 99 15 113 87
    27 122 47 105 106 4 54 83 106 53 30 33 8 49 61 27 78 121 111 48 91
    62 123 1 62 28 79 24 91 82 58 70 26 49 70 112 82 19 12 45 124 117 30
    8 123 22 119 123 102 35 29 20 86 72 89 48 72 111 78 59 17 94 9 69 88
    29 70 118 48 90 103 77 29 103 103 39 24 94 110 28 88 48 114 11 18
    124 94 97 66 103 96 0 95 87 14 85 56 36 78 56 100 52 119 20 34 88 32
    102 7 67 16 101 62 110 80 107 43 96 36 91 74 100 120 49 17 120 66 84
    23 91 0 79 39 58 77 93 108 121 7 2 36 109 77 89 95 62 42 40 11 80
    117 117 27 13 82 41 63 1 36 121 114 29 123 92 52 61 108 52 111 70 92
    49 16 58 79 77 92 99 122 85 22 39 113 55 109 68 13 4 61 121 50 28 38
    92 108 17 117 75 12 52 117 81 38 96 86 107 103 91 55 1 38 126 67 117
    114 95 70 93 117 14 59 91 30 52 32 45 51 20 113 24 11 7 55 91 68 32
    77 9 32 20 91 126 72 127 92 88 113 39 104 19 76 108 34 44 127 120
    108 7 30 106 3 74 73 70 66 28 69 73 33 8 57 99 55 2 88 78 32 81 62
    34 42 84 90 9 35 51 108 111 60 96 96 93 75 126 76 87 31 109 7 57 90
    73 97 82 85 82 112 25 77 55 8 89 69 66 36 16 56 76 13 68 15 115 18
    12 38 8 24 85 36 96 37 0 89 93 86 30 122 75 4 75 102 31 109 42 0 4
    61 51 97 127 14 67 50 104 94 65 14 45 76 106 51 117 105 39 53 65 95
    21 75 119 55 103 115 105 32 70 122 46 12 2 7 71 43 78 23 124 125 10
    30 55 121 14 10 59 59 73 87 48 91 95 77 39 42 119 92 103 117 102 69
    40 23 61 41 120 81 45 18 29 50 34 126 89 15 123 37 65 22 70 34 51 55
    5 90 92 95 87 89 82 82 94 99 70 49 12 58 112 26 81 34 99 85 90 111
    109 0 81 8 32 18 117 18 109 30 55 33 114 114 37 117 119 46 46 109 59
    62 36 78 29 36 92 116 22 76 75 16 11 63 61 55 121 54 121 55 112 68
    114 1 35 124 22 104 85 112 102 61 18 117 121 10 48 75 24 88 59 65 3
    23 5 82 78 106 104 24 79 14 112 20 11 32 88 20 103 81 45 31 82 66 37
    112 103 26 41 88 120 103 9 7 2 74 11 35 127 49 5 23 30 42 75 17 106
    118 115 120 114 87 86 96 42 51 66 98 123 62 87 102 72 116 36 85 12
    108 127 95 88 93 67 16 32 25 80 23 90 69 43 70 67 6 118 39 107 69 99
    56 92 78 78 123 27 123 4 11 62 69 50 102 44 110 83 70 11 32 108 80 6
    58 10 122 80 90 73 30 22 77 40 15 108 53 94 100 78 83 61 47 2 45 85
    87 115 68 54 48 5 105 21 37 35 7 111 30 106 97 89 13 35 100 66 97 23
    123 18 105 44 59 127 7 118 91 14 26 91 34 94 25 106 18 64 22 108 96
    110 119 37 114 19 23 90 119 35 111 124 36 18 107 6 19 105 85 121 93
    21 122 11 98 21 24 42 39 5 26 97 19 10 31 48 48 3 35 66 96 44 24 77
    91 66 94 62 39 28 82 125 116 66 121 52 123 12 56 118 110 5 98 14 61
    36 118 30 113 7 72 17 93 0 64 67 92 10 0 113 87 85 46 124 87 36 122
    31 50 82 40 95 54 75 99 110 70 13 9 27 14 61 112 50 69 104 85 53 44
    75 45 1 56 55 53 54 111 78 45 88 6 37 33 46 32 43 56 97 80 54 123 5
    44 93 26 102 104 18 6 99 125 103 35 2 6 122 80 50 8 111 19 15 71 90
    116 99 36 42 13 33 29 27 115 83 78 8 126 119 13 92 18 117 127 31 127
    91 114 29 109 122 92 96 59 35 4 1 31 73 109 121 110 58 37 14 50 102
    12 127 99 59 84 2 20 74 35 70 110 78 52 5 18 71 118 65 54 101 102 90
    96 32 104 24 125 46 54 90 35 96 34 23 35 29 29 26 110 106 68 18 120
    125 58 56 86 78 94 30 15 25 79 40 69 117 12 40 40 96 30 14 86 50 18
    14 18 33 13 13 57 47 51 10 94 41 63 49 114 20 2 83 68 113 108 47 23
    79 117 126 86 103 81 113 22 96 34 119 36 79 123 122 55 112 74 75 66
    64 61 68 97 124 80 4 49 58 69 33 103 121 73 50 27 124 106 46 105 65
    93 2 49 33 101 39 87 75 36 125 77 80 92 4 88 70 71 83 80 105 91 106
    61 14 11 89 13 59 53 61 126 72 26 30 8 73 35 74 72 10 104 97 31 109
    84 62 35 77 66 123 37 106 44 107 126 1 6 72 42 15 21 70 10 126 20
    100 124 7 119 77 52 101 77 11 62 100 96 19 16 75 64 0 19 72 73 33 55
    79 72 123 51 57 120 4 6 41 29 116 67 32 3 19 71 121 80 111 120 9 112
    48 65 34 85 6 39 47 47 110 64 36 113 113 112 94 90 38 103 87 76 66
    73 27 110 13 39 74 23 79 118 78 7 0 20 116 89 63 25 90 85 7 41 94 15
    9 59 58 91 100 116 107 57 10 5 100 42 4 55 81 77 96 99 43 51 67 116
    103 43 15 126 110 60 69 77 85 84 20 89 121 126 61 59 99 0 42 107 35
    97 102 67 6 14 29 39 108 88 102 127 108 90 79 19 90 125 47 77 33 12
    89 42 106 12 117 118 99 16 83 108 52 74 3 20 20 31 120 58 102 55 6
    91 119 19 115 37 65 123 69 56 1 85 99 84 112 38 103 28 109 108 79
    125 47 116 98 3 23 83 14 36 80 45 112 81 69 40 60 126 102 105 123 67
    90 105 56 69 57 48 63 52 19 101 100 84 111 67 122 71 64 100 33 1 23
    0 71 19 76 2 22 59 77 41 83 53 3 14 72 85 53 126 100 17 127 11 80 22
    2 6 77 66 61 56 40 50 111 127 68 96 67 123 63 34 76 30 83 75 97 59 5
    121 97 46 58 80 61 119 107 126 92 25 31 116 76 71 98 22 61 15 106 29
    77 33 96 19 69 76 63 7 114 104 15 69 11 21 47 84 80 62 89 110 124 38
    58 71 126 105 82 123 99 113 69 27 15 77 89 127 46 82 109 32 98 47 10
    112 100 96 109 54 78 62 31 18 20 40 75 27 45 96 59 12 32 58 18 127
    99 45 114 19 35 78 76 74 22 54 124 58 16 112 63 106 86 97 46 81 117
    32 66 72 97 43 34 9 123 89 49 42 101 109 95 71 107 104 27 63 110 56
    44 80 29 29 112 103 56 65 91 71 77 9 92 74 119 7 114 34 20 98 59 92
    24 47 19 108 16 24 80 11 25 20 41 63 96 93 49 52 113 84 101 89 54 67
    58 63 107 78 62 54 72 46 26 58 58 36 15 89 2 24 55 40 90 115 0 96 4
    82 106 89 126 66 20 54 66 114 56 54 102 0 24 102 46 68 23 3 73 77 52
    90 9 95 5 46 34 95 70 78 10 45 89 108 89 127 100 119 29 78 123 76 13
    98 65 12 31 118 44 25 85 22 106 83 115 61 64 101 33 77 45 122 25 53
    21 69 79 50 25 34 121 47 21 22 40 28 9 72 115 60 32 21 102 53 32 43
    121 75 32 90 54 76 43 120 59 26 12 42 104 61 124 4 107 18 19 58 127
    66 49 12 77 94 81 32 73 100 15 70 18 76 2 3 91 45 101 36 80 60 111
    14 48 127 70 16 117 1 109 101 27 69 24 56 85 123 89 63 109 28 55 82
    17 62 104 17 99 95 41 44 99 0 100 89 42 76 62 85 53 63 30 2 70 104
    89 49 90 121 79 82 114 46 42 94 10 65 0 93 81 23 38 25 87 48 68 115
    60 86 76 82 44 44 22 91 47 51 67 16 84 103 111 25 100 69 65 34 98 22
    46 87 51 73 102 74 68 7 59 3 34 20 127 106 91 60 96 104 89 34 69 102
    39 2 63 126 50 23 62 36 16 42 32 63 10 39 113 49 27 92 86 107 42 6
    67 62 88 15 58 23 44 26 56 36 13 40 38 73 95 13 122 83 52 8 101 60
    113 82 93 40 72 95 103 93 24 68 96 44 39 8 97 115 12 119 46 126 19
    123 44 66 87 31 52 66 73 89 115 82 116 59 96 106 125 124 114 1 108
    64 13 45 99 94 55 122 120 45 8 30 59 107 64 94 47 51 109 92 4 112 60
    41 49 107 24 98 67 23 19 72 29 99 91 106 17 9 111 114 112 71 42 8
    120 81 106 43 117 22 82 117 20 12 105 88 37 125 71 127 102 48 89 101
    46 78 11 72 10 40 103 18 31 11 36 9 126 105 46 34 26 12 49 40 119
    112 41 11 79 124 91 23 63 117 22 26 29 122 96 95 117 52 31 103 126
    95 73 53 80 61 126 13 1 109 33 81 89 67 74 112 47 9 60 10 30 26 40
    118 0 39 70 72 20 119 56 77 107 112 25 27 107 24 101 88 33 81 51 39
    87 14 89 88 32 114 64 117 57 123 50 113 51 118 12 64 48 71 59 15 91
    116 100 72 49 14 18 11 19 20 65 71 101 2 101 123 43 40 110 23 79 112
    101 83 77 39 101 16 91 8 20 88 20 104 32 73 47 32 90 103 13 107 119
    84 42 55 120 84 32 85 24 50 66 52 86 66 101 10 101 111 41 60 120 97
    62 45 73 22 77 119 34 110 28 6 48 88 97 53 110 20 91 74 35 124 125
    65 36 40 83 41 47 102 81 102 40 117 85 79 48 114 11 107 52 117 11 34
    93 77 16 2 43 54 25 83 20 58 36 121 33 50 0 58 7 111 125 81 41 101
    110 54 95 32 62 20 66 58 60 51 47 0 120 117 6 51 2 73 21 75 103 85
    37 63 9 102 85 33 102 22 95 19 99 123 109 118 123 53 67 80 74 46 29
    54 102 105 76 25 18 110 35 26 104 62 14 5 38 111 33 110 29 108 93 61
    114 57 18 68 103 12 46 40 49 37 20 38 110 113 54 62 40 28 78 59 29
    13 111 66 97 53 60 59 51 69 119 20 113 34 58 49 53 40 67 30 105 14
    121 74 26 89 42 58 21 113 94 62 97 23 49 43 86 14 33 66 122 54 15
    127 96 107 37 126 8 1 88 127 124 75 65 121 73 102 20 121 22 47 11 37
    112 18 126 87 100 42 61 48 113 64 106 77 51 33 121 59 1 31 54 58 36
    39 6 12 126 28 75 16 7 120 62 73 42 54 18 11 78 39 55 22 100 22 0 79
    120 76 30 56 41 96 50 99 90 18 123 15 115 25 16 99 13 56 104 78 120
    13 83 65 38 116 54 94 11 121 63 24 34 98 40 108 74 75 9 56 14 17 15
    110 41 75 69 53 106 90 103 30 31 9 99 121 31 0 57 63 125 121 29 13
    46 26 97 73 3 110 21 39 104 100 24 46 9 70 102 83 122 115 29 108 12
    112 106 89 5 78 77 121 88 87 34 59 74 121 104 125 117 68 65 96 103
    47 31 79 87 21 10 18 23 72 72 116 62 67 118 23 63 60 69 97 109 69 98
    6 1 86 113 73 120 61 117 40 112 119 62 64 13 14 114 108 70 81 48 68
    17 109 6 101 126 84 93 50 16 96 76 3 68 32 10 45 111 10 110 124 2 75
    88 101 61 111 105 25 47 102 62 113 46 58 92 37 16 14 115 69 112 118
    76 32 79 70 82 62 84 125 43 108 22 86 19 27 79 73 90 118 104 121 19
    104 58 104 55 94 70 117 125 41 24 68 89 92 24 60 118 79 79 78 30 88
    87 41 68 101 125 20 48 58 94 68 116 7 11 34 11 14 72 12 9 111 40 53
    113 96 117 110 49 30 93 74 27 93 33 105 29 52 66 123 50 26 87 114 59
    36 16 82 123 26 42 112 32 14 59 37 40 1 32 7 1 68 114 117 125 33 11
    53 40 57 42 86 100 31 63 7 28 31 74 80 124 47 46 105 100 122 15 71
    27 111 96 116 13 18 32 109 51 20 69 41 72 57 98 84 47 5 91 123 118
    13 39 123 19 51 54 84 87 76 42 2 108 41 100 6 66 55 105 112 6 34 61
    118 120 59 90 49 61 91 100 76 125 31 96 40 56 11 19 126 121 103 35
    112 14 5 37 12 3 91 54 6 5 53 86 83 117 83 83 88 53 122 112 0 76 46
    116 64 53 69 23 46 72 2 84 103 111 25 101 35 101 57 26 69 37 6 23 22
    105 53 22 52 101 37 109 63 109 106 28 31 6 109 56 59 20 37 85 55 127
    35 49 117 112 0 47 60 81 116 108 106 66 27 36 25 68 46 10 49 3 33 53
    81 107 38 66 112 93 69 33 95 20 68 47 71 121 95 124 62 48 66 104 88
    115 55 20 126 24 3 73 82 7 53 105 20 69 56 111 65 13 49 46 114 53 26
    62 88 34 65 36 76 37 102 47 121 12 66 75 85 120 36 120 119 80 92 59
    76 57 3 19 81 23 95 67 31 50 72 79 68 113 73 31 44 124 104 40 32 66
    73 122 2 48 53 94 75 51 84 120 48 45 11 98 87 48 109 112 44 67 36 1
    55 98 113 119 55 50 45 121 25 74 62 31 65 7 95 52 61 4 6 1 97 26 121
    79 66 37 2 61 123 21 73 31 12 77 109 117 127 101 49 97 59 38 79 17
    52 86 38 105 98 29 15 73 74 10 92 17 115 65 83 105 6 84 4 49 124 87
    125 80 18 79 67 117 117 29 1 107 22 40 39 124 94 71 99 51 45 2 37 44
    90 16 86 14 38 12 119 11 91 52 22 88 14 103 37 78 110 62 46 70 22 70
    29 116 96 29 92 97 23 2 92 56 45 87 47 67 86 97 79 103 74 96 92 98
    94 0 106 119 57 59 2 0 122 25 86 77 80 82 63 70 110 108 82 21 109 48
    124 101 122 94 106 103 78 106 33 49 97 120 27 70 33 115 122 113 107
    104 9 86 63 50 80 108 106 20 82 74 66 109 102 100 79 108 97 63 124
    15 34 101 99 34 2 29 1 88 117 104 107 51 49 3 85 111 32 0 39 76 86
    127 12 53 97 43 95 5 95 115 0 0 105 106 102 67 45 4 26 33 31 125 65
    95 41 24 77 49 30 33 109 69 86 26 94 76 45 104 47 64 76 93 18 125 17
    127 107 117 33 113 123 3 114 4 15 87 23 80 62 119 101 65 43 56 50 82
    19 81 101 49 29 32 46 77 110 47 15 37 26 53 10 125 60 85 101 109 125
    2 35 90 87 94 81 96 34 98 77 100 84 122 11 104 51 71 2 120 20 20 49
    101 117 70 71 80 65 80 73 17 1 47 67 62 35 2 85 53 42 81 116 59 69
    42 32 93 68 88 62 67 98 72 105 75 51 124 67 124 0 94 11 12 77 114
    121 24 8 110 55 94 10 77 65 86 52 21 80 82 108 41 65 32 1 125 35 55
    47 19 101 104 36 39 56 65 115 13 62 120 23 62 2 117 83 54 14 25 105
    46 16 46 108 104 104 106 119 114 107 88 70 120 111 96 124 17 113 32
    75 31 54 123 99 125 120 6 71 32 60 51 103 66 101 33 23 124 38 72 16
    27 9 37 61 21 89 103 98 63 107 19 125 99 10 96 2 10 117 107 43 2 22
    111 17 79 120 119 89 33 92 47 25 48 13 119 67 11 99 32 54 113 117 83
    31 23 49 39 56 6 61 41 81 46 68 67 37 118 4 54 61 34 100 33 86 81 48
    115 104 85 16 68 75 103 44 127 37 106 117 20 37 39 47 40 71 74 31 45
    121 47 52 52 5 71 32 28 85 44 25 80 67 118 4 11 91 65 72 73 23 72 50
    71 119 86 17 11 30 13 12 121 45 75 91 10 99 42 56 63 48 35 29 13 61
    54 51 123 83 48 102 59 9 26 19 26 75 56 82 102 35 123 89 20 88 85 42
    85 113 105 89 35 113 106 46 100 98 108 102 118 59 104 100 10 113 32
    103 74 58 75 118 76 17 8 112 83 61 29 115 79 12 108 57 62 18 94 38
    90 106 120 70 92 60 98 41 87 87 68 91 64 23 120 114 115 76 65 72 119
    32 112 112 12 11 75 3 89 91 126 7 109 49 123 90 68 15 85 17 88 36 56
    66 51 114 87 60 71 37 120 112 123 98 52 6 4 88 22 82 17 27 54 9 93
    58 94 107 96 30 55 77 36 42 36 59 118 52 115 12 13 46 123 24 124 8
    22 48 57 50 23 89 43 24 73 82 126 26 50 29 77 36 82 9 122 27 52 27
    19 112 90 96 85 113 31 120 26 105 27 74 81 126 71 32 103 91 15 63 43
    71 25 3 61 51 95 1 17 121 58 53 62 99 84 75 2 0 90 100 79 82 65 73
    94 105 36 1 36 126 83 101 103 30 83 75 38 30 29 114 89 39 45 65 53
    60 43 10 91 7 84 7 38 6 15 110 82 120 12 41 65 88 31 58 90 112 36 65
    103 18 94 54 63 81 28 48 39 65 60 21 1 29 122 64 52 93 41 64 109 31
    119 15 18 8 126 107 18 125 120 107 31 19 116 59 54 14 70 95 100 58
    45 16 28 59 43 8 41 113 32 69 41 50 59 119 116 18 43 50 36 69 79 73
    108 120 41 58 63 10 87 89 88 8 105 25 126 121 62 65 97 40 69 26 103
    96 113 113 4 57 4 103 7 82 48 126 102 2 63 47 127 101 124 74 99 108
    47 107 117 74 42 127 49 40 95 9 89 75 61 3 39 125 6 82 122 34 105 4
    39 64 52 38 83 85 85 74 57 33 78 37 68 106 57 47 77 0 109 87 91 81
    116 55 26 25 46 40 109 36 78 116 124 95 12 122 13 83 103 111 97 118
    57 127 101 81 35 8 24 105 76 38 66 80 62 76 126 47 11 8 2 5 99 96 69
    108 75 19 80 53 122 28 87 126 124 98 62 1 68 42 50 54 60 126 90 72
    31 88 80 106 20 30 3 105 49 67 27 74 19 75 71 36 88 61 44 66 59 122
    78 94 92 2 38 6 4 98 74 28 46 106 97 100 54 81 58 102 126 24 113 103
    31 126 57 96 70 28 38 24 120 82 118 7 30 34 120 102 98 8 47 18 23 49
    102 27 111 124 65 10 85 54 62 32 37 74 105 19 20 75 122 2 85 21 16 7
    113 23 79 26 124 66 107 98 99 83 32 58 95 4 33 51 34 116 11 101 25 7
    37 104 49 48 2 97 100 83 18 125 87 54 87 14 48 126 84 59 40 58 35 53
    10 78 111 32 34 83 5 30 52 14 73 65 52 18 98 124 93 20 71 127 2 17
    44 58 41 75 60 33 68 52 57 46 88 31 27 28 35 26 46 107 108 124 29 67
    117 84 121 76 84 113 28 23 44 16 105 39 73 62 107 42 59 53 44 36 14
    71 119 113 46 24 42 117 50 1 6 113 67 2 112 60 72 110 9 99 20 78 124
    79 96 109 7 90 17 77 107 78 25 46 124 7 1 81 101 94 70 53 123 108 41
    94 82 87 37 115 60 49 101 88 40 85 33 25 41 82 72 111 60 106 91 117
    69 120 89 81 39 45 111 92 88 69 70 78 76 84 90 106 111 116 87 66 17
    117 22 81 70 121 79 20 97 118 42 26 45 40 1 31 2 22 7 61 76 31 125
    69 68 23 17 77 89 118 26 78 87 74 113 34 24 33 79 7 41 95 99 13 36
    42 88 35 107 69 17 70 100 118 113 101 4 23 22 62 55 81 112 54 52 88
    60 103 59 37 42 36 11 74 44 112 13 18 81 43 59 64 113 78 28 19 79 51
    95 2 12 50 9 40 54 8 115 23 14 87 104 16 7 65 67 99 111 4 27 13 105
    7 46 66 63 126 91 44 99 97 15 124 14 6 68 8 2 18 96 89 56 57 90 62
    48 100 59 45 71 127 119 28 114 41 57 25 49 58 60 113 101 14 54 107
    64 34 5 13 103 32 37 89 55 28 16 38 96 63 82 104 121 115 98 82 10
    107 109 82 91 87 54 4 62 35 55 42 67 91 59 58 95 40 42 116 24 14 105
    35 89 116 76 74 48 55 14 70 115 79 117 111 91 77 7 114 7 43 126 0 33
    100 2 74 91 50 10 110 125 34 86 51 109 116 89 112 54 96 81 11 92 30
    31 88 106 60 95 62 0 35 64 90 105 45 2 51 107 49 83 95 18 63 121 8
    28 68 49 96 28 39 91 63 32 60 45 41 98 88 2 72 85 47 114 67 55 36 80
    42 46 5 73 110 75 109 7 89 49 83 44 35 49 30 107 71 6 71 11 112 24 8
    41 3 51 22 24 68 41 81 67 92 18 88 36 72 59 35 0 81 122 67 32 7 26
    78 9 92 75 118 45 66 47 63 86 68 62 67 42 91 2 105 0 25 49 5 51 98
    107 111 114 26 19 20 26 65 68 46 72 56 98 33 65 62 48 71 119 28 7 44
    122 127 76 38 33 42 82 105 105 127 66 99 18 102 9 103 56 68 88 106
    12 17 58 9 7 39 34 41 39 118 56 61 88 28 15 93 118 126 23 38 27 97
    77 45 49 110 90 8 59 19 80 51 60 20 124 0 9 119 86 122 82 38 111 13
    110 95 117 87 120 68 27 25 127 35 52 16 56 83 124 41 99 67 90 75 66
    84 4 76 90 24 49 27 84 22 78 0 127 92 15 1 59 20 30 24 53 60 17 109
    60 71 48 73 28 103 76 107 31 13 90 49 9 17 69 112 7 112 45 127 86
    125 7 30 97 37 65 53 48 96 78 41 58 79 91 126 8 78 54 54 108 25 34
    95 116 102 76 125 90 115 103 104 65 42 105 30 40 12 79 31 91 48 113
    120 56 54 1 90 77 96 74 90 66 124 96 108 31 122 62 99 71 70 53 41 12
    35 69 70 28 9 1 48 91 16 74 13 98 93 92 87 43 68 89 26 94 6 38 7 48
    53 35 104 79 113 1 109 62 3 127 118 4 31 96 91 56 114 69 101 15 120
    66 9 51 119 103 12 111 47 44 119 49 22 28 35 10 114 104 25 104 111 6
    23 96 44 63 70 38 75 20 51 104 15 37 61 113 110 41 34 61 10 110 65
    127 102 6 8 107 29 104 107 85 92 65 52 26 107 85 74 67 3 5 77 39 104
    88 16 106 101 31 9 80 68 98 107 118 25 29 88 31 107 89 82 83 127 25
    7 19 58 54 7 110 101 117 71 82 4 54 16 77 110 116 28 99 27 127 112
    19 86 53 36 101 0 68 60 28 104 24 86 3 50 11 75 123 50 2 4 92 23 84
    126 18 34 10 124 24 90 28 18 36 42 117 93 71 6 2 28 104 38 60 65 81
    106 21 81 58 7 88 37 7 55 66 71 20 1 78 12 24 62 33 65 71 36 121 71
    106 48 100 29 113 20 58 21 115 81 1 29 35 127 60 72 77 118 73 59 87
    49 63 103 91 56 15 32 11 76 104 63 76 105 120 113 2 94 30 125 115
    125 45 35 40 27 57 89 19 116 93 66 32 125 96 61 48 91 22 19 53 121
    23 12 81 83 45 29 87 113 89 6 96 2 35 27 4 112 22 107 104 91 26 105
    57 47 3 68 8 110 90 86 126 35 84 64 123 53 62 50 121 55 68 70 109 87
    61 48 42 49 93 81 101 41 119 6 73 54 108 94 108 17 25 81 23 36 97 83
    118 88 45 71 65 13 54 4 16 99 97 13 102 118 34 20 24 58 53 29 104
    107 126 10 93 54 27 104 118 41 88 62 108 4 116 117 105 25 103 26 55
    95 56 127 122 104 91 57 70 127 89 125 83 107 11 97 64 38 111 49 115
    86 47 86 52 105 50 47 115 10 2 115 68 11 99 70 19 82 42 71 117 63
    110 5 62 46 120 102 110 10 27 35 116 107 43 6 4 36 45 73 116 62 127
    96 115 34 33 4 85 26 127 112 72 82 46 95 31 16 33 51 87 96 20 82 20
    75 97 23 47 92 12 5 42 78 100 121 20 50 0 122 93 65 85 82 50 6 73 89
    82 100 54 78 84 119 51 63 60 48 49 26 47 20 38 121 108 21 66 14 8 51
    66 69 116 36 84 124 46 62 60 46 11 0 78 38 50 44 23 6 57 109 18 86
    57 64 105 82 52 4 18 115 45 81 42 48 122 41 103 18 16 53 77 48 80 65
    81 100 104 93 118 74 72 30 112 109 111 119 81 58 27 4 32 58 95 45 95
    92 96 56 30 81 98 29 127 52 113 8 28 102 73 71 20 69 19 34 124 93 36
    105 53 108 114 14 117 77 113 98 123 4 1 109 112 14 38 118 67 91 7
    108 41 25 40 18 66 100 73 54 125 117 33 97 104 69 70 32 86 18 3 80 0
    6 49 116 29 56 41 20 23 89 67 63 89 121 112 126 38 49 64 102 80 6 39
    89 69 85 1 90 58 50 18 52 55 28 93 21 106 105 74 25 116 58 39 30 114
    84 7 7 52 118 62 35 124 18 117 37 88 105 110 60 69 86 62 54 25 27 20
    89 1 63 86 116 47 98 92 58 81 47 17 32 24 30 127 64 31 97 104 16 27
    28 32 79 91 93 91 73 121 41 71 38 57 53 60 105 89 10 70 127 62 89 98
    15 57 117 58 117 118 98 52 2 63 117 41 34 51 57 31 121 84 97 37 25
    92 2 63 106 115 73 6 82 26 1 22 6 37 36 108 90 26 89 81 30 87 0 88
    76 72 25 20 85 39 74 108 87 101 53 33 38 119 3 47 34 82 117 20 121
    122 78 49 52 77 61 85 12 92 92 29 9 16 30 24 74 126 61 120 40 92 39
    113 10 106 35 61 119 117 48 72 67 63 3 119 73 100 57 84 26 68 28 43
    50 120 36 20 102 104 81 51 100 45 2 95 10 5 53 106 35 56 78 21 21 53
    122 48 55 112 64 37 29 92 21 34 65 40 14 81 10 42 120 65 55 75 8 15
    102 84 32 122 98 36 71 59 102 98 22 78 45 20 39 35 109 54 87 40 33
    88 15 12 17 51 34 8 28 30 72 59 29 43 110 105 41 22 76 125 17 41 91
    100 89 31 114 84 6 4 30 95 14 72 101 19 84 45 28 17 9 94 64 88 113
    43 53 122 79 59 113 116 4 35 83 30 43 30 85 119 33 40 28 116 69 3 21
    52 113 7 77 114 56 94 102 17 51 117 95 67 100 29 76 47 77 27 118 69
    3 124 27 93 6 85 118 65 68 78 73 25 24 51 15 14 98 46 117 125 46 15
    118 117 108 73 72 87 62 105 5 78 60 104 115 33 39 35 95 48 120 5 89
    61 94 71 57 57 24 23 39 99 1 41 118 32 105 25 3 19 27 77 21 42 125
    123 91 67 58 52 107 93 72 97 123 24 19 78 95 55 3 32 7 18 115 69 106
    65 87 9 75 60 89 126 48 84 4 75 59 22 65 108 116 42 61 33 69 1 7 6 9
    84 123 107 71 56 5 3 116 11 71 41 1 28 46 74 27 61 56 95 104 125 104
    40 70 122 35 35 50 15 21 43 108 36 70 116 106 111 83 29 2 104 124 22
    18 13 4 84 102 10 115 22 37 25 72 45 5 125 9 69 2 4 14 124 14 10 92
    70 45 54 54 89 94 26 100 90 88 74 92 35 77 27 70 114 108 6 58 37 29
    58 41 57 41 107 3 91 86 66 25 97 88 46 16 11 0 12 126 50 46 19 106
    50 122 42 14 72 16 22 27 113 62 30 24 56 57 30 105 64 69 118 60 63
    25 104 92 94 50 19 88 49 48 37 81 47 92 15 104 48 102 50 44 106 4 86
    112 67 111 52 55 1 108 53 123 104 95 67 109 82 85 71 41 45 47 6 13
    39 99 50 68 123 75 6 98 36 54 86 64 0 109 105 16 60 84 41 49 12 81
    17 40 21 82 70 55 106 33 127 17 15 113 101 74 85 7 37 42 25 16 46 55
    77 59 57 116 118 6 83 99 59 73 28 80 113 100 98 32 6 50 123 106 73
    83 90 39 79 50 122 76 15 16 113 74 123 66 44 7 125 86 54 77 117 21
    26 16 76 46 78 111 8 34 102 42 45 14 96 0 101 24 62 8 36 72 16 47 7
    38 52 108 13 62 22 54 15 121 83 79 107 74 10 54 81 125 65 120 46 23
    13 41 87 27 8 95 122 69 113 85 85 20 25 119 51 64 116 87 66 81 5 9
    110 78 123 72 77 125 118 110 16 50 83 14 62 21 70 117 112 114 30 56
    49 55 113 104 77 81 17 115 11 31 6 80 121 109 45 108 21 113 42 97
    104 6 26 125 119 69 125 69 36 108 95 51 14 99 111 91 1 63 12 118 104
    96 70 92 108 70 111 11 67 56 72 118 69 61 94 41 92 6 101 59 65 94 91
    91 11 27 109 107 63 22 55 93 45 8 32 0 32 1 51 39 59 46 67 90 111 10
    37 49 69 104 1 84 28 111 127 9 37 116 77 34 62 39 115 96 64 9 55 92
    1 94 79 40 102 90 76 88 46 10 70 93 119 49 67 84 38 6 43 53 11 27
    112 124 57 76 71 95 85 20 40 15 45 80 61 81 101 110 76 119 115 125
    81 59 11 39 0 43 115 105 90 112 78 126 75 100 28 37 35 5 34 96 13 19
    29 10 40 4 109 77 71 113 49 35 71 0 29 69 30 98 115 98 81 36 90 111
    50 101 124 51 60 1 26 47 5 3 97 36 127 109 19 10 40 46 62 2 81 27 27
    25 45 93 91 37 27 4 5 110 114 0 90 93 91 103 63 6 61 8 98 102 39 98
    76 100 10 93 5 25 47 86 27 40 42 69 7 26 19 50 15 81 72 106 96 21 66
    27 3 40 87 105 85 79 40 46 122 27 78 45 28 17 72 108 67 2 111 59 82
    86 9 109 86 9 102 19 19 44 48 98 20 88 106 124 118 89 48 53 89 117
    98 105 112 85 7 75 47 78 58 99 70 54 114 124 104 98 19 51 96 10 76
    63 61 34 67 28 40 122 18 111 44 70 54 103 19 45 124 117 126 67 65 81
    53 60 27 57 19 45 47 59 93 33 88 118 109 32 86 17 95 107 79 84 89
    123 35 84 72 63 16 7 74 92 60 6 59 82 29 53 25 8 3 84 107 59 13 16
    28 66 25 120 82 10 79 11 27 119 106 66 125 115 89 120 72 107 87 64
    104 42 120 31 60 80 103 115 126 92 38 20 107 86 124 3 56 57 65 52 90
    57 12 114 8 126 76 124 33 71 111 79 112 24 34 21 29 18 50 38 45 80
    69 28 104 54 36 1 109 79 23 126 39 107 42 23 51 104 73 61 79 27 46
    112 127 12 105 82 37 11 126 17 110 28 18 111 93 27 114 72 58 66 71
    103 56 81 57 118 87 32 52 101 113 107 105 109 108 69 62 3 56 95 20
    86 60 82 44 29 7 115 69 124 83 123 54 32 41 23 111 45 109 9 81 107
    78 53 77 26 41 4 4 117 107 83 92 119 119 0 43 126 96 57 8 26 111 21
    78 30 81 78 20 105 95 57 6 76 59 48 102 17 1 46 94 3 41 46 59 22 75
    104 36 84 80 105 73 124 124 72 19 76 36 91 114 93 4 81 120 42 21 111
    66 8 120 4 109 17 46 73 35 53 50 18 101 91 27 25 39 24 55 24 53 16
    16 64 5 123 112 89 115 74 5 49 64 26 4 7 105 59 56 2 115 66 81 105
    20 106 37 33 51 73 10 86 105 4 103 103 6 48 51 83 120 26 8 103 81
    110 100 111 122 31 33 9 68 22 30 2 91 53 4 73 121 110 63 70 50 67 72
    116 71 4 13 91 86 61 1 90 116 0 89 59 20 93 127 65 53 69 113 86 29
    108 63 127 35 69 22 88 62 75 25 122 38 108 68 40 123 90 17 13 44 123
    120 76 50 95 86 16 7 107 123 3 101 104 103 62 42 48 87 80 47 14 3 80
    40 18 20 34 7 36 97 74 33 49 85 17 50 6 102 73 5 7 44 121 52 110 45
    110 89 50 95 115 6 50 32 125 68 102 66 7 38 77 3 22 49 85 95 44 76 8
    20 85 113 46 108 57 103 125 48 108 91 118 65 35 112 21 89 56 21 104
    6 70 37 61 112 21 72 16 93 51 18 1 113 90 118 54 94 61 110 32 123 99
    0 123 68 20 85 106 7 7 45 20 27 60 6 110 91 100 55 114 55 50 48 85
    85 89 61 55 105 37 42 40 24 50 54 32 24 58 46 63 96 3 106 8 10 83 9
    55 34 24 106 4 88 64 59 127 120 60 117 78 32 77 13 41 59 52 110 52
    82 26 38 112 49 0 103 16 122 68 22 15 88 4 104 123 55 126 12 29 82 1
    6 125 26 47 70 52 37 98 104 11 15 20 89 51 99 3 126 118 26 35 52 108
    89 45 60 119 72 126 105 92 97 111 25 75 83 113 17 54 69 94 67 33 85
    84 31 26 73 73 3 19 51 59 22 43 72 32 22 38 27 107 90 24 33 126 62
    105 10 34 66 2 95 34 17 60 87 102 39 121 93 115 19 75 5 67 58 102 78
    50 16 114 120 94 106 17 58 39 80 63 55 3 22 92 99 105 40 109 61 93
    75 49 35 105 98 55 116 8 11 44 7 66 37 70 56 19 16 11 76 43 126 18
    115 101 76 122 81 98 32 104 60 25 3 14 37 121 76 30 65 35 3 125 33
    57 35 13 56 42 113 30 78 95 100 37 68 50 43 8 39 115 67 27 89 64 75
    78 95 37 43 3 123 124 34 117 86 8 5 86 60 127 48 83 70 38 104 119
    110 64 69 46 83 5 50 75 103 117 80 99 107 80 29 16 31 19 19 105 17
    86 59 25 91 65 123 27 122 25 111 24 60 1 94 44 118 32 114 109 104 16
    20 24 65 32 92 24 79 76 28 56 32 38 0 87 116 40 9 18 95 113 10 22 71
    46 67 19 83 87 20 82 92 125 94 97 64 29 100 33 93 9 100 27 61 107 29
    21 71 122 104 32 100 67 109 27 29 15 15 13 24 23 88 96 87 51 16 76
    57 87 87 53 0 123 36 43 110 64 106 21 59 21 48 83 67 98 17 110 47
    114 12 62 127 60 35 104 33 102 54 15 44 71 59 87 63 99 25 44 108 104
    36 120 89 0 88 25 101 69 72 105 113 34 100 48 41 82 70 34 122 58 46
    90 62 51 92 59 82 28 81 33 45 122 15 35 93 82 9 69 16 50 108 30 56
    96 116 33 75 25 92 45 12 81 99 102 97 102 86 75 8 56 82 57 7 86 62
    46 73 54 31 17 113 102 86 30 2 4 52 120 127 68 127 16 119 12 67 52
    53 102 111 55 42 3 71 21 54 84 55 43 56 9 71 97 63 126 44 38 83 83
    19 79 117 57 7 32 90 32 76 33 122 50 2 35 103 68 108 42 83 109 40
    107 61 102 25 106 51 126 69 65 3 44 34 106 59 19 52 116 101 120 31
    73 121 46 37 12 102 101 64 118 127 28 64 8 32 49 20 73 115 109 41 77
    9 61 110 121 59 59 38 62 87 30 90 12 110 23 59 114 83 117 29 2 72 55
    106 79 11 66 107 6 89 105 40 65 113 8 41 45 113 34 42 14 92 75 44
    115 84 15 22 39 90 127 37 41 33 37 100 118 110 53 80 83 12 71 121 15
    102 16 21 33 123 57 24 38 77 27 88 100 101 117 52 14 103 9 64 39 121
    41 117 67 104 93 74 86 121 51 60 117 51 82 50 24 56 103 126 45 53 32
    107 7 115 24 72 46 35 97 22 113 84 79 14 16 86 104 68 78 13 40 70 65
    82 62 10 62 33 71 44 12 93 115 0 84 86 0 83 46 94 52 85 108 121 116
    66 74 91 102 23 101 47 74 52 65 15 28 33 12 13 105 97 22 59 12 54 92
    1 80 17 115 1 97 108 95 114 113 74 64 81 63 90 9 115 116 74 70 126
    21 34 113 96 76 38 5 91 81 2 106 27 113 66 87 111 95 120 35 55 118
    92 22 14 73 121 116 25 19 112 47 41 118 45 46 60 32 98 47 48 66 37
    36 17 118 6 27 16 105 69 51 17 111 27 73 97 15 67 72 62 29 34 101 68
    122 125 99 82 69 126 115 41 73 10 106 84 67 122 25 87 3 117 76 49 7
    49 70 88 87 56 8 65 127 83 31 106 15 62 117 67 93 85 51 100 5 48 78
    36 123 125 50 87 79 10 75 104 106 113 111 52 66 12 112 85 77 36 11
    31 36 24 28 49 33 121 24 14 100 127 56 26 54 94 118 124 94 101 66 65
    105 112 76 84 100 48 101 28 109 82 87 37 39 33 124 8 34 5 22 108 120
    82 113 42 4 58 96 64 124 72 123 60 115 13 70 68 41 56 4 98 109 3 127
    93 32 91 126 102 82 115 9 115 86 1 64 48 58 69 9 88 45 108 4 60 74
    27 69 54 0 6 73 117 112 30 81 55 94 21 93 37 43 42 3 74 90 48 63 74
    71 21 22 52 99 103 65 127 17 84 57 107 39 108 122 44 46 96 46 103 25
    76 39 47 23 31 99 49 36 87 72 95 6 20 70 52 81 70 95 111 39 99 15 97
    3 33 39 85 2 104 88 122 34 10 20 37 127 77 3 52 15 115 31 41 26 17
    127 125 64 96 12 55 100 95 70 26 53 90 110 104 115 56 105 10 30 16
    126 74 71 66 89 16 13 112 33 41 47 12 45 69 11 108 11 75 26 111 40 8
    39 11 110 26 16 86 76 74 105 87 7 5 34 17 76 44 112 76 83 87 10 75
    34 54 58 79 31 93 14 124 115 117 90 120 9 77 10 124 37 16 75 22 26
    88 102 124 93 61 76 58 24 107 59 31 88 116 3 83 0 91 18 25 94 25 22
    105 7 85 30 18 39 75 126 38 96 21 78 98 88 114 70 40 53 23 113 20 71
    80 29 57 4 103 27 47 110 64 121 55 93 101 26 126 38 59 101 98 123 3
    77 35 50 30 10 17 33 1 78 102 59 85 87 74 72 7 30 99 65 36 3 37 38 2
    15 9 52 46 72 36 6 8 23 111 29 93 119 71 14 98 89 2 121 105 122 108
    64 67 69 117 27 37 117 111 26 7 79 25 63 55 108 105 75 41 68 99 52
    96 31 21 100 26 120 103 53 37 30 35 15 56 14 104 40 26 76 38 78 39
    82 7 32 12 107 15 92 68 14 89 120 23 104 78 124 46 13 95 39 1 15 98
    99 15 0 101 111 1 9 59 38 40 38 19 36 108 62 30 112 39 76 99 100 111
    25 38 73 24 78 79 21 19 45 113 96 91 7 77 25 98 4 118 64 101 70 21
    115 81 70 16 80 62 46 14 65 1 96 85 69 3 45 106 12 122 124 43 125 31
    21 98 19 108 110 6 21 118 23 42 0 26 29 88 73 119 35 111 111 24 62
    18 27 71 45 7 94 0 22 4 121 1 29 10 56 90 17 54 97 30 117 113 14 10
    77 127 45 97 19 17 2 118 92 93 110 47 109 37 79 53 105 23 126 40 118
    105 52 43 41 14 36 18 6 15 127 0 88 83 87 64 42 85 20 45 113 61 39
    85 120 118 7 20 107 35 109 54 36 112 55 71 33 1 43 107 85 123 30 35
    17 95 58 66 64 52 104 41 71 97 109 38 10 117 4 45 105 111 90 66 49
    61 56 96 123 54 16 106 89 86 25 42 21 99 80 112 122 123 41 45 24 44
    79 83 110 3 6 69 54 5 28 94 25 1 90 15 121 85 122 65 19 68 44 77 119
    64 112 96 37 35 108 29 89 4 65 116 55 115 72 67 123 55 71 57 121 56
    115 46 123 126 118 80 83 38 17 67 92 107 109 101 104 47 28 65 92 43
    103 111 68 46 25 1 124 116 113 18 75 93 46 101 6 63 60 67 74 65 3 65
    68 46 78 0 0 8 89 60 51 86 52 20 77 105 33 0 55 74 49 3 32 49 69 64
    57 38 76 17 7 27 78 84 9 114 50 85 44 21 11 39 98 111 62 24 40 39 2
    72 85 125 75 112 63 43 42 15 28 78 96 124 65 45 53 47 38 0 97 27 46
    25 25 29 25 42 73 6 110 2 34 54 9 72 64 20 55 118 47 73 27 99 15 74
    68 59 38 44 81 44 18 60 22 55 60 29 87 117 36 84 5 0 102 116 5 68
    118 91 47 11 85 113 57 11 57 13 87 31 30 125 35 61 89 103 94 104 100
    70 116 116 39 110 101 55 99 14 58 101 29 0 15 66 91 88 59 4 29 94 61
    96 116 115 62 20 42 84 26 69 85 56 48 14 99 75 21 44 75 121 76 23 66
    0 111 122 60 48 102 122 107 33 121 15 10 47 4 24 44 99 8 50 55 96 81
    3 73 56 16 59 95 21 26 96 101 4 108 91 63 80 45 115 71 67 123 87 88
    124 126 91 79 39 40 94 104 19 16 112 19 44 13 43 127 22 62 70 92 5
    29 124 87 88 39 108 109 21 41 69 42 3 75 47 95 75 64 53 9 70 55 79
    76 102 105 64 62 49 101 54 51 66 83 48 91 31 66 121 100 64 77 47 69
    96 25 103 98 3 72 100 10 114 88 27 85 23 99 99 36 65 5 4 89 67 70 38
    19 85 109 70 54 101 27 55 4 126 103 61 118 70 46 4 105 93 90 71 48
    113 89 21 99 81 70 67 32 51 101 82 109 38 91 103 98 51 33 38 120 76
    7 4 57 76 126 95 78 73 41 44 102 6 71 89 94 28 45 2 99 94 112 105 79
    108 46 83 121 117 51 101 62 120 23 29 38 22 1 95 124 5 98 87 31 90
    20 40 121 80 84 21 8 25 64 65 120 89 113 85 38 75 7 1 55 25 68 83
    118 101 68 102 84 1 127 43 43 116 30 8 59 30 13 38 40 34 25 97 107
    111 37 38 87 113 92 54 106 73 14 7 10 50 18 16 99 27 52 3 87 23 65
    32 48 37 49 121 50 101 54 86 67 4 18 52 100 30 118 126 110 80 116 48
    108 11 90 108 87 48 33 90 47 74 74 18 103 92 42 15 64 112 120 16 78
    109 22 24 113 93 117 80 73 55 3 23 20 39 43 101 4 19 14 110 27 119
    75 79 55 76 0 88 109 42 15 22 7 127 37 29 90 35 79 69 74 16 127 28
    14 66 79 54 86 122 5 84 11 105 7 38 77 41 61 95 31 29 94 107 80 70 7
    34 14 39 29 44 113 60 2 31 75 85 8 27 57 82 8 97 42 38 16 103 46 115
    127 87 30 37 109 51 78 1 39 91 68 96 55 53 73 110 53 7 79 97 4 82
    125 24 18 57 72 43 75 123 95 83 111 82 114 84 7 73 2 36 116 110 66
    125 120 31 98 72 49 33 124 62 13 57 111 90 98 127 100 14 34 35 124
    19 57 21 112 7 90 43 83 71 60 61 123 81 103 83 113 4 3 67 12 84 91
    118 12 109 6 55 125 123 70 62 59 80 66 15 127 39 56 5 27 126 37 104
    71 16 34 107 39 5 51 11 81 110 116 36 66 43 83 110 1 36 14 55 78 4 7
    43 86 87 37 58 25 67 81 4 18 125 91 98 44 68 65 70 19 92 117 15 35
    18 48 113 105 72 53 70 23 40 93 117 4 77 47 39 6 46 13 70 69 32 79
    85 113 47 41 27 35 84 125 121 41 22 16 13 117 109 106 125 59 124 31
    8 59 115 105 100 43 80 25 112 58 72 35 19 57 89 106 122 31 63 90 36
    45 79 124 47 0 58 105 33 47 36 54 111 93 126 50 89 63 52 45 28 85 25
    29 124 21 29 45 78 64 126 35 117 5 67 123 123 46 30 46 70 6 24 54 45
    38 117 33 3 98 44 111 18 20 109 37 27 123 24 62 110 44 0 1 81 46 26
    9 116 45 4 127 15 18 62 90 110 46 101 120 123 83 124 41 67 45 95 44
    62 96 112 61 96 35 59 24 59 99 77 61 6 45 14 48 113 85 100 45 65 93
    53 18 94 88 87 21 94 39 13 29 3 74 21 68 17 79 47 109 13 33 38 112
    28 48 16 21 126 102 97 125 90 64 96 36 30 5 2 87 23 46 101 72 54 3
    107 106 92 24 23 11 55 62 77 16 89 77 94 41 65 114 123 6 47 105 116
    9 9 45 101 111 15 17 17 113 99 53 44 1 35 2 98 84 65 14 58 112 0 59
    113 110 36 8 99 44 91 29 70 117 42 105 57 16 80 76 125 10 8 9 89 102
    70 31 110 12 127 25 48 24 89 3 57 11 12 66 98 80 58 109 8 48 53 110
    125 83 38 93 85 9 102 4 48 36 45 114 13 55 119 4 120 46 15 126 72 39
    58 32 3 113 25 73 38 58 2 91 79 87 125 117 90 76 13 67 50 105 28 47
    39 36 116 58 116 79 122 45 60 120 114 15 79 66 82 71 108 44 98 125
    74 94 119 6 106 65 8 73 14 105 122 17 10 102 77 105 94 100 23 63 28
    116 44 2 75 70 99 91 94 127 82 67 96 110 92 119 28 2 52 83 113 6 50
    70 19 34 70 71 65 38 92 72 125 57 56 110 61 120 45 49 64 98 120 55
    52 2 66 18 76 13 9 15 14 14 12 64 74 16 112 116 22 23 27 84 117 113
    125 87 86 21 110 31 127 125 95 77 94 118 47 27 42 36 79 29 83 121 71
    34 55 63 20 17 89 19 0 119 83 53 18 58 60 92 90 27 20 6 24 47 34 104
    61 76 120 34 52 124 98 111 116 59 112 79 79 94 69 60 42 79 76 102 4
    113 101 24 83 56 17 24 115 105 37 114 32 114 55 45 97 83 93 57 1 95
    64 48 79 3 61 84 38 46 4 107 2 71 45 119 87 25 49 27 108 1 50 4 95
    35 36 57 50 58 10 39 87 64 36 43 59 8 45 116 68 38 29 104 36 52 5 50
    111 43 84 62 27 13 31 59 66 14 12 15 75 126 46 108 57 124 97 36 16
    10 104 4 95 89 126 87 18 56 39 9 10 83 126 73 11 12 7 15 10 127 62 3
    55 93 31 127 126 111 25 1 68 30 4 93 16 58 119 46 36 80 17 99 75 97
    104 36 72 78 16 16 120 54 20 72 17 111 36 126 124 45 65 51 54 121 79
    83 93 64 20 79 93 79 49 125 98 17 76 99 126 41 87 47 60 109 91 49 83
    82 33 38 77 77 62 86 55 54 101 102 96 75 103 55 121 24 27 67 107 41
    57 94 32 89 45 26 54 43 120 89 60 0 69 39 22 30 34 16 21 14 18 45 32
    105 27 74 101 29 78 14 106 114 117 109 124 41 75 28 32 24 81 16 15
    72 124 47 108 8 93 113 81 18 82 100 20 110 70 17 64 50 39 111 71 57
    41 19 76 1 33 121 9 85 100 35 69 105 40 110 39 24 100 113 67 68 71
    73 59 116 109 42 79 15 4 92 86 81 87 63 69 39 71 33 82 74 122 17 83
    109 42 42 107 119 107 111 9 58 71 66 68 22 42 51 63 106 15 2 93 25 1
    64 115 2 62 123 110 72 88 13 78 20 11 54 58 69 108 1 18 63 46 90 118
    46 51 3 40 57 34 38 21 51 95 18 20 12 108 56 123 31 78 12 31 70 7 34
    127 21 41 75 121 31 2 24 11 16 24 39 104 1 35 57 75 118 59 31 127 47
    115 100 106 123 13 124 1 120 16 27 101 90 28 28 10 90 43 115 116 2
    18 4 28 38 6 60 81 18 114 112 34 124 91 90 88 47 78 36 119 125 37 28
    35 116 21 102 56 123 41 18 28 58 93 86 101 25 57 109 78 16 72 114 25
    91 17 36 11 40 52 3 54 49 98 22 39 64 68 122 41 110 103 78 94 67 28
    123 91 56 82 95 6 61 77 52 16 118 61 107 28 65 91 104 107 68 65 25
    54 71 14 84 10 65 97 110 8 9 113 37 70 30 29 98 101 8 19 36 19 3 121
    13 4 91 68 63 28 48 28 90 17 78 67 64 63 99 20 102 85 40 32 64 30 38
    103 70 28 81 44 32 69 13 25 17 114 108 23 55 73 36 29 25 83 77 97
    110 21 45 125 42 5 44 89 8 25 112 112 37 80 54 78 104 18 18 46 7 66
    21 43 124 47 67 27 58 72 30 87 38 50 79 51 82 101 35 107 65 75 86 61
    118 97 98 95 80 6 41 78 94 113 12 40 109 1 111 66 31 46 12 30 33 120
    124 5 78 2 47 123 50 103 20 113 5 106 40 64 29 119 114 127 27 103
    103 27 61 10 88 99 108 115 45 73 111 127 37 42 115 46 52 113 123 67
    125 52 109 72 8 52 117 120 64 43 2 88 95 4 53 50 127 110 41 12 88 88
    75 32 56 115 92 11 75 42 117 16 95 39 105 70 56 45 121 78 110 57 76
    72 30 108 45 30 92 100 97 76 44 121 4 21 117 7 36 31 2 97 24 22 92
    90 72 57 85 8 35 70 79 121 19 23 9 20 33 26 77 40 61 9 48 20 25 108
    38 95 15 113 62 74 46 1 86 20 5 50 34 48 100 110 64 81 102 12 52 38
    9 69 89 125 74 92 19 120 12 89 50 18 78 108 103 46 117 125 95 20 101
    88 59 61 94 70 110 36 71 101 53 83 90 104 58 94 113 54 126 36 122
    106 74 118 97 73 49 63 31 62 98 0 101 5 22 49 33 41 40 32 35 49 4 99
    86 110 114 28 81 91 40 1 89 125 58 84 4 4 100 119 22 106 67 51 45 22
    94 40 74 23 92 2 65 39 118 75 99 77 97 104 93 74 22 63 10 123 114 48
    110 100 103 52 58 47 64 80 25 55 120 120 67 126 122 120 83 78 17 53
    39 121 6 8 95 93 87 66 116 68 42 107 38 29 55 82 68 77 50 106 72 65
    114 127 119 61 59 52 30 69 113 87 0 36 97 28 42 0 84 126 25 56 0 93
    47 53 0 107 13 80 33 87 123 16 9 29 118 95 24 43 10 90 70 87 42 88
    118 77 22 37 6 79 125 123 110 77 102 96 22 9 121 63 36 119 85 9 95
    94 37 44 24 85 126 120 89 18 97 62 107 123 80 74 123 101 2 107 26 11
    94 91 29 106 35 117 5 73 126 32 40 71 35 10 19 30 64 113 125 6 64 13
    33 113 55 97 122 45 2 26 84 18 69 55 108 69 95 122 86 19 62 10 107
    81 12 17 90 17 13 124 81 68 25 61 79 12 71 27 113 62 59 7 5 107 10
    61 12 76 9 36 9 39 56 47 61 116 36 37 69 61 94 12 32 28 22 83 103 34
    56 69 12 74 102 121 104 67 6 9 34 87 110 51 92 49 109 57 65 115 121
    108 114 40 54 18 17 42 0 117 61 103 116 83 12 66 34 87 107 88 103 11
    31 52 11 40 59 40 103 77 61 71 113 81 84 43 93 8 97 102 38 53 31 118
    19 86 61 72 110 126 3 21 112 25 66 32 15 59 46 124 71 61 26 107 103
    98 34 91 108 74 58 62 68 17 57 24 126 38 24 92 21 57 36 49 97 99 72
    120 36 85 109 0 94 117 83 66 89 113 50 85 22 111 33 47 10 84 2 20 74
    3 93 60 80 20 6 24 45 68 81 9 112 61 54 93 7 113 25 65 56 112 112 85
    88 36 0 16 14 40 13 51 123 19 124 65 56 55 89 78 105 63 85 124 46 54
    76 31 115 120 34 48 11 24 102 51 6 34 89 94 5 77 43 95 100 66 52 80
    35 121 110 6 15 70 62 30 30 88 19 11 17 97 65 28 101 38 32 74 49 8 9
    95 101 27 72 75 44 5 105 69 37 103 14 3 94 25 42 74 83 63 49 44 3
    101 102 56 83 116 126 8 58 73 11 0 14 10 114 59 67 64 89 39 16 80 79
    76 45 1 40 6 13 82 68 2 97 52 54 127 23 79 35 108 45 126 123 26 108
    6 100 42 100 81 39 91 122 12 91 7 100 32 109 76 21 72 90 98 113 102
    1 110 36 49 122 100 62 20 2 103 74 82 54 61 98 16 92 85 26 3 13 86
    98 32 15 75 84 69 81 49 15 28 22 65 116 82 64 104 117 30 65 0 73 47
    54 36 81 11 112 7 114 108 30 30 90 53 105 78 12 31 58 97 50 76 64 86
    119 98 53 125 126 79 50 92 99 17 88 126 63 90 60 35 88 2 121 14 85
    80 117 87 46 40 103 15 84 91 82 71 68 29 64 12 47 6 106 117 6 98 77
    125 94 33 21 84 90 123 48 2 46 107 126 3 51 42 121 38 110 97 34 87 1
    65 29 56 101 106 2 82 10 73 79 1 118 125 85 102 56 124 120 92 92 97
    19 5 93 49 92 83 0 8 1 93 102 118 78 35 75 102 69 52 57 65 40 119 27
    73 57 6 17 26 80 0 48 64 105 101 117 67 67 76 53 70 38 110 118 77 90
    84 72 53 44 84 8 29 44 99 50 56 88 70 123 114 39 56 124 6 77 66 4 37
    79 29 39 8 97 28 52 11 71 35 70 19 113 77 9 125 79 40 32 53 120 106
    41 34 6 123 88 55 26 80 31 30 19 63 114 5 47 27 61 111 46 116 99 106
    5 50 52 2 2 65 103 84 109 16 0 2 30 11 84 48 19 105 8 96 4 87 50 19
    39 95 62 16 71 4 73 83 55 63 91 99 45 61 124 119 17 106 111 110 95
    86 16 31 109 127 3 110 23 34 98 110 25 40 120 90 18 115 0 3 80 97 41
    100 100 33 42 123 24 93 75 24 4 16 27 6 102 51 2 110 33 48 46 65 42
    3 55 40 16 22 55 43 70 77 35 68 1 35 101 78 119 9 37 81 99 67 106
    102 11 99 66 100 123 113 32 83 1 81 74 111 67 61 53 74 111 95 100 53
    31 72 58 47 10 121 104 42 0 115 119 86 18 5 95 9 44 26 15 33 86 8 28
    65 105 5 11 17 104 74 86 11 111 88 22 67 87 100 99 75 42 0 71 24 121
    51 71 107 64 24 1 52 99 65 105 37 96 116 85 9 29 25 21 3 86 24 90 73
    100 4 23 60 89 105 4 27 32 59 71 70 10 119 84 115 25 66 63 7 53 88
    86 70 118 9 68 13 82 49 67 19 17 40 11 121 106 0 80 35 44 124 17 44
    117 28 70 81 104 89 114 114 1 102 37 18 45 125 84 76 77 58 50 64 75
    36 71 69 23 122 5 17 20 13 101 18 84 22 65 66 11 74 53 100 90 77 125
    66 29 67 33 40 32 52 15 106 123 72 91 33 65 8 105 81 59 34 35 108 41
    70 105 5 17 54 78 77 39 52 9 66 100 84 56 58 99 105 27 111 2 104 86
    37 20 7 86 5 100 35 90 61 54 13 75 120 81 27 114 0 121 97 31 1 67 97
    84 52 79 95 124 10 3 30 25 2 56 102 3 87 23 82 77 110 8 114 127 37 6
    68 6 44 50 53 105 12 67 52 123 126 5 23 57 11 70 82 36 52 63 127 6
    79 66 110 7 41 54 85 123 125 82 104 37 42 84 117 43 100 122 62 78 69
    13 43 19 58 58 89 109 29 45 14 2 0 84 126 126 74 39 28 80 28 40 76 8
    57 46 47 15 9 51 1 72 62 30 89 24 4 43 115 85 123 54 59 36 54 62 86
    6 77 115 117 88 115 101 74 15 117 80 9 52 70 21 107 35 54 80 79 96
    19 39 115 112 85 10 51 1 36 45 37 56 109 109 115 69 44 120 70 54 1
    113 55 113 72 2 67 10 90 40 7 63 84 8 77 3 55 48 87 103 70 102 106
    28 50 57 38 88 11 0 75 38 122 79 120 77 48 104 28 35 23 16 45 23 4
    57 49 57 126 74 106 72 22 27 105 16 105 72 88 61 96 109 48 35 91 28
    82 118 92 8 45 42 61 99 17 3 125 10 41 36 125 12 10 43 120 87 40 91
    110 104 79 76 11 97 117 125 77 11 119 81 71 75 61 14 14 27 75 123 18
    18 70 35 74 19 51 89 123 32 12 110 13 108 3 75 41 108 122 8 68 121
    34 107 84 59 55 117 79 53 47 8 86 123 94 71 75 12 83 87 19 80 87 31
    18 99 13 65 49 78 91 126 38 48 110 52 27 7 36 26 54 110 41 64 24 17
    23 97 89 38 72 23 107 127 4 113 25 59 50 19 12 109 12 99 51 117 107
    6 35 11 68 32 39 68 74 68 59 75 82 48 7 78 44 32 26 113 124 14 116
    91 50 85 88 72 62 88 100 115 4 59 66 121 123 83 111 97 6 85 74 37
    102 115 16 33 96 83 59 88 47 29 60 8 87 39 116 66 84 20 33 2 47 70
    122 87 80 80 95 81 45 94 108 30 5 66 66 40 94 6 90 107 56 23 116 107
    61 49 50 18 6 76 12 15 33 7 2 38 31 0 90 40 78 94 17 76 66 89 70 61
    86 125 102 125 47 71 42 104 126 74 94 39 103 3 48 111 77 46 56 100
    115 65 12 50 36 27 24 100 81 114 42 71 62 27 2 90 69 68 99 98 30 77
    6 61 3 117 124 105 33 31 44 97 102 74 90 8 74 126 115 9 12 68 73 80
    100 10 125 4 24 20 11 105 53 33 23 76 61 86 66 86 96 84 62 82 34 56
    118 105 107 58 31 6 112 81 31 21 83 100 106 86 80 50 89 55 36 47 9
    90 3 96 30 65 96 30 19 123 14 15 26 62 29 82 116 15 123 88 73 77 21
    10 8 4 42 84 84 20 18 82 77 35 118 97 103 125 81 71 31 80 64 32 120
    102 104 39 78 82 3 50 96 66 99 106 119 109 44 71 90 103 6 76 88 28
    95 91 66 0 91 126 125 34 82 71 10 79 123 73 64 97 82 18 89 100 121
    123 99 0 10 14 85 117 40 20 54 26 2 102 44 74 95 62 20 53 44 67 8 49
    86 9 76 73 16 119 28 44 57 43 93 110 36 108 71 94 30 17 80 3 24 74
    14 57 6 70 37 97 77 88 119 38 57 95 123 10 42 25 79 56 106 87 9 6 96
    123 13 103 67 78 88 82 41 93 112 13 48 19 9 15 118 126 30 99 112 53
    51 45 114 81 37 52 81 72 45 113 57 82 56 101 59 91 28 112 72 34 62
    118 7 106 30 66 5 81 19 42 121 115 32 74 113 69 77 89 114 106 102 7
    29 9 31 127 127 62 8 85 32 74 40 25 10 107 19 87 42 111 53 95 26 22
    8 103 94 97 18 36 111 4 28 14 32 91 76 68 98 23 121 81 127 81 26 118
    110 70 82 102 64 89 94 117 44 72 99 66 27 104 106 81 27 81 20 14 110
    43 19 34 109 104 123 98 8 94 64 30 110 57 10 118 107 33 3 96 127 80
    92 123 95 17 79 10 67 18 111 60 106 119 7 115 93 84 37 52 89 25 5
    122 97 23 117 105 4 101 107 23 34 90 29 17 51 56 106 7 67 19 13 92
    54 24 117 116 71 110 42 19 21 14 107 90 84 88 52 35 18 86 42 15 75
    113 33 51 30 100 103 7 33 49 57 92 58 95 95 32 111 49 93 31 76 20 24
    72 62 91 22 3 25 14 33 42 18 91 52 65 121 24 13 4 97 61 41 91 119 62
    88 106 34 120 74 76 100 72 87 47 37 57 35 66 3 4 78 107 110 34 25 47
    5 4 113 54 75 103 0 11 4 28 50 94 24 120 71 48 44 36 29 98 42 112 19
    113 125 74 74 56 19 75 117 26 73 125 124 121 51 4 64 37 1 67 32 79
    23 90 6 43 97 115 30 17 102 84 29 73 123 119 1 15 104 13 16 43 26 93
    117 3 78 7 59 78 44 81 73 62 22 66 40 0 67 60 67 126 28 4 99 76 16
    57 27 49 40 115 122 25 88 32 122 113 24 59 91 72 85 0 15 121 53 4 25
    87 108 97 96 55 71 18 76 121 71 64 54 37 37 104 99 25 120 92 47 94
    42 55 63 30 6 106 20 60 116 103 108 94 3 63 44 40 17 59 55 15 32 49
    35 28 115 21 55 44 60 96 58 113 73 119 66 122 118 80 79 73 116 29
    116 74 124 0 71 7 93 97 45 73 26 43 122 126 7 40 26 99 52 16 91 25
    22 30 56 113 70 50 10 70 80 65 46 24 11 50 44 48 39 82 87 10 54 45
    48 49 124 105 48 57 43 26 6 59 31 7 1 119 102 74 45 63 76 81 65 95
    66 67 26 7 99 4 88 109 105 72 94 82 85 119 51 84 91 100 33 87 98 81
    40 125 121 4 94 23 4 5 67 102 125 110 1 61 122 6 50 33 115 17 81 71
    103 86 108 44 78 51 71 37 106 63 24 42 106 90 84 117 5 20 93 35 60
    29 16 60 6 23 31 59 19 79 83 10 23 104 40 81 124 57 1 64 55 15 122
    18 24 10 115 7 42 32 107 107 110 23 80 116 54 33 9 61 9 72 24 115
    100 114 89 61 81 37 120 41 16 109 45 37 8 73 63 54 89 68 56 122 122
    115 35 121 64 35 58 48 21 120 86 81 16 65 96 45 52 34 59 85 127 17 8
    0 108 80 47 25 75 110 96 83 108 51 104 109 18 12 52 75 48 78 6 127
    117 40 61 35 83 3 52 37 113 5 61 63 33 36 13 41 61 67 14 124 86 110
    51 118 28 27 91 66 122 123 63 49 27 54 80 29 117 64 39 119 62 95 91
    70 27 58 52 14 56 69 93 121 88 47 77 120 51 101 44 26 9 111 106 71
    67 28 82 69 38 123 5 74 53 87 28 59 40 43 85 122 100 117 4 33 78 47
    125 98 81 33 97 27 29 31 112 126 53 106 26 94 9 45 67 11 69 34 52 56
    105 52 76 41 96 23 76 63 14 55 98 37 53 20 34 107 5 53 34 114 27 66
    70 23 127 34 119 65 30 28 36 15 15 32 66 74 67 104 91 42 3 59 4 7 33
    125 81 54 7 24 1 30 52 55 91 127 97 96 73 88 45 81 52 80 119 55 118
    18 82 104 64 40 49 18 21 86 5 6 42 114 32 56 122 120 24 61 52 105 85
    56 52 46 67 11 99 77 60 1 55 4 94 125 34 122 41 71 94 37 75 123 89
    29 61 61 48 54 5 66 92 94 45 119 10 92 67 25 52 26 97 79 12 36 56 18
    117 74 70 9 124 59 32 68 92 42 69 108 6 10 31 27 0 84 47 110 124 62
    71 20 85 83 107 63 59 47 54 63 77 35 7 31 45 77 100 84 9 86 58 102
    116 30 112 16 101 92 86 70 23 122 98 79 21 15 9 67 11 68 90 48 5 101
    14 42 94 25 96 75 47 0 28 69 15 67 32 5 18 77 25 74 55 49 3 59 103
    99 89 82 77 107 1 69 95 74 40 47 103 108 60 6 114 23 124 109 96 16 9
    48 123 23 50 41 73 68 95 30 14 68 61 6 5 21 109 125 80 120 76 77 123
    89 84 49 70 108 82 90 21 13 122 94 61 116 17 81 91 19 94 117 82 114
    97 7 80 0 48 29 55 100 45 28 42 107 15 85 76 18 89 33 33 77 15 78 87
    3 7 61 107 63 121 31 115 20 102 79 72 83 88 85 71 65 96 64 11 1 89
    100 67 0 53 35 8 29 116 62 108 110 12 127 21 62 42 27 29 8 7 5 96 82
    22 109 100 103 113 5 57 43 28 105 104 34 62 92 8 96 69 112 62 97 122
    72 72 26 86 97 72 96 62 104 63 81 24 34 24 102 118 94 35 101 70 81
    65 52 65 50 118 31 17 2 88 116 32 41 63 77 30 93 44 2 40 99 90 85 85
    124 6 73 113 13 56 118 7 105 85 43 38 52 30 109 49 89 101 101 71 7
    115 47 42 40 78 28 124 44 15 22 34 9 62 105 48 47 109 47 85 66 51 55
    110 31 61 115 7 73 72 87 47 32 92 96 113 51 110 76 7 81 114 24 76 13
    40 94 45 54 84 121 12 80 67 68 66 17 86 40 62 124 30 0 68 4 106 49
    13 7 36 95 10 93 60 47 22 26 60 71 81 9 122 61 106 63 51 60 120 111
    107 81 1 80 54 40 45 22 16 38 44 87 69 110 20 18 91 41 16 108 24 56
    58 4 123 52 74 87 114 93 49 100 41 9 96 70 64 46 93 11 93 50 37 28
    73 53 117 4 102 33 18 35 126 6 58 19 124 95 125 77 117 36 1 102 11
    125 52 10 53 86 84 31 15 66 72 64 21 88 39 50 68 27 77 70 100 55 63
    41 81 67 126 39 36 4 103 65 29 96 25 16 122 26 106 70 43 27 87 89 79
    23 107 123 62 73 19 115 23 41 58 88 107 78 28 22 15 79 118 70 56 123
    42 101 116 40 25 93 43 68 71 75 106 9 84 22 115 6 7 95 68 119 89 52
    60 23 33 109 120 94 1 112 97 127 67 35 71 40 99 111 67 115 58 2 34
    18 13 7 106 40 14 111 70 118 27 121 85 108 108 80 126 49 124 8 47 82
    82 53 66 122 111 98 52 65 76 127 28 52 18 66 125 18 78 14 26 46 4 42
    94 39 63 93 79 119 13 127 8 26 3 107 92 34 19 85 21 104 114 58 113
    31 53 28 31 60 106 50 36 78 19 28 72 95 56 91 31 61 47 79 96 100 50
    122 10 6 47 72 127 76 29 41 6 93 71 50 35 41 78 61 27 59 6 124 9 70
    50 98 63 114 13 101 80 5 15 38 53 49 82 1 85 4 44 111 58 125 28 126
    30 30 81 48 106 72 34 99 25 90 77 3 10 110 43 5 83 56 6 72 57 70 114
    6 102 118 30 106 114 122 80 107 106 120 21 124 102 91 60 5 31 96 110
    115 85 89 2 52 94 90 3 102 9 10 87 103 43 97 107 69 82 11 97 78 26
    94 47 69 84 83 69 37 99 120 2 9 64 0 41 50 14 47 80 23 105 101 33 17
    12 1 120 93 63 102 41 56 1 14 105 65 51 22 103 116 106 101 105 85 40
    32 82 95 110 44 33 25 60 65 28 89 106 73 23 42 73 2 29 94 42 109 77
    12 61 54 115 86 42 25 56 7 120 62 23 52 91 26 21 45 118 84 12 63 76
    59 6 124 55 67 4 54 32 85 22 9 85 106 93 64 77 31 81 80 27 69 112 40
    102 34 90 76 6 99 113 102 122 58 89 78 59 49 40 45 108 101 54 92 70
    93 104 9 58 94 71 88 114 10 31 117 120 51 63 62 15 30 45 13 54 75 21
    78 14 70 1 89 122 29 0 54 19 113 9 11 57 113 71 50 1 6 115 105 24 21
    114 111 44 64 72 6 46 116 87 39 96 54 15 42 56 91 19 46 98 16 57 37
    123 87 10 79 76 27 21 111 8 43 60 86 12 59 95 10 6 104 66 101 2 49
    91 22 99 72 87 50 15 126 40 92 124 17 41 83 103 124 96 27 20 94 127
    69 71 91 37 58 82 62 27 63 7 12 91 44 105 100 118 62 31 82 80 4 109
    13 106 80 65 64 119 18 115 107 119 108 58 68 108 91 107 116 50 2 111
    36 76 91 94 74 52 41 57 118 68 38 17 10 23 70 37 101 67 98 46 64 114
    20 2 107 26 12 21 83 110 91 70 118 14 99 94 98 86 108 120 13 104 105
    85 17 93 11 18 14 122 40 33 78 118 85 31 69 84 113 69 25 57 51 89 95
    19 50 79 41 101 119 74 38 14 95 85 122 117 59 44 100 2 70 117 21 4 0
    27 15 118 69 123 43 66 112 51 39 84 57 7 125 45 16 63 80 35 34 59
    104 103 112 114 67 78 35 42 91 100 108 1 94 118 34 78 112 34 67 70
    23 54 24 77 68 13 37 60 92 13 50 24 85 98 21 113 117 103 20 31 120
    46 98 87 44 5 71 75 48 120 86 39 51 3 75 4 12 92 20 91 2 69 30 54 4
    117 127 49 97 87 54 75 78 90 31 106 75 35 103 83 52 57 42 95 100 31
    72 29 36 90 89 3 22 47 27 17 78 14 65 106 69 108 14 75 125 12 15 104
    18 51 23 4 99 77 48 39 35 2 118 77 21 116 90 95 20 72 49 105 98 73
    47 36 127 62 126 69 85 5 67 54 127 53 120 117 28 21 120 75 19 100
    121 66 109 70 82 13 112 35 92 4 55 4 100 20 14 23 109 125 65 61 106
    23 99 113 27 55 59 15 43 74 52 36 12 91 56 76 8 30 21 114 16 96 127
    45 14 92 1 55 11 44 60 70 10 5 111 110 90 90 92 34 22 109 26 6 23 94
    116 117 65 79 53 99 22 89 65 22 67 51 81 101 79 12 44 115 109 71 48
    48 101 66 55 127 124 40 7 54 44 48 81 36 63 104 91 82 118 48 28 21
    20 116 67 125 38 105 108 49 30 43 106 41 8 93 61 5 65 11 82 93 120
    118 79 65 99 85 71 92 66 102 51 45 46 43 30 101 27 119 57 30 27 0 47
    102 120 111 33 19 101 78 94 12 44 65 31 122 67 120 63 22 103 112 1
    93 65 60 40 13 22 60 97 11 7 56 104 8 29 10 45 99 1 121 17 105 0 30
    1 125 98 115 85 57 58 66 103 24 115 29 0 28 50 87 9 2 84 73 10 54 8
    11 26 91 22 0 91 30 84 122 120 10 1 111 30 24 67 61 90 86 26 117 105
    120 40 14 6 87 60 31 83 32 87 82 123 12 30 99 106 88 34 62 74 52 61
    62 89 113 70 58 24 95 37 127 77 74 34 75 9 20 39 91 114 18 94 81 20
    9 98 20 30 43 75 78 31 0 25 46 102 101 100 111 19 15 38 111 97 72 57
    106 99 104 6 46 77 41 52 28 86 76 51 49 35 114 41 115 127 21 102 80
    69 30 58 101 112 79 30 88 74 118 64 25 28 60 13 63 40 50 113 52 115
    19 36 117 86 92 22 107 101 86 8 111 85 78 15 14 6 0 122 7 10 114 3 6
    116 93 36 120 47 8 16 40 126 24 88 68 75 34 74 44 107 73 3 61 77 57
    113 57 43 74 55 38 107 33 119 77 13 104 73 58 39 51 30 77 34 118 97
    100 39 84 122 54 106 81 98 79 10 79 111 94 70 92 17 2 13 54 124 126
    75 69 22 20 28 124 122 103 26 108 119 66 104 19 109 76 54 114 29 14
    78 116 110 118 6 109 126 52 21 13 25 45 14 108 60 105 43 100 37 27
    18 80 121 103 18 4 117 51 40 72 32 105 81 95 109 124 82 12 89 72 57
    34 53 48 22 69 79 116 62 84 79 127 123 14 15 48 82 52 64 52 36 58 6
    93 27 84 70 34 55 102 28 67 104 55 54 76 55 35 51 26 88 41 15 64 23
    72 33 100 118 66 117 11 101 116 10 88 80 46 21 90 86 122 109 30 106
    88 32 127 47 37 8 14 82 16 11 19 127 3 41 58 46 79 90 61 116 40 16
    109 4 113 35 101 86 108 118 111 86 11 104 52 106 82 79 75 1 0 17 104
    4 97 117 27 113 95 33 74 8 113 92 45 74 95 82 16 7 114 17 110 89 32
    85 42 39 35 21 40 48 103 17 85 40 48 99 21 56 69 90 79 42 113 34 123
    29 116 4 120 22 113 107 44 18 70 90 20 56 26 115 96 123 121 72 66 41
    83 73 40 69 112 57 47 49 53 104 5 98 121 122 63 24 110 26 98 10 14
    19 90 86 28 101 20 36 83 65 88 116 121 120 82 28 89 74 105 83 33 90
    55 25 3 33 37 92 5 34 9 67 27 57 57 56 99 66 37 106 6 115 89 80 105
    94 2 60 33 92 13 41 63 90 67 63 94 127 92 32 119 88 90 96 113 25 31
    49 59 15 76 15 82 4 36 72 61 12 110 27 115 78 0 2 16 38 17 31 117
    124 117 87 47 32 121 66 121 57 96 11 65 41 11 19 104 68 112 106 72
    29 56 91 22 112 64 64 1 122 105 80 9 83 39 76 74 112 87 85 24 117 28
    24 14 82 65 39 108 41 83 122 69 3 23 8 30 91 104 1 66 118 60 13 20
    72 83 109 88 102 98 40 63 102 19 0 36 83 41 48 16 23 47 56 41 48 24
    21 101 119 122 67 88 14 105 122 120 113 116 71 24 8 43 44 127 101 35
    20 81 0 84 35 3 83 46 24 64 12 31 42 121 51 34 66 12 6 51 45 40 48
    11 10 28 38 97 48 52 64 38 0 19 53 8 45 26 40 93 56 0 103 86 112 20
    57 98 14 110 45 22 0 81 12 37 5 88 116 108 88 21 63 22 34 63 89 78
    81 97 4 71 70 27 56 96 52 41 38 96 47 55 39 23 41 55 46 66 124 87 47
    13 24 84 123 59 34 86 58 89 122 4 63 105 71 26 107 59 82 28 23 57 78
    106 85 108 66 9 32 53 53 69 65 69 26 100 17 37 102 93 35 102 70 112
    44 77 69 78 14 58 18 7 83 87 52 74 80 108 79 97 106 59 39 37 103 11
    76 26 61 46 19 69 82 74 117 80 35 30 29 48 50 15 9 70 31 49 99 106
    98 57 64 56 73 47 125 53 88 6 76 19 118 28 19 89 14 45 56 19 100 58
    113 123 1 70 109 13 59 23 32 63 81 100 76 3 83 72 58 45 124 62 99 55
    100 64 64 4 102 7 64 40 40 90 104 73 43 120 86 1 57 24 79 31 108 22
    77 48 98 5 81 21 54 113 83 24 3 18 0 121 60 61 125 78 27 37 94 75 61
    70 68 112 44 105 67 65 32 62 32 9 127 117 17 88 28 50 62 98 31 83
    103 79 63 117 65 11 35 101 6 108 106 47 99 12 45 105 13 82 53 69 74
    28 37 52 24 31 56 3 119 119 44 115 10 43 120 17 63 32 1 16 33 15 76
    101 32 22 22 27 80 0 11 36 79 95 78 115 11 18 38 65 122 60 24 78 8
    95 41 112 106 108 44 81 120 51 4 91 99 90 108 104 43 11 80 48 31 4
    125 122 61 117 16 93 62 108 102 27 95 81 11 96 14 17 9 111 126 120
    58 73 66 99 47 23 12 99 83 49 15 73 45 104 86 124 88 99 22 126 15 58
    88 19 112 71 120 40 86 19 118 91 83 63 36 35 15 77 87 85 116 82 26
    58 96 104 51 112 26 72 123 93 1 16 104 101 58 99 66 120 83 15 101 47
    9 106 29 98 3 68 11 9 86 55 28 63 59 99 11 84 69 44 59 32 37 115 8
    47 98 77 92 21 75 115 24 2 50 4 82 39 47 10 124 8 109 118 76 29 28
    43 82 124 125 8 78 118 118 13 43 37 115 62 119 72 126 82 43 13 113
    27 54 58 104 77 106 116 0 73 114 77 98 121 49 34 89 93 100 46 122 44
    106 63 116 30 97 9 103 23 29 13 68 120 60 88 70 61 115 8 98 101 46
    62 82 72 121 124 53 1 93 97 84 49 38 126 3 85 120 48 24 55 41 109 72
    2 10 3 43 101 10 86 3 8 20 40 78 38 42 5 112 28 1 42 17 95 105 50 57
    68 80 116 18 96 111 122 48 120 15 45 84 116 36 122 24 89 108 56 0 4
    91 89 74 28 2 7 105 36 99 74 19 33 100 20 95 58 4 15 25 45 96 55 22
    15 10 105 67 123 8 90 89 49 46 60 106 87 30 33 111 91 11 118 126 59
    105 73 114 77 78 7 126 55 69 13 97 97 20 91 9 117 77 104 117 15 40
    55 47 4 28 94 39 123 99 72 19 122 16 21 86 10 108 60 110 88 5 101
    102 76 54 62 49 76 95 31 50 64 101 86 118 111 56 51 68 42 119 55 41
    27 3 53 90 72 36 16 58 69 42 44 35 68 94 12 16 66 30 122 111 71 87
    102 2 68 69 87 11 119 106 102 81 110 40 39 38 115 74 76 34 51 117
    104 4 74 102 8 14 83 102 94 44 89 102 111 14 37 7 124 56 74 57 99
    120 93 30 5 74 113 48 14 101 57 101 22 108 94 118 92 0 17 38 38 0
    104 89 63 74 7 98 110 89 4 102 114 15 7 73 69 92 12 86 89 7 23 38 82
    120 22 63 57 38 6 88 62 35 11 79 50 59 42 119 111 51 30 70 45 95 39
    101 119 10 11 35 76 30 12 5 20 73 50 107 99 97 38 4 57 46 75 27 109
    47 16 17 52 25 117 111 65 86 124 26 55 88 102 56 14 62 11 53 80 20
    65 28 53 97 1 126 99 122 72 37 59 22 60 51 119 115 107 29 71 109 86
    78 74 103 63 65 89 124 105 20 100 17 56 117 85 20 82 3 7 87 117 69
    113 118 95 113 37 87 100 16 92 22 125 119 46 101 49 55 120 1 68 93
    86 119 76 121 111 49 90 89 103 77 98 34 42 96 117 43 76 94 116 68
    115 6 97 93 22 105 41 11 24 58 56 127 118 68 54 27 13 67 5 98 91 39
    15 98 7 53 67 25 53 106 22 91 102 52 83 31 110 94 115 42 125 104 70
    82 96 8 99 10 79 45 49 51 24 6 25 111 14 118 20 76 100 103 84 66 11
    0 93 40 33 110 50 39 122 89 40 15 35 56 59 62 124 68 44 110 45 4 16
    40 85 11 66 77 0 100 109 46 113 86 42 33 40 16 32 103 46 6 83 99 56
    37 38 21 9 89 76 125 45 119 62 34 120 47 77 58 16 98 79 6 118 86 123
    81 76 74 10 49 108 20 8 66 96 76 84 10 22 127 82 94 105 4 26 88 53
    94 39 88 116 50 41 88 55 126 120 32 115 21 56 47 45 101 102 10 109 1
    48 126 26 119 91 48 88 16 98 65 63 22 0 16 108 61 36 23 27 50 67 61
    36 13 55 34 79 52 49 23 22 102 74 41 61 99 74 104 15 72 7 35 97 55
    74 115 114 24 76 33 73 28 117 67 87 34 22 8 84 37 47 51 109 127 70
    83 82 121 2 91 91 15 68 58 99 62 112 4 59 102 123 16 76 123 127 4 13
    113 90 56 102 91 108 24 21 71 115 92 122 106 87 30 72 25 104 109 8
    35 125 84 16 1 1 49 97 50 31 3 57 103 51 62 33 104 72 18 51 88 36 8
    67 91 5 95 67 52 20 77 23 48 88 73 31 15 32 5 14 81 12 119 94 4 63
    40 30 59 91 53 27 109 7 69 29 34 48 25 47 35 71 12 80 55 124 66 119
    18 12 33 88 87 127 55 53 78 121 121 29 35 93 43 20 0 116 4 0 101 40
    19 94 34 69 94 12 55 102 89 12 55 34 13 9 119 123 18 79 58 32 35 108
    3 44 78 107 112 42 45 17 72 123 28 29 98 124 69 79 62 95 69 33 97 72
    89 18 50 25 56 40 91 49 90 70 112 104 6 75 107 80 31 55 66 106 100
    126 3 40 58 71 0 30 95 78 61 34 99 4 99 75 64 1 65 86 72 99 101 75 8
    59 87 37 34 123 112 66 31 85 23 43 6 104 7 34 109 72 122 27 87 103
    110 54 101 115 6 67 68 4 58 96 23 2 124 49 87 29 28 18 71 81 9 22 64
    13 43 35 92 92 105 94 33 25 19 107 55 53 89 106 107 120 111 33 116
    86 24 108 41 2 17 63 123 21 10 102 82 81 115 99 70 13 67 118 11 13
    103 1 16 55 70 89 88 36 81 50 24 19 120 22 107 105 24 70 57 3 10 51
    71 72 36 91 108 62 8 49 58 12 31 65 93 59 20 10 76 1 127 0 45 92 62
    63 41 123 62 90 54 60 1 38 85 28 89 64 73 72 7 11 28 85 75 31 42 117
    39 72 88 13 58 92 62 68 14 14 112 56 90 22 16 127 47 103 119 54 78
    18 122 104 72 37 88 16 1 109 105 61 80 66 126 2 114 19 34 21 60 125
    35 93 113 45 101 48 28 103 44 60 19 40 10 49 86 83 107 86 44 53 121
    53 25 18 111 49 37 59 41 99 34 76 88 53 67 76 15 117 98 80 115 10 98
    83 62 96 117 70 60 125 25 85 53 64 4 100 22 68 15 9 126 49 6 11 119
    126 77 72 2 49 31 14 62 43 125 51 37 93 21 99 101 70 54 101 97 6 77
    50 80 2 0 99 14 103 120 34 78 71 28 54 11 63 78 1 55 35 75 79 124
    118 127 77 118 83 2 8 113 97 47 14 66 89 24 96 80 16 37 69 117 75
    110 10 114 9 113 61 109 7 106 15 44 73 108 116 28 21 109 25 48 24 12
    61 35 40 112 78 54 11 56 42 65 0 98 103 92 54 42 66 39 19 98 27 72
    28 54 15 52 62 4 117 34 112 26 65 3 30 115 15 12 18 48 122 122 94
    106 120 89 54 106 19 22 52 114 94 41 67 14 96 79 124 57 16 118 47 13
    12 76 126 64 33 12 57 109 29 15 75 92 127 106 117 14 30 41 83 48 7
    90 46 123 26 18 3 124 125 0 74 118 121 92 107 62 127 52 67 52 112
    114 3 84 121 89 83 25 113 31 58 67 108 39 29 3 122 71 88 30 3 28 35
    84 41 28 44 99 106 77 74 107 86 109 25 60 69 15 123 78 36 124 29 41
    125 29 113 91 1 14 16 84 8 121 17 61 95 97 29 49 57 105 57 84 28 20
    51 71 62 26 7 13 1 34 112 92 91 83 31 50 44 73 80 106 100 116 48 83
    79 127 59 105 36 52 88 112 73 125 85 109 91 54 5 28 95 48 36 19 52
    115 125 27 6 59 34 48 121 36 108 16 42 29 100 83 118 103 18 98 67 78
    39 64 34 53 18 94 31 48 86 125 64 108 79 122 2 33 66 77 116 124 72
    106 72 102 114 48 38 124 74 122 45 46 97 79 80 87 34 54 120 37 69 46
    47 65 8 90 64 123 23 35 34 91 89 112 53 88 119 67 34 32 100 113 96
    58 87 22 48 22 18 24 46 41 21 27 60 1 102 12 29 20 121 123 112 57
    125 15 63 58 2 31 111 122 71 44 115 56 38 39 9 57 98 25 100 9 15 97
    43 48 66 4 58 114 60 113 121 18 34 65 67 109 42 107 79 38 97 117 40
    124 25 51 30 0 100 106 30 32 8 79 95 51 120 62 25 6 97 1 122 81 101
    62 107 4 38 42 80 85 45 6 99 36 79 114 64 75 49 25 37 0 114 82 11 28
    39 68 10 101 43 90 99 96 114 80 33 11 62 41 16 25 1 75 65 119 42 50
    81 68 83 78 95 91 97 105 84 11 29 66 43 3 5 14 6 112 66 89 27 51 29
    30 39 11 72 42 95 116 17 84 63 62 103 47 81 33 30 114 59 18 22 118
    86 29 69 89 36 61 14 127 123 90 32 58 49 95 113 5 87 57 125 126 108
    48 111 103 5 0 31 48 47 25 18 105 54 23 50 58 109 119 79 98 49 61 12
    75 105 123 36 18 31 125 63 49 72 103 59 11 83 15 61 72 121 92 110 72
    57 17 98 71 52 102 19 63 19 68 82 121 67 56 125 116 117 40 105 98 75
    76 84 19 102 6 80 86 62 38 41 29 2 122 86 95 58 63 85 116 113 99 2
    80 70 116 48 36 109 93 89 6 5 5 42 58 125 24 75 114 100 3 14 94 5
    127 122 92 77 66 87 113 123 115 99 63 119 45 106 21 50 122 46 109 10
    120 117 111 110 34 15 66 106 104 61 9 121 109 57 90 18 10 112 105 75
    88 103 5 40 26 25 71 63 36 127 76 125 106 68 50 47 56 77 57 25 52 10
    43 69 82 68 25 37 12 53 91 91 53 96 1 41 68 113 53 27 17 108 52 67
    63 110 100 16 18 73 90 102 65 79 78 54 69 56 26 118 18 76 105 43 18
    105 78 88 104 115 107 12 112 59 50 56 62 105 15 2 108 69 10 60 116
    15 0 46 60 25 96 103 69 80 2 55 122 39 14 90 1 67 79 22 32 58 107 31
    109 34 77 22 83 120 57 95 52 11 89 61 51 72 115 82 3 53 72 86 2 115
    127 15 21 25 79 21 25 30 77 26 125 117 77 96 4 121 12 37 24 68 41 1
    105 4 26 121 126 93 125 58 37 99 31 126 85 105 0 9 25 117 69 93 27
    16 5 64 80 38 91 64 16 126 65 112 72 47 116 27 46 64 6 3 39 115 34
    50 62 47 9 23 126 78 87 38 47 50 56 59 99 89 11 105 11 52 31 108 16
    71 111 93 99 67 62 66 94 91 39 39 21 68 62 62 74 22 107 115 95 52 95
    84 79 26 75 41 4 47 94 0 75 124 95 10 81 103 109 47 18 110 56 24 16
    2 98 24 127 110 17 42 89 59 34 6 99 43 42 22 41 91 92 67 27 115 17
    22 89 53 37 94 7 53 48 32 59 116 3 24 53 88 113 85 111 55 99 6 13 45
    47 111 57 47 122 102 127 80 0 0 114 48 105 7 35 73 29 37 46 84 11 81
    51 35 83 40 78 36 55 112 7 110 75 119 105 53 14 83 62 31 9 47 121 43
    106 14 107 126 10 87 0 116 108 99 58 113 36 97 112 59 60 30 62 43 58
    116 11 55 99 118 22 9 24 84 6 70 48 69 28 42 52 13 47 96 0 16 20 110
    52 1 67 18 95 121 82 13 65 60 17 48 45 44 105 21 28 103 0 36 14 16
    65 117 22 6 64 22 32 33 75 52 80 79 51 12 69 22 101 86 1 118 4 9 64
    30 113 102 108 45 65 103 35 47 89 9 88 26 37 101 88 106 14 99 83 45
    31 95 35 19 11 81 60 10 53 30 22 98 98 36 3 51 0 58 17 43 19 12 19 1
    116 44 17 73 39 35 65 108 17 47 23 37 82 118 113 5 13 75 118 119 77
    107 117 76 43 88 54 38 60 111 22 84 10 36 60 81 4 112 70 78 81 125
    115 12 126 122 2 23 93 26 58 65 124 60 92 6 61 19 21 122 63 70 40 27
    81 97 78 15 80 2 41 68 105 96 57 124 31 76 72 17 28 32 45 44 114 25
    38 96 61 60 56 96 81 121 94 119 58 16 42 3 108 117 13 7 54 7 71 90
    52 15 50 77 11 89 50 11 46 41 69 102 117 22 123 26 13 41 75 54 31 59
    81 46 81 95 35 85 43 8 101 55 42 125 94 53 94 111 123 32 116 33 107
    90 1 124 1 126 107 20 16 84 35 38 94 118 60 108 64 73 115 67 7 120
    10 44 106 29 66 121 54 85 109 5 69 73 30 114 22 27 95 18 35 78 113 8
    27 69 23 11 6 0 41 69 96 60 83 107 30 83 79 49 74 15 101 43 48 106
    16 10 84 91 30 59 58 36 65 11 17 105 89 25 87 104 5 16 49 115 95 24
    83 72 17 15 97 31 11 100 66 8 91 17 103 105 50 90 37 38 62 32 40 20
    65 15 109 31 23 75 10 6 127 16 47 21 19 57 89 85 36 29 24 127 95 114
    113 42 61 40 69 48 10 73 63 106 62 75 125 41 0 53 108 64 24 89 39
    102 39 92 49 115 92 106 6 11 17 24 112 123 88 17 17 81 109 47 8 98
    82 110 57 63 59 102 70 31 75 80 110 27 96 21 37 73 1 116 61 44 45 43
    70 22 124 15 106 105 68 98 12 67 11 50 66 126 79 37 119 93 53 23 21
    108 99 28 39 105 91 72 82 59 51 62 43 124 73 18 3 34 74 70 48 53 60
    24 16 125 18 59 5 11 57 37 97 25 82 102 104 49 83 108 66 87 121 79
    84 10 106 7 12 30 18 35 108 101 41 17 13 77 63 51 50 96 28 26 5 76
    115 121 24 92 42 81 62 70 37 67 68 118 23 104 43 71 45 4 126 63 34
    15 110 59 33 47 68 110 52 16 32 120 32 25 62 95 79 41 1 95 19 25 113
    56 127 25 108 23 61 65 14 66 112 77 48 121 85 82 15 58 83 52 123 62
    60 92 75 72 43 79 23 3 12 32 59 61 61 111 125 25 120 0 1 11 0 19 75
    21 22 30 19 17 0 96 22 9 21 0 64 82 83 18 57 45 5 92 37 67 78 31 29
    59 97 101 49 74 125 36 39 114 21 43 121 111 119 124 65 23 84 98 73
    98 25 52 61 93 81 33 5 106 100 124 111 42 39 101 14 73 98 60 13 61
    37 1 37 52 4 28 83 103 98 56 111 64 97 55 39 96 104 54 31 17 44 33
    29 111 90 69 107 43 36 17 54 124 124 20 80 1 84 20 35 36 93 95 81 9
    16 32 51 94 117 97 127 14 77 21 115 48 0 21 62 73 56 4 88 89 83 57
    97 73 45 53 8 86 81 43 107 26 125 123 29 10 109 11 123 0 15 97 44 44
    82 58 13 1 15 12 73 115 12 117 54 70 107 37 36 98 120 72 110 31 114
    59 40 81 117 6 29 27 25 68 113 38 16 122 79 99 14 9 88 31 20 123 99
    65 116 18 77 78 10 41 75 43 57 92 4 42 13 123 121 21 82 35 102 91 83
    109 121 21 21 37 101 15 109 54 109 118 88 51 63 13 13 127 31 103 110
    53 57 58 7 99 77 77 68 23 37 127 47 3 123 1 77 51 102 108 117 2 87
    124 12 80 62 93 98 9 10 10 127 13 97 45 9 12 81 77 90 58 64 13 85 90
    52 100 108 20 95 68 102 72 123 121 80 116 105 32 53 122 28 88 14 16
    85 127 12 35 11 51 61 39 60 41 1 50 54 113 74 83 47 79 124 24 50 52
    38 47 8 126 108 79 32 48 48 50 105 51 3 57 5 106 35 7 10 111 19 69
    64 108 71 18 52 27 57 14 90 4 121 29 58 114 7 104 87 17 4 49 116 29
    117 10 77 77 92 29 101 87 22 4 25 77 49 25 5 119 14 24 21 98 92 68
    51 66 91 74 3 9 30 40 48 37 28 24 54 48 95 65 100 50 44 79 120 55 92
    103 89 80 41 7 19 28 82 90 85 89 48 86 0 18 17 111 31 47 86 96 113
    89 108 35 16 64 93 65 82 12 53 58 81 87 25 88 121 37 36 29 71 81 110
    127 59 93 120 13 47 6 11 121 24 87 120 78 73 118 93 21 0 120 112 26
    91 9 54 72 99 51 112 102 43 60 122 9 2 38 119 52 110 32 10 43 18 11
    53 36 100 10 37 65 104 62 75 113 36 80 4 6 99 31 94 110 105 95 34 89
    99 8 63 17 98 45 87 45 118 83 30 122 95 51 42 92 18 125 3 96 35 63
    32 70 10 94 54 32 27 42 37 0 0 109 66 55 84 25 127 40 31 51 41 58 81
    31 71 125 10 50 11 25 79 63 109 104 125 18 127 57 36 110 67 110 7 47
    88 70 89 44 126 117 64 27 46 72 124 84 42 127 90 23 119 57 75 86 83
    92 69 30 124 17 1 118 21 9 125 44 41 64 53 111 125 125 31 29 47 19
    50 3 13 87 5 44 116 91 89 117 103 87 105 125 30 95 69 53 22 12 48 44
    80 18 118 24 98 86 12 107 68 91 108 15 107 127 49 59 58 42 48 38 73
    97 7 25 8 88 57 67 60 1 7 6 20 64 80 34 63 85 79 56 52 28 120 5 35
    83 27 50 15 30 35 32 13 118 72 38 83 25 89 72 68 121 35 49 73 104 94
    119 94 114 35 116 114 34 28 105 29 88 52 83 28 33 78 44 61 68 64 86
    116 28 54 20 115 72 36 56 82 109 39 42 60 89 11 111 71 8 110 69 26
    120 125 82 71 36 20 119 58 116 68 118 116 45 47 118 104 96 84 126
    105 120 125 82 116 38 29 52 43 44 89 17 70 54 4 53 123 123 53 33 18
    70 37 53 91 113 5 30 121 4 46 94 75 72 103 109 60 16 20 38 77 27 103
    72 103 53 117 40 96 108 110 72 27 104 21 91 61 106 122 98 61 7 52 74
    61 46 36 96 100 49 116 36 127 70 27 115 83 16 107 21 121 72 6 26 45
    37 86 70 52 94 18 24 20 41 93 52 50 106 28 115 10 52 121 23 29 64 68
    5 22 37 50 97 27 2 5 124 57 71 105 9 81 47 19 127 7 30 78 89 31 33
    115 43 97 46 10 116 85 56 88 59 124 124 122 48 18 126 46 99 100 98
    79 33 12 115 66 68 86 124 40 14 69 53 38 15 59 43 109 91 49 118 85
    86 94 72 21 37 104 116 44 23 18 49 1 121 45 79 31 27 7 79 24 6 127
    41 86 25 15 33 102 102 24 119 54 98 50 58 104 9 89 44 31 83 91 73 49
    20 85 86 79 21 36 30 47 4 33 9 33 67 106 34 82 115 104 72 0 79 104
    80 33 5 120 95 62 25 100 46 14 126 125 45 75 33 103 99 89 118 70 106
    67 97 113 81 15 22 50 71 111 123 72 25 51 97 108 49 53 53 53 100 52
    115 77 66 29 23 8 43 41 102 124 115 30 92 101 122 59 106 117 87 123
    41 55 104 69 100 98 21 70 87 45 3 50 105 78 85 127 41 88 79 70 77
    120 66 88 90 17 91 31 70 11 33 111 108 81 27 33 101 39 5 109 91 66
    106 27 73 65 109 20 26 83 44 113 67 4 47 72 7 91 83 100 24 78 46 78
    18 109 106 32 27 113 75 80 19 47 21 13 36 125 100 82 27 101 43 105
    101 85 117 57 66 126 40 49 9 7 3 1 124 121 11 38 109 20 67 69 74 29
    111 58 28 24 97 59 57 125 45 87 18 51 1 102 33 114 21 27 88 118 85
    29 20 112 34 45 5 1 91 71 104 84 19 109 45 84 47 7 123 108 68 127
    107 28 124 80 15 26 54 120 29 27 28 3 101 73 23 82 86 35 0 115 69 83
    12 95 42 97 0 14 62 54 111 116 48 28 72 1 91 108 15 76 32 74 73 117
    66 44 87 25 122 106 123 121 101 20 73 26 41 85 56 106 36 42 91 99 1
    35 15 22 94 94 10 72 84 47 29 86 76 87 122 35 117 18 95 34 48 27 94
    115 64 88 86 111 119 63 114 50 19 56 120 79 40 81 123 47 91 116 59
    18 27 75 20 122 22 42 73 84 14 96 64 5 11 102 87 35 13 12 90 28 56
    10 39 86 83 33 14 119 71 94 4 9 24 83 62 25 86 52 14 31 23 33 65 31
    74 67 30 37 48 16 62 54 3 97 34 108 46 2 105 82 51 34 69 3 116 44
    100 4 39 55 36 10 17 12 62 120 68 113 60 89 66 22 5 66 83 6 21 76 30
    85 12 35 54 62 16 33 73 108 125 10 57 125 73 104 18 63 85 94 13 114
    121 37 71 61 34 116 92 29 38 100 76 43 75 16 5 83 49 2 36 89 43 123
    81 63 93 59 40 28 78 1 82 80 42 74 104 45 123 69 22 90 20 50 61 101
    57 51 55 78 42 59 124 105 55 102 33 11 43 13 118 75 54 70 74 96 110
    126 87 42 121 120 18 35 32 117 123 92 96 35 2 2 0 125 18 118 18 120
    51 39 7 3 53 48 63 50 22 16 78 111 45 125 58 27 25 127 100 32 44 59
    70 104 64 97 2 56 23 26 104 65 48 100 61 59 68 36 93 122 115 48 42
    37 53 55 37 48 119 16 53 42 61 112 5 49 106 121 65 54 77 82 66 45 64
    12 26 116 20 96 9 121 30 42 89 107 99 3 87 48 82 0 44 97 62 42 11 48
    71 76 66 10 62 119 70 116 62 20 55 106 104 127 34 33 35 123 104 122
    108 69 19 56 101 33 15 118 80 10 57 61 95 63 20 15 110 88 97 20 29
    84 54 4 72 7 50 57 113 122 50 31 104 32 78 100 125 110 64 76 33 0 25
    93 79 62 55 20 103 119 74 122 73 10 58 117 91 94 108 111 121 65 126
    107 54 13 66 103 45 83 55 12 71 107 89 111 50 118 107 36 123 92 6 58
    121 122 57 72 6 64 84 69 42 52 49 84 9 49 87 63 67 58 85 77 76 39
    102 41 31 63 94 59 33 74 89 125 25 40 93 14 97 70 16 119 62 62 76
    119 80 85 99 117 87 43 67 40 57 61 34 39 35 26 67 90 107 10 75 40 19
    81 119 85 9 98 20 25 78 20 3 94 15 60 79 82 126 105 100 87 19 47 92
    48 114 30 112 45 15 15 81 16 97 111 99 18 67 105 38 28 30 29 93 39
    79 62 97 2 35 65 34 105 102 123 116 3 1 23 79 66 26 45 52 82 33 43
    78 32 118 42 100 48 65 55 4 30 13 2 25 64 1 59 16 99 122 78 12 5 108
    36 24 122 108 45 28 51 46 45 85 72 126 6 101 116 62 105 77 49 72 102
    85 68 100 14 33 30 13 100 113 120 15 57 42 21 89 0 85 98 43 96 125
    21 127 74 92 82 108 123 33 86 118 98 0 86 18 16 117 124 117 115 60
    90 79 75 30 84 15 51 97 27 97 69 111 64 100 42 75 86 27 56 25 29 125
    86 56 4 0 119 28 113 77 118 93 103 45 124 63 39 44 49 112 78 119 85
    110 5 20 68 81 127 6 68 99 94 12 60 81 59 76 5 96 2 70 31 56 55 55 7
    4 55 112 106 85 26 87 80 4 115 56 12 52 1 51 75 68 2 72 6 42 65 42
    29 25 22 76 107 104 48 42 56 6 53 85 97 94 94 23 116 92 0 13 109 3
    71 126 30 0 53 1 83 92 24 79 47 121 110 73 17 110 63 90 36 25 32 8
    65 4 122 80 21 22 110 13 58 30 67 4 68 98 55 73 32 108 94 39 2 99 18
    16 76 14 76 44 32 61 78 15 74 59 89 94 105 50 23 3 0 97 64 73 14 34
    2 36 55 118 17 70 107 44 118 124 27 97 18 106 81 8 27 70 75 55 21 82
    25 8 121 67 82 120 29 40 20 16 28 101 80 46 112 101 53 125 56 63 74
    95 40 92 66 13 68 100 27 43 54 105 34 55 123 1 64 2 39 24 84 67 52
    23 25 2 40 44 64 113 34 6 45 46 86 75 35 56 114 22 65 122 83 19 109
    116 26 73 55 17 112 8 109 2 72 68 104 20 98 56 18 101 88 74 26 2 38
    78 17 46 124 97 119 48 79 14 9 90 39 71 5 97 110 114 82 22 11 42 81
    120 54 2 30 122 125 17 34 93 71 80 75 98 119 122 24 45 77 103 7 6 85
    7 56 106 58 114 69 125 63 125 95 68 77 58 74 26 107 126 105 68 102
    88 82 91 18 40 84 61 116 31 22 49 70 77 11 87 85 76 39 123 66 86 102
    40 119 117 60 31 84 97 109 17 6 23 100 30 78 0 103 65 89 38 84 85 11
    96 113 71 81 93 86 91 64 52 2 126 80 101 111 72 37 55 110 2 39 81 49
    62 84 109 95 63 29 36 83 55 94 21 27 37 7 36 112 65 26 11 59 7 117 6
    75 21 72 47 13 111 119 123 119 3 42 78 7 27 35 25 12 30 121 124 90
    94 123 108 23 86 77 5 115 66 89 35 44 30 65 91 96 29 35 15 2 69 116
    59 9 60 107 116 112 42 70 65 45 4 110 95 0 48 73 36 10 21 118 100
    112 18 101 28 101 34 97 106 70 90 51 120 111 86 105 125 31 116 24 9
    21 118 103 6 13 126 82 96 118 68 18 114 123 104 116 89 98 73 40 107
    73 52 2 62 125 122 92 105 67 110 123 86 81 27 112 40 82 18 93 116 24
    47 74 72 73 61 13 28 78 101 127 32 89 50 41 31 15 10 30 93 19 3 29
    19 57 59 77 50 14 82 41 82 99 27 99 67 3 12 27 103 28 83 78 76 102
    74 19 61 75 31 31 65 97 9 0 48 38 70 34 106 43 17 46 68 30 77 39 20
    32 33 13 104 110 109 93 95 17 107 108 67 65 5 122 93 2 17 50 12 1
    125 125 113 60 106 76 61 58 10 25 123 5 86 71 27 8 58 120 66 116 15
    97 7 41 96 74 114 116 41 45 112 85 7 125 123 48 0 11 114 92 22 99 11
    104 121 109 119 54 28 42 77 11 60 35 2 127 49 70 28 64 49 54 125 95
    2 34 47 52 12 92 53 34 5 114 111 67 92 58 126 118 98 37 59 1 97 119
    79 51 41 72 7 54 36 93 14 74 33 122 85 119 101 104 124 10 44 78 111
    52 93 1 97 31 56 121 58 3 51 66 91 112 15 70 10 8 87 21 63 125 26 11
    109 16 124 61 26 11 23 43 64 24 91 108 61 94 29 74 13 38 78 32 84 81
    13 15 45 127 38 96 33 0 91 23 41 94 118 119 45 42 107 30 36 109 24
    46 100 8 4 29 44 56 104 37 99 26 99 0 7 11 109 55 50 16 114 39 55
    112 65 73 48 28 97 100 39 51 66 1 44 127 78 107 62 12 71 121 120 71
    41 4 65 47 17 12 12 50 25 60 91 17 80 97 30 86 40 30 40 65 78 6 17
    15 92 30 81 85 89 47 127 45 46 76 60 117 45 63 120 55 13 108 95 65
    72 42 37 7 99 27 106 13 61 32 12 113 8 23 36 84 112 91 100 23 36 95
    20 57 92 39 83 27 87 1 44 22 98 82 70 76 95 9 85 116 85 34 0 100 39
    51 35 100 82 20 59 119 77 19 24 5 51 27 76 27 50 96 45 66 74 102 91
    90 11 20 127 124 120 120 60 20 61 98 2 44 127 86 83 126 116 3 67 83
    89 52 86 49 89 77 98 92 34 88 31 12 54 99 98 19 27 118 14 48 98 92
    77 68 22 15 42 71 35 65 60 80 98 40 123 68 127 8 122 46 57 3 88 17
    24 97 72 107 36 119 102 5 118 102 42 65 118 111 100 79 81 78 67 37
    100 119 9 88 93 64 73 4 96 18 126 67 73 93 84 31 110 106 31 21 46 92
    118 84 78 18 68 10 84 25 9 115 10 18 67 46 93 126 28 0 35 80 63 26
    39 108 98 116 4 87 9 59 96 109 124 88 1 49 59 13 39 92 77 74 96 108
    18 89 127 82 74 19 40 14 16 93 13 104 35 44 99 1 44 116 122 66 16 43
    51 76 51 21 15 84 25 24 55 7 63 13 89 100 117 43 77 126 63 11 108 54
    27 122 63 6 106 40 58 48 125 77 48 58 87 120 47 109 16 93 86 62 82
    124 91 75 109 1 21 51 89 126 69 94 123 126 48 48 72 93 34 116 11 103
    20 8 74 79 120 40 97 49 62 40 48 80 69 24 103 9 60 72 89 44 121 59 5
    8 34 51 121 97 11 4 67 55 5 44 58 52 125 115 60 104 17 89 68 118 96
    31 50 118 73 125 20 75 80 41 38 123 67 29 114 10 99 89 123 56 83 110
    23 48 93 53 20 82 94 45 41 63 52 2 97 109 12 62 102 71 29 114 79 68
    52 11 78 40 47 26 11 33 2 127 11 8 72 121 58 71 33 8 7 83 91 10 65
    102 25 24 39 124 51 29 72 125 2 48 94 115 22 62 15 122 123 95 23 7
    63 22 25 33 70 66 41 93 16 68 17 14 92 52 24 39 6 113 123 37 46 15
    60 21 44 118 56 81 62 96 111 71 56 11 22 111 41 77 65 92 48 86 53 46
    2 9 98 29 20 115 110 127 1 49 12 27 2 12 99 117 36 60 65 24 37 101
    123 80 86 26 66 7 43 19 71 14 65 59 5 67 64 10 76 12 58 76 50 91 79
    80 117 29 19 127 8 90 115 110 92 69 41 125 14 94 51 39 113 11 55 74
    39 57 103 85 51 81 79 94 82 59 125 13 100 105 27 12 64 63 37 29 39
    71 30 125 10 69 16 54 126 0 83 100 6 6 12 13 38 31 43 82 84 79 114
    58 119 48 127 55 111 62 40 73 14 87 10 38 61 28 25 114 81 110 110 8
    119 49 13 26 43 91 109 109 63 57 123 66 56 70 68 31 3 14 96 4 7 28
    108 105 41 117 56 67 87 26 34 10 122 39 79 107 57 119 11 16 68 20 87
    93 1 126 85 90 50 71 88 34 88 32 53 21 8 78 11 59 30 123 39 109 52
    28 126 111 95 42 26 86 57 92 11 15 88 112 84 15 50 71 43 85 0 109 53
    48 14 75 10 2 17 56 68 116 87 107 34 46 123 54 2 69 82 71 74 120 94
    103 52 40 21 38 3 33 54 117 52 49 40 49 95 34 60 4 74 98 79 20 37
    116 18 21 101 20 12 115 39 115 37 27 72 118 76 75 103 18 66 126 68
    26 93 48 24 78 76 3 35 51 83 23 47 65 86 22 100 79 25 54 62 42 18 98
    2 65 20 37 28 3 39 73 61 13 47 123 125 39 21 67 114 45 38 97 127 41
    125 15 37 107 24 117 66 98 31 70 52 52 40 29 55 23 51 95 59 42 22 49
    52 58 40 98 99 2 122 70 37 88 92 73 13 107 85 0 125 85 23 121 19 80
    47 22 119 43 107 109 23 62 33 26 3 88 20 12 51 115 13 46 20 25 119
    78 51 74 27 120 116 30 11 99 61 108 11 26 109 29 97 59 32 77 65 84
    82 75 81 64 21 70 47 62 50 64 82 88 37 6 42 113 97 102 102 10 2 107
    83 26 50 16 5 53 86 3 28 46 124 11 119 41 115 39 40 26 71 104 118 5
    84 58 28 89 46 0 70 88 15 7 87 18 37 113 11 122 125 51 19 120 60 120
    102 10 57 92 98 88 31 29 26 119 41 29 63 118 118 117 115 96 85 72 86
    103 114 111 124 9 62 78 88 59 46 114 91 113 68 2 74 82 83 97 58 78
    121 120 35 82 85 17 79 104 41 109 124 14 58 65 33 69 58 31 14 44 125
    124 38 34 72 125 119 106 52 123 37 51 122 15 87 59 79 98 2 100 71 8
    26 121 105 86 44 126 96 47 108 9 102 124 33 84 38 113 44 100 109 16
    13 15 16 38 88 94 105 96 4 0 76 83 30 81 65 127 31 55 51 19 75 12 90
    84 1 13 42 123 58 4 60 65 124 79 48 115 114 94 23 66 21 62 99 13 67
    58 73 120 51 118 47 34 75 49 112 72 5 127 9 39 70 41 37 56 108 93 26
    43 18 86 95 84 90 9 65 40 86 61 114 90 77 60 94 74 57 82 36 37 81 70
    119 55 37 42 35 7 51 15 99 27 88 34 56 13 39 84 6 85 90 56 6 107 121
    53 88 71 97 27 6 1 57 0 126 93 43 111 88 67 20 97 79 51 125 126 95
    111 33 3 93 8 55 20 115 122 127 96 39 100 93 98 48 52 91 92 108 110
    113 28 37 108 65 37 7 27 62 119 63 47 86 60 20 23 101 71 32 71 36
    124 104 100 53 76 30 87 4 60 48 26 91 33 47 84 87 98 44 45 55 74 112
    104 117 7 13 57 56 126 22 10 2 118 126 117 28 126 39 31 127 17 116
    51 99 74 122 47 27 45 105 15 75 62 93 100 29 87 115 33 66 126 76 5
    34 70 26 105 9 4 125 72 7 26 25 0 84 21 49 90 91 86 14 29 48 114 84
    31 114 72 18 19 122 127 91 87 0 61 22 68 32 116 71 22 46 6 111 40 77
    101 89 5 67 110 6 70 110 33 17 77 122 9 19 103 4 7 75 102 60 27 103
    78 79 117 42 84 77 106 126 103 41 102 33 50 90 112 121 113 57 41 74
    57 123 18 12 99 76 3 72 71 124 15 36 19 4 29 59 55 16 13 106 109 120
    118 126 81 70 14 2 105 93 39 44 90 106 76 74 121 88 47 124 4 125 4
    34 102 93 59 73 88 98 61 15 124 54 107 48 81 40 90 18 62 101 50 126
    17 109 41 124 40 6 87 45 42 107 83 74 62 26 51 54 33 57 49 4 15 7 46
    116 91 113 123 112 75 39 87 32 85 30 79 93 11 80 58 90 2 29 108 72
    96 65 36 95 26 11 95 58 71 1 119 108 124 13 110 105 38 114 8 86 12
    13 48 106 111 88 30 0 94 62 98 64 124 100 89 29 42 31 123 117 9 37
    68 40 75 74 31 52 40 100 116 58 102 25 47 21 100 38 120 4 113 56 81
    11 25 12 82 95 50 69 48 81 62 81 1 38 68 58 75 45 49 94 11 61 22 93
    12 112 87 19 51 29 46 112 42 14 61 46 78 113 76 36 93 84 8 112 13
    110 60 109 114 117 15 94 101 20 34 22 15 81 26 95 76 45 93 65 100 97
    58 106 88 63 61 114 109 125 15 21 9 89 86 53 3 82 35 6 19 11 97 126
    99 50 83 26 95 14 43 51 0 6 39 3 112 25 119 98 2 100 27 45 36 33 93
    116 32 30 95 94 71 21 25 9 49 109 100 68 10 23 90 52 42 75 87 51 57
    55 48 34 99 127 67 77 21 29 15 47 95 121 68 71 112 115 63 83 101 3
    33 74 107 24 125 68 71 93 43 123 54 62 39 24 125 118 127 90 84 23
    120 44 119 121 67 31 2 34 58 121 14 50 64 85 82 47 99 53 74 124 51
    121 76 120 51 76 20 44 21 50 37 84 98 126 13 84 96 1 63 15 87 48 78
    62 35 15 66 3 12 126 27 61 125 47 65 122 1 119 31 35 20 70 45 117 60
    115 117 83 58 74 97 104 51 66 59 47 15 57 125 118 20 88 68 111 100
    119 59 102 26 79 81 75 10 49 73 114 97 4 110 80 60 51 75 44 126 8 85
    39 79 97 66 93 112 124 4 66 47 69 34 23 41 64 77 119 51 105 91 88 38
    7 76 40 16 109 117 6 7 57 121 121 115 120 107 36 53 94 127 121 80
    127 104 93 19 52 37 39 10 58 89 2 90 52 39 88 73 126 47 52 8 78 118
    91 85 51 13 30 23 70 39 63 46 1 35 30 103 6 25 31 12 113 11 19 50 77
    103 110 125 115 69 65 77 71 99 118 55 6 104 61 65 33 1 57 61 60 64
    45 28 76 69 99 113 91 106 101 58 124 72 21 112 18 48 83 102 2 54 117
    96 102 110 42 59 41 80 126 71 51 89 98 84 21 107 100 26 71 74 117 15
    20 95 48 59 17 103 22 11 55 75 117 84 113 85 20 127 3 51 12 86 46 82
    99 91 79 59 104 23 127 59 72 8 109 81 68 5 96 91 8 123 26 47 23 48
    99 74 32 51 75 20 61 50 88 106 100 105 21 2 66 92 116 65 96 99 51 5
    54 35 90 104 55 116 121 32 116 37 10 127 22 55 10 27 0 67 111 9 124
    98 31 42 109 30 75 73 43 45 100 93 85 29 37 113 14 79 71 103 47 25
    51 46 110 6 74 1 114 92 109 36 24 12 116 22 37 101 21 76 8 57 89 66
    30 100 0 124 44 14 25 37 29 116 41 102 6 99 71 7 72 113 60 114 37
    112 72 75 98 58 102 111 109 48 80 122 68 72 54 111 112 55 28 76 22
    103 14 111 121 109 123 50 108 82 65 123 3 96 71 127 11 8 0 102 18 13
    17 107 19 62 16 81 5 82 85 40 49 35 3 105 47 77 57 102 116 105 28 20
    43 30 44 126 78 111 122 87 16 122 95 50 114 106 87 112 79 54 50 85
    78 95 41 50 45 113 105 122 76 83 76 81 102 31 75 103 102 62 8 32 121
    55 61 54 111 50 1 22 60 34 45 78 79 71 78 122 108 56 126 110 19 53
    111 75 85 15 99 123 124 50 121 4 80 117 34 96 50 11 116 77 23 67 0
    119 123 109 84 82 103 15 82 27 86 28 15 5 89 65 103 68 103 120 30 35
    10 82 60 111 26 78 74 83 12 58 17 35 63 5 14 19 33 30 59 76 81 62 65
    112 22 57 28 50 60 110 23 86 26 62 103 93 101 48 19 17 125 100 1 51
    74 57 105 16 126 122 34 33 70 127 35 106 101 69 119 88 91 11 72 30
    45 54 17 116 48 79 15 64 48 54 72 43 68 13 90 95 79 42 127 7 34 58
    97 120 84 24 24 56 70 14 66 5 15 88 62 0 5 36 68 87 117 2 96 24 44
    22 26 97 94 62 42 15 90 107 48 104 4 73 68 39 0 22 108 45 59 64 5
    121 23 105 74 4 56 13 16 16 41 118 91 127 63 36 33 10 7 61 35 120 73
    7 88 118 59 98 61 83 111 60 97 21 106 94 102 76 21 125 111 20 63 110
    77 38 77 9 23 47 96 71 68 107 88 53 42 88 20 113 116 62 20 96 104 87
    114 93 57 63 89 25 46 112 69 71 126 12 49 56 93 34 21 104 93 15 75
    28 101 1 85 25 22 34 72 86 14 119 44 47 47 79 100 62 14 38 86 114 74
    87 35 110 54 124 88 19 44 98 66 101 80 19 123 78 11 47 41 126 105 60
    34 20 67 76 50 50 87 10 125 95 105 6 70 59 3 66 34 14 126 64 26 94
    100 106 46 85 118 101 30 82 59 71 17 67 125 14 4 122 54 60 20 113
    120 92 52 7 99 76 34 36 68 116 95 26 101 35 42 104 18 18 113 36 42
    126 46 64 96 92 117 124 58 42 48 106 104 23 99 41 58 104 79 39 115
    63 7 14 82 29 116 86 125 91 95 77 106 74 52 90 98 69 60 43 93 57 71
    11 8 77 126 49 19 6 79 43 75 3 55 88 54 8 92 95 40 123 76 77 47 63
    68 81 0 14 69 30 18 68 107 35 120 7 125 79 109 56 120 0 86 118 13
    120 111 40 58 117 105 101 32 7 33 19 45 13 68 95 6 115 124 110 31 10
    9 62 80 105 10 19 126 120 27 26 127 55 36 110 17 18 72 101 15 31 80
    95 83 9 58 100 104 51 107 11 35 68 90 46 124 22 97 16 50 18 15 1 124
    94 38 43 105 79 48 100 74 65 108 50 24 66 88 124 7 93 124 86 78 65
    35 85 12 55 51 29 125 51 109 113 83 8 14 42 14 108 48 43 44 113 3 54
    6 15 82 106 106 57 96 80 86 46 84 55 116 6 29 88 7 93 89 13 19 98 30
    23 5 19 114 15 60 82 123 10 34 91 89 10 28 27 17 126 13 40 65 5 110
    5 46 38 70 45 66 84 19 101 9 32 41 105 3 28 58 54 75 111 114 119 120
    14 13 48 22 57 24 99 4 22 36 73 120 57 33 46 8 10 72 110 126 29 27
    96 41 39 15 45 88 14 2 87 14 36 75 69 74 123 51 62 111 2 70 70 52 34
    33 125 106 39 124 115 118 24 5 103 55 25 93 104 39 9 32 22 107 29 69
    78 121 10 93 72 58 95 41 7 124 88 21 3 89 95 4 4 122 98 16 62 26 20
    119 0 17 17 2 112 36 104 117 5 104 53 86 16 38 9 22 4 62 34 73 110
    69 44 81 24 13 72 13 76 99 124 46 60 49 36 41 85 121 30 83 115 93 30
    3 44 58 63 75 67 71 109 89 91 100 105 41 52 31 60 48 54 96 126 89 2
    37 80 6 2 78 60 86 105 33 36 11 4 97 34 122 90 75 119 119 55 2 56 75
    85 125 114 22 43 66 78 86 69 74 123 46 40 26 3 13 82 117 88 54 9 87
    64 99 35 85 50 27 28 99 59 72 44 86 27 57 102 72 73 30 26 6 5 3 21
    105 78 98 84 118 76 23 57 9 114 47 2 12 69 53 19 41 46 45 76 85 33
    81 30 87 30 121 23 52 15 121 116 28 117 39 23 99 90 119 45 42 107 33
    2 124 28 72 57 58 46 64 22 23 20 80 121 71 1 85 90 45 64 27 26 10 64
    9 74 99 108 11 49 115 80 59 7 20 116 124 114 110 87 2 100 125 48 75
    116 7 100 111 56 93 59 7 30 77 97 48 53 55 33 18 113 105 76 79 67 28
    34 34 63 44 42 102 65 50 94 11 115 109 78 20 66 85 104 33 63 97 44
    69 40 51 93 117 42 108 37 86 11 7 70 104 19 111 1 0 82 125 127 2 69
    123 38 95 21 82 101 101 1 43 35 12 56 83 19 2 51 0 46 121 88 23 113
    46 121 48 60 124 41 111 13 38 65 101 65 95 110 39 23 11 90 53 60 49
    84 17 26 98 112 47 84 92 3 54 88 107 88 124 59 13 86 62 123 25 102
    102 11 15 102 114 124 72 111 47 124 31 1 110 127 13 92 118 112 36 99
    48 59 10 27 65 58 111 19 92 59 109 0 62 72 3 45 117 62 110 126 71 52
    6 113 87 80 94 61 109 122 26 44 88 27 51 107 29 43 126 24 49 42 7 46
    2 127 100 3 10 73 124 125 44 60 117 37 77 118 93 103 73 108 81 53 18
    20 66 84 69 88 43 12 123 2 4 31 54 92 79 20 49 44 28 27 38 71 17 97
    110 75 112 98 7 71 114 99 12 36 33 103 4 19 118 9 111 15 35 31 44 19
    112 32 93 33 112 13 91 21 113 113 94 81 103 60 16 43 36 84 62 111 69
    62 74 3 49 7 86 109 72 119 104 0 17 11 39 69 99 107 94 3 36 12 36
    116 80 5 13 45 126 110 97 60 83 80 108 26 81 105 23 37 41 5 52 47 92
    103 27 72 76 101 70 72 112 17 40 92 75 21 122 90 117 121 5 29 64 91
    86 84 110 109 9 71 73 43 43 105 79 87 24 18 2 114 31 9 43 0 49 102
    55 41 9 95 57 66 111 71 126 41 82 86 69 118 54 80 125 69 13 125 26 3
    61 37 45 80 90 117 52 18 14 76 38 49 125 82 3 70 31 81 116 25 11 103
    15 56 2 122 40 98 20 41 58 43 27 122 63 9 104 120 25 25 91 80 27 68
    94 92 13 101 72 31 61 120 78 53 87 87 9 60 2 106 107 15 51 89 29 54
    50 22 87 0 2 14 117 112 82 101 80 61 53 101 19 127 17 81 1 111 37
    126 84 112 95 0 12 48 70 103 107 16 35 37 42 108 127 58 57 65 40 52
    31 5 67 105 27 71 115 55 18 7 6 105 101 41 93 113 100 10 10 7 125 55
    15 1 42 43 67 52 67 68 0 39 1 105 97 40 0 7 118 57 7 121 75 22 39 83
    4 37 25 37 48 32 10 117 70 93 38 62 84 46 106 117 37 10 37 86 6 86
    44 75 84 55 80 5 74 85 26 51 110 43 49 124 40 107 13 32 100 11 116
    94 56 41 29 94 82 23 42 5 84 41 32 57 17 116 12 111 8 9 33 7 72 56
    70 63 20 2 117 97 67 88 121 1 111 120 16 76 97 8 124 58 70 115 5 46
    2 104 90 74 101 2 100 73 13 119 28 15 118 105 41 119 33 100 106 75
    91 72 18 93 59 93 58 38 7 56 77 35 63 24 25 117 28 49 106 59 98 95
    98 43 52 90 40 54 58 77 6 71 41 37 61 105 13 1 112 52 101 10 40 30 7
    69 106 113 2 86 116 22 26 43 126 55 72 45 101 82 22 25 48 23 46 7 97
    83 25 12 13 82 18 127 2 100 14 1 61 22 24 85 9 69 21 108 15 48 63
    127 52 48 59 81 16 8 69 123 39 65 39 123 35 7 15 106 119 117 94 26 1
    67 12 71 123 96 7 102 5 111 113 33 116 100 94 11 61 21 54 2 37 123
    120 89 52 64 56 113 109 78 104 126 58 113 86 52 82 100 35 2 28 121
    78 105 108 92 98 28 110 69 104 24 42 67 91 85 29 109 60 20 91 42 41
    63 22 24 88 88 17 116 107 127 90 82 111 101 54 97 56 19 58 117 19 95
    17 126 125 94 2 58 91 96 70 47 62 30 90 75 13 42 82 44 71 83 15 87
    93 77 114 105 112 3 50 127 15 106 76 100 65 49 37 22 22 11 62 61 2
    74 102 30 68 116 53 118 22 17 64 105 18 95 84 127 107 108 14 7 109
    97 2 2 100 123 16 75 120 103 108 68 34 28 19 78 12 2 121 66 120 93
    79 127 74 63 115 124 89 45 73 90 113 83 31 90 104 53 17 81 75 69 108
    10 68 116 24 80 44 31 94 25 96 119 11 25 110 118 44 48 21 44 54 124
    29 93 61 81 102 59 43 7 107 37 43 106 66 123 112 62 59 61 98 74 44
    35 71 123 126 48 45 48 78 16 68 118 118 38 14 88 22 0 84 67 39 6 30
    72 83 94 112 122 2 107 89 29 127 81 56 114 1 102 68 61 42 105 113
    121 49 25 121 25 1 127 126 74 103 25 52 124 79 108 110 85 66 33 17
    55 113 67 57 58 89 52 57 3 9 92 9 49 100 124 107 107 13 14 23 29 42
    127 9 85 1 18 106 99 19 85 85 86 16 38 81 73 21 106 98 61 40 54 66
    48 3 112 1 73 12 37 31 102 97 47 120 45 86 87 33 22 9 88 85 60 57 50
    18 5 127 81 1 93 96 123 89 60 6 118 86 72 33 70 85 121 17 76 57 110
    88 78 123 33 16 3 41 39 40 95 126 102 115 60 14 98 17 85 118 83 124
    69 102 77 96 72 108 25 50 103 60 75 95 98 7 86 40 107 74 62 44 114
    106 73 35 79 38 127 72 66 58 62 57 58 62 33 12 123 113 88 98 72 7 45
    77 61 77 86 124 13 123 73 118 126 12 13 53 76 125 41 48 79 20 111
    108 28 23 9 57 46 99 43 68 30 69 82 83 31 87 33 56 66 53 108 95 101
    76 126 84 26 53 51 115 108 25 53 46 113 101 99 71 120 11 63 12 96 31
    73 97 61 113 125 93 26 16 12 48 97 86 65 11 114 124 33 115 94 40 26
    100 79 1 23 21 92 108 10 117 101 34 3 118 72 49 23 46 17 56 67 74 67
    69 98 44 6 114 114 74 2 68 54 104 87 13 104 31 117 64 6 58 97 10 66
    79 89 5 91 97 36 90 99 13 120 85 126 95 36 78 0 107 60 6 98 104 54
    14 101 58 72 58 116 21 60 30 31 112 2 108 40 47 99 102 16 111 98 67
    6 77 87 56 64 13 36 125 23 106 107 127 41 32 97 19 114 10 47 16 48 2
    58 25 121 103 67 55 56 20 127 125 101 109 44 44 123 127 23 42 127 37
    83 36 92 16 115 43 20 117 1 28 111 40 95 7 41 48 38 127 93 12 119 86
    18 17 75 45 27 2 2 26 105 72 67 68 96 113 44 88 19 121 56 24 65 36
    90 127 57 67 56 117 122 38 51 26 71 90 68 57 97 7 45 21 89 96 36 63
    29 93 57 7 90 57 34 109 114 8 94 37 72 69 119 110 60 24 62 46 45 57
    84 6 63 15 31 68 3 35 113 31 16 33 116 20 40 90 64 118 26 63 46 6 34
    72 116 106 60 3 34 36 34 82 24 21 111 65 85 85 45 119 57 32 32 71 44
    107 116 127 50 65 24 102 106 93 65 38 96 108 123 43 111 67 112 67 54
    4 115 13 125 77 106 29 47 111 12 39 22 123 105 35 93 53 32 110 62 86
    108 58 39 7 115 125 87 126 83 65 39 19 51 97 97 22 42 107 50 14 110
    0 19 51 53 9 59 22 29 13 29 32 47 35 60 55 111 114 74 103 59 7 97 12
    68 25 97 81 89 9 109 95 11 85 126 84 62 12 98 58 68 98 61 29 109 55
    114 122 122 7 69 107 113 33 121 97 87 20 44 97 76 112 54 36 80 96 73
    52 78 108 32 24 117 63 95 50 106 24 115 95 60 80 95 81 94 116 24 123
    44 46 32 121 104 29 2 115 51 59 83 93 123 20 106 93 58 32 6 93 7 53
    16 48 83 17 100 38 5 46 69 63 70 73 118 64 39 107 42 11 101 30 85
    111 83 59 113 65 53 34 96 70 112 16 74 16 25 89 91 56 28 14 122 109
    80 84 117 110 92 57 60 43 2 3 106 36 99 15 53 67 122 80 3 21 55 94
    119 15 100 42 30 81 64 28 78 102 48 74 22 72 44 36 52 16 119 94 70
    79 27 92 122 55 46 9 60 60 76 66 85 108 67 91 54 18 14 5 35 34 93 76
    31 96 91 10 15 123 109 105 87 99 107 107 83 53 115 121 119 6 8 92 88
    69 122 9 122 108 127 3 83 55 86 116 6 22 70 16 59 39 57 9 48 120 83
    86 58 57 31 118 116 7 9 32 39 65 80 102 97 4 79 24 107 104 16 71 19
    34 105 22 31 80 17 105 95 0 11 88 13 38 83 60 89 73 37 74 41 123 14
    29 33 39 102 97 53 31 104 4 76 79 82 121 53 23 9 90 16 51 54 43 46
    127 114 96 36 68 125 14 31 19 65 0 45 99 110 24 24 51 29 83 65 63
    127 116 101 47 92 105 55 8 120 7 35 41 50 106 120 27 6 60 37 3 18
    112 104 99 91 44 107 3 25 82 35 57 73 57 56 79 51 6 93 17 79 94 57
    48 85 84 34 13 21 47 89 103 89 25 75 88 81 1 93 8 1 43 82 108 34 92
    46 28 79 74 85 18 88 124 3 64 2 63 76 114 77 40 64 112 40 55 50 63
    83 67 28 36 50 91 38 42 27 111 103 26 34 96 6 53 83 73 19 96 33 100
    112 98 115 123 51 100 56 12 2 0 109 39 19 64 109 123 111 54 38 4 12
    37 44 86 109 115 34 51 11 99 95 92 83 68 83 106 11 57 82 26 95 117
    21 108 99 126 38 58 79 115 45 20 48 94 51 53 104 17 112 96 44 8 33
    41 75 21 109 20 53 32 82 14 35 33 54 124 114 29 14 98 110 109 113
    118 108 104 21 123 120 68 120 119 56 81 65 93 81 107 28 78 85 52 76
    19 32 119 5 112 1 115 49 51 109 10 118 118 87 117 55 29 97 105 88
    104 59 50 106 121 35 63 71 57 39 39 99 126 2 3 121 10 1 20 67 47 23
    26 67 110 98 52 53 90 28 18 46 116 81 111 92 107 48 99 97 113 85 99
    104 53 94 89 123 45 119 2 105 56 50 16 17 96 51 78 34 83 94 106 23
    40 54 120 126 3 63 126 57 69 9 91 21 14 71 127 98 99 74 22 56 82 5
    54 55 20 25 19 79 51 57 25 90 16 10 91 68 107 110 61 55 120 116 106
    82 69 83 108 126 32 42 117 118 1 117 117 68 8 124 24 124 45 41 71 94
    36 20 25 102 72 2 67 54 76 30 59 109 73 104 89 106 2 36 103 38 60 32
    19 22 124 25 9 23 4 72 111 2 0 19 36 76 29 87 66 78 49 11 115 94 53
    41 120 9 22 62 95 42 4 52 5 66 79 118 96 109 81 64 27 122 6 2 29 37
    121 13 126 16 43 33 29 98 66 82 91 22 87 113 103 107 90 69 76 66 115
    4 112 12 58 33 80 10 117 82 80 82 41 74 127 19 20 114 15 73 47 121
    62 48 60 68 89 90 108 3 12 39 117 16 28 46 68 77 31 100 124 29 99 97
    67 107 55 55 13 87 19 116 15 124 0 15 104 109 91 71 93 76 1 101 107
    84 92 113 90 13 9 36 4 9 110 33 21 106 9 105 99 113 22 83 77 40 13
    35 55 79 81 31 74 102 82 19 70 84 122 26 75 73 117 37 16 32 101 106
    23 87 83 28 34 78 22 20 93 68 7 48 76 13 104 0 99 42 78 40 86 37 85
    82 96 103 3 76 57 8 24 59 66 46 45 61 83 112 82 105 14 56 9 116 5 7
    30 95 90 3 81 123 46 51 89 59 6 32 0 67 13 123 11 67 27 12 107 6 88
    117 88 87 31 27 8 97 111 94 39 44 118 30 37 59 10 10 72 122 60 42 36
    55 113 61 100 64 67 27 21 66 88 2 81 75 59 111 5 47 115 106 123 18
    103 60 52 86 44 10 124 105 35 51 5 89 42 77 103 18 11 3 41 42 58 5
    11 81 107 110 78 102 28 16 98 72 13 70 95 11 92 48 106 54 105 21 59
    19 62 74 104 33 114 1 100 92 18 110 106 51 122 58 21 93 72 109 1 62
    51 112 29 25 102 45 10 108 63 118 26 92 63 73 45 12 72 43 27 9 83 61
    116 2 51 45 127 20 116 51 101 59 97 119 24 101 87 62 105 73 74 76 47
    68 53 59 113 81 122 8 50 117 31 12 91 3 74 73 87 26 120 49 87 1 92
    107 33 125 29 14 68 92 74 86 105 23 48 99 38 108 114 71 100 71 42 37
    22 1 89 35 73 54 89 10 50 36 89 75 32 61 3 113 20 107 103 85 81 42
    36 28 95 84 56 106 127 64 85 34 67 125 7 34 14 4 5 77 56 92 49 40 87
    84 65 59 60 86 64 27 90 41 73 85 10 123 113 77 68 70 47 106 14 66 86
    100 84 26 10 80 114 25 49 119 58 75 106 37 33 35 57 57 3 53 5 50 90
    114 19 85 87 0 63 94 23 102 77 87 46 64 19 81 86 5 59 108 31 49 39 1
    120 1 24 59 98 104 71 54 60 51 97 49 6 82 2 122 21 14 94 42 46 84
    112 30 77 124 121 68 75 29 123 69 92 125 80 19 89 72 113 63 102 86
    86 3 44 106 21 117 117 87 75 113 80 56 107 44 85 46 54 33 31 49 52
    74 72 85 47 111 111 28 6 97 115 56 122 22 25 85 83 33 66 72 111 19
    12 1 126 86 49 109 83 97 1 47 107 64 55 117 24 91 124 33 78 25 121
    35 13 64 1 112 45 83 60 117 110 29 103 4 20 95 123 108 18 64 99 62
    85 118 67 111 120 77 38 117 69 114 93 32 3 116 16 125 117 55 38 5 8
    127 39 31 20 8 65 6 84 87 108 18 94 67 16 84 98 82 125 105 75 84 17
    66 17 119 52 58 88 53 37 49 56 17 4 58 86 39 67 58 82 102 94 113 101
    102 64 102 91 106 52 0 91 99 12 76 50 25 81 127 90 75 40 20 63 87 9
    107 121 109 90 53 70 108 17 81 5 111 86 99 10 85 40 121 68 0 70 3
    118 97 65 61 10 53 34 33 69 22 104 85 34 56 23 38 16 4 114 56 25 120
    55 12 80 123 36 29 47 86 115 63 13 75 72 111 36 61 101 110 71 51 0
    124 64 95 14 98 101 52 54 26 77 80 9 105 95 24 105 41 37 9 95 49 34
    95 53 64 77 90 111 74 38 31 82 89 119 83 69 7 77 68 3 111 98 26 97
    84 91 17 68 55 89 116 18 64 29 54 54 101 81 63 117 63 53 97 87 101 2
    104 49 67 44 106 55 66 30 42 58 55 103 79 44 10 87 65 120 67 127 118
    11 38 118 35 19 95 35 47 23 30 82 118 35 33 51 67 49 82 87 13 75 38
    7 58 57 22 27 37 13 107 68 117 65 116 92 31 42 84 21 33 84 1 78 52
    10 4 81 59 64 56 13 52 113 80 96 8 31 92 122 91 98 19 36 37 73 40 91
    39 50 19 82 102 112 68 71 49 115 43 86 83 102 27 97 89 11 82 109 102
    115 41 96 118 0 91 110 127 61 6 125 35 45 112 14 126 122 80 111 9 97
    1 65 20 112 111 105 97 12 89 10 21 69 55 14 92 88 101 112 81 110 91
    34 93 68 36 67 2 8 47 101 6 121 59 31 82 38 62 100 73 10 55 111 17
    90 108 67 106 73 101 51 33 5 80 47 56 84 72 14 116 74 10 47 118 16
    60 68 78 54 43 11 41 99 67 43 119 124 25 59 40 14 126 62 125 41 41
    34 76 12 3 75 1 57 106 52 89 86 4 58 113 126 29 111 97 85 76 45 2
    116 80 80 26 42 12 100 74 55 41 120 18 122 101 110 97 105 36 46 90
    64 25 57 27 41 118 3 84 83 43 127 37 17 41 111 35 113 90 100 18 72
    98 48 100 116 74 64 61 101 114 6 11 104 26 108 75 110 11 84 12 96 51
    5 33 71 31 88 34 70 4 4 6 7 82 40 105 104 111 7 81 34 98 70 104 15
    109 73 93 117 66 43 105 99 73 123 53 98 53 7 39 42 127 57 100 91 9
    64 122 1 96 80 93 45 34 47 69 42 107 111 101 25 56 61 16 25 28 107
    88 89 55 116 67 103 110 103 97 9 69 80 80 18 44 37 111 8 85 5 31 67
    115 8 126 74 71 47 106 48 108 10 122 121 52 89 37 30 68 103 67 57 14
    45 95 6 33 66 31 35 41 114 101 86 110 75 71 62 103 35 78 121 109 83
    124 102 12 114 52 88 45 23 29 79 124 69 80 122 70 65 94 6 68 88 98 5
    18 88 56 47 81 79 10 114 66 96 108 23 24 51 110 20 61 49 93 120 25
    42 78 40 96 59 6 41 42 70 29 24 49 96 54 0 30 96 22 18 115 67 66 20
    83 25 80 30 104 107 127 22 95 86 78 20 0 63 36 123 4 50 20 101 68 76
    38 100 52 15 98 114 108 108 114 48 113 77 101 97 89 22 104 6 110 88
    42 24 60 14 85 1 26 22 84 75 110 74 56 105 43 60 57 7 93 70 116 20
    110 37 123 0 30 104 7 80 63 99 3 47 77 95 76 7 46 35 54 93 10 17 31
    10 49 92 72 82 27 35 90 105 55 26 41 66 62 96 16 29 57 20 120 77 14
    50 90 119 127 50 64 88 0 41 57 5 46 114 75 110 113 60 79 125 16 22
    110 29 73 9 31 114 1 35 80 74 40 97 48 101 119 125 125 22 83 87 89
    36 126 38 53 68 49 117 92 22 2 58 116 4 86 114 71 30 51 12 43 103 9
    110 6 9 122 39 62 44 34 6 69 79 125 63 123 25 76 113 45 82 87 37 124
    99 33 126 25 126 28 19 99 97 40 26 107 113 83 52 16 109 7 81 25 11
    70 65 110 87 70 22 46 43 67 51 13 80 99 109 88 29 16 75 109 24 54 67
    2 110 95 69 91 63 30 6 37 28 117 110 39 107 30 102 9 49 87 9 119 65
    24 66 62 17 113 48 125 4 38 2 121 93 71 125 21 33 30 11 57 95 64 62
    84 1 71 56 74 28 111 20 114 39 102 115 105 116 80 13 53 44 104 116
    124 26 76 64 9 12 56 3 34 74 13 103 43 80 77 87 39 93 90 54 48 13
    107 23 98 24 126 99 3 13 83 90 98 113 126 38 7 119 30 67 68 14 106
    81 68 78 77 40 96 98 43 59 80 4 18 116 53 26 11 75 72 86 43 39 23 9
    18 64 109 106 93 36 74 37 66 23 62 50 123 52 35 103 64 6 74 26 62
    117 96 54 16 24 119 109 127 63 118 66 15 64 52 102 27 111 112 68 52
    89 74 42 76 118 16 125 10 2 26 43 35 45 43 21 16 93 99 5 125 49 119
    81 105 47 21 46 102 79 86 125 16 124 15 108 70 101 96 87 60 26 18 9
    81 12 122 114 48 68 103 97 65 74 63 42 2 77 31 66 37 100 72 10 113
    102 77 84 88 97 29 17 88 98 82 10 24 18 0 71 121 95 32 97 15 121 113
    121 67 35 113 113 123 104 80 113 3 119 0 114 113 72 91 97 110 102 15
    81 27 24 103 19 11 97 80 91 118 84 45 72 107 13 51 112 71 1 29 88 62
    67 29 127 3 56 43 85 36 93 121 55 120 90 7 6 91 59 30 127 123 82 54
    62 8 14 69 53 121 126 62 12 63 31 101 45 25 45 26 69 50 83 71 125
    118 64 23 66 54 68 97 106 120 112 64 67 14 52 0 125 98 61 34 100 70
    110 109 92 2 5 100 116 105 121 120 117 110 92 121 56 57 72 69 5 42
    10 105 57 99 52 45 105 24 27 48 73 32 45 120 24 71 15 79 107 9 63 8
    56 109 59 44 90 85 114 90 20 90 35 28 74 13 6 77 107 121 91 106 87
    19 62 123 42 90 120 116 116 102 106 116 68 27 101 103 70 117 111 69
    9 106 8 51 19 24 126 84 126 100 1 19 119 57 96 22 82 82 105 101 81
    48 5 29 62 127 91 56 9 69 47 73 65 96 106 65 124 80 9 64 20 10 21
    118 118 52 14 116 56 77 104 104 56 76 112 64 64 88 127 85 108 39 40
    40 34 9 108 59 112 88 20 33 108 36 96 74 96 59 44 113 37 36 34 66
    111 56 92 69 119 71 54 93 43 32 105 63 90 66 90 96 98 17 6 67 106 45
    31 13 30 14 120 44 112 81 18 92 73 79 105 21 127 90 11 85 23 121 38
    61 117 127 22 89 37 85 20 64 31 83 4 28 122 81 75 85 126 30 82 109
    99 50 92 29 63 45 23 51 119 100 0 61 42 98 4 14 119 43 28 87 117 69
    22 112 80 3 35 111 102 18 44 81 37 108 8 76 82 111 116 3 43 97 84 22
    36 70 31 49 114 37 50 14 109 84 110 101 90 16 67 94 77 114 37 91 4
    94 33 27 98 70 89 114 80 7 111 123 50 37 57 126 29 110 79 54 12 33
    57 2 51 88 82 68 110 70 94 111 11 124 111 21 115 50 43 64 53 97 123
    115 51 35 47 114 4 88 48 8 90 57 63 125 15 62 10 73 42 46 43 19 10
    13 52 74 94 74 109 32 0 46 26 45 124 51 65 89 125 29 54 92 122 115
    43 10 33 19 122 71 69 36 87 91 25 47 58 5 54 38 51 97 74 95 111 113
    71 21 39 2 97 68 58 37 90 19 45 74 4 112 84 61 4 66 36 71 95 64 20
    71 29 53 99 18 71 30 119 4 70 126 73 11 82 82 99 119 82 56 115 76 21
    48 59 75 80 17 108 28 124 16 15 114 52 88 59 54 8 53 117 71 42 54 83
    68 46 56 79 40 100 89 55 41 13 17 19 56 76 5 51 34 91 121 85 6 26 1
    116 111 16 125 48 87 14 94 102 9 126 34 99 47 125 13 86 75 61 121 23
    108 66 88 99 58 112 21 15 68 110 10 47 126 82 58 17 48 83 73 69 78
    24 68 106 28 0 67 107 53 115 102 67 38 118 28 95 18 100 48 2 40 79
    96 108 25 77 41 5 107 3 3 20 36 73 76 40 83 40 57 38 114 13 89 69
    126 115 3 96 3 123 41 81 127 25 63 23 10 5 123 61 56 111 71 52 119
    51 79 1 51 45 127 9 42 37 65 22 102 68 39 19 78 92 43 91 6 64 127 0
    102 2 26 37 9 38 88 5 106 89 88 4 68 106 29 40 52 78 80 120 65 78
    105 84 55 68 16 101 44 7 8 33 25 51 103 48 100 116 70 84 9 100 37 10
    40 3 71 39 76 42 127 98 0 44 31 103 127 72 63 72 44 94 103 65 75 4 6
    58 98 1 70 18 33 119 71 123 62 93 53 5 114 50 64 114 28 43 27 41 118
    125 105 76 39 44 60 113 54 30 117 110 32 23 49 21 52 73 42 12 101
    101 79 3 74 31 42 126 16 70 124 62 74 24 55 61 60 62 117 26 79 78
    115 48 41 20 53 53 104 37 13 121 111 101 44 47 117 57 87 22 127 46
    47 122 12 17 58 25 22 105 126 10 8 25 121 70 30 110 47 59 83 124 118
    54 43 51 52 76 85 106 106 66 101 27 69 49 4 74 9 125 67 21 68 114 26
    52 85 56 47 83 51 78 99 5 95 80 122 70 84 55 23 21 83 50 83 70 13 20
    51 71 113 81 36 84 116 2 122 109 6 122 17 24 80 54 85 66 15 116 13
    32 81 84 34 29 111 68 27 115 19 95 58 57 25 22 84 12 22 63 127 21 12
    28 106 19 100 121 124 61 5 81 95 10 91 26 58 99 4 87 64 89 50 32 44
    36 30 55 43 95 13 71 73 4 46 14 33 14 78 100 64 103 103 80 4 88 120
    112 114 97 81 115 120 83 50 40 13 97 103 94 74 11 118 33 49 103 9
    105 11 117 20 87 90 40 118 120 60 63 80 93 79 22 39 87 99 104 66 10
    126 115 9 83 124 79 78 12 96 23 118 118 31 69 8 107 12 8 16 16 4 37
    27 87 83 86 65 68 77 35 117 28 117 39 126 38 113 28 52 33 56 64 2 98
    59 44 3 98 51 79 101 121 65 121 78 94 73 20 99 29 57 97 33 13 83 62
    31 127 84 27 0 9 38 71 9 43 28 1 75 109 20 50 32 3 62 23 44 98 99
    116 1 96 86 91 82 91 24 2 82 67 36 62 122 116 41 118 114 62 114 64
    102 21 109 24 52 14 84 71 47 22 25 19 46 62 71 58 11 95 44 122 15 10
    99 87 10 68 62 1 36 110 68 54 109 118 86 72 32 79 59 49 66 84 20 72
    4 40 51 91 126 121 40 120 61 60 126 44 56 12 116 63 110 109 52 121
    98 31 29 112 115 13 27 104 29 24 67 43 24 41 58 51 62 106 38 56 51
    116 33 112 28 23 15 36 72 30 125 72 121 15 73 14 106 63 8 25 40 122
    104 127 58 31 16 74 82 57 35 125 69 12 56 117 74 74 121 109 56 120
    11 106 124 35 6 1 72 49 80 49 74 23 99 82 113 113 25 68 61 56 53 101
    52 103 92 58 72 120 75 120 61 48 107 39 86 122 2 27 88 35 2 107 79
    33 76 96 96 25 53 3 39 99 9 119 64 2 62 76 61 58 71 18 78 85 113 29
    67 92 35 59 60 111 102 86 0 68 66 100 9 118 75 22 88 77 39 52 45 81
    107 108 36 17 109 32 98 102 103 41 40 104 127 120 50 117 63 4 83 49
    42 66 42 64 27 67 3 126 96 104 40 106 107 12 68 111 83 1 13 103 67
    117 41 8 75 109 53 79 127 118 107 118 34 78 53 41 98 37 54 39 48 48
    38 72 76 108 23 75 71 27 36 42 1 5 22 53 122 81 53 20 64 118 24 11
    126 7 63 99 106 36 64 47 83 66 64 122 54 57 57 36 122 90 3 2 70 30
    74 40 28 1 122 38 114 119 67 56 112 125 98 104 39 82 27 114 0 90 68
    108 38 92 33 112 0 77 71 46 97 77 34 14 114 13 3 6 4 119 21 105 102
    81 77 19 61 38 86 55 9 101 20 100 83 99 95 73 45 36 79 82 36 5 1 106
    97 40 57 46 39 79 8 105 59 43 0 110 78 61 56 10</data></input>
<my_img type_id="opencv-matrix">
  <rows>256</rows>
  <cols>256</cols>
  <dt>u</dt>
  <data>
    65 64 63 62 61 59 59 58 59 59 60 60 60 59 58 57 57 57 58 59 60 62 63
    64 65 65 65 65 66 66 67 67 67 68 68 69 69 70 70 69 68 66 65 63 62 62
    62 64 65 67 68 69 69 70 69 69 69 68 68 66 65 64 62 60 59 58 58 58 58
    59 59 61 62 63 65 66 67 67 68 67 66 65 63 62 61 61 60 61 60 61 60 60
    61 61 61 63 64 64 65 65 65 66 67 68 68 69 69 67 66 63 61 60 58 58 58
    58 59 61 63 64 66 67 68 67 66 65 63 62 60 60 60 60 61 62 63 63 64 64
    64 64 63 63 63 63 64 64 66 66 67 67 68 67 67 66 65 65 64 64 65 65 66
    67 68 67 66 65 62 60 58 56 56 55 56 58 58 59 59 59 58 58 58 58 60 61
    62 62 62 62 61 61 61 61 62 63 64 65 66 67 67 66 66 65 64 64 63 62 62
    62 61 61 62 62 63 63 64 65 65 65 66 65 65 65 66 66 66 67 67 67 67 68
    68 70 71 73 73 74 73 72 70 68 66 63 62 60 59 58 58 58 59 60 61 61 61
    61 61 61 64 64 63 62 61 59 59 58 59 60 60 60 60 60 58 58 57 57 58 59
    61 62 63 64 65 65 65 65 66 65 66 67 67 68 68 69 69 70 69 69 67 66 64
    63 62 61 62 63 65 66 68 68 69 69 69 69 68 68 67 66 65 64 62 61 60 59
    58 58 58 59 60 61 62 63 65 66 67 67 68 67 66 65 63 62 61 61 61 61 60
    61 61 60 61 61 62 63 64 64 65 65 65 66 67 68 68 69 69 68 66 64 62 60
    59 58 58 59 60 61 63 64 66 67 68 67 66 65 63 62 60 60 60 60 61 61 63
    63 64 64 64 64 63 63 63 64 64 65 66 67 68 68 68 68 67 66 66 65 64 65
    65 66 67 67 68 67 67 65 63 60 58 57 56 56 56 58 58 59 59 58 57 57 57
    58 59 61 62 62 62 62 61 61 61 61 62 63 64 65 66 66 67 66 66 65 64 64
    63 62 62 62 61 62 62 62 63 63 64 64 65 65 65 65 65 65 65 65 66 66 66
    67 67 67 68 70 71 73 73 73 73 72 70 68 66 63 62 60 59 58 58 58 59 59
    60 61 61 61 61 61 64 64 63 62 61 59 59 59 59 60 61 61 61 61 60 59 59
    59 59 60 61 62 63 64 65 65 65 65 65 65 66 66 67 67 68 68 68 69 68 68
    67 66 64 63 62 62 62 63 65 66 67 68 68 68 68 68 67 67 66 65 64 63 61
    60 59 58 58 58 58 59 60 61 62 63 65 66 67 67 67 67 66 64 63 62 61 61
    61 61 61 61 61 61 61 62 62 63 64 65 65 66 66 66 67 68 68 69 68 67 66
    64 62 60 59 59 59 59 60 61 63 64 66 67 67 67 66 65 63 62 61 60 60 61
    61 62 63 64 64 65 64 64 63 63 63 64 64 65 66 66 67 67 68 67 67 66 66
    65 65 65 65 66 66 67 67 67 66 65 63 61 59 57 57 57 57 58 59 59 59 59
    58 58 58 59 60 62 62 63 63 63 62 62 62 62 62 63 64 65 66 66 66 66 65
    65 64 63 63 62 61 61 61 61 61 62 62 62 63 63 64 64 64 64 64 64 65 65
    66 66 66 66 66 67 67 69 70 71 72 73 72 71 70 68 65 63 61 59 58 58 57
    58 58 59 60 60 60 60 60 60 64 64 63 62 61 59 59 59 60 61 62 63 63 63
    62 61 60 60 60 61 61 62 63 64 64 64 64 64 65 65 65 66 66 66 67 67 67
    68 67 67 66 65 64 63 62 62 62 63 64 65 66 67 67 67 67 66 66 65 65 64
    63 62 60 59 59 58 58 59 59 60 61 62 63 64 65 65 66 66 66 66 65 64 63
    62 62 61 61 61 61 62 61 61 62 62 62 63 64 65 65 65 66 66 67 68 68 69
    68 67 66 64 62 61 60 60 60 60 61 62 63 64 66 66 67 66 65 64 62 62 61
    61 60 61 62 62 63 64 64 65 64 64 64 64 63 64 64 65 66 66 67 67 67 67
    67 67 66 66 65 65 65 66 66 67 67 67 66 65 63 62 60 59 58 58 58 59 59
    60 60 59 59 59 59 60 61 62 63 63 64 64 63 62 62 62 62 63 64 65 65 66
    66 65 65 64 63 63 62 62 61 61 60 60 60 60 60 61 61 62 62 63 63 64 64
    64 64 65 65 65 65 65 65 66 66 67 69 70 71 71 71 70 69 67 65 63 61 59
    58 57 57 57 58 58 59 59 59 59 59 59 64 63 63 62 61 60 59 60 60 62 63
    64 65 65 64 63 62 62 61 61 62 63 63 64 64 64 64 64 65 64 65 65 66 66
    66 66 66 66 66 66 65 65 64 63 63 62 62 63 64 64 65 66 66 66 65 65 65
    64 63 62 61 60 59 58 58 58 58 59 60 61 62 63 64 64 65 65 66 65 65 65
    64 63 62 62 62 61 62 62 62 62 62 62 63 63 63 64 65 65 66 66 66 67 67
    68 68 69 68 67 66 65 63 62 61 61 61 61 62 62 63 64 65 66 66 65 65 64
    62 62 61 61 61 62 62 63 64 64 64 65 64 64 64 64 64 64 64 65 66 66 67
    67 67 67 67 66 66 66 65 66 65 66 66 66 66 66 66 65 64 63 62 61 60 60
    60 60 60 60 60 60 59 60 60 61 62 63 64 64 65 64 64 63 63 62 62 63 64
    64 65 65 65 64 64 64 63 62 62 61 61 61 60 60 59 59 59 59 60 60 61 62
    62 63 63 63 64 64 65 65 65 65 65 65 65 66 67 68 69 70 70 69 68 67 65
    62 61 59 57 57 57 57 57 58 58 58 58 58 58 57 64 63 63 62 61 60 60 61
    62 63 65 66 67 67 66 65 64 63 62 62 62 63 63 64 64 64 64 64 64 64 65
    65 66 66 65 65 65 65 64 65 64 64 63 63 63 62 62 62 63 63 64 64 65 65
    64 64 64 63 62 61 60 59 58 57 57 58 58 59 60 62 63 63 64 65 65 65 65
    65 64 64 63 62 62 62 62 62 62 62 62 63 63 63 63 63 64 64 65 65 66 66
    66 67 67 68 68 69 68 67 66 65 64 63 63 62 62 62 63 62 63 63 65 65 65
    64 64 63 62 61 61 61 62 62 63 63 64 64 64 65 64 64 64 64 64 64 64 65
    66 66 67 66 67 66 66 66 66 66 65 65 65 65 65 65 66 66 65 65 65 64 63
    63 62 62 62 62 61 61 61 60 60 61 61 62 63 64 64 65 65 65 65 64 63 63
    63 63 63 64 64 64 64 64 63 63 62 62 61 61 60 60 59 59 58 58 58 58 58
    59 60 61 62 62 63 63 64 64 64 65 64 64 64 64 64 64 65 66 67 68 69 69
    68 66 65 62 61 59 58 57 57 57 57 58 58 58 57 57 57 57 63 63 62 62 61
    60 61 61 63 65 66 68 68 69 68 67 65 64 63 63 62 63 63 64 64 64 64 64
    65 65 65 65 66 66 65 65 64 64 63 64 63 63 63 63 63 62 62 62 62 62 63
    63 63 63 63 63 63 62 61 60 59 58 57 57 57 58 58 60 61 62 63 64 65 65
    65 65 65 64 63 62 62 61 61 61 62 62 62 62 63 63 63 64 64 64 64 65 65
    65 65 66 66 67 67 68 68 68 68 68 67 66 65 64 64 64 63 63 63 63 63 63
    64 64 64 64 63 62 61 61 61 61 62 62 63 63 64 64 64 64 64 64 63 63 63
    63 64 64 65 65 66 66 66 65 65 65 65 65 65 65 65 65 65 65 65 66 65 65
    65 65 65 65 64 64 63 63 62 62 62 62 62 62 62 63 63 64 65 65 65 65 65
    64 64 63 63 63 63 63 64 64 64 63 63 63 62 62 61 61 60 60 59 58 58 58
    57 57 58 59 60 61 62 63 63 64 64 64 64 64 64 64 63 63 63 63 64 65 66
    67 68 68 67 66 64 62 61 59 58 57 57 57 58 58 58 58 57 57 57 57 63 63
    62 62 61 61 62 62 64 66 68 69 70 70 69 68 66 65 64 63 63 63 63 64 64
    65 65 65 65 65 66 66 66 66 65 64 63 63 62 63 62 63 63 63 63 63 62 62
    62 62 62 63 63 63 63 62 62 61 60 59 58 57 56 56 57 58 58 60 61 63 64
    65 66 66 66 65 65 63 63 62 61 61 61 61 61 62 62 63 63 64 64 65 65 65
    65 65 65 65 65 65 66 67 67 68 68 69 68 68 67 67 66 66 65 65 64 63 63
    63 63 62 63 63 63 63 62 62 61 61 61 61 62 63 63 64 64 64 64 64 64 64
    63 63 63 63 63 64 65 65 66 65 65 65 65 64 64 64 64 65 65 65 65 65 65
    65 65 66 66 66 66 66 66 65 65 64 64 63 63 63 63 63 64 64 64 65 65 66
    66 66 65 64 64 63 63 63 63 63 63 64 64 64 63 63 63 62 61 61 60 60 59
    58 58 58 58 58 59 59 61 62 63 63 64 64 64 64 64 64 64 63 62 62 61 61
    62 63 65 66 67 67 67 66 64 62 61 60 59 58 58 58 58 58 58 58 58 57 57
    57 63 62 62 62 61 61 62 63 65 67 69 70 70 70 69 68 66 65 64 63 63 63
    64 64 65 65 66 66 66 66 67 66 67 66 65 65 64 63 62 63 62 63 63 63 63
    63 62 62 62 62 62 62 62 62 62 62 62 61 60 59 58 57 57 57 57 58 59 61
    62 63 65 65 66 66 66 65 64 63 62 61 60 60 60 60 61 61 62 63 63 64 65
    65 66 65 65 65 64 64 64 65 65 66 67 68 68 69 69 68 68 67 67 66 66 65
    65 64 63 63 62 62 63 63 63 63 62 61 61 60 60 61 61 62 63 63 63 63 63
    63 63 63 62 62 62 62 63 64 65 65 66 65 65 64 64 63 64 63 64 64 64 65
    65 65 65 66 65 66 66 67 67 67 67 66 66 65 65 64 64 64 64 64 64 65 65
    65 65 66 65 65 65 64 64 63 63 63 63 63 63 64 64 64 64 64 63 63 62 61
    60 60 59 58 58 58 59 59 60 61 62 63 64 65 65 65 65 65 65 64 64 63 62
    61 61 61 61 63 64 65 66 66 66 65 64 62 61 60 59 59 59 59 59 59 59 59
    58 58 58 58 63 63 62 62 62 62 63 64 66 67 69 70 71 70 69 68 66 65 64
    63 63 63 64 64 65 66 66 66 67 67 67 67 67 66 65 64 63 63 62 63 62 63
    63 63 63 63 63 62 62 62 62 62 63 62 62 62 62 61 60 59 58 57 57 57 57
    58 59 61 62 64 65 65 66 66 65 65 64 62 61 60 60 59 60 60 61 61 62 63
    64 64 65 66 66 66 65 65 64 64 64 64 65 66 67 68 68 68 69 69 68 68 67
    67 66 65 65 64 63 62 62 62 62 62 62 62 62 61 61 60 60 60 61 62 62 63
    63 63 62 62 62 62 62 62 62 62 62 63 64 65 66 65 65 64 64 63 63 63 63
    64 64 65 65 65 65 66 66 66 67 67 67 68 67 67 67 66 66 65 65 65 65 65
    65 65 65 65 65 65 65 65 65 64 64 63 63 63 63 63 64 64 65 65 65 64 64
    63 63 62 61 60 60 59 59 60 60 61 62 63 64 65 66 66 66 66 66 65 65 64
    63 62 61 60 59 59 60 62 63 64 65 66 65 64 63 62 61 60 60 59 59 59 59
    59 60 60 60 60 59 59 63 63 63 62 62 62 63 64 66 67 69 70 70 70 69 68
    66 65 64 63 63 63 64 64 65 66 67 67 68 68 68 67 67 66 65 65 64 63 63
    63 63 63 63 63 63 63 63 62 62 62 62 62 63 62 62 62 61 61 60 59 58 58
    58 58 58 59 60 61 63 64 65 66 66 66 66 65 64 62 61 60 60 59 59 60 60
    61 62 63 64 65 66 67 67 66 65 64 63 63 63 63 64 65 66 67 68 68 69 69
    69 68 68 67 67 66 65 64 63 63 62 62 63 63 63 63 62 62 61 60 60 60 61
    61 62 62 62 62 62 62 62 62 62 62 62 62 62 64 64 65 66 66 66 65 64 63
    63 63 64 64 65 65 66 66 66 66 66 67 67 67 67 68 67 67 67 67 67 66 66
    66 66 66 66 65 65 65 65 65 65 65 65 64 64 64 64 64 64 64 65 65 66 66
    66 66 65 65 64 63 62 62 61 61 61 62 63 63 65 65 67 67 68 68 68 68 67
    66 65 64 63 61 60 59 59 59 60 61 62 64 64 65 64 64 63 62 61 60 60 59
    59 59 59 60 60 60 60 60 61 61 64 64 64 63 63 63 63 64 65 67 68 69 69
    69 68 67 66 65 63 63 63 63 64 64 65 66 67 67 68 68 68 67 67 66 65 64
    64 63 63 63 63 63 63 63 63 63 63 63 63 63 63 63 63 63 63 62 62 61 60
    59 58 58 58 58 58 60 61 62 63 65 66 66 66 66 65 65 64 62 61 61 60 59
    59 59 60 61 61 62 63 65 66 66 67 66 65 64 63 63 63 63 64 65 66 66 67
    68 68 68 68 68 68 68 67 66 65 64 63 63 62 62 63 63 64 64 63 63 62 61
    61 61 61 62 62 63 63 62 62 62 62 62 62 62 62 63 63 64 65 65 66 66 66
    64 64 63 63 63 64 65 65 66 66 66 66 67 66 67 67 67 67 67 67 67 67 67
    67 67 67 67 67 66 66 66 65 65 65 65 65 64 64 64 64 64 64 64 64 65 65
    66 67 67 67 66 66 65 64 64 63 62 62 62 63 64 65 66 67 68 68 69 69 69
    68 68 67 67 65 64 62 60 59 58 58 58 59 61 62 63 64 64 64 63 62 61 61
    60 60 59 59 59 59 60 60 61 61 62 62 62 65 65 64 64 63 63 63 64 65 66
    67 67 68 68 67 66 65 64 63 63 62 63 63 64 65 66 67 67 68 68 67 67 66
    65 64 64 64 64 64 64 64 63 63 63 63 63 62 62 63 63 63 64 64 64 63 63
    62 61 60 59 59 58 58 59 59 60 61 62 63 65 66 66 66 66 65 64 63 62 62
    61 60 60 60 60 60 60 61 62 63 64 66 66 67 66 65 64 63 62 62 63 63 64
    65 66 67 67 67 68 68 68 68 68 67 66 65 64 64 63 63 63 63 64 65 65 65
    64 63 62 62 62 62 62 63 63 63 62 62 62 62 62 62 63 63 63 64 65 65 66
    67 66 66 65 64 64 64 63 64 65 65 66 66 67 67 67 67 67 67 67 67 67 67
    67 67 67 68 67 67 67 66 66 65 65 64 64 64 64 64 64 64 64 64 64 64 65
    65 66 67 67 68 68 68 68 67 66 65 64 64 63 63 64 64 65 66 67 69 69 70
    70 70 70 69 69 68 67 65 64 62 60 59 57 58 58 59 61 62 63 63 64 63 63
    62 61 61 60 60 59 59 59 59 59 60 61 62 62 63 63 66 66 65 65 64 63 63
    63 64 65 65 66 67 67 67 66 65 64 63 62 62 62 63 64 64 66 67 67 68 67
    67 66 65 64 64 64 64 64 64 64 64 63 63 62 62 62 62 62 62 63 63 64 64
    64 64 63 62 61 61 60 59 59 59 59 60 61 62 63 64 65 66 66 66 66 65 64
    64 63 62 61 61 60 60 60 60 60 61 62 63 64 66 66 66 66 65 64 63 62 62
    63 63 64 64 65 66 66 67 67 68 68 68 68 67 66 66 65 64 64 64 64 64 65
    66 66 66 66 65 64 63 63 63 63 63 63 63 63 62 62 62 62 63 64 64 64 65
    66 66 66 66 66 66 64 64 63 64 64 65 66 66 67 67 67 67 67 67 67 67 67
    66 66 66 67 67 67 68 68 67 67 66 65 65 64 64 64 64 64 64 64 64 64 64
    64 65 65 66 67 67 68 68 68 68 68 67 67 66 65 64 64 64 64 65 66 68 68
    70 70 71 71 71 71 70 70 69 68 66 64 62 60 59 58 58 58 59 60 61 62 63
    63 62 62 62 61 61 60 59 59 58 58 58 58 59 60 62 63 64 64 67 67 66 66
    65 64 63 63 63 64 64 65 66 66 66 65 64 63 62 62 61 61 62 63 64 65 66
    66 67 67 66 65 64 64 64 64 64 65 65 65 64 63 63 62 62 61 61 61 62 63
    63 64 64 64 64 63 63 62 61 60 60 59 59 59 60 61 62 63 64 65 65 66 66
    65 65 64 64 63 62 62 61 60 60 59 59 59 60 61 63 64 65 66 66 66 65 64
    63 62 62 62 63 64 64 65 65 66 66 67 67 67 67 67 67 66 66 65 64 64 64
    64 65 66 66 67 67 67 66 65 65 64 64 64 64 64 64 63 63 63 63 63 63 64
    64 65 65 66 66 66 66 66 65 64 64 63 64 64 65 66 66 67 67 67 67 67 67
    67 67 66 66 66 66 66 66 67 67 67 67 66 66 65 64 64 64 64 64 64 64 64
    64 64 64 64 65 66 66 67 68 68 69 69 69 68 68 67 66 65 64 64 64 64 65
    66 68 68 70 70 71 71 71 71 70 70 69 68 66 64 62 60 59 58 58 58 59 60
    61 62 62 63 62 62 62 61 61 60 60 59 58 57 57 58 59 60 62 63 64 65 67
    67 67 66 65 64 64 63 63 63 64 64 65 65 66 65 64 63 62 61 60 61 61 62
    63 65 65 66 67 66 65 65 64 63 63 64 65 65 65 65 64 63 62 61 61 60 60
    60 60 61 62 63 64 64 64 64 63 62 62 61 60 60 60 60 61 62 62 63 64 65
    65 65 65 64 64 64 63 63 62 62 61 60 59 59 59 59 60 61 62 64 65 66 67
    66 65 64 63 63 63 63 63 63 64 64 64 65 65 66 66 66 66 66 66 66 66 65
    65 64 64 65 65 66 67 68 68 68 68 67 66 66 66 66 65 65 65 64 64 63 64
    64 64 65 65 66 66 66 66 66 66 65 65 64 63 63 63 64 64 66 66 67 67 67
    67 67 67 67 66 66 65 65 65 65 65 66 67 67 67 66 65 64 63 63 63 64 64
    65 65 64 64 64 64 64 65 66 66 67 68 68 68 68 68 68 68 67 66 65 64 64
    64 64 65 66 67 68 69 70 70 70 70 70 70 70 69 68 67 65 63 61 60 58 58
    58 59 60 60 61 62 62 62 62 62 61 61 60 59 58 57 57 56 57 58 60 62 63
    65 65 67 67 67 66 66 65 64 64 63 64 64 64 65 65 65 65 64 62 61 60 60
    60 60 61 62 63 64 65 66 65 65 64 63 63 63 64 65 65 66 65 64 63 62 61
    60 59 59 59 59 60 61 62 63 64 64 64 64 63 62 61 61 61 61 61 62 62 63
    63 64 64 64 64 64 64 63 63 63 63 63 62 61 60 59 59 58 59 60 61 63 64
    66 67 67 67 66 65 64 63 63 63 63 64 64 64 64 64 64 65 65 65 66 66 66
    66 66 65 65 65 65 65 65 65 66 67 67 68 68 67 67 67 67 67 66 66 66 65
    65 64 65 65 65 66 66 66 66 66 66 65 65 65 64 64 63 63 63 64 64 65 66
    67 67 67 67 67 66 66 66 65 65 64 64 64 65 65 66 66 66 65 64 63 63 63
    63 64 65 65 65 65 65 64 64 64 65 65 66 67 67 67 67 67 67 67 67 66 66
    65 64 64 64 64 64 65 66 67 68 68 69 69 69 69 69 69 69 68 67 65 63 61
    60 59 58 58 58 59 60 61 61 61 61 62 62 62 61 61 60 59 57 57 56 57 58
    60 62 63 65 65 67 67 67 66 66 65 65 64 64 64 64 65 65 65 66 65 64 62
    61 60 59 59 59 60 61 63 63 64 65 64 64 63 63 63 63 65 65 66 66 66 65
    63 62 61 60 59 58 58 58 59 60 61 62 64 64 64 64 64 63 63 63 62 62 62
    63 63 64 64 64 64 63 63 63 62 63 63 63 63 62 62 61 60 59 58 58 58 59
    61 63 65 66 67 68 67 67 66 65 64 64 64 63 63 63 63 63 64 64 64 64 64
    64 65 65 65 65 65 65 65 65 64 64 65 65 66 66 67 67 68 68 68 68 68 67
    67 66 66 65 65 65 65 66 66 66 66 66 66 66 65 65 64 64 63 63 62 63 63
    64 65 66 66 67 67 67 67 66 66 66 65 65 64 64 64 64 64 65 65 65 64 64
    63 63 63 64 64 65 66 66 65 65 64 64 64 65 65 66 66 66 67 67 67 67 67
    66 66 65 65 64 63 64 63 64 65 65 66 67 67 67 68 68 69 69 69 68 68 67
    65 64 62 61 59 59 59 58 59 60 60 61 61 62 62 62 62 62 61 60 59 57 56
    56 57 58 60 62 64 65 65 66 66 66 66 66 65 65 65 64 64 64 65 65 65 66
    65 64 62 61 59 58 58 58 59 60 61 62 63 64 63 63 63 62 62 63 64 65 66
    66 66 65 64 63 61 60 59 58 57 57 58 59 60 62 63 64 65 65 65 65 64 64
    64 64 63 64 64 64 64 63 63 62 62 61 61 61 62 62 62 62 61 61 60 59 58
    58 59 60 61 63 65 67 68 69 68 68 67 66 65 65 64 64 64 63 63 63 63 63
    63 63 63 63 63 64 64 65 65 65 64 64 64 63 63 63 64 65 66 67 68 68 69
    69 69 68 68 67 67 66 66 66 66 66 66 66 66 66 66 65 65 65 64 64 63 63
    63 63 63 64 65 65 66 67 67 67 67 66 66 66 65 64 64 63 64 64 64 64 64
    64 64 63 63 63 63 64 65 66 66 66 66 65 64 64 64 64 65 65 66 65 66 65
    65 65 65 65 65 65 64 64 63 63 63 64 65 65 65 66 66 66 67 67 67 67 67
    67 67 66 65 64 62 61 59 58 58 58 59 59 60 61 61 62 62 62 62 62 61 60
    59 58 57 57 58 59 61 63 65 66 66 65 65 65 65 66 66 66 66 65 65 65 66
    66 66 66 65 64 62 61 59 58 58 58 58 59 60 61 62 62 62 62 62 62 62 63
    64 65 66 66 66 66 65 63 62 61 59 58 57 57 57 58 60 61 63 64 65 65 66
    66 66 66 65 65 65 65 65 65 64 63 63 61 61 60 60 60 61 62 62 62 61 61
    60 59 59 59 59 60 62 64 66 67 68 69 68 68 67 66 66 65 65 64 63 63 63
    63 63 62 62 62 62 62 62 63 63 64 64 65 64 64 63 62 62 62 62 63 64 65
    67 68 69 69 69 69 68 68 67 67 66 66 66 66 66 66 66 66 66 66 65 65 64
    64 64 63 63 63 63 63 64 65 65 66 66 67 67 67 66 66 65 65 64 63 64 63
    64 64 64 64 63 63 63 63 63 65 66 67 67 67 66 65 64 63 64 64 64 65 65
    65 65 64 64 64 64 64 64 64 64 63 63 64 64 64 65 65 65 65 66 65 66 66
    66 66 66 67 66 66 65 64 63 61 60 59 58 58 59 59 60 61 62 62 62 62 63
    62 62 61 60 59 58 58 59 60 62 64 65 66 67 64 64 64 65 65 66 66 66 66
    66 65 66 66 66 66 66 64 63 61 60 58 58 57 58 58 59 60 61 61 61 61 61
    61 62 62 64 65 66 66 66 66 65 64 63 62 60 59 57 57 57 58 59 61 62 64
    65 65 66 67 67 67 66 67 66 66 66 65 65 63 62 61 60 59 59 60 61 61 62
    62 62 61 60 60 60 60 60 62 63 64 66 67 68 69 69 68 68 67 66 65 65 64
    63 63 62 62 62 61 61 61 61 61 61 62 62 63 64 64 63 63 62 61 60 59 60
    61 62 64 66 68 69 69 70 70 69 69 68 67 67 66 66 66 66 66 66 66 66 65
    65 65 64 64 63 63 63 63 63 63 64 64 65 66 66 67 67 67 66 66 65 64 64
    63 64 63 63 64 63 63 63 63 63 63 64 65 66 67 67 67 66 65 64 63 63 64
    64 64 65 64 64 63 63 63 63 63 63 63 63 63 63 64 65 65 66 66 66 65 65
    65 65 65 65 65 65 65 65 65 64 63 62 61 60 58 58 58 58 59 60 61 62 63
    63 63 63 63 62 62 61 60 59 59 60 62 63 65 66 67 68 63 63 63 64 65 66
    66 66 66 66 66 66 66 66 66 66 65 63 62 60 59 58 57 57 58 58 59 60 60
    60 60 60 60 61 62 63 64 65 66 66 66 66 65 64 63 61 59 58 57 57 58 59
    60 62 63 65 66 67 67 67 68 68 68 67 67 67 66 65 63 62 60 59 59 59 59
    60 61 61 62 62 61 61 61 61 61 61 62 63 64 66 67 67 68 68 68 67 66 66
    65 64 63 62 62 61 61 61 61 60 60 60 60 60 60 61 62 63 63 62 62 60 59
    58 58 58 59 61 63 66 68 69 70 70 70 70 69 68 67 66 66 65 65 65 65 66
    66 66 65 65 65 65 64 64 63 63 63 62 63 63 64 65 66 66 67 67 67 66 66
    65 65 64 64 64 64 64 64 64 63 63 63 63 63 64 65 66 67 67 66 65 64 64
    63 63 64 64 64 64 64 64 63 63 62 62 62 62 62 62 63 63 64 65 66 67 67
    66 66 65 65 64 64 64 64 64 64 64 64 64 63 62 61 60 59 58 58 59 60 61
    62 63 63 63 63 63 63 62 62 61 61 60 61 61 63 64 66 67 68 68 61 61 62
    63 65 65 66 66 66 66 66 66 66 66 66 65 65 63 62 60 59 58 57 57 58 58
    59 60 60 60 60 59 59 60 61 63 64 65 66 66 66 66 66 65 63 62 60 59 58
    58 58 59 61 62 64 65 66 67 67 68 68 68 68 68 68 67 66 65 64 62 60 60
    59 59 59 60 61 61 62 62 62 62 62 62 62 63 63 64 65 66 66 66 67 67 67
    66 66 65 64 63 62 61 61 60 60 60 59 59 59 59 59 59 59 60 61 62 62 61
    61 59 58 57 57 57 58 60 63 65 68 69 70 71 71 70 69 68 67 66 65 65 65
    65 65 66 66 66 66 66 65 65 64 64 63 63 62 62 62 63 64 65 66 66 67 66
    66 66 66 65 65 64 64 64 64 64 64 64 63 63 63 63 64 65 66 66 67 66 66
    65 64 64 63 63 64 64 64 64 64 63 63 62 62 61 61 61 61 62 62 63 65 66
    66 67 67 67 66 65 64 64 63 63 63 62 63 63 63 63 63 62 61 60 59 59 59
    59 60 62 63 63 64 64 64 63 63 62 62 61 61 61 62 62 64 65 67 68 69 69
    61 61 62 63 64 65 66 66 65 65 65 65 65 65 65 65 64 63 62 61 59 58 57
    57 57 58 59 59 59 59 59 59 59 60 61 62 63 65 66 66 67 67 66 65 64 63
    61 60 59 59 59 60 61 63 64 65 66 66 67 67 68 68 68 68 68 67 67 65 64
    63 61 60 60 60 60 61 61 61 62 62 62 62 62 63 63 64 64 64 65 65 65 65
    66 65 65 65 65 64 63 63 62 61 60 60 59 59 59 59 58 58 58 58 59 60 60
    61 61 60 60 58 57 56 56 56 58 60 63 65 68 69 70 71 71 70 69 68 67 65
    65 64 64 64 65 65 65 66 65 65 65 65 64 64 63 63 62 62 62 63 64 65 66
    66 66 66 66 65 65 65 65 65 65 65 65 65 65 65 64 64 64 64 65 65 66 67
    67 66 66 65 64 64 63 64 64 64 64 64 64 63 62 62 62 61 61 61 61 62 63
    64 65 66 67 67 67 67 66 65 64 63 63 62 62 62 62 62 62 62 62 62 61 60
    59 59 60 60 61 63 64 64 64 64 64 63 63 62 62 61 61 61 62 63 64 65 67
    68 68 69 60 60 61 62 63 64 65 65 65 65 64 64 64 64 64 64 64 63 62 61
    60 59 58 58 58 58 59 59 59 59 59 58 59 59 60 61 63 64 65 66 66 66 66
    65 64 63 61 60 60 60 60 61 62 63 64 65 65 66 66 67 67 67 67 67 68 67
    67 66 65 64 62 61 61 61 61 61 61 61 62 62 62 62 63 64 64 64 64 64 64
    64 64 64 64 64 63 63 63 62 62 61 61 59 59 58 58 58 57 57 57 57 57 57
    58 59 59 60 60 60 59 58 57 56 56 57 58 61 63 66 68 70 70 71 71 70 69
    67 66 65 64 64 64 64 65 65 65 66 65 65 65 64 64 63 63 62 62 62 62 63
    64 65 65 66 66 65 65 65 64 64 64 65 65 66 66 66 65 65 64 64 64 64 65
    66 67 67 67 66 66 65 64 64 64 64 64 64 64 64 64 63 62 62 62 61 61 61
    62 62 63 64 65 67 67 67 67 67 66 65 64 63 63 62 61 61 61 61 62 62 62
    62 61 61 60 60 61 61 62 64 64 65 65 65 64 63 62 61 61 61 61 61 62 62
    64 65 66 67 68 68 59 59 60 61 63 64 64 64 64 63 63 62 62 62 62 62 62
    62 61 60 60 59 58 58 58 59 59 60 60 60 59 59 58 59 59 61 62 64 65 66
    66 66 66 65 64 63 62 61 61 61 62 63 64 64 65 65 65 65 65 66 66 66 66
    67 67 67 67 66 65 65 63 63 62 62 62 62 62 62 62 62 62 62 63 64 64 65
    65 64 64 64 63 62 62 62 62 62 62 61 61 60 60 59 58 58 57 57 57 56 56
    56 56 57 57 58 59 60 60 59 58 57 57 56 57 57 59 61 63 66 68 69 70 70
    70 69 68 66 65 64 64 64 64 65 65 66 66 66 65 65 65 64 64 63 63 62 62
    62 62 63 64 65 65 65 65 64 64 64 63 64 64 65 65 66 66 67 66 66 65 65
    65 65 66 66 67 67 67 66 66 65 65 65 64 64 64 64 64 63 63 62 62 62 62
    62 62 62 63 63 64 65 66 67 67 67 67 66 65 64 63 63 62 61 61 60 60 61
    61 61 62 62 62 61 61 61 62 63 64 65 65 66 65 65 64 63 62 61 61 60 60
    60 61 62 63 64 65 66 67 67 58 58 59 61 62 63 63 63 63 62 62 61 61 61
    61 61 61 61 61 60 60 59 59 59 59 59 60 60 60 60 59 59 59 59 60 61 62
    63 64 65 65 65 65 64 63 63 62 62 62 62 63 64 65 65 65 65 65 65 64 65
    65 65 66 66 67 67 67 66 66 65 64 64 63 63 63 63 62 62 62 62 62 62 63
    64 64 64 64 64 63 62 62 61 61 61 61 61 61 60 60 59 59 58 58 57 57 56
    56 55 55 56 56 57 57 58 59 60 60 59 59 58 57 57 58 58 60 62 64 66 67
    68 69 69 68 67 66 65 64 63 63 64 64 65 66 66 66 66 66 65 65 64 64 63
    62 62 62 62 62 63 64 64 65 65 64 64 63 63 63 64 65 65 66 67 67 68 67
    67 66 66 66 66 66 67 68 67 68 67 67 66 66 66 65 65 65 65 64 63 63 62
    62 62 62 62 63 63 64 65 66 67 67 68 68 67 67 66 65 64 64 63 62 61 61
    60 60 61 61 62 62 62 63 62 63 63 63 64 65 66 66 66 66 65 64 63 62 61
    60 59 59 59 60 61 61 62 64 65 65 65 58 58 59 60 61 62 63 63 62 61 60
    60 59 59 59 59 59 59 59 59 59 59 59 59 60 60 60 60 60 60 59 59 59 59
    60 61 62 63 64 64 64 64 64 63 63 62 62 62 63 64 65 65 66 66 66 65 65
    64 64 64 64 64 65 65 66 67 67 67 66 66 65 65 64 64 64 63 63 62 62 61
    61 62 63 63 64 64 64 63 62 62 61 60 60 60 60 60 60 59 59 59 58 58 57
    57 56 56 55 55 55 55 56 57 58 59 60 60 60 59 59 58 58 58 59 59 61 62
    64 65 66 67 67 67 67 66 65 64 63 63 63 64 65 66 67 67 67 67 66 66 65
    64 64 63 62 62 62 62 62 63 64 65 65 65 64 63 63 63 63 64 65 66 67 68
    68 68 68 68 67 67 67 67 67 67 68 68 68 67 67 67 67 67 66 66 66 65 64
    63 63 63 63 63 63 63 64 64 66 66 67 68 68 69 68 68 67 66 65 64 63 63
    62 61 61 61 61 61 61 62 62 62 63 63 63 64 64 65 66 66 67 67 66 66 64
    63 62 61 60 59 59 59 59 59 60 61 62 63 63 64 58 58 59 60 61 62 62 62
    61 60 60 59 58 58 58 57 58 58 58 59 59 60 60 60 60 61 61 61 61 60 60
    59 59 60 60 61 62 63 64 64 64 63 63 62 62 62 62 63 64 65 66 66 66 66
    66 65 65 64 63 64 64 64 65 65 66 67 67 67 66 66 65 65 64 64 64 64 63
    62 62 61 61 62 62 63 63 63 63 62 61 61 60 60 60 60 59 59 59 59 59 58
    58 57 57 56 56 56 55 55 55 56 56 58 59 60 61 61 61 60 60 59 59 59 60
    60 61 63 64 65 65 66 66 65 65 64 63 63 62 63 63 64 65 66 67 68 68 68
    67 66 66 65 64 64 63 62 62 62 62 63 64 64 64 64 64 63 63 63 64 65 66
    67 68 69 69 69 69 69 68 68 68 68 68 68 69 68 69 68 68 68 68 68 67 67
    66 66 65 64 63 63 63 63 64 64 65 66 67 68 69 69 69 70 69 68 67 66 65
    64 64 63 63 62 62 62 61 62 62 62 63 63 64 64 65 65 66 66 67 67 67 67
    66 65 64 63 62 60 60 59 58 58 58 59 59 60 61 62 62 62 59 59 60 61 61
    62 62 62 61 60 59 58 58 57 57 56 57 57 58 59 59 60 61 61 61 62 62 62
    61 61 60 60 60 60 61 62 63 63 63 63 63 62 62 62 61 62 62 63 64 65 66
    66 66 66 66 65 64 64 63 63 64 64 65 65 66 67 67 67 66 66 65 65 64 65
    64 64 63 63 62 62 62 62 62 62 63 63 62 61 61 60 60 60 59 60 59 59 59
    58 58 57 57 56 56 56 56 56 56 56 56 57 58 59 61 62 62 63 62 62 61 60
    60 60 61 61 62 63 64 64 65 65 64 64 64 63 63 62 63 63 64 65 66 68 69
    69 69 69 68 67 67 66 65 64 63 63 63 62 63 63 64 64 64 64 64 64 64 64
    65 66 67 68 69 69 69 70 70 70 69 69 69 68 68 68 69 68 69 68 68 68 68
    69 68 68 68 67 66 65 65 64 65 65 65 65 66 67 68 69 70 70 70 70 69 68
    67 66 65 64 64 64 63 63 62 62 62 62 62 63 63 64 64 65 65 65 66 66 67
    67 67 67 66 66 64 63 62 61 60 59 58 58 58 58 59 60 60 61 61 61 60 60
    61 61 62 62 63 62 62 61 60 59 58 57 56 56 56 57 57 58 59 60 61 61 62
    62 62 62 61 61 61 60 61 61 61 62 63 63 63 63 62 61 61 61 61 62 62 63
    64 65 66 66 66 66 66 65 65 64 64 64 64 64 65 65 66 66 66 66 65 65 64
    64 64 64 64 64 64 63 63 62 62 62 62 62 62 62 61 60 60 60 59 60 59 60
    60 59 59 58 58 57 56 56 56 56 56 56 57 57 58 59 60 62 63 64 64 64 64
    63 62 61 61 61 61 62 62 63 63 64 64 63 63 63 63 62 62 62 63 63 64 66
    67 68 69 70 70 70 70 69 68 67 66 65 65 64 64 63 63 64 64 64 64 64 64
    64 65 66 67 68 69 69 70 70 70 70 70 70 70 69 69 68 68 68 68 68 68 68
    68 68 68 69 69 69 69 68 67 66 66 65 65 65 66 66 67 67 68 69 69 70 70
    70 69 68 67 66 65 65 65 65 64 64 64 64 64 64 64 64 64 65 65 65 66 66
    67 67 67 67 67 67 66 65 64 63 62 61 60 59 58 58 58 59 59 60 60 60 60
    60 61 62 62 63 63 64 64 63 63 62 61 59 59 57 57 56 57 57 58 59 60 61
    62 62 62 62 62 62 62 62 61 61 61 62 62 62 63 63 63 62 62 61 61 61 61
    62 63 64 64 65 65 65 65 65 65 65 65 64 64 64 64 64 65 65 66 66 66 65
    64 64 63 63 63 64 64 64 64 64 63 63 62 62 62 62 62 61 61 60 60 59 59
    60 60 61 60 60 59 58 57 56 56 55 55 55 56 57 58 59 60 61 62 64 65 66
    66 66 66 64 63 62 62 61 62 62 63 63 63 63 63 63 63 63 63 62 63 63 63
    64 65 66 68 69 70 71 71 71 70 70 69 68 67 66 65 65 64 64 63 63 63 64
    64 64 64 65 66 67 68 69 70 70 71 71 70 71 70 70 69 69 69 68 68 68 68
    68 68 68 68 68 68 69 70 70 70 69 69 68 67 67 67 67 67 67 67 67 68 68
    69 69 69 69 68 67 66 66 65 65 65 65 65 65 65 65 65 64 64 65 65 65 66
    66 66 67 67 67 68 67 67 66 65 65 64 63 62 61 60 59 59 59 59 60 60 60
    61 61 61 61 63 64 64 64 64 64 64 64 64 63 62 60 59 58 57 57 57 58 59
    60 61 62 62 63 63 63 63 62 62 62 62 62 62 62 63 63 63 63 62 62 61 61
    61 61 62 62 63 64 64 65 65 65 64 64 65 65 65 65 65 65 65 65 65 65 66
    66 65 65 64 63 62 62 63 64 64 65 65 64 64 63 63 63 62 62 62 61 60 60
    59 59 60 60 61 61 61 60 59 58 57 56 55 55 55 55 56 58 59 60 61 63 65
    66 67 68 68 68 67 66 64 63 62 62 62 62 63 63 63 63 63 63 62 63 63 63
    63 64 64 65 65 67 68 69 70 71 72 72 71 71 70 69 68 68 67 66 65 65 64
    64 63 63 63 64 64 65 66 67 69 70 71 71 71 71 71 70 70 70 69 68 68 67
    67 67 67 67 67 67 67 68 68 69 69 70 70 70 69 69 68 68 68 67 67 67 67
    66 67 67 67 68 68 68 67 67 66 66 65 65 66 66 66 66 66 66 66 65 65 65
    65 65 65 65 66 66 67 67 68 68 67 66 65 64 63 62 61 60 59 59 59 59 60
    60 61 61 61 61 61 61 65 65 65 65 65 65 65 65 65 64 63 62 61 59 59 58
    59 59 60 61 62 62 63 63 63 62 62 62 62 62 62 63 63 63 63 63 63 62 62
    62 61 61 61 62 62 63 64 64 64 64 64 64 63 64 64 64 65 65 65 65 65 65
    65 65 66 65 65 64 63 62 62 62 62 63 64 65 65 65 65 64 64 63 63 62 62
    61 60 59 59 59 60 61 61 62 61 61 60 58 57 55 55 54 55 55 56 58 59 61
    63 65 66 68 69 70 70 70 69 67 66 64 63 63 63 63 63 64 64 64 63 63 63
    63 63 63 64 64 65 65 66 67 68 69 70 71 71 72 72 71 71 70 69 68 68 67
    66 65 64 63 63 63 63 63 64 65 67 68 69 70 71 71 71 71 70 70 69 68 67
    67 66 66 66 66 67 67 67 66 67 67 67 68 69 70 70 70 70 69 69 68 68 68
    67 67 67 66 66 66 66 66 66 67 66 66 65 65 65 65 66 66 66 67 67 66 66
    66 66 66 66 65 66 66 66 67 67 68 68 67 67 66 64 63 62 61 60 59 59 58
    59 59 61 62 62 63 63 62 62 62 66 66 66 66 66 66 66 65 65 64 64 62 62
    60 60 60 60 61 61 62 63 63 63 63 63 63 63 62 63 63 63 64 64 64 64 63
    63 62 61 61 61 61 62 63 63 64 65 65 65 64 64 63 63 63 64 64 65 65 66
    66 65 65 65 66 66 66 65 64 63 62 62 62 62 64 64 65 65 66 65 65 64 64
    63 62 62 61 60 60 59 60 60 62 62 63 62 61 60 58 57 55 55 55 55 56 57
    58 60 62 64 66 67 69 70 71 71 70 69 68 66 65 64 63 63 63 64 64 64 64
    64 63 63 63 64 64 65 65 65 66 66 67 68 68 69 70 71 71 71 71 71 70 69
    69 68 68 67 66 64 63 63 62 63 63 64 65 66 67 68 69 70 70 70 70 69 68
    67 66 65 64 64 64 64 65 65 66 66 66 66 66 67 68 69 69 70 70 69 69 69
    68 68 68 68 67 66 66 65 65 65 65 65 65 65 65 64 64 64 65 65 66 66 67
    67 67 67 66 66 66 65 65 65 65 66 66 67 68 68 68 67 66 64 63 62 60 59
    59 58 58 59 59 61 62 63 63 63 63 62 62 66 67 66 66 66 66 66 65 65 65
    64 63 62 61 61 61 61 62 63 64 64 64 64 63 63 62 62 62 63 63 64 64 65
    65 64 64 63 62 61 61 61 61 62 63 64 65 65 66 65 64 64 63 63 63 64 64
    65 66 66 66 66 66 66 66 66 66 65 64 63 62 61 62 63 64 65 66 66 66 65
    65 65 64 63 62 62 60 60 59 59 60 61 62 63 64 63 62 61 59 58 56 56 55
    56 56 57 59 60 62 64 66 68 69 70 71 71 71 70 68 67 66 64 64 63 64 64
    64 64 64 64 63 63 63 64 64 65 65 66 66 66 66 67 67 68 69 70 70 71 71
    70 70 70 69 69 68 67 66 64 63 62 62 62 62 63 64 65 66 68 69 69 70 69
    69 68 67 65 64 63 62 62 62 63 64 65 65 65 65 65 66 66 67 68 68 69 69
    69 69 69 68 69 68 68 67 67 66 65 65 64 65 64 65 64 64 64 64 64 64 65
    66 67 67 67 67 67 66 66 65 65 65 64 65 65 66 67 67 68 67 66 65 64 62
    60 59 58 58 57 57 58 59 61 62 63 64 64 64 64 64 66 67 66 66 65 65 65
    65 65 65 64 63 63 62 62 62 62 63 64 64 65 64 64 63 63 62 62 62 63 64
    64 65 65 65 65 64 63 62 61 61 61 61 62 64 65 65 66 66 65 65 64 64 63
    63 64 64 65 65 66 66 66 66 66 66 66 66 65 65 64 63 62 62 63 64 65 66
    66 66 65 65 64 64 63 62 62 60 60 59 60 60 61 63 64 65 64 64 62 60 59
    57 57 56 56 56 57 59 60 62 63 65 67 68 69 70 70 70 69 68 67 66 65 64
    64 64 64 65 65 65 64 64 64 64 64 65 65 66 66 66 66 66 67 67 67 68 69
    69 70 70 70 70 69 69 68 68 67 66 65 63 62 62 62 62 63 64 65 65 66 67
    67 68 67 67 66 65 63 62 61 60 60 61 62 63 64 64 65 65 65 65 66 67 67
    68 68 68 68 68 68 68 68 68 68 68 67 66 66 65 64 64 64 64 63 63 63 63
    63 63 64 65 66 66 67 66 66 66 65 65 64 64 64 64 65 65 66 67 67 67 66
    65 63 62 60 59 58 57 57 57 58 59 61 62 63 64 64 64 64 64 65 65 65 65
    64 64 64 64 64 64 64 64 63 63 62 63 63 64 65 65 65 65 64 63 63 62 62
    62 63 64 65 66 66 66 65 64 63 62 61 61 61 61 62 64 65 66 67 67 66 66
    65 64 63 64 64 64 65 66 66 66 66 66 66 66 66 66 66 65 64 63 63 63 64
    65 65 66 66 66 65 64 64 63 63 62 62 60 60 60 60 61 62 64 65 66 65 65
    63 62 60 59 58 58 58 58 58 59 60 62 63 65 66 67 68 69 69 69 69 68 67
    66 65 64 64 64 64 65 65 65 64 64 64 64 64 64 65 65 65 66 65 65 65 65
    66 66 67 68 68 69 69 69 69 69 68 68 67 66 65 63 63 62 62 62 63 63 64
    64 65 65 66 66 65 65 64 63 61 60 59 59 59 59 61 62 63 64 64 64 65 65
    65 66 66 67 67 67 66 66 67 67 68 68 68 68 68 67 66 66 65 65 64 64 63
    63 62 62 62 63 64 65 66 67 67 67 67 66 65 65 64 64 64 64 64 65 66 67
    67 67 66 64 63 61 60 58 57 57 56 57 58 59 60 62 63 63 64 64 64 64 64
    64 64 63 63 63 63 63 63 63 64 63 63 63 62 63 63 64 65 65 65 65 64 63
    63 62 62 63 64 65 66 66 67 66 66 65 63 62 61 61 61 61 62 64 65 66 67
    67 67 66 65 65 64 64 64 65 65 65 65 66 66 66 66 66 67 67 66 66 65 64
    64 64 65 65 65 66 65 65 64 64 63 63 63 62 62 61 61 60 61 62 63 65 66
    67 67 66 65 63 62 60 60 59 59 59 59 60 61 62 63 64 65 66 67 67 68 68
    68 68 67 66 65 65 64 64 65 65 65 65 65 64 64 64 65 65 65 66 65 66 65
    65 65 64 65 65 65 66 67 68 68 68 68 68 68 67 67 65 64 63 63 62 62 62
    63 63 64 64 64 64 64 64 63 63 62 61 60 59 58 58 58 59 60 62 63 63 64
    64 64 65 65 66 66 66 66 66 65 66 66 67 67 68 69 69 69 68 67 67 66 66
    65 65 64 63 62 62 62 63 64 65 66 67 67 67 67 66 65 64 64 63 63 64 64
    65 66 66 67 66 66 64 63 61 60 58 58 57 57 57 58 58 59 60 62 62 63 64
    64 64 62 63 62 62 62 61 62 62 62 62 63 63 62 62 62 63 63 64 64 65 65
    64 64 63 62 62 62 63 64 65 66 66 67 66 66 65 63 62 61 61 61 61 62 63
    65 66 67 68 68 67 67 66 65 65 65 65 65 66 66 66 66 66 66 66 66 66 66
    66 65 65 65 64 65 65 65 65 65 64 63 63 62 63 63 62 62 61 61 61 61 62
    63 65 66 67 67 67 66 64 63 62 61 60 60 60 60 61 62 63 63 64 65 65 66
    66 67 67 67 67 66 65 64 64 63 63 64 64 65 65 65 65 65 65 65 65 65 65
    65 65 65 64 64 63 63 63 64 65 66 67 67 68 68 68 68 67 67 66 65 64 63
    63 63 63 63 63 63 63 63 63 62 62 62 62 61 61 60 59 58 58 59 59 60 61
    62 63 63 64 64 64 65 65 65 65 65 64 64 65 65 66 67 67 68 68 69 68 68
    68 67 67 66 65 64 63 62 62 62 63 64 66 67 68 68 68 67 66 65 65 64 64
    64 64 64 65 66 66 66 66 66 64 63 61 60 59 58 58 57 57 58 58 59 60 60
    61 62 63 63 63 61 62 61 61 61 60 61 61 61 61 62 62 62 62 62 62 62 63
    64 64 64 63 63 62 62 62 62 63 64 65 66 67 67 67 66 65 64 63 62 61 61
    61 62 63 64 65 67 67 68 68 67 67 66 66 65 65 65 65 65 65 66 66 66 66
    66 67 67 66 66 66 66 65 65 65 65 65 64 63 62 62 62 62 63 63 63 62 62
    62 62 62 63 65 66 67 67 67 66 65 64 63 62 61 61 61 61 62 63 63 64 64
    65 65 65 65 66 66 66 66 65 65 64 64 63 63 64 64 65 65 65 65 65 65 65
    65 65 65 65 65 64 64 63 62 62 62 63 64 64 65 66 67 67 68 67 67 67 66
    65 64 64 63 63 63 64 63 63 63 62 62 62 62 61 61 60 60 59 59 58 58 59
    59 60 61 62 62 63 63 64 64 64 64 64 64 64 64 63 64 64 65 66 67 68 68
    69 69 69 68 68 67 66 66 65 64 63 63 63 64 65 66 68 68 69 68 68 67 66
    66 65 65 64 65 65 65 66 66 66 66 65 64 63 61 60 59 59 58 58 58 58 58
    58 59 59 60 61 62 62 62 60 61 60 60 60 59 59 59 60 60 60 60 60 61 61
    61 61 62 62 63 63 63 63 62 62 62 63 64 65 66 67 67 67 67 66 65 64 63
    62 61 61 61 61 62 64 65 67 68 68 69 68 68 67 67 66 66 66 66 65 65 65
    65 65 66 66 66 67 67 67 67 67 66 66 65 65 64 63 62 61 61 61 62 63 63
    63 63 63 62 62 63 64 65 66 67 67 67 66 65 64 63 63 62 62 63 63 63 64
    64 65 65 65 65 65 64 65 65 65 65 65 64 63 63 62 63 63 64 65 65 66 66
    66 66 66 66 65 65 65 65 64 63 63 62 62 62 62 63 64 65 66 67 67 68 67
    67 67 66 65 64 64 64 64 64 64 63 63 62 62 61 61 61 60 60 60 60 60 59
    59 59 60 60 60 61 61 62 62 63 63 63 64 64 64 63 63 63 63 63 64 65 66
    67 67 68 68 68 69 68 68 68 67 67 66 65 64 64 64 65 66 67 69 69 70 69
    69 68 67 66 66 65 65 65 65 66 66 67 67 67 66 65 64 62 61 60 60 59 58
    58 58 58 57 58 58 59 59 60 61 61 60 61 60 60 59 59 58 58 58 58 59 59
    59 60 60 60 60 61 61 62 62 62 62 62 62 62 63 64 65 66 67 67 67 67 66
    65 64 63 62 61 60 60 61 62 63 65 66 68 69 69 69 69 68 68 67 67 66 66
    65 65 65 65 65 65 65 66 66 67 67 67 67 67 67 66 65 64 63 62 61 61 61
    62 63 64 64 64 64 63 62 63 63 64 65 66 66 66 65 65 64 64 64 63 63 63
    64 64 65 65 66 66 66 65 65 64 64 64 64 65 64 64 63 63 62 62 63 63 64
    65 66 66 66 66 66 66 66 66 65 65 64 63 63 62 61 61 61 62 63 64 65 66
    67 67 67 67 66 66 65 65 64 64 64 64 64 64 63 63 62 61 61 61 61 61 61
    61 61 60 60 60 60 60 60 61 61 61 62 62 63 63 64 63 63 63 63 63 63 63
    64 65 66 67 67 68 68 68 68 68 68 68 67 67 66 66 65 65 65 66 67 68 69
    70 70 70 69 68 68 67 67 66 66 66 66 66 66 67 67 67 67 65 64 63 62 61
    60 60 59 59 58 58 57 57 58 58 59 60 61 60 61 61 61 60 60 59 58 57 57
    57 57 57 57 58 58 59 59 60 60 60 61 61 61 61 62 62 63 64 65 66 67 67
    67 67 66 65 64 63 62 60 60 60 60 61 63 64 66 68 69 69 69 69 69 68 68
    67 67 66 65 65 65 65 65 65 65 66 67 68 68 69 69 68 68 67 66 64 63 62
    61 61 61 62 63 64 64 64 64 63 62 62 62 63 64 64 64 65 64 64 64 63 64
    64 64 64 64 65 65 66 66 66 66 66 65 64 64 64 64 64 64 64 63 63 62 62
    63 64 65 65 66 67 67 67 67 67 66 66 66 65 64 63 62 61 61 61 61 62 63
    64 65 66 67 67 67 67 67 66 65 65 65 65 64 64 64 64 63 62 62 61 61 61
    61 61 61 61 61 61 61 61 61 61 60 60 60 61 61 62 63 63 63 63 63 63 63
    63 63 64 64 65 66 67 67 67 68 67 68 67 68 68 68 68 67 67 66 66 66 67
    68 68 69 70 70 70 69 69 68 68 68 67 67 66 66 66 67 67 67 67 67 66 65
    64 63 62 62 61 60 60 59 58 58 57 58 58 59 59 60 60 62 62 62 61 60 59
    58 57 56 56 56 56 56 57 57 58 58 59 59 60 60 60 60 61 61 62 63 64 65
    66 67 67 67 67 66 65 63 62 61 60 60 60 60 61 62 64 66 67 68 69 69 69
    69 68 68 67 67 66 65 65 65 64 64 65 65 66 67 68 69 69 70 69 69 68 67
    65 64 62 61 61 61 62 63 64 64 64 64 63 62 62 61 62 62 63 63 63 63 63
    63 63 64 64 64 65 65 65 65 66 66 67 67 66 65 65 65 64 65 64 64 64 63
    63 62 62 63 63 65 65 66 67 67 67 67 67 66 67 66 65 64 63 62 61 61 61
    61 62 63 64 65 66 67 67 67 67 66 66 65 65 65 65 65 65 65 64 64 63 62
    62 61 61 61 61 62 62 62 62 62 62 62 61 60 60 60 60 61 61 62 63 63 63
    63 63 63 63 63 64 65 66 66 67 67 67 67 67 67 67 67 67 68 68 68 68 68
    68 67 68 68 69 69 69 69 69 69 69 69 69 68 68 67 67 66 67 67 67 67 67
    67 66 65 64 64 63 62 62 61 61 60 59 58 58 58 58 59 60 60 60 64 64 63
    62 61 60 58 57 56 55 55 55 55 56 57 58 59 59 60 60 60 60 60 61 61 62
    63 64 66 67 68 68 68 67 66 65 63 62 61 60 59 59 60 61 62 64 66 67 68
    69 69 69 69 68 68 67 67 66 65 65 65 64 64 65 66 67 68 69 70 71 71 71
    70 69 68 66 65 63 62 61 62 62 63 64 64 64 64 63 62 62 61 61 62 62 62
    63 63 63 63 63 64 64 65 65 65 65 65 66 66 67 66 66 65 65 65 64 65 64
    65 64 64 63 63 63 63 64 65 65 66 66 66 66 67 67 67 67 67 66 65 64 63
    62 61 61 61 62 63 64 64 65 66 66 66 66 65 65 64 64 64 64 64 64 64 64
    64 63 63 62 62 62 62 62 62 62 63 63 63 63 62 62 61 60 60 60 61 61 62
    63 63 63 63 63 63 63 63 64 65 66 67 67 67 67 67 66 67 66 67 67 68 69
    69 69 69 69 68 68 68 68 69 69 69 69 69 69 68 69 68 68 67 67 66 66 66
    67 67 67 67 66 65 64 64 64 63 63 63 62 61 60 60 59 59 60 60 60 61 61
    65 65 65 63 62 60 58 57 55 55 54 54 55 56 57 58 59 60 60 60 60 60 60
    61 61 62 63 64 66 67 67 68 67 67 66 64 63 62 61 60 59 59 60 61 63 64
    66 67 68 69 68 68 68 68 67 67 66 66 65 65 65 65 65 65 66 67 68 70 71
    72 72 72 71 70 69 67 65 63 62 62 62 62 63 64 64 65 64 63 63 62 61 61
    61 62 62 62 62 63 63 64 64 64 65 64 64 64 64 65 65 66 66 66 66 65 65
    65 65 65 65 65 64 63 63 63 63 64 64 65 65 66 66 66 66 66 66 67 66 66
    65 64 63 62 62 61 62 62 63 64 64 65 65 65 65 65 65 64 64 63 63 64 64
    64 64 64 64 63 63 63 63 62 63 63 63 63 63 64 64 64 63 62 61 60 60 60
    61 61 62 62 63 63 63 62 63 63 63 65 65 66 67 67 67 67 67 66 66 66 67
    67 68 69 70 70 70 69 69 68 68 68 68 68 68 68 68 68 68 69 68 68 67 66
    65 65 65 66 66 66 66 65 65 64 64 64 64 64 64 63 63 62 61 61 61 61 61
    61 62 61 67 67 66 65 63 61 59 57 56 55 55 55 56 57 59 60 61 61 62 62
    62 61 61 62 62 62 63 65 66 67 68 68 68 67 66 64 63 62 61 60 60 60 61
    61 63 65 66 67 67 68 67 68 67 67 66 66 66 65 65 65 65 65 65 66 67 68
    69 71 72 72 73 72 72 71 69 67 66 64 63 62 62 63 63 64 65 65 65 64 63
    63 62 62 62 62 63 63 63 64 64 64 65 65 64 64 64 64 64 65 65 66 66 66
    65 65 65 65 65 65 65 65 65 64 64 64 64 64 64 65 65 65 65 65 65 66 66
    67 67 66 66 64 63 63 62 62 62 63 63 63 63 64 64 64 64 64 63 63 63 62
    63 63 63 64 64 64 64 64 64 64 64 64 64 63 64 64 64 64 64 64 63 63 62
    61 61 61 61 61 63 63 63 63 63 62 63 63 64 65 66 67 67 68 68 67 67 66
    66 66 67 67 68 70 70 70 70 70 69 68 68 68 67 67 67 67 68 68 68 68 68
    67 66 65 64 64 64 64 64 64 65 64 64 64 64 65 65 65 65 65 64 64 63 62
    62 62 62 62 62 62 68 68 67 66 64 62 60 58 56 56 56 57 58 59 61 62 63
    64 64 64 64 63 63 63 63 63 64 65 66 67 68 68 68 67 66 64 63 62 61 60
    60 60 61 62 64 65 66 67 68 68 67 67 67 66 66 66 66 65 65 65 65 65 66
    67 68 69 70 71 72 73 73 72 72 71 69 67 66 64 63 62 62 63 64 65 65 66
    66 66 65 64 64 64 64 64 64 64 64 65 65 65 65 65 64 64 63 63 63 64 64
    65 65 66 65 65 65 65 65 65 65 65 65 64 64 64 63 64 64 64 64 64 64 64
    64 65 65 66 66 66 65 64 63 63 63 62 63 63 63 63 63 63 63 63 63 63 62
    62 62 61 62 62 62 63 64 64 64 64 64 64 65 64 65 64 64 64 64 65 64 65
    64 63 62 62 61 61 61 62 62 62 63 62 62 62 62 63 63 65 66 67 67 68 67
    67 67 66 66 66 67 67 68 70 70 71 70 70 69 68 68 68 67 67 67 67 68 68
    68 68 67 66 65 63 63 62 62 62 62 63 63 63 63 63 64 65 65 66 66 66 66
    65 64 64 64 63 63 63 63 63 70 69 68 67 64 62 60 58 57 57 58 59 60 62
    64 65 66 66 66 66 66 65 64 64 64 64 65 66 67 67 68 68 68 67 66 65 64
    62 61 61 61 61 62 63 65 66 67 68 68 68 67 67 66 66 66 66 66 65 66 65
    66 66 66 67 68 69 70 72 72 72 72 72 71 70 68 66 65 64 63 62 63 63 64
    66 66 67 67 67 67 66 66 65 65 65 66 66 66 66 66 65 66 65 64 63 63 63
    63 63 64 65 65 66 65 65 65 65 65 65 66 65 65 65 64 64 63 63 63 63 63
    63 63 63 63 64 64 65 65 65 65 64 63 63 63 62 63 63 63 62 62 62 62 62
    62 62 62 61 61 61 61 61 62 63 63 64 64 65 65 65 66 66 66 65 65 65 65
    65 65 65 64 64 63 62 62 62 62 62 63 63 63 62 62 62 62 63 63 64 66 67
    67 68 68 67 67 66 66 66 67 67 68 69 70 70 70 70 68 68 67 67 67 67 67
    67 68 68 67 67 66 65 63 62 61 61 60 61 61 61 62 62 62 63 64 65 65 66
    67 66 66 66 65 65 65 64 64 64 64 64 70 70 69 67 65 63 61 59 58 58 59
    60 62 64 66 67 68 69 69 68 68 67 66 66 65 65 65 66 67 67 67 68 68 67
    67 66 65 63 62 61 61 61 62 63 65 66 67 68 68 68 68 67 66 66 66 66 66
    66 66 66 66 66 67 67 68 69 70 71 71 71 71 70 69 68 67 65 64 63 62 62
    62 63 64 66 67 68 69 69 68 68 67 67 67 67 67 68 67 67 67 66 66 65 64
    63 63 62 62 63 64 65 65 65 65 65 65 65 66 65 66 65 65 65 64 64 63 63
    63 63 62 62 62 62 62 63 63 64 64 64 64 63 63 62 62 62 63 63 63 62 62
    62 61 62 61 62 61 61 61 60 60 61 61 62 63 64 64 65 65 66 66 66 66 66
    66 65 65 65 65 65 64 64 63 63 63 62 63 63 63 63 63 62 62 62 62 63 63
    65 66 67 67 68 68 67 67 66 66 66 67 67 68 69 70 70 69 69 68 68 67 67
    67 67 67 67 67 67 67 66 65 64 62 61 60 59 59 59 60 60 61 61 62 63 64
    65 66 67 67 67 67 67 66 66 65 65 64 64 64 64 71 70 69 67 65 63 61 59
    59 60 61 63 65 67 69 70 71 71 71 70 70 69 68 67 67 66 66 67 67 67 67
    67 67 67 67 66 65 64 63 62 61 61 62 63 65 66 67 68 69 69 68 68 67 67
    66 66 66 66 66 66 66 66 66 67 68 69 69 70 70 70 69 69 68 67 66 64 63
    62 62 61 62 63 65 66 68 69 69 70 69 69 69 69 69 69 69 69 69 68 68 66
    66 64 63 63 62 62 63 63 64 65 65 65 65 65 66 65 66 66 66 66 66 65 64
    64 63 63 62 62 62 62 61 61 61 61 62 62 62 63 62 62 62 62 62 62 63 63
    62 62 62 61 61 62 61 62 61 61 61 60 61 61 61 62 63 64 64 65 66 66 67
    67 67 67 67 66 66 65 65 65 64 63 63 62 62 62 63 63 63 63 62 62 61 61
    62 63 63 65 66 67 67 68 68 67 67 67 66 66 67 67 68 69 70 70 69 69 68
    67 67 66 66 67 67 67 67 67 67 66 65 63 61 60 59 58 58 58 59 60 60 61
    62 63 64 65 65 66 66 66 67 66 66 66 65 65 64 64 64 63 71 70 69 67 65
    62 60 60 59 60 62 65 67 69 71 72 72 72 72 71 71 70 69 68 67 67 66 67
    66 67 67 67 67 67 67 67 66 64 63 62 61 61 62 63 64 66 67 69 69 69 69
    68 68 67 67 67 67 66 66 66 66 65 66 66 67 68 68 69 68 68 67 66 66 65
    64 63 62 61 61 61 62 63 64 66 68 69 70 70 70 70 70 70 70 70 70 70 70
    69 68 66 66 64 63 62 62 62 63 64 64 65 65 65 65 65 65 65 66 66 66 66
    66 65 64 63 63 62 61 61 61 61 61 60 60 60 60 61 61 61 61 61 61 61 61
    61 62 62 62 62 61 61 61 62 62 62 62 61 61 61 61 61 61 62 62 63 64 65
    66 66 67 67 68 67 67 67 66 66 65 65 64 63 62 62 62 62 63 63 63 63 62
    62 61 61 61 62 63 65 66 66 67 67 67 67 67 66 66 66 67 67 68 69 69 69
    69 68 67 66 65 65 65 66 66 66 67 67 66 65 64 62 60 59 58 57 58 58 59
    59 61 62 63 64 64 65 65 66 66 66 66 66 66 66 65 65 64 64 63 63 70 70
    68 66 64 62 60 60 60 61 64 66 68 71 72 73 73 72 72 71 71 70 69 68 67
    67 66 66 66 66 66 66 66 67 67 66 66 64 63 61 61 60 61 62 63 65 67 68
    69 69 69 69 68 68 68 68 68 67 67 66 66 65 66 66 67 67 67 68 67 66 65
    65 64 63 63 62 61 61 60 60 61 62 63 65 67 68 69 70 70 70 70 70 70 70
    70 70 70 69 68 66 65 63 62 62 62 62 63 64 64 64 64 65 64 65 65 65 66
    66 66 66 66 65 64 63 62 62 61 61 61 61 61 60 60 60 59 59 59 60 60 60
    60 60 61 61 62 62 62 62 62 62 62 62 62 63 63 62 62 61 62 61 61 62 62
    63 64 65 65 66 67 67 68 67 67 67 66 66 65 64 63 62 61 61 61 62 62 63
    63 63 62 62 61 61 61 62 63 65 66 66 67 67 67 67 67 66 66 66 67 68 68
    69 69 69 68 68 66 66 65 65 65 65 66 66 66 66 66 65 64 62 60 59 58 57
    58 58 59 60 61 62 63 64 65 66 66 66 66 66 66 66 66 66 65 65 64 63 63
    63 70 69 68 66 63 61 60 60 60 62 64 67 69 71 72 73 72 72 71 71 70 69
    68 67 67 66 65 65 65 65 65 65 66 66 66 66 65 64 62 61 60 59 60 61 63
    65 66 68 69 69 69 69 69 68 68 68 68 68 67 66 65 65 65 65 65 66 66 66
    65 64 63 63 62 62 62 61 61 60 60 60 61 61 63 64 66 67 68 69 70 70 70
    70 70 70 70 70 69 69 67 66 64 63 62 62 62 62 63 64 64 64 64 64 64 64
    64 65 65 66 66 66 66 65 64 63 62 61 60 61 60 61 60 60 60 59 59 59 59
    59 59 59 59 60 60 61 61 61 62 62 62 62 63 63 63 63 63 63 63 62 62 62
    62 62 62 63 63 64 65 66 66 67 67 67 67 67 66 66 64 64 62 61 60 60 60
    61 62 62 63 63 62 61 61 61 61 62 62 64 65 65 66 66 66 66 66 66 67 67
    68 68 69 70 70 69 68 67 66 65 64 64 64 64 65 65 66 66 65 64 63 62 60
    59 58 57 58 58 59 60 62 63 64 65 66 66 66 66 66 65 65 65 65 65 65 64
    63 63 62 62 68 67 66 64 62 60 59 59 60 62 65 67 69 71 72 72 71 70 70
    69 68 68 67 66 65 65 64 64 64 64 64 65 65 65 65 64 64 62 61 60 59 58
    59 61 62 64 66 68 69 69 69 68 68 68 68 68 68 67 67 66 65 64 64 64 64
    65 65 64 64 63 62 61 61 61 61 61 61 60 60 60 60 60 62 63 64 66 67 68
    69 69 69 69 69 69 69 69 68 68 66 65 63 62 61 61 61 62 63 64 64 64 64
    64 63 63 64 64 65 65 66 66 66 65 64 62 61 60 59 60 60 60 60 60 59 59
    58 58 58 58 58 58 59 60 60 61 62 62 62 62 63 63 63 63 63 64 63 63 63
    62 62 62 62 62 62 63 63 64 64 65 65 66 66 66 67 67 66 66 65 64 62 61
    60 59 60 60 61 62 62 62 61 61 60 60 60 61 62 63 64 64 65 65 65 65 65
    66 66 67 68 69 70 70 70 70 68 67 66 65 64 63 63 64 64 65 65 65 65 64
    63 61 60 59 58 57 58 58 59 60 62 63 65 66 66 66 66 66 65 65 65 65 65
    64 64 63 63 62 62 62 67 66 65 63 61 60 59 59 60 62 65 67 69 70 71 70
    69 68 68 67 67 66 65 65 64 63 63 63 63 63 64 64 64 64 64 63 62 61 60
    58 58 58 58 60 62 64 66 68 68 69 68 68 68 67 67 67 68 67 67 66 65 64
    63 63 63 63 63 63 62 61 61 60 60 61 61 61 61 61 61 60 60 60 61 62 63
    64 65 67 67 68 68 68 68 68 68 68 67 67 65 64 62 61 60 60 61 62 63 63
    64 63 63 63 62 62 62 63 64 64 65 65 65 64 63 62 61 60 59 59 59 60 60
    60 59 59 58 58 58 58 58 59 59 60 61 62 62 62 62 63 63 63 63 63 63 63
    63 63 63 62 62 62 62 62 62 63 63 64 64 64 65 65 66 66 66 66 66 66 65
    64 62 61 59 59 59 60 61 61 62 62 61 61 60 60 60 61 61 62 63 63 63 64
    64 64 65 65 66 67 69 70 71 71 71 70 68 67 65 64 63 63 63 64 64 64 64
    65 64 63 62 61 59 58 58 57 58 58 60 61 63 64 65 66 67 67 66 66 65 65
    64 64 64 64 64 63 63 62 62 62 65 65 63 62 60 59 58 59 60 62 65 67 68
    69 69 68 67 66 66 65 65 64 63 63 62 62 62 62 62 63 63 64 64 63 63 62
    61 59 58 57 57 57 58 60 62 64 66 67 68 68 67 67 66 66 66 67 67 67 66
    66 65 63 63 62 62 62 62 61 61 60 60 60 60 61 61 62 62 62 62 61 61 60
    60 60 61 62 63 65 66 67 67 67 67 67 67 67 66 65 64 62 61 60 59 60 60
    61 62 63 63 63 63 62 62 62 62 62 63 64 64 65 65 64 63 61 60 59 59 59
    59 59 60 60 59 59 58 58 58 58 58 59 59 60 61 62 63 63 63 63 63 63 63
    63 63 63 63 62 63 62 62 62 62 62 62 63 63 63 64 64 64 64 64 64 65 66
    66 66 64 63 62 60 59 59 59 59 60 61 62 61 61 61 60 60 60 60 60 61 61
    62 62 62 63 63 64 65 66 68 69 70 71 71 71 70 68 67 65 64 64 63 63 64
    64 64 64 64 63 62 61 60 58 57 57 57 57 58 59 60 62 64 66 67 67 68 67
    66 66 65 64 64 64 64 63 63 62 62 61 61 64 63 62 61 59 58 58 59 60 62
    64 66 68 68 68 67 66 65 64 63 63 63 62 61 61 61 61 62 62 63 64 64 64
    63 62 61 59 58 56 56 56 57 58 60 62 64 66 67 67 67 66 66 65 65 65 65
    66 66 65 65 64 63 62 61 61 61 61 60 60 60 60 60 60 61 62 63 63 63 63
    62 61 60 60 60 60 61 62 63 64 65 66 66 66 66 66 66 65 64 63 62 60 60
    59 60 60 61 62 63 63 63 62 62 61 61 61 61 62 63 64 64 64 63 62 61 60
    59 59 59 59 59 59 60 59 59 59 58 58 58 59 59 60 61 62 63 64 64 64 64
    64 63 63 63 62 62 62 62 62 62 62 62 62 63 63 63 64 64 64 64 64 63 64
    64 64 65 65 65 64 63 62 60 59 58 58 59 60 60 61 61 61 61 60 60 60 60
    60 61 61 61 62 62 62 63 64 65 66 68 69 71 71 72 71 70 68 67 65 65 64
    64 64 64 64 64 64 64 63 61 60 59 58 57 57 56 57 58 59 61 62 64 66 67
    67 67 67 66 65 64 64 64 63 63 63 63 62 62 61 61 62 62 61 60 59 58 58
    59 60 62 64 66 67 67 67 66 65 64 63 63 62 62 61 61 60 60 60 61 62 63
    64 64 64 63 62 60 58 57 56 55 56 57 58 61 63 65 66 67 67 66 66 65 64
    64 64 64 65 65 65 64 63 62 61 61 60 60 60 60 60 60 60 60 61 62 63 64
    64 64 64 63 62 61 60 59 59 60 60 62 63 64 65 66 66 66 66 65 65 64 62
    61 60 59 59 59 60 61 62 63 63 63 62 62 61 61 60 61 61 62 63 63 63 63
    62 61 60 59 59 59 59 59 60 60 60 60 59 59 59 59 59 60 61 62 63 64 64
    65 65 64 64 63 63 62 62 61 61 61 62 62 62 62 62 63 63 64 64 64 64 64
    63 63 63 63 64 64 65 65 64 63 62 60 59 58 58 59 60 60 61 61 61 61 60
    60 60 61 61 61 61 61 61 61 62 63 64 65 66 68 70 71 71 72 71 70 68 67
    66 65 64 64 64 65 65 64 63 63 62 60 59 58 57 56 56 56 56 57 59 60 62
    64 65 66 67 68 67 67 66 65 64 64 63 63 63 62 62 62 61 61 61 61 60 59
    58 57 58 58 60 62 64 65 66 66 66 65 64 63 62 62 61 61 60 60 59 59 60
    61 63 64 65 65 65 63 62 60 58 56 55 55 55 57 59 61 63 64 66 66 66 65
    65 64 64 63 63 64 64 64 64 63 62 61 60 60 60 59 59 59 60 60 60 61 62
    63 64 65 65 65 65 64 63 61 60 59 58 58 59 60 61 63 64 65 65 65 65 65
    64 63 62 61 60 59 59 60 60 62 62 63 63 63 63 62 61 61 61 61 61 62 63
    63 63 63 62 61 60 60 59 60 60 60 60 61 61 61 60 60 60 60 60 60 61 62
    64 65 65 65 65 65 64 63 63 62 62 61 61 61 62 62 63 63 63 64 64 65 66
    66 65 65 64 63 63 63 63 64 64 64 64 63 61 60 59 58 58 59 59 60 61 61
    61 61 61 61 61 62 62 62 62 62 62 62 63 64 65 66 67 68 70 71 71 71 70
    69 68 66 66 65 65 65 65 65 65 65 63 62 61 59 58 57 56 56 56 56 57 57
    59 60 62 63 65 66 67 68 67 67 66 65 64 64 63 63 62 62 62 61 61 61 60
    60 60 59 58 58 58 59 60 62 64 65 66 66 65 64 64 63 62 62 61 61 60 60
    59 59 60 62 63 65 66 66 65 64 62 60 57 56 55 55 56 57 59 61 63 64 65
    65 65 65 64 64 64 63 63 63 64 64 63 62 62 61 60 59 59 59 59 59 60 60
    61 62 63 64 65 66 66 66 66 65 64 62 61 59 58 58 58 60 60 62 63 64 65
    65 65 65 65 64 63 61 60 60 60 61 61 63 63 64 64 63 63 62 62 61 61 61
    61 62 62 63 62 62 62 61 60 60 60 60 60 61 61 62 62 62 62 61 61 61 61
    61 62 63 64 65 65 66 65 65 64 64 63 62 62 61 61 62 62 62 63 63 64 64
    65 66 66 66 66 65 65 64 63 63 63 64 64 64 63 62 61 60 59 58 58 58 59
    60 61 61 61 61 62 62 62 62 62 62 62 62 63 63 64 65 65 66 68 68 69 70
    70 70 69 68 67 66 66 65 65 65 66 66 65 64 63 61 60 58 57 56 56 55 56
    56 56 57 58 59 61 63 64 65 66 67 67 67 66 66 65 64 63 62 62 61 61 61
    60 60 60 60 59 59 58 58 59 59 61 62 63 64 65 65 65 64 63 63 62 62 61
    61 60 60 59 60 61 62 64 65 66 66 65 64 62 59 57 56 55 55 56 58 60 61
    63 64 64 64 64 64 64 64 64 64 64 64 64 64 63 62 62 61 60 60 59 60 60
    60 60 61 62 63 64 65 66 67 67 67 67 65 64 62 61 59 58 58 58 59 60 62
    63 64 65 65 65 65 65 64 63 62 61 61 61 62 62 63 64 64 65 64 63 62 62
    61 61 61 61 62 63 63 63 62 62 61 61 61 61 61 61 61 62 62 63 63 63 63
    62 62 62 62 62 63 65 65 66 66 66 66 65 64 63 63 62 62 62 62 62 63 63
    64 64 65 65 66 67 67 67 66 65 64 64 63 63 63 63 63 63 62 60 59 58 57
    57 58 59 60 60 61 62 62 62 63 63 63 64 63 63 63 64 64 65 66 67 67 68
    69 69 69 69 69 68 67 67 66 65 65 65 65 66 66 65 64 62 61 59 58 56 56
    55 55 56 56 57 57 58 59 60 62 63 65 66 67 67 67 67 66 65 64 63 62 62
    61 61 60 60 60 60 59 59 59 59 59 60 60 61 63 64 64 65 65 64 63 63 63
    62 62 61 61 60 60 59 60 61 62 63 65 66 65 65 63 61 59 57 56 56 56 57
    59 60 62 63 63 64 64 64 64 64 64 65 65 65 65 64 64 64 63 62 61 60 60
    60 60 60 61 61 62 63 63 64 65 66 67 67 67 67 66 65 63 61 60 59 58 58
    59 59 61 62 63 64 65 66 65 65 65 64 63 63 63 62 63 63 64 65 65 65 64
    63 62 62 61 61 61 62 62 63 63 63 62 62 61 61 61 61 61 62 62 63 63 64
    64 64 64 64 63 63 63 63 64 65 65 66 66 66 66 65 64 64 63 63 63 63 63
    63 63 63 64 64 64 65 66 67 67 67 67 66 65 65 64 64 63 63 63 62 61 60
    59 58 57 58 59 59 60 61 62 63 63 64 64 64 64 64 64 64 64 64 64 65 66
    67 68 68 68 68 68 68 68 67 67 66 66 65 65 65 65 65 65 64 63 61 59 58
    56 55 55 55 55 56 56 57 58 58 59 60 61 63 64 65 66 67 67 67 66 65 64
    63 62 62 61 60 60 60 60 60 60 59 59 59 60 60 61 62 63 64 64 64 64 63
    63 62 62 61 61 60 60 59 59 59 60 61 62 63 64 65 65 64 63 61 59 58 57
    57 57 58 60 61 62 63 63 63 63 63 64 64 65 65 65 65 65 65 65 64 63 63
    62 61 61 61 61 61 62 62 62 63 64 65 66 66 67 67 67 66 65 64 63 61 60
    59 58 58 59 59 61 62 63 64 65 65 65 66 65 65 64 64 64 63 64 64 65 65
    65 65 64 63 62 62 61 61 61 62 63 63 64 63 63 62 61 61 61 61 61 62 62
    63 64 64 65 65 65 64 64 63 63 63 64 65 65 66 66 66 66 65 65 65 64 64
    64 64 64 64 64 64 64 63 64 64 65 66 66 67 67 67 66 66 65 64 64 63 62
    62 61 59 59 58 58 58 59 60 61 62 63 63 64 64 65 65 65 65 65 65 64 65
    65 66 67 67 68 68 68 67 67 67 67 67 66 66 65 65 65 65 65 65 64 63 62
    60 59 57 56 55 55 55 56 57 57 58 58 59 59 60 61 62 64 65 66 66 67 67
    66 66 65 64 63 62 61 60 60 60 60 60 60 60 60 60 60 61 62 63 64 64 64
    64 63 63 62 62 61 60 60 60 59 59 59 59 60 61 62 63 64 64 64 63 62 60
    59 58 57 57 58 59 61 62 63 63 63 63 63 64 64 65 66 66 67 67 66 66 65
    65 64 64 63 62 62 61 62 62 62 63 63 64 64 65 65 66 66 66 66 65 64 64
    62 61 60 60 59 59 59 60 61 62 63 64 64 65 66 66 66 66 66 65 65 65 65
    65 65 65 65 65 64 63 62 61 60 61 61 62 63 64 64 64 63 63 62 62 61 61
    61 62 62 63 64 64 65 65 65 65 64 64 63 64 64 65 65 66 66 66 66 66 66
    65 65 65 65 65 64 64 64 63 63 63 63 63 64 65 66 67 67 67 67 67 66 65
    64 63 62 61 60 59 58 58 58 58 59 61 61 63 63 64 64 65 65 66 66 66 65
    65 64 64 65 66 66 67 67 67 67 66 66 66 66 66 66 66 65 65 64 64 64 63
    63 62 61 59 58 56 55 55 55 56 56 57 58 58 59 59 60 60 61 62 63 64 65
    66 66 66 66 65 64 63 62 62 61 60 60 60 60 60 60 60 60 60 61 62 62 63
    64 64 64 64 63 62 61 60 60 59 59 58 58 59 59 60 60 61 62 63 63 64 63
    62 61 60 59 58 58 58 59 61 62 63 64 64 64 64 64 64 65 65 66 67 67 67
    67 67 66 66 65 65 64 63 63 62 62 62 63 63 64 64 64 65 65 65 65 64 64
    64 63 62 62 61 60 60 59 59 60 60 61 61 62 63 64 65 65 66 66 66 66 66
    66 65 65 65 65 65 64 64 63 62 61 61 60 61 62 62 64 64 65 64 64 63 62
    61 61 61 61 61 61 62 63 63 64 64 65 64 64 64 63 63 64 64 65 65 66 66
    66 66 66 66 66 66 65 65 65 64 64 63 62 62 62 62 63 64 65 66 67 67 67
    67 66 65 64 63 62 61 60 59 59 59 59 59 61 62 62 64 64 65 65 66 66 67
    67 66 65 65 64 64 64 65 66 66 66 66 65 65 65 65 66 66 66 66 65 64 63
    63 62 62 61 60 60 58 57 56 55 55 55 56 57 58 59 59 60 60 60 61 61 62
    63 64 65 65 66 66 66 65 65 64 63 62 62 61 61 60 60 61 61 61 61 61 62
    62 63 64 64 64 64 63 62 61 60 59 58 58 57 57 57 58 59 60 61 62 63 63
    63 64 63 62 61 60 59 58 59 59 60 62 63 64 65 65 65 64 64 64 65 66 67
    67 67 67 67 67 66 66 65 65 64 64 63 63 63 63 63 64 64 65 64 64 64 63
    63 63 62 62 61 61 61 61 60 60 60 60 60 60 61 61 62 63 63 64 65 66 66
    66 66 66 66 65 65 65 64 64 63 63 62 62 61 61 60 61 62 63 64 65 66 65
    65 64 63 62 61 61 60 60 60 61 62 62 63 63 64 64 63 63 63 63 64 64 65
    65 66 66 66 66 66 65 66 65 65 65 65 64 63 63 62 61 62 61 62 63 65 66
    66 67 67 67 66 65 64 62 61 61 60 59 59 59 59 60 61 62 63 64 65 65 66
    66 67 67 67 67 66 65 64 64 64 65 65 65 65 64 64 64 64 65 66 66 66 66
    64 63 62 61 61 60 60 59 59 58 57 56 56 56 56 57 58 59 60 61 61 61 61
    62 62 62 63 64 64 65 65 65 65 65 64 63 63 62 62 61 61 61 61 61 61 61
    62 62 62 63 64 64 64 64 64 63 62 61 59 58 57 56 56 56 57 58 59 60 61
    62 63 63 63 63 63 62 61 60 59 59 60 60 62 63 64 65 66 66 66 66 65 65
    66 66 67 67 67 67 67 66 66 66 65 65 65 64 64 63 63 63 64 64 64 64 64
    63 63 62 61 61 60 60 60 60 60 60 61 61 61 61 61 61 61 61 61 62 62 64
    64 65 66 66 66 66 66 65 64 64 63 63 63 63 62 62 61 61 60 61 62 62 64
    65 66 66 65 64 63 62 61 60 60 59 59 60 60 61 62 62 63 63 62 63 63 63
    63 64 65 65 65 65 66 66 66 66 66 66 65 65 64 64 63 62 62 61 61 61 62
    63 64 65 65 66 66 66 65 64 63 62 61 60 60 59 59 60 60 61 62 63 63 64
    64 65 65 66 67 67 67 67 66 65 64 64 64 64 64 64 64 63 63 63 63 64 65
    66 66 66 64 63 61 60 59 59 59 58 58 57 57 56 56 56 57 58 59 60 61 62
    62 62 62 62 63 63 63 63 64 64 64 64 64 64 64 63 62 62 62 61 61 61 61
    62 62 62 62 62 63 63 64 64 64 64 63 62 61 60 59 58 56 56 55 56 56 58
    59 61 62 63 64 64 64 64 63 63 62 61 61 60 61 62 63 64 65 66 67 67 66
    66 66 65 66 66 66 67 66 66 66 65 65 65 64 64 64 64 63 63 64 63 64 64
    64 64 63 62 61 60 59 59 58 58 58 59 59 60 60 61 61 62 62 61 61 61 61
    61 62 62 63 64 65 65 65 65 64 64 63 63 62 62 62 62 62 62 61 61 61 61
    62 63 64 65 66 66 66 65 64 63 62 61 60 59 59 59 59 60 61 61 62 62 62
    62 62 63 63 64 65 65 65 65 66 66 66 65 65 65 65 65 64 64 63 62 61 61
    61 61 61 62 63 64 64 65 65 64 64 63 62 61 61 60 60 59 60 60 60 61 62
    62 62 63 64 64 65 66 67 67 68 67 66 66 65 64 64 64 64 63 62 62 61 61
    62 63 65 66 66 65 64 62 60 59 58 57 58 58 58 58 58 57 58 58 58 59 60
    62 62 63 64 64 64 64 64 63 63 63 64 63 64 64 64 64 63 63 63 62 62 61
    61 61 61 64 64 64 64 64 64 64 64 65 64 64 63 62 61 60 59 58 56 56 55
    56 56 58 60 61 63 63 64 64 64 64 64 64 63 62 62 62 62 63 64 65 66 67
    67 67 67 67 66 66 66 66 66 66 66 65 65 64 64 64 64 64 64 64 63 63 64
    64 64 64 64 63 62 61 60 59 58 57 57 57 57 58 59 60 61 62 62 62 62 62
    62 61 61 61 61 62 63 63 64 64 64 64 63 63 62 61 61 61 61 62 62 62 62
    62 61 61 62 62 63 65 65 66 66 65 65 63 62 61 60 59 59 59 59 60 60 60
    61 61 61 62 63 63 64 65 65 65 66 66 65 65 65 65 65 65 64 64 64 63 62
    62 61 60 61 61 61 62 62 63 63 63 63 63 62 62 61 61 60 60 60 60 61 61
    61 61 62 62 61 62 62 63 64 65 66 67 68 68 67 66 65 65 64 64 64 63 62
    61 61 60 61 63 64 65 65 65 63 61 59 58 57 57 57 58 58 59 59 59 59 59
    60 61 62 63 64 64 65 65 65 65 64 64 63 63 63 63 63 63 63 63 63 63 63
    62 62 61 61 61 61 65 65 65 65 64 64 65 64 64 64 63 63 62 61 60 59 58
    57 56 56 56 57 59 60 62 63 64 65 65 65 65 65 65 65 64 64 63 63 64 64
    65 66 67 67 67 67 66 66 66 65 65 65 65 64 64 63 63 62 62 62 63 63 63
    63 63 64 64 64 64 63 63 61 60 59 58 57 56 56 56 56 57 58 60 61 62 62
    63 63 62 62 61 60 60 60 60 61 62 62 63 63 62 62 61 61 60 60 60 61 62
    62 63 63 63 62 62 62 62 63 64 65 66 66 66 65 64 63 62 61 60 59 59 59
    59 60 60 60 61 61 62 63 64 64 65 66 66 66 66 66 66 65 65 65 65 64 64
    64 63 63 62 61 61 61 60 60 61 61 61 61 61 61 61 61 61 60 60 60 60 61
    60 61 61 61 61 61 61 60 61 61 62 63 65 66 67 68 68 67 67 66 66 65 65
    64 63 62 60 60 59 60 61 63 64 64 64 62 60 58 57 56 56 57 58 59 60 60
    60 61 61 61 62 63 64 65 66 66 66 66 66 65 64 64 63 63 63 63 63 63 63
    64 63 63 63 62 61 61 60 61 66 66 66 66 65 65 65 64 64 64 63 62 62 61
    60 60 59 58 57 57 57 58 60 61 62 64 64 65 65 66 66 66 66 66 66 65 65
    65 65 65 65 66 66 67 67 67 66 66 65 65 65 64 64 63 63 62 62 62 62 62
    62 62 63 63 63 64 64 64 64 63 62 61 60 59 57 56 55 55 55 56 57 58 60
    61 62 63 64 64 63 62 61 60 60 60 60 61 61 61 62 61 61 61 60 60 60 60
    60 61 62 63 63 63 63 62 62 61 62 62 63 64 65 65 65 65 64 63 62 61 61
    60 60 60 60 60 61 61 61 62 62 64 64 65 66 67 67 67 66 66 66 65 65 65
    65 64 64 64 63 63 62 61 61 60 60 60 60 59 59 59 59 59 59 59 59 60 60
    60 60 61 61 62 61 61 61 60 60 59 59 60 61 63 64 66 67 68 68 68 68 67
    66 66 65 64 62 61 60 59 58 59 60 62 63 64 63 62 60 58 57 56 56 57 58
    60 61 61 62 62 62 62 63 64 65 66 66 67 67 67 66 65 64 64 63 63 63 63
    63 63 64 64 64 63 63 62 61 60 60 60 67 67 67 66 66 65 65 64 64 63 63
    62 62 61 60 60 59 59 58 58 58 59 61 62 63 64 64 65 65 66 67 67 68 68
    68 67 66 66 65 65 65 66 66 66 66 66 66 65 65 64 64 63 63 62 62 61 61
    61 61 61 61 61 62 62 63 64 64 64 64 63 62 61 60 58 57 56 55 55 55 56
    57 58 59 61 62 63 64 64 63 63 61 61 60 60 60 60 60 61 61 61 60 60 59
    59 59 59 60 61 62 63 63 64 63 63 62 61 61 62 62 63 64 64 65 64 64 63
    62 62 61 61 61 61 61 61 61 61 61 62 63 64 65 66 67 67 68 67 67 66 66
    65 65 65 65 65 65 65 64 63 62 61 61 60 59 59 58 57 57 56 56 57 57 58
    58 59 60 61 61 62 62 62 62 61 60 60 59 58 58 59 60 62 64 66 67 69 69
    69 69 68 67 66 65 64 62 61 59 58 57 58 59 61 62 63 63 61 60 58 57 56
    56 57 59 60 62 62 63 63 63 64 64 65 65 66 67 68 68 67 67 66 65 64 63
    63 63 63 64 64 64 65 64 64 63 62 61 60 60 60 67 68 67 67 67 66 66 64
    64 63 62 62 61 61 60 60 60 60 59 59 60 60 61 62 63 64 64 65 65 66 67
    68 69 69 69 69 68 67 66 66 65 65 65 66 66 66 66 65 64 64 63 63 62 62
    61 61 60 60 60 60 60 61 62 62 63 64 64 65 65 64 63 62 60 59 57 57 56
    55 56 56 57 58 59 60 62 63 64 64 63 63 62 61 60 60 60 60 60 61 61 60
    60 60 59 59 59 59 60 61 62 63 64 64 63 63 62 61 61 61 62 63 63 64 64
    64 64 63 63 63 63 63 62 62 62 62 62 62 62 62 63 65 66 67 68 69 69 68
    68 67 66 66 65 65 65 65 65 65 64 64 63 62 61 60 59 58 57 56 55 54 54
    55 55 56 57 58 60 61 61 62 62 63 62 62 60 59 58 58 58 59 60 62 64 66
    68 69 70 70 69 69 68 67 66 64 62 61 59 58 57 57 58 60 61 62 62 61 60
    58 57 57 57 58 60 61 62 63 64 64 64 64 64 65 66 67 67 68 68 67 67 66
    65 64 64 64 64 64 64 65 65 65 65 64 63 62 61 61 60 60 68 68 68 67 67
    66 66 64 64 63 62 62 61 61 61 61 61 61 61 60 61 61 62 63 63 64 64 65
    65 66 67 68 69 70 70 70 69 68 67 66 65 65 65 65 66 65 65 65 64 63 63
    62 62 61 61 61 60 60 60 60 60 60 61 62 63 64 64 65 65 65 64 62 61 60
    58 57 57 56 56 56 57 58 59 60 62 63 64 64 63 63 62 61 60 60 60 60 60
    60 60 60 60 59 59 59 59 59 60 61 62 63 63 63 63 63 62 61 61 61 61 62
    62 63 63 63 63 63 63 63 63 63 63 63 63 63 63 62 62 63 64 65 66 68 68
    69 69 69 69 68 67 66 66 66 66 66 66 66 65 64 63 62 61 59 58 57 56 54
    53 53 53 53 54 55 57 58 59 61 62 63 63 63 62 62 60 59 58 58 58 59 60
    62 64 66 68 69 70 70 70 69 69 67 66 65 63 61 59 57 56 57 57 59 60 61
    61 61 60 59 58 58 58 59 61 62 63 64 64 64 64 64 65 65 66 67 67 68 68
    67 67 66 65 65 64 64 65 65 66 66 67 67 66 65 64 63 62 61 60 60 68 68
    68 68 67 66 66 64 64 63 62 61 61 61 61 62 62 62 62 62 62 62 62 63 63
    64 64 65 65 66 68 69 70 71 71 71 70 69 67 66 65 65 65 65 65 65 65 64
    63 62 62 62 61 61 61 61 60 60 60 60 60 60 61 62 63 64 65 66 66 66 65
    64 62 61 59 58 58 57 57 57 57 57 58 60 61 62 63 63 63 63 62 61 61 60
    60 61 61 61 61 60 60 59 59 59 59 59 60 61 62 62 63 63 62 62 62 62 62
    62 62 62 62 62 62 62 62 62 63 63 64 64 64 64 64 63 63 63 63 63 64 65
    67 68 69 70 70 70 70 69 68 67 67 67 67 67 67 67 66 65 64 62 61 60 58
    57 55 54 52 52 51 52 53 54 56 58 59 61 62 63 63 63 63 62 61 60 59 59
    59 60 61 63 65 67 69 70 71 71 70 70 69 67 66 64 62 60 58 57 56 56 57
    58 60 61 61 61 61 60 59 59 60 60 62 63 63 64 64 64 64 64 65 65 66 66
    67 67 67 67 67 66 66 65 65 65 66 67 67 68 68 68 67 66 65 63 62 61 61
    61 68 68 68 68 67 67 66 65 64 63 62 61 61 61 62 63 63 63 63 62 62 62
    62 63 63 64 64 65 65 66 67 69 70 71 71 71 70 69 67 65 65 64 64 64 65
    65 64 63 63 62 61 62 61 62 61 61 61 60 60 60 60 61 61 62 63 64 65 66
    66 66 65 64 63 62 61 60 59 58 58 57 57 58 59 60 61 62 63 63 63 63 62
    62 61 61 61 61 62 61 61 61 60 60 59 59 59 60 60 61 61 62 62 62 62 62
    62 62 62 62 62 62 61 61 61 61 61 61 62 63 64 64 64 64 64 64 63 63 63
    63 65 66 67 69 70 71 71 71 71 70 69 68 68 68 68 68 68 67 66 65 64 63
    62 60 59 57 55 53 52 51 51 51 52 54 56 57 59 60 62 63 63 64 63 63 62
    61 60 60 60 61 62 63 65 67 69 70 71 71 71 70 69 68 66 65 63 61 59 57
    57 57 57 58 60 61 61 61 61 61 60 61 61 62 62 63 64 64 64 64 64 64 64
    65 65 66 66 67 67 66 66 66 66 66 66 67 68 68 69 70 70 70 68 67 65 64
    63 62 62 61 68 68 68 68 67 67 66 65 64 63 62 62 62 62 63 64 64 64 64
    64 63 63 63 63 63 63 64 65 65 67 68 69 70 71 71 71 70 68 67 65 64 64
    64 64 64 64 63 62 62 61 61 61 61 62 62 62 61 61 61 61 61 61 62 62 63
    64 65 66 67 67 66 65 64 63 62 61 60 59 59 58 58 58 59 60 61 62 62 63
    63 63 62 62 61 61 61 62 62 62 62 61 61 60 60 60 60 60 61 61 62 62 62
    62 62 62 62 62 63 63 62 62 61 61 60 60 60 61 62 63 63 64 64 64 64 64
    63 63 63 64 65 66 67 69 70 71 72 71 71 70 70 69 69 69 68 69 68 67 66
    66 65 63 63 61 60 58 56 54 53 52 51 52 53 54 56 57 59 61 62 63 63 64
    64 64 63 62 62 62 62 62 63 64 66 68 69 71 71 72 71 71 69 68 66 65 63
    61 60 58 57 57 58 59 60 61 62 62 62 62 62 62 62 63 63 64 64 64 64 64
    63 64 64 65 65 66 66 66 66 66 66 65 66 66 67 68 69 70 71 72 71 71 69
    68 66 65 63 62 62 62 68 68 67 67 67 66 66 65 64 63 63 62 62 63 63 65
    65 65 65 64 64 63 63 63 63 63 64 65 65 66 67 68 69 70 70 69 69 67 66
    64 63 63 63 62 63 63 62 61 61 60 60 61 61 62 62 63 62 62 62 61 62 62
    62 63 64 65 65 66 66 66 66 65 64 63 63 62 61 60 60 59 59 59 59 60 60
    61 62 63 63 63 62 62 62 62 62 62 63 62 62 62 61 61 60 60 60 61 61 61
    61 61 61 61 61 61 62 62 63 63 63 62 61 60 59 59 59 60 61 62 62 63 63
    63 63 63 63 63 63 64 65 66 68 69 71 72 72 72 72 71 70 70 70 69 69 69
    68 68 67 66 65 64 63 62 61 59 58 56 54 53 52 52 53 54 56 57 59 60 62
    63 64 64 65 65 65 64 64 64 63 64 64 65 67 69 70 71 72 72 72 71 70 68
    67 65 64 62 61 59 59 58 59 59 60 61 62 62 62 62 62 63 63 63 64 64 64
    64 63 63 63 63 64 64 65 66 66 66 66 65 65 65 66 67 68 69 71 72 73 73
    72 71 70 68 66 64 63 62 62 61 67 67 67 67 66 66 66 65 64 63 63 63 63
    64 64 66 66 67 66 66 65 64 63 63 63 63 64 65 65 66 67 68 69 69 69 68
    67 66 65 64 63 62 62 62 62 62 61 60 60 60 60 61 62 62 63 63 63 62 62
    62 62 62 63 63 64 65 65 66 66 66 65 65 64 64 63 63 63 62 61 60 60 60
    60 60 61 61 62 63 63 63 63 63 62 62 62 63 63 63 63 62 62 61 61 61 61
    62 62 62 62 61 61 61 61 61 62 63 63 63 63 62 61 60 59 58 58 59 59 60
    61 62 62 62 62 62 62 62 63 64 65 67 68 70 71 72 72 72 72 71 71 70 70
    69 69 69 68 67 66 66 65 64 64 63 63 61 60 58 56 55 54 53 54 55 56 58
    60 61 62 63 64 65 65 66 66 66 66 65 65 65 66 66 68 69 70 72 72 73 72
    71 70 68 67 66 64 63 62 61 60 60 60 60 61 62 63 63 63 63 63 63 64 64
    64 64 64 64 63 63 62 63 63 64 65 66 66 66 66 65 65 65 66 67 68 70 71
    72 73 73 73 72 70 68 66 64 63 62 62 61 66 66 66 66 65 65 65 64 64 63
    63 63 64 65 66 67 67 68 67 66 65 64 63 63 62 63 63 64 65 66 67 67 68
    67 67 66 66 64 63 62 61 61 61 60 61 60 60 59 59 59 60 61 62 63 63 64
    63 63 63 63 63 63 64 64 65 65 65 66 66 65 65 65 65 64 64 64 64 63 63
    62 61 61 61 61 61 61 62 63 63 63 62 62 62 62 62 63 63 63 63 62 62 62
    62 62 62 63 63 63 63 62 61 61 61 61 62 63 63 63 63 62 61 60 58 58 58
    58 58 59 59 60 61 61 61 61 62 62 63 64 66 67 69 70 71 72 72 72 71 71
    70 69 69 68 68 68 67 66 66 65 65 65 66 65 65 64 62 60 58 57 56 55 55
    56 57 58 60 61 62 63 64 65 66 67 67 67 67 67 67 66 67 67 68 69 71 72
    73 73 72 71 70 69 68 67 66 65 64 63 62 61 61 61 62 62 63 63 63 63 63
    64 64 64 64 64 64 63 63 62 62 62 63 64 65 66 66 66 66 65 65 65 66 67
    69 70 72 73 73 73 72 71 69 67 65 64 62 62 61 61 65 65 65 64 64 64 64
    64 64 64 64 64 65 66 67 68 69 69 68 67 66 65 63 62 62 62 63 63 65 65
    66 66 66 66 66 65 64 63 62 61 60 60 60 60 60 59 59 59 59 59 59 61 62
    63 63 64 64 64 64 64 64 64 65 65 65 65 65 65 65 64 64 64 64 64 65 65
    65 65 64 63 63 62 62 61 61 62 62 62 62 63 62 62 62 62 62 63 63 63 63
    62 62 62 62 62 63 64 64 64 63 62 62 61 62 62 63 63 64 64 63 62 61 60
    58 58 57 57 57 58 58 59 59 60 60 60 61 62 63 64 66 68 69 70 71 72 72
    71 71 70 69 69 68 68 67 67 66 66 65 65 66 66 67 67 67 66 64 62 60 58
    57 56 56 57 57 59 60 61 62 63 64 65 66 67 67 67 67 67 67 67 67 68 69
    70 71 72 72 72 72 71 70 69 68 67 67 66 65 64 64 63 63 63 63 63 64 64
    64 64 64 64 64 64 64 64 63 63 62 62 61 62 62 63 64 66 66 66 66 66 66
    66 67 68 69 70 71 72 72 72 71 70 68 66 64 63 61 60 60 60 64 64 64 63
    63 63 63 63 63 63 64 65 66 67 68 69 69 70 69 68 66 65 63 62 61 61 62
    63 64 65 66 66 66 65 64 63 62 61 60 59 59 59 59 59 59 59 59 59 59 59
    60 61 62 63 63 64 64 64 64 64 64 65 65 65 65 65 65 65 64 64 63 64 64
    65 65 66 66 66 65 64 64 63 62 62 62 62 62 62 62 62 62 62 62 62 62 63
    63 63 63 62 62 62 62 63 63 64 64 64 64 63 63 62 62 62 63 63 64 64 63
    62 61 60 58 58 57 57 57 57 57 58 58 59 59 60 61 62 63 65 67 68 70 71
    71 71 71 70 70 69 68 68 67 66 65 65 64 64 65 65 66 67 69 69 69 68 67
    65 62 61 59 58 57 57 58 59 60 61 62 63 64 65 66 66 67 67 67 67 67 67
    68 68 69 70 71 71 72 72 71 70 69 68 68 67 67 67 67 66 65 65 64 64 64
    64 64 64 64 64 64 64 64 64 64 63 63 62 61 61 60 61 62 63 64 66 67 67
    67 67 67 67 67 68 68 70 70 70 70 70 69 68 66 65 63 62 61 60 59 59 63
    63 63 62 62 62 62 62 63 64 65 66 67 68 69 70 70 71 70 69 67 65 63 62
    61 61 61 62 63 64 65 65 65 64 63 61 60 59 58 58 58 58 58 59 59 59 59
    59 60 60 61 61 62 63 63 63 64 64 64 64 65 65 66 66 66 65 64 64 63 63
    63 63 64 65 66 67 67 67 67 66 65 64 64 63 63 62 62 62 62 62 62 62 62
    62 62 62 62 62 62 61 61 61 62 63 63 64 64 64 64 64 64 63 64 64 64 64
    64 64 63 63 61 60 59 58 57 57 57 57 57 57 58 58 59 60 61 62 64 65 67
    69 69 70 70 70 70 69 68 68 67 66 65 65 64 64 63 63 64 65 67 68 69 70
    70 70 68 66 64 62 60 59 58 58 58 59 59 60 61 62 63 64 65 66 66 66 67
    66 67 67 67 68 68 69 70 70 70 70 69 69 68 67 67 67 68 68 68 67 67 66
    66 65 65 65 65 65 65 64 64 64 64 64 64 64 63 62 62 61 61 61 62 63 65
    66 67 67 67 67 67 67 67 68 68 68 68 68 68 67 66 65 64 63 62 61 60 59
    59 59 63 63 62 62 62 61 62 62 63 64 65 66 68 69 70 71 71 71 70 69 67
    65 63 61 60 60 60 61 62 63 64 65 65 64 63 61 59 58 57 57 57 57 58 59
    59 60 60 60 60 61 61 62 62 62 63 63 64 64 64 65 65 66 66 66 66 65 64
    63 63 62 62 63 64 65 66 67 67 67 67 66 65 65 64 63 63 62 62 62 62 62
    62 62 62 62 62 62 62 61 61 61 61 61 62 62 63 64 64 64 64 64 64 65 65
    65 65 65 65 64 64 63 62 60 59 58 57 57 57 57 57 57 57 58 59 60 61 63
    64 66 67 69 69 70 70 70 69 68 68 67 66 65 64 63 62 62 62 62 63 65 67
    68 70 71 71 71 70 68 65 63 61 59 58 58 58 58 59 59 60 62 62 63 64 65
    65 65 66 66 66 66 67 68 68 69 69 69 69 69 68 67 66 66 66 67 67 68 68
    68 67 67 66 66 66 66 66 66 65 65 65 64 64 64 64 64 63 63 62 62 61 62
    62 64 65 66 67 67 68 68 68 67 68 68 67 67 67 66 66 65 64 63 62 62 61
    60 60 59 59 59 62 62 62 62 61 61 62 62 63 64 66 67 68 69 70 71 71 71
    70 69 67 65 63 61 60 59 59 60 61 63 64 64 64 63 62 60 58 57 56 56 56
    57 58 58 59 60 60 61 61 62 62 62 62 62 62 62 63 63 64 64 65 65 66 66
    65 65 63 62 62 61 62 63 64 65 67 68 68 68 68 67 66 66 65 64 64 63 62
    62 62 62 61 62 61 61 62 61 61 61 61 60 60 60 61 61 61 62 63 63 63 64
    64 65 66 66 66 66 65 65 64 63 62 61 60 59 58 57 57 57 57 57 58 58 59
    60 61 63 65 66 68 69 69 69 69 69 68 68 67 66 66 64 63 62 61 61 61 62
    63 65 67 69 71 72 72 72 70 69 66 64 62 60 59 58 58 58 58 59 60 61 61
    63 63 64 64 64 65 65 65 65 66 67 68 68 69 69 68 67 66 65 65 65 65 66
    67 67 68 68 67 67 67 67 67 67 67 66 66 65 65 64 64 64 64 64 64 63 63
    62 62 63 63 64 65 66 67 67 68 67 68 67 67 67 66 66 65 64 64 63 62 62
    61 61 60 60 60 59 59 59 63 62 62 62 62 62 63 63 64 65 67 67 69 69 70
    70 71 71 70 69 67 65 62 61 59 59 59 59 61 62 63 64 64 63 62 60 58 57
    56 55 56 57 58 59 60 61 61 62 62 63 62 62 62 62 62 62 62 63 64 64 65
    65 65 65 65 64 62 62 61 61 61 62 64 65 67 67 68 68 68 67 67 66 66 65
    64 64 63 63 62 62 62 62 62 62 62 62 61 61 61 60 60 60 60 60 60 61 61
    62 62 63 64 66 67 67 67 67 66 65 64 63 62 61 60 59 58 58 58 58 58 58
    58 59 60 61 62 63 65 66 67 68 68 69 68 68 67 67 66 66 65 64 62 61 60
    59 60 61 62 64 66 68 70 71 71 71 70 68 66 64 62 60 59 58 58 57 58 58
    59 60 61 62 63 63 63 64 64 64 64 65 65 66 67 67 68 68 67 66 65 64 63
    63 64 65 66 67 67 67 67 67 66 67 67 67 67 66 66 65 65 64 64 64 65 65
    65 64 64 64 63 64 64 64 65 66 66 66 67 67 67 67 67 66 65 65 64 63 62
    61 61 61 61 61 61 60 60 60 60 60 63 63 63 63 63 63 63 64 65 66 67 68
    69 69 69 70 70 69 68 67 66 64 62 60 59 58 58 59 60 62 63 64 64 64 62
    60 58 57 56 55 56 57 58 59 60 61 62 62 63 63 63 62 62 61 61 61 62 62
    63 64 64 65 65 65 64 63 62 61 60 60 60 61 63 65 66 67 68 67 67 67 66
    66 66 65 65 64 63 63 62 62 62 62 62 62 62 62 62 61 61 60 60 60 60 60
    59 60 60 60 61 63 64 66 67 67 67 67 66 65 63 62 61 60 59 59 58 58 58
    58 58 58 59 59 60 61 62 63 65 66 67 67 68 68 67 67 67 67 66 66 65 63
    62 60 59 59 59 60 62 63 66 67 69 70 70 70 69 68 66 64 62 60 59 58 57
    57 57 58 59 60 61 62 63 63 63 63 63 63 63 64 64 65 66 67 67 67 66 65
    64 63 62 62 62 63 64 65 65 66 65 65 65 66 66 66 66 66 65 64 64 63 64
    64 65 66 66 66 66 65 65 65 65 65 65 65 66 66 66 66 66 66 66 65 65 64
    63 62 61 60 60 60 60 60 60 60 60 60 60 60 64 63 64 64 64 64 65 66 67
    67 68 68 69 68 69 69 68 68 67 66 64 63 61 59 58 57 58 58 60 61 63 64
    64 64 63 61 59 57 56 56 56 57 58 59 60 61 62 62 63 63 63 62 62 61 61
    61 61 61 62 63 64 64 64 64 63 62 60 59 59 58 59 61 62 64 66 67 67 67
    67 67 66 66 66 66 65 64 64 63 62 62 62 62 62 62 63 62 62 62 62 61 61
    60 60 59 59 59 58 59 60 61 63 65 66 67 67 66 66 64 63 62 60 60 59 58
    58 58 58 58 58 59 59 60 60 61 62 63 64 65 66 67 67 67 67 67 66 66 66
    65 64 63 61 60 59 58 59 59 61 63 65 67 68 69 69 69 68 67 65 64 62 60
    59 58 57 57 57 58 59 60 61 62 63 63 63 63 63 63 63 63 64 65 65 66 66
    66 65 64 63 62 61 61 62 62 63 64 64 64 64 64 64 65 65 66 66 65 65 64
    63 63 64 64 65 66 67 67 67 67 66 66 65 65 65 65 65 64 64 64 65 65 65
    64 64 63 62 61 60 60 60 60 60 60 61 61 61 61 61 60 64 64 64 64 65 65
    66 67 67 68 68 68 68 68 67 67 67 66 65 64 63 62 60 59 58 57 58 58 60
    61 63 64 64 64 63 61 59 58 57 57 57 58 59 59 60 61 62 62 63 63 62 62
    61 60 60 60 60 61 62 62 63 63 63 63 62 61 59 58 58 58 59 60 62 63 65
    66 66 67 66 66 66 66 66 66 66 65 64 64 63 63 63 63 63 63 64 64 64 63
    63 62 62 61 60 59 58 58 57 58 58 60 61 63 65 66 66 65 65 63 62 61 59
    59 58 57 57 57 57 58 58 59 60 60 60 61 62 62 63 64 65 65 66 66 66 66
    66 66 65 65 64 62 60 59 58 57 58 59 60 62 64 65 66 67 67 67 66 66 64
    63 62 60 59 58 58 57 57 58 59 60 61 62 63 63 63 63 63 62 62 63 63 64
    65 65 66 65 65 64 63 62 61 61 61 61 62 62 62 62 62 62 63 63 64 64 64
    64 63 62 62 61 62 63 65 67 67 68 68 68 67 67 66 65 65 64 64 63 63 63
    64 64 64 64 63 63 61 61 60 59 59 60 60 60 60 61 61 61 61 61 65 65 65
    66 66 67 67 68 68 69 69 68 68 67 66 66 65 64 63 62 61 60 59 58 58 57
    58 58 60 61 63 64 64 64 63 62 60 59 58 58 58 59 59 60 61 61 62 62 62
    63 62 61 61 60 59 59 60 60 61 62 63 63 63 62 61 60 59 58 57 57 58 59
    61 63 64 65 65 66 66 66 66 66 66 66 66 65 65 64 63 63 63 64 64 64 64
    65 65 64 64 63 63 62 61 60 58 58 57 57 58 59 60 62 64 64 65 64 64 62
    61 60 58 58 57 57 57 57 58 58 59 60 60 61 61 61 62 62 63 63 64 64 64
    64 65 65 65 65 64 64 62 61 60 58 57 57 58 58 60 61 63 64 65 66 65 65
    65 64 64 63 62 61 60 59 58 58 58 59 59 61 62 63 63 64 63 63 63 62 62
    62 62 63 64 64 65 64 64 63 63 62 62 61 61 61 61 61 61 61 61 61 61 62
    63 63 64 63 62 61 61 61 62 63 65 67 68 68 69 68 67 67 66 65 64 63 63
    62 62 62 63 63 64 63 63 62 61 60 60 59 59 60 60 60 60 61 61 61 61 60
    66 65 66 66 67 68 68 69 69 69 68 68 67 66 65 64 63 63 62 61 60 59 58
    58 57 57 58 59 60 61 63 64 65 65 64 63 61 60 59 59 59 59 60 60 61 61
    62 62 62 62 62 61 60 59 59 59 59 60 61 61 62 62 62 61 60 60 58 58 57
    57 58 59 61 62 63 64 65 65 65 66 66 67 67 67 66 66 65 64 64 64 64 64
    65 65 65 66 66 66 65 65 64 63 62 61 59 58 57 57 57 58 59 61 62 63 63
    63 62 61 60 59 58 57 56 56 56 57 57 58 59 60 60 61 61 61 61 61 61 62
    62 63 63 63 64 64 64 64 63 63 62 60 59 58 57 57 57 58 59 61 62 63 64
    64 64 64 64 63 63 62 61 61 60 59 59 58 58 59 60 61 62 63 63 64 63 63
    63 62 62 62 62 63 63 64 64 64 64 63 63 63 62 62 62 61 61 61 60 60 59
    60 60 61 62 62 63 62 61 60 60 60 61 62 64 66 67 68 69 68 67 67 65 64
    63 62 62 62 62 62 63 63 64 64 63 62 61 60 59 59 59 59 59 60 60 60 60
    60 60 60 67 66 67 67 68 68 69 69 69 69 68 67 66 65 64 63 62 61 61 60
    59 59 58 58 58 58 58 59 60 62 63 64 65 65 64 63 62 61 60 60 60 60 61
    61 61 62 62 62 62 62 61 60 59 59 58 58 59 59 60 60 61 61 61 60 60 59
    58 58 58 58 59 60 61 62 63 64 65 65 65 66 66 67 67 67 67 66 66 65 64
    64 64 65 65 65 66 66 66 66 66 65 65 63 62 61 60 59 58 58 58 58 58 59
    60 61 61 61 61 60 59 58 57 57 56 56 57 57 58 58 59 60 61 61 61 61 60
    60 61 61 61 62 62 62 62 63 63 62 62 61 60 59 58 57 57 57 58 58 59 60
    61 62 62 63 63 63 62 62 62 61 61 61 60 59 59 59 59 59 60 61 62 63 63
    64 63 63 63 62 62 62 62 63 63 63 64 64 64 63 64 63 63 63 62 62 61 60
    59 59 58 59 60 61 61 62 62 61 61 60 59 60 61 62 64 66 67 68 68 68 67
    66 65 64 63 62 62 62 62 62 63 64 64 64 63 62 61 60 59 59 59 59 59 59
    59 59 59 59 59 59 68 67 68 68 69 69 69 69 69 68 67 66 65 64 63 62 61
    61 60 59 59 58 58 58 58 58 59 60 61 62 63 64 64 65 64 63 62 62 61 61
    61 61 61 61 61 62 62 62 62 62 61 60 59 58 58 58 58 59 59 60 60 60 60
    60 60 59 59 59 59 58 59 60 62 62 63 64 64 65 65 66 67 68 68 68 68 67
    66 65 65 65 65 66 66 66 66 67 67 67 67 66 65 64 64 62 62 61 60 59 58
    58 58 59 59 60 60 60 59 59 58 57 57 57 57 57 57 58 58 59 60 60 61 61
    60 60 60 60 60 60 60 61 61 61 62 62 62 61 61 60 59 58 58 57 57 57 58
    58 59 60 61 61 62 62 62 62 61 61 61 61 61 60 60 60 59 59 59 60 60 61
    62 63 63 63 63 63 63 62 62 62 63 63 63 63 64 64 64 64 64 64 64 64 63
    62 61 60 59 58 58 59 59 60 61 62 62 61 61 60 60 60 61 62 64 65 67 68
    68 68 67 66 65 64 63 62 62 62 63 63 64 64 65 65 64 63 61 60 59 59 59
    59 59 59 59 59 59 59 59 59 69 68 69 69 69 70 69 69 69 68 67 66 65 64
    63 62 61 61 60 60 59 59 59 59 59 59 60 61 61 63 64 64 65 65 65 64 63
    63 62 62 62 61 62 62 62 62 62 62 62 61 60 59 58 58 57 57 58 58 58 59
    59 59 60 60 60 60 60 60 60 60 61 62 63 64 64 65 65 66 66 67 68 69 69
    69 69 68 67 66 65 65 65 66 66 66 66 67 67 67 67 66 66 65 64 64 63 62
    61 61 60 59 58 59 58 58 58 58 58 57 57 57 57 57 57 58 58 58 59 59 60
    60 61 60 60 60 59 59 59 60 60 60 61 61 61 61 60 60 59 59 58 57 57 57
    57 57 58 58 59 60 61 61 62 62 62 61 61 61 60 60 60 60 60 59 59 59 59
    59 60 61 61 62 62 63 62 62 62 62 62 63 63 63 63 64 64 64 64 64 64 65
    65 65 64 63 61 60 59 58 58 58 59 60 61 61 62 61 61 60 60 61 61 63 64
    66 67 67 68 67 67 66 65 64 63 63 63 63 63 64 64 65 65 65 64 63 62 61
    60 59 59 59 58 59 58 58 58 58 58 58 70 70 70 70 70 70 70 70 68 68 66
    65 64 63 62 61 61 60 60 59 59 59 59 59 59 60 60 61 62 63 63 64 65 65
    65 64 64 63 63 62 62 62 62 62 62 62 62 62 62 61 60 59 58 58 57 57 58
    58 58 59 59 59 59 60 60 60 60 60 61 61 62 63 64 65 65 66 66 66 67 68
    69 70 71 70 70 68 67 66 65 65 65 66 66 66 66 67 67 67 66 66 66 65 65
    65 65 64 63 62 61 60 59 59 58 58 57 57 57 56 56 57 57 57 58 58 59 59
    60 60 60 60 61 60 60 60 59 59 59 60 60 60 60 60 60 59 59 58 58 57 57
    57 57 57 57 57 58 58 59 60 60 61 61 61 61 61 60 60 59 59 59 59 59 59
    59 58 59 59 59 60 61 62 62 62 62 62 62 62 63 63 63 64 64 64 64 64 64
    64 65 65 66 65 65 64 62 61 59 59 59 59 60 61 61 62 62 62 62 62 62 62
    62 63 65 66 67 67 67 67 67 66 65 65 64 64 64 64 64 65 66 66 66 66 65
    64 62 61 60 59 59 59 59 58 58 58 58 58 57 58 71 71 71 71 71 71 70 69
    68 68 66 65 64 63 62 61 60 60 59 59 59 59 59 60 60 61 61 62 63 63 64
    65 65 65 65 65 65 64 64 63 63 62 62 62 62 62 62 62 62 61 61 59 59 58
    58 58 58 58 58 59 59 59 59 60 60 61 61 62 62 63 64 65 66 66 67 67 67
    67 68 69 70 71 71 71 70 68 67 66 65 65 65 66 66 66 66 67 67 66 66 66
    66 66 66 66 66 66 65 64 63 62 60 60 58 58 57 56 56 56 56 57 57 58 59
    59 59 60 60 60 60 60 61 60 60 60 60 60 60 60 60 60 60 59 59 58 58 57
    57 56 56 56 57 57 57 57 58 58 59 60 60 61 61 61 61 61 60 60 59 58 58
    58 58 58 58 58 58 59 59 60 61 62 62 62 62 62 62 62 62 63 63 64 64 64
    64 64 65 65 66 66 66 66 65 64 63 61 60 59 59 60 60 61 61 62 62 62 63
    63 63 63 64 64 65 66 67 67 68 67 67 67 66 66 65 65 65 65 65 66 67 67
    67 66 65 64 63 62 61 60 60 59 59 58 58 57 57 57 57 57 72 72 72 71 71
    71 69 69 68 67 65 64 63 62 61 60 60 59 59 59 59 59 59 60 60 61 62 62
    63 63 64 64 65 65 65 65 65 65 64 63 63 62 62 62 62 63 63 63 62 62 61
    60 60 59 59 59 60 60 60 60 60 60 60 60 60 61 62 62 63 64 65 66 67 68
    68 68 68 68 69 70 70 71 72 71 70 68 67 66 65 65 65 66 66 66 66 66 66
    66 66 66 66 66 67 67 67 67 66 65 64 63 61 60 59 58 57 56 55 55 56 57
    57 58 59 60 60 60 61 61 61 61 61 61 61 61 61 61 61 61 60 60 60 59 58
    57 56 56 55 55 55 55 56 56 57 57 57 58 59 60 60 61 61 61 61 61 60 59
    58 58 57 57 57 57 57 57 58 58 59 60 61 62 62 62 61 61 61 61 62 63 63
    64 64 65 65 65 65 65 66 66 67 66 66 65 63 62 61 60 60 60 61 62 62 63
    63 63 64 64 64 64 65 65 66 66 67 68 68 68 68 68 68 67 67 66 66 66 66
    67 67 67 67 67 66 65 64 63 62 61 61 60 59 59 58 57 57 57 56 56 73 72
    72 71 70 70 68 68 67 66 65 63 63 62 61 60 59 58 58 58 58 58 59 60 60
    61 62 63 63 64 64 65 65 65 66 66 65 65 64 63 63 62 62 62 62 62 63 63
    63 62 62 61 61 61 61 61 62 62 61 62 61 61 61 61 61 61 62 62 63 64 65
    67 68 68 69 69 69 69 69 70 71 71 71 70 69 68 67 65 65 65 65 66 66 66
    66 66 66 66 66 66 67 67 68 68 68 68 67 66 65 64 62 61 60 58 57 56 55
    55 56 57 58 59 59 60 60 61 61 61 61 61 62 61 61 62 62 62 62 62 61 61
    60 59 58 57 55 55 54 54 55 55 56 56 57 57 57 58 58 59 59 60 61 61 61
    60 60 59 58 57 56 56 56 56 56 57 57 58 59 60 61 62 62 62 61 61 61 61
    62 62 63 64 64 65 65 65 65 65 66 66 67 66 66 65 64 62 61 61 61 61 61
    62 62 63 63 64 64 65 65 65 66 66 67 67 67 68 68 68 68 69 69 68 68 68
    67 67 67 67 67 68 67 67 66 65 64 63 63 62 61 60 60 59 58 57 57 56 56
    56 73 72 72 71 70 69 67 66 65 65 64 63 62 61 60 59 59 58 57 57 57 58
    58 59 60 61 62 62 63 64 64 65 65 66 66 66 65 65 64 63 63 62 62 62 62
    63 63 63 63 63 63 63 63 63 63 64 64 64 63 63 62 62 61 61 61 61 62 62
    64 65 66 67 69 69 70 70 70 70 70 71 71 71 71 70 68 67 66 65 65 66 66
    66 66 67 66 66 66 66 66 66 67 67 68 68 68 68 67 66 65 64 63 62 60 59
    58 57 56 56 57 57 58 59 60 60 61 61 62 62 62 62 63 62 63 63 63 63 63
    63 62 61 60 59 57 56 54 54 54 54 54 55 55 55 56 57 57 57 58 58 59 60
    60 60 61 60 60 59 58 57 57 56 56 56 56 56 57 58 59 60 61 62 62 62 62
    61 61 61 61 62 63 63 64 64 64 64 64 65 65 66 66 66 66 65 64 63 62 62
    62 62 62 63 63 63 64 64 65 66 66 66 67 67 67 67 67 67 68 68 69 69 69
    69 69 68 68 68 67 67 68 68 67 67 66 66 65 64 64 63 62 61 60 60 59 58
    57 57 56 56 72 72 71 70 68 67 65 64 63 63 62 61 61 60 59 59 58 57 57
    57 57 57 58 59 60 60 61 62 63 63 64 65 65 65 66 65 65 64 63 62 62 62
    62 62 62 63 63 64 64 64 64 64 65 65 65 66 66 66 66 65 64 63 62 62 61
    61 61 62 63 64 66 67 68 69 69 70 70 70 71 71 71 71 70 69 67 66 66 65
    65 66 66 67 67 67 67 66 66 66 66 66 67 67 68 67 67 67 66 66 65 64 63
    62 61 60 59 58 57 57 58 58 59 59 60 60 61 61 62 62 62 63 63 63 64 64
    65 64 64 64 63 62 60 59 57 56 54 53 53 53 54 55 55 56 56 57 57 57 58
    58 58 59 60 60 60 60 59 59 58 57 56 56 55 55 55 56 57 58 59 61 62 63
    63 63 62 61 61 61 61 61 62 63 63 64 64 64 64 64 65 65 66 66 66 65 65
    64 63 62 62 62 63 63 63 64 64 65 66 66 67 67 67 67 67 67 67 67 68 68
    69 69 70 70 69 69 68 68 68 68 68 68 67 67 66 66 65 64 64 63 63 62 61
    60 60 59 58 57 57 57 71 71 70 68 67 65 64 63 62 61 61 61 60 60 59 59
    58 57 57 57 57 57 57 58 59 60 61 61 62 63 64 65 65 65 65 65 64 63 62
    62 61 61 61 62 62 63 63 63 64 64 64 64 65 66 67 67 68 68 67 67 65 64
    63 62 61 61 61 62 63 64 65 66 68 69 69 70 70 71 71 71 71 70 69 68 67
    65 65 65 65 66 67 67 67 67 66 66 66 66 66 66 67 66 67 67 66 66 65 65
    64 64 63 63 62 61 60 60 59 59 59 59 60 60 60 61 61 62 62 63 63 63 64
    64 65 66 66 66 66 65 64 63 61 59 57 55 54 53 53 53 54 55 55 56 57 57
    57 57 58 58 58 59 59 60 60 60 60 59 58 57 57 56 55 55 55 56 57 58 59
    61 62 63 63 63 62 62 61 61 61 61 62 62 63 63 63 63 63 64 64 65 66 66
    66 66 65 64 64 63 63 63 63 64 64 65 65 66 66 67 67 67 67 67 67 67 67
    67 67 68 68 69 69 69 69 68 68 68 67 67 67 68 67 67 66 66 65 64 64 63
    63 63 62 62 61 60 59 58 58 58 70 70 69 67 66 64 62 61 60 60 60 60 60
    60 59 59 59 58 57 57 57 57 57 58 59 59 60 61 62 63 64 65 65 66 65 64
    63 62 62 61 60 60 61 61 62 62 63 63 63 64 64 65 66 67 68 68 69 69 68
    67 66 65 63 62 61 61 61 61 62 63 64 65 66 67 68 70 70 71 71 71 70 70
    69 67 66 65 65 65 66 67 67 68 68 67 67 66 66 66 66 66 66 66 66 66 65
    65 64 63 63 63 62 63 62 62 62 62 61 61 61 61 61 61 61 61 61 62 62 63
    63 64 65 65 66 66 67 67 67 66 64 63 61 59 57 56 54 53 53 53 54 55 56
    56 57 57 57 57 57 58 58 58 59 59 59 59 59 59 59 58 57 56 56 55 55 56
    57 58 59 61 62 63 63 63 63 62 61 61 61 61 61 61 62 62 62 62 63 63 63
    64 65 65 66 66 65 65 64 64 64 64 64 65 65 66 66 66 67 67 67 67 67 67
    67 66 66 66 67 67 67 68 68 68 68 68 67 67 67 68 68 68 68 68 67 66 66
    65 64 64 64 64 63 63 62 61 60 59 59 59 69 68 68 66 65 63 61 60 60 59
    59 60 60 60 60 60 60 59 58 58 57 58 58 59 59 60 61 61 63 64 65 66 66
    66 65 64 63 62 61 60 59 60 60 60 61 61 62 62 63 63 64 64 65 66 67 68
    68 69 68 67 66 65 63 62 61 61 61 61 62 62 63 64 66 66 68 69 70 71 71
    71 71 70 68 67 66 65 65 65 66 67 68 68 68 67 67 66 66 66 66 66 66 65
    65 65 64 63 63 62 62 62 62 63 63 63 63 64 63 63 63 62 62 61 61 61 61
    62 62 63 63 64 65 65 66 67 67 67 67 66 65 63 62 60 58 56 55 54 53 54
    54 56 57 57 58 59 58 58 58 58 58 58 58 59 59 59 59 59 59 58 58 57 56
    56 56 56 57 58 60 61 62 63 64 64 63 62 62 61 61 60 61 61 61 61 61 62
    62 63 63 64 65 65 66 66 66 65 65 65 65 65 65 66 66 67 67 67 68 68 68
    68 68 67 67 67 66 66 66 67 66 67 67 67 67 67 67 67 67 68 68 69 69 68
    68 67 66 65 65 64 64 64 64 64 63 62 61 61 60 60 67 67 66 65 64 62 61
    60 59 59 59 60 60 61 61 61 61 60 59 58 58 58 58 59 59 60 61 62 63 64
    65 66 66 66 65 64 62 61 60 59 59 59 59 60 60 61 61 62 62 62 63 64 65
    66 67 68 68 68 67 67 66 65 63 62 61 61 61 61 61 61 62 63 64 65 66 67
    68 69 70 70 70 69 68 67 65 65 65 66 66 67 68 68 68 67 67 66 66 66 65
    65 65 65 65 64 63 62 62 61 61 61 62 63 64 65 65 66 65 65 64 63 63 62
    61 61 61 61 62 63 63 64 65 66 67 67 68 68 68 67 66 64 62 60 58 57 55
    54 54 54 55 56 57 58 59 59 59 59 58 58 58 58 58 58 59 59 60 60 59 59
    58 57 57 57 56 57 58 59 60 61 62 63 64 64 63 63 62 61 61 60 60 60 61
    61 61 61 62 62 63 64 65 65 66 66 66 66 66 66 66 66 66 67 67 67 67 67
    68 68 68 68 68 67 67 67 67 66 66 66 65 65 65 65 65 65 65 66 67 68 69
    70 70 70 69 68 67 66 65 65 65 65 65 65 65 64 63 62 61 61 66 66 65 64
    63 62 61 60 60 60 60 61 61 62 62 62 62 61 60 59 59 59 59 60 61 61 62
    63 64 65 66 67 67 67 66 65 63 61 60 59 58 58 59 59 60 60 60 61 61 61
    62 63 64 65 66 67 67 67 67 66 65 64 63 62 61 61 61 60 61 61 61 62 63
    63 65 66 67 68 69 69 69 68 67 66 65 65 65 66 66 67 67 68 68 67 67 66
    66 66 66 65 65 65 64 64 63 62 61 60 60 61 62 63 65 66 67 68 67 67 66
    65 64 62 61 61 61 61 62 62 63 64 64 65 66 67 68 68 68 67 66 65 63 61
    59 58 56 55 55 55 56 57 58 60 60 61 60 60 59 58 58 57 58 58 58 59 60
    60 60 59 59 58 58 57 57 58 59 60 61 62 63 64 64 64 64 63 62 61 61 60
    60 60 61 61 61 61 62 62 63 64 65 65 66 66 67 67 67 67 67 67 67 67 67
    68 68 68 68 68 68 68 68 67 67 67 67 66 66 65 64 64 64 63 64 64 64 65
    67 68 69 70 70 70 70 69 68 66 66 65 66 66 66 65 65 64 63 62 61 61 65
    65 64 64 63 62 61 61 60 60 61 62 62 63 63 63 63 62 61 60 59 59 60 61
    62 63 63 64 65 66 66 67 67 66 65 64 63 61 60 59 58 58 58 59 59 60 60
    60 61 61 62 63 64 65 66 66 67 66 66 65 64 64 62 62 61 61 60 60 60 60
    60 61 61 62 63 64 65 66 67 68 68 68 67 66 65 65 65 65 66 67 67 67 67
    67 67 66 66 66 66 65 65 64 64 63 62 61 60 60 60 61 62 64 66 68 69 69
    69 69 67 66 64 62 61 60 60 61 61 62 62 63 64 65 66 67 68 68 69 68 67
    65 64 62 60 59 57 56 56 56 56 58 59 61 61 62 61 61 59 59 58 57 58 58
    59 59 60 60 60 60 59 59 59 59 59 59 60 61 62 63 63 64 64 64 64 64 63
    62 61 61 60 60 61 61 61 62 62 63 63 64 64 65 66 67 67 67 68 68 68 68
    68 68 68 67 67 67 67 67 67 67 67 67 68 67 67 67 66 65 64 64 63 62 62
    63 64 65 66 68 69 71 71 72 71 70 69 67 66 66 66 66 66 66 65 64 63 62
    61 61 64 64 64 63 63 62 62 61 61 62 62 63 64 65 65 64 64 62 61 60 60
    60 61 62 63 64 65 66 66 67 67 67 67 66 65 64 62 61 60 59 58 58 59 59
    59 60 60 60 61 61 62 63 64 65 66 66 66 66 65 65 64 63 62 62 61 61 60
    60 59 59 60 60 60 60 61 62 63 64 66 66 67 67 66 66 65 65 65 65 65 66
    66 66 66 66 66 66 66 66 66 65 65 64 64 63 62 61 60 60 60 61 63 65 67
    69 70 71 71 70 69 67 65 63 62 61 60 61 61 62 62 63 63 65 65 67 68 68
    69 68 68 66 65 63 61 60 58 57 57 57 58 59 60 62 62 63 62 61 60 59 58
    57 57 58 58 59 60 60 60 60 60 59 59 59 60 61 62 62 63 64 64 65 65 65
    64 64 63 63 62 61 61 61 61 61 62 62 62 63 63 64 65 65 66 67 67 68 68
    68 68 68 67 67 67 67 66 66 66 66 66 66 67 67 67 67 68 67 66 65 64 63
    62 62 62 62 63 64 66 68 70 71 72 72 72 71 69 68 67 66 66 66 66 65 65
    64 63 62 61 61 64 64 64 63 63 63 63 62 62 63 63 64 65 66 65 65 64 62
    61 60 60 60 62 63 64 66 67 67 68 68 67 67 66 66 65 64 62 61 60 59 59
    58 59 60 60 60 60 61 61 62 63 63 64 65 66 66 66 65 65 64 63 63 62 62
    61 61 60 60 59 59 59 59 59 59 60 60 61 62 64 65 65 66 66 66 65 65 65
    65 65 66 66 66 66 66 66 66 66 66 65 65 64 64 63 62 61 60 60 60 60 62
    64 66 68 71 72 73 73 72 70 68 66 64 62 61 61 61 61 62 62 63 64 65 65
    66 67 68 68 68 68 67 66 64 63 61 59 58 58 58 58 60 61 62 63 63 63 62
    61 59 58 58 58 58 59 60 60 61 61 61 61 60 60 61 61 62 63 63 64 64 65
    65 65 65 64 64 63 63 62 62 62 62 62 62 62 63 63 63 63 64 64 65 66 66
    67 68 68 68 68 67 67 66 66 66 65 65 65 65 65 65 66 66 67 67 67 67 66
    65 64 63 62 61 61 62 63 64 66 67 69 71 72 72 72 71 70 69 68 67 66 66
    66 65 64 63 62 61 60 60 64 64 64 64 64 64 63 63 63 64 64 65 66 66 66
    65 64 63 62 61 60 61 62 64 65 67 68 68 69 68 68 67 66 65 64 63 62 61
    60 59 59 59 60 61 61 61 61 61 62 62 63 64 65 66 67 66 66 66 65 64 63
    63 62 62 61 60 60 59 58 58 58 58 58 58 59 59 60 61 63 64 65 66 66 66
    66 66 65 65 65 65 65 65 65 66 66 66 66 66 65 65 64 63 62 61 60 60 60
    60 61 62 64 67 69 71 73 73 73 72 71 68 66 64 62 61 61 61 61 62 62 63
    63 64 65 66 67 67 68 68 68 67 66 65 63 62 61 60 59 59 59 61 62 63 64
    64 63 63 61 60 59 59 58 59 59 60 61 61 61 61 61 61 61 61 62 62 63 63
    64 64 65 65 65 65 64 64 64 63 63 63 63 63 63 63 63 63 63 63 63 64 64
    65 65 66 67 67 67 67 67 67 67 66 66 65 64 64 64 64 64 64 65 65 66 66
    67 67 66 65 64 63 62 61 61 62 62 64 65 67 69 71 72 72 72 72 70 69 68
    67 66 66 65 64 63 62 61 60 59 59 65 65 65 65 65 65 64 64 65 65 65 66
    66 67 66 65 64 63 61 61 60 61 63 64 66 67 68 69 69 68 67 67 65 64 63
    62 60 59 59 59 59 60 61 61 62 62 62 62 62 63 63 64 65 66 67 67 67 66
    65 64 63 63 62 62 61 60 59 59 58 58 58 58 58 58 58 59 60 61 62 64 65
    66 66 67 66 66 65 65 64 64 64 64 64 65 65 65 65 65 64 63 63 62 61 60
    59 59 59 60 61 63 65 68 70 72 73 74 73 72 71 69 67 65 63 62 62 62 62
    62 63 63 64 65 65 66 67 67 67 67 67 67 66 65 64 63 62 61 60 60 61 62
    63 64 65 65 64 64 62 61 60 60 59 60 60 61 61 62 61 61 61 61 61 62 62
    63 64 64 64 64 64 64 64 64 64 64 64 64 63 64 63 64 64 64 64 64 64 63
    63 64 64 65 65 66 66 67 67 67 67 66 66 65 65 64 63 63 63 63 63 63 63
    64 65 65 66 66 65 65 63 63 62 61 61 62 63 64 65 67 69 70 71 72 72 72
    71 70 68 67 66 65 65 63 62 61 60 59 58 58 67 67 67 66 66 66 65 65 65
    66 66 67 67 67 66 65 64 62 61 61 61 61 63 64 66 67 68 69 69 68 67 66
    65 63 62 61 60 59 59 59 60 61 62 62 63 63 63 62 63 63 64 65 66 67 67
    67 67 66 66 65 64 63 62 62 61 60 59 59 58 58 58 58 58 58 58 59 59 61
    62 64 65 67 67 67 67 66 65 65 64 64 64 63 64 64 64 64 64 64 63 62 61
    60 59 59 58 58 59 60 61 63 65 67 69 71 72 73 72 71 70 68 66 65 63 62
    62 62 62 63 63 64 64 65 65 66 66 66 67 67 67 66 66 66 65 64 63 62 62
    61 62 63 63 64 65 65 65 64 63 62 61 61 61 61 61 62 62 62 62 62 61 61
    61 61 62 62 63 63 64 63 63 63 63 63 63 63 63 64 64 64 64 64 65 65 64
    64 64 64 64 64 64 64 65 66 66 66 66 66 66 65 65 64 64 63 63 63 62 63
    62 63 63 63 64 64 65 64 64 63 62 62 61 61 61 62 63 64 66 67 69 70 71
    72 72 72 71 70 68 67 66 65 64 63 62 60 59 58 57 57 69 69 68 68 67 67
    66 66 66 67 67 67 67 67 66 65 64 63 62 61 61 62 63 64 66 67 68 69 69
    68 67 66 64 63 61 60 59 58 58 59 60 61 62 63 63 63 63 62 62 63 64 65
    66 67 67 67 67 67 66 65 64 64 63 63 62 61 60 59 58 58 58 58 58 58 59
    59 60 61 63 64 66 67 68 68 67 66 65 64 63 63 62 62 62 62 63 63 63 63
    62 61 60 59 58 58 58 58 59 61 62 64 65 67 68 69 70 71 71 70 69 67 66
    65 64 63 63 63 63 63 64 64 64 65 65 66 66 66 66 66 66 66 66 66 65 65
    64 63 63 63 63 64 64 65 66 66 65 65 64 63 62 62 61 61 62 62 62 62 62
    62 62 61 61 61 62 62 62 62 62 62 62 62 62 63 63 63 63 64 64 64 65 65
    65 65 65 65 64 64 64 64 65 65 66 66 66 66 66 66 65 65 65 64 63 63 62
    63 62 63 62 62 62 62 62 62 63 63 62 62 61 61 61 61 62 63 63 65 66 67
    69 70 71 71 71 71 70 69 68 67 66 65 64 63 61 60 58 57 56 56 71 70 70
    69 68 67 67 66 66 67 67 67 67 66 66 65 64 63 62 62 62 62 63 64 66 67
    68 68 68 68 67 65 64 62 61 59 58 58 58 59 60 62 63 64 64 64 63 63 63
    63 64 65 66 67 68 68 68 67 66 66 65 64 64 63 62 61 60 59 58 58 58 58
    59 59 59 59 60 61 63 65 66 68 68 68 67 66 64 63 62 62 61 61 61 61 62
    62 62 62 61 61 60 58 58 57 58 58 60 61 62 63 64 66 66 67 68 68 68 68
    67 66 65 64 63 63 63 63 63 64 64 64 65 65 66 66 66 65 65 65 65 65 66
    66 66 65 65 65 65 65 65 65 65 66 66 67 66 66 65 64 63 63 62 62 62 63
    63 63 63 62 62 61 61 61 61 61 61 61 61 61 61 61 61 62 62 63 63 64 64
    65 65 66 66 66 66 66 65 65 65 65 65 66 66 66 66 66 66 65 65 64 64 63
    63 63 62 63 63 63 63 63 62 62 62 61 61 61 61 60 60 60 60 61 62 63 64
    65 67 68 70 70 71 71 71 71 70 69 68 67 66 65 64 63 61 60 58 57 56 56
    71 70 70 69 68 68 67 67 67 67 67 67 67 66 65 65 64 63 62 62 62 63 64
    65 66 67 68 68 68 68 67 65 63 62 60 59 58 58 58 59 61 62 64 65 65 64
    64 63 63 64 64 65 66 67 68 68 68 67 67 66 65 65 64 64 63 62 61 60 59
    59 59 59 59 59 60 60 61 62 64 65 67 68 68 68 67 66 64 63 62 61 60 60
    60 60 61 61 61 61 61 60 59 58 58 58 58 59 60 61 62 63 63 64 64 65 66
    66 66 66 65 64 64 63 63 63 63 63 63 64 64 64 65 65 65 65 65 64 64 64
    65 65 65 66 66 66 66 66 66 66 66 66 67 67 67 67 66 66 66 65 64 63 63
    62 63 63 63 63 63 63 62 62 61 61 61 60 60 60 60 61 61 61 61 62 62 63
    63 64 65 65 66 66 67 67 66 66 66 65 66 66 67 67 67 67 67 67 66 65 65
    64 63 63 62 62 62 63 63 64 63 63 62 61 61 60 60 59 59 59 59 59 60 61
    62 63 65 66 67 69 70 70 71 71 71 70 69 68 67 66 65 65 64 63 62 60 59
    57 56 56 71 70 70 69 68 67 67 66 66 66 66 66 66 65 65 64 64 63 63 63
    63 63 64 65 66 67 68 68 68 67 66 65 63 61 60 59 58 58 58 59 61 63 64
    65 65 65 64 64 64 64 65 66 67 67 68 68 67 67 67 66 66 65 64 64 63 63
    62 61 60 60 60 60 60 60 60 60 61 62 63 65 66 67 67 67 66 64 63 62 61
    60 59 59 59 59 60 60 61 61 61 60 60 59 59 59 59 60 61 62 62 63 63 63
    63 63 64 64 64 64 64 63 63 63 63 63 63 63 63 64 64 64 65 65 65 65 65
    64 64 64 64 65 65 66 66 67 67 67 67 68 68 68 68 68 67 67 67 67 66 65
    65 64 63 63 63 63 63 64 64 64 63 62 62 61 61 60 60 60 60 60 60 61 61
    62 62 63 64 65 65 66 67 67 67 67 67 67 66 66 67 67 68 68 68 68 68 67
    66 65 64 64 63 62 62 62 62 63 63 64 64 63 63 61 61 60 59 58 58 58 58
    58 59 60 62 63 65 66 68 69 70 70 71 70 70 69 68 67 66 66 65 65 64 63
    62 61 60 59 58 58 70 69 69 68 67 66 66 65 65 65 65 65 65 65 64 64 64
    64 63 64 64 65 66 66 67 68 69 69 68 67 66 65 63 61 60 59 58 58 58 60
    61 63 64 65 65 65 65 65 65 65 66 67 67 67 68 67 67 67 66 66 66 65 64
    64 63 63 62 62 61 61 60 60 60 60 60 60 60 61 63 64 65 66 66 66 65 63
    62 61 60 59 59 58 58 59 59 60 61 61 61 61 61 60 60 60 61 61 62 62 62
    62 62 62 61 62 62 63 63 63 63 62 62 62 62 62 62 63 63 63 64 64 64 64
    64 64 64 63 63 63 63 64 65 65 66 67 67 68 68 69 69 69 69 68 68 68 67
    67 67 66 65 64 63 62 62 62 63 63 64 64 64 63 62 61 61 60 60 60 60 60
    60 61 62 63 63 64 65 65 66 67 67 67 67 67 67 67 66 67 67 68 69 69 70
    69 69 68 67 66 65 63 62 61 61 62 62 63 64 65 64 64 63 62 61 60 59 58
    57 57 57 58 59 60 62 63 65 67 68 69 70 70 70 70 69 68 67 66 65 65 64
    64 64 63 63 62 61 60 59 59 67 67 66 66 65 64 64 64 64 64 64 64 64 64
    64 64 64 64 64 64 65 66 67 68 69 69 69 69 68 67 66 64 63 61 60 59 58
    58 58 59 61 63 64 65 66 66 66 66 66 66 67 67 67 67 67 67 66 66 66 66
    65 65 64 64 64 63 63 63 62 62 61 61 60 60 59 59 60 60 62 63 64 65 65
    64 63 62 61 60 60 59 58 58 58 58 59 60 60 61 61 62 61 61 61 62 62 62
    63 63 62 62 61 61 61 61 61 62 62 62 63 62 62 62 62 62 62 62 62 63 63
    64 64 64 64 63 63 62 62 62 63 63 64 65 66 67 68 68 69 69 69 69 69 69
    68 68 68 67 67 66 65 64 63 62 62 62 63 64 65 65 65 64 63 63 62 61 61
    60 60 61 61 62 62 63 64 64 65 66 67 67 67 67 67 67 66 67 66 67 67 69
    69 70 70 70 69 68 67 66 64 63 61 60 60 61 62 63 64 65 65 64 63 62 61
    59 59 58 57 57 57 58 59 60 62 63 65 66 67 68 69 69 69 69 68 67 66 65
    65 64 64 64 64 64 64 63 63 62 62 62 65 64 64 64 63 63 63 63 63 63 63
    63 63 63 63 63 64 64 64 65 66 67 68 69 70 70 70 70 69 67 66 64 63 61
    60 59 58 58 59 60 61 63 64 66 66 67 67 67 67 67 67 67 67 67 67 66 66
    66 66 65 65 65 64 64 63 63 63 63 63 63 62 61 61 60 60 59 60 60 61 62
    63 64 64 63 62 61 60 60 59 59 58 58 58 58 59 60 61 62 62 63 63 63 63
    63 63 63 63 63 62 61 61 60 60 61 61 62 62 63 63 63 62 62 62 62 61 62
    62 62 63 63 63 63 63 62 62 61 61 62 62 63 64 65 66 67 67 68 69 69 69
    69 69 69 68 68 68 67 67 66 65 64 62 61 61 61 62 63 64 65 65 64 64 63
    62 62 61 61 61 61 62 62 63 64 64 65 65 66 67 67 67 67 67 66 65 66 66
    66 67 69 70 70 71 70 70 69 68 66 64 63 61 60 60 61 61 63 64 65 65 65
    64 62 61 60 59 58 58 57 57 58 59 60 62 63 65 66 67 67 68 68 68 67 67
    66 65 64 64 64 64 64 65 65 65 65 64 64 63 63 62 62 62 62 62 61 62 62
    62 62 62 62 62 63 62 63 63 64 64 65 67 68 69 71 71 71 71 70 68 67 65
    64 62 61 60 59 59 59 59 60 61 63 64 65 66 67 67 67 67 67 67 67 67 66
    66 65 65 65 65 65 65 64 63 63 63 63 63 63 63 63 63 62 61 60 59 59 59
    60 61 62 63 63 63 62 61 60 60 59 59 58 58 58 58 59 59 60 61 62 63 63
    64 64 64 64 64 64 64 63 62 61 61 60 60 61 61 62 63 63 63 63 63 62 62
    61 61 61 61 62 62 62 62 62 62 61 61 60 61 61 62 62 64 64 65 66 67 68
    68 69 69 69 68 68 68 68 67 67 67 66 65 63 62 61 61 61 62 63 64 65 66
    65 65 65 64 63 63 62 62 62 62 63 63 64 64 65 65 66 66 66 67 66 66 65
    64 65 65 66 67 68 70 70 71 70 70 69 68 66 64 63 61 60 60 60 61 62 64
    64 65 64 64 63 61 60 60 59 58 58 58 58 59 60 62 63 64 64 65 65 65 66
    66 66 65 65 64 64 64 63 64 64 65 65 66 66 66 66 66 66 60 60 60 60 60
    60 61 61 61 62 62 62 62 62 62 62 63 63 64 65 67 68 70 71 72 72 71 70
    68 66 65 63 62 61 60 60 59 59 59 60 61 63 64 65 66 67 67 67 67 67 67
    66 66 65 65 64 65 65 65 65 64 64 63 63 62 62 63 63 63 64 63 63 62 61
    60 60 60 60 61 62 63 62 62 61 60 59 59 59 58 58 58 58 59 59 60 61 62
    63 64 64 64 65 65 65 65 64 64 63 62 61 61 60 60 61 62 63 63 64 64 64
    63 62 62 61 61 61 61 61 62 62 61 61 61 60 60 59 59 60 61 62 63 64 65
    65 66 67 67 68 67 67 67 67 67 67 67 67 67 66 65 63 62 60 60 60 61 62
    64 64 65 65 65 65 64 64 63 63 63 63 63 63 64 64 64 65 65 65 66 66 65
    65 64 63 63 63 64 65 66 68 70 70 71 71 70 69 68 67 65 63 62 61 60 61
    62 63 64 65 65 65 64 63 62 61 61 60 59 59 58 59 59 60 61 62 62 63 63
    64 64 64 65 65 64 64 64 63 64 63 64 65 65 66 67 67 68 68 67 68 58 58
    58 59 59 59 60 61 61 61 61 61 61 62 61 62 62 63 64 65 67 69 70 71 72
    72 71 70 67 65 64 62 61 61 61 60 60 60 60 61 61 63 64 65 65 66 66 66
    67 66 66 65 64 64 64 63 64 64 65 65 64 64 63 62 62 62 62 63 64 64 64
    64 63 62 61 61 61 61 62 62 63 62 62 61 60 59 58 58 58 58 59 59 59 60
    61 62 63 64 64 65 65 65 65 65 65 64 64 63 62 61 61 61 61 61 62 63 63
    64 64 64 64 63 62 61 61 61 61 61 61 61 61 61 60 59 59 59 59 59 60 61
    63 63 64 65 65 65 65 66 65 65 65 66 66 66 66 66 66 65 64 63 61 60 60
    60 61 62 63 64 65 65 65 65 65 65 64 64 64 64 64 64 64 64 65 64 65 65
    65 65 64 64 63 62 61 62 62 64 66 68 69 70 71 71 70 69 68 67 65 64 62
    61 61 61 62 62 63 64 64 64 64 63 62 62 61 60 60 59 59 59 60 60 61 61
    61 61 61 61 61 62 62 63 63 63 64 63 64 64 65 65 66 67 68 68 69 69 69
    69 57 57 57 58 59 59 60 61 61 61 62 62 62 61 61 61 62 62 63 64 66 68
    70 71 72 71 70 69 66 64 63 62 61 61 61 61 61 61 61 61 62 62 63 64 65
    65 66 66 66 65 65 64 63 62 62 63 63 64 64 65 64 64 63 62 62 62 63 63
    64 65 65 65 64 64 63 62 62 62 63 63 63 62 62 60 59 58 58 58 58 59 59
    60 60 61 62 63 64 65 65 65 66 65 65 65 65 64 63 62 62 61 61 61 61 61
    62 63 63 64 64 64 64 63 62 61 60 60 60 61 61 61 61 60 59 59 58 58 58
    58 59 60 62 63 63 64 64 64 63 63 63 63 63 64 64 65 66 66 66 65 64 63
    61 60 60 60 61 61 63 63 64 64 64 65 64 65 64 64 64 64 64 64 64 64 64
    64 64 64 64 64 63 63 62 61 60 61 62 63 66 68 69 70 71 71 70 69 68 67
    66 65 64 63 62 62 62 63 64 64 64 64 64 64 63 62 62 61 61 60 60 59 59
    60 60 60 59 59 59 60 60 60 61 62 63 63 64 64 65 65 65 66 67 68 69 69
    70 70 70 70 56 56 57 58 58 59 60 61 61 62 62 62 62 62 61 61 61 62 63
    64 66 67 69 70 71 70 69 68 65 64 62 61 61 61 61 61 61 61 61 61 62 62
    63 64 64 64 64 64 64 63 63 62 62 61 61 62 63 64 64 65 64 64 63 62 62
    62 63 64 65 66 66 66 66 66 65 64 64 64 64 64 64 63 62 60 59 58 58 58
    58 59 60 61 62 63 64 65 65 66 66 66 66 66 65 65 64 63 63 62 61 61 60
    60 61 61 62 63 63 64 64 64 64 63 62 61 60 60 60 61 61 61 61 60 59 58
    57 57 57 57 59 59 61 62 62 63 63 62 62 61 61 61 61 62 63 64 65 66 66
    65 64 63 62 61 60 60 61 61 62 62 63 63 64 64 64 65 64 65 64 65 64 65
    64 64 64 64 64 64 63 63 62 61 60 60 59 60 61 63 65 67 69 70 71 71 70
    69 68 68 67 66 65 64 64 63 63 64 64 64 64 64 64 64 64 63 63 62 62 61
    61 60 60 60 59 59 58 58 57 57 57 58 60 61 62 63 64 64 65 66 66 67 67
    68 69 69 70 70 70 70 56 56 57 58 59 60 61 62 62 63 63 63 63 62 62 62
    62 62 62 63 65 66 68 69 69 69 68 66 64 63 61 60 60 60 61 61 62 62 62
    62 62 62 62 63 63 63 63 63 62 62 61 60 60 60 61 61 62 63 64 65 64 64
    63 63 63 63 64 65 66 67 68 68 68 68 67 66 66 65 66 65 65 63 62 61 59
    59 58 59 59 61 62 63 64 65 65 66 67 67 67 66 66 65 65 64 63 63 62 62
    61 61 60 60 60 61 62 63 63 64 64 64 64 63 62 60 60 60 60 60 61 61 60
    60 59 58 57 56 56 57 57 58 60 61 61 61 61 61 60 59 59 59 59 60 62 63
    64 66 66 66 65 64 62 61 61 61 61 61 62 62 63 63 63 64 64 65 64 65 65
    65 65 65 65 64 64 64 63 63 63 62 62 61 60 60 59 60 61 63 66 67 69 70
    71 71 70 69 68 68 67 67 66 65 65 64 64 64 64 64 64 64 64 64 64 64 64
    63 63 62 62 61 60 59 59 58 57 56 55 56 56 57 59 60 62 63 65 65 66 67
    67 68 68 69 69 69 70 69 69 69 56 56 57 58 59 60 61 62 63 64 64 64 64
    63 63 62 62 62 62 63 64 65 66 68 68 68 67 66 64 62 61 60 60 60 61 61
    62 62 62 62 62 62 62 62 62 62 62 61 61 60 60 59 59 59 60 61 62 63 64
    65 65 64 64 63 63 63 64 65 67 68 69 70 70 69 69 68 68 67 67 66 66 65
    63 62 61 60 60 61 61 63 64 65 65 66 67 67 68 68 67 67 66 65 64 63 63
    62 62 61 61 61 60 60 60 61 62 63 63 64 64 64 63 62 61 60 60 59 59 60
    60 60 60 59 59 58 57 56 55 56 56 57 58 59 60 60 60 59 59 58 57 57 57
    59 60 62 64 66 66 66 65 64 63 62 62 61 62 62 62 62 62 62 62 63 64 64
    65 65 65 65 65 65 65 64 64 64 63 63 62 62 61 60 59 59 59 60 61 63 65
    67 69 70 70 70 70 69 68 68 68 67 67 67 66 65 65 65 64 64 64 64 64 64
    65 65 65 65 64 63 63 62 61 59 58 57 56 55 54 55 55 56 58 60 62 63 65
    66 67 68 68 68 68 68 68 68 68 68 68 67 56 56 57 58 60 61 62 63 63 64
    65 65 65 64 63 63 62 62 62 63 63 64 65 66 67 67 66 65 63 62 61 60 60
    60 61 62 62 62 63 62 62 62 62 62 62 61 61 60 60 59 59 58 59 59 60 61
    62 63 64 65 65 65 65 64 64 64 65 66 67 69 70 71 71 71 70 69 69 68 67
    67 66 65 64 63 62 62 62 63 64 65 66 67 67 68 68 68 68 68 68 67 66 65
    64 63 62 62 61 61 61 60 60 60 60 61 61 62 63 64 64 64 64 63 61 60 59
    59 59 59 59 60 60 59 59 58 57 56 55 55 56 56 57 58 59 59 59 59 58 57
    56 56 56 58 60 62 63 65 66 66 66 65 64 63 63 63 63 63 62 62 62 62 62
    63 63 64 65 65 65 66 65 65 65 64 64 64 63 63 62 61 61 60 59 59 59 60
    61 63 65 67 68 69 69 69 69 68 67 68 67 67 67 67 66 66 65 65 64 64 64
    64 64 65 65 65 66 66 66 65 64 63 61 59 58 56 55 54 54 54 54 56 57 59
    61 63 65 66 68 68 68 68 68 68 67 67 67 66 66 66 57 57 58 59 61 62 63
    64 65 65 66 66 66 66 65 64 63 63 63 63 63 64 65 66 66 66 65 65 63 62
    61 60 60 60 61 61 62 63 63 63 63 63 62 62 61 61 60 59 59 58 58 58 58
    59 60 61 62 64 65 65 66 66 65 65 65 65 66 66 68 69 70 71 71 71 71 70
    70 69 69 68 67 66 65 64 64 64 64 65 66 67 68 68 69 69 69 69 69 68 68
    67 66 65 64 63 62 62 62 61 61 60 60 60 60 61 61 62 63 64 64 64 63 62
    61 60 59 58 58 58 59 59 59 59 59 58 57 56 55 55 55 55 56 57 58 59 59
    58 57 56 56 56 56 58 59 61 63 65 66 66 66 65 65 64 64 63 63 63 62 62
    62 62 62 63 63 64 65 66 66 66 66 66 65 65 64 64 64 63 63 62 61 60 60
    60 60 61 62 63 65 66 68 68 68 68 67 67 67 67 67 67 67 67 67 66 66 65
    65 64 64 65 65 65 66 66 67 67 67 66 65 63 61 59 58 56 55 55 54 54 55
    56 58 59 61 63 65 66 67 68 68 68 67 67 66 65 64 64 64 63 58 58 59 60
    61 62 63 64 65 66 66 67 67 66 66 65 64 63 63 63 63 64 64 65 65 66 65
    65 63 62 61 61 61 61 62 62 63 63 64 64 64 63 63 62 61 61 60 59 59 58
    58 58 59 59 60 61 63 64 65 66 66 66 66 66 65 65 66 66 68 69 70 71 71
    71 71 70 70 69 69 68 68 67 66 66 66 66 66 68 68 69 70 70 70 69 69 69
    69 68 68 67 66 65 64 63 63 62 62 62 61 61 60 60 60 61 62 63 64 64 65
    64 64 62 61 59 59 58 57 58 58 59 59 59 59 58 58 57 56 55 55 56 56 57
    58 58 59 58 58 57 56 56 57 58 59 61 63 64 65 66 66 65 65 65 65 64 64
    64 63 63 63 62 62 63 64 65 66 66 66 66 66 66 65 65 65 64 64 64 64 63
    62 61 61 61 61 62 63 64 65 66 67 67 67 66 66 65 65 65 65 65 66 66 66
    65 65 65 64 64 64 65 65 65 66 66 67 67 67 66 65 64 62 60 58 57 55 55
    54 55 55 56 58 59 61 63 65 66 67 68 67 67 66 65 64 64 63 62 62 61 58
    59 59 60 62 63 64 65 66 67 67 68 68 67 66 66 65 64 64 63 63 64 64 65
    66 66 66 65 64 63 62 61 61 61 62 62 63 64 64 64 64 64 63 63 61 61 60
    59 58 58 58 58 59 60 61 62 64 65 66 67 67 67 66 66 65 65 66 66 67 68
    69 70 71 71 71 70 70 69 69 68 68 67 67 67 67 67 68 69 70 71 71 71 70
    70 69 69 68 68 68 67 66 66 65 64 63 63 63 62 62 61 61 60 61 61 62 63
    64 65 65 65 64 63 61 59 58 57 57 57 58 58 59 59 59 59 58 58 57 56 56
    56 56 57 58 58 59 59 58 57 57 57 58 59 60 61 63 64 65 65 65 65 65 65
    65 65 64 64 64 63 63 63 63 63 64 65 66 67 66 67 66 66 66 65 65 65 65
    65 65 64 64 63 62 62 62 63 63 64 65 65 66 65 65 64 64 64 63 64 64 64
    65 65 65 65 65 65 65 65 65 65 66 66 67 67 67 67 67 66 65 64 62 60 58
    57 55 55 55 56 56 57 58 60 61 63 65 65 67 67 67 66 65 64 63 62 61 60
    60 59 59 60 60 61 62 64 65 66 66 67 68 68 68 67 67 66 65 64 64 63 64
    64 65 66 66 66 66 66 65 64 63 62 62 62 62 63 64 64 65 65 65 64 64 63
    62 61 60 60 59 59 59 59 60 61 62 63 64 65 66 67 67 67 66 66 65 65 65
    66 67 67 68 69 69 70 70 70 70 69 69 68 68 68 68 68 68 69 69 71 71 71
    71 71 70 69 69 68 68 67 67 67 67 66 65 65 64 64 63 63 63 62 61 61 61
    61 62 63 64 65 65 65 64 63 61 60 59 58 57 58 58 59 59 60 60 60 60 59
    58 57 57 57 57 58 58 59 59 59 59 59 59 59 59 60 61 62 63 64 65 65 65
    65 64 64 65 65 65 65 65 64 64 64 64 64 65 66 66 67 66 67 66 66 66 66
    66 66 66 66 66 66 65 65 64 64 63 64 64 64 65 65 65 64 64 63 63 62 62
    62 62 63 63 64 64 64 64 64 65 65 65 66 66 66 67 67 67 67 67 66 65 64
    62 60 59 58 57 56 56 57 57 58 59 60 61 62 64 64 65 66 66 65 64 63 62
    61 60 59 59 58 60 60 61 62 63 64 65 66 67 67 68 68 68 68 67 66 65 65
    64 64 65 65 66 67 67 67 67 67 65 65 64 63 63 62 63 63 64 64 65 65 65
    65 64 63 62 62 61 60 60 60 60 60 61 62 63 64 65 66 67 67 67 67 67 66
    66 66 66 66 67 67 67 68 69 69 69 69 69 69 69 68 68 68 68 68 68 69 70
    71 72 72 72 71 70 69 68 67 67 67 67 67 67 66 66 65 65 64 64 64 63 63
    62 61 61 62 62 63 64 65 65 65 64 63 61 60 59 58 57 57 58 59 60 60 61
    61 61 60 60 59 58 58 58 58 59 59 59 60 60 60 60 61 61 62 62 63 63 64
    64 64 64 64 64 64 64 64 65 65 65 65 65 65 65 65 66 66 66 67 66 67 66
    66 66 66 66 67 67 67 68 67 67 67 66 65 65 65 65 65 65 64 64 64 63 62
    62 61 61 61 61 62 63 63 64 64 64 65 65 66 66 67 67 67 68 67 67 67 67
    66 65 64 62 61 60 59 58 58 58 58 59 60 61 61 62 62 63 64 64 65 65 64
    63 63 61 60 59 58 58 58 61 61 61 62 63 64 65 66 67 67 68 68 67 67 66
    65 64 64 64 64 65 66 67 68 68 68 68 68 66 66 65 64 63 63 63 63 64 64
    65 65 65 64 64 63 62 62 61 61 60 60 61 61 62 62 63 64 65 66 67 67 67
    67 66 66 66 66 66 66 66 67 67 67 68 68 68 68 68 68 68 68 68 68 68 68
    69 69 70 71 71 72 71 70 69 68 67 66 66 66 66 66 66 66 66 65 65 65 64
    64 64 63 63 62 62 62 63 64 65 65 66 65 64 63 62 60 59 58 58 58 59 60
    61 62 62 62 62 62 61 61 60 60 59 60 60 60 60 61 61 61 62 62 63 63 64
    64 64 64 64 63 63 63 63 63 63 64 65 65 66 66 67 67 67 67 67 66 66 66
    66 66 66 66 66 66 67 67 68 68 69 69 69 68 67 67 66 65 65 65 65 64 64
    63 63 62 61 61 60 60 61 61 62 63 64 64 64 65 66 66 67 68 68 68 68 68
    67 67 66 66 65 64 63 62 61 60 59 59 59 60 60 61 62 62 62 62 63 63 63
    64 64 63 63 62 61 60 59 59 58 58 61 61 62 62 63 63 64 65 65 66 66 67
    66 66 65 64 64 63 64 64 66 67 68 69 69 69 69 68 67 66 65 65 64 64 64
    64 64 65 65 65 65 64 64 64 63 62 62 62 61 61 62 62 63 63 64 65 66 66
    67 67 67 67 67 67 66 66 66 67 67 67 67 67 67 67 67 67 67 67 67 67 67
    67 67 68 68 69 70 70 71 71 71 70 69 68 66 66 65 65 66 66 66 66 66 65
    65 65 65 65 65 64 63 62 62 62 63 64 65 66 66 66 65 64 62 61 60 59 58
    59 59 60 61 62 63 63 64 63 63 62 62 61 60 60 61 61 61 62 62 63 63 64
    65 65 66 65 65 64 64 63 63 63 62 62 63 64 64 66 67 67 68 68 68 68 68
    67 66 66 66 66 65 66 66 66 67 68 68 69 70 69 69 69 68 67 66 66 65 65
    65 64 64 63 63 62 61 61 60 60 61 61 62 63 64 65 65 66 66 67 68 69 69
    69 69 68 67 67 66 65 65 64 63 62 61 61 60 60 60 61 62 62 63 63 63 63
    63 63 63 63 63 63 62 62 61 61 60 60 59 59 61 61 61 62 62 63 63 64 65
    65 65 66 65 65 64 63 62 62 63 64 66 67 68 69 70 70 69 68 67 67 66 65
    65 64 64 64 64 64 64 64 64 64 64 63 63 63 62 63 62 62 62 63 63 63 64
    65 65 66 66 67 67 67 66 66 66 67 67 67 67 67 67 66 66 66 66 66 66 66
    67 67 67 67 67 68 68 68 69 70 70 70 70 69 68 67 66 65 65 65 65 66 66
    66 66 65 65 65 65 65 65 64 64 63 63 62 63 64 65 66 66 66 65 64 62 61
    60 59 59 59 60 61 62 63 64 65 65 65 64 64 63 62 62 62 61 62 62 62 63
    64 64 65 66 66 67 66 66 65 64 63 62 62 62 62 62 63 64 66 67 68 69 69
    69 69 68 67 66 66 65 65 65 66 65 66 67 68 68 69 70 70 70 69 69 68 67
    66 65 65 65 64 64 64 63 63 62 61 61 61 61 62 63 64 65 65 66 66 67 68
    69 69 70 69 69 68 68 67 66 65 65 64 63 63 62 62 61 62 62 62 63 64 64
    63 63 63 62 62 62 62 62 62 62 62 61 61 60 60 60 60 60 60 61 61 61 61
    62 62 63 63 64 64 63 63 62 61 61 61 62 63 65 67 68 69 70 70 69 69 68
    67 66 66 66 65 65 65 65 65 65 64 64 64 64 64 63 64 63 64 64 64 64 64
    64 64 64 65 65 65 66 66 66 67 66 67 67 67 68 68 68 67 67 66 66 65 65
    65 65 65 65 65 66 66 67 67 67 68 68 69 69 70 70 69 68 67 66 65 65 65
    65 66 66 66 65 65 64 64 64 65 65 64 64 63 63 62 63 64 65 66 67 67 66
    65 63 61 60 59 59 59 60 61 63 64 65 66 66 66 66 65 64 63 63 62 62 62
    62 63 63 64 65 66 67 67 67 67 66 65 64 63 63 62 62 62 62 63 64 66 68
    69 70 71 70 69 69 67 66 65 64 64 64 64 65 65 66 67 68 69 69 69 69 69
    68 67 66 66 65 65 65 64 64 64 64 63 63 62 62 62 62 62 63 64 65 66 66
    67 68 69 69 70 70 70 70 69 68 67 67 66 65 65 64 63 63 62 62 62 63 63
    64 64 65 64 64 63 63 62 62 62 63 63 63 62 62 62 62 62 61 61 60 60 60
    60 60 60 60 61 61 62 62 63 63 62 61 61 60 60 61 62 65 66 68 69 70 70
    69 69 68 67 66 66 66 66 65 65 65 65 65 64 64 63 63 64 64 64 64 65 65
    65 65 65 65 65 65 65 65 65 66 66 66 67 66 67 67 67 68 68 68 67 67 66
    65 64 64 64 64 64 64 65 65 65 66 66 66 66 67 67 68 68 69 68 68 67 66
    65 65 65 66 66 66 66 65 65 64 64 64 64 64 64 64 63 63 63 64 65 66 67
    67 67 66 65 63 61 59 59 59 59 60 62 63 65 66 66 67 67 66 66 65 64 63
    63 63 63 63 64 64 65 66 67 67 67 68 67 66 65 65 64 63 62 62 62 62 63
    64 66 68 69 70 71 71 70 69 67 66 65 64 63 63 64 64 65 66 67 67 68 69
    69 69 68 68 67 66 66 65 65 65 65 65 65 64 64 63 63 62 62 62 63 64 65
    66 67 67 68 68 69 69 70 70 70 70 69 69 68 67 66 65 65 64 63 63 62 62
    62 63 63 64 65 65 64 64 63 63 63 63 63 63 63 64 63 63 63 63 63 63 63
    59 59 59 59 59 59 59 59 60 61 61 62 61 61 60 60 59 59 60 61 64 65 67
    68 69 69 69 68 68 67 67 66 66 66 66 66 66 65 65 64 64 64 64 64 64 65
    65 66 66 67 67 66 66 66 65 65 65 65 65 66 66 66 66 66 67 67 67 67 67
    67 66 65 64 63 63 63 62 63 63 64 64 65 65 65 65 65 65 66 67 67 68 68
    68 67 66 66 66 66 66 66 66 66 65 64 64 64 64 64 64 64 64 63 63 63 64
    65 66 67 68 67 66 65 63 61 60 59 59 59 61 62 64 66 67 68 68 68 68 67
    66 65 64 64 63 63 63 64 64 65 66 67 67 67 67 67 67 66 65 64 97 102
    67 6 14 29 39 108 88 102 127 108 90 79 19 90 125 47 77 33 12 89 42
    106 12 117 118 99 16 83 108 52 74 3 20 20 31 120 58 102 55 6 91 119
    19 115 37 65 123 69 56 1 85 99 84 112 38 103 28 109 108 79 125 47
    116 69 68 67 66 66 65 64 63 63 63 63 63 63 64 64 65 64 64 64 63 63
    63 64 64 65 65 65 65 64 64 64 64 64 58 58 58 58 58 57 58 58 59 60 61
    62 61 61 61 60 60 60 60 61 63 64 66 67 68 68 68 67 67 67 66 66 66 66
    66 66 66 65 65 65 64 64 64 65 65 66 66 67 68 68 68 68 68 67 66 66 65
    65 65 65 65 66 66 66 66 66 67 67 67 66 66 65 64 63 62 62 61 62 62 62
    63 64 64 64 64 64 64 65 66 67 67 68 68 68 67 67 67 67 67 67 66 66 65
    64 64 64 64 64 64 64 64 63 64 64 65 66 67 68 68 68 67 65 63 61 60 59
    59 59 61 63 64 66 68 68 69 69 68 67 66 65 64 64 64 64 64 64 65 65 66
    66 67 67 67 67 67 66 66 65 32 66 72 97 43 34 9 123 89 49 42 101 109
    95 71 107 104 27 63 110 56 44 80 29 29 112 103 56 65 91 71 77 9 92
    74 119 7 114 34 20 98 59 92 24 47 19 108 16 24 80 11 25 20 41 63 96
    93 49 52 113 84 101 89 54 67 69 69 68 67 66 65 64 63 63 62 62 63 63
    63 64 64 64 64 64 64 64 64 65 66 66 66 66 66 65 65 65 64 65 59 59 59
    58 58 58 58 59 59 60 61 62 62 62 61 61 60 60 60 61 62 63 65 66 66 67
    67 67 66 67 67 67 67 67 66 66 66 65 65 65 64 64 64 65 66 67 67 69 69
    69 70 69 69 68 67 66 65 65 64 65 65 65 65 65 65 65 66 66 66 65 65 64
    63 62 61 61 60 61 61 62 62 63 63 63 63 63 63 63 64 66 67 67 68 68 67
    67 67 67 67 67 66 66 65 64 64 63 63 63 63 63 63 63 63 64 65 66 67 68
    68 68 67 65 63 62 60 59 59 60 61 63 65 67 69 69 70 69 68 67 66 65 64
    64 64 64 64 65 65 65 65 66 66 66 66 66 67 67 67 66 63 30 2 70 104 89
    49 90 121 79 82 114 46 42 94 10 65 0 93 81 23 38 25 87 48 68 115 60
    86 76 82 44 44 22 91 47 51 67 16 84 103 111 25 100 69 65 34 98 22 46
    87 51 73 102 74 68 7 59 3 34 20 127 106 91 60 70 70 69 68 67 66 65
    64 63 63 63 63 63 63 64 64 64 64 64 64 64 65 66 67 68 68 68 68 67 67
    66 66 66 60 60 60 59 59 58 59 59 60 61 62 62 62 62 62 61 61 61 61 61
    62 63 64 65 65 66 66 66 66 66 66 67 67 67 66 66 66 65 65 65 65 65 65
    66 66 68 68 69 70 70 70 70 69 68 67 66 65 65 64 64 64 64 64 64 64 65
    65 65 65 65 64 63 62 61 60 60 59 60 60 61 61 62 62 62 62 62 62 63 64
    65 66 67 68 68 68 68 68 68 68 67 67 66 65 65 64 63 63 63 63 63 63 63
    64 64 65 66 67 68 68 67 67 65 63 62 60 60 60 61 62 64 66 68 69 70 70
    70 69 68 66 65 64 64 64 64 64 65 65 65 65 65 65 65 66 66 67 67 67 67
    52 31 103 126 95 73 53 80 61 126 13 1 109 33 81 89 67 74 112 47 9 60
    10 30 26 40 118 0 39 70 72 20 119 56 77 107 112 25 27 107 24 101 88
    33 81 51 39 87 14 89 88 32 114 64 117 57 123 50 113 51 118 12 64 48
    71 71 70 70 69 68 67 65 65 64 63 63 63 63 63 63 63 63 64 64 65 65 66
    67 68 69 70 70 69 68 68 67 67 67 62 62 62 61 61 61 61 61 62 63 64 64
    64 64 64 63 62 62 62 62 62 62 63 63 64 64 65 65 65 66 66 67 67 67 66
    65 65 64 64 64 64 64 65 66 67 68 69 70 70 71 71 70 69 68 67 66 65 64
    63 64 63 63 63 63 63 63 64 64 64 64 64 63 62 61 60 59 59 60 60 60 61
    61 61 61 61 61 62 62 63 65 66 67 68 68 68 68 68 68 67 67 66 66 65 65
    64 63 63 63 62 62 63 63 64 64 65 66 67 67 67 67 66 65 63 62 61 61 60
    61 63 64 66 68 70 70 70 70 69 68 67 66 65 65 64 64 65 65 65 65 65 65
    64 65 65 66 67 67 67 67 108 93 61 114 57 18 68 103 12 46 40 49 37 20
    38 110 113 54 62 40 28 78 59 29 13 111 66 97 53 60 59 51 69 119 20
    113 34 58 49 53 40 67 30 105 14 121 74 26 89 42 58 21 113 94 62 97
    23 49 43 86 14 33 66 122 54 71 71 70 69 69 67 66 66 65 65 64 64 63
    63 63 63 63 63 64 65 65 67 68 69 70 71 71 70 70 69 68 68 68 65 65 64
    64 64 64 64 64 64 65 65 65 65 65 65 64 64 63 63 63 63 62 63 63 63 63
    64 64 65 65 66 66 66 66 65 65 65 64 64 64 64 65 65 66 67 69 69 70 70
    71 70 70 69 68 66 65 64 63 63 63 63 63 63 62 62 62 63 63 64 64 64 62
    61 60 60 59 59 59 59 60 60 61 61 61 61 61 62 63 64 65 66 67 68 68 68
    68 68 68 67 67 66 66 65 65 64 64 63 63 62 63 63 63 64 64 65 66 66 66
    66 66 65 64 63 63 62 61 61 62 63 65 66 68 70 70 70 70 69 68 67 66 65
    65 65 65 65 65 65 65 64 64 64 64 64 65 66 67 68 67 69 98 6 1 86 113
    73 120 61 117 40 112 119 62 64 13 14 114 108 70 81 48 68 17 109 6
    101 126 84 93 50 16 96 76 3 68 32 10 45 111 10 110 124 2 75 88 101
    61 111 105 25 47 102 62 113 46 58 92 37 16 14 115 69 112 118 71 71
    71 70 69 68 67 67 66 66 65 64 64 63 63 63 63 64 64 65 66 68 69 70 71
    72 72 71 71 70 69 69 69 67 67 67 67 67 66 66 66 66 67 67 67 67 67 66
    66 65 65 65 64 64 63 63 63 63 63 64 64 64 65 66 66 66 65 64 64 64 63
    63 63 64 64 65 66 67 68 69 70 70 70 69 69 68 67 65 64 63 63 62 62 62
    62 62 62 61 61 62 63 63 64 64 63 62 61 60 59 59 60 60 60 60 61 61 61
    62 62 63 63 64 65 66 67 68 68 68 68 68 67 67 66 66 66 65 65 64 64 64
    63 63 63 63 63 64 64 65 65 65 65 65 65 65 64 63 63 62 62 62 62 63 65
    66 68 69 70 70 69 68 67 67 66 65 65 65 65 65 65 65 65 64 63 63 63 64
    64 66 66 67 66 112 14 5 37 12 3 91 54 6 5 53 86 83 117 83 83 88 53
    122 112 0 76 46 116 64 53 69 23 46 72 2 84 103 111 25 101 35 101 57
    26 69 37 6 23 22 105 53 22 52 101 37 109 63 109 106 28 31 6 109 56
    59 20 37 85 55 70 70 70 69 69 68 67 67 67 66 66 65 64 64 63 63 63 63
    64 65 66 67 69 70 71 72 72 71 71 70 70 70 70 69 69 69 69 69 69 68 68
    68 68 68 68 68 68 67 67 67 67 66 66 65 64 64 63 63 63 64 64 64 65 65
    65 65 64 63 63 62 62 62 62 63 64 65 66 67 69 69 70 70 69 69 68 66 65
    64 63 62 62 62 62 62 62 62 61 61 61 62 62 63 64 64 63 62 61 61 60 60
    60 60 61 61 61 62 62 63 63 64 64 65 66 67 67 68 68 68 68 67 67 66 66
    66 66 65 65 65 65 64 64 63 63 64 64 64 65 65 65 64 64 64 64 64 64 63
    63 62 62 62 63 64 65 66 68 69 69 69 69 68 67 66 66 65 65 65 65 65 65
    65 65 64 63 63 63 63 64 65 65 66 66 6 84 4 49 124 87 125 80 18 79 67
    117 117 29 1 107 22 40 39 124 94 71 99 51 45 2 37 44 90 16 86 14 38
    12 119 11 91 52 22 88 14 103 37 78 110 62 46 70 22 70 29 116 96 29
    92 97 23 2 92 56 45 87 47 67 86 69 69 69 68 68 67 67 67 67 67 66 66
    64 64 63 63 63 64 64 65 66 68 69 70 71 71 71 71 71 70 70 70 70 71 71
    71 70 70 70 70 70 69 69 69 69 69 69 68 68 68 68 68 67 66 65 65 64 64
    64 64 64 64 64 64 64 64 63 62 62 61 61 61 62 62 63 65 66 67 68 69 69
    69 69 68 67 65 64 62 62 61 61 61 61 62 61 61 61 61 61 62 63 63 64 64
    64 63 62 62 61 61 61 61 61 61 62 62 63 64 64 65 65 66 66 67 67 68 68
    68 68 67 67 66 66 66 66 65 65 65 65 65 65 64 64 64 64 65 65 65 64 64
    63 63 63 63 63 63 63 63 63 63 63 64 65 66 67 68 68 68 67 67 66 66 66
    66 65 66 65 66 66 65 65 64 63 62 62 62 63 63 64 65 64 51 71 2 120 20
    20 49 101 117 70 71 80 65 80 73 17 1 47 67 62 35 2 85 53 42 81 116
    59 69 42 32 93 68 88 62 67 98 72 105 75 51 124 67 124 0 94 11 12 77
    114 121 24 8 110 55 94 10 77 65 86 52 21 80 82 108 68 68 68 67 66 66
    66 66 67 67 66 66 65 64 63 63 63 63 64 65 66 67 68 69 70 70 70 70 70
    70 70 70 70 71 71 71 71 71 70 70 70 69 69 69 69 69 69 69 69 70 69 69
    68 67 66 66 65 64 64 64 64 64 64 64 63 63 62 61 61 60 60 60 61 62 63
    64 65 67 68 69 69 69 68 67 65 64 63 61 61 60 60 61 61 61 61 61 61 61
    61 62 63 64 64 65 65 64 64 63 62 62 62 62 63 63 64 64 65 65 65 66 66
    66 66 67 67 68 68 68 68 67 67 66 66 65 65 65 65 65 66 65 65 65 65 65
    65 65 64 64 63 63 62 62 62 62 63 63 63 63 63 64 64 65 66 67 67 68 68
    67 66 66 65 65 65 65 65 65 65 66 66 65 65 64 63 62 62 61 62 62 63 64
    64 99 42 56 63 48 35 29 13 61 54 51 123 83 48 102 59 9 26 19 26 75
    56 82 102 35 123 89 20 88 85 42 85 113 105 89 35 113 106 46 100 98
    108 102 118 59 104 100 10 113 32 103 74 58 75 118 76 17 8 112 83 61
    29 115 79 12 67 67 66 65 65 64 65 65 66 66 66 65 64 64 63 63 63 63
    64 65 65 66 67 68 69 69 69 70 70 70 70 70 70 69 69 69 69 69 69 69 69
    68 68 68 68 69 69 69 70 70 70 70 69 68 67 66 65 65 64 64 64 64 63 63
    62 62 61 61 60 60 60 60 60 61 62 64 65 67 68 69 69 69 68 66 65 63 62
    61 60 60 60 60 61 61 61 61 61 61 61 62 63 64 65 65 65 65 65 64 64 63
    64 63 64 64 65 65 66 66 66 66 66 67 67 67 67 68 68 68 68 67 67 66 66
    65 65 65 66 66 66 66 66 66 65 65 65 65 65 64 63 62 61 61 61 61 62 62
    63 63 64 64 65 66 66 67 67 67 67 66 65 65 64 64 65 65 65 66 66 66 66
    66 66 65 64 62 62 61 61 62 62 63 63 120 12 41 65 88 31 58 90 112 36
    65 103 18 94 54 63 81 28 48 39 65 60 21 1 29 122 64 52 93 41 64 109
    31 119 15 18 8 126 107 18 125 120 107 31 19 116 59 54 14 70 95 100
    58 45 16 28 59 43 8 41 113 32 69 41 50 66 65 64 63 62 62 62 63 64 64
    64 64 64 63 63 62 62 63 63 64 64 65 66 66 67 67 68 68 69 69 69 69 69
    68 68 68 68 68 68 68 68 68 68 68 68 68 69 69 70 70 70 70 69 68 67 66
    65 65 65 65 64 64 63 63 62 62 61 61 60 60 60 60 60 61 62 63 65 66 68
    69 69 68 67 66 64 63 62 60 60 59 60 60 61 61 61 61 61 62 62 62 63 64
    65 66 67 67 66 66 65 65 65 65 65 65 66 66 66 67 66 67 66 67 67 67 67
    68 68 68 68 68 67 67 66 65 65 65 66 66 67 67 66 66 66 65 65 65 64 63
    62 61 60 60 60 60 61 62 63 64 65 65 66 67 67 68 68 67 66 65 64 64 64
    63 64 64 65 65 65 66 66 66 66 65 64 62 61 61 61 61 62 62 63 28 46
    106 97 100 54 81 58 102 126 24 113 103 31 126 57 96 70 28 38 24 120
    82 118 7 30 34 120 102 98 8 47 18 23 49 102 27 111 124 65 10 85 54
    62 32 37 74 105 19 20 75 122 2 85 21 16 7 113 23 79 26 124 66 107 98
    65 64 63 62 61 60 61 61 62 63 63 63 63 63 62 62 62 62 62 63 63 63 64
    64 65 66 66 67 68 68 68 68 68 65 65 66 66 66 67 67 67 67 67 67 67 68
    69 69 70 70 70 69 69 68 67 66 66 65 65 65 64 64 63 63 62 62 62 61 61
    60 60 60 60 60 61 62 64 66 67 68 69 68 67 66 65 63 62 61 60 60 60 60
    60 61 61 61 61 62 62 63 64 64 65 66 67 67 67 67 67 67 67 66 67 67 67
    67 67 67 67 67 66 67 67 67 67 68 68 68 68 68 68 67 67 66 66 66 66 66
    67 67 66 66 65 65 65 64 63 62 61 60 59 59 58 59 60 61 63 64 65 66 67
    68 68 68 68 67 66 65 64 63 63 63 63 64 64 65 65 66 66 67 66 65 64 63
    62 61 60 61 61 62 63 121 79 20 97 118 42 26 45 40 1 31 2 22 7 61 76
    31 125 69 68 23 17 77 89 118 26 78 87 74 113 34 24 33 79 7 41 95 99
    13 36 42 88 35 107 69 17 70 100 118 113 101 4 23 22 62 55 81 112 54
    52 88 60 103 59 37 64 63 62 60 59 58 58 59 60 61 61 62 62 62 62 62
    62 62 62 62 62 62 62 62 63 64 65 66 67 67 67 67 67 64 64 64 65 65 66
    66 66 66 66 66 67 67 68 69 69 69 69 68 67 67 66 65 65 65 65 65 65 64
    64 64 63 63 63 63 62 61 61 60 60 60 61 62 64 66 67 68 69 68 67 66 65
    63 62 61 60 60 60 60 60 60 61 61 61 62 62 63 64 64 65 66 67 68 68 69
    68 68 68 67 67 67 67 67 66 66 66 66 65 66 66 67 67 67 68 68 69 69 69
    68 68 67 67 67 67 67 67 67 66 65 65 64 64 63 62 61 59 58 57 57 57 58
    59 60 62 63 65 66 67 68 68 68 68 67 65 64 63 62 62 62 63 63 64 64 65
    66 66 67 66 66 65 63 62 61 60 60 61 62 62 8 28 68 49 96 28 39 91 63
    32 60 45 41 98 88 2 72 85 47 114 67 55 36 80 42 46 5 73 110 75 109 7
    89 49 83 44 35 49 30 107 71 6 71 11 112 24 8 41 3 51 22 24 68 41 81
    67 92 18 88 36 72 59 35 0 81 64 63 61 60 58 57 57 57 58 59 60 61 62
    62 62 62 62 62 61 61 61 60 61 61 62 63 64 64 65 66 66 66 66 63 62 63
    64 64 65 66 66 66 66 66 67 67 68 68 68 68 68 67 66 66 65 65 65 65 65
    65 65 64 64 64 64 64 64 64 63 63 62 61 61 61 61 62 64 65 67 68 68 68
    67 66 65 63 62 61 61 60 60 60 60 60 60 60 60 61 61 62 63 64 65 66 67
    68 68 69 69 69 69 68 68 68 67 67 66 65 65 65 65 65 66 67 67 68 68 69
    69 69 69 69 68 68 67 67 67 67 66 66 65 64 64 63 62 62 60 59 58 56 55
    55 56 57 58 60 62 63 65 66 67 68 69 69 68 67 65 64 63 62 62 62 62 62
    63 63 64 65 66 66 66 65 65 63 62 60 60 60 61 62 62 79 91 126 8 78 54
    54 108 25 34 95 116 102 76 125 90 115 103 104 65 42 105 30 40 12 79
    31 91 48 113 120 56 54 1 90 77 96 74 90 66 124 96 108 31 122 62 99
    71 70 53 41 12 35 69 70 28 9 1 48 91 16 74 13 98 93 64 63 61 59 57
    56 56 56 57 58 59 60 61 62 62 62 62 62 61 61 60 60 60 60 61 62 63 63
    64 64 64 64 64 62 62 63 64 64 65 66 66 67 67 67 67 68 68 68 67 67 66
    65 65 65 64 64 65 65 65 65 65 65 65 65 65 65 65 65 65 64 64 63 62 62
    62 63 64 66 67 68 68 68 68 67 65 64 63 62 61 61 60 60 59 59 59 59 60
    60 61 61 62 63 64 65 66 67 68 69 70 70 70 69 68 68 67 65 64 63 63 63
    63 64 65 66 67 67 68 68 69 69 70 69 69 68 68 67 67 66 66 65 64 63 62
    62 61 60 59 58 56 55 54 54 55 56 57 59 61 63 65 66 67 68 69 69 68 67
    65 64 63 62 62 62 62 62 63 63 64 65 65 66 66 65 64 62 61 60 60 60 61
    62 62 55 66 71 20 1 78 12 24 62 33 65 71 36 121 71 106 48 100 29 113
    20 58 21 115 81 1 29 35 127 60 72 77 118 73 59 87 49 63 103 91 56 15
    32 11 76 104 63 76 105 120 113 2 94 30 125 115 125 45 35 40 27 57 89
    19 116 64 63 61 59 57 56 55 55 56 57 59 60 61 62 62 62 62 62 61 60
    60 59 59 60 60 61 62 62 63 63 63 63 62 62 62 63 64 65 66 66 67 67 68
    68 68 67 67 67 66 65 65 64 64 64 64 64 65 65 65 65 65 65 65 65 66 66
    66 67 66 66 65 64 63 63 63 64 65 66 67 68 68 68 68 67 66 65 64 63 62
    61 60 60 59 59 58 58 59 59 60 60 61 61 62 63 65 66 68 69 69 70 70 69
    68 67 66 64 63 62 61 61 62 63 64 65 66 66 67 68 69 69 70 70 69 69 68
    67 66 65 65 63 63 62 61 61 60 59 58 57 55 54 53 53 54 55 57 58 61 62
    64 65 67 68 68 68 68 67 65 64 63 62 62 61 62 62 62 62 63 64 64 65 65
    64 64 62 61 60 59 60 60 62 63 82 46 95 31 16 33 51 87 96 20 82 20 75
    97 23 47 92 12 5 42 78 100 121 20 50 0 122 93 65 85 82 50 6 73 89 82
    100 54 78 84 119 51 63 60 48 49 26 47 20 38 121 108 21 66 14 8 51 66
    69 116 36 84 124 46 62 64 63 61 59 57 56 55 55 56 57 59 61 62 63 63
    63 62 62 61 61 60 60 60 60 60 61 61 62 62 61 61 60 60 63 63 64 64 65
    66 67 67 68 68 68 68 67 67 66 65 64 63 62 62 63 63 64 64 65 65 65 65
    64 65 65 66 67 67 68 68 67 67 66 66 65 65 65 66 67 68 68 69 68 68 67
    66 65 64 63 62 62 61 60 59 58 58 57 58 58 58 59 60 60 61 62 64 65 67
    68 69 69 69 69 68 66 65 63 61 60 60 60 61 62 63 64 65 66 67 67 68 69
    69 69 69 68 67 66 65 64 63 62 61 60 60 60 60 59 57 56 55 54 53 53 54
    55 57 58 61 62 64 65 67 68 69 69 68 67 65 64 63 62 62 62 62 62 62 62
    62 63 63 64 64 64 63 62 60 60 59 60 60 62 63 116 47 98 92 58 81 47
    17 32 24 30 127 64 31 97 104 16 27 28 32 79 91 93 91 73 121 41 71 38
    57 53 60 105 89 10 70 127 62 89 98 15 57 117 58 117 118 98 52 2 63
    117 41 34 51 57 31 121 84 97 37 25 92 2 63 106 64 63 61 59 57 56 56
    56 57 58 60 62 63 64 63 63 63 62 61 61 60 60 60 60 60 61 61 61 60 59
    58 58 58 64 64 64 65 66 66 67 67 68 68 68 67 66 65 64 63 62 61 61 61
    62 63 64 65 65 65 64 64 64 65 65 66 67 68 68 69 69 68 68 68 67 67 67
    67 67 68 68 69 68 68 67 66 65 64 63 62 62 61 60 59 58 57 57 57 57 58
    58 59 59 60 61 63 64 66 67 68 68 69 68 67 65 64 62 60 59 59 59 60 61
    62 63 64 65 66 66 67 68 68 68 68 67 66 65 64 63 62 61 60 60 60 60 60
    59 58 57 55 54 54 54 55 56 57 59 61 62 64 65 67 68 69 69 68 67 66 65
    63 63 62 62 62 62 62 62 62 62 63 63 63 63 62 61 60 59 59 60 61 62 63
    113 43 53 122 79 59 113 116 4 35 83 30 43 30 85 119 33 40 28 116 69
    3 21 52 113 7 77 114 56 94 102 17 51 117 95 67 100 29 76 47 77 27
    118 69 3 124 27 93 6 85 118 65 68 78 73 25 24 51 15 14 98 46 117 125
    46 64 63 61 59 58 57 56 56 58 59 61 62 64 64 64 64 63 63 62 61 61 61
    61 61 61 61 61 60 59 58 56 56 55 64 64 65 65 66 66 66 67 67 67 67 66
    65 64 63 61 61 60 60 61 62 63 64 64 65 64 64 63 63 64 64 65 66 67 68
    69 69 70 70 69 69 68 68 68 68 68 69 69 69 69 68 67 65 64 63 62 62 61
    60 59 58 57 56 56 57 57 57 58 59 59 60 62 63 64 66 67 68 68 67 67 65
    64 62 60 59 59 59 59 60 61 62 63 63 64 65 66 67 67 67 66 66 65 64 62
    61 60 59 58 59 59 59 60 59 58 57 56 55 55 55 56 57 58 60 61 62 64 65
    67 68 69 69 68 67 66 65 63 63 62 62 62 62 62 62 62 62 62 62 62 62 62
    61 60 60 60 60 61 63 64 16 11 0 12 126 50 46 19 106 50 122 42 14 72
    16 22 27 113 62 30 24 56 57 30 105 64 69 118 60 63 25 104 92 94 50
    19 88 49 48 37 81 47 92 15 104 48 102 50 44 106 4 86 112 67 111 52
    55 1 108 53 123 104 95 67 109 64 63 61 60 59 58 57 58 59 61 62 64 65
    65 65 64 63 63 62 62 62 61 62 62 61 61 61 60 58 57 55 54 54 65 65 65
    65 65 66 66 66 66 66 65 65 63 62 61 60 59 59 60 60 62 63 64 64 64 63
    63 63 63 63 64 65 66 67 68 69 70 70 71 71 70 69 69 68 68 68 69 69 69
    68 68 66 65 64 63 62 62 61 60 59 58 58 57 57 57 57 58 58 59 60 60 61
    62 64 65 66 67 67 67 66 65 63 62 60 59 59 59 59 60 61 61 62 62 63 64
    65 65 66 66 65 64 63 62 61 60 59 58 58 59 59 60 60 60 59 59 58 56 56
    57 57 58 59 60 62 63 64 65 67 68 68 69 68 68 66 65 63 63 63 63 63 63
    63 63 63 62 62 62 62 62 62 61 61 60 60 61 62 63 64 80 121 109 45 108
    21 113 42 97 104 6 26 125 119 69 125 69 36 108 95 51 14 99 111 91 1
    63 12 118 104 96 70 92 108 70 111 11 67 56 72 118 69 61 94 41 92 6
    101 59 65 94 91 91 11 27 109 107 63 22 55 93 45 8 32 0 64 63 62 60
    59 59 59 59 60 62 63 65 66 66 65 65 64 63 63 62 62 62 62 62 62 62 61
    59 58 56 54 53 53 65 65 65 65 65 65 65 65 65 64 64 63 62 61 60 59 59
    59 60 61 62 63 64 64 63 63 62 62 62 62 63 64 65 66 67 68 69 70 71 71
    70 70 69 69 68 69 69 69 69 68 67 66 65 64 63 62 62 61 60 60 59 58 58
    58 58 58 59 59 60 60 60 61 62 63 64 65 66 67 67 66 65 64 63 62 61 60
    60 60 60 60 61 61 61 62 63 64 64 65 64 64 63 62 61 60 59 58 58 58 59
    60 61 61 61 61 60 59 58 58 58 59 60 61 61 62 63 64 65 66 67 68 68 68
    67 65 64 63 63 63 63 64 64 64 64 63 63 62 62 62 62 62 61 61 61 61 62
    63 64 65 105 85 79 40 46 122 27 78 45 28 17 72 108 67 2 111 59 82 86
    9 109 86 9 102 19 19 44 48 98 20 88 106 124 118 89 48 53 89 117 98
    105 112 85 7 75 47 78 58 99 70 54 114 124 104 98 19 51 96 10 76 63
    61 34 67 28 64 63 62 61 60 59 59 60 61 63 65 66 67 67 66 65 65 64 63
    63 63 63 63 63 63 62 61 59 57 55 54 52 52 65 65 65 65 65 64 64 64 64
    63 63 62 61 60 59 59 59 59 60 61 62 63 63 63 62 62 61 61 61 62 63 63
    64 65 66 67 68 69 70 70 70 70 69 68 68 68 68 68 68 68 67 66 65 64 63
    62 62 62 61 61 61 60 59 59 59 60 60 60 61 61 61 62 62 63 64 65 65 66
    66 66 66 65 64 63 62 61 61 60 60 60 60 60 61 61 62 63 63 64 64 63 63
    61 61 60 59 59 59 59 60 61 62 63 63 62 61 61 60 59 59 60 60 61 61 63
    63 64 65 66 67 68 68 67 67 65 64 63 63 63 64 65 65 66 65 65 64 63 62
    62 62 62 62 62 62 62 63 64 65 66 124 83 123 54 32 41 23 111 45 109 9
    81 107 78 53 77 26 41 4 4 117 107 83 92 119 119 0 43 126 96 57 8 26
    111 21 78 30 81 78 20 105 95 57 6 76 59 48 102 17 1 46 94 3 41 46 59
    22 75 104 36 84 80 105 73 124 64 63 62 61 60 60 60 61 63 64 66 67 67
    67 67 66 65 65 64 65 65 65 65 64 64 63 62 60 58 56 54 53 53 65 65 65
    64 64 63 63 62 62 62 62 61 60 60 59 59 60 60 61 62 63 63 63 63 62 61
    61 61 61 61 62 63 63 64 64 65 66 67 68 69 69 68 68 67 67 67 67 68 67
    67 66 65 64 63 62 62 62 62 62 62 62 62 61 61 61 61 61 61 62 62 62 62
    62 63 63 64 65 66 66 67 66 66 65 65 64 63 62 61 60 60 59 59 60 61 61
    62 63 63 63 62 62 61 60 59 59 59 59 60 61 62 63 64 64 63 62 61 60 60
    60 60 60 61 61 62 63 64 65 66 67 67 67 66 66 65 64 63 63 63 64 65 66
    66 66 65 64 64 63 63 62 62 62 62 62 62 63 64 66 67 50 95 115 6 50 32
    125 68 102 66 7 38 77 3 22 49 85 95 44 76 8 20 85 113 46 108 57 103
    125 48 108 91 118 65 35 112 21 89 56 21 104 6 70 37 61 112 21 72 16
    93 51 18 1 113 90 118 54 94 61 110 32 123 99 0 123 64 64 63 62 61 61
    61 62 63 65 66 68 68 68 68 67 66 66 66 66 66 66 66 66 65 64 62 60 58
    56 55 54 53 65 65 64 64 63 63 62 62 62 61 61 61 60 60 60 60 61 62 62
    63 63 63 62 62 61 60 60 60 61 61 62 62 63 63 63 64 64 66 66 67 67 67
    67 67 67 67 67 67 66 66 65 64 64 63 63 63 63 64 64 64 64 64 63 63 62
    62 62 62 62 62 62 62 62 63 63 64 65 65 66 66 66 66 66 65 64 64 63 61
    60 59 59 59 59 60 60 61 62 62 62 62 62 61 61 60 60 60 61 61 63 64 65
    65 65 64 63 62 61 60 60 60 60 61 61 62 63 64 65 66 66 66 67 66 65 64
    64 63 63 64 64 66 66 67 67 67 66 65 64 64 63 63 63 63 63 63 64 65 66
    67 109 61 93 75 49 35 105 98 55 116 8 11 44 7 66 37 70 56 19 16 11
    76 43 126 18 115 101 76 122 81 98 32 104 60 25 3 14 37 121 76 30 65
    35 3 125 33 57 35 13 56 42 113 30 78 95 100 37 68 50 43 8 39 115 67
    27 64 64 63 62 62 62 62 63 64 66 67 68 69 69 68 68 67 67 67 67 67 67
    67 66 65 65 63 61 60 58 56 55 55 64 64 64 63 63 62 62 61 61 61 61 61
    60 60 61 61 62 63 63 63 63 63 62 61 61 60 60 60 61 61 62 62 62 62 62
    62 63 64 65 65 66 66 66 66 66 66 66 66 65 65 65 64 64 63 63 64 65 65
    66 66 66 66 65 64 64 64 63 63 63 63 62 62 62 62 63 63 64 65 65 66 66
    67 67 66 65 64 63 62 60 59 58 58 58 59 60 61 62 62 62 62 62 62 61 61
    61 61 62 63 64 65 66 66 66 65 64 62 61 60 59 59 59 60 60 62 62 63 64
    65 65 65 66 65 65 64 63 63 63 64 64 65 66 67 67 67 66 66 65 65 64 64
    63 63 63 63 64 64 65 66 34 122 58 46 90 62 51 92 59 82 28 81 33 45
    122 15 35 93 82 9 69 16 50 108 30 56 96 116 33 75 25 92 45 12 81 99
    102 97 102 86 75 8 56 82 57 7 86 62 46 73 54 31 17 113 102 86 30 2 4
    52 120 127 68 127 16 64 64 64 63 62 63 63 64 65 66 68 69 69 69 69 68
    68 68 68 68 68 68 67 67 66 65 64 62 61 59 58 57 57 64 63 63 63 62 62
    61 61 61 61 61 61 61 61 62 62 63 64 64 64 63 63 62 61 60 60 60 60 61
    61 61 62 61 61 61 61 61 62 63 64 65 65 65 65 65 65 65 65 65 65 65 65
    65 65 65 66 67 67 68 68 68 67 66 65 64 64 63 63 63 62 62 62 62 62 63
    63 64 64 65 65 66 66 66 66 65 64 63 61 60 58 57 57 57 58 59 60 61 62
    62 62 62 62 62 62 62 62 63 64 65 66 66 67 66 65 64 62 60 59 58 58 58
    59 60 61 62 63 64 65 65 65 65 64 64 63 63 62 63 63 64 65 66 67 67 67
    66 66 65 65 64 64 63 63 63 63 63 64 65 66 45 53 32 107 7 115 24 72
    46 35 97 22 113 84 79 14 16 86 104 68 78 13 40 70 65 82 62 10 62 33
    71 44 12 93 115 0 84 86 0 83 46 94 52 85 108 121 116 66 74 91 102 23
    101 47 74 52 65 15 28 33 12 13 105 97 22 65 65 65 64 64 64 64 65 66
    67 68 69 69 69 69 69 68 68 68 68 68 68 67 67 66 66 65 64 63 61 60 60
    59 63 63 63 62 62 61 61 61 60 60 60 61 61 61 62 63 63 64 64 64 63 62
    61 60 59 59 59 59 60 61 61 61 61 60 60 60 60 61 62 63 64 64 65 65 65
    65 65 65 65 65 65 65 66 66 67 67 69 69 70 70 70 69 68 66 65 64 63 63
    62 62 62 62 62 62 62 63 63 63 64 65 65 65 66 66 65 64 63 61 59 58 57
    56 56 57 58 59 61 62 62 63 63 63 63 63 63 63 64 65 66 67 67 67 66 65
    64 62 60 58 58 57 58 59 60 61 62 63 64 64 64 64 64 63 63 62 62 62 62
    63 64 64 65 66 66 66 66 65 65 65 64 64 63 63 63 62 63 63 64 64 22
    108 120 82 113 42 4 58 96 64 124 72 123 60 115 13 70 68 41 56 4 98
    109 3 127 93 32 91 126 102 82 115 9 115 86 1 64 48 58 69 9 88 45 108
    4 60 74 27 69 54 0 6 73 117 112 30 81 55 94 21 93 37 43 42 3 66 66
    66 65 65 65 65 66 66 67 68 69 69 69 69 69 69 69 68 68 68 67 67 67 66
    66 65 64 64 63 62 62 62 62 62 62 62 62 61 61 60 60 60 60 61 61 62 63
    63 64 65 64 64 63 62 60 59 58 58 58 59 60 60 60 60 60 60 59 59 60 60
    61 62 63 64 64 64 65 65 65 65 65 66 66 67 67 68 68 69 70 71 71 71 70
    69 68 66 65 64 63 62 62 62 61 62 62 62 62 63 63 63 63 64 64 65 65 65
    64 64 62 60 59 57 56 56 56 56 57 58 60 61 62 63 63 63 63 63 63 63 64
    64 65 66 67 67 66 65 63 61 59 58 57 57 57 59 60 61 62 63 64 64 63 63
    63 62 61 61 61 61 61 62 63 63 64 64 64 64 64 64 64 64 63 63 63 62 62
    61 62 62 62 63 88 114 70 40 53 23 113 20 71 80 29 57 4 103 27 47 110
    64 121 55 93 101 26 126 38 59 101 98 123 3 77 35 50 30 10 17 33 1 78
    102 59 85 87 74 72 7 30 99 65 36 3 37 38 2 15 9 52 46 72 36 6 8 23
    111 29 67 67 67 66 66 66 65 66 67 68 68 69 69 69 69 69 69 68 68 68
    67 66 66 66 65 65 65 65 65 64 64 64 64 62 62 62 62 62 61 61 61 60 60
    60 60 61 62 63 64 64 65 64 64 62 61 60 58 57 57 57 58 59 59 59 59 59
    59 59 58 59 59 60 61 62 63 64 64 64 64 65 65 65 66 67 68 68 69 70 71
    72 72 72 71 71 69 68 66 65 64 63 62 61 61 61 61 62 62 62 63 62 63 63
    63 64 64 64 64 64 63 62 60 59 57 56 55 55 56 57 58 60 61 62 64 64 64
    64 64 64 64 64 64 65 66 66 66 65 64 63 61 59 58 57 57 58 59 60 62 63
    63 64 64 63 62 62 61 60 60 60 60 61 61 62 62 63 63 63 63 63 63 63 63
    63 63 62 62 62 61 61 61 62 62 2 118 92 93 110 47 109 37 79 53 105 23
    126 40 118 105 52 43 41 14 36 18 6 15 127 0 88 83 87 64 42 85 20 45
    113 61 39 85 120 118 7 20 107 35 109 54 36 112 55 71 33 1 43 107 85
    123 30 35 17 95 58 66 64 52 104 67 67 67 67 66 66 66 67 67 67 68 68
    68 68 69 68 68 68 67 67 66 65 64 64 64 64 64 65 65 65 66 65 66 62 62
    63 62 62 62 61 61 60 60 60 61 61 62 63 64 64 64 64 63 62 60 59 58 57
    57 56 57 57 58 58 58 59 58 58 58 59 59 60 61 62 63 64 64 64 64 64 65
    65 66 68 69 70 71 72 72 73 73 72 72 71 69 68 66 65 63 62 62 61 61 61
    61 62 62 62 62 62 63 63 63 63 64 64 64 63 62 61 60 58 57 55 55 55 55
    56 57 59 61 62 63 64 64 64 64 64 64 64 64 64 65 65 65 64 63 62 60 59
    58 57 58 58 59 61 62 63 63 63 63 62 61 60 59 59 58 58 59 59 60 61 61
    61 61 61 62 62 62 62 62 62 61 61 61 61 61 61 61 61 62 25 29 25 42 73
    6 110 2 34 54 9 72 64 20 55 118 47 73 27 99 15 74 68 59 38 44 81 44
    18 60 22 55 60 29 87 117 36 84 5 0 102 116 5 68 118 91 47 11 85 113
    57 11 57 13 87 31 30 125 35 61 89 103 94 104 100 68 68 68 68 67 67
    67 67 67 67 67 68 68 68 68 68 68 67 67 66 64 63 62 62 62 63 63 64 65
    66 66 66 67 63 63 63 63 63 63 62 62 61 61 61 61 61 62 63 64 64 64 64
    63 61 60 58 57 56 56 55 56 56 57 57 57 58 58 58 58 58 59 60 61 62 63
    64 64 64 64 64 64 65 66 67 69 70 71 72 73 73 73 72 71 70 69 67 66 64
    63 62 62 61 61 61 61 62 62 62 62 62 62 62 62 63 63 64 64 63 62 61 60
    59 57 56 56 56 56 56 58 59 61 62 64 64 65 65 64 64 64 64 63 64 64 64
    64 64 63 62 60 59 58 58 59 59 60 62 63 63 63 63 63 62 61 60 58 58 57
    57 58 59 59 60 60 61 61 61 61 61 61 61 61 61 61 61 60 61 60 60 60 61
    61 105 93 90 71 48 113 89 21 99 81 70 67 32 51 101 82 109 38 91 103
    98 51 33 38 120 76 7 4 57 76 126 95 78 73 41 44 102 6 71 89 94 28 45
    2 99 94 112 105 79 108 46 83 121 117 51 101 62 120 23 29 38 22 1 95
    124 68 69 68 68 67 67 67 67 67 67 67 67 67 68 68 68 68 67 66 65 63
    62 61 60 60 61 62 64 65 66 66 67 67 63 63 64 64 64 64 64 63 62 62 62
    62 62 62 63 63 64 64 63 62 61 60 58 57 56 55 55 55 55 56 56 56 57 57
    58 58 59 59 60 61 62 63 63 64 64 64 64 64 65 66 67 69 70 71 72 73 73
    72 71 70 69 68 67 65 64 63 63 62 62 61 61 61 61 61 62 62 61 62 61 62
    62 63 63 63 63 62 61 60 59 58 57 57 56 56 57 58 59 61 62 63 64 64 65
    64 64 63 63 63 63 63 63 63 63 63 61 61 60 59 59 59 60 61 62 63 63 63
    63 62 61 60 59 58 57 56 57 57 58 59 59 60 60 60 60 60 60 60 60 60 60
    60 60 60 60 60 60 60 61 62 57 82 8 97 42 38 16 103 46 115 127 87 30
    37 109 51 78 1 39 91 68 96 55 53 73 110 53 7 79 97 4 82 125 24 18 57
    72 43 75 123 95 83 111 82 114 84 7 73 2 36 116 110 66 125 120 31 98
    72 49 33 124 62 13 57 111 68 69 68 68 67 67 67 67 67 67 67 67 67 68
    68 68 68 66 65 63 62 60 59 59 59 60 61 62 64 65 66 67 67 64 64 65 65
    66 66 65 65 64 64 63 63 63 63 63 63 63 63 62 62 60 59 58 57 55 55 55
    54 55 55 55 56 57 57 58 58 59 60 60 61 62 63 63 63 63 63 63 63 64 65
    66 68 69 71 71 72 72 71 70 69 68 67 66 65 64 64 63 62 62 61 61 61 61
    61 61 61 60 61 61 61 62 63 63 63 63 62 62 61 60 59 58 58 58 58 58 59
    59 61 62 63 64 64 64 64 64 63 63 62 62 62 62 63 62 62 61 61 60 60 60
    61 61 62 63 64 64 64 63 62 61 60 58 57 56 56 56 56 57 58 58 59 59 59
    59 59 59 59 59 59 59 59 60 60 60 60 61 61 61 62 5 67 123 123 46 30
    46 70 6 24 54 45 38 117 33 3 98 44 111 18 20 109 37 27 123 24 62 110
    44 0 1 81 46 26 9 116 45 4 127 15 18 62 90 110 46 101 120 123 83 124
    41 67 45 95 44 62 96 112 61 96 35 59 24 59 99 68 68 68 67 67 67 67
    67 67 67 68 68 68 69 69 69 68 66 65 63 61 59 58 58 58 59 60 62 63 65
    66 66 67 65 65 66 66 67 67 67 66 65 65 65 64 64 64 64 63 63 62 62 61
    60 59 58 57 56 55 55 54 55 55 55 56 57 57 58 59 59 60 61 62 62 63 63
    63 63 62 62 62 63 64 65 66 68 69 70 71 70 70 69 68 67 67 66 65 64 64
    63 63 62 62 61 61 61 60 60 60 59 60 60 60 61 62 62 63 63 62 62 61 61
    60 60 60 59 59 59 60 60 61 62 63 64 64 64 64 64 63 63 62 62 62 62 62
    62 62 62 61 61 61 61 61 62 63 64 64 64 64 63 62 60 59 58 57 56 55 55
    56 57 57 58 58 58 58 58 58 58 58 58 58 59 59 60 60 60 60 61 61 61 62
    58 116 79 122 45 60 120 114 15 79 66 82 71 108 44 98 125 74 94 119 6
    106 65 8 73 14 105 122 17 10 102 77 105 94 100 23 63 28 116 44 2 75
    70 99 91 94 127 82 67 96 110 92 119 28 2 52 83 113 6 50 70 19 34 70
    71 67 67 67 67 66 66 66 66 67 67 68 69 69 70 70 69 68 67 65 63 61 59
    58 57 57 58 59 61 63 64 65 66 66 66 66 66 67 68 68 68 68 67 67 66 66
    65 65 64 63 62 62 61 60 59 59 58 57 56 56 55 55 55 55 56 56 57 58 59
    59 60 61 62 63 63 63 63 63 63 62 62 62 62 63 64 65 67 68 69 69 69 69
    68 67 67 66 66 65 65 64 64 63 63 62 61 61 60 59 59 59 58 58 59 59 60
    61 62 62 63 62 62 62 62 62 61 61 61 61 60 61 61 62 62 63 63 64 64 63
    63 63 62 62 61 61 61 61 61 62 61 62 61 61 62 62 63 63 64 64 64 63 63
    61 60 59 57 56 56 55 55 56 57 57 58 58 58 58 58 57 57 57 57 58 58 58
    59 60 60 61 61 62 62 63 10 104 4 95 89 126 87 18 56 39 9 10 83 126
    73 11 12 7 15 10 127 62 3 55 93 31 127 126 111 25 1 68 30 4 93 16 58
    119 46 36 80 17 99 75 97 104 36 72 78 16 16 120 54 20 72 17 111 36
    126 124 45 65 51 54 121 66 66 66 66 65 66 66 66 67 68 68 69 70 70 71
    70 69 67 65 63 61 59 58 57 57 58 59 61 62 63 65 65 66 66 66 67 67 68
    69 69 69 68 68 68 67 67 66 65 63 62 62 61 60 60 59 59 58 57 57 56 55
    55 55 56 56 57 58 59 60 61 62 63 63 63 64 63 63 63 62 62 61 61 62 62
    63 65 66 67 67 68 67 67 66 66 65 65 65 65 65 64 63 63 62 61 60 60 59
    58 58 57 58 58 59 60 61 61 62 62 62 63 63 63 64 63 63 63 63 62 62 62
    63 63 63 63 63 63 63 63 62 62 61 61 61 61 61 61 62 62 62 62 62 62 63
    64 64 65 65 64 63 62 61 60 59 57 56 56 55 55 56 56 57 57 58 58 58 57
    57 57 57 57 57 58 58 59 60 61 61 62 62 62 63 63 46 90 118 46 51 3 40
    57 34 38 21 51 95 18 20 12 108 56 123 31 78 12 31 70 7 34 127 21 41
    75 121 31 2 24 11 16 24 39 104 1 35 57 75 118 59 31 127 47 115 100
    106 123 13 124 1 120 16 27 101 90 28 28 10 90 65 64 64 64 64 65 65
    66 67 68 68 70 70 71 71 70 69 67 65 63 61 59 58 58 57 58 59 61 62 63
    64 65 66 66 66 67 67 68 68 69 69 69 69 69 68 67 66 65 64 63 62 61 60
    60 60 59 59 58 58 57 57 57 56 57 57 58 58 60 61 62 63 63 64 64 64 63
    63 63 62 62 61 61 61 62 62 64 65 66 66 67 67 66 66 66 65 65 65 65 65
    65 64 63 62 62 61 60 59 58 57 56 57 57 58 59 60 61 61 62 63 63 64 64
    65 64 65 64 64 63 63 63 63 63 63 63 63 63 62 62 61 61 61 61 61 60 61
    61 62 62 62 62 62 63 63 64 64 65 64 64 63 62 60 59 58 57 56 56 56 56
    56 57 57 58 58 58 58 57 57 56 55 55 55 56 57 59 59 61 61 62 62 63 63
    79 51 82 101 35 107 65 75 86 61 118 97 98 95 80 6 41 78 94 113 12 40
    109 1 111 66 31 46 12 30 33 120 124 5 78 2 47 123 50 103 20 113 5
    106 40 64 29 119 114 127 27 103 103 27 61 10 88 99 108 115 45 73 111
    127 37 63 63 63 63 63 63 64 65 66 67 68 69 70 71 71 70 69 67 65 63
    61 60 59 58 58 59 60 61 62 63 64 65 65 66 66 67 67 68 68 69 69 69 69
    69 69 68 67 66 64 63 62 61 61 60 60 60 60 59 59 58 57 57 57 57 57 58
    58 60 61 62 63 63 64 64 64 64 63 63 62 62 61 61 60 60 61 62 63 64 65
    65 65 65 65 65 65 65 65 65 65 65 64 64 63 62 61 60 59 58 57 56 57 57
    58 59 60 61 61 63 63 64 65 65 66 66 66 66 65 65 65 64 64 64 63 63 62
    62 61 61 61 61 60 61 61 60 61 61 62 62 63 62 63 63 63 64 64 64 64 63
    62 61 60 58 58 57 57 57 56 56 56 57 57 58 59 59 59 58 57 56 55 54 55
    56 57 58 59 61 61 63 63 63 63 58 84 4 4 100 119 22 106 67 51 45 22
    94 40 74 23 92 2 65 39 118 75 99 77 97 104 93 74 22 63 10 123 114 48
    110 100 103 52 58 47 64 80 25 55 120 120 67 126 122 120 83 78 17 53
    39 121 6 8 95 93 87 66 116 68 42 61 61 61 61 62 62 63 63 64 65 67 68
    69 70 70 70 69 67 65 63 61 60 58 58 58 59 60 62 63 64 64 65 65 66 66
    66 67 67 68 68 69 69 69 70 69 69 68 67 65 64 63 62 62 61 62 61 61 60
    60 59 59 58 58 58 58 59 59 60 61 63 64 64 64 64 64 64 64 63 62 62 61
    61 60 60 61 62 63 64 64 65 65 65 64 64 64 65 65 65 66 65 65 65 64 63
    62 61 59 58 57 56 57 57 58 59 60 61 62 63 63 64 65 65 66 66 67 66 66
    65 65 65 64 63 63 62 61 61 60 60 60 60 60 60 61 61 61 61 62 62 62 62
    62 63 63 63 63 63 63 62 61 60 59 58 58 57 57 57 57 57 57 58 59 59 60
    60 60 59 57 55 54 54 54 55 56 57 59 61 62 63 63 64 63 104 67 6 9 34
    87 110 51 92 49 109 57 65 115 121 108 114 40 54 18 17 42 0 117 61
    103 116 83 12 66 34 87 107 88 103 11 31 52 11 40 59 40 103 77 61 71
    113 81 84 43 93 8 97 102 38 53 31 118 19 86 61 72 110 126 3 60 60 60
    60 61 61 62 62 63 64 65 66 67 68 69 68 67 66 64 62 60 59 58 58 59 60
    61 62 63 64 65 65 66 66 66 66 67 67 68 68 69 69 69 70 69 69 68 67 66
    64 64 63 62 62 62 62 62 61 60 60 59 58 57 57 57 58 58 60 61 62 63 64
    64 64 64 64 63 63 62 62 61 60 60 60 60 61 62 63 64 64 64 64 64 64 64
    65 65 65 66 65 65 65 64 64 63 61 60 59 58 57 58 58 59 60 61 62 63 63
    64 64 65 66 67 67 67 67 67 66 66 65 64 63 62 61 60 60 59 59 60 60 60
    61 61 61 61 61 62 62 62 62 62 62 63 63 63 63 62 61 60 59 58 57 58 58
    58 58 58 58 58 59 59 61 61 62 61 60 58 56 54 53 53 54 55 57 59 61 62
    63 64 64 64 79 76 45 1 40 6 13 82 68 2 97 52 54 127 23 79 35 108 45
    126 123 26 108 6 100 42 100 81 39 91 122 12 91 7 100 32 109 76 21 72
    90 98 113 102 1 110 36 49 122 100 62 20 2 103 74 82 54 61 98 16 92
    85 26 3 13 58 58 59 59 60 60 60 61 61 61 62 63 65 66 66 66 66 64 63
    61 59 59 58 58 59 60 61 63 64 65 65 65 66 66 66 66 67 67 68 68 69 69
    69 70 69 69 68 67 66 64 64 63 63 63 63 63 63 62 61 60 59 58 58 57 57
    58 59 60 61 63 64 64 65 64 64 64 64 63 63 62 61 61 60 60 61 61 62 63
    64 64 64 64 64 64 64 64 65 65 65 65 65 65 64 64 63 62 61 59 58 58 58
    59 60 61 62 63 63 64 64 64 65 65 66 66 67 67 67 66 66 65 64 63 62 61
    60 59 59 59 60 60 61 61 62 62 62 62 62 62 62 62 62 62 62 62 62 62 61
    60 59 58 57 57 57 58 58 58 59 59 59 60 61 62 63 63 63 61 59 57 55 53
    53 54 55 57 59 61 63 64 64 64 64 39 56 124 6 77 66 4 37 79 29 39 8
    97 28 52 11 71 35 70 19 113 77 9 125 79 40 32 53 120 106 41 34 6 123
    88 55 26 80 31 30 19 63 114 5 47 27 61 111 46 116 99 106 5 50 52 2 2
    65 103 84 109 16 0 2 30 58 58 59 59 60 60 60 60 60 59 60 61 62 63 64
    64 64 63 61 60 58 58 57 58 59 60 61 63 64 65 66 66 66 66 67 67 67 68
    68 69 69 70 70 70 69 69 68 67 65 64 64 63 63 63 63 63 63 62 61 60 59
    58 57 57 57 58 59 60 61 63 64 64 64 64 64 64 64 63 63 63 62 61 61 60
    61 61 62 63 64 64 64 64 64 64 64 64 65 65 65 64 64 64 64 64 63 62 61
    60 59 59 59 60 61 62 63 64 64 64 64 64 65 65 66 66 67 67 67 66 65 64
    63 62 61 60 59 59 59 59 60 61 61 62 62 62 62 62 62 61 61 61 61 62 62
    62 62 62 62 60 59 58 57 57 57 58 58 59 59 59 60 61 62 63 64 65 64 63
    60 58 56 54 54 54 56 58 60 62 63 64 65 65 64 89 105 4 27 32 59 71 70
    10 119 84 115 25 66 63 7 53 88 86 70 118 9 68 13 82 49 67 19 17 40
    11 121 106 0 80 35 44 124 17 44 117 28 70 81 104 89 114 114 1 102 37
    18 45 125 84 76 77 58 50 64 75 36 71 69 23 57 58 59 59 60 60 60 59
    59 58 58 58 59 60 61 61 61 60 59 58 57 56 56 57 58 60 61 63 64 64 65
    65 65 67 67 67 68 68 69 69 70 70 70 70 69 68 67 66 65 64 64 64 64 64
    64 64 63 63 62 61 60 58 58 57 57 58 59 60 61 63 64 64 65 64 65 65 64
    64 63 63 62 62 61 61 61 62 63 63 64 64 64 64 64 64 64 64 64 64 64 63
    63 63 63 63 62 62 61 60 59 59 60 60 61 63 63 64 64 64 64 64 64 64 65
    65 66 66 66 65 65 64 63 62 61 60 59 59 59 60 61 62 62 63 63 63 62 62
    61 61 61 61 61 62 62 62 63 63 62 61 60 58 57 57 57 58 58 59 59 60 61
    62 63 65 66 66 66 64 62 60 57 56 55 56 57 59 61 63 64 65 65 65 65 54
    59 36 54 62 86 6 77 115 117 88 115 101 74 15 117 80 9 52 70 21 107
    35 54 80 79 96 19 39 115 112 85 10 51 1 36 45 37 56 109 109 115 69
    44 120 70 54 1 113 55 113 72 2 67 10 90 40 7 63 84 8 77 3 55 48 57
    58 59 60 60 60 59 59 58 57 56 56 57 58 58 59 59 59 58 57 56 56 56 57
    58 59 61 62 63 64 64 64 64 67 67 67 68 69 70 70 71 71 70 70 69 67 66
    65 64 64 64 64 64 64 64 64 64 63 62 61 60 59 58 58 57 58 59 60 61 63
    63 64 64 64 65 65 65 64 64 64 63 62 62 62 62 63 63 64 65 65 65 65 64
    65 65 64 64 63 63 62 62 62 62 62 61 61 60 60 59 59 59 60 61 62 63 64
    64 64 63 63 63 63 63 64 65 65 65 64 64 63 62 61 60 60 59 59 59 60 61
    62 63 63 63 63 62 62 61 61 61 61 61 62 63 63 64 63 63 62 60 59 57 57
    57 57 58 58 59 60 61 63 64 66 67 68 67 66 64 61 59 57 57 57 58 60 62
    64 65 66 66 65 65 78 44 32 26 113 124 14 116 91 50 85 88 72 62 88
    100 115 4 59 66 121 123 83 111 97 6 85 74 37 102 115 16 33 96 83 59
    88 47 29 60 8 87 39 116 66 84 20 33 2 47 70 122 87 80 80 95 81 45 94
    108 30 5 66 66 40 58 59 60 60 60 60 60 59 58 56 56 55 56 56 57 57 57
    57 56 55 55 55 55 56 58 59 60 61 62 62 63 63 63 67 67 68 69 70 70 71
    71 71 70 70 68 67 66 65 64 63 64 64 64 64 65 64 64 63 62 61 60 59 58
    58 58 58 59 60 61 62 63 63 64 64 65 65 65 65 65 65 64 63 63 63 63 63
    64 65 65 66 66 65 65 65 65 64 64 63 62 61 60 60 60 60 60 60 59 59 58
    58 59 60 61 62 63 64 63 63 62 62 62 62 62 63 64 64 64 64 63 63 62 61
    61 60 60 60 60 61 62 63 63 64 64 63 62 62 61 60 60 61 61 62 63 64 65
    65 64 63 61 60 58 57 56 57 57 58 59 60 62 64 66 67 68 69 69 67 65 63
    61 59 59 59 60 62 63 65 66 66 66 66 65 66 99 106 119 109 44 71 90
    103 6 76 88 28 95 91 66 0 91 126 125 34 82 71 10 79 123 73 64 97 82
    18 89 100 121 123 99 0 10 14 85 117 40 20 54 26 2 102 44 74 95 62 20
    53 44 67 8 49 86 9 76 73 16 119 28 44 59 59 60 60 60 60 59 58 57 56
    55 55 55 55 56 56 56 56 55 55 55 55 55 56 58 59 60 61 61 61 61 61 61
    67 67 68 69 70 70 71 71 71 70 69 68 67 66 64 64 63 63 64 64 65 65 65
    64 63 62 61 61 60 59 59 59 59 59 60 61 62 62 63 64 64 65 65 66 66 65
    65 65 64 64 64 64 65 65 66 66 66 66 66 66 66 65 64 64 62 61 60 59 59
    59 59 59 59 58 58 58 58 58 59 60 61 62 62 62 62 61 61 60 61 61 62 63
    63 63 63 63 62 62 61 61 60 60 61 61 62 62 63 64 64 64 63 62 61 60 60
    60 60 61 63 64 65 66 66 65 64 62 60 58 57 56 56 57 58 59 61 63 65 67
    69 70 70 70 68 66 64 63 61 61 61 62 63 65 66 66 67 67 66 66 10 67 18
    111 60 106 119 7 115 93 84 37 52 89 25 5 122 97 23 117 105 4 101 107
    23 34 90 29 17 51 56 106 7 67 19 13 92 54 24 117 116 71 110 42 19 21
    14 107 90 84 88 52 35 18 86 42 15 75 113 33 51 30 100 103 7 59 60 60
    60 60 60 59 58 58 57 56 56 56 56 56 57 56 56 55 55 55 55 56 57 58 59
    60 60 60 60 60 60 60 67 67 68 69 70 70 71 71 71 70 69 68 66 65 64 64
    63 64 64 64 65 65 65 64 63 62 61 61 60 59 59 59 59 59 59 60 61 61 62
    63 63 64 65 65 66 66 66 65 65 65 65 65 65 66 66 66 66 66 66 66 66 65
    64 63 61 60 59 58 57 57 58 57 57 57 57 56 57 57 58 59 60 61 61 61 61
    60 60 59 60 60 61 62 62 63 62 62 62 62 61 61 61 61 61 62 62 63 63 63
    63 63 62 61 61 60 59 59 60 61 63 65 66 67 67 66 65 63 61 59 58 57 57
    57 58 59 61 64 66 68 70 71 71 70 69 68 66 64 63 62 63 63 64 65 66 67
    67 67 66 66 94 42 55 63 30 6 106 20 60 116 103 108 94 3 63 44 40 17
    59 55 15 32 49 35 28 115 21 55 44 60 96 58 113 73 119 66 122 118 80
    79 73 116 29 116 74 124 0 71 7 93 97 45 73 26 43 122 126 7 40 26 99
    52 16 91 25 60 60 59 59 59 59 58 58 58 57 57 57 57 58 58 58 57 57 56
    56 55 55 56 57 58 59 60 60 60 60 59 59 59 67 67 67 68 69 70 70 70 70
    69 68 67 66 65 65 64 64 64 64 65 65 65 65 64 64 62 62 61 60 60 60 60
    59 59 59 59 60 61 61 62 63 65 66 66 67 67 67 66 66 66 66 66 66 66 67
    67 67 66 66 66 65 65 63 63 61 60 58 57 57 57 57 57 56 56 56 55 56 56
    57 58 59 60 60 60 59 59 58 58 59 60 61 61 62 63 62 62 62 62 62 62 62
    62 62 62 63 63 63 63 63 63 62 61 60 59 59 59 60 61 63 64 66 66 67 66
    65 63 61 59 58 57 57 57 58 60 62 65 67 69 70 71 71 70 69 68 66 65 64
    63 63 64 65 65 66 67 67 67 66 66 85 127 17 8 0 108 80 47 25 75 110
    96 83 108 51 104 109 18 12 52 75 48 78 6 127 117 40 61 35 83 3 52 37
    113 5 61 63 33 36 13 41 61 67 14 124 86 110 51 118 28 27 91 66 122
    123 63 49 27 54 80 29 117 64 39 119 60 60 59 59 58 58 58 58 58 58 58
    59 59 60 60 59 59 58 57 56 56 56 57 58 59 59 60 60 60 60 60 60 59 66
    66 67 68 68 69 69 69 68 68 67 67 66 66 65 65 65 65 65 65 65 65 64 63
    63 62 61 61 60 60 60 60 59 59 59 59 59 60 61 62 63 64 65 66 67 67 67
    67 67 67 67 67 67 67 67 67 66 66 65 65 64 64 62 62 60 59 58 57 56 56
    56 56 56 55 55 55 55 56 57 58 59 60 60 60 59 58 58 58 58 59 60 61 62
    62 62 63 62 62 62 62 62 62 62 62 62 62 63 63 62 62 61 60 60 59 59 58
    60 60 62 64 65 66 66 66 65 63 62 60 59 58 58 58 59 61 63 65 67 69 70
    71 71 70 69 68 67 66 65 64 64 64 64 65 66 66 67 66 66 65 92 67 25 52
    26 97 79 12 36 56 18 117 74 70 9 124 59 32 68 92 42 69 108 6 10 31
    27 0 84 47 110 124 62 71 20 85 83 107 63 59 47 54 63 77 35 7 31 45
    77 100 84 9 86 58 102 116 30 112 16 101 92 86 70 23 122 60 59 58 57
    57 57 57 58 58 59 60 61 61 62 62 61 61 60 59 58 57 57 58 58 59 60 61
    61 61 61 61 60 60 66 66 66 67 67 67 67 67 67 67 66 66 66 66 66 66 66
    66 66 66 65 65 64 63 62 62 62 61 61 62 61 61 60 60 59 59 59 60 60 62
    63 64 65 66 67 67 67 67 67 67 68 68 68 68 67 67 66 65 64 63 63 62 61
    61 60 59 58 57 57 56 56 56 55 55 55 55 55 56 57 58 59 60 60 59 59 58
    58 58 58 59 60 61 62 62 63 63 63 63 63 63 62 62 62 62 62 63 63 63 62
    62 61 60 60 59 58 58 59 60 62 63 64 65 65 65 64 63 62 61 60 59 59 59
    60 62 64 66 68 69 70 70 70 70 69 68 67 66 65 64 64 63 64 64 65 65 66
    65 65 65 26 86 97 72 96 62 104 63 81 24 34 24 102 118 94 35 101 70
    81 65 52 65 50 118 31 17 2 88 116 32 41 63 77 30 93 44 2 40 99 90 85
    85 124 6 73 113 13 56 118 7 105 85 43 38 52 30 109 49 89 101 101 71
    7 115 47 60 59 58 57 56 56 57 58 59 60 61 62 63 64 64 63 63 61 60 59
    59 58 59 59 60 61 61 62 62 62 62 62 62 65 64 65 65 66 66 66 66 66 66
    66 66 66 67 67 67 67 67 66 66 65 64 63 62 62 61 61 61 62 62 62 62 61
    61 60 59 59 60 61 62 63 64 65 66 67 67 67 67 67 68 68 68 68 68 67 66
    65 64 62 62 61 61 60 60 59 58 58 57 57 57 56 56 56 55 55 55 56 57 58
    59 60 60 61 60 59 59 58 58 58 59 60 61 62 63 63 63 64 63 63 63 63 62
    62 62 62 62 62 63 62 62 61 61 60 59 58 58 59 59 61 62 63 64 64 64 64
    63 62 62 61 61 60 61 62 63 65 66 68 69 69 69 69 68 68 67 66 65 64 63
    63 63 63 63 64 64 64 64 64 63 27 87 89 79 23 107 123 62 73 19 115 23
    41 58 88 107 78 28 22 15 79 118 70 56 123 42 101 116 40 25 93 43 68
    71 75 106 9 84 22 115 6 7 95 68 119 89 52 60 23 33 109 120 94 1 112
    97 127 67 35 71 40 99 111 67 115 60 58 57 57 56 57 57 59 60 61 63 64
    65 65 65 65 64 62 61 60 59 59 59 59 60 61 61 62 63 63 63 63 63 64 64
    64 64 65 65 65 65 65 65 65 66 67 67 68 68 68 68 67 66 65 63 62 61 61
    60 61 61 62 63 63 63 62 62 61 60 60 61 61 62 64 65 66 66 66 67 67 67
    67 68 68 68 68 67 67 65 64 63 61 60 60 59 59 59 59 58 58 58 58 57 57
    57 56 56 56 56 57 58 59 60 61 61 61 61 60 59 59 59 59 60 60 61 62 63
    63 64 64 64 64 63 63 62 62 62 62 62 62 63 62 62 62 61 60 59 58 58 58
    59 60 61 62 63 63 64 63 63 63 63 62 62 62 62 63 64 65 66 67 67 68 67
    67 67 66 66 65 65 64 63 62 62 62 62 63 63 63 63 63 62 97 107 69 82
    11 97 78 26 94 47 69 84 83 69 37 99 120 2 9 64 0 41 50 14 47 80 23
    105 101 33 17 12 1 120 93 63 102 41 56 1 14 105 65 51 22 103 116 106
    101 105 85 40 32 82 95 110 44 33 25 60 65 28 89 106 73 60 58 57 57
    57 57 58 59 61 62 64 65 66 67 67 66 65 64 63 61 60 60 60 60 60 61 62
    63 63 64 64 65 65 62 62 62 63 64 64 65 65 65 65 66 66 67 68 69 69 69
    68 68 66 65 63 62 61 60 60 61 62 63 64 64 64 63 63 62 61 61 62 63 64
    65 65 66 66 66 66 66 67 67 67 68 68 68 67 66 64 63 61 60 59 58 58 58
    58 58 58 59 59 59 59 58 58 57 57 57 57 58 59 60 61 61 62 62 61 61 60
    60 59 60 60 60 61 62 63 64 64 65 64 64 63 63 62 62 62 62 62 62 63 62
    63 62 61 60 59 59 58 58 58 59 60 61 62 62 63 63 63 63 63 63 63 63 63
    63 64 65 65 66 66 66 66 66 65 65 65 64 63 62 61 61 61 61 61 62 62 62
    62 61 61 62 27 63 7 12 91 44 105 100 118 62 31 82 80 4 109 13 106 80
    65 64 119 18 115 107 119 108 58 68 108 91 107 116 50 2 111 36 76 91
    94 74 52 41 57 118 68 38 17 10 23 70 37 101 67 98 46 64 114 20 2 107
    26 12 21 83 59 58 57 57 57 58 59 61 62 64 65 66 67 67 67 67 66 64 63
    62 61 60 60 60 60 61 62 63 64 65 65 65 65 61 61 61 62 63 64 64 65 65
    65 66 67 68 69 70 70 70 69 68 66 64 62 61 60 59 59 60 61 62 64 64 64
    64 64 63 62 62 63 64 65 65 66 66 66 66 65 65 66 66 66 67 67 66 66 65
    63 62 61 59 58 58 58 58 58 58 59 59 60 60 60 59 59 58 58 58 58 59 60
    61 61 62 62 62 62 61 61 60 60 60 60 61 62 62 63 64 65 65 65 65 64 63
    63 62 62 62 62 62 63 62 62 62 61 60 60 59 58 59 59 59 60 60 61 62 62
    63 63 64 64 64 64 64 64 63 63 64 64 64 64 64 64 64 64 64 63 63 62 61
    60 60 60 60 61 61 62 62 62 61 61 99 77 48 39 35 2 118 77 21 116 90
    95 20 72 49 105 98 73 47 36 127 62 126 69 85 5 67 54 127 53 120 117
    28 21 120 75 19 100 121 66 109 70 82 13 112 35 92 4 55 4 100 20 14
    23 109 125 65 61 106 23 99 113 27 55 59 59 58 58 58 58 59 60 62 63
    64 66 67 67 68 68 67 66 65 64 63 62 61 61 60 60 61 61 62 64 65 65 66
    66 60 60 60 61 62 63 64 65 65 66 66 67 68 70 71 71 71 70 69 67 65 63
    61 59 59 59 59 61 62 63 64 64 64 64 63 63 63 64 65 65 66 67 67 66 66
    65 65 65 65 65 66 66 65 65 64 62 61 60 59 58 58 58 58 58 59 60 60 61
    61 61 61 60 60 59 59 60 60 60 61 62 62 63 63 63 62 62 61 61 61 61 61
    62 63 64 64 65 65 65 65 64 64 63 63 63 63 63 63 63 63 63 62 62 61 60
    60 59 59 59 59 59 60 60 61 62 62 63 64 64 64 64 63 63 62 62 62 62 62
    62 62 62 62 62 62 61 61 60 60 59 59 60 60 61 61 62 62 62 62 61 26 91
    22 0 91 30 84 122 120 10 1 111 30 24 67 61 90 86 26 117 105 120 40
    14 6 87 60 31 83 32 87 82 123 12 30 99 106 88 34 62 74 52 61 62 89
    113 70 58 24 95 37 127 77 74 34 75 9 20 39 91 114 18 94 81 20 60 59
    59 59 59 60 62 63 64 65 66 67 68 68 68 68 67 66 65 64 63 62 61 61 61
    61 62 62 64 65 66 67 67 59 59 60 61 62 63 64 65 65 66 66 67 69 70 71
    72 72 71 70 67 65 62 61 59 58 58 58 59 61 62 63 63 64 64 64 63 64 65
    65 66 67 67 67 66 66 65 64 64 64 64 64 64 64 64 63 62 61 60 59 59 58
    58 58 59 60 60 61 62 62 62 61 61 60 60 60 60 61 61 62 62 62 63 63 63
    62 62 62 61 61 61 61 62 62 63 64 65 66 66 66 65 64 64 63 63 62 62 62
    62 62 62 62 62 61 61 60 60 60 60 60 60 60 60 61 61 62 63 63 64 64 63
    63 62 61 61 60 60 60 60 60 60 61 60 61 60 60 59 59 58 59 59 60 61 62
    63 63 63 62 62 18 80 121 103 18 4 117 51 40 72 32 105 81 95 109 124
    82 12 89 72 57 34 53 48 22 69 79 116 62 84 79 127 123 14 15 48 82 52
    64 52 36 58 6 93 27 84 70 34 55 102 28 67 104 55 54 76 55 35 51 26
    88 41 15 64 23 60 59 59 60 60 61 62 64 65 66 67 67 68 68 68 68 67 67
    66 65 64 63 62 61 61 61 62 62 64 65 66 67 67 58 59 59 61 62 63 64 65
    65 66 66 67 68 70 71 72 72 71 70 68 66 63 61 59 58 58 58 59 60 61 62
    63 63 64 64 64 64 65 65 66 67 67 67 66 66 65 64 63 63 63 63 63 63 63
    62 62 61 61 60 60 60 59 60 60 61 61 62 63 63 63 62 62 61 61 61 61 61
    61 62 62 62 63 63 63 63 62 62 62 62 61 61 62 62 63 64 65 65 66 66 65
    65 64 64 63 63 62 62 62 61 62 61 61 61 61 61 60 60 60 60 60 60 60 60
    61 61 62 62 63 62 62 61 60 59 59 58 58 58 58 59 59 60 59 60 59 59 58
    58 58 58 60 61 62 63 64 64 64 64 63 80 105 94 2 60 33 92 13 41 63 90
    67 63 94 127 92 32 119 88 90 96 113 25 31 49 59 15 76 15 82 4 36 72
    61 12 110 27 115 78 0 2 16 38 17 31 117 124 117 87 47 32 121 66 121
    57 96 11 65 41 11 19 104 68 112 106 61 60 60 60 61 62 63 64 66 66 67
    68 68 68 68 68 68 68 67 66 65 64 63 62 62 61 62 63 64 65 66 67 67 59
    59 60 61 62 63 64 65 65 65 66 67 68 70 71 72 72 72 70 68 66 64 62 60
    59 58 58 58 59 60 61 62 62 63 63 64 64 65 66 66 67 67 67 66 66 65 64
    63 63 63 62 62 62 62 62 61 61 61 61 61 61 61 61 61 62 62 63 63 63 63
    62 62 61 61 61 61 61 61 62 62 62 63 63 63 63 62 62 62 62 61 61 61 62
    62 63 64 65 65 66 65 65 65 64 63 62 62 61 61 60 61 61 61 61 62 62 62
    62 61 61 61 61 61 61 61 61 61 61 61 61 60 59 58 57 56 56 56 56 56 57
    58 58 58 59 58 58 58 58 58 59 60 61 63 64 66 66 66 65 65 71 26 107
    59 82 28 23 57 78 106 85 108 66 9 32 53 53 69 65 69 26 100 17 37 102
    93 35 102 70 112 44 77 69 78 14 58 18 7 83 87 52 74 80 108 79 97 106
    59 39 37 103 11 76 26 61 46 19 69 82 74 117 80 35 30 29 62 61 61 61
    61 62 64 65 66 67 67 67 68 67 68 68 68 68 67 66 66 65 64 63 63 62 63
    63 64 65 66 67 67 60 60 61 62 63 64 65 65 65 65 66 66 67 69 70 71 72
    72 71 69 67 65 63 61 59 59 58 58 59 60 61 62 62 63 63 63 64 64 65 66
    66 67 67 66 66 65 64 64 63 63 62 62 62 62 62 62 62 62 62 62 62 62 63
    63 63 63 64 64 64 64 63 62 61 61 61 61 61 61 62 62 62 62 62 63 62 62
    62 62 61 61 61 61 61 62 63 63 64 65 66 65 65 65 64 63 62 61 60 60 59
    60 60 61 61 62 62 62 62 62 62 62 61 61 60 60 60 60 60 60 59 59 57 57
    55 55 54 54 54 55 56 57 58 58 58 58 58 58 58 58 59 61 62 64 65 67 67
    67 67 66 120 51 4 91 99 90 108 104 43 11 80 48 31 4 125 122 61 117
    16 93 62 108 102 27 95 81 11 96 14 17 9 111 126 120 58 73 66 99 47
    23 12 99 83 49 15 73 45 104 86 124 88 99 22 126 15 58 88 19 112 71
    120 40 86 19 118 62 61 61 61 61 62 64 65 66 66 67 67 67 67 67 67 67
    68 68 67 67 66 65 64 65 64 65 65 65 66 66 67 66 61 61 62 63 64 65 65
    65 65 65 65 66 67 68 69 70 71 71 71 69 68 66 64 62 61 60 59 59 60 60
    61 62 62 63 63 63 64 64 65 65 66 66 66 66 66 65 64 64 63 63 62 62 62
    62 62 62 62 63 63 63 64 64 64 64 64 64 64 64 64 63 62 62 61 61 60 61
    61 61 61 62 62 62 62 62 62 62 61 61 61 60 60 60 60 61 61 62 63 64 65
    65 65 65 65 64 62 61 60 59 58 59 59 60 61 62 62 63 63 63 63 62 62 61
    61 60 60 59 59 59 58 57 56 55 54 53 53 53 54 55 56 57 58 58 59 59 59
    58 58 59 60 61 63 65 66 68 68 68 68 67 111 122 48 120 15 45 84 116
    36 122 24 89 108 56 0 4 91 89 74 28 2 7 105 36 99 74 19 33 100 20 95
    58 4 15 25 45 96 55 22 15 10 105 67 123 8 90 89 49 46 60 106 87 30
    33 111 91 11 118 126 59 105 73 114 77 78 62 62 61 61 61 62 63 65 66
    66 66 66 66 65 66 66 67 68 68 68 67 67 67 66 66 65 66 65 66 66 65 66
    65 62 63 64 65 66 66 66 66 66 65 64 65 65 66 68 69 70 70 71 70 68 67
    65 63 62 61 60 60 61 61 62 62 63 63 63 64 64 64 64 65 65 65 66 65 65
    65 65 64 64 63 63 62 62 62 62 62 63 63 64 64 65 65 65 65 65 65 65 64
    63 63 62 61 61 61 60 61 61 61 61 61 61 62 62 61 61 61 61 60 60 60 60
    60 60 60 61 62 62 63 64 65 65 65 65 63 62 61 59 58 57 58 58 59 60 61
    62 63 63 63 63 63 63 62 61 61 60 60 59 58 58 56 55 55 54 53 53 53 54
    55 56 57 58 59 59 59 59 59 59 59 60 62 63 65 67 69 69 69 68 67 35 76
    30 12 5 20 73 50 107 99 97 38 4 57 46 75 27 109 47 16 17 52 25 117
    111 65 86 124 26 55 88 102 56 14 62 11 53 80 20 65 28 53 97 1 126 99
    122 72 37 59 22 60 51 119 115 107 29 71 109 86 78 74 103 63 65 62 62
    61 61 61 62 63 64 65 65 65 65 64 64 65 65 66 67 67 68 68 67 67 67 67
    67 67 66 66 66 65 65 64 63 64 65 66 67 67 67 66 66 64 64 64 64 65 66
    67 69 69 70 70 69 68 66 64 63 62 62 62 62 63 63 64 64 64 64 64 64 65
    65 65 65 65 65 65 65 65 65 64 64 63 63 63 62 62 62 62 63 64 64 65 65
    66 66 65 65 65 64 63 63 62 62 61 61 61 60 60 60 60 60 61 61 61 61 61
    60 60 59 59 59 59 59 59 59 60 60 61 62 63 64 64 65 65 65 64 62 61 59
    57 57 57 58 58 60 61 62 62 63 63 63 64 63 63 62 61 61 60 59 58 57 56
    55 55 54 53 54 54 54 56 57 58 59 59 60 60 60 59 60 60 61 62 64 66 67
    69 70 70 69 68 49 108 20 8 66 96 76 84 10 22 127 82 94 105 4 26 88
    53 94 39 88 116 50 41 88 55 126 120 32 115 21 56 47 45 101 102 10
    109 1 48 126 26 119 91 48 88 16 98 65 63 22 0 16 108 61 36 23 27 50
    67 61 36 13 55 34 62 61 60 60 60 61 62 63 64 64 64 63 63 63 63 64 65
    66 67 67 68 68 68 67 68 67 67 67 66 65 64 64 64 65 65 66 67 68 68 68
    66 66 64 63 62 62 63 64 66 67 68 69 69 69 68 66 65 64 63 63 63 63 64
    64 65 65 65 65 65 65 65 65 65 65 65 65 65 65 65 65 64 64 64 63 63 62
    62 62 62 63 64 64 65 65 66 66 65 65 64 64 63 62 62 61 61 61 60 60 60
    60 60 60 60 60 60 60 60 59 59 58 58 59 59 59 59 59 59 60 60 61 62 64
    64 65 66 65 64 62 61 58 57 56 56 57 58 59 60 61 62 62 63 64 64 64 64
    63 62 62 60 59 59 58 57 56 55 55 54 55 55 56 57 58 59 59 60 60 60 60
    60 60 60 61 62 64 66 68 69 70 70 70 69 35 108 3 44 78 107 112 42 45
    17 72 123 28 29 98 124 69 79 62 95 69 33 97 72 89 18 50 25 56 40 91
    49 90 70 112 104 6 75 107 80 31 55 66 106 100 126 3 40 58 71 0 30 95
    78 61 34 99 4 99 75 64 1 65 86 72 61 60 59 59 60 61 62 63 63 64 63
    62 62 62 62 63 64 66 67 67 67 67 68 67 68 67 67 67 66 65 64 64 63 65
    66 66 67 68 68 68 67 66 64 62 61 61 61 62 64 66 67 68 68 68 67 66 65
    64 64 64 64 65 65 66 66 66 66 66 66 66 65 65 65 65 65 65 64 65 64 64
    64 64 64 64 63 63 62 62 63 63 64 64 65 65 66 66 65 65 64 63 62 62 61
    61 61 61 61 60 60 60 60 60 60 60 60 59 59 58 58 58 58 58 59 59 60 60
    60 60 61 61 62 63 64 65 66 65 64 63 61 59 57 56 56 56 57 58 59 60 61
    62 63 64 65 65 65 64 63 62 61 60 59 58 58 57 57 56 56 56 56 57 58 58
    59 60 60 60 60 60 60 60 60 61 62 64 66 67 69 70 70 70 69 126 2 114
    19 34 21 60 125 35 93 113 45 101 48 28 103 44 60 19 40 10 49 86 83
    107 86 44 53 121 53 25 18 111 49 37 59 41 99 34 76 88 53 67 76 15
    117 98 80 115 10 98 83 62 96 117 70 60 125 25 85 53 64 4 100 22 60
    59 58 59 59 60 61 62 63 63 63 62 62 61 62 63 64 65 66 66 67 67 67 67
    67 67 67 66 66 65 63 63 62 65 66 67 67 68 68 68 66 65 63 62 60 60 60
    61 62 64 65 67 67 67 66 66 65 64 64 65 65 65 66 66 66 66 66 66 66 66
    66 66 66 66 65 65 65 65 64 64 64 64 64 64 64 63 63 63 63 63 64 64 65
    65 65 65 64 64 63 62 61 61 61 61 61 61 61 61 61 60 60 60 60 59 59 59
    58 58 57 57 58 58 59 59 60 60 60 60 61 61 62 63 64 65 65 65 64 63 61
    59 57 56 56 56 57 58 59 60 61 61 63 64 65 66 66 65 64 63 62 61 60 59
    59 58 58 58 57 58 58 58 59 59 60 60 60 60 60 60 60 60 60 61 62 63 65
    67 68 69 70 70 70 68 68 66 66 65 65 65 66 66 67 67 67 66 66 65 64 63
    62 61 62 62 63 64 65 65 66 66 65 65 64 63 62 62 61 61 61 61 62 63 65
    67 68 69 69 69 68 67 65 64 62 62 61 61 61 61 61 62 61 62 61 61 61 61
    60 60 59 58 58 58 59 60 61 62 63 63 63 62 62 61 62 62 63 65 65 66 66
    66 66 66 66 66 66 65 65 64 63 63 62 66 67 67 68 68 68 67 66 65 62 61
    60 59 59 60 61 63 64 65 65 65 65 65 64 64 64 65 65 66 66 66 66 66 66
    65 66 65 66 66 66 66 65 65 64 64 64 64 64 64 64 64 64 64 63 63 63 64
    64 64 65 65 65 64 64 63 62 61 60 60 60 60 61 61 62 61 61 61 60 60 60
    59 59 59 58 58 58 58 58 59 59 60 61 61 61 61 61 62 62 63 64 64 65 64
    63 62 60 58 57 56 56 56 57 57 58 59 60 61 63 64 65 65 65 65 64 63 62
    61 60 60 60 60 59 59 59 59 59 59 59 60 60 60 61 60 60 60 59 59 59 60
    61 63 65 66 67 68 69 69 69 68 67 66 65 64 64 64 64 65 65 66 66 65 65
    64 63 62 61 61 61 62 62 63 65 65 66 66 66 65 64 64 63 62 61 61 60 61
    62 63 65 67 68 69 69 69 68 67 65 64 62 62 61 61 61 61 61 61 61 61 60
    60 60 60 60 59 59 58 58 58 58 59 60 62 63 63 63 62 62 62 62 63 63 64
    65 65 65 65 65 65 65 65 65 64 64 63 62 62 62 66 67 67 67 67 67 66 65
    64 62 61 60 59 59 59 61 62 63 63 64 64 64 63 63 64 64 65 65 66 66 65
    65 65 65 64 65 65 66 66 66 66 65 65 64 64 63 63 64 64 64 65 65 64 64
    64 64 64 64 64 64 64 64 63 62 61 60 60 59 59 59 60 60 61 62 62 62 61
    61 60 60 59 60 59 59 59 58 58 58 59 59 60 61 61 61 61 61 62 62 62 63
    63 63 63 62 61 60 58 57 57 56 57 57 58 58 59 60 61 63 64 65 66 66 65
    64 63 62 62 61 61 61 61 61 61 60 61 60 60 60 60 60 60 61 60 60 60 59
    59 59 60 61 62 64 65 66 67 67 68 68 67 66 65 64 63 63 63 63 63 64 64
    64 65 64 63 62 61 61 60 61 61 62 63 64 65 66 66 66 66 65 64 63 62 61
    60 60 61 62 64 65 67 69 69 70 70 69 67 66 64 63 62 61 61 61 61 61 61
    60 60 60 59 59 59 59 59 58 58 58 58 58 59 60 62 63 63 63 63 63 62 62
    63 63 64 65 65 65 64 64 64 64 64 64 63 63 63 62 62 61 67 67 67 67 67
    66 65 64 63 61 60 59 59 59 59 60 60 61 62 62 62 62 62 63 63 64 65 65
    66 65 65 64 63 63 63 63 63 64 65 65 65 65 64 64 63 63 63 64 64 65 65
    65 65 65 65 64 64 64 64 64 63 63 62 61 60 60 59 59 59 59 60 60 62 62
    62 62 62 61 61 61 60 60 60 59 59 59 59 59 60 60 61 61 61 61 62 62 62
    62 62 62 62 61 61 60 59 59 58 57 57 57 57 58 58 59 60 60 61 63 64 64
    65 65 64 64 63 63 62 62 62 61 62 62 62 61 61 61 61 61 61 61 61 61 61
    61 60 59 59 59 59 60 61 62 63 64 65 65 66 66 65 65 64 63 62 61 61 61
    62 62 63 63 63 63 62 62 61 60 60 60 61 62 63 64 65 66 66 66 66 66 65
    64 62 61 60 60 61 62 63 65 67 69 69 70 69 69 68 66 65 63 62 62 61 61
    61 61 61 61 60 60 59 59 59 59 59 59 58 58 58 59 60 61 62 63 64 64 64
    64 63 63 63 64 64 65 65 64 64 64 63 63 63 63 63 62 62 61 61 61 67 68
    67 67 66 65 64 63 63 61 60 60 59 59 59 59 60 60 61 61 61 61 61 62 63
    64 65 65 65 64 63 62 61 61 61 61 62 63 63 64 64 64 64 63 63 63 63 63
    64 65 65 65 65 65 65 65 64 64 64 63 63 62 61 60 59 59 59 58 59 59 60
    60 61 62 62 62 62 61 61 61 61 61 61 60 60 59 59 59 60 60 61 61 61 62
    62 62 61 61 61 61 60 60 59 59 58 58 58 58 58 58 59 59 59 60 60 61 62
    63 64 64 64 64 64 64 64 63 63 63 63 62 62 62 62 62 62 62 62 62 62 62
    62 62 61 61 60 60 59 59 59 60 60 61 61 62 62 63 63 64 64 63 63 62 61
    60 60 60 60 61 61 61 62 61 61 61 60 60 60 60 61 62 63 64 66 66 67 67
    66 66 65 64 62 61 60 60 61 62 64 66 67 69 69 70 70 69 68 67 66 65 63
    62 62 62 62 62 61 61 60 60 59 59 59 59 59 59 59 59 59 60 61 61 62 63
    64 64 64 64 63 63 63 64 64 64 65 64 64 64 63 63 63 63 62 62 61 61 60
    60 69 69 68 67 66 65 64 63 62 61 60 60 59 59 59 59 59 59 59 60 59 60
    61 62 63 64 65 65 65 63 62 60 59 58 58 59 59 61 62 63 63 63 63 63 63
    63 63 64 64 65 65 65 65 65 65 65 64 64 63 63 62 61 60 60 59 59 59 59
    59 59 60 61 62 62 62 62 62 62 61 61 61 61 61 60 60 60 60 60 60 60 61
    62 62 62 62 62 61 61 60 60 59 58 58 57 57 57 57 58 58 59 59 60 60 61
    61 62 62 63 63 64 64 64 64 64 64 64 64 64 64 63 63 63 63 63 63 63 62
    62 62 63 63 63 62 62 61 60 59 59 59 59 59 60 60 60 60 61 61 62 62 62
    61 61 60 59 59 59 59 60 60 60 61 61 61 61 60 61 60 61 62 62 64 65 66
    66 67 67 66 66 65 64 63 62 61 61 61 63 64 66 67 68 69 69 70 69 69 68
    67 65 64 63 62 62 62 62 62 62 61 60 60 60 60 60 60 60 60 60 61 61 62
    62 63 64 64 64 64 64 64 64 64 64 65 65 65 65 64 64 63 63 63 62 62 61
    61 60 60 60 69 69 68 67 66 64 63 62 62 61 61 60 60 59 59 59 59 59 59
    59 59 60 60 62 63 64 65 65 65 63 61 59 58 57 56 57 58 59 60 61 62 62
    62 62 62 63 63 63 64 64 65 65 65 65 65 64 64 63 63 62 61 61 60 60 60
    60 60 60 60 61 61 61 62 62 62 62 62 62 62 62 62 62 62 61 61 60 60 60
    60 60 61 62 62 62 62 62 61 61 60 59 58 57 57 56 56 57 57 58 59 60 60
    61 61 62 62 62 63 63 63 64 63 63 64 64 64 64 65 65 65 64 64 64 64 63
    63 63 63 63 63 63 64 64 64 63 62 61 60 59 59 59 59 59 59 59 59 59 60
    60 61 61 61 60 60 59 59 59 59 60 60 60 60 60 60 61 61 61 62 62 63 64
    65 65 66 67 67 67 66 66 65 64 63 62 61 62 62 63 65 66 67 68 69 69 69
    69 69 69 68 66 65 63 62 62 62 63 63 63 62 62 61 61 61 61 61 61 61 61
    62 62 62 63 63 64 64 64 64 64 64 64 64 64 65 65 65 64 64 64 63 63 63
    62 62 61 61 60 59 59 70 70 68 67 66 64 63 62 62 61 61 60 60 59 59 59
    58 58 58 58 58 59 60 62 63 64 65 65 64 62 60 58 56 55 55 55 56 58 58
    60 61 62 62 63 63 63 64 64 64 64 64 64 64 64 64 64 64 63 62 62 61 60
    60 60 60 61 61 62 62 62 62 63 63 63 63 62 62 62 62 62 62 62 62 61 61
    60 59 59 60 61 61 62 62 63 62 62 62 61 60 59 58 57 56 56 56 57 58 59
    60 61 61 62 62 63 63 63 64 64 64 64 63 63 63 64 64 65 65 66 66 65 65
    64 64 63 63 63 63 63 64 64 65 65 65 64 63 62 61 60 59 59 59 58 58 58
    58 59 59 60 60 61 61 60 60 60 60 60 60 60 60 60 60 61 61 62 62 63 63
    64 64 65 66 66 67 67 67 67 66 66 65 64 63 62 62 62 63 64 65 66 67 68
    68 68 69 69 69 69 68 66 65 64 63 63 63 63 63 63 63 63 62 62 62 62 62
    62 62 63 63 63 63 64 64 64 65 64 64 64 64 64 64 64 65 65 65 64 64 64
    63 63 63 63 62 61 61 60 60 59 70 70 68 67 66 64 63 62 62 61 61 61 60
    60 59 59 58 58 58 58 58 59 60 62 63 64 65 64 63 61 59 57 55 54 54 54
    55 56 57 59 60 61 62 62 63 64 64 64 64 64 64 64 64 64 64 63 63 62 62
    61 60 60 60 61 62 62 63 64 64 64 64 64 64 64 63 63 63 63 63 63 63 63
    62 61 60 59 59 59 60 61 62 63 63 63 63 63 62 61 60 59 58 57 57 56 56
    57 58 59 60 61 61 62 63 63 64 64 64 64 64 63 63 63 63 64 65 65 66 66
    66 66 65 64 64 63 63 62 63 63 64 65 65 66 66 65 64 63 62 61 60 59 59
    58 58 58 58 58 59 59 60 60 61 61 61 61 61 61 61 61 61 61 61 61 61 62
    63 64 64 65 66 66 67 68 68 68 68 67 67 66 65 64 63 62 62 63 63 64 65
    66 67 67 67 68 68 68 69 68 68 66 65 64 62 62 63 63 64 64 64 64 64 63
    63 63 63 63 63 64 64 64 64 64 64 64 64 64 64 64 64 64 64 64 64 64 64
    64 63 63 63 63 63 63 62 62 61 60 60 59 69 69 68 67 65 64 63 62 62 61
    62 61 61 61 60 60 59 58 58 59 58 59 60 61 63 64 64 64 63 61 59 57 55
    54 54 54 55 56 57 58 60 61 62 63 64 64 65 65 64 64 63 63 63 63 63 63
    63 62 61 61 60 60 61 62 63 64 65 66 66 66 66 66 65 65 64 64 64 64 63
    64 64 63 62 61 60 59 59 59 60 61 62 63 64 64 64 64 63 62 61 60 59 58
    58 57 57 58 59 59 61 61 62 63 63 64 64 65 65 65 64 64 63 63 63 64 65
    65 66 66 66 66 65 64 63 63 62 62 62 63 64 64 65 66 66 65 65 63 62 61
    60 60 59 59 58 58 58 59 59 60 60 61 61 62 62 62 63 63 63 62 62 62 61
    62 62 63 63 64 65 66 67 68 68 69 69 69 68 68 67 66 65 63 63 62 62 63
    63 64 65 66 66 67 66 67 67 68 68 68 67 66 65 64 63 62 63 64 64 65 65
    65 65 64 64 64 64 64 64 64 64 64 64 64 64 64 64 63 63 63 63 63 63 63
    63 63 63 63 62 62 63 63 63 63 63 62 62 61 60 60 69 68 67 66 65 63 62
    62 62 62 62 62 62 61 60 60 59 59 59 59 59 60 60 62 63 64 64 63 62 60
    58 56 55 54 54 54 55 56 56 58 59 60 61 63 64 65 65 65 64 64 63 63 63
    63 63 63 63 62 61 61 61 61 61 62 64 65 67 68 68 68 68 67 67 66 66 65
    65 65 64 64 64 64 63 62 61 60 60 60 61 62 63 64 65 65 65 65 64 63 63
    62 61 60 59 59 58 59 59 60 61 61 62 63 63 64 65 65 65 65 64 64 63 63
    63 63 64 65 65 66 66 66 65 64 63 62 61 61 61 62 63 64 65 66 67 66 66
    65 64 62 61 60 60 59 59 59 59 60 60 60 61 61 62 63 63 63 64 63 63 62
    62 61 61 61 61 62 63 64 66 67 68 68 69 69 70 69 69 68 67 66 64 63 63
    62 62 62 63 64 65 65 65 66 66 66 66 67 67 67 67 65 64 63 62 62 63 64
    64 65 65 66 65 65 65 65 65 65 65 65 65 64 64 64 64 63 63 62 62 62 62
    62 62 62 62 62 61 61 61 62 62 63 63 63 63 62 62 61 61 61 67 67 66 65
    64 62 62 62 62 63 63 63 63 63 62 61 61 60 60 60 60 60 61 62 63 63 64
    63 62 60 59 57 56 55 55 55 56 57 57 58 59 60 61 63 64 65 65 65 65 64
    63 63 63 63 63 63 63 62 62 61 61 61 62 63 65 66 68 69 69 69 69 69 68
    67 67 66 66 66 65 65 65 64 63 62 61 61 61 61 62 63 64 65 66 66 66 66
    65 65 64 64 63 62 61 61 60 60 60 61 61 62 62 63 64 64 65 65 65 65 64
    64 63 63 63 63 64 64 65 65 66 65 64 63 62 61 60 59 60 61 62 63 65 66
    67 67 66 66 65 64 62 61 61 60 60 60 60 61 61 61 61 62 62 63 64 64 64
    64 63 62 62 61 60 61 61 62 63 64 65 66 68 68 69 70 70 69 69 68 67 66
    64 63 62 62 62 62 63 63 64 65 65 65 65 65 66 67 67 67 67 66 65 64 62
    62 63 63 64 65 65 66 65 65 65 65 65 65 65 64 65 64 64 64 63 63 62 62
    61 61 61 60 60 60 60 60 60 60 60 61 62 63 63 63 63 63 62 62 61 61 65
    65 64 63 62 61 61 62 62 63 64 64 64 63 63 62 62 61 61 61 61 61 62 62
    63 63 63 63 62 60 59 58 57 57 56 57 57 58 58 59 59 60 62 63 65 66 66
    66 65 64 63 63 63 63 63 63 63 63 62 62 62 62 63 64 65 67 69 70 70 70
    70 70 69 68 68 67 67 66 66 66 65 65 64 63 62 62 62 62 63 64 65 66 66
    66 66 66 66 66 66 65 65 64 63 62 61 61 61 61 62 62 63 63 64 64 65 65
    65 65 64 63 62 62 62 62 63 63 64 64 65 64 63 62 61 60 59 58 59 59 61
    62 64 65 66 67 67 66 65 64 63 62 61 61 61 61 62 62 62 62 62 63 63 63
    64 64 64 63 63 62 61 60 59 60 60 60 61 63 64 65 67 67 69 69 69 69 68
    68 66 65 64 63 62 61 61 61 62 63 63 64 64 64 64 65 65 66 66 67 66 65
    64 63 62 62 62 63 63 64 64 65 65 65 65 64 65 65 65 65 65 64 64 64 63
    62 62 61 60 60 59 59 59 59 58 59 59 59 60 61 62 63 64 64 64 63 63 62
    62 62 63 63 62 62 61 60 61 61 62 63 64 65 64 64 64 63 63 62 62 62 62
    63 63 63 64 64 64 63 62 61 60 59 58 58 58 59 59 59 59 60 60 61 62 63
    65 66 66 66 65 64 63 63 63 63 64 64 64 63 63 62 62 62 63 64 66 67 69
    70 70 70 70 70 69 69 68 67 67 67 66 66 65 65 64 63 63 63 63 64 65 65
    66 66 67 67 67 67 67 67 67 67 66 65 65 64 63 62 62 62 62 63 63 64 64
    65 65 65 65 65 64 63 62 62 62 62 62 63 63 64 64 63 62 61 60 58 57 57
    57 58 60 61 63 65 66 67 67 67 66 65 64 63 62 62 62 62 63 63 63 63 63
    63 63 63 64 63 63 62 62 60 60 59 58 59 59 59 60 61 63 64 65 66 67 68
    68 68 67 67 66 65 64 63 62 61 61 61 61 62 63 63 63 63 64 64 65 66 66
    66 66 66 64 64 62 62 62 63 63 63 63 64 64 64 64 64 64 64 65 64 65 64
    64 63 63 62 61 61 60 59 58 58 57 57 57 57 58 58 60 61 62 63 64 64 64
    64 64 64 63 63 61 61 60 60 59 59 60 61 62 64 65 65 65 65 64 64 63 63
    63 63 63 63 64 64 64 64 64 63 62 61 60 59 59 60 60 61 61 61 61 61 61
    62 63 64 65 66 67 66 65 64 63 63 63 63 64 64 65 64 64 64 64 64 64 65
    66 67 69 70 70 70 70 69 69 68 68 67 67 66 66 66 65 65 64 64 64 64 65
    65 66 67 67 67 67 67 67 67 67 68 68 68 67 67 66 65 64 63 63 62 63 63
    64 64 64 65 65 65 64 64 63 63 62 61 61 61 62 62 63 63 63 62 61 59 58
    56 56 55 56 57 58 60 62 64 65 66 66 66 66 65 64 63 62 62 63 63 64 65
    65 65 65 64 64 63 63 63 62 61 60 59 59 58 57 58 58 58 59 60 61 62 64
    65 66 66 67 67 66 66 65 65 64 63 62 61 61 61 61 61 62 62 62 63 63 63
    64 65 66 66 66 65 64 64 62 62 61 62 62 62 62 62 63 63 63 63 64 64 65
    65 65 65 65 64 64 63 62 61 60 59 58 58 57 57 57 57 58 59 61 62 63 64
    65 65 65 65 64 64 64 64 60 59 59 58 58 58 59 60 62 63 64 65 65 65 64
    64 64 63 64 64 64 65 65 65 66 65 65 64 63 62 61 61 61 62 62 62 62 62
    62 62 62 62 63 64 66 66 67 66 65 64 63 63 63 64 64 65 65 65 65 65 64
    64 65 65 66 67 68 68 69 69 69 68 68 68 67 67 66 66 65 65 65 64 64 64
    64 65 66 66 67 67 67 67 66 66 67 67 67 68 68 68 68 67 66 65 64 63 63
    63 63 63 64 64 65 65 65 65 65 64 63 62 62 61 61 61 62 62 62 62 62 61
    59 58 56 55 54 54 55 56 58 59 61 63 64 65 66 66 66 65 64 63 62 62 63
    64 65 66 66 66 66 65 64 64 63 62 61 60 59 58 58 57 57 57 57 58 58 59
    59 61 62 63 64 64 65 65 64 64 64 64 63 63 62 61 61 61 61 61 62 62 62
    62 62 63 64 65 65 66 66 65 64 63 62 62 61 61 61 61 61 61 62 62 63 63
    64 64 65 65 65 65 65 64 64 63 62 61 60 59 58 58 57 57 57 58 59 60 62
    63 65 66 66 66 66 65 65 65 64 64 58 58 58 57 57 57 58 59 61 62 63 64
    64 64 64 64 64 64 64 64 65 65 66 66 66 66 66 64 63 62 62 62 62 63 64
    64 64 64 63 63 63 63 64 65 66 67 67 66 65 64 63 63 63 64 65 65 66 66
    66 66 66 65 65 65 65 66 66 67 67 67 67 67 67 67 66 66 65 65 64 64 64
    64 64 64 65 65 66 67 67 67 67 67 66 66 66 66 67 68 68 68 67 67 66 65
    63 63 63 63 63 63 64 65 65 66 66 66 65 65 63 63 62 61 61 61 62 62 62
    62 61 60 58 57 55 54 54 53 54 55 57 58 60 62 63 64 65 65 65 65 64 63
    63 63 64 65 66 67 68 68 67 66 65 64 63 62 61 60 59 58 58 58 58 58 57
    58 58 58 59 59 61 61 62 63 63 63 63 63 63 63 63 63 62 62 61 61 61 61
    61 61 61 61 62 62 63 64 65 66 66 65 64 64 62 62 61 61 60 60 60 61 61
    61 62 62 63 64 65 65 65 65 66 65 65 64 63 62 61 60 59 59 58 58 58 59
    61 62 64 65 66 67 67 67 66 66 66 65 65 65 58 57 57 57 56 56 57 58 60
    61 62 63 63 63 63 63 63 63 64 64 65 66 66 67 67 67 66 65 64 63 62 63
    63 64 65 65 65 65 64 64 64 64 65 65 66 67 67 66 65 64 63 63 63 64 64
    65 66 66 67 66 66 66 66 65 65 65 65 65 66 66 66 66 66 66 65 65 65 64
    63 63 63 63 63 64 64 65 66 66 66 66 66 65 65 65 65 65 66 67 67 67 67
    66 65 64 62 62 62 62 62 63 64 65 65 66 66 66 66 65 64 63 63 62 62 62
    62 62 62 61 60 59 57 56 55 54 54 54 55 55 57 58 60 61 63 64 65 65 65
    65 64 63 63 63 64 65 67 68 69 69 68 67 66 64 63 62 61 60 60 59 59 58
    58 58 58 58 58 58 58 59 60 61 62 62 63 62 62 62 62 63 63 63 62 62 62
    62 62 61 61 61 61 61 62 62 63 64 65 65 65 65 64 63 62 62 61 61 60 60
    60 61 61 61 62 63 64 64 65 65 66 66 66 66 65 65 64 63 62 61 60 59 59
    59 59 61 62 63 65 66 67 67 67 67 67 66 66 65 65 65 58 58 57 57 56 56
    57 58 59 60 61 62 62 62 62 62 62 63 63 64 65 65 66 67 67 67 66 65 64
    63 63 64 64 65 66 66 66 66 66 65 65 65 66 66 67 67 67 66 65 64 63 63
    63 64 65 66 67 67 67 67 67 66 66 65 64 64 63 63 63 64 64 64 64 64 64
    64 64 63 62 63 62 62 63 63 64 65 65 66 66 65 65 65 64 64 65 65 66 66
    66 66 65 65 63 62 61 61 61 61 62 63 64 65 66 67 67 67 67 66 65 64 64
    63 63 63 63 62 62 61 59 58 57 56 55 55 55 55 56 56 57 58 59 61 62 63
    64 65 65 65 64 63 63 63 64 66 67 69 70 70 69 68 66 65 63 62 61 61 61
    60 60 60 60 59 59 58 58 58 58 58 60 60 61 62 62 62 62 62 62 62 63 63
    63 63 62 62 62 62 62 61 61 61 62 62 63 64 64 65 65 65 64 63 62 62 61
    61 60 61 61 61 61 62 62 63 64 64 64 65 65 65 66 66 66 65 65 64 63 62
    61 61 60 60 61 62 63 65 66 67 67 68 68 67 67 66 66 65 65 65 58 58 57
    57 57 56 56 57 58 58 59 60 60 61 61 61 62 62 63 63 64 65 66 67 68 67
    67 65 64 64 63 64 64 66 66 67 67 67 66 66 66 65 66 67 67 67 67 66 65
    64 63 63 63 64 65 66 67 67 68 68 67 66 65 64 63 62 62 62 62 62 62 63
    63 63 63 63 63 62 62 62 62 62 62 63 63 64 64 64 64 64 64 63 63 63 64
    64 65 65 65 65 64 63 62 61 60 60 60 60 61 63 64 65 66 67 67 67 67 67
    66 65 65 64 64 63 63 63 62 61 60 59 58 57 57 57 57 57 58 58 59 59 60
    61 62 63 64 65 65 65 64 64 64 64 65 66 68 69 70 71 70 69 67 66 64 63
    63 62 62 62 62 62 61 61 60 59 58 58 58 59 60 61 62 63 63 62 62 62 62
    62 62 63 63 63 63 62 62 62 62 62 62 62 62 63 63 64 64 65 65 64 64 64
    63 62 62 62 61 61 62 62 62 63 63 63 64 64 64 65 65 65 66 66 66 65 65
    65 64 63 62 62 61 61 62 63 64 65 66 67 67 67 67 67 66 66 65 65 64 64
    59 59 58 58 57 57 57 57 57 57 58 59 60 60 61 61 61 62 62 63 64 65 66
    67 67 67 66 65 64 64 63 64 65 66 67 68 68 68 67 67 67 66 67 67 67 67
    67 66 64 63 62 62 63 64 65 66 67 67 68 67 67 66 65 64 62 62 61 61 61
    61 61 61 62 62 62 62 62 61 61 61 61 61 62 62 63 63 63 63 63 63 63 63
    63 63 64 64 65 65 64 64 63 62 61 60 59 59 59 60 61 63 64 66 67 68 68
    69 68 68 67 67 67 66 66 65 64 64 62 61 60 59 59 59 59 59 60 60 60 60
    61 61 61 62 63 64 65 65 66 66 65 65 64 64 65 66 67 69 70 70 70 69 67
    66 65 64 64 64 64 64 64 64 63 62 61 60 59 59 59 60 61 62 63 63 64 63
    63 62 62 62 62 63 63 63 63 62 62 62 62 62 62 63 63 63 64 64 64 65 65
    65 65 64 64 64 63 63 62 63 63 63 63 64 64 64 64 64 64 64 64 64 65 65
    65 65 65 65 64 64 63 62 61 62 62 63 64 65 66 66 66 66 66 66 66 65 65
    64 64 64 60 60 60 59 58 57 57 57 57 57 58 58 59 60 60 61 61 62 62 63
    64 65 66 66 67 66 66 65 64 63 63 64 64 66 67 68 68 69 68 68 68 68 68
    68 68 68 67 66 65 64 63 63 63 64 65 66 67 68 68 67 67 66 65 63 62 61
    60 60 60 60 60 60 60 60 60 60 61 60 60 61 61 61 61 62 62 62 63 63 62
    62 62 62 62 63 63 63 64 64 64 63 62 61 60 59 58 59 59 60 61 63 65 67
    68 69 69 69 69 69 68 68 68 67 67 66 65 65 63 62 61 61 60 61 61 62 63
    63 63 63 63 62 63 63 64 65 65 66 66 66 66 65 65 65 65 66 67 68 69 69
    69 69 68 67 66 66 65 65 66 65 66 65 65 64 62 61 60 60 60 61 62 64 64
    65 65 64 63 63 62 62 62 63 63 63 63 63 63 62 62 63 63 64 64 64 64 65
    65 65 65 65 65 65 64 64 64 64 63 64 64 64 64 64 64 64 64 63 63 63 64
    63 64 64 64 64 64 64 64 64 63 63 62 62 62 63 64 65 65 65 65 65 65 65
    65 65 64 63 63 63 62 62 61 60 60 59 58 57 57 57 58 58 59 60 60 61 61
    62 62 63 64 65 66 66 67 66 65 64 63 63 63 64 64 66 67 68 69 69 69 69
    69 69 69 69 68 68 67 66 64 63 63 63 63 64 65 66 66 67 67 67 66 65 64
    63 62 61 60 60 59 59 59 59 59 59 60 60 60 60 60 60 60 60 60 61 61 61
    62 62 62 61 61 62 62 62 63 63 64 64 63 62 61 61 60 59 58 59 59 60 62
    64 66 68 69 70 70 70 70 70 70 69 69 69 69 68 67 66 64 63 62 62 62 63
    64 65 66 66 66 65 65 64 64 65 65 66 66 67 67 67 67 67 66 65 65 65 66
    67 68 68 68 68 68 67 67 67 67 67 67 67 67 67 66 65 64 63 61 61 61 62
    63 65 65 66 66 65 64 63 62 62 62 63 63 63 63 63 63 62 63 63 64 64 65
    65 65 66 65 65 65 65 65 65 65 65 65 65 65 65 65 65 65 65 65 64 64 63
    63 62 62 62 63 62 63 63 64 64 64 64 63 63 62 62 62 63 63 64 64 64 64
    64 64 64 64 64 63 63 63 63 64 64 63 62 61 60 59 58 58 58 59 59 60 60
    61 61 62 62 62 63 64 65 65 66 66 65 65 63 63 62 63 63 64 66 67 69 69
    70 71 71 71 70 70 69 68 68 67 65 64 63 63 63 63 64 65 65 66 66 66 66
    66 65 64 63 62 61 60 59 59 59 58 58 58 58 59 59 59 59 59 59 59 60 60
    60 61 61 61 61 61 61 61 61 62 62 63 63 64 64 63 62 61 61 60 59 59 59
    60 61 63 65 67 69 70 71 71 71 70 70 70 70 70 70 70 69 68 67 65 64 63
    63 63 64 65 67 68 68 68 67 67 66 66 66 66 66 67 67 68 68 67 67 66 66
    65 65 65 66 66 67 67 68 68 68 68 68 68 68 68 68 68 67 67 66 65 64 63
    63 63 63 65 66 66 67 66 65 65 64 63 63 63 63 63 63 63 63 63 63 63 63
    64 65 66 66 66 66 66 66 66 66 66 66 66 66 65 65 65 65 66 66 66 66 65
    65 64 63 62 62 62 61 62 61 62 62 63 63 64 64 63 63 62 62 62 62 63 63
    64 64 64 64 63 63 63 63 63 62 62 62 65 65 64 63 62 61 60 59 59 59 59
    60 60 60 61 61 61 62 62 63 64 65 65 66 66 65 64 63 62 62 62 63 64 66
    67 68 69 70 71 71 71 70 70 69 68 67 66 65 64 63 63 63 63 63 64 64 65
    65 65 66 65 65 64 63 62 61 60 60 59 59 58 58 58 58 59 58 59 58 58 58
    58 59 59 60 60 60 61 61 60 60 60 60 61 61 62 63 64 64 63 63 62 61 60
    60 59 60 60 62 64 66 68 70 71 72 71 71 70 70 70 70 71 71 71 70 69 68
    66 65 64 64 64 65 66 68 69 69 69 69 68 67 67 67 67 67 68 68 68 68 68
    68 67 66 65 64 64 64 65 66 66 67 68 68 68 68 68 68 69 68 68 68 67 66
    65 65 64 64 64 65 65 66 67 67 66 65 64 63 63 62 62 63 63 63 63 63 63
    63 64 64 65 66 67 67 67 67 67 66 66 66 66 66 66 66 66 66 65 65 66 66
    66 66 65 64 64 62 62 61 61 60 60 60 60 61 62 62 63 63 62 62 62 62 62
    62 62 63 63 63 63 63 63 63 63 63 63 62 62 62 65 65 65 64 62 61 61 60
    60 60 60 60 61 61 61 61 61 62 62 63 63 64 65 65 65 64 64 63 62 62 62
    63 64 66 67 68 69 70 70 71 71 70 70 69 68 67 66 65 64 63 63 62 62 63
    63 63 64 64 64 65 65 64 64 63 62 61 61 60 60 59 59 59 59 59 59 59 59
    59 58 58 58 59 59 59 60 60 60 60 60 60 60 60 61 61 62 63 64 64 64 63
    62 61 60 60 60 60 61 62 64 67 69 71 72 72 71 71 70 69 70 70 70 71 71
    71 70 68 67 66 64 64 64 65 66 67 69 69 69 69 68 68 67 67 67 67 68 68
    68 68 68 68 67 66 65 64 63 63 64 64 65 66 67 68 68 68 68 68 69 68 68
    68 67 67 66 65 64 64 64 65 66 66 66 66 66 65 64 63 63 62 63 63 63 63
    64 64 64 64 64 65 66 67 67 68 68 68 67 67 66 66 66 66 66 66 66 66 66
    66 66 66 66 66 65 65 64 63 62 61 60 60 59 59 59 60 61 62 62 63 62 63
    62 62 62 62 62 63 63 63 63 63 62 62 62 62 62 62 62 62 66 66 65 64 63
    62 61 60 61 61 61 61 61 61 61 61 61 61 61 62 63 64 65 65 66 65 64 63
    62 62 63 64 65 66 67 68 68 69 69 69 69 69 68 68 67 66 65 64 63 63 63
    62 62 62 62 62 62 63 63 64 64 64 64 63 62 62 61 61 60 60 60 60 60 60
    60 60 60 59 59 58 58 59 59 59 60 60 60 60 59 59 59 59 60 61 62 63 63
    64 64 63 62 62 61 60 60 61 61 63 65 67 69 71 71 71 71 70 69 68 68 69
    70 70 71 70 70 68 67 66 64 64 64 64 66 67 68 69 69 69 69 68 68 67 67
    67 68 68 68 68 68 68 67 66 65 64 63 63 63 63 64 66 66 67 68 68 68 68
    68 68 68 67 67 67 66 66 65 65 65 66 66 66 66 66 65 64 63 62 62 62 63
    63 63 63 64 64 64 65 65 66 66 67 68 68 68 68 68 67 67 66 66 66 66 66
    66 66 66 65 66 66 66 66 65 65 64 63 62 61 60 59 59 58 59 59 60 60 61
    62 62 62 62 62 62 62 62 62 62 62 62 62 62 62 62 62 62 62 63 63 66 66
    65 64 63 62 61 61 61 61 61 61 61 61 61 60 60 60 61 61 63 64 65 65 66
    65 64 63 63 63 63 64 65 66 66 67 67 68 68 68 68 67 67 66 65 64 64 63
    63 62 62 62 61 61 61 61 61 62 62 63 64 64 64 63 62 62 61 61 61 61 61
    61 61 61 61 61 61 60 59 59 59 59 59 59 60 59 59 59 59 59 59 59 60 61
    62 63 64 64 64 64 63 62 61 61 61 61 62 63 65 67 69 70 70 70 69 68 67
    67 67 68 69 69 70 70 69 68 67 65 64 63 63 63 64 66 67 68 68 69 68 67
    67 67 66 67 67 67 68 68 68 68 67 66 65 64 63 62 62 62 63 64 65 66 67
    67 68 67 68 67 67 67 67 66 65 65 64 65 65 65 65 66 65 65 64 63 63 62
    62 62 63 63 64 64 64 64 65 65 66 67 67 68 69 69 69 69 68 68 67 67 66
    66 66 66 66 66 66 65 66 66 66 66 65 65 64 64 63 62 60 59 58 58 58 58
    59 59 60 61 62 62 62 62 62 62 62 62 62 62 62 62 62 62 62 63 63 63 64
    63 66 66 65 64 62 61 61 61 61 61 62 61 61 61 60 60 59 60 60 61 62 63
    64 65 65 65 64 63 63 63 63 64 65 65 66 66 66 66 66 66 66 65 65 64 64
    63 63 63 62 62 62 62 61 60 60 60 60 61 62 63 63 64 64 63 62 62 62 61
    61 62 62 62 62 62 62 62 62 61 61 60 60 60 60 60 60 60 59 59 58 58 58
    58 59 60 62 63 64 64 65 64 64 63 62 62 61 62 62 63 65 66 68 69 69 68
    67 66 65 65 66 66 67 68 69 69 69 68 66 65 63 62 62 62 63 64 65 67 67
    67 67 66 66 66 66 66 67 67 68 68 68 68 67 66 65 64 63 62 62 62 62 63
    64 65 66 67 67 67 67 67 67 66 66 65 65 65 64 65 65 65 65 65 65 64 63
    63 62 62 62 62 63 63 64 64 64 65 65 65 66 67 68 68 69 69 69 69 68 68
    67 67 66 66 66 66 66 66 66 66 66 66 66 66 65 65 65 64 63 62 61 60 59
    58 58 58 58 59 60 61 61 62 62 63 63 63 62 62 62 62 62 62 62 63 63 63
    64 64 64 64 66 65 64 63 62 61 60 60 61 61 62 62 61 61 60 59 59 59 60
    61 62 63 64 65 65 65 64 64 64 64 64 65 65 65 65 65 65 64 64 64 64 63
    63 63 62 62 62 62 61 61 61 60 60 59 58 58 59 60 61 62 63 63 63 63 62
    62 61 61 61 62 62 63 63 63 63 63 63 62 62 61 61 61 61 61 61 60 60 59
    58 58 58 59 59 61 62 63 64 65 65 65 65 64 63 63 62 63 63 64 65 66 67
    67 67 66 66 64 64 64 64 65 66 67 68 68 67 67 65 64 62 61 61 61 61 63
    64 65 66 66 66 66 66 66 66 66 67 67 68 68 68 68 67 66 65 64 63 62 61
    61 61 62 63 64 65 66 66 66 66 66 66 65 65 64 64 64 63 64 64 65 65 65
    64 64 63 62 62 62 62 62 63 63 64 64 64 65 65 66 66 67 68 69 69 70 69
    69 69 68 68 67 67 66 67 67 67 67 67 67 67 67 66 66 66 66 65 65 64 64
    62 61 60 59 58 58 58 58 59 60 61 62 63 63 63 63 63 63 62 62 62 62 63
    63 63 64 64 65 65 65 66 66 64 63 62 61 60 61 61 61 62 62 61 61 60 59
    59 59 60 60 62 63 64 64 64 64 64 64 64 64 64 65 65 65 65 64 64 63 63
    63 63 62 62 62 61 61 61 62 61 62 61 61 60 59 59 58 58 59 61 62 63 63
    63 63 62 61 61 61 62 62 63 64 64 64 64 64 64 63 63 63 62 62 62 62 61
    61 60 60 59 59 59 59 60 61 62 63 64 65 66 65 65 65 64 64 63 63 63 64
    65 65 66 66 65 65 64 63 62 62 63 64 65 66 67 67 67 66 64 63 61 60 60
    60 61 62 63 64 64 65 65 65 65 65 66 66 67 68 68 68 68 67 66 65 64 63
    62 62 61 61 61 61 62 63 64 65 65 65 65 65 65 64 64 63 63 63 63 63 64
    64 65 65 64 64 63 63 63 62 63 63 63 64 64 64 64 64 65 65 66 67 67 68
    69 69 69 69 69 68 68 67 67 67 68 68 68 68 68 68 68 68 67 67 67 66 66
    66 65 64 63 62 61 59 58 58 58 58 59 60 61 62 63 64 64 64 64 63 63 62
    62 63 63 63 64 64 65 65 66 66 66 65 64 63 62 61 60 61 61 62 62 62 62
    61 60 60 59 60 60 61 62 62 63 63 63 63 63 63 63 63 64 64 64 64 64 63
    63 62 62 62 61 61 61 61 61 61 61 61 61 61 61 61 60 59 58 58 58 59 60
    61 63 63 63 63 62 61 61 61 62 63 63 64 65 65 65 65 65 64 64 63 63 63
    63 62 62 61 61 60 59 59 59 60 60 61 63 64 65 66 66 66 66 66 66 65 65
    65 64 64 65 65 65 65 64 63 63 62 62 62 63 64 65 66 66 66 66 65 64 63
    61 60 60 60 60 61 62 63 64 64 64 65 65 66 67 67 69 69 69 69 68 68 66
    65 64 63 62 61 61 60 60 61 61 62 63 64 64 64 64 64 63 63 62 62 62 62
    62 63 63 64 64 64 64 64 63 63 63 63 64 64 64 64 64 64 64 64 64 64 65
    66 67 68 69 69 69 69 69 69 68 68 68 68 69 69 69 70 70 69 69 69 68 68
    67 67 66 66 66 65 64 63 62 61 59 58 58 58 59 60 62 63 64 65 65 65 65
    64 63 63 63 63 64 64 65 65 66 66 67 67 67 66 65 64 62 61 61 61 62 62
    63 63 62 62 61 61 60 61 61 61 62 62 62 62 62 62 62 62 63 63 64 64 64
    64 64 63 63 62 62 62 62 61 61 61 61 61 62 62 62 62 62 61 60 59 59 58
    58 59 60 61 62 62 62 62 61 60 60 61 61 62 63 64 65 65 65 65 65 65 65
    64 64 64 63 63 63 63 62 61 61 60 60 60 61 62 63 64 65 66 67 67 67 67
    67 67 66 66 65 65 65 65 64 64 63 62 62 61 61 62 62 63 64 65 66 66 65
    65 64 63 61 60 60 60 61 61 62 63 63 64 64 65 65 66 67 68 70 70 70 70
    68 68 66 65 64 63 62 61 60 60 60 60 60 61 62 62 62 62 62 62 61 61 61
    61 60 61 61 62 63 64 64 64 65 64 64 64 65 65 65 65 65 65 65 64 64 64
    64 64 64 65 66 67 68 69 69 69 69 68 68 68 69 69 70 70 71 71 71 71 70
    70 69 69 68 68 67 67 66 66 65 64 63 62 61 60 59 59 60 61 62 64 65 66
    66 66 66 65 64 64 64 64 64 65 65 66 67 67 67 67 67 66 65 64 63 62 62
    62 62 63 63 63 63 62 62 62 61 61 62 61 62 62 62 62 62 61 61 62 62 63
    63 63 63 64 63 63 63 62 62 62 62 61 62 62 62 62 62 62 62 62 62 62 61
    60 59 59 59 60 61 61 62 62 62 61 61 60 60 60 61 62 63 64 65 65 65 66
    65 65 65 64 64 64 64 63 63 63 63 63 62 61 61 61 61 62 63 64 65 66 67
    68 68 68 68 68 68 67 66 66 66 65 64 63 63 62 61 61 61 62 62 63 64 65
    65 65 65 64 64 63 62 61 61 61 61 62 63 63 64 64 64 65 66 67 68 70 71
    71 71 70 69 68 66 65 63 62 61 60 60 59 60 60 60 60 61 61 61 61 61 60
    60 59 59 59 60 60 61 62 63 64 64 65 65 65 65 65 66 66 66 67 67 67 66
    65 64 64 63 63 63 64 65 66 67 68 68 68 68 68 68 69 69 70 71 71 71 72
    72 71 71 71 70 69 68 68 67 67 67 67 66 65 64 63 62 61 61 60 60 61 63
    64 66 67 67 67 66 65 64 64 64 64 64 65 66 67 67 68 68 69 67 66 65 64
    63 63 62 63 63 64 64 64 64 64 63 63 63 63 62 62 62 62 61 61 61 60 60
    61 61 62 62 63 63 63 63 63 63 63 63 63 63 62 62 62 62 62 63 63 63 63
    62 62 61 60 59 59 59 60 60 61 61 61 61 60 60 59 59 60 61 62 63 65 65
    66 66 66 66 66 65 64 64 64 64 64 64 64 64 64 63 63 62 62 62 62 63 64
    66 67 68 68 68 69 69 69 68 68 67 67 66 65 65 64 63 62 61 61 61 62 63
    63 64 64 64 64 64 64 63 63 62 61 62 61 62 62 63 64 64 65 65 66 67 68
    69 71 72 72 72 71 69 68 66 64 62 62 61 60 60 59 59 59 60 60 60 60 59
    59 58 58 58 57 57 58 59 60 61 62 63 64 64 65 66 66 66 67 67 68 68 68
    68 68 67 66 65 64 64 63 64 64 65 66 67 67 68 68 68 68 68 69 70 70 71
    72 72 72 72 72 71 71 70 70 69 68 68 68 67 67 67 66 66 65 64 63 62 61
    61 62 64 65 66 67 67 67 66 65 64 64 64 64 65 65 66 68 68 69 69 70 66
    66 65 64 64 63 63 63 63 64 64 65 65 65 64 64 64 63 63 63 62 62 61 61
    61 61 60 61 61 62 62 63 63 63 63 64 64 64 64 63 63 63 63 62 62 62 63
    63 63 63 63 62 62 61 60 60 60 60 61 61 61 61 61 60 60 59 59 60 61 62
    63 65 66 66 67 67 67 66 65 64 64 63 63 63 64 64 64 64 64 63 63 62 62
    62 63 64 65 66 67 68 68 69 69 69 69 69 68 68 67 66 65 64 63 62 62 61
    62 62 63 63 63 64 64 64 63 63 63 63 63 62 63 63 63 63 64 64 65 65 65
    66 67 69 70 71 72 72 72 71 69 68 65 64 62 61 60 60 60 59 60 59 60 60
    60 59 59 58 57 57 56 56 56 57 58 60 61 62 63 64 65 66 66 66 67 67 68
    68 69 69 69 69 68 67 66 65 64 63 63 64 64 65 66 67 67 68 68 68 68 69
    70 70 71 72 72 72 72 71 71 70 70 69 68 68 67 67 67 67 67 67 67 66 65
    64 63 62 62 62 64 64 66 67 67 67 66 65 64 64 64 64 65 66 67 69 70 70
    71 71 65 65 65 64 64 64 64 64 64 65 65 65 65 65 65 65 64 64 64 63 63
    62 62 61 61 61 61 61 61 62 62 63 63 64 64 64 65 65 65 64 64 63 63 63
    62 62 62 62 62 62 62 62 61 60 60 60 60 60 60 61 61 60 60 59 60 59 59
    60 61 62 63 65 66 67 67 67 67 66 65 64 63 63 62 63 63 64 64 65 64 64
    64 63 63 63 63 64 65 66 67 67 68 68 69 69 69 69 69 69 68 67 66 64 63
    62 62 61 62 62 63 63 63 63 63 63 62 62 62 63 62 62 63 63 64 64 65 65
    65 66 66 66 67 68 70 71 72 72 72 71 69 67 65 63 62 61 60 59 60 59 60
    59 60 59 59 59 58 57 56 55 54 54 55 56 57 59 61 62 64 65 65 66 67 67
    68 68 69 70 70 70 70 70 69 68 67 66 65 64 64 65 65 66 67 67 68 68 68
    68 68 69 70 70 71 71 71 71 71 70 70 70 69 69 68 68 68 68 67 68 68 68
    68 67 66 65 64 63 63 63 64 64 65 66 66 66 65 65 64 64 64 64 65 66 68
    69 71 71 72 72 64 64 64 64 64 64 64 65 65 65 65 66 66 66 66 66 65 65
    64 64 63 62 62 61 61 61 61 61 62 62 62 63 64 64 65 65 65 65 65 65 65
    64 63 62 62 62 62 62 62 62 62 61 61 60 60 60 60 60 60 61 61 60 61 60
    60 60 60 60 61 62 63 65 66 67 68 68 67 66 65 64 63 62 62 62 63 64 65
    65 65 65 65 64 64 63 64 64 65 65 66 67 67 68 68 68 69 69 69 69 68 67
    66 65 64 63 62 62 62 62 63 63 63 62 62 62 61 61 62 62 62 62 63 63 64
    64 65 65 65 66 66 66 67 68 69 70 71 71 71 70 68 66 64 63 61 61 60 60
    60 60 60 60 60 60 59 59 57 56 55 54 54 54 54 56 57 59 61 63 64 65 66
    67 67 68 69 69 70 70 71 71 70 70 69 68 67 66 65 65 65 65 65 66 67 67
    68 68 68 68 68 69 69 70 71 71 70 70 70 69 69 68 68 68 68 67 67 67 67
    68 68 68 68 68 67 66 65 64 63 63 64 64 65 65 65 65 65 64 64 64 64 64
    66 67 69 70 72 73 73 74 62 62 63 63 64 64 65 65 65 66 66 66 66 66 66
    66 65 65 64 64 63 63 63 62 62 62 62 62 62 63 63 64 64 64 65 65 66 66
    66 65 65 64 63 62 61 61 61 60 60 60 60 60 59 59 59 59 59 60 60 60 61
    61 61 61 61 61 61 61 61 62 63 65 66 67 68 68 68 66 65 63 62 61 61 61
    62 63 64 66 66 66 66 65 65 64 64 64 65 65 65 66 66 67 67 68 69 69 69
    69 69 68 67 65 65 63 63 63 63 63 63 63 63 62 61 61 61 60 61 61 62 62
    63 63 64 65 65 66 66 66 65 65 66 67 68 69 70 69 69 68 67 66 64 62 61
    61 60 60 61 61 61 61 61 61 60 59 58 57 55 54 53 54 54 55 57 59 61 63
    65 66 67 67 68 68 69 69 70 70 70 71 70 70 69 69 68 67 66 66 66 66 66
    67 67 67 68 68 68 68 68 68 69 69 70 70 69 69 68 67 67 67 67 67 67 67
    67 67 68 68 68 68 68 68 67 66 65 64 64 63 64 64 64 65 65 65 64 64 64
    64 64 65 66 68 69 71 72 73 74 75 61 61 62 63 64 65 66 66 66 66 66 66
    66 66 66 66 65 65 64 64 64 63 63 63 63 63 63 63 63 64 64 64 64 65 65
    65 66 66 66 65 65 64 63 62 61 60 60 59 59 59 59 59 58 59 58 59 59 60
    60 61 61 62 62 62 62 62 62 61 62 62 63 65 66 67 68 68 68 66 65 63 62
    61 61 61 62 63 65 66 66 67 67 66 66 65 65 65 65 65 65 65 66 66 67 67
    68 69 69 69 68 68 67 66 65 64 64 63 64 64 64 63 63 62 61 61 60 60 60
    61 61 61 62 63 63 64 65 65 65 65 65 64 65 65 66 67 67 67 67 67 65 65
    63 62 61 61 60 61 61 62 62 62 62 62 61 60 59 57 56 55 54 54 55 56 58
    60 62 63 65 66 67 67 68 68 69 69 70 70 70 71 70 70 69 69 68 67 66 66
    66 66 66 67 67 67 68 68 68 68 68 68 68 69 69 69 68 67 67 66 66 66 66
    66 66 67 67 67 67 68 68 68 68 68 67 66 65 64 64 63 64 64 64 64 64 64
    64 64 64 64 64 65 66 68 69 71 73 74 74 75 61 61 62 63 64 66 66 67 67
    67 67 66 66 66 66 65 65 64 64 64 63 63 63 63 63 64 63 64 64 64 64 65
    65 65 65 65 65 65 65 65 64 63 63 61 60 59 59 58 58 58 58 57 57 57 57
    58 59 60 61 62 62 63 64 64 64 64 63 63 63 63 63 65 66 67 67 67 67 65
    64 62 61 60 60 61 62 63 65 66 67 67 68 67 67 66 66 65 65 65 65 65 65
    66 66 67 68 68 68 69 68 68 67 66 66 65 65 65 65 65 65 65 64 63 62 61
    61 60 60 61 61 61 62 62 63 64 65 65 65 64 64 63 63 63 64 64 65 65 65
    65 64 64 63 62 61 61 61 62 63 63 64 64 64 63 63 61 60 59 57 56 55 55
    56 57 59 60 63 64 65 66 67 67 68 68 68 69 69 69 69 70 70 70 69 69 68
    67 66 66 66 66 66 67 67 67 67 67 68 67 68 68 68 68 68 68 67 66 65 65
    64 65 65 65 66 66 67 67 67 68 68 68 68 67 67 66 65 64 64 64 64 64 64
    65 64 64 64 64 64 64 64 65 66 67 69 70 72 73 74 74 61 62 63 64 66 67
    68 68 68 68 67 67 67 66 65 65 64 64 63 63 63 63 63 63 64 64 64 64 64
    64 64 65 64 65 65 64 65 65 65 65 64 64 63 61 60 59 59 58 57 57 57 57
    56 57 57 58 59 60 61 62 63 64 65 65 65 65 64 64 63 63 64 65 65 66 66
    66 66 65 63 62 61 60 60 61 62 64 65 67 67 68 68 68 68 67 67 66 66 65
    66 65 66 66 66 67 68 68 68 68 68 68 67 67 67 66 66 66 66 66 66 66 65
    64 63 62 62 61 61 61 61 61 61 62 63 64 64 65 64 64 63 62 62 62 62 62
    63 63 63 63 63 63 62 62 62 62 62 63 64 64 65 65 65 65 64 63 61 60 59
    58 57 57 57 59 60 62 64 65 66 66 67 67 67 67 67 67 68 68 68 69 69 69
    69 68 67 67 66 66 66 66 66 66 67 66 67 67 67 67 67 67 67 67 67 67 66
    66 65 64 64 64 65 65 66 67 67 67 67 67 67 67 67 66 66 65 65 64 64 64
    65 65 65 65 65 65 65 65 64 64 64 65 65 66 68 69 71 72 73 73 62 63 64
    65 67 68 68 69 68 68 67 67 67 66 65 65 64 63 62 62 62 63 63 63 64 64
    64 64 64 64 64 64 64 64 64 63 64 63 64 63 63 63 63 62 61 60 59 58 58
    57 57 57 57 57 58 59 60 61 63 64 65 66 67 67 67 67 66 65 64 64 64 65
    65 65 65 65 64 63 62 61 61 60 60 61 62 64 65 67 67 68 68 68 68 68 67
    67 67 66 66 66 66 66 67 67 68 68 68 68 68 67 67 67 67 67 67 67 67 67
    67 67 66 66 65 64 64 63 63 62 62 62 62 63 63 64 64 64 64 63 62 61 61
    60 61 61 61 62 62 63 63 63 63 63 63 63 64 64 65 66 67 67 67 66 65 64
    63 62 60 59 59 59 59 60 62 63 65 65 66 66 66 66 66 66 66 66 66 67 67
    68 69 69 69 68 67 66 65 65 65 65 65 66 66 66 66 66 66 66 66 66 66 67
    66 66 65 65 64 64 64 64 64 65 66 66 67 67 67 67 67 67 66 66 65 65 65
    65 65 65 65 66 66 66 66 65 65 64 64 64 64 64 64 65 67 68 70 71 72 72
    64 65 66 67 68 70 70 70 69 69 68 67 67 66 65 64 63 62 62 61 62 62 62
    63 63 64 63 64 64 64 64 64 64 63 63 63 63 63 63 63 63 63 63 62 62 61
    60 59 59 58 57 57 57 57 58 59 60 62 63 65 66 67 68 68 68 67 67 66 65
    65 65 65 64 65 64 64 63 62 62 61 61 61 61 62 63 64 65 67 67 68 68 68
    69 68 68 68 67 67 67 66 66 67 67 67 68 68 68 68 67 67 67 67 67 67 68
    68 68 68 68 68 67 67 67 66 66 65 64 64 63 63 63 63 63 64 64 64 64 63
    62 61 60 60 60 59 60 60 61 62 62 62 62 63 63 64 65 65 66 67 68 68 68
    67 66 65 64 63 61 61 60 60 61 62 63 64 66 66 66 66 66 65 65 65 65 65
    65 66 67 68 68 69 68 68 67 66 65 64 64 64 65 65 66 65 66 65 65 65 65
    65 66 66 66 66 65 65 64 64 64 64 65 65 66 67 67 67 67 67 67 66 66 65
    65 64 64 65 65 65 66 66 66 67 66 66 65 65 64 63 63 63 63 64 65 66 68
    69 70 70 66 67 68 69 70 71 71 70 70 69 68 67 67 66 65 64 63 61 61 60
    60 61 61 62 62 63 63 63 63 63 63 63 63 63 63 62 62 62 62 62 63 63 63
    63 62 62 61 61 60 59 59 59 59 59 59 61 62 63 65 66 67 68 69 69 69 68
    67 67 66 65 65 64 64 63 63 62 62 61 61 60 60 61 61 62 63 65 66 67 67
    68 68 68 68 68 68 68 67 67 66 66 66 67 67 67 68 68 67 67 67 67 67 67
    67 67 68 68 68 68 68 68 68 68 68 68 67 67 66 66 65 64 64 64 63 64 64
    64 63 63 62 61 61 60 60 59 60 60 61 61 62 62 63 63 64 64 65 66 67 68
    68 69 68 67 66 65 64 63 62 62 61 62 62 63 65 66 67 67 67 66 66 64 64
    63 63 63 64 65 66 67 68 68 68 67 66 65 64 63 63 63 63 64 64 64 65 65
    65 65 65 65 65 65 65 65 65 65 65 64 64 65 65 66 66 67 67 67 67 67 67
    66 66 65 65 64 64 64 65 65 66 67 67 67 67 66 66 65 64 63 63 62 62 63
    64 65 66 67 68 68 68 69 69 70 71 72 72 71 70 69 68 67 67 66 65 63 62
    60 59 59 59 60 60 61 62 62 62 62 62 63 63 63 63 63 63 62 62 62 62 62
    63 63 63 63 63 63 62 62 61 61 60 61 60 61 61 62 63 64 66 67 68 68 69
    69 69 68 68 67 66 66 65 64 63 63 62 61 61 60 60 60 61 61 62 63 64 65
    65 66 67 67 68 68 68 68 68 67 67 66 66 66 66 66 67 68 68 68 67 67 67
    67 67 66 67 67 68 68 68 68 68 69 69 69 69 69 69 68 68 67 67 66 65 65
    65 65 64 64 64 63 63 62 61 60 60 60 60 60 61 61 62 62 63 64 64 65 66
    67 67 68 68 68 68 67 66 65 64 63 62 62 62 62 63 64 65 66 67 67 67 66
    65 64 63 62 62 62 63 64 65 67 68 68 68 67 66 65 63 62 62 62 62 63 63
    64 64 64 64 64 64 64 64 65 65 65 65 65 65 65 65 66 66 67 67 67 67 67
    67 67 67 66 66 65 65 64 64 64 65 65 66 67 67 68 67 67 66 65 64 63 62
    62 62 62 63 64 65 66 66 67 71 71 72 72 72 73 72 71 70 69 68 68 67 66
    64 63 61 59 58 58 58 58 59 60 61 61 61 62 62 63 63 63 63 63 63 62 62
    62 62 62 62 63 63 63 64 63 63 63 63 63 63 63 63 63 63 64 65 66 67 67
    68 68 69 68 68 68 67 67 66 66 65 64 63 62 61 60 60 60 60 60 61 61 62
    63 64 65 65 66 67 67 68 68 68 68 67 67 66 65 65 65 65 66 67 68 68 68
    68 67 67 66 66 66 66 66 67 67 67 68 68 68 68 68 69 69 69 69 69 69 68
    67 66 66 65 65 64 64 63 63 63 62 62 61 61 61 61 61 61 61 62 62 63 63
    64 64 65 66 67 68 68 68 67 66 65 64 64 63 62 62 62 62 63 64 65 67 68
    68 67 66 65 64 62 62 61 61 62 64 65 66 67 68 68 67 65 64 62 61 61 61
    61 61 62 63 63 63 64 64 64 64 64 64 64 65 65 65 65 66 66 67 67 67 67
    67 67 67 67 67 67 67 66 66 65 65 64 64 65 65 66 66 67 67 67 67 66 66
    65 64 63 62 62 62 63 63 64 65 65 65 73 73 73 73 73 73 72 71 70 69 68
    67 67 65 64 62 60 58 57 57 57 57 58 59 60 61 61 61 62 62 63 63 63 63
    63 63 62 62 62 62 62 63 63 64 64 64 64 64 64 65 64 65 65 65 65 66 66
    67 67 68 68 68 68 68 67 67 67 67 66 65 64 63 62 61 60 60 59 59 60 60
    61 62 62 63 64 65 65 66 67 67 68 68 68 67 67 66 65 64 64 64 65 66 67
    68 68 68 68 67 66 66 66 65 66 66 66 67 67 67 67 67 67 68 68 68 69 69
    69 69 69 68 67 67 65 65 64 64 63 63 63 63 63 62 62 61 61 61 61 61 62
    62 62 63 63 64 65 65 66 67 67 67 66 66 64 64 63 62 62 61 62 62 62 63
    65 66 67 68 67 67 65 64 62 61 61 61 62 63 65 66 67 68 67 66 65 63 62
    60 60 59 59 60 61 62 63 63 63 63 63 63 63 64 63 64 64 65 66 67 67 68
    68 68 67 67 67 67 67 67 67 67 67 66 66 65 64 64 64 65 65 66 66 67 67
    67 67 66 65 64 63 62 62 62 62 63 63 64 64 64 74 75 75 74 74 73 73 71
    71 69 68 67 66 65 63 61 59 57 56 55 56 56 57 58 59 60 60 61 61 62 63
    63 64 64 64 63 62 62 62 62 62 63 63 63 64 64 64 65 66 66 67 68 67 68
    68 68 68 68 68 68 68 67 67 67 66 66 66 66 65 64 64 63 61 60 60 59 59
    59 60 61 61 62 62 63 64 65 65 67 67 68 68 68 68 67 66 65 64 63 63 64
    64 66 67 68 68 68 68 68 67 66 65 65 65 65 65 66 66 66 66 66 66 66 67
    67 68 68 68 69 68 68 67 67 66 65 64 63 63 63 63 63 63 63 63 63 62 62
    62 61 62 61 61 62 62 63 64 64 65 66 66 66 65 65 64 63 62 61 61 61 61
    61 62 63 65 66 67 68 67 67 65 64 63 62 61 61 62 63 65 66 67 67 67 65
    64 63 61 60 59 58 58 59 60 60 61 62 63 63 63 63 63 63 63 63 64 65 66
    68 68 69 69 68 68 67 67 67 67 67 68 68 68 67 67 66 65 65 64 64 65 65
    66 66 67 67 67 66 66 65 64 63 63 63 63 63 63 63 63 63 76 77 76 75 74
    73 73 71 70 69 68 67 66 64 62 60 57 55 54 54 55 55 57 58 59 60 60 61
    62 63 63 64 64 64 64 63 63 62 62 62 62 62 63 63 64 64 64 65 66 68 68
    70 70 70 70 70 69 68 69 68 68 67 66 66 65 65 64 64 64 63 62 61 60 59
    59 58 59 59 60 61 61 62 62 63 63 64 65 67 68 68 69 69 68 67 66 64 63
    62 62 63 64 66 67 68 69 69 68 68 67 66 65 64 65 64 65 65 65 65 65 64
    64 64 65 65 66 67 67 68 68 68 67 67 66 65 64 63 62 63 63 63 64 64 64
    63 63 63 62 61 61 61 61 61 61 61 62 63 64 65 66 66 65 64 63 62 62 61
    61 60 61 61 62 62 64 66 67 68 68 67 66 64 63 62 61 61 62 63 64 65 66
    66 66 65 63 62 60 59 58 57 57 57 58 59 60 61 63 63 63 63 63 62 62 63
    63 65 67 68 69 70 70 69 68 67 66 67 67 68 68 68 68 68 68 67 66 65 65
    64 64 65 65 65 66 66 67 66 66 65 65 64 64 64 64 63 63 63 63 63 77 78
    77 76 75 74 73 71 70 69 68 67 65 63 61 58 56 54 53 53 54 55 56 58 59
    60 60 61 62 63 63 64 64 64 64 64 63 62 62 62 62 62 63 63 63 63 64 65
    67 68 69 71 71 72 71 71 70 69 69 67 67 66 65 65 64 64 63 63 63 62 61
    60 59 59 58 58 59 60 61 62 62 62 63 63 63 64 65 67 68 69 69 69 68 67
    66 64 63 62 62 63 64 66 67 69 69 69 68 68 67 66 65 64 64 64 65 65 65
    64 64 63 63 63 63 64 65 65 66 66 66 67 66 66 65 64 63 62 62 62 62 63
    64 64 64 64 64 63 62 61 61 60 60 60 60 60 61 62 63 65 65 65 64 64 63
    62 62 61 61 60 60 60 61 62 63 65 66 67 67 67 66 65 63 62 62 62 62 63
    64 65 65 66 65 64 63 61 59 58 57 56 56 56 57 58 60 61 62 62 63 62 62
    62 61 62 63 65 67 69 70 71 70 69 68 67 66 67 67 68 68 69 69 68 68 67
    66 65 65 64 64 64 64 65 65 66 66 67 67 66 66 65 65 64 64 64 63 63 62
    63 78 78 77 76 75 74 73 71 70 69 68 67 65 63 60 58 55 53 52 52 53 54
    56 57 58 60 60 61 62 63 64 64 65 65 64 64 63 62 62 62 62 62 62 62 63
    63 64 65 67 69 70 73 73 73 72 72 71 69 69 67 67 66 65 64 63 63 62 62
    62 61 60 59 59 58 58 58 59 60 61 61 62 62 62 62 63 64 65 67 68 69 70
    69 68 67 65 64 62 62 62 63 64 66 68 69 70 70 69 68 67 65 65 64 64 64
    64 64 64 64 63 62 62 62 62 63 63 64 65 66 66 66 66 66 65 64 63 62 61
    61 62 62 64 64 65 65 64 63 62 61 61 60 59 59 59 60 61 62 63 64 65 66
    65 64 63 62 62 61 61 60 60 60 61 62 64 65 66 67 67 67 66 65 63 62 62
    62 62 63 64 65 65 65 65 64 62 61 59 58 56 56 55 55 56 57 59 60 62 62
    63 62 62 61 60 61 62 64 67 69 70 71 71 69 68 67 66 66 67 68 69 69 70
    69 69 68 67 66 65 64 64 64 64 64 65 65 66 66 67 66 66 66 65 65 65 64
    64 63 62 63 79 79 78 77 75 74 73 71 70 69 68 66 65 63 60 57 55 53 52
    52 53 54 56 58 59 60 61 61 62 63 64 64 65 65 64 64 63 62 62 62 62 62
    63 62 63 63 64 65 67 69 70 73 73 73 72 72 71 69 69 67 67 65 65 64 63
    63 62 62 62 61 60 59 58 58 58 58 59 60 61 62 62 63 63 63 63 64 65 67
    68 69 70 69 68 67 65 64 62 62 62 63 64 66 68 69 70 70 69 68 67 66 65
    64 64 64 65 64 64 64 63 62 62 61 62 62 63 64 64 65 65 66 66 66 65 64
    64 62 62 62 62 63 64 64 64 64 64 63 62 61 60 60 59 59 59 59 61 62 63
    64 65 65 64 64 63 62 62 61 61 60 60 60 61 62 63 65 66 67 67 67 66 65
    64 62 62 62 62 63 64 64 65 65 64 63 62 61 59 58 56 56 55 55 56 57 59
    60 62 62 63 62 61 61 60 61 62 65 67 69 71 72 71 70 68 67 66 66 67 68
    68 69 70 69 69 68 67 66 65 64 64 64 64 64 65 65 66 66 67 66 66 66 65
    65 65 64 64 63 63 63</data></my_img>
<your_img type_id="opencv-matrix">
  <rows>256</rows>
  <cols>256</cols>
  <dt>u</dt>
  <data>
    68 68 67 66 63 58 54 54 57 61 64 65 61 53 46 43 43 46 49 51 54 60 65
    68 66 65 64 65 67 70 71 71 69 67 67 69 73 76 77 75 70 65 61 58 55 54
    55 60 66 71 73 73 73 74 75 75 77 77 77 75 73 70 65 61 57 56 56 54 51
    51 53 57 61 65 67 69 71 74 76 76 72 65 61 59 59 58 59 62 63 61 59 57
    56 56 57 59 62 66 69 67 63 60 61 66 71 75 76 73 68 64 60 58 56 54 52
    51 52 53 56 61 68 74 76 76 72 66 61 58 57 58 56 53 52 55 61 65 65 62
    60 58 59 60 61 60 61 63 66 69 71 71 68 66 64 62 59 56 57 59 60 63 67
    72 76 76 72 68 63 59 55 49 43 42 47 56 63 65 64 60 55 49 47 50 55 61
    65 63 58 54 52 53 54 56 58 60 64 68 70 71 70 68 65 64 64 66 66 66 63
    59 55 55 58 63 68 71 71 69 70 73 75 72 67 63 64 69 75 76 72 67 64 64
    70 76 82 85 85 83 79 76 73 71 69 67 64 61 61 61 60 58 59 61 66 69 69
    67 64 63 67 67 67 65 62 57 53 53 57 61 64 66 62 55 48 45 45 48 52 54
    56 61 66 68 67 66 65 65 67 69 70 70 69 67 67 69 73 76 77 75 71 65 62
    60 57 55 56 60 66 71 74 74 73 73 72 73 74 75 75 73 71 69 65 61 57 56
    56 55 53 52 54 58 62 65 67 68 70 73 75 75 71 65 60 59 58 58 59 62 63
    61 60 58 57 56 58 60 63 67 69 67 63 59 61 66 72 76 76 73 68 63 59 57
    56 54 53 53 54 55 57 62 68 73 75 75 71 66 61 58 58 59 57 54 54 57 62
    66 66 64 62 60 59 60 60 60 60 63 65 69 71 71 69 67 66 64 61 58 58 59
    60 62 67 72 76 76 73 68 63 59 55 49 44 43 49 57 63 65 64 61 56 51 49
    52 57 62 66 64 60 56 54 55 56 57 59 61 64 68 70 71 70 69 66 64 65 66
    66 65 63 59 57 57 60 64 68 70 69 68 69 72 73 71 66 62 63 68 73 75 72
    67 63 63 68 75 80 83 83 81 78 76 73 70 68 66 62 60 60 60 59 58 58 61
    66 69 69 66 63 62 66 66 65 64 60 56 51 52 55 60 64 66 64 58 53 50 51
    54 58 60 61 64 68 69 69 67 66 65 65 65 67 69 69 68 67 68 72 76 78 77
    72 66 63 61 60 58 58 60 65 71 74 74 72 70 67 67 69 70 71 69 68 67 64
    61 58 57 58 59 58 57 57 59 62 64 65 66 67 70 72 73 69 64 59 57 57 57
    59 62 63 62 62 60 59 58 59 62 65 69 69 66 61 59 61 67 73 77 76 72 67
    62 58 56 55 54 55 57 58 59 60 64 69 74 74 73 69 65 61 58 58 59 58 57
    57 61 65 67 68 67 65 63 62 61 61 60 61 63 66 68 70 71 70 70 70 69 66
    63 62 61 60 62 67 72 75 75 72 67 62 58 55 50 46 47 52 60 64 65 63 60
    56 52 51 55 60 65 68 67 64 60 59 59 59 60 62 63 64 67 69 70 70 68 66
    65 65 65 64 63 62 60 60 61 64 65 66 66 66 65 67 69 70 67 63 59 60 65
    71 73 70 66 62 61 65 70 75 77 78 78 76 74 71 68 65 63 60 58 57 57 57
    56 57 60 64 67 66 63 60 58 64 65 65 63 60 54 50 51 55 59 63 66 65 63
    60 59 59 61 63 65 65 65 67 68 68 66 65 63 62 62 63 67 69 69 66 65 69
    73 76 75 71 66 63 62 62 60 59 59 64 69 73 74 71 66 62 61 63 65 66 64
    63 62 62 60 57 57 59 61 62 61 60 61 62 63 63 62 63 67 70 71 68 63 60
    58 58 58 59 61 62 62 63 62 61 60 60 63 67 70 69 66 62 60 62 68 74 77
    75 71 64 59 56 54 54 55 58 61 63 62 62 65 70 73 73 70 67 63 60 58 58
    59 59 59 61 64 67 69 69 69 68 66 64 63 63 63 64 66 67 68 69 69 70 71
    73 73 71 68 66 63 61 62 66 70 72 72 69 65 61 58 56 53 51 52 57 62 65
    64 61 58 56 53 53 57 62 66 69 70 68 66 64 63 63 63 64 64 64 66 67 68
    69 68 65 64 64 64 62 61 61 62 63 64 65 64 62 60 59 60 63 66 66 64 60
    57 58 62 67 70 68 64 60 60 62 66 69 71 72 74 74 73 69 66 63 60 57 54
    53 53 53 53 54 57 60 63 61 58 55 54 65 65 66 65 61 55 51 51 54 59 63
    66 67 68 68 68 66 65 64 64 64 63 64 65 65 64 63 61 59 59 61 65 68 68
    64 62 64 68 71 71 68 65 63 63 63 61 59 59 62 66 70 71 69 64 59 58 60
    62 61 60 58 58 58 57 55 55 57 61 63 63 63 63 63 63 61 60 61 65 69 70
    67 63 61 61 61 61 61 61 61 61 62 63 63 61 62 63 67 70 70 67 63 62 63
    67 73 75 74 69 63 58 56 55 56 58 62 66 66 64 62 64 68 71 71 69 65 62
    60 58 59 60 61 61 63 65 67 68 68 69 69 67 65 65 65 65 67 68 69 68 67
    67 67 70 73 75 75 73 70 66 63 64 66 67 67 67 66 63 61 60 59 58 57 58
    60 64 65 62 59 57 56 54 54 57 61 66 69 71 71 69 66 65 64 64 64 63 63
    65 66 68 68 66 64 62 63 62 60 60 61 62 63 63 63 61 57 54 52 54 58 61
    64 63 60 57 57 61 64 66 65 63 60 60 61 62 63 65 68 70 72 72 69 66 62
    58 54 51 50 51 52 52 53 54 57 58 57 54 52 51 66 66 67 66 63 58 53 52
    56 61 65 67 70 74 75 74 70 65 61 60 60 60 61 62 63 62 61 60 59 58 61
    65 67 66 62 59 60 62 64 64 63 63 64 64 63 62 60 59 61 63 66 67 66 62
    59 58 60 61 60 57 55 54 54 54 53 53 55 59 62 64 64 65 66 65 63 62 62
    64 67 67 64 61 61 63 65 66 64 62 60 60 61 63 64 63 62 63 66 70 71 69
    67 64 64 66 70 73 72 68 63 60 60 60 60 62 65 68 66 63 61 62 65 69 70
    68 64 61 60 59 61 63 64 64 64 65 66 65 65 66 67 66 66 66 66 66 67 69
    69 68 66 64 63 65 68 71 73 74 72 69 66 66 66 64 63 62 63 63 63 64 65
    64 62 61 62 63 63 61 58 57 57 57 56 57 61 65 68 71 71 70 67 65 63 62
    62 61 62 64 67 67 66 64 61 60 60 60 59 59 60 60 60 60 60 58 54 50 47
    49 53 58 62 63 61 58 57 60 63 65 65 63 62 62 61 61 61 63 65 68 71 72
    71 68 64 59 54 51 50 52 54 54 54 54 56 57 55 52 50 50 66 66 67 66 64
    59 55 54 59 64 69 72 75 77 78 76 70 63 58 57 58 59 60 62 63 62 61 61
    60 59 61 64 66 65 62 59 58 58 58 57 58 61 65 66 65 62 59 59 60 62 63
    64 64 62 61 62 63 63 61 58 54 52 51 51 52 53 55 58 62 64 66 68 69 69
    67 66 65 65 65 63 60 59 60 64 68 69 67 63 59 59 62 64 65 64 62 62 65
    69 72 71 69 66 65 66 69 71 70 67 64 64 66 67 66 66 67 67 65 61 59 60
    63 66 67 66 63 60 59 59 62 65 66 67 67 66 64 62 62 64 65 66 66 66 64
    63 64 67 69 69 66 63 61 61 62 64 68 70 70 69 68 67 65 63 61 61 63 65
    67 69 71 70 67 64 62 61 61 60 59 59 61 61 60 60 62 64 66 68 70 70 68
    65 62 60 59 59 61 64 66 66 64 61 58 58 59 59 58 58 58 58 57 57 57 56
    52 48 45 47 52 58 63 64 63 60 58 60 63 65 66 65 64 63 61 60 60 62 65
    67 70 73 74 71 67 62 57 53 53 55 57 57 56 56 57 57 55 53 50 49 64 64
    64 64 62 59 56 57 62 69 74 76 77 78 77 74 68 62 57 56 58 61 63 65 65
    64 63 63 62 62 63 65 66 65 64 62 60 58 55 53 54 60 66 68 67 62 58 57
    59 60 61 61 62 62 63 66 67 66 64 60 56 52 50 51 53 55 57 59 61 63 66
    69 70 71 70 69 67 64 61 58 55 54 57 63 68 70 68 63 60 60 64 67 68 66
    62 61 63 67 70 70 69 67 65 66 69 70 69 67 65 67 70 71 70 68 67 66 64
    61 59 60 61 63 65 65 63 60 57 57 59 63 67 69 68 66 63 59 59 62 65 67
    66 64 61 58 59 62 67 69 68 65 61 59 57 58 61 63 64 65 66 67 65 64 62
    62 64 67 70 73 75 74 72 67 64 61 60 60 60 62 64 65 65 64 64 64 64 65
    68 70 69 65 61 58 57 58 60 63 65 64 61 58 58 59 60 60 59 59 58 56 55
    54 55 55 52 48 46 49 54 60 64 66 65 62 61 63 65 68 69 68 65 62 60 59
    60 62 64 66 69 73 74 73 69 65 60 57 56 58 60 60 59 58 58 58 57 54 51
    50 61 61 60 60 59 58 57 60 66 73 78 80 79 76 74 70 67 62 59 59 61 63
    66 68 67 66 65 66 66 65 66 68 68 68 67 66 64 60 56 53 54 60 67 70 69
    63 58 56 57 59 60 60 60 61 64 67 68 67 64 61 57 53 51 52 55 58 59 59
    61 63 66 69 70 70 71 70 68 64 59 54 50 50 54 60 65 68 66 61 59 61 66
    71 73 70 65 60 60 62 65 66 66 66 67 69 71 72 70 68 67 68 70 72 71 68
    66 65 63 62 60 59 59 60 63 64 62 59 55 54 55 60 65 69 69 66 61 58 59
    62 65 67 65 62 57 53 54 59 65 69 70 68 64 60 56 55 57 58 59 61 64 65
    65 64 64 63 64 66 69 72 74 75 74 71 68 65 62 61 61 63 66 69 70 68 66
    64 63 63 67 70 69 66 62 59 59 59 60 62 64 62 60 59 60 63 65 65 63 61
    58 55 53 53 53 54 53 52 51 54 59 64 67 68 67 66 65 66 68 70 70 68 64
    60 58 57 58 61 63 65 69 71 73 72 69 67 62 59 58 59 62 62 61 60 60 60
    58 56 54 52 60 59 59 58 58 57 59 63 70 76 80 80 78 74 71 68 66 64 62
    61 62 64 67 69 68 68 68 70 70 70 71 72 72 71 71 69 67 63 59 57 57 62
    68 71 70 64 59 57 57 59 60 59 58 59 61 64 65 64 62 60 56 53 52 54 58
    60 60 59 61 64 67 69 68 67 67 67 66 63 59 53 49 48 52 57 62 64 63 59
    58 61 68 74 77 74 68 61 58 58 60 62 64 66 69 70 72 72 71 70 69 69 69
    69 68 67 65 64 63 62 60 58 57 59 62 64 64 60 56 53 52 56 62 67 69 66
    61 58 60 63 65 65 63 59 54 51 52 58 64 69 71 70 66 62 58 57 58 58 57
    59 62 64 65 65 65 64 63 63 65 68 70 72 73 72 70 68 65 63 62 64 67 71
    72 70 68 64 62 63 66 69 69 66 64 62 61 60 60 61 62 62 61 62 64 67 69
    68 66 63 59 56 54 52 53 55 57 58 59 61 65 68 69 69 68 67 66 67 69 69
    69 66 62 58 55 54 55 59 62 66 68 69 69 68 66 65 62 59 58 59 62 63 63
    62 61 61 61 60 59 58 61 61 60 59 58 58 60 65 71 77 79 79 76 72 69 67
    66 65 64 62 62 63 66 67 68 68 70 72 73 74 75 76 75 73 71 68 66 64 63
    61 61 63 67 70 69 65 62 60 59 61 61 61 59 58 59 60 61 60 59 57 55 54
    54 56 60 61 60 59 61 65 69 69 67 64 63 64 64 63 61 56 53 51 53 57 60
    62 61 59 58 62 69 76 79 76 69 61 56 55 57 60 64 67 70 71 71 71 71 72
    71 69 67 65 65 64 64 63 63 62 60 58 57 59 62 65 65 62 57 53 52 53 58
    63 65 64 61 60 61 62 63 64 62 59 54 52 54 58 64 69 71 71 67 64 61 61
    61 60 58 60 62 65 66 67 67 64 62 62 63 65 66 67 69 69 70 69 68 66 64
    65 67 70 72 71 69 65 64 64 65 67 68 67 66 65 64 62 61 61 62 64 64 66
    68 69 70 68 66 64 61 58 56 55 56 59 63 65 66 68 71 72 71 70 68 67 66
    67 67 66 64 61 58 55 52 51 52 57 63 67 68 66 64 62 62 62 60 58 57 59
    61 63 63 63 62 63 64 64 63 62 65 65 63 62 60 59 60 63 68 73 75 75 73
    70 68 67 66 65 64 62 61 62 64 65 66 66 69 72 73 73 74 75 73 69 66 63
    63 63 65 65 64 63 65 68 67 66 63 62 62 63 64 63 62 60 60 59 59 58 57
    56 55 55 56 59 62 61 59 58 61 67 71 72 68 64 62 62 62 63 63 61 58 57
    57 58 60 61 61 60 60 64 69 75 78 75 68 61 56 54 56 59 63 67 69 69 68
    68 71 73 73 71 66 64 64 64 63 62 62 62 61 59 58 60 62 65 66 63 59 55
    52 52 55 59 62 62 62 61 61 60 60 62 63 61 58 56 57 60 65 69 72 72 69
    65 64 64 64 62 61 62 64 66 67 68 67 65 64 64 65 65 65 64 65 66 68 70
    70 69 66 65 66 69 70 70 68 66 65 65 65 65 65 66 66 66 66 64 62 61 64
    66 68 70 70 70 69 66 64 63 63 62 60 59 61 65 69 71 71 73 74 74 73 70
    68 67 67 67 66 63 60 56 53 51 50 50 53 58 64 69 68 65 61 59 59 59 59
    58 58 59 61 62 62 61 60 63 65 66 65 64 69 69 67 65 62 60 60 61 63 66
    68 69 69 69 68 67 65 63 62 60 60 61 63 64 64 64 66 69 70 70 70 70 67
    63 59 58 59 62 66 66 64 62 62 64 65 65 64 64 64 66 67 67 66 65 64 63
    61 60 58 58 58 59 59 61 62 60 57 57 61 68 73 74 71 66 63 61 61 62 63
    63 62 60 59 59 59 60 61 61 62 65 68 72 74 72 67 61 58 56 57 60 64 68
    69 67 64 65 68 73 74 72 69 67 67 66 64 62 61 61 61 60 61 62 64 67 68
    66 61 57 53 52 54 58 61 63 64 63 60 57 56 60 63 64 63 62 62 63 66 69
    73 74 70 67 65 65 65 64 65 66 68 68 68 68 68 67 67 68 70 70 67 65 64
    65 67 70 72 72 69 67 66 67 68 67 66 65 65 65 64 63 62 62 64 65 65 64
    63 63 66 70 72 73 72 70 68 65 63 63 64 65 65 65 67 70 73 74 74 76 77
    76 73 70 69 68 69 69 67 63 58 54 51 50 51 53 56 61 67 70 69 64 60 57
    57 58 59 59 59 60 61 61 59 58 58 61 64 66 66 65 72 71 69 66 64 62 61
    60 59 60 62 64 66 68 69 68 65 62 60 59 60 61 63 63 62 62 64 66 68 68
    67 65 60 57 55 56 60 64 68 68 65 61 60 62 63 63 63 64 66 68 70 70 69
    69 69 67 64 62 61 60 60 61 61 61 61 58 57 58 62 68 73 75 72 68 65 62
    60 61 63 64 64 62 60 60 60 61 61 61 63 64 67 69 69 69 66 62 59 57 57
    60 64 68 68 65 62 62 65 70 73 73 71 70 70 70 66 62 60 60 61 62 64 66
    68 71 72 70 65 60 56 55 57 60 64 67 67 64 58 53 53 58 63 66 67 67 67
    66 67 69 72 74 71 67 65 64 64 65 66 68 70 69 68 68 68 69 70 73 74 73
    70 67 64 65 67 71 74 74 72 68 66 65 65 63 61 62 64 64 63 60 59 59 61
    63 65 66 66 67 70 73 75 75 73 71 68 66 64 63 65 67 68 69 71 73 75 76
    76 77 78 76 74 71 70 70 72 72 69 64 58 54 51 51 53 57 61 64 68 69 68
    64 60 58 58 60 61 62 61 61 60 59 56 54 55 59 63 66 67 68 73 72 69 66
    64 63 62 59 57 56 57 60 64 68 70 69 65 61 58 59 60 61 63 63 62 62 64
    68 69 69 66 62 57 55 56 59 64 68 70 69 65 61 59 60 61 60 61 62 66 68
    70 71 70 71 70 67 64 62 61 60 60 60 60 60 59 59 59 61 64 68 71 72 71
    69 66 63 61 61 63 64 64 64 62 61 60 60 60 60 62 64 66 66 65 65 64 62
    61 58 57 59 64 67 67 63 59 59 62 67 71 72 71 72 72 72 68 63 61 61 63
    64 66 69 72 76 77 74 69 64 61 59 61 65 69 71 70 64 57 53 54 59 64 67
    69 70 70 68 66 67 69 71 69 66 62 61 61 63 67 70 71 71 69 68 69 69 70
    72 73 72 69 66 63 63 66 70 74 75 73 69 66 64 61 58 57 59 62 64 63 60
    58 58 59 62 65 68 69 70 72 74 75 75 73 71 69 67 65 63 64 67 69 69 71
    73 75 75 75 76 77 76 74 71 71 72 74 74 71 66 60 55 52 52 55 59 62 64
    66 67 67 64 61 59 60 63 64 63 62 60 57 55 52 52 53 58 62 67 70 71 75
    73 69 66 64 63 63 60 58 55 56 58 63 68 71 69 65 61 58 59 60 61 61 62
    63 64 68 72 73 72 68 61 56 55 59 64 69 71 70 68 65 61 59 60 59 58 57
    59 61 64 67 68 69 69 68 65 61 59 58 58 58 57 56 56 57 60 63 65 66 67
    68 68 68 67 66 65 63 63 63 63 64 64 63 61 59 57 56 57 61 65 67 66 64
    63 63 63 61 58 57 59 63 66 64 60 58 58 62 65 68 69 69 70 71 71 69 66
    63 63 63 64 66 69 74 78 80 78 73 69 66 65 65 68 71 72 70 64 59 57 59
    63 66 67 69 71 71 68 65 63 64 66 66 64 60 57 57 60 65 69 72 73 71 68
    67 66 67 68 68 67 65 63 60 60 62 67 71 74 73 69 65 62 58 55 55 58 63
    66 67 65 62 60 60 63 67 70 71 71 71 72 72 72 72 71 70 69 67 64 63 64
    65 65 66 69 71 73 73 74 74 73 72 70 71 73 76 76 72 67 61 57 54 53 56
    58 60 61 62 64 65 64 62 61 62 64 65 64 61 57 54 51 49 50 53 58 63 68
    72 73 74 73 68 65 64 64 64 63 60 57 56 58 63 68 70 69 65 60 58 58 59
    59 59 61 63 67 71 75 76 74 69 62 57 57 61 68 72 72 70 68 65 61 59 60
    59 56 54 53 55 58 61 64 66 67 65 62 59 57 57 57 57 55 54 54 56 61 65
    67 67 66 64 63 63 64 65 66 66 65 63 62 62 62 61 58 55 53 52 54 60 66
    69 68 65 64 64 64 62 59 58 60 64 66 63 60 59 60 62 65 66 65 65 66 68
    69 69 67 65 63 63 63 64 67 72 76 79 78 75 72 69 68 68 69 70 70 66 63
    61 62 65 68 67 67 69 70 70 68 64 61 60 63 64 62 59 56 55 58 63 68 72
    74 71 67 63 62 62 63 63 63 62 60 58 57 59 64 69 72 72 68 64 61 57 55
    56 60 65 69 71 69 66 63 62 63 67 70 72 71 70 68 68 68 69 70 71 71 68
    65 62 60 59 58 59 62 65 68 70 71 71 70 69 68 71 74 76 76 72 67 62 59
    57 56 57 58 57 57 58 60 63 63 62 61 61 63 65 64 61 56 52 48 47 49 53
    58 63 67 71 72 73 71 67 65 65 66 68 67 63 60 58 59 63 68 70 69 64 60
    57 56 57 57 57 59 61 65 69 73 73 72 68 62 58 57 62 68 72 73 71 68 64
    61 59 60 58 55 52 49 49 52 56 61 65 66 66 64 62 60 60 60 59 57 56 55
    57 62 66 67 67 65 63 60 59 60 63 66 68 67 64 60 59 59 57 54 52 49 49
    53 60 68 72 71 68 68 67 65 63 61 61 63 67 67 65 63 62 63 65 66 65 62
    61 62 64 68 69 69 67 64 63 62 62 64 67 71 74 74 72 71 71 71 70 69 68
    65 62 62 64 68 70 70 68 66 67 69 70 68 64 60 59 61 63 63 61 57 56 58
    62 67 71 73 70 65 62 61 62 63 63 62 62 61 59 58 58 62 68 70 70 67 63
    60 58 57 59 64 69 73 74 72 68 63 60 61 65 69 70 70 68 65 63 64 66 69
    71 72 70 66 61 57 54 53 54 57 60 63 65 66 66 66 66 67 70 73 75 74 70
    66 63 61 61 60 60 59 56 55 56 58 60 61 60 59 60 62 64 65 62 58 52 48
    46 49 53 58 61 65 68 69 70 68 66 66 67 69 70 68 65 63 62 62 65 69 70
    69 65 60 56 54 55 55 56 57 58 60 64 66 67 67 65 62 59 58 60 66 71 73
    72 68 64 60 59 60 59 56 52 48 47 49 54 59 64 67 69 68 67 65 65 65 64
    63 61 60 61 63 66 67 67 65 62 58 55 56 60 65 69 69 64 60 57 56 55 53
    51 49 49 54 62 71 75 75 74 73 70 67 64 62 63 66 68 68 66 64 64 65 67
    66 64 61 58 59 62 67 70 70 68 66 65 64 62 61 62 65 67 68 68 70 72 73
    72 70 67 64 61 62 67 71 72 70 67 64 65 67 68 67 65 62 60 62 64 64 63
    61 59 60 62 65 69 71 69 65 63 63 65 66 65 64 64 64 62 59 58 61 66 68
    68 64 60 58 58 60 63 68 73 76 76 73 66 60 57 58 62 67 69 68 66 63 60
    61 64 68 70 71 70 67 62 58 54 54 54 56 58 60 61 62 63 64 65 68 70 72
    71 70 67 65 64 64 64 62 60 58 56 55 56 58 59 59 58 58 59 61 64 66 65
    60 53 48 47 49 54 58 61 64 66 67 65 65 64 66 69 71 70 68 65 64 64 65
    67 70 71 70 66 61 56 53 53 54 55 56 56 56 59 60 61 63 63 62 59 58 59
    64 69 72 72 68 64 60 60 62 62 59 54 50 48 50 54 58 63 67 70 71 70 69
    68 69 69 68 66 65 64 65 67 68 67 65 62 56 53 53 58 64 68 68 65 60 57
    56 55 54 53 52 52 56 64 72 77 78 78 77 73 68 65 65 67 68 68 66 63 63
    64 65 66 66 63 59 56 56 60 65 69 69 68 68 67 66 62 59 57 58 60 61 65
    69 73 74 73 70 68 66 64 66 69 72 72 69 65 63 64 66 67 67 65 64 63 64
    65 66 65 64 62 62 62 63 67 69 68 66 65 67 69 69 67 66 67 66 64 60 58
    60 64 67 66 62 58 56 57 60 65 69 74 76 75 71 64 57 54 55 61 65 67 66
    63 60 58 59 62 66 68 69 68 66 64 61 60 60 61 62 61 60 59 59 60 62 65
    68 68 68 67 65 65 66 67 67 65 61 57 54 55 57 59 60 60 59 58 59 60 62
    65 68 67 62 55 50 49 51 56 61 64 66 68 70 60 60 61 64 68 70 69 66 64
    64 66 67 68 71 72 71 67 62 57 53 52 54 56 56 55 55 56 58 60 61 62 61
    59 58 59 63 68 71 71 68 64 62 63 66 66 63 57 52 50 52 54 57 61 65 69
    70 70 69 70 71 71 71 70 68 67 67 68 69 67 64 58 53 50 51 55 61 65 66
    64 61 59 58 57 57 58 57 56 59 65 72 76 78 78 77 73 69 67 68 69 69 67
    63 60 59 61 64 66 65 62 58 55 54 58 63 66 67 67 68 68 66 62 56 52 51
    53 56 62 68 73 74 72 70 69 69 68 69 70 71 69 66 64 63 64 66 68 67 67
    66 66 65 66 66 65 64 62 61 60 61 63 65 66 65 67 69 70 69 67 66 67 67
    65 61 58 59 63 66 65 61 57 56 58 61 66 70 73 75 73 69 63 57 54 56 61
    65 66 64 61 58 57 58 61 63 65 65 64 64 64 65 67 69 71 70 68 64 61 60
    60 62 65 66 65 63 62 62 64 68 70 70 65 58 52 50 52 57 60 62 63 62 62
    62 62 63 66 69 68 64 57 53 52 56 61 65 67 69 71 72 57 57 58 61 65 68
    68 66 64 64 66 67 69 71 72 71 69 64 59 55 53 54 56 56 55 56 57 60 61
    62 61 59 57 57 60 65 69 71 71 68 65 64 66 70 70 65 58 53 52 52 53 54
    57 62 65 67 67 67 70 72 73 73 72 70 69 69 69 69 66 61 54 49 48 50 54
    59 62 64 64 63 61 60 60 62 62 61 61 62 66 70 72 74 74 74 72 69 68 69
    70 69 66 61 58 56 58 61 64 64 61 58 55 55 57 60 62 64 65 67 67 65 60
    53 47 45 47 52 59 67 72 72 70 68 69 71 71 70 70 68 66 63 62 63 65 68
    69 69 68 67 66 66 66 66 64 63 62 61 60 60 62 63 64 66 69 71 71 69 66
    65 66 66 64 61 60 61 64 65 64 60 57 57 60 63 66 70 72 72 70 67 63 58
    57 59 65 68 67 65 62 59 58 59 60 61 61 60 59 59 61 65 70 75 77 77 74
    70 66 63 62 64 65 64 62 59 58 60 65 69 71 69 63 56 49 47 50 56 61 63
    66 66 66 64 64 64 66 68 68 65 59 56 57 61 65 68 69 70 72 73 57 58 58
    60 64 68 70 69 67 65 65 66 68 70 71 71 69 66 61 58 56 56 55 54 55 57
    59 62 63 62 60 56 54 54 59 65 70 71 70 67 65 66 70 73 72 67 59 55 53
    53 52 52 54 59 63 64 64 65 69 73 75 74 72 70 70 70 71 69 65 59 52 48
    48 51 55 59 61 63 63 63 62 62 63 64 65 65 64 65 66 66 67 67 68 70 70
    69 68 68 68 67 65 61 57 55 56 58 61 62 62 59 57 56 56 58 59 61 64 66
    66 64 58 50 44 42 45 51 59 67 72 72 69 68 70 73 74 71 68 65 62 60 60
    62 65 68 69 69 67 65 65 65 67 67 65 63 61 60 60 60 61 62 65 68 71 73
    72 70 66 64 64 64 64 62 62 64 66 65 63 61 60 61 63 66 68 69 70 69 67
    65 63 59 59 62 68 71 70 67 64 63 63 62 61 60 58 56 55 54 56 61 68 74
    78 79 78 74 69 65 64 64 65 64 61 58 57 60 65 68 70 67 62 55 49 48 51
    56 60 63 67 69 68 66 64 63 64 66 67 65 62 60 61 65 69 71 71 72 73 73
    59 59 59 60 64 70 74 73 70 65 63 64 66 68 69 70 69 67 65 63 61 58 55
    53 54 57 60 63 64 63 59 54 50 51 57 64 69 70 67 65 66 68 72 73 71 66
    60 56 54 54 53 52 54 60 64 64 63 65 69 73 75 73 70 69 70 70 71 69 65
    60 55 52 52 55 58 60 61 63 63 63 63 63 64 66 66 66 67 67 67 64 63 62
    63 65 67 67 66 65 64 64 63 60 57 55 55 57 60 62 62 60 58 57 56 57 58
    60 63 66 65 62 55 49 44 44 48 54 62 69 73 73 72 72 74 76 75 72 67 63
    60 59 59 61 64 67 68 68 66 64 63 65 67 68 66 63 60 59 59 60 62 63 66
    70 73 73 72 70 66 63 62 63 63 63 65 67 68 66 63 61 61 63 66 68 69 69
    68 66 64 63 61 59 59 64 70 72 71 68 67 67 67 66 62 59 57 55 54 53 54
    58 64 69 73 75 76 74 69 65 63 64 65 64 62 59 57 59 62 65 66 65 62 57
    53 51 54 58 60 63 66 69 69 67 64 62 62 63 64 64 63 62 64 67 71 72 73
    73 73 73 59 59 59 61 66 73 77 76 71 64 61 62 65 66 68 68 68 67 67 67
    64 60 55 52 53 56 59 62 64 64 60 54 49 50 56 63 67 67 65 64 66 70 73
    72 69 64 60 57 56 56 56 56 58 63 67 67 65 64 67 71 73 71 67 67 68 70
    70 69 66 62 59 57 57 59 61 62 63 63 63 63 62 63 64 66 67 67 68 68 67
    63 60 59 60 62 64 65 64 62 61 61 61 60 58 56 56 58 60 61 61 58 57 56
    56 58 60 61 63 64 62 59 54 49 46 47 52 58 65 71 74 75 75 76 77 77 75
    71 66 63 60 59 60 62 64 66 67 67 65 63 63 64 66 68 66 63 60 59 59 61
    63 65 67 69 71 70 68 66 64 63 62 63 64 65 68 71 70 67 62 60 61 63 67
    69 69 69 67 64 62 61 59 57 58 63 69 71 69 66 66 68 68 66 62 58 56 56
    56 56 55 57 60 64 67 69 71 70 66 63 61 63 64 64 62 59 57 58 60 62 63
    64 62 59 56 56 57 60 61 63 65 68 69 67 64 61 60 59 61 63 63 64 65 67
    69 70 72 72 72 72 58 58 58 60 66 73 76 74 68 61 58 60 64 66 66 66 65
    65 66 67 65 61 55 51 51 54 58 61 63 64 61 56 51 50 55 61 64 64 63 62
    66 71 74 72 67 63 59 58 58 59 60 61 64 68 71 69 65 63 64 67 68 66 63
    63 66 68 69 68 66 64 62 61 62 63 65 65 63 62 61 61 60 62 64 67 68 67
    67 67 66 62 59 58 59 60 61 62 61 60 59 59 59 59 57 57 57 59 59 58 57
    55 54 54 56 59 61 61 61 60 58 55 52 50 49 51 55 61 67 71 74 76 78 79
    79 76 72 68 65 62 61 60 61 63 65 67 67 66 64 63 62 63 64 65 64 62 58
    57 59 62 65 68 68 68 67 65 62 61 61 61 62 64 65 67 70 73 72 68 62 59
    59 61 65 68 70 69 66 64 62 62 60 57 58 63 68 68 64 61 61 64 66 65 60
    57 57 59 60 60 60 60 61 62 63 65 67 67 65 62 61 62 63 63 61 58 56 57
    58 60 62 63 62 61 60 60 61 63 63 64 66 69 69 66 63 60 57 56 58 60 61
    63 63 63 64 65 68 70 71 72 55 55 56 58 63 69 72 68 62 56 55 58 62 64
    63 62 61 62 64 65 64 60 55 52 53 56 59 61 63 64 62 57 53 52 55 59 62
    63 62 63 67 72 74 71 66 62 59 58 60 62 64 67 69 71 72 69 63 60 60 63
    64 62 59 60 64 68 69 68 67 66 65 64 65 67 68 66 63 60 58 58 58 60 64
    67 69 68 67 66 64 61 59 59 59 60 60 60 59 58 58 58 58 58 57 56 57 57
    56 54 51 50 50 53 56 59 61 60 58 55 53 52 53 53 54 55 58 62 67 70 73
    75 77 78 76 72 67 63 62 61 60 60 62 64 67 69 68 65 63 62 62 63 63 64
    63 60 57 55 58 63 68 71 70 67 64 60 56 54 56 59 62 64 66 68 71 73 73
    68 63 59 59 61 65 69 71 70 67 65 65 66 64 61 61 64 67 65 59 55 55 59
    64 64 60 58 58 61 64 65 65 66 66 65 64 64 65 65 65 63 62 61 61 59 58
    56 56 57 58 60 61 62 62 62 62 63 64 65 65 66 69 70 70 66 63 58 55 53
    54 56 57 59 60 60 59 59 63 67 71 72 52 53 53 55 60 65 66 63 57 52 52
    55 59 60 59 58 57 58 60 61 60 58 56 55 57 60 62 63 63 63 61 58 54 53
    55 59 62 64 63 64 66 70 71 68 63 60 58 59 62 65 69 71 72 72 71 67 62
    57 57 60 62 60 57 59 64 69 71 71 70 68 67 66 67 69 70 68 63 59 56 56
    56 59 63 67 70 69 67 65 63 61 59 58 58 58 58 58 57 57 58 58 58 58 57
    56 55 54 52 49 47 46 47 51 56 60 62 60 57 53 51 52 55 58 60 60 61 63
    66 68 70 71 73 74 71 65 60 59 59 59 59 60 63 66 69 71 69 65 62 61 62
    63 64 63 62 59 55 54 56 62 69 73 71 67 62 57 52 50 53 58 63 66 68 69
    71 72 72 69 65 62 61 63 67 71 73 72 69 67 68 70 69 66 65 66 67 63 56
    51 50 55 61 64 62 60 60 64 67 70 71 72 72 70 68 66 66 66 65 63 62 60
    58 57 56 57 57 58 59 60 62 63 62 63 64 65 65 66 66 68 71 73 71 68 63
    59 56 54 54 54 54 55 57 56 55 55 58 63 68 71 51 52 53 55 58 61 62 59
    55 51 51 53 56 56 55 55 55 56 57 57 57 58 58 59 61 63 65 65 64 62 60
    57 54 54 56 61 65 67 66 64 64 64 64 61 58 56 58 61 66 69 73 74 73 71
    69 65 61 57 57 60 61 60 58 60 66 72 74 73 71 69 67 66 67 69 71 68 64
    59 57 56 56 58 62 67 69 68 67 65 64 61 58 57 56 57 57 57 58 58 59 59
    60 59 58 56 55 53 51 48 46 45 47 51 56 61 63 62 59 54 53 54 58 62 64
    64 63 64 65 66 66 66 67 67 64 59 55 55 57 59 60 61 65 68 71 72 70 66
    62 62 64 65 64 63 60 58 56 55 57 63 69 72 70 66 61 56 52 50 54 60 65
    68 69 69 70 70 70 69 67 65 64 65 68 72 74 72 69 67 69 71 72 70 69 70
    70 65 58 51 50 54 61 65 64 62 62 66 71 74 76 77 76 75 72 69 67 66 65
    63 61 60 58 56 57 58 59 60 59 61 63 64 64 65 65 66 66 66 67 69 73 74
    73 69 65 62 60 58 57 55 53 53 53 53 53 53 55 59 64 67 53 53 54 56 59
    61 62 61 58 55 53 54 53 52 51 51 52 54 54 54 56 59 62 64 64 64 65 65
    63 61 60 57 55 55 59 64 68 70 68 64 60 58 56 54 53 54 59 64 69 72 74
    75 73 70 67 64 61 58 59 62 63 62 61 64 69 74 75 72 69 66 64 64 65 68
    70 69 65 61 59 57 57 58 61 65 67 66 64 63 62 59 57 56 56 56 57 58 58
    59 59 59 60 60 58 57 55 54 53 51 49 48 49 52 57 62 65 66 63 59 57 59
    61 64 64 64 64 64 65 64 63 61 61 61 59 55 53 54 57 60 62 65 68 71 72
    73 71 68 64 64 65 66 65 63 60 59 59 59 60 63 67 68 67 65 62 59 56 55
    59 65 69 71 70 69 69 69 70 71 72 70 68 67 68 71 73 72 69 67 69 71 72
    72 72 74 74 69 62 56 55 58 64 67 66 64 64 69 74 78 79 79 79 77 74 71
    68 66 64 63 62 62 61 59 60 61 61 61 60 62 64 66 67 67 67 67 66 66 67
    69 71 72 70 68 67 66 65 64 61 58 55 52 51 51 53 53 54 57 60 61 55 56
    57 60 62 63 64 64 63 60 58 57 53 50 48 48 51 53 53 54 56 61 66 68 66
    64 63 63 62 61 60 58 57 57 61 65 69 70 68 64 59 55 52 50 51 55 61 66
    69 71 72 73 71 69 66 64 62 60 61 64 64 63 63 66 71 73 72 68 65 63 62
    62 63 65 67 68 66 63 60 59 58 58 60 62 63 62 60 59 57 57 56 56 57 58
    59 60 60 60 59 58 57 57 56 56 56 56 57 56 54 54 54 57 60 64 68 69 67
    64 62 62 62 62 62 62 63 65 67 65 61 58 57 58 57 56 55 56 58 60 64 68
    71 73 74 75 74 71 68 67 68 68 66 63 61 62 63 64 63 63 64 64 64 64 65
    64 63 63 67 71 74 73 70 68 67 68 71 75 78 76 71 68 67 69 71 71 69 68
    68 69 70 71 73 75 76 73 68 63 62 64 68 70 68 66 65 70 75 78 79 79 79
    77 74 69 66 64 63 64 65 66 66 64 64 64 63 61 60 62 65 67 67 67 68 68
    67 67 67 67 67 67 66 66 68 69 69 68 65 61 56 53 52 53 55 57 57 57 57
    57 59 59 61 63 64 65 66 66 66 64 63 61 56 51 48 48 51 53 54 54 57 62
    67 69 66 63 61 62 62 61 61 59 58 59 62 66 68 68 67 64 60 57 54 52 53
    58 63 67 67 66 66 67 66 66 65 64 63 63 65 67 65 63 63 66 70 72 69 64
    61 60 60 61 61 63 65 66 66 65 62 60 58 58 59 60 61 60 57 55 53 54 56
    58 61 63 63 62 61 60 57 55 54 53 53 55 57 59 61 61 60 60 62 64 66 69
    71 71 69 67 64 63 61 59 58 59 62 67 69 66 61 56 55 57 59 60 59 59 59
    61 64 68 71 73 74 76 77 75 72 70 70 70 67 64 63 65 67 67 65 62 61 61
    63 65 67 68 69 70 73 77 78 75 70 67 66 68 72 78 82 79 73 68 67 68 70
    71 70 68 68 68 69 70 72 75 76 75 72 70 69 70 71 71 69 66 65 68 72 74
    76 76 76 75 72 67 63 61 61 64 68 70 70 69 68 67 64 62 62 64 66 66 66
    66 67 67 67 68 68 67 65 62 61 61 65 69 70 68 65 61 57 55 55 58 61 63
    61 59 56 55 62 63 64 66 67 67 67 67 66 66 65 64 61 55 52 51 53 55 57
    57 59 62 66 67 65 62 61 62 62 62 62 60 59 60 63 65 66 66 65 64 62 60
    58 56 58 62 66 66 65 62 60 61 61 62 63 64 65 66 68 69 66 62 61 65 69
    70 67 62 58 57 58 59 60 62 63 65 66 66 64 63 61 60 60 60 61 61 58 54
    52 53 56 61 65 67 67 64 61 58 54 51 49 49 50 53 57 61 64 65 64 65 68
    71 73 75 75 73 70 68 65 62 59 57 56 58 63 67 69 66 60 57 57 61 64 65
    65 64 62 62 63 67 69 71 73 76 79 79 76 73 72 71 69 66 65 67 69 68 65
    61 59 59 62 65 68 69 71 73 76 80 80 77 72 69 67 69 73 79 81 78 73 68
    66 68 69 70 69 67 66 67 68 69 72 75 76 75 75 74 73 72 72 71 69 66 65
    66 67 68 69 70 72 72 69 65 62 60 60 64 69 72 73 73 72 70 66 64 65 67
    67 66 65 65 66 66 67 69 71 71 67 61 58 58 62 66 66 64 61 58 56 57 60
    65 68 68 65 61 56 54 65 66 67 68 68 68 68 67 66 66 66 66 63 59 55 54
    55 58 60 61 62 63 64 64 63 62 62 63 64 63 63 61 61 61 63 64 64 64 63
    62 62 62 61 61 63 65 67 66 64 61 59 58 58 58 61 64 67 70 72 70 65 60
    59 62 68 70 68 63 57 55 55 58 60 62 63 64 66 67 67 66 65 64 63 63 64
    64 61 56 53 54 57 62 68 70 69 65 61 56 51 49 47 48 49 52 55 60 64 66
    67 69 73 76 78 78 77 74 71 68 65 61 58 55 55 59 64 67 67 64 59 58 60
    64 68 70 70 69 67 64 64 66 67 68 71 75 79 80 78 75 73 72 70 68 68 69
    69 68 65 61 59 59 62 64 66 67 68 71 76 79 81 79 75 71 70 70 73 76 76
    73 69 67 66 67 69 69 68 65 64 64 66 68 71 73 74 74 75 75 74 71 70 69
    68 65 63 63 62 62 62 64 67 68 67 65 63 62 62 65 69 72 73 73 72 70 68
    67 68 70 69 67 65 64 65 66 67 71 74 75 71 64 58 57 60 63 62 59 56 54
    55 59 65 70 72 71 67 61 57 55 69 69 70 69 69 68 68 68 68 68 67 66 65
    62 58 57 57 60 64 65 66 65 64 63 62 61 61 61 62 63 63 63 63 64 64 64
    63 61 60 59 59 61 63 65 66 67 67 66 64 62 60 58 56 56 59 64 69 73 74
    71 65 59 58 61 67 70 69 65 58 53 52 56 60 63 65 66 67 68 68 68 67 67
    67 66 67 66 63 59 56 55 58 63 68 70 68 64 59 54 51 49 49 49 49 50 53
    57 62 66 68 71 75 78 79 79 78 75 71 69 66 63 58 56 57 60 65 67 67 64
    60 59 61 66 69 71 72 71 70 67 66 67 67 67 68 72 76 78 77 76 73 72 71
    71 71 71 70 68 64 61 60 60 61 62 63 64 65 68 72 77 80 79 77 74 73 72
    72 70 67 64 62 62 64 67 68 68 66 62 60 61 63 66 69 72 73 73 73 73 71
    69 68 69 68 66 63 60 58 56 56 59 62 65 65 65 65 64 64 66 68 70 71 70
    69 68 68 68 70 72 71 68 65 64 64 65 67 72 76 77 73 66 61 59 61 62 60
    55 51 50 53 60 67 72 72 70 66 62 59 57 72 72 71 70 68 67 68 69 69 69
    68 66 65 63 60 59 59 63 67 69 69 66 64 63 63 62 60 59 59 61 64 66 67
    68 67 65 62 59 56 55 56 60 63 67 68 69 68 66 65 64 62 59 57 57 60 65
    70 73 73 70 64 60 59 62 67 70 70 66 59 53 51 54 59 64 68 69 70 69 67
    66 67 68 68 67 66 64 61 58 57 57 59 63 67 68 65 61 57 54 52 52 52 52
    50 50 52 55 60 64 67 71 75 78 78 78 77 75 73 71 68 65 61 59 59 62 67
    70 70 66 61 59 61 65 68 69 70 70 69 68 68 68 68 66 66 68 72 75 76 75
    73 71 71 72 73 73 71 68 64 61 60 59 60 61 62 62 62 63 68 73 76 76 75
    73 73 72 68 62 57 53 53 56 60 65 67 67 65 61 58 58 60 63 68 72 73 72
    70 68 66 66 68 70 70 67 63 60 56 54 54 57 61 63 65 65 66 65 64 65 67
    68 67 66 65 65 67 68 70 71 69 66 64 63 63 64 66 70 74 76 73 68 64 62
    62 62 58 52 47 47 52 60 68 71 70 68 65 62 61 60 73 73 72 69 66 65 65
    67 69 69 67 66 64 62 60 59 61 65 70 72 71 66 63 63 64 63 61 58 57 60
    65 69 71 72 70 67 62 57 54 53 55 58 63 67 70 71 70 69 67 66 64 62 60
    59 62 65 69 71 70 68 64 62 61 64 68 71 71 68 62 56 53 54 59 65 70 73
    72 69 66 64 65 67 67 66 63 60 57 55 56 57 60 64 67 68 65 61 58 55 54
    55 56 56 54 53 53 55 58 61 64 68 72 75 76 76 75 75 74 73 71 67 64 61
    61 64 69 72 73 68 62 58 59 62 65 65 65 65 65 66 67 69 68 65 62 64 67
    72 75 74 71 68 68 70 73 74 73 69 64 60 57 57 58 60 62 62 60 60 63 68
    71 71 71 70 71 69 64 56 49 45 46 50 57 64 69 69 67 62 58 58 60 63 68
    72 73 70 66 63 62 65 69 73 74 70 66 62 59 57 56 58 61 64 65 66 65 63
    62 63 64 66 65 63 62 63 65 67 68 67 64 62 60 60 61 62 66 70 73 73 71
    67 64 62 61 60 56 50 46 47 52 60 67 69 69 67 66 65 65 65 72 72 71 68
    64 61 62 64 66 67 66 64 62 60 59 59 62 67 73 75 71 66 62 62 63 63 61
    58 58 62 67 71 73 74 72 67 62 57 55 54 55 58 62 67 71 73 73 71 69 66
    64 62 61 61 63 65 67 68 67 66 64 64 65 67 71 72 71 69 65 60 58 58 61
    66 72 76 75 70 64 61 62 65 66 65 60 56 53 52 54 57 60 65 69 70 68 65
    62 59 57 57 58 58 57 56 55 56 57 58 60 63 66 69 71 72 73 74 74 73 72
    68 64 62 62 65 70 73 74 70 63 58 57 60 63 63 63 62 63 64 67 69 68 63
    60 60 65 71 74 73 69 65 65 67 70 73 73 70 64 58 54 54 57 61 63 63 60
    58 60 64 66 66 66 66 67 66 61 54 47 44 44 49 56 65 70 71 68 64 60 60
    63 66 70 73 72 68 64 61 61 65 70 75 76 73 70 67 65 63 61 61 63 64 65
    64 62 59 58 59 62 65 65 64 62 62 64 66 66 63 59 57 56 57 59 62 66 70
    72 71 68 65 62 61 59 57 54 51 48 49 54 60 64 65 66 67 68 68 69 69 67
    67 67 65 61 58 58 61 64 65 65 64 62 59 58 60 64 69 73 75 72 65 61 60
    61 62 60 59 60 64 69 72 73 73 70 66 61 57 56 57 58 59 61 66 70 73 73
    71 69 66 63 61 60 60 62 64 65 66 65 65 64 65 67 70 72 72 70 68 66 63
    62 62 63 67 73 77 76 69 62 58 59 63 65 64 59 55 51 51 53 56 61 66 70
    72 72 71 68 63 59 58 59 60 60 58 57 58 58 58 58 58 60 62 65 67 68 71
    72 73 71 68 64 62 62 65 69 72 73 69 62 58 58 61 63 64 63 63 63 65 68
    69 67 62 58 58 62 69 72 72 68 64 63 64 67 70 71 70 64 58 54 55 59 64
    66 66 63 60 59 61 63 62 62 62 63 62 58 54 49 47 47 51 57 65 70 71 68
    64 62 63 66 70 72 72 69 65 62 60 61 66 71 74 75 74 72 71 70 69 67 65
    65 64 64 62 58 54 53 55 60 65 68 68 66 65 65 65 64 61 57 56 56 58 60
    63 67 70 71 69 65 62 59 58 57 56 54 53 53 53 56 59 60 61 62 65 68 70
    71 71 61 61 61 61 59 57 58 60 62 65 66 66 64 60 59 61 64 69 72 73 70
    65 61 60 60 59 58 59 62 66 69 70 71 70 68 64 61 59 59 59 59 59 60 63
    67 70 71 69 67 66 64 62 61 61 62 63 64 64 64 63 64 66 69 71 72 70 67
    65 65 65 65 64 63 66 71 75 73 67 60 56 58 61 64 63 60 57 54 53 55 58
    63 68 73 75 76 75 72 67 62 60 61 62 61 59 58 59 60 59 59 57 57 58 60
    62 63 66 69 71 70 67 64 61 61 63 66 68 69 66 62 60 61 63 65 66 66 65
    65 66 68 69 67 62 57 56 60 65 69 69 67 65 64 64 65 67 69 69 65 60 56
    57 61 66 69 68 65 62 60 61 60 59 58 58 58 58 56 54 54 53 53 55 59 65
    69 69 66 62 61 65 69 71 71 68 65 62 60 60 63 66 70 72 73 73 74 74 74
    72 71 68 67 65 64 60 55 51 50 53 59 66 71 73 72 69 66 64 61 59 58 58
    60 61 63 65 67 69 69 67 64 60 57 56 55 55 56 57 57 57 58 58 57 56 57
    62 66 68 69 69 56 56 57 58 58 58 59 60 62 65 68 70 68 63 61 61 63 66
    68 70 68 66 63 62 60 58 57 58 62 67 69 69 69 68 66 64 62 61 61 61 60
    59 59 61 64 66 67 68 68 69 68 67 65 63 63 64 65 66 64 63 63 66 68 70
    70 67 64 63 65 67 67 64 62 63 66 69 68 63 57 54 57 61 64 65 63 61 59
    58 58 60 65 70 75 76 77 77 74 69 64 62 63 63 61 59 59 61 63 63 62 61
    60 60 60 60 60 62 65 68 69 67 64 60 59 59 62 64 65 64 63 63 65 66 67
    67 67 66 66 65 66 66 65 62 57 56 57 61 64 66 67 67 66 66 65 66 67 68
    66 62 60 61 64 67 69 68 65 63 61 61 60 58 57 56 56 56 55 56 58 60 59
    59 60 63 67 66 63 60 61 65 68 69 67 63 60 59 59 61 63 65 67 68 68 70
    72 74 74 74 72 70 68 67 66 62 57 52 51 53 59 67 74 78 77 73 68 63 60
    60 61 63 64 64 65 65 66 67 68 67 65 61 58 56 55 56 58 60 61 61 60 58
    55 53 54 58 62 64 64 64 57 56 56 56 57 58 58 59 60 63 68 71 69 65 61
    60 60 62 63 64 65 65 64 63 61 59 57 59 64 68 69 69 68 67 66 64 64 64
    64 62 59 58 59 60 63 65 66 67 70 72 73 71 68 65 64 65 67 68 66 64 64
    65 66 67 67 66 64 64 66 69 68 64 60 60 61 63 62 59 55 53 56 61 66 69
    69 68 65 61 60 62 66 71 75 76 76 76 73 69 65 64 64 64 61 59 60 63 66
    67 67 66 65 64 63 60 58 59 62 65 68 68 64 59 57 57 59 62 64 64 66 68
    69 69 68 66 65 64 64 64 64 64 63 61 58 56 55 58 61 64 67 69 69 68 66
    66 67 67 66 64 62 64 66 68 67 65 63 62 62 61 60 58 57 57 58 57 56 58
    61 64 64 62 61 61 64 64 61 60 61 65 67 66 62 59 56 57 58 60 62 63 64
    63 64 66 69 73 74 73 72 71 70 69 68 66 61 57 55 57 62 69 75 79 79 76
    70 64 62 63 66 68 68 66 64 63 63 64 67 68 68 66 61 58 56 57 59 61 63
    62 60 57 54 51 52 55 59 60 59 59 59 58 57 55 55 56 56 56 56 59 64 66
    65 63 60 58 58 58 59 60 61 63 64 64 63 61 60 63 67 70 70 69 69 68 66
    65 66 67 66 62 59 57 58 60 63 65 67 69 72 75 76 74 70 67 66 67 68 69
    67 65 64 63 64 64 66 66 65 66 69 72 71 66 61 59 59 60 60 57 53 51 55
    61 68 74 75 73 69 64 61 62 65 69 71 72 73 73 70 66 64 64 65 65 62 60
    61 65 69 70 71 71 70 69 66 62 58 57 60 64 67 68 64 58 55 55 58 62 64
    67 69 71 72 71 68 65 64 63 63 63 63 62 62 61 59 57 56 57 60 63 67 69
    70 70 69 68 68 67 65 64 63 65 67 67 65 63 62 62 62 61 60 59 59 60 61
    60 59 60 62 65 65 63 60 59 60 61 60 60 62 66 66 64 60 57 56 57 58 60
    62 62 62 62 61 63 67 71 72 71 70 70 71 71 71 69 65 62 61 63 67 72 76
    80 79 76 71 67 66 68 70 71 69 65 63 62 62 64 67 70 72 71 67 63 60 59
    60 61 63 62 59 56 52 50 50 54 57 57 56 56 62 61 59 57 56 55 54 53 52
    54 57 58 58 58 57 57 58 57 57 57 59 61 63 63 63 62 63 65 69 71 70 69
    69 68 66 66 67 68 66 62 58 55 56 59 62 65 68 71 75 77 77 74 71 69 68
    69 69 69 67 65 64 63 62 62 64 65 65 66 70 73 72 69 64 62 62 62 62 58
    53 51 55 62 70 76 77 75 69 65 61 60 60 62 64 66 68 68 66 62 61 63 66
    67 65 62 63 67 71 73 73 73 72 71 68 63 59 58 61 65 68 68 64 58 54 54
    57 62 65 69 71 72 72 70 67 65 64 64 64 64 64 62 60 61 61 59 58 59 61
    63 66 69 71 71 70 69 68 66 64 63 64 65 67 66 64 62 62 62 61 60 59 58
    60 62 64 63 61 61 63 64 65 62 58 56 57 58 59 60 63 66 66 63 59 58 58
    59 60 61 63 64 65 64 63 64 67 69 69 67 66 67 70 72 72 71 68 65 65 67
    71 75 77 78 77 75 71 69 69 71 73 73 69 65 63 63 64 66 69 72 74 73 70
    66 62 60 60 61 62 61 58 54 51 49 51 54 57 58 57 56 64 64 63 62 59 57
    55 52 50 49 50 51 52 53 55 57 58 57 56 56 57 59 60 61 61 61 62 65 67
    69 69 69 69 68 66 65 66 67 65 61 57 54 54 57 60 63 67 72 75 76 75 73
    71 71 71 70 68 67 65 64 64 64 63 61 62 63 64 66 70 73 73 72 69 67 67
    67 65 61 55 53 56 62 69 74 74 71 67 63 59 56 54 55 57 60 63 63 60 57
    57 61 66 68 67 65 64 67 71 73 73 72 71 70 68 64 60 60 63 67 69 68 64
    58 54 54 57 62 67 71 72 72 69 67 65 65 66 67 67 67 64 61 59 59 60 60
    60 61 62 63 66 69 71 72 71 70 68 66 64 64 64 66 67 66 64 63 62 61 59
    58 57 57 60 63 64 63 62 62 64 65 64 61 56 54 55 56 57 60 64 67 67 63
    61 61 62 62 63 64 66 68 69 69 67 67 67 67 65 62 60 63 67 71 72 72 70
    67 67 69 72 75 75 74 72 70 69 69 71 73 74 73 68 65 65 66 68 70 73 74
    75 73 70 66 62 61 61 62 63 61 57 53 51 51 53 56 59 60 60 59 65 66 67
    66 63 60 57 53 50 48 47 47 48 50 54 57 58 57 55 55 56 57 59 60 60 60
    61 63 65 67 68 69 70 68 65 63 64 64 62 59 56 53 53 55 57 61 66 70 73
    73 71 70 70 72 72 70 67 65 63 63 64 64 62 60 60 62 64 67 70 73 74 74
    74 74 73 71 67 62 57 54 56 61 66 68 68 65 62 60 57 53 51 51 53 56 59
    59 56 54 55 60 65 69 69 66 64 65 68 71 71 70 69 69 67 64 61 61 64 67
    69 68 65 60 56 55 58 63 68 72 73 71 67 63 63 66 69 71 71 69 65 61 58
    57 58 60 61 62 63 64 66 69 72 73 72 70 68 66 64 63 65 67 68 67 66 64
    63 61 59 57 57 58 61 63 64 63 61 63 65 67 65 60 55 53 54 55 56 59 64
    67 67 64 62 63 65 65 65 67 69 71 73 72 71 70 68 66 61 57 57 60 66 70
    73 73 71 68 66 68 70 72 71 69 67 65 65 67 71 74 75 72 68 65 65 68 71
    73 74 75 74 71 67 63 61 61 63 64 65 62 58 54 53 54 56 59 61 62 62 61
    65 67 68 68 66 62 59 55 52 49 47 45 46 49 53 57 57 56 56 56 56 56 57
    57 58 59 61 63 65 67 69 71 72 69 64 61 60 60 58 57 55 53 53 55 58 61
    65 67 69 68 67 67 69 72 72 70 66 63 62 62 63 63 61 60 60 62 66 70 73
    75 75 75 77 77 76 72 67 63 58 56 57 60 62 62 62 60 60 60 58 55 53 53
    55 57 59 58 55 53 55 60 66 70 70 66 61 60 62 65 67 68 69 69 68 65 62
    62 64 66 68 69 68 65 61 60 60 63 67 71 72 70 66 62 62 66 71 75 75 72
    67 63 59 57 56 58 61 63 64 64 66 67 69 70 69 69 67 64 62 62 64 68 70
    69 67 65 65 63 61 60 60 61 63 64 64 62 61 63 67 69 66 60 55 54 55 56
    57 60 64 68 68 65 64 64 65 65 66 68 70 71 72 73 72 71 69 65 60 57 57
    62 67 72 74 74 72 68 66 66 67 68 67 65 62 60 61 65 70 74 74 71 67 64
    65 68 70 72 74 74 72 68 64 60 60 62 65 68 68 64 60 57 57 58 60 62 63
    63 62 62 66 67 69 70 67 64 60 56 53 50 48 46 47 50 54 57 58 57 58 59
    58 57 56 56 56 58 60 63 67 70 72 73 73 69 63 59 58 57 56 55 54 54 56
    58 61 64 66 66 66 65 65 65 67 70 71 68 65 62 62 62 63 63 62 61 63 65
    70 74 77 77 76 76 77 78 76 72 66 63 60 58 59 60 60 59 59 60 62 63 61
    59 57 57 58 60 61 61 58 56 58 63 68 71 71 66 59 55 56 59 63 67 69 69
    67 65 64 64 64 66 67 69 69 68 65 63 63 63 65 68 70 69 65 61 61 66 72
    76 76 73 69 65 62 58 56 57 60 63 64 64 65 65 64 64 65 67 67 64 60 59
    62 66 69 69 67 66 67 66 65 64 64 64 64 65 64 62 62 65 69 71 68 62 57
    56 57 58 58 60 63 67 68 65 63 62 62 62 63 66 68 69 70 71 71 71 69 65
    61 59 61 66 71 75 77 76 73 69 66 65 65 66 65 62 60 59 60 64 70 74 74
    70 65 62 63 65 67 69 69 70 68 64 61 60 61 64 69 72 72 69 64 61 62 63
    64 65 65 63 62 61 68 69 71 70 68 64 61 57 54 51 50 50 51 54 57 60 60
    60 63 64 63 60 57 56 55 56 60 64 69 72 73 74 73 69 64 60 58 57 56 56
    57 58 60 63 65 67 67 66 66 65 64 64 64 66 67 65 63 63 64 65 65 64 64
    65 68 71 74 77 80 78 76 76 77 77 75 70 65 63 62 61 60 60 60 60 62 64
    67 67 65 62 61 60 61 62 64 64 63 61 62 66 70 72 71 66 58 53 53 56 62
    66 68 68 66 65 64 65 65 66 67 68 69 68 67 65 64 63 63 65 66 66 63 60
    61 65 71 75 75 73 69 67 64 60 58 59 63 65 65 64 63 61 59 58 61 65 66
    63 58 55 57 62 65 66 65 66 68 69 68 67 66 65 64 63 63 62 62 65 69 71
    69 64 61 59 59 59 59 60 63 66 66 64 62 60 58 58 60 63 65 66 68 68 69
    69 67 65 63 63 65 70 74 77 79 78 75 70 67 65 65 66 66 64 62 61 61 66
    71 75 74 69 64 60 60 61 63 63 63 63 62 60 60 60 62 67 71 75 76 73 70
    66 66 65 66 67 67 65 62 61 71 71 72 71 67 64 60 57 54 53 53 55 57 61
    64 65 65 66 68 70 69 65 62 59 57 58 61 65 70 72 72 72 72 70 66 63 61
    59 58 58 59 62 65 68 69 70 70 69 68 67 65 63 61 61 61 61 61 64 67 69
    68 66 67 69 72 75 77 79 80 78 76 76 76 76 73 69 64 63 63 62 62 62 63
    64 68 71 74 73 68 64 63 63 64 65 67 68 67 66 66 68 70 71 69 65 58 54
    54 58 63 66 67 66 64 63 63 64 65 65 66 66 67 66 66 65 64 62 61 62 63
    63 60 58 59 63 68 72 73 71 69 67 65 63 61 64 67 69 67 63 60 58 55 55
    58 62 65 62 56 53 53 57 60 62 63 64 66 68 67 67 66 66 64 63 61 60 61
    65 68 70 70 68 65 63 61 60 59 60 62 64 63 62 61 59 56 56 59 62 64 65
    66 66 66 65 65 66 66 66 66 69 73 76 79 79 76 71 68 66 66 68 69 68 66
    65 65 69 73 75 72 67 61 58 57 58 58 57 57 57 57 57 59 61 63 66 70 74
    75 75 72 69 67 66 66 68 68 66 63 62 75 75 74 71 67 62 58 55 54 54 56
    60 64 69 72 73 72 72 73 74 74 71 67 64 61 61 64 67 70 70 68 68 69 70
    69 66 64 62 60 59 60 63 66 70 72 73 72 72 71 70 66 63 60 59 58 58 60
    64 69 71 68 66 66 70 73 74 75 76 77 75 73 73 75 75 72 67 63 62 62 63
    63 64 66 70 74 77 78 76 71 66 66 67 68 69 70 70 70 70 69 69 69 67 65
    62 59 57 58 61 65 67 67 64 63 62 62 63 64 64 63 64 63 64 64 64 63 61
    60 60 62 61 58 55 56 59 65 68 69 69 68 67 65 64 64 68 71 72 67 61 57
    55 55 54 56 60 62 60 56 52 52 54 57 59 61 63 65 65 65 65 67 68 68 66
    63 60 61 63 67 69 70 70 69 66 63 61 61 63 64 65 62 60 59 58 56 57 59
    63 65 67 67 66 65 64 65 67 67 65 64 65 68 72 76 77 75 71 68 67 68 69
    72 72 70 69 69 71 73 72 69 63 58 54 54 54 54 53 52 53 54 56 59 61 63
    65 67 69 71 72 71 70 68 67 67 68 68 67 64 63 79 78 76 72 67 61 56 54
    54 56 59 64 69 75 79 80 78 77 77 77 77 75 71 68 66 65 67 68 68 67 64
    64 66 70 71 70 68 64 61 59 58 60 64 68 71 73 74 74 74 71 67 64 62 61
    61 61 62 67 70 71 67 63 64 68 71 72 72 72 72 69 68 69 71 72 69 64 60
    59 60 61 62 65 69 73 77 79 79 76 71 68 69 72 73 73 73 73 72 72 71 69
    66 63 61 60 60 60 61 63 66 67 66 64 63 63 64 65 65 64 63 63 63 63 64
    64 63 61 60 61 63 62 58 55 54 56 61 64 65 65 65 63 62 61 63 67 71 72
    67 60 56 55 56 57 58 59 60 60 57 55 53 54 56 59 62 63 64 63 63 64 68
    72 73 71 66 62 61 63 65 66 68 69 69 66 64 63 64 66 68 67 63 59 58 58
    58 59 61 65 68 70 70 69 67 66 67 68 67 64 60 59 61 66 71 73 72 68 66
    65 66 69 72 73 72 70 70 71 71 69 65 59 54 51 51 52 52 52 51 52 54 57
    60 62 64 64 64 66 67 68 68 68 68 67 67 68 67 65 63 62 80 80 77 73 67
    60 55 52 53 57 62 67 73 79 84 84 82 79 78 78 78 76 73 70 69 69 70 70
    68 65 62 62 64 69 73 73 72 68 63 59 56 57 60 64 68 71 73 75 75 73 69
    66 66 67 67 67 68 70 71 69 64 60 61 65 69 71 71 70 68 65 63 64 67 68
    65 60 57 56 57 58 60 63 68 73 76 77 76 74 71 70 72 75 77 76 74 74 74
    74 72 68 63 60 58 59 61 62 63 64 66 68 67 66 65 66 66 68 69 67 66 65
    64 65 66 65 63 61 60 62 65 65 61 57 54 55 58 60 62 62 61 58 56 55 58
    64 68 69 64 59 56 57 60 61 62 61 61 60 59 58 57 57 58 62 64 65 65 64
    63 66 71 76 77 75 70 65 63 63 63 63 64 65 64 62 62 63 66 69 70 68 64
    59 58 59 60 62 65 68 71 73 73 72 71 70 70 70 68 63 58 56 59 64 69 71
    69 65 63 62 63 66 70 72 71 69 68 69 69 67 63 58 54 50 50 52 54 55 55
    56 58 60 63 64 64 63 63 64 64 65 65 66 66 67 67 67 65 63 62 62 78 77
    75 71 65 59 54 52 53 57 63 69 74 80 84 84 81 79 77 77 76 75 72 70 70
    71 73 72 69 66 63 62 64 69 74 76 75 72 67 61 56 54 55 58 62 66 70 74
    76 74 71 70 70 72 72 72 72 72 71 67 61 57 58 62 68 72 73 71 67 62 59
    60 62 64 62 59 56 54 54 54 55 59 64 69 73 74 74 73 72 71 73 76 77 75
    73 73 75 76 75 69 62 58 57 59 61 63 64 65 68 69 69 68 66 66 67 70 71
    71 69 68 67 68 68 66 62 59 58 61 66 67 65 60 56 55 56 57 59 59 58 54
    51 51 55 60 63 63 60 57 57 61 65 67 66 64 63 62 62 63 62 61 61 64 66
    66 66 65 65 67 72 76 77 76 71 67 66 65 64 63 62 60 58 57 58 62 66 69
    70 69 65 59 58 59 62 65 68 70 72 73 73 73 72 71 70 69 68 65 61 60 62
    67 70 71 69 65 61 59 59 61 65 67 67 67 66 67 68 67 64 60 57 53 52 54
    58 60 61 62 63 64 65 65 65 64 63 64 64 64 64 64 65 67 68 67 64 62 61
    61 73 73 71 68 64 59 54 51 53 57 64 70 75 79 80 79 77 74 73 73 73 72
    71 70 70 71 72 71 69 66 63 62 64 68 73 76 76 74 70 64 57 53 52 53 56
    60 66 72 75 76 74 72 72 72 73 73 73 73 70 66 60 56 56 61 68 74 76 73
    68 61 57 56 58 61 61 60 58 56 54 52 51 53 58 64 69 72 73 74 73 72 72
    73 74 72 70 71 74 77 77 71 63 57 56 58 61 63 65 66 68 70 69 67 65 63
    65 68 71 72 71 70 69 69 68 65 60 56 55 59 64 68 67 62 57 54 54 55 57
    59 57 54 51 51 55 60 61 59 56 56 59 64 68 70 69 68 66 65 66 67 66 64
    63 63 64 64 65 66 67 68 70 73 73 73 71 69 68 68 67 65 62 57 53 51 54
    59 64 67 69 69 64 59 56 58 61 65 69 71 71 71 71 72 71 69 67 66 67 67
    66 66 69 72 74 73 70 67 63 60 58 58 60 62 63 64 65 67 68 69 67 65 62
    57 55 57 61 63 64 64 64 65 67 68 67 66 65 65 65 65 64 63 64 66 68 67
    64 61 60 60 70 70 69 66 62 57 53 51 53 59 66 73 77 78 77 73 71 69 69
    70 70 71 69 68 67 67 67 67 66 64 62 61 63 66 71 73 73 71 69 64 57 53
    51 51 53 57 63 69 74 75 74 72 70 70 70 71 72 72 70 66 61 57 55 59 66
    72 74 72 67 60 55 54 55 58 60 62 63 62 59 54 51 51 54 59 65 70 73 73
    72 71 69 69 69 68 67 68 73 77 77 71 63 56 55 58 61 64 66 67 68 68 66
    64 61 59 61 65 68 70 71 71 70 69 67 64 58 53 52 56 62 67 68 65 60 55
    53 53 56 59 59 56 53 55 59 63 61 57 54 55 60 65 69 70 70 69 67 67 69
    70 69 65 62 60 59 60 63 65 67 67 66 67 67 68 69 69 70 69 68 65 62 56
    51 49 51 56 61 65 67 67 63 58 54 55 58 62 66 68 68 67 68 69 68 66 64
    64 66 68 69 71 73 76 76 74 71 68 66 62 59 57 58 59 60 62 65 67 69 69
    69 68 65 60 56 57 60 63 64 63 63 64 68 71 71 69 67 66 66 66 64 63 63
    66 67 66 63 59 57 56 71 71 69 65 60 55 52 52 55 62 70 76 80 78 74 69
    65 64 65 66 68 69 68 65 62 61 60 61 62 62 60 60 61 63 65 66 65 65 64
    60 55 51 51 52 54 58 63 69 73 73 71 69 67 66 67 69 71 72 71 68 64 60
    57 58 63 67 69 67 64 59 55 53 54 56 59 63 67 68 65 60 55 53 53 56 62
    67 70 71 71 69 67 66 66 64 63 66 70 74 74 69 60 54 54 58 62 66 68 68
    66 63 61 60 58 56 57 60 64 67 69 71 70 69 67 63 57 52 50 53 59 65 67
    66 62 57 53 53 56 59 60 58 56 59 64 66 64 59 56 57 61 66 68 68 67 66
    65 66 68 70 68 64 59 56 55 57 61 63 65 64 62 61 62 64 66 69 70 70 68
    65 62 57 53 50 52 56 60 63 65 65 61 56 53 52 54 58 61 63 63 62 63 64
    65 63 62 61 64 67 71 74 76 77 76 74 71 68 66 63 61 58 58 58 60 62 64
    66 68 68 67 66 64 59 55 55 58 61 61 60 59 62 68 73 74 70 67 65 65 65
    64 63 64 65 65 65 62 58 55 54 72 72 69 64 58 54 52 53 57 63 70 77 79
    77 71 66 62 60 61 63 65 66 65 62 58 55 54 56 58 60 60 61 61 60 60 58
    58 57 56 53 51 50 53 56 60 64 68 72 73 71 67 65 63 63 64 68 71 73 73
    70 68 64 61 59 61 63 63 61 59 57 55 54 55 56 59 63 67 69 68 64 60 57
    55 55 58 63 66 67 68 68 66 65 64 62 62 64 68 70 68 63 56 52 53 58 63
    66 68 67 63 60 58 58 58 56 55 56 59 63 66 69 69 68 66 61 56 52 50 53
    57 62 65 65 63 58 54 54 57 59 60 58 59 62 67 69 66 62 59 60 64 67 67
    65 62 60 60 62 65 67 66 61 56 53 53 56 60 62 62 61 59 58 59 62 65 68
    70 69 67 64 62 59 56 53 54 57 61 64 66 65 61 57 54 53 54 55 56 57 57
    57 57 59 61 61 60 60 62 67 72 77 78 78 76 72 69 66 63 62 61 60 60 60
    61 63 64 65 65 64 62 61 60 56 52 52 55 58 58 57 56 61 69 75 76 72 66
    62 61 62 63 64 65 65 65 64 63 60 56 55 71 70 67 61 56 52 51 53 56 61
    68 74 76 73 68 63 59 58 58 60 62 63 62 59 55 52 51 53 56 60 62 64 63
    60 57 54 53 52 50 47 47 50 55 61 67 71 74 75 73 68 63 60 59 59 62 67
    71 74 73 70 69 66 63 61 60 60 59 57 56 56 56 56 57 59 60 62 64 67 67
    66 63 60 56 54 55 57 61 64 67 68 67 65 64 63 62 64 66 66 63 58 52 49
    52 57 61 65 65 64 61 59 59 60 61 58 55 54 55 59 64 67 68 67 65 61 56
    53 52 53 56 59 61 62 61 58 56 56 58 59 58 57 59 64 69 70 67 64 63 64
    67 68 67 63 58 55 55 58 62 64 63 60 56 55 56 58 62 63 62 60 58 58 58
    61 64 67 69 68 67 65 63 60 57 54 54 58 62 66 67 65 62 60 58 57 56 55
    54 54 54 54 54 55 57 59 59 58 60 66 73 79 81 79 75 71 67 64 61 61 61
    62 63 63 64 65 65 65 64 61 57 56 55 54 51 50 52 56 57 56 57 62 70 76
    77 73 66 61 59 60 62 64 66 66 65 64 64 63 60 59 66 65 62 57 53 51 51
    52 54 59 65 71 73 71 66 62 58 56 55 57 59 60 60 57 54 52 52 54 58 63
    67 69 67 63 58 54 51 49 46 44 46 51 57 65 71 75 77 77 73 67 62 58 56
    57 59 65 69 71 70 67 65 64 62 60 59 59 58 56 55 56 57 59 62 63 63 62
    62 62 63 64 63 61 57 53 51 53 56 61 66 68 68 67 66 64 64 65 65 64 60
    55 50 48 51 55 59 61 62 61 60 61 62 63 63 61 56 54 54 58 62 65 66 66
    64 60 57 55 55 55 56 56 58 59 59 58 57 57 58 56 54 54 58 64 69 70 67
    65 65 67 68 68 66 62 57 54 53 56 60 62 62 60 58 59 61 64 67 67 65 62
    60 58 57 58 62 67 70 70 69 67 64 60 56 53 53 57 62 66 67 64 62 60 60
    61 61 59 57 56 57 56 55 55 56 58 58 58 60 65 74 80 82 80 76 71 67 63
    61 61 62 64 66 66 67 67 67 65 63 60 55 54 55 54 52 50 52 56 57 58 60
    64 70 75 77 73 67 62 59 59 61 63 64 64 64 64 65 65 63 62 62 61 58 54
    51 51 52 52 54 58 64 68 70 69 66 63 59 56 56 57 59 61 60 58 55 54 55
    58 63 68 73 75 73 68 63 58 54 50 46 45 48 52 58 65 71 74 75 74 71 67
    62 59 57 56 57 61 65 67 65 62 60 59 58 57 57 59 58 57 56 57 58 61 65
    67 67 65 63 61 61 63 65 64 60 54 50 49 52 58 64 67 69 69 67 65 63 65
    67 66 61 56 51 48 50 54 58 60 60 60 61 63 65 65 63 61 57 55 56 58 62
    64 65 64 62 60 58 57 58 58 56 55 56 58 59 58 58 58 57 55 52 52 56 63
    67 68 67 66 66 67 67 65 64 61 58 55 55 57 60 62 61 60 61 63 66 69 72
    72 70 66 62 58 55 55 60 66 70 72 71 69 65 61 56 53 53 57 62 65 64 61
    59 59 61 63 64 63 61 60 61 61 60 58 58 59 59 59 60 65 72 78 80 78 75
    71 67 64 62 61 63 66 68 70 69 68 67 65 63 59 55 54 55 55 53 51 53 56
    59 61 63 66 68 71 73 72 70 66 63 62 61 61 61 62 62 63 65 65 64 63 61
    59 56 53 52 53 54 54 56 59 63 67 69 69 67 63 60 58 58 60 62 63 62 59
    56 56 58 63 68 73 77 79 76 71 66 62 57 52 49 49 50 53 58 63 67 69 69
    69 67 65 63 61 59 57 55 57 61 64 63 60 57 55 54 54 55 58 59 59 58 58
    58 60 64 68 69 69 67 65 64 66 68 68 64 56 50 47 49 54 60 65 68 68 66
    63 63 65 68 68 64 58 53 51 52 55 59 61 62 62 63 65 66 64 61 59 58 57
    59 61 63 64 64 63 61 59 59 60 61 60 58 57 57 59 61 60 60 60 59 56 52
    52 56 62 67 68 68 67 67 66 63 60 60 59 58 57 57 60 62 62 62 62 64 67
    70 73 75 76 73 69 64 58 53 52 57 63 68 71 71 69 65 61 56 53 54 57 62
    63 62 59 58 58 60 63 66 67 66 65 65 65 64 63 62 62 63 63 64 66 70 73
    74 74 72 69 67 64 62 62 63 67 70 72 72 69 67 64 61 58 55 54 55 55 54
    52 53 56 60 63 64 64 64 66 68 71 72 71 69 66 63 61 60 60 61 62 62 62
    61 61 62 61 57 55 54 55 57 58 59 61 64 67 69 69 67 64 61 61 63 65 66
    66 64 59 55 54 58 64 70 75 79 79 75 70 66 62 57 53 51 51 53 56 59 63
    65 65 64 64 63 63 63 63 61 59 57 58 61 63 63 59 56 54 53 52 54 58 60
    61 60 59 57 59 62 66 71 73 74 72 69 69 71 71 66 58 51 48 48 52 57 63
    66 67 65 63 63 66 69 69 66 61 57 55 56 59 62 66 67 67 67 68 66 63 59
    58 58 59 62 64 65 64 63 61 59 59 61 63 64 63 61 60 61 63 63 64 65 66
    65 61 56 55 58 63 67 69 69 69 68 65 61 58 57 58 58 59 60 61 62 63 63
    65 67 69 71 73 75 76 75 71 66 60 54 53 56 61 64 67 67 66 64 59 55 53
    53 57 60 62 60 59 58 59 59 62 66 68 67 66 65 65 66 66 67 67 69 70 71
    71 70 69 68 68 68 67 66 65 64 64 65 68 71 73 72 69 65 60 58 56 54 53
    54 55 55 54 54 56 58 60 61 60 60 61 64 68 72 74 73 70 66 61 59 59 60
    60 59 58 57 57 63 62 59 57 57 58 60 61 61 62 64 67 68 68 66 64 63 64
    67 69 69 67 64 58 53 52 55 62 69 74 76 75 71 66 62 59 56 53 52 52 55
    58 62 65 64 63 61 60 60 61 63 64 64 63 61 61 62 63 62 60 58 56 55 54
    56 59 62 62 61 60 58 59 62 66 71 76 78 77 73 71 70 69 65 59 53 50 50
    53 57 62 65 66 65 64 64 66 68 69 67 64 61 60 61 64 67 70 72 72 71 70
    67 63 60 59 59 61 63 66 67 66 63 59 57 59 62 65 65 65 63 63 65 67 68
    68 70 71 69 66 61 60 61 65 67 69 70 70 69 66 63 60 59 59 60 61 63 63
    63 63 65 68 69 69 69 70 71 73 73 71 68 63 60 58 59 59 60 61 62 63 61
    57 53 50 51 54 59 61 60 59 59 59 59 62 66 69 68 65 63 63 64 67 69 72
    75 77 78 75 70 66 64 65 66 66 65 65 64 65 67 69 70 71 71 67 62 57 54
    52 51 52 54 56 58 58 57 57 56 56 56 57 58 60 63 67 71 74 74 73 68 63
    60 60 60 59 57 54 54 54 64 62 60 59 60 61 63 63 63 63 64 67 68 67 64
    63 63 66 69 69 68 66 62 57 53 51 53 58 64 69 71 69 65 61 59 58 55 52
    51 53 56 61 65 67 65 62 59 58 58 60 63 67 69 69 68 66 65 63 62 62 62
    61 59 57 58 61 63 63 62 62 61 62 64 66 70 75 78 77 73 69 67 66 63 59
    56 54 54 55 58 61 64 66 67 68 67 66 66 67 67 66 64 63 64 66 69 72 73
    73 72 71 68 64 61 60 60 60 63 67 69 68 64 58 56 57 62 65 66 66 65 66
    68 70 71 72 73 73 71 68 65 64 65 67 68 69 70 70 70 68 66 65 64 62 63
    65 66 66 64 63 65 67 67 65 64 63 65 68 71 72 71 69 67 66 64 61 59 59
    60 60 59 55 51 48 49 53 58 61 62 61 61 60 60 63 67 70 69 65 61 60 62
    65 69 73 78 81 81 76 69 63 62 64 65 65 64 63 64 66 68 69 69 69 68 65
    60 54 51 50 49 50 53 58 62 62 61 58 55 53 54 56 60 63 64 66 69 71 73
    73 70 64 61 61 62 61 57 55 54 54 63 62 60 59 60 62 63 64 64 63 65 67
    67 64 62 61 62 65 66 66 64 62 60 58 55 53 54 57 61 65 66 65 62 60 59
    58 55 52 51 53 57 62 65 67 65 61 58 56 56 59 64 70 74 75 74 71 67 64
    63 66 68 67 64 61 60 61 63 64 64 65 66 66 66 66 68 71 73 73 70 67 64
    63 61 59 57 57 57 57 58 59 61 64 67 69 68 66 65 67 68 67 66 65 65 66
    68 70 71 70 69 69 66 63 60 59 58 58 61 67 71 70 65 59 55 56 61 65 66
    65 64 66 68 69 72 73 74 72 69 67 65 65 65 66 66 67 68 69 70 69 69 69
    68 66 66 68 70 69 66 63 63 64 63 59 57 57 59 64 69 72 73 73 73 72 69
    64 61 60 60 60 59 55 51 48 49 54 60 64 65 65 64 63 62 65 69 71 69 65
    61 59 60 63 67 73 78 80 78 71 64 61 62 65 66 65 62 61 62 65 68 68 67
    66 66 63 59 54 51 49 48 49 53 58 63 64 62 58 54 52 54 58 63 65 66 66
    66 68 71 73 71 66 62 62 63 63 60 58 58 58 61 61 59 59 59 60 62 64 64
    65 66 67 65 62 60 60 61 62 62 60 58 57 58 58 58 58 59 60 61 63 64 63
    61 59 58 57 55 52 53 55 59 62 66 67 65 62 58 55 55 58 65 72 77 78 76
    73 69 66 66 70 73 72 68 62 59 59 62 65 67 68 68 68 66 65 65 66 67 67
    66 63 62 61 60 60 60 60 60 58 57 57 58 61 65 68 68 66 66 68 70 69 68
    66 65 66 67 68 67 65 64 64 62 59 57 55 54 55 60 67 72 72 67 61 56 56
    59 63 64 62 61 61 62 64 68 71 72 70 67 64 63 64 64 63 63 64 65 66 67
    68 69 70 70 69 68 70 72 71 67 64 62 61 59 54 52 53 57 63 68 72 73 74
    74 74 71 68 65 63 62 60 59 56 53 52 53 57 63 68 70 69 67 65 65 68 71
    72 70 67 62 60 59 61 65 70 73 73 69 63 58 58 63 68 69 67 64 62 62 63
    65 64 63 63 63 62 58 55 52 50 48 49 52 57 61 62 60 58 56 55 56 60 64
    65 65 64 64 64 68 71 70 67 63 63 64 64 63 62 62 63 60 59 58 56 57 58
    60 63 66 67 67 67 63 59 57 58 59 59 56 53 51 52 56 59 61 63 64 64 64
    64 64 62 59 57 56 56 55 54 55 58 62 65 67 69 68 65 61 57 56 58 66 73
    76 76 74 72 69 67 68 72 75 74 68 62 59 59 62 66 68 69 69 67 65 63 62
    62 61 61 61 60 60 60 61 62 62 63 63 61 59 56 56 58 63 66 67 67 68 70
    71 71 69 67 66 66 66 66 64 61 59 60 59 57 54 52 51 54 60 68 73 73 69
    64 59 57 58 59 60 58 56 55 56 57 61 66 69 68 65 62 61 61 61 61 61 62
    63 63 64 65 68 69 69 68 67 69 70 70 67 64 62 60 57 53 51 53 57 64 69
    71 72 71 71 71 70 69 67 65 62 60 60 59 58 58 59 62 68 72 72 71 70 67
    67 70 73 74 72 68 63 59 58 60 63 66 67 65 60 55 54 57 65 72 74 72 68
    65 63 61 60 59 58 59 60 60 57 54 52 50 50 51 54 57 59 60 59 58 58 59
    60 61 63 63 64 63 62 62 65 68 69 66 64 63 63 63 63 62 64 64 59 58 57
    56 55 57 60 64 67 69 69 67 62 57 56 56 57 55 51 47 46 48 54 59 63 65
    66 66 65 64 64 62 59 55 54 55 56 56 58 62 66 68 70 71 71 70 66 62 59
    60 66 72 74 72 69 67 67 66 67 70 73 71 66 61 58 59 62 66 68 69 67 66
    64 63 62 60 57 56 57 57 57 59 61 62 62 63 64 63 61 58 56 56 60 63 66
    68 69 71 72 72 71 69 68 66 65 64 62 59 58 59 60 58 54 52 52 55 62 69
    73 74 72 68 64 60 58 57 57 56 54 52 52 53 57 62 66 66 63 60 59 59 60
    61 61 63 63 62 61 63 65 67 67 65 64 65 67 67 67 65 63 61 59 56 54 55
    59 64 68 70 70 69 68 68 67 65 64 62 60 58 59 60 61 63 65 67 71 73 73
    71 69 67 67 70 74 75 72 68 62 58 57 59 62 65 64 61 56 52 53 58 66 74
    77 76 72 68 62 58 55 54 55 56 59 59 56 53 52 51 51 53 57 59 60 60 60
    60 61 62 63 63 63 63 63 63 62 61 62 65 66 64 62 61 61 62 61 62 63 64
    62 61 60 59 58 58 61 65 69 71 70 67 62 57 56 56 56 53 47 43 42 47 54
    60 65 66 67 66 65 64 64 63 60 56 54 56 57 58 61 65 69 71 72 73 73 73
    71 67 63 63 67 71 71 68 65 64 64 63 64 66 68 67 64 60 59 60 63 65 67
    67 66 65 64 63 62 58 54 53 54 55 56 58 60 60 61 61 63 64 63 61 58 56
    57 60 63 66 68 70 71 71 70 69 68 66 64 61 59 58 59 62 64 62 58 55 55
    58 64 69 72 73 73 72 69 64 60 58 57 56 54 53 52 52 55 59 63 64 61 59
    57 59 61 63 64 65 65 63 61 62 65 67 66 63 62 62 62 64 64 64 62 61 60
    59 59 59 62 65 67 68 67 67 66 65 63 61 59 58 57 56 57 58 62 64 66 68
    69 70 69 67 65 63 64 68 73 75 72 67 60 56 56 60 63 65 64 61 56 53 53
    58 66 73 77 77 74 68 61 54 51 51 53 56 58 58 56 54 52 52 53 56 59 61
    62 62 63 64 65 66 66 65 63 63 64 65 64 62 61 62 62 61 60 60 60 61 61
    61 62 63 66 66 65 64 62 61 63 66 69 70 69 66 62 59 59 60 58 53 46 42
    42 48 57 64 67 68 67 65 64 64 65 65 63 59 57 58 59 60 62 65 69 72 73
    73 73 73 73 70 67 65 68 71 70 67 64 62 62 60 60 62 65 65 63 61 60 62
    64 65 65 65 65 64 63 63 60 55 52 51 53 55 56 58 59 59 59 60 63 65 65
    64 61 58 56 57 60 63 65 67 67 67 67 66 65 63 61 58 57 57 60 65 68 67
    63 60 59 61 64 67 69 70 72 74 73 68 63 61 60 58 56 54 53 53 54 58 61
    61 59 57 57 59 62 64 66 67 66 64 63 64 67 68 67 64 62 61 60 61 63 62
    61 60 60 61 62 63 65 66 65 65 64 65 64 63 60 58 57 56 56 54 54 56 60
    63 64 64 64 63 62 61 60 58 60 66 72 74 72 66 60 57 58 62 65 67 66 63
    58 54 53 56 63 70 75 76 73 67 58 51 48 49 52 55 58 59 58 56 56 56 56
    58 61 63 64 66 68 68 69 69 67 64 62 61 63 66 66 63 60 60 61 60 60 60
    61 61 61 61 63 63 69 69 69 68 67 65 65 66 67 68 66 63 61 61 63 64 62
    56 49 44 45 52 60 67 69 68 65 64 64 65 68 69 67 63 60 60 61 61 62 65
    68 70 70 70 69 69 71 71 69 67 67 68 67 66 64 63 61 59 58 60 64 66 66
    64 63 64 65 65 64 63 62 62 62 60 56 52 49 50 52 55 56 59 61 61 61 62
    64 66 66 65 62 59 56 55 57 60 62 62 62 62 61 61 60 59 58 56 55 56 60
    66 70 70 66 62 61 61 62 63 64 66 69 74 74 71 66 64 62 60 57 54 54 55
    56 58 59 58 57 56 58 60 63 66 67 68 67 66 65 66 68 68 67 65 62 61 61
    62 63 61 59 58 60 61 63 65 66 66 64 62 62 63 63 61 58 56 56 57 57 55
    55 56 60 63 63 60 57 56 55 56 56 56 58 64 70 73 72 69 63 61 62 65 67
    67 66 64 60 55 53 54 59 67 72 74 72 66 57 50 47 47 51 55 59 61 62 62
    61 60 60 61 63 65 67 69 71 72 72 71 68 63 60 60 62 66 67 64 61 60 62
    63 63 64 63 62 60 60 61 62 69 69 69 70 69 68 67 67 66 65 63 60 58 60
    64 67 65 59 52 48 49 55 62 68 69 66 64 62 64 67 71 73 72 68 64 63 63
    63 63 64 66 68 67 66 64 64 66 68 68 66 65 64 64 64 63 62 61 58 58 60
    63 66 66 65 64 65 66 65 63 61 60 60 58 55 52 49 48 50 52 54 56 60 63
    64 65 66 67 67 66 65 62 58 55 54 55 57 58 59 58 58 57 57 57 57 56 54
    54 55 61 67 71 71 67 63 61 59 58 58 58 61 67 72 74 72 68 66 64 61 57
    55 56 59 60 60 58 57 56 57 59 62 65 67 69 70 69 68 67 66 66 67 65 64
    63 63 64 65 64 61 59 58 59 61 63 65 65 63 61 59 60 60 60 59 57 57 58
    60 60 58 58 60 64 65 63 58 53 51 51 53 54 56 60 65 69 72 73 71 68 66
    66 67 68 68 67 65 60 55 51 51 56 63 70 73 71 66 58 51 47 47 50 56 60
    64 66 67 67 65 63 63 64 66 68 70 72 73 74 73 69 63 59 59 61 65 65 63
    61 61 64 67 68 67 65 62 59 58 58 58 67 67 68 68 69 68 67 65 64 63 61
    58 56 58 62 65 66 62 57 54 54 58 62 66 67 65 63 62 64 67 71 74 74 71
    68 67 66 65 64 64 65 66 66 64 62 60 62 65 66 64 62 60 60 61 62 61 59
    57 57 58 61 63 64 64 64 65 66 66 64 61 60 59 55 51 49 48 50 52 53 54
    55 58 62 64 66 68 70 70 67 64 61 57 55 54 55 57 58 58 57 57 57 57 56
    56 56 55 55 57 62 67 71 70 67 63 60 58 55 54 55 59 65 70 72 70 67 66
    65 62 59 58 60 63 64 63 60 57 57 59 61 64 67 69 70 71 71 69 67 65 64
    63 62 62 63 65 67 68 66 62 59 58 59 60 62 63 62 59 57 56 56 57 57 57
    58 60 61 62 63 62 64 66 68 67 63 57 52 50 51 53 56 59 63 67 70 72 73
    73 71 69 69 69 68 68 67 65 60 54 50 49 53 60 67 71 71 67 60 53 48 47
    50 55 61 66 69 70 69 67 64 63 64 66 67 68 69 71 74 74 70 65 62 60 61
    62 61 60 60 62 66 69 70 69 66 62 58 56 55 55 67 66 67 67 67 65 64 63
    63 63 62 59 57 56 59 62 64 63 60 58 58 60 62 65 67 66 64 62 63 65 68
    72 74 74 73 72 71 68 64 63 63 65 66 66 64 62 62 63 64 63 60 59 59 60
    60 59 57 56 56 57 59 59 59 60 62 65 67 67 65 63 62 60 56 51 50 51 53
    56 55 53 52 54 58 61 64 68 71 71 68 64 60 57 55 55 57 60 61 60 59 58
    58 58 58 58 57 56 56 58 63 68 70 70 67 64 60 57 54 53 55 59 64 67 68
    65 64 64 65 63 61 60 62 65 66 65 61 58 58 60 63 66 68 70 71 72 71 69
    66 65 63 61 59 60 62 66 69 70 68 63 59 57 57 58 58 58 56 54 51 50 51
    52 54 56 59 61 63 64 64 65 68 70 70 68 63 57 53 52 53 55 58 62 67 71
    72 72 72 72 72 71 69 69 68 67 66 63 59 53 48 48 51 57 64 69 70 67 60
    53 48 46 49 54 60 66 69 70 69 66 65 64 65 65 64 64 66 69 73 74 72 68
    64 61 60 59 57 57 59 62 66 69 70 68 64 60 57 56 54 54 67 67 68 68 66
    63 62 62 62 63 64 62 59 57 57 59 61 62 61 61 61 61 63 66 67 67 65 63
    62 62 64 69 73 76 77 78 75 70 65 61 61 63 66 67 67 66 65 64 63 63 61
    59 59 59 59 58 56 55 56 57 58 57 56 56 59 64 68 69 68 66 64 62 59 56
    54 55 57 58 57 54 52 53 55 57 61 66 70 71 69 65 61 57 55 56 59 62 64
    63 62 60 60 60 60 60 58 57 58 60 64 67 69 70 69 65 61 58 54 54 56 60
    63 64 63 61 60 63 65 65 63 63 64 66 67 66 62 60 60 62 65 67 69 70 71
    72 71 69 67 66 65 62 59 58 61 67 70 71 69 65 61 59 58 57 56 55 52 49
    46 45 45 46 49 53 58 61 63 64 65 66 69 71 70 65 60 55 53 53 55 57 60
    64 70 73 73 71 70 71 72 72 70 69 67 66 64 61 57 52 48 48 51 55 60 65
    67 65 60 54 49 48 50 55 61 66 69 69 66 64 64 65 65 64 63 62 64 68 72
    73 71 68 65 63 61 59 57 57 59 63 67 69 68 66 62 59 57 57 57 58 68 69
    70 70 67 64 62 62 63 64 64 62 60 59 59 59 61 61 62 62 61 62 63 65 67
    67 65 62 61 60 62 66 72 77 79 80 78 72 65 60 58 60 64 68 70 71 69 66
    64 63 62 61 60 60 60 59 57 56 57 59 60 59 57 56 58 62 67 70 70 69 68
    65 63 61 59 59 59 59 57 55 55 55 56 57 60 63 67 68 67 64 61 58 56 56
    59 62 65 65 64 61 60 60 61 61 59 58 58 60 63 66 67 68 67 65 62 59 57
    57 60 63 64 62 59 56 58 62 65 66 66 66 67 68 69 67 63 61 61 64 66 68
    69 70 71 72 72 71 70 69 68 64 60 59 62 67 72 72 71 68 65 63 61 58 56
    54 50 46 42 40 40 42 45 50 55 60 62 63 64 66 68 68 66 62 56 53 52 53
    54 56 59 64 69 72 72 70 70 71 72 72 71 69 67 65 63 59 55 51 49 49 52
    55 58 62 64 63 60 56 54 53 54 57 62 66 67 65 62 61 62 65 66 65 63 62
    65 69 72 72 69 66 65 65 64 62 60 60 62 66 69 70 69 65 61 57 57 59 61
    63 70 70 72 72 69 66 65 65 64 63 61 59 59 60 62 63 63 62 62 61 60 60
    61 64 65 65 63 61 60 60 62 67 72 77 80 81 79 73 66 60 57 58 62 68 72
    75 73 68 63 61 61 60 60 62 63 62 59 57 57 60 62 62 60 57 57 61 66 71
    73 73 71 68 66 65 63 61 59 58 56 56 56 57 58 59 60 62 63 64 65 63 62
    60 58 57 58 61 65 67 65 61 58 58 60 60 58 58 58 60 63 65 64 63 62 62
    61 60 61 62 65 66 64 60 56 54 57 62 64 66 67 68 70 70 70 68 63 61 61
    64 66 67 67 68 70 72 74 74 73 73 71 67 64 63 66 70 73 72 70 69 68 67
    64 61 58 55 51 46 42 40 40 42 45 50 54 57 59 61 63 64 65 65 63 59 55
    53 52 53 53 54 56 61 67 69 70 70 71 72 73 72 71 69 67 65 62 58 54 50
    49 51 53 57 59 62 64 63 61 61 60 59 58 60 63 65 65 62 58 58 61 65 67
    66 65 65 67 70 71 69 66 64 65 67 68 68 66 66 68 71 73 73 71 66 61 58
    58 62 66 67 71 71 72 72 71 70 69 68 65 62 58 55 56 60 65 67 67 65 63
    62 60 59 60 62 63 63 63 62 61 62 65 69 73 75 78 80 79 75 68 62 57 57
    60 66 72 75 73 67 61 58 58 58 61 65 68 66 62 57 56 58 63 65 62 59 57
    59 65 71 75 75 73 69 66 65 63 61 59 57 55 54 56 57 58 59 60 61 61 62
    63 64 64 63 61 59 59 62 65 67 65 61 58 57 57 57 56 57 59 62 64 63 61
    58 57 58 61 64 66 69 70 68 63 57 53 54 58 63 65 65 67 69 71 71 70 68
    63 60 59 62 64 64 65 66 69 73 76 77 76 75 72 70 68 69 72 74 74 71 68
    67 67 67 64 61 58 56 54 50 47 44 44 46 49 53 55 56 56 58 61 62 62 62
    61 59 58 57 57 56 54 53 55 59 64 67 68 70 73 74 74 72 69 67 66 65 64
    60 56 52 51 52 55 59 62 64 64 64 63 64 65 64 63 63 65 67 66 62 59 59
    62 66 68 67 67 68 69 70 68 64 61 61 64 68 71 72 71 71 74 77 78 77 73
    68 63 60 60 64 68 70 71 71 70 70 70 71 72 71 68 62 56 52 53 59 66 70
    71 69 67 64 61 59 59 60 62 63 64 64 64 66 69 72 73 73 73 76 78 76 70
    64 59 57 59 65 70 72 69 64 58 55 55 57 61 68 72 71 65 59 55 57 62 65
    64 61 58 60 65 71 75 75 72 67 64 63 63 62 60 58 55 53 53 54 56 58 59
    60 61 63 64 65 66 65 63 61 60 62 65 66 64 61 58 57 56 55 55 58 61 63
    64 62 58 55 54 56 61 67 71 73 72 68 62 55 52 53 59 64 65 65 67 69 69
    69 68 67 63 59 58 60 62 62 63 65 70 74 78 79 77 74 72 70 71 74 77 77
    73 68 64 63 64 64 62 60 59 58 57 55 52 49 49 50 53 56 56 56 56 58 61
    62 63 63 63 64 64 66 66 64 60 57 57 60 64 66 69 72 75 76 75 71 67 65
    65 65 66 64 60 55 52 52 55 59 63 65 65 64 64 65 66 66 65 66 68 70 69
    66 62 62 63 65 67 67 68 69 70 68 64 59 58 59 64 68 72 74 74 75 78 82
    83 80 76 71 66 62 62 64 67 68 69 68 67 66 67 70 72 73 70 64 58 53 54
    58 65 70 72 72 71 67 64 61 59 60 61 64 66 67 68 70 73 73 71 68 68 72
    75 74 69 63 59 57 59 63 66 66 63 58 54 53 53 56 62 70 74 73 68 61 56
    57 61 65 66 63 61 61 65 70 74 73 69 64 61 62 63 65 64 61 58 55 53 53
    54 56 58 60 63 65 66 67 66 65 63 61 60 62 64 65 64 62 60 59 57 55 56
    58 62 63 63 61 57 54 52 55 61 68 72 72 70 66 60 55 52 53 58 62 63 64
    65 65 65 65 66 65 62 59 58 59 62 63 65 68 72 77 80 79 75 72 70 69 71
    76 79 77 73 66 62 61 62 63 62 61 61 62 61 59 56 53 51 52 54 57 57 57
    57 59 62 64 65 66 68 70 72 74 75 72 68 64 62 64 66 69 72 76 78 79 76
    71 66 64 64 65 66 66 63 58 54 52 54 59 64 66 65 64 64 65 67 66 66 67
    70 72 71 69 65 63 62 63 63 64 66 69 70 67 62 57 56 58 63 68 72 74 75
    78 82 85 86 83 78 72 68 65 63 62 62 63 67 66 64 62 63 66 69 71 70 66
    61 57 57 59 64 69 72 74 73 70 67 63 61 60 62 65 67 68 69 72 74 72 67
    63 63 67 70 70 66 61 58 57 58 61 62 60 57 54 52 51 53 56 63 69 73 72
    68 62 58 58 62 66 67 66 63 63 65 68 70 68 64 60 60 62 65 68 68 66 63
    60 58 57 56 56 58 61 64 67 67 66 64 63 62 61 62 63 64 65 65 65 64 62
    60 59 59 61 63 64 63 61 58 54 52 55 61 67 70 69 66 62 59 55 52 52 55
    58 60 61 61 60 60 60 61 62 61 60 59 60 63 67 70 72 75 78 79 76 72 69
    68 68 70 74 76 74 70 65 61 61 63 65 65 65 65 66 65 62 58 54 51 51 53
    56 59 60 60 62 65 66 68 69 71 74 76 78 79 77 74 71 68 67 68 71 74 78
    81 82 79 73 68 65 64 65 66 66 64 61 57 54 54 58 63 65 65 63 63 64 65
    65 65 66 68 69 69 67 64 61 58 57 58 60 63 67 69 68 63 59 57 58 61 65
    69 72 75 79 83 86 86 82 77 72 68 65 62 59 57 57 66 66 64 61 60 62 65
    67 67 66 64 62 62 63 65 68 72 74 73 70 67 64 62 60 60 63 64 65 67 70
    72 69 64 60 60 63 65 65 62 58 57 57 58 59 58 56 54 52 52 52 53 57 62
    67 68 67 65 62 60 61 64 66 68 67 65 64 65 67 66 63 59 57 59 63 68 70
    71 70 69 67 65 64 61 59 59 61 64 66 66 64 61 60 60 61 63 65 66 67 67
    66 66 65 64 64 65 66 67 67 66 64 60 56 53 55 60 65 67 66 63 61 59 57
    54 52 51 53 55 56 56 55 55 56 57 59 60 60 60 62 66 71 74 77 78 78 77
    73 69 67 67 68 68 70 71 69 67 63 61 61 65 68 70 71 70 69 67 64 60 55
    51 49 51 55 59 62 63 64 65 66 68 69 72 74 75 76 76 76 75 73 71 69 68
    70 74 78 82 84 82 77 72 68 66 66 66 67 66 65 62 59 57 59 62 63 63 61
    61 61 62 63 63 63 64 65 65 63 61 58 55 53 54 57 62 67 70 70 67 63 60
    60 61 63 67 72 76 79 81 82 80 76 71 67 64 63 61 58 56 55 66 66 65 62
    60 59 60 63 64 65 66 66 67 68 68 70 72 73 71 69 67 64 61 58 57 58 60
    61 63 66 68 66 62 60 59 60 61 60 58 57 57 59 59 58 56 54 53 53 53 54
    56 59 62 64 64 63 62 62 63 63 65 66 67 67 66 66 66 66 64 60 56 56 59
    65 69 70 70 70 70 70 70 68 65 61 59 60 62 64 64 62 59 57 58 61 65 67
    67 67 66 66 65 64 65 67 71 72 72 71 69 66 62 58 54 56 61 65 66 65 63
    61 62 61 57 52 49 49 52 53 52 51 52 53 55 57 59 60 61 63 67 73 77 78
    78 76 74 70 68 68 68 68 67 66 66 65 64 62 60 61 65 70 74 76 75 74 71
    67 63 58 53 50 50 55 60 63 64 63 63 63 65 67 69 70 71 70 70 70 71 72
    70 68 66 67 71 76 80 82 80 76 72 70 68 68 69 70 71 71 68 65 62 62 62
    62 61 60 59 59 60 61 62 62 62 62 61 61 60 58 55 53 54 58 64 70 73 73
    69 66 63 62 63 65 68 72 75 77 77 75 72 68 63 60 59 59 58 57 56 55 66
    66 65 62 59 57 56 58 60 63 66 68 70 71 71 72 73 73 72 70 68 64 60 57
    55 55 57 58 61 64 66 66 64 62 60 58 57 55 55 56 58 60 61 59 57 55 54
    55 57 59 61 62 63 63 62 62 63 64 65 66 65 65 66 67 67 67 66 65 62 58
    55 56 62 67 70 69 68 68 69 70 70 69 65 61 58 59 60 62 63 62 60 58 59
    61 64 66 65 65 64 63 61 60 62 66 71 75 75 72 69 66 63 60 57 58 61 64
    66 64 63 63 64 64 60 54 49 49 51 52 51 51 52 53 54 56 58 59 61 64 67
    72 75 77 75 72 70 67 67 68 69 68 66 63 62 62 63 62 60 60 63 69 75 79
    79 77 74 70 66 62 57 54 53 56 61 63 63 62 60 60 61 63 65 66 66 64 63
    63 65 68 68 66 65 65 68 72 75 76 73 70 68 68 69 70 71 73 75 75 73 69
    67 66 65 64 63 61 60 60 61 62 63 62 61 60 60 61 61 59 57 55 57 62 68
    73 74 73 70 67 66 66 67 68 70 72 73 72 69 65 62 60 58 57 56 57 57 57
    56 56 63 63 63 61 58 54 53 55 57 60 64 68 71 73 73 74 74 75 74 73 71
    66 60 56 54 55 57 59 61 64 66 68 68 66 63 58 54 52 51 54 57 60 62 61
    59 58 58 59 60 62 64 64 64 63 63 64 65 66 67 67 66 66 67 68 68 68 67
    65 61 57 56 58 64 70 71 68 66 65 67 68 69 68 64 60 58 58 60 62 63 63
    62 61 60 62 63 63 62 63 62 60 57 55 57 62 68 72 73 70 67 65 65 64 62
    62 64 65 65 64 63 63 65 66 62 56 52 53 54 54 53 54 55 55 56 57 58 60
    63 65 68 71 73 73 71 67 64 63 64 67 68 67 64 60 58 59 60 61 60 60 63
    69 76 80 81 79 76 73 69 65 61 57 56 58 61 62 61 59 58 58 60 62 63 64
    63 61 59 59 62 66 67 66 65 65 67 69 70 69 66 63 62 64 67 70 73 75 77
    77 74 70 69 69 69 68 68 66 65 64 64 65 66 64 62 61 61 62 61 59 57 57
    59 64 69 73 74 72 70 68 69 70 71 72 71 71 69 66 61 58 57 57 58 58 58
    57 57 57 56 56 62 62 61 59 57 54 53 55 57 60 63 67 70 72 74 75 75 76
    78 77 74 68 60 55 54 55 57 58 61 65 68 71 72 70 65 59 53 49 48 50 54
    58 61 62 62 62 63 63 64 65 66 65 64 63 63 65 66 67 68 68 67 67 68 69
    70 69 67 64 61 58 57 60 67 72 73 70 66 66 66 67 67 66 63 60 59 60 61
    62 63 63 63 62 62 61 61 60 59 60 60 58 55 53 54 59 64 68 68 65 62 63
    67 70 70 69 68 68 66 63 62 63 65 66 63 58 56 58 60 59 59 59 59 58 58
    59 60 63 66 69 70 71 71 70 67 64 61 60 62 65 67 66 62 57 54 54 56 59
    61 62 65 71 77 81 82 80 77 74 71 67 63 59 58 59 60 59 57 56 56 58 61
    62 62 62 62 60 59 60 62 66 68 68 67 67 68 69 68 65 60 57 56 59 64 69
    73 76 77 75 71 68 67 69 71 72 73 72 70 69 68 68 67 66 64 63 63 62 60
    57 55 56 59 64 68 71 71 71 70 70 71 73 74 73 70 67 64 60 56 55 56 59
    61 61 60 60 59 58 57 57 62 62 61 59 57 56 57 59 60 62 65 68 69 71 72
    73 74 76 79 79 76 69 61 55 54 55 55 56 59 64 68 72 73 71 66 60 53 48
    46 46 49 54 58 61 63 65 67 66 66 65 66 64 62 61 61 63 64 65 66 66 67
    67 68 69 70 69 67 63 59 57 57 61 67 73 74 72 70 68 67 66 66 66 65 64
    63 62 62 62 61 61 61 61 61 61 60 59 58 58 57 55 53 52 54 57 61 63 62
    59 57 60 68 75 78 77 73 70 66 64 63 64 66 66 63 60 59 62 64 63 62 61
    60 59 59 59 61 65 69 72 74 73 72 69 67 64 61 60 62 66 68 67 62 57 53
    52 54 58 62 65 68 73 77 80 81 79 77 74 70 66 62 59 58 59 58 55 53 53
    55 59 63 63 62 62 62 62 62 63 64 66 68 69 69 70 71 72 70 65 59 54 53
    55 60 66 71 74 75 72 67 64 64 66 71 74 76 75 73 71 69 67 66 66 66 66
    65 63 59 55 54 57 60 64 66 68 69 70 69 70 72 74 74 71 68 63 59 56 55
    55 58 61 62 62 61 61 61 59 58 58 63 63 62 60 59 59 61 64 66 67 68 69
    69 70 70 71 72 74 77 78 75 69 62 57 56 55 53 52 55 61 66 70 71 70 65
    59 53 47 45 45 48 52 56 60 63 65 67 66 66 66 66 65 62 59 57 58 60 61
    62 63 64 66 67 69 69 68 64 60 56 54 55 59 66 72 75 75 73 70 67 66 65
    67 69 69 68 65 63 61 59 58 59 60 60 61 61 60 59 57 56 54 54 54 56 58
    59 59 58 54 53 58 67 77 82 80 75 70 66 65 64 65 66 64 61 59 60 62 63
    62 60 60 59 59 59 59 61 65 70 74 75 74 72 69 68 67 65 64 66 69 71 69
    64 57 53 51 53 58 63 65 68 72 76 77 77 76 74 72 68 64 60 57 56 56 55
    51 50 51 55 61 64 64 63 63 63 64 64 64 64 65 66 67 69 71 73 74 72 66
    59 55 53 54 57 61 66 70 71 68 64 61 61 64 70 74 76 74 71 68 65 63 63
    65 68 70 69 66 63 59 58 61 64 66 66 67 68 68 67 67 68 70 71 68 64 60
    56 54 55 57 60 61 62 60 60 62 62 61 60 60 65 65 64 62 61 62 65 68 70
    71 71 71 70 69 69 69 70 71 72 72 70 67 62 59 58 56 53 51 53 58 64 68
    69 67 64 60 55 49 47 48 50 54 57 59 61 62 63 64 65 67 67 66 62 57 54
    53 55 57 58 61 63 65 67 68 68 64 60 55 52 52 54 58 64 70 74 75 74 71
    67 65 65 68 72 74 72 68 64 61 58 58 59 60 60 61 62 62 60 58 56 56 57
    59 60 59 58 56 54 52 51 56 65 75 81 80 74 69 66 65 64 64 64 62 58 56
    57 60 60 58 56 56 57 58 59 59 60 64 67 71 73 72 70 69 69 69 69 69 71
    73 73 69 63 56 52 51 54 58 62 64 66 69 72 73 73 72 71 69 67 63 60 56
    55 54 52 50 50 52 57 61 64 64 64 64 65 65 64 63 62 61 62 65 67 70 73
    74 71 67 61 57 54 53 54 57 61 66 68 66 62 59 59 62 68 72 73 70 65 61
    58 57 59 64 70 73 74 72 69 67 67 68 69 68 67 66 66 65 63 62 62 65 67
    66 63 59 56 56 57 59 61 61 60 58 59 63 64 63 62 62 65 66 66 65 64 66
    68 70 73 74 74 72 69 68 67 68 68 68 66 64 63 62 60 59 58 57 54 51 53
    58 63 67 69 68 66 62 58 53 51 53 55 58 59 59 58 57 58 61 64 66 67 66
    63 58 54 52 53 55 57 60 63 66 67 66 65 60 55 51 49 50 52 56 61 66 70
    72 72 69 67 65 65 68 72 75 73 69 65 62 60 59 61 62 63 63 64 64 63 61
    60 60 62 63 63 60 57 54 52 50 50 54 62 71 77 76 72 68 66 65 63 61 60
    58 55 54 55 57 56 54 53 55 58 60 61 60 60 62 64 66 68 68 66 66 67 68
    70 72 74 75 73 67 60 54 52 52 54 58 61 63 64 67 69 69 68 67 67 67 66
    64 60 56 55 54 53 52 53 55 58 61 62 63 64 65 66 65 62 59 58 58 60 62
    64 67 70 71 69 66 62 59 56 54 53 55 59 64 66 65 61 58 57 60 66 70 70
    66 60 55 52 53 56 63 70 75 76 76 75 75 75 74 72 69 66 64 63 62 59 57
    57 60 64 64 63 61 59 59 59 60 61 60 59 58 60 64 66 64 63 62 64 65 66
    67 67 68 70 72 74 75 74 71 68 66 65 65 66 64 61 58 57 58 57 57 56 56
    54 53 54 59 64 68 70 71 69 66 61 57 55 57 60 63 62 60 56 55 56 60 64
    66 66 65 62 59 57 56 56 57 60 62 65 66 66 64 61 58 54 50 48 49 52 55
    59 63 66 68 69 67 65 63 63 65 68 70 70 67 65 63 61 61 63 64 66 66 67
    67 67 67 66 66 67 66 64 60 55 52 50 49 49 51 57 65 70 71 68 67 66 64
    60 57 55 53 52 52 54 55 54 52 53 57 62 65 65 62 60 60 61 63 63 63 62
    61 62 64 67 71 73 73 70 64 57 53 52 53 55 57 59 61 63 66 67 66 63 62
    63 65 66 64 61 59 57 56 56 56 56 58 60 62 62 63 64 65 66 64 60 57 55
    56 58 60 62 64 66 67 66 65 63 61 59 57 56 56 59 62 64 62 59 57 56 59
    63 68 68 64 57 52 50 51 56 63 69 73 75 77 77 77 76 74 71 67 64 61 59
    58 56 54 55 58 62 65 65 64 63 62 61 60 60 60 60 60 62 65 66 64 61 60
    63 64 66 66 67 69 71 73 75 75 73 70 66 64 62 62 62 60 56 54 54 55 55
    54 54 55 55 55 57 60 64 68 71 72 72 68 62 57 56 58 63 66 66 62 57 55
    58 62 65 65 63 62 60 59 59 60 61 62 64 66 67 67 64 62 59 57 55 52 50
    51 53 56 58 61 62 64 65 63 62 61 61 62 64 65 65 65 64 64 62 62 63 66
    68 68 68 69 70 71 72 71 69 66 63 59 55 52 51 50 49 50 53 59 63 65 65
    65 65 63 58 53 52 51 50 51 53 54 53 53 56 62 68 70 68 62 59 59 60 61
    62 61 59 58 57 59 63 67 69 67 63 59 55 52 53 54 55 56 58 60 63 64 64
    62 60 58 60 62 64 64 63 62 61 60 59 58 58 59 61 63 64 65 66 67 67 65
    60 56 54 55 58 60 62 63 64 63 63 63 63 63 63 63 62 60 60 60 60 58 56
    55 56 58 61 66 67 64 58 53 50 51 55 61 66 70 73 75 76 75 72 68 66 64
    61 59 57 56 55 55 55 59 63 67 68 67 64 62 59 58 58 60 61 62 63 65 64
    61 59 58 64 65 65 65 65 68 71 73 73 72 70 68 65 63 61 60 59 56 54 52
    53 54 54 53 53 54 55 57 59 62 65 68 70 72 71 66 60 55 55 58 63 67 67
    63 59 57 60 65 66 65 62 59 58 58 59 61 63 65 67 68 68 66 62 59 58 58
    57 55 53 53 54 57 59 60 60 61 62 60 60 59 61 62 63 63 62 63 63 64 63
    63 64 66 68 67 67 68 71 73 74 73 70 66 62 60 57 55 54 52 52 51 51 54
    58 62 63 64 64 61 56 51 51 51 51 52 53 54 54 55 59 65 70 71 67 61 57
    56 59 61 63 63 60 57 56 57 61 64 64 62 58 55 53 53 54 56 55 55 56 58
    61 62 61 59 58 57 58 60 62 63 64 64 64 63 60 58 57 58 61 63 66 67 68
    67 67 65 62 58 56 57 60 62 62 63 63 62 60 60 61 64 66 68 67 64 61 58
    56 53 52 53 55 58 61 65 67 65 60 55 52 52 54 58 62 66 70 73 73 71 66
    62 61 61 60 58 57 57 57 57 59 62 66 69 69 66 62 57 54 54 56 59 61 61
    62 61 60 58 57 57 66 66 64 64 65 68 71 72 71 68 67 66 65 64 62 60 58
    56 54 54 55 56 56 55 54 55 56 57 61 63 65 67 68 68 67 63 58 54 55 58
    63 66 66 63 60 59 63 67 67 65 61 58 56 56 57 59 60 62 64 65 64 62 59
    58 58 60 61 59 55 54 55 58 60 61 61 62 62 60 59 60 63 67 68 67 65 64
    63 64 64 65 66 67 67 65 64 65 69 72 73 71 68 64 62 61 61 60 59 57 55
    53 51 52 56 60 62 63 63 60 55 52 52 53 54 55 56 56 57 59 61 65 67 67
    63 57 54 54 57 61 64 64 62 60 58 59 62 64 62 58 55 54 53 54 56 57 56
    55 56 58 60 61 61 59 59 59 59 60 61 62 64 66 66 64 61 57 56 56 59 62
    65 67 67 67 66 66 65 62 60 61 62 63 63 63 63 61 60 59 60 64 68 70 69
    66 61 56 52 49 50 52 56 59 62 65 66 65 61 57 53 52 53 56 59 63 68 72
    71 67 62 59 59 60 60 59 59 59 60 61 63 66 70 71 69 63 57 52 49 51 55
    59 60 59 58 57 56 57 58 59 68 67 65 65 66 70 72 71 69 65 63 63 64 64
    63 61 58 58 58 59 60 60 59 58 57 57 57 59 61 64 65 65 65 65 64 61 58
    56 57 59 62 64 63 61 59 61 65 68 67 65 61 57 54 53 54 54 55 56 58 59
    58 57 56 57 59 62 64 62 57 54 55 59 61 63 64 66 65 62 60 62 68 75 77
    75 71 67 64 64 64 66 69 70 68 65 63 64 68 70 70 67 65 62 62 63 64 65
    65 63 60 55 52 51 54 58 61 62 61 60 57 55 56 58 59 58 58 59 60 62 62
    63 63 62 60 56 53 53 55 58 62 64 64 63 62 63 65 65 62 58 55 54 55 57
    58 58 56 56 57 60 62 62 62 61 61 62 61 60 60 60 62 65 66 65 62 59 56
    56 57 60 63 65 65 65 65 66 67 66 65 65 66 65 64 63 63 62 60 59 61 65
    69 71 70 66 61 54 50 48 50 53 58 62 64 64 64 63 60 57 54 53 55 57 59
    63 68 71 70 66 62 60 61 61 61 60 60 61 62 64 66 69 72 71 67 61 54 50
    48 52 57 61 61 58 55 54 55 58 60 62 70 69 67 68 70 72 73 72 68 64 62
    61 62 63 63 61 60 62 64 65 65 63 61 60 59 59 60 61 63 64 64 64 63 63
    63 63 62 62 62 62 62 62 60 59 59 61 66 68 67 64 60 56 52 51 51 51 51
    51 53 54 54 54 55 57 60 63 66 64 60 56 57 60 63 66 68 70 68 63 61 64
    72 81 84 82 77 70 65 63 63 65 69 70 69 65 64 65 67 68 65 63 61 61 62
    64 67 69 69 67 63 58 54 52 54 57 58 58 57 57 57 57 59 61 62 60 59 60
    61 62 62 60 59 59 59 58 55 53 53 55 59 62 64 64 63 64 65 63 60 56 55
    54 56 59 60 59 57 57 60 63 64 64 63 63 63 63 62 60 58 58 59 61 63 64
    63 61 59 57 57 58 60 62 62 62 62 63 65 66 67 68 68 67 64 63 63 63 62
    61 63 66 69 71 69 66 60 55 51 50 53 56 60 63 65 64 62 60 59 57 56 56
    58 60 62 65 68 70 69 66 63 62 63 63 63 62 62 62 63 66 67 69 71 70 66
    61 56 53 52 55 60 63 62 57 54 53 55 58 61 63 73 73 71 72 74 75 75 73
    70 66 63 61 62 63 62 61 62 64 66 67 66 64 62 60 60 61 62 63 64 63 63
    63 63 64 66 67 68 67 66 64 62 60 58 58 59 61 65 67 65 62 58 54 51 50
    51 51 50 50 51 52 53 54 56 58 60 64 67 66 62 59 60 64 67 70 73 73 70
    64 61 65 75 83 87 84 78 71 65 62 61 63 66 68 67 66 66 67 68 66 63 61
    61 62 64 67 69 71 71 68 64 60 58 56 56 56 54 52 51 52 54 57 61 63 63
    61 60 60 61 62 60 57 56 58 60 61 59 56 53 53 56 60 63 63 62 61 61 59
    56 53 53 55 58 61 61 59 58 59 62 65 65 64 63 63 63 63 62 59 56 54 54
    55 57 60 61 62 61 59 57 57 59 60 61 60 59 59 61 63 65 68 69 68 65 63
    64 65 64 64 65 67 70 71 70 67 62 57 54 55 57 60 62 64 65 64 62 61 61
    61 61 62 63 65 66 68 70 70 68 66 65 65 66 66 65 64 63 63 64 66 69 70
    71 70 68 64 61 58 57 59 62 63 62 58 54 54 55 58 60 61 76 76 75 76 76
    76 75 74 72 69 66 64 63 63 62 61 61 63 65 64 62 61 60 60 61 62 64 66
    66 63 62 62 64 67 70 72 72 71 69 66 62 59 59 59 59 61 64 65 64 60 57
    53 51 52 54 54 53 53 53 53 54 56 58 59 60 63 67 67 65 63 65 69 72 75
    76 74 69 63 60 65 74 83 86 83 76 69 64 61 61 62 65 66 66 66 67 68 68
    66 64 64 64 66 67 69 72 73 72 69 65 63 62 61 60 57 52 47 45 46 50 56
    61 64 64 61 60 59 60 60 59 56 55 58 62 63 61 58 55 54 57 60 61 60 57
    56 54 52 50 50 52 55 59 62 61 59 58 59 61 63 63 61 61 62 63 63 61 58
    55 52 51 50 52 55 57 60 59 57 56 57 60 62 62 60 56 54 54 57 61 66 69
    68 66 65 66 67 67 66 66 68 71 73 73 69 64 59 58 59 62 62 62 63 63 63
    63 64 65 66 67 68 68 68 69 70 71 70 68 67 67 68 69 68 67 65 64 64 65
    68 71 72 72 71 70 69 67 65 62 61 62 62 61 58 55 54 54 55 56 57 76 76
    77 77 76 74 74 74 74 71 69 66 64 63 62 60 59 59 60 58 57 57 58 60 62
    64 66 67 67 64 62 62 65 68 71 73 73 72 69 66 63 61 61 61 60 61 63 65
    64 61 58 56 55 57 60 60 60 59 58 57 57 59 61 61 60 62 65 67 66 66 69
    73 77 78 76 72 66 61 59 64 73 81 83 80 73 66 61 61 61 63 64 65 66 67
    68 68 67 66 65 66 68 69 69 71 73 74 73 70 66 65 66 66 64 58 52 46 43
    44 49 55 60 63 63 61 59 59 61 62 61 58 57 59 62 63 63 61 59 58 60 62
    61 58 54 50 49 48 47 49 52 56 59 60 58 56 56 57 59 59 59 59 61 64 64
    64 62 58 55 52 51 50 51 52 54 55 55 54 55 58 62 65 65 62 56 51 49 52
    58 64 67 68 67 66 67 68 68 66 66 68 71 74 73 69 63 59 59 62 65 64 63
    62 62 62 63 66 69 71 72 71 70 69 69 69 70 69 68 68 69 71 71 70 69 66
    64 65 67 71 73 73 72 71 70 71 71 69 66 63 62 61 60 58 56 54 53 53 54
    54 77 77 76 76 73 70 69 70 71 70 69 67 64 63 61 58 55 54 53 52 52 54
    57 60 63 65 67 67 67 64 62 62 64 67 69 70 71 70 68 66 64 62 62 62 61
    61 63 65 66 64 62 61 62 64 67 68 68 67 65 63 62 64 64 62 58 58 61 64
    65 66 69 74 77 78 75 71 66 63 62 65 71 78 79 76 69 62 59 60 61 63 65
    66 67 68 68 66 64 64 66 69 70 71 70 71 73 75 74 72 68 67 68 68 66 60
    54 49 46 47 50 55 59 62 62 60 58 60 63 65 65 62 59 60 62 62 63 64 64
    64 66 66 62 57 52 48 47 47 48 51 54 56 57 57 54 53 54 56 57 57 56 57
    61 65 66 65 62 59 56 54 54 54 54 53 52 53 53 53 55 60 65 69 69 66 59
    52 49 51 56 62 66 68 67 67 67 67 66 65 65 67 71 74 73 67 61 59 60 64
    66 65 63 61 61 60 62 65 69 72 72 71 69 68 67 67 67 68 68 70 72 73 74
    74 72 69 66 66 68 71 72 71 69 67 66 68 69 69 67 64 62 61 60 59 57 53
    52 52 53 54 78 78 76 73 68 63 61 63 65 66 66 64 62 61 59 56 52 49 49
    49 50 53 57 60 62 64 65 66 66 64 63 62 64 66 67 67 67 66 65 65 63 63
    63 62 62 62 64 66 67 67 67 67 67 69 72 74 75 75 72 69 68 68 66 61 56
    55 58 61 63 64 66 71 74 75 74 71 69 67 66 68 71 75 74 71 64 58 57 59
    62 64 66 68 69 68 66 63 61 61 65 69 71 71 69 70 71 73 73 71 69 67 68
    69 66 62 57 53 51 51 52 55 57 59 60 59 59 61 65 67 66 63 61 62 62 64
    65 67 68 69 70 69 64 59 53 49 48 48 50 54 56 56 55 52 50 50 52 55 55
    55 55 57 62 66 66 64 61 58 56 55 56 57 57 55 53 53 53 55 58 62 67 71
    72 69 64 58 54 54 57 60 64 66 66 66 66 65 64 62 61 64 69 72 71 66 61
    60 61 63 64 63 62 61 61 59 59 62 66 69 70 68 67 66 66 65 65 66 68 71
    73 75 76 77 76 73 69 67 68 69 69 67 65 63 62 63 65 67 66 64 63 62 61
    60 57 53 51 52 54 55 78 78 75 70 63 57 54 55 58 60 62 61 59 58 57 55
    51 48 48 49 51 54 56 58 60 61 61 61 63 63 63 63 64 65 65 64 63 61 60
    61 61 61 61 62 63 64 65 67 68 69 69 69 70 72 75 77 79 79 76 73 71 69
    65 59 53 53 56 60 62 62 63 66 69 71 73 73 73 73 72 71 72 72 69 65 60
    56 57 60 64 66 68 71 72 70 66 61 59 61 65 70 71 70 68 67 67 68 68 67
    66 65 66 67 65 62 60 58 57 57 56 56 57 58 60 60 61 62 65 66 66 64 63
    64 65 67 69 70 70 70 70 68 65 61 57 53 50 49 52 56 57 56 53 51 49 51
    54 55 55 54 55 57 61 64 64 62 60 58 57 56 57 58 58 55 53 53 55 57 61
    65 68 71 72 70 67 63 60 59 58 59 62 64 65 65 64 63 61 59 59 61 66 70
    70 67 63 62 61 60 60 60 61 62 63 61 59 59 62 66 67 66 66 66 66 64 63
    65 68 71 73 74 76 78 79 77 72 68 66 65 66 65 65 62 60 60 62 63 64 63
    63 63 63 62 59 55 53 54 57 58 76 76 72 67 59 53 51 51 53 56 58 58 57
    57 57 57 54 52 51 51 53 55 57 57 56 55 55 56 59 63 65 66 67 66 64 62
    59 57 56 57 58 59 60 62 64 65 66 66 67 67 67 68 69 71 74 77 78 78 76
    73 71 68 64 58 54 54 57 61 63 63 62 62 64 67 71 74 75 76 76 75 73 70
    66 61 57 56 59 64 67 70 72 74 74 71 66 62 60 62 66 71 72 70 67 65 64
    63 62 62 61 61 62 63 63 62 62 62 63 63 62 61 60 60 61 62 62 63 64 65
    65 65 66 67 69 70 72 72 70 68 66 64 64 62 59 54 51 50 51 54 56 56 54
    53 53 55 57 57 55 55 55 57 59 60 59 58 58 59 58 57 57 57 56 53 51 52
    55 58 61 64 67 68 68 68 67 66 64 61 59 58 60 63 65 64 62 60 59 59 59
    61 65 68 69 67 66 64 61 58 57 58 61 64 66 65 63 61 63 66 67 66 66 67
    66 64 62 64 67 70 71 71 73 76 78 76 71 65 62 62 64 66 67 65 62 61 61
    62 62 62 63 64 65 65 63 60 58 58 59 60 73 72 70 65 60 55 52 52 52 53
    54 55 55 57 60 63 62 59 56 55 56 57 58 57 54 52 50 51 56 62 68 70 71
    69 65 61 58 56 56 56 57 57 59 62 65 66 66 64 63 63 63 64 65 68 71 74
    75 74 72 70 69 67 64 59 56 56 59 62 64 63 61 60 61 64 68 72 75 76 77
    77 75 71 66 61 58 59 62 67 71 73 74 75 75 72 68 64 62 64 67 69 69 67
    64 63 61 59 58 57 57 57 59 61 62 62 63 64 66 68 67 66 63 62 61 62 62
    63 64 64 64 65 67 69 70 73 74 74 70 65 61 60 60 61 58 55 51 49 50 51
    53 55 57 58 59 61 61 59 57 56 57 58 58 57 56 57 59 61 60 59 57 56 53
    51 50 51 53 55 58 61 63 64 65 65 65 65 64 62 59 58 59 62 63 62 59 58
    59 60 61 62 64 66 67 67 67 66 62 58 58 60 64 68 71 71 68 66 67 69 69
    68 67 67 66 63 61 62 64 66 66 66 67 70 72 72 67 63 61 62 66 70 72 71
    67 65 64 62 61 62 64 67 69 70 68 66 63 60 59 59 69 69 68 66 63 60 57
    55 54 54 53 54 56 60 65 69 69 65 61 57 57 58 60 59 57 53 50 51 56 64
    70 73 73 70 67 63 60 57 57 56 56 56 58 62 64 64 63 61 59 59 59 60 61
    64 67 69 70 69 69 68 67 66 64 61 59 59 60 61 62 63 62 61 61 63 66 70
    73 76 78 79 78 74 68 64 61 61 64 69 73 74 74 73 73 71 68 65 64 65 66
    65 64 62 61 62 61 59 57 56 55 55 57 60 63 64 64 65 68 70 71 69 65 61
    59 59 61 62 63 64 64 65 66 66 68 72 74 75 71 65 59 57 58 59 58 54 51
    48 48 48 51 55 60 63 65 65 64 61 59 58 59 59 58 56 56 58 61 63 62 60
    58 56 53 51 51 52 53 53 54 57 60 62 63 63 63 63 63 61 58 57 58 61 62
    59 57 57 59 62 64 64 64 64 65 67 69 69 65 62 62 64 69 73 75 75 72 70
    71 72 73 71 69 68 66 64 62 61 61 62 62 61 62 63 65 65 62 61 61 66 71
    75 77 75 72 69 66 62 60 60 64 68 71 72 71 69 66 62 58 57 65 66 67 68
    67 64 61 59 57 56 54 54 57 62 68 72 72 67 61 57 56 58 62 63 61 57 54
    55 59 66 71 73 72 70 68 65 62 59 57 54 53 54 57 60 61 61 60 58 57 57
    57 58 59 61 64 66 66 66 67 66 66 66 65 63 61 60 59 59 60 61 62 63 62
    62 63 66 70 73 77 79 79 75 70 66 62 62 65 69 73 73 71 69 68 67 66 65
    66 66 65 62 59 58 60 62 63 62 58 56 54 54 57 62 66 68 67 67 69 71 71
    68 64 59 56 56 58 61 62 63 64 64 62 62 64 69 73 76 74 69 62 58 58 59
    58 55 51 48 46 47 50 56 62 66 68 66 64 61 60 59 59 59 58 57 58 60 63
    65 63 61 59 57 54 53 55 56 56 55 55 57 59 62 63 64 63 62 61 59 57 56
    57 59 60 59 57 57 60 64 65 64 63 63 65 67 69 70 69 66 67 68 72 75 76
    75 72 70 70 72 73 72 70 69 67 66 66 65 63 61 59 58 58 58 59 59 60 61
    65 70 75 78 79 77 74 71 67 62 58 59 63 69 72 73 72 70 67 62 59 57 61
    63 66 69 68 66 63 61 60 59 58 57 60 64 68 72 71 67 60 55 55 58 63 66
    66 63 60 61 64 68 70 71 70 70 70 69 66 61 56 52 50 52 55 58 58 57 55
    54 55 56 57 59 60 62 63 65 65 66 66 64 64 64 65 65 63 61 60 58 58 60
    62 63 62 61 61 63 66 69 73 75 75 73 69 65 62 61 63 67 70 69 66 65 64
    64 64 65 67 69 66 61 58 58 62 66 67 65 60 56 53 52 56 64 70 72 70 69
    69 70 70 68 63 58 55 55 56 59 61 63 65 63 60 58 60 64 70 75 76 72 67
    63 62 62 61 58 54 50 47 47 51 57 63 68 68 66 63 60 59 57 56 55 55 55
    58 62 65 66 64 62 60 58 56 55 58 60 60 60 60 61 62 64 66 66 65 62 60
    57 56 55 56 58 59 59 58 58 61 65 65 63 62 63 65 68 70 72 71 70 70 70
    72 73 73 71 68 67 68 71 72 71 70 68 68 69 71 71 68 64 60 57 56 55 56
    57 60 63 67 72 76 78 79 77 75 73 69 63 59 58 63 69 72 72 71 69 67 63
    60 58 58 60 64 67 67 64 61 61 61 62 61 61 63 66 69 70 70 65 58 53 53
    57 63 67 68 67 67 68 69 69 68 67 67 69 72 73 70 64 57 51 50 52 55 58
    58 56 53 52 54 56 59 62 63 64 65 66 66 66 65 62 60 61 63 64 64 62 61
    59 57 58 60 61 60 59 58 59 61 64 67 69 70 69 67 63 60 59 60 64 66 66
    64 62 62 63 64 66 69 71 69 64 61 63 67 70 70 66 61 56 53 52 57 65 73
    76 75 73 72 71 70 68 64 59 56 55 55 57 60 63 65 64 61 57 57 61 67 74
    76 75 72 69 67 66 65 63 59 54 51 50 53 59 64 68 68 66 62 60 58 55 52
    50 50 52 57 61 64 65 64 61 60 59 58 57 59 62 64 65 65 65 66 67 68 69
    68 65 62 59 57 56 56 57 60 61 60 60 63 65 66 64 62 63 66 70 72 73 73
    72 71 70 69 69 69 67 64 63 66 69 70 69 67 67 68 72 75 77 74 67 62 58
    56 55 56 58 61 64 68 71 74 76 77 77 76 74 71 66 61 60 64 68 70 70 69
    67 65 63 60 59 55 57 61 64 64 61 59 59 61 63 64 64 67 69 70 70 69 64
    58 53 52 55 61 66 69 70 72 74 73 70 66 63 63 68 73 74 71 65 58 54 53
    55 58 60 61 59 56 54 56 60 63 65 66 66 67 67 68 68 65 60 57 58 60 62
    62 62 61 59 57 57 57 58 58 57 55 54 55 57 61 64 66 65 64 63 60 59 59
    62 64 65 63 63 63 64 66 68 70 71 70 67 66 68 71 71 68 63 59 56 54 54
    59 67 74 79 79 78 76 74 72 69 65 60 56 55 55 56 58 62 65 64 62 58 58
    61 67 73 76 76 74 71 69 68 67 66 63 59 55 54 56 60 64 68 69 66 64 61
    59 56 52 49 49 51 55 59 62 63 62 60 60 60 59 59 61 64 67 68 68 68 68
    69 70 71 71 68 66 63 61 59 58 59 62 63 62 61 63 66 66 64 63 64 67 70
    72 73 73 72 70 68 67 66 65 64 62 62 65 67 67 65 63 64 67 73 78 79 76
    69 63 60 58 57 57 59 61 63 66 68 72 75 77 77 77 76 73 68 64 63 65 68
    69 68 66 65 63 61 60 59 54 55 59 62 62 60 58 58 60 63 65 67 70 72 72
    71 67 63 57 53 52 54 59 65 69 72 74 76 75 70 64 61 61 65 69 70 68 63
    59 57 57 58 61 64 65 64 60 58 60 65 68 68 67 67 68 69 69 68 65 60 57
    57 59 61 62 61 61 59 56 55 55 57 58 57 53 49 49 53 57 61 63 63 63 64
    63 62 61 63 65 65 65 65 66 67 69 70 71 70 69 68 69 72 72 68 62 58 57
    57 57 58 61 67 75 80 83 84 82 80 76 71 66 60 57 56 57 58 59 61 63 64
    63 61 61 64 69 73 75 75 73 71 69 67 66 65 63 61 58 56 56 59 63 67 69
    68 66 64 61 59 55 52 52 54 57 59 61 62 61 60 60 61 61 62 64 67 70 70
    69 68 67 68 69 70 70 69 68 67 66 64 62 62 64 65 64 63 64 66 66 65 63
    64 66 69 70 70 70 70 69 68 66 64 62 61 61 61 64 66 64 60 58 60 65 72
    76 77 74 68 64 62 60 59 58 59 60 61 62 64 68 72 75 77 78 76 73 70 67
    66 66 66 66 65 64 62 60 58 58 57 57 58 60 62 63 62 60 60 62 63 65 68
    72 74 74 71 66 61 57 54 54 55 60 65 70 72 75 77 75 71 66 62 61 62 64
    63 61 59 58 58 59 60 62 66 69 67 63 61 63 68 70 70 68 68 69 70 70 69
    65 61 58 57 59 62 63 62 60 58 55 53 55 58 60 58 52 48 47 51 56 61 63
    63 64 66 68 67 66 65 66 67 67 67 67 67 69 70 70 68 67 66 68 70 68 62
    56 52 53 56 60 62 64 68 74 80 84 86 86 83 79 74 66 60 57 59 61 61 60
    60 62 64 65 65 65 67 69 70 70 70 69 68 67 66 65 63 61 59 57 56 55 58
    62 66 68 68 68 65 63 62 59 56 56 58 60 60 61 61 61 60 60 61 61 62 65
    69 71 71 68 65 65 66 66 67 67 66 68 69 70 68 66 65 66 67 66 64 63 64
    64 63 62 63 64 66 67 66 65 66 67 68 67 64 61 59 58 60 63 64 62 57 55
    58 63 69 73 73 70 67 65 64 62 60 59 59 59 58 59 61 65 70 74 77 77 76
    73 71 69 68 66 64 63 63 62 60 58 55 54 53 65 65 65 66 67 66 65 65 64
    64 65 68 72 74 73 69 64 59 57 56 57 58 62 66 69 72 74 76 76 73 70 66
    63 61 59 57 55 54 54 55 57 59 63 68 71 68 63 61 62 66 69 69 68 68 69
    70 70 68 65 61 59 59 61 64 64 62 60 56 53 52 55 60 63 61 55 50 49 53
    58 63 65 65 67 70 73 71 69 66 65 66 67 66 65 65 66 66 66 64 63 62 63
    63 60 55 50 48 51 57 62 66 68 70 73 77 81 84 85 83 80 75 67 61 59 62
    64 65 63 61 60 63 66 68 68 67 66 65 64 64 65 66 66 66 65 62 60 58 56
    56 56 58 62 66 68 68 68 66 64 63 61 59 59 61 63 63 62 61 62 62 61 60
    60 61 64 68 70 69 66 63 63 64 64 63 62 62 64 67 68 68 66 65 66 67 67
    64 62 60 59 60 60 61 63 65 65 63 61 62 65 68 68 66 62 58 57 58 61 62
    60 56 55 57 62 67 69 69 67 66 66 65 63 61 60 60 60 59 59 61 64 68 72
    75 76 74 73 72 71 69 66 63 61 61 61 59 56 53 51 50 73 73 71 70 69 70
    70 69 67 65 65 67 70 72 71 66 61 58 57 58 59 61 62 65 67 70 72 74 75
    74 72 69 65 60 57 54 52 51 52 53 56 59 65 70 72 68 62 58 59 63 66 67
    67 67 68 69 69 68 66 64 61 61 64 66 66 63 59 54 51 51 55 60 64 63 58
    55 54 57 62 67 69 70 72 75 75 73 69 65 63 63 64 64 62 62 62 62 61 61
    60 58 57 55 52 49 46 46 51 59 65 69 70 70 72 74 76 79 80 79 76 73 67
    62 61 64 67 67 65 61 59 62 66 69 69 67 64 61 59 60 63 66 67 67 66 64
    62 60 58 57 58 61 64 66 67 68 69 67 65 63 61 59 61 65 67 66 64 62 63
    64 62 60 58 59 62 65 67 66 63 61 61 62 61 60 58 57 59 62 64 64 64 64
    65 67 67 65 61 57 56 57 59 61 63 65 65 62 59 60 63 68 69 67 62 58 56
    58 61 62 61 58 56 58 62 65 66 65 64 64 64 63 62 61 62 63 64 63 62 64
    66 69 72 74 74 73 72 72 72 70 67 64 62 62 61 59 56 52 49 48 80 79 76
    73 70 70 71 71 69 67 66 67 68 69 67 64 60 59 59 61 62 62 62 62 64 67
    70 72 73 72 71 68 65 60 56 54 53 52 52 54 58 63 69 73 72 66 58 54 54
    58 62 64 65 66 68 69 69 69 69 67 65 64 65 66 66 63 58 54 51 50 53 59
    63 64 61 59 59 62 66 71 73 75 77 78 76 71 66 61 59 60 61 61 60 60 59
    60 60 59 59 57 54 51 48 46 45 48 55 62 68 70 69 68 68 68 70 71 72 72
    70 68 65 62 62 65 67 68 65 61 59 61 65 69 70 68 63 60 59 60 63 66 68
    68 69 68 65 63 61 61 63 65 66 66 67 68 69 68 65 63 60 59 62 67 69 68
    65 62 63 65 63 60 57 57 59 61 62 61 60 59 59 59 59 58 56 55 56 58 60
    61 62 63 65 68 69 67 63 58 57 58 61 63 65 66 66 63 60 61 64 68 69 67
    62 58 58 61 63 63 62 59 58 60 62 63 63 61 60 60 60 60 59 60 63 67 68
    67 67 67 68 70 72 73 72 71 70 70 71 70 68 65 64 64 63 60 57 53 49 47
    83 81 78 73 70 68 69 70 69 69 68 68 67 66 65 62 61 60 61 63 63 62 60
    60 61 64 66 68 69 69 68 66 64 60 56 55 55 54 55 57 61 66 72 75 71 63
    56 52 52 55 59 63 66 68 70 70 70 70 71 71 68 66 65 65 65 62 58 54 52
    51 53 58 62 63 62 61 62 65 69 72 75 78 80 78 73 66 60 57 56 58 59 59
    58 58 59 60 61 62 61 59 55 51 48 47 49 54 60 67 71 69 65 62 62 62 63
    64 64 63 62 61 61 61 62 65 68 68 66 62 60 61 65 69 71 69 65 62 61 62
    65 67 68 69 70 70 69 67 65 65 67 69 68 66 66 68 70 70 68 64 61 61 63
    67 68 67 64 62 63 65 64 60 57 57 57 58 58 57 57 56 57 58 58 58 58 57
    57 58 60 61 62 64 67 70 72 70 66 61 61 63 66 67 67 68 67 65 62 63 66
    68 68 65 62 60 62 65 67 66 64 62 61 60 60 60 58 56 55 55 56 56 56 58
    62 66 69 69 70 71 72 74 75 74 72 69 68 68 68 68 67 65 65 65 64 62 58
    54 50 48 82 80 77 72 68 65 65 67 69 70 71 70 67 65 63 62 62 62 62 63
    63 63 61 59 59 61 64 66 67 66 65 65 63 60 58 57 57 57 57 58 62 68 73
    74 69 62 56 53 53 56 60 65 68 71 73 72 70 69 70 71 70 66 64 64 64 62
    60 58 56 55 56 59 62 63 61 61 62 65 68 71 73 76 78 75 68 61 55 54 55
    58 59 57 55 55 58 61 63 64 65 62 58 53 51 51 55 61 67 71 72 67 60 55
    55 56 58 59 58 56 55 56 57 59 62 66 68 68 67 64 63 63 66 70 72 71 67
    64 62 63 65 66 66 67 70 71 70 69 69 69 71 71 69 65 64 66 69 71 70 67
    63 62 62 63 64 63 62 62 63 65 63 60 57 56 56 56 56 55 55 55 56 58 60
    61 62 62 62 63 64 65 66 67 69 71 72 70 67 64 65 69 72 73 72 71 69 66
    64 65 67 67 65 62 59 60 64 68 70 69 67 65 63 60 58 56 54 52 52 52 53
    53 53 56 60 64 67 69 71 73 75 77 77 76 72 68 66 66 66 65 64 64 64 65
    65 63 59 55 51 49 79 78 75 71 67 64 62 63 66 69 72 71 67 64 63 63 64
    63 61 61 63 64 64 62 60 61 64 67 68 67 65 65 64 62 59 59 58 56 55 56
    60 66 72 73 69 63 59 58 60 62 65 68 71 73 73 70 67 65 67 69 68 65 64
    64 65 65 64 63 62 61 60 60 62 63 61 59 59 61 63 65 67 71 73 71 64 58
    54 55 57 59 58 55 52 53 56 61 64 65 66 65 61 57 55 57 61 66 70 73 70
    63 55 51 51 54 57 58 57 55 53 55 57 59 62 65 66 66 65 65 66 66 68 70
    71 70 66 63 62 63 64 64 64 65 68 70 70 70 71 72 74 73 70 65 63 64 68
    71 72 69 66 62 60 59 58 59 61 64 66 66 64 61 57 56 56 56 56 55 55 55
    56 59 63 65 66 66 67 69 70 70 71 71 72 73 72 69 66 65 68 73 77 78 75
    73 70 68 66 66 67 64 60 56 55 58 63 69 71 71 71 68 65 61 56 53 51 50
    51 52 51 51 52 55 59 63 66 68 71 73 76 77 78 76 72 68 65 64 64 63 63
    63 63 65 65 63 61 57 53 51 75 74 71 68 65 63 61 61 64 68 70 69 66 63
    64 66 67 65 61 59 62 66 68 67 65 66 69 71 71 69 67 66 65 63 60 59 57
    54 52 53 57 63 70 73 70 66 64 65 67 69 71 72 73 73 71 67 63 62 64 66
    66 64 64 65 68 69 69 69 68 65 62 61 62 62 60 56 53 55 56 58 62 65 68
    66 62 58 57 58 60 60 58 53 51 52 55 59 62 64 66 66 64 62 61 62 65 67
    69 70 67 60 53 50 51 55 60 62 61 59 57 58 60 60 60 61 61 61 62 64 66
    67 66 67 68 67 64 61 59 61 62 62 62 63 65 67 68 70 71 73 76 75 72 67
    63 63 66 71 73 71 68 63 59 56 55 57 62 67 70 70 68 64 60 57 57 57 57
    58 57 56 57 61 66 68 68 68 70 72 73 74 73 73 73 73 72 68 65 64 69 74
    79 80 77 74 72 70 69 68 66 62 57 53 52 54 60 66 70 72 73 71 67 62 57
    54 52 53 55 54 52 51 52 56 61 65 67 69 70 71 73 74 74 73 70 67 64 63
    62 62 63 64 64 65 64 63 62 60 57 55 68 67 65 63 62 61 60 60 62 65 66
    65 62 61 64 69 71 67 62 59 61 68 72 72 72 73 75 77 75 72 68 66 64 62
    60 58 55 52 49 50 54 61 69 73 72 68 67 69 72 74 73 73 72 70 68 64 61
    61 63 65 64 63 63 64 67 69 71 72 71 68 63 61 61 61 58 53 50 51 54 56
    59 63 64 63 60 58 59 61 63 63 59 55 53 53 55 58 60 62 65 66 65 65 65
    65 66 65 66 65 63 59 54 52 53 58 63 67 66 64 64 65 65 62 59 56 55 56
    58 62 65 64 63 62 64 64 63 59 57 58 60 62 62 63 64 65 66 69 72 75 78
    78 74 69 64 63 66 71 73 73 69 65 60 56 54 56 63 70 74 75 73 69 65 62
    60 60 60 61 60 59 59 62 67 68 67 66 68 71 73 74 73 71 71 71 70 67 64
    64 67 73 77 78 76 73 72 72 71 70 67 61 55 51 50 52 57 63 68 71 73 71
    67 63 59 57 57 59 60 58 55 53 55 59 64 68 69 70 69 69 69 69 70 69 68
    65 63 62 61 61 63 65 66 66 65 65 64 63 62 60 59 59 58 57 58 58 59 60
    61 62 62 59 57 57 63 69 72 69 64 61 63 70 75 78 78 79 80 79 75 71 66
    62 61 60 60 58 55 52 50 51 55 61 69 73 72 69 67 69 72 74 74 72 70 68
    65 63 62 62 64 66 64 62 60 60 61 64 68 71 71 68 63 60 59 59 56 52 51
    53 57 60 62 64 64 62 59 58 60 63 65 65 61 57 55 54 56 58 61 62 63 64
    64 66 67 67 66 64 63 62 61 59 57 56 57 61 66 69 69 67 67 69 68 65 59
    55 53 55 58 62 63 61 59 58 60 62 61 58 55 56 59 63 65 65 64 63 64 68
    73 77 80 79 75 70 66 64 66 70 72 73 71 67 62 57 54 56 62 70 75 75 75
    73 70 67 65 64 64 64 64 62 61 64 67 67 65 63 63 67 70 71 70 67 66 66
    66 63 62 62 65 69 73 74 72 71 71 72 73 71 67 61 56 52 50 52 56 62 67
    70 70 68 65 63 61 61 61 62 63 61 58 56 58 62 67 70 71 70 68 66 66 66
    67 67 66 63 62 61 60 60 63 66 67 67 66 67 68 68 66 65 52 53 53 54 56
    57 58 59 60 60 58 56 54 55 60 66 68 68 65 64 66 72 77 81 82 82 81 78
    72 66 61 58 58 59 60 60 58 56 54 55 59 63 68 70 70 68 66 68 71 73 72
    69 66 64 62 62 62 64 67 69 67 63 59 56 55 57 61 66 69 67 63 60 59 58
    55 52 53 57 62 65 66 66 64 61 59 58 59 62 65 64 62 58 56 55 56 59 62
    62 62 62 63 66 68 68 67 64 62 61 60 60 59 59 61 63 67 68 67 65 67 69
    70 67 62 57 56 57 60 62 62 60 56 56 58 60 60 57 55 56 60 65 68 67 65
    63 63 67 72 77 79 77 73 70 67 66 67 68 70 70 70 67 62 56 52 54 60 67
    71 72 72 72 71 70 68 67 67 66 65 63 62 64 66 66 64 61 61 63 66 69 68
    64 60 59 59 58 58 61 64 68 70 70 69 68 69 71 72 71 67 61 56 52 51 53
    57 62 67 69 68 65 63 62 63 63 63 62 61 60 58 58 60 63 66 68 69 67 64
    63 63 64 66 66 64 62 61 60 59 59 61 63 65 65 67 69 72 72 70 69 51 52
    54 56 57 58 58 59 59 58 57 56 56 56 58 61 62 62 63 64 67 72 77 81 83
    82 79 74 67 62 57 56 57 59 62 63 62 60 59 60 62 64 66 67 67 66 66 68
    71 72 70 66 62 60 59 60 62 66 70 72 70 66 60 55 52 52 55 61 65 65 63
    61 60 58 55 53 54 59 65 68 68 67 64 60 57 55 56 58 60 61 60 58 56 56
    58 61 64 64 62 62 63 66 69 70 68 66 63 61 61 61 60 60 61 62 64 64 63
    62 64 68 69 67 63 60 59 60 62 64 63 60 57 57 59 60 58 56 54 56 61 66
    70 70 67 63 62 64 69 72 72 70 68 67 67 68 68 68 68 68 67 64 59 53 50
    51 56 62 65 65 65 67 68 69 69 68 67 66 65 63 62 63 65 66 64 61 60 61
    64 67 67 64 59 55 53 53 55 59 64 68 71 71 69 67 67 69 70 68 65 61 57
    55 54 55 59 64 67 67 65 62 61 62 63 64 62 60 58 56 57 58 59 61 63 64
    64 63 61 60 60 62 64 65 64 62 60 60 58 58 59 61 62 64 67 72 75 75 73
    72 52 54 57 59 59 58 58 60 61 60 60 61 60 59 58 56 55 56 59 63 67 71
    75 78 80 79 76 69 63 59 56 55 57 60 64 66 65 63 61 61 63 64 65 65 65
    66 67 69 71 71 68 64 60 57 56 57 61 66 71 73 72 67 62 57 53 52 54 58
    63 65 65 64 64 61 58 55 55 59 65 68 69 67 64 59 54 51 51 53 55 57 57
    57 56 57 59 63 66 66 65 65 66 68 69 70 69 67 65 63 62 61 60 59 59 61
    62 62 62 62 64 67 68 66 63 60 59 61 64 66 65 62 60 60 61 60 57 54 54
    56 61 66 70 70 67 63 61 62 64 65 63 60 59 61 65 68 68 67 67 66 64 61
    56 52 49 51 55 59 60 60 60 62 64 66 68 67 66 64 64 63 63 62 64 65 65
    63 61 60 62 67 69 66 61 55 51 50 52 58 65 71 75 75 73 70 67 67 67 66
    64 62 61 59 58 58 60 64 66 66 64 62 61 62 63 63 61 58 56 55 55 56 57
    59 60 60 59 57 56 55 56 58 61 63 63 62 61 60 59 59 61 62 64 65 70 74
    76 75 73 72 53 55 58 59 58 58 59 61 63 64 64 65 65 62 58 54 52 53 56
    61 66 69 71 74 77 76 72 66 61 58 56 56 58 61 65 68 68 65 61 60 61 63
    64 64 64 65 66 68 68 68 66 62 59 55 54 57 61 66 71 72 70 66 62 59 56
    55 56 60 63 67 68 69 69 66 63 59 58 60 64 68 69 68 63 58 52 47 47 49
    51 54 56 57 58 59 62 65 68 69 68 67 67 68 68 69 68 67 65 64 63 61 59
    58 59 60 62 63 63 64 66 67 67 64 60 56 56 58 63 66 66 64 62 62 62 61
    57 53 52 54 59 64 68 68 67 64 62 61 60 58 55 52 53 57 62 66 67 66 66
    65 64 60 57 54 52 53 56 59 60 59 58 59 62 65 66 66 64 62 63 64 64 63
    64 65 66 65 62 60 61 65 69 68 64 58 52 50 51 58 66 74 78 80 77 73 69
    67 66 66 66 66 66 64 62 61 61 64 66 65 64 63 63 63 64 63 62 60 57 56
    55 55 57 59 60 59 56 53 51 51 52 54 58 61 63 64 65 64 63 64 65 66 67
    69 73 77 77 74 70 69 52 54 56 57 58 58 60 63 65 65 66 67 67 63 59 55
    53 54 57 61 64 66 67 70 74 74 70 65 61 58 56 56 57 61 65 69 69 65 60
    58 59 61 63 64 64 64 64 64 64 63 61 60 58 56 56 58 62 66 69 69 66 63
    60 59 59 59 60 62 66 69 72 73 74 71 68 64 62 62 65 68 70 68 64 57 51
    47 47 50 53 55 57 59 61 63 66 69 71 71 70 69 68 67 65 64 64 64 64 64
    63 61 59 58 59 61 62 64 65 66 68 68 67 63 58 54 52 56 61 66 66 65 63
    62 62 60 56 51 50 51 55 60 64 66 66 64 63 61 58 54 50 48 50 54 60 64
    66 67 67 67 65 61 58 57 57 58 60 63 63 62 59 59 62 64 66 65 63 62 64
    66 66 65 65 66 67 67 64 61 60 63 66 67 65 60 55 51 52 59 67 75 79 81
    79 76 71 68 67 67 69 71 71 69 66 63 62 63 64 65 65 64 65 65 65 65 65
    64 62 59 57 56 58 61 62 59 54 50 48 48 50 52 56 60 64 67 69 69 68 68
    69 70 70 72 76 78 77 72 67 65 51 52 54 56 58 61 63 64 64 65 66 68 68
    66 62 59 58 58 60 62 63 64 64 67 71 72 69 65 62 59 56 55 56 59 63 68
    68 64 58 55 56 59 63 64 64 63 61 60 59 57 57 57 57 57 57 59 62 65 67
    65 63 61 60 61 62 64 65 66 68 71 75 77 77 75 72 68 66 65 66 69 70 68
    64 58 52 50 52 55 58 59 61 64 66 68 70 72 73 72 71 70 68 64 60 59 58
    60 62 63 62 60 58 58 59 61 62 63 65 66 67 68 68 64 59 54 51 54 59 63
    65 64 62 61 60 58 55 50 48 48 51 56 60 62 63 62 61 60 57 52 48 47 49
    53 58 63 66 69 71 71 68 63 60 59 60 62 65 67 67 64 61 60 62 64 66 65
    63 63 65 68 68 66 65 66 67 68 65 62 59 59 62 63 63 60 55 53 54 60 68
    75 77 78 78 75 72 70 69 70 72 74 75 73 69 66 63 63 63 64 65 66 66 66
    65 66 68 68 67 64 62 60 61 63 63 58 53 48 48 49 50 52 55 59 64 69 72
    73 72 72 72 71 70 72 76 78 75 70 66 64 50 51 54 57 61 64 65 64 63 63
    65 68 69 68 65 63 61 61 62 62 63 63 63 66 69 70 67 65 63 61 57 54 54
    57 61 65 66 63 58 55 56 59 62 63 62 61 59 57 55 54 54 55 56 57 58 59
    61 64 65 64 63 62 62 63 65 67 67 67 68 71 76 80 80 77 74 71 69 69 69
    70 70 68 64 58 54 54 58 62 64 65 67 70 71 71 71 72 73 72 71 69 67 62
    57 55 54 57 60 61 60 58 56 57 59 61 60 60 61 63 65 68 68 66 61 56 52
    53 57 61 63 62 61 59 59 57 54 50 47 47 49 53 56 59 60 60 60 60 57 52
    47 46 49 53 58 63 68 72 75 75 71 66 62 60 61 64 67 68 66 63 60 59 61
    63 65 64 63 64 67 69 68 65 63 64 65 66 65 62 58 56 57 58 58 57 54 53
    56 62 69 73 73 73 73 73 72 71 70 70 72 74 75 74 71 69 66 64 62 63 65
    66 66 65 64 67 70 72 71 69 66 64 64 64 61 57 52 49 49 51 52 53 53 57
    61 67 71 74 74 74 73 71 68 68 71 73 71 68 66 65 51 52 55 59 64 67 66
    63 61 61 63 67 69 69 66 64 63 63 62 61 61 63 64 66 68 67 66 64 64 62
    58 55 54 56 59 63 64 63 60 58 58 60 62 62 61 59 57 56 54 52 52 54 55
    56 56 57 59 63 66 66 66 66 65 66 67 68 68 67 67 70 76 81 82 80 76 73
    71 70 71 71 70 68 64 60 58 59 64 68 69 70 72 75 75 72 70 70 71 71 71
    69 66 62 57 54 54 56 59 61 60 56 55 56 59 60 59 58 59 60 64 67 69 68
    64 58 53 53 56 59 62 61 59 58 58 58 56 52 49 48 49 51 54 56 58 59 60
    61 59 54 49 47 49 53 57 63 68 73 76 76 72 67 63 62 63 66 68 67 64 59
    56 55 57 60 62 63 64 67 69 69 67 63 61 61 63 64 64 63 59 56 54 53 53
    53 52 54 58 65 70 71 69 67 67 68 70 70 70 68 69 71 73 73 72 71 69 65
    63 62 63 64 64 63 63 66 71 74 75 73 69 67 64 61 58 54 50 48 50 52 53
    52 52 54 58 64 68 71 73 74 73 69 64 62 64 65 65 65 65 65 53 54 57 61
    65 67 66 63 61 62 65 67 69 69 66 64 63 63 61 58 58 60 63 66 67 66 65
    64 63 61 58 55 55 56 58 61 63 65 65 64 63 63 63 61 59 58 58 56 54 52
    53 54 55 56 55 56 59 64 68 69 69 69 68 67 67 68 67 66 66 68 74 79 81
    79 76 73 71 71 71 72 71 68 66 63 62 65 70 73 73 74 76 77 76 72 68 68
    69 70 70 68 66 62 59 57 57 59 62 63 61 57 55 56 58 60 61 60 61 62 65
    67 69 68 64 59 54 52 54 58 60 59 58 58 59 60 59 56 52 50 49 50 52 55
    57 59 61 62 60 56 50 48 50 53 56 61 65 70 74 74 71 67 64 63 65 68 69
    66 61 56 53 53 55 57 61 64 67 70 71 70 66 62 60 59 61 63 64 64 60 57
    55 52 52 52 53 56 62 68 71 70 66 63 63 65 68 68 67 64 65 67 69 71 71
    71 70 67 64 62 62 62 61 60 61 65 71 75 77 75 71 67 62 58 54 52 49 49
    51 53 54 53 52 53 57 62 66 69 72 74 73 68 62 58 57 58 59 60 61 62 55
    56 58 61 63 65 64 63 63 65 68 70 71 70 67 66 65 63 60 56 55 57 60 63
    65 65 65 65 63 61 58 57 58 58 59 60 64 68 70 70 69 67 65 62 59 59 59
    58 56 55 55 57 57 57 56 57 60 66 70 72 71 70 69 67 65 66 66 66 65 66
    70 74 76 75 73 71 68 68 69 71 71 69 68 67 68 70 74 76 76 76 77 78 76
    71 67 67 69 70 70 69 67 65 63 61 61 62 64 66 65 61 58 56 57 60 63 65
    66 67 67 67 67 66 63 58 53 51 53 56 57 56 56 58 61 63 62 59 55 52 50
    50 52 53 56 60 62 63 60 56 51 49 51 53 55 57 60 64 68 70 69 66 63 63
    66 70 71 67 62 57 55 55 56 58 61 66 70 73 72 69 65 62 61 61 62 63 65
    65 64 62 60 58 56 55 57 60 66 70 71 68 64 62 61 64 66 65 63 60 60 62
    64 67 68 69 68 66 63 62 62 62 61 60 60 64 70 75 77 75 70 65 60 56 53
    51 50 50 52 54 56 55 54 55 58 62 65 68 71 73 72 68 63 58 56 54 54 55
    56 56 57 57 58 59 61 62 63 65 67 70 72 73 73 72 71 69 68 66 62 58 56
    57 59 62 64 66 68 67 66 63 60 60 61 61 60 61 64 69 72 73 73 70 67 63
    60 59 60 60 58 57 58 60 61 60 59 60 63 68 72 73 72 71 68 65 62 63 64
    65 64 65 67 69 70 70 70 69 67 67 67 69 69 68 68 68 70 73 76 77 78 77
    76 75 73 69 67 67 68 68 69 70 70 70 68 66 64 64 66 68 68 65 60 56 55
    58 64 68 71 71 69 67 65 63 61 57 53 50 51 53 55 55 56 59 63 65 64 61
    57 54 51 51 52 53 55 59 62 63 60 56 53 52 53 55 55 56 57 60 62 65 65
    64 62 63 66 71 72 69 65 61 60 60 60 61 64 68 72 74 72 68 65 63 64 65
    65 66 67 68 69 69 68 66 63 61 61 63 67 70 69 67 64 62 61 62 62 61 58
    56 56 58 60 62 63 64 64 62 61 62 64 65 65 63 61 63 67 71 74 72 67 62
    58 56 54 53 52 52 53 55 58 59 59 59 60 63 65 67 70 72 72 69 65 62 59
    56 54 52 51 52 59 59 59 60 61 63 64 67 70 73 74 73 73 72 72 71 70 67
    64 62 60 61 62 64 66 69 71 70 69 66 63 63 63 62 61 61 64 68 71 73 72
    71 68 64 62 60 60 60 59 58 59 62 64 64 64 65 67 70 72 72 72 70 67 63
    60 60 62 63 63 63 65 65 66 68 69 69 69 68 68 68 68 67 67 67 69 72 74
    76 77 76 73 71 69 67 66 67 66 66 67 69 72 73 72 69 66 64 66 68 70 68
    62 56 53 56 62 68 72 72 70 66 63 61 59 57 54 51 51 54 55 56 58 61 65
    65 64 62 59 57 55 54 54 54 56 60 63 64 62 59 57 57 60 61 60 59 59 59
    60 62 63 62 61 62 65 70 71 70 67 66 65 65 64 65 66 70 72 72 69 67 66
    67 68 69 68 67 69 71 73 74 74 73 70 66 64 64 66 67 66 64 63 62 61 60
    59 56 53 52 53 56 58 60 61 61 60 59 59 62 66 70 71 69 65 63 65 67 69
    69 65 61 59 59 58 57 55 54 54 56 59 62 63 62 61 61 62 64 67 69 70 69
    68 65 63 60 56 52 50 50 61 61 61 62 65 66 67 69 72 74 73 72 71 71 72
    71 69 67 66 67 68 69 69 68 68 70 71 71 69 67 65 65 64 62 60 60 62 66
    68 69 69 68 67 65 63 61 61 60 59 58 59 63 66 67 67 68 69 70 71 71 72
    70 66 62 60 60 61 62 62 62 63 63 64 66 69 71 72 71 70 69 68 65 65 65
    67 69 72 75 76 75 72 68 67 67 67 66 64 63 64 68 72 73 72 69 65 64 65
    68 71 69 64 57 53 54 60 67 71 72 70 66 62 61 60 60 58 56 54 55 57 59
    60 62 65 64 63 62 62 61 60 58 57 57 58 61 64 64 62 61 62 64 68 69 68
    65 63 61 61 63 63 62 60 60 63 67 68 68 67 68 69 69 68 67 67 68 69 68
    67 67 68 70 72 71 68 67 69 73 75 77 78 77 74 70 67 65 64 64 63 62 62
    61 61 59 57 53 50 51 53 56 59 61 61 61 59 58 59 63 70 75 77 74 69 65
    63 64 67 67 64 62 62 63 62 60 58 56 55 56 60 65 66 64 61 59 59 60 62
    64 66 67 67 66 65 62 58 54 52 51 62 62 62 65 68 69 70 70 71 72 71 70
    69 69 69 67 64 63 65 69 72 75 75 73 72 71 71 70 69 67 66 65 64 62 60
    60 61 63 65 65 64 64 64 65 64 63 62 61 59 57 59 63 66 68 68 68 68 68
    68 70 70 68 65 62 61 63 64 65 64 63 63 63 64 65 68 71 72 72 72 71 68
    66 65 65 66 67 70 73 76 75 73 69 67 66 65 63 60 58 61 65 70 71 70 66
    63 62 63 67 70 69 65 59 54 55 59 65 69 70 69 66 64 63 63 64 63 60 58
    57 58 60 62 63 65 64 63 63 64 65 64 62 61 60 61 62 63 63 61 61 64 69
    74 76 75 71 67 64 64 65 65 63 59 58 60 62 64 64 66 70 72 73 72 69 67
    66 65 63 62 64 68 71 71 69 66 65 68 72 75 77 78 77 76 72 67 64 63 62
    62 61 62 62 62 61 57 53 51 53 56 61 64 65 65 63 61 60 61 66 72 77 79
    77 72 67 63 63 65 65 64 63 65 67 66 63 60 58 57 58 63 68 68 66 61 57
    56 57 58 60 61 62 63 63 63 62 59 57 55 55 62 62 62 65 68 69 68 67 66
    67 68 67 66 66 64 60 57 56 60 66 72 77 79 78 75 73 71 69 68 67 66 66
    65 64 63 62 62 62 63 62 61 61 62 63 64 64 63 62 60 58 58 61 64 65 65
    65 65 65 67 69 70 68 65 63 64 68 70 71 69 67 65 64 64 65 67 68 70 70
    69 68 67 65 66 67 67 66 67 71 74 76 75 71 68 65 63 59 56 56 59 65 70
    70 67 63 59 59 62 67 70 70 67 61 57 56 59 63 66 67 67 66 66 66 67 66
    64 62 59 59 60 62 64 66 66 65 64 65 67 68 67 64 62 61 62 62 62 61 59
    59 63 70 76 79 77 73 67 64 64 66 66 63 59 57 57 59 60 62 66 71 75 76
    74 71 67 65 62 59 59 61 65 68 69 67 64 64 66 69 72 73 74 75 74 71 67
    65 64 63 63 62 62 63 65 65 61 57 56 57 61 65 68 69 68 66 64 62 64 68
    73 77 78 75 71 67 64 63 64 65 63 63 65 68 68 65 62 60 59 62 66 70 71
    68 63 59 57 57 58 58 58 58 59 60 60 60 60 60 60 60 62 62 62 64 66 66
    65 62 61 63 65 65 65 63 60 55 51 51 54 61 68 75 78 79 77 74 71 69 67
    66 66 66 66 67 67 65 64 63 63 62 60 59 60 61 63 63 64 64 62 60 59 60
    61 62 61 61 61 63 66 69 70 67 64 63 67 72 76 77 74 71 68 66 65 65 66
    66 66 65 64 64 65 66 69 71 69 66 64 67 72 75 76 73 69 65 60 56 54 55
    61 67 71 69 64 59 56 58 62 68 71 71 68 63 59 58 58 61 63 66 67 68 69
    69 67 63 60 58 57 58 61 65 67 68 68 68 67 67 69 70 67 63 61 61 62 63
    62 60 59 59 63 69 75 78 76 70 64 60 61 63 64 62 59 56 55 55 58 61 67
    73 77 78 75 72 68 66 63 59 57 59 63 66 67 66 65 65 66 68 69 70 71 72
    71 69 66 65 65 65 65 64 64 66 69 69 66 62 60 61 64 67 70 71 70 68 67
    66 67 69 73 75 75 73 70 67 64 64 64 64 63 62 64 67 68 66 64 63 63 65
    70 73 73 70 66 61 59 58 58 58 58 58 58 58 58 59 61 63 64 65 62 62 61
    61 61 61 59 57 57 59 62 64 64 62 58 54 49 48 50 56 63 69 74 76 75 73
    71 69 67 65 65 66 67 69 69 67 65 64 64 63 61 60 60 60 61 62 64 65 65
    63 62 61 61 60 59 59 59 62 66 69 70 66 63 62 68 74 78 79 76 73 69 66
    65 65 64 63 61 60 60 61 63 67 72 75 72 66 62 63 69 73 76 74 70 65 59
    55 55 59 65 71 73 70 63 56 55 58 64 69 72 72 69 64 61 58 58 60 63 67
    70 72 72 69 64 57 53 52 53 56 61 65 67 69 69 69 69 70 72 71 67 63 60
    61 63 64 64 62 61 61 64 70 74 75 72 67 61 58 59 61 62 61 58 55 53 54
    58 63 70 76 79 78 76 73 71 69 66 62 59 59 62 64 65 66 67 68 69 68 68
    68 69 69 68 67 65 65 66 66 66 66 66 68 71 71 68 64 62 63 64 66 67 68
    69 69 69 70 70 71 73 74 74 73 70 68 66 65 64 63 63 62 63 65 66 65 65
    64 64 67 71 73 74 71 67 64 62 60 60 60 60 61 60 59 59 60 62 65 67 68
    61 60 59 57 56 54 53 53 54 57 60 63 63 62 59 55 51 48 49 54 59 65 70
    73 74 72 71 69 66 64 64 66 67 68 68 66 65 66 67 65 63 61 60 60 61 63
    65 68 68 68 66 65 64 63 60 59 59 63 67 70 70 66 62 62 67 73 76 76 74
    71 68 66 64 64 63 60 59 58 58 59 63 68 73 75 71 65 60 60 65 71 75 75
    72 67 61 58 60 64 70 73 75 71 64 57 56 59 65 69 70 70 67 63 60 59 58
    61 65 70 74 75 74 69 61 53 48 48 50 55 60 64 66 67 67 68 70 72 73 71
    67 62 61 62 64 65 65 64 64 63 66 70 72 72 70 66 62 60 61 62 97 102
    67 6 14 29 39 108 88 102 127 108 90 79 19 90 125 47 77 33 12 89 42
    106 12 117 118 99 16 83 108 52 74 3 20 20 31 120 58 102 55 6 91 119
    19 115 37 65 123 69 56 1 85 99 84 112 38 103 28 109 108 79 125 47
    116 67 66 65 64 63 63 62 62 62 62 62 62 64 67 70 70 69 67 65 63 62
    61 62 64 66 66 64 62 61 64 66 69 69 59 58 56 54 51 50 49 50 52 56 60
    62 63 61 59 57 54 52 53 56 59 64 68 72 74 73 72 69 66 63 63 66 67 67
    66 65 65 67 69 67 65 63 62 62 63 65 68 70 71 71 70 70 70 68 64 61 61
    63 66 69 69 66 62 62 65 69 70 70 68 67 66 64 62 61 60 59 59 58 59 60
    63 68 71 72 68 62 56 57 62 68 73 75 73 68 63 62 65 70 73 74 74 71 66
    61 59 61 65 67 67 66 64 61 59 59 61 64 69 74 77 77 74 68 61 53 48 48
    51 55 58 61 63 64 66 68 70 72 72 70 65 62 61 63 65 65 65 66 66 66 67
    69 70 70 68 67 66 66 66 66 32 66 72 97 43 34 9 123 89 49 42 101 109
    95 71 107 104 27 63 110 56 44 80 29 29 112 103 56 65 91 71 77 9 92
    74 119 7 114 34 20 98 59 92 24 47 19 108 16 24 80 11 25 20 41 63 96
    93 49 52 113 84 101 89 54 67 70 69 69 68 65 62 59 58 58 59 59 58 60
    62 63 65 65 65 64 63 62 62 64 68 72 71 68 64 63 64 65 67 67 56 56 54
    51 49 47 47 49 52 56 60 63 63 61 60 59 58 57 58 60 61 64 67 71 73 73
    72 69 65 62 63 67 69 68 66 64 65 68 70 69 66 63 63 63 66 69 71 73 73
    73 73 75 76 74 70 65 63 63 65 67 68 67 65 64 65 66 65 63 64 65 65 63
    61 60 59 59 59 59 60 60 62 65 67 67 63 58 54 54 58 64 70 73 72 69 66
    66 70 74 74 72 70 69 67 64 62 63 64 65 64 63 61 59 60 61 64 68 72 76
    77 75 72 67 61 56 52 51 53 56 58 60 62 64 68 71 73 72 70 66 62 60 62
    64 65 65 64 65 67 67 67 67 66 65 65 66 68 71 72 70 63 30 2 70 104 89
    49 90 121 79 82 114 46 42 94 10 65 0 93 81 23 38 25 87 48 68 115 60
    86 76 82 44 44 22 91 47 51 67 16 84 103 111 25 100 69 65 34 98 22 46
    87 51 73 102 74 68 7 59 3 34 20 127 106 91 60 72 72 73 72 69 64 58
    55 55 57 57 57 57 59 60 61 63 64 63 62 61 62 66 72 76 76 72 67 64 63
    63 63 63 55 54 54 52 50 49 49 51 55 59 63 65 65 63 61 61 61 61 62 62
    61 62 65 67 69 70 69 67 65 63 65 68 71 70 67 65 64 67 69 68 66 63 62
    63 67 71 73 73 74 74 75 78 80 78 73 67 63 62 63 64 66 68 67 66 65 64
    62 61 63 65 66 64 61 58 57 58 59 59 59 59 60 63 64 63 60 57 54 53 56
    60 66 70 72 71 69 69 72 74 72 68 66 66 66 64 63 63 63 62 61 60 60 60
    61 64 67 71 74 76 76 73 69 66 63 60 57 56 57 58 60 62 65 69 74 77 76
    73 68 63 60 60 62 65 65 63 61 63 66 67 66 65 63 60 60 64 69 74 76 74
    52 31 103 126 95 73 53 80 61 126 13 1 109 33 81 89 67 74 112 47 9 60
    10 30 26 40 118 0 39 70 72 20 119 56 77 107 112 25 27 107 24 101 88
    33 81 51 39 87 14 89 88 32 114 64 117 57 123 50 113 51 118 12 64 48
    71 73 74 76 76 72 66 59 56 57 59 60 59 59 60 60 62 64 64 63 61 60 63
    68 75 79 79 74 70 66 64 63 62 61 56 56 57 57 55 53 52 55 58 61 64 66
    66 64 63 62 62 63 64 63 60 59 59 61 62 63 64 63 63 63 65 70 73 72 69
    65 64 66 68 68 65 63 61 63 67 71 72 72 72 73 75 78 80 78 73 67 63 62
    62 63 65 67 66 65 64 62 61 61 64 67 68 65 59 55 54 56 58 58 58 59 60
    61 61 60 58 57 56 56 57 59 63 69 72 73 71 70 71 71 69 65 63 63 63 63
    63 63 62 60 59 59 60 61 63 66 69 71 72 73 73 70 67 65 64 64 62 61 60
    60 62 65 70 76 80 82 79 73 68 64 61 61 64 65 64 61 59 62 66 68 67 65
    61 58 57 62 70 76 78 76 108 93 61 114 57 18 68 103 12 46 40 49 37 20
    38 110 113 54 62 40 28 78 59 29 13 111 66 97 53 60 59 51 69 119 20
    113 34 58 49 53 40 67 30 105 14 121 74 26 89 42 58 21 113 94 62 97
    23 49 43 86 14 33 66 122 54 74 75 77 77 74 68 62 60 62 65 66 64 61
    61 61 64 66 66 64 61 60 63 69 76 80 80 77 73 70 67 65 64 64 60 61 63
    65 63 60 59 59 62 64 66 68 68 67 64 62 61 63 63 62 58 56 54 54 56 57
    59 60 61 63 66 71 74 74 70 65 63 64 66 66 65 63 62 63 67 70 71 70 70
    71 74 76 76 74 70 65 62 61 61 62 63 64 63 61 59 58 58 61 66 70 70 66
    58 52 51 54 57 59 59 59 59 60 59 58 58 58 59 60 60 61 64 69 73 74 71
    68 68 67 66 64 63 63 63 63 62 62 61 60 59 59 60 62 65 68 69 69 68 68
    68 68 66 65 65 66 65 63 61 60 62 66 72 78 83 84 80 74 69 66 65 65 66
    65 63 60 60 63 67 69 68 65 61 57 57 62 71 77 79 76 69 98 6 1 86 113
    73 120 61 117 40 112 119 62 64 13 14 114 108 70 81 48 68 17 109 6
    101 126 84 93 50 16 96 76 3 68 32 10 45 111 10 110 124 2 75 88 101
    61 111 105 25 47 102 62 113 46 58 92 37 16 14 115 69 112 118 75 75
    76 77 74 70 66 66 69 72 72 68 62 60 60 63 66 66 64 61 60 63 69 75 79
    79 77 76 73 70 69 68 68 67 68 71 73 72 69 66 66 66 68 69 71 71 69 66
    62 61 62 64 63 59 55 53 52 54 56 58 59 62 64 68 72 74 73 69 63 60 61
    63 64 63 63 63 65 68 71 72 70 69 71 73 73 71 68 65 62 60 59 60 61 61
    61 60 57 56 55 57 61 67 72 72 67 59 51 50 53 58 61 61 60 59 59 58 58
    58 61 63 63 63 64 67 71 74 73 70 66 64 64 65 65 66 66 66 64 64 64 63
    61 59 59 60 62 64 67 68 65 63 63 64 65 65 65 65 65 64 62 60 59 60 64
    69 75 80 81 78 73 69 68 68 69 68 66 63 61 62 66 69 70 67 63 60 57 58
    64 72 78 78 74 112 14 5 37 12 3 91 54 6 5 53 86 83 117 83 83 88 53
    122 112 0 76 46 116 64 53 69 23 46 72 2 84 103 111 25 101 35 101 57
    26 69 37 6 23 22 105 53 22 52 101 37 109 63 109 106 28 31 6 109 56
    59 20 37 85 55 75 74 74 74 73 70 69 69 73 76 75 69 62 58 58 61 65 66
    64 62 61 64 70 75 77 76 76 76 75 73 72 73 73 74 76 78 80 79 76 73 72
    72 72 73 74 75 73 68 64 63 65 67 66 63 60 57 56 58 60 62 62 64 66 69
    72 72 70 65 60 58 59 61 62 62 62 63 66 70 73 73 71 69 69 70 70 67 63
    61 59 58 59 60 61 62 62 60 57 56 55 56 60 66 72 72 68 59 53 51 55 60
    63 62 60 58 57 57 58 60 63 65 65 65 66 68 71 73 72 68 65 64 64 66 67
    69 71 70 68 66 66 65 63 60 59 59 61 63 66 66 63 60 59 60 62 64 65 65
    64 62 60 57 56 57 60 65 69 73 75 73 69 67 67 69 70 70 68 64 62 64 68
    71 69 65 61 58 56 59 65 71 76 75 71 6 84 4 49 124 87 125 80 18 79 67
    117 117 29 1 107 22 40 39 124 94 71 99 51 45 2 37 44 90 16 86 14 38
    12 119 11 91 52 22 88 14 103 37 78 110 62 46 70 22 70 29 116 96 29
    92 97 23 2 92 56 45 87 47 67 86 74 72 71 71 70 69 69 70 74 77 76 70
    62 57 57 60 64 65 64 63 64 67 72 76 75 73 72 73 73 73 74 75 76 80 81
    82 83 81 79 78 78 77 75 75 75 75 73 70 66 66 69 72 72 69 66 63 62 64
    66 67 66 66 66 68 69 68 64 59 55 54 56 59 60 61 63 65 68 71 74 73 71
    68 67 67 66 63 60 58 57 58 58 60 62 64 65 62 60 57 55 55 58 65 70 71
    67 60 55 54 58 63 64 63 59 57 57 58 60 62 65 66 66 65 66 68 70 71 69
    67 65 64 65 66 68 70 72 72 69 67 67 67 64 62 60 61 62 64 65 65 62 59
    57 57 60 63 65 65 64 62 59 56 54 55 58 62 66 68 69 68 66 64 64 67 69
    70 68 65 63 65 68 70 68 63 59 56 55 57 62 67 71 71 68 51 71 2 120 20
    20 49 101 117 70 71 80 65 80 73 17 1 47 67 62 35 2 85 53 42 81 116
    59 69 42 32 93 68 88 62 67 98 72 105 75 51 124 67 124 0 94 11 12 77
    114 121 24 8 110 55 94 10 77 65 86 52 21 80 82 108 72 70 67 66 66 66
    67 70 74 77 76 70 63 58 59 61 64 65 65 65 67 71 75 77 75 71 70 70 71
    71 72 74 75 79 80 81 80 79 78 79 79 78 75 72 72 72 72 71 69 70 74 77
    77 74 70 67 67 69 70 69 67 65 64 64 64 62 59 55 52 53 56 59 61 62 63
    65 68 71 72 72 70 67 66 65 63 60 58 56 57 58 58 60 63 66 67 65 62 58
    55 54 57 65 69 69 66 61 59 59 62 64 64 62 59 58 59 61 64 66 68 68 66
    65 66 67 68 68 68 67 67 67 67 66 65 66 67 68 67 66 67 68 66 63 63 64
    65 67 68 67 65 61 57 57 59 62 65 66 66 64 61 58 56 56 60 63 65 66 66
    66 63 61 61 63 67 69 68 65 63 64 67 69 67 63 59 56 54 54 57 61 65 67
    67 99 42 56 63 48 35 29 13 61 54 51 123 83 48 102 59 9 26 19 26 75
    56 82 102 35 123 89 20 88 85 42 85 113 105 89 35 113 106 46 100 98
    108 102 118 59 104 100 10 113 32 103 74 58 75 118 76 17 8 112 83 61
    29 115 79 12 70 68 64 61 60 61 63 67 72 75 75 70 64 60 60 62 64 65
    65 66 68 73 76 77 74 70 68 68 68 69 70 71 72 72 73 74 74 73 73 75 76
    75 71 67 66 68 70 71 71 74 78 80 79 76 72 69 69 70 71 69 65 62 60 60
    59 57 55 53 52 54 57 59 60 62 63 64 67 69 70 71 70 69 67 65 63 60 57
    56 56 57 58 60 63 66 68 66 63 58 55 54 58 65 69 69 67 65 64 64 64 64
    63 62 60 61 63 67 71 72 72 69 66 64 65 67 67 67 67 68 69 70 69 65 61
    59 59 61 62 65 68 69 68 65 65 67 69 70 71 71 68 63 58 56 58 62 65 66
    67 66 65 62 60 61 65 67 68 67 67 65 63 60 58 60 65 68 68 65 63 64 66
    68 68 65 62 59 55 53 52 55 59 64 66 120 12 41 65 88 31 58 90 112 36
    65 103 18 94 54 63 81 28 48 39 65 60 21 1 29 122 64 52 93 41 64 109
    31 119 15 18 8 126 107 18 125 120 107 31 19 116 59 54 14 70 95 100
    58 45 16 28 59 43 8 41 113 32 69 41 50 69 66 62 58 56 57 59 63 69 72
    73 69 64 60 59 61 63 63 63 64 66 70 73 73 71 68 66 66 67 69 69 68 68
    64 65 65 66 66 66 68 69 68 64 61 61 65 68 71 72 75 78 80 78 73 69 66
    66 67 68 67 64 60 58 58 57 56 55 55 56 57 59 59 59 59 60 62 65 67 70
    71 72 72 70 67 64 60 57 56 56 57 57 59 62 65 67 66 64 59 56 56 60 67
    71 71 68 68 68 68 66 64 62 61 62 64 68 72 75 76 73 69 65 64 65 67 67
    66 67 68 70 72 70 65 58 54 54 56 61 66 71 72 70 67 67 68 69 71 72 72
    70 64 59 57 58 61 64 65 67 67 67 67 66 68 71 73 72 70 68 66 63 59 58
    60 65 68 68 65 63 64 67 69 70 69 67 64 59 55 52 53 57 62 66 28 46
    106 97 100 54 81 58 102 126 24 113 103 31 126 57 96 70 28 38 24 120
    82 118 7 30 34 120 102 98 8 47 18 23 49 102 27 111 124 65 10 85 54
    62 32 37 74 105 19 20 75 122 2 85 21 16 7 113 23 79 26 124 66 107 98
    68 65 60 56 54 53 55 59 64 67 68 67 63 60 59 60 61 61 60 61 62 64 65
    65 65 64 64 65 67 70 69 66 65 58 59 60 60 60 61 62 63 62 59 58 59 64
    68 71 72 74 77 77 73 67 63 61 61 63 65 66 64 62 60 59 58 58 59 60 62
    62 60 58 56 55 56 59 63 66 69 73 74 74 71 68 64 60 58 56 56 56 57 58
    60 63 65 65 63 61 59 59 64 69 72 72 70 70 71 70 68 64 62 62 63 66 70
    74 76 76 72 68 64 64 67 68 67 66 66 68 71 73 72 67 60 55 54 57 63 69
    74 74 71 68 66 67 68 69 71 70 67 62 58 56 57 60 62 64 65 66 68 69 71
    74 76 76 75 72 69 66 62 58 57 61 66 69 68 65 63 65 68 71 72 72 70 68
    63 58 55 55 58 62 65 121 79 20 97 118 42 26 45 40 1 31 2 22 7 61 76
    31 125 69 68 23 17 77 89 118 26 78 87 74 113 34 24 33 79 7 41 95 99
    13 36 42 88 35 107 69 17 70 100 118 113 101 4 23 22 62 55 81 112 54
    52 88 60 103 59 37 67 63 58 54 53 52 52 55 59 62 64 64 62 61 60 61
    61 60 59 58 58 57 57 57 57 59 62 66 69 71 69 65 63 56 57 59 59 59 59
    60 61 60 58 57 60 64 67 69 70 72 75 74 68 62 58 57 58 62 65 67 66 64
    62 61 60 61 64 65 66 65 61 57 54 53 54 56 60 64 69 73 75 74 71 68 64
    61 59 58 57 56 56 57 58 59 62 63 64 62 62 63 66 69 71 71 70 71 72 72
    71 67 65 64 65 68 72 74 75 73 69 65 63 65 68 69 67 65 65 67 71 74 74
    70 65 60 59 61 66 72 75 74 70 66 64 64 64 65 66 65 61 57 54 53 55 57
    59 61 63 64 67 70 73 75 76 76 75 72 68 63 59 56 56 61 66 68 66 63 63
    65 70 72 72 71 69 67 64 60 58 58 60 62 65 8 28 68 49 96 28 39 91 63
    32 60 45 41 98 88 2 72 85 47 114 67 55 36 80 42 46 5 73 110 75 109 7
    89 49 83 44 35 49 30 107 71 6 71 11 112 24 8 41 3 51 22 24 68 41 81
    67 92 18 88 36 72 59 35 0 81 67 63 58 55 54 53 52 52 54 57 59 61 62
    62 63 63 62 61 60 58 57 55 52 51 53 57 62 68 72 73 70 65 63 56 58 60
    60 60 61 63 63 62 60 59 61 65 68 69 69 71 72 70 65 59 57 58 60 63 67
    68 67 66 64 63 62 65 67 69 69 66 61 56 53 53 53 55 58 63 68 73 75 73
    70 66 63 61 62 62 61 59 57 57 56 56 59 62 63 64 65 66 67 67 67 68 69
    71 73 74 73 70 68 68 69 72 73 74 71 68 64 62 62 65 70 71 69 66 65 67
    71 74 76 74 70 67 65 66 70 73 74 71 67 63 61 60 60 62 62 60 56 52 49
    49 52 55 57 59 60 63 66 69 71 72 72 72 73 70 65 59 55 54 55 61 65 65
    63 60 60 65 70 73 72 70 68 65 61 59 58 60 61 63 64 79 91 126 8 78 54
    54 108 25 34 95 116 102 76 125 90 115 103 104 65 42 105 30 40 12 79
    31 91 48 113 120 56 54 1 90 77 96 74 90 66 124 96 108 31 122 62 99
    71 70 53 41 12 35 69 70 28 9 1 48 91 16 74 13 98 93 69 64 60 57 55
    54 51 50 50 52 56 59 61 63 65 64 63 62 61 60 59 55 52 50 52 56 63 69
    72 72 70 66 64 57 58 60 62 63 65 68 69 68 65 63 64 67 70 70 70 70 69
    66 62 59 60 61 64 66 68 68 67 67 66 65 65 67 69 71 70 67 62 57 54 54
    55 57 60 64 69 73 74 72 69 65 62 62 64 66 65 62 59 57 56 55 57 60 63
    64 66 66 65 63 62 64 68 72 74 75 74 73 72 72 73 75 74 71 66 61 58 58
    61 66 72 74 71 67 65 67 70 74 77 76 74 72 70 71 72 73 72 68 64 61 59
    59 59 60 59 56 52 49 47 47 49 53 55 57 59 62 65 68 69 69 68 68 70 68
    63 57 53 54 57 62 64 62 58 56 58 64 71 73 73 71 67 62 57 55 56 59 62
    64 65 55 66 71 20 1 78 12 24 62 33 65 71 36 121 71 106 48 100 29 113
    20 58 21 115 81 1 29 35 127 60 72 77 118 73 59 87 49 63 103 91 56 15
    32 11 76 104 63 76 105 120 113 2 94 30 125 115 125 45 35 40 27 57 89
    19 116 70 65 60 58 56 53 50 47 47 49 55 59 62 64 65 65 64 63 62 61
    60 57 54 52 54 58 63 68 70 69 66 64 63 59 59 61 63 66 69 73 75 73 70
    68 69 71 73 72 70 67 65 61 59 59 62 65 68 69 68 66 66 66 67 67 67 69
    70 71 70 68 64 59 57 56 58 61 64 68 70 72 73 71 68 64 62 62 65 67 67
    64 62 60 57 54 55 57 60 63 65 65 62 58 57 60 66 71 74 75 75 75 73 73
    74 74 71 66 59 54 52 54 58 65 71 74 71 67 65 66 69 73 76 77 76 75 74
    73 73 72 69 66 61 58 58 60 60 60 58 55 51 47 45 46 48 52 54 56 59 62
    65 67 67 67 66 67 69 68 63 57 55 57 61 64 64 61 57 55 57 64 70 73 73
    71 66 60 54 51 52 56 61 65 67 82 46 95 31 16 33 51 87 96 20 82 20 75
    97 23 47 92 12 5 42 78 100 121 20 50 0 122 93 65 85 82 50 6 73 89 82
    100 54 78 84 119 51 63 60 48 49 26 47 20 38 121 108 21 66 14 8 51 66
    69 116 36 84 124 46 62 70 65 61 57 55 51 48 46 46 50 56 62 64 65 65
    64 63 63 62 61 60 58 56 56 57 60 64 66 65 63 60 59 58 59 60 62 64 67
    70 74 76 75 73 72 73 74 74 72 69 65 60 57 56 59 63 68 71 71 69 65 64
    64 66 68 69 70 71 71 70 69 67 63 61 60 60 63 66 69 70 70 70 69 67 65
    63 63 64 66 67 65 64 63 59 55 52 53 56 60 63 62 58 54 52 55 62 68 72
    74 75 75 74 73 72 71 66 60 54 49 48 51 56 63 69 71 69 66 64 65 68 71
    75 76 75 73 73 72 70 68 65 62 58 55 57 60 61 61 58 54 49 45 43 44 47
    50 53 56 59 62 64 66 67 67 67 68 70 69 64 59 57 60 64 67 66 62 57 55
    57 62 67 69 70 69 66 59 53 49 50 54 60 65 68 116 47 98 92 58 81 47
    17 32 24 30 127 64 31 97 104 16 27 28 32 79 91 93 91 73 121 41 71 38
    57 53 60 105 89 10 70 127 62 89 98 15 57 117 58 117 118 98 52 2 63
    117 41 34 51 57 31 121 84 97 37 25 92 2 63 106 70 66 62 58 55 51 48
    47 48 53 60 65 67 67 65 63 62 62 62 61 60 59 59 59 60 63 64 64 61 57
    54 53 53 61 61 63 64 66 68 71 73 73 73 74 75 74 72 69 65 61 57 55 55
    58 64 69 72 72 68 63 61 61 63 68 71 72 71 70 70 70 71 70 67 65 64 65
    66 68 68 68 69 69 68 67 65 63 62 63 64 64 65 66 62 56 51 49 51 55 58
    58 55 51 50 53 58 64 68 71 73 74 72 71 69 66 61 55 50 46 46 49 54 60
    64 66 66 65 64 65 66 69 72 73 71 70 69 68 66 63 60 57 53 52 55 60 63
    62 59 54 49 45 43 45 48 51 54 57 59 60 61 64 67 69 70 71 73 72 68 63
    60 62 65 67 66 64 59 57 57 59 62 64 66 67 65 61 56 51 50 53 58 63 66
    113 43 53 122 79 59 113 116 4 35 83 30 43 30 85 119 33 40 28 116 69
    3 21 52 113 7 77 114 56 94 102 17 51 117 95 67 100 29 76 47 77 27
    118 69 3 124 27 93 6 85 118 65 68 78 73 25 24 51 15 14 98 46 117 125
    46 68 66 63 60 56 52 50 50 52 57 63 68 70 68 64 61 61 62 62 61 60 60
    61 62 62 63 63 61 57 53 50 48 48 64 64 65 65 65 66 67 68 69 71 74 74
    71 67 62 59 57 55 54 55 59 64 70 72 71 67 62 58 57 60 66 70 72 71 69
    69 72 75 77 76 73 69 67 65 65 66 67 69 70 70 70 68 64 61 60 61 62 64
    66 63 56 50 46 48 52 55 56 54 52 51 53 56 60 63 66 69 70 70 68 66 63
    58 53 49 47 48 52 56 59 61 62 64 64 64 65 66 68 70 70 68 65 64 63 61
    59 55 53 50 50 55 61 65 64 60 55 50 46 46 49 53 56 59 60 60 59 59 62
    67 72 74 75 76 75 72 66 61 61 63 65 65 64 62 59 58 57 57 58 61 64 66
    65 61 56 53 53 56 60 63 16 11 0 12 126 50 46 19 106 50 122 42 14 72
    16 22 27 113 62 30 24 56 57 30 105 64 69 118 60 63 25 104 92 94 50
    19 88 49 48 37 81 47 92 15 104 48 102 50 44 106 4 86 112 67 111 52
    55 1 108 53 123 104 95 67 109 65 64 62 60 57 55 54 54 56 60 65 71 72
    69 65 61 61 62 62 60 60 61 62 62 63 64 64 61 57 52 48 46 45 68 67 67
    67 66 65 64 64 66 69 71 71 67 61 56 53 52 52 53 55 59 65 70 72 70 65
    60 56 55 58 63 68 70 69 68 69 74 79 83 83 80 74 68 65 64 65 68 71 73
    74 73 71 67 64 61 61 61 62 63 62 57 51 46 46 49 53 55 56 55 55 55 56
    58 59 62 64 67 68 68 66 63 58 54 51 51 54 56 59 59 59 59 60 62 62 63
    65 67 68 68 65 62 60 59 57 55 53 51 49 49 55 63 67 66 62 57 52 50 51
    55 59 62 65 65 63 59 58 61 67 73 76 77 78 76 72 66 60 58 59 62 64 65
    64 63 60 57 54 54 57 62 66 67 65 60 55 53 54 59 64 80 121 109 45 108
    21 113 42 97 104 6 26 125 119 69 125 69 36 108 95 51 14 99 111 91 1
    63 12 118 104 96 70 92 108 70 111 11 67 56 72 118 69 61 94 41 92 6
    101 59 65 94 91 91 11 27 109 107 63 22 55 93 45 8 32 0 62 62 61 59
    58 57 57 58 59 63 68 72 74 71 66 62 62 62 61 59 59 60 61 62 63 64 65
    63 58 52 48 46 45 69 69 69 68 67 66 64 63 63 65 66 65 62 56 52 49 49
    50 52 54 58 65 70 71 68 63 58 55 54 56 61 65 66 66 66 68 74 80 85 86
    83 77 70 65 64 67 71 75 77 76 74 72 69 66 64 62 60 59 60 60 59 54 50
    49 51 54 57 59 60 60 59 58 59 60 61 62 65 68 69 68 65 60 57 55 56 59
    61 62 61 58 57 58 59 59 61 63 66 67 67 64 61 58 57 56 55 54 52 50 51
    57 65 69 68 64 59 55 55 57 60 64 66 69 69 66 61 59 62 67 72 74 75 75
    73 70 63 57 55 57 61 65 67 68 66 63 58 53 52 55 60 65 67 65 61 57 54
    56 61 68 105 85 79 40 46 122 27 78 45 28 17 72 108 67 2 111 59 82 86
    9 109 86 9 102 19 19 44 48 98 20 88 106 124 118 89 48 53 89 117 98
    105 112 85 7 75 47 78 58 99 70 54 114 124 104 98 19 51 96 10 76 63
    61 34 67 28 63 62 61 60 59 59 59 60 61 64 69 73 74 71 67 64 62 62 60
    59 58 60 61 62 63 64 65 64 58 52 48 47 46 68 67 67 67 66 65 63 63 62
    62 61 60 58 54 50 49 50 52 54 56 59 64 69 69 65 60 56 55 55 57 60 62
    63 63 63 67 72 77 81 83 82 76 69 65 66 70 75 78 78 75 71 68 66 65 63
    61 58 57 58 60 62 60 56 53 54 57 61 63 64 63 61 60 61 62 62 63 66 69
    71 70 68 64 62 62 62 63 64 65 62 59 58 58 58 58 59 62 65 66 65 63 60
    58 56 57 57 56 54 52 53 59 67 71 69 65 61 58 58 61 64 65 67 69 69 67
    63 60 63 67 70 71 71 71 69 65 59 54 53 56 62 67 69 70 70 66 60 54 52
    55 59 62 64 63 61 58 58 61 66 73 124 83 123 54 32 41 23 111 45 109 9
    81 107 78 53 77 26 41 4 4 117 107 83 92 119 119 0 43 126 96 57 8 26
    111 21 78 30 81 78 20 105 95 57 6 76 59 48 102 17 1 46 94 3 41 46 59
    22 75 104 36 84 80 105 73 124 66 64 62 61 59 59 59 59 60 64 69 73 73
    71 67 65 63 62 61 61 61 62 64 64 64 64 64 62 57 51 48 47 46 66 66 65
    65 63 62 61 60 60 59 58 57 56 53 52 52 55 59 61 62 63 66 67 65 61 58
    55 56 58 61 63 63 61 60 60 63 66 70 73 76 76 71 66 63 65 70 76 78 75
    70 65 61 60 60 59 58 57 57 58 62 65 65 62 59 59 61 64 66 67 65 63 62
    62 63 63 64 67 69 72 73 72 70 69 68 67 66 66 64 62 59 58 59 60 60 60
    62 63 64 63 63 60 58 57 58 59 59 57 54 55 60 66 70 69 66 63 61 62 63
    64 64 64 65 67 66 63 61 63 66 69 69 68 67 65 62 57 54 53 57 63 69 72
    73 73 70 65 59 56 57 59 61 62 62 61 60 62 65 71 75 50 95 115 6 50 32
    125 68 102 66 7 38 77 3 22 49 85 95 44 76 8 20 85 113 46 108 57 103
    125 48 108 91 118 65 35 112 21 89 56 21 104 6 70 37 61 112 21 72 16
    93 51 18 1 113 90 118 54 94 61 110 32 123 99 0 123 67 65 63 61 59 58
    57 57 59 64 68 71 72 69 66 65 64 64 64 65 66 67 68 68 67 65 63 60 56
    51 48 47 47 65 65 65 64 61 58 57 58 58 59 58 57 57 56 55 57 61 66 68
    69 68 67 65 62 58 56 56 58 62 65 67 65 61 58 58 59 61 62 66 69 70 67
    63 61 63 67 72 73 70 64 61 58 57 57 56 57 57 59 62 64 67 67 65 64 64
    65 67 68 68 67 65 63 62 63 63 64 66 68 70 73 74 74 73 73 71 68 66 63
    59 56 56 58 60 61 62 62 63 62 62 62 60 58 57 58 60 59 58 57 59 62 67
    69 68 66 64 64 64 64 64 62 60 60 63 64 63 61 63 65 67 68 67 67 65 62
    59 56 56 59 65 70 73 75 75 74 69 64 61 61 63 63 64 63 61 62 63 67 72
    75 109 61 93 75 49 35 105 98 55 116 8 11 44 7 66 37 70 56 19 16 11
    76 43 126 18 115 101 76 122 81 98 32 104 60 25 3 14 37 121 76 30 65
    35 3 125 33 57 35 13 56 42 113 30 78 95 100 37 68 50 43 8 39 115 67
    27 66 64 62 61 60 58 57 57 60 64 68 71 71 69 66 65 65 65 67 69 71 72
    73 72 70 67 63 60 57 52 50 49 50 66 66 66 65 61 57 56 57 59 61 61 61
    61 60 60 62 66 70 72 72 71 68 63 59 55 55 57 60 64 68 69 67 62 58 57
    56 57 57 61 65 67 65 62 60 60 63 65 65 63 60 59 60 59 57 57 58 61 64
    67 69 69 69 67 66 66 66 67 67 67 67 66 64 62 62 61 62 63 65 68 70 73
    73 73 74 73 69 65 61 56 54 54 57 59 61 62 63 62 62 62 62 61 59 59 60
    61 61 60 61 64 67 70 70 68 66 65 65 64 63 61 57 55 55 59 62 62 62 62
    65 67 68 68 68 67 65 63 61 60 62 66 71 74 76 77 76 72 68 66 66 67 67
    67 65 62 62 63 66 69 72 34 122 58 46 90 62 51 92 59 82 28 81 33 45
    122 15 35 93 82 9 69 16 50 108 30 56 96 116 33 75 25 92 45 12 81 99
    102 97 102 86 75 8 56 82 57 7 86 62 46 73 54 31 17 113 102 86 30 2 4
    52 120 127 68 127 16 63 62 62 61 60 59 58 59 62 67 71 74 73 70 67 66
    66 67 69 71 73 74 74 73 71 67 65 63 60 56 52 52 52 64 65 66 65 62 59
    58 60 63 65 65 65 65 63 62 63 66 70 71 71 69 66 62 58 55 55 57 60 64
    68 69 67 63 59 56 55 54 55 58 63 66 66 63 61 60 61 61 60 59 59 61 63
    62 60 59 61 66 70 73 74 73 71 69 67 66 66 66 66 65 65 65 63 62 61 60
    60 61 62 64 66 68 69 69 71 71 69 66 61 57 54 54 55 57 59 61 62 63 63
    64 64 63 62 61 62 63 62 62 65 70 74 76 74 70 67 65 64 63 60 56 52 50
    51 56 61 63 63 63 64 66 67 68 68 68 67 67 66 64 64 67 70 73 75 76 75
    72 70 69 69 69 69 68 66 63 62 62 63 64 67 45 53 32 107 7 115 24 72
    46 35 97 22 113 84 79 14 16 86 104 68 78 13 40 70 65 82 62 10 62 33
    71 44 12 93 115 0 84 86 0 83 46 94 52 85 108 121 116 66 74 91 102 23
    101 47 74 52 65 15 28 33 12 13 105 97 22 62 62 62 62 61 60 59 61 65
    71 75 77 75 72 69 68 68 69 71 72 73 73 73 72 70 68 66 65 63 59 56 55
    55 61 62 65 65 63 61 61 63 65 66 67 67 66 64 62 62 64 67 68 67 65 63
    61 58 56 56 57 60 63 66 67 65 62 59 57 55 54 55 58 63 66 66 65 63 62
    62 60 59 59 61 65 67 65 63 62 64 69 74 77 77 76 74 70 66 64 63 63 63
    62 62 61 61 62 62 61 59 59 60 60 61 62 64 65 67 69 68 66 63 59 56 54
    54 54 55 58 61 63 65 65 64 64 63 63 64 64 64 63 66 72 77 79 77 72 68
    64 62 59 55 51 48 47 50 56 62 66 66 65 65 65 66 66 65 66 66 67 67 65
    64 65 66 68 69 70 70 69 69 69 69 69 67 66 64 63 62 61 60 60 62 22
    108 120 82 113 42 4 58 96 64 124 72 123 60 115 13 70 68 41 56 4 98
    109 3 127 93 32 91 126 102 82 115 9 115 86 1 64 48 58 69 9 88 45 108
    4 60 74 27 69 54 0 6 73 117 112 30 81 55 94 21 93 37 43 42 3 64 65
    65 64 62 61 61 63 69 75 79 79 75 72 70 70 71 72 71 70 70 70 70 69 68
    68 67 67 66 64 62 60 60 58 60 63 65 63 61 61 61 62 62 63 63 63 62 60
    60 63 65 66 64 62 60 59 58 57 56 57 59 62 63 64 63 62 60 58 56 55 56
    59 63 66 66 65 64 64 65 63 61 61 65 68 69 67 65 64 67 71 76 79 79 77
    75 71 66 62 61 61 60 59 58 57 58 61 64 64 61 59 59 59 59 59 61 63 65
    66 66 66 64 61 57 54 51 50 51 54 59 63 65 65 64 64 64 64 65 65 64 63
    65 69 74 78 77 72 67 62 59 55 51 48 46 48 52 58 64 68 68 67 65 64 63
    62 61 61 62 63 63 62 62 62 62 61 62 62 63 64 66 67 68 67 64 62 62 63
    63 61 58 56 57 88 114 70 40 53 23 113 20 71 80 29 57 4 103 27 47 110
    64 121 55 93 101 26 126 38 59 101 98 123 3 77 35 50 30 10 17 33 1 78
    102 59 85 87 74 72 7 30 99 65 36 3 37 38 2 15 9 52 46 72 36 6 8 23
    111 29 69 71 70 68 65 62 62 65 71 76 78 76 71 69 69 71 72 73 71 68
    67 67 67 67 66 67 68 70 70 69 67 66 65 56 58 62 64 63 60 58 57 56 56
    56 58 59 60 60 62 65 67 67 64 60 58 57 57 57 57 58 59 61 62 62 62 61
    61 59 58 57 58 60 63 65 66 66 66 67 68 66 64 65 69 72 72 70 67 67 70
    74 77 79 79 77 74 70 65 61 60 60 59 57 55 54 57 62 66 67 64 62 61 60
    59 59 61 63 65 65 64 63 62 59 56 52 49 46 47 51 56 62 65 66 65 65 64
    64 64 64 64 62 61 64 68 72 73 70 66 61 56 53 50 49 49 52 57 62 65 68
    68 66 65 63 61 59 57 56 56 57 58 59 60 61 60 58 56 56 57 60 63 66 66
    65 62 60 60 62 63 61 57 54 54 2 118 92 93 110 47 109 37 79 53 105 23
    126 40 118 105 52 43 41 14 36 18 6 15 127 0 88 83 87 64 42 85 20 45
    113 61 39 85 120 118 7 20 107 35 109 54 36 112 55 71 33 1 43 107 85
    123 30 35 17 95 58 66 64 52 104 75 76 75 71 67 64 64 66 70 73 72 68
    64 64 67 71 73 72 69 65 64 64 65 64 65 65 68 71 73 73 71 69 67 55 58
    62 64 62 59 57 55 53 51 51 54 57 60 62 65 69 71 71 67 61 57 55 54 54
    55 56 57 58 59 61 61 60 59 59 58 58 58 60 61 64 66 67 68 69 69 68 66
    67 70 73 74 74 72 73 75 78 79 78 77 75 72 68 63 61 61 61 60 57 55 55
    58 63 68 68 66 64 63 63 61 61 63 65 66 65 63 60 58 56 54 51 49 47 47
    49 54 59 64 66 68 68 67 65 64 63 62 60 59 59 62 66 68 68 65 61 57 53
    52 52 54 57 61 64 65 66 66 65 65 63 61 57 55 54 53 53 54 57 60 62 61
    58 56 55 56 58 61 64 65 63 60 58 59 61 62 61 57 53 52 25 29 25 42 73
    6 110 2 34 54 9 72 64 20 55 118 47 73 27 99 15 74 68 59 38 44 81 44
    18 60 22 55 60 29 87 117 36 84 5 0 102 116 5 68 118 91 47 11 85 113
    57 11 57 13 87 31 30 125 35 61 89 103 94 104 100 78 79 76 72 67 65
    65 67 68 68 65 61 58 60 66 71 74 72 68 64 62 62 62 61 61 62 65 70 73
    74 73 69 68 57 59 63 64 62 59 57 55 53 51 51 53 57 61 65 68 72 74 73
    69 63 58 54 52 51 51 53 55 55 56 58 59 58 57 56 56 56 57 58 59 62 65
    68 68 68 68 66 64 66 69 73 76 78 79 79 80 80 78 76 74 72 70 65 62 61
    62 63 61 59 57 57 60 64 67 67 66 65 65 64 62 62 64 67 68 66 63 59 55
    53 52 51 51 51 50 49 51 56 62 67 70 71 69 66 64 63 62 60 58 58 59 63
    65 66 65 62 59 55 55 56 59 62 64 64 63 63 64 65 65 64 61 57 55 53 52
    52 53 57 61 64 64 62 59 57 57 58 59 61 61 59 58 57 58 60 62 62 58 54
    53 105 93 90 71 48 113 89 21 99 81 70 67 32 51 101 82 109 38 91 103
    98 51 33 38 120 76 7 4 57 76 126 95 78 73 41 44 102 6 71 89 94 28 45
    2 99 94 112 105 79 108 46 83 121 117 51 101 62 120 23 29 38 22 1 95
    124 79 79 76 70 65 64 66 68 68 65 60 56 55 59 66 72 73 71 67 63 61
    59 58 57 56 57 61 66 71 73 71 68 66 59 61 64 66 65 62 61 60 57 55 54
    55 58 61 64 68 70 72 71 68 64 59 55 52 50 49 51 52 53 54 56 57 56 55
    55 54 54 55 56 57 60 64 67 67 65 63 61 60 61 64 69 75 80 82 81 80 77
    74 72 71 70 67 63 60 61 63 65 64 61 59 59 61 63 65 65 65 64 64 63 61
    61 64 67 69 67 64 60 55 52 51 53 56 56 54 51 49 52 59 66 71 73 71 68
    65 63 62 61 60 59 60 62 64 66 65 64 60 57 56 58 61 64 65 64 62 62 63
    65 66 65 61 58 56 54 52 51 53 57 62 65 66 64 62 60 59 59 59 59 58 57
    56 57 58 60 62 62 60 57 56 57 82 8 97 42 38 16 103 46 115 127 87 30
    37 109 51 78 1 39 91 68 96 55 53 73 110 53 7 79 97 4 82 125 24 18 57
    72 43 75 123 95 83 111 82 114 84 7 73 2 36 116 110 66 125 120 31 98
    72 49 33 124 62 13 57 111 77 76 72 67 63 63 66 69 69 65 61 57 58 62
    68 72 72 69 65 62 59 56 53 51 50 51 55 62 68 71 69 66 65 60 62 66 69
    69 69 68 66 64 62 61 60 60 60 62 64 66 67 66 65 63 59 56 54 52 51 51
    51 51 52 53 55 55 56 56 55 55 56 57 57 59 63 66 65 61 58 57 57 58 60
    64 71 77 80 79 76 73 70 69 69 69 66 62 60 61 64 67 67 64 61 60 62 63
    64 63 62 62 62 61 60 60 63 67 68 67 64 61 58 54 54 56 60 62 59 54 50
    51 56 63 67 69 68 67 66 65 64 63 62 61 61 63 64 65 65 64 61 57 56 57
    60 63 65 64 63 62 62 64 65 64 61 58 56 54 52 51 53 57 62 65 65 64 62
    60 60 60 60 59 57 56 56 57 59 60 62 63 62 59 58 5 67 123 123 46 30
    46 70 6 24 54 45 38 117 33 3 98 44 111 18 20 109 37 27 123 24 62 110
    44 0 1 81 46 26 9 116 45 4 127 15 18 62 90 110 46 101 120 123 83 124
    41 67 45 95 44 62 96 112 61 96 35 59 24 59 99 74 73 70 65 62 63 67
    70 70 67 64 62 63 68 71 72 70 66 62 60 57 53 50 48 46 46 51 59 65 68
    68 66 65 61 63 67 72 75 75 74 72 70 68 67 66 64 62 61 62 62 61 61 61
    60 58 57 57 56 54 52 50 49 49 51 53 54 56 58 58 58 59 60 60 61 64 65
    63 59 56 56 57 58 58 61 67 72 75 75 73 70 67 67 69 69 67 63 62 63 65
    67 68 65 62 61 62 63 62 60 59 59 60 60 59 60 63 66 67 66 64 63 61 58
    57 59 63 65 62 57 53 53 56 60 63 64 64 64 65 66 65 64 63 62 62 62 63
    64 64 64 61 58 56 56 58 62 65 66 64 63 62 62 64 63 61 58 56 54 53 51
    52 56 60 63 62 60 58 58 59 61 62 60 58 57 57 58 60 61 63 64 62 59 59
    58 116 79 122 45 60 120 114 15 79 66 82 71 108 44 98 125 74 94 119 6
    106 65 8 73 14 105 122 17 10 102 77 105 94 100 23 63 28 116 44 2 75
    70 99 91 94 127 82 67 96 110 92 119 28 2 52 83 113 6 50 70 19 34 70
    71 72 72 68 64 62 64 67 70 71 70 67 67 69 73 75 73 69 65 62 60 57 54
    51 49 46 46 51 58 64 67 68 67 67 61 63 68 74 77 78 76 73 72 71 70 70
    68 65 62 60 58 57 57 58 58 58 58 59 58 55 52 50 48 48 50 52 54 57 60
    61 62 62 63 63 64 65 65 63 60 57 58 59 58 57 59 63 67 71 73 71 69 66
    66 68 69 67 65 64 64 65 66 66 64 61 60 61 62 60 57 55 55 57 58 59 60
    63 65 65 64 63 64 64 62 61 62 65 66 64 60 57 57 59 61 61 61 60 61 64
    66 67 65 62 61 60 59 60 62 64 64 62 59 57 56 57 62 67 69 68 65 63 62
    63 62 59 56 55 54 53 52 52 55 58 59 58 56 54 54 57 60 62 61 58 58 58
    59 60 62 64 64 62 59 58 10 104 4 95 89 126 87 18 56 39 9 10 83 126
    73 11 12 7 15 10 127 62 3 55 93 31 127 126 111 25 1 68 30 4 93 16 58
    119 46 36 80 17 99 75 97 104 36 72 78 16 16 120 54 20 72 17 111 36
    126 124 45 65 51 54 121 71 71 68 64 61 63 66 69 70 70 69 70 74 78 79
    75 70 65 63 62 60 58 56 54 51 50 53 59 64 67 68 69 69 60 63 68 74 77
    76 74 71 71 70 70 71 71 68 64 60 56 54 55 56 57 57 59 60 59 56 53 52
    51 51 52 54 55 58 60 62 64 65 66 66 66 66 66 64 62 61 62 62 60 58 57
    60 63 67 70 70 68 65 65 66 67 66 65 65 65 65 65 64 61 58 58 60 60 58
    54 51 51 53 56 58 59 61 62 62 62 62 64 65 64 63 64 65 66 64 62 61 62
    64 64 63 62 60 61 63 65 66 65 62 60 58 56 57 60 64 66 65 62 60 58 59
    63 69 73 73 69 65 63 63 61 58 54 53 53 53 54 54 54 56 56 56 54 52 51
    53 56 58 58 58 59 60 60 60 61 62 63 61 59 58 63 46 90 118 46 51 3 40
    57 34 38 21 51 95 18 20 12 108 56 123 31 78 12 31 70 7 34 127 21 41
    75 121 31 2 24 11 16 24 39 104 1 35 57 75 118 59 31 127 47 115 100
    106 123 13 124 1 120 16 27 101 90 28 28 10 90 70 70 67 63 61 63 65
    67 69 70 70 72 77 81 81 76 71 67 65 64 62 61 61 60 56 54 55 60 64 66
    67 67 67 59 61 66 71 73 73 71 69 69 69 69 71 72 71 65 60 56 54 55 56
    57 58 60 61 59 57 56 56 57 57 58 58 58 58 59 62 64 66 67 68 67 66 65
    64 63 64 65 65 62 58 56 57 60 64 67 68 66 64 62 62 63 64 64 66 66 65
    65 63 60 57 56 58 58 57 53 49 49 51 54 57 58 59 60 59 58 60 64 67 68
    67 66 66 65 64 63 63 65 68 68 68 66 64 63 63 64 65 64 62 60 57 55 56
    59 64 67 67 65 63 61 61 65 71 75 75 71 67 64 63 61 57 53 52 52 53 54
    54 54 55 55 55 54 52 50 51 53 54 55 57 60 62 62 61 61 61 61 61 62 62
    79 51 82 101 35 107 65 75 86 61 118 97 98 95 80 6 41 78 94 113 12 40
    109 1 111 66 31 46 12 30 33 120 124 5 78 2 47 123 50 103 20 113 5
    106 40 64 29 119 114 127 27 103 103 27 61 10 88 99 108 115 45 73 111
    127 37 67 66 64 61 61 63 65 68 69 70 70 73 79 82 81 76 70 67 66 64
    62 61 61 61 59 56 57 61 64 65 64 63 63 59 60 64 67 69 68 68 68 69 68
    68 71 73 73 67 62 58 56 57 58 59 60 62 62 60 58 58 60 62 62 62 61 59
    59 59 60 63 66 68 68 67 66 64 63 62 64 67 67 64 59 55 54 57 62 66 68
    66 64 63 62 62 62 64 66 67 67 66 64 60 58 57 58 59 57 53 50 49 50 53
    56 58 59 59 57 56 58 63 69 71 71 69 66 64 63 62 63 65 68 69 69 69 67
    64 61 60 61 62 62 60 57 55 55 59 64 67 67 66 64 63 63 65 69 72 73 69
    65 62 61 59 56 54 53 53 53 54 54 54 55 57 58 58 56 53 52 51 49 50 52
    57 61 63 62 61 61 61 62 65 67 58 84 4 4 100 119 22 106 67 51 45 22
    94 40 74 23 92 2 65 39 118 75 99 77 97 104 93 74 22 63 10 123 114 48
    110 100 103 52 58 47 64 80 25 55 120 120 67 126 122 120 83 78 17 53
    39 121 6 8 95 93 87 66 116 68 42 62 61 60 59 60 62 65 67 68 68 68 72
    78 82 80 75 71 68 67 64 61 59 59 60 59 58 59 62 64 64 61 60 59 62 63
    65 66 66 66 66 68 69 69 69 72 75 75 70 65 61 60 60 60 61 62 63 63 61
    59 60 62 63 63 61 60 59 59 59 60 63 65 67 67 67 65 63 62 62 64 66 67
    64 59 54 53 55 60 65 68 69 67 65 63 63 63 64 66 68 70 69 66 63 61 61
    63 63 60 55 50 49 50 52 56 59 61 60 57 56 58 63 69 73 73 71 68 66 65
    64 64 65 67 67 68 68 66 62 57 56 57 59 61 60 59 57 56 58 62 66 67 66
    65 63 62 63 66 68 68 64 60 57 56 56 55 56 57 56 55 54 53 54 57 61 64
    65 63 60 56 52 47 45 46 51 57 61 63 62 62 62 64 69 71 104 67 6 9 34
    87 110 51 92 49 109 57 65 115 121 108 114 40 54 18 17 42 0 117 61
    103 116 83 12 66 34 87 107 88 103 11 31 52 11 40 59 40 103 77 61 71
    113 81 84 43 93 8 97 102 38 53 31 118 19 86 61 72 110 126 3 57 57 56
    55 57 60 63 64 64 63 63 68 74 78 78 75 72 70 67 63 59 57 56 57 58 59
    61 63 66 65 63 60 58 66 66 67 66 64 63 65 67 69 69 70 73 76 76 72 67
    65 63 63 63 63 64 64 64 62 60 61 62 62 59 57 56 57 59 61 62 63 64 65
    65 65 64 63 62 61 62 63 63 61 58 55 53 55 59 65 69 70 69 66 64 63 64
    65 67 69 71 71 69 67 66 67 68 68 64 58 52 50 50 53 57 60 63 63 60 58
    58 62 68 72 74 73 71 69 69 68 67 66 65 63 62 62 61 57 53 51 53 57 60
    61 61 59 57 58 61 64 65 65 64 62 61 61 62 63 63 59 55 51 50 52 56 60
    63 63 60 56 53 54 58 64 69 71 71 67 62 54 47 42 41 45 52 58 61 62 63
    64 66 70 72 79 76 45 1 40 6 13 82 68 2 97 52 54 127 23 79 35 108 45
    126 123 26 108 6 100 42 100 81 39 91 122 12 91 7 100 32 109 76 21 72
    90 98 113 102 1 110 36 49 122 100 62 20 2 103 74 82 54 61 98 16 92
    85 26 3 13 52 54 53 53 55 58 60 61 59 57 57 61 67 73 74 73 72 70 67
    62 58 55 55 55 58 60 64 67 69 70 67 64 62 68 68 68 66 64 63 64 67 69
    70 70 73 76 75 72 68 66 64 65 65 65 66 66 65 63 62 62 61 59 54 50 50
    53 58 62 63 63 64 63 63 64 64 63 61 60 60 59 59 57 56 56 56 56 59 64
    69 70 67 64 61 61 63 65 67 70 71 71 69 69 70 72 73 71 65 59 54 53 53
    56 60 63 66 66 65 63 61 62 65 68 71 72 72 72 72 71 70 68 64 60 57 56
    56 54 51 50 52 57 60 63 63 61 59 58 60 63 64 64 62 61 60 59 59 61 61
    58 53 48 46 49 56 64 70 70 65 58 53 54 58 65 71 74 74 71 65 56 47 40
    38 41 48 55 60 62 63 64 67 70 71 39 56 124 6 77 66 4 37 79 29 39 8
    97 28 52 11 71 35 70 19 113 77 9 125 79 40 32 53 120 106 41 34 6 123
    88 55 26 80 31 30 19 63 114 5 47 27 61 111 46 116 99 106 5 50 52 2 2
    65 103 84 109 16 0 2 30 51 53 53 54 55 57 58 58 56 52 51 54 60 67 70
    71 71 69 65 60 56 54 53 54 57 61 65 69 72 73 72 69 67 68 68 68 66 64
    64 65 68 69 69 68 70 72 72 69 66 64 64 65 66 67 67 67 65 64 63 62 61
    58 52 46 46 50 57 62 64 65 65 64 63 63 64 64 63 62 60 59 57 56 56 57
    58 58 59 64 68 68 65 59 56 57 60 63 66 69 69 68 67 68 71 73 74 70 65
    60 56 56 57 60 63 66 68 69 69 68 65 62 61 63 66 70 72 72 71 71 71 69
    65 60 56 54 53 53 53 54 56 60 63 65 65 64 61 60 61 63 63 62 61 60 58
    57 58 61 62 60 55 48 45 47 56 66 72 73 67 59 53 53 57 63 69 73 74 71
    65 56 46 40 39 41 47 54 59 61 63 64 66 68 69 89 105 4 27 32 59 71 70
    10 119 84 115 25 66 63 7 53 88 86 70 118 9 68 13 82 49 67 19 17 40
    11 121 106 0 80 35 44 124 17 44 117 28 70 81 104 89 114 114 1 102 37
    18 45 125 84 76 77 58 50 64 75 36 71 69 23 53 56 57 57 58 59 59 57
    54 50 48 49 54 61 65 68 68 66 62 57 54 51 51 52 55 59 64 68 71 73 73
    72 71 67 67 67 66 65 66 69 71 71 69 67 67 68 67 66 64 62 63 64 66 66
    66 65 63 62 61 62 61 58 52 47 45 49 56 62 66 67 68 66 64 64 64 65 66
    66 64 62 60 58 58 60 60 60 59 63 67 68 63 56 53 54 58 63 66 67 66 63
    61 63 67 70 71 68 63 60 58 58 60 63 66 68 70 71 72 72 69 63 59 58 62
    66 70 70 68 68 69 68 65 61 57 54 53 54 55 58 61 64 66 66 66 66 64 62
    61 61 60 59 59 58 57 57 58 62 64 64 59 51 46 47 54 63 70 71 66 58 53
    52 56 62 67 71 73 71 65 55 47 42 42 45 51 57 61 63 64 64 65 66 66 54
    59 36 54 62 86 6 77 115 117 88 115 101 74 15 117 80 9 52 70 21 107
    35 54 80 79 96 19 39 115 112 85 10 51 1 36 45 37 56 109 109 115 69
    44 120 70 54 1 113 55 113 72 2 67 10 90 40 7 63 84 8 77 3 55 48 56
    59 62 63 63 63 62 60 56 50 46 45 48 54 59 61 62 60 57 53 51 50 49 51
    54 58 62 65 68 70 71 71 71 67 67 67 67 68 70 73 75 74 72 68 66 65 64
    63 61 61 61 63 65 65 65 64 61 60 59 61 62 60 56 51 49 51 57 62 67 69
    70 69 66 64 64 66 68 70 69 67 63 61 61 62 62 60 60 63 68 68 63 57 54
    56 60 65 67 67 63 58 55 57 62 65 66 64 61 60 60 61 62 64 67 68 69 70
    73 74 71 65 58 56 59 64 68 67 65 64 65 66 64 62 59 57 56 56 57 60 63
    67 68 68 68 68 66 63 61 59 58 57 57 58 59 59 61 64 67 68 64 56 49 47
    51 59 64 65 62 57 54 55 59 64 69 72 74 72 66 57 50 48 49 52 57 62 66
    67 66 66 65 65 64 78 44 32 26 113 124 14 116 91 50 85 88 72 62 88
    100 115 4 59 66 121 123 83 111 97 6 85 74 37 102 115 16 33 96 83 59
    88 47 29 60 8 87 39 116 66 84 20 33 2 47 70 122 87 80 80 95 81 45 94
    108 30 5 66 66 40 57 62 66 68 68 67 66 63 58 52 46 44 45 49 52 54 55
    54 52 50 49 50 51 53 56 59 61 62 63 64 65 67 67 65 65 67 69 71 73 76
    78 77 75 71 68 65 63 61 59 58 59 62 64 65 66 65 62 59 59 60 62 62 59
    56 54 55 58 62 66 69 70 69 66 64 64 65 68 70 70 68 65 63 62 63 63 62
    61 64 69 70 67 62 60 63 67 70 70 67 60 53 49 51 57 62 63 61 59 59 60
    60 61 62 64 66 67 69 71 72 70 64 58 55 57 62 67 66 63 61 61 62 61 61
    60 60 59 58 58 60 63 67 69 69 69 69 67 64 61 59 57 56 58 61 63 64 65
    67 69 71 68 61 53 49 50 54 58 59 57 56 57 60 64 69 73 76 76 74 68 61
    56 55 56 58 62 67 70 71 71 69 67 64 63 66 99 106 119 109 44 71 90
    103 6 76 88 28 95 91 66 0 91 126 125 34 82 71 10 79 123 73 64 97 82
    18 89 100 121 123 99 0 10 14 85 117 40 20 54 26 2 102 44 74 95 62 20
    53 44 67 8 49 86 9 76 73 16 119 28 44 57 61 66 69 70 69 67 65 60 55
    49 45 44 46 48 50 52 51 49 48 48 50 53 56 59 62 62 60 59 58 58 59 60
    62 64 67 71 73 75 78 79 79 76 73 70 67 63 60 57 55 56 60 64 66 68 68
    66 62 60 60 61 62 62 60 59 58 59 60 63 65 66 66 65 63 64 65 67 69 69
    68 65 63 63 64 64 63 62 65 70 72 71 68 67 70 73 74 71 65 57 50 47 49
    56 60 61 59 57 57 58 58 57 57 59 62 64 66 68 68 65 61 55 53 55 61 66
    65 62 59 58 58 58 59 60 61 61 60 59 60 63 66 68 69 69 68 66 62 59 58
    56 57 60 64 68 70 71 71 71 73 70 64 57 52 50 52 53 54 54 56 60 64 69
    74 77 79 77 74 69 64 61 61 62 63 65 68 71 73 74 72 69 65 64 10 67 18
    111 60 106 119 7 115 93 84 37 52 89 25 5 122 97 23 117 105 4 101 107
    23 34 90 29 17 51 56 106 7 67 19 13 92 54 24 117 116 71 110 42 19 21
    14 107 90 84 88 52 35 18 86 42 15 75 113 33 51 30 100 103 7 57 60 65
    68 68 66 65 63 60 57 53 49 47 47 50 52 54 52 50 47 48 51 55 58 62 63
    62 60 56 53 52 52 53 59 62 67 72 75 76 78 78 77 76 73 70 68 64 60 56
    55 56 60 64 68 71 73 71 66 62 60 60 61 62 63 62 60 59 59 60 60 61 61
    61 62 64 66 67 67 67 66 64 62 62 64 65 64 64 66 70 73 72 71 72 74 76
    74 70 63 55 50 48 51 57 60 60 58 56 55 55 53 51 51 54 58 60 62 63 62
    59 55 53 53 57 62 67 66 63 59 57 56 57 58 60 62 62 61 60 61 64 66 67
    67 67 66 63 59 57 56 56 57 62 67 72 75 75 74 72 72 70 64 58 54 52 51
    50 51 53 57 63 68 74 78 81 80 77 73 69 65 64 64 65 64 64 66 69 72 74
    73 70 67 65 94 42 55 63 30 6 106 20 60 116 103 108 94 3 63 44 40 17
    59 55 15 32 49 35 28 115 21 55 44 60 96 58 113 73 119 66 122 118 80
    79 73 116 29 116 74 124 0 71 7 93 97 45 73 26 43 122 126 7 40 26 99
    52 16 91 25 59 60 63 63 62 60 59 59 59 59 57 55 53 53 55 57 58 56 52
    48 48 52 56 59 62 62 61 59 56 52 50 50 50 59 62 67 71 74 76 77 76 74
    72 70 69 68 66 63 59 58 59 62 65 69 73 74 72 68 63 59 58 59 60 62 62
    60 59 58 58 57 56 57 58 61 65 67 68 68 67 65 63 62 62 64 66 65 65 67
    70 72 72 71 71 73 73 71 66 61 55 52 51 54 57 59 59 57 56 54 52 49 47
    48 52 56 59 59 58 55 52 50 51 55 60 65 68 67 64 61 59 58 59 61 62 63
    63 62 61 63 64 65 64 63 62 62 59 56 54 53 54 57 62 68 73 76 76 75 72
    70 67 62 58 55 53 50 49 49 53 59 65 72 77 80 81 78 75 72 69 67 66 65
    64 63 63 63 66 70 73 73 71 68 66 85 127 17 8 0 108 80 47 25 75 110
    96 83 108 51 104 109 18 12 52 75 48 78 6 127 117 40 61 35 83 3 52 37
    113 5 61 63 33 36 13 41 61 67 14 124 86 110 51 118 28 27 91 66 122
    123 63 49 27 54 80 29 117 64 39 119 62 60 59 57 55 53 52 54 56 58 60
    59 58 59 61 63 64 61 55 51 50 53 57 59 60 60 60 59 57 55 53 52 52 63
    64 67 70 73 74 74 72 69 67 65 66 67 68 67 63 62 62 65 67 70 72 72 70
    67 63 58 57 57 59 60 60 58 57 57 56 54 53 55 58 62 66 69 69 69 69 68
    65 63 63 65 67 67 67 68 69 70 69 67 67 68 68 66 64 60 58 55 54 55 56
    57 57 57 55 53 50 47 47 49 54 58 60 59 55 52 48 48 51 56 61 65 67 66
    65 63 62 62 63 64 65 66 65 63 63 65 65 64 62 60 59 60 58 56 54 52 52
    55 61 66 71 74 75 74 70 67 63 59 56 54 52 50 49 50 54 61 68 74 79 80
    78 74 71 70 69 69 67 64 63 62 61 61 64 68 71 73 72 70 67 92 67 25 52
    26 97 79 12 36 56 18 117 74 70 9 124 59 32 68 92 42 69 108 6 10 31
    27 0 84 47 110 124 62 71 20 85 83 107 63 59 47 54 63 77 35 7 31 45
    77 100 84 9 86 58 102 116 30 112 16 101 92 86 70 23 122 63 59 55 52
    50 49 49 51 54 58 61 63 64 65 67 68 68 65 59 55 54 55 58 59 59 59 60
    61 61 60 58 58 58 67 67 67 68 70 71 69 66 63 61 61 63 66 69 69 67 65
    65 66 67 68 68 66 65 63 60 57 55 57 59 60 59 57 56 55 54 53 53 55 59
    63 67 68 69 69 70 71 68 66 66 68 70 70 70 69 68 67 64 62 61 62 62 62
    62 61 60 58 56 55 54 54 54 55 54 52 49 48 50 54 59 63 64 62 57 53 49
    49 52 57 61 63 63 63 64 64 63 64 65 67 67 66 65 63 63 65 65 63 60 59
    60 61 61 59 56 53 52 53 58 63 66 69 71 71 68 64 61 59 57 56 55 53 52
    54 58 64 70 76 79 78 74 69 67 68 70 70 68 65 62 61 61 61 63 66 69 72
    72 70 67 26 86 97 72 96 62 104 63 81 24 34 24 102 118 94 35 101 70
    81 65 52 65 50 118 31 17 2 88 116 32 41 63 77 30 93 44 2 40 99 90 85
    85 124 6 73 113 13 56 118 7 105 85 43 38 52 30 109 49 89 101 101 71
    7 115 47 62 56 51 48 47 48 49 52 55 59 63 66 68 70 71 71 70 67 62 59
    57 57 57 58 59 60 63 65 66 65 64 63 62 69 68 66 65 66 66 65 61 58 57
    58 61 65 69 70 69 68 68 68 68 66 63 61 60 60 59 57 57 60 62 63 62 59
    56 54 53 52 53 57 60 63 66 67 67 68 70 73 72 70 69 70 72 74 73 71 68
    64 59 56 55 57 58 59 59 60 60 59 57 55 53 52 52 52 53 51 50 51 54 59
    63 67 67 65 62 57 53 51 54 57 59 59 59 60 61 63 64 65 67 67 66 64 62
    61 61 63 63 62 60 60 62 64 64 62 58 54 51 52 55 58 61 64 66 67 65 62
    60 60 60 60 60 59 58 60 63 67 72 75 77 74 69 65 65 68 71 72 70 66 63
    61 61 61 62 64 66 68 68 68 66 27 87 89 79 23 107 123 62 73 19 115 23
    41 58 88 107 78 28 22 15 79 118 70 56 123 42 101 116 40 25 93 43 68
    71 75 106 9 84 22 115 6 7 95 68 119 89 52 60 23 33 109 120 94 1 112
    97 127 67 35 71 40 99 111 67 115 61 55 50 48 48 51 54 56 58 61 65 69
    72 73 72 71 68 66 63 61 59 58 58 59 60 62 66 69 70 69 67 65 64 68 67
    63 60 61 63 62 59 57 57 58 61 65 69 70 70 69 69 69 67 65 61 57 56 57
    58 59 62 66 68 69 67 63 59 56 54 54 56 60 62 64 65 65 64 65 68 72 73
    72 71 71 72 75 75 73 68 62 56 53 52 55 57 58 57 57 58 58 57 57 55 53
    52 52 52 52 51 53 57 62 65 67 68 67 65 61 57 55 56 58 59 57 57 57 60
    63 65 67 67 65 62 60 58 58 59 61 62 60 59 61 64 66 66 64 59 55 53 53
    55 57 58 60 62 64 63 61 61 62 64 64 65 64 64 64 66 69 72 73 73 70 66
    63 63 67 71 73 72 68 63 61 61 62 62 62 62 63 63 63 63 97 107 69 82
    11 97 78 26 94 47 69 84 83 69 37 99 120 2 9 64 0 41 50 14 47 80 23
    105 101 33 17 12 1 120 93 63 102 41 56 1 14 105 65 51 22 103 116 106
    101 105 85 40 32 82 95 110 44 33 25 60 65 28 89 106 73 60 55 52 50
    51 55 59 61 62 63 66 70 73 74 72 69 65 62 60 59 58 58 58 59 61 63 66
    70 72 71 68 65 63 66 64 60 57 59 62 64 63 61 60 61 62 66 70 72 71 70
    70 69 67 64 59 56 54 55 56 60 65 71 74 74 72 68 63 58 56 56 59 62 64
    65 66 66 64 63 65 69 72 73 72 71 71 74 75 73 68 62 56 53 53 55 57 58
    56 55 55 56 58 60 59 57 54 53 54 54 54 55 59 63 65 66 66 67 67 64 61
    59 59 59 59 57 57 58 61 65 67 68 67 63 59 56 55 56 59 61 61 60 60 62
    65 66 66 64 60 56 55 55 56 57 57 58 60 61 61 61 61 64 66 68 68 67 66
    65 66 68 70 71 69 66 63 61 62 65 69 71 71 67 63 60 60 61 61 61 60 58
    57 57 58 62 27 63 7 12 91 44 105 100 118 62 31 82 80 4 109 13 106 80
    65 64 119 18 115 107 119 108 58 68 108 91 107 116 50 2 111 36 76 91
    94 74 52 41 57 118 68 38 17 10 23 70 37 101 67 98 46 64 114 20 2 107
    26 12 21 83 58 56 55 54 55 59 63 64 63 63 65 69 73 74 72 67 62 59 58
    58 58 58 59 60 60 61 64 68 70 70 68 65 63 63 61 58 56 59 65 68 69 67
    65 64 64 68 71 74 73 71 70 70 68 64 59 56 54 54 56 60 66 72 76 76 75
    71 65 61 58 59 62 65 66 67 68 68 65 62 62 64 67 70 71 70 70 71 72 71
    68 62 57 54 53 55 57 58 56 54 55 57 61 64 64 61 58 57 57 58 58 59 61
    63 63 63 64 66 67 65 63 61 60 60 59 58 59 61 64 67 69 70 67 62 58 55
    55 58 61 63 63 61 62 64 66 66 66 63 59 56 55 57 59 59 57 57 58 60 61
    61 63 65 68 69 69 67 65 63 63 66 68 68 66 64 62 61 62 64 66 67 66 63
    58 57 57 59 60 60 58 56 53 52 53 99 77 48 39 35 2 118 77 21 116 90
    95 20 72 49 105 98 73 47 36 127 62 126 69 85 5 67 54 127 53 120 117
    28 21 120 75 19 100 121 66 109 70 82 13 112 35 92 4 55 4 100 20 14
    23 109 125 65 61 106 23 99 113 27 55 59 56 56 57 57 58 61 63 63 62
    61 63 68 71 73 71 67 63 60 60 60 60 60 61 60 59 57 59 63 66 67 67 66
    66 58 58 56 57 62 68 73 73 71 68 65 65 69 73 76 76 74 73 71 69 65 60
    56 54 54 54 57 62 68 72 74 74 71 67 64 62 62 64 66 67 69 71 71 68 62
    58 57 60 64 67 68 67 67 67 67 65 61 57 55 54 54 56 57 56 55 56 59 64
    68 68 65 62 60 61 62 62 62 62 62 62 62 63 65 66 65 63 61 60 60 60 60
    62 64 66 68 70 71 69 64 61 58 59 62 64 66 65 64 64 66 67 66 64 61 57
    54 55 58 61 61 58 56 56 59 61 63 65 68 71 72 71 68 64 62 62 64 66 65
    64 62 62 62 63 64 64 63 60 56 53 52 54 57 59 61 60 57 53 51 52 26 91
    22 0 91 30 84 122 120 10 1 111 30 24 67 61 90 86 26 117 105 120 40
    14 6 87 60 31 83 32 87 82 123 12 30 99 106 88 34 62 74 52 61 62 89
    113 70 58 24 95 37 127 77 74 34 75 9 20 39 91 114 18 94 81 20 55 56
    58 59 60 62 63 63 61 61 63 67 70 71 71 69 67 65 65 64 64 63 62 60 56
    53 54 58 61 64 66 68 69 53 53 55 58 64 70 73 73 70 67 64 64 69 74 78
    79 78 76 73 70 65 60 57 56 55 53 53 56 61 66 69 70 70 68 66 65 65 67
    68 69 71 73 74 71 63 56 53 54 59 63 65 65 63 62 61 60 58 57 55 54 54
    55 56 56 56 58 61 66 69 70 67 63 61 61 63 63 63 62 61 61 61 62 63 64
    64 61 60 59 60 62 63 64 65 66 67 70 72 71 68 65 63 63 65 67 67 66 65
    66 67 67 65 63 60 56 54 55 58 62 61 59 56 56 59 62 65 67 70 73 74 71
    67 64 62 62 63 63 61 59 59 61 63 64 63 62 58 54 50 49 51 53 57 61 63
    64 61 58 56 57 18 80 121 103 18 4 117 51 40 72 32 105 81 95 109 124
    82 12 89 72 57 34 53 48 22 69 79 116 62 84 79 127 123 14 15 48 82 52
    64 52 36 58 6 93 27 84 70 34 55 102 28 67 104 55 54 76 55 35 51 26
    88 41 15 64 23 56 57 58 59 61 63 64 64 64 65 66 67 68 70 71 71 71 70
    69 68 66 64 62 58 54 51 52 55 58 62 67 71 73 49 50 53 58 63 68 69 69
    67 65 62 62 68 74 80 82 81 79 75 70 65 60 57 56 54 52 49 51 55 60 63
    65 66 66 66 67 67 68 69 70 72 75 76 73 66 59 54 53 57 61 63 63 60 57
    56 57 57 57 57 55 54 55 56 56 56 59 62 67 69 69 66 61 59 59 61 63 63
    62 60 60 60 61 62 63 62 60 59 60 61 63 63 63 63 63 65 68 71 72 70 68
    66 65 65 66 65 63 63 64 65 64 63 62 61 58 56 57 59 61 61 60 58 58 59
    61 63 66 69 72 72 69 64 61 60 61 60 58 55 53 55 58 61 63 62 59 55 51
    49 50 52 55 59 63 67 69 67 65 63 64 80 105 94 2 60 33 92 13 41 63 90
    67 63 94 127 92 32 119 88 90 96 113 25 31 49 59 15 76 15 82 4 36 72
    61 12 110 27 115 78 0 2 16 38 17 31 117 124 117 87 47 32 121 66 121
    57 96 11 65 41 11 19 104 68 112 106 58 58 57 58 60 62 65 67 69 70 69
    68 67 69 71 73 73 72 71 69 66 64 60 57 54 53 53 56 59 64 69 75 77 48
    50 53 57 61 63 63 64 64 63 60 61 66 73 78 82 82 79 74 69 64 60 57 56
    54 51 49 49 52 57 59 60 61 62 64 65 65 66 67 68 70 74 75 74 69 62 58
    56 58 61 63 62 59 55 54 56 59 61 61 59 58 58 57 57 58 60 64 68 70 68
    65 60 57 57 60 62 63 62 60 59 60 61 63 64 63 62 61 62 63 63 62 60 60
    60 62 66 70 72 71 68 66 66 65 64 63 60 59 60 60 60 61 62 62 61 61 61
    62 62 61 61 60 60 59 59 58 60 63 66 66 63 59 56 56 57 55 52 49 48 51
    56 59 61 59 56 53 51 51 53 56 58 61 65 70 73 73 71 69 70 71 26 107
    59 82 28 23 57 78 106 85 108 66 9 32 53 53 69 65 69 26 100 17 37 102
    93 35 102 70 112 44 77 69 78 14 58 18 7 83 87 52 74 80 108 79 97 106
    59 39 37 103 11 76 26 61 46 19 69 82 74 117 80 35 30 29 62 59 57 56
    57 60 65 69 72 73 71 69 68 69 71 72 72 71 69 68 66 63 61 59 57 57 58
    60 62 66 71 76 78 52 53 55 58 60 60 60 61 63 62 61 61 65 70 75 79 80
    77 72 68 65 61 59 57 55 53 51 51 54 56 57 56 57 59 60 61 62 63 64 65
    68 71 73 72 69 65 62 61 61 63 64 63 59 56 57 60 64 66 66 65 64 62 61
    60 60 62 66 69 70 68 65 59 56 57 60 64 65 65 62 60 61 62 64 66 66 65
    65 65 65 64 60 58 57 57 59 63 68 71 70 68 67 67 66 64 61 58 56 56 57
    58 61 62 63 64 65 66 65 63 63 62 62 61 59 56 54 54 57 60 59 56 52 51
    51 52 50 47 44 45 50 55 58 59 57 54 53 53 54 56 58 60 63 67 72 75 76
    74 71 71 120 51 4 91 99 90 108 104 43 11 80 48 31 4 125 122 61 117
    16 93 62 108 102 27 95 81 11 96 14 17 9 111 126 120 58 73 66 99 47
    23 12 99 83 49 15 73 45 104 86 124 88 99 22 126 15 58 88 19 112 71
    120 40 86 19 118 66 63 59 56 56 59 65 70 73 74 71 69 68 69 70 71 70
    69 68 67 66 64 63 63 62 63 64 65 65 66 69 73 75 57 58 60 63 63 62 61
    62 63 64 63 62 65 68 72 76 77 75 71 68 66 65 62 60 58 56 54 55 57 58
    56 55 55 57 59 59 59 60 60 62 64 67 69 69 68 67 65 64 64 64 64 63 60
    59 61 65 69 70 70 69 69 68 66 65 64 65 67 69 69 67 64 59 57 58 62 65
    66 67 65 62 62 63 65 68 68 68 67 67 66 64 60 57 56 56 58 62 66 69 68
    67 67 68 68 65 61 57 54 53 54 57 61 62 63 65 67 69 68 66 65 64 63 61
    58 55 53 53 55 56 55 52 49 48 49 49 47 44 43 46 51 56 58 58 56 55 55
    56 58 58 59 60 63 67 72 77 77 74 70 68 111 122 48 120 15 45 84 116
    36 122 24 89 108 56 0 4 91 89 74 28 2 7 105 36 99 74 19 33 100 20 95
    58 4 15 25 45 96 55 22 15 10 105 67 123 8 90 89 49 46 60 106 87 30
    33 111 91 11 118 126 59 105 73 114 77 78 69 67 62 57 56 59 65 70 72
    72 69 67 66 66 67 68 69 69 69 69 69 67 67 67 67 68 69 69 67 65 65 67
    68 61 62 65 69 70 69 67 66 66 65 65 64 65 66 70 73 75 74 72 70 70 70
    67 64 61 59 57 58 60 60 57 56 57 59 61 61 60 60 59 60 61 64 66 67 67
    67 66 66 64 64 63 62 61 62 64 68 69 69 69 70 71 71 70 69 68 67 67 67
    66 64 62 59 57 59 61 63 64 64 64 63 62 63 65 67 67 65 64 64 63 62 59
    57 56 56 57 60 64 65 64 64 66 69 69 66 61 57 53 51 51 55 59 62 63 65
    67 69 67 66 66 66 64 61 59 56 55 56 57 56 53 51 49 49 49 48 46 45 46
    50 55 58 60 59 58 58 58 60 61 60 59 59 61 66 72 77 77 73 67 63 35 76
    30 12 5 20 73 50 107 99 97 38 4 57 46 75 27 109 47 16 17 52 25 117
    111 65 86 124 26 55 88 102 56 14 62 11 53 80 20 65 28 53 97 1 126 99
    122 72 37 59 22 60 51 119 115 107 29 71 109 86 78 74 103 63 65 69 67
    63 58 57 59 64 69 71 71 67 63 61 61 62 64 67 69 71 72 72 70 69 69 70
    72 73 72 68 63 61 61 62 62 63 68 73 76 76 73 70 67 66 65 64 63 63 66
    69 72 74 73 74 75 74 71 67 64 62 60 61 63 63 62 62 63 65 65 64 63 63
    62 60 61 62 64 65 66 67 67 66 65 64 62 60 59 61 63 66 66 64 64 66 70
    72 72 71 69 68 66 64 63 61 59 58 57 58 59 58 58 59 60 61 61 63 64 64
    62 59 57 56 58 59 59 58 56 56 56 59 61 61 60 61 64 68 69 67 62 57 52
    49 48 51 56 60 63 65 67 66 64 63 65 67 66 63 61 59 58 59 60 58 55 53
    52 50 49 48 47 48 51 55 59 62 63 62 61 61 62 63 63 61 59 57 59 64 72
    76 76 71 66 62 49 108 20 8 66 96 76 84 10 22 127 82 94 105 4 26 88
    53 94 39 88 116 50 41 88 55 126 120 32 115 21 56 47 45 101 102 10
    109 1 48 126 26 119 91 48 88 16 98 65 63 22 0 16 108 61 36 23 27 50
    67 61 36 13 55 34 67 66 61 57 56 58 63 68 71 70 66 60 55 54 56 60 65
    69 72 73 73 71 70 70 72 74 76 74 69 62 58 57 57 60 62 67 74 78 79 75
    71 66 64 62 61 59 58 60 63 68 72 75 78 79 77 72 67 64 63 63 64 66 68
    68 69 70 70 69 67 66 65 64 63 62 62 63 63 64 66 67 67 66 65 62 60 58
    59 60 61 60 59 59 62 67 70 71 70 69 66 63 61 60 59 59 59 59 59 57 54
    53 54 57 59 61 62 62 60 56 52 50 50 53 58 60 59 56 54 55 57 58 58 57
    59 64 68 70 69 66 60 55 50 47 49 53 58 63 65 65 62 59 59 63 67 69 66
    64 62 61 62 62 60 57 56 54 52 50 49 49 52 55 59 63 65 65 64 63 63 63
    64 64 62 59 56 57 62 70 75 75 72 68 66 35 108 3 44 78 107 112 42 45
    17 72 123 28 29 98 124 69 79 62 95 69 33 97 72 89 18 50 25 56 40 91
    49 90 70 112 104 6 75 107 80 31 55 66 106 100 126 3 40 58 71 0 30 95
    78 61 34 99 4 99 75 64 1 65 86 72 63 62 59 56 56 57 61 67 71 70 64
    57 51 48 50 56 63 69 71 72 71 69 69 70 72 75 77 75 69 63 58 56 56 59
    60 66 73 78 79 75 70 64 60 58 56 54 53 54 58 64 70 76 80 80 76 70 65
    63 63 64 65 67 69 71 73 74 73 70 67 67 67 67 66 64 63 62 62 63 65 67
    68 68 67 64 61 60 59 58 58 58 57 57 60 64 67 68 69 68 65 61 59 58 58
    60 61 62 62 59 55 52 53 55 57 60 61 60 57 53 49 47 48 52 58 62 61 58
    55 54 56 57 57 57 60 66 70 73 73 70 64 58 51 47 48 51 57 62 64 62 58
    55 56 62 69 71 69 67 64 63 63 62 61 59 59 57 55 53 53 53 56 58 61 64
    65 66 64 63 62 62 63 63 62 59 56 57 62 70 74 75 73 73 73 126 2 114
    19 34 21 60 125 35 93 113 45 101 48 28 103 44 60 19 40 10 49 86 83
    107 86 44 53 121 53 25 18 111 49 37 59 41 99 34 76 88 53 67 76 15
    117 98 80 115 10 98 83 62 96 117 70 60 125 25 85 53 64 4 100 22 59
    57 55 55 55 56 59 65 69 68 63 55 49 47 49 56 64 69 71 69 67 66 66 67
    70 73 75 74 70 65 61 59 58 58 59 64 71 76 78 75 70 64 60 57 54 52 51
    51 55 61 69 75 79 77 72 66 62 61 62 64 66 67 69 71 74 74 73 71 68 67
    67 69 68 67 65 63 62 62 64 65 67 68 67 65 64 62 60 58 58 60 61 62 63
    65 66 67 68 67 65 62 60 58 59 60 63 65 66 63 58 55 54 55 57 59 61 60
    57 53 50 49 50 54 59 64 64 60 58 57 59 60 59 59 64 69 74 76 76 73 67
    59 52 48 47 50 55 59 61 58 54 53 56 64 71 74 72 69 66 63 62 61 61 61
    61 61 59 58 58 58 59 59 60 62 63 64 63 62 61 61 61 60 59 58 58 60 66
    72 75 74 74 76 78 78 75 71 68 67 68 71 72 71 70 70 71 71 71 69 65 61
    59 60 60 61 62 64 67 67 65 62 60 61 62 62 61 60 61 62 63 63 64 66 68
    70 71 72 72 71 69 66 63 61 60 59 59 60 62 62 60 58 59 60 62 62 62 61
    60 58 55 53 52 53 55 55 58 62 66 67 63 58 53 50 52 59 66 71 71 67 64
    62 62 63 64 67 70 72 70 66 63 61 60 58 59 64 70 75 77 75 71 65 61 57
    54 52 51 52 55 60 66 71 73 70 66 62 60 61 63 65 66 67 68 69 71 71 71
    69 67 66 68 70 71 70 68 66 63 61 61 62 64 66 66 65 65 64 61 58 60 64
    66 67 67 67 66 67 67 67 66 63 60 58 58 60 64 67 68 67 63 60 58 57 58
    59 60 60 58 55 54 53 53 57 62 66 66 63 61 61 63 64 63 64 67 72 75 76
    75 72 66 59 52 48 48 51 55 58 58 56 53 53 58 66 74 76 74 70 66 63 61
    60 60 61 63 63 63 62 62 62 60 58 57 57 59 61 61 61 60 60 58 56 55 56
    60 65 70 75 75 74 74 77 81 81 78 73 69 68 68 69 70 69 69 69 71 72 72
    71 66 61 59 60 61 62 62 64 66 67 66 63 62 64 66 67 64 61 59 58 58 57
    59 63 67 71 73 74 73 71 67 63 60 60 59 57 56 56 58 59 59 59 59 59 60
    61 62 62 61 57 53 50 51 53 55 55 57 60 64 67 66 63 60 57 57 61 67 71
    70 66 63 61 60 60 59 61 65 68 68 66 63 61 60 60 61 65 69 72 73 72 70
    65 62 59 56 55 54 54 57 60 65 67 66 62 59 58 58 61 64 66 66 66 67 67
    67 66 66 66 66 66 68 70 72 73 71 68 64 61 59 60 62 65 65 65 65 64 62
    60 62 66 69 70 69 68 66 65 65 64 63 60 58 56 56 58 62 65 68 69 67 65
    62 59 58 59 60 60 59 57 56 55 56 59 64 67 67 64 63 64 66 67 66 66 68
    69 70 71 71 69 63 57 51 49 51 53 56 58 57 55 53 55 61 69 75 76 73 69
    65 62 60 59 59 60 62 63 63 64 65 65 63 58 54 53 55 58 60 61 61 59 56
    53 52 55 60 67 72 74 73 71 71 75 77 77 74 70 66 64 64 64 65 66 66 67
    69 71 71 70 66 61 59 59 60 60 62 65 68 70 69 67 66 68 70 70 67 63 59
    55 52 51 54 59 65 71 74 75 74 71 67 63 60 59 58 56 53 53 56 59 61 61
    60 58 57 58 60 62 61 58 53 51 51 54 56 56 56 59 64 68 70 69 67 63 60
    61 65 69 68 65 63 63 62 60 58 58 60 64 66 65 62 60 59 64 64 65 67 67
    68 67 66 63 61 60 58 57 57 57 59 62 64 64 61 57 55 55 57 61 65 68 68
    67 67 65 63 61 61 62 64 66 67 69 72 73 72 68 64 60 58 59 62 65 65 66
    66 67 65 63 63 66 68 68 67 66 64 62 60 59 58 56 54 53 54 56 59 63 66
    68 69 67 64 61 58 58 59 60 60 59 58 57 57 59 63 65 64 62 61 63 65 66
    65 65 64 62 62 63 64 63 59 55 51 51 54 57 59 59 57 55 54 58 63 70 74
    73 69 65 62 60 59 58 58 58 60 61 61 63 66 67 65 60 55 53 54 57 59 61
    61 59 55 51 51 54 60 65 68 68 67 65 66 69 71 71 67 63 60 58 57 57 58
    60 62 65 67 67 67 65 63 61 59 57 56 56 60 65 69 72 72 70 69 70 72 72
    68 63 59 54 49 48 51 58 65 71 74 75 74 71 69 66 64 63 61 57 54 54 58
    62 65 65 61 56 53 53 57 61 62 60 56 53 54 57 58 57 57 60 64 68 71 72
    70 66 61 60 62 65 66 64 63 64 64 62 59 57 58 61 63 63 62 61 60 69 69
    67 65 63 62 62 62 61 60 59 59 59 59 58 59 62 64 63 59 55 53 54 57 62
    67 70 69 67 66 63 59 57 56 58 62 65 66 67 69 70 69 66 62 58 57 59 63
    66 68 69 70 71 69 66 65 66 66 65 64 64 62 59 56 53 52 52 52 53 54 56
    58 61 64 67 68 67 65 61 58 57 59 61 62 62 61 59 58 59 62 63 61 60 59
    60 62 62 62 61 58 56 54 55 56 56 55 53 53 56 59 62 62 61 58 56 56 59
    64 68 70 68 64 61 59 60 60 59 59 58 58 58 59 62 66 68 67 64 59 56 55
    57 60 62 62 59 55 51 51 55 59 62 63 60 58 57 59 62 65 65 62 58 56 54
    52 50 51 53 57 61 62 61 58 58 58 58 58 55 52 52 57 63 68 71 71 70 69
    71 72 71 67 63 59 54 50 50 54 60 67 72 74 73 72 71 70 70 70 69 65 60
    57 58 62 66 68 67 63 56 51 50 54 60 64 63 60 57 57 59 60 59 59 61 64
    67 70 71 69 65 60 59 61 63 64 63 63 63 64 64 61 59 59 60 61 60 60 60
    61 75 73 69 64 60 58 58 59 60 61 61 61 60 60 58 58 60 62 63 59 55 53
    54 57 63 69 72 71 68 65 61 56 54 52 54 58 61 63 64 64 66 65 63 59 57
    56 59 63 67 69 71 73 73 72 69 67 66 65 65 64 62 60 57 53 50 49 50 53
    55 56 57 58 60 62 64 65 65 63 60 57 58 62 65 66 65 63 61 60 60 61 61
    60 58 58 59 60 60 59 58 56 54 51 50 50 51 52 53 57 61 64 64 63 61 59
    58 58 60 64 66 65 62 59 58 59 62 63 63 62 61 60 59 60 62 65 67 68 66
    63 60 59 61 64 65 64 61 57 54 54 57 60 61 59 54 51 50 53 58 61 62 60
    58 55 52 49 46 46 49 53 57 57 55 52 52 54 56 57 54 50 50 54 61 65 67
    67 67 67 68 69 69 66 63 59 55 53 54 59 64 69 72 73 71 69 69 72 75 76
    75 71 65 61 61 64 67 69 68 63 57 53 50 53 58 64 65 63 60 59 60 60 60
    61 63 64 65 67 67 66 62 58 58 60 64 66 65 64 63 63 64 63 62 61 60 59
    58 57 58 58 78 76 72 66 61 58 57 57 60 62 62 62 61 60 57 55 57 60 62
    60 57 54 54 58 65 71 74 73 70 65 59 55 51 49 50 52 56 58 59 60 62 63
    62 59 57 58 59 62 65 67 70 72 71 70 69 68 66 65 64 62 61 59 57 54 51
    51 53 56 58 58 57 58 60 62 63 62 61 60 59 58 61 66 69 69 66 63 61 60
    61 61 62 61 60 59 59 59 59 59 58 57 55 52 49 48 49 51 55 61 66 67 65
    63 62 61 60 60 62 64 64 61 57 55 57 61 65 68 68 67 65 64 63 62 63 64
    65 66 66 65 64 64 67 69 69 67 63 59 57 57 59 61 62 58 53 48 47 51 56
    60 61 61 60 58 54 50 47 47 50 54 57 57 54 51 51 54 58 59 57 53 52 54
    59 63 64 64 64 64 64 65 66 65 63 61 58 57 59 63 68 71 73 71 69 67 68
    72 77 80 79 74 67 62 62 63 66 67 66 63 60 56 53 53 56 62 65 65 62 61
    60 61 62 63 65 65 65 66 65 63 60 57 58 61 66 70 69 66 64 63 64 64 64
    63 62 59 56 55 55 55 79 77 74 69 64 60 58 58 60 63 64 63 61 59 56 54
    55 58 61 61 58 55 54 58 65 72 75 74 70 64 58 54 50 47 46 47 51 54 56
    58 61 63 63 61 60 61 61 62 63 65 66 66 65 65 65 65 64 63 62 61 60 59
    59 58 56 57 59 61 61 60 58 59 61 62 62 59 58 57 58 60 64 68 69 66 61
    58 57 59 60 62 63 64 63 63 62 61 60 60 59 59 57 53 49 48 50 53 58 64
    68 67 64 62 62 63 64 64 65 66 64 60 56 54 58 63 69 72 72 71 70 69 67
    65 63 63 63 63 64 64 66 68 71 73 72 69 64 60 58 58 60 62 62 60 54 49
    48 50 55 58 61 61 61 60 58 56 54 54 56 58 60 59 56 55 56 60 63 65 64
    61 59 59 61 63 64 65 64 64 63 63 64 64 64 63 61 61 62 65 68 71 72 70
    67 65 65 70 76 79 78 73 65 60 58 60 62 64 65 65 64 62 58 54 55 59 63
    64 63 62 61 62 63 64 66 66 66 66 66 64 61 60 61 65 69 72 72 68 64 62
    63 65 66 66 65 62 58 55 54 53 78 77 74 71 67 64 61 59 60 62 63 63 61
    60 57 54 54 56 58 59 58 55 54 59 66 72 75 74 69 63 57 53 49 46 44 45
    48 52 55 58 61 64 65 65 65 65 65 64 63 61 60 59 59 59 61 62 62 61 60
    59 59 60 61 62 63 65 67 68 66 63 61 61 63 63 62 58 55 55 57 62 66 69
    67 62 55 52 52 55 58 61 64 66 67 66 65 63 61 61 60 59 57 53 50 50 51
    53 58 63 67 66 63 61 62 64 67 67 68 67 66 63 59 57 60 66 71 74 74 73
    72 71 69 66 64 62 60 60 61 63 65 69 72 74 73 69 63 60 58 58 58 60 61
    60 56 53 51 53 56 59 60 61 62 62 62 62 63 63 63 64 64 62 60 60 63 67
    70 72 71 70 69 68 68 68 69 70 69 68 65 63 62 62 63 64 64 64 64 65 67
    70 71 69 65 62 63 67 72 76 75 69 62 56 54 55 59 64 67 69 69 68 63 58
    57 59 63 65 65 64 64 65 65 66 66 67 67 68 67 65 63 64 66 70 73 74 71
    67 63 62 63 66 67 68 67 65 61 58 56 56 77 76 74 71 68 65 62 60 59 60
    62 62 62 61 59 55 53 53 55 57 57 56 56 59 65 71 73 72 67 60 55 51 48
    46 45 45 48 52 55 58 61 64 65 66 67 68 68 66 63 60 57 56 56 58 60 61
    62 61 60 58 58 59 61 64 67 71 74 75 72 67 64 64 66 66 64 60 56 55 58
    63 67 69 66 59 52 48 48 52 55 59 63 66 68 69 68 66 64 62 61 59 56 53
    52 53 53 54 56 60 63 63 61 60 61 65 68 69 69 69 68 66 62 60 62 66 71
    73 72 71 70 70 69 66 63 61 58 58 59 62 65 68 70 72 71 68 63 60 59 58
    57 57 58 58 57 57 56 57 58 60 61 62 63 64 66 67 68 69 69 69 67 65 63
    63 66 70 73 74 74 74 75 75 74 74 74 74 74 72 69 64 61 60 62 64 66 66
    65 64 66 69 71 68 63 60 61 65 70 73 72 67 60 54 52 54 58 64 70 73 74
    72 69 64 62 64 66 68 67 66 66 67 67 67 67 67 68 67 65 64 64 66 70 73
    74 72 68 64 61 61 63 65 68 69 68 65 63 60 58 58 76 74 72 69 66 64 61
    59 59 60 61 62 62 62 61 57 54 52 53 56 57 57 56 59 63 67 70 69 65 59
    54 51 49 48 49 50 51 53 55 56 58 60 62 64 67 70 70 69 65 60 57 56 58
    61 62 64 64 63 61 58 56 56 58 61 66 73 78 78 74 69 66 67 68 69 68 65
    60 58 60 65 69 69 66 60 53 49 48 51 55 59 62 65 68 69 69 67 65 63 61
    59 57 55 56 57 56 55 56 58 61 62 61 60 61 65 68 70 70 69 68 67 64 61
    62 64 67 68 67 66 67 69 69 67 63 59 56 56 58 62 65 66 68 69 69 67 63
    62 62 61 59 56 55 56 58 60 61 60 60 60 60 62 64 66 68 69 70 71 72 71
    68 65 62 62 64 68 71 72 73 74 76 77 76 75 75 75 74 73 70 65 61 60 60
    63 65 65 65 65 67 69 70 67 62 59 61 66 71 73 72 67 61 57 55 55 59 65
    70 74 75 75 73 70 68 69 70 70 68 66 66 67 67 66 65 65 65 64 62 61 61
    64 69 71 71 67 63 60 59 59 61 64 67 67 65 63 62 61 60 59 72 71 69 66
    64 61 59 58 59 60 62 62 63 63 63 60 56 54 54 56 58 57 57 58 61 63 66
    67 65 60 54 52 52 53 55 55 54 54 55 54 53 54 56 61 66 71 73 71 67 62
    58 58 61 64 66 66 65 63 60 57 54 53 54 56 63 72 78 79 75 71 69 69 71
    72 71 70 66 64 65 68 70 69 67 63 57 53 51 53 57 60 63 65 67 68 69 67
    65 63 63 62 60 60 61 61 59 56 56 57 60 61 61 61 62 65 68 70 70 68 67
    66 63 61 60 62 63 63 62 62 65 69 70 68 64 59 54 54 58 62 64 65 66 68
    69 69 67 66 67 66 63 58 54 55 60 64 66 63 59 57 57 60 64 67 68 69 69
    70 71 70 66 62 60 58 59 61 64 67 68 71 73 75 75 74 74 73 72 70 68 66
    63 61 60 60 61 62 63 65 67 69 70 67 62 60 62 67 71 72 71 67 63 60 58
    58 60 63 68 71 73 74 74 71 70 70 71 69 66 64 64 65 65 63 62 62 62 61
    60 58 59 61 64 66 64 60 57 55 55 56 58 62 65 65 63 60 60 61 60 60 69
    68 67 64 61 59 57 58 61 64 65 64 64 65 66 64 62 59 59 59 59 58 57 57
    59 61 64 66 65 60 55 53 54 57 59 59 57 56 56 54 52 51 53 59 66 73 76
    73 68 63 60 60 64 67 68 68 66 63 60 57 55 54 53 55 61 70 77 78 75 72
    71 72 73 73 74 73 71 69 69 70 71 70 67 64 60 57 56 58 61 65 67 67 67
    68 69 67 65 65 65 66 66 67 67 65 61 57 57 59 61 62 61 61 62 64 68 70
    69 67 65 64 62 60 60 61 60 59 59 60 65 69 72 70 65 59 54 53 57 60 63
    63 65 68 70 71 71 71 72 71 67 61 56 56 61 67 68 64 58 54 54 58 63 66
    68 68 67 67 67 66 62 59 56 54 55 56 58 60 63 66 69 72 73 73 74 72 70
    68 67 66 65 63 60 57 56 56 59 62 67 69 69 66 62 61 63 66 69 70 68 66
    64 62 61 60 60 61 63 66 69 71 71 69 67 67 67 66 64 62 62 63 63 61 60
    59 59 58 58 57 57 58 58 57 55 52 50 51 52 53 56 61 65 66 62 59 59 61
    61 61 66 66 64 61 58 56 56 60 65 69 70 68 67 66 67 67 66 65 64 63 63
    61 58 58 59 61 64 66 65 60 55 53 55 58 61 61 60 60 59 57 54 52 54 60
    68 74 76 73 68 63 59 59 63 67 69 69 67 64 61 60 59 58 57 57 62 69 75
    77 76 73 73 73 74 73 74 74 72 71 70 70 70 69 67 64 61 60 61 63 67 70
    70 70 69 69 69 68 66 67 69 70 72 73 72 67 62 58 58 61 64 64 63 62 62
    63 66 67 67 64 63 62 61 60 59 60 59 58 58 61 66 70 72 70 65 58 53 52
    54 57 59 61 64 67 71 73 73 73 73 72 68 61 56 56 62 68 70 66 60 55 54
    57 62 66 67 67 65 64 63 61 57 54 53 53 54 54 54 56 58 62 66 69 72 73
    74 73 71 68 67 66 66 63 60 55 52 52 55 60 65 68 67 64 61 61 63 65 67
    67 67 66 64 63 62 62 61 60 61 62 64 66 66 64 61 61 62 63 62 61 62 63
    63 62 60 59 57 56 55 56 56 55 53 50 48 46 47 49 52 54 58 63 67 67 64
    60 61 62 62 62 64 64 61 58 54 53 54 60 69 74 75 72 69 67 66 66 67 68
    68 68 67 65 62 61 62 64 66 67 64 59 55 54 56 59 62 63 63 64 64 62 58
    56 56 60 67 73 74 71 66 61 57 57 61 66 69 69 68 65 63 63 64 63 61 61
    64 69 75 77 76 74 73 73 72 71 71 71 70 68 67 68 69 68 66 63 61 62 65
    69 72 74 73 70 69 68 68 68 68 70 73 74 75 75 73 69 63 60 61 64 67 67
    65 63 62 62 64 65 64 62 61 61 60 59 59 60 60 60 60 63 66 68 68 66 61
    56 51 50 51 54 56 59 63 67 70 72 73 72 72 71 67 61 55 56 61 69 72 70
    65 60 58 59 62 65 66 66 64 62 59 56 53 51 52 54 56 56 55 55 57 60 64
    67 69 71 71 71 70 68 67 67 66 63 60 56 53 52 54 59 64 66 64 61 59 60
    63 66 68 69 69 67 65 63 62 63 63 62 61 60 60 61 60 59 58 58 60 62 63
    63 63 64 65 64 63 60 57 55 54 55 56 54 51 47 45 45 48 51 54 57 61 66
    70 69 66 63 64 65 65 64 61 60 58 54 50 49 52 60 70 76 77 74 70 66 63
    63 65 67 69 70 70 68 66 65 66 68 69 67 62 57 54 56 59 62 63 64 66 67
    67 65 62 59 58 61 66 71 72 69 64 58 54 55 60 65 68 68 67 64 64 66 68
    67 65 64 66 70 74 76 75 73 72 70 68 66 66 66 65 64 64 65 67 67 65 62
    62 65 69 74 77 76 73 69 66 65 65 66 69 72 75 75 75 74 73 70 66 62 63
    66 68 68 66 64 63 63 64 65 63 61 60 60 59 58 58 60 62 63 63 65 65 64
    62 58 55 51 48 46 47 51 54 59 62 65 68 69 70 70 70 69 65 60 55 54 60
    68 73 74 72 67 64 62 62 64 64 63 61 59 56 52 49 49 52 56 59 59 57 55
    56 59 62 64 65 65 65 65 66 67 67 67 65 63 62 59 57 56 57 60 63 64 61
    58 57 59 63 68 71 73 72 70 66 62 60 61 63 63 61 59 57 56 56 56 57 60
    62 64 65 65 65 66 67 67 66 63 59 56 55 56 56 55 52 48 47 50 53 57 59
    63 67 70 71 70 67 65 66 67 66 66 57 57 56 53 49 47 50 58 68 75 76 72
    68 63 61 61 63 65 66 68 70 70 70 70 72 73 71 66 59 55 55 59 64 66 65
    65 67 68 67 66 63 60 60 63 68 72 73 70 64 58 53 55 61 66 68 67 65 63
    64 68 70 69 67 65 66 70 72 73 71 69 68 66 65 64 64 64 63 62 62 63 65
    64 62 61 62 67 72 77 79 76 71 66 63 62 62 65 68 72 74 74 73 72 72 70
    67 63 63 65 67 67 67 66 66 66 66 65 64 62 61 60 59 57 57 59 62 65 66
    66 64 60 55 51 48 46 44 44 46 49 54 59 62 63 64 66 67 67 68 68 66 61
    55 53 57 65 72 77 77 73 69 65 64 63 62 59 57 56 53 50 48 49 53 57 60
    60 57 55 55 57 59 61 61 60 59 58 59 62 65 66 65 64 64 63 62 60 59 61
    63 63 60 56 55 57 62 69 74 76 75 71 65 60 58 59 61 62 61 58 55 54 54
    56 59 63 66 67 68 67 67 67 68 69 68 66 63 61 60 59 58 56 54 52 53 57
    61 64 66 69 72 73 72 69 67 65 66 66 66 66 56 56 57 54 50 47 49 55 63
    69 70 68 64 61 60 61 63 64 64 65 67 69 71 73 75 75 72 65 58 55 57 63
    68 70 69 68 68 67 66 65 63 62 62 65 70 74 75 72 66 59 55 56 62 67 68
    66 64 63 65 70 72 70 66 64 64 66 67 67 65 64 64 64 64 64 64 64 63 62
    61 61 62 61 59 60 63 68 73 76 76 73 69 65 61 60 61 64 68 71 72 71 70
    69 69 68 65 62 61 62 64 65 66 67 67 68 68 67 66 65 63 62 59 57 56 58
    62 66 68 67 62 56 50 46 44 43 44 45 47 50 54 58 60 59 60 61 63 63 64
    66 67 64 58 53 55 61 70 77 79 77 72 68 65 63 60 57 55 55 55 53 51 52
    56 60 62 59 55 52 52 54 56 58 58 58 56 54 54 57 61 64 64 64 65 65 65
    62 60 60 62 62 60 56 54 55 60 66 73 75 73 69 64 58 56 57 59 60 59 57
    55 54 55 57 61 65 67 68 68 68 68 69 69 70 69 68 67 66 65 64 61 58 55
    55 58 63 68 71 72 74 75 74 72 69 67 65 65 65 65 65 55 57 58 57 53 49
    50 53 58 62 63 62 61 60 60 61 63 63 61 60 62 65 69 72 76 76 72 65 59
    56 59 64 70 72 72 71 69 67 65 64 62 62 64 67 72 76 77 74 68 61 56 57
    62 66 68 67 65 65 68 72 74 71 66 62 60 60 61 61 60 60 62 64 66 66 66
    65 63 62 61 59 59 58 58 60 64 68 70 70 70 68 65 62 60 58 60 64 67 69
    69 68 67 66 64 62 59 57 57 59 61 63 65 66 67 68 69 70 69 68 65 63 61
    59 57 57 61 66 69 67 61 54 49 45 44 45 47 49 50 52 55 57 57 56 56 59
    61 62 62 65 67 66 60 54 54 59 68 77 81 80 75 69 66 63 59 56 55 57 58
    58 57 58 60 63 63 59 54 50 50 52 55 58 60 60 58 54 52 53 57 61 63 64
    65 66 65 63 60 60 62 63 61 58 55 54 57 62 68 69 68 65 62 58 56 57 58
    58 59 58 57 57 58 60 63 66 66 66 67 67 68 69 69 69 69 69 68 69 69 67
    64 59 56 57 61 67 73 75 76 76 75 73 71 69 69 68 66 65 65 64 55 57 59
    58 55 52 51 53 55 57 57 57 58 59 60 62 63 62 58 56 57 60 64 69 73 75
    72 66 62 60 61 65 69 71 72 72 70 68 65 62 60 61 63 66 70 74 75 73 68
    61 56 56 60 65 68 69 68 68 70 73 74 71 66 61 57 56 56 56 57 58 61 65
    67 68 67 66 64 62 61 58 58 58 60 63 66 68 67 64 62 61 62 61 60 59 60
    64 67 67 66 64 64 62 60 56 53 52 54 56 58 61 63 65 66 67 70 72 72 70
    67 64 63 61 59 59 61 65 68 66 59 52 49 48 48 50 53 54 54 55 56 56 55
    54 55 59 62 63 63 64 67 66 61 55 54 60 69 78 83 82 77 70 66 62 59 57
    57 60 63 63 62 63 64 65 63 59 54 50 51 53 56 60 63 64 62 57 54 53 56
    60 62 63 65 66 66 64 61 60 62 64 64 61 57 54 56 59 63 64 63 62 62 61
    59 59 59 59 59 59 59 60 61 63 64 65 64 63 62 64 66 68 68 68 67 67 68
    69 71 70 66 61 58 58 62 68 73 76 75 73 70 68 68 70 71 70 68 65 63 62
    55 56 58 58 56 54 53 53 53 54 54 55 57 58 60 62 63 61 57 55 56 58 62
    67 71 74 72 68 64 62 62 64 66 67 69 71 71 69 65 62 59 59 61 63 67 71
    72 71 66 60 55 54 59 65 69 70 69 70 72 74 74 70 65 61 56 54 54 56 57
    58 61 64 66 67 67 66 64 63 61 59 59 60 62 64 66 66 63 58 57 57 60 61
    61 60 60 63 66 65 63 61 61 59 57 53 50 50 51 54 57 60 64 65 66 67 69
    72 73 71 67 65 65 65 63 61 61 64 65 62 56 52 51 53 56 60 62 62 60 59
    58 57 55 55 58 63 66 67 65 65 66 65 61 57 56 62 71 79 83 82 77 71 66
    63 61 60 61 64 67 68 67 66 66 65 63 59 55 52 53 55 59 64 68 69 67 63
    59 57 59 61 62 64 65 67 68 66 62 60 61 64 66 64 61 58 58 60 62 62 61
    62 64 65 64 63 61 60 60 61 62 63 65 66 65 63 61 60 59 62 65 67 67 66
    66 66 66 67 70 70 67 61 58 58 61 66 71 72 71 67 63 62 64 69 72 72 68
    63 60 59 57 58 60 60 58 56 54 53 52 52 53 55 56 56 58 61 62 61 59 58
    59 62 64 68 72 73 71 67 64 62 62 62 63 64 66 70 72 71 68 64 61 60 61
    63 65 68 69 68 64 58 54 54 59 66 70 71 69 69 70 72 72 68 64 60 57 55
    56 58 59 59 60 61 62 63 64 64 63 62 61 60 61 62 63 63 64 63 59 56 55
    57 60 61 62 61 62 65 66 65 62 60 59 58 57 54 52 52 52 53 56 60 65 67
    68 68 70 72 72 70 68 66 67 69 69 66 64 63 62 58 54 52 55 60 65 69 71
    69 66 63 61 60 59 60 63 67 70 70 67 66 66 66 63 60 59 64 71 78 81 80
    75 69 66 65 64 64 65 68 70 72 71 69 67 65 63 60 57 55 55 58 63 68 72
    73 71 68 64 61 62 63 63 63 64 66 67 66 62 58 59 63 67 69 67 64 63 63
    63 62 63 64 67 69 69 68 65 63 62 62 64 66 68 68 66 63 61 59 59 62 65
    66 65 64 63 63 63 64 67 69 66 61 58 57 59 63 66 68 66 62 58 57 60 66
    70 71 67 62 58 56 61 62 64 63 61 58 54 52 52 53 55 56 56 56 58 61 63
    63 62 62 63 66 68 70 72 72 68 64 61 59 59 60 60 61 64 69 72 73 72 69
    67 66 66 66 67 69 70 68 63 58 55 56 61 67 71 70 68 66 67 69 70 68 65
    61 59 58 58 60 61 60 58 56 55 57 58 60 60 61 61 62 63 64 64 63 62 61
    58 57 58 60 61 61 62 62 64 67 68 66 63 60 59 59 58 58 57 56 55 55 57
    61 66 70 71 71 70 70 70 69 68 69 71 74 75 72 68 64 61 57 54 54 58 65
    71 76 77 74 70 67 64 62 62 63 66 69 71 70 68 68 69 70 68 64 62 63 67
    72 74 73 71 67 66 66 67 66 67 69 72 74 74 72 69 66 63 60 58 56 57 60
    65 71 75 76 74 70 67 64 63 63 63 62 63 64 66 64 59 55 56 61 68 72 72
    70 68 66 65 64 64 66 69 70 71 70 68 65 64 64 66 69 72 72 69 64 61 59
    60 63 66 67 64 63 62 61 61 63 66 67 65 61 57 56 57 59 62 64 63 61 58
    57 59 63 67 68 65 61 58 56 65 66 67 67 64 60 55 53 53 55 58 58 57 57
    59 62 65 65 65 65 66 68 70 70 71 70 65 59 56 56 57 59 61 63 65 69 72
    75 75 75 74 74 73 71 71 71 71 68 63 58 56 58 62 67 70 69 66 63 64 66
    68 68 66 63 61 59 59 60 60 58 54 51 49 51 53 57 58 59 59 60 62 63 63
    62 61 60 60 61 63 64 62 60 60 62 65 69 69 67 63 60 59 59 59 60 61 60
    57 56 58 63 69 74 76 74 71 69 68 68 69 71 74 77 78 76 72 67 63 60 58
    59 63 68 74 78 79 77 73 70 67 64 63 65 68 71 71 70 69 70 72 73 72 68
    63 61 61 63 65 67 67 66 68 69 69 68 67 69 71 74 75 74 71 68 64 61 59
    57 58 61 66 72 76 76 74 70 66 63 62 61 60 60 61 63 64 62 57 54 55 60
    67 73 74 74 71 68 66 64 65 65 67 68 70 71 69 67 65 65 67 71 74 74 70
    65 61 59 60 63 66 65 62 60 60 60 62 64 66 67 65 61 58 57 57 58 60 62
    64 64 62 60 59 61 64 65 64 61 59 59 67 68 69 69 67 62 57 55 56 58 60
    60 59 59 62 64 66 66 66 65 66 67 69 69 68 67 63 56 53 53 57 62 66 67
    68 70 72 75 78 79 81 81 78 75 72 72 71 68 63 59 58 60 63 66 68 67 65
    63 62 64 67 68 67 65 62 60 59 59 59 56 53 49 48 49 52 55 57 57 56 56
    57 58 59 59 60 61 63 65 67 67 63 60 59 62 66 69 69 66 63 61 59 59 59
    61 62 61 58 57 59 65 73 79 81 79 74 70 69 69 71 73 76 78 79 77 73 69
    66 64 64 64 66 69 73 77 79 78 76 72 69 67 65 67 70 72 71 69 69 70 73
    74 74 70 64 58 55 56 58 62 65 68 71 72 72 70 68 68 69 71 73 74 73 70
    67 64 62 60 60 62 67 72 75 75 72 68 65 62 60 59 58 59 61 63 64 62 58
    55 55 60 65 70 72 73 72 70 67 65 64 64 66 67 68 70 70 68 66 65 67 71
    74 74 70 65 61 58 58 60 62 62 59 57 58 60 63 66 68 68 65 62 60 59 59
    59 61 63 66 67 66 63 61 60 61 62 63 62 61 61 68 69 70 70 67 63 59 59
    60 62 62 61 61 62 64 65 65 64 63 63 63 65 66 67 66 65 61 55 52 53 58
    64 69 71 70 70 71 74 77 80 82 83 80 75 71 69 68 66 63 61 61 63 64 65
    65 65 65 64 64 64 66 67 66 64 61 60 60 61 61 58 55 53 52 53 54 57 58
    56 53 51 52 53 54 55 57 61 64 67 68 66 61 57 57 59 63 66 67 66 64 62
    60 59 59 60 61 60 58 57 60 67 76 82 84 82 77 72 70 70 72 74 77 78 78
    77 74 71 69 68 67 67 67 68 71 74 77 78 77 75 72 69 67 68 71 72 71 69
    68 69 71 73 73 70 63 56 53 52 55 60 65 70 74 75 75 72 69 68 67 68 70
    72 72 71 70 68 66 64 63 64 66 70 72 72 69 65 63 62 61 60 59 60 62 66
    67 66 62 58 58 60 63 66 68 69 70 70 68 66 65 65 65 65 66 68 69 68 65
    63 65 69 72 72 69 65 61 58 57 57 58 57 54 54 55 59 63 67 68 67 65 63
    61 61 62 62 63 64 67 69 68 65 61 59 59 61 62 62 61 61 69 70 70 69 67
    63 61 62 64 65 65 64 64 64 65 64 63 60 59 58 60 62 65 66 66 65 62 57
    54 54 58 64 69 71 70 69 70 71 73 75 78 80 77 72 67 65 65 64 64 63 64
    64 64 64 63 63 64 65 66 66 66 65 64 61 59 60 62 64 63 61 59 58 59 59
    58 59 59 57 53 49 50 52 54 55 56 59 62 65 65 62 57 53 53 56 60 64 66
    67 66 65 62 59 59 59 60 59 58 58 61 69 77 83 85 83 78 73 70 68 70 72
    75 77 77 76 74 73 71 69 67 65 64 64 65 69 74 77 78 76 74 71 68 68 69
    70 69 68 67 68 69 71 72 70 64 58 55 54 56 60 65 69 73 75 75 73 70 67
    65 64 66 68 69 70 69 68 68 67 65 65 66 68 69 68 65 62 61 62 63 62 61
    62 64 68 70 69 66 63 62 63 65 65 65 66 68 70 69 67 66 66 65 64 64 66
    68 67 63 60 61 64 67 68 67 65 62 60 58 57 55 53 51 51 52 56 62 65 66
    65 64 62 62 62 64 64 64 65 66 68 67 64 61 59 58 60 61 62 61 61 71 70
    69 67 64 60 60 62 65 67 67 66 65 65 64 62 59 56 55 55 58 63 67 69 69
    68 65 61 57 57 59 63 67 69 68 67 67 68 68 69 71 73 70 67 63 61 62 64
    65 65 65 65 64 62 60 59 61 64 66 66 66 64 62 59 58 60 63 65 64 61 60
    62 64 64 63 63 62 59 55 51 52 55 58 58 58 59 59 60 59 56 53 51 51 54
    58 63 67 69 69 67 64 61 60 59 59 59 60 60 64 70 77 81 82 81 75 69 64
    62 63 67 71 74 74 75 74 73 71 67 63 60 58 58 59 63 69 74 76 74 72 69
    66 65 66 66 67 67 67 66 68 70 71 70 65 61 59 59 60 61 63 65 69 72 73
    72 70 67 64 63 63 65 67 67 67 66 66 66 66 66 67 68 67 65 61 59 59 62
    64 64 63 63 65 69 70 70 68 66 65 67 68 68 67 67 68 69 69 67 66 66 64
    62 62 64 67 66 62 58 58 61 64 65 66 66 65 64 62 60 58 55 51 50 51 55
    59 63 64 63 62 61 61 62 64 65 64 63 63 63 63 61 60 59 58 59 61 62 62
    62 71 70 67 63 59 57 57 59 63 66 67 66 65 63 60 58 55 53 53 55 58 64
    70 74 74 72 67 63 60 60 61 64 66 66 65 64 65 65 65 64 64 65 63 61 59
    59 60 63 65 65 64 63 62 60 56 54 55 59 62 65 66 66 64 61 58 60 63 64
    62 59 60 64 68 68 67 67 66 63 58 55 56 59 62 63 61 59 57 56 55 53 52
    52 53 55 58 63 68 70 70 68 65 62 60 58 57 59 60 61 65 70 74 77 77 75
    69 62 57 55 56 61 66 70 71 72 73 73 70 65 59 55 53 53 54 58 64 71 73
    71 69 66 63 62 62 63 65 67 67 66 66 68 69 69 66 64 64 63 63 61 59 59
    62 66 69 70 70 68 65 64 65 66 66 66 65 63 63 64 66 68 70 69 66 61 57
    55 57 61 64 65 64 63 64 65 67 68 67 67 68 70 73 73 71 69 69 69 69 68
    67 66 64 62 61 64 67 67 64 59 58 59 62 64 66 68 68 67 66 65 62 58 54
    52 51 53 56 60 61 61 60 60 60 61 62 63 61 59 58 58 58 59 60 61 60 61
    63 65 65 65 69 68 65 60 55 53 53 56 59 63 64 64 62 59 56 54 53 53 54
    56 59 64 71 77 77 73 68 63 62 63 65 67 67 65 63 62 62 62 62 60 59 59
    58 57 57 58 59 61 63 63 62 62 61 57 53 50 50 53 58 63 67 69 68 64 61
    61 62 62 60 59 61 66 70 70 68 68 69 66 62 60 60 62 65 66 64 60 56 53
    52 53 54 56 58 59 61 64 68 69 69 67 65 62 60 58 57 58 60 61 64 68 71
    72 72 69 63 56 52 51 54 59 64 67 68 68 69 70 69 64 57 52 51 51 53 57
    62 68 70 68 64 62 61 61 60 61 63 67 68 67 66 66 67 67 66 65 65 64 63
    60 56 54 56 61 66 70 70 68 66 67 67 68 68 67 64 60 59 61 65 70 72 70
    65 59 54 52 54 59 62 63 63 61 61 62 63 65 66 67 69 72 75 76 75 72 71
    70 70 70 69 67 64 62 62 64 67 69 67 64 62 62 62 63 65 67 69 69 69 69
    67 63 58 54 52 52 53 56 58 59 59 60 60 61 62 61 58 56 55 56 57 59 62
    63 63 63 65 68 69 69 69 68 64 58 53 51 52 55 58 61 63 63 60 56 53 52
    53 55 56 58 59 63 69 75 75 71 65 61 62 66 70 72 70 67 64 62 61 60 59
    58 57 57 56 57 57 57 57 58 59 60 60 61 60 56 50 46 46 49 55 62 68 72
    71 67 63 61 61 61 60 60 63 67 69 68 66 67 69 68 65 62 62 63 64 66 65
    61 56 52 51 54 57 60 62 63 63 65 66 67 67 65 64 62 61 60 59 59 59 60
    62 65 68 68 67 64 58 53 51 52 57 62 66 66 65 64 65 67 67 63 56 52 52
    53 55 59 63 67 68 65 62 60 60 61 60 61 63 67 69 69 67 66 66 66 66 65
    64 63 61 58 55 53 54 59 65 69 70 67 66 68 69 71 70 67 62 58 57 59 64
    69 71 70 65 59 54 53 55 58 60 61 60 60 60 60 61 63 65 66 68 71 75 76
    76 74 72 71 72 72 71 69 66 63 62 64 67 70 71 69 68 66 65 63 63 65 67
    69 70 70 68 64 60 57 54 52 52 54 56 58 59 61 63 65 64 62 58 56 56 58
    60 63 65 65 65 65 66 69 70 70 71 70 66 60 55 52 53 56 60 63 64 63 60
    55 52 52 54 58 60 60 60 61 65 69 68 65 60 58 62 68 74 75 72 68 64 62
    60 59 58 57 57 57 57 58 59 59 58 56 56 57 60 62 61 57 51 46 46 50 56
    64 70 72 70 66 62 59 58 59 61 62 65 68 66 63 61 63 67 69 67 65 63 63
    63 64 65 63 59 54 52 54 58 61 64 65 64 64 64 65 65 65 64 63 64 64 63
    62 61 60 60 63 64 65 63 60 56 52 53 56 62 66 68 66 64 63 64 66 67 62
    56 53 54 56 59 61 63 65 65 62 60 60 61 62 62 63 65 68 71 71 69 67 66
    65 65 65 64 62 60 58 57 56 56 59 65 68 68 65 64 66 68 69 68 64 60 56
    55 57 61 66 68 68 65 62 59 58 59 60 60 61 61 61 61 61 61 62 63 64 65
    67 70 73 74 74 73 71 71 72 71 69 66 64 64 65 68 72 74 74 73 72 69 65
    63 63 65 68 70 70 68 65 62 60 57 53 51 52 54 56 59 64 68 70 69 66 61
    59 59 62 64 66 66 66 65 65 66 68 70 70 72 71 68 63 57 54 54 58 63 66
    66 65 61 57 55 55 57 60 62 62 62 61 61 61 60 58 56 56 60 67 72 72 69
    66 63 62 60 59 59 58 57 58 58 60 61 61 60 57 56 58 62 65 64 59 53 49
    49 53 59 66 70 70 68 64 59 56 55 58 61 65 68 68 65 60 58 61 66 68 68
    66 65 64 63 64 65 65 63 58 56 56 58 60 62 63 64 64 65 66 66 67 66 67
    69 70 70 68 65 62 60 61 62 61 60 58 56 56 57 61 65 68 68 67 65 64 66
    67 66 62 56 53 55 58 61 62 62 62 62 60 60 61 63 65 65 67 69 72 74 74
    71 67 65 64 64 64 64 62 60 59 60 59 58 60 64 67 66 63 61 62 64 65 63
    60 57 55 56 57 60 62 65 66 67 66 65 65 65 64 63 64 65 66 65 63 62 61
    61 60 60 62 64 68 71 72 71 70 69 69 68 67 67 67 68 69 71 73 75 76 76
    75 72 68 64 63 64 67 70 69 67 65 64 63 60 56 52 51 53 56 60 66 72 75
    75 72 67 64 64 66 68 67 66 65 65 65 65 67 68 68 72 72 70 65 60 56 55
    59 65 68 68 66 64 62 60 60 61 62 63 64 64 62 59 57 55 54 54 56 59 64
    67 67 64 62 60 61 61 61 61 61 60 60 60 61 64 64 63 61 60 62 65 68 67
    62 57 53 53 57 62 67 69 68 64 60 56 53 52 55 60 66 69 70 66 62 60 62
    65 68 68 67 66 65 64 64 67 68 67 64 61 60 59 59 59 60 62 64 67 70 71
    71 70 70 72 75 76 73 68 64 61 61 61 61 60 59 59 60 61 63 66 67 66 66
    67 68 69 69 67 62 56 54 56 59 60 61 60 60 60 60 61 63 65 67 69 72 74
    76 77 76 72 68 64 62 62 62 62 61 59 59 60 60 59 60 63 65 64 62 60 60
    60 59 57 55 55 57 59 60 60 60 62 65 67 69 70 70 69 68 67 68 70 70 68
    65 63 61 59 57 56 58 60 64 68 70 69 67 66 65 65 66 69 72 74 74 74 75
    76 77 77 76 75 71 68 65 65 68 69 68 66 66 66 66 64 59 55 53 53 56 62
    69 75 78 79 76 71 68 67 68 68 66 64 65 65 66 66 66 67 67 73 73 72 68
    62 57 56 60 65 69 69 67 67 66 66 66 64 62 62 64 66 63 59 55 54 55 57
    58 59 60 62 61 60 59 59 60 62 64 64 64 63 62 62 63 65 67 66 65 64 66
    69 69 67 62 59 58 58 60 63 67 67 65 62 59 56 53 52 54 59 65 69 70 68
    66 65 65 66 66 65 65 65 64 64 65 68 70 71 69 66 64 62 60 58 57 59 64
    69 73 75 74 72 71 73 77 78 75 70 65 62 62 64 64 62 62 62 62 62 64 65
    65 65 65 67 69 70 70 67 63 59 57 58 60 61 61 60 60 61 61 63 65 67 69
    72 75 78 80 79 76 72 67 64 61 60 60 60 59 58 58 58 59 58 60 62 63 62
    59 58 57 56 55 53 54 57 61 64 64 63 61 61 64 66 68 69 69 70 70 70 72
    73 73 71 67 65 62 59 56 54 56 58 62 66 68 68 67 65 64 64 66 71 77 80
    79 77 76 75 75 75 76 76 74 70 67 67 68 69 68 66 66 67 68 67 64 59 56
    55 58 64 70 75 78 79 77 72 68 66 65 64 62 62 64 66 67 67 67 67 67 74
    74 73 69 64 59 58 61 65 68 68 67 67 69 70 69 66 62 61 63 66 64 60 57
    56 58 60 61 59 58 58 59 59 59 60 62 64 66 67 66 65 64 64 65 67 68 68
    67 67 68 69 68 65 62 60 60 61 62 63 65 64 62 59 58 56 55 54 55 59 64
    67 68 68 67 68 69 68 66 63 61 61 62 62 63 66 69 71 71 69 67 64 61 58
    56 57 63 70 75 77 76 73 70 71 74 76 74 70 66 65 66 67 67 65 63 62 60
    60 62 64 64 65 65 66 67 68 68 66 64 63 63 63 63 63 63 64 64 65 65 66
    66 67 70 74 78 81 83 80 75 70 65 63 61 60 58 58 58 57 56 56 56 57 59
    61 60 58 55 54 54 53 51 50 52 58 64 68 69 66 62 61 63 65 65 66 67 69
    71 72 73 74 74 71 69 67 64 60 57 55 56 59 63 65 67 68 68 67 65 64 66
    72 79 82 80 77 75 73 72 72 75 77 75 72 68 66 67 68 67 66 66 67 69 70
    69 64 60 58 60 64 69 72 74 76 74 70 65 62 60 59 58 59 64 68 69 69 69
    70 70 72 72 71 69 65 61 60 62 65 66 66 64 65 68 70 69 66 63 61 63 65
    64 61 59 58 60 62 62 59 57 57 58 60 62 63 65 67 68 68 67 65 64 63 64
    66 67 67 66 67 67 67 65 63 61 60 62 63 64 63 62 61 58 56 57 57 56 56
    57 59 62 65 65 65 66 68 71 70 67 62 59 59 60 60 61 64 67 69 69 68 66
    64 61 58 56 57 62 68 73 76 75 71 67 67 70 73 73 71 70 70 71 70 68 64
    61 59 57 57 60 64 66 66 65 63 62 63 64 66 67 68 69 68 66 66 66 68 70
    69 68 67 66 67 70 74 79 83 84 80 74 69 65 64 62 59 57 57 57 57 56 56
    56 57 60 61 59 55 52 51 52 51 49 48 51 56 63 69 71 68 64 62 64 65 64
    64 65 68 71 72 73 74 72 71 70 69 66 62 59 58 59 62 65 67 68 69 69 69
    67 64 65 69 76 79 78 76 73 70 69 69 73 76 75 71 66 64 65 66 66 66 67
    68 71 74 73 68 64 61 60 62 65 68 69 70 70 67 62 59 57 56 56 59 65 71
    73 73 73 73 73 65 66 66 66 64 63 63 64 65 65 63 62 63 65 68 69 67 65
    63 63 64 63 61 60 59 60 62 62 60 58 58 60 63 65 66 67 68 70 69 67 64
    63 62 62 63 64 63 64 65 66 64 63 61 59 59 62 64 64 62 59 57 55 55 57
    58 58 57 57 58 61 63 64 65 66 69 73 74 70 65 60 59 59 60 60 61 64 66
    67 66 65 64 62 60 59 59 62 65 69 71 70 68 65 64 67 70 72 73 73 74 73
    71 67 61 58 55 54 55 60 65 68 67 63 59 55 55 59 63 68 71 71 69 66 66
    68 71 73 72 69 67 65 66 69 73 78 81 81 78 73 70 67 65 62 59 57 56 57
    58 58 58 58 59 61 62 58 53 50 50 51 51 49 47 48 53 60 66 69 68 65 64
    66 67 66 65 66 69 72 74 74 73 72 71 70 70 67 65 63 63 64 66 68 69 69
    69 69 70 68 64 63 66 71 74 74 73 70 68 66 66 70 73 74 70 65 63 64 66
    67 69 69 71 74 76 75 70 65 61 59 59 61 63 64 65 65 63 60 58 56 56 57
    61 67 73 77 77 77 77 77 56 58 60 62 64 66 67 67 66 65 64 63 63 64 67
    69 69 68 66 65 64 62 61 61 60 60 61 62 61 61 61 63 66 67 66 67 69 71
    70 67 64 62 60 59 59 59 59 60 63 65 64 62 59 57 57 60 63 63 60 57 55
    54 56 59 60 59 58 56 56 58 62 65 67 69 72 76 77 74 68 63 60 60 59 59
    59 62 65 66 66 66 65 64 63 62 60 60 61 62 64 64 63 62 62 64 68 71 73
    74 75 73 70 65 60 57 55 55 56 61 66 67 65 60 54 50 50 54 59 65 68 68
    65 62 63 67 71 73 71 67 65 63 64 67 71 74 76 76 73 71 70 68 65 61 58
    56 56 58 61 63 62 61 61 63 62 58 53 49 49 50 51 49 47 47 50 56 63 67
    67 66 67 69 71 70 69 70 72 74 75 75 74 72 70 70 69 67 67 67 68 69 70
    70 70 69 68 68 69 68 65 64 65 68 70 71 70 68 66 64 63 65 69 70 68 64
    63 64 67 69 71 72 73 74 76 74 69 64 60 58 58 60 61 61 61 61 60 60 60
    60 60 61 63 68 74 79 80 80 80 80 49 51 54 58 63 67 69 68 67 67 67 66
    66 66 67 68 69 68 66 66 65 63 62 62 61 61 61 62 64 64 65 67 68 68 66
    65 68 71 71 69 66 64 61 57 55 54 54 57 61 63 62 59 56 54 55 58 60 60
    58 56 55 57 61 64 64 61 58 55 54 57 61 66 69 71 74 77 78 75 69 63 59
    58 57 56 57 61 65 66 68 68 68 68 66 64 62 59 57 58 59 60 59 60 61 63
    66 69 72 73 74 72 68 64 60 59 59 59 61 64 66 66 63 58 53 49 48 51 56
    60 62 62 59 58 60 64 68 70 68 65 62 61 62 65 68 70 71 70 69 68 69 67
    63 59 57 56 57 59 63 66 66 64 62 63 62 59 55 51 50 50 50 49 47 47 49
    54 61 66 68 68 69 71 73 73 73 73 73 74 74 74 74 72 71 69 67 66 67 69
    71 71 71 70 69 68 67 68 70 71 69 67 67 68 69 70 69 67 64 62 60 60 64
    66 65 64 64 66 69 71 72 72 72 72 72 70 65 61 58 58 59 61 62 61 60 59
    60 62 64 65 66 66 66 68 73 78 80 80 81 81 48 49 52 57 64 68 70 69 67
    67 68 68 68 67 67 67 67 65 65 65 66 65 64 64 64 63 63 64 66 67 69 70
    70 68 65 64 66 70 72 71 69 67 63 58 53 50 49 53 57 60 59 56 53 52 53
    57 59 59 57 56 57 62 67 70 69 65 60 56 55 57 62 66 70 72 74 76 76 73
    67 61 56 54 53 53 56 61 65 68 70 72 72 71 69 67 64 61 58 57 58 59 60
    61 62 64 66 68 70 72 71 70 67 65 63 63 64 64 65 66 66 65 62 59 55 53
    51 52 55 56 57 57 55 55 58 63 67 68 66 63 60 58 59 62 65 66 66 65 64
    65 67 65 61 58 56 56 57 60 63 65 65 64 63 63 63 62 59 56 53 51 50 49
    49 49 51 56 62 66 68 69 69 71 72 74 75 74 73 71 71 71 72 73 72 69 66
    65 66 68 70 71 71 69 67 67 67 69 72 73 72 70 69 69 70 70 69 65 62 59
    57 57 60 63 64 65 66 68 70 71 71 70 70 69 68 65 62 59 59 60 62 64 64
    63 61 60 61 65 68 70 71 70 68 68 70 74 77 78 80 80 52 53 55 59 65 69
    71 68 65 65 66 68 67 67 67 65 64 62 62 63 66 66 66 66 67 66 66 66 67
    69 70 71 70 67 64 63 65 68 69 70 70 69 66 61 54 49 48 51 54 56 55 52
    50 49 53 57 60 60 58 58 61 66 72 75 73 69 65 60 58 58 61 66 69 71 72
    72 71 68 63 58 53 51 51 52 56 61 67 70 73 75 75 74 71 70 68 65 63 61
    61 62 62 64 65 67 68 68 70 70 69 67 65 65 65 67 68 69 69 68 67 65 64
    63 61 59 58 57 56 56 55 55 55 55 59 64 68 69 67 63 59 57 57 58 60 61
    61 60 61 63 64 62 59 56 56 57 58 60 62 64 64 64 65 66 66 66 65 62 58
    53 52 52 52 54 56 60 64 67 68 68 68 69 70 72 73 72 70 67 66 67 70 72
    73 71 67 65 64 65 67 69 69 68 66 65 66 69 72 73 71 69 68 69 71 71 69
    64 60 58 57 58 61 64 66 67 68 69 69 69 68 68 67 66 64 63 61 60 61 64
    66 68 67 66 64 63 63 66 69 70 70 69 67 66 66 69 72 75 77 78 56 57 59
    63 69 73 73 70 66 65 65 67 67 67 66 64 62 59 59 61 65 66 66 67 67 68
    67 66 66 67 68 67 66 64 62 61 62 63 64 66 68 69 69 64 58 52 50 51 53
    54 52 50 48 48 52 58 61 62 60 61 64 69 74 76 75 72 68 64 61 61 62 64
    66 68 68 67 66 63 60 57 55 54 54 55 59 64 69 72 74 75 75 73 71 71 71
    71 70 67 66 66 67 68 69 71 70 69 69 68 66 64 64 66 68 71 72 72 71 68
    67 66 67 68 67 66 64 62 59 57 56 56 56 56 59 64 69 71 70 65 60 56 55
    55 56 56 56 56 59 61 62 61 58 57 58 60 61 63 64 65 66 67 68 69 69 70
    69 66 62 57 54 55 57 60 63 65 67 67 66 66 66 67 67 68 69 69 66 63 62
    64 68 72 73 72 69 65 62 61 63 65 67 67 66 65 65 66 68 69 67 64 64 67
    70 71 68 63 59 57 58 60 63 66 68 69 69 68 67 66 66 65 64 63 62 62 62
    63 65 68 69 70 70 69 68 66 65 65 66 66 66 65 64 63 63 65 68 72 75 76
    59 60 62 67 73 76 76 73 68 66 66 67 67 67 66 64 61 58 57 58 62 65 66
    67 67 67 66 64 63 63 63 63 62 61 60 59 59 58 58 60 63 66 68 67 62 58
    55 55 55 55 53 51 50 50 53 58 62 63 63 64 67 72 75 76 75 72 69 66 63
    62 62 63 64 63 63 63 62 60 59 59 59 59 59 60 63 66 70 71 72 72 71 70
    69 70 73 75 76 73 70 69 69 70 72 72 71 68 67 66 65 63 63 67 70 73 73
    72 71 68 67 68 70 72 72 71 68 66 63 61 60 59 58 58 60 64 70 72 71 65
    59 56 54 54 53 52 52 54 58 62 63 62 60 59 61 64 66 67 68 69 71 72 73
    73 72 72 71 69 64 59 58 59 62 66 69 70 70 68 66 65 64 64 63 62 63 63
    62 60 60 62 67 71 73 72 69 64 60 58 59 62 66 68 67 65 63 63 64 63 61
    59 60 64 68 69 67 62 59 58 59 62 65 68 69 70 69 67 65 64 64 64 63 62
    62 63 64 65 68 70 70 70 69 70 70 69 65 63 62 62 61 60 60 61 61 63 67
    71 74 76 60 62 65 71 77 80 79 75 70 67 67 67 67 67 67 65 61 57 54 55
    58 62 64 66 66 66 64 62 61 60 60 60 60 60 60 59 57 55 54 55 58 63 66
    67 65 62 62 61 60 58 56 54 53 53 55 58 61 63 64 67 70 72 73 73 73 72
    69 65 63 63 63 63 62 60 59 60 60 59 59 60 62 63 63 64 66 67 69 68 67
    66 65 66 67 69 73 76 77 74 70 68 68 70 71 72 70 66 65 64 65 65 65 68
    71 73 73 71 70 69 69 71 73 74 74 72 70 69 67 67 66 63 60 59 60 63 68
    71 69 64 59 56 55 54 53 52 52 54 59 63 65 65 63 63 65 68 70 71 72 73
    75 77 77 74 72 70 70 68 65 62 61 63 65 69 72 73 72 70 68 65 63 61 59
    58 58 59 59 59 61 64 69 72 73 71 67 63 59 58 58 61 64 67 68 66 63 62
    61 60 58 58 60 64 68 68 66 63 60 60 61 63 66 68 69 69 68 66 65 65 65
    64 63 62 62 64 65 66 68 70 69 68 68 69 70 70 66 62 60 58 57 56 57 59
    61 63 66 70 72 73 63 64 68 74 79 81 81 77 72 68 67 66 67 68 69 67 63
    57 53 52 55 59 62 64 64 63 61 60 60 60 60 60 61 62 62 61 59 56 54 55
    57 61 65 66 65 66 67 67 65 63 60 57 57 57 58 58 60 63 66 70 72 72 71
    71 72 72 69 66 65 65 66 65 62 59 58 58 59 58 58 59 61 64 65 66 67 68
    67 65 63 61 61 63 66 69 72 74 74 71 66 64 64 67 70 71 69 65 63 64 66
    67 68 69 70 71 70 69 69 70 72 74 75 75 74 72 71 71 72 73 71 67 63 60
    59 61 64 66 65 62 59 59 58 57 56 55 55 57 61 64 65 66 65 65 67 71 72
    73 73 75 77 79 77 73 68 65 65 65 65 64 64 64 66 69 72 74 73 71 69 66
    63 60 57 55 55 56 58 60 63 68 72 74 73 70 66 62 60 59 59 60 63 66 67
    66 65 63 61 59 59 60 64 67 69 68 67 65 64 63 63 64 66 68 68 68 68 67
    67 67 67 66 64 63 62 63 63 63 65 68 69 68 67 69 70 70 67 63 60 58 55
    53 54 57 60 63 65 67 68 68 66 68 71 75 79 81 80 76 71 67 66 66 68 71
    72 70 64 57 52 50 53 57 61 62 61 60 59 60 61 61 61 62 63 65 65 64 61
    59 58 58 59 63 66 66 66 67 70 71 69 65 62 59 60 61 61 61 61 64 68 72
    73 71 68 68 70 72 71 69 69 70 70 68 64 60 58 58 58 56 55 56 59 62 64
    65 67 67 66 64 61 60 60 63 66 69 70 70 69 65 61 58 59 64 68 70 69 66
    65 66 68 69 68 68 68 67 67 67 68 70 72 74 74 73 72 72 73 74 76 77 76
    72 68 64 62 62 62 63 63 63 63 64 63 61 59 58 58 59 61 64 65 66 66 66
    67 70 71 70 71 73 75 76 73 68 62 59 60 63 65 65 64 62 62 65 69 73 74
    74 72 68 63 59 56 55 55 56 58 61 66 71 74 75 74 70 66 62 61 60 59 59
    61 64 66 67 67 65 62 60 60 63 67 69 69 68 67 67 66 66 67 67 68 68 67
    66 66 67 69 70 70 68 66 64 63 62 60 60 62 66 69 69 69 70 71 70 68 65
    63 60 56 53 53 55 59 62 65 65 64 63 70 71 72 75 78 79 77 73 68 65 65
    66 69 72 74 71 65 57 52 50 53 57 60 60 58 57 58 60 62 62 62 63 65 67
    67 66 63 61 60 61 62 65 67 66 65 67 69 70 69 66 63 62 64 66 66 65 64
    66 69 72 73 70 67 66 69 71 71 71 72 73 73 71 66 61 59 58 56 55 54 56
    59 62 63 64 65 66 66 66 65 64 63 65 67 69 68 67 64 60 56 54 57 63 69
    72 71 68 67 68 69 68 66 65 64 64 63 64 65 67 69 70 70 69 70 72 74 76
    77 78 78 76 73 70 67 63 61 61 62 65 68 70 69 65 63 61 60 60 61 62 64
    65 66 65 65 66 66 65 66 68 70 70 67 62 57 54 57 61 65 65 62 58 56 59
    65 70 74 75 74 71 65 60 58 57 56 57 58 62 66 71 75 75 74 71 66 62 61
    59 57 56 58 61 65 67 68 68 65 62 62 64 67 69 67 65 64 65 67 68 69 70
    70 68 65 63 63 66 70 72 72 70 67 66 64 62 59 58 60 64 67 69 70 70 70
    71 70 69 68 65 60 56 54 55 59 63 64 63 61 60 75 75 74 74 75 76 73 69
    65 64 65 68 69 71 71 68 62 56 52 51 54 58 60 59 57 56 57 60 62 63 63
    64 66 68 68 66 63 60 61 62 65 67 67 66 64 65 66 67 67 66 66 66 70 71
    70 68 68 68 70 72 73 70 67 65 66 67 68 68 71 73 72 70 66 62 60 58 56
    55 56 58 61 63 63 62 61 63 66 69 71 70 69 69 69 69 67 64 60 57 54 53
    57 64 70 73 72 69 67 67 67 64 61 60 61 62 63 64 65 65 65 64 64 64 67
    71 74 75 75 75 76 76 76 74 70 66 61 60 61 65 70 72 71 67 65 64 62 61
    60 59 61 63 64 63 61 61 60 61 63 64 65 65 62 58 54 53 56 61 64 64 59
    53 51 53 60 67 72 75 75 72 67 62 61 60 58 57 58 62 66 71 74 74 73 70
    65 61 59 57 55 53 54 57 61 65 67 68 66 64 63 63 65 66 64 60 59 61 65
    69 72 73 73 70 65 61 61 65 69 72 72 70 68 67 66 64 60 57 58 61 64 66
    67 68 68 70 73 73 73 70 65 60 57 58 61 64 65 62 59 57 81 79 77 74 74
    73 71 67 64 65 67 69 68 67 65 62 57 52 50 50 54 58 60 58 57 56 58 60
    62 63 64 65 67 69 68 65 61 59 60 62 65 67 67 64 61 61 62 64 65 67 69
    72 75 76 73 71 69 69 69 70 71 69 66 64 63 62 62 64 67 68 67 63 61 60
    59 57 56 57 59 62 65 66 64 60 58 60 65 71 75 75 74 72 71 69 66 62 58
    55 54 55 59 66 72 74 72 69 68 67 66 62 59 58 60 61 63 65 66 65 62 59
    57 59 63 69 71 70 68 68 70 72 74 73 71 66 61 59 59 62 67 69 69 67 67
    67 66 63 59 57 58 60 61 60 58 57 57 59 61 63 64 63 62 58 56 55 57 60
    62 62 58 53 50 52 58 65 70 74 74 72 67 64 63 62 59 57 58 61 65 69 71
    71 70 67 62 59 57 56 54 51 50 52 55 59 63 66 66 66 65 64 64 63 60 56
    55 58 65 72 76 78 76 71 65 61 60 64 68 72 72 70 69 69 69 67 63 59 59
    60 62 64 64 64 65 69 73 75 74 71 67 64 62 62 64 66 66 62 58 56 86 83
    79 76 74 72 70 68 67 68 70 71 67 63 59 56 51 47 45 47 51 56 59 59 59
    59 59 60 61 62 64 66 67 68 67 65 61 59 59 61 63 65 65 63 60 58 59 62
    65 69 74 78 81 79 76 72 70 69 68 68 68 67 64 62 60 59 59 62 64 63 59
    56 55 56 57 56 56 58 62 66 68 67 64 59 55 57 63 71 76 77 75 73 71 69
    65 61 57 55 56 58 62 68 73 75 73 70 69 68 67 64 61 59 60 62 64 67 69
    67 62 57 53 54 59 64 66 64 61 61 64 67 69 70 69 66 61 58 57 59 62 64
    65 65 68 70 69 65 60 57 57 58 59 58 55 54 55 59 63 66 68 67 65 63 61
    59 59 60 60 61 59 56 54 55 60 65 70 72 72 70 67 64 63 62 60 58 59 61
    64 66 68 68 66 64 60 58 58 58 56 53 50 48 49 53 57 62 65 67 66 64 63
    61 57 53 52 57 67 76 82 82 77 71 65 61 61 63 67 70 71 70 70 72 72 71
    67 64 62 62 62 62 62 61 62 65 69 72 72 69 67 65 65 66 68 69 67 63 58
    56 89 86 81 77 75 73 71 70 69 71 73 72 67 61 56 52 47 43 41 43 48 54
    58 61 62 63 62 61 61 62 64 66 67 68 67 64 61 59 58 59 61 62 63 62 59
    57 57 61 65 70 77 82 84 81 77 72 70 68 67 67 66 65 62 59 57 57 59 62
    63 60 54 50 50 53 55 56 56 59 63 68 70 69 64 58 53 55 61 69 75 76 74
    72 70 68 66 62 59 57 58 61 65 70 74 76 74 72 71 71 70 67 63 61 61 62
    65 69 71 70 64 57 52 51 55 60 62 59 57 56 59 63 65 66 67 65 61 58 55
    55 57 58 60 62 67 72 71 67 62 58 57 58 58 57 54 53 55 59 65 69 72 72
    70 68 66 64 62 60 59 61 62 61 59 59 63 66 69 69 69 68 66 65 64 63 61
    59 60 62 63 64 65 65 64 62 59 58 59 61 60 56 51 47 47 49 54 60 65 67
    66 64 61 58 54 50 51 57 69 80 85 84 77 70 64 61 61 62 65 68 70 70 72
    74 75 74 72 69 66 64 62 61 60 59 58 61 64 67 68 66 65 66 67 68 70 71
    69 64 59 56 89 87 82 78 76 74 72 71 71 73 74 73 67 60 56 51 45 41 39
    40 45 52 57 61 64 64 64 62 61 62 64 66 68 68 67 64 61 59 58 58 59 61
    62 62 59 56 57 60 65 71 78 84 86 82 77 72 69 67 66 66 65 64 61 58 57
    57 59 62 63 58 52 48 48 52 54 56 56 59 64 69 71 68 63 57 53 54 60 68
    74 75 73 71 70 68 66 63 59 58 59 63 66 70 75 77 75 72 72 72 72 69 65
    62 61 62 65 69 72 71 65 57 51 50 54 59 60 58 55 55 58 61 63 65 66 65
    61 57 54 53 54 56 58 61 67 73 73 68 62 58 57 58 58 56 54 53 55 59 65
    71 74 74 72 70 68 66 63 61 59 62 64 63 62 62 64 67 68 68 67 67 66 65
    64 64 61 60 61 62 63 63 64 64 63 61 59 59 61 62 61 57 52 47 46 48 53
    60 65 68 66 63 60 57 53 49 50 57 69 81 87 85 77 68 63 61 60 61 64 67
    69 70 72 75 76 76 74 71 68 65 63 61 60 58 57 59 62 65 66 65 65 66 67
    69 71 72 69 64 59 57</data></your_img>
</opencv_storage>
