<?xml version="1.0"?>
<opencv_storage>
<norm_v>1.0314664318338237e+03</norm_v>
<input type_id="opencv-matrix">
  <rows>256</rows>
  <cols>256</cols>
  <dt>u</dt>
  <data>
    160 71 137 118 99 96 0 0 160 71 137 118 99 96 0 0 19 34 15 35 57 85
    91 56 11 109 98 37 97 110 100 112 109 14 105 37 16 123 49 127 58 41
    107 39 95 41 94 76 119 17 117 103 36 43 125 124 69 30 66 38 116 119
    46 120 27 45 36 26 102 25 7 57 50 116 12 39 20 53 89 105 87 93 26 84
    53 107 45 34 5 17 11 67 15 17 26 96 92 119 113 82 109 31 62 68 86
    105 48 33 26 117 41 39 3 16 24 51 27 73 11 29 98 117 56 119 87 59 98
    35 119 127 32 7 82 57 74 84 71 4 118 45 42 107 42 49 102 8 59 95 99
    61 43 111 45 15 37 39 49 9 95 60 98 29 31 74 27 66 14 116 8 42 87 18
    94 69 43 117 116 60 19 49 90 84 113 58 114 16 105 62 93 28 45 75 66
    110 31 54 111 68 126 37 4 23 96 127 3 18 48 112 87 52 111 29 103 86
    106 107 32 108 70 26 96 7 59 116 35 81 99 73 51 79 66 54 105 56 32
    20 85 81 89 96 1 17 51 11 55 34 17 80 2 90 75 127 106 54 103 50 64
    30 31 35 61 98 10 10 111 68 124 5 67 69 13 83 75 0 74 126 25 20 45
    56 85 32 119 96 31 104 49 12 2 42 44 54 79 81 122 40 73 12 51 88 50
    91 36 53 11 98 36 85 72 123 73 55 1 74 117 47 71 121 92 59 99 99 34
    17 57 32 84 10 26 96 26 124 59 126 73 17 21 39 14 0 56 109 53 2 63
    69 36 96 73 16 124 15 100 33 36 72 54 49 23 35 19 71 48 64 9 21 47
    49 107 118 115 122 2 29 39 62 99 53 46 105 63 40 71 102 112 15 120
    11 72 126 57 99 19 63 62 72 57 21 111 8 102 43 29 6 91 45 6 89 69
    106 58 49 24 92 52 10 115 90 36 12 44 116 105 93 42 108 88 2 97 61
    52 114 66 92 61 90 21 58 97 116 99 77 107 37 71 111 82 89 37 59 84
    77 68 56 94 90 79 14 74 41 99 117 81 65 106 86 122 0 45 116 36 62 20
    46 96 54 91 114 19 96 103 2 108 103 117 100 123 94 80 55 97 11 125 3
    4 57 28 20 79 120 41 81 93 45 19 108 73 6 19 88 1 117 35 79 52 4 23
    7 108 14 93 4 97 1 43 13 121 76 7 78 10 80 105 44 75 47 77 32 17 99
    10 105 74 9 7 51 15 68 65 54 66 58 38 86 65 26 19 119 8 84 11 77 58
    51 50 19 101 46 24 13 123 111 123 46 73 72 6 45 58 85 92 91 71 52 86
    104 3 19 88 12 10 17 86 51 98 101 98 60 22 67 14 122 43 29 78 39 57
    28 103 61 59 40 18 22 75 49 37 77 28 77 0 114 120 121 62 76 94 76 49
    13 5 93 57 11 5 25 115 57 101 112 110 121 91 45 10 81 74 91 99 125
    49 77 26 68 80 72 61 22 85 23 27 85 101 117 49 43 117 17 56 21 4 91
    113 35 97 77 93 51 13 32 84 109 113 15 80 118 123 20 67 22 16 11 88
    16 19 30 62 3 36 124 16 5 26 113 76 48 107 51 58 28 58 102 88 80 40
    29 111 103 28 72 17 20 5 56 19 8 51 8 113 70 107 69 121 28 80 4 57 9
    114 116 82 66 96 84 96 23 2 61 6 78 13 73 48 31 80 62 4 120 45 49
    127 105 76 120 17 35 89 105 58 119 55 118 64 88 7 76 4 102 30 26 13
    30 12 98 57 58 27 27 64 85 52 51 60 88 44 78 30 11 119 91 79 16 121
    6 87 73 95 71 31 23 23 30 5 54 124 57 25 125 34 13 79 61 32 73 41 60
    83 35 101 48 55 48 1 2 27 25 40 99 11 99 125 102 26 1 21 28 79 62 36
    18 98 109 92 87 78 107 81 102 41 3 23 72 49 97 13 26 62 57 101 44 69
    114 106 65 111 9 46 123 55 65 101 13 24 61 118 27 101 51 37 84 126
    22 112 64 112 43 83 122 4 95 102 124 3 30 89 43 1 5 70 7 77 38 120
    107 11 21 39 99 77 21 72 90 96 60 120 56 10 43 55 108 2 39 55 95 82
    5 49 53 61 62 73 64 42 51 60 72 38 111 29 65 2 20 90 43 81 100 58
    112 29 107 49 118 63 115 35 60 75 38 63 6 18 109 49 38 98 114 74 13
    27 89 126 91 116 8 63 50 5 94 124 41 12 114 121 127 54 16 89 102 72
    59 38 62 57 103 99 39 114 82 107 35 67 87 83 72 75 51 8 99 16 35 69
    78 118 38 105 108 96 47 11 117 84 51 52 23 50 83 64 42 124 107 52 92
    111 64 103 61 59 95 78 62 9 118 74 99 77 18 94 77 19 54 1 17 50 114
    122 68 106 127 88 30 101 16 111 7 1 110 118 59 38 84 112 81 97 20 31
    126 113 74 112 60 25 118 122 49 73 44 100 114 60 42 28 49 71 52 37
    116 62 109 73 120 120 43 46 27 32 60 27 109 62 96 43 50 75 115 25 24
    22 69 2 78 68 7 109 38 32 52 116 86 77 44 8 27 45 47 19 92 114 124
    117 119 49 38 47 49 62 3 35 117 18 38 50 42 126 52 5 29 70 111 32 32
    101 70 93 108 71 93 5 69 125 120 118 107 123 38 6 6 121 67 53 39 11
    0 71 122 22 70 85 40 47 4 66 96 115 34 54 83 90 104 53 29 12 32 30
    71 34 11 126 63 30 124 11 44 15 120 10 48 81 1 67 92 65 106 87 34 50
    97 69 57 44 87 24 45 23 80 11 46 30 23 32 40 46 43 91 26 110 27 122
    32 71 38 33 104 44 26 44 50 67 32 69 122 115 39 35 94 93 93 0 11 11
    118 80 53 15 62 71 115 15 4 90 52 8 86 44 79 44 85 13 119 22 102 20
    103 11 49 68 0 16 65 103 123 10 17 58 21 101 112 73 67 34 21 71 78
    117 116 48 113 3 46 83 76 120 63 93 28 100 11 96 1 112 117 74 44 56
    118 93 32 64 44 53 108 66 94 37 32 55 85 99 92 25 116 42 97 60 0 108
    91 17 55 104 95 87 124 51 106 126 57 56 30 67 88 66 91 37 107 5 45
    102 120 64 32 89 39 88 127 25 19 118 23 64 119 36 49 116 58 56 26 56
    72 51 8 103 109 35 75 125 33 30 13 76 69 23 22 8 55 65 19 56 65 61
    10 31 39 67 26 27 4 75 54 85 77 83 60 16 30 59 88 5 45 4 34 87 28
    121 47 51 56 22 24 84 80 75 111 8 83 95 7 6 119 54 66 0 85 103 67 88
    48 115 21 23 87 105 26 1 101 23 98 95 62 39 32 17 60 40 102 5 56 124
    57 107 102 6 35 15 15 107 108 114 121 127 78 118 17 66 26 50 93 127
    45 105 124 122 32 80 29 91 36 96 126 100 30 80 121 95 32 92 96 32
    117 67 12 97 47 114 18 58 109 43 14 29 55 107 78 112 68 46 93 43 105
    19 2 55 66 17 81 110 127 38 58 46 125 28 22 14 44 87 116 97 58 10 20
    64 89 75 54 37 60 82 113 33 56 54 25 88 3 35 75 28 68 17 65 1 8 117
    3 109 14 57 101 71 37 77 72 111 64 20 53 62 97 63 18 14 46 125 15 27
    115 114 124 41 42 39 91 16 94 58 70 17 127 120 84 3 24 29 103 16 112
    55 28 71 21 10 4 23 26 118 96 45 47 121 71 107 65 109 11 41 35 54
    112 25 7 21 13 102 90 40 9 80 108 31 51 90 39 47 13 69 12 74 7 92
    109 52 118 51 8 63 75 99 108 28 81 29 86 92 56 33 51 101 32 62 97 81
    70 101 7 20 81 102 73 84 10 72 28 52 74 41 95 11 31 90 64 24 35 4 55
    53 101 65 55 49 98 55 22 14 77 71 32 101 24 68 22 78 56 109 76 9 93
    10 11 115 89 103 119 114 116 120 100 88 78 25 68 19 68 96 13 86 99
    126 74 40 53 124 24 55 114 51 107 79 81 75 98 48 110 26 60 2 76 121
    101 102 13 54 90 59 75 107 103 125 121 121 47 91 66 71 109 83 83 97
    52 39 13 109 57 76 38 89 30 68 68 96 13 108 92 4 42 51 119 39 95 91
    56 64 124 15 102 73 51 60 105 49 38 76 62 28 86 11 69 107 104 60 70
    71 41 7 111 72 22 84 1 41 87 31 11 51 40 80 113 66 9 54 21 54 70 117
    17 108 6 56 98 121 115 100 28 14 56 108 68 58 115 24 78 71 55 90 32
    66 81 63 2 121 27 58 119 50 100 7 67 48 97 21 52 86 80 17 70 8 125
    111 108 82 58 77 71 105 41 2 91 103 2 53 69 56 91 58 25 118 49 120
    57 106 115 79 83 20 1 95 28 50 45 119 123 122 37 120 74 122 119 16
    110 24 96 108 87 108 57 8 36 82 91 55 122 108 88 62 104 60 78 10 35
    41 120 7 87 82 2 112 50 30 27 15 113 27 37 95 47 72 4 88 92 0 110
    118 113 36 111 104 75 48 54 110 125 106 5 50 36 77 56 104 110 54 24
    59 1 31 29 6 23 52 100 40 68 72 83 24 26 8 108 74 59 47 88 44 94 11
    7 19 105 53 0 35 99 90 112 103 100 78 33 70 39 102 94 122 108 102 29
    25 110 40 45 74 43 40 32 20 36 80 77 11 10 97 2 127 109 95 64 84 73
    62 105 112 96 16 125 112 122 13 89 59 35 8 108 98 35 30 41 116 59 93
    126 71 60 50 89 4 12 123 87 62 18 16 95 1 41 66 80 118 73 126 31 47
    46 11 21 22 108 8 92 84 18 15 89 97 123 101 43 104 82 54 61 12 80 70
    20 95 61 35 6 104 74 87 51 12 73 63 15 54 96 119 15 120 58 35 112 65
    92 40 102 18 111 30 96 39 50 89 127 109 5 6 71 93 111 84 35 90 109
    63 78 15 117 121 109 104 99 57 15 85 90 117 27 66 68 100 58 68 81 97
    59 94 98 99 45 0 81 85 10 29 79 94 82 52 5 38 27 91 14 48 113 69 106
    39 3 14 55 1 120 10 8 14 30 69 101 79 6 50 90 8 2 42 87 88 72 119 58
    119 39 7 29 85 69 42 75 48 101 94 25 34 16 5 51 23 33 104 43 89 6 33
    67 19 75 111 118 126 22 70 73 92 67 1 84 22 65 125 100 31 105 61 31
    115 86 81 95 8 69 88 44 69 80 62 78 69 34 67 7 12 67 58 86 54 110 5
    96 15 23 57 29 91 110 24 119 100 56 125 7 29 94 25 8 123 63 104 100
    95 81 99 62 11 23 101 100 87 2 53 65 21 57 20 27 47 39 96 0 23 0 60
    126 91 72 20 21 113 55 53 78 121 92 114 120 124 36 121 102 124 24 36
    110 91 121 21 31 23 126 74 71 24 36 76 88 82 84 70 104 18 88 121 102
    11 12 125 33 19 66 27 50 85 123 64 75 108 5 106 98 41 20 74 22 10
    105 86 19 120 101 63 107 49 16 36 45 115 58 95 68 86 127 24 71 122
    102 47 90 71 0 120 56 63 106 10 110 73 95 61 61 32 27 12 100 122 9
    57 127 63 62 19 26 6 9 56 1 45 97 109 89 71 122 59 79 36 39 105 75
    39 53 33 10 127 100 51 99 66 8 14 14 39 86 96 40 60 88 33 49 116 70
    116 74 62 74 75 102 69 25 73 95 107 65 110 30 35 83 91 39 124 114 41
    40 99 69 69 98 80 51 90 116 8 98 16 67 9 62 7 106 121 6 51 83 82 34
    51 51 111 102 60 122 43 67 113 71 103 90 81 94 73 102 68 40 65 4 90
    28 92 91 7 100 119 17 18 19 38 30 112 85 104 57 94 0 106 58 83 39 21
    42 122 104 27 83 120 45 5 56 108 125 8 115 109 99 9 23 92 112 85 52
    67 64 69 119 110 69 71 97 109 126 88 118 54 106 37 30 119 43 23 61
    14 32 18 66 75 89 70 75 50 8 79 56 8 36 101 82 79 84 66 74 112 89 10
    91 107 19 62 126 68 89 63 14 104 0 116 124 32 34 25 32 91 23 92 83
    61 28 124 55 57 45 80 87 56 117 24 39 34 7 115 58 35 78 62 113 127
    31 36 54 31 11 74 126 96 115 0 47 77 115 90 20 100 118 34 113 115 75
    76 35 11 83 92 104 112 38 45 56 60 51 96 2 109 95 6 20 73 69 68 85
    33 72 41 52 96 116 75 16 45 101 73 90 53 73 122 115 19 85 101 81 15
    104 35 38 32 84 113 119 83 3 83 13 44 105 21 110 57 41 93 31 120 38
    96 62 5 63 102 71 15 24 22 29 11 121 79 56 14 73 37 24 35 56 115 66
    85 120 111 72 100 87 16 70 34 88 22 82 26 74 117 97 84 16 106 11 80
    5 85 11 23 107 120 121 118 64 118 29 119 103 18 36 20 106 21 97 4 85
    103 99 17 66 7 2 105 99 26 34 90 42 117 90 2 46 2 98 16 44 109 24
    121 23 100 95 59 4 120 59 101 49 11 34 104 72 49 16 124 127 40 95 97
    47 25 117 72 121 20 123 86 117 126 122 82 66 81 88 103 84 109 70 16
    56 29 60 38 60 68 7 95 106 55 49 53 71 58 22 80 92 102 22 63 82 12
    63 68 127 84 54 111 112 95 59 117 86 11 116 64 105 113 25 62 48 107
    104 116 34 66 16 10 107 108 70 118 82 123 69 108 113 5 76 11 52 85 1
    66 56 46 93 119 28 79 30 46 124 111 10 13 73 27 115 108 36 71 91 13
    64 67 107 56 9 28 107 127 10 21 33 91 48 5 41 4 67 98 1 124 43 82 47
    120 47 98 121 8 57 74 119 30 80 61 29 8 75 108 21 89 95 98 43 72 0
    23 82 72 97 76 21 1 69 30 3 127 126 118 50 68 66 84 41 1 45 77 104
    71 78 90 32 110 112 55 60 91 114 71 73 22 102 78 59 105 44 81 122
    106 30 100 92 17 23 100 39 39 5 64 112 20 77 107 5 20 11 70 121 121
    38 82 115 78 77 115 107 43 3 12 80 53 51 38 66 67 69 22 78 9 33 125
    46 63 42 26 94 116 20 63 7 0 32 72 109 41 88 87 17 88 16 99 22 40 21
    96 86 16 1 83 100 124 83 12 114 106 19 19 119 75 106 111 113 54 111
    125 73 20 100 100 83 35 40 112 15 32 83 52 102 2 58 60 15 38 55 3
    125 28 72 47 19 94 91 12 50 55 39 45 91 66 78 49 123 65 7 12 66 114
    76 56 121 52 101 120 126 92 79 84 106 81 28 68 105 31 14 35 75 33 27
    64 54 70 95 122 91 121 115 118 19 88 28 65 13 0 102 40 123 33 14 49
    49 45 114 114 4 94 44 104 1 74 10 44 86 13 73 75 85 119 125 112 93
    39 74 4 30 108 72 49 105 10 74 31 113 53 94 37 38 21 82 111 1 11 43
    95 76 28 115 22 56 103 27 124 79 20 37 48 13 112 56 102 15 59 108 43
    18 23 103 50 121 119 46 61 115 0 75 39 86 44 114 31 70 46 123 66 41
    22 14 59 27 49 77 46 13 114 11 83 78 85 35 2 127 91 105 57 33 41 36
    43 62 70 29 49 49 60 7 110 74 78 68 70 98 58 118 9 97 21 65 69 28
    112 44 68 75 7 31 88 10 92 75 125 124 120 38 7 34 44 29 104 77 31 83
    72 52 15 116 72 75 89 46 108 18 48 92 47 42 88 39 91 88 52 101 91
    124 98 58 52 7 74 35 6 24 100 124 22 104 10 26 8 4 82 113 127 29 78
    78 49 104 71 33 52 102 51 5 65 86 108 9 82 23 82 26 13 109 65 77 28
    7 69 122 108 116 13 63 103 39 86 26 85 32 20 16 98 29 68 6 36 39 105
    112 10 125 50 76 2 70 30 53 112 22 63 62 100 79 105 94 91 78 123 52
    26 124 93 36 20 16 69 77 48 111 80 3 120 36 56 49 22 15 16 16 48 89
    58 13 95 106 122 105 100 82 82 14 48 58 43 72 75 61 101 31 44 69 76
    58 122 99 78 43 76 57 99 1 99 1 17 30 117 124 13 46 96 52 64 76 69
    63 8 95 64 109 85 27 77 90 30 12 72 38 93 66 33 99 28 43 70 111 25
    108 27 55 10 107 115 54 4 20 27 28 78 36 71 51 122 124 21 58 73 95
    15 101 83 84 98 117 19 124 0 35 11 4 1 112 78 61 101 63 98 24 70 84
    86 68 112 56 8 9 0 51 40 83 94 81 9 97 41 65 57 76 116 24 82 20 14
    122 109 85 78 112 69 7 108 111 77 37 112 102 20 71 105 13 38 4 96 47
    16 38 59 15 57 108 31 85 45 10 50 126 63 86 51 88 39 75 14 86 113 19
    69 49 39 25 122 55 107 46 95 10 14 54 76 5 42 30 126 22 1 47 12 77
    54 78 8 42 65 109 15 58 78 0 73 95 33 127 124 5 59 43 58 30 102 24
    80 3 22 13 27 55 29 106 62 40 73 58 66 118 97 16 81 67 105 24 62 17
    36 103 46 1 79 124 67 85 18 70 76 69 14 2 3 3 35 57 46 24 73 30 20
    127 64 78 23 34 112 72 88 52 23 41 21 41 62 32 80 1 80 109 104 1 55
    90 33 121 119 115 73 111 61 3 106 26 53 58 110 88 59 88 75 44 85 18
    4 50 122 61 62 14 18 8 55 34 27 79 84 52 35 86 102 6 127 57 79 78 54
    71 27 2 22 83 11 26 50 1 36 38 78 77 109 67 8 83 121 80 84 24 84 124
    58 27 56 39 34 112 46 18 53 78 100 122 87 42 87 108 81 66 96 31 66
    127 1 40 93 89 66 81 99 2 43 100 6 25 22 38 3 114 75 20 95 64 86 70
    101 126 5 100 16 69 68 59 30 126 127 59 1 40 55 117 77 85 62 18 48
    66 46 11 58 45 22 84 74 29 70 84 50 71 34 63 98 62 51 33 92 3 68 64
    120 18 79 26 92 14 72 118 59 61 5 67 102 113 76 39 87 89 15 69 27 56
    76 58 62 76 27 27 68 95 4 73 52 45 13 45 123 125 53 35 118 7 64 100
    117 44 98 22 5 122 59 82 49 90 36 80 63 24 71 74 74 21 48 78 25 60
    16 44 74 113 89 82 93 127 90 11 119 75 35 50 105 67 124 46 106 89 19
    3 53 49 32 38 68 109 1 12 50 7 86 59 105 122 77 45 0 7 64 126 77 13
    85 58 17 53 88 58 93 28 106 122 36 75 102 106 119 114 36 61 103 111
    88 117 5 39 99 12 20 75 120 56 75 0 1 109 61 54 126 18 27 92 67 16
    112 99 5 51 121 49 85 110 113 97 87 5 35 13 60 48 35 38 102 100 9 91
    113 1 67 95 102 9 118 35 7 113 103 41 83 96 88 95 103 113 67 43 126
    50 28 115 75 95 23 63 117 56 125 62 98 9 5 37 36 57 47 19 101 5 1 51
    89 118 53 29 53 90 87 91 95 42 38 1 111 38 6 59 52 52 58 82 79 15 76
    70 71 101 17 74 59 81 29 69 122 47 25 27 28 94 127 111 118 60 5 5
    120 78 95 3 35 119 28 68 118 117 18 26 0 42 114 115 12 45 82 101 6
    22 63 51 103 97 108 89 8 67 68 44 62 122 115 91 118 119 120 60 116
    75 37 56 30 28 0 106 38 59 57 18 103 14 23 106 17 86 125 121 11 91
    94 114 76 2 59 22 31 53 77 79 15 59 62 41 107 46 15 97 124 126 122
    103 74 65 86 58 62 39 3 21 25 49 64 124 23 124 56 96 116 100 41 5 18
    37 109 39 52 78 58 120 59 73 8 9 35 63 96 94 125 113 49 21 16 125 21
    84 111 55 54 42 32 91 22 59 28 105 112 64 12 84 59 102 7 121 25 74
    121 107 121 83 27 90 66 119 121 116 88 23 42 70 109 42 23 21 14 26
    95 102 34 75 6 39 102 98 67 19 12 58 65 125 5 25 78 62 34 115 61 111
    54 13 3 58 79 47 57 59 48 57 112 40 3 46 16 20 100 49 23 66 6 90 19
    95 49 125 117 55 76 83 19 94 81 8 69 73 30 38 24 31 53 78 111 102 38
    69 74 119 21 50 85 80 18 93 38 49 73 59 40 52 25 20 113 50 126 14 65
    98 14 33 50 127 64 65 77 57 50 9 125 89 47 6 113 119 116 84 84 100 7
    63 9 117 72 98 100 4 67 112 118 44 92 84 27 55 101 112 14 72 104 49
    78 28 101 43 69 57 82 35 124 111 7 73 112 6 71 104 117 89 41 29 119
    42 64 16 101 117 52 27 69 85 70 123 40 51 72 67 70 28 2 17 109 25 79
    84 18 52 94 122 10 0 55 25 124 32 32 55 77 109 104 75 108 34 97 58
    80 68 33 12 73 118 37 18 58 53 29 50 25 2 105 55 26 116 46 100 115
    10 10 120 35 48 97 114 29 51 64 21 61 80 1 99 103 46 56 2 55 59 26
    96 78 69 114 15 45 66 76 121 80 30 28 43 109 12 83 25 53 18 100 65
    37 15 59 81 47 46 91 121 42 32 99 103 22 124 80 116 31 81 26 10 109
    67 31 30 55 77 28 29 81 62 7 27 100 56 88 102 54 108 100 74 93 55
    111 69 75 39 21 85 77 42 116 69 82 126 11 22 32 97 89 73 26 63 78
    106 127 117 27 100 121 88 16 50 42 81 84 33 67 86 53 117 53 82 60
    119 27 107 15 87 120 49 76 6 12 86 65 22 16 96 104 44 2 12 91 79 1
    90 65 94 76 114 46 96 103 32 26 89 21 8 44 107 109 106 103 98 103 54
    67 39 88 88 65 100 44 109 115 5 80 21 107 102 6 113 28 126 123 7 115
    66 104 117 69 96 38 4 115 37 61 27 79 85 86 11 69 125 106 75 69 38
    71 46 65 81 77 91 7 50 80 27 86 43 66 54 69 20 30 70 116 7 82 57 78
    40 87 69 110 1 71 83 116 4 113 4 74 21 30 79 106 45 26 80 116 36 23
    60 17 123 107 17 104 51 112 94 38 73 59 17 37 119 90 19 45 43 35 73
    9 1 111 118 118 5 45 106 65 102 102 87 28 10 50 44 43 66 33 1 104 83
    120 53 31 71 65 104 5 99 36 10 3 17 92 46 109 71 95 12 11 114 108 78
    14 105 93 18 47 49 22 46 97 66 68 77 16 86 51 1 27 79 43 16 43 61 60
    52 16 71 102 78 64 19 95 105 89 48 14 103 74 5 12 88 50 18 41 124 79
    84 37 78 45 45 8 107 127 96 123 38 65 74 46 107 123 108 40 71 57 93
    92 44 2 77 125 2 123 15 80 79 6 77 122 40 26 7 115 118 21 117 100
    105 38 16 61 73 56 94 92 73 50 82 125 122 124 94 64 45 51 101 10 32
    96 115 79 14 95 85 60 104 14 27 82 31 104 58 49 23 29 2 80 124 110
    104 49 0 82 12 33 47 109 109 62 106 92 56 73 48 53 66 41 102 127 43
    102 100 121 101 66 65 48 101 25 122 99 122 61 110 5 25 80 50 60 21
    16 10 103 67 10 85 23 55 50 46 31 11 105 24 32 34 2 42 4 90 37 66 26
    4 3 109 81 103 108 4 59 107 7 56 105 75 54 81 77 61 34 72 83 97 67
    66 76 59 70 116 24 95 34 48 87 119 121 26 108 83 23 83 124 113 16 56
    93 42 32 28 110 106 100 73 88 35 13 66 124 41 35 22 48 72 41 44 73
    36 37 87 35 15 70 21 95 52 103 2 90 29 106 125 20 11 48 44 117 6 101
    1 53 123 21 57 58 10 24 6 26 71 55 20 46 38 45 49 58 9 69 6 101 102
    94 67 108 121 56 57 107 116 50 4 125 0 33 78 48 71 84 65 8 118 1 119
    124 37 6 116 53 77 94 6 105 100 105 32 68 76 72 76 58 52 28 103 69 1
    13 122 112 49 116 93 55 52 64 86 75 57 50 1 1 30 4 41 95 57 1 95 118
    59 100 52 15 75 70 110 64 124 105 99 3 78 124 94 57 35 88 99 31 97
    100 85 118 117 22 41 65 55 34 85 64 57 11 76 24 12 47 90 71 75 123 8
    22 124 127 91 63 50 55 62 113 0 3 36 58 24 109 102 19 4 116 39 84 64
    109 84 62 121 46 104 123 24 7 25 82 41 88 109 12 60 44 45 123 119
    116 97 123 119 37 47 103 54 39 24 8 9 36 43 88 60 29 2 17 72 20 35
    40 114 54 13 30 104 79 49 120 0 48 12 75 16 30 109 59 118 97 76 10
    102 42 120 36 78 33 46 46 82 25 93 6 48 82 104 73 102 10 14 76 127
    105 45 90 6 39 25 20 80 75 45 101 102 106 49 16 60 13 1 112 115 22
    33 62 29 107 126 21 70 39 95 24 18 18 30 1 111 51 12 121 122 120 119
    117 8 47 91 53 91 65 37 79 82 70 98 34 114 82 27 17 53 56 42 56 123
    59 86 16 124 51 81 84 79 45 35 95 44 89 31 3 51 30 75 49 126 42 50
    10 18 47 1 29 37 108 16 43 64 1 100 112 68 123 103 58 26 127 19 34
    79 91 37 96 83 31 102 7 104 108 68 121 56 88 16 126 66 6 30 42 90 2
    52 55 122 58 15 96 83 0 68 109 77 37 91 111 5 79 22 26 120 17 74 14
    41 123 71 117 68 117 98 4 63 74 91 67 79 13 86 93 10 102 26 73 51 6
    72 88 77 72 84 34 96 65 0 76 3 37 85 124 59 76 70 103 87 67 38 109
    83 64 57 1 113 79 94 86 74 22 24 3 43 14 34 108 107 121 3 8 31 104
    126 112 23 4 23 119 105 14 90 64 82 42 59 42 58 60 98 28 47 63 122
    64 86 91 126 26 26 105 17 112 9 69 28 21 112 125 7 49 125 84 7 98 50
    14 122 18 85 100 82 11 94 28 12 8 2 26 68 107 121 81 36 24 127 29 58
    91 79 31 41 12 111 78 76 21 127 8 11 57 40 67 32 105 100 8 23 106
    101 22 78 96 73 3 118 104 42 12 18 110 21 9 62 49 110 87 5 14 28 21
    36 125 9 126 51 100 56 89 8 95 6 114 67 12 46 4 88 75 25 83 73 84 43
    40 4 59 8 107 35 121 107 60 75 11 15 8 32 59 81 103 4 120 16 90 50
    30 55 48 34 123 73 9 127 33 110 1 13 22 41 34 66 28 88 59 68 99 60
    110 98 10 40 99 86 107 101 96 35 1 32 105 108 5 21 37 95 52 20 29 33
    7 56 79 91 76 68 29 23 53 22 109 123 102 38 36 57 101 80 64 71 120
    43 122 1 40 49 103 86 112 78 39 116 30 89 57 21 27 57 85 109 54 123
    35 4 56 10 41 15 21 69 122 108 79 85 14 12 13 54 96 18 84 7 67 51 59
    39 36 2 8 27 3 104 93 1 59 46 4 108 66 18 99 22 127 40 30 93 3 9 27
    3 121 109 65 45 81 62 127 94 1 121 95 96 71 71 103 74 75 73 43 54 83
    4 68 80 96 83 30 111 8 66 100 26 95 93 77 108 97 44 77 19 79 48 50
    103 59 26 73 111 101 52 54 26 108 48 124 119 66 73 69 39 103 122 123
    12 89 113 27 124 100 15 32 112 27 68 78 22 92 109 123 80 67 77 99 54
    104 63 29 14 0 89 127 107 21 78 25 29 72 67 20 105 39 7 17 41 115
    126 114 87 86 101 76 123 89 78 89 71 120 81 93 70 43 74 16 12 125 43
    62 115 26 110 48 104 61 111 63 50 106 83 47 14 75 119 61 16 123 2 68
    47 29 8 67 39 52 76 95 108 101 90 12 93 37 62 98 110 63 93 53 125 43
    3 103 61 49 117 118 123 105 83 40 41 12 53 27 59 63 43 71 124 60 89
    116 121 38 3 82 75 18 81 93 85 65 90 120 74 53 96 1 112 116 127 85
    86 21 7 70 26 59 30 14 37 17 14 14 54 68 48 113 107 67 48 111 12 77
    62 78 45 33 37 90 86 63 13 66 85 83 51 110 3 2 83 61 28 63 31 80 55
    21 27 27 43 89 48 40 126 16 116 73 91 42 22 38 4 42 126 107 18 60 69
    126 60 118 58 3 18 91 14 65 52 65 120 39 70 76 121 86 68 8 18 87 44
    92 80 106 122 87 93 121 120 123 104 21 9 89 63 39 17 123 19 98 94 28
    70 105 78 66 32 73 53 20 124 56 5 37 29 72 40 17 122 119 85 7 78 81
    5 31 92 69 21 12 75 26 101 51 39 34 1 29 20 99 81 38 52 52 88 119 16
    81 104 118 101 44 106 43 22 94 79 25 121 105 0 7 3 50 83 5 59 109 62
    32 0 80 120 113 44 76 61 23 12 113 87 23 123 99 117 20 49 67 72 62
    100 125 103 76 50 76 38 118 121 50 44 3 41 36 78 30 59 12 89 58 27
    32 75 36 22 58 52 109 34 56 60 54 106 74 115 64 114 43 44 32 122 27
    57 99 75 3 75 94 79 83 125 5 56 87 47 49 88 85 46 123 77 7 43 98 15
    14 105 6 90 88 31 98 37 61 61 105 58 18 33 91 106 52 79 30 3 64 83
    112 60 97 35 96 125 21 40 107 127 120 51 60 58 93 102 84 121 8 83 62
    25 1 69 94 12 48 50 24 1 107 57 68 72 50 11 25 81 37 21 3 36 39 71
    44 39 4 100 118 102 67 63 28 57 105 31 15 55 69 35 22 88 74 10 55 9
    55 121 19 78 54 32 82 16 91 41 120 10 69 104 104 74 23 23 86 116 22
    52 104 54 31 17 17 44 125 15 50 124 8 127 113 122 83 0 77 117 60 14
    107 75 125 106 105 60 83 21 8 3 84 127 23 87 107 37 65 54 1 48 3 83
    107 74 17 40 53 110 122 40 103 126 2 97 101 51 53 126 97 77 2 16 81
    115 120 82 126 2 66 58 101 63 38 125 118 3 93 15 43 111 17 7 127 20
    125 100 74 15 34 55 3 65 107 89 67 84 13 71 58 113 36 54 75 9 7 58
    90 52 7 116 78 5 114 32 35 101 87 94 112 26 77 56 119 95 122 0 0 103
    69 121 122 7 84 58 44 105 107 67 103 28 116 60 58 81 113 32 11 47
    111 85 96 52 80 45 66 58 123 123 22 55 11 35 54 61 24 92 102 77 105
    49 54 14 16 89 36 96 115 43 21 77 26 79 37 46 90 19 127 78 92 65 84
    85 123 43 83 113 15 40 70 22 37 50 39 36 117 12 66 4 109 90 17 98
    104 89 21 104 95 77 30 35 120 55 33 100 124 64 3 111 48 72 127 74
    101 33 91 3 42 74 55 101 92 115 63 101 53 103 6 17 65 62 3 69 102 77
    80 79 124 87 74 23 97 73 42 34 10 78 41 109 21 92 24 24 35 21 104 26
    54 63 10 73 11 107 20 22 19 37 12 36 126 16 23 92 120 97 94 121 73
    119 55 5 20 96 43 1 35 54 38 119 14 118 44 47 47 43 97 76 4 25 84 23
    24 68 84 92 102 97 70 75 26 99 63 27 108 59 50 117 14 93 109 91 85
    108 121 65 65 47 54 93 50 87 23 66 65 3 37 119 79 61 74 124 112 82
    71 71 82 11 98 77 81 102 51 19 101 71 45 63 68 102 12 27 26 30 35 35
    76 16 37 93 46 91 3 67 116 34 37 65 29 17 127 39 12 83 54 14 108 21
    75 103 55 95 20 60 45 31 36 39 15 92 123 29 78 26 66 85 43 31 11 65
    64 75 91 127 74 54 43 43 3 55 100 114 61 123 74 6 55 80 56 61 31 112
    45 9 68 48 34 0 83 25 85 85 18 63 99 50 81 44 18 34 101 126 64 110
    62 90 102 79 105 125 103 49 65 36 46 113 25 11 58 92 110 114 114 114
    57 105 12 32 88 42 75 21 89 86 48 99 13 125 81 35 30 108 105 35 13
    52 47 112 105 43 84 77 57 110 47 102 105 13 52 73 49 98 93 59 91 40
    120 115 33 37 20 107 83 11 10 32 21 18 13 114 121 25 63 35 107 125
    76 52 60 120 82 20 7 33 83 26 31 61 14 38 94 30 126 87 65 110 84 95
    9 109 120 37 36 117 89 64 71 113 52 69 69 123 108 2 30 39 80 24 54
    82 2 91 115 99 114 109 60 118 77 10 74 61 92 79 22 28 56 106 116 106
    13 18 123 121 94 17 9 104 36 39 34 12 91 44 87 17 24 53 87 125 17 25
    46 55 99 95 85 20 88 84 24 107 110 102 62 73 110 87 73 70 52 10 74
    45 78 72 29 91 77 27 93 27 89 23 77 92 26 114 44 83 34 95 22 91 28
    50 84 18 81 30 100 69 41 79 46 63 71 108 105 88 126 80 55 100 123 26
    89 30 44 50 75 51 60 110 25 93 112 64 119 61 67 87 62 8 76 62 102 7
    14 115 103 76 113 0 126 55 49 118 122 67 86 16 124 62 31 110 98 125
    62 119 93 42 34 42 74 83 111 37 63 104 82 0 57 94 114 49 36 89 15 50
    35 17 98 21 2 37 66 69 108 86 114 54 69 12 64 0 85 57 39 12 103 10
    43 53 108 112 117 23 122 58 9 37 121 93 12 80 44 95 115 115 109 58
    21 21 0 79 101 21 41 127 111 14 9 99 95 120 47 107 61 60 81 23 86 23
    108 93 11 68 56 105 104 116 38 114 86 116 83 64 61 87 76 72 126 69
    32 93 2 109 115 100 43 118 114 50 67 69 123 44 21 31 48 50 36 100 47
    59 70 101 81 47 32 106 68 101 51 72 24 49 86 27 117 47 19 29 103 99
    29 4 74 77 66 20 84 64 97 121 111 113 79 61 13 81 34 56 124 118 4 97
    56 11 13 4 81 65 86 71 33 36 43 88 17 10 39 24 49 56 71 119 80 72 80
    100 92 120 20 55 109 53 94 50 107 6 52 12 109 121 49 60 81 108 13 56
    19 4 106 18 119 127 64 8 111 67 43 82 47 55 68 57 21 23 64 10 57 73
    38 30 115 3 72 71 52 73 43 6 98 50 7 32 78 10 46 5 50 24 10 113 27
    119 53 105 85 93 26 78 17 19 102 66 106 101 30 83 7 73 24 60 122 99
    31 75 61 125 52 73 37 127 14 44 35 110 116 61 88 105 117 31 70 125
    101 93 39 32 82 72 126 121 115 79 103 34 115 26 97 109 7 104 80 17
    114 62 118 50 106 6 61 63 102 118 7 57 5 43 78 110 121 22 58 102 33
    86 97 63 99 54 97 97 29 51 72 32 65 76 72 108 38 95 111 89 43 118 86
    0 121 68 103 60 114 28 63 16 104 3 107 7 61 36 6 120 21 89 71 104 0
    120 33 48 79 28 91 113 86 49 112 115 11 9 67 24 31 19 21 81 14 5 50
    120 109 59 41 71 120 103 73 1 108 8 33 65 81 34 97 60 124 23 68 17
    90 112 0 72 102 64 119 99 0 8 24 113 109 72 24 11 50 117 18 39 104
    96 63 46 18 43 112 70 104 75 113 10 118 96 125 125 52 57 99 43 1 97
    45 35 86 42 28 31 64 71 17 25 46 92 114 113 115 117 63 49 114 112
    103 88 25 124 40 19 99 111 65 27 120 75 50 67 111 29 24 5 8 70 31 96
    14 65 87 13 23 46 108 4 47 52 69 47 3 64 111 86 79 58 0 10 6 2 3 84
    88 111 96 108 81 56 111 127 53 126 119 85 73 57 28 37 103 4 76 87 36
    86 34 3 125 93 125 27 32 54 122 43 127 93 56 103 0 66 24 91 51 16 94
    51 87 58 116 81 115 22 32 23 83 110 89 64 39 88 53 15 105 25 94 21
    53 97 100 98 79 15 98 126 6 70 81 93 100 116 69 30 15 96 115 28 118
    112 52 58 103 41 125 120 50 69 50 3 75 64 12 34 69 83 1 11 43 60 69
    30 63 24 54 123 53 54 43 43 92 89 122 40 115 80 118 40 84 41 73 54
    51 18 13 57 5 64 61 95 34 111 10 11 18 9 73 61 48 45 53 42 116 66 2
    103 6 13 113 105 0 6 86 112 95 14 68 85 72 38 94 113 25 15 2 86 78
    95 83 82 16 42 59 3 40 72 122 89 63 104 90 109 14 13 30 66 23 26 103
    4 1 102 100 126 104 8 2 91 50 112 74 63 80 111 43 71 76 54 123 90 57
    12 89 67 117 106 44 116 125 84 1 8 21 19 87 120 51 36 104 22 41 32
    29 7 116 12 105 120 113 31 126 126 59 34 91 50 89 41 49 22 40 70 42
    40 109 80 37 4 42 49 90 82 118 82 100 106 1 111 85 17 23 97 92 12 93
    20 109 19 98 117 47 61 28 72 84 82 77 119 61 54 22 43 36 72 57 79 67
    13 67 15 118 90 43 123 98 24 35 54 122 120 92 78 73 101 53 93 34 48
    107 12 71 8 100 95 50 51 86 28 75 120 122 13 10 12 11 98 117 113 26
    83 19 71 66 28 80 86 12 67 84 127 120 115 53 85 117 96 91 34 18 22
    106 17 114 11 17 98 82 75 45 107 17 32 81 62 20 11 80 69 66 2 22 82
    32 109 44 126 82 25 10 121 0 77 5 105 10 20 124 61 16 124 60 52 125
    40 56 77 43 37 100 126 74 58 59 67 117 101 69 56 69 110 69 103 112
    35 108 69 97 52 71 82 60 52 17 44 13 21 109 47 22 13 81 122 113 111
    38 12 50 40 33 46 19 43 30 36 93 50 63 121 24 108 45 26 76 59 20 28
    79 81 125 97 12 108 47 16 125 61 114 91 29 94 87 60 7 6 114 12 108
    56 87 46 107 3 95 29 113 76 110 67 79 77 69 42 95 35 32 104 48 89 78
    22 122 35 123 48 52 126 96 40 35 117 99 57 79 54 33 55 62 114 58 105
    42 113 78 26 26 123 97 108 28 94 87 52 100 71 125 43 1 47 95 123 122
    86 80 89 37 117 111 79 44 1 4 106 46 85 37 7 112 112 42 87 42 68 84
    85 86 27 58 7 69 68 101 80 28 59 116 117 70 91 22 85 88 114 121 85
    117 89 29 4 76 14 107 54 35 6 104 97 66 35 119 85 110 70 125 100 91
    20 101 55 43 90 37 82 107 31 110 81 125 38 34 28 26 85 36 127 50 106
    2 70 60 122 98 102 11 89 28 96 3 78 86 72 6 125 43 80 54 89 44 127
    17 85 72 102 4 117 59 17 70 81 95 103 4 24 28 125 44 61 111 64 31
    108 116 76 72 31 24 96 73 76 28 40 18 0 111 125 18 84 102 68 106 118
    69 47 13 2 62 25 55 23 70 116 122 26 60 115 77 8 11 8 58 45 113 40
    89 54 78 4 28 127 77 42 95 118 12 44 119 14 92 51 59 44 50 79 119
    113 21 91 119 47 126 122 22 106 54 127 69 57 89 106 68 70 38 52 57
    84 62 57 0 84 76 32 65 123 39 75 45 100 5 32 120 98 61 48 69 53 43
    54 96 94 48 40 72 98 43 103 7 75 0 103 68 85 76 119 103 28 100 14 62
    18 27 32 37 115 36 112 52 45 80 67 116 37 76 60 56 37 77 92 95 27 69
    21 45 59 120 72 127 114 126 97 5 2 113 80 111 43 41 45 53 4 58 58
    118 15 8 100 48 50 25 121 5 26 53 52 98 9 108 67 82 83 55 92 45 40
    62 83 119 56 23 76 50 9 64 118 127 39 39 22 54 69 86 49 25 55 57 83
    89 78 41 88 83 34 0 65 27 109 100 24 29 27 112 61 81 108 117 56 75
    16 28 122 75 4 72 32 93 73 119 74 56 109 5 107 104 107 117 102 113
    125 81 82 82 10 46 66 65 35 34 0 75 83 113 54 10 14 89 23 13 100 122
    78 16 52 38 5 85 84 38 27 93 68 38 46 100 121 37 31 103 105 73 83 9
    36 83 40 95 33 91 69 97 104 68 43 46 39 43 71 78 110 80 39 67 98 2
    35 49 60 1 35 57 76 11 19 126 99 26 15 54 103 46 59 117 101 73 7 17
    117 118 89 2 51 83 60 64 94 93 9 95 37 120 102 84 72 54 55 55 73 119
    3 12 95 12 70 23 74 68 93 63 76 8 86 81 54 61 56 95 127 23 85 72 35
    109 77 4 10 41 45 69 87 65 26 74 85 52 124 2 18 0 122 30 110 107 83
    117 41 125 30 21 25 82 74 97 2 37 127 97 92 33 112 49 16 46 119 4 96
    43 121 119 19 20 77 4 105 21 78 75 101 126 119 82 41 69 114 91 123
    56 74 6 31 57 44 95 81 77 12 32 88 109 63 16 26 122 81 63 119 120 51
    117 32 8 26 66 114 19 47 23 78 110 8 76 65 109 38 7 104 23 26 68 32
    33 25 78 103 31 80 47 58 19 45 113 81 5 11 19 44 106 79 99 19 15 43
    64 92 17 127 93 116 45 88 10 76 24 18 61 2 116 4 44 95 20 60 41 61
    117 26 42 87 26 21 75 102 104 95 5 117 100 84 50 96 110 92 6 28 72
    108 42 86 68 99 62 98 85 82 110 51 90 11 122 88 36 124 96 42 120 4
    112 113 103 43 109 20 111 84 60 53 67 11 89 34 40 27 32 72 40 76 104
    75 49 25 111 12 63 117 95 99 4 43 83 95 95 32 87 53 59 44 61 39 111
    76 106 19 30 53 52 14 53 17 76 37 126 67 35 38 112 32 116 12 45 47
    37 60 106 37 38 23 63 99 20 24 45 32 119 48 15 45 38 62 114 114 32
    53 97 63 38 18 47 24 27 21 71 44 69 127 54 73 68 44 99 64 52 41 10 5
    60 110 48 99 108 106 72 97 3 60 12 32 95 21 21 84 94 88 11 94 73 48
    123 6 111 5 88 48 66 103 118 31 81 77 100 98 78 119 117 21 4 45 40
    98 68 60 19 4 29 101 43 76 79 84 20 100 98 15 79 88 107 29 102 113
    79 125 11 124 104 64 113 73 23 48 56 110 56 89 75 105 62 93 32 22
    120 124 80 124 92 53 69 41 100 5 9 76 56 38 67 117 62 13 56 31 4 57
    117 73 92 4 52 85 25 54 104 12 42 22 101 81 30 35 21 26 53 100 5 86
    16 125 121 44 74 29 45 35 71 42 63 3 10 38 98 95 37 89 44 116 47 74
    106 86 68 35 98 2 62 56 33 110 90 117 25 16 77 8 118 34 80 60 103
    102 92 71 114 106 65 12 33 32 80 123 96 26 47 53 82 0 99 114 61 38
    108 29 2 39 68 59 108 118 70 8 11 100 58 67 8 70 79 5 77 42 88 76 14
    56 6 22 71 28 10 23 70 55 78 79 39 59 49 125 50 35 31 100 28 8 54 38
    18 26 63 25 122 21 36 100 3 11 102 20 57 119 19 65 102 31 94 89 32
    73 52 77 99 15 13 49 114 94 1 20 64 100 83 96 99 13 41 66 74 40 99
    88 97 37 115 89 65 55 42 57 3 30 111 27 84 7 76 50 126 85 16 38 48
    44 123 29 39 90 59 74 17 112 47 10 84 11 45 46 119 25 80 104 23 71
    41 71 89 105 11 24 46 86 110 17 19 43 125 7 60 61 82 100 65 58 29 22
    27 61 14 91 115 116 24 42 62 42 55 48 41 57 23 12 23 74 41 8 39 72
    38 88 29 107 104 85 68 37 112 83 119 47 12 86 110 72 3 90 17 127 92
    85 67 34 108 5 82 80 10 82 77 67 7 25 61 104 39 14 46 24 115 61 117
    27 9 44 105 40 9 56 40 14 52 52 82 100 49 84 61 28 58 13 30 54 38
    118 110 73 33 82 90 95 118 42 85 109 101 98 64 89 12 80 67 41 75 112
    108 27 29 77 39 37 91 67 103 115 123 61 51 39 111 97 21 64 81 70 46
    59 55 35 25 106 49 78 38 10 122 113 73 84 16 91 26 89 60 72 28 6 6
    80 85 107 59 0 92 86 84 12 73 23 69 79 86 1 28 85 76 47 69 70 58 35
    17 104 25 91 99 117 71 111 122 43 18 63 32 90 20 72 62 29 47 31 81
    78 73 125 93 16 115 77 84 63 53 80 14 77 42 22 9 16 76 9 1 68 6 57
    58 90 27 5 109 68 9 20 4 73 107 114 39 118 83 97 113 44 82 122 18 21
    53 80 82 94 100 64 108 3 40 100 53 74 57 57 46 70 53 97 30 87 58 73
    45 80 80 33 41 124 91 36 18 116 77 78 12 37 74 75 118 83 60 85 4 15
    0 103 86 100 67 17 115 97 45 115 16 88 49 32 66 82 114 63 30 53 14
    30 56 71 46 48 114 73 121 124 26 106 60 22 89 41 44 37 110 98 73 3
    81 47 45 34 43 52 93 15 88 108 59 100 87 92 70 93 65 34 16 66 27 17
    37 96 101 75 22 80 87 110 115 85 54 3 115 8 19 122 104 114 67 109 68
    86 89 60 18 101 92 63 105 6 83 94 63 18 55 42 106 47 0 33 85 83 2 14
    49 123 115 61 62 120 75 101 116 66 80 61 29 120 110 94 73 115 88 75
    110 33 19 29 23 84 124 64 107 14 109 5 125 118 52 12 27 17 102 64 74
    21 72 60 75 97 49 108 83 101 73 116 34 97 59 122 37 88 53 41 36 92
    111 111 52 52 105 33 6 112 72 80 63 94 7 40 99 79 104 12 121 33 20
    108 81 10 38 127 91 125 54 24 31 29 113 46 13 105 123 125 56 12 0 13
    123 62 54 120 5 19 68 66 70 29 82 27 94 45 0 28 0 15 41 3 10 7 97 31
    13 79 6 46 93 23 67 8 64 7 90 105 88 73 102 90 92 55 94 109 120 91
    22 35 30 118 8 2 120 12 107 34 45 55 125 17 127 77 100 62 75 98 22
    106 9 71 116 99 86 6 54 112 73 119 74 7 105 88 30 49 80 55 26 68 58
    45 109 56 39 43 98 27 5 6 13 124 18 95 108 107 60 56 15 59 127 78 20
    44 5 12 49 92 27 30 61 91 11 114 19 29 111 1 11 57 89 9 53 75 69 68
    62 1 52 123 108 46 117 13 98 123 69 123 89 72 110 86 103 21 113 89
    125 3 87 31 67 2 16 120 37 10 102 39 38 109 118 1 124 44 97 50 124
    102 106 37 9 54 91 118 102 106 117 18 71 26 104 51 21 35 108 104 27
    100 28 46 9 124 112 72 72 114 27 96 96 8 92 50 10 4 72 119 40 88 75
    98 10 86 8 101 14 46 92 103 9 78 89 45 117 7 25 31 48 71 33 67 0 32
    25 66 82 114 70 59 22 21 14 125 97 114 61 60 53 72 28 2 106 67 46
    124 90 17 57 88 91 8 2 113 15 92 23 17 52 117 75 7 105 89 69 114 95
    83 5 91 103 20 37 74 117 5 69 2 83 98 45 100 23 47 8 21 69 32 81 60
    119 25 60 110 2 38 122 4 84 120 45 63 19 69 0 51 30 93 37 67 25 114
    111 108 123 110 67 20 86 45 72 31 87 21 123 78 97 118 110 3 116 32
    100 18 7 25 87 7 73 88 36 44 126 91 42 119 78 61 117 68 53 30 64 110
    103 48 34 85 92 80 117 85 122 24 123 110 66 66 70 117 10 13 17 60 11
    27 18 109 44 88 81 30 50 52 48 1 81 5 24 104 95 88 98 68 62 18 35
    124 45 106 53 15 99 95 21 114 70 55 122 86 41 42 1 125 46 84 2 18
    101 41 102 49 91 54 31 37 106 58 90 94 5 89 101 25 25 43 28 80 49 35
    44 31 60 32 56 106 45 12 40 62 53 40 91 31 22 97 27 19 92 100 32 77
    116 101 113 64 44 78 50 37 4 1 0 9 94 88 14 27 41 63 105 14 49 112
    14 64 15 97 45 92 77 66 57 80 19 120 81 10 80 48 55 94 83 26 36 112
    24 33 55 98 86 3 108 26 47 115 55 107 91 96 23 59 68 106 41 32 84 10
    96 56 51 75 109 52 63 68 19 34 29 100 46 115 89 95 103 30 12 23 7
    122 41 50 32 107 102 23 56 91 72 96 90 110 105 84 12 9 84 125 79 90
    105 99 87 82 36 9 102 10 73 36 86 73 92 67 17 94 7 34 27 7 2 95 123
    26 70 40 36 109 46 88 23 104 60 106 94 27 22 90 118 67 74 100 102 2
    25 53 5 82 121 93 9 81 73 72 89 3 52 99 78 20 80 83 46 62 45 73 27
    67 57 42 106 34 76 111 56 118 33 60 0 54 60 63 37 107 66 27 92 72 16
    53 127 85 3 53 52 90 108 88 5 74 115 79 25 98 108 48 71 92 93 124
    108 93 99 80 88 84 84 89 85 74 38 28 41 55 123 56 58 47 9 115 127 27
    48 72 80 99 31 68 4 81 3 40 31 28 2 28 34 103 52 36 32 126 71 104 44
    9 63 5 83 121 38 123 39 52 116 47 1 47 86 92 5 16 0 70 37 111 41 9
    66 92 49 89 52 95 13 13 48 105 69 5 72 40 125 41 122 41 29 85 86 35
    16 85 74 36 31 102 50 90 110 121 76 6 92 61 28 78 83 112 103 11 40
    80 84 106 58 33 49 76 3 18 121 11 1 1 113 102 106 45 45 40 50 72 101
    120 65 12 73 103 27 7 87 62 14 46 111 99 119 121 62 34 20 28 80 48
    64 122 80 30 109 101 33 20 111 107 12 0 76 71 127 7 68 101 107 48 36
    13 10 95 44 45 26 5 95 49 45 62 127 75 102 108 18 57 61 35 120 87 88
    68 127 41 23 58 102 110 26 59 13 52 41 114 41 26 97 51 122 60 89 83
    2 86 106 39 91 56 59 20 75 42 57 98 30 40 38 27 103 2 80 63 73 83 16
    54 42 76 103 50 98 30 23 95 91 112 65 68 41 37 29 85 20 22 79 110 55
    53 50 2 50 120 42 77 109 7 52 36 32 50 64 100 115 4 0 101 71 91 19
    34 70 8 120 118 76 57 91 87 123 113 31 126 65 82 56 46 38 55 116 115
    14 13 91 35 107 61 52 36 55 89 106 60 83 111 72 92 59 31 9 88 4 97
    62 73 101 24 80 72 111 52 31 12 36 121 116 118 99 126 127 103 54 98
    22 78 118 95 51 52 121 24 0 29 12 35 2 78 66 21 82 61 110 97 3 108
    108 13 10 108 53 79 103 113 88 25 43 69 37 78 29 123 124 62 61 26
    100 118 20 41 47 81 71 83 70 115 22 49 70 68 117 78 61 63 81 109 13
    55 103 73 60 25 52 123 38 122 62 73 64 67 78 125 62 96 36 30 125 52
    100 119 59 23 57 64 81 124 48 14 67 58 123 61 43 125 56 8 96 75 112
    92 77 42 111 63 31 108 101 78 28 77 15 92 113 33 2 14 49 118 106 61
    20 103 35 96 14 54 53 113 5 113 72 104 25 32 93 77 81 11 85 62 59 36
    89 126 75 13 117 55 93 96 2 114 71 12 37 101 3 28 108 84 94 49 18
    110 64 15 122 2 21 11 72 43 110 54 71 30 2 49 21 41 39 45 89 58 60
    63 51 113 77 84 105 34 49 112 15 84 86 21 10 119 15 124 83 37 27 127
    94 115 93 56 1 60 41 125 108 88 102 109 24 72 32 59 77 116 30 56 92
    96 32 13 42 15 55 72 90 14 22 76 7 104 100 26 12 44 71 8 92 73 93 32
    81 67 124 40 55 8 84 76 76 35 110 15 36 69 80 121 76 31 55 108 71 28
    112 33 34 62 58 84 118 71 52 44 106 83 96 46 7 119 121 40 16 117 25
    0 82 64 15 81 32 63 17 34 72 44 17 92 26 8 40 5 116 114 18 8 86 95 7
    2 102 94 92 18 62 104 92 29 48 20 1 92 26 81 66 24 32 49 63 54 7 61
    2 111 56 94 49 90 123 29 76 42 68 18 108 119 125 93 59 83 50 15 43
    118 38 40 20 116 36 56 70 46 124 2 19 110 60 91 106 98 81 12 110 125
    125 84 106 84 108 78 56 76 22 92 114 127 44 11 30 72 1 121 8 76 90
    55 0 22 89 1 2 91 69 34 8 27 102 81 105 84 91 3 4 117 1 118 5 13 58
    0 62 55 41 74 59 64 70 81 117 57 1 22 6 48 17 68 104 43 92 38 89 60
    24 81 13 21 20 102 124 8 63 86 43 3 68 9 108 94 106 13 74 66 60 69
    16 101 8 93 22 85 28 127 82 4 90 92 25 31 115 57 94 70 13 74 119 90
    73 112 87 65 40 106 84 43 36 50 51 40 31 48 96 59 112 106 127 65 115
    123 117 96 77 36 68 56 89 21 84 30 83 95 38 21 48 27 0 70 6 46 9 98
    0 91 36 123 23 89 96 121 113 54 125 125 4 106 69 71 112 52 20 99 92
    110 99 9 87 49 25 22 107 106 56 62 90 101 35 94 47 83 70 17 121 88
    23 8 105 40 94 60 1 32 80 73 9 31 29 63 61 24 37 46 41 19 96 63 44
    115 0 61 118 125 40 95 97 24 124 111 73 96 109 99 116 107 17 5 54 88
    3 61 112 122 40 8 98 36 127 39 97 91 44 35 81 88 94 85 12 70 52 117
    102 28 47 27 59 87 21 61 62 51 111 98 5 29 116 97 123 123 12 19 105
    87 85 73 70 80 115 48 127 95 48 113 90 67 95 115 58 9 3 92 101 69 9
    123 86 127 126 127 68 78 86 35 121 46 87 50 67 19 109 42 49 22 58
    126 112 126 67 77 28 67 5 104 52 120 42 39 22 90 116 0 59 126 116 68
    94 24 10 72 110 109 34 42 112 19 74 16 118 119 81 58 120 23 55 14 11
    101 32 55 58 78 43 15 20 50 76 120 28 28 79 62 51 40 52 88 109 9 51
    84 73 100 53 23 58 108 0 119 40 33 93 9 45 86 5 94 30 37 125 51 10
    82 109 40 103 91 127 110 65 34 123 0 100 7 80 112 20 93 15 13 76 11
    59 68 122 36 42 117 89 8 67 25 36 71 47 65 118 59 4 107 98 23 8 126
    101 26 101 88 42 62 54 99 0 81 87 95 74 25 63 105 61 126 8 69 33 58
    106 41 93 90 49 64 82 126 56 54 108 43 29 105 24 25 23 108 15 98 62
    22 98 69 98 71 30 95 46 49 76 45 51 24 13 71 31 3 121 18 52 48 23 68
    27 77 120 69 31 20 82 78 3 5 45 43 29 122 56 90 19 102 107 49 9 2 86
    11 26 119 123 114 92 40 24 21 115 55 54 90 87 118 39 108 119 28 55
    113 46 118 37 65 10 112 71 77 108 38 65 38 65 76 11 17 74 88 51 10
    31 59 99 59 82 21 116 116 17 50 40 91 39 40 88 114 43 41 119 16 7 42
    91 18 13 46 28 42 116 84 27 91 122 94 28 119 62 12 49 8 3 32 14 126
    92 33 61 47 94 125 123 108 2 124 95 73 52 55 97 90 49 33 110 42 100
    78 13 11 53 32 109 52 44 99 49 101 91 50 111 77 36 96 114 113 8 68
    61 48 78 64 43 0 49 120 7 77 112 76 84 68 64 55 30 17 95 48 96 81 76
    85 16 92 0 63 97 8 27 102 66 28 21 9 44 102 35 122 114 103 89 95 102
    91 29 36 28 109 45 106 85 125 23 37 103 67 26 108 51 21 13 22 100 99
    73 69 82 94 112 51 49 114 92 19 41 33 105 23 19 2 125 37 71 18 21 1
    49 59 87 29 112 71 58 62 91 45 7 37 50 5 46 71 50 127 86 65 44 80 6
    54 82 63 35 121 115 91 14 18 101 96 86 83 96 84 55 28 61 61 108 56
    85 49 73 12 109 64 68 77 113 80 40 53 32 25 29 94 87 50 66 80 84 80
    16 21 49 64 97 52 102 48 113 77 127 55 95 5 70 24 8 3 2 23 40 68 19
    95 102 125 20 103 59 99 105 73 86 62 29 68 115 119 75 11 32 44 80
    125 9 47 43 122 115 48 60 62 42 73 40 33 37 113 14 127 53 41 106 46
    49 47 8 44 56 66 86 118 15 15 117 49 67 119 45 48 71 101 120 100 35
    99 15 95 122 106 122 88 94 77 96 98 122 123 25 6 126 88 74 6 49 23
    93 119 96 38 25 47 27 120 51 40 73 91 28 43 8 25 97 45 11 101 95 102
    88 81 31 18 104 120 27 121 21 63 82 4 101 79 106 30 20 105 24 87 77
    0 52 7 78 33 60 8 31 118 53 125 35 9 20 9 50 80 11 13 91 33 71 104
    51 98 10 31 90 26 41 51 104 56 57 84 45 13 110 94 13 57 90 56 127 65
    18 102 87 3 113 109 10 18 107 74 26 116 91 92 83 98 54 36 117 24 66
    98 55 95 36 5 32 11 47 91 32 113 124 3 97 113 103 113 95 17 121 35
    46 86 126 66 64 53 0 13 114 97 43 68 108 108 6 104 47 25 1 79 8 113
    90 85 98 111 111 41 27 4 1 2 106 7 74 24 70 113 105 25 58 89 53 67
    24 118 125 4 56 13 120 21 2 116 34 26 87 109 59 63 49 17 125 112 62
    116 101 51 95 12 115 117 45 109 30 90 48 83 97 104 79 53 41 7 2 72
    20 103 79 103 15 19 109 23 65 45 47 90 22 127 10 123 100 32 104 80
    102 54 55 15 102 123 114 19 36 5 12 69 42 14 3 92 102 5 100 58 68 60
    31 20 74 82 2 126 21 101 117 35 120 1 15 44 88 116 18 74 74 37 20 20
    81 124 94 57 53 74 44 29 23 84 112 100 26 2 50 64 22 79 16 110 14 38
    52 64 116 74 59 38 69 0 6 89 52 30 22 127 104 118 70 38 111 65 22
    110 76 57 77 84 31 73 110 104 82 7 123 73 107 3 104 98 22 101 47 46
    36 55 123 3 121 105 77 25 117 81 28 74 54 43 112 89 90 127 108 62 71
    104 126 113 36 69 101 123 113 51 77 109 10 94 101 105 34 101 121 52
    84 10 26 88 106 123 17 37 85 127 27 63 51 21 42 107 6 85 72 119 72
    72 103 98 34 120 127 66 87 66 63 117 127 48 55 11 85 119 9 86 107 23
    112 116 10 119 9 113 86 29 103 0 116 101 115 123 46 39 0 24 94 91 80
    44 37 34 98 35 5 40 111 95 74 120 9 47 34 114 69 89 52 14 2 49 108
    92 16 25 18 1 50 45 17 16 81 60 80 40 49 104 117 122 52 113 93 64 93
    69 30 6 87 79 116 12 64 103 95 108 123 47 41 58 105 82 2 24 106 63
    47 19 7 78 106 12 116 29 116 71 67 49 4 20 52 80 26 53 62 24 13 17
    86 102 117 72 124 124 46 24 9 43 97 39 15 74 27 54 17 70 108 95 42
    33 122 8 75 100 73 24 50 113 80 51 22 21 28 82 125 68 9 64 125 17
    109 119 69 96 19 32 92 81 116 96 54 29 110 41 11 55 103 22 17 39 84
    89 100 112 105 47 10 101 117 50 102 4 102 54 67 91 110 122 40 121 41
    40 45 12 6 40 17 36 41 123 59 97 63 14 86 73 89 107 74 63 42 117 66
    125 65 99 62 8 0 22 109 3 9 41 22 22 35 56 66 72 84 123 111 61 33 41
    102 4 41 51 19 1 79 31 58 24 102 37 14 73 121 54 33 37 9 4 24 46 46
    51 87 113 41 72 88 46 84 8 40 119 84 84 23 97 122 48 58 101 67 54 49
    113 15 124 68 105 46 7 64 72 101 71 78 2 115 21 104 95 29 88 24 125
    16 74 83 35 49 68 81 106 79 12 97 40 107 66 55 14 33 51 38 48 60 1
    75 62 108 100 51 90 26 116 115 116 88 53 75 2 49 108 88 84 79 103 52
    74 27 66 110 70 10 70 117 29 6 44 13 100 46 62 54 117 54 97 47 113
    56 96 102 35 32 114 59 85 95 124 126 86 123 75 72 23 51 68 68 105
    111 102 1 28 59 60 12 75 110 70 19 114 2 90 3 60 92 90 63 122 117
    100 102 15 84 34 125 91 116 38 101 6 31 106 59 63 38 85 94 67 13 97
    122 111 97 99 13 64 95 95 64 84 48 126 52 14 103 8 125 109 0 35 67
    58 100 27 6 100 92 53 117 76 115 84 89 114 32 113 59 48 31 114 117
    82 55 122 85 70 79 88 26 43 90 57 10 56 85 62 56 59 15 27 65 21 58
    56 118 57 85 119 112 48 30 123 82 2 3 119 49 63 102 101 115 126 10
    38 63 68 66 20 112 66 13 8 85 112 6 96 65 56 108 116 55 90 74 50 82
    39 89 37 17 11 62 58 42 85 112 103 74 75 121 38 47 44 4 50 39 28 64
    26 52 27 125 55 65 125 126 4 71 42 5 106 72 94 99 14 100 21 123 84
    72 6 68 19 7 117 11 77 64 68 55 25 54 104 36 37 103 93 36 53 74 114
    108 66 56 74 0 90 102 11 104 100 75 43 47 112 57 117 105 2 82 74 26
    43 66 97 0 108 10 68 70 104 51 120 17 100 38 80 12 93 12 3 94 79 41
    112 89 79 19 27 30 37 104 83 119 76 97 34 34 63 96 52 116 3 15 4 81
    88 116 52 103 5 104 20 79 94 11 122 125 51 87 81 20 104 64 115 100 6
    13 53 48 16 43 26 77 41 4 120 106 77 70 67 28 117 75 47 16 93 46 91
    31 66 26 68 44 12 42 45 107 23 89 21 112 104 123 124 59 124 125 15
    33 12 100 43 85 112 89 98 127 29 18 66 124 117 19 18 67 65 104 50 86
    69 89 8 19 63 116 107 83 45 85 79 87 50 119 6 44 22 23 4 41 65 52
    100 41 104 121 9 12 45 105 59 16 9 75 57 34 41 50 12 10 62 76 88 113
    20 98 112 38 14 120 67 104 77 84 21 12 115 16 30 34 58 119 95 22 127
    127 126 15 30 79 86 49 111 19 23 59 28 36 65 96 35 94 101 6 107 71 4
    53 108 38 35 23 121 64 14 20 46 74 10 74 83 22 14 21 99 70 31 73 109
    55 6 99 33 15 59 27 32 1 74 120 126 17 64 101 25 48 8 10 93 46 65 4
    81 85 73 59 100 13 65 122 92 61 36 33 0 114 123 49 5 17 40 91 94 70
    41 103 124 77 123 106 102 34 3 13 18 32 127 60 39 70 6 105 126 74
    117 27 48 102 93 53 7 122 31 38 10 93 58 122 58 34 7 96 45 64 112 17
    83 24 106 8 104 28 26 39 80 3 16 2 47 16 52 92 68 90 18 19 114 68
    101 67 75 71 42 74 109 106 90 6 62 116 65 26 14 124 9 4 108 43 69 58
    33 115 24 91 29 86 77 95 57 115 121 103 63 97 95 36 87 61 78 92 125
    63 22 14 101 116 54 111 54 114 72 31 107 35 88 106 14 77 80 108 80
    31 1 59 33 106 18 49 12 104 53 90 3 8 47 106 66 40 35 19 48 18 35 28
    32 54 115 90 16 19 74 90 52 17 24 85 41 28 67 48 30 14 111 111 81 61
    124 59 30 55 92 122 87 124 46 33 32 62 115 35 50 94 52 11 86 107 44
    39 43 66 103 45 22 63 77 71 112 62 91 47 71 97 23 106 54 5 32 108
    119 78 11 28 26 5 25 24 42 88 47 88 53 22 124 7 91 17 53 66 82 65 61
    44 50 66 45 96 61 88 69 126 45 127 55 104 40 85 21 61 11 121 39 61
    78 69 79 5 83 115 59 8 63 82 0 85 85 2 106 64 39 113 100 119 32 120
    11 125 71 32 50 3 125 124 2 2 91 64 107 104 56 65 25 51 5 76 12 22
    10 37 37 98 77 5 107 49 1 124 43 55 84 118 109 33 122 21 89 4 100 87
    112 14 35 68 30 100 71 75 74 10 77 84 96 114 96 55 70 30 21 62 82 24
    76 98 17 80 16 14 46 24 104 3 78 10 17 20 100 64 43 45 120 42 90 110
    92 75 121 94 62 95 45 98 42 106 71 89 10 39 98 79 16 4 74 126 112 73
    50 124 21 121 4 7 3 77 31 84 17 15 95 20 37 3 30 41 82 71 16 4 12
    114 105 70 72 17 111 92 47 113 87 39 121 48 95 27 83 121 54 0 10 34
    32 109 105 5 22 70 106 72 56 52 107 1 69 69 2 100 109 110 8 79 79 63
    119 49 13 16 85 118 4 12 46 69 28 88 46 124 121 47 1 5 40 70 26 11
    121 61 13 119 69 51 113 42 71 78 77 6 88 48 34 47 13 49 31 9 30 111
    105 99 24 60 109 26 47 6 126 85 86 109 47 95 29 104 47 31 67 33 96
    115 3 124 6 4 30 56 11 93 67 46 105 92 65 86 12 64 80 21 19 127 36
    71 31 39 60 116 109 121 24 64 36 68 20 16 124 37 45 16 97 40 17 87
    74 39 37 29 107 6 110 94 78 9 49 54 13 31 72 124 50 87 56 93 2 15 94
    71 123 10 20 123 103 96 81 71 10 24 37 58 107 2 46 30 69 115 37 67
    42 105 105 106 0 65 60 62 1 55 127 61 107 7 39 114 17 89 50 22 113
    115 23 73 91 26 101 25 65 42 29 89 20 33 22 57 94 88 3 90 16 124 71
    91 23 97 31 67 29 6 115 70 102 42 53 23 42 25 96 123 70 121 83 115 2
    42 87 4 58 7 30 73 110 12 70 70 71 84 0 60 61 2 62 115 118 7 28 91
    86 93 18 29 106 66 6 47 111 20 102 5 105 37 36 63 110 24 21 18 124
    37 73 126 83 7 57 68 23 40 32 8 109 80 100 68 40 39 94 15 68 74 28
    36 53 54 118 15 114 122 85 67 11 110 14 108 30 8 31 80 88 125 81 53
    108 84 6 53 37 81 46 86 30 89 56 124 36 70 30 123 96 87 114 114 21
    123 115 72 98 58 97 10 9 52 22 99 118 66 69 5 86 119 44 54 116 77 46
    52 41 97 14 108 9 59 111 24 87 42 81 77 10 22 38 56 1 86 68 38 79 94
    114 18 34 101 125 85 125 44 20 86 75 106 76 53 107 4 55 101 20 120
    127 45 121 30 74 2 52 97 65 73 96 24 69 116 10 45 69 15 47 121 85 65
    6 53 69 36 109 100 64 27 76 22 94 26 69 95 114 87 119 53 15 95 61 92
    118 94 100 27 47 116 60 103 33 59 112 84 72 46 0 83 50 105 52 23 18
    90 37 76 2 49 88 29 46 89 59 59 116 122 75 56 63 105 75 86 66 41 107
    77 118 14 21 24 61 0 90 18 50 18 117 68 110 71 58 32 92 94 127 95 63
    102 50 70 119 0 27 79 116 93 19 50 59 70 88 61 118 56 52 96 107 38
    104 22 18 75 62 64 52 86 31 24 117 113 120 5 83 83 100 83 9 100 22
    83 83 86 32 15 78 59 41 65 32 64 63 1 48 35 117 10 61 36 48 95 92 72
    98 53 50 111 18 127 96 28 75 24 48 63 97 118 113 115 72 4 9 95 65 40
    90 21 90 25 58 116 39 16 27 41 6 107 73 100 110 106 73 66 5 76 6 61
    127 112 39 36 117 87 117 28 62 82 70 52 94 54 9 88 54 88 81 37 76 44
    116 123 55 124 92 11 23 91 103 61 57 46 62 61 92 4 50 17 122 34 48
    40 73 15 60 57 70 22 81 25 41 112 52 45 9 11 21 39 11 26 122 23 57
    113 115 11 54 17 77 20 62 59 70 1 6 118 25 109 102 77 10 29 125 119
    91 18 71 91 89 96 72 90 48 30 6 1 69 81 66 45 87 14 52 25 71 122 51
    102 91 26 7 127 101 5 121 110 3 72 126 119 47 44 39 62 7 84 64 19
    113 115 1 10 105 107 91 7 43 102 119 112 16 1 105 22 30 63 52 75 50
    92 70 35 45 90 71 50 95 31 13 118 25 58 103 33 123 55 110 81 29 83 7
    58 2 101 12 38 120 47 1 107 80 103 37 82 73 30 98 55 61 24 44 73 107
    78 7 127 109 67 102 4 48 2 56 21 98 110 74 48 30 94 124 43 54 83 119
    56 109 55 30 28 53 24 8 8 53 91 33 12 117 48 9 100 42 71 117 103 62
    3 13 123 118 38 121 69 52 99 24 75 124 12 123 106 0 46 47 11 46 90
    99 103 76 73 112 120 24 53 50 96 75 117 103 72 66 88 69 103 77 32
    125 103 7 0 74 126 24 99 71 87 5 28 0 83 38 76 102 122 69 10 30 2 26
    127 8 95 127 119 61 21 116 65 86 1 32 62 9 79 52 77 16 38 48 39 32
    27 26 33 67 123 52 82 28 54 78 95 61 89 103 84 109 39 75 73 72 59 17
    97 40 57 96 18 78 31 122 79 6 67 96 43 97 29 94 52 85 89 79 32 6 83
    38 21 79 32 9 4 83 81 122 100 6 66 67 0 80 24 101 67 89 29 125 90 45
    1 26 31 51 101 24 27 18 67 108 108 107 16 12 75 112 21 29 2 106 25
    99 95 98 46 90 54 19 39 102 3 2 46 124 98 20 4 28 68 127 20 24 68 89
    10 44 0 63 53 121 43 96 38 4 102 31 1 26 83 14 117 51 85 124 93 80
    32 47 40 106 75 45 30 72 47 47 110 126 38 24 18 40 93 97 86 30 78 10
    19 104 94 121 40 64 23 79 23 45 97 16 95 67 22 101 41 66 84 109 74
    86 26 62 59 5 110 19 22 9 12 1 54 102 106 118 121 28 29 108 98 127
    23 117 3 85 40 12 58 56 60 92 113 89 91 76 53 49 54 68 107 113 55 98
    68 87 51 113 126 9 92 45 4 94 61 85 58 60 58 117 66 40 82 65 105 42
    96 60 19 12 13 73 44 59 8 52 53 46 13 83 58 77 15 97 99 76 124 8 27
    33 19 24 105 69 29 81 100 32 76 15 91 97 123 1 55 58 4 18 20 20 84
    24 93 56 30 126 98 117 21 94 122 29 84 107 86 10 109 10 90 10 32 4 6
    104 8 10 15 18 59 99 111 85 12 14 20 92 49 110 41 116 102 22 17 4 16
    92 64 40 22 93 53 115 21 40 94 79 79 106 66 76 125 99 61 91 14 64 49
    40 85 122 34 123 47 125 49 108 28 39 34 71 104 72 104 82 5 108 74 21
    52 53 5 43 86 15 111 20 32 47 89 80 120 11 11 0 54 114 108 34 117 18
    109 88 101 49 69 120 124 8 105 74 64 24 7 49 96 16 47 105 38 107 9
    93 113 87 117 119 8 120 12 94 29 14 109 18 48 111 47 4 90 111 85 12
    7 91 113 114 62 54 126 46 121 16 64 116 82 55 60 72 29 9 67 27 47
    106 84 75 90 49 2 8 108 37 94 71 47 7 35 61 3 2 11 125 89 84 113 23
    35 4 89 94 47 124 66 113 13 64 96 108 79 77 97 11 97 88 18 87 41 62
    30 98 25 61 63 22 106 70 24 74 77 31 88 19 124 93 10 14 4 104 7 20
    79 34 79 80 30 88 84 75 42 104 66 79 62 121 94 99 8 75 50 84 70 66
    80 11 53 7 68 25 12 7 76 70 69 47 34 31 31 54 68 100 71 9 107 122 24
    85 122 80 69 78 31 55 91 45 3 43 109 38 84 16 81 56 123 0 108 72 0
    66 26 49 17 85 107 68 52 43 8 114 119 105 2 51 115 28 12 57 48 94 89
    127 1 80 93 14 62 112 110 74 41 33 4 92 6 103 13 123 39 70 68 87 8
    98 57 9 44 126 17 20 51 31 92 67 1 44 72 108 48 43 25 3 68 123 54 53
    127 68 64 52 43 90 87 1 71 47 85 124 37 116 6 107 32 67 88 68 103
    109 53 108 8 36 6 17 32 41 15 17 65 37 102 109 6 28 108 122 77 43
    112 82 33 53 111 125 92 101 116 66 117 88 54 75 75 15 67 40 106 44
    14 100 46 91 45 68 1 96 18 58 27 75 1 86 8 19 63 92 92 57 126 98 107
    99 53 114 14 27 5 72 83 42 45 12 20 62 54 42 74 18 13 36 81 86 113
    37 89 101 47 41 42 17 66 111 15 52 35 36 41 16 54 70 46 9 3 45 11
    105 73 86 23 110 93 33 64 90 51 80 45 13 58 37 118 2 54 11 16 47 51
    98 35 31 2 65 11 43 40 108 69 77 71 97 77 5 3 42 61 68 116 69 35 22
    96 88 117 113 29 7 123 87 86 100 106 27 44 33 112 13 58 97 117 20 83
    92 29 92 109 26 25 45 64 20 12 65 12 84 101 90 57 64 47 101 15 74
    125 19 20 10 15 43 2 85 0 18 97 120 79 122 43 126 0 93 80 6 86 80 70
    3 127 29 59 27 0 95 69 54 45 106 122 105 96 98 42 100 65 125 60 28
    87 4 28 80 63 62 93 7 10 70 107 54 78 93 98 65 121 48 100 87 79 74
    88 68 88 115 123 119 78 83 41 110 23 111 48 110 17 43 87 68 121 40
    111 42 120 107 42 17 43 75 106 32 3 27 73 100 67 105 79 47 101 127
    94 18 22 123 76 31 40 31 38 70 87 3 65 54 62 64 100 29 43 29 114 26
    113 42 82 27 1 37 51 92 35 86 57 47 121 125 104 69 46 28 77 102 33
    35 86 47 33 42 75 95 38 51 110 115 86 63 10 52 80 68 84 39 118 61 47
    111 89 105 124 87 90 37 109 20 14 36 86 106 85 111 93 22 18 5 110 75
    102 7 1 113 76 48 119 91 73 102 80 113 45 36 124 111 29 112 112 119
    1 35 35 110 39 65 49 67 126 16 51 7 36 62 59 12 106 62 93 53 34 95
    107 92 99 26 57 43 53 55 107 5 104 44 126 68 11 90 23 88 36 40 50 94
    68 13 119 123 111 59 13 123 65 93 97 94 72 45 44 62 82 109 123 122
    79 71 13 24 69 114 37 107 117 115 117 61 38 102 59 29 50 79 70 125
    117 49 11 85 101 33 41 118 81 95 84 109 11 75 94 23 112 122 115 27
    113 54 21 120 70 79 112 11 76 32 87 35 85 77 102 6 6 45 74 40 26 97
    122 50 47 127 104 5 18 105 25 64 53 35 76 42 26 123 75 10 89 25 42
    96 119 52 81 13 123 122 27 124 118 117 76 119 55 50 77 33 58 114 41
    117 28 12 10 44 116 27 66 76 120 99 15 89 68 8 40 111 71 69 123 13
    40 46 47 19 109 88 60 90 87 98 77 28 37 23 24 14 6 80 36 85 42 121
    83 9 6 60 9 42 104 9 105 117 108 16 26 37 112 13 27 64 15 125 28 5
    12 68 84 73 82 127 86 37 87 122 25 20 117 123 29 79 79 95 96 33 94
    58 100 93 88 18 29 36 108 42 68 97 26 7 47 14 36 116 4 92 116 8 101
    120 111 32 80 97 19 93 66 120 93 5 110 38 41 116 54 61 16 80 53 2 62
    112 40 68 40 95 126 122 30 65 93 57 5 11 48 44 12 22 36 70 102 78 10
    11 15 39 119 119 119 7 45 36 93 31 104 24 67 96 43 98 98 53 65 108
    56 85 55 53 112 114 101 82 121 93 126 76 110 31 72 26 96 108 84 125
    34 114 34 113 71 67 52 11 50 116 66 27 120 116 88 9 120 53 36 54 103
    54 0 48 96 71 55 39 102 78 16 91 57 101 67 62 103 92 82 73 93 39 100
    73 105 31 63 41 120 43 81 17 60 42 89 120 66 121 49 101 44 16 65 82
    8 83 101 10 112 55 77 21 74 108 106 0 5 13 99 28 37 68 5 119 106 116
    53 25 31 24 33 40 54 21 101 63 70 104 44 92 43 68 66 124 77 83 14
    117 62 31 107 3 65 92 37 66 47 1 32 92 48 28 6 14 60 31 124 3 48 77
    75 5 61 0 23 82 66 13 71 120 11 66 65 102 32 63 10 26 16 55 42 52 1
    100 70 53 69 59 116 106 79 2 72 98 120 62 19 2 71 109 63 4 84 97 56
    101 27 30 116 103 1 127 75 0 74 121 87 40 113 94 114 35 93 57 108 48
    81 25 126 105 108 114 60 114 59 54 78 38 108 24 110 41 83 125 46 79
    83 9 16 31 103 58 109 106 5 92 3 80 1 82 39 3 23 36 27 121 92 41 60
    107 71 24 109 110 120 15 111 119 98 6 111 27 16 32 94 42 21 28 107
    45 34 54 108 79 77 18 51 15 110 125 64 20 76 0 40 5 75 96 10 40 100
    29 103 20 111 26 117 28 52 104 28 89 68 71 78 73 54 92 21 3 116 28
    12 79 125 18 49 73 126 94 123 71 57 20 88 24 77 61 58 118 49 6 14 32
    53 52 120 107 8 16 58 80 39 72 88 80 98 58 21 108 42 70 15 6 61 84
    22 88 71 123 119 26 25 100 91 45 12 102 79 98 21 97 0 116 69 93 51
    123 8 11 62 64 75 28 115 60 89 32 104 19 108 119 53 107 48 27 43 120
    105 77 70 23 56 68 9 82 124 53 73 14 32 117 29 46 113 53 72 19 47 20
    86 75 36 77 107 82 123 25 108 97 5 15 114 121 40 98 45 20 70 95 14 5
    109 115 9 105 94 40 9 104 38 110 71 77 57 79 63 117 26 24 20 73 10
    41 84 94 21 4 1 125 103 38 71 44 59 119 8 69 120 42 6 86 82 46 118 2
    65 71 33 123 36 41 106 81 62 65 86 100 6 8 0 88 41 41 98 84 62 105
    91 21 76 100 118 115 46 43 9 5 22 20 42 44 1 109 108 22 17 11 72 101
    76 56 1 24 31 44 18 24 36 114 47 36 14 115 99 117 126 38 10 66 22 63
    33 46 87 85 70 59 11 32 22 24 84 86 34 104 67 102 115 96 28 34 43 10
    5 3 108 114 74 95 43 125 37 84 108 12 124 72 102 25 37 110 73 101
    118 29 102 55 50 50 117 58 60 21 54 108 14 56 108 105 28 107 118 92
    76 116 47 123 73 57 86 116 48 62 18 95 106 111 95 3 45 64 60 51 77
    78 0 57 5 3 110 24 77 119 42 113 34 47 107 104 88 124 82 31 13 52 52
    99 24 10 94 72 109 33 1 32 123 27 43 30 38 69 31 26 52 60 14 20 3 88
    115 20 56 17 11 39 64 83 88 17 89 54 20 70 46 99 7 54 13 74 16 102
    32 16 90 84 49 95 53 119 90 3 23 80 29 91 66 25 9 24 69 42 10 16 53
    75 39 102 112 22 9 103 13 63 126 63 116 79 31 114 108 33 67 13 39 37
    80 121 99 43 66 81 5 95 51 27 15 95 126 76 26 37 119 57 30 43 48 106
    43 116 91 74 94 36 62 10 125 126 16 12 44 32 66 78 31 111 99 4 14
    119 54 30 48 72 122 32 127 63 78 33 44 25 19 45 49 95 104 56 35 38
    73 84 105 53 103 27 89 17 117 123 88 11 98 48 7 69 51 82 83 46 114
    121 8 109 2 9 119 45 49 43 45 51 89 8 112 10 88 40 34 51 34 62 109
    61 53 80 63 22 26 74 26 93 12 125 126 28 90 13 59 108 1 60 91 33 97
    65 46 17 20 81 75 62 37 124 18 24 82 93 90 57 11 10 64 47 121 57 2
    22 50 24 9 113 81 94 97 25 50 79 4 101 72 47 104 121 121 124 9 127
    72 87 85 12 93 107 48 86 40 52 93 40 11 23 14 91 85 62 107 120 86 0
    7 107 15 72 120 107 42 98 11 98 37 103 20 120 70 36 98 95 70 41 45
    13 19 18 68 107 108 22 75 10 123 86 87 47 83 14 110 108 38 74 72 105
    27 100 76 43 27 74 60 8 23 65 73 100 7 2 97 101 72 72 93 62 91 63 31
    110 46 43 60 17 73 31 36 12 40 2 53 35 75 90 33 53 97 62 4 77 33 102
    46 48 69 68 111 10 4 13 65 100 100 18 91 85 124 96 44 122 74 102 117
    83 98 44 38 73 59 58 10 30 76 75 96 22 41 91 91 15 11 107 65 88 79
    111 94 105 3 37 115 4 112 51 112 110 101 116 44 23 115 119 0 34 86
    17 120 102 88 78 7 36 108 71 31 93 43 41 93 68 55 25 35 118 104 37
    73 60 118 28 31 57 76 9 106 110 71 9 90 36 60 20 119 84 10 56 3 73
    25 80 42 101 77 126 25 55 76 109 8 63 10 1 114 73 8 74 109 40 0 110
    50 24 120 127 81 45 55 90 122 49 93 41 119 2 73 19 90 117 6 86 118
    23 77 27 38 27 16 124 99 101 69 71 34 67 59 37 4 65 62 26 51 104 73
    25 115 30 91 42 123 90 67 100 78 0 41 98 98 18 119 7 3 119 94 77 81
    83 76 67 35 68 95 58 2 78 40 94 56 17 13 112 59 99 24 19 41 21 1 50
    85 90 117 17 69 33 14 7 40 30 2 118 0 76 63 65 22 15 104 41 83 67 53
    34 51 31 127 49 60 39 110 115 45 73 111 105 90 91 72 100 102 101 12
    46 108 34 44 112 34 33 70 106 14 117 50 73 4 61 61 41 0 64 15 119 89
    95 40 71 24 1 75 7 69 18 116 51 10 20 125 21 93 113 122 11 85 6 6
    127 55 74 17 15 59 71 105 26 101 21 124 33 70 66 99 28 112 45 106 20
    74 98 80 87 15 91 45 41 46 117 90 34 112 77 53 93 119 42 12 35 41 5
    63 77 125 91 90 85 25 106 102 123 121 119 120 69 19 54 94 20 38 15
    121 6 61 58 94 84 8 94 126 102 96 17 72 102 51 22 13 12 88 12 112 75
    5 76 127 78 14 83 18 61 95 111 28 27 33 68 105 108 124 74 91 77 98
    78 127 49 97 13 111 96 83 26 103 95 40 49 34 94 10 9 97 64 5 71 8 6
    19 116 19 46 15 18 81 3 119 99 56 120 45 95 44 120 36 54 8 32 38 117
    70 21 16 121 24 10 0 17 10 18 7 50 20 31 84 15 127 97 14 115 47 59
    24 121 40 54 26 85 7 38 57 127 28 45 102 94 9 66 78 101 61 28 126 57
    110 18 25 118 36 0 59 60 32 39 93 2 54 121 12 126 11 17 114 23 79 55
    51 49 15 87 94 17 79 54 23 32 47 48 127 77 15 126 73 57 16 82 21 125
    3 119 51 61 23 65 95 23 60 73 51 100 94 33 70 45 37 83 17 7 17 107
    39 15 50 74 0 100 13 77 98 106 87 101 106 28 22 81 29 50 81 68 126
    97 39 31 47 61 50 25 89 59 2 27 92 41 22 39 54 62 2 33 115 71 119 32
    107 105 53 127 84 71 79 6 104 53 12 30 62 89 119 75 79 108 54 112
    108 49 30 103 119 106 5 56 123 35 74 35 115 22 103 74 117 63 13 41
    75 81 28 116 17 95 110 78 0 24 91 67 107 99 102 70 57 75 25 112 73
    58 18 122 113 119 66 27 56 109 24 20 82 70 57 18 77 74 56 42 71 50
    68 46 12 100 5 3 13 54 106 118 57 61 97 108 42 83 116 19 1 43 86 32
    99 69 109 86 108 31 0 98 113 95 7 16 76 84 59 109 114 2 123 68 44 5
    86 52 17 45 106 69 56 78 39 53 121 111 5 55 98 16 73 77 66 9 43 37
    121 122 18 27 92 29 26 10 21 34 96 115 74 96 103 42 9 96 122 117 49
    54 14 14 49 89 43 112 11 5 45 63 24 9 76 47 93 26 121 27 39 52 122
    70 123 61 51 113 123 110 17 111 119 94 19 13 65 52 67 120 23 4 84 99
    99 11 38 79 14 56 73 52 48 60 97 54 67 28 100 88 101 99 101 14 123
    33 74 54 57 42 73 19 58 64 125 10 72 74 6 10 24 78 88 106 4 8 72 1
    78 56 6 40 14 44 69 0 24 23 53 34 90 68 99 30 75 92 33 54 89 2 65 82
    92 13 42 40 76 115 104 50 127 101 109 4 14 94 36 51 56 127 90 23 38
    6 77 72 4 104 24 92 92 115 24 27 76 41 54 50 90 20 53 121 102 124 77
    92 125 9 103 34 81 83 72 24 57 64 36 38 80 70 1 69 50 95 102 35 20
    96 8 25 100 108 59 94 58 60 80 114 6 83 70 50 95 107 124 119 19 34
    127 109 31 125 84 98 48 65 123 64 107 82 102 111 110 74 13 104 7 36
    107 55 56 92 63 90 59 24 118 79 89 78 37 111 18 47 100 49 73 44 41
    111 9 17 107 100 54 92 99 37 85 67 89 114 49 127 56 65 42 85 4 57
    122 115 52 2 59 78 33 45 111 63 103 51 121 46 119 18 76 41 92 37 119
    8 51 43 27 125 68 115 56 27 69 56 81 28 72 83 0 111 69 1 60 29 2 5
    117 113 20 118 85 119 82 77 113 23 1 99 90 89 55 109 77 15 126 57 35
    46 101 27 66 77 42 95 101 88 8 65 0 19 87 89 84 115 6 103 78 36 72
    25 61 13 75 19 51 66 75 10 92 76 126 107 103 36 23 49 78 102 49 127
    5 109 106 0 93 47 17 116 21 5 71 110 85 52 117 78 103 59 2 85 12 82
    78 125 112 14 50 3 60 71 78 39 16 106 42 75 59 19 95 68 50 64 15 28
    110 101 61 83 106 6 3 28 60 11 61 42 113 30 42 119 127 72 75 17 29
    101 123 115 98 1 7 23 111 23 32 41 28 112 114 103 31 49 110 119 28
    94 67 0 82 115 109 35 91 44 1 89 5 54 120 84 2 57 82 98 45 16 73 109
    115 44 52 29 31 99 83 102 54 62 6 72 66 36 34 88 64 9 71 25 114 79
    45 19 100 25 92 119 108 83 85 74 73 127 65 84 58 101 2 18 70 55 105
    43 87 7 94 2 79 64 55 11 19 16 17 77 40 103 112 53 69 24 92 123 123
    114 109 38 11 26 13 28 35 80 13 95 44 77 88 78 55 23 121 84 37 111
    87 25 15 18 65 30 53 41 111 29 31 116 123 10 124 1 24 126 65 52 54
    115 0 117 52 70 63 108 37 112 5 125 57 101 36 92 68 93 1 103 78 3 58
    107 53 31 82 8 54 28 122 35 65 26 9 101 41 111 12 53 2 54 47 9 43 44
    38 12 44 93 20 125 57 32 112 97 20 36 86 106 74 27 16 100 79 36 34
    109 51 89 94 6 27 105 11 2 43 60 63 87 58 61 36 34 127 92 24 112 29
    31 103 6 59 124 60 32 27 67 30 103 66 40 64 92 58 19 126 70 63 94 54
    67 104 88 68 113 91 125 87 115 35 116 33 125 75 48 79 109 57 117 54
    27 32 57 74 54 63 75 96 125 67 74 53 53 87 86 47 120 61 39 17 14 121
    94 20 3 104 71 100 55 32 78 56 67 8 73 5 12 50 117 103 30 85 34 84
    60 105 73 68 105 105 28 10 54 95 106 82 82 69 68 116 32 18 100 97 98
    88 92 53 82 27 42 118 51 42 115 94 5 108 121 45 75 104 114 0 18 40
    122 66 66 28 84 116 77 32 61 87 73 36 62 9 34 27 51 127 85 55 3 1 96
    14 123 94 60 100 75 31 55 53 24 12 27 70 21 116 58 37 7 13 32 93 50
    52 79 127 74 28 22 19 0 26 43 68 13 124 12 105 46 51 104 2 1 5 59 18
    46 36 3 94 52 105 83 66 11 93 53 20 10 79 54 55 122 44 117 48 48 97
    119 13 61 126 8 75 36 50 93 31 35 80 84 104 48 92 2 68 107 72 54 39
    102 11 57 94 39 53 121 82 47 110 102 2 98 109 40 97 5 31 6 29 83 16
    0 116 3 95 20 59 5 126 16 11 79 14 56 49 30 85 27 8 44 7 26 71 41 68
    123 67 123 7 86 13 71 0 39 42 91 78 45 83 12 20 89 21 5 9 6 72 77 20
    121 102 20 69 16 80 100 80 122 123 111 24 111 54 68 23 5 63 103 110
    56 110 86 96 45 114 10 81 96 14 11 72 121 126 47 116 117 30 57 88 8
    83 121 2 33 0 100 57 47 23 26 109 119 74 48 83 115 8 96 115 100 83
    42 18 93 57 9 23 2 98 43 59 85 66 35 12 113 37 10 86 89 111 112 8 57
    6 75 120 93 25 40 0 96 60 10 124 101 16 88 69 109 89 28 60 32 33 71
    99 110 31 61 68 76 70 24 75 124 108 39 46 29 127 37 72 124 35 86 49
    109 35 13 95 112 100 0 71 51 127 28 50 0 89 6 16 28 3 116 80 69 98
    69 118 24 42 8 27 74 63 127 102 86 7 44 48 32 55 78 9 80 28 123 18
    54 107 20 82 1 31 73 122 42 57 97 22 119 23 82 48 28 41 73 124 14 63
    83 101 72 84 59 97 53 90 104 84 69 100 24 44 109 73 47 127 38 49 79
    27 43 59 105 66 126 29 101 110 34 101 113 28 122 99 117 57 87 26 86
    15 21 112 78 19 71 86 32 55 82 105 115 113 104 31 45 66 16 119 5 35
    102 34 47 41 107 18 85 109 46 39 13 81 123 79 56 48 123 41 114 92
    117 90 44 124 66 118 125 66 70 87 79 81 5 125 63 11 103 111 99 105
    28 126 110 32 98 91 81 59 97 55 53 85 0 126 3 105 85 19 52 25 127 53
    25 113 20 55 48 72 94 107 72 4 114 33 51 68 68 110 113 64 52 43 30
    71 46 36 49 99 59 55 87 79 36 63 117 120 67 42 126 25 11 25 64 44 68
    73 79 19 2 12 96 25 6 90 83 106 109 43 89 23 80 66 2 53 90 86 61 127
    127 29 83 84 111 53 1 11 74 10 127 60 8 56 116 110 18 81 87 11 7 97
    109 55 6 55 86 120 56 85 4 72 99 78 75 79 12 50 16 45 35 96 116 63
    69 35 14 110 90 80 80 9 111 3 22 127 48 89 41 95 73 86 39 40 112 92
    88 105 73 122 105 5 57 3 90 9 12 82 60 6 120 88 32 34 62 120 64 57
    28 67 127 38 105 48 86 69 120 125 103 126 62 121 6 126 9 27 75 27 73
    49 117 40 103 71 14 90 71 97 17 44 127 57 102 34 57 114 9 7 5 59 13
    95 106 88 54 85 89 126 50 34 125 74 125 0 39 120 113 84 86 115 29 53
    121 25 127 31 116 73 58 64 76 40 119 62 77 90 111 31 42 103 33 37 75
    111 59 97 21 21 120 37 1 26 126 108 126 2 21 58 116 43 77 23 24 124
    84 56 42 41 1 17 12 33 114 86 90 113 78 81 20 105 49 12 13 77 34 65
    92 12 37 110 17 10 3 16 20 119 83 124 76 30 16 1 42 8 56 80 95 117
    103 32 109 119 30 48 26 67 112 96 79 32 27 97 34 110 8 88 53 24 70
    105 1 100 7 12 23 68 2 31 97 100 16 76 124 110 98 30 61 27 85 96 27
    89 113 18 40 61 35 37 23 96 115 73 1 73 120 60 15 46 103 23 83 74 80
    22 111 65 54 11 8 102 98 85 3 102 36 74 58 82 62 27 87 68 30 52 65
    60 12 115 12 92 3 10 125 65 94 99 65 33 127 69 67 12 5 58 79 93 78
    109 88 19 85 74 108 117 25 104 71 45 66 86 12 47 53 108 47 72 44 111
    94 6 117 71 3 56 29 75 17 59 40 4 0 23 12 4 109 6 98 2 20 30 16 54
    67 71 26 30 40 99 31 120 59 114 58 25 65 13 119 6 41 33 62 80 98 66
    60 12 73 17 38 0 108 33 28 64 21 28 59 65 34 41 29 100 86 92 74 122
    29 108 18 73 4 15 93 32 50 18 73 30 34 12 97 22 41 26 92 35 55 15 52
    20 35 121 112 102 92 97 22 120 102 102 87 30 97 93 66 24 106 124 49
    126 109 34 45 45 25 79 120 20 10 94 22 0 94 118 41 17 1 74 24 102 17
    99 25 78 121 110 29 22 46 59 1 115 84 108 5 0 59 53 26 50 69 71 34
    94 78 25 68 34 36 124 13 5 70 12 109 19 70 15 65 73 48 111 35 88 42
    63 96 123 2 46 75 60 98 50 46 117 91 78 4 52 98 32 0 75 65 9 105 103
    71 126 4 50 79 21 16 13 92 36 1 81 64 2 14 109 46 77 89 55 61 97 26
    79 61 113 30 34 42 40 56 20 89 91 34 53 12 27 126 67 39 72 15 57 44
    99 13 37 69 110 5 100 23 66 64 38 114 32 52 69 28 68 95 27 64 32 70
    96 36 65 33 103 44 115 6 73 22 105 77 89 115 17 101 22 54 93 20 5 62
    31 11 58 83 92 88 9 5 122 11 2 123 34 36 62 60 6 0 13 46 86 111 105
    95 106 80 79 126 92 28 36 68 52 30 78 81 61 42 81 73 36 90 125 63 0
    7 82 71 65 31 31 38 62 40 21 112 32 89 115 125 32 109 86 126 48 22
    77 6 15 66 56 32 43 67 57 115 124 113 90 20 72 58 125 21 48 99 100
    33 23 14 110 34 77 27 124 30 98 73 95 78 60 11 121 42 102 49 40 117
    55 90 76 18 11 11 37 89 82 42 43 64 1 87 99 52 24 127 54 108 61 16
    121 7 72 79 116 27 58 23 97 45 34 29 77 1 108 65 70 39 35 47 52 65 8
    69 120 24 92 29 74 74 90 30 113 79 17 93 120 69 36 118 105 110 15 92
    57 115 102 56 58 124 50 12 13 50 81 70 27 101 14 26 58 122 47 8 3 63
    92 93 0 82 69 63 98 101 73 34 27 74 13 11 61 27 50 25 111 20 84 47
    77 5 33 41 0 126 124 21 95 110 70 65 58 47 119 48 121 1 75 38 11 80
    70 73 87 87 38 10 29 2 93 66 27 116 109 59 96 83 77 79 76 83 85 90
    116 103 124 64 72 105 3 78 24 117 74 100 116 48 21 101 100 88 16 36
    75 92 24 107 45 13 55 73 61 54 81 22 87 70 36 4 65 60 94 52 8 118 26
    73 34 118 114 75 77 76 10 50 32 115 56 110 92 94 78 77 90 15 47 19
    31 119 99 57 76 76 74 33 67 65 99 89 3 73 100 46 42 109 64 115 45 69
    10 42 37 45 121 48 119 68 93 122 113 22 110 90 39 54 114 20 14 13 82
    24 38 34 56 45 110 91 118 118 79 43 103 33 34 114 105 119 75 36 31
    25 91 116 33 67 111 114 97 68 21 59 26 0 111 94 91 1 98 45 47 72 83
    60 36 77 108 39 44 68 60 35 8 123 71 109 117 52 83 51 83 107 109 7 5
    22 122 29 119 38 105 76 32 110 39 30 112 118 25 81 109 26 25 70 39
    32 79 12 66 80 58 56 27 14 80 23 101 109 113 85 80 40 55 63 54 63 32
    93 4 67 25 88 9 22 45 115 68 69 32 63 117 78 116 82 63 10 54 105 79
    39 42 18 90 79 30 62 50 14 62 112 7 120 65 40 58 4 96 116 8 29 101
    101 92 48 45 6 80 7 110 32 1 57 114 81 95 55 51 121 13 61 124 82 64
    11 99 124 78 24 113 67 39 45 61 95 3 81 47 84 99 94 22 102 17 94 53
    100 54 51 91 100 112 6 2 33 116 20 19 55 41 76 108 102 61 65 79 59
    16 101 40 0 75 79 114 11 41 24 16 32 22 96 91 83 78 111 105 81 16 2
    126 85 97 22 76 2 96 81 6 76 16 75 98 19 31 103 89 85 63 55 108 95
    97 72 13 43 14 30 10 41 104 62 105 116 44 76 66 3 78 105 117 106 60
    34 120 41 113 86 14 9 103 10 30 72 76 94 88 5 40 41 60 33 104 33 71
    123 73 45 50 16 28 64 28 17 102 15 122 14 41 38 111 37 126 127 12
    111 12 116 58 110 35 72 3 85 114 115 44 88 40 84 17 109 116 88 54
    116 91 104 64 25 20 53 39 75 0 43 72 66 82 106 5 47 100 94 109 118
    13 59 123 51 51 82 6 16 63 43 3 24 120 37 27 60 121 53 43 4 114 16
    115 48 81 58 112 105 94 98 117 2 20 5 6 90 9 67 51 31 71 10 12 22
    103 62 44 114 120 100 22 74 55 39 25 119 93 44 84 51 101 68 35 37 45
    32 39 76 93 38 66 19 0 53 39 45 27 66 6 88 37 93 93 117 70 114 79
    106 85 15 6 97 53 120 2 116 15 23 109 29 89 36 43 28 58 110 46 70 79
    28 9 80 17 4 127 9 76 23 37 95 88 100 3 34 22 35 45 13 17 77 11 44
    15 100 85 70 98 48 28 55 120 114 88 0 30 113 46 89 123 123 102 84 86
    39 33 75 96 47 85 50 67 82 28 90 114 27 60 6 80 58 51 38 25 29 74
    100 43 127 84 26 104 62 1 46 106 45 1 78 84 10 115 55 94 88 4 52 67
    77 12 87 103 4 79 124 100 26 58 64 99 39 34 8 102 36 100 3 95 23 118
    41 109 5 3 53 1 63 16 111 8 103 38 75 85 12 40 2 122 74 78 97 20 11
    117 26 92 81 121 17 127 95 31 84 101 50 95 58 10 91 36 95 9 58 100
    109 31 84 113 97 107 116 47 121 103 4 83 62 94 0 0 1 40 88 55 36 36
    123 94 101 35 39 28 30 61 45 43 45 127 22 22 114 21 87 107 88 44 48
    92 80 97 107 127 108 92 28 30 82 111 125 3 15 34 1 60 88 84 107 104
    62 99 35 82 112 51 125 23 33 36 80 105 6 121 36 64 4 94 85 81 6 65
    46 19 124 9 26 94 37 19 108 71 36 57 46 85 123 37 2 110 51 55 14 86
    26 8 115 17 105 38 80 126 85 42 91 44 81 22 4 90 65 4 110 94 42 45
    54 23 99 40 33 55 69 106 27 54 112 73 64 30 82 62 114 3 3 28 106 6
    67 26 97 102 117 82 95 71 81 3 93 81 75 29 61 89 48 6 14 75 81 31 0
    13 115 88 7 90 49 101 25 107 9 107 120 55 21 126 0 5 110 66 15 74 76
    117 49 62 113 109 29 117 117 110 68 55 32 17 69 78 80 87 23 77 127
    89 25 31 62 2 115 47 55 32 98 17 45 80 87 53 118 102 15 19 57 64 80
    64 121 126 23 38 68 6 116 41 55 109 69 58 111 46 46 112 68 113 75 65
    52 93 119 60 104 83 31 54 77 53 54 109 20 23 42 42 51 85 18 4 6 123
    112 26 46 50 1 31 104 121 58 75 115 76 100 75 25 59 64 115 52 111 82
    53 73 56 127 116 26 122 104 10 34 59 75 42 122 59 73 124 67 40 7 92
    40 79 88 38 115 121 73 103 99 112 119 21 97 9 35 1 19 55 74 112 105
    111 79 90 69 36 112 0 60 107 40 30 64 85 92 84 54 5 50 70 46 104 21
    54 33 78 5 18 57 13 121 45 98 72 89 83 41 115 2 80 114 50 97 68 96
    94 37 64 75 8 18 22 17 59 46 67 45 80 59 23 88 121 65 61 82 41 75
    106 66 16 44 51 108 27 116 20 115 3 37 96 7 44 27 11 30 104 43 31 32
    94 79 12 123 4 112 70 27 0 35 51 4 3 93 45 71 60 17 45 35 93 67 82
    113 57 22 63 16 67 78 39 75 39 108 38 89 27 52 35 88 24 24 108 123
    46 93 64 117 79 2 42 107 19 56 76 117 76 118 102 93 63 0 47 121 26
    98 2 18 10 58 18 24 32 20 58 52 107 121 22 44 90 118 124 69 59 79 44
    6 74 81 120 28 12 59 90 17 40 46 30 44 1 77 5 100 13 47 54 97 104
    101 51 36 99 89 23 15 103 58 68 68 48 120 59 72 88 102 125 71 116 56
    82 49 3 91 102 72 85 101 99 20 85 23 82 75 7 62 103 90 60 4 25 101
    82 123 97 116 96 108 105 59 92 79 89 0 31 1 111 115 106 116 88 59 57
    89 31 72 59 110 127 123 13 48 93 74 33 64 78 2 48 34 60 15 70 66 30
    74 66 0 112 121 56 83 74 45 72 27 78 83 63 82 97 74 45 43 6 84 127
    27 113 71 81 41 109 83 107 101 74 46 121 114 50 84 4 26 4 94 60 103
    86 96 31 33 105 48 61 92 40 55 14 6 52 66 94 12 124 23 112 37 39 94
    116 67 87 35 13 90 88 39 32 86 117 104 15 15 112 3 32 8 49 76 94 21
    73 36 58 63 121 28 80 1 115 126 55 4 3 46 113 72 21 104 61 46 19 96
    13 78 68 46 94 23 101 3 127 21 27 51 79 112 64 27 122 2 24 6 23 111
    88 113 70 81 28 115 28 45 3 126 112 7 76 33 60 20 113 79 69 23 34 98
    46 28 122 22 8 9 116 20 93 0 106 54 95 37 32 98 101 123 86 51 5 86
    76 39 98 122 103 117 119 124 70 115 74 8 82 63 23 105 26 46 57 39
    110 5 90 19 52 91 61 84 68 121 91 23 88 2 9 0 22 1 22 29 50 27 8 86
    45 33 41 88 99 17 65 10 57 35 30 26 62 34 119 107 49 45 81 40 23 56
    112 45 18 86 2 9 56 73 99 61 69 53 7 52 80 87 8 52 120 8 14 63 21
    102 33 7 97 7 105 6 87 16 112 4 45 63 5 40 125 4 9 113 0 47 72 65
    126 51 78 76 70 117 117 84 99 4 127 124 42 36 113 123 116 57 78 111
    75 121 87 53 25 102 87 4 74 77 29 86 74 125 112 107 74 56 21 66 84 0
    123 60 30 28 79 30 46 6 30 126 108 80 120 13 3 107 3 69 43 13 36 29
    4 62 83 88 16 78 25 100 18 16 100 112 30 53 113 46 38 18 8 121 101
    64 93 123 123 14 27 85 121 5 64 25 83 74 108 33 17 75 19 30 113 1 1
    103 91 54 100 44 90 108 105 58 30 24 60 72 127 67 102 30 92 118 98
    38 109 125 92 114 54 66 69 88 85 51 32 120 126 37 109 21 63 119 20
    29 65 98 127 30 90 55 1 3 117 104 45 8 89 95 92 113 1 40 80 93 3 50
    102 94 56 21 96 103 124 124 67 6 15 47 46 49 8 50 114 10 71 119 124
    7 52 117 74 112 104 58 70 109 99 32 117 44 83 68 27 114 37 116 92 54
    75 36 118 92 54 119 8 105 61 21 56 45 55 78 105 94 91 44 17 111 22
    30 102 27 93 36 16 5 80 52 39 77 30 49 46 95 121 77 86 83 33 80 8 66
    82 38 112 112 30 115 59 52 50 49 67 11 116 122 108 70 22 61 96 92
    110 29 59 34 60 24 115 91 87 4 80 82 69 20 97 91 116 16 14 61 110 98
    99 56 4 119 6 72 123 65 13 50 69 9 16 33 120 29 7 112 26 30 22 15 73
    10 47 87 107 76 26 7 111 5 121 110 53 96 63 89 45 43 39 11 18 26 15
    117 23 49 28 110 41 31 103 52 3 65 110 64 43 105 77 94 52 0 70 24 23
    35 51 122 86 18 73 69 12 23 110 14 38 47 49 127 29 112 31 118 85 18
    98 66 43 102 94 87 120 102 121 74 127 25 28 45 33 126 59 83 87 20
    119 116 35 4 113 84 34 59 94 127 127 121 72 63 103 83 71 59 43 38 97
    109 123 22 62 30 56 117 21 126 67 122 67 116 113 7 121 60 36 119 67
    105 125 107 54 87 118 66 41 19 4 61 62 84 78 123 100 115 67 120 81
    106 62 38 65 57 23 61 103 31 66 69 40 79 126 36 9 73 67 20 88 60 43
    73 73 109 38 15 94 124 51 9 124 48 37 80 41 2 86 58 59 1 32 20 39 87
    38 37 2 44 39 98 108 86 66 8 41 59 23 16 43 71 3 31 64 6 9 7 96 12
    105 12 114 105 118 92 61 56 35 4 18 101 126 48 112 18 40 57 35 1 127
    68 79 14 34 81 114 81 16 116 49 90 15 65 60 59 103 53 93 86 24 22 72
    98 38 1 36 60 88 8 126 61 50 82 63 45 14 47 82 85 104 121 95 27 1 53
    57 66 93 103 42 1 83 4 18 7 95 30 116 105 54 83 85 42 100 65 70 40 0
    90 49 94 60 66 31 99 112 62 67 11 54 70 75 1 78 47 123 112 73 23 96
    11 30 85 3 76 104 2 22 75 63 97 73 55 116 105 28 27 2 20 90 54 106
    28 42 26 93 0 18 95 69 60 26 117 65 9 55 18 80 22 109 97 5 117 11 46
    7 110 100 66 118 37 6 28 76 42 115 93 25 112 59 83 119 113 22 24 100
    68 110 67 39 18 111 104 77 107 89 64 37 9 55 47 112 102 81 115 11 87
    85 126 80 66 43 38 42 72 40 50 107 108 11 119 58 92 116 20 42 19 108
    38 58 103 78 125 32 121 36 38 92 104 121 51 125 60 91 23 107 61 71
    17 22 14 0 22 19 89 35 107 9 85 8 99 70 19 81 41 43 10 98 23 110 121
    13 87 40 94 13 115 82 116 8 55 84 45 16 112 8 55 96 127 11 42 50 24
    82 32 119 5 72 66 29 100 64 2 103 80 91 73 85 101 49 70 70 69 71 99
    54 2 94 21 97 105 50 109 7 29 76 67 52 86 75 108 28 4 8 7 43 124 37
    57 119 120 98 119 68 53 83 7 121 38 123 25 122 4 46 82 56 45 20 0 38
    16 16 26 70 105 3 90 55 83 6 76 121 65 109 41 125 114 72 78 85 101
    15 54 41 6 76 73 43 55 126 102 8 48 105 88 41 67 56 55 58 119 29 123
    9 67 25 34 96 83 84 105 76 29 91 13 98 0 13 25 78 51 10 55 2 78 12
    51 99 112 127 29 104 96 0 8 8 17 81 89 6 78 81 28 89 0 117 28 88 85
    68 27 97 98 26 127 2 115 21 69 40 72 20 104 27 45 63 3 4 59 120 58
    89 0 84 85 13 51 37 11 94 88 113 105 20 31 60 109 19 14 41 108 109
    97 74 21 41 30 76 69 38 93 17 125 58 64 113 56 37 63 7 78 49 73 88
    14 16 88 25 123 0 84 101 12 125 112 3 37 75 24 25 62 63 19 53 109 99
    108 61 125 114 122 74 116 33 99 122 57 7 53 47 6 92 105 33 89 21 113
    53 49 109 75 56 53 0 69 63 3 86 54 95 67 8 122 16 87 17 67 35 84 85
    12 58 86 1 94 60 35 34 86 55 84 7 106 83 16 102 84 87 59 61 105 28
    106 60 44 125 85 91 107 72 36 78 6 117 115 27 99 48 32 29 74 8 74 83
    66 119 59 88 8 6 115 16 83 30 45 127 98 123 47 116 3 33 84 79 122 13
    66 59 87 47 16 124 112 72 126 103 100 47 126 81 101 77 85 106 33 37
    82 124 23 127 104 30 51 105 22 78 60 74 111 109 28 84 43 1 110 37 55
    15 22 99 81 56 74 103 119 9 47 118 36 51 63 107 97 118 6 37 93 111
    29 74 7 95 47 11 20 0 7 1 111 98 23 101 94 27 108 115 54 59 38 31 93
    6 77 114 117 40 47 3 105 62 35 78 120 86 67 24 90 98 91 80 66 20 108
    40 69 15 11 109 97 80 86 24 25 90 22 47 37 2 29 42 67 80 55 106 37
    68 38 87 103 95 37 92 94 11 3 69 35 39 83 103 38 108 56 31 9 101 101
    41 50 82 55 39 72 11 27 16 90 68 79 117 43 118 108 1 27 53 121 127
    97 114 125 57 19 72 62 14 0 58 92 51 122 60 84 5 59 107 34 58 84 32
    81 70 77 28 56 93 30 94 75 96 71 88 76 33 110 98 121 99 28 23 97 19
    27 21 72 79 113 27 106 106 118 90 115 104 30 1 10 70 23 66 126 91 59
    34 13 54 81 80 34 80 73 45 65 13 113 98 87 101 37 23 33 127 10 39 62
    48 85 12 69 105 111 84 120 124 1 96 95 22 31 56 113 5 46 106 15 105
    39 45 20 99 79 80 107 22 28 68 68 11 122 4 89 37 53 104 91 13 16 41
    29 5 115 119 9 85 67 116 110 74 21 100 15 67 9 115 43 10 96 74 14 41
    113 31 84 47 51 66 94 90 120 55 95 9 26 63 85 110 79 20 61 56 0 64
    94 104 41 106 19 121 44 38 28 127 100 28 53 80 2 55 12 5 102 17 82
    79 56 58 36 68 8 20 88 93 30 11 13 70 11 25 54 32 39 105 69 21 98 96
    86 39 83 71 101 95 54 78 83 81 36 40 76 80 40 10 9 66 62 11 52 114
    36 7 94 74 69 106 64 38 39 9 7 74 28 85 50 111 2 113 64 122 10 124
    65 46 38 28 91 111 91 1 66 124 88 69 31 120 54 37 7 95 16 97 35 11
    101 63 29 89 126 21 2 108 47 28 126 86 117 59 69 56 53 121 47 25 77
    14 41 8 119 12 2 103 67 76 25 55 61 5 9 32 79 40 35 112 66 81 41 49
    92 87 33 62 0 48 102 38 21 101 26 45 84 68 43 3 75 17 38 51 4 23 5
    69 67 83 1 56 49 1 121 124 63 74 59 70 58 115 110 72 65 99 115 48 48
    64 65 98 1 38 71 9 80 31 81 50 56 7 41 106 69 73 20 60 18 106 90 25
    25 66 62 107 111 75 96 6 78 57 63 125 73 68 2 8 102 89 9 44 75 34 4
    127 127 0 108 31 120 73 39 65 21 79 110 53 20 56 94 122 90 49 58 20
    100 4 124 50 89 63 122 76 26 86 66 118 95 104 37 66 83 15 56 4 71
    126 79 65 17 111 32 43 10 110 9 104 85 99 48 36 125 42 77 115 55 39
    104 9 31 113 102 86 70 62 124 101 121 89 67 26 23 24 7 51 6 107 10
    89 48 53 23 44 94 99 35 81 28 84 4 42 34 33 114 23 84 96 47 105 5 35
    52 62 16 15 107 112 114 52 117 91 99 96 13 44 24 97 6 126 38 39 66 0
    0 79 26 37 124 92 80 17 57 110 5 67 76 1 94 118 80 104 90 50 0 3 88
    62 109 88 18 20 17 74 49 120 32 103 91 52 65 101 102 112 7 108 58 47
    8 121 120 90 30 83 24 114 14 122 102 88 45 4 123 65 29 17 10 105 27
    18 65 9 69 31 98 86 112 56 97 100 64 39 24 110 69 36 9 1 20 16 60 63
    23 43 29 9 106 11 68 72 72 19 0 93 50 100 65 110 33 94 0 92 53 23 43
    26 18 61 60 55 24 50 66 10 124 100 110 123 70 62 116 3 124 2 11 49
    29 4 65 113 111 0 116 9 67 116 87 80 111 74 4 8 72 72 122 65 66 116
    107 59 34 57 101 48 20 85 54 103 112 57 97 59 61 113 122 18 27 12 88
    98 5 27 52 74 66 35 70 9 74 119 104 51 51 33 108 51 119 14 115 24 85
    71 19 78 110 126 68 32 7 33 12 10 56 10 20 57 15 125 97 68 5 109 90
    18 107 12 65 84 118 34 39 95 112 49 102 23 103 13 63 23 76 75 92 21
    119 93 28 119 104 43 97 47 124 3 97 33 68 34 57 119 82 97 21 52 70 6
    118 122 63 58 97 124 39 107 16 74 4 119 27 121 36 118 24 107 76 33
    118 67 53 58 89 39 124 105 121 40 9 66 108 26 102 5 8 33 78 24 86
    120 89 93 30 88 104 118 50 112 16 70 114 81 121 50 77 60 96 84 28 68
    117 40 7 59 34 84 104 84 117 78 10 80 3 68 104 70 68 76 95 55 71 4
    91 27 45 90 50 107 94 95 112 12 105 23 127 14 26 35 11 63 70 71 41
    120 122 61 14 113 20 78 101 99 57 69 11 97 92 123 31 71 120 92 100
    35 71 115 0 75 12 15 101 21 101 56 120 56 75 113 32 54 79 0 127 63
    21 55 80 9 35 93 122 34 20 103 66 35 114 86 79 109 74 10 125 33 69
    63 47 77 22 52 64 89 85 12 106 110 59 34 102 64 98 85 77 8 59 67 77
    62 100 29 109 88 67 20 39 3 88 113 75 77 57 107 80 39 32 39 109 85
    64 62 54 116 3 101 99 37 59 109 101 75 58 83 76 121 105 113 90 86 30
    39 13 70 1 66 118 45 24 91 110 120 18 40 7 61 100 101 47 62 107 122
    122 3 113 25 117 91 80 7 107 103 25 125 2 15 110 9 9 115 30 95 114
    59 42 60 79 113 110 27 93 122 15 31 3 40 23 39 41 8 61 17 0 106 60
    120 56 54 49 50 71 72 26 87 117 20 113 115 111 55 67 23 82 93 5 90
    68 14 92 98 86 5 68 44 21 31 69 58 122 49 2 74 111 55 16 115 30 42
    40 111 50 19 4 14 64 1 51 107 91 4 109 66 79 7 32 48 118 18 20 11 7
    30 111 92 21 104 56 108 49 88 61 94 52 38 33 47 92 47 19 30 81 3 4
    10 108 50 95 36 103 27 57 36 48 116 63 74 48 54 122 94 23 36 7 18 5
    28 52 28 96 105 26 65 64 48 66 75 73 13 113 72 50 87 81 37 126 5 70
    99 122 40 46 127 57 49 112 119 1 99 28 43 39 0 119 114 25 67 28 121
    49 105 51 83 57 113 102 67 25 18 85 114 19 124 122 125 71 55 108 32
    46 14 18 26 52 84 116 99 29 121 93 54 124 99 13 12 58 16 12 23 76 91
    2 103 20 11 19 25 40 121 8 122 97 50 37 85 34 7 33 15 113 97 72 2
    124 95 126 71 20 11 55 76 60 111 97 121 104 95 49 7 99 17 68 61 90
    20 111 67 29 82 70 59 23 86 4 22 96 46 22 64 114 103 98 16 39 50 93
    112 71 109 10 84 20 117 71 10 58 110 82 87 96 52 104 68 76 119 60 50
    8 65 36 19 51 38 68 103 113 15 17 123 117 127 23 66 118 58 9 125 34
    93 52 99 27 47 50 43 97 100 88 5 29 113 89 90 101 108 91 50 43 116
    39 5 120 84 20 59 64 6 75 91 94 118 16 119 126 66 25 68 5 97 88 115
    94 100 15 119 41 38 56 105 48 110 30 94 94 85 86 26 4 74 106 5 107
    20 77 6 84 27 121 65 119 77 75 90 19 98 72 58 69 45 34 84 54 51 40
    86 26 120 114 118 122 51 125 119 82 63 123 4 79 96 122 2 85 35 34
    121 77 108 8 81 82 96 60 34 61 82 89 34 76 68 5 15 57 56 84 1 32 66
    113 87 113 101 95 79 72 4 15 65 68 25 36 74 125 62 34 96 18 73 73 60
    92 79 119 26 57 31 37 46 54 23 87 37 88 50 27 118 78 78 10 23 84 81
    26 74 19 90 3 62 76 49 0 18 11 112 26 105 101 23 34 34 89 64 85 36
    61 26 87 14 71 105 28 10 41 0 51 37 52 57 69 70 66 41 3 60 101 56
    119 35 58 74 5 34 21 28 74 76 126 96 107 60 50 73 123 0 108 81 54 54
    121 82 122 28 68 92 33 31 49 42 38 111 63 113 46 64 95 117 5 70 46
    52 56 1 111 120 73 19 44 102 39 40 15 40 107 114 103 118 83 41 77
    101 122 113 19 36 77 63 7 32 5 87 4 42 77 69 33 105 119 100 108 122
    123 6 31 59 89 72 97 42 113 16 4 61 39 47 104 33 19 46 104 8 79 43
    67 25 25 69 40 78 56 49 118 40 23 18 108 67 109 26 29 85 44 104 97
    60 10 13 75 105 63 50 46 103 126 107 120 99 57 12 41 47 72 106 77 82
    0 117 68 92 86 114 63 96 94 95 90 73 109 12 0 55 122 47 21 102 57 97
    48 117 62 63 3 3 126 7 77 18 90 58 113 104 84 115 56 73 53 56 97 83
    9 51 57 1 78 109 56 99 5 43 12 73 92 15 101 47 84 41 89 34 15 97 75
    98 44 70 22 11 9 116 121 29 59 9 103 16 52 115 77 3 50 51 29 43 6 93
    23 57 3 6 40 34 23 96 83 60 23 2 97 72 83 47 65 93 41 9 26 96 98 20
    71 119 106 100 28 41 93 27 82 34 31 88 61 106 1 25 21 10 54 26 122
    100 13 5 25 115 8 58 93 127 101 74 78 49 56 34 3 36 54 13 42 75 18
    86 118 101 109 48 112 119 85 32 32 14 14 27 85 12 16 101 15 94 99
    111 48 8 115 91 65 10 29 49 122 62 121 83 43 60 94 51 114 27 49 11
    106 44 24 117 82 50 11 21 122 22 32 111 31 110 123 13 22 58 30 34
    116 125 61 47 39 83 94 83 73 107 18 118 0 31 36 40 37 74 106 78 10
    80 123 100 54 101 118 111 16 3 80 16 65 108 40 15 35 29 19 1 14 77
    41 94 5 99 11 96 69 109 99 58 75 25 15 117 10 27 64 36 24 95 60 31
    34 105 3 41 0 123 36 121 14 117 98 63 17 9 94 51 35 78 117 125 74
    104 107 60 43 5 97 62 54 119 118 83 113 20 3 44 41 14 120 16 126 102
    107 113 14 28 84 1 69 36 66 25 18 105 101 8 8 23 91 60 106 81 69 45
    101 1 124 38 100 43 67 82 96 87 112 95 41 48 105 78 30 84 13 81 63 5
    20 99 72 49 23 94 35 50 66 101 55 71 10 126 1 14 76 68 114 21 96 47
    122 30 86 45 35 47 79 16 33 62 55 16 110 20 76 118 7 3 93 3 46 4 20
    96 13 23 81 107 116 55 116 96 122 89 111 112 8 87 88 88 50 85 78 11
    1 108 23 122 112 27 0 108 50 109 14 127 9 23 1 99 83 81 95 40 33 88
    31 109 69 6 25 99 36 125 83 85 127 77 109 70 65 87 96 31 98 95 2 7 6
    12 88 6 16 1 2 70 5 20 20 75 77 2 91 17 49 9 102 39 14 102 27 112 0
    87 2 32 72 84 32 29 15 6 66 115 70 45 88 43 118 7 18 43 112 24 90 23
    53 28 34 59 15 42 36 54 1 116 8 2 61 88 117 72 119 7 82 52 42 111 85
    77 122 33 103 127 10 20 29 16 3 76 8 39 12 70 26 30 16 48 108 15 110
    69 18 21 73 50 100 52 68 83 24 74 25 55 94 125 75 114 83 54 81 21 30
    84 16 115 58 123 107 125 22 46 98 14 104 82 3 123 61 61 61 3 108 73
    13 16 95 121 119 74 36 38 95 101 127 51 6 77 16 24 86 122 86 52 76
    78 102 85 80 75 55 126 48 34 78 93 106 100 26 60 22 58 36 36 52 12
    97 98 102 119 39 4 110 32 106 84 22 50 119 10 58 82 121 27 94 5 22
    34 112 101 108 38 79 63 106 85 50 40 87 96 30 41 53 27 85 126 72 42
    72 65 78 89 19 55 2 63 124 16 87 66 76 120 96 51 57 123 78 80 19 45
    67 16 76 33 28 28 26 126 73 45 95 77 71 9 49 124 32 97 82 76 13 62
    54 105 55 67 79 61 85 47 75 119 122 80 74 21 71 100 95 54 20 63 28
    14 116 67 68 16 18 16 81 93 64 64 76 67 58 102 71 30 28 21 14 54 10
    4 73 30 102 50 120 115 66 69 40 4 76 117 104 121 98 31 46 92 120 51
    28 92 59 26 13 70 116 72 26 64 74 112 91 112 117 87 21 38 31 49 21
    45 30 89 47 89 29 29 55 22 77 109 4 76 16 21 28 103 47 63 102 13 47
    14 27 10 27 111 108 59 126 49 119 107 104 11 105 66 111 111 118 96
    68 73 11 72 73 24 45 33 31 33 32 97 80 92 125 7 104 8 19 93 116 46
    44 37 122 36 126 55 55 64 77 18 27 57 100 6 8 47 22 32 23 109 11 124
    118 74 58 31 20 83 102 94 87 51 5 82 22 88 38 42 59 76 58 28 52 51
    116 90 83 51 126 13 116 66 15 104 94 95 63 17 93 65 24 114 28 124
    119 66 38 104 49 108 7 29 53 88 74 127 39 40 7 53 81 76 88 45 123 16
    40 48 85 76 123 99 116 59 38 50 111 117 81 65 113 73 43 90 30 35 67
    67 49 14 84 68 40 82 10 100 115 60 24 65 1 63 80 51 59 119 15 102 35
    60 30 92 123 67 56 51 64 78 22 3 54 35 58 87 75 120 125 51 106 108
    23 82 79 88 46 38 117 87 79 30 127 84 93 14 16 73 46 110 78 31 111
    110 124 47 33 43 15 105 69 113 21 105 122 76 0 3 114 43 84 68 121 39
    91 120 119 124 124 32 103 51 79 103 0 76 110 57 120 28 46 26 41 23
    13 5 77 23 23 121 112 58 63 7 43 18 10 19 45 20 39 76 101 72 89 56
    22 80 5 122 100 66 97 64 87 114 54 110 65 23 75 7 15 101 103 112 28
    113 20 31 8 58 115 55 71 46 95 50 31 108 124 90 74 54 120 77 21 123
    70 26 73 44 38 108 111 16 93 85 38 120 96 32 118 97 51 24 19 5 30 65
    91 116 121 60 95 67 26 49 5 34 77 59 7 89 4 17 94 109 32 95 14 13 55
    125 107 17 4 82 8 59 115 77 103 38 89 99 94 112 106 15 96 53 71 127
    113 67 0 107 51 117 0 116 74 67 125 46 62 60 107 18 26 80 79 70 21
    69 3 3 36 71 2 31 0 111 125 120 121 56 101 42 116 41 5 97 63 45 17
    38 104 39 70 91 126 5 78 101 40 1 53 21 107 91 62 108 49 63 1 47 52
    82 34 64 111 79 47 52 109 121 51 91 92 70 24 118 72 71 115 26 67 21
    37 39 103 42 32 60 23 108 22 90 120 74 87 30 102 10 107 119 85 114
    107 48 29 63 79 0 13 66 23 119 74 42 73 81 122 106 27 85 75 89 74 68
    115 118 57 0 100 40 15 17 24 79 87 116 102 121 17 18 31 68 49 74 114
    95 56 108 66 105 33 114 25 43 101 119 31 27 32 48 63 116 115 21 116
    66 117 28 124 79 114 96 23 106 33 96 89 90 41 28 74 26 45 104 1 100
    72 24 59 21 102 29 59 27 17 58 17 100 12 45 5 11 41 94 33 55 103 66
    3 47 103 103 84 62 120 94 10 28 108 107 101 87 39 41 23 105 93 75
    123 104 87 94 70 3 2 113 17 56 14 48 67 8 84 95 39 22 49 88 72 20 2
    11 42 43 87 111 16 93 64 22 23 82 105 26 55 71 52 80 79 35 113 23 74
    65 24 82 53 105 112 15 58 19 109 112 115 20 17 9 117 75 23 114 19
    124 44 110 108 88 90 51 79 106 113 96 11 71 21 32 37 126 89 24 103
    80 53 98 76 96 66 30 43 66 119 93 30 3 99 36 99 103 73 4 86 114 30
    11 111 4 59 99 53 121 76 2 122 79 110 82 97 117 125 65 82 16 57 63
    87 112 7 89 50 120 115 10 69 25 66 24 56 26 120 33 8 14 117 89 83 72
    30 60 114 78 32 54 60 22 73 102 8 97 54 65 8 4 0 60 31 106 17 120 3
    38 53 108 36 68 40 85 126 42 88 33 111 45 72 94 71 126 6 111 6 40
    124 20 79 73 120 28 45 21 45 21 0 80 88 125 109 56 17 3 82 68 43 93
    125 35 100 80 103 104 21 89 71 1 36 5 38 77 66 19 68 1 112 90 86 120
    71 82 121 40 77 27 57 123 58 106 50 51 66 55 113 120 88 96 83 106 62
    103 115 80 109 76 112 82 113 13 30 40 28 27 68 116 45 28 21 6 20 101
    56 3 83 122 105 86 119 110 122 97 41 101 21 119 38 49 64 13 127 115
    83 56 54 109 89 76 32 17 81 28 74 107 0 23 22 44 78 112 108 80 82 93
    28 118 2 40 47 29 123 92 120 73 21 23 59 16 117 7 119 106 115 30 44
    106 55 6 47 53 107 92 9 27 7 91 48 103 18 61 89 31 49 67 74 60 93 26
    115 46 83 98 65 121 102 63 40 73 61 78 119 112 47 96 95 89 36 9 49
    51 120 26 27 27 15 81 73 27 100 33 79 124 8 66 23 88 89 24 122 30 17
    82 4 37 54 23 37 106 53 117 55 41 113 105 120 87 50 109 97 10 19 104
    45 106 36 94 122 25 72 1 48 104 41 100 121 107 114 18 25 108 38 85
    126 78 10 51 11 80 39 74 61 1 49 37 73 21 80 26 54 15 127 20 35 73
    124 105 31 92 65 93 75 104 58 56 44 78 78 17 99 73 117 41 62 112 77
    83 6 65 27 97 19 79 19 115 2 98 49 99 24 122 14 41 64 69 51 50 7 70
    6 33 24 97 12 62 107 33 23 46 33 92 38 42 76 47 40 29 19 87 33 58 55
    107 35 109 77 34 64 88 84 42 99 4 66 108 31 88 6 53 51 50 33 70 107
    117 45 14 83 83 87 70 119 2 80 45 55 83 105 47 15 97 120 90 72 43 3
    43 124 62 116 88 3 62 28 56 39 56 21 30 70 61 94 77 127 46 28 70 18
    20 51 52 111 26 126 15 62 52 98 60 65 85 114 126 82 64 83 34 117 71
    108 71 43 97 21 107 0 29 66 1 35 119 36 90 92 62 43 44 45 123 41 100
    25 97 118 35 63 119 37 72 97 50 78 30 18 81 3 67 75 3 127 56 86 30
    82 62 123 21 96 47 8 21 99 43 25 58 105 34 54 74 78 110 111 10 11
    125 1 79 18 126 16 116 18 5 31 76 76 17 70 25 46 77 68 14 47 109 88
    36 37 117 47 14 10 12 6 110 96 32 61 5 28 43 89 54 12 56 68 9 88 88
    35 16 114 47 2 38 72 73 36 51 36 56 90 38 60 106 53 124 27 13 60 104
    43 116 6 92 76 66 82 59 50 4 80 28 4 19 101 90 90 81 66 121 103 67
    96 32 53 110 25 31 54 69 94 62 43 35 59 45 92 97 117 47 55 94 60 0
    54 110 15 86 38 13 16 22 37 19 6 40 1 100 113 46 67 104 73 19 3 2 91
    15 75 78 107 114 87 3 81 114 106 14 87 11 96 41 56 99 8 25 34 109 22
    17 99 96 102 90 57 56 6 113 114 113 90 87 46 62 96 76 110 22 86 28
    21 48 94 27 5 60 62 25 88 109 23 106 92 46 35 22 2 122 78 109 108
    112 2 70 5 113 68 99 124 43 1 118 51 4 36 72 69 19 80 67 60 2 37 34
    103 53 121 20 56 10 121 103 80 62 34 82 10 17 18 42 123 65 56 110 5
    11 22 125 29 44 109 6 78 99 67 27 116 5 36 75 10 64 50 6 110 44 47
    22 57 121 26 33 122 41 24 88 42 87 114 27 122 11 16 63 124 103 5 100
    75 39 102 88 102 46 80 78 17 64 19 71 82 73 89 18 28 84 40 80 82 85
    110 76 67 35 87 96 3 74 68 81 3 8 73 99 98 18 81 33 76 69 126 75 58
    100 116 102 78 10 110 89 61 81 7 90 44 48 20 120 94 98 13 3 99 124
    90 91 112 126 35 55 120 12 37 40 89 111 118 16 103 111 86 10 54 31
    120 104 104 102 69 48 71 43 7 51 111 38 109 15 100 125 109 126 124
    87 39 51 95 15 23 85 111 34 10 17 115 96 97 54 12 72 31 33 21 102
    114 24 83 110 92 124 21 27 54 92 10 4 89 6 84 22 12 98 51 92 64 1 9
    1 113 26 80 78 108 86 38 9 9 65 113 22 98 63 119 10 100 87 44 38 102
    82 69 15 83 18 49 40 58 95 56 10 86 72 121 79 61 85 69 46 62 59 114
    79 22 29 86 101 58 40 54 58 40 31 51 53 24 102 35 29 118 28 14 62 81
    14 123 124 92 24 25 96 57 48 110 44 42 13 97 34 119 33 0 74 49 93 72
    103 31 56 84 102 19 119 67 77 108 108 22 52 22 46 115 0 98 14 109 14
    44 71 92 55 18 4 114 15 120 88 32 93 96 116 23 59 40 102 44 49 61
    113 16 89 121 83 34 51 68 86 96 91 64 20 113 31 38 52 113 22 52 17
    37 65 105 83 118 51 74 61 54 21 12 52 61 102 19 29 56 77 72 77 18 70
    38 93 100 127 114 106 67 0 3 81 127 51 32 82 71 28 45 80 14 110 33
    115 93 96 11 101 53 62 62 78 38 73 86 119 119 108 56 113 6 97 45 92
    31 79 70 26 85 121 93 72 70 7 20 67 70 88 53 20 123 85 26 50 73 71
    24 22 43 33 98 84 117 59 75 88 85 88 96 41 106 99 67 102 111 38 110
    15 33 85 66 21 75 61 20 118 119 29 53 112 80 127 71 24 70 39 56 127
    65 50 66 61 31 4 24 37 53 68 99 86 32 61 114 40 46 8 21 110 98 71 12
    91 35 77 115 57 73 51 19 99 123 68 62 95 65 48 99 98 94 13 18 8 101
    9 59 33 119 32 117 29 67 99 67 88 0 93 51 39 58 23 93 57 44 127 12
    125 35 122 27 96 59 49 79 4 99 67 85 110 60 101 19 119 106 15 42 32
    68 47 73 39 52 118 17 41 39 86 73 120 55 8 31 100 85 24 54 89 75 95
    94 106 117 102 33 25 117 33 90 97 118 70 76 116 89 78 48 70 81 70 94
    14 59 59 100 69 0 32 71 116 3 4 119 96 63 48 82 33 44 63 6 92 69 122
    76 84 57 107 121 38 33 103 76 2 27 22 121 70 89 53 71 93 25 110 76
    121 100 13 93 21 78 119 43 116 97 97 64 11 33 49 100 90 0 118 109 97
    56 13 21 54 65 82 49 32 115 34 50 112 100 13 77 75 55 47 70 122 100
    12 60 63 107 61 109 21 36 113 120 56 66 30 75 107 120 121 31 92 53
    83 25 31 61 8 16 100 23 119 77 38 37 92 124 65 4 61 94 3 51 112 22 9
    102 92 67 53 105 97 20 83 77 12 20 6 58 55 64 62 19 0 9 22 87 74 7
    125 59 106 116 10 28 125 21 83 52 75 22 79 69 113 3 13 84 27 56 88
    106 77 44 71 13 54 82 45 21 96 38 91 37 19 19 44 61 4 118 27 41 38 0
    4 101 42 27 105 127 94 98 11 19 119 43 45 29 110 22 1 72 74 107 74
    67 16 126 15 115 13 16 98 21 72 121 34 15 18 1 103 112 90 115 39 120
    104 30 107 111 1 101 67 72 18 45 1 83 55 104 44 36 105 89 48 7 77 51
    21 40 110 25 104 30 57 48 118 102 67 3 29 59 97 57 16 110 22 50 91
    48 38 29 51 50 40 39 8 23 113 31 28 29 73 56 6 74 126 102 101 30 80
    103 126 120 87 12 46 84 11 55 116 12 105 92 96 73 37 126 108 85 49
    61 72 117 93 23 97 94 16 107 40 86 70 72 113 56 108 1 34 112 119 59
    85 106 29 90 117 117 12 65 42 42 72 23 91 98 37 34 98 6 24 107 37 77
    40 83 74 61 11 49 51 42 47 125 72 7 65 32 113 33 24 31 74 79 72 48
    15 102 91 97 48 107 58 31 20 11 39 101 102 75 31 70 39 103 68 110 50
    102 42 99 4 24 58 98 118 78 88 36 81 126 107 93 24 1 16 54 8 69 48
    95 11 74 123 5 39 39 22 34 105 12 30 44 120 25 90 68 98 69 0 0 63
    127 98 18 21 102 48 90 66 48 94 125 27 109 43 40 33 48 113 37 88 86
    64 96 7 79 99 126 78 20 51 65 12 118 76 118 112 23 34 56 77 28 94 60
    4 37 78 34 24 83 53 97 73 57 99 68 69 86 116 11 50 79 10 23 100 19
    114 18 106 113 58 95 62 124 34 51 90 88 81 39 115 116 71 116 29 43
    61 104 52 14 34 4 96 12 84 70 34 82 10 34 8 127 87 57 23 123 5 55 45
    46 70 51 80 72 52 116 41 72 60 13 27 75 95 12 12 64 21 83 19 2 18 28
    122 49 60 75 17 7 108 79 127 74 23 95 35 13 83 48 42 41 93 82 33 120
    18 90 113 30 97 87 0 99 89 115 87 67 34 69 31 18 88 20 114 84 107 55
    15 111 70 37 95 87 83 99 9 29 22 127 67 68 114 15 124 37 59 40 50
    108 82 11 2 78 97 13 69 78 61 112 95 86 84 21 93 29 61 123 34 107 29
    122 48 95 20 29 123 81 119 25 31 124 63 118 14 96 0 41 68 110 70 106
    96 116 48 42 6 110 101 9 53 1 102 35 64 38 76 38 42 37 120 43 96 110
    15 90 121 100 44 76 75 119 55 36 121 35 33 92 24 14 9 1 80 21 90 56
    106 126 19 69 66 38 97 68 65 38 126 122 119 94 43 104 122 17 25 118
    115 124 98 50 127 50 25 37 61 120 31 87 90 102 109 59 68 47 74 118
    108 40 42 61 88 27 18 109 120 103 13 26 7 85 40 38 54 73 63 5 89 104
    64 76 46 58 93 127 96 3 7 51 6 64 104 91 70 92 75 87 102 72 3 34 2 5
    20 96 79 69 3 108 54 17 6 112 93 41 17 91 67 46 47 105 91 53 40 43
    77 2 30 34 27 34 15 20 122 71 7 7 27 53 104 35 115 124 49 107 77 62
    81 121 55 54 96 83 64 111 3 8 122 35 97 86 46 0 80 26 78 101 67 102
    22 35 10 93 123 74 39 96 78 6 121 119 49 73 76 18 8 84 82 34 18 79
    108 45 42 127 41 93 28 15 83 4 47 93 118 46 104 117 108 72 65 21 75
    73 28 116 102 16 36 59 94 65 35 48 3 83 117 48 90 118 31 126 94 49
    36 78 50 74 18 107 15 82 28 59 104 114 50 54 56 21 110 98 20 102 88
    73 38 111 35 61 83 35 116 10 1 66 4 35 104 70 105 22 103 95 96 76 78
    28 110 56 60 65 87 103 82 23 118 126 44 15 83 73 77 9 104 31 37 112
    91 81 7 97 51 107 127 53 37 6 24 54 126 104 108 119 104 30 73 50 44
    49 35 105 37 106 31 79 10 16 91 80 101 86 64 107 46 98 0 23 78 7 5
    126 66 0 6 85 91 113 20 64 96 82 76 22 127 4 81 55 71 64 121 91 42
    125 7 19 63 58 60 126 33 113 39 123 50 22 116 12 56 3 85 68 69 119
    30 116 71 31 69 22 88 115 21 91 47 81 83 64 60 91 42 23 24 62 102
    109 7 76 51 65 60 34 4 102 84 102 26 55 64 12 85 1 73 68 12 70 38 35
    86 38 115 34 9 42 69 19 72 103 106 126 35 85 37 6 90 10 54 49 47 102
    111 106 0 85 90 107 53 74 115 68 0 79 38 102 108 88 104 6 100 68 26
    54 6 32 72 5 24 59 69 50 23 18 50 9 39 79 123 33 110 116 117 123 101
    86 93 103 8 119 70 98 23 67 51 87 51 74 13 18 118 96 4 124 113 16 37
    86 10 70 101 96 105 4 47 91 75 61 92 110 62 37 43 22 99 65 15 9 118
    114 16 35 87 83 17 17 56 81 114 120 106 87 107 8 41 123 24 80 17 57
    92 89 28 91 56 24 33 91 122 31 74 105 37 63 76 96 60 116 54 9 64 73
    11 81 45 38 42 104 122 23 105 124 57 89 106 45 18 37 11 98 51 0 11 0
    71 36 116 103 126 38 17 47 98 49 47 7 58 61 101 30 32 4 54 108 93 86
    95 90 74 39 22 90 81 53 53 106 58 126 29 86 62 97 96 25 108 93 116
    53 40 103 41 110 20 77 125 67 7 83 23 8 4 13 103 31 17 36 100 47 77
    72 30 11 31 120 8 59 51 105 95 92 117 76 98 38 52 58 102 1 36 34 54
    19 48 116 41 37 84 72 126 42 28 80 79 38 123 108 41 43 64 36 46 88
    41 32 31 54 125 70 115 111 67 83 38 70 58 64 21 52 77 16 37 35 23
    107 107 83 9 93 121 13 78 89 10 53 93 16 101 73 50 72 79 27 100 14
    76 86 31 35 110 110 111 13 96 13 93 29 85 108 122 42 46 55 104 112
    27 43 104 127 41 33 57 64 106 74 81 119 98 118 113 10 108 30 42 125
    125 112 29 84 41 61 31 57 121 24 62 55 95 41 70 119 95 76 44 55 56
    106 114 61 11 98 11 21 20 118 116 89 53 71 47 62 16 18 122 7 78 73
    29 42 0 84 20 71 35 16 35 46 20 71 121 84 55 57 48 95 54 13 40 94 86
    48 123 104 17 117 79 22 91 14 55 19 71 110 91 76 47 13 114 86 103 75
    43 62 110 39 7 86 12 106 98 32 58 53 90 96 118 46 105 60 70 50 67
    123 77 4 19 13 60 44 95 1 118 104 96 103 111 113 39 89 114 125 42
    105 87 102 97 6 99 42 19 100 116 23 7 124 34 27 112 28 76 0 89 94 38
    40 91 110 94 119 110 78 81 38 86 121 33 98 95 22 95 107 66 119 26 49
    81 21 85 121 103 69 62 57 50 53 29 112 73 23 44 30 73 4 55 54 107 21
    7 77 14 65 23 15 124 17 90 36 63 2 106 65 82 84 68 124 23 1 101 109
    74 7 59 49 114 35 7 34 28 14 25 11 87 61 4 126 52 52 60 27 60 122 63
    92 96 12 36 76 75 68 19 107 64 36 25 21 42 37 49 92 28 70 27 54 123
    124 120 104 15 100 66 75 63 126 109 92 47 12 54 9 46 105 37 87 72 37
    101 12 69 76 56 86 0 55 49 81 74 45 127 103 127 75 32 47 72 101 68
    116 29 70 120 46 93 33 96 61 30 74 27 18 22 118 78 112 20 97 1 77 29
    120 104 59 79 79 87 47 85 47 29 99 115 10 123 42 49 4 21 102 97 6 8
    20 37 24 123 28 118 125 94 56 125 122 16 91 23 27 112 102 14 72 110
    34 8 99 19 41 20 87 31 43 125 23 94 25 112 108 4 15 71 32 114 57 102
    88 122 90 47 47 124 119 103 68 57 0 88 50 8 103 2 4 47 7 89 93 74 70
    58 26 53 11 3 52 72 15 19 22 42 69 1 21 95 54 87 59 90 28 74 10 77
    60 58 24 100 75 38 35 88 35 61 57 53 12 30 67 28 97 40 36 21 117 23
    83 3 104 31 115 71 88 17 18 79 7 12 87 93 33 120 68 122 44 59 17 64
    59 110 114 80 44 100 20 62 28 1 1 18 81 49 96 90 33 83 107 56 84 69
    107 26 59 71 15 79 72 96 104 123 0 77 4 59 80 47 84 56 105 44 2 86
    72 41 6 49 83 0 6 90 83 57 10 83 120 109 74 18 14 69 77 50 33 112 57
    20 43 42 82 98 113 18 104 11 38 10 126 63 5 111 25 101 105 51 54 54
    55 109 18 38 100 42 102 76 75 104 5 110 55 46 108 82 97 42 79 32 23
    17 103 23 33 101 77 1 68 17 72 63 127 18 30 38 12 4 73 67 91 49 35
    61 123 53 58 15 32 2 127 39 75 84 61 94 57 116 18 64 12 81 20 86 21
    44 57 58 66 82 113 24 5 60 66 73 59 83 12 79 74 48 86 70 84 40 21 24
    46 79 31 126 4 5 36 40 97 3 120 103 93 76 29 58 75 39 51 2 72 111 2
    28 113 75 45 77 35 113 105 48 38 17 84 108 20 27 51 117 2 68 65 107
    109 75 75 40 52 24 66 92 52 126 1 74 34 64 109 97 68 12 47 14 93 65
    1 89 98 55 116 50 100 85 19 113 41 27 6 74 116 82 32 72 82 37 77 17
    17 5 49 99 4 124 122 79 87 61 6 58 110 101 40 49 6 55 69 124 74 24
    110 69 79 26 63 57 51 26 13 27 126 95 7 127 31 7 26 45 127 120 17 24
    55 51 69 13 125 44 19 97 42 24 58 122 35 77 71 93 88 23 70 72 29 61
    14 103 118 28 58 12 44 19 118 121 115 73 12 25 57 73 125 93 56 3 57
    15 27 77 105 9 29 42 39 104 16 88 70 6 118 92 116 89 123 68 58 54 76
    61 71 54 119 122 20 55 61 102 65 82 95 70 90 68 77 99 2 63 9 45 103
    76 127 44 121 66 92 11 27 13 10 122 14 86 67 70 63 91 101 83 103 97
    53 2 60 118 120 80 104 101 118 40 50 110 42 50 28 9 117 65 82 49 39
    17 71 58 116 69 81 115 46 94 78 112 82 110 64 90 45 68 122 74 52 112
    56 104 127 23 110 70 95 52 89 54 117 18 59 106 74 9 21 67 8 126 40
    88 66 34 10 113 89 103 96 9 105 116 95 54 19 93 50 34 42 108 19 37
    10 54 27 27 29 21 92 58 97 109 79 123 76 17 16 117 79 57 61 85 103
    114 4 71 58 106 66 18 124 70 108 0 96 98 86 27 119 114 116 52 127 71
    105 62 73 57 19 30 88 9 96 46 3 72 75 30 112 34 45 62 20 104 32 122
    4 60 91 57 11 88 2 116 4 104 37 26 100 32 92 10 44 70 18 127 120 49
    58 45 36 29 42 100 119 61 30 107 126 9 15 74 85 111 90 84 127 82 35
    102 48 90 12 30 33 70 87 9 5 8 75 38 89 23 82 98 55 31 70 100 38 9
    85 12 102 80 41 32 44 55 26 51 9 123 50 67 38 4 119 3 61 19 105 114
    94 81 61 63 15 84 16 53 41 73 91 41 53 94 62 41 59 44 81 11 18 126
    106 53 13 5 40 24 80 62 49 26 105 117 116 80 5 3 95 9 107 28 65 46
    66 7 25 89 38 87 19 51 87 57 81 19 15 26 22 97 70 110 15 50 76 38
    113 11 23 110 80 62 102 82 29 39 95 79 43 95 7 32 3 78 82 31 55 30
    123 104 70 16 104 57 89 84 103 50 15 66 107 67 108 71 105 24 104 125
    2 114 104 71 10 68 119 124 119 127 46 102 102 40 56 75 71 43 34 122
    121 95 82 0 113 11 127 61 30 34 126 86 6 13 68 12 27 16 57 68 43 63
    85 51 84 65 127 110 80 84 52 94 25 90 125 21 127 107 15 44 105 67 99
    60 25 71 39 102 55 65 20 109 82 42 77 111 12 4 7 20 5 78 93 55 60
    111 78 42 111 83 40 50 122 117 79 122 66 19 0 103 62 9 76 54 35 14
    97 18 43 100 92 36 123 25 69 61 118 50 72 127 33 101 105 91 96 74 71
    97 91 22 30 38 124 8 45 84 71 90 5 20 85 24 102 80 9 72 86 4 44 81
    62 22 11 11 45 54 52 102 32 81 24 121 113 59 111 47 45 98 100 58 45
    57 118 8 46 13 62 16 60 18 62 73 70 14 53 96 79 1 84 97 53 3 42 47
    79 76 36 100 104 22 64 34 0 96 44 101 104 112 19 16 68 88 64 12 15
    69 73 37 94 52 118 47 85 56 37 45 50 117 42 16 88 69 12 5 94 4 78
    118 127 72 68 41 127 35 0 41 68 122 2 75 65 119 91 2 34 123 66 93 99
    34 99 80 104 64 43 4 0 91 68 76 88 28 104 4 16 107 73 37 63 35 73 82
    45 79 119 120 106 93 83 97 124 49 118 76 3 117 123 42 85 43 44 59 80
    124 52 12 99 109 85 68 15 105 91 74 84 48 41 24 118 8 101 7 107 15 1
    121 71 85 47 66 123 24 63 31 94 99 98 63 32 20 57 90 99 88 127 119
    117 17 84 10 119 56 2 35 109 89 53 113 12 119 112 78 56 32 38 104 9
    78 124 110 111 22 16 2 102 71 25 19 22 81 51 105 34 100 80 1 11 36
    17 113 12 48 105 97 121 81 31 41 121 44 29 13 28 95 75 62 28 50 7
    123 124 59 44 25 98 99 44 77 20 98 104 1 41 122 95 59 11 61 31 89 88
    86 82 72 94 110 6 78 43 87 100 39 95 71 127 63 72 27 34 119 13 69
    127 94 62 17 2 116 99 118 37 48 26 85 108 121 63 110 7 20 61 0 77
    122 20 93 10 122 107 113 60 37 75 54 24 50 104 51 35 45 81 54 27 28
    68 94 115 69 11 30 15 3 52 7 113 108 60 33 68 55 24 16 65 84 73 74
    99 91 18 55 101 69 117 114 3 1 78 33 28 38 93 50 85 70 61 67 88 37
    122 93 123 27 15 21 57 78 65 113 109 72 18 8 13 125 48 87 76 81 108
    59 107 78 12 45 76 103 94 47 101 5 60 100 46 112 56 122 18 34 32 87
    44 59 19 66 9 94 64 37 122 86 74 113 29 40 52 25 40 7 49 63 89 81 19
    5 108 60 105 91 20 107 76 26 97 27 119 93 86 113 106 37 13 13 27 1
    76 56 55 38 4 50 98 121 62 26 102 48 50 0 54 87 63 115 61 22 97 28
    88 119 37 40 90 69 79 127 55 18 81 86 57 122 88 42 9 86 112 3 32 91
    11 34 68 60 101 95 60 98 35 105 93 87 33 116 46 48 109 107 16 57 89
    126 12 107 92 53 50 12 50 22 39 10 62 19 15 22 38 59 30 7 99 72 29
    12 15 0 52 44 77 125 30 32 77 75 23 87 36 81 28 45 121 88 77 25 18
    117 62 21 109 94 91 115 67 82 83 97 98 83 108 78 82 38 25 68 123 16
    7 13 118 116 42 7 123 110 3 102 125 118 51 43 62 62 41 104 54 118 6
    47 86 68 121 120 123 34 15 23 21 52 5 90 94 11 22 24 92 83 0 70 91
    89 99 73 74 112 55 105 28 7 121 92 15 42 2 50 58 58 100 37 101 101 4
    14 42 4 45 79 91 39 125 104 121 22 122 117 101 22 49 37 12 29 40 93
    85 96 30 50 13 47 50 77 81 52 43 31 72 107 8 93 75 28 121 126 62 31
    43 18 94 119 88 61 21 0 52 111 72 86 10 95 8 114 37 112 8 107 3 86 3
    127 99 100 61 91 84 8 114 60 66 45 116 104 61 108 55 112 104 95 0 22
    38 12 83 95 89 71 66 103 52 117 86 110 27 72 66 8 52 3 61 71 27 78
    14 64 91 61 47 83 56 37 98 32 107 120 49 35 15 96 13 7 9 104 83 13
    15 109 43 32 63 77 41 29 108 15 98 28 76 53 35 21 60 85 3 102 77 96
    95 42 51 84 120 106 124 51 3 124 109 54 103 73 29 103 73 107 72 99
    20 4 102 102 41 120 15 81 66 59 122 4 75 23 96 23 121 65 98 77 73 91
    72 16 97 36 34 29 10 101 93 111 79 81 64 61 10 121 3 54 52 67 108 41
    65 74 5 77 33 72 18 121 3 102 107 6 43 34 107 110 11 25 102 121 74 0
    39 77 11 57 63 112 41 21 99 36 38 85 127 72 22 50 42 123 113 21 87
    12 47 63 66 44 108 12 14 126 16 52 122 103 56 88 49 24 114 108 70 98
    29 66 102 32 87 118 0 67 123 44 111 32 28 5 105 25 29 120 65 110 15
    17 124 54 8 126 41 61 120 104 122 8 90 42 88 46 114 113 77 13 82 61
    49 33 2 62 88 24 17 25 27 107 15 53 61 54 26 88 77 21 19 53 22 86 15
    63 58 49 101 19 90 9 59 15 79 82 124 121 22 108 10 88 80 59 109 92
    44 119 100 118 113 96 46 24 127 28 107 44 91 122 53 103 48 65 17 69
    0 42 103 78 80 25 109 51 54 108 113 89 92 13 38 84 61 65 53 102 113
    39 7 10 67 40 42 14 74 51 15 104 17 19 92 83 10 116 66 65 23 10 96
    80 32 41 107 24 98 25 8 78 2 118 62 16 86 13 65 70 39 107 30 69 114
    74 91 24 82 96 11 67 54 118 52 17 73 77 49 31 33 116 114 22 97 126
    16 110 81 7 90 43 14 37 36 101 97 107 54 70 58 117 57 17 15 110 11
    51 43 88 7 75 45 100 120 8 87 84 19 7 91 92 35 4 18 98 86 68 48 104
    16 124 97 93 49 60 111 106 101 124 55 84 0 39 88 82 15 65 95 89 108
    87 61 74 63 27 36 57 121 114 66 82 25 105 62 35 13 58 86 58 35 73 82
    81 9 12 83 77 15 122 29 77 57 43 62 28 92 2 33 107 50 26 17 16 107
    94 46 44 41 61 61 83 99 54 123 16 8 6 18 24 9 19 30 104 71 114 51 45
    106 7 72 40 85 29 58 74 117 114 60 73 82 0 103 57 111 28 42 122 53
    63 112 105 58 2 86 99 105 97 110 102 92 10 124 14 93 72 9 106 104 7
    72 48 120 65 24 55 73 99 66 65 52 114 50 49 73 11 60 89 14 53 98 104
    125 16 112 127 90 46 19 47 44 87 99 85 19 95 98 34 90 16 23 58 114
    97 106 89 18 81 11 97 92 88 31 4 119 55 72 55 96 46 15 63 117 49 63
    122 82 31 5 120 117 107 14 120 63 82 29 35 65 23 1 30 41 82 53 103 6
    67 91 79 98 92 97 105 56 50 71 93 106 57 80 97 60 26 1 50 49 92 36
    34 19 51 117 10 87 51 66 8 21 98 122 102 65 119 48 116 78 58 97 124
    115 46 108 32 38 116 63 22 75 61 80 110 98 49 122 38 38 22 71 95 73
    40 33 32 96 19 87 14 99 43 126 64 80 57 71 15 36 95 44 125 98 33 4 1
    89 101 104 16 86 29 41 50 74 111 83 16 87 109 124 120 43 74 20 51 82
    107 27 6 107 49 73 98 65 98 62 45 23 101 93 106 39 76 98 27 72 126 3
    7 21 25 95 65 17 11 53 45 68 78 109 55 107 110 32 116 45 32 95 112
    116 39 37 66 73 50 90 36 110 12 20 37 74 29 58 17 55 20 25 1 80 109
    42 62 110 66 52 111 78 28 22 51 77 36 40 26 36 122 110 22 96 47 116
    65 108 19 110 95 57 26 120 116 67 43 51 35 36 123 77 90 93 86 113
    110 32 24 26 40 91 72 32 31 94 107 37 81 119 92 30 17 22 76 61 14 36
    30 90 19 6 29 89 37 61 62 73 69 51 107 118 49 31 60 35 98 83 77 56
    126 80 49 95 34 57 95 48 101 108 84 100 67 82 22 70 110 17 23 25 106
    78 46 59 63 106 45 127 8 39 116 69 112 109 58 20 33 79 9 70 34 114
    51 90 99 45 68 7 80 13 90 50 98 36 51 52 90 6 8 28 92 38 55 74 62
    106 80 28 52 64 70 4 0 36 85 79 72 50 4 103 6 19 116 104 39 112 100
    13 63 102 97 117 34 44 44 81 21 24 29 45 121 116 11 104 76 101 90 94
    45 86 123 55 31 52 54 5 8 112 88 110 122 96 78 11 100 36 60 107 90
    31 32 5 101 42 81 10 49 26 105 76 73 122 25 54 84 94 89 72 72 17 109
    123 73 126 82 75 96 6 100 64 58 71 87 46 43 95 70 2 23 100 72 95 102
    6 108 84 63 107 99 118 21 64 103 117 41 96 74 74 84 80 4 3 45 49 110
    59 127 95 78 36 58 0 0 125 83 43 45 64 82 61 40 4 35 119 8 76 105
    102 98 73 36 80 41 78 94 57 69 26 8 24 4 23 55 76 55 95 5 9 121 63
    42 19 117 90 107 71 122 117 63 27 115 37 80 117 117 40 86 77 117 3
    16 21 99 3 118 86 27 70 104 44 38 60 121 103 58 19 31 11 52 96 118
    25 105 90 22 2 117 67 16 33 73 91 43 54 30 57 6 54 113 16 90 83 51
    112 50 79 6 35 106 14 124 90 27 9 74 1 65 56 26 8 17 96 11 119 94 60
    84 85 73 11 7 21 52 21 126 10 122 37 117 9 59 47 96 32 80 83 8 25 97
    127 33 9 12 92 56 111 122 63 55 117 12 34 98 72 100 4 30 62 65 38 76
    118 12 100 33 99 95 110 119 22 48 113 90 38 19 99 25 64 74 117 95 23
    55 75 34 68 1 74 65 0 5 122 120 55 68 89 49 116 70 87 117 45 78 14
    65 19 51 84 121 43 6 35 88 31 23 127 80 7 33 1 94 72 43 21 83 121 29
    66 76 126 11 4 117 64 77 51 126 6 37 31 106 36 50 100 28 53 42 95 21
    70 61 34 43 111 115 45 5 75 73 20 24 67 73 25 0 109 103 94 32 30 105
    113 30 64 96 43 58 51 10 49 16 59 39 78 60 4 93 113 115 62 9 51 37
    51 58 70 118 106 92 48 70 66 61 8 5 0 114 114 92 35 79 29 17 56 99 7
    114 0 69 5 16 67 108 73 102 71 3 94 124 80 64 112 125 41 83 61 64 60
    8 69 98 94 8 16 111 94 51 106 54 86 22 47 31 107 120 104 113 125 33
    14 10 59 112 115 117 111 51 1 89 9 12 119 46 101 39 89 21 50 9 30 7
    81 94 109 76 51 94 25 46 124 121 107 74 78 94 10 88 30 17 97 45 73
    79 1 61 51 107 1 29 12 27 6 84 17 102 116 45 18 25 79 100 38 71 24
    106 57 16 23 115 125 18 18 7 77 107 106 124 71 95 34 47 61 101 111 8
    55 85 11 102 7 77 110 66 25 40 101 96 35 41 8 112 55 29 82 31 121 10
    51 17 127 46 86 0 119 84 30 51 90 54 67 108 71 78 47 77 44 60 47 64
    19 4 32 77 25 42 117 92 68 26 108 75 65 14 24 67 23 101 50 49 71 103
    118 114 36 48 94 37 23 42 66 11 99 90 98 1 25 79 21 127 29 46 6 97
    43 37 40 112 54 51 29 74 52 44 49 93 77 21 48 103 82 36 61 113 69 98
    41 91 115 32 54 33 33 108 14 28 23 123 6 46 46 82 15 78 67 122 112
    107 56 12 0 46 49 83 100 81 97 117 20 101 48 30 29 7 108 59 87 43
    125 10 93 51 51 51 81 37 62 96 112 16 40 121 95 79 29 68 17 125 6 82
    59 52 96 110 28 20 50 118 13 41 94 74 43 28 53 72 50 120 38 64 112 0
    2 126 58 46 86 39 107 96 53 108 21 127 85 108 106 53 17 83 57 112 77
    113 116 43 55 92 112 66 19 65 90 93 19 94 107 57 78 49 66 50 3 118
    57 75 57 88 18 29 103 68 79 118 113 24 18 5 43 19 4 115 24 119 46
    119 56 50 28 63 72 68 97 36 39 65 59 85 101 45 3 101 116 40 2 86 49
    90 8 4 101 92 42 101 37 19 71 33 90 113 4 103 18 6 63 20 41 84 62
    120 83 53 57 5 119 39 48 108 105 125 79 120 11 35 122 106 7 107 55
    82 29 64 39 38 72 116 85 12 46 45 83 43 114 58 82 99 15 46 24 0 48
    39 100 70 27 11 42 68 24 42 41 102 55 41 23 29 103 96 68 58 53 89 3
    7 121 83 81 72 0 36 10 71 49 107 68 34 97 9 24 27 89 32 43 71 44 3
    44 94 97 42 69 101 86 112 104 35 66 103 8 74 115 45 123 82 13 84 124
    108 98 11 11 104 81 42 93 82 123 66 34 34 25 6 1 5 1 17 88 16 30 77
    78 125 36 48 115 25 47 1 74 88 39 34 78 82 87 20 122 42 95 30 93 41
    4 49 116 79 48 9 19 39 103 120 67 111 63 93 69 81 13 7 44 29 48 108
    21 123 120 92 29 38 53 13 103 77 31 100 39 78 116 23 72 18 66 106
    107 90 56 11 116 94 60 97 34 12 3 32 110 97 73 84 49 107 76 2 23 20
    64 0 20 117 78 56 114 63 29 60 45 84 118 26 82 22 43 80 27 68 39 88
    2 2 98 7 115 56 75 69 5 117 113 117 5 86 56 90 106 72 26 123 19 14
    104 110 126 13 101 53 46 6 106 28 23 119 65 19 29 120 120 118 102
    106 68 13 79 36 82 29 70 53 51 27 23 125 121 55 66 82 126 30 63 93
    30 60 41 28 119 92 79 111 14 14 37 78 51 104 73 4 21 6 126 107 51 89
    58 120 27 105 65 43 9 46 65 68 34 9 34 17 100 61 15 121 24 27 93 71
    0 70 9 44 119 57 35 4 25 66 23 22 59 6 85 50 109 98 126 108 81 1 71
    76 60 95 62 64 23 25 127 122 92 52 37 89 98 48 29 88 55 24 14 28 28
    112 24 112 0 125 7 39 51 33 118 78 94 61 118 117 66 29 17 70 22 125
    69 34 92 31 19 69 120 109 18 99 76 107 13 120 23 77 29 22 56 79 40
    104 89 114 65 74 16 108 5 68 93 101 67 60 116 5 51 109 118 21 50 109
    55 38 6 118 80 109 109 27 3 8 98 19 96 19 95 34 40 87 69 38 88 29 68
    67 62 10 29 104 117 87 98 62 103 19 111 112 107 27 80 86 37 50 57 97
    115 11 10 106 71 24 11 76 1 18 63 103 58 92 14 74 81 95 62 52 50 80
    65 52 39 117 58 125 33 12 1 124 61 96 123 81 11 54 126 122 89 48 64
    50 21 8 18 126 97 21 107 11 80 8 24 66 64 1 10 115 9 114 55 107 12
    78 40 90 71 68 78 6 83 43 1 35 109 126 41 55 43 96 77 59 84 62 123
    105 32 102 101 89 114 127 30 110 17 32 15 14 15 118 67 78 126 43 25
    73 43 45 106 119 106 14 58 120 11 23 54 91 99 73 82 117 105 35 26 87
    86 119 35 127 76 5 0 126 30 34 92 119 65 125 41 91 31 123 122 126 53
    53 27 32 24 43 80 54 80 27 40 108 106 62 47 0 34 99 64 88 127 7 10
    92 27 30 37 96 9 77 29 7 11 96 94 38 5 44 32 117 0 102 88 4 5 84 26
    103 35 18 36 100 83 24 37 77 14 74 21 65 23 15 15 40 43 53 55 82 32
    55 92 74 115 127 51 17 92 100 84 36 26 118 14 36 102 61 43 5 26 25
    27 120 40 106 3 91 31 28 49 89 76 68 0 19 111 106 111 62 24 49 110
    114 31 73 98 84 72 110 103 99 124 116 96 68 60 126 94 86 50 29 17 94
    110 24 36 58 47 93 37 41 102 95 16 57 95 14 13 56 13 102 73 55 115 6
    104 45 36 82 20 49 87 87 23 55 27 18 86 81 89 103 32 104 38 127 51
    46 88 86 1 60 95 12 7 60 61 45 65 13 115 8 72 99 82 6 93 120 87 115
    59 93 27 64 46 61 3 81 70 11 70 71 36 58 19 99 31 50 53 71 79 112
    124 101 100 27 123 43 69 16 26 110 85 93 37 9 69 44 111 90 116 92 85
    2 20 43 81 23 120 6 81 106 24 48 75 107 70 127 59 97 82 114 80 88 71
    26 35 32 42 104 33 111 97 28 99 80 107 49 32 5 74 59 89 101 39 100
    24 67 37 57 47 94 36 30 106 59 6 1 75 30 5 101 33 75 126 56 26 44 67
    2 56 29 97 8 34 10 14 85 75 100 21 56 77 52 10 32 33 115 43 49 120
    16 110 86 19 126 6 32 15 30 77 38 99 86 15 3 123 48 85 47 65 47 76
    100 71 63 91 126 108 99 23 66 120 86 42 87 1 110 50 15 119 126 30 68
    34 65 62 107 105 111 93 74 35 5 99 53 66 123 53 2 57 46 22 94 84 84
    101 96 28 52 40 15 0 106 72 24 112 45 82 57 117 101 17 112 42 35 76
    84 48 51 21 0 74 54 100 116 12 25 84 7 101 55 33 87 95 47 78 60 66
    92 116 114 87 105 115 8 85 0 69 26 60 103 107 48 5 108 45 92 127 94
    96 116 17 29 115 114 119 24 23 45 24 116 29 115 117 127 95 50 114
    112 22 57 16 41 21 81 38 47 50 75 88 83 125 49 60 42 97 22 64 41 16
    77 41 40 5 127 95 90 44 90 56 91 110 67 91 86 29 123 94 124 110 77
    46 34 36 57 58 112 10 43 0 120 52 14 12 118 104 96 114 107 67 0 82
    16 11 116 47 16 0 23 17 99 9 0 62 56 91 53 101 107 77 26 82 118 89
    66 25 11 70 42 22 83 56 66 84 70 14 101 65 99 72 25 30 42 85 112 11
    35 53 120 38 34 104 32 41 119 7 7 39 11 22 42 81 25 24 111 2 105 71
    37 54 12 63 120 43 18 65 60 98 125 93 27 115 101 93 94 9 72 55 76 80
    66 62 95 86 70 121 8 115 6 119 109 18 111 87 116 19 59 36 47 12 74
    61 66 11 109 46 81 100 0 61 121 92 67 98 81 52 115 75 40 21 39 8 106
    66 87 45 26 28 72 106 48 55 41 81 45 53 111 25 117 32 48 46 111 56 8
    10 84 2 19 125 45 88 88 85 21 114 63 17 33 121 38 111 29 107 80 17
    36 85 46 120 69 114 25 82 46 70 53 124 54 39 85 62 117 24 85 72 33
    37 59 43 53 48 33 66 114 15 12 124 62 4 65 50 41 38 60 101 125 19 10
    5 8 65 120 95 86 117 79 126 99 126 106 85 113 126 19 38 72 20 77 38
    43 64 27 45 29 74 26 100 120 94 48 21 101 47 83 10 67 90 77 118 32
    66 13 50 48 79 48 4 102 49 120 7 103 90 35 98 84 43 37 97 39 108 93
    47 55 99 119 98 106 5 50 59 8 90 26 13 69 57 60 6 23 50 102 91 110
    15 100 6 118 116 56 89 121 78 124 2 21 32 0 9 101 105 125 42 59 38
    57 126 102 114 62 120 59 35 43 79 58 76 59 47 87 30 119 56 109 19 26
    105 37 28 111 25 37 77 60 38 27 24 66 94 30 22 65 39 102 2 2 18 84
    37 121 36 18 16 35 52 107 40 7 83 93 118 122 111 44 70 25 114 124 80
    96 94 2 40 94 30 17 30 42 116 40 28 26 32 31 80 11 43 44 41 75 105
    70 66 35 111 39 44 9 86 51 23 79 43 115 3 92 88 98 73 12 71 82 26
    118 119 74 65 20 92 120 68 25 85 48 51 32 88 116 24 99 85 89 42 39
    48 55 100 60 121 118 66 41 88 35 101 24 39 127 78 92 54 18 48 69 3
    80 84 108 96 45 48 46 113 28 112 80 53 103 127 85 116 14 33 71 114
    53 117 82 82 37 25 54 90 79 46 65 79 95 107 0 64 102 52 124 64 47 12
    105 51 115 67 55 4 6 26 106 109 110 107 124 95 63 62 70 25 106 69 11
    11 39 53 50 67 77 80 87 40 43 76 20 37 48 46 42 48 83 8 21 79 124 59
    93 0 96 13 122 84 76 91 7 76 91 114 4 91 108 114 81 125 124 57 119
    91 9 111 14 32 27 68 6 54 19 5 80 18 46 52 120 32 127 24 69 90 85 46
    101 115 43 28 5 11 60 5 106 59 72 68 62 71 44 63 71 37 119 66 65 38
    36 48 125 30 36 127 123 46 118 82 103 95 93 81 37 120 12 123 83 81
    69 121 1 36 8 33 30 20 23 108 117 116 79 26 42 108 113 74 45 116 32
    94 96 65 44 7 5 58 5 88 99 125 6 114 59 93 67 48 47 76 103 42 57 120
    94 71 44 106 85 0 92 122 33 99 57 98 104 42 91 18 14 23 111 53 74 46
    50 127 110 23 127 36 56 70 65 126 68 14 101 9 59 12 120 28 66 50 44
    62 50 43 85 60 51 105 64 25 85 107 110 16 13 13 12 0 32 20 88 39 97
    15 123 90 79 97 24 34 71 42 104 71 18 120 21 17 11 63 36 89 37 112
    49 61 30 4 6 106 40 5 99 19 41 65 54 29 37 69 103 68 84 78 107 106
    118 88 79 94 50 23 93 118 43 39 125 28 90 42 23 97 73 120 95 19 33
    105 97 19 31 71 12 124 56 69 53 84 76 73 7 38 104 90 48 31 101 7 110
    16 53 58 98 44 124 14 5 69 52 88 127 47 34 12 6 72 79 13 124 111 86
    112 102 100 105 113 109 59 27 85 43 121 43 78 1 4 124 74 15 85 17 76
    114 98 34 30 94 42 61 31 73 67 33 122 8 89 19 7 110 8 27 24 93 125
    109 47 67 10 54 90 87 31 20 63 91 47 121 52 65 39 33 45 96 97 40 5
    98 61 85 73 101 82 98 58 15 31 45 106 1 84 22 53 37 120 44 61 92 75
    127 3 52 65 69 104 100 118 28 1 74 6 113 66 37 105 116 38 16 14 94
    126 52 39 83 111 97 48 108 38 127 86 99 85 40 34 37 88 4 83 0 26 24
    19 25 121 31 67 124 121 58 103 16 110 90 113 85 86 85 49 41 102 15
    119 4 96 55 76 39 82 55 89 39 78 116 91 92 82 23 61 33 106 55 83 19
    28 18 127 98 64 33 61 87 61 37 4 76 3 89 44 46 80 30 73 45 35 54 42
    47 113 81 24 17 126 120 51 25 61 7 82 89 38 117 121 95 97 12 85 78
    77 34 98 38 15 58 84 21 109 32 45 21 76 103 75 111 50 20 70 79 71
    104 102 7 120 93 76 85 23 52 87 91 14 40 32 13 28 47 64 60 21 49 89
    35 47 35 65 37 3 108 79 24 88 6 93 125 87 88 82 125 69 19 46 10 39
    107 98 66 125 29 96 88 77 27 24 90 30 45 120 79 54 34 96 27 84 117 8
    25 77 44 66 103 11 104 39 8 53 43 66 99 87 97 112 24 108 37 99 43 83
    119 63 36 83 58 68 23 76 113 77 103 25 121 54 21 115 36 123 36 61 57
    104 51 115 116 52 35 44 87 55 107 19 37 123 127 32 70 29 87 102 123
    120 76 37 127 34 74 15 63 20 69 111 64 24 41 62 42 93 65 49 81 70 86
    63 96 55 117 34 109 90 42 62 102 96 94 122 46 35 11 49 109 3 7 26 50
    106 76 117 18 112 110 31 22 54 117 24 27 54 54 89 15 69 99 3 96 76
    109 21 54 57 56 27 104 74 104 125 48 34 119 23 117 22 77 23 103 120
    113 127 100 46 65 124 116 27 96 44 99 120 27 82 100 21 61 89 42 116
    21 46 103 18 83 90 93 16 6 81 121 109 15 47 60 34 124 27 51 63 121
    83 13 22 51 9 43 37 94 69 72 85 14 116 82 18 56 56 113 98 76 96 55
    127 49 81 18 75 98 17 42 37 90 4 73 111 108 64 11 73 17 15 94 81 107
    65 0 2 103 56 65 14 88 67 43 41 117 0 100 87 99 16 113 96 90 108 92
    66 11 41 4 95 35 32 57 7 59 121 23 44 70 51 4 118 53 17 71 113 107
    122 27 14 38 19 78 57 25 47 47 89 59 39 26 15 40 37 100 126 6 36 114
    66 115 41 111 27 1 63 73 11 38 84 19 88 105 64 73 26 111 44 54 97
    111 88 108 112 0 19 49 25 1 47 123 97 101 46 74 20 57 40 85 29 121
    36 67 106 44 31 32 17 98 104 79 120 46 81 49 25 6 99 36 90 95 53 86
    52 69 0 73 105 14 79 93 19 125 79 120 23 62 116 77 126 111 51 76 70
    17 20 123 47 18 72 66 109 105 69 32 96 124 20 105 41 8 114 116 26 42
    71 106 54 37 14 78 52 55 75 27 19 108 121 58 107 100 127 116 93 104
    93 25 122 126 46 112 39 105 15 27 54 79 66 27 111 63 110 61 107 105
    71 108 57 84 22 91 117 0 24 13 28 68 93 75 89 72 46 111 17 70 118 44
    35 50 109 108 46 71 51 1 94 88 48 47 82 67 97 16 71 119 66 117 121
    59 97 23 1 60 109 125 64 50 100 124 63 109 6 15 105 127 37 39 116 3
    38 41 85 3 84 46 112 3 100 30 56 4 10 126 100 114 28 5 11 96 123 85
    103 116 32 14 36 62 43 13 113 101 67 117 94 1 21 83 54 91 100 7 96
    16 99 126 120 113 44 110 84 80 11 114 96 118 53 3 117 114 25 19 123
    31 124 110 40 0 30 108 12 101 82 4 85 107 28 37 127 70 7 88 120 54
    74 119 115 92 96 15 125 36 49 75 60 26 89 64 0 112 78 86 60 32 75 52
    46 127 0 40 94 119 64 6 80 56 109 22 89 68 121 30 22 36 113 54 107
    70 36 81 57 92 115 8 113 0 99 96 59 49 56 78 16 35 57 30 8 93 75 4
    36 17 100 54 111 0 98 65 110 39 42 72 38 102 2 85 80 54 64 70 43 107
    34 72 125 59 31 31 102 121 108 82 8 75 36 25 1 54 121 61 52 2 109 70
    35 119 0 15 19 58 4 115 50 73 10 6 114 22 44 76 17 57 113 53 16 50
    93 122 19 61 99 83 9 7 37 41 97 42 63 104 120 6 65 59 67 92 0 5 29
    74 32 44 14 100 13 61 124 3 116 111 102 126 52 107 7 99 82 37 62 39
    87 13 55 61 39 23 120 9 96 75 54 2 102 64 19 43 56 27 108 125 30 54
    109 77 43 4 101 60 108 72 106 10 41 8 73 52 35 91 101 99 75 29 82 61
    75 18 98 27 19 69 33 127 50 12 15 115 62 55 3 56 121 100 113 2 58
    106 54 103 15 5 94 32 33 96 105 124 126 79 35 41 56 52 70 91 82 77
    109 25 15 119 88 19 58 39 10 4 88 116 25 4 49 9 11 108 47 76 37 106
    97 25 120 19 114 103 84 3 64 71 60 66 124 112 3 32 115 37 24 116 82
    95 101 30 8 55 66 94 15 75 107 51 90 87 81 19 93 48 20 19 63 116 77
    67 92 6 78 29 28 34 107 122 28 33 93 119 88 61 60 14 79 5 28 89 42
    63 97 58 88 15 38 26 88 33 2 74 101 47 52 27 52 104 126 57 116 42 64
    18 39 8 7 50 46 57 102 44 122 15 66 105 75 106 38 9 61 9 112 14 7 14
    81 75 102 19 38 96 68 97 87 48 86 23 28 87 80 0 123 33 6 91 17 77
    121 40 36 98 75 102 70 32 83 33 11 44 44 77 97 19 21 89 97 124 38 87
    91 10 50 1 93 40 52 60 18 126 81 9 116 8 16 50 0 17 123 92 86 105 64
    97 5 49 106 107 106 37 64 11 3 12 53 12 5 64 125 102 82 41 83 18 55
    64 33 44 93 14 16 56 25 47 14 86 53 17 69 99 49 13 37 31 42 25 17
    116 55 2 21 87 116 73 113 111 60 118 115 36 80 69 13 61 101 87 124
    105 75 13 51 74 5 79 51 19 89 16 16 74 72 85 20 109 115 55 125 68 76
    93 31 97 27 77 35 26 8 4 52 81 124 11 100 33 124 28 109 92 126 64 44
    17 37 11 31 45 113 98 121 10 79 1 49 88 19 27 32 70 48 55 112 69 120
    124 43 34 70 89 83 76 115 118 63 33 54 93 26 102 39 93 78 102 33 88
    77 97 106 41 68 14 83 84 117 124 117 16 112 114 77 20 15 126 27 25
    15 30 1 90 48 5 84 121 77 115 1 12 125 4 97 40 103 5 28 119 90 7 48
    64 57 58 94 12 55 19 74 4 35 90 90 94 94 96 45 113 16 84 125 109 65
    65 56 10 82 103 112 101 88 121 70 39 66 21 80 74 93 121 41 49 47 47
    0 51 34 99 52 58 29 117 103 101 102 65 10 78 114 112 28 78 11 115 41
    70 98 63 17 63 112 7 5 20 25 13 71 81 96 88 53 71 95 58 83 120 55 37
    93 14 108 68 59 127 118 11 100 105 106 85 15 13 81 124 23 44 61 123
    109 55 72 69 5 56 68 122 41 19 11 46 41 72 31 40 84 78 20 39 53 105
    92 0 50 39 18 111 93 119 10 40 91 82 43 50 102 40 21 101 82 111 100
    55 89 103 77 107 77 68 55 121 53 54 105 55 88 39 41 3 121 85 55 101
    7 26 92 58 86 105 63 72 109 8 125 3 45 104 8 32 42 119 68 94 1 121
    39 80 2 30 81 77 39 54 30 5 47 61 77 69 54 30 107 0 84 63 50 64 46
    81 13 29 47 90 74 45 123 80 54 0 48 69 10 34 74 116 99 37 61 55 51
    87 127 16 119 87 113 36 125 20 90 64 73 22 12 81 99 77 39 110 118 58
    24 98 94 122 63 35 11 55 92 26 105 64 71 56 117 40 61 30 29 27 52
    121 65 39 45 26 82 68 122 73 73 59 117 82 46 93 94 82 27 107 50 35
    101 111 104 55 113 77 114 18 37 66 33 73 55 54 16 8 53 104 49 46 5
    101 69 19 90 83 122 23 106 64 125 49 105 37 122 77 26 86 54 13 106
    111 41 9 91 14 59 55 95 91 121 10 87 4 86 94 118 38 59 87 44 119 97
    15 118 50 75 24 48 116 104 8 123 23 21 58 109 61 84 100 47 20 2 9 96
    106 67 58 108 2 34 15 107 73 119 43 69 39 96 55 127 59 50 6 73 112
    25 45 59 85 26 74 106 39 15 2 14 58 25 105 98 18 55 10 66 97 108 60
    9 102 79 74 31 34 52 124 43 118 62 11 107 28 38 82 23 30 4 69 68 121
    75 105 6 83 87 20 33 65 75 89 70 70 75 124 55 38 60 10 4 27 100 34
    17 22 100 31 125 62 26 36 46 53 59 115 94 60 103 83 4 57 60 14 6 69
    21 100 25 3 1 78 108 90 17 77 92 109 42 6 122 20 37 72 37 29 16 8 77
    59 124 7 120 101 95 41 28 73 18 93 92 93 53 81 58 24 22 117 97 42 70
    68 35 61 47 87 108 109 1 52 104 101 53 72 42 30 115 96 38 43 55 125
    117 73 111 86 127 17 47 37 69 84 127 31 62 122 112 126 53 25 73 84
    68 101 116 103 77 29 77 44 121 112 74 95 54 92 40 73 22 3 65 39 63
    42 100 39 86 8 114 7 77 91 15 29 88 67 21 97 57 92 99 18 62 77 109
    66 33 110 109 87 9 56 57 97 24 117 20 100 107 13 100 61 99 54 75 9
    63 64 51 70 93 5 98 33 68 53 20 58 49 59 44 81 113 56 4 62 92 117 0
    62 4 113 123 115 111 71 89 124 123 97 106 115 76 120 80 64 60 57 73
    76 22 3 69 109 118 111 71 86 17 60 55 116 59 42 92 123 62 100 88 68
    89 58 75 49 117 95 47 17 4 97 41 36 30 28 73 113 37 89 47 8 82 70 69
    87 97 90 4 126 111 19 58 34 55 31 3 103 35 108 65 37 8 107 20 123 49
    98 122 19 107 42 43 103 75 56 107 96 15 16 122 87 32 76 94 78 125 98
    1 61 90 71 51 40 91 15 24 0 85 108 70 27 125 60 67 79 109 126 91 92
    49 91 88 30 31 4 91 83 90 93 48 34 94 25 74 86 10 69 127 44 102 87
    124 26 25 125 8 79 84 94 44 39 66 119 60 105 90 42 87 32 122 105 72
    28 117 22 83 45 31 67 38 102 41 36 41 48 47 28 61 75 36 69 95 89 14
    69 99 126 12 13 99 93 99 115 58 96 4 17 120 55 99 118 50 52 1 40 62
    32 36 94 68 0 19 126 5 62 12 55 21 27 116 41 86 39 15 65 102 40 38
    18 47 116 0 78 47 77 75 10 46 40 80 115 22 18 74 30 82 60 59 8 94
    119 94 69 12 16 120 103 80 113 35 5 16 103 54 52 82 35 7 41 115 84
    65 98 123 5 108 115 102 10 17 73 4 20 55 64 49 109 58 103 101 29 9
    12 87 122 42 124 124 12 46 100 126 8 94 127 28 43 60 91 66 86 11 8
    114 69 8 108 65 19 42 40 69 34 89 116 61 63 91 22 58 9 119 62 34 56
    43 4 63 86 44 42 51 30 34 21 118 112 34 41 34 33 127 49 0 75 37 84
    13 9 21 91 28 41 58 86 120 124 94 119 101 76 70 10 40 115 1 43 94 83
    59 48 7 69 102 72 28 114 92 116 37 123 122 116 97 120 94 50 111 103
    103 91 126 21 97 92 106 100 112 121 24 8 8 34 0 62 115 117 73 66 40
    42 55 60 53 99 107 97 21 90 44 119 61 28 85 94 80 93 40 101 13 18
    120 15 25 94 124 38 36 43 6 4 15 35 81 4 70 114 110 52 91 101 10 55
    106 69 9 73 79 21 79 29 48 14 26 121 113 125 110 13 25 115 18 63 7
    57 63 126 88 31 58 16 67 104 38 45 17 0 43 63 77 76 121 92 20 19 36
    70 0 7 20 110 31 73 88 85 35 51 107 11 33 86 3 92 78 109 34 78 56 19
    60 3 20 60 7 121 65 98 47 47 93 36 84 66 60 125 52 43 12 9 67 78 104
    15 41 30 22 41 61 9 60 123 113 67 27 96 30 35 40 38 1 43 58 20 56 23
    75 45 78 7 75 94 65 62 49 13 93 58 33 11 119 88 63 28 76 25 99 45 53
    115 21 96 83 93 37 60 109 3 120 36 35 18 73 1 6 41 84 81 77 56 4 80
    17 87 23 86 6 51 41 50 30 62 82 76 118 119 62 88 67 52 2 109 46 35
    41 87 82 111 106 23 78 30 105 110 72 110 95 69 23 37 119 8 16 42 13
    16 44 10 18 71 15 86 89 17 19 19 51 7 29 11 96 100 22 101 48 33 110
    39 87 22 43 77 105 41 28 77 5 51 124 113 96 105 18 40 37 40 41 61 47
    35 79 4 86 99 101 127 55 12 88 113 30 7 110 99 51 98 5 82 33 27 122
    14 72 116 103 67 112 103 118 97 42 64 18 0 85 67 4 22 37 96 86 25 93
    38 52 31 7 59 117 55 46 20 49 9 74 23 35 52 70 42 28 17 76 68 105 25
    117 25 3 82 116 7 24 64 92 26 19 113 7 120 12 68 62 107 125 16 101
    57 76 123 21 20 36 84 24 24 9 44 115 125 44 60 27 27 114 31 81 49 20
    27 125 52 119 60 72 72 122 68 3 26 26 113 10 56 107 106 23 43 82 89
    12 109 104 50 43 62 82 93 86 79 57 79 62 62 16 120 62 97 27 116 75
    107 1 69 33 69 52 59 71 108 84 118 34 119 19 29 102 99 35 2 34 57
    112 121 117 77 108 92 90 91 94 14 72 77 119 54 68 121 96 59 38 105
    82 9 50 45 38 120 1 91 76 13 56 94 19 16 26 53 91 32 125 48 49 86 74
    26 84 64 33 63 64 55 124 78 12 60 48 117 35 23 120 10 59 47 100 100
    87 72 121 124 92 55 70 91 91 50 49 71 20 105 127 4 82 28 23 42 110
    46 56 79 80 38 9 120 19 121 51 38 49 92 58 41 35 96 8 0 52 90 57 36
    93 61 121 92 68 96 123 84 59 25 20 105 33 111 27 17 6 55 17 48 103
    117 41 33 78 49 76 79 126 27 24 57 106 96 40 78 76 113 111 77 66 30
    123 58 84 88 14 100 32 44 31 123 46 65 47 31 10 36 64 16 63 124 117
    56 115 23 60 33 111 124 24 27 83 54 31 83 125 74 32 8 38 50 29 48
    111 73 17 124 101 29 8 81 86 49 11 126 92 60 62 8 25 28 32 94 43 111
    17 94 51 98 7 78 21 19 86 118 34 124 64 94 72 96 73 64 56 10 101 80
    95 14 10 106 56 73 27 8 79 85 30 56 126 78 122 122 66 73 101 121 53
    46 76 92 36 81 109 11 65 108 39 23 29 75 81 31 119 46 81 10 95 41 30
    116 4 96 93 20 66 105 10 126 38 121 108 48 20 85 38 119 73 114 98
    117 77 89 66 73 42 84 26 95 31 19 39 105 86 23 98 82 101 101 74 55
    13 114 92 9 111 62 8 1 99 92 88 46 125 120 88 60 16 86 18 30 37 82
    112 49 45 16 57 43 77 103 27 6 40 33 52 81 95 5 113 100 65 51 80 28
    6 124 89 21 20 94 104 18 85 99 76 6 22 56 70 33 83 66 121 78 11 15
    16 80 102 116 21 80 78 45 56 98 104 89 50 70 29 65 2 9 29 6 123 82
    17 122 12 32 106 31 124 97 93 61 41 94 4 99 112 80 47 96 25 53 59 89
    61 101 69 8 111 48 6 125 48 23 84 120 5 62 27 7 27 110 18 97 73 9 3
    88 72 27 79 45 63 87 11 123 53 109 59 90 1 109 64 126 122 15 28 27
    12 122 62 51 119 79 24 67 98 114 36 14 64 7 91 46 95 88 9 43 50 13
    53 13 36 61 91 14 0 44 54 35 10 69 15 103 28 117 56 89 28 109 35 72
    34 5 47 38 72 53 73 88 119 64 8 23 66 31 71 64 29 30 22 105 109 103
    80 53 40 81 2 76 80 109 91 28 11 24 11 67 77 127 64 55 42 111 8 25 9
    18 9 31 123 45 82 47 90 34 124 106 104 26 94 82 104 44 95 117 124 35
    9 6 100 107 10 69 47 82 98 18 91 105 117 20 77 105 46 14 56 0 111 23
    77 66 112 56 75 88 96 61 31 95 55 66 106 18 106 121 36 60 21 114 40
    100 75 74 48 56 87 2 47 48 3 36 116 66 70 46 31 71 5 89 126 31 3 91
    66 115 116 60 94 50 27 11 101 74 107 31 59 20 76 58 10 84 127 73 22
    28 69 84 56 71 59 10 56 18 119 108 108 115 98 19 83 26 57 74 127 34
    116 67 13 123 109 38 59 56 30 43 40 104 3 31 41 52 98 46 83 95 48 44
    56 67 123 75 91 99 13 21 103 75 5 101 59 44 114 4 62 97 43 65 72 31
    12 117 104 112 77 16 30 91 72 16 111 105 101 87 91 89 124 94 71 44
    11 66 3 61 71 107 80 56 45 31 21 82 68 47 97 118 76 110 108 55 24 36
    104 6 64 71 0 48 101 79 35 12 82 33 24 46 6 112 24 108 69 124 115 63
    62 30 12 25 72 117 74 59 22 127 120 34 88 69 67 70 65 82 39 103 69
    11 45 13 73 15 61 109 116 62 59 13 78 36 31 59 109 101 117 6 115 108
    123 31 67 5 88 69 90 118 2 72 112 43 99 5 30 53 16 6 67 75 30 118 4
    10 40 71 60 57 27 63 68 42 68 26 106 72 66 52 39 15 120 104 98 115
    78 61 41 52 28 40 12 64 117 112 21 97 50 70 58 93 113 51 122 62 88
    117 55 123 37 37 105 27 113 3 70 5 46 23 118 101 11 1 35 103 51 81
    93 92 4 87 33 48 90 9 79 5 37 25 87 18 48 81 19 69 100 84 100 101 40
    74 92 123 92 88 23 18 127 118 94 67 109 87 1 17 15 20 36 58 80 20 94
    114 18 65 62 68 25 22 28 64 56 66 42 103 80 5 85 42 72 64 22 59 66
    51 4 91 5 3 35 113 30 94 87 127 120 58 29 64 110 124 119 63 16 74 94
    106 65 58 110 17 37 23 127 58 17 112 26 42 122 19 121 66 28 122 28
    20 43 126 97 11 95 28 52 31 116 24 113 30 14 51 83 34 42 34 35 98 86
    50 107 118 50 61 27 35 105 100 98 11 80 78 101 91 37 80 24 17 75 85
    41 124 47 80 65 7 49 78 93 24 71 46 118 75 26 84 79 59 59 4 100 73
    64 59 105 73 104 60 114 34 24 5 109 61 56 122 42 95 87 65 124 10 95
    10 127 78 33 29 5 86 41 7 48 75 13 8 89 34 118 120 51 38 77 60 35 82
    115 16 50 32 49 99 96 99 87 33 57 123 117 14 26 22 58 93 54 111 111
    31 47 54 59 0 86 39 82 22 34 50 79 34 78 110 84 37 51 3 57 19 64 2
    56 89 98 111 111 69 78 30 65 34 111 79 102 79 42 60 109 0 126 20 46
    41 61 116 42 63 87 73 91 94 22 29 105 97 51 67 23 22 85 77 26 75 50
    23 101 17 23 118 63 5 27 109 81 90 107 22 29 61 127 50 10 66 124 23
    17 55 9 107 105 107 78 122 32 114 18 118 12 68 117 76 118 56 116 35
    120 94 14 88 106 76 78 66 112 88 72 3 115 55 3 32 116 90 41 11 114
    32 79 48 69 82 49 19 70 3 22 79 80 91 41 28 107 106 5 51 3 52 47 47
    122 99 76 45 43 44 18 117 123 19 126 112 8 16 115 97 13 8 18 63 97
    66 86 52 59 81 69 67 49 4 22 108 99 66 24 75 69 116 76 124 62 40 13
    75 36 4 95 38 74 101 120 34 114 63 126 123 43 110 68 116 42 117 74
    98 98 55 104 25 101 93 61 14 102 71 84 8 96 86 3 49 46 81 56 3 120
    37 18 84 65 85 86 78 5 124 93 104 118 80 5 58 112 74 18 6 51 56 89
    15 74 113 68 94 113 23 48 67 122 66 42 81 77 0 9 80 58 4 63 22 110
    70 45 22 34 6 75 13 30 15 122 44 52 47 25 23 12 100 79 122 121 87 68
    81 55 61 51 29 71 48 90 110 73 82 124 39 33 31 44 56 54 3 127 86 119
    37 119 84 44 17 74 57 52 37 65 18 69 86 21 72 7 0 1 105 82 12 127 90
    58 87 91 4 0 4 116 126 92 88 73 78 112 58 81 123 37 90 18 59 20 96
    22 52 23 102 114 63 61 113 35 3 32 57 91 58 52 88 69 114 6 19 11 98
    16 10 69 46 104 108 107 45 6 24 54 25 104 68 62 109 20 46 27 44 85
    62 10 121 55 64 81 6 103 98 59 81 40 116 93 95 68 115 80 48 51 110
    115 75 74 26 39 71 62 43 67 124 60 123 58 0 45 45 7 95 114 46 45 97
    95 93 110 126 107 60 62 85 2 18 60 24 7 92 124 20 50 26 40 111 83 12
    11 112 126 37 14 48 18 80 90 61 62 99 92 114 15 10 111 14 103 89 35
    63 79 37 108 122 3 7 4 96 93 54 41 52 44 64 33 84 107 45 34 68 69 86
    125 39 120 63 37 42 48 49 79 23 6 37 126 30 5 116 41 73 3 57 0 60 81
    74 107 73 92 30 45 11 55 125 83 66 124 34 14 9 16 112 10 124 36 51
    77 80 88 12 12 109 66 0 97 4 103 5 124 21 92 79 88 9 42 86 60 60 99
    47 105 111 80 78 86 1 37 119 102 80 49 99 0 38 121 26 98 81 29 28 55
    53 62 82 103 3 107 66 101 60 70 8 71 58 124 114 118 114 94 43 109 75
    7 83 78 7 44 52 91 101 14 94 84 93 113 96 56 48 52 106 80 111 28 81
    123 121 39 67 37 36 67 96 6 104 116 101 35 68 75 102 60 103 100 37
    115 127 4 11 127 71 39 67 113 43 63 119 82 19 50 0 124 97 93 0 123 3
    50 107 2 111 12 12 108 57 87 113 127 63 49 17 104 94 117 110 11 54
    41 92 2 28 116 106 108 64 104 93 29 86 28 116 82 51 31 39 54 15 9
    107 68 17 27 22 94 18 22 42 62 113 40 84 110 56 39 90 80 99 59 75 31
    67 9 6 118 23 52 72 114 90 82 96 16 41 21 53 116 11 13 108 50 37 76
    118 48 97 71 94 11 24 11 89 112 80 15 9 43 13 62 27 50 89 21 84 87 0
    90 41 69 72 25 76 75 112 53 45 77 11 100 53 64 74 18 9 15 23 21 21
    44 88 90 52 103 28 107 20 18 26 104 44 122 81 23 61 114 98 33 80 120
    123 120 16 121 63 2 127 41 50 21 18 26 67 72 14 79 53 102 106 19 76
    98 99 56 100 109 8 3 104 52 34 52 100 42 40 29 98 96 87 3 97 24 48
    44 122 38 60 111 126 87 22 110 8 117 20 121 90 48 72 82 21 30 71 3
    21 109 49 3 9 51 114 112 113 86 38 11 71 45 121 63 100 78 44 124 69
    83 53 100 20 26 45 87 87 62 39 91 74 119 23 98 84 94 93 33 94 76 108
    21 70 94 18 6 122 70 78 29 27 104 89 116 115 78 33 29 88 117 72 98
    61 106 111 102 6 65 70 105 4 73 102 77 75 52 109 78 72 76 5 78 79 9
    44 15 43 52 56 89 105 71 78 120 78 10 9 76 40 49 105 86 75 117 50 48
    99 25 102 95 61 55 100 12 2 76 125 105 13 23 112 113 105 105 78 35 7
    103 98 27 116 107 37 105 92 0 112 82 102 46 63 88 27 71 112 108 54
    125 112 119 97 0 63 52 122 23 126 15 12 103 3 90 15 122 67 1 65 71
    77 14 97 25 75 115 93 109 51 38 32 87 25 84 83 46 27 98 64 20 16 121
    60 0 42 32 15 96 102 85 55 48 7 61 38 79 24 112 51 15 109 26 37 82
    58 20 93 100 102 1 21 4 81 60 31 31 102 56 21 77 68 25 108 6 91 30
    25 113 80 84 10 31 69 50 12 2 105 92 53 119 101 37 39 116 87 59 35
    81 95 74 17 112 98 11 31 48 2 9 7 13 15 61 107 71 102 85 28 99 94 48
    79 64 5 87 11 44 16 38 85 73 97 12 50 83 1 90 10 6 60 83 116 126 57
    22 87 19 26 14 88 112 66 94 13 94 3 6 122 2 29 84 40 8 36 114 32 56
    120 124 94 91 118 79 30 6 29 55 96 122 12 64 91 124 125 40 38 30 123
    28 5 45 102 60 102 35 65 30 109 100 21 64 69 48 12 4 38 42 118 117
    75 44 98 32 123 27 116 110 56 100 3 98 30 24 108 38 35 21 122 43 55
    72 117 92 83 113 1 75 86 63 77 116 86 6 54 53 58 84 37 123 26 92 26
    46 17 124 22 81 104 3 109 46 85 91 122 2 27 92 42 28 113 124 110 76
    118 22 65 14 30 78 47 119 120 115 25 28 107 93 61 20 94 67 27 120 62
    35 55 65 125 51 84 43 79 111 101 99 116 100 22 51 121 72 40 87 34 19
    108 113 124 27 3 106 44 111 110 78 77 67 34 121 85 75 95 116 6 86 10
    89 49 1 30 103 111 50 59 12 101 49 119 6 109 47 71 0 115 73 8 117 61
    4 122 98 91 116 7 25 74 87 94 37 29 119 34 11 43 36 123 33 125 98 3
    84 73 70 41 98 107 97 12 116 52 21 47 4 126 92 48 8 89 33 102 124 38
    80 16 34 95 94 62 83 49 92 46 19 54 98 90 39 119 55 56 94 15 25 25
    50 63 68 12 83 72 63 116 5 68 103 118 36 0 30 99 38 118 12 2 127 28
    118 74 117 115 18 116 40 25 95 58 13 53 5 16 89 51 60 83 122 29 69
    115 56 98 87 51 42 25 113 45 90 54 70 72 110 63 48 7 76 106 23 20 55
    66 3 66 37 9 119 83 59 71 74 40 118 101 8 0 77 40 90 78 92 126 27 38
    120 19 93 68 78 14 66 91 121 34 53 112 42 107 82 40 43 98 32 10 93
    74 105 103 85 21 97 81 117 116 106 90 74 30 104 52 2 82 93 112 4 35
    71 72 10 36 73 113 103 17 88 15 122 64 49 116 88 81 121 3 20 50 61
    24 27 102 94 37 79 88 5 46 125 79 11 119 49 55 99 118 67 59 92 44
    109 40 1 118 8 66 41 119 59 36 63 96 34 49 13 51 56 66 86 126 127
    127 21 86 83 113 31 97 117 43 43 100 70 117 46 84 81 66 7 83 124 25
    81 123 81 92 91 0 6 62 26 27 75 13 38 105 40 121 126 13 77 58 72 6
    58 28 6 44 42 101 87 16 83 31 12 48 19 13 18 15 68 124 12 17 61 12 9
    52 64 126 34 106 12 34 2 115 41 119 64 108 108 46 106 116 2 82 39 22
    105 73 29 39 2 99 45 6 37 47 124 67 28 69 41 33 116 64 1 119 69 50
    96 80 23 85 75 82 121 75 115 100 63 110 23 107 107 61 40 105 46 48
    32 84 103 98 83 63 124 75 57 14 98 0 8 76 65 71 44 71 121 31 126 55
    97 41 101 94 104 13 90 1 98 112 34 106 51 46 92 62 6 39 117 116 108
    22 84 82 9 43 77 35 108 29 54 14 96 10 0 82 94 21 109 5 25 53 76 3
    36 116 17 21 5 71 71 11 89 121 22 13 92 37 82 115 58 13 2 90 26 48
    72 53 94 6 59 16 125 6 46 71 91 79 0 116 53 55 111 59 20 82 108 9
    115 51 35 16 1 96 54 10 105 55 42 75 65 26 5 126 124 71 57 33 0 58
    103 69 97 32 91 44 109 71 97 95 12 6 21 125 33 110 108 25 56 29 14
    20 98 39 127 24 121 20 122 38 70 9 9 49 50 16 76 116 61 89 28 66 109
    65 57 43 113 42 116 70 27 6 49 119 89 123 16 88 50 107 116 82 24 2 5
    5 3 47 95 108 40 105 83 92 66 63 14 56 77 42 1 100 77 106 87 64 27
    127 18 116 39 91 60 48 107 110 113 5 45 59 57 28 117 67 20 107 29 38
    92 95 1 85 85 115 89 55 26 102 31 109 44 25 104 110 73 64 14 79 72
    66 63 42 48 7 77 26 45 54 13 63 95 88 48 70 118 21 22 121 123 5 17
    66 19 121 20 34 127 17 15 5 21 14 45 47 20 51 108 69 99 10 43 100 38
    83 20 26 5 36 70 85 114 121 48 72 79 53 59 100 61 42 54 14 45 6 37
    100 55 120 125 1 126 87 95 37 35 49 54 63 44 64 25 18 83 125 9 29 37
    33 111 31 35 77 12 3 78 29 27 57 72 28 57 32 115 91 67 74 31 42 39
    120 33 124 71 32 52 82 31 0 89 21 83 41 121 33 55 87 88 3 23 4 76 43
    35 76 70 49 101 96 0 60 49 78 19 107 63 103 92 23 20 60 91 126 25 19
    4 37 35 17 58 107 54 7 61 53 24 121 39 2 87 108 104 80 23 120 76 76
    123 122 93 77 119 82 70 66 60 121 35 70 46 43 109 44 82 6 104 100 27
    104 100 80 86 122 126 65 52 91 12 81 126 106 20 57 125 8 17 57 89 52
    16 105 23 25 85 1 95 68 49 76 127 94 45 22 29 6 39 83 62 56 90 83 58
    13 48 14 83 125 73 9 12 46 6 76 100 64 79 123 32 36 6 75 114 25 96
    122 24 23 103 114 70 57 54 91 56 1 110 100 4 34 32 10 99 80 127 67
    70 61 94 26 63 39 60 63 55 111 106 33 113 61 42 8 102 119 31 99 69
    94 12 119 74 49 43 13 39 82 57 74 32 24 55 106 73 103 117 45 17 20
    43 87 52 16 11 119 30 92 39 77 69 101 45 10 121 22 13 35 36 124 116
    57 39 69 26 43 73 92 75 45 28 35 10 47 53 25 105 45 76 36 39 87 35
    121 79 119 5 118 101 12 69 74 89 48 121 17 50 22 90 119 17 19 12 73
    30 33 73 84 127 41 103 65 74 37 98 30 73 102 2 66 25 42 102 80 77
    119 111 127 63 39 52 115 69 32 112 9 117 80 91 20 71 42 65 124 97 60
    73 118 12 26 101 11 96 23 127 34 71 4 4 24 43 119 92 112 31 80 48 57
    24 90 71 106 95 95 127 19 79 25 29 13 12 98 70 75 88 105 12 71 120
    116 101 63 30 95 10 97 127 81 66 84 79 91 123 21 20 59 126 51 53 121
    4 83 73 68 6 87 2 123 62 37 113 50 100 39 93 107 88 84 22 26 11 39
    71 66 89 95 19 28 38 82 31 88 73 59 19 103 12 86 70 64 53 121 14 21
    64 118 116 3 65 22 115 90 23 52 36 31 65 81 109 40 122 73 7 34 92 67
    14 69 18 127 90 7 47 87 22 119 99 95 106 1 55 63 95 6 72 40 73 62 16
    64 90 26 100 46 121 64 45 12 88 124 71 93 108 98 10 1 119 118 49 97
    112 124 64 46 5 36 116 60 2 72 66 121 12 18 68 23 69 103 123 99 33
    61 104 112 53 10 30 56 28 90 93 104 49 89 127 85 65 12 8 3 89 39 117
    9 0 5 84 59 78 94 48 47 1 111 21 16 69 20 102 15 90 57 25 29 109 21
    12 92 73 88 29 95 100 126 35 14 69 55 78 116 41 8 64 125 57 11 36 79
    94 60 12 24 5 62 105 52 25 43 92 71 14 27 12 21 68 13 16 4 51 23 57
    99 126 93 81 22 12 18 43 74 100 81 61 52 51 34 11 35 122 50 127 95
    86 74 35 92 88 89 55 4 100 7 110 125 8 109 123 91 100 32 73 51 30
    123 1 22 101 37 109 42 56 99 112 48 79 65 52 96 62 43 7 92 70 77 49
    34 80 114 121 101 116 34 2 7 56 28 14 40 105 17 60 93 100 95 71 61
    113 77 101 4 52 6 40 76 83 70 92 49 99 71 47 25 77 47 51 36 92 74 92
    91 32 4 32 3 119 17 7 51 14 75 121 4 68 116 99 32 14 116 34 12 75 81
    70 42 4 21 26 50 63 20 28 64 31 88 53 53 55 38 35 80 104 66 118 60
    56 53 26 125 8 118 40 75 9 50 53 49 8 95 52 111 101 6 123 112 33 101
    25 125 102 58 76 125 30 127 24 4 0 33 37 33 103 59 0 107 38 37 25
    121 32 16 71 113 121 42 114 3 78 10 84 126 32 54 109 7 79 101 105 36
    19 65 108 49 26 38 19 44 109 40 5 50 10 46 107 89 81 62 75 120 9 92
    97 66 103 110 103 62 120 24 74 117 10 31 104 117 5 7 120 112 112 88
    77 116 103 4 90 86 94 104 120 126 54 84 15 66 102 34 79 87 5 50 95
    38 71 92 25 121 32 73 18 2 14 27 31 110 3 5 116 92 49 67 53 95 105
    41 104 89 66 102 113 47 29 97 6 39 44 114 63 75 37 118 127 41 98 6
    117 115 1 3 98 115 97 21 51 69 75 42 39 78 33 121 67 34 31 78 25 82
    6 101 63 5 21 60 35 107 34 74 90 123 93 5 21 0 4 48 29 89 97 33 19
    23 36 72 114 3 5 42 57 12 65 116 41 73 60 57 31 90 74 9 99 98 4 57
    53 39 105 47 6 27 107 85 113 50 108 51 27 16 96 14 118 84 78 34 102
    18 106 25 123 61 114 28 67 86 66 40 81 47 42 42 115 8 30 16 83 56 34
    26 100 47 77 72 82 64 76 1 52 103 91 101 55 81 14 71 121 67 111 36
    16 18 63 7 120 51 55 65 2 79 35 13 23 78 120 103 50 103 76 34 110 44
    54 60 88 127 113 14 73 5 58 119 91 114 77 97 106 53 16 33 78 82 55
    72 73 26 12 68 31 64 88 34 77 99 41 43 79 76 120 43 75 126 33 50 125
    14 94 81 20 21 66 99 118 3 51 123 86 15 118 97 10 68 45 9 51 43 58
    74 25 63 67 68 124 15 127 5 64 109 124 89 6 43 2 33 81 100 25 90 38
    4 58 30 69 67 28 1 6 82 59 74 101 42 28 9 93 61 122 123 77 20 95 5
    37 98 14 42 69 57 2 94 66 105 44 65 122 71 46 56 2 85 125 57 110 86
    66 122 96 67 44 72 54 71 119 122 54 32 79 87 38 86 106 9 67 39 79 35
    4 125 54 51 81 90 50 93 48 118 47 87 30 37 64 100 51 26 79 118 86 81
    121 114 122 91 21 42 52 36 111 40 44 39 36 37 118 94 70 126 5 97 39
    43 45 74 112 110 66 80 30 60 81 122 46 41 34 90 89 102 103 58 115
    111 110 53 78 117 11 126 15 76 31 25 75 26 63 111 9 68 24 38 9 126
    121 61 121 87 41 117 32 33 7 42 126 113 100 31 58 74 52 102 51 105
    40 110 124 107 103 29 81 19 118 84 66 57 44 121 43 65 90 124 5 6 7
    59 65 102 29 113 112 62 13 33 115 115 59 80 8 54 35 50 1 74 6 109
    113 77 63 70 43 29 21 88 21 120 78 52 89 24 76 116 44 36 36 15 43 30
    38 54 30 68 61 31 109 106 60 110 105 101 34 18 55 99 76 31 21 75 70
    35 89 127 108 1 90 93 69 84 35 32 45 26 76 40 34 29 7 73 125 125 1
    14 59 51 47 22 126 7 99 34 22 15 23 66 125 93 26 41 116 2 36 35 2 99
    24 65 60 7 112 22 17 59 71 48 62 73 94 33 91 2 107 91 108 3 6 113 52
    106 26 41 15 67 31 67 17 84 102 61 28 22 26 47 20 3 5 112 45 23 29
    83 38 51 105 52 64 121 7 17 56 18 102 74 106 32 112 41 49 15 37 114
    39 67 98 117 33 91 29 4 16 16 87 95 106 101 6 93 7 24 33 25 26 22 90
    32 74 102 38 115 42 5 37 11 17 117 13 39 78 22 101 9 96 61 40 90 3
    121 97 6 119 50 119 24 87 54 118 98 18 76 68 78 7 89 48 36 59 95 29
    62 37 39 50 0 123 93 15 25 37 90 53 26 49 60 122 117 39 44 93 10 126
    125 91 8 89 69 69 45 81 10 89 0 22 43 73 32 102 8 69 126 110 124 44
    111 102 56 4 99 33 115 7 74 101 89 116 119 41 106 93 74 67 28 66 1
    93 25 61 67 123 37 26 52 110 21 83 26 0 55 29 49 105 93 65 122 64 92
    82 23 18 73 127 9 94 18 102 22 122 107 14 115 93 4 48 107 125 60 51
    1 24 25 102 91 24 50 67 123 64 120 40 58 114 47 89 0 30 97 21 119
    106 55 111 52 96 45 36 118 73 112 10 122 33 64 41 54 91 79 49 104
    119 78 58 94 69 72 31 87 127 82 11 46 0 55 71 118 0 10 101 3 67 124
    30 26 1 46 38 75 11 96 122 18 124 79 86 113 121 1 94 98 30 40 26 85
    70 24 83 112 21 106 103 87 14 47 41 127 106 96 30 90 14 41 15 78 124
    19 110 30 98 12 94 70 50 64 109 10 31 1 80 72 78 120 2 114 25 103 35
    48 10 109 114 29 76 124 121 108 66 95 23 60 127 125 5 127 11 37 66
    63 53 78 23 111 104 33 92 124 38 24 92 18 65 42 98 14 56 67 74 22 11
    66 64 34 68 108 18 5 0 94 5 121 101 119 31 34 75 21 110 75 6 74 75
    92 67 54 80 5 16 81 31 7 33 18 0 46 26 101 88 100 101 40 46 84 123
    78 53 78 20 7 39 72 125 32 7 5 98 68 23 2 32 52 94 14 39 116 61 88
    121 64 122 84 84 82 59 36 47 44 64 1 90 9 29 9 70 74 74 52 120 18 1
    1 35 11 113 40 63 20 29 19 106 127 75 42 0 127 83 119 95 18 104 14
    25 17 104 2 71 84 73 87 23 127 16 104 87 2 24 90 12 82 124 91 33 23
    12 1 20 97 115 15 100 82 79 80 32 25 10 11 89 58 10 115 19 104 54 63
    111 0 113 67 29 78 105 12 65 16 9 104 110 18 2 99 38 127 123 68 40
    102 44 10 83 95 25 52 18 90 42 113 18 113 112 30 91 17 119 125 6 91
    119 28 95 74 6 43 29 30 25 15 17 72 46 79 46 67 33 110 66 91 24 101
    64 53 122 4 85 71 121 62 9 122 98 98 43 11 40 60 0 111 96 83 72 88
    84 57 8 45 34 84 101 61 80 13 12 28 34 110 89 117 47 63 70 81 33 122
    55 2 104 90 7 54 53 88 26 114 93 118 68 11 99 124 124 67 98 116 18
    119 64 96 74 81 122 90 93 68 98 101 46 45 25 15 64 40 51 101 5 68 16
    52 31 89 123 111 114 116 56 5 103 110 55 41 64 82 100 0 10 99 40 6
    10 51 88 108 89 34 25 34 65 88 91 80 81 97 121 24 86 127 59 35 43 5
    41 114 106 50 16 51 9 42 60 105 28 26 9 121 39 126 0 47 103 125 101
    75 15 10 2 4 110 127 102 111 105 23 63 36 53 56 48 83 73 73 79 58 11
    12 69 88 81 70 55 127 42 112 93 116 25 98 15 65 66 81 13 124 53 99
    102 41 20 46 88 30 63 43 43 117 43 48 45 97 84 120 75 16 123 88 48
    73 65 93 81 62 78 9 87 75 86 104 77 80 113 127 60 11 114 94 38 70 66
    43 43 108 35 70 96 105 108 0 96 108 31 40 94 33 95 58 60 85 69 0 96
    122 87 65 126 90 114 27 73 97 116 91 71 27 68 14 91 4 95 110 103 17
    118 35 111 100 110 92 74 84 45 1 111 15 8 46 109 14 16 13 28 104 48
    64 105 1 3 34 48 115 68 126 72 18 35 93 24 39 80 62 112 6 30 90 107
    113 66 112 43 53 50 46 122 16 72 3 51 61 84 60 72 10 77 107 93 110
    98 30 12 127 39 9 94 50 109 112 30 85 70 78 121 62 99 76 72 118 8 97
    125 42 16 12 100 85 103 41 109 120 126 49 13 55 46 90 114 42 27 85 8
    88 122 13 11 113 8 105 85 35 79 106 65 64 34 46 95 39 119 90 61 19
    30 3 10 75 91 30 71 103 99 67 47 36 91 99 29 55 37 118 59 99 60 15
    65 31 78 126 35 114 4 89 60 119 25 80 32 90 94 104 127 107 76 93 126
    60 41 65 27 107 82 29 81 86 43 30 95 26 18 112 74 52 10 8 118 72 84
    16 54 36 66 100 93 2 108 29 25 66 95 44 12 76 37 75 29 19 120 89 14
    51 27 57 11 126 4 110 126 70 125 109 49 18 89 12 105 87 16 106 31 52
    14 94 31 62 50 36 108 67 110 1 74 63 101 90 1 63 7 116 60 85 67 119
    45 118 4 111 96 20 54 50 127 12 97 75 111 108 22 124 82 36 85 1 75
    74 50 115 72 9 18 23 16 64 89 11 82 45 51 2 112 92 50 8 107 43 101
    13 75 100 5 10 67 94 114 15 31 126 113 20 39 63 38 35 93 97 41 94
    115 51 93 90 114 24 124 76 77 53 45 101 77 9 53 69 59 74 92 45 123
    13 63 71 40 91 106 80 51 64 91 106 58 95 66 70 93 126 85 33 11 70 89
    83 121 48 28 126 112 124 18 75 65 84 51 101 127 13 21 33 48 58 10 40
    110 107 80 40 81 65 103 111 28 68 81 122 96 25 116 52 50 83 103 72
    20 48 19 55 113 85 80 90 38 118 54 109 37 31 64 64 46 79 20 113 108
    9 61 97 71 75 67 75 60 58 125 35 114 77 46 68 64 8 8 84 127 37 44 78
    30 79 36 89 77 39 6 40 47 11 85 11 109 50 87 100 26 34 89 98 123 1
    123 70 5 114 0 60 92 36 93 84 18 32 88 112 74 113 22 80 59 60 14 30
    48 107 39 114 96 49 73 127 15 3 120 123 45 9 35 50 92 106 6 117 51
    104 63 7 103 45 114 121 0 79 106 18 48 69 42 96 100 33 52 97 41 56
    85 27 7 81 55 10 54 50 57 29 48 44 42 24 25 69 48 94 48 89 94 73 34
    88 41 117 118 86 86 121 47 50 114 41 73 81 24 36 76 112 60 3 74 115
    35 19 115 43 35 35 75 64 9 37 69 78 114 66 17 96 37 61 119 48 95 97
    54 117 96 96 117 101 80 73 73 49 64 34 123 85 82 32 107 101 20 58 98
    72 81 101 71 51 104 125 75 32 108 27 114 103 121 77 66 75 23 75 63
    62 103 98 75 33 18 26 7 80 36 96 15 95 21 53 11 32 50 69 3 49 90 39
    17 96 82 87 53 36 8 34 45 85 10 21 50 47 24 32 39 29 61 15 111 102 2
    124 40 21 114 68 46 111 56 56 89 24 105 101 113 118 39 88 57 114 84
    1 106 61 32 17 105 39 21 72 117 63 54 76 115 13 95 97 108 103 35 71
    37 81 51 61 49 54 76 31 117 33 40 87 112 88 124 107 125 58 85 5 112
    9 62 49 70 98 106 62 50 56 84 98 119 11 95 32 49 57 22 27 108 70 111
    81 18 64 108 69 80 113 29 103 76 109 49 102 51 4 1 1 19 23 1 103 37
    82 111 86 11 66 64 13 125 65 51 27 127 13 108 42 64 88 50 20 57 19
    82 112 8 13 65 39 22 113 41 50 42 47 6 102 72 39 117 97 48 65 108 28
    22 55 71 20 74 68 97 106 33 125 52 88 64 13 10 54 95 118 3 110 58 23
    51 50 126 27 15 11 34 15 54 103 113 34 63 67 79 42 82 19 88 81 90
    104 62 19 97 88 87 65 78 43 31 31 117 92 91 9 88 67 2 63 105 29 15 8
    19 40 105 17 104 95 102 70 50 114 122 30 84 24 41 12 39 53 58 88 104
    127 105 1 53 68 87 107 52 12 5 102 105 85 123 88 35 73 66 121 7 26
    28 106 122 36 30 86 23 71 84 18 126 104 69 4 28 126 102 95 63 44 79
    64 19 33 102 14 43 25 30 117 105 34 42 111 78 28 20 26 20 111 7 96
    112 89 66 11 120 127 45 25 50 24 56 20 45 51 65 120 87 118 85 77 62
    6 65 33 85 68 48 86 65 122 79 35 67 36 40 85 18 44 78 85 94 125 108
    125 104 58 70 110 14 122 90 44 15 10 79 97 115 41 123 43 3 102 46
    114 25 16 119 53 23 86 97 108 31 4 58 12 53 24 50 96 73 2 5 22 85 43
    83 118 122 125 71 18 33 37 107 45 36 49 58 47 108 99 100 83 60 10 17
    39 65 46 102 69 25 114 20 12 26 25 0 35 23 39 37 35 26 1 126 24 114
    29 33 104 52 47 29 84 29 82 92 25 72 87 49 3 59 69 26 4 61 28 106 11
    50 72 10 10 86 70 49 34 109 73 88 95 13 90 6 127 18 124 86 10 92 58
    24 123 55 101 127 79 65 49 59 93 0 74 37 62 117 77 123 105 127 126
    41 63 66 32 75 100 101 81 61 99 29 12 77 115 116 46 71 22 35 126 71
    68 125 111 78 10 59 14 125 83 53 106 29 35 15 37 94 56 108 108 69 27
    110 118 2 29 28 89 9 97 44 23 42 50 16 33 4 116 13 126 35 113 112 45
    85 50 126 123 49 58 49 40 47 50 106 125 96 125 110 77 38 39 97 98 51
    107 100 88 2 100 11 72 40 38 112 27 86 43 37 124 55 3 119 78 83 90
    38 111 28 90 35 58 10 61 56 74 14 5 32 25 114 73 59 112 115 49 35
    107 43 87 114 103 51 89 75 115 56 23 127 3 64 81 93 1 114 59 2 71 91
    119 20 104 123 52 55 126 12 87 84 94 58 124 30 116 10 46 76 62 74 38
    46 44 42 36 92 25 79 73 72 18 59 112 58 7 79 66 32 94 42 43 91 62 12
    24 95 13 120 82 111 24 64 52 111 107 94 93 35 84 88 80 82 31 117 94
    9 23 108 33 102 13 63 118 81 117 39 61 104 68 7 33 53 62 34 106 103
    36 124 96 28 7 127 12 107 98 43 12 73 92 52 45 25 18 36 43 96 70 106
    43 126 50 42 25 90 3 69 116 12 11 11 91 100 13 53 61 63 70 114 13 94
    121 29 114 49 82 19 119 17 29 116 17 61 23 19 91 48 105 39 82 81 60
    15 127 44 97 37 123 69 94 97 106 90 49 36 82 117 106 127 16 13 83 78
    22 124 75 17 102 102 35 85 67 123 13 110 73 108 16 102 117 97 53 81
    36 105 42 3 101 15 62 53 36 44 123 94 99 73 44 95 122 99 73 79 70 95
    115 34 9 86 23 56 53 117 27 94 10 55 8 3 53 103 83 103 76 18 116 39
    111 1 57 67 4 101 44 85 71 46 25 42 39 10 18 92 92 125 49 48 29 59
    91 14 55 7 121 79 30 78 26 51 81 15 48 65 21 20 123 52 103 108 21 97
    99 102 123 60 59 74 66 91 99 106 23 86 107 114 9 91 1 126 33 43 14
    46 48 113 11 91 39 65 94 39 105 23 21 120 114 52 23 80 25 31 3 57 77
    4 69 61 40 103 51 112 112 61 126 110 121 75 69 127 47 24 35 22 63
    117 84 103 78 61 56 44 21 22 73 4 45 27 17 97 2 42 53 85 88 37 114
    62 4 100 75 89 76 84 118 127 35 121 54 68 18 114 48 110 89 19 26 0
    45 22 19 24 119 63 30 91 36 120 12 100 71 76 70 0 117 123 91 33 17
    92 97 31 127 46 30 65 65 54 119 74 52 30 76 74 13 82 42 31 99 16 120
    120 33 69 74 86 126 58 20 62 99 32 57 59 93 86 36 82 27 11 116 112
    114 28 64 121 120 20 23 101 110 90 35 112 6 119 42 17 8 125 25 67 99
    2 41 102 6 80 34 62 87 29 7 104 3 103 73 18 59 117 82 114 92 4 84 31
    78 107 125 9 49 2 42 26 20 2 65 6 51 79 112 127 31 46 115 39 46 65
    12 36 53 43 72 28 3 72 35 34 95 8 17 86 88 50 103 97 95 33 112 0 93
    61 31 48 94 75 25 117 13 39 19 88 93 45 77 85 18 108 39 97 38 67 31
    19 23 17 119 91 43 72 77 127 57 13 49 36 31 67 28 88 74 59 123 96 16
    34 28 90 87 124 22 70 97 103 14 73 23 6 46 53 92 99 121 15 24 13 45
    111 9 56 65 2 120 41 11 89 102 117 85 116 48 54 125 67 87 28 74 35
    114 112 90 58 113 53 33 76 78 7 1 91 72 69 126 22 90 25 103 43 4 45
    80 74 55 59 57 3 61 39 59 100 25 14 68 64 36 120 35 5 41 117 6 31
    102 48 30 72 19 70 21 85 117 47 10 121 27 75 62 39 10 91 44 93 92 83
    70 91 13 124 123 114 6 71 33 50 72 53 116 99 5 102 76 51 53 108 56
    92 18 38 39 55 69 17 29 42 98 61 99 44 6 24 99 113 126 57 123 64 111
    16 56 38 27 9 23 80 42 20 82 51 30 95 37 101 25 87 5 68 68 109 33
    121 127 97 98 92 11 126 25 112 118 14 95 21 41 71 58 4 66 8 82 84 25
    91 116 86 27 96 77 86 21 119 93 63 118 21 20 74 28 53 72 79 24 53 76
    85 33 12 77 29 31 92 46 101 98 119 122 49 31 6 52 47 73 80 88 2 43
    70 15 52 58 52 104 123 32 40 6 91 59 119 126 102 100 122 90 119 0
    116 94 58 38 105 110 0 6 20 64 114 66 121 69 47 67 59 32 109 125 113
    82 1 115 59 2 122 56 125 40 48 62 65 108 99 32 77 24 49 65 55 98 126
    13 76 107 45 75 15 87 14 26 1 39 36 27 25 61 2 58 90 112 98 78 78 59
    99 84 29 96 5 82 75 49 42 117 25 36 89 43 22 36 86 50 10 1 69 34 5
    87 16 77 35 124 92 52 6 125 21 11 3 67 117 54 111 87 50 64 123 13 21
    91 55 66 19 28 64 73 61 40 95 57 100 12 0 112 124 11 9 14 98 82 29
    61 56 92 114 83 40 104 41 46 5 28 37 9 87 49 67 31 54 78 50 0 92 19
    109 32 81 29 20 86 83 96 81 19 19 78 1 73 10 4 39 17 77 46 115 56 95
    119 73 110 114 71 71 5 124 8 15 99 73 82 37 24 56 5 83 105 13 122
    117 93 111 113 76 60 32 78 81 105 103 101 60 2 118 34 17 74 99 38 53
    9 117 6 61 58 11 114 58 83 65 112 48 76 75 100 52 116 100 3 72 110
    33 43 56 111 36 36 112 71 91 100 18 16 30 16 101 46 67 58 124 78 95
    97 125 52 59 4 97 38 30 67 38 6 0 109 93 94 77 89 72 96 106 62 82 92
    89 14 36 37 51 31 95 126 39 66 120 115 61 63 30 96 93 89 117 88 34
    16 115 31 82 42 2 38 118 80 119 24 116 74 94 122 79 27 95 4 66 66 97
    47 88 42 52 85 96 35 8 11 50 31 68 81 79 76 109 3 85 115 34 1 120 27
    53 81 43 111 112 58 120 43 100 58 91 80 8 49 31 37 6 74 68 65 70 80
    100 33 55 91 71 10 51 108 44 48 50 64 75 120 36 106 74 110 120 97 36
    46 44 60 25 61 67 41 7 23 20 107 70 23 27 51 28 70 58 108 70 22 87
    12 46 81 100 51 103 52 103 4 106 105 118 121 56 127 95 97 65 5 0 119
    74 68 16 75 61 22 66 39 21 77 0 34 117 18 101 58 75 123 122 15 107
    94 49 99 22 96 22 7 91 87 66 63 104 63 117 111 47 114 37 70 65 2 100
    71 57 52 30 14 64 38 83 55 47 81 27 118 97 25 100 59 44 8 115 3 56
    36 65 32 114 46 73 29 13 126 38 111 87 24 94 37 27 105 122 41 64 38
    110 32 53 106 49 29 103 98 53 43 126 121 29 17 77 52 38 50 75 114 21
    22 52 6 83 114 46 26 12 51 42 94 104 79 12 100 80 9 79 39 27 82 50
    97 61 41 81 22 59 86 47 127 15 44 45 15 76 49 38 56 69 8 80 25 96 9
    116 89 96 125 37 97 0 71 118 41 100 33 72 56 12 36 44 5 124 9 87 45
    119 47 103 9 127 65 112 8 39 22 23 36 51 22 92 22 25 100 58 2 125
    114 84 81 102 9 123 33 90 24 59 37 45 10 115 25 76 73 81 14 73 28
    104 119 55 60 92 95 51 88 83 115 33 120 48 86 15 17 105 21 110 103
    43 92 67 75 52 32 90 9 36 117 18 110 25 113 19 96 107 5 4 107 87 105
    22 105 92 116 109 15 117 13 35 55 102 113 116 31 76 28 38 80 34 28
    89 100 60 127 120 65 42 121 42 30 20 60 114 87 77 104 52 48 121 125
    115 11 114 25 101 53 41 104 111 114 123 53 124 27 102 106 69 96 48
    91 29 107 23 86 71 46 57 5 56 65 22 85 83 53 16 110 113 74 54 28 68
    16 36 114 57 40 125 53 37 126 71 6 104 57 17 45 110 120 100 31 54 73
    27 69 120 43 110 5 93 66 42 61 75 110 19 47 122 4 47 20 59 86 116 65
    33 60 50 81 98 6 6 110 123 24 47 109 9 31 118 55 24 43 81 31 62 118
    83 73 68 50 110 12 74 101 17 32 8 25 61 32 37 14 65 103 52 13 23 116
    76 51 115 45 41 20 31 53 95 44 76 115 39 17 89 106 125 74 85 42 62 2
    57 72 15 45 30 122 7 77 2 122 74 1 38 14 30 104 30 52 69 51 95 36 49
    17 66 4 17 95 69 99 6 121 119 58 1 43 3 22 123 109 95 0 117 46 79 76
    24 102 82 98 42 53 109 49 42 25 126 78 36 66 108 106 96 56 68 126 84
    50 120 55 9 127 101 95 43 84 105 70 29 98 119 12 39 82 33 42 125 93
    20 102 69 85 62 68 113 36 98 51 25 58 55 68 76 60 26 59 59 40 104 3
    92 61 22 95 41 107 97 95 32 111 39 91 33 84 93 5 110 8 8 31 120 73
    120 117 91 116 17 96 20 118 125 110 22 7 42 88 47 74 114 93 75 80 8
    25 70 85 64 18 60 44 47 32 11 28 55 53 5 41 23 55 53 112 108 13 115
    34 56 28 24 103 38 90 7 50 85 62 38 84 126 112 8 42 28 83 67 70 5 42
    34 85 17 46 120 51 8 40 65 79 13 84 25 54 120 19 66 82 19 53 27 58 6
    31 90 95 111 67 92 116 75 70 23 105 76 17 22 87 64 67 87 87 98 8 115
    86 90 95 17 104 53 0 59 21 22 22 93 32 112 123 4 105 0 111 87 91 6 4
    0 102 59 77 77 67 39 27 86 67 6 45 58 42 126 0 66 108 95 52 108 111
    29 35 83 7 26 4 52 55 84 72 116 81 60 44 88 54 42 59 83 64 13 63 120
    72 100 98 117 75 26 120 54 89 23 69 33 20 42 120 97 106 62 120 66 98
    79 61 36 71 22 88 126 123 8 126 57 63 32 122 53 111 115 126 0 86 50
    23 93 32 11 85 106 56 90 123 119 90 50 59 108 80 123 121 75 10 56 51
    98 72 59 115 22 87 69 4 84 4 56 73 89 98 49 49 25 72 16 9 11 3 22 34
    28 49 41 123 118 35 62 107 74 56 61 103 38 18 20 125 87 19 101 4 38
    34 115 19 104 10 8 90 77 22 71 8 28 12 72 106 10 101 15 89 73 8 47
    99 127 59 52 122 60 43 125 60 115 13 125 123 21 59 11 33 102 43 101
    27 65 52 102 6 101 19 63 53 49 110 60 110 115 56 79 36 103 54 118 18
    98 95 86 58 68 54 76 90 1 10 123 73 30 69 29 103 55 94 34 51 101 117
    78 92 75 107 58 45 73 16 112 105 88 72 123 90 21 11 104 127 12 4 112
    69 76 121 67 112 110 87 70 87 83 35 52 110 31 55 70 28 60 66 96 19
    18 76 20 53 50 45 63 67 41 109 111 34 19 44 47 102 111 91 21 81 126
    31 71 120 27 62 78 40 107 95 40 91 100 51 0 120 66 50 53 116 36 6 82
    53 114 20 34 88 8 40 124 75 31 48 99 97 64 85 79 87 101 108 115 65
    118 118 73 93 37 105 94 100 96 101 59 28 46 23 31 25 93 90 14 1 113
    85 64 4 106 106 57 93 49 34 23 66 100 33 67 99 70 69 114 4 83 53 10
    54 51 50 19 54 14 116 29 5 4 19 28 60 107 24 28 29 22 55 69 102 98
    58 88 20 29 91 113 73 102 73 62 29 48 125 67 99 81 45 101 5 111 13
    48 7 94 127 112 84 71 45 114 92 127 34 4 34 44 123 29 29 108 61 25
    31 70 69 95 38 72 9 97 82 59 54 37 57 40 87 6 20 11 55 99 75 89 38
    124 104 125 46 48 13 51 112 30 57 47 98 61 95 63 87 36 127 53 113 0
    98 56 31 88 5 52 100 34 51 4 60 68 126 38 3 31 77 118 5 11 101 115
    78 48 118 55 110 88 49 94 36 111 80 30 118 4 0 127 72 65 95 84 23 41
    120 27 94 88 47 66 100 88 29 28 97 98 80 119 49 94 77 13 95 97 7 93
    120 22 85 4 83 124 114 89 77 25 96 26 90 5 11 123 20 117 90 90 103
    116 62 73 42 19 11 73 78 69 98 118 75 6 120 33 10 67 96 101 42 48 76
    81 31 45 21 93 46 49 111 105 109 28 68 112 47 68 93 105 99 58 110
    107 34 1 108 4 75 105 0 44 78 92 49 76 121 49 43 39 120 58 23 108 23
    91 4 126 23 105 127 55 46 66 71 48 33 93 36 51 111 126 91 38 123 96
    97 111 122 73 103 91 106 41 76 80 22 77 59 2 110 97 57 55 112 10 76
    18 95 119 31 107 78 56 127 84 100 16 118 5 74 71 27 22 112 37 90 123
    84 95 86 71 16 22 57 29 85 20 0 103 17 106 112 30 60 3 74 64 55 100
    109 93 2 0 62 113 91 15 41 95 65 96 64 117 90 114 84 30 42 1 44 62
    34 113 55 42 9 110 100 104 14 31 70 13 95 64 109 60 48 120 105 8 127
    14 2 108 31 33 56 33 12 4 99 73 88 103 75 12 75 73 55 26 96 38 1 33
    5 99 68 20 13 68 88 64 63 38 111 49 51 34 90 103 33 123 114 61 104
    72 15 3 106 38 76 11 17 91 3 57 29 52 46 18 56 30 102 103 56 75 108
    27 102 64 17 108 56 42 119 71 33 125 100 62 124 27 15 39 65 37 15 81
    76 7 18 32 65 103 85 120 37 56 15 17 88 36 22 43 49 28 67 51 20 125
    42 39 30 120 91 38 69 121 53 114 9 58 0 70 78 7 60 98 22 32 64 95 86
    61 72 57 15 97 67 16 110 71 30 41 127 61 34 10 59 88 90 113 58 118
    53 28 32 63 125 125 95 79 40 118 60 62 86 67 15 16 68 95 43 92 44 99
    89 119 44 12 90 61 41 121 27 24 107 54 89 39 119 100 94 96 92 56 119
    108 115 70 47 97 4 20 73 12 68 99 40 59 22 36 80 25 122 94 125 97 61
    75 55 41 76 108 106 117 105 100 53 44 33 50 29 68 127 8 55 67 97 101
    89 70 22 36 21 75 106 30 15 63 126 109 95 64 6 122 11 70 46 121 9 66
    110 123 121 105 67 8 72 27 0 5 76 116 104 60 18 23 60 50 22 53 24 44
    28 91 27 88 46 116 69 92 14 69 98 120 25 15 24 79 115 95 39 78 85 55
    116 43 86 2 37 101 95 54 88 117 104 19 10 122 92 51 30 116 105 93 39
    36 8 100 77 25 22 19 60 112 79 78 78 107 30 107 108 84 127 86 21 19
    73 67 52 67 122 18 41 98 37 126 62 86 32 38 37 121 87 111 83 79 14
    80 6 84 116 85 96 101 33 30 91 38 86 47 113 28 76 96 21 2 96 119 92
    121 63 48 17 16 112 96 54 67 11 59 70 67 93 15 22 59 91 19 9 121 107
    18 4 103 51 45 23 59 54 34 121 99 76 26 46 93 12 24 121 67 41 30 115
    88 82 62 82 17 79 94 100 69 6 46 38 6 73 58 101 53 82 5 30 113 61
    107 1 22 44 95 58 82 125 63 101 23 98 59 51 61 122 56 70 14 106 120
    16 9 90 102 80 62 103 32 42 33 54 28 69 52 101 88 92 71 52 57 113 71
    127 120 10 81 23 8 87 76 66 61 103 106 47 61 122 103 118 61 79 124
    36 69 21 33 38 44 48 55 82 5 127 18 46 64 60 3 47 9 106 90 22 52 106
    13 42 116 2 68 67 73 126 33 103 79 1 115 9 67 58 32 59 5 16 109 18
    39 60 33 105 57 124 83 62 12 113 102 22 29 11 65 89 38 107 55 68 26
    30 52 111 121 1 11 118 56 101 83 47 30 46 70 53 70 58 122 2 33 83 83
    107 30 90 63 39 87 103 77 100 74 97 118 104 127 106 89 90 66 81 58
    67 102 85 65 70 44 104 95 23 53 74 41 122 47 64 50 20 88 68 29 31 72
    103 1 77 67 33 7 8 37 112 110 39 94 98 51 102 94 114 33 30 120 57 24
    7 49 86 62 121 29 88 80 14 23 98 12 12 55 72 26 105 1 14 44 99 86 60
    110 103 71 6 25 49 99 80 126 107 27 10 80 12 77 35 6 125 116 93 72
    76 108 10 115 38 101 119 52 38 90 49 14 71 96 54 122 107 42 24 11
    109 25 100 44 105 32 33 119 61 39 82 85 55 85 107 127 2 80 34 101 41
    64 35 117 92 68 85 30 111 11 50 99 25 74 55 49 117 107 73 85 86 3 63
    79 7 83 62 103 44 34 78 74 28 111 99 48 90 103 126 105 115 34 127 0
    45 23 58 69 61 69 105 115 110 108 93 111 64 34 50 87 62 43 41 123
    121 115 82 100 102 101 107 53 21 77 112 113 69 98 42 96 105 24 73 72
    15 106 99 46 53 88 84 87 90 61 32 97 126 8 86 18 125 87 13 83 1 87
    55 52 49 75 72 71 55 67 106 55 125 71 36 39 50 72 16 116 76 47 112
    47 3 100 31 71 51 31 82 66 76 22 76 106 96 88 24 118 105 113 38 123
    1 89 61 119 83 52 120 56 54 79 77 13 109 57 79 113 97 107 83 115 61
    3 13 72 45 17 32 94 24 6 13 125 2 18 49 52 54 60 67 92 4 81 75 116
    112 6 12 34 127 83 125 37 2 25 34 72 125 22 7 98 21 60 43 121 75 81
    119 15 35 22 68 52 74 31 118 118 111 57 28 105 66 63 28 36 6 1 111
    14 12 44 107 80 88 120 48 81 110 73 96 55 102 28 35 119 57 11 39 62
    120 3 34 70 82 61 126 113 103 62 35 45 21 74 101 118 104 90 65 91 48
    94 16 123 41 70 12 78 46 67 87 96 46 114 0 99 32 40 28 48 66 104 48
    41 43 110 72 59 8 56 20 60 76 37 32 63 24 2 123 58 8 85 13 124 106
    52 71 60 28 121 15 37 8 23 123 109 26 123 113 61 26 106 112 123 25 7
    12 6 0 5 19 4 82 5 42 64 78 95 10 91 42 23 47 5 98 111 60 70 16 120
    47 120 18 85 11 46 82 58 34 35 102 126 57 68 31 57 76 120 101 115 13
    87 48 51 91 113 84 69 18 32 48 82 111 74 109 111 65 36 100 20 72 50
    27 87 41 3 45 63 53 22 46 97 70 29 104 123 80 31 48 74 39 48 90 96 6
    111 47 13 95 24 4 124 61 62 13 35 40 87 9 127 46 19 7 100 45 15 101
    7 67 35 26 106 95 82 109 89 90 17 22 30 126 39 108 1 77 29 100 28 65
    95 100 117 89 123 74 29 126 10 11 23 21 66 60 58 58 23 113 118 67 29
    42 50 27 66 32 32 127 11 62 6 3 119 29 5 17 36 23 81 102 28 31 41 34
    58 20 108 12 112 85 18 70 49 9 90 107 126 10 16 7 58 70 29 90 111 72
    58 119 29 18 43 10 115 12 30 46 20 106 124 64 97 9 52 105 31 17 53
    115 31 57 83 47 31 76 98 101 35 105 77 28 42 43 114 6 81 59 16 5 99
    114 62 17 77 108 18 98 97 124 22 96 42 0 120 23 124 5 26 55 57 55
    110 125 24 90 64 61 108 115 50 73 4 72 20 33 57 18 113 84 26 101 50
    13 0 69 44 55 70 27 3 106 77 47 106 73 11 47 82 68 27 67 123 22 69
    29 91 25 56 83 90 123 71 37 52 15 88 122 60 78 64 23 19 92 43 35 12
    31 7 125 16 13 88 14 9 95 71 73 63 60 73 27 113 5 111 91 40 57 55 33
    93 54 18 114 36 38 39 102 80 122 97 83 108 19 8 22 39 112 20 2 123
    112 120 64 101 71 47 16 127 51 37 46 2 111 85 42 74 51 52 118 34 127
    85 23 51 112 4 92 9 81 58 107 65 108 47 60 97 104 49 52 29 115 56 44
    76 86 74 123 29 19 1 69 89 1 87 54 70 107 15 98 26 51 83 86 94 27 82
    1 90 1 36 31 99 103 123 43 76 59 125 17 118 50 86 44 67 65 19 124 94
    39 74 14 85 26 95 16 62 120 80 126 124 119 72 118 36 7 43 40 114 85
    46 106 1 63 123 42 76 11 26 8 18 91 74 43 7 14 5 80 11 6 4 26 57 106
    34 82 68 54 77 117 78 23 103 49 81 11 42 47 103 3 9 43 16 96 69 40
    110 1 39 48 8 119 87 58 62 20 74 121 6 72 96 116 32 33 6 98 63 115
    107 125 77 51 1 87 26 115 38 51 89 97 68 54 59 39 3 14 112 57 20 123
    101 48 40 3 78 0 3 20 42 96 3 73 15 10 48 18 83 10 66 18 88 15 89 21
    98 83 23 127 12 93 44 92 116 115 101 72 118 124 42 96 14 47 14 29 24
    89 33 69 115 8 36 3 116 16 80 106 73 48 26 62 63 124 65 19 103 27 2
    16 33 60 52 64 98 106 12 10 119 50 46 51 89 83 117 22 9 25 89 49 89
    82 85 121 64 92 14 100 54 18 91 112 89 117 15 122 81 44 5 106 12 102
    80 26 50 21 2 117 24 49 76 114 96 99 43 6 26 108 55 27 48 35 118 80
    123 51 58 56 70 23 44 44 124 100 122 57 116 8 52 106 87 121 27 35 26
    23 23 42 105 122 24 48 116 100 68 116 59 104 52 73 36 63 58 97 80 30
    92 81 90 32 1 114 34 117 80 46 95 93 41 63 26 34 86 120 99 58 97 121
    85 109 106 18 69 103 69 108 58 2 47 55 103 61 27 40 57 107 48 106 68
    90 103 79 38 1 44 65 58 56 90 66 8 102 111 101 85 8 27 39 82 63 64
    103 60 51 75 93 12 127 41 16 10 91 72 104 111 31 47 107 127 50 35
    105 71 98 20 21 7 114 112 104 121 110 72 42 100 98 27 123 82 120 86
    39 25 61 24 43 46 61 127 118 86 42 15 112 22 37 60 66 66 1 71 108 68
    10 87 49 116 28 59 20 28 126 52 54 13 56 120 89 98 30 85 106 32 79
    117 9 27 19 121 61 106 76 107 30 63 46 16 100 41 42 54 86 75 74 88
    101 113 62 110 2 0 104 55 23 61 27 107 20 114 106 11 59 76 96 18 112
    111 121 29 89 28 53 27 61 45 86 9 31 43 66 55 122 120 40 62 84 94 25
    59 124 68 106 118 11 39 22 26 93 12 55 34 77 127 75 1 119 94 106 72
    18 92 89 0 31 94 17 62 41 4 98 40 95 87 101 21 120 26 73 59 66 63 44
    10 34 3 30 97 28 76 75 74 72 66 62 95 4 28 33 69 55 46 38 66 42 73
    32 104 24 78 91 81 94 49 70 12 23 1 15 123 12 22 14 58 4 33 93 109
    21 14 6 79 41 38 12 84 115 116 19 101 46 112 106 40 28 8 101 124 56
    63 47 101 44 127 10 83 15 33 87 55 123 87 30 44 124 56 33 127 77 31
    30 33 23 91 34 57 36 117 83 92 107 62 115 127 65 84 33 28 126 60 122
    99 119 36 16 51 81 2 50 47 88 101 30 11 114 112 104 11 111 99 60 73
    126 80 103 24 62 34 99 95 100 36 96 119 51 13 12 5 23 111 98 123 81
    121 124 57 15 25 15 126 23 26 105 77 41 119 110 38 82 49 100 91 77
    44 33 46 127 4 28 117 104 10 113 57 85 20 57 105 72 55 9 18 17 123
    44 42 41 29 78 77 72 88 108 68 54 81 95 119 119 75 18 54 36 125 108
    126 111 107 113 118 76 7 26 65 99 93 107 43 44 114 109 90 26 92 88
    67 59 49 36 4 5 35 67 52 28 52 5 125 116 124 26 43 37 56 113 102 52
    85 14 82 59 23 39 49 116 63 103 89 95 50 105 75 127 120 38 106 3 11
    41 30 99 91 90 50 124 53 119 107 23 11 47 75 81 11 123 17 68 20 7 0
    73 25 77 42 65 75 25 9 18 20 104 106 12 82 53 127 85 50 19 75 41 46
    28 13 34 93 14 28 91 113 36 15 42 123 97 9 108 72 21 26 44 16 84 92
    103 15 123 31 58 110 118 89 35 63 13 58 103 97 81 93 12 10 83 104 71
    76 101 118 32 9 106 12 125 42 96 101 112 103 126 117 60 57 75 85 83
    77 97 16 51 28 92 56 83 81 16 55 13 44 123 51 29 103 71 27 92 34 7
    121 74 125 86 75 61 105 24 3 94 68 57 8 115 107 79 98 53 5 64 65 16
    72 5 1 125 78 119 48 95 70 67 113 96 71 14 75 25 61 26 120 98 78 104
    46 17 81 78 34 90 117 61 102 56 60 51 117 12 97 104 120 66 76 7 38
    16 69 20 20 127 100 6 20 59 34 92 78 76 105 66 89 30 46 55 82 41 83
    115 126 78 29 76 36 106 8 68 72 115 61 3 40 6 81 119 111 38 9 119 10
    36 98 83 68 106 74 106 76 70 25 124 47 93 69 69 120 40 85 27 7 39 74
    122 52 35 101 17 98 30 36 106 9 100 86 60 106 72 52 56 120 20 87 120
    19 115 126 13 52 50 38 110 39 5 75 12 75 11 91 43 122 119 105 99 20
    103 95 113 33 48 28 71 78 117 19 13 82 122 103 106 80 20 102 98 65 9
    12 11 59 14 24 98 33 64 45 90 40 50 29 70 100 55 79 119 78 127 83 98
    119 108 25 74 49 48 100 51 24 116 36 124 37 25 15 123 26 124 127 119
    78 1 107 122 0 124 98 0 44 34 30 22 114 43 56 59 39 111 4 118 46 82
    1 125 85 5 74 64 31 6 109 17 24 13 111 108 17 108 11 10 115 12 96
    105 20 84 55 70 112 76 117 58 28 127 33 11 115 57 88 32 42 108 70 41
    41 36 30 19 80 99 107 95 78 18 38 23 108 87 107 65 24 103 8 125 126
    43 42 124 65 60 14 56 100 55 117 71 19 126 119 91 27 86 5 47 77 81
    85 29 31 104 4 61 108 121 52 122 71 25 23 27 57 60 121 16 94 0 4 75
    52 100 103 49 105 47 42 8 92 12 17 7 99 69 83 94 97 68 4 59 75 81
    111 33 63 12 122 111 47 40 63 85 94 70 81 70 63 101 97 0 87 40 70
    101 74 79 76 113 28 19 43 1 10 63 121 40 70 116 49 45 81 77 53 69 22
    36 15 28 90 7 96 9 60 85 111 27 62 19 79 112 38 13 9 17 90 63 101
    117 51 119 117 98 78 4 25 38 42 47 112 41 103 96 103 34 122 5 95 50
    57 42 51 97 103 60 105 56 108 111 20 28 25 54 75 62 84 57 93 36 81
    51 3 45 59 91 0 8 89 78 27 109 96 27 40 8 57 87 52 118 75 4 91 69 91
    64 72 17 114 17 18 53 17 43 119 49 88 7 35 110 76 39 2 56 81 88 31 9
    11 55 32 100 58 7 25 32 119 7 63 67 58 1 71 116 92 125 92 108 93 9
    125 111 120 19 25 50 78 25 125 112 72 39 20 110 70 25 103 112 12 39
    102 104 38 50 93 16 37 19 33 113 28 0 40 89 61 2 47 8 83 0 43 0 92 3
    125 116 42 101 124 93 107 68 72 127 71 80 65 68 25 84 80 18 109 118
    77 16 17 39 25 6 67 95 57 73 40 52 82 61 25 88 105 49 34 18 122 108
    55 91 102 90 11 69 77 93 118 52 108 81 60 86 94 103 108 65 19 72 120
    127 125 97 103 56 113 14 106 97 76 1 55 14 68 127 117 86 68 46 84 66
    115 8 24 9 82 121 37 126 78 1 18 100 76 18 91 105 1 79 101 13 65 105
    30 89 125 86 19 0 33 12 3 101 51 79 83 102 100 21 4 49 15 90 96 6
    121 8 81 26 119 43 26 8 77 14 112 31 45 55 109 10 39 1 38 116 20 39
    86 45 124 119 53 37 114 0 107 2 103 74 29 37 57 126 27 101 21 96 57
    83 72 39 30 6 12 94 102 35 1 47 115 20 41 86 101 53 59 43 79 71 21
    59 105 7 115 108 116 67 127 51 74 99 65 29 127 62 106 90 16 91 71
    118 24 47 76 23 122 63 27 73 89 12 91 125 75 56 110 64 77 35 55 28
    24 103 109 18 32 108 57 98 90 74 127 10 5 86 68 43 65 103 46 125 63
    99 83 19 45 125 36 112 24 0 83 22 18 29 68 125 41 41 46 58 24 115 72
    119 100 60 124 70 2 115 78 24 110 73 51 103 109 30 42 19 113 19 79 2
    43 6 54 80 126 62 39 2 90 16 84 83 94 76 116 125 38 56 31 8 36 84 65
    31 83 72 116 75 66 64 91 62 42 46 111 68 42 7 45 20 52 94 94 22 124
    99 127 54 76 108 90 108 20 39 41 0 121 44 60 9 28 61 23 72 20 125 7
    46 55 119 126 31 120 24 104 13 120 49 75 80 95 37 71 80 52 30 24 47
    4 104 100 122 99 62 78 116 85 121 91 7 57 6 78 74 37 106 61 91 34 70
    104 48 68 80 92 20 79 60 110 79 39 54 34 1 28 73 25 5 55 55 65 80
    124 79 20 16 10 29 17 24 24 41 115 120 77 61 67 100 24 97 99 47 87
    41 12 79 63 73 4 12 22 70 75 46 92 44 56 2 109 54 24 93 55 96 38 31
    85 9 4 94 6 32 105 52 117 94 31 64 61 64 94 113 32 51 9 83 42 114 71
    34 92 77 122 48 10 4 100 28 93 34 113 88 73 103 69 15 4 100 15 13
    102 73 51 53 13 71 117 114 82 90 120 22 45 54 126 41 68 126 95 30 96
    65 8 61 8 6 74 73 0 70 50 66 11 74 113 85 85 62 39 102 125 108 58 77
    32 8 60 106 22 111 118 121 59 124 41 70 46 123 41 29 50 123 56 84
    125 94 15 45 86 26 68 3 74 122 102 63 9 42 49 24 48 20 100 116 50 42
    83 28 76 116 19 85 97 127 103 50 44 28 2 116 100 125 97 106 52 83
    108 56 75 82 2 12 92 110 50 121 8 28 111 21 60 99 122 10 81 43 98 2
    38 76 47 112 88 125 35 97 108 38 73 10 123 100 34 86 83 2 110 22 99
    11 124 11 49 45 42 82 107 112 39 121 114 75 88 112 66 15 125 81 41
    26 38 79 98 6 88 120 75 36 71 17 7 30 116 64 81 51 33 90 104 116 51
    52 2 94 6 100 10 10 5 64 59 99 40 120 10 114 67 119 63 79 56 41 126
    111 1 22 80 114 40 68 36 107 112 0 125 96 24 30 54 118 65 18 103 49
    58 17 109 3 14 93 58 110 29 100 85 118 74 44 106 24 77 12 92 8 125
    45 48 116 80 9 124 42 31 63 4 50 4 112 8 0 83 103 34 106 15 39 20 22
    81 107 6 106 87 83 102 50 114 100 36 91 90 30 54 44 46 125 6 91 118
    95 45 103 76 49 54 16 90 31 12 57 98 10 119 102 114 80 76 16 14 109
    56 27 99 113 65 11 64 57 43 96 30 76 49 108 26 117 81 14 59 50 126
    79 34 88 67 49 34 89 125 55 41 95 29 53 122 15 116 68 64 21 49 110
    41 114 68 75 28 124 17 64 35 31 14 55 48 13 90 34 33 4 4 117 86 125
    2 16 108 32 48 48 114 109 59 126 38 6 111 46 73 99 44 95 57 92 117 3
    67 50 22 125 82 30 124 15 92 96 63 25 125 106 101 105 73 74 16 91 63
    43 45 116 0 52 26 34 118 63 106 52 87 70 26 83 0 35 68 78 62 102 77
    12 54 40 83 107 124 49 90 104 100 1 69 91 14 30 46 15 1 37 92 64 23
    21 1 123 35 12 115 16 40 53 52 122 127 22 21 123 21 10 30 75 13 30
    106 120 104 11 124 35 97 126 116 48 102 8 98 74 1 64 43 24 106 19
    114 89 67 30 2 97 112 13 31 73 62 104 10 15 21 18 52 104 80 85 30 97
    23 81 5 102 26 53 61 119 44 88 98 43 44 99 102 50 68 20 101 111 12
    66 22 35 69 15 53 21 87 9 45 52 117 91 125 79 52 121 35 39 114 77
    117 13 90 39 10 13 79 111 81 18 17 18 76 51 85 10 58 58 54 126 58
    110 27 21 84 5 97 106 31 43 34 35 62 82 30 116 0 30 4 9 92 109 11
    100 36 18 31 107 19 79 103 7 105 65 79 48 35 64 14 20 68 26 31 71 10
    24 19 106 37 62 74 2 122 54 55 114 28 76 124 32 122 99 66 114 122 88
    100 14 91 93 113 72 57 65 15 123 18 90 24 64 69 107 43 121 62 90 1
    39 20 54 104 24 65 126 90 17 9 71 92 32 119 10 108 83 50 7 14 1 121
    38 94 74 48 83 123 2 72 19 24 43 50 52 55 31 54 94 111 3 91 123 40
    109 11 69 57 67 59 46 127 85 74 68 68 32 46 87 81 123 110 112 1 27
    26 68 98 115 105 112 112 51 24 25 101 112 22 17 30 64 53 22 98 105
    38 48 118 108 53 82 117 32 68 64 60 82 11 32 29 37 112 61 50 98 13
    31 120 37 93 62 80 42 115 48 43 27 83 53 116 18 114 109 19 120 121
    125 13 91 77 95 119 41 109 111 16 78 51 64 22 97 74 124 41 60 113 99
    88 37 74 48 69 32 13 19 31 86 78 0 100 105 37 63 105 101 82 21 35 19
    48 65 80 2 18 12 8 89 1 119 120 34 86 5 1 88 60 48 55 72 111 89 106
    125 21 72 71 123 84 41 31 21 6 77 107 26 115 17 66 45 88 33 69 84
    114 88 63 40 16 0 116 78 77 82 38 69 28 125 48 124 84 72 6 104 35 45
    3 122 12 119 99 52 74 16 55 27 77 103 68 97 12 5 114 100 50 79 42 65
    72 120 77 82 36 42 120 123 43 81 123 44 42 21 38 52 121 62 118 116
    121 91 59 18 30 17 8 9 68 106 50 39 10 77 42 24 26 16 29 106 3 39 99
    68 30 110 57 31 36 4 58 48 30 70 79 113 26 124 92 21 78 119 50 93 77
    108 90 123 92 21 62 20 33 59 22 88 105 85 125 89 63 106 98 90 75 73
    8 60 62 108 23 99 76 26 118 49 64 114 47 16 45 100 118 25 1 119 66
    23 68 44 59 22 72 49 110 113 40 58 86 88 32 97 83 119 28 15 96 90 47
    88 47 126 69 50 85 117 69 102 79 10 93 69 27 53 106 69 66 83 23 69 4
    90 46 31 25 96 28 32 75 57 73 55 32 78 24 96 90 44 39 72 0 19 85 15
    51 46 36 41 26 15 5 65 106 52 39 97 121 38 113 123 92 80 78 88 72 6
    46 113 107 31 48 86 97 60 78 106 101 84 95 70 39 74 32 111 24 111
    102 27 59 28 70 100 19 61 91 57 35 123 24 87 50 32 110 71 118 100 58
    103 91 64 61 12 93 117 71 67 26 6 112 127 41 127 50 17 48 7 4 3 64 6
    31 39 81 123 26 47 126 19 60 62 118 32 100 1 124 48 127 125 24 44 26
    88 97 75 100 116 40 83 49 80 127 3 103 89 47 104 27 87 69 46 81 39
    63 65 49 29 117 74 73 113 103 111 15 45 55 13 127 87 82 27 31 93 32
    61 31 68 103 38 45 85 30 67 38 122 70 95 64 70 14 77 95 41 126 96
    109 16 40 67 13 53 113 76 104 55 98 39 100 127 50 3 25 13 59 38 9
    105 86 30 42 98 118 117 18 113 4 116 97 92 18 71 27 66 77 10 70 62
    119 70 103 24 75 93 66 97 63 14 107 89 113 125 88 30 117 15 126 76
    114 99 59 124 11 13 51 41 31 46 56 103 47 68 106 103 71 9 127 118 47
    48 106 55 37 77 14 50 96 9 61 61 47 94 90 30 34 87 11 64 50 79 71 52
    60 98 78 74 86 16 8 104 52 109 43 103 19 114 31 46 115 11 67 38 54 0
    105 36 83 35 102 87 0 100 2 34 48 52 85 82 50 45 31 113 112 3 92 10
    61 91 5 16 122 87 13 77 92 101 22 23 32 92 10 105 104 20 107 90 127
    15 7 28 16 87 51 8 105 125 75 102 100 119 14 110 63 34 93 87 99 37
    60 74 72 75 3 21 19 32 18 35 29 126 41 66 59 103 63 53 105 27 56 27
    38 21 101 32 50 62 18 75 117 50 1 17 44 22 35 44 121 64 67 117 27 90
    31 87 114 91 62 110 93 112 35 77 52 20 87 55 64 117 3 80 54 5 18 44
    51 17 58 68 38 63 53 114 11 37 80 70 97 16 110 35 57 47 53 104 7 123
    15 106 13 9 75 98 41 86 81 97 126 114 56 45 60 60 14 10 119 61 24 55
    59 0 98 43 119 69 42 37 121 59 127 4 109 64 73 100 34 96 72 8 99 0
    59 75 58 72 117 70 68 9 61 90 63 56 6 18 16 45 51 36 58 108 92 19 86
    78 88 38 16 33 52 6 101 37 31 79 53 69 98 1 46 115 100 113 101 33 61
    49 84 22 107 47 104 100 56 82 100 36 82 126 41 49 27 93 39 114 73 32
    124 107 102 104 53 34 49 3 120 6 111 127 125 94 68 96 66 36 17 62 0
    30 69 71 91 37 2 88 4 93 5 99 107 12 7 65 65 102 60 118 114 15 117
    95 84 80 14 80 46 122 125 93 114 18 104 61 16 84 5 118 93 3 101 59
    55 32 66 101 113 104 71 119 67 13 96 42 86 118 91 62 11 8 25 29 4 61
    113 85 16 57 10 111 68 66 71 89 8 68 87 92 107 53 21 125 106 17 51
    10 28 45 33 78 80 99 38 88 13 31 46 89 23 20 75 127 81 113 87 22 11
    32 24 12 16 95 48 110 72 68 86 36 15 35 89 69 60 19 69 22 15 122 38
    52 85 4 47 49 54 113 86 8 58 85 64 25 117 70 37 47 111 105 77 91 78
    112 86 95 101 115 38 52 23 13 28 34 84 72 57 51 98 59 22 40 38 55
    109 4 122 80 81 118 126 9 57 21 93 79 81 91 15 19 90 109 36 63 116
    126 42 7 125 107 40 14 26 0 13 97 13 57 44 26 16 50 58 83 61 73 70
    122 7 29 105 100 10 11 114 72 7 25 15 105 52 76 20 122 112 90 34 123
    62 15 21 35 110 115 98 125 113 30 24 68 24 80 83 61 86 80 74 81 46
    79 80 11 120 124 109 17 90 127 23 18 68 41 60 20 111 34 22 44 35 52
    81 51 12 65 0 113 3 95 2 5 9 26 89 115 107 58 62 28 43 96 7 118 81
    69 116 22 109 103 110 112 54 26 57 83 121 105 4 88 49 41 67 112 86
    28 124 125 93 107 38 55 46 45 109 82 102 9 11 11 88 78 102 68 59 91
    122 28 115 105 109 125 31 41 125 94 117 82 49 101 99 24 65 59 95 101
    73 26 21 10 106 78 102 82 4 31 93 115 95 27 82 114 74 26 65 66 41 80
    21 119 58 44 124 50 62 1 10 86 41 109 23 124 45 30 89 112 67 5 64
    119 64 123 78 88 25 25 30 21 90 10 47 99 12 75 78 46 19 97 86 15 82
    24 49 75 16 81 0 99 91 13 104 93 41 90 60 54 122 109 96 56 118 16 9
    111 54 88 18 30 16 54 71 54 58 4 73 19 46 54 9 31 41 60 40 12 121 81
    55 76 24 124 114 5 73 100 98 12 90 108 21 74 121 7 103 69 63 47 58 9
    26 10 38 100 46 80 19 39 126 50 96 75 115 26 101 25 94 15 105 23 33
    93 110 124 77 74 65 5 56 7 102 4 27 74 72 95 45 100 23 109 0 17 78
    10 126 91 26 80 19 123 110 33 121 1 68 12 74 126 57 24 78 41 80 127
    26 29 120 106 3 22 30 17 66 15 76 58 68 83 9 69 8 120 112 101 44 13
    108 83 12 77 89 24 57 41 66 100 122 2 70 113 69 49 112 49 87 30 112
    92 11 103 36 7 41 72 29 61 87 89 67 13 116 67 8 53 123 87 113 120 88
    76 25 30 126 62 115 121 113 64 89 94 81 31 28 121 20 21 120 112 1 75
    107 48 83 31 52 14 38 65 62 83 66 65 114 94 105 84 119 75 123 47 12
    18 87 11 23 44 14 1 96 107 117 8 41 107 62 48 123 7 94 118 68 115 67
    93 44 5 8 7 18 89 52 28 105 115 60 63 96 110 47 74 54 72 46 118 4 7
    45 50 84 103 15 108 23 71 52 71 20 90 0 101 102 84 109 102 26 55 117
    112 115 40 60 92 112 73 42 122 95 25 47 58 38 114 53 10 70 49 56 7
    56 109 14 29 12 92 102 127 62 13 103 18 19 101 17 97 63 78 74 16 85
    79 2 88 86 42 28 62 89 39 76 2 38 112 110 46 114 60 95 114 115 63 72
    74 114 88 50 126 70 62 15 3 84 92 25 116 89 57 87 37 51 122 67 21
    114 61 44 66 123 63 88 117 82 123 14 57 81 23 112 101 18 5 91 13 58
    94 6 27 95 74 64 68 86 83 41 19 35 104 1 107 48 24 91 33 28 95 52 57
    43 90 44 38 13 99 117 85 56 112 23 94 78 65 68 15 28 88 87 123 15 44
    51 44 125 122 113 92 121 117 13 25 101 79 92 46 119 60 71 79 4 106
    27 77 15 7 64 124 95 107 81 45 18 94 63 83 119 91 54 9 75 104 34 47
    76 37 63 38 98 121 72 101 75 77 48 70 92 29 20 41 35 97 93 54 125 78
    118 79 123 89 42 78 4 38 54 27 87 59 108 90 103 122 70 124 28 95 85
    44 57 74 86 91 3 32 23 23 23 30 28 43 45 99 31 34 34 94 26 80 121 96
    53 42 103 39 42 46 32 40 37 67 94 6 61 61 123 89 69 5 97 41 19 107
    25 79 91 68 106 38 63 19 102 48 82 69 1 104 100 32 69 88 24 108 53
    29 31 1 9 42 0 0 66 60 48 34 14 90 9 67 54 68 124 104 54 103 93 74
    82 94 2 116 68 24 125 19 85 21 83 63 117 88 125 101 42 94 82 123 17
    123 25 64 43 87 9 57 38 55 81 103 28 33 42 66 75 125 8 60 24 20 108
    20 114 67 30 59 65 71 64 78 82 97 26 117 110 36 63 44 48 36 97 111
    115 71 39 48 98 68 70 23 84 16 55 94 32 22 99 20 13 105 41 111 109 1
    8 52 6 117 125 48 92 58 104 83 20 103 77 65 114 51 76 7 37 113 95 21
    92 90 47 39 26 14 122 100 89 51 84 68 94 93 78 74 96 29 61 33 55 27
    36 71 83 23 1 122 54 107 26 72 81 8 105 81 31 111 121 55 74 92 70 80
    103 79 66 21 0 74 29 71 23 101 23 59 27 116 78 109 77 28 59 98 98 15
    52 98 28 49 92 66 113 49 13 33 123 13 107 67 60 14 60 88 42 123 75
    42 90 70 30 90 101 33 18 21 9 2 21 14 114 10 19 21 7 85 126 63 64
    103 74 58 2 105 94 9 73 48 108 92 112 106 41 108 85 69 115 73 120 0
    85 20 63 68 66 79 51 104 56 81 51 30 26 122 106 72 3 59 102 40 64 57
    102 76 122 60 101 20 62 30 33 110 81 121 42 99 9 11 0 97 127 56 39
    79 80 98 100 52 79 127 94 92 76 62 43 59 0 14 47 5 7 73 114 45 109
    36 74 11 87 56 5 10 30 24 12 112 59 98 7 69 35 79 68 106 9 100 9 7
    17 19 34 65 24 41 59 26 29 2 69 3 43 76 58 52 30 113 33 50 89 63 98
    25 48 106 42 23 63 99 124 91 13 94 81 52 45 17 72 57 85 43 95 28 96
    70 70 117 114 101 58 93 112 92 27 46 19 25 127 76 125 114 93 4 63 55
    48 48 92 66 42 81 81 33 74 35 69 90 16 51 3 117 17 30 85 60 97 118
    72 58 103 94 73 66 67 75 111 3 102 4 93 12 110 105 119 51 13 34 27
    59 118 121 117 116 36 76 106 103 9 9 99 56 121 9 93 7 79 67 23 90 84
    111 38 81 53 95 104 70 121 97 110 77 94 37 20 101 14 55 17 76 1 64
    26 63 6 107 127 117 105 47 59 23 106 74 14 83 118 73 15 93 10 14 67
    101 4 22 97 20 70 61 24 6 9 52 84 102 36 2 59 59 28 111 111 61 54 1
    88 79 113 73 100 117 113 124 71 12 117 104 66 123 24 81 7 101 68 78
    70 18 27 44 8 12 114 29 94 104 47 116 27 6 52 87 72 22 5 59 65 57 79
    44 3 11 37 70 52 84 26 126 38 125 58 70 110 81 8 68 58 120 78 94 50
    39 74 21 110 18 28 15 66 15 21 77 84 64 111 8 68 82 118 39 58 97 16
    68 116 27 72 70 70 75 41 42 118 26 103 84 2 83 5 116 94 121 69 71
    122 30 124 91 80 115 120 94 99 113 47 127 73 1 3 73 47 56 106 7 22
    13 94 1 3 23 36 24 116 7 17 30 62 109 78 43 115 52 106 57 18 15 12
    24 126 84 12 42 28 74 46 45 96 71 120 125 6 110 66 88 36 48 74 0 1
    57 76 15 45 60 44 14 40 97 109 85 16 114 60 117 50 71 113 125 97 5
    14 29 93 36 37 10 90 74 70 59 111 97 28 1 29 55 102 97 34 116 37 44
    51 5 7 106 24 64 38 108 14 36 34 36 59 117 52 114 29 106 118 21 111
    39 93 97 21 48 36 33 34 16 104 113 36 60 115 98 36 42 78 84 62 71
    127 68 71 123 4 80 28 8 62 60 25 3 97 22 53 104 16 75 63 73 0 122 43
    84 34 110 57 7 122 63 31 123 21 103 108 104 71 21 78 96 12 118 31 91
    19 111 88 69 79 11 14 123 77 6 64 126 38 26 110 30 81 46 81 122 93
    84 6 39 82 98 126 75 72 120 124 76 126 39 78 71 92 105 124 20 44 15
    105 114 37 85 88 45 112 93 105 46 85 98 73 112 15 25 36 78 38 72 42
    40 17 121 91 104 1 108 87 126 103 101 109 75 13 123 42 24 6 29 23 58
    99 68 46 115 118 91 37 47 32 94 98 94 28 61 35 46 124 97 113 36 53 0
    7 66 89 42 93 127 17 53 41 59 54 61 110 62 12 92 89 124 45 48 102 14
    53 68 67 0 118 56 7 107 40 45 106 101 66 86 63 124 79 88 107 101 82
    85 22 81 105 92 54 59 33 31 116 22 25 82 83 116 6 27 19 115 102 102
    43 110 16 18 125 58 64 56 91 89 53 51 69 90 70 34 96 50 71 76 74 109
    68 60 15 12 58 49 84 76 44 26 2 57 117 32 58 10 45 79 24 62 18 88 65
    22 22 115 61 124 99 7 56 118 57 125 94 0 26 32 123 91 84 113 44 102
    19 9 22 124 80 41 33 28 41 64 124 96 75 33 45 33 84 98 123 73 71 94
    44 73 87 19 66 20 17 124 109 41 4 41 107 86 114 38 89 30 30 72 58 25
    106 103 118 120 76 97 93 11 5 108 28 53 7 63 62 10 44 48 85 24 66 18
    5 6 28 79 74 87 87 82 57 72 78 76 112 121 89 15 37 122 35 92 17 69
    109 99 90 121 56 69 104 55 9 75 31 14 84 114 80 58 67 63 57 115 58
    64 60 90 109 67 5 20 10 77 55 85 64 110 88 33 90 109 80 65 24 124
    106 101 32 91 17 82 21 89 85 16 113 9 42 107 90 107 30 113 41 24 23
    127 122 116 44 47 87 50 57 3 32 50 45 101 115 6 44 125 33 48 78 111
    126 26 76 18 48 94 69 34 94 48 80 106 117 67 1 99 125 52 33 53 10 69
    15 36 73 53 25 127 18 59 92 123 78 42 87 71 4 3 50 108 49 74 122 19
    124 22 114 53 15 112 41 109 36 37 79 102 0 13 93 44 60 84 0 1 87 113
    45 76 116 35 124 62 50 119 76 40 83 85 119 44 85 77 69 109 17 51 70
    29 31 20 62 63 127 88 89 64 87 11 112 74 40 69 105 95 57 70 16 34 56
    4 83 124 102 5 53 23 106 120 78 6 107 127 88 124 21 116 95 61 32 50
    15 86 30 37 16 32 95 17 87 54 48 44 60 102 76 73 67 115 31 97 7 105
    43 34 109 115 56 85 62 122 105 70 26 10 74 2 40 66 30 87 20 84 89 86
    41 25 62 29 18 116 81 55 127 55 40 98 86 99 114 122 29 99 64 87 7
    101 93 116 58 116 90 63 37 116 55 43 80 40 36 3 83 15 71 80 100 5 94
    114 126 111 3 118 53 32 92 53 98 110 55 18 6 80 100 24 9 77 47 119
    44 85 125 55 29 94 97 94 75 94 114 111 65 1 106 126 74 69 8 116 103
    114 24 19 15 11 16 19 81 41 78 101 52 106 68 5 42 47 67 15 102 47 0
    4 30 91 92 63 47 84 32 98 120 32 5 119 86 106 114 117 112 116 40 68
    123 76 65 12 32 117 74 24 90 20 72 111 1 96 22 89 88 32 42 88 14 58
    4 100 92 4 51 103 54 73 110 82 85 105 32 68 107 105 122 70 68 25 63
    20 95 40 29 41 9 122 121 66 88 72 7 50 22 32 15 51 24 102 12 63 49
    48 99 5 98 112 58 84 38 99 58 46 119 59 125 60 70 44 83 52 98 107 14
    70 33 113 19 19 73 26 13 87 33 7 117 85 36 74 93 42 94 120 7 50 9 15
    59 85 89 7 44 20 41 7 79 78 9 104 125 50 62 84 26 105 108 15 116 115
    29 19 36 104 30 28 19 102 13 64 25 61 118 7 65 5 49 35 55 114 126 63
    29 69 23 57 72 116 37 51 71 98 35 67 67 11 22 42 88 18 34 108 91 39
    18 120 61 84 79 36 19 96 63 92 107 112 3 76 14 56 59 74 2 94 34 119
    98 2 72 77 41 30 46 120 53 18 44 27 84 122 42 53 26 2 79 99 39 112
    95 13 61 51 1 98 85 9 119 7 48 91 91 8 112 28 48 65 27 30 7 47 46 20
    24 2 106 79 79 76 62 17 32 53 5 14 77 19 15 9 0 90 53 22 27 124 40
    47 123 47 18 99 62 3 55 30 15 13 87 50 43 108 67 75 91 84 124 118 18
    33 0 27 50 91 108 66 43 7 29 41 3 79 107 50 65 62 49 70 27 3 21 104
    80 74 105 5 69 78 69 61 95 52 48 87 124 60 27 88 94 112 86 30 47 36
    61 118 84 4 3 3 118 123 108 72 55 81 21 42 28 42 88 64 31 89 9 62 24
    79 95 112 55 124 54 127 84 116 75 81 111 115 36 124 58 78 105 2 51 5
    6 63 81 46 80 28 12 18 23 56 11 62 32 22 102 107 11 29 72 49 91 46 3
    2 6 66 91 16 107 75 39 45 13 73 22 97 98 64 28 94 122 92 17 92 124
    123 111 114 31 5 26 72 93 88 107 109 55 71 71 98 0 39 45 118 90 9 89
    93 65 95 40 36 83 11 15 125 67 54 113 8 44 17 42 93 27 24 127 27 49
    48 70 47 101 25 108 57 77 60 62 86 35 104 47 55 42 22 43 122 56 82
    27 0 88 124 79 85 118 94 120 34 115 14 1 121 21 42 91 58 100 63 92
    98 79 106 7 12 13 13 108 61 75 5 116 91 63 106 107 116 88 96 75 106
    114 42 65 51 122 70 54 126 119 22 108 114 55 59 71 51 122 118 126 35
    28 127 6 11 10 51 57 45 4 99 86 3 121 39 52 69 83 7 113 77 28 60 103
    48 119 93 122 92 85 124 115 2 62 48 97 43 57 88 27 111 122 2 117 39
    31 103 76 52 80 81 97 33 20 69 69 38 33 79 8 27 98 65 118 124 47 8 9
    85 111 22 29 39 48 55 19 39 107 75 38 75 121 29 103 82 31 120 102 39
    33 123 47 54 75 61 127 60 46 29 73 0 101 48 81 97 77 94 59 74 82 86
    73 39 95 127 26 123 16 125 68 20 46 106 121 6 93 35 25 71 125 19 9
    40 34 43 26 109 18 55 9 72 121 76 53 26 9 89 101 115 103 101 37 33
    51 94 63 59 93 82 25 13 25 98 91 9 62 102 93 79 52 126 36 118 73 93
    33 40 35 72 9 75 75 56 75 6 64 66 110 37 44 99 67 115 57 78 110 9 27
    30 45 15 79 116 100 117 85 16 65 73 79 9 79 43 16 49 43 13 121 101
    79 69 22 93 21 75 54 15 71 0 101 95 67 6 107 99 119 63 75 107 81 103
    46 67 76 83 112 126 115 64 41 18 95 79 72 58 38 31 85 50 5 1 58 21
    79 23 82 12 70 57 95 70 31 52 93 84 118 51 97 76 127 37 94 49 27 117
    32 16 75 31 55 10 108 69 91 89 94 3 98 9 116 11 27 31 12 75 119 57
    19 76 31 100 41 75 43 93 115 55 11 118 1 43 62 48 124 69 66 114 46
    39 98 45 63 80 81 52 115 36 11 62 28 82 103 32 121 3 38 107 105 48
    52 53 71 12 37 122 57 39 72 75 29 49 118 50 57 2 13 65 107 81 115 3
    57 118 11 89 112 54 15 110 80 73 101 55 80 125 10 107 52 125 98 74
    29 74 88 27 39 65 1 1 65 110 18 71 39 9 7 89 47 55 34 28 93 49 24
    126 54 29 48 33 47 96 98 20 39 16 102 39 81 65 56 83 49 50 61 101 12
    36 61 97 77 102 116 87 78 106 39 45 35 114 119 48 51 0 103 17 81 115
    88 75 29 11 88 16 72 52 65 104 14 58 85 124 68 73 78 15 121 1 54 118
    53 27 127 117 32 39 96 17 42 111 79 108 115 58 102 11 34 6 114 95 41
    113 21 29 40 12 99 13 14 61 112 0 46 45 109 65 96 18 32 35 87 124 18
    57 83 114 108 17 120 71 87 97 21 104 75 67 77 83 71 79 18 113 6 35
    33 76 104 104 123 92 111 12 62 63 70 15 17 58 82 11 34 100 122 47 96
    37 90 0 93 100 41 119 127 26 68 113 121 64 59 117 30 2 1 47 49 29 35
    23 51 85 122 112 94 2 13 119 112 79 82 96 105 127 118 73 56 89 69 30
    56 81 90 120 106 55 104 72 61 38 34 54 86 122 10 62 109 37 97 75 126
    82 23 90 96 108 65 2 21 16 16 99 72 47 56 21 80 122 25 35 69 2 12
    109 58 68 89 112 27 63 21 113 66 88 0 100 99 100 93 109 64 73 83 23
    92 74 21 97 52 36 42 37 90 48 27 29 39 84 111 97 85 27 86 113 116 32
    44 124 94 104 85 54 57 66 16 44 0 0 22 55 57 95 103 111 112 60 5 1
    69 98 43 97 31 125 93 108 73 120 22 51 122 84 118 32 108 50 119 52
    115 61 3 105 116 91 71 107 78 96 41 62 85 25 27 79 42 118 59 7 34 87
    62 120 55 119 52 86 103 28 123 90 66 34 114 19 55 85 81 78 73 72 39
    9 9 88 98 95 76 19 76 127 45 91 116 115 62 124 115 51 50 80 102 58
    36 26 102 91 11 42 73 108 15 62 16 92 60 27 121 68 52 77 4 5 3 3 58
    53 57 75 5 46 8 18 65 103 120 119 78 101 111 122 13 11 106 32 64 126
    115 14 15 65 37 30 57 105 78 51 70 89 49 51 3 15 59 43 9 64 52 40
    121 51 18 30 3 50 47 92 20 54 70 82 52 59 74 56 90 29 1 92 59 104 29
    43 82 21 127 87 70 90 96 9 127 95 63 124 69 56 17 14 18 91 6 18 55
    79 60 98 4 125 55 82 94 96 24 124 95 109 106 42 52 8 80 104 59 54 95
    70 31 103 89 124 24 77 62 82 72 126 93 45 70 122 122 71 114 71 124
    12 79 54 95 13 8 68 70 123 38 77 52 89 0 0 23 21 27 70 24 51 18 5
    117 123 93 10 83 16 23 77 96 14 85 23 98 57 68 84 86 81 80 35 114
    101 42 59 95 112 124 90 80 11 54 62 66 3 16 39 62 54 21 100 120 20
    18 95 126 41 103 48 23 104 125 65 2 3 110 66 30 79 70 49 10 87 37 24
    6 16 98 94 58 75 60 21 29 97 113 10 98 127 4 117 12 34 123 62 60 82
    29 87 26 77 0 46 107 88 80 100 67 53 101 16 96 91 112 40 25 76 63 20
    79 54 26 43 88 47 63 125 3 63 87 101 46 124 37 59 50 101 65 112 88
    68 15 14 26 90 64 72 57 121 22 118 26 35 12 114 70 113 39 16 7 30 38
    6 40 54 126 109 63 90 123 75 84 73 28 36 22 92 39 97 38 64 48 29 124
    25 23 17 73 25 57 78 39 111 8 37 90 81 21 63 21 88 11 51 122 38 121
    81 71 2 121 52 52 99 50 123 86 101 34 74 61 94 123 55 79 116 96 71 1
    116 126 37 53 58 25 121 96 47 24 34 4 52 115 0 8 64 74 13 95 1 104
    16 122 85 41 100 10 13 112 123 63 102 39 32 62 20 69 44 77 5 115 33
    117 46 7 87 116 73 48 101 20 61 109 12 43 74 60 38 56 18 89 99 43
    116 51 85 98 100 40 117 122 67 34 41 71 116 21 73 28 92 47 106 32 32
    14 91 10 32 31 112 51 89 98 6 54 81 110 49 96 14 100 59 77 72 12 115
    94 9 23 92 117 112 10 34 68 15 26 56 87 116 91 44 123 115 97 107 81
    85 95 27 21 93 29 33 83 127 92 50 24 106 53 59 58 82 119 1 30 61 69
    85 67 118 91 8 118 57 45 39 103 13 38 50 25 90 7 29 11 19 102 20 114
    115 98 89 101 8 88 46 60 18 93 76 99 71 97 72 49 123 31 87 49 12 26
    35 53 126 70 67 21 48 113 8 119 36 16 59 43 75 53 8 115 79 7 0 63
    111 22 114 106 108 110 60 54 99 26 10 81 45 74 19 95 77 84 57 80 101
    81 45 32 67 85 10 40 99 60 63 55 50 104 80 36 96 88 85 126 38 119 11
    120 39 116 15 92 50 115 12 27 59 108 106 29 111 127 98 51 120 25 20
    27 116 47 44 48 78 8 15 64 3 62 107 107 64 126 12 74 92 120 86 52 81
    92 12 39 120 72 90 54 118 0 116 118 46 19 38 67 80 16 56 66 51 67
    109 5 54 19 54 72 51 5 60 125 47 126 15 67 105 93 101 43 30 20 74 45
    56 39 113 52 111 92 104 93 119 35 3 45 35 30 52 90 26 5 112 49 37
    106 5 37 22 105 109 50 14 87 90 70 109 125 96 41 44 43 119 90 76 7
    74 11 79 41 82 122 112 3 96 102 107 84 66 117 117 90 115 9 10 23 51
    88 49 9 45 70 18 81 6 53 92 88 106 120 84 117 2 98 35 103 104 0 63
    91 80 99 7 71 84 35 125 107 0 109 53 111 81 106 20 62 37 27 2 45 23
    1 99 89 86 112 51 1 19 1 108 106 86 55 80 102 66 98 101 94 56 61 60
    57 43 117 43 2 16 61 73 56 43 108 90 96 116 16 84 89 12 70 65 124
    121 15 106 34 5 2 98 96 80 24 82 36 47 87 112 40 82 58 96 43 42 43 2
    118 27 21 76 104 15 27 109 28 55 95 14 99 53 62 50 21 125 45 58 74
    109 95 0 23 41 63 102 6 10 24 38 118 9 63 20 39 94 71 25 59 40 9 26
    97 127 72 3 51 74 59 69 32 43 112 116 46 72 68 30 90 77 33 123 39 73
    87 57 27 81 96 99 72 47 1 41 95 103 6 84 93 56 16 52 124 90 113 68
    52 24 30 57 17 7 5 17 26 38 0 13 96 64 32 55 112 81 3 50 37 21 123
    78 83 14 100 7 20 37 27 105 117 12 121 33 90 68 25 63 32 35 3 100 78
    47 23 83 92 30 125 76 124 29 115 74 90 17 55 70 86 112 102 107 16 1
    46 14 103 46 76 53 1 107 86 103 88 21 97 26 5 80 22 24 121 90 118 1
    47 27 21 57 127 14 115 76 50 67 108 28 4 13 121 94 18 25 75 48 38 25
    43 105 38 57 105 72 113 84 13 125 84 10 84 17 112 99 50 17 73 24 110
    100 18 13 118 112 82 48 82 97 9 80 88 45 87 111 126 102 90 115 5 115
    118 76 15 98 78 98 112 111 78 32 98 16 9 100 26 55 66 2 8 19 104 78
    98 60 58 115 7 26 67 30 46 43 37 65 59 126 7 10 29 16 109 61 37 27
    12 81 86 91 32 27 125 35 9 75 83 0 119 0 104 65 71 111 5 81 81 22
    119 123 70 56 26 69 32 11 10 25 34 114 21 14 99 5 32 123 95 19 118
    123 35 32 98 118 69 90 21 96 125 106 82 32 63 127 12 34 54 73 7 39
    82 108 25 30 32 38 110 118 108 68 105 84 16 120 3 28 24 66 13 114 35
    127 120 1 100 23 71 108 125 127 124 14 68 82 58 56 21 84 96 30 67 6
    79 2 90 76 21 100 17 23 95 34 73 8 12 73 19 79 121 22 29 42 84 115
    122 16 2 79 53 10 126 53 78 75 84 24 34 121 49 46 66 94 93 121 74 45
    36 95 115 3 2 32 16 59 42 68 84 100 45 124 21 127 121 109 11 106 118
    89 75 51 0 121 26 4 59 17 68 48 65 84 114 26 40 86 10 70 58 72 104
    31 49 110 5 27 0 42 83 92 14 73 86 103 65 126 52 72 11 117 106 90 56
    60 69 107 69 61 73 45 51 99 51 30 59 21 40 88 88 100 26 39 74 55 119
    3 62 61 124 73 38 56 39 21 2 16 92 24 115 83 33 85 103 69 76 91 124
    109 110 20 125 6 80 108 61 119 2 14 69 73 101 11 19 52 119 12 64 119
    55 43 59 44 117 85 83 40 65 8 34 5 15 45 81 40 36 35 17 55 30 112
    104 24 106 87 52 57 23 68 72 105 74 67 22 113 12 114 51 99 51 74 104
    3 5 60 90 83 93 72 115 108 104 120 47 9 126 116 50 56 30 37 108 126
    100 46 66 71 100 63 90 38 107 56 91 38 85 38 26 71 95 56 117 84 123
    5 103 36 61 92 81 72 64 126 46 105 127 21 36 111 29 90 25 55 39 86
    115 119 1 89 43 17 21 49 98 102 8 109 84 76 111 116 105 107 101 92
    81 64 91 104 113 45 78 85 95 4 62 25 127 117 86 98 57 8 12 81 100 41
    41 112 98 39 126 74 110 26 64 22 35 13 91 79 119 36 84 13 45 113 77
    66 32 67 75 63 106 11 19 16 126 32 27 59 103 35 14 56 44 79 13 18 0
    75 79 49 38 106 23 35 113 51 111 40 23 75 100 115 58 22 5 89 2 39
    115 15 4 26 51 30 63 118 60 29 62 73 46 97 43 93 19 50 59 40 32 23
    83 7 106 71 51 68 5 54 75 73 97 32 99 119 125 122 118 55 7 91 53 76
    8 75 124 37 78 102 89 5 88 16 107 69 31 75 120 100 63 89 99 89 54
    116 114 69 25 81 24 10 56 27 32 93 82 107 12 97 77 49 39 107 15 73
    89 20 37 121 114 57 17 19 45 117 65 61 39 22 65 86 11 88 55 125 71
    31 64 22 78 108 0 80 97 51 76 23 117 92 71 80 82 67 14 30 58 38 58
    124 36 101 79 89 107 115 10 114 113 9 119 106 33 68 127 6 104 26 51
    82 54 65 22 63 22 0 108 16 56 82 10 76 84 61 12 52 58 2 60 56 37 94
    111 91 81 47 23 47 70 102 36 17 32 93 125 99 112 59 57 122 28 87 67
    27 43 108 64 83 79 83 94 11 116 5 50 65 94 117 70 84 33 55 35 105 19
    55 47 66 34 88 23 79 105 105 42 127 9 66 66 117 77 115 67 36 39 5 19
    9 86 32 49 10 56 81 95 51 16 40 29 69 86 33 126 8 71 10 2 26 59 120
    16 66 79 115 23 28 76 12 35 79 85 60 54 20 30 121 109 97 124 50 52
    23 1 57 15 57 22 13 17 88 20 10 38 109 108 69 85 92 99 118 21 58 10
    50 38 35 117 122 33 98 60 96 56 9 96 7 37 120 25 116 10 2 100 119 41
    47 94 42 50 69 118 127 104 22 96 89 53 95 79 55 28 106 38 41 97 16
    70 58 21 60 125 52 30 115 114 2 38 24 106 31 62 26 58 59 101 42 37
    35 101 75 80 95 67 103 95 123 106 85 69 9 16 108 114 89 5 100 97 3
    82 117 111 28 22 80 0 92 63 72 43 41 82 65 94 55 27 48 44 123 73 36
    75 72 32 33 5 50 46 125 43 125 1 63 64 95 107 125 49 40 19 112 111
    51 117 36 10 94 115 92 42 27 48 54 23 20 91 118 58 9 86 103 33 37 21
    56 19 74 48 2 74 60 24 82 55 29 107 111 25 10 110 42 64 28 6 87 121
    26 60 5 113 107 65 52 5 24 29 70 74 84 6 67 13 113 16 116 75 89 51
    66 55 68 7 4 102 17 106 122 14 92 50 9 16 100 88 54 19 73 52 77 65
    106 91 121 67 100 83 33 45 20 97 60 0 12 24 18 76 118 33 53 52 110
    123 114 108 46 97 98 42 49 124 26 104 70 22 62 54 39 123 51 86 20 78
    39 100 104 33 113 93 108 2 10 69 68 55 0 42 94 94 17 40 40 88 90 85
    62 41 81 99 69 93 38 127 43 12 13 25 39 65 29 94 8 20 60 29 91 32 80
    105 14 106 20 121 7 97 93 47 102 119 31 53 124 29 11 27 79 66 15 15
    85 32 25 21 81 69 125 107 6 56 24 114 107 123 9 37 46 28 99 51 56 21
    83 75 20 11 99 15 63 32 108 107 56 56 107 37 20 51 102 28 64 10 20
    52 31 53 58 9 52 95 119 98 57 82 7 117 105 76 73 95 2 73 61 58 37
    103 42 112 31 115 109 86 119 7 86 42 48 112 41 127 91 22 122 63 33
    49 35 6 49 94 99 120 93 11 109 73 110 44 109 20 94 51 52 80 45 77 89
    75 4 84 47 99 66 85 49 31 126 116 113 24 112 32 15 123 59 61 56 92
    66 43 7 39 102 12 100 11 98 60 120 70 12 37 99 55 77 4 2 53 89 48
    103 54 37 103 57 120 58 124 83 38 33 74 91 80 29 2 10 3 86 115 23 54
    40 55 83 3 122 65 18 118 114 45 72 1 68 25 13 4 118 55 103 4 55 75
    14 18 45 105 116 60 63 85 127 12 100 33 54 37 73 104 65 11 28 25 33
    24 95 22 2 109 86 121 80 82 101 34 108 113 90 20 1 122 80 112 12 84
    0 57 24 82 93 22 126 107 23 88 98 121 47 75 114 86 39 12 82 67 18 92
    116 118 109 11 47 71 6 40 36 120 25 58 23 114 109 87 58 58 6 127 49
    19 34 88 45 79 121 80 6 115 97 120 113 120 30 107 98 29 79 13 36 59
    36 2 25 40 18 68 40 10 23 121 7 112 92 69 29 99 20 73 111 110 1 125
    41 76 72 57 104 39 22 33 81 49 21 88 101 3 103 99 52 44 78 13 65 113
    39 125 64 71 97 53 124 109 73 87 35 84 42 51 70 72 67 112 34 49 108
    100 116 12 44 8 60 51 23 45 27 11 22 36 5 36 7 53 40 61 112 100 11 3
    73 84 44 47 120 34 12 22 45 0 16 124 96 117 119 19 45 64 79 34 56 71
    48 69 112 81 119 76 53 4 75 116 31 5 18 6 89 36 27 38 15 25 4 45 106
    38 44 84 4 65 127 81 127 4 84 19 75 62 82 98 16 30 55 10 13 2 66 82
    115 41 45 55 89 3 89 10 23 123 95 51 14 49 38 12 91 43 53 19 50 26
    91 124 20 33 80 43 44 19 116 91 93 25 71 124 88 43 41 63 103 0 56
    102 16 95 117 123 45 67 4 123 4 3 70 89 1 111 82 82 90 34 119 60 102
    57 55 4 39 50 24 98 126 66 38 80 105 18 13 10 17 106 86 50 113 43
    111 127 30 105 16 115 29 70 96 111 37 88 78 46 66 25 115 52 87 4 27
    58 78 27 34 114 1 70 116 87 41 109 59 39 16 59 10 106 50 125 9 100
    55 27 65 7 25 126 114 30 77 41 67 16 108 116 14 0 67 56 11 111 44 63
    57 115 39 47 122 87 100 27 118 121 4 118 73 11 100 83 102 54 51 21
    113 80 38 83 16 97 24 106 88 83 65 23 31 46 4 122 51 117 41 90 108
    65 117 118 45 28 0 6 87 30 120 65 66 61 67 73 13 29 7 32 67 39 23 88
    52 96 35 71 124 73 115 10 27 2 8 117 45 2 57 125 12 107 64 3 68 95
    108 46 79 7 23 60 33 82 102 19 100 36 38 60 44 59 82 78 66 94 17 98
    108 71 8 75 95 92 117 6 74 68 63 80 116 106 44 113 31 123 101 39 50
    6 20 7 119 90 0 61 77 57 92 109 39 73 43 121 6 92 32 43 33 94 5 66
    72 77 90 20 16 63 121 14 100 76 127 99 65 5 118 116 94 126 67 1 125
    112 23 119 55 15 26 81 23 61 17 102 13 23 27 75 33 60 115 49 11 74 2
    40 40 6 98 3 85 90 11 20 56 100 50 67 117 94 67 108 96 49 62 83 14
    114 116 42 5 105 119 85 22 118 46 15 44 119 124 23 57 12 1 70 58 59
    95 21 32 60 122 7 39 24 115 62 90 71 47 51 106 62 74 118 9 58 15 52
    12 71 22 13 57 65 30 60 58 23 68 11 76 58 13 57 104 62 126 124 16
    106 23 3 2 25 69 100 118 82 88 67 88 116 105 97 25 85 73 15 32 102
    17 28 34 54 16 40 25 99 71 102 62 119 62 10 52 75 30 86 103 74 30
    124 43 26 117 40 91 54 35 110 96 70 5 32 96 97 90 56 60 115 93 65
    110 12 109 4 106 19 88 9 14 79 33 4 33 41 18 61 93 122 94 49 55 35
    62 104 64 54 21 106 97 13 69 24 77 126 74 117 7 61 56 45 12 34 20 21
    63 120 20 22 47 123 16 28 21 110 111 6 18 8 115 15 103 126 104 10 82
    44 125 20 6 114 35 105 57 110 37 22 99 89 68 107 63 83 52 79 49 127
    67 114 51 52 53 89 92 62 63 108 105 82 96 49 75 50 18 68 50 125 127
    111 51 11 8 119 101 71 3 125 0 61 1 4 91 52 125 31 51 18 24 89 98 37
    12 80 11 97 36 35 103 66 117 104 22 21 5 124 16 76 70 6 105 120 1 76
    41 36 49 23 36 127 50 80 0 60 2 32 117 112 92 75 29 64 37 38 27 28
    23 9 28 67 7 3 61 108 67 108 45 109 62 44 69 106 51 67 34 99 126 93
    13 121 0 66 126 119 45 5 14 8 76 29 124 14 18 78 80 110 109 116 78
    72 37 112 21 42 81 52 111 93 45 47 127 72 117 77 8 64 62 111 22 58
    24 11 13 65 101 38 36 74 72 30 83 29 109 52 46 66 101 0 13 96 80 53
    54 47 52 51 49 120 104 76 82 22 28 109 9 104 82 120 76 22 20 79 71 7
    124 62 5 68 86 120 16 56 49 1 79 112 91 81 121 105 25 54 0 40 42 66
    46 102 97 16 56 82 104 69 45 103 10 75 14 42 48 56 72 86 87 9 91 31
    78 40 18 36 61 51 23 39 91 78 90 9 88 8 84 49 75 41 115 25 25 15 16
    37 39 36 125 79 108 63 30 39 28 122 48 21 111 104 67 51 99 105 51 2
    35 10 9 87 73 26 83 111 63 53 116 32 110 8 72 104 54 32 75 80 84 62
    77 87 64 106 121 31 120 116 62 91 76 95 63 16 19 55 53 53 36 59 106
    42 113 122 48 47 94 97 47 95 42 114 19 94 116 93 43 87 1 68 28 30 73
    62 47 91 39 33 70 30 64 57 25 72 54 103 64 119 75 52 89 98 51 24 124
    117 89 65 60 81 32 24 16 58 2 109 23 61 95 4 20 63 87 109 110 88 18
    110 94 53 4 89 70 72 127 5 5 4 42 127 37 71 115 49 92 71 111 88 4 73
    9 92 98 24 87 98 37 71 96 111 12 1 93 74 49 61 84 127 104 44 114 41
    118 68 88 33 25 122 67 61 113 101 118 98 50 82 19 126 24 82 37 11 26
    30 126 72 11 37 70 61 44 83 17 22 68 8 73 52 35 90 47 76 73 22 83 47
    78 13 6 20 97 100 119 40 27 101 119 81 118 69 124 88 16 43 70 113 17
    120 68 44 25 69 34 39 68 45 90 125 75 34 86 106 125 110 67 9 35 18
    107 69 66 124 70 6 95 0 51 21 125 73 112 4 81 48 109 124 103 109 2
    68 119 94 8 65 16 29 110 98 41 36 7 84 111 84 126 40 30 120 25 97 84
    48 25 112 48 103 28 62 72 118 93 7 104 93 14 92 76 87 103 111 81 88
    22 24 17 25 48 11 92 124 111 22 93 31 66 21 11 18 45 31 34 21 48 1
    22 87 43 23 63 68 117 27 25 115 67 113 14 17 108 44 45 72 57 106 102
    59 26 111 21 15 31 7 30 66 38 26 1 92 44 0 109 32 108 16 126 112 115
    44 126 64 13 44 6 76 104 68 86 86 71 51 90 113 121 4 14 59 24 29 75
    26 68 112 119 54 54 70 107 108 11 39 69 87 29 94 114 111 57 3 82 79
    86 46 8 64 95 94 40 123 126 53 61 16 31 65 80 27 98 16 8 11 14 90 93
    27 44 121 29 116 54 26 13 32 89 85 10 60 79 2 18 84 60 86 99 70 91
    113 1 85 69 71 11 50 69 32 59 38 14 99 72 85 38 7 39 109 113 86 83
    69 98 63 36 56 25 23 97 3 55 58 127 112 103 20 121 87 60 65 64 23 59
    58 5 105 1 106 101 47 99 73 47 51 122 34 63 19 127 88 66 36 84 4 109
    25 16 62 17 87 125 54 100 108 111 58 45 82 55 37 0 87 78 21 117 1
    108 96 54 74 15 36 53 106 68 99 41 104 114 19 55 72 30 108 91 56 6
    70 28 32 116 51 75 119 117 6 38 25 105 53 66 51 37 19 24 67 33 127
    41 101 8 69 116 2 86 64 31 74 77 53 68 30 56 51 112 95 36 8 115 68
    47 12 18 23 35 10 14 80 55 69 33 43 97 106 113 1 4 53 118 11 79 6 38
    73 73 70 41 80 31 35 2 3 43 8 84 13 24 21 17 96 79 75 45 11 8 6 79
    125 62 48 16 8 82 36 97 28 57 111 82 26 125 36 72 76 62 86 13 95 86
    64 77 72 72 7 88 53 86 52 104 67 4 102 48 88 74 124 76 103 118 7 26
    6 105 26 83 46 107 42 88 94 67 4 81 94 3 85 74 83 49 8 75 79 119 6
    110 32 11 56 39 34 126 52 14 100 52 104 32 48 59 100 2 80 15 97 93
    96 12 6 18 26 120 3 13 116 22 43 122 96 83 63 56 43 123 75 48 2 13 7
    15 68 89 33 39 5 39 66 6 86 15 86 108 92 2 56 63 6 99 125 94 68 75
    24 22 0 31 33 84 12 52 58 5 9 100 16 37 62 18 83 117 84 108 31 103 0
    20 98 123 96 93 18 65 30 87 75 59 5 58 57 52 73 47 7 55 42 14 46 50
    82 125 117 39 49 87 9 31 31 109 104 107 50 82 78 49 103 78 78 73 0
    122 9 104 21 70 39 62 104 109 99 107 70 106 20 63 92 29 66 64 43 67
    113 124 92 55 2 104 73 72 1 72 118 69 111 55 6 65 100 45 119 93 80
    71 48 40 73 40 27 119 43 34 21 39 73 100 76 92 115 108 34 99 75 62
    54 34 2 121 126 126 35 56 62 127 67 14 107 64 64 16 47 77 27 66 40
    17 58 58 32 116 89 120 102 106 15 106 91 48 65 101 70 20 25 28 81 71
    96 40 121 88 10 38 114 36 63 115 8 117 55 73 90 91 43 1 46 85 44 121
    64 58 115 53 111 44 25 18 0 92 34 106 95 41 79 113 118 103 100 44 51
    15 7 100 22 24 114 19 6 69 0 28 40 92 9 18 84 72 49 123 82 88 19 83
    101 53 46 16 58 16 96 3 113 113 122 11 70 38 56 51 52 11 11 29 58 32
    63 108 50 16 99 20 103 8 100 117 44 76 71 105 53 23 22 32 31 15 42
    95 12 35 13 124 118 118 122 41 74 101 18 23 123 45 36 106 15 0 33 19
    33 88 63 16 96 26 89 93 49 47 66 121 34 108 59 101 108 40 74 66 99
    39 102 58 35 106 43 63 62 26 124 0 93 56 52 106 123 84 77 75 88 64
    114 54 39 107 38 97 96 64 40 80 52 102 77 104 79 113 18 86 3 122 68
    123 94 72 48 15 27 41 6 27 112 70 34 64 48 106 120 51 13 112 115 19
    109 126 19 69 116 18 36 32 8 72 100 2 51 38 59 75 51 66 16 34 90 92
    57 31 10 106 62 110 13 79 47 93 116 49 33 99 83 99 121 72 80 91 84 0
    121 92 51 20 100 80 94 87 71 100 75 113 124 45 7 96 17 113 64 125
    118 84 13 42 21 91 46 99 98 37 45 14 42 37 86 89 65 17 5 2 105 99 49
    60 11 60 121 64 41 94 57 47 8 119 122 0 56 31 16 26 87 83 23 93 86
    38 115 12 11 6 62 35 111 117 92 91 55 6 86 127 4 102 4 98 28 101 22
    126 113 5 59 18 41 5 33 5 74 17 96 84 33 64 118 58 32 85 88 26 73 95
    34 50 17 95 1 38 6 81 62 63 4 108 111 73 65 103 113 89 34 76 67 33
    90 33 44 86 51 9 6 116 127 48 30 46 95 67 87 15 28 54 53 79 101 71
    119 75 22 7 32 105 14 11 76 43 73 52 67 122 88 73 121 40 27 107 3 22
    106 64 115 11 102 119 46 113 78 75 8 110 16 83 5 8 103 7 19 60 25 99
    60 13 104 43 100 85 62 2 65 60 77 113 78 59 30 76 24 45 1 19 26 0 2
    113 84 103 113 125 72 21 88 83 44 102 36 68 66 121 25 9 50 0 55 112
    85 71 12 76 118 107 108 6 40 14 19 62 11 118 107 64 47 127 91 0 20
    100 111 38 74 12 119 66 68 51 7 48 105 103 29 58 108 36 64 79 57 12
    11 103 25 122 95 32 3 41 60 41 7 66 92 48 103 116 125 115 61 7 74 81
    83 1 100 61 109 52 125 56 99 77 54 122 83 72 85 29 123 69 61 80 102
    77 39 82 102 54 23 99 7 126 103 0 51 71 24 103 84 88 114 14 115 77
    18 106 125 42 26 113 69 26 20 47 45 12 31 11 126 126 43 103 72 123
    104 21 125 13 91 5 107 94 80 32 11 58 96 23 122 2 114 6 10 22 59 109
    45 23 93 14 9 75 111 18 102 84 34 0 105 112 16 112 14 105 22 85 46
    126 58 81 1 127 105 58 24 32 64 33 63 3 19 116 50 93 112 119 47 84
    106 106 0 26 111 71 0 96 72 46 38 22 106 80 52 89 71 109 7 20 43 122
    6 47 85 100 82 118 66 81 11 100 120 2 42 75 19 93 37 34 99 23 32 93
    117 15 28 41 121 81 121 17 4 13 57 83 84 27 7 66 60 110 111 20 111
    16 20 1 113 24 124 69 76 93 89 80 13 117 39 16 41 53 25 61 34 77 126
    80 70 50 102 89 4 31 83 2 74 5 108 70 111 25 91 6 0 86 77 42 55 6 62
    91 93 25 6 56 9 67 28 12 53 93 23 6 70 4 112 57 35 24 127 64 108 101
    65 105 121 127 5 55 80 97 127 112 102 93 75 2 114 121 116 70 122 105
    125 69 3 57 54 64 12 77 27 73 100 69 52 58 12 115 23 8 51 98 30 43
    11 25 48 60 14 37 49 112 36 45 48 127 35 96 26 126 46 37 72 45 103
    40 122 123 76 8 94 75 67 115 32 18 34 80 23 117 47 5 121 3 82 21 6
    85 7 68 3 95 86 5 113 35 32 73 122 106 68 76 104 16 73 31 68 91 13
    47 85 58 48 17 59 111 33 96 117 31 2 76 111 74 67 116 19 3 17 97 3
    109 69 126 12 69 14 47 31 88 41 120 2 12 33 57 78 98 69 41 6 43 4 15
    53 70 25 93 18 127 66 77 69 17 116 125 44 105 78 75 8 33 60 117 114
    25 31 54 108 119 76 122 21 113 64 71 122 55 80 120 112 65 6 34 4 91
    77 5 18 50 52 56 22 39 121 40 116 3 72 74 47 2 36 114 68 29 48 14 29
    104 107 71 82 30 43 57 78 70 11 101 65 82 67 104 57 32 56 79 82 12
    31 42 47 79 45 61 81 67 78 27 98 30 85 30 20 123 71 32 23 34 53 47
    58 45 14 124 66 14 111 37 45 41 18 115 99 15 38 21 16 20 100 99 101
    52 80 107 22 93 115 115 18 64 72 92 108 84 50 1 97 100 46 66 108 124
    41 56 44 20 122 64 103 55 119 9 63 89 117 83 70 92 103 44 18 91 51
    93 8 119 4 38 105 55 59 59 57 52 18 55 27 110 122 125 37 89 59 8 22
    24 65 39 3 45 101 44 126 127 74 49 112 8 24 37 106 55 102 78 53 77
    31 65 19 68 120 23 16 39 48 39 18 91 124 118 15 16 38 106 23 14 28
    26 0 27 85 36 36 56 76 105 93 42 68 107 3 12 60 23 106 62 112 10 62
    49 117 64 40 53 5 69 92 36 29 0 100 66 120 109 116 7 73 30 71 71 38
    98 124 24 99 24 122 111 53 108 79 73 52 104 56 39 105 115 8 82 58
    116 85 61 103 41 64 61 55 56 115 105 112 110 94 92 73 119 51 57 1 93
    46 70 58 92 75 95 31 41 66 86 74 4 89 74 52 15 76 2 88 89 62 102 69
    69 94 94 91 113 107 62 49 29 12 98 81 33 94 29 49 112 51 73 14 29 65
    67 3 29 55 3 37 88 33 89 88 117 83 66 81 29 104 121 55 99 85 21 86
    98 19 4 117 111 117 18 124 4 29 12 88 119 77 52 109 105 17 48 93 99
    122 89 37 34 102 45 108 97 66 122 127 119 52 10 76 46 101 100 51 15
    38 64 71 3 102 110 83 4 14 20 65 30 88 69 16 94 71 102 110 101 93 50
    45 119 81 35 42 38 97 85 32 56 118 112 118 115 43 100 71 85 18 12 56
    92 109 54 45 38 30 58 49 3 34 109 105 40 123 99 72 39 27 28 120 39
    61 0 73 59 38 16 8 122 80 16 52 6 42 107 121 91 90 11 55 65 71 37 96
    46 61 7 21 8 107 76 54 1 53 18 42 87 15 79 56 33 127 11 30 23 25 40
    100 30 112 21 46 55 28 57 86 52 90 121 86 71 78 13 107 75 29 76 88
    33 43 18 89 46 12 89 66 84 62 47 9 43 78 26 69 98 107 16 109 117 6
    25 93 8 58 35 42 112 76 62 76 67 45 6 7 127 104 47 48 43 103 89 51
    14 81 78 80 13 12 87 114 127 110 71 43 112 62 71 121 111 79 35 118
    120 100 32 80 63 32 8 103 21 37 26 108 112 42 66 82 65 98 126 35 66
    112 55 111 110 115 10 23 57 1 77 39 87 12 13 61 88 118 127 10 107 58
    54 75 70 115 9 23 70 113 113 82 70 13 36 43 100 103 104 36 80 86 55
    24 44 120 63 15 31 113 113 19 88 1 101 42 115 80 43 3 59 27 100 98
    77 64 9 31 59 78 59 66 1 6 102 93 43 39 108 122 97 76 43 111 91 66
    112 76 54 65 67 4 109 104 94 84 88 70 84 62 44 119 73 53 84 59 58 51
    30 74 12 51 75 23 51 62 6 44 76 18 12 108 80 63 16 43 31 91 25 38 89
    37 116 54 87 97 10 111 7 14 69 125 58 0 87 92 76 95 114 73 115 117
    103 83 0 57 33 13 88 108 5 85 28 9 82 52 26 80 94 17 66 28 75 63 27
    80 40 80 51 29 20 6 43 118 50 59 23 10 65 23 104 37 34 63 45 68 68 9
    37 20 112 96 23 92 15 19 124 18 101 53 7 98 20 107 53 43 57 98 80 67
    37 38 91 102 26 123 94 91 123 7 42 80 123 80 4 55 105 70 76 21 106
    40 102 21 92 60 91 14 47 100 112 20 113 8 86 86 85 20 61 73 72 52 4
    91 54 126 59 15 6 29 78 82 64 50 83 16 92 99 58 2 71 111 127 32 16 7
    33 63 13 27 43 107 2 50 21 10 122 6 71 93 80 118 20 110 118 122 98
    78 90 53 83 80 82 52 65 63 12 61 95 127 80 8 68 95 31 61 51 11 98 21
    119 75 125 86 5 58 25 73 79 79 38 61 104 48 53 93 71 126 94 63 3 80
    125 59 111 90 88 113 1 50 111 82 14 27 83 109 67 75 60 30 56 32 72
    119 80 111 92 93 109 85 54 19 67 72 50 96 91 64 3 124 87 91 45 123
    54 54 112 52 106 34 58 66 102 83 32 110 114 15 4 4 74 75 43 1 105 46
    14 55 123 115 21 73 68 67 72 29 58 127 66 103 7 45 41 123 82 116 96
    124 26 35 92 53 69 127 0 81 33 33 45 10 38 25 112 102 32 33 41 54 34
    66 78 52 44 28 6 112 24 2 93 35 69 86 22 11 125 13 52 30 16 19 22 17
    81 4 22 3 94 59 4 64 45 20 91 83 74 122 85 26 108 17 72 43 105 74 97
    99 22 62 52 84 3 111 8 71 83 39 120 53 5 9 104 57 44 31 115 94 119
    17 94 6 89 79 36 98 80 90 92 74 19 17 96 55 58 100 35 57 21 117 111
    72 92 78 85 79 42 49 50 101 56 114 61 120 7 34 73 79 17 12 39 30 0
    93 20 82 19 105 5 70 57 1 79 11 35 2 79 26 44 16 122 14 110 105 50
    75 104 30 12 85 127 125 113 93 26 113 99 24 76 64 121 21 19 121 69
    101 91 0 59 113 108 49 12 21 53 127 116 65 23 2 100 117 32 60 120 78
    127 75 41 4 121 24 91 96 112 105 3 101 116 46 27 101 56 48 88 71 49
    62 61 49 15 45 1 71 39 102 4 10 38 33 115 26 53 87 94 21 113 32 71
    94 14 70 91 106 24 24 93 110 55 27 45 10 70 125 5 93 36 96 96 107 26
    7 7 16 63 21 39 49 124 78 28 40 48 59 67 36 27 11 85 35 41 32 26 112
    39 21 33 18 77 76 25 60 117 103 7 73 76 127 49 13 102 76 78 94 23 37
    4 87 122 44 80 22 2 40 97 4 44 58 60 105 53 44 12 93 44 113 74 36 42
    64 59 13 84 126 90 98 118 101 0 86 79 34 92 79 113 99 80 4 12 46 124
    123 70 24 28 109 46 27 75 51 62 54 64 91 66 51 41 37 104 115 37 77
    114 40 84 75 7 93 107 89 116 55 71 75 120 77 42 119 15 71 117 61 88
    97 106 58 33 0 96 46 44 101 13 46 31 73 68 123 118 108 17 57 17 57
    87 34 113 29 33 0 68 117 70 40 101 46 21 10 125 79 4 77 13 119 36
    126 90 113 10 86 27 80 104 21 53 126 33 95 32 71 111 88 46 40 49 43
    109 65 90 23 122 6 14 94 4 34 57 119 68 69 69 127 125 48 114 30 74
    11 8 9 100 106 64 88 109 87 12 41 34 115 95 118 35 21 13 41 1 68 73
    14 112 47 83 65 6 127 30 116 37 92 62 39 36 5 104 78 10 13 19 21 127
    51 122 56 65 31 46 96 12 11 71 42 32 45 70 12 28 9 13 98 83 57 4 109
    103 20 41 25 24 9 97 104 94 124 111 125 95 60 109 15 40 45 82 90 24
    49 26 104 126 94 86 48 1 45 97 54 95 26 31 15 113 4 57 47 68 91 103
    3 71 0 45 62 35 70 112 82 118 26 60 93 102 37 49 51 32 106 54 0 15
    110 47 19 52 48 34 8 17 126 1 7 17 84 56 50 44 43 94 13 111 52 102
    101 50 39 63 79 115 73 94 120 42 41 109 22 62 35 112 51 41 122 86 4
    16 82 100 55 27 94 77 98 1 82 98 74 125 50 59 111 76 122 63 64</data></input>
<my_img type_id="opencv-matrix">
  <rows>256</rows>
  <cols>256</cols>
  <dt>u</dt>
  <data>
    61 60 61 61 60 61 62 64 63 63 61 62 63 64 63 63 66 64 63 65 65 67 67
    65 63 62 62 62 61 60 60 60 61 59 60 62 61 62 61 60 61 62 63 65 65 66
    67 67 66 64 67 66 65 67 66 66 66 66 65 64 64 64 64 63 64 65 65 62 63
    63 61 60 59 59 60 60 61 61 61 61 60 61 60 61 61 60 60 62 62 64 64 64
    63 62 62 62 62 62 62 62 61 62 63 62 63 63 63 61 61 60 60 61 60 61 61
    61 62 63 63 63 65 64 64 64 64 66 68 68 67 67 67 67 65 63 63 62 63 61
    61 59 59 60 59 59 59 59 60 60 62 62 63 63 65 63 64 64 65 65 65 65 65
    64 66 63 65 65 65 65 65 64 64 65 66 67 65 65 66 65 64 64 65 64 62 63
    63 63 63 63 62 61 60 63 63 60 61 62 60 61 59 62 61 59 59 58 59 59 59
    59 57 57 59 61 61 61 60 61 61 62 65 66 68 68 70 70 71 71 71 70 70 69
    69 69 69 66 66 64 64 62 62 61 60 61 62 63 63 62 63 65 65 65 66 67 68
    69 68 68 61 61 63 62 61 61 62 64 63 63 61 63 63 64 63 63 65 64 63 63
    64 66 66 64 62 62 61 61 60 60 59 60 61 59 60 63 61 62 61 60 61 62 63
    64 65 65 66 66 65 64 66 66 65 66 66 66 66 66 65 64 64 64 63 63 63 64
    64 61 61 61 60 59 58 58 59 59 61 61 61 61 60 61 60 62 62 62 62 64 64
    65 65 65 65 64 63 64 63 64 63 63 61 62 63 62 63 63 63 62 61 60 60 61
    60 61 61 62 63 64 64 64 65 64 64 64 64 66 68 68 67 67 67 66 65 63 62
    62 63 61 60 59 59 60 58 58 59 59 60 60 61 62 63 63 64 63 64 64 64 65
    65 64 64 64 65 63 65 65 64 65 65 63 63 64 65 66 65 65 66 65 64 64 64
    63 61 61 62 62 63 63 62 61 61 63 63 60 61 62 61 61 60 63 62 61 60 60
    60 60 60 60 58 58 60 62 61 61 61 61 62 62 65 66 68 69 71 71 72 71 71
    71 70 69 70 70 70 68 68 66 65 63 63 62 62 63 64 65 64 63 64 66 66 66
    66 67 68 69 68 68 61 60 61 61 60 60 61 63 62 62 60 62 62 63 62 62 64
    63 62 63 64 66 66 64 63 62 62 62 60 60 60 61 61 60 61 62 61 62 61 60
    61 62 62 63 64 65 66 66 65 63 65 66 65 66 66 66 66 65 65 64 64 64 64
    63 64 65 65 62 62 62 60 60 58 60 61 61 62 62 62 62 62 63 62 64 64 63
    64 65 65 66 65 66 65 64 63 63 63 63 62 62 60 61 62 61 62 62 62 62 61
    60 60 61 60 61 62 62 63 64 65 65 66 65 65 65 65 67 68 68 67 67 67 65
    64 63 62 61 62 60 60 59 59 59 58 58 59 59 60 60 61 62 62 62 64 63 64
    63 64 64 64 64 63 64 64 63 64 64 64 64 65 63 62 63 64 65 64 65 66 65
    63 63 64 63 61 61 62 62 63 63 62 61 61 63 63 60 61 62 61 62 61 63 63
    61 60 60 60 60 60 60 59 59 61 62 62 62 61 61 62 62 65 66 68 68 70 70
    71 71 70 70 70 69 69 70 70 68 68 66 66 64 64 63 63 63 64 65 65 64 65
    67 66 66 67 67 68 69 68 68 60 59 60 60 60 60 60 63 61 62 60 62 62 63
    62 63 65 64 63 64 65 66 66 65 63 62 62 62 61 60 60 61 61 60 61 63 62
    62 61 61 62 62 63 64 65 65 66 66 66 64 66 66 65 66 66 67 66 66 65 65
    65 65 65 64 64 65 65 62 62 62 61 60 58 60 61 61 62 62 62 62 62 63 62
    64 64 63 64 65 66 66 66 66 65 64 63 64 63 63 63 63 62 63 64 62 63 64
    64 64 63 63 63 64 62 63 63 63 64 65 65 65 67 65 65 65 64 66 68 68 67
    67 67 66 65 63 63 62 63 61 61 60 60 61 59 60 60 60 61 61 63 64 64 64
    65 64 65 64 65 65 64 64 63 64 65 63 65 64 64 65 65 64 63 64 65 65 64
    65 67 65 64 64 64 63 61 62 62 62 63 63 63 62 62 64 63 61 62 62 61 62
    62 63 63 61 61 61 61 60 60 60 58 59 60 62 62 62 60 61 61 61 64 65 67
    67 69 69 70 70 70 70 70 68 68 69 70 67 67 66 65 64 64 63 62 63 63 65
    64 63 64 66 65 65 66 66 67 67 67 66 61 60 61 61 61 61 61 63 62 62 62
    63 63 64 63 64 65 65 64 65 66 67 68 66 65 64 64 63 62 62 61 62 62 61
    61 63 61 62 62 61 61 62 62 63 64 64 65 66 65 64 66 66 65 67 67 66 66
    65 65 65 65 65 64 64 63 65 64 61 61 61 60 58 58 59 60 60 61 61 61 62
    61 62 61 63 63 62 63 64 65 65 64 64 64 63 62 62 62 63 62 62 61 62 63
    62 63 63 64 64 64 63 63 64 63 64 64 64 65 66 66 66 68 67 66 65 65 67
    68 68 67 67 67 66 64 63 63 62 63 61 61 60 60 61 60 61 60 60 62 62 64
    65 65 65 66 65 66 65 66 66 65 65 65 66 67 65 66 66 66 67 67 66 65 65
    66 66 66 66 67 66 64 64 64 63 62 62 63 63 63 64 63 62 63 64 64 62 62
    63 62 62 61 63 63 61 61 61 61 60 61 60 58 59 60 61 62 62 61 62 62 62
    64 65 66 66 68 69 70 70 70 70 70 68 68 69 68 65 66 64 64 63 63 62 61
    62 62 63 63 62 63 64 64 64 64 65 65 66 65 65 61 59 60 60 60 60 60 62
    62 62 61 63 62 63 63 64 65 64 64 65 65 66 67 66 64 63 63 62 62 62 61
    61 62 60 61 62 60 61 61 60 60 61 62 62 63 64 65 65 64 63 65 65 65 66
    66 65 65 65 64 64 64 64 63 63 62 64 63 60 61 60 60 58 58 59 60 59 61
    61 60 61 61 62 61 63 63 62 63 63 64 65 64 64 64 63 62 63 62 63 62 62
    61 63 64 63 64 64 64 64 65 64 64 65 64 65 65 64 65 66 66 66 67 67 67
    66 65 67 67 68 67 66 66 65 64 63 63 62 63 62 62 60 60 61 59 60 60 60
    62 62 63 64 63 63 64 64 64 64 64 65 64 64 65 66 66 65 66 66 67 68 68
    67 65 65 66 66 66 66 66 65 64 64 64 63 62 62 62 62 63 64 63 62 63 65
    65 63 63 64 63 63 62 64 63 62 62 62 62 61 61 61 59 59 61 61 62 62 61
    62 63 63 64 65 66 67 69 69 70 71 70 70 71 69 69 69 68 66 66 65 65 64
    64 62 62 62 62 63 63 62 63 64 64 64 66 66 66 67 66 66 60 58 59 59 60
    60 60 62 62 62 61 63 63 64 64 65 66 65 65 65 66 67 67 66 64 64 63 62
    61 61 61 61 61 60 61 62 61 62 61 60 60 61 62 62 63 64 65 65 64 63 65
    66 65 66 66 66 66 66 65 65 65 66 65 64 62 64 63 61 62 61 61 59 59 60
    60 59 61 61 60 60 60 62 61 63 63 61 62 63 64 64 63 64 64 63 62 62 62
    63 63 63 62 63 64 63 64 64 64 65 65 64 64 65 65 66 65 65 65 66 65 66
    67 66 66 65 64 66 66 66 65 65 65 65 64 63 63 63 63 62 62 61 61 62 60
    61 61 61 63 62 63 64 63 63 64 63 64 64 64 64 64 64 64 65 66 64 66 66
    66 67 68 66 65 65 66 66 66 66 67 65 64 64 64 63 62 62 62 62 62 63 62
    62 62 64 63 61 62 63 62 63 62 63 62 61 62 62 62 61 61 61 59 59 60 61
    62 62 61 62 62 62 64 63 65 65 67 68 69 69 69 69 69 67 67 67 66 64 65
    64 63 63 62 61 61 61 61 62 62 62 62 64 64 64 65 65 66 66 66 65 62 61
    61 61 61 61 61 63 64 63 63 65 65 65 65 66 67 65 65 66 67 67 67 66 65
    64 63 62 61 61 60 61 61 60 61 62 61 62 61 61 61 61 62 63 64 64 65 65
    64 63 65 65 64 65 65 65 65 65 65 65 65 65 64 64 62 64 63 61 62 62 61
    60 59 60 60 60 61 61 61 61 61 63 62 64 64 62 63 64 65 65 64 64 64 64
    63 63 62 63 63 63 62 63 64 63 63 64 64 64 64 64 64 65 65 66 65 65 66
    66 66 66 67 66 66 65 64 66 66 66 65 64 64 64 62 61 62 61 62 61 62 60
    60 61 59 60 60 61 62 62 63 64 63 63 64 63 64 63 64 64 63 64 64 65 66
    64 66 66 66 67 67 66 65 65 66 66 66 67 67 66 65 64 64 64 63 63 62 62
    63 63 63 62 62 64 63 61 63 63 62 63 62 63 62 62 63 63 63 62 62 62 60
    60 61 62 62 62 61 62 63 62 64 63 65 65 67 67 68 69 69 69 69 68 67 68
    67 65 66 65 65 64 63 62 61 62 62 62 62 61 62 63 62 62 63 64 64 64 64
    63 63 62 62 62 63 63 62 64 64 64 64 65 64 66 66 66 67 66 66 67 68 68
    68 67 66 66 65 64 63 63 61 62 62 61 62 62 62 62 62 61 61 61 61 62 63
    63 64 65 64 63 65 65 64 65 65 65 65 65 65 65 65 65 64 63 62 64 63 61
    62 61 60 60 59 60 61 60 61 62 62 62 62 64 63 65 65 64 65 65 66 66 65
    65 66 65 64 64 64 65 65 65 64 64 65 64 64 64 65 64 65 64 64 65 65 66
    65 64 65 65 65 65 66 65 65 65 64 65 65 65 64 63 63 63 62 61 61 61 62
    61 61 60 60 61 60 60 61 61 63 62 63 64 64 64 65 64 65 64 64 64 64 64
    64 65 65 65 66 66 66 67 66 65 65 64 66 66 65 66 66 65 63 64 63 63 62
    62 62 62 62 62 62 61 62 63 63 62 63 64 63 64 62 63 63 62 63 63 63 62
    62 61 60 60 60 61 61 61 61 62 62 62 63 64 64 65 66 66 67 68 68 68 68
    67 67 67 67 65 65 64 64 63 64 63 62 62 63 63 63 63 63 63 63 63 64 64
    65 64 64 64 62 61 61 60 61 61 61 63 63 63 64 65 65 66 66 66 67 66 65
    67 68 68 69 67 66 65 64 63 63 62 60 61 62 61 61 62 61 61 61 60 61 61
    61 62 63 62 63 64 64 63 65 65 64 65 65 65 65 66 66 66 65 66 65 65 64
    65 64 62 62 62 61 60 60 60 61 60 61 61 61 61 62 64 63 65 66 64 65 66
    67 67 66 65 65 65 64 64 64 64 64 64 63 64 64 63 63 63 64 64 64 65 64
    65 64 66 65 65 65 65 65 65 66 65 65 64 64 65 65 65 63 63 62 62 62 61
    60 60 61 61 61 60 60 60 59 60 61 61 63 63 63 64 64 64 65 64 65 64 64
    65 64 64 64 65 66 65 67 66 66 67 67 66 65 64 66 66 65 66 67 65 63 63
    63 63 62 62 62 62 62 63 62 62 62 63 63 62 64 64 63 64 63 64 63 62 63
    63 63 62 62 61 60 60 60 60 61 61 60 61 62 62 63 63 64 64 66 66 68 68
    68 69 68 67 67 67 67 65 65 65 65 64 64 63 63 63 63 64 63 63 63 64 63
    63 63 64 64 63 63 63 62 62 61 60 61 61 61 63 63 64 64 66 65 67 67 67
    67 66 65 67 68 68 68 67 66 65 64 63 63 62 60 61 61 61 61 62 61 62 62
    61 61 61 60 62 63 62 63 64 63 63 64 64 64 64 64 64 64 65 65 65 65 66
    65 65 64 64 64 62 62 62 61 60 60 60 61 61 61 61 61 62 62 63 64 66 66
    65 66 67 67 68 67 66 66 66 65 65 65 65 64 64 64 64 64 63 63 63 64 64
    65 65 64 66 65 66 65 65 66 65 65 65 66 65 65 65 65 65 65 65 63 63 62
    62 61 60 60 61 61 62 62 61 61 61 60 61 62 62 64 64 65 65 65 65 66 65
    65 65 65 65 64 64 65 66 66 65 67 66 66 66 66 65 64 64 65 64 64 65 65
    64 62 62 62 62 61 61 61 61 62 62 62 61 61 63 62 62 64 65 64 64 63 63
    63 62 63 63 63 62 62 62 61 60 60 61 61 61 60 61 62 63 64 64 65 65 66
    66 67 67 68 68 67 67 67 67 67 65 65 65 65 64 64 63 64 64 64 65 64 64
    64 64 64 63 64 65 65 64 64 63 62 62 62 61 62 62 62 63 64 65 66 66 66
    67 67 67 68 67 66 67 68 68 69 67 66 66 65 63 64 63 60 61 62 61 62 63
    62 63 63 62 62 62 61 62 63 63 64 65 64 63 65 64 63 64 64 64 64 64 65
    66 65 65 65 64 64 64 63 61 62 62 61 60 60 61 61 60 61 61 61 62 62 63
    64 65 66 65 66 67 67 67 66 66 66 66 65 66 65 65 65 65 65 65 65 64 63
    63 64 64 64 64 63 65 64 65 65 64 65 65 64 65 66 64 64 64 64 65 65 64
    62 62 62 61 60 59 59 59 60 61 61 61 61 61 60 60 61 62 64 64 65 66 66
    66 66 66 66 66 65 66 65 65 66 67 67 66 67 66 66 66 66 65 65 64 65 65
    65 65 65 64 63 63 63 63 62 62 63 63 63 63 63 62 62 63 64 63 65 66 65
    65 63 64 64 63 64 65 65 63 64 63 62 62 61 61 61 61 61 62 63 63 64 64
    64 64 66 66 66 67 67 68 67 66 67 67 67 65 65 65 67 65 65 64 64 64 65
    65 65 65 65 65 64 64 65 65 65 64 64 64 63 63 62 61 62 62 62 64 65 65
    66 67 67 68 68 67 68 67 66 67 68 67 68 66 65 65 63 62 62 61 58 59 60
    60 61 62 62 62 62 61 62 62 61 63 63 63 64 66 65 64 65 65 64 64 65 64
    65 66 66 67 66 67 66 66 65 65 64 63 63 63 63 62 62 62 62 61 62 61 61
    62 63 64 65 66 66 65 67 67 67 67 66 66 66 66 66 65 65 65 65 64 64 64
    64 62 62 62 63 63 63 64 63 64 64 65 64 64 65 64 64 64 65 64 64 63 63
    63 63 62 61 60 60 60 59 58 58 59 59 60 61 60 61 61 60 61 61 63 64 64
    65 66 66 66 67 67 67 66 66 66 65 66 66 67 67 67 67 67 67 67 66 66 65
    64 66 65 65 66 66 65 63 64 63 64 63 62 63 63 63 63 63 62 62 63 63 63
    65 66 65 65 63 63 63 63 64 64 64 63 63 63 62 61 61 60 60 60 61 62 63
    64 64 64 64 65 66 66 67 67 67 68 67 67 67 68 67 65 65 65 66 65 65 64
    64 64 64 64 65 64 64 64 64 63 64 65 65 64 64 63 63 63 62 61 62 62 61
    63 64 65 66 67 66 67 67 66 67 66 65 66 67 67 67 66 65 64 63 62 63 62
    59 60 61 60 61 62 62 62 62 62 62 63 62 64 64 63 64 65 65 64 65 65 64
    64 63 63 63 64 64 65 64 64 64 64 63 63 63 61 62 62 62 61 61 61 62 61
    61 61 61 62 62 63 65 66 66 65 66 67 67 67 66 65 66 66 66 66 65 65 65
    65 64 64 65 63 62 63 63 63 64 64 63 65 64 65 65 64 64 63 63 63 64 63
    64 63 63 63 63 62 60 60 60 59 59 58 58 59 59 59 61 61 61 61 60 61 61
    62 64 64 65 66 65 66 67 67 67 66 66 66 65 65 66 67 67 67 68 67 68 68
    67 66 66 65 66 66 66 67 66 66 64 64 63 64 63 63 63 63 63 62 62 61 62
    63 63 63 64 66 64 65 63 63 62 62 64 64 64 63 63 63 62 62 61 61 60 61
    61 63 64 65 65 65 66 66 68 68 68 68 68 69 68 68 68 69 68 66 66 66 66
    65 65 64 64 64 64 64 65 64 65 65 64 63 64 65 65 64 64 64 64 64 63 62
    63 62 62 63 65 65 67 67 67 68 68 67 67 66 65 66 68 67 68 67 65 65 64
    62 63 62 59 60 61 60 61 61 62 62 63 62 62 62 62 63 64 64 64 66 64 64
    65 64 63 63 63 62 62 63 63 64 63 64 63 63 62 62 62 61 62 61 62 61 61
    61 61 61 61 61 60 61 61 63 64 65 65 64 66 66 66 67 66 65 65 65 65 65
    65 65 64 64 64 64 64 63 62 62 62 63 64 64 63 65 64 64 64 63 63 62 62
    63 64 63 63 63 63 63 62 62 60 59 59 59 59 59 59 60 60 60 61 61 61 62
    61 62 62 63 65 65 66 67 66 67 67 67 68 67 67 66 66 66 66 68 68 67 68
    68 68 68 67 67 66 65 66 65 66 66 66 65 64 64 63 64 63 63 63 62 62 62
    62 61 62 62 63 62 64 65 64 64 62 62 62 62 64 64 64 62 63 62 62 61 61
    61 61 61 61 63 64 64 65 64 65 65 67 67 67 67 67 68 67 66 66 67 65 64
    64 64 65 64 64 63 62 63 63 64 64 64 64 64 63 63 64 64 64 63 63 63 63
    63 62 61 62 62 61 63 64 64 66 66 66 67 67 67 67 66 66 67 68 67 68 67
    66 65 64 63 64 63 60 61 61 61 61 62 62 62 63 62 62 63 62 64 65 64 64
    65 64 64 64 64 63 63 63 63 63 63 63 64 63 64 64 63 62 63 62 61 61 61
    61 60 59 60 60 60 60 60 59 60 61 62 63 64 64 64 65 65 66 66 65 64 64
    65 64 65 64 64 64 64 64 64 64 63 63 63 63 64 66 66 65 66 66 66 65 64
    64 63 63 64 64 64 64 63 63 63 62 63 61 60 60 60 60 60 60 61 60 61 62
    62 63 63 62 63 63 64 66 66 67 68 67 68 68 68 69 68 68 67 66 67 67 68
    68 68 68 68 68 68 67 67 67 65 67 66 66 67 67 66 64 64 63 64 64 64 63
    64 63 62 63 62 62 63 63 62 64 64 64 65 63 63 63 63 65 65 65 64 64 64
    63 63 63 62 63 63 63 64 65 65 65 64 64 65 66 66 67 67 67 67 66 66 65
    66 65 63 64 64 65 64 64 63 62 62 63 62 63 63 63 63 62 62 63 63 63 62
    62 61 64 64 62 61 62 62 62 63 64 64 65 66 66 67 67 67 66 65 65 66 67
    66 67 66 66 65 64 63 64 63 60 60 61 61 62 63 63 63 64 63 63 63 63 64
    65 64 65 66 65 64 65 64 63 63 63 63 62 62 62 63 62 63 63 62 61 62 62
    61 61 60 61 60 59 60 61 60 61 60 60 61 62 63 64 64 65 64 66 65 65 66
    64 63 64 64 63 64 63 63 62 63 63 63 63 62 62 62 63 64 65 66 64 66 66
    66 65 64 64 63 63 64 64 63 64 63 63 63 62 62 61 60 60 60 60 59 60 60
    60 61 62 62 63 63 63 64 64 65 67 67 67 68 68 68 69 69 70 69 68 68 67
    67 67 68 67 67 67 67 67 67 67 66 65 64 65 64 65 66 66 65 63 63 62 63
    63 63 62 62 62 62 62 61 62 62 61 61 62 63 63 64 63 62 63 64 65 65 66
    64 65 64 64 64 64 63 63 64 63 64 65 65 64 64 63 64 65 65 65 65 66 66
    65 65 65 65 64 63 64 65 66 65 65 64 63 63 64 64 64 64 64 64 64 63 65
    64 64 63 63 63 64 65 63 62 63 62 61 62 63 63 65 66 65 66 65 64 64 64
    63 64 65 65 66 66 65 65 64 63 63 63 61 61 62 63 63 63 64 64 65 64 63
    63 62 64 64 64 64 65 64 64 64 63 63 62 62 62 61 62 62 63 62 62 62 61
    61 61 61 61 61 60 60 60 59 60 60 60 61 61 60 61 62 63 64 65 65 65 67
    67 67 66 65 64 65 65 64 65 64 64 63 63 64 63 63 62 61 61 62 63 64 65
    63 65 65 65 65 64 64 63 62 63 63 63 63 62 62 63 61 61 60 59 60 59 59
    59 59 60 59 60 61 62 63 62 62 63 63 64 66 65 66 67 67 67 67 68 69 68
    67 67 66 66 66 67 66 66 67 66 67 66 66 65 65 63 63 63 64 65 65 65 63
    63 62 63 63 63 63 63 63 63 64 63 63 63 62 62 63 64 64 65 64 64 64 65
    66 66 66 64 65 65 65 65 65 64 64 65 64 65 65 65 65 64 64 65 66 66 66
    65 66 66 66 66 66 67 65 64 66 66 67 67 66 65 64 64 65 65 65 65 64 64
    64 63 64 64 64 62 62 61 64 64 63 63 63 62 61 62 63 63 64 65 64 65 64
    64 63 63 63 64 65 64 66 66 65 65 64 63 64 64 62 63 64 64 64 64 64 64
    65 65 64 64 63 64 65 65 65 65 64 63 64 63 63 63 63 62 61 62 62 63 62
    62 62 62 62 62 62 62 62 61 61 61 60 61 61 61 62 61 61 61 62 63 63 64
    64 64 66 65 65 65 64 63 63 63 63 63 63 63 62 63 63 63 63 62 61 61 62
    63 64 65 63 65 65 64 64 63 63 62 61 62 63 62 62 62 62 63 61 61 60 60
    60 60 60 59 59 60 59 60 62 62 63 63 62 63 63 64 66 66 66 67 67 67 67
    68 69 67 67 66 65 65 65 66 66 66 67 66 67 65 65 65 65 63 63 63 64 65
    65 65 63 63 62 63 63 63 63 63 63 62 63 63 63 62 62 61 62 63 64 64 63
    63 63 64 65 66 65 64 65 65 66 65 65 65 65 65 65 65 65 65 65 64 64 64
    65 65 65 64 65 65 65 65 65 66 64 64 65 65 66 66 66 64 64 64 65 65 65
    65 65 64 64 63 64 63 63 62 62 61 65 66 65 64 64 63 62 63 64 63 64 65
    65 65 64 64 63 63 62 63 64 64 66 65 65 65 64 63 64 63 61 62 63 63 64
    64 64 64 65 64 64 64 62 64 65 64 64 65 63 63 63 63 63 62 62 61 61 62
    61 63 62 62 61 61 61 61 61 61 61 60 60 60 60 59 60 60 61 60 59 60 60
    61 61 62 63 63 64 64 64 64 64 62 63 63 63 63 63 63 63 63 64 64 64 63
    62 62 63 63 64 64 62 64 64 63 63 63 62 61 60 61 61 61 61 61 62 62 61
    61 61 60 61 61 61 60 60 62 61 61 62 63 64 64 63 64 64 65 66 66 67 67
    68 68 67 68 69 68 67 67 65 65 65 67 66 66 66 66 66 65 65 65 65 63 63
    63 63 65 65 64 63 63 61 62 63 63 63 63 63 63 64 63 63 62 62 62 62 63
    63 64 63 63 63 63 64 65 64 64 65 65 65 65 65 64 64 64 64 65 65 64 64
    63 63 64 65 64 64 63 64 64 64 65 65 66 65 64 65 66 67 67 67 65 64 65
    66 66 65 65 65 65 64 64 64 63 63 63 62 61 67 68 67 66 65 64 64 64 64
    64 65 65 65 65 65 64 63 63 62 63 64 64 65 65 64 65 64 63 64 63 61 62
    63 63 62 62 63 63 64 63 63 63 62 63 64 63 64 64 63 63 63 63 64 63 63
    62 62 62 62 63 62 62 62 61 62 62 62 61 61 60 60 60 60 59 60 61 61 60
    59 59 60 61 61 62 63 63 64 63 63 63 63 62 63 63 63 63 63 63 63 63 64
    63 63 62 62 61 62 62 63 63 62 63 63 63 63 62 62 61 60 61 62 62 62 62
    62 63 62 62 61 61 61 61 61 60 61 62 61 61 62 64 64 64 63 64 65 66 66
    66 66 66 67 67 67 68 68 68 67 67 65 65 65 66 65 65 66 65 65 64 64 63
    63 62 62 63 63 64 64 64 62 62 61 62 63 62 63 63 63 62 64 63 62 62 62
    61 62 62 63 64 62 63 64 64 65 66 65 65 66 66 66 65 66 65 65 65 65 66
    65 64 64 64 63 64 65 65 64 63 64 64 64 65 65 66 65 65 66 67 67 67 67
    66 65 66 67 67 66 66 66 66 66 66 66 65 65 65 64 63 67 68 67 66 66 64
    64 65 64 64 64 65 65 65 64 63 63 62 61 62 63 63 64 64 64 64 63 63 63
    63 60 61 62 62 62 62 62 63 63 63 62 63 62 64 65 64 65 65 64 63 64 63
    64 63 63 62 62 63 63 63 62 62 62 61 61 62 62 61 61 60 60 60 59 59 59
    60 61 60 60 60 61 61 62 62 63 64 65 65 64 65 64 63 64 64 64 64 64 64
    63 64 64 63 63 62 62 61 62 62 63 62 61 62 62 61 62 61 61 59 59 60 60
    60 60 60 61 62 61 61 61 60 61 61 61 60 61 62 61 61 62 63 64 64 63 64
    64 65 66 66 66 66 67 67 67 68 68 68 67 67 66 65 64 66 65 64 65 64 64
    63 63 62 63 61 62 62 62 63 63 64 63 62 61 63 63 63 63 63 63 63 64 64
    63 62 62 62 63 63 65 65 64 64 65 66 66 67 67 66 67 67 67 67 67 66 66
    66 66 66 65 65 64 64 63 64 65 65 64 63 64 63 64 65 65 65 65 65 67 67
    68 68 68 66 66 67 68 68 67 67 67 67 67 67 67 66 66 66 65 64 68 69 68
    67 66 64 64 64 64 64 64 64 65 65 64 63 62 62 61 61 63 63 64 64 63 64
    64 63 64 63 61 61 62 62 62 62 62 63 63 63 62 63 62 64 65 64 65 65 64
    64 64 64 64 64 64 63 63 63 63 64 62 62 62 61 62 62 62 61 61 60 60 60
    59 58 59 61 60 60 60 60 61 61 61 61 63 64 65 65 64 65 65 64 64 65 65
    65 65 65 64 65 65 64 63 62 62 61 62 62 62 62 60 61 61 60 61 61 61 59
    59 60 61 61 61 61 62 63 62 63 62 62 63 62 63 62 62 63 62 61 62 63 64
    63 63 64 64 65 65 64 65 65 66 66 66 67 67 67 67 67 66 65 64 64 64 64
    63 63 63 62 62 62 62 62 62 63 62 64 64 65 64 64 63 64 65 64 65 65 65
    64 65 64 63 63 63 62 62 63 64 65 64 64 65 66 66 67 66 66 67 66 67 66
    67 66 66 66 66 67 66 65 64 65 64 65 66 66 65 64 65 64 64 65 65 65 65
    66 67 67 67 68 67 66 66 67 68 68 68 68 68 68 67 67 66 65 66 66 65 65
    69 70 70 68 67 66 65 65 65 64 65 65 65 65 63 62 62 61 60 60 61 62 63
    63 63 64 63 63 64 63 61 62 63 63 63 62 63 63 64 64 63 63 62 64 65 64
    65 65 64 63 63 63 63 63 63 62 62 62 62 62 61 61 61 60 61 62 62 61 60
    59 60 60 59 58 60 61 60 61 60 60 61 61 61 62 63 65 65 65 65 65 65 64
    64 66 65 65 65 65 64 65 65 63 62 62 61 60 61 61 62 61 59 60 60 59 59
    60 60 59 60 60 61 62 62 62 63 64 63 64 64 64 64 64 64 63 63 64 63 62
    62 63 64 64 63 64 64 65 65 64 65 65 66 65 66 67 68 68 67 68 66 66 65
    65 65 65 65 65 65 63 63 63 63 62 63 63 62 63 64 65 64 64 63 65 65 65
    65 65 65 65 65 65 65 64 64 63 64 64 65 65 64 64 66 66 66 67 66 67 68
    66 67 66 67 66 66 65 66 67 66 65 65 66 65 66 66 66 66 65 66 66 66 67
    67 67 67 68 69 69 68 69 68 67 67 67 69 69 68 68 69 68 68 68 67 66 67
    67 66 66 68 69 69 68 67 65 64 64 64 64 64 65 65 64 63 62 62 62 61 61
    62 63 64 64 64 65 65 64 64 64 62 62 63 63 63 63 63 63 64 63 63 63 62
    64 65 64 65 65 64 64 63 63 64 64 63 62 62 62 62 63 61 60 60 59 61 61
    61 60 60 60 60 60 59 59 60 61 61 61 60 61 61 61 62 62 64 65 65 65 65
    65 65 64 65 66 65 66 66 66 64 64 65 63 63 62 61 60 61 61 61 61 59 59
    59 58 59 59 59 58 59 60 60 60 61 61 63 63 63 63 64 64 64 64 64 64 64
    65 63 63 63 64 65 65 64 65 65 65 65 65 65 65 66 66 66 67 68 68 68 68
    67 67 66 66 66 65 65 65 65 63 64 63 64 63 63 63 62 64 65 65 65 64 64
    66 66 66 66 67 66 66 66 66 65 65 65 64 64 64 66 66 65 65 66 66 66 68
    67 67 68 67 68 67 68 68 67 67 67 68 67 66 66 67 66 66 67 67 67 65 66
    65 66 66 66 67 66 67 68 68 68 68 68 67 67 68 69 69 69 69 69 69 69 69
    69 68 69 69 69 68 70 70 70 68 67 65 64 65 64 64 65 65 65 65 63 62 62
    62 61 61 62 63 64 64 63 64 64 64 64 64 63 62 63 63 62 62 63 63 64 63
    63 64 63 64 65 65 65 65 64 64 63 64 64 64 63 62 61 62 61 63 61 60 60
    60 61 61 61 61 60 60 60 61 60 60 60 61 61 61 60 60 61 61 61 61 64 65
    65 65 64 64 64 64 64 65 64 65 65 65 63 64 64 62 62 62 62 61 61 61 61
    61 60 60 60 59 59 60 60 59 59 60 60 60 60 61 63 63 63 63 64 64 64 64
    64 63 64 65 64 63 64 65 66 65 65 65 65 65 65 66 66 65 67 66 66 67 69
    69 69 69 67 68 67 67 67 66 65 65 65 64 65 64 64 63 63 64 63 64 65 65
    65 64 64 66 66 66 66 66 66 66 66 65 65 65 64 63 62 63 64 65 64 64 65
    65 66 67 67 67 68 67 68 67 69 68 67 67 67 68 67 67 66 66 65 66 66 66
    66 65 66 65 66 66 67 67 67 67 68 68 68 68 68 67 67 68 69 68 69 69 69
    69 70 70 70 69 70 70 70 69 68 69 68 67 66 64 63 64 63 63 64 64 65 64
    63 62 62 62 62 61 62 62 64 64 63 64 65 63 64 64 63 63 63 62 62 62 64
    64 64 63 62 63 63 64 65 65 65 65 64 63 63 63 63 63 62 61 60 61 60 62
    60 59 59 58 60 61 61 61 60 59 60 61 61 60 61 63 61 62 61 62 62 62 63
    63 65 67 67 66 66 65 65 65 65 66 65 66 66 65 64 64 64 62 62 61 62 61
    62 61 62 61 60 60 60 59 60 60 60 59 60 60 60 59 60 61 63 63 63 63 64
    64 65 64 64 64 65 66 64 63 64 65 66 65 65 65 65 65 65 66 66 66 67 66
    66 67 68 69 68 68 67 68 67 67 66 66 65 65 65 64 64 64 64 63 63 64 63
    64 64 65 65 64 64 66 66 65 66 66 66 66 66 65 64 65 65 63 62 63 64 64
    63 63 64 65 65 66 66 66 67 67 67 66 68 68 67 67 67 68 67 67 66 66 65
    65 66 66 66 64 65 64 65 66 66 66 66 66 67 67 68 68 68 67 67 68 70 69
    69 69 70 70 70 71 71 70 70 70 70 69 69 70 69 68 67 65 65 65 64 63 64
    64 64 63 63 62 62 63 62 62 63 64 65 65 65 66 66 65 65 65 65 64 64 63
    62 62 64 64 63 63 62 63 63 64 66 66 66 66 64 64 63 64 64 63 62 61 61
    61 60 61 60 59 59 58 59 61 61 60 60 59 60 61 60 60 61 62 61 61 61 62
    62 62 62 62 65 66 67 65 65 64 64 64 64 65 65 65 65 65 64 64 64 62 62
    61 62 62 62 62 61 61 60 60 59 58 58 59 59 58 59 59 59 59 59 60 62 63
    63 63 64 64 65 64 65 65 65 66 64 63 64 65 66 65 65 65 66 65 65 66 66
    66 67 66 66 67 69 69 69 69 68 68 67 67 67 66 65 65 65 64 65 64 64 63
    64 64 63 64 64 65 65 65 64 65 66 66 65 66 66 66 66 65 65 65 65 62 62
    62 64 64 63 63 64 65 64 65 65 65 66 65 66 65 67 67 66 66 67 67 66 66
    65 65 64 64 65 65 65 63 64 63 64 65 65 65 64 65 66 66 67 68 67 67 67
    68 69 68 68 69 69 69 69 70 70 69 69 69 69 68 70 71 70 69 67 66 65 65
    64 64 64 65 64 64 63 62 62 62 62 62 63 64 65 66 65 66 66 65 65 65 65
    64 64 63 62 62 64 64 64 63 62 63 63 65 67 67 67 66 65 65 64 65 65 63
    62 61 61 61 60 61 59 59 58 58 59 60 61 60 60 60 61 62 61 61 62 64 63
    63 62 63 63 64 63 64 66 68 68 67 66 66 66 65 65 66 66 66 67 67 65 65
    64 62 62 62 63 62 63 62 61 61 60 59 59 58 59 59 59 59 59 59 60 59 59
    60 62 63 63 63 64 64 64 64 64 64 65 66 64 63 64 65 65 65 65 65 66 64
    65 65 65 65 66 65 65 66 68 68 68 68 68 67 66 66 66 66 65 65 65 64 65
    64 64 63 64 64 63 64 65 65 65 65 65 66 67 66 65 66 67 66 67 66 65 65
    64 62 61 61 63 63 62 62 63 64 64 64 64 64 65 64 65 64 67 67 66 66 66
    66 65 65 64 65 64 64 64 64 64 63 63 62 63 64 64 64 64 64 65 65 65 66
    66 66 67 67 68 67 67 67 67 67 67 68 68 66 66 66 66 66 68 69 69 67 66
    65 64 64 63 64 64 65 64 64 63 62 63 63 63 63 63 65 66 67 66 67 67 66
    66 66 66 66 66 65 64 64 66 66 65 64 63 64 64 65 67 67 67 66 65 64 64
    64 64 63 61 61 61 60 60 60 59 58 58 57 58 59 59 59 59 59 60 61 60 60
    61 63 62 63 61 61 62 63 63 63 66 67 67 66 65 65 65 65 65 66 65 66 67
    67 65 65 65 63 63 62 63 63 63 62 61 61 59 59 59 58 58 59 58 58 58 58
    59 58 58 60 62 63 63 64 65 65 65 65 66 66 66 67 66 65 66 67 67 66 66
    66 66 65 64 65 65 65 66 65 65 66 67 67 67 67 67 66 66 65 65 65 65 64
    64 64 64 63 63 62 63 63 62 63 64 64 64 64 64 65 65 65 65 66 66 66 67
    66 65 65 64 62 62 62 63 64 63 63 64 65 65 66 65 66 66 65 66 65 68 68
    67 67 67 67 66 65 65 65 64 63 64 64 64 63 63 62 62 63 63 63 63 63 64
    64 65 66 66 66 66 67 68 67 67 67 67 67 67 68 67 66 66 66 65 65 68 69
    68 67 66 65 64 65 63 63 63 64 64 64 63 62 63 63 63 63 63 64 66 67 66
    67 67 66 66 65 66 66 66 65 64 64 65 65 64 63 62 63 63 65 66 66 67 65
    65 64 63 64 64 63 61 61 61 60 60 61 59 58 58 57 58 59 58 58 59 59 60
    61 60 61 62 63 62 63 62 62 62 63 63 64 67 68 68 67 65 65 66 66 66 66
    66 66 67 67 65 65 65 63 63 62 63 63 63 62 62 61 59 59 59 58 58 59 58
    59 58 59 59 59 59 60 62 62 63 64 66 65 65 66 67 67 67 68 67 66 66 67
    67 66 66 66 66 64 64 65 64 64 65 64 64 65 66 66 66 66 67 66 66 65 66
    66 65 65 65 64 64 63 62 62 62 63 62 62 63 63 64 64 64 65 66 65 65 66
    67 67 67 67 66 66 65 63 63 63 65 65 64 64 65 65 65 66 66 67 67 66 66
    66 68 68 67 67 67 67 66 65 65 66 64 64 63 63 64 63 63 61 62 63 63 62
    62 63 64 64 65 66 66 66 67 67 68 68 68 68 68 68 69 70 69 68 67 67 67
    67 67 68 68 68 67 65 65 65 64 64 63 64 64 63 62 62 63 63 63 63 63 64
    66 67 67 68 67 67 67 66 67 67 66 66 64 64 66 66 65 64 63 64 63 65 66
    66 66 65 65 64 63 64 65 64 62 61 62 61 60 61 59 59 58 57 58 60 59 59
    59 59 59 61 60 61 62 63 63 63 62 62 63 63 63 64 67 67 68 66 65 65 65
    65 65 66 65 65 66 66 64 64 63 62 61 61 62 62 62 60 60 59 57 57 58 57
    57 58 58 59 59 59 60 59 60 61 63 64 64 65 67 67 67 66 67 67 67 68 67
    66 67 67 68 67 66 66 67 65 65 65 65 65 65 65 65 66 66 67 67 67 67 67
    67 66 66 66 66 66 65 65 65 63 63 63 63 63 62 63 63 63 64 64 64 65 66
    66 66 66 66 67 67 67 66 66 65 63 63 64 65 65 64 63 64 65 65 66 66 66
    66 65 66 65 68 68 66 66 67 67 66 66 65 66 64 63 63 64 64 64 64 63 64
    65 65 63 64 65 66 66 66 67 68 67 68 68 68 68 68 67 67 67 69 69 68 67
    66 66 66 66 69 70 70 69 69 67 66 66 65 65 65 66 65 64 63 63 64 64 63
    63 63 64 66 67 66 67 67 67 66 66 67 66 66 65 64 63 65 66 65 64 63 64
    63 64 65 66 66 65 65 64 64 65 66 64 62 61 61 61 61 61 59 59 58 58 58
    59 58 58 59 59 60 61 61 62 63 64 63 64 63 63 64 64 64 65 67 68 68 67
    66 66 66 66 65 66 65 65 66 66 64 64 63 61 61 60 61 61 61 60 59 58 57
    57 57 57 57 58 58 58 59 59 60 59 59 61 62 63 64 64 66 66 66 65 66 66
    67 67 66 65 66 67 67 66 66 66 66 65 64 64 64 64 64 64 64 65 66 66 67
    66 67 66 66 66 66 66 66 66 66 65 66 63 63 63 63 63 62 62 63 63 63 63
    64 64 65 65 65 65 66 67 68 67 67 67 66 64 65 65 66 66 65 64 65 65 65
    66 66 67 66 65 66 66 67 67 65 65 66 66 65 65 64 65 64 62 62 62 63 62
    62 61 62 64 64 62 63 64 65 65 65 67 67 67 68 68 69 68 68 68 68 68 69
    69 69 67 67 67 67 67 69 69 69 68 68 66 66 65 65 64 64 64 64 63 62 62
    63 64 63 63 63 64 65 66 65 66 66 66 65 66 66 66 66 64 63 62 64 64 63
    63 62 62 62 63 64 64 64 64 64 64 63 64 65 64 62 61 61 61 61 62 60 60
    59 58 58 59 58 58 58 58 59 61 61 61 63 64 63 64 63 63 64 64 64 66 68
    68 69 67 66 67 67 66 65 67 66 66 67 67 65 64 64 62 62 61 62 62 61 61
    60 59 57 57 57 57 57 58 58 58 59 59 60 60 59 61 62 63 64 64 66 66 66
    65 66 66 67 67 66 65 65 66 66 65 65 65 65 64 63 64 64 63 63 63 64 65
    66 66 67 67 67 66 67 66 66 66 66 66 66 66 66 64 64 63 63 62 61 61 63
    62 63 63 64 64 65 65 64 65 66 67 68 67 67 68 67 66 66 67 67 67 66 65
    66 66 66 67 66 67 67 65 66 65 67 66 65 64 65 65 65 65 64 64 64 63 62
    63 63 63 63 62 63 64 64 63 63 65 65 65 65 66 67 67 68 68 68 68 68 68
    67 67 68 68 67 66 66 66 66 66 69 70 70 68 68 67 67 67 66 66 66 66 66
    66 65 64 65 66 65 64 65 66 67 67 66 67 66 66 66 66 66 65 65 64 62 62
    63 64 63 62 61 61 61 63 63 63 63 62 62 62 62 63 64 63 61 60 61 61 61
    62 60 60 59 58 59 60 58 59 58 58 59 60 60 61 63 63 62 63 62 63 63 63
    63 65 66 67 68 66 65 66 65 65 64 66 65 65 66 66 64 64 63 62 61 61 62
    62 62 61 61 59 58 58 58 58 58 60 60 60 60 61 61 61 61 62 63 64 65 64
    67 66 66 65 66 66 66 67 66 65 65 66 66 66 66 65 66 64 64 65 65 64 64
    64 64 65 66 67 68 67 67 66 67 66 66 66 66 66 67 67 67 65 64 64 63 62
    61 62 63 62 63 63 64 64 65 65 64 64 65 66 66 65 66 66 66 65 65 66 67
    67 65 65 65 66 66 67 67 68 68 67 67 66 68 67 66 65 65 66 65 65 64 64
    63 62 62 62 63 62 62 61 62 63 63 63 63 64 64 65 65 66 66 66 67 67 67
    66 67 67 67 66 67 68 67 66 66 66 65 66 69 70 70 68 69 67 67 66 66 66
    66 66 66 66 65 64 66 66 65 65 65 65 67 67 66 67 66 65 66 65 65 65 64
    63 62 61 62 63 61 60 60 61 61 62 63 63 63 62 62 63 62 63 64 63 62 61
    62 61 61 62 60 60 59 58 58 59 58 58 58 58 59 60 61 62 63 64 62 64 62
    63 63 64 64 65 67 67 68 67 65 65 65 65 65 67 65 66 66 67 65 64 64 62
    62 61 63 63 63 62 61 60 58 58 58 58 58 60 60 60 61 61 61 61 61 62 62
    63 64 64 66 66 66 65 65 66 66 66 65 65 65 65 66 66 66 66 66 64 64 64
    64 64 64 64 64 65 66 67 68 68 68 67 67 66 66 66 66 66 67 67 67 65 64
    64 64 63 62 62 63 62 63 64 65 65 66 66 65 66 67 67 67 66 67 68 68 66
    67 68 68 68 67 66 66 67 67 68 68 68 69 67 67 66 68 68 66 66 66 66 65
    66 65 65 64 62 62 62 64 63 63 62 62 64 64 63 63 64 64 64 65 66 66 66
    67 67 67 66 67 67 66 66 66 67 67 65 65 65 65 65 69 70 70 68 69 67 67
    66 66 66 66 66 66 66 64 64 65 66 64 63 64 64 66 66 66 66 64 64 64 64
    64 63 63 62 61 61 62 63 62 60 60 61 61 63 63 64 64 63 63 64 63 64 65
    64 62 62 62 62 62 63 60 60 60 59 59 60 59 60 59 59 60 62 62 63 63 64
    63 65 64 64 64 64 64 65 66 67 68 67 65 65 65 64 64 65 64 65 65 66 64
    64 63 62 62 61 63 63 63 62 62 60 59 59 59 58 59 60 60 60 61 62 62 61
    61 62 62 63 64 64 66 66 65 64 65 65 66 66 64 64 65 65 65 66 65 65 65
    63 63 64 64 63 63 62 63 64 65 65 66 66 66 65 66 65 65 65 65 65 66 66
    65 64 64 63 63 62 61 61 63 62 62 64 64 64 65 65 64 65 65 66 66 65 66
    66 67 65 66 67 68 68 67 66 66 67 67 68 69 69 70 68 68 67 68 68 67 66
    66 66 65 66 66 65 65 63 62 62 64 63 63 63 63 64 63 63 63 65 65 65 65
    66 67 67 67 67 67 67 67 67 66 66 67 67 67 66 65 65 65 65 67 68 68 67
    67 66 65 64 64 65 65 65 65 64 63 63 64 65 64 63 63 63 65 65 65 65 64
    63 63 63 64 64 63 62 61 61 62 63 62 60 60 61 61 63 63 63 63 62 62 63
    62 63 64 63 61 60 61 61 61 61 60 59 59 58 59 60 58 60 59 59 60 61 61
    63 64 64 63 65 64 64 64 64 65 66 66 67 68 67 66 66 65 65 65 66 64 65
    66 65 64 63 62 61 62 61 62 62 63 62 62 61 60 59 59 59 59 61 61 61 62
    63 62 62 62 62 62 62 63 63 65 65 64 63 63 64 64 64 63 63 63 63 64 64
    64 64 64 63 63 64 64 64 63 63 63 65 65 65 67 66 66 65 66 66 66 66 65
    66 66 67 66 65 65 64 64 62 62 62 64 62 63 64 65 64 65 65 64 65 65 65
    66 64 65 66 66 64 66 66 67 67 66 65 65 66 66 67 68 68 69 69 69 68 69
    69 68 67 67 67 66 67 66 66 65 63 63 63 64 63 63 63 62 63 63 63 63 64
    64 65 65 66 66 67 67 67 67 66 67 67 65 65 65 65 65 64 64 63 63 64 67
    68 68 66 67 66 65 64 64 65 66 65 65 65 64 64 65 66 65 64 65 64 65 66
    66 66 64 64 64 64 65 65 64 63 62 62 63 64 63 62 62 62 62 64 63 64 63
    62 61 63 62 63 63 62 61 60 61 61 61 62 60 60 60 59 59 61 59 60 60 60
    61 63 63 64 65 65 64 65 65 64 65 65 65 66 66 67 68 67 65 66 64 64 64
    65 64 64 65 64 63 62 62 61 61 60 62 62 62 61 61 60 59 59 59 59 60 61
    61 61 62 63 62 62 63 63 62 63 63 64 65 65 64 64 64 64 65 65 63 63 64
    64 65 66 66 66 66 64 64 65 65 65 64 64 64 65 65 65 66 66 66 64 66 65
    66 65 65 65 66 66 66 64 64 64 63 62 61 62 64 62 63 64 64 64 65 65 63
    64 64 65 65 63 64 65 65 63 64 65 65 66 65 65 64 65 66 67 67 68 69 68
    68 68 69 69 68 67 66 66 66 67 66 66 65 63 62 62 63 63 63 62 62 63 63
    63 63 64 63 63 64 65 65 66 66 65 65 65 65 65 64 64 64 64 64 63 63 62
    62 62 65 67 66 65 66 66 65 64 64 65 65 65 65 65 65 65 66 66 65 65 65
    64 65 66 66 66 65 64 64 65 66 66 65 64 63 63 64 65 65 63 63 63 63 65
    64 64 63 62 61 63 62 63 63 62 60 59 60 60 60 61 60 60 59 59 59 60 59
    60 60 60 61 62 63 64 64 64 63 65 64 64 64 65 65 66 66 67 68 67 65 65
    64 63 63 64 63 63 64 63 62 61 61 60 60 60 62 62 62 62 62 62 61 60 60
    60 61 62 62 62 62 63 62 61 62 62 61 62 62 62 64 64 63 63 63 64 64 65
    63 64 65 65 66 66 66 67 66 65 65 67 66 66 65 65 65 66 66 66 67 66 66
    65 67 66 66 66 66 66 66 67 67 65 64 63 63 61 61 61 63 61 62 63 63 63
    64 64 63 63 64 65 65 64 65 66 66 64 65 66 65 66 65 64 64 65 65 67 67
    68 68 68 68 68 69 69 67 67 66 67 66 67 67 66 65 63 62 61 62 62 61 61
    61 62 62 62 62 63 63 62 63 63 64 65 65 65 65 64 64 64 63 62 62 63 63
    62 62 61 61 62 65 66 66 65 66 66 65 64 64 65 65 65 66 66 65 65 67 67
    66 66 66 66 66 67 67 67 65 65 65 65 65 65 65 63 62 63 63 64 64 63 63
    63 63 65 64 65 64 63 62 64 62 64 63 62 61 60 61 61 61 61 60 60 60 59
    59 61 59 61 61 61 61 64 64 65 65 65 64 65 65 64 65 65 66 66 66 67 68
    67 65 65 64 64 63 64 63 63 64 63 62 61 60 60 60 60 61 63 62 62 62 62
    60 60 61 60 61 62 62 62 62 63 62 62 62 62 62 62 63 63 65 65 64 64 64
    64 65 65 64 65 66 66 67 67 67 67 67 65 65 67 66 66 65 66 66 66 66 66
    66 65 65 64 66 66 66 66 65 66 66 66 66 64 64 63 63 62 62 62 64 62 62
    64 63 63 64 64 62 63 63 64 65 64 64 65 64 63 64 65 64 65 64 63 63 64
    64 65 66 66 67 68 67 67 68 68 66 66 66 66 66 67 67 65 65 63 62 61 62
    61 61 61 60 62 62 61 61 62 62 62 63 63 64 64 65 65 65 64 65 65 63 63
    63 63 63 62 62 62 62 62 64 66 66 65 66 66 66 65 65 65 65 65 66 66 65
    65 67 67 66 66 66 65 66 67 67 66 65 65 65 65 66 66 65 64 62 63 64 65
    65 64 64 64 64 65 65 65 64 62 62 64 63 64 64 62 61 60 60 60 60 61 60
    60 60 59 60 61 60 61 61 60 61 63 63 65 64 64 63 65 64 64 65 65 65 66
    65 66 68 67 64 65 64 64 64 65 64 64 64 63 62 62 61 60 60 60 61 63 63
    62 62 62 60 60 61 61 62 63 62 62 63 64 63 63 63 62 63 63 64 64 66 65
    64 64 64 64 64 65 63 64 65 65 66 66 66 66 65 64 64 66 65 66 65 66 66
    66 66 65 66 65 65 64 65 66 65 65 65 65 65 66 65 64 63 63 62 61 61 62
    63 61 61 63 62 62 63 63 61 62 62 63 64 63 63 64 63 62 63 64 63 64 63
    62 62 63 63 64 65 66 67 67 67 67 67 68 66 66 66 66 66 66 66 65 65 63
    62 61 62 61 61 61 60 62 62 61 62 63 63 62 64 64 64 65 65 65 65 64 65
    65 64 63 64 64 63 63 63 62 62 63 65 66 66 66 67 67 67 66 66 66 66 66
    66 67 66 66 67 68 66 66 66 65 66 67 66 66 64 64 64 64 65 65 65 63 63
    63 64 65 65 64 64 64 65 66 65 66 65 63 63 65 64 65 64 63 62 61 61 60
    60 61 60 60 60 59 60 61 60 62 61 61 61 63 63 65 64 64 63 64 64 64 64
    64 65 65 65 66 67 67 64 65 63 64 63 64 63 64 64 63 62 61 60 60 59 59
    60 61 61 61 61 61 59 59 60 60 61 62 62 62 63 64 64 64 64 64 64 64 65
    65 66 66 66 65 65 65 65 65 64 64 65 65 66 66 66 66 65 64 64 65 65 65
    64 65 65 65 65 64 65 64 64 62 64 63 63 63 63 64 64 65 64 63 63 62 62
    61 61 61 63 61 62 63 63 62 63 62 60 61 61 63 64 63 63 64 63 62 63 64
    63 63 62 62 62 63 64 64 65 65 66 67 67 66 67 68 67 67 67 67 66 67 67
    65 66 63 62 61 61 62 62 61 61 62 62 61 62 63 63 62 64 64 64 65 65 65
    65 65 65 65 64 63 63 63 62 62 62 62 61 62 65 66 66 66 67 67 67 67 67
    67 67 67 68 68 67 67 68 68 67 67 66 65 66 66 65 65 63 63 63 63 63 64
    64 63 62 63 63 65 65 64 64 64 65 66 65 65 64 63 63 64 63 64 63 62 61
    60 60 60 60 60 60 59 60 59 60 60 59 61 61 61 61 63 63 65 64 64 63 65
    64 64 64 64 65 65 64 65 66 66 63 64 63 63 63 64 63 64 64 64 62 62 61
    61 60 60 61 62 62 62 62 61 60 60 61 61 62 63 63 63 63 64 64 64 64 63
    63 64 64 65 66 66 65 65 65 65 65 65 64 64 66 66 67 67 66 66 66 65 64
    65 65 66 65 65 65 66 65 64 65 64 64 63 64 64 64 64 64 65 65 65 64 64
    63 63 63 61 62 63 64 62 62 64 63 63 63 63 61 62 62 63 64 63 63 63 63
    62 63 63 63 63 62 62 62 63 63 64 66 66 67 68 68 67 68 68 67 67 68 68
    67 67 67 66 67 64 62 62 62 62 63 62 62 62 62 62 63 64 64 64 65 65 65
    65 66 66 66 66 66 65 64 63 63 62 62 61 62 62 61 62 66 66 66 66 67 67
    67 67 67 67 68 68 69 69 68 68 69 68 67 67 66 65 65 66 65 64 63 62 62
    62 62 63 62 62 62 62 63 64 65 64 65 65 65 66 64 65 64 62 63 65 64 64
    64 62 61 60 60 60 60 61 60 60 60 60 61 60 59 61 61 61 62 64 64 66 65
    65 64 66 65 64 65 65 66 66 65 65 66 66 64 65 64 63 64 64 63 63 64 63
    62 61 61 60 60 60 61 61 62 62 62 61 61 61 62 62 63 64 64 64 64 65 64
    64 64 63 63 63 64 64 65 65 64 64 64 64 64 64 63 63 65 65 66 67 66 66
    65 64 64 65 64 65 64 65 65 65 65 64 65 63 63 62 63 64 63 64 64 64 64
    65 64 64 63 63 63 62 62 63 64 63 63 64 63 63 63 63 62 62 62 62 63 62
    62 63 63 62 63 64 63 63 62 62 62 63 63 64 66 67 68 69 68 67 68 68 68
    68 68 68 68 68 68 67 67 65 63 63 63 63 63 63 63 63 63 62 64 65 65 64
    65 65 65 66 65 65 66 66 66 65 64 64 64 63 62 62 63 63 62 63 65 65 65
    65 66 67 67 67 67 68 68 69 69 69 69 69 69 69 69 68 68 66 66 66 66 65
    63 63 62 62 63 64 63 63 62 62 62 63 64 64 65 64 65 65 64 64 64 62 63
    64 63 63 63 62 61 60 59 60 60 60 60 60 60 60 60 60 59 61 61 61 61 62
    62 64 63 63 63 64 64 63 63 63 64 65 64 64 65 65 64 65 63 63 63 63 62
    63 63 62 62 61 60 60 60 60 61 62 61 62 62 62 61 61 62 63 63 64 64 64
    65 65 64 64 64 63 63 64 64 64 65 65 65 64 64 64 64 64 62 63 65 65 66
    67 66 66 65 64 64 65 64 65 64 64 65 66 65 64 65 63 62 62 62 63 62 63
    63 63 63 64 64 63 63 63 62 61 62 63 64 63 62 64 63 63 62 62 61 62 61
    62 62 62 62 63 62 62 63 64 63 63 62 63 63 63 63 64 66 67 68 69 68 67
    68 68 68 68 69 69 68 68 69 67 68 65 64 63 63 63 64 64 63 64 64 63 64
    65 65 64 65 65 65 65 65 65 66 65 65 65 64 64 64 64 63 63 64 64 63 64
    66 66 66 67 67 68 68 68 68 69 69 69 69 69 69 69 69 69 69 68 67 66 66
    66 66 65 64 63 63 64 64 65 64 63 63 63 63 64 65 65 65 65 66 66 64 65
    64 63 63 65 64 64 65 64 62 61 61 61 61 61 60 60 60 60 60 60 59 61 61
    61 61 62 62 63 63 62 62 63 63 62 62 62 63 64 63 64 64 65 64 64 63 62
    62 62 62 62 62 62 61 61 60 59 60 60 61 61 61 62 63 63 63 63 64 64 64
    66 66 66 67 66 65 65 65 64 64 64 65 64 65 64 65 64 63 63 64 63 62 63
    64 64 66 66 65 65 64 64 64 65 64 64 64 64 64 65 65 64 65 63 62 62 62
    63 62 62 62 63 64 64 64 64 63 63 63 62 62 63 65 63 63 65 64 64 64 63
    62 63 62 62 63 62 62 63 62 62 63 63 62 62 61 61 62 62 62 63 65 66 67
    69 68 67 68 68 68 69 69 69 68 68 68 67 68 65 64 63 63 63 64 63 63 63
    63 63 64 65 65 63 65 65 64 65 64 64 65 64 64 64 64 64 65 64 64 64 66
    65 64 65 66 66 66 66 67 68 68 69 68 69 69 69 70 70 70 70 70 70 69 68
    68 66 66 65 65 65 63 62 62 63 63 63 63 62 62 62 62 63 64 64 65 64 65
    66 64 65 64 63 64 65 64 65 66 65 64 62 62 63 63 63 62 62 62 61 62 62
    61 63 62 62 61 62 62 63 62 62 61 63 62 61 61 61 62 61 61 61 62 63 62
    63 61 61 61 61 61 62 62 62 61 61 60 60 60 61 62 62 62 62 63 63 63 63
    63 63 64 66 65 65 66 66 64 64 65 64 64 64 65 64 65 65 65 64 63 63 63
    63 62 63 64 64 65 66 65 64 64 65 64 65 64 64 63 63 63 64 64 63 64 63
    62 61 62 62 61 61 61 63 63 64 64 64 63 63 63 61 62 63 64 63 62 64 64
    63 63 63 62 62 62 62 63 62 62 63 63 62 63 63 62 62 61 62 62 62 62 62
    64 65 66 67 67 66 67 67 67 68 68 68 67 67 68 66 67 65 64 63 63 63 64
    64 63 63 63 63 65 66 65 63 65 65 64 64 64 63 63 63 63 63 63 63 63 63
    62 63 64 64 63 64 66 66 65 65 65 67 67 68 67 68 69 69 70 71 71 70 70
    69 69 68 68 66 65 65 65 64 63 62 62 62 62 62 62 61 61 61 61 62 64 64
    64 63 65 65 64 65 64 63 63 65 64 65 66 65 63 62 62 62 63 62 61 61 62
    61 61 61 60 62 62 61 61 61 62 63 62 61 61 62 62 62 61 61 62 61 61 61
    62 63 62 63 62 61 62 63 62 62 62 63 62 63 62 61 61 63 63 63 63 63 64
    64 64 64 65 64 65 67 66 66 66 66 64 64 64 63 63 64 64 64 64 64 64 64
    62 62 62 63 62 62 64 64 65 66 64 64 64 64 64 64 63 64 63 63 62 63 63
    62 63 62 60 60 61 62 60 61 61 62 63 64 64 64 63 63 63 61 62 64 65 64
    64 65 65 64 63 63 62 62 62 63 63 63 63 64 63 62 63 64 62 62 62 63 63
    64 64 64 66 67 68 69 69 67 68 69 69 69 69 68 68 68 68 67 67 65 64 63
    63 62 64 63 63 62 62 63 63 64 63 62 63 63 63 63 63 62 63 62 62 63 62
    62 62 63 62 63 65 64 64 65 66 66 66 66 66 67 67 68 67 68 69 69 70 71
    71 70 70 69 69 68 67 66 66 65 65 65 63 61 61 62 62 62 61 61 61 61 61
    62 63 63 64 63 64 65 65 65 64 63 64 65 65 66 66 65 64 63 63 64 64 64
    63 62 63 62 63 62 62 63 63 62 62 63 63 64 62 61 61 62 62 61 60 60 61
    61 61 61 62 62 62 62 62 62 62 63 63 63 63 64 63 64 63 62 62 63 63 63
    63 63 64 63 64 64 64 64 64 66 66 66 66 66 65 64 65 64 64 65 66 65 65
    65 65 65 63 63 63 63 62 63 65 65 66 66 65 64 64 64 65 65 63 64 64 64
    63 63 63 62 63 62 61 60 61 62 60 61 61 62 62 62 62 63 62 62 62 60 61
    63 64 63 63 64 64 64 62 62 62 62 62 62 63 63 63 64 63 62 63 63 63 62
    62 63 63 63 64 64 65 66 67 68 68 66 68 68 68 68 68 67 67 67 68 67 67
    66 64 64 64 63 65 64 64 63 63 64 64 65 64 63 64 64 63 63 63 62 63 63
    62 63 62 63 62 63 62 63 64 64 63 64 67 67 67 67 67 68 68 69 67 69 69
    70 70 70 70 70 70 69 68 68 67 66 65 65 65 65 63 61 61 61 61 61 61 61
    61 61 61 62 63 63 64 63 64 65 64 65 64 63 64 65 64 65 65 65 63 63 63
    64 64 64 64 63 64 64 65 64 64 64 64 63 63 64 64 64 62 61 61 62 62 61
    60 60 61 60 61 61 62 62 62 62 62 62 63 64 64 64 64 64 64 64 63 62 62
    63 63 63 63 63 63 63 63 64 64 64 64 66 66 66 66 66 65 65 65 64 64 65
    66 65 64 64 64 65 63 63 63 64 63 64 65 65 66 66 65 64 64 64 64 64 63
    64 63 63 62 62 62 61 61 60 59 59 60 61 60 60 61 62 62 62 63 63 63 63
    62 61 62 64 64 64 63 65 65 64 63 63 63 63 63 63 63 63 63 64 63 62 63
    63 61 62 62 62 62 62 63 62 65 65 66 67 67 66 67 68 68 69 68 68 68 68
    68 67 68 66 65 64 65 64 65 64 64 64 63 64 65 65 65 63 65 64 63 64 63
    62 64 64 63 64 64 64 64 64 63 64 66 65 64 66 67 66 66 67 67 68 67 67
    66 67 67 68 68 69 69 68 68 66 66 66 65 65 64 64 64 64 63 62 61 61 61
    61 60 61 61 60 61 62 63 63 63 63 63 64 64 65 64 63 64 65 65 66 66 65
    64 64 64 65 65 65 64 63 64 64 65 64 64 65 65 64 64 64 64 64 63 62 61
    62 63 61 61 60 61 61 62 62 62 63 63 62 62 62 63 64 64 64 64 64 63 63
    62 62 62 63 63 63 63 63 63 63 62 63 64 63 63 65 64 65 65 65 64 64 64
    64 63 65 65 65 64 64 65 65 64 64 64 64 63 64 65 65 66 66 65 65 64 64
    64 63 62 63 63 62 61 62 60 59 60 59 59 59 59 60 60 60 59 61 60 60 61
    62 62 63 62 62 62 64 64 64 63 65 64 64 63 63 64 63 63 63 64 64 63 64
    64 63 63 63 61 62 62 63 63 63 63 62 64 65 66 66 66 65 66 67 68 68 68
    67 67 67 68 67 68 66 65 64 65 63 65 64 63 63 62 63 64 65 64 63 65 64
    63 64 64 63 64 64 64 65 65 65 64 64 63 65 65 65 64 66 68 67 67 68 68
    69 68 69 67 68 68 69 69 69 69 69 69 67 67 67 66 65 65 65 65 65 64 62
    61 61 61 61 61 61 61 60 60 62 63 63 63 62 62 63 63 64 64 62 63 64 63
    64 65 64 63 63 63 64 64 64 64 62 64 63 65 64 64 64 64 63 63 63 63 63
    62 61 61 62 62 61 61 60 61 61 62 62 62 63 63 63 62 62 62 63 63 62 62
    62 61 61 60 60 60 60 60 60 60 60 61 61 62 62 64 63 63 65 65 65 65 65
    64 64 64 64 64 65 65 64 63 63 64 66 64 64 64 64 63 64 65 66 66 66 65
    65 64 64 64 64 62 63 62 62 61 62 61 60 60 60 58 59 59 60 59 59 59 60
    60 59 61 61 61 62 61 60 61 63 63 63 63 64 64 64 63 63 63 63 63 63 64
    64 64 65 64 63 63 63 61 62 62 62 62 62 62 62 64 65 65 66 66 65 66 66
    67 68 67 67 67 67 67 67 68 66 65 64 64 63 65 64 64 63 63 64 65 65 65
    64 65 64 63 64 64 63 64 64 64 65 65 65 64 64 63 65 66 65 64 66 66 65
    65 66 66 67 67 67 66 67 68 68 68 69 69 69 69 67 67 67 67 67 66 65 66
    65 65 64 63 63 63 63 62 62 62 61 61 62 63 63 63 62 63 62 63 63 63 62
    63 63 63 64 64 63 62 62 62 63 63 63 63 62 63 62 63 63 63 64 64 63 63
    63 63 63 62 61 61 62 62 60 60 60 61 61 61 62 62 62 63 62 62 62 62 63
    63 62 62 62 61 62 61 60 60 61 61 60 61 61 61 62 62 63 64 63 63 65 65
    65 65 65 64 64 64 63 63 64 65 64 63 62 64 65 64 63 63 63 63 64 65 65
    66 66 65 65 64 64 65 64 62 63 63 63 62 62 61 61 61 61 60 60 60 60 60
    60 59 61 61 60 61 62 61 62 61 60 60 62 62 62 63 64 63 64 63 62 63 63
    63 63 64 65 65 65 64 64 64 63 61 62 62 63 63 63 63 62 64 64 65 65 65
    65 66 66 67 68 68 67 67 67 66 66 67 66 64 64 64 63 64 63 63 62 63 63
    64 64 64 63 65 64 63 64 64 63 64 64 64 65 65 65 65 65 64 65 66 65 65
    66 66 66 66 66 66 67 67 68 67 67 67 68 68 69 69 69 69 68 68 68 68 68
    67 66 66 66 66 65 63 63 63 63 62 62 62 61 61 62 63 63 62 62 63 62 63
    63 63 63 64 64 63 64 64 63 62 62 62 63 63 62 62 61 63 62 62 62 63 63
    63 63 63 63 63 62 61 61 61 62 62 60 60 60 60 60 61 61 61 61 61 60 60
    60 60 61 61 61 61 61 60 61 60 60 59 60 60 60 60 61 61 61 61 62 63 62
    63 65 64 64 64 64 63 63 63 63 63 65 65 65 64 64 65 66 65 64 64 64 64
    64 65 66 66 66 65 64 63 64 63 63 61 61 62 62 60 60 59 59 60 59 58 59
    59 59 59 59 58 60 60 59 60 61 61 62 61 60 61 63 61 62 62 63 63 64 63
    63 64 64 64 64 65 66 67 67 66 66 66 65 63 63 64 64 63 63 63 62 64 64
    64 65 65 64 65 66 67 67 67 66 67 67 67 67 68 67 65 65 65 64 64 64 64
    63 64 64 65 65 65 63 65 64 64 64 63 63 64 65 64 64 65 65 65 65 64 65
    66 65 64 65 66 66 66 67 67 67 67 67 66 66 66 67 67 68 67 67 67 67 66
    66 66 66 66 65 65 65 65 64 62 62 62 61 61 61 61 60 60 61 61 62 61 61
    62 62 62 63 63 63 63 63 62 63 64 63 62 62 62 63 62 62 62 61 62 62 63
    63 64 64 64 63 64 63 63 63 62 61 62 62 62 61 60 59 60 60 61 60 60 60
    61 60 61 61 61 62 61 61 61 62 61 62 61 61 61 63 62 61 62 62 62 62 62
    63 64 63 63 65 64 64 64 64 62 63 63 63 63 65 65 65 64 64 65 66 65 65
    65 64 64 65 65 66 65 66 64 63 62 63 63 62 60 61 61 61 61 61 60 60 60
    60 59 60 59 60 60 60 60 61 62 61 61 63 62 63 62 61 62 63 62 63 63 64
    64 65 64 63 64 64 64 64 66 67 67 67 66 66 66 65 64 64 64 65 64 64 63
    62 64 64 64 65 65 65 66 66 67 68 68 67 67 67 68 67 68 67 66 65 65 64
    64 64 64 63 64 64 65 65 65 64 65 65 64 64 64 64 65 65 65 65 66 65 66
    65 64 65 66 65 64 65 67 67 68 68 68 68 68 69 68 68 69 69 68 68 68 68
    68 67 67 67 66 66 65 65 64 64 64 63 62 61 61 60 60 61 60 60 60 60 61
    61 61 61 61 61 62 63 64 63 64 63 63 63 63 63 62 62 62 62 62 62 62 60
    61 61 62 61 63 63 63 63 64 63 63 63 62 61 62 62 62 61 60 59 60 59 60
    60 60 60 61 61 61 61 61 62 62 62 62 63 63 63 62 62 62 63 63 62 62 62
    62 62 61 62 63 62 62 64 63 64 63 63 62 62 63 63 63 65 65 65 64 64 66
    67 66 65 65 65 64 65 65 66 65 66 65 63 62 63 62 62 60 60 62 62 61 61
    60 60 60 60 58 60 59 60 59 60 60 61 62 60 60 62 61 62 62 61 62 63 62
    63 63 64 63 64 63 63 64 64 64 64 66 66 66 67 66 66 66 65 64 65 66 66
    65 65 65 63 65 65 66 67 67 66 67 67 68 69 68 67 67 68 68 68 69 68 67
    67 66 65 66 65 65 64 64 65 66 66 66 65 66 66 65 65 65 64 65 66 65 66
    67 66 67 67 66 66 67 66 65 66 68 67 68 68 67 68 67 69 68 68 68 69 68
    68 68 68 68 67 67 66 66 66 66 65 64 64 64 63 61 61 61 60 59 60 60 59
    60 61 61 61 61 60 60 60 61 62 63 62 63 63 63 63 64 63 62 62 62 63 63
    63 63 61 63 62 63 62 63 63 63 63 63 62 62 61 60 60 60 61 61 60 59 58
    58 58 59 58 58 59 60 60 60 60 61 62 61 61 61 62 62 62 62 61 62 63 62
    61 61 62 61 61 61 62 63 62 62 63 63 64 63 62 62 62 62 62 62 64 64 64
    63 62 64 65 64 64 64 63 63 64 64 65 65 65 64 63 62 63 63 62 61 61 62
    63 62 63 61 62 62 61 60 61 61 61 60 61 61 63 63 61 61 62 61 62 61 61
    62 63 62 63 63 64 63 64 62 62 64 64 64 64 66 66 67 67 66 66 66 65 65
    66 67 68 67 67 66 65 66 67 67 67 68 67 68 68 69 69 69 67 67 67 68 67
    69 68 67 67 66 65 65 65 64 64 63 64 65 65 65 64 65 65 64 64 64 63 64
    65 65 65 66 66 67 66 66 66 67 66 65 65 68 67 68 68 67 68 68 69 68 68
    68 69 68 68 68 68 68 66 66 65 66 66 65 64 63 63 63 62 60 60 60 60 59
    60 60 60 60 61 61 60 60 60 60 60 61 62 63 63 63 63 63 63 63 63 62 63
    63 64 64 64 63 62 63 62 63 62 63 63 63 63 63 62 62 61 61 60 61 61 61
    60 58 58 58 58 59 58 58 59 60 59 60 60 60 61 60 60 61 62 62 62 62 61
    62 63 62 61 61 62 61 61 62 63 63 62 62 64 63 63 63 63 62 62 63 63 62
    64 64 63 62 62 64 65 64 64 64 64 63 64 65 66 65 66 65 65 64 64 64 63
    61 61 62 62 62 63 61 62 61 61 60 61 60 60 60 60 61 63 63 61 61 62 62
    62 61 61 62 63 62 63 64 64 64 64 63 63 64 64 64 65 66 66 67 67 67 67
    67 66 66 66 68 68 68 67 66 66 66 66 67 67 67 66 67 67 68 68 67 65 65
    66 66 66 67 67 65 65 65 64 64 63 63 62 62 63 64 64 64 64 65 65 64 63
    63 63 64 65 64 65 65 65 64 64 63 64 64 64 63 63 67 66 67 66 66 66 66
    68 67 67 67 68 67 67 67 67 67 65 66 65 65 66 65 64 64 64 64 63 61 61
    61 60 60 60 60 60 60 60 60 60 59 59 60 59 60 62 63 63 63 63 63 64 63
    63 62 63 64 65 65 64 64 62 63 63 62 62 63 62 62 62 62 62 61 60 60 59
    60 61 61 60 59 58 58 59 60 59 59 59 61 60 60 60 60 61 61 61 61 61 61
    62 61 61 62 63 62 61 61 62 61 61 62 62 63 61 61 63 62 62 62 61 60 61
    61 61 61 63 63 62 61 60 62 64 63 63 63 62 62 64 64 65 65 66 65 64 63
    64 64 63 61 61 62 62 62 63 60 61 61 60 60 60 59 61 60 60 60 63 63 61
    61 62 62 63 62 61 62 63 62 64 64 65 64 65 63 64 65 65 65 64 66 66 67
    67 67 67 67 66 66 66 68 69 68 67 67 66 67 66 67 67 67 66 67 67 67 67
    66 65 65 65 65 65 66 66 65 64 64 63 64 63 63 62 62 63 64 63 63 63 64
    64 63 63 62 62 63 63 63 64 64 64 64 64 64 64 64 64 63 63 68 67 68 67
    67 67 67 69 67 66 66 67 66 66 66 66 66 65 65 65 65 65 65 64 64 64 65
    63 62 62 61 60 60 60 60 60 60 60 61 61 60 59 60 60 61 62 64 63 64 64
    64 65 64 64 63 64 64 66 65 64 64 63 63 63 62 62 63 62 62 62 62 61 60
    59 58 58 59 60 60 59 58 57 57 57 59 58 58 59 60 60 60 61 61 62 61 61
    61 62 62 63 62 62 63 64 62 61 61 62 61 61 61 62 63 61 61 62 62 62 62
    61 61 62 62 62 62 64 63 62 61 61 63 64 63 63 63 62 62 63 63 64 64 65
    64 63 62 64 63 63 60 60 61 62 62 63 61 62 61 61 61 61 60 61 60 60 60
    62 62 61 61 62 61 62 61 60 61 61 61 62 63 63 63 64 62 63 64 64 64 63
    65 65 66 66 66 66 66 65 65 65 67 68 67 67 66 65 66 65 66 66 66 66 66
    66 66 66 65 64 64 64 64 65 66 66 66 65 65 64 64 63 63 63 63 64 64 63
    63 63 63 63 62 62 61 61 62 62 63 63 64 64 65 65 65 65 65 65 64 64 68
    67 68 67 67 67 67 68 67 66 66 67 66 66 66 66 66 64 64 64 65 65 65 64
    64 63 64 63 62 62 61 61 61 61 61 60 60 60 61 61 60 59 60 60 61 62 63
    63 63 63 63 64 63 63 63 63 63 65 65 64 63 63 63 62 62 62 63 62 62 62
    62 61 60 59 57 58 59 59 60 58 57 57 58 58 59 58 59 59 61 60 60 62 62
    63 62 61 62 63 62 63 62 62 63 64 63 62 62 62 61 61 61 62 63 60 60 62
    61 61 61 61 60 62 62 62 62 64 64 63 61 61 64 65 64 64 64 63 63 64 63
    64 64 65 64 63 63 64 63 62 60 60 61 62 61 62 60 61 61 60 60 60 59 60
    59 59 60 61 62 60 60 61 60 61 60 59 59 60 60 61 62 63 63 63 62 62 63
    62 63 63 65 65 66 66 66 66 66 65 65 66 67 68 67 68 68 67 67 66 67 67
    67 67 67 67 67 66 65 64 64 65 64 64 65 65 65 64 64 63 63 63 63 62 62
    63 63 63 63 62 63 63 62 61 61 61 62 62 63 63 64 64 64 64 64 65 66 65
    64 64 68 68 68 68 68 67 67 68 67 66 66 66 66 65 65 66 65 64 63 63 64
    64 64 64 63 63 64 63 62 62 61 61 60 61 60 60 60 61 61 61 60 59 60 60
    61 62 63 64 64 64 64 65 65 65 64 64 65 66 65 65 64 64 64 63 63 62 63
    63 63 63 63 62 61 60 58 59 60 60 60 59 58 58 58 57 59 58 58 59 60 60
    60 61 62 63 62 62 63 63 62 63 63 63 64 64 63 62 63 63 62 62 62 62 63
    61 61 62 62 62 61 61 60 61 61 62 61 63 62 61 61 60 63 65 64 64 64 63
    63 64 64 65 65 65 64 64 64 64 64 63 61 60 61 62 61 61 59 60 59 59 59
    59 58 59 58 59 59 61 61 60 60 60 61 61 59 59 59 60 60 61 62 62 62 62
    61 62 63 62 63 63 65 65 66 66 65 65 65 64 64 65 67 67 66 67 67 67 66
    65 66 66 66 66 67 66 66 66 65 63 64 64 63 63 64 64 64 63 64 63 63 63
    63 63 62 63 63 63 63 63 64 64 63 62 62 62 63 63 64 64 65 65 65 65 65
    66 66 66 65 65 67 66 66 66 66 66 66 67 66 65 65 65 66 65 65 65 65 64
    64 64 65 65 65 64 64 63 64 63 61 61 60 60 59 59 58 58 58 58 59 59 58
    58 59 59 59 61 63 63 64 63 64 65 64 65 64 64 65 66 65 65 65 65 64 64
    63 63 64 64 64 64 64 63 62 61 60 60 61 62 61 61 60 59 59 59 59 59 60
    59 61 61 61 62 63 64 63 62 63 64 63 64 64 64 65 65 64 63 63 64 63 63
    62 63 63 61 60 62 62 61 61 60 60 61 61 61 61 62 62 61 60 60 62 64 64
    63 63 63 62 64 64 65 64 64 64 64 63 64 64 63 61 61 62 63 62 62 60 61
    60 59 60 60 59 60 60 60 61 62 62 60 60 61 61 61 59 59 60 61 60 61 61
    62 62 61 61 61 62 62 63 62 64 65 66 66 65 65 65 64 64 65 66 67 66 67
    67 66 66 65 66 66 66 66 66 66 66 65 64 63 64 64 63 63 63 63 63 63 63
    62 62 62 62 62 62 63 63 63 63 64 64 64 64 63 63 64 65 65 66 66 66 66
    66 65 65 65 66 66 65 65 66 66 66 66 65 65 65 66 66 65 65 65 65 65 65
    65 66 64 64 65 65 65 65 65 64 63 64 63 62 61 61 61 60 60 59 58 58 59
    59 59 58 58 58 58 59 60 61 61 62 62 61 63 62 62 61 62 63 64 64 64 63
    64 63 63 62 62 64 63 63 63 64 64 62 61 61 61 62 62 62 61 61 61 61 60
    61 61 62 61 63 62 62 63 63 64 64 63 64 64 63 64 63 64 64 64 62 62 63
    65 63 63 63 63 64 62 61 62 63 62 62 61 61 62 62 62 61 62 61 61 60 59
    62 63 63 62 63 62 62 63 64 65 64 65 64 65 64 64 64 64 62 62 63 64 63
    64 61 63 61 61 61 61 61 62 62 62 62 63 63 61 61 62 62 63 61 61 61 62
    61 62 63 63 63 62 62 62 63 63 63 63 65 65 65 66 65 65 65 63 64 65 66
    66 66 67 67 67 67 66 67 67 67 67 67 67 67 66 65 65 65 65 63 63 64 64
    64 62 62 62 62 62 62 63 63 63 63 63 64 64 65 65 64 64 64 65 66 66 66
    66 66 66 66 65 65 65 66 66 65 65 66 65 66 66 66 65 66 67 66 65 65 65
    65 64 64 65 66 65 65 65 66 66 66 65 65 63 64 64 62 62 62 62 60 60 59
    58 59 58 59 59 58 58 58 58 59 60 62 61 62 61 61 62 62 62 61 62 63 64
    64 64 63 64 64 63 63 63 64 65 64 64 65 65 63 62 61 61 62 62 62 61 61
    61 61 61 61 61 62 61 62 62 62 63 64 64 64 63 64 64 63 63 63 63 64 64
    62 63 63 65 63 63 63 63 64 62 61 62 63 62 62 61 61 62 62 62 61 62 62
    61 60 59 61 63 63 63 64 63 63 64 64 65 65 65 64 65 64 64 64 64 63 63
    63 64 64 64 62 64 62 62 62 62 62 62 62 62 62 63 63 62 61 62 62 62 61
    61 61 61 61 62 62 62 62 62 62 62 63 63 63 63 65 64 65 65 64 65 64 63
    63 64 65 65 65 66 66 66 66 65 66 67 67 67 67 67 67 66 66 65 65 65 64
    63 64 64 64 62 62 61 61 61 61 62 62 62 63 62 63 63 65 65 65 64 65 66
    67 67 67 67 67 67 67 65 65 65 66 65 65 65 65 65 65 65 65 65 65 66 65
    64 64 64 64 64 63 65 66 65 65 65 65 65 65 65 64 63 65 64 63 62 62 62
    61 60 59 59 59 59 60 59 59 58 59 59 59 60 62 61 61 61 61 62 61 61 60
    61 62 63 62 62 62 62 63 62 61 62 63 63 63 63 64 63 62 61 59 60 61 62
    62 61 61 61 61 61 62 62 61 62 63 62 62 63 63 64 63 62 63 63 62 62 62
    62 64 64 62 62 63 65 63 63 63 63 64 62 62 62 62 62 61 60 60 61 61 61
    60 61 60 60 60 59 61 62 63 63 63 63 63 64 64 65 65 66 65 66 65 65 65
    66 64 64 64 65 65 65 63 65 63 62 62 63 61 62 62 62 63 63 63 62 62 63
    62 63 62 62 62 62 62 63 63 63 63 63 63 63 63 63 63 63 64 64 64 64 64
    64 64 62 63 63 64 64 64 65 65 66 66 65 66 67 67 68 67 67 68 67 67 67
    66 66 65 64 64 64 64 63 63 62 62 62 61 62 63 62 62 62 63 63 65 65 65
    64 65 66 67 67 67 67 67 67 68 66 66 65 66 66 65 65 63 63 63 64 64 63
    63 65 64 63 64 64 64 64 64 65 66 65 65 65 65 65 65 66 65 63 64 64 63
    62 62 62 61 61 60 59 59 59 60 59 59 58 59 59 59 60 62 62 61 60 60 61
    60 60 60 60 61 61 61 61 61 61 61 60 59 60 61 62 62 63 63 63 62 61 60
    61 62 62 62 62 61 62 62 62 62 62 62 62 63 62 62 63 62 63 63 62 63 63
    62 62 61 62 63 64 63 63 63 65 64 64 64 63 64 62 61 62 62 62 61 60 60
    60 60 60 59 60 60 59 59 58 60 61 62 62 63 62 62 63 63 64 63 64 64 65
    64 65 65 65 64 63 64 64 64 65 63 64 63 62 62 63 61 61 60 61 61 62 62
    61 61 62 61 62 61 61 61 62 62 63 64 64 64 64 63 63 63 63 63 63 65 64
    64 64 64 64 64 63 63 64 64 65 66 67 67 68 68 67 68 68 68 69 68 68 68
    67 67 67 66 65 64 63 64 63 64 63 62 62 62 62 61 63 63 62 63 63 63 63
    64 65 65 64 64 65 65 65 65 65 65 65 66 64 64 64 64 65 63 63 63 63 63
    63 63 63 63 65 64 64 64 64 64 64 64 65 66 66 66 66 66 65 65 66 65 63
    64 64 63 63 63 63 62 61 60 60 60 60 60 60 60 59 61 61 61 61 63 63 62
    61 61 61 60 60 59 59 60 60 60 60 60 60 61 59 58 59 60 61 62 62 63 63
    62 61 60 61 61 62 62 61 61 61 61 62 62 61 61 61 62 62 62 63 63 63 63
    62 63 64 63 62 62 62 64 64 63 63 63 64 64 64 64 64 65 63 63 63 63 63
    62 61 61 62 62 61 61 61 61 60 59 58 60 62 62 62 63 63 63 64 64 65 65
    66 65 66 65 67 66 66 65 65 65 65 65 66 64 66 64 63 63 64 62 62 61 62
    63 63 63 62 62 62 62 62 61 61 62 62 62 63 63 64 64 63 63 63 63 63 63
    64 66 65 66 65 65 65 65 65 65 65 65 66 67 68 68 69 69 68 69 69 70 70
    69 69 69 68 68 68 67 66 65 64 65 64 64 63 63 62 62 63 62 63 63 62 63
    63 64 63 64 65 65 64 64 65 65 65 65 65 65 65 66 65 65 64 65 65 64 65
    61 62 62 62 62 62 62 64 63 63 63 63 64 64 64 64 66 65 65 65 65 65 65
    64 63 62 63 63 63 62 62 62 62 61 60 60 60 60 61 62 62 61 62 63 62 62
    63 63 63 62 62 62 61 61 60 59 60 61 60 60 59 60 61 60 58 59 61 61 62
    63 64 64 63 62 61 61 62 62 62 61 61 62 62 62 61 60 61 61 61 62 62 62
    63 63 63 63 64 65 64 64 63 63 65 65 64 64 65 66 65 66 65 65 65 64 63
    64 64 63 63 62 62 62 62 61 61 61 60 60 59 58 60 61 62 62 63 63 63 64
    65 65 66 66 65 66 66 67 66 67 66 66 66 66 65 65 63 65 64 63 63 63 62
    63 62 63 63 64 63 63 62 62 62 62 61 62 62 63 63 63 63 64 64 64 63 63
    63 64 64 65 66 66 66 65 65 66 66 66 66 66 66 67 68 69 69 70 69 68 70
    70 70 70 69 70 69 68 69 68 67 66 65 64 64 64 65 64 63 62 62 63 62 63
    63 61 62 62 63 63 64 64 64 63 62 64 65 65 64 64 65 65 66 64 65 64 66
    66 65 65 61 62 62 62 62 61 62 64 63 63 63 64 64 64 63 64 65 64 64 64
    64 64 64 64 63 62 63 62 62 61 62 62 62 61 60 60 61 61 62 62 62 61 62
    63 62 62 63 63 62 61 61 62 61 60 60 59 60 61 61 60 60 60 61 60 59 60
    61 62 62 62 63 63 62 61 60 60 61 62 62 61 60 62 61 62 62 61 61 62 62
    63 62 63 64 64 64 64 65 65 64 64 63 63 65 65 64 64 64 65 65 65 65 64
    65 63 63 63 63 63 63 62 62 62 62 62 61 61 61 60 59 59 60 62 62 62 63
    63 64 64 65 66 66 66 66 66 66 67 66 67 66 66 66 66 65 65 64 65 64 62
    63 63 62 63 61 62 63 62 62 62 61 61 61 61 60 60 61 61 62 62 62 63 63
    63 63 64 63 64 64 65 66 66 65 65 65 65 65 66 66 66 66 66 67 67 68 69
    68 67 69 69 69 69 68 68 67 66 67 67 67 66 65 64 65 64 65 64 63 63 63
    63 62 63 63 61 62 62 62 61 62 62 61 60 60 62 62 62 62 63 63 64 65 64
    64 64 65 66 65 65 63 63 63 63 64 63 64 65 65 65 65 65 65 65 64 64 65
    64 64 64 64 63 64 63 62 61 61 61 61 61 62 62 62 61 61 61 62 61 62 62
    62 61 63 63 63 62 63 62 62 61 61 62 60 60 60 60 60 61 61 61 60 61 61
    61 60 60 61 62 62 62 63 63 62 61 60 60 61 62 62 61 61 62 62 63 63 62
    63 63 64 64 64 64 64 65 65 64 65 66 65 64 63 63 65 65 64 63 64 65 64
    64 64 64 64 62 62 62 62 62 62 61 61 61 61 61 60 61 60 59 59 58 60 61
    61 62 63 63 63 64 65 65 66 66 65 66 66 67 66 67 66 66 66 66 65 65 64
    65 64 63 63 64 63 63 62 62 63 63 62 62 61 61 61 60 60 60 61 61 62 63
    62 63 64 63 63 63 62 63 63 64 65 65 64 64 64 64 64 64 64 64 64 65 66
    67 67 68 67 67 68 68 68 68 68 68 67 66 67 66 66 65 65 64 64 64 64 63
    62 62 62 62 61 62 62 60 61 61 61 60 61 61 60 59 59 61 61 61 62 63 63
    64 65 65 65 65 67 67 67 67 61 61 61 61 62 62 63 65 64 64 65 65 66 66
    65 65 66 65 65 65 65 64 64 63 63 62 62 61 62 61 62 63 63 62 61 61 62
    61 63 63 63 61 62 62 62 62 62 62 61 60 61 61 60 60 60 59 60 61 61 61
    60 60 61 60 59 59 61 61 61 61 62 62 61 60 60 59 60 61 60 60 60 61 62
    62 62 62 63 63 64 64 63 63 64 65 65 64 65 66 65 64 63 63 64 64 64 63
    64 65 64 64 64 64 64 62 62 62 62 62 62 62 62 61 61 61 60 60 60 59 58
    58 59 61 61 62 62 63 63 63 64 65 65 65 65 66 66 66 66 66 65 65 64 65
    64 64 64 64 64 62 63 63 62 62 61 61 63 62 61 61 60 60 60 60 59 59 60
    60 61 61 61 62 63 62 62 63 62 63 63 63 65 64 64 64 64 65 65 66 65 65
    65 66 66 67 67 68 68 67 68 68 68 68 67 67 66 65 66 66 65 65 64 63 63
    63 64 63 62 62 62 62 61 62 61 60 61 60 60 60 61 61 61 60 59 61 61 62
    62 63 64 65 66 65 66 67 68 68 67 68 61 60 60 60 61 61 63 64 63 64 64
    64 65 65 65 65 65 65 65 65 65 64 64 63 63 62 62 62 62 62 63 64 64 62
    61 62 62 62 63 63 63 61 63 62 62 61 62 61 61 60 61 62 60 60 60 60 61
    62 62 62 61 62 63 62 61 61 62 62 62 62 63 63 62 61 60 60 61 61 61 60
    60 62 62 63 63 62 63 63 64 64 63 63 63 64 65 64 65 65 64 64 63 63 64
    64 63 63 64 65 64 65 65 64 64 63 62 62 63 63 62 62 63 62 62 61 60 60
    60 58 58 58 59 60 60 61 61 61 61 62 63 64 65 65 64 66 66 66 66 66 65
    65 64 65 64 64 63 64 63 62 63 62 62 62 62 62 63 62 61 63 62 62 61 61
    60 60 60 61 61 62 60 61 62 61 62 63 62 62 62 63 64 64 64 64 64 64 64
    65 64 63 63 64 64 65 66 67 66 66 67 67 66 66 66 66 65 64 66 66 66 65
    64 63 63 62 63 63 61 62 62 62 61 62 61 61 60 60 60 60 61 61 61 61 60
    62 62 62 62 62 63 64 65 64 65 66 66 66 66 66 60 61 60 60 61 61 63 64
    63 63 63 63 64 64 64 64 64 64 65 65 64 63 63 63 63 62 62 62 63 63 63
    64 64 63 62 62 62 62 63 63 63 62 63 63 63 62 62 62 61 60 61 61 60 60
    60 60 61 62 62 61 61 61 62 62 61 61 62 62 63 63 64 63 63 61 61 61 62
    63 62 61 61 63 63 63 64 63 63 64 65 65 64 64 64 64 65 64 65 65 65 64
    63 63 64 64 63 63 64 65 65 65 65 64 65 63 63 63 63 63 63 63 63 62 62
    61 60 61 60 59 59 59 59 61 61 61 61 62 61 62 63 64 64 64 64 65 65 65
    65 65 64 65 64 64 63 63 62 63 62 61 61 61 61 61 60 60 61 61 60 61 60
    60 61 60 60 60 60 61 62 62 61 62 63 62 62 63 62 62 63 63 64 64 64 63
    64 63 63 64 63 63 63 63 63 64 65 66 66 65 66 67 67 67 66 66 65 65 65
    66 66 65 64 64 63 62 62 62 61 61 61 61 61 61 61 61 60 60 60 60 61 61
    62 61 61 63 62 63 63 63 64 64 65 64 64 65 65 66 65 66 61 61 60 60 61
    61 62 62 62 62 62 62 63 64 63 63 63 63 64 64 63 62 63 62 62 61 62 62
    63 62 63 63 64 63 62 61 61 62 63 64 64 63 64 64 64 63 63 62 62 61 61
    62 61 61 61 61 61 62 62 61 60 61 62 62 61 60 62 62 63 63 64 63 62 61
    61 60 62 62 61 61 61 62 63 63 63 62 62 63 64 64 64 63 63 63 64 64 65
    65 65 64 63 63 64 64 64 63 64 65 65 65 66 64 65 63 62 62 62 62 62 62
    62 61 60 60 60 59 59 58 58 58 59 61 61 61 61 61 61 62 63 64 64 64 64
    65 66 66 66 66 64 65 65 65 64 64 63 63 63 61 62 62 62 62 62 61 62 62
    61 62 61 61 61 60 60 60 60 61 61 62 61 62 62 61 62 62 61 62 62 63 64
    64 63 63 63 63 63 64 63 62 62 63 63 65 65 66 67 66 67 68 68 68 67 68
    66 66 67 67 67 67 66 65 64 63 64 64 62 62 62 63 62 63 62 62 61 61 61
    61 62 62 62 62 60 62 62 62 62 62 64 64 66 65 65 66 66 66 65 66 60 60
    60 60 61 61 62 62 61 62 62 61 62 63 63 63 63 63 64 63 63 61 62 61 61
    61 61 61 62 62 62 63 63 62 61 60 61 61 63 63 64 63 64 64 64 62 62 61
    61 60 60 60 60 60 60 60 60 61 61 60 59 60 62 62 60 60 62 63 64 64 64
    63 63 61 60 60 62 62 61 60 60 62 62 62 62 62 62 62 64 64 63 63 63 63
    64 64 66 66 65 65 64 64 65 65 65 65 66 67 67 67 67 66 66 65 64 64 64
    64 63 63 63 62 61 61 60 60 59 59 59 59 59 61 61 61 61 62 61 62 63 64
    65 65 64 65 66 66 66 66 65 66 65 66 65 65 65 65 64 63 63 64 64 64 63
    63 64 63 62 63 62 62 61 60 60 60 60 61 61 61 60 60 61 60 61 61 61 61
    62 62 64 63 63 63 63 63 63 64 64 63 63 63 64 65 65 67 67 67 68 68 69
    69 68 68 67 66 67 68 68 68 67 66 65 64 64 64 63 62 61 63 62 63 63 63
    63 63 63 62 63 63 63 62 61 63 62 63 63 63 64 65 66 65 65 66 66 67 66
    67 60 60 59 60 60 60 61 61 61 62 61 61 62 63 62 62 62 63 63 63 62 62
    62 61 62 61 61 61 62 62 62 64 64 63 62 62 62 62 63 63 64 62 64 63 64
    62 61 61 61 60 60 60 60 59 60 60 61 61 62 61 60 61 62 62 61 61 63 63
    63 63 64 63 62 61 61 60 61 62 61 60 60 61 62 61 62 61 61 61 62 62 62
    62 62 61 63 63 64 64 64 63 63 63 64 64 64 64 66 67 67 67 67 66 66 64
    64 64 64 63 63 63 63 62 61 61 60 60 59 58 58 59 59 61 61 61 62 63 62
    63 64 65 65 65 65 66 66 66 66 66 65 65 64 65 64 63 63 63 63 62 62 63
    63 63 63 63 64 64 62 63 63 63 62 61 60 60 60 60 61 60 59 60 60 59 60
    60 60 60 61 62 64 64 63 63 64 64 64 65 65 64 64 64 65 66 67 68 69 68
    69 69 70 70 69 69 68 68 69 69 69 68 68 67 65 63 64 64 62 62 60 62 61
    62 62 62 63 63 63 62 63 64 64 63 62 64 63 65 65 65 65 65 66 65 65 67
    67 66 66 67 60 60 60 60 60 60 61 61 61 61 61 61 61 62 61 61 61 62 62
    62 61 61 62 60 62 61 61 61 63 63 63 64 64 63 62 62 62 62 63 63 64 63
    64 64 64 63 62 62 62 61 61 61 61 60 61 61 62 62 62 62 61 61 62 63 62
    61 63 63 63 63 64 63 63 61 61 60 61 61 60 60 60 61 62 61 61 61 61 61
    62 62 62 61 61 61 62 63 63 63 63 63 63 63 63 63 64 64 65 66 66 67 67
    66 66 65 64 64 64 63 63 63 63 62 61 60 60 59 59 58 58 58 58 60 60 61
    61 62 62 62 63 64 65 65 64 65 65 65 65 66 64 65 64 64 64 63 63 63 63
    62 63 63 64 65 64 64 65 64 63 64 63 63 63 62 61 60 61 61 61 60 59 60
    61 60 60 61 61 61 62 62 64 64 64 64 64 64 65 66 65 65 65 65 66 67 67
    68 68 68 69 69 70 70 69 69 68 67 68 68 68 67 68 67 65 63 64 64 63 62
    60 61 61 62 62 62 62 63 63 61 62 62 63 62 61 63 63 64 64 64 65 65 65
    65 64 65 65 65 64 65 60 60 60 61 60 59 61 61 61 61 60 60 61 61 60 61
    60 60 62 61 60 61 61 60 61 60 60 60 61 61 62 63 63 62 62 61 61 61 62
    62 63 61 63 62 63 62 61 60 60 59 60 60 60 60 60 60 61 62 63 62 61 62
    63 64 63 63 64 64 65 64 65 64 64 62 62 61 62 62 61 60 61 62 63 62 62
    62 62 62 63 62 62 62 61 61 62 62 62 62 62 62 62 61 62 62 63 62 63 64
    64 65 65 65 65 64 63 63 63 62 62 62 62 62 61 60 60 60 60 59 59 59 59
    61 61 62 62 63 62 63 64 64 65 65 65 65 66 66 66 66 65 65 64 65 64 64
    64 64 65 63 64 65 66 66 65 65 66 65 64 65 64 64 64 63 62 61 62 62 62
    62 61 61 62 61 62 62 62 62 63 63 65 65 65 65 65 65 65 67 66 65 66 66
    67 67 67 68 69 69 69 70 70 71 70 70 68 68 68 68 68 68 69 67 66 64 65
    65 64 62 61 61 61 62 62 62 62 63 63 61 63 62 63 62 61 63 63 64 64 64
    66 66 67 66 65 67 66 66 65 66 62 62 61 62 62 61 62 62 62 62 61 61 61
    61 61 61 60 61 62 61 60 60 61 59 61 60 60 60 62 61 62 63 63 62 62 61
    61 62 62 63 63 62 63 63 63 61 61 60 60 59 59 60 60 60 60 60 61 62 62
    62 61 61 63 64 63 63 64 64 64 64 64 63 63 62 62 61 62 62 61 60 60 62
    63 62 62 61 62 62 63 62 62 62 61 61 62 62 62 62 62 61 61 61 61 61 62
    61 62 63 62 63 64 63 63 62 62 62 61 61 61 61 62 61 61 60 60 60 60 59
    60 60 60 62 61 62 62 63 62 63 63 64 65 65 64 65 65 65 65 65 64 65 64
    64 64 64 64 63 64 63 64 65 65 65 64 64 65 64 63 64 64 63 63 63 62 61
    62 61 62 62 61 61 63 62 62 63 63 64 65 65 66 66 66 65 66 66 66 68 68
    67 67 68 68 68 68 69 69 70 70 71 72 72 71 71 70 69 69 69 69 68 70 69
    68 66 66 67 65 64 62 63 63 63 64 63 64 64 64 62 63 63 64 63 62 63 63
    65 64 65 65 65 66 65 65 66 66 66 65 66 64 64 63 64 63 63 63 63 63 63
    62 62 62 62 61 62 60 60 61 60 59 60 60 59 60 59 60 60 61 61 62 62 63
    63 62 62 62 62 63 63 64 62 63 63 63 62 61 60 60 59 59 60 60 60 61 61
    61 62 62 62 61 62 63 63 63 62 63 63 63 63 62 61 62 61 61 60 61 61 60
    59 60 61 63 62 62 61 62 62 63 62 62 62 62 61 62 62 63 62 62 61 61 61
    62 62 62 62 62 62 62 62 63 62 63 62 61 61 60 60 60 60 61 61 60 60 60
    60 60 59 59 60 60 62 62 63 63 63 63 63 63 64 65 64 64 64 65 65 64 64
    63 63 62 63 63 63 63 62 63 62 63 63 64 64 63 63 64 63 62 63 62 62 62
    62 61 60 61 61 61 61 60 61 62 61 62 63 62 63 64 64 65 65 65 65 66 65
    66 68 67 67 67 67 67 68 68 68 69 69 70 70 70 71 70 69 68 67 68 67 68
    67 69 67 67 65 66 66 64 63 61 62 62 63 63 63 64 64 63 62 63 63 63 63
    61 63 64 66 65 65 66 65 66 66 66 67 67 66 66 66 66 66 64 65 64 63 64
    64 63 63 62 62 62 63 62 62 60 60 60 60 59 59 60 59 60 60 60 60 62 61
    61 62 63 63 62 62 62 63 63 64 64 63 63 63 64 62 62 62 62 61 61 62 61
    61 62 61 61 62 62 62 61 61 62 63 62 61 62 62 62 61 61 60 61 60 60 60
    61 61 59 59 59 61 62 61 62 61 62 62 63 62 62 62 61 61 62 62 62 62 62
    61 61 61 61 61 62 62 63 63 62 63 63 62 63 62 61 61 61 61 61 62 62 62
    61 61 61 61 60 60 60 60 61 63 62 62 62 63 62 62 63 63 64 64 64 64 64
    65 64 64 63 64 63 63 63 63 63 63 63 62 62 63 64 64 63 63 63 62 61 62
    62 61 61 61 61 59 60 60 61 60 60 60 62 61 62 63 63 64 65 65 65 65 66
    66 67 66 66 68 68 67 67 68 68 68 67 68 68 69 70 70 70 70 69 68 67 67
    67 67 67 67 68 67 67 65 65 66 64 63 61 63 63 63 63 63 63 63 63 62 63
    63 63 62 60 62 63 65 64 65 65 65 66 66 65 67 67 66 65 66 66 66 64 64
    63 63 64 64 63 63 63 62 63 63 62 62 59 59 60 60 59 59 60 59 59 59 59
    59 60 61 61 61 62 63 62 62 62 62 63 63 63 62 63 63 64 62 62 61 61 60
    61 62 61 62 62 62 62 62 62 62 61 62 63 63 62 62 62 63 62 62 61 60 62
    61 61 61 61 61 60 59 59 61 62 61 62 61 62 62 64 62 62 62 62 62 63 63
    64 63 63 62 63 62 63 62 62 62 63 63 63 63 64 63 63 63 62 61 61 60 61
    61 62 62 61 60 61 61 60 59 60 60 60 62 62 62 62 62 62 61 62 62 63 62
    62 62 63 63 63 63 62 63 62 62 62 62 62 62 63 62 63 63 65 65 64 63 63
    62 62 62 62 61 61 61 60 59 59 60 60 60 59 60 62 61 62 63 63 64 65 65
    66 66 66 66 67 67 67 69 68 68 68 69 69 68 68 68 69 69 70 71 70 71 70
    69 68 68 67 68 68 68 69 68 67 66 66 66 64 63 61 63 63 63 63 63 63 63
    63 61 62 62 62 62 60 62 62 65 64 64 65 64 66 66 65 67 67 66 66 66 67
    67 65 65 64 64 65 64 64 63 62 62 62 62 62 61 59 59 60 60 59 59 60 59
    59 59 60 61 62 62 62 62 63 63 63 63 63 63 64 65 65 64 65 64 64 63 63
    62 62 62 62 63 63 63 64 63 63 63 63 62 61 62 63 63 62 62 63 63 62 61
    61 60 61 60 61 61 61 61 60 59 59 61 62 61 61 61 62 62 63 62 62 62 62
    61 62 63 63 63 63 62 62 62 62 62 62 62 63 63 62 63 63 63 63 63 63 62
    62 61 62 62 62 63 61 62 62 62 61 60 61 61 61 63 63 63 63 63 63 63 63
    64 64 64 63 64 64 64 64 64 63 64 63 64 63 63 63 63 64 63 63 64 66 66
    65 65 65 64 63 63 63 62 62 62 61 60 61 60 61 60 59 60 61 60 61 62 62
    63 65 65 66 65 65 66 66 66 67 69 68 68 68 68 68 67 67 68 68 69 70 71
    70 71 70 69 68 68 67 68 69 68 70 68 68 66 66 65 64 63 61 62 62 62 62
    62 62 62 62 61 62 62 62 62 60 61 62 65 64 64 65 65 66 66 65 67 67 66
    66 66 67 67 65 65 65 64 65 64 64 63 62 61 62 61 61 62 59 59 60 60 59
    59 60 59 59 59 60 61 61 62 62 62 63 63 62 62 62 62 63 64 64 64 64 63
    64 63 62 62 61 61 62 63 63 63 64 63 63 63 62 62 61 62 62 63 62 62 63
    62 62 60 60 59 61 60 60 60 61 61 60 60 60 62 63 62 62 62 63 63 64 62
    62 62 62 61 63 62 63 62 62 61 62 62 62 62 62 62 62 62 62 62 63 62 62
    62 62 61 61 60 61 61 61 62 61 61 62 62 61 61 61 61 61 63 63 62 63 63
    62 62 62 63 63 63 62 63 63 62 63 63 61 63 63 63 63 63 63 63 64 63 63
    64 65 65 65 65 65 64 63 63 62 61 62 61 61 59 59 60 60 59 59 59 60 60
    60 61 62 62 64 63 64 64 64 65 65 65 65 67 66 66 66 66 66 65 65 66 66
    67 68 69 68 68 68 67 66 66 66 66 67 67 68 67 66 65 65 65 64 64 62 63
    63 63 63 63 63 63 63 61 62 62 62 61 60 61 61 64 63 63 64 64 65 65 64
    66 66 65 64 65 69 68 66 66 66 64 65 65 64 63 62 62 62 61 61 61 59 58
    59 60 59 59 60 60 60 60 61 61 62 62 62 62 63 64 63 63 63 63 63 64 63
    63 64 63 64 63 62 62 62 61 62 63 63 63 64 64 63 63 63 63 62 62 63 63
    62 62 63 62 61 60 60 59 60 60 60 60 61 62 61 60 60 62 63 62 63 63 64
    64 65 63 63 63 63 63 63 63 63 63 62 61 63 62 61 61 61 61 61 61 60 60
    61 60 61 61 61 60 60 60 60 60 61 62 61 61 62 62 61 60 61 60 61 63 62
    63 63 63 62 62 61 62 62 62 62 62 62 62 62 62 61 62 61 62 62 62 63 62
    63 63 63 63 65 64 65 64 64 64 64 63 62 62 62 61 61 59 60 59 60 59 59
    59 60 59 60 60 61 62 63 62 63 64 64 64 65 64 65 66 66 66 66 66 65 65
    65 65 66 66 67 68 68 68 67 66 65 65 65 65 66 66 68 67 66 65 65 65 63
    64 62 62 63 63 63 63 63 62 62 61 61 61 61 61 59 60 60 63 62 62 63 63
    64 64 63 65 65 64 63 64 69 69 67 67 66 65 66 65 65 63 62 61 62 62 62
    62 60 60 60 61 60 60 60 60 60 60 61 62 62 62 62 61 62 63 62 63 62 62
    63 64 64 64 64 63 64 64 63 63 63 63 63 64 64 64 65 65 64 64 64 64 63
    64 63 63 62 62 63 62 61 60 60 59 60 59 60 60 61 61 60 60 60 62 63 62
    63 63 64 64 65 63 64 64 64 63 64 63 63 63 62 61 62 61 61 60 60 61 61
    60 59 60 60 60 61 61 61 61 61 60 61 61 61 62 61 62 62 62 61 61 61 61
    61 63 62 62 63 63 62 62 61 62 62 62 61 62 62 62 62 62 61 62 61 62 62
    62 63 62 64 63 64 64 65 65 66 65 66 65 65 65 64 64 64 63 63 62 62 61
    62 61 61 61 62 61 62 61 62 63 64 64 64 64 64 64 65 65 66 67 66 66 65
    66 66 66 66 66 67 68 69 70 70 70 69 68 67 67 67 67 68 67 68 67 67 66
    66 66 64 64 63 63 63 63 63 64 63 63 63 62 63 63 63 62 60 61 62 64 64
    63 64 63 64 64 63 65 65 65 64 64 67 67 65 65 65 64 65 64 63 63 61 61
    62 61 62 62 60 60 61 62 61 61 61 61 61 61 62 63 63 63 63 62 63 63 63
    63 63 63 63 64 63 64 65 63 64 65 64 63 64 64 64 64 64 64 65 66 65 65
    65 64 64 65 64 64 64 63 63 63 62 61 60 60 61 60 60 60 61 61 60 60 60
    62 63 62 63 63 64 64 65 64 64 65 64 63 64 63 63 63 62 61 63 62 62 61
    61 62 61 61 60 60 61 61 62 62 62 62 62 61 62 62 62 63 62 63 64 63 63
    62 62 62 62 64 63 63 63 64 63 63 63 63 62 62 61 62 62 62 63 63 62 63
    62 63 63 63 63 63 64 64 65 65 67 66 66 66 66 65 65 65 64 64 64 64 63
    62 62 61 62 61 61 61 62 61 62 61 63 63 64 63 64 63 63 64 65 65 66 66
    66 66 66 66 66 66 67 67 68 69 71 71 70 70 70 68 68 67 67 67 68 67 68
    67 66 65 65 65 64 64 62 62 63 64 63 64 63 63 63 62 63 63 63 62 60 61
    61 64 64 63 63 62 63 63 62 63 63 63 62 62 68 67 65 65 65 63 65 64 63
    62 60 60 61 61 61 62 60 60 61 62 60 60 61 61 61 60 61 62 62 63 62 61
    62 62 62 62 62 62 62 64 63 65 65 64 64 64 63 63 63 64 64 64 64 64 65
    65 64 65 64 64 64 64 64 64 64 64 63 63 62 61 61 60 62 61 61 62 62 62
    62 62 62 63 64 63 64 64 65 64 65 64 64 65 64 63 64 63 63 62 62 61 62
    61 61 61 61 62 61 60 60 60 61 61 62 62 62 62 62 62 62 62 63 64 63 64
    64 64 63 62 62 62 63 64 64 63 63 63 62 62 62 62 62 62 61 62 62 63 63
    63 62 63 63 63 63 64 64 64 65 64 65 65 66 66 66 67 67 66 66 65 65 65
    64 64 63 62 62 62 63 62 62 62 62 62 62 61 62 63 63 63 63 63 63 63 63
    63 64 64 65 64 65 65 66 66 66 67 68 68 70 71 70 70 70 68 68 67 67 67
    69 68 69 67 66 66 65 65 64 64 62 62 63 64 64 64 63 64 64 63 63 64 63
    63 61 61 61 64 64 63 63 62 63 62 61 63 63 62 61 62 69 68 66 66 65 64
    65 64 63 62 60 61 61 61 61 61 60 60 61 61 60 61 61 61 61 61 62 63 63
    63 62 61 62 62 62 62 62 62 63 64 63 65 65 64 65 65 64 64 64 64 64 64
    64 64 65 65 64 64 63 63 63 64 63 63 63 64 63 62 62 60 60 60 62 61 61
    62 63 63 62 63 63 64 65 64 65 66 66 65 66 65 65 66 65 64 64 64 63 62
    62 61 62 61 61 60 61 61 61 60 59 59 60 60 61 61 62 62 62 61 62 62 62
    64 62 63 64 64 64 63 63 62 63 64 63 63 63 64 63 63 62 62 62 62 61 61
    62 62 63 62 62 63 63 63 62 64 64 64 65 64 65 65 66 66 66 66 66 65 65
    64 64 64 63 63 62 61 62 61 62 61 62 62 62 62 62 61 62 63 63 62 63 62
    62 62 62 62 63 63 64 64 64 65 65 66 66 66 67 68 69 70 70 70 70 68 68
    68 67 67 68 67 68 66 66 66 66 66 65 65 63 63 63 64 64 64 64 64 64 63
    64 64 64 62 61 61 61 64 63 63 63 62 64 63 62 63 64 63 62 62 68 67 66
    66 65 63 65 65 64 63 61 62 63 62 62 62 61 60 61 61 60 61 61 61 61 61
    62 63 62 62 62 61 62 63 63 63 63 63 63 64 64 65 65 63 63 64 63 63 63
    63 63 63 63 63 64 64 63 64 62 63 63 64 63 63 63 63 62 61 61 60 60 59
    61 61 61 62 62 63 62 63 63 65 66 65 66 66 67 66 67 66 66 67 66 65 65
    65 64 64 62 62 63 63 62 62 62 62 62 61 60 60 61 60 61 62 62 62 62 61
    61 61 61 63 62 63 63 64 63 62 62 61 62 63 63 63 64 64 63 63 62 62 62
    62 61 62 62 62 62 62 62 63 62 62 62 63 63 63 65 64 65 65 66 66 66 66
    66 66 66 65 64 65 64 63 62 61 61 61 61 60 61 61 61 61 61 60 61 62 62
    61 62 62 61 62 62 62 63 64 64 64 64 64 65 65 66 66 67 68 69 70 69 70
    70 68 68 68 67 67 68 67 69 67 66 66 66 66 65 65 64 63 64 64 64 63 63
    63 64 62 63 64 64 62 61 60 60 62 62 62 62 62 63 63 62 63 63 62 61 61
    70 69 68 67 66 65 66 65 65 64 62 62 63 62 63 62 61 61 61 62 61 62 62
    62 62 62 63 64 63 64 63 63 63 63 63 64 64 63 63 64 63 64 64 62 62 63
    62 62 62 62 62 63 62 62 64 63 62 63 62 63 63 64 63 63 63 63 63 62 61
    60 60 59 61 61 61 63 63 63 62 63 64 65 66 66 66 67 68 67 67 66 67 67
    66 64 65 64 63 62 61 61 62 62 62 62 62 62 61 60 60 60 61 60 61 61 62
    63 63 61 62 61 61 62 62 63 63 63 63 63 63 62 62 63 63 63 64 64 64 64
    63 63 63 62 62 62 62 62 62 62 62 63 63 63 62 63 63 63 64 64 65 65 66
    66 66 66 65 65 64 64 63 64 63 63 62 61 61 60 61 60 60 61 61 61 61 60
    61 63 62 62 62 62 62 63 63 63 64 64 65 64 65 65 65 65 65 66 66 67 68
    69 68 69 68 67 67 67 67 66 68 66 67 66 66 66 65 65 65 65 63 63 63 63
    63 63 62 62 63 62 63 63 63 62 61 60 60 62 62 62 62 61 62 62 61 62 62
    61 60 60 70 70 68 68 67 66 67 66 66 65 64 64 65 63 63 63 62 62 62 62
    61 62 62 62 63 62 63 64 63 63 64 63 64 63 63 64 64 64 63 64 63 63 64
    62 63 64 63 63 63 63 63 64 63 63 65 64 63 63 62 63 63 64 63 62 62 62
    61 59 59 58 58 57 59 60 60 62 62 62 62 63 64 65 65 66 66 66 67 66 66
    65 66 66 65 64 64 63 62 62 60 60 61 61 61 61 60 61 60 59 59 58 59 58
    59 60 61 61 61 59 60 60 60 62 61 62 63 63 63 63 63 63 63 63 64 64 65
    64 64 64 63 62 62 62 61 61 61 60 61 61 61 62 61 61 60 61 62 62 63 63
    64 64 65 65 65 65 64 64 64 63 63 64 62 62 62 61 61 60 61 61 62 62 63
    63 62 61 62 64 64 63 63 63 63 63 63 63 64 64 65 65 65 65 65 65 65 65
    66 66 67 68 67 68 68 67 67 67 66 66 67 67 67 66 66 66 66 66 65 66 65
    64 63 63 63 62 62 61 62 61 62 63 62 62 60 60 59 61 61 61 61 61 62 62
    61 62 62 61 59 59 70 69 68 68 68 67 67 67 67 66 64 65 65 64 64 64 63
    63 63 63 62 62 63 63 63 62 63 63 63 63 63 62 63 63 63 63 64 64 64 65
    64 64 64 63 64 64 63 64 63 63 64 64 63 64 65 64 62 63 62 62 63 64 62
    62 61 62 61 60 60 59 59 58 60 61 61 63 63 63 63 64 65 66 67 67 67 67
    68 67 68 67 67 66 65 64 65 64 63 62 61 60 61 62 61 61 60 60 60 59 59
    58 58 58 58 59 61 60 61 60 60 59 60 62 62 62 63 63 64 64 64 63 63 63
    64 64 64 64 64 63 63 62 62 62 61 61 61 61 61 61 62 63 62 62 61 62 63
    63 64 63 64 64 65 63 64 64 63 63 62 62 62 63 61 61 61 60 60 60 61 61
    62 63 63 63 63 63 63 64 64 64 64 64 65 65 65 64 65 65 65 65 65 64 64
    64 64 65 65 66 66 67 66 66 67 66 66 65 65 65 67 66 67 66 66 66 65 65
    65 66 65 63 63 63 62 61 60 60 60 60 61 61 60 60 59 59 58 60 60 60 60
    60 62 61 60 61 61 60 59 59 68 68 67 68 67 66 67 67 67 66 65 65 66 65
    65 65 64 64 64 64 63 63 63 64 64 63 64 64 63 63 63 62 63 63 63 63 64
    64 64 64 63 64 64 62 63 64 63 63 63 63 63 63 63 64 65 64 63 63 62 63
    63 64 63 62 62 62 61 60 60 59 59 58 60 61 61 63 63 63 63 64 65 66 67
    67 68 67 68 67 67 67 66 66 65 64 65 64 63 62 61 60 61 62 62 62 61 61
    60 59 60 59 59 58 59 60 62 62 62 61 61 60 60 62 62 63 64 64 64 65 65
    65 64 64 64 64 65 65 64 64 63 63 63 62 62 62 62 61 62 62 62 63 63 63
    62 63 64 64 64 64 66 65 66 65 65 65 64 64 64 62 62 63 61 61 61 60 60
    60 61 61 62 62 62 63 63 62 62 63 63 64 63 64 64 64 64 63 63 63 64 64
    64 63 63 64 64 64 65 65 66 66 66 66 67 66 66 66 65 65 67 67 67 65 65
    66 65 65 65 66 65 64 64 64 63 63 62 62 62 62 63 63 62 63 61 61 60 61
    62 61 61 61 63 62 62 62 63 62 61 61 68 67 67 67 67 66 66 66 67 65 65
    65 66 65 65 65 64 64 64 63 63 63 63 64 64 63 64 64 63 63 63 63 64 64
    64 64 65 65 65 66 65 65 65 64 65 66 64 65 64 64 64 64 64 64 65 65 63
    63 62 62 62 63 62 61 61 61 60 58 58 57 57 56 58 59 60 62 62 62 62 63
    64 65 66 66 67 67 67 67 68 67 66 66 64 64 65 64 63 62 61 60 61 62 62
    62 62 62 61 60 60 60 60 59 59 61 62 63 63 62 62 62 62 63 64 64 65 65
    66 66 66 65 65 64 64 64 64 64 64 63 63 62 62 62 61 62 61 61 62 62 62
    64 64 64 64 64 65 65 65 65 66 66 66 65 65 65 65 64 63 62 62 63 61 61
    61 60 60 60 61 60 61 61 61 61 62 61 62 62 62 62 62 62 63 63 63 62 63
    64 64 64 64 63 63 64 65 65 65 66 66 66 66 66 67 67 66 66 66 66 68 67
    68 66 66 67 65 66 66 67 66 65 64 64 64 63 63 62 62 61 62 63 62 62 61
    60 59 60 60 60 60 59 61 60 59 60 60 60 58 58 66 66 66 67 66 66 66 66
    66 65 64 65 66 65 65 65 65 65 64 64 63 64 64 65 65 64 65 65 63 64 64
    64 64 64 65 65 66 65 65 65 64 64 65 63 64 65 63 64 63 63 63 62 62 63
    64 64 62 63 62 62 62 63 61 61 60 60 59 57 58 57 57 56 57 59 59 62 62
    62 62 63 64 64 66 66 68 67 67 67 68 67 67 66 64 65 65 65 63 63 62 61
    62 63 63 63 63 62 62 61 61 61 61 60 61 62 64 64 64 63 63 63 63 64 64
    65 65 65 65 66 66 65 65 65 65 65 65 65 65 64 64 64 64 64 63 64 63 62
    63 64 64 65 65 65 65 66 66 66 66 65 66 66 65 65 66 66 65 64 64 63 62
    63 60 61 61 60 60 60 61 60 61 61 61 61 61 60 60 60 60 60 60 60 61 62
    61 61 62 62 62 62 62 62 62 63 64 65 65 65 66 65 66 66 67 66 65 66 66
    66 67 67 67 65 65 66 65 65 65 66 65 64 64 63 63 62 61 61 61 61 61 62
    61 61 60 59 58 59 59 59 59 59 60 60 59 59 59 59 57 57 65 65 65 65 65
    65 65 65 65 65 64 65 67 66 65 65 66 65 65 65 64 65 65 66 66 65 67 66
    65 65 65 65 65 65 65 66 66 66 65 65 64 64 65 63 64 64 63 65 64 64 65
    64 64 64 65 65 64 64 64 63 63 65 64 63 62 62 61 59 60 59 58 58 59 60
    61 63 62 63 62 63 64 65 66 66 67 66 67 67 67 67 66 66 65 66 67 66 64
    63 62 61 62 63 63 64 63 63 62 61 61 61 60 60 61 62 64 64 65 64 63 63
    62 64 64 64 65 65 66 66 66 65 65 65 65 65 65 65 65 65 64 64 64 65 64
    65 64 64 65 65 65 66 66 66 65 66 67 66 66 66 66 65 65 65 65 65 64 63
    63 62 62 62 60 61 61 60 60 60 60 59 61 60 60 61 61 60 60 61 60 61 61
    61 62 62 62 62 63 63 63 63 63 63 63 64 65 65 65 66 66 66 67 67 68 67
    67 67 67 67 67 68 68 66 66 66 65 65 65 66 65 64 63 63 62 61 61 60 60
    60 61 61 61 61 61 59 58 59 59 59 59 59 60 60 59 59 59 58 57 57 65 65
    65 65 65 65 65 65 65 64 64 65 66 65 65 64 65 65 65 64 64 64 64 65 65
    64 66 65 64 64 64 64 64 64 64 64 65 64 64 64 62 63 64 62 62 63 62 63
    62 63 64 63 63 63 64 65 64 65 64 64 64 65 65 63 63 62 61 60 61 60 59
    59 59 61 61 63 63 63 62 63 65 65 66 66 67 67 67 67 68 67 66 66 65 66
    67 66 64 63 62 62 63 63 63 63 63 62 62 62 61 61 60 59 60 61 63 64 64
    63 63 62 62 63 64 64 64 65 65 66 66 66 66 65 66 66 66 66 66 66 65 65
    65 65 65 65 64 64 64 65 65 66 66 65 65 66 66 65 65 65 65 65 65 65 65
    65 65 64 64 64 63 63 61 62 62 61 61 61 61 60 61 61 60 60 60 59 59 60
    59 60 60 61 61 61 61 61 62 62 63 63 63 63 63 64 65 65 66 66 66 66 66
    66 67 66 66 66 66 66 67 67 67 66 65 66 65 65 65 65 65 64 63 63 62 62
    61 61 60 60 60 61 61 60 60 59 58 59 59 59 59 59 60 59 59 59 59 59 58
    58 64 64 64 65 65 65 65 65 65 64 64 64 66 65 65 65 66 66 65 65 64 64
    64 65 66 64 66 65 65 65 65 65 65 64 65 65 65 65 65 65 63 63 64 62 62
    63 62 63 63 63 64 63 63 63 64 64 64 64 64 64 64 65 64 63 62 61 61 59
    60 60 58 58 59 60 60 62 62 62 62 63 65 66 67 67 68 67 67 67 67 67 66
    66 65 65 66 65 63 62 60 60 62 62 62 63 62 62 62 62 62 61 61 60 61 62
    64 65 65 64 63 63 62 64 64 64 65 65 66 66 66 66 66 66 66 65 65 66 66
    66 66 66 66 66 65 66 65 64 65 65 65 65 66 66 65 65 66 65 64 64 64 64
    64 64 64 64 63 63 63 62 62 63 61 62 61 61 60 60 60 60 61 61 60 61 60
    59 59 59 59 59 59 60 60 61 61 61 62 62 62 62 62 62 62 63 64 64 65 65
    64 64 65 64 65 65 64 64 64 64 65 65 66 64 64 64 64 64 64 65 65 63 63
    63 62 61 61 61 60 61 61 61 61 61 60 59 58 58 59 59 59 59 59 59 59 59
    58 58 57 57 64 64 64 65 64 65 65 65 65 65 64 65 66 66 66 66 67 67 66
    66 65 65 66 66 67 65 67 65 65 65 65 65 65 64 65 65 65 65 65 65 63 63
    64 62 63 63 62 63 63 64 64 63 64 64 65 65 64 65 65 65 65 66 65 64 64
    62 61 60 61 61 59 59 59 61 61 63 63 63 63 64 66 66 68 68 68 67 67 68
    68 68 67 66 65 65 66 64 63 62 61 61 62 62 63 63 62 62 62 62 62 61 60
    60 61 61 63 64 64 63 62 61 61 63 63 63 63 64 65 66 66 66 66 65 65 65
    65 66 66 66 66 66 66 66 65 65 64 64 65 65 64 65 65 65 64 65 65 64 64
    63 64 64 64 63 64 64 63 63 63 62 62 63 61 62 61 61 60 59 59 59 60 60
    60 60 60 59 59 59 58 58 58 60 60 60 61 61 62 62 62 62 62 62 62 63 64
    64 64 64 63 64 65 64 65 65 64 64 64 64 64 65 65 64 65 65 64 65 65 65
    65 64 63 63 62 61 61 61 60 60 60 61 61 61 60 60 59 59 59 60 59 59 60
    59 59 59 59 59 58 58 64 64 65 65 65 65 66 65 66 65 65 66 67 67 66 65
    66 67 66 66 65 65 66 66 66 65 66 65 64 65 64 65 65 64 65 64 64 65 64
    64 63 63 64 63 63 64 63 64 64 65 65 64 64 65 66 66 65 66 66 66 66 67
    67 65 65 63 62 62 62 62 61 61 61 62 63 64 64 64 63 65 66 67 68 68 69
    68 68 68 68 68 67 66 65 66 66 65 64 63 61 62 63 62 63 63 62 62 62 63
    62 61 61 60 61 61 63 65 64 64 63 63 62 64 64 63 64 64 65 66 65 65 66
    66 65 65 65 66 66 66 66 66 67 66 66 66 65 65 66 66 65 65 65 65 64 64
    64 63 63 63 64 63 63 63 63 63 63 63 63 63 62 64 62 62 62 62 61 61 61
    60 62 61 61 61 62 60 60 60 59 59 59 60 60 61 61 61 62 62 62 62 63 62
    63 64 65 65 65 65 64 65 66 65 66 66 65 65 65 65 65 66 66 65 65 65 64
    65 65 65 65 64 62 62 62 61 61 60 60 60 60 61 61 61 60 60 60 59 59 60
    60 60 61 60 60 60 59 59 59 59 65 65 66 66 65 66 66 66 66 66 67 67 68
    68 67 66 67 68 67 67 66 66 67 66 67 65 67 65 64 64 64 65 65 64 64 63
    64 64 64 64 63 63 64 63 63 64 63 64 64 65 65 64 64 64 66 66 65 65 66
    66 66 67 66 66 65 63 62 62 63 63 62 62 62 63 64 64 65 64 64 65 66 67
    68 68 69 68 67 68 67 67 66 65 64 65 65 65 64 62 61 61 62 62 63 64 63
    63 63 64 63 63 62 62 62 63 64 66 65 65 64 64 63 65 65 64 65 66 66 67
    67 66 66 66 65 65 65 65 66 66 66 66 66 66 65 65 65 65 65 66 65 65 65
    65 64 65 65 64 63 63 63 63 63 63 63 63 62 61 62 61 61 62 61 61 61 61
    60 60 60 60 61 61 61 61 62 61 60 60 58 59 59 59 60 60 60 60 61 61 61
    62 62 61 62 63 64 65 64 64 64 64 64 64 65 65 65 64 64 64 65 65 66 65
    65 65 64 65 65 65 65 63 62 62 62 61 61 61 60 61 61 62 62 62 62 61 61
    60 61 61 61 61 61 61 61 60 60 60 59 59 66 66 67 67 66 67 67 67 67 67
    68 68 69 69 67 66 67 68 67 66 65 66 66 66 66 65 66 64 64 64 64 65 65
    64 63 63 64 64 63 64 63 62 64 62 62 63 62 63 63 63 63 63 63 64 64 64
    63 63 64 64 64 66 66 65 64 63 62 62 64 64 62 62 63 64 65 66 66 65 65
    66 67 68 69 69 69 68 68 68 68 68 67 66 65 65 66 65 64 63 62 62 63 64
    65 65 64 64 64 65 65 64 64 63 64 64 65 66 66 65 64 64 63 65 65 64 64
    65 66 67 66 66 65 65 65 65 64 64 65 65 65 65 66 65 64 64 64 64 64 65
    64 64 65 65 64 64 64 63 63 63 63 62 62 62 62 63 61 61 61 61 61 62 60
    61 60 60 59 60 60 60 61 61 60 61 61 61 60 60 58 59 58 59 59 61 61 60
    61 61 61 61 62 61 60 61 63 63 63 63 62 62 63 62 63 64 63 63 62 63 64
    65 65 64 64 64 64 64 64 65 64 63 62 62 62 61 61 61 60 61 61 62 62 62
    62 62 61 61 60 61 61 61 61 61 61 60 59 59 59 58 67 67 67 68 66 67 67
    67 67 67 68 68 68 68 66 66 67 67 67 65 64 65 65 65 65 64 66 64 64 64
    64 65 65 64 63 63 64 64 64 64 64 64 65 63 63 63 63 64 63 63 64 63 63
    64 64 64 63 63 63 63 64 65 65 64 63 62 61 62 63 63 61 62 62 64 64 66
    66 64 65 65 67 67 68 69 68 67 67 67 67 66 65 64 63 64 65 64 63 62 62
    62 62 63 64 65 64 63 64 65 64 64 63 63 63 64 65 66 65 65 64 64 63 64
    65 64 64 65 65 66 65 65 65 65 65 64 64 65 65 65 65 65 66 66 65 65 64
    64 65 65 64 64 65 64 64 64 64 63 63 62 61 61 61 61 62 62 61 61 61 61
    61 61 60 61 60 60 60 60 61 61 62 61 61 61 62 61 61 60 59 60 60 61 61
    62 62 62 62 62 62 63 63 62 62 62 63 64 63 63 61 62 62 62 63 64 63 62
    62 62 63 64 64 64 64 64 64 64 65 65 65 64 63 63 63 62 62 62 61 62 61
    62 62 62 62 62 62 61 60 61 61 61 62 61 60 60 60 60 60 60 70 70 70 70
    68 69 69 68 69 69 70 69 70 69 68 67 68 68 67 66 66 66 66 66 67 65 67
    66 65 65 66 67 66 65 65 64 65 65 65 64 64 63 64 63 63 63 63 64 63 64
    64 63 63 64 65 65 63 63 63 63 64 65 65 64 63 61 62 62 63 62 61 61 61
    63 64 65 65 64 63 64 65 66 68 67 67 66 66 67 66 66 65 64 63 64 64 63
    62 61 61 60 61 62 63 63 62 62 62 62 62 62 61 62 63 63 65 65 65 65 64
    64 63 65 65 65 65 66 66 67 66 66 65 65 65 65 64 66 66 66 66 66 67 66
    66 66 65 65 65 66 65 65 66 65 65 64 63 63 63 62 62 61 62 62 62 62 60
    60 60 60 60 60 59 60 60 60 59 60 60 60 61 61 61 62 62 62 62 61 60 61
    61 62 61 62 62 62 62 62 63 63 63 62 62 62 63 64 63 62 61 62 62 62 63
    63 62 62 61 61 62 63 64 64 63 64 64 65 65 65 65 65 64 63 63 63 62 61
    61 61 60 61 61 61 61 61 61 61 60 60 61 61 61 61 61 60 60 61 61 60 70
    70 70 70 68 69 69 69 69 69 70 70 70 69 68 67 68 68 67 66 65 66 66 67
    67 65 67 65 65 65 66 67 66 65 65 64 65 65 64 64 64 63 64 62 63 63 63
    64 63 64 64 63 63 64 65 64 63 63 63 63 63 64 64 63 62 61 61 61 63 62
    61 60 61 63 64 65 64 63 63 63 64 65 67 66 66 65 65 66 65 65 64 63 62
    63 64 63 62 61 61 60 61 61 62 63 62 62 62 63 63 63 62 63 63 64 64 65
    65 65 64 64 63 65 65 65 65 65 65 66 65 65 65 65 65 65 64 65 65 65 65
    65 66 66 66 65 64 64 65 65 65 64 65 66 65 65 64 63 63 63 62 61 62 62
    62 63 61 61 61 61 61 61 60 62 61 61 60 61 62 62 63 62 62 63 62 63 62
    62 61 61 61 62 62 63 62 61 62 62 62 62 63 62 61 62 63 64 64 63 62 63
    63 63 64 64 64 63 63 62 63 64 64 64 63 64 63 64 64 64 64 64 63 62 63
    63 62 61 60 61 61 61 61 62 62 61 61 61 60 61 61 60 60 60 60 60 60 60
    60 60 70 70 70 70 69 69 69 69 69 69 69 69 69 69 67 67 68 68 68 67 66
    66 67 67 67 66 67 65 65 65 66 67 66 64 64 64 64 64 64 63 63 63 64 63
    64 64 64 65 64 65 65 64 64 65 66 65 63 63 63 63 64 64 64 63 62 60 61
    61 62 62 60 60 61 63 64 65 64 63 62 62 64 64 66 65 65 65 65 66 65 64
    63 63 62 63 64 63 62 61 60 60 61 61 62 63 62 62 62 63 63 63 62 63 63
    63 64 64 64 64 64 63 63 64 65 64 64 64 64 65 64 64 64 64 65 64 64 65
    65 65 65 65 66 66 66 66 64 65 65 66 65 65 66 66 65 65 64 63 63 62 62
    62 62 62 63 63 62 62 62 61 61 61 61 62 62 62 61 62 62 63 64 63 62 63
    63 64 63 63 62 62 62 63 63 64 63 62 62 62 63 63 63 62 62 62 64 65 64
    64 63 63 63 63 64 64 63 63 63 63 64 64 64 64 64 64 64 65 66 66 65 66
    65 64 64 64 64 62 62 62 62 62 62 62 62 62 63 63 62 62 62 62 61 61 61
    61 62 62 62 63 68 68 69 69 69 69 69 69 69 69 70 70 70 69 68 68 69 69
    69 67 66 66 67 67 67 66 67 65 64 65 66 66 65 64 63 63 64 64 63 62 63
    62 63 62 63 63 63 64 64 64 64 64 64 65 65 65 63 63 63 63 63 65 64 63
    62 60 61 61 62 62 60 60 62 63 64 65 64 63 62 62 64 65 66 65 65 65 65
    65 65 64 64 64 63 64 65 64 64 63 62 62 63 63 63 64 63 62 63 63 63 63
    63 63 63 64 64 65 65 65 65 65 65 67 67 66 66 66 65 67 65 65 65 66 66
    65 64 65 65 64 64 64 65 65 65 65 64 64 65 65 65 64 65 66 66 65 65 64
    64 64 63 63 62 63 63 63 62 62 63 63 62 62 61 62 62 62 62 63 63 63 64
    63 63 63 64 64 63 62 61 61 61 62 61 62 62 61 61 61 61 62 62 61 61 62
    63 64 64 64 63 63 63 63 65 64 64 63 63 63 63 63 63 63 63 64 64 64 65
    65 64 65 64 63 64 64 63 63 62 62 62 62 62 62 62 63 64 63 62 62 62 62
    62 62 62 62 62 63 63 63 69 68 69 70 69 70 69 69 69 69 69 69 69 69 68
    68 68 68 68 67 66 66 66 66 66 66 67 65 65 65 66 66 65 64 64 64 64 64
    64 64 64 63 64 63 63 63 63 63 63 64 64 63 63 64 64 64 62 62 63 62 63
    65 65 64 63 62 63 63 64 64 62 63 64 65 66 66 65 65 64 63 64 65 66 65
    65 65 65 66 66 65 64 65 64 65 66 65 65 64 63 63 64 64 64 65 63 63 63
    63 63 63 63 64 64 65 65 66 66 66 65 66 65 67 68 67 67 67 66 67 66 66
    65 66 66 65 64 65 66 65 65 65 65 65 65 66 65 65 66 66 65 64 66 66 66
    65 64 64 64 63 62 62 62 62 62 62 61 61 62 61 61 60 60 61 62 62 61 63
    62 63 63 62 62 62 63 63 62 61 60 60 60 61 60 61 60 60 61 61 61 61 62
    61 61 61 62 63 63 63 62 63 63 63 64 63 63 63 62 62 63 63 63 63 63 63
    63 63 64 63 63 63 63 62 63 63 63 62 62 62 62 62 62 62 63 63 64 64 63
    63 63 62 62 61 62 62 62 63 63 63 69 69 69 70 69 69 69 68 68 68 68 68
    68 68 67 67 68 67 67 66 65 65 66 66 66 65 67 65 65 66 66 66 65 64 63
    64 64 64 63 63 63 63 64 63 63 63 63 63 63 64 64 64 63 65 65 64 63 63
    63 63 64 65 66 65 64 62 63 64 64 63 62 62 64 65 65 66 64 64 63 62 63
    63 64 64 64 64 64 64 64 64 64 64 64 65 65 65 64 64 63 64 65 64 64 65
    64 63 64 64 63 64 63 64 65 65 65 66 66 66 66 66 65 67 67 66 66 66 65
    66 65 65 65 65 65 64 64 64 65 65 64 64 65 64 64 65 64 64 65 65 65 64
    65 65 65 65 64 64 64 64 63 63 62 62 63 63 62 62 62 62 61 61 61 62 63
    63 62 63 63 64 64 63 62 62 62 62 62 61 61 60 60 60 59 59 59 59 59 59
    60 60 61 60 61 61 62 63 63 63 63 63 64 64 64 63 63 63 63 62 63 63 63
    63 63 63 63 62 63 62 62 64 64 63 64 63 63 63 63 63 62 62 62 63 64 64
    65 64 63 63 63 62 62 62 62 62 62 63 63 64 70 69 69 69 68 68 69 68 67
    67 67 67 67 68 66 66 67 66 66 66 65 65 65 65 65 65 66 65 65 66 65 66
    64 63 63 64 63 64 63 63 63 63 64 63 63 63 63 63 63 64 63 63 63 64 64
    64 62 62 61 61 62 64 64 63 62 61 62 63 63 63 63 63 64 65 66 67 65 65
    64 64 64 65 65 65 64 65 65 65 65 65 65 65 65 66 65 65 65 65 64 65 65
    65 65 65 63 63 63 63 63 63 63 64 64 65 65 65 65 65 64 65 65 67 68 67
    67 67 66 66 65 65 65 65 65 64 64 65 65 65 64 63 64 64 63 64 64 64 65
    65 65 65 65 65 65 64 64 64 64 64 63 63 62 62 63 63 62 62 62 62 62 62
    62 63 64 64 64 64 64 64 65 64 63 64 63 63 63 62 61 61 60 60 59 61 60
    60 61 60 60 61 61 60 61 61 61 62 62 62 62 62 63 63 63 62 62 63 62 62
    63 63 63 64 63 64 64 63 64 62 63 64 64 63 63 64 63 63 63 63 62 63 63
    63 64 64 66 65 64 64 64 63 62 62 62 62 62 63 64 64 70 69 69 69 68 68
    68 68 67 68 67 67 67 67 67 66 67 66 66 66 65 65 66 65 65 65 66 65 65
    66 66 65 64 63 63 63 63 63 62 62 63 63 63 62 62 62 62 62 63 63 63 63
    63 64 64 64 62 61 61 61 63 64 64 63 61 61 61 63 63 63 63 63 64 65 66
    66 65 65 64 64 64 65 65 64 64 64 64 64 64 64 64 64 64 65 64 64 65 65
    64 65 66 65 65 64 63 62 63 63 63 63 64 65 65 64 64 65 64 64 64 64 65
    66 67 66 65 65 65 65 64 64 64 65 64 64 64 65 65 65 63 63 64 64 63 64
    64 64 65 64 64 63 64 64 64 63 62 62 63 63 62 62 62 62 62 62 61 61 62
    62 61 61 62 63 63 63 63 63 64 64 65 63 63 63 63 63 62 62 61 61 60 61
    59 60 60 60 61 60 60 60 61 60 61 61 61 62 62 62 62 63 63 63 63 63 63
    63 63 63 64 63 63 64 64 64 64 63 64 63 63 64 64 64 64 64 63 63 63 63
    63 63 63 64 65 65 66 65 63 64 64 63 62 63 63 62 62 63 64 64 72 70 70
    70 69 69 69 69 68 68 68 68 67 67 67 66 67 66 66 65 65 65 65 64 65 64
    65 64 64 65 65 65 64 63 62 63 63 63 63 63 63 64 64 63 64 63 64 64 64
    65 64 64 64 65 65 64 63 62 61 61 62 63 63 63 61 61 61 63 63 63 63 64
    65 66 67 67 65 66 65 64 64 66 65 65 64 64 65 64 63 63 63 64 63 64 62
    62 63 64 63 64 64 64 63 62 62 61 62 62 62 62 63 64 64 64 64 64 64 64
    64 64 65 67 67 66 65 66 65 65 64 64 64 65 64 63 63 64 64 64 62 62 62
    62 62 62 62 63 63 63 62 62 63 63 62 62 61 61 63 63 62 62 62 61 62 62
    61 62 62 62 61 62 63 63 63 63 63 63 64 63 64 64 63 63 63 63 62 62 61
    61 61 62 60 61 61 61 61 60 61 61 62 61 62 62 62 62 62 62 62 63 63 62
    63 63 63 63 63 62 64 63 63 64 64 64 64 63 64 63 63 64 64 63 64 64 64
    63 64 64 63 64 63 64 65 65 66 66 65 65 65 65 64 64 65 64 64 65 66 66
    72 70 70 70 69 69 69 69 68 68 67 68 66 67 66 66 66 65 65 64 64 64 64
    63 63 63 63 63 62 64 64 63 63 62 62 63 63 63 63 63 64 65 65 65 65 65
    65 65 65 65 65 65 64 65 65 64 62 61 60 60 62 62 63 63 61 60 61 62 63
    63 63 63 64 66 66 66 65 65 65 64 63 65 65 64 63 64 64 64 64 63 63 64
    63 63 61 61 63 63 63 64 65 64 63 62 61 61 61 62 61 62 63 64 64 64 64
    64 64 64 65 65 65 67 68 67 66 66 65 65 65 64 64 65 64 63 63 64 64 64
    63 62 62 62 61 62 62 62 63 62 62 62 62 63 63 62 61 61 63 63 63 63 63
    63 62 63 62 62 63 62 62 62 63 63 64 64 63 64 64 64 65 64 63 64 63 63
    63 62 61 61 60 61 59 61 60 60 60 59 59 59 60 60 61 61 61 61 61 61 61
    61 61 62 62 63 63 63 63 62 64 63 63 64 64 64 64 64 64 63 64 65 64 64
    65 65 65 64 64 65 64 64 64 64 65 66 67 66 64 65 65 64 63 64 63 63 63
    65 65 65 71 70 71 71 70 70 70 69 68 69 68 68 67 67 66 66 67 65 65 64
    64 64 64 63 63 64 64 63 63 64 64 64 63 62 62 63 63 64 64 64 65 66 66
    65 66 65 65 65 65 66 65 65 65 66 65 65 63 61 60 61 61 62 62 62 61 60
    60 62 63 63 62 63 64 65 66 65 65 65 65 64 63 64 64 64 63 63 64 64 63
    63 63 64 63 63 61 61 63 64 64 64 65 64 64 63 62 61 61 61 61 62 63 65
    65 65 64 64 65 64 65 65 66 67 68 68 67 67 66 65 65 64 64 65 64 62 62
    63 63 63 61 60 61 60 60 60 60 61 62 61 60 60 61 61 61 61 60 61 62 62
    62 62 62 62 61 61 61 61 62 62 62 62 63 63 64 64 64 64 65 64 65 65 64
    65 64 64 64 63 63 62 61 62 61 62 61 60 60 59 59 60 61 60 61 62 61 62
    62 62 61 62 62 63 63 64 64 64 64 63 65 64 64 65 64 65 65 64 65 64 64
    65 64 64 65 65 65 64 64 65 64 65 65 66 67 67 67 67 66 66 66 65 64 64
    64 64 64 65 65 65 71 70 71 71 69 70 69 69 68 69 68 69 67 67 66 66 67
    65 66 65 64 65 65 64 64 64 64 63 63 63 63 63 63 62 62 62 63 64 63 63
    64 65 66 65 66 65 65 65 65 66 65 65 65 66 65 65 63 61 60 61 62 62 63
    63 62 61 62 64 64 64 63 64 65 67 67 67 66 66 66 65 64 65 65 65 64 64
    64 64 63 63 63 64 64 63 61 62 63 65 65 65 65 64 64 63 62 62 62 61 61
    62 63 64 64 63 63 63 63 63 64 64 65 67 68 67 67 67 66 65 65 64 64 64
    64 62 62 63 62 62 61 60 59 59 59 60 60 60 60 60 60 59 60 60 60 60 60
    60 62 63 63 62 63 62 62 63 62 63 64 64 64 63 64 64 65 65 64 65 66 65
    67 66 65 66 65 65 65 64 63 63 62 63 61 63 62 61 61 60 60 61 61 61 61
    62 62 62 62 62 62 63 63 63 64 64 64 65 64 64 66 65 64 65 64 65 65 63
    64 64 64 64 64 64 64 64 64 63 63 64 64 65 64 65 67 66 67 66 65 66 66
    65 64 64 64 64 64 64 65 65 71 70 70 71 69 70 69 69 68 69 68 69 67 67
    66 66 67 65 65 64 64 64 64 64 64 63 63 63 63 63 64 64 62 62 62 63 63
    64 63 63 63 64 65 64 65 64 64 65 65 65 64 64 64 65 65 65 63 61 60 61
    62 62 63 63 61 61 62 64 65 64 63 64 64 65 66 65 65 65 65 63 62 63 63
    63 62 62 63 62 62 61 62 63 63 63 61 62 63 64 64 64 65 64 63 63 62 62
    62 61 61 62 63 65 64 65 64 64 65 65 65 66 67 69 70 69 69 69 68 67 67
    66 65 65 64 63 63 64 62 62 61 60 59 59 60 60 60 60 61 60 60 60 61 61
    61 61 60 61 62 62 62 62 62 61 62 62 61 62 63 62 62 62 63 63 64 65 64
    65 66 65 67 66 65 66 65 65 65 64 63 63 62 62 61 62 62 60 60 59 60 61
    62 61 61 62 61 62 63 63 63 63 63 64 64 64 65 65 64 64 66 64 64 65 64
    64 64 63 64 63 64 64 65 64 64 65 64 64 64 65 65 65 64 65 67 66 67 66
    65 66 65 65 64 63 63 63 64 64 64 65 70 69 69 69 69 68 68 68 68 69 68
    69 68 67 67 67 68 66 66 65 65 65 65 64 64 64 64 64 64 64 64 64 63 62
    63 64 64 65 64 64 64 65 65 64 65 64 64 64 64 65 63 63 63 64 64 64 62
    61 60 60 61 62 62 62 61 61 61 63 64 63 62 62 63 64 64 64 63 64 64 62
    61 62 62 62 61 60 61 60 60 60 61 63 62 62 60 61 62 63 63 63 64 64 64
    64 64 62 62 62 61 63 63 65 65 65 64 64 65 65 65 66 67 68 70 69 69 69
    68 67 67 66 66 65 65 63 63 64 63 63 61 60 59 59 59 60 60 59 60 60 61
    60 61 62 62 61 60 61 62 63 62 62 63 63 63 63 62 62 63 63 63 62 64 64
    65 65 64 65 66 65 66 65 65 66 65 64 64 64 64 63 62 63 61 63 62 61 61
    60 60 60 62 61 62 62 62 62 63 64 63 63 63 64 65 64 65 66 64 64 66 64
    64 64 64 64 63 62 63 63 63 64 64 64 64 65 65 64 65 65 65 66 65 66 68
    67 67 66 66 66 65 65 63 63 63 63 63 63 63 63 69 68 68 68 68 68 68 68
    68 68 68 69 67 67 67 67 68 66 66 65 65 65 65 65 65 65 64 64 64 65 65
    64 63 63 63 64 65 65 64 64 64 64 64 64 64 63 63 64 64 65 63 63 62 64
    64 64 62 61 60 60 60 61 62 62 61 60 61 63 64 63 62 62 62 63 64 64 63
    64 64 62 62 62 62 62 61 60 61 61 61 61 62 63 62 63 61 61 62 63 63 64
    64 64 64 63 63 61 61 60 60 62 63 64 64 64 64 64 65 65 65 66 67 68 69
    69 69 69 68 67 67 66 66 65 64 63 62 63 62 62 60 59 59 59 59 59 59 59
    60 59 60 60 60 61 61 61 60 61 62 63 63 63 63 63 63 63 63 63 64 65 65
    64 66 66 66 66 66 66 67 66 67 67 67 66 65 65 64 64 64 63 62 63 62 63
    62 61 61 60 60 60 62 62 62 62 62 62 63 64 63 63 63 64 65 64 65 66 65
    64 66 65 65 65 64 64 64 63 64 63 64 65 65 65 65 65 65 65 65 66 66 67
    66 67 69 68 68 67 66 66 65 65 64 63 63 63 63 62 63 63 68 68 68 68 68
    68 67 68 67 68 67 68 67 67 67 67 68 66 65 65 65 65 65 65 66 65 64 64
    64 64 64 63 62 62 64 64 64 65 64 64 63 64 64 64 64 63 63 64 64 65 63
    63 63 64 65 65 63 62 61 62 62 62 63 63 61 60 61 62 63 63 62 61 61 63
    64 64 62 64 63 62 61 62 62 62 61 60 61 60 61 61 62 62 62 62 60 60 61
    62 63 63 64 64 63 62 62 61 60 59 60 61 62 63 63 63 63 64 65 65 65 65
    67 69 70 70 71 70 69 68 68 67 67 66 65 64 63 64 63 62 61 60 59 59 59
    60 60 60 61 60 61 61 61 62 62 62 62 62 63 64 64 64 64 64 64 63 63 64
    65 65 65 64 66 66 66 66 65 66 67 66 67 66 66 66 64 63 63 63 63 63 62
    63 62 63 63 61 61 60 60 61 62 62 63 63 62 62 63 64 63 63 63 63 64 63
    65 66 66 65 67 65 66 66 65 65 65 64 65 64 65 66 66 65 65 65 65 65 65
    66 66 67 66 66 68 67 67 66 66 66 65 64 64 63 63 63 62 62 63 63 68 67
    68 67 68 68 67 67 67 68 67 68 67 67 67 67 67 66 65 64 65 65 65 65 65
    65 64 63 64 64 63 62 61 62 62 63 63 63 63 62 61 62 62 62 63 62 62 63
    64 64 63 63 62 64 64 64 63 62 62 62 62 63 64 63 61 61 61 62 63 63 62
    62 62 63 64 64 63 64 64 62 62 62 63 62 61 61 61 61 62 62 63 64 63 63
    62 62 63 64 64 64 65 65 65 64 63 61 60 60 60 61 62 62 62 63 63 64 65
    65 65 65 67 68 70 70 70 70 69 68 68 68 67 66 65 64 63 64 62 62 60 59
    59 58 59 59 59 59 60 60 60 60 61 62 62 62 61 62 63 64 64 64 64 64 64
    63 63 64 65 65 64 64 65 65 66 66 65 65 66 65 66 65 65 65 63 63 62 62
    62 62 61 62 62 62 62 61 61 60 60 60 61 61 62 63 62 62 62 63 62 63 63
    63 64 63 64 66 65 65 67 66 66 66 66 66 65 64 65 64 65 64 65 65 64 64
    65 65 65 65 66 66 66 66 68 67 67 66 66 66 65 65 64 63 63 63 62 61 63
    62 68 67 68 67 67 68 67 67 66 67 66 67 66 66 67 66 67 65 64 63 64 64
    65 65 65 65 64 63 63 64 63 62 61 62 63 63 63 64 63 62 61 62 62 63 63
    62 62 62 63 64 63 63 63 64 64 64 63 62 62 62 63 63 64 64 62 61 61 62
    64 63 63 63 63 63 63 63 62 63 63 62 62 63 63 62 61 60 61 61 61 61 63
    63 63 63 62 62 63 64 64 64 65 66 66 64 64 62 62 61 61 63 63 63 63 63
    63 65 65 65 64 65 66 68 69 69 69 69 68 67 67 67 67 66 64 63 63 63 62
    62 60 59 59 58 58 59 59 59 60 60 60 60 61 62 61 62 61 62 62 63 64 64
    64 63 64 63 62 64 65 65 64 64 65 65 66 65 64 64 66 65 66 65 65 65 63
    62 62 62 62 62 61 62 61 62 62 61 61 60 59 59 60 60 61 62 61 61 62 62
    62 62 62 62 63 63 63 65 65 65 67 66 66 66 66 65 66 64 65 64 65 64 64
    65 64 64 65 64 65 65 66 66 66 66 68 67 67 66 66 66 65 64 63 62 62 62
    61 60 62 62 68 67 67 67 67 68 67 67 66 67 66 67 65 66 66 66 66 64 64
    63 64 64 65 65 65 64 63 63 63 63 63 62 62 62 62 63 63 63 62 62 61 62
    62 63 63 62 62 62 63 64 63 63 63 64 64 64 63 63 62 63 63 64 65 64 63
    62 62 63 64 64 64 64 64 64 64 63 63 64 64 63 62 63 63 63 62 61 62 61
    62 62 63 64 64 63 62 62 63 64 63 64 65 66 66 65 64 62 62 61 61 62 63
    62 63 63 63 65 65 64 64 64 66 67 69 69 69 69 68 68 68 67 67 66 65 64
    64 64 62 62 60 59 59 58 59 59 60 60 60 60 60 60 61 61 61 61 61 61 62
    63 64 64 64 63 63 62 62 63 64 64 64 64 66 65 66 66 65 64 65 65 66 65
    65 65 63 62 62 62 62 62 61 62 62 62 63 62 62 61 60 60 61 61 62 62 61
    61 61 61 60 60 61 60 61 60 61 63 63 63 65 64 65 65 65 65 65 63 65 64
    65 64 64 64 64 64 64 64 64 64 65 65 65 65 67 66 66 65 65 65 64 64 64
    62 62 62 61 60 62 62 69 68 68 68 68 68 67 67 66 67 67 67 66 66 66 66
    66 64 64 64 65 65 65 66 65 64 63 62 62 62 62 61 60 61 61 62 62 62 61
    61 60 61 62 62 63 61 61 62 63 64 62 63 63 63 63 64 63 63 63 63 64 64
    65 65 63 63 63 64 65 65 65 64 64 64 64 63 63 64 65 64 63 63 63 63 62
    61 61 61 61 62 63 64 63 63 62 62 63 63 63 64 65 65 66 64 64 62 61 60
    60 61 62 62 63 63 64 65 65 65 64 64 66 67 69 69 70 70 69 68 69 68 67
    66 64 64 63 63 62 62 60 59 59 58 58 63 77 41 29 108 15 98 28 76 53
    35 21 60 85 3 102 77 96 95 42 51 84 120 106 124 51 3 124 109 54 103
    73 29 103 73 107 72 99 20 4 102 102 41 120 15 81 66 59 122 4 75 23
    96 23 121 65 98 77 73 91 72 16 97 36 34 61 61 62 61 61 62 62 63 64
    64 64 64 64 64 64 63 64 63 64 63 63 64 64 63 64 63 64 64 64 64 64 64
    66 64 64 63 63 63 62 62 62 61 60 60 59 59 60 60 68 67 67 67 66 67 65
    65 65 66 66 67 65 65 66 65 66 64 64 64 65 66 65 66 65 64 63 62 62 63
    62 61 61 61 62 62 62 62 62 61 61 61 62 63 63 61 61 62 63 64 63 64 64
    64 64 64 63 63 63 64 64 64 65 65 63 63 63 64 65 65 65 64 64 64 63 63
    63 64 65 64 63 63 63 63 62 60 61 61 61 62 63 64 63 63 62 62 63 63 63
    63 64 65 66 65 64 62 62 60 60 61 62 62 62 62 63 64 65 64 63 63 64 65
    67 67 68 68 68 67 68 67 67 66 64 64 63 64 62 63 61 60 60 59 59 80 25
    109 51 54 108 113 89 92 13 38 84 61 65 53 102 113 39 7 10 67 40 42
    14 74 51 15 104 17 19 92 83 10 116 66 65 23 10 96 80 32 41 107 24 98
    25 8 78 2 118 62 16 86 13 65 70 39 107 30 69 114 74 91 24 82 60 60
    61 60 61 62 62 63 65 65 65 65 65 65 65 64 65 64 65 64 64 65 64 64 64
    64 64 65 66 65 65 65 67 65 65 64 64 64 63 63 63 62 61 61 60 59 61 61
    66 66 66 65 64 65 64 64 64 66 66 67 66 66 66 65 66 65 65 65 66 66 67
    67 66 65 63 62 63 63 62 61 61 61 62 62 62 62 62 61 60 61 62 62 62 61
    61 62 63 64 63 63 63 63 64 64 63 64 63 64 63 64 65 64 63 62 61 62 64
    64 64 63 62 63 62 62 62 63 64 63 63 63 63 63 62 60 61 60 61 62 62 63
    63 62 61 61 62 62 62 61 62 63 64 63 63 61 61 60 60 61 62 62 62 63 64
    65 65 65 64 64 65 66 67 67 67 67 67 66 67 66 65 64 63 62 62 63 61 61
    60 59 59 59 59 72 48 120 65 24 55 73 99 66 65 52 114 50 49 73 11 60
    89 14 53 98 104 125 16 112 127 90 46 19 47 44 87 99 85 19 95 98 34
    90 16 23 58 114 97 106 89 18 81 11 97 92 88 31 4 119 55 72 55 96 46
    15 63 117 49 63 60 60 61 61 61 63 63 63 64 65 65 64 65 64 65 64 65
    64 65 64 64 64 64 64 65 65 65 66 66 65 65 65 67 65 65 63 64 64 63 63
    63 61 60 60 59 58 60 60 67 67 67 66 65 66 65 65 66 67 68 69 67 67 67
    66 67 65 66 66 66 67 67 67 66 65 64 63 63 63 63 62 62 61 63 62 62 62
    63 62 61 62 62 63 63 61 62 63 64 65 64 63 64 64 64 64 63 63 63 63 63
    63 65 64 63 62 61 62 64 64 63 63 62 63 62 62 62 63 64 63 63 63 64 63
    62 60 60 61 61 61 62 63 62 61 61 61 62 61 61 60 61 62 63 62 62 61 60
    60 60 61 62 62 62 63 63 64 65 65 64 64 65 66 67 67 67 67 67 66 66 65
    65 65 63 63 63 64 62 62 61 61 61 61 61 25 1 80 109 42 62 110 66 52
    111 78 28 22 51 77 36 40 26 36 122 110 22 96 47 116 65 108 19 110 95
    57 26 120 116 67 43 51 35 36 123 77 90 93 86 113 110 32 24 26 40 91
    72 32 31 94 107 37 81 119 92 30 17 22 76 61 60 60 61 60 61 62 62 63
    64 65 65 64 66 65 66 65 66 66 66 65 64 65 65 65 66 65 66 66 67 66 66
    66 67 66 65 64 64 64 63 63 63 61 61 60 59 58 59 59 70 69 69 68 67 68
    66 66 67 68 68 69 67 67 67 67 67 66 66 66 66 67 67 68 66 65 64 63 63
    62 63 62 61 61 62 62 63 63 64 63 62 63 64 64 64 62 63 63 65 65 64 63
    64 64 64 64 63 63 63 64 64 64 65 64 63 62 62 62 65 63 63 62 62 62 61
    60 60 61 61 61 61 62 62 61 61 59 60 60 60 60 61 62 62 61 61 61 61 61
    60 60 61 61 62 61 62 61 60 60 60 61 62 62 62 63 63 64 65 64 64 64 64
    65 65 65 65 65 65 64 64 63 63 63 62 61 61 62 60 61 60 61 61 61 61 2
    23 100 72 95 102 6 108 84 63 107 99 118 21 64 103 117 41 96 74 74 84
    80 4 3 45 49 110 59 127 95 78 36 58 0 0 125 83 43 45 64 82 61 40 4
    35 119 8 76 105 102 98 73 36 80 41 78 94 57 69 26 8 24 4 23 61 60 62
    61 61 62 62 64 65 64 65 64 65 65 65 64 65 65 65 64 64 64 64 64 65 65
    65 66 67 66 65 65 66 65 64 63 63 63 63 63 63 60 60 60 59 57 59 58 71
    70 70 69 68 68 66 67 67 68 69 69 67 67 67 66 67 66 66 66 66 67 67 68
    66 65 63 62 62 62 62 62 61 62 63 63 64 64 65 64 63 64 65 65 65 63 64
    64 65 65 64 62 63 63 63 63 62 62 63 63 63 64 65 65 64 63 63 64 65 64
    63 63 62 62 61 60 61 61 62 61 61 62 62 62 61 60 60 61 61 61 63 63 63
    62 63 63 62 62 61 60 61 62 62 62 62 61 60 60 59 61 62 60 62 62 63 64
    65 65 64 65 65 65 66 66 66 66 65 64 65 64 64 63 62 61 62 63 61 62 61
    61 61 61 63 31 23 127 80 7 33 1 94 72 43 21 83 121 29 66 76 126 11 4
    117 64 77 51 126 6 37 31 106 36 50 100 28 53 42 95 21 70 61 34 43
    111 115 45 5 75 73 20 24 67 73 25 0 109 103 94 32 30 105 113 30 64
    96 43 58 51 60 59 61 60 59 60 60 61 62 62 63 62 63 63 63 63 63 63 64
    62 62 63 64 63 64 64 65 65 66 65 65 65 66 65 65 64 65 64 64 64 64 62
    61 61 60 59 61 60 70 69 69 68 67 67 65 66 66 67 68 69 67 67 67 66 67
    65 66 66 66 67 68 68 66 65 63 62 63 63 63 63 62 63 64 64 65 64 65 65
    64 65 66 66 65 63 63 64 65 66 64 63 63 63 64 63 62 63 63 64 64 64 66
    65 64 63 63 64 65 64 63 62 62 61 60 59 60 60 61 61 61 61 62 62 61 60
    60 61 61 61 63 64 64 63 64 63 63 62 61 60 61 62 63 62 62 61 60 60 59
    61 62 60 62 62 63 64 65 65 64 64 65 65 65 66 66 66 66 65 66 65 66 65
    64 63 63 64 63 63 62 63 63 63 64 127 46 86 0 119 84 30 51 90 54 67
    108 71 78 47 77 44 60 47 64 19 4 32 77 25 42 117 92 68 26 108 75 65
    14 24 67 23 101 50 49 71 103 118 114 36 48 94 37 23 42 66 11 99 90
    98 1 25 79 21 127 29 46 6 97 43 59 59 60 59 58 59 59 61 62 62 63 62
    63 64 64 64 64 63 64 62 63 64 64 63 64 64 64 65 65 64 64 64 65 65 64
    64 64 63 63 63 63 61 60 60 60 59 61 60 70 69 69 68 67 67 65 66 66 67
    68 68 67 67 67 66 67 66 66 66 67 67 68 68 67 65 64 62 63 63 63 62 62
    63 63 63 64 63 64 64 64 64 65 65 64 62 62 63 64 64 62 61 62 62 63 63
    61 62 62 63 64 64 65 65 64 63 63 63 65 64 63 62 62 61 60 59 59 59 61
    60 61 61 62 61 61 60 60 60 60 61 63 63 64 64 64 64 64 62 61 61 62 63
    64 63 63 62 62 61 60 62 62 61 62 62 63 64 65 65 64 64 65 65 66 66 66
    66 66 65 66 64 65 64 63 63 63 64 62 63 61 62 62 62 63 49 90 8 4 101
    92 42 101 37 19 71 33 90 113 4 103 18 6 63 20 41 84 62 120 83 53 57
    5 119 39 48 108 105 125 79 120 11 35 122 106 7 107 55 82 29 64 39 38
    72 116 85 12 46 45 83 43 114 58 82 99 15 46 24 0 48 60 59 60 59 58
    58 59 61 62 62 62 62 63 64 64 63 64 63 64 62 63 64 65 63 64 64 64 65
    66 64 64 63 64 64 64 64 64 63 63 62 63 61 61 61 60 60 61 60 70 69 69
    68 67 67 65 66 65 67 68 68 67 67 67 66 67 66 67 67 68 68 69 69 68 66
    65 63 63 64 63 62 62 63 63 63 64 63 64 64 64 64 65 65 64 63 63 64 65
    65 63 62 62 62 63 63 61 62 62 63 64 64 65 65 64 64 64 64 65 65 64 64
    63 62 61 60 60 60 61 61 62 61 62 61 61 59 60 60 60 60 62 62 63 63 63
    63 62 61 60 60 61 62 63 62 63 62 62 61 60 62 62 61 62 62 64 65 65 65
    64 65 65 65 65 66 65 66 65 65 65 64 64 64 63 63 63 64 62 63 62 62 63
    63 64 43 80 27 68 39 88 2 2 98 7 115 56 75 69 5 117 113 117 5 86 56
    90 106 72 26 123 19 14 104 110 126 13 101 53 46 6 106 28 23 119 65
    19 29 120 120 118 102 106 68 13 79 36 82 29 70 53 51 27 23 125 121
    55 66 82 126 59 59 59 58 58 58 59 60 60 61 61 61 63 63 63 64 64 63
    64 63 64 65 65 65 65 66 66 66 67 65 64 64 64 64 64 64 64 63 63 63 63
    62 61 62 61 60 62 61 71 70 70 69 68 68 66 66 66 67 68 68 67 67 67 67
    68 67 67 67 68 68 69 69 68 67 65 64 64 64 64 63 62 63 63 63 64 63 64
    64 64 65 65 65 65 64 64 65 66 65 64 63 63 63 63 62 61 62 62 64 64 64
    65 65 64 64 64 64 65 64 64 63 63 62 61 59 59 59 60 60 60 60 61 60 59
    59 59 60 60 60 62 62 63 63 63 63 62 61 60 61 62 63 64 63 64 62 63 62
    61 63 64 62 64 64 65 66 66 66 65 65 65 65 65 66 66 66 65 65 66 64 65
    64 63 63 64 65 63 63 63 63 64 64 65 107 27 80 86 37 50 57 97 115 11
    10 106 71 24 11 76 1 18 63 103 58 92 14 74 81 95 62 52 50 80 65 52
    39 117 58 125 33 12 1 124 61 96 123 81 11 54 126 122 89 48 64 50 21
    8 18 126 97 21 107 11 80 8 24 66 64 59 59 60 58 58 58 59 60 60 60 61
    61 62 63 63 63 63 64 64 63 64 65 66 65 65 66 66 66 66 65 64 63 64 64
    64 63 63 62 63 62 63 62 61 61 61 60 62 61 71 69 69 68 67 67 67 67 66
    67 68 68 67 67 67 67 68 67 68 67 69 69 69 68 68 66 65 63 64 64 63 62
    62 62 62 62 63 63 64 64 64 65 65 65 65 64 64 65 66 66 64 63 63 63 63
    62 61 62 62 63 64 64 64 64 64 63 63 63 65 64 64 64 64 63 62 60 60 61
    62 62 62 62 62 61 61 60 61 61 61 62 63 63 64 64 64 63 64 62 61 62 63
    64 64 63 64 63 62 61 61 62 63 62 63 63 64 65 66 65 65 65 65 65 66 66
    66 66 66 65 66 65 65 65 64 63 64 65 63 64 63 64 64 64 65 76 68 0 19
    111 106 111 62 24 49 110 114 31 73 98 84 72 110 103 99 124 116 96 68
    60 126 94 86 50 29 17 94 110 24 36 58 47 93 37 41 102 95 16 57 95 14
    13 56 13 102 73 55 115 6 104 45 36 82 20 49 87 87 23 55 27 58 59 59
    58 58 58 58 59 59 60 60 60 61 62 62 63 63 64 64 63 64 64 65 64 65 66
    66 66 67 66 65 64 64 64 64 63 63 63 63 62 63 63 61 61 61 61 61 60 73
    71 72 71 69 69 69 68 67 68 69 69 67 67 67 66 67 66 67 67 68 68 68 68
    67 66 65 63 63 63 62 62 62 62 62 63 63 63 64 64 65 65 66 65 65 64 65
    65 66 66 65 63 63 63 63 62 61 62 63 64 64 64 65 65 64 63 64 64 66 65
    64 64 64 64 63 61 61 61 63 62 63 63 63 62 62 61 62 63 63 63 64 63 65
    64 65 64 64 62 61 62 63 63 63 62 63 62 62 61 61 62 63 61 62 62 64 65
    65 65 65 65 65 65 65 66 65 65 65 65 65 64 65 65 63 63 63 64 63 63 62
    63 64 64 65 108 99 23 66 120 86 42 87 1 110 50 15 119 126 30 68 34
    65 62 107 105 111 93 74 35 5 99 53 66 123 53 2 57 46 22 94 84 84 101
    96 28 52 40 15 0 106 72 24 112 45 82 57 117 101 17 112 42 35 76 84
    48 51 21 0 74 58 59 59 58 58 57 58 59 59 60 60 60 60 62 62 63 63 64
    64 63 64 64 65 64 64 65 65 65 66 65 64 64 64 64 63 63 63 63 63 62 64
    64 62 63 62 62 62 61 73 71 72 71 69 68 68 67 66 66 67 67 66 66 65 65
    66 66 67 66 66 67 68 66 66 66 65 63 63 63 62 62 62 62 63 63 64 64 65
    65 66 66 66 66 65 64 64 65 66 66 64 63 63 62 62 61 61 61 62 64 64 64
    64 65 64 63 63 64 65 64 64 64 65 64 63 61 61 61 62 62 63 63 63 62 62
    61 62 63 62 62 63 63 65 64 64 64 64 62 61 62 63 64 64 63 63 63 62 61
    61 62 63 62 62 62 64 65 65 64 64 65 64 64 64 65 65 65 65 65 65 64 65
    64 63 62 64 64 63 64 63 63 64 65 66 43 18 65 60 98 125 93 27 115 101
    93 94 9 72 55 76 80 66 62 95 86 70 121 8 115 6 119 109 18 111 87 116
    19 59 36 47 12 74 61 66 11 109 46 81 100 0 61 121 92 67 98 81 52 115
    75 40 21 39 8 106 66 87 45 26 28 59 59 60 59 59 58 58 59 59 60 60 60
    61 62 62 63 63 63 63 62 63 63 64 63 63 64 64 64 65 64 63 63 63 64 63
    63 63 63 63 62 63 63 62 62 61 61 62 61 72 70 71 70 68 68 67 66 65 65
    67 66 65 65 64 64 65 65 66 65 65 66 66 65 65 65 65 62 63 63 62 63 63
    62 63 63 64 65 66 66 67 68 67 67 67 66 66 67 68 67 65 64 63 63 62 61
    61 61 61 63 63 64 64 64 64 63 64 64 65 64 64 65 65 64 62 61 61 61 62
    62 62 62 62 61 61 61 62 62 62 61 63 63 64 64 64 64 64 62 61 62 63 63
    62 62 63 62 62 61 61 62 63 62 62 62 64 65 65 65 64 65 64 63 64 65 64
    65 65 64 65 64 64 64 63 62 63 64 63 64 63 64 65 66 66 114 62 120 59
    35 43 79 58 76 59 47 87 30 119 56 109 19 26 105 37 28 111 25 37 77
    60 38 27 24 66 94 30 22 65 39 102 2 2 18 84 37 121 36 18 16 35 52
    107 40 7 83 93 118 122 111 44 70 25 114 124 80 96 94 2 40 61 61 62
    60 60 59 59 59 59 60 60 59 60 60 60 62 61 62 62 61 62 62 63 63 63 64
    64 65 65 64 64 64 63 64 63 64 63 63 63 62 63 62 61 61 61 61 61 60 72
    71 72 71 69 68 68 67 66 67 68 68 66 66 65 65 67 66 67 66 66 67 67 66
    66 66 65 63 63 64 63 63 64 63 64 64 65 65 66 66 67 68 67 67 67 66 66
    67 67 66 64 63 63 63 63 61 61 61 62 63 63 64 64 64 64 64 64 65 66 65
    65 65 66 65 63 61 61 62 63 63 63 63 62 61 61 62 63 63 62 61 62 63 64
    63 64 64 63 62 60 62 63 62 62 61 62 62 62 62 61 62 64 62 63 62 64 65
    65 64 64 65 64 63 63 64 64 64 64 63 64 62 63 63 62 62 63 64 63 64 63
    64 65 66 67 111 14 32 27 68 6 54 19 5 80 18 46 52 120 32 127 24 69
    90 85 46 101 115 43 28 5 11 60 5 106 59 72 68 62 71 44 63 71 37 119
    66 65 38 36 48 125 30 36 127 123 46 118 82 103 95 93 81 37 120 12
    123 83 81 69 121 61 62 62 61 61 60 60 60 61 61 60 60 61 61 61 62 62
    63 63 62 63 63 63 63 64 64 64 65 65 65 64 64 63 64 63 63 63 63 63 62
    62 62 61 61 61 61 62 61 72 70 71 71 69 68 67 67 66 66 67 68 66 66 65
    65 67 66 67 67 66 67 67 65 66 66 65 64 64 64 63 63 64 63 63 64 65 65
    66 66 68 68 68 67 67 66 66 67 68 66 64 64 63 63 63 61 61 61 61 62 62
    63 63 64 64 63 64 65 66 65 65 65 66 65 64 62 62 63 63 63 63 63 62 62
    62 62 63 63 62 62 62 63 64 63 64 63 63 62 61 62 63 63 62 62 62 62 62
    61 61 61 63 62 62 62 63 64 64 64 64 64 63 63 63 63 64 64 65 64 65 63
    63 63 62 62 63 64 63 63 63 64 65 66 66 7 110 16 53 58 98 44 124 14 5
    69 52 88 127 47 34 12 6 72 79 13 124 111 86 112 102 100 105 113 109
    59 27 85 43 121 43 78 1 4 124 74 15 85 17 76 114 98 34 30 94 42 61
    31 73 67 33 122 8 89 19 7 110 8 27 24 61 62 62 61 62 61 61 61 61 61
    61 60 61 61 61 63 62 63 64 63 64 63 64 64 64 65 65 66 67 66 66 65 65
    66 64 64 63 64 64 64 64 64 63 64 63 63 63 62 72 71 72 71 68 68 67 66
    65 66 67 68 66 66 64 65 66 65 66 66 66 66 66 65 65 66 65 64 63 64 62
    63 63 63 64 64 65 65 67 67 68 68 68 68 67 67 66 68 69 67 65 64 63 63
    63 61 61 61 61 62 62 63 62 63 63 62 63 64 64 64 63 64 65 64 62 60 61
    62 62 63 63 63 63 62 62 62 64 64 63 63 64 64 66 65 65 65 64 63 62 63
    64 63 62 62 62 62 62 62 61 62 63 63 64 64 65 65 65 65 65 66 65 64 64
    64 64 65 65 64 64 63 63 63 62 62 62 63 62 63 63 64 65 66 66 50 20 70
    79 71 104 102 7 120 93 76 85 23 52 87 91 14 40 32 13 28 47 64 60 21
    49 89 35 47 35 65 37 3 108 79 24 88 6 93 125 87 88 82 125 69 19 46
    10 39 107 98 66 125 29 96 88 77 27 24 90 30 45 120 79 54 63 64 64 63
    63 63 62 62 62 62 61 61 61 62 62 63 63 64 64 64 64 64 64 65 65 66 66
    67 68 68 67 66 66 67 65 65 65 66 66 65 65 65 65 65 65 64 64 63 71 69
    70 69 67 66 65 65 64 65 66 66 65 65 64 64 65 65 66 65 65 66 66 65 66
    66 66 65 65 65 64 64 65 65 65 65 66 66 68 67 69 69 68 68 67 66 66 67
    68 66 64 63 62 62 62 61 61 60 61 61 61 62 62 63 62 61 62 63 64 63 63
    63 64 63 62 60 61 61 62 62 62 62 62 62 62 62 64 64 64 63 64 64 65 65
    65 64 64 63 62 63 64 63 62 61 62 62 62 62 62 62 63 62 63 64 64 65 65
    65 65 66 65 64 65 64 64 65 65 65 65 64 64 64 63 62 63 64 63 64 64 65
    66 66 67 27 51 63 121 83 13 22 51 9 43 37 94 69 72 85 14 116 82 18
    56 56 113 98 76 96 55 127 49 81 18 75 98 17 42 37 90 4 73 111 108 64
    11 73 17 15 94 81 107 65 0 2 103 56 65 14 88 67 43 41 117 0 100 87
    99 16 63 64 63 63 63 63 62 62 62 62 62 62 63 63 63 64 64 66 66 66 66
    66 66 67 67 68 68 69 70 70 69 68 67 68 66 67 66 67 67 66 66 66 65 66
    65 64 64 63 72 71 72 71 68 67 67 66 65 66 66 67 66 66 64 64 65 65 66
    65 65 65 65 63 64 65 64 63 64 65 63 63 64 64 65 65 66 66 68 68 70 70
    69 69 68 66 66 67 68 66 64 63 62 62 62 61 60 60 61 61 61 62 62 63 62
    61 61 63 64 62 61 62 63 63 62 60 60 61 61 61 61 61 61 61 61 62 64 64
    63 62 63 62 64 64 64 63 63 62 62 63 63 63 61 60 61 61 61 61 62 61 63
    62 63 63 64 65 65 65 65 66 65 65 65 65 65 65 65 64 64 63 63 62 62 61
    62 62 62 63 63 63 64 65 65 110 61 107 105 71 108 57 84 22 91 117 0
    24 13 28 68 93 75 89 72 46 111 17 70 118 44 35 50 109 108 46 71 51 1
    94 88 48 47 82 67 97 16 71 119 66 117 121 59 97 23 1 60 109 125 64
    50 100 124 63 109 6 15 105 127 37 64 64 64 63 64 63 63 62 62 63 63
    63 63 64 63 65 64 66 66 67 67 66 66 67 67 68 68 67 68 68 67 66 65 66
    64 65 64 65 65 65 64 64 63 65 64 64 64 63 71 70 71 70 68 67 66 66 65
    65 66 66 65 65 64 64 65 64 65 64 64 65 64 63 63 64 63 63 64 64 62 63
    63 63 64 65 65 65 67 68 70 69 69 69 68 66 66 67 68 67 64 64 63 63 63
    62 61 60 61 62 62 63 63 64 63 62 62 64 64 62 61 62 63 63 62 60 60 61
    61 62 61 61 61 61 61 62 63 64 63 62 62 63 64 64 64 64 63 63 62 63 64
    63 62 61 62 61 62 61 61 62 63 62 63 63 64 65 65 65 65 66 65 64 65 65
    65 66 65 64 64 64 63 62 62 62 62 62 62 63 64 64 65 65 65 121 61 52 2
    109 70 35 119 0 15 19 58 4 115 50 73 10 6 114 22 44 76 17 57 113 53
    16 50 93 122 19 61 99 83 9 7 37 41 97 42 63 104 120 6 65 59 67 92 0
    5 29 74 32 44 14 100 13 61 124 3 116 111 102 126 52 65 65 65 64 65
    64 64 63 63 64 63 63 64 64 64 65 65 67 67 67 68 66 66 66 67 67 66 67
    68 68 67 66 65 66 64 65 64 64 65 65 64 65 64 66 65 64 64 63 70 69 70
    69 67 66 66 66 65 65 66 66 65 65 64 64 66 65 66 65 65 65 65 63 63 64
    63 63 64 64 62 62 63 63 64 64 64 65 66 67 69 68 68 68 67 66 64 66 67
    65 64 63 62 63 63 62 61 61 62 62 62 63 63 64 63 62 62 64 64 62 62 62
    63 63 62 60 60 61 61 62 61 62 62 62 62 63 65 65 64 64 64 64 66 66 65
    65 65 64 64 65 65 65 63 62 63 62 62 62 61 61 63 62 63 63 64 65 65 65
    65 66 65 64 66 65 66 67 67 65 65 64 63 62 62 61 61 61 61 63 63 63 64
    64 64 101 47 52 27 52 104 126 57 116 42 64 18 39 8 7 50 46 57 102 44
    122 15 66 105 75 106 38 9 61 9 112 14 7 14 81 75 102 19 38 96 68 97
    87 48 86 23 28 87 80 0 123 33 6 91 17 77 121 40 36 98 75 102 70 32
    83 66 66 66 65 66 65 64 63 63 63 63 63 63 63 63 64 64 66 66 66 67 66
    65 66 66 67 66 66 68 68 67 66 66 66 64 65 64 65 65 65 64 65 65 66 65
    65 65 64 68 67 69 68 66 65 65 66 65 65 66 66 65 66 65 64 66 66 66 65
    66 66 65 63 63 65 64 63 64 65 62 62 63 63 63 64 63 64 65 65 67 67 66
    66 65 64 63 65 66 64 63 62 62 62 63 62 61 61 62 62 62 63 62 63 62 62
    62 64 63 63 62 62 63 63 63 61 61 63 63 63 62 63 62 63 63 63 65 65 64
    64 63 64 65 65 65 65 64 64 63 64 65 64 63 62 63 62 62 62 62 62 63 62
    63 64 65 66 66 66 66 67 66 65 67 66 67 67 68 66 66 65 64 63 63 62 61
    62 61 63 63 63 63 63 63 68 14 83 84 117 124 117 16 112 114 77 20 15
    126 27 25 15 30 1 90 48 5 84 121 77 115 1 12 125 4 97 40 103 5 28
    119 90 7 48 64 57 58 94 12 55 19 74 4 35 90 90 94 94 96 45 113 16 84
    125 109 65 65 56 10 82 66 66 65 65 66 65 64 63 63 63 63 63 63 63 63
    64 64 67 67 66 67 65 65 66 67 67 66 66 67 67 67 66 65 66 64 64 64 64
    65 64 63 64 64 65 65 64 64 64 67 66 68 68 66 65 65 66 65 66 67 68 66
    67 65 66 67 67 68 66 67 67 66 64 64 66 65 64 65 65 63 63 63 62 63 63
    63 63 64 64 66 66 64 65 64 63 62 64 65 64 63 63 62 63 63 63 62 62 63
    63 62 63 63 64 62 62 62 63 63 62 62 62 62 63 62 61 61 62 62 63 62 63
    63 63 63 63 65 65 64 64 63 63 64 64 64 64 64 64 63 64 64 64 63 62 63
    62 62 63 62 62 64 63 64 65 66 66 66 66 66 67 65 65 67 66 67 68 68 67
    66 65 64 63 63 62 61 61 61 63 62 62 63 62 62 13 29 47 90 74 45 123
    80 54 0 48 69 10 34 74 116 99 37 61 55 51 87 127 16 119 87 113 36
    125 20 90 64 73 22 12 81 99 77 39 110 118 58 24 98 94 122 63 35 11
    55 92 26 105 64 71 56 117 40 61 30 29 27 52 121 65 66 66 66 66 67 66
    65 64 63 64 63 63 63 62 63 64 64 67 67 67 68 66 65 66 66 67 66 66 68
    67 67 66 66 66 64 64 64 64 64 64 63 64 64 65 64 64 64 63 66 66 67 67
    65 65 65 65 65 65 66 67 66 66 65 66 68 67 67 66 66 67 66 64 65 66 65
    65 65 65 63 63 63 62 62 63 62 62 63 63 65 64 62 63 62 61 61 63 64 63
    62 62 61 62 62 62 62 62 63 63 62 63 63 64 62 61 61 63 63 62 62 62 62
    63 62 61 61 62 62 63 62 63 64 64 63 64 65 65 65 65 64 63 64 64 64 64
    63 63 63 63 64 64 63 63 63 62 62 63 62 63 64 63 64 65 66 66 66 65 65
    66 65 65 66 66 67 68 68 67 66 65 63 62 62 62 61 61 61 63 62 61 63 62
    61 17 22 100 31 125 62 26 36 46 53 59 115 94 60 103 83 4 57 60 14 6
    69 21 100 25 3 1 78 108 90 17 77 92 109 42 6 122 20 37 72 37 29 16 8
    77 59 124 7 120 101 95 41 28 73 18 93 92 93 53 81 58 24 22 117 97 66
    66 66 65 67 67 65 64 64 63 63 62 62 62 62 63 64 66 66 67 67 65 65 66
    66 67 66 66 68 67 67 66 66 66 63 63 64 64 64 64 63 64 64 65 64 63 64
    64 65 65 66 67 65 64 64 65 64 65 66 67 66 66 65 66 67 67 67 66 66 67
    66 64 65 67 65 65 65 66 63 63 63 62 63 63 63 64 64 63 65 64 63 64 63
    62 62 64 64 63 63 62 61 62 62 62 62 62 63 63 62 63 63 63 62 61 61 63
    63 63 63 63 63 63 63 62 62 63 63 64 63 64 65 65 64 65 66 66 65 65 64
    64 64 64 64 63 62 62 62 63 63 63 62 61 61 61 60 61 61 61 63 63 64 65
    66 66 65 65 65 66 65 65 67 67 67 68 68 67 66 65 63 62 63 62 62 62 61
    63 62 62 63 62 61 82 70 69 87 97 90 4 126 111 19 58 34 55 31 3 103
    35 108 65 37 8 107 20 123 49 98 122 19 107 42 43 103 75 56 107 96 15
    16 122 87 32 76 94 78 125 98 1 61 90 71 51 40 91 15 24 0 85 108 70
    27 125 60 67 79 109 67 66 67 66 67 67 65 64 63 63 63 63 61 61 62 63
    63 66 66 66 67 64 64 65 65 66 66 66 67 67 67 66 66 65 63 64 63 64 65
    65 64 65 64 65 65 63 64 64 64 65 65 65 64 64 64 64 64 64 65 66 65 66
    66 66 67 67 66 66 65 66 65 64 64 66 65 64 65 66 63 63 64 63 64 64 64
    65 65 65 66 66 65 66 64 64 62 64 65 64 63 62 62 62 61 61 62 62 63 62
    62 63 62 63 61 61 61 62 63 62 62 62 63 63 63 63 63 63 63 64 64 65 65
    66 65 65 66 67 66 66 65 64 64 64 64 64 63 63 63 64 64 64 62 62 61 61
    60 61 61 61 63 62 63 64 64 64 63 64 64 64 64 64 65 65 66 67 67 66 65
    65 63 63 63 63 62 62 62 63 63 63 63 63 62 60 91 66 86 11 8 114 69 8
    108 65 19 42 40 69 34 89 116 61 63 91 22 58 9 119 62 34 56 43 4 63
    86 44 42 51 30 34 21 118 112 34 41 34 33 127 49 0 75 37 84 13 9 21
    91 28 41 58 86 120 124 94 119 101 76 70 67 66 66 66 67 67 66 65 64
    63 63 62 61 61 61 62 63 65 66 66 66 63 63 64 64 65 65 65 66 67 67 66
    65 64 62 63 63 63 64 64 63 64 63 64 64 63 63 64 65 65 66 66 64 64 64
    65 64 65 66 66 66 66 66 66 67 66 66 66 65 65 65 63 63 66 65 64 65 66
    64 64 64 64 65 65 64 65 65 65 66 66 65 65 64 62 61 63 63 62 61 61 60
    61 61 61 62 62 62 62 62 63 62 63 61 61 61 62 63 62 63 62 63 63 64 63
    63 63 63 64 64 65 65 66 65 65 66 66 66 65 64 64 63 64 64 64 63 63 62
    63 63 63 62 60 60 60 59 60 60 60 61 60 60 62 62 62 62 63 63 63 63 63
    65 64 65 66 67 66 65 65 63 63 63 62 61 62 61 63 63 62 63 63 62 27 96
    30 35 40 38 1 43 58 20 56 23 75 45 78 7 75 94 65 62 49 13 93 58 33
    11 119 88 63 28 76 25 99 45 53 115 21 96 83 93 37 60 109 3 120 36 35
    18 73 1 6 41 84 81 77 56 4 80 17 87 23 86 6 51 41 67 67 67 67 68 67
    66 65 64 64 63 63 62 62 62 64 65 67 67 67 67 64 63 65 65 65 66 66 68
    67 68 67 66 65 64 64 64 65 66 66 65 65 65 66 66 64 65 66 66 66 66 66
    64 64 64 65 64 66 66 67 66 66 66 66 66 66 65 65 65 65 65 64 63 66 64
    65 65 66 65 65 65 65 66 66 65 66 66 65 67 67 65 66 64 63 62 63 63 62
    62 61 61 61 60 61 61 61 61 61 61 62 62 62 61 61 60 61 62 62 62 62 63
    63 63 62 62 62 62 63 63 64 65 66 65 65 65 65 65 65 63 63 63 63 64 64
    63 62 62 62 62 62 61 60 60 60 59 60 60 60 61 60 60 61 61 61 61 61 61
    62 62 62 62 62 63 64 65 64 64 63 62 62 63 62 61 61 61 62 61 61 62 61
    61 125 52 119 60 72 72 122 68 3 26 26 113 10 56 107 106 23 43 82 89
    12 109 104 50 43 62 82 93 86 79 57 79 62 62 16 120 62 97 27 116 75
    107 1 69 33 69 52 59 71 108 84 118 34 119 19 29 102 99 35 2 34 57
    112 121 117 67 67 67 67 68 68 67 66 65 64 64 64 63 63 63 64 65 67 67
    66 67 64 63 64 64 65 65 66 67 66 67 66 66 65 64 65 65 65 66 67 66 66
    66 66 67 65 67 67 64 64 64 64 63 63 63 64 64 65 66 67 66 66 66 66 66
    66 65 66 65 66 65 64 63 66 65 65 66 66 65 65 65 65 66 66 65 66 66 65
    67 67 66 66 64 63 62 63 63 63 62 62 61 61 61 61 62 61 61 60 61 61 61
    62 61 61 60 61 61 61 62 61 62 62 63 63 63 63 62 63 63 64 65 66 65 65
    65 65 65 65 64 63 63 64 65 65 64 63 63 63 63 63 62 62 61 61 60 61 61
    61 62 61 61 62 62 61 61 62 62 63 62 63 64 63 64 65 66 65 64 64 62 62
    63 62 61 61 61 61 61 61 62 61 60 17 124 101 29 8 81 86 49 11 126 92
    60 62 8 25 28 32 94 43 111 17 94 51 98 7 78 21 19 86 118 34 124 64
    94 72 96 73 64 56 10 101 80 95 14 10 106 56 73 27 8 79 85 30 56 126
    78 122 122 66 73 101 121 53 46 76 66 66 67 67 68 67 67 66 65 64 64
    64 64 63 64 65 66 67 67 67 67 64 63 64 65 66 66 66 67 66 66 65 65 64
    63 64 64 64 65 66 65 65 65 65 66 65 67 67 63 64 64 64 63 63 63 64 63
    65 65 66 65 66 66 66 66 66 65 65 65 65 64 64 63 66 64 64 65 66 65 64
    64 64 65 65 64 65 65 64 66 66 65 65 64 64 63 64 63 63 63 63 63 63 62
    63 63 63 62 61 62 62 62 62 61 61 61 61 61 61 62 61 61 61 62 62 62 62
    62 62 63 63 64 65 65 64 65 65 65 65 64 63 63 64 65 65 65 64 64 63 63
    63 62 61 61 61 60 62 61 62 62 61 61 62 62 62 62 62 62 63 63 63 64 63
    64 65 65 65 64 64 62 62 64 63 62 62 62 62 62 62 62 61 61 73 9 3 88
    72 27 79 45 63 87 11 123 53 109 59 90 1 109 64 126 122 15 28 27 12
    122 62 51 119 79 24 67 98 114 36 14 64 7 91 46 95 88 9 43 50 13 53
    13 36 61 91 14 0 44 54 35 10 69 15 103 28 117 56 89 28 67 67 67 67
    68 68 67 67 66 65 65 64 64 63 64 65 66 67 67 67 68 66 64 65 66 66 66
    67 67 66 66 65 65 64 63 64 64 64 65 66 65 65 65 66 66 65 67 67 64 65
    65 65 64 64 64 65 64 65 66 67 66 67 67 67 67 67 66 67 66 66 65 65 64
    67 65 66 66 67 66 65 65 65 65 65 64 65 65 64 65 66 64 64 62 62 62 63
    63 62 62 62 63 62 62 63 63 63 62 61 62 62 62 62 61 61 61 61 61 61 61
    61 62 61 62 62 62 62 62 62 63 64 64 65 65 64 65 65 65 65 64 63 63 64
    65 65 65 64 64 64 64 63 63 62 62 62 61 62 61 61 61 61 61 62 62 61 61
    62 61 62 62 62 63 62 63 64 65 65 64 64 62 62 63 63 61 62 61 62 62 62
    62 61 60 41 52 98 46 83 95 48 44 56 67 123 75 91 99 13 21 103 75 5
    101 59 44 114 4 62 97 43 65 72 31 12 117 104 112 77 16 30 91 72 16
    111 105 101 87 91 89 124 94 71 44 11 66 3 61 71 107 80 56 45 31 21
    82 68 47 97 67 67 67 67 68 68 67 66 65 65 65 64 64 64 64 65 66 67 67
    67 67 65 64 64 66 66 66 67 67 66 66 65 65 64 64 65 65 66 67 67 67 67
    67 68 68 67 69 69 64 64 65 65 63 64 64 65 64 65 65 65 65 66 66 66 66
    66 65 66 64 65 65 64 63 66 64 65 65 66 65 64 64 64 64 63 63 64 64 63
    64 65 63 63 62 61 61 62 62 62 62 62 62 62 61 62 63 63 62 62 63 63 62
    63 61 61 61 61 61 60 61 61 61 60 61 61 60 60 60 60 61 62 63 63 64 63
    64 64 64 65 64 63 63 65 66 66 66 65 65 64 65 64 64 63 63 63 62 62 62
    62 62 62 62 63 63 62 62 62 62 62 63 63 63 63 64 65 66 66 64 65 62 62
    64 64 62 63 63 63 63 62 63 62 61 109 87 1 17 15 20 36 58 80 20 94
    114 18 65 62 68 25 22 28 64 56 66 42 103 80 5 85 42 72 64 22 59 66
    51 4 91 5 3 35 113 30 94 87 127 120 58 29 64 110 124 119 63 16 74 94
    106 65 58 110 17 37 23 127 58 17 66 66 67 67 67 67 66 66 65 64 64 63
    63 63 63 64 65 65 65 66 66 64 63 63 65 66 66 66 67 65 66 66 66 65 64
    65 66 66 67 68 68 68 67 68 68 68 69 69 63 64 63 63 62 62 63 64 63 64
    65 65 65 65 66 66 65 65 64 65 64 65 64 63 62 65 63 64 64 65 65 64 63
    63 64 63 63 64 64 63 64 65 63 64 62 62 62 62 62 62 62 62 63 62 62 62
    64 63 62 62 62 62 62 61 61 61 61 62 62 60 61 61 61 60 61 61 61 61 61
    62 63 64 64 64 65 64 65 65 65 66 64 64 64 65 66 66 66 65 65 65 65 64
    64 63 63 63 62 63 62 63 63 63 63 63 63 62 62 63 62 62 63 63 63 62 64
    65 65 65 64 64 62 62 64 64 62 63 63 63 63 63 63 62 61 91 94 22 29
    105 97 51 67 23 22 85 77 26 75 50 23 101 17 23 118 63 5 27 109 81 90
    107 22 29 61 127 50 10 66 124 23 17 55 9 107 105 107 78 122 32 114
    18 118 12 68 117 76 118 56 116 35 120 94 14 88 106 76 78 66 112 65
    65 66 66 66 65 64 64 64 64 63 62 63 62 62 63 64 65 65 65 65 64 62 63
    64 64 65 65 65 64 65 64 65 63 63 64 64 64 65 66 66 66 65 66 65 65 67
    67 62 63 63 63 61 62 63 64 64 64 65 65 65 65 66 66 65 65 64 65 64 64
    64 63 61 64 63 64 64 65 65 64 64 63 64 63 63 64 65 64 65 66 65 64 63
    63 62 63 62 62 62 62 63 62 62 62 64 63 63 63 63 63 63 63 62 63 63 63
    63 62 63 62 61 61 62 62 61 60 61 61 62 63 63 62 63 63 63 63 64 64 62
    62 62 63 64 64 65 64 64 63 64 63 63 62 62 62 61 62 62 62 62 62 62 62
    61 61 61 62 61 61 62 62 62 62 64 65 65 65 64 64 62 63 65 64 63 63 63
    64 63 63 63 62 61 71 48 90 110 73 82 124 39 33 31 44 56 54 3 127 86
    119 37 119 84 44 17 74 57 52 37 65 18 69 86 21 72 7 0 1 105 82 12
    127 90 58 87 91 4 0 4 116 126 92 88 73 78 112 58 81 123 37 90 18 59
    20 96 22 52 23 64 64 65 65 65 64 63 63 63 63 63 62 62 61 62 62 63 64
    64 64 64 63 62 63 63 64 65 65 65 64 65 64 64 63 63 64 64 63 65 65 65
    65 64 64 64 64 65 66 63 64 64 64 63 63 64 65 64 65 65 66 66 66 66 66
    66 66 65 65 64 64 64 63 62 64 63 64 64 65 65 64 64 64 64 64 64 65 65
    65 65 67 65 65 64 64 63 63 63 63 63 63 64 63 62 63 64 64 63 63 64 64
    64 64 63 64 64 63 63 62 63 62 62 61 63 63 62 61 61 61 62 63 63 63 64
    64 64 64 64 65 63 63 62 63 64 65 66 65 65 64 64 63 64 62 62 62 61 62
    62 62 62 62 62 62 62 61 61 62 62 61 62 62 63 63 63 64 64 64 63 63 61
    62 63 63 62 63 63 63 62 63 63 61 61 36 51 77 80 88 12 12 109 66 0 97
    4 103 5 124 21 92 79 88 9 42 86 60 60 99 47 105 111 80 78 86 1 37
    119 102 80 49 99 0 38 121 26 98 81 29 28 55 53 62 82 103 3 107 66
    101 60 70 8 71 58 124 114 118 114 94 65 65 66 65 65 65 64 64 63 63
    63 62 61 60 61 61 62 62 62 62 63 62 60 61 62 62 63 63 63 63 64 63 64
    63 63 64 63 63 64 64 64 64 63 63 63 64 66 66 62 63 62 63 62 62 63 64
    63 64 64 64 65 65 65 66 65 65 64 64 63 64 64 64 63 65 64 65 65 65 66
    65 64 64 66 65 64 66 66 65 65 66 65 65 63 64 63 62 62 62 62 62 63 62
    61 62 63 63 62 62 63 63 62 63 62 63 63 63 63 62 63 62 62 61 62 63 62
    62 61 62 62 64 64 64 65 64 65 64 65 66 64 64 63 65 66 66 67 66 65 65
    65 64 65 63 63 63 62 63 62 63 63 63 63 63 62 61 61 62 62 62 63 62 63
    63 64 65 65 65 64 64 62 63 65 64 63 63 63 63 63 63 63 62 62 18 9 15
    23 21 21 44 88 90 52 103 28 107 20 18 26 104 44 122 81 23 61 114 98
    33 80 120 123 120 16 121 63 2 127 41 50 21 18 26 67 72 14 79 53 102
    106 19 76 98 99 56 100 109 8 3 104 52 34 52 100 42 40 29 98 96 64 64
    64 65 65 65 64 63 63 63 62 61 61 59 60 61 62 62 62 61 62 61 59 60 61
    62 63 63 64 63 64 64 65 65 65 65 66 65 66 66 66 66 65 64 65 65 67 67
    62 63 62 63 61 62 63 64 63 64 64 64 65 65 65 66 65 65 64 64 64 64 64
    64 63 66 64 66 65 65 65 65 64 64 65 64 63 65 65 64 64 66 64 64 63 63
    63 63 62 62 63 63 63 63 62 62 63 63 63 62 63 63 63 63 63 64 64 64 63
    63 65 64 64 63 64 65 64 64 64 64 64 66 66 66 66 66 66 66 67 66 65 64
    64 65 66 66 67 66 65 64 64 64 64 63 63 62 62 63 62 63 62 63 63 63 63
    62 62 62 62 62 63 63 63 63 64 66 66 66 65 65 63 64 65 65 64 65 64 63
    63 63 63 62 61 122 67 1 65 71 77 14 97 25 75 115 93 109 51 38 32 87
    25 84 83 46 27 98 64 20 16 121 60 0 42 32 15 96 102 85 55 48 7 61 38
    79 24 112 51 15 109 26 37 82 58 20 93 100 102 1 21 4 81 60 31 31 102
    56 21 77 63 63 63 63 63 63 63 63 62 62 62 61 61 59 60 61 61 62 62 62
    62 62 60 61 61 63 64 64 64 63 64 64 65 65 65 65 66 65 66 66 66 66 65
    64 65 66 67 67 63 63 63 64 62 62 63 64 62 64 63 64 64 64 64 65 64 63
    62 63 62 63 63 64 63 66 64 66 65 65 66 66 65 65 66 65 64 66 66 65 65
    67 65 65 64 65 65 64 63 63 63 63 64 63 61 62 63 63 62 62 62 62 62 63
    63 64 64 64 64 64 65 65 65 64 65 65 65 65 64 64 65 66 66 66 67 66 66
    66 66 65 64 64 63 64 65 65 66 65 64 64 63 63 64 63 63 63 62 63 62 63
    63 63 64 64 62 61 61 62 62 62 62 62 62 62 63 65 64 65 64 64 63 64 65
    65 64 65 64 63 63 64 63 62 61 91 122 2 27 92 42 28 113 124 110 76
    118 22 65 14 30 78 47 119 120 115 25 28 107 93 61 20 94 67 27 120 62
    35 55 65 125 51 84 43 79 111 101 99 116 100 22 51 121 72 40 87 34 19
    108 113 124 27 3 106 44 111 110 78 77 67 63 63 63 64 64 64 63 63 62
    62 62 62 61 60 60 61 61 62 62 62 62 62 61 61 62 63 64 64 64 63 64 64
    65 64 65 65 65 65 66 66 66 66 65 65 65 66 68 68 62 63 63 63 62 62 62
    63 62 63 63 63 64 63 64 64 64 63 62 62 62 63 63 64 64 66 65 66 65 65
    66 66 65 66 67 66 66 67 67 67 67 68 67 66 65 66 66 65 64 64 63 63 64
    63 62 62 63 62 62 61 62 63 63 63 63 64 64 64 64 64 65 65 66 64 65 66
    65 64 64 64 64 66 65 65 66 66 66 66 66 65 64 64 63 64 65 65 66 65 64
    64 63 62 64 63 63 62 62 62 62 63 63 63 63 63 62 61 61 62 62 61 62 62
    62 62 63 65 64 65 64 64 63 64 65 65 64 65 64 63 63 63 63 62 61 66 91
    121 34 53 112 42 107 82 40 43 98 32 10 93 74 105 103 85 21 97 81 117
    116 106 90 74 30 104 52 2 82 93 112 4 35 71 72 10 36 73 113 103 17
    88 15 122 64 49 116 88 81 121 3 20 50 61 24 27 102 94 37 79 88 5 62
    62 63 63 63 63 63 63 63 63 62 62 62 60 61 61 61 61 62 62 62 63 61 61
    61 63 63 64 63 63 64 64 65 64 65 65 65 65 65 65 66 66 65 65 65 66 67
    66 62 62 63 62 61 62 62 62 61 62 61 61 62 62 63 63 62 62 61 62 62 63
    63 64 64 66 65 66 65 65 67 66 65 66 67 66 66 67 67 66 66 67 66 65 64
    65 66 64 63 62 62 62 63 62 61 61 62 62 62 61 62 63 63 63 63 64 65 65
    64 64 65 66 66 65 66 65 65 65 64 64 65 66 65 65 66 66 67 66 66 66 65
    64 64 65 65 66 66 66 65 64 64 63 64 63 63 63 63 63 63 64 63 63 63 62
    61 60 60 62 61 61 62 61 61 62 63 63 63 64 64 64 63 64 65 66 65 65 65
    64 64 64 63 63 63 90 1 98 112 34 106 51 46 92 62 6 39 117 116 108 22
    84 82 9 43 77 35 108 29 54 14 96 10 0 82 94 21 109 5 25 53 76 3 36
    116 17 21 5 71 71 11 89 121 22 13 92 37 82 115 58 13 2 90 26 48 72
    53 94 6 59 62 62 62 62 62 62 62 62 62 62 62 63 63 62 61 62 62 62 62
    62 63 63 62 62 62 63 64 64 64 63 63 63 64 64 65 65 65 65 65 65 65 65
    64 64 64 65 66 66 63 63 64 63 62 62 62 63 61 62 61 61 62 61 62 62 61
    61 61 61 61 62 63 64 64 66 65 66 66 65 68 67 67 68 68 68 67 68 68 68
    67 68 67 67 66 66 67 65 64 63 63 63 64 63 61 62 62 62 61 60 61 61 62
    62 62 63 65 64 63 63 64 65 65 65 65 65 65 64 64 63 64 65 64 64 66 65
    66 65 65 64 63 63 63 63 64 65 66 65 64 64 64 63 64 63 64 64 63 63 63
    64 64 63 63 62 62 61 60 62 61 61 61 61 61 61 62 63 62 64 63 63 63 64
    65 65 64 65 64 63 63 63 63 62 62 19 121 20 34 127 17 15 5 21 14 45
    47 20 51 108 69 99 10 43 100 38 83 20 26 5 36 70 85 114 121 48 72 79
    53 59 100 61 42 54 14 45 6 37 100 55 120 125 1 126 87 95 37 35 49 54
    63 44 64 25 18 83 125 9 29 37 61 61 62 62 61 62 61 62 62 62 62 63 63
    62 61 62 63 62 63 62 63 63 62 63 63 63 64 64 64 63 64 64 64 64 64 65
    65 64 65 65 65 64 64 64 64 65 66 65 63 64 64 64 63 63 63 63 61 62 61
    60 61 60 61 61 61 60 60 60 61 61 62 64 63 65 65 66 66 65 68 67 68 68
    68 67 66 67 68 67 67 68 68 67 66 66 67 64 63 63 63 63 64 63 62 62 62
    62 61 61 61 62 62 62 63 64 65 64 63 63 64 64 65 65 65 65 65 64 64 63
    64 66 65 64 66 66 67 66 66 66 65 65 65 65 66 67 68 67 65 65 65 64 65
    64 65 64 64 64 63 64 63 63 63 62 61 61 60 62 61 61 61 60 61 61 62 63
    62 64 63 63 62 63 64 65 63 64 63 63 63 63 62 62 62 32 10 99 80 127
    67 70 61 94 26 63 39 60 63 55 111 106 33 113 61 42 8 102 119 31 99
    69 94 12 119 74 49 43 13 39 82 57 74 32 24 55 106 73 103 117 45 17
    20 43 87 52 16 11 119 30 92 39 77 69 101 45 10 121 22 13 61 61 62 62
    62 62 62 63 62 62 63 63 63 62 62 62 63 63 63 62 63 64 63 63 63 64 65
    65 64 63 64 64 65 65 65 65 66 65 65 65 65 65 64 63 64 65 66 65 65 65
    66 65 64 63 63 63 62 63 61 61 62 61 62 62 61 61 60 60 61 62 62 64 64
    66 65 67 67 65 68 68 68 68 69 68 67 68 68 68 67 68 67 66 65 65 66 64
    63 62 62 63 64 63 62 62 62 62 62 61 61 62 62 62 63 64 64 63 62 62 63
    64 64 64 64 64 64 63 63 62 64 65 64 64 65 65 67 66 66 66 65 65 65 66
    66 67 68 68 65 65 65 64 66 64 65 64 64 64 64 65 64 64 64 63 62 62 62
    63 63 62 63 62 62 63 64 64 64 65 65 64 63 64 65 65 64 64 63 63 63 63
    62 62 62 70 64 53 121 14 21 64 118 116 3 65 22 115 90 23 52 36 31 65
    81 109 40 122 73 7 34 92 67 14 69 18 127 90 7 47 87 22 119 99 95 106
    1 55 63 95 6 72 40 73 62 16 64 90 26 100 46 121 64 45 12 88 124 71
    93 108 61 62 63 63 63 63 63 64 64 63 64 64 65 64 64 63 64 64 64 63
    64 64 64 64 64 64 65 65 64 63 64 64 65 65 65 66 66 65 66 65 65 65 64
    64 64 65 66 65 63 64 64 64 63 62 62 62 60 61 60 60 61 60 61 61 60 61
    60 60 61 62 63 65 64 66 65 67 66 65 67 67 67 68 68 67 66 67 67 67 66
    67 67 66 65 66 66 64 64 63 63 64 65 64 63 63 63 63 63 62 62 62 63 63
    64 64 65 64 63 62 64 64 64 64 64 63 63 63 63 62 63 64 63 64 65 65 66
    65 66 65 65 65 65 65 65 66 68 67 65 65 64 64 65 64 65 64 64 64 64 65
    64 65 65 64 64 64 63 65 64 63 64 63 64 64 65 65 65 65 65 64 63 65 65
    66 64 64 64 64 63 63 62 63 63 56 28 14 40 105 17 60 93 100 95 71 61
    113 77 101 4 52 6 40 76 83 70 92 49 99 71 47 25 77 47 51 36 92 74 92
    91 32 4 32 3 119 17 7 51 14 75 121 4 68 116 99 32 14 116 34 12 75 81
    70 42 4 21 26 50 63 61 61 62 62 62 63 63 64 63 63 64 64 65 64 63 62
    64 63 63 63 64 64 64 64 63 64 65 64 64 63 64 64 65 64 65 65 65 64 64
    64 63 63 62 62 62 63 64 63 62 63 64 64 63 62 61 61 60 61 60 60 61 60
    62 61 60 61 61 61 61 62 63 64 65 66 65 66 66 64 67 66 67 68 68 67 66
    66 67 67 66 66 66 66 65 65 66 64 64 63 63 64 65 64 63 63 63 64 64 63
    63 63 64 64 65 65 65 65 63 63 64 64 64 63 63 63 63 63 62 62 62 63 62
    62 64 64 65 65 65 65 65 65 65 65 65 66 68 68 66 66 65 65 67 65 66 65
    64 65 65 66 65 65 66 65 64 65 64 65 64 64 64 63 64 65 65 65 65 65 65
    64 63 65 65 66 64 65 64 64 65 65 64 65 65 97 21 51 69 75 42 39 78 33
    121 67 34 31 78 25 82 6 101 63 5 21 60 35 107 34 74 90 123 93 5 21 0
    4 48 29 89 97 33 19 23 36 72 114 3 5 42 57 12 65 116 41 73 60 57 31
    90 74 9 99 98 4 57 53 39 105 61 60 61 61 61 61 61 62 62 62 62 63 63
    62 62 61 62 62 63 62 64 64 64 65 64 65 65 65 65 64 65 65 66 65 65 66
    66 64 64 63 62 62 62 62 61 62 63 61 62 63 65 64 63 62 62 61 60 61 60
    60 61 60 61 61 60 61 60 60 61 62 63 65 65 66 65 66 66 65 67 67 67 68
    68 67 65 66 67 66 65 65 66 65 65 65 65 64 63 63 63 63 64 64 63 63 63
    64 64 64 64 64 65 65 65 65 65 64 63 62 64 63 63 63 63 62 62 61 61 60
    61 62 62 62 63 63 65 65 65 65 64 64 65 64 65 66 66 67 65 65 64 65 65
    64 65 63 63 63 63 64 64 64 65 65 64 64 63 64 63 62 63 62 63 64 65 65
    64 65 64 63 62 64 65 65 64 65 64 65 65 65 64 65 64 95 5 37 98 14 42
    69 57 2 94 66 105 44 65 122 71 46 56 2 85 125 57 110 86 66 122 96 67
    44 72 54 71 119 122 54 32 79 87 38 86 106 9 67 39 79 35 4 125 54 51
    81 90 50 93 48 118 47 87 30 37 64 100 51 26 79 61 61 61 61 62 62 62
    64 64 63 63 63 64 62 62 61 62 63 63 63 64 64 64 64 63 64 65 65 65 64
    66 66 67 67 66 67 67 65 65 64 63 63 62 62 61 62 63 62 63 64 65 64 63
    62 61 61 61 62 61 61 62 61 62 61 60 61 60 60 61 62 64 65 66 66 66 67
    66 66 67 67 67 69 69 68 66 67 68 68 66 66 66 65 65 64 65 63 63 63 63
    63 65 64 64 63 63 64 65 65 65 65 66 66 66 66 66 65 64 63 64 63 64 63
    63 62 62 62 61 61 62 63 61 62 63 63 65 64 65 64 63 63 63 63 64 65 65
    66 64 65 64 64 65 64 64 63 62 63 63 65 65 65 65 65 63 63 62 64 62 62
    62 61 63 64 64 65 63 64 63 62 61 63 63 64 63 63 63 63 64 63 63 64 63
    1 14 59 51 47 22 126 7 99 34 22 15 23 66 125 93 26 41 116 2 36 35 2
    99 24 65 60 7 112 22 17 59 71 48 62 73 94 33 91 2 107 91 108 3 6 113
    52 106 26 41 15 67 31 67 17 84 102 61 28 22 26 47 20 3 5 61 61 61 62
    63 63 63 64 64 64 64 64 64 63 63 62 63 63 64 63 64 64 64 65 63 64 65
    65 65 64 66 66 67 67 66 66 67 65 65 65 64 64 63 63 62 63 64 63 61 62
    63 62 62 60 60 59 59 61 60 61 61 61 62 62 61 61 60 61 62 63 65 66 67
    67 66 67 67 67 68 67 68 69 70 69 67 68 69 68 67 67 66 66 65 65 65 64
    63 63 63 63 65 65 65 64 64 64 65 65 65 65 66 66 66 65 65 64 63 62 63
    63 63 62 62 62 62 62 62 61 62 63 63 64 64 64 66 65 65 65 64 64 64 63
    63 64 65 65 64 64 64 65 65 64 65 63 63 64 65 66 66 66 66 66 64 64 63
    64 63 62 63 61 63 64 64 64 63 63 62 61 60 62 63 63 63 63 62 63 63 63
    62 63 62 14 115 93 4 48 107 125 60 51 1 24 25 102 91 24 50 67 123 64
    120 40 58 114 47 89 0 30 97 21 119 106 55 111 52 96 45 36 118 73 112
    10 122 33 64 41 54 91 79 49 104 119 78 58 94 69 72 31 87 127 82 11
    46 0 55 71 61 60 61 61 62 62 62 64 63 63 63 63 63 62 62 61 62 63 64
    64 65 64 65 66 64 65 65 65 64 64 65 65 66 66 65 65 66 64 64 63 62 62
    62 62 61 62 63 62 62 63 64 63 62 61 61 61 61 62 61 62 62 62 63 62 61
    62 61 62 63 64 66 67 68 68 67 68 68 68 69 69 70 71 72 71 70 69 70 70
    68 68 68 68 67 66 66 65 64 65 64 65 66 66 66 65 65 65 66 65 65 65 66
    66 66 65 64 63 62 61 63 62 63 62 63 62 62 62 62 62 62 63 63 64 64 65
    66 65 65 64 63 63 63 62 63 63 64 64 63 63 62 63 63 63 64 62 62 63 64
    64 65 64 65 64 63 63 62 63 62 62 62 62 64 64 64 64 63 63 63 62 62 63
    64 64 63 64 62 63 63 63 62 62 62 64 1 90 9 29 9 70 74 74 52 120 18 1
    1 35 11 113 40 63 20 29 19 106 127 75 42 0 127 83 119 95 18 104 14
    25 17 104 2 71 84 73 87 23 127 16 104 87 2 24 90 12 82 124 91 33 23
    12 1 20 97 115 15 100 82 79 60 60 61 61 62 63 63 65 64 64 64 64 64
    63 63 62 63 64 64 64 65 64 65 66 64 64 64 65 64 64 65 65 66 65 65 65
    66 64 64 63 62 62 62 62 61 62 63 62 63 64 64 63 63 62 62 61 61 62 62
    62 62 62 63 63 62 62 62 62 64 64 66 67 68 69 68 69 69 68 69 69 69 71
    72 71 69 69 70 70 68 68 68 68 67 67 67 66 66 66 65 65 67 66 66 65 65
    66 66 65 65 65 66 66 65 65 63 63 61 61 62 61 62 62 63 62 62 62 61 61
    62 63 63 64 64 65 65 64 64 63 62 62 62 61 62 63 63 63 62 62 61 62 63
    62 63 62 61 62 63 63 63 63 63 63 62 62 61 63 62 62 63 61 64 65 65 65
    64 64 64 63 62 64 64 64 64 64 62 63 63 62 62 63 62 25 34 65 88 91 80
    81 97 121 24 86 127 59 35 43 5 41 114 106 50 16 51 9 42 60 105 28 26
    9 121 39 126 0 47 103 125 101 75 15 10 2 4 110 127 102 111 105 23 63
    36 53 56 48 83 73 73 79 58 11 12 69 88 81 70 55 62 62 62 63 64 66 65
    66 66 65 65 65 65 64 64 63 64 64 65 64 65 64 65 66 64 64 64 65 64 64
    64 64 65 65 65 65 66 64 64 63 62 62 62 61 61 62 63 62 62 63 63 62 62
    61 61 60 60 62 62 62 62 62 63 63 62 63 62 63 65 66 67 68 70 70 69 70
    69 69 70 69 70 72 72 70 69 69 69 69 67 67 66 66 66 66 66 65 64 64 64
    65 66 66 66 64 64 65 64 64 64 65 66 66 65 64 62 62 60 59 60 61 62 62
    62 61 61 61 61 61 61 63 62 64 64 65 66 65 65 64 63 63 63 63 63 64 64
    64 63 64 62 63 63 63 64 62 61 63 63 64 64 63 64 63 62 62 62 63 63 63
    63 62 64 65 65 64 63 63 63 63 62 63 63 63 63 63 62 63 63 62 62 63 62
    100 85 103 41 109 120 126 49 13 55 46 90 114 42 27 85 8 88 122 13 11
    113 8 105 85 35 79 106 65 64 34 46 95 39 119 90 61 19 30 3 10 75 91
    30 71 103 99 67 47 36 91 99 29 55 37 118 59 99 60 15 65 31 78 126 35
    62 62 63 63 65 66 66 67 66 66 66 66 66 65 64 63 64 64 65 64 65 63 64
    64 63 63 63 64 63 63 64 64 65 65 65 65 66 65 65 64 63 63 63 63 62 63
    64 63 60 61 62 60 60 59 59 59 59 61 61 61 61 61 62 61 61 62 61 62 64
    65 66 68 69 69 68 69 69 68 69 68 69 71 71 70 68 68 69 68 66 66 66 66
    65 65 65 65 64 64 64 65 66 66 66 65 64 65 64 64 64 64 65 65 64 63 62
    61 59 59 59 60 60 61 61 60 61 61 60 60 61 62 62 63 63 63 64 63 63 62
    61 62 62 61 62 63 63 63 63 63 62 63 63 63 64 63 62 63 63 64 64 63 63
    63 62 62 62 64 63 63 64 62 65 66 66 66 65 65 65 65 64 65 64 65 64 63
    62 63 63 62 62 63 62 40 91 106 80 51 64 91 106 58 95 66 70 93 126 85
    33 11 70 89 83 121 48 28 126 112 124 18 75 65 84 51 101 127 13 21 33
    48 58 10 40 110 107 80 40 81 65 103 111 28 68 81 122 96 25 116 52 50
    83 103 72 20 48 19 55 113 62 61 62 63 65 66 66 67 67 66 66 66 66 65
    65 64 65 65 65 65 65 63 64 65 63 64 64 65 64 63 64 64 65 64 65 65 66
    65 65 65 63 64 63 63 63 63 64 63 60 61 62 61 61 60 60 60 60 61 61 61
    61 61 63 62 62 63 63 64 65 66 67 68 69 69 69 69 69 68 69 68 69 71 70
    69 68 68 68 68 66 66 66 66 66 65 66 66 65 65 64 66 68 67 67 66 66 66
    66 66 66 65 66 65 64 64 62 62 59 58 59 59 60 60 60 60 60 60 60 60 61
    62 62 63 63 63 64 63 63 62 62 62 63 62 63 63 63 63 63 63 62 63 63 63
    64 62 62 62 62 63 62 62 63 62 61 62 62 64 63 63 64 63 65 65 66 66 65
    65 65 65 64 65 64 65 64 64 63 64 64 63 63 64 63 54 117 96 96 117 101
    80 73 73 49 64 34 123 85 82 32 107 101 20 58 98 72 81 101 71 51 104
    125 75 32 108 27 114 103 121 77 66 75 23 75 63 62 103 98 75 33 18 26
    7 80 36 96 15 95 21 53 11 32 50 69 3 49 90 39 17 63 63 63 63 65 66
    65 67 67 66 65 66 66 65 64 64 65 65 65 65 65 64 64 65 63 63 63 64 63
    63 63 63 64 64 63 64 65 64 64 64 63 63 63 63 62 62 63 63 61 63 63 63
    62 61 61 60 60 61 61 61 61 61 62 62 62 63 62 63 64 66 66 68 69 69 68
    69 68 68 68 68 69 71 70 69 68 68 68 68 66 67 67 67 66 66 66 66 65 65
    64 66 67 66 66 65 65 65 65 65 65 65 66 64 64 64 62 61 60 58 59 59 59
    60 59 59 59 59 59 59 61 62 61 63 62 62 63 62 63 62 62 63 63 63 63 63
    64 64 63 64 63 64 65 64 65 64 63 63 63 63 63 63 63 62 61 62 62 63 63
    63 63 63 65 66 66 66 65 65 65 65 64 65 65 65 64 64 63 64 64 63 63 64
    63 58 23 51 50 126 27 15 11 34 15 54 103 113 34 63 67 79 42 82 19 88
    81 90 104 62 19 97 88 87 65 78 43 31 31 117 92 91 9 88 67 2 63 105
    29 15 8 19 40 105 17 104 95 102 70 50 114 122 30 84 24 41 12 39 53
    58 63 63 64 63 65 66 65 67 67 65 65 65 65 65 64 64 65 64 65 64 65 62
    63 64 63 63 64 64 63 63 63 63 64 64 64 64 65 64 65 64 63 63 63 63 62
    63 63 63 60 61 62 61 61 60 61 60 59 60 60 60 61 61 62 62 61 63 62 64
    65 66 67 67 69 69 69 69 69 69 68 67 69 71 69 69 68 68 67 67 65 65 66
    66 65 64 64 64 64 63 63 65 66 65 65 64 64 65 64 64 64 64 65 64 64 63
    62 61 59 57 58 58 59 59 59 59 59 59 59 59 61 61 61 62 62 62 64 63 63
    63 62 63 63 63 64 64 65 65 64 65 64 66 66 65 66 65 64 64 64 65 64 64
    64 63 62 63 63 64 64 64 65 64 66 67 67 67 66 67 66 66 65 65 65 66 65
    64 63 64 64 63 63 64 63 126 24 114 29 33 104 52 47 29 84 29 82 92 25
    72 87 49 3 59 69 26 4 61 28 106 11 50 72 10 10 86 70 49 34 109 73 88
    95 13 90 6 127 18 124 86 10 92 58 24 123 55 101 127 79 65 49 59 93 0
    74 37 62 117 77 123 62 61 62 62 64 65 64 66 66 65 64 65 65 65 64 64
    64 64 65 64 65 62 63 64 62 62 62 64 63 62 62 62 63 62 62 63 63 63 63
    63 61 62 62 61 60 60 61 61 60 61 61 61 61 60 61 60 60 61 60 60 61 61
    62 62 62 64 63 64 65 66 67 67 69 68 68 69 69 68 67 67 68 70 68 68 67
    66 66 66 64 64 64 64 64 63 63 63 64 63 63 64 65 65 65 64 63 64 64 64
    64 64 65 64 64 63 62 61 59 57 58 58 59 59 59 59 59 59 59 60 61 61 61
    62 62 62 63 63 64 64 63 64 64 64 65 65 66 66 66 66 65 66 66 66 66 65
    65 65 65 65 64 64 64 63 62 63 63 64 65 65 66 65 67 67 68 67 67 67 67
    67 66 67 66 66 66 65 64 65 66 65 65 66 65 42 43 91 62 12 24 95 13
    120 82 111 24 64 52 111 107 94 93 35 84 88 80 82 31 117 94 9 23 108
    33 102 13 63 118 81 117 39 61 104 68 7 33 53 62 34 106 103 36 124 96
    28 7 127 12 107 98 43 12 73 92 52 45 25 18 36 62 62 62 62 64 65 64
    66 65 64 64 64 64 64 64 64 65 65 65 65 65 62 63 64 63 63 64 65 63 63
    63 62 63 63 63 63 64 64 64 63 62 62 62 62 61 61 62 62 61 63 63 63 63
    62 63 62 62 62 62 62 62 62 63 63 63 64 63 64 65 66 66 67 68 68 68 69
    69 69 67 67 68 70 69 68 68 67 68 67 65 65 65 65 65 64 64 65 65 65 64
    66 66 66 66 64 64 65 64 64 64 64 65 64 64 63 62 61 59 57 57 57 58 59
    58 59 59 59 59 59 60 60 60 62 62 62 63 63 63 63 63 63 64 64 64 65 65
    66 66 66 65 66 67 66 66 65 65 65 65 65 65 65 64 63 63 63 63 65 65 65
    66 65 67 67 68 68 68 68 67 68 66 67 67 67 66 66 65 67 67 67 66 67 66
    91 1 126 33 43 14 46 48 113 11 91 39 65 94 39 105 23 21 120 114 52
    23 80 25 31 3 57 77 4 69 61 40 103 51 112 112 61 126 110 121 75 69
    127 47 24 35 22 63 117 84 103 78 61 56 44 21 22 73 4 45 27 17 97 2
    42 63 63 64 63 66 67 65 67 66 65 65 64 65 64 64 65 65 65 65 65 65 62
    63 64 63 63 64 65 64 63 63 62 63 63 62 62 62 63 63 63 62 62 62 62 61
    62 62 62 60 61 61 61 62 61 62 62 62 62 62 62 62 63 63 63 63 65 63 65
    66 66 67 66 68 68 68 68 68 68 66 67 67 69 68 67 67 66 67 66 65 64 65
    65 63 63 63 64 65 65 64 65 67 66 66 65 65 66 66 65 65 66 66 66 65 65
    63 62 60 58 58 58 59 60 59 59 60 60 60 60 61 61 60 62 62 62 64 64 65
    64 64 65 65 65 65 66 67 67 68 68 66 67 67 67 67 66 65 65 65 65 65 65
    65 64 64 64 64 65 66 66 67 66 68 69 69 69 69 68 68 67 66 67 67 67 66
    66 65 66 67 67 66 67 66 45 77 85 18 108 39 97 38 67 31 19 23 17 119
    91 43 72 77 127 57 13 49 36 31 67 28 88 74 59 123 96 16 34 28 90 87
    124 22 70 97 103 14 73 23 6 46 53 92 99 121 15 24 13 45 111 9 56 65
    2 120 41 11 89 102 117 65 65 65 64 67 68 67 68 67 66 65 65 65 64 65
    65 65 65 66 66 66 63 64 64 63 63 64 65 64 64 63 63 63 63 63 63 62 63
    63 63 62 62 61 62 61 61 62 62 59 60 61 60 61 61 62 62 62 62 62 62 62
    63 64 64 64 65 64 66 67 68 68 67 68 68 68 68 68 68 66 66 66 69 68 67
    66 66 66 65 64 64 64 64 63 63 63 65 65 65 64 65 67 66 66 65 65 66 65
    65 65 66 66 65 65 64 63 62 59 58 57 57 58 59 59 58 59 59 59 59 59 59
    59 61 60 61 62 62 63 63 63 64 64 65 65 64 65 66 67 67 65 66 67 66 66
    65 64 64 64 64 64 64 65 64 64 63 64 65 65 65 66 66 68 68 68 69 69 68
    68 68 67 68 67 67 66 67 66 67 67 67 66 67 65 92 46 101 98 119 122 49
    31 6 52 47 73 80 88 2 43 70 15 52 58 52 104 123 32 40 6 91 59 119
    126 102 100 122 90 119 0 116 94 58 38 105 110 0 6 20 64 114 66 121
    69 47 67 59 32 109 125 113 82 1 115 59 2 122 56 125 65 65 65 65 67
    68 67 68 67 66 65 65 65 65 65 66 65 66 66 66 66 63 64 64 63 63 64 65
    64 63 63 63 63 63 63 63 62 63 64 63 62 63 63 63 62 62 63 64 57 59 59
    59 59 59 61 61 61 61 61 62 62 63 64 64 64 66 65 67 67 68 69 67 68 68
    68 68 68 68 66 66 66 68 67 66 65 65 66 64 63 63 64 64 63 63 63 64 65
    64 63 65 66 66 66 64 65 66 66 65 66 66 66 65 65 65 64 63 60 59 59 58
    59 59 58 58 59 58 58 59 59 59 59 60 60 61 62 62 62 63 62 63 64 65 65
    64 65 66 67 67 66 66 67 66 66 65 65 65 65 65 64 65 66 64 64 63 64 65
    65 66 66 65 68 68 68 68 68 68 67 67 66 67 66 66 66 66 66 67 67 66 66
    66 65 53 9 117 6 61 58 11 114 58 83 65 112 48 76 75 100 52 116 100 3
    72 110 33 43 56 111 36 36 112 71 91 100 18 16 30 16 101 46 67 58 124
    78 95 97 125 52 59 4 97 38 30 67 38 6 0 109 93 94 77 89 72 96 106 62
    82 64 64 64 63 66 66 65 67 66 65 64 64 64 64 64 65 64 64 65 66 66 63
    64 64 63 64 65 66 65 64 63 63 63 64 63 63 63 63 63 63 63 63 62 62 62
    62 63 64 58 59 59 59 59 60 61 62 62 62 62 63 63 64 64 64 65 66 65 67
    68 68 68 67 68 67 67 68 68 68 67 67 67 68 67 66 66 65 66 65 64 63 64
    64 64 64 63 64 65 65 64 65 67 66 66 65 65 67 66 65 66 66 66 65 65 64
    64 62 60 58 58 57 57 58 57 57 58 58 58 59 59 59 59 60 60 61 62 62 63
    64 63 64 64 65 65 65 66 66 67 67 66 66 66 65 66 65 65 65 65 64 64 64
    65 64 64 63 64 65 65 65 66 65 67 66 67 67 68 67 66 67 66 67 66 65 66
    66 66 66 67 66 66 66 65 37 70 65 2 100 71 57 52 30 14 64 38 83 55 47
    81 27 118 97 25 100 59 44 8 115 3 56 36 65 32 114 46 73 29 13 126 38
    111 87 24 94 37 27 105 122 41 64 38 110 32 53 106 49 29 103 98 53 43
    126 121 29 17 77 52 38 64 64 65 64 66 67 65 67 66 65 64 63 63 63 63
    64 64 64 64 64 65 62 63 63 63 63 64 65 64 64 63 63 64 64 64 63 63 63
    64 64 63 63 62 62 62 62 63 64 60 60 60 60 61 61 62 62 62 63 62 63 63
    64 64 64 65 66 65 67 68 68 68 67 68 68 68 68 68 68 67 67 67 68 67 67
    66 66 66 65 64 64 65 64 64 64 63 64 64 65 64 65 67 66 66 66 66 66 66
    65 65 66 66 65 64 64 64 62 60 58 58 57 58 58 58 58 59 59 60 60 61 61
    61 62 62 63 64 64 65 65 64 65 66 66 66 65 66 66 67 67 66 66 67 66 66
    65 65 66 65 64 64 65 66 65 65 64 65 66 66 66 67 66 68 67 68 68 69 68
    67 68 66 67 67 66 66 66 66 67 66 66 65 65 64 52 48 121 125 115 11
    114 25 101 53 41 104 111 114 123 53 124 27 102 106 69 96 48 91 29
    107 23 86 71 46 57 5 56 65 22 85 83 53 16 110 113 74 54 28 68 16 36
    114 57 40 125 53 37 126 71 6 104 57 17 45 110 120 100 31 54 65 65 66
    65 67 67 66 67 66 65 64 63 63 63 63 64 63 63 64 64 65 62 62 63 62 63
    64 64 63 63 62 62 63 63 63 62 62 62 63 63 62 62 61 61 61 62 63 64 59
    60 60 60 60 61 62 63 62 63 62 62 63 63 64 64 64 65 65 66 67 68 67 66
    67 67 67 67 67 68 66 67 67 68 67 66 66 65 65 65 64 64 65 64 64 64 64
    64 64 64 64 66 67 67 67 66 66 67 67 66 65 66 65 65 64 65 64 63 61 59
    58 58 58 59 58 59 60 60 60 61 61 62 61 62 61 62 63 64 64 65 64 65 65
    66 65 64 66 66 66 67 66 66 67 66 66 66 66 66 65 64 64 66 66 65 65 65
    65 66 67 67 67 66 67 67 67 68 68 67 66 67 66 66 66 65 65 65 64 65 65
    64 64 64 64 76 60 26 59 59 40 104 3 92 61 22 95 41 107 97 95 32 111
    39 91 33 84 93 5 110 8 8 31 120 73 120 117 91 116 17 96 20 118 125
    110 22 7 42 88 47 74 114 93 75 80 8 25 70 85 64 18 60 44 47 32 11 28
    55 53 5 65 65 66 65 67 67 66 67 65 64 63 63 62 62 62 64 63 63 63 64
    63 61 62 62 62 62 63 63 62 63 62 61 62 63 63 62 61 62 63 63 63 62 62
    62 62 62 63 64 59 60 60 60 61 62 64 64 63 63 62 62 63 63 64 64 64 65
    65 66 67 67 67 66 66 66 66 67 67 67 66 67 67 67 66 65 64 64 64 63 62
    62 63 63 63 63 63 64 63 63 63 65 66 65 66 66 65 66 65 64 64 65 64 64
    63 63 63 62 60 59 58 58 57 58 58 58 60 60 60 61 61 61 61 62 61 62 63
    64 64 65 64 66 66 66 66 65 66 67 67 67 66 67 67 66 66 66 66 66 65 64
    64 65 65 64 65 65 66 67 67 67 67 67 67 68 67 68 69 68 67 68 67 67 67
    66 66 66 66 67 66 66 65 66 65 106 56 90 123 119 90 50 59 108 80 123
    121 75 10 56 51 98 72 59 115 22 87 69 4 84 4 56 73 89 98 49 49 25 72
    16 9 11 3 22 34 28 49 41 123 118 35 62 107 74 56 61 103 38 18 20 125
    87 19 101 4 38 34 115 19 104 64 64 64 64 66 65 65 66 64 63 63 62 62
    62 61 63 62 62 63 63 63 61 62 61 61 62 63 63 62 62 62 62 63 63 63 62
    62 62 62 62 62 62 62 62 61 62 63 64 61 61 61 62 62 63 65 64 64 63 63
    63 64 64 64 64 65 65 65 66 66 67 66 65 65 65 66 66 67 66 65 66 66 66
    65 64 63 63 63 62 62 62 63 63 62 63 62 64 63 63 63 65 65 65 65 65 65
    66 65 64 64 65 64 64 64 64 64 63 61 60 59 59 58 59 58 59 59 60 60 61
    60 61 61 61 62 62 63 64 64 65 65 66 67 67 67 66 67 67 67 66 65 66 66
    65 66 65 64 64 63 62 61 62 63 62 63 63 64 65 66 66 66 66 67 67 67 68
    69 68 68 69 68 67 67 66 66 66 66 66 66 65 65 65 64 37 105 94 100 96
    101 59 28 46 23 31 25 93 90 14 1 113 85 64 4 106 106 57 93 49 34 23
    66 100 33 67 99 70 69 114 4 83 53 10 54 51 50 19 54 14 116 29 5 4 19
    28 60 107 24 28 29 22 55 69 102 98 58 88 20 29 63 63 64 64 66 66 65
    67 65 64 64 64 63 63 63 64 63 63 64 64 63 62 62 61 60 61 62 62 61 61
    61 61 62 63 63 62 62 62 62 62 62 63 62 62 62 62 63 63 59 59 60 61 61
    62 63 63 63 62 62 62 63 63 63 63 64 65 65 66 66 66 66 65 65 65 66 66
    67 66 65 66 66 66 64 63 63 62 63 62 62 61 63 62 62 62 62 63 63 62 62
    64 64 64 64 64 64 65 65 64 64 64 63 63 63 64 65 64 62 61 60 60 58 60
    59 60 60 60 61 61 61 61 62 61 61 62 63 64 65 66 66 67 67 68 67 66 68
    68 68 67 66 67 67 66 66 66 65 64 63 63 63 63 64 63 63 64 65 66 66 67
    67 66 68 68 68 68 69 68 68 69 68 67 67 65 66 65 65 66 65 65 65 65 65
    65 65 64 63 64 65 65 65 65 65 65 64 65 66 66 66 66 65 65 65 66 66 67
    67 68 67 66 66 66 66 64 64 65 64 65 65 65 65 65 64 64 64 64 64 63 62
    62 63 62 62 62 62 62 61 62 61 61 61 62 63 63 64 65 64 64 65 64 64 64
    66 66 65 66 65 64 63 63 62 62 62 63 62 62 63 64 63 62 62 61 61 61 62
    62 62 62 61 62 63 63 63 63 61 62 62 62 63 63 62 62 62 63 63 64 58 59
    60 60 61 61 63 63 63 63 62 62 63 63 63 64 64 65 65 66 66 66 66 65 65
    65 66 66 66 66 65 65 65 65 64 64 63 62 62 62 62 61 62 61 61 61 61 62
    62 62 62 63 64 64 64 64 65 65 65 65 65 65 64 64 64 65 65 64 62 62 60
    60 59 60 59 60 60 60 61 61 61 61 61 61 61 62 63 64 65 67 66 67 68 68
    68 67 68 69 68 68 67 67 67 66 66 66 65 64 63 63 63 64 64 63 63 64 65
    66 66 67 67 66 67 68 67 68 68 68 67 68 67 67 67 65 65 65 65 65 65 64
    64 64 64 64 64 63 62 63 64 63 63 64 64 64 64 65 65 66 66 67 65 65 65
    66 66 67 68 68 68 66 66 67 66 64 64 64 64 65 65 65 65 66 64 65 64 64
    64 63 62 62 63 63 63 63 63 62 62 63 61 62 62 63 63 64 65 66 65 65 65
    65 64 64 66 65 64 65 64 63 63 62 62 62 62 63 62 62 63 64 64 62 63 62
    62 62 63 63 63 63 62 63 64 65 64 64 62 63 63 63 63 64 63 62 62 63 63
    64 59 60 61 62 62 63 64 64 64 63 62 63 64 64 64 64 65 66 66 66 66 66
    66 65 65 64 66 66 66 66 65 65 65 64 64 63 62 61 62 61 61 60 62 61 61
    61 61 63 63 63 63 64 64 65 65 66 67 67 67 67 66 67 65 65 65 65 66 65
    63 63 62 62 60 61 60 61 61 61 62 62 62 62 62 61 61 62 62 63 64 66 66
    66 67 66 66 66 67 68 67 67 66 67 67 66 67 66 65 64 64 63 64 65 65 64
    64 65 66 66 66 67 67 66 68 68 68 68 69 69 68 68 67 67 67 66 66 66 66
    66 65 64 63 63 63 63 63 62 62 62 62 62 62 63 63 63 63 65 66 67 67 67
    65 65 65 66 66 67 67 67 66 65 65 65 64 63 62 62 62 63 63 64 64 65 63
    64 63 63 64 63 62 62 63 63 62 63 62 62 62 62 61 62 62 62 63 63 64 65
    65 65 65 65 64 64 66 65 64 65 64 64 64 63 63 64 63 64 63 64 65 66 66
    64 65 64 64 64 65 64 63 63 63 63 64 64 64 63 62 62 62 62 62 63 62 62
    62 63 63 64 61 62 62 63 64 64 66 66 65 64 63 64 64 64 65 65 66 66 66
    66 67 67 66 65 65 65 66 66 66 66 65 65 65 65 65 64 63 62 62 61 62 61
    62 62 62 62 62 64 64 64 64 65 65 66 66 67 67 68 68 67 67 67 65 65 65
    65 66 65 64 64 62 62 60 62 61 62 61 62 62 63 63 63 63 62 62 62 63 64
    66 67 67 67 67 67 67 66 68 68 67 67 66 67 67 66 66 65 65 64 64 63 64
    65 65 65 65 66 66 66 67 67 67 66 68 67 67 67 68 67 67 67 66 66 66 65
    66 66 66 66 65 64 63 64 64 64 64 63 62 63 63 62 63 63 63 63 63 64 65
    66 66 66 64 65 65 65 65 67 67 67 67 65 66 66 65 64 63 63 63 64 64 64
    64 65 64 64 64 63 64 62 62 62 63 62 62 62 62 61 61 62 60 61 60 61 62
    63 64 65 65 65 66 66 65 65 67 65 65 66 65 64 64 63 63 63 63 63 63 63
    65 66 66 65 66 64 64 64 65 64 63 63 63 63 64 64 63 62 61 61 61 61 62
    62 62 61 61 62 63 64 61 62 63 63 64 65 66 65 65 64 63 64 63 64 64 64
    65 65 65 66 67 66 66 65 65 64 66 67 66 67 65 65 66 65 65 64 63 62 62
    62 62 61 63 62 62 62 61 63 63 64 63 64 65 65 66 67 67 68 68 67 67 67
    66 66 66 66 67 66 65 66 64 64 62 63 62 63 62 63 63 64 63 63 63 63 63
    62 63 64 65 66 66 66 66 66 66 66 67 67 66 66 65 65 66 65 66 65 64 65
    64 64 64 65 65 65 65 66 67 66 66 66 66 66 67 67 66 67 68 67 67 66 66
    66 66 64 65 66 66 66 65 64 63 64 64 64 64 64 63 64 63 63 63 63 63 63
    63 64 65 66 66 66 65 65 65 65 65 66 66 67 66 66 65 66 65 63 63 62 62
    63 63 63 63 64 63 64 63 63 63 62 62 62 63 62 62 62 61 60 61 61 60 61
    61 62 63 64 65 65 65 65 66 66 66 66 68 67 66 67 66 65 65 64 63 63 64
    64 63 64 65 66 66 65 65 64 64 64 64 64 63 63 63 63 64 64 63 62 61 61
    61 62 63 63 63 63 62 63 64 65 61 61 61 62 62 64 65 64 65 63 63 63 63
    64 64 64 65 65 65 65 66 66 65 64 64 64 66 66 66 66 65 65 65 65 65 64
    64 62 63 62 62 61 63 63 63 62 62 64 64 65 65 65 65 66 67 68 68 68 69
    67 67 67 66 66 66 66 67 66 64 65 64 63 61 62 61 61 61 62 62 62 62 61
    61 61 61 62 62 63 64 66 66 66 66 66 66 67 68 68 67 67 66 66 66 66 66
    65 64 65 64 63 64 64 64 64 64 65 66 66 66 66 66 65 66 66 65 66 67 67
    67 67 66 66 66 64 65 66 66 66 65 64 63 64 64 64 64 64 63 63 64 63 64
    64 64 63 63 65 65 66 66 66 64 64 65 65 65 67 67 67 67 66 66 66 65 64
    63 63 63 64 64 63 64 64 63 64 63 62 62 62 62 62 63 62 62 62 61 60 61
    61 60 60 60 61 62 63 64 65 65 64 65 65 64 65 67 66 66 67 66 65 65 64
    63 63 63 63 63 64 65 66 65 65 65 63 64 63 63 63 63 62 63 64 64 64 63
    62 61 61 61 62 63 63 63 63 62 63 64 65 62 62 62 63 63 64 65 65 65 64
    64 64 64 64 64 64 65 65 65 65 66 66 65 64 64 64 66 66 66 66 65 66 66
    65 66 65 64 63 64 63 63 63 65 64 64 64 63 66 65 66 66 66 66 67 68 69
    69 70 70 69 68 68 67 67 66 67 67 66 65 66 65 64 61 62 62 61 61 62 62
    62 62 62 62 62 62 62 62 63 64 66 66 66 66 66 66 66 67 67 67 66 65 65
    65 65 65 64 63 63 63 62 63 63 63 63 64 65 66 66 66 66 66 66 66 66 65
    66 67 67 66 66 66 66 65 64 64 65 65 66 64 64 63 64 65 65 65 65 64 64
    64 63 63 64 64 64 63 65 65 66 66 65 64 64 65 65 65 66 66 67 66 66 65
    66 64 63 62 62 63 64 64 63 63 64 63 64 63 63 62 62 61 61 63 62 62 62
    61 60 61 61 60 61 61 62 63 64 65 66 66 66 67 66 66 66 68 67 66 67 66
    65 65 64 63 63 63 64 64 65 66 66 66 65 65 64 65 64 64 63 63 63 64 65
    65 65 63 63 61 62 62 62 64 64 63 64 63 64 65 65 61 62 62 62 62 63 64
    64 64 63 62 62 62 63 63 63 64 64 65 64 65 65 64 64 64 63 66 66 66 67
    66 65 66 65 65 64 64 63 64 63 63 62 65 64 64 64 63 65 65 65 66 66 66
    67 67 69 69 70 70 69 68 68 67 67 66 67 67 66 65 66 66 64 62 62 62 61
    61 62 62 62 62 62 62 62 63 62 62 63 64 65 65 65 65 65 65 65 66 66 66
    65 65 65 64 64 65 63 63 63 63 63 63 64 64 64 64 65 65 65 65 65 65 65
    65 65 64 65 66 65 65 64 65 65 65 64 64 65 65 65 64 63 63 64 65 65 65
    65 64 63 63 63 63 63 63 63 63 65 66 67 66 65 64 64 65 66 66 66 67 67
    67 66 65 66 65 64 63 63 64 65 64 64 65 65 63 64 64 64 63 63 62 62 63
    62 63 62 61 61 62 62 61 63 63 63 64 65 66 67 68 67 68 67 67 67 69 68
    67 68 67 66 66 65 64 63 63 63 64 65 66 67 66 65 65 64 64 64 64 63 63
    63 64 65 65 65 64 63 62 62 62 63 65 64 64 64 63 65 65 66 61 62 62 62
    62 63 64 64 64 62 62 62 62 63 63 62 63 64 64 64 65 65 64 64 64 63 66
    66 65 65 65 65 65 64 64 63 63 62 63 62 61 61 64 63 63 63 63 65 65 65
    65 66 65 66 67 69 69 70 70 69 68 68 67 67 65 66 67 66 66 67 66 65 62
    63 62 62 61 62 62 63 63 63 63 63 63 63 62 63 64 65 65 64 65 66 65 65
    66 66 65 64 64 64 64 63 64 63 62 63 63 62 62 62 63 63 63 64 65 64 64
    65 65 65 65 65 64 65 66 65 65 64 64 64 64 63 64 64 64 64 63 62 61 63
    63 64 64 64 63 63 63 63 63 63 63 63 63 65 66 67 67 66 65 65 65 66 66
    67 66 67 66 66 66 66 65 64 64 63 64 66 65 64 65 65 64 66 66 65 65 64
    64 64 65 64 64 64 63 62 63 63 63 64 63 64 64 65 67 67 68 67 67 66 66
    66 68 67 66 66 65 65 65 64 62 62 62 62 63 64 65 66 65 65 64 64 65 64
    64 63 63 64 64 66 66 66 64 63 63 63 63 64 65 64 64 64 64 65 65 66 64
    64 64 64 63 64 65 64 64 63 63 63 62 63 63 62 63 63 64 63 64 64 64 63
    63 63 65 65 65 65 65 64 65 64 64 63 63 63 63 63 62 62 64 64 64 64 63
    65 65 65 64 65 64 65 65 67 68 68 68 67 66 66 66 66 65 65 66 65 65 66
    65 64 62 62 62 62 61 61 62 62 63 63 63 63 63 63 62 63 63 65 64 64 65
    65 65 65 65 65 64 63 63 63 63 62 63 62 61 62 62 61 61 62 62 62 62 63
    64 64 64 64 64 65 65 65 64 64 65 65 65 64 65 64 65 64 64 64 64 64 63
    62 61 63 63 63 63 63 62 62 63 62 63 63 62 63 62 64 65 67 66 66 64 65
    65 66 66 66 66 66 66 66 65 66 64 64 63 63 64 65 65 64 64 65 64 65 65
    65 65 64 63 64 65 63 64 62 61 60 62 62 61 62 61 62 62 63 64 65 65 65
    65 65 64 65 66 65 65 65 64 64 64 63 61 61 61 61 61 62 63 64 63 63 63
    63 63 63 63 63 63 64 65 66 66 66 64 64 63 64 64 65 66 66 66 66 65 66
    66 67 64 65 65 64 64 64 65 64 64 63 63 62 63 63 63 62 63 63 63 63 64
    63 63 63 63 63 64 65 65 65 64 64 65 64 63 63 63 62 63 63 62 62 64 63
    63 63 62 65 64 64 64 64 64 65 65 68 68 68 69 68 67 67 66 67 65 66 67
    66 66 67 66 65 63 63 63 63 62 63 63 64 64 64 64 64 64 63 63 63 64 65
    64 64 64 65 64 64 64 65 64 63 63 63 63 63 63 63 62 63 63 62 62 62 62
    62 62 63 64 64 64 64 65 65 65 65 63 64 64 65 65 64 65 65 65 64 65 65
    65 65 64 64 63 64 64 65 65 64 64 64 64 63 64 64 64 64 63 66 66 68 67
    66 66 66 66 67 66 66 66 66 65 65 65 66 64 63 63 62 63 65 65 63 64 64
    63 65 65 65 64 63 62 63 64 63 63 61 60 60 62 62 62 62 62 61 62 63 65
    66 66 64 65 65 64 65 66 64 64 63 63 63 64 62 61 60 60 60 61 62 63 64
    63 63 63 63 64 63 63 63 63 63 65 66 66 66 64 63 63 63 63 64 65 65 65
    64 63 64 64 65 64 65 66 65 65 65 66 64 64 64 64 63 63 63 63 62 63 63
    63 62 63 62 62 63 63 63 65 65 65 65 64 64 64 64 63 63 63 63 63 62 62
    62 63 62 62 61 61 63 63 63 63 63 63 64 64 66 66 66 66 66 66 66 66 66
    65 66 66 65 66 67 66 66 64 65 65 65 64 65 65 65 65 65 65 65 65 64 64
    64 65 66 65 65 65 65 65 65 65 65 64 64 64 64 64 63 64 63 62 62 62 62
    62 62 62 62 62 63 63 63 63 63 64 64 64 64 63 64 64 64 65 64 65 65 65
    64 65 65 65 65 64 64 63 64 64 65 65 65 64 64 65 63 64 64 64 65 64 66
    66 67 67 66 65 65 65 66 65 65 65 65 64 64 64 64 62 62 62 62 63 64 64
    63 63 63 62 63 64 64 63 62 61 61 62 61 62 60 59 60 61 62 62 63 63 62
    64 64 66 67 67 66 66 66 65 67 67 66 65 64 64 64 65 63 62 61 61 61 62
    63 63 64 64 63 63 63 64 63 63 62 63 63 64 66 66 66 64 64 63 64 64 65
    66 66 66 66 65 66 66 66 65 65 66 66 66 66 66 64 64 63 63 62 61 62 62
    61 62 62 62 61 61 61 61 62 62 63 65 66 66 66 64 64 64 64 63 63 64 63
    63 63 62 63 63 63 62 61 61 63 63 63 63 63 63 63 64 66 66 66 66 66 66
    66 66 66 65 66 66 66 67 68 67 67 65 66 66 66 65 66 65 65 66 65 65 66
    66 65 64 64 65 66 65 65 65 65 65 65 66 66 65 64 64 65 65 64 65 64 63
    63 63 63 63 62 62 62 62 63 64 63 63 63 63 64 64 65 64 64 64 65 66 65
    65 65 66 65 65 66 65 66 64 64 63 65 65 65 65 65 64 64 65 64 65 65 65
    66 65 66 66 67 67 65 65 65 65 65 65 64 64 63 63 63 62 63 62 62 61 61
    62 64 63 63 63 63 63 64 65 64 63 63 61 61 62 62 62 61 60 60 61 61 62
    63 62 62 63 64 65 67 67 65 66 65 65 66 67 66 65 64 64 65 65 63 63 62
    61 62 62 63 64 65 64 64 63 63 64 63 63 62 63 63 64 65 65 66 64 63 63
    63 64 65 67 66 67 66 65 66 66 67 64 64 65 65 65 64 65 63 63 63 62 61
    60 61 61 61 61 62 62 61 61 61 62 62 63 63 64 66 66 67 65 64 65 65 64
    63 64 63 63 62 61 61 62 62 61 60 60 62 63 63 62 62 62 62 63 65 65 65
    65 65 65 66 65 65 65 65 65 65 66 67 66 66 65 66 65 65 64 65 64 64 65
    65 66 66 66 65 64 64 65 65 65 64 65 65 65 65 65 65 64 63 62 63 62 62
    63 62 61 61 62 62 61 60 60 60 60 61 62 62 62 62 63 63 63 64 63 63 63
    64 65 64 65 65 65 65 65 65 65 65 64 64 63 64 65 65 65 65 64 64 65 64
    64 65 64 66 65 66 67 67 67 66 65 65 65 65 65 64 64 64 63 64 62 63 62
    62 61 61 62 63 63 62 62 62 62 63 63 63 62 61 60 60 60 60 60 59 59 58
    60 60 61 62 61 61 62 63 64 66 66 65 65 66 65 66 67 66 66 65 65 66 67
    65 65 64 63 63 64 65 65 66 65 65 64 64 65 64 63 63 63 63 64 66 66 67
    65 64 64 65 65 66 67 67 68 67 66 68 68 68 63 63 65 64 63 63 63 62 62
    62 62 61 60 61 61 61 61 62 63 61 62 62 62 63 64 64 66 67 67 67 65 64
    65 65 63 63 64 63 63 62 61 62 62 62 61 60 60 62 63 63 63 63 62 62 63
    64 64 64 64 64 64 65 65 64 64 64 64 63 65 66 65 66 65 66 66 65 64 65
    65 65 66 65 65 66 66 65 65 65 65 65 65 64 65 65 64 65 65 65 65 64 63
    63 63 62 63 61 60 61 62 62 61 60 60 60 59 60 61 61 61 61 62 62 63 64
    63 63 63 64 65 64 66 66 66 65 66 66 66 67 65 65 64 65 66 66 65 66 65
    64 65 65 66 66 66 67 65 67 67 68 67 66 65 65 65 65 64 63 63 63 62 63
    62 62 61 62 61 61 62 63 62 62 62 62 62 63 63 63 61 61 60 60 60 61 61
    60 59 59 60 61 62 62 61 60 61 62 64 65 66 64 64 64 64 65 66 66 65 65
    65 66 67 65 65 64 63 63 64 65 65 66 66 66 65 65 65 64 63 63 64 64 66
    67 67 67 66 65 65 65 66 66 67 67 68 68 67 68 67 68 64 64 65 64 64 64
    63 62 62 62 62 61 60 61 61 61 61 62 62 61 62 62 62 63 64 64 65 66 66
    66 65 64 65 65 64 64 64 64 64 62 62 63 63 64 63 62 62 64 65 65 64 64
    64 63 64 65 65 65 65 65 65 66 66 65 65 65 64 64 65 66 66 67 66 67 66
    66 65 66 65 65 66 66 66 66 67 66 66 66 66 66 66 66 66 67 66 66 66 66
    66 65 64 64 63 63 63 62 61 61 62 62 61 61 60 60 60 60 61 61 61 61 62
    63 63 63 63 63 63 65 65 65 66 66 66 65 66 66 66 66 65 65 64 65 65 65
    65 65 65 65 66 66 66 67 66 68 66 68 68 68 68 67 66 65 65 65 64 63 63
    62 62 63 61 62 61 61 61 61 62 63 62 61 62 62 62 63 63 63 62 61 61 60
    61 61 61 60 59 60 61 61 62 62 61 61 61 62 64 65 65 64 64 64 64 65 65
    65 65 64 64 66 66 65 65 64 64 64 65 65 66 66 66 66 65 65 65 64 63 63
    64 64 65 66 66 66 65 65 64 65 65 66 66 67 68 68 67 68 67 68 64 65 65
    64 64 64 63 62 62 62 61 61 60 61 61 60 61 61 61 60 61 61 61 63 63 64
    64 66 65 66 65 64 64 65 64 64 65 64 64 63 63 63 64 64 63 63 62 64 65
    64 64 64 64 63 64 65 65 64 65 65 65 65 65 64 64 65 64 64 65 65 66 66
    66 67 67 66 65 66 65 65 66 65 65 66 67 66 66 66 66 66 65 65 65 66 65
    66 65 66 66 65 64 64 64 63 64 63 63 63 64 64 63 63 63 63 63 63 64 64
    63 63 64 64 65 64 64 64 64 66 66 65 66 66 66 65 66 66 66 66 66 66 65
    66 67 66 66 67 66 66 67 67 67 67 67 68 66 68 68 68 67 66 65 64 63 64
    63 63 62 62 62 63 62 62 61 61 60 60 62 63 62 62 62 62 62 63 64 63 62
    62 62 61 62 62 62 61 61 61 62 62 64 64 63 62 63 63 65 65 66 64 64 65
    65 66 66 66 65 65 65 66 66 65 65 64 64 64 65 66 66 67 67 66 66 65 66
    65 64 64 65 65 65 66 66 66 65 64 64 65 65 66 66 66 68 68 67 68 68 68
    65 65 65 64 64 64 63 62 62 62 61 60 60 61 60 61 60 61 61 60 61 61 62
    64 64 64 65 66 66 66 65 64 65 65 64 65 65 64 64 63 63 63 64 65 63 63
    63 65 65 65 65 65 65 64 65 66 65 65 65 65 65 66 66 65 65 65 64 63 64
    64 65 65 65 66 66 65 65 65 64 65 66 65 65 66 67 66 65 65 65 65 65 64
    65 65 64 65 65 65 65 65 64 64 63 63 63 63 63 63 64 64 63 63 63 64 63
    63 65 64 63 63 64 64 64 64 64 64 64 66 66 65 65 65 65 64 65 66 66 66
    66 66 65 66 66 66 67 67 67 66 67 67 68 68 67 68 66 68 68 68 68 66 65
    64 64 65 63 62 62 62 62 63 61 63 61 62 61 61 62 63 63 62 62 62 62 63
    64 63 62 63 62 62 62 62 62 61 60 61 62 62 64 64 63 62 62 62 63 64 64
    62 63 64 64 64 64 64 64 63 63 65 66 65 65 64 65 65 65 66 65 66 67 66
    66 66 66 65 64 64 64 65 66 65 65 66 65 65 64 65 65 65 66 66 67 67 66
    67 67 67 65 64 65 65 64 64 63 62 61 61 60 59 59 59 59 59 59 59 59 58
    60 60 61 62 63 64 64 67 66 67 65 65 65 66 65 65 65 65 64 63 64 64 65
    65 64 64 64 66 66 66 66 66 66 65 66 66 66 65 65 65 65 65 65 64 65 64
    63 63 64 64 64 65 65 66 65 64 65 65 64 65 66 64 65 66 67 66 66 66 65
    65 65 65 66 66 65 66 65 65 66 65 64 64 64 63 64 64 63 63 64 64 63 63
    63 64 63 63 65 65 63 63 65 65 65 65 65 65 65 67 66 65 66 66 66 65 66
    67 67 67 67 66 66 67 67 67 68 68 68 68 69 69 69 69 68 69 67 68 69 69
    68 67 66 64 64 64 63 62 61 61 61 62 61 62 61 62 61 62 63 63 63 63 62
    62 63 63 64 64 63 63 63 62 62 62 62 61 60 61 61 62 63 63 62 61 62 62
    63 63 63 62 62 62 63 63 63 63 63 63 63 64 66 65 65 64 64 65 65 66 66
    67 66 66 65 65 65 64 62 62 62 63 63 63 63 64 63 63 63 64 64 64 64 65
    66 67 66 68 68 68 66 65 66 65 65 64 64 63 62 62 60 60 59 60 59 59 59
    59 60 58 59 60 61 63 63 63 64 67 66 67 65 65 66 66 65 66 66 66 65 64
    64 65 65 66 65 64 64 65 66 66 65 65 65 65 65 65 65 64 64 64 64 64 64
    64 64 64 63 62 63 62 63 64 64 65 64 63 63 64 63 63 64 63 64 65 66 66
    66 66 65 65 65 65 66 66 65 65 65 65 65 64 64 63 63 62 62 63 62 62 62
    62 61 61 61 62 62 61 63 63 62 62 63 64 64 64 64 64 65 66 66 65 66 66
    67 66 66 66 67 67 67 67 67 68 68 69 69 70 70 69 71 71 71 71 70 71 68
    70 70 70 69 68 67 66 65 65 64 62 62 61 61 63 62 63 62 63 62 62 63 63
    63 63 62 62 63 63 64 64 63 63 63 62 62 62 62 61 61 61 62 62 63 63 62
    62 62 62 63 62 63 61 62 63 63 64 63 64 64 64 63 64 65 64 64 63 64 64
    65 65 64 66 65 65 64 63 64 64 62 63 63 64 64 64 64 65 65 64 64 64 65
    65 65 65 66 67 66 67 67 67 66 66 66 65 64 63 63 62 62 62 61 60 60 60
    60 59 59 59 59 58 59 59 60 61 62 62 63 65 65 66 64 63 64 65 64 65 65
    65 64 63 64 65 66 66 65 65 65 66 66 66 66 66 66 65 65 66 65 65 65 64
    64 64 64 64 65 64 63 62 63 62 63 63 64 65 64 62 63 63 63 63 63 62 62
    64 65 64 65 65 64 63 64 65 66 66 65 65 65 65 65 65 65 64 63 62 63 63
    62 61 62 61 60 60 60 61 61 60 61 61 61 61 62 63 63 63 64 64 64 66 66
    66 67 67 67 66 66 67 67 67 67 66 67 68 68 69 69 69 70 69 71 72 72 72
    71 72 70 71 72 72 71 70 68 66 66 66 64 62 61 61 61 62 60 61 60 61 60
    60 61 61 62 61 60 61 61 62 63 63 62 62 63 62 62 62 62 61 61 61 62 63
    63 64 63 62 62 62 63 62 62 61 61 62 62 63 62 63 63 62 61 62 63 63 63
    62 63 64 64 64 64 65 65 65 64 63 64 64 62 63 63 63 64 64 64 65 65 65
    63 64 65 65 65 65 66 67 66 67 67 67 66 65 65 65 65 63 63 62 61 61 61
    60 60 60 60 60 59 59 60 58 59 58 60 62 61 62 63 65 65 65 64 63 64 65
    63 64 65 65 65 64 65 65 66 67 66 65 65 66 67 66 66 66 65 64 65 65 64
    64 64 63 63 63 63 63 64 63 62 62 62 61 62 63 63 65 64 63 63 63 63 63
    64 62 63 64 65 65 66 65 64 64 64 65 65 66 65 65 65 65 65 65 65 64 64
    63 63 64 63 62 62 62 61 61 62 62 62 61 63 63 62 63 64 64 65 65 65 65
    65 67 67 66 67 67 67 67 67 67 67 67 67 67 67 68 68 69 69 69 69 69 71
    71 72 72 72 72 71 71 72 73 72 70 69 68 67 67 65 63 62 62 61 62 61 62
    61 61 60 60 61 62 62 62 61 62 62 63 64 64 63 63 63 62 62 61 62 61 61
    61 62 62 63 63 62 61 61 61 62 62 62 61 62 62 62 62 62 62 62 62 61 62
    63 62 63 62 63 63 64 64 64 65 66 66 65 65 65 65 64 64 64 65 66 65 65
    67 66 66 65 65 65 65 65 66 66 67 66 67 67 67 66 65 66 66 65 64 63 62
    62 62 62 61 61 61 61 60 60 60 61 60 60 59 61 62 62 63 64 66 66 66 64
    64 65 65 63 64 64 64 64 63 64 64 65 64 65 64 64 65 65 65 64 65 65 64
    64 65 64 63 64 63 64 63 63 63 64 62 62 62 63 62 62 63 64 65 64 63 64
    64 63 63 65 64 65 66 66 66 67 67 66 65 64 65 66 66 65 64 64 64 64 64
    64 63 63 62 62 62 62 61 62 62 62 62 63 64 63 62 63 64 63 63 65 65 65
    66 66 65 65 66 66 65 65 65 66 65 65 65 65 66 66 65 66 67 67 68 68 68
    69 69 70 70 71 71 71 71 70 71 72 72 71 70 69 67 66 66 65 63 62 62 61
    62 61 62 61 61 60 60 61 61 62 62 61 62 62 63 64 64 63 63 63 62 62 62
    62 61 62 62 63 63 64 64 63 62 62 62 63 62 63 62 63 63 63 63 63 62 63
    62 62 62 63 63 64 63 64 64 64 64 64 66 66 66 66 66 65 66 65 65 65 65
    66 65 66 67 67 66 65 65 66 65 66 66 67 67 66 67 67 68 66 64 65 65 65
    64 63 62 62 62 62 61 61 61 61 61 60 61 61 60 60 60 61 63 63 64 64 65
    66 65 64 63 64 65 63 63 63 63 62 62 63 63 63 63 64 63 64 64 65 64 64
    64 65 64 64 65 64 63 64 64 64 63 64 64 64 63 62 62 63 61 61 63 64 65
    64 64 64 64 63 63 64 64 65 66 66 66 67 67 65 64 64 65 65 66 65 64 64
    65 64 64 64 64 64 63 63 64 63 62 63 63 62 62 63 63 62 62 63 63 62 62
    63 64 64 64 65 65 65 66 66 65 66 66 66 66 66 66 67 67 67 67 67 68 68
    68 68 68 69 69 70 71 71 71 71 71 70 70 71 71 71 69 68 67 66 66 65 63
    63 62 62 62 62 63 62 62 61 61 62 62 62 63 62 62 63 64 64 64 64 63 63
    62 62 62 62 62 63 63 63 64 65 64 64 62 62 62 63 62 63 62 63 63 63 63
    63 62 63 62 62 62 63 63 64 63 64 64 64 64 64 66 67 67 66 66 66 66 65
    66 66 66 67 66 66 67 67 66 65 65 65 65 65 65 66 65 65 66 65 65 67 66
    67 66 65 64 64 63 62 62 63 61 61 62 62 61 60 61 61 61 61 61 63 64 64
    65 65 66 66 65 65 65 65 66 65 64 64 64 63 62 64 64 63 63 64 63 64 64
    64 65 64 64 65 65 65 65 64 64 64 64 65 64 65 64 65 64 63 63 63 61 62
    63 64 65 64 64 64 64 64 63 64 63 64 65 65 65 66 66 65 64 64 65 65 65
    64 64 64 64 64 64 64 64 64 63 63 64 63 62 63 63 62 62 62 63 62 62 63
    63 62 62 63 64 64 65 65 65 65 66 66 65 66 65 65 65 65 66 66 67 66 66
    66 66 66 66 66 66 67 67 69 69 70 70 70 70 68 69 70 71 70 69 68 67 66
    66 64 63 62 62 62 62 62 63 62 62 60 60 62 61 62 62 62 62 63 64 64 64
    63 62 63 62 62 62 62 61 61 61 62 62 64 63 63 61 62 62 62 62 62 61 62
    62 62 63 63 62 63 62 62 62 63 63 64 63 64 64 64 63 64 65 66 66 66 65
    65 65 65 65 65 65 66 65 65 67 67 66 64 65 65 64 64 65 66 66 65 66 66
    65 65 64 65 64 64 63 62 61 61 61 62 60 60 61 60 60 60 60 61 60 60 60
    62 62 63 64 64 65 65 64 64 64 64 65 64 64 63 63 62 62 63 64 63 63 63
    63 63 63 63 64 63 63 64 64 64 64 64 63 64 64 64 63 65 64 65 64 63 63
    63 61 61 62 63 64 64 63 64 64 63 62 63 62 63 64 65 64 66 66 64 64 64
    64 64 65 64 64 64 65 65 65 65 65 65 64 65 65 64 63 63 64 63 63 64 64
    63 63 63 63 62 62 63 63 63 64 65 64 64 65 66 65 65 65 65 65 65 66 66
    67 67 67 67 67 68 68 67 67 68 68 69 69 70 70 70 70 68 68 69 69 69 68
    66 66 65 65 63 62 61 61 61 61 60 61 61 61 59 59 61 61 61 61 61 61 62
    63 63 63 62 62 63 62 62 62 62 62 62 62 62 63 64 64 63 62 62 62 63 62
    63 62 63 63 63 64 63 63 65 64 63 63 64 64 65 64 64 65 64 64 64 65 65
    65 66 64 64 64 64 64 64 64 65 64 64 66 66 65 64 64 65 64 64 65 65 66
    65 66 66 65 64 63 63 63 63 62 62 61 61 61 62 60 61 61 61 60 60 60 61
    61 61 61 63 63 63 64 64 65 65 64 64 64 64 65 64 64 63 63 62 62 63 64
    63 64 64 64 65 65 65 66 65 66 67 66 67 67 66 66 66 66 66 65 66 66 67
    66 64 64 63 62 62 62 63 64 64 63 63 63 63 62 62 61 62 63 64 64 65 65
    64 64 64 64 65 65 65 65 66 66 66 66 66 66 66 65 66 66 65 64 64 64 64
    64 65 65 64 64 64 64 63 63 63 63 63 64 64 64 64 65 65 64 64 64 64 64
    64 65 66 66 67 67 67 67 68 68 68 68 68 67 69 70 70 71 70 70 68 68 69
    69 69 68 66 66 65 64 63 62 62 62 61 61 61 62 62 62 60 60 62 61 62 62
    62 63 63 63 64 64 63 63 63 62 62 63 63 62 63 62 63 63 64 64 64 62 62
    63 63 62 63 62 62 63 63 64 64 64 65 64 64 64 65 65 66 65 65 65 66 66
    66 66 66 66 67 65 65 65 64 65 64 64 65 64 64 65 65 64 63 63 63 62 62
    63 63 63 63 64 64 63 64 64 64 63 63 62 62 61 61 62 62 61 61 61 61 60
    60 61 61 61 61 62 63 63 64 65 64 65 65 64 64 64 64 65 63 63 63 63 63
    62 64 64 64 64 65 65 66 66 65 67 66 67 68 68 68 68 67 66 66 66 66 65
    67 66 67 66 64 63 62 61 61 61 62 63 62 62 62 62 61 60 61 60 61 63 64
    64 65 65 65 64 65 65 65 66 65 65 66 66 66 66 66 66 65 65 65 66 65 63
    63 64 63 64 65 65 64 64 64 64 63 63 63 63 62 63 64 64 64 65 64 64 64
    64 64 64 64 65 65 65 66 66 66 66 67 67 67 67 67 67 69 70 70 70 69 69
    68 68 69 69 68 67 66 66 65 64 63 62 61 62 62 62 61 62 62 62 60 61 62
    61 62 62 63 63 64 64 64 65 64 64 65 64 64 65 64 64 65 64 64 63 64 64
    64 63 62 62 62 62 62 61 62 62 62 62 62 63 64 64 63 63 64 64 65 64 65
    65 65 65 65 66 66 65 66 65 64 64 63 64 64 64 64 63 63 64 65 64 63 63
    63 62 62 63 64 64 63 64 64 64 66 64 64 64 63 63 63 62 62 61 62 61 60
    60 60 60 59 59 60 61 61 61 62 63 63 64 64 64 64 63 64 64 64 65 64 64
    64 63 63 63 64 65 65 66 67 66 67 67 67 68 68 68 69 69 69 69 68 67 67
    67 66 65 66 66 67 65 63 62 61 60 60 61 61 62 61 61 61 61 61 60 61 60
    61 63 64 65 66 65 65 64 65 65 65 66 65 65 65 65 65 66 66 66 65 65 65
    66 65 63 63 64 63 64 65 65 64 64 63 64 63 63 63 64 63 63 65 65 65 66
    65 64 64 64 64 64 63 64 65 65 65 65 66 66 66 66 65 66 66 66 68 69 70
    70 70 70 68 69 69 70 69 68 68 68 66 66 65 64 63 63 63 63 62 63 63 63
    61 62 63 62 63 63 64 64 65 66 66 66 65 65 66 65 65 66 65 65 65 64 64
    63 64 63 63 61 61 62 61 60 61 60 61 61 62 61 61 62 64 63 63 64 64 65
    65 64 65 64 65 65 65 65 66 66 66 64 64 64 63 64 63 64 64 63 63 64 64
    64 62 63 63 63 63 64 64 65 64 64 64 64 63 62 62 62 62 62 62 62 61 61
    62 61 61 61 61 61 61 61 62 62 62 63 64 64 64 65 65 65 64 64 64 65 65
    65 65 64 64 64 63 63 64 65 65 66 67 67 67 67 67 67 67 68 69 69 69 69
    68 67 67 67 67 66 66 67 67 65 64 63 61 60 61 61 61 62 61 61 61 61 61
    61 61 61 62 63 64 65 66 66 66 65 66 66 66 66 65 65 66 66 66 66 66 66
    65 64 64 65 64 63 62 63 63 64 64 64 63 63 62 63 62 62 63 62 62 62 64
    64 65 65 64 64 64 64 63 63 63 64 65 65 65 66 66 66 66 66 65 66 66 66
    68 69 69 69 69 68 67 67 68 68 67 67 66 66 64 64 63 62 61 61 62 62 62
    62 62 62 61 61 62 62 63 63 63 64 64 65 65 66 65 65 66 66 65 66 66 65
    66 65 65 64 64 64 63 62 62 61 61 60 61 60 61 61 61 61 61 61 63 63 64
    64 65 65 66 65 66 65 66 65 66 66 66 67 67 66 65 65 64 64 64 65 65 64
    65 65 66 65 64 65 64 64 64 65 66 66 65 66 66 66 63 62 62 62 61 61 61
    61 60 60 60 60 60 60 61 60 61 60 61 61 61 62 63 63 63 64 64 64 64 64
    64 64 64 65 64 64 64 64 64 64 66 67 66 67 68 68 68 68 67 68 68 68 69
    69 69 69 68 67 66 67 67 65 66 67 68 66 65 64 63 61 61 61 62 62 61 61
    60 61 60 60 60 59 61 62 63 64 65 65 64 64 65 65 65 65 65 66 66 66 66
    67 67 66 66 65 65 66 65 63 63 63 64 65 65 65 64 64 63 63 62 62 63 63
    62 63 64 65 65 65 64 63 64 63 63 63 63 64 65 65 65 66 67 67 66 66 66
    66 67 67 68 69 70 69 69 68 67 67 68 67 66 66 66 65 64 63 63 61 60 60
    61 61 61 62 62 62 61 62 62 62 64 63 64 65 65 66 66 66 66 65 66 66 65
    66 66 65 66 65 65 64 64 64 63 62 61 61 61 60 61 60 61 60 61 60 60 61
    63 63 64 63 65 65 66 65 66 66 66 66 66 67 67 67 67 66 65 65 64 64 65
    66 66 64 64 65 65 64 63 63 63 63 63 64 64 65 64 64 63 63 64 63 62 62
    62 62 62 62 61 61 61 60 60 61 61 60 60 60 60 61 60 61 62 62 62 63 63
    63 63 63 63 63 63 64 63 63 64 64 64 64 66 67 66 67 68 68 68 68 67 68
    68 68 69 69 69 69 68 67 67 67 67 66 66 67 68 66 65 64 63 61 62 61 61
    62 61 61 60 60 60 60 60 60 61 62 63 64 66 65 64 64 66 66 65 66 66 67
    67 67 67 68 68 67 67 66 66 67 66 65 64 65 65 66 66 66 65 65 64 64 63
    63 63 64 62 63 64 65 66 66 65 65 64 64 63 64 64 64 65 65 65 66 67 66
    65 65 64 64 65 65 67 68 68 68 68 67 66 66 67 67 67 66 66 66 65 64 63
    62 61 61 62 61 62 62 62 62 61 61 62 62 63 62 63 64 64 65 65 66 65 65
    65 65 65 65 65 65 66 65 65 64 65 64 64 63 62 62 62 61 62 61 62 62 62
    61 61 61 63 63 64 64 65 66 66 66 67 66 67 66 67 67 67 67 68 67 65 66
    65 65 65 66 66 64 64 64 64 64 63 63 63 64 63 64 64 65 64 64 64 64 63
    62 62 61 61 61 61 61 60 60 60 60 59 60 61 60 60 60 61 62 62 63 63 64
    64 65 65 65 65 65 65 65 64 65 65 64 64 64 64 65 66 67 66 66 67 67 67
    67 66 67 67 67 68 68 68 68 68 66 66 66 67 65 65 67 67 66 65 64 63 62
    62 61 61 61 60 61 60 60 60 60 60 59 61 62 62 63 64 64 63 63 64 64 63
    64 65 65 66 66 66 67 67 67 67 66 66 67 66 65 65 65 66 66 66 66 66 65
    64 64 64 64 64 64 63 64 65 66 66 65 65 65 65 64 63 64 63 64 65 64 65
    66 66 66 66 65 65 65 65 66 67 68 68 68 68 67 67 67 67 68 67 67 67 67
    66 65 64 63 62 62 62 61 62 62 62 62 61 61 62 61 62 62 63 63 64 65 65
    65 65 65 65 65 65 65 65 65 67 65 66 64 65 65 64 63 63 63 63 63 63 63
    64 63 63 62 63 63 64 64 65 64 65 66 66 66 66 66 66 66 67 67 67 66 67
    66 65 65 65 66 66 66 66 65 64 65 65 64 63 63 63 63 63 64 64 64 63 63
    63 63 63 62 61 61 60 60 61 60 60 59 60 59 59 60 60 59 60 60 61 61 61
    62 63 63 63 65 65 64 64 64 64 64 64 65 64 64 64 64 64 65 66 66 66 66
    67 67 67 67 67 68 68 68 69 69 69 69 68 67 67 67 67 66 66 67 68 66 65
    64 63 61 62 61 61 60 59 60 59 59 59 58 59 58 59 60 60 61 62 62 61 62
    63 63 63 64 64 65 66 65 66 67 67 67 67 66 66 66 65 64 63 64 64 65 65
    64 64 64 63 63 62 63 63 64 63 63 64 65 66 65 65 65 65 64 64 65 64 64
    65 65 65 65 66 66 65 65 65 64 65 64 67 68 67 68 68 67 67 67 67 67 67
    67 67 67 66 65 65 63 62 62 61 61 61 61 61 62 61 61 61 61 62 61 62 63
    63 64 65 66 66 65 65 65 64 65 65 66 67 65 66 65 66 65 64 64 63 63 63
    63 64 64 64 63 63 63 63 64 65 64 65 65 66 66 66 66 66 66 66 66 67 68
    67 67 68 67 66 66 66 66 66 66 66 65 65 65 65 64 63 63 63 63 63 63 64
    64 63 63 63 63 62 61 61 60 59 59 60 59 59 59 59 59 59 59 59 58 59 59
    60 61 60 61 62 62 63 64 63 63 62 63 64 64 63 64 64 64 63 64 64 64 65
    66 65 65 66 66 66 66 65 67 67 67 67 68 68 68 68 67 66 67 67 66 67 67
    68 67 66 65 64 62 62 62 61 60 60 60 59 59 59 58 59 58 59 60 61 61 62
    62 62 62 64 64 63 65 65 65 65 65 65 66 67 67 67 67 66 67 66 64 64 64
    65 65 65 64 64 63 62 62 62 62 61 62 61 62 63 63 64 63 63 64 64 63 63
    64 63 64 64 64 65 65 65 66 65 65 64 64 64 64 66 67 67 67 68 67 67 67
    67 68 67 67 67 67 66 65 65 63 61 62 61 60 61 60 60 61 61 61 60 60 62
    62 63 63 64 65 65 66 65 65 65 64 63 64 64 65 66 64 64 63 64 64 63 63
    63 63 63 64 64 64 64 63 63 63 64 65 66 65 66 65 66 66 67 66 67 66 67
    67 68 69 68 68 69 67 66 66 67 66 66 66 66 66 65 65 64 63 63 63 63 63
    63 64 64 64 63 63 62 63 60 60 59 59 59 59 60 59 60 60 61 61 60 61 61
    61 61 62 62 63 63 63 63 64 64 64 63 63 62 63 63 63 63 63 63 62 63 63
    63 64 64 65 64 64 65 65 65 64 64 65 65 65 66 66 66 67 67 66 66 66 67
    66 67 68 68 68 66 65 65 63 63 62 61 61 60 61 59 59 59 59 59 59 60 60
    61 62 63 63 63 63 64 64 64 66 65 66 66 66 66 67 68 68 68 68 67 67 67
    65 65 65 65 66 65 65 65 65 63 62 62 62 62 62 62 62 63 64 65 64 64 64
    65 64 63 64 63 64 64 64 65 65 66 66 65 64 64 64 64 63 66 67 66 67 68
    68 68 67 68 68 68 68 68 69 67 66 66 65 63 63 63 61 62 62 62 62 61 61
    61 60 62 61 63 63 63 65 65 66 66 65 64 64 63 64 65 65 66 65 65 64 65
    64 63 63 63 63 63 64 64 64 63 63 63 63 64 64 66 65 66 65 66 66 66 65
    66 65 66 66 67 68 67 67 68 67 67 66 67 67 67 67 68 67 66 66 65 64 64
    63 63 63 63 63 63 63 62 61 61 61 59 59 59 58 58 58 59 58 58 58 60 59
    59 60 60 59 60 61 61 62 62 63 63 63 64 65 64 63 62 64 64 64 63 64 63
    63 63 64 63 64 64 65 64 64 65 65 65 64 64 65 66 66 67 67 67 67 67 66
    66 66 67 66 66 67 68 67 66 65 65 63 63 62 61 61 60 61 60 60 60 60 60
    60 61 62 62 62 63 63 63 63 64 64 64 66 66 66 66 66 67 68 68 68 69 69
    68 69 68 67 67 67 67 68 67 67 66 66 64 63 63 63 63 64 63 63 64 65 65
    64 64 65 65 65 64 65 64 64 65 65 65 65 66 66 65 64 63 63 63 62 64 65
    65 65 66 66 66 65 66 66 66 67 67 68 67 66 66 64 63 63 62 61 61 61 62
    62 62 62 61 61 62 62 64 63 64 66 66 67 67 66 65 64 63 64 65 65 66 64
    65 64 65 63 63 62 62 63 62 64 64 63 63 63 63 62 63 63 65 64 65 64 66
    66 66 65 65 65 66 66 67 67 66 66 67 66 66 65 65 65 65 65 66 65 65 64
    63 63 62 62 62 62 62 63 63 63 62 61 61 61 58 58 58 57 57 58 59 57 58
    58 59 59 58 59 60 59 60 61 61 62 62 63 63 63 64 65 64 63 63 64 65 64
    64 64 64 63 64 64 64 65 65 65 64 64 64 64 64 63 63 64 65 65 65 66 66
    66 66 65 65 65 67 66 67 68 69 68 67 66 65 64 64 63 63 62 61 62 61 61
    61 60 60 60 62 62 63 63 64 64 64 64 65 65 64 66 65 66 67 66 66 67 67
    68 68 68 68 69 68 67 68 68 68 69 68 68 68 67 66 65 64 64 64 65 64 64
    64 64 65 64 64 65 65 64 64 64 64 64 64 64 65 65 66 66 64 64 63 62 62
    61 63 64 64 64 65 65 64 64 64 64 64 66 66 67 66 65 66 64 63 63 64 62
    63 63 63 63 63 63 63 63 63 63 65 64 65 66 66 67 66 66 65 64 63 64 64
    64 66 64 65 63 64 63 63 62 62 62 62 63 64 63 63 63 63 62 63 63 64 64
    66 65 66 66 66 65 65 65 66 66 67 67 66 65 67 66 65 64 64 64 65 65 66
    65 65 64 63 62 62 62 62 62 62 63 63 64 62 61 60 61 60 60 60 59 59 59
    60 58 58 59 60 59 58 59 60 59 60 61 61 62 62 63 63 64 65 66 65 64 63
    65 65 65 64 65 64 64 64 65 65 65 65 65 63 63 64 64 64 63 63 64 65 65
    65 66 66 66 67 66 65 66 67 67 67 68 69 69 68 66 65 64 64 63 62 61 60
    61 60 60 60 59 59 59 60 61 62 62 63 63 63 64 64 65 65 66 66 67 67 66
    66 67 67 67 67 68 67 68 67 67 67 67 67 68 66 67 67 66 64 64 63 63 63
    64 62 62 63 63 63 63 63 63 64 63 62 63 63 63 64 63 64 64 65 65 63 63
    62 61 62 61 63 63 63 63 64 64 64 63 63 63 63 65 65 67 66 65 66 64 63
    64 64 62 63 63 63 64 64 64 64 63 63 64 65 65 66 66 66 67 66 66 65 64
    63 64 64 65 66 65 65 64 65 63 63 63 62 63 62 64 64 63 63 63 63 62 64
    63 65 64 66 65 67 67 67 66 66 65 66 67 67 67 66 65 67 65 65 63 64 63
    64 64 65 64 64 63 62 62 61 62 61 62 62 62 62 63 62 61 60 61 60 60 59
    59 59 59 60 58 59 59 60 59 58 59 59 59 60 60 60 61 61 62 63 64 64 65
    64 64 63 65 66 65 64 64 64 64 65 65 65 65 65 65 63 63 64 64 64 63 63
    64 65 65 65 66 66 66 67 65 65 65 66 66 66 67 68 68 67 65 65 64 64 63
    62 61 61 61 60 61 61 60 59 60 60 61 62 62 62 62 63 63 64 65 65 66 66
    67 67 67 67 67 68 68 68 69 68 69 68 67 67 67 67 67 65 66 66 65 64 63
    63 63 63 63 62 62 63 63 63 63 64 65 65 64 63 65 64 64 65 65 65 66 66
    65 64 64 62 62 62 60 62 63 62 62 63 62 62 61 61 61 62 63 64 65 65 64
    65 63 63 63 63 62 63 63 64 65 64 64 63 63 63 63 65 65 66 66 66 67 66
    66 64 64 63 64 65 65 66 65 65 64 65 64 63 63 63 63 63 64 64 64 63 63
    63 63 64 64 65 64 65 64 66 66 66 65 65 64 65 66 66 65 64 63 65 64 63
    62 63 62 63 63 64 63 63 62 61 61 61 61 61 61 60 61 62 62 61 60 59 59
    60 60 60 59 59 60 60 59 59 60 60 59 58 59 59 59 60 60 59 60 60 60 61
    62 63 64 62 62 62 64 65 65 64 64 63 64 65 65 65 65 65 65 64 63 64 64
    64 62 63 64 65 64 64 64 64 65 66 64 64 64 65 64 65 66 67 66 66 64 64
    64 64 62 61 60 60 60 60 60 60 60 59 60 60 61 61 62 62 62 63 63 64 65
    65 67 66 67 67 67 67 67 67 68 67 68 68 68 68 67 67 67 66 67 65 66 65
    65 64 64 64 64 64 64 63 62 63 63 63 63 63 64 65 64 64 65 64 64 64 64
    64 65 66 65 65 64 63 62 62 61 63 63 62 62 63 63 62 62 62 62 62 64 64
    65 64 64 65 63 62 62 62 62 62 63 63 64 63 63 62 62 61 62 63 63 64 65
    65 66 65 65 64 63 62 63 64 64 66 65 65 63 64 63 63 63 63 62 62 64 64
    64 63 63 63 63 65 65 66 65 66 65 67 66 66 65 65 65 65 66 66 65 63 62
    63 63 62 61 61 61 62 62 63 63 62 62 61 60 61 61 61 61 61 62 63 63 62
    61 60 61 60 59 59 59 59 60 60 59 59 60 60 60 59 59 59 59 60 60 59 60
    59 59 59 61 61 62 61 60 61 63 64 63 62 62 62 63 64 65 65 65 65 65 63
    63 64 64 64 63 63 64 65 65 65 65 65 65 66 65 64 64 65 65 65 66 66 66
    66 64 64 63 63 62 61 60 60 60 60 60 60 60 59 60 61 61 62 62 62 62 63
    64 64 65 66 68 67 68 67 67 67 67 67 68 67 68 67 67 67 67 67 67 66 67
    65 67 66 66 65 64 64 65 65 65 64 63 64 63 63 63 63 64 64 64 63 64 64
    63 63 63 64 64 65 65 65 64 63 63 62 61 63 64 62 63 63 63 63 62 62 62
    62 64 64 66 65 65 65 64 63 63 63 62 63 63 64 65 64 63 63 62 62 62 63
    63 64 65 64 65 65 65 63 63 61 63 64 64 66 65 65 64 65 63 63 63 63 62
    62 64 64 64 63 63 62 62 63 63 64 63 65 64 66 66 66 65 65 64 65 65 65
    64 64 63 64 64 63 62 62 62 62 62 63 63 63 63 62 61 61 62 61 61 61 62
    62 62 61 59 59 59 60 60 60 60 60 60 61 60 60 61 61 61 60 60 60 60 61
    61 60 61 60 60 61 62 63 64 62 62 63 65 66 65 64 64 64 65 65 66 66 65
    65 65 64 63 63 64 64 63 63 64 65 65 65 65 65 65 66 65 64 65 66 66 65
    66 66 66 66 64 64 64 63 62 61 61 60 60 59 60 60 60 59 60 61 61 61 62
    62 62 63 64 64 65 66 68 67 68 66 67 66 66 67 67 67 68 67 67 67 67 68
    67 67 67 65 67 66 67 66 65 65 66 66 66 65 64 65 64 64 64 65 65 65 65
    63 65 64 64 64 63 63 64 64 64 63 63 62 62 61 60 62 63 62 62 63 63 62
    63 62 63 62 65 65 66 65 65 66 65 64 64 63 63 64 65 65 66 65 64 63 63
    62 63 64 64 65 65 64 66 65 64 63 62 61 62 63 63 65 64 64 63 63 62 62
    62 61 60 60 62 62 62 62 61 61 61 62 62 62 62 63 64 65 66 66 65 65 65
    65 66 66 65 65 64 65 64 64 63 63 62 63 63 63 63 64 63 62 62 62 62 61
    62 61 62 63 63 62 60 60 60 61 61 61 61 61 61 61 60 60 61 61 60 59 59
    59 60 60 60 59 59 59 59 60 61 62 63 62 62 63 64 66 65 64 63 64 64 65
    66 66 65 65 64 63 62 62 63 63 62 63 63 64 63 64 64 64 64 65 64 63 64
    65 64 64 64 65 65 65 64 64 64 64 62 61 61 60 60 59 60 61 60 60 61 61
    61 61 62 62 61 63 63 63 64 65 66 66 66 66 66 65 65 65 66 65 66 66 66
    66 66 67 67 66 66 64 66 65 66 65 65 65 65 65 66 65 64 64 64 64 64 64
    65 65 64 63 64 64 64 64 64 64 64 65 65 64 63 62 61 61 60 62 63 62 62
    62 62 62 62 61 62 62 64 65 66 66 66 66 65 64 64 64 63 64 65 65 66 65
    65 64 63 62 63 64 63 64 65 64 65 65 64 62 62 61 61 63 64 65 65 65 64
    65 63 63 63 63 61 61 63 62 63 62 62 61 60 62 62 62 61 62 63 64 65 65
    65 65 65 65 66 66 65 65 65 65 65 64 63 63 63 63 63 63 63 63 63 62 61
    61 61 60 61 61 62 62 63 62 60 60 61 60 60 61 61 61 61 61 60 60 61 61
    60 59 59 59 60 60 60 59 59 59 59 60 62 62 63 63 63 63 65 66 65 64 64
    64 65 66 66 67 66 65 65 64 63 62 63 63 62 63 63 64 63 64 63 63 64 64
    63 63 63 64 64 63 64 64 64 65 64 64 64 64 62 62 61 60 60 59 61 61 60
    60 61 61 61 61 61 60 60 61 62 63 63 65 66 65 66 66 66 66 65 65 66 66
    67 67 67 67 67 68 68 67 66 65 66 66 66 65 65 65 66 66 67 66 64 64 64
    64 64 65 66 65 65 63 64 64 64 64 64 64 64 65 65 64 63 62 62 61 60 62
    63 63 63 63 62 62 62 62 62 62 64 65 66 66 66 67 65 64 64 64 64 65 66
    66 67 66 65 64 64 63 63 64 64 64 65 64 65 66 65 62 62 60 62 63 63 64
    64 64 64 64 63 63 63 62 61 61 62 61 62 62 62 61 60 62 62 62 61 62 62
    64 64 65 65 65 65 65 66 66 65 65 65 66 66 65 64 64 63 63 63 63 63 62
    63 62 61 61 60 60 60 60 60 60 60 59 59 58 59 61 61 61 61 61 61 61 60
    60 61 61 60 60 59 60 61 61 61 60 59 59 59 60 62 62 63 63 63 63 65 66
    64 63 64 64 65 66 67 67 66 66 65 64 62 62 63 63 62 63 63 65 64 64 63
    63 64 65 64 64 64 65 65 64 64 64 64 65 64 64 64 64 62 61 60 59 59 59
    60 60 59 59 60 60 60 60 59 59 59 60 61 62 63 64 66 65 66 65 65 65 65
    65 66 65 66 66 66 67 67 68 68 67 66 65 66 66 66 66 65 65 66 66 67 66
    64 64 63 63 63 65 65 65 65 63 64 64 64 64 64 64 64 65 65 64 64 62 62
    62 60 62 63 62 62 62 61 61 61 61 61 61 63 63 65 65 65 65 64 63 64 64
    63 65 66 66 67 66 65 64 64 62 63 63 63 63 64 64 65 66 65 63 62 61 62
    63 64 64 65 64 64 65 64 64 64 63 61 61 62 62 62 62 61 61 61 61 61 61
    60 61 61 63 63 64 64 64 64 64 65 65 65 65 65 65 66 65 65 64 63 63 63
    64 63 62 62 61 60 59 59 58 58 58 58 57 58 57 56 55 56 63 62 63 62 62
    61 61 60 60 61 62 60 59 59 59 59 59 59 57 57 57 57 59 60 60 61 60 60
    61 62 64 62 62 62 62 63 64 65 65 64 64 63 63 61 61 62 62 61 62 63 65
    64 64 64 63 64 65 64 64 63 64 64 63 64 64 64 64 64 64 64 64 62 62 60
    60 59 59 60 61 60 59 60 60 60 59 59 58 58 59 60 61 61 63 65 65 64 65
    65 64 64 64 65 65 66 66 66 67 67 68 68 67 66 65 66 66 67 67 67 66 67
    67 67 67 65 65 64 63 64 64 65 65 64 63 63 63 64 64 63 63 63 64 64 64
    63 62 61 61 60 61 62 61 61 61 60 61 61 61 61 62 63 63 66 66 66 66 65
    64 65 64 63 65 66 66 66 66 64 63 63 61 62 62 63 63 64 64 65 65 65 62
    62 61 62 63 64 64 65 64 64 65 64 63 63 63 61 60 62 61 62 61 61 60 61
    61 61 61 60 60 60 61 62 63 63 63 64 64 65 65 65 64 64 65 65 65 65 64
    63 63 63 63 63 62 62 60 59 58 58 57 57 57 57 57 57 56 55 55 55 64 63
    64 63 63 62 62 62 62 63 63 62 61 60 60 60 61 60 59 59 58 58 60 60 61
    61 60 60 61 62 63 62 62 61 62 63 64 65 65 63 63 62 63 62 61 62 63 62
    63 64 65 65 65 64 64 65 66 64 64 63 64 64 63 63 64 64 64 63 63 64 64
    62 62 61 60 60 60 61 62 61 60 61 61 60 60 60 59 58 60 61 61 62 63 65
    65 65 64 65 64 64 64 65 65 66 66 67 67 67 68 68 67 65 65 66 66 67 67
    67 66 67 66 67 66 65 65 64 64 64 65 65 65 64 62 63 63 63 62 62 62 62
    63 62 62 62 61 61 61 59 61 62 61 61 61 60 61 61 61 61 62 63 64 66 65
    66 66 66 64 65 64 64 64 65 64 66 65 64 63 63 61 61 62 62 63 64 63 64
    65 64 62 62 61 62 63 64 64 65 64 64 65 64 64 64 64 62 62 62 62 62 61
    61 60 60 60 61 60 59 59 59 60 61 62 62 62 63 63 64 65 64 64 64 64 65
    65 64 64 63 63 62 63 63 62 62 60 59 59 59 58 58 58 59 59 58 58 57 57
    57 64 64 64 64 64 63 63 62 63 63 64 63 61 60 61 61 62 61 59 59 59 59
    60 61 60 61 60 59 60 62 63 62 62 61 62 63 64 65 65 64 64 63 63 62 61
    62 62 61 62 63 64 64 63 63 63 63 65 63 63 63 63 64 63 64 64 64 64 63
    64 64 64 63 62 62 61 60 60 62 63 62 60 62 62 61 61 60 59 59 61 62 62
    63 65 67 66 65 65 65 64 64 64 66 65 67 67 66 67 67 67 67 66 64 64 66
    66 66 66 66 65 66 66 67 66 64 64 63 62 63 64 64 64 64 62 62 62 63 63
    62 62 61 63 63 63 63 62 61 61 59 61 62 61 60 60 60 61 61 61 61 61 62
    63 65 65 65 66 65 64 65 65 65 65 65 64 65 64 63 63 62 60 61 62 62 63
    63 63 63 64 64 62 63 61 62 64 64 64 65 64 63 64 63 63 63 64 62 61 62
    61 61 61 60 60 60 60 61 61 59 60 60 60 61 62 62 63 63 63 64 64 64 63
    63 64 64 64 63 63 63 63 62 62 61 61 61 60 58 58 58 58 58 57 58 58 57
    56 55 55 56 65 64 65 65 65 64 64 63 64 64 65 63 62 60 61 61 62 61 59
    59 58 58 59 59 59 59 59 58 59 60 62 61 61 61 61 63 64 65 65 64 64 63
    63 62 61 61 62 62 62 63 65 64 63 63 63 63 64 63 63 63 64 64 64 64 63
    64 64 63 63 64 63 62 62 62 61 60 60 61 62 61 60 62 62 61 61 61 60 60
    62 62 62 63 65 67 67 65 65 65 64 63 64 65 64 66 66 66 67 66 67 66 65
    63 64 65 65 66 65 65 64 64 64 65 64 63 63 62 62 63 64 64 64 64 62 63
    63 64 64 64 63 62 63 63 64 63 62 62 61 60 61 62 61 61 60 61 61 62 62
    61 61 62 63 65 64 65 66 65 65 65 65 65 65 66 65 66 65 64 64 63 62 62
    63 63 63 64 63 63 63 63 62 62 61 62 63 63 63 64 64 63 64 64 64 64 64
    62 61 62 61 62 61 60 60 60 59 60 59 58 59 59 59 60 61 61 62 63 62 64
    63 63 63 63 63 64 64 63 63 63 63 62 62 62 61 62 60 59 58 58 58 58 58
    58 58 57 56 55 56 56 65 65 66 66 65 65 64 64 64 65 66 64 63 61 62 62
    63 62 60 60 59 59 60 60 59 60 59 59 60 61 63 62 62 61 62 63 64 65 66
    63 64 64 63 61 61 61 61 61 61 62 64 63 63 62 62 62 64 63 63 63 63 64
    64 64 63 63 64 62 62 63 63 62 62 62 62 61 61 62 64 62 61 63 63 62 62
    63 61 61 63 63 63 64 65 67 67 65 65 65 64 63 65 65 65 66 66 66 66 66
    67 66 65 63 63 65 65 65 65 64 64 63 63 64 64 61 62 61 60 62 63 62 62
    62 61 62 62 63 64 64 64 63 64 64 64 64 63 63 63 62 63 63 63 62 62 62
    63 63 63 63 63 64 65 66 66 65 66 66 65 66 66 66 65 66 64 65 65 64 64
    63 61 62 63 63 63 63 62 62 62 62 61 61 61 61 62 62 63 64 63 63 64 64
    64 64 64 63 62 62 61 62 61 60 60 59 59 59 59 58 58 57 58 58 60 60 60
    60 60 61 61 61 61 61 62 62 63 63 62 62 63 62 62 62 62 62 60 60 59 59
    59 59 58 59 58 57 56 55 55 55 66 66 67 67 67 66 65 65 65 66 67 65 63
    62 63 63 63 62 61 59 59 59 60 60 59 60 59 58 60 60 62 60 61 60 61 62
    63 64 66 63 63 64 63 61 61 62 62 62 63 63 65 64 64 63 62 62 64 64 63
    62 63 63 63 64 63 63 64 63 63 64 64 62 63 63 62 61 62 63 64 62 60 63
    63 62 61 62 60 61 62 63 62 63 64 66 66 65 65 65 64 63 64 65 64 65 65
    65 65 66 66 66 64 63 63 65 65 65 65 65 64 64 63 64 64 62 62 61 61 62
    63 63 62 62 61 62 63 63 64 64 64 63 64 63 64 64 62 63 63 62 62 62 62
    62 62 62 62 62 62 62 63 63 64 66 65 65 66 66 66 66 66 66 66 67 66 66
    65 65 65 63 61 62 63 63 62 62 62 62 62 63 61 61 61 61 63 63 64 65 65
    64 65 65 65 65 65 63 63 63 62 63 62 61 61 60 59 59 58 57 57 57 58 58
    60 59 59 60 59 60 60 59 60 60 61 62 63 62 62 62 63 62 62 62 62 62 61
    60 60 60 60 59 58 58 58 57 55 55 55 55 67 67 68 68 67 66 66 65 65 65
    66 63 62 60 61 61 61 60 59 57 57 57 59 58 58 59 58 57 60 60 62 60 61
    60 61 62 63 64 65 63 63 64 62 62 62 62 63 63 63 64 65 65 65 64 64 63
    65 65 64 63 64 64 64 64 63 64 65 64 63 64 64 63 63 63 63 62 63 63 64
    63 61 63 63 61 61 62 61 61 63 63 63 64 65 66 66 64 65 65 64 63 64 65
    64 65 64 64 65 65 65 65 64 62 63 64 64 64 65 64 63 63 63 64 64 62 62
    61 61 62 63 63 62 62 62 62 63 63 64 64 63 62 63 62 63 63 62 62 62 61
    61 62 61 61 61 60 61 62 61 61 62 62 63 65 65 65 65 65 65 66 65 66 65
    66 65 65 65 64 65 63 62 62 63 63 63 62 62 62 61 63 62 62 62 62 63 64
    65 66 65 65 66 65 66 66 66 64 63 63 62 63 63 62 61 60 59 59 58 57 57
    57 58 58 60 60 61 61 60 61 61 60 61 61 62 63 64 63 63 63 64 63 63 63
    63 63 62 61 60 61 61 60 60 60 59 58 57 56 57 57 66 66 67 67 67 66 65
    65 65 66 66 64 62 60 61 61 62 60 59 57 57 57 58 57 56 57 57 56 59 60
    61 59 60 59 60 61 62 62 64 62 63 63 62 61 60 61 62 62 62 62 64 64 63
    62 62 62 63 63 63 62 63 63 63 63 62 63 64 63 63 64 65 63 64 64 63 63
    63 63 64 63 61 64 63 62 61 62 61 61 63 63 63 63 64 65 66 64 64 65 64
    64 64 65 63 64 64 64 64 65 65 65 64 62 62 64 64 64 64 64 63 63 63 64
    63 62 61 61 60 61 62 62 61 62 61 61 62 63 64 64 63 63 64 63 65 65 64
    64 64 63 63 63 63 62 62 62 62 63 62 63 63 62 64 65 65 65 65 66 66 67
    67 67 66 67 65 65 65 64 64 63 61 62 63 63 62 62 61 61 60 62 61 62 62
    62 64 64 65 66 65 65 65 65 66 66 66 65 64 64 63 64 63 62 61 60 59 59
    58 57 57 57 57 58 60 60 60 61 60 61 61 61 61 62 62 63 64 64 64 64 64
    63 63 63 63 64 63 62 61 62 62 62 61 61 61 60 59 58 59 59 67 67 68 68
    68 67 66 66 66 66 67 64 63 61 62 62 62 61 59 58 57 57 58 57 57 57 57
    56 59 59 60 59 59 59 60 60 61 62 63 61 62 63 61 61 60 60 61 62 62 62
    63 64 63 62 62 62 64 64 63 64 64 64 64 63 62 64 64 63 62 64 64 63 63
    63 62 61 61 62 63 62 61 63 62 61 60 61 60 60 62 63 62 63 64 65 65 63
    64 65 63 63 63 64 63 64 63 63 63 63 63 63 62 61 61 62 62 63 63 62 62
    62 62 63 63 61 61 61 60 60 61 62 62 62 61 62 63 64 64 64 64 64 64 64
    65 66 65 65 65 64 63 64 63 63 62 62 62 63 63 63 63 63 64 65 65 65 65
    66 66 66 66 66 66 66 65 65 65 64 63 62 61 61 63 62 62 62 61 61 61 63
    62 62 62 62 64 65 66 66 65 65 66 65 66 66 66 64 63 63 62 63 63 61 60
    60 60 60 59 58 59 58 59 59 61 61 62 62 61 62 62 62 62 62 63 64 65 64
    64 64 64 64 63 63 64 64 63 62 62 62 62 62 61 62 61 60 59 59 59 59 66
    66 68 68 67 67 67 67 67 67 68 66 64 62 63 63 63 61 60 58 58 57 58 57
    56 57 57 56 58 59 60 59 59 59 60 60 62 62 63 62 63 63 61 61 60 60 61
    62 63 63 64 64 64 63 63 64 65 64 64 64 64 64 64 63 62 63 63 63 62 63
    64 63 62 62 62 62 62 63 64 63 62 64 63 62 62 62 61 62 63 63 63 63 64
    65 65 63 64 65 63 63 63 64 63 64 63 63 63 63 63 63 62 61 61 62 61 62
    62 62 61 61 61 62 62 60 60 60 59 60 61 61 61 62 61 61 62 63 63 63 63
    63 63 62 64 65 64 65 64 64 63 64 64 63 63 63 63 64 63 63 64 63 64 65
    65 64 65 65 66 66 65 65 65 66 64 64 63 63 63 62 61 61 62 62 61 61 60
    61 61 62 62 62 63 63 64 65 65 66 65 65 66 65 66 66 66 64 63 63 62 63
    63 61 61 61 60 61 59 59 59 58 58 58 60 60 60 61 60 61 61 61 61 61 61
    62 63 63 62 62 63 63 62 63 63 64 62 62 61 62 62 62 61 61 61 60 59 59
    60 59 68 67 69 69 68 68 68 68 68 67 68 66 64 63 63 63 63 62 61 59 58
    58 58 58 57 57 57 57 59 60 60 59 60 60 61 61 63 64 64 63 64 64 63 63
    62 61 62 63 63 64 64 65 64 63 63 63 64 64 63 64 64 64 64 63 62 63 63
    62 62 63 63 63 62 62 62 61 62 62 64 63 61 63 62 62 61 62 61 62 62 63
    63 63 64 64 64 63 63 63 62 62 62 63 62 62 61 61 62 62 61 61 61 60 61
    61 61 62 62 61 60 60 59 61 61 59 60 60 59 59 60 61 61 61 60 60 62 63
    63 63 62 62 63 62 63 64 63 64 63 63 63 63 63 63 63 63 63 64 64 64 65
    64 64 65 65 64 65 66 66 66 66 66 65 66 64 64 64 63 64 63 62 61 63 62
    62 61 61 61 61 63 62 63 63 63 64 65 65 65 64 64 65 64 65 65 65 64 62
    62 61 62 62 61 60 60 60 61 60 59 60 59 59 60 61 61 62 63 62 64 63 63
    63 63 63 64 65 64 64 64 64 64 63 63 64 65 63 62 62 62 62 62 62 61 61
    60 60 60 60 60 68 67 69 68 67 67 67 67 67 66 67 66 65 64 64 63 63 62
    62 60 60 60 60 59 58 59 59 59 61 61 61 60 61 61 62 61 63 64 64 63 64
    64 63 63 62 62 63 64 64 65 65 66 65 64 64 64 65 65 64 65 64 65 64 64
    62 63 64 63 63 63 64 63 63 63 62 62 62 62 63 63 61 63 62 61 61 61 60
    61 62 63 63 63 63 63 63 62 62 63 62 62 62 62 61 62 61 60 61 61 60 60
    60 59 60 60 60 60 61 59 58 58 58 60 60 59 59 59 59 59 60 61 61 62 61
    60 62 63 63 63 63 63 63 62 63 64 63 64 63 63 62 63 63 63 63 63 63 64
    64 64 65 64 64 65 65 64 64 65 66 66 65 65 65 65 64 63 64 63 64 63 63
    61 63 63 62 62 61 61 61 63 62 63 63 62 63 64 64 64 63 63 64 63 64 64
    64 63 62 61 60 61 61 60 59 59 59 60 60 59 60 59 60 60 61 62 63 63 62
    64 63 63 63 63 64 64 65 64 64 64 64 64 63 63 64 65 63 63 62 63 63 63
    62 62 61 61 61 61 62 62 70 70 72 70 69 69 69 69 69 67 68 67 66 65 65
    63 64 63 63 60 60 60 60 60 59 59 60 60 61 62 61 61 62 62 62 62 64 65
    65 65 65 65 64 64 63 62 63 64 65 65 66 66 65 64 63 63 64 64 63 63 63
    63 63 62 61 62 62 62 61 62 63 63 62 62 62 62 62 62 63 63 62 63 62 61
    61 61 60 61 62 63 64 63 63 63 63 61 62 62 61 61 62 62 61 61 60 60 60
    59 58 58 59 58 58 58 58 59 59 57 56 56 57 58 58 57 58 59 59 59 60 61
    61 62 61 61 63 64 65 64 64 64 65 63 64 65 64 64 64 63 63 62 63 62 62
    62 62 63 63 63 64 63 63 64 64 62 63 65 66 66 65 65 65 66 64 63 64 64
    65 64 64 62 64 64 63 63 62 62 62 64 63 63 64 63 63 64 63 64 63 63 64
    64 64 64 64 63 62 61 61 62 62 61 61 61 61 62 61 61 62 61 61 61 62 62
    64 64 63 66 65 65 64 64 64 64 65 64 64 63 64 63 63 63 63 64 63 62 62
    63 63 63 62 63 62 62 62 63 64 64 70 70 73 71 69 70 69 70 69 68 68 67
    66 65 65 64 64 63 63 60 61 60 60 60 59 59 60 60 61 62 62 61 62 62 62
    62 64 65 66 66 66 67 66 66 64 63 64 66 66 66 67 67 66 64 64 64 64 64
    63 63 63 63 63 61 60 61 61 61 61 62 63 63 62 62 62 62 62 63 64 64 63
    64 63 62 62 63 62 63 63 63 64 64 64 64 64 62 62 62 62 62 62 62 60 61
    59 59 59 58 57 57 57 57 57 56 56 57 57 56 55 55 55 57 57 55 56 57 57
    57 58 59 60 61 60 59 61 62 62 62 62 62 63 61 62 63 63 63 63 63 62 62
    63 62 63 63 63 64 64 64 65 64 64 65 65 63 64 65 66 66 66 65 65 65 64
    63 64 64 65 64 64 62 65 64 64 64 63 63 63 65 64 64 65 64 64 64 64 64
    64 64 64 64 64 65 65 64 63 62 63 64 63 63 62 63 63 64 63 63 62 61 61
    61 62 62 63 63 62 64 64 63 62 62 63 63 63 63 63 62 62 62 62 62 63 64
    62 61 61 62 63 62 62 62 61 61 61 62 63 63 70 70 73 70 70 70 70 70 70
    68 68 68 67 66 66 64 64 64 64 61 61 60 60 60 59 59 59 60 61 61 61 60
    61 62 62 61 64 65 65 65 66 67 65 66 64 63 64 65 66 66 67 67 66 64 64
    65 65 65 64 64 63 63 64 62 61 62 62 61 61 62 62 63 62 61 61 61 62 62
    63 63 62 63 62 62 62 62 61 62 62 63 64 64 63 63 63 61 61 62 61 61 62
    61 60 61 59 59 59 58 57 57 57 57 57 56 56 57 57 56 55 55 55 57 57 56
    57 58 57 58 59 60 60 61 61 61 62 63 63 62 62 62 62 61 63 64 64 64 64
    64 63 62 63 62 63 64 63 65 65 65 66 64 64 65 65 63 63 64 66 66 65 65
    64 65 63 62 63 63 63 63 63 61 64 63 63 63 63 63 62 64 64 64 65 64 64
    64 63 63 63 63 63 63 63 63 64 63 62 61 61 63 63 62 62 63 63 64 64 64
    64 63 63 62 63 63 64 64 62 65 65 64 63 62 62 62 62 62 62 61 62 62 62
    62 63 64 62 61 61 63 63 63 62 62 62 62 62 62 63 62 69 69 71 69 69 70
    70 70 70 68 68 68 67 66 66 64 64 63 63 61 60 59 59 58 58 58 58 59 60
    61 60 60 61 62 62 61 63 64 64 65 65 66 64 65 63 61 62 64 64 64 64 65
    64 63 62 63 63 64 62 63 62 62 63 61 60 62 62 61 61 62 63 64 63 63 63
    63 63 63 64 64 63 64 63 62 62 63 62 63 62 63 64 63 63 63 62 61 61 62
    60 61 61 61 59 60 58 57 58 57 56 57 57 57 57 56 56 57 57 56 55 55 55
    57 57 56 57 58 57 57 58 59 60 61 60 61 63 63 63 63 63 63 63 62 64 65
    65 65 65 64 63 63 63 62 63 64 63 64 64 65 66 64 64 65 65 63 64 65 67
    67 66 65 65 65 64 62 63 62 63 62 62 61 63 63 63 62 62 62 61 63 63 63
    64 63 64 64 64 64 63 63 63 63 63 63 64 64 63 62 63 64 64 63 63 64 65
    66 65 65 66 64 64 64 65 64 64 64 63 66 65 65 63 61 62 62 62 61 61 60
    61 61 62 62 64 65 62 62 62 64 64 64 64 64 64 64 64 65 66 65 67 67 70
    68 68 69 69 69 68 67 67 66 65 65 64 63 63 62 63 60 59 59 58 57 56 57
    58 58 60 61 60 60 61 62 62 60 62 63 63 64 64 65 63 64 62 61 62 63 64
    63 64 64 64 62 63 63 63 64 63 64 63 63 64 62 61 63 63 63 63 64 65 65
    64 64 64 64 64 64 65 65 65 65 64 63 63 64 63 64 64 64 65 64 64 64 63
    62 62 62 62 62 62 62 60 60 59 58 58 57 56 57 57 56 56 56 56 57 57 56
    55 55 55 56 57 56 57 58 57 57 58 60 61 61 61 61 63 63 63 63 63 63 63
    61 63 64 64 64 64 63 62 61 62 61 62 63 63 64 65 65 66 65 65 66 65 63
    64 65 67 67 66 66 65 65 63 62 63 62 63 62 62 62 64 63 64 63 62 62 61
    64 64 63 65 64 65 65 65 64 64 64 64 64 64 64 65 64 64 63 63 65 64 64
    63 64 65 66 65 65 65 64 64 64 65 64 65 65 63 66 66 65 63 62 63 62 63
    62 62 61 62 62 63 63 65 66 64 64 63 65 66 66 66 66 66 66 66 67 68 67
    67 68 70 69 68 69 69 69 69 67 67 67 65 65 65 64 64 63 63 61 60 59 59
    58 58 58 59 59 60 61 60 60 61 62 62 60 62 63 63 64 64 65 63 64 62 61
    62 64 64 64 64 65 64 62 62 63 63 64 63 64 63 63 64 62 62 63 64 64 63
    64 65 65 64 65 64 64 64 64 65 65 64 64 63 63 62 63 63 64 63 64 64 64
    64 63 62 61 61 62 62 62 62 62 60 60 59 58 59 57 56 57 57 57 57 56 56
    57 57 55 55 55 55 57 57 57 58 58 57 57 58 60 61 61 61 61 63 63 63 63
    62 63 63 61 63 64 64 65 64 64 63 62 63 62 63 64 63 65 65 65 66 65 65
    66 65 63 64 66 68 68 66 67 66 67 65 64 64 64 65 64 65 64 66 65 65 64
    63 63 62 65 64 64 65 64 65 66 66 65 64 64 65 64 64 65 65 65 64 64 64
    66 66 65 64 64 65 66 65 65 66 64 65 64 65 64 64 64 63 65 65 64 62 61
    62 62 63 61 61 61 62 62 62 63 64 65 63 63 63 65 66 66 65 65 65 66 65
    66 67 67 67 68 71 69 68 69 69 69 69 67 67 66 65 65 65 63 63 63 63 60
    59 59 58 57 57 58 59 59 61 61 61 60 61 62 62 60 62 63 63 64 64 65 62
    63 61 60 61 63 63 63 63 64 63 62 62 63 63 64 63 64 63 63 64 62 62 63
    64 63 62 63 64 65 64 64 63 64 64 64 65 64 63 64 62 62 62 63 63 64 63
    64 64 64 63 63 62 60 60 62 61 62 62 62 60 60 58 57 58 57 55 56 57 57
    57 56 56 57 56 54 53 54 54 55 56 56 56 57 56 56 57 59 59 60 60 61 64
    64 64 64 64 65 64 62 64 66 66 66 66 66 64 63 64 64 65 65 65 66 66 66
    68 66 66 67 66 64 65 67 69 69 67 67 67 67 65 64 65 64 64 64 64 63 65
    64 64 63 62 63 62 64 64 64 65 64 65 66 66 65 64 64 65 65 65 65 65 65
    64 64 65 66 66 65 64 65 66 67 66 66 66 65 65 64 65 64 64 63 62 64 63
    63 61 60 60 61 61 61 60 60 61 61 62 62 65 65 63 64 63 65 65 65 64 64
    64 64 64 64 66 65 67 68 70 69 68 69 70 69 68 67 67 66 65 65 64 63 62
    62 62 59 58 58 58 57 57 58 58 59 60 61 60 59 61 62 62 60 62 63 63 64
    63 64 61 62 60 59 60 62 63 63 63 64 63 62 62 63 63 65 64 65 65 65 65
    63 63 64 64 63 62 63 64 65 64 64 63 63 63 62 63 63 62 63 61 61 62 62
    62 63 62 63 63 63 62 62 61 60 60 61 60 61 61 60 58 59 57 57 57 57 55
    56 56 56 56 56 56 56 55 54 53 54 54 55 56 56 56 58 57 57 58 59 60 61
    61 62 65 65 65 65 65 66 65 63 65 67 67 68 67 67 66 65 66 66 67 67 66
    67 67 67 69 67 66 67 67 65 66 67 69 69 67 67 67 67 66 64 66 65 66 65
    65 65 66 65 65 63 63 63 62 64 64 64 65 64 65 66 66 65 64 65 65 65 66
    66 67 66 65 65 65 67 66 65 64 65 65 66 65 66 65 64 64 63 64 63 63 63
    61 64 63 63 61 60 61 61 62 61 60 60 61 61 62 63 65 66 64 64 64 65 66
    65 65 64 64 64 64 65 67 66</data></my_img>
<your_img type_id="opencv-matrix">
  <rows>256</rows>
  <cols>256</cols>
  <dt>u</dt>
  <data>
    66 66 68 65 59 60 57 60 56 57 53 54 60 56 55 50 54 56 58 59 56 59 60
    62 64 61 64 67 65 63 60 60 55 57 56 56 59 61 61 61 63 61 61 59 58 56
    60 58 59 63 61 62 63 63 59 66 65 68 71 71 71 71 71 63 63 61 58 55 53
    57 64 62 62 59 57 58 57 54 47 53 56 60 65 65 66 65 68 65 61 58 52 53
    54 57 54 57 59 61 59 57 58 56 59 59 56 52 58 60 60 64 63 64 68 70 63
    61 59 57 57 56 55 62 66 71 73 77 80 80 76 72 77 71 71 67 64 64 65 63
    55 60 57 59 58 57 54 57 62 59 63 59 62 66 68 69 67 65 60 64 63 59 59
    57 60 61 61 57 60 63 61 64 64 65 67 69 67 62 67 62 60 59 59 60 57 60
    62 61 63 62 65 63 68 68 69 69 67 71 69 69 63 61 58 61 64 63 65 66 67
    67 66 66 65 65 60 58 60 61 63 66 64 60 63 66 65 68 69 68 71 78 78 78
    78 73 71 68 65 59 59 55 53 56 59 55 60 62 60 59 68 67 66 65 62 61 66
    68 63 60 66 66 68 65 59 60 57 60 56 57 53 54 60 56 55 50 54 56 58 59
    56 59 60 62 64 61 64 67 65 63 60 60 55 57 56 56 59 61 61 61 63 61 61
    59 58 56 60 58 59 63 61 62 63 63 59 66 65 68 71 71 71 71 71 63 63 61
    58 55 53 57 64 62 62 59 57 58 57 54 47 53 56 60 65 65 66 65 68 65 61
    58 52 53 54 57 54 57 59 61 59 57 58 56 59 59 56 52 58 60 60 64 63 64
    68 70 63 61 59 57 57 56 55 62 66 71 73 77 80 80 76 72 77 71 71 67 64
    64 65 63 55 60 57 59 58 57 54 57 62 59 63 59 62 66 68 69 67 65 60 64
    63 59 59 57 60 61 61 57 60 63 61 64 64 65 67 69 67 62 67 62 60 59 59
    60 57 60 62 61 63 62 65 63 68 68 69 69 67 71 69 69 63 61 58 61 64 63
    65 66 67 67 66 66 65 65 60 58 60 61 63 66 64 60 63 66 65 68 69 68 71
    78 78 78 78 73 71 68 65 59 59 55 53 56 59 55 60 62 60 59 68 67 66 65
    62 61 66 68 63 60 62 62 65 63 57 58 56 59 57 58 54 56 63 56 57 52 57
    58 59 59 57 60 59 61 61 60 64 66 63 60 59 59 56 57 54 55 58 61 62 64
    65 64 66 63 62 60 62 60 61 64 61 65 65 65 61 67 67 69 72 71 73 74 76
    68 66 65 62 60 57 59 64 62 62 60 60 59 59 57 53 57 58 60 64 64 63 63
    65 63 63 59 54 58 58 62 59 61 62 63 61 58 59 54 57 57 55 52 56 59 59
    64 65 66 68 70 64 60 61 59 56 55 55 61 64 70 71 75 76 78 74 69 74 71
    71 67 65 64 66 64 57 59 56 59 56 55 52 56 59 57 61 57 60 63 64 64 63
    62 58 63 62 59 59 58 61 60 60 55 59 62 59 63 63 66 67 69 66 62 66 62
    61 59 60 63 59 60 63 62 62 60 62 61 66 67 67 68 66 69 69 68 64 61 59
    60 65 65 65 65 66 66 65 64 62 61 57 56 58 61 63 66 64 62 63 64 63 65
    67 69 72 79 80 81 81 75 71 68 65 59 60 56 54 57 59 56 59 62 61 61 69
    68 70 69 66 64 68 69 65 61 65 65 68 66 59 61 59 61 60 59 55 57 63 59
    58 55 60 60 61 60 57 59 59 59 60 60 65 66 65 63 63 63 59 58 54 56 60
    63 62 63 65 65 67 64 62 60 62 62 63 65 63 65 66 66 63 67 65 66 69 68
    70 70 71 65 63 63 59 58 56 57 62 60 63 60 62 62 61 59 57 59 58 59 62
    63 61 61 62 62 65 62 57 59 61 63 60 62 62 63 63 61 62 58 59 59 57 54
    57 57 56 62 62 62 62 64 58 57 59 57 56 58 60 66 69 73 72 75 75 74 71
    66 70 66 66 63 62 61 61 60 55 57 55 58 56 54 53 56 57 55 58 55 59 61
    64 63 62 64 61 64 64 61 60 58 61 60 61 55 57 61 59 64 62 63 65 68 66
    62 67 64 63 64 64 65 63 64 65 64 65 61 62 61 66 66 66 66 63 67 68 66
    61 60 59 60 63 63 63 65 66 68 65 65 65 64 61 59 62 61 64 65 62 60 62
    64 64 68 69 73 77 84 84 83 81 76 71 70 65 60 62 60 59 60 62 59 62 64
    63 61 68 69 70 68 67 65 68 70 66 63 66 66 69 69 62 63 61 63 62 60 57
    59 66 64 63 61 64 64 66 64 61 62 62 61 61 62 64 66 64 64 63 65 62 60
    56 57 62 62 62 63 65 65 67 66 63 62 65 64 65 67 64 65 66 67 62 66 64
    64 68 66 67 67 68 64 62 63 60 59 58 60 63 62 62 59 60 60 58 56 55 57
    60 61 63 65 63 63 64 64 63 61 58 58 62 64 63 64 65 64 65 65 65 61 62
    60 59 58 61 61 59 63 63 62 60 62 57 55 58 56 56 58 62 65 70 73 70 73
    73 72 70 64 67 65 66 64 62 63 62 63 58 57 57 59 56 55 54 56 58 58 59
    56 60 63 65 66 65 66 65 66 65 62 61 58 60 59 59 56 58 62 60 65 66 66
    67 69 67 64 68 65 64 64 62 65 62 62 64 62 63 61 63 62 67 67 65 64 62
    65 66 64 58 59 59 59 60 60 61 61 62 63 60 62 62 63 59 59 63 63 66 66
    64 63 64 65 65 69 70 74 77 81 80 80 78 73 69 67 64 61 63 61 60 60 59
    57 60 61 61 59 66 67 70 68 67 67 68 70 67 65 60 60 62 64 58 59 56 57
    56 56 55 58 65 65 66 66 69 70 72 69 65 67 65 62 63 63 64 64 61 58 58
    60 57 56 53 54 57 59 59 61 64 63 66 66 64 62 67 66 66 67 65 66 67 68
    63 67 65 64 65 65 65 65 66 63 61 64 63 62 62 64 67 65 63 62 62 61 58
    54 54 56 58 58 59 62 63 65 67 67 67 65 62 61 64 63 61 62 62 60 61 62
    63 61 61 60 61 62 63 62 59 65 65 65 63 64 58 59 62 58 57 58 60 64 68
    69 67 70 70 70 69 64 68 67 66 64 65 64 63 64 58 57 57 59 57 58 55 55
    57 59 59 58 60 63 67 70 70 68 69 70 70 67 65 62 63 64 62 61 61 64 63
    67 68 68 69 69 67 65 69 67 65 62 62 64 61 59 60 59 61 60 61 61 64 66
    63 62 60 61 64 63 59 57 57 58 60 60 58 57 57 59 59 60 57 58 55 56 58
    59 62 62 62 63 63 67 67 70 69 75 76 79 79 77 76 73 70 67 63 59 60 59
    57 58 57 57 60 62 63 61 68 68 70 68 67 66 69 70 66 64 62 62 62 66 61
    61 57 58 57 58 58 60 66 66 67 69 70 71 74 70 66 69 66 62 63 62 61 62
    59 57 58 61 59 58 54 54 56 57 57 60 63 63 67 69 67 65 68 67 65 67 65
    65 67 69 64 68 67 64 66 65 65 63 62 60 59 62 63 60 60 63 67 65 61 60
    58 57 55 53 53 55 59 60 62 66 66 68 69 71 71 69 67 66 70 68 66 65 65
    63 65 65 65 63 64 64 64 65 65 64 62 67 66 65 62 64 59 60 63 58 57 60
    61 64 68 67 63 67 69 67 69 65 67 67 67 66 65 64 61 61 59 57 56 59 58
    59 58 59 59 62 61 60 60 64 66 71 72 70 72 72 73 70 69 66 63 65 62 61
    61 62 62 65 69 68 69 68 66 64 67 66 63 60 60 62 60 57 58 54 55 55 55
    55 59 63 60 60 60 62 66 64 59 58 58 58 58 58 55 55 55 55 56 59 55 56
    54 54 57 59 60 59 61 62 62 66 67 69 69 74 75 77 78 76 73 70 69 66 64
    62 62 62 61 62 59 60 63 63 64 64 68 68 73 71 68 70 72 74 70 69 62 62
    63 66 62 62 59 59 58 61 60 62 66 68 69 72 73 73 75 73 70 71 69 65 66
    66 65 65 63 61 61 63 61 60 56 55 58 59 59 59 63 63 65 69 67 65 69 69
    67 69 69 67 69 69 65 68 69 63 65 65 64 63 62 60 60 63 64 61 62 64 66
    65 62 62 60 60 58 56 59 59 62 63 65 69 69 73 73 74 76 73 71 70 72 69
    66 64 63 62 65 64 64 64 65 66 65 67 65 63 59 64 63 62 60 61 57 62 67
    60 60 65 66 67 72 68 64 69 68 64 65 63 65 65 65 63 62 62 59 59 56 54
    54 58 60 60 60 61 61 63 63 60 60 62 65 69 71 70 72 72 74 72 71 66 63
    65 62 61 60 61 62 66 68 66 69 68 66 66 68 68 68 67 66 68 67 62 61 59
    60 60 57 56 61 64 62 61 60 60 66 63 57 57 58 56 56 56 53 54 56 57 58
    63 59 60 59 59 62 61 62 59 63 63 63 68 70 71 71 75 74 76 76 73 71 70
    69 68 65 65 65 64 64 63 60 62 65 65 65 65 67 67 71 69 68 67 69 69 67
    68 58 58 58 62 59 61 57 59 58 62 62 65 70 72 75 79 80 77 79 75 73 72
    70 65 64 67 67 67 63 62 62 64 62 59 53 51 56 58 60 62 66 68 71 76 74
    71 72 70 68 68 69 66 68 70 68 70 69 63 63 64 65 63 62 62 62 67 68 65
    65 64 65 63 61 61 59 60 58 59 63 63 63 63 65 68 68 70 68 71 76 73 70
    69 73 71 71 69 66 63 69 67 66 64 65 65 66 71 68 66 62 68 67 67 64 64
    61 64 68 62 61 63 64 65 68 65 62 66 64 63 63 61 62 64 64 62 63 62 61
    60 60 57 57 61 62 62 63 65 64 66 66 63 64 65 66 70 71 71 72 73 75 76
    74 69 65 65 63 63 63 62 64 68 72 72 74 72 69 68 69 69 68 66 66 68 67
    63 62 59 60 59 56 57 59 61 59 58 59 60 65 61 59 59 60 59 59 57 53 53
    56 58 59 61 55 57 58 57 59 56 58 57 60 63 61 66 67 70 70 74 75 74 75
    73 73 71 69 67 64 63 63 62 60 60 58 60 63 65 64 64 67 67 72 69 68 66
    68 67 64 64 59 59 56 59 59 62 60 60 58 60 62 65 69 71 73 77 80 76 77
    75 73 72 70 66 64 67 67 67 63 62 63 66 64 62 58 55 58 60 61 61 63 64
    66 71 71 68 69 69 68 67 67 68 68 69 67 69 70 67 66 64 64 61 60 61 58
    62 63 61 62 61 62 59 57 60 58 59 56 58 63 64 63 62 61 63 63 66 65 68
    74 72 70 71 74 73 71 68 63 61 68 66 66 64 65 67 71 72 70 69 66 69 69
    68 64 67 64 66 72 69 67 68 68 67 68 65 61 64 62 62 64 62 64 65 65 63
    63 62 60 59 60 56 56 60 61 62 63 64 61 64 63 61 62 62 62 66 69 67 69
    70 72 74 72 69 66 68 68 68 67 68 70 74 77 77 78 75 72 69 69 69 67 64
    62 64 64 62 62 61 62 64 64 64 65 67 63 61 61 60 63 60 60 58 61 59 59
    57 53 53 54 58 57 60 55 57 57 56 58 55 57 57 62 65 66 72 73 76 77 79
    79 77 77 73 73 70 68 67 64 63 64 64 61 61 59 62 63 63 61 62 65 64 69
    66 68 68 69 68 66 68 59 59 56 60 60 62 60 61 59 62 64 66 69 71 74 79
    80 77 79 77 75 73 73 67 67 69 68 68 65 65 65 66 61 61 57 54 56 58 57
    58 61 62 64 70 69 65 68 67 69 67 68 66 67 68 67 68 68 64 63 62 60 59
    57 58 58 62 63 61 64 62 64 59 57 60 56 59 55 58 61 62 61 60 60 62 63
    65 65 69 74 72 69 69 71 69 68 64 61 59 67 65 66 64 66 68 70 73 70 70
    67 68 66 66 64 66 64 67 72 70 71 70 70 69 69 66 62 64 61 61 63 61 63
    62 63 61 61 60 59 59 60 59 59 63 66 67 67 67 64 66 65 63 64 64 66 69
    71 69 70 70 72 73 72 68 65 67 70 73 72 71 72 77 81 81 80 76 73 69 68
    68 65 63 60 60 60 61 62 60 63 64 66 65 65 65 61 60 59 58 61 60 60 61
    63 62 62 60 56 56 58 61 60 62 55 58 59 57 58 54 55 56 63 66 67 73 72
    73 74 73 73 70 69 66 69 69 69 69 66 66 65 63 60 58 56 60 60 60 59 60
    63 63 67 64 66 67 68 68 67 69 59 59 55 57 58 61 59 59 58 62 65 67 70
    71 73 78 79 76 78 77 76 75 75 70 69 69 67 67 64 63 62 63 60 61 60 55
    56 57 57 58 62 62 64 69 68 65 67 67 65 63 65 65 68 68 68 70 71 67 66
    66 63 64 62 62 63 66 67 62 64 60 61 58 54 58 54 58 55 59 61 63 63 64
    63 62 64 65 65 67 70 68 65 66 69 68 67 64 62 61 66 65 64 62 66 69 71
    73 72 72 70 72 70 70 69 71 70 71 76 75 73 70 68 66 64 62 59 60 57 58
    61 60 63 64 65 62 63 62 61 61 61 60 60 64 66 69 68 68 66 68 66 65 65
    65 65 70 70 68 69 68 69 70 69 66 62 63 66 69 70 68 71 73 78 79 79 74
    71 69 66 67 64 61 60 62 61 61 63 61 64 67 66 65 65 64 60 59 59 57 59
    58 59 61 63 61 63 62 58 58 60 63 63 65 56 57 59 56 56 52 54 57 64 66
    67 73 72 71 70 66 64 61 60 58 61 63 64 65 66 66 65 61 57 56 56 59 58
    59 57 59 61 60 62 61 61 62 65 66 64 66 59 59 55 57 60 62 62 61 59 63
    65 66 67 67 69 74 76 73 75 76 74 72 71 68 67 67 65 64 62 62 61 60 56
    58 58 53 55 58 56 59 62 64 64 70 69 64 65 63 63 59 60 61 62 63 65 67
    68 66 66 65 64 65 64 64 64 65 68 64 64 60 61 57 55 59 53 57 56 62 65
    67 65 65 68 66 68 69 67 68 74 70 66 67 69 67 66 64 59 60 66 62 61 60
    62 65 69 70 68 70 69 72 70 71 72 71 73 73 77 75 73 70 67 68 64 62 60
    60 58 60 62 61 63 64 63 61 60 58 57 55 56 58 58 61 66 69 68 69 66 67
    67 66 64 64 63 67 68 66 64 66 68 68 69 66 64 64 67 67 68 66 70 71 73
    76 77 73 69 66 62 63 62 59 58 60 58 60 62 59 61 63 61 60 60 61 59 60
    59 58 61 60 63 63 63 63 65 63 60 61 62 65 65 65 58 59 60 57 56 52 52
    55 61 62 63 68 68 67 66 62 62 61 61 60 63 66 66 67 67 67 66 64 61 61
    62 65 62 62 59 59 60 58 61 59 60 60 63 64 61 63 62 62 58 59 61 63 65
    64 60 64 64 64 65 65 66 70 74 71 74 75 74 71 71 69 69 69 66 67 66 67
    66 64 60 62 61 55 57 60 58 60 61 61 63 68 66 62 61 58 59 58 57 58 59
    58 61 66 68 66 67 67 67 69 68 65 65 64 66 62 60 55 58 55 55 59 53 58
    59 64 66 70 66 66 70 69 68 68 68 68 75 72 70 72 73 74 71 67 64 64 69
    63 62 59 62 67 68 69 66 69 68 70 69 69 69 70 72 70 74 74 72 70 67 67
    64 65 62 62 60 60 62 62 62 61 60 58 56 56 55 53 54 57 58 61 66 67 67
    68 67 66 66 65 64 64 61 64 64 65 64 65 66 66 66 65 64 62 64 63 66 65
    70 70 72 75 76 72 66 65 61 60 58 57 57 59 58 60 61 60 62 64 63 62 63
    63 62 63 62 61 62 63 67 69 69 70 72 69 67 67 66 66 67 64 58 59 58 57
    56 53 52 55 61 62 65 67 67 68 68 65 63 63 61 62 63 64 64 65 66 67 67
    66 64 63 64 68 67 67 64 64 65 64 65 62 60 58 60 59 56 57 64 64 60 59
    62 65 68 65 60 62 61 62 63 62 63 68 73 71 75 75 73 69 70 69 68 70 68
    70 69 70 69 66 61 63 61 56 59 61 59 61 61 58 61 66 64 60 60 58 61 60
    58 58 58 58 62 66 66 67 68 69 69 72 72 70 68 68 68 66 64 59 59 55 56
    61 56 59 59 64 65 71 68 66 68 67 67 67 68 65 69 67 66 67 68 69 67 65
    61 61 64 61 60 58 60 63 66 69 68 69 67 67 66 67 67 65 67 65 70 70 71
    67 67 68 65 68 66 65 61 63 62 60 61 58 56 54 53 53 54 54 54 57 60 62
    68 68 67 67 66 66 66 65 63 64 61 63 61 62 60 61 62 64 63 62 63 60 62
    61 66 64 70 70 70 74 74 73 67 65 61 60 60 60 61 62 60 61 64 63 65 67
    68 68 66 66 65 66 62 61 61 61 67 69 70 70 73 71 69 69 67 67 66 64 59
    59 58 59 60 54 56 59 63 63 67 67 67 69 68 65 64 62 59 60 62 64 64 63
    65 66 68 67 63 62 64 68 65 65 61 61 61 61 61 58 58 57 58 57 55 56 62
    62 59 57 61 64 70 67 63 64 63 64 66 65 64 67 71 69 74 72 69 65 66 64
    65 65 61 65 65 66 67 65 61 64 63 57 60 62 58 62 62 59 63 68 65 61 61
    56 60 58 56 56 57 58 61 65 64 66 67 68 69 71 71 70 68 68 68 64 62 58
    57 53 53 57 53 57 58 61 60 66 65 63 65 62 63 62 63 62 66 64 65 66 69
    70 69 67 63 65 67 63 60 58 59 62 65 68 66 68 67 67 66 67 67 65 68 65
    69 71 72 68 68 70 65 68 66 64 61 63 62 59 62 59 57 55 55 54 55 54 54
    58 62 64 69 69 68 70 70 69 66 65 63 65 62 63 61 63 63 64 63 63 63 63
    65 61 64 63 67 66 69 70 69 73 71 68 65 63 59 57 55 55 57 58 56 58 62
    62 66 66 68 70 68 66 65 65 61 61 60 61 68 71 72 73 76 75 73 72 69 68
    67 64 61 61 59 60 58 55 56 59 61 60 66 67 67 69 67 67 67 66 62 61 63
    64 65 63 64 64 66 67 63 62 65 70 67 66 62 60 62 63 62 58 58 57 59 58
    57 56 63 63 61 59 62 64 70 68 64 64 63 64 65 64 62 64 67 67 72 71 68
    66 66 65 66 64 60 62 64 63 66 63 61 64 64 58 61 63 57 60 60 58 62 65
    61 59 60 56 60 59 55 57 57 57 60 64 62 63 68 68 68 72 73 72 72 71 68
    65 64 60 57 54 54 56 52 55 58 60 60 65 64 63 66 62 62 62 63 61 63 62
    63 65 66 68 67 65 63 65 65 61 59 57 58 61 63 62 60 63 62 61 61 62 62
    62 64 62 66 69 69 66 66 69 66 67 64 63 61 63 62 59 62 61 59 55 55 54
    55 54 53 56 59 62 67 67 66 67 67 65 63 63 60 63 61 62 60 63 64 64 64
    63 64 64 66 63 65 65 69 66 67 68 66 70 66 64 62 62 58 57 57 56 59 59
    58 58 63 63 67 68 69 70 67 68 66 67 61 60 61 64 70 75 75 76 78 79 77
    75 70 67 67 65 62 63 60 62 63 59 59 60 63 62 68 67 65 66 64 64 64 64
    61 61 61 64 64 62 64 64 66 66 66 64 67 72 69 66 62 62 63 64 63 60 61
    62 64 64 64 63 61 61 60 60 62 64 70 69 65 67 64 64 63 62 59 61 63 62
    68 66 64 63 62 61 62 61 56 58 61 58 61 56 57 58 58 53 56 58 54 60 60
    60 62 66 63 61 61 58 61 60 57 58 58 58 60 62 59 61 65 67 67 73 75 73
    74 73 71 67 66 63 59 58 57 58 55 59 62 63 63 66 65 64 67 64 64 64 66
    65 65 64 65 66 67 67 66 64 63 66 65 61 59 57 58 60 59 60 57 59 58 60
    58 60 61 59 63 60 63 63 64 63 63 65 61 63 63 61 60 61 60 57 61 59 56
    53 53 52 54 53 53 56 58 62 66 66 66 67 68 67 67 67 64 67 65 65 61 65
    64 64 64 62 63 63 66 61 63 62 65 63 64 64 63 66 63 63 60 60 59 60 59
    59 62 62 62 62 65 62 67 67 65 64 63 63 63 66 61 62 64 68 73 78 78 78
    79 77 75 71 67 64 63 59 59 62 61 65 65 61 61 63 65 63 68 66 65 65 63
    65 65 66 62 62 62 66 67 64 64 66 69 68 68 67 69 72 70 67 64 62 63 63
    61 59 60 60 62 63 64 63 63 63 62 61 64 65 73 73 66 66 62 64 62 62 58
    57 61 61 66 65 63 62 61 63 64 63 59 61 63 58 60 57 57 59 60 53 57 60
    57 62 64 63 65 70 68 67 65 62 63 60 57 57 55 55 57 60 58 60 63 65 67
    71 73 70 71 70 68 64 62 61 57 58 56 57 54 59 61 60 62 64 65 65 69 66
    66 66 67 64 64 62 63 65 66 66 66 64 63 65 65 62 58 57 56 59 60 61 58
    59 57 59 59 60 59 58 61 58 62 62 63 61 61 62 59 61 62 60 61 62 60 59
    62 61 57 55 55 54 56 52 51 53 55 58 60 61 64 68 70 71 70 70 68 70 68
    66 63 65 65 66 66 64 64 65 69 63 63 60 62 62 63 61 61 64 63 64 62 63
    61 63 61 62 64 66 65 62 63 61 65 65 63 62 61 63 62 64 60 60 61 65 69
    73 74 74 74 74 72 69 66 63 63 62 61 63 62 65 65 62 63 63 65 63 68 67
    68 70 67 71 69 72 68 65 63 65 64 59 60 61 64 65 65 66 69 72 71 68 64
    62 64 64 60 60 58 58 60 61 60 58 61 61 61 63 67 68 76 77 69 69 64 64
    62 61 58 58 60 61 64 63 62 61 60 60 64 62 60 62 64 61 62 58 57 58 58
    53 56 60 58 64 66 65 67 72 72 70 69 63 65 64 62 59 55 55 56 59 55 57
    59 61 64 69 69 68 68 69 69 66 64 63 59 61 61 59 55 57 61 59 61 62 63
    64 68 65 65 67 69 67 67 67 67 69 68 69 66 65 62 64 63 59 58 58 56 56
    59 61 56 59 56 55 57 58 58 55 60 57 60 61 61 60 59 59 57 60 62 62 63
    64 62 62 65 63 59 56 55 53 55 52 51 52 54 57 59 60 63 67 68 70 70 68
    67 70 68 66 63 66 65 67 69 68 67 68 70 65 65 62 63 61 63 64 63 63 62
    63 61 62 61 61 60 63 65 66 66 62 63 61 66 63 63 61 61 64 64 66 61 64
    63 68 70 73 73 72 72 70 71 68 66 62 62 60 61 63 60 64 63 63 62 63 65
    62 68 66 66 68 69 72 73 75 73 70 68 67 66 60 58 59 61 64 65 66 69 71
    72 70 65 64 66 67 65 64 63 61 62 61 59 56 61 61 61 63 64 64 69 70 65
    63 61 62 61 60 56 58 58 60 63 62 61 62 61 62 67 65 62 65 67 65 65 62
    60 62 61 56 58 60 61 64 67 66 66 70 70 70 69 65 67 66 65 63 59 58 57
    59 54 55 58 62 65 67 68 66 67 67 65 62 59 60 58 61 59 57 55 56 58 55
    57 58 59 59 62 59 61 63 66 64 63 65 67 69 68 67 64 61 60 61 60 58 58
    59 59 62 65 64 61 63 60 58 59 58 57 58 60 57 60 61 60 60 59 58 56 59
    63 62 63 64 62 63 66 64 59 58 58 57 59 56 54 54 56 59 59 60 64 68 70
    72 70 69 69 72 71 68 66 68 68 70 73 72 69 70 72 67 68 67 64 61 63 63
    62 64 60 61 60 64 63 64 62 66 69 70 70 64 63 61 67 64 65 62 62 64 64
    66 62 61 62 66 66 69 70 70 70 72 71 69 68 66 67 65 64 65 63 68 67 67
    66 66 68 65 69 67 68 70 69 72 73 75 72 68 67 66 64 61 59 59 61 63 64
    65 67 70 71 70 66 65 66 67 65 64 63 62 65 64 64 62 58 58 59 63 65 65
    69 72 68 67 63 64 62 60 58 60 60 63 66 64 62 62 60 59 61 59 58 60 63
    61 62 62 62 62 62 58 60 61 62 65 67 68 68 72 72 73 72 68 69 68 68 65
    61 61 59 60 55 54 54 57 59 60 61 60 62 63 62 62 61 62 59 64 61 57 56
    56 57 53 56 55 58 60 61 57 60 64 65 64 61 60 63 66 63 62 59 57 57 58
    57 55 54 56 56 57 62 61 60 63 61 60 60 61 59 59 62 60 61 62 61 62 61
    62 58 58 61 61 62 62 60 60 65 65 61 60 62 61 62 59 55 55 56 59 58 60
    65 70 72 75 75 74 75 76 75 72 69 68 66 68 70 70 69 68 70 67 70 69 66
    62 63 62 62 63 59 59 60 63 60 63 62 66 69 70 70 66 65 62 66 63 63 60
    59 60 62 65 59 58 58 61 59 63 63 62 63 66 67 68 69 68 69 69 70 70 69
    71 71 70 69 68 70 66 67 67 66 66 65 67 68 71 71 66 66 66 65 65 61 61
    63 64 64 67 68 69 69 68 64 63 64 64 62 62 63 64 68 70 71 69 58 58 60
    64 65 63 66 68 67 65 61 61 60 60 58 60 58 60 63 62 61 61 60 58 61 58
    57 59 63 61 62 63 63 63 63 59 60 61 62 64 68 71 70 73 74 73 73 69 69
    68 68 66 61 61 59 57 52 53 52 53 55 55 56 56 59 60 59 59 59 63 61 66
    62 58 58 59 59 55 57 55 58 60 62 59 62 65 67 67 64 63 66 69 66 64 61
    59 59 62 61 56 57 59 59 59 63 60 58 62 61 59 60 61 59 61 64 61 62 62
    61 62 59 58 54 52 57 56 57 56 57 59 65 66 63 62 65 66 65 59 54 54 55
    56 54 56 62 68 70 73 73 72 74 75 74 72 69 69 67 69 70 70 71 69 72 68
    70 70 67 64 62 62 62 63 58 57 57 61 59 61 60 63 66 69 71 66 64 63 67
    65 64 60 60 60 63 65 60 59 59 61 58 60 61 60 61 65 66 67 69 67 68 67
    67 68 68 69 67 68 68 68 70 67 67 66 67 67 66 67 69 72 72 68 66 65 66
    67 62 62 61 64 66 69 69 68 70 69 67 66 67 66 64 65 63 63 65 68 69 68
    61 61 64 68 67 64 65 66 65 63 60 59 59 58 56 59 57 60 61 62 60 60 60
    59 61 60 61 61 65 64 64 65 65 63 64 63 62 63 64 63 68 72 71 74 75 74
    73 72 72 70 70 68 63 64 62 60 55 56 54 53 55 55 56 56 58 58 59 61 61
    64 63 67 65 60 60 59 60 55 56 56 58 62 63 60 62 65 67 65 62 62 64 66
    64 63 58 58 59 59 59 57 59 61 62 62 66 64 63 67 66 62 63 63 59 59 62
    58 56 58 57 57 55 54 51 51 56 56 58 56 59 61 65 66 63 63 65 66 65 61
    57 55 55 54 53 57 61 66 66 72 72 72 75 73 73 72 71 70 68 71 72 71 69
    68 69 65 67 67 64 62 63 64 64 66 62 61 61 64 61 61 61 63 67 69 71 66
    64 62 63 63 60 55 56 57 60 63 60 58 58 60 55 56 56 55 54 57 61 64 67
    67 69 68 70 70 69 69 67 68 65 65 66 64 64 63 64 64 64 63 65 69 69 66
    63 62 63 64 62 61 61 64 68 71 70 68 70 69 67 66 66 64 64 65 63 64 68
    71 72 70 66 66 68 71 70 67 67 66 66 63 59 58 58 57 55 59 58 61 63 64
    62 62 62 62 62 62 63 63 65 67 66 66 65 63 64 64 62 61 62 62 66 68 66
    68 72 71 72 70 70 70 70 68 64 64 60 61 58 56 54 51 54 54 55 54 55 56
    57 60 60 63 63 67 64 60 61 61 59 54 55 55 58 62 61 58 60 64 67 66 65
    65 68 69 67 64 59 58 58 58 58 58 59 62 63 62 66 65 64 66 66 63 62 62
    57 58 60 57 56 58 58 59 58 57 54 52 57 57 59 56 61 61 66 67 65 67 68
    70 68 65 60 59 60 57 53 57 60 65 67 74 73 75 79 76 75 72 71 69 65 67
    68 68 67 66 68 64 66 64 63 63 64 63 64 64 62 63 61 64 62 62 63 66 70
    71 72 67 64 62 62 62 58 54 56 57 62 64 61 58 58 58 52 50 49 49 48 51
    55 60 65 66 67 68 71 72 70 68 67 69 68 66 65 63 64 62 63 62 63 64 64
    68 69 66 64 63 65 66 65 65 64 66 68 72 70 68 70 69 68 68 68 66 65 65
    61 62 64 66 66 63 66 66 68 72 71 68 68 68 68 64 61 60 61 60 58 60 60
    65 67 67 63 65 65 67 67 64 66 66 69 69 67 67 66 66 65 64 64 63 65 62
    66 67 66 69 71 70 70 70 71 71 71 69 65 65 62 63 59 59 56 53 53 54 54
    52 53 54 56 59 59 61 62 65 62 58 59 57 57 53 54 54 59 62 61 58 59 63
    64 64 62 64 66 67 67 64 60 60 60 60 60 63 64 67 67 68 71 70 68 69 67
    64 64 62 58 57 58 58 58 61 61 61 60 60 57 55 58 58 58 56 61 64 69 71
    69 70 73 75 73 71 65 62 65 62 58 61 63 67 70 75 74 76 79 76 73 71 70
    68 65 67 69 70 70 68 69 66 67 65 63 61 63 63 62 61 59 58 57 62 58 58
    61 65 69 72 71 67 63 62 61 60 57 54 55 55 60 62 60 58 57 57 52 50 49
    50 50 52 57 62 68 71 73 75 76 75 72 68 66 69 66 62 62 62 62 60 61 60
    63 62 62 66 69 67 64 63 63 65 65 62 60 63 67 70 70 69 71 72 72 73 72
    70 70 70 65 66 67 70 69 66 66 66 69 72 71 70 69 69 70 68 64 63 64 60
    58 61 61 63 65 66 63 65 66 66 65 63 65 64 67 68 67 68 66 67 65 65 63
    63 66 61 63 63 63 65 66 65 65 66 70 71 73 73 72 70 67 68 63 63 61 56
    56 57 56 56 55 55 55 60 59 59 61 63 62 58 58 55 56 52 53 54 57 60 60
    59 59 64 66 65 63 66 68 69 68 66 61 62 62 61 61 62 63 67 70 68 71 68
    65 67 66 63 63 63 58 60 62 60 60 61 59 60 60 59 56 54 56 57 59 55 60
    63 66 70 69 70 72 75 72 71 67 64 65 62 59 60 61 62 63 67 69 70 73 71
    71 70 71 71 66 67 67 70 68 66 68 66 68 65 65 62 64 64 62 61 58 58 57
    62 59 58 62 64 69 71 71 69 65 66 64 65 60 59 59 59 66 66 64 62 63 63
    58 56 54 56 55 57 61 64 69 70 73 72 75 75 72 69 68 71 66 63 63 63 63
    59 60 57 60 59 62 63 65 66 65 65 65 69 67 66 63 66 70 72 72 70 72 71
    73 74 71 69 71 70 67 69 70 72 72 71 68 68 71 72 72 69 67 68 68 66 61
    60 60 58 57 58 60 61 66 66 64 66 67 68 65 64 64 66 67 69 70 69 68 69
    66 64 62 61 62 57 57 56 58 62 64 63 62 67 72 74 73 73 71 70 68 68 63
    64 63 59 59 59 57 57 58 55 54 58 58 62 64 63 60 58 58 56 56 51 50 53
    58 61 59 58 60 64 66 65 61 65 67 68 67 65 61 63 65 64 67 68 67 70 73
    71 72 68 64 65 65 62 60 61 57 58 59 58 57 60 61 62 64 66 64 61 62 63
    63 58 61 64 66 70 71 71 72 77 74 72 69 67 66 63 60 58 60 61 64 64 68
    69 72 70 68 69 68 68 64 65 64 66 66 64 68 67 69 66 66 63 63 61 59 59
    57 59 59 64 64 64 68 68 73 74 74 72 69 68 64 68 61 60 60 59 66 67 64
    61 64 64 60 58 56 59 59 60 63 65 70 71 75 74 77 77 73 70 69 72 67 64
    63 65 65 62 61 58 62 61 62 63 65 67 65 68 67 70 69 68 65 69 73 74 73
    70 73 72 73 73 71 69 71 70 67 69 71 73 73 72 73 73 73 74 75 73 74 73
    72 70 64 63 62 58 56 56 59 59 63 62 61 64 64 65 59 60 63 64 65 65 67
    68 69 70 65 65 63 64 63 58 57 56 59 63 64 61 61 64 69 71 71 70 70 70
    69 69 64 64 62 57 55 56 55 56 58 54 55 59 60 63 66 63 59 59 60 60 60
    55 53 56 63 65 63 61 61 64 67 66 62 65 67 67 67 67 62 64 66 66 68 68
    69 72 76 72 71 67 62 62 60 58 54 55 53 53 56 57 57 58 61 64 66 67 64
    61 63 65 64 59 62 65 68 71 70 70 71 77 75 71 70 69 70 66 62 59 58 60
    62 62 65 67 71 68 66 67 64 65 59 61 60 64 65 64 69 68 69 66 66 65 63
    61 58 57 57 58 57 60 62 61 65 64 68 70 71 71 69 70 68 70 63 64 62 60
    67 67 63 63 64 65 61 61 59 61 61 59 63 64 69 68 71 70 74 74 71 66 65
    68 63 61 59 63 64 61 62 59 62 63 63 63 64 67 65 68 68 70 70 69 69 70
    73 74 73 70 72 72 73 74 73 71 73 73 70 73 72 75 74 73 70 70 71 71 72
    72 74 73 70 67 62 60 61 57 56 56 61 59 62 63 63 67 66 67 61 63 66 66
    65 63 65 66 66 67 64 62 61 64 62 57 56 55 56 60 61 56 56 60 67 67 68
    68 68 68 68 68 63 64 62 57 56 59 57 59 61 58 59 62 63 64 67 62 58 58
    60 60 61 56 54 59 66 68 65 64 64 66 69 68 65 69 70 71 70 70 66 67 69
    67 70 69 70 72 76 72 69 66 61 61 60 58 53 56 55 55 56 55 55 55 58 61
    62 62 61 60 63 65 65 61 64 67 68 71 68 70 71 75 73 71 71 70 71 67 63
    60 58 59 61 58 60 62 63 63 63 63 60 64 60 61 62 65 65 66 71 68 69 67
    67 66 64 61 57 57 59 60 59 63 64 65 68 66 70 72 73 71 71 71 70 73 66
    66 65 64 69 68 66 65 68 69 66 64 62 65 65 63 65 65 70 71 72 71 73 73
    68 65 65 68 63 62 61 64 68 66 66 63 65 65 66 66 66 67 64 68 68 69 69
    69 68 71 75 75 73 71 71 71 71 72 71 68 71 72 71 73 73 74 73 73 73 73
    72 73 75 75 76 76 71 69 65 62 60 57 58 57 62 61 65 67 68 72 71 71 65
    67 68 67 65 62 63 64 65 66 64 64 63 65 63 57 56 53 56 58 58 55 56 59
    67 69 69 68 69 68 68 68 63 62 62 58 56 61 59 61 63 59 60 63 64 64 68
    63 59 60 59 60 61 58 56 61 65 66 66 63 64 65 66 65 64 70 69 70 69 68
    65 66 66 64 66 66 66 70 74 70 68 66 64 65 66 63 58 59 58 57 56 55 54
    54 57 62 64 65 66 66 67 68 67 62 64 67 65 68 66 69 70 72 72 72 72 72
    74 68 65 64 61 61 64 61 60 62 65 65 66 65 62 66 64 65 67 68 67 68 73
    70 72 69 68 68 66 63 58 58 60 62 61 62 64 67 68 67 69 70 70 70 70 69
    67 71 65 65 64 63 66 65 64 63 65 68 66 64 63 67 67 63 65 63 68 71 73
    73 75 76 71 69 68 70 64 60 58 60 65 62 63 58 62 64 65 65 65 67 64 68
    68 67 69 67 68 69 72 72 71 71 70 70 72 74 74 72 73 74 75 77 75 75 74
    76 70 70 69 72 74 74 76 76 70 68 65 59 57 56 56 56 62 62 65 68 71 75
    73 73 68 67 69 69 66 62 63 63 63 65 63 61 60 62 61 57 56 53 54 54 56
    54 54 58 65 66 67 68 69 66 66 65 61 61 59 56 54 61 58 60 63 60 61 64
    64 63 67 63 58 59 58 60 61 61 59 62 68 66 67 64 67 68 69 70 69 76 75
    76 73 71 67 67 67 64 65 64 64 68 72 67 64 62 60 61 62 60 56 57 57 57
    56 56 57 54 56 63 65 65 66 66 68 69 66 63 64 67 66 67 65 69 70 71 71
    70 71 72 74 69 66 63 60 60 63 58 59 62 64 66 67 65 61 65 61 60 62 63
    63 65 70 70 73 69 68 67 65 61 57 55 58 61 60 61 64 69 71 69 69 71 72
    72 72 70 68 72 68 68 68 68 69 68 67 66 69 72 69 67 66 68 69 65 66 62
    67 69 70 70 71 73 68 68 67 70 66 64 62 65 67 65 66 60 61 63 63 63 64
    66 64 68 69 69 72 69 68 67 71 70 68 70 68 70 73 76 76 74 73 74 75 75
    72 72 71 75 69 69 69 72 72 73 75 75 70 68 65 61 59 57 57 56 61 60 61
    63 68 73 73 74 69 69 71 72 70 64 63 64 64 66 62 61 59 63 62 58 58 56
    58 57 57 55 56 60 68 68 69 71 73 69 69 65 62 62 60 55 54 62 58 61 62
    60 61 64 64 62 67 63 58 59 57 59 61 60 59 61 67 65 67 66 68 69 68 69
    67 74 73 74 70 69 66 67 67 63 64 62 65 68 73 68 65 64 60 61 60 59 54
    56 58 56 58 57 57 55 57 63 65 65 65 66 69 68 66 62 63 68 67 67 64 67
    68 69 69 67 69 71 72 68 67 65 63 62 64 59 59 62 61 65 67 65 62 67 63
    63 65 65 65 68 71 71 73 71 71 68 66 61 58 56 58 58 58 59 62 66 68 66
    67 69 70 72 71 70 69 72 69 68 68 66 68 68 66 67 68 72 70 68 68 70 73
    69 69 64 69 70 71 69 67 67 64 66 64 67 63 63 64 66 69 66 67 63 64 64
    65 63 63 64 62 65 65 65 66 65 66 64 67 66 66 67 66 68 71 75 74 72 72
    72 73 73 70 68 69 73 70 70 69 71 71 72 74 72 67 65 62 58 57 55 56 57
    61 61 63 65 70 73 71 70 65 66 68 70 68 64 66 66 66 68 65 65 61 65 61
    58 60 58 60 58 58 56 60 63 70 70 71 71 72 67 67 63 58 56 54 51 52 60
    56 60 62 60 62 66 64 63 68 65 60 60 59 61 64 63 62 64 69 68 70 68 69
    70 71 70 69 75 75 76 72 71 66 69 68 64 65 62 64 68 72 66 63 61 57 59
    58 57 54 56 56 57 57 54 54 52 54 59 62 61 63 66 68 68 66 62 62 67 65
    64 62 64 64 65 66 63 64 67 69 67 65 64 61 61 61 58 55 57 56 59 62 61
    60 63 62 62 65 65 65 69 72 72 74 72 71 69 66 61 59 58 61 61 61 62 64
    68 68 65 65 67 70 72 74 72 73 77 74 72 71 69 71 70 66 65 67 71 68 67
    67 68 72 70 69 64 69 68 66 65 66 65 62 66 64 67 65 65 63 65 67 66 65
    61 61 61 62 60 59 59 58 61 61 61 62 63 64 63 65 64 64 66 65 65 67 70
    70 68 67 66 67 67 64 62 63 67 69 69 66 68 67 67 71 68 62 62 60 56 57
    56 57 59 63 63 65 65 68 72 70 69 63 63 66 69 68 65 65 65 68 69 65 66
    63 66 61 61 63 62 64 59 60 57 60 63 67 67 66 67 67 65 65 61 57 54 53
    51 52 57 55 60 63 62 65 67 65 65 68 64 57 61 60 63 67 65 65 67 72 69
    71 68 66 67 67 68 67 71 71 73 70 69 65 67 68 65 65 61 63 67 70 63 59
    59 58 59 59 58 55 57 57 55 53 51 50 48 51 57 58 58 61 64 69 68 67 64
    66 70 68 68 65 68 68 67 68 65 67 69 72 67 68 69 65 66 65 64 58 62 59
    60 61 60 59 60 60 59 64 64 64 67 69 71 73 72 69 68 65 61 59 57 60 58
    57 58 59 65 65 64 64 67 70 72 72 70 70 72 70 68 67 65 68 68 66 67 68
    70 67 68 68 68 71 68 68 63 68 68 65 66 65 65 61 64 63 65 64 64 63 66
    67 68 67 65 65 64 63 59 61 60 59 59 58 58 61 62 62 60 61 62 63 66 65
    65 67 71 71 69 66 64 63 64 59 58 57 59 68 68 67 69 67 66 68 66 63 62
    60 56 58 58 58 61 63 64 64 65 67 70 70 69 64 64 68 72 71 66 65 65 67
    68 65 66 63 67 63 63 65 66 67 61 61 59 63 64 66 66 66 66 67 65 64 59
    56 53 50 47 48 52 51 56 59 59 62 66 64 63 64 61 55 60 59 61 66 67 69
    72 75 72 75 72 68 68 67 68 69 72 70 74 71 69 66 65 66 62 61 57 60 65
    67 62 58 59 60 60 60 61 57 58 59 58 55 54 52 49 52 56 55 55 58 61 65
    65 63 62 64 66 66 65 62 66 66 65 68 66 68 68 72 68 70 71 67 69 67 67
    61 63 60 60 62 59 59 61 61 62 68 68 68 72 72 73 74 73 69 69 68 65 63
    60 63 59 57 55 55 59 59 58 60 62 67 69 71 69 72 73 71 69 68 66 67 67
    65 66 66 68 66 68 70 70 72 68 67 64 67 66 64 65 65 66 65 67 68 69 67
    64 64 66 67 68 67 65 65 64 63 60 60 59 58 57 56 57 61 61 61 57 58 61
    63 66 63 65 69 74 74 70 66 64 65 65 61 60 61 63 69 69 68 69 65 64 64
    63 61 60 58 56 58 61 62 64 66 65 66 67 71 72 70 69 66 66 69 72 72 68
    68 67 69 69 67 67 64 66 62 62 63 65 65 62 62 62 66 68 70 69 69 69 68
    66 67 60 58 56 53 51 51 56 53 57 60 61 63 66 66 63 65 64 58 61 60 62
    66 66 68 71 75 72 75 71 67 70 68 68 68 70 69 74 71 68 66 66 65 62 61
    56 58 60 61 55 52 53 54 56 58 58 57 57 58 57 54 51 49 48 49 53 53 53
    58 62 66 65 65 63 66 68 67 66 64 66 67 64 64 64 64 64 67 65 66 71 69
    70 69 70 65 66 63 62 65 61 62 63 64 66 69 68 68 71 70 72 71 71 69 69
    66 65 64 61 64 60 57 57 56 60 60 60 61 62 65 66 68 65 67 69 68 67 68
    67 67 68 68 66 66 67 65 65 68 67 68 65 64 62 65 64 61 64 62 63 62 66
    65 68 67 63 64 67 67 67 67 66 64 65 62 60 61 60 59 57 57 58 62 62 60
    58 60 63 65 67 66 66 70 73 73 69 64 62 61 61 59 58 57 60 71 71 71 72
    68 66 66 63 62 62 61 59 61 63 63 65 65 65 65 63 65 66 67 67 67 65 69
    72 74 71 70 69 70 70 68 71 66 67 63 63 64 65 67 62 64 64 68 71 72 71
    69 68 67 65 65 59 57 57 54 54 54 56 53 58 60 59 62 61 61 60 62 61 57
    59 58 61 64 64 67 69 72 70 74 70 67 69 65 65 65 67 66 71 69 65 65 66
    64 62 61 56 59 61 61 55 54 56 53 55 56 58 58 59 59 58 57 55 53 53 52
    56 54 55 58 61 65 64 64 62 65 67 68 65 63 64 63 63 62 62 63 62 65 64
    65 68 68 69 67 70 66 65 64 60 64 59 61 61 63 66 70 70 71 74 71 74 71
    71 68 68 64 65 64 61 65 62 59 59 58 60 60 59 58 58 61 63 65 61 63 67
    67 67 69 68 67 71 70 68 66 67 64 66 68 65 66 65 64 63 65 64 61 65 65
    65 65 68 67 67 66 61 61 62 60 59 60 61 62 64 60 59 61 62 60 58 55 54
    60 60 59 57 59 62 65 68 68 67 71 73 73 70 66 63 60 60 57 56 56 57 67
    67 68 69 66 62 62 60 60 62 60 60 63 64 64 66 65 65 65 61 62 64 65 63
    63 60 64 69 70 68 67 66 67 68 66 67 62 64 61 62 62 65 65 61 63 63 66
    69 71 68 67 68 67 66 67 61 59 60 56 55 53 52 49 53 56 54 56 56 58 58
    59 59 55 57 58 59 63 62 66 69 72 71 74 71 68 70 66 65 64 64 64 70 66
    64 65 64 63 61 62 57 61 62 60 56 56 56 53 54 54 56 58 59 60 60 58 57
    55 56 54 56 54 55 57 59 65 63 65 63 66 67 70 67 64 66 65 65 62 62 63
    61 63 61 62 66 68 69 66 70 68 68 66 63 65 61 61 60 62 64 67 69 70 73
    72 75 70 71 66 65 61 62 62 61 65 61 60 60 59 59 58 56 54 57 59 60 62
    60 64 67 68 65 69 67 69 73 70 68 66 68 66 68 69 66 66 66 65 63 64 64
    61 63 64 64 65 67 66 65 65 62 62 65 62 61 62 62 62 63 59 56 59 60 59
    57 55 55 61 61 60 57 59 62 65 66 66 66 67 71 69 66 63 61 58 57 56 54
    54 55 72 72 72 72 69 65 65 63 61 65 63 64 67 69 69 70 71 70 71 65 65
    66 66 64 63 60 64 68 70 67 66 65 68 70 66 66 62 64 63 64 62 63 65 61
    63 62 63 65 66 64 63 64 64 63 66 62 61 61 56 56 54 52 49 52 55 53 55
    55 58 58 57 58 55 57 58 57 60 58 64 67 67 68 70 68 65 68 62 60 59 58
    59 65 62 61 61 63 63 64 64 59 63 63 62 56 58 57 53 55 55 56 59 61 62
    62 61 59 57 59 57 58 55 57 58 60 65 64 66 64 65 64 68 66 64 65 62 62
    59 60 62 60 61 58 60 65 68 69 67 71 68 68 68 63 64 60 60 59 62 66 69
    72 75 78 77 78 72 72 67 65 61 62 61 61 67 61 60 61 60 58 56 55 54 58
    58 59 61 60 66 67 67 62 67 65 65 69 65 64 62 65 63 68 69 68 70 68 68
    67 67 65 63 64 65 65 66 68 68 66 66 62 62 63 60 59 60 61 61 63 60 59
    61 63 62 59 56 56 61 62 62 59 59 64 65 65 66 63 64 65 65 63 61 60 56
    56 56 55 55 55 69 69 68 69 68 64 64 64 63 66 64 63 67 69 70 70 69 69
    71 66 65 65 63 60 61 57 59 65 65 63 64 63 65 68 66 66 63 63 64 65 63
    62 63 60 62 63 63 64 64 64 64 64 65 65 68 64 64 65 60 60 56 54 51 53
    55 53 55 56 58 59 57 58 57 60 61 59 64 61 68 70 70 69 72 68 64 68 63
    62 61 60 60 68 65 63 62 62 63 66 66 61 64 66 65 61 62 59 57 60 61 60
    63 66 65 65 62 60 56 56 55 55 52 55 57 60 65 65 66 65 66 63 66 64 61
    64 61 61 60 61 62 60 61 58 60 65 67 68 66 69 68 67 67 61 62 59 59 57
    61 64 67 71 74 76 76 77 71 72 67 64 61 62 62 62 67 62 62 64 63 61 58
    57 56 60 61 60 63 61 66 68 68 64 68 66 64 67 66 64 64 66 62 67 70 70
    70 68 68 68 67 66 65 67 69 70 70 71 72 69 69 64 63 63 61 60 61 64 63
    63 59 59 62 65 63 58 57 59 64 64 62 59 61 65 66 66 66 64 65 65 64 63
    60 60 57 58 59 58 59 58 69 69 70 72 69 64 63 64 64 66 66 64 65 70 70
    69 68 67 67 64 64 65 62 59 60 58 60 64 65 62 62 62 64 64 63 62 60 59
    61 63 61 61 62 60 62 63 62 63 63 62 62 63 64 63 68 63 64 67 62 61 57
    57 54 57 58 55 56 56 59 59 57 58 58 61 62 60 62 60 66 68 66 66 70 66
    64 66 60 60 59 58 56 64 61 59 61 61 60 61 62 57 60 62 61 57 60 59 58
    62 64 62 63 67 67 66 63 61 56 56 56 56 53 57 58 59 66 67 69 68 68 63
    67 65 62 67 65 63 61 65 66 65 64 58 60 65 69 68 67 69 68 69 69 62 63
    60 58 57 60 64 64 68 70 73 71 73 67 68 65 63 58 61 62 62 65 61 60 63
    64 60 58 58 59 61 59 57 59 58 61 63 63 60 66 65 62 65 64 62 63 63 61
    66 69 71 71 69 69 70 67 68 68 69 70 72 73 73 73 70 70 65 64 63 62 59
    62 65 62 64 59 61 63 67 65 63 63 63 69 68 67 65 66 70 69 69 71 69 69
    67 67 66 65 65 61 61 63 62 61 60 70 70 72 72 69 65 62 62 64 64 63 61
    62 67 68 69 68 66 67 65 66 64 62 58 60 57 57 62 61 59 59 59 62 62 63
    63 61 59 60 60 57 56 57 56 58 62 61 63 65 63 64 64 64 61 65 63 63 67
    61 60 57 58 54 56 58 55 54 56 61 60 60 59 60 60 64 60 61 59 66 68 64
    67 69 67 64 67 60 59 60 59 58 65 63 61 64 64 62 63 64 60 62 64 62 58
    61 60 57 61 63 62 64 68 69 70 70 68 65 64 63 62 60 63 62 63 67 68 70
    69 66 60 65 60 58 61 59 58 57 59 61 62 62 57 59 65 68 70 69 70 71 71
    72 65 66 63 60 59 62 67 67 71 73 76 75 75 67 67 66 63 59 62 63 64 69
    65 64 67 66 63 61 60 58 61 58 56 60 58 60 64 64 59 64 62 58 61 60 56
    57 59 56 60 64 66 67 67 66 68 68 68 68 70 71 75 76 76 76 73 74 69 68
    64 61 58 61 62 58 61 57 60 62 67 64 64 66 65 70 70 68 67 69 71 70 68
    70 69 70 69 67 66 64 65 63 63 64 62 63 63 71 71 71 71 69 67 66 65 64
    65 67 66 64 69 69 72 71 70 70 68 70 69 66 61 63 59 57 59 58 57 58 58
    60 62 66 68 66 64 66 66 62 61 60 58 59 61 59 61 63 61 62 63 63 61 69
    67 68 72 68 65 62 63 58 59 59 57 57 59 62 61 61 63 65 64 65 61 62 60
    65 65 61 64 66 65 63 67 60 61 61 60 59 65 63 59 62 62 60 61 63 60 61
    63 59 57 60 59 54 59 62 61 64 67 67 70 69 67 64 63 63 62 60 63 63 62
    67 68 68 68 65 60 64 60 57 60 59 56 55 56 58 61 61 58 60 66 71 73 72
    73 74 74 73 67 68 65 63 59 62 65 64 68 68 72 71 72 66 68 68 64 59 60
    62 64 68 64 64 67 68 66 62 61 59 61 57 56 59 56 58 62 64 58 64 63 60
    64 62 58 59 61 59 61 62 63 65 66 65 66 67 69 69 71 73 76 75 76 74 70
    72 68 66 61 60 54 60 61 55 58 57 61 63 68 65 66 69 67 71 71 69 68 69
    69 67 66 67 64 64 62 61 61 60 62 61 59 60 58 59 61 65 65 65 67 67 65
    65 63 64 67 69 66 63 66 65 69 69 70 71 70 71 70 69 65 65 60 56 58 58
    57 58 58 59 61 66 67 66 64 65 64 63 62 60 58 58 61 58 61 63 60 60 60
    62 60 66 65 66 69 67 64 61 62 60 60 59 56 57 60 61 61 59 61 64 65 65
    59 61 61 65 63 57 58 61 64 63 64 59 62 64 63 64 68 64 61 63 60 59 58
    60 59 60 64 61 61 66 67 63 65 70 69 71 75 73 73 72 72 67 66 66 65 63
    64 62 60 64 64 65 63 61 56 61 59 57 60 59 58 58 60 63 64 64 60 62 68
    72 72 68 70 71 71 70 65 65 64 64 60 61 64 64 67 67 70 69 70 66 67 67
    62 59 59 62 63 66 64 64 65 66 63 62 59 59 62 60 61 65 63 64 68 67 58
    64 62 61 63 61 58 60 65 63 64 65 66 67 67 66 67 67 69 70 71 75 80 80
    80 79 75 76 71 67 61 61 55 57 58 53 56 55 58 57 63 60 61 63 62 66 66
    67 66 67 65 64 63 63 61 61 61 60 62 62 64 63 62 61 58 59 59 66 66 66
    67 65 64 63 65 64 67 68 66 63 66 64 67 67 68 69 70 72 72 70 66 65 61
    58 60 59 57 58 56 58 59 62 63 63 63 65 65 64 62 60 59 58 61 58 62 63
    62 62 63 65 62 68 65 65 65 63 58 56 58 58 59 60 58 60 64 66 67 65 65
    67 68 67 62 64 64 65 63 57 59 62 63 60 61 59 64 66 65 64 68 65 62 61
    58 58 57 60 60 60 65 64 64 67 67 63 64 69 67 69 71 69 72 70 70 67 66
    66 65 65 66 66 64 66 66 66 67 64 60 65 64 63 67 66 63 64 64 64 67 67
    62 64 69 69 71 70 71 71 71 70 66 68 67 65 61 62 63 62 63 62 65 64 64
    61 64 66 63 62 60 61 64 66 63 63 63 63 62 61 60 60 65 61 64 67 65 67
    69 65 57 60 59 57 58 55 53 57 62 61 62 62 64 65 65 62 62 60 64 65 66
    70 75 76 77 76 73 74 71 67 62 62 58 61 60 54 57 58 58 57 63 61 63 67
    66 68 69 68 67 68 65 63 62 62 60 62 61 61 64 64 65 64 64 62 59 58 59
    68 68 65 66 63 63 64 63 64 66 68 66 65 69 67 71 69 70 71 73 74 73 70
    67 67 62 59 61 61 59 60 58 61 62 66 65 65 64 66 65 64 62 61 62 60 65
    62 66 64 63 61 61 60 56 60 59 61 63 61 58 58 62 63 63 64 63 65 69 68
    68 65 66 67 67 66 62 65 64 66 63 56 59 64 64 61 61 61 66 68 68 66 69
    68 64 62 59 61 60 62 63 62 66 65 64 66 64 61 61 65 64 66 69 67 71 69
    69 67 65 66 64 67 66 66 65 67 69 69 70 65 62 67 66 64 65 64 61 64 64
    62 63 65 62 63 68 68 70 70 71 69 68 68 62 64 63 63 60 61 63 61 63 59
    63 61 59 60 61 65 63 62 61 62 65 66 63 63 64 65 63 63 63 64 67 63 64
    68 66 66 66 63 55 58 58 54 56 54 53 56 60 60 59 60 61 62 61 60 62 62
    65 66 69 73 78 78 76 76 75 76 71 68 64 64 61 62 62 56 61 60 60 60 63
    64 64 67 64 67 68 66 68 68 66 64 66 66 62 65 62 61 65 66 65 65 67 65
    64 64 63 70 70 67 68 65 66 66 65 66 67 68 67 66 66 65 70 67 69 69 69
    71 71 69 65 66 62 60 63 63 60 59 59 61 60 64 65 65 64 66 65 65 66 64
    66 65 71 68 72 71 71 68 65 65 60 64 61 61 62 62 59 62 63 64 65 66 65
    66 69 66 69 67 69 70 70 69 66 69 67 67 65 58 60 63 64 62 60 59 65 68
    68 68 69 70 66 66 60 62 59 61 62 60 65 64 64 64 62 59 60 63 62 61 64
    62 67 66 65 64 64 67 65 69 68 68 69 70 69 67 69 65 64 67 66 65 67 68
    67 70 67 66 67 67 64 63 67 67 69 68 68 66 67 65 60 63 63 65 63 63 63
    61 60 56 59 57 55 55 58 62 61 61 61 62 65 66 65 65 64 64 63 63 62 62
    64 61 63 67 63 64 64 62 58 58 59 57 60 58 55 59 62 63 60 59 58 58 60
    58 59 59 65 65 70 74 77 78 77 75 74 76 72 68 67 65 63 63 63 58 62 59
    58 58 60 62 63 67 64 67 69 67 70 71 68 65 67 67 64 68 65 65 67 71 69
    69 70 66 64 62 61 67 67 66 66 64 66 65 64 65 67 69 68 66 66 67 73 72
    73 72 72 73 72 70 66 63 59 57 58 59 57 56 55 60 59 64 67 68 67 68 67
    65 66 64 66 63 68 65 68 68 68 64 60 59 56 60 57 57 58 57 55 59 58 59
    61 64 64 66 69 66 70 69 69 70 70 69 65 68 67 67 64 58 61 64 66 64 61
    62 67 70 69 68 68 68 66 67 62 61 59 60 62 59 61 59 58 60 59 56 57 60
    60 60 63 61 68 67 67 68 69 72 70 72 70 70 68 68 67 63 65 62 63 66 66
    66 66 69 68 72 69 67 69 68 66 65 68 67 68 68 67 66 66 66 62 64 63 64
    63 63 63 60 57 54 56 54 52 54 56 61 61 61 61 63 67 67 66 67 66 64 64
    64 64 64 67 63 65 68 64 65 64 61 57 58 58 57 60 56 54 57 60 62 59 59
    57 57 59 57 57 58 64 64 71 75 78 80 78 75 76 77 72 68 67 65 64 65 62
    58 62 61 59 59 60 62 66 69 67 68 70 69 74 75 70 67 68 67 66 69 65 64
    67 73 69 69 70 66 64 62 59 64 64 61 63 63 67 66 67 68 70 72 72 71 68
    70 75 73 75 75 74 75 75 73 69 66 62 60 59 59 58 56 56 60 59 64 68 69
    68 68 68 65 67 65 67 64 68 67 69 68 67 63 59 58 58 61 58 60 60 59 58
    60 57 58 58 62 62 63 66 64 67 68 67 67 68 69 64 68 68 67 66 61 62 63
    65 62 60 62 67 70 69 71 71 72 71 70 65 64 61 61 61 59 59 57 56 58 57
    55 55 59 60 61 64 62 67 67 68 69 70 72 71 72 71 71 70 67 65 62 62 62
    61 64 64 65 64 67 68 71 67 65 66 66 66 65 67 66 70 70 69 68 67 68 66
    66 64 66 66 65 66 64 60 58 61 58 55 59 60 62 62 64 61 63 66 67 67 68
    66 65 66 65 64 64 66 64 66 67 65 65 64 63 60 60 59 59 61 58 57 58 61
    63 61 61 57 58 59 57 57 58 62 61 68 72 76 77 75 72 75 76 73 70 68 66
    66 67 64 62 63 63 62 62 62 63 65 67 66 66 66 63 67 68 64 62 63 62 62
    66 64 64 67 71 67 68 69 66 64 63 61 62 62 59 61 62 66 66 68 68 72 76
    77 77 73 75 80 78 78 76 75 74 76 73 70 70 67 66 63 64 63 62 60 62 60
    64 69 69 68 68 70 67 69 68 70 68 71 69 70 69 69 65 62 60 61 62 58 59
    58 57 55 59 55 58 60 62 62 64 67 64 66 64 65 65 68 67 63 66 66 65 63
    59 61 62 64 64 60 63 68 70 70 73 72 70 70 69 63 61 57 56 57 57 58 57
    58 62 61 59 58 62 63 62 63 59 63 62 61 61 64 66 67 69 68 71 71 68 65
    62 62 61 62 64 65 66 66 68 70 72 70 66 66 65 65 64 64 63 65 66 65 64
    64 63 61 62 60 61 62 62 62 61 57 56 60 58 55 59 58 60 61 62 58 60 63
    64 65 67 64 64 66 66 64 65 66 63 67 67 66 66 64 61 61 63 62 61 62 61
    62 65 68 69 66 66 60 58 59 57 55 54 58 57 65 72 75 75 73 71 73 76 72
    65 66 64 64 65 63 61 64 64 61 61 61 63 63 66 64 65 64 63 66 67 62 58
    61 61 60 62 59 59 63 68 64 65 68 65 66 65 63 64 64 61 63 62 65 65 69
    70 71 74 76 77 73 74 77 74 74 73 71 69 71 69 67 65 65 64 62 64 63 63
    62 65 63 65 69 69 67 68 67 65 66 67 70 68 70 69 71 70 71 66 65 63 63
    62 58 59 58 56 54 58 56 59 62 63 62 64 66 63 65 61 62 62 65 65 60 62
    63 63 61 58 58 59 61 61 57 59 63 66 68 70 69 68 70 70 64 60 57 56 58
    57 57 56 57 61 61 61 60 64 64 64 66 62 65 64 65 63 65 66 67 71 69 70
    70 67 64 63 63 61 62 65 66 68 68 69 70 72 70 68 66 66 65 63 64 61 63
    64 62 60 61 63 61 62 59 59 62 61 60 58 55 55 58 57 55 58 57 59 60 61
    58 60 64 64 66 67 65 63 65 65 65 65 68 64 68 69 69 68 65 62 62 62 62
    60 61 60 61 64 66 68 66 66 60 58 58 56 54 53 56 55 64 69 73 74 73 71
    75 76 73 69 69 66 65 66 64 64 63 63 60 61 62 64 63 66 64 64 65 63 64
    65 60 57 60 62 59 62 60 60 65 69 65 65 69 67 69 69 65 67 67 64 66 65
    68 66 70 69 71 73 76 77 73 76 80 77 77 75 72 69 72 69 65 64 64 63 62
    62 61 59 58 61 59 61 64 65 62 63 65 62 64 64 66 66 69 69 71 71 74 71
    70 67 68 67 63 64 61 58 56 60 56 59 61 62 60 62 65 63 66 62 63 64 67
    67 61 61 62 63 61 58 58 60 60 61 55 56 59 62 64 64 63 63 67 69 65 63
    59 59 62 61 61 60 59 62 61 60 60 63 63 61 63 59 62 61 62 62 62 63 64
    69 69 72 71 68 65 65 65 62 62 64 65 66 67 68 69 73 70 65 63 64 64 62
    62 58 62 64 62 60 61 65 63 63 58 57 59 59 56 55 52 53 58 57 54 59 58
    59 61 63 58 62 66 65 66 67 65 63 65 63 64 65 67 63 65 67 66 65 60 59
    60 62 63 60 62 61 63 65 64 67 64 65 60 59 59 57 55 53 55 54 61 67 68
    70 71 69 74 75 73 70 69 65 66 68 65 65 63 63 63 65 66 67 66 69 68 66
    64 62 61 63 59 56 60 62 61 63 61 60 64 68 63 63 69 67 70 72 68 61 61
    59 63 62 67 64 69 68 70 72 73 76 71 74 78 77 78 77 73 69 72 69 64 64
    61 59 58 58 60 59 58 60 60 64 67 67 62 63 64 63 64 65 65 67 69 70 71
    70 72 68 67 64 67 67 64 67 65 63 62 65 60 62 63 61 59 58 62 60 62 58
    59 60 65 66 60 59 60 63 61 58 56 58 60 62 57 56 56 60 62 63 63 62 67
    71 69 65 62 61 62 62 59 57 55 61 59 60 60 63 65 62 64 59 60 59 61 61
    60 62 63 67 69 70 68 65 64 62 62 58 58 61 61 62 62 63 64 67 66 61 59
    60 61 61 62 60 62 64 63 59 62 64 61 59 57 57 60 59 56 56 54 56 60 57
    55 59 58 58 59 61 58 63 66 64 67 66 66 63 63 61 61 64 66 64 66 67 68
    66 61 61 62 63 64 61 62 63 67 68 67 67 66 68 63 63 63 61 61 62 62 61
    67 70 70 72 72 68 73 75 73 71 69 67 68 70 67 66 64 63 64 67 67 67 66
    67 66 66 62 61 60 61 58 57 58 60 61 59 59 57 60 63 61 62 66 66 68 72
    69 64 64 62 67 67 71 68 72 71 71 74 74 74 69 73 75 76 77 76 72 68 71
    68 64 62 61 59 59 58 61 60 57 58 59 62 65 66 62 63 66 65 65 65 65 66
    66 67 68 68 72 70 69 69 73 72 69 70 67 65 65 66 61 62 65 63 61 59 62
    61 63 60 61 61 67 68 62 59 60 61 60 59 54 54 56 59 53 53 52 56 59 61
    62 61 68 71 71 66 64 62 61 63 60 59 57 62 61 61 61 63 64 60 60 58 59
    59 63 62 62 63 67 69 71 71 69 66 64 64 61 58 57 60 60 61 61 63 66 69
    68 65 64 65 65 65 65 63 64 64 63 60 63 63 62 58 57 58 60 60 55 57 54
    59 62 58 57 59 60 60 60 61 57 63 65 64 67 64 64 61 62 59 59 63 64 64
    65 66 68 67 64 63 65 66 67 64 64 65 68 69 67 68 66 69 66 66 68 65 64
    63 62 61 65 68 66 69 69 67 72 73 72 68 66 62 64 67 64 64 62 63 65 67
    68 65 65 66 67 65 61 64 60 64 60 58 57 59 61 59 58 56 59 62 60 61 63
    63 64 67 65 64 64 63 66 64 69 67 70 69 68 70 71 73 67 69 70 73 74 73
    70 66 68 64 63 60 60 56 56 55 60 60 57 55 58 60 63 63 58 58 60 60 61
    63 60 64 63 64 65 65 66 65 65 65 71 68 67 70 67 64 63 65 62 64 65 62
    60 59 64 64 64 61 59 59 63 64 60 56 57 58 58 59 55 55 55 58 54 55 54
    57 60 62 63 62 68 70 71 68 66 65 64 65 60 60 58 63 61 63 63 65 66 65
    64 62 62 60 64 64 64 62 65 67 68 68 65 61 60 62 60 57 56 60 60 61 61
    61 62 65 67 63 61 62 63 66 66 65 66 66 67 63 65 63 62 58 54 56 57 57
    55 58 56 60 66 61 60 64 64 63 62 63 57 63 65 61 64 62 64 63 63 60 60
    65 65 64 66 66 69 66 65 65 66 67 67 64 65 69 71 69 67 67 66 68 65 63
    65 62 62 61 60 59 63 65 63 67 69 66 71 71 71 69 66 63 63 66 65 66 64
    66 68 70 72 68 65 66 66 62 59 60 57 62 58 59 60 62 62 59 59 56 60 61
    59 61 64 65 67 72 69 71 71 67 69 66 70 67 71 68 66 69 70 71 65 66 67
    69 70 71 67 65 66 64 63 61 61 59 61 60 65 66 63 61 61 61 61 59 55 55
    57 57 58 62 61 65 62 63 65 65 66 65 67 65 71 68 69 71 70 68 67 70 68
    70 70 66 63 60 63 63 63 60 59 58 62 64 60 55 56 57 56 57 54 54 54 57
    55 55 54 55 59 61 61 61 65 66 66 66 63 63 64 62 59 60 59 62 61 61 61
    65 65 65 66 63 61 60 62 62 62 59 61 64 67 67 66 64 62 65 63 61 58 60
    58 58 58 58 60 61 64 61 60 61 62 65 64 62 63 63 65 60 61 59 59 57 54
    55 54 56 54 58 56 59 65 62 61 64 63 61 61 61 55 59 60 56 61 59 61 62
    63 60 59 64 61 62 63 63 66 64 63 63 66 66 67 63 64 67 71 71 68 67 66
    67 64 64 65 63 63 62 59 59 62 63 59 62 65 63 67 68 68 67 64 63 64 66
    66 67 66 66 69 68 69 64 61 60 59 56 55 57 54 59 57 60 62 64 63 60 58
    57 61 60 58 60 63 64 67 71 70 74 74 71 70 66 70 67 69 66 65 67 69 71
    67 66 67 69 69 70 66 63 62 61 60 60 61 59 62 62 67 68 65 62 62 62 61
    60 55 55 55 54 56 58 56 61 59 59 61 63 66 65 69 67 71 68 68 67 66 65
    62 66 66 69 70 67 64 62 66 64 64 60 59 58 59 59 55 50 50 52 51 55 53
    56 55 61 60 59 59 59 63 62 62 60 63 64 63 62 59 62 61 61 57 58 58 63
    61 61 61 63 63 64 64 61 60 58 62 63 63 58 59 62 64 63 61 61 60 65 65
    60 59 62 62 61 61 60 63 65 67 65 62 62 63 65 64 62 61 61 64 61 62 60
    60 58 55 55 54 56 54 57 56 57 64 62 60 62 60 59 60 59 55 57 59 55 61
    59 61 61 60 58 57 62 61 61 63 64 67 67 67 66 67 69 69 65 67 71 73 72
    69 67 64 65 61 61 62 62 61 63 61 62 65 66 62 65 68 66 68 67 67 64 64
    61 62 62 63 65 65 65 66 65 68 65 62 61 60 60 60 63 59 64 62 63 64 65
    62 59 58 54 56 57 57 59 64 64 68 72 73 74 74 72 71 67 70 68 67 65 62
    63 65 67 64 61 62 64 67 68 64 63 61 62 61 61 60 58 63 62 67 66 66 65
    64 63 60 59 54 56 53 53 55 57 56 59 57 57 61 61 63 63 67 66 71 67 67
    69 67 66 64 65 66 69 69 65 64 63 66 65 65 63 63 62 63 63 59 55 55 56
    55 58 54 56 55 58 57 56 55 54 58 57 58 58 60 60 61 61 60 63 62 59 57
    59 57 61 60 60 61 64 62 63 65 63 60 58 63 63 63 59 59 61 65 63 60 61
    60 64 64 60 58 62 61 60 62 62 63 67 69 69 65 65 67 67 66 63 61 60 65
    62 61 61 62 59 57 58 59 59 57 58 56 58 63 61 57 61 61 60 62 61 58 60
    62 55 60 59 60 60 58 54 54 61 59 59 60 62 67 68 68 65 66 68 69 66 68
    70 72 71 66 64 62 63 60 60 63 63 64 66 63 66 67 66 62 64 68 67 68 66
    66 65 62 61 60 60 60 61 61 60 64 65 66 63 62 61 62 62 62 63 61 65 64
    67 68 70 67 65 65 63 64 64 63 64 66 67 68 71 71 71 71 70 68 66 67 66
    65 62 59 60 61 63 61 58 59 63 67 68 67 66 65 66 66 65 62 61 63 61 65
    64 63 59 58 57 55 53 48 50 47 48 52 52 53 58 56 57 60 61 62 62 65 64
    67 63 64 65 63 63 61 62 62 65 64 62 61 61 64 64 65 66 65 64 65 65 63
    58 57 56 56 58 57 57 56 58 57 57 56 55 57 56 56 56 58 57 59 61 60 63
    63 61 60 62 59 61 60 59 60 62 59 60 63 62 60 58 61 61 64 60 60 61 67
    64 62 63 62 65 63 61 58 62 62 62 62 64 66 69 69 68 64 63 64 64 60 59
    58 59 64 63 61 61 63 60 59 60 60 59 58 59 57 59 61 58 55 59 60 60 64
    63 61 63 64 56 61 60 61 59 58 54 53 60 56 56 56 59 62 65 66 65 68 71
    72 69 72 74 75 72 69 63 62 62 59 59 62 63 61 65 65 67 67 67 62 64 69
    68 68 67 67 65 63 62 63 62 63 65 66 65 68 69 68 65 64 63 62 62 63 65
    66 70 70 72 73 75 73 68 67 65 65 65 62 62 63 65 65 66 66 73 73 73 71
    67 68 68 66 64 59 59 59 62 62 56 57 60 64 65 65 64 61 65 65 64 63 62
    64 62 65 64 63 60 58 58 56 53 52 55 53 52 56 57 57 62 58 57 58 58 60
    58 60 61 63 59 61 64 62 63 60 61 63 65 64 61 62 62 65 65 65 68 67 66
    65 66 66 62 60 58 58 61 61 60 59 61 61 61 60 58 59 58 57 59 60 58 60
    62 61 65 65 62 61 63 61 62 60 59 62 63 60 61 63 64 62 61 61 60 66 63
    62 60 66 62 61 62 60 62 62 61 58 62 62 64 63 64 67 67 69 68 65 62 63
    64 62 63 60 62 64 65 63 60 60 58 60 59 61 61 63 64 61 63 63 61 59 61
    61 61 65 62 62 64 66 60 64 64 66 64 63 59 56 62 57 58 60 62 64 67 70
    68 70 71 70 70 73 74 73 72 70 64 63 62 59 60 64 66 63 68 69 70 71 71
    68 66 72 70 68 69 69 66 64 65 64 63 66 66 67 67 68 68 65 63 62 61 58
    60 63 65 67 72 74 74 76 78 73 70 68 65 65 64 63 61 63 64 64 65 64 77
    77 75 73 69 69 71 68 66 62 62 63 67 66 60 61 62 63 64 64 64 61 64 64
    64 64 63 65 62 65 65 64 63 59 57 54 53 52 54 53 52 56 57 58 60 58 57
    57 58 59 60 63 63 63 59 61 61 59 59 55 58 61 64 64 62 63 64 66 65 65
    66 66 67 66 66 66 62 60 58 57 59 59 60 59 59 59 59 60 57 59 59 58 61
    61 60 59 61 61 65 65 64 64 66 66 66 64 63 65 66 62 62 64 66 64 62 62
    60 66 63 61 59 61 60 59 60 59 61 62 63 63 63 65 68 65 67 69 69 70 71
    68 63 65 66 63 63 60 61 62 65 62 60 62 60 60 59 62 64 65 65 62 65 65
    63 59 60 59 59 61 58 59 61 62 56 60 62 63 63 64 60 57 62 59 59 61 60
    60 65 68 68 71 73 71 73 76 76 74 72 71 66 65 63 61 61 66 69 65 67 68
    69 70 70 68 67 73 74 71 73 72 69 67 64 63 62 65 64 66 67 68 68 67 65
    62 63 61 60 62 64 67 71 74 74 76 80 75 73 70 68 68 67 64 62 65 66 67
    67 66 74 74 73 70 67 67 70 67 65 61 61 61 67 66 60 61 63 63 63 64 64
    60 63 64 62 64 64 64 61 66 66 66 66 58 55 53 53 51 52 50 50 55 58 59
    60 58 57 56 57 58 56 59 59 59 57 58 59 57 58 54 58 61 64 63 61 62 64
    67 64 63 64 65 67 65 64 62 61 60 57 55 56 57 58 59 58 58 58 60 57 59
    56 53 57 58 55 54 58 56 62 64 62 62 64 64 63 62 61 64 65 60 63 65 66
    64 62 61 61 68 62 59 58 61 60 57 57 55 59 61 62 61 62 64 69 66 68 69
    70 70 71 69 62 64 65 63 61 60 63 64 67 65 63 65 64 64 60 62 64 67 67
    64 67 65 65 61 62 60 58 62 59 60 63 64 58 62 64 64 64 65 61 60 64 60
    61 63 64 61 64 66 64 67 68 66 69 73 72 71 71 71 67 68 64 62 62 66 69
    66 69 69 69 70 70 69 68 72 72 69 72 71 69 67 67 65 63 66 63 66 67 66
    66 65 64 62 62 59 58 60 61 64 67 71 72 75 77 73 72 69 70 68 68 64 63
    66 67 69 68 67 69 69 67 66 64 65 67 65 64 61 63 64 69 68 63 65 65 65
    65 65 65 62 64 63 63 64 63 65 62 64 65 66 67 60 58 56 55 55 57 54 54
    58 59 59 58 56 56 56 56 58 58 63 64 61 60 61 61 58 59 54 57 60 62 61
    61 63 63 65 63 62 62 65 66 66 64 64 62 63 59 58 57 58 61 61 60 59 59
    60 59 60 56 54 56 57 56 54 55 54 60 62 61 61 64 64 64 64 62 63 65 62
    61 64 65 62 61 61 60 67 63 62 60 63 61 59 60 57 62 62 62 62 64 64 66
    65 66 68 71 71 71 69 64 64 65 63 60 59 62 64 68 66 65 64 65 65 59 63
    64 66 65 61 64 63 64 60 59 58 58 63 59 62 64 63 59 62 63 64 61 63 60
    60 64 61 62 64 66 62 66 67 64 66 67 64 66 69 67 67 69 69 66 70 67 66
    68 72 76 72 73 72 71 69 69 67 63 65 67 66 69 68 65 64 64 65 62 62 59
    62 64 63 61 59 59 59 59 57 58 60 63 67 68 71 71 73 75 71 69 65 67 65
    65 62 59 62 62 63 61 60 68 68 68 68 67 66 68 66 64 60 60 61 67 68 64
    66 67 67 67 68 66 65 67 66 65 67 66 65 63 65 64 65 66 61 60 58 58 57
    59 55 57 60 61 61 60 59 60 62 61 63 63 66 68 66 63 63 63 60 59 54 55
    59 62 61 60 62 63 66 64 63 62 63 65 66 61 61 60 60 58 57 57 58 62 62
    61 60 60 62 61 61 58 56 58 58 57 55 56 56 61 60 60 61 63 63 62 62 61
    63 63 59 58 60 61 58 58 60 60 66 62 62 62 64 61 57 57 56 62 61 60 60
    64 65 67 65 65 66 70 69 67 66 62 63 64 64 63 63 65 65 70 68 67 66 63
    63 59 63 63 65 62 59 64 63 63 60 59 58 60 63 59 63 66 65 63 65 65 68
    64 63 58 58 61 60 60 62 65 63 68 68 66 66 66 61 65 70 68 67 67 69 68
    71 68 66 67 71 76 73 73 74 72 71 70 69 67 67 68 66 69 68 65 63 61 63
    60 60 58 61 63 62 61 60 62 64 64 62 62 64 64 66 66 67 67 69 70 67 66
    65 66 65 66 64 61 64 64 65 63 61 67 67 69 68 66 65 66 64 62 58 59 60
    66 66 62 64 66 66 65 66 64 65 66 66 63 65 64 63 62 62 62 63 65 60 60
    60 59 58 60 57 59 61 62 64 63 62 62 64 63 64 63 64 66 65 64 63 63 60
    60 56 56 58 62 60 58 62 63 64 64 63 60 63 66 67 64 63 61 61 59 57 56
    55 59 61 59 57 59 60 59 59 57 53 58 60 60 59 62 63 67 68 66 68 70 69
    66 64 62 65 65 60 57 58 59 58 58 59 59 66 64 64 64 65 63 61 60 58 63
    62 62 62 65 64 67 64 64 65 68 68 65 65 60 61 62 62 61 62 63 63 67 66
    66 66 63 62 59 63 66 65 62 59 64 62 64 62 59 60 63 64 60 64 66 65 64
    65 63 66 63 65 61 61 62 62 63 64 68 63 66 65 64 64 62 57 60 64 62 62
    62 66 67 70 67 67 68 72 76 73 73 73 70 67 66 68 64 64 63 63 68 67 65
    62 62 65 65 63 61 63 66 67 66 64 63 65 65 63 62 60 60 62 63 65 64 66
    68 68 66 64 67 66 68 65 63 65 66 67 65 63 68 68 69 70 69 68 70 68 68
    65 66 65 68 66 62 65 68 66 65 67 64 66 66 65 62 63 61 61 60 60 60 60
    62 59 59 60 59 61 61 59 60 61 63 64 64 62 62 64 63 64 63 64 66 63 64
    63 63 60 61 56 58 60 64 62 60 63 64 65 63 61 56 61 63 63 59 60 58 59
    58 55 54 55 61 62 61 60 62 65 66 65 61 58 61 64 63 61 64 64 68 69 68
    69 69 68 63 60 60 62 63 59 57 56 59 60 60 59 59 65 62 63 64 63 62 61
    59 58 63 64 64 66 69 67 69 65 66 67 68 67 62 63 60 61 62 62 62 63 66
    66 67 68 67 64 62 60 57 61 64 61 60 59 64 62 63 62 59 59 60 61 57 62
    65 63 65 65 62 65 62 62 60 58 59 61 65 64 66 63 65 66 65 65 61 57 60
    64 62 61 60 64 67 70 68 69 72 75 79 75 74 77 73 69 67 68 65 63 63 61
    64 65 65 62 63 68 68 66 66 67 69 68 65 63 63 65 64 61 60 59 59 61 60
    61 59 62 62 62 61 58 61 61 65 63 62 65 67 68 67 65 69 69 70 70 68 70
    69 69 67 67 69 68 71 69 66 68 71 68 67 67 64 64 65 62 59 60 59 61 61
    61 61 63 66 63 64 65 63 64 65 62 62 62 63 63 64 63 63 64 65 66 67 68
    70 69 70 69 68 66 65 59 60 61 65 64 62 66 66 67 65 64 59 62 64 64 59
    62 59 57 57 54 53 54 60 61 62 63 65 67 69 67 62 62 65 66 65 63 66 67
    71 71 69 70 71 72 68 66 64 65 66 63 61 59 59 60 59 58 61 64 60 60 60
    59 59 58 55 55 59 61 63 63 66 63 64 62 62 64 66 66 62 64 64 64 67 67
    66 65 66 65 66 67 64 61 60 58 56 60 62 59 58 58 61 61 63 61 57 58 59
    59 56 61 63 61 66 65 62 64 63 60 59 58 58 61 65 65 67 65 66 67 64 63
    58 55 57 62 59 58 59 63 67 69 67 67 71 75 78 75 75 76 73 69 66 68 63
    60 59 58 60 61 62 58 60 65 64 61 60 62 64 64 61 59 60 64 63 61 61 57
    59 59 59 59 58 60 59 60 58 58 60 60 64 65 65 67 68 69 67 68 63 63 64
    64 63 66 65 64 65 65 68 69 73 70 69 73 75 72 70 68 65 66 65 62 60 61
    60 62 62 62 62 64 66 63 63 65 63 61 61 57 57 57 59 59 59 62 62 65 67
    69 71 72 74 72 73 71 68 64 62 57 58 60 64 63 64 67 69 70 67 64 59 62
    63 62 58 60 57 58 57 55 52 55 61 61 63 63 66 67 69 67 64 63 66 68 66
    63 64 67 68 69 67 68 70 71 68 65 64 64 64 60 59 59 61 62 60 60 64 66
    61 60 61 60 59 58 56 56 61 62 62 63 65 61 61 58 58 60 62 63 60 63 63
    65 69 69 68 68 67 66 66 68 63 62 61 58 58 62 63 57 58 58 61 59 59 58
    54 57 58 58 54 61 63 60 63 63 58 60 60 57 56 56 58 60 62 63 65 62 63
    64 62 62 59 56 55 59 56 57 58 61 64 67 66 66 69 71 71 71 72 72 71 68
    65 66 64 60 59 59 58 58 60 57 59 63 63 58 58 60 62 62 58 57 57 62 63
    62 61 58 59 60 59 59 58 59 60 64 63 61 64 65 69 70 67 68 69 70 66 66
    62 62 65 66 62 65 61 61 62 62 63 63 66 66 65 70 72 70 69 68 66 67 67
    66 64 63 63 64 64 62 60 61 63 62 61 64 62 60 60 54 55 55 58 57 58 61
    61 65 65 66 66 67 69 68 70 68 66 64 61 58 59 61 64 63 65 68 71 72 68
    64 61 65 63 61 56 58 57 58 57 56 56 62 65 65 66 66 69 68 71 67 64 63
    63 65 62 60 62 63 65 68 67 67 69 70 65 63 63 62 60 56 58 60 62 63 63
    64 68 71 65 63 64 64 61 60 59 57 61 61 60 58 62 57 57 57 56 57 59 61
    58 61 62 63 68 68 68 70 69 68 68 69 64 64 63 61 61 64 62 58 60 59 62
    60 61 61 59 62 64 66 61 66 68 66 70 68 64 63 61 58 57 56 58 59 61 63
    66 64 65 66 63 62 59 56 54 58 55 55 57 59 62 64 63 62 66 66 67 68 69
    70 71 68 65 67 64 60 59 59 57 56 57 56 60 64 62 58 58 60 61 60 56 55
    56 63 62 63 63 60 61 62 60 60 59 59 59 62 62 60 65 64 68 69 67 67 67
    68 63 62 60 60 62 65 61 62 57 58 60 60 63 63 66 68 67 72 72 70 69 69
    67 68 69 66 66 66 64 64 65 62 59 60 63 62 63 66 64 61 63 57 56 55 56
    56 57 60 61 66 68 69 70 69 69 69 68 66 63 61 58 56 57 60 64 65 65 68
    71 71 70 65 63 64 64 63 59 62 59 60 59 59 58 63 68 66 69 70 72 71 74
    70 67 66 66 66 66 63 63 65 66 68 67 67 67 68 66 64 65 64 62 59 61 62
    64 63 62 63 67 68 64 63 62 61 59 58 57 55 57 58 58 58 63 58 58 59 58
    57 59 63 60 62 64 62 66 68 67 67 65 62 63 66 63 62 61 60 62 65 62 57
    57 57 60 59 58 60 58 60 64 64 59 65 66 64 67 66 63 63 61 57 58 58 59
    60 61 63 66 66 66 68 66 65 63 60 57 59 56 55 55 57 59 61 61 60 63 63
    64 64 67 68 71 70 67 69 70 66 64 63 62 59 59 58 59 63 61 58 57 60 59
    59 56 54 55 61 61 61 63 60 61 62 61 60 59 60 62 65 65 64 67 66 70 70
    65 65 63 63 58 57 62 62 64 67 62 63 59 60 62 62 62 60 64 65 64 68 68
    67 67 68 66 69 69 69 68 67 67 66 66 63 62 60 64 64 63 67 66 62 63 57
    56 55 57 57 59 63 64 69 70 71 70 68 68 68 66 64 60 59 57 56 55 58 62
    63 64 65 70 69 68 62 61 62 62 61 56 59 56 56 56 55 57 61 64 64 68 70
    70 71 73 69 67 64 65 67 65 63 63 64 66 70 67 67 67 67 64 62 63 62 61
    58 60 61 63 65 64 64 67 67 62 62 60 59 58 58 55 54 55 56 59 57 60 57
    59 60 58 59 59 63 61 63 63 64 69 69 69 69 68 64 66 68 67 66 65 65 66
    69 66 62 61 62 63 59 59 61 59 60 62 63 60 66 68 66 69 68 65 64 63 59
    59 58 58 61 61 63 63 64 64 66 66 63 62 61 59 60 57 55 54 56 57 58 59
    58 59 60 62 64 67 68 73 72 71 73 74 72 69 67 65 62 62 62 63 64 63 61
    61 64 63 63 61 60 60 65 64 64 65 61 59 61 62 61 60 61 64 66 68 66 68
    67 71 70 65 67 66 68 64 63 61 61 63 63 57 59 56 58 61 62 63 61 65 66
    65 69 66 65 65 66 66 68 68 65 65 64 62 64 62 59 58 56 59 60 60 63 63
    61 63 58 56 54 56 55 56 60 58 64 65 66 65 65 65 64 62 59 55 53 51 51
    49 52 57 59 63 64 69 68 68 62 61 63 61 61 59 59 58 59 59 58 59 62 64
    65 66 68 68 68 71 67 65 62 64 67 68 66 64 64 68 72 70 67 68 67 66 66
    64 62 63 62 63 66 68 70 69 68 71 71 66 65 61 59 57 56 53 52 53 54 57
    56 58 57 59 59 59 58 58 62 62 62 62 62 66 65 65 65 63 61 64 67 68 66
    68 68 70 71 67 62 63 65 64 61 58 60 60 61 60 60 57 61 64 62 65 65 63
    60 60 57 58 59 60 62 64 65 67 68 66 68 65 62 62 63 60 60 58 57 57 59
    59 59 61 60 59 60 61 63 67 68 73 73 74 74 74 72 71 68 65 61 61 62 63
    63 60 61 60 64 64 64 64 62 62 66 65 65 66 61 60 64 63 62 59 60 62 66
    67 64 66 64 70 68 64 65 65 67 63 62 58 58 59 63 57 59 56 57 60 62 61
    59 63 64 65 69 67 68 69 68 68 69 68 66 67 64 63 65 64 62 60 57 60 62
    62 63 63 62 64 61 59 56 57 56 58 59 58 64 65 67 65 66 65 65 63 59 56
    53 51 50 47 50 55 58 62 63 68 69 69 63 63 63 61 60 59 61 61 61 61 61
    61 65 65 63 64 66 67 66 69 66 64 63 62 64 63 62 60 60 64 67 68 67 67
    65 64 64 63 63 61 62 64 68 71 73 72 71 72 71 67 66 62 61 59 57 55 54
    53 54 57 55 57 58 58 58 59 56 58 61 62 63 64 66 71 70 69 69 68 65 68
    69 68 66 67 68 69 69 63 61 61 64 63 61 57 61 62 62 62 62 60 64 66 63
    65 65 64 61 60 55 57 59 60 61 61 64 66 68 66 68 66 64 66 68 65 66 65
    65 64 67 65 65 66 64 63 64 63 66 69 69 74 75 76 75 76 75 76 73 69 64
    65 66 67 63 58 60 58 63 60 60 60 58 59 62 64 63 64 62 60 65 64 62 60
    62 65 65 67 66 67 66 70 68 63 66 63 64 61 61 57 57 58 62 56 56 52 55
    57 60 59 59 64 65 68 70 66 67 68 66 66 67 65 64 65 63 63 63 60 60 58
    57 61 63 62 64 65 63 63 60 58 56 58 57 59 61 61 66 68 70 67 66 65 65
    63 60 54 52 51 53 49 51 55 57 61 62 67 67 68 63 64 65 63 62 61 61 64
    64 62 62 62 64 63 62 61 63 65 63 66 63 62 61 62 64 63 62 59 60 63 67
    68 66 66 66 66 67 65 64 62 63 65 70 72 74 75 75 76 74 70 67 62 60 58
    54 53 54 51 52 55 54 55 57 57 57 58 56 60 60 64 66 67 68 73 74 71 73
    70 67 70 69 68 65 67 67 69 68 65 64 62 65 64 63 59 63 64 65 66 65 63
    66 68 64 63 64 62 60 62 58 59 63 65 66 66 68 71 70 71 70 68 66 69 71
    68 69 66 67 68 69 66 65 66 63 62 62 60 65 67 67 71 73 76 75 76 76 76
    73 70 65 64 67 67 62 59 61 58 61 60 61 63 61 60 62 65 65 65 61 59 64
    66 65 62 63 65 66 68 64 66 64 68 66 64 66 64 66 63 63 54 54 56 60 56
    54 51 54 58 57 56 55 59 62 65 68 64 66 67 65 65 65 61 61 61 61 62 63
    62 63 61 58 61 62 61 63 65 62 63 61 60 59 59 59 59 59 60 65 65 66 63
    60 58 59 56 52 48 46 47 51 50 53 59 61 64 64 69 70 68 62 62 63 61 61
    59 58 61 63 63 64 63 64 65 65 64 63 63 62 66 64 63 60 62 65 64 63 59
    59 62 66 65 63 62 62 63 63 62 60 60 61 63 67 70 72 72 73 73 73 69 66
    62 60 60 56 56 56 56 58 59 58 58 59 60 60 61 57 61 62 65 67 67 70 72
    74 72 75 73 70 71 69 69 67 68 68 70 69 69 69 68 70 70 69 64 66 66 66
    65 63 59 62 63 59 58 59 59 57 59 56 57 62 62 65 64 65 68 69 70 69 67
    65 69 71 69 67 66 66 66 66 64 65 66 66 63 63 63 67 67 66 69 72 74 74
    74 73 75 72 69 64 62 66 67 63 60 64 60 64 64 63 63 62 60 60 63 61 62
    59 56 62 64 63 60 61 63 63 67 62 64 62 65 64 63 66 64 68 66 67 61 61
    61 63 61 59 57 59 61 61 59 59 62 63 66 67 63 64 66 64 63 64 60 59 59
    60 60 61 59 60 59 58 61 62 61 63 67 65 66 63 63 61 61 61 60 59 59 63
    63 63 58 55 53 54 52 49 47 45 48 52 50 54 58 59 61 60 64 64 63 58 58
    59 57 59 57 56 60 61 63 65 65 63 65 64 63 63 63 61 66 66 63 61 63 64
    62 62 58 56 61 65 64 63 62 61 61 62 59 56 57 58 59 63 65 66 67 71 69
    69 68 65 62 62 61 57 58 58 57 58 59 58 57 59 60 60 61 59 63 63 66 68
    68 69 69 70 68 73 70 68 69 68 70 67 68 67 69 67 68 68 66 68 68 68 65
    67 66 64 63 62 60 60 60 57 57 59 59 58 59 57 59 63 64 66 66 65 67 69
    70 67 65 63 65 68 68 66 66 66 64 66 65 64 65 65 62 63 66 67 65 65 66
    68 71 71 71 72 75 73 72 69 66 68 68 65 61 66 62 65 64 65 66 64 64 63
    66 62 63 59 56 62 62 59 55 59 60 57 61 57 59 59 63 62 63 69 68 72 71
    73 58 58 57 59 58 56 56 58 61 62 62 63 65 66 69 70 66 65 66 63 61 62
    58 56 56 57 57 59 58 61 61 61 64 64 63 64 68 68 68 65 65 64 63 64 64
    60 60 63 62 64 60 56 54 55 54 53 51 47 52 54 53 57 60 60 61 61 64 65
    64 59 58 58 58 60 57 56 57 59 62 63 61 59 61 61 61 61 60 61 65 66 62
    61 64 66 63 63 61 58 63 67 64 63 65 62 64 65 62 58 61 63 61 64 65 66
    65 68 65 64 65 62 59 58 59 57 57 58 56 57 58 58 58 59 59 58 61 61 65
    64 68 69 69 69 67 68 65 68 64 65 66 65 68 66 65 63 66 61 64 64 61 65
    65 67 64 67 64 62 63 60 57 58 57 52 53 55 55 55 58 56 58 64 63 64 65
    62 65 68 68 66 66 64 66 71 69 67 68 69 67 70 69 68 70 68 64 65 67 66
    66 65 65 67 71 72 71 71 73 72 71 69 67 67 66 63 61 65 61 65 63 64 67
    64 62 60 63 58 60 56 54 59 61 58 56 60 62 60 62 59 59 60 64 61 63 68
    69 74 75 77 57 57 59 58 59 58 59 59 63 66 64 65 64 64 67 67 63 63 65
    62 61 61 57 57 57 55 56 58 57 60 60 61 63 65 65 67 70 71 71 68 69 67
    65 64 64 59 57 59 58 59 56 54 55 56 57 58 55 52 57 58 56 59 61 60 61
    61 63 65 63 58 57 59 59 61 58 57 58 60 62 62 62 60 60 61 61 59 61 60
    62 64 61 61 64 66 63 62 60 57 64 66 64 65 67 66 67 69 65 62 64 63 61
    64 66 67 66 68 65 65 66 62 59 59 61 58 60 62 59 60 61 60 57 58 56 54
    58 60 62 60 63 65 66 68 67 67 66 71 69 70 70 67 68 65 64 61 62 57 61
    61 59 61 62 64 63 65 62 63 63 63 61 61 58 55 56 57 56 54 57 56 59 62
    60 62 63 61 64 65 67 66 66 64 65 70 70 68 68 69 70 72 72 70 70 68 65
    65 66 63 62 62 63 65 69 69 68 69 71 71 70 69 67 68 68 65 64 67 64 66
    65 65 68 64 64 62 65 62 64 60 57 62 63 59 57 60 60 58 60 58 57 58 61
    61 63 68 69 74 75 79 60 60 60 59 61 58 59 58 60 63 62 65 63 64 67 66
    64 63 65 61 60 60 58 57 59 58 56 58 58 62 59 62 61 64 66 66 68 68 69
    66 67 65 62 63 63 59 57 59 59 61 59 56 56 56 58 55 53 51 55 57 57 60
    63 64 63 62 64 68 66 62 60 62 64 66 65 61 61 64 64 64 63 60 59 61 59
    57 60 58 60 62 59 60 64 66 63 63 61 56 63 63 61 63 64 65 67 69 65 64
    65 65 65 65 68 68 68 69 67 66 67 61 59 61 63 59 62 64 61 63 63 62 60
    60 58 56 61 63 64 61 62 64 65 65 62 63 62 67 65 65 64 64 65 64 63 59
    61 58 62 60 58 59 59 63 61 62 59 61 61 61 57 58 55 53 54 54 52 53 56
    54 58 63 63 64 66 64 68 68 69 65 63 62 63 66 65 66 66 69 69 72 71 69
    70 68 67 66 67 63 62 63 62 63 66 69 67 69 71 71 69 68 65 64 65 63 61
    65 61 62 61 62 64 59 60 56 61 60 62 58 57 62 62 61 59 61 60 59 60 59
    58 58 60 60 63 68 67 71 72 76 57 57 59 59 62 59 60 58 61 63 61 65 62
    63 64 65 63 62 65 58 59 57 56 57 58 57 55 56 56 61 59 62 62 66 67 69
    70 70 71 67 67 65 64 66 67 64 63 64 66 67 63 59 58 58 60 59 55 55 59
    61 63 65 66 65 64 62 64 68 64 60 58 61 65 67 65 62 61 64 65 64 60 59
    58 57 58 55 57 58 61 62 60 62 64 66 63 61 61 56 60 62 61 65 64 67 67
    70 67 65 64 63 64 64 65 66 64 66 66 64 66 60 60 60 63 59 64 63 62 64
    64 63 62 61 56 59 62 65 67 62 63 67 68 67 65 67 65 72 71 70 68 67 67
    65 64 59 60 58 64 61 60 60 61 64 63 65 61 65 68 67 65 67 61 59 59 58
    54 53 54 51 55 59 59 58 61 62 66 66 66 63 63 63 63 64 63 64 64 65 66
    68 69 68 69 68 68 69 68 64 63 64 63 65 67 68 69 72 72 72 70 68 65 64
    65 64 63 66 62 63 63 64 65 60 60 55 60 58 60 58 56 61 61 62 60 64 63
    60 62 59 59 58 60 60 62 67 66 71 72 76 58 58 60 58 62 60 61 59 62 63
    62 66 61 62 64 62 61 59 63 58 60 58 58 59 59 59 55 56 54 58 57 61 61
    64 66 67 70 69 68 64 65 65 63 65 65 63 64 64 66 66 65 59 57 56 57 57
    55 54 58 62 66 71 71 70 68 66 67 68 64 59 58 62 65 68 64 61 59 63 62
    59 57 58 58 58 59 57 58 61 61 62 63 63 66 68 66 60 62 57 58 61 60 63
    63 68 69 72 70 68 68 66 68 67 66 65 64 66 64 62 63 57 58 60 62 58 62
    61 62 62 62 61 60 59 55 59 61 65 66 63 63 65 66 65 62 65 63 69 68 68
    66 65 66 64 63 58 60 59 66 63 62 62 62 66 64 64 60 65 68 67 66 67 63
    62 62 60 55 56 53 51 55 57 57 57 60 58 62 63 64 62 61 60 58 59 60 61
    60 61 64 65 68 68 68 66 66 68 67 64 64 64 64 66 68 69 69 72 72 71 68
    67 63 62 63 62 61 66 64 64 64 65 65 60 61 56 60 59 63 60 60 65 66 66
    65 65 63 61 59 56 55 55 58 60 62 68 68 73 73 76 60 60 61 60 62 61 60
    60 62 62 60 64 59 60 60 59 58 58 62 57 59 56 58 58 60 60 57 59 58 63
    60 64 62 64 67 67 70 69 70 67 67 65 63 62 60 59 58 58 59 61 61 58 58
    57 59 58 59 57 59 63 68 70 70 70 68 66 67 68 65 60 59 62 63 66 62 59
    54 59 59 55 55 56 57 58 61 57 58 62 62 61 61 61 62 64 62 57 58 55 56
    59 58 63 63 67 69 71 69 68 68 65 66 64 62 60 60 62 62 61 61 57 60 61
    63 60 64 61 64 65 63 63 61 59 56 60 60 64 65 63 64 67 66 65 61 62 61
    65 66 63 61 61 63 62 60 56 55 57 62 60 61 60 61 64 66 67 62 67 68 68
    67 68 63 62 64 61 57 57 55 52 54 54 54 52 55 52 57 58 58 57 58 59 56
    57 58 60 61 60 60 63 65 66 67 64 65 67 67 64 64 66 66 68 69 71 70 71
    73 72 69 67 64 62 63 65 62 66 65 65 64 65 64 60 61 55 58 58 63 62 64
    67 69 70 70 70 68 66 63 61 57 57 60 61 63 67 69 73 76 78 62 62 64 63
    65 65 64 63 66 66 63 68 61 62 61 59 56 57 60 55 58 57 58 60 63 61 57
    60 58 61 59 62 61 64 66 66 70 70 71 66 66 65 63 63 61 61 59 61 62 64
    65 62 62 62 65 65 64 61 62 63 68 68 66 67 66 65 66 68 65 60 59 62 62
    64 61 58 54 59 57 54 54 57 57 57 61 58 60 64 63 61 62 63 62 62 61 57
    60 57 56 58 59 63 62 64 65 69 67 67 65 64 65 65 63 61 61 62 65 63 63
    58 60 62 63 59 61 60 61 62 62 61 61 60 56 59 59 65 63 63 62 64 63 61
    60 60 60 63 64 61 60 60 61 61 61 55 56 57 63 62 60 58 60 65 66 68 63
    68 70 72 70 71 67 67 67 65 61 61 57 54 56 56 55 53 56 53 58 59 60 57
    58 59 58 59 59 60 61 63 62 66 68 69 70 68 70 72 73 70 69 71 70 72 72
    73 72 73 74 73 70 69 65 63 64 64 62 64 66 65 63 66 65 60 60 55 55 56
    60 59 61 65 68 69 69 70 69 67 64 62 58 58 62 61 61 64 65 68 70 71 61
    61 63 63 63 63 60 61 63 62 60 63 57 58 58 56 54 55 58 55 60 56 58 62
    63 60 58 59 58 61 59 60 60 65 67 66 67 68 69 64 65 63 62 61 60 58 59
    60 61 63 65 63 64 65 68 67 67 64 65 67 71 71 71 72 70 69 70 72 70 66
    64 66 68 69 65 60 57 61 57 53 53 56 56 57 60 58 63 67 64 61 64 65 61
    62 61 57 61 59 56 57 58 59 59 63 65 68 68 68 68 67 68 66 63 61 61 61
    64 63 61 56 59 59 62 58 60 58 61 61 62 63 61 62 57 59 60 66 65 64 63
    67 66 65 63 64 62 64 65 62 61 62 63 60 61 55 56 57 61 59 58 58 60 65
    66 68 66 72 73 74 72 72 69 68 68 65 61 63 60 57 58 58 56 56 59 56 60
    61 63 61 62 61 62 63 63 65 63 65 66 69 69 69 71 71 73 75 74 72 71 74
    75 74 73 73 72 73 75 70 65 65 63 61 61 63 61 65 66 66 64 68 68 64 61
    55 55 57 60 57 58 62 66 70 71 73 70 70 67 65 62 62 63 61 62 65 64 67
    69 70 65 65 67 66 68 67 64 64 65 63 60 63 57 56 57 54 54 55 57 54 58
    57 59 63 65 61 61 61 59 61 57 59 57 63 63 64 64 64 66 62 62 60 59 61
    60 60 61 62 64 66 68 66 65 67 69 68 68 68 67 68 71 70 69 72 70 69 71
    72 72 68 67 69 70 69 66 62 59 63 58 55 54 57 57 59 62 61 65 69 66 62
    64 66 63 63 62 56 60 60 56 56 57 58 56 61 60 64 64 65 63 61 64 63 59
    56 58 57 61 61 59 55 59 60 62 59 59 59 63 63 65 65 64 64 61 61 59 63
    61 60 60 63 63 62 63 64 63 67 67 62 63 64 63 60 63 57 58 62 63 60 59
    58 57 62 62 64 63 70 71 71 70 71 67 66 67 64 60 63 60 56 59 60 59 59
    62 60 63 63 64 62 63 63 63 65 64 66 63 63 64 65 66 65 67 69 73 76 73
    73 71 72 75 73 72 72 74 75 77 74 70 68 66 63 63 65 63 67 68 67 66 70
    70 64 64 56 58 59 64 63 61 67 69 72 73 74 71 70 69 67 64 65 65 64 64
    64 63 63 63 62 69 69 70 71 72 72 69 69 67 65 60 62 56 56 55 53 53 54
    56 55 58 55 58 62 63 61 60 60 59 61 59 59 57 62 62 61 61 62 63 59 60
    58 57 60 61 60 61 62 64 66 69 65 63 63 64 62 64 64 63 66 68 68 67 70
    67 66 68 67 67 65 63 65 64 64 59 57 55 60 58 56 57 59 61 61 63 61 64
    68 66 63 63 65 63 63 61 55 60 60 55 56 56 57 57 60 59 62 62 62 62 61
    64 63 60 57 59 59 61 60 57 54 57 58 58 57 57 57 61 62 64 66 66 64 62
    63 60 65 63 63 63 65 65 63 63 64 63 65 64 61 60 61 60 58 60 56 58 62
    64 63 63 62 61 64 64 64 64 68 69 68 68 68 66 67 66 64 60 63 62 58 58
    59 59 60 64 63 63 66 66 62 65 62 62 64 62 63 63 62 63 64 64 65 70 71
    74 76 73 75 73 73 73 71 69 72 72 71 75 71 66 65 65 61 62 62 60 64 65
    66 64 67 69 65 63 55 59 59 62 64 61 66 67 72 71 73 71 68 68 65 65 67
    70 66 65 67 66 69 67 64 66 66 69 71 73 72 69 71 70 66 61 63 57 56 58
    56 57 58 62 60 62 58 58 61 61 59 58 57 57 59 59 60 60 64 62 63 61 65
    64 60 61 59 59 61 63 60 62 63 64 66 68 67 64 66 67 67 69 68 67 66 67
    65 63 64 62 61 63 62 63 61 62 63 60 60 55 55 53 59 56 56 58 60 63 61
    65 62 66 70 68 64 65 67 63 63 60 54 58 60 56 56 58 59 58 61 60 63 62
    62 62 60 63 63 57 54 57 58 59 61 59 55 60 58 58 57 58 57 60 61 62 64
    65 63 61 60 57 61 61 62 62 65 66 65 66 65 63 64 62 59 58 59 59 58 61
    58 60 63 64 64 63 64 63 66 65 67 68 71 72 69 68 66 64 63 62 60 57 59
    60 57 58 57 56 59 61 61 62 66 68 66 69 68 69 70 68 67 64 64 66 65 64
    67 71 71 74 76 72 74 73 72 71 71 71 72 73 70 73 69 66 66 65 63 63 65
    62 67 68 69 66 68 69 66 64 56 59 57 61 62 58 63 64 70 68 71 71 68 68
    64 62 65 68 64 62 65 65 68 69 64 67 67 70 71 73 73 71 72 72 68 65 64
    61 59 59 57 57 58 59 60 60 57 57 61 61 61 61 60 61 63 62 61 59 62 62
    63 62 64 62 58 62 60 58 58 60 59 61 63 60 62 65 65 62 63 65 65 69 68
    67 67 67 65 63 64 62 61 63 62 63 62 63 64 61 60 54 54 52 59 55 56 58
    60 63 62 65 62 65 68 67 64 65 68 65 66 64 59 63 64 62 62 61 60 59 60
    58 62 61 60 62 60 64 63 59 57 59 59 59 60 58 56 60 59 58 59 59 60 62
    62 64 64 66 62 62 60 57 60 60 61 62 64 64 63 65 64 62 62 59 58 55 57
    58 58 59 59 61 63 66 66 64 66 65 68 67 68 69 70 70 68 66 62 61 61 60
    58 58 59 60 59 59 59 59 63 63 61 61 65 67 65 68 66 70 74 72 70 67 67
    68 67 66 66 70 70 74 75 71 73 71 71 70 70 71 72 75 72 74 72 69 71 69
    66 65 68 65 69 69 68 65 67 68 64 63 55 58 59 62 62 60 62 66 70 69 69
    68 67 67 65 62 67 69 66 66 68 67 71 71 65 70 70 72 71 73 74 74 73 72
    67 65 64 61 58 56 54 55 57 56 58 58 55 56 62 62 61 62 61 62 65 63 61
    61 63 63 64 62 65 63 60 63 61 59 60 61 60 63 64 61 62 65 65 64 65 65
    65 70 71 70 68 66 64 62 61 58 56 58 56 59 58 61 63 60 60 55 57 55 61
    59 61 62 62 65 63 66 60 64 66 65 63 64 67 64 65 64 60 63 64 63 63 62
    60 57 57 55 58 57 57 58 58 62 62 58 57 59 60 61 63 62 60 62 61 60 60
    58 59 60 60 64 65 66 63 64 62 58 61 59 59 62 64 64 62 65 64 61 61 58
    57 55 58 59 58 62 62 64 66 67 66 65 66 63 65 63 64 67 67 66 66 66 63
    63 64 61 59 59 58 60 59 59 59 60 64 64 64 65 67 67 65 68 68 72 75 72
    71 70 69 68 66 63 64 68 68 71 71 69 70 69 69 69 69 70 73 74 73 75 72
    69 70 69 65 64 68 64 67 67 66 63 66 68 63 63 56 58 57 60 59 57 57 60
    65 64 67 67 67 67 66 63 66 69 65 63 65 63 67 68 63 72 72 74 73 74 74
    73 70 70 66 64 63 61 56 57 56 56 56 58 61 61 60 60 65 64 63 63 61 62
    62 61 59 59 61 61 62 59 64 61 59 63 61 60 61 65 63 66 67 64 64 66 64
    62 62 62 62 67 69 68 66 62 62 61 60 56 53 54 55 56 56 58 58 57 59 56
    57 58 64 62 65 66 65 68 67 68 63 66 67 66 66 67 69 67 67 65 61 64 64
    63 63 62 58 57 57 55 59 58 56 58 58 61 61 57 56 57 59 58 63 63 62 63
    63 63 61 59 59 59 59 64 62 64 62 65 64 59 63 60 61 60 62 60 59 62 60
    58 59 57 57 57 61 60 61 65 65 70 71 71 69 69 68 65 68 63 62 64 64 64
    63 64 60 60 61 59 59 59 58 58 58 58 59 60 64 64 66 66 69 70 68 70 69
    73 75 71 68 67 67 66 65 62 63 67 68 70 69 67 66 65 64 63 62 63 66 68
    68 71 68 66 66 67 64 62 65 63 67 67 69 66 68 69 65 67 60 61 59 60 59
    55 55 56 58 58 60 62 61 64 63 62 66 68 64 60 63 60 64 62 57 72 72 73
    72 73 73 73 69 69 66 64 64 64 58 57 57 59 59 59 62 61 59 60 66 63 62
    62 59 61 62 62 60 58 62 61 63 58 62 60 60 65 62 61 61 66 63 67 65 61
    62 64 64 61 61 59 61 67 70 69 68 65 64 63 60 55 53 54 53 54 56 57 59
    58 59 56 58 60 65 65 66 70 66 69 69 69 63 66 67 64 67 67 68 68 69 67
    64 67 66 66 65 64 59 57 58 54 58 56 55 57 58 60 59 57 56 57 58 56 61
    62 63 63 61 62 60 59 59 59 60 64 63 64 62 65 62 59 61 62 61 62 65 64
    64 65 62 58 60 57 58 58 61 61 61 64 64 68 67 67 66 67 68 65 68 64 63
    65 63 64 62 64 61 62 64 60 60 59 58 59 60 59 58 61 65 65 68 66 68 70
    69 71 70 73 75 71 70 67 66 66 65 62 62 66 65 66 66 62 62 63 62 62 61
    64 67 70 69 70 67 65 65 66 62 60 63 62 66 66 68 65 69 71 68 69 63 67
    65 64 62 58 57 57 58 57 59 60 59 63 61 61 65 68 64 61 65 61 66 63 57
    72 72 73 72 74 73 73 68 68 65 65 63 62 58 57 55 59 60 61 64 64 63 65
    70 68 65 64 60 62 61 60 60 58 61 63 63 60 65 63 63 68 67 63 63 68 66
    69 68 64 64 67 68 63 62 61 61 65 67 65 65 64 62 61 58 55 53 55 52 52
    53 54 56 53 54 50 54 56 62 63 63 68 67 70 69 68 62 64 66 64 65 66 66
    68 70 68 66 69 69 68 68 66 62 59 57 52 53 50 51 51 54 58 59 57 59 61
    62 62 64 63 65 66 63 62 61 62 62 62 61 65 63 65 62 64 63 59 60 61 62
    61 64 65 63 64 62 59 60 59 60 58 60 60 63 64 66 69 68 69 69 70 70 68
    68 65 66 66 64 63 62 64 62 62 63 59 60 59 57 59 57 59 57 59 62 62 64
    64 68 69 68 71 71 74 74 71 67 64 63 63 61 60 62 65 65 66 66 64 66 66
    64 64 63 68 71 74 70 69 68 68 68 66 63 62 65 62 66 65 67 65 67 68 66
    69 64 66 65 65 65 61 59 60 61 59 59 60 58 60 60 57 61 66 64 59 63 61
    65 62 57 70 70 70 70 70 70 69 66 67 64 64 63 61 58 57 56 59 60 62 65
    66 65 66 70 69 66 66 62 64 63 63 63 59 61 64 63 60 65 64 65 71 71 65
    65 69 65 68 67 61 62 66 66 62 62 60 60 63 65 63 64 64 63 62 59 58 53
    56 53 52 52 52 53 50 53 49 54 56 60 62 63 70 68 71 69 69 64 65 65 63
    65 66 66 67 68 67 68 69 69 68 66 64 63 60 56 53 55 54 55 55 56 60 62
    60 61 63 66 66 68 68 68 68 65 65 63 64 63 63 64 69 66 66 64 65 65 62
    62 63 63 63 66 66 66 67 64 62 61 60 60 60 61 60 62 63 68 71 69 72 71
    73 74 72 71 68 69 67 67 64 62 64 62 61 64 60 60 61 59 58 59 59 57 60
    62 62 66 65 68 68 65 65 65 67 65 63 60 58 59 59 59 58 62 64 64 65 64
    64 64 65 64 63 64 70 71 73 69 68 66 64 64 63 60 61 64 61 63 64 66 64
    65 65 64 67 63 63 62 63 62 58 56 57 58 57 57 57 54 55 54 52 54 59 58
    55 60 61 65 64 62 64 64 65 66 64 63 60 58 62 60 60 60 60 58 59 58 60
    63 64 65 66 65 66 70 68 64 64 61 62 60 59 60 58 59 62 61 60 64 64 66
    70 71 66 66 70 68 72 69 64 63 65 66 61 61 59 61 63 65 63 64 65 64 63
    58 59 56 59 58 56 56 57 59 55 57 55 57 60 65 64 64 70 69 69 69 69 64
    66 65 63 65 66 65 66 68 68 71 71 71 70 69 68 65 60 57 53 56 53 55 55
    58 63 64 64 63 66 66 65 65 65 66 67 66 66 65 68 66 67 69 70 66 67 65
    63 63 59 59 59 60 60 62 62 63 63 62 60 60 60 60 61 63 64 64 66 68 70
    69 71 68 71 73 72 73 69 70 68 69 64 63 65 64 64 66 62 61 63 60 59 58
    60 57 61 63 61 65 65 67 66 66 63 64 68 64 62 61 58 60 61 60 59 62 64
    64 65 66 65 66 67 67 67 66 71 71 74 72 71 69 67 68 66 64 64 66 63 65
    66 65 63 64 62 63 67 64 62 63 65 63 61 58 59 59 60 60 58 56 56 55 50
    51 56 55 54 58 60 64 65 64 65 65 66 66 64 64 62 59 63 60 61 61 60 58
    58 56 58 61 60 62 64 65 67 72 70 66 66 62 63 62 59 60 58 58 63 61 61
    64 64 66 70 72 66 67 70 68 71 67 63 60 64 62 58 56 57 57 60 63 63 66
    67 69 67 65 65 62 63 61 58 57 58 58 55 57 55 58 63 67 69 68 73 74 75
    74 72 67 66 67 65 65 67 65 65 69 69 73 72 72 70 71 71 65 61 57 55 57
    56 56 55 58 62 63 63 62 62 63 63 64 64 66 66 68 68 66 67 65 68 67 69
    64 65 64 63 64 59 59 59 61 60 62 64 63 65 63 62 62 61 61 61 62 62 61
    62 64 68 66 68 64 69 71 72 71 67 69 65 68 63 63 65 64 64 67 64 63 65
    62 60 59 61 57 62 62 60 62 64 65 63 62 58 59 63 60 57 57 56 57 59 60
    59 62 62 63 64 64 64 65 65 67 68 66 68 69 71 70 70 69 69 70 68 66 67
    67 65 65 65 65 65 67 67 67 71 69 66 68 68 66 61 59 60 58 59 58 57 56
    57 56 53 54 58 57 57 60 62 66 67 67 64 64 64 64 63 64 61 60 63 61 63
    64 63 62 62 58 60 63 63 63 64 64 67 70 69 64 65 62 64 62 62 65 64 64
    66 64 63 66 66 66 68 71 67 68 71 67 69 65 61 58 63 60 57 56 56 57 58
    62 60 64 65 67 66 64 65 61 63 62 60 59 58 59 55 59 57 60 63 65 67 67
    74 73 74 75 74 71 73 72 70 68 69 66 64 67 65 68 66 68 67 68 69 66 62
    59 60 60 59 61 60 61 63 63 63 61 61 61 62 64 65 68 68 70 71 67 68 65
    67 65 66 62 65 67 65 66 62 63 62 64 63 65 66 64 65 63 61 63 60 60 61
    61 60 59 61 61 65 64 65 63 69 70 69 69 65 66 63 66 61 60 62 62 63 65
    63 62 64 63 62 60 62 57 61 60 58 61 61 63 60 61 57 57 59 54 53 51 53
    53 55 56 56 61 62 63 62 63 64 64 64 65 65 62 65 66 67 68 68 66 67 67
    67 64 65 64 63 64 62 63 62 63 63 64 67 66 63 64 64 64 59 58 57 57 60
    62 62 60 60 58 54 53 55 53 52 55 58 61 63 64 66 66 67 68 66 65 61 60
    63 61 61 62 60 62 62 61 62 67 66 65 66 66 68 68 67 62 64 63 64 63 63
    67 66 65 68 66 63 64 65 66 67 71 65 67 69 65 66 62 58 57 60 58 57 57
    57 58 59 60 60 64 65 67 65 65 68 66 68 66 63 64 61 60 56 58 56 57 61
    62 65 65 73 74 75 77 78 76 77 75 73 69 69 66 63 64 62 67 64 66 64 64
    64 63 61 59 59 61 61 62 62 61 63 62 63 61 60 59 57 59 60 63 64 64 66
    65 67 65 67 66 65 62 64 66 65 66 63 62 63 64 63 63 64 65 67 65 65 65
    63 62 62 60 58 59 59 60 65 63 64 62 68 67 68 68 65 68 65 69 63 62 61
    60 59 60 58 56 60 61 61 60 61 56 60 59 58 61 60 62 62 63 59 58 60 55
    53 52 52 54 56 59 58 61 64 66 65 66 65 65 65 65 63 59 61 61 63 63 63
    63 65 66 66 65 65 65 64 63 61 62 63 62 63 63 67 68 65 65 63 65 58 59
    57 57 59 59 60 58 60 59 55 53 55 53 53 54 55 56 59 58 63 63 64 66 67
    67 66 66 68 67 66 67 63 66 65 63 65 67 65 64 64 64 67 67 64 61 64 62
    65 64 62 66 65 65 68 65 64 62 65 66 67 71 66 66 66 64 65 62 60 57 62
    63 63 63 63 63 63 64 63 67 67 68 66 64 67 66 66 63 60 61 60 60 54 56
    53 56 59 59 62 62 71 71 71 73 73 74 74 73 69 66 67 64 62 62 61 65 63
    67 65 65 65 65 63 60 60 59 59 61 61 60 62 62 63 62 60 58 56 57 56 60
    60 59 61 62 65 64 68 65 64 64 66 67 64 65 63 63 64 66 65 65 66 65 65
    66 63 62 59 59 58 57 56 55 57 58 63 62 62 59 65 65 66 65 62 66 64 70
    64 63 61 63 63 63 63 59 64 64 64 62 62 58 62 63 62 65 64 64 65 64 61
    59 58 55 54 54 53 54 57 60 60 61 64 66 67 70 67 68 68 70 69 65 66 65
    67 66 66 66 67 69 67 66 67 68 66 64 62 62 63 62 63 62 66 67 64 64 62
    64 58 58 56 55 58 60 62 61 62 61 59 56 58 55 54 54 57 58 60 60 64 64
    65 64 65 65 65 66 67 66 64 66 64 68 67 65 65 68 67 66 65 65 69 68 65
    62 64 63 65 64 61 65 64 63 67 63 64 62 65 66 67 71 66 69 67 66 65 62
    60 57 61 59 60 58 59 59 60 60 61 65 65 67 65 66 68 67 67 64 61 62 60
    59 55 57 55 57 60 60 63 63 71 73 72 73 74 76 75 73 70 65 65 63 61 60
    59 61 57 61 60 62 62 62 62 61 63 64 65 64 64 62 62 62 61 59 56 54 54
    55 55 60 63 63 64 65 67 67 70 66 66 66 68 70 69 70 66 65 64 66 64 62
    62 61 61 63 62 61 62 61 61 62 59 59 61 61 64 64 61 58 63 64 64 62 60
    64 63 71 64 61 59 61 59 60 61 57 63 62 63 61 62 57 60 61 61 64 65 66
    66 67 64 60 59 55 55 55 55 56 60 63 61 63 64 66 66 67 63 64 64 67 66
    64 65 64 67 67 68 68 70 71 69 69 70 70 69 67 62 62 63 60 60 59 64 64
    61 61 59 63 58 59 55 57 62 64 66 65 65 64 63 59 60 57 56 56 60 59 60
    61 62 62 63 62 63 64 65 68 70 69 68 70 70 73 70 68 68 71 67 65 64 63
    66 65 61 60 65 66 68 69 67 68 68 65 67 64 65 61 63 64 65 68 66 68 67
    65 65 62 61 57 59 57 59 58 59 60 61 62 64 68 67 68 66 66 68 68 65 62
    60 62 60 57 54 57 57 58 60 60 64 67 73 73 70 72 73 75 73 71 67 64 65
    63 59 59 60 61 58 59 60 61 63 62 61 61 64 67 68 68 69 66 66 66 66 62
    58 56 53 56 57 61 63 64 66 66 68 68 68 65 65 66 68 70 70 72 70 68 67
    66 63 61 60 59 58 61 61 62 62 60 62 61 61 58 61 59 65 66 64 62 67 68
    67 66 63 65 63 68 62 61 60 61 59 60 61 56 61 58 57 57 56 53 57 59 59
    63 63 62 63 62 59 54 52 50 51 54 56 58 60 65 63 64 66 66 66 66 63 62
    65 67 66 65 64 62 64 64 66 66 67 69 68 68 69 69 69 66 63 61 62 60 60
    59 64 64 62 62 61 65 61 62 56 57 62 64 65 65 67 64 64 60 60 58 57 55
    58 59 60 61 60 60 62 61 63 64 67 69 71 71 69 70 69 72 67 65 64 67 64
    62 60 60 63 64 59 56 60 64 66 66 64 65 67 66 68 65 65 63 64 65 67 70
    68 69 68 67 67 64 64 60 60 60 62 61 60 62 62 63 67 70 67 67 68 66 66
    67 63 60 58 60 57 55 53 55 54 54 56 57 62 66 73 73 71 73 77 76 73 72
    67 63 63 61 57 58 59 59 57 58 60 64 65 62 61 60 63 66 66 66 68 67 66
    66 65 61 57 53 52 54 56 61 64 65 66 67 68 68 68 65 63 64 67 68 68 69
    68 66 67 67 63 62 60 60 57 59 60 62 64 62 63 61 63 62 63 60 64 66 63
    63 67 65 64 64 59 61 61 65 60 62 62 63 63 63 64 60 63 60 60 58 57 53
    56 59 58 60 59 58 61 63 61 57 56 56 56 59 61 61 63 66 64 66 68 69 67
    69 65 64 66 69 67 63 61 58 60 63 65 63 67 69 70 71 72 71 71 70 65 65
    65 63 63 64 66 65 64 63 61 65 59 60 56 57 61 63 66 65 68 65 64 62 61
    59 56 55 56 57 57 57 61 61 62 61 64 66 71 73 74 73 73 74 72 73 67 65
    65 69 63 61 60 63 65 65 61 60 64 70 73 72 68 70 68 67 67 63 63 60 64
    63 66 67 67 68 66 65 63 61 62 59 60 61 63 64 63 64 64 64 67 69 67 66
    67 67 66 67 63 60 58 60 56 54 52 54 53 53 55 54 62 66 73 71 70 71 76
    77 73 73 66 64 64 64 60 60 62 59 59 60 63 66 64 62 60 60 62 64 66 64
    67 65 64 64 63 60 56 54 53 56 60 65 66 65 67 66 67 67 65 61 61 65 66
    68 70 71 70 70 70 69 66 65 63 64 62 64 65 67 68 67 67 63 64 64 65 64
    66 68 63 66 70 65 62 60 58 60 61 62 59 60 59 60 60 59 60 58 59 58 60
    61 58 55 57 58 58 60 58 57 61 62 61 58 55 54 55 58 58 59 59 63 63 66
    67 66 65 66 66 64 66 67 67 64 63 60 60 64 64 64 66 67 69 68 70 68 72
    69 66 66 66 65 63 63 64 65 65 63 59 61 58 60 54 55 58 60 65 67 69 67
    66 64 62 61 56 54 53 52 52 51 58 58 60 60 62 64 69 72 75 76 75 75 74
    75 69 68 67 69 64 62 62 63 65 64 62 62 67 74 76 74 71 72 71 69 69 64
    63 60 63 62 64 66 64 64 62 61 60 59 59 56 58 61 64 67 66 68 69 70 72
    72 69 67 67 65 65 64 63 60 60 61 56 56 55 58 56 54 54 53 59 63 67 64
    62 64 69 74 70 69 64 65 65 67 63 59 61 56 59 59 63 65 62 62 60 60 61
    63 64 63 68 67 66 68 66 64 58 56 54 56 59 61 62 61 62 64 65 64 64 61
    63 67 67 68 70 70 71 70 70 69 67 67 64 66 63 65 67 68 71 71 71 67 68
    69 69 65 66 66 64 66 69 63 60 59 59 60 61 61 59 62 62 63 62 62 63 60
    61 59 60 61 57 54 54 56 56 59 56 57 61 62 63 61 60 59 61 64 65 66 64
    67 65 67 69 67 67 68 67 64 67 67 67 64 65 64 65 69 67 67 67 68 69 67
    66 67 70 68 65 65 62 60 59 58 61 61 62 59 57 60 59 59 53 54 58 60 65
    66 68 68 68 67 64 63 58 56 54 52 50 49 62 62 63 64 65 66 69 72 72 74
    72 70 69 69 65 66 65 67 63 63 64 65 68 67 64 64 68 73 73 71 66 66 64
    62 65 60 59 57 60 60 63 64 62 63 61 61 60 59 60 57 56 61 64 68 69 70
    71 72 76 74 72 68 68 67 66 66 62 59 58 60 56 55 55 57 55 53 55 54 61
    65 69 65 64 66 68 71 68 67 60 63 64 67 64 60 60 56 61 59 63 64 60 59
    59 59 56 59 58 57 63 63 63 67 66 64 60 58 55 56 57 58 59 58 61 63 64
    65 66 64 65 70 68 69 72 71 72 69 71 70 68 67 64 69 64 69 68 68 71 69
    69 66 68 67 69 67 67 68 65 67 69 64 61 60 61 61 62 62 61 64 65 65 63
    64 64 61 61 58 59 59 56 54 55 56 58 61 59 60 65 65 66 65 63 62 62 65
    66 67 65 69 66 68 71 69 67 69 67 64 67 67 65 65 65 62 63 65 64 63 64
    64 65 65 67 66 68 66 65 66 64 63 61 61 62 61 61 59 57 58 58 57 52 53
    57 57 60 62 64 64 66 68 64 64 61 58 56 54 52 50 56 56 57 58 60 62 66
    71 73 76 74 74 72 73 69 69 66 66 63 64 64 64 67 65 65 64 66 69 70 68
    64 65 61 61 65 62 62 60 62 63 65 65 62 63 62 62 60 58 59 57 58 62 63
    67 70 72 73 74 76 74 71 68 67 64 62 61 58 54 53 54 50 50 53 56 55 54
    57 56 63 64 66 61 60 61 64 68 66 66 60 65 66 68 67 62 63 59 64 62 65
    67 62 62 61 59 57 58 58 57 63 63 62 68 67 65 62 61 59 60 63 63 63 61
    65 64 65 67 68 65 65 68 67 67 70 69 69 69 72 71 68 68 64 67 63 66 66
    67 69 69 69 67 69 68 69 66 65 67 66 67 68 64 60 60 62 60 60 58 58 60
    62 63 62 63 64 63 64 61 61 61 58 57 57 57 57 59 58 59 63 63 63 62 61
    62 61 63 64 62 62 66 65 66 69 67 65 68 66 63 65 66 65 65 65 61 63 65
    65 64 64 63 65 66 67 65 69 68 67 67 64 64 62 64 61 60 59 58 59 60 60
    59 56 56 60 61 61 64 65 64 67 68 64 64 63 60 59 59 56 55 59 59 60 61
    59 61 63 66 67 70 70 68 69 69 66 65 64 67 65 65 66 67 68 69 70 67 68
    71 72 70 66 66 62 63 65 62 62 61 63 61 65 65 64 65 65 65 63 62 63 59
    58 60 60 64 68 69 70 74 77 74 72 68 69 68 66 66 63 62 61 61 55 55 59
    60 59 57 59 60 67 70 71 68 66 67 70 71 68 66 61 66 66 68 67 65 66 63
    66 63 67 69 62 61 59 57 57 60 60 61 66 65 65 71 69 65 63 60 60 61 64
    62 64 64 66 65 64 65 65 63 62 65 64 66 70 68 66 67 70 67 65 65 64 68
    67 70 69 72 74 74 73 71 73 71 71 68 65 67 66 67 67 64 61 61 64 62 62
    60 59 62 64 63 62 62 62 62 62 59 59 60 58 57 57 55 53 55 54 55 59 61
    60 60 61 60 60 63 65 63 63 67 66 69 71 67 63 65 66 62 64 63 60 61 63
    61 62 66 64 63 65 65 65 66 66 63 69 69 67 65 63 62 62 62 58 56 57 56
    58 58 59 59 57 58 60 61 61 63 63 63 66 69 64 65 63 62 60 59 56 54 59
    59 62 63 61 63 64 67 69 72 71 68 68 67 64 64 63 64 63 63 64 66 69 68
    69 67 68 72 72 69 64 65 62 63 63 61 61 61 63 60 61 62 62 62 63 63 64
    63 66 61 60 63 64 68 70 70 70 74 78 74 70 68 67 68 66 66 63 62 63 61
    56 55 58 59 59 58 60 62 69 72 72 68 66 67 69 69 66 64 62 67 68 70 68
    66 67 65 68 65 67 67 62 63 60 57 57 58 58 60 65 64 65 72 72 69 68 66
    65 66 68 65 65 65 68 67 67 65 66 64 61 64 64 63 65 65 63 66 70 67 65
    67 66 71 71 73 71 73 74 73 72 68 70 69 69 67 64 66 66 67 67 64 61 62
    66 64 63 60 59 62 66 65 63 62 62 64 64 62 61 61 59 60 62 59 56 58 56
    56 60 60 57 58 58 57 57 59 59 57 57 61 63 66 69 67 64 68 68 66 66 65
    62 61 62 60 60 65 63 63 64 67 67 68 68 63 68 67 67 64 63 62 63 64 60
    60 62 61 63 61 62 61 60 58 59 60 59 61 62 62 64 69 64 64 63 62 60 60
    58 54 60 60 64 65 65 68 68 69 71 74 71 68 68 66 65 67 65 66 65 65 65
    67 70 68 69 67 68 70 71 66 61 63 59 61 62 60 60 61 63 60 62 63 60 61
    62 65 63 65 66 63 63 66 65 68 70 68 68 71 74 70 68 65 65 66 65 65 63
    64 65 63 59 58 61 62 62 60 62 65 71 73 73 68 68 68 68 69 67 66 64 69
    68 69 69 66 65 63 66 64 66 67 63 64 63 61 59 60 60 61 65 63 63 69 70
    68 67 64 64 66 69 66 65 65 66 67 67 66 68 66 63 66 66 64 65 62 58 62
    66 64 64 65 64 70 73 74 71 71 72 72 71 69 68 67 68 67 62 63 64 64 63
    62 59 58 61 59 60 57 57 59 61 61 59 59 59 62 63 63 63 65 65 64 64 61
    58 59 57 57 59 63 61 62 63 59 59 59 59 56 58 60 63 66 68 67 64 67 65
    62 62 61 59 58 58 57 59 63 62 61 62 64 64 65 65 62 65 66 67 66 65 64
    63 64 60 59 59 58 59 57 58 56 58 57 58 59 60 62 62 63 63 67 62 61 60
    60 57 57 56 52 64 64 67 68 68 73 72 72 73 73 71 68 69 67 67 67 66 68
    67 67 65 68 72 69 70 69 68 69 69 66 60 64 60 60 61 61 62 62 62 58 59
    59 57 57 59 60 60 62 63 59 61 63 62 64 67 64 64 68 69 66 63 62 60 63
    63 64 63 65 67 64 63 64 67 69 68 66 69 71 73 74 71 66 66 67 65 67 68
    67 67 71 71 72 73 71 67 65 67 66 68 67 63 64 64 64 62 63 61 62 66 64
    65 70 72 69 70 69 68 69 70 67 64 64 64 64 64 64 65 63 61 63 63 62 63
    61 57 62 66 65 65 66 65 70 74 73 69 69 70 71 69 68 64 62 66 64 59 58
    61 61 62 62 61 61 65 62 60 57 57 58 58 57 55 57 59 61 62 61 62 64 64
    63 62 60 58 60 60 61 62 64 64 65 65 60 59 58 59 55 56 58 60 62 64 64
    61 64 62 60 58 58 56 55 56 57 58 62 61 61 62 63 61 61 62 60 62 61 63
    63 64 62 61 62 61 60 60 60 60 57 60 58 58 58 59 60 61 64 63 65 68 71
    66 64 63 63 61 60 58 53 68 68 70 70 70 74 71 70 71 71 68 64 65 63 64
    65 64 65 67 68 66 69 71 69 70 67 65 65 64 62 58 62 60 62 65 65 68 66
    66 62 62 63 60 60 61 63 65 67 68 63 65 66 64 65 65 63 63 66 67 65 62
    61 60 61 61 63 62 64 66 63 63 64 67 67 66 65 68 71 73 73 69 66 66 67
    64 66 67 65 67 68 69 68 68 64 60 60 61 61 62 61 59 62 64 63 63 63 62
    64 67 64 64 67 68 66 68 66 68 68 69 67 64 66 65 65 64 64 66 65 63 63
    63 63 63 62 57 61 66 66 64 66 66 69 73 72 67 67 68 68 65 64 63 61 64
    63 59 59 63 62 60 61 60 61 64 60 59 58 57 59 59 58 57 59 60 62 65 64
    62 63 65 64 62 61 59 61 63 63 62 66 66 69 69 64 62 62 65 59 60 59 61
    63 64 65 61 66 63 61 59 60 56 56 55 55 55 59 58 59 60 60 58 59 61 59
    60 61 64 63 66 65 66 66 66 64 63 63 62 60 60 58 59 59 58 58 58 59 57
    60 62 67 64 63 64 65 65 64 63 57 70 70 74 73 73 76 74 72 72 70 67 65
    67 65 65 66 67 68 68 68 65 67 70 67 68 66 64 64 61 60 56 61 58 59 61
    63 67 65 66 63 65 65 62 61 63 66 67 67 67 65 66 66 64 63 63 60 59 62
    64 63 60 57 57 58 60 63 60 62 64 64 63 65 68 65 65 64 66 68 70 70 67
    65 67 68 65 65 66 65 65 66 66 64 66 64 60 61 62 62 61 61 58 60 61 60
    59 60 59 62 63 60 60 62 64 64 67 66 68 68 71 71 69 69 70 68 67 69 69
    68 65 64 63 64 63 63 57 60 63 64 63 62 63 66 71 70 66 65 66 67 64 62
    60 59 62 63 61 61 63 64 62 63 64 63 64 60 59 59 58 58 60 58 59 60 60
    62 63 63 61 63 64 65 66 65 66 66 67 65 64 67 66 67 65 60 59 60 62 56
    57 56 59 62 64 65 62 66 63 64 62 61 57 57 55 54 53 55 56 56 57 58 57
    59 61 60 60 62 66 63 68 69 69 69 69 67 65 67 65 63 61 59 59 58 56 55
    56 56 55 58 60 66 65 64 64 66 66 65 63 58 71 71 74 73 74 76 74 72 73
    70 68 66 67 65 67 67 68 68 69 68 66 70 71 68 68 67 65 66 63 63 60 66
    63 66 66 67 70 67 67 63 66 66 64 62 63 67 68 69 69 67 69 69 68 64 62
    60 57 58 61 61 56 54 55 56 60 63 60 62 66 66 65 69 68 66 65 65 66 68
    71 69 68 66 67 67 64 64 65 64 66 65 67 64 65 64 61 62 59 61 58 59 58
    59 61 60 61 62 62 65 66 63 61 62 64 64 67 66 68 69 72 72 70 71 71 69
    67 68 69 68 65 62 61 61 60 59 54 57 59 61 59 59 60 62 68 65 63 63 65
    68 65 63 60 59 61 62 60 60 64 64 64 63 65 64 63 58 56 55 55 57 58 56
    59 61 63 65 66 67 64 67 67 67 67 67 67 67 66 66 65 68 68 67 64 59 59
    58 60 55 56 53 57 58 59 61 59 63 61 63 63 63 63 62 60 60 60 60 60 61
    62 63 61 61 62 63 62 62 65 63 68 68 69 70 70 70 70 69 65 66 64 62 62
    60 57 58 60 59 59 61 63 68 66 66 65 66 65 63 61 58 72 72 76 76 75 75
    73 73 74 71 69 69 70 67 70 68 69 68 68 66 65 70 70 70 67 67 67 69 65
    65 62 66 65 66 65 65 69 66 66 61 65 65 64 61 62 65 67 70 69 69 70 70
    70 68 64 60 57 57 60 60 54 51 52 54 59 63 61 65 70 71 72 74 72 68 66
    63 63 67 69 68 67 66 68 69 66 64 65 65 67 65 65 63 64 64 61 61 60 62
    61 61 62 62 64 64 64 66 64 66 67 64 64 61 63 63 67 64 67 67 67 67 65
    66 66 65 63 65 66 67 68 63 61 62 61 58 54 56 57 60 59 61 63 66 71 68
    65 64 65 66 62 59 56 56 58 59 58 58 61 65 65 65 67 67 64 61 59 57 57
    60 61 57 60 61 62 64 64 64 63 66 69 68 69 69 71 71 69 68 66 68 67 67
    63 56 59 59 60 56 57 54 57 61 59 60 60 64 61 64 65 65 65 64 62 62 62
    61 61 62 61 63 62 62 64 65 62 63 65 64 69 69 70 69 72 70 72 70 64 65
    64 63 61 59 56 58 62 61 61 63 66 73 70 70 68 68 67 65 62 58 72 72 75
    74 74 75 72 72 74 72 70 70 72 69 72 71 71 68 69 67 67 68 68 66 63 64
    64 66 63 63 62 66 66 67 66 65 67 64 64 61 63 62 60 57 58 60 62 64 62
    64 66 68 68 67 63 59 57 57 58 57 52 51 51 53 58 62 62 66 69 70 72 74
    71 69 65 63 64 66 67 65 65 64 66 66 63 64 66 65 67 64 66 65 65 63 59
    61 62 65 63 62 65 66 67 68 66 67 64 63 63 61 62 59 59 62 67 68 71 72
    74 73 71 71 72 70 69 71 71 74 72 67 64 63 61 59 55 55 57 60 60 63 62
    65 68 66 64 63 64 64 62 59 59 60 61 63 63 62 66 69 69 67 68 67 66 62
    60 57 56 60 60 57 60 63 63 65 65 65 65 68 70 68 69 70 72 72 69 69 64
    67 67 66 62 55 58 56 57 53 53 52 54 58 56 60 61 64 62 65 67 66 67 66
    64 64 63 60 61 62 61 61 60 58 60 61 56 56 59 59 65 67 68 69 72 71 73
    72 66 66 66 63 63 62 58 59 62 60 61 63 64 68 67 66 66 64 64 61 61 57
    75 75 76 75 76 77 75 74 75 73 71 73 72 69 72 71 70 68 68 67 68 70 69
    67 63 63 63 64 60 61 62 67 67 68 68 70 72 68 66 63 67 65 64 58 58 61
    61 63 60 63 65 68 67 65 62 58 57 56 57 56 53 51 52 54 58 62 61 66 68
    71 72 76 72 69 65 64 62 64 65 62 61 60 63 63 61 61 63 62 64 62 62 62
    63 64 61 64 66 68 67 66 67 67 68 67 66 68 64 63 65 63 61 58 58 60 64
    66 67 69 70 71 70 69 69 66 65 69 68 72 71 68 66 66 65 62 61 59 60 63
    61 63 63 62 64 62 60 58 60 60 59 58 57 58 61 63 64 63 66 69 67 65 65
    64 62 58 56 54 55 59 59 56 61 64 64 64 63 64 63 67 69 67 67 68 71 70
    68 67 60 63 63 62 60 54 56 54 57 55 55 52 53 57 57 60 60 62 61 65 65
    65 66 66 63 64 63 61 63 64 62 59 60 57 60 61 56 58 60 61 66 66 64 64
    68 65 68 68 63 66 66 65 65 65 62 61 64 62 62 64 64 68 66 69 67 65 64
    61 60 59 75 75 76 74 73 74 71 72 71 69 68 69 67 65 67 65 65 62 64 65
    68 69 66 66 64 64 61 62 60 61 63 66 67 69 70 70 73 68 66 63 67 64 63
    58 57 60 62 64 59 61 63 66 66 63 60 57 58 58 59 57 54 53 54 54 59 61
    61 64 68 70 70 75 70 66 62 61 59 60 61 59 59 59 62 61 61 60 61 59 60
    59 59 60 61 62 62 67 68 68 66 64 65 66 66 65 64 68 64 65 65 63 61 58
    56 57 61 63 66 66 67 68 69 68 68 64 62 65 66 69 67 64 64 65 65 64 64
    61 62 64 60 63 62 61 60 58 57 56 58 57 58 56 58 62 63 65 65 64 66 67
    65 62 62 61 61 59 57 57 57 61 64 61 65 67 67 67 67 65 63 66 66 65 66
    66 70 70 69 67 63 64 64 62 59 56 56 55 58 55 56 54 54 55 57 59 60 63
    61 64 65 65 67 68 66 68 66 66 66 67 63 61 62 60 62 62 59 60 62 61 63
    62 62 60 63 63 68 69 65 69 69 67 68 67 62 62 62 60 60 64 66 68 68 70
    69 66 67 62 59 59 71 71 74 74 70 70 67 67 67 67 65 66 66 64 66 66 67
    63 65 65 68 69 66 64 63 64 61 63 61 62 66 68 69 71 72 70 70 67 65 64
    67 63 61 58 58 62 63 65 60 63 65 68 69 66 62 59 61 60 61 59 56 53 53
    54 58 61 60 62 65 68 68 71 67 64 62 62 60 62 63 61 61 61 63 62 61 60
    59 58 58 58 59 59 60 61 62 68 68 68 64 62 64 65 65 63 65 67 66 66 65
    61 57 56 52 55 56 58 61 64 67 68 71 70 71 66 64 68 69 71 70 68 67 70
    70 69 66 63 63 63 61 64 64 62 60 58 57 57 59 57 58 58 61 66 66 69 69
    70 70 70 67 64 64 63 62 60 59 61 62 64 67 65 69 70 69 68 67 66 63 66
    66 65 66 66 68 69 68 65 62 62 60 59 57 54 56 56 59 59 61 60 59 60 60
    60 61 63 60 64 66 64 66 69 66 65 65 64 64 67 63 62 65 64 63 64 61 62
    64 61 62 63 64 62 63 63 68 68 65 69 70 68 70 68 64 63 63 62 62 67 67
    69 70 73 72 69 67 63 61 61 68 68 69 71 69 69 67 69 67 67 66 68 66 66
    66 66 67 63 64 63 65 65 63 63 60 63 62 62 63 62 66 67 67 70 70 69 67
    66 64 62 66 60 60 56 56 60 61 64 59 62 62 68 71 68 66 63 66 65 66 64
    58 55 53 55 58 60 59 59 63 65 66 68 66 64 63 62 61 63 63 60 60 58 62
    63 61 59 59 59 59 60 58 59 62 64 65 68 69 69 66 62 65 65 66 64 65 68
    66 67 65 60 56 56 53 54 57 59 61 64 67 66 70 67 68 64 63 66 67 68 66
    65 65 66 67 65 66 64 65 65 61 64 63 61 59 56 54 54 56 55 55 58 58 64
    64 66 68 68 69 67 65 61 61 61 60 61 58 60 62 65 69 66 68 67 67 67 66
    65 62 65 66 65 65 67 66 67 64 63 61 59 57 54 55 54 57 54 56 59 61 62
    61 61 60 61 62 63 60 63 65 63 67 70 67 68 69 67 66 69 66 66 70 69 67
    68 67 67 67 64 63 61 61 61 61 62 68 66 65 69 72 69 69 67 65 67 65 65
    64 67 68 69 67 70 68 65 64 61 59 61 71 71 70 71 67 69 66 67 66 65 66
    68 65 63 66 65 65 61 62 62 65 66 63 63 59 60 60 60 62 61 64 63 64 67
    66 65 64 62 61 61 64 60 62 59 57 61 65 68 64 67 67 70 73 70 67 62 65
    62 61 59 57 53 51 55 58 59 60 62 63 65 67 67 63 65 63 65 65 69 68 66
    66 64 68 66 63 60 61 60 59 60 58 60 61 63 63 66 69 68 64 60 65 65 66
    67 67 70 68 68 64 60 57 57 53 54 56 60 62 65 67 65 68 67 67 63 62 64
    66 67 64 62 64 64 65 63 62 62 64 63 59 64 62 60 59 56 54 54 55 53 54
    57 58 62 63 64 66 67 67 64 64 61 60 62 62 62 61 62 64 64 67 64 65 65
    66 66 66 66 64 67 67 66 63 66 63 63 61 60 57 56 56 50 53 54 57 54 57
    60 64 67 64 61 59 61 60 62 57 60 64 62 65 69 68 69 71 69 68 71 70 69
    71 69 66 67 66 65 64 62 63 60 60 60 59 61 66 64 63 68 72 69 71 71 70
    72 70 70 71 72 72 70 67 70 70 66 63 61 59 63 69 69 68 68 65 68 66 68
    66 65 66 70 68 66 66 64 66 62 61 60 63 62 59 62 58 60 60 59 62 61 64
    61 62 64 64 64 63 62 61 63 65 61 63 62 62 65 69 70 67 69 67 68 69 69
    66 63 66 65 65 64 62 57 54 58 59 59 61 63 64 65 67 65 65 65 62 63 62
    65 65 65 63 62 67 65 62 59 59 58 57 57 54 58 61 63 65 67 72 71 67 61
    63 64 65 65 64 67 66 67 64 60 56 56 53 54 57 60 61 65 68 66 69 68 68
    65 64 65 64 67 64 64 66 64 67 65 65 64 66 64 62 66 65 63 63 60 58 58
    57 55 55 59 60 64 65 67 66 67 67 65 63 60 58 61 64 65 65 65 66 66 67
    64 64 63 63 62 63 64 64 68 68 66 65 66 62 62 61 58 55 54 54 50 54 55
    57 56 61 63 66 69 65 62 60 61 59 61 57 59 62 60 61 64 62 63 64 65 64
    69 68 68 71 69 67 69 67 65 66 63 61 59 58 56 58 60 64 64 65 67 73 71
    73 72 71 71 69 70 69 71 71 70 67 70 69 67 65 64 61 62 71 71 70 70 67
    70 69 69 66 65 65 67 66 64 63 63 65 63 62 62 63 62 60 61 57 59 57 57
    61 59 63 61 62 64 64 64 61 61 60 60 62 59 61 61 62 65 69 70 68 69 65
    66 68 67 65 63 65 66 68 67 66 63 60 63 62 60 61 61 60 61 63 60 61 64
    63 64 63 66 66 67 64 63 66 66 62 58 58 57 56 57 53 56 61 64 66 69 73
    69 66 61 62 64 66 64 62 65 65 65 62 58 52 53 51 52 54 59 61 65 70 70
    74 73 73 70 70 69 69 70 66 66 69 67 68 69 68 67 69 65 61 62 62 57 57
    54 52 51 52 52 53 57 58 64 65 66 65 65 64 62 58 57 56 58 62 64 62 65
    66 63 66 64 63 63 65 64 64 65 65 67 67 65 63 65 62 62 62 61 59 58 59
    55 59 60 61 58 63 65 66 66 63 61 59 60 59 61 58 61 64 63 64 66 63 64
    66 66 64 69 68 68 71 68 68 69 69 66 67 63 61 58 55 53 54 56 58 59 62
    66 70 67 70 71 71 72 69 70 70 72 70 66 65 68 67 65 62 60 58 61 70 70
    69 69 66 69 69 68 64 63 64 64 64 64 63 64 67 66 64 63 63 63 59 60 56
    58 56 57 60 58 62 60 60 62 64 63 62 61 61 62 64 61 62 63 64 69 74 74
    72 72 68 69 70 68 64 62 64 66 68 67 66 63 59 63 62 60 59 58 59 59 61
    60 63 65 65 66 65 67 69 68 64 61 66 66 62 59 58 59 59 62 56 57 61 64
    66 67 71 65 65 61 61 64 66 66 62 66 66 66 64 58 52 52 52 52 52 57 58
    62 66 66 70 68 69 67 66 67 67 66 63 64 67 66 65 65 66 66 66 63 60 60
    62 57 57 52 53 51 52 52 52 55 55 60 60 62 60 60 60 59 57 56 55 58 62
    65 64 66 66 65 68 66 65 64 65 64 66 67 65 69 68 65 65 67 64 64 64 62
    62 61 63 57 62 62 63 60 66 68 68 68 66 64 63 62 60 62 58 60 60 60 61
    65 62 63 67 68 67 71 68 68 72 70 70 71 73 69 70 67 63 60 54 53 53 55
    59 58 61 64 70 67 70 69 70 73 70 71 70 72 70 68 66 69 67 66 64 61 58
    62 67 67 65 67 63 67 67 66 62 60 61 61 63 62 62 63 65 67 65 63 64 64
    59 61 58 58 58 61 63 61 64 61 63 64 65 62 59 58 60 61 62 60 60 61 64
    67 70 71 69 70 67 68 69 69 66 65 65 66 69 70 68 65 61 63 63 61 61 59
    59 58 61 59 63 66 63 62 63 65 66 65 61 60 65 65 60 60 59 61 61 61 57
    57 60 61 62 62 64 60 60 57 60 62 64 64 61 64 66 68 63 61 54 56 55 56
    55 58 61 64 70 69 73 72 73 70 71 70 69 68 64 64 66 66 63 64 62 63 62
    59 58 57 60 56 57 54 56 55 57 57 56 58 58 63 62 64 60 62 63 62 60 59
    59 61 64 65 64 66 65 65 67 64 64 63 63 63 66 67 66 70 68 65 65 66 64
    64 64 63 62 61 62 59 62 62 63 61 66 68 69 69 66 65 63 63 62 63 60 61
    63 63 63 68 64 64 67 67 66 69 66 67 71 70 69 72 73 70 71 67 63 61 57
    55 54 58 60 60 63 65 70 68 71 69 68 72 68 69 69 70 68 66 65 66 67 65
    63 60 60 63 65 65 62 64 61 65 66 66 62 61 62 65 67 67 66 66 69 71 69
    66 65 66 61 63 58 58 58 60 63 61 66 64 65 65 66 64 60 58 60 62 63 61
    63 63 67 69 69 68 69 69 65 66 68 69 66 64 63 64 67 69 66 62 60 62 62
    58 59 56 56 57 59 58 61 65 63 63 64 65 65 65 62 61 65 66 63 62 61 63
    62 61 56 55 56 58 59 60 62 60 62 59 62 63 66 64 62 64 65 67 63 61 56
    57 58 59 58 61 63 66 71 72 74 75 75 71 73 71 72 70 68 68 69 69 67 66
    64 65 62 60 60 58 61 57 60 57 59 57 57 60 58 61 58 62 62 63 60 61 62
    63 61 58 59 63 66 67 67 68 69 69 68 63 63 65 64 63 64 68 69 71 70 66
    65 66 64 63 63 64 61 62 63 60 64 63 64 60 67 68 69 68 65 65 62 64 62
    63 62 64 65 64 63 68 64 64 66 66 66 70 70 69 72 69 68 70 70 67 68 65
    62 62 59 58 59 61 63 62 65 65 71 70 71 69 69 73 71 72 70 69 66 66 63
    63 62 61 61 59 59 61 68 68 62 63 62 66 68 69 64 64 67 68 70 71 71 69
    73 74 72 71 69 67 62 64 59 59 61 62 65 63 66 64 65 65 66 64 59 57 60
    62 63 61 63 63 68 69 69 69 69 70 65 66 65 68 66 65 63 64 67 69 68 63
    62 63 64 60 60 58 57 58 59 58 62 67 63 63 63 64 65 65 61 59 63 63 62
    61 60 61 61 61 54 55 55 57 58 58 62 60 64 62 63 62 64 62 58 61 60 61
    59 59 56 56 59 60 61 64 65 69 72 72 72 75 75 71 73 70 71 70 68 65 66
    65 63 62 61 62 60 59 58 56 58 54 57 63 77 41 29 108 15 98 28 76 53
    35 21 60 85 3 102 77 96 95 42 51 84 120 106 124 51 3 124 109 54 103
    73 29 103 73 107 72 99 20 4 102 102 41 120 15 81 66 59 122 4 75 23
    96 23 121 65 98 77 73 91 72 16 97 36 34 63 68 65 65 67 67 65 69 68
    66 69 67 68 69 70 67 67 65 62 61 56 57 60 61 64 63 65 66 70 70 71 69
    70 74 72 71 69 68 63 63 58 58 58 58 60 57 58 61 71 71 65 66 65 69 70
    72 66 66 69 68 71 69 71 69 73 75 72 72 70 69 62 65 60 60 61 62 64 64
    66 63 64 63 63 62 57 55 59 62 63 61 63 64 68 67 65 65 66 68 63 62 62
    66 63 62 59 60 65 68 67 64 65 67 66 64 64 62 61 62 61 59 61 66 63 62
    63 64 66 67 65 63 66 66 65 65 63 63 62 60 56 56 56 59 60 62 65 65 67
    66 66 64 64 60 57 59 59 59 57 57 55 57 60 60 62 65 66 70 74 74 75 77
    76 73 75 72 74 74 72 70 70 70 67 67 63 63 59 56 58 56 57 53 56 80 25
    109 51 54 108 113 89 92 13 38 84 61 65 53 102 113 39 7 10 67 40 42
    14 74 51 15 104 17 19 92 83 10 116 66 65 23 10 96 80 32 41 107 24 98
    25 8 78 2 118 62 16 86 13 65 70 39 107 30 69 114 74 91 24 82 59 62
    60 62 64 64 63 67 65 65 67 65 68 69 68 66 66 65 63 63 58 59 61 62 64
    63 63 65 66 68 70 68 69 73 73 71 71 70 66 66 62 61 60 60 62 57 56 58
    68 68 62 63 63 65 67 68 63 64 67 64 68 67 67 66 69 72 71 72 70 69 63
    64 61 61 59 62 64 63 65 64 64 64 66 62 56 54 59 60 61 59 60 62 68 68
    64 63 63 62 58 59 58 62 61 62 60 61 67 71 68 66 68 66 66 64 64 61 61
    59 57 57 61 65 62 60 62 63 65 66 63 61 62 64 62 64 62 62 63 60 57 56
    58 61 64 66 66 67 70 71 68 66 66 60 58 61 61 62 61 60 58 59 63 62 63
    63 62 66 69 72 72 76 73 72 76 74 76 76 74 74 72 73 69 69 66 65 60 57
    59 56 57 52 56 72 48 120 65 24 55 73 99 66 65 52 114 50 49 73 11 60
    89 14 53 98 104 125 16 112 127 90 46 19 47 44 87 99 85 19 95 98 34
    90 16 23 58 114 97 106 89 18 81 11 97 92 88 31 4 119 55 72 55 96 46
    15 63 117 49 63 57 59 57 58 59 61 62 66 63 64 66 65 70 70 68 66 67
    68 65 65 60 61 62 62 63 62 64 64 65 67 69 66 67 70 68 67 65 64 60 61
    58 57 56 56 60 56 56 59 70 70 65 67 65 67 69 68 63 64 66 62 66 65 66
    66 68 73 72 74 71 71 66 64 62 62 61 64 66 65 66 66 65 65 66 62 58 56
    61 62 62 59 59 59 63 63 60 59 60 60 56 57 57 60 60 61 60 61 66 69 68
    67 69 68 68 67 66 63 60 58 56 57 59 63 62 61 64 65 65 65 62 58 59 61
    60 62 62 62 64 61 59 57 57 60 61 65 64 65 68 70 71 67 66 59 58 63 64
    64 60 62 60 63 65 63 63 62 63 66 68 72 72 75 72 71 76 73 77 76 74 74
    71 72 67 66 64 61 59 55 57 54 55 52 54 25 1 80 109 42 62 110 66 52
    111 78 28 22 51 77 36 40 26 36 122 110 22 96 47 116 65 108 19 110 95
    57 26 120 116 67 43 51 35 36 123 77 90 93 86 113 110 32 24 26 40 91
    72 32 31 94 107 37 81 119 92 30 17 22 76 61 56 59 57 59 60 61 61 64
    62 62 63 63 68 67 67 67 67 69 68 68 64 65 66 63 63 62 63 62 61 64 65
    62 64 68 66 65 65 63 61 62 60 58 57 56 60 54 55 57 72 72 65 68 66 68
    68 66 61 62 65 61 66 63 65 66 68 71 72 73 70 71 67 65 63 65 65 67 68
    68 65 67 65 63 63 60 57 56 62 63 64 62 61 60 65 65 60 59 59 58 55 57
    55 58 59 60 58 61 64 66 65 64 67 67 70 70 69 68 66 64 63 63 63 65 64
    63 66 67 66 67 65 62 64 64 62 63 63 63 64 61 59 58 58 60 61 63 62 65
    67 69 69 65 64 57 59 62 63 64 62 63 62 65 66 63 62 60 59 63 65 70 70
    73 71 69 75 72 76 73 72 73 69 71 67 65 61 60 59 55 57 55 55 54 57 2
    23 100 72 95 102 6 108 84 63 107 99 118 21 64 103 117 41 96 74 74 84
    80 4 3 45 49 110 59 127 95 78 36 58 0 0 125 83 43 45 64 82 61 40 4
    35 119 8 76 105 102 98 73 36 80 41 78 94 57 69 26 8 24 4 23 52 53 53
    56 56 58 58 62 61 60 61 61 65 65 65 65 65 68 67 68 65 67 68 66 66 64
    63 63 61 64 65 61 63 65 65 62 61 59 57 60 56 53 55 56 60 56 57 57 74
    74 68 68 67 71 70 69 66 64 68 65 68 64 66 67 67 70 69 70 70 71 68 66
    66 68 69 69 69 68 64 64 60 58 59 56 53 53 60 62 64 63 62 61 65 62 58
    57 57 56 53 55 54 58 60 61 60 61 65 67 66 64 68 67 69 68 67 66 66 65
    63 63 63 66 66 65 66 66 63 63 62 60 60 60 61 62 62 62 62 57 58 57 57
    60 61 64 64 67 68 67 68 63 62 56 57 60 62 66 64 66 65 67 67 64 64 61
    60 63 65 71 72 75 71 68 73 69 72 70 70 70 69 72 69 68 64 63 62 58 59
    56 56 55 58 31 23 127 80 7 33 1 94 72 43 21 83 121 29 66 76 126 11 4
    117 64 77 51 126 6 37 31 106 36 50 100 28 53 42 95 21 70 61 34 43
    111 115 45 5 75 73 20 24 67 73 25 0 109 103 94 32 30 105 113 30 64
    96 43 58 51 54 54 54 55 55 57 57 61 61 61 62 62 65 66 64 63 64 66 67
    68 67 67 69 68 66 67 65 65 61 64 64 61 63 62 60 58 60 58 55 58 55 53
    55 57 59 56 58 55 72 72 66 66 66 68 66 65 62 61 64 63 66 64 68 70 72
    72 72 74 72 72 69 65 63 68 67 68 69 68 64 64 61 59 59 55 52 53 58 59
    60 59 59 61 62 62 59 57 58 55 53 54 54 57 61 63 63 64 65 66 64 64 65
    64 66 66 65 63 65 65 62 63 63 67 68 70 68 68 67 66 64 61 61 62 63 65
    65 65 63 60 61 60 60 62 63 66 69 70 69 70 71 65 64 58 59 61 63 65 63
    66 66 65 65 62 64 59 58 59 60 66 66 70 66 65 69 66 68 68 69 67 66 69
    67 66 64 63 65 61 63 61 60 59 60 127 46 86 0 119 84 30 51 90 54 67
    108 71 78 47 77 44 60 47 64 19 4 32 77 25 42 117 92 68 26 108 75 65
    14 24 67 23 101 50 49 71 103 118 114 36 48 94 37 23 42 66 11 99 90
    98 1 25 79 21 127 29 46 6 97 43 51 52 53 55 53 57 57 61 63 62 63 61
    65 64 62 59 60 65 65 67 66 69 72 71 69 67 67 67 62 64 64 62 66 67 64
    62 64 61 58 59 54 52 53 55 58 57 58 57 71 71 67 68 69 70 68 67 64 62
    65 61 63 62 67 70 72 72 70 72 70 72 68 65 63 67 68 70 70 67 62 62 59
    59 58 55 53 55 61 61 63 60 61 60 61 60 58 56 57 54 52 55 56 58 62 64
    63 65 66 66 65 64 65 65 66 66 64 64 64 64 61 61 62 68 69 68 67 67 66
    66 64 59 60 60 61 63 64 64 64 60 62 62 65 66 65 66 68 70 68 68 67 62
    60 56 57 58 60 61 59 62 63 64 64 62 64 60 60 61 62 66 66 68 65 64 68
    64 65 64 65 62 60 64 61 62 60 60 63 60 62 59 60 58 58 49 90 8 4 101
    92 42 101 37 19 71 33 90 113 4 103 18 6 63 20 41 84 62 120 83 53 57
    5 119 39 48 108 105 125 79 120 11 35 122 106 7 107 55 82 29 64 39 38
    72 116 85 12 46 45 83 43 114 58 82 99 15 46 24 0 48 49 50 51 53 53
    58 58 61 62 62 63 62 67 66 64 61 60 64 66 66 65 67 69 69 67 64 64 66
    61 64 64 63 66 67 64 61 63 60 58 58 54 53 55 56 58 56 57 58 71 71 68
    70 71 71 71 68 66 63 65 60 60 59 63 68 68 69 67 69 69 72 69 66 65 68
    67 70 69 64 60 59 56 58 58 55 54 58 61 64 65 64 65 65 64 62 61 57 57
    53 52 54 56 57 61 63 64 68 69 68 66 65 65 66 67 66 63 64 64 65 62 60
    59 64 66 64 65 64 63 62 62 58 57 59 58 60 62 64 62 58 62 60 63 63 63
    63 64 66 62 63 64 62 59 56 58 59 62 64 61 63 64 64 64 62 64 59 59 59
    61 65 63 65 61 61 65 62 63 61 63 62 60 65 62 62 61 63 66 63 66 64 65
    65 65 43 80 27 68 39 88 2 2 98 7 115 56 75 69 5 117 113 117 5 86 56
    90 106 72 26 123 19 14 104 110 126 13 101 53 46 6 106 28 23 119 65
    19 29 120 120 118 102 106 68 13 79 36 82 29 70 53 51 27 23 125 121
    55 66 82 126 51 51 53 56 56 61 59 61 64 63 64 63 66 65 65 63 63 67
    69 69 69 68 69 68 64 62 62 64 58 63 63 62 66 67 63 62 64 60 60 61 59
    56 56 56 58 58 56 54 74 74 72 71 74 74 73 69 67 62 62 59 59 58 62 67
    67 68 68 68 70 72 72 67 66 69 66 70 67 63 58 60 57 60 61 58 57 62 65
    66 66 66 66 67 68 67 67 63 62 57 56 58 57 59 61 62 62 67 68 65 64 62
    62 64 67 66 64 65 66 65 62 62 61 63 63 62 61 61 58 55 54 53 53 54 54
    57 62 65 64 62 65 64 65 62 61 61 62 61 58 60 61 60 58 56 59 61 63 64
    62 64 67 65 63 61 62 59 58 58 59 62 60 64 61 57 61 57 56 55 58 54 53
    60 57 59 60 62 64 62 64 63 66 65 64 107 27 80 86 37 50 57 97 115 11
    10 106 71 24 11 76 1 18 63 103 58 92 14 74 81 95 62 52 50 80 65 52
    39 117 58 125 33 12 1 124 61 96 123 81 11 54 126 122 89 48 64 50 21
    8 18 126 97 21 107 11 80 8 24 66 64 53 52 55 57 56 62 60 62 64 63 61
    61 64 61 61 58 58 62 65 64 65 65 67 65 63 63 63 65 60 64 64 64 68 67
    63 63 63 59 60 60 59 56 58 58 59 60 59 57 73 73 73 73 75 76 74 70 69
    63 62 59 59 57 62 67 68 68 69 68 68 70 70 65 65 68 66 69 67 63 58 58
    56 61 61 58 60 67 71 74 73 72 72 73 73 70 70 65 64 59 58 58 58 59 61
    60 61 65 66 64 63 63 62 67 69 68 63 65 66 67 65 63 61 61 63 62 59 58
    55 52 51 52 53 55 56 58 64 67 66 63 67 65 65 62 59 59 61 61 58 60 61
    61 58 58 60 60 61 61 60 62 64 62 60 60 62 61 60 61 61 64 64 65 62 59
    62 58 57 54 56 51 51 56 55 58 59 62 64 64 68 67 69 67 67 76 68 0 19
    111 106 111 62 24 49 110 114 31 73 98 84 72 110 103 99 124 116 96 68
    60 126 94 86 50 29 17 94 110 24 36 58 47 93 37 41 102 95 16 57 95 14
    13 56 13 102 73 55 115 6 104 45 36 82 20 49 87 87 23 55 27 53 53 55
    58 57 61 58 58 62 60 58 58 61 59 60 58 57 60 65 63 64 63 65 64 64 64
    62 65 60 65 64 65 68 67 65 64 65 62 63 64 62 59 61 61 62 63 60 55 70
    70 70 71 72 73 72 70 68 63 62 59 60 58 64 69 70 69 70 70 70 71 69 65
    65 68 66 68 64 60 55 55 54 59 59 58 60 65 71 72 73 73 73 75 76 75 73
    69 66 61 63 62 62 62 64 62 63 65 66 64 62 60 59 65 68 66 62 63 65 69
    67 65 61 63 65 64 62 59 55 52 53 54 56 57 60 63 69 72 71 68 69 67 67
    62 60 58 60 59 58 59 59 60 59 60 61 60 59 59 58 58 60 58 55 55 58 60
    59 61 60 63 64 67 64 60 63 58 58 55 57 52 53 58 57 61 63 67 68 70 73
    72 73 70 68 108 99 23 66 120 86 42 87 1 110 50 15 119 126 30 68 34
    65 62 107 105 111 93 74 35 5 99 53 66 123 53 2 57 46 22 94 84 84 101
    96 28 52 40 15 0 106 72 24 112 45 82 57 117 101 17 112 42 35 76 84
    48 51 21 0 74 53 52 53 55 54 60 58 60 62 61 60 62 63 60 62 58 59 61
    65 62 62 60 62 62 62 62 61 64 62 67 68 69 72 70 67 67 67 63 63 63 61
    60 62 63 63 65 64 60 68 68 69 71 72 74 72 71 68 65 62 60 59 57 63 70
    71 70 71 71 73 72 70 66 66 67 64 66 62 59 54 52 53 57 59 58 59 64 70
    72 73 73 73 76 78 77 74 70 66 61 61 59 58 58 59 59 60 64 66 66 64 62
    61 65 67 66 61 60 63 66 63 61 58 60 61 61 58 55 53 50 49 50 51 53 55
    60 65 68 69 66 66 64 64 60 58 57 60 60 60 63 63 64 63 64 63 62 61 59
    57 58 59 59 57 56 60 62 64 65 63 64 65 69 64 60 62 57 57 55 58 51 53
    58 57 61 63 68 67 70 72 72 73 70 68 43 18 65 60 98 125 93 27 115 101
    93 94 9 72 55 76 80 66 62 95 86 70 121 8 115 6 119 109 18 111 87 116
    19 59 36 47 12 74 61 66 11 109 46 81 100 0 61 121 92 67 98 81 52 115
    75 40 21 39 8 106 66 87 45 26 28 56 54 56 57 58 63 60 60 63 62 62 65
    64 60 61 59 59 61 66 62 61 60 62 62 63 65 63 67 66 69 70 71 73 70 67
    66 65 63 65 64 63 63 64 66 65 68 66 64 68 68 68 71 71 72 70 70 66 63
    60 58 59 56 61 66 69 69 70 70 71 73 71 69 67 68 66 68 65 62 58 56 60
    63 64 61 62 65 69 70 71 71 69 74 78 79 77 74 69 65 66 63 61 61 60 61
    62 64 66 65 65 62 62 65 67 67 63 63 64 66 65 63 60 60 60 59 58 56 53
    51 49 50 53 55 55 58 63 67 68 68 64 62 63 59 57 55 57 57 59 62 62 62
    60 61 62 61 59 55 54 57 59 60 58 56 61 64 65 65 65 64 65 70 66 63 66
    61 61 59 60 53 53 57 57 60 61 65 65 69 72 73 73 70 69 114 62 120 59
    35 43 79 58 76 59 47 87 30 119 56 109 19 26 105 37 28 111 25 37 77
    60 38 27 24 66 94 30 22 65 39 102 2 2 18 84 37 121 36 18 16 35 52
    107 40 7 83 93 118 122 111 44 70 25 114 124 80 96 94 2 40 56 55 55
    57 58 62 59 60 62 61 61 63 63 59 60 60 61 63 67 63 63 62 65 63 63 64
    62 67 67 71 71 73 74 73 70 71 68 67 69 67 67 65 67 66 68 69 67 67 71
    71 73 76 74 76 73 74 70 66 63 62 61 58 61 64 68 69 71 69 72 74 74 72
    69 69 64 66 64 60 57 54 57 59 63 60 61 64 70 72 74 74 72 77 82 82 81
    76 71 68 69 65 64 63 60 60 60 62 65 62 61 58 59 64 68 66 64 65 65 67
    66 63 59 58 57 54 56 54 52 50 49 51 53 57 55 58 62 64 67 66 63 62 63
    60 58 57 57 59 59 61 59 62 62 61 65 64 62 58 59 61 61 62 60 58 63 67
    67 68 68 67 68 71 68 64 66 61 62 59 60 55 54 57 57 60 61 65 63 66 68
    71 71 68 66 111 14 32 27 68 6 54 19 5 80 18 46 52 120 32 127 24 69
    90 85 46 101 115 43 28 5 11 60 5 106 59 72 68 62 71 44 63 71 37 119
    66 65 38 36 48 125 30 36 127 123 46 118 82 103 95 93 81 37 120 12
    123 83 81 69 121 62 60 59 58 61 62 59 59 59 58 57 61 62 59 59 60 61
    61 68 63 62 61 63 61 64 65 61 65 65 69 68 68 68 65 66 67 64 63 66 66
    66 66 67 67 66 66 65 65 76 76 76 77 74 75 71 70 67 62 61 62 61 57 60
    65 66 68 70 69 72 74 76 71 69 70 64 63 61 59 55 54 57 58 61 60 60 62
    66 68 71 71 71 77 81 81 81 77 73 70 71 67 64 64 61 60 61 62 63 62 60
    58 60 65 67 67 66 66 67 69 67 66 64 62 59 58 60 59 58 55 53 54 57 61
    57 60 64 65 67 67 66 64 65 62 60 61 61 62 62 63 62 66 65 65 68 67 66
    62 61 62 61 62 58 55 59 65 66 66 67 67 70 74 73 69 71 65 67 65 65 62
    59 61 61 63 64 65 64 66 69 71 72 70 69 7 110 16 53 58 98 44 124 14 5
    69 52 88 127 47 34 12 6 72 79 13 124 111 86 112 102 100 105 113 109
    59 27 85 43 121 43 78 1 4 124 74 15 85 17 76 114 98 34 30 94 42 61
    31 73 67 33 122 8 89 19 7 110 8 27 24 63 60 59 56 59 58 55 56 57 56
    56 60 59 59 60 62 62 63 68 65 65 64 65 63 65 67 63 64 64 65 64 64 65
    64 66 67 65 66 67 68 69 66 68 68 68 68 68 65 82 82 82 81 75 76 71 70
    66 60 60 63 64 58 61 64 67 71 73 69 70 74 74 71 67 66 62 63 61 59 56
    56 58 59 62 61 62 63 68 69 73 72 71 76 80 80 78 75 71 70 70 66 66 65
    62 61 60 60 61 61 58 57 60 66 68 67 67 65 68 69 67 66 65 64 60 60 61
    60 60 57 54 57 61 65 62 64 66 65 69 69 66 66 66 64 61 64 63 63 63 63
    63 65 65 63 67 66 66 62 62 63 63 65 59 56 58 65 64 65 65 67 71 75 75
    71 72 68 70 69 66 62 60 62 63 66 65 65 65 66 67 68 67 64 65 50 20 70
    79 71 104 102 7 120 93 76 85 23 52 87 91 14 40 32 13 28 47 64 60 21
    49 89 35 47 35 65 37 3 108 79 24 88 6 93 125 87 88 82 125 69 19 46
    10 39 107 98 66 125 29 96 88 77 27 24 90 30 45 120 79 54 67 64 61 56
    59 57 56 57 55 54 55 58 57 57 57 58 60 60 63 61 61 60 63 64 65 67 65
    66 66 65 65 63 64 63 65 64 62 64 64 65 64 63 66 68 69 70 72 71 77 77
    78 78 69 71 65 67 64 59 58 62 65 60 62 64 67 72 73 68 69 74 74 72 67
    65 62 64 62 60 59 57 61 62 64 62 63 64 66 67 71 70 71 75 77 78 76 72
    68 68 66 63 64 63 61 60 60 58 59 61 58 56 58 65 66 65 67 64 67 69 70
    67 66 67 63 64 66 64 63 62 59 61 64 67 63 64 66 65 67 67 65 64 64 63
    61 63 64 66 67 66 66 66 66 63 65 65 64 61 62 64 63 65 60 56 59 65 63
    64 65 69 74 77 76 73 75 70 72 71 67 64 63 64 66 67 65 64 65 66 65 66
    65 64 65 27 51 63 121 83 13 22 51 9 43 37 94 69 72 85 14 116 82 18
    56 56 113 98 76 96 55 127 49 81 18 75 98 17 42 37 90 4 73 111 108 64
    11 73 17 15 94 81 107 65 0 2 103 56 65 14 88 67 43 41 117 0 100 87
    99 16 66 63 60 55 56 55 56 57 56 55 56 58 58 58 58 58 61 61 61 63 62
    60 62 64 63 64 63 62 63 64 63 62 64 64 66 65 63 66 66 65 64 63 64 66
    66 65 66 66 76 76 76 74 68 70 66 68 63 58 58 62 64 60 62 62 65 72 71
    65 68 73 74 73 68 64 61 62 59 58 58 57 60 61 64 63 65 64 65 66 70 69
    69 72 73 74 75 70 68 69 68 65 68 67 63 63 61 59 59 60 56 53 57 62 63
    63 66 65 70 72 71 69 68 70 64 65 66 64 64 61 58 58 63 65 61 63 65 64
    67 69 65 66 65 63 60 63 62 62 62 61 63 64 65 62 65 66 66 62 61 63 63
    65 62 57 60 67 66 66 67 70 74 78 77 73 74 69 71 71 67 66 65 66 68 70
    67 66 67 67 66 66 64 63 63 110 61 107 105 71 108 57 84 22 91 117 0
    24 13 28 68 93 75 89 72 46 111 17 70 118 44 35 50 109 108 46 71 51 1
    94 88 48 47 82 67 97 16 71 119 66 117 121 59 97 23 1 60 109 125 64
    50 100 124 63 109 6 15 105 127 37 69 68 65 60 61 60 60 61 59 58 60
    62 61 61 59 58 60 59 59 61 59 60 64 66 67 67 66 65 68 67 64 63 63 64
    66 66 63 65 64 63 64 61 62 62 61 59 60 59 79 79 77 74 70 71 67 69 64
    58 59 63 64 61 62 61 66 71 70 66 69 75 76 73 67 65 61 61 59 57 59 60
    62 62 64 64 65 64 62 64 67 66 67 70 69 67 69 65 65 66 64 63 66 65 61
    60 58 57 58 59 55 53 58 63 63 63 66 63 68 70 69 69 70 71 65 67 68 67
    68 65 61 62 66 67 63 63 64 62 64 64 63 64 63 64 61 64 64 65 64 63 66
    65 67 64 67 68 67 64 63 65 63 67 63 60 61 68 67 67 68 69 73 75 75 71
    71 67 68 69 63 64 63 63 65 67 63 61 63 62 60 62 59 60 61 121 61 52 2
    109 70 35 119 0 15 19 58 4 115 50 73 10 6 114 22 44 76 17 57 113 53
    16 50 93 122 19 61 99 83 9 7 37 41 97 42 63 104 120 6 65 59 67 92 0
    5 29 74 32 44 14 100 13 61 124 3 116 111 102 126 52 70 70 69 63 65
    62 63 63 61 60 60 61 60 62 59 58 59 58 58 61 62 63 68 71 71 70 67 67
    67 66 61 58 59 61 65 63 60 62 62 61 62 59 60 60 61 58 60 61 79 79 78
    74 69 71 67 69 65 59 60 64 65 62 61 60 64 69 69 66 68 74 75 73 68 65
    61 62 60 59 63 62 64 65 67 65 66 66 64 66 67 66 67 69 68 66 68 66 66
    68 66 65 69 69 65 61 60 58 58 58 53 52 57 62 62 62 67 65 71 72 70 70
    72 74 67 68 69 68 67 65 63 63 66 67 64 62 64 63 64 62 63 65 63 65 62
    64 62 64 62 61 63 61 62 60 65 66 65 62 63 64 63 65 62 58 59 66 63 65
    67 69 72 73 76 72 72 68 68 68 64 65 63 63 66 68 65 61 62 60 59 59 57
    56 58 101 47 52 27 52 104 126 57 116 42 64 18 39 8 7 50 46 57 102 44
    122 15 66 105 75 106 38 9 61 9 112 14 7 14 81 75 102 19 38 96 68 97
    87 48 86 23 28 87 80 0 123 33 6 91 17 77 121 40 36 98 75 102 70 32
    83 68 70 70 63 64 62 63 65 63 63 62 62 60 61 60 59 60 58 58 62 65 66
    71 73 74 73 70 67 66 66 62 59 58 64 68 69 66 67 64 64 66 61 63 60 62
    59 63 63 79 79 77 74 70 73 69 71 66 59 60 62 63 59 59 58 62 67 69 66
    67 72 72 70 66 63 57 59 56 57 62 62 63 66 69 69 70 70 69 72 72 70 70
    71 69 66 65 64 65 66 63 62 69 67 64 59 58 57 56 58 52 51 56 62 61 61
    66 64 69 70 67 67 69 72 65 67 67 68 67 66 63 64 68 68 66 64 68 66 69
    67 70 71 70 71 69 70 67 68 65 64 64 62 62 61 66 68 67 65 64 65 64 67
    63 59 59 66 65 67 69 69 72 74 76 71 72 69 68 68 64 65 63 64 65 65 64
    62 62 59 59 57 57 56 58 68 14 83 84 117 124 117 16 112 114 77 20 15
    126 27 25 15 30 1 90 48 5 84 121 77 115 1 12 125 4 97 40 103 5 28
    119 90 7 48 64 57 58 94 12 55 19 74 4 35 90 90 94 94 96 45 113 16 84
    125 109 65 65 56 10 82 71 72 73 67 66 62 64 64 64 64 62 62 62 63 62
    61 59 57 57 61 64 65 71 72 74 73 69 67 66 65 60 58 58 64 69 69 67 66
    65 64 67 62 63 61 63 61 63 64 74 74 73 72 68 70 67 67 64 58 58 58 59
    57 58 57 60 64 67 65 66 69 69 67 66 64 59 61 57 59 65 65 65 68 70 69
    71 72 68 70 70 66 67 67 65 63 61 61 61 61 58 58 64 62 61 57 55 54 57
    60 55 53 56 62 60 62 64 61 66 68 66 64 69 72 66 67 67 68 67 67 64 62
    67 68 67 65 68 66 69 69 71 73 69 70 68 69 65 65 63 61 63 60 60 59 63
    65 65 62 62 64 64 65 62 58 55 63 62 63 64 67 69 73 76 72 72 68 68 68
    64 64 64 65 66 67 66 63 65 62 60 57 58 58 59 13 29 47 90 74 45 123
    80 54 0 48 69 10 34 74 116 99 37 61 55 51 87 127 16 119 87 113 36
    125 20 90 64 73 22 12 81 99 77 39 110 118 58 24 98 94 122 63 35 11
    55 92 26 105 64 71 56 117 40 61 30 29 27 52 121 65 68 68 69 65 64 62
    63 63 66 67 65 65 64 66 66 66 64 63 62 67 71 71 76 77 77 75 74 70 69
    69 65 64 65 71 73 72 69 68 66 64 67 62 63 62 65 63 65 66 71 71 71 72
    68 72 69 71 68 62 61 59 61 59 60 58 60 64 67 64 63 66 65 64 64 63 57
    60 57 58 63 61 61 65 69 68 71 73 70 72 72 68 66 67 64 62 61 61 60 59
    56 56 62 62 61 58 56 57 60 61 55 52 54 61 61 61 64 61 67 69 67 63 65
    67 62 64 63 64 63 63 61 60 64 66 65 62 64 64 67 67 70 71 67 69 68 66
    63 63 60 60 61 58 59 60 63 64 65 60 60 62 62 64 60 59 56 63 62 63 64
    66 67 70 72 67 67 63 63 63 60 59 59 60 63 64 64 60 61 61 59 58 57 57
    58 17 22 100 31 125 62 26 36 46 53 59 115 94 60 103 83 4 57 60 14 6
    69 21 100 25 3 1 78 108 90 17 77 92 109 42 6 122 20 37 72 37 29 16 8
    77 59 124 7 120 101 95 41 28 73 18 93 92 93 53 81 58 24 22 117 97 67
    66 70 68 66 65 67 67 68 70 67 65 65 66 66 65 66 64 65 68 71 72 77 78
    77 77 74 71 71 71 66 64 63 67 68 68 64 62 61 60 64 60 61 60 62 61 62
    64 65 65 63 66 64 68 67 70 66 61 59 56 59 58 58 57 58 60 65 65 64 67
    67 65 66 66 58 59 55 56 60 58 60 64 68 68 71 72 69 72 70 66 64 64 62
    62 61 61 60 59 57 55 61 61 62 58 58 61 62 65 59 56 56 61 61 60 61 58
    62 65 65 62 63 65 61 63 62 62 61 62 60 58 61 62 62 59 60 61 63 64 66
    68 65 67 68 65 64 64 62 62 64 61 60 62 64 65 64 61 59 62 60 62 59 58
    59 62 64 64 67 69 69 70 71 68 66 61 59 58 58 59 58 58 60 61 64 60 60
    59 59 57 58 59 59 82 70 69 87 97 90 4 126 111 19 58 34 55 31 3 103
    35 108 65 37 8 107 20 123 49 98 122 19 107 42 43 103 75 56 107 96 15
    16 122 87 32 76 94 78 125 98 1 61 90 71 51 40 91 15 24 0 85 108 70
    27 125 60 67 79 109 68 69 73 71 68 69 70 70 71 73 70 70 69 69 68 68
    67 64 65 68 71 73 78 76 77 77 72 67 68 68 63 62 61 64 66 68 64 63 62
    62 65 61 62 60 62 60 60 61 64 64 62 65 65 68 68 70 67 62 62 59 61 62
    62 63 62 63 67 68 66 67 66 63 66 67 59 59 55 56 61 57 57 60 65 66 68
    70 66 72 70 65 62 63 63 60 59 60 59 57 58 56 61 60 63 59 61 65 67 68
    64 62 62 64 62 62 60 59 60 62 60 59 61 61 59 60 59 59 61 61 59 59 63
    61 62 59 59 61 64 65 65 69 68 71 71 67 66 65 63 64 63 60 60 63 64 66
    64 61 59 61 58 60 58 57 57 61 64 65 69 69 69 69 72 70 66 61 60 59 59
    61 60 59 60 61 63 60 60 59 59 58 58 60 61 60 91 66 86 11 8 114 69 8
    108 65 19 42 40 69 34 89 116 61 63 91 22 58 9 119 62 34 56 43 4 63
    86 44 42 51 30 34 21 118 112 34 41 34 33 127 49 0 75 37 84 13 9 21
    91 28 41 58 86 120 124 94 119 101 76 70 71 71 75 74 71 70 69 68 69
    71 69 68 67 69 69 69 68 66 66 69 72 73 77 77 78 79 75 72 72 71 66 63
    62 64 66 68 64 63 63 64 68 64 65 63 65 63 65 66 62 62 61 64 65 67 68
    71 70 65 64 63 66 65 66 67 64 64 70 70 68 68 67 66 70 72 64 63 59 59
    63 59 59 61 65 64 66 68 65 69 65 60 57 58 59 58 56 57 56 55 56 55 60
    59 62 59 62 67 68 70 66 64 64 66 64 62 60 58 57 59 56 55 57 59 58 58
    58 60 62 65 61 61 64 64 64 62 60 61 64 64 64 67 66 68 68 64 64 65 62
    63 62 60 60 63 64 65 67 63 63 66 61 63 60 59 57 60 63 63 68 67 67 68
    70 67 64 60 58 57 58 58 59 60 59 60 62 57 56 56 55 54 55 58 57 27 96
    30 35 40 38 1 43 58 20 56 23 75 45 78 7 75 94 65 62 49 13 93 58 33
    11 119 88 63 28 76 25 99 45 53 115 21 96 83 93 37 60 109 3 120 36 35
    18 73 1 6 41 84 81 77 56 4 80 17 87 23 86 6 51 41 70 67 71 68 67 66
    66 66 68 71 68 67 66 67 69 69 67 65 66 69 73 75 77 76 76 78 74 71 69
    68 64 62 62 62 64 66 62 62 62 64 66 66 67 65 67 65 65 68 59 59 58 62
    63 65 67 70 70 65 64 64 67 67 68 68 65 65 70 67 65 67 65 64 68 69 63
    64 60 59 63 58 59 62 66 65 65 66 64 69 65 60 58 59 61 63 60 60 59 59
    58 57 61 60 63 63 65 68 68 71 68 66 65 65 63 62 61 58 57 57 54 51 54
    55 55 55 53 55 58 62 59 57 60 61 62 61 61 62 64 67 66 67 68 68 70 64
    64 63 62 63 60 59 58 62 62 64 66 63 64 67 63 62 60 58 57 60 64 64 69
    70 70 71 73 70 67 63 60 60 60 62 63 64 61 62 62 57 56 57 53 52 54 57
    58 125 52 119 60 72 72 122 68 3 26 26 113 10 56 107 106 23 43 82 89
    12 109 104 50 43 62 82 93 86 79 57 79 62 62 16 120 62 97 27 116 75
    107 1 69 33 69 52 59 71 108 84 118 34 119 19 29 102 99 35 2 34 57
    112 121 117 74 70 72 70 68 65 65 62 63 66 65 64 63 64 66 67 64 62 61
    65 68 71 72 73 76 79 77 72 71 69 67 65 63 63 64 67 67 66 65 66 67 68
    69 66 65 65 64 66 54 54 53 57 60 61 65 70 70 64 64 66 67 67 68 68 66
    67 70 69 68 69 66 64 67 70 64 64 59 57 62 58 59 62 64 63 64 64 60 66
    61 58 56 57 58 61 59 57 57 56 57 57 62 59 63 64 66 69 68 70 68 68 66
    67 66 64 62 59 56 56 52 49 53 54 54 55 55 57 60 64 60 59 63 65 67 67
    67 67 69 71 70 70 71 68 69 63 63 61 60 62 57 57 56 61 60 63 65 63 63
    67 63 62 61 59 59 60 64 62 68 68 67 69 68 67 66 63 61 63 61 63 65 66
    62 63 63 58 59 61 58 56 60 62 62 17 124 101 29 8 81 86 49 11 126 92
    60 62 8 25 28 32 94 43 111 17 94 51 98 7 78 21 19 86 118 34 124 64
    94 72 96 73 64 56 10 101 80 95 14 10 106 56 73 27 8 79 85 30 56 126
    78 122 122 66 73 101 121 53 46 76 75 70 71 70 69 65 65 63 61 66 64
    62 64 63 65 65 64 61 61 65 65 68 69 70 70 74 71 68 69 67 65 65 65 63
    63 64 64 65 65 63 65 66 68 67 64 63 62 64 50 50 50 54 58 58 64 68 69
    65 66 66 68 68 69 71 68 68 71 71 69 69 67 65 68 70 66 65 61 60 63 59
    60 62 63 62 62 63 58 63 61 59 58 57 59 61 61 59 57 56 54 56 59 57 59
    61 63 65 66 67 66 69 66 67 67 66 63 61 59 56 54 50 52 54 55 56 55 56
    61 66 65 61 63 62 64 66 64 63 63 66 65 66 67 62 64 57 58 57 56 58 55
    57 56 61 60 62 64 61 61 64 60 57 57 56 57 59 63 61 67 68 67 68 67 67
    65 62 60 63 64 64 67 67 64 66 65 59 59 62 58 58 61 64 64 73 9 3 88
    72 27 79 45 63 87 11 123 53 109 59 90 1 109 64 126 122 15 28 27 12
    122 62 51 119 79 24 67 98 114 36 14 64 7 91 46 95 88 9 43 50 13 53
    13 36 61 91 14 0 44 54 35 10 69 15 103 28 117 56 89 28 74 69 68 67
    67 65 65 63 61 64 65 63 63 62 64 64 64 61 58 62 62 65 66 68 68 72 71
    67 67 65 64 64 63 62 62 62 63 64 63 63 64 64 66 67 64 63 64 64 52 52
    51 54 58 59 64 68 69 67 68 70 71 69 68 70 68 68 69 68 68 70 69 67 68
    69 66 65 61 58 61 56 57 59 62 61 63 65 61 68 66 65 63 64 65 66 66 63
    62 61 60 60 63 61 62 63 66 68 67 68 68 71 68 68 67 66 64 61 59 55 53
    51 52 53 56 59 56 58 63 68 69 66 66 63 66 66 65 63 61 62 63 63 64 61
    63 57 60 59 57 61 59 60 57 63 60 61 62 60 57 58 55 52 53 54 57 58 63
    62 68 68 65 64 64 63 62 61 58 60 61 63 65 66 63 64 64 61 61 63 60 58
    60 62 63 41 52 98 46 83 95 48 44 56 67 123 75 91 99 13 21 103 75 5
    101 59 44 114 4 62 97 43 65 72 31 12 117 104 112 77 16 30 91 72 16
    111 105 101 87 91 89 124 94 71 44 11 66 3 61 71 107 80 56 45 31 21
    82 68 47 97 74 70 70 68 68 65 65 63 60 63 64 64 63 61 61 60 60 55 51
    54 55 60 61 63 63 68 66 64 64 60 58 59 59 57 59 60 61 64 63 63 65 65
    68 67 64 62 63 61 53 53 53 55 60 60 66 68 70 68 71 71 72 69 67 70 69
    67 68 69 69 73 70 68 69 70 67 66 63 59 63 60 61 64 67 65 66 66 64 70
    66 64 63 63 62 65 65 61 62 61 60 61 64 60 59 61 65 66 65 66 66 71 70
    68 65 66 65 64 61 55 54 52 55 56 58 60 57 61 65 70 70 66 65 62 66 68
    67 64 63 64 64 64 65 61 61 57 61 59 60 64 61 61 60 64 61 62 62 60 57
    58 56 53 53 54 57 57 61 61 64 65 64 62 62 62 63 62 60 62 61 65 67 68
    66 67 66 64 64 64 58 57 58 60 62 109 87 1 17 15 20 36 58 80 20 94
    114 18 65 62 68 25 22 28 64 56 66 42 103 80 5 85 42 72 64 22 59 66
    51 4 91 5 3 35 113 30 94 87 127 120 58 29 64 110 124 119 63 16 74 94
    106 65 58 110 17 37 23 127 58 17 78 74 71 67 66 62 61 60 58 60 63 66
    66 64 64 62 60 57 52 55 55 59 61 64 64 68 66 62 63 60 58 60 62 62 63
    65 68 69 70 69 69 69 73 73 68 68 69 67 56 56 58 58 61 63 67 68 70 69
    71 73 73 68 68 70 70 70 67 68 67 70 68 67 68 68 69 68 66 64 67 65 66
    67 67 65 65 67 64 67 63 63 63 63 64 65 67 65 64 63 62 64 65 60 57 59
    62 61 60 59 60 65 66 65 63 63 64 66 63 58 55 54 57 59 61 62 60 64 66
    72 71 66 66 63 66 68 69 67 66 68 67 67 68 63 62 57 59 58 60 62 60 62
    61 66 64 65 63 61 59 58 57 53 53 52 53 55 58 58 59 60 59 59 62 60 63
    63 62 65 63 65 67 70 67 68 65 63 64 65 60 58 57 58 59 91 94 22 29
    105 97 51 67 23 22 85 77 26 75 50 23 101 17 23 118 63 5 27 109 81 90
    107 22 29 61 127 50 10 66 124 23 17 55 9 107 105 107 78 122 32 114
    18 118 12 68 117 76 118 56 116 35 120 94 14 88 106 76 78 66 112 73
    69 67 64 63 59 59 60 58 60 64 64 66 63 64 62 60 58 54 57 55 60 61 63
    64 66 64 61 62 61 60 63 63 63 64 66 68 70 70 69 70 70 76 76 71 69 72
    69 55 55 58 60 61 64 67 69 72 70 72 73 73 67 66 69 68 69 65 66 66 69
    67 67 66 68 69 68 66 66 69 68 70 69 69 68 68 69 66 68 65 66 68 66 65
    67 69 66 66 66 64 67 68 63 60 63 64 60 59 57 57 61 61 60 59 60 61 63
    63 59 59 58 61 63 63 63 61 65 66 71 71 67 65 65 67 70 70 67 66 69 68
    65 65 60 60 55 55 55 58 63 63 63 62 66 67 67 65 63 60 60 60 58 56 56
    58 59 60 60 59 59 59 59 61 59 65 66 66 69 67 68 68 73 69 70 66 62 66
    66 62 58 59 57 57 71 48 90 110 73 82 124 39 33 31 44 56 54 3 127 86
    119 37 119 84 44 17 74 57 52 37 65 18 69 86 21 72 7 0 1 105 82 12
    127 90 58 87 91 4 0 4 116 126 92 88 73 78 112 58 81 123 37 90 18 59
    20 96 22 52 23 71 68 65 62 62 59 61 59 59 60 64 64 64 62 61 60 60 58
    56 58 58 63 63 64 65 67 64 61 61 60 59 62 62 61 60 62 62 62 62 62 63
    65 72 73 71 70 73 71 57 57 59 60 60 62 64 65 67 67 69 69 70 66 65 67
    67 68 64 66 67 70 67 66 65 65 66 65 64 64 69 68 71 70 70 70 68 68 64
    66 63 65 69 65 65 68 71 70 70 69 66 69 69 64 60 62 64 60 59 58 59 64
    63 61 59 62 63 64 63 59 59 59 61 62 62 64 64 66 66 71 72 67 64 62 63
    66 68 65 63 68 68 66 67 64 65 61 61 58 63 65 65 65 61 65 64 66 62 61
    59 57 61 58 57 56 59 60 61 61 60 60 59 60 61 60 65 65 66 68 67 68 68
    71 69 70 65 64 67 67 64 62 61 61 60 36 51 77 80 88 12 12 109 66 0 97
    4 103 5 124 21 92 79 88 9 42 86 60 60 99 47 105 111 80 78 86 1 37
    119 102 80 49 99 0 38 121 26 98 81 29 28 55 53 62 82 103 3 107 66
    101 60 70 8 71 58 124 114 118 114 94 72 71 69 65 65 62 63 61 58 58
    61 64 63 62 60 61 63 63 58 59 59 62 63 63 65 64 64 60 60 59 60 63 64
    64 61 63 66 65 63 62 63 64 71 73 70 70 74 71 61 61 64 64 63 63 64 63
    66 67 69 68 68 64 62 64 63 65 60 64 65 68 69 67 67 66 66 64 65 64 67
    67 70 69 69 68 67 69 65 68 64 68 71 66 65 66 68 66 67 65 63 66 67 64
    60 60 62 61 60 56 58 62 62 61 58 59 60 64 64 60 63 64 65 67 66 67 67
    68 67 69 71 64 63 61 61 64 66 63 63 68 68 68 68 65 65 62 63 60 64 65
    66 66 63 66 66 67 62 62 58 56 60 58 56 56 58 56 59 58 57 56 57 57 60
    61 64 64 65 66 66 67 66 69 69 69 67 66 68 69 67 63 63 65 63 18 9 15
    23 21 21 44 88 90 52 103 28 107 20 18 26 104 44 122 81 23 61 114 98
    33 80 120 123 120 16 121 63 2 127 41 50 21 18 26 67 72 14 79 53 102
    106 19 76 98 99 56 100 109 8 3 104 52 34 52 100 42 40 29 98 96 69 69
    67 63 64 65 65 63 63 61 65 67 65 64 61 62 63 64 60 61 61 63 64 63 63
    61 59 58 58 59 61 66 67 67 66 67 67 66 64 62 64 64 71 73 72 71 75 73
    62 62 67 66 65 66 66 65 69 69 68 68 68 62 61 61 59 62 57 61 62 65 66
    67 68 64 65 62 63 62 64 63 66 66 68 68 67 70 67 67 63 65 69 66 64 64
    67 65 66 65 62 65 65 65 59 59 61 60 60 57 58 61 62 61 59 61 61 63 64
    60 64 66 65 66 65 66 65 66 63 64 67 62 60 58 57 60 63 60 59 66 66 66
    67 66 65 63 66 62 68 67 70 71 69 71 69 70 66 66 60 57 60 59 56 57 59
    60 62 62 61 61 62 61 65 63 64 64 63 62 63 65 62 66 67 67 67 67 68 69
    66 63 62 63 61 122 67 1 65 71 77 14 97 25 75 115 93 109 51 38 32 87
    25 84 83 46 27 98 64 20 16 121 60 0 42 32 15 96 102 85 55 48 7 61 38
    79 24 112 51 15 109 26 37 82 58 20 93 100 102 1 21 4 81 60 31 31 102
    56 21 77 67 68 66 63 63 64 63 63 65 61 64 67 66 65 62 63 62 64 59 60
    61 62 63 62 62 61 62 58 57 60 62 65 67 66 64 67 67 64 62 62 63 64 71
    72 72 72 76 72 61 61 66 65 66 65 66 65 69 67 67 67 67 62 60 59 59 63
    58 61 60 64 65 66 65 63 63 61 61 60 62 63 66 66 69 68 69 71 68 66 62
    64 67 66 62 63 66 66 68 68 66 66 66 64 59 59 60 61 59 58 59 62 64 64
    59 60 61 62 62 59 63 66 67 67 64 67 67 67 63 63 65 61 61 60 61 61 64
    61 60 66 66 65 65 67 65 64 67 65 69 69 72 73 72 73 70 71 67 68 62 58
    62 62 61 60 61 60 62 62 60 59 59 57 63 61 61 60 60 59 59 63 60 65 68
    69 68 68 71 69 67 63 60 61 60 91 122 2 27 92 42 28 113 124 110 76
    118 22 65 14 30 78 47 119 120 115 25 28 107 93 61 20 94 67 27 120 62
    35 55 65 125 51 84 43 79 111 101 99 116 100 22 51 121 72 40 87 34 19
    108 113 124 27 3 106 44 111 110 78 77 67 64 64 64 61 61 63 61 60 63
    59 62 65 65 65 63 64 63 65 61 63 62 64 65 63 63 61 62 57 58 60 61 65
    67 66 63 67 67 64 62 59 60 62 68 68 68 68 71 69 61 61 67 67 66 66 66
    66 71 67 66 66 68 64 63 59 57 61 57 59 58 60 60 60 61 60 60 59 60 59
    61 65 69 68 69 69 70 72 68 66 62 63 69 66 63 64 66 66 67 67 63 64 64
    63 58 57 60 60 58 59 60 63 67 68 64 64 66 66 65 63 68 70 68 68 66 66
    68 67 61 60 61 57 57 56 57 57 61 60 60 66 67 68 67 69 65 62 64 63 66
    65 68 70 70 72 70 69 66 68 64 59 62 64 62 61 61 60 62 64 62 61 63 62
    66 63 63 62 62 61 63 66 63 67 69 68 67 66 68 67 64 61 58 59 58 66 91
    121 34 53 112 42 107 82 40 43 98 32 10 93 74 105 103 85 21 97 81 117
    116 106 90 74 30 104 52 2 82 93 112 4 35 71 72 10 36 73 113 103 17
    88 15 122 64 49 116 88 81 121 3 20 50 61 24 27 102 94 37 79 88 5 63
    64 62 60 61 63 62 61 64 60 62 62 63 63 62 62 62 65 62 65 63 64 63 64
    64 62 63 59 61 62 65 67 69 66 65 68 68 65 63 62 61 62 65 67 67 68 68
    66 62 62 67 66 65 65 65 65 69 66 63 63 64 62 61 58 56 61 60 62 62 62
    61 63 64 61 63 60 61 61 65 66 69 67 66 68 68 69 65 64 61 63 70 68 66
    65 67 68 68 68 63 63 61 62 58 57 58 60 59 61 63 64 66 68 67 65 68 66
    66 64 68 69 66 66 64 65 66 66 60 58 62 60 61 60 59 59 64 65 64 69 69
    70 70 72 70 65 65 63 66 65 67 70 68 71 70 70 66 69 65 61 63 65 64 61
    64 61 65 66 67 66 65 64 66 63 62 60 60 59 62 64 62 67 67 67 66 64 67
    67 65 62 61 61 59 90 1 98 112 34 106 51 46 92 62 6 39 117 116 108 22
    84 82 9 43 77 35 108 29 54 14 96 10 0 82 94 21 109 5 25 53 76 3 36
    116 17 21 5 71 71 11 89 121 22 13 92 37 82 115 58 13 2 90 26 48 72
    53 94 6 59 62 63 62 62 63 66 66 65 66 61 63 62 60 59 58 60 59 62 59
    60 61 63 61 61 61 61 63 62 62 62 66 67 68 65 64 66 65 64 63 62 62 62
    63 63 64 63 61 59 58 58 63 63 63 62 62 63 66 67 62 61 61 59 59 56 55
    58 59 61 62 63 60 63 63 60 60 59 59 61 65 64 67 65 66 68 68 66 64 66
    62 64 69 65 63 64 65 62 64 64 61 60 58 60 57 58 59 60 58 60 63 64 65
    65 64 64 67 65 65 64 68 70 65 64 62 63 64 63 58 57 62 61 61 60 60 59
    65 65 64 68 70 72 72 75 71 67 68 65 68 67 68 70 70 73 71 72 68 70 67
    64 63 64 64 63 66 63 66 68 71 71 69 68 68 66 64 62 59 60 62 64 63 65
    66 67 68 67 70 69 67 63 63 62 59 19 121 20 34 127 17 15 5 21 14 45
    47 20 51 108 69 99 10 43 100 38 83 20 26 5 36 70 85 114 121 48 72 79
    53 59 100 61 42 54 14 45 6 37 100 55 120 125 1 126 87 95 37 35 49 54
    63 44 64 25 18 83 125 9 29 37 59 61 60 60 62 65 64 63 64 59 61 62 59
    58 58 60 59 62 58 59 61 62 62 61 61 61 64 64 66 64 67 68 70 67 65 66
    66 65 64 63 63 65 64 61 60 60 55 54 59 59 61 62 62 61 61 63 63 63 60
    59 60 57 59 54 55 56 58 61 61 62 60 62 63 62 62 61 60 61 63 63 65 63
    62 64 64 63 60 62 58 59 64 62 60 61 63 63 64 66 62 60 59 61 59 58 61
    62 60 63 65 66 67 69 67 65 69 67 67 66 69 69 67 67 64 66 67 66 63 61
    64 64 63 61 61 59 64 64 63 66 69 72 71 75 70 67 69 66 66 64 63 64 65
    69 65 65 64 67 65 63 61 61 64 63 65 62 67 69 73 73 69 69 67 65 62 58
    55 55 58 62 63 64 67 66 70 71 71 70 66 66 64 64 60 32 10 99 80 127
    67 70 61 94 26 63 39 60 63 55 111 106 33 113 61 42 8 102 119 31 99
    69 94 12 119 74 49 43 13 39 82 57 74 32 24 55 106 73 103 117 45 17
    20 43 87 52 16 11 119 30 92 39 77 69 101 45 10 121 22 13 59 62 62 62
    63 67 65 65 65 59 62 63 61 60 60 62 60 62 58 59 59 61 61 62 61 62 63
    63 64 62 67 66 68 67 66 68 69 68 67 65 66 66 64 61 60 60 55 54 61 61
    62 63 63 64 65 67 68 65 62 60 61 57 59 54 55 58 58 61 59 60 58 59 60
    61 62 62 62 64 66 67 66 63 64 65 68 67 63 65 61 63 66 66 63 63 65 65
    64 63 60 58 57 60 59 57 59 63 60 62 62 61 63 67 66 63 68 67 69 69 71
    71 69 70 68 67 66 67 63 60 63 65 65 63 64 61 66 66 66 67 68 71 70 72
    67 64 65 63 62 61 61 63 66 70 68 66 66 69 67 65 61 60 60 61 63 59 63
    65 70 69 68 67 65 63 59 55 51 53 55 60 61 63 66 65 71 70 73 71 67 65
    64 63 60 70 64 53 121 14 21 64 118 116 3 65 22 115 90 23 52 36 31 65
    81 109 40 122 73 7 34 92 67 14 69 18 127 90 7 47 87 22 119 99 95 106
    1 55 63 95 6 72 40 73 62 16 64 90 26 100 46 121 64 45 12 88 124 71
    93 108 59 62 63 65 66 68 66 66 68 61 63 62 60 59 61 63 59 62 59 60
    61 62 62 61 61 63 64 64 66 64 67 68 68 65 66 67 68 69 68 67 68 69 69
    66 65 65 60 61 59 59 60 61 61 62 63 64 65 62 59 57 57 56 59 54 57 59
    61 64 63 62 56 58 60 61 63 61 61 64 68 69 66 64 63 66 70 69 67 66 64
    64 68 67 65 65 66 68 67 67 64 61 59 59 58 56 58 60 57 60 63 63 64 67
    68 67 71 69 69 68 69 70 66 64 63 63 64 66 63 62 65 68 67 65 65 62 66
    66 66 65 68 70 69 70 66 63 61 61 59 58 57 60 63 65 66 65 66 69 70 69
    65 64 63 64 66 63 64 65 70 69 68 67 65 61 60 58 53 56 57 60 61 62 65
    63 67 66 68 67 65 66 64 61 58 56 28 14 40 105 17 60 93 100 95 71 61
    113 77 101 4 52 6 40 76 83 70 92 49 99 71 47 25 77 47 51 36 92 74 92
    91 32 4 32 3 119 17 7 51 14 75 121 4 68 116 99 32 14 116 34 12 75 81
    70 42 4 21 26 50 63 56 59 60 63 64 64 63 66 65 59 60 59 59 57 61 62
    60 62 60 62 60 62 60 61 61 65 66 67 68 64 65 64 64 60 61 62 63 66 66
    66 66 66 64 60 60 58 55 54 60 60 60 60 59 59 59 61 60 57 56 54 56 56
    61 56 60 61 62 66 63 62 56 57 60 62 65 63 65 69 72 73 69 67 65 69 71
    69 68 69 67 67 71 69 66 67 68 70 68 68 64 62 60 59 58 54 58 61 58 61
    63 63 64 68 67 64 70 69 68 70 70 69 66 65 63 62 63 65 64 63 65 69 69
    69 68 66 68 69 70 68 69 71 69 68 66 63 62 62 60 58 59 61 63 64 65 62
    63 66 67 66 63 63 62 63 66 62 62 64 66 65 63 63 61 60 60 59 56 60 62
    63 62 63 65 61 65 64 65 64 63 65 62 62 59 97 21 51 69 75 42 39 78 33
    121 67 34 31 78 25 82 6 101 63 5 21 60 35 107 34 74 90 123 93 5 21 0
    4 48 29 89 97 33 19 23 36 72 114 3 5 42 57 12 65 116 41 73 60 57 31
    90 74 9 99 98 4 57 53 39 105 56 58 60 63 64 62 62 64 62 57 58 56 56
    56 61 62 63 66 65 65 64 67 64 64 64 66 65 68 69 63 64 64 65 62 63 64
    63 67 68 68 67 67 63 59 59 56 51 50 65 65 65 62 60 61 59 61 60 59 56
    54 56 56 60 56 57 60 61 67 65 63 57 59 63 63 67 65 67 72 74 75 70 70
    67 72 71 69 69 70 69 67 71 66 65 66 68 68 66 67 64 63 62 61 60 58 62
    63 60 61 63 61 60 64 64 62 67 68 68 69 69 67 62 63 62 60 61 63 64 62
    66 70 67 66 65 66 67 69 69 67 68 71 69 66 63 60 57 57 57 55 55 59 61
    62 65 62 65 67 67 67 63 62 60 62 65 61 60 59 63 64 63 63 58 58 60 59
    56 60 62 64 65 65 66 64 69 66 67 66 65 66 64 61 58 95 5 37 98 14 42
    69 57 2 94 66 105 44 65 122 71 46 56 2 85 125 57 110 86 66 122 96 67
    44 72 54 71 119 122 54 32 79 87 38 86 106 9 67 39 79 35 4 125 54 51
    81 90 50 93 48 118 47 87 30 37 64 100 51 26 79 57 59 61 64 63 61 63
    65 63 60 61 57 58 57 61 62 64 66 65 64 62 66 64 64 61 64 63 69 71 66
    66 67 67 64 65 64 62 66 68 68 68 69 65 61 62 59 54 53 67 67 64 63 62
    62 61 64 60 58 55 53 53 52 56 53 55 59 60 67 66 66 60 62 66 65 70 65
    70 74 77 75 71 70 67 72 71 69 67 67 65 64 65 61 61 61 64 66 66 66 65
    64 61 61 59 58 61 61 59 59 60 59 57 60 60 59 64 67 68 69 68 64 62 63
    60 59 60 62 63 63 67 71 71 69 67 70 73 73 73 71 70 74 72 68 65 63 61
    60 62 60 61 63 64 65 66 63 65 65 66 67 63 61 60 62 64 61 61 59 64 66
    65 65 61 62 62 60 57 61 62 63 63 62 64 62 65 62 63 64 65 66 63 62 60
    1 14 59 51 47 22 126 7 99 34 22 15 23 66 125 93 26 41 116 2 36 35 2
    99 24 65 60 7 112 22 17 59 71 48 62 73 94 33 91 2 107 91 108 3 6 113
    52 106 26 41 15 67 31 67 17 84 102 61 28 22 26 47 20 3 5 59 61 64 67
    65 62 63 66 63 60 62 59 61 60 64 65 67 68 66 64 61 65 64 62 59 63 63
    69 71 65 66 68 68 65 65 65 63 68 69 68 69 70 68 63 65 62 58 60 67 67
    66 65 63 63 61 62 59 58 56 53 54 54 58 54 57 60 59 65 64 63 58 60 63
    63 68 65 69 74 76 76 73 72 70 74 73 71 70 69 67 64 65 62 62 61 64 67
    66 67 68 67 65 65 64 62 65 65 60 59 61 59 56 58 57 55 59 62 61 65 65
    63 62 63 60 59 60 61 62 63 65 68 68 67 66 68 71 70 71 69 68 71 70 67
    62 62 61 62 63 60 61 62 65 63 63 61 65 65 65 66 62 62 61 64 65 62 60
    60 64 64 64 63 61 63 64 62 59 64 66 67 66 65 67 65 68 66 67 66 66 66
    63 62 61 14 115 93 4 48 107 125 60 51 1 24 25 102 91 24 50 67 123 64
    120 40 58 114 47 89 0 30 97 21 119 106 55 111 52 96 45 36 118 73 112
    10 122 33 64 41 54 91 79 49 104 119 78 58 94 69 72 31 87 127 82 11
    46 0 55 71 58 61 63 66 64 60 62 64 64 62 63 61 67 66 69 68 69 70 69
    67 62 66 64 62 60 61 60 65 67 63 65 67 68 65 66 65 63 66 66 66 66 68
    67 64 65 63 62 63 70 70 67 66 64 62 61 63 60 56 55 53 54 57 58 55 58
    62 63 70 68 65 63 62 65 66 69 65 69 72 73 75 71 70 68 71 71 72 71 67
    66 64 66 65 62 61 62 69 69 69 69 68 68 69 67 64 68 67 64 62 65 61 61
    64 62 62 65 67 65 68 67 63 62 63 61 59 61 62 62 63 63 66 67 65 64 67
    69 67 69 67 65 67 67 64 61 62 60 62 61 59 60 61 63 60 60 57 63 65 64
    65 61 63 62 65 64 63 61 62 65 65 66 63 63 64 65 64 61 66 67 68 66 65
    67 65 66 63 64 64 65 66 63 63 64 64 1 90 9 29 9 70 74 74 52 120 18 1
    1 35 11 113 40 63 20 29 19 106 127 75 42 0 127 83 119 95 18 104 14
    25 17 104 2 71 84 73 87 23 127 16 104 87 2 24 90 12 82 124 91 33 23
    12 1 20 97 115 15 100 82 79 62 65 67 70 67 62 64 66 64 62 62 60 67
    65 68 67 70 70 71 68 63 68 66 65 63 65 63 68 68 64 63 65 65 62 63 62
    59 63 64 64 63 65 64 62 64 63 62 62 70 70 69 68 65 63 63 65 63 59 57
    55 54 58 57 55 57 62 62 68 68 64 63 63 66 66 68 65 70 74 73 73 70 69
    69 72 72 73 75 72 71 67 69 68 64 62 62 66 67 68 66 66 66 68 66 63 65
    64 63 61 64 61 62 64 63 63 64 67 64 65 64 62 59 59 58 56 57 58 58 57
    58 60 62 60 60 63 66 65 67 65 62 66 66 63 61 63 61 62 63 61 64 67 68
    66 66 64 70 69 67 67 62 62 61 64 62 61 59 59 62 62 65 61 62 64 65 63
    61 65 65 66 64 64 64 63 65 61 63 65 66 66 64 64 67 25 34 65 88 91 80
    81 97 121 24 86 127 59 35 43 5 41 114 106 50 16 51 9 42 60 105 28 26
    9 121 39 126 0 47 103 125 101 75 15 10 2 4 110 127 102 111 105 23 63
    36 53 56 48 83 73 73 79 58 11 12 69 88 81 70 55 63 66 65 68 66 60 60
    61 60 60 59 57 64 61 64 63 67 67 68 67 61 66 66 64 62 64 63 68 70 65
    63 67 69 66 67 66 63 68 70 67 66 65 64 61 64 60 59 59 69 69 67 67 66
    63 62 65 63 61 59 58 55 61 59 57 59 62 63 68 70 65 65 65 68 68 70 68
    72 76 75 74 72 71 69 71 69 71 74 73 70 67 69 68 66 61 60 63 65 68 65
    64 64 67 66 64 66 65 66 64 66 65 64 65 65 66 66 69 65 64 63 58 55 54
    51 50 51 53 55 58 58 60 62 60 61 63 64 63 65 63 62 66 65 64 63 64 62
    64 64 63 65 65 66 65 63 63 68 65 63 63 59 60 61 63 62 62 61 62 65 66
    67 62 63 64 66 65 63 68 68 69 67 68 68 66 65 61 63 64 64 65 62 62 67
    100 85 103 41 109 120 126 49 13 55 46 90 114 42 27 85 8 88 122 13 11
    113 8 105 85 35 79 106 65 64 34 46 95 39 119 90 61 19 30 3 10 75 91
    30 71 103 99 67 47 36 91 99 29 55 37 118 59 99 60 15 65 31 78 126 35
    62 64 63 65 64 60 60 60 57 59 61 59 67 64 66 65 70 69 69 66 59 64 67
    64 61 63 61 67 70 64 61 65 69 66 67 67 64 69 69 67 64 64 61 58 60 56
    54 54 66 66 66 67 64 65 64 67 65 61 59 58 56 60 58 57 58 61 63 67 69
    64 66 65 68 67 67 65 69 74 73 73 72 72 71 71 69 68 71 70 66 64 65 67
    66 61 61 62 65 67 63 61 62 66 66 67 69 68 71 70 71 69 67 68 67 67 64
    67 65 64 64 58 57 56 55 55 53 55 55 57 57 59 62 60 63 64 65 64 65 62
    61 63 61 61 61 63 61 63 64 64 67 67 68 69 67 66 70 66 63 61 56 56 58
    60 60 62 63 64 68 67 67 62 61 63 63 62 60 65 66 68 66 66 65 64 63 59
    62 62 61 60 60 61 66 40 91 106 80 51 64 91 106 58 95 66 70 93 126 85
    33 11 70 89 83 121 48 28 126 112 124 18 75 65 84 51 101 127 13 21 33
    48 58 10 40 110 107 80 40 81 65 103 111 28 68 81 122 96 25 116 52 50
    83 103 72 20 48 19 55 113 69 71 69 70 66 63 62 60 58 62 62 61 69 66
    67 67 70 69 69 67 61 65 69 67 64 64 63 66 70 66 62 67 71 68 68 68 64
    68 69 66 65 66 66 65 65 63 60 59 63 63 63 65 63 64 64 66 64 62 58 59
    56 61 59 59 61 62 68 70 72 66 66 66 67 67 65 65 69 74 75 75 75 74 74
    73 71 71 73 72 68 68 67 69 68 63 62 62 66 67 65 62 63 67 68 70 70 69
    72 71 71 70 66 66 64 65 62 64 62 60 60 55 56 55 55 56 56 58 59 62 61
    61 64 60 63 63 65 63 65 62 62 62 61 62 63 62 59 61 60 61 64 64 65 68
    67 68 71 70 66 64 59 59 60 62 62 64 64 66 71 69 70 63 63 62 63 60 57
    61 62 65 65 65 63 65 63 59 62 62 59 59 60 58 64 54 117 96 96 117 101
    80 73 73 49 64 34 123 85 82 32 107 101 20 58 98 72 81 101 71 51 104
    125 75 32 108 27 114 103 121 77 66 75 23 75 63 62 103 98 75 33 18 26
    7 80 36 96 15 95 21 53 11 32 50 69 3 49 90 39 17 70 72 71 71 68 66
    65 61 60 64 63 62 68 66 65 65 67 64 63 64 60 61 66 67 64 66 66 68 71
    68 64 66 70 66 66 65 62 65 65 64 63 64 65 64 65 64 63 62 63 63 64 65
    65 66 68 68 66 64 62 63 60 64 60 60 65 63 69 69 70 66 69 68 67 69 67
    65 69 72 73 73 74 74 73 73 72 71 73 74 68 67 66 69 67 62 59 60 65 66
    64 62 63 69 72 73 73 73 76 76 75 72 69 68 66 66 63 63 63 61 61 56 56
    54 53 55 55 58 57 62 60 63 65 61 63 61 65 61 64 62 62 62 61 63 63 63
    61 63 63 65 66 65 65 69 66 66 66 66 63 62 58 58 60 62 62 63 65 67 70
    69 70 65 67 66 66 64 63 67 67 68 65 66 64 64 62 57 60 62 61 60 62 60
    66 58 23 51 50 126 27 15 11 34 15 54 103 113 34 63 67 79 42 82 19 88
    81 90 104 62 19 97 88 87 65 78 43 31 31 117 92 91 9 88 67 2 63 105
    29 15 8 19 40 105 17 104 95 102 70 50 114 122 30 84 24 41 12 39 53
    58 70 74 72 72 72 70 69 63 62 65 65 66 70 68 67 66 69 65 65 66 62 63
    65 67 65 64 63 64 66 64 62 63 67 65 66 64 63 67 66 66 65 66 67 65 65
    62 62 59 62 62 65 64 64 65 67 66 65 65 63 64 63 66 63 64 67 66 72 72
    73 68 70 69 69 70 66 66 68 73 72 72 73 73 73 71 70 69 73 74 69 68 68
    72 71 65 61 61 66 66 64 62 65 72 72 72 73 73 76 77 74 71 69 67 66 65
    61 60 60 58 58 55 55 53 52 54 55 60 59 64 61 63 64 62 63 61 61 57 61
    57 59 56 54 56 57 56 55 58 59 61 63 62 64 68 67 66 65 66 64 61 58 57
    59 61 62 63 62 64 66 66 65 62 65 63 64 65 64 68 67 67 65 66 65 65 65
    60 62 62 61 61 62 61 66 126 24 114 29 33 104 52 47 29 84 29 82 92 25
    72 87 49 3 59 69 26 4 61 28 106 11 50 72 10 10 86 70 49 34 109 73 88
    95 13 90 6 127 18 124 86 10 92 58 24 123 55 101 127 79 65 49 59 93 0
    74 37 62 117 77 123 69 75 73 73 71 70 68 64 65 67 67 67 71 69 69 68
    68 64 64 66 63 64 65 67 66 66 64 62 64 62 60 60 64 61 62 62 60 63 64
    65 62 64 65 63 63 59 58 56 57 57 57 58 60 61 65 65 63 62 62 64 62 64
    61 63 66 65 70 69 70 67 69 69 69 71 67 67 70 74 74 73 72 72 71 69 67
    66 69 70 66 68 68 72 71 66 62 62 66 66 63 60 62 66 66 67 69 69 73 74
    71 71 71 70 68 69 66 66 67 63 61 56 55 53 52 52 53 58 57 62 60 62 63
    60 62 61 61 58 61 58 60 59 56 58 59 57 57 59 59 63 63 64 64 70 68 67
    65 64 63 60 58 55 57 59 61 62 64 63 66 67 67 65 66 64 64 65 63 66 65
    64 62 62 61 61 62 57 59 59 58 59 61 59 63 42 43 91 62 12 24 95 13
    120 82 111 24 64 52 111 107 94 93 35 84 88 80 82 31 117 94 9 23 108
    33 102 13 63 118 81 117 39 61 104 68 7 33 53 62 34 106 103 36 124 96
    28 7 127 12 107 98 43 12 73 92 52 45 25 18 36 69 75 74 74 72 70 67
    62 62 64 64 64 66 66 67 67 67 63 62 65 61 60 61 63 61 62 61 59 61 62
    61 62 67 63 65 66 64 67 65 65 63 65 65 63 64 60 59 58 56 56 57 58 59
    60 64 62 61 61 60 62 61 63 62 64 65 65 68 65 66 63 65 66 68 69 67 68
    73 76 76 74 73 73 71 69 65 65 68 69 65 66 67 71 70 65 64 62 65 64 61
    59 60 63 62 65 68 70 73 75 71 72 70 69 65 64 62 60 63 57 57 54 54 51
    50 50 52 57 58 61 60 64 64 63 65 63 61 60 61 58 59 56 52 54 56 53 55
    57 59 64 66 67 68 74 72 70 66 64 62 60 58 55 55 59 60 60 62 61 63 63
    64 64 65 66 66 66 65 67 66 65 65 65 63 62 64 59 59 59 58 58 60 58 61
    91 1 126 33 43 14 46 48 113 11 91 39 65 94 39 105 23 21 120 114 52
    23 80 25 31 3 57 77 4 69 61 40 103 51 112 112 61 126 110 121 75 69
    127 47 24 35 22 63 117 84 103 78 61 56 44 21 22 73 4 45 27 17 97 2
    42 70 73 71 70 69 69 65 62 63 67 67 67 67 67 69 69 69 65 62 65 63 61
    61 63 58 58 59 58 60 61 63 63 70 68 69 69 67 69 66 65 64 65 66 64 64
    62 62 61 55 55 56 56 57 58 62 59 59 60 59 63 62 61 63 64 65 65 68 65
    67 66 66 67 70 69 70 70 73 75 75 74 72 72 70 67 64 64 67 67 64 67 67
    69 69 65 64 63 65 61 61 61 62 63 62 66 70 73 74 76 72 73 70 68 64 61
    60 58 59 55 56 51 50 48 47 49 52 57 58 62 62 65 66 65 67 65 64 63 65
    61 63 60 56 58 58 56 58 61 63 66 64 66 67 72 68 67 61 60 61 57 56 54
    53 55 58 59 61 60 62 64 66 67 68 69 69 70 69 70 68 67 65 64 64 62 64
    58 59 61 60 59 61 58 60 45 77 85 18 108 39 97 38 67 31 19 23 17 119
    91 43 72 77 127 57 13 49 36 31 67 28 88 74 59 123 96 16 34 28 90 87
    124 22 70 97 103 14 73 23 6 46 53 92 99 121 15 24 13 45 111 9 56 65
    2 120 41 11 89 102 117 69 72 71 69 69 70 66 63 64 68 68 70 70 70 71
    72 72 66 64 65 63 60 60 61 57 57 57 57 59 60 62 62 67 65 66 66 64 64
    61 61 60 62 63 63 63 62 63 61 58 58 60 59 58 60 62 59 59 57 57 61 61
    59 60 61 63 64 67 64 66 66 68 68 70 69 69 68 70 71 69 69 67 67 65 64
    61 63 65 64 63 67 66 69 69 65 65 65 66 61 62 62 62 62 61 64 68 72 72
    73 70 70 68 67 62 59 59 58 58 57 58 55 55 55 54 55 59 61 60 62 63 65
    65 66 67 66 65 65 65 60 62 59 55 57 57 56 58 63 66 66 65 68 69 74 71
    68 63 65 66 61 61 56 55 57 60 59 61 61 60 64 67 67 69 69 68 71 69 71
    69 67 66 65 64 62 66 59 59 62 61 60 62 60 63 92 46 101 98 119 122 49
    31 6 52 47 73 80 88 2 43 70 15 52 58 52 104 123 32 40 6 91 59 119
    126 102 100 122 90 119 0 116 94 58 38 105 110 0 6 20 64 114 66 121
    69 47 67 59 32 109 125 113 82 1 115 59 2 122 56 125 69 72 70 68 67
    68 66 64 66 69 67 69 69 69 70 69 68 62 63 65 62 60 59 61 59 59 56 56
    59 61 62 62 65 64 67 65 62 60 59 59 59 61 62 64 64 64 66 65 61 61 61
    60 57 58 59 56 55 54 56 59 61 59 58 60 62 63 66 62 63 65 67 67 70 69
    70 71 72 72 70 70 67 67 65 63 61 63 66 65 63 66 64 66 65 63 62 63 65
    60 61 60 61 61 60 61 64 68 67 68 66 64 64 62 57 55 56 57 57 57 57 56
    55 55 53 52 57 60 60 61 64 66 67 69 67 66 65 67 67 63 64 61 59 60 60
    58 61 66 68 69 68 72 71 75 71 68 65 66 65 62 64 60 59 61 62 60 63 62
    61 64 67 68 69 70 70 73 70 72 71 69 69 69 69 67 71 65 65 66 66 65 64
    63 63 53 9 117 6 61 58 11 114 58 83 65 112 48 76 75 100 52 116 100 3
    72 110 33 43 56 111 36 36 112 71 91 100 18 16 30 16 101 46 67 58 124
    78 95 97 125 52 59 4 97 38 30 67 38 6 0 109 93 94 77 89 72 96 106 62
    82 61 66 66 63 65 66 65 63 64 67 64 68 66 66 67 68 66 61 64 64 62 60
    58 60 57 57 52 53 55 58 60 59 64 63 66 64 62 60 58 58 57 58 60 60 62
    60 64 63 61 61 60 60 58 58 60 58 59 58 62 64 65 62 59 60 60 62 62 58
    60 63 66 66 71 70 71 73 72 71 68 67 64 63 60 57 57 58 62 62 60 64 63
    67 66 66 63 64 64 60 61 59 59 60 59 59 64 67 65 65 63 60 63 61 56 55
    57 59 60 63 62 61 59 57 54 51 55 55 56 57 61 64 65 67 68 66 63 65 64
    60 61 60 58 60 60 61 64 68 72 73 71 74 73 75 70 66 62 62 63 61 62 59
    60 62 64 62 63 62 61 64 68 70 70 73 73 76 73 76 74 71 72 73 72 69 74
    67 66 67 65 63 64 63 64 37 70 65 2 100 71 57 52 30 14 64 38 83 55 47
    81 27 118 97 25 100 59 44 8 115 3 56 36 65 32 114 46 73 29 13 126 38
    111 87 24 94 37 27 105 122 41 64 38 110 32 53 106 49 29 103 98 53 43
    126 121 29 17 77 52 38 62 66 64 61 61 63 62 62 62 66 64 69 69 67 68
    68 69 64 66 66 62 62 61 61 58 57 53 54 57 58 60 60 63 64 66 63 62 61
    60 58 58 59 59 59 60 59 62 62 63 63 61 60 57 57 60 57 57 58 61 63 63
    61 60 61 58 60 61 58 61 62 63 64 70 70 70 72 71 71 68 67 64 63 61 57
    57 57 61 62 62 64 66 70 70 69 67 67 64 59 59 58 58 59 56 57 63 68 65
    65 64 61 64 63 57 56 58 60 59 63 63 61 60 58 54 51 54 53 54 54 58 61
    65 67 68 67 63 66 65 62 61 61 61 62 64 66 67 70 75 74 72 76 74 74 72
    68 64 65 65 62 63 62 60 62 64 63 65 64 63 64 67 70 69 73 71 73 70 73
    72 70 71 71 72 69 75 69 69 69 67 66 65 66 66 52 48 121 125 115 11
    114 25 101 53 41 104 111 114 123 53 124 27 102 106 69 96 48 91 29
    107 23 86 71 46 57 5 56 65 22 85 83 53 16 110 113 74 54 28 68 16 36
    114 57 40 125 53 37 126 71 6 104 57 17 45 110 120 100 31 54 64 67 65
    62 62 64 62 63 62 65 62 67 67 64 65 64 65 63 65 65 62 64 65 65 65 62
    58 57 60 62 61 60 61 63 64 62 61 59 60 57 56 55 57 59 60 60 62 62 61
    61 58 57 54 53 56 55 57 56 60 65 66 65 63 63 60 62 61 57 59 60 61 63
    68 69 70 72 72 73 69 69 65 62 61 57 57 56 60 59 59 62 63 67 66 65 64
    64 62 57 56 56 56 58 57 60 64 71 70 67 68 65 67 65 60 59 59 61 60 65
    64 63 62 58 56 55 55 53 54 52 57 61 65 66 67 65 63 68 68 65 63 65 67
    69 71 71 71 74 76 75 72 75 73 75 72 70 68 68 69 66 66 63 63 62 67 64
    68 68 68 68 71 74 70 72 70 70 68 71 70 71 72 74 73 71 75 70 70 70 68
    66 67 67 67 76 60 26 59 59 40 104 3 92 61 22 95 41 107 97 95 32 111
    39 91 33 84 93 5 110 8 8 31 120 73 120 117 91 116 17 96 20 118 125
    110 22 7 42 88 47 74 114 93 75 80 8 25 70 85 64 18 60 44 47 32 11 28
    55 53 5 67 68 65 62 63 63 63 62 59 63 61 65 65 64 63 63 66 64 67 67
    65 64 66 68 68 64 59 61 62 64 63 61 61 63 66 62 63 61 62 61 62 58 60
    61 60 60 61 59 60 60 59 59 55 54 56 56 58 57 61 65 67 66 64 63 61 63
    61 57 58 60 63 64 69 70 72 74 72 72 66 67 63 60 59 54 55 54 59 60 60
    62 61 66 64 65 63 63 62 57 58 58 59 62 61 61 66 72 70 67 68 62 63 62
    56 56 57 57 57 63 64 64 63 61 57 56 56 53 55 52 56 58 63 65 66 66 63
    67 68 65 63 64 65 65 68 70 69 74 76 75 71 75 73 73 71 67 67 67 69 66
    64 62 61 61 63 62 66 66 66 67 70 73 71 70 69 70 68 71 72 72 74 78 76
    74 78 71 71 72 69 66 66 66 66 106 56 90 123 119 90 50 59 108 80 123
    121 75 10 56 51 98 72 59 115 22 87 69 4 84 4 56 73 89 98 49 49 25 72
    16 9 11 3 22 34 28 49 41 123 118 35 62 107 74 56 61 103 38 18 20 125
    87 19 101 4 38 34 115 19 104 68 67 65 62 65 65 65 63 62 66 64 68 66
    63 61 61 64 63 67 67 66 68 72 73 73 69 65 65 65 66 62 61 60 63 63 61
    62 62 65 64 64 62 65 66 64 64 65 64 60 60 57 59 56 56 57 58 60 58 63
    68 70 68 66 65 64 65 63 59 62 64 67 68 72 74 75 76 71 70 66 66 61 59
    59 55 58 57 62 61 61 63 61 67 64 64 60 62 64 61 62 59 61 65 65 63 66
    69 68 67 67 63 65 66 60 62 62 60 58 63 64 64 64 60 57 57 58 54 54 51
    55 56 62 62 63 65 63 68 69 67 65 68 71 71 71 73 70 76 78 74 69 72 71
    72 70 66 64 66 69 66 66 62 63 63 66 65 68 68 69 69 71 73 70 69 67 67
    65 70 69 68 69 74 73 73 75 69 72 73 71 70 70 71 70 37 105 94 100 96
    101 59 28 46 23 31 25 93 90 14 1 113 85 64 4 106 106 57 93 49 34 23
    66 100 33 67 99 70 69 114 4 83 53 10 54 51 50 19 54 14 116 29 5 4 19
    28 60 107 24 28 29 22 55 69 102 98 58 88 20 29 66 66 64 62 65 65 65
    63 60 61 60 65 64 61 58 59 63 61 66 66 63 65 70 73 74 73 67 66 66 67
    63 61 59 59 60 57 59 59 62 61 61 61 64 64 65 63 63 62 60 60 58 60 58
    58 59 61 61 61 65 68 70 69 66 66 65 65 65 61 61 62 66 67 71 73 72 74
    71 70 65 66 62 59 61 58 60 59 63 63 63 64 63 68 66 65 62 63 65 61 61
    58 61 65 66 63 66 69 68 68 69 65 68 68 62 63 63 62 58 64 63 65 65 62
    58 58 57 53 53 50 54 55 60 62 62 64 64 66 67 66 63 67 69 69 70 70 68
    72 74 70 67 70 67 70 69 65 63 65 67 66 67 65 66 66 69 69 72 70 70 67
    67 70 68 65 63 63 62 68 69 68 70 74 72 73 74 70 72 70 68 67 68 68 68
    69 68 68 70 67 70 70 67 68 67 69 69 70 69 69 70 71 72 73 73 74 71 68
    68 65 65 64 65 65 67 70 68 68 66 65 59 60 58 56 57 57 59 58 62 63 63
    62 63 64 61 63 61 56 56 57 57 57 59 59 61 62 64 66 66 67 69 69 68 66
    67 65 65 64 61 63 60 65 65 63 60 59 61 58 63 64 62 65 68 71 72 72 67
    66 66 67 65 62 60 59 61 59 61 61 64 64 64 64 66 65 64 61 62 61 60 60
    60 60 60 58 59 61 62 62 65 70 70 70 68 68 68 69 68 64 62 64 65 67 70
    70 69 72 72 70 67 67 65 62 65 63 66 62 66 66 65 65 63 67 63 65 60 62
    63 62 62 59 63 66 67 63 67 69 70 70 71 68 70 68 63 62 62 59 57 61 61
    63 63 59 57 57 56 53 54 53 57 60 64 65 64 65 64 65 66 65 63 66 71 71
    74 73 73 76 76 73 70 72 67 69 68 65 64 65 66 67 68 69 68 68 70 70 74
    71 72 68 68 72 70 68 66 64 63 68 67 65 69 71 71 74 75 71 73 72 68 67
    68 68 67 66 66 64 67 65 67 66 64 66 65 66 66 67 66 68 68 69 69 71 72
    71 71 65 66 65 65 64 65 67 68 71 69 68 66 66 60 60 57 56 58 58 60 60
    65 66 67 65 65 66 64 64 61 58 56 58 59 60 59 59 61 62 65 67 67 68 72
    72 70 67 67 64 63 61 58 59 58 61 62 60 57 58 59 57 61 62 61 64 68 70
    71 73 69 67 65 68 66 64 62 59 59 58 62 62 64 63 63 62 65 64 63 59 59
    58 60 60 61 60 61 59 60 63 65 68 71 74 74 74 73 70 68 67 64 62 60 60
    61 65 68 71 72 72 74 74 70 69 66 63 64 63 66 62 66 65 66 66 65 67 64
    65 62 64 65 65 65 64 67 69 69 67 70 72 72 73 73 72 74 72 67 65 65 60
    58 61 59 62 62 59 58 60 57 54 55 54 55 58 61 63 62 63 64 64 66 64 61
    63 69 71 71 70 71 73 73 71 66 67 64 64 64 63 62 63 65 65 67 68 67 65
    66 67 71 69 69 68 69 73 73 72 68 66 65 67 65 63 64 65 62 68 67 64 68
    69 67 65 68 67 67 66 64 63 66 66 67 66 66 67 68 67 67 65 65 66 66 66
    65 69 71 72 70 66 68 68 67 67 68 67 68 70 68 66 65 65 58 57 56 56 57
    58 59 60 67 69 69 66 66 67 64 63 60 58 56 57 59 59 59 60 62 63 67 71
    72 73 76 74 71 69 68 64 62 60 59 60 58 62 63 60 57 58 58 56 59 59 59
    62 67 68 69 71 69 68 64 69 65 63 61 59 59 59 63 64 67 66 67 66 66 66
    64 61 59 57 62 62 62 62 63 61 62 65 68 69 71 74 74 73 71 68 66 65 63
    60 56 59 61 66 67 69 69 69 72 71 66 67 64 63 64 64 66 63 66 62 63 62
    63 65 60 60 59 64 65 65 64 63 67 70 70 67 69 72 72 75 76 74 74 72 67
    66 63 58 55 57 58 62 61 59 60 61 59 56 56 53 53 57 60 62 61 61 63 64
    67 64 61 64 68 70 70 68 67 71 71 67 64 66 63 64 65 64 64 63 65 64 64
    64 63 61 61 63 68 67 68 69 69 73 74 72 68 65 65 65 64 61 60 60 59 65
    64 64 66 69 69 69 70 70 69 66 64 61 62 63 63 60 60 62 64 64 64 63 62
    64 63 63 64 65 66 70 70 66 68 69 67 67 69 67 69 70 68 67 68 69 62 62
    60 61 62 62 62 62 67 68 68 66 65 66 64 62 60 59 56 56 57 57 56 59 60
    60 65 69 71 72 75 73 72 70 70 67 65 61 62 62 61 63 64 61 58 59 56 55
    57 57 57 60 64 66 69 71 69 68 64 67 64 63 60 56 57 60 65 66 69 67 69
    69 69 68 65 62 61 58 58 58 59 59 60 60 61 65 68 69 70 74 73 72 70 65
    64 66 64 60 58 60 64 69 69 69 70 71 73 70 65 65 63 62 62 61 63 62 64
    59 60 59 59 62 58 58 57 62 64 65 65 63 68 67 68 66 66 65 67 70 72 72
    72 71 69 68 65 61 57 59 59 64 62 61 62 63 61 58 58 54 55 56 58 61 61
    63 66 68 69 68 66 66 68 69 69 65 66 70 68 67 65 65 63 63 62 60 61 60
    62 62 60 60 60 60 58 60 63 62 64 67 67 71 72 71 69 67 67 65 65 60 60
    59 57 60 60 60 59 62 61 62 65 65 65 61 59 57 58 60 60 59 59 62 65 67
    67 65 63 66 64 65 64 65 66 68 70 67 71 71 69 70 71 69 69 68 66 66 69
    68 63 62 60 61 64 63 63 63 69 70 71 70 68 68 64 63 59 59 54 56 55 55
    55 57 57 57 62 64 67 68 72 70 69 69 68 65 63 60 60 62 61 64 65 62 62
    65 62 59 60 57 56 58 60 60 62 65 67 66 63 64 64 63 60 57 56 60 65 68
    68 69 71 70 70 67 64 60 60 55 57 57 59 61 62 62 63 67 69 70 69 72 71
    70 68 63 63 64 63 60 59 61 66 71 70 71 71 70 72 69 65 65 63 63 64 65
    65 64 65 60 63 60 60 60 56 59 57 61 62 65 67 66 70 67 68 65 66 63 62
    65 69 70 71 69 68 67 66 62 57 58 59 64 62 63 64 63 62 60 59 56 57 56
    55 60 59 61 64 65 66 65 64 65 68 70 69 67 68 71 69 67 66 66 63 61 61
    59 61 59 60 60 60 62 61 61 58 61 64 62 63 63 65 69 72 71 70 69 71 70
    69 62 62 60 58 62 61 60 59 63 62 62 64 63 63 62 60 59 59 61 62 60 60
    61 63 64 65 63 60 63 60 62 62 63 66 68 69 66 71 72 70 70 70 70 69 69
    66 67 69 67 61 61 59 61 65 63 61 65 72 71 72 70 68 68 66 62 57 59 56
    56 55 55 56 57 59 57 60 63 66 67 70 68 67 66 66 64 61 57 60 63 62 64
    65 63 63 66 61 58 58 55 54 57 58 58 59 61 66 64 62 62 61 63 61 57 55
    60 64 67 69 67 69 70 70 69 66 63 63 61 58 58 60 60 63 63 65 68 70 71
    69 71 68 69 67 63 64 64 65 64 63 64 66 71 69 69 67 64 67 65 64 65 63
    65 65 68 67 68 67 61 64 61 62 61 58 58 57 60 61 63 63 62 67 64 67 65
    66 64 66 69 72 75 76 73 73 70 68 63 58 57 56 61 59 61 64 65 64 63 63
    61 61 61 60 64 62 61 65 64 64 64 62 63 66 69 67 66 66 70 68 66 67 65
    63 61 61 60 61 59 59 60 59 63 63 63 62 64 66 63 63 61 63 66 68 68 67
    67 69 68 67 61 61 58 57 61 60 60 59 62 61 62 64 62 62 60 59 57 57 59
    60 58 58 58 61 62 64 61 60 64 63 64 64 67 69 72 73 69 70 73 71 71 70
    68 68 68 68 68 69 66 63 63 60 63 67 64 62 67 73 71 74 72 68 68 66 61
    56 59 55 53 53 55 57 60 61 59 63 67 68 68 71 69 68 67 66 64 61 58 59
    61 59 61 62 61 62 65 60 58 59 58 56 57 57 58 61 63 67 65 64 64 63 65
    63 58 56 59 65 67 67 64 65 64 64 63 62 59 60 57 63 63 65 62 65 65 66
    68 70 71 71 73 69 70 67 63 63 64 64 62 61 63 64 67 66 66 64 62 67 65
    65 66 65 66 67 67 65 64 64 60 62 59 59 59 58 60 58 61 61 62 64 64 68
    66 69 67 67 66 69 70 73 75 75 74 77 74 70 66 61 61 60 64 60 62 67 68
    67 65 67 65 67 67 63 66 63 61 63 62 60 59 58 58 62 67 68 67 67 69 67
    68 69 65 63 58 60 59 61 58 57 59 58 64 62 63 62 65 67 65 65 64 65 67
    67 66 66 66 68 67 66 63 65 63 61 63 61 61 59 61 58 58 59 57 57 56 55
    53 54 55 57 55 57 57 59 60 60 58 57 62 61 62 64 67 70 71 72 68 69 71
    68 67 67 65 63 64 65 65 67 64 62 63 61 64 65 64 62 67 71 69 72 69 66
    67 65 60 57 61 58 55 56 55 57 61 63 62 65 67 69 71 73 71 70 69 67 67
    63 60 61 64 62 62 63 62 66 68 65 62 63 62 60 62 61 60 62 63 66 65 63
    63 61 62 61 57 55 59 65 67 68 66 66 65 66 63 61 58 59 58 69 69 70 65
    66 65 66 67 67 68 69 72 70 70 66 62 64 63 62 59 58 61 62 67 64 65 64
    64 69 68 69 68 68 68 68 67 64 63 63 59 60 57 57 59 57 59 59 61 62 64
    67 65 70 66 68 66 66 65 67 69 70 72 72 71 73 72 69 65 62 62 60 65 61
    62 67 69 70 69 70 68 69 68 64 68 65 64 64 64 63 62 59 58 61 66 68 65
    65 67 66 69 70 66 64 61 62 62 65 60 59 61 60 64 64 64 63 66 67 65 66
    66 68 69 70 68 67 66 68 67 66 62 63 63 63 64 61 60 56 60 59 59 59 59
    59 57 57 55 55 57 57 56 59 58 60 61 59 57 57 59 57 58 60 60 64 64 66
    64 65 69 67 67 67 67 64 64 65 64 66 64 61 61 60 63 66 66 65 68 72 72
    75 72 67 66 65 58 54 59 56 54 57 57 56 61 63 60 64 65 66 68 72 72 71
    71 70 72 68 65 65 66 64 64 62 61 65 69 66 64 64 64 63 63 64 65 66 66
    70 69 66 65 62 61 60 57 54 56 64 64 65 64 63 64 65 65 63 63 62 61 65
    65 65 61 62 62 64 63 62 65 66 69 69 70 65 61 63 62 61 59 57 59 62 67
    65 68 67 66 70 69 70 69 68 69 68 64 62 61 61 59 58 55 54 58 56 57 57
    59 62 63 66 65 70 67 69 67 66 66 67 69 71 72 71 71 74 74 71 66 62 63
    62 65 62 63 69 71 71 70 69 66 66 64 61 63 61 61 62 64 63 64 60 61 62
    65 66 63 61 61 62 64 66 63 61 60 61 60 62 57 56 58 57 59 61 61 59 61
    61 61 62 64 66 66 68 67 67 67 68 66 65 61 63 63 63 63 59 60 56 60 59
    58 60 60 60 57 58 56 56 59 58 58 61 61 62 61 60 55 54 55 54 54 57 59
    63 65 67 66 66 70 66 66 65 65 63 62 64 62 64 62 62 61 59 62 64 66 64
    66 67 67 70 69 64 63 62 57 56 61 58 55 56 55 56 60 61 58 61 63 65 67
    71 70 70 72 71 72 69 67 67 70 69 68 66 67 71 73 69 67 66 65 64 63 65
    65 66 65 68 68 66 64 59 57 57 56 53 56 64 63 66 66 64 65 66 65 62 65
    64 64 65 65 65 61 63 63 65 63 60 61 62 67 65 66 61 60 64 64 62 59 58
    62 66 68 64 66 64 64 67 64 64 63 65 64 65 61 58 58 60 60 59 57 57 61
    61 61 62 62 65 64 66 63 69 67 69 67 65 65 66 69 70 70 69 70 72 73 71
    68 63 64 64 64 61 63 67 69 69 67 65 64 66 63 60 60 59 60 60 59 59 61
    59 61 62 66 69 68 67 68 69 69 72 69 65 64 63 61 62 57 56 58 57 58 61
    62 60 61 59 59 60 61 63 63 64 65 63 63 68 67 67 62 66 69 71 70 66 67
    62 65 62 61 63 63 63 60 62 60 60 62 62 62 62 62 62 64 63 59 58 58 59
    59 63 63 65 65 66 66 65 70 65 64 64 65 63 63 65 61 63 60 60 60 59 62
    63 64 63 66 66 64 68 66 61 61 62 57 56 63 60 57 60 59 59 62 63 58 61
    61 61 63 67 68 69 72 70 71 68 68 67 68 68 66 66 68 73 73 69 68 65 65
    64 63 63 64 67 66 68 67 65 63 60 57 56 56 54 58 65 63 66 65 64 64 66
    64 62 64 64 65 67 67 67 63 63 64 65 61 57 56 58 61 61 63 58 58 64 65
    63 61 60 63 66 67 64 66 64 64 66 64 66 66 68 67 70 67 62 64 65 66 64
    63 62 65 65 66 65 67 67 67 67 66 72 68 69 67 66 66 66 70 70 71 71 73
    75 75 74 69 64 65 64 62 59 62 66 70 71 70 69 69 70 66 62 60 59 60 58
    59 59 63 62 63 65 69 71 70 69 67 67 68 70 65 62 61 60 60 60 57 55 59
    59 60 63 64 63 64 63 61 62 61 63 63 64 63 64 65 67 67 66 63 67 69 70
    67 64 65 61 64 59 59 60 59 60 58 60 59 61 66 65 67 66 64 63 64 63 57
    58 57 61 62 65 67 70 69 68 68 66 70 66 64 62 63 62 62 64 60 62 61 62
    64 62 66 67 68 65 67 66 63 68 64 59 59 59 55 55 61 57 57 59 60 61 64
    66 62 65 65 66 66 71 72 71 74 72 73 68 70 67 67 67 65 64 67 72 72 71
    69 68 69 69 68 68 65 67 65 66 65 63 62 59 58 58 60 58 60 66 63 65 64
    63 63 64 64 62 65 65 67 64 64 63 60 60 60 61 58 55 55 57 59 60 61 56
    56 61 60 59 58 58 62 65 66 63 67 66 65 67 64 66 65 68 66 67 65 60 62
    64 65 64 63 62 64 65 65 65 67 66 66 66 66 70 68 68 66 65 65 66 69 69
    70 72 72 73 74 73 69 63 64 63 61 59 61 65 69 71 70 70 71 71 66 63 60
    59 57 55 55 56 60 59 62 63 69 70 68 67 66 66 67 68 62 61 63 62 64 64
    60 60 64 65 65 68 68 67 70 70 69 67 65 66 64 63 63 61 60 63 64 62 61
    65 68 71 69 66 67 66 70 66 63 63 62 63 61 61 60 63 68 68 71 70 68 67
    67 64 58 58 56 61 62 68 69 71 70 69 67 65 67 63 62 61 62 61 63 64 60
    60 58 59 62 62 66 67 69 67 70 67 64 68 66 61 63 63 59 59 65 62 61 64
    65 66 70 73 69 71 71 69 68 73 74 72 75 73 71 69 70 67 66 67 62 61 65
    69 68 66 64 63 67 69 69 70 70 73 71 70 68 66 65 61 60 59 60 60 62 67
    61 66 62 60 62 62 63 62 67 65 69 69 69 68 64 65 63 64 61 57 56 57 60
    59 60 56 57 62 61 60 59 58 61 63 62 60 64 62 64 67 66 66 65 66 64 65
    62 58 58 60 62 61 62 62 64 65 66 67 71 71 69 68 65 71 70 69 65 65 66
    68 72 70 70 71 73 74 74 72 69 64 65 63 61 58 59 63 67 69 66 66 67 68
    65 63 60 60 60 59 58 60 62 61 61 61 65 67 66 64 63 65 66 67 63 60 63
    61 62 60 58 57 60 63 62 66 67 66 67 67 67 65 64 64 61 62 62 61 60 62
    62 61 60 65 67 69 67 63 66 66 70 65 65 65 66 67 63 63 60 63 67 65 67
    66 65 65 67 65 60 61 60 63 64 68 68 69 69 69 67 65 67 63 63 62 61 59
    61 63 59 60 58 60 63 64 67 67 70 68 69 65 62 67 65 61 61 61 59 62 66
    62 61 64 63 64 68 69 66 69 68 67 67 71 72 71 73 70 69 68 68 66 63 63
    58 57 61 66 67 65 64 64 69 70 70 70 70 74 73 71 69 67 68 63 61 60 61
    62 65 69 62 65 62 60 61 62 61 60 65 64 69 71 71 71 67 66 66 65 62 59
    58 59 61 61 61 56 56 60 58 57 56 55 58 62 62 61 66 63 65 68 67 65 64
    67 63 65 61 58 57 61 61 60 62 63 65 66 68 68 72 71 69 67 64 70 68 66
    62 60 63 65 69 66 66 68 69 70 72 72 69 63 66 65 63 61 61 61 64 68 64
    65 65 67 64 63 62 62 63 61 62 64 66 65 64 62 64 67 65 63 61 64 65 65
    62 60 64 61 62 61 61 59 62 63 62 65 66 64 64 64 66 65 66 65 63 63 63
    63 61 63 63 63 62 67 68 71 67 64 65 67 71 67 67 66 68 70 66 65 61 64
    66 64 67 67 67 68 70 67 66 67 64 65 66 70 68 69 66 66 66 64 66 61 61
    59 59 58 60 60 56 57 56 60 63 64 68 67 70 69 68 63 62 65 62 59 60 60
    61 62 66 62 62 63 61 61 64 65 62 64 62 62 65 68 68 69 69 68 67 67 66
    64 62 61 58 57 61 64 65 63 61 60 65 66 66 67 65 70 70 69 66 65 66 63
    61 60 61 64 67 71 64 67 65 64 67 66 65 63 67 65 71 68 68 68 64 65 66
    67 64 61 61 60 60 60 59 54 53 56 54 56 56 54 57 62 63 62 65 63 64 68
    66 63 61 64 62 62 60 57 59 63 63 62 64 65 66 66 66 66 69 68 67 65 61
    67 65 63 62 60 62 62 67 64 63 66 65 66 67 69 67 62 66 64 63 62 63 61
    63 66 63 64 64 65 62 65 65 66 67 66 67 68 69 66 66 63 63 64 63 62 60
    64 64 65 64 63 66 62 64 62 63 61 62 62 59 63 64 61 60 60 62 62 63 62
    61 62 63 64 63 64 64 64 61 66 66 67 66 63 67 68 75 70 71 70 71 75 70
    70 66 69 72 69 71 69 70 70 73 71 68 70 68 70 70 71 68 69 66 66 64 62
    64 61 61 59 61 60 62 63 59 60 59 61 62 64 67 66 68 65 64 61 61 62 60
    59 58 59 60 60 63 60 60 59 60 60 63 66 63 65 64 65 67 70 69 69 68 66
    65 65 63 63 59 59 56 57 59 60 62 58 58 57 62 63 63 65 63 69 69 68 66
    64 68 64 64 62 64 66 68 73 66 68 65 63 65 66 66 64 69 69 74 64 64 64
    62 63 64 67 65 63 61 60 59 58 59 55 53 56 55 59 60 60 61 65 65 64 66
    63 62 65 63 60 61 65 65 65 63 59 60 62 60 58 61 61 61 62 64 63 67 65
    61 59 58 62 61 60 59 56 60 60 65 64 61 65 64 67 66 69 67 63 68 67 64
    64 66 64 64 67 64 65 67 69 64 67 66 65 65 63 63 65 66 66 67 66 66 68
    67 66 66 66 65 66 66 64 65 63 63 62 64 63 62 62 58 60 62 61 58 58 60
    60 62 61 59 58 60 64 63 64 64 65 63 68 68 68 67 65 69 71 75 71 72 71
    71 74 70 69 67 70 71 71 72 70 69 71 74 71 68 70 69 72 73 73 70 70 69
    66 61 58 60 58 56 55 55 56 60 61 57 58 58 61 63 64 66 64 64 62 62 56
    55 56 56 56 57 57 58 60 64 61 61 61 61 63 67 70 68 69 68 68 69 70 68
    68 64 62 60 62 61 62 59 59 58 61 62 62 64 59 60 58 63 64 63 64 62 67
    67 65 62 61 65 61 64 62 64 67 71 74 68 72 68 66 68 70 69 67 70 71 76
    66 66 65 62 64 67 68 68 67 64 62 61 58 56 54 50 51 50 55 58 58 60 65
    64 64 65 62 60 64 61 59 61 66 67 66 65 60 62 63 61 60 62 64 65 66 67
    67 69 65 62 60 59 62 61 59 59 58 59 60 62 61 59 64 63 65 66 69 70 65
    70 67 64 65 66 62 60 65 62 64 68 66 63 67 66 66 65 63 63 65 66 66 67
    64 66 67 67 67 67 68 68 69 68 68 68 64 63 63 64 63 62 62 59 62 66 65
    62 60 61 60 61 58 55 55 57 61 61 63 65 67 66 67 69 69 69 66 69 70 73
    71 70 69 68 72 69 69 67 70 72 72 74 71 68 70 75 73 72 75 73 77 79 78
    73 73 71 67 63 60 61 58 57 55 55 56 60 62 60 60 60 63 64 66 69 67 65
    64 63 59 59 58 56 57 57 56 56 56 59 58 58 58 61 62 67 70 69 69 68 66
    68 68 67 68 63 60 60 63 61 61 59 57 57 60 59 61 62 59 59 58 61 63 63
    63 61 66 67 65 63 61 65 62 65 63 64 68 70 73 69 74 69 68 68 70 69 67
    69 68 72 65 65 66 64 64 67 68 68 68 66 64 60 60 59 57 52 52 50 55 59
    59 58 63 65 67 69 66 65 68 68 65 66 69 71 70 68 63 65 65 62 60 60 60
    60 60 60 58 61 58 57 57 57 62 61 60 59 58 58 59 59 59 56 61 61 63 65
    68 69 63 67 65 62 63 64 61 59 65 65 67 71 69 66 70 72 70 69 69 70 72
    73 70 68 67 66 65 64 64 63 64 64 63 63 63 62 60 59 59 62 60 61 59 58
    61 65 67 63 63 63 63 63 59 57 55 57 61 62 62 64 66 65 67 67 68 68 67
    70 72 73 72 71 68 66 69 66 65 63 65 67 67 70 68 65 67 71 70 70 73 71
    73 76 76 72 72 72 67 65 62 60 57 55 54 52 54 58 59 59 61 62 65 65 66
    66 64 63 62 59 55 57 57 55 58 58 56 57 57 57 56 57 55 57 59 65 68 69
    71 69 68 71 71 69 69 64 61 62 66 63 63 61 59 60 62 62 62 64 62 63 62
    64 65 65 65 64 67 67 67 67 67 69 67 69 67 67 69 68 71 69 73 70 69 71
    72 73 70 69 68 72 62 62 63 62 62 64 65 68 66 66 64 61 59 59 59 54 54
    52 56 61 62 61 65 67 69 70 67 67 71 72 68 66 71 72 69 66 60 61 62 60
    58 58 58 57 59 59 57 61 59 59 59 60 64 62 62 61 60 60 60 58 57 55 56
    55 58 60 64 67 62 67 65 64 64 64 61 58 64 64 67 70 69 67 72 73 72 69
    69 68 69 69 65 65 64 64 64 63 63 63 63 62 62 64 65 65 64 61 61 64 61
    58 56 54 56 62 62 60 61 61 61 62 58 55 54 55 56 59 60 63 64 64 66 67
    69 70 69 71 73 73 72 72 69 66 70 66 65 63 65 65 67 70 68 67 71 75 75
    76 78 75 75 75 74 70 68 67 64 62 60 59 56 55 55 53 55 58 59 60 62 63
    66 65 64 65 62 60 60 58 54 57 56 57 59 60 59 60 61 59 61 60 60 60 60
    63 65 68 66 65 62 66 65 65 67 61 58 60 64 61 63 60 60 62 64 63 63 64
    61 61 58 59 60 60 58 60 66 68 68 68 69 71 69 69 67 66 69 68 71 70 74
    72 69 71 72 71 68 68 68 71 66 66 68 66 66 70 70 71 69 69 67 63 61 60
    61 56 57 55 58 61 61 60 63 64 65 65 62 64 67 69 65 64 67 68 68 66 62
    62 63 62 60 61 60 59 59 60 59 62 61 61 63 64 67 66 65 65 64 65 63 60
    59 55 57 57 58 58 64 67 64 70 69 66 66 66 62 60 66 64 64 68 67 67 71
    73 71 70 71 71 71 70 67 68 68 66 67 68 68 68 68 66 67 69 67 65 64 61
    60 62 58 55 54 53 55 60 60 57 59 60 62 62 59 58 58 59 61 62 62 66 66
    65 66 67 69 69 69 69 70 69 68 70 65 64 68 65 66 65 66 64 66 67 66 67
    70 74 74 77 79 74 74 72 69 66 64 64 61 60 57 59 58 55 54 52 54 58 59
    59 60 64 67 65 65 66 63 61 62 57 55 59 58 57 60 60 58 62 62 59 59 58
    56 56 57 58 58 61 60 60 59 64 62 61 63 57 56 58 62 59 62 60 59 64 65
    63 63 64 63 62 61 61 60 60 60 59 64 67 66 67 68 69 66 66 64 64 66 65
    68 69 73 73 71 72 75 73 71 69 70 73 62 62 64 63 63 69 68 70 68 70 68
    63 62 58 59 54 55 53 56 61 61 61 64 65 65 64 63 64 66 66 63 63 68 69
    69 66 64 65 67 66 62 63 60 60 60 61 59 59 60 61 62 63 64 61 61 63 62
    61 60 58 58 55 54 56 57 58 64 66 64 71 70 66 67 66 62 60 64 64 67 68
    68 69 74 74 73 70 70 70 70 70 66 69 67 66 66 68 67 66 67 64 65 67 68
    65 64 63 64 64 62 62 59 58 60 63 63 61 62 64 66 65 64 64 62 62 62 62
    60 64 64 63 63 65 69 69 70 70 70 67 67 68 62 61 64 63 64 65 68 67 70
    72 72 73 73 75 74 75 75 70 70 66 65 64 63 63 60 60 57 61 60 55 54 54
    57 59 61 61 60 66 67 63 61 62 59 56 58 55 54 59 59 58 62 61 60 62 61
    60 59 56 54 55 56 57 57 58 59 59 59 63 60 60 62 57 57 60 65 64 66 64
    65 70 72 69 67 66 67 67 64 63 61 62 62 60 63 65 66 66 65 67 64 64 62
    62 63 62 64 66 70 73 72 71 75 73 71 68 69 69 62 62 63 60 61 66 65 67
    67 66 65 62 61 57 60 54 54 54 57 62 61 63 65 67 69 66 66 68 70 70 67
    67 71 72 71 66 64 64 65 65 61 61 58 59 59 61 61 60 61 64 65 67 68 65
    66 69 68 67 64 63 61 59 58 59 58 58 63 64 63 70 67 63 65 66 64 63 66
    66 68 69 66 68 71 70 69 65 66 67 67 66 64 67 67 68 66 68 67 65 66 65
    67 68 68 67 68 66 66 64 62 62 62 61 62 65 64 63 65 66 68 66 67 69 67
    66 66 65 63 65 64 63 63 66 68 69 69 71 69 64 64 66 63 63 66 64 67 70
    72 71 75 76 74 74 74 74 74 73 72 67 66 63 63 63 63 64 61 63 60 64 63
    57 57 56 57 59 62 63 63 69 70 66 65 65 62 60 59 56 53 58 58 58 62 62
    62 65 65 66 64 62 60 60 60 59 61 62 61 61 59 61 59 59 58 54 54 57 61
    62 63 63 64 70 74 71 70 70 72 72 69 66 63 63 61 61 62 63 64 64 65 67
    64 62 60 61 61 60 59 61 66 70 69 68 73 70 70 67 66 65 62 62 64 62 62
    66 64 67 67 65 63 60 59 55 56 50 50 51 52 58 58 60 62 65 66 65 66 68
    70 72 71 71 76 77 74 70 68 66 65 64 61 60 60 60 61 64 65 65 66 69 69
    72 71 67 67 68 68 67 64 60 60 57 56 58 56 55 60 63 62 69 66 61 62 62
    62 61 65 64 66 67 65 68 68 68 66 64 64 66 68 69 68 70 69 68 68 70 69
    67 66 64 67 67 67 66 66 63 64 63 61 61 63 62 61 65 64 63 66 67 66 65
    66 68 67 66 63 64 64 67 66 65 64 68 70 69 70 69 67 61 63 63 61 61 62
    62 65 67 69 70 73 74 75 74 76 77 76 74 73 67 65 62 61 62 60 61 60 63
    60 64 64 59 59 57 58 59 62 62 62 67 71 68 67 68 65 64 66 63 59 62 62
    60 63 63 60 64 63 64 62 62 62 62 62 59 60 61 62 59 57 58 56 56 58 55
    55 58 61 62 65 64 66 71 73 70 71 70 71 71 68 65 64 65 62 62 65 64 64
    63 63 62 60 56 55 55 56 54 53 57 65 69 69 69 73 72 71 67 64 63 63 63
    66 64 65 70 66 69 69 68 67 64 62 54 57 50 50 51 51 56 55 59 60 65 65
    64 65 69 71 72 71 70 74 74 71 66 66 65 68 68 66 64 64 64 64 67 67 67
    68 73 73 75 74 70 69 69 68 66 64 63 63 60 59 62 62 61 66 66 66 70 66
    59 59 57 56 55 59 59 63 63 61 65 66 67 64 62 63 64 66 66 64 66 65 64
    63 66 66 64 64 63 66 65 65 63 62 60 60 58 56 57 58 58 58 60 60 59 64
    65 64 64 64 68 68 68 64 66 65 67 66 65 63 66 69 69 69 68 67 62 63 62
    59 58 62 61 63 64 67 68 71 73 74 76 76 79 78 78 75 69 66 60 62 62 61
    62 63 66 64 69 67 62 60 58 58 60 63 63 63 67 71 68 68 68 64 65 65 63
    60 63 64 64 68 66 66 70 68 70 67 65 64 63 61 56 57 57 58 56 55 57 55
    56 56 54 55 59 61 63 65 65 68 73 73 68 69 68 71 70 68 62 62 65 61 62
    63 65 64 65 65 63 63 58 57 57 59 58 57 60 65 70 68 67 68 67 66 62 60
    58 59 59 64 65 66 69 67 69 71 70 67 63 63 58 60 56 54 54 54 58 55 58
    59 62 63 62 63 66 67 69 68 68 70 69 68 63 65 63 67 66 65 63 63 63 63
    66 65 68 69 77 76 77 76 73 72 72 70 67 64 65 64 62 60 61 61 58 63 61
    61 65 62 58 57 56 56 57 59 59 63 61 60 63 65 67 64 61 61 62 64 64 62
    64 61 62 62 66 65 65 65 64 65 65 65 63 64 61 60 58 58 57 58 57 55 55
    55 56 61 63 63 63 66 70 70 70 68 67 65 66 64 64 64 65 66 67 69 68 67
    62 63 63 61 61 62 61 61 64 67 68 71 72 75 77 80 81 79 79 76 71 67 63
    63 64 62 62 62 63 62 65 66 60 58 57 58 59 61 60 58 62 66 64 61 62 59
    62 62 61 59 61 65 67 69 67 67 70 68 70 65 63 63 61 61 56 57 56 60 59
    57 59 56 58 56 55 56 57 60 60 63 62 66 70 68 65 66 66 69 71 67 65 64
    68 65 65 66 67 69 66 67 64 65 59 58 56 57 58 57 59 64 71 68 68 69 66
    66 62 60 56 58 58 63 61 64 67 66 67 69 69 65 63 62 55 56 54 53 54 55
    59 58 62 64 65 65 63 62 64 64 65 63 64 66 65 65 62 63 63 67 66 66 65
    67 66 68 70 71 74 74 81 79 77 75 71 69 68 67 64 62 65 64 62 61 63 62
    60 63 61 63 67 64 60 61 59 59 60 61 59 64 63 61 63 66 66 63 61 58 59
    60 62 61 63 61 61 61 66 67 65 65 64 66 66 68 66 66 64 64 61 61 60 60
    59 56 57 57 58 61 66 66 67 72 74 74 73 72 70 69 70 66 65 65 67 67 67
    67 65 65 63 63 63 62 64 65 65 65 66 69 71 72 72 75 75 77 80 79 78 74
    70 67 64 65 65 65 64 65 66 64 67 66 60 56 55 57 56 59 59 59 63 68 65
    63 65 64 66 65 64 62 64 68 70 71 67 67 69 67 71 65 63 62 63 63 59 59
    58 60 59 59 59 54 56 55 55 57 57 59 60 63 62 66 67 67 63 62 64 67 67
    65 65 64 68 67 66 68 71 71 68 68 65 65 59 59 58 57 59 58 59 64 69 65
    63 65 63 63 63 61 58 63 63 66 64 67 69 70 69 72 70 67 65 64 58 57 55
    53 54 56 58 56 60 62 63 64 63 62 62 61 62 60 61 61 60 60 58 63 62 66
    64 64 63 65 66 64 68 69 70 71 77 75 75 73 69 67 68 67 66 64 66 64 63
    65 67 66 64 66 64 66 69 64 59 61 59 58 58 58 57 63 62 60 62 63 65 63
    63 61 62 62 66 65 67 65 63 62 66 66 64 66 66 67 66 68 65 66 64 64 60
    62 63 63 61 59 59 59 61 64 68 69 71 73 76 76 74 73 70 68 68 66 64 64
    66 67 67 65 63 62 61 61 60 60 63 64 66 67 68 70 73 73 71 74 75 76 78
    75 73 71 69 67 66 68 68 70 70 68 69 66 66 66 60 57 56 58 58 60 62 60
    62 65 64 64 65 64 64 63 62 62 63 66 67 71 67 68 70 68 71 65 63 62 65
    66 63 62 60 64 64 63 61 58 58 56 57 59 59 60 61 63 63 66 67 68 65 64
    65 69 70 70 68 64 67 67 66 67 68 68 66 66 64 65 60 60 59 58 58 56 58
    62 66 63 62 64 64 66 65 62 60 63 63 64 63 65 67 67 66 67 65 62 62 62
    57 58 57 55 57 59 61 59 62 63 63 65 64 64 62 64 64 64 65 65 65 62 62
    64 63 66 64 63 61 64 64 63 68 66 66 67 75 71 71 71 67 67 68 66 65 66
    67 65 65 66 68 67 66 66 65 65 67 61 57 58 55 55 54 56 57 64 64 63 64
    66 68 65 63 60 61 61 65 63 63 61 59 58 61 62 60 63 63 63 65 67 64 65
    65 64 64 65 66 66 65 62 61 61 61 64 65 65 67 71 72 72 70 69 68 68 67
    66 65 65 68 67 68 65 64 63 62 63 61 63 65 66 69 69 71 71 73 73 70 73
    71 71 74 72 71 69 69 67 67 70 70 72 71 69 69 68 67 66 62 59 59 62 62
    63 66 66 67 68 67 65 67 65 66 64 64 64 63 66 66 69 65 66 66 66 68 64
    62 64 65 66 65 66 66 68 69 66 66 63 62 60 61 64 63 61 63 65 63 65 64
    64 63 63 64 68 70 69 68 66 68 67 68 68 70 70 69 68 67 69 65 64 62 62
    64 61 60 63 65 61 58 59 59 61 61 59 56 64 64 66 63 65 64 65 62 63 61
    58 59 60 57 58 58 57 58 63 62 60 62 64 66 69 69 67 67 70 70 70 69 67
    66 61 63 64 64 65 63 63 61 65 64 63 66 65 67 66 72 70 70 70 68 68 68
    68 67 68 68 68 66 68 70 69 66 68 68 67 68 62 58 60 57 56 54 56 56 60
    62 63 63 65 67 63 62 60 59 56 61 58 58 58 57 57 60 63 60 64 64 65 66
    68 65 66 66 66 64 66 65 66 64 60 60 60 61 62 63 63 66 67 67 68 64 65
    64 65 64 63 63 64 67 67 68 64 65 64 63 63 61 63 65 67 67 67 67 66 68
    68 65 65 65 68 72 71 72 71 73 74 73 75 74 75 73 70 69 67 65 62 60 57
    56 58 58 60 61 63 63 66 67 66 68 67 70 66 66 64 64 65 65 66 62 64 66
    66 67 64 62 64 65 66 64 65 66 68 68 65 65 64 64 63 62 63 63 61 61 64
    64 62 62 62 61 61 62 63 64 65 64 65 65 65 67 69 69 69 69 68 67 69 64
    64 64 64 64 62 61 63 64 59 58 59 58 60 61 60 59 62 62 64 61 63 63 65
    62 62 62 58 59 60 57 55 57 55 56 58 57 56 58 61 61 64 65 64 64 65 63
    64 62 61 59 55 58 60 61 61 61 61 60 65 62 61 65 64 66 65 70 67 66 66
    64 63 64 64 63 65 67 68 68 70 71 69 68 67 68 68 67 63 59 61 57 55 52
    54 54 58 61 62 63 66 66 62 63 60 59 57 60 58 60 61 58 58 61 63 62 65
    65 65 67 68 65 66 66 65 64 67 67 67 62 59 58 59 62 62 62 60 65 65 65
    64 60 61 60 61 61 60 62 61 64 65 66 65 66 66 68 69 67 66 68 70 70 70
    68 67 70 69 65 65 64 65 69 68 69 68 71 72 71 72 71 70 68 65 63 62 62
    58 57 56 55 59 59 59 59 60 60 62 61 59 62 63 65 64 64 62 64 66 66 66
    62 65 65 65 65 63 62 65 67 67 64 65 67 68 69 67 68 67 69 69 70 69 66
    64 64 67 65 63 63 62 62 62 62 62 64 63 63 65 66 67 68 70 70 71 70 67
    65 66 63 62 62 64 62 63 62 63 64 59 59 58 59 59 62 60 60 62 62 62 61
    63 62 65 60 60 62 60 61 64 62 62 66 65 63 64 63 60 60 63 63 65 67 66
    65 66 65 63 60 57 54 52 54 57 57 58 60 61 63 66 65 63 68 67 67 67 71
    67 64 66 63 64 65 65 64 68 72 72 73 73 73 72 72 72 71 70 69 65 61 61
    56 53 51 51 52 56 59 62 61 65 65 63 61 59 58 54 59 57 59 61 60 60 63
    66 65 69 68 66 67 68 66 67 67 65 65 69 69 69 64 62 60 62 63 61 63 63
    67 67 66 64 60 61 59 58 57 57 58 60 63 64 64 63 66 67 68 67 64 64 66
    68 67 68 68 67 69 69 66 66 65 64 67 68 69 67 72 71 71 73 72 73 71 68
    65 65 62 59 57 55 55 60 60 59 61 62 62 62 61 60 62 62 65 62 63 62 64
    66 67 69 63 68 67 67 67 65 62 63 65 63 62 62 64 63 65 64 65 67 69 69
    69 67 65 64 66 67 66 64 64 65 65 64 62 63 63 63 63 64 64 66 66 66 69
    71 72 70 70 70 70 69 69 70 68 68 65 64 63 60 57 56 57 57 60 59 58 62
    62 63 61 62 61 65 58 58 59 56 56 59 59 58 66 65 63 66 65 63 61 63 61
    62 65 65 62 63 64 63 61 57 54 52 56 57 55 55 56 58 60 64 63 63 68 68
    68 69 72 69 68 69 66 65 68 69 69 72 74 72 73 75 72 70 69 68 67 67 67
    63 60 60 56 54 52 51 51 55 59 62 62 63 64 64 64 64 63 60 63 63 64 66
    64 62 65 67 65 69 68 65 66 69 67 69 71 69 70 74 74 73 68 64 62 63 65
    63 65 63 67 67 66 64 61 59 59 58 57 57 59 60 63 64 62 62 65 66 66 67
    65 66 69 69 69 69 69 68 69 68 64 63 62 62 63 64 64 63 70 72 72 73 72
    72 69 66 63 62 59 58 56 54 55 62 60 58 60 60 60 62 61 60 62 63 67 65
    66 65 67 66 67 69 64 68 65 65 66 65 63 62 66 64 65 64 65 65 66 64 64
    65 65 67 67 64 62 62 62 63 62 59 57 60 61 61 61 60 62 62 63 63 63 65
    66 67 67 70 69 68 68 68 67 65 66 66 65 64 62 62 60 58 56 57 59 61 63
    64 65 66 66 64 62 62 61 64 56 55 56 56 57 59 59 58 65 66 65 66 64 63
    62 63 63 63 67 67 66 67 67 67 63 59 57 54 57 58 58 55 57 60 61 64 63
    61 67 69 68 68 69 66 64 66 63 61 65 66 66 71 72 70 70 71 70 69 68 67
    68 68 69 65 61 59 55 54 52 51 50 55 61 65 66 68 67 67 69 68 68 64 67
    67 68 70 66 64 66 66 64 66 65 63 65 69 67 71 72 71 72 75 74 71 67 63
    62 62 65 65 67 66 69 69 68 66 62 58 59 59 57 58 61 62 65 67 65 63 66
    65 65 64 62 63 63 65 66 69 69 69 68 67 65 63 62 60 61 63 65 64 70 72
    70 72 70 69 68 65 64 65 62 60 61 60 60 64 63 61 65 64 64 65 64 65 67
    68 70 67 69 68 70 67 67 67 63 68 66 65 64 65 63 63 68 66 65 64 65 62
    63 62 60 62 63 65 66 64 64 64 65 64 65 62 61 65 67 66 64 65 64 65 65
    64 61 63 64 64 63 65 65 66 66 65 65 66 70 69 67 66 65 65 62 59 58 60
    63 65 67 69 72 64 64 61 60 60 59 62 55 56 57 59 60 61 62 61 67 66 65
    65 63 62 63 63 64 64 67 69 68 71 69 71 66 64 62 58 60 59 58 56 58 60
    62 65 65 63 69 69 66 67 67 64 64 67 63 61 67 68 70 74 73 73 73 75 72
    73 71 69 70 70 70 66 63 59 55 54 53 50 50 52 57 63 64 65 64 65 68 70
    70 67 69 68 71 73 70 68 69 68 66 68 65 63 66 68 67 70 71 70 71 72 70
    70 65 62 60 60 64 64 64 60 62 60 60 59 55 50 52 53 52 54 59 60 63 67
    66 66 71 68 65 64 61 61 62 64 62 67 68 68 67 67 64 63 64 62 63 63 65
    65 68 69 66 66 63 62 61 61 60 60 59 58 60 60 62 63 63 61 64 63 61 63
    62 65 66 65 68 66 69 67 69 65 65 67 63 68 66 67 66 67 68 67 71 69 67
    65 66 62 63 60 57 59 60 62 63 61 62 62 66 65 66 63 64 69 70 71 68 68
    66 67 65 64 60 61 62 62 61 63 64 64 64 63 64 65 69 70 67 67 68 68 65
    64 62 65 66 69 67 70 73 60 60 59 60 59 58 59 54 56 56 57 57 57 57 57
    61 61 60 61 62 62 61 62 63 62 66 69 67 70 68 71 67 66 64 61 63 61 60
    59 63 65 66 68 68 69 74 74 70 71 71 67 64 64 60 58 64 63 65 70 71 72
    73 75 72 74 71 69 69 71 70 66 62 58 56 55 55 51 49 51 57 62 63 63 61
    61 65 67 67 65 66 66 69 71 68 68 70 69 69 69 65 65 68 69 66 68 70 69
    72 70 68 69 65 63 60 60 62 63 62 58 60 60 59 59 56 52 55 56 54 55 60
    61 64 67 69 68 73 72 69 68 65 64 63 65 63 66 68 68 65 65 63 61 61 60
    60 61 65 64 68 68 64 63 62 59 58 59 57 58 58 58 57 57 58 60 61 60 62
    63 63 66 64 65 65 65 69 67 70 67 69 66 65 67 62 66 62 63 62 64 65 62
    67 66 64 63 65 60 61 59 57 57 60 62 62 61 61 64 64 66 67 63 65 68 69
    71 70 68 66 67 67 68 64 65 65 66 66 67 66 66 66 64 64 64 69 70 67 66
    66 65 64 65 61 61 62 64 63 66 67 58 58 59 61 60 60 59 56 58 60 60 59
    59 58 58 61 60 58 59 58 60 60 63 64 63 67 70 69 69 69 69 66 67 64 60
    61 60 59 59 61 63 66 68 70 70 76 77 76 75 73 71 67 66 62 58 63 62 64
    67 69 70 72 73 69 71 68 66 64 67 67 64 61 59 56 57 58 53 50 52 57 60
    62 62 60 60 65 67 66 63 64 66 71 73 69 68 70 69 69 68 65 65 67 69 69
    72 73 71 72 71 69 68 63 61 58 59 63 64 64 62 64 63 63 62 59 55 57 57
    54 54 59 61 63 66 67 69 74 72 70 68 64 62 62 61 59 61 62 62 61 62 60
    60 61 63 63 66 69 67 70 70 65 63 62 60 60 61 60 59 61 60 58 56 56 56
    56 57 58 59 59 63 61 64 64 64 66 63 66 63 66 62 62 64 61 65 62 62 63
    64 66 64 69 68 66 64 64 61 60 57 54 54 57 60 60 59 62 65 65 67 69 66
    67 71 70 70 69 67 65 65 65 65 63 64 63 64 64 66 66 66 64 64 64 65 69
    69 65 65 67 65 65 66 65 65 67 69 69 70 73 57 57 59 62 60 61 59 56 59
    61 62 58 58 58 59 61 62 58 57 59 63 62 63 64 61 65 68 67 65 66 65 63
    63 64 63 62 60 59 59 62 64 65 66 68 70 76 76 74 74 73 71 67 65 60 58
    63 64 65 67 70 71 74 74 68 68 67 64 61 62 63 60 59 58 57 58 61 58 54
    56 58 60 61 61 56 56 63 64 65 65 65 67 72 75 71 70 72 68 71 69 67 67
    68 70 70 73 74 72 73 70 67 65 62 59 56 58 61 64 64 64 66 67 67 65 64
    61 63 62 59 57 60 63 63 64 64 66 69 70 68 66 63 63 63 63 64 66 67 68
    66 66 65 64 64 63 65 67 68 67 69 67 65 64 61 59 60 62 61 63 62 62 61
    58 57 56 55 54 57 57 59 64 64 65 64 64 65 63 65 62 64 62 63 68 64 68
    64 64 64 65 68 66 71 69 67 65 65 61 59 57 53 55 58 60 61 62 63 65 65
    67 68 67 68 70 70 70 69 68 66 66 64 64 63 65 64 64 65 67 67 68 66 65
    64 66 68 68 64 65 67 65 65 65 64 65 67 68 68 70 71 57 57 59 63 61 62
    60 57 60 60 62 58 58 57 58 60 63 59 59 61 64 64 64 64 60 65 66 65 66
    67 67 66 66 67 68 67 64 61 62 65 66 67 67 69 72 77 76 76 75 74 74 71
    68 64 63 66 67 67 66 68 69 71 70 65 67 67 64 61 64 65 63 63 61 58 61
    64 59 54 54 55 56 56 55 51 54 60 62 64 64 66 67 71 73 69 69 71 68 68
    68 65 65 66 67 66 69 71 71 72 69 67 65 63 60 58 57 60 61 62 62 63 65
    64 66 65 64 66 66 63 61 64 65 65 65 66 67 70 70 66 63 59 59 58 58 58
    59 63 64 64 64 63 64 65 65 67 68 68 68 71 70 67 66 62 62 63 66 64 64
    63 63 64 61 59 56 55 54 59 59 61 64 65 67 65 63 64 62 65 63 65 64 65
    70 66 69 64 64 63 64 66 63 66 65 65 63 64 60 57 56 54 55 58 59 60 61
    64 67 66 67 70 69 70 73 73 71 73 72 69 69 67 66 66 68 68 67 67 70 70
    70 69 67 64 66 66 65 62 63 65 64 64 63 64 65 66 68 66 68 70 56 56 58
    63 60 61 59 57 60 58 59 55 53 53 54 57 58 55 57 59 63 64 65 63 61 64
    64 63 64 65 65 66 67 69 69 71 67 65 65 66 66 65 63 63 65 70 69 68 68
    68 69 68 65 60 61 65 66 66 66 67 68 72 69 64 67 67 64 61 64 64 64 63
    62 60 62 65 61 56 55 56 55 55 56 52 54 62 64 65 67 69 69 71 71 66 65
    67 63 62 64 61 64 64 66 66 71 73 75 75 70 70 67 64 60 57 55 59 61 60
    60 61 63 63 64 65 63 65 67 65 62 63 64 62 61 64 66 68 66 64 63 61 63
    61 58 60 62 64 66 64 62 63 64 63 64 67 66 66 67 69 69 68 67 63 62 64
    67 65 64 62 61 62 60 57 53 52 53 58 58 60 65 67 68 66 65 65 65 66 62
    64 64 65 67 64 65 61 63 61 62 66 64 68 67 67 65 66 62 59 58 56 56 57
    57 59 60 64 64 62 65 69 69 71 73 72 71 74 74 71 71 68 68 68 71 71 70
    69 71 70 70 67 65 61 62 63 63 60 62 64 64 65 66 66 65 67 70 69 69 71
    53 53 54 57 56 56 55 54 57 58 60 58 56 56 57 59 61 57 59 59 64 66 66
    66 63 66 65 66 67 65 64 64 67 68 68 70 66 65 67 69 67 68 65 65 66 69
    67 65 63 62 63 61 58 54 56 60 60 62 61 62 65 70 67 63 67 67 64 63 65
    65 65 66 65 64 65 69 65 60 59 57 56 54 56 52 55 61 63 66 69 72 69 71
    71 67 66 67 63 62 65 64 67 67 68 69 74 76 76 76 71 70 68 66 62 59 57
    61 63 61 63 63 66 64 66 66 65 67 67 65 61 65 65 64 65 67 68 70 68 64
    63 60 60 59 58 60 61 64 65 63 62 62 63 62 63 66 66 68 70 72 71 71 72
    67 67 69 72 69 68 66 64 64 64 59 53 52 53 60 61 64 66 69 68 68 67 64
    63 64 61 64 67 66 68 65 66 61 62 58 59 63 62 65 64 63 63 66 61 59 57
    56 58 61 61 60 62 64 66 64 66 69 69 73 74 74 71 75 74 70 68 66 67 66
    70 69 68 69 73 72 71 68 65 61 64 65 64 61 61 63 64 65 66 64 62 63 65
    64 63 64 53 53 54 56 54 55 54 54 56 57 60 57 55 54 56 56 59 56 58 59
    64 66 67 67 63 64 64 65 68 69 67 67 69 71 71 72 66 63 66 67 66 68 66
    64 67 69 66 64 61 60 61 63 59 56 59 63 64 66 65 66 68 74 71 66 69 68
    64 63 65 64 63 66 67 66 66 69 65 60 61 56 53 52 55 51 53 57 60 64 68
    70 66 67 69 66 65 65 62 62 66 66 68 67 67 69 71 73 73 73 69 69 70 68
    66 63 61 64 64 62 62 62 65 64 64 64 66 67 68 67 63 64 65 64 64 67 68
    70 70 66 66 64 63 63 63 63 61 64 63 60 61 58 58 57 59 63 63 64 63 66
    66 65 67 63 62 65 70 68 67 66 63 62 62 58 52 51 51 58 62 65 68 69 69
    69 68 65 63 63 59 61 65 64 69 67 68 63 66 61 62 65 64 65 64 66 64 68
    64 61 58 57 57 59 60 59 60 62 65 63 67 71 69 72 73 74 70 74 73 68 67
    64 66 64 68 67 66 66 70 71 71 69 66 61 62 64 63 59 59 60 60 61 63 60
    58 58 59 60 59 58 55 55 57 59 56 58 57 56 57 57 57 55 55 54 57 57 61
    58 61 60 61 62 60 60 56 58 57 59 61 64 63 65 66 69 70 73 69 64 65 65
    64 65 64 60 64 67 65 64 63 61 63 62 58 57 59 63 63 64 63 66 68 72 69
    64 66 66 63 63 65 65 64 68 69 69 68 69 65 62 62 57 54 52 55 52 52 54
    58 62 65 68 65 64 65 63 61 61 59 58 62 64 67 66 66 68 72 73 74 74 71
    72 73 72 70 68 65 67 66 65 66 66 68 68 68 68 71 72 72 70 66 67 65 65
    64 65 63 64 66 63 64 63 62 61 60 64 62 63 63 61 62 59 59 56 57 62 61
    63 62 67 68 68 72 68 68 69 73 70 71 69 66 65 64 60 57 56 54 60 62 65
    68 69 66 68 68 65 63 63 60 62 66 64 66 65 65 59 61 58 57 60 60 61 60
    64 63 66 65 62 60 60 59 60 62 60 60 61 64 63 67 70 67 69 68 71 66 70
    68 65 63 62 64 64 68 66 66 65 70 69 70 66 64 57 59 61 60 58 58 57 55
    58 58 55 53 54 54 58 57 55 61 61 62 61 60 61 61 57 58 58 57 56 55 54
    57 60 62 59 62 60 63 65 64 62 60 62 61 63 65 67 65 67 67 68 70 72 68
    63 64 62 63 63 62 60 61 64 63 65 62 60 62 62 61 58 60 63 65 65 63 65
    68 72 68 63 63 66 64 64 64 64 66 70 70 69 67 67 64 61 61 53 52 51 54
    53 53 55 58 63 66 69 67 63 65 64 61 61 60 59 62 67 69 65 65 68 70 71
    72 70 69 71 71 70 67 67 65 65 64 63 66 66 69 67 67 68 71 73 72 70 66
    67 65 65 64 63 62 63 64 61 63 61 61 61 60 63 61 62 60 59 59 56 57 55
    55 60 60 60 61 66 68 68 73 68 69 72 75 73 74 72 68 69 68 64 60 57 54
    59 61 64 67 68 66 69 69 66 66 64 62 65 68 67 67 68 67 62 62 58 59 60
    63 62 62 67 66 69 68 65 62 63 62 62 63 61 61 61 64 62 65 68 67 69 69
    70 64 68 68 66 63 63 62 63 68 66 64 62 68 67 68 64 61 56 58 60 56 55
    57 58 58 59 59 58 57 57 56 59 58 58 62 62 62 60 60 61 63 58 60 58 58
    56 55 56 58 59 61 58 60 61 63 64 61 60 59 61 59 61 64 64 65 68 66 69
    71 73 67 64 62 61 62 62 61 58 60 62 61 60 59 57 58 59 58 58 60 64 65
    65 64 65 69 71 68 63 63 65 63 64 64 62 65 69 70 70 69 69 64 64 63 57
    54 51 54 53 56 55 58 61 66 69 66 61 62 64 62 62 62 62 66 70 72 68 67
    68 68 68 68 67 65 68 69 70 68 68 67 66 64 62 65 63 66 64 65 68 71 74
    73 71 67 69 65 63 62 62 60 62 63 60 63 64 65 66 67 67 66 69 67 66 63
    60 58 55 52 55 54 54 55 60 62 64 71 66 68 71 74 71 73 70 66 69 68 64
    62 59 57 62 63 67 68 70 65 69 67 65 66 64 61 65 70 68 69 69 68 63 64
    59 61 61 64 63 62 66 66 70 68 66 64 65 65 65 64 62 61 61 63 62 65 68
    67 69 67 70 64 68 67 63 59 59 59 58 63 60 58 56 62 62 64 61 56 53 55
    58 54 54 55 56 57 58 56 53 55 54 54 56 57 56 61 61 61 59 60 60 63 60
    63 62 62 61 59 59 61 61 60 56 56 56 58 59 55 53 53 55 55 56 60 60 62
    64 64 67 69 72 67 65 62 63 63 63 64 58 60 61 60 59 57 55 56 58 58 59
    60 65 64 65 63 62 66 68 66 60 62 62 62 64 63 61 64 67 66 67 66 64 60
    61 61 56 54 52 55 56 59 57 60 65 69 71 69 64 63 65 62 62 63 62 67 69
    71 67 66 67 66 65 64 62 64 68 69 71 69 71 68 69 65 62 63 60 62 59 61
    64 66 69 70 70 68 69 64 62 63 64 61 63 63 62 68 68 69 67 68 66 65 68
    65 65 62 59 58 56 53 55 53 54 54 59 60 61 68 63 66 67 70 69 71 68 67
    69 68 65 64 61 60 65 66 67 68 70 65 70 67 64 65 64 62 65 69 66 66 68
    66 60 61 56 58 58 62 62 61 67 68 71 69 69 66 68 66 65 65 62 62 61 63
    62 66 69 67 69 67 70 66 68 68 64 60 60 61 59 63 60 58 56 61 60 62 59
    55 54 56 61 58 59 59 61 61 59 57 54 54 54 53 56 56 57 61 61 60 57 58
    57 59 56 59 60 61 60 59 62 66 67 63 58 57 58 60 58 53 51 53 55 57 59
    60 60 63 66 65 69 69 70 67 65 62 61 61 61 62 58 58 59 59 58 56 54 55
    57 59 60 61 64 63 65 65 66 66 68 67 62 64 65 64 65 65 63 64 68 67 68
    66 63 59 62 64 58 56 55 59 62 65 61 64 68 72 72 70 64 63 66 62 61 61
    63 65 69 71 66 67 69 67 66 65 63 65 69 70 72 73 74 74 73 68 67 69 64
    66 62 60 63 65 67 66 66 63 64 61 58 60 60 57 60 61 60 67 67 67 66 67
    66 64 66 63 62 59 56 56 55 52 55 54 57 59 62 63 65 71 65 68 70 72 70
    73 70 69 70 68 65 65 62 62 66 67 69 69 70 65 71 68 64 64 63 61 65 67
    64 63 65 63 59 60 55 58 58 62 63 63 68 68 70 69 69 65 64 61 60 61 59
    59 57 59 60 63 66 63 64 61 64 63 64 65 61 60 60 60 56 58 55 53 53 56
    58 62 60 59 59 61 65 64 65 63 64 62 59 57 51 51 50 50 54 54 55 66 66
    65 60 60 60 62 59 60 62 62 63 64 65 67 68 65 61 58 59 60 60 56 52 54
    56 58 61 60 59 65 68 68 71 69 70 66 66 61 60 60 59 63 58 60 58 59 57
    56 54 56 58 59 62 61 64 64 66 63 63 65 66 66 62 61 61 61 64 65 60 63
    68 68 68 66 62 56 61 63 56 55 55 59 60 63 59 60 65 69 68 66 63 62 66
    64 62 62 65 67 71 72 66 65 66 64 64 63 60 62 67 67 71 74 76 76 74 71
    69 72 68 69 64 63 65 69 71 68 68 65 68 65 64 65 64 60 63 63 61 68 68
    67 67 69 67 66 69 64 62 60 56 55 54 51 51 51 56 56 61 61 61 68 64 67
    65 67 67 72 71 70 71 70 68 69 65 63 65 67 67 66 65 60 67 64 61 60 60
    59 63 65 62 62 66 65 59 60 55 57 58 62 62 63 68 69 71 71 69 64 62 57
    57 59 56 56 55 58 60 64 65 62 63 61 64 63 64 64 59 58 60 61 56 57 54
    52 55 58 58 61 61 58 60 62 65 61 62 61 63 63 60 58 53 54 53 53 56 56
    57 68 68 68 63 62 65 66 63 65 64 62 62 64 63 65 64 59 56 52 55 55 55
    52 49 52 55 59 60 59 60 66 70 68 70 70 69 66 66 59 58 59 57 61 58 60
    60 60 59 60 58 60 61 63 66 65 67 67 68 64 64 64 63 64 61 61 60 62 63
    63 60 64 67 67 68 67 63 58 62 61 56 54 54 57 60 62 58 60 64 67 64 63
    60 60 63 61 59 60 64 65 68 69 65 64 65 62 60 59 57 59 63 63 67 71 74
    75 74 69 69 71 66 66 63 61 62 66 66 64 64 62 63 62 61 61 62 59 61 63
    60 66 68 68 68 69 68 67 70 65 62 59 54 55 53 49 49 50 55 54 59 58 59
    64 60 63 62 64 63 69 68 68 70 68 67 70 68 64 66 69 69 68 67 63 68 65
    62 60 61 58 61 60 58 59 64 64 60 61 57 60 61 66 65 65 69 71 72 72 70
    66 63 57 57 57 55 55 55 56 60 64 66 63 63 61 64 63 64 65 61 63 65 64
    60 62 58 55 58 60 61 63 62 60 62 62 63 59 59 60 61 61 59 56 53 55 56
    55 59 59 60 69 69 68 64 64 64 66 65 66 63 61 62 65 64 65 66 59 57 55
    59 59 57 54 49 53 57 58 59 56 57 62 68 67 67 67 67 66 66 60 59 59 58
    62 61 60 62 63 61 61 59 61 60 63 65 65 67 67 68 63 63 65 63 65 61 60
    60 62 65 63 59 62 65 66 67 66 60 56 61 59 54 53 51 54 58 60 58 61 64
    65 65 63 60 58 60 60 60 61 63 64 70 71 69 66 67 65 64 62 58 61 63 64
    67 69 73 74 72 67 68 70 66 67 64 62 64 68 68 66 64 61 62 59 60 59 58
    57 60 60 60 66 66 67 68 68 67 68 70 67 65 63 59 60 57 53 54 55 57 57
    60 58 61 67 61 64 62 63 63 69 68 68 69 68 68 72 71 67 67 69 68 67 67
    62 65 63 61 59 61 59 62 61 60 59 65 65 61 62 59 61 61 65 62 62 65 68
    70 70 69 66 64 59 58 56 53 53 52 53 55 59 60 58 59 56 59 59 61 62 59
    61 64 66 63 64 61 59 62 63 63 64 64 63 63 65 65 59 60 59 59 58 58 54
    51 54 54 55 58 58 58 69 69 69 67 67 68 70 68 69 65 63 62 64 62 63 65
    58 58 57 61 62 60 58 52 57 59 59 60 59 60 63 69 68 69 68 66 64 64 59
    58 59 60 63 63 62 63 63 61 61 57 59 60 65 65 66 69 70 72 66 64 65 64
    63 61 58 57 59 60 58 55 58 60 62 62 64 60 55 58 57 54 52 51 52 57 59
    58 60 62 65 64 62 60 60 62 62 62 62 65 67 71 70 68 66 66 64 63 61 56
    59 60 61 65 66 70 71 71 68 68 69 65 66 63 60 61 64 66 65 65 61 63 63
    62 62 61 59 61 61 59 64 64 66 68 68 67 68 72 68 68 64 60 61 59 56 56
    57 58 58 61 58 59 63 57 61 61 62 61 68 69 68 72 71 69 71 69 66 66 68
    68 66 67 64 67 65 62 60 60 60 61 62 61 61 68 68 66 65 62 64 65 67 63
    62 64 67 71 69 68 66 66 62 61 58 54 55 54 53 53 56 57 58 58 57 58 60
    61 64 62 63 66 67 63 63 61 58 61 62 62 62 65 64 65 66 65 61 61 59 58
    57 55 51 48 51 52 53 56 57 57 68 68 67 63 63 66 67 67 66 62 62 63 66
    64 65 65 60 59 56 59 57 54 50 46 49 51 53 55 54 56 60 65 65 67 67 65
    62 61 57 58 59 60 61 59 61 62 62 60 60 57 60 62 66 67 70 72 72 74 68
    66 66 65 63 61 59 57 58 58 57 54 57 59 62 64 67 65 60 62 60 59 54 53
    54 57 60 59 62 64 65 65 62 60 59 61 62 60 60 63 65 69 68 68 65 65 65
    64 61 58 62 61 62 67 69 71 71 71 69 69 67 62 63 62 61 61 63 63 63 65
    62 61 61 61 61 62 61 63 64 62 65 66 68 69 67 65 65 68 66 65 62 59 60
    58 56 57 58 58 58 60 58 58 61 57 58 58 60 60 67 69 69 70 71 68 69 66
    63 62 64 63 60 62 59 61 61 57 55 58 59 61 61 61 60 67 69 67 68 65 66
    66 68 64 64 63 64 66 65 64 65 64 58 57 55 52 52 52 49 52 56 58 58 59
    57 58 60 59 61 60 62 64 67 64 63 62 59 63 62 63 62 66 65 66 66 64 63
    62 62 59 58 58 54 51 53 53 54 56 58 56 70 70 69 66 64 67 68 68 64 59
    60 62 67 63 64 64 63 62 60 62 59 57 55 50 52 53 53 55 55 56 58 62 62
    65 66 64 63 64 62 63 64 64 65 63 61 63 64 63 62 59 61 64 69 67 69 69
    72 74 68 65 64 65 62 60 58 57 58 58 60 59 61 63 65 66 70 67 60 61 58
    55 53 51 51 56 58 57 62 66 66 66 64 61 61 63 62 60 60 62 63 69 67 65
    63 62 63 63 61 57 62 62 64 67 69 69 68 69 66 68 67 63 64 65 65 63 65
    65 64 67 61 60 60 59 60 61 59 60 61 59 61 62 62 61 60 60 60 63 63 63
    61 60 62 60 60 60 61 61 60 62 60 62 64 60 60 60 61 62 66 67 65 66 66
    65 65 63 60 58 62 61 60 61 60 62 62 60 57 61 62 62 61 60 59 63 66 64
    63 62 62 63 66 64 64 61 63 66 66 64 64 63 55 57 54 49 50 49 46 48 52
    52 54 56 56 58 60 60 63 65 66 69 72 69 70 69 66 69 68 66 66 69 67 67
    67 65 64 63 63 59 60 59 56 54 56 57 57 59 60 59 74 74 71 69 66 70 70
    69 64 59 59 61 68 64 63 65 65 66 64 66 62 62 61 55 58 57 57 58 57 56
    58 62 61 63 64 63 64 65 62 63 65 65 66 66 63 65 68 67 66 62 64 64 70
    67 68 67 70 72 68 67 63 64 61 61 59 57 58 58 61 62 64 65 67 68 72 69
    62 62 60 58 57 54 54 58 61 59 63 66 65 65 64 61 62 65 63 62 62 64 65
    71 67 66 63 63 65 65 64 61 65 63 66 67 69 68 67 66 64 66 66 62 63 66
    65 62 64 63 63 65 59 58 58 60 62 63 61 61 62 59 58 60 60 60 58 58 57
    60 61 60 57 57 61 58 60 60 60 58 60 61 60 62 64 63 62 63 64 65 67 68
    64 64 65 65 64 64 62 59 63 62 60 59 59 58 59 57 55 59 60 61 61 61 59
    63 66 65 65 64 63 65 66 65 64 61 60 64 64 60 61 58 54 55 53 49 49 49
    48 50 52 51 55 55 56 57 58 58 60 65 66 70 70 68 69 69 68 69 67 66 66
    70 68 68 67 65 63 60 60 57 57 56 54 52 55 57 58 58 59 58 77 77 74 73
    69 72 73 72 67 60 61 62 69 66 65 66 65 68 66 68 62 61 62 57 57 56 55
    55 56 55 56 60 61 63 65 63 64 66 62 65 67 66 67 67 64 66 68 65 62 59
    58 60 66 63 65 67 71 73 71 67 64 65 62 60 57 57 56 56 58 58 59 61 63
    65 70 68 65 65 64 62 59 56 55 58 58 57 61 64 63 65 65 62 64 66 65 64
    65 65 66 72 69 68 64 61 65 66 63 60 64 60 65 67 66 64 62 62 61 63 62
    59 59 63 64 61 61 61 62 64 61 61 62 65 68 68 65 65 66 61 60 61 62 62
    62 62 62 65 66 65 62 62 64 62 63 62 62 58 59 60 58 62 63 63 62 62 63
    65 68 67 62 62 63 64 65 64 62 58 65 63 63 62 62 60 61 61 58 61 62 61
    60 59 58 61 64 63 63 64 63 66 67 67 66 62 62 64 65 63 63 61 56 58 56
    52 52 50 50 51 53 51 55 56 56 57 57 56 57 63 64 66 68 68 70 70 71 71
    68 67 64 68 64 65 64 63 62 58 59 57 58 59 57 53 57 59 60 59 61 59 75
    75 72 71 70 73 75 76 69 61 63 64 68 65 64 63 63 66 65 66 62 60 60 58
    58 57 54 53 55 54 54 56 59 61 66 63 64 66 65 66 68 68 67 69 66 68 69
    68 64 60 60 60 65 61 64 67 71 72 69 67 63 65 61 58 55 55 54 55 58 58
    59 60 63 64 71 69 67 67 66 65 64 61 57 61 60 59 63 64 61 64 66 60 64
    67 65 65 67 66 66 71 67 66 62 61 63 64 62 60 64 59 63 65 64 61 59 59
    56 61 61 56 55 60 60 59 58 56 57 60 57 55 57 59 64 64 62 61 65 61 60
    62 61 63 65 66 64 66 67 68 65 66 67 64 68 67 68 63 65 64 64 67 68 69
    66 67 66 69 68 67 61 61 63 63 63 62 61 59 64 62 61 62 63 59 59 58 56
    59 60 58 57 59 58 60 63 64 64 67 65 67 69 68 67 62 63 63 66 64 66 66
    62 64 61 59 58 54 52 53 53 51 54 53 53 54 55 53 54 60 60 63 63 65 66
    67 70 67 64 65 65 69 67 68 67 66 67 63 62 58 58 57 54 51 54 55 56 54
    57 56 77 77 72 72 71 72 74 74 66 60 61 63 65 64 63 63 64 69 67 67 65
    62 61 58 57 55 52 52 54 53 54 54 57 62 65 61 62 64 62 65 66 67 66 69
    66 66 70 70 65 61 62 62 65 62 64 66 72 71 69 66 65 68 64 61 55 58 56
    59 63 60 61 62 67 66 71 69 64 66 65 63 61 60 56 60 59 56 60 61 60 62
    65 60 64 66 64 66 67 66 66 69 66 66 63 60 62 65 63 63 66 62 64 67 65
    62 60 61 58 61 62 57 57 60 60 58 57 57 58 62 58 58 59 59 64 64 62 60
    62 61 60 62 60 61 62 63 61 62 62 66 66 67 68 66 71 69 69 63 64 62 61
    64 64 65 63 65 64 68 67 68 61 63 65 65 63 61 61 58 63 62 59 58 61 58
    58 58 57 61 62 62 61 61 61 61 63 63 65 66 63 67 68 69 67 63 63 64 66
    65 65 66 62 64 60 59 60 55 53 53 54 51 54 53 52 54 57 56 55 62 62 63
    63 63 62 62 66 61 59 60 62 68 66 68 68 68 69 66 64 60 60 59 55 54 56
    57 56 54 56 55 74 74 71 70 68 70 73 73 66 60 63 65 66 64 62 61 61 64
    62 60 59 57 57 57 57 54 53 54 55 53 53 51 54 60 64 59 61 63 63 66 66
    66 63 66 64 63 65 64 61 59 60 62 65 61 64 66 70 69 66 64 61 67 63 61
    58 62 61 62 66 65 65 67 70 68 73 73 68 69 68 67 65 64 61 62 62 59 62
    62 61 64 67 65 69 72 69 71 72 70 68 69 64 63 60 57 59 62 62 61 65 62
    64 66 65 61 60 60 59 60 62 58 56 59 60 58 56 57 56 61 60 60 61 60 65
    65 63 60 62 59 58 63 62 61 62 62 60 62 61 62 60 61 62 62 66 63 64 61
    64 64 65 65 66 69 67 69 67 70 68 69 62 62 64 64 62 60 61 58 63 61 59
    58 60 59 56 57 58 62 63 62 62 62 61 60 62 63 64 65 63 68 72 74 74 69
    68 67 69 66 66 64 60 64 62 61 62 58 57 57 58 54 56 55 54 55 56 55 55
    63 63 65 64 64 65 65 69 63 61 61 63 67 65 67 67 69 72 70 69 66 67 66
    62 59 60 59 60 57 58 57 71 71 66 65 62 65 68 70 64 61 64 67 68 65 63
    61 60 60 58 56 55 55 54 55 56 54 53 54 54 52 54 51 53 59 61 58 62 64
    62 65 65 64 60 62 61 61 62 59 57 57 59 61 62 59 61 63 68 66 64 61 59
    64 62 60 57 62 62 64 67 66 66 69 70 69 74 73 70 71 71 69 67 66 63 64
    63 60 63 62 62 63 66 64 67 70 66 68 70 69 67 68 65 63 62 61 62 64 63
    62 65 63 63 63 63 60 58 59 57 57 59 57 57 59 61 59 58 59 58 60 59 58
    59 57 60 62 62 61 63 62 60 67 67 65 66 65 62 63 63 63 63 64 64 64 66
    63 64 60 62 62 63 65 67 71 69 70 69 73 69 68 62 61 64 65 64 62 63 61
    64 62 59 57 57 55 53 56 57 64 63 63 63 64 63 60 62 61 63 64 63 68 72
    77 74 70 70 68 71 68 66 63 60 65 63 61 62 58 58 58 59 56 57 59 55 57
    57 58 57 62 63 64 63 64 66 65 68 63 60 61 64 67 63 65 64 67 70 69 68
    67 70 70 67 65 66 66 66 63 63 61 70 70 66 67 65 66 69 72 68 66 69 70
    70 69 65 64 62 63 61 60 59 57 57 58 59 56 54 54 53 52 54 50 54 59 61
    58 62 64 64 66 64 63 60 64 62 61 62 59 58 56 58 59 61 59 58 62 66 65
    64 62 61 65 66 64 61 65 64 65 67 66 65 67 67 67 70 68 67 68 69 67 66
    65 64 64 63 59 60 60 60 61 64 63 64 68 64 66 68 67 65 65 63 61 61 60
    60 63 64 62 64 63 61 62 62 59 57 58 55 57 60 58 57 58 59 58 60 59 60
    59 61 62 62 61 62 62 62 62 63 61 61 68 67 66 67 69 67 66 66 66 68 69
    69 67 68 67 66 63 65 63 63 65 68 72 71 71 68 72 70 69 62 61 64 66 67
    64 66 63 68 66 62 58 58 57 55 58 58 63 61 63 63 63 62 59 62 61 64 64
    61 66 71 74 70 65 68 66 69 66 63 62 60 65 63 62 65 61 62 61 62 60 61
    61 57 60 61 61 59 63 63 63 62 62 64 63 66 61 60 61 65 66 62 64 64 68
    69 70 67 66 69 67 66 63 64 64 64 62 63 62 68 68 65 68 66 65 69 72 69
    69 71 71 71 71 67 66 63 62 60 58 58 57 56 57 57 55 55 55 54 54 56 53
    58 63 65 63 64 64 63 63 61 61 58 62 63 63 63 59 59 57 58 60 60 59 58
    63 66 66 66 63 64 67 69 67 63 65 65 66 64 62 61 62 63 63 66 65 65 66
    68 69 67 66 65 66 65 61 61 59 61 62 64 64 66 69 67 70 69 67 66 64 62
    62 60 59 58 60 60 61 62 60 57 59 60 58 58 58 55 57 59 57 57 56 54 53
    54 54 56 57 57 61 62 62 62 62 62 61 62 61 61 66 65 66 67 68 66 63 63
    64 67 67 67 67 67 69 69 66 66 66 65 67 70 72 71 70 69 71 70 69 63 63
    66 70 70 66 67 65 68 66 61 57 57 58 56 58 58 62 62 62 64 64 64 63 67
    65 67 68 65 68 72 72 67 63 66 64 67 66 62 63 63 67 65 65 68 64 66 65
    66 65 64 64 59 60 59 60 56 58 60 58 58 58 60 59 62 59 56 58 60 63 58
    60 60 64 66 67 64 65 69 68 66 64 64 62 64 59 58 58 71 71 69 71 68 66
    69 72 69 69 71 70 71 70 66 63 62 63 60 57 56 54 55 57 56 54 53 55 56
    58 59 56 61 67 70 65 63 64 64 64 61 60 58 60 64 64 62 59 61 57 59 63
    61 61 61 66 68 67 66 62 64 66 68 65 60 63 63 65 63 60 60 62 63 64 65
    64 66 66 66 67 65 63 63 63 62 60 59 56 58 60 63 62 64 65 65 68 69 65
    61 60 58 58 57 54 53 56 57 58 59 58 56 58 59 56 55 57 54 55 57 55 55
    55 53 52 53 55 56 56 56 61 65 63 63 62 63 63 63 62 61 67 66 67 66 68
    67 65 63 65 68 66 66 68 65 65 67 65 66 68 67 65 70 71 70 70 67 68 68
    68 63 63 67 69 71 69 68 67 70 69 63 61 60 63 61 64 63 65 64 64 65 64
    64 61 66 66 67 67 64 68 72 72 68 64 69 66 69 69 66 66 64 69 65 65 68
    62 64 64 66 65 64 65 61 64 62 63 61 60 62 60 60 60 62 61 62 61 58 60
    62 63 58 59 58 61 64 65 64 66 71 71 70 68 67 65 65 60 57 57 64 64 66
    67 66 66 68 72 69 70 70 69 69 66 63 60 63 61 60 58 57 57 57 62 59 57
    56 58 59 60 61 58 63 68 69 66 63 65 65 63 59 61 58 59 65 63 62 59 63
    60 64 67 65 66 64 69 68 67 64 60 60 62 66 63 59 62 64 67 65 62 62 64
    66 66 66 64 65 63 62 63 61 61 61 63 63 61 61 57 60 60 62 62 63 65 63
    68 68 65 59 56 53 56 56 54 52 55 58 59 61 58 54 55 56 54 54 55 52 53
    54 52 54 54 52 50 53 57 59 58 56 59 61 59 58 58 61 61 63 65 66 72 70
    69 66 68 66 62 60 60 65 64 65 67 64 64 65 65 65 66 65 62 66 69 68 67
    66 65 66 68 63 63 66 68 69 67 66 65 68 68 62 60 59 64 63 64 62 63 64
    65 66 64 65 63 67 66 66 64 61 63 66 66 61 59 63 62 65 66 62 64 64 69
    64 66 69 64 65 65 69 68 68 68 65 68 66 68 65 62 63 63 60 60 64 62 62
    60 59 59 62 62 58 57 59 61 64 65 65 68 70 70 71 71 71 68 67 63 62 62
    70 70 71 72 69 66 66 70 67 69 69 68 70 67 64 61 64 64 62 59 56 56 58
    62 59 56 55 58 61 63 62 59 63 68 70 67 63 65 64 63 60 62 60 60 67 66
    66 62 66 62 63 69 67 66 65 69 66 66 64 59 59 60 65 62 59 61 62 66 62
    61 60 63 65 67 66 65 67 64 63 63 61 58 60 61 63 62 62 57 60 61 65 63
    63 64 62 68 68 64 57 55 51 56 55 53 49 54 56 58 60 57 55 55 57 54 53
    55 53 52 51 50 53 53 52 49 52 58 61 59 56 61 63 62 61 60 64 66 65 66
    65 72 70 68 62 62 63 60 58 57 60 59 61 65 59 58 59 59 60 63 61 56 61
    63 65 65 64 63 66 69 65 65 67 69 71 70 69 67 71 72 66 63 62 67 66 69
    66 66 68 69 71 67 66 63 69 67 67 63 59 61 65 65 60 59 63 62 63 65 61
    63 62 68 64 64 70 65 67 66 71 70 71 72 68 72 70 72 69 65 67 67 66 63
    68 67 64 63 61 61 62 61 57 53 55 57 61 63 64 68 72 73 73 73 73 71 69
    65 63 62 69 69 72 74 70 66 67 71 69 72 71 70 75 71 67 64 68 65 62 59
    56 57 60 64 60 59 57 60 62 64 64 62 67 73 76 74 67 70 69 67 64 64 61
    59 67 68 66 62 66 62 62 70 68 67 65 70 66 67 67 60 59 59 64 60 58 58
    58 62 56 56 55 59 60 63 64 63 68 64 63 66 65 62 62 64 66 65 64 59 61
    63 66 65 65 66 66 71 71 67 60 57 54 56 55 52 48 52 53 55 57 54 54 54
    56 52 52 53 50 50 49 47 51 52 51 49 52 57 61 60 55 61 63 61 59 58 60
    62 63 62 62 67 67 65 61 60 61 58 58 57 60 59 61 66 60 61 62 61 61 64
    63 58 65 66 67 67 67 63 66 67 62 62 64 66 69 68 66 65 68 68 63 62 60
    66 66 70 66 65 68 68 70 67 66 63 70 68 66 64 59 59 63 62 57 56 61 60
    62 64 62 64 65 70 67 66 71 66 68 68 73 72 72 74 70 73 69 69 65 61 63
    62 61 60 67 68 66 66 61 62 60 58 52 49 49 52 56 59 61 67 72 72 75 74
    74 70 70 65 62 63 71 71 73 75 74 69 69 73 71 74 75 72 76 74 71 69 73
    70 66 64 60 59 61 64 58 56 55 56 59 62 62 60 67 72 75 74 67 68 67 65
    62 62 60 59 67 69 69 65 70 64 62 69 67 66 62 68 63 66 68 62 61 61 67
    63 61 59 59 60 54 53 53 54 56 61 60 60 67 61 60 64 62 58 60 62 64 63
    62 57 60 61 64 61 59 60 60 65 65 61 56 54 51 55 53 50 46 50 51 54 56
    52 51 53 56 52 52 52 49 52 50 47 51 51 49 47 51 53 58 56 51 58 60 60
    58 57 61 63 65 65 64 70 68 66 63 63 65 60 59 60 64 64 65 69 63 64 63
    61 61 63 61 57 63 63 66 66 64 62 66 66 61 62 64 65 68 66 63 64 68 68
    62 60 59 66 66 68 62 62 65 66 69 65 64 62 69 68 65 62 57 56 59 56 51
    49 56 55 57 60 57 63 64 69 65 67 72 67 70 70 77 78 78 79 75 79 75 73
    68 61 63 60 59 58 65 65 63 64 61 63 61 58 50 49 48 50 53 57 59 65 70
    68 73 73 74 69 68 64 61 64</data></your_img>
</opencv_storage>
