<?xml version="1.0"?>
<opencv_storage>
<norm_v>1.1640730217645282e+03</norm_v>
<input type_id="opencv-matrix">
  <rows>256</rows>
  <cols>256</cols>
  <dt>u</dt>
  <data>
    160 247 51 108 146 100 0 0 160 247 51 108 146 100 0 0 64 62 3 69 77
    33 52 3 2 32 101 87 31 39 58 117 102 36 125 95 44 104 99 9 15 72 101
    10 22 62 35 22 110 59 94 32 46 123 51 122 20 108 12 78 15 72 83 69
    15 43 35 44 12 33 18 101 9 106 67 19 18 99 125 5 47 62 31 57 120 19
    86 80 105 106 29 75 59 60 47 50 80 63 4 52 89 106 83 63 28 68 12 114
    83 26 26 88 14 95 52 95 69 11 75 68 50 19 69 74 62 50 38 13 118 15
    84 49 27 81 91 54 79 115 8 57 41 127 73 114 64 61 109 29 2 90 93 56
    124 7 46 87 35 117 48 48 77 124 41 80 64 88 48 88 68 111 86 118 75
    126 77 86 23 20 16 6 52 35 117 87 30 98 48 25 61 50 52 97 72 122 8
    55 19 115 106 63 22 101 9 97 45 73 21 43 42 22 31 3 35 60 51 15 47
    70 106 81 52 76 30 85 80 101 60 71 118 0 105 23 4 25 7 101 37 61 116
    112 48 54 67 80 93 83 71 48 84 54 117 55 23 118 47 109 11 27 22 95
    17 110 105 46 59 7 105 82 40 12 63 64 104 25 35 67 81 51 73 16 100
    43 15 108 34 33 98 53 24 9 122 40 87 33 75 73 57 3 75 42 91 30 120
    23 45 41 9 126 32 2 107 105 85 47 70 32 123 124 48 75 111 31 106 53
    116 116 93 122 95 114 62 126 47 87 81 53 88 90 18 32 7 21 58 95 5 92
    53 66 51 95 67 72 51 39 97 27 110 14 71 73 102 50 75 42 78 27 108 11
    11 46 48 8 53 56 122 50 4 0 123 113 54 119 111 54 121 107 74 1 89 33
    45 102 57 62 81 22 124 25 90 108 17 78 54 46 109 65 66 10 83 24 84 0
    103 124 97 23 28 20 103 85 114 115 95 14 124 75 16 65 56 115 121 56
    122 13 45 11 85 46 15 48 75 73 104 54 68 122 49 42 49 96 81 117 18
    103 122 8 114 11 123 23 90 104 83 101 116 101 12 93 120 50 11 89 41
    26 87 80 56 124 74 35 90 100 36 0 118 26 26 29 7 25 27 51 73 4 0 89
    92 27 79 38 0 79 31 122 106 48 108 123 85 73 71 12 107 109 17 53 37
    110 96 35 21 67 32 41 62 7 46 72 19 78 62 85 83 119 72 86 102 15 93
    30 126 110 125 72 34 100 52 49 72 5 115 58 94 120 125 54 11 70 16 42
    123 8 74 63 65 47 55 6 39 4 127 66 22 90 45 11 98 64 87 7 104 107
    100 13 21 15 72 13 73 0 109 126 7 118 50 115 122 86 107 87 72 27 11
    116 83 64 79 113 31 109 63 18 43 49 48 69 101 80 77 88 89 49 52 106
    44 28 89 44 34 30 94 71 54 88 9 2 47 46 48 77 124 10 122 44 78 93 6
    64 68 90 68 41 24 40 1 93 48 126 79 39 28 87 57 79 79 74 11 124 109
    66 36 43 85 56 5 58 74 24 15 72 100 78 16 11 62 9 66 123 73 13 73
    104 93 62 45 108 6 84 51 43 31 61 17 15 112 76 89 52 126 7 90 32 88
    47 1 75 90 32 19 9 49 0 122 124 26 110 4 51 94 98 12 26 87 67 83 27
    30 85 120 110 78 39 27 120 12 68 71 42 82 10 87 37 6 86 98 93 26 113
    111 122 82 9 49 110 53 7 13 119 126 48 50 112 124 83 44 111 51 30 6
    52 74 21 28 117 104 116 83 97 58 74 65 56 86 71 31 22 53 58 56 42
    107 17 101 68 57 1 38 0 28 15 80 50 6 24 79 97 11 120 68 73 80 40 47
    30 115 77 125 111 33 73 29 59 27 106 73 51 31 69 3 21 58 34 107 40
    123 117 100 5 73 69 36 26 75 106 58 41 100 96 46 29 57 109 76 84 0
    27 63 101 13 69 67 79 93 109 53 20 68 57 69 116 99 103 47 18 45 72
    115 6 66 83 68 116 51 90 126 29 72 11 107 43 47 3 14 90 104 113 23
    29 70 87 127 79 27 106 90 100 100 115 109 39 23 57 79 5 95 111 66
    114 18 93 2 62 83 100 125 60 123 90 101 92 97 14 18 25 79 67 61 8
    122 124 41 57 109 18 115 69 93 13 45 48 94 127 123 64 121 20 14 95
    37 82 66 41 9 99 67 41 60 1 71 108 6 100 58 23 108 5 65 116 39 112
    111 13 92 62 69 66 126 121 29 95 3 123 25 120 10 50 6 22 80 111 35
    50 38 66 48 121 60 38 30 82 98 74 12 125 60 125 48 7 32 68 123 38 32
    28 79 19 116 111 94 59 88 84 102 4 58 4 9 25 88 81 11 108 64 64 86
    39 7 39 98 79 76 89 25 52 38 80 84 57 99 77 90 51 108 46 110 78 29
    24 111 11 62 117 13 18 89 35 105 52 39 111 93 86 24 102 59 119 1 43
    122 5 85 84 22 23 88 127 55 89 52 8 26 82 99 100 1 51 27 61 96 42 55
    27 27 63 113 68 7 50 94 120 18 108 31 50 59 93 95 106 64 2 57 115 30
    47 123 6 39 87 88 77 25 110 64 70 99 5 13 96 16 5 106 27 8 27 0 124
    6 33 8 21 11 107 1 4 61 41 59 109 40 54 85 12 2 17 6 109 72 15 117
    106 40 33 13 13 46 39 23 6 47 69 13 40 41 113 108 107 20 99 63 44
    121 15 126 105 36 19 56 62 91 106 118 111 69 47 125 109 78 115 62 72
    38 63 55 111 125 17 51 39 79 71 47 53 63 9 23 104 97 95 45 119 47 88
    45 95 84 104 84 66 126 41 29 91 66 92 86 47 6 67 115 87 41 82 82 48
    16 51 47 26 45 23 2 2 126 53 39 123 123 114 40 53 112 53 48 54 30 90
    37 29 68 66 110 38 110 0 68 65 76 126 42 91 126 93 48 18 124 30 117
    84 90 0 4 73 16 98 123 48 4 21 125 59 28 51 36 27 101 108 19 24 90
    26 11 55 80 110 63 104 4 111 79 113 123 86 64 110 19 65 60 65 83 31
    24 48 94 14 15 50 66 7 55 48 68 27 94 65 7 73 90 105 116 9 20 89 92
    72 87 120 87 53 60 12 91 103 99 60 73 71 65 29 109 68 86 5 101 37 83
    57 8 27 98 35 82 22 41 12 58 25 16 64 7 8 20 89 21 123 114 15 74 5
    76 125 121 94 85 10 90 71 84 124 7 95 63 91 56 94 52 90 82 119 108
    46 63 112 13 29 11 36 66 74 101 127 98 34 15 35 45 63 93 109 40 87
    83 59 6 0 44 68 34 113 96 107 100 95 26 3 72 110 88 56 23 29 7 30
    108 84 115 20 118 3 90 32 6 92 90 3 19 60 120 94 61 43 92 26 13 115
    18 119 29 35 21 71 50 118 56 121 121 35 34 93 5 105 23 21 75 71 14
    112 77 1 42 97 65 8 116 50 91 104 71 3 60 44 46 22 104 25 123 63 18
    64 88 45 98 64 82 84 40 34 51 19 2 46 109 124 51 13 74 102 17 85 107
    19 96 41 72 42 23 57 107 125 61 45 13 92 79 30 118 50 101 125 96 74
    7 20 99 106 97 93 123 39 91 124 46 112 115 118 68 100 78 31 98 0 29
    46 11 59 66 97 24 51 11 28 93 38 24 67 106 97 93 80 5 111 37 79 85
    115 47 60 10 10 59 59 75 114 35 59 112 33 27 52 83 21 108 49 73 62
    26 52 59 77 32 108 121 121 71 15 83 26 106 120 65 115 50 96 19 16 28
    47 53 75 65 112 119 104 93 97 86 115 76 83 60 13 75 99 84 62 100 53
    126 103 30 35 114 58 49 51 26 82 62 127 63 69 108 121 48 32 7 44 70
    106 118 123 48 7 37 63 59 32 67 10 6 107 35 81 32 50 52 64 45 105 26
    82 5 47 96 113 122 98 27 117 85 71 30 9 122 127 90 100 94 118 8 85
    21 76 46 88 24 84 96 115 119 96 102 91 21 95 74 58 85 91 74 60 69
    112 97 119 108 58 124 44 88 86 28 9 109 69 124 31 25 100 125 51 85
    16 103 117 22 108 80 1 46 122 0 30 75 81 19 84 81 46 58 8 50 42 42
    51 119 15 100 85 87 86 32 34 88 52 95 98 93 86 59 34 37 8 123 1 117
    26 120 110 107 86 88 62 22 122 9 70 66 29 71 81 20 76 60 20 23 111
    89 85 18 73 111 116 38 55 127 37 85 47 101 73 43 64 59 70 6 38 126
    94 43 78 7 5 31 0 16 19 79 126 82 48 41 103 80 26 35 100 119 110 123
    43 37 80 19 116 77 122 86 92 124 33 43 51 10 55 76 102 116 78 41 51
    75 18 56 60 3 104 12 52 16 34 119 16 69 12 61 2 56 115 52 77 22 91
    69 58 97 44 92 80 122 41 64 102 62 83 76 34 38 10 99 107 96 92 52 16
    51 27 89 88 112 33 69 68 121 3 47 18 13 127 77 107 75 42 44 60 74 30
    51 99 8 45 101 127 29 116 57 111 109 84 3 86 101 38 122 38 42 98 3
    15 31 61 90 95 115 94 89 64 76 53 121 53 92 50 73 63 90 49 84 4 126
    111 101 3 113 82 69 101 105 92 126 41 98 23 101 121 50 81 116 48 41
    80 19 66 88 0 34 79 27 116 126 111 96 52 88 69 123 71 113 33 25 43
    52 27 10 100 127 6 83 90 34 27 42 82 31 2 74 23 88 6 32 102 105 93
    109 75 84 48 69 7 3 44 90 69 102 53 6 125 86 101 17 78 29 94 101 124
    78 68 81 24 80 6 14 102 84 111 120 95 112 49 27 71 104 15 9 40 117
    97 93 23 13 11 16 2 34 89 111 84 122 5 125 94 92 75 99 101 56 8 74
    99 95 119 74 38 78 52 64 69 120 1 53 74 24 124 114 70 79 126 6 106
    86 87 12 40 87 104 96 61 96 100 125 125 30 68 14 37 109 75 126 122
    105 51 88 108 35 79 41 126 107 24 59 127 114 73 67 68 1 104 72 79 86
    41 121 107 31 87 104 9 125 45 57 21 31 61 11 17 43 2 78 91 100 127
    35 47 93 37 31 118 86 78 22 115 61 15 45 69 74 1 26 53 34 32 115 24
    92 16 27 83 31 78 114 74 49 35 6 98 88 30 71 61 114 111 62 45 51 47
    35 3 10 23 95 57 25 29 38 24 53 65 53 108 45 72 15 111 24 113 80 31
    18 6 49 43 127 46 48 101 111 62 46 89 94 24 100 37 9 52 35 48 15 111
    29 91 30 118 20 126 119 32 4 108 100 5 104 66 0 114 78 15 49 79 57
    98 70 42 17 37 65 97 26 41 15 62 20 89 49 117 91 122 80 126 118 126
    81 101 126 111 25 99 52 84 52 100 63 16 1 36 100 81 27 59 8 112 62
    15 109 54 58 105 14 65 62 70 75 103 24 0 68 94 38 109 113 68 72 99
    56 50 36 99 124 81 101 17 24 18 114 60 88 14 60 117 61 49 88 112 101
    56 46 38 85 58 63 80 53 93 125 36 5 20 32 75 22 101 109 96 105 120
    115 89 93 42 30 125 78 88 1 5 108 2 94 41 40 104 65 7 45 8 107 25 16
    97 115 9 110 75 115 70 1 76 58 27 63 52 12 45 38 68 73 74 40 3 96
    121 90 123 16 127 68 44 50 87 94 121 56 46 31 74 89 30 98 37 22 42
    89 95 99 39 12 0 120 79 7 46 17 29 57 33 19 76 70 51 0 127 15 40 43
    20 67 79 39 7 126 124 91 116 43 34 78 84 111 103 96 35 73 63 38 19
    115 90 65 45 117 30 57 26 22 21 99 113 49 86 126 84 28 23 24 101 18
    92 84 19 65 105 98 17 79 15 102 47 48 105 48 52 95 29 42 38 5 81 127
    109 102 84 11 117 96 7 47 70 103 44 113 93 10 46 36 22 58 17 125 16
    35 62 76 60 12 6 106 53 66 97 56 14 100 24 44 65 83 22 96 90 61 111
    4 8 62 97 87 86 101 68 99 2 97 20 54 24 99 21 100 43 100 2 60 122 43
    42 75 105 41 41 92 45 52 16 7 68 36 115 119 30 122 54 6 17 84 99 51
    20 72 26 75 48 45 76 26 11 126 24 22 64 120 109 77 77 33 122 58 9
    122 78 20 80 59 77 30 54 115 7 11 104 48 10 73 101 15 26 31 27 84
    120 79 107 99 93 105 36 48 34 85 27 10 33 88 47 54 11 98 48 113 56
    121 15 81 1 124 92 118 68 125 65 123 119 74 89 28 27 0 25 109 115 18
    40 106 24 31 34 78 95 76 6 41 114 36 30 72 88 74 82 95 93 26 10 94
    72 80 110 55 88 14 118 79 73 47 17 68 65 111 21 119 26 32 15 98 117
    97 52 10 39 79 107 123 116 17 76 85 46 47 38 52 13 31 101 77 0 123
    12 98 54 10 23 61 118 69 56 53 36 29 41 72 67 110 124 36 7 23 28 14
    37 79 73 37 82 113 15 74 88 26 20 117 94 45 19 15 65 50 114 50 60 8
    126 6 37 41 1 44 69 112 41 69 94 77 1 126 22 123 120 107 14 103 105
    16 40 113 70 110 6 98 23 3 118 46 65 53 42 11 45 12 125 33 10 13 48
    113 23 116 8 39 38 51 68 14 33 12 42 49 122 35 107 94 7 38 58 53 9
    97 120 102 106 26 97 40 5 5 45 10 32 0 50 11 83 34 63 14 81 70 56 52
    68 99 86 119 32 64 85 104 41 107 91 121 103 72 20 53 123 22 110 123
    47 18 9 101 118 79 123 58 45 56 47 57 103 45 13 121 125 30 92 127
    112 68 9 39 95 121 53 15 24 113 98 5 97 96 61 29 72 117 72 71 56 32
    116 38 50 71 24 0 81 121 96 32 88 108 81 98 64 115 114 120 4 127 87
    9 100 2 115 120 57 83 27 95 22 54 52 113 50 67 25 74 30 19 68 103
    116 71 75 26 97 38 71 46 85 115 52 44 55 100 31 9 95 113 102 81 93
    113 19 122 127 28 57 50 77 123 6 64 107 123 73 121 75 118 50 13 123
    87 73 65 114 89 25 120 79 103 110 49 112 102 92 40 60 2 56 57 32 107
    117 111 43 78 50 42 76 90 46 56 2 22 95 86 8 64 83 105 68 52 62 86
    11 13 8 70 18 46 83 56 15 20 13 27 76 56 16 76 21 117 91 4 107 107
    108 46 34 14 113 85 13 107 104 88 101 3 59 111 90 93 98 78 88 46 37
    78 99 15 65 56 119 19 112 116 85 115 14 77 1 25 31 119 116 17 13 105
    25 43 9 29 16 83 40 104 20 87 23 88 42 79 35 88 119 111 101 76 119
    52 115 111 70 60 45 25 88 59 98 66 9 58 41 36 52 10 68 23 100 107 40
    99 54 42 72 23 24 112 108 49 58 3 54 124 123 120 65 63 20 118 95 66
    52 112 94 4 105 53 89 111 113 19 88 109 6 69 12 30 8 111 95 65 84
    120 27 115 58 84 98 43 65 3 116 68 111 94 87 126 59 73 115 14 76 76
    45 105 92 34 125 25 9 120 79 20 33 1 22 20 83 36 106 63 56 32 57 32
    45 30 28 114 30 103 77 79 74 114 66 52 37 97 12 12 13 10 8 11 37 56
    104 121 64 83 50 65 51 38 32 117 68 77 108 11 104 44 66 123 79 0 15
    83 100 80 90 67 58 63 18 41 32 104 13 70 99 123 29 47 36 117 95 29
    57 85 21 35 47 31 127 16 106 21 106 69 55 102 79 98 8 93 39 99 26 78
    113 79 6 28 0 7 86 44 45 33 95 2 2 49 66 124 43 111 6 21 5 19 35 103
    29 84 41 78 19 9 124 87 36 78 41 36 95 108 52 114 12 118 29 104 91
    30 28 19 40 3 82 82 109 66 35 85 121 71 9 82 50 4 118 109 109 35 105
    127 87 37 103 93 25 87 59 30 89 62 59 89 125 37 114 51 16 106 64 6
    65 70 9 19 11 90 77 114 111 20 127 73 8 71 33 126 86 94 38 0 122 4
    118 16 121 48 48 50 117 23 99 4 36 24 53 109 100 18 2 39 82 46 79 32
    31 52 57 47 50 110 48 63 108 109 58 111 7 63 38 18 2 29 15 51 18 120
    28 77 103 34 83 0 79 7 82 102 86 65 101 9 54 28 32 127 25 20 53 90 8
    60 28 127 95 95 104 114 84 28 103 108 27 8 25 104 1 28 92 84 4 38 81
    125 55 84 73 79 115 105 78 16 122 103 52 62 2 62 28 58 105 11 10 77
    58 72 4 90 110 96 97 14 88 20 71 40 3 107 16 123 98 49 3 44 38 102
    81 53 122 122 87 91 1 1 7 36 100 27 78 123 38 116 103 23 18 28 1 69
    66 68 42 60 93 85 57 103 69 118 77 91 66 58 42 42 38 111 117 29 82 2
    80 26 126 119 70 77 91 11 42 123 58 45 15 39 16 13 125 127 105 69 22
    1 123 52 83 29 24 40 48 6 71 91 104 60 14 11 38 29 57 60 27 42 47
    121 87 120 93 9 73 7 34 20 101 47 82 49 124 119 108 124 47 116 123
    42 29 107 21 123 1 3 23 57 99 95 92 36 84 12 53 61 1 43 22 20 106
    110 57 87 93 14 30 10 127 115 82 118 48 68 36 31 80 102 91 46 121 98
    2 121 118 77 21 108 21 19 89 107 108 122 44 100 68 108 115 101 112
    112 113 30 101 36 95 83 102 54 76 37 14 20 72 13 107 72 96 44 41 119
    44 85 112 24 67 14 7 60 91 10 81 103 39 25 98 75 120 39 93 111 0 83
    40 32 117 96 74 101 46 87 80 31 12 116 19 81 80 120 69 30 102 101 94
    73 38 79 92 114 115 103 109 12 65 111 26 24 52 92 54 16 85 110 32
    117 125 44 51 90 47 0 66 34 63 101 80 122 116 88 1 119 105 32 24 107
    87 68 51 46 92 83 50 84 105 113 86 53 3 116 89 35 4 37 3 70 110 56
    84 68 85 64 65 25 88 58 104 67 24 125 24 69 93 121 77 76 101 87 117
    38 31 28 95 50 70 123 84 121 17 80 44 110 117 72 90 46 43 122 76 77
    11 13 25 75 34 48 6 21 80 23 98 21 5 9 113 71 85 72 3 83 40 22 34 63
    97 95 95 93 103 49 80 50 9 119 64 65 110 124 100 123 89 52 53 61 47
    51 51 86 110 91 60 61 42 96 45 59 67 83 82 36 45 24 23 124 55 24 17
    44 19 108 98 11 122 59 48 90 54 44 41 97 79 120 20 110 67 45 1 111
    27 100 123 23 117 76 36 38 33 72 99 24 89 76 93 59 110 111 89 45 84
    38 89 18 127 47 65 72 34 23 71 109 87 73 71 43 70 15 7 50 54 30 5 30
    86 28 2 100 28 62 81 36 114 47 12 32 47 84 56 56 105 5 2 86 68 78 7
    103 48 77 80 80 12 74 49 25 69 85 97 50 83 54 1 41 120 33 3 41 123
    60 0 39 47 57 113 1 50 76 35 105 102 13 94 15 37 55 26 26 5 24 49
    115 125 13 18 41 26 20 22 70 55 27 89 17 48 73 82 125 98 64 120 102
    119 95 14 100 116 110 61 29 72 21 1 118 108 18 6 69 115 18 122 39 64
    123 67 40 6 107 39 116 114 5 19 17 69 67 59 98 116 77 48 5 106 81
    118 81 68 17 85 42 46 121 11 28 4 15 97 106 6 77 67 94 82 54 67 50
    117 96 106 61 47 68 29 80 105 56 30 126 94 53 87 32 14 39 75 69 53
    115 9 48 49 122 95 83 59 102 77 6 111 41 67 33 41 50 15 6 40 78 122
    127 14 95 107 31 127 122 37 94 69 95 46 115 2 6 115 74 46 64 28 58
    58 45 38 43 50 70 109 79 40 96 66 14 80 110 73 30 65 16 16 121 80
    100 76 60 127 49 125 61 22 28 117 24 53 56 118 51 20 105 115 81 14
    105 20 58 70 46 122 99 54 94 4 47 48 96 119 103 31 2 96 15 126 122
    53 81 64 37 1 81 15 58 111 26 1 18 92 121 3 22 71 42 120 95 50 114
    19 73 11 6 110 66 29 113 101 52 118 124 99 40 62 89 90 49 26 87 118
    11 76 51 21 55 7 97 45 68 127 94 19 66 37 83 74 25 82 46 65 127 36
    100 43 83 94 29 92 39 6 33 66 122 101 51 124 112 7 24 67 93 37 81 54
    53 85 66 48 114 56 20 92 31 51 74 9 122 95 22 4 42 77 37 40 102 22
    70 84 37 55 15 18 80 85 59 88 125 81 84 66 101 7 70 91 108 112 69 20
    36 106 103 123 16 119 22 99 40 69 43 1 106 37 125 104 61 41 24 18
    121 74 63 97 63 23 79 57 27 75 21 72 3 75 25 31 82 49 85 116 60 88
    115 127 51 125 106 51 124 59 10 49 87 44 126 42 81 15 56 122 73 81
    115 43 96 123 29 31 98 60 64 82 68 1 39 125 121 21 47 24 116 104 77
    87 29 87 6 6 87 93 109 94 79 31 117 14 16 27 104 73 49 28 75 120 89
    101 47 111 1 17 75 32 51 32 69 47 15 96 41 53 57 107 33 63 86 27 12
    9 46 113 110 2 103 91 82 110 105 122 69 118 73 33 13 96 75 81 41 44
    22 96 75 104 2 102 119 85 20 80 14 14 14 104 41 79 104 32 16 7 0 83
    51 41 20 34 37 13 116 83 78 107 119 42 60 115 127 113 56 100 125 93
    29 90 80 24 60 96 121 69 78 88 3 94 38 20 120 6 107 31 1 8 23 91 26
    69 49 6 45 30 101 6 93 10 9 56 12 60 69 40 5 27 61 39 32 53 62 80 91
    50 51 6 97 1 4 50 46 47 24 7 23 97 3 126 81 21 9 10 79 88 11 52 87
    78 122 14 50 98 20 82 93 94 80 16 35 53 29 93 21 83 59 118 7 105 8
    53 75 45 77 102 72 67 64 42 16 50 33 87 41 50 99 11 77 94 40 79 103
    101 58 43 112 54 112 32 7 9 61 11 122 109 64 1 51 43 103 85 57 116
    82 25 84 127 85 82 18 23 79 26 35 55 117 47 14 41 89 15 76 0 115 109
    80 51 50 56 100 64 65 84 91 105 50 40 104 125 80 41 53 100 60 55 42
    57 52 49 41 121 39 22 16 124 47 95 122 102 110 87 35 101 114 0 36 76
    75 125 49 89 95 69 96 56 98 118 117 95 8 62 44 33 122 36 23 26 98 73
    53 121 74 119 46 12 121 105 49 114 111 113 83 0 48 77 78 92 62 26 11
    20 82 99 121 110 29 84 122 7 18 111 23 6 1 73 63 107 94 111 96 80 26
    62 28 124 91 73 123 65 127 70 28 15 101 85 58 35 16 56 111 90 12 114
    108 26 86 17 79 78 93 10 75 38 123 119 68 43 118 54 105 18 72 26 76
    119 59 8 85 92 37 102 58 86 103 91 58 100 49 84 23 26 79 103 84 29
    50 123 74 115 40 100 34 121 115 17 56 98 10 22 53 100 104 125 0 68
    17 46 22 114 17 48 78 29 20 79 118 83 67 37 88 17 29 37 75 94 120 38
    95 60 110 46 67 12 119 40 81 41 104 55 3 122 87 61 109 99 99 43 83
    116 41 35 36 120 54 22 108 44 48 52 108 96 42 79 76 31 33 13 32 100
    90 115 81 81 123 34 13 82 46 117 47 18 122 4 16 120 36 2 36 58 34 69
    54 45 67 82 62 26 16 101 74 67 106 3 23 52 48 119 11 61 49 13 11 121
    76 53 123 18 77 88 32 13 29 41 77 32 7 3 68 98 76 104 44 102 41 101
    101 33 53 33 119 85 13 75 30 44 11 12 122 119 86 35 23 76 118 25 74
    51 21 94 17 6 16 76 40 73 22 83 33 1 17 4 75 46 33 25 105 125 106
    124 87 21 52 5 87 115 10 121 99 106 41 20 124 9 127 89 107 33 87 86
    97 101 114 73 2 66 69 90 91 91 114 68 119 57 107 5 120 80 50 10 124
    113 3 27 69 84 17 45 64 32 36 119 113 118 7 91 36 4 20 48 88 12 90
    40 27 2 104 48 22 92 40 39 15 38 39 77 18 57 22 83 10 61 101 110 102
    91 78 77 89 110 65 48 99 103 20 91 14 90 20 45 76 13 127 52 95 26 38
    115 1 43 75 70 85 80 76 32 127 9 61 35 20 26 70 43 121 109 56 86 120
    55 121 34 119 22 83 120 67 45 70 115 5 41 64 118 59 93 3 1 107 54 45
    4 107 90 114 5 113 90 77 97 119 50 99 18 115 54 44 83 8 65 33 15 107
    43 14 5 60 58 125 69 47 71 103 112 70 71 31 38 74 97 53 46 3 86 3 58
    19 81 30 110 80 28 120 26 63 100 109 121 49 98 90 11 67 37 34 80 51
    10 95 34 30 6 106 80 66 34 14 41 2 24 7 117 118 94 121 77 104 98 33
    68 11 0 53 81 86 124 13 55 88 17 10 76 87 52 69 69 61 119 109 56 12
    36 105 9 92 13 56 65 62 26 64 95 53 15 36 71 30 70 50 48 126 2 116
    32 52 72 11 25 9 90 33 32 122 113 58 33 82 5 11 116 122 63 105 92 43
    68 7 43 80 34 92 119 56 116 72 102 76 55 30 109 113 22 37 49 35 15
    100 88 100 107 94 68 5 98 97 31 7 42 111 64 3 26 109 100 80 40 88 75
    52 55 72 123 32 36 40 43 82 70 40 48 66 8 76 97 116 26 54 92 25 117
    94 122 105 24 8 50 32 93 66 70 68 111 30 0 99 89 75 29 77 70 2 97 25
    70 88 2 126 115 26 99 67 118 40 61 12 8 53 8 36 76 113 42 109 77 48
    29 87 34 111 33 71 38 3 69 5 54 114 112 22 124 34 40 35 36 102 47 78
    27 27 74 7 111 120 118 17 94 10 50 51 114 125 53 40 31 90 30 94 113
    77 89 102 21 116 57 59 11 48 50 7 65 20 96 54 88 7 102 15 89 88 54
    87 94 86 59 109 100 45 61 125 34 80 71 30 80 63 54 101 59 84 116 65
    88 9 100 81 46 112 88 123 21 111 107 76 22 41 116 95 30 79 67 120
    121 91 48 85 76 43 124 9 68 88 53 26 80 98 43 122 10 31 113 88 73 49
    39 30 40 73 4 91 107 94 7 21 86 119 53 4 67 73 1 107 35 74 24 78 45
    40 4 54 27 36 34 49 55 92 78 99 58 65 25 46 31 72 105 97 73 124 118
    44 39 4 113 8 101 10 110 38 62 96 41 25 114 17 45 1 73 52 114 77 76
    62 122 103 43 35 48 66 74 57 13 21 10 97 66 24 70 51 53 26 67 3 86
    62 6 71 92 83 123 123 44 29 63 17 75 5 109 91 23 63 120 70 107 59
    106 31 120 67 126 44 44 110 91 87 126 90 120 72 116 40 10 10 12 30
    10 18 56 73 102 126 100 118 58 2 9 48 118 0 103 7 23 119 113 59 64
    73 84 8 32 13 31 40 45 26 66 12 121 61 80 109 105 100 69 8 3 38 48
    28 39 112 8 40 76 103 61 77 51 57 52 67 47 68 115 101 53 14 27 31
    115 43 75 57 69 103 1 39 38 16 90 93 73 37 12 101 70 17 24 58 66 90
    40 88 3 97 60 16 74 48 58 71 35 0 108 28 37 8 122 71 75 119 53 108 6
    75 78 80 0 119 123 80 85 124 56 44 63 68 119 39 56 79 108 40 107 15
    107 96 109 64 122 102 10 19 31 25 64 64 54 99 125 58 70 25 46 12 113
    3 55 51 34 39 71 67 127 39 113 103 109 111 84 0 57 14 88 101 102 76
    28 9 69 6 88 103 46 30 100 85 85 39 107 16 110 91 63 27 68 45 36 76
    94 103 105 103 47 102 11 23 112 19 115 19 109 31 13 80 14 41 90 26
    53 62 24 89 63 1 107 60 86 26 61 10 71 26 119 63 31 3 88 6 94 6 36
    32 112 33 121 119 10 80 49 125 3 66 4 31 7 35 3 28 70 24 78 32 104
    44 116 91 125 58 29 82 16 116 103 41 96 17 79 32 88 102 17 70 58 37
    112 37 73 23 127 118 48 44 57 99 67 21 88 112 20 8 44 19 6 105 6 49
    3 42 60 65 26 120 123 59 66 46 114 65 119 93 23 94 98 51 31 89 7 13
    73 78 8 85 87 67 96 49 41 96 48 6 70 74 93 32 45 94 29 43 1 25 52 15
    47 47 103 52 99 60 22 38 62 25 29 99 110 11 19 16 115 86 89 117 73
    104 2 49 28 22 79 45 99 121 41 23 76 18 51 55 13 87 9 59 41 73 23
    119 100 46 43 72 58 58 15 21 20 53 122 124 21 75 91 121 74 17 22 88
    66 25 17 14 118 46 30 92 16 81 33 51 102 56 6 42 127 21 60 115 20 2
    43 110 74 41 40 121 109 76 66 39 127 16 38 45 51 6 81 103 115 50 10
    38 13 50 5 37 82 24 70 53 33 46 6 97 99 77 15 10 111 36 71 66 36 74
    108 35 94 87 44 79 126 30 37 34 112 71 39 65 25 81 118 31 46 6 8 62
    115 12 5 64 42 109 68 68 50 69 127 16 39 12 93 73 25 65 59 75 4 9
    127 47 4 111 20 1 53 90 120 35 44 22 95 25 110 70 52 26 127 102 73 8
    77 64 98 97 50 37 2 91 26 76 6 121 124 117 111 104 112 27 41 50 60
    14 95 83 64 28 33 12 65 53 3 98 12 109 45 7 22 20 13 42 122 73 125
    77 3 67 74 13 78 39 78 106 103 36 39 69 114 78 59 26 23 54 122 76
    112 21 125 71 61 27 20 91 19 13 94 55 108 95 58 5 37 117 32 61 115
    90 63 88 114 98 40 11 37 122 25 91 51 37 77 8 117 101 74 21 4 86 78
    63 30 110 20 101 118 22 35 64 112 10 115 30 99 56 124 78 45 122 67
    86 35 69 94 13 98 22 48 107 81 26 111 104 89 80 49 1 52 17 98 87 68
    117 113 37 103 54 18 3 10 91 57 21 64 84 98 28 5 92 69 41 79 107 14
    58 99 40 56 16 86 102 24 102 20 49 34 81 62 100 11 92 115 58 33 15
    53 57 35 57 108 1 4 118 23 55 45 95 28 74 89 29 106 78 43 51 100 0
    48 88 9 32 93 45 96 103 15 90 110 65 95 54 20 3 13 115 37 24 88 98
    85 124 37 115 11 109 11 32 71 4 27 21 31 37 120 11 71 87 86 71 57 30
    110 80 108 35 51 94 12 16 18 54 81 83 90 57 105 73 112 43 14 123 87
    32 76 96 14 32 105 12 16 19 117 39 48 42 56 42 108 28 107 51 95 107
    86 104 85 58 68 83 29 102 40 8 66 108 36 31 71 8 114 32 122 103 1
    109 98 57 19 74 103 30 118 30 33 42 50 23 61 14 9 62 9 46 2 74 127
    101 66 4 63 53 2 79 102 77 80 28 94 80 118 113 95 125 110 84 101 116
    53 14 23 89 117 54 116 95 80 22 22 98 22 43 112 11 124 18 105 105 62
    94 50 74 69 45 22 89 51 26 83 8 27 28 31 72 78 108 104 117 11 58 106
    66 25 110 76 65 97 36 113 126 87 114 74 94 24 38 34 95 6 110 7 104
    10 97 18 102 99 106 49 16 21 36 107 105 110 106 57 39 7 69 82 95 52
    115 0 71 84 5 78 58 22 49 39 30 29 68 69 14 0 1 12 81 68 125 77 29
    33 7 121 62 8 98 59 106 121 68 122 11 4 73 17 101 36 44 12 59 84 55
    5 36 25 101 90 113 103 19 54 30 20 107 1 21 74 30 1 3 53 97 8 106 12
    117 45 69 53 27 2 60 101 57 58 122 58 87 54 83 77 84 122 47 52 127
    37 77 49 8 30 91 55 55 103 23 108 102 98 12 97 94 90 39 86 50 101 63
    114 39 108 21 33 97 51 48 26 116 23 103 61 25 16 11 53 119 17 49 16
    25 10 101 104 109 58 48 107 79 96 95 1 39 70 44 52 6 96 101 50 75 23
    123 107 103 80 117 1 36 116 64 29 17 74 7 85 123 84 26 115 117 76 7
    116 34 14 100 33 58 50 19 118 124 27 5 85 99 97 9 70 87 104 113 16
    87 69 28 107 100 124 23 34 118 112 4 0 53 57 117 117 25 9 67 87 52
    97 1 93 72 20 16 125 108 124 102 99 84 39 121 64 52 59 33 0 58 19 85
    89 122 21 77 124 3 15 46 80 72 79 98 53 90 23 29 93 1 121 54 57 41
    122 36 6 94 71 13 121 17 81 85 49 6 16 70 125 126 125 95 111 88 36
    64 100 61 59 14 40 119 121 45 36 58 23 92 83 36 15 69 54 110 95 118
    15 16 23 58 34 52 77 111 36 106 22 7 74 61 9 42 26 46 119 35 32 8 65
    44 40 18 32 35 11 40 62 122 27 18 52 38 20 79 88 48 107 57 4 54 88
    37 76 12 82 66 16 20 18 65 16 0 56 111 5 35 13 100 62 55 36 22 32
    111 42 100 63 77 48 23 28 102 102 51 104 90 20 68 49 96 3 85 89 121
    7 2 98 127 69 53 84 107 48 115 59 3 13 4 99 17 76 52 119 105 73 74
    36 25 71 103 6 24 10 18 97 2 113 103 43 7 83 89 85 49 7 106 120 42 6
    109 100 69 3 63 67 11 112 68 43 76 115 108 85 60 21 28 113 120 99 22
    25 27 33 15 125 70 80 2 85 58 111 35 115 33 67 108 53 1 10 23 20 51
    126 78 84 37 35 6 44 34 29 103 56 11 85 43 123 12 64 28 12 75 31 117
    95 30 73 5 31 15 47 28 81 102 16 19 3 52 25 10 119 109 5 66 119 3 64
    29 50 67 92 30 46 88 117 68 120 84 67 15 44 39 87 28 43 58 78 30 10
    94 83 84 88 1 30 45 127 90 76 100 22 99 0 28 62 47 57 40 41 111 6
    119 5 63 117 94 58 111 103 113 51 68 30 125 63 75 15 59 24 107 40
    113 72 57 121 2 124 23 40 14 60 108 70 73 16 121 112 59 122 26 2 127
    57 26 77 84 58 100 36 100 117 58 84 91 46 53 127 17 30 65 16 13 100
    54 92 18 7 76 32 6 16 47 94 106 20 85 70 96 83 30 61 94 87 66 24 44
    66 71 101 22 22 16 86 124 27 121 86 122 112 11 67 120 33 32 94 26 55
    90 84 67 35 1 73 85 22 46 8 78 13 84 98 49 13 46 50 7 60 79 96 3 109
    126 65 3 6 58 17 99 108 36 91 31 127 103 74 111 78 59 72 93 40 35 21
    121 1 24 94 86 73 117 62 20 50 16 89 44 25 74 78 95 20 37 49 113 1
    60 27 0 41 121 67 56 48 85 1 38 108 80 12 82 121 114 80 40 22 34 65
    20 75 115 18 39 30 64 21 105 55 121 6 3 119 55 13 34 87 57 96 1 10
    36 19 31 121 34 28 96 48 1 5 25 19 123 75 68 31 78 119 42 38 104 12
    34 66 124 120 96 96 115 5 52 56 62 56 55 13 109 28 38 2 40 88 63 36
    116 15 85 42 44 0 80 125 50 62 100 123 28 30 24 111 110 74 29 43 102
    7 16 34 77 27 56 33 104 79 113 64 76 25 71 19 3 55 66 9 57 35 112 46
    55 119 126 31 6 46 24 111 12 36 19 14 125 49 53 48 72 31 110 104 49
    95 42 109 107 6 108 30 47 49 101 33 26 103 6 53 45 1 99 65 112 24
    113 26 82 16 45 90 62 22 18 33 49 84 7 91 89 37 79 6 97 81 86 73 8
    31 43 22 22 104 23 2 56 87 74 123 105 20 68 23 50 111 115 113 0 22 0
    119 54 102 2 12 50 66 32 30 81 57 6 62 3 121 95 32 40 70 110 76 111
    55 94 105 52 46 95 81 75 72 65 65 20 47 95 12 32 121 31 5 72 50 18
    104 1 13 88 62 125 74 34 17 118 27 89 28 13 1 14 85 47 9 37 100 89
    86 48 11 13 24 121 31 15 48 21 79 1 122 118 15 4 68 112 91 42 110 38
    41 8 118 82 110 10 82 14 66 49 75 112 63 74 107 53 83 63 26 106 62
    115 14 29 121 126 103 63 1 63 58 65 43 80 21 31 22 114 44 77 28 111
    28 12 54 118 124 90 106 16 77 66 120 65 99 71 85 55 37 74 123 124
    122 5 69 8 60 84 49 56 44 58 28 118 84 43 11 43 71 68 101 124 38 26
    23 118 76 26 4 117 75 10 62 88 98 49 34 46 49 71 35 41 90 25 7 60
    103 117 59 45 63 77 117 78 6 0 115 81 105 94 15 74 38 47 15 71 1 63
    4 9 17 40 97 97 105 28 51 61 127 114 69 114 19 14 56 117 71 19 32 70
    94 42 7 61 96 35 113 22 75 11 104 16 57 26 38 106 84 66 99 112 115
    18 62 92 40 50 14 81 51 7 113 106 10 85 16 48 46 88 85 105 33 66 121
    12 125 75 50 6 79 125 54 63 74 80 6 116 92 2 106 42 2 35 48 76 97 13
    96 32 89 85 78 35 58 82 19 90 47 102 67 98 101 76 12 113 64 123 75
    99 22 25 42 116 64 100 48 91 63 99 51 21 27 5 31 33 58 76 100 127
    126 117 106 3 97 56 121 21 111 77 58 68 60 96 124 98 75 122 50 84
    126 90 16 65 54 85 23 37 43 123 95 51 40 12 60 87 98 92 6 49 79 103
    48 23 115 48 111 69 43 80 121 29 92 97 125 3 37 97 106 4 73 14 100
    51 90 38 4 65 120 118 43 22 0 39 28 9 91 62 92 17 124 126 63 4 94 95
    90 6 121 35 41 62 84 126 103 1 40 119 121 121 70 86 9 3 95 80 110 91
    63 50 104 50 4 117 38 2 127 59 67 127 61 53 121 38 81 6 20 96 70 82
    24 88 24 38 78 119 11 119 112 41 11 116 117 54 77 81 40 12 20 93 120
    54 120 17 27 82 40 42 47 31 14 88 64 23 96 100 115 117 2 86 80 33 90
    81 105 24 31 15 62 90 47 71 64 126 39 113 83 4 114 36 12 61 108 23
    118 46 65 16 41 107 100 91 21 104 13 91 84 75 103 93 117 72 116 44
    108 18 15 111 16 118 56 76 70 25 85 22 31 78 97 76 24 35 127 74 111
    33 31 66 35 124 97 73 123 106 11 74 39 38 46 37 120 73 66 92 101 98
    58 99 63 114 44 14 46 34 69 63 106 98 27 61 117 74 45 28 74 85 78 35
    18 127 51 112 72 62 113 36 53 72 85 89 13 43 31 57 6 40 2 107 55 111
    68 54 39 84 42 73 76 107 6 105 55 57 28 53 105 54 28 68 60 15 73 2 7
    30 16 48 54 89 92 111 116 56 78 31 69 75 11 37 63 43 25 35 79 125
    116 56 98 50 33 116 12 82 87 62 123 67 107 70 6 110 88 13 13 19 69
    17 36 63 107 14 93 98 87 50 101 65 87 78 91 109 53 64 2 54 11 42 52
    96 97 15 98 90 105 68 12 14 26 44 34 6 11 64 101 17 38 50 1 121 125
    39 37 110 72 86 37 62 116 45 44 101 7 86 74 117 77 111 55 123 37 97
    54 73 17 81 77 81 76 40 9 75 45 30 120 82 20 13 100 30 40 39 93 127
    114 68 102 33 72 96 83 58 55 36 61 69 33 97 2 117 84 111 28 63 54 28
    82 99 53 122 104 65 59 62 4 19 3 73 96 112 32 34 78 69 120 111 70 95
    69 34 79 56 0 7 87 113 44 49 81 6 118 115 30 30 71 89 6 106 27 52 21
    41 118 46 12 49 101 72 78 7 109 89 42 12 46 33 114 23 11 32 109 4 90
    91 25 6 86 5 15 87 118 60 95 9 72 22 16 55 114 75 18 90 34 13 115 79
    122 5 27 110 92 88 11 50 39 42 38 34 120 59 103 112 37 94 126 111
    110 88 36 73 60 54 109 36 70 90 68 58 12 11 84 49 100 56 57 84 50 84
    79 41 91 101 35 68 36 113 89 59 93 82 74 99 108 87 77 54 109 20 76
    13 47 118 12 22 30 124 125 37 99 46 123 79 48 67 24 98 5 96 118 63 6
    27 74 58 108 68 97 84 79 37 98 78 68 60 3 18 125 121 127 66 41 92 80
    117 21 9 91 1 104 12 36 117 106 59 84 41 38 94 32 17 68 107 107 110
    112 26 54 85 35 22 76 127 21 55 99 20 111 31 69 12 0 86 39 95 86 10
    86 81 74 80 80 92 43 58 74 28 16 17 53 119 125 96 12 51 104 36 36 18
    85 69 27 77 81 49 95 8 100 116 35 60 42 30 28 28 103 89 10 80 65 92
    98 37 87 53 34 48 65 102 83 122 97 94 25 84 50 71 123 69 96 90 1 75
    30 105 2 44 105 100 120 90 14 66 17 97 18 7 28 118 75 30 17 36 17
    108 44 55 96 32 80 59 14 104 20 28 65 105 0 20 95 42 72 56 32 64 49
    117 112 54 50 79 20 39 56 95 53 35 7 108 53 84 75 10 90 115 0 39 74
    122 111 111 87 51 126 5 23 97 115 44 114 0 97 95 103 3 77 20 54 13
    41 14 54 13 102 98 29 90 66 31 115 72 81 88 9 32 111 111 6 115 23
    122 16 97 65 51 93 9 109 89 102 119 121 114 27 93 66 44 11 74 17 1
    22 28 69 19 99 76 39 98 41 121 37 5 21 72 100 58 22 40 38 0 71 0 85
    74 65 78 93 109 23 115 50 51 77 41 82 53 89 113 120 110 86 91 123 2
    44 9 19 48 42 48 88 61 75 120 6 57 11 4 87 52 30 81 41 52 115 93 108
    94 26 48 61 50 62 79 37 38 49 110 70 2 113 42 55 47 14 70 22 80 82
    105 95 94 54 91 72 62 33 67 24 44 59 6 110 11 47 28 42 122 90 49 54
    66 22 121 39 41 109 61 121 60 50 0 111 110 76 65 97 37 87 126 119 47
    68 99 1 103 31 76 49 11 17 79 96 44 16 85 18 73 100 109 71 93 51 72
    21 8 65 86 115 50 85 37 104 29 99 10 94 91 96 42 46 4 127 32 102 74
    2 90 51 68 76 120 65 0 44 57 106 85 46 18 40 111 43 46 108 82 41 125
    73 80 36 16 75 26 30 59 101 102 24 86 3 124 110 98 64 40 86 31 9 109
    120 36 126 68 21 39 81 73 80 74 95 124 8 114 11 103 17 126 112 14 35
    108 19 70 22 34 4 32 35 52 7 108 71 6 81 51 38 10 79 19 92 74 32 83
    88 85 97 59 25 108 54 52 52 94 47 88 46 66 3 33 81 30 63 91 85 87 39
    56 42 51 91 73 125 14 63 28 70 112 44 67 4 37 71 13 125 95 9 102 17
    103 106 65 115 118 86 11 81 101 28 83 65 121 56 99 37 22 99 40 82 38
    19 44 44 100 8 39 77 9 85 8 83 107 56 61 103 64 104 51 61 73 45 53 7
    2 65 3 114 9 115 12 78 111 44 96 0 46 62 66 24 91 81 35 65 72 40 68
    42 36 67 81 15 59 46 46 107 23 118 96 117 86 22 41 86 58 63 55 2 89
    14 32 43 97 93 122 4 99 101 75 113 121 1 93 43 42 62 121 94 18 84
    119 91 125 55 51 52 25 114 10 114 57 79 123 29 116 48 49 120 8 2 75
    32 91 21 65 47 75 80 53 99 55 0 107 72 19 43 37 24 114 75 39 75 125
    37 97 16 4 23 107 85 110 109 15 86 126 57 4 73 56 16 41 39 95 76 72
    59 74 52 109 16 54 93 47 44 48 1 30 13 12 112 1 100 47 81 15 59 35
    86 91 108 62 94 122 50 95 116 15 122 93 41 60 60 18 107 75 44 3 10 3
    5 6 21 46 104 35 5 105 23 55 121 86 25 62 96 74 61 107 72 120 54 63
    11 122 12 106 76 113 48 101 75 41 63 29 120 106 32 65 13 3 6 73 0 82
    119 22 75 24 47 122 113 76 30 98 110 16 64 28 101 6 105 40 43 95 10
    9 118 20 122 23 95 110 82 84 123 110 45 39 116 57 6 68 101 80 127 57
    120 72 56 48 120 33 80 15 98 50 19 23 55 27 6 11 110 119 122 119 111
    11 90 6 23 56 30 21 105 127 50 80 43 18 16 85 65 61 2 47 82 68 62 17
    72 53 84 4 75 32 87 96 71 55 40 16 74 17 119 106 28 114 91 103 38 26
    86 57 91 50 47 96 19 101 125 102 90 7 19 81 22 31 68 27 89 91 101 82
    26 17 110 88 2 117 99 95 31 3 19 19 13 16 25 115 54 76 24 36 45 118
    37 29 36 123 61 112 103 110 73 32 126 127 119 94 66 41 23 23 56 106
    54 5 32 67 124 58 69 81 89 98 36 14 111 64 75 8 41 45 104 15 100 64
    79 110 101 25 49 106 37 86 97 65 56 58 87 81 3 102 26 65 42 26 57 64
    70 118 7 72 22 101 14 14 72 55 60 47 58 36 101 42 23 5 60 99 27 96
    54 123 119 4 43 56 108 97 99 126 125 89 107 74 25 109 85 85 1 8 125
    101 104 67 30 65 126 72 103 42 51 77 85 64 65 28 119 18 108 31 17
    111 12 116 82 25 104 94 66 49 104 95 18 126 59 66 76 63 34 108 15 10
    113 66 120 65 92 107 20 104 103 50 66 93 78 90 95 3 94 106 120 73 31
    8 94 99 38 120 2 91 11 23 124 26 118 103 5 78 57 35 22 48 24 122 93
    67 74 7 104 121 13 63 108 103 67 80 15 42 121 0 112 78 37 11 31 100
    1 79 99 30 81 87 118 1 102 45 27 0 68 112 121 83 48 87 27 54 80 71
    11 122 113 63 90 7 43 119 100 91 45 13 111 63 105 18 115 59 106 60
    120 6 33 94 30 90 59 87 73 13 2 26 47 120 70 82 106 126 90 126 16
    100 29 88 90 13 1 9 66 35 126 48 66 88 40 78 14 94 29 49 13 83 98
    122 43 2 124 92 0 23 63 85 98 115 60 92 30 88 20 67 53 72 4 104 55
    112 79 73 54 42 104 17 95 81 101 113 47 116 79 110 78 62 49 73 38 2
    93 92 116 64 120 81 61 11 92 70 33 81 112 8 62 41 79 72 7 125 45 83
    97 5 69 70 69 98 83 60 51 74 19 10 63 39 32 109 33 70 6 13 35 2 33
    102 54 57 120 56 80 102 86 30 46 56 53 80 55 83 62 9 79 108 110 6 29
    114 26 49 110 18 86 121 12 96 127 33 64 109 56 79 11 89 93 13 78 57
    109 30 33 73 66 68 117 45 85 51 112 63 96 65 109 35 35 70 80 119 124
    7 108 87 6 96 39 111 50 0 26 120 39 3 52 88 51 29 80 23 42 59 51 35
    69 113 9 87 93 34 110 20 124 125 102 123 117 54 88 10 24 60 39 90
    104 87 90 120 38 68 117 57 116 44 126 38 90 66 52 39 83 73 96 56 45
    126 96 42 122 54 1 38 63 67 59 53 65 73 3 6 126 73 105 1 34 70 17 17
    119 65 57 44 109 9 104 4 5 34 65 78 112 68 103 80 111 22 32 92 90 22
    9 43 101 20 45 91 125 2 97 50 34 43 110 13 76 104 48 100 65 40 33 31
    109 14 49 107 118 61 33 103 32 25 13 63 21 105 55 22 71 6 33 115 35
    52 14 0 112 95 26 94 61 34 91 120 56 76 71 40 38 84 61 28 115 11 10
    30 8 5 38 17 36 35 39 117 74 16 64 127 57 127 107 126 2 71 119 55 2
    24 48 47 46 3 39 85 114 81 8 70 102 114 15 67 56 116 8 115 66 122
    107 43 97 43 27 5 22 21 7 90 88 6 72 71 116 36 15 23 28 104 50 49 92
    98 119 68 20 14 13 19 69 54 23 50 12 89 126 97 66 126 102 106 88 30
    25 49 89 43 40 61 18 75 125 44 94 116 90 117 109 74 84 32 70 63 100
    86 18 57 44 119 51 51 55 98 96 19 73 117 10 46 104 26 1 5 72 30 76
    39 22 86 65 54 87 40 121 4 98 36 122 114 43 29 108 75 101 113 79 87
    29 20 19 39 85 69 115 67 35 115 112 95 0 25 21 104 116 38 7 66 103
    54 78 56 66 96 37 2 125 35 57 55 123 68 109 68 65 119 104 119 11 51
    14 90 50 86 24 79 111 19 11 44 18 6 28 75 112 2 53 95 108 125 54 59
    40 105 36 62 25 87 117 88 89 63 100 14 70 74 102 26 5 75 20 92 9 53
    115 117 38 57 90 15 67 31 16 116 82 39 57 32 45 59 88 10 94 15 44
    127 86 125 5 3 70 88 97 55 122 54 75 44 69 84 114 116 106 106 121 8
    45 14 2 22 2 45 95 123 37 20 118 106 87 10 123 105 118 109 38 64 87
    102 77 49 92 115 9 50 9 102 106 79 79 52 121 69 9 116 107 124 90 34
    89 19 2 67 103 35 99 9 101 117 22 69 102 53 13 72 37 5 68 85 108 33
    36 54 18 65 62 112 16 27 88 57 100 93 102 54 30 18 43 27 52 63 116
    36 8 90 109 10 110 96 105 111 26 0 55 107 119 58 31 28 121 114 53
    115 68 77 58 120 103 76 60 13 66 66 122 18 95 105 123 125 70 11 126
    36 64 89 2 92 61 0 58 27 4 45 78 79 82 106 121 99 114 12 13 63 2 119
    4 8 112 3 34 29 90 66 126 42 124 15 2 83 120 49 107 85 32 4 11 94
    107 85 87 66 74 93 29 19 113 125 21 32 28 25 82 44 34 46 109 30 87
    66 15 96 108 41 43 18 12 33 20 67 95 58 35 59 38 82 4 67 52 40 40 60
    63 40 56 2 13 60 24 124 94 114 6 80 34 38 33 113 93 9 80 121 1 38
    118 0 62 118 99 28 122 47 7 18 24 61 4 73 122 56 92 120 57 23 119 89
    51 78 49 17 28 30 21 55 35 6 8 107 10 100 104 8 57 62 35 101 21 52
    85 117 6 5 86 20 68 109 47 64 97 10 17 103 117 92 76 24 7 53 71 24
    60 22 51 27 115 49 26 88 109 61 79 69 103 14 55 97 93 8 29 127 17 0
    40 105 104 77 55 48 85 44 86 23 14 35 101 2 13 88 54 41 104 10 100
    10 96 75 25 12 126 63 118 83 89 57 27 93 13 5 65 117 118 75 45 59
    121 27 99 76 17 55 73 49 93 88 59 45 67 98 120 90 84 39 99 38 53 7 1
    111 16 9 111 76 111 51 12 15 3 114 126 109 119 122 124 96 51 100 52
    111 55 30 32 90 61 62 1 52 110 42 92 16 32 67 7 50 51 39 78 37 74 96
    24 13 59 37 47 115 38 32 117 25 60 91 95 14 38 9 117 33 22 33 24 1
    24 41 111 65 123 59 5 10 119 103 105 117 111 28 38 82 13 52 45 34 13
    31 98 53 103 127 101 59 57 98 117 100 32 32 3 16 86 88 82 31 114 51
    17 46 105 31 3 92 30 99 77 35 72 99 114 28 14 37 38 119 125 52 95 99
    103 5 114 37 68 23 18 39 113 33 95 63 10 102 124 78 13 1 93 105 44
    80 117 55 104 11 103 106 65 97 33 19 57 28 73 26 60 93 6 46 11 127
    47 32 113 103 5 15 110 89 110 10 65 126 62 11 48 91 1 98 59 14 10 13
    53 20 34 13 97 120 38 47 8 76 69 94 85 38 122 62 124 87 114 6 7 77
    25 46 68 17 64 88 86 101 34 60 79 61 71 110 32 90 21 1 120 105 86 55
    121 27 113 32 101 26 78 0 14 46 19 45 121 41 30 52 51 126 1 104 61
    71 115 76 67 67 16 72 101 69 115 127 42 126 15 64 10 101 82 59 108 5
    45 22 80 124 117 117 14 28 44 83 2 13 25 93 119 64 85 103 111 13 114
    124 67 81 80 100 46 48 86 92 79 34 57 106 81 59 123 22 69 32 3 78 75
    101 24 118 113 111 110 67 9 9 57 52 69 40 6 29 76 109 111 119 57 79
    124 20 92 40 13 96 41 72 83 80 102 80 101 97 21 35 16 20 118 115 38
    49 39 17 115 51 87 44 104 104 13 50 1 70 52 17 116 125 101 74 20 122
    86 42 105 11 67 77 56 110 110 83 70 61 117 66 36 58 105 86 120 102 6
    125 91 116 4 67 69 27 36 104 17 91 62 114 67 28 36 122 15 85 24 13
    81 47 76 38 64 42 13 81 56 80 107 113 105 115 105 13 104 68 20 12 33
    90 93 40 14 53 119 13 19 107 116 5 43 94 102 91 75 30 110 52 11 74
    60 74 127 27 38 71 68 42 124 20 56 49 66 42 57 113 122 1 44 59 56 84
    64 1 41 86 63 87 82 117 26 6 34 61 48 28 96 95 116 112 95 11 100 121
    68 121 12 75 67 57 43 65 0 108 21 11 87 112 29 43 72 94 13 43 68 10
    35 37 16 75 87 71 96 94 100 90 49 56 94 4 35 62 32 68 95 113 31 88
    55 118 34 75 0 79 63 78 100 101 52 22 24 119 113 23 114 81 27 16 82
    52 43 95 16 108 9 104 63 84 97 46 104 42 70 77 55 83 90 54 54 60 47
    77 26 46 32 30 89 107 121 31 91 108 127 112 81 40 103 25 9 104 123 0
    60 70 24 77 92 61 88 6 69 102 102 49 107 60 96 48 12 49 18 34 6 113
    47 113 62 29 102 83 1 77 38 65 22 74 55 106 100 68 25 36 124 48 16
    123 103 68 30 25 104 118 109 64 4 20 41 7 11 110 74 59 105 116 111
    42 23 35 6 122 50 94 31 110 123 77 124 89 46 91 92 58 71 67 73 35 10
    47 18 70 118 64 97 70 63 30 60 3 104 124 104 26 105 30 108 80 17 63
    14 66 15 2 57 99 112 41 70 108 26 85 8 117 1 77 78 117 80 35 55 108
    49 88 110 79 16 76 9 87 114 61 111 40 76 97 93 24 0 125 97 109 87 0
    66 89 126 83 98 27 34 3 54 65 87 32 17 13 16 93 82 30 62 92 38 79
    102 51 39 27 4 51 72 49 107 88 94 23 64 27 51 86 60 77 14 110 92 50
    68 79 57 119 28 100 123 26 109 98 11 46 48 105 80 58 83 26 77 32 34
    36 74 48 4 17 48 48 54 127 118 91 67 42 120 101 55 33 102 59 29 107
    95 36 114 65 57 77 98 23 17 118 45 102 54 57 1 5 1 22 62 73 5 126 91
    19 65 86 97 102 83 64 13 23 125 61 30 87 0 69 24 31 7 48 79 63 113
    29 93 35 57 94 108 41 121 93 29 18 101 78 62 35 91 9 49 94 23 37 81
    18 69 76 54 46 79 1 45 24 56 92 90 45 126 84 112 118 96 24 41 25 72
    10 30 84 120 104 64 71 21 111 53 28 30 36 1 14 43 21 13 40 90 12 18
    92 93 19 78 65 69 2 108 73 60 48 100 78 56 6 4 26 28 47 120 34 50 51
    39 37 50 113 65 24 50 28 79 99 112 41 31 13 16 41 32 84 40 104 108
    97 127 37 107 115 108 87 106 68 53 65 77 44 2 125 31 70 28 72 34 74
    73 89 106 107 6 26 42 121 21 118 10 72 114 42 111 10 102 51 44 13 4
    113 35 60 31 92 121 125 0 112 2 26 116 35 72 80 77 13 126 95 92 96
    121 39 40 111 17 124 46 94 27 115 70 69 67 124 14 107 118 0 27 86 25
    100 108 112 2 60 61 42 92 39 109 17 37 28 108 47 123 19 25 127 10
    126 100 75 76 50 14 35 42 49 109 39 35 110 104 75 27 102 58 83 108
    101 60 62 6 59 43 76 111 66 45 17 59 63 40 14 72 47 84 20 24 98 91
    23 111 47 37 105 3 24 117 108 19 72 11 60 71 115 41 67 31 120 54 35
    14 119 91 127 71 95 2 120 17 114 101 86 43 42 30 26 23 40 42 39 72
    88 66 21 100 37 14 74 27 39 66 59 57 30 38 122 7 76 75 23 2 122 54
    82 19 92 101 6 70 20 46 36 117 31 18 15 17 73 17 109 106 55 58 120
    16 13 64 73 120 42 53 123 17 65 66 121 15 87 58 111 4 14 103 114 94
    39 74 17 95 12 49 9 73 91 9 23 119 77 97 14 30 30 3 82 16 103 52 113
    125 41 95 19 65 19 31 24 65 97 39 14 76 49 46 121 48 69 104 100 97 9
    88 95 4 23 32 64 30 36 52 77 45 127 72 48 14 124 116 31 118 17 70 18
    86 72 90 87 50 126 20 39 61 44 57 67 76 93 113 124 103 71 55 43 37
    24 24 0 114 50 111 114 116 30 81 115 55 59 114 50 107 87 52 117 98
    72 108 123 94 33 30 101 98 65 24 41 81 96 62 55 45 99 37 64 119 6 40
    3 11 1 59 87 68 11 30 89 69 81 45 97 28 53 57 1 68 2 19 97 91 109 42
    66 27 102 127 35 94 55 97 49 99 9 95 90 58 51 73 1 81 92 25 48 114
    86 127 92 60 117 75 100 99 48 108 17 125 59 16 109 112 105 121 123
    99 127 41 112 73 38 77 71 16 9 90 80 119 20 71 26 89 15 102 84 26 20
    32 125 89 114 17 91 66 35 72 85 50 117 2 103 49 60 62 97 3 44 45 59
    2 114 40 48 86 32 17 111 3 28 10 106 32 93 92 101 98 21 9 80 24 75
    13 111 48 39 102 85 41 20 39 30 15 91 54 80 28 4 18 86 106 88 68 102
    8 86 106 100 125 41 48 86 67 12 97 77 52 57 102 110 109 91 68 105 93
    100 9 66 17 71 33 103 69 3 87 109 110 49 35 118 50 12 104 121 53 95
    118 121 119 68 86 61 1 113 111 10 115 11 72 3 109 118 41 69 15 51 8
    126 124 108 32 16 18 87 115 119 4 73 112 86 71 86 108 29 75 82 4 22
    101 70 78 90 91 115 46 49 37 57 49 97 41 110 34 13 91 13 123 92 33
    115 77 7 23 121 85 104 2 27 27 19 21 19 40 58 66 44 63 99 35 74 89 9
    84 102 84 7 51 2 113 86 8 4 31 100 127 61 17 48 13 123 127 109 57 12
    93 34 42 33 18 124 99 0 77 87 38 58 3 78 72 127 58 60 31 66 101 9 86
    35 15 14 120 14 13 41 102 62 115 36 25 105 91 108 100 34 91 123 71
    24 93 107 63 115 111 6 106 34 9 43 101 10 48 59 0 70 29 39 33 59 56
    78 34 61 25 120 53 96 88 63 41 21 87 69 60 32 71 45 26 48 100 69 104
    57 119 89 0 5 11 90 13 94 85 42 2 40 57 63 19 9 113 35 7 113 57 26
    75 56 44 43 6 115 94 101 95 13 89 22 103 124 6 91 92 81 52 89 7 16
    107 53 127 80 108 41 125 56 27 44 7 65 13 56 99 55 72 64 79 47 43 1
    3 121 24 119 35 4 87 31 77 102 75 100 64 38 121 41 76 108 41 118 56
    14 7 19 57 106 68 89 57 57 59 96 5 90 40 73 111 38 111 82 75 83 27
    43 63 37 72 52 14 123 61 30 56 16 84 36 103 118 37 78 48 52 111 21
    13 116 116 72 85 26 27 57 112 89 16 125 69 47 42 111 67 12 5 104 109
    117 94 14 118 52 30 76 121 96 30 19 32 125 54 113 107 57 10 88 26
    117 110 113 9 40 50 79 47 112 67 122 26 70 19 107 24 28 35 37 1 21
    48 111 16 11 112 87 83 113 63 48 120 56 59 97 18 87 74 90 102 111
    125 83 48 94 121 40 68 15 35 89 58 25 67 10 1 69 100 49 114 37 126
    81 22 28 123 74 58 46 64 58 54 108 103 39 10 86 87 82 102 45 96 54 5
    4 95 30 19 89 58 47 27 55 45 39 22 76 5 110 56 32 54 45 113 105 12
    125 15 115 27 101 43 127 86 3 50 89 43 106 57 112 58 84 22 11 119 65
    62 63 84 21 119 26 126 123 5 116 82 22 37 102 54 81 27 6 51 25 30 25
    66 96 4 60 29 46 48 102 96 111 40 76 2 19 95 31 52 44 27 55 27 99 4
    54 7 117 57 61 98 104 76 5 7 126 123 74 100 35 12 119 56 87 80 86 55
    35 100 60 124 120 68 13 28 81 47 82 25 62 38 74 48 25 124 45 65 117
    127 94 20 101 17 45 34 91 116 70 28 106 50 22 97 36 105 125 20 123
    99 49 29 74 81 38 118 103 2 33 92 106 126 71 97 13 89 77 110 5 40 31
    76 2 10 127 30 124 104 117 29 27 89 52 3 71 74 4 45 57 20 74 25 36
    35 101 0 3 82 108 62 51 112 17 112 117 80 67 92 110 57 85 53 55 39
    52 68 4 18 43 72 121 42 124 96 5 94 91 13 7 105 107 10 84 115 79 109
    30 82 76 102 62 14 112 77 81 81 9 117 49 17 35 15 68 82 54 121 113
    104 121 103 95 106 123 31 76 32 45 14 22 56 77 83 111 62 121 69 107
    125 30 125 5 29 5 119 81 102 23 23 71 99 2 50 67 88 85 45 63 68 73
    105 79 10 52 119 39 36 65 17 16 31 14 76 119 72 109 67 31 98 10 34
    54 48 126 122 58 14 0 18 10 11 21 18 70 80 51 112 27 67 115 15 44 46
    25 23 51 1 125 1 40 126 72 53 70 46 3 108 29 29 11 13 94 127 95 21
    42 9 26 11 26 9 82 88 52 94 104 86 84 29 120 82 71 29 4 73 70 98 36
    15 119 122 38 15 43 3 43 64 66 73 95 65 10 113 9 83 111 25 66 115
    107 78 102 93 3 81 13 77 60 92 68 92 27 109 5 126 58 103 51 5 59 12
    105 93 73 124 97 117 48 127 33 71 123 41 80 31 117 100 24 123 25 75
    75 63 62 8 83 15 77 106 71 91 118 42 108 79 26 70 4 43 50 21 3 96 43
    113 91 120 110 106 2 116 53 107 86 78 84 95 91 37 59 9 104 63 106 63
    2 117 92 33 79 122 10 44 70 72 1 62 44 64 11 48 64 111 81 98 60 53
    43 23 8 81 2 105 81 44 47 25 46 31 17 82 103 67 69 73 100 53 5 38
    102 32 54 33 0 77 75 72 10 43 108 9 45 5 112 119 13 7 56 17 113 18
    15 32 100 26 108 120 125 58 37 54 122 119 61 39 91 114 80 62 72 11
    76 126 4 92 75 54 42 70 32 112 122 32 56 87 92 27 47 92 79 111 68 52
    42 119 9 77 63 120 75 47 37 79 90 18 74 62 75 67 95 21 14 6 108 60
    111 63 108 100 42 58 1 117 49 59 66 109 84 107 4 13 81 101 126 15
    113 105 45 38 123 53 99 62 54 53 90 117 28 55 58 111 16 59 98 121
    100 31 30 98 19 62 80 42 7 113 21 62 61 43 31 71 77 31 126 26 54 124
    18 92 56 121 65 107 84 75 81 12 78 105 1 110 111 71 60 126 116 35 25
    120 57 6 85 29 53 96 55 64 16 7 8 46 77 52 101 15 66 122 73 23 113
    121 31 4 115 21 58 121 76 115 10 6 109 46 70 109 124 17 97 120 14 83
    54 53 115 49 11 7 105 57 39 6 42 20 26 26 102 14 80 102 4 65 82 63
    53 76 91 39 77 7 32 97 88 97 99 9 24 23 126 96 11 25 121 124 41 75
    103 49 114 26 10 66 35 61 99 63 51 48 40 19 96 65 86 77 117 43 118
    11 67 125 2 22 61 80 72 75 45 49 55 11 58 37 110 99 79 33 89 94 61
    94 88 67 77 75 6 32 58 124 36 71 125 28 103 65 59 105 80 127 52 3
    121 126 0 45 106 1 76 83 98 79 112 43 65 116 75 11 22 13 39 16 61 10
    34 111 103 82 118 45 80 11 31 58 122 94 93 109 121 81 22 59 41 2 108
    112 2 100 71 111 90 34 126 36 91 46 23 18 26 55 34 17 69 87 108 4 60
    119 24 43 19 10 82 114 18 75 49 62 19 76 58 91 90 29 97 79 39 32 62
    106 22 68 19 89 6 36 11 24 5 115 106 98 31 49 96 100 21 11 4 115 59
    101 14 3 63 0 21 3 20 102 52 43 47 112 112 39 117 5 111 114 41 38
    124 66 44 96 87 70 119 50 12 71 89 46 43 26 13 116 4 31 90 3 78 79
    10 37 104 55 82 34 62 16 88 77 73 97 62 73 95 34 57 70 119 120 59 60
    90 22 70 11 44 101 20 40 82 122 1 87 10 72 100 46 32 121 60 9 124 89
    13 64 85 113 21 94 68 54 46 114 31 1 116 10 80 18 81 2 78 35 68 28
    30 45 115 91 70 48 89 95 42 50 64 96 63 104 88 45 105 16 29 52 8 81
    28 85 57 35 19 88 63 104 110 12 94 77 59 88 81 8 104 7 92 40 28 49
    113 18 36 97 113 96 42 15 57 119 117 17 37 33 105 62 76 93 40 127
    101 113 93 107 37 51 43 65 121 23 79 23 80 81 36 116 41 34 90 127 94
    79 23 24 14 26 87 4 126 127 127 65 25 119 28 78 51 13 86 85 28 89 98
    16 73 30 18 64 14 12 103 108 70 122 99 87 59 58 85 78 8 25 33 7 37
    58 56 105 76 63 5 91 36 127 108 102 17 79 40 37 72 34 95 48 6 60 85
    3 73 35 63 41 96 2 1 22 27 61 66 29 26 70 100 45 2 90 126 112 12 121
    97 50 103 28 46 50 105 5 29 61 97 105 57 89 80 95 37 8 50 49 90 99
    112 22 61 86 47 96 73 127 116 119 65 101 57 113 86 3 60 117 101 55
    55 85 82 25 116 108 63 29 119 109 33 81 35 127 122 12 2 126 110 0
    106 74 112 94 63 48 93 116 10 60 52 38 49 78 65 56 50 22 22 110 10
    23 114 38 60 12 66 10 80 16 46 12 1 53 58 88 99 29 10 85 76 93 4 2
    117 22 60 72 75 95 126 64 6 79 75 74 80 29 32 4 117 115 8 100 19 101
    124 72 44 92 33 79 27 51 68 105 125 38 106 6 29 80 49 17 39 114 99
    20 34 99 109 95 107 21 95 108 13 85 20 33 103 25 21 19 61 103 55 66
    103 27 104 54 124 78 11 124 97 42 95 121 25 12 21 5 101 103 10 30 76
    68 99 82 108 15 32 39 47 115 97 72 73 113 12 41 108 45 23 124 62 15
    124 114 71 109 116 60 19 23 30 76 70 52 60 57 18 79 113 77 27 39 113
    43 81 10 119 44 97 57 47 114 71 26 55 26 41 51 40 54 20 85 90 18 53
    31 47 70 78 74 118 100 89 101 56 74 33 125 101 95 17 91 18 5 118 49
    28 15 1 58 43 127 60 52 9 50 53 109 119 76 25 50 36 52 63 119 104
    127 69 85 16 20 106 25 114 10 53 107 1 45 80 4 1 46 63 86 90 12 99
    114 81 43 59 111 62 80 33 32 77 70 21 12 127 65 81 91 44 23 26 98 79
    96 10 61 27 50 84 1 56 53 51 43 67 61 35 88 1 77 18 51 45 12 85 84
    85 22 110 19 40 9 88 83 32 22 75 19 94 123 1 96 90 76 29 3 40 122
    107 79 40 59 26 30 65 48 67 36 73 48 26 14 123 74 79 112 44 123 10
    104 118 32 108 45 21 113 103 26 15 10 51 50 106 109 51 127 125 31 22
    46 112 7 89 127 67 110 32 31 81 31 22 25 29 45 73 120 76 67 119 32 4
    82 53 40 68 10 26 44 101 75 59 15 50 115 57 69 31 63 47 95 54 64 8 7
    7 86 59 118 108 113 78 43 98 121 89 34 69 12 44 107 73 125 110 91 60
    38 73 116 29 49 96 87 92 32 116 87 39 96 60 95 123 83 68 37 73 24
    100 17 35 62 26 11 93 56 8 88 20 91 123 117 72 96 38 61 45 127 1 76
    66 49 78 80 59 87 13 107 117 92 92 21 98 70 124 68 53 5 105 68 116 8
    18 48 25 47 124 67 10 46 118 89 1 78 0 29 3 55 95 23 72 106 13 32 97
    33 3 38 73 17 78 77 75 12 102 37 25 98 87 11 37 62 64 61 99 104 123
    55 52 118 68 88 48 90 73 58 20 26 115 72 66 112 42 8 82 91 72 103 96
    55 89 118 49 70 78 87 35 57 39 18 62 8 58 122 20 125 34 1 3 63 87 32
    56 7 115 56 82 115 114 12 46 114 79 25 76 85 84 16 31 74 84 23 24 69
    25 124 48 9 56 123 59 69 23 13 120 113 99 2 89 64 43 102 76 18 33 21
    27 0 119 60 20 60 4 73 66 44 65 2 64 15 54 23 105 6 119 73 121 20
    123 122 74 73 20 56 7 56 67 102 22 112 23 106 107 115 83 126 19 92
    26 43 118 21 6 61 25 97 54 75 123 115 0 85 15 50 2 9 25 112 97 123 0
    25 48 4 115 29 2 3 94 23 39 104 3 66 115 84 125 51 101 29 53 56 38
    17 12 30 67 66 39 53 84 82 104 22 100 9 78 51 51 119 37 34 73 96 46
    93 67 116 112 62 9 24 102 34 29 115 57 87 7 66 66 95 75 5 110 52 18
    50 126 5 50 50 97 26 87 58 119 27 70 25 59 33 14 41 13 75 32 36 66
    38 25 58 49 68 62 32 87 51 5 34 15 16 61 18 104 22 29 66 1 96 22 97
    81 124 119 70 60 106 9 58 67 91 40 110 82 40 71 44 78 90 54 83 97 73
    127 89 5 72 23 53 104 87 67 124 30 6 34 87 3 15 101 58 83 25 24 71
    68 40 26 21 83 40 23 81 39 89 95 8 45 69 19 109 42 89 83 10 61 20
    125 96 27 123 93 110 101 80 47 29 53 55 127 32 22 8 69 3 106 64 114
    17 91 100 119 55 110 25 78 120 49 58 95 28 112 44 35 82 86 115 35 17
    45 122 105 100 15 20 43 108 63 32 5 114 45 117 99 29 0 96 45 75 42 1
    24 10 0 93 86 64 12 100 87 44 7 119 63 32 87 4 113 97 31 21 103 41
    13 110 7 106 40 12 47 94 55 9 97 41 30 44 102 44 126 68 47 78 123
    100 22 16 60 122 35 69 7 41 60 6 125 25 29 84 120 41 127 13 22 66
    107 21 9 31 63 118 63 6 117 41 110 9 90 3 44 15 33 34 124 78 106 29
    98 48 61 80 108 68 15 92 45 26 35 105 23 39 4 49 19 44 58 31 53 60
    61 120 69 107 0 45 82 77 97 58 31 77 54 43 33 56 52 28 57 111 106
    112 51 71 89 91 109 41 107 68 94 46 62 114 118 6 83 67 61 58 49 64
    68 36 94 58 56 112 92 95 63 86 22 102 29 1 48 62 50 94 20 114 57 6
    86 97 63 68 34 22 35 74 109 112 45 109 31 101 41 0 12 52 15 42 1 35
    34 22 39 10 25 32 1 9 46 35 70 63 67 120 106 10 15 52 8 9 40 96 17
    54 35 27 73 99 50 86 22 16 38 77 105 70 53 89 28 43 72 63 64 3 4 39
    83 22 58 111 20 1 47 12 96 68 40 56 74 42 21 81 104 92 121 41 82 57
    78 91 89 31 108 32 17 13 123 0 93 123 124 27 98 23 113 92 58 54 114
    117 30 0 11 67 64 6 95 100 71 113 3 119 66 32 17 82 81 18 76 44 18
    24 63 20 1 98 73 107 9 117 33 60 91 57 8 8 15 110 6 26 68 19 124 69
    110 111 26 59 46 108 70 30 107 99 102 115 1 123 34 87 54 42 103 55
    19 4 85 54 118 92 112 80 81 42 96 20 83 90 16 99 26 112 61 104 93 82
    104 26 47 57 54 66 50 39 26 25 28 107 99 63 87 67 96 77 66 68 46 92
    38 112 76 88 123 11 107 18 8 106 9 37 56 26 48 0 18 47 8 20 49 18 30
    125 125 93 82 60 33 54 114 77 40 58 3 109 98 42 17 14 71 94 53 24 51
    23 117 63 0 115 19 46 45 112 96 94 120 40 104 12 63 117 100 85 75 10
    78 84 22 127 120 33 84 18 6 2 36 106 69 12 114 42 106 32 55 3 9 119
    69 23 99 34 48 72 72 47 32 26 55 77 68 87 76 15 25 6 115 68 106 69
    82 116 12 107 87 49 18 79 16 36 7 42 84 30 36 53 106 35 67 92 19 2
    117 93 104 2 86 70 7 5 84 80 125 85 71 102 2 123 50 36 1 7 104 39 29
    12 85 111 21 6 119 114 19 7 119 21 8 19 48 33 104 35 42 20 80 17 66
    94 111 63 87 100 34 96 86 72 19 119 92 102 110 49 125 116 87 54 36
    48 42 22 108 123 8 109 112 36 120 108 86 38 106 97 81 46 119 48 66
    67 23 57 57 64 86 6 46 57 24 87 48 42 55 18 31 20 15 15 80 59 96 78
    121 100 29 33 7 43 27 52 67 17 59 46 82 110 123 0 94 97 35 49 59 90
    84 64 89 122 0 92 45 5 62 85 3 10 86 8 22 19 116 29 72 125 55 48 63
    127 22 45 85 93 43 80 100 76 59 126 3 54 85 88 67 73 120 16 27 103 3
    64 83 101 108 9 104 88 29 53 93 86 99 73 89 7 45 11 81 105 76 90 1
    111 120 6 4 113 62 21 3 92 99 53 102 82 105 37 108 66 86 124 111 44
    27 115 127 3 34 118 107 50 10 25 36 17 122 14 110 48 59 21 12 123
    119 92 38 16 124 114 15 78 110 99 41 99 102 91 8 11 40 75 28 125 32
    13 87 75 17 116 76 80 37 55 25 10 117 13 118 2 77 4 2 110 17 33 106
    10 4 66 28 20 83 4 60 22 63 63 36 113 33 124 39 116 13 94 15 96 101
    59 5 54 83 95 123 17 116 73 52 71 33 65 23 55 46 50 69 32 62 11 8 68
    13 39 7 84 47 54 67 83 11 3 38 36 125 58 79 38 76 20 39 67 41 61 91
    51 51 8 9 77 16 37 96 30 29 44 11 104 33 57 23 42 87 52 54 93 94 78
    108 62 25 83 92 39 102 33 63 115 11 108 44 74 7 39 123 65 22 83 50
    12 37 18 30 110 15 0 118 27 120 84 73 75 100 81 48 112 109 62 80 20
    52 73 101 102 60 61 121 120 30 95 27 95 70 107 93 91 28 37 50 65 90
    102 76 10 12 55 15 19 31 48 31 115 41 10 70 78 10 122 26 29 97 11 61
    23 33 34 46 1 80 124 44 9 31 72 91 121 62 40 0 17 5 39 53 125 25 115
    15 21 72 40 51 2 99 26 110 109 117 25 37 117 97 27 53 41 61 84 66
    122 11 4 41 25 72 108 110 122 64 46 123 26 108 88 48 53 53 23 92 120
    5 9 100 104 52 105 88 127 28 71 75 1 41 69 82 68 4 77 77 63 6 80 60
    69 124 52 0 24 76 47 119 8 124 46 8 72 123 36 38 70 14 14 84 98 106
    72 48 34 123 24 83 99 21 116 71 0 14 114 124 14 101 122 74 84 92 27
    38 79 57 39 115 1 64 72 17 62 102 124 74 27 15 6 75 8 124 115 109
    123 24 8 80 7 33 99 48 63 68 123 38 99 38 30 52 106 11 84 95 14 58
    119 29 124 84 49 78 37 95 2 123 0 127 35 25 43 10 27 64 122 63 116
    109 99 85 67 77 1 123 84 9 107 94 42 63 93 56 62 103 119 16 47 104 2
    55 108 26 108 6 91 13 126 23 20 84 82 30 84 119 32 77 58 31 78 8 46
    56 103 4 24 53 39 51 28 30 93 127 41 70 71 104 21 88 58 112 121 9 30
    98 6 29 31 12 68 15 97 117 81 95 124 109 114 121 71 90 67 35 76 8
    119 6 87 8 15 55 110 51 25 79 96 67 12 20 1 111 124 104 71 53 44 103
    39 21 78 10 111 126 49 21 9 70 116 71 105 58 0 76 107 14 7 8 59 45 6
    54 61 100 14 7 117 42 91 1 68 56 75 69 113 124 17 88 16 100 107 16
    63 119 59 83 82 76 2 93 46 105 48 51 122 125 102 82 1 90 2 62 101
    110 89 95 49 1 49 63 97 57 101 15 37 4 125 105 51 116 6 26 102 25 10
    33 12 111 42 88 87 118 73 14 8 102 41 48 16 77 28 36 23 91 58 32 121
    84 96 77 122 63 35 12 107 72 40 90 56 124 47 81 71 8 58 51 102 6 88
    49 27 80 6 95 84 93 89 99 83 71 24 73 66 46 77 70 18 32 39 45 53 104
    57 29 61 93 52 77 101 66 25 29 93 81 48 125 105 81 116 82 117 109 21
    60 18 27 112 107 102 89 92 124 94 91 72 102 26 45 99 126 103 65 23
    27 55 24 110 58 9 70 70 84 48 123 97 73 76 118 45 9 125 62 21 75 6
    57 91 121 39 57 24 69 38 65 10 53 88 113 32 74 74 93 2 23 124 57 104
    106 83 43 33 87 117 112 123 1 6 90 74 68 29 73 33 100 15 7 37 119 37
    57 120 80 29 106 38 84 3 97 103 126 57 33 24 85 45 119 4 8 4 87 44
    27 34 15 69 58 94 12 119 16 122 43 73 88 60 22 69 46 32 80 49 38 81
    100 94 69 78 122 42 89 24 43 104 90 21 7 104 35 92 87 86 92 92 5 34
    65 54 124 52 122 100 8 95 4 65 104 46 84 113 122 89 101 23 104 69 0
    112 92 99 39 23 90 117 104 71 25 103 12 92 52 104 13 98 69 78 1 16 0
    126 103 76 123 83 106 20 23 37 121 7 82 108 62 118 35 67 66 24 63 53
    117 37 3 69 96 41 54 77 3 18 78 21 11 38 119 116 118 83 91 58 14 121
    114 22 74 93 115 107 91 9 93 38 96 108 92 14 94 24 90 80 26 18 37 69
    6 34 26 78 114 79 103 108 48 11 99 69 79 104 38 99 122 19 94 81 83 4
    1 29 15 40 12 5 21 90 22 2 20 97 22 93 87 55 19 102 72 91 34 77 87
    35 37 2 33 26 120 105 85 23 27 122 47 99 120 17 43 90 91 118 116 54
    114 98 88 105 87 110 1 43 125 127 28 100 17 119 98 65 14 76 76 122
    61 23 113 37 116 77 127 126 13 86 67 64 83 58 106 122 46 50 23 11
    114 42 45 20 45 114 2 100 29 61 17 68 54 97 31 40 127 56 29 50 102
    88 75 5 107 30 5 62 26 48 14 67 19 13 83 16 24 80 1 89 44 9 118 83
    49 93 107 28 40 75 94 6 103 37 120 49 51 14 123 8 28 11 83 56 64 95
    67 54 47 2 8 37 74 115 93 7 36 89 119 33 34 102 80 114 50 97 66 93
    105 9 39 59 91 3 35 29 69 74 29 2 87 110 111 113 123 91 50 72 33 96
    115 54 15 123 113 87 125 119 0 88 11 60 118 18 89 14 51 86 21 104
    116 111 83 34 64 126 40 27 106 48 22 30 60 113 127 118 93 72 6 32 5
    29 61 94 14 99 1 104 40 82 48 106 80 23 124 96 80 111 11 23 51 100
    112 52 10 113 58 73 104 87 115 92 30 46 10 116 86 90 22 9 11 94 4 45
    26 2 52 117 65 54 55 49 101 72 69 15 88 101 26 10 40 17 85 7 74 104
    106 77 68 111 5 95 115 23 93 120 93 51 92 19 37 71 100 103 3 102 37
    16 10 54 59 81 120 85 7 117 86 89 82 31 57 84 105 84 89 1 72 105 64
    106 78 42 20 7 27 2 97 115 61 84 78 88 106 114 57 37 98 6 86 7 90 54
    92 79 49 26 24 48 72 65 55 24 94 89 20 107 98 15 24 52 13 16 37 20
    121 92 94 92 48 81 120 119 10 50 32 57 53 72 57 63 19 88 62 33 101
    33 76 86 117 2 49 81 38 119 14 55 119 33 11 80 29 25 14 95 19 104 1
    62 80 27 39 93 126 9 8 102 48 57 120 5 38 89 66 79 68 36 107 88 30
    30 4 78 124 120 37 68 88 37 90 53 62 41 51 36 113 86 71 111 73 108
    110 108 47 36 65 89 88 110 118 92 95 89 34 85 43 13 72 78 115 27 13
    86 104 108 40 127 45 44 91 118 103 70 11 5 48 99 110 79 36 110 45 84
    101 6 96 36 22 73 54 124 97 96 18 77 55 117 33 20 124 105 13 82 16
    43 49 95 41 74 16 41 112 19 56 114 115 87 100 55 125 30 77 5 94 33
    108 8 14 73 104 39 19 104 12 109 113 99 62 58 49 112 68 20 112 82 76
    96 95 7 52 32 28 83 86 54 0 42 114 80 72 111 58 34 89 103 98 50 53
    43 21 110 97 125 116 88 22 90 77 113 7 99 9 40 106 16 65 75 17 67 77
    44 80 92 83 52 18 47 109 120 127 127 35 37 10 96 94 61 83 84 123 123
    64 58 46 4 76 19 83 87 105 44 72 14 57 71 80 14 6 77 68 61 83 64 81
    87 52 68 48 110 82 113 13 67 100 47 19 52 34 119 80 59 27 77 74 52
    87 69 7 79 65 117 87 114 69 115 96 105 11 62 101 51 71 84 88 50 3 96
    40 120 44 67 95 9 94 87 93 35 30 123 40 74 76 100 127 62 53 3 20 34
    21 84 121 12 11 114 73 51 63 117 66 45 96 1 126 39 47 68 119 76 38
    84 22 104 69 16 103 8 49 15 9 9 71 119 111 29 104 69 100 12 111 106
    59 6 94 23 108 122 80 98 37 60 85 79 24 77 85 48 96 51 27 98 37 114
    61 73 94 31 30 59 86 111 76 81 36 110 63 1 84 7 114 2 64 44 94 54
    109 90 5 114 12 49 90 70 81 26 49 102 69 69 60 49 79 66 56 7 68 92
    52 51 4 54 39 123 55 15 20 7 106 10 114 39 60 53 106 107 70 61 22
    119 82 64 21 59 59 66 15 94 53 80 37 61 96 56 108 97 75 79 18 63 94
    15 79 21 101 83 4 29 4 47 117 114 96 111 1 84 111 12 20 123 54 77 53
    69 85 121 52 25 58 56 82 16 70 79 45 68 22 46 72 50 97 102 75 125
    125 52 125 53 51 118 42 84 43 51 23 9 96 58 101 22 48 79 29 30 87 17
    104 22 43 75 99 127 23 64 15 57 113 83 54 92 38 120 9 6 124 85 27 37
    30 71 26 54 67 43 102 44 8 117 94 37 61 116 20 49 123 20 31 44 32
    122 49 113 111 91 119 121 115 70 104 121 107 114 25 101 16 36 31 44
    84 72 35 6 120 24 110 53 85 65 94 118 0 32 78 96 108 11 86 77 107 19
    12 53 83 41 0 24 13 66 43 98 95 107 10 83 32 70 52 107 16 70 65 25
    103 82 96 45 87 11 41 82 46 116 7 1 80 28 86 100 31 86 32 95 69 25
    127 83 103 67 71 113 23 118 78 93 96 51 63 121 95 90 109 44 118 53
    81 115 19 68 116 17 83 90 90 61 14 25 1 46 50 66 89 83 125 49 33 96
    15 51 83 74 95 70 25 41 104 47 71 3 18 12 43 60 28 89 39 60 68 101
    65 15 65 95 68 110 84 33 126 8 39 79 111 80 116 23 125 81 5 39 51 84
    90 127 123 0 32 92 4 82 5 87 32 21 112 124 41 108 0 96 125 74 54 58
    26 13 68 15 20 73 104 88 60 76 70 9 83 107 6 97 125 102 2 109 20 23
    74 52 34 21 38 0 115 78 56 18 106 40 27 47 11 38 35 43 126 104 24
    117 29 10 51 121 97 16 56 45 41 28 30 12 117 72 34 35 73 12 3 86 24
    80 12 28 47 73 114 73 124 13 58 13 26 47 89 94 27 100 113 50 70 78
    29 69 67 42 101 30 51 44 74 102 72 31 54 101 16 60 36 110 61 83 91
    45 111 9 97 54 50 80 88 46 52 20 50 41 3 32 88 76 15 33 57 86 36 48
    11 12 7 36 52 120 83 33 126 14 49 125 110 21 125 80 41 6 88 37 100
    52 40 41 125 115 120 49 34 34 55 79 121 112 103 65 29 50 38 119 47
    101 65 108 51 111 102 99 2 111 94 122 24 39 81 15 66 109 45 30 117
    52 86 119 22 25 3 122 16 62 26 20 10 0 104 44 114 105 53 90 63 115
    127 109 76 36 93 25 115 95 20 50 58 8 109 33 59 100 125 48 37 35 78
    38 74 92 27 54 74 3 31 111 21 34 42 9 38 52 95 73 107 81 36 19 84 16
    100 122 85 88 22 31 66 66 116 7 91 25 59 60 61 94 13 66 125 65 3 118
    91 1 96 85 43 111 60 25 120 62 103 81 0 36 49 88 33 106 25 107 124
    90 100 68 42 115 22 104 39 54 45 10 20 87 62 25 31 21 25 65 77 34
    102 67 42 91 39 60 98 11 121 114 25 93 20 68 74 58 16 26 37 75 8 72
    79 11 113 25 120 1 71 34 27 103 62 88 8 17 127 89 50 65 59 22 126 85
    116 108 17 26 95 63 95 70 84 49 21 32 114 23 81 63 15 30 25 0 18 8 0
    127 12 89 118 1 106 24 47 9 56 118 127 27 77 121 3 113 96 31 118 111
    4 88 41 5 11 32 53 43 20 39 78 121 65 26 33 75 52 22 56 82 127 65
    106 11 70 124 114 4 118 5 33 4 24 49 14 55 112 59 36 28 54 4 95 35
    30 25 107 25 3 8 71 32 113 32 63 52 36 74 80 43 71 58 112 16 84 14 6
    7 9 113 96 25 34 37 47 126 15 111 41 90 43 50 76 7 11 100 54 107 109
    22 53 3 15 117 40 40 30 29 93 102 98 50 6 4 64 65 109 25 55 26 72 4
    103 9 39 19 113 28 91 20 11 21 65 45 68 102 86 47 94 44 61 75 109 2
    76 18 2 37 104 107 8 48 57 23 15 69 15 46 82 88 85 109 42 97 6 63 1
    123 83 30 68 44 2 19 70 13 11 73 29 99 57 71 120 96 14 110 1 104 46
    111 55 34 50 105 8 105 42 81 85 28 98 68 58 73 24 92 76 73 11 25 49
    58 126 49 48 124 117 65 118 42 61 94 90 33 111 84 41 55 119 43 31
    100 16 102 82 93 116 73 106 83 101 42 75 74 4 86 24 65 23 26 62 76
    23 64 127 66 20 30 121 39 32 119 101 22 23 30 47 25 38 63 45 71 21 7
    118 62 92 127 60 71 119 119 79 98 126 36 1 83 95 45 81 53 118 93 53
    120 48 81 28 11 95 82 21 40 115 118 36 73 62 127 7 88 16 98 97 34
    125 106 84 20 39 12 52 90 88 15 43 1 28 7 108 48 3 83 79 44 0 43 97
    114 75 85 49 103 60 74 77 102 90 13 17 98 88 40 92 110 52 63 70 77
    30 92 37 58 108 52 52 95 83 12 116 76 103 11 39 38 26 33 112 45 63
    58 21 84 9 81 7 9 63 88 0 92 19 67 25 89 58 98 109 127 115 3 64 21
    95 81 83 83 62 7 7 111 75 55 36 110 114 18 104 126 10 41 15 20 75 77
    81 5 47 95 30 20 108 38 88 2 102 124 127 87 5 30 67 72 28 102 80 14
    119 86 20 46 105 5 5 67 50 109 84 127 49 97 36 125 93 66 96 37 117
    106 92 108 84 54 114 85 56 41 10 74 46 103 76 87 0 50 82 81 59 103
    84 76 64 56 21 126 78 28 89 67 10 16 25 106 103 0 42 11 103 19 44 35
    55 61 60 86 51 50 94 123 77 55 18 113 8 61 45 38 83 112 28 98 27 16
    32 52 120 28 21 9 85 124 110 42 64 32 113 119 14 62 105 3 13 87 46
    63 11 11 23 108 77 93 82 100 95 34 17 110 77 50 37 125 58 20 23 41
    16 61 90 48 2 113 57 20 39 70 115 107 118 121 87 101 1 44 81 10 35
    71 2 22 115 1 55 49 0 97 126 55 27 63 49 79 105 47 74 63 79 97 95 15
    19 4 90 89 27 91 90 100 57 10 94 103 62 41 74 87 72 22 115 50 123 75
    123 65 17 76 78 37 118 56 94 2 82 58 92 14 38 12 115 39 106 55 42 53
    23 93 112 17 46 69 63 57 55 118 21 9 2 92 81 20 55 54 43 96 96 13 5
    94 114 31 92 68 12 46 33 6 99 110 38 106 54 19 27 28 68 74 99 34 74
    99 27 54 100 78 2 117 67 41 0 12 59 12 61 86 18 109 124 6 61 88 70
    26 46 96 80 61 97 46 39 5 72 127 126 78 46 40 93 20 25 91 83 98 80 5
    25 32 59 90 18 83 88 34 67 5 32 57 79 78 21 41 0 24 65 121 124 69 96
    73 33 60 59 76 101 96 36 15 114 58 44 85 65 88 22 0 30 1 29 94 4 108
    4 59 78 92 85 6 109 70 118 121 120 119 110 107 7 107 116 2 71 55 39
    69 65 82 99 117 84 72 17 74 37 106 116 83 26 46 52 38 67 81 98 41 25
    105 109 98 57 100 102 59 88 115 105 81 103 65 23 78 59 100 30 59 75
    61 95 83 14 26 49 13 35 13 31 29 25 126 52 12 114 47 81 36 119 38 54
    26 82 73 122 94 32 42 104 52 26 6 7 51 105 77 91 74 32 68 36 77 40 5
    63 76 37 8 73 78 32 46 7 112 102 84 30 35 20 12 17 77 55 68 80 26 18
    94 26 59 89 22 0 100 76 74 42 126 85 85 46 14 4 105 23 124 85 12 117
    80 5 24 101 98 65 84 42 36 110 89 38 18 42 80 11 18 10 38 20 98 108
    68 117 61 120 61 58 21 32 87 125 22 11 70 45 18 50 23 91 50 0 75 26
    27 48 69 10 0 121 114 69 75 107 58 126 84 118 51 84 111 121 10 78 98
    127 82 90 115 41 99 4 86 127 70 125 78 6 24 114 56 107 45 87 16 47
    68 6 102 33 8 38 73 12 9 43 108 5 36 53 44 11 3 119 55 79 104 104
    117 103 39 86 127 44 27 4 8 119 18 44 81 17 57 29 54 127 111 104 93
    18 127 13 100 45 53 50 98 7 6 118 28 67 24 52 4 54 15 34 126 101 73
    48 45 19 120 11 79 54 1 102 87 117 24 101 74 90 77 33 82 90 47 1 23
    112 113 69 3 39 108 69 74 102 22 37 117 52 41 13 39 91 76 10 100 114
    69 81 125 90 48 75 12 103 34 110 31 82 46 97 78 106 127 15 62 115 91
    74 15 92 110 119 85 51 81 76 99 18 23 29 55 12 103 120 4 78 48 24 27
    92 72 40 102 4 43 116 26 48 16 111 36 49 27 94 17 2 32 20 94 81 51
    85 40 83 63 9 81 84 57 17 2 61 68 74 44 35 25 124 125 15 14 29 39 11
    85 23 109 38 9 29 41 3 124 112 2 95 34 67 78 39 71 36 5 30 75 34 34
    37 39 24 124 46 80 106 121 80 62 39 108 16 27 51 95 34 56 108 63 74
    57 58 114 39 54 69 47 43 99 52 70 114 70 7 20 96 25 92 116 41 82 70
    23 90 30 40 76 7 93 11 114 84 43 122 85 3 17 125 95 85 83 23 3 10 36
    125 39 47 81 104 2 9 44 117 70 63 8 72 29 55 36 84 83 49 55 61 79 66
    91 26 89 21 35 26 53 124 55 87 31 79 72 127 106 114 86 21 116 52 72
    73 61 66 37 71 127 101 38 19 36 101 123 96 22 84 14 115 9 111 94 3
    86 53 27 70 37 72 31 104 19 10 12 84 57 85 57 14 68 116 59 110 120
    25 33 119 75 28 50 22 45 121 124 82 72 76 83 13 94 85 39 49 58 101
    112 13 74 86 30 121 38 5 31 61 7 116 33 109 65 66 120 96 102 94 122
    67 50 1 112 93 31 39 69 24 66 77 62 84 99 60 59 26 71 14 10 37 51 54
    115 109 114 97 32 13 117 54 37 21 86 30 55 35 112 63 63 44 111 109
    104 14 122 31 63 15 19 85 65 127 92 61 28 121 35 20 124 93 84 123 76
    113 126 43 51 52 9 18 49 10 119 82 108 17 118 31 24 75 97 34 60 6
    116 34 118 105 93 33 59 0 2 6 47 48 12 11 5 41 32 10 38 25 70 38 91
    115 35 86 25 17 6 122 23 29 9 15 78 81 110 85 28 55 89 115 97 78 41
    50 98 16 88 69 2 30 59 62 14 111 93 49 94 28 3 49 16 3 57 12 39 21
    14 23 60 47 100 50 84 103 4 93 76 14 93 121 80 100 62 89 85 63 63
    112 1 99 34 109 125 82 112 39 76 56 46 106 122 124 38 84 102 73 70
    23 112 59 113 69 72 1 65 8 64 123 105 106 33 102 37 81 7 31 17 63 75
    62 25 5 112 112 76 49 26 16 44 126 110 114 88 114 58 15 34 22 118 87
    45 3 75 6 29 74 92 22 78 44 83 62 2 119 117 119 52 32 97 95 68 16 48
    43 86 67 101 53 71 37 65 28 49 61 104 19 121 114 49 57 97 94 103 78
    123 66 99 36 33 56 20 62 46 31 108 96 0 73 26 41 26 125 120 106 59
    72 46 52 41 7 30 71 94 53 61 14 3 34 37 98 8 2 120 38 12 18 25 14 17
    119 9 67 97 125 69 26 107 94 51 118 104 104 10 74 2 85 49 115 27 39
    69 92 74 109 89 48 121 57 118 24 117 86 88 10 28 87 20 108 68 126 99
    53 19 8 15 12 98 100 36 102 53 125 9 69 123 19 15 14 82 61 87 73 94
    94 20 92 11 55 60 46 41 15 36 86 70 109 3 16 77 57 39 45 7 78 98 1 8
    29 38 53 38 127 38 56 67 15 44 95 2 106 101 110 39 92 19 61 53 21 94
    13 94 102 118 83 56 114 1 49 26 78 63 66 124 90 105 69 56 110 51 102
    60 55 107 36 76 125 107 125 120 97 125 44 12 24 94 107 123 64 49 76
    125 114 63 38 18 96 107 71 38 34 99 64 108 87 44 87 32 90 45 107 20
    111 13 114 8 44 3 105 7 54 106 47 35 5 76 56 81 17 94 14 29 22 101
    97 34 117 54 47 37 17 89 5 22 113 48 9 39 95 11 20 96 78 97 23 27 38
    44 109 47 82 25 67 118 44 52 26 28 35 87 103 68 55 77 74 55 113 90
    87 64 0 104 6 17 78 63 15 76 22 61 109 69 51 76 43 19 111 109 94 60
    7 0 107 26 6 84 74 63 30 110 48 37 38 48 61 71 23 52 30 95 37 93 71
    21 63 67 88 45 126 27 109 98 39 86 0 61 103 31 97 16 79 47 66 12 64
    65 5 107 93 42 105 30 43 99 77 117 2 28 67 80 69 51 82 10 10 64 126
    39 30 91 75 8 52 113 50 103 42 18 28 127 68 95 57 126 82 52 69 10
    110 27 54 25 42 87 109 98 73 0 104 15 25 37 18 124 78 46 37 69 120
    123 52 79 14 96 19 105 56 80 71 21 41 24 45 108 25 94 37 4 86 2 6
    103 3 51 83 114 86 119 35 47 32 6 102 120 110 33 118 14 65 75 121
    122 23 24 97 114 94 124 86 76 36 23 5 12 102 39 59 34 27 0 74 73 60
    16 23 29 80 72 5 43 30 28 45 29 48 41 97 109 87 106 33 52 3 7 30 36
    34 51 50 11 32 91 64 3 47 39 24 120 58 17 34 83 34 115 10 110 67 18
    55 14 122 30 106 93 34 57 61 109 27 85 38 33 8 60 125 88 90 21 90 60
    16 44 88 117 84 30 114 64 16 41 87 19 51 109 56 1 89 100 93 57 81
    109 6 76 62 101 18 11 86 44 121 80 113 49 122 27 35 68 10 97 120 17
    39 55 104 66 59 78 35 34 51 121 93 70 90 60 46 116 75 85 88 85 58 27
    100 97 66 52 43 95 119 121 48 20 58 51 33 49 41 105 43 114 3 71 29
    57 119 61 19 20 20 63 3 44 38 28 10 33 16 9 33 55 38 4 74 122 93 53
    37 62 73 4 16 6 118 42 85 67 90 112 88 121 36 95 88 13 38 123 66 114
    21 34 84 115 43 38 116 101 41 91 87 94 32 100 112 34 61 106 37 110
    88 42 42 122 127 6 80 120 59 120 13 93 82 84 53 11 3 73 63 71 99 116
    7 2 14 21 93 73 33 76 126 57 123 68 66 13 97 88 78 53 99 68 69 66
    100 63 84 76 92 90 82 119 105 76 113 36 17 111 60 12 125 127 113 75
    76 54 125 8 60 82 101 52 48 126 97 27 63 35 113 92 23 24 73 76 39 10
    74 106 89 50 26 43 67 111 46 41 81 106 28 9 0 77 74 120 85 24 32 108
    110 53 54 108 25 125 56 6 66 125 89 32 20 101 11 122 124 48 116 62
    26 54 40 27 15 81 39 43 2 39 26 24 117 18 119 119 116 18 16 50 37 84
    73 61 124 92 42 122 29 76 20 27 60 71 112 51 68 43 22 94 82 127 104
    22 117 117 60 110 125 60 74 10 104 103 69 84 60 6 103 17 5 45 25 32
    78 78 4 44 106 65 28 36 55 81 125 101 114 115 122 85 114 113 1 110
    53 31 0 60 57 44 24 113 48 63 65 24 107 115 124 89 117 21 89 75 82
    114 11 45 44 30 103 10 54 116 106 87 10 6 45 90 29 14 115 108 115 53
    8 35 116 21 75 85 53 37 13 73 2 115 85 98 26 28 86 11 51 25 29 107
    28 10 105 22 32 37 28 86 94 66 62 24 92 13 109 94 23 28 51 89 58 58
    103 109 67 36 31 45 116 60 114 63 25 43 33 25 105 16 113 0 112 107
    20 25 118 69 82 86 33 44 60 81 102 52 113 111 74 51 44 39 87 55 36
    119 26 88 103 84 34 75 96 103 22 107 85 34 82 23 31 63 96 18 6 108
    23 55 46 11 82 127 88 92 102 103 87 32 90 70 44 45 102 91 115 52 39
    69 98 30 63 5 10 53 26 32 53 48 54 89 40 4 16 115 65 105 103 104 7
    120 39 45 48 105 108 66 12 108 85 102 12 118 42 31 65 9 31 52 30 47
    79 8 35 64 15 27 88 1 104 122 102 16 49 0 93 84 52 125 1 36 90 125
    75 78 54 11 2 30 9 87 87 37 111 75 25 82 100 91 93 94 42 105 8 74
    123 122 36 46 97 84 94 46 106 68 69 0 37 8 104 30 96 2 107 22 84 89
    3 22 69 85 67 62 64 90 33 51 95 109 6 124 78 27 3 42 53 88 69 25 60
    122 22 4 40 27 11 35 23 81 62 33 53 80 11 70 9 17 10 110 112 36 67
    11 18 110 77 106 21 110 62 75 79 101 112 11 53 85 74 68 73 10 2 123
    108 45 113 112 24 76 43 64 25 88 17 94 125 17 78 38 100 84 28 12 99
    75 80 88 117 81 19 33 3 21 48 1 70 2 77 93 19 40 64 77 125 29 39 120
    23 27 109 68 52 75 59 96 26 102 93 117 99 38 43 47 76 1 89 6 93 57
    13 120 95 124 62 14 49 115 112 81 0 83 112 60 28 42 67 41 52 96 100
    82 7 124 60 95 63 7 63 86 84 87 85 60 73 80 27 45 76 49 103 35 108
    40 91 83 18 75 107 82 12 9 27 113 50 45 64 92 115 30 75 54 99 95 73
    12 14 16 17 13 69 96 18 120 28 55 75 6 7 85 47 118 27 115 14 38 80
    68 37 34 29 88 18 48 49 59 64 50 3 34 105 82 86 90 16 37 44 11 94
    113 57 43 21 112 59 13 46 126 109 55 32 74 10 77 19 98 81 30 3 58 52
    83 52 19 57 64 124 100 112 27 88 68 42 30 20 17 125 95 47 82 91 110
    76 1 36 108 96 60 82 39 103 122 90 55 115 4 89 52 64 0 45 46 120 121
    15 23 90 51 20 83 108 52 77 42 101 20 28 126 74 117 41 112 11 119 71
    13 40 8 113 58 110 111 125 35 109 120 56 31 127 77 49 12 26 69 17
    113 21 59 112 113 66 94 92 64 83 59 31 109 98 38 27 19 57 98 44 93
    73 10 121 21 26 102 87 96 65 62 26 122 108 54 6 73 10 45 115 97 23
    11 81 19 51 9 84 74 72 19 113 69 87 9 39 61 118 94 99 5 17 117 101
    32 8 95 82 108 52 34 16 46 23 99 4 16 38 26 115 92 18 15 44 19 83 72
    110 105 72 127 120 48 123 97 99 40 40 78 48 41 103 25 64 27 47 82 79
    42 68 113 53 125 69 11 89 23 127 107 109 15 84 12 93 126 7 31 86 4
    46 126 76 126 59 106 115 87 11 120 72 42 102 53 95 49 120 52 126 13
    23 23 65 47 56 60 4 41 14 21 47 48 29 31 102 78 93 122 24 83 14 100
    81 101 103 73 5 107 46 39 103 69 56 109 72 54 97 9 38 5 107 123 31
    100 35 4 104 35 27 28 90 105 91 18 94 48 109 26 112 83 108 1 36 5 99
    102 18 24 56 108 46 100 13 120 106 4 39 127 37 51 9 106 50 54 7 29
    73 35 21 106 124 123 103 117 119 86 74 1 47 109 74 110 18 107 37 80
    22 64 17 111 122 63 68 5 17 22 71 38 80 40 54 100 83 17 84 8 97 13
    22 98 123 14 45 75 86 25 90 117 65 39 20 20 68 127 67 38 105 67 14
    99 4 107 50 4 107 14 106 117 51 110 32 9 77 120 120 126 66 39 12 116
    86 70 91 112 117 35 119 113 67 91 34 49 78 125 88 36 30 83 98 108 60
    100 106 10 49 11 22 98 104 45 11 112 103 80 89 44 60 7 26 117 126
    121 22 54 40 96 12 54 110 52 18 5 25 26 37 13 104 101 61 56 102 50
    66 83 68 118 100 103 124 90 65 48 85 13 0 17 55 44 16 34 85 97 60 85
    1 107 32 59 38 42 12 120 127 103 39 114 104 79 109 120 75 62 69 56
    10 75 53 11 8 80 37 27 26 77 99 44 12 11 108 29 27 16 30 31 95 51 57
    69 22 96 67 26 1 2 121 122 125 56 60 90 77 57 108 28 67 83 4 32 67
    65 65 58 86 21 4 62 96 12 49 119 10 108 45 56 48 80 111 78 70 110
    120 97 117 62 31 33 62 124 47 117 115 2 24 85 13 59 5 97 86 87 97 67
    26 24 37 69 115 27 48 16 102 62 6 78 91 35 90 81 53 118 113 79 123
    69 51 58 43 2 91 72 32 2 64 59 94 55 124 94 30 7 44 113 15 79 81 112
    108 93 75 64 119 34 67 9 96 108 72 38 90 49 10 85 31 100 119 14 9 86
    48 16 37 99 8 120 68 31 117 65 106 51 30 50 102 121 64 108 115 39 76
    61 46 25 79 122 121 107 54 92 30 56 45 72 12 120 70 62 56 79 59 28
    112 33 63 6 90 97 113 122 92 84 126 34 127 89 65 90 58 9 20 82 73 68
    120 14 22 35 91 13 98 24 20 118 14 32 104 96 125 126 106 32 123 1 83
    9 28 7 91 104 44 85 110 84 14 125 70 41 54 105 60 35 15 0 97 79 83
    40 45 1 50 108 117 122 104 108 45 95 34 7 10 45 94 53 38 126 21 79
    34 49 59 39 11 121 16 101 115 46 97 9 100 74 70 124 14 8 61 114 33
    69 25 71 37 49 113 68 69 3 81 116 63 102 71 76 71 116 65 108 57 46
    37 95 14 102 34 53 74 49 86 11 122 87 69 71 34 24 50 14 7 10 120 100
    20 38 64 69 104 20 52 36 62 36 121 55 54 37 111 116 80 64 30 87 69
    69 65 91 38 68 81 56 20 43 95 14 27 72 13 59 105 48 33 24 104 73 59
    35 40 86 46 59 27 79 62 77 86 68 51 40 12 55 32 4 45 59 78 68 110 63
    32 20 82 104 56 49 22 88 11 8 89 126 119 1 106 44 13 106 31 86 56 13
    38 13 25 111 27 96 92 78 21 38 76 48 25 1 13 125 120 16 108 76 42
    105 3 64 24 72 17 0 57 92 10 29 125 25 0 96 84 98 22 101 86 7 119 38
    56 71 99 94 69 102 51 87 112 90 63 71 81 64 67 126 111 11 42 47 42
    74 8 62 112 58 56 108 103 41 40 73 45 9 44 97 15 127 30 65 4 120 68
    55 66 7 107 33 101 36 32 66 113 70 105 62 75 41 31 1 85 10 47 92 67
    15 41 1 43 8 22 70 87 80 86 106 89 127 1 121 43 92 9 26 13 114 15 34
    3 76 73 62 53 7 56 36 83 58 33 69 88 108 7 37 51 100 52 80 104 27 61
    30 63 6 92 83 16 107 4 39 19 95 42 1 38 55 64 125 115 52 2 66 95 20
    115 5 59 54 20 35 43 27 99 8 16 17 118 33 25 34 108 95 33 37 8 126
    47 106 34 43 63 11 44 39 50 40 57 89 42 24 95 45 38 43 28 36 90 115
    115 8 107 96 26 3 105 53 11 14 83 54 66 98 95 95 68 120 123 65 4 36
    64 122 52 26 56 45 125 10 48 113 49 71 16 10 79 76 51 108 20 126 8 5
    50 87 14 76 83 86 120 32 74 50 117 93 45 56 106 77 43 23 52 13 86 71
    69 80 109 107 117 46 69 114 71 20 84 11 54 97 4 38 84 116 59 20 62
    102 41 14 70 101 41 16 68 63 58 110 57 16 69 82 126 106 25 94 23 87
    27 67 89 56 90 104 54 93 120 110 70 122 11 30 97 77 26 32 80 24 44
    99 76 35 63 36 63 65 78 32 52 18 34 100 44 70 49 103 71 42 122 92 77
    105 90 14 74 40 23 51 85 2 66 73 112 12 40 81 89 21 75 26 68 37 79
    14 78 27 56 80 41 119 8 124 0 54 80 40 38 56 28 123 80 51 67 51 55
    63 15 71 90 4 74 52 127 86 33 49 36 91 7 116 23 17 5 99 21 15 41 102
    28 72 77 108 81 55 97 22 65 75 88 71 86 126 17 34 74 59 48 97 69 2
    52 8 58 16 84 88 29 31 124 2 8 15 121 74 119 64 65 1 35 19 78 3 121
    79 121 21 111 126 38 97 78 6 92 54 55 111 20 95 20 107 100 70 113 66
    43 124 56 52 69 75 106 121 23 120 5 23 18 27 19 5 33 81 20 71 100 8
    3 55 50 25 2 9 83 55 71 35 90 87 114 122 122 16 23 87 28 63 86 35
    105 51 30 56 39 32 124 123 121 52 29 92 100 123 21 44 53 74 79 58
    116 80 53 50 126 69 127 79 53 33 12 95 23 70 36 93 0 16 12 96 125 1
    32 98 34 94 107 45 78 119 112 18 93 67 101 79 55 60 66 6 60 5 20 98
    103 86 117 35 37 3 112 45 62 97 20 93 78 46 107 0 98 63 13 70 62 5
    94 6 98 50 53 7 35 57 49 9 97 104 108 127 75 18 25 109 87 23 47 26
    54 49 100 126 67 59 109 85 6 53 61 67 100 120 55 45 126 126 46 39 82
    26 72 127 83 0 98 60 90 44 32 85 80 36 109 57 36 107 43 104 122 47
    91 118 61 53 17 40 82 32 44 16 85 49 111 93 64 62 42 95 109 9 70 94
    116 38 42 47 12 50 46 45 41 110 38 92 112 74 37 35 83 69 97 76 115
    111 57 47 35 125 108 3 15 15 38 121 12 44 31 84 125 11 80 118 27 35
    53 114 90 120 39 111 110 112 27 84 27 48 104 12 67 63 23 104 73 16 4
    16 38 95 50 30 17 82 87 23 29 95 56 114 44 3 23 39 13 59 13 17 122
    74 122 63 119 83 121 44 70 69 124 101 71 78 4 67 16 90 37 9 63 20 56
    106 21 77 54 126 80 66 25 37 125 102 107 84 82 50 103 27 98 64 59
    117 96 76 26 50 42 10 16 2 42 42 45 0 9 17 22 43 93 118 7 69 110 120
    8 25 52 103 59 4 20 8 83 55 85 64 97 43 45 41 108 85 121 27 119 46
    68 81 26 127 42 94 113 80 5 21 14 84 34 31 107 67 126 109 27 49 88
    20 73 74 65 14 127 26 125 19 38 32 12 12 28 38 77 39 51 44 1 16 76
    65 26 36 119 96 77 109 86 96 112 122 86 92 104 41 54 16 100 74 95 95
    85 101 31 115 110 24 30 100 59 27 116 11 34 9 125 49 51 87 21 35 61
    3 24 50 101 100 89 114 127 38 118 23 16 4 42 66 104 106 2 104 116 39
    36 97 72 75 47 66 58 50 51 87 62 57 14 38 23 11 53 73 52 58 62 34 35
    106 107 5 126 22 61 8 66 1 89 16 22 79 99 117 79 21 12 116 59 71 120
    114 7 96 30 106 75 0 44 57 125 55 54 18 61 70 76 91 87 121 81 52 45
    15 50 60 106 124 30 66 41 17 95 100 59 36 95 124 36 51 74 107 36 99
    90 39 10 16 24 121 3 78 117 118 26 37 29 95 101 122 115 101 9 69 28
    18 19 43 101 59 21 102 88 4 113 8 8 94 16 16 103 115 41 24 50 126
    126 4 104 104 49 3 1 70 15 82 65 102 3 9 50 17 18 106 119 54 6 81 74
    105 119 93 88 112 92 18 78 11 122 106 13 84 86 22 75 105 10 70 16 21
    95 29 27 12 57 15 88 72 9 108 78 53 98 25 86 121 110 69 78 7 1 57 85
    78 17 100 97 42 38 117 91 11 23 62 6 116 22 87 106 13 115 101 18 112
    57 125 24 60 49 29 24 126 86 3 94 61 87 125 29 51 84 34 88 99 111 94
    21 46 13 101 34 100 57 67 116 6 115 73 92 127 102 49 18 93 67 2 66
    113 71 125 127 101 57 45 7 107 60 41 14 125 116 114 50 60 46 80 40
    97 23 8 20 9 72 40 22 95 69 55 41 76 21 8 81 106 79 6 108 29 47 62
    51 32 59 42 88 86 61 71 91 117 55 124 45 40 89 104 71 39 99 83 84 0
    85 115 48 87 45 119 86 96 90 107 104 65 37 75 78 26 72 106 121 54 96
    45 96 50 43 56 18 36 77 46 46 64 10 80 85 84 61 59 125 27 47 33 105
    31 96 106 69 43 113 24 14 86 123 60 70 39 99 22 48 98 61 14 47 80 4
    57 50 77 68 7 92 39 79 125 44 53 1 15 36 26 16 57 10 5 69 83 119 32
    67 100 92 119 7 18 87 29 2 24 83 2 9 36 26 92 21 119 30 114 120 6 58
    110 86 32 72 37 64 88 123 10 50 108 90 46 44 70 5 7 101 121 81 51 17
    89 28 98 89 80 123 101 98 111 111 58 28 35 16 29 57 67 113 1 34 36
    79 95 15 73 2 79 29 12 113 87 14 40 122 2 37 123 77 55 120 99 67 73
    36 48 116 50 127 85 16 30 7 33 20 18 91 69 38 89 81 46 90 20 121 25
    109 97 96 1 60 12 125 52 75 127 51 13 92 33 78 109 81 60 59 48 76 16
    68 91 117 40 16 98 15 10 55 108 8 110 116 17 24 125 1 119 33 108 118
    36 125 102 45 22 47 52 8 18 4 93 55 8 11 106 109 94 115 12 117 72 50
    12 23 62 44 114 80 64 16 127 34 48 106 56 32 14 38 41 4 100 3 9 86
    83 83 124 55 53 3 112 45 122 72 124 37 85 102 37 94 81 99 31 29 9 59
    98 60 46 104 81 83 1 126 9 79 109 30 63 9 66 81 9 121 124 116 76 105
    47 54 65 59 93 33 4 25 53 25 105 31 71 81 90 84 86 108 53 64 35 127
    114 44 31 67 5 42 21 86 5 24 60 73 11 94 119 47 4 107 115 105 27 31
    31 118 13 71 119 119 1 101 0 83 35 22 44 94 12 81 103 22 82 86 93 23
    29 84 112 124 20 80 50 52 67 84 83 40 70 15 22 86 79 50 108 112 107
    84 72 29 55 121 127 29 60 115 74 98 99 76 115 59 16 17 11 74 28 65
    30 29 47 17 64 26 113 48 65 77 46 121 38 52 45 4 112 100 103 60 35
    20 52 100 22 114 57 123 64 86 110 76 84 71 109 10 52 72 117 126 11
    96 110 43 73 112 123 75 9 108 84 101 89 38 29 46 34 123 65 30 53 115
    15 7 41 113 64 101 16 80 4 25 117 117 115 17 49 2 24 46 20 11 22 123
    119 36 101 78 67 19 78 103 91 50 52 125 5 18 108 86 21 7 35 8 80 47
    52 67 70 109 9 119 110 57 37 61 7 104 91 13 59 47 39 78 12 38 114 41
    22 112 110 61 119 59 117 72 46 65 68 34 23 116 118 83 105 41 23 44 2
    91 2 8 34 79 9 112 124 28 27 34 121 37 9 124 49 41 87 38 74 110 77
    117 57 13 98 32 47 66 107 112 32 23 14 108 61 5 103 122 46 52 10 14
    66 15 20 98 67 31 56 117 72 16 50 97 112 127 31 97 67 122 84 102 10
    114 22 84 87 45 80 77 63 22 31 122 43 62 33 105 110 10 11 56 45 74
    124 46 103 17 76 62 21 32 119 100 28 127 85 23 87 18 79 66 31 45 9
    46 74 22 88 56 44 75 32 110 101 62 126 64 78 12 53 116 2 110 66 8 53
    18 30 18 49 82 26 3 68 99 114 71 70 12 22 88 48 18 79 49 65 118 16
    38 127 49 98 114 25 12 87 34 37 55 89 120 44 108 106 21 122 69 33 51
    58 106 118 108 46 43 97 46 1 93 25 121 63 89 3 100 116 3 22 94 82 33
    104 111 16 116 122 30 83 78 31 13 81 37 26 103 87 18 109 114 96 105
    98 8 114 93 97 17 32 84 64 77 44 26 98 38 116 50 2 103 93 95 98 5 56
    110 123 57 14 60 37 54 65 99 43 47 85 52 101 84 103 87 47 35 104 93
    123 120 31 109 39 72 43 23 56 30 83 56 102 87 0 113 83 33 41 66 91
    99 36 57 96 104 102 91 47 22 108 68 39 15 32 80 76 36 43 72 14 102
    63 94 118 97 122 34 10 49 108 10 25 50 99 62 37 59 88 47 39 87 12 28
    16 5 127 98 114 122 45 83 111 36 4 21 117 51 16 14 82 21 54 29 76 84
    41 80 109 110 58 29 76 126 56 116 79 79 74 10 26 72 106 119 111 58
    55 88 11 115 47 75 112 60 74 109 99 98 113 116 24 78 35 9 48 1 108
    33 23 101 39 7 61 95 52 3 24 95 6 70 33 39 55 2 63 114 2 25 109 123
    13 16 54 14 12 56 85 39 114 57 115 71 16 83 64 101 24 13 120 7 109
    94 119 14 102 51 21 104 60 77 3 109 76 44 100 97 98 81 39 27 19 110
    48 21 73 39 28 90 107 9 74 96 11 6 100 98 43 64 36 41 106 59 11 64
    64 31 28 32 58 104 96 98 47 83 41 53 24 95 99 33 20 82 80 103 98 117
    45 81 69 4 43 73 28 126 62 3 64 62 100 8 111 52 2 105 14 41 86 29 39
    90 85 35 86 86 67 40 126 12 114 83 102 10 87 89 20 45 22 4 119 107
    91 10 91 59 18 37 93 116 54 73 118 94 39 110 66 10 108 47 50 119 114
    89 32 7 9 91 49 2 89 81 98 78 46 42 37 112 32 73 55 122 42 50 52 64
    126 1 79 102 10 12 15 108 45 85 29 101 14 67 67 98 25 78 47 127 82
    81 121 18 58 102 87 68 94 33 36 20 70 63 106 106 63 62 49 80 15 23
    103 62 35 68 29 38 10 87 108 88 6 46 76 31 35 77 76 73 125 61 115 0
    58 84 85 108 48 70 57 34 97 74 67 92 67 13 24 58 62 22 57 104 74 58
    67 57 33 83 63 74 39 39 23 91 47 37 69 99 89 74 31 87 61 126 37 28
    33 8 117 54 52 21 119 72 20 109 39 0 69 73 111 112 69 116 116 123 47
    96 60 14 0 82 13 105 93 10 87 25 127 122 73 45 58 3 72 70 37 112 64
    63 123 90 36 25 75 97 40 97 97 59 15 81 103 78 70 52 121 89 50 66
    103 40 42 44 83 20 1 32 89 97 125 16 30 82 46 63 82 87 112 54 24 35
    31 115 18 72 78 111 7 37 85 8 12 58 109 13 10 43 21 2 79 44 121 74
    107 73 84 54 60 23 114 10 86 56 27 101 29 69 118 76 2 82 7 58 105 27
    31 7 3 116 13 44 53 19 14 25 111 43 61 45 75 26 127 19 93 30 35 86
    105 33 30 108 72 94 120 86 16 47 16 23 42 57 63 13 41 14 102 80 91
    20 24 46 30 112 80 66 75 107 107 88 81 87 15 80 113 85 61 43 92 53
    98 57 97 104 6 41 16 70 116 70 126 102 87 34 97 33 1 100 49 29 83
    126 4 19 64 64 117 108 36 115 81 72 18 94 111 17 65 114 78 77 114 78
    88 38 7 110 0 5 35 45 44 52 76 16 33 40 69 111 8 93 69 123 65 75 63
    84 104 75 32 106 71 9 13 21 34 3 41 116 39 29 29 102 104 82 35 37
    121 108 92 6 35 40 47 93 122 4 70 98 36 105 123 60 30 50 85 90 126
    104 89 22 104 102 38 63 21 16 48 118 105 76 81 90 61 33 2 61 119 126
    13 9 75 65 15 85 64 99 70 26 102 124 14 35 76 36 115 80 60 56 18 46
    69 126 106 66 40 76 38 16 110 64 8 1 18 117 25 105 94 105 96 83 126
    39 21 37 76 107 113 58 71 70 76 33 94 63 36 106 53 18 84 119 39 112
    29 57 82 21 8 68 77 48 37 101 73 119 64 104 63 72 127 22 101 24 53
    37 72 48 74 103 109 23 47 32 109 35 99 105 34 77 64 22 39 30 53 42
    47 65 8 118 119 87 92 86 30 91 3 35 43 51 80 27 5 94 21 36 54 61 9
    67 31 62 29 80 57 45 30 35 71 30 15 86 70 54 6 105 97 70 23 37 57 26
    115 31 1 126 65 9 117 75 39 74 7 14 120 10 64 96 94 90 97 7 75 70
    105 57 74 21 8 113 81 119 15 93 38 123 105 97 24 89 119 63 7 62 28
    41 2 123 12 117 56 116 60 17 81 70 73 120 72 103 51 95 127 42 6 14
    81 114 91 73 125 13 108 99 57 111 113 93 16 4 47 29 30 4 35 77 121
    63 117 89 41 80 106 72 41 58 52 16 66 90 121 80 43 36 26 77 78 38 28
    1 15 105 50 3 46 38 47 35 106 57 34 16 88 36 117 38 6 54 107 20 87
    14 85 3 9 85 106 54 24 57 77 3 5 4 123 80 106 101 111 66 67 46 102
    113 22 17 75 124 49 66 33 43 84 41 47 24 98 123 82 100 88 27 82 81
    20 10 93 119 21 123 116 123 72 30 71 74 76 66 63 96 39 65 87 118 62
    93 9 66 33 64 17 91 79 125 66 109 1 85 1 8 99 126 113 115 113 31 34
    71 67 72 18 108 31 21 64 60 11 122 61 115 29 50 96 100 105 21 84 24
    41 46 93 81 120 84 75 99 2 67 60 44 120 117 66 44 89 111 116 115 96
    28 37 36 12 31 51 83 64 102 52 66 42 44 33 85 107 112 4 119 65 27 9
    57 107 74 27 1 18 96 46 31 62 9 121 110 22 120 76 19 91 127 23 29 99
    92 20 103 73 14 56 40 111 40 36 17 44 119 47 106 30 67 127 1 98 127
    76 119 16 35 78 14 51 88 105 123 53 109 91 10 74 91 10 41 7 35 73 26
    68 120 61 126 111 122 35 125 37 86 69 91 47 7 122 106 91 94 75 30 57
    117 25 82 56 62 55 65 119 56 79 26 96 17 26 68 69 66 49 57 70 104 72
    7 1 89 41 76 126 107 89 20 31 41 58 74 53 66 14 80 20 0 0 43 99 100
    75 49 48 92 10 49 13 4 45 125 117 89 20 24 54 41 50 82 61 88 41 40
    42 81 66 78 3 14 112 41 10 38 8 23 19 42 44 65 2 27 51 29 25 101 79
    97 49 123 38 55 9 69 16 48 5 78 43 72 125 64 53 1 97 123 95 98 7 87
    125 76 126 40 124 35 44 98 6 5 92 29 74 98 82 35 72 21 63 12 75 8 70
    123 79 125 124 117 39 81 4 98 29 114 74 8 9 65 108 122 9 46 34 107
    12 22 18 33 67 113 52 108 88 7 104 105 114 27 33 126 18 5 50 3 97 35
    76 84 17 69 83 62 101 99 100 107 117 15 88 51 74 81 90 79 6 76 124
    27 8 112 96 22 48 98 86 19 76 92 91 109 5 28 101 40 19 65 61 122 24
    46 53 37 84 48 88 24 33 112 53 68 91 77 127 28 107 48 8 77 42 70 3
    13 1 43 113 50 127 35 10 87 46 62 75 121 121 24 108 88 8 90 58 39 43
    11 34 41 66 28 97 84 98 106 90 28 16 33 30 57 56 55 24 119 12 119 69
    46 0 116 7 93 37 22 33 62 92 62 77 17 11 20 51 97 12 88 95 97 47 34
    50 44 17 24 44 31 92 56 104 33 110 56 115 9 19 119 74 5 34 70 103 65
    63 122 89 7 63 20 9 14 97 85 112 21 22 84 57 34 85 63 67 52 29 91 62
    76 96 93 46 115 14 96 27 96 25 27 17 80 69 88 32 49 115 39 51 113 42
    89 3 79 94 2 15 62 18 110 97 40 56 97 76 31 108 8 36 23 5 39 56 90
    126 56 39 28 63 76 13 56 105 115 1 13 8 97 24 61 78 35 65 79 79 124
    121 22 72 67 80 30 38 7 71 31 91 18 22 124 16 40 84 95 46 41 40 21
    56 56 97 107 93 85 35 17 12 18 104 87 2 3 61 70 2 11 113 11 0 84 116
    51 101 32 36 103 122 61 54 57 66 62 29 11 26 48 34 87 79 4 29 54 0 9
    56 66 64 97 91 126 60 55 36 117 109 43 23 120 31 113 79 4 31 54 111
    109 85 65 72 124 65 98 78 71 100 21 96 83 116 25 72 87 89 51 10 68
    86 6 126 32 66 9 37 80 109 5 126 32 38 50 12 66 4 109 109 100 107 39
    23 45 18 74 93 120 62 73 67 112 6 81 15 33 78 120 119 3 21 99 113 38
    82 108 24 101 19 74 82 83 108 111 72 110 68 24 126 4 100 90 47 10
    124 20 71 15 87 115 51 75 87 106 82 20 21 98 46 24 27 84 79 21 5 70
    56 38 16 71 49 31 104 17 22 13 76 50 60 83 1 30 100 107 20 29 44 107
    90 64 40 93 38 73 95 111 97 30 100 2 99 102 40 91 124 94 12 112 111
    48 65 52 21 94 18 115 82 48 13 71 103 24 73 68 68 126 87 30 103 68
    78 59 79 102 72 7 95 41 89 105 25 121 17 3 102 9 115 76 123 31 48 33
    125 74 118 80 97 49 91 112 48 122 68 106 108 27 46 38 63 33 54 57 33
    72 127 6 115 51 45 58 85 24 26 42 24 32 63 79 110 14 61 126 57 14 2
    118 72 82 33 22 70 118 106 100 6 15 23 79 50 53 44 103 121 117 72
    116 18 114 53 22 10 61 49 24 33 12 61 29 51 9 36 81 69 21 95 20 125
    4 81 73 23 126 61 75 90 22 25 111 100 102 114 84 82 120 104 13 110
    118 78 120 102 94 20 127 98 10 18 14 69 28 19 50 72 109 109 47 70 6
    85 50 5 62 23 94 48 102 63 17 21 16 44 51 78 65 113 100 68 18 127 12
    43 74 73 93 0 106 94 109 127 110 67 53 50 121 49 125 87 66 102 42 10
    42 45 25 91 69 106 69 80 3 73 82 118 97 66 8 86 97 106 54 75 110 46
    97 16 89 103 18 26 50 45 47 47 125 126 100 68 57 79 14 65 15 105 11
    12 11 22 48 86 122 71 120 54 72 106 34 99 104 37 41 112 5 54 127 113
    20 91 122 44 84 33 0 124 43 34 83 86 74 102 75 69 42 38 26 45 21 116
    6 13 122 72 58 59 11 83 66 9 103 86 46 33 1 115 99 24 28 47 25 111
    28 94 94 22 63 54 85 69 88 61 33 83 30 119 59 8 67 87 3 53 43 73 38
    103 62 43 104 101 120 24 52 10 68 3 16 5 61 103 9 77 17 100 109 123
    107 93 45 30 76 70 60 118 124 51 52 78 87 111 58 120 96 109 26 124
    87 19 44 30 127 59 38 96 106 113 85 38 48 101 56 87 103 104 127 99
    44 90 29 67 86 76 38 75 21 112 112 57 65 53 76 33 34 94 118 47 15 23
    78 92 118 67 97 7 50 24 66 120 58 8 61 122 26 11 117 16 2 50 104 70
    6 102 50 39 48 96 126 80 72 16 70 118 111 39 106 72 77 68 26 98 122
    105 109 70 86 9 61 69 86 14 38 84 99 60 3 59 46 10 22 87 62 15 6 87
    98 1 8 7 110 3 8 31 6 2 84 95 59 42 66 86 40 65 1 17 114 19 62 116
    26 120 78 118 76 123 66 84 11 55 6 11 3 76 109 96 114 50 56 94 111
    125 104 78 33 75 28 12 45 35 108 44 98 83 87 48 1 11 13 26 30 94 99
    112 80 1 31 122 9 53 18 39 45 120 9 114 110 63 27 11 39 109 68 68 25
    127 114 116 37 115 117 26 126 46 37 69 59 91 30 96 99 55 91 125 21
    77 59 55 25 41 86 102 83 59 74 41 118 58 56 12 32 41 94 25 36 31 1
    100 92 81 43 117 58 26 74 17 100 14 33 60 89 78 114 115 29 5 39 17
    84 109 59 58 30 0 57 53 62 74 68 33 121 97 59 67 4 35 63 66 7 100 81
    115 46 74 79 33 87 22 115 105 77 65 120 3 74 31 76 102 104 77 39 12
    0 113 118 50 42 32 74 70 117 96 77 6 70 59 121 35 36 109 48 85 21 59
    119 109 30 15 68 28 80 30 42 82 70 41 120 66 96 80 20 10 37 29 117
    71 53 31 62 89 22 120 86 127 7 123 119 66 84 111 110 87 21 9 3 92
    125 60 67 77 2 109 1 94 83 34 109 99 17 74 67 126 19 33 49 89 57 105
    37 84 48 39 126 7 96 76 49 92 68 46 12 29 109 48 0 116 85 63 16 12
    118 97 54 63 29 43 13 92 20 91 27 39 24 119 117 62 8 30 126 72 18 34
    16 0 23 65 85 119 25 102 89 33 127 107 11 125 102 95 114 59 28 83
    107 39 122 106 44 117 114 67 72 71 93 71 76 6 118 27 104 76 33 73 81
    87 23 21 75 21 7 26 29 80 30 18 101 116 38 83 6 117 117 94 68 105 19
    6 121 21 81 19 121 30 73 80 25 126 70 53 68 36 83 1 66 55 97 10 1 91
    82 61 89 2 11 120 110 26 103 80 6 23 109 90 109 126 28 0 100 46 53
    55 34 111 92 49 92 91 34 94 106 5 47 116 41 126 35 102 122 22 110
    112 109 95 66 104 108 126 6 99 2 118 0 40 40 8 121 52 117 35 9 117
    51 18 16 123 90 68 58 16 12 81 77 32 83 118 49 125 25 63 35 1 3 40
    86 23 123 39 101 77 108 7 62 27 4 12 62 25 67 91 47 64 24 118 78 30
    34 75 20 107 22 102 59 69 98 75 63 90 109 40 19 23 25 50 89 100 25 6
    22 99 26 124 123 24 42 70 81 6 11 71 100 112 41 116 103 117 22 20 91
    110 65 26 77 17 109 10 122 120 15 96 56 110 112 24 100 109 18 45 0 9
    81 70 113 97 11 29 122 65 113 13 79 117 37 18 105 0 33 115 23 99 98
    37 122 116 77 110 61 104 84 70 37 38 71 100 58 78 40 59 39 107 124
    105 110 22 113 65 53 53 33 101 110 90 22 80 117 21 28 44 127 99 44
    80 90 83 14 28 11 64 2 113 42 22 118 115 39 22 60 109 89 111 43 76
    125 60 108 27 5 37 112 86 55 43 55 36 95 77 90 44 74 45 36 124 53 89
    37 92 22 26 52 29 59 2 101 94 50 32 87 53 43 118 95 30 110 96 109 47
    54 31 50 11 80 4 32 31 53 15 114 51 43 80 20 9 51 26 69 124 79 89 84
    36 44 65 126 90 95 23 4 124 58 127 2 45 101 67 116 49 112 23 109 80
    59 104 121 123 74 23 12 104 52 91 26 64 78 38 126 109 102 97 52 76
    49 54 48 68 113 73 72 108 94 126 117 24 1 82 55 114 91 46 44 107 25
    124 79 118 92 7 77 7 92 127 6 17 3 45 89 45 96 18 86 31 121 35 49 53
    7 118 127 119 106 24 36 78 52 54 34 68 77 60 3 25 34 119 68 12 107
    119 48 33 125 9 123 65 82 97 112 98 33 108 106 70 28 86 14 18 24 90
    59 43 44 69 20 88 37 7 76 78 86 36 65 23 104 51 53 88 106 19 26 2 40
    33 43 40 62 57 3 43 105 65 25 109 78 15 8 88 40 16 7 109 28 89 105
    49 87 74 94 72 118 45 20 91 117 89 53 35 2 123 125 12 75 27 73 123
    74 62 44 33 0 102 20 104 71 101 54 79 13 18 45 64 88 42 61 70 93 110
    70 75 97 107 114 104 126 101 47 84 85 51 0 15 23 116 10 35 27 82 2
    86 86 24 42 23 17 14 60 76 16 40 32 88 2 84 78 38 97 7 127 59 73 91
    116 92 76 76 87 86 32 78 24 53 95 50 22 84 12 25 8 32 112 17 123 125
    11 118 76 105 89 76 51 125 94 16 65 115 82 98 59 91 92 117 22 53 61
    72 95 33 85 111 34 57 46 0 127 11 104 109 61 99 117 16 19 85 17 120
    34 124 108 29 22 50 47 56 87 10 127 4 19 79 13 41 95 32 89 120 69 43
    49 4 49 54 45 109 42 57 89 22 50 110 72 17 33 59 103 83 13 9 126 25
    67 42 46 4 113 29 8 16 8 109 49 49 90 74 24 51 7 106 64 97 39 4 74
    70 59 112 60 92 15 28 18 55 47 105 100 71 26 73 95 90 58 97 80 120
    49 64 115 89 106 29 14 78 2 70 14 98 59 7 2 111 14 58 44 18 50 115
    101 67 60 47 39 9 22 0 107 8 4 19 83 102 33 36 59 54 66 46 69 106 66
    58 17 28 39 34 49 15 16 69 66 126 47 112 22 30 23 41 117 73 89 49 4
    5 86 36 99 44 116 27 39 42 110 42 13 50 1 37 95 108 16 22 80 1 33 46
    99 51 51 75 105 76 121 45 100 107 9 3 22 115 54 62 21 6 43 66 67 3
    12 126 81 21 103 56 48 51 69 20 5 5 52 51 117 75 93 124 92 100 120
    97 17 77 110 77 103 121 81 50 25 53 13 114 80 119 76 38 113 83 9 88
    39 59 101 82 105 11 109 55 82 1 106 49 58 63 16 102 68 5 102 48 105
    52 95 20 46 42 20 5 94 59 94 40 35 22 46 59 102 4 113 113 70 108 76
    102 100 49 55 30 83 36 54 30 2 42 53 52 117 120 24 2 66 50 17 60 81
    12 47 112 5 40 100 79 77 121 99 115 35 56 113 14 82 119 68 52 91 65
    51 54 4 36 14 55 95 89 83 44 99 70 107 127 55 61 71 18 89 66 59 55
    94 17 75 85 19 66 4 8 6 69 31 41 54 65 93 93 97 3 3 63 62 112 39 26
    35 47 107 51 36 101 49 49 5 16 63 1 14 60 74 58 50 87 103 80 115 22
    22 61 54 52 29 75 32 72 45 108 47 22 23 27 6 4 64 4 17 50 0 37 22 71
    76 84 112 115 100 111 113 55 13 18 61 98 73 11 116 47 101 94 113 52
    72 111 127 73 31 32 18 125 84 27 89 55 59 20 1 55 85 120 91 5 120
    110 1 109 124 86 37 114 7 99 68 101 7 126 102 50 13 70 119 105 127
    45 5 27 76 90 110 48 124 117 116 86 9 67 73 117 19 111 82 117 22 56
    76 118 63 23 90 44 3 11 104 106 37 121 13 50 19 77 43 112 30 32 3 82
    17 52 51 127 107 30 126 15 64 75 12 32 124 52 95 75 123 116 29 35 19
    84 91 127 24 1 1 92 115 39 49 78 55 23 127 39 105 121 109 46 124 12
    127 19 2 43 121 113 27 88 67 103 33 124 99 15 123 6 34 123 2 56 88
    103 16 59 28 88 74 92 52 74 86 7 17 6 14 123 108 89 100 9 72 3 58
    102 115 34 88 5 127 89 104 102 100 108 32 32 12 7 62 104 1 73 120 96
    71 113 95 25 113 124 45 109 38 114 2 98 74 14 23 69 30 76 51 103 60
    32 78 109 33 53 96 31 44 72 66 53 83 32 14 89 70 24 114 78 22 66 31
    116 127 97 21 77 58 34 6 58 82 71 80 43 127 110 42 36 53 26 74 99 49
    66 68 115 115 103 31 58 38 96 37 4 12 119 49 33 56 34 115 19 88 66
    97 57 36 75 20 2 6 26 123 54 42 80 121 113 57 30 109 46 117 115 0 25
    42 117 122 26 119 22 95 83 40 72 46 12 124 66 61 127 122 25 64 82 39
    43 113 16 73 64 45 116 43 14 11 90 90 100 35 101 2 17 117 125 84 21
    83 47 81 32 37 97 54 120 101 65 84 61 36 101 84 49 6 79 107 52 63 6
    67 84 1 39 91 127 96 83 21 34 110 92 101 101 33 114 41 107 78 38 102
    120 96 84 111 80 100 81 14 60 74 76 68 19 127 86 35 17 119 58 96 54
    69 71 74 67 44 40 99 71 101 1 25 99 98 93 79 80 71 80 31 68 9 46 58
    25 52 49 42 102 49 41 38 52 24 55 13 73 109 1 108 121 91 111 60 87
    127 110 47 77 39 51 111 32 112 113 51 28 120 123 100 13 88 48 63 118
    66 53 1 18 81 21 18 96 86 100 89 57 69 46 112 73 17 74 94 50 6 10 10
    8 96 88 55 93 97 24 94 84 71 72 95 51 84 5 71 89 33 110 35 118 37 29
    93 11 47 56 105 55 3 22 67 19 46 77 72 95 66 48 44 6 86 88 40 52 54
    88 127 51 75 88 37 25 33 23 54 87 16 95 44 17 21 106 50 45 123 50
    112 71 40 49 124 115 109 21 27 86 62 102 94 117 72 53 32 81 36 29 10
    33 44 38 82 60 93 46 45 18 75 126 100 5 0 103 125 19 0 3 23 78 83 31
    71 94 7 42 92 57 70 55 123 98 8 13 92 110 105 13 108 93 65 65 63 100
    117 29 76 121 115 31 17 119 80 43 24 46 0 102 41 93 58 80 66 113 0
    92 59 17 44 124 59 100 67 85 51 75 1 84 87 51 10 41 62 89 82 30 94
    79 100 55 81 91 38 92 74 73 44 102 13 113 41 103 64 64 31 13 64 116
    12 113 53 34 11 23 78 127 86 23 124 78 70 83 124 23 67 41 9 71 29
    121 106 68 120 27 86 36 99 103 41 30 104 92 51 95 51 105 76 0 23 37
    9 60 108 21 89 33 114 33 43 93 13 36 39 74 49 74 59 48 118 65 39 114
    55 18 40 62 104 119 123 81 111 56 17 30 12 24 116 16 52 84 109 55
    121 70 104 104 70 92 122 40 20 65 64 113 36 44 44 35 102 65 71 64
    108 86 26 110 76 104 46 109 101 112 116 56 70 35 21 121 106 91 30 60
    92 55 41 60 24 90 21 114 33 77 16 10 21 54 109 106 68 82 60 67 57 37
    33 43 103 16 107 39 30 103 95 17 91 114 8 124 120 47 103 118 13 89
    86 27 87 118 120 29 80 75 101 112 111 91 89 53 57 43 121 52 112 51
    90 41 52 127 120 92 69 9 30 89 123 90 8 19 89 99 2 115 98 103 123 36
    44 112 66 18 92 49 4 19 78 17 57 53 114 64 65 97 44 99 112 36 82 52
    23 26 36 35 45 35 5 61 53 19 112 65 4 85 10 100 77 82 88 115 83 22
    93 22 43 105 94 3 127 38 119 16 2 28 97 93 67 53 103 106 19 81 94 70
    57 37 1 120 57 0 5 103 44 5 96 6 88 95 27 89 43 91 126 35 19 24 124
    79 17 28 65 65 107 62 77 21 67 13 123 72 118 59 102 75 122 109 107
    52 105 122 76 52 54 66 82 123 18 79 110 112 126 106 25 59 70 18 59
    11 86 42 23 118 31 16 2 120 24 77 122 36 79 29 91 107 44 84 54 1 54
    89 108 110 43 113 100 77 29 13 48 28 58 82 80 113 101 2 88 32 54 55
    62 91 112 27 16 88 79 17 27 23 1 68 68 30 100 124 34 22 33 122 59 27
    121 30 122 121 82 89 111 106 65 26 16 56 39 20 29 65 78 126 17 94
    102 100 98 6 47 72 29 41 72 105 7 17 123 51 105 116 49 126 126 62 55
    84 0 110 48 24 110 0 107 93 63 119 17 110 7 116 17 110 90 14 48 109
    71 12 1 28 64 56 68 51 125 106 4 117 123 72 84 69 82 38 16 66 50 87
    124 34 60 58 119 74 18 25 16 58 69 24 77 52 59 104 74 97 6 6 120 69
    72 54 92 1 97 11 42 22 24 36 109 5 94 110 80 71 70 92 51 34 9 69 72
    83 106 2 104 59 37 57 9 72 15 84 76 54 108 40 42 79 17 55 3 44 83 47
    16 109 21 26 60 14 120 5 51 75 19 49 68 36 3 29 89 10 121 90 81 98
    17 84 123 9 47 31 91 78 28 83 98 65 96 13 124 33 102 68 44 83 35 102
    92 32 56 55 49 118 101 8 16 24 76 5 119 0 13 59 105 48 29 114 61 105
    72 53 25 60 50 7 14 123 2 107 105 42 27 8 8 127 100 47 89 20 51 98
    77 31 85 0 127 29 54 22 93 79 29 71 61 121 72 8 84 33 76 14 119 43
    18 77 88 47 75 18 7 53 81 32 101 73 81 54 0 111 18 99 58 9 8 91 123
    0 13 82 67 54 89 86 7 118 55 22 97 63 64 120 95 55 111 54 34 10 59
    64 107 116 0 118 96 11 89 122 120 90 111 39 25 44 34 21 121 43 122
    25 90 38 45 10 46 41 73 102 82 122 75 88 121 81 76 53 40 75 53 5 50
    42 90 103 17 7 51 118 12 23 62 111 31 111 8 27 13 37 79 79 80 87 7
    41 96 126 114 91 49 122 115 113 55 21 33 39 117 15 67 23 52 55 3 67
    3 52 42 59 29 7 42 55 76 61 56 26 62 127 102 82 124 61 0 81 59 62 89
    5 26 91 113 82 40 55 12 75 24 90 24 79 26 87 122 109 57 111 43 127
    17 3 107 118 113 111 126 50 9 15 94 90 35 51 93 85 43 53 78 99 78 29
    122 47 56 41 29 113 80 109 103 118 29 120 103 73 28 57 14 125 7 73
    87 5 32 0 118 81 57 98 50 94 102 97 42 124 123 24 26 51 115 37 124
    10 3 91 48 65 50 51 121 23 66 8 99 95 54 69 103 98 126 32 27 46 20
    104 69 10 97 0 73 7 44 0 121 75 3 62 1 11 68 52 69 125 121 100 83 38
    43 98 90 42 98 115 14 50 60 24 18 91 43 62 52 113 89 84 25 105 91 95
    127 31 69 118 46 51 58 127 74 95 96 54 50 89 47 3 5 37 96 12 46 41
    101 83 64 71 82 27 13 51 25 13 122 49 66 86 80 18 14 99 105 66 115
    37 32 91 20 121 117 19 11 71 47 58 91 69 102 118 37 28 89 116 104
    109 118 94 119 118 44 104 116 118 70 91 43 8 64 61 71 115 115 124 68
    91 70 127 101 54 26 47 59 123 3 80 45 102 82 116 69 102 56 65 22 1
    90 107 13 8 56 79 62 29 26 67 90 35 100 76 108 56 73 95 96 58 35 114
    71 115 43 115 84 126 27 7 98 39 73 6 16 34 53 45 54 113 71 61 98 73
    83 11 111 88 2 51 32 44 56 111 17 77 53 32 122 96 56 86 125 15 73
    106 50 100 60 84 51 10 76 69 48 32 84 121 67 41 112 20 109 20 44 81
    57 48 122 59 100 104 73 116 57 10 42 102 8 85 104 29 59 34 86 97 9
    35 81 109 89 100 87 17 3 84 110 110 62 55 123 78 83 9 37 70 119 115
    57 66 64 103 102 21 62 9 60 107 63 36 15 1 82 48 107 92 112 7 20 106
    7 41 41 95 19 45 102 60 65 94 51 9 89 111 37 26 125 83 15 120 47 88
    50 127 33 8 92 65 4 47 6 102 19 53 79 67 108 94 12 57 44 17 42 60 79
    125 14 48 16 105 106 21 100 16 37 84 68 47 47 77 90 20 69 55 117 16
    67 46 71 0 17 120 26 100 31 123 10 43 123 15 11 63 107 124 35 52 28
    99 74 24 85 24 43 115 58 10 67 104 32 75 93 112 26 14 50 16 10 111
    119 100 67 98 106 93 23 6 104 15 5 79 42 118 44 77 6 6 60 19 29 57
    125 17 101 44 96 86 13 14 57 103 25 38 85 74 44 126 5 39 36 114 108
    81 102 125 65 96 113 102 105 45 65 44 6 65 110 100 8 40 46 93 24 113
    37 42 64 125 45 101 97 117 81 12 45 13 97 6 100 98 30 123 38 80 94
    121 4 59 113 104 27 119 61 90 50 124 52 123 50 97 5 34 126 41 51 55
    22 45 47 10 87 77 89 117 113 127 48 42 91 108 104 46 119 121 69 50
    123 64 75 0 88 35 6 7 91 3 7 57 1 2 76 36 56 19 28 25 98 61 83 16 14
    59 38 23 81 29 108 116 57 66 39 114 97 45 22 74 105 71 82 92 124 85
    127 127 1 13 55 110 90 35 98 17 27 111 58 70 123 73 115 57 24 107 74
    85 61 22 70 60 13 40 20 10 62 101 108 98 70 24 29 30 94 6 100 103 27
    63 107 76 35 9 45 46 40 7 35 93 46 107 67 16 1 116 56 4 119 23 98 52
    64 2 27 91 68 3 25 61 59 42 3 58 112 120 107 22 35 32 55 76 91 24 34
    8 15 61 91 18 107 17 14 51 95 126 111 35 108 109 34 9 27 115 71 0 62
    50 1 127 108 85 125 95 3 90 93 37 68 57 75 122 72 56 13 127 83 3 51
    32 44 126 104 48 120 7 13 26 19 58 122 80 67 53 98 6 56 1 22 8 109
    108 82 23 27 49 81 28 23 27 104 90 30 111 69 90 52 82 105 64 49 38
    19 3 49 12 55 72 126 97 26 104 83 63 118 61 34 12 46 85 41 102 44 27
    64 8 111 110 25 111 28 104 58 64 35 88 76 113 18 114 118 73 52 114
    63 115 109 83 0 25 57 28 45 74 122 70 110 31 30 86 86 125 90 16 10
    40 50 79 7 37 122 104 43 13 110 35 58 40 101 56 85 25 116 43 51 35
    16 22 65 38 65 35 65 54 59 14 123 111 71 9 36 32 20 35 68 77 19 48
    39 76 3 11 89 41 2 63 36 71 122 9 0 19 100 116 77 12 41 75 95 39 96
    53 28 67 59 75 61 112 102 56 76 84 127 127 90 94 125 127 123 27 125
    117 94 40 105 100 63 13 26 85 108 80 90 100 48 83 55 22 90 93 75 106
    113 58 92 11 59 32 55 16 90 14 117 49 16 73 126 122 124 96 58 124
    109 54 50 100 90 104 104 70 98 11 15 0 8 17 20 42 99 38 6 6 53 37
    119 118 108 56 64 7 6 59 122 56 51 116 60 5 63 85 61 72 111 18 40
    104 66 20 62 8 25 30 32 33 18 11 64 53 97 81 87 84 4 29 53 94 29 94
    103 91 99 89 12 36 92 66 98 60 77 61 62 32 123 125 68 61 45 94 56 15
    17 62 78 54 73 18 82 78 108 85 20 94 27 32 92 45 90 98 53 107 83 37
    114 9 80 113 72 57 88 99 0 94 87 120 121 14 103 32 12 33 107 40 127
    75 8 8 44 48 74 22 34 31 118 50 19 18 67 8 80 27 107 36 35 34 110 29
    124 123 64 2 58 15 117 84 65 8 107 2 74 124 26 32 124 15 73 122 6
    124 74 55 52 93 32 25 52 58 107 91 79 17 93 6 89 57 113 22 114 49 72
    6 69 24 20 40 103 33 117 3 73 35 49 22 100 32 1 69 73 63 9 93 85 15
    87 63 102 118 119 33 118 60 39 82 35 3 109 100 5 48 96 18 28 103 109
    122 22 59 9 73 4 29 88 61 113 107 73 95 114 35 91 111 24 49 107 61
    69 21 65 58 97 16 83 119 72 114 67 83 27 32 94 42 74 119 27 32 99 69
    77 53 74 50 12 104 12 68 0 44 109 96 49 71 100 19 109 51 80 0 100 32
    92 42 54 104 96 115 89 81 28 8 76 69 47 67 47 43 105 115 105 24 39
    74 78 81 90 96 82 51 64 48 43 104 74 114 121 83 16 59 92 14 2 86 5
    57 63 91 126 111 39 55 10 29 74 109 17 93 72 79 30 50 46 47 107 76
    37 12 13 30 51 6 107 87 29 66 22 117 72 31 88 96 34 35 126 91 24 117
    31 105 106 107 121 124 29 95 115 3 95 13 70 107 107 51 116 112 45
    113 122 93 71 57 49 17 90 34 86 29 106 68 29 92 72 122 30 13 114 126
    91 79 80 26 97 73 39 91 24 50 81 23 75 43 121 110 71 60 7 24 124 93
    82 115 112 12 48 20 87 86 51 90 26 65 6 41 85 92 27 46 73 55 43 58
    90 80 62 123 59 103 47 25 91 95 0 41 20 20 103 27 74 45 38 7 75 7 79
    49 77 93 25 19 21 49 91 2 44 36 87 86 36 12 38 78 29 77 64 117 125
    111 69 1 106 50 106 97 112 91 18 117 14 24 108 43 30 69 44 17 14 101
    115 61 92 27 49 60 122 71 104 19 87 68 60 74 33 63 127 97 16 52 84
    26 109 35 25 106 71 64 10 126 41 105 112 49 68 27 17 26 78 5 21 7 66
    28 41 0 84 21 119 32 119 92 90 109 45 13 63 4 14 40 45 3 74 56 82 60
    90 116 70 107 110 16 23 78 123 44 122 119 28 0 41 111 117 74 27 35
    19 7 32 40 89 97 53 114 18 124 44 33 38 104 98 108 39 50 32 92 16 53
    90 21 75 121 34 60 77 28 10 64 66 48 75 87 116 96 17 57 51 71 3 49
    106 37 50 6 57 22 93 4 82 2 73 23 37 48 92 1 120 74 100 1 65 75 94 7
    99 25 83 99 0 19 14 56 46 39 87 93 127 7 18 17 27 37 53 48 41 54 82
    32 25 55 81 22 74 115 121 50 25 41 0 104 102 58 32 84 55 84 34 33 84
    79 87 0 35 61 3 78 12 104 87 110 81 86 97 36 90 80 25 49 47 117 83
    32 52 16 111 60 75 106 96 126 45 3 11 69 11 93 117 116 27 71 58 114
    64 60 95 73 10 84 10 121 75 100 31 96 104 10 5 81 30 86 11 123 123
    27 8 19 109 50 9 117 97 98 122 6 1 17 126 80 116 55 7 19 48 70 115
    88 60 6 31 50 8 6 96 68 1 126 121 86 120 121 87 52 29 121 24 120 67
    69 43 70 31 52 30 51 59 127 39 122 38 97 117 53 110 85 72 124 77 37
    19 63 84 57 86 110 40 22 54 45 34 98 91 31 107 96 91 5 47 11 26 67
    35 72 104 32 64 82 35 2 21 7 14 59 6 92 93 32 1 29 122 17 96 25 31
    89 127 10 54 83 94 92 6 58 86 28 106 81 91 100 13 111 110 49 96 127
    103 30 66 78 92 67 102 3 75 122 95 78 88 80 71 118 15 100 85 87 13
    98 12 55 94 53 124 34 46 48 125 78 30 90 100 3 5 90 117 30 52 83 6
    22 24 53 61 75 84 69 2 80 4 81 89 85 81 57 104 46 69 52 116 58 41 1
    15 104 15 111 79 28 90 16 34 26 81 56 98 49 36 49 53 114 62 106 120
    98 35 60 109 59 42 29 113 69 115 15 91 93 19 12 2 34 88 39 43 48 30
    75 86 61 7 74 57 85 79 126 18 110 52 99 72 17 44 85 90 96 9 16 41 90
    21 79 70 65 37 113 32 52 56 2 31 41 37 101 1 20 35 0 93 7 11 85 51
    68 76 126 61 37 16 16 17 56 58 108 9 99 110 103 42 45 116 95 112 45
    36 16 124 22 111 124 80 1 98 47 16 10 44 12 89 70 53 122 97 84 3 42
    37 73 32 37 116 106 96 117 105 82 77 104 43 107 64 61 1 13 97 90 100
    124 44 71 123 32 110 34 24 42 40 12 120 80 68 59 14 120 27 85 61 117
    106 71 100 11 46 103 111 111 71 31 108 10 67 99 121 31 65 60 58 66
    16 124 20 11 41 47 61 68 80 26 18 46 74 88 15 36 37 8 82 19 102 61
    14 36 46 70 67 106 113 17 41 31 22 19 5 100 30 23 3 27 23 53 32 6 52
    120 69 82 98 1 112 19 100 67 124 78 7 118 44 72 46 65 55 90 86 25
    122 96 125 29 55 101 126 73 91 124 53 13 42 98 124 106 2 42 41 71
    119 76 76 5 47 33 88 70 92 46 0 66 122 0 24 20 116 13 115 59 46 83
    11 47 33 60 74 79 40 92 23 22 20 107 105 83 44 37 18 39 69 59 76 38
    0 17 101 64 80 31 87 18 14 40 82 0 29 66 64 24 26 69 34 43 116 33
    123 106 55 12 81 48 64 59 123 12 39 48 7 63 97 11 23 108 22 6 74 36
    100 11 80 16 43 81 6 13 108 56 91 114 13 77 28 4 49 6 32 70 66 77 80
    29 22 114 120 64 32 86 119 52 92 25 50 117 127 70 73 59 3 12 57 75 2
    121 63 72 44 4 100 3 55 101 58 15 107 16 64 19 35 10 24 117 28 62 41
    14 114 41 63 0 115 0 26 110 100 62 113 48 113 16 36 43 73 93 95 34
    121 44 62 61 2 26 97 104 71 48 114 3 96 111 114 90 38 18 126 58 57
    77 46 78 41 126 7 100 13 127 123 93 73 53 76 88 84 106 5 110 30 117
    83 22 52 88 63 110 42 110 12 46 42 7 40 37 10 24 1 46 15 127 37 23
    36 13 57 51 123 30 80 25 49 86 14 36 20 102 85 12 20 87 83 86 75 61
    34 70 4 85 8 95 101 3 47 127 35 124 72 49 37 65 21 1 24 76 33 36 83
    74 84 114 65 53 49 5 0 47 97 61 53 74 1 17 72 115 37 77 58 1 23 0 79
    125 39 5 75 14 41 5 41 25 72 106 57 3 32 119 122 10 103 14 92 79 116
    109 72 18 9 27 91 39 100 59 44 7 90 0 42 38 50 114 97 8 101 111 71
    55 125 2 91 68 98 79 98 76 75 109 67 14 97 8 106 126 125 6 99 40 51
    115 6 39 66 44 58 62 125 92 79 57 120 9 75 87 79 43 5 12 82 95 93 79
    98 7 85 43 16 28 93 34 46 51 14 109 103 85 74 38 75 31 44 33 106 101
    14 15 124 54 42 27 26 111 117 117 50 3 80 88 61 111 63 52 8 39 114 1
    25 83 80 111 21 14 42 99 72 58 88 11 75 102 93 12 52 24 75 44 60 107
    98 71 22 59 4 8 20 90 88 55 92 44 72 3 4 82 30 23 74 41 54 101 22 33
    87 8 41 112 67 18 41 2 81 88 60 107 122 56 11 115 126 55 24 116 26
    22 70 47 84 68 117 85 86 66 59 100 75 111 83 29 91 47 112 91 118 119
    84 124 116 30 52 25 87 77 31 76 22 103 45 33 29 85 90 88 51 92 65 62
    123 54 38 121 24 14 102 37 74 122 5 113 115 82 28 40 90 28 23 118
    124 73 27 2 92 19 127 79 6 32 116 119 86 46 79 100 127 118 80 81 33
    78 52 46 115 102 113 95 63 104 122 45 43 31 120 73 22 7 64 37 87 116
    98 13 115 33 3 84 63 43 40 74 36 21 99 104 101 55 117 110 86 59 58
    49 63 45 81 103 4 13 4 68 117 120 1 100 79 83 101 106 116 121 24 64
    85 32 86 71 127 8 17 81 51 7 103 86 107 65 24 53 38 116 125 55 3 14
    77 117 31 40 26 110 33 68 27 99 44 6 82 71 27 8 84 39 3 50 84 117 15
    102 51 88 114 8 36 59 57 58 103 74 121 121 105 30 8 76 83 123 50 75
    79 58 82 50 50 91 86 68 114 32 58 35 125 110 40 58 95 44 64 9 3 38
    109 94 47 107 76 100 99 77 100 15 34 122 20 53 117 23 114 7 118 36
    80 108 111 26 29 5 73 111 107 60 103 37 41 63 118 117 53 105 3 53 77
    66 117 49 67 81 74 52 114 110 120 4 95 119 46 66 55 95 2 22 80 105
    86 19 73 26 67 95 112 93 125 110 52 14 120 43 92 73 64 29 9 30 41 89
    14 49 126 58 61 66 4 96 55 27 90 80 36 110 6 38 86 10 82 19 118 74
    66 44 105 78 95 105 121 116 79 89 7 68 76 35 105 68 62 110 63 7 35
    56 98 99 16 121 52 83 113 72 47 109 34 68 119 37 98 38 64 57 100 7
    109 63 38 73 112 49 54 50 35 106 109 1 56 110 59 18 2 6 109 46 4 25
    70 44 26 112 6 8 38 127 19 108 106 16 54 23 67 21 117 116 4 46 107
    64 117 103 6 78 73 99 87 96 114 35 38 82 10 41 82 46 60 20 1 74 58
    14 18 77 20 123 108 22 84 84 79 100 95 113 81 110 55 91 49 84 9 89
    88 51 15 26 62 35 40 116 73 41 108 59 28 25 77 41 82 73 60 122 44 34
    35 11 123 1 115 9 20 60 67 27 126 112 110 67 55 6 116 80 96 50 97 74
    68 10 25 82 35 70 84 68 92 93 85 92 50 73 91 43 68 110 91 126 36 24
    80 69 56 54 96 48 112 84 84 112 75 75 112 39 16 112 104 74 70 57 26
    55 109 21 51 46 85 37 6 35 5 65 106 36 17 76 78 30 17 31 121 123 125
    81 118 22 95 15 79 100 40 87 82 23 14 26 37 81 68 121 26 75 65 94
    123 96 59 66 105 8 73 78 82 17 2 41 111 83 123 103 47 119 43 38 43
    105 52 13 31 125 111 120 80 60 77 95 125 26 86 21 85 120 109 72 13
    69 34 4 38 54 43 107 22 45 47 94 9 93 116 14 102 117 95 42 10 45 17
    34 34 70 72 21 3 36 126 72 52 86 59 123 50 63 59 32 66 3 101 109 122
    52 84 51 81 2 125 54 67 82 125 107 5 88 59 86 112 23 41 13 111 95
    118 124 63 56 27 52 49 13 8 30 25 9 29 52 13 103 26 123 78 53 31 93
    31 79 25 127 65 48 32 24 23 2 42 55 102 38 50 105 49 3 61 70 67 53
    102 83 51 30 99 102 79 45 123 50 41 77 12 50 13 3 120 29 87 25 76
    111 28 127 94 100 109 18 42 74 0 118 11 46 23 90 0 63 125 29 0 6 58
    107 72 20 5 4 4 24 15 101 79 61 15 55 87 55 63 61 124 97 81 37 11
    120 101 67 90 54 103 50 95 32 100 0 101 38 79 109 74 70 45 99 48 109
    123 21 23 59 13 7 45 51 93 2 82 68 121 12 120 13 61 33 11 4 111 86
    120 74 8 53 89 72 46 4 122 9 80 31 46 57 127 104 32 34 23 91 46 112
    75 81 0 121 72 126 99 65 16 8 76 2 99 65 20 103 103 12 43 93 58 118
    77 57 65 31 122 80 83 71 11 64 103 66 42 69 89 85 73 31 76 35 37 50
    0 96 69 110 91 37 40 19 75 96 40 38 101 102 89 7 114 85 67 44 49 43
    123 117 51 111 0 51 110 70 26 98 19 45 28 98 0 87 92 79 95 24 96 28
    34 28 36 76 98 126 95 62 58 71 11 55 6 79 107 22 74 118 31 14 93 16
    63 103 10 22 22 110 6 48 24 11 115 43 17 35 95 90 63 124 101 54 124
    102 84 119 108 19 127 118 113 12 22 60 85 33 99 95 61 13 37 39 20 67
    69 54 17 71 89 66 125 3 118 103 95 27 96 2 87 96 12 34 77 53 117 79
    50 117 77 114 81 79 84 0 45 103 107 46 38 85 42 122 5 102 68 104 47
    0 37 66 41 16 77 94 48 11 80 65 77 83 3 58 76 68 87 53 14 83 103 124
    9 57 116 56 47 55 111 96 13 24 30 27 87 53 49 69 56 20 71 111 92 64
    43 119 107 87 109 96 72 101 28 89 86 21 6 55 70 124 94 3 50 35 117
    66 102 19 66 1 35 89 114 17 22 119 65 64 30 114 16 127 6 26 77 3 31
    105 105 87 126 54 27 73 35 25 105 51 89 81 34 38 72 117 41 51 3 60
    45 123 90 86 5 81 29 36 96 66 115 18 62 43 77 68 57 100 103 122 44
    78 51 21 65 55 103 49 106 90 117 47 83 113 97 46 96 23 66 29 34 11
    53 33 19 17 111 57 32 113 109 111 14 109 51 56 51 127 127 3 6 114
    105 124 49 94 107 88 66 49 79 24 117 95 81 28 92 86 118 55 98 24 64
    24 54 102 117 93 104 47 60 60 78 17 100 107 76 96 80 109 109 96 93
    71 111 117 64 40 13 117 15 48 53 7 75 7 93 93 51 107 57 108 100 120
    22 52 116 34 80 112 120 12 35 110 115 43 111 58 124 4 64 1 61 29 61
    15 19 11 107 5 5 120 64 30 47 124 61 81 77 38 116 36 100 42 101 70
    52 17 109 82 108 91 43 23 57 105 69 113 58 0 98 125 75 94 58 73 103
    94 27 101 62 87 28 120 108 64 70 63 77 118 58 68 84 76 124 101 75
    127 102 23 103 41 76 65 107 42 52 53 120 33 74 105 84 26 27 42 0 1 5
    24 72 89 23 103 79 82 23 17 6 5 40 15 119 4 51 92 95 105 10 18 95 28
    35 42 81 107 104 114 68 27 18 58 102 43 64 23 110 11 57 38 118 58 22
    82 35 82 57 83 90 27 110 42 4 48 96 38 79 74 70 40 32 90 116 83 26
    118 83 27 112 48 116 58 1 84 11 19 126 5 46 79 66 66 24 55 45 31 107
    97 92 118 15 80 85 25 124 63 116 73 46 90 44 43 87 83 121 122 98 69
    15 73 123 23 80 110 47 16 42 75 25 105 66 67 73 115 98 41 8 62 84 94
    9 63 93 116 92 13 103 8 114 12 77 54 39 41 43 37 94 103 13 24 87 3
    46 122 121 9 32 100 64 79 76 126 113 89 29 1 116 100 59 43 118 48 29
    93 64 73 9 120 84 22 105 77 42 105 34 79 98 115 24 103 124 39 10 31
    61 6 67 91 36 96 90 17 18 2 50 48 112 17 40 105 122 12 59 20 101 41
    83 30 54 54 8 21 27 100 27 114 95 49 119 25 56 34 108 97 83 64 116
    21 86 42 112 98 21 87 61 58 41 65 9 114 56 108 64 126 53 26 108 72
    23 54 10 57 4 38 58 60 71 62 22 106 105 120 38 98 15 33 122 27 90 78
    26 119 54 0 80 10 62 2 48 126 27 63 51 124 41 74 24 122 19 70 41 81
    29 121 118 94 20 61 36 8 29 105 61 61 17 67 48 35 3 42 127 63 70 105
    69 95 24 52 58 61 45 70 105 38 93 99 4 106 94 87 59 12 61 26 88 5 9
    65 119 18 41 100 6 49 26 16 26 79 22 3 52 50 25 119 10 23 94 72 122
    74 5 6 66 89 89 63 124 33 77 74 28 29 106 7 98 17 88 106 52 85 121
    38 79 22 78 75 91 2 31 110 0 25 60 112 0 73 77 49 110 92 21 57 77 89
    118 46 8 74 71 122 109 90 70 74 116 56 111 11 97 114 17 84 24 97 50
    3 98 24 14 19 56 18 46 42 87 93 27 124 10 43 27 5 48 69 9 43 12 122
    15 112 109 61 33 93 76 120 48 78 79 85 109 97 82 105 92 53 14 90 127
    16 40 74 121 87 56 119 116 51 83 117 66 125 127 94 75 67 14 52 103
    40 45 86 46 62 106 22 49 110 67 76 37 95 56 90 75 109 45 91 102 106
    32 51 113 43 115 22 16 17 49 118 92 119 57 101 29 46 85 63 18 119 74
    15 37 108 78 22 90 16 78 60 108 70 116 115 22 19 85 40 92 123 19 113
    86 29 83 18 104 75 30 39 84 84 54 85 60 107 88 84 53 113 31 111 89
    44 45 88 50 109 52 37 74 100 103 127 43 95 110 74 95 46 113 124 42 8
    23 0 61 36 13 20 127 91 81 5 60 7 117 28 48 76 106 76 99 20 7 37 5
    118 32 101 3 23 61 44 61 43 18 83 4 14 10 3 121 22 40 65 118 91 26
    80 37 81 81 53 39 6 124 82 101 77 56 83 9 126 69 86 93 13 99 124 89
    93 107 49 62 36 35 111 55 118 100 108 57 64 14 93 109 108 93 102 73
    93 87 24 73 85 52 77 35 62 73 45 61 120 3 67 63 117 65 112 57 23 2
    82 94 94 72 49 55 127 40 34 109 17 76 100 46 60 121 121 102 0 105 47
    57 125 88 115 76 27 56 67 0 16 32 104 99 82 118 117 38 85 81 112 18
    12 125 64 122 36 103 103 83 99 86 8 73 32 46 75 42 64 13 73 123 58
    50 62 46 102 43 51 22 40 120 103 114 69 64 23 57 31 94 48 2 104 79
    71 56 47 87 54 69 57 75 81 56 119 117 58 61 77 83 76 6 92 88 59 103
    35 53 92 97 56 127 48 35 39 66 31 96 30 120 7 64 121 50 41 51 1 119
    123 80 93 28 51 86 117 81 59 85 71 106 102 77 93 41 57 104 115 75
    126 11 16 27 44 77 108 21 120 23 65 108 99 16 30 38 51 27 117 120 53
    120 28 110 118 119 37 86 93 123 71 23 101 105 108 89 67 1 8 75 53
    113 28 17 75 64 54 94 9 106 4 52 111 1 69 31 22 63 3 47 115 12 72 61
    60 108 36 104 14 56 25 88 125 121 52 115 48 42 11 113 95 100 26 91
    49 42 42 8 96 57 93 87 95 13 0 75 40 48 69 31 66 73 6 11 123 40 91
    67 49 116 45 11 36 43 53 81 122 104 117 68 20 17 98 68 95 28 116 68
    42 21 84 12 5 82 125 67 42 92 29 72 13 39 54 126 65 39 122 7 38 93
    86 35 124 59 85 88 34 100 116 28 59 46 107 5 123 29 82 122 53 17 66
    120 90 37 18 106 121 65 65 76 6 51 51 18 53 105 39 43 36 59 28 90 52
    25 46 12 83 96 53 62 109 94 100 8 103 38 108 2 19 87 102 0 82 113
    127 16 19 1 95 120 26 60 110 90 33 63 94 61 78 8 100 49 35 1 9 69 68
    101 113 58 78 13 74 103 0 84 58 13 96 52 110 89 111 64 31 14 125 125
    90 2 35 35 6 79 60 40 107 42 41 27 64 104 97 107 90 110 108 117 87
    94 76 65 111 40 15 39 124 126 47 112 40 92 42 93 5 40 14 14 17 27 76
    49 87 83 69 59 11 86 93 112 117 20 77 91 121 69 50 100 39 105 87 85
    17 52 13 3 97 61 106 34 74 39 9 31 76 29 84 97 119 54 102 77 24 12
    84 28 3 70 62 110 27 2 87 34 12 74 117 107 7 38 75 86 13 105 17 122
    62 125 83 120 9 72 37 40 26 69 87 17 34 80 39 101 112 34 107 49 112
    124 126 10 11 5 90 62 44 71 121 48 19 16 9 44 74 124 118 22 86 36 32
    85 65 51 102 69 58 8 123 36 29 16 16 44 30 17 17 70 117 98 19 103
    118 48 99 125 86 37 55 95 58 90 93 54 119 111 42 48 102 23 18 87 57
    5 12 39 8 85 120 51 15 54 107 94 1 113 3 73 78 10 36 86 83 80 49 78
    30 81 63 65 18 57 45 9 65 92 46 65 38 5 56 123 28 32 98 0 91 125 78
    20 118 111 115 89 14 95 42 71 92 109 108 67 68 50 82 12 3 49 26 23
    28 93 43 61 25 60 30 74 58 1 54 33 54 32 114 73 61 74 101 99 71 96
    19 87 69 74 43 12 8 108 6 79 77 99 77 42 34 18 47 14 29 114 111 34
    102 118 4 95 25 48 39 86 36 98 113 32 25 9 78 46 87 50 79 63 121 94
    49 13 123 24 115 113 71 111 34 40 52 100 93 127 11 40 106 104 117 37
    121 77 2 99 72 11 120 74 61 62 25 92 93 23 21 46 115 66 10 43 86 13
    67 58 27 54 127 68 32 113 63 97 20 127 60 63 55 57 64 24 109 96 127
    20 127 31 27 121 38 85 21 106 83 105 59 67 51 74 6 121 85 114 48 75
    104 55 53 111 35 16 49 56 37 65 28 119 105 2 53 75 108 48 89 106 8
    111 88 38 112 38 2 99 95 71 83 123 103 32 112 34 17 38 38 15 44 7
    107 125 120 1 43 97 44 88 19 35 77 51 30 97 19 7 78 32 19 32 116 20
    122 85 35 114 111 16 80 34 84 97 77 34 1 38 60 102 67 79 19 107 31
    105 91 64 77 126 79 44 116 4 106 101 73 35 93 30 47 12 19 3 97 5 120
    83 28 29 68 40 71 20 96 0 81 57 78 60 70 91 5 101 45 43 9 88 98 102
    19 22 120 24 13 43 2 114 55 54 37 19 126 55 7 99 38 92 117 32 121 0
    112 86 66 93 34 120 87 46 116 55 99 78 126 111 36 115 48 55 17 20 5
    7 45 26 86 127 92 102 126 8 57 37 87 84 99 9 21 25 37 34 63 89 61 92
    71 94 2 116 3 105 120 71 105 71 12 11 34 115 14 95 0 29 125 106 126
    93 30 92 83 69 106 113 31 94 9 42 57 5 45 4 40 91 18 115 34 73 94 1
    125 99 103 104 40 7 27 86 102 61 105 61 19 125 33 125 14 9 26 24 47
    127 106 71 14 38 100 102 73 101 1 18 44 96 22 72 93 107 39 112 46 47
    94 32 54 55 51 26 37 126 93 44 121 119 37 49 58 55 72 83 112 94 60
    83 126 21 106 120 19 42 100 54 93 15 38 69 53 18 65 31 19 101 77 121
    51 99 56 68 51 60 113 17 125 74 63 64 114 113 20 123 61 97 52 112
    106 48 53 64 32 105 49 31 70 7 53 118 3 72 41 116 115 78 115 20 12
    111 118 47 116 16 123 98 111 24 63 60 72 119 63 98 39 93 18 4 86 58
    110 119 96 122 39 26 20 72 4 44 70 65 88 76 122 124 108 122 19 68 60
    116 101 28 50 121 99 116 126 98 24 98 86 70 27 37 103 15 59 34 109
    97 106 54 71 120 39 19 100 102 28 53 14 88 8 97 102 5 5 24 15 100
    123 21 120 1 5 127 107 77 32 23 121 51 57 71 68 5 46 45 67 9 40 55
    87 43 32 30 12 72 105 74 56 51 37 78 127 51 97 51 115 3 62 24 50 47
    6 19 70 20 28 104 4 48 24 82 45 11 39 119 24 26 57 8 116 37 124 87
    44 96 44 45 20 83 18 18 10 76 68 26 123 12 20 25 20 107 48 97 84 90
    38 89 62 76 121 119 123 47 37 14 88 4 34 89 16 108 6 53 1 10 102 124
    86 87 86 20 125 35 13 114 27 108 105 21 125 120 124 25 115 118 0 43
    6 25 88 57 12 5 126 71 101 52 66 111 84 49 36 113 96 24 13 95 104 70
    67 52 49 103 112 31 19 56 5 66 13 104 44 109 94 79 82 17 72 51 58 31
    37 96 30 46 56 77 66 98 123 81 16 105 34 115 101 85 63 74 15 10 28
    49 81 19 95 99 33 52 94 60 120 2 9 76 7 87 19 97 25 69 95 115 62 86
    12 17 31 84 121 95 53 19 28 23 9 12 39 104 32 127 0 65 107 118 68 63
    108 98 118 43 104 70 66 67 45 11 65 81 103 46 46 30 106 71 21 48 85
    79 109 46 41 30 49 121 30 8 51 61 124 3 59 73 36 127 36 24 116 81 37
    36 56 49 6 92 117 82 73 34 14 101 117 77 56 103 18 82 67 101 35 70
    22 40 80 98 105 60 70 25 78 114 77 76 65 105 111 60 16 1 88 60 17 63
    101 19 87 110 92 60 102 87 4 83 79 38 59 38 21 124 54 86 30 14 45 73
    113 105 103 118 24 18 22 84 13 77 49 122 54 19 67 82 42 88 121 90
    103 36 109 40 76 53 113 15 91 50 112 75 59 125 11 68 52 97 46 10 37
    21 0 4 42 103 73 116 81 88 44 36 36 50 71 89 12 113 73 127 27 84 60
    36 99 99 122 70 90 71 9 49 48 82 67 37 110 7 72 24 11 115 4 87 113
    46 24 78 27 95 24 33 53 107 26 19 6 46 69 126 32 35 82 1 55 62 110
    11 104 79 127 77 21 73 46 107 97 81 49 81 110 22 101 73 92 112 31 48
    101 50 49 105 70 25 64 43 93 117 34 105 81 122 11 24 58 85 62 85 99
    84 123 47 68 73 80 93 115 49 91 72 5 110 43 92 91 75 68 68 27 3 26
    87 28 114 98 113 79 14 6 46 107 100 118 59 88 66 16 84 123 5 28 95
    30 15 86 50 122 127 83 21 48 122 101 100 92 32 49 81 70 6 36 116 54
    53 33 116 73 63 124 11 33 78 12 104 62 6 43 102 49 8 110 63 15 68 74
    6 37 121 65 73 50 7 34 19 26 1 66 0 64 77 116 21 26 101 107 10 28 78
    81 100 27 124 101 112 42 96 103 109 36 69 60 39 86 13 42 38 12 1 4
    49 32 90 6 125 54 110 51 89 7 108 36 72 53 91 29 64 70 84 103 107 30
    50 56 23 125 18 56 114 118 17 58 98 51 10 78 86 56 99 107 82 42 5 59
    98 64 7 61 19 53 40 50 57 100 64 86 31 121 34 41 32 113 121 80 77
    123 66 81 111 75 119 113 48 98 114 124 107 96 104 99 105 96 97 76 75
    71 115 114 92 58 56 6 84 16 8 27 97 66 8 105 45 79 101 79 55 1 0 70
    49 62 0 85 125 82 124 116 24 14 67 115 126 33 32 60 94 95 78 86 23
    51 98 39 71 79 37 3 76 34 25 30 94 125 76 26 104 49 124 116 30 68 68
    103 69 103 94 100 15 103 67 74 2 66 53 15 88 10 79 70 91 80 47 79
    108 37 76 50 89 98 37 94 59 23 45 113 83 60 15 22 33 40 30 37 84 45
    99 47 34 127 99 45 28 32 53 121 26 81 103 49 103 83 3 29 34 32 121
    59 125 28 74 81 42 87 38 75 32 99 122 54 101 35 10 72 88 35 119 80
    56 64 118 107 96 0 67 78 89 35 106 69 60 72 114 69 49 59 80 100 47
    76 32 21 13 4 45 118 116 106 83 77 61 104 72 34 65 63 80 6 77 15 119
    31 26 41 36 44 1 111 101 70 2 79 108 110 84 63 47 6 82 53 22 100 18
    24 47 70 47 101 115 77 103 82 103 6 8 5 18 101 93 74 33 15 62 48 70
    11 30 93 10 105 92 84 92 84 83 57 87 74 10 124 106 116 38 35 95 88
    101 62 44 33 25 15 31 70 119 39 45 112 57 40 124 63 42 115 86 55 94
    111 38 42 8 35 93 48 119 38 61 65 83 58 41 113 102 70 17 53 59 117
    93 127 110 114 23 84 85 57 108 46 118 42 19 70 16 115 7 50 23 80 126
    11 65 119 102 71 68 126 72 124 91 121 62 29 3 64 100 71 95 108 73 10
    84 95 95 68 85 24 14 14 74 123 123 51 96 67 119 84 126 32 67 50 56
    114 26 77 33 23 57 73 70 101 70 58 87 68 70 49 0 108 29 28 52 48 4
    94 116 20 89 40 83 35 77 27 50 64 63 92 14 34 47 104 47 123 105 77
    12 18 13 101 8 5 85 42 55 122 112 56 115 22 20 5 8 119 36 79 78 72
    39 93 116 26 15 125 127 89 5 73 125 80 84 120 92 21 80 78 49 48 83
    95 78 114 16 37 22 4 26 88 0 120 24 40 67 85 121 9 25 49 53 8 112 70
    8 104 84 28 27 87 30 121 13 38 46 78 105 54 70 82 72 33 66 24 111 41
    34 102 61 84 8 82 18 113 25 85 106 98 96 97 10 51 33 37 108 116 104
    104 55 92 84 17 45 28 14 71 11 10 10 41 125 4 95 103 39 11 52 116 90
    42 97 57 72 124 78 127 33 46 47 50 97 76 102 47 38 78 49 95 47 53
    119 52 32 23 80 114 8 115 41 33 71 45 62 108 63 78 98 115 46 20 18
    106 13 98 111 111 93 117 33 46 82 43 32 41 49 14 8 78 58 11 93 72
    102 79 11 65 18 53 109 60 54 75 28 114 66 20 24 36 49 40 81 70 63
    100 66 33 23 1 45 109 61 46 55 84 64 11 28 35 117 54 50 32 71 9 125
    59 119 112 97 51 62 19 97 91 59 88 85 80 1 10 23 18 105 116 107 16
    76 64 58 84 96 98 17 117 35 102 56 36 88 86 91 108 28 84 15 126 68
    32 110 104 123 58 62 118 21 27 102 60 10 111 111 122 63 20 5 67 127
    11 62 15 70 74 115 6 87 118 56 124 60 62 66 30 39 109 46 87 0 35 115
    30 106 31 50 36 42 76 61 11 58 88 69 54 0 60 31 98 62 70 45 16 87
    120 45 41 117 55 32 124 18 68 106 121 17 53 115 36 110 121 13 115 41
    106 102 78 65 42 55 41 65 60 87 110 76 63 40 0 127 49 69 98 94 15 69
    0 79 126 54 33 105 65 73 126 111 125 84 98 59 66 108 49 67 22 60 86
    96 49 123 41 124 83 120 93 61 42 12 85 90 69 67 127 7 50 99 98 18 37
    123 122 118 121 125 8 86 124 47 10 98 100 81 57 25 124 48 59 58 47
    81 96 35 57 109 126 120 63 101 56 37 32 84 11 125 111 80 13 24 127 0
    56 25 77 78 66 4 53 122 120 21 127 11 41 19 36 100 59 17 64 123 46
    18 29 48 67 98 34 83 81 115 42 112 118 62 4 76 124 69 61 52 79 30 48
    100 93 43 96 85 25 75 103 125 1 58 82 127 103 105 49 79 86 84 82 3
    65 12 0 39 101 51 44 91 6 65 71 75 44 70 2 71 90 108 18 11 93 36 110
    78 24 30 47 20 111 102 67 73 50 46 31 62 34 68 14 18 0 60 80 74 51
    116 121 118 110 127 71 102 72 34 8 59 62 97 123 56 24 65 109 34 96
    11 116 102 81 16 36 32 1 109 32 20 95 96 39 11 47 98 57 51 9 61 101
    9 105 90 72 69 26 87 89 50 103 88 116 56 127 127 56 8 15 77 57 32 1
    103 1 19 112 6 94 57 91 32 39 71 86 21 99 12 120 25 73 39 63 69 91
    90 82 33 35 48 102 31 42 115 63 112 50 53 30 50 61 81 21 61 107 20
    10 8 62 121 12 63 71 120 109 60 97 121 98 80 37 117 101 124 46 75 83
    73 54 29 104 74 110 95 115 18 2 68 120 119 42 64 103 33 45 40 86 75
    110 105 16 48 44 67 15 54 33 30 34 86 13 77 43 83 15 29 13 45 44 118
    23 89 56 34 84 63 4 68 50 9 52 8 87 75 12 56 101 8 45 112 81 81 99
    16 116 11 60 69 55 71 13 0 33 42 87 54 67 109 16 124 2 15 25 105 77
    80 103 56 45 82 117 26 112 92 120 65 106 110 71 112 35 34 65 61 90
    21 19 34 30 3 9 104 109 74 46 83 95 58 108 117 20 26 10 120 127 40
    69 90 93 10 82 85 75 56 39 61 74 74 4 21 97 85 8 42 114 52 29 35 75
    62 106 75 126 108 68 88 54 16 118 20 52 95 25 101 81 65 119 85 95
    120 104 24 55 66 22 38 10 73 78 68 113 86 46 69 19 37 105 77 70 76
    58 43 30 70 98 60 80 37 66 15 106 40 67 72 23 105 34 124 13 42 14 96
    106 58 100 36 11 121 92 23 73 72 10 66 26 11 122 93 112 109 50 91 33
    23 51 43 27 26 49 19 64 93 93 23 78 109 103 87 2 39 47 39 91 30 45
    39 82 19 5 111 126 91 92 85 123 103 121 40 45 55 78 121 15 103 8 112
    101 66 125 127 99 39 17 62 39 93 23 117 5 49 62 67 82 75 119 35 4 68
    125 90 53 63 55 108 29 84 97 85 83 85 25 82 104 50 2 87 57 64 104 55
    116 93 1 44 41 11 75 34 27 4 52 29 22 75 9 68 64 43 35 89 125 124 41
    73 13 6 27 37 63 13 16 121 37 96 106 126 12 23 86 9 50 105 7 69 97
    73 2 12 59 88 102 37 75 19 68 116 19 91 124 28 1 118 82 68 0 6 107
    76 11 64 23 105 70 9 28 73 40 122 85 103 12 28 83 96 113 33 114 113
    78 21 108 66 30 120 75 78 64 31 81 31 113 77 63 98 96 18 80 76 46 76
    61 88 5 90 46 119 13 0 57 5 60 40 90 32 68 23 10 91 118 10 5 96 121
    87 16 110 68 20 49 12 82 126 5 93 84 12 99 38 81 31 36 67 39 34 97
    64 7 37 49 5 43 49 105 9 76 31 93 83 82 120 18 88 6 22 24 69 60 47
    115 16 92 46 40 51 66 48 68 71 88 37 95 122 42 95 17 123 105 64 73
    57 97 66 64 59 14 101 76 1 55 123 77 13 122 28 79 100 121 83 38 67
    72 39 84 71 59 79 117 50 123 57 23 104 37 68 113 6 35 116 40 98 13 6
    8 29 115 115 46 99 97 18 24 105 28 105 20 72 123 75 117 111 87 62
    113 105 33 79 61 75 37 75 11 29 72 73 71 117 114 41 84 93 41 105 26
    125 104 108 24 41 82 9 122 24 84 58 7 55 117 62 21 22 114 108 36 55
    17 44 117 32 36 56 75 80 83 118 28 61 5 25 91 10 25 75 94 16 117 11
    30 41 124 69 106 37 21 70 54 17 113 55 94 59 31 85 81 64 51 124 33
    120 123 120 103 13 40 16 98 81 36 126 56 2 91 31 69 90 35 50 17 72
    95 37 8 91 6 97 40 49 41 15 16 99 45 111 17 83 53 90 1 112 47 122 8
    70 21 34 112 46 11 38 86 3 84 48 35 113 65 90 79 33 28 22 3 53 110
    85 19 70 23 122 69 0 12 117 91 20 111 22 18 73 59 109 117 48 19 78
    54 85 5 72 41 66 42 38 115 108 42 27 64 24 109 102 34 6 109 98 71
    116 8 40 59 126 109 112 86 39 16 73 59 97 39 6 89 127 52 38 94 62 80
    13 98 77 64 60 88 69 23 110 41 116 5 46 102 83 46 114 69 94 74 103
    65 35 17 124 113 66 41 84 100 31 30 40 120 53 14 84 44 73 79 4 45 38
    18 21 116 114 89 84 34 38 114 87 38 73 95 106 47 22 74 84 109 49 98
    117 19 58 7 89 4 106 64 28 72 105 116 76 76 90 101 123 5 108 84 40
    17 58 72 107 76 30 67 45 45 59 20 104 71 35 117 83 89 107 116 55 101
    110 4 37 66 56 81 47 11 42 17 46 62 1 91 107 78 16 46 68 0 94 53 17
    127 45 13 56 2 126 58 57 66 124 9 36 43 54 46 0 116 92 121 36 37 26
    88 47 83 59 35 82 17 124 39 9 75 57 40 17 20 25 93 37 0 14 97 19 41
    124 111 96 11 11 119 11 21 67 118 84 60 108 10 18 78 63 60 114 36 10
    83 20 66 41 113 104 10 111 38 80 57 45 47 103 67 99 20 109 116 9 64
    16 13 47 76 31 56 35 119 56 60 23 25 112 28 2 1 85 68 117 120 120
    122 20 88 89 80 32 48 60 52 38 56 119 71 60 34 18 94 103 95 49 34 7
    112 21 43 20 24 96 65 92 24 73 95 0 1 38 40 20 36 28 49 117 57 53 86
    37 59 87 76 46 2 1 39 110 26 9 110 114 6 20 10 16 6 4 20 50 86 108
    52 97 97 26 121 92 109 5 12 75 21 52 17 19 104 47 98 5 65 113 69 97
    6 30 59 58 1 44 11 7 6 25 76 80 45 42 17 12 75 43 29 7 92 116 55 15
    36 73 102 37 74 119 59 64 4 83 69 126 79 78 71 105 108 63 70 24 10 3
    108 68 52 49 23 74 34 24 26 76 2 26 98 89 0 9 47 64 10 6 48 95 5 65
    14 103 2 49 106 99 31 40 57 40 100 12 127 69 2 126 16 17 110 76 93
    61 12 112 39 60 8 107 39 86 119 13 91 105 94 21 78 16 126 119 33 68
    118 46 87 84 26 111 81 80 61 111 38 27 78 86 102 50 74 47 10 37 5 98
    97 104 9 113 9 120 40 75 85 97 85 124 117 24 72 43 74 78 31 109 72
    18 123 24 21 25 14 105 27 4 91 123 23 115 78 71 86 109 39 78 59 47
    39 123 78 98 58 11 73 25 24 93 72 20 68 16 61 8 127 14 20 105 32 127
    29 126 97 78 76 85 25 97 39 51 48 55 69 69 109 63 76 17 91 113 2 87
    74 22 103 23 42 60 13 22 73 115 38 93 13 55 69 123 81 43 42 70 14
    105 49 114 41 113 92 96 105 60 78 4 115 0 47 101 37 42 29 87 60 56
    73 72 68 10 122 33 112 34 14 51 127 80 18 48 14 78 113 75 67 78 2 10
    27 10 51 13 112 63 23 65 39 78 105 51 24 28 96 75 21 77 1 121 11 11
    76 121 106 13 124 75 22 52 67 21 108 53 2 106 22 107 71 43 120 48
    107 18 100 97 19 49 125 92 100 82 1 18 41 19 104 91 104 41 34 83 75
    106 16 68 78 117 77 35 100 0 27 55 99 115 17 100 90 69 63 93 31 83
    45 21 93 107 19 46 1 84 105 61 121 54 89 69 22 70 98 66 14 5 64 30
    38 13 98 123 87 60 80 60 77 43 52 32 56 65 57 32 69 9 69 110 107 2
    57 22 28 73 26 58 67 59 94 85 53 52 28 33 96 21 26 60 69 31 50 119
    64 51 125 110 57 82 16 125 19 25 113 99 25 55 18 99 104 78 59 63 101
    39 31 116 35 90 77 124 32 47 56 77 100 13 86 1 98 58 8 80 53 48 107
    26 30 47 49 84 70 115 87 103 91 50 16 49 7 19 51 36 60 27 67 77 95
    102 37 107 0 101 11 74 80 58 25 47 103 22 6 58 118 5 66 101 99 74 31
    89 20 56 11 45 11 4 73 61 31 20 0 69 111 92 119 113 60 87 85 120 123
    35 121 54 95 112 31 34 20 121 25 56 97 127 7 41 47 65 36 40 34 69
    123 7 62 4 84 22 86 63 65 77 105 89 50 9 8 34 30 116 98 48 10 117 30
    64 10 29 117 39 100 125 114 31 118 29 40 48 8 120 3 74 49 94 89 98
    78 81 118 37 119 119 114 74 52 53 73 49 91 126 113 45 82 114 82 108
    113 50 0 46 46 47 43 75 53 8 120 125 45 99 72 120 78 81 12 39 126
    112 97 76 88 111 4 97 68 125 21 37 119 34 75 37 62 95 57 64 12 5 27
    88 106 39 10 28 64 11 96 20 90 69 39 76 111 30 116 34 83 40 37 52 79
    86 20 52 69 117 91 3 35 1 26 56 104 53 41 63 96 100 121 88 98 109 60
    115 44 100 99 48 86 81 82 56 53 52 120 92 5 59 66 86 109 54 125 88
    77 29 9 95 104 34 41 54 66 13 88 62 47 35 33 5 38 110 30 71 2 0 79
    82 27 42 45 44 47 81 79 38 8 96 56 43 26 76 35 41 86 46 107 119 98
    68 74 42 107 116 68 23 16 88 9 89 69 101 11 86 69 115 62 122 102 57
    20 41 34 21 79 115 73 61 123 23 59 22 109 3 109 53 115 37 120 117
    115 114 109 18 26 12 114 102 70 112 57 37 68 79 114 80 22 116 68 122
    99 51 2 37 74 125 100 6 94 27 22 71 118 48 20 66 17 61 37 19 74 14
    117 97 31 2 17 121 12 31 85 16 89 106 43 77 8 106 98 15 1 21 70 71
    115 12 43 71 122 27 102 48 42 101 66 21 34 73 27 66 101 27 11 119 53
    33 78 104 24 89 0 116 6 20 38 111 88 118 83 114 11 98 68 37 90 117
    126 112 11 126 73 33 66 59 13 5 124 24 66 18 119 49 72 13 52 50 16
    114 91 80 106 31 73 72 113 5 36 6 37 115 11 110 26 102 46 32 69 2 22
    19 44 7 63 26 10 37 46 94 55 53 92 58 115 12 43 45 7 18 54 104 8 127
    108 122 98 66 25 118 20 28 84 112 81 88 55 88 92 99 127 76 52 12 73
    0 8 11 9 110 61 18 51 16 126 1 26 47 14 120 32 127 30 44 39 28 71
    116 17 66 8 112 34 38 107 62 102 5 35 112 18 23 54 78 33 50 98 35 49
    1 97 20 86 25 112 85 115 100 22 80 45 37 95 65 65 5 2 10 117 4 27 43
    8 96 125 109 16 45 78 78 94 8 73 112 9 114 85 44 96 46 41 119 103 53
    90 77 92 113 15 77 42 93 51 77 73 66 102 106 74 81 112 6 116 105 12
    26 55 2 60 80 34 43 81 17 105 3 38 109 70 121 11 19 36 95 59 92 17
    120 117 29 68 80 118 18 122 92 67 83 68 0 8 34 41 92 9 96 80 61 21
    107 14 82 8 126 70 90 10 36 90 47 15 7 119 82 86 109 30 97 9 111 58
    19 90 8 61 67 29 86 53 44 116 43 90 23 5 126 11 38 55 84 97 45 99 25
    76 20 39 108 41 67 3 46 108 111 49 106 52 71 57 46 88 20 62 97 97 66
    69 60 101 87 65 37 106 25 40 4 29 35 73 101 109 71 59 48 70 0 41 2
    96 68 80 125 113 17 125 100 94 48 43 93 11 22 25 94 26 51 52 125 23
    89 68 78 49 40 3 71 83 83 112 66 111 48 5 51 103 21 50 101 26 1 46
    12 58 49 119 108 121 107 71 50 108 38 28 74 10 12 125 99 8 72 48 127
    10 74 49 53 24 88 40 35 97 91 119 109 118 122 120 55 127 88 18 64
    103 86 28 76 51 5 37 101 66 107 33 94 9 68 78 39 51 110 89 36 21 101
    98 42 38 57 11 48 1 67 47 96 60 75 73 81 70 94 122 6 26 98 78 22 27
    54 83 60 89 85 64 51 49 77 112 11 23 71 27 5 67 2 32 50 90 80 17 3
    30 10 38 42 76 89 20 57 17 93 56 124 112 51 108 19 72 124 68 105 110
    1 111 46 102 125 15 68 120 124 54 4 1 64 76 22 121 82 12 29 85 56 98
    1 51 4 81 87 74 23 127 75 46 88 48 38 121 62 91 9 111 7 63 57 59 9
    59 56 0 54 9 95 11 90 120 24 98 54 99 44 41 93 101 49 4 75 112 12
    119 30 25 16 119 100 55 39 23 117 13 55 93 36 32 76 3 91 51 41 102
    83 62 16 64 89 98 104 10 31 92 34 112 51 73 53 26 50 30 46 121 30 32
    50 14 89 41 70 15 11 23 107 94 72 104 83 82 86 92 47 16 21 95 96 30
    126 90 24 20 28 33 110 87 38 44 1 17 77 98 110 64 38 40 104 59 110
    39 36 90 106 50 8 35 73 110 81 43 103 84 100 40 46 116 58 56 20 87
    84 78 73 80 24 86 119 72 12 61 9 89 116 51 45 126 26 46 45 123 30 3
    12 34 104 30 47 101 55 48 6 42 6 122 11 66 94 47 52 87 15 72 5 15 18
    121 36 85 32 61 19 5 21 96 42 83 9 102 25 118 41 74 117 70 53 53 92
    12 59 68 7 89 82 99 99 25 41 90 109 32 26 119 15 101 29 72 126 12
    111 58 20 13 82 121 35 24 122 118 79 51 51 120 39 76 95 112 39 62 34
    89 103 71 108 63 86 124 32 60 91 105 91 98 21 120 31 125 115 105 91
    5 80 97 73 5 7 63 98 63 74 62 52 117 74 25 115 60 69 9 64 54 109 58
    5 15 79 52 92 119 104 97 8 103 27 29 39 17 10 12 36 29 91 43 77 125
    46 38 29 81 113 48 55 101 38 9 87 126 38 25 34 47 87 24 8 126 104
    125 119 1 27 0 75 45 87 99 92 72 72 1 88 121 125 37 31 62 109 113
    119 13 98 31 24 122 6 1 19 34 33 72 85 2 69 32 58 61 72 113 26 43 71
    14 10 70 105 30 80 72 87 50 115 98 14 88 86 40 19 38 36 51 20 29 32
    62 43 91 31 19 123 78 79 106 19 11 100 11 10 111 38 74 38 40 73 35 5
    41 64 33 68 86 112 42 12 14 63 11 112 83 28 13 95 34 124 61 108 17
    88 110 90 113 18 40 111 3 98 82 44 94 11 124 86 44 66 127 18 9 74 66
    99 63 92 18 87 1 68 87 59 23 105 25 111 8 9 119 59 44 46 90 118 21
    119 91 59 62 70 92 101 62 11 76 13 49 8 17 122 124 13 23 5 96 84 124
    5 117 3 12 20 7 47 107 36 85 37 9 82 14 127 34 106 106 98 76 115 20
    42 63 43 34 105 125 126 47 67 88 111 44 60 40 56 62 30 73 78 46 87
    101 59 0 106 26 114 91 10 80 32 21 70 126 39 46 25 96 104 93 46 56
    39 69 13 7 73 74 118 103 91 109 75 125 76 90 21 7 40 84 21 9 46 95
    60 68 54 108 125 44 63 29 48 118 20 92 40 113 0 7 5 36 23 9 80 32 91
    59 90 95 69 97 7 79 107 52 43 49 78 86 12 120 0 71 17 64 55 33 48 74
    29 88 8 99 123 39 44 71 4 60 2 107 105 70 76 122 103 85 113 103 113
    83 106 87 101 42 43 32 21 120 53 69 75 106 54 56 4 101 105 82 118 63
    41 109 73 35 77 20 55 74 26 113 98 66 64 86 33 23 118 108 71 69 81
    100 56 33 110 50 30 61 11 42 19 38 97 126 81 116 73 67 39 98 87 82
    33 88 57 101 96 108 106 21 107 42 121 7 42 38 18 37 68 68 46 70 65
    85 96 115 53 42 72 121 0 9 22 6 104 23 15 112 65 33 85 21 21 105 90
    11 14 27 52 86 47 47 15 68 56 92 54 86 68 110 13 24 57 28 0 120 45
    83 27 78 90 20 41 40 63 63 42 14 84 68 51 86 68 104 35 12 77 102 56
    38 105 20 1 85 48 33 4 64 72 121 115 103 95 28 85 5 42 10 84 84 62
    101 61 50 55 108 107 77 103 23 113 93 16 28 23 14 20 22 74 68 81 79
    86 0 7 104 84 86 77 19 16 102 116 44 65 95 43 117 119 118 116 64 64
    122 101 29 1 1 85 5 114 53 71 9 22 124 95 84 96 85 114 54 21 95 30
    80 109 106 57 116 4 50 102 85 94 23 42 40 117 27 119 77 109 92 80
    120 86 42 37 54 84 14 95 2 54 71 65 72 26 114 41 106 9 90 11 4 74 34
    67 37 70 16 0 20 26 78 122 22 86 58 66 41 85 76 113 71 57 104 4 17
    82 11 73 6 8 71 23 109 93 84 30 36 92 87 50 62 20 35 56 73 15 28 75
    113 104 63 76 125 48 48 25 87 42 86 38 80 5 52 75 77 24 120 56 99 11
    24 48 111 9 119 25 105 53 22 93 127 76 19 101 127 74 14 117 56 96 85
    47 123 11 119 106 119 114 121 49 14 73 5 65 123 97 55 29 41 75 0 15
    121 94 31 2 111 49 102 93 24 28 78 50 110 78 0 45 56 112 7 59 67 124
    82 14 76 50 126 43 53 0 24 11 46 11 115 23 78 58 23 98 62 55 21 117
    68 67 95 106 45 120 1 99 54 88 61 2 50 68 83 102 126 119 26 109 21
    22 26 86 77 40 56 73 84 66 84 102 120 32 84 100 22 113 54 22 12 21
    49 31 35 48 13 27 29 1 25 8 49 12 103 39 25 72 89 58 49 45 60 28 109
    40 46 5 23 82 69 102 67 107 112 111 114 56 59 86 64 75 116 36 26 110
    57 20 112 43 69 61 31 90 126 4 1 48 84 122 45 76 43 120 27 85 85 67
    48 27 30 1 0 41 29 61 42 16 74 24 0 20 17 74 100 7 117 7 90 46 42 39
    10 117 111 119 88 54 100 53 16 48 104 106 27 15 126 118 113 0 56 35
    106 49 67 51 39 10 43 78 21 17 11 95 78 119 52 39 55 66 49 77 36 49
    49 70 15 94 72 57 69 30 114 43 78 89 80 82 67 118 4 52 22 13 89 71
    119 84 97 116 92 114 20 56 60 115 38 1 45 6 100 65 127 3 78 40 119
    88 71 51 116 53 126 72 38 121 48 120 91 36 105 13 46 38 111 16 103
    71 60 67 107 52 13 123 101 73 114 108 102 80 53 110 38 39 112 110 37
    95 15 40 52 59 105 80 42 96 83 14 124 95 120 75 93 28 5 50 42 48 94
    125 16 67 65 9 124 73 34 70 74 35 96 113 124 101 114 12 46 82 125 92
    21 30 103 59 96 103 32 72 69 122 78 80 89 104 28 3 28 8 107 116 18
    70 11 96 17 100 1 105 26 43 18 30 29 58 76 54 31 59 22 105 98 18 4
    125 58 49 123 112 109 64 95 5 25 125 54 16 22 78 16 17 13 41 25 67
    22 71 77 110 98 71 52 18 3 10 90 85 46 57 121 60 90 1 107 51 35 73
    52 116 2 69 82 18 23 55 97 0 18 72 12 54 73 62 119 36 22 119 85 32
    121 2 71 14 34 48 92 124 111 48 63 43 17 12 79 93 121 116 96 85 46
    87 45 96 23 102 25 88 14 108 6 59 30 91 11 122 26 76 105 90 81 117
    27 66 117 113 57 2 15 92 90 30 27 26 49 36 83 127 28 74 61 26 22 33
    60 101 54 121 28 63 32 116 40 86 102 59 12 89 118 105 26 41 60 34 53
    108 110 4 65 22 99 122 69 73 22 48 47 45 43 119 26 70 40 75 5 87 122
    56 107 71 88 48 30 80 93 79 22 90 18 75 86 100 9 76 54 65 119 54 87
    124 25 54 30 50 110 15 11 118 40 127 49 108 102 101 33 44 85 88 95
    34 42 103 57 41 80 120 32 86 113 16 119 102 29 108 114 95 1 44 120
    53 9 54 4 106 98 108 69 47 11 23 58 89 127 110 90 39 107 103 12 73 5
    101 38 8 46 1 88 118 94 8 35 64 23 14 82 114 67 22 80 76 44 20 21 74
    59 25 21 26 82 17 34 119 27 110 50 119 27 90 57 14 99 6 40 86 25 112
    126 1 6 76 42 54 7 92 80 77 101 49 43 90 68 0 84 90 87 71 47 126 28
    126 66 55 123 31 113 80 83 97 120 49 87 21 101 38 41 41 54 2 83 5 9
    43 122 119 40 10 125 15 43 122 40 87 104 95 36 39 56 107 13 40 108
    22 90 60 52 47 78 84 18 76 84 17 106 63 54 92 74 30 40 113 10 79 101
    114 24 39 82 51 55 125 0 97 57 34 94 69 95 126 1 86 47 43 70 38 2 28
    26 61 121 87 43 70 8 30 18 49 46 65 3 116 86 64 19 102 125 66 72 9
    33 124 67 43 73 58 99 9 73 101 118 42 47 68 15 113 37 58 90 125 85
    47 14 123 85 42 85 66 74 114 66 92 7 57 42 47 87 71 18 123 117 35
    111 100 79 1 80 113 91 115 23 71 121 67 4 40 19 13 22 74 35 106 23
    87 81 57 55 95 114 6 12 77 53 5 86 11 26 35 114 64 75 53 31 93 70
    111 21 85 19 108 54 69 55 103 31 68 40 86 107 64 89 117 55 93 122 69
    56 15 86 88 41 30 104 47 82 71 45 55 99 80 81 113 116 37 65 65 66 39
    123 116 67 79 3 10 54 70 58 61 107 33 59 42 59 3 65 65 63 78 67 4 44
    97 126 8 88 14 122 66 117 31 58 77 93 95 2 117 119 67 113 46 52 58
    101 31 96 77 29 91 45 1 84 44 46 28 0 68 16 91 54 20 19 76 57 44 76
    40 15 19 101 34 20 108 23 0 17 22 83 119 75 84 45 45 107 84 9 37 121
    75 88 76 79 19 80 20 40 94 13 90 11 17 26 98 28 120 69 77 74 43 43
    117 115 19 100 58 47 44 86 30 106 5 122 116 53 127 126 18 62 85 110
    87 114 36 72 77 126 16 118 120 2 19 21 121 8 83 124 42 19 92 7 1 50
    108 123 114 46 69 68 102 116 7 66 28 10 24 51 114 28 96 36 115 84
    127 101 107 16 90 58 105 28 28 54 112 9 126 106 68 1 64 32 90 29 26
    22 126 34 106 127 7 120 109 94 106 94 122 9 58 110 63 26 49 64 18 25
    21 104 67 61 4 102 42 31 72 50 36 6 115 52 78 44 33 78 105 112 42 43
    106 44 91 71 101 88 74 85 58 82 63 111 54 121 96 21 21 38 125 84 66
    14 35 127 43 14 42 75 0 63 121 88 89 111 125 83 50 34 95 15 80 46 2
    48 74 91 73 3 48 1 61 113 31 2 9 113 42 53 28 102 91 94 105 57 47 33
    50 102 16 104 53 107 33 36 15 118 52 117 42 109 14 18 68 89 69 76 35
    90 117 58 33 117 81 44 73 36 119 95 127 8 32 30 93 5 20 98 57 120 16
    27 125 10 70 81 48 8 127 91 87 14 23 83 30 31 107 30 3 104 81 88 59
    84 68 63 22 119 26 116 13 33 91 82 109 48 38 86 97 83 100 122 36 105
    46 97 56 11 59 70 48 76 74 112 119 81 103 35 96 31 105 105 107 103 8
    109 90 14 54 86 70 78 38 100 80 13 110 109 65 16 18 30 9 27 22 11 45
    123 54 46 3 45 50 79 64 85 15 85 55 72 34 62 64 78 106 66 69 57 56
    78 92 11 90 125 98 44 2 113 51 55 12 69 99 41 76 36 49 8 35 6 103 6
    80 31 74 87 7 59 11 123 67 28 71 124 124 119 4 96 109 72 32 80 14 54
    98 10 90 122 47 42 14 76 104 9 52 84 8 72 49 100 79 97 61 17 99 25
    114 101 23 39 13 32 109 15 47 81 99 106 58 19 108 34 58 13 57 41 32
    75 50 16 41 74 15 94 51 33 69 116 73 59 73 58 56 31 33 11 8 13 71
    103 53 22 70 84 62 69 54 56 69 119 22 108 1 4 35 127 13 14 122 94 48
    122 52 35 105 69 92 70 38 12 13 94 94 80 23 107 55 16 1 5 45 51 81
    73 97 124 4 44 8 80 108 111 108 124 6 121 126 36 4 29 54 57 114 93
    99 112 127 88 62 28 25 72 102 36 26 97 33 97 106 14 14 35 81 12 103
    31 119 58 106 7 55 27 80 68 77 69 5 85 40 51 9 17 4 78 19 21 104 6
    15 27 48 22 106 102 114 0 98 24 95 96 16 27 77 119 115 108 2 46 124
    31 43 122 30 8 122 4 67 66 98 17 95 84 1 62 28 35 108 2 118 114 78
    111 93 26 101 76 94 18 41 58 83 13 104 12 91 36 88 61 96 50 62 61 97
    48 60 105 100 114 127 30 72 6 22 56 107 77 102 58 99 87 125 16 68
    113 84 114 91 91 1 15 71 95 36 46 106 58 0 125 11 11 111 108 64 124
    58 88 21 3 65 62 91 108 25 53 118 30 74 36 6 76 6 56 52 52 76 72 103
    30 74 63 3 99 73 76 71 0 68 95 72 41 12 117 77 30 96 93 20 90 31 38
    55 30 58 89 50 16 22 0 49 15 75 30 95 17 33 11 26 34 67 36 78 94 36
    50 120 46 18 65 55 49 40 64 113 24 98 98 36 76 28 34 119 105 76 72
    72 80 61 57 71 30 27 12 21 82 59 110 56 105 24 4 24 57 35 69 114 49
    6 67 46 121 76 46 72 76 74 6 34 126 0 45 113 32 117 23 85 108 94 118
    88 55 17 14 61 71 37 52 77 4 41 38 20 78 21 85 1 78 65 104 82 41 41
    112 45 25 2 122 116 53 72 75 85 85 7 0 50 29 85 42 70 104 69 126 115
    21 2 13 30 117 77 26 123 111 1 10 1 47 71 112 94 24 31 78 74 67 119
    43 92 54 42 14 18 1 45 92 87 99 86 71 93 22 72 23 86 50 62 120 97 79
    35 14 18 67 8 48 116 105 103 67 67 13 18 30 82 2 0 48 34 115 18 82
    115 38 42 2 40 120 3 13 6 13 61 77 2 106 4 49 25 46 15 117 111 55
    104 82 50 109 4 67 43 119 29 120 44 79 0 41 47 1 113 127 79 121 78
    41 10 118 50 42 6 8 68 65 37 19 36 78 58 80 89 0 66 46 98 26 60 62
    111 0 43 117 99 15 9 70 82 15 123 127 112 31 120 61 35 109 4 19 47
    25 111 69 85 122 104 76 57 25 86 112 79 69 62 24 75 119 33 60 102
    121 109 22 49 49 116 65 81 31 12 70 56 81 125 93 77 10 127 35 100 90
    9 0 98 15 95 16 85 18 2 68 37 17 73 50 89 37 87 43 51 65 53 85 53 63
    50 87 105 35 20 20 37 23 45 114 122 104 31 80 21 100 4 78 25 30 11
    34 46 106 97 12 97 89 4 27 29 66 56 60 62 51 25 19 28 99 121 21 120
    9 76 127 15 85 47 91 83 74 96 84 72 63 123 70 121 29 1 47 29 80 71
    82 64 12 124 76 52 5 113 22 32 109 22 44 124 5 4 114 30 79 11 38 26
    8 82 37 124 12 61 126 86 92 60 124 82 122 118 86 64 89 17 53 32 34
    31 96 31 36 69 22 62 88 2 100 11 107 22 99 4 69 22 30 11 81 116 83
    10 31 100 112 80 113 3 22 30 80 84 87 28 37 47 1 58 25 123 46 98 98
    46 118 61 87 89 2 2 82 88 88 28 23 111 64 37 79 8 118 102 21 6 26 51
    91 51 24 32 113 98 14 59 60 65 48 93 61 124 74 102 88 21 35 115 96
    126 38 25 77 101 120 58 118 14 88 36 30 75 74 66 14 4 57 47 95 118
    55 84 108 74 34 69 67 110 125 57 29 100 94 42 11 95 78 76 45 24 114
    80 118 124 50 107 8 13 40 44 30 96 88 97 88 19 88 14 26 46 30 45 32
    109 39 87 24 45 12 82 69 34 113 24 80 70 105 33 113 40 4 60 47 87 30
    1 120 73 75 48 98 63 20 87 109 21 92 116 6 74 34 95 97 11 99 115 117
    16 50 17 74 13 47 2 124 9 10 110 37 41 7 115 72 95 6 87 20 41 124 0
    4 52 57 121 50 44 114 54 118 48 63 90 55 79 93 8 61 17 1 44 5 17 39
    82 124 35 127 9 108 38 90 53 14 72 47 65 60 120 59 38 83 37 104 112
    37 39 50 6 57 65 84 11 26 12 90 109 82 38 52 78 27 85 52 52 22 71 29
    76 93 104 48 3 124 18 69 54 57 10 20 5 82 106 100 26 87 91 119 73
    109 2 125 103 64 102 53 45 116 25 105 29 106 29 40 109 93 15 90 108
    55 121 99 125 74 57 16 58 33 18 56 123 94 12 38 92 10 119 127 95 99
    49 90 12 32 83 23 72 17 19 31 45 36 17 79 100 32 16 38 99 76 21 17
    66 113 83 96 110 6 47 8 4 75 105 5 82 51 56 108 93 20 46 93 39 124 6
    48 122 118 6 46 51 0 91 119 92 57 34 73 119 8 29 31 65 111 111 99 8
    81 61 17 119 90 81 19 105 106 73 84 114 49 105 119 87 48 42 114 7 47
    44 104 89 78 83 118 103 50 122 114 4 110 8 124 89 67 3 47 111 8 86
    97 67 51 57 50 112 41 16 39 43 67 113 91 9 22 14 84 39 53 122 110 49
    107 16 111 88 93 78 42 32 98 32 27 6 62 74 4 67 6 74 10 34 40 44 84
    105 76 105 5 10 99 69 115 16 72 9 11 112 20 19 100 20 40 60 41 26 12
    86 52 106 36 27 68 74 109 26 2 105 92 40 33 75 86 54 16 91 92 58 43
    125 24 79 5 17 55 93 21 26 78 119 61 44 52 44 43 55 43 118 45 28 69
    91 59 64 67 123 65 50 80 111 28 65 29 91 51 32 89 21 55 56 41 76 86
    51 18 34 35 99 103 104 99 44 89 25 63 61 18 84 100 16 41 41 65 126
    51 56 41 91 90 74 88 109 53 3 97 113 114 90 78 84 30 127 87 89 99 42
    82 122 33 4 57 54 101 83 70 115 70 76 60 102 32 15 47 39 86 77 48 92
    114 54 34 102 104 85 87 103 66 46 55 41 27 33 1 96 58 55 67 70 116
    74 39 2 117 25 35 113 4 114 21 28 62 53 63 65 59 31 95 22 1 58 49 60
    92 92 1 8 75 67 77 34 44 65 16 19 46 103 114 9 32 106 96 116 31 44
    88 0 118 18 42 22 98 44 72 44 68 97 78 102 39 124 16 31 107 77 119 6
    93 98 96 4 31 46 76 23 60 17 2 18 106 36 108 21 126 5 8 5 71 34 57
    125 35 76 87 56 20 93 101 24 3 3 4 92 1 86 5 4 62 60 13 48 28 126
    120 106 126 29 36 62 28 29 63 62 25 8 4 10 106 10 127 10 13 31 28 33
    8 106 45 22 77 82 13 55 23 119 77 64 101 52 33 123 23 100 18 62 115
    122 50 59 26 114 8 114 72 100 15 82 12 100 4 87 121 25 49 67 102 77
    67 64 11 72 83 88 117 41 35 78 56 14 12 89 92 82 87 80 119 37 60 35
    1 125 62 71 22 16 78 76 107 6 27 8 76 65 94 124 29 83 85 90 5 99 9
    94 123 38 74 119 104 114 65 7 14 47 64 24 125 73 124 12 38 27 99 31
    57 115 42 106 92 111 47 115 96 4 39 121 52 18 43 3 94 25 1 29 88 48
    92 124 2 92 51 64 54 124 98 60 84 100 36 103 2 95 111 106 87 29 103
    16 57 90 31 31 49 38 63 36 46 1 127 8 50 78 48 17 81 44 94 98 20 78
    60 79 115 21 50 46 60 91 26 121 114 103 127 45 99 118 25 25 96 102
    94 11 28 33 63 116 55 126 43 69 59 40 123 35 87 71 41 43 58 84 37 82
    18 50 73 103 99 108 6 58 121 46 80 57 115 82 34 36 33 96 54 26 77 12
    67 113 90 67 11 52 115 64 24 66 69 69 36 113 97 21 20 55 74 86 117
    102 45 98 52 48 125 71 35 109 58 39 85 98 110 91 57 7 126 18 7 29 57
    110 30 34 24 99 2 68 61 102 53 121 122 18 104 56 37 70 115 68 72 7
    19 69 116 17 122 41 26 21 67 19 30 104 24 91 20 35 24 93 97 83 122
    35 86 48 48 62 71 10 38 31 90 66 10 21 100 44 64 62 39 47 93 69 20
    33 87 20 16 75 52 23 78 98 9 74 24 110 69 124 32 51 33 6 99 2 117 88
    65 47 123 88 90 66 13 43 4 68 33 96 48 2 119 19 73 95 88 75 75 70
    117 119 35 59 26 99 61 90 116 105 120 16 19 1 91 124 100 30 30 72
    115 79 32 79 117 109 89 127 62 23 120 31 65 67 68 60 106 18 80 101
    26 104 116 126 61 71 114 42 126 19 39 38 31 98 96 81 79 108 119 121
    41 110 21 12 100 109 80 12 24 100 106 26 23 35 54 26 73 21 76 76 28
    32 68 21 117 100 69 30 94 69 75 124 25 21 98 105 31 2 122 9 16 96 7
    2 22 81 98 110 87 37 103 105 122 91 11 97 31 124 99 21 71 95 85 17
    103 12 59 82 87 113 117 72 20 112 45 61 53 120 0 3 32 9 127 112 122
    114 125 29 54 101 22 15 71 42 102 25 93 46 36 21 92 42 10 11 19 10
    29 29 14 4 9 76 105 14 70 69 87 90 98 16 60 3 48 70 58 125 21 103 90
    54 26 27 4 123 120 70 114 75 88 57 55 82 5 95 124 9 115 28 17 51 113
    102 43 19 39 66 118 53 125 34 3 112 70 51 102 49 14 116 44 0 27 48
    41 38 43 18 52 15 92 85 83 32 96 31 38 50 38 53 20 17 91 62 79 16 31
    110 42 94 36 110 125 99 113 42 92 95 43 82 104 36 95 60 103 5 67 75
    17 96 111 4 80 127 39 41 2 12 113 90 9 50 122 2 33 42 93 12 29 51 16
    93 94 92 88 108 78 101 99 89 81 58 113 86 15 87 55 0 8 126 46 3 45
    124 92 17 92 97 108 78 52 24 42 65 10 28 7 25 22 5 115 47 112 79 91
    84 73 105 42 114 102 53 85 110 17 99 73 42 67 32 123 127 83 87 68 26
    34 16 77 113 105 51 108 9 35 84 8 84 18 39 61 34 74 19 59 124 60 104
    78 113 65 68 82 79 65 82 44 64 74 1 21 86 116 43 103 110 18 89 14
    108 2 53 127 16 101 36 108 90 120 76 38 60 59 43 73 68 57 45 17 42
    40 26 30 53 123 13 36 102 108 53 7 73 74 18 72 34 126 56 56 78 81 93
    71 100 1 3 122 95 127 78 55 28 82 5 96 105 28 73 117 27 87 107 110
    40 7 93 93 75 100 114 64 55 118 96 32 4 37 4 47 118 43 44 44 91 28
    43 53 116 88 46 41 42 67 85 49 75 40 105 18 49 23 83 119 69 22 60 6
    75 78 124 19 7 30 68 122 17 65 18 2 127 0 27 22 74 89 56 72 45 57
    102 17 97 54 50 43 71 79 14 88 88 50 48 111 5 73 97 116 87 6 77 61
    108 70 12 68 41 3 19 106 126 5 39 60 51 36 54 102 98 43 76 21 69 16
    77 101 49 103 37 6 39 5 74 33 51 11 35 36 65 60 4 65 3 20 33 24 47
    41 2 116 101 36 76 114 14 104 98 43 121 96 47 45 91 117 84 3 67 88
    101 4 23 86 28 34 62 92 31 98 122 127 113 48 27 114 105 104 88 84 94
    75 3 116 49 88 105 13 58 81 121 127 81 43 13 27 11 81 38 21 108 50
    20 117 88 78 54 76 45 83 59 116 55 119 72 40 29 0 124 68 12 23 54 99
    23 31 99 89 107 23 121 114 97 116 3 101 98 8 82 111 124 21 9 38 93 5
    119 34 2 102 53 63 1 20 115 79 42 98 18 89 21 114 101 9 3 109 31 90
    60 10 114 71 89 120 19 18 61 123 82 41 20 16 62 83 65 32 85 15 56 84
    90 10 114 104 21 49 20 88 83 18 88 18 13 0 121 2 8 100 59 21 79 38
    127 95 35 114 81 34 91 3 91 82 37 10 39 52 20 64 111 127 58 69 64 10
    92 72 111 23 31 84 101 108 66 102 9 93 114 59 21 105 0 50 74 13 24
    56 66 107 125 121 100 52 37 126 4 31 112 39 91 9 47 98 115 112 23 39
    84 15 10 57 60 116 107 27 92 24 63 67 95 107 79 100 7 85 50 92 90 30
    120 89 71 102 78 70 44 70 117 92 2 110 84 28 48 23 52 111 79 121 26
    105 101 123 93 83 68 8 43 58 69 115 33 72 121 102 70 102 94 97 103
    10 82 51 55 29 31 31 101 20 86 27 22 97 104 82 101 43 97 49 50 121
    46 41 80 15 18 94 52 93 65 76 5 37 26 109 18 26 53 61 54 4 2 45 34
    86 121 31 8 114 92 17 71 104 105 45 81 95 64 11 49 103 93 36 67 65
    52 23 86 68 35 57 29 107 121 77 111 81 50 39 116 110 24 122 120 86
    10 13 35 5 24 77 85 124 96 41 59 103 39 92 82 49 77 100 96 110 66
    100 43 90 76 89 15 117 86 93 71 42 63 98 61 25 78 4 59 106 101 45 82
    80 61 0 66 86 95 110 95 122 60 125 28 89 69 125 44 62 83 11 47 38 75
    40 112 78 100 72 18 40 26 105 51 114 115 103 106 61 68 20 53 93 3
    127 47 67 95 35 74 38 29 105 72 77 34 68 108 64 97 78 52 2 10 13 96
    117 62 110 49 67 71 10 87 55 13 47 29 95 80 25 9 52 2 18 94 69 38 82
    73 121 11 100 101 15 26 53 120 16 14 123 47 36 67 91 93 101 83 15 50
    53 10 13 59 50 116 43 19 10 83 9 28 50 39 93 55 87 115 75 23 12 108
    115 18 74 106 122 91 113 121 74 112 98 47 104 20 94 47 108 82 114
    124 19 92 11 72 90 2 108 116 50 89 37 18 48 21 67 119 4 66 93 20 38
    64 80 37 21 50 7 48 92 96 27 121 45 5 45 9 4 61 116 61 122 117 50
    103 66 78 85 123 54 4 110 27 114 85 76 111 61 124 82 29 32 116 102
    65 65 70 92 15 94 111 49 1 56 50 40 95 83 78 31 127 25 95 12 111 15
    2 2 12 11 47 14 85 62 39 70 59 22 38 121 74 51 80 127 88 40 86 102
    80 41 98 27 47 0 106 53 24 15 85 71 15 104 88 89 60 114 69 103 25 33
    29 24 98 37 9 18 101 62 112 121 26 35 119 103 16 64 25 55 27 103 44
    69 119 46 48 83 9 22 51 97 30 110 7 53 3 22 49 30 86 47 105 2 63 67
    14 42 67 47 57 96 61 78 99 14 125 15 25 91 78 54 101 6 23 81 83 123
    49 83 44 35 124 14 15 30 24 93 33 114 0 73 46 117 95 60 82 92 40 115
    22 111 32 122 76 39 111 98 85 71 75 18 89 103 5 26 97 8 78 84 77 9
    22 57 114 77 72 112 126 78 0 43 42 35 70 75 9 66 54 99 26 65 90 34
    106 89 74 84 58 30 6 16 33 79 12 113 125 16 94 96 36 51 17 107 33 8
    112 77 42 101 36 94 57 11 43 119 104 40 88 90 119 82 11 18 18 54 16
    77 120 3 47 109 44 117 35 46 49 72 99 99 0 11 29 102 34 83 69 127 71
    3 21 98 110 15 27 58 104 100 54 41 75 107 4 79 7 28 76 84 127 88 127
    1 22 95 3 11 127 122 123 68 70 101 82 73 118 63 55 15 42 50 83 48 75
    34 112 120 82 21 22 85 34 53 101 28 87 97 0 22 122 86 54 91 98 53 57
    61 63 58 40 64 17 107 78 123 34 106 126 97 45 76 34 14 52 23 107 56
    97 112 127 14 15 26 5 53 30 125 2 11 47 15 76 40 59 3 23 3 40 108 17
    109 46 115 42 1 60 81 118 104 83 123 19 34 29 25 127 36 67 33 87 0 9
    4 88 65 70 79 43 78 76 109 12 96 92 29 111 5 95 43 122 23 57 108 104
    52 4 34 11 122 121 57 54 37 85 97 69 91 62 28 122 86 79 58 66 17 117
    58 15 127 63 76 8 71 44 46 2 67 32 35 75 101 16 116 17 9 86 78 11 40
    22 121 54 70 86 54 47 18 64 63 113 61 24 23 119 37 122 72 55 97 71
    122 88 120 97 124 120 45 69 1 98 30 68 3 1 103 71 26 81 81 10 42 79
    41 73 103 78 68 97 1 90 21 45 107 40 58 55 98 110 33 17 92 16 124 54
    126 84 114 3 1 53 45 13 10 54 12 92 67 42 80 49 98 74 53 21 24 99 30
    48 35 85 28 7 26 100 110 66 60 93 112 30 52 114 119 67 105 40 118 12
    105 63 52 112 120 111 24 114 98 45 28 84 19 20 110 110 4 19 27 45 29
    28 72 85 94 7 49 25 119 56 26 91 106 17 15 126 59 65 65 67 70 40 14
    67 87 85 101 96 120 121 5 121 23 52 99 126 111 9 91 46 110 126 53 12
    29 120 83 81 28 61 53 94 70 82 115 61 123 47 108 32 127 39 14 42 37
    51 91 74 23 33 17 21 117 19 105 76 48 39 39 113 38 5 105 26 88 88 43
    39 2 116 68 15 27 122 3 57 103 36 27 114 54 61 74 26 82 83 57 92 18
    19 71 2 6 47 4 69 107 96 41 99 22 69 46 54 116 10 111 5 28 30 121 0
    75 25 41 101 22 113 77 63 83 26 96 110 88 87 117 111 23 123 9 106 57
    79 4 111 1 57 86 62 77 120 111 51 67 21 121 94 25 115 81 94 29 122
    117 71 74 63 32 10 95 68 93 103 23 126 26 78 47 64 49 127 56 52 62
    71 100 61 12 13 11 24 102 127 123 126 118 48 126 116 89 123 97 71 98
    32 124 1 31 106 103 19 6 18 120 52 32 54 74 32 92 104 23 44 109 61
    11 85 90 69 66 12 53 39 38 43 84 116 52 118 88 49 67 103 23 88 25 93
    97 35 7 111 20 86 110 109 96 125 52 34 114 29 72 30 97 41 111 20 102
    125 70 45 86 78 123 98 48 81 45 80 102 49 123 52 115 83 26 68 20 14
    3 45 18 39 61 90 34 74 106 55 118 115 127 107 51 122 21 17 127 102
    127 93 110 70 107 61 34 18 123 66 102 33 108 119 60 20 104 26 80 113
    36 118 10 64 59 86 8 62 54 41 80 122 8 64 85 74 22 37 45 9 64 115 75
    46 73 24 124 47 22 61 79 13 30 49 0 126 27 16 80 99 18 39 1 17 33
    117 127 6 6 91 2 99 21 122 67 35 99 102 87 92 16 7 68 123 88 32 13
    86 54 105 85 25 124 58 19 40 24 114 18 30 6 110 78 32 66 65 18 102
    18 14 60 123 7 43 4 116 15 102 34 119 46 13 6 65 10 60 47 90 31 72
    21 49 3 102 4 27 3 6 118 37 30 11 54 106 91 115 58 121 55 89 77 127
    0 6 75 57 100 79 51 108 42 68 18 9 87 3 87 1 65 83 98 87 57 53 116
    98 103 52 7 28 101 81 99 36 42 117 0 81 52 47 32 32 125 42 49 77 18
    35 123 4 111 20 90 71 90 81 52 47 21 106 92 63 105 80 56 5 64 114 25
    108 102 11 125 50 63 78 61 17 32 47 76 1 1 54 24 73 114 85 38 23 3
    49 80 69 100 109 70 75 38 33 46 88 101 91 119 9 11 88 3 101 87 119
    49 71 60 60 23 31 81 72 38 24 99 87 11 38 102 20 37 19 125 120 39 94
    73 49 119 66 54 57 45 4 104 65 115 108 105 67 30 75 68 63 65 96 46 0
    56 102 6 9 65 113 15 9 66 44 70 52 80 74 47 39 122 72 45 31 46 57 35
    2 56 83 91 21 70 96 59 22 109 105 74 11 111 29 43 88 92 70 112 112
    10 62 92 72 5 51 56 20 79 79 79 50 47 79 39 21 115 47 48 92 16 92 97
    56 107 102 62 13 67 36 18 111 33 42 12 65 16 77 57 51 111 99 42 96
    31 87 102 121 95 21 46 36 67 75 92 27 42 37 104 84 11 5 124 34 51 67
    16 87 94 53 66 118 70 96 118 95 118 64 71 44 70 73 32 110 90 29 98
    77 62 35 82 33 67 98 112 57 11 55 94 11 124 127 95 76 64 9 67 20 8
    14 56 25 61 76 13 13 3 35 41 58 76 86 47 110 39 49 115 45 108 85 19
    26 69 119 39 33 103 8 32 126 72 63 50 32 110 47 114 2 35 96 101 61
    10 40 77 77 58 14 80 61 111 95 92 85 10 99 78 4 106 124 71 2 61 44
    70 15 25 120 100 11 80 64 3 70 76 107 87 94 95 98 28 70 43 32 8 1 54
    63 10 91 121 22 36 27 5 68 87 60 90 124 20 102 55 36 13 109 37 83 60
    16 38 27 121 47 95 13 32 95 97 39 119 79 64 72 45 89 100 77 5 69 47
    87 15 83 35 28 108 110 115 101 16 96 15 7 114 6 67 21 85 28 54 35 22
    72 23 56 112 26 11 51 63 75 78 33 9 51 45 3 11 63 40 52 10 102 62
    127 97 14 17 76 15 89 74 42 38 90 34 118 56 82 18 64 81 24 43 37 79
    52 66 81 87 97 30 37 32 6 92 11 127 61 12 4 61 27 53 57 5 4 16 76 25
    79 100 104 97 77 60 120 47 101 51 58 72 127 113 54 37 49 112 80 112
    77 119 81 100 16 40 46 77 19 52 40 72 106 103 11 125 103 10 35 98 3
    59 4 100 109 104 58 42 124 101 22 101 56 121 71 126 26 35 43 41 101
    37 115 101 26 2 110 81 84 127 7 125 9 99 124 109 29 104 111 68 93 54
    62 48 4 40 10 127 25 116 86 29 127 123 30 89 19 42 125 31 46 105 15
    92 61 68 61 32 102 75 49 99 117 90 37 63 63 70 17 18 87 105 20 113
    48 124 40 58 100 6 96 7 42 11 63 72 112 3 74 96 125 53 115 2 101 78
    36 19 44 87 41 14 2 12 8 81 91 108 47 112 90 21 91 7 47 92 119 54 21
    119 48 45 68 53 14 11 13 0 59 70 6 58 16 81 122 88 120 104 86 36 93
    127 23 33 46 86 107 117 117 65 27 30 103 13 45 74 106 55 51 89 58
    125 63 6 67 92 0 118 70 50 107 7 13 107 105 14 22 101 26 107 22 93
    89 116 5 88 63 64 18 96 18 37 10 120 31 23 41 91 93 13 17 38 27 125
    26 79 108 69 126 34 95 11 94 76 99 67 60 29 51 28 117 53 111 39 50
    118 90 125 47 65 106 64 106 0 125 94 44 5 70 48 113 103 80 57 7 38
    63 113 113 70 126 100 58 38 77 2 44 120 82 7 84 91 14 4 1 98 34 23
    34 82 16 123 83 18 88 8 15 20 79 122 19 74 115 46 70 116 64 77 119
    127 23 89 42 68 58 30 97 108 125 127 91 44 126 60 65 53 113 8 68 9
    41 106 100 28 59 48 13 87 9 33 57 84 31 27 85 47 87 63 29 73 114 122
    17 51 81 127 33 71 124 18 86 12 68 10 34 100 41 85 80 33 43 37 103
    30 40 71 125 87 4 84 106 98 113 122 120 15 98 45 31 121 48 51 104 37
    126 66 88 33 65 53 22 46 51 122 1 104 124 109 69 26 111 102 108 91
    87 80 36 6 82 28 50 97 42 32 13 77 34 24 10 14 7 98 84 85 98 107 61
    62 50 37 111 12 82 101 52 103 98 112 40 86 78 80 18 74 85 2 90 114
    21 39 43 48 73 73 14 72 24 1 51 71 10 82 77 77 62 65 114 103 34 46
    107 89 124 91 49 37 56 80 41 50 121 81 45 54 53 60 83 71 65 92 110
    119 31 46 88 31 63 98 58 95 78 48 77 83 64 76 61 28 36 29 110 20 109
    33 39 91 80 3 101 51 99 11 78 59 81 84 93 55 121 27 8 5 25 25 105 55
    45 109 124 102 127 47 104 124 30 94 24 115 19 127 95 34 40 59 68 95
    119 82 105 48 77 63 71 11 12 68 45 10 80 29 43 117 76 25 65 37 0 122
    65 110 39 95 125 120 31 53 90 0 50 39 42 40 23 37 20 39 25 59 62 23
    82 125 39 53 16 66 59 104 116 92 120 115 33 84 65 52 38 111 77 102
    76 116 44 123 108 121 116 116 71 51 58 103 107 66 47 1 30 28 22 56
    81 23 101 104 47 61 32 100 81 6 88 93 82 110 58 105 102 4 38 92 72
    20 112 25 75 25 109 32 87 43 71 107 75 14 101 77 37 99 17 43 27 62
    50 39 92 123 95 21 123 106 72 58 96 37 46 94 120 124 6 31 80 75 118
    75 27 121 50 120 77 121 86 75 18 127 29 27 119 39 104 40 81 117 106
    42 122 107 33 87 55 34 2 32 56 68 40 60 108 117 120 102 24 62 12 7
    31 115 104 32 108 55 67 93 28 87 97 38 27 66 114 65 16 111 96 85 80
    60 58 49 0 12 51 29 0 50 96 55 27 35 26 103 23 109 70 113 91 52 106
    122 0 127 39 9 8 68 94 11 64 117 123 26 32 115 112 44 123 56 28 90 9
    8 33 118 123 115 53 62 12 1 49 27 16 98 79 119 10 12 34 57 67 104 32
    5 117 60 123 58 89 97 113 47 4 71 84 70 88 104 117 47 74 43 2 74 12
    31 92 92 19 121 119 116 93 98 16 32 53 53 84 34 104 95 0 119 33 55
    111 84 120 57 52 124 64 77 94 103 70 110 91 121 69 88 100 65 21 66
    110 56 32 59 36 9 14 75 46 62 67 53 36 102 75 114 34 11 16 82 13 109
    38 59 78 65 116 32 94 104 44 99 54 18 51 106 2 48 53 103 50 62 113
    19 72 116 89 53 43 61 86 58 119 104 8 42 51 72 52 22 11 79 28 61 39
    74 5 8 102 45 112 117 11 34 109 120 120 6 41 16 61 52 28 112 50 49
    24 72 95 91 46 72 105 110 65 92 70 5 105 95 25 3 11 35 37 67 78 42
    86 66 33 28 45 86 122 20 100 21 40 86 11 69 110 17 94 83 20 104 113
    118 98 45 115 123 7 15 87 6 84 112 42 19 14 26 56 80 53 74 81 17 75
    77 6 38 57 102 48 75 11 46 78 49 43 100 76 65 108 79 112 99 109 6 0
    65 5 41 15 103 47 41 105 55 90 29 11 21 95 57 74 62 60 70 127 16 32
    19 110 53 80 33 68 62 5 28 66 127 110 110 7 3 113 108 46 7 6 21 85
    56 75 5 24 116 84 54 63 36 105 63 59 61 116 120 120 118 17 113 3 19
    82 13 35 39 62 98 36 17 55 114 36 82 12 102 101 111 1 120 89 56 116
    25 2 11 104 27 75 61 49 99 31 71 74 112 52 8 107 41 89 2 38 85 0 69
    17 124 72 106 9 80 109 40 80 69 46 75 52 63 32 11 93 85 2 32 81 33
    25 25 109 76 92 51 67 127 110 46 66 57 41 73 87 31 83 29 82 34 10 43
    95 8 104 25 76 41 107 44 39 70 85 92 50 30 39 2 112 29 58 19 68 4 74
    122 105 5 107 106 120 34 5 97 66 26 15 10 120 93 50 51 13 73 98 68
    70 15 69 68 120 34 119 1 0 16 110 116 25 57 59 96 104 117 111 100
    100 87 125 91 64 59 78 75 108 90 65 59 125 64 81 95 125 9 117 86 113
    87 15 27 123 98 21 4 24 76 59 13 98 76 60 35 19 59 10 81 2 103 24
    106 3 24 43 73 113 7 77 14 55 8 75 31 47 19 80 52 95 14 26 20 15 111
    43 33 50 91 84 7 21 102 89 10 113 73 108 29 125 97 39 59 11 86 8 65
    41 63 120 114 88 37 121 81 82 32 113 105 109 82 59 63 88 68 21 76 91
    10 18 78 10 6 98 9 71 58 117 113 55 81 81 26 121 26 86 80 70 62 98
    74 92 36 90 115 97 77 43 84 84 34 46 72 18 31 21 35 15 11 101 24 70
    125 107 106 69 21 43 35 77 122 27 53 119 50 61 39 29 98 49 75 103 62
    101 62 35 13 44 81 124 16 113 70 112 90 5 119 107 86 68 15 72 23 118
    97 70 109 72 53 100 49 32 75 103 70 67 75 123 95 68 47 0 109 38 86
    29 105 83 7 36 19 103 117 75 32 54 93 99 94 13 76 40 120 70 37 109
    71 34 35 58 17 28 22 42 39 76 24 107 34 60 33 16 36 59 101 32 75 66
    37 58 125 124 23 116 105 95 89 62 9 2 115 85 60 97 16 65 45 18 99
    119 126 105 99 23 53 94 122 11 30 24 66 53 75 10 104 51 91 62 38 89
    85 69 13 73 65 102 4 91 110 105 90 75 89 75 111 99 54 108 22 43 76
    94 61 77 47 72 117 63 98 104 67 13 94 31 72 33 40 92 66 38 70 127
    121 105 118 104 76 20 60 8 101 98 46 23 75 117 84 33 115 99 75 105
    30 59 34 66 82 58 6 39 78 84 55 117 50 88 113 33 104 8 52 11 113 29
    84 50 87 58 41 97 69 127 99 67 18 35 83 85 45 99 22 83 101 21 61 16
    122 72 73 4 33 7 119 56 95 61 92 30 115 62 25 103 58 22 125 47 19 30
    8 99 111 39 81 44 109 7 101 53 20 8 30 67 48 73 44 114 60 66 111 11
    112 114 113 89 9 5 82 18 65 107 62 109 2 109 41 92 76 49 102 29 7 65
    33 75 68 87 78 94 6 7 23 66 60 40 43 16 2 110 30 79 68 52 57 64 37
    54 8 94 87 11 70 112 96 79 55 107 26 1 92 64 81 85 95 117 74 111 101
    123 59 47 40 63 118 40 40 110 85 117 36 10 86 61 11 83 11 125 90 45
    112 104 60 3 10 25 102 93 101 0 18 31 41 114 26 75 61 14 99 23 10 97
    104 62 73 13 113 76 2 36 87 10 89 87 67 76 79 0 123 120 30 1 36 126
    39 62 15 87 105 81 94 117 59 33 31 68 70 12 107 43 17 15 60 101 3 57
    114 10 90 71 24 11 19 117 77 33 88 1 93 49 108 89 26 31 56 106 96 6
    113 9 0 97 84 95 114 58 115 67 22 109 106 124 106 30 96 63 69 68 101
    119 117 36 75 58 3 117 28 81 76 22 79 61 98 9 14 107 82 101 12 56 93
    28 118 94 2 123 3 75 88 3 72 93 44 59 2 11 100 43 65 90 64 23 110 32
    25 32 21 25 72 71 123 17 116 0 67 11 81 79 106 104 36 67 96 10 110
    16 123 26 43 2 2 22 65 43 77 110 87 88 21 11 27 87 126 28 50 122 84
    54 117 69 78 9 111 95 102 120 32 123 16 116 122 93 2 38 6 58 117 53
    52 75 12 72 65 89 50 39 79 16 125 98 64 93 118 8 92 20 30 13 81 34
    106 1 2 64 99 43 121 113 3 124 71 107 122 120 11 98 31 47 29 51 77
    51 17 77 78 90 57 100 107 29 55 45 68 61 95 40 82 72 48 44 79 34 124
    106 77 59 100 78 2 104 51 28 87 121 107 116 101 74 93 97 44 12 87 25
    107 48 48 113 83 13 35 58 2 37 81 114 81 99 117 24 59 79 103 50 21 6
    60 125 82 57 90 36 3 59 76 84 106 94 73 91 95 11 104 4 94 42 121 22
    54 53 33 63 97 56 21 123 14 5 111 105 33 83 60 5 35 119 126 14 23 13
    103 14 88 35 123 24 9 79 30 74 46 12 103 55 81 72 10 87 66 49 6 95 8
    26 34 80 109 36 58 43 44 21 22 95 87 123 77 119 114 1 84 35 91 98 67
    65 121 78 127 63 9 29 3 43 105 92 117 29 86 56 44 74 87 18 58 73 13
    16 55 27 54 43 68 127 93 89 95 125 2 56 102 119 81 54 5 0 66 9 114
    127 28 108 76 75 115 74 22 81 38 20 44 108 114 44 53 47 125 33 10 4
    29 39 127 19 34 14 37 43 13 58 102 82 35 14 27 71 36 5 10 117 118 20
    99 44 113 31 8 45 29 57 33 103 49 28 99 8 30 97 83 121 84 82 33 22
    83 53 27 11 25 67 95 45 34 23 60 21 37 51 86 126 87 71 92 126 94 5
    62 30 6 108 79 52 6 24 46 73 91 75 125 113 77 54 6 16 22 46 90 107
    104 28 109 123 64 97 109 42 31 79 86 12 97 12 116 91 64 74 90 89 64
    10 127 89 10 12 116 42 90 62 15 2 47 98 92 125 23 107 82 115 59 29
    91 124 114 95 108 55 27 0 125 74 61 41 2 68 12 61 70 4 72 43 23 9 0
    36 51 96 88 112 14 59 57 73 37 75 40 90 99 35 17 5 23 57 123 26 41
    28 42 91 26 21 31 52 111 117 3 21 52 9 26 110 116 37 65 72 18 79 9
    43 43 99 66 65 89 96 19 14 35 89 88 101 11 66 47 10 108 35 95 41 105
    33 3 119 122 127 37 39 72 118 77 11 101 76 19 26 73 2 75 80 95 29 62
    38 115 37 87 47 8 70 106 3 49 70 56 102 109 33 100 39 84 109 118 28
    57 39 121 45 24 122 53 59 88 100 31 23 123 60 59 100 84 62 5 111 58
    31 45 122 20 87 65 4 108 79 113 79 79 111 41 55 33 87 36 108 94 71
    85 98 97 85 68 40 17 75 106 89 69 49 27 86 88 93 123 79 40 87 18 97
    74 52 4 2 101 45 16 115 61 53 32 116 122 80 117 80 86 121 39 18 0 54
    89 69 100 89 42 48 124 71 75 59 81 0 107 80 102 35 91 70 65 23 122 4
    81 14 24 90 47 26 13 118 40 116 68 80 115 32 59 127 108 36 85 90 64
    75 43 34 44 10 40 38 79 108 119 114 95 32 122 124 78 9 48 55 67 86 0
    10 78 122 101 19 103 16 117 84 41 58 69 71 26 32 79 105 41 36 5 68
    14 49 54 69 42 94 84 90 98 10 42 76 120 60 43 45 16 17 76 57 36 63
    33 89 37 17 68 38 103 66 10 9 76 83 9 22 81 87 61 68 96 11 19 111 7
    3 109 67 115 75 14 92 87 111 60 123 82 116 57 101 61 76 105 51 94 79
    122 77 39 126 22 80 77 74 97 119 115 29 65 121 75 19 45 43 18 124 62
    123 53 96 14 111 36 32 32 126 29 76 92 15 47 91 23 21 64 37 66 94 62
    18 103 88 13 60 113 10 96 79 99 3 81 7 10 109 111 85 16 108 74 80 13
    84 73 113 14 79 30 2 11 104 47 110 107 53 11 7 64 44 70 89 109 57 33
    92 10 119 107 52 119 4 63 65 77 73 5 80 54 6 102 13 19 47 66 36 62
    118 113 18 13 6 97 6 80 21 4 13 3 124 115 0 123 83 6 120 41 3 19 40
    73 38 68 49 107 94 108 64 62 123 43 28 125 112 108 95 45 113 82 61
    117 124 24 26 106 71 89 104 42 73 76 18 43 31 113 0 64 20 104 37 52
    65 73 3 92 113 124 82 48 124 88 125 54 100 72 125 52 68 60 114 97
    108 8 24 8 28 58 23 123 109 16 62 59 104 119 27 24 80 90 106 109 25
    97 119 5 25 67 23 105 63 27 112 13 46 78 33 31 124 119 7 37 40 106 1
    28 45 86 119 41 121 50 57 95 67 81 93 30 110 18 107 64 12 73 79 35
    29 98 26 48 46 21 90 116 114 26 94 118 35 55 127 55 12 42 103 31 118
    100 61 115 19 28 10 2 67 42 3 11 52 93 37 73 30 12 49 122 21 21 65
    93 3 51 91 78 34 79 38 68 2 52 73 124 36 76 62 77 16 54 67 99 62 116
    4 37 98 98 73 100 123 52 109 21 120 14 75 91 3 100 35 24 110 24 41
    75 87 66 62 84 19 123 52 21 63 33 31 31 79 69 90 98 80 113 64 17 10
    97 60 39 78 93 69 40 74 85 36 19 32 66 92 119 5 6 80 1 67 76 63 98
    40 110 94 44 39 108 25 27 32 70 112 116 72 37 77 1 12 97 16 64 24 51
    51 117 64 7 0 67 17 85 89 8 62 127 15 62 92 46 93 36 79 119 58 11 82
    78 110 53 50 85 87 31 32 70 48 112 56 72 97 110 30 86 109 20 25 42
    49 18 82 75 96 55 113 27 3 14 2 123 19 123 117 16 32 112 113 88 62
    41 87 75 77 15 0 51 70 72 14 92 31 53 94 9 87 49 35 113 74 40 42 83
    112 30 116 49 118 37 85 64 74 90 0 72 7 65 38 26 97 10 43 100 2 19
    109 100 75 31 62 80 91 93 96 23 83 100 68 60 113 90 52 47 22 54 102
    57 68 52 62 63 9 13 10 0 121 62 71 42 84 0 115 107 49 45 110 118 63
    108 95 13 122 71 29 43 69 57 75 7 119 40 54 71 23 117 68 43 31 67
    125 40 104 73 29 92 20 39 3 101 115 70 72 34 103 32 36 61 37 109 91
    12 125 49 45 70 106 29 119 37 92 126 73 52 102 46 58 5 85 103 55 65
    29 71 109 100 71 117 88 92 59 18 71 88 27 54 97 109 96 116 23 40 109
    35 115 125 99 48 24 8 64 29 121 22 41 43 113 18 30 15 127 31 73 4 70
    14 64 106 25 93 57 17 72 44 36 52 105 22 26 111 100 15 73 50 82 47
    90 35 89 101 64 13 103 85 49 83 42 85 43 94 82 118 89 59 31 115 18
    38 34 43 57 86 82 120 5 127 55 69 55 19 51 112 115 12 72 57 54 102
    91 127 65 122 106 6 8 83 65 68 16 70 43 67 57 64 27 50 9 60 67 28
    123 111 65 75 35 45 89 35 57 0 39 38 24 99 14 45 89 46 106 77 72 36
    125 52 29 29 3 7 100 75 59 11 19 95 102 4 91 118 117 23 19 69 36 32
    98 37 18 120 58 112 120 40 5 27 85 33 12 1 18 42 29 20 57 106 118 93
    34 17 111 50 40 95 72 14 52 27 45 8 64 40 64 53 107 39 60 89 70 18
    49 124 95 40 112 30 55 58 73 0 35 64 35 94 0 14 68 36 108 87 41 42
    66 109 120 10 116 25 49 115 16 28 118 47 31 126 23 95 88 76 41 45 94
    113 125 34 68 120 42 125 49 14 94 32 34 117 102 51 109 127 59 41 2
    66 114 100 25 51 124 35 11 107 124 55 103 47 18 65 32 65 78 55 87 92
    8 83 87 18 52 95 45 55 100 68 77 70 124 66 49 7 80 84 4 53 108 59
    111 5 121 109 6 126 96 40 39 77 116 61 123 67 70 126 71 104 1 59 125
    46 110 115 51 34 122 49 109 14 27 104 27 127 70 46 73 50 29 104 115
    72 63 110 76 11 96 100 102 37 17 53 56 32 100 103 76 88 65 81 114
    107 46 98 33 53 109 74 105 80 122 91 94 43 57 119 48 94 125 6 58 82
    95 89 96 55 72 113 30 103 52 118 23 72 86 101 30 21 86 103 111 26 46
    125 38 20 57 69 90 41 121 91 42 119 1 69 57 7 42 31 57 89 23 16 114
    72 119 20 10 37 86 120 41 11 0 23 92 11 80 39 113 112 27 45 120 11
    33 87 118 77 86 58 48 108 123 87 62 13 92 30 37 10 106 113 99 54 61
    18 75 56 118 63 106 41 53 102 82 16 14 126 69 117 67 48 60 30 101 75
    107 5 8 31 88 10 40 51 44 21 111 97 98 81 44 28 127 126 114 64 64 36
    28 61 76 55 125 112 89 22 106 104 93 114 74 113 104 15 120 120 1 53
    107 59 81 105 92 65 20 38 17 7 82 115 105 55 39 16 64 78 87 108 97
    109 67 117 48 1 126 33 113 41 57 102 54 77 12 27 48 54 116 90 119
    108 60 59 93 105 110 123 127 77 20 100 112 42 58 6 79 24 112 60 12
    101 121 21 73 65 93 1 113 100 82 46 121 26 77 89 63 78 22 105 114 90
    110 49 56 13 91 52 77 34 3 37 80 22 55 101 40 88 46 54 55 41 51 122
    103 54 52 79 77 71 113 33 5 93 66 63 53 18 58 4 46 72 46 48 97 31
    117 58 63 55 30 20 127 75 14 31 84 3 91 63 70 121 110 28 12 79 19 17
    113 102 85 87 10 66 77 46 116 126 89 39 64 60 6 113 64 61 19 73 38
    92 105 76 5 43 41 85 70 108 101 74 79 23 114 4 57 84 45 89 81 75 0
    71 10 117 93 91 19 115 107 73 20 125 126 52 108 127 106 102 88 125
    60 126 99 20 74 84 54 20 64 41 79 80 15 80 0 119 25 5 65 31 66 31 16
    79 77 24 64 18 93 29 41 18 84 84 13 49 126 27 28 105 17 50 27 25 98
    127 89 80 111 70 10 111 122 115 4 40 28 36 58 116 60 76 59 76 26 122
    105 105 25 87 127 64 78 123 58 39 4 108 49 82 94 65 59 31 106 84 63
    57 84 67 79 28 107 86 40 56 126 63 25 115 120 85 46 78 34 5 34 95
    107 74 85 43 117 122 81 2 34 51 123 113 57 71 97 59 124 124 64 106
    98 116 19 51 20 94 24 37 65 12 123 105 34 100 8 6 105 98 107 70 34
    64 17 62 7 67 78 53 37 104 104 13 98 96 38 19 30 82 8 121 10 104 45
    124 33 17 87 95 33 124 98 95 127 49 31 2 122 64 65 101 91 30 48 65
    118 127 5 125 97 122 67 33 33 64 54 38 40 49 30 44 37 58 105 49 44
    66 45 22 65 23 58 37 1 20 26 127 100 87 57 17 101 3 10 99 6 47 104
    46 36 46 97 94 63 73 50 126 55 106 117 119 109 98 73 78 22 32 52 54
    64 92 71 121 6 115 102 62 71 24 13 40 64 63 15 63 56 83 41 69 64 120
    95 84 48 72 44 14 6 121 28 16 45 34 71 124 19 33 4 64 66 37 114 62
    21 116 43 110 41 55 6 23 49 48 27 5 1 95 54 79 4 47 16 125 55 48 78
    3 12 76 2 124 50 49 94 107 124 2 22 117 6 3 34 90 87 69 53 81 63 67
    99 21 37 57 84 64 125 85 9 51 14 9 94 27 22 23 79 65 41 105 38 97
    100 23 100 26 83 11 101 61 112 46 10 27 73 4 21 85 110 117 96 41 86
    46 116 10 48 20 17 3 2 127 35 17 88 87 20 27 14 105 38 93 87 63 112
    127 46 22 67 73 53 111 25 79 110 41 53 102 100 102 21 109 70 124 94
    80 0 39 66 124 65 38 57 87 94 27 5 19 91 125 0 15 5 12 119 13 96 51
    16 108 107 124 78 47 112 80 73 98 5 51 109 96 5 27 87 101 127 125 99
    33 122 79 18 71 20 60 118 55 76 28 81 77 57 68 24 52 57 67 39 11 68
    102 101 97 98 68 52 76 94 60 90 116 118 12 56 115 107 89 23 85 113 5
    91 15 49 26 0 36 88 15 22 34 20 64 94 56 103 62 65 8 27 63 6 53 99
    85 113 97 45 78 108 101 62 0 8 67 93 32 5 106 100 20 81 64 42 98 79
    123 8 45 114 63 89 32 61 65 12 28 84 77 59 72 126 127 55 69 17 47 51
    0 24 81 6 84 6 49 49 111 90 40 91 65 70 67 117 115 7 54 100 29 43 82
    30 29 95 82 62 48 87 43 21 11 96 72 72 113 91 48 52 113 25 67 125 77
    71 124 70 87 101 116 106 88 41 80 68 114 122 87 76 69 109 22 85 5 71
    73 55 78 28 19 91 27 63 28 44 106 125 41 77 70 45 123 70 79 89 48 67
    57 40 4 53 36 72 5 14 31 59 50 57 110 95 13 75 20 72 21 90 14 27 30
    118 22 23 71 35 127 36 118 112 43 123 3 13 108 88 100 63 110 85 1 92
    90 104 29 112 50 116 99 41 76 77 125 54 42 46 64 95 117 34 90 108 34
    48 78 98 80 99 113 18 40 26 43 125 81 24 43 3 90 38 25 9 8 4 41 52
    50 15 19 41 34 25 56 42 61 64 28 36 16 5 98 102 71 54 111 105 100
    103 72 70 38 68 122 23 90 61 117 90 86 35 88 59 36 33 52 18 106 126
    19 60 31 34 7 110 91 66 1 100 19 29 109 71 11 45 121 13 72 61 113 56
    73 23 27 55 57 114 112 111 114 4 8 23 58 27 121 65 22 36 3 16 48 20
    41 109 122 123 65 95 78 6 1 41 80 14 12 43 121 37 43 86 82 20 56 94
    70 68 119 65 45 22 76 89 101 37 73 86 47 87 68 10 114 78 31 41 101 5
    19 53 99 20 44 67 5 124 60 103 73 83 7 93 31 69 63 50 49 3 47 5 52
    111 13 42 5 26 45 108 77 1 3 51 38 83 46 75 84 125 127 39 30 0 52
    126 111 58 16 100 19 12 63 46 16 3 119 114 108 117 25 114 120 77 27
    112 121 89 106 0 121 0 112 109 61 34 97 31 20 89 126 6 32 67 92 8 88
    32 56 18 30 20 68 68 90 74 46 56 88 53 27 40 56 12 116 46 74 66 59
    59 117 114 85 22 105 75 11 120 71 9 63 24 44 125 32 124 76 75 31 112
    112 41 106 82 60 84 72 51 27 64 76 117 108 100 73 95 28 71 43 21 31
    104 124 67 70 6 105 41 120 56 87 5 71 78 69 16 80 113 29 1 78 8 116
    17 35 119 42 92 14 56 97 81 72 97 103 124 56 25 71 91 49 55 110 2 89
    57 107 110 34 59 113 63 48 125 92 90 50 91 13 125 32 4 106 23 95 108
    101 24 123 121 43 72 75 28 76 102 60 79 49 31 48 10 40 77 13 69 49
    82 102 57 34 42 126 105 4 65 65 33 117 110 43 110 118 7 37 101 31 29
    6 36 75 12 109 43 49 80 103 47 117 121 60 93 41 125 55 114 110 64
    100 24 0 20 46 73 87 12 49 99 17 16 53 29 48 67 40 122 2 36 81 47 44
    59 44 48 50 70 5 44 104 92 21 120 0 83 95 82 12 71 65 118 56 89 122
    73 11 127 14 41 51 11 41 31 90 48 31 59 88 126 21 47 80 82 52 110 87
    61 58 43 75 54 23 29 101 63 76 124 38 108 96 6 115 97 26 29 21 64 51
    69 48 57 126 12 115 16 124 89 27 29 77 25 32 113 102 77 3 100 86 56
    15 79 42 57 35 9 67 33 78 86 84 75 21 82 27 124 83 46 6 67 48 58 111
    122 88 24 71 95 66 98 101 62 87 38 101 59 46 0 86 22 38 80 43 68 19
    40 51 8 107 64 70 38 117 27 113 101 49 86 119 41 110 78 8 82 53 127
    32 15 80 83 18 84 11 56 107 33 126 35 75 90 35 67 69 38 90 110 83 18
    25 80 45 120 5 90 79 106 64 54 47 124 1 62 79 15 24 24 90 109 115
    125 108 38 107 59 78 124 24 35 115 86 115 52 4 66 74 40 57 11 24 61
    56 5 97 3 65 117 122 24 108 56 6 34 111 90 5 9 7 59 75 114 44 111 65
    28 120 86 81 84 29 80 62 57 91 82 114 36 74 32 88 66 109 88 27 109
    105 25 12 114 107 107 12 6 23 45 38 102 45 2 66 72 13 21 40 95 2 79
    122 117 74 114 111 115 77 122 1 43 108 27 112 5 97 10 64 31 61 2 86
    44 124 74 92 20 34 74 30 109 51 49 72 92 45 83 81 116 21 15 104 30
    58 108 15 67 18 76 83 6 123 25 29 100 40 40 55 112 113 37 74 89 73
    97 0 74 32 78 125 37 57 80 93 105 69 10 49 0 122 100 93 16 41 69 51
    49 119 102 80 9 77 95 71 85 72 45 37 53 85 17 50 71 103 106 65 33 78
    31 73 121 68 35 21 13 20 43 80 105 6 62 103 91 70 72 63 38 55 11 127
    63 86 28 31 29 41 42 32 8 76 44 49 18 91 80 88 25 60 38 52 87 11 39
    93 5 43 23 88 38 78 54 48 35 37 80 25 100 41 14 12 56 0 88 77 69 43
    31 26 83 24 65 41 12 55 107 28 80 50 34 61 39 27 38 22 85 109 15 112
    63 42 72 100 92 6 38 123 52 68 43 99 82 72 104 55 79 50 2 22 68 120
    12 39 69 101 96 3 98 21 102 78 123 37 69 65 47 39 30 42 64 39 77 59
    99 66 22 26 5 31 5 21 20 48 106 0 58 121 48 11 71 80 19 53 47 40 108
    64 18 62 127 72 71 25 96 126 72 95 35 50 42 70 81 35 90 75 118 69 66
    54 45 9 101 66 44 56 2 12 118 35 2 7 61 85 26 48 43 94 127 127 37 91
    76 95 83 88 47 88 0 62 6 98 81 36 109 117 43 21 2 99 71 113 93 46
    106 5 109 123 84 107 55 73 28 12 39 8 14 79 61 122 42 90 8 94 108 58
    45 63 55 61 64 4 35 58 119 24 31 23 101 124 122 32 94 64 48 100 57
    94 3 27 105 101 65 86 77 55 32 16 105 119 88 31 14 74 56 27 86 22 73
    62 50 55 46 74 81 106 44 34 54 79 87 109 120 77 69 25 100 54 59 59
    26 76 114 17 54 68 17 88 8 106 16 100 55 123 84 15 81 25 87 19 19 65
    26 46 47 14 31 119 98 101 20 93 2 65 62 94 9 116 32 39 29 95 15 86
    93 96 22 39 48 59 28 3 50 8 81 66 35 102 40 22 7 110 4 126 12 60 112
    74 60 77 16 82 34 50 16 105 105 60 40 19 73 48 94 32 125 119 18 2 15
    27 102 37 76 63 44 91 24 37 46 59 60 76 42 51 35 6 74 119 113 28 30
    97 58 19 90 0 123 10 26 116 87 84 96 119 97 27 127 96 98 122 101 102
    23 99 32 87 48 26 47 46 98 90 23 25 73 49 22 121 94 52 10 98 108 55
    1 75 96 23 33 14 120 31 126 126 114 103 37 100 28 119 123 92 67 58
    57 122 71 45 117 49 53 110 70 65 99 21 22 70 9 81 103 51 85 53 46 17
    72 119 3 85 45 42 82 116 9 122 57 65 33 124 69 74 49 13 24 59 36 88
    63 23 120 80 106 81 36 49 15 64 33 122 104 44 28 65 58 7 72 20 109
    86 91 46 39 38 73 46 42 63 122 17 53 95 62 48 110 69 91 84 11 35 118
    16 119 18 90 18 55 104 26 70 31 114 75 37 32 48 76 5 4 101 65 85 51
    24 62 100 35 119 79 62 18 123 26 65 77 100 81 16 61 20 9 40 27 22 32
    55 20 35 65 84 28 118 120 55 106 56 26 118 123 65 101 40 26 118 55
    38 86 21 54 121 98 104 23 18 4 125 108 93 64 108 110 29 15 50 10 15
    90 81 30 44 118 17 97 54 119 77 125 108 2 61 126 58 115 25 88 120 1
    15 106 37 111 34 21 60 32 108 111 1 91 20 1 77 98 68 51 24 31 101 18
    38 66 102 12 79 34 17 82 79 38 99 90 73 119 53 41 11 35 118 102 109
    113 35 65 25 6 106 37 72 94 86 36 26 33 3 10 43 53 51 64 4 56 17 104
    53 62 69 64 86 22 9 113 8 86 81 77 61 17 85 116 90 10 71 46 41 30 97
    34 41 125 12 51 10 13 34 26 41 116 40 21 90 7 15 92 53 59 105 23 126
    46 8 53 9 105 53 42 57 69 6 55 33 16 122 51 4 105 73 125 106 73 20 9
    54 32 113 13 61 65 73 44 83 101 112 99 77 78 13 88 76 87 50 9 123 25
    77 74 3 64 59 78 6 113 123 100 24 6 16 58 92 27 80 29 25 48 85 88 54
    13 47 52 10 34 50 67 35 88 93 102 41 47 1 114 14 120 35 36 88 80 28
    76 33 31 19 102 41 115 7 109 39 125 56 104 103 80 28 14 42 32 24 119
    122 34 60 112 11 95 54 121 98 85 62 14 0 57 62 64 49 31 73 39 76 95
    124 4 2 91 39 45 93 109 73 38 20 62 44 100 105 97 69 82 102 73 45 57
    66 23 40 107 120 39 100 62 42 77 30 14 96 16 47 1 58 62 42 121 88
    100 85 105 79 45 103 11 70 118 112 14 33 73 6 1 38 85 69 121 74 19
    81 36 46 99 66 120 24 47 124 122 102 103 58 72 46 25 42 82 103 61
    117 91 98 41 117 30 67 13 3 42 36 25 120 113 20 17 36 76 104 115 121
    31 21 50 109 35 102 92 36 57 103 110 110 72 51 6 118 83 32 97 80 77
    59 94 88 31 55 48 7 60 37 82 124 17 74 10 71 94 38 27 57 13 106 34
    87 64 56 107 31 111 18 1 121 96 2 69 111 43 56 25 74 89 7 76 8 68
    123 22 63 3 114 1 6 116 8 70 85 123 102 50 50 84 3 21 88 1 95 38 19
    4 122 60 18 39 59 76 50 43 53 115 122 97 39 29 27 87 71 28 35 91 21
    55 91 54 84 43 4 38 80 31 78 9 122 79 8 8 105 69 27 84 117 44 37 38
    21 107 30 116 75 71 120 116 51 53 37 85 106 122 37 85 107 20 26 39
    69 94 108 26 11 1 59 79 69 82 59 12 93 50 40 37 119 9 72 8 52 12 124
    14 35 35 53 14 78 42 87 103 77 2 19 24 57 1 76 9 23 42 39 48 53 70
    23 48 29 26 81 96 26 44 10 84 8 54 113 62 14 21 30 104 59 44 108 42
    99 124 6 67 13 13 93 127 40 102 96 9 18 72 81 91 87 73 50 99 44 93 0
    85 82 15 68 58 61 86 94 69 54 40 94 8 86 50 110 99 89 3 62 90 79 113
    64 67 78 1 70 78 49 80 87 105 93 108 20 51 48 16 20 91 64 34 26 79
    118 15 91 46 41 118 26 68 58 70 70 15 55 39 61 54 56 123 52 99 104
    122 97 15 59 30 65 39 85 115 1 49 31 79 82 121 61 30 118 70 106 48
    42 67 21 20 22 112 73 62 63 66 59 1 13 86 41 86 95 76 26 65 71 112
    80 43 7 109 42 117 24 29 16 116 115 8 30 111 39 35 79 23 104 43 10
    21 109 122 20 24 20 45 127 37 61 75 44 52 91 8 100 15 52 125 82 8 5
    10 47 75 79 109 54 73 16 126 63 36 110 22 38 74 67 10 15 125 21 54
    37 64 37 102 124 42 2 12 76 48 107 24 28 122 105 71 80 125 27 125 51
    3 20 34 64 25 22 14 81 12 109 117 57 4 57 76 113 34 24 8 40 90 77
    125 124 96 25 125 2 74 80 11 54 111 96 62 31 116 54 20 75 100 38 49
    41 95 119 42 62 32 86 33 111 26 27 17 75 88 67 34 33 19 0 117 34 60
    63 103 41 59 44 43 14 34 126 26 37 26 9 30 11 48 63 23 84 56 51 66
    48 122 82 10 123 38 23 32 46 87 49 13 80 18 70 91 79 56 81 110 55 8
    7 39 52 104 73 68 110 41 0 93 103 77 82 109 3 92 123 99 39 68 124 96
    84 52 25 15 83 73 122 37 26 31 101 103 86 85 83 34 23 120 79 115 123
    81 52 9 28 101 37 115 77 15 51 83 2 62 56 28 72 112 121 89 41 106 16
    14 97 126 49 66 66 7 34 117 72 42 71 6 36 115 116 19 37 55 39 58 2
    105 33 9 39 122 34 20 34 46 91 26 113 7 107 41 116 46 58 4 28 84 67
    65 58 38 38 36 102 27 118 47 9 31 52 10 32 120 67 28 72 58 9 113 107
    81 88 124 64 121 102 88 8 113 58 22 81 39 48 94 37 122 18 12 4 49 24
    55 1 123 74 79 102 65 38 89 38 73 75 45 94 43 13 58 53 50 9 105 122
    109 105 48 79 17 122 93 113 84 89 89 20 10 76 122 111 102 107 96 37
    16 87 1 27 0 114 61 118 108 17 95 91 33 60 53 99 9 81 20 68 53 68 13
    18 27 82 112 62 18 29 124 31 43 12 54 64 98 62 111 100 24 101 123 44
    108 121 56 46 12 43 92 82 96 126 59 18 27 63 102 114 72 15 112 25 48
    36 62 103 71 117 103 66 48 73 1 89 116 50 11 66 101 110 110 55 65 14
    109 88 108 1 2 81 19 98 37 95 112 46 35 60 54 2 37 62 5 113 108 9 78
    50 113 100 125 127 53 45 89 15 100 26 68 60 103 5 15 117 124 62 19
    53 16 110 113 117 109 69 107 115 12 112 60 35 120 35 13 99 66 66 18
    61 30 89 38 71 76 5 68 39 95 89 103 9 75 15 100 79 48 9 102 64 12 52
    123 54 5 120 9 24 49 28 6 80 76 45 2 124 61 100 103 71 125 39 99 83
    92 90 88 5 85 29 7 65 124 10 53 96 47 12 88 102 105 13 84 12 39 73
    68 58 74 61 80 36 77 109 89 17 96 27 63 54 45 114 77 116 126 63 124
    22 103 35 46 19 0 69 38 98 104 118 20 81 121 88 93 9 123 83 99 63 28
    19 3 31 110 125 99 46 102 106 86 113 110 46 113 86 73 66 13 103 114
    48 62 31 78 13 124 82 123 43 50 119 61 94 62 16 73 53 77 75 104 115
    40 77 82 97 36 51 75 83 64 99 37 123 97 27 15 39 122 28 19 7 36 74
    72 126 111 26 104 45 123 97 17 67 111 73 123 68 0 116 98 86 39 12 25
    65 12 82 11 89 72 95 109 11 9 70 84 116 30 1 94 70 112 54 71 97 85
    36 115 33 106 46 104 121 34 88 91 96 103 69 100 90 78 22 92 36 106
    19 73 62 22 115 53 75 63 55 104 127 100 16 12 81 94 8 78 6 124 107 2
    90 28 0 111 58 72 36 45 52 9 98 46 28 33 72 86 48 21 47 91 71 119 85
    29 70 79 19 126 70 59 71 119 60 111 44 26 34 54 43 45 92 27 122 86
    91 2 107 83 103 73 121 103 59 37 11 59 71 104 98 120 26 23 24 62 116
    75 89 100 42 38 32 115 41 67 78 17 38 34 116 63 1 83 127 39 69 14 48
    61 6 127 91 26 10 125 1 60 95 59 15 45 62 119 32 60 111 39 87 45 63
    0 24 12 35 13 55 85 81 121 55 0 62 75 66 24 52 108 125 119 64 62 53
    113 10 70 125 30 102 87 102 34 35 105 36 123 8 4 94 109 113 40 79 45
    23 66 107 5 50 98 10 8 121 34 65 15 6 98 23 55 102 88 105 125 31 50
    10 64 23 46 52 105 62 36 112 67 25 3 98 50 103 77 56 78 116 104 4
    121 34 11 22 80 34 39 53 23 39 15 14 118 44 14 53 119 35 109 19 13
    97 50 45 61 96 63 29 100 84 13 80 98 109 115 86 118 21 46 45 31 87
    38 39 0 89 29 0 123 79 7 103 74 38 24 54 57 84 95 37 80 32 126 79
    116 27 118 122 87 29 120 101 33 44 102 50 40 38 51 50 38 15 38 55 39
    27 45 59 25 124 119 32 29 47 127 17 78 93 5 127 93 91 38 64 119 46
    100 101 111 22 49 74 104 26 104 113 21 94 117 101 5 59 82 24 21 12
    44 50 68 66 42 24 60 123 96 126 22 17 83 33 51 65 30 8 94 3 121 105
    7 74 14 8 62 110 48 66 123 111 51 6 38 112 105 70 38 114 12 26 126
    91 62 5 91 31 54 50 102 113 10 22 60 112 100 33 25 69 115 121 91 37
    24 126 43 54 92 46 20 97 25 20 21 39 10 56 8 104 124 71 8 3 25 78 42
    15 35 79 19 26 36 42 73 105 105 63 3 17 69 9 72 73 52 57 124 101 23
    70 85 59 37 26 2 58 127 114 113 22 118 77 82 41 38 79 29 25 26 18
    127 21 113 45 88 106 96 50 77 47 110 121 108 37 24 25 67 55 95 24 11
    94 9 97 5 83 15 78 37 76 57 66 5 21 125 86 127 68 120 54 53 14 111
    86 30 61 86 12 84 122 106 20 29 15 112 77 89 4 95 17 72 127 3 125 33
    47 29 4 127 17 56 51 53 55 97 46 84 120 119 4 39 10 120 5 57 82 16
    37 9 1 64 60 92 7 69 9 68 70 28 56 92 53 0 89 5 18 46 7 100 17 109
    50 123 71 69 37 28 125 4 52 0 51 73 41 64 11 89 120 0 79 29 20 21
    123 56 87 43 32 72 17 16 100 10 121 112 21 30 66 127 75 104 42 12
    102 118 39 79 87 74 54 89 115 17 41 92 20 123 87 37 110 37 78 77 6
    53 32 67 30 61 52 64 37 32 66 13 94 71 55 104 9 78 13 65 28 52 20
    125 34 92 110 27 125 101 26 7 8 3 91 126 49 88 49 41 88 47 113 37 21
    16 117 70 11 92 100 115 24 105 92 0 115 101 100 26 80 58 110 54 87
    51 66 53 73 63 116 27 29 51 64 1 44 36 58 75 50 19 122 25 21 46 36
    120 113 48 114 68 12 96 1 45 127 39 42 2 24 111 114 124 14 44 16 55
    43 110 70 77 90 12 118 105 29 89 74 102 111 43 69 43 14 43 33 13 21
    113 90 91 101 103 47 117 55 86 121 47 126 51 60 61 93 41 80 77 86 43
    97 6 22 118 6 107 11 40 87 97 115 65 6 26 4 17 118 34 76 106 64 119
    115 112 62 0 38 107 94 102 50 9 56 104 109 84 31 117 121 96 15 22 60
    64 21 4 64 64 116 96 14 13 56 14 109 61 88 13 88 17 34 4 84 53 115 8
    63 61 0 55 90 113 100 101 96 52 63 74 37 71 125 57 120 101 34 79 46
    119 92 89 99 50 20 67 116 16 76 74 21 78 32 80 84 61 49 45 53 86 85
    97 54 111 46 59 30 76 32 127 91 55 42 30 26 62 54 68 51 93 122 89
    101 3 86 6 115 104 125 38 98 114 60 39 122 56 86 69 84 127 25 23 37
    35 42 109 38 76 20 118 111 38 38 63 105 1 81 85 71 66 0 77 103 114
    116 2 22 35 5 44 103 71 16 41 78 4 127 65 110 18 64 113 21 60 12 89
    98 71 10 23 81 100 21 52 72 25 12 58 8 111 126 83 19 88 117 69 6 19
    119 34 124 16 83 39 105 123 14 120 57 38 117 43 125 33 27 54 60 5
    107 76 4 23 34 34 83 97 31 116 35 23 52 73 127 104 84 57 36 73 36 7
    19 68 94 61 23 9 24 10 78 122 117 61 72 54 100 62 81 74 85 4 18 115
    33 38 15 71 108 55 60 11 92 56 123 24 69 56 119 114 55 126 72 14 31
    86 73 95 11 66 83 1 115 29 25 91 70 60 34 19 98 38 8 72 45 123 122
    25 112 109 88 10 56 67 92 60 121 51 14 17 61 115 18 98 88 68 122 41
    51 9 28 5 123 121 12 95 78 18 3 110 101 82 94 10 45 30 17 112 126 37
    120 69 15 83 0 18 122 31 54 65 101 42 68 127 50 28 71 14 95 73 2 103
    18 56 79 8 50 100 79 108 77 90 82 11 8 63 111 36 35 117 70 65 29 56
    31 89 88 0 0 98 26 13 8 28 69 12 33 25 51 103 50 64 114 83 30 51 71
    19 117 21 7 95 14 85 20 87 118 33 127 116 5 5 49 51 116 39 63 30 113
    48 106 24 50 94 6 61 70 15 91 96 74 32 126 67 96 115 15 110 95 38 76
    30 1 39 66 83 77 97 28 32 74 126 66 98 43 123 73 117 23 79 90 91 99
    6 30 48 68 122 100 108 90 68 62 111 117 120 114 37 71 4 10 68 78 106
    85 56 75 121 32 109 16 66 16 43 4 95 109 41 7 2 16 114 68 49 109 17
    53 42 77 4 14 107 108 123 59 23 96 45 40 38 67 19 102 123 15 90 63
    99 60 117 126 91 97 86 69 89 18 48 98 4 41 66 30 22 90 114 60 67 60
    16 101 59 35 62 2 99 110 19 88 89 120 120 14 123 22 92 110 36 109 55
    43 65 14 13 103 84 109 58 88 89 11 38 54 107 0 117 45 51 121 46 121
    71 19 2 60 125 65 59 114 100 69 78 38 114 100 24 121 15 115 50 72 95
    22 54 35 55 1 85 63 115 64 20 12 28 54 13 75 53 67 97 89 20 34 79 23
    3 104 98 78 63 35 110 102 99 123 36 61 108 78 2 72 94 84 127 45 45
    55 70 110 13 95 28 32 57 99 82 115 9 45 20 114 42 60 109 36 17 57 80
    101 8 33 59 83 45 98 29 125 126 32 107 3 79 35 103 51 60 14 112 37 7
    61 80 108 64 24 104 97 106 108 90 108 111 52 49 15 10 29 108 73 122
    15 88 104 53 79 39 25 63 105 4 107 75 109 119 64 45 39 38 41 119 27
    113 45 59 16 8 82 80 75 94 73 63 37 61 3 80 118 36 22 79 52 126 24
    66 28 99 91 74 42 33 52 85 59 72 105 31 112 18 2 5 60 27 93 85 71
    127 74 47 24 72 24 107 43 22 20 68 31 40 75 35 23 96 79 113 60 127
    70 93 114 82 107 97 34 50 25 21 108 51 108 7 66 100 38 126 100 29
    108 58 100 64 62 3 100 4 70 73 9 25 98 62 1 60 105 58 99 81 15 42 79
    123 21 107 24 27 65 6 27 42 68 67 117 5 72 58 122 70 37 104 32 67
    110 97 42 10 79 124 0 70 122 40 4 22 22 48 52 103 78 125 102 35 6 39
    65 0 42 102 39 18 52 28 120 24 11 50 77 107 121 118 31 105 88 115 4
    64 112 44 19 24 76 3 47 5 18 68 127 54 26 37 18 41 89 78 126 73 115
    94 40 53 58 10 126 112 22 108 5 88 106 43 8 22 14 93 58 89 31 107 24
    80 19 32 86 110 54 109 111 10 94 3 91 32 31 34 29 22 8 51 40 74 20
    73 55 85 76 105 119 47 40 124 6 1 83 114 72 53 40 71 22 37 115 63 98
    12 120 8 68 81 63 119 126 19 47 90 121 91 55 41 18 82 117 59 16 37
    106 77 34 49 56 24 110 12 34 4 73 20 50 65 53 90 24 118 18 73 27 9
    23 70 115 102 104 87 79 118 23 90 124 33 4 63 58 121 29 69 80 27 55
    119 15 93 12 116 113 44 17 84 47 74 101 22 63 8 114 124 61 40 126 77
    101 18 96 30 70 123 127 51 73 76 35 52 68 71 100 97 33 0 97 46 47 11
    24 81 71 71 36 58 7 80 105 9 59 96 42 79 26 62 31 87 75 39 29 18 29
    14 107 85 51 31 10 54 91 105 89 32 82 43 40 34 123 44 17 104 122 41
    73 38 46 1 114 21 125 85 13 62 1 28 72 120 73 117 103 0 21 70 78 44
    16 97 87 19 113 120 126 76 63 115 17 20 96 4 14 56 38 75 79 67 91 22
    94 84 31 98 73 57 87 123 65 79 81 111 14 18 14 105 6 116 35 79 39 81
    104 44 64 54 125 69 37 17 97 121 83 41 14 72 82 77 96 41 107 29 10
    107 29 94 86 38 58 86 97 51 52 21 26 106 54 21 5 42 75 96 16 11 1 73
    52 67 39 14 22 31 62 27 58 68 72 58 49 5 102 77 87 28 67 22 40 95 7
    95 37 59 59 38 2 102 109 45 111 63 124 26 121 111 92 103 55 99 78 55
    127 68 55 65 104 30 95 86 13 52 75 40 0 110 87 53 83 60 8 85 70 124
    0 71 52 118 116 82 53 29 59 75 64 97 76 73 32 22 126 111 57 99 33
    123 0 76 77 72 121 76 84 20 125 66 24 2 53 85 116 26 63 93 67 124 16
    23 38 24 29 84 46 31 82 20 54 32 40 77 2 59 59 42 34 65 72 27 9 53
    121 84 31 32 61 94 107 97 118 20 3 18 86 99 93 106 4 22 99 56 6 109
    89 4 95 9 1 64 55 33 99 116 15 12 4 102 80 77 5 43 101 31 56 36 79
    68 12 12 41 91 22 100 75 26 57 19 68 25 23 124 80 51 94 63 108 57 48
    51 114 16 26 37 64 30 23 107 9 48 34 86 116 105 38 45 0 67 44 19 48
    3 35 87 56 3 83 109 72 102 64 68 89 120 122 7 77 104 110 117 113 116
    85 24 69 25 46 63 17 119 38 115 115 56 36 15 122 111 53 90 111 53 57
    43 2 75 86 8 118 116 118 97 61 9 110 81 97 118 23 74 110 102 62 49 6
    31 46 113 44 73 8 22 8 16 57 81 103 97 99 5 60 88 68 53 112 97 73 16
    108 54 21 82 38 40 108 34 97 116 83 90 62 92 59 96 114 107 4 119 89
    116 106 103 78 51 125 56 77 52 82 53 23 105 69 14 30 123 106 21 103
    125 26 106 72 47 37 33 19 118 37 23 56 2 18 46 21 17 102 34 63 85 15
    5 112 27 30 105 93 29 66 55 110 0 25 63 5 124 29 30 46 86 93 0 44
    122 32 49 34 109 96 80 96 91 21 106 3 83 93 100 64 124 14 22 9 47
    126 7 78 85 111 77 93 51 73 47 87 85 0 75 115 30 121 36 68 69 90 19
    69 47 11 103 36 120 72 7 4 72 46 32 50 99 106 29 97 81 40 118 67 37
    109 80 27 95 98 18 114 110 111 64 105 118 72 25 19 85 67 56 18 88 15
    127 71 93 65 53 6 109 84 68 110 67 52 42 82 5 32 107 100 36 28 80 52
    118 124 13 85 1 46 105 50 7 110 27 71 107 5 104 15 8 124 66 50 32 56
    29 47 91 24 21 32 88 34 9 19 117 14 9 76 69 123 46 119 14 106 83 76
    89 106 28 40 103 122 125 9 48 64 32 33 38 44 106 52 103 98 104 62 5
    85 28 33 9 116 55 70 48 77 15 104 57 93 121 58 7 70 63 119 50 122
    122 92 127 110 127 38 19 22 37 13 42 45 3 13 14 76 45 77 110 74 64
    19 81 66 2 101 6 119 85 51 78 74 76 60 94 19 98 11 111 17 110 31 72
    34 55 73 32 56 23 125 95 76 32 34 81 49 49 112 104 121 5 41 15 59 90
    97 108 72 43 61 26 56 47 35 34 5 24 46 59 27 5 110 60 102 63 106 7
    99 124 15 42 122 8 68 95 125 26 95 114 54 21 107 88 31 123 48 86 3
    13 97 121 79 39 73 103 90 68 48 2 64 10 33 93 71 64 60 115 14 45 48
    23 12 102 81 114 63 38 22 119 51 0 9 73 48 45 44 19 92 116 40 13 123
    120 112 48 105 5 37 113 18 22 39 20 85 106 11 5 113 51 89 5 125 37
    71 48 10 39 54 66 22 100 121 6 80 106 62 9 41 28 37 93 39 49 101 49
    42 40 15 107 65 23 18 30 52 62 58 26 119 80 101 89 26 101 107 13 77
    106 20 77 100 24 122 50 64 46 51 9 84 81 21 57 66 59 54 56 4 114 116
    53 73 39 116 95 32 84 57 97 4 35 81 4 101 60 79 58 84 105 80 114 116
    72 28 69 57 18 38 71 84 21 48 121 6 112 70 57 29 77 71 34 66 38 127
    4 51 21 117 37 49 88 101 50 98 74 72 75 1 23 70 43 80 17 99 103 11
    104 92 120 101 127 75 28 65 44 101 112 0 52 31 119 64 95 86 39 122
    126 26 7 85 41 75 33 79 58 90 22 38 21 35 24 32 19 21 78 90 67 32 0
    34 79 40 15 66 38 38 29 55 113 58 127 127 94 20 36 94 31 78 91 81
    108 114 95 57 84 85 119 116 33 24 121 0 49 70 77 87 120 111 73 6 127
    114 0 117 20 123 118 26 70 72 109 67 121 58 77 55 52 41 124 8 70 11
    81 14 2 27 76 37 46 52 102 8 85 27 73 19 106 52 34 83 104 117 50 62
    108 56 53 103 38 17 102 93 98 80 90 39 46 11 82 58 62 114 2 125 50
    123 23 108 59 43 104 35 65 54 63 96 114 15 73 90 114 111 86 99 5 50
    21 53 124 51 64 126 45 37 31 18 98 75 29 47 91 82 79 12 82 21 53 103
    119 64 16 120 107 5 32 39 66 48 28 18 41 57 110 18 80 23 102 0 98 99
    97 105 50 126 19 122 19 53 69 4 33 9 127 45 127 57 120 115 75 99 31
    124 22 71 91 32 72 114 6 118 36 63 15 80 51 40 116 16 3 100 118 73
    127 43 3 114 56 77 113 104 7 21 29 21 99 87 105 25 53 76 21 11 78 30
    30 11 7 53 87 36 88 58 28 41 1 106 11 69 110 67 99 31 30 85 44 44 67
    45 19 1 74 102 101 121 123 113 74 3 117 119 109 35 62 5 21 116 79 54
    71 71 114 24 102 37 43 50 84 123 16 61 10 10 90 81 57 125 64 3 17 83
    18 58 59 71 82 116 96 54 24 73 50 102 19 47 16 56 68 85 80 42 60 81
    100 106 17 45 33 58 58 18 106 93 48 46 7 47 66 65 15 12 31 121 73 8
    90 0 63 112 63 13 122 45 55 58 111 80 24 11 126 116 9 51 58 16 48
    108 48 97 28 79 67 53 106 105 13 55 37 82 34 39 47 90 106 50 51 121
    88 20 5 125 122 68 18 99 101 92 38 68 55 97 45 37 22 27 47 27 68 96
    117 10 47 17 22 29 52 69 51 120 92 100 68 14 114 13 43 78 61 55 97
    125 67 0 24 118 20 91 114 36 66 118 64 94 19 41 44 23 62 62 96 122 7
    109 19 41 62 51 39 126 83 116 112 111 7 122 30 90 64 1 48 64 101 67
    45 93 0 109 64 35 71 78 52 29 15 126 69 40 19 38 48 109 38 29 85 85
    44 84 117 83 10 100 103 112 74 107 62 45 97 127 122 57 51 37 74 26
    75 69 54 45 52 40 95 65 33 111 108 1 67 20 59 63 34 26 53 91 34 52
    10 90 50 7 0 65 109 76 24 62 20 25 46 70 115 78 71 7 109 68 81 35 64
    103 86 101 33 102 122 10 68 17 97 11 97 32 93 42 127 64 17 88 71 4
    24 90 50 32 124 47 46 75 43 101 52 92 79 21 90 5 73 38 66 89 97 4 93
    86 44 94 64 58 72 97 38 126 65 62 38 124 40 47 54 3 82 75 58 26 72
    12 52 63 106 119 20 42 30 91 8 4 89 8 65 63 51 35 54 27 95 99 75 115
    91 31 68 114 80 76 29 76 30 98 70 0 66 41 98 57 19 25 34 29 100 115
    44 113 41 14 102 30 29 48 113 118 90 120 36 119 126 32 43 89 103 33
    103 45 78 30 63 127 94 48 8 14 80 27 94 74 27 9 4 19 113 101 38 76
    54 117 31 6 33 85 126 122 32 57 23 58 101 35 73 115 25 83 109 52 16
    38 39 10 77 21 61 112 62 45 25 1 4 108 100 7 73 18 113 103 49 66 112
    31 117 47 94 123 32 85 38 52 111 25 105 76 26 23 80 30 25 98 46 77
    80 78 28 14 33 92 12 62 57 116 15 19 43 25 95 71 36 109 127 1 4 77
    92 88 5 126 84 49 5 71 33 112 85 107 2 98 44 17 65 114 58 125 44 85
    35 91 17 69 49 74 88 103 127 95 41 43 11 118 3 33 4 70 11 81 62 80
    53 97 92 30 44 89 47 46 53 79 54 73 122 105 75 48 75 11 115 29 13 76
    115 94 35 61 48 100 25 51 17 46 114 53 116 112 30 58 111 29 62 111
    114 74 78 47 29 9 20 106 78 33 86 25 125 81 110 118 87 91 35 8 78
    109 38 87 20 5 124 116 46 10 95 42 31 72 105 107 90 93 61 11 125 60
    31 88 70 32 106 61 110 9 1 94 61 13 3 2 69 22 58 19 9 2 80 11 45 78
    22 77 126 21 70 54 78 16 112 11 61 30 7 71 127 69 20 77 32 2 35 14 3
    92 111 99 72 97 50 46 0 74 104 122 4 84 33 50 47 75 45 46 110 81 55
    42 37 58 36 4 29 108 18 42 31 65 5 73 98 126 34 53 118 56 119 91 73
    58 42 23 125 124 38 70 97 120 95 34 36 16 4 113 30 46 74 77 90 32 86
    57 121 13 126 51 72 64 36 48 110 56 31 78 80 30 25 99 96 90 83 119
    35 61 62 30 26 110 60 121 16 68 88 37 61 13 115 114 42 124 82 117 19
    25 101 117 83 74 73 88 2 34 91 116 119 21 77 110 9 121 31 63 70 50
    54 15 39 39 127 121 119 18 20 101 22 87 89 81 24 126 21 96 121 54 5
    85 119 9 111 41 106 75 91 43 79 113 35 25 57 116 81 119 66 69 54 56
    18 0 117 31 29 70 42 82 79 67 8 7 101 30 38 5 21 35 24 112 85 3 76
    99 65 81 5 15 58 86 6 125 80 124 15 127 108 48 55 6 79 67 89 59 124
    96 32 39 80 54 119 119 5 106 107 118 2 87 23 41 10 63 7 27 114 25
    120 59 121 27 108 68 71 66 29 2 68 83 26 113 6 29 85 25 80 27 97 110
    42 91 28 101 9 2 93 39 21 44 48 82 58 81 119 4 108 63 62 36 82 66 48
    15 73 53 14 125 44 32 124 119 8 33 17 84 115 8 99 62 109 90 34 47 33
    55 84 7 48 90 117 66 119 119 97 56 77 120 111 37 37 88 0 123 107 51
    33 30 116 126 106 125 2 57 116 99 32 89 101 28 91 46 58 29 87 109
    119 29 15 50 83 30 82 112 4 4 57 84 96 54 92 69 111 118 110 72 91 42
    45 2 48 106 71 25 125 124 76 117 108 69 21 28 1 35 55 80 49 113 89
    69 110 92 109 8 71 120 90 103 83 124 82 34 84 80 33 71 122 44 127 15
    73 77 47 97 90 74 113 56 114 102 45 96 100 111 46 95 44 4 26 33 2
    105 102 11 121 115 88 33 54 8 67 80 82 74 24 41 98 17 102 94 1 106
    91 39 0 72 89 82 32 110 31 74 121 65 98 72 37 116 108 113 64 24 32
    50 18 94 21 26 74 63 60 20 16 100 7 74 105 70 44 33 36 6 59 113 42
    96 49 67 107 54 70 49 33 44 24 2 7 84 106 35 109 31 61 74 84 67 54
    54 83 7 36 38 25 1 111 44 127 42 103 2 89 112 1 124 72 37 88 72 49
    60 38 28 82 23 1 39 38 111 37 60 38 17 63 81 68 6 124 40 6 98 124 27
    74 115 51 21 57 31 71 127 67 91 112 117 27 99 23 98 12 65 122 51 1
    115 83 29 92 43 103 24 52 123 97 120 46 9 29 6 8 54 11 96 106 47 8
    68 103 46 0 12 1 60 97 123 51 23 52 84 118 127 47 9 44 17 4 95 35 75
    41 89 99 107 113 107 33 48 118 95 122 62 11 94 57 97 95 23 25 86 44
    122 82 106 46 60 23 45 22 15 58 1 88 123 14 83 126 10 79 69 60 110 3
    92 116 93 57 117 116 66 85 28 9 63 95 60 49 68 31 85 103 2 87 18 91
    125 9 48 18 11 8 81 47 124 77 62 95 98 49 76 52 67 104 58 26 35 21
    27 1 23 65 99 53 125 40 25 102 50 112 89 31 16 48 82 109 25 43 116
    27 11 10 94 65 21 32 16 71 124 90 60 45 2 53 120 100 23 58 99 93 84
    43 18 45 113 63 5 123 109 30 97 23 76 2 42 5 100 90 103 57 119 45 28
    94 17 115 61 68 68 124 120 64 70 15 44 83 58 16 48 59 72 40 53 19 98
    35 118 81 94 58 47 67 41 59 11 36 121 99 96 27 13 29 41 127 74 77 27
    109 46 69 76 80 59 39 49 111 68 31 49 72 103 93 99 111 2 22 8 113 28
    48 43 35 117 84 107 42 59 56 115 67 63 26 99 89 103 102 14 12 108
    125 98 123 29 26 30 118 76 82 16 117 53 80 81 50 26 114 114 15 51
    112 110 127 75 72 60 67 25 99 8 126 92 71 37 52 16 101 58 62 72 73
    90 26 96 0 9 115 40 33 50 97 118 19 41 7 43 5 113 88 63 55 62 63 50
    63 93 26 61 60 54 81 64 82 52 0 108 61 8 106 91 29 48 100 109 101 64
    105 77 63 8 19 8 3 113 51 89 10 54 30 109 43 20 47 119 127 79 5 106
    104 39 99 63 24 71 0 44 9 79 96 79 85 108 90 96 34 96 30 42 124 0 93
    48 11 117 91 103 49 55 17 58 112 121 114 16 93 56 74 9 1 66 9 78 81
    75 82 5 64 46 110 85 75 79 111 38 2 122 85 59 76 21 26 28 90 14 81
    20 17 74 111 18 97 60 49 40 66 16 33 3 115 36 25 33 74 10 55 3 46 18
    111 70 63 66 1 18 67 122 121 79 72 46 21 33 101 2 3 113 1 51 72 68 0
    103 93 9 24 95 49 28 10 34 3 52 100 84 99 11 121 51 48 96 121 6 65 6
    1 97 102 45 56 56 82 58 107 69 71 11 65 79 50 22 50 67 43 87 100 86
    51 8 49 88 46 81 14 86 18 126 33 19 70 17 40 78 30 111 55 78 124 28
    84 104 58 111 70 10 30 59 98 56 55 53 66 40 8 43 50 96 61 24 109 66
    30 122 31 84 47 1 64 88 31 48 76 40 92 53 75 67 62 23 120 68 90 57
    77 35 24 7 93 78 95 114 81 75 126 12 99 107 24 99 63 29 26 100 45 5
    64 111 12 76 39 16 24 78 117 59 58 56 118 56 124 28 71 49 113 49 11
    75 73 14 121 103 86 87 43 5 56 102 69 69 114 111 63 73 123 5 31 32
    57 16 70 59 106 79 93 94 8 87 16 103 92 110 101 95 126 92 53 37 106
    9 122 71 119 104 64 70 33 42 53 64 87 5 112 121 62 61 29 103 41 43
    46 59 38 25 101 1 10 15 106 96 49 110 101 40 98 99 82 101 93 97 62
    127 16 80 104 40 2 70 14 58 114 66 115 72 100 20 94 10 89 53 31 70 5
    104 36 127 80 74 55 14 39 24 18 84 27 33 36 101 59 48 99 66 54 95 82
    45 14 79 89 81 104 33 113 103 24 47 81 22 95 37 53 1 41 48 40 102 95
    54 20 23 71 27 115 40 12 40 56 127 44 87 88 87 62 114 87 34 108 86
    45 43 100 0 64 99 47 30 61 63 98 31 126 113 69 34 51 114 88 106 74
    35 6 123 115 51 93 38 26 4 86 105 117 83 89 89 36 10 53 7 36 76 76
    33 69 97 102 37 116 118 53 67 9 106 54 124 116 45 1 124 100 63 76
    116 48 126 94 47 92 71 71 57 56 67 34 80 55 90 122 49 79 85 31 90 92
    87 71 7 117 91 113 35 52 105 69 26 111 115 66 27 76 79 53 109 50 83
    51 59 37 124 56 78 102 87 86 6 27 18 33 115 16 10 53 104 93 81 47 44
    96 79 69 58 111 2 23 30 34 52 38 109 125 108 50 107 3 34 62 53 57 15
    101 75 71 84 25 46 20 3 79 20 35 124 6 41 93 69 49 82 0 80 65 103
    113 2 82 125 64 66 72 99 40 3 14 108 66 127 53 88 127 84 10 34 91 98
    0 47 113 19 113 121 121 124 3 12 12 105 2 114 47 75 40 58 31 0 24 36
    73 59 35 44 40 87 70 125 98 33 106 17 6 93 44 16 63 53 64 47 65 30
    105 91 57 110 112 108 65 86 97 7 108 70 79 9 27 85 48 125 104 15 24
    51 86 40 26 39 70 108 2 51 97 4 65 59 84 68 14 56 36 116 74 63 72 41
    10 111 33 65 116 106 66 86 38 4 120 95 83 19 124 108 60 115 114 63
    67 104 45 66 119 66 59 111 115 51 75 66 123 115 48 72 78 14 113 52
    19 42 88 113 81 124 67 49 78 116 47 54 124 26 31 41 117 124 0 1 1 61
    114 8 61 121 69 3 19 103 109 34 46 120 0 38 53 30 102 69 34 93 94 64
    64 5 90 37 10 115 100 115 71 39 106 80 98 0 99 56 74 78 74 120 35 93
    45 22 9 113 12 54 4 117 108 60 65 9 99 50 40 43 55 99 23 105 89 97
    39 3 6 28 80 8 112 93 49 43 38 119 1 27 125 11 4 30 116 55 90 94 70
    18 68 104 122 38 111 16 15 118 11 82 64 77 109 26 10 49 43 112 117
    50 61 117 75 121 42 69 7 47 100 51 126 7 54 126 50 113 7 18 3 121 62
    91 26 70 70 22 104 104 64 6 2 96 27 95 34 37 96 100 15 74 54 64 99 2
    28 118 35 44 71 97 21 68 44 47 109 34 47 27 123 11 62 63 27 53 31 58
    14 122 16 32 123 32 121 63 34 111 126 100 73 63 39 121 52 99 7 23 16
    32 112 50 25 127 93 111 87 15 126 100 116 54 21 122 29 80 47 61 87
    81 126 34 120 123 70 108 60 68 46 23 125 22 35 64 88 121 110 70 44
    36 23 84 52 104 59 88 109 30 71 93 119 110 13 17 104 120 40 78 123
    89 106 83 74 81 40 46 82 21 25 103 64 57 73 23 104 111 58 102 50 120
    96 42 28 16 49 20 1 53 66 54 94 73 10 126 114 124 87 85 83 85 35 80
    90 7 96 38 13 74 117 33 64 32 65 28 17 33 12 44 43 21 6 69 106 60 52
    21 94 12 61 116 62 48 97 7 5 73 36 16 80 69 65 87 86 103 51 118 119
    78 95 18 89 124 70 62 64 120 42 17 108 92 35 57 106 70 10 124 40 69
    33 63 111 8 125 45 115 84 4 76 85 74 107 33 28 124 49 52 112 104 107
    28 39 97 62 17 86 72 69 20 5 122 53 118 123 113 38 63 103 23 122 1 7
    69 26 100 98 89 124 84 100 31 28 51 72 76 124 32 61 11 117 96 61 29
    33 85 4 51 124 22 50 101 116 118 63 46 124 48 120 115 58 67 79 61 50
    101 114 56 5 23 46 87 5 66 94 69 49 114 82 98 8 25 6 42 69 123 95
    122 5 107 35 66 74 59 120 8 91 36 47 49 45 124 30 70 32 80 76 121 46
    24 118 60 82 81 100 6 70 103 95 10 77 17 109 95 94 68 72 25 77 75
    110 51 127 33 23 56 69 78 29 78 91 42 119 83 75 20 45 61 74 56 33
    120 116 84 112 28 87 72 103 74 15 43 81 92 43 23 93 62 103 83 79 33
    6 109 125 32 114 94 123 61 83 111 99 106 97 46 0 86 104 48 76 87 125
    57 98 51 26 30 120 16 66 32 69 56 126 12 54 49 65 57 0 45 0 28 2 68
    14 117 67 94 77 122 72 106 47 20 73 91 120 84 28 13 88 59 6 43 112
    61 97 31 62 56 120 74 34 38 84 16 104 91 57 74 57 126 49 3 28 33 22
    33 107 14 121 62 124 23 111 102 102 79 86 59 98 44 48 15 109 117 101
    115 46 124 8 71 47 54 105 111 7 108 85 127 15 17 18 29 38 109 29 8
    11 123 57 72 40 16 104 9 15 124 77 24 2 123 112 3 109 72 1 116 32
    108 56 44 108 44 100 74 26 73 45 90 123 100 68 35 90 2 95 59 117 94
    125 39 82 41 75 86 91 63 3 50 46 41 79 74 4 18 8 56 99 82 88 28 77
    82 53 126 82 51 6 38 20 117 121 64 10 92 3 35 64 19 58 118 95 58 11
    32 4 9 15 38 46 86 79 41 39 123 121 3 32 124 56 123 76 118 24 106 26
    94 19 111 47 105 62 47 62 67 58 30 17 68 16 86 35 74 39 83 109 77 98
    103 107 83 66 58 49 24 34 87 99 46 63 109 11 102 21 118 47 49 17 14
    41 66 99 67 113 69 86 68 87 14 125 89 13 4 60 32 34 80 54 51 31 20
    92 73 59 104 125 121 41 14 121 80 112 127 81 112 37 43 48 14 105 65
    27 67 98 3 26 53 2 63 90 122 26 54 19 41 107 54 10 82 8 23 60 14 31
    0 104 56 35 91 61 96 51 113 38 90 61 23 76 54 56 97 54 6 65 111 122
    116 34 97 115 69 3 58 53 112 72 6 76 59 33 113 36 65 34 127 75 43 23
    17 93 49 53 57 127 19 87 109 33 64 80 48 62 127 54 68 34 84 22 122 5
    31 35 31 9 3 47 92 19 85 107 98 32 96 118 39 41 44 60 85 36 56 104
    81 125 57 33 81 60 2 93 68 107 44 108 31 46 36 7 104 31 125 96 4 69
    63 78 102 42 82 60 48 68 21 44 1 71 56 74 52 0 116 102 20 85 1 68
    123 104 59 22 46 103 30 24 56 101 46 14 16 10 82 94 22 64 26 17 124
    45 125 99 52 59 97 78 17 119 41 82 23 38 45 34 10 1 85 121 112 60 6
    6 16 94 114 119 10 101 31 16 99 96 54 71 109 69 6 50 103 126 70 117
    91 96 48 61 85 69 74 26 99 69 28 21 77 21 126 45 39 85 22 37 105 81
    58 84 61 59 67 19 125 98 108 15 96 18 67 112 3 127 32 58 40 1 126 30
    60 16 57 95 22 21 10 87 24 94 114 91 91 24 120 42 110 106 123 53 98
    68 17 8 27 96 80 76 121 12 116 6 30 15 84 89 125 91 119 36 19 19 111
    57 122 59 65 111 76 88 117 65 92 57 4 13 35 85 36 65 126 50 74 86 92
    84 59 127 125 107 94 33 32 36 97 93 56 36 0 114 8 104 89 56 41 1 67
    64 84 41 30 68 111 16 83 66 88 125 74 89 22 4 49 118 124 66 81 13
    101 109 54 50 28 91 101 119 22 93 98 26 115 9 54 94 22 97 124 53 99
    39 82 114 15 97 121 42 94 33 1 24 46 98 64 79 47 41 25 5 74 25 38 56
    65 95 31 45 67 89 33 0 24 39 53 36 124 70 109 45 32 119 67 37 49 71
    78 45 8 39 26 126 100 120 37 68 71 65 60 111 25 42 44 118 100 90 57
    8 25 18 52 50 5 25 37 82 40 104 5 68 103 117 48 71 95 27 23 121 31
    55 51 80 68 52 3 44 80 75 88 127 18 102 34 118 90 90 9 22 68 58 30
    85 3 23 86 6 68 56 38 107 27 40 70 99 16 62 108 113 93 121 15 35 24
    66 107 117 50 36 36 55 82 113 100 7 0 127 10 88 0 75 2 99 46 23 28
    62 36 15 23 64 105 23 93 115 97 103 82 104 39 126 70 23 108 44 3 53
    100 15 42 71 8 21 30 31 108 104 119 48 54 86 122 34 104 31 7 95 61
    80 20 70 36 67 120 80 118 100 27 126 1 120 126 96 21 122 15 77 53
    113 59 95 113 3 21 10 96 77 112 96 77 45 86 66 105 60 11 43 14 54 74
    42 30 68 78 1 87 69 125 36 121 76 126 52 93 98 1 100 109 117 126 109
    25 14 120 40 51 86 120 33 16 64 38 107 82 59 78 17 120 111 103 44 54
    81 118 0 113 22 45 89 94 84 104 63 84 58 34 79 5 41 59 108 62 0 122
    37 51 26 73 126 96 100 1 47 127 88 70 41 60 64 110 78 12 57 29 111
    94 105 86 72 61 75 56 121 86 84 20 95 127 30 80 62 37 97 50 35 35
    115 50 6 30 14 111 63 2 21 103 82 109 126 36 110 91 95 61 19 77 47
    44 93 59 121 77 40 13 31 108 19 109 97 127 117 122 51 116 48 74 1 54
    66 72 92 79 95 72 68 50 37 83 83 85 28 72 117 94 67 122 25 66 23 7
    47 23 80 102 118 90 9 59 92 22 31 25 48 61 60 91 103 73 53 52 16 88
    27 119 57 77 44 25 93 59 62 70 27 37 5 105 41 19 6 118 18 74 106 28
    57 23 91 120 84 74 108 25 117 69 40 26 12 41 102 87 31 14 124 91 106
    38 53 20 94 78 59 84 72 108 16 124 59 52 56 11 113 82 5 67 44 42 125
    79 31 11 55 26 113 41 74 20 50 61 40 111 82 25 110 75 5 98 53 74 32
    26 16 112 64 77 45 77 32 34 65 23 25 102 25 124 97 30 42 26 117 12
    76 94 42 40 38 107 8 8 35 49 94 3 90 75 58 67 62 2 117 106 124 127
    126 72 54 123 79 116 101 45 92 102 51 110 109 76 18 71 53 110 75 121
    55 33 57 68 103 99 12 72 41 37 18 73 114 38 64 83 75 67 123 91 44 27
    87 102 80 67 116 14 80 28 78 22 11 119 5 58 104 111 99 11 96 12 111
    74 68 23 24 13 65 60 11 85 19 68 19 54 30 64 90 57 104 36 36 48 19
    74 105 25 35 46 85 93 48 110 8 110 41 53 24 84 25 84 80 19 78 12 47
    96 15 91 1 30 80 113 95 45 109 77 38 79 64 4 117 10 41 27 61 56 102
    42 59 65 23 62 9 8 119 27 106 96 83 54 125 12 104 20 35 40 82 109 45
    74 116 57 121 66 108 123 37 27 58 28 105 115 65 103 112 50 2 15 65
    114 108 106 95 114 47 19 19 112 119 73 37 34 105 31 7 46 86 8 92 38
    10 6 80 119 70 15 64 27 21 110 39 120 105 58 52 122 110 85 123 9 53
    95 32 116 39 44 0 125 33 108 73 14 45 107 37 47 64 115 44 35 98 46
    125 107 38 41 45 25 6 1 100 121 19 84 49 19 83 66 121 15 102 108 61
    104 17 50 67 44 63 6 97 103 86 122 61 72 77 86 112 3 27 78 25 1 112
    76 95 9 82 72 58 41 2 82 53 66 64 120 23 73 79 44 127 66 39 84 66 74
    20 5 55 80 17 100 44 127 77 87 56 36 15 51 109 98 5 93 4 115 78 16
    36 28 14 79 13 16 77 12 6 55 47 33 52 80 57 75 24 79 60 9 119 0 81
    96 79 64 71 36 55 103 52 2 37 125 82 94 5 79 120 56 61 127 74 46 4
    74 52 88 42 72 96 64 40 97 87 40 69 75 93 70 36 25 39 122 47 84 88
    106 49 23 61 87 121 111 46 74 31 27 113 3 121 24 74 125 88 81 38 109
    90 52 63 5 80 81 7 116 63 114 34 23 66 114 44 2 5 99 58 29 0 51 5
    114 75 106 69 87 16 58 120 45 17 75 60 26 109 14 124 66 24 77 80 76
    47 32 120 52 32 63 104 21 23 85 107 2 126 56 85 3 48 8 62 96 125 113
    66 71 7 8 96 126 80 45 91 62 31 89 114 6 2 10 40 90 49 54 82 27 124
    95 125 83 119 105 39 75 32 23 101 13 127 45 33 24 113 84 70 58 34 79
    114 34 73 110 36 5 74 27 18 122 5 18 67 82 3 57 77 101 25 90 14 23
    29 106 28 7 127 43 117 48 51 112 94 69 87 74 62 106 43 59 18 106 115
    100 84 126 117 83 4 106 38 56 93 45 33 42 85 45 122 19 110 8 52 89
    112 8 64 81 96 89 42 39 58 64 34 53 108 46 31 27 26 10 66 94 39 100
    96 35 52 111 0 40 76 100 59 28 126 120 107 90 114 67 79 24 60 52 106
    122 23 17 102 66 81 20 73 86 84 16 59 48 38 27 74 68 82 56 32 2 91
    59 108 25 94 68 89 116 113 75 105 99 114 65 57 48 101 67 5 35 60 70
    3 5 49 13 81 29 47 102 97 88 104 35 112 105 104 123 17 26 97 122 16
    104 54 52 80 62 123 88 38 2 114 124 54 53 30 64 96 61 106 53 60 0 2
    82 61 9 91 93 11 8 124 90 52 124 50 47 122 1 12 38 69 84 84 96 3 93
    20 108 19 115 102 71 98 37 29 57 73 123 68 4 87 35 9 63 40 58 51 43
    20 97 27 127 66 117 105 123 8 25 119 101 81 32 71 7 40 59 71 56 49
    46 52 71 92 126 36 127 64 104 80 95 48 36 5 38 44 43 65 89 65 74 15
    17 115 123 50 118 107 2 46 121 108 41 101 15 17 23 61 37 87 27 7 69
    52 78 126 20 126 90 63 84 77 46 90 51 96 3 50 44 42 85 51 73 117 40
    115 33 8 101 65 61 23 126 9 30 48 82 49 99 123 108 92 26 11 38 60 86
    73 32 34 91 91 29 109 117 77 18 94 7 113 22 51 104 118 40 78 125 110
    87 26 27 2 83 30 35 17 17 98 94 60 81 93 14 57 22 39 59 110 94 19 48
    10 19 7 50 93 122 9 95 95 77 55 121 43 26 81 95 63 57 111 85 69 69
    33 42 97 107 29 16 47 127 20 52 3 71 91 127 50 84 114 122 118 26 6
    66 47 116 16 91 55 80 124 24 23 96 56 106 98 121 17 26 21 100 11 25
    72 111 78 69 99 27 63 119 26 27 34 47 12 24 38 120 8 111 36 119 18
    23 14 23 116 86 15 102 69 24 116 94 5 94 96 123 118 40 68 13 81 62
    121 34 123 99 61 19 89 113 22 116 10 66 101 98 38 32 38 93 119 25 85
    45 13 85 22 49 37 9 34 17 111 112 23 78 82 9 10 50 59 76 12 15 123 3
    125 120 54 45 105 108 125 73 15 32 79 18 22 97 114 58 74 24 48 124
    83 83 41 86 39 54 98 90 59 22 31 17 104 102 25 42 17 55 125 77 9 116
    3 61 122 5 15 105 29 94 22 77 67 117 72 85 84 16 7 101 57 32 22 97
    99 90 113 93 28 123 8 46 84 22 40 48 62 25 54 68 89 89 2 43 35 107 7
    91 64 38 60 123 80 125 96 43 123 112 57 108 55 45 19 118 79 25 51 89
    78 16 15 65 71 22 109 20 19 58 65 31 69 48 79 6 58 50 99 3 22 89 80
    12 61 108 78 3 15 1 1 111 86 66 6 39 20 5 10 83 1 123 113 49 46 40
    23 127 49 46 99 51 98 71 5 51 15 34 117 18 20 2 24 64 58 92 15 62
    123 40 54 52 70 55 6 114 123 81 25 121 53 82 114 42 72 87 60 29 83
    35 43 3 34 81 81 85 4 18 35 100 28 121 91 60 25 116 104 60 73 63 41
    69 106 10 64 45 18 81 0 94 92 0 95 49 101 122 70 106 107 70 113 15
    103 87 7 81 78 36 59 45 45 94 27 113 123 18 108 118 57 115 4 95 38
    12 25 116 118 1 43 103 38 88 11 102 102 10 13 65 43 77 53 83 38 19
    59 116 99 0 14 86 104 84 123 8 78 17 37 18 68 6 17 23 52 31 11 121
    109 89 70 45 68 53 36 5 30 61 38 91 49 8 36 43 29 125 2 115 32 53 37
    37 61 123 19 121 92 42 42 41 107 54 66 17 50 48 15 28 37 89 22 113
    59 42 127 63 11 81 81 116 1 113 77 11 97 1 119 114 126 126 4 10 120
    126 111 14 87 92 39 69 16 82 40 123 4 37 78 97 111 98 25 70 51 63 96
    96 14 113 91 99 94 106 50 3 84 85 67 92 121 41 55 40 85 33 35 127 61
    19 95 95 125 90 120 3 34 56 35 61 64 108 3 28 5 10</data></input>
<my_img type_id="opencv-matrix">
  <rows>256</rows>
  <cols>256</cols>
  <dt>u</dt>
  <data>
    73 72 69 69 68 68 67 65 65 66 66 66 65 65 63 63 62 64 62 63 63 63 64
    65 64 63 61 64 63 63 62 63 61 60 61 61 61 61 59 60 60 62 59 59 60 61
    59 61 63 63 61 63 61 62 63 64 64 64 65 65 66 67 69 69 70 69 69 71 70
    70 71 71 71 70 69 68 67 65 64 62 64 64 64 63 62 61 60 61 62 60 61 62
    62 62 63 62 62 62 66 66 67 66 64 63 64 64 63 64 63 63 63 65 62 60 59
    58 59 62 63 64 63 65 63 65 64 64 63 63 63 66 66 64 61 59 60 60 61 61
    61 61 61 60 62 62 60 60 62 64 65 65 67 64 64 63 64 64 63 64 65 66 66
    68 68 68 68 66 65 65 66 66 66 66 66 65 66 65 64 63 63 64 64 66 66 65
    64 65 67 67 66 66 67 68 68 69 67 66 66 64 67 67 67 66 64 63 63 62 62
    61 59 60 60 62 63 59 63 64 64 64 66 66 67 69 70 71 71 69 69 67 69 65
    63 62 63 63 64 63 62 62 63 62 67 66 67 66 69 70 71 69 69 66 65 65 65
    64 64 62 72 72 70 69 68 69 68 66 66 66 66 67 66 66 64 63 62 64 62 62
    63 63 64 65 65 63 61 64 64 65 63 65 63 62 63 63 62 62 60 60 60 62 59
    59 59 60 58 60 62 62 60 62 61 61 62 64 63 64 64 64 65 67 68 68 69 69
    69 70 70 70 70 71 71 70 69 68 67 66 65 64 65 64 65 64 62 61 60 61 62
    60 61 63 62 62 63 62 62 62 66 66 67 67 65 64 65 64 63 64 63 63 63 65
    63 61 60 59 60 62 63 64 63 65 64 66 65 65 63 63 63 65 65 64 60 59 60
    60 61 61 60 61 61 61 62 63 62 62 63 65 66 66 68 66 66 65 66 66 66 66
    67 68 68 70 70 70 69 67 67 67 67 66 66 67 66 66 67 66 64 64 64 64 65
    66 66 65 64 66 68 68 67 66 68 68 68 69 67 67 66 65 67 67 66 64 63 62
    62 62 61 61 58 60 60 61 62 60 63 65 64 64 65 65 67 67 68 69 69 67 67
    66 68 64 62 61 62 62 63 62 61 61 62 61 66 65 66 65 68 69 70 68 68 66
    65 65 66 64 64 63 71 70 68 68 66 67 67 65 65 65 66 66 66 65 63 63 62
    64 62 62 62 63 64 65 65 64 62 64 63 65 64 66 63 63 63 63 63 62 60 60
    60 62 59 60 59 59 58 60 61 62 60 62 61 61 62 63 62 63 63 64 65 66 66
    67 68 67 67 68 68 67 68 69 68 67 67 67 66 65 65 64 66 66 67 66 65 63
    63 64 65 63 64 64 63 63 64 63 62 62 65 66 66 66 64 63 64 63 63 64 63
    63 63 65 63 61 60 60 60 63 64 64 64 65 64 66 66 65 64 64 63 65 65 64
    60 59 59 59 60 60 59 60 61 60 62 63 62 62 63 65 66 66 68 66 66 65 65
    64 65 65 65 66 67 69 70 70 69 67 66 66 68 67 67 67 67 67 67 66 64 63
    63 64 64 65 66 65 63 64 66 67 65 66 67 68 68 69 68 67 66 65 67 67 66
    65 63 63 63 62 61 60 59 60 60 61 62 60 63 65 64 64 66 66 66 68 68 68
    68 67 67 65 67 63 61 61 62 61 61 61 60 60 61 60 64 64 64 63 66 67 67
    65 66 63 63 62 64 63 62 61 68 69 67 67 66 67 67 65 65 65 66 67 66 66
    65 64 63 64 63 63 63 63 64 65 64 63 61 63 63 64 63 65 63 62 62 62 62
    61 59 60 60 62 60 60 60 60 59 61 61 62 61 62 62 62 62 64 63 63 63 64
    65 66 66 67 68 67 66 68 67 67 68 69 69 67 67 66 66 65 65 65 66 67 67
    66 65 64 63 64 65 63 64 64 63 63 63 62 61 61 64 64 66 65 63 62 63 62
    62 63 62 62 63 65 62 61 60 59 60 62 63 64 64 66 65 66 66 66 64 65 64
    66 66 65 62 61 61 60 61 61 61 61 62 62 63 63 62 62 62 64 64 65 67 65
    65 64 64 63 62 63 64 65 65 67 68 69 68 67 66 66 67 67 68 68 66 67 67
    66 65 64 63 64 64 65 65 64 62 63 65 67 65 66 67 68 67 69 68 67 67 66
    67 68 66 65 63 63 63 62 60 60 59 59 60 61 62 60 63 65 64 66 66 66 67
    69 70 70 70 68 68 66 67 64 63 62 62 61 61 61 60 59 60 59 63 63 64 63
    65 66 67 65 65 64 63 63 65 63 63 62 69 69 68 67 66 67 67 65 65 65 66
    67 66 66 65 64 63 64 63 63 63 63 64 66 65 64 62 64 64 65 64 66 63 63
    62 62 62 62 59 60 59 61 59 59 58 59 58 60 60 61 60 61 61 62 62 63 63
    63 63 64 64 65 65 66 66 66 66 67 66 66 67 68 68 67 67 66 66 65 65 65
    66 66 67 66 65 64 63 63 64 63 64 64 63 63 63 62 61 61 64 64 66 66 64
    63 64 63 62 64 63 63 63 65 63 61 60 60 60 62 63 63 64 65 64 65 65 65
    63 64 64 66 65 65 62 61 60 60 61 61 61 62 63 63 64 64 63 63 63 65 65
    66 68 67 67 66 66 64 64 63 64 65 65 67 68 69 68 66 66 65 67 67 67 67
    66 67 68 67 65 64 64 64 64 65 65 65 63 64 66 67 66 66 67 68 68 68 67
    67 66 66 67 67 65 64 62 62 62 61 59 59 59 60 60 62 63 61 63 65 65 67
    67 67 68 70 70 70 70 68 67 65 66 64 62 62 61 61 61 61 59 58 60 59 62
    63 64 64 65 66 67 66 67 65 64 65 67 66 65 65 69 69 68 68 67 69 68 66
    66 65 66 67 66 66 65 64 63 64 62 62 62 63 64 65 65 64 62 64 64 65 64
    67 65 64 64 63 63 63 61 61 61 63 61 61 60 60 59 61 62 63 61 62 62 62
    62 64 63 64 64 64 65 66 66 67 68 68 68 69 68 68 68 69 69 68 69 68 67
    66 66 65 66 67 67 66 66 64 63 63 64 63 64 64 63 63 63 62 61 61 63 64
    65 66 64 63 63 62 61 63 62 62 62 64 62 60 59 58 57 60 60 61 62 64 63
    64 63 64 62 64 64 65 65 65 62 62 61 61 62 61 62 63 63 62 63 64 63 63
    63 65 65 65 68 66 67 65 66 65 64 64 64 65 65 66 68 68 67 66 65 65 66
    66 66 66 65 65 66 66 64 63 63 63 63 64 64 64 62 64 66 67 66 66 67 69
    69 69 68 68 67 67 68 67 66 65 63 63 63 61 59 59 58 60 61 62 63 61 63
    65 64 66 67 67 67 69 69 69 69 68 67 65 65 64 63 63 62 61 62 62 61 60
    61 60 63 64 65 66 66 67 67 66 66 65 64 64 66 65 64 64 70 70 70 70 68
    70 69 68 67 67 68 69 68 67 66 66 64 64 63 63 64 63 64 65 64 63 62 64
    63 64 64 65 64 63 62 61 61 61 60 60 60 61 59 60 59 60 59 61 62 63 62
    63 62 63 63 64 64 64 64 64 65 65 66 66 67 67 67 69 67 67 68 69 69 69
    70 68 68 66 66 65 66 66 66 65 65 63 63 63 63 62 63 63 62 63 63 62 61
    61 63 64 65 65 64 63 63 62 61 62 61 62 62 64 61 60 58 58 58 60 61 62
    62 64 64 65 64 64 63 65 65 66 65 64 61 61 61 61 62 61 61 61 62 62 62
    63 62 62 62 64 63 64 66 65 66 65 65 64 63 63 63 65 65 66 67 68 68 67
    66 66 67 67 67 67 65 66 66 66 64 64 63 63 63 64 64 64 63 64 66 66 66
    67 68 70 70 70 69 69 68 68 68 68 67 66 65 64 64 63 61 60 60 61 61 63
    64 62 63 65 64 66 67 66 67 68 69 69 69 68 66 64 65 64 63 63 63 62 63
    62 61 61 62 61 63 63 65 66 66 66 67 65 65 64 64 63 65 64 64 64 70 70
    70 69 68 70 70 68 67 66 67 70 68 68 67 66 64 64 63 63 63 63 64 65 64
    63 61 63 62 63 63 65 63 63 62 61 62 62 60 61 60 61 59 60 59 60 59 61
    62 63 62 62 62 63 63 65 64 64 64 64 64 65 65 65 66 66 65 66 65 65 66
    66 67 67 68 67 67 66 67 66 66 67 67 67 66 64 64 64 64 62 63 63 62 62
    62 62 61 61 63 63 65 65 63 63 63 62 61 63 62 62 62 63 62 61 60 59 59
    62 62 63 62 63 63 64 63 64 63 64 64 65 64 63 60 59 60 60 61 61 61 61
    61 61 61 63 62 62 63 64 64 65 66 65 67 65 66 64 64 63 63 64 64 66 67
    68 68 67 66 65 66 66 66 65 65 65 65 66 64 63 63 63 62 63 63 64 63 64
    66 66 66 66 67 68 68 68 67 67 67 66 67 67 66 65 64 63 63 61 59 59 59
    60 60 62 63 62 63 65 65 66 67 67 68 70 70 70 70 69 67 65 66 65 65 65
    64 63 64 63 62 62 62 61 63 64 65 66 66 65 65 64 65 62 62 62 63 62 63
    62 68 67 66 66 65 67 66 66 65 66 66 69 68 68 67 66 65 66 65 65 65 66
    66 67 66 65 64 65 65 65 65 66 64 64 63 62 63 62 61 61 60 61 60 60 60
    60 60 61 62 63 62 62 62 63 63 64 64 64 64 64 64 65 66 66 66 67 66 68
    66 67 67 68 68 69 70 69 68 67 67 66 66 68 67 67 67 65 64 64 64 63 63
    63 63 63 63 63 63 63 64 65 66 66 64 64 63 63 62 64 62 62 63 64 62 61
    60 60 60 62 62 63 63 64 64 65 64 65 64 65 65 66 65 64 61 61 61 61 61
    60 61 61 61 62 62 63 62 62 62 64 64 64 66 65 67 65 65 64 63 63 62 64
    64 65 66 68 67 66 65 64 65 65 66 66 66 66 66 66 65 64 64 64 64 65 65
    65 64 65 66 67 66 67 68 69 69 70 68 67 67 66 66 67 66 64 64 62 62 61
    59 58 59 60 61 62 63 62 63 65 65 65 67 66 67 69 71 70 70 69 67 66 66
    66 66 66 65 65 65 65 64 63 63 62 63 64 66 66 66 66 65 64 64 62 62 61
    63 62 63 63 68 67 67 67 66 67 66 66 65 65 66 69 67 68 67 66 65 66 65
    66 66 67 67 67 67 66 64 66 66 66 66 67 65 65 64 63 64 62 61 61 61 61
    61 61 61 61 61 62 63 64 63 63 63 64 64 64 64 64 63 63 64 64 64 65 65
    65 64 65 63 64 65 65 65 65 67 66 66 65 66 65 65 67 67 67 66 65 65 64
    64 63 63 63 62 62 62 63 62 62 63 64 65 65 64 64 63 63 62 64 63 63 63
    64 62 62 61 60 60 62 62 62 62 63 63 64 63 63 63 65 64 64 63 63 60 59
    60 59 60 60 60 61 60 60 60 61 61 61 61 63 63 63 65 64 66 64 65 63 63
    63 63 64 65 66 67 68 68 68 66 65 65 65 66 65 65 66 66 66 65 64 63 64
    64 65 65 66 65 65 67 67 66 66 67 68 68 69 67 67 66 66 66 66 65 63 63
    62 62 60 59 58 58 59 60 61 62 61 62 64 64 65 66 66 67 69 70 70 71 70
    69 68 68 67 68 68 67 67 68 67 66 65 65 63 64 65 66 66 66 65 64 64 64
    62 61 61 61 61 62 62 67 67 67 67 66 67 66 66 66 66 66 69 68 68 68 67
    65 66 66 67 67 68 67 67 66 66 63 65 65 65 65 66 64 63 62 61 62 61 61
    61 61 61 61 61 61 61 61 62 63 64 65 64 64 65 65 65 66 65 64 64 65 65
    65 65 65 65 65 66 64 65 66 66 65 66 67 66 66 65 66 66 65 66 66 66 66
    64 64 63 63 62 62 63 62 62 63 63 62 63 63 64 65 64 63 63 63 63 62 63
    62 61 63 64 62 62 61 60 60 63 63 63 63 63 64 64 64 64 64 66 65 65 64
    64 61 60 61 61 61 61 61 61 60 60 60 61 61 61 61 63 63 63 64 64 65 64
    65 64 63 63 63 65 65 66 67 69 69 68 67 66 66 66 67 67 66 66 66 66 65
    65 63 64 64 66 65 67 66 65 67 67 67 66 67 68 69 69 67 67 66 65 65 66
    65 63 63 62 62 60 58 58 58 59 60 61 63 62 62 64 64 65 66 66 68 70 71
    71 71 71 70 68 68 68 69 69 68 68 68 67 67 66 65 63 64 64 66 66 66 64
    64 64 63 62 62 61 62 61 63 62 65 65 65 65 64 66 65 65 65 66 66 69 68
    69 68 68 67 67 66 68 68 68 68 68 67 66 64 65 65 66 66 67 66 65 64 63
    63 63 63 63 62 62 62 63 62 62 62 63 64 65 65 64 64 64 64 65 65 65 64
    64 65 66 65 65 65 66 65 66 65 66 66 66 66 66 67 66 66 65 66 65 64 65
    65 66 65 63 63 62 62 61 62 62 61 62 62 62 62 62 62 63 65 64 64 64 63
    63 62 63 62 62 63 64 62 63 62 60 60 62 63 63 62 63 64 64 64 63 64 65
    65 65 64 64 61 60 61 60 60 59 60 59 59 58 57 58 59 59 59 61 61 61 63
    63 64 64 65 65 64 65 65 66 66 67 68 69 69 69 67 66 66 66 66 66 66 66
    66 65 65 64 63 63 64 64 64 65 64 64 65 65 64 64 65 66 67 67 66 65 64
    64 63 64 63 62 63 62 62 60 57 58 58 58 59 61 62 61 61 63 63 63 65 65
    66 68 68 68 70 69 67 66 67 67 68 68 68 67 67 67 67 67 66 64 64 65 66
    67 66 65 64 63 63 62 62 61 61 61 63 62 65 65 65 65 64 65 64 65 65 65
    65 68 68 68 68 68 67 67 66 68 68 69 69 68 67 67 65 66 66 66 66 67 66
    65 63 63 63 63 63 63 63 63 63 63 62 62 62 62 63 65 65 64 63 64 63 64
    65 65 64 64 65 65 65 65 65 65 65 66 65 66 67 67 67 67 68 67 67 66 67
    66 65 66 65 66 66 64 63 62 62 61 62 63 62 63 63 63 63 64 63 64 65 65
    65 65 64 64 62 64 63 63 64 65 63 64 63 62 61 63 63 63 63 64 64 64 64
    64 64 65 65 65 65 65 62 62 63 62 63 62 63 62 61 61 60 61 61 61 61 63
    63 63 65 65 66 66 66 66 65 65 65 66 67 68 69 70 71 70 68 67 68 67 68
    68 68 69 68 68 66 65 64 64 64 64 63 65 64 63 64 64 63 63 64 66 66 66
    65 63 63 63 62 63 62 61 61 61 61 60 57 57 58 59 60 62 63 62 62 63 63
    63 65 65 67 69 69 68 69 69 67 66 66 67 68 68 68 67 67 67 67 67 66 65
    65 65 66 67 66 65 65 64 64 62 63 62 62 63 64 64 63 63 64 64 64 65 64
    64 64 64 65 67 67 68 68 68 68 68 67 68 68 70 68 68 67 67 65 66 66 66
    65 66 65 66 64 64 64 63 63 64 64 63 64 64 63 63 63 63 64 65 66 64 64
    65 64 64 65 65 64 65 65 66 65 64 64 65 65 66 64 65 66 66 66 67 67 66
    66 66 67 66 65 66 66 66 66 64 64 62 62 62 63 63 62 63 63 63 63 63 62
    62 64 64 64 64 63 62 61 63 61 61 63 63 62 62 62 60 60 62 62 62 62 63
    64 64 65 64 64 66 67 67 66 67 64 64 64 64 64 63 64 63 62 62 60 61 61
    61 61 62 62 62 63 64 65 64 65 64 63 63 63 64 64 65 66 68 69 68 67 67
    67 67 67 68 68 68 68 68 68 66 65 65 65 65 64 65 64 64 65 66 66 65 65
    66 67 67 65 64 64 65 63 64 63 62 62 62 62 61 58 58 59 60 60 62 64 63
    62 63 63 64 65 65 67 69 69 68 69 69 67 66 65 66 68 68 67 66 66 66 66
    65 65 63 63 64 65 66 65 64 64 63 63 61 62 61 61 62 63 63 66 65 66 66
    66 67 66 66 66 65 65 68 67 68 68 68 68 68 67 68 68 69 68 68 67 67 66
    66 66 66 65 66 65 65 64 64 64 64 64 64 64 64 64 64 63 64 64 65 65 67
    67 65 65 65 64 64 64 65 63 65 65 65 64 63 63 63 63 64 63 64 65 65 65
    66 66 65 65 66 67 66 65 66 65 66 66 65 64 62 62 63 63 63 62 62 63 63
    63 64 62 62 64 64 64 64 63 62 61 63 61 60 62 63 61 62 62 60 60 62 63
    63 63 64 65 65 65 65 65 67 66 66 66 66 63 63 63 62 62 61 62 61 60 60
    59 60 60 60 60 62 62 61 63 63 64 63 64 63 63 62 62 63 63 63 64 66 67
    67 66 66 67 67 67 67 67 68 67 68 67 66 64 65 64 64 63 65 63 63 64 64
    64 64 64 66 66 67 65 65 64 64 63 64 63 62 62 62 62 61 58 59 59 59 60
    62 63 63 62 63 63 64 65 65 66 68 68 67 69 69 67 66 65 66 68 68 67 66
    66 65 65 64 64 63 63 63 64 65 64 63 63 62 61 60 60 60 61 61 62 62 64
    64 65 65 65 65 65 65 65 64 65 68 67 67 68 68 67 67 66 68 67 68 68 67
    67 68 67 67 67 67 66 67 67 66 64 65 65 64 64 65 64 64 64 64 63 63 64
    64 64 66 66 64 65 65 64 64 65 65 63 64 64 64 63 62 62 63 62 63 63 63
    64 64 64 65 66 65 66 66 67 67 65 66 65 65 66 64 63 61 61 61 62 62 61
    62 62 63 63 63 62 62 64 64 65 64 64 64 63 64 62 62 63 64 62 63 63 62
    62 63 63 63 62 63 64 65 65 64 64 65 65 64 64 64 62 62 62 62 62 60 61
    61 60 60 59 61 61 62 62 63 63 62 64 64 65 65 66 65 65 64 63 64 64 64
    66 68 68 68 68 67 68 67 68 67 68 68 68 68 68 66 65 65 65 64 64 65 64
    63 64 65 65 65 64 66 66 66 65 65 65 65 63 64 63 62 62 62 62 61 58 59
    59 60 60 61 62 62 62 63 62 63 64 64 65 67 67 65 66 67 65 64 63 65 67
    68 67 65 65 64 64 64 64 63 63 63 64 65 64 62 62 61 61 59 61 60 61 61
    62 62 63 62 63 63 63 63 63 63 63 63 64 66 66 66 67 67 66 66 67 67 67
    68 67 67 66 67 65 66 65 65 64 65 64 64 63 64 64 64 64 64 64 63 64 64
    64 64 65 65 65 67 68 65 66 66 66 65 66 66 65 65 65 65 65 64 64 64 64
    64 64 64 64 64 64 65 66 65 66 65 66 65 64 64 63 64 65 64 63 61 60 61
    61 61 60 61 61 61 62 63 61 60 62 62 63 63 63 63 63 65 63 62 64 64 62
    63 63 62 62 63 63 61 61 62 62 63 63 62 62 64 64 63 64 64 61 61 62 61
    61 60 60 60 60 60 59 60 60 60 61 62 61 61 62 63 64 63 64 63 63 63 62
    63 63 63 64 66 66 66 66 65 66 66 66 66 66 66 65 66 66 65 64 65 64 63
    63 64 63 63 64 65 65 65 65 66 66 66 65 66 65 66 65 65 65 63 63 63 64
    63 60 60 61 61 61 62 62 62 61 62 62 63 64 64 65 67 67 65 67 67 65 64
    64 66 68 68 67 66 66 65 65 64 64 63 63 64 66 66 64 62 62 60 61 59 60
    59 59 59 61 61 65 64 66 65 65 65 65 65 64 64 65 67 67 67 68 68 67 67
    67 68 68 69 68 67 66 67 65 65 65 64 63 64 64 64 62 63 64 63 64 64 63
    63 64 63 64 64 64 64 65 66 67 64 64 65 65 64 65 66 64 64 64 66 65 64
    64 64 64 65 64 64 64 63 63 64 65 64 64 64 64 64 62 63 61 62 63 62 61
    60 59 60 60 61 60 61 61 61 62 64 62 60 63 63 64 64 64 64 63 65 63 63
    64 64 63 63 63 61 61 62 61 60 59 60 61 61 61 61 61 62 63 63 63 64 61
    62 62 62 61 60 60 60 60 60 59 60 60 59 60 61 61 60 61 62 63 62 64 64
    63 63 62 63 62 61 62 64 64 64 64 64 64 63 64 63 63 64 63 65 65 64 63
    64 64 63 63 65 64 64 65 65 66 65 65 66 66 67 66 66 65 65 64 65 64 63
    63 63 63 63 60 61 61 60 60 61 62 62 60 61 61 62 63 63 64 66 66 65 66
    66 65 64 64 66 67 68 67 66 66 65 65 64 64 63 64 65 66 66 65 63 63 62
    62 60 61 60 60 60 62 62 67 66 67 66 66 65 66 65 64 64 64 66 66 67 66
    66 66 66 66 66 66 67 67 66 65 66 64 64 64 64 62 62 62 63 62 62 63 63
    64 64 63 63 63 63 64 65 65 64 65 66 67 64 64 65 65 64 65 66 64 64 64
    65 64 63 63 63 63 64 63 62 63 62 61 63 64 63 64 64 65 64 62 62 61 62
    63 62 62 60 59 60 60 61 60 60 61 61 63 64 62 61 63 63 64 65 65 65 64
    65 64 63 64 64 62 63 63 61 61 62 62 61 60 61 61 62 62 61 62 63 64 64
    64 63 61 61 62 62 61 60 60 59 59 58 57 59 59 59 60 61 60 60 61 61 62
    62 64 64 64 65 63 64 63 62 63 64 64 64 65 64 65 64 64 63 63 64 63 64
    65 64 63 64 64 64 64 64 64 64 65 66 66 66 66 67 67 68 66 66 65 65 64
    66 64 63 63 63 63 63 61 61 61 61 61 61 62 62 61 61 61 61 62 62 63 64
    64 63 65 65 64 64 63 66 67 67 68 66 67 66 66 65 65 64 65 66 66 67 66
    64 64 62 62 60 61 60 60 61 62 61 68 67 67 66 66 65 65 64 64 63 64 65
    65 65 66 66 65 65 65 66 66 67 67 66 65 66 64 64 63 63 61 61 62 63 62
    62 63 63 64 64 63 64 63 63 65 65 65 65 65 66 66 64 64 64 66 64 65 66
    64 63 64 65 65 64 63 64 63 64 63 63 64 63 62 64 64 64 64 64 64 65 62
    62 61 63 63 63 62 61 60 61 61 61 61 61 61 61 63 63 62 60 62 62 63 63
    63 63 63 64 63 62 64 63 62 62 62 61 61 62 62 61 61 61 62 62 63 63 64
    64 65 65 66 65 63 63 63 62 62 61 61 60 59 58 57 58 59 59 60 61 61 61
    62 62 62 62 64 65 65 65 64 65 64 63 64 65 65 65 66 66 66 65 66 65 65
    65 64 65 65 64 63 64 64 63 62 63 62 62 63 63 64 64 64 64 65 66 65 64
    63 64 63 65 63 63 63 63 63 63 61 61 61 61 62 63 63 63 61 62 62 62 63
    63 64 64 64 64 65 65 64 64 64 66 67 67 68 67 66 65 66 66 65 64 66 66
    66 66 66 63 63 61 61 59 59 58 58 59 60 58 68 67 67 66 66 65 65 65 65
    64 65 66 66 66 66 67 66 66 66 67 67 67 67 65 65 65 64 63 63 62 61 61
    61 63 62 63 64 63 64 64 63 63 63 63 65 65 64 64 64 64 65 62 62 63 64
    62 63 63 62 61 62 63 62 61 61 61 61 62 61 60 62 61 61 63 63 63 62 63
    63 64 62 61 60 62 63 62 61 59 59 59 60 61 60 60 60 61 62 64 62 60 61
    61 63 62 62 62 62 63 62 61 63 63 62 62 62 61 61 63 64 63 62 62 63 64
    64 64 64 65 66 67 66 66 64 63 62 62 61 61 60 59 59 58 57 57 58 58 60
    61 61 61 62 62 63 62 65 65 65 65 64 65 64 63 64 65 65 65 66 65 66 65
    66 65 65 65 64 65 65 64 64 64 64 64 63 64 62 62 62 63 63 63 63 63 64
    64 64 63 62 62 62 64 63 62 63 63 64 64 62 63 62 62 63 63 63 64 62 63
    63 62 63 63 64 64 65 64 65 64 64 63 63 65 66 66 67 66 65 65 66 65 65
    64 65 65 66 66 65 63 63 61 61 59 60 59 59 59 61 60 67 66 66 65 65 64
    64 63 64 64 64 65 66 66 66 66 66 66 66 66 66 67 66 65 64 65 63 63 63
    62 61 61 61 63 62 64 64 65 65 64 64 64 64 64 65 65 65 64 63 64 64 62
    62 62 64 62 63 63 62 61 63 64 63 63 63 62 63 63 63 62 63 62 62 64 64
    63 63 63 63 64 62 61 60 61 62 61 61 60 59 59 59 60 60 60 60 61 62 63
    62 59 61 61 61 61 61 62 62 62 62 61 62 62 61 61 61 60 60 61 62 61 61
    61 61 62 62 62 63 63 64 66 66 65 64 63 63 62 61 61 61 60 59 58 57 57
    58 58 60 60 61 61 62 62 62 62 64 65 65 65 65 65 64 63 63 65 65 64 66
    65 66 65 65 65 65 65 64 65 65 64 64 65 65 64 64 64 63 63 63 64 63 63
    62 63 63 64 63 62 61 62 61 63 61 61 62 62 63 63 61 61 61 61 61 62 62
    63 62 62 62 62 64 64 64 65 65 64 65 64 64 64 63 65 66 66 67 66 65 65
    65 65 64 64 66 66 67 66 65 63 64 62 61 60 60 60 60 60 61 60 67 67 67
    65 66 64 64 63 64 64 64 65 65 65 65 65 64 65 66 66 66 67 67 65 64 65
    63 63 63 63 61 62 62 63 62 63 63 63 64 64 63 64 63 63 64 63 64 63 63
    64 64 62 62 61 62 60 62 62 60 61 63 63 63 63 63 62 63 64 64 63 64 63
    63 64 64 62 62 62 62 62 60 60 59 60 61 61 61 59 59 59 60 61 60 60 61
    61 62 63 61 59 61 61 61 62 62 62 62 63 62 62 63 63 62 62 62 60 60 61
    62 61 62 61 62 62 62 61 62 63 64 66 66 66 65 64 64 62 62 62 62 60 60
    59 58 58 58 59 60 60 60 61 62 62 62 61 64 65 64 65 65 65 64 63 62 64
    64 62 64 63 64 64 64 65 64 64 63 65 65 65 64 65 65 64 64 65 63 64 63
    64 63 63 63 63 64 65 64 64 63 63 63 64 62 62 63 63 64 64 62 62 61 61
    61 61 61 62 60 61 61 61 62 62 62 62 63 62 63 63 63 63 63 64 65 65 66
    66 65 65 66 65 66 65 67 67 67 66 66 65 66 64 62 60 61 61 61 61 61 60
    67 66 66 64 64 62 62 62 63 63 64 64 64 64 63 64 63 63 64 64 64 65 65
    63 62 62 60 61 60 61 59 61 61 61 60 62 62 62 63 64 63 64 63 63 64 63
    63 63 62 63 64 61 61 60 61 60 62 62 60 60 62 62 62 62 62 61 62 62 62
    61 62 61 61 63 62 61 61 61 61 61 60 58 58 60 61 62 61 60 59 59 60 60
    60 59 59 60 61 62 60 57 59 59 60 60 61 61 61 61 61 61 62 63 61 62 62
    60 60 61 62 61 61 61 61 62 62 61 61 62 63 65 64 65 64 63 62 61 61 61
    60 59 59 58 57 56 57 58 59 59 60 61 61 61 61 61 64 65 64 65 65 65 63
    62 62 62 62 61 63 62 64 63 63 64 63 64 63 64 65 64 64 64 65 63 64 64
    62 62 62 63 62 62 61 62 62 63 63 63 63 63 62 63 62 62 63 64 64 64 62
    63 63 62 62 62 62 62 61 61 62 61 61 62 62 62 62 62 62 62 63 62 62 64
    65 64 64 64 64 64 66 64 64 64 66 65 66 64 64 62 64 62 62 59 60 59 59
    59 59 58 69 68 67 65 65 63 64 63 64 65 65 65 65 65 64 64 63 63 64 63
    64 64 64 62 61 61 60 60 59 60 58 59 60 61 60 61 61 61 62 63 62 62 61
    62 62 62 61 61 60 61 62 60 60 59 59 59 61 61 59 59 61 62 61 62 62 61
    62 62 63 62 63 61 63 64 64 63 62 62 62 62 61 60 60 61 62 63 62 61 60
    60 61 62 62 61 61 61 62 63 60 58 59 60 60 60 61 61 60 61 60 61 62 63
    61 63 63 61 60 62 63 63 63 63 63 64 63 63 63 64 65 66 66 66 65 64 64
    62 62 62 61 60 60 59 58 57 58 59 60 61 61 61 62 62 62 62 64 65 64 64
    64 64 63 61 60 60 60 60 61 60 63 62 61 63 63 64 63 64 64 64 64 64 65
    63 64 64 62 63 62 63 62 62 61 62 62 62 62 62 62 61 61 62 61 61 61 63
    63 64 62 62 62 62 63 63 63 63 61 62 63 62 62 62 62 62 62 61 61 61 61
    61 61 63 63 62 64 63 63 64 65 64 64 65 66 65 66 64 64 63 64 62 62 59
    60 59 59 59 58 57 68 67 67 65 65 64 65 64 65 65 66 66 66 66 64 64 64
    63 63 63 62 62 63 61 60 60 59 59 58 60 58 59 60 61 60 61 62 62 63 63
    63 63 62 62 63 62 62 62 61 62 62 60 60 59 60 59 61 61 59 59 60 61 60
    61 61 60 62 62 63 62 63 61 63 64 64 63 63 63 63 63 62 61 61 62 63 63
    63 62 61 61 62 63 62 62 61 61 62 63 61 59 60 60 60 61 61 61 61 61 61
    62 63 63 62 62 63 61 61 63 64 63 63 63 64 64 63 63 63 64 65 66 66 66
    65 63 63 61 61 61 61 59 60 59 57 56 57 58 60 60 61 62 62 62 62 62 64
    64 64 64 64 65 63 61 61 61 60 60 62 61 63 62 62 62 63 64 63 65 65 65
    65 65 64 63 64 63 62 64 62 64 62 63 62 63 62 62 62 62 62 62 62 63 62
    62 61 63 63 64 63 63 63 63 63 64 63 63 62 61 63 63 62 62 61 60 61 61
    60 59 60 59 60 61 62 61 62 62 63 63 65 63 63 64 66 66 67 65 65 63 65
    62 62 59 60 58 59 58 58 57 70 69 69 67 67 65 65 65 65 66 66 66 65 65
    63 63 62 62 63 61 62 61 62 61 61 61 59 60 59 60 58 60 60 61 61 61 62
    61 62 62 62 63 61 61 62 62 62 62 60 61 62 60 60 60 61 60 61 61 60 59
    60 60 60 61 61 61 62 63 64 63 63 62 63 64 64 64 64 64 64 64 63 61 62
    62 63 64 63 63 62 63 63 63 63 63 63 63 63 64 62 59 60 61 60 61 60 61
    60 60 59 60 61 61 60 61 61 60 60 62 63 63 63 63 64 64 63 63 64 64 65
    66 66 65 65 63 62 61 61 61 60 60 60 59 58 57 58 58 60 60 61 62 62 62
    61 61 63 63 62 62 62 63 61 60 59 59 59 59 61 61 63 63 62 63 64 64 64
    65 65 65 65 66 65 63 64 64 63 64 64 64 64 64 64 65 64 65 64 64 64 64
    63 64 64 63 63 64 64 65 63 64 63 64 64 64 63 63 62 62 63 63 61 62 61
    61 62 61 61 60 61 61 61 62 63 62 63 64 64 64 65 64 64 65 67 67 67 66
    66 64 65 64 63 60 60 59 59 58 58 57 69 68 68 66 66 65 65 65 66 66 66
    66 66 66 63 64 63 62 63 62 62 61 62 61 61 61 60 60 58 60 58 60 60 62
    62 62 63 62 62 62 61 61 60 61 62 62 62 62 60 61 61 60 61 60 62 61 62
    62 60 60 61 61 61 61 61 62 62 62 63 62 62 61 62 63 63 62 63 62 63 63
    61 60 61 62 62 63 63 63 62 63 63 63 62 62 62 61 62 62 60 58 59 59 57
    59 58 59 59 59 58 59 59 59 58 59 60 59 58 61 62 62 63 62 63 64 63 63
    64 64 65 66 65 65 64 62 61 60 60 61 60 59 60 59 58 57 59 59 62 61 62
    63 63 62 61 61 63 63 63 62 62 63 61 60 59 59 59 59 62 62 63 63 63 62
    63 64 63 65 65 66 66 66 66 64 65 64 63 65 64 64 64 65 64 64 64 65 65
    64 64 63 63 64 63 63 63 64 64 64 63 63 63 63 63 63 63 64 62 62 64 63
    61 61 61 61 62 62 61 60 61 61 61 62 63 62 62 64 64 64 65 63 63 64 66
    66 67 65 65 63 65 64 63 61 61 60 60 59 59 59 70 69 69 66 66 65 65 65
    65 66 66 67 66 65 63 63 62 61 63 62 62 61 62 61 60 60 59 60 59 60 58
    60 60 61 61 61 62 61 61 61 61 61 59 60 61 61 61 61 60 60 61 60 60 60
    61 61 62 62 60 59 60 60 60 61 61 62 62 62 63 62 62 62 62 64 64 64 64
    64 64 64 63 62 62 63 63 65 64 64 63 63 63 63 63 62 61 62 62 62 61 58
    58 58 57 58 58 59 58 58 58 59 59 59 58 59 60 59 59 61 62 62 63 63 63
    64 62 63 64 64 64 65 64 64 64 62 61 60 60 61 60 59 60 59 58 57 59 60
    62 62 63 64 64 64 63 62 64 64 65 65 65 65 64 62 61 60 59 59 62 62 63
    63 62 62 62 63 61 63 63 64 65 65 65 63 65 64 63 64 63 64 63 64 64 64
    64 64 64 64 64 63 63 64 63 63 63 64 64 64 63 62 62 62 63 62 62 63 61
    61 63 62 61 60 60 60 61 62 61 60 61 60 61 61 62 61 62 63 64 65 66 64
    64 65 67 67 68 67 67 66 67 66 65 64 64 63 63 62 62 61 67 66 66 63 64
    63 63 63 63 64 65 65 65 64 62 63 62 61 63 62 62 61 62 61 61 60 59 59
    59 60 59 60 60 61 61 61 61 61 61 60 60 60 59 60 61 61 61 60 59 59 60
    59 60 60 61 61 62 61 60 58 59 59 60 61 61 62 62 62 63 62 62 62 62 63
    64 63 64 64 64 64 63 63 63 63 64 66 66 66 65 64 65 65 63 63 62 62 62
    62 60 57 57 58 56 58 58 59 58 59 59 60 60 60 59 60 61 60 59 61 62 62
    62 62 62 63 62 62 64 64 64 65 64 64 65 63 61 60 61 61 61 61 61 60 59
    58 59 60 62 62 62 64 65 64 63 62 64 64 64 64 65 65 64 63 62 61 60 60
    62 62 63 62 62 62 63 63 62 63 64 65 65 65 66 64 65 65 64 66 64 65 64
    65 65 65 65 65 65 64 64 64 63 64 62 63 63 64 63 63 62 62 61 62 62 61
    61 62 60 60 62 62 60 60 60 60 61 61 61 60 61 60 60 61 61 60 61 62 63
    64 65 64 64 65 66 66 67 66 66 65 67 66 66 64 64 63 63 62 62 62 66 65
    65 63 63 63 63 63 64 64 65 65 65 65 63 63 63 63 64 63 63 62 63 62 61
    60 59 59 58 60 58 59 59 60 60 59 60 60 60 60 59 60 60 60 61 61 61 60
    59 59 60 59 59 59 60 60 61 60 59 58 59 59 59 60 61 61 62 62 63 62 62
    62 63 63 64 63 64 63 63 64 63 62 63 64 64 66 66 66 66 65 65 65 64 63
    62 62 62 62 60 58 57 58 56 58 58 59 58 59 59 60 60 61 60 61 61 60 60
    61 62 62 62 62 63 64 63 63 64 65 65 66 65 65 66 64 62 61 61 61 61 60
    60 60 58 57 58 59 61 60 61 63 64 63 62 62 63 63 63 64 64 65 63 62 60
    60 59 59 61 61 62 62 62 62 62 62 61 62 63 64 65 64 64 63 64 64 63 65
    64 64 63 64 64 64 64 64 64 63 63 63 62 63 61 61 62 63 63 62 63 62 62
    62 63 62 62 63 61 62 63 63 62 61 61 60 62 62 61 60 61 60 60 61 61 59
    60 61 62 64 65 63 63 64 65 66 67 66 66 66 67 67 66 65 64 63 63 63 63
    62 67 66 67 64 65 65 64 63 63 64 64 65 65 65 63 63 62 62 63 63 63 62
    64 62 62 61 60 60 59 61 60 60 61 61 60 59 60 59 59 60 60 60 60 61 61
    62 62 61 59 59 61 60 61 60 61 60 61 60 58 58 58 58 58 60 59 60 61 60
    61 60 61 61 62 63 64 63 64 63 63 64 63 63 64 65 65 67 66 66 65 64 64
    64 63 63 62 62 62 62 60 58 57 58 56 58 58 59 58 59 59 60 60 60 60 61
    61 61 60 62 63 63 63 63 64 64 64 65 66 66 66 67 66 65 66 64 62 61 61
    61 61 60 60 60 58 57 58 59 61 61 62 64 64 64 62 62 63 63 62 63 64 64
    63 61 59 59 58 58 61 61 62 63 63 63 63 64 63 64 65 66 66 66 66 64 65
    65 64 65 63 63 62 63 63 63 63 63 63 62 63 62 61 62 60 61 61 63 62 62
    61 61 61 62 63 62 62 63 62 62 63 63 62 62 62 62 62 62 61 60 61 60 60
    61 61 60 60 61 62 63 63 62 62 63 64 65 65 64 65 64 65 66 65 64 64 63
    63 63 62 62 67 67 67 65 66 66 65 65 65 66 65 65 66 65 63 63 63 63 64
    63 63 63 64 63 62 61 61 61 61 62 61 61 62 62 61 60 60 60 60 60 60 61
    61 62 62 62 62 62 61 61 62 62 62 62 63 61 61 60 59 58 59 59 59 60 60
    61 62 61 62 62 63 63 65 65 67 66 66 65 64 65 64 64 65 65 65 66 66 66
    65 64 64 64 63 63 61 62 61 61 59 58 57 57 56 58 58 59 58 60 59 60 60
    61 61 61 62 61 62 63 63 64 64 64 65 65 65 65 66 66 66 67 66 64 65 64
    61 60 60 60 61 60 60 60 58 57 58 60 62 62 62 65 65 65 63 63 64 63 63
    64 65 65 64 63 61 61 60 60 61 62 64 64 64 64 64 64 63 64 65 66 67 67
    67 65 66 66 64 65 64 64 63 64 64 63 64 62 62 62 62 62 61 62 61 61 61
    63 63 62 62 61 62 62 63 63 62 63 62 63 65 64 63 63 62 62 63 63 61 60
    61 61 61 61 61 60 60 61 62 63 64 63 64 65 66 66 67 66 66 66 67 67 66
    65 64 63 63 62 62 62 67 67 68 66 67 67 66 65 65 66 65 65 65 64 64 64
    64 64 64 65 64 64 65 64 63 62 62 62 61 63 62 62 62 62 60 60 59 59 59
    59 60 60 60 61 61 62 61 62 60 61 62 62 62 62 62 61 62 61 59 59 60 59
    60 61 61 62 62 62 64 63 64 64 66 66 67 66 67 65 65 66 65 65 66 66 66
    67 67 67 66 65 64 64 64 64 63 63 62 62 60 59 58 58 56 58 58 60 59 60
    59 60 60 61 61 61 61 61 61 62 62 63 62 62 63 64 63 64 65 64 65 66 65
    64 66 64 63 62 63 62 63 62 62 62 60 60 61 62 64 63 64 66 66 66 65 64
    65 65 64 65 66 66 64 63 62 62 61 61 62 62 64 64 64 64 64 64 63 64 65
    66 66 66 66 65 66 66 64 65 64 64 63 63 63 63 62 61 61 61 61 60 59 61
    60 60 61 63 63 62 62 61 63 63 63 63 63 63 63 63 65 64 63 62 62 62 62
    62 60 60 61 60 61 61 60 59 59 60 61 63 63 63 63 65 65 66 67 65 65 65
    66 66 66 65 64 63 62 61 61 61 65 65 66 65 66 66 65 65 65 66 65 65 66
    65 65 65 65 64 65 64 64 63 64 63 61 61 60 60 60 61 61 61 61 61 60 60
    59 59 60 60 61 61 61 62 62 62 62 62 61 61 62 62 63 62 62 62 62 61 60
    60 60 60 61 62 62 63 63 62 64 63 64 64 65 66 66 66 67 65 65 64 64 64
    65 65 66 67 67 67 66 65 64 64 63 64 63 63 61 62 60 60 59 58 57 59 60
    61 60 61 60 60 60 61 61 62 62 61 62 62 62 63 63 63 64 64 65 65 66 66
    66 66 65 65 66 65 63 63 63 63 64 63 63 63 61 60 61 63 64 63 63 65 65
    64 63 62 63 63 63 63 64 64 64 63 62 62 61 62 63 63 65 65 65 64 65 64
    64 64 65 66 66 67 66 66 66 66 64 66 65 65 64 65 65 64 63 62 62 62 62
    61 60 61 60 60 61 63 63 62 62 61 62 62 62 61 62 62 62 62 63 63 62 61
    60 60 61 60 59 59 60 59 59 59 59 58 58 59 60 63 63 63 63 65 66 66 67
    66 66 66 67 67 67 66 65 65 64 63 63 63 64 63 64 63 65 64 63 63 63 65
    64 64 64 65 64 63 64 63 64 63 63 62 64 63 61 60 60 60 60 62 61 61 61
    61 60 60 60 60 60 61 62 62 62 62 62 62 62 62 61 62 62 62 63 62 63 62
    63 62 62 62 62 62 63 64 65 66 66 65 66 65 65 65 66 66 66 66 67 66 65
    65 64 65 66 66 67 68 68 68 68 66 66 64 64 65 63 63 62 62 61 60 59 58
    57 60 61 62 61 62 60 61 61 62 62 62 62 62 63 63 63 63 63 63 64 64 64
    65 65 65 65 65 64 63 65 64 63 63 63 63 64 64 63 63 61 61 62 63 64 64
    63 65 64 64 64 63 63 63 63 64 65 65 64 64 63 63 62 63 64 65 67 67 66
    66 66 66 65 65 65 66 66 67 66 65 66 66 64 66 65 65 64 64 64 63 64 62
    62 61 61 60 59 60 59 59 60 62 61 61 62 61 62 62 62 61 62 62 62 62 63
    63 62 61 60 60 61 60 59 59 60 59 59 59 58 58 58 58 60 62 62 62 62 65
    65 65 65 65 65 65 66 66 66 65 64 63 63 63 62 62 62 62 63 62 63 62 62
    63 62 64 63 63 63 63 63 62 62 62 63 63 62 62 63 62 60 60 60 61 61 62
    62 61 62 61 60 59 60 59 60 61 63 62 62 63 62 62 62 62 61 62 62 62 63
    62 61 61 62 62 61 62 61 61 62 63 63 64 64 64 64 64 64 64 65 64 64 65
    67 65 64 64 64 65 66 66 67 68 68 67 67 66 66 64 64 65 63 63 62 61 60
    60 60 59 59 61 62 63 62 63 61 62 61 63 63 63 63 63 64 64 64 64 64 64
    65 65 65 66 66 65 65 64 64 63 64 63 63 63 63 63 64 64 64 64 62 63 63
    64 66 65 65 67 66 66 66 64 65 64 64 65 66 65 66 65 64 63 62 63 65 65
    67 67 67 66 67 66 66 65 65 66 66 67 66 65 65 64 63 65 64 64 64 65 65
    65 65 64 63 62 62 61 61 62 61 61 61 62 62 62 62 62 62 62 62 61 62 62
    62 62 63 63 62 60 59 59 59 59 58 58 59 59 59 59 58 57 57 57 59 61 61
    61 61 63 63 63 64 63 64 64 64 64 65 64 63 62 62 62 62 63 63 62 63 63
    63 63 62 63 62 65 63 63 63 64 64 64 64 63 64 64 63 63 64 63 62 61 61
    61 62 62 61 61 61 61 60 60 60 60 61 62 63 62 63 63 63 64 63 64 63 63
    64 64 64 63 63 62 63 62 62 62 61 61 62 62 62 64 64 63 64 64 64 65 65
    64 65 66 68 66 65 66 65 66 66 67 67 68 67 67 67 66 65 63 63 65 63 62
    62 61 61 61 60 59 59 61 62 62 61 62 60 61 61 61 62 61 62 61 62 62 63
    62 62 63 63 64 64 66 66 65 66 65 65 63 64 63 62 63 63 63 64 64 64 64
    62 62 63 62 65 65 65 67 66 65 65 64 65 64 65 65 66 66 66 66 65 64 63
    64 66 66 68 67 67 66 67 66 65 65 65 65 66 67 66 65 65 64 63 65 65 66
    65 67 66 66 66 64 64 62 62 61 61 62 61 60 60 62 62 61 62 62 62 62 61
    61 63 63 63 63 64 64 62 61 61 61 61 61 60 61 61 60 60 60 60 59 59 59
    60 62 62 62 61 63 63 63 63 63 64 64 64 64 65 64 63 62 63 64 64 64 61
    61 62 63 63 63 63 63 63 65 63 64 64 65 65 65 66 65 65 65 65 64 65 64
    63 63 62 62 63 63 62 61 61 60 60 60 60 60 61 61 62 62 63 64 64 65 64
    65 65 64 64 64 65 64 64 63 64 64 63 63 63 63 64 64 64 65 66 66 66 67
    67 67 67 66 67 67 68 67 66 66 66 67 67 67 67 67 66 66 66 64 64 63 63
    64 63 61 60 60 61 61 60 60 60 62 63 63 63 63 62 62 62 62 63 62 62 61
    63 62 62 61 61 62 62 62 64 66 67 65 66 66 66 64 64 64 63 64 64 63 65
    65 65 64 63 62 63 63 65 66 66 67 66 66 66 65 65 64 65 65 67 66 67 67
    65 64 64 65 66 66 68 67 67 66 67 65 65 65 65 65 67 67 67 66 66 65 64
    66 66 66 66 67 66 65 66 64 63 62 62 61 61 62 60 60 60 62 62 62 63 63
    62 62 62 61 63 63 63 64 65 65 64 62 62 62 61 62 61 61 62 61 61 61 60
    59 59 59 60 62 62 63 62 64 64 64 64 64 65 65 65 66 66 66 64 64 63 65
    65 65 61 61 62 63 64 64 63 63 62 64 62 63 63 64 65 65 66 65 66 66 66
    65 66 66 65 65 65 64 64 64 63 62 62 61 60 61 61 61 62 62 64 63 65 65
    65 66 66 66 66 65 65 65 65 65 65 64 64 64 64 64 63 64 64 64 65 66 66
    66 66 66 66 67 67 67 67 67 69 68 67 67 66 67 67 66 66 67 66 65 65 64
    64 62 62 63 61 61 60 60 60 61 61 61 62 63 64 64 64 65 64 64 63 64 64
    63 62 61 63 62 62 61 61 61 61 61 63 65 66 64 65 65 66 63 64 64 63 63
    64 63 65 64 64 63 63 63 63 63 64 65 65 67 66 66 66 65 66 64 65 66 67
    67 67 68 66 65 65 65 67 67 69 68 69 67 68 66 66 67 66 66 67 68 68 67
    67 66 64 65 65 66 66 67 66 65 65 64 64 62 62 61 61 62 61 61 61 62 62
    61 62 62 62 62 62 61 62 62 63 63 64 64 63 62 63 63 62 62 61 62 63 62
    62 62 61 61 60 60 61 62 62 63 62 64 63 64 64 63 64 64 64 64 65 64 63
    62 62 63 64 64 63 62 63 64 65 65 64 64 63 64 63 63 63 64 66 65 65 66
    66 67 67 66 66 65 64 64 64 63 63 63 62 62 61 60 60 60 60 60 62 62 63
    63 65 65 65 65 65 65 64 64 64 64 64 63 64 63 63 62 63 63 63 64 65 65
    66 67 67 66 67 66 66 68 67 66 66 66 67 66 65 65 65 65 65 64 64 65 64
    63 63 63 63 61 61 62 61 60 60 60 60 61 61 61 63 64 64 64 64 65 64 63
    63 63 63 62 61 60 61 60 59 59 59 58 59 59 61 63 64 63 64 65 65 63 64
    64 62 63 63 62 64 64 64 63 62 62 63 63 64 65 65 66 66 66 67 65 66 64
    64 65 66 66 66 66 65 65 65 65 66 66 68 68 69 69 69 67 66 67 67 67 67
    67 68 67 67 66 64 65 65 65 65 66 65 65 65 65 64 62 62 61 61 62 61 61
    61 62 61 61 62 62 62 61 61 60 61 62 62 63 64 63 63 62 62 63 62 62 61
    62 63 63 64 63 62 62 61 61 62 63 64 64 63 65 64 64 64 63 64 65 64 65
    65 65 63 63 63 64 64 65 62 61 62 63 64 64 63 63 63 64 63 63 64 65 66
    65 66 65 66 66 66 65 66 65 63 63 63 62 63 62 62 61 61 60 60 60 60 61
    62 63 64 63 65 65 65 65 64 64 64 63 63 63 63 62 62 61 62 61 61 62 63
    64 64 65 65 66 66 65 66 66 66 67 67 66 66 66 66 66 65 65 65 65 65 64
    65 66 65 64 64 63 63 61 60 61 60 59 58 59 59 60 59 60 61 63 63 63 64
    64 64 64 62 63 63 62 60 60 61 60 59 59 59 58 58 58 60 62 63 63 64 64
    65 62 63 63 63 63 64 63 65 64 65 64 63 63 63 64 64 66 65 66 66 66 67
    66 66 64 64 65 66 66 66 66 65 65 64 65 65 65 66 67 68 68 68 66 66 66
    66 66 66 67 68 67 67 67 65 65 65 65 65 66 65 64 64 63 63 61 61 60 60
    61 61 61 61 62 62 62 62 62 62 62 62 61 62 62 62 63 64 64 64 63 63 63
    64 63 62 63 64 64 64 64 63 62 61 61 61 63 63 63 63 64 64 64 64 64 64
    65 63 64 65 64 63 62 62 63 64 64 63 63 64 65 66 65 65 65 64 65 64 64
    65 66 68 66 66 66 67 67 67 65 66 66 64 64 63 63 63 62 62 61 61 59 58
    58 59 59 61 62 63 63 64 64 64 64 63 63 63 63 63 62 62 61 61 60 61 61
    61 61 62 64 64 65 65 66 67 67 67 66 67 67 67 66 66 66 67 66 65 66 66
    66 66 65 66 67 66 65 65 64 64 63 62 63 62 61 60 61 62 63 62 62 64 65
    66 66 65 66 65 65 64 64 64 62 61 60 61 60 59 59 58 58 59 59 60 62 63
    63 64 65 65 63 63 64 63 63 64 63 64 64 64 62 61 61 62 62 62 64 63 64
    64 64 65 65 65 63 64 65 66 66 66 66 65 64 64 64 65 65 66 66 68 67 66
    64 64 65 64 65 65 65 65 65 66 65 63 64 64 64 65 66 65 64 64 64 63 62
    62 61 61 61 61 62 62 62 62 63 63 64 63 63 63 61 62 63 63 63 64 64 64
    64 63 63 62 62 62 63 64 64 64 65 64 63 63 62 62 64 64 64 64 65 65 65
    65 65 65 65 63 63 63 63 61 60 61 62 63 63 65 64 65 66 68 67 67 66 66
    66 65 65 65 67 69 67 66 67 67 68 67 66 66 65 64 64 63 63 63 62 62 61
    61 59 58 59 59 60 61 62 63 63 64 65 64 63 63 62 62 62 62 61 61 60 60
    59 60 60 60 61 62 64 64 65 65 66 66 66 66 65 66 66 66 65 65 65 65 65
    65 65 65 65 65 66 66 67 65 64 65 65 64 62 62 62 62 61 61 61 62 63 63
    63 65 66 66 66 66 66 65 65 64 64 64 62 61 60 61 60 60 60 59 59 60 60
    62 63 64 64 66 66 67 64 63 64 64 64 64 63 64 64 64 62 61 60 61 61 61
    63 61 63 62 63 64 64 64 62 63 64 65 65 64 65 64 64 64 65 65 65 67 67
    69 67 66 64 64 65 64 65 65 65 65 65 65 63 61 62 62 63 64 65 63 63 63
    63 62 61 60 60 60 60 60 60 61 61 62 62 63 64 63 64 63 62 63 63 65 64
    66 65 66 65 64 64 63 63 62 63 64 64 65 65 65 64 63 62 61 63 63 64 64
    65 65 64 64 64 64 64 62 62 62 62 60 59 59 61 62 62 66 65 66 67 68 67
    67 67 66 68 66 66 66 67 69 68 67 68 68 68 68 66 67 66 64 64 63 63 63
    61 62 61 60 59 58 59 60 60 62 62 64 63 63 64 64 63 63 63 63 62 62 61
    61 60 61 60 61 61 61 62 62 64 65 66 67 67 67 67 66 65 66 67 66 65 65
    65 66 65 65 64 65 65 64 65 65 66 65 64 64 64 64 63 62 63 62 62 61 62
    63 64 63 63 65 65 65 65 65 65 64 64 63 64 63 61 60 60 61 61 60 60 60
    60 61 61 63 64 65 65 68 67 68 65 64 65 65 65 65 63 64 63 63 61 61 60
    61 60 61 62 62 62 62 62 64 65 64 63 64 65 66 65 64 66 65 64 64 65 66
    65 66 67 68 67 65 64 63 64 63 63 63 63 63 64 63 62 60 60 61 62 63 64
    62 63 62 63 62 61 61 60 61 61 61 61 62 63 63 64 65 65 65 66 65 63 64
    64 66 65 67 66 66 66 65 64 63 63 62 63 64 64 65 65 64 63 62 62 61 62
    63 63 63 64 64 64 64 64 63 63 61 61 62 62 59 59 59 60 61 61 65 65 66
    67 68 67 66 66 66 67 65 65 65 66 69 68 67 68 68 68 67 66 67 66 64 65
    64 64 64 62 63 62 61 60 59 60 60 61 63 63 64 63 64 65 65 64 63 63 63
    62 62 62 62 62 62 61 62 62 62 63 63 65 66 67 68 67 68 67 67 67 67 67
    67 66 66 66 67 66 66 66 66 66 65 66 65 66 65 64 64 64 64 62 62 62 61
    62 61 62 63 64 63 63 65 65 64 64 63 63 62 62 61 61 61 59 59 58 60 60
    59 59 60 60 61 61 63 64 65 65 67 67 67 65 63 65 65 65 65 63 63 63 63
    61 61 60 61 61 62 64 62 63 63 63 65 65 65 64 65 66 66 65 66 67 66 65
    64 65 65 64 66 67 68 67 66 64 65 65 64 64 64 65 65 65 64 62 61 61 62
    63 63 65 63 63 63 64 63 63 62 62 63 62 63 63 63 64 63 64 64 65 64 65
    64 63 64 64 65 64 66 65 65 65 64 64 63 63 62 64 65 65 66 66 66 64 63
    63 62 63 64 65 64 64 64 63 63 62 61 61 60 60 60 60 58 57 57 58 59 59
    63 63 63 65 66 65 65 65 65 67 65 65 65 66 69 68 67 68 68 68 68 66 65
    65 63 63 62 63 62 61 62 61 61 60 59 60 61 61 63 63 64 64 64 64 64 63
    63 62 62 62 61 61 60 60 60 59 61 61 61 62 62 65 65 66 67 67 68 69 68
    68 68 68 68 67 67 67 67 67 67 66 67 67 66 65 65 66 65 64 65 65 65 63
    64 64 63 63 62 64 64 65 65 66 67 67 66 65 65 64 63 63 62 63 61 59 59
    58 60 60 59 60 60 60 61 61 62 64 65 64 67 65 66 64 63 65 65 64 65 63
    64 64 64 62 62 62 63 63 63 64 63 63 63 63 66 66 66 65 67 67 67 66 67
    68 67 66 65 66 66 64 66 67 67 66 65 64 64 64 62 62 62 63 63 63 63 60
    59 60 60 62 62 64 63 63 63 64 63 62 62 62 62 62 63 63 63 63 63 63 63
    63 63 64 63 62 63 63 63 63 64 64 63 64 63 63 63 63 62 64 65 66 66 67
    67 65 65 65 64 65 66 66 65 66 65 64 64 63 62 62 61 61 61 61 59 59 59
    60 60 60 63 63 63 64 65 64 64 64 64 66 64 64 64 66 67 66 65 67 67 68
    67 65 64 64 62 62 61 62 61 60 61 61 60 60 58 60 61 62 64 64 64 64 64
    65 64 63 63 62 62 62 61 61 60 60 60 60 61 61 61 62 62 64 65 66 67 68
    68 68 68 67 67 67 67 66 66 66 66 66 66 65 65 65 64 64 64 65 64 64 65
    65 65 64 64 64 64 64 63 65 65 66 66 67 68 67 68 66 66 65 64 63 62 63
    61 60 59 58 59 59 59 59 59 60 61 61 62 63 64 64 66 65 67 64 63 65 65
    64 65 63 64 64 64 62 63 62 63 63 62 64 63 64 64 63 66 66 66 65 66 66
    67 66 66 67 65 64 64 64 65 63 64 65 66 65 64 63 63 64 62 62 62 62 63
    63 63 60 59 59 59 61 61 63 62 63 63 64 63 63 63 62 63 62 64 64 64 64
    63 64 63 63 63 64 63 62 62 63 64 63 64 63 63 64 63 63 62 63 62 64 65
    65 65 66 66 65 65 64 63 65 66 65 65 65 64 63 63 63 62 62 61 60 61 61
    59 59 59 60 60 60 63 63 63 64 65 64 64 64 64 66 64 65 65 66 68 67 66
    68 68 68 67 65 64 63 61 62 61 62 61 60 61 60 60 60 59 61 63 64 66 66
    66 66 65 66 65 64 64 63 62 63 61 61 60 60 60 60 61 61 61 62 62 64 65
    66 67 67 67 67 67 66 66 66 66 64 65 65 65 66 65 64 64 64 64 64 64 65
    64 64 65 64 65 63 63 63 63 63 62 63 64 64 64 65 66 66 66 65 65 63 63
    62 61 62 61 60 60 58 59 59 58 58 59 59 60 60 62 63 64 64 66 65 67 65
    63 65 65 64 65 63 64 64 64 62 62 62 62 62 61 63 62 63 63 62 64 65 64
    63 64 64 64 64 64 65 64 62 62 63 63 62 64 65 66 65 64 63 63 64 63 63
    63 63 63 63 63 61 60 60 60 62 62 63 62 63 63 64 63 63 63 63 64 63 64
    64 64 64 63 64 63 64 63 64 63 62 62 62 63 63 63 63 63 63 62 62 62 63
    62 63 64 65 65 66 66 65 65 65 64 66 66 66 65 65 65 64 64 63 62 62 61
    60 61 61 59 59 59 59 61 60 65 65 64 65 66 65 65 65 64 66 64 65 65 66
    67 66 65 67 68 68 67 66 65 65 63 64 63 63 63 63 63 63 63 61 60 62 64
    65 66 66 66 66 66 66 65 64 64 63 63 63 63 62 61 60 60 61 61 61 61 62
    62 63 64 65 66 66 67 67 67 67 67 67 66 65 65 65 66 66 65 64 65 65 65
    64 64 65 64 64 65 64 66 64 64 64 64 63 63 64 63 63 63 65 66 65 66 64
    64 63 62 61 61 61 60 59 59 58 58 58 57 57 57 57 58 59 60 61 61 61 63
    63 64 63 61 63 63 63 63 62 63 64 64 62 63 62 63 63 62 64 63 64 64 63
    66 66 65 64 64 65 65 65 64 66 64 63 62 63 63 62 63 64 66 66 65 64 65
    65 64 64 64 64 64 64 65 62 61 61 61 62 62 64 62 64 64 64 64 65 65 64
    65 64 65 65 64 64 64 64 64 64 64 64 63 62 62 62 63 63 63 63 62 63 62
    62 61 63 63 64 64 65 65 66 65 64 64 64 63 64 65 65 64 63 63 62 62 61
    60 61 60 59 60 60 58 58 57 58 59 59 66 67 66 66 67 67 66 65 65 66 64
    65 66 66 68 67 66 68 68 70 68 67 66 65 64 65 64 64 63 62 63 63 62 61
    59 61 63 65 65 65 65 65 65 65 65 65 65 63 63 63 63 62 61 61 60 61 61
    61 61 62 62 63 64 65 66 66 66 66 66 66 66 66 65 64 65 64 65 65 65 63
    64 64 64 64 63 64 64 64 65 65 65 64 64 64 64 64 64 64 64 65 64 65 66
    66 66 65 65 64 63 62 61 62 61 59 59 58 58 58 57 57 57 58 59 59 60 61
    61 61 63 63 64 63 61 63 63 62 63 62 62 62 62 61 61 62 62 62 62 63 63
    64 64 64 65 66 65 64 64 65 64 64 63 64 63 61 61 61 61 60 61 62 64 65
    64 63 64 65 64 65 65 65 65 65 66 63 61 61 61 63 63 64 63 65 64 65 64
    64 64 64 65 65 64 65 64 65 64 64 64 64 63 64 63 62 62 62 62 63 63 62
    62 63 61 61 61 63 63 63 64 65 65 66 65 64 64 64 63 64 65 65 64 62 62
    62 62 61 59 60 60 60 60 60 58 59 58 58 60 59 66 67 66 67 67 67 67 66
    66 66 64 65 66 67 69 68 67 69 68 69 68 66 65 65 64 64 63 63 62 61 63
    63 63 61 60 62 63 66 66 65 66 66 66 66 65 64 64 63 63 63 63 63 61 61
    62 62 62 62 63 64 64 65 66 66 68 66 66 66 66 66 66 67 66 64 65 64 64
    65 65 63 63 63 64 64 63 64 63 63 64 64 65 64 64 63 64 64 64 65 64 64
    63 65 66 65 66 65 65 64 64 63 62 62 62 60 60 59 60 60 58 58 58 59 60
    60 61 62 63 63 65 65 66 64 62 65 65 64 64 63 63 63 62 62 62 62 62 62
    61 63 63 62 63 62 64 65 64 64 64 65 64 64 63 64 62 61 61 61 62 60 61
    62 64 64 64 64 64 65 65 66 66 66 66 66 67 65 63 62 62 63 62 63 62 63
    62 63 62 63 63 62 62 62 62 63 63 64 63 63 63 63 63 63 63 62 62 62 63
    64 63 62 62 63 62 62 61 63 63 64 64 65 66 67 65 65 65 65 64 65 66 66
    65 64 64 64 64 62 61 62 61 61 61 61 60 60 59 58 60 60 67 67 67 67 68
    68 67 67 66 66 64 65 66 67 68 66 65 67 67 68 67 65 64 64 63 64 63 63
    62 62 64 64 64 62 61 63 64 66 66 65 66 66 66 66 64 64 63 62 62 62 62
    62 61 62 62 62 62 62 63 64 64 65 65 66 67 67 66 65 65 65 65 66 64 63
    63 62 62 63 63 62 61 62 63 63 63 64 63 64 65 65 66 65 65 64 65 65 65
    65 64 65 64 65 66 65 66 65 65 65 64 63 62 63 63 61 61 61 61 60 60 59
    60 60 60 60 62 63 63 63 64 64 64 63 61 63 63 62 63 62 63 62 61 60 61
    62 62 63 61 63 63 62 62 62 63 64 64 63 63 64 63 63 61 63 61 60 61 61
    62 61 61 62 64 65 65 65 65 66 66 67 66 67 66 66 67 65 64 62 61 62 62
    62 61 62 61 62 61 62 62 61 62 61 61 62 63 63 62 63 62 63 63 63 62 62
    61 61 61 62 62 61 60 61 60 60 59 60 61 61 61 62 63 64 63 63 62 63 62
    63 64 65 64 63 63 63 63 62 61 61 60 60 61 62 60 59 58 57 59 59 69 69
    68 68 69 69 68 67 66 66 64 65 66 67 68 66 65 67 67 67 65 64 63 64 63
    63 62 62 61 60 62 63 63 61 60 62 63 66 65 65 65 66 65 65 63 63 63 61
    61 62 61 61 60 61 62 62 62 61 62 64 64 65 65 66 67 66 65 64 64 64 63
    64 63 62 62 61 62 63 63 62 62 63 63 64 64 64 64 65 66 66 67 66 65 65
    66 66 66 66 65 65 65 65 66 65 65 65 65 64 64 62 62 62 62 60 60 60 60
    60 59 58 59 59 60 59 61 62 62 62 63 63 64 63 61 62 62 62 62 61 63 62
    60 60 60 62 62 62 61 62 62 62 62 62 63 64 63 64 64 64 63 63 62 63 62
    61 62 61 62 61 62 62 64 64 64 64 64 65 65 66 65 65 64 64 66 64 63 61
    61 62 61 61 61 62 61 62 61 63 62 61 62 62 62 63 63 64 63 63 63 63 63
    63 62 62 61 61 61 61 60 59 59 59 58 58 58 60 60 61 61 62 62 64 62 63
    63 63 61 63 64 64 63 62 63 63 64 62 61 62 61 61 61 62 61 61 60 59 61
    60 69 69 68 68 68 69 68 67 66 67 65 66 67 67 68 66 65 67 67 66 65 63
    62 63 62 62 61 61 60 59 62 62 62 61 60 62 63 66 65 64 65 66 65 65 63
    62 62 61 61 61 61 61 59 60 60 60 60 60 60 62 62 63 63 64 65 65 64 63
    63 62 62 62 62 61 61 60 60 61 62 60 60 61 62 63 63 64 64 65 66 66 66
    66 65 65 66 66 66 66 64 64 64 63 64 63 63 63 63 62 61 60 60 60 60 59
    59 59 60 60 60 59 59 60 61 61 62 62 62 63 63 63 63 63 61 63 63 62 63
    62 63 62 62 62 61 63 62 63 61 62 62 62 62 61 63 63 63 63 63 64 63 63
    61 62 61 60 60 60 60 59 60 60 62 63 63 64 64 64 63 64 64 64 63 63 64
    62 62 61 60 61 60 61 61 63 62 62 62 64 64 63 64 64 63 64 64 65 65 65
    63 64 64 64 62 62 62 61 61 62 61 60 59 59 59 59 59 60 61 61 61 62 62
    64 62 62 62 62 61 62 63 63 63 61 62 63 63 62 61 62 62 61 62 63 63 63
    62 61 63 63 68 68 67 67 67 68 67 66 65 65 63 64 65 65 65 64 63 65 65
    65 63 62 62 63 63 63 62 61 61 61 63 63 63 61 60 62 63 66 64 64 65 64
    65 64 62 62 62 61 61 62 62 62 60 61 61 62 62 61 62 63 63 63 64 64 65
    65 63 63 62 62 61 62 61 61 61 61 61 61 61 60 60 61 62 64 64 64 65 65
    66 65 65 64 64 64 66 65 65 65 63 63 63 62 63 62 63 63 63 62 62 60 60
    61 61 59 60 60 61 61 61 59 60 61 62 61 62 63 62 63 63 63 63 63 60 62
    63 63 63 63 64 64 62 62 62 64 63 64 62 63 63 63 63 61 62 63 63 63 63
    64 63 63 61 62 61 60 59 58 59 59 58 58 60 61 60 61 62 62 62 64 63 63
    63 63 65 64 63 62 62 62 61 62 62 63 63 63 64 65 65 64 64 64 64 65 65
    66 66 66 65 66 65 65 64 63 63 62 62 63 61 61 59 59 58 58 58 59 60 60
    59 60 60 61 60 61 61 60 60 61 61 61 61 59 61 62 62 61 60 61 61 61 61
    62 62 62 62 61 63 63 69 70 69 68 68 69 68 66 66 64 63 64 64 64 64 63
    62 64 64 64 62 62 61 62 62 62 62 62 62 62 63 63 63 61 60 63 63 65 64
    64 65 65 65 64 62 62 63 62 62 63 63 63 61 62 62 63 63 62 63 64 64 63
    64 65 66 65 64 64 62 62 62 62 61 61 61 61 61 61 61 59 60 61 62 64 64
    64 65 65 66 66 66 65 66 66 67 66 66 66 64 64 63 63 64 63 64 63 64 63
    62 60 61 62 62 61 61 62 62 62 62 61 61 62 62 62 63 64 63 64 64 64 64
    63 61 63 63 63 64 63 64 64 63 63 62 64 63 62 61 62 61 62 61 59 61 61
    61 61 61 62 61 61 60 60 60 59 58 58 59 58 59 59 60 61 61 62 63 63 64
    65 65 65 64 64 65 64 63 63 62 63 62 63 63 63 62 62 63 64 64 63 63 64
    63 64 63 65 64 64 63 64 64 64 63 63 62 62 62 63 61 60 59 59 58 58 57
    58 58 59 58 59 59 59 58 59 59 59 58 60 60 60 60 59 59 61 61 60 60 60
    61 61 61 63 63 63 63 62 64 63 67 68 67 67 67 68 67 65 64 62 60 61 61
    61 61 61 60 62 62 63 61 61 61 62 62 62 62 62 62 63 64 64 64 62 62 64
    65 67 66 66 67 67 68 66 64 64 65 63 64 64 64 63 62 63 62 62 63 61 63
    64 63 63 63 64 64 64 62 62 61 61 60 60 59 59 59 60 60 60 60 58 58 60
    60 62 63 63 63 63 64 64 64 63 64 64 65 64 63 63 61 61 61 61 62 61 62
    61 62 61 61 60 60 61 62 61 62 62 62 62 61 61 62 62 62 61 63 64 63 64
    64 64 64 63 62 64 64 63 63 63 64 64 63 64 63 64 63 63 62 63 62 62 63
    61 62 62 62 62 61 62 60 61 60 60 60 59 59 58 59 58 59 58 60 62 61 63
    63 63 64 65 65 65 65 65 66 65 64 63 62 63 62 63 62 63 62 62 62 64 64
    63 63 64 63 63 63 64 63 63 63 64 64 63 62 62 62 61 61 62 60 60 58 58
    58 58 57 58 58 58 57 57 57 58 57 57 58 58 58 58 59 59 58 57 58 60 60
    60 60 60 61 61 62 63 64 64 64 63 64 64 66 67 66 66 65 66 65 63 62 61
    60 61 61 61 60 61 61 62 63 63 62 61 62 63 63 63 63 62 62 64 64 64 64
    62 62 64 65 67 66 66 66 66 67 66 64 64 65 64 65 65 65 64 63 63 63 63
    63 61 63 64 62 62 62 63 63 63 62 62 61 61 60 61 60 60 60 61 61 60 59
    58 58 59 59 62 63 63 63 63 64 65 65 64 66 66 67 66 65 64 62 61 61 61
    62 61 62 61 62 61 61 59 60 61 62 61 63 63 63 62 61 61 62 61 61 61 62
    64 62 63 63 62 63 62 61 63 63 63 63 62 64 64 63 64 63 65 63 63 62 63
    63 62 62 60 62 62 62 62 61 62 60 61 61 61 60 59 59 59 60 59 59 58 60
    62 62 64 64 64 65 66 66 67 66 66 67 67 66 66 64 64 64 64 64 64 63 63
    63 64 65 63 63 64 63 62 63 64 63 63 61 62 62 62 62 62 61 61 59 61 59
    59 57 57 57 57 57 58 58 58 56 57 57 58 57 58 58 59 59 59 60 60 59 59
    60 62 61 60 60 61 62 62 62 62 64 64 64 62 63 63 67 68 67 66 65 66 65
    64 63 62 61 62 62 62 60 61 60 60 62 62 61 61 61 63 62 62 63 62 62 64
    65 65 66 64 64 66 67 68 67 67 67 67 69 67 65 66 66 65 66 66 66 65 64
    64 64 65 64 62 63 64 63 62 62 63 62 63 61 62 61 61 60 60 60 60 61 61
    60 60 59 57 58 59 60 61 62 62 62 63 63 63 64 63 65 65 67 65 64 63 61
    61 62 62 63 63 63 62 64 63 63 61 61 62 63 63 64 64 63 62 61 60 61 60
    59 59 61 62 61 62 61 61 61 61 60 62 63 63 63 63 64 65 63 64 63 65 63
    63 62 62 61 61 61 59 61 60 61 61 60 61 60 61 60 60 59 59 59 58 59 59
    59 58 60 63 63 64 65 65 66 68 68 68 68 67 68 68 68 67 65 65 64 64 64
    64 63 63 64 64 65 64 63 64 62 62 63 64 63 63 62 63 63 62 62 62 62 62
    60 62 60 59 58 57 57 57 57 58 59 57 56 57 57 59 57 58 59 59 60 61 62
    61 61 60 61 62 62 61 61 62 63 63 63 63 64 64 65 63 64 65 68 68 67 66
    65 66 65 64 63 61 60 61 61 61 60 60 59 59 61 62 61 61 61 63 63 63 63
    63 62 64 65 65 67 65 65 67 67 68 67 67 68 67 68 66 64 64 65 64 65 66
    65 64 63 64 64 64 65 63 64 65 64 63 62 62 62 62 61 61 60 58 58 59 58
    57 58 58 58 58 57 55 56 58 58 61 61 61 62 62 63 63 63 63 65 66 67 65
    64 63 61 62 62 62 64 63 65 65 66 65 66 64 64 65 66 65 65 66 65 64 63
    61 62 61 60 59 60 62 61 62 61 62 62 62 61 63 65 64 64 64 66 66 65 65
    64 66 64 64 62 62 61 60 61 59 60 60 60 60 58 59 58 59 59 59 58 58 59
    58 59 59 59 58 60 63 62 63 64 63 65 66 66 66 66 65 66 66 65 65 63 63
    62 62 63 63 62 63 63 63 64 63 62 63 62 62 63 64 64 64 62 63 62 61 62
    62 62 61 59 61 59 58 56 56 56 57 57 58 59 58 56 57 57 59 57 59 60 61
    62 62 62 61 61 60 61 63 63 62 62 63 64 63 64 64 64 65 65 64 64 65 70
    71 70 69 68 69 67 66 65 63 62 62 62 63 62 62 61 60 62 62 61 62 62 64
    64 64 65 65 64 66 66 66 67 65 66 68 68 69 67 67 68 66 68 66 64 64 65
    64 66 65 65 64 63 64 64 65 65 64 65 65 64 63 63 63 62 62 61 61 59 59
    58 59 58 57 58 58 58 58 57 55 56 57 58 60 61 61 61 61 62 62 62 62 63
    64 65 64 63 61 60 61 60 60 62 62 62 63 65 64 65 63 64 64 66 65 65 66
    66 64 63 62 62 61 60 59 61 62 62 62 61 62 62 62 61 63 64 64 64 64 65
    65 64 64 63 65 64 63 62 62 61 60 61 59 60 59 60 60 58 59 58 59 59 59
    58 59 59 58 60 60 60 58 61 64 63 64 65 64 65 67 66 65 65 65 65 66 66
    65 64 64 63 62 62 62 61 62 63 63 63 63 62 63 62 62 64 65 64 65 63 65
    64 63 63 63 63 62 60 62 59 58 57 57 57 58 57 57 59 58 57 57 57 58 57
    58 59 58 60 59 60 60 60 59 60 61 61 61 61 62 63 62 63 63 64 63 64 63
    64 65 69 70 70 68 67 67 66 66 64 63 62 62 62 62 61 62 61 60 62 62 62
    62 63 64 65 65 66 65 64 66 67 67 69 67 68 69 70 70 68 68 68 66 68 67
    64 64 64 64 66 65 65 63 62 64 64 65 65 64 65 65 65 64 63 63 63 62 61
    61 59 59 58 59 58 58 58 58 58 58 57 56 57 58 59 61 62 62 62 62 63 62
    62 61 62 63 64 63 62 60 59 60 59 60 61 62 62 62 64 64 64 63 64 64 66
    65 64 65 65 64 63 63 63 63 61 60 62 63 63 63 62 63 63 63 62 64 64 64
    64 64 65 64 63 64 63 65 63 63 61 61 61 60 61 59 60 59 60 60 58 60 59
    59 60 60 60 60 61 60 61 62 62 60 62 65 64 65 65 65 66 67 66 65 65 65
    65 67 67 66 65 64 63 63 63 63 62 63 64 64 64 63 62 64 62 62 64 66 65
    65 64 65 64 63 63 62 63 62 60 62 59 58 57 56 57 58 57 57 59 58 57 57
    58 59 58 59 59 59 60 60 60 60 59 58 59 61 60 60 61 61 63 62 63 63 64
    64 65 65 65 66 68 70 69 68 66 67 66 65 64 62 61 62 61 62 61 62 60 59
    62 63 62 63 64 65 66 66 67 66 64 67 67 67 69 68 68 69 69 69 67 67 67
    66 68 66 64 64 64 64 65 64 64 63 62 63 64 64 64 63 64 64 64 64 63 62
    63 62 61 61 60 59 59 60 59 59 60 60 59 59 58 58 58 60 60 62 63 63 62
    62 63 63 62 62 63 64 64 63 63 61 61 61 61 61 63 63 63 63 65 65 65 64
    64 65 66 65 64 65 66 65 64 64 64 64 62 62 63 64 64 64 63 64 63 63 62
    63 64 63 63 62 64 63 62 63 62 63 62 62 60 61 60 59 60 59 61 60 61 60
    59 60 60 61 61 61 61 61 62 60 62 61 62 60 62 64 64 65 65 64 65 66 66
    65 65 65 65 67 67 66 64 64 63 64 64 63 62 64 64 64 65 63 62 64 63 63
    65 66 64 64 64 65 64 63 63 62 63 62 60 61 59 58 57 57 58 59 58 59 60
    59 59 58 59 60 59 60 60 59 60 59 60 59 59 58 59 60 60 60 61 61 62 63
    64 64 65 65 67 66 66 67 67 69 69 67 65 66 66 65 64 62 62 62 61 62 61
    61 60 59 61 62 62 63 64 65 66 66 66 65 64 66 66 66 68 67 68 69 69 68
    67 67 67 67 69 68 66 66 66 66 66 65 64 63 62 64 64 64 64 63 64 63 64
    63 63 62 63 62 61 62 59 60 59 59 59 59 60 60 59 60 58 57 58 59 59 61
    61 62 62 61 62 62 62 61 63 64 64 64 63 62 61 62 62 62 64 63 63 63 64
    65 64 64 64 64 66 65 64 65 66 65 65 66 66 66 64 64 66 67 67 67 66 67
    66 66 64 66 66 65 65 64 65 64 63 64 63 64 62 62 60 60 59 58 59 58 60
    59 60 60 59 60 59 60 61 61 61 61 62 61 61 61 61 59 60 62 62 62 63 62
    63 64 63 63 62 63 63 65 66 65 64 64 63 63 64 63 62 64 63 64 65 63 62
    63 62 63 64 66 64 64 63 65 62 62 63 61 62 61 60 61 59 58 57 58 59 60
    59 60 61 60 60 59 60 61 60 61 61 61 61 60 60 59 60 59 60 61 61 61 62
    62 63 63 64 64 65 65 67 66 66 67 66 67 68 66 64 64 64 64 63 62 61 61
    60 61 60 61 60 58 61 62 61 62 63 63 65 65 65 65 63 65 65 65 67 66 66
    68 68 67 66 66 66 66 68 67 65 65 66 65 66 65 65 64 63 64 64 65 64 63
    64 64 64 63 62 62 61 61 61 61 59 59 58 59 59 60 60 60 60 60 59 58 59
    60 60 61 61 62 61 60 61 61 61 61 62 63 63 62 61 60 59 59 59 60 62 62
    61 62 63 64 64 63 63 64 66 66 65 66 67 65 65 66 66 66 65 64 66 67 67
    67 66 67 67 67 66 67 68 66 67 65 66 65 65 65 65 66 63 62 60 61 60 59
    60 58 60 59 60 60 59 60 59 60 61 62 62 61 62 61 62 62 61 59 60 62 61
    62 63 61 63 63 63 63 62 63 63 65 66 66 65 65 64 64 64 63 62 64 64 65
    66 65 63 64 63 63 65 66 65 65 63 64 62 62 62 60 60 60 59 60 58 57 56
    57 58 60 59 60 61 60 60 60 61 61 61 61 62 62 62 61 61 60 61 60 61 62
    62 62 63 63 64 64 65 65 66 66 68 67 67 68 68 69 69 67 65 65 65 64 64
    62 62 62 61 61 60 61 60 59 62 62 62 62 64 64 65 65 65 64 63 65 64 64
    66 65 65 67 67 66 65 66 66 65 67 66 65 65 66 65 66 65 65 63 62 63 63
    64 64 62 62 62 62 61 61 61 61 61 61 62 60 59 58 59 59 60 60 61 61 60
    60 59 60 61 61 62 62 62 62 62 62 62 61 61 62 63 63 61 60 58 58 59 59
    59 61 61 60 61 61 62 62 62 62 63 66 65 64 66 66 65 65 65 66 66 64 64
    65 66 66 65 64 66 65 66 64 65 66 64 64 64 65 64 64 65 64 65 64 63 60
    62 60 60 61 59 60 59 60 59 59 59 58 59 60 60 60 60 60 60 60 60 60 58
    58 60 59 60 61 60 61 62 61 61 61 62 62 64 65 65 64 64 63 63 63 63 62
    63 64 64 65 65 63 64 63 64 66 66 65 65 64 65 63 63 62 60 61 61 59 60
    58 57 56 58 58 59 59 59 61 60 60 59 60 60 60 61 61 60 60 59 59 58 59
    58 59 60 60 61 62 62 63 64 64 65 66 66 68 67 67 68 66 67 67 65 64 64
    64 63 63 61 61 62 60 61 60 61 61 59 63 63 62 63 64 64 65 65 65 64 62
    64 63 62 65 63 64 65 66 65 65 65 66 65 67 67 66 66 67 66 66 66 65 63
    62 63 63 64 64 62 62 62 62 61 61 61 61 61 61 62 61 61 60 60 60 62 62
    63 63 63 62 61 62 63 62 63 63 63 62 62 63 62 61 62 62 63 63 62 60 59
    59 59 59 59 61 61 59 60 60 61 61 61 61 63 65 64 64 65 65 65 64 65 66
    66 65 64 65 66 64 64 64 65 66 66 65 67 68 66 66 66 66 66 66 67 66 67
    65 64 62 63 62 61 62 60 61 60 60 60 59 60 60 60 61 61 61 60 61 60 60
    61 60 59 59 61 60 60 61 59 61 61 61 61 60 61 60 63 64 64 62 63 62 62
    62 62 61 63 63 64 65 65 63 64 64 65 66 67 66 66 65 66 64 64 64 61 62
    62 60 61 59 58 58 60 60 61 60 61 62 62 62 61 61 61 61 62 61 61 61 60
    60 59 60 59 58 59 59 59 61 61 62 62 63 63 64 64 66 65 65 67 66 68 68
    66 64 64 63 63 63 61 61 61 59 61 60 61 61 59 62 63 63 63 65 65 65 65
    65 65 62 64 64 63 65 64 65 66 68 66 65 66 67 66 68 68 66 66 68 67 67
    66 65 62 62 63 62 63 63 62 62 62 62 60 61 61 61 62 62 64 62 62 62 62
    62 63 64 64 64 63 62 61 62 63 62 62 63 62 61 61 62 62 62 62 62 63 63
    62 60 59 59 58 59 60 60 60 59 59 59 60 60 61 60 62 65 64 65 66 66 66
    65 67 67 67 65 65 66 66 66 65 65 66 65 66 64 66 67 65 66 65 66 66 66
    67 66 67 66 64 63 64 62 61 62 61 61 60 60 59 58 60 59 59 60 61 60 59
    61 60 61 61 61 60 60 62 60 60 61 59 60 61 61 60 60 61 60 63 63 64 63
    63 63 63 63 63 62 64 64 65 66 66 64 64 64 64 65 66 65 65 64 65 64 63
    63 61 62 62 61 62 60 59 59 61 61 62 61 62 63 63 62 61 62 61 61 62 62
    62 61 61 61 60 61 60 59 60 60 60 61 61 62 62 63 63 63 64 65 65 64 65
    65 66 66 65 63 63 63 62 62 61 60 60 58 60 59 61 60 58 61 62 62 63 64
    64 65 65 65 64 62 64 63 63 65 64 65 66 67 66 65 66 66 66 68 67 66 66
    68 67 67 66 66 63 63 64 64 65 65 64 65 64 64 62 62 62 62 62 63 65 63
    63 63 63 62 63 64 65 65 65 63 62 63 64 63 64 64 63 62 62 63 62 62 62
    63 64 64 63 61 59 59 58 59 60 61 61 60 59 59 61 61 61 60 62 64 64 64
    66 65 65 65 66 66 66 65 64 65 66 66 65 65 66 65 65 64 66 67 65 65 64
    65 65 65 65 65 65 65 63 62 63 62 61 62 62 62 61 62 61 60 62 61 60 61
    62 62 61 62 62 63 63 62 61 61 63 61 61 62 61 62 62 62 61 61 62 61 63
    64 65 64 64 64 64 64 64 63 65 65 65 66 66 64 65 64 64 66 66 65 66 64
    65 63 63 63 61 61 61 60 60 59 58 58 60 60 61 60 60 61 62 61 60 61 61
    61 62 61 62 61 61 61 60 60 60 59 60 60 60 61 61 61 62 61 62 62 63 64
    63 63 64 63 64 65 64 63 63 62 62 62 61 60 61 59 61 61 62 61 59 61 62
    62 62 64 64 64 64 64 64 62 63 63 62 65 64 65 67 68 66 66 66 66 66 68
    68 66 67 68 67 68 66 65 63 63 63 63 64 63 63 63 62 62 61 61 61 61 61
    62 64 63 64 63 64 63 63 64 65 64 65 64 62 63 63 63 63 63 62 61 61 62
    62 62 62 63 64 64 63 62 60 61 60 61 62 63 63 61 61 61 62 62 62 61 63
    66 65 66 67 67 67 66 68 68 68 66 65 67 67 66 65 65 65 65 65 64 65 66
    64 63 63 63 63 63 64 63 64 64 63 62 63 62 61 63 63 64 62 62 62 62 63
    62 61 62 62 62 61 63 63 63 63 64 63 63 64 62 62 63 61 62 62 62 61 60
    60 59 61 62 62 62 62 62 62 62 62 62 63 63 64 65 65 64 64 64 64 65 65
    64 65 64 64 63 62 61 60 61 61 59 60 59 58 58 60 60 61 60 61 62 63 62
    61 62 62 63 63 62 63 62 62 62 62 61 61 61 62 62 61 62 62 62 63 63 63
    63 64 65 64 64 65 64 65 65 65 63 63 63 62 63 61 61 61 60 63 62 63 62
    59 61 62 62 62 64 64 64 64 64 63 61 62 61 61 64 64 64 65 66 65 65 65
    65 65 67 67 66 66 67 66 67 65 64 62 62 63 63 62 62 61 62 61 61 60 60
    59 60 60 61 63 62 63 62 63 63 63 63 64 64 64 63 62 62 62 62 62 61 61
    60 60 60 59 60 61 61 62 63 62 62 60 61 60 61 62 63 64 62 62 62 63 62
    63 62 63 65 65 66 67 66 67 66 67 67 67 66 65 66 67 66 65 65 65 65 65
    64 65 66 64 63 63 63 63 63 64 64 64 64 64 62 64 64 62 64 64 65 63 64
    63 63 64 63 62 63 63 62 62 63 63 63 64 63 62 63 63 62 62 63 61 61 62
    61 61 59 60 59 61 61 62 62 62 62 62 63 63 64 65 65 66 67 68 66 66 66
    66 68 68 67 67 66 65 64 63 63 61 62 62 60 61 60 59 58 60 61 62 61 62
    63 63 63 62 62 63 63 63 63 63 62 63 62 62 62 62 61 62 62 61 62 62 62
    63 63 64 64 64 64 64 63 65 64 65 65 65 64 64 63 63 63 63 62 62 61 63
    62 63 62 60 62 62 62 62 64 64 64 64 64 63 61 63 61 61 64 63 64 65 65
    64 64 64 64 64 65 66 64 65 66 65 66 65 64 62 62 62 63 63 63 62 63 62
    62 61 61 61 61 61 62 64 63 63 63 64 64 64 65 65 65 65 65 63 64 64 63
    62 62 61 61 61 62 62 62 63 63 64 64 64 63 61 63 62 63 63 63 64 62 62
    61 62 62 62 62 63 66 64 65 66 67 66 66 67 66 66 65 64 65 65 64 63 62
    63 63 62 61 63 64 62 62 61 62 62 62 63 62 63 63 63 62 64 62 61 63 63
    64 64 64 64 64 65 64 63 63 64 62 62 63 63 63 63 63 63 62 62 61 61 62
    60 61 61 60 59 58 58 57 59 60 61 60 61 61 61 62 62 63 65 66 67 67 68
    66 67 66 66 68 68 68 68 66 66 65 64 63 62 63 63 61 63 62 61 60 62 62
    62 62 63 64 64 64 63 63 64 64 64 63 63 62 63 63 63 62 61 61 62 62 61
    62 61 61 62 62 63 62 63 64 63 63 64 66 67 67 66 65 65 64 64 64 63 62
    61 60 62 61 62 61 59 60 60 61 61 63 63 64 64 64 63 61 62 61 61 64 64
    64 65 65 64 64 64 64 64 66 66 65 65 66 65 66 66 65 64 64 64 64 64 64
    64 64 63 64 63 63 62 62 61 62 63 63 64 64 64 64 64 65 64 64 65 65 64
    64 64 63 62 61 60 60 60 60 60 61 61 60 61 61 61 59 59 61 60 61 62 63
    63 62 62 62 63 63 64 63 65 67 66 66 66 67 67 66 68 67 67 65 64 65 65
    65 64 63 64 63 63 62 63 64 62 63 63 63 63 62 63 62 63 64 64 63 65 63
    63 64 64 64 63 64 63 64 65 64 63 63 64 62 61 62 62 62 62 62 62 62 62
    60 59 60 59 59 59 59 57 57 56 56 57 58 58 58 59 60 59 61 61 62 64 65
    66 67 67 66 67 66 67 68 68 68 68 67 67 66 65 64 63 63 64 62 63 62 62
    62 63 63 63 63 64 65 66 65 64 64 65 65 65 64 65 64 64 64 64 63 62 61
    62 63 62 63 63 63 64 64 64 64 64 65 65 65 66 66 66 67 67 66 65 64 64
    64 63 62 61 61 63 62 62 62 59 60 60 61 61 62 62 63 64 63 62 60 61 60
    60 62 62 62 63 63 63 63 62 62 62 64 64 63 63 64 63 64 63 63 62 62 62
    62 61 62 62 62 62 63 62 62 62 62 61 61 62 62 64 64 63 63 63 64 64 64
    64 65 63 65 64 63 62 61 60 60 60 60 60 61 60 60 60 60 60 60 60 61 60
    61 62 63 63 61 62 61 62 62 63 62 63 65 64 65 65 66 66 66 67 66 67 65
    64 65 65 65 64 63 64 64 63 63 63 64 62 63 63 63 62 62 63 63 63 64 64
    63 66 64 64 65 65 65 64 65 64 64 65 65 64 63 64 62 61 62 62 62 62 62
    61 61 61 60 59 60 59 58 57 58 57 56 56 56 57 58 58 58 60 60 59 61 61
    62 64 64 66 66 67 66 66 66 66 66 67 67 66 66 66 65 65 63 62 62 63 61
    63 62 61 61 62 63 63 63 63 64 65 64 63 63 63 64 64 64 64 63 64 64 63
    62 61 60 62 63 63 63 63 62 64 64 64 63 64 65 65 65 67 68 68 69 68 67
    66 65 65 65 64 63 62 61 62 61 61 60 58 59 58 60 60 60 60 60 61 61 59
    58 58 58 58 60 61 61 61 62 61 62 62 62 62 63 64 63 63 64 62 63 62 62
    61 61 60 60 60 61 60 61 61 61 61 61 61 62 60 61 63 63 65 65 65 65 65
    65 65 65 66 66 65 66 65 63 62 61 60 60 60 60 61 62 61 60 60 60 60 60
    60 61 60 61 62 62 62 60 60 61 61 61 62 61 62 63 63 64 64 65 65 64 66
    65 65 64 64 65 64 64 64 63 63 63 63 61 62 62 61 62 62 62 62 62 63 62
    63 64 63 63 66 65 65 66 66 66 66 66 65 65 66 66 65 64 65 63 61 63 62
    62 62 61 61 61 61 59 58 59 58 57 57 58 57 56 55 56 57 57 58 57 59 60
    59 60 61 62 63 64 65 65 66 65 65 65 66 66 66 67 66 66 66 66 65 64 64
    63 64 63 64 64 63 63 63 64 64 64 64 65 66 65 65 64 65 65 64 64 64 63
    64 64 64 62 61 61 63 64 64 64 64 64 65 65 65 65 65 66 66 67 68 67 67
    67 66 65 64 63 63 63 63 62 62 60 61 60 60 60 58 59 59 60 60 61 60 61
    61 61 60 59 59 59 59 61 62 62 62 62 62 63 63 63 63 65 65 64 64 64 63
    64 63 63 63 62 62 61 61 61 60 60 60 61 61 60 61 61 60 60 62 63 64 64
    64 64 65 65 65 64 65 65 64 65 65 63 62 62 61 61 61 61 62 63 62 62 62
    61 61 61 61 62 61 62 63 63 63 62 61 61 62 62 62 61 62 63 63 64 63 62
    63 62 63 64 64 63 62 63 63 63 63 63 63 64 64 63 63 63 62 62 62 62 62
    62 63 62 62 63 62 63 65 65 65 66 66 66 67 67 67 67 68 68 66 66 66 63
    62 63 62 63 61 60 60 60 59 58 57 58 57 56 56 57 56 56 56 57 58 58 59
    59 60 62 61 62 63 64 65 65 66 66 67 65 66 65 66 66 66 67 67 67 67 66
    66 65 64 64 64 63 65 65 63 63 64 65 64 63 64 65 65 64 64 64 65 65 65
    64 65 63 64 65 64 63 62 62 63 65 64 64 65 64 66 64 66 65 65 66 66 67
    68 66 66 65 65 64 64 63 62 62 62 61 61 59 61 60 60 60 59 59 59 60 60
    60 60 60 61 60 59 58 59 58 58 60 60 60 60 59 60 61 62 62 62 64 64 63
    63 64 63 63 63 63 64 63 62 61 61 60 60 60 60 61 61 60 61 61 60 60 61
    63 64 65 65 64 65 65 65 64 65 65 64 64 64 63 61 61 60 60 61 61 62 63
    63 62 63 63 62 62 62 63 62 63 64 64 63 62 61 61 61 61 61 60 61 62 61
    62 62 62 62 61 62 63 63 63 62 63 63 63 63 63 63 64 63 62 63 64 62 62
    62 62 62 63 63 62 62 62 62 62 64 64 63 64 64 64 65 66 65 65 66 66 65
    64 64 62 61 62 62 62 61 60 59 59 59 57 57 58 57 56 56 57 57 56 56 56
    57 57 58 59 60 62 61 63 63 64 65 65 66 66 67 66 66 65 65 66 66 66 66
    66 66 66 65 65 65 64 64 63 64 65 63 63 64 64 64 63 64 64 65 64 64 64
    64 65 64 64 64 63 64 64 64 62 61 60 62 64 63 63 63 62 64 62 63 62 63
    63 63 65 66 64 64 64 64 64 62 62 62 62 62 61 61 59 60 60 60 61 59 59
    58 60 60 60 60 60 61 60 60 59 59 59 58 60 61 61 61 60 61 62 61 62 62
    63 64 63 63 64 63 63 63 63 63 62 61 61 60 60 60 60 60 60 60 60 60 61
    60 60 61 63 64 65 64 64 64 64 64 64 65 65 64 64 64 62 61 60 59 60 60
    60 62 63 63 61 62 62 63 62 62 63 63 64 64 64 63 62 61 61 62 62 61 60
    61 62 62 62 62 62 63 62 63 64 63 63 62 63 63 63 63 63 63 64 64 63 63
    64 62 63 62 62 63 63 63 63 63 63 63 63 65 64 64 65 64 65 65 66 65 65
    66 65 64 63 63 61 61 61 60 61 60 59 59 59 59 57 56 57 56 55 55 56 56
    55 55 55 56 57 58 58 60 61 61 62 63 64 64 64 65 66 67 65 65 64 65 65
    65 66 66 66 66 66 66 65 64 64 64 63 64 64 64 63 63 63 63 62 62 64 64
    63 63 62 63 64 63 63 64 63 64 64 64 63 62 61 63 64 64 64 64 63 65 63
    64 63 64 64 64 66 67 64 64 64 64 64 63 61 62 62 62 61 61 59 61 60 61
    61 60 59 58 60 61 61 61 61 61 60 60 59 59 59 59 60 61 61 61 60 60 61
    61 61 61 62 63 62 62 62 61 62 62 62 63 62 61 61 60 61 61 61 61 61 60
    60 61 61 60 60 61 62 63 64 64 64 64 64 65 65 66 66 65 66 65 63 62 61
    60 61 61 61 62 63 63 61 61 61 62 61 61 63 63 63 63 63 63 62 61 61 62
    62 62 61 61 63 62 63 63 62 63 62 62 62 62 62 61 61 61 61 61 60 60 61
    61 61 61 62 61 61 62 62 62 63 63 62 63 63 64 64 66 66 65 66 65 65 66
    66 65 64 66 66 65 64 63 61 61 61 61 61 61 60 60 60 60 58 57 58 57 56
    56 57 57 57 56 57 58 58 58 59 61 62 62 63 63 64 64 65 65 65 66 65 65
    64 64 64 63 64 64 64 64 64 64 64 64 63 63 62 63 64 64 64 64 64 63 62
    63 64 65 63 63 63 64 64 64 63 64 63 64 65 65 63 62 60 62 64 63 63 64
    63 65 63 64 64 64 65 64 66 68 65 65 65 65 65 64 63 62 62 62 61 61 60
    61 60 61 62 61 60 58 61 61 61 61 61 62 61 60 59 60 60 60 62 63 63 63
    62 62 63 63 63 63 65 65 63 63 63 62 62 62 62 63 62 61 61 60 60 60 60
    60 61 60 60 60 60 59 59 60 62 63 64 63 64 64 64 64 64 66 66 65 65 65
    63 62 61 60 61 61 62 63 64 63 61 62 62 63 63 63 65 65 64 64 64 65 64
    63 63 63 63 63 62 62 64 63 64 64 63 64 63 63 63 63 63 61 62 62 62 62
    61 61 61 61 60 60 61 60 61 61 61 62 63 63 62 62 62 63 63 65 64 64 65
    65 64 65 66 65 64 66 66 64 63 63 60 61 60 60 61 60 60 60 61 60 58 57
    58 58 57 58 58 58 57 57 57 57 57 57 58 59 61 61 62 62 63 63 64 64 63
    65 64 64 64 64 64 64 64 64 65 65 66 65 66 66 65 65 65 65 65 65 65 64
    64 63 62 63 63 63 62 61 62 62 63 63 62 63 62 63 64 64 62 61 60 62 62
    62 63 63 63 65 63 64 64 64 65 65 67 68 63 64 64 65 65 64 62 62 61 62
    60 60 59 60 59 60 61 59 58 57 60 61 62 62 62 63 63 61 61 62 62 62 64
    66 65 64 63 63 64 63 63 63 64 65 64 63 63 62 61 62 62 63 62 61 62 60
    61 60 60 60 61 61 60 61 61 60 61 62 63 64 65 64 65 64 64 64 64 66 65
    64 64 63 62 60 60 60 61 60 61 63 64 64 62 63 63 64 65 65 67 67 67 66
    66 66 65 64 64 65 64 63 62 62 63 62 63 63 63 63 62 62 63 62 62 61 62
    62 63 63 63 62 63 62 62 63 63 62 63 63 63 63 64 64 62 62 62 63 64 65
    64 65 66 65 64 66 66 65 64 66 67 66 65 64 63 63 62 62 63 63 62 63 63
    63 61 59 60 60 59 59 59 59 58 57 57 57 57 57 58 60 61 61 63 63 64 65
    65 65 65 66 65 65 65 65 65 65 65 65 65 65 65 66 66 67 66 66 65 66 66
    65 65 64 64 63 63 63 64 64 62 62 63 64 64 63 63 64 64 64 66 64 63 62
    61 62 63 62 63 63 64 65 64 64 64 64 65 65 66 68 64 65 65 65 66 64 62
    62 62 63 61 61 60 60 59 61 61 60 59 58 61 62 63 63 63 64 64 63 62 64
    64 64 65 67 66 65 64 63 65 63 63 63 64 64 62 62 62 61 60 61 61 62 62
    60 60 59 60 60 60 60 61 61 61 62 61 61 61 62 63 64 65 64 65 65 64 64
    63 65 64 63 63 62 60 59 59 59 60 59 60 61 63 63 61 62 62 62 63 64 66
    66 66 66 66 65 65 64 64 64 64 63 62 62 63 62 62 62 62 62 62 62 63 62
    62 62 63 63 63 64 63 63 63 63 62 62 62 61 61 62 62 62 62 62 61 60 61
    61 62 63 62 63 65 64 64 65 65 64 64 65 66 65 64 64 61 63 62 61 62 62
    61 61 62 60 59 58 60 59 58 59 59 59 58 58 58 58 59 59 60 62 63 63 65
    66 66 67 67 67 66 67 66 65 65 65 64 65 65 64 64 65 65 65 65 66 65 66
    65 65 66 65 64 63 63 62 62 63 63 63 62 62 63 64 64 63 63 64 64 65 66
    65 63 63 62 63 63 63 63 64 64 66 63 64 64 64 64 65 66 67 65 65 65 65
    65 64 62 62 62 63 61 61 59 59 59 59 60 59 58 57 60 61 62 62 63 64 64
    63 63 64 64 65 66 68 66 65 63 63 65 63 62 62 63 63 62 61 60 59 59 60
    61 63 62 60 60 59 59 59 59 59 60 60 60 60 60 59 58 59 60 62 62 62 62
    62 62 62 61 63 62 61 62 61 60 59 58 58 59 59 59 60 62 62 60 60 61 61
    62 63 65 66 65 66 66 66 66 64 64 65 65 64 63 63 63 63 63 63 62 63 62
    62 63 63 63 62 64 63 64 64 63 64 64 63 63 63 62 61 62 62 62 61 62 62
    61 60 60 61 61 62 62 62 64 64 64 65 66 65 65 65 66 66 65 64 62 63 62
    61 62 62 61 61 61 61 60 59 60 60 59 60 60 60 60 59 59 59 59 59 60 61
    62 62 64 65 65 66 66 66 65 66 66 65 65 66 65 66 66 65 66 66 66 66 66
    67 66 66 65 65 67 66 65 64 65 63 63 63 64 64 62 63 63 64 64 63 63 63
    63 64 65 64 62 61 60 62 62 62 62 62 63 64 62 63 63 63 64 64 66 67 66
    66 66 66 66 64 63 63 62 63 61 61 59 59 58 59 60 59 58 57 60 61 62 62
    63 63 64 63 63 64 64 65 66 67 66 65 64 63 65 63 63 62 63 63 62 61 61
    60 59 60 60 62 61 60 60 59 59 59 59 59 60 60 60 60 60 59 58 59 60 62
    62 62 63 63 62 62 62 63 63 62 62 61 60 59 57 58 59 58 58 60 61 61 59
    60 60 60 61 62 64 66 65 66 66 66 66 64 64 66 65 64 64 64 65 64 63 63
    63 63 63 63 64 64 63 62 64 64 64 64 63 64 64 64 64 63 63 62 63 64 64
    63 63 63 62 61 60 61 62 62 62 62 63 62 61 62 63 62 61 62 63 63 63 62
    60 61 60 60 61 61 60 60 61 61 60 59 60 60 59 60 59 59 59 59 60 59 60
    59 60 61 63 62 64 65 65 66 66 65 64 66 65 65 65 65 65 65 66 65 65 66
    66 66 66 67 66 67 65 66 67 66 66 65 65 64 64 64 65 65 64 64 64 64 65
    64 63 63 63 64 66 64 63 62 60 61 61 62 62 63 63 65 63 64 64 63 64 65
    66 67 67 66 66 66 66 64 62 63 62 63 61 60 58 59 58 59 60 60 58 58 61
    62 63 62 63 64 64 63 63 64 64 65 66 68 66 65 63 63 65 63 63 63 64 64
    63 62 61 60 60 61 61 63 62 61 61 60 60 60 60 60 61 61 61 60 61 60 59
    60 61 62 63 62 63 63 63 63 63 64 64 63 63 62 61 60 59 59 60 59 59 61
    63 62 60 60 60 59 60 61 63 64 63 64 65 64 63 62 62 64 64 64 63 64 64
    63 63 63 63 62 62 62 64 63 63 62 63 63 63 64 64 64 64 64 65 65 65 63
    65 66 67 66 66 65 64 63 62 62 63 62 62 62 62 61 60 61 62 60 60 60 62
    63 62 61 60 61 60 60 60 60 59 59 60 60 58 58 59 59 58 59 59 59 59 60
    61 61 62 62 62 63 64 64 65 66 66 67 66 66 65 66 65 64 64 64 65 65 65
    64 65 66 66 67 67 67 66 67 66 66 68 67 67 66 66 64 64 64 64 64 63 64
    63 63 63 62 61 61 61 61 63 63 62 61 59 60 60 61 61 61 62 64 62 62 63
    62 62 62 64 65 66 66 66 66 65 64 62 63 62 63 61 61 59 59 58 59 60 61
    59 59 62 63 64 63 64 64 64 64 64 65 65 66 67 69 67 66 64 64 65 63 63
    63 64 63 62 61 60 59 58 60 60 62 62 60 61 60 61 61 61 61 62 63 63 63
    63 62 61 62 64 65 65 65 65 65 65 64 64 65 65 65 64 63 62 61 59 60 61
    60 60 62 63 61 59 60 59 59 60 61 63 64 64 64 64 64 63 62 63 64 64 64
    64 64 64 63 63 63 62 63 62 62 63 63 63 61 62 63 63 63 63 63 63 63 64
    64 64 63 65 66 66 65 65 65 64 63 62 61 62 61 61 62 62 61 59 60 62 61
    61 61 63 63 63 63 61 62 61 61 61 61 60 60 60 60 59 58 59 60 59 60 59
    60 60 61 62 61 62 62 62 64 65 64 64 65 65 67 66 65 64 64 64 64 64 64
    64 63 64 64 65 66 66 66 66 66 66 66 66 66 68 67 68 66 67 64 64 64 65
    64 64 64 64 63 63 61 61 61 61 61 64 63 61 60 59 59 59 60 61 61 62 63
    61 61 61 60 61 62 63 64 65 65 65 65 64 63 61 62 62 63 61 61 60 60 60
    61 62 62 60 60 63 64 64 63 64 64 63 63 63 63 64 65 65 67 66 64 63 63
    64 62 63 62 63 63 63 62 61 60 59 60 60 62 62 61 61 61 61 61 61 62 62
    62 62 62 63 63 61 62 63 65 65 64 65 65 65 64 64 65 64 64 64 63 62 61
    59 60 61 59 59 60 61 60 59 60 59 59 60 61 62 64 63 64 64 64 63 63 63
    65 65 65 64 65 65 64 63 63 63 64 63 64 65 65 65 63 64 65 65 65 66 66
    67 66 67 66 66 65 66 67 68 66 66 66 64 63 62 61 61 61 61 61 61 60 58
    60 61 60 60 60 62 62 62 62 61 61 60 61 61 61 60 60 61 61 60 60 61 62
    61 62 62 62 62 63 64 64 65 64 65 66 66 66 66 67 67 67 66 66 65 65 65
    64 64 64 64 63 64 63 64 65 65 65 66 65 65 65 64 64 66 65 66 65 65 63
    63 63 64 63 63 64 64 64 63 61 61 61 61 61 64 63 62 61 59 60 59 60 61
    61 62 63 61 61 61 60 60 61 62 63 63 63 63 64 62 61 60 60 60 61 60 61
    59 59 59 61 62 62 60 60 63 64 64 63 63 63 62 61 61 62 62 63 64 66 64
    63 62 63 64 62 63 63 64 63 63 62 61 60 59 60 60 61 60 59 60 60 60 61
    60 61 61 62 62 63 64 64 63 64 65 66 66 65 65 66 65 65 65 65 64 64 64
    63 61 61 59 60 61 60 60 61 61 61 59 61 61 60 61 63 64 65 65 65 65 65
    64 64 64 65 65 65 64 64 63 62 62 62 62 63 62 63 64 64 64 62 63 65 64
    64 65 66 66 66 67 66 66 64 65 67 68 66 66 67 65 64 62 61 62 61 62 62
    61 60 59 60 61 60 59 60 61 62 62 62 61 61 61 62 62 62 62 61 62 62 61
    61 62 62 62 63 63 62 62 64 64 64 65 65 66 66 67 66 67 68 68 68 68 67
    65 65 64 64 64 64 64 63 64 63 64 64 63 64 64 64 64 64 64 63 65 65 65
    65 65 63 63 63 64 63 64 64 64 63 63 60 60 60 59 59 62 62 60 60 58 58
    58 59 60 60 61 62 60 60 60 58 58 59 60 61 65 64 64 65 63 62 60 60 60
    60 59 60 58 58 59 60 62 62 60 61 64 65 65 65 65 64 63 62 62 62 62 63
    64 66 64 63 62 62 63 63 63 64 64 64 63 63 62 62 60 61 61 63 61 60 60
    61 61 61 61 62 62 62 62 63 63 64 64 65 66 66 66 65 66 66 66 65 65 65
    64 64 64 62 61 61 60 60 62 61 60 61 63 62 61 63 63 62 63 64 65 67 66
    66 65 66 65 64 64 65 65 64 63 63 63 62 61 62 62 63 62 63 64 64 64 63
    64 65 65 64 65 66 66 65 66 66 66 65 66 67 68 67 67 67 66 65 63 63 63
    62 63 63 63 61 60 61 62 61 61 61 63 63 63 62 62 62 62 62 62 63 62 62
    62 62 61 61 62 62 62 63 62 62 62 64 64 63 65 64 65 65 65 66 66 67 67
    68 67 66 65 64 65 64 65 65 65 64 64 63 64 64 63 63 64 63 64 63 63 62
    63 64 65 64 64 62 62 64 65 64 64 65 65 64 63 61 61 60 59 59 62 62 61
    60 59 59 58 59 60 60 61 62 60 61 61 58 59 59 59 60 62 62 62 63 61 61
    59 59 59 59 58 59 58 59 59 61 63 63 62 63 65 66 67 66 67 65 64 64 64
    64 64 64 64 66 65 63 62 63 64 64 64 64 65 64 63 63 63 63 61 62 62 63
    62 60 61 62 62 62 62 63 63 63 64 64 64 65 65 67 67 67 66 66 66 67 66
    65 65 65 64 64 63 62 60 61 60 60 62 61 60 61 62 61 61 63 63 63 63 64
    66 66 66 66 65 66 64 64 64 65 64 63 63 62 63 61 61 61 61 63 62 63 64
    64 64 63 64 65 65 64 64 65 65 65 65 65 65 64 65 66 67 65 65 66 65 64
    62 62 62 61 62 61 62 60 60 60 60 60 60 61 62 62 63 62 61 62 62 63 63
    64 63 62 63 63 62 63 64 64 63 65 64 64 64 66 66 66 67 67 68 67 67 67
    68 68 68 69 68 67 66 65 66 66 66 65 65 65 64 63 64 63 63 63 64 63 63
    63 62 62 64 64 65 65 64 63 63 64 64 64 64 64 64 63 62 60 60 59 59 59
    62 62 60 60 59 58 57 59 59 59 60 61 60 61 60 58 58 59 59 59 64 64 63
    64 63 63 61 60 59 59 58 59 59 60 59 61 62 62 61 62 64 65 66 66 67 65
    64 63 63 63 63 63 63 66 64 62 62 62 63 62 62 62 63 63 63 62 62 62 60
    62 61 62 61 60 61 62 61 62 62 63 63 63 63 63 63 64 64 66 67 68 67 66
    66 67 66 65 65 65 64 64 64 62 60 60 59 60 61 60 59 61 62 61 60 62 63
    63 64 65 66 67 66 66 66 66 65 65 65 65 64 64 63 63 63 62 62 63 64 65
    65 66 66 66 66 65 66 66 66 65 65 65 64 64 64 63 63 62 64 65 66 64 64
    64 64 63 61 61 61 60 60 60 60 59 57 58 58 58 58 59 60 60 61 61 60 61
    61 62 62 63 63 63 64 64 64 64 65 65 65 66 65 65 64 66 66 65 67 66 67
    66 66 66 66 68 67 68 67 67 66 65 66 66 66 65 64 64 64 63 63 62 62 62
    62 62 62 61 62 61 62 63 65 64 64 62 63 64 64 64 64 65 64 63 62 60 60
    60 59 60 62 62 61 60 59 59 58 59 60 60 60 61 61 61 60 58 58 59 59 60
    64 64 64 65 64 63 62 60 60 59 59 60 59 60 60 61 63 63 61 62 64 65 66
    66 67 65 64 63 62 63 63 63 63 65 64 63 63 63 64 62 63 63 64 64 64 63
    63 62 60 62 61 61 60 59 60 61 61 61 61 62 61 62 62 63 63 63 64 66 67
    67 66 66 66 66 65 65 65 65 64 64 64 62 60 60 59 60 61 60 60 61 62 61
    60 63 62 63 64 65 66 66 65 66 65 66 64 65 65 66 64 64 64 63 64 63 63
    64 65 66 66 66 66 66 66 64 65 66 65 64 64 65 64 63 63 63 62 62 64 65
    66 64 65 65 64 63 62 62 61 61 62 61 61 60 59 59 59 58 59 59 60 61 61
    61 60 61 61 62 62 63 63 63 64 64 64 64 65 65 65 66 65 65 64 66 66 65
    66 66 66 65 64 64 65 67 67 68 67 67 66 65 66 66 66 66 65 64 65 63 64
    62 62 62 63 62 63 62 62 61 63 64 65 64 65 63 63 64 64 64 64 65 65 64
    62 61 61 61 60 61 63 64 62 62 61 61 59 61 61 62 62 62 62 62 61 58 58
    59 58 59 65 65 65 66 64 64 62 61 60 59 58 60 59 60 60 60 62 62 60 61
    63 64 64 64 65 63 63 62 61 62 62 63 63 64 63 63 63 63 64 63 63 63 64
    64 63 63 62 62 60 61 61 61 59 59 60 61 60 61 61 62 61 62 62 63 62 63
    64 66 66 66 65 65 65 66 65 65 64 64 64 64 64 61 60 60 59 60 61 60 59
    61 61 60 60 62 61 61 63 64 65 65 64 65 65 66 65 65 65 66 65 65 65 64
    64 63 64 65 66 67 66 66 66 66 65 64 65 66 66 65 65 65 64 63 63 63 63
    63 64 65 66 64 64 65 65 64 62 62 62 62 62 62 61 61 60 60 60 59 60 60
    61 62 62 62 61 61 62 63 63 63 63 62 63 63 63 64 65 65 65 67 66 66 65
    67 67 67 68 68 67 66 65 65 65 67 67 68 66 66 65 65 66 65 65 65 65 65
    65 64 64 62 63 63 63 63 63 62 63 62 63 64 66 65 66 65 65 65 65 65 65
    66 65 64 63 62 62 62 61 61 63 63 62 62 61 61 59 60 61 62 61 61 60 61
    60 57 57 58 57 58 66 65 66 67 65 64 63 61 60 59 59 60 59 60 60 60 62
    62 60 61 62 63 64 64 64 62 62 62 62 62 63 62 62 64 64 63 63 63 64 63
    63 63 63 63 63 62 62 62 61 61 61 61 59 59 60 61 60 60 60 61 61 61 62
    62 61 63 64 66 67 67 66 66 66 66 65 65 65 64 63 64 63 61 60 60 59 60
    60 60 60 61 61 60 60 62 61 62 63 64 65 65 65 66 65 66 65 65 65 66 64
    65 64 64 63 62 63 63 64 65 65 66 65 65 65 64 65 66 65 64 65 65 64 64
    63 63 62 63 63 64 65 63 63 64 63 62 61 61 60 60 61 60 60 60 59 59 60
    60 60 60 61 62 62 62 61 61 62 62 62 63 63 62 62 63 64 65 65 66 66 67
    66 67 65 67 66 66 67 68 66 65 64 63 63 65 65 67 66 66 66 66 66 66 66
    66 66 66 67 66 66 65 65 65 65 65 65 64 64 64 65 65 66 65 66 64 65 64
    65 65 64 65 64 63 62 61 62 62 61 62 63 64 62 62 61 61 59 61 61 61 61
    60 60 61 59 56 56 57 56 57 64 64 64 65 63 63 62 60 60 59 59 60 59 59
    60 60 61 61 59 60 62 62 63 63 64 62 62 62 63 62 63 62 62 64 63 63 63
    64 64 62 63 62 62 62 62 62 61 62 61 61 61 61 59 59 60 61 61 61 60 62
    62 63 63 63 63 64 66 67 68 68 67 67 67 68 66 66 65 65 64 64 64 61 60
    60 60 60 61 60 59 60 60 60 61 63 62 62 64 65 65 65 65 66 65 66 65 65
    64 65 63 64 63 63 62 61 62 62 62 64 64 65 64 65 64 63 64 65 65 64 64
    64 64 63 63 63 63 63 64 65 67 64 63 64 64 62 61 61 61 60 61 60 59 59
    58 58 59 60 60 60 62 62 62 62 61 62 63 63 63 64 63 62 62 62 63 65 65
    65 65 66 64 65 64 66 65 66 67 68 67 66 64 64 64 66 66 67 66 67 67 66
    67 67 66 66 66 66 67 66 66 64 65 65 64 64 64 63 64 64 65 65 66 65 66
    65 65 65 66 66 65 66 65 65 63 62 63 63 63 63 65 66 64 64 63 64 62 63
    63 62 61 61 61 62 60 56 55 56 56 57 65 64 65 65 64 63 62 61 60 59 60
    61 60 60 60 60 61 61 59 61 62 62 62 62 63 60 61 61 61 62 61 61 60 61
    61 61 61 63 63 62 62 61 61 60 60 61 61 63 61 61 61 60 59 59 60 61 61
    61 61 62 62 62 62 62 62 63 65 66 66 66 65 65 65 66 65 64 63 63 62 62
    62 60 59 60 59 60 60 60 58 59 59 59 59 62 62 62 63 63 63 64 64 65 64
    65 65 66 65 66 64 65 64 63 64 62 63 63 63 65 64 65 64 64 64 63 64 65
    63 63 63 63 63 63 63 63 63 63 64 65 66 63 63 64 63 62 61 61 60 60 60
    59 58 58 57 57 59 60 60 60 61 62 62 62 60 61 62 62 62 62 62 61 60 61
    62 63 63 64 64 65 64 65 65 66 67 68 69 69 68 67 66 65 65 66 66 67 66
    66 66 66 67 67 66 65 65 66 67 66 66 65 65 64 64 64 63 63 64 63 65 65
    65 65 66 65 66 65 66 66 65 66 65 64 63 63 64 63 62 63 64 65 64 63 63
    64 62 63 63 62 61 61 61 62 60 57 56 57 57 57 65 64 64 65 63 63 62 60
    60 59 60 60 59 60 59 59 61 60 59 61 61 61 61 60 61 59 59 60 60 61 60
    60 59 61 61 60 60 61 62 61 61 61 60 61 60 61 61 63 61 61 61 60 59 59
    60 62 61 61 61 62 62 62 61 62 62 63 65 66 66 66 65 64 65 65 64 63 63
    62 62 63 62 60 60 60 59 60 60 60 59 60 60 59 60 62 62 63 63 64 64 65
    64 65 64 66 65 66 66 66 65 65 64 64 64 63 63 63 63 65 64 65 64 64 64
    63 63 64 63 63 63 63 63 63 62 62 62 63 64 65 66 63 63 64 63 62 61 61
    60 60 61 60 58 57 57 57 58 60 60 61 62 62 62 62 61 62 62 63 63 63 63
    62 61 62 62 63 63 64 64 65 63 65 65 65 66 67 68 69 68 66 64 63 64 65
    65 65 64 64 65 64 65 65 63 63 64 65 66 65 65 64 65 64 64 64 64 63 64
    64 64 64 65 65 66 65 65 64 65 65 64 65 63 63 62 62 63 63 61 62 64 65
    64 64 65 65 63 64 64 63 62 62 63 64 63 59 58 59 59 59 65 64 64 65 63
    63 63 61 61 59 60 61 60 60 60 60 62 61 60 61 62 62 62 61 61 59 59 60
    60 60 60 59 59 61 61 60 60 61 62 62 61 61 61 62 61 62 62 63 62 62 62
    61 60 60 61 62 62 62 61 63 62 63 62 63 63 64 67 68 68 68 67 66 67 67
    65 65 65 64 64 64 63 61 60 60 60 61 62 60 59 61 61 60 61 63 63 64 64
    65 65 65 63 64 64 65 64 65 65 65 64 64 63 63 63 62 62 63 63 64 63 64
    63 63 64 62 63 63 63 62 63 63 63 63 63 63 63 64 65 66 67 65 64 65 64
    63 62 63 61 62 62 61 59 57 57 57 58 59 60 61 62 62 61 62 61 62 63 64
    64 63 63 62 61 62 62 63 63 63 64 64 63 64 64 65 66 66 68 69 68 67 65
    64 65 66 66 67 66 66 66 66 66 66 65 64 65 65 66 65 65 64 64 64 63 63
    63 63 63 63 63 63 64 64 64 63 64 63 63 63 63 63 62 63 62 62 63 63 62
    63 64 65 64 64 65 66 64 65 64 64 63 63 63 65 63 60 60 61 60 60 63 62
    62 63 61 61 61 60 59 58 59 60 60 60 60 60 62 61 60 61 63 63 62 61 62
    60 60 61 61 62 62 61 61 63 62 62 62 64 64 65 63 63 63 63 62 63 63 63
    62 62 62 61 60 60 60 62 61 62 61 63 62 64 63 64 63 64 66 68 68 67 67
    66 67 67 65 64 63 63 63 63 63 61 60 61 61 62 63 61 61 62 62 62 63 65
    65 66 66 67 66 65 64 65 65 66 65 66 66 65 65 64 63 63 63 62 63 63 64
    65 64 64 63 63 64 62 62 63 62 62 63 63 63 63 62 63 63 64 64 65 66 64
    63 64 64 63 62 63 61 62 62 61 60 59 59 59 60 62 62 63 64 64 64 64 63
    63 64 64 65 64 64 62 61 62 62 63 63 63 64 64 63 64 64 64 66 66 67 68
    67 66 64 63 64 65 65 65 64 65 66 64 65 65 64 63 64 64 65 64 64 63 64
    64 63 63 64 63 64 64 64 64 65 64 65 64 64 63 63 62 62 62 61 62 60 61
    63 63 62 63 64 65 64 63 64 65 64 64 64 64 62 63 63 64 62 60 60 61 61
    61 64 63 63 64 63 63 63 61 61 60 61 63 63 62 62 61 62 62 61 62 64 64
    63 62 62 61 61 61 61 62 63 63 62 64 64 63 63 64 64 65 64 63 63 64 63
    62 63 63 61 61 62 60 59 60 60 61 61 62 61 63 62 64 63 63 63 63 66 67
    67 67 66 66 66 66 64 64 63 63 63 62 62 61 60 61 61 62 62 61 61 62 62
    62 63 65 66 67 67 68 68 67 66 66 66 67 67 67 67 66 65 65 63 62 62 61
    61 62 62 64 63 63 62 63 63 62 61 62 62 61 61 61 62 61 61 61 61 62 62
    63 63 62 61 62 62 61 61 62 60 62 62 61 60 59 60 60 61 63 63 64 65 65
    65 66 64 64 65 65 66 65 65 64 63 64 64 65 64 64 65 65 64 65 64 64 65
    64 65 66 65 64 63 62 63 63 64 64 64 64 65 64 65 66 64 64 64 64 65 63
    63 62 63 62 62 63 64 62 63 64 64 63 64 64 65 64 65 64 65 64 63 63 64
    64 62 63 65 65 64 65 66 67 65 65 66 66 65 65 64 64 63 63 63 65 63 60
    60 62 61 62 64 62 63 63 61 61 61 60 60 59 61 62 62 62 61 61 62 62 62
    63 64 63 63 62 62 60 61 60 61 62 63 62 62 63 63 62 63 65 65 66 65 64
    64 65 64 64 64 65 63 63 64 63 61 61 61 62 62 62 61 62 61 62 61 62 62
    62 64 65 66 66 65 65 65 64 63 64 63 62 62 62 62 61 60 61 62 62 62 62
    62 63 63 63 64 66 67 68 68 68 68 66 65 66 65 67 67 67 66 65 64 64 63
    62 62 61 62 62 63 64 63 64 63 64 64 62 63 63 63 62 63 63 63 62 62 62
    61 63 63 63 65 63 62 63 62 61 62 63 62 62 62 62 61 60 61 61 62 63 63
    64 65 64 64 65 63 64 65 65 65 64 64 63 63 64 64 64 64 63 64 64 63 64
    64 63 64 64 64 65 64 64 62 62 63 63 63 63 62 63 64 63 64 65 63 63 64
    64 65 64 64 64 64 63 64 65 65 64 65 65 64 64 65 65 66 65 66 65 66 65
    64 64 65 65 64 65 66 66 65 66 66 67 65 65 65 66 64 64 64 63 62 62 62
    64 63 60 61 62 62 62 65 64 64 64 62 62 62 61 60 59 61 62 61 61 60 60
    61 61 60 61 62 62 61 61 61 59 60 60 60 62 63 62 62 64 64 64 65 66 66
    67 67 65 64 65 64 64 64 65 63 63 64 63 61 61 61 62 62 63 62 63 62 64
    63 64 63 63 65 67 68 67 67 66 66 65 64 64 63 62 62 62 61 60 60 60 61
    61 61 61 61 63 62 63 64 65 65 67 67 67 67 66 65 66 65 66 66 66 65 64
    63 63 62 62 61 60 60 61 61 63 62 62 61 62 62 61 61 62 61 61 61 61 61
    61 61 62 61 63 63 63 65 63 63 63 63 62 63 64 63 63 63 63 62 61 61 61
    62 62 63 65 65 64 64 65 64 64 65 65 66 65 64 63 63 64 64 64 64 63 64
    63 63 63 63 62 63 64 64 65 64 63 62 61 62 62 62 62 62 62 63 62 63 63
    62 62 63 63 64 64 64 64 64 63 64 65 65 64 66 66 65 65 66 67 67 67 67
    66 67 66 64 65 65 64 64 65 67 67 65 67 67 67 66 65 65 66 65 65 65 64
    62 63 63 65 63 61 62 63 63 63 65 64 64 65 63 63 63 62 62 60 62 62 62
    62 61 61 62 62 62 62 63 63 62 61 62 60 61 62 62 63 64 64 63 64 65 64
    65 67 66 67 67 65 64 65 63 63 63 64 63 63 63 62 61 61 60 61 62 63 62
    64 63 64 63 64 63 63 64 65 66 66 65 65 65 64 62 62 61 61 61 61 61 60
    60 61 62 62 62 62 62 64 64 63 65 66 67 68 68 68 67 66 65 66 65 66 65
    66 65 64 64 64 63 63 62 61 62 62 62 64 63 63 63 64 64 62 62 62 62 61
    62 61 62 62 61 62 62 64 64 64 65 64 64 64 63 62 64 64 63 64 64 63 62
    61 62 62 63 63 64 65 65 64 64 65 64 64 65 65 65 64 63 62 62 63 64 65
    64 64 64 64 64 64 64 63 64 65 65 65 64 63 61 61 62 62 61 61 61 62 63
    63 64 64 63 63 64 65 66 65 65 65 66 65 65 66 66 65 66 66 66 65 65 65
    66 65 66 64 66 65 63 64 64 64 63 65 66 66 65 66 66 66 65 64 64 66 64
    63 64 63 61 62 62 64 62 61 62 62 63 64 63 62 62 62 62 62 63 62 62 61
    63 63 64 63 62 61 62 63 62 62 63 63 62 61 61 60 61 61 62 64 65 65 64
    65 65 65 66 67 66 67 67 65 65 65 63 63 63 64 64 64 65 63 62 63 63 63
    63 64 63 65 63 65 64 64 63 62 63 64 65 64 64 64 63 62 60 61 59 59 60
    60 59 59 59 60 61 61 61 61 62 64 64 63 65 66 66 67 67 67 66 66 65 66
    64 65 64 65 64 64 64 64 64 64 63 62 63 64 64 65 64 65 64 66 65 63 63
    63 63 62 63 62 63 62 62 63 63 64 64 63 65 63 63 63 63 62 63 63 63 63
    63 62 61 60 61 62 63 63 63 63 64 63 63 64 63 63 64 64 64 63 62 61 62
    63 64 65 64 64 63 64 64 64 64 63 64 65 65 65 64 63 62 62 62 62 61 61
    61 62 63 63 63 64 62 61 63 63 64 64 64 65 65 64 64 66 66 65 66 66 66
    65 65 65 66 66 66 64 65 64 63 63 64 63 64 65 66 67 66 66 66 66 66 64
    65 66 65 64 64 63 62 62 62 63 61 60 61 62 62 63 63 62 63 62 62 63 63
    62 63 62 63 63 64 62 62 61 61 62 61 61 61 61 60 59 59 58 60 60 61 63
    64 64 64 64 64 64 65 66 66 66 67 65 64 65 64 63 63 64 64 64 65 64 63
    63 63 62 63 63 62 64 62 63 62 61 61 61 62 62 63 62 62 62 62 61 59 59
    59 59 59 60 59 59 60 61 61 62 61 62 63 64 64 63 65 65 65 66 65 66 65
    65 64 65 63 64 64 65 63 63 63 64 64 64 64 63 64 64 64 66 65 65 65 67
    67 65 64 65 64 63 64 63 64 64 64 65 65 65 65 64 65 65 64 65 64 63 64
    64 63 64 63 62 61 60 62 62 63 63 63 63 64 63 63 64 63 62 62 63 63 62
    61 60 61 62 62 63 62 62 62 62 64 64 64 63 64 65 65 65 64 64 62 62 62
    62 61 61 61 61 62 61 62 62 61 61 61 62 64 63 63 64 64 63 63 65 66 65
    66 66 65 65 65 65 66 66 66 65 65 64 62 63 64 63 63 65 66 66 65 66 66
    66 65 64 65 67 66 64 64 64 62 62 62 63 61 60 61 61 62 63 60 59 59 59
    60 60 61 60 61 60 62 63 63 61 61 61 61 62 62 61 61 60 60 59 58 57 58
    59 60 61 62 63 63 63 63 63 65 65 65 66 67 65 64 65 64 63 63 63 63 63
    63 62 61 61 61 60 61 61 60 62 60 62 61 61 62 62 62 63 63 62 63 62 62
    62 59 60 60 59 60 60 59 60 61 62 63 63 63 64 64 65 64 64 65 65 65 65
    64 65 63 64 64 64 62 64 64 64 63 63 64 64 65 64 64 64 64 63 64 65 64
    65 65 66 67 64 64 65 64 64 65 64 66 66 66 67 66 67 68 66 68 67 66 67
    66 65 66 66 65 65 64 63 62 61 63 63 64 64 63 64 64 63 62 63 62 62 62
    62 63 62 61 60 61 62 62 62 61 62 62 62 64 65 65 64 64 65 64 65 64 64
    62 62 62 62 61 61 61 61 61 61 62 62 61 61 62 63 65 64 64 65 65 64 64
    66 67 66 67 67 67 66 66 66 67 67 67 65 66 65 63 63 64 63 64 65 65 66
    65 65 65 65 65 64 64 66 66 64 64 64 61 62 62 63 61 60 61 62 63 64 62
    61 61 61 61 61 61 60 61 61 62 63 63 61 61 61 60 61 62 61 61 62 61 59
    59 58 59 59 61 62 63 63 63 63 63 62 64 64 65 66 66 64 64 64 62 62 62
    62 62 62 63 62 61 61 60 59 61 61 61 62 61 63 62 61 61 62 62 63 63 63
    63 63 62 61 60 60 60 59 61 61 60 61 62 64 64 63 64 64 64 65 64 64 65
    64 64 64 63 63 62 64 63 63 62 63 63 63 62 62 63 64 64 64 64 64 63 63
    64 66 65 66 66 68 68 66 65 66 66 65 66 65 66 66 65 67 67 67 68 67 68
    67 66 67 66 65 66 66 65 65 65 64 63 61 63 63 64 64 64 64 64 64 63 64
    63 62 62 63 64 62 61 60 61 62 62 63 61 62 63 63 65 65 65 64 65 65 65
    65 64 64 62 62 62 62 60 60 60 60 60 61 61 62 62 61 63 64 65 64 65 66
    66 66 66 68 68 68 69 68 68 67 67 67 67 67 67 66 66 65 64 63 63 63 64
    65 65 66 64 65 65 64 64 63 63 66 66 64 64 63 62 62 62 63 61 61 62 63
    64 65 61 60 60 59 59 60 60 59 60 60 62 63 63 61 61 62 62 63 63 63 63
    64 63 62 62 61 61 61 62 64 64 64 64 64 64 63 64 65 64 65 66 64 63 63
    62 62 62 62 62 63 63 63 62 62 61 60 62 62 62 63 62 63 63 62 62 63 63
    63 63 63 64 64 63 62 60 61 60 60 61 61 60 61 62 64 63 63 64 65 64 65
    64 64 65 65 65 65 63 64 62 63 63 63 61 62 62 63 62 62 63 63 63 63 63
    63 62 62 63 65 64 65 66 67 66 65 64 65 65 64 65 64 66 66 66 67 67 67
    68 68 69 68 67 68 67 66 66 65 65 65 64 63 63 60 61 61 62 62 62 62 63
    62 62 63 63 63 62 62 63 62 61 61 62 62 62 63 62 62 62 63 64 65 65 64
    65 65 64 65 65 65 63 63 64 63 62 61 62 62 62 62 63 64 63 62 63 64 65
    64 65 66 66 65 66 67 68 67 67 67 68 67 67 67 67 66 66 65 65 64 63 62
    62 63 64 64 64 65 63 65 65 64 64 63 64 66 66 65 65 64 62 63 63 64 62
    62 63 63 64 66 60 59 59 57 58 59 59 59 60 60 62 63 64 62 61 62 62 63
    64 63 65 64 64 63 62 61 62 62 62 64 64 65 65 64 64 63 64 64 64 65 65
    63 63 63 62 62 61 61 61 62 62 62 61 61 61 60 62 62 62 63 62 63 63 62
    62 62 62 63 63 63 64 64 63 62 60 60 60 59 60 61 60 62 62 64 63 63 64
    65 64 66 66 65 66 66 66 66 64 64 63 64 64 63 61 62 62 63 62 62 64 63
    64 64 65 65 65 65 65 67 66 67 68 69 69 67 66 67 66 65 66 65 67 67 67
    68 67 67 68 68 69 68 67 68 67 66 66 65 64 65 64 64 63 61 61 62 61 61
    62 62 63 63 63 64 64 63 63 63 64 62 62 62 63 63 63 64 62 63 63 63 65
    65 65 65 66 66 65 66 66 66 64 65 65 65 63 62 63 63 63 62 63 64 63 62
    63 64 65 64 64 66 66 65 65 67 68 67 67 66 67 66 66 67 67 66 66 65 65
    64 63 62 63 63 64 64 64 64 63 63 63 62 63 62 63 64 65 64 64 63 63 63
    63 64 63 64 65 65 66 67 61 60 60 59 59 59 60 60 60 61 62 63 64 62 62
    63 62 64 64 64 66 66 65 64 63 62 62 61 62 63 63 64 64 63 63 62 63 63
    62 64 64 63 62 63 62 62 61 61 61 61 61 61 61 61 61 60 62 62 63 64 62
    63 63 63 63 63 63 64 64 64 65 65 64 63 61 61 61 60 61 61 60 62 63 63
    63 63 63 64 64 65 65 65 65 65 65 65 63 64 63 63 63 62 61 62 62 63 63
    63 65 64 64 65 65 65 65 65 66 67 67 67 68 68 68 66 66 67 66 65 66 65
    67 66 65 66 65 65 66 66 67 67 65 66 66 65 65 64 64 65 64 64 64 62 63
    63 63 62 63 63 63 63 63 64 64 63 63 63 64 62 62 62 64 64 64 64 63 63
    63 64 66 65 66 65 66 66 66 66 66 66 65 65 66 66 63 63 64 64 64 62 63
    64 63 62 64 64 65 64 64 66 66 64 65 66 67 66 66 65 66 65 66 67 67 66
    66 65 65 65 64 63 64 64 64 64 64 65 63 63 62 61 61 61 61 62 63 62 62
    62 62 62 62 62 62 62 64 64 65 66 60 60 59 58 58 59 59 60 60 61 62 63
    64 63 63 63 63 64 65 64 65 66 65 64 63 62 61 61 61 63 63 64 64 64 64
    63 64 63 62 64 65 63 63 63 62 62 60 60 60 60 61 61 61 61 61 59 61 61
    61 63 61 63 63 63 63 64 63 64 65 65 66 66 65 65 63 63 63 62 63 63 62
    64 64 64 65 64 64 65 65 66 66 66 66 65 65 65 63 64 63 63 63 61 61 61
    61 61 61 61 63 63 63 64 63 64 64 64 66 67 66 66 67 67 67 66 66 67 66
    65 66 65 66 65 64 65 65 65 66 65 66 66 64 65 66 64 64 64 64 65 64 64
    64 63 64 64 63 62 63 62 62 63 62 64 64 63 62 62 64 62 61 62 64 63 64
    65 64 64 63 63 65 65 65 64 65 65 64 65 65 65 64 65 65 66 63 63 64 64
    64 62 63 64 64 63 64 64 65 65 65 67 67 65 66 66 67 66 66 66 66 66 67
    67 67 66 66 65 65 64 64 63 64 64 64 65 64 65 63 64 64 62 62 62 62 63
    64 62 63 62 62 61 61 61 60 61 63 63 64 65 59 59 59 58 58 59 60 60 60
    61 62 64 66 65 64 65 64 65 66 66 66 66 65 64 64 62 61 60 61 62 62 64
    63 63 63 62 63 63 62 64 65 64 64 64 62 63 61 62 61 62 62 62 62 62 61
    60 61 61 62 63 61 63 63 63 63 64 63 64 65 65 66 67 66 66 65 65 65 64
    64 64 63 65 65 65 66 66 66 66 66 66 66 66 66 66 65 65 64 64 63 63 63
    62 62 62 62 62 62 62 64 64 65 65 64 64 64 64 65 67 66 66 68 68 68 66
    67 68 67 66 67 66 68 67 66 66 66 65 66 66 66 66 65 65 66 65 65 64 64
    65 65 65 66 64 65 65 64 63 64 63 62 63 62 63 63 61 61 61 63 61 60 61
    62 62 63 65 64 64 63 64 66 66 66 65 66 66 65 65 66 65 64 65 65 66 64
    64 64 64 64 63 65 66 66 65 66 65 66 67 67 68 68 67 67 67 68 67 67 66
    67 66 67 68 67 66 66 65 66 65 65 63 64 65 64 65 64 65 64 64 63 61 61
    61 61 62 63 62 63 62 62 61 61 61 60 61 63 63 64 65 59 59 58 57 57 58
    59 60 61 61 64 65 67 67 66 66 65 68 68 68 68 68 67 66 65 63 63 62 63
    64 64 65 64 64 65 64 65 64 64 64 66 64 64 63 62 63 61 62 62 61 62 61
    62 62 61 59 60 60 61 62 61 62 62 62 63 64 63 63 64 65 66 67 66 66 65
    65 65 64 64 65 64 65 65 65 65 65 65 65 65 65 65 66 66 66 65 64 64 65
    64 64 65 63 63 63 62 63 62 63 65 65 66 66 66 66 66 65 67 68 67 68 69
    68 68 66 67 68 67 66 66 66 67 66 65 66 66 65 66 65 66 66 64 65 66 65
    64 64 64 65 65 65 65 64 65 65 64 63 63 63 62 63 62 63 62 61 61 61 62
    61 60 61 62 62 63 65 64 65 64 65 67 66 66 65 66 67 65 65 66 65 64 64
    64 64 62 62 63 62 63 62 63 64 64 64 65 65 66 66 67 68 67 66 67 67 68
    67 67 67 68 67 68 68 68 67 67 66 67 66 65 64 65 64 64 64 64 64 63 63
    62 61 61 61 61 62 63 62 62 61 61 61 60 60 60 60 62 62 62 63 60 60 59
    58 58 60 60 61 62 63 65 66 68 67 67 67 66 68 68 68 67 67 66 66 65 63
    63 61 62 63 62 63 62 62 63 62 63 62 62 62 64 63 63 62 61 62 60 62 62
    61 62 62 62 62 62 60 61 61 61 63 61 63 63 63 64 65 63 63 64 64 65 66
    66 66 65 65 65 64 63 63 63 64 64 64 64 64 64 64 64 64 64 64 64 65 64
    63 64 65 64 65 66 64 64 64 63 64 64 65 66 65 66 66 65 65 65 64 66 67
    67 67 68 68 67 66 67 69 67 66 67 67 68 66 65 66 66 65 65 66 67 67 65
    66 67 66 66 65 66 67 66 66 66 65 66 65 64 63 63 62 61 61 61 62 61 60
    61 61 62 61 60 62 63 63 64 66 65 66 65 66 68 67 67 67 66 67 65 65 66
    64 63 63 63 63 61 61 61 61 61 61 61 63 63 63 65 65 65 66 66 67 67 67
    68 68 68 67 68 67 68 68 68 69 69 68 68 68 68 67 67 65 66 66 65 65 64
    65 64 64 63 61 62 62 62 63 64 63 63 63 62 62 61 60 60 60 61 61 62 62
    59 59 58 57 57 58 59 60 61 62 64 65 66 65 65 65 65 66 66 66 66 66 65
    64 63 61 61 60 60 61 61 61 61 60 61 60 61 60 60 60 62 61 61 61 60 61
    59 61 61 61 61 61 62 62 61 59 60 60 61 62 60 61 62 62 63 64 63 64 64
    64 66 66 66 67 66 66 66 64 64 64 64 65 65 64 64 64 65 64 64 64 64 65
    64 65 64 63 63 64 63 64 65 63 63 63 63 63 63 64 65 64 65 65 65 66 65
    65 66 67 66 68 69 68 68 67 68 69 68 66 67 67 69 67 67 67 67 66 67 67
    68 68 67 67 68 67 66 65 66 66 66 66 66 65 65 64 63 62 63 62 61 62 61
    62 61 60 60 61 61 61 59 61 62 62 63 65 65 66 65 66 68 68 68 67 68 69
    67 68 68 66 64 64 64 64 62 62 62 63 63 62 62 63 64 63 65 65 66 67 67
    68 67 67 67 67 67 67 66 66 67 67 67 68 68 67 67 67 67 65 65 64 64 65
    64 64 63 64 62 63 62 60 60 60 61 62 63 62 63 62 62 61 61 60 59 59 60
    61 61 61 58 58 57 56 56 58 58 60 60 62 63 64 65 65 65 65 65 66 66 67
    66 66 65 64 64 63 62 62 62 63 63 64 63 63 64 63 63 63 63 62 64 62 63
    62 61 62 61 62 62 61 60 61 62 62 61 60 61 61 61 61 60 61 62 62 63 64
    63 63 64 64 65 66 66 67 66 66 66 65 65 66 65 66 67 66 66 65 65 64 64
    64 64 65 64 64 63 62 61 62 62 63 64 63 63 63 63 63 63 63 65 65 66 65
    65 66 65 64 65 66 66 67 67 67 67 66 66 68 66 65 65 66 67 66 65 66 66
    65 65 66 67 67 66 67 68 68 66 65 65 66 66 65 66 65 66 65 64 63 63 62
    61 62 62 63 62 61 60 61 62 61 60 61 62 62 64 66 65 66 65 67 68 68 69
    69 69 70 68 69 69 66 65 65 65 66 64 64 64 64 64 63 63 65 65 63 65 66
    66 67 67 67 66 66 66 66 65 65 64 63 65 65 64 66 65 64 65 65 65 63 63
    63 63 64 63 63 62 63 62 63 62 61 61 61 62 63 64 64 63 63 62 62 62 61
    60 60 61 61 61 62 57 58 57 55 56 58 58 60 60 61 63 64 65 65 65 66 65
    66 67 67 66 66 65 65 65 63 62 62 62 62 62 63 62 62 63 62 62 62 62 61
    62 62 62 62 61 63 61 62 62 61 61 61 62 62 61 60 60 60 59 61 60 60 61
    61 61 63 62 61 61 62 63 65 65 67 66 66 66 65 65 66 66 68 68 67 67 66
    66 65 64 64 64 65 65 65 64 63 61 63 62 63 64 63 64 64 64 63 63 63 66
    65 66 65 65 66 65 65 66 67 66 67 68 67 67 66 67 68 67 66 66 67 68 67
    66 67 67 65 65 66 67 67 66 67 69 68 67 66 65 66 67 66 67 67 67 66 65
    64 64 63 62 63 63 64 63 62 61 60 61 60 60 61 62 62 64 65 64 65 64 66
    67 68 69 69 69 69 68 68 68 65 64 64 64 65 63 63 62 63 63 63 63 64 64
    63 64 65 65 66 66 67 66 66 66 65 65 65 65 64 65 66 65 66 65 65 65 65
    65 63 64 63 63 64 64 64 63 64 62 63 62 62 61 62 62 63 64 63 63 62 62
    62 61 60 60 60 61 61 62 62 58 59 58 57 57 59 59 60 61 62 64 65 66 65
    65 66 65 66 66 67 66 66 65 65 64 63 62 61 62 63 62 62 62 62 63 62 61
    61 61 61 62 61 62 62 62 63 62 63 63 61 61 62 63 63 62 60 60 59 58 59
    58 59 59 59 60 62 61 60 61 62 63 65 65 67 66 66 67 65 65 66 66 67 68
    68 67 67 66 66 64 64 65 66 66 65 64 63 62 63 63 63 64 63 63 63 63 63
    62 62 64 63 64 64 64 65 65 64 66 66 66 67 67 67 67 66 67 68 67 65 65
    66 67 66 65 65 66 64 64 66 66 67 65 66 67 67 66 64 63 65 65 65 66 65
    64 64 62 63 63 63 62 63 63 64 63 62 61 61 61 60 60 62 62 61 63 64 63
    64 64 65 67 68 69 69 70 70 68 69 69 66 66 65 65 65 64 63 62 63 63 62
    62 62 63 62 63 63 64 65 65 66 66 66 66 65 65 65 65 64 66 66 66 67 66
    65 65 65 65 63 64 64 64 65 64 64 63 64 63 64 63 62 62 62 62 63 64 63
    63 62 62 61 61 60 59 59 60 60 60 61 59 59 58 57 57 59 59 60 60 61 62
    64 64 64 64 64 64 64 65 65 64 64 63 64 64 62 61 61 61 62 60 61 61 61
    63 62 61 61 61 61 62 61 62 62 62 63 62 62 61 60 59 60 61 61 59 58 59
    58 57 58 58 59 59 60 61 63 62 62 63 64 65 67 66 69 68 68 68 67 67 67
    67 69 69 68 67 67 67 66 64 64 64 65 65 64 63 63 62 62 63 63 64 63 64
    64 64 63 63 63 64 64 64 65 65 65 64 64 65 65 65 66 66 66 66 65 65 67
    65 65 65 66 66 65 65 65 65 63 63 65 66 66 64 66 66 66 65 63 63 65 65
    65 65 65 65 63 63 63 64 64 63 64 64 65 63 62 61 61 62 61 61 63 62 62
    64 65 65 66 66 67 68 69 70 70 71 71 69 70 69 67 66 65 64 66 64 64 62
    63 63 61 62 62 64 63 64 64 64 66 66 66 65 66 66 65 65 65 65 64 65 66
    65 66 64 64 64 65 65 63 64 64 64 65 64 64 63 64 62 64 63 63 62 62 62
    63 64 63 63 62 62 62 62 61 60 61 62 62 62 63 61 61 60 60 59 60 60 61
    61 63 64 65 65 66 65 66 65 66 66 67 66 66 65 65 65 64 62 61 62 62 60
    61 61 61 63 62 62 61 61 61 61 61 63 62 62 64 62 62 62 60 60 60 61 61
    60 59 59 58 57 58 57 59 59 60 61 63 62 62 63 64 66 67 67 70 69 69 69
    69 68 68 68 69 70 69 68 68 68 66 64 63 64 65 65 64 64 63 62 63 63 63
    63 63 64 65 65 64 64 64 66 65 65 65 65 65 65 64 65 64 64 64 65 64 64
    63 63 65 63 63 63 64 64 64 63 63 63 62 61 64 65 64 62 63 64 64 63 62
    62 63 64 64 64 64 64 62 63 63 64 63 63 64 64 65 64 63 62 62 63 62 63
    64 64 63 65 66 66 66 66 67 68 69 69 70 71 70 68 69 68 65 65 65 64 66
    65 65 63 64 64 63 64 64 66 65 65 66 66 67 67 67 67 67 67 65 65 65 64
    63 64 66 64 66 64 62 63 64 63 63 64 64 65 65 65 65 64 65 63 65 64 63
    62 63 63 63 64 63 63 62 62 62 62 61 60 61 61 62 62 63 62 62 61 60 59
    60 60 62 61 63 63 65 65 65 64 65 64 65 66 66 66 66 65 65 65 64 62 61
    61 62 60 60 60 60 61 61 60 60 61 60 60 60 62 62 62 64 63 63 63 62 62
    62 63 63 62 61 61 61 60 61 60 61 61 62 62 64 63 63 64 65 67 68 68 70
    69 69 69 69 68 68 67 69 69 68 68 68 67 65 63 63 63 65 64 63 63 63 62
    63 63 62 62 62 63 64 64 63 63 63 64 63 63 64 64 64 63 63 63 63 63 63
    63 63 62 62 62 64 62 62 61 62 62 62 62 61 61 60 59 61 62 61 60 61 61
    62 62 61 61 63 63 64 64 65 64 63 63 63 64 64 63 63 64 65 63 63 62 63
    62 62 62 63 63 63 64 65 66 65 65 66 67 67 68 68 69 69 67 67 67 65 64
    64 64 65 65 64 63 65 65 63 64 65 66 65 66 66 66 67 67 67 66 67 66 64
    65 64 63 62 63 64 63 64 63 62 62 63 63 62 62 63 63 65 64 64 63 64 63
    64 63 63 62 62 63 64 63 62 63 63 63 63 62 61 61 61 62 62 62 63 62 62
    60 60 59 60 60 62 61 63 63 65 65 65 64 65 65 66 66 67 65 66 64 65 64
    63 62 61 62 62 61 61 61 61 63 62 61 61 62 62 62 61 62 62 63 65 64 64
    64 62 62 62 63 62 61 60 60 59 58 59 58 59 59 60 61 62 62 62 63 64 65
    67 67 69 68 69 68 68 67 67 66 67 67 67 67 67 66 64 63 62 63 64 64 63
    63 63 62 63 63 62 62 62 63 63 63 63 63 63 65 63 63 64 63 63 63 63 63
    63 62 62 62 61 61 60 61 62 60 60 60 60 61 61 61 60 60 58 57 59 60 59
    58 60 60 61 61 60 59 61 62 63 63 65 65 64 64 64 64 64 64 64 64 65 63
    63 62 62 61 60 61 63 62 62 63 64 65 65 65 66 66 68 68 69 70 69 68 69
    68 66 65 65 64 66 66 65 64 65 66 63 64 64 65 65 65 65 66 66 66 66 65
    65 65 63 63 63 62 61 62 63 63 64 62 61 61 62 62 61 61 62 63 64 63 63
    63 63 62 64 62 62 61 62 62 63 63 62 62 62 62 62 61 61 60 61 61 62 62
    62 63 63 61 61 60 62 61 62 62 63 63 65 65 65 64 64 64 65 65 65 64 64
    63 63 63 61 60 60 61 61 60 60 60 60 61 60 60 60 61 61 61 61 62 62 62
    64 63 63 63 62 62 62 62 61 60 59 59 59 58 59 58 59 59 60 61 62 62 62
    63 64 66 67 67 69 68 69 68 68 67 67 67 68 68 67 68 68 67 65 64 64 64
    66 66 66 65 65 65 66 66 64 64 64 65 65 65 64 64 64 65 63 63 64 63 63
    63 63 63 63 63 63 64 62 62 61 62 63 61 61 60 61 61 61 60 59 59 58 57
    59 60 59 57 59 59 60 61 60 59 62 63 63 64 66 65 65 66 66 66 66 66 65
    66 66 64 64 64 64 63 63 63 64 63 64 65 66 66 67 66 67 67 68 68 69 70
    69 67 68 67 65 64 64 63 65 65 65 63 64 65 63 64 64 65 65 65 66 66 67
    66 66 65 65 65 63 63 63 62 62 63 64 63 64 62 62 62 63 63 62 62 63 64
    65 63 64 63 63 62 64 62 62 61 62 62 63 62 61 62 62 61 61 60 60 59 60
    61 62 61 61 63 63 61 61 60 61 61 62 61 62 63 64 64 64 63 63 63 64 64
    65 64 65 63 63 63 61 61 60 61 62 61 61 60 61 61 60 60 60 61 62 62 62
    63 63 63 64 64 64 64 63 63 62 63 62 60 59 60 60 59 59 58 59 59 60 62
    63 63 63 63 64 66 66 67 68 68 69 68 68 67 67 67 68 68 68 68 68 67 65
    64 63 63 66 65 65 65 65 65 65 66 65 64 64 66 65 65 65 65 64 65 64 64
    64 63 61 62 63 63 62 62 62 62 61 62 61 62 63 61 62 61 62 61 61 61 60
    60 59 58 59 60 59 57 59 59 60 60 60 59 62 63 63 64 65 65 65 65 66 65
    66 65 65 65 66 63 64 63 64 63 63 63 64 63 64 65 66 66 66 66 66 66 67
    67 67 68 67 67 67 66 64 64 63 63 65 65 65 63 64 64 63 64 64 65 65 65
    66 66 67 66 66 64 65 65 63 63 63 62 62 62 64 63 64 62 62 61 63 62 61
    61 62 62 63 62 62 62 63 62 64 62 63 61 63 63 63 63 63 63 63 63 61 60
    60 59 60 60 62 61 61 64 63 62 62 61 62 62 62 61 62 62 62 62 63 62 62
    62 64 64 65 63 64 64 64 64 63 63 62 63 63 62 63 62 62 62 61 60 60 61
    62 62 62 63 62 63 64 63 63 64 63 63 63 63 61 60 59 58 58 58 58 57 58
    57 58 60 61 61 61 62 63 64 65 65 67 67 69 68 68 67 67 66 67 68 68 68
    68 68 66 65 65 65 67 67 67 67 66 66 66 67 65 65 65 66 66 65 65 65 64
    65 64 64 64 63 63 63 63 63 62 62 63 63 62 62 61 62 62 61 61 60 61 61
    61 61 60 60 58 57 59 59 59 58 60 60 61 61 61 60 62 63 63 64 65 64 64
    64 65 64 65 65 64 65 65 63 64 63 64 64 64 64 65 64 64 65 66 66 67 66
    67 67 68 67 68 69 67 66 67 66 64 64 64 63 64 65 65 63 64 64 63 65 65
    66 66 65 66 66 67 66 65 64 64 65 63 63 62 62 62 62 64 63 64 62 61 61
    62 61 60 60 61 61 61 60 61 61 62 60 63 62 63 61 63 63 64 63 63 64 64
    63 62 62 61 60 61 61 63 61 61 66 64 62 63 62 63 62 62 62 63 63 64 63
    64 63 63 63 64 64 64 62 63 63 63 63 62 62 61 62 62 61 61 61 61 62 61
    60 60 62 62 62 62 63 62 63 64 63 63 64 63 64 63 63 61 60 60 59 60 59
    59 58 58 58 59 60 62 62 62 62 63 64 65 65 67 66 68 67 67 67 66 66 67
    67 68 68 68 68 66 65 65 64 66 67 67 67 66 65 66 66 65 65 64 65 65 64
    64 65 63 64 62 63 64 63 62 62 63 63 62 62 63 64 63 63 62 63 64 62 62
    61 62 61 61 61 61 61 59 58 59 60 60 59 61 60 61 62 61 60 62 63 63 63
    65 64 64 64 64 64 65 65 64 64 65 63 64 64 65 64 64 65 65 64 65 65 66
    66 67 67 67 67 68 67 68 69 67 66 67 66 64 64 64 63 64 65 65 63 64 64
    63 65 65 66 66 65 65 66 66 65 64 63 64 64 63 63 63 62 62 62 64 64 64
    63 62 63 63 62 61 60 61 61 60 60 61 60 61 60 62 61 61 60 62 62 63 63
    64 65 65 65 63 62 62 61 63 62 64 63 64 67 66 64 64 64 64 62 62 62 63
    63 63 62 62 62 62 62 63 62 62 61 63 63 64 64 63 63 62 63 63 62 63 63
    63 63 62 62 62 62 62 62 61 62 61 62 63 62 62 63 62 62 61 61 60 59 59
    59 60 59 59 58 60 60 60 61 63 63 64 64 65 65 66 65 67 66 67 66 66 66
    65 65 66 66 67 67 67 66 65 64 64 64 66 66 66 67 66 65 65 66 65 65 64
    65 65 64 63 64 64 64 63 63 63 63 63 63 64 64 63 64 64 64 63 63 63 62
    63 62 61 60 60 60 60 60 60 60 58 57 58 59 59 59 61 60 61 62 61 61 62
    62 63 63 64 64 64 64 64 64 65 65 64 65 65 64 64 64 65 64 65 65 66 65
    66 67 67 68 68 68 68 68 69 68 68 68 66 66 67 65 64 64 64 63 64 65 64
    62 64 64 64 64 64 65 65 64 64 65 64 64 63 61 62 62 61 61 62 62 62 62
    64 64 64 63 63 63 64 63 61 61 62 62 61 60 61 61 61 60 62 61 62 61 62
    62 63 63 64 64 65 64 63 62 61 61 62 61 63 63 63 67 66 65 65 64 64 63
    62 62 62 62 62 61 61 60 61 60 61 61 61 60 61 61 62 62 61 61 61 61 62
    61 62 62 62 62 62 61 61 62 63 63 62 62 62 63 64 63 63 63 63 63 62 62
    61 60 61 61 62 60 60 59 60 60 61 62 64 64 64 64 65 64 65 65 66 66 67
    67 67 66 66 66 67 68 69 68 69 68 67 66 66 65 66 67 66 67 66 65 65 66
    65 65 64 65 65 65 64 66 65 65 63 64 64 64 63 63 64 20 107 105 83 44
    37 18 39 69 59 76 38 0 17 101 64 80 31 87 18 14 40 82 0 29 66 64 24
    26 69 34 43 116 33 123 106 55 12 81 48 64 59 123 12 39 48 7 63 97 11
    23 108 22 6 74 36 100 11 80 16 43 81 6 13 108 69 69 67 68 68 66 66
    65 66 65 66 66 66 64 66 65 65 66 65 66 66 64 64 64 64 63 62 61 62 61
    61 61 60 60 60 60 62 62 63 61 61 62 63 62 61 60 61 61 61 60 61 61 62
    60 63 62 63 61 63 63 64 63 64 65 65 65 63 63 62 60 62 61 63 62 63 67
    67 66 65 65 65 63 62 62 62 62 62 61 62 61 61 61 62 61 62 61 62 62 63
    62 61 61 61 61 61 61 62 61 62 62 61 60 60 62 63 63 62 62 62 64 64 64
    64 64 64 64 63 62 61 60 61 62 63 62 62 60 61 60 62 63 65 65 66 66 66
    66 66 66 67 67 68 68 68 67 67 66 68 68 69 69 69 69 68 66 66 66 66 67
    66 66 65 64 64 64 63 63 63 63 63 63 63 64 63 64 63 63 64 64 64 64 65
    65 53 49 5 0 47 97 61 53 74 1 17 72 115 37 77 58 1 23 0 79 125 39 5
    75 14 41 5 41 25 72 106 57 3 32 119 122 10 103 14 92 79 116 109 72
    18 9 27 91 39 100 59 44 7 90 0 42 38 50 114 97 8 101 111 71 68 68 67
    68 69 67 68 68 68 67 69 69 68 66 68 68 67 68 67 67 68 66 66 66 65 64
    63 62 62 62 61 61 60 60 59 59 60 61 61 59 60 60 61 61 60 59 60 60 60
    59 60 61 61 60 63 62 62 60 62 62 63 62 63 64 64 64 62 62 61 60 62 62
    64 63 63 68 67 66 65 65 65 63 62 62 62 61 61 61 61 60 61 61 62 62 62
    61 63 63 63 63 62 62 62 62 62 62 62 62 62 63 62 61 62 62 64 64 63 63
    63 64 64 64 64 64 63 63 62 61 60 59 60 61 62 61 61 60 61 60 62 63 64
    65 65 65 66 65 66 66 67 67 68 67 68 67 66 66 68 68 70 69 69 68 68 66
    66 65 66 66 66 65 65 63 63 64 63 62 62 62 63 62 63 64 64 64 63 64 64
    64 64 65 67 29 85 90 88 51 92 65 62 123 54 38 121 24 14 102 37 74
    122 5 113 115 82 28 40 90 28 23 118 124 73 27 2 92 19 127 79 6 32
    116 119 86 46 79 100 127 118 80 81 33 78 52 46 115 102 113 95 63 104
    122 45 43 31 120 73 22 68 68 67 68 69 67 68 68 69 69 70 70 69 67 69
    68 67 68 67 68 68 66 65 66 65 64 63 62 63 62 61 62 61 61 61 60 62 62
    62 60 60 60 61 62 60 61 61 61 60 60 61 62 62 61 64 63 63 62 63 63 64
    62 63 64 65 64 63 63 63 62 64 64 67 65 66 70 68 67 67 66 66 64 63 63
    63 62 62 62 62 61 61 62 62 62 62 62 63 63 64 64 62 62 62 62 61 60 61
    61 61 61 61 60 60 61 63 64 62 62 62 63 64 63 62 63 63 62 61 60 59 57
    58 59 60 59 60 59 60 60 62 62 63 64 65 65 66 65 65 65 66 65 66 65 65
    64 63 63 64 65 66 66 67 67 66 65 65 65 66 66 66 66 66 65 65 66 64 63
    62 63 64 63 63 64 65 65 64 65 65 65 65 66 67 55 95 2 22 80 105 86 19
    73 26 67 95 112 93 125 110 52 14 120 43 92 73 64 29 9 30 41 89 14 49
    126 58 61 66 4 96 55 27 90 80 36 110 6 38 86 10 82 19 118 74 66 44
    105 78 95 105 121 116 79 89 7 68 76 35 105 69 68 66 67 68 67 69 68
    68 69 69 69 69 67 69 68 68 69 67 68 68 66 66 66 65 64 63 63 63 63 62
    63 62 62 62 61 62 62 62 61 61 61 62 63 62 62 62 62 61 61 62 62 62 62
    64 63 63 62 63 63 63 62 63 65 66 65 64 64 63 63 65 65 68 66 66 70 69
    68 67 66 66 64 64 63 63 63 62 62 62 61 62 61 62 63 63 62 63 63 63 64
    62 63 63 63 63 62 62 63 62 62 62 62 62 64 64 65 64 64 63 65 64 64 62
    63 63 63 61 60 59 57 58 59 60 59 59 59 60 60 62 63 64 65 66 66 67 65
    66 65 66 67 67 66 66 65 64 64 65 65 65 66 67 67 66 65 65 65 66 65 65
    65 65 64 64 65 63 62 61 61 62 62 62 63 64 64 64 64 65 65 65 66 67
    112 39 16 112 104 74 70 57 26 55 109 21 51 46 85 37 6 35 5 65 106 36
    17 76 78 30 17 31 121 123 125 81 118 22 95 15 79 100 40 87 82 23 14
    26 37 81 68 121 26 75 65 94 123 96 59 66 105 8 73 78 82 17 2 41 111
    69 68 66 67 68 67 69 68 68 69 70 70 69 67 69 69 69 70 69 69 69 68 67
    68 66 65 64 63 64 63 63 63 62 61 61 60 61 61 61 61 60 61 61 62 61 61
    61 61 60 59 60 60 61 60 62 61 61 60 61 61 62 61 62 64 65 65 64 64 64
    63 65 66 68 66 67 68 67 67 65 65 64 63 63 63 63 63 63 62 62 61 62 61
    62 62 62 62 63 62 62 63 62 62 62 62 62 61 62 63 62 63 62 62 63 64 65
    66 64 64 63 65 64 64 63 62 63 63 61 60 59 57 58 59 60 60 60 59 61 61
    64 64 66 67 68 68 69 68 68 68 68 69 70 68 69 67 67 65 66 66 66 66 67
    66 65 64 64 63 64 63 64 63 63 63 63 64 63 62 61 62 63 63 64 64 65 65
    66 66 66 66 64 66 67 15 55 87 55 63 61 124 97 81 37 11 120 101 67 90
    54 103 50 95 32 100 0 101 38 79 109 74 70 45 99 48 109 123 21 23 59
    13 7 45 51 93 2 82 68 121 12 120 13 61 33 11 4 111 86 120 74 8 53 89
    72 46 4 122 9 80 68 67 65 67 67 66 68 67 67 68 69 69 69 68 69 69 69
    70 69 69 70 69 68 68 66 64 63 62 62 62 62 61 61 61 60 59 60 61 60 61
    61 62 62 62 62 62 62 62 61 60 62 62 62 62 63 62 61 61 61 61 62 61 63
    64 65 65 64 65 64 64 66 67 69 67 67 67 66 66 65 64 64 63 63 63 63 63
    63 63 62 61 62 62 62 63 62 62 64 63 62 63 62 62 63 63 63 63 63 64 63
    64 63 63 64 66 66 68 66 65 64 66 65 64 63 63 63 62 61 60 59 57 57 58
    59 59 59 58 59 60 62 63 65 66 67 67 68 67 68 68 68 69 70 69 69 67 67
    65 66 66 66 66 66 65 64 63 63 62 63 62 63 62 63 62 63 63 62 61 61 62
    63 63 64 64 65 65 66 65 65 65 64 66 68 84 0 45 103 107 46 38 85 42
    122 5 102 68 104 47 0 37 66 41 16 77 94 48 11 80 65 77 83 3 58 76 68
    87 53 14 83 103 124 9 57 116 56 47 55 111 96 13 24 30 27 87 53 49 69
    56 20 71 111 92 64 43 119 107 87 109 68 66 65 67 67 67 68 68 68 69
    70 69 69 68 69 69 71 71 70 70 71 69 69 69 67 65 64 64 64 63 63 63 62
    61 61 60 61 62 62 62 62 63 63 64 63 62 62 63 62 61 62 63 63 63 63 62
    61 61 60 61 61 60 62 64 64 63 62 63 62 62 64 65 68 67 67 65 65 64 63
    62 62 61 61 61 62 62 62 62 61 61 62 62 62 63 63 63 63 63 63 63 61 62
    62 63 63 63 64 65 64 65 65 65 66 67 68 69 68 66 66 67 65 64 62 62 62
    62 60 59 58 56 56 57 58 58 58 58 59 60 63 64 65 66 67 67 68 67 68 68
    68 69 69 68 68 66 65 64 65 64 64 64 65 64 63 62 62 61 62 63 64 63 64
    63 64 65 63 62 62 63 64 65 65 66 66 66 66 66 66 66 65 67 68 35 110
    115 43 111 58 124 4 64 1 61 29 61 15 19 11 107 5 5 120 64 30 47 124
    61 81 77 38 116 36 100 42 101 70 52 17 109 82 108 91 43 23 57 105 69
    113 58 0 98 125 75 94 58 73 103 94 27 101 62 87 28 120 108 64 70 67
    65 65 66 67 67 69 69 68 69 69 69 69 68 69 69 71 71 69 69 70 68 68 68
    66 64 63 63 63 62 63 62 62 61 61 60 60 61 62 62 63 63 63 64 63 63 62
    62 61 61 62 62 62 62 63 61 61 60 60 60 60 60 62 64 64 64 63 64 63 63
    65 67 69 68 68 67 66 66 64 63 63 62 62 62 62 62 63 63 62 62 62 62 63
    63 63 64 64 64 64 65 63 64 64 65 65 65 67 67 67 68 68 68 68 69 69 71
    69 67 66 67 65 63 62 61 61 61 60 59 58 56 56 58 58 58 58 58 60 61 62
    64 65 65 67 67 68 67 67 67 67 69 69 68 68 66 65 64 65 64 64 64 64 64
    64 63 63 62 63 64 65 64 65 64 65 66 65 65 65 66 67 67 67 67 68 68 68
    68 68 67 66 68 69 64 79 76 126 113 89 29 1 116 100 59 43 118 48 29
    93 64 73 9 120 84 22 105 77 42 105 34 79 98 115 24 103 124 39 10 31
    61 6 67 91 36 96 90 17 18 2 50 48 112 17 40 105 122 12 59 20 101 41
    83 30 54 54 8 21 27 67 66 65 66 67 67 68 68 68 69 68 68 68 67 68 68
    69 69 68 68 68 67 67 67 65 64 63 62 62 62 62 62 61 61 60 60 60 61 61
    62 62 63 63 64 64 63 63 63 62 63 64 64 64 64 64 62 62 61 61 61 60 59
    61 63 63 63 62 64 63 64 66 67 69 68 68 67 66 66 64 64 64 63 63 63 63
    62 63 63 62 62 62 62 62 62 62 63 64 63 63 64 63 64 64 65 64 66 67 67
    67 68 67 67 68 68 69 69 68 66 66 66 64 63 62 61 61 61 60 59 58 57 57
    59 60 59 59 60 62 63 64 66 66 67 69 69 70 68 68 68 69 70 70 69 68 66
    66 64 66 64 64 64 65 64 64 63 63 62 63 63 64 64 65 64 65 66 65 65 65
    66 68 68 68 67 68 68 68 67 67 67 67 68 69 118 46 8 74 71 122 109 90
    70 74 116 56 111 11 97 114 17 84 24 97 50 3 98 24 14 19 56 18 46 42
    87 93 27 124 10 43 27 5 48 69 9 43 12 122 15 112 109 61 33 93 76 120
    48 78 79 85 109 97 82 105 92 53 14 90 127 67 65 65 66 66 66 68 68 67
    68 67 67 68 67 68 68 69 70 69 69 69 67 66 66 65 64 63 62 62 62 62 61
    61 61 60 60 60 61 61 62 62 63 64 65 64 64 63 63 63 63 64 65 64 64 65
    63 62 61 61 61 61 60 61 62 63 63 63 65 64 65 67 69 71 70 70 66 65 66
    65 64 64 63 63 64 63 63 63 63 62 62 61 62 61 62 62 62 63 62 63 64 63
    64 64 64 64 66 67 68 67 68 68 68 69 69 70 71 69 67 68 68 66 64 63 63
    62 62 61 59 59 57 58 59 60 60 60 60 62 63 64 65 66 66 68 68 69 67 68
    67 68 69 69 68 67 65 65 63 65 64 64 64 64 63 64 62 62 62 63 63 64 64
    64 64 64 65 64 64 65 66 67 67 67 67 68 68 69 68 68 67 68 68 69 89 93
    107 49 62 36 35 111 55 118 100 108 57 64 14 93 109 108 93 102 73 93
    87 24 73 85 52 77 35 62 73 45 61 120 3 67 63 117 65 112 57 23 2 82
    94 94 72 49 55 127 40 34 109 17 76 100 46 60 121 121 102 0 105 47 57
    68 66 66 66 66 67 69 69 68 69 67 67 68 66 68 67 69 69 68 68 68 67 65
    65 63 63 62 61 62 61 62 61 60 60 59 59 58 58 59 60 60 61 62 62 62 62
    61 61 61 62 64 64 64 65 65 63 63 62 62 62 62 61 62 63 64 63 64 65 65
    65 67 68 70 69 70 66 65 66 65 64 64 64 64 64 64 63 64 64 63 62 62 62
    62 62 62 62 62 61 62 63 63 64 64 64 64 65 66 67 67 68 68 68 69 69 69
    70 68 67 67 67 65 63 62 62 61 61 60 60 59 57 57 59 60 60 60 61 62 64
    65 66 67 67 69 69 70 68 69 69 70 71 70 70 69 68 67 65 66 66 66 66 66
    64 64 63 62 62 63 63 63 63 63 63 63 64 63 63 63 64 66 66 66 65 66 67
    68 67 67 67 67 68 69 108 36 104 14 56 25 88 125 121 52 115 48 42 11
    113 95 100 26 91 49 42 42 8 96 57 93 87 95 13 0 75 40 48 69 31 66 73
    6 11 123 40 91 67 49 116 45 11 36 43 53 81 122 104 117 68 20 17 98
    68 95 28 116 68 42 21 68 66 65 65 66 66 68 67 66 67 66 66 66 65 66
    66 68 68 68 68 68 66 66 65 63 63 61 61 62 61 62 62 60 60 59 59 58 59
    59 60 61 63 63 64 63 63 62 63 63 64 65 66 65 67 67 64 64 63 63 63 63
    62 63 64 64 64 64 66 65 65 67 69 70 69 70 64 64 64 64 63 64 64 64 65
    65 64 65 65 64 64 64 64 63 63 62 62 62 60 61 61 61 62 62 61 62 64 65
    66 66 67 68 68 69 70 69 70 68 67 67 67 65 64 62 62 61 61 60 59 58 57
    58 60 60 60 60 61 62 63 64 65 66 67 68 69 70 68 69 69 70 70 70 70 69
    68 68 66 67 67 66 66 66 64 64 62 62 62 62 62 61 61 62 62 62 63 62 62
    63 64 66 66 66 65 66 66 67 67 67 66 66 67 68 85 17 52 13 3 97 61 106
    34 74 39 9 31 76 29 84 97 119 54 102 77 24 12 84 28 3 70 62 110 27 2
    87 34 12 74 117 107 7 38 75 86 13 105 17 122 62 125 83 120 9 72 37
    40 26 69 87 17 34 80 39 101 112 34 107 49 68 66 66 66 66 65 67 68 67
    68 67 66 66 65 65 65 67 67 66 66 67 66 65 64 63 63 62 61 61 61 62 61
    61 60 59 59 58 59 58 59 61 63 63 64 63 62 62 63 64 65 66 66 66 67 68
    64 64 63 63 63 63 62 63 63 63 63 63 65 64 64 66 67 68 68 69 63 63 64
    64 64 64 64 64 65 65 65 65 65 64 64 65 64 64 64 63 64 63 62 62 62 62
    62 63 63 63 64 66 66 66 67 67 67 68 69 69 70 68 67 68 68 66 64 63 62
    61 61 61 60 59 58 58 60 60 60 60 60 62 63 64 65 66 67 68 69 69 68 69
    69 70 71 71 71 70 69 68 66 67 67 67 67 67 65 65 63 62 62 62 62 61 61
    63 62 63 63 62 62 63 64 66 67 67 65 66 68 69 69 69 68 68 69 69 46 87
    50 79 63 121 94 49 13 123 24 115 113 71 111 34 40 52 100 93 127 11
    40 106 104 117 37 121 77 2 99 72 11 120 74 61 62 25 92 93 23 21 46
    115 66 10 43 86 13 67 58 27 54 127 68 32 113 63 97 20 127 60 63 55
    57 69 66 66 66 65 65 67 67 66 67 65 65 65 64 64 64 66 66 66 66 66 65
    64 64 62 62 61 60 61 60 61 60 60 60 59 59 58 58 59 59 61 63 64 64 64
    63 63 63 64 65 66 66 66 67 67 65 64 63 63 63 64 63 63 63 63 62 64 66
    65 65 67 67 69 68 68 63 63 64 64 64 64 64 65 66 65 66 66 67 66 65 65
    65 64 64 64 64 64 61 62 62 62 62 63 63 64 65 67 66 66 67 68 68 68 69
    70 71 69 68 68 67 66 64 63 63 62 62 61 61 60 58 58 60 60 60 60 59 61
    62 62 63 64 64 66 67 68 67 67 68 69 70 70 70 70 70 69 67 68 69 69 69
    68 66 66 64 63 62 63 62 61 62 63 62 63 62 62 62 63 64 66 67 67 65 66
    67 68 68 69 67 68 69 69 111 36 115 48 55 17 20 5 7 45 26 86 127 92
    102 126 8 57 37 87 84 99 9 21 25 37 34 63 89 61 92 71 94 2 116 3 105
    120 71 105 71 12 11 34 115 14 95 0 29 125 106 126 93 30 92 83 69 106
    113 31 94 9 42 57 5 69 67 67 65 65 65 67 67 66 67 65 65 65 64 64 65
    66 66 66 66 66 65 64 64 62 62 61 61 61 60 61 60 60 59 59 59 58 58 59
    60 62 63 64 65 64 63 63 63 65 66 67 67 67 68 68 65 65 64 64 64 64 63
    64 64 64 63 64 66 66 66 68 69 70 69 70 61 61 62 62 62 62 63 63 64 64
    64 65 65 65 64 63 63 63 64 64 64 64 62 62 62 63 63 64 63 64 66 67 66
    66 66 66 66 67 68 68 68 67 66 67 66 65 64 63 63 62 62 61 61 60 58 59
    60 59 60 59 59 60 61 61 63 64 64 65 66 67 67 67 67 68 69 69 69 68 68
    67 65 66 67 66 67 66 65 65 63 62 62 63 63 62 63 64 63 65 64 62 62 64
    64 66 66 67 64 64 66 66 67 67 65 66 67 68 37 103 15 59 34 109 97 106
    54 71 120 39 19 100 102 28 53 14 88 8 97 102 5 5 24 15 100 123 21
    120 1 5 127 107 77 32 23 121 51 57 71 68 5 46 45 67 9 40 55 87 43 32
    30 12 72 105 74 56 51 37 78 127 51 97 51 69 66 66 64 64 65 66 66 65
    66 64 64 65 63 63 64 65 65 65 65 65 64 64 64 62 62 61 60 60 60 60 60
    60 60 59 59 59 59 59 60 62 63 64 65 65 63 63 64 65 66 67 66 66 67 67
    64 64 64 64 64 64 64 63 64 64 63 64 66 65 66 67 68 69 68 69 61 60 61
    62 62 62 63 64 64 64 64 66 66 66 65 65 65 64 64 64 65 64 62 62 62 62
    62 63 63 64 65 66 66 66 67 67 67 68 68 69 69 68 67 67 67 65 64 63 62
    61 61 60 60 60 58 58 59 58 58 58 58 59 60 60 61 62 63 64 66 67 67 67
    68 68 69 69 69 69 69 68 66 67 67 67 66 67 65 65 63 63 63 63 63 62 63
    64 64 65 64 63 63 64 65 66 67 67 65 65 66 67 67 67 65 65 66 67 12 39
    104 32 127 0 65 107 118 68 63 108 98 118 43 104 70 66 67 45 11 65 81
    103 46 46 30 106 71 21 48 85 79 109 46 41 30 49 121 30 8 51 61 124 3
    59 73 36 127 36 24 116 81 37 36 56 49 6 92 117 82 73 34 14 101 70 68
    67 65 65 65 66 67 66 66 65 65 65 64 64 64 65 65 66 66 66 64 64 63 62
    62 61 60 60 60 60 60 60 60 60 60 60 59 61 61 63 64 65 65 65 64 64 65
    65 65 67 66 66 67 67 65 65 65 65 64 64 64 63 64 63 62 64 65 64 64 66
    66 67 66 67 60 60 61 62 62 62 63 63 64 64 64 65 66 67 66 66 65 64 64
    64 64 64 62 62 62 63 62 62 62 62 63 65 66 65 66 66 67 67 68 68 68 68
    68 68 67 66 64 63 63 62 62 61 61 60 59 59 59 59 59 59 60 60 61 61 62
    63 64 65 67 68 68 68 68 69 70 69 70 70 70 68 67 67 67 67 67 67 66 65
    64 63 63 63 63 62 63 65 64 65 64 63 63 63 64 66 66 66 64 64 66 66 65
    66 64 65 65 66 117 34 105 81 122 11 24 58 85 62 85 99 84 123 47 68
    73 80 93 115 49 91 72 5 110 43 92 91 75 68 68 27 3 26 87 28 114 98
    113 79 14 6 46 107 100 118 59 88 66 16 84 123 5 28 95 30 15 86 50
    122 127 83 21 48 122 70 68 67 65 65 64 65 65 65 65 63 63 64 63 63 64
    65 65 66 66 66 65 65 64 63 63 61 61 61 60 60 59 60 60 60 59 60 59 60
    61 62 63 64 64 65 63 64 64 64 65 66 65 66 67 66 65 66 65 65 65 65 65
    65 65 65 64 65 66 64 65 66 66 66 66 66 60 60 60 62 62 62 63 64 64 65
    65 66 67 68 67 66 65 64 64 63 64 63 61 60 61 62 61 61 61 61 63 64 64
    64 65 65 65 66 67 67 66 66 66 66 66 64 64 63 63 62 61 61 61 60 59 59
    60 60 59 59 60 60 61 60 62 64 65 66 67 68 69 69 70 71 72 71 72 72 72
    71 69 70 70 69 69 68 67 66 64 63 63 64 63 62 63 64 63 64 63 62 62 62
    63 65 65 65 63 63 64 64 63 64 63 64 64 65 124 116 24 14 67 115 126
    33 32 60 94 95 78 86 23 51 98 39 71 79 37 3 76 34 25 30 94 125 76 26
    104 49 124 116 30 68 68 103 69 103 94 100 15 103 67 74 2 66 53 15 88
    10 79 70 91 80 47 79 108 37 76 50 89 98 37 69 67 67 66 65 65 65 65
    65 65 63 64 63 63 63 64 64 64 65 65 64 64 64 63 62 63 61 61 61 59 61
    60 59 60 60 60 61 60 61 62 63 64 65 65 65 63 64 65 65 66 67 66 67 67
    67 65 65 65 66 65 65 65 64 64 63 63 64 65 63 64 65 64 65 65 64 60 60
    61 62 62 62 63 64 64 65 65 66 67 68 67 66 65 64 63 63 64 64 62 61 61
    62 61 62 62 62 63 64 64 65 65 65 65 65 66 66 65 65 65 64 64 64 63 63
    63 62 62 61 62 61 60 60 61 60 60 60 60 60 60 59 61 63 64 65 66 66 67
    68 68 68 70 70 70 69 70 69 67 67 68 69 68 67 66 66 64 63 62 63 64 63
    64 65 64 64 63 62 62 63 63 66 66 66 64 63 64 64 63 64 63 63 64 64 93
    48 119 38 61 65 83 58 41 113 102 70 17 53 59 117 93 127 110 114 23
    84 85 57 108 46 118 42 19 70 16 115 7 50 23 80 126 11 65 119 102 71
    68 126 72 124 91 121 62 29 3 64 100 71 95 108 73 10 84 95 95 68 85
    24 14 69 68 67 66 66 66 66 65 66 66 64 64 65 64 64 64 63 64 64 64 64
    63 63 63 62 62 61 59 60 58 60 59 59 59 58 58 59 59 59 60 61 62 64 63
    64 62 63 64 64 65 67 65 66 67 67 65 66 66 66 65 65 64 64 63 62 61 62
    63 62 62 63 62 62 61 61 62 61 61 63 63 63 63 64 64 65 65 65 66 67 66
    65 64 64 63 63 63 63 62 60 60 61 60 61 60 61 62 63 63 63 63 63 63 64
    65 65 64 64 64 64 63 63 62 62 63 62 62 62 62 61 61 61 62 62 62 61 61
    60 61 59 61 62 63 63 64 65 65 65 65 65 67 67 68 67 67 66 64 65 66 67
    67 66 65 65 63 62 62 63 64 63 64 65 64 64 63 62 62 63 62 64 65 65 63
    62 63 63 62 63 62 63 63 64 72 124 78 127 33 46 47 50 97 76 102 47 38
    78 49 95 47 53 119 52 32 23 80 114 8 115 41 33 71 45 62 108 63 78 98
    115 46 20 18 106 13 98 111 111 93 117 33 46 82 43 32 41 49 14 8 78
    58 11 93 72 102 79 11 65 18 68 67 67 65 65 66 66 66 66 67 66 65 66
    65 65 65 64 64 65 64 64 63 63 62 61 61 61 59 60 58 60 59 59 59 59 59
    60 59 60 61 62 62 63 63 64 62 63 63 63 64 66 64 66 66 66 65 65 65 66
    66 65 65 64 63 62 61 63 63 63 63 63 62 62 61 61 63 62 62 64 64 64 64
    65 66 66 66 66 67 68 66 66 65 64 63 64 64 64 62 61 61 61 61 61 60 61
    61 62 62 63 63 62 62 63 64 64 62 63 63 62 61 61 61 61 62 61 61 61 61
    61 61 61 62 62 62 62 62 61 62 60 61 62 63 64 64 64 64 65 65 65 67 66
    67 66 66 66 65 65 66 67 67 66 65 66 64 63 63 64 65 64 65 66 65 65 63
    62 62 63 63 65 64 65 63 63 63 63 63 64 63 64 64 64 105 65 73 126 111
    125 84 98 59 66 108 49 67 22 60 86 96 49 123 41 124 83 120 93 61 42
    12 85 90 69 67 127 7 50 99 98 18 37 123 122 118 121 125 8 86 124 47
    10 98 100 81 57 25 124 48 59 58 47 81 96 35 57 109 126 120 67 67 66
    64 64 65 65 64 65 65 64 64 65 64 65 64 63 64 64 64 63 62 62 62 61 62
    61 59 60 58 60 59 59 60 60 59 61 60 61 61 62 63 64 63 63 62 63 63 63
    64 65 63 65 65 65 64 65 65 66 65 64 64 63 63 62 62 64 64 63 63 64 63
    63 61 62 63 62 62 64 64 64 64 65 66 67 66 66 67 68 67 66 65 64 63 63
    63 63 62 61 60 61 61 61 60 61 60 61 62 62 62 61 60 61 61 62 60 61 61
    61 61 61 62 62 63 63 63 64 63 63 63 64 64 64 64 64 63 62 62 61 62 62
    63 63 64 64 64 65 65 64 66 66 66 66 67 67 65 66 67 66 67 67 66 66 65
    64 64 64 64 63 64 65 64 64 63 62 62 63 62 64 63 64 62 62 62 62 62 63
    62 63 63 63 6 94 57 91 32 39 71 86 21 99 12 120 25 73 39 63 69 91 90
    82 33 35 48 102 31 42 115 63 112 50 53 30 50 61 81 21 61 107 20 10 8
    62 121 12 63 71 120 109 60 97 121 98 80 37 117 101 124 46 75 83 73
    54 29 104 74 67 67 66 64 63 65 64 64 65 65 63 63 64 64 64 64 63 63
    64 63 63 63 63 62 61 61 60 59 60 58 59 59 59 61 60 60 61 60 61 62 63
    64 65 64 65 63 64 64 64 65 66 64 65 65 66 64 65 65 67 66 65 65 63 63
    62 61 63 63 62 62 63 62 61 60 60 61 60 60 63 63 63 63 64 65 66 66 65
    66 67 66 65 63 63 61 62 62 62 60 59 59 59 60 60 59 60 60 61 61 61 61
    60 60 60 61 62 61 61 61 61 61 62 63 63 64 63 63 64 64 63 62 64 63 64
    64 64 62 61 61 60 61 62 62 62 64 64 65 65 65 65 66 66 67 66 67 67 67
    66 68 68 68 67 66 66 65 64 64 65 65 63 64 64 64 64 63 61 61 61 61 62
    62 62 60 61 61 60 60 61 60 62 62 62 70 98 60 80 37 66 15 106 40 67
    72 23 105 34 124 13 42 14 96 106 58 100 36 11 121 92 23 73 72 10 66
    26 11 122 93 112 109 50 91 33 23 51 43 27 26 49 19 64 93 93 23 78
    109 103 87 2 39 47 39 91 30 45 39 82 19 69 68 67 65 65 66 66 66 66
    66 65 64 65 64 64 64 64 64 64 64 64 64 63 63 61 61 60 59 60 59 60 59
    60 61 61 61 61 61 61 62 63 64 64 63 64 62 63 62 62 63 64 62 63 63 64
    63 63 64 66 65 65 65 64 64 63 62 63 63 63 63 63 63 62 61 61 61 61 62
    64 64 63 63 64 65 65 65 64 65 66 65 65 62 61 60 61 60 61 59 58 58 59
    58 58 58 59 58 59 59 60 60 59 59 60 61 61 61 62 61 60 61 62 63 63 63
    63 63 64 63 62 62 63 63 63 64 64 62 61 61 59 61 62 63 62 63 63 64 64
    64 63 65 65 66 66 67 66 66 66 68 68 68 68 66 67 66 65 65 65 65 64 65
    65 65 65 64 63 62 63 61 63 62 63 61 62 62 62 62 63 63 63 64 64 10 5
    96 121 87 16 110 68 20 49 12 82 126 5 93 84 12 99 38 81 31 36 67 39
    34 97 64 7 37 49 5 43 49 105 9 76 31 93 83 82 120 18 88 6 22 24 69
    60 47 115 16 92 46 40 51 66 48 68 71 88 37 95 122 42 95 68 67 67 65
    65 66 65 65 66 66 64 64 64 63 63 63 63 62 63 63 63 63 63 63 61 61 59
    59 60 58 60 58 59 61 61 60 61 61 61 62 63 64 64 63 64 63 64 63 62 63
    64 62 64 64 64 64 63 65 65 65 64 65 64 64 63 62 63 62 61 61 61 61 61
    60 60 62 63 62 65 64 63 63 64 65 65 65 64 65 67 66 65 63 62 60 61 60
    61 59 59 59 60 60 59 59 59 58 58 59 60 60 59 59 59 59 59 59 60 61 60
    60 61 63 63 63 63 63 64 64 64 63 64 63 64 64 64 63 61 61 60 61 62 63
    62 64 64 65 66 66 65 67 67 68 68 69 69 68 68 69 68 69 68 67 67 66 64
    64 65 64 63 63 64 64 64 64 62 61 62 60 62 61 62 60 61 61 61 61 61 62
    62 63 63 90 1 112 47 122 8 70 21 34 112 46 11 38 86 3 84 48 35 113
    65 90 79 33 28 22 3 53 110 85 19 70 23 122 69 0 12 117 91 20 111 22
    18 73 59 109 117 48 19 78 54 85 5 72 41 66 42 38 115 108 42 27 64 24
    109 102 67 67 66 65 64 65 65 65 66 65 63 63 64 63 63 63 62 62 63 63
    63 63 63 64 62 62 60 60 60 59 60 58 59 61 61 60 61 61 61 62 63 64 64
    64 65 63 65 65 63 64 65 63 64 64 64 63 62 64 64 64 64 63 63 63 62 61
    62 62 61 61 61 61 61 60 61 63 63 63 65 65 64 64 64 65 65 65 64 65 66
    65 64 63 62 60 60 60 60 59 58 58 59 58 57 57 58 57 58 58 59 59 59 58
    59 59 59 59 60 61 61 61 62 64 63 63 64 63 64 64 63 63 64 63 63 63 63
    61 60 60 59 60 60 61 61 63 63 63 64 64 63 64 65 66 66 67 67 67 66 67
    66 67 67 66 66 65 64 65 65 64 64 64 64 64 64 64 63 63 63 61 63 62 62
    61 61 60 60 60 61 62 62 62 61 17 20 25 93 37 0 14 97 19 41 124 111
    96 11 11 119 11 21 67 118 84 60 108 10 18 78 63 60 114 36 10 83 20
    66 41 113 104 10 111 38 80 57 45 47 103 67 99 20 109 116 9 64 16 13
    47 76 31 56 35 119 56 60 23 25 112 67 68 67 66 65 66 66 66 67 67 65
    65 65 65 65 64 64 63 64 64 63 64 63 64 62 63 61 62 62 60 61 59 61 62
    62 61 63 62 62 63 63 64 64 64 65 63 65 64 63 63 64 62 63 63 63 63 62
    63 63 63 62 62 63 62 61 61 61 61 60 61 60 61 61 60 61 63 62 62 64 63
    63 62 63 64 65 65 64 65 66 65 64 62 61 60 60 60 60 59 59 59 59 59 58
    58 58 57 57 59 60 60 59 58 59 59 59 59 61 62 62 62 63 65 64 64 64 64
    65 65 64 63 63 62 63 63 62 60 59 60 59 60 60 61 61 63 62 63 63 63 63
    64 65 65 66 66 65 66 65 66 65 66 66 66 65 65 64 64 64 64 63 63 63 64
    64 64 63 62 62 61 61 61 61 60 60 60 60 60 59 60 60 61 60 112 39 60 8
    107 39 86 119 13 91 105 94 21 78 16 126 119 33 68 118 46 87 84 26
    111 81 80 61 111 38 27 78 86 102 50 74 47 10 37 5 98 97 104 9 113 9
    120 40 75 85 97 85 124 117 24 72 43 74 78 31 109 72 18 123 24 66 67
    67 66 65 66 65 65 66 65 64 64 64 64 64 63 63 63 63 64 63 63 63 64 62
    62 60 61 61 60 61 59 60 61 61 61 63 62 63 64 63 65 64 64 66 65 66 65
    64 64 65 63 64 64 64 64 63 64 65 63 63 63 63 63 62 61 62 62 62 62 61
    62 62 61 62 62 61 61 63 62 62 62 62 63 63 63 63 64 65 64 63 62 60 60
    60 59 60 59 59 60 61 60 59 58 58 58 58 59 60 60 60 59 60 60 60 59 62
    62 63 63 63 65 64 63 63 63 64 64 63 62 63 62 62 62 62 60 59 60 60 61
    60 61 61 63 62 63 63 63 62 63 64 64 65 64 65 66 65 65 64 65 65 64 64
    64 63 64 65 64 64 64 65 65 66 67 66 65 65 64 64 63 63 61 61 61 61 59
    59 60 60 60 60 68 78 117 77 35 100 0 27 55 99 115 17 100 90 69 63 93
    31 83 45 21 93 107 19 46 1 84 105 61 121 54 89 69 22 70 98 66 14 5
    64 30 38 13 98 123 87 60 80 60 77 43 52 32 56 65 57 32 69 9 69 110
    107 2 57 22 66 67 67 67 65 67 66 66 66 65 64 64 64 64 65 64 63 62 62
    63 62 63 63 63 62 62 60 61 61 59 60 58 60 61 61 61 62 62 62 63 62 63
    63 63 64 64 66 65 64 64 64 63 64 63 63 64 62 64 64 63 62 61 62 62 61
    60 61 61 61 61 60 61 62 60 61 61 60 61 62 61 62 61 62 62 63 62 62 63
    64 64 63 62 60 60 61 60 60 60 60 60 61 60 59 58 58 57 57 59 59 59 59
    57 59 60 59 59 61 62 63 63 64 65 64 64 64 65 66 65 64 64 65 64 64 63
    63 62 61 61 61 61 60 61 61 62 62 62 63 63 62 63 64 64 65 64 65 66 65
    65 63 64 64 63 64 64 63 64 65 64 64 64 65 66 66 68 67 65 65 64 64 63
    63 61 61 61 60 59 58 59 58 59 59 94 89 98 78 81 118 37 119 119 114
    74 52 53 73 49 91 126 113 45 82 114 82 108 113 50 0 46 46 47 43 75
    53 8 120 125 45 99 72 120 78 81 12 39 126 112 97 76 88 111 4 97 68
    125 21 37 119 34 75 37 62 95 57 64 12 5 65 66 66 66 64 66 65 66 65
    65 64 65 65 65 64 64 63 63 62 64 63 64 64 64 63 64 61 62 62 61 62 60
    62 63 62 62 64 62 63 63 63 65 63 63 64 63 65 64 63 63 63 62 63 62 63
    63 61 63 63 63 62 61 61 60 60 59 60 60 60 59 59 60 60 59 59 62 62 62
    62 62 62 61 62 62 63 62 62 63 63 63 63 61 60 60 61 60 61 61 61 61 61
    60 60 58 58 57 58 60 61 60 60 59 60 60 60 60 62 63 64 64 64 65 64 63
    64 64 65 65 64 64 64 63 63 63 63 61 60 60 59 59 58 59 59 60 60 60 61
    61 60 62 63 63 64 64 65 66 65 65 63 64 64 63 64 64 63 64 65 65 64 64
    65 66 66 68 67 66 66 64 65 64 64 62 62 61 61 60 59 60 59 60 60 19 74
    14 117 97 31 2 17 121 12 31 85 16 89 106 43 77 8 106 98 15 1 21 70
    71 115 12 43 71 122 27 102 48 42 101 66 21 34 73 27 66 101 27 11 119
    53 33 78 104 24 89 0 116 6 20 38 111 88 118 83 114 11 98 68 37 63 65
    64 64 63 65 64 65 65 64 64 64 64 64 64 64 63 63 63 65 63 64 64 65 64
    65 63 64 63 63 63 62 63 64 64 64 65 64 64 64 64 66 65 65 65 65 66 65
    64 64 64 62 63 63 63 63 62 63 64 64 63 62 62 62 62 61 62 61 61 60 60
    61 61 60 61 63 63 63 63 63 62 62 62 63 63 63 63 63 63 63 62 61 60 60
    61 60 61 60 61 61 62 61 60 60 59 59 59 61 62 61 61 59 60 61 60 59 61
    63 63 63 63 64 63 62 63 64 66 65 64 64 65 64 64 64 64 62 61 61 61 61
    60 60 60 61 60 60 62 61 61 61 63 63 63 64 64 66 65 64 63 63 63 61 62
    62 61 62 63 64 63 62 63 64 65 66 66 65 66 64 64 64 63 61 62 62 62 60
    59 60 60 60 60 106 74 81 112 6 116 105 12 26 55 2 60 80 34 43 81 17
    105 3 38 109 70 121 11 19 36 95 59 92 17 120 117 29 68 80 118 18 122
    92 67 83 68 0 8 34 41 92 9 96 80 61 21 107 14 82 8 126 70 90 10 36
    90 47 15 7 62 64 63 63 62 64 64 64 64 64 63 63 64 63 63 63 63 62 62
    64 63 63 63 64 64 65 63 63 63 63 64 62 64 65 64 64 65 65 64 64 64 65
    64 63 64 64 65 64 62 63 63 61 62 62 63 63 61 63 64 63 63 62 63 63 62
    63 63 62 63 62 63 64 64 63 64 63 62 63 63 63 63 63 63 64 64 64 64 63
    63 63 63 62 61 60 61 60 61 61 61 61 62 62 61 60 61 60 60 62 63 61 61
    60 60 61 61 60 62 63 63 63 64 65 63 62 64 65 66 66 65 66 66 65 65 65
    65 63 62 62 62 61 60 60 60 61 59 60 61 61 61 61 62 63 64 64 65 66 65
    64 63 63 62 61 62 62 61 62 62 63 62 62 63 64 65 67 68 67 67 64 65 64
    64 63 63 62 62 62 60 60 60 59 59 96 60 75 73 81 70 94 122 6 26 98 78
    22 27 54 83 60 89 85 64 51 49 77 112 11 23 71 27 5 67 2 32 50 90 80
    17 3 30 10 38 42 76 89 20 57 17 93 56 124 112 51 108 19 72 124 68
    105 110 1 111 46 102 125 15 68 63 64 63 64 63 64 64 65 63 63 63 62
    63 63 63 62 61 62 61 62 62 62 62 64 63 64 63 63 63 62 63 62 64 65 64
    63 65 64 64 64 64 66 64 64 65 64 65 64 63 63 63 61 62 62 63 63 60 62
    63 62 62 61 62 62 61 62 62 62 62 61 62 64 64 62 63 62 61 62 62 62 62
    62 62 62 62 62 62 61 61 61 61 61 60 60 60 59 60 61 61 61 62 62 62 61
    62 60 60 62 64 62 61 60 60 61 61 61 62 63 64 64 65 66 64 63 64 66 68
    67 67 67 67 66 66 66 65 63 63 62 62 62 60 60 61 61 60 60 61 62 61 61
    62 63 64 64 64 66 64 63 62 62 62 60 61 61 61 62 62 62 62 62 63 65 66
    68 68 67 67 65 65 65 64 63 62 62 63 62 60 60 60 60 60 104 30 47 101
    55 48 6 42 6 122 11 66 94 47 52 87 15 72 5 15 18 121 36 85 32 61 19
    5 21 96 42 83 9 102 25 118 41 74 117 70 53 53 92 12 59 68 7 89 82 99
    99 25 41 90 109 32 26 119 15 101 29 72 126 12 111 62 65 63 63 62 64
    64 65 64 63 63 63 64 64 63 63 61 62 61 63 63 63 62 64 63 64 62 62 62
    61 62 61 62 63 63 62 63 63 62 62 62 64 63 62 63 63 63 62 61 61 61 60
    61 61 62 62 60 62 63 62 63 62 63 63 63 63 63 62 62 61 61 63 64 63 64
    60 60 61 61 61 62 61 61 61 61 61 61 62 61 61 62 61 60 60 60 59 61 61
    61 62 62 62 62 61 62 61 61 63 64 62 63 61 60 61 62 62 63 64 65 64 65
    65 63 62 63 65 67 66 66 66 67 66 65 65 65 63 63 63 63 63 61 61 62 62
    61 61 62 63 62 62 64 65 66 65 66 67 66 64 63 62 62 61 62 61 62 62 62
    62 62 62 63 65 66 68 69 68 69 66 66 66 66 64 64 64 64 63 61 61 61 61
    60 73 35 5 41 64 33 68 86 112 42 12 14 63 11 112 83 28 13 95 34 124
    61 108 17 88 110 90 113 18 40 111 3 98 82 44 94 11 124 86 44 66 127
    18 9 74 66 99 63 92 18 87 1 68 87 59 23 105 25 111 8 9 119 59 44 46
    62 63 62 62 61 62 62 63 62 62 61 61 62 62 62 62 62 62 61 63 63 63 63
    65 63 64 62 63 62 62 62 62 63 63 63 63 64 64 63 63 63 66 64 64 65 64
    64 63 62 62 63 62 62 62 63 63 60 63 63 63 63 63 64 65 64 64 64 63 63
    62 63 65 66 65 66 58 59 60 60 61 62 61 62 62 61 61 62 62 61 62 62 62
    61 61 61 61 62 62 63 63 64 65 63 64 64 64 64 65 66 65 65 63 62 63 64
    63 64 65 66 66 66 66 64 63 64 66 68 67 67 66 67 65 65 65 66 63 63 63
    63 63 61 61 62 62 60 61 62 63 63 62 63 64 66 65 66 67 66 65 63 64 63
    62 63 62 63 63 63 63 63 64 64 66 67 69 70 69 69 67 67 66 66 64 64 64
    64 63 61 61 60 60 60 54 56 4 101 105 82 118 63 41 109 73 35 77 20 55
    74 26 113 98 66 64 86 33 23 118 108 71 69 81 100 56 33 110 50 30 61
    11 42 19 38 97 126 81 116 73 67 39 98 87 82 33 88 57 101 96 108 106
    21 107 42 121 7 42 38 18 62 63 62 62 61 61 61 63 61 60 59 60 61 61
    61 61 61 61 61 62 62 62 62 64 63 64 62 62 62 62 62 62 63 64 63 63 64
    63 62 63 63 65 63 63 64 64 63 62 62 62 62 62 63 63 63 63 61 63 63 63
    63 63 64 64 64 63 63 63 63 63 63 64 65 64 65 58 59 60 60 61 62 62 62
    61 60 60 62 62 62 63 63 62 61 62 62 61 62 63 64 65 66 65 65 64 64 64
    64 65 66 64 65 63 62 63 64 63 64 65 66 66 66 66 65 64 65 66 67 67 67
    66 67 65 65 64 64 62 62 62 63 62 61 61 61 62 61 61 62 63 64 63 64 65
    66 65 66 67 66 65 64 63 63 62 63 62 63 63 63 62 62 62 63 65 66 69 70
    69 69 67 67 67 66 65 65 65 65 64 62 61 60 59 59 26 114 41 106 9 90
    11 4 74 34 67 37 70 16 0 20 26 78 122 22 86 58 66 41 85 76 113 71 57
    104 4 17 82 11 73 6 8 71 23 109 93 84 30 36 92 87 50 62 20 35 56 73
    15 28 75 113 104 63 76 125 48 48 25 87 42 62 63 62 62 61 61 61 63 61
    60 59 61 61 61 61 62 61 61 60 62 62 62 62 64 63 63 61 62 62 61 61 61
    62 63 62 62 63 62 61 61 61 63 61 61 62 62 61 60 60 60 61 61 62 62 62
    62 61 63 63 63 64 63 65 64 64 63 63 62 62 62 62 63 64 63 64 61 61 62
    61 62 63 63 62 62 60 60 62 62 61 62 62 61 61 62 62 61 62 63 64 64 65
    65 65 64 64 65 64 65 66 65 66 64 64 64 65 64 65 66 67 67 66 66 65 63
    64 64 65 65 65 64 64 63 62 62 62 61 61 61 62 62 61 61 61 62 61 61 62
    64 65 64 65 65 66 65 65 67 66 66 65 64 64 62 63 62 62 63 63 63 63 64
    64 65 66 68 69 68 69 66 67 67 66 64 65 64 64 63 61 61 60 59 58 90
    126 4 1 48 84 122 45 76 43 120 27 85 85 67 48 27 30 1 0 41 29 61 42
    16 74 24 0 20 17 74 100 7 117 7 90 46 42 39 10 117 111 119 88 54 100
    53 16 48 104 106 27 15 126 118 113 0 56 35 106 49 67 51 39 10 63 64
    63 64 63 63 63 63 61 60 60 61 61 61 62 62 61 61 60 62 61 61 62 64 63
    64 61 62 61 60 61 61 62 62 61 61 62 61 60 60 59 61 60 60 60 59 59 59
    59 59 60 60 62 62 62 62 60 62 62 62 64 63 65 64 64 63 63 62 62 62 62
    64 65 65 66 63 63 64 63 64 65 65 64 63 62 62 64 64 63 63 63 63 63 63
    63 62 63 64 65 66 66 66 65 64 64 65 64 64 65 64 65 63 62 62 63 63 64
    65 66 66 65 65 64 62 63 64 65 65 64 63 64 62 61 61 62 61 61 61 62 62
    60 60 60 60 59 60 61 63 64 63 64 64 64 63 63 65 64 64 63 63 63 61 61
    60 60 61 61 61 62 63 63 64 65 67 69 68 69 67 67 68 67 66 66 66 65 65
    63 62 61 60 59 64 95 5 25 125 54 16 22 78 16 17 13 41 25 67 22 71 77
    110 98 71 52 18 3 10 90 85 46 57 121 60 90 1 107 51 35 73 52 116 2
    69 82 18 23 55 97 0 18 72 12 54 73 62 119 36 22 119 85 32 121 2 71
    14 34 48 61 63 62 64 62 62 62 62 61 60 60 61 61 62 62 62 61 61 60 61
    61 61 62 64 64 64 61 62 61 61 61 61 62 62 62 62 63 61 61 60 60 62 60
    61 61 61 60 60 60 60 61 61 62 62 63 63 62 63 63 64 64 63 65 64 64 64
    64 62 62 62 62 63 65 64 64 62 62 63 62 64 64 64 63 63 62 62 63 64 63
    64 64 64 65 65 65 64 66 67 67 67 68 67 67 66 65 66 66 65 66 65 66 64
    63 63 64 63 64 65 67 67 66 66 64 62 63 63 65 65 65 64 64 63 61 60 60
    60 60 60 62 62 60 60 60 60 60 60 61 63 65 64 64 65 65 64 64 66 65 64
    63 63 63 62 62 60 60 60 61 62 62 63 63 64 65 66 68 67 68 66 66 67 66
    64 65 64 64 63 61 60 59 58 58 118 94 8 35 64 23 14 82 114 67 22 80
    76 44 20 21 74 59 25 21 26 82 17 34 119 27 110 50 119 27 90 57 14 99
    6 40 86 25 112 126 1 6 76 42 54 7 92 80 77 101 49 43 90 68 0 84 90
    87 71 47 126 28 126 66 55 60 63 62 63 62 62 61 62 61 60 60 61 61 62
    62 63 61 61 59 61 61 61 61 63 63 64 61 63 62 62 62 63 63 64 63 63 64
    63 62 61 61 62 61 62 61 61 60 59 60 61 62 62 63 62 63 63 62 63 63 65
    65 64 65 64 65 64 64 63 63 64 64 65 66 65 65 60 60 60 60 61 62 62 62
    61 60 61 62 63 62 62 63 64 64 66 66 65 66 67 66 66 67 66 66 65 65 66
    66 65 65 64 65 64 63 63 65 64 65 66 67 67 65 65 64 63 63 63 65 64 64
    63 63 62 61 61 61 61 61 61 62 62 60 59 61 61 60 60 61 63 64 64 64 64
    64 63 63 65 64 63 63 63 63 62 62 60 61 62 62 63 63 64 64 65 66 67 68
    68 68 66 67 67 67 65 65 65 64 63 61 60 60 58 58 111 21 85 19 108 54
    69 55 103 31 68 40 86 107 64 89 117 55 93 122 69 56 15 86 88 41 30
    104 47 82 71 45 55 99 80 81 113 116 37 65 65 66 39 123 116 67 79 3
    10 54 70 58 61 107 33 59 42 59 3 65 65 63 78 67 4 60 62 61 63 62 62
    61 62 62 61 61 62 61 62 62 62 61 61 59 61 61 61 61 62 63 62 61 62 61
    61 62 63 64 65 63 64 64 64 63 62 62 63 62 62 62 61 61 60 60 61 61 61
    62 62 63 63 62 62 63 64 65 64 65 65 65 64 65 63 64 64 65 66 67 66 66
    60 60 60 60 61 62 63 62 61 60 61 63 64 63 63 64 65 66 67 67 67 68 68
    68 68 69 68 67 67 67 67 67 66 66 65 66 64 63 63 65 64 65 66 66 66 65
    65 64 63 63 63 66 66 65 64 64 63 62 61 62 61 61 61 61 62 61 59 60 60
    59 59 61 63 64 64 63 64 64 63 62 63 63 63 62 62 62 60 61 59 60 61 61
    62 62 63 64 65 65 66 67 66 68 66 66 66 66 65 66 66 64 63 61 61 60 59
    59 18 25 21 104 67 61 4 102 42 31 72 50 36 6 115 52 78 44 33 78 105
    112 42 43 106 44 91 71 101 88 74 85 58 82 63 111 54 121 96 21 21 38
    125 84 66 14 35 127 43 14 42 75 0 63 121 88 89 111 125 83 50 34 95
    15 80 60 61 61 62 61 62 61 62 61 60 59 61 60 60 60 60 59 58 56 58 59
    59 58 60 61 60 58 59 59 59 60 61 62 63 63 62 63 63 63 62 62 63 62 62
    62 61 61 60 61 61 62 61 63 62 62 62 62 63 63 64 66 64 65 64 65 64 65
    64 65 65 66 66 67 66 65 61 61 61 61 63 63 64 63 62 60 61 63 64 63 63
    64 65 66 67 66 67 68 68 68 68 69 68 67 67 67 67 67 67 66 65 66 65 64
    64 65 65 65 65 66 66 65 65 63 63 63 63 65 65 65 64 65 64 62 62 63 63
    62 62 63 64 62 61 61 61 60 59 61 63 64 63 63 63 63 62 62 63 62 63 62
    62 63 61 62 60 61 62 63 64 64 66 66 66 66 67 68 67 68 66 67 66 65 65
    65 65 63 63 61 61 60 59 59 76 36 49 8 35 6 103 6 80 31 74 87 7 59 11
    123 67 28 71 124 124 119 4 96 109 72 32 80 14 54 98 10 90 122 47 42
    14 76 104 9 52 84 8 72 49 100 79 97 61 17 99 25 114 101 23 39 13 32
    109 15 47 81 99 106 58 59 61 60 61 61 61 60 61 61 60 59 60 60 60 61
    61 60 59 57 58 59 60 60 61 62 61 60 60 60 60 61 62 64 65 65 64 64 64
    63 62 63 63 62 62 62 61 60 59 60 59 60 60 61 61 61 62 61 62 63 64 65
    65 66 65 65 65 65 64 65 65 65 65 66 65 65 61 61 60 61 63 63 64 62 61
    60 61 63 64 63 63 64 64 65 66 66 66 67 68 67 67 67 66 66 66 66 67 67
    66 66 65 66 64 63 63 65 64 64 64 65 65 64 64 64 64 64 64 66 65 66 65
    66 65 64 63 64 64 63 62 63 63 62 60 60 61 60 60 61 63 64 64 63 63 64
    63 63 64 64 64 63 63 64 63 64 61 62 62 63 63 63 65 65 65 66 66 67 66
    67 65 66 65 65 65 66 65 63 63 62 62 61 60 60 83 13 104 12 91 36 88
    61 96 50 62 61 97 48 60 105 100 114 127 30 72 6 22 56 107 77 102 58
    99 87 125 16 68 113 84 114 91 91 1 15 71 95 36 46 106 58 0 125 11 11
    111 108 64 124 58 88 21 3 65 62 91 108 25 53 118 59 60 59 61 60 60
    60 61 61 61 60 61 61 61 62 63 62 61 59 60 61 62 61 62 63 62 61 62 62
    62 62 64 65 66 66 65 65 64 63 63 64 64 63 63 63 61 60 60 60 60 61 61
    62 63 62 62 62 62 63 63 65 64 65 64 64 64 63 62 62 62 62 63 63 62 62
    62 62 61 61 63 63 64 63 61 60 61 63 64 62 62 63 64 65 66 66 66 67 67
    67 66 67 67 67 68 68 67 67 67 67 66 67 65 64 64 66 65 65 64 65 65 64
    65 64 63 63 63 64 64 64 63 64 62 62 62 62 62 61 61 61 62 61 60 60 60
    60 59 60 62 63 63 62 62 62 61 61 62 62 63 63 63 64 64 64 62 63 63 63
    64 64 66 66 65 65 65 66 66 66 65 65 65 65 65 65 65 63 63 62 62 61 60
    59 92 54 42 14 18 1 45 92 87 99 86 71 93 22 72 23 86 50 62 120 97 79
    35 14 18 67 8 48 116 105 103 67 67 13 18 30 82 2 0 48 34 115 18 82
    115 38 42 2 40 120 3 13 6 13 61 77 2 106 4 49 25 46 15 117 111 60 61
    61 62 61 61 60 61 62 61 60 62 62 62 62 62 61 60 58 59 60 61 60 61 62
    61 60 60 62 61 61 63 64 65 65 64 64 64 63 62 63 63 62 62 62 61 61 60
    61 60 61 61 62 63 63 63 63 63 63 64 65 64 65 64 65 64 64 62 62 63 62
    63 63 62 62 60 61 61 61 62 63 63 63 62 60 62 63 64 63 63 64 65 66 66
    66 66 67 68 68 67 67 67 67 68 68 67 67 67 66 67 67 65 64 64 66 65 65
    65 65 65 65 66 65 64 64 63 64 64 64 63 63 62 61 61 61 62 61 61 62 63
    62 61 62 62 62 61 62 64 65 64 63 63 63 62 62 62 63 63 63 63 64 63 64
    62 63 63 62 62 63 64 64 64 63 63 64 64 64 63 64 63 64 64 64 64 63 62
    62 62 62 60 59 1 47 29 80 71 82 64 12 124 76 52 5 113 22 32 109 22
    44 124 5 4 114 30 79 11 38 26 8 82 37 124 12 61 126 86 92 60 124 82
    122 118 86 64 89 17 53 32 34 31 96 31 36 69 22 62 88 2 100 11 107 22
    99 4 69 22 61 62 62 63 63 63 62 62 63 63 62 63 62 62 63 63 61 61 58
    59 60 61 60 61 61 61 60 61 63 62 63 64 65 66 66 65 65 64 63 63 63 64
    63 62 63 61 61 60 61 60 62 61 62 63 63 63 62 62 62 63 64 64 65 64 64
    63 63 62 62 62 61 62 62 62 61 59 60 60 60 61 62 63 62 61 60 62 63 64
    63 63 65 65 65 66 66 66 67 67 67 67 66 66 66 67 67 66 66 66 65 65 66
    64 64 64 64 65 64 64 66 65 65 66 65 65 64 63 63 63 63 63 62 61 60 60
    61 61 60 59 60 61 61 60 61 62 61 60 61 62 64 63 63 63 63 61 61 61 62
    62 62 62 63 63 64 62 63 63 63 63 64 65 65 65 64 64 65 65 65 64 64 64
    64 64 64 63 62 62 61 61 61 60 59 41 7 115 72 95 6 87 20 41 124 0 4
    52 57 121 50 44 114 54 118 48 63 90 55 79 93 8 61 17 1 44 5 17 39 82
    124 35 127 9 108 38 90 53 14 72 47 65 60 120 59 38 83 37 104 112 37
    39 50 6 57 65 84 11 26 12 62 63 63 64 64 63 62 61 62 63 61 63 62 62
    63 63 61 61 59 59 61 62 61 63 62 62 61 62 63 63 64 65 65 66 66 66 65
    65 63 63 64 64 63 63 62 61 61 60 61 61 62 62 63 64 64 63 63 63 62 63
    64 64 65 64 64 62 62 61 60 60 60 60 61 61 60 57 58 59 59 60 61 62 62
    60 59 61 63 64 63 64 65 65 66 66 66 66 67 67 67 67 66 66 66 66 66 65
    65 65 65 66 66 65 64 64 65 65 65 65 66 66 65 66 65 65 64 63 63 63 63
    62 62 61 60 59 60 60 60 60 61 62 61 61 61 62 61 61 61 63 64 64 63 63
    62 61 61 60 61 62 62 63 64 63 64 62 63 63 63 64 65 66 66 66 65 64 65
    65 65 64 65 65 65 64 65 64 62 62 62 62 62 61 60 16 39 43 67 113 91 9
    22 14 84 39 53 122 110 49 107 16 111 88 93 78 42 32 98 32 27 6 62 74
    4 67 6 74 10 34 40 44 84 105 76 105 5 10 99 69 115 16 72 9 11 112 20
    19 100 20 40 60 41 26 12 86 52 106 36 27 61 62 62 63 62 63 61 61 62
    63 62 63 62 63 63 63 62 61 60 60 61 62 61 62 61 60 59 61 62 62 63 64
    65 64 65 65 65 65 63 64 65 65 65 64 64 62 62 61 63 62 63 64 65 65 65
    65 64 63 63 64 64 64 66 65 65 63 62 61 60 60 59 60 60 61 59 58 59 59
    59 60 61 62 61 61 59 61 63 64 63 64 65 65 65 66 66 67 68 68 67 67 66
    66 66 67 66 66 66 66 66 66 67 65 65 65 65 66 66 66 67 66 66 67 66 65
    64 63 63 62 62 62 61 60 59 59 60 60 60 60 61 61 60 59 60 61 60 59 60
    61 62 61 61 60 59 59 59 59 60 62 62 63 64 64 65 63 64 64 65 65 66 67
    67 66 65 64 65 65 65 65 66 65 65 65 66 64 63 62 62 63 62 61 60 44 88
    0 118 18 42 22 98 44 72 44 68 97 78 102 39 124 16 31 107 77 119 6 93
    98 96 4 31 46 76 23 60 17 2 18 106 36 108 21 126 5 8 5 71 34 57 125
    35 76 87 56 20 93 101 24 3 3 4 92 1 86 5 4 62 60 61 61 62 62 62 62
    60 60 61 61 61 62 61 62 62 62 62 61 59 60 61 62 62 62 62 61 60 62 63
    64 65 65 66 66 66 67 66 65 64 65 66 66 66 65 65 64 63 63 65 64 64 65
    65 66 66 65 64 63 63 64 64 64 65 64 64 63 62 61 60 59 59 60 60 60 59
    60 60 61 60 61 61 62 61 61 59 62 63 64 63 63 64 64 65 66 66 66 68 67
    67 67 65 65 65 65 65 65 65 65 64 65 65 64 64 64 64 66 66 65 66 66 66
    67 66 66 65 64 63 62 62 61 60 59 59 59 60 60 60 60 60 61 60 60 60 61
    60 59 60 61 62 61 60 58 58 58 59 59 60 62 63 64 65 65 65 64 65 66 66
    66 67 67 67 67 65 64 64 64 64 63 65 64 64 64 65 63 62 62 62 62 62 61
    60 78 48 17 81 44 94 98 20 78 60 79 115 21 50 46 60 91 26 121 114
    103 127 45 99 118 25 25 96 102 94 11 28 33 63 116 55 126 43 69 59 40
    123 35 87 71 41 43 58 84 37 82 18 50 73 103 99 108 6 58 121 46 80 57
    115 82 61 62 62 62 61 63 61 60 61 62 61 62 62 62 62 62 62 62 60 60
    61 62 62 62 62 61 60 62 63 64 65 65 66 66 67 67 67 65 64 65 67 67 66
    65 65 64 64 63 65 63 64 64 65 66 65 64 64 62 63 63 63 64 64 63 64 63
    61 61 59 59 58 59 59 60 59 60 60 61 61 61 61 62 61 61 60 62 64 64 63
    64 65 65 66 67 67 68 69 68 69 67 66 65 65 65 65 64 64 64 63 63 64 62
    63 63 63 64 65 65 66 65 65 66 64 65 64 62 62 61 61 60 59 58 59 59 60
    61 60 60 60 60 60 59 59 60 60 60 60 61 62 61 60 59 59 59 59 60 61 63
    63 64 65 64 65 64 64 65 65 66 66 67 67 67 66 64 64 65 65 64 65 65 65
    66 66 64 64 63 63 64 63 63 61 31 65 67 68 60 106 18 80 101 26 104
    116 126 61 71 114 42 126 19 39 38 31 98 96 81 79 108 119 121 41 110
    21 12 100 109 80 12 24 100 106 26 23 35 54 26 73 21 76 76 28 32 68
    21 117 100 69 30 94 69 75 124 25 21 98 105 62 63 63 63 63 64 62 62
    63 63 62 63 62 62 62 62 61 61 60 60 61 63 62 62 62 61 61 63 64 64 66
    66 66 66 67 66 66 65 64 65 66 66 66 65 65 63 63 63 65 63 63 64 64 65
    64 63 62 61 62 62 63 63 64 63 64 63 62 61 60 59 59 60 61 61 61 58 59
    59 60 60 59 60 60 60 60 62 63 64 63 64 65 65 66 67 68 68 70 69 69 67
    66 65 64 65 65 65 64 65 64 64 65 63 64 64 65 66 67 67 67 66 66 67 65
    65 65 64 64 63 63 62 60 60 60 61 62 63 62 62 61 62 61 59 59 60 60 61
    61 61 61 61 60 60 60 60 61 61 63 65 65 65 66 66 66 65 65 66 66 66 66
    67 67 67 65 64 64 64 64 63 64 64 65 65 65 64 63 63 62 63 63 63 61 90
    9 50 122 2 33 42 93 12 29 51 16 93 94 92 88 108 78 101 99 89 81 58
    113 86 15 87 55 0 8 126 46 3 45 124 92 17 92 97 108 78 52 24 42 65
    10 28 7 25 22 5 115 47 112 79 91 84 73 105 42 114 102 53 85 110 64
    64 64 65 65 66 65 64 65 66 64 64 63 63 63 63 62 63 62 62 62 64 63 63
    62 62 62 64 65 65 66 66 67 66 67 67 67 67 66 66 68 67 67 66 66 64 65
    65 66 64 64 65 65 65 65 64 62 61 62 62 62 63 63 62 63 63 61 60 59 58
    58 60 60 60 60 56 57 58 59 60 59 60 60 61 61 63 63 64 65 65 67 66 67
    67 68 69 70 69 69 67 66 65 65 65 65 64 64 65 64 64 64 62 63 63 63 65
    66 65 65 65 65 66 64 65 64 64 63 62 63 62 60 60 61 61 62 63 62 61 61
    61 60 58 58 59 59 59 60 59 60 59 59 59 60 60 61 62 63 65 65 65 66 66
    67 66 67 66 66 66 66 66 66 67 65 64 64 65 64 63 64 64 65 66 65 64 63
    63 62 63 64 64 63 71 79 14 88 88 50 48 111 5 73 97 116 87 6 77 61
    108 70 12 68 41 3 19 106 126 5 39 60 51 36 54 102 98 43 76 21 69 16
    77 101 49 103 37 6 39 5 74 33 51 11 35 36 65 60 4 65 3 20 33 24 47
    41 2 116 101 64 64 64 65 65 65 65 65 65 66 65 64 63 63 63 63 62 62
    61 62 62 64 63 63 62 62 62 64 65 65 67 67 68 67 68 69 68 67 66 67 68
    68 67 67 67 66 66 66 67 65 64 65 65 65 64 63 63 62 62 61 62 62 61 61
    62 62 59 60 58 58 58 58 58 58 58 55 57 57 58 58 57 58 58 59 60 62 62
    63 64 64 66 66 67 67 68 69 70 69 69 67 66 66 65 65 65 64 64 65 65 65
    65 64 64 64 64 66 66 66 66 65 66 66 65 65 65 64 63 62 63 63 61 60 62
    61 62 62 61 61 60 60 59 58 59 59 60 60 60 60 61 61 61 60 61 62 63 63
    65 66 66 66 66 67 68 67 67 67 67 66 66 66 66 67 66 65 65 66 64 64 65
    65 65 66 65 64 64 64 63 64 64 64 62 92 72 111 23 31 84 101 108 66
    102 9 93 114 59 21 105 0 50 74 13 24 56 66 107 125 121 100 52 37 126
    4 31 112 39 91 9 47 98 115 112 23 39 84 15 10 57 60 116 107 27 92 24
    63 67 95 107 79 100 7 85 50 92 90 30 120 64 64 64 65 65 66 66 65 65
    66 65 65 64 64 64 64 63 63 62 62 62 64 63 62 61 61 62 63 64 65 67 67
    68 67 69 69 68 67 66 67 68 68 68 67 67 65 65 65 66 64 63 64 65 66 65
    63 62 61 61 61 61 61 61 60 61 61 58 58 57 57 57 57 57 57 57 55 57 57
    58 58 57 58 59 60 60 62 62 63 64 64 66 66 67 67 68 69 69 68 68 67 66
    65 64 64 64 63 63 64 63 63 63 62 63 62 63 65 65 64 65 64 64 65 64 65
    64 63 63 62 62 62 60 60 62 61 63 63 62 61 61 60 60 58 59 59 59 60 61
    60 60 60 61 60 61 62 63 62 64 66 66 66 65 66 67 66 66 66 66 65 65 64
    64 65 63 63 63 64 63 63 64 64 65 66 66 65 65 66 65 66 66 66 64 112
    78 100 72 18 40 26 105 51 114 115 103 106 61 68 20 53 93 3 127 47 67
    95 35 74 38 29 105 72 77 34 68 108 64 97 78 52 2 10 13 96 117 62 110
    49 67 71 10 87 55 13 47 29 95 80 25 9 52 2 18 94 69 38 82 73 66 65
    65 66 65 67 66 65 65 66 66 65 65 65 64 64 64 64 63 63 63 65 64 63 62
    61 62 63 64 65 67 67 67 67 68 68 67 66 65 66 68 67 67 67 67 65 65 64
    65 63 62 63 64 65 64 63 61 61 60 60 61 61 61 60 61 61 58 58 57 56 55
    56 56 55 56 55 56 57 57 58 58 58 59 61 62 64 64 65 65 66 67 67 67 66
    67 67 69 68 68 66 64 64 64 63 63 62 62 64 64 64 64 63 63 63 64 66 66
    66 66 64 65 65 64 65 64 64 63 62 63 63 61 60 61 61 62 62 62 61 61 60
    59 59 59 58 58 59 59 59 59 59 59 59 60 60 62 62 64 65 65 65 64 65 66
    65 64 64 64 63 63 62 62 63 61 61 62 64 62 62 64 64 65 66 66 65 65 67
    66 67 66 66 65 29 24 98 37 9 18 101 62 112 121 26 35 119 103 16 64
    25 55 27 103 44 69 119 46 48 83 9 22 51 97 30 110 7 53 3 22 49 30 86
    47 105 2 63 67 14 42 67 47 57 96 61 78 99 14 125 15 25 91 78 54 101
    6 23 81 83 67 66 66 67 67 69 67 66 66 67 67 67 66 66 66 66 65 66 65
    65 64 66 65 65 63 62 63 64 64 65 66 67 67 66 68 68 67 66 64 65 67 66
    66 67 66 65 65 65 65 63 63 63 65 65 65 64 62 61 61 60 61 61 60 60 60
    60 58 58 56 55 55 55 55 55 56 57 58 58 59 59 58 59 60 61 63 64 64 65
    65 66 67 66 66 65 66 66 67 67 67 65 64 64 63 63 63 62 62 64 64 65 64
    63 64 64 64 66 66 65 65 63 64 64 62 63 63 62 62 61 61 62 60 59 61 61
    62 63 63 62 62 61 60 60 60 59 59 60 60 60 60 60 60 60 61 60 62 63 64
    65 65 65 64 65 65 65 64 64 64 63 64 62 62 63 62 62 63 66 64 64 66 66
    67 67 67 66 66 67 67 67 67 66 65 122 86 54 91 98 53 57 61 63 58 40
    64 17 107 78 123 34 106 126 97 45 76 34 14 52 23 107 56 97 112 127
    14 15 26 5 53 30 125 2 11 47 15 76 40 59 3 23 3 40 108 17 109 46 115
    42 1 60 81 118 104 83 123 19 34 29 67 67 67 68 68 69 68 67 67 68 68
    68 67 67 68 67 66 67 66 66 65 66 66 65 64 63 64 65 66 66 68 68 67 66
    68 68 67 66 64 65 65 65 65 65 64 63 63 63 64 62 61 62 63 65 64 64 63
    62 61 61 62 61 61 61 61 61 59 59 57 56 56 56 55 55 56 60 61 61 62 61
    60 61 61 62 63 65 64 65 65 65 66 66 66 65 66 66 68 68 67 66 64 65 64
    64 64 63 63 64 64 64 64 63 63 63 63 65 66 65 65 63 63 63 62 63 63 62
    62 61 61 62 59 59 60 60 62 62 63 62 62 61 60 60 61 61 60 61 62 61 61
    62 61 61 62 62 64 65 65 66 66 66 64 66 66 65 64 64 64 63 64 62 62 63
    62 63 64 66 64 64 66 67 67 68 68 67 68 69 68 68 68 66 65 114 98 45
    28 84 19 20 110 110 4 19 27 45 29 28 72 85 94 7 49 25 119 56 26 91
    106 17 15 126 59 65 65 67 70 40 14 67 87 85 101 96 120 121 5 121 23
    52 99 126 111 9 91 46 110 126 53 12 29 120 83 81 28 61 53 94 68 68
    67 68 68 70 68 67 67 68 67 67 66 67 67 66 66 66 65 65 64 65 65 64 63
    63 63 65 65 66 67 67 67 66 67 68 67 66 65 65 65 65 65 65 64 63 63 63
    64 63 63 64 64 65 65 64 63 63 62 62 62 62 60 60 61 61 58 59 57 57 57
    58 57 56 57 63 63 64 64 64 63 63 63 64 65 66 66 66 65 66 66 66 65 65
    66 66 66 67 67 66 65 65 64 64 64 63 63 65 65 64 65 63 64 64 64 66 66
    66 66 64 64 64 62 63 63 62 63 61 62 62 60 59 60 60 61 62 63 63 63 61
    61 60 61 60 60 61 62 61 61 62 61 60 61 61 63 63 64 65 65 65 64 64 64
    64 63 63 64 63 63 61 61 63 62 62 63 65 64 64 66 66 67 67 67 67 67 68
    67 67 66 65 64 39 38 43 84 116 52 118 88 49 67 103 23 88 25 93 97 35
    7 111 20 86 110 109 96 125 52 34 114 29 72 30 97 41 111 20 102 125
    70 45 86 78 123 98 48 81 45 80 102 49 123 52 115 83 26 68 20 14 3 45
    18 39 61 90 34 74 68 69 68 69 69 71 69 67 67 67 66 66 65 65 66 64 64
    65 64 64 63 64 64 63 63 62 63 64 64 66 67 66 66 65 66 67 67 66 65 65
    65 65 64 64 63 63 63 63 63 62 62 62 63 64 64 63 63 63 63 63 64 64 63
    63 63 63 61 62 60 60 60 60 60 60 60 62 62 63 64 63 62 63 63 64 66 66
    66 66 66 67 67 66 66 64 65 65 65 67 66 65 64 63 63 63 63 63 63 64 64
    64 64 63 64 64 63 65 66 66 66 64 64 64 62 64 63 62 63 62 62 62 60 59
    60 60 62 63 64 64 63 62 62 61 62 62 61 62 63 62 63 63 62 61 61 61 63
    63 64 64 64 64 63 63 63 62 62 62 62 62 62 59 60 61 61 61 62 64 63 63
    65 66 66 67 68 67 68 68 68 67 67 66 65 28 101 81 99 36 42 117 0 81
    52 47 32 32 125 42 49 77 18 35 123 4 111 20 90 71 90 81 52 47 21 106
    92 63 105 80 56 5 64 114 25 108 102 11 125 50 63 78 61 17 32 47 76 1
    1 54 24 73 114 85 38 23 3 49 80 69 67 67 66 67 67 69 68 66 66 66 65
    64 63 64 64 64 63 65 63 63 62 63 64 63 62 61 62 63 63 64 65 65 65 64
    65 65 66 64 64 64 65 64 64 64 63 63 63 63 63 63 62 62 64 64 64 63 63
    62 62 63 64 65 63 64 64 64 63 63 62 61 61 62 61 61 62 61 62 63 63 63
    63 63 63 65 66 66 66 66 66 67 67 66 66 65 66 66 66 67 66 65 65 64 64
    63 63 63 63 64 64 63 63 62 62 63 62 64 65 64 64 63 62 62 61 63 63 62
    64 62 62 62 60 59 60 60 63 64 65 65 64 63 63 61 62 62 62 63 64 63 63
    63 63 62 62 62 64 65 65 65 65 65 64 64 64 63 62 63 63 63 63 61 62 63
    63 63 63 65 64 64 66 67 68 67 68 67 68 68 68 67 67 66 65 29 98 77 62
    35 82 33 67 98 112 57 11 55 94 11 124 127 95 76 64 9 67 20 8 14 56
    25 61 76 13 13 3 35 41 58 76 86 47 110 39 49 115 45 108 85 19 26 69
    119 39 33 103 8 32 126 72 63 50 32 110 47 114 2 35 96 67 67 65 67 66
    68 67 65 65 65 64 64 63 63 64 64 64 65 64 64 63 64 64 64 63 62 62 63
    63 64 65 64 64 63 64 65 65 64 63 64 64 64 63 63 63 63 63 63 64 64 63
    63 65 65 65 64 64 64 64 64 64 65 64 65 64 64 63 63 62 62 62 63 63 62
    63 61 62 62 63 63 63 62 62 64 66 66 65 65 65 66 66 65 66 65 66 65 66
    67 67 66 65 64 65 65 64 64 65 65 64 64 64 63 63 63 62 64 66 64 64 63
    62 62 61 62 62 62 64 62 62 62 60 59 61 60 63 64 65 65 64 63 62 62 62
    62 62 63 63 62 63 63 63 62 62 62 64 65 65 66 66 66 66 66 65 65 63 63
    64 64 63 62 62 63 63 63 63 65 64 65 67 67 68 67 68 68 69 68 67 67 66
    65 64 58 72 127 113 54 37 49 112 80 112 77 119 81 100 16 40 46 77 19
    52 40 72 106 103 11 125 103 10 35 98 3 59 4 100 109 104 58 42 124
    101 22 101 56 121 71 126 26 35 43 41 101 37 115 101 26 2 110 81 84
    127 7 125 9 99 124 66 65 64 65 64 66 65 64 64 64 63 63 62 62 63 63
    63 64 63 63 62 63 63 62 63 62 61 61 62 63 64 63 63 62 63 64 64 63 63
    63 64 64 64 63 63 64 64 64 64 64 63 63 65 64 64 63 63 63 63 63 63 64
    63 64 63 64 63 62 62 62 63 63 63 62 63 64 64 64 64 64 64 64 63 66 67
    66 66 66 66 66 66 66 66 66 67 66 66 68 68 67 66 66 66 66 66 65 65 65
    65 64 64 63 62 62 61 63 64 63 62 62 61 62 61 62 63 62 63 62 62 61 60
    59 61 60 62 63 63 64 63 61 61 60 61 60 60 61 61 60 61 62 61 61 61 61
    63 64 64 65 66 66 66 66 65 65 63 64 64 64 63 61 61 62 61 62 62 63 63
    63 64 65 66 66 67 67 68 68 67 67 66 65 64 60 29 51 28 117 53 111 39
    50 118 90 125 47 65 106 64 106 0 125 94 44 5 70 48 113 103 80 57 7
    38 63 113 113 70 126 100 58 38 77 2 44 120 82 7 84 91 14 4 1 98 34
    23 34 82 16 123 83 18 88 8 15 20 79 122 19 66 65 64 65 64 66 65 65
    64 64 63 63 62 62 63 64 64 64 64 64 63 64 64 64 64 63 63 64 65 66 65
    64 65 64 65 65 65 64 64 64 64 64 63 62 62 62 62 61 62 62 61 62 63 62
    62 62 62 62 63 62 63 64 63 63 63 63 62 62 62 62 62 63 62 62 63 66 65
    65 65 66 65 65 65 66 67 67 66 66 67 66 66 67 67 67 67 66 66 67 68 67
    66 65 66 65 65 64 63 64 63 62 62 62 61 60 59 62 63 61 61 60 60 60 59
    61 61 60 62 61 61 61 59 59 60 60 61 62 62 63 62 61 62 61 62 62 61 62
    63 62 63 64 64 64 64 64 65 66 65 66 66 66 66 66 65 65 63 63 63 63 62
    60 60 62 61 61 61 63 63 63 64 65 66 66 67 67 69 69 68 67 67 66 65 45
    54 53 60 83 71 65 92 110 119 31 46 88 31 63 98 58 95 78 48 77 83 64
    76 61 28 36 29 110 20 109 33 39 91 80 3 101 51 99 11 78 59 81 84 93
    55 121 27 8 5 25 25 105 55 45 109 124 102 127 47 104 124 30 94 24 66
    66 65 65 64 66 65 65 65 64 63 63 61 61 62 63 62 63 63 63 63 64 63 63
    63 63 62 63 64 65 65 64 64 64 64 65 65 64 64 64 65 64 62 62 62 62 62
    62 62 63 62 62 64 62 62 63 63 64 64 64 65 65 64 64 63 64 62 63 63 63
    63 64 63 63 64 64 64 64 64 65 65 65 65 66 68 68 66 67 67 68 68 69 69
    68 68 67 66 68 68 67 66 65 66 65 64 64 63 63 62 61 61 61 60 59 58 61
    62 61 61 60 59 59 59 61 61 61 62 61 60 61 59 58 59 58 60 61 61 61 61
    60 61 61 61 61 60 61 61 61 62 64 64 64 64 63 64 64 63 64 64 66 65 65
    64 63 61 62 62 62 61 60 60 61 60 61 61 63 63 63 64 65 66 66 67 67 69
    70 69 68 67 66 65 120 102 24 62 12 7 31 115 104 32 108 55 67 93 28
    87 97 38 27 66 114 65 16 111 96 85 80 60 58 49 0 12 51 29 0 50 96 55
    27 35 26 103 23 109 70 113 91 52 106 122 0 127 39 9 8 68 94 11 64
    117 123 26 32 115 112 67 67 66 67 66 68 67 67 66 65 64 63 62 62 63
    64 63 63 63 63 63 64 63 63 64 63 63 64 65 65 64 64 64 64 64 64 64 64
    64 64 64 63 62 62 62 62 62 62 63 63 62 63 64 63 63 64 64 65 64 64 65
    66 65 66 65 65 64 64 65 65 64 65 65 64 65 64 63 63 63 64 64 65 64 66
    67 67 66 67 67 68 68 69 69 67 67 66 65 66 66 66 65 65 66 65 64 64 63
    63 63 63 62 62 62 60 59 61 62 61 61 60 59 59 59 61 61 61 62 61 61 61
    60 59 59 58 59 59 60 60 60 59 61 61 61 62 60 60 61 62 63 65 65 65 65
    64 64 64 63 64 64 66 65 65 63 63 61 62 61 61 61 59 59 59 59 59 59 61
    61 62 63 63 64 64 65 66 68 69 67 67 67 66 65 66 67 67 67 66 67 67 67
    67 67 67 67 66 67 67 65 64 65 65 65 65 64 63 62 61 62 63 64 64 65 65
    67 66 65 66 65 66 67 69 68 67 66 67 66 66 66 64 64 63 62 62 63 62 62
    62 62 63 62 63 63 64 66 67 67 66 66 65 65 66 66 67 66 66 66 65 65 64
    63 63 64 64 64 64 63 64 64 64 64 63 64 63 63 63 64 65 64 64 65 64 64
    65 65 64 64 64 65 64 63 62 62 63 62 62 62 63 62 62 64 63 63 64 64 65
    64 64 65 66 65 66 65 64 63 64 65 64 62 64 63 64 64 64 64 64 64 64 65
    65 65 66 67 67 66 66 66 67 67 69 69 68 68 66 65 67 67 67 66 66 67 66
    65 65 64 64 63 63 62 62 61 59 58 60 61 60 59 59 58 58 58 60 61 60 61
    61 61 62 61 60 60 59 60 60 61 61 61 61 62 62 62 62 60 60 61 61 63 64
    64 64 63 62 62 62 62 62 62 65 64 64 63 63 61 62 61 61 62 60 59 60 59
    59 59 61 61 62 63 63 64 63 65 65 68 69 68 68 67 66 65 66 67 67 68 67
    68 67 67 66 67 67 66 66 67 67 64 63 64 64 65 64 63 63 61 61 62 63 64
    63 64 65 67 66 66 65 65 66 66 67 67 65 64 65 64 64 64 62 61 60 60 61
    62 62 61 62 62 63 62 64 63 64 66 67 66 65 64 64 64 65 64 66 64 64 64
    63 63 63 62 62 63 64 63 63 62 63 64 64 65 63 64 63 62 63 65 65 64 64
    65 64 64 65 65 64 64 65 65 65 63 63 63 63 62 62 62 63 62 63 64 63 63
    65 64 65 65 65 66 67 66 67 65 65 64 64 65 65 63 64 64 64 64 64 63 64
    64 64 65 66 64 66 66 66 67 66 66 67 67 69 69 68 67 66 65 66 66 66 66
    65 66 65 64 64 63 63 63 62 62 62 61 60 58 60 61 60 60 60 59 59 59 61
    62 61 62 62 62 63 62 61 61 60 61 62 63 63 63 63 64 64 64 64 61 62 62
    63 64 65 65 64 63 62 61 61 60 61 62 64 64 63 62 62 61 61 61 61 62 61
    60 61 60 60 60 61 61 62 62 63 63 63 64 64 67 68 67 67 66 66 64 66 67
    67 68 67 69 68 67 67 67 67 67 66 67 67 64 63 63 63 64 63 62 62 61 60
    61 63 64 63 64 65 67 67 66 66 66 66 66 67 67 65 64 65 65 64 64 62 61
    60 60 60 62 62 62 62 62 63 63 64 64 64 66 68 67 66 65 65 64 65 64 66
    64 64 64 63 63 62 61 62 63 63 63 63 63 63 64 64 65 64 65 64 62 64 66
    66 65 64 65 64 64 64 64 64 64 64 65 65 63 62 62 62 62 61 62 63 62 63
    64 64 64 64 64 65 66 66 67 68 68 68 66 66 65 66 67 66 65 66 66 66 66
    65 64 64 64 65 66 66 66 68 67 68 68 68 67 68 68 69 68 67 67 65 64 65
    65 65 64 64 65 64 63 63 62 62 62 61 61 62 60 59 58 60 61 60 60 60 58
    58 58 60 61 61 62 62 62 63 62 62 62 61 61 62 63 64 64 64 66 65 65 65
    62 62 62 63 64 65 65 64 62 61 61 61 60 61 61 64 65 64 63 63 61 62 61
    63 63 62 61 61 60 60 60 61 61 61 62 62 62 62 62 63 65 66 65 65 65 65
    64 65 67 66 68 67 68 68 67 66 66 66 66 65 66 65 63 62 63 63 64 63 62
    62 61 61 62 64 65 64 65 66 67 67 67 66 66 66 66 67 67 65 63 64 65 64
    64 62 62 60 60 60 62 62 61 61 61 63 62 62 62 63 65 67 66 65 65 64 64
    64 64 65 64 64 64 63 62 61 60 60 62 62 61 62 62 63 63 64 65 64 65 64
    63 65 66 66 65 64 65 63 63 63 63 62 63 64 64 64 62 61 63 63 63 63 63
    64 64 64 65 64 64 65 65 66 66 66 67 68 68 69 67 67 66 67 68 67 66 68
    68 68 67 64 63 64 64 65 67 67 66 67 67 68 68 68 68 69 68 69 69 68 67
    65 64 65 65 65 65 64 65 65 64 64 64 63 63 62 62 63 62 61 60 61 62 61
    61 61 60 60 60 61 63 63 64 63 64 64 63 63 63 62 62 63 64 65 65 65 66
    66 66 66 64 63 64 64 65 66 66 66 64 62 62 62 61 62 62 65 66 65 64 64
    62 63 63 64 65 64 63 64 62 62 62 62 62 62 63 63 63 62 63 63 65 66 65
    65 64 64 63 65 67 66 68 67 68 68 67 66 67 67 67 66 67 66 64 63 64 64
    65 64 64 63 62 63 64 66 66 64 66 67 68 67 67 66 66 66 66 67 66 64 63
    64 64 63 63 62 62 61 60 59 62 61 61 60 61 62 61 61 61 62 64 65 64 63
    63 63 63 63 63 64 63 63 63 62 61 60 59 59 62 62 60 61 62 62 64 64 65
    64 66 65 64 65 67 66 64 64 65 63 63 63 63 63 63 63 64 64 62 61 62 63
    64 63 63 65 64 65 66 65 65 65 65 67 67 67 67 68 68 69 67 66 65 66 67
    66 65 67 67 67 66 67 66 67 67 67 69 69 67 69 68 68 69 68 69 69 69 70
    70 69 69 68 67 68 68 68 67 66 68 67 66 66 65 64 63 61 61 62 61 60 59
    59 60 60 60 60 59 60 60 62 64 63 64 63 64 64 64 64 64 63 63 63 64 65
    65 65 67 67 67 67 65 64 65 65 67 68 68 67 66 64 63 63 62 63 63 66 67
    65 65 64 62 63 63 64 66 65 65 65 64 64 63 63 63 63 63 64 64 63 63 64
    66 65 65 65 65 64 63 65 66 66 67 66 67 67 66 65 65 65 65 64 65 65 63
    62 64 63 65 64 63 63 63 63 63 65 65 63 64 66 66 65 66 65 65 65 64 66
    65 63 63 64 65 64 64 63 62 61 60 60 62 62 62 62 62 62 61 62 61 62 64
    65 64 63 63 62 63 63 63 64 63 63 63 61 60 59 58 58 61 61 59 59 60 61
    62 63 64 63 65 65 64 66 68 66 65 65 66 65 64 64 64 63 64 64 65 65 63
    61 63 64 64 63 64 66 65 67 67 66 66 67 68 68 69 69 68 69 70 70 68 68
    66 67 67 67 65 66 67 67 66 64 63 64 65 65 67 67 65 67 66 66 67 66 67
    68 68 69 69 69 69 67 66 67 67 67 67 66 68 67 65 65 64 64 62 61 61 62
    61 60 59 59 60 60 60 61 60 61 61 64 66 65 66 65 66 66 65 65 65 64 64
    64 64 64 64 65 67 66 66 66 64 64 64 65 67 67 68 67 66 65 64 64 63 64
    65 67 68 66 66 65 64 65 65 66 67 65 65 65 64 64 63 63 63 63 63 64 64
    64 64 64 66 66 66 66 65 65 64 65 66 65 66 66 66 66 65 64 65 65 64 63
    65 65 63 62 63 63 64 64 63 63 62 63 63 65 65 63 64 66 66 66 66 65 65
    65 64 65 64 63 63 65 66 66 65 64 63 62 61 61 63 63 62 62 62 62 61 61
    61 62 64 64 64 63 62 62 62 63 62 63 61 62 62 60 59 58 57 58 60 60 59
    59 59 60 62 63 65 64 65 64 64 65 66 65 64 63 65 64 64 64 63 62 64 64
    65 65 64 63 65 67 67 66 66 68 68 69 69 68 67 68 68 69 69 69 68 69 69
    69 67 66 65 65 66 66 64 65 65 65 64 62 61 62 62 63 65 65 64 66 65 66
    67 66 67 68 68 69 68 68 68 66 66 67 66 66 66 65 67 66 64 64 63 63 61
    60 59 60 60 59 58 58 59 59 59 60 59 60 60 63 64 64 65 65 65 66 65 65
    64 64 63 63 63 64 64 64 66 66 65 65 63 63 63 64 65 66 68 67 66 64 63
    62 61 63 63 65 66 65 64 64 63 63 63 64 66 64 64 64 64 63 63 63 63 63
    63 63 63 63 63 64 66 66 66 66 65 65 64 65 66 65 65 65 65 65 64 63 64
    64 63 62 63 63 62 61 63 63 63 63 63 63 62 63 64 66 66 64 66 67 68 68
    68 67 67 67 66 67 65 64 64 65 66 66 65 64 64 62 60 60 63 62 61 62 62
    61 60 59 60 61 63 63 63 63 62 61 62 62 62 63 62 62 63 62 60 60 58 58
    61 61 60 60 61 62 63 65 66 65 66 65 65 66 67 65 64 63 64 63 63 63 61
    61 62 63 64 65 65 64 65 67 67 66 67 69 68 69 70 69 69 69 69 69 69 69
    69 69 70 70 67 66 65 64 65 64 61 62 63 63 62 60 59 59 60 61 62 62 62
    64 64 65 66 65 67 68 68 69 69 69 69 68 67 67 66 67 66 66 67 67 65 64
    63 64 62 60 60 61 60 59 58 58 59 59 58 60 59 60 60 63 64 64 65 64 65
    66 65 65 64 63 62 62 62 62 63 63 65 65 65 65 64 63 64 65 66 68 69 69
    67 65 64 63 62 63 63 65 66 64 64 64 63 63 63 64 65 64 65 64 64 64 64
    65 64 64 64 64 64 64 64 65 67 67 68 67 67 67 65 66 67 66 67 67 67 66
    65 64 64 63 62 61 63 63 62 61 63 63 64 63 63 63 62 64 64 65 66 63 65
    66 67 66 66 65 66 66 66 67 65 64 64 65 66 66 65 64 64 62 60 60 62 62
    61 61 62 61 60 60 60 61 63 62 63 63 63 62 62 63 63 63 63 63 64 63 62
    61 60 61 62 62 62 62 62 63 64 66 67 66 67 66 66 67 68 66 65 64 65 64
    63 63 62 61 62 63 64 65 64 63 64 65 66 65 66 67 67 68 68 68 67 68 67
    68 68 67 66 66 67 67 65 64 64 64 64 64 62 63 63 64 63 61 60 61 61 62
    63 63 63 65 64 64 65 65 67 68 68 69 68 68 68 67 67 67 66 66 66 66 67
    66 64 64 63 63 62 60 60 61 60 59 58 58 58 59 59 61 59 61 60 62 64 64
    65 64 65 66 65 65 63 63 62 61 62 62 63 63 64 64 64 64 63 63 63 65 65
    67 68 68 66 64 64 63 62 64 64 65 66 65 65 65 63 63 64 65 66 65 65 65
    65 65 65 66 65 64 64 65 64 64 64 64 67 67 67 67 67 67 65 66 67 66 67
    67 67 66 65 64 64 63 61 60 61 61 61 61 62 61 62 62 62 62 61 62 63 65
    65 63 63 64 64 65 65 64 65 64 64 65 63 61 61 63 64 65 64 62 63 61 60
    59 62 62 61 62 63 63 61 61 61 62 64 64 64 64 65 64 64 64 64 64 64 64
    65 64 62 62 60 61 63 63 62 62 63 64 65 67 67 66 67 67 67 68 69 67 65
    65 66 65 64 64 63 63 63 64 65 65 64 63 64 65 66 65 66 67 67 68 68 68
    67 68 67 68 68 67 66 66 67 67 65 64 63 64 64 64 62 63 64 64 63 63 61
    62 62 62 64 64 63 65 64 65 66 65 67 68 67 69 67 67 67 66 66 66 65 65
    64 65 66 65 63 64 63 64 63 61 61 62 62 61 60 60 60 60 60 62 61 61 61
    63 65 65 65 65 65 66 66 66 64 63 62 62 62 62 64 64 65 65 65 65 63 63
    63 65 66 67 68 68 66 64 63 61 61 63 62 64 65 64 63 64 63 63 63 64 65
    65 65 64 64 65 65 66 65 64 64 64 63 63 63 64 66 66 67 67 67 66 65 65
    67 66 67 68 67 67 65 64 65 64 62 60 62 62 62 61 62 62 62 62 62 62 61
    62 63 65 65 63 63 64 64 64 64 64 64 63 63 64 62 60 60 62 63 64 63 61
    62 60 60 59 62 62 61 62 63 62 61 61 61 62 63 64 64 63 64 63 64 64 64
    64 63 64 65 64 62 62 60 61 63 63 62 61 62 63 64 66 66 65 66 66 66 67
    67 66 65 65 66 64 64 64 62 62 62 64 64 64 64 63 64 65 66 65 66 67 67
    68 68 67 66 67 67 67 67 66 65 64 65 65 64 63 62 63 63 62 60 61 62 63
    62 64 62 63 63 63 64 65 64 65 65 66 66 66 68 68 68 69 67 67 67 66 66
    65 64 64 63 64 65 63 62 63 62 63 62 61 61 62 62 61 61 61 60 61 62 63
    61 62 62 63 65 65 65 65 65 66 66 66 64 63 62 62 62 62 64 64 66 65 65
    65 64 63 64 66 67 68 69 68 67 64 63 62 62 63 62 64 65 64 63 64 63 63
    63 64 66 65 65 65 65 66 66 67 66 65 64 64 63 63 63 64 65 66 66 66 66
    66 65 66 68 67 67 68 68 68 66 65 65 65 63 61 62 63 62 61 62 62 62 62
    62 63 62 63 64 66 65 63 63 64 64 64 64 63 64 63 62 63 61 59 60 61 62
    63 62 61 61 60 59 59 61 61 61 61 62 60 60 60 61 62 64 64 64 64 65 64
    65 65 66 66 66 66 66 66 63 63 60 61 63 62 61 61 62 63 64 66 66 65 65
    66 67 67 67 66 65 65 65 64 64 64 62 62 62 63 64 63 63 63 63 64 65 65
    65 66 67 68 68 67 67 68 68 68 67 67 67 66 67 66 65 64 63 64 64 64 62
    62 63 64 64 63 62 62 62 63 64 65 64 65 65 66 66 66 67 68 67 68 66 66
    65 65 65 64 63 62 62 63 64 62 61 62 61 62 62 60 60 61 61 61 61 61 60
    61 61 62 61 62 62 63 65 65 65 64 64 65 65 65 63 62 61 61 61 62 63 64
    65 65 65 65 64 64 64 66 67 68 68 68 66 64 63 61 62 62 61 63 63 62 62
    62 62 62 62 63 65 64 65 64 65 66 66 66 66 64 64 65 64 63 63 63 65 64
    65 65 65 65 65 65 67 65 66 67 67 67 65 64 64 64 62 61 62 62 62 61 62
    62 62 63 62 63 62 64 65 66 65 62 62 63 63 63 64 63 64 63 63 62 61 59
    60 61 63 63 62 60 61 59 58 57 59 59 59 59 59 58 58 58 59 60 62 62 63
    63 65 64 64 65 66 66 65 65 66 66 63 63 61 62 64 62 62 62 63 63 64 66
    67 65 65 65 66 67 66 65 64 63 64 63 62 62 60 60 60 61 61 61 62 62 63
    64 66 65 66 67 67 69 68 68 67 69 68 68 67 67 66 65 66 66 65 64 63 64
    65 65 64 64 65 65 64 63 62 62 62 62 63 64 63 65 65 66 66 66 67 68 67
    67 66 66 66 65 65 64 63 62 61 63 63 63 61 62 62 63 62 61 61 62 62 62
    62 62 62 62 62 63 62 63 63 65 66 66 65 65 65 65 66 65 63 63 62 62 62
    63 63 64 65 64 64 64 63 63 65 66 66 67 68 67 66 64 63 61 63 62 62 63
    63 61 61 62 61 61 62 63 65 64 65 64 65 66 66 67 66 65 64 64 63 62 62
    62 63 63 64 63 64 64 64 64 66 65 66 67 66 66 64 64 64 64 62 61 61 61
    61 60 61 61 61 62 62 62 62 63 64 65 64 62 63 64 65 64 65 64 65 64 63
    63 63 61 61 62 63 63 63 60 61 60 59 57 59 59 59 58 59 58 58 59 59 60
    62 62 61 62 64 63 64 64 65 66 65 65 66 66 64 64 62 63 65 63 62 62 63
    63 64 66 67 66 66 66 67 67 68 66 65 66 66 65 64 63 61 60 61 62 62 62
    62 62 62 63 65 65 65 66 67 68 68 68 67 68 67 67 67 67 66 64 65 66 64
    64 64 65 65 65 64 64 66 66 65 64 64 64 64 64 64 65 64 66 65 66 66 66
    67 67 66 66 64 64 64 64 63 63 62 61 61 63 63 63 62 63 62 64 64 62 63
    64 63 63 63 63 62 63 63 64 62 64 63 65 65 65 65 66 66 66 66 66 64 63
    62 63 63 64 64 65 65 64 65 65 64 64 65 66 67 68 68 67 66 64 63 63 63
    63 62 63 63 62 62 62 62 62 62 64 65 64 65 64 66 66 66 67 65 64 64 64
    62 62 61 62 62 62 63 63 63 64 64 64 66 65 66 67 67 66 64 64 64 63 61
    60 61 59 60 59 60 60 61 61 61 62 61 63 64 65 64 62 63 65 65 65 65 64
    65 64 63 64 63 61 61 62 63 63 62 61 62 61 59 58 59 59 58 58 59 58 58
    58 59 60 61 61 61 62 64 64 64 64 66 65 66 65 66 65 64 64 62 62 63 62
    61 61 63 62 64 64 66 65 65 65 66 66 66 66 65 65 65 64 63 63 61 60 61
    61 61 61 62 62 61 62 65 64 64 66 67 68 68 68 67 68 67 67 67 66 66 64
    65 66 64 63 62 63 63 63 62 62 63 63 63 64 64 64 64 64 64 65 64 65 65
    66 65 65 66 66 66 65 63 63 63 63 63 63 62 61 61 62 63 62 61 61 61 62
    62 61 61 62 61 61 62 61 61 61 62 63 62 63 63 64 65 65 64 66 66 66 65
    65 63 63 62 62 63 64 65 66 66 65 65 64 64 65 66 66 67 68 68 67 66 64
    63 63 64 64 63 64 64 63 64 64 63 63 64 65 65 65 66 65 66 67 67 67 66
    65 64 64 62 62 61 62 62 61 63 62 62 62 62 63 64 63 64 65 64 64 62 62
    62 60 59 58 59 58 58 58 59 59 59 59 60 60 59 61 63 64 64 62 63 64 64
    64 65 64 64 64 63 64 63 61 61 61 63 63 62 61 62 61 60 59 59 60 59 58
    59 59 59 58 59 60 61 61 61 61 63 63 64 64 65 66 65 65 66 65 64 64 62
    62 64 63 62 62 64 63 64 65 66 66 66 67 67 67 67 66 65 65 65 64 63 62
    61 60 60 61 60 60 61 61 61 63 65 65 64 67 68 69 70 69 68 68 68 67 67
    67 67 65 66 66 64 64 63 63 64 65 64 64 65 65 65 66 66 66 65 66 66 66
    65 66 66 67 66 65 66 66 65 64 62 62 62 61 61 61 60 59 59 61 61 60 59
    61 60 62 62 60 61 62 62 62 63 62 61 62 63 64 64 65 64 64 66 65 65 66
    66 64 64 64 62 62 60 60 60 62 63 64 64 64 63 63 64 64 65 66 66 68 68
    67 66 65 64 63 64 63 63 63 63 63 63 63 63 62 64 65 65 64 65 64 66 66
    67 66 65 64 64 64 63 62 62 62 61 61 62 62 62 62 62 62 63 62 62 63 63
    62 61 61 60 60 59 58 59 58 58 59 59 59 59 60 60 59 59 61 62 63 63 61
    62 63 62 63 64 63 63 63 63 64 63 61 62 62 64 64 63 62 63 63 62 61 61
    62 61 60 60 60 60 59 61 61 63 62 62 62 64 64 64 64 66 66 65 65 66 65
    63 63 61 62 63 62 61 61 63 62 62 63 64 64 64 65 66 65 65 65 64 64 64
    63 62 61 60 59 59 59 59 59 60 60 60 61 63 63 63 66 67 68 68 68 67 67
    67 67 66 66 65 63 65 65 63 63 63 64 64 65 65 65 66 65 65 67 66 66 65
    65 65 65 66 66 66 67 66 66 67 65 64 64 61 62 62 62 62 61 61 60 59 61
    61 60 60 62 61 64 63 62 63 63 63 63 64 63 62 63 64 65 64 65 64 65 66
    66 65 65 65 64 64 64 61 61 60 60 60 61 62 63 63 63 63 63 64 64 65 66
    66 67 67 67 66 65 65 64 65 64 63 64 64 63 63 64 63 63 64 64 64 64 65
    64 66 67 67 67 66 65 65 65 63 63 63 63 62 62 63 62 61 61 61 61 62 61
    61 63 62 61 61 61 60 59 58 58 59 59 59 59 60 60 60 60 61 60 60 61 62
    62 62 60 61 62 62 62 62 61 62 62 62 63 62 60 61 61 63 63 63 61 63 64
    62 62 61 62 61 60 61 60 61 60 61 61 62 61 60 61 63 63 64 63 65 64 64
    64 65 64 62 63 61 61 62 61 60 61 62 62 62 63 64 64 65 65 66 66 66 65
    64 64 63 63 62 61 59 58 59 59 58 57 59 60 59 61 62 62 62 65 66 68 68
    67 67 67 67 66 66 65 65 64 65 65 64 63 63 63 63 63 64 63 64 64 64 67
    66 66 65 65 65 65 65 65 65 66 66 65 65 64 63 63 61 62 61 61 61 61 61
    60 59 61 61 61 61 62 61 63 62 61 62 62 62 63 63 63 62 63 63 64 64 65
    64 65 66 66 65 65 64 64 63 63 61 60 59 59 59 60 61 61 62 62 62 63 63
    64 64 66 66 67 67 67 67 66 66 65 66 65 65 65 65 64 64 64 64 64 65 64
    64 63 65 64 65 66 67 66 66 65 65 65 64 64 64 64 64 63 64 64 62 62 62
    62 62 61 61 62 62 61 61 61 61 60 58 59 60 60 60 60 61 61 61 61 61 60
    60 61 63 63 62 60 61 62 62 62 62 61 61 61 62 62 61 60 60 61 62 62 62
    60 62 63 62 62 61 61 61 60 61 61 61 60 61 62 63 62 61 62 63 64 64 63
    64 64 64 63 64 63 62 63 62 62 63 62 62 63 64 63 64 65 65 65 66 66 67
    66 66 66 64 64 63 63 61 61 59 59 59 59 58 57 59 60 59 61 62 62 62 65
    66 68 67 66 66 66 66 66 66 66 65 65 65 65 64 63 63 63 64 64 64 63 64
    64 65 68 68 68 65 65 64 64 65 65 65 66 65 65 64 63 63 62 60 61 61 61
    61 61 60 59 58 61 60 60 60 60 60 62 61 60 61 62 61 62 63 63 61 62 63
    65 64 65 65 66 66 66 65 65 65 64 64 64 61 60 59 59 59 59 61 61 61 61
    61 62 62 63 64 66 66 66 66 66 66 65 65 64 66 66 65 65 64 63 63 64 64
    64 64 64 63 63 64 63 65 65 66 65 65 64 64 64 62 63 63 63 63 62 63 63
    62 62 62 61 62 61 60 62 61 60 61 61 60 59 58 58 59 58 59 59 60 60 61
    61 61 60 60 61 63 63 63 61 61 62 62 63 62 61 60 61 61 61 60 59 60 60
    62 62 61 60 61 62 62 62 61 61 61 61 61 61 62 61 61 62 63 62 61 62 63
    63 64 63 64 64 64 63 64 64 63 64 63 63 64 64 64 64 65 64 64 65 66 65
    65 65 66 65 65 65 63 63 62 62 60 60 59 58 58 59 58 57 59 60 59 60 61
    62 62 65 66 67 67 66 66 67 67 67 66 66 66 65 66 66 65 64 64 65 66 65
    65 65 65 66 66 68 67 67 65 65 64 63 64 65 65 65 65 65 64 62 63 62 60
    61 61 62 61 61 60 59 58 60 60 59 59 60 60 62 62 61 61 62 62 62 63 63
    62 63 64 66 65 66 65 66 66 66 65 66 65 64 64 64 61 60 59 60 59 60 61
    61 61 60 60 61 62 62 63 64 64 65 65 64 64 64 64 64 66 66 65 65 65 64
    63 64 64 64 64 64 63 63 64 63 63 64 64 64 64 64 63 63 62 62 62 63 62
    62 63 63 62 62 62 62 63 62 62 63 63 62 63 63 62 61 60 60 60 59 59 60
    60 60 61 61 61 60 60 61 63 63 63 61 62 63 63 64 63 62 61 61 62 62 60
    59 60 60 61 62 61 60 61 61 61 61 60 60 61 60 61 61 62 61 61 62 62 61
    61 62 63 63 64 63 64 64 64 63 64 64 63 64 63 63 63 64 64 65 66 64 64
    65 66 66 66 66 66 66 66 66 64 64 62 61 60 60 59 58 59 59 59 58 59 59
    59 59 61 61 62 64 64 65 65 64 64 65 65 64 64 63 63 64 64 64 64 63 64
    64 65 65 65 65 65 66 67 69 68 68 66 65 64 64 64 65 66 66 65 65 64 63
    62 62 59 61 61 62 61 62 61 60 59 61 60 59 59 60 60 62 62 62 62 63 62
    62 63 63 62 63 65 66 65 66 66 65 65 65 64 64 64 63 63 63 60 59 57 58
    58 58 59 60 59 60 60 61 61 61 62 63 63 64 64 63 64 64 64 63 65 65 64
    64 64 63 63 64 64 64 64 64 62 62 64 63 63 63 63 63 63 62 61 61 59 59
    60 60 60 60 60 61 60 61 61 62 63 61 61 63 63 63 63 63 63 61 61 60 61
    60 60 60 61 61 61 61 61 60 59 61 63 62 63 61 62 62 63 63 63 62 61 62
    62 62 61 60 60 60 61 62 62 60 62 62 62 62 60 60 61 59 60 60 61 60 60
    60 60 59 59 60 62 62 62 61 63 64 64 63 64 64 64 65 64 64 65 65 65 66
    68 66 66 67 68 68 67 67 68 67 68 68 66 65 64 62 61 60 59 58 59 60 58
    57 58 58 57 58 59 59 60 62 63 64 64 63 63 63 64 63 63 62 62 62 63 63
    63 63 63 64 66 65 66 66 66 67 67 69 68 68 66 65 63 63 64 65 66 66 65
    65 65 63 62 63 61 62 61 62 62 62 62 61 60 62 60 60 61 62 61 63 63 63
    63 63 62 62 63 64 63 64 65 66 65 66 65 65 65 65 63 64 63 62 61 61 59
    58 57 58 58 57 58 59 59 59 60 61 61 62 63 63 63 64 63 62 64 64 64 64
    65 65 65 66 65 64 64 65 65 65 65 64 63 62 64 63 63 63 63 62 63 62 62
    62 61 61 61 61 61 60 60 61 60 61 61 61 62 61 61 62 63 63 63 63 63 62
    62 62 63 61 61 61 61 61 61 61 61 60 60 61 63 62 62 60 61 62 62 62 62
    61 60 61 61 61 60 58 59 59 61 61 61 59 61 61 61 62 60 60 61 60 61 61
    62 60 60 61 61 60 60 60 61 61 62 60 62 61 62 61 61 62 62 63 62 63 63
    63 63 64 66 64 65 65 66 67 66 66 66 66 66 67 65 65 64 62 61 60 59 58
    58 59 58 56 56 57 57 58 58 58 59 60 61 62 61 61 61 61 62 62 61 61 61
    62 62 63 64 64 64 65 67 66 68 68 68 69 70 69 69 69 67 67 65 65 66 65
    66 66 65 65 64 62 62 62 60 61 60 61 61 61 62 60 59 61 60 59 60 61 60
    62 62 63 62 63 62 61 63 63 62 63 65 66 65 65 65 65 64 65 63 63 63 62
    62 62 60 59 58 58 59 59 59 60 60 60 60 62 62 62 63 64 64 64 64 63 64
    64 65 64 65 66 65 66 65 64 64 64 64 64 64 63 62 61 62 63 62 62 61 61
    61 61 60 61 59 59 60 59 59 58 58 59 58 59 59 60 61 60 60 62 62 63 64
    63 64 63 63 63 64 63 62 62 62 61 61 61 60 59 60 61 63 61 62 60 61 63
    63 64 64 63 63 63 63 63 62 60 60 60 62 62 62 60 61 61 62 62 61 61 62
    60 61 60 61 60 60 60 60 59 59 59 60 61 61 59 61 61 62 62 61 61 62 63
    62 62 63 63 63 64 66 64 64 65 65 66 66 65 65 65 66 65 63 63 62 61 60
    59 58 58 58 58 57 56 56 58 58 58 59 59 60 62 63 65 64 63 64 64 65 65
    64 63 64 65 65 65 66 65 65 67 68 67 69 70 69 69 70 68 68 68 66 66 64
    63 64 64 66 65 65 65 64 62 62 62 61 62 61 62 62 62 62 61 60 61 60 59
    61 61 61 63 62 63 62 63 63 62 64 65 63 64 66 66 66 66 66 66 66 66 64
    64 63 63 62 63 61 60 59 60 59 59 59 59 60 61 61 62 63 63 64 64 64 65
    64 63 65 65 65 65 65 65 65 65 65 63 63 63 63 63 64 62 61 60 62 62 62
    62 61 61 61 60 60 61 59 59 59 59 59 58 58 59 57 59 60 60 61 60 60 62
    63 64 65 64 64 64 65 65 65 65 63 64 64 63 63 63 62 61 61 62 63 61 61
    60 61 62 63 63 63 62 62 63 63 63 63 61 62 62 62 62 61 60 61 61 61 61
    59 59 60 58 59 58 59 58 59 59 59 59 59 59 60 61 61 59 61 61 62 62 61
    62 62 64 62 63 64 64 64 65 67 65 65 66 66 67 67 66 66 66 66 66 64 63
    62 60 59 58 57 57 57 57 56 55 56 58 57 58 59 59 59 62 63 65 64 63 64
    64 64 64 63 63 63 64 64 65 65 65 64 66 66 66 68 68 68 68 68 68 68 68
    67 67 65 64 64 64 65 65 64 65 64 62 63 62 61 62 61 62 62 63 63 61 61
    61 60 60 61 61 61 62 62 62 61 62 62 61 63 63 62 64 65 66 65 65 65 65
    65 66 63 64 63 62 61 61 60 60 58 58 58 58 58 58 58 59 59 60 60 61 62
    61 62 63 63 62 64 64 65 65 66 65 65 65 65 64 63 64 63 63 64 62 61 60
    61 62 61 61 61 61 61 60 60 61 59 58 59 59 59 59 59 59 58 60 60 60 61
    60 60 62 62 63 64 63 63 63 64 65 65 64 63 63 64 64 63 63 63 62 63 64
    65 63 63 62 63 64 65 65 65 64 63 64 64 64 64 63 63 64 64 63 63 61 63
    62 62 62 60 59 60 58 58 57 58 58 58 59 59 59 59 59 60 60 61 58 61 61
    62 61 60 61 61 62 61 62 63 64 64 65 67 65 65 65 66 67 67 66 66 66 66
    66 64 63 62 61 61 59 59 58 58 58 57 56 57 58 57 58 59 59 59 61 63 64
    63 63 64 63 64 64 63 63 64 65 65 66 66 66 65 67 68 67 70 70 69 69 70
    67 68 68 67 67 64 63 63 64 65 64 64 63 63 62 63 62 61 62 61 62 63 63
    64 62 62 62 62 61 62 62 62 63 63 63 62 63 62 61 63 63 62 63 64 65 65
    65 64 65 64 65 63 62 62 61 61 61 60 59 58 57 57 57 57 57 57 58 59 60
    61 61 62 62 62 63 63 63 64 65 66 66 66 66 66 67 65 64 63 63 62 63 64
    62 60 59 60 60 60 59 59 60 60 59 60 61 59 58 59 59 60 59 59 60 59 60
    60 61 62 61 61 62 63 63 65 64 64 63 64 65 65 64 64 64 64 64 64 64 64
    63 63 64 65 62 63 61 63 64 65 65 65 64 63 63 63 64 63 63 63 63 64 63
    63 62 63 62 62 63 61 60 61 60 59 59 59 58 58 59 59 59 58 58 59 59 60
    57 59 60 61 60 59 60 60 62 62 62 64 64 64 65 68 65 65 66 66 67 67 66
    65 65 65 65 64 63 63 61 60 59 58 58 58 57 57 56 57 58 57 58 58 58 59
    61 63 64 63 64 64 64 65 65 64 64 64 65 65 66 66 66 65 67 67 67 69 69
    68 68 69 69 69 69 67 67 65 63 64 63 64 63 62 63 62 61 62 62 60 61 61
    62 63 63 63 62 62 62 61 60 61 61 62 63 62 63 62 63 63 62 63 63 63 64
    65 66 65 65 64 65 64 65 63 62 62 61 61 61 61 60 59 58 58 58 57 57 58
    59 59 61 61 61 62 61 62 63 63 63 65 66 67 67 68 68 67 68 67 65 65 65
    64 64 64 62 60 60 60 60 60 59 59 59 59 60 60 61 60 59 60 60 60 61 61
    61 61 61 61 62 63 61 61 62 63 63 65 64 63 62 64 64 64 63 63 63 64 64
    64 64 64 63 64 64 65 62 63 61 63 63 64 63 63 62 61 62 62 63 63 63 63
    64 64 64 64 63 64 63 64 64 62 62 62 61 61 60 60 60 60 60 61 60 60 59
    60 61 61 58 60 60 61 61 60 60 60 62 61 62 63 64 64 65 67 65 64 64 64
    65 66 65 64 64 64 64 63 63 61 60 60 60 59 59 59 59 58 57 58 59 58 59
    58 59 60 62 63 64 63 63 64 63 65 65 64 64 64 65 66 66 66 66 65 67 67
    66 68 68 67 67 68 69 69 69 68 68 67 65 65 65 65 64 64 64 63 62 63 63
    61 62 61 62 62 63 63 62 63 62 61 60 60 61 61 62 62 62 61 62 62 61 62
    62 61 62 64 65 64 64 64 64 63 64 62 61 62 61 61 61 61 60 59 58 58 57
    58 58 59 60 60 61 60 61 61 61 61 62 62 62 64 65 66 66 67 68 67 68 66
    66 65 65 64 65 65 63 61 60 61 61 61 60 60 60 60 60 61 62 61 60 61 61
    60 61 61 61 61 61 62 62 63 62 62 63 64 64 65 64 64 62 64 64 65 64 64
    64 65 65 65 65 65 64 65 65 66 64 64 63 64 64 64 64 64 63 62 62 63 63
    63 63 63 64 65 64 64 64 64 63 64 65 63 61 62 61 61 60 60 59 59 60 60
    60 60 58 59 60 60 58 59 59 60 60 60 59 60 61 61 62 63 64 64 64 66 64
    64 64 63 64 65 64 62 62 63 63 61 61 60 59 59 59 59 60 60 60 59 59 59
    61 60 60 60 60 61 62 63 64 63 63 64 63 65 65 64 64 64 65 65 65 66 66
    66 66 67 66 68 68 67 67 67 68 68 68 67 68 66 64 64 65 65 64 64 64 64
    63 63 64 62 63 61 62 63 64 64 62 63 62 61 60 60 61 60 61 61 62 61 61
    61 60 61 61 61 61 63 64 63 63 63 63 63 63 61 60 60 60 60 60 60 60 59
    59 59 58 57 58 59 60 60 61 61 62 61 61 61 62 62 62 64 65 66 66 66 67
    66 67 65 65 64 64 63 64 64 62 61 60 60 61 60 60 59 60 61 60 60 62 61
    60 61 61 60 60 60 61 61 61 62 62 63 62 61 63 64 64 66 65 65 63 65 65
    65 64 64 64 66 66 65 65 65 64 65 64 65 62 63 61 62 62 62 62 62 62 61
    62 62 63 63 63 65 65 66 66 66 65 65 64 65 65 64 62 63 62 62 61 60 60
    59 60 60 61 60 58 59 60 60 57 59 59 59 59 59 60 60 61 60 62 64 64 64
    65 67 65 65 66 65 65 66 65 63 64 64 63 62 61 60 59 59 59 59 60 60 60
    60 59 59 60 60 60 60 60 62 63 63 63 62 63 64 63 65 65 64 64 65 65 66
    66 67 67 68 69 69 69 71 71 70 70 70 71 70 71 69 69 68 66 65 66 66 65
    64 65 64 63 64 64 62 63 62 62 63 64 64 62 63 62 61 59 60 60 60 61 61
    61 61 61 61 60 61 62 61 61 63 64 63 63 63 63 63 63 61 60 60 60 60 60
    61 60 60 59 59 58 58 58 59 61 61 62 61 62 62 61 62 63 62 62 64 65 66
    65 66 66 66 67 65 64 64 63 63 63 64 63 61 61 61 62 61 60 59 60 61 60
    61 62 62 61 61 61 60 60 60 60 61 62 62 63 64 62 62 64 64 65 66 65 66
    65 66 66 67 66 65 66 67 67 66 66 66 66 66 65 66 63 63 62 62 62 62 61
    61 62 61 62 63 63 63 63 65 65 65 66 66 65 65 64 64 65 63 62 62 62 62
    61 61 60 59 60 61 61 61 59 59 60 60 57 59 58 59 59 59 59 59 60 60 61
    62 63 63 63 65 64 64 65 64 64 64 63 62 63 63 64 62 61 61 60 61 61 60
    61 61 61 60 59 59 60 60 60 61 61 61 61 62 62 61 63 64 63 65 65 64 64
    65 65 66 66 68 68 68 70 70 68 70 70 70 70 71 72 71 72 70 69 68 66 64
    64 65 63 63 63 63 62 63 63 61 62 61 61 63 64 65 63 63 63 62 60 60 60
    60 61 60 62 61 61 60 59 60 61 61 61 62 63 62 62 62 62 62 62 60 59 60
    60 60 60 61 61 60 60 60 59 58 59 60 62 62 62 61 62 62 61 62 62 61 61
    63 64 65 65 65 65 66 66 65 64 64 64 63 65 64 63 62 62 62 63 62 61 60
    62 62 62 61 62 62 61 61 61 61 61 61 61 61 63 62 62 64 63 63 64 65 66
    67 66 66 64 66 66 66 66 65 65 67 67 65 65 66 65 66 65 66 63 64 62 62
    62 63 61 61 63 62 62 64 64 64 64 65 65 66 66 66 65 65 63 63 64 62 61
    61 61 61 60 59 58 58 59 59 59 60 58 58 59 59 56 58 58 58 59 59 59 59
    60 60 60 62 62 63 63 65 63 63 65 64 64 65 64 64 64 64 64 64 62 63 62
    62 62 62 63 62 62 62 60 60 62 61 62 62 62 63 62 63 63 62 64 64 65 67
    66 65 66 66 66 67 67 69 68 69 70 70 69 70 70 70 70 70 73 73 74 71 70
    69 66 65 65 65 63 63 63 62 61 62 62 61 62 61 61 62 64 64 63 63 62 61
    60 60 60 60 60 60 61 60 60 60 59 59 60 61 60 61 63 62 62 62 62 61 62
    60 60 61 62 61 61 62 62 60 60 60 60 59 60 61 63 63 62 61 62 62 62 62
    62 61 61 62 63 63 64 63 64 64 65 63 62 62 62 61 63 63 62 61 61 61 62
    62 61 60 61 62 61 61 62 62 62 62 62 62 62 62 62 63 64 64 65 66 65 65
    66 66 67 68 66 67 65 67 66 66 66 66 66 68 68 66 66 67 66 67 66 67 64
    65 63 64 64 64 62 62 63 63 62 64 64 64 63 64 64 65 65 65 64 64 63 63
    64 63 62 62 61 62 60 60 59 59 59 60 60 61 60 59 60 59 57 59 59 59 60
    59 60 60 61 60 61 63 63 64 64 66 65 64 65 65 65 65 64 64 65 65 65 65
    63 63 62 63 64 63 64 64 64 63 61 61 62 61 62 63 63 63 62 63 62 61 63
    64 64 66 66 65 66 66 65 66 66 68 67 68 70 69 68 69 69 69 68 68 73 73
    73 72 71 69 67 66 65 66 63 63 63 63 63 63 63 62 63 62 63 63 65 66 64
    65 64 63 61 61 62 62 62 62 63 61 62 61 60 60 61 62 61 62 63 62 62 63
    62 62 63 61 61 62 62 61 61 63 62 61 61 60 60 59 60 60 62 62 61 61 61
    62 60 61 61 60 59 60 61 61 62 62 63 63 64 62 61 61 61 60 61 61 61 60
    60 61 62 62 61 61 62 63 61 61 62 63 62 62 62 62 62 62 62 63 64 64 64
    66 66 66 67 67 66 67 66 66 65 67 66 65 66 65 65 67 67 65 66 67 66 67
    67 67 64 65 64 64 64 64 62 63 64 63 63 64 65 64 64 65 65 66 66 66 65
    65 63 63 64 63 62 62 61 61 60 60 59 59 58 59 60 61 60 60 60 59 57 59
    60 60 60 60 61 61 61 61 61 62 62 63 63 64 64 63 64 64 64 63 63 63 64
    64 65 64 63 64 64 64 65 65 65 64 64 64 62 62 63 62 63 64 63 64 63 63
    62 61 64 65 64 66 66 65 65 65 64 64 65 65 65 66 68 67 66 67 67 67 65
    66 72 71 72 71 71 70 67 66 65 65 63 63 63 64 64 64 64 63 63 61 62 63
    65 66 66 66 65 64 62 62 62 62 62 63 64 63 63 62 61 61 61 62 61 63 64
    62 63 62 62 61 62 60 60 61 61 60 60 62 61 60 60 60 59 58 59 59 61 61
    61 60 61 61 60 60 61 60 60 61 62 62 63 63 63 64 64 63 62 61 61 60 62
    61 62 61 60 61 62 61 60 61 62 62 62 62 63 63 62 62 62 62 62 62 61 63
    63 62 62 65 64 64 65 65 65 65 65 65 64 66 65 65 66 65 65 67 67 65 66
    67 66 67 66 66 63 64 63 63 63 63 62 63 64 63 63 64 64 64 64 66 65 67
    66 66 65 65 63 63 64 63 62 62 61 61 60 60 59 59 59 60 60 61 61 61 61
    60 59 61 61 61 62 61 62 62 62 61 61 62 61 62 62 63 62 61 63 63 64 63
    63 62 64 64 64 64 63 63 63 64 64 64 64 63 63 63 62 62 63 62 64 64 64
    64 63 63 63 62 64 64 64 65 65 64 64 64 63 63 64 65 65 65 67 66 66 67
    67 67 65 66 72 71 72 71 70 70 68 67 65 65 64 64 63 64 64 64 64 62 62
    60 60 61 63 64 64 64 63 62 61 60 61 60 61 62 63 62 62 61 61 60 61 62
    61 62 63 61 62 62 61 61 62 60 59 60 60 59 59 60 60 60 59 59 58 57 59
    59 60 61 60 60 61 61 60 60 60 59 60 61 62 61 62 62 63 64 64 62 62 62
    61 61 62 61 62 60 60 61 62 62 61 61 62 62 61 62 63 62 61 61 61 61 61
    60 60 62 62 61 61 63 63 62 64 64 64 64 63 63 63 65 64 64 65 65 64 66
    66 64 66 67 67 68 66 66 63 64 63 63 63 64 63 63 64 63 63 64 65 64 65
    66 65 67 66 66 65 65 63 63 64 63 62 62 62 61 61 60 59 60 59 60 61 61
    60 60 61 60 58 60 61 61 62 61 62 62 61 61 61 62 62 62 62 63 62 61 62
    62 63 63 63 63 64 63 64 63 62 63 63 64 64 64 64 63 64 63 62 62 64 63
    64 65 64 65 64 64 63 62 64 64 63 65 66 65 65 65 63 64 65 65 65 66 67
    67 67 68 68 68 66 66 71 70 71 70 70 70 68 66 64 64 62 63 62 62 62 63
    64 62 62 60 60 61 63 64 62 63 62 62 60 60 60 59 60 60 60 59 60 60 60
    59 61 62 60 60 61 60 62 61 62 62 62 60 59 60 60 59 58 60 61 60 60 59
    58 57 59 59 60 60 59 59 60 60 60 60 60 59 60 61 62 62 62 63 64 65 66
    63 63 62 62 61 62 62 62 60 61 61 62 62 61 61 62 63 62 62 63 64 63 62
    63 62 62 62 61 63 63 62 62 63 63 63 64 64 65 64 64 63 62 64 64 63 65
    65 64 66 66 65 65 66 67 68 67 67 65 65 64 64 65 66 64 65 65 64 64 65
    65 65 65 66 65 67 66 66 64 64 62 62 63 62 61 61 61 61 61 61 60 60 60
    61 62 63 62 62 62 62 60 61 61 62 62 62 62 62 61 61 61 61 62 62 61 62
    62 61 62 62 63 62 63 62 63 62 63 62 61 62 62 63 64 64 64 62 63 63 62
    61 63 62 64 64 64 64 63 63 63 61 63 63 63 64 65 65 66 66 64 66 66 66
    66 66 67 67 67 67 67 67 66 66 71 71 72 71 71 71 69 67 65 65 63 63 62
    62 62 64 63 61 62 61 60 61 62 63 62 62 61 61 60 59 59 59 59 60 60 59
    59 60 61 60 61 63 61 61 62 61 63 62 62 63 63 61 60 60 61 60 59 61 61
    61 61 60 59 58 59 59 60 60 59 59 60 60 60 60 59 59 60 61 62 61 63 63
    63 65 65 63 63 62 62 62 62 62 62 61 62 61 63 63 62 62 63 63 63 63 64
    64 63 62 63 62 63 63 62 64 64 63 63 65 65 65 66 66 66 66 65 65 63 65
    64 63 65 65 64 66 66 64 65 66 67 67 66 66 65 66 65 65 65 66 65 65 66
    65 65 65 66 66 67 67 66 67 67 66 65 65 63 62 64 63 62 62 62 62 61 60
    61 61 61 63 64 65 64 64 64 64 63 63 64 64 65 64 64 64 63 63 62 63 64
    64 64 65 64 63 64 64 65 64 64 64 63 63 63 62 61 62 63 64 65 64 64 63
    63 64 63 63 64 63 64 65 65 64 64 63 63 62 64 63 64 65 65 65 66 66 65
    66 66 66 66 66 68 68 68 68 68 68 67 67 70 70 71 69 69 69 68 65 64 64
    62 62 62 61 62 63 63 61 62 61 60 61 63 63 62 62 61 61 60 59 60 59 59
    60 59 59 59 59 60 59 61 63 61 61 62 61 62 62 62 63 62 61 60 61 61 59
    59 61 61 61 61 60 59 58 59 59 59 59 57 57 58 58 58 58 58 57 58 59 60
    60 62 62 63 65 65 63 63 62 62 63 63 63 63 63 63 63 65 65 63 63 64 64
    64 64 64 64 64 63 64 63 63 62 62 64 65 64 65 66 65 65 66 66 65 65 65
    64 63 64 63 62 63 62 62 64 64 63 64 66 66 66 65 66 65 66 65 64 65 65
    64 64 65 63 63 64 65 65 66 66 66 67 67 67 66 65 65 64 65 65 63 62 63
    63 63 62 62 62 62 63 64 65 64 63 63 64 63 63 63 63 63 62 63 62 62 61
    62 63 64 64 64 65 65 64 65 65 66 65 65 64 64 64 64 64 62 63 63 64 65
    64 64 63 63 64 63 63 64 63 64 66 65 65 64 63 63 62 63 63 64 65 65 64
    64 64 63 64 65 64 64 65 66 66 66 65 66 67 66 66 70 70 71 69 69 69 68
    65 63 63 61 61 61 61 61 62 62 60 61 61 60 60 63 63 63 63 62 61 61 59
    59 59 60 60 59 59 59 59 59 58 60 61 60 60 61 60 61 61 60 61 61 60 60
    61 61 60 60 61 62 62 61 60 59 59 59 59 59 58 57 56 58 58 58 58 57 57
    58 59 60 60 62 62 64 66 66 63 63 63 63 63 63 63 64 63 64 63 65 64 63
    63 65 64 64 65 65 65 65 64 65 63 64 63 63 64 64 63 65 67 66 65 65 65
    64 64 64 64 63 63 63 63 64 62 62 64 64 64 65 66 67 67 66 67 67 67 66
    66 66 66 65 65 66 64 63 65 66 66 67 67 66 68 68 68 67 67 66 65 67 66
    64 64 64 63 63 63 62 62 62 63 64 64 63 62 62 63 63 63 63 62 63 62 63
    62 62 62 61 63 64 64 63 63 64 63 65 65 65 64 64 63 64 64 63 64 63 63
    63 65 66 65 65 64 65 65 64 64 64 64 64 65 65 65 63 62 62 61 62 61 62
    64 64 64 65 64 63 64 65 64 64 65 66 66 67 66 65 66 66 66 72 71 72 70
    69 69 68 66 64 64 61 62 62 61 61 62 62 61 62 62 60 61 63 63 63 63 62
    61 61 60 60 59 59 59 59 59 59 59 59 58 61 62 61 60 61 61 61 61 60 61
    61 59 59 60 60 59 60 61 61 61 61 60 59 59 59 60 60 59 57 57 58 58 58
    58 56 56 58 59 60 60 60 62 63 65 66 63 63 63 62 64 63 62 63 63 63 64
    65 64 62 63 63 63 63 64 64 64 65 64 64 63 63 62 62 64 63 63 64 66 65
    64 65 64 64 64 64 64 62 63 62 63 64 63 62 63 64 64 65 66 66 66 65 66
    66 66 64 64 65 65 64 64 65 63 63 64 65 65 65 64 64 66 66 66 65 65 65
    64 66 66 64 63 63 63 64 63 63 63 63 64 64 64 63 62 63 63 63 63 63 63
    63 62 63 63 62 62 62 63 63 63 63 63 63 63 65 65 65 64 64 63 64 64 63
    63 62 62 62 64 65 64 64 64 64 64 64 63 64 64 64 66 66 66 64 63 62 61
    62 62 62 63 64 63 64 63 62 63 64 64 64 64 65 66 66 65 65 66 65 65 72
    71 72 70 68 69 68 66 64 64 63 63 63 62 61 62 62 60 61 62 61 61 63 64
    63 62 61 60 60 59 59 59 60 60 59 59 59 59 59 59 62 63 62 62 63 62 62
    62 61 62 62 61 61 61 62 60 60 61 62 62 62 61 60 59 59 60 59 58 56 56
    58 57 57 57 56 56 57 59 60 60 61 62 64 66 66 64 63 63 63 64 63 62 63
    63 64 64 65 64 62 63 64 63 63 64 64 65 66 64 64 63 62 62 61 63 63 62
    64 65 64 64 64 63 63 63 63 63 62 63 63 63 65 63 62 64 64 64 65 65 65
    65 64 65 65 65 63 63 64 64 63 63 64 62 62 63 64 64 64 64 63 65 65 65
    65 66 65 64 66 66 64 64 64 64 64 64 64 63 63 64 63 64 64 62 63 64 63
    64 64 63 64 63 64 64 63 63 63 63 64 64 63 64 64 64 65 65 66 64 64 64
    64 64 64 63 62 62 62 64 65 64 64 64 64 65 65 65 66 65 66 68 68 67 65
    64 64 62 63 62 62 63 63 63 64 63 62 63 64 64 64 64 66 66 66 66 66 67
    66 66 72 72 71 70 69 69 69 67 66 65 64 64 64 64 62 63 63 62 62 63 62
    62 64 64 64 63 62 61 61 59 60 60 60 60 59 59 59 59 59 59 61 62 62 62
    63 61 62 62 60 62 62 61 61 62 63 61 61 61 61 62 62 61 60 61 60 60 59
    58 56 55 57 57 57 57 56 56 57 58 59 58 60 61 63 66 65 63 63 63 63 65
    63 63 64 64 65 65 66 65 63 65 66 64 64 65 64 65 65 64 64 63 63 63 62
    63 62 61 63 65 64 64 65 64 63 63 63 63 62 62 62 63 64 63 62 63 63 63
    64 65 65 64 65 65 65 65 63 64 65 64 63 64 64 63 63 64 65 65 65 64 64
    66 66 66 66 66 65 64 67 67 64 64 64 64 64 64 63 63 63 63 63 63 63 61
    61 62 62 63 63 62 63 62 64 63 63 63 62 63 63 64 64 64 65 65 66 66 67
    66 65 65 66 65 66 66 64 65 65 66 67 66 66 65 66 66 66 66 66 66 67 69
    68 67 66 64 64 63 63 62 63 63 65 64 64 63 63 64 65 65 65 65 66 67 67
    66 66 66 66 66 70 70 69 69 67 68 67 66 64 63 63 63 63 63 61 62 62 61
    61 62 62 62 64 65 64 63 62 62 62 61 61 61 61 61 60 60 60 60 60 60 63
    63 63 63 64 62 62 62 61 62 62 62 62 63 63 61 61 61 61 61 62 61 61 61
    61 60 59 57 55 55 56 57 57 57 56 56 57 58 58 58 59 60 62 65 64 63 63
    63 63 64 63 63 64 64 64 64 67 65 63 65 65 64 64 65 64 64 65 64 64 64
    64 63 64 64 63 61 63 65 64 64 64 63 63 64 63 63 61 61 62 62 64 62 62
    63 63 63 64 65 64 63 64 64 65 64 63 63 64 64 63 63 64 63 62 64 65 64
    65 64 64 66 66 65 65 66 65 64 67 67 65 64 64 64 64 64 64 63 64 64 63
    64 64 63 62 63 63 64 65 64 64 63 66 65 64 65 63 64 64 65 65 64 65 65
    66 67 68 66 66 66 67 66 66 67 64 65 65 66 67 66 65 65 65 66 66 65 66
    66 67 69 68 67 66 65 65 64 64 63 63 63 65 65 65 64 63 64 66 65 65 65
    66 67 67 66 67 67 67 67 71 71 70 69 68 68 67 66 64 64 63 63 63 63 60
    62 61 60 61 62 62 63 64 65 64 62 62 61 61 61 61 61 61 61 60 60 60 61
    61 61 64 65 66 65 66 65 64 64 63 64 64 64 63 63 63 61 61 61 60 60 60
    59 59 60 59 58 56 56 54 54 55 56 57 57 55 56 57 58 58 58 59 60 62 66
    65 64 64 63 64 66 65 65 66 65 66 66 68 67 65 67 68 66 65 66 65 66 66
    66 65 65 65 64 64 65 63 62 64 65 65 64 65 64 63 64 64 63 62 62 63 64
    66 64 63 64 64 65 65 66 65 64 65 65 66 65 64 64 66 65 64 65 65 63 63
    64 65 64 65 64 63 65 64 63 63 65 64 63 66 66 65 64 64 63 63 63 63 63
    63 64 62 64 63 62 62 63 63 64 64 65 65 64 66 65 65 65 64 65 65 65 65
    64 64 64 65 66 67 66 66 66 67 66 66 66 65 65 66 67 68 67 66 66 66 66
    66 66 67 66 67 69 68 67 65 64 65 64 63 63 63 63 64 64 64 64 63 64 65
    64 64 64 65 66 66 65 66 66 66 66 69 70 69 68 67 67 67 66 64 64 63 63
    62 63 60 62 61 60 61 62 62 63 64 64 65 63 63 63 63 63 63 63 63 63 62
    62 62 63 63 63 65 66 67 66 66 65 65 64 64 65 65 65 64 65 65 63 63 63
    62 62 63 61 61 61 61 59 57 56 55 55 55 56 56 56 55 55 57 58 58 58 59
    60 62 64 64 63 63 62 62 64 64 63 64 64 65 65 68 66 64 67 68 66 66 67
    67 66 66 66 65 66 65 65 65 65 64 62 64 65 65 64 65 64 64 64 64 63 62
    62 62 63 64 62 62 62 62 63 64 65 64 63 64 65 65 65 64 65 66 66 65 66
    66 64 63 65 66 65 65 64 64 65 65 64 64 66 65 64 66 66 64 64 64 63 63
    63 63 62 63 63 62 62 62 62 61 63 63 64 64 65 66 64 66 65 66 66 65 66
    66 66 66 66 66 65 66 67 68 67 67 67 67 66 66 66 65 65 65 66 68 67 66
    66 66 67 67 66 67 67 67 69 68 66 65 63 64 64 63 62 62 62 63 64 64 64
    63 64 65 64 65 65 65 66 67 66 66 66 65 65 66 66 66 66 65 65 65 64 63
    63 62 63 63 63 61 62 61 60 61 62 63 64 65 65 66 64 63 63 64 63 63 64
    64 63 62 62 62 62 63 62 65 66 67 66 66 65 65 64 64 66 66 66 65 65 65
    64 63 63 62 63 63 61 61 61 60 59 57 56 55 55 55 56 57 56 56 56 58 60
    59 59 60 61 63 65 64 63 62 62 62 63 62 62 62 63 63 64 67 66 64 66 67
    66 67 68 68 67 67 67 66 66 65 65 65 66 64 63 64 64 64 63 64 63 63 63
    63 63 62 62 62 63 63 61 61 61 61 62 64 64 64 63 64 64 66 65 64 65 66
    66 65 67 66 64 63 64 66 65 66 65 65 66 65 65 65 67 66 66 67 67 66 65
    65 64 63 63 63 63 63 63 62 62 62 62 62 64 64 64 65 66 66 64 66 66 67
    67 66 67 67 67 67 67 67 66 66 67 67 66 66 65 66 65 65 65 64 64 64 65
    67 66 66 66 66 67 67 67 67 67 68 69 68 67 66 64 65 64 63 63 62 61 63
    63 64 64 63 64 65 64 65 65 65 66 67 66 67 66 66 66 63 64 63 64 63 64
    64 63 62 62 62 63 63 63 61 63 62 60 61 62 63 64 64 65 65 63 63 63 63
    62 62 63 63 63 62 62 62 63 63 63 65 66 67 66 66 65 64 63 63 65 65 65
    63 63 63 62 62 62 61 62 62 61 61 61 60 58 56 56 55 55 56 56 56 57 56
    58 60 61 61 61 62 63 64 67 66 65 64 64 64 65 63 63 64 64 64 65 67 66
    64 66 67 66 67 68 68 67 67 66 66 65 64 64 64 65 63 61 63 63 62 62 63
    62 62 62 61 61 60 60 60 62 63 60 60 60 60 62 63 63 64 63 64 64 65 65
    64 65 67 66 66 67 65 64 64 64 67 66 67 66 66 67 67 66 67 68 68 67 69
    69 67 66 65 64 64 63 64 63 63 63 61 62 61 61 61 63 63 64 65 67 67 66
    67 67 68 68 67 68 68 68 67 67 67 66 65 66 66 65 66 64 65 64 64 64 63
    64 64 65 66 66 65 65 66 67 68 68 68 68 69 70 68 67 66 65 65 66 65 64
    63 62 64 63 64 64 63 65 66 65 66 66 66 67 68 68 69 68 69 68 63 64 63
    63 63 64 63 63 61 61 61 61 62 61 60 62 61 59 60 61 61 62 62 63 64 61
    61 61 62 61 61 62 63 62 61 62 62 63 63 63 66 66 67 66 66 65 64 63 63
    64 64 64 63 63 63 63 63 62 61 62 62 61 60 60 59 59 57 57 55 55 55 56
    57 58 58 59 61 63 62 62 63 63 65 68 67 65 64 64 64 65 63 64 64 64 65
    65 67 66 64 66 67 65 66 67 66 66 65 65 64 64 63 62 63 64 62 61 63 63
    62 62 63 62 62 62 62 62 61 61 61 63 64 61 61 61 60 62 63 63 64 63 63
    64 65 64 63 65 66 65 65 65 64 63 63 64 66 66 67 67 66 68 68 67 68 69
    69 68 70 70 68 67 66 65 64 63 63 62 64 63 62 62 62 61 62 64 64 64 65
    67 68 66 67 66 67 68 68 68 68 68 67 68 68 67 66 67 67 67 67 66 66 65
    65 65 63 64 64 65 66 66 66 66 66 67 68 68 68 67 68 69 68 67 65 64 65
    65 64 63 63 62 63 63 65 65 64 66 67 67 68 68 68 70 71 70 71 71 72 71
    64 64 63 63 63 62 62 63 61 61 62 61 62 62 60 61 61 59 61 62 62 63 63
    64 64 62 62 61 62 62 61 62 63 62 61 61 61 62 62 62 64 65 66 66 65 64
    64 63 63 65 65 65 64 64 64 63 63 62 61 63 63 62 61 61 60 60 58 58 56
    56 57 58 58 59 58 60 61 62 62 62 62 62 63 66 65 63 63 62 62 64 62 63
    63 64 64 65 68 66 65 67 68 66 67 68 68 67 66 65 64 64 63 63 64 65 64
    63 66 65 64 63 64 64 64 65 64 64 63 62 62 63 64 61 62 61 60 63 63 64
    64 63 63 64 65 64 63 64 66 65 65 65 64 63 62 63 66 66 67 66 67 68 68
    67 67 68 69 68 70 69 68 67 66 65 64 63 63 62 64 62 61 62 61 60 61 63
    63 63 64 66 66 65 66 65 67 68 68 69 69 68 68 68 68 68 67 68 67 67 67
    66 66 65 65 65 64 65 65 66 67 67 67 68 67 68 68 69 69 67 68 69 68 67
    65 63 64 63 63 62 62 61 63 63 65 65 65 67 67 67 68 68 69 70 71 70 71
    71 72 71 62 62 62 61 61 61 61 61 59 59 60 60 61 61 59 60 59 59 61 62
    62 63 63 64 65 62 62 61 62 62 61 63 63 62 61 61 62 62 62 63 65 66 67
    68 67 66 65 65 65 66 66 66 66 66 65 65 65 64 63 64 64 63 63 63 62 62
    60 59 57 57 58 58 58 59 59 60 61 62 61 62 62 62 63 65 65 63 62 62 62
    64 62 64 63 64 64 65 68 67 66 67 68 67 68 69 68 67 66 66 65 65 64 63
    64 65 63 63 65 64 63 63 64 63 63 64 63 64 62 61 62 63 63 61 62 61 60
    63 63 63 63 62 62 63 64 64 63 64 65 63 63 64 62 62 62 63 66 66 67 67
    67 68 68 67 68 69 69 69 70 70 68 67 66 64 63 61 62 61 62 61 61 61 61
    60 61 62 62 62 63 65 66 65 66 66 68 68 68 69 69 69 68 68 69 69 68 68
    67 68 68 66 66 65 65 65 65 66 66 67 68 67 68 68 67 68 69 69 69 67 67
    68 67 65 64 62 63 63 62 62 62 60 61 61 64 64 64 66 66 67 68 68 69 70
    71 71 72 72 74 73 63 63 63 62 62 62 62 62 61 60 62 62 63 62 60 62 61
    60 62 63 63 64 64 64 65 62 62 61 62 62 61 63 63 62 61 62 63 63 64 64
    66 66 68 68 68 67 66 65 65 67 66 67 66 67 66 66 66 64 63 64 65 64 64
    64 63 62 60 59 57 57 58 59 59 60 59 60 61 62 61 61 62 61 63 65 64 62
    62 61 61 63 61 63 63 64 64 65 67 66 65 67 68 67 69 69 69 67 66 65 64
    64 63 62 62 63 62 61 63 62 61 61 62 61 62 62 62 62 61 61 61 62 63 60
    61 60 60 62 63 63 63 62 62 63 64 64 62 63 64 63 63 63 62 61 62 63 65
    65 67 67 66 68 68 67 68 69 70 69 70 70 69 67 66 64 64 62 62 61 62 62
    61 62 61 61 61 62 62 63 64 65 66 65 67 66 68 68 68 69 68 69 68 69 69
    68 68 67 67 67 67 66 66 64 65 66 64 65 66 66 67 67 68 69 68 68 69 70
    70 68 68 69 68 67 65 63 64 63 63 63 63 61 61 61 64 64 64 66 66 67 68
    68 69 70 71 71 71 72 73 72 62 62 62 61 61 61 60 61 60 60 62 62 63 63
    61 63 62 60 62 63 63 64 64 64 64 62 62 61 62 63 61 63 64 63 63 64 64
    65 65 66 66 67 69 69 68 67 66 66 65 67 67 67 67 67 67 66 66 65 63 64
    64 64 63 63 62 61 59 58 56 56 58 58 58 60 59 60 61 62 61 61 61 61 63
    65 65 63 63 62 62 63 62 63 63 65 65 66 68 66 65 67 68 67 68 68 68 67
    66 64 63 62 62 61 62 62 61 60 62 61 61 61 61 60 61 62 61 62 60 60 60
    61 62 59 61 60 59 62 63 62 62 62 62 63 63 63 62 63 65 63 63 63 62 61
    62 63 65 65 67 67 66 68 68 67 68 69 69 69 70 69 68 66 65 64 63 62 60
    60 61 60 59 60 59 59 60 61 61 62 64 65 66 66 67 67 69 69 69 69 68 68
    67 67 67 66 66 65 64 65 65 64 65 64 64 65 65 66 66 67 68 68 70 70 69
    69 69 71 71 68 68 69 68 68 66 64 64 64 64 64 63 62 61 61 63 64 63 65
    65 66 67 67 67 68 68 69 69 70 71 70 63 63 63 63 63 63 62 62 61 60 62
    63 64 64 63 64 63 61 63 63 63 64 64 63 65 62 62 61 62 62 61 63 64 63
    63 64 65 66 66 66 67 68 70 70 69 68 67 67 67 68 67 67 67 68 67 66 66
    65 63 64 65 64 63 63 62 62 60 59 57 57 58 58 58 60 60 60 62 63 62 62
    63 63 64 66 66 64 63 62 62 63 62 63 63 64 64 65 66 65 64 66 67 67 68
    68 67 67 65 64 63 62 61 62 62 62 60 60 61 60 60 60 61 61 62 62 62 62
    60 60 61 62 63 61 63 62 61 63 64 63 63 62 63 64 63 64 63 64 65 64 63
    64 62 62 63 64 66 66 67 68 67 68 68 66 67 68 68 68 68 68 67 65 64 63
    62 60 59 59 60 59 58 60 59 59 60 61 60 62 63 64 66 66 67 67 69 69 68
    69 68 68 67 67 67 66 66 65 64 65 65 64 64 64 65 65 65 65 66 67 68 68
    70 71 70 71 71 72 72 69 70 69 69 69 67 65 65 64 64 63 63 62 62 62 65
    64 64 66 65 66 67 68 68 69 70 70 69 70 71 69 62 62 62 62 63 62 61 62
    61 60 62 62 63 64 63 63 63 62 63 63 64 64 64 63 64 63 63 62 62 63 62
    63 64 64 64 65 66 67 67 68 68 68 70 71 69 68 68 67 67 68 67 67 67 67
    66 65 65 64 62 63 63 63 63 62 61 61 59 58 57 57 58 58 57 59 59 60 62
    63 62 62 62 63 64 66 66 65 64 63 63 64 63 63 63 64 64 65 66 65 64 66
    67 67 69 69 67 66 65 64 63 62 61 61 61 62 61 60 61 60 59 60 61 61 62
    62 61 61 60 60 60 61 62 61 62 61 60 62 63 62 62 62 63 63 63 63 63 63
    64 63 63 63 62 62 62 63 65 65 66 66 66 66 66 65 65 66 66 67 67 67 67
    65 65 63 63 61 60 59 61 60 60 61 61 61 61 62 61 62 63 64 67 67 68 67
    69 68 68 68 68 67 66 67 66 66 65 64 63 64 65 64 63 64 64 64 64 65 65
    66 67 67 69 69 68 68 69 70 70 68 69 69 69 68 66 65 65 64 64 65 64 63
    62 62 64 64 64 65 64 65 66 67 67 68 68 69 68 69 70 69 61 60 61 61 62
    61 61 61 61 61 62 62 63 64 63 64 64 62 63 62 63 64 64 62 63 62 62 62
    62 62 62 63 64 65 65 65 67 67 68 68 69 69 70 70 69 68 67 67 66 68 67
    67 67 68 67 66 66 65 63 65 66 64 64 64 63 63 60 59 58 57 59 59 59 61
    61 62 64 64 63 63 64 65 66 68 67 65 64 63 63 64 63 64 63 64 64 64 66
    65 65 66 67 67 69 69 68 66 65 65 64 63 62 62 62 62 61 60 61 59 59 60
    60 60 61 60 60 60 59 59 59 60 61 60 62 61 59 62 62 61 62 61 62 62 62
    62 62 63 63 63 63 63 61 62 62 63 65 65 67 67 67 67 67 65 66 66 66 66
    66 66 66 65 64 62 62 60 59 59 61 60 60 62 61 61 62 63 62 63 64 66 68
    68 69 69 70 70 69 69 69 68 67 67 67 66 65 64 63 64 65 64 63 64 65 65
    65 65 66 67 68 68 69 69 69 69 69 71 70 68 69 69 68 67 66 65 65 65 65
    65 66 64 63 63 65 65 64 66 65 65 66 67 67 67 67 66 66 66 68 67 60 59
    60 60 62 61 60 60 61 60 61 60 61 62 62 63 63 62 63 62 63 63 63 61 63
    62 63 63 62 63 62 63 64 64 64 65 66 67 68 68 68 68 68 70 68 67 67 67
    66 67 67 67 67 67 66 65 66 65 63 64 65 64 64 64 63 62 60 59 58 57 59
    59 58 61 61 62 63 63 62 62 63 64 65 67 66 64 64 63 63 64 63 63 63 64
    64 65 66 65 65 67 67 68 70 69 68 66 64 65 65 63 63 62 62 63 62 61 61
    59 58 60 61 60 61 60 60 60 59 59 59 60 61 60 61 60 59 61 62 61 62 61
    62 63 63 63 63 63 64 64 64 64 62 63 63 64 66 65 67 67 66 66 66 64 65
    65 65 65 65 66 65 64 63 62 62 60 60 60 62 61 62 63 62 62 63 64 62 63
    63 65 67 67 68 67 69 68 67 68 68 67 65 66 65 65 64 63 62 63 64 63 63
    63 64 64 63 64 66 66 67 67 68 68 67 67 67 68 68 66 67 67 67 65 64 63
    63 63 63 64 65 63 63 62 63 64 63 64 64 63 64 65 65 66 66 64 64 64 65
    65 58 58 59 60 61 60 60 59 59 58 60 60 60 61 61 63 63 62 62 62 63 63
    63 61 62 61 62 62 62 62 61 62 64 64 64 65 67 67 68 69 69 69 69 70 69
    68 68 67 67 68 67 67 67 67 66 65 66 65 63 65 66 64 64 64 63 63 61 60
    59 58 60 59 58 61 61 62 64 64 63 63 64 65 66 67 67 65 64 64 63 63 63
    62 62 63 63 64 64 64 64 66 66 68 70 70 68 67 65 65 65 63 62 61 61 62
    61 61 61 59 58 60 60 60 61 60 61 61 60 60 60 61 62 61 63 61 59 62 63
    61 62 61 62 63 64 63 64 63 63 64 65 65 63 63 64 64 66 65 67 67 66 66
    66 64 64 64 65 64 64 65 64 64 63 62 61 60 60 59 61 61 62 63 63 63 63
    63 62 62 63 65 66 67 68 67 69 68 67 68 68 67 65 66 66 65 65 63 62 63
    65 63 62 63 64 62 62 63 64 65 66 65 67 67 66 66 66 67 67 65 66 66 67
    65 64 63 63 63 63 64 64 63 63 61 63 63 63 64 63 62 63 65 65 65 66 64
    64 64 65 65 59 58 60 61 62 61 60 60 60 60 60 60 61 62 62 64 63 62 62
    61 63 62 63 61 62 62 62 62 61 62 61 62 64 64 64 66 67 67 69 69 68 68
    69 70 69 67 67 67 67 68 67 67 66 67 67 65 66 65 64 65 65 64 63 63 62
    61 60 60 58 58 60 59 57 61 61 62 63 64 64 64 65 66 67 68 68 65 65 65
    64 65 64 63 63 64 65 65 65 65 65 66 67 68 70 70 68 68 66 65 65 63 62
    61 60 62 61 61 61 59 58 59 59 59 60 60 60 61 60 60 59 61 61 60 62 60
    59 61 62 61 62 61 63 63 63 64 65 64 64 65 66 66 64 64 65 66 67 67 68
    68 67 67 66 64 64 65 65 65 65 65 64 64 63 62 62 60 60 60 61 61 62 63
    63 63 64 64 63 63 64 65 67 68 68 68 69 68 68 69 69 67 65 66 65 65 63
    62 61 63 64 62 61 62 62 61 62 62 64 65 66 65 67 67 66 65 66 67 67 65
    65 65 66 65 64 62 62 62 63 64 64 63 62 61 62 63 62 63 62 61 62 64 64
    64 64 62 62 62 63 63 58 57 59 59 61 60 59 59 59 59 59 60 60 61 62 64
    63 62 63 61 62 62 63 60 61 61 62 62 62 62 61 62 64 65 64 66 67 67 69
    69 68 68 68 69 68 66 67 67 66 68 68 67 67 67 67 66 67 67 65 66 67 66
    65 64 63 63 61 60 59 58 61 59 58 61 61 62 63 65 65 65 66 67 68 69 68
    66 65 64 63 64 63 63 62 62 63 63 63 63 64 65 66 67 70 70 68 67 64 64
    63 62 60 60 59 59 59 59 59 57 56 58 57 58 59 58 58 59 58 59 58 59 60
    60 61 60 59 61 62 60 61 62 62 63 63 64 65 64 64 65 66 65 64 64 66 66
    67 67 68 68 67 66 66 64 64 65 65 64 64 64 64 63 63 62 62 61 60 60 62
    62 63 64 64 63 64 64 63 63 63 65 66 68 67 67 69 68 67 68 68 67 65 66
    65 65 64 62 61 63 64 62 60 62 63 62 62 62 63 64 65 64 66 66 65 65 65
    67 67 64 65 65 66 65 64 63 63 62 63 64 64 63 62 61 62 63 62 62 61 60
    61 63 63 64 63 62 61 62 63 62 57 56 58 58 60 59 58 58 58 57 58 59 60
    61 61 63 62 61 62 61 62 62 63 59 60 60 60 60 60 61 60 61 63 63 63 64
    66 67 69 69 69 68 69 70 69 68 69 69 68 70 69 69 68 68 67 66 67 67 65
    66 66 65 64 63 63 62 61 59 58 58 60 59 58 61 61 62 63 65 65 65 66 67
    69 70 70 67 66 66 65 66 64 64 63 63 64 64 64 64 64 65 65 67 69 69 67
    66 64 63 63 61 60 59 58 58 58 58 58 56 55 57 57 57 58 57 57 59 58 58
    58 59 61 60 62 60 59 61 62 60 61 62 62 63 63 63 64 63 63 63 65 63 62
    62 64 64 65 65 67 67 66 66 65 64 64 63 64 64 64 64 64 63 62 62 62 60
    59 60 61 62 63 65 65 65 65 65 63 64 64 65 67 69 68 68 69 68 67 68 69
    68 65 66 65 66 65 63 62 64 64 62 60 61 63 62 62 62 64 64 65 64 66 66
    65 64 65 67 67 64 64 64 65 65 64 63 63 62 62 64 64 64 62 60 62 62 61
    63 61 60 61 63 63 64 64 62 62 63 64 64 58 57 58 58 60 59 59 59 59 59
    60 61 62 62 63 64 64 63 64 62 63 62 63 59 61 60 60 60 60 61 60 60 62
    63 62 64 66 67 69 69 68 69 69 71 69 69 69 69 68 70 69 68 68 68 67 66
    67 66 64 66 67 66 64 64 63 63 62 60 59 59 62 60 59 62 61 63 64 65 65
    65 66 67 69 69 69 67 66 65 65 66 65 65 64 64 64 65 64 64 65 66 65 67
    69 69 67 65 62 62 62 60 59 59 58 58 59 59 60 58 57 58 58 58 59 59 60
    61 59 59 59 60 62 61 63 61 61 63 64 62 63 63 64 64 64 64 64 63 63 64
    65 63 62 62 64 64 64 64 66 67 66 65 65 63 63 62 63 63 63 63 63 63 62
    62 62 60 59 60 61 61 63 64 65 64 64 64 62 64 63 64 66 68 68 68 69 68
    67 69 69 68 65 66 65 66 66 64 63 65 65 63 61 62 63 62 63 63 64 65 66
    64 66 67 65 64 64 67 67 64 64 64 65 65 64 62 62 61 61 63 64 64 62 60
    61 61 61 62 61 60 61 63 64 64 63 62 61 62 64 64 59 58 59 60 62 60 60
    60 60 59 60 60 61 61 62 63 63 62 63 62 62 61 62 59 60 60 60 61 60 61
    60 61 62 63 62 64 66 67 68 69 68 68 69 70 69 69 69 70 69 71 70 69 69
    69 69 68 68 67 65 66 67 65 64 63 62 62 61 60 58 57 60 59 58 61 60 62
    62 64 64 65 65 67 68 69 68 66 65 65 64 66 65 65 64 65 65 65 65 64 65
    66 65 67 69 69 66 64 61 61 61 59 58 58 57 57 58 58 59 58 57 59 59 59
    60 59 61 62 61 61 60 61 62 62 63 61 60 62 64 61 62 62 62 63 63 63 63
    62 61 62 63 62 61 61 63 64 64 64 65 66 66 66 65 64 63 63 63 62 63 63
    62 62 61 61 61 59 58 59 60 60 62 64 65 63 64 64 62 64 63 63 65 67 67
    67 68 67 66 68 69 68 65 66 66 67 67 66 64 66 66 65 63 64 64 63 64 63
    65 65 66 64 66 67 66 65 64 67 66 63 63 63 65 64 64 62 62 60 60 61 62
    62 60 59 61 61 62 63 61 60 61 64 65 65 65 63 62 63 65 64</data></my_img>
<your_img type_id="opencv-matrix">
  <rows>256</rows>
  <cols>256</cols>
  <dt>u</dt>
  <data>
    73 71 80 78 73 69 73 67 66 62 56 54 55 57 60 58 59 66 71 71 67 68 67
    63 61 59 59 65 62 65 63 69 68 68 59 62 58 60 53 58 55 56 51 55 54 57
    52 53 60 62 58 61 60 62 61 63 65 66 70 69 66 68 64 65 63 61 66 67 66
    64 61 67 64 62 64 70 70 69 71 68 66 66 61 64 67 64 70 67 66 66 67 67
    69 63 67 66 64 60 58 55 60 65 67 68 68 72 68 68 67 62 63 63 56 57 54
    58 58 55 53 58 62 63 59 65 66 74 70 73 70 68 63 60 56 62 61 64 59 62
    66 65 68 60 67 73 71 72 75 72 74 70 65 65 62 63 66 69 67 67 69 67 64
    61 64 66 67 73 80 77 74 73 70 73 67 67 64 62 57 62 62 59 57 62 63 70
    64 63 65 60 58 61 64 69 70 72 74 80 74 70 66 63 59 60 60 61 57 60 56
    58 62 58 63 60 57 63 61 56 60 57 67 71 65 69 72 72 72 73 69 70 70 59
    58 55 50 50 48 44 51 50 55 54 56 57 63 63 71 73 68 69 78 76 75 64 65
    65 64 60 71 68 78 75 70 64 69 66 67 63 57 58 59 60 61 60 59 64 66 66
    61 64 62 59 59 59 60 67 65 65 64 68 67 68 60 62 62 63 58 63 59 61 57
    60 58 61 54 57 62 61 58 62 59 61 60 60 61 64 66 66 64 66 64 68 65 63
    68 71 71 68 65 70 67 63 63 66 67 67 69 67 67 68 62 64 68 63 69 64 64
    65 66 65 67 62 66 64 62 61 59 55 59 63 66 68 67 70 68 68 66 61 63 61
    55 57 55 57 58 56 53 57 61 61 59 62 63 73 70 74 70 67 66 62 56 61 58
    61 57 57 62 60 62 55 60 65 65 63 66 63 65 64 62 61 61 63 66 67 63 62
    64 63 59 59 63 66 66 70 74 71 66 63 62 66 63 63 60 60 58 63 62 57 58
    62 65 69 63 63 67 61 60 61 62 68 69 70 74 81 75 74 71 67 66 66 64 65
    60 62 60 61 63 60 64 61 59 62 60 57 58 55 65 68 65 66 71 72 73 73 69
    69 71 60 58 56 51 52 50 47 54 54 56 56 58 59 65 64 71 74 70 70 77 74
    72 63 61 62 60 55 69 66 74 74 72 69 71 70 71 67 62 60 61 63 61 60 59
    64 65 64 58 60 60 57 58 59 58 67 65 65 63 66 67 69 63 64 62 63 56 59
    55 57 53 57 57 61 58 58 61 60 56 62 61 62 62 61 62 65 65 64 65 66 65
    68 68 66 70 71 74 71 71 73 72 68 69 69 68 65 67 66 64 61 55 58 60 56
    62 60 60 62 64 63 65 61 64 64 62 61 60 59 61 65 68 70 69 71 67 68 66
    61 63 62 57 60 57 60 60 58 53 59 62 64 62 64 63 74 70 72 67 63 61 59
    53 56 54 56 52 54 58 58 61 56 61 66 65 64 66 65 65 66 63 64 63 64 66
    67 63 63 65 65 63 61 67 70 72 75 77 74 72 67 65 66 62 62 60 58 58 62
    62 58 58 61 63 68 63 63 69 66 64 64 63 66 68 66 71 77 75 76 74 71 70
    67 67 68 64 64 63 63 63 60 62 60 58 61 59 60 59 55 63 67 63 66 69 70
    72 72 67 69 69 59 58 55 52 52 49 47 54 55 58 56 59 62 67 64 69 70 69
    68 72 70 72 63 62 61 61 59 70 69 74 75 71 69 73 72 70 68 63 61 61 60
    60 62 60 63 64 65 59 62 60 59 61 61 60 68 65 64 61 65 67 68 63 64 64
    64 58 60 56 59 55 58 59 61 57 60 62 62 60 64 62 63 61 61 62 64 65 66
    66 65 64 66 67 65 68 70 72 70 71 71 70 67 68 70 70 67 68 68 65 62 56
    58 59 58 62 60 59 60 62 62 62 57 61 62 62 62 62 60 64 66 69 70 71 71
    69 67 66 62 64 62 60 62 61 63 62 60 56 59 61 63 60 62 61 68 64 68 63
    60 60 59 56 60 57 58 55 55 60 58 62 58 63 68 67 61 64 62 64 64 63 66
    68 69 71 70 69 68 70 68 64 62 68 69 71 72 74 75 75 69 66 66 62 62 58
    54 56 62 64 61 63 66 69 71 66 63 67 64 63 63 63 66 67 67 71 74 72 70
    70 67 66 64 64 63 59 58 59 58 59 55 59 58 56 61 60 61 63 58 65 71 66
    66 66 69 74 73 70 73 75 67 66 61 59 56 54 50 58 57 62 60 65 68 73 70
    75 73 71 69 70 68 69 61 63 61 61 60 64 63 66 71 71 69 66 67 65 64 56
    53 57 63 61 65 63 68 70 69 64 68 64 63 64 62 62 68 63 61 60 62 64 66
    58 59 61 60 55 58 55 61 59 62 63 64 59 62 63 64 60 63 63 64 61 62 60
    64 64 65 64 67 66 72 72 72 75 78 79 75 73 73 70 68 69 68 70 68 68 68
    64 61 59 57 58 58 62 59 59 60 63 64 63 59 63 65 64 64 62 59 62 66 68
    70 71 69 69 67 63 58 58 58 58 60 60 63 62 63 58 60 62 65 63 66 65 71
    69 71 66 63 62 61 60 63 60 60 57 54 58 56 58 58 62 65 66 63 65 62 62
    60 62 64 64 66 67 67 68 65 65 64 59 59 64 66 67 70 72 74 72 67 62 62
    59 61 58 57 60 68 70 67 65 68 68 70 66 63 68 66 64 65 63 65 66 67 69
    73 71 74 70 67 63 62 64 64 59 61 61 62 65 61 63 61 60 63 62 62 63 59
    67 71 68 69 69 69 76 73 71 73 75 68 69 64 61 57 55 50 56 55 61 62 66
    69 74 72 76 74 71 68 69 69 68 61 61 60 59 59 69 72 72 75 74 71 69 72
    67 68 61 57 62 65 63 70 66 70 73 69 66 69 62 62 64 61 63 68 65 66 65
    67 69 70 63 64 63 61 57 59 55 58 57 61 63 64 60 64 65 64 61 64 60 61
    57 59 57 58 58 63 63 66 66 71 73 73 73 73 73 67 66 66 63 62 66 67 69
    67 66 67 66 63 64 62 63 65 68 64 61 59 61 63 62 60 65 69 68 66 66 62
    62 63 66 67 71 69 68 65 63 59 57 55 56 60 62 66 64 68 65 65 65 68 66
    69 64 67 66 69 65 62 62 63 62 66 62 61 57 53 58 55 57 59 62 66 69 64
    68 65 65 61 63 63 67 69 68 67 70 69 72 67 62 61 64 64 66 66 70 75 75
    71 66 64 61 60 58 58 61 68 74 72 73 73 72 71 69 65 67 65 62 65 65 66
    66 70 69 73 71 72 69 65 60 59 59 58 52 53 55 56 62 58 60 62 61 64 63
    62 65 60 67 71 68 67 66 67 74 70 68 71 74 70 71 66 64 59 58 54 58 57
    63 64 69 71 75 75 76 72 70 68 69 68 65 59 60 59 57 57 62 66 66 70 70
    69 66 71 65 67 63 60 64 67 66 72 69 70 71 66 62 63 57 57 60 57 60 67
    65 65 63 66 69 71 64 63 62 59 53 54 49 53 54 58 63 63 64 68 67 65 64
    65 64 63 60 60 60 61 59 64 64 65 68 72 73 73 71 69 71 66 65 64 63 63
    69 67 69 68 68 69 69 65 67 65 65 67 71 67 64 61 64 65 62 59 62 65 66
    65 65 61 61 62 66 67 68 66 65 63 63 57 56 55 56 61 64 67 64 67 66 65
    67 70 70 74 70 71 70 69 66 63 62 64 64 66 63 61 57 55 56 56 60 63 63
    68 71 67 69 66 65 63 65 64 66 67 67 68 71 69 70 66 63 60 63 65 69 70
    75 81 83 79 72 69 66 64 62 59 59 66 71 70 69 69 70 71 68 65 65 67 64
    64 64 66 65 69 68 73 73 72 69 67 62 58 59 56 54 53 55 57 62 58 58 61
    62 64 64 64 69 66 70 73 70 70 69 68 74 69 68 72 72 68 70 65 64 59 58
    56 58 59 64 65 70 69 72 70 69 66 64 61 62 63 63 58 61 58 58 59 55 61
    60 64 64 65 64 72 69 70 67 67 68 70 67 72 68 70 69 64 59 61 56 58 60
    59 62 70 67 64 63 64 67 69 64 66 68 65 59 58 55 56 57 60 63 64 66 69
    68 64 62 66 64 62 59 59 57 60 56 61 62 62 66 72 73 76 74 72 77 73 70
    67 65 64 68 65 68 66 67 67 67 64 65 62 63 65 68 65 62 60 60 62 60 59
    62 65 65 67 66 63 60 60 62 66 67 65 66 63 61 56 54 52 55 60 65 69 67
    71 67 65 63 67 66 70 66 69 68 68 65 63 64 67 66 68 64 62 58 55 54 51
    55 60 60 64 66 65 68 63 61 60 62 62 64 66 66 68 69 66 67 64 59 60 61
    62 65 67 71 78 79 75 73 70 67 66 64 60 63 67 70 70 68 67 68 67 65 62
    63 65 63 62 62 61 61 64 64 69 71 74 73 72 67 63 61 59 54 52 54 57 60
    58 56 60 62 63 64 67 69 68 69 72 71 70 69 70 75 73 72 74 74 71 69 64
    61 58 58 56 58 61 65 67 70 69 72 70 66 65 65 62 61 61 61 60 61 59 59
    60 54 60 61 64 65 67 68 75 72 73 69 67 67 67 65 68 65 69 70 66 61 64
    59 62 62 60 62 70 68 67 65 66 70 73 67 68 68 63 57 55 53 55 54 57 59
    62 65 65 63 61 60 65 64 62 58 60 58 59 56 61 63 64 66 71 71 72 69 67
    70 69 68 66 65 65 69 66 69 66 67 67 66 62 63 61 62 64 66 65 65 61 59
    60 58 57 62 64 64 66 67 66 63 62 61 67 69 68 67 66 63 59 53 52 55 61
    63 68 67 70 68 64 61 67 64 68 65 65 65 64 61 61 61 67 68 68 65 64 60
    59 55 51 56 61 60 65 67 67 72 68 65 63 63 64 64 64 66 70 73 72 72 70
    65 60 58 57 60 61 67 73 78 75 75 71 69 68 67 63 65 67 71 72 67 67 68
    67 66 64 62 67 66 65 65 63 63 65 63 68 69 70 68 68 65 61 58 57 54 54
    54 55 60 57 54 59 62 65 68 70 74 75 73 73 73 73 69 67 70 71 71 72 70
    69 67 62 58 57 58 56 57 59 66 69 70 68 70 67 65 63 63 61 62 64 66 66
    68 65 66 68 58 68 67 66 65 64 66 74 69 71 70 69 69 68 66 70 66 69 69
    66 61 62 56 61 62 60 62 67 66 66 64 64 68 72 67 66 68 64 59 55 53 56
    57 61 62 65 68 70 69 66 65 66 65 66 60 60 60 62 61 67 66 69 71 73 72
    73 68 65 68 68 66 65 64 66 72 68 72 73 73 71 70 65 67 63 63 65 70 68
    69 64 63 64 60 59 61 62 62 64 65 63 59 59 58 65 67 66 66 66 62 57 50
    48 50 55 58 64 64 66 64 60 58 62 60 66 64 64 67 64 64 65 66 72 72 71
    71 70 65 63 60 57 62 64 62 68 69 70 73 68 67 64 64 62 62 61 63 69 73
    70 71 69 65 64 59 58 59 58 62 70 73 72 71 72 71 70 67 61 61 63 65 68
    64 65 68 68 66 65 60 65 65 67 69 69 69 72 71 74 73 71 67 66 64 60 57
    56 53 55 55 55 60 55 53 57 61 63 66 68 75 76 76 73 74 75 71 68 69 70
    72 73 71 70 69 66 61 61 63 60 59 63 69 72 71 66 68 68 64 64 65 65 66
    67 66 66 66 64 62 64 63 74 74 71 68 66 67 74 70 71 71 70 72 71 71 74
    71 74 74 68 64 63 57 62 61 58 65 68 68 70 68 66 69 69 66 64 62 58 56
    53 52 54 56 60 61 63 66 68 67 64 64 67 65 67 62 63 62 63 58 63 60 62
    65 66 63 66 63 61 65 65 63 64 62 63 67 63 67 69 70 68 70 68 69 68 68
    67 72 70 71 68 65 65 64 64 64 63 60 62 61 60 55 58 57 65 65 67 66 67
    62 58 51 51 50 54 58 61 62 65 65 62 61 63 63 69 66 66 69 65 64 66 66
    73 70 68 67 65 60 57 53 52 57 58 57 62 66 69 73 70 69 66 63 59 55 55
    54 61 65 64 66 64 63 62 57 56 57 56 62 67 69 71 70 72 72 71 68 64 61
    63 63 65 60 60 62 64 63 65 63 68 67 68 68 67 68 71 70 75 76 77 76 73
    70 65 62 60 56 56 57 57 60 57 55 59 65 66 66 69 74 74 72 68 68 70 67
    64 65 67 69 70 68 69 68 66 60 62 64 63 59 63 68 70 68 61 63 64 61 60
    64 63 66 65 63 63 62 58 57 57 57 67 69 66 63 61 65 72 69 67 68 70 70
    68 70 74 73 76 72 68 63 60 54 57 55 55 60 66 66 69 68 67 70 69 66 65
    63 60 59 54 56 54 57 59 57 61 65 64 64 62 61 65 60 64 61 63 64 67 64
    68 66 67 66 63 59 61 58 55 58 62 60 62 61 64 67 66 68 72 75 74 74 71
    72 72 72 68 69 67 70 64 61 60 59 62 61 60 58 59 60 62 59 59 58 66 66
    68 65 66 64 62 57 56 52 56 58 62 60 61 64 65 64 66 63 66 63 61 63 60
    59 64 65 72 69 65 64 62 56 55 51 50 56 56 55 62 65 69 73 73 73 72 68
    64 60 59 56 63 67 66 69 66 65 65 59 58 59 59 66 68 70 73 71 71 69 66
    64 59 56 59 60 64 60 60 65 66 64 63 60 65 65 63 65 65 67 71 70 73 74
    73 72 69 67 64 60 60 57 57 58 57 60 58 54 59 64 64 66 68 74 76 74 71
    69 71 70 68 65 67 68 70 68 67 63 64 60 63 66 64 61 64 67 67 62 55 56
    56 56 56 61 61 66 64 64 61 62 56 54 52 58 66 67 63 61 59 62 67 67 66
    67 70 70 68 71 73 72 75 70 68 64 63 57 63 60 62 65 70 69 71 71 69 70
    68 66 64 63 59 60 54 58 56 59 57 57 60 64 63 64 64 65 67 64 67 66 65
    65 69 65 65 63 63 63 60 56 58 59 57 62 66 65 65 64 65 67 65 65 73 76
    76 76 71 69 71 68 65 66 65 70 67 64 64 62 63 60 58 56 59 61 63 62 64
    64 71 68 67 65 66 64 62 59 61 58 60 62 63 62 61 61 62 61 61 58 61 60
    61 64 61 59 66 67 73 68 64 63 63 57 55 52 53 56 55 56 62 65 69 71 72
    73 72 66 62 55 55 54 60 63 61 64 64 64 62 59 57 60 59 64 66 68 69 67
    69 67 68 65 60 59 62 60 61 57 57 63 65 62 65 62 67 67 65 64 65 67 70
    70 73 75 74 73 69 67 65 61 60 58 57 58 56 57 54 50 52 60 62 64 66 71
    75 74 68 66 69 69 68 67 72 74 76 74 72 67 66 62 65 68 67 66 70 72 72
    66 59 58 56 57 56 63 62 64 63 64 62 62 56 55 54 66 72 71 66 63 62 64
    67 67 67 66 70 69 67 70 73 71 76 71 68 65 65 59 66 63 66 68 70 67 70
    68 67 69 66 67 67 65 62 63 56 62 58 59 58 58 62 65 64 65 67 66 68 66
    67 67 66 64 69 67 64 64 64 63 60 57 59 62 59 60 65 64 64 62 62 65 64
    62 70 70 71 70 63 62 66 60 57 57 59 65 62 59 60 59 61 58 59 56 58 61
    66 65 67 64 72 69 67 64 65 62 63 60 61 58 60 61 63 61 59 60 62 60 58
    54 57 57 56 59 59 57 64 66 69 67 64 62 62 55 52 50 49 51 51 54 60 61
    65 67 69 69 66 61 58 53 53 51 56 60 62 67 67 69 70 67 65 63 60 64 66
    65 65 64 67 63 64 62 58 59 60 60 63 60 59 64 67 66 66 65 68 69 69 68
    65 67 69 69 71 70 71 72 69 70 66 64 65 62 61 62 59 61 57 52 54 59 59
    60 62 66 70 67 65 63 68 67 68 66 72 75 77 77 75 70 70 64 66 70 67 66
    72 75 73 68 61 60 59 59 57 65 66 66 66 65 65 64 61 58 57 73 77 75 70
    67 63 63 64 63 61 60 63 65 64 67 72 72 76 72 71 68 69 63 68 66 67 67
    68 67 72 70 68 69 66 67 64 60 57 59 55 61 58 60 60 61 63 65 64 65 67
    67 66 64 68 67 66 65 68 70 68 68 70 66 61 59 57 60 56 56 61 63 64 63
    64 66 65 62 70 70 70 71 66 66 70 64 60 60 60 66 65 63 62 61 63 60 61
    57 58 64 68 67 68 63 70 68 65 59 62 61 63 59 58 55 58 60 60 58 58 60
    63 62 57 55 57 56 55 60 60 60 66 71 73 70 66 65 64 55 52 53 52 53 53
    55 60 60 61 63 66 68 67 62 60 55 56 53 55 60 63 68 70 72 71 70 68 67
    63 64 65 63 62 59 63 63 63 62 62 61 62 61 63 61 59 63 68 67 68 66 71
    71 71 70 68 70 71 67 71 70 68 68 62 64 63 60 62 60 62 65 60 63 58 53
    54 58 56 60 61 67 71 70 66 64 68 68 66 65 69 70 73 74 73 71 70 68 70
    74 71 69 72 75 72 69 63 62 60 61 59 64 67 67 66 66 65 64 62 57 56 74
    75 73 67 63 60 58 59 59 57 59 62 66 68 70 76 78 81 77 76 73 71 65 68
    66 69 67 67 66 71 69 68 67 65 66 66 65 61 62 60 64 61 64 61 62 63 64
    66 68 67 67 67 68 70 68 67 68 71 71 67 67 68 67 62 61 63 65 61 58 63
    63 63 61 62 66 67 64 71 73 72 73 68 66 69 62 59 59 59 64 63 62 63 64
    66 63 63 59 58 62 63 65 66 61 67 66 64 61 62 61 65 63 62 59 57 61 61
    59 58 59 63 64 58 58 58 58 60 64 64 65 70 74 73 70 64 65 64 55 52 54
    51 55 54 55 59 58 61 60 63 66 65 62 63 59 61 58 59 63 66 69 72 76 76
    76 75 74 70 71 72 69 68 64 68 67 66 62 63 60 61 59 58 57 55 57 62 62
    63 61 65 64 64 65 63 64 66 63 66 65 64 64 58 59 58 56 57 54 56 62 59
    61 58 53 54 56 52 54 55 60 63 63 61 59 61 64 65 65 67 67 71 75 70 66
    67 67 71 72 69 70 72 73 72 69 65 64 62 63 60 63 65 65 63 63 61 62 58
    54 52 69 68 68 64 62 61 59 57 57 54 56 59 62 66 70 75 79 80 78 77 75
    74 68 71 68 71 68 66 62 68 65 67 65 63 64 65 63 61 62 60 65 63 64 62
    63 62 64 63 64 66 64 63 65 66 66 67 65 68 67 63 61 62 62 60 59 61 63
    61 58 61 61 62 61 61 63 66 64 70 71 70 73 71 67 69 64 60 58 57 61 60
    59 59 62 64 64 64 62 64 68 67 72 73 65 68 65 63 63 61 61 68 68 68 65
    64 69 68 66 64 66 69 68 62 61 59 59 60 64 65 65 69 74 73 70 67 67 65
    59 55 57 55 54 54 56 58 57 58 57 60 60 61 59 61 58 62 60 64 65 66 69
    70 72 70 69 70 71 69 73 75 74 72 70 70 69 67 65 69 66 68 68 64 61 58
    60 63 61 60 61 65 64 61 62 61 61 64 59 61 63 62 60 58 57 59 58 59 56
    60 65 65 65 62 57 58 59 54 54 55 59 63 62 61 62 64 67 67 68 70 70 71
    73 68 65 65 64 66 70 69 72 72 73 72 71 67 65 60 62 59 60 60 61 61 65
    62 65 62 62 58 65 61 62 59 58 56 55 54 56 54 55 59 62 65 66 70 73 76
    73 76 74 75 70 72 66 73 66 65 62 67 64 68 66 67 67 70 69 69 68 65 70
    67 65 63 65 66 67 65 66 67 65 63 64 64 65 65 64 67 65 61 62 65 67 66
    67 70 71 65 61 61 61 60 57 60 64 65 65 68 67 67 68 66 65 64 59 59 58
    57 60 58 58 59 61 62 62 63 63 64 70 68 70 71 63 64 64 60 60 60 61 68
    71 69 66 65 67 68 65 61 60 64 64 60 58 56 58 61 65 66 66 69 74 72 71
    67 68 67 60 57 58 56 56 56 59 61 61 63 59 61 60 60 61 63 59 61 62 63
    65 64 67 69 71 66 66 66 68 65 67 71 74 72 72 71 71 69 65 69 68 67 69
    67 66 64 63 65 64 62 60 64 64 63 64 65 64 67 61 62 63 60 56 56 54 58
    58 60 59 64 66 68 68 64 55 58 57 53 52 52 58 64 61 60 62 64 70 70 72
    72 72 73 72 63 60 60 61 62 65 65 69 70 69 69 68 66 63 59 59 56 57 57
    57 59 64 61 64 62 63 61 72 67 67 64 64 63 60 58 61 58 59 60 63 65 64
    66 69 72 72 74 73 76 74 76 71 76 70 69 66 69 65 70 66 68 68 70 67 68
    65 64 68 67 66 66 69 71 71 71 70 70 69 67 68 67 66 65 63 63 61 58 60
    59 63 66 68 70 70 65 63 65 62 63 61 63 66 68 67 70 66 66 67 65 62 60
    55 56 55 55 59 56 56 58 61 64 62 63 65 68 73 70 71 71 63 64 64 60 61
    60 62 68 68 65 64 62 67 66 64 63 61 62 63 57 58 59 61 66 71 72 71 70
    74 69 65 64 65 64 60 57 59 59 58 56 58 58 56 56 53 56 56 58 61 64 63
    64 65 65 63 62 65 68 70 64 65 67 67 63 63 68 70 69 70 71 74 73 69 72
    71 69 69 66 63 61 59 63 61 62 61 65 64 64 65 66 64 65 59 64 63 62 59
    59 58 61 59 59 56 60 61 64 65 63 56 60 59 56 53 54 57 63 59 57 61 61
    63 65 67 68 71 70 73 68 66 66 66 65 69 68 69 69 68 68 69 68 65 63 62
    60 61 59 58 61 64 61 63 60 63 62 66 62 65 64 63 62 61 60 60 56 58 58
    60 62 61 64 68 69 70 73 70 72 72 73 66 72 66 66 63 65 61 68 64 65 66
    67 65 65 61 62 68 68 67 69 72 73 72 71 70 69 67 64 65 66 63 64 67 64
    64 63 64 64 66 66 67 68 65 60 58 60 58 61 61 66 66 68 66 69 64 63 63
    62 61 57 52 54 55 54 59 55 56 56 57 60 61 60 61 63 69 64 65 67 60 61
    64 60 64 62 63 69 72 65 64 62 66 65 62 61 61 64 65 63 63 61 62 65 66
    67 65 62 67 64 63 61 64 61 59 57 58 57 59 57 59 58 56 56 55 56 56 59
    63 66 67 67 67 68 65 63 66 68 71 66 66 69 68 63 65 69 72 71 72 73 74
    72 68 71 67 66 68 67 65 64 61 67 63 62 61 64 62 63 63 63 62 63 58 62
    60 59 60 61 61 62 61 62 60 63 61 64 67 65 59 63 61 60 55 54 57 63 57
    58 61 62 64 65 66 66 65 65 67 63 61 61 62 63 67 66 67 65 64 64 64 64
    62 62 63 63 64 62 60 60 65 59 61 57 62 60 64 62 66 63 65 62 61 60 60
    56 60 58 62 64 64 67 71 69 70 74 71 72 69 68 63 68 62 60 60 62 61 67
    62 63 63 62 61 62 59 62 69 72 70 72 73 73 70 66 64 65 63 61 63 66 65
    66 68 66 68 66 68 67 67 67 70 70 67 62 65 67 66 69 68 71 69 68 66 66
    61 60 61 64 62 60 57 58 58 56 60 55 55 54 56 60 63 60 64 66 72 66 64
    64 58 57 60 56 61 59 61 68 71 66 66 65 70 68 65 64 62 62 62 62 62 60
    61 67 69 68 66 63 67 66 62 61 65 63 63 61 62 62 63 59 58 58 57 58 56
    57 58 61 65 68 68 69 67 69 67 62 62 64 66 61 59 62 63 60 60 64 67 69
    69 71 73 69 68 71 67 65 66 65 65 66 62 67 64 63 62 65 61 62 62 66 65
    67 62 67 65 63 62 61 59 62 61 62 60 62 61 66 67 66 63 66 65 63 57 56
    58 62 57 59 63 62 64 65 66 64 63 60 61 58 57 56 59 59 66 66 68 66 66
    66 66 65 65 63 65 65 66 63 62 61 66 58 59 51 57 55 62 61 66 64 66 62
    65 64 64 60 65 61 63 64 64 66 70 68 69 74 72 70 68 65 60 65 61 60 60
    61 61 64 62 61 61 62 60 63 61 61 69 72 70 71 71 70 69 63 62 64 62 60
    63 64 65 63 64 62 64 60 64 64 66 68 70 72 69 64 63 65 63 65 60 63 62
    62 62 61 59 60 62 63 64 61 59 60 59 57 61 54 56 54 56 61 62 60 63 64
    69 64 64 64 59 58 62 60 66 62 65 70 74 69 68 68 70 67 64 60 57 58 56
    60 59 56 60 66 65 66 63 61 65 63 61 61 65 63 64 64 64 63 64 60 58 57
    58 59 55 57 57 59 66 68 68 69 67 69 68 61 63 62 64 60 57 60 58 55 56
    59 64 66 68 70 72 70 66 67 64 61 63 63 64 65 62 65 62 62 63 64 62 65
    65 68 66 66 63 65 62 64 63 63 61 63 63 63 59 60 59 64 65 65 63 67 66
    65 58 56 57 60 53 53 57 57 61 62 63 62 64 62 63 57 54 56 58 57 60 60
    65 66 64 66 65 65 64 60 63 63 65 61 61 61 65 57 58 51 58 53 63 63 65
    66 70 68 69 67 68 64 65 61 61 58 58 60 65 64 63 68 67 67 63 59 56 60
    58 58 57 59 57 61 61 58 58 58 55 60 59 58 66 70 70 71 72 72 70 64 65
    65 64 59 61 64 65 61 61 61 66 61 64 63 63 66 68 66 63 60 62 66 64 65
    62 65 63 62 60 59 56 58 60 61 64 62 60 61 60 59 61 55 55 53 55 59 61
    59 62 63 72 67 66 64 61 58 63 60 65 59 61 66 71 66 65 66 68 66 62 59
    55 58 56 62 62 62 65 70 66 67 63 60 64 64 63 63 65 62 64 63 61 63 64
    61 62 59 59 60 54 56 55 58 65 66 65 67 66 65 62 55 57 57 59 56 55 58
    58 56 57 58 61 64 66 69 70 68 69 70 69 63 63 64 66 65 63 65 65 67 66
    67 64 68 68 69 69 69 67 71 68 70 70 68 65 68 66 66 62 62 61 64 65 67
    64 67 67 68 63 60 59 62 58 59 62 62 63 65 65 64 67 63 64 61 59 60 61
    58 63 64 66 66 65 66 65 63 61 61 63 63 66 64 66 65 67 58 58 50 54 50
    66 66 69 68 73 69 70 68 67 64 65 59 60 57 60 61 63 63 63 66 65 64 60
    58 54 57 57 57 57 60 60 62 62 58 59 57 55 59 57 59 67 69 70 68 68 69
    65 60 63 61 62 59 62 64 64 61 62 61 67 62 68 66 63 65 69 64 62 57 58
    63 62 61 59 63 61 60 59 57 56 59 58 58 61 61 59 58 57 59 62 58 57 58
    58 63 62 59 59 58 63 60 57 55 57 54 60 58 63 59 63 63 70 64 64 65 65
    63 59 55 51 52 53 60 61 63 68 73 70 70 64 62 64 62 62 62 62 61 61 59
    55 55 58 58 58 55 56 58 55 55 57 59 67 68 68 69 67 63 63 57 58 60 61
    58 58 61 59 56 55 53 57 60 63 68 69 68 71 70 68 60 59 63 66 63 62 64
    66 66 66 63 60 66 63 63 63 62 64 70 66 69 71 69 65 65 63 63 61 59 58
    62 66 69 68 71 72 73 70 66 63 65 58 60 63 60 61 64 64 65 65 63 65 60
    58 57 61 59 61 63 66 66 66 65 64 61 59 60 61 62 65 63 65 63 62 55 55
    48 51 46 70 73 75 72 76 73 72 70 69 64 67 62 62 61 65 67 68 65 64 66
    62 60 55 55 53 55 54 57 58 62 60 63 62 57 58 55 53 58 55 58 65 67 69
    68 67 68 65 61 65 61 61 59 59 61 61 56 58 58 65 62 66 63 58 61 63 57
    57 54 56 62 61 61 58 62 60 62 62 61 62 64 62 62 62 63 60 56 55 58 61
    59 55 55 55 61 62 60 60 60 65 63 59 57 56 52 59 57 61 55 58 59 64 61
    62 65 68 65 61 59 53 55 54 60 60 64 67 73 69 69 65 63 66 63 62 65 65
    64 64 59 58 57 57 57 57 54 56 57 57 57 59 62 70 71 72 73 73 69 68 62
    63 63 64 62 63 64 61 60 59 57 57 58 59 63 63 63 67 66 63 58 56 60 62
    59 60 63 66 68 68 64 60 63 62 59 59 56 59 67 64 67 69 68 67 66 62 63
    60 57 58 60 64 66 66 68 70 71 70 66 65 67 63 65 67 63 63 65 61 62 63
    59 63 62 60 59 63 62 67 66 67 68 71 70 68 64 63 63 65 67 69 69 69 68
    68 60 57 48 52 50 69 70 70 68 72 70 69 65 65 62 64 60 61 61 69 71 73
    71 70 71 66 63 56 55 53 55 53 54 55 61 59 62 63 58 59 56 54 59 59 59
    66 69 68 65 64 63 61 58 61 58 59 56 58 59 59 54 58 57 64 62 64 62 58
    58 63 60 61 59 61 66 67 64 60 61 59 58 58 57 61 61 60 61 62 64 62 55
    56 58 61 62 59 60 58 62 63 61 58 56 59 59 56 56 55 51 58 57 59 54 55
    57 65 62 62 65 66 64 60 54 49 50 48 54 53 59 62 67 64 65 62 63 64 63
    65 66 66 66 67 60 59 56 57 58 57 53 56 59 58 54 55 58 64 64 62 67 69
    66 66 62 63 65 63 63 63 63 61 61 59 58 59 58 61 65 62 63 66 65 63 56
    56 61 64 61 60 65 70 70 69 67 64 69 66 61 60 56 59 65 61 63 68 69 69
    68 67 66 64 61 61 61 61 62 63 64 66 70 70 65 65 66 63 63 62 61 65 66
    62 63 64 61 61 59 56 55 60 60 63 63 67 70 75 74 70 66 67 65 66 65 66
    66 67 63 64 58 57 51 56 54 73 71 70 67 74 71 70 63 63 59 60 55 58 59
    69 71 73 73 71 69 64 61 54 51 51 53 52 53 52 58 56 56 58 55 57 55 54
    60 59 58 62 64 65 62 61 59 58 56 58 54 55 55 57 58 61 54 57 56 60 59
    62 57 55 58 65 63 66 66 68 72 70 64 60 58 55 54 57 54 59 60 60 62 64
    66 64 57 57 60 60 63 59 61 60 63 62 61 57 55 56 59 56 56 53 49 56 58
    58 57 57 61 68 65 63 67 68 66 59 54 46 48 45 50 50 58 64 69 68 69 65
    65 66 63 66 67 65 67 69 63 62 57 55 59 56 50 53 56 55 53 53 56 65 66
    64 69 71 67 68 62 60 63 58 59 59 58 59 58 54 54 55 52 53 56 56 60 62
    62 62 58 58 60 60 59 60 64 66 66 66 66 64 67 64 60 58 57 58 63 62 67
    71 71 71 72 70 67 65 61 63 63 62 62 64 63 66 68 67 64 63 64 62 61 62
    61 64 66 62 62 64 61 63 60 60 60 66 63 63 62 65 68 72 71 71 67 69 68
    68 66 66 65 67 65 65 59 57 52 55 54 72 69 69 70 73 73 72 64 65 60 58
    54 57 58 66 66 69 71 69 67 60 58 53 52 52 54 53 56 55 59 56 57 58 57
    58 60 60 64 61 60 61 60 61 58 57 57 56 56 59 54 54 56 55 56 58 53 54
    52 54 55 59 53 50 53 59 56 60 59 60 65 64 58 55 54 52 55 58 58 63 64
    64 64 63 63 60 54 55 59 61 67 63 69 67 66 63 62 57 54 52 57 55 56 53
    49 57 61 59 60 57 62 68 64 59 63 63 64 58 54 49 53 51 53 55 62 67 69
    67 69 66 64 62 60 64 65 61 64 67 63 63 60 56 62 58 50 51 52 51 51 50
    57 66 66 65 72 75 69 67 62 63 63 57 55 57 57 58 56 52 54 55 54 56 57
    59 64 65 67 65 62 61 62 61 59 57 60 63 63 63 63 61 64 61 56 55 54 55
    61 60 65 68 69 68 69 65 64 61 58 59 60 58 60 59 58 63 67 67 65 64 66
    63 59 59 57 58 61 59 61 65 64 65 64 64 63 68 66 65 63 64 65 69 66 65
    62 63 66 67 63 63 62 65 63 62 56 56 53 56 54 70 69 68 71 73 75 73 66
    66 63 59 56 58 60 68 67 66 69 65 61 57 55 50 51 50 52 53 53 52 59 55
    59 60 59 60 63 63 66 61 60 59 58 57 55 53 54 54 56 60 55 54 57 54 57
    57 52 54 52 53 55 56 52 49 50 56 54 61 59 62 67 68 62 61 59 59 59 62
    61 66 65 63 63 60 61 59 53 56 60 60 68 63 69 67 65 64 64 59 58 52 59
    56 57 53 48 55 58 54 58 54 60 64 63 59 62 60 64 60 59 54 57 58 60 62
    68 73 72 74 73 68 63 63 61 66 64 60 63 67 62 58 55 53 60 58 51 53 54
    52 51 51 57 64 66 66 71 74 71 69 63 61 63 58 55 56 56 61 60 55 57 59
    58 57 56 58 63 63 65 64 64 63 63 62 62 62 65 64 62 63 63 61 61 58 56
    56 55 55 61 58 62 64 65 62 64 61 62 63 59 62 63 63 65 64 62 66 68 69
    66 64 64 62 61 62 60 58 60 59 60 64 59 61 62 64 61 67 64 65 65 66 65
    72 70 71 66 66 70 70 64 64 61 64 62 61 56 56 52 55 55 67 67 69 72 71
    73 74 66 65 62 59 57 60 63 71 69 67 70 66 64 58 56 54 56 52 55 54 53
    54 58 57 61 61 61 63 64 64 67 61 62 60 58 57 57 54 56 54 57 59 56 56
    60 55 57 57 54 55 53 52 56 59 56 53 53 57 56 61 59 61 64 67 63 64 62
    62 62 67 66 71 67 65 66 64 63 62 57 60 64 65 73 70 76 73 72 67 67 62
    61 52 58 53 58 53 49 53 56 51 58 54 59 61 61 59 63 61 63 61 61 59 61
    59 59 62 65 69 69 73 73 68 65 66 63 66 63 61 66 68 62 61 57 57 63 60
    53 54 56 55 51 51 56 62 63 65 71 75 72 71 66 66 63 58 55 56 56 59 59
    56 57 60 61 60 60 61 65 63 64 62 63 64 65 63 66 67 70 65 62 63 62 61
    60 57 58 57 56 58 60 58 59 59 63 62 62 59 62 64 60 61 64 62 65 65 63
    68 70 70 69 67 66 64 61 60 58 58 59 59 60 63 61 61 60 61 56 61 60 60
    60 62 63 72 72 72 68 71 72 71 66 64 61 62 57 58 55 54 52 57 57 67 68
    68 71 69 72 71 66 67 63 62 61 63 65 70 68 69 71 66 65 60 58 56 57 53
    58 56 58 60 61 61 63 63 63 63 65 66 66 63 62 59 57 54 56 54 56 55 59
    61 60 60 62 57 60 59 57 58 53 54 61 61 58 55 53 55 55 60 59 62 67 70
    68 68 65 66 65 68 65 68 64 64 65 64 64 64 61 65 67 66 71 68 74 72 68
    64 67 64 64 56 62 61 65 57 55 56 58 52 56 51 58 57 56 52 59 58 60 59
    61 61 65 61 61 64 67 68 68 70 71 67 62 63 63 64 61 60 64 67 61 59 56
    55 60 57 52 54 57 57 56 54 59 64 63 62 67 69 67 65 60 61 61 58 57 59
    59 62 63 59 60 61 62 62 62 62 68 62 65 63 63 63 61 59 64 64 66 64 62
    64 66 66 65 64 64 65 63 62 64 61 62 60 62 61 61 58 60 61 59 60 63 62
    64 62 58 61 63 61 58 56 58 60 57 55 54 54 56 57 56 61 61 62 64 63 59
    63 62 60 59 59 62 70 71 71 70 73 76 75 71 67 66 65 61 62 59 56 56 60
    61 62 61 62 68 67 69 70 63 64 60 58 57 62 63 69 67 69 72 68 66 62 59
    59 58 54 57 56 57 60 61 61 64 64 64 63 65 65 66 63 62 60 58 54 56 53
    52 53 56 58 59 61 64 62 64 63 63 64 59 60 65 64 61 58 56 58 56 61 59
    64 69 70 68 71 67 68 65 63 63 64 59 62 63 62 63 65 64 69 68 68 73 72
    77 74 68 65 65 60 60 54 58 60 63 58 57 58 59 53 58 55 60 61 58 56 61
    57 58 58 60 62 66 62 62 66 66 68 66 68 70 67 62 61 59 62 58 57 59 63
    61 60 58 58 63 63 58 59 60 58 58 55 59 62 61 61 67 68 66 63 57 58 58
    56 55 57 59 64 65 61 60 62 64 64 65 66 70 67 69 68 68 68 67 65 68 68
    68 65 61 63 62 64 64 62 62 64 64 66 65 62 63 64 66 61 60 56 58 59 56
    58 62 61 65 63 60 63 63 61 60 57 57 59 57 55 54 53 54 58 58 64 66 64
    66 68 64 65 61 58 58 60 60 65 67 70 69 72 75 74 71 66 62 62 58 59 60
    59 62 67 67 56 57 61 67 66 68 70 65 66 60 57 58 61 61 65 62 65 65 63
    62 59 58 59 59 57 60 61 60 61 59 59 62 62 62 63 66 69 68 64 61 58 56
    52 54 51 52 54 56 59 62 61 64 62 63 63 62 61 59 58 63 63 63 61 59 59
    57 59 57 59 63 65 65 69 68 69 69 67 64 64 61 63 66 64 64 65 66 70 67
    68 73 73 78 74 69 67 67 61 59 53 58 59 61 55 55 56 58 53 57 57 63 62
    61 57 63 59 58 59 63 64 68 64 65 69 68 68 67 69 71 70 64 64 63 63 59
    57 58 62 60 57 59 59 64 63 59 62 65 61 63 59 62 68 67 67 73 74 71 68
    61 61 59 60 55 59 62 66 65 64 59 63 63 61 59 61 63 63 66 66 68 69 65
    67 70 70 69 64 60 64 62 61 62 59 63 65 67 68 69 66 67 65 67 60 61 58
    61 63 60 63 67 65 68 63 61 62 60 58 57 53 55 55 56 56 56 53 52 57 57
    62 63 61 65 66 62 64 57 56 56 57 57 62 66 71 70 72 74 74 71 66 63 62
    61 63 66 65 68 72 72 55 56 59 65 61 62 66 63 66 64 61 62 63 61 64 60
    61 64 61 62 63 62 63 65 60 64 63 61 62 60 59 62 62 64 63 66 68 68 65
    63 59 58 54 54 52 55 58 61 64 69 68 69 66 65 62 61 59 57 59 61 61 62
    59 58 58 54 57 55 56 62 63 64 69 70 73 74 69 66 68 64 66 67 64 66 69
    70 73 69 70 76 74 78 73 69 68 67 60 60 55 57 58 60 54 55 55 57 53 57
    57 61 60 57 54 59 56 55 59 63 67 69 67 64 70 68 68 66 68 69 71 65 65
    64 62 60 59 57 60 59 55 58 59 61 63 60 61 65 60 61 60 61 65 65 65 72
    73 71 67 60 61 59 59 55 58 64 67 66 66 61 66 68 67 66 66 67 65 67 66
    66 68 65 67 70 69 67 65 61 64 64 63 65 62 67 67 68 70 70 65 66 60 64
    57 54 53 57 58 57 58 64 63 66 62 62 61 58 57 56 55 56 56 57 59 58 57
    55 59 61 66 66 63 67 67 62 61 57 55 56 56 56 61 67 70 71 72 72 72 69
    62 60 59 59 62 65 66 69 73 71 54 57 59 62 59 61 63 64 66 65 66 65 66
    65 68 65 65 66 64 65 66 66 68 69 64 66 65 62 63 60 57 60 62 63 61 61
    63 64 63 60 56 59 55 55 55 57 62 65 67 72 71 70 65 63 59 57 57 55 59
    60 59 64 63 61 61 57 59 58 57 62 63 65 71 74 77 76 71 67 69 64 63 64
    62 63 69 69 73 71 71 76 75 75 72 67 66 66 58 60 56 55 56 59 56 60 57
    59 59 61 62 65 61 61 58 61 57 57 60 64 65 68 68 69 72 68 70 68 70 67
    70 66 68 68 66 64 65 61 63 59 53 56 55 58 61 59 61 66 64 64 64 63 65
    67 66 69 71 67 64 60 60 59 62 60 63 69 69 68 66 62 66 67 66 65 67 69
    66 65 66 64 66 64 64 67 70 67 65 63 66 68 67 67 64 68 67 67 67 66 61
    61 58 60 56 53 55 58 59 58 60 65 65 66 64 65 64 61 61 58 60 60 59 62
    63 61 62 59 61 61 62 62 59 59 58 54 55 51 50 53 54 55 60 67 70 75 75
    75 74 73 67 67 65 63 65 70 68 72 74 74 58 61 61 62 60 59 60 62 64 63
    64 62 63 61 62 60 63 63 64 66 66 68 72 71 67 69 69 68 68 62 60 61 61
    63 61 59 62 61 64 60 58 61 58 59 63 64 69 70 71 76 76 73 68 64 61 61
    63 60 63 66 65 67 67 64 64 57 58 58 56 59 60 62 68 69 72 75 71 69 71
    68 68 67 63 63 65 63 69 67 70 76 74 74 72 67 64 61 52 54 54 53 53 56
    55 60 59 59 60 60 63 66 63 61 59 61 59 55 58 61 63 67 67 69 72 67 68
    69 68 65 67 66 66 66 65 64 66 61 62 60 54 56 54 56 60 58 61 68 66 65
    66 65 65 67 66 70 73 66 61 59 59 55 56 55 61 67 66 65 65 64 65 66 65
    67 68 73 70 70 71 68 70 69 69 70 71 68 68 65 66 66 64 64 62 65 66 67
    67 68 67 67 64 64 62 59 60 60 58 57 61 62 61 62 62 64 64 61 61 59 61
    62 63 64 64 62 65 63 62 62 62 63 59 57 56 55 54 54 51 54 54 57 59 63
    64 69 71 71 70 70 67 68 64 63 64 69 68 70 72 72 66 66 64 63 62 61 59
    63 67 66 69 67 66 65 64 63 63 61 63 66 66 70 71 73 72 73 74 72 69 66
    64 63 62 61 61 60 62 60 63 59 58 61 59 57 62 63 69 69 70 75 75 73 68
    64 63 61 63 61 63 64 63 64 66 64 65 61 64 64 64 65 64 64 67 68 69 72
    68 67 70 69 68 66 62 63 63 62 64 64 68 70 70 69 66 64 61 60 53 52 53
    53 52 55 54 59 60 60 61 63 63 66 65 63 61 62 59 57 60 61 61 66 66 67
    68 65 65 65 63 61 66 65 65 67 66 67 66 60 61 59 56 58 54 56 61 61 64
    68 66 69 71 70 70 69 67 71 72 67 61 57 58 56 57 55 60 68 69 66 66 64
    66 65 62 63 65 69 68 68 68 66 67 67 67 68 68 69 72 70 70 72 67 68 64
    64 63 64 61 63 62 63 63 65 63 61 61 60 59 57 59 60 61 62 61 62 64 61
    60 56 57 60 63 64 65 65 67 66 63 63 61 61 56 58 56 58 58 57 54 58 57
    58 58 60 63 70 70 72 72 73 71 70 66 67 66 69 68 69 70 70 69 67 65 63
    62 60 61 63 67 67 69 67 66 65 63 62 62 61 64 65 65 69 70 73 72 71 73
    69 65 62 58 58 58 58 58 58 60 58 59 55 53 57 56 55 62 63 71 74 72 75
    75 73 69 64 62 60 62 60 61 61 62 61 64 64 66 63 65 63 65 66 62 62 66
    66 68 70 67 69 71 69 71 67 63 63 64 62 62 61 66 70 71 68 66 66 65 62
    55 53 55 54 52 53 53 59 62 59 63 67 66 69 68 67 67 64 59 58 60 59 58
    62 65 65 66 62 63 62 61 58 64 65 64 66 68 67 69 61 62 65 64 66 65 66
    71 68 67 69 63 65 67 67 69 70 69 76 77 72 67 63 63 60 59 57 60 66 68
    63 66 65 65 66 63 63 66 68 67 67 65 64 67 67 67 69 71 71 73 71 71 71
    64 66 62 60 58 59 57 59 59 60 64 64 62 61 63 60 60 57 60 61 62 62 62
    64 66 63 62 58 62 63 64 65 68 68 71 67 63 64 62 59 55 55 54 59 58 55
    54 57 57 57 55 59 62 68 69 69 70 70 67 65 63 64 64 66 66 66 67 68 71
    69 65 60 61 61 59 63 67 69 73 69 65 66 62 61 60 58 61 63 64 68 67 70
    70 67 70 63 59 55 52 53 56 55 57 58 62 59 60 57 54 58 59 59 65 66 71
    73 72 72 70 69 65 61 59 56 59 60 59 60 63 65 67 66 67 67 69 67 66 68
    63 63 64 62 63 66 65 66 70 70 72 69 65 63 63 61 60 60 65 69 72 71 68
    68 64 62 56 52 52 52 49 52 55 61 63 65 69 75 74 74 70 70 68 63 59 58
    59 59 60 62 66 68 68 67 68 66 67 61 65 66 66 69 68 67 70 65 65 66 63
    65 65 65 67 66 63 65 60 60 63 63 63 67 67 71 72 68 66 63 64 60 61 58
    62 66 68 64 67 65 66 66 66 65 68 70 69 67 64 61 63 62 63 66 67 70 73
    72 71 71 64 66 63 62 58 59 57 60 59 59 61 61 60 58 62 59 59 57 59 61
    66 64 65 68 70 68 65 58 61 63 61 62 64 66 72 69 61 62 58 54 49 47 47
    52 53 54 55 60 60 60 61 63 64 69 66 68 70 70 68 69 67 68 65 65 65 64
    62 61 68 68 62 58 60 62 59 64 67 70 74 69 64 67 63 61 60 59 61 62 62
    64 65 67 66 65 69 64 61 56 55 56 57 55 57 59 62 59 61 60 58 61 64 65
    72 71 74 76 71 68 65 62 61 59 57 56 62 63 64 63 65 67 69 70 70 68 73
    70 69 70 64 64 64 59 59 62 63 64 67 69 73 69 65 63 64 64 65 64 69 71
    71 68 66 64 62 58 56 57 57 54 52 54 58 64 64 64 69 76 74 75 68 68 68
    62 58 59 59 58 61 64 69 70 70 69 72 67 67 60 61 62 63 65 66 66 72 66
    67 68 67 70 68 65 69 68 65 64 60 60 65 65 63 66 66 71 71 68 67 66 65
    61 60 61 63 63 66 64 69 70 71 70 73 72 74 77 71 69 66 60 61 60 57 61
    62 65 71 72 71 74 69 69 66 62 56 57 54 54 56 56 57 57 55 54 58 53 56
    53 56 58 66 64 68 71 75 74 69 61 64 65 62 63 65 68 73 70 64 65 59 54
    50 48 48 53 52 55 57 61 62 60 59 62 63 67 65 65 66 67 65 64 64 63 60
    60 59 58 55 52 66 66 60 58 61 65 60 64 65 66 71 66 63 69 64 65 65 63
    63 63 61 63 63 65 64 63 67 62 60 57 57 58 60 56 58 60 61 57 58 56 57
    61 65 69 75 73 76 76 72 66 62 59 59 56 54 54 59 61 61 61 63 67 71 70
    69 69 72 71 68 66 63 66 63 58 56 58 61 64 64 67 72 68 63 62 62 62 63
    61 66 69 69 64 63 61 59 57 57 56 57 55 55 57 62 65 66 65 70 74 74 72
    66 68 69 62 56 57 59 59 58 62 68 73 71 68 69 65 66 58 57 58 60 63 66
    63 70 66 66 67 66 67 69 65 70 69 67 67 63 61 66 65 62 64 66 69 69 67
    68 68 67 62 63 63 65 63 67 65 69 69 69 69 74 73 75 77 74 71 67 59 57
    57 53 55 59 62 70 73 69 70 66 65 65 60 57 60 59 60 63 60 62 61 60 58
    61 57 60 57 59 60 68 67 70 71 75 75 69 62 63 63 62 62 63 67 69 66 62
    61 56 52 48 46 49 51 52 56 58 62 64 60 61 62 62 62 61 61 62 62 61 61
    62 63 59 59 60 58 54 52 75 72 64 63 64 66 61 60 61 62 65 63 60 66 63
    64 65 63 65 66 63 63 61 62 62 61 64 59 60 58 59 60 62 56 58 61 60 59
    59 56 59 63 67 71 73 71 73 74 71 64 62 61 64 63 60 59 64 65 62 61 64
    65 69 68 67 71 74 72 71 66 64 68 64 58 57 59 65 67 66 70 77 72 67 64
    63 63 62 58 61 64 64 60 58 58 58 56 58 58 58 57 58 60 66 64 66 66 70
    72 71 67 64 65 66 58 53 53 55 54 52 54 61 66 66 65 64 62 64 59 56 58
    61 64 67 65 72 67 65 67 68 66 69 62 69 71 68 69 64 62 67 65 63 65 65
    71 70 68 71 69 69 65 65 64 68 62 68 67 72 68 69 66 70 69 70 69 68 68
    65 60 57 57 56 58 61 65 72 75 69 69 67 66 66 62 60 64 65 65 68 66 66
    66 63 60 62 58 60 59 60 61 69 68 69 69 71 68 61 56 58 59 59 61 64 71
    72 70 66 66 61 59 55 54 57 60 59 61 63 66 68 63 63 63 64 63 59 58 60
    59 59 58 60 64 63 61 62 60 58 56 70 66 58 56 60 64 60 60 62 64 70 68
    65 71 67 69 68 64 66 67 66 64 61 65 64 61 61 55 58 58 58 59 61 57 60
    61 60 61 60 60 62 65 67 69 70 67 66 70 68 64 60 61 67 65 63 59 62 65
    60 58 62 64 68 69 69 75 76 73 73 70 69 74 68 66 65 65 68 67 64 68 71
    68 64 63 65 67 65 60 61 65 64 61 57 56 58 56 59 60 58 56 57 60 66 64
    66 69 74 78 76 72 68 69 67 59 51 53 55 53 50 52 59 63 61 62 63 61 63
    57 58 60 63 63 68 65 69 65 64 64 69 68 71 66 72 71 70 67 63 62 65 63
    63 65 66 70 69 68 73 71 72 67 69 67 71 65 70 69 74 68 69 67 71 67 67
    66 68 68 64 59 57 57 55 57 59 64 71 76 70 69 66 68 67 61 57 64 64 65
    65 63 64 65 60 57 59 56 57 58 58 61 70 70 71 71 71 70 62 55 57 56 56
    58 62 69 71 69 67 68 64 61 55 56 59 61 60 63 65 68 68 64 66 66 67 66
    62 61 62 60 58 58 60 66 64 63 63 63 58 59 68 65 59 57 59 63 60 58 59
    60 64 63 61 65 62 63 65 65 67 66 66 66 66 69 65 62 63 57 58 57 56 57
    60 57 58 61 60 60 62 60 62 66 68 71 71 66 68 70 67 61 57 57 62 60 57
    57 61 63 61 62 63 65 67 67 67 70 71 70 70 69 68 72 68 64 62 64 67 66
    63 64 70 71 64 63 64 67 66 58 57 63 61 59 57 56 62 59 60 61 58 58 59
    60 65 64 68 72 76 80 79 76 71 70 67 58 52 53 52 52 48 49 58 62 62 64
    66 64 66 58 58 60 63 62 68 66 72 69 66 66 68 66 69 61 65 67 67 66 63
    62 66 64 61 64 66 67 66 67 73 73 70 67 69 69 72 65 69 69 71 68 69 66
    72 68 69 70 71 69 66 61 61 60 59 59 60 63 70 73 68 66 65 66 65 59 58
    63 64 64 64 63 64 62 57 55 58 57 59 59 61 62 69 67 69 69 68 66 61 57
    60 57 55 58 62 66 67 66 67 68 65 62 58 59 62 62 62 63 66 69 68 64 66
    65 68 64 60 58 59 56 53 52 56 61 61 59 61 61 57 56 67 64 57 57 61 66
    62 60 60 62 65 64 62 65 65 66 66 67 67 66 66 65 66 69 64 61 61 55 54
    54 53 55 57 56 60 62 61 63 66 66 69 71 74 74 73 67 66 67 63 58 54 53
    58 57 54 55 59 62 61 61 62 66 69 67 68 72 73 74 72 68 69 71 65 62 60
    61 64 61 61 62 67 70 63 62 64 64 66 57 54 61 59 58 57 56 63 62 62 63
    59 58 59 58 61 60 64 72 75 77 78 76 73 70 65 58 51 50 49 48 45 46 55
    59 60 63 66 64 67 59 60 60 64 62 68 66 71 69 67 62 62 60 60 53 56 60
    63 63 63 63 65 63 59 60 62 62 61 65 70 70 67 64 65 65 67 61 64 67 70
    69 72 68 73 71 71 73 75 72 71 66 65 64 60 59 60 65 70 72 67 67 65 66
    66 64 61 66 65 66 64 64 60 62 61 59 61 60 60 62 61 59 63 62 66 65 64
    64 63 62 61 61 58 61 63 66 65 66 66 68 66 65 61 62 66 64 64 66 67 72
    69 66 68 68 68 65 60 60 59 58 57 56 59 64 62 62 63 63 59 58 67 63 59
    60 62 66 64 59 61 61 64 61 60 64 64 65 67 67 70 70 66 67 67 69 66 63
    63 61 61 61 59 59 61 60 63 63 62 63 64 63 65 67 70 70 72 67 68 68 64
    60 56 54 58 55 53 54 58 58 60 60 62 65 68 64 68 70 69 71 67 65 68 71
    66 66 63 67 69 66 62 64 68 72 65 67 67 69 69 62 57 62 58 57 56 56 61
    61 60 62 60 60 62 59 61 59 63 68 69 69 71 70 69 66 61 57 51 51 50 48
    43 46 53 57 56 58 61 61 62 55 55 57 61 58 65 63 68 65 63 59 62 58 58
    54 57 59 62 62 63 64 66 66 64 64 65 67 66 68 71 73 68 64 63 66 67 62
    63 65 70 69 69 63 67 66 67 66 70 70 72 67 65 65 60 58 57 60 64 68 66
    69 68 68 66 66 62 65 63 63 61 62 58 59 59 60 60 60 62 64 64 61 62 63
    65 61 57 57 58 57 56 57 56 61 65 67 65 67 69 71 71 69 66 68 69 66 68
    68 67 71 69 66 67 65 66 63 59 60 60 59 60 58 61 65 62 62 60 58 54 54
    73 69 67 65 67 69 67 61 62 62 66 65 64 68 68 70 72 73 75 74 70 72 71
    73 68 63 63 61 61 61 58 59 61 61 64 62 59 59 59 58 59 60 63 62 62 61
    64 67 64 62 61 60 62 56 53 53 54 53 55 58 60 62 64 62 68 69 66 69 66
    65 69 68 65 66 65 68 69 64 62 63 64 67 64 65 68 68 67 64 59 64 62 60
    60 60 65 65 61 61 61 61 64 63 66 66 70 76 76 75 74 73 70 67 61 57 53
    51 51 49 45 46 53 56 55 55 58 60 63 57 57 61 65 62 68 65 67 67 62 60
    61 54 56 54 54 57 59 60 61 63 61 62 61 61 61 65 60 63 64 67 63 62 61
    65 68 65 63 65 66 64 62 59 61 62 64 65 71 71 70 67 64 64 61 59 58 60
    62 67 63 65 62 65 65 66 65 67 68 70 65 67 64 62 63 62 59 62 61 65 67
    64 64 67 69 66 59 58 59 59 55 56 55 59 62 64 64 69 69 71 72 70 68 71
    70 70 73 74 75 78 73 71 71 67 66 63 60 61 62 61 63 62 64 67 64 62 61
    57 51 53 80 75 72 69 70 71 68 64 68 68 72 70 68 70 71 71 71 71 76 74
    70 73 72 74 71 64 64 63 61 61 57 58 58 59 63 61 61 63 61 63 63 62 64
    61 61 61 60 63 60 59 57 56 56 54 53 53 55 57 59 62 65 64 65 65 69 69
    67 66 67 67 68 64 63 65 67 69 68 63 63 65 65 69 65 66 69 70 66 63 56
    62 62 60 61 64 68 69 61 61 62 63 64 62 64 67 70 74 75 73 71 71 69 64
    58 54 53 52 52 47 45 47 53 56 56 56 62 66 67 62 63 66 70 68 72 69 71
    70 63 59 60 54 54 52 49 54 55 54 55 58 57 62 61 61 60 63 60 62 62 66
    62 62 61 65 67 64 61 64 65 62 60 56 59 60 63 66 70 68 67 66 64 64 60
    61 59 61 60 64 61 62 61 64 62 65 62 62 62 61 58 61 57 56 59 61 61 61
    62 66 71 68 65 68 71 69 64 61 60 61 58 59 58 62 66 67 69 73 73 74 74
    69 68 69 67 69 72 73 74 78 74 71 68 67 66 65 62 62 64 66 65 66 65 68
    66 64 62 60 55 58 74 73 70 66 69 70 67 66 69 70 74 72 70 72 69 68 67
    67 72 69 68 74 74 78 74 66 67 65 61 59 54 58 58 59 64 61 62 63 60 65
    64 61 63 60 63 62 59 63 60 61 58 54 53 52 51 52 53 57 62 66 67 68 67
    67 69 68 65 66 68 69 71 66 64 67 68 69 66 62 61 63 63 67 64 67 70 73
    68 67 61 65 65 63 64 67 69 70 62 62 64 65 64 63 61 66 68 70 68 68 66
    68 67 60 57 56 56 57 57 53 54 56 59 60 58 59 65 68 69 65 67 72 73 70
    74 69 70 68 61 59 60 53 54 53 49 53 53 51 54 57 57 63 61 60 61 63 61
    63 61 65 62 61 60 65 63 62 60 65 66 63 63 62 63 63 65 67 70 67 66 63
    63 62 59 58 54 56 56 60 59 59 58 62 61 64 60 59 60 61 58 61 57 58 61
    62 61 63 63 68 69 67 65 69 70 67 65 64 64 64 59 60 60 61 64 66 67 72
    72 71 72 67 64 68 65 65 69 71 71 73 68 67 63 63 62 62 61 62 64 68 67
    67 64 65 62 58 58 54 49 53 72 73 70 67 68 69 65 64 66 68 71 70 66 71
    72 69 69 69 73 73 69 72 73 75 73 66 68 67 63 63 58 60 60 61 64 62 61
    61 59 62 61 59 63 60 64 66 64 66 63 61 59 53 48 48 48 53 52 57 63 66
    66 66 65 66 66 66 67 68 69 69 68 64 64 65 64 65 64 61 63 64 65 69 70
    71 73 73 67 64 61 61 61 60 63 69 71 73 66 66 67 68 66 64 61 65 65 66
    63 62 58 60 59 54 52 53 55 58 56 54 56 58 62 64 62 63 69 71 73 69 68
    71 72 70 71 65 66 64 59 58 57 53 56 54 51 55 53 51 54 57 57 64 62 62
    63 65 62 66 64 67 63 65 64 67 66 63 61 66 64 62 61 60 63 63 67 70 71
    69 68 67 66 64 60 59 55 56 53 57 55 56 58 62 62 68 65 63 66 65 63 64
    58 59 62 63 64 64 67 71 73 68 64 66 67 64 62 61 62 64 61 62 63 63 66
    67 67 70 69 67 68 61 61 66 64 64 70 70 73 73 67 65 59 62 63 61 60 61
    63 67 63 62 59 59 58 55 56 52 50 53 69 71 67 63 65 66 59 61 62 64 70
    69 66 73 73 71 72 69 71 69 64 66 67 69 67 63 62 64 60 58 51 56 56 59
    63 62 62 66 60 66 65 61 63 59 62 65 61 62 60 61 62 56 52 50 50 53 51
    54 60 63 65 64 66 67 67 68 68 67 70 69 71 67 65 66 68 66 64 59 61 64
    66 67 69 70 74 74 68 66 65 64 64 61 64 67 69 72 68 69 72 72 70 69 65
    66 65 64 62 59 57 57 56 54 50 51 53 56 56 54 58 60 63 68 64 65 71 72
    74 70 67 69 68 65 66 60 61 61 59 61 63 58 62 61 59 60 56 54 58 59 58
    63 62 62 64 66 63 64 64 67 64 63 64 66 65 61 60 63 63 58 58 57 60 59
    65 66 69 68 69 68 65 61 56 56 51 51 48 53 52 53 55 59 59 68 65 66 69
    70 69 67 59 62 64 63 62 60 63 69 71 66 63 66 68 65 60 60 61 63 57 60
    60 63 65 64 64 69 66 65 67 62 63 66 64 67 71 71 71 72 69 68 62 64 62
    62 62 61 62 67 64 64 61 60 62 60 60 58 58 61 65 69 65 62 63 63 56 60
    63 63 69 68 66 74 72 69 72 68 69 68 63 66 68 69 66 62 61 64 62 61 55
    61 64 65 67 63 63 66 59 62 63 60 64 60 60 65 63 65 62 62 65 62 58 56
    54 58 54 56 61 64 66 65 65 67 66 67 66 66 70 71 72 68 68 68 68 66 64
    59 62 64 66 66 69 69 74 74 68 69 67 66 67 63 64 66 66 69 66 68 72 74
    71 71 70 69 66 65 62 60 58 58 58 55 54 55 58 59 59 58 64 64 67 71 66
    65 70 70 71 69 64 68 69 67 66 62 63 63 58 63 64 61 66 64 63 66 58 57
    61 60 60 65 64 66 68 70 66 65 63 70 65 63 63 67 68 64 60 62 60 54 51
    50 52 51 58 60 63 65 65 65 63 59 57 56 52 51 49 54 54 55 56 59 58 66
    64 64 66 68 71 69 62 64 65 66 63 59 63 67 69 67 63 67 69 67 62 61 60
    59 56 60 60 65 65 67 68 69 66 65 63 61 61 62 60 64 67 67 68 68 68 67
    61 63 63 63 63 60 63 67 64 64 61 59 63 59 59 57 58 60 69 72 68 65 66
    67 58 64 67 66 69 70 67 74 72 68 71 69 68 68 66 68 70 71 65 62 60 60
    56 55 50 59 62 64 66 64 64 64 57 61 63 62 66 64 66 69 66 67 62 65 68
    63 59 58 59 63 56 59 63 67 69 64 64 67 63 64 62 61 69 70 70 66 69 69
    69 63 59 57 63 62 64 62 67 66 72 69 66 67 65 64 67 63 64 66 68 72 69
    70 75 75 71 69 66 64 64 63 63 62 60 61 63 58 56 53 58 59 59 57 63 63
    66 67 62 60 64 65 67 67 65 71 72 71 69 67 69 68 62 68 67 64 68 64 64
    68 60 59 62 61 62 64 60 62 67 67 63 62 60 66 63 61 62 65 65 63 59 61
    57 54 51 53 54 54 61 66 66 67 65 66 67 63 61 61 57 56 51 53 52 51 51
    55 56 65 66 65 68 71 73 70 65 65 66 67 65 59 62 65 67 66 63 65 69 68
    65 64 61 62 59 61 61 63 62 65 66 66 61 61 59 59 59 61 59 65 68 69 68
    67 67 67 62 65 65 66 66 60 61 63 58 57 54 53 59 56 60 58 60 62 68 73
    67 65 65 65 54 63 64 64 66 65 63 71 66 64 66 65 65 66 63 66 69 71 66
    63 60 60 56 55 51 58 64 67 68 68 69 69 65 67 69 68 70 67 69 71 67 67
    63 66 67 63 61 62 63 66 61 62 64 67 65 61 63 67 63 65 64 64 70 69 67
    66 69 66 68 63 58 59 62 60 64 61 63 63 67 65 65 64 64 64 66 62 64 64
    65 68 66 66 69 68 64 63 61 56 59 57 59 60 59 60 66 61 58 55 56 59 59
    56 60 62 64 67 60 59 64 65 64 63 61 66 66 66 63 62 67 65 61 65 65 63
    70 64 67 71 65 64 66 63 65 67 60 62 66 65 65 65 64 70 69 64 64 64 62
    60 59 60 57 55 55 57 58 56 63 68 70 71 71 72 74 69 66 65 61 61 56 55
    54 54 54 56 58 65 64 65 68 72 73 68 64 68 67 67 66 61 63 64 63 65 63
    64 66 67 66 64 62 62 60 62 62 63 63 63 63 63 60 57 53 57 56 58 57 61
    63 64 59 58 58 59 55 58 59 64 63 59 61 63 59 56 51 52 58 56 59 57 63
    66 68 72 67 65 65 65 55 62 61 60 64 62 60 67 64 65 67 67 68 68 65 67
    68 68 63 62 59 60 57 56 53 58 62 66 66 69 69 67 65 68 69 71 70 69 72
    71 70 68 63 67 69 65 64 63 66 69 61 63 65 68 66 63 65 67 64 68 66 68
    72 71 70 68 69 67 66 60 57 58 62 60 63 61 63 63 65 62 64 66 66 67 68
    66 66 66 65 66 68 68 69 69 66 65 64 59 60 61 61 61 61 62 65 62 60 57
    58 60 59 57 61 62 63 66 56 58 62 62 61 61 60 66 63 63 59 59 63 60 58
    63 63 65 70 65 68 71 67 66 68 66 70 71 66 67 72 68 68 67 66 70 70 64
    64 63 62 59 58 57 55 55 54 56 55 54 60 64 69 71 73 74 77 73 69 66 63
    63 61 59 60 61 58 60 60 66 65 65 68 73 73 68 64 67 64 62 63 59 59 62
    63 65 65 65 66 68 66 62 62 62 60 61 59 61 61 62 59 59 57 57 54 58 59
    60 59 62 65 64 56 55 56 58 55 58 60 64 64 59 61 61 58 53 48 49 55 53
    55 55 62 66 63 67 64 64 63 65 55 62 63 61 64 62 60 67 64 62 68 67 67
    67 65 65 67 64 59 59 56 59 57 55 53 58 61 67 68 71 73 70 68 71 71 72
    71 69 72 73 71 68 60 64 66 63 62 61 66 72 65 66 65 68 65 62 65 67 68
    71 67 69 72 69 65 61 64 63 63 58 55 61 65 59 64 60 61 61 61 56 61 62
    63 64 65 63 66 65 65 65 68 66 68 67 65 62 62 56 61 60 63 64 67 67 72
    69 67 62 60 60 59 56 58 59 62 65 58 60 64 64 62 60 57 62 60 61 56 57
    62 62 61 64 65 71 75 70 74 76 71 70 68 66 67 66 61 65 67 64 65 64 65
    71 71 65 67 65 65 61 59 55 54 54 53 53 56 54 62 67 72 76 78 78 81 77
    74 71 68 67 64 63 63 65 60 60 60 64 63 63 65 69 70 67 65 65 62 59 61
    55 55 57 60 61 62 61 64 67 64 60 60 60 57 59 55 59 58 59 57 57 54 55
    51 56 58 58 59 64 66 68 62 61 63 64 61 63 64 68 68 61 61 60 58 52 48
    49 55 56 58 59 64 66 69 73 71 69 69 68 59 65 65 59 61 60 58 63 60 59
    66 67 65 62 62 62 64 60 54 56 54 58 55 55 52 58 62 68 68 72 75 73 71
    71 72 74 71 67 70 70 69 64 55 59 64 61 63 61 64 72 68 66 64 68 66 65
    66 65 67 69 62 64 66 64 61 57 60 59 61 57 52 57 59 55 60 55 54 56 55
    55 61 65 64 68 72 71 72 68 65 65 65 62 65 62 65 62 65 61 66 65 71 68
    74 74 76 72 70 63 62 59 58 55 56 59 62 64 58 59 61 60 55 51 52 57 59
    59 55 58 65 64 62 61 62 68 70 66 69 70 68 71 68 68 70 69 64 66 65 63
    61 59 57 65 67 61 62 62 63 62 58 54 54 56 55 56 57 57 62 66 70 72 74
    73 76 74 73 68 67 67 65 63 65 66 62 60 59 61 61 59 59 65 66 63 63 65
    60 59 59 56 55 57 57 63 64 64 64 67 63 59 56 55 52 54 51 56 54 55 55
    55 54 56 51 60 61 59 59 61 61 63 55 56 60 61 61 61 61 66 66 60 63 64
    65 61 60 57 62 61 60 60 64 63 71 75 74 72 73 71 64 69 70 66 66 62 61
    63 61 60 65 67 69 66 66 65 64 59 52 53 52 57 56 56 57 63 64 69 66 69
    71 68 66 66 67 71 68 66 70 68 69 64 56 60 62 60 63 62 67 72 70 71 70
    74 70 68 68 67 68 69 62 63 62 61 56 52 54 55 57 57 53 61 62 59 60 58
    56 58 54 56 59 66 65 69 73 72 74 70 64 62 62 59 62 59 61 58 64 59 63
    61 67 66 74 73 75 70 71 63 63 59 56 53 54 55 58 57 53 52 56 58 54 50
    53 58 62 64 57 62 68 65 60 58 56 65 65 60 64 66 63 67 64 63 65 65 62
    64 63 61 60 60 57 63 67 63 63 64 62 62 60 56 55 56 55 57 57 58 61 63
    68 71 72 74 75 75 75 73 68 67 63 62 66 68 61 63 62 65 63 59 58 63 61
    60 60 63 59 60 61 61 59 61 60 67 68 66 66 69 66 60 55 53 53 53 50 53
    53 55 54 53 54 54 51 58 59 56 57 58 58 61 54 53 58 58 58 59 58 63 62
    58 62 64 67 62 61 62 65 63 62 60 64 64 72 76 75 74 72 71 64 69 69 65
    64 62 59 61 59 60 65 67 71 69 70 67 66 60 52 52 53 55 56 54 57 62 61
    66 65 69 71 66 65 66 66 70 66 65 72 69 71 65 56 58 57 53 57 54 60 65
    64 66 64 66 63 61 61 61 60 64 58 60 60 60 54 52 52 53 54 53 50 59 59
    58 58 57 57 58 55 56 59 65 65 68 71 71 73 70 64 60 59 56 58 52 56 55
    59 56 60 58 64 62 67 68 69 64 66 60 61 58 57 54 54 58 60 60 59 58 62
    64 58 55 57 60 60 62 54 59 65 63 60 60 58 68 67 63 63 67 67 68 64 62
    64 64 58 58 58 58 59 59 59 64 68 64 64 64 62 62 62 57 56 57 56 57 58
    57 61 63 69 71 74 75 76 74 73 69 67 65 59 58 62 65 61 62 64 66 64 63
    62 65 60 58 60 64 61 58 62 64 62 63 62 68 71 66 64 68 66 60 55 55 55
    55 51 53 53 55 53 52 55 55 53 59 61 60 61 61 62 64 58 55 58 57 57 55
    54 57 57 54 59 61 65 63 64 65 67 65 64 63 63 63 74 78 76 74 71 68 64
    66 62 62 60 59 57 56 55 56 59 60 64 62 63 63 66 61 56 56 58 62 63 59
    60 62 62 65 63 64 67 64 66 64 63 66 62 61 66 62 67 62 55 57 57 55 59
    56 61 65 65 65 63 66 63 63 63 64 66 67 63 66 63 63 57 52 51 49 51 52
    50 59 59 61 60 59 56 57 54 57 57 64 63 67 69 70 72 69 61 58 59 57 57
    53 57 58 61 60 63 60 64 64 70 69 68 66 68 63 62 57 56 53 53 56 59 60
    60 62 65 67 62 57 57 59 59 61 53 57 62 62 58 57 54 66 66 62 64 66 68
    70 63 60 61 62 59 57 55 57 61 61 59 65 69 68 66 64 63 61 60 54 54 55
    53 54 55 55 58 59 65 70 73 75 75 74 74 69 67 64 61 62 66 70 66 67 70
    72 68 67 65 65 59 59 60 63 61 59 62 68 64 66 65 70 73 70 66 70 66 63
    58 55 57 56 52 55 54 54 54 51 56 55 53 59 59 57 58 56 55 58 53 52 56
    57 57 57 54 55 55 53 56 59 64 62 64 65 68 69 65 67 68 70 72 75 75 74
    70 67 66 66 65 63 60 60 58 53 54 54 56 56 58 57 61 61 63 59 56 59 61
    63 63 59 61 63 61 62 61 62 65 61 63 63 63 66 63 63 68 63 67 61 54 56
    57 55 58 54 61 66 65 66 65 70 68 68 65 64 63 64 60 62 60 61 59 56 52
    50 51 51 50 56 56 62 62 61 61 62 58 61 58 65 63 67 69 69 72 72 64 61
    62 62 64 58 57 58 60 60 59 58 62 62 67 67 65 66 68 63 63 60 61 57 55
    58 63 64 65 67 70 70 65 59 60 61 61 62 56 60 65 62 59 58 56 66 64 60
    62 63 62 65 59 58 58 59 57 56 53 56 58 57 57 60 63 63 61 61 61 59 58
    52 52 53 52 53 55 55 58 56 62 66 69 69 70 69 73 69 65 64 62 63 67 69
    64 65 67 68 65 63 60 61 55 55 55 56 55 55 57 62 61 62 64 66 67 64 62
    66 61 59 56 56 57 56 51 55 53 54 55 53 55 55 54 58 57 55 56 55 55 55
    54 53 57 58 59 58 57 55 57 55 58 62 65 65 69 68 70 72 67 70 71 70 70
    73 75 72 67 65 68 66 66 62 59 60 56 50 52 48 50 53 53 55 59 60 65 63
    58 60 63 64 65 62 61 64 65 66 65 63 66 65 67 65 63 65 64 63 67 63 68
    63 57 57 58 58 61 58 62 66 67 65 62 64 62 61 60 60 58 59 57 57 58 58
    55 57 53 49 51 51 50 55 53 58 59 59 58 59 57 62 59 64 64 66 66 65 67
    66 61 58 60 61 63 56 56 54 54 53 53 53 60 64 68 70 69 71 71 65 63 60
    61 57 56 57 61 62 65 65 69 67 65 61 62 63 64 65 59 63 67 66 61 62 60
    67 64 61 64 66 64 67 63 61 59 58 55 53 49 52 54 52 52 58 61 61 59 59
    61 62 60 55 55 55 53 55 54 56 59 56 61 67 68 69 68 67 71 69 64 63 60
    61 64 68 63 65 67 68 67 67 59 60 56 56 58 59 60 61 63 67 65 65 64 64
    65 63 58 62 59 57 55 55 56 59 54 56 53 54 52 50 54 55 57 60 58 59 58
    55 54 53 55 56 59 61 63 61 59 57 58 55 59 63 66 67 73 71 73 75 69 73
    74 70 72 76 75 74 70 66 68 65 62 62 57 57 55 50 55 54 54 56 55 58 61
    60 65 65 60 64 66 67 68 65 66 67 67 67 64 63 64 61 65 61 60 62 63 62
    64 59 68 62 59 59 60 61 63 58 61 62 61 60 59 60 59 58 58 57 53 52 54
    55 56 60 58 62 58 54 53 54 53 55 51 58 58 58 56 55 56 61 58 65 65 68
    71 71 72 72 66 64 66 65 65 57 56 55 55 54 53 54 61 62 65 65 66 69 66
    59 57 57 61 56 56 59 62 64 64 61 65 63 61 60 61 62 62 62 59 62 65 64
    59 61 60 63 60 55 58 61 59 60 60 61 59 57 56 54 52 53 54 54 54 56 60
    60 57 59 59 61 60 56 54 57 54 57 55 57 59 58 61 66 66 66 67 68 71 69
    63 64 62 59 63 66 64 68 70 70 71 68 62 62 57 55 56 57 60 63 65 70 69
    69 69 67 64 62 55 60 58 57 56 59 61 63 57 58 54 53 50 48 52 53 55 59
    58 58 57 55 56 53 55 56 59 59 61 60 58 54 56 57 61 65 67 68 73 71 73
    72 67 69 74 71 66 71 70 71 68 66 68 67 63 64 59 59 57 53 55 55 53 54
    55 58 61 60 66 68 65 67 67 68 68 63 65 65 65 65 64 65 68 64 69 68 65
    65 65 64 66 62 69 64 64 65 65 66 67 64 67 63 61 62 62 62 58 57 58 56
    53 51 53 55 59 62 61 66 62 59 58 58 58 59 55 62 60 61 58 55 60 62 58
    64 63 66 68 66 66 67 63 64 66 67 66 61 58 55 54 52 50 53 58 62 63 64
    67 70 69 63 59 62 64 58 57 57 59 63 61 59 62 63 62 64 63 65 64 65 61
    64 66 65 61 68 66 67 63 60 62 65 60 58 57 57 54 52 49 47 47 51 54 54
    57 59 64 64 61 62 61 60 61 54 53 55 52 56 55 57 61 59 62 69 68 69 66
    65 69 69 62 62 60 60 64 68 64 70 74 71 70 68 62 63 57 56 59 59 64 65
    67 72 69 68 72 68 67 66 58 64 63 60 61 64 66 68 60 62 60 59 54 52 56
    56 59 60 59 59 60 58 61 56 59 57 61 61 63 62 62 60 62 59 61 64 63 64
    68 68 72 73 67 70 76 74 63 68 67 68 65 66 67 65 60 59 54 56 52 48 51
    52 52 56 54 60 64 63 69 73 69 71 71 71 74 69 68 68 68 70 70 69 70 68
    72 73 68 64 65 63 65 61 65 61 61 63 65 67 70 67 68 66 62 61 60 58 56
    58 56 57 55 52 54 56 58 61 60 62 58 54 54 53 52 50 49 55 57 57 53 52
    59 60 59 62 62 67 69 65 63 63 61 62 63 64 64 61 59 57 54 54 52 56 61
    64 65 67 69 75 73 68 64 67 71 65 62 64 66 69 66 62 66 66 64 65 64 66
    66 67 62 65 66 67 65 70 70 71 67 65 65 68 63 60 61 61 57 55 50 49 48
    50 53 50 56 57 61 59 57 58 60 58 59 52 52 57 55 56 57 59 64 64 62 69
    68 67 65 63 65 65 59 59 60 59 61 64 63 66 71 68 66 67 63 62 60 60 65
    63 67 66 67 71 66 66 71 67 65 66 56 62 60 58 59 65 66 71 63 66 62 61
    55 52 56 57 57 59 58 61 61 57 59 57 61 60 62 63 66 67 65 62 65 62 61
    62 58 60 64 63 65 67 64 68 72 68 68 72 70 68 66 67 68 63 60 61 58 59
    57 51 56 54 52 56 51 56 61 60 66 71 68 74 74 76 77 74 73 71 70 71 69
    69 68 67 73 75 70 67 68 67 66 60 61 55 59 61 65 68 72 72 73 70 68 67
    66 65 63 66 66 64 61 58 59 60 59 58 60 63 60 57 58 60 60 56 55 60 61
    60 54 53 58 60 61 61 60 63 65 62 61 60 59 60 63 66 67 65 62 59 58 58
    53 57 60 64 65 65 69 78 76 71 67 70 75 68 62 63 67 69 66 62 64 65 64
    63 64 65 67 68 65 64 64 63 62 66 69 67 65 66 67 69 62 58 62 64 60 57
    53 53 52 52 53 52 55 55 60 58 54 55 58 57 60 54 55 64 63 63 63 65 67
    67 62 68 66 65 64 64 66 68 59 61 63 61 62 64 64 66 70 67 65 65 61 58
    58 56 58 57 61 64 65 69 66 69 75 69 66 68 59 64 60 56 58 62 63 66 60
    62 59 59 55 54 56 58 57 58 58 59 56 55 57 54 59 57 60 61 65 65 66 62
    64 62 61 60 56 58 61 59 62 65 62 66 70 67 63 67 66 66 63 68 69 65 63
    61 61 63 61 56 61 60 60 64 58 61 63 61 64 70 67 72 73 76 79 78 77 76
    73 72 72 72 72 71 76 80 78 73 74 69 66 62 61 56 60 60 65 69 73 71 72
    69 68 67 67 65 65 65 66 63 59 58 58 58 60 58 61 67 61 61 62 61 64 57
    55 60 62 61 58 56 63 62 63 62 63 64 65 61 61 61 60 60 63 65 66 65 62
    59 60 60 56 61 63 68 67 65 67 76 74 71 65 70 74 71 65 65 68 71 70 65
    66 67 67 65 69 68 68 68 66 66 66 64 64 69 71 66 64 64 63 65 56 55 62
    65 63 60 56 59 58 58 56 53 59 57 60 58 56 58 62 60 67 62 63 67 67 66
    65 67 68 67 63 65 65 64 60 62 63 66 58 60 60 60 61 63 65 66 68 65 63
    64 59 56 59 59 62 62 64 65 65 67 61 65 70 66 62 65 56 61 58 54 55 59
    61 65 60 61 60 61 58 57 59 60 61 61 62 62 60 61 64 58 63 58 62 60 63
    62 65 62 66 64 64 63 60 61 64 62 64 66 67 68 72 67 63 67 67 66 63 68
    68 64 61 60 62 63 61 60 64 64 65 68 63 65 67 64 66 70 67 73 74 76 79
    78 76 73 68 69 67 67 69 70 75 79 77 74 75 70 65 62 61 57 60 62 67 70
    73 71 71 68 66 66 66 61 62 59 60 58 56 57 57 58 62 62 63 66 62 64 62
    63 63 61 60 62 63 63 60 57 63 59 61 59 60 62 63 58 59 57 59 60 63 64
    65 65 64 60 62 62 60 64 67 71 69 67 67 74 72 68 63 68 69 70 64 64 67
    69 67 63 62 65 67 65 69 71 70 70 68 68 67 66 63 68 70 64 62 63 61 64
    58 55 62 64 63 61 57 59 60 58 58 58 61 63 65 61 63 64 67 63 69 64 65
    66 66 64 63 65 65 67 63 66 66 67 63 64 63 66 58 59 57 57 59 62 63 63
    66 65 64 65 63 59 64 66 67 65 69 69 70 71 63 68 74 69 65 68 59 64 60
    54 55 59 60 64 59 62 60 61 60 58 63 67 67 69 71 69 68 66 68 64 65 59
    63 61 64 62 64 62 66 64 62 59 56 59 61 58 62 65 68 70 73 69 58 65 64
    66 65 69 70 67 61 61 64 64 64 61 65 67 67 68 63 64 66 62 65 68 64 71
    72 73 77 76 74 72 66 65 66 66 67 68 74 80 79 78 79 73 69 67 65 60 62
    64 68 69 71 68 71 67 64 67 68 66 66 64 63 63 62 61 58 61 62 65 65 65
    64 68 65 65 65 64 63 63 61 61 58 56 61 57 60 59 62 63 65 61 63 60 62
    63 64 66 67 65 66 63 65 65 63 64 67 68 65 64 63 69 70 65 63 68 68 72
    64 65 70 72 72 67 67 69 69 66 70 69 69 69 69 70 69 68 66 72 73 68 68
    66 62 66 57 56 61 61 62 59 54 58 58 56 55 57 62 64 66 64 66 67 67 63
    68 65 67 67 67 65 66 66 64 64 60 62 62 62 60 63 62 66 60 59 56 56 59
    60 63 64 66 68 65 64 64 61 65 68 67 68 71 68 66 67 61 67 74 70 67 69
    63 65 60 53 54 57 58 60 59 62 63 61 64 64 67 68 66 67 69 65 65 64 66
    64 65 59 63 62 62 63 65 62 65 66 64 61 59 59 60 59 59 60 65 64 66 65
    60 63 63 65 65 70 70 65 61 61 62 63 63 58 63 63 63 65 61 62 64 61 63
    66 63 66 67 71 74 72 70 69 63 62 63 62 65 67 70 77 79 77 78 75 71 70
    65 61 61 63 65 66 69 70 71 69 68 69 70 69 68 67 65 64 64 64 60 62 62
    65 65 63 62 65 64 64 63 62 64 64 63 62 62 61 65 61 63 61 61 61 60 54
    53 50 53 55 55 60 63 64 63 61 63 64 61 62 64 68 65 66 64 69 72 69 67
    72 70 74 65 65 68 69 69 66 66 72 71 68 72 72 72 72 69 71 70 70 69 73
    73 70 71 69 66 68 63 63 68 66 68 65 59 61 62 60 58 58 63 64 66 61 63
    65 66 62 68 65 68 65 66 62 63 62 59 59 56 57 58 60 59 59 61 65 61 61
    59 60 63 63 66 64 66 67 63 64 63 62 64 67 67 71 72 70 66 68 62 67 71
    69 68 72 66 66 61 53 53 53 52 55 56 58 61 61 67 68 70 71 69 69 72 68
    67 65 65 63 63 57 59 60 60 62 64 62 65 64 61 61 58 58 61 60 60 63 66
    68 68 66 63 67 66 67 67 68 68 62 59 58 60 61 63 60 67 67 69 69 68 66
    68 63 65 66 62 63 65 67 70 69 66 65 61 59 58 58 59 62 66 71 75 76 75
    75 72 70 67 60 59 60 60 59 63 62 66 64 63 64 65 66 66 66 63 64 63 65
    62 63 62 64 63 63 62 62 61 60 60 62 63 64 65 64 65 65 66 63 65 62 63
    61 60 55 55 52 54 53 54 58 58 58 57 54 58 59 57 59 61 66 63 64 60 65
    67 69 65 70 70 75 69 69 70 71 73 69 71 74 72 68 70 67 67 65 63 66 69
    70 68 70 72 69 70 65 63 68 66 67 72 70 73 71 65 68 66 63 59 58 59 62
    59 57 60 63 63 61 65 65 66 62 64 62 61 60 54 54 51 52 52 55 56 58 59
    63 61 62 59 61 63 64 65 61 61 63 59 61 60 58 62 65 65 68 69 68 67 67
    63 67 69 65 63 65 63 62 57 52 51 50 51 52 53 55 55 57 65 67 68 69 66
    68 70 68 64 63 62 63 63 59 57 58 57 60 60 57 58 60 57 57 56 57 60 59
    58 62 66 68 67 66 65 69 67 66 66 66 66 61 58 58 60 61 64 60 67 67 67
    67 68 64 66 61 62 62 61 61 63 64 65 63 63 59 55 52 52 52 56 59 63 70
    75 77 80 77 76 74 71 64 63 61 62 58 61 59 64 62 62 63 65 66 66 62 61
    63 61 62 59 62 64 66 66 66 70 72 69 69 67 71 71 70 68 68 68 68 67 65
    64 62 63 59 59 56 57 57 60 58 60 63 63 61 58 53 57 56 55 56 57 62 59
    58 56 60 62 64 60 66 67 72 67 67 67 70 70 68 67 67 66 64 66 64 61 61
    62 64 69 68 67 72 73 70 71 67 65 68 66 68 70 68 71 71 68 69 69 68 65
    63 60 63 61 58 60 63 64 65 67 67 70 65 65 62 62 61 54 53 55 54 54 56
    57 61 61 65 62 64 60 62 63 65 64 61 60 63 61 61 57 57 61 64 65 66 71
    70 69 69 66 69 70 64 65 65 64 63 61 56 56 53 54 54 55 54 56 60 68 70
    71 71 68 71 71 68 64 64 61 61 58 56 53 54 53 55 58 56 56 57 55 56 57
    56 59 58 60 63 66 65 67 65 64 68 66 66 65 65 66 61 56 57 57 56 59 57
    62 63 66 67 70 67 70 65 64 63 60 59 60 58 60 59 58 56 52 50 50 52 56
    60 65 72 76 76 77 76 75 73 72 66 64 66 65 61 62 60 63 62 59 59 63 64
    63 61 61 63 64 65 62 64 65 71 69 69 72 74 71 71 67 71 71 69 67 67 67
    68 68 66 64 65 68 64 65 61 61 62 63 60 63 63 62 61 59 53 56 53 54 58
    57 61 59 60 57 58 58 59 55 62 62 68 65 66 66 70 69 65 68 67 65 63 64
    63 62 60 63 65 70 71 68 72 72 68 66 62 62 66 65 67 68 69 72 70 68 70
    67 66 62 59 58 60 58 56 61 65 66 66 69 69 72 62 62 60 60 58 53 52 56
    54 54 54 55 58 59 63 62 64 61 63 64 66 65 64 63 66 66 65 61 62 63 66
    68 66 69 69 65 65 61 61 63 62 62 64 63 63 63 60 57 55 55 56 58 57 57
    61 66 68 70 68 66 70 71 70 66 63 63 64 58 58 55 59 56 59 60 61 61 61
    58 61 60 58 60 61 61 64 66 67 69 69 65 70 65 65 65 63 63 60 56 58 57
    57 58 56 61 62 64 64 68 66 69 63 64 61 58 56 56 55 57 55 52 50 48 49
    48 50 54 57 62 67 68 71 72 72 75 73 72 66 63 65 65 59 59 58 63 61 57
    58 61 61 61 60 61 63 62 62 59 61 61 65 65 67 71 74 71 73 69 72 70 69
    66 67 65 67 65 64 65 66 67 64 65 64 64 62 63 61 64 66 63 61 59 53 55
    50 50 54 54 56 54 55 55 55 56 57 54 62 62 65 65 67 68 72 71 67 70 67
    63 63 62 61 61 60 63 64 68 68 67 71 70 67 64 59 61 63 64 64 65 68 71
    69 66 67 66 66 64 62 62 66 63 61 65 67 65 65 65 65 68 60 60 61 62 60
    57 56 59 58 56 56 58 58 60 63 61 64 61 61 62 63 62 62 62 66 66 67 64
    66 67 68 68 66 69 69 66 65 64 63 64 62 63 64 64 62 62 59 57 55 54 52
    54 53 55 58 61 65 68 68 65 69 69 70 64 61 61 65 60 61 56 61 59 60 58
    57 57 59 56 60 59 58 61 60 59 62 60 60 62 62 62 68 62 62 62 60 60 60
    56 58 56 56 57 53 57 57 59 61 65 64 68 60 61 60 55 50 52 51 56 54 53
    54 54 53 51 52 55 56 61 66 67 70 72 71 75 72 71 68 64 64 64 59 60 59
    61 59 57 57 58 58 58 59 62 63 63 63 62 64 63 65 64 65 69 73 70 70 68
    70 68 66 61 62 61 60 60 61 61 63 64 60 60 62 62 61 63 61 66 70 65 65
    62 57 58 54 52 55 54 58 57 58 59 60 62 61 58 65 65 67 67 68 68 74 72
    68 70 67 63 65 61 58 59 58 60 61 64 64 65 67 67 64 62 58 60 62 60 62
    64 69 73 71 71 74 72 71 70 65 63 63 60 59 61 61 61 62 63 63 65 61 62
    64 65 62 61 59 61 58 55 53 57 55 57 60 60 63 60 60 59 62 61 61 62 66
    66 68 63 65 66 63 65 65 67 68 66 65 65 63 63 64 65 65 65 63 64 60 56
    55 55 53 54 52 57 60 61 65 65 64 63 64 65 66 58 58 59 61 59 62 59 65
    63 65 63 62 58 61 58 62 61 59 62 64 61 64 62 62 64 64 67 71 62 63 63
    63 61 61 59 61 59 58 58 54 57 55 59 62 66 64 68 61 61 58 53 49 50 49
    53 53 53 53 53 54 51 51 53 53 56 59 57 61 63 63 66 64 64 64 61 60 62
    60 61 60 59 58 58 56 57 55 56 59 63 61 60 60 61 61 60 58 62 64 65 67
    67 67 67 68 66 67 64 66 66 64 62 63 59 61 60 56 56 58 57 59 62 60 65
    70 67 67 65 58 61 55 52 55 54 57 59 58 61 62 63 64 61 66 65 66 67 67
    67 71 69 67 68 64 60 62 57 55 56 56 57 59 61 62 62 62 63 59 57 54 57
    59 60 62 65 68 72 72 73 78 75 74 73 68 63 62 56 55 57 60 60 61 62 63
    63 61 59 62 64 62 61 60 62 60 57 57 61 59 60 60 60 62 60 58 56 59 58
    59 61 63 66 70 64 68 69 64 69 66 66 68 66 65 66 62 63 64 65 64 62 64
    65 64 59 58 58 58 54 53 55 60 60 63 61 63 60 63 63 65 59 60 59 62 57
    61 56 61 61 65 62 64 60 62 58 63 61 60 61 61 61 67 64 67 68 68 69 73
    66 65 64 63 62 63 64 64 63 61 59 57 57 53 58 60 62 63 65 60 61 59 55
    55 58 56 60 60 59 57 57 57 54 54 55 55 60 62 58 61 64 63 66 63 64 64
    61 58 60 58 60 58 59 59 59 58 59 56 57 58 62 61 60 58 59 60 61 58 62
    66 69 70 70 68 69 68 64 64 62 64 65 64 62 65 61 62 62 58 59 64 64 66
    70 67 72 76 68 68 65 57 61 57 55 59 58 61 62 58 61 60 61 59 59 63 64
    64 68 67 70 70 69 65 65 58 54 52 49 48 50 48 50 53 56 56 57 58 60 58
    56 53 56 58 55 57 58 61 65 68 68 74 71 72 74 70 65 64 57 58 61 61 61
    60 58 60 62 59 57 61 64 64 65 64 65 64 59 56 58 53 53 53 51 52 51 50
    50 53 54 57 59 64 67 69 66 69 71 69 72 67 69 70 68 67 67 64 64 66 67
    66 66 69 69 69 63 62 64 63 60 58 61 65 63 63 62 63 63 64 64 65 58 57
    58 59 56 61 59 64 64 68 63 64 58 60 57 60 57 57 59 61 61 65 63 66 69
    68 72 74 66 67 66 67 64 63 65 66 63 61 58 53 53 47 52 55 57 59 62 60
    60 58 58 60 62 60 65 67 66 61 59 59 58 55 55 55 60 62 59 60 64 61 64
    61 62 64 62 58 63 62 66 64 64 66 67 64 64 58 58 56 61 58 59 59 59 60
    61 58 62 65 67 72 71 71 72 69 64 61 56 60 62 59 59 61 58 59 58 54 56
    59 62 65 69 66 69 73 68 68 66 60 64 62 60 62 61 63 64 62 65 65 66 61
    61 64 62 63 63 64 69 69 66 66 64 59 58 56 56 55 56 56 58 57 57 57 58
    59 59 58 59 58 59 59 53 54 54 56 59 63 67 74 72 73 76 74 68 66 60 60
    62 61 63 63 61 63 65 62 60 61 64 64 66 65 67 65 60 56 58 54 53 51 49
    50 50 47 46 49 51 55 58 65 69 70 69 71 72 71 68 67 69 71 69 69 67 66
    66 67 68 67 65 68 71 71 65 66 67 67 63 61 63 66 62 65 65 67 67 68 69
    69 63 61 62 62 59 64 64 71 73 74 73 71 65 65 61 63 62 60 61 64 65 69
    66 67 72 72 73 72 66 68 69 70 67 66 68 69 66 64 61 59 56 51 53 57 55
    58 58 57 56 57 55 59 61 59 63 68 66 61 62 62 60 57 56 55 61 61 57 60
    62 59 61 58 58 62 60 56 59 60 63 62 61 63 66 63 60 57 56 56 59 55 57
    59 61 63 62 58 62 65 65 68 67 66 70 67 62 60 57 60 63 59 59 59 56 57
    55 52 53 54 59 63 66 62 66 69 65 66 64 61 65 63 61 65 63 63 62 62 65
    65 65 60 61 63 60 61 63 61 66 66 67 66 65 61 61 59 58 57 60 58 59 59
    59 58 58 56 55 54 54 53 54 55 51 52 51 55 58 60 63 71 69 71 74 71 70
    67 61 62 63 61 62 61 60 61 61 59 58 62 63 62 64 65 64 62 57 54 60 54
    52 51 52 52 54 49 51 55 59 62 63 68 71 71 70 71 70 71 68 68 67 70 67
    67 62 60 62 67 65 64 64 69 74 71 65 66 68 67 63 61 64 65 62 64 63 64
    66 65 66 66 60 60 61 58 59 61 63 70 73 76 76 73 68 69 65 66 65 64 64
    69 69 73 69 70 72 76 68 69 66 68 70 70 70 70 70 68 64 63 59 56 53 50
    51 53 51 54 52 52 51 56 56 57 59 59 62 67 63 57 60 60 61 58 59 58 62
    59 53 55 58 52 55 54 54 59 58 53 55 57 59 59 61 62 66 64 60 56 56 53
    56 53 54 55 57 59 59 54 58 62 62 65 65 62 66 64 59 58 55 59 64 59 59
    61 58 57 54 51 53 55 57 62 66 63 64 67 63 64 63 60 64 65 63 66 67 67
    67 65 68 68 69 63 63 62 61 62 64 61 65 67 67 68 64 60 60 61 59 58 58
    59 60 60 59 58 59 57 56 58 58 56 55 55 55 54 53 54 57 61 65 72 70 73
    75 74 72 72 69 68 66 65 65 62 57 55 56 56 56 59 61 61 63 64 63 62 58
    54 60 54 51 50 49 48 51 45 48 50 52 55 54 59 63 66 67 68 70 74 70 70
    66 69 68 68 63 64 65 70 69 68 68 74 75 71 67 66 69 66 60 59 65 66 64
    65 65 68 70 67 68 66 61 62 61 58 61 62 65 71 73 76 77 73 68 67 64 66
    67 64 64 70 71 73 69 68 72 74 68 69 69 69 72 69 69 69 68 64 62 62 60
    60 56 52 52 56 53 56 53 56 54 59 59 62 63 63 64 69 67 62 64 64 65 63
    63 61 64 61 56 58 60 57 59 57 58 64 62 57 57 60 62 60 61 64 67 64 60
    57 58 53 54 54 56 58 58 61 62 59 59 60 62 65 65 61 64 63 61 58 55 55
    61 57 59 61 56 55 54 52 54 53 56 63 70 66 64 66 65 66 65 60 65 68 66
    69 68 69 71 69 72 71 70 63 62 62 61 61 62 58 61 63 61 63 62 61 61 62
    58 58 58 57 57 60 61 60 62 58 60 61 60 59 58 60 58 57 56 56 58 62 66
    74 70 73 77 74 72 70 65 67 63 62 65 63 58 58 56 58 57 56 57 55 56 59
    58 57 54 51 58 53 48 47 48 50 53 48 52 56 58 60 59 62 66 66 65 64 65
    68 64 62 61 65 65 66 60 63 68 73 72 71 70 79 79 75 72 70 73 72 64 64
    67 65 66 66 67 69 68 66 68 64 59 59 60 59 61 61 64 71 72 75 78 76 71
    68 65 66 66 62 63 68 71 74 71 71 72 73 69 67 66 69 71 71 68 65 66 64
    61 62 60 63 59 57 56 58 54 57 53 58 55 59 63 66 66 65 65 72 68 61 61
    63 65 64 61 62 62 61 55 56 59 57 58 58 58 65 63 57 57 59 61 61 62 67
    70 69 66 64 63 59 58 55 57 57 57 59 59 57 60 61 64 65 67 65 67 66 63
    59 58 57 61 58 60 61 58 56 54 54 58 56 59 65 73 70 66 65 64 64 62 57
    62 65 65 67 67 68 68 66 67 64 63 58 56 55 54 55 57 55 57 58 59 60 62
    61 62 63 62 61 61 59 61 63 65 64 66 65 66 65 65 63 62 63 60 58 56 53
    54 59 59 66 64 66 68 67 66 68 67 68 66 66 67 67 61 58 58 58 55 56 56
    55 54 57 56 56 52 48 54 51 46 47 49 51 56 52 56 61 64 66 65 65 68 68
    67 65 65 70 68 67 65 67 67 68 60 62 64 68 67 68 66 75 77 75 73 70 71
    71 64 65 66 63 66 66 68 69 68 66 69 66 62 60 60 59 62 60 60 67 69 72
    73 70 67 63 60 59 62 59 60 64 68 70 68 64 66 67 64 62 64 67 67 65 66
    62 63 60 58 62 63 66 63 62 60 61 57 60 55 59 54 59 64 68 66 67 68 73
    72 64 64 64 66 62 63 63 64 63 60 61 64 60 59 60 59 65 62 59 60 61 62
    61 63 67 67 65 63 62 63 57 54 54 57 59 58 60 63 62 63 64 67 68 70 68
    70 69 66 61 62 61 63 60 63 63 60 57 53 55 59 57 61 69 76 74 68 65 65
    64 60 55 59 65 67 69 67 68 69 67 66 63 63 58 56 56 56 57 57 55 58 59
    60 60 61 63 65 64 63 62 61 61 60 61 65 63 67 67 67 69 67 65 63 61 60
    56 52 50 53 59 59 64 64 68 71 70 68 69 68 69 64 62 63 63 61 57 58 59
    57 54 55 53 55 57 57 56 53 49 54 49 44 44 48 49 54 51 56 61 63 63 63
    63 66 65 65 61 61 67 62 62 61 64 65 66 60 63 62 65 65 68 68 74 75 74
    74 68 68 67 63 62 64 61 65 64 66 67 68 68 72 69 65 65 66 63 65 60 60
    68 70 70 72 70 67 66 60 56 61 59 60 66 69 71 71 66 67 68 62 63 63 66
    66 64 63 62 61 59 56 61 63 64 61 62 61 63 60 62 59 61 54 59 64 66 65
    64 66 70 69 61 60 61 65 63 64 67 67 68 66 66 66 63 60 62 59 64 63 61
    62 62 61 62 63 65 67 66 63 64 66 59 57 57 59 62 58 59 63 62 60 61 62
    67 68 65 68 69 68 65 63 62 64 62 64 61 58 56 52 54 57 53 57 64 69 69
    61 59 62 63 60 59 62 69 68 69 65 69 69 68 65 64 65 62 57 55 54 56 58
    55 55 58 60 61 64 64 66 66 66 65 65 64 63 65 67 66 68 66 67 70 70 71
    68 67 68 64 61 58 58 63 61 65 63 67 68 65 64 67 65 66 61 61 65 66 63
    61 60 63 61 58 58 55 55 59 60 56 54 53 56 53 49 48 54 56 60 60 64 66
    68 66 65 64 65 66 67 62 62 67 62 60 57 60 61 62 56 58 59 61 59 62 61
    66 68 68 71 66 67 66 62 61 62 58 63 64 67 66 68 68 71 69 64 65 68 65
    67 62 59 66 66 66 72 70 69 68 62 60 64 60 60 64 68 72 70 67 67 70 59
    63 63 65 62 61 60 62 61 57 54 61 63 66 63 63 64 68 63 64 60 61 57 58
    61 63 62 60 61 64 64 57 59 61 66 66 68 73 73 74 69 68 69 66 62 63 59
    64 64 59 60 58 57 59 61 62 63 62 60 62 63 58 56 58 60 63 59 60 63 63
    61 60 61 66 66 62 64 66 67 66 66 66 68 64 64 62 61 57 54 57 62 58 62
    65 71 72 63 62 65 66 66 62 65 71 67 69 65 67 69 67 64 63 65 62 58 54
    56 60 63 59 61 62 64 62 64 65 65 65 63 62 63 63 62 65 68 69 71 69 68
    68 67 68 65 64 68 67 66 62 62 65 63 63 61 66 68 65 65 69 70 68 61 62
    65 63 60 56 57 59 56 55 57 56 58 62 63 59 57 56 59 57 54 54 63 64 65
    66 69 69 70 65 65 63 62 64 65 62 63 66 65 62 57 58 59 57 55 56 60 62
    63 67 68 71 71 70 73 67 67 65 62 61 61 56 61 60 62 59 62 62 66 64 59
    63 65 61 62 55 53 60 57 58 63 62 65 66 59 56 59 58 59 62 64 68 70 67
    65 67 59 64 65 66 60 58 56 59 59 54 52 58 61 64 62 60 63 65 63 64 62
    61 60 61 66 66 66 65 68 71 69 63 63 65 69 69 71 76 75 76 70 67 68 64
    60 63 62 67 67 63 63 60 59 61 62 62 61 62 62 62 61 58 56 60 61 63 60
    62 66 68 67 65 65 69 66 63 63 63 63 61 61 63 64 63 64 64 63 59 56 60
    63 60 64 68 75 75 66 67 68 68 65 61 65 72 68 68 66 71 73 68 65 65 65
    61 58 55 57 59 61 59 62 64 64 65 66 67 69 66 63 64 65 64 64 67 69 71
    72 69 69 67 68 70 69 68 72 70 70 65 64 66 64 63 62 65 68 66 64 69 69
    67 61 61 64 65 62 60 61 67 62 61 63 61 63 65 64 60 57 55 57 57 54 54
    62 63 63 65 65 64 65 62 61 61 61 66 71 67 68 71 68 64 58 56 54 55 54
    58 61 64 66 71 71 72 70 69 72 67 66 63 59 60 60 54 59 59 61 60 63 64
    69 67 65 68 72 69 65 59 54 60 57 55 59 60 64 64 58 56 58 54 58 58 62
    66 68 68 70 68 59 62 62 63 56 56 53 55 56 52 52 60 63 66 65 63 65 67
    67 68 67 66 65 65 71 72 73 71 73 75 75 67 67 66 69 68 69 74 73 74 72
    71 72 69 64 68 65 67 65 61 63 60 59 62 63 65 63 62 62 62 60 59 55 59
    61 65 63 66 68 70 68 67 66 68 66 62 63 65 64 63 62 63 63 61 62 60 59
    57 55 59 61 58 64 67 71 72 66 67 69 67 65 62 66 72 68 67 66 69 70 64
    60 60 60 58 57 55 57 59 60 59 62 60 61 61 65 67 67 63 64 65 66 64 64
    67 71 70 71 69 67 65 65 65 65 62 66 67 68 63 62 63 63 60 57 59 65 65
    62 66 66 66 63 61 62 64 62 61 60 64 60 59 60 60 61 63 62 60 59 58 58
    60 59 60 67 68 68 71 71 71 72 69 69 69 66 69 73 70 71 72 70 69 64 59
    57 57 57 57 56 59 62 67 69 69 70 70 71 67 64 60 58 57 57 52 58 57 59
    57 61 62 65 65 63 66 69 66 62 59 52 59 57 56 59 58 60 62 53 51 52 50
    54 54 56 62 64 65 64 63 61 63 62 66 61 60 59 60 61 57 54 57 61 61 60
    56 60 62 65 63 64 63 62 62 68 67 69 69 72 73 71 63 64 62 65 63 65 73
    70 72 70 69 70 65 59 64 60 60 61 57 60 55 55 59 61 63 61 61 63 63 58
    60 55 58 60 63 63 66 65 67 65 64 63 66 62 60 61 63 62 62 61 64 65 63
    63 59 59 57 53 55 57 54 60 63 66 69 64 66 67 65 63 60 64 71 66 67 65
    68 70 65 58 60 61 59 57 56 58 62 63 62 67 66 68 67 69 68 67 62 65 65
    64 63 65 68 69 67 67 67 65 63 63 66 65 62 66 66 69 64 61 61 61 55 55
    54 60 63 58 62 64 64 63 60 60 64 63 61 60 61 59 60 61 62 64 66 67 67
    65 63 63 65 63 64 67 66 68 67 64 64 66 62 62 63 63 67 72 69 71 74 71
    71 65 61 58 57 57 57 54 59 62 64 67 67 68 68 68 65 64 60 60 58 61 58
    62 61 63 59 64 65 66 66 65 67 68 63 59 57 51 57 55 56 60 59 59 62 53
    51 52 50 53 53 56 63 65 65 67 67 67 71 69 70 64 62 60 62 61 55 54 57
    62 59 59 56 60 62 64 63 63 62 61 61 64 64 66 67 72 71 71 62 63 61 64
    61 66 70 72 74 72 70 69 65 61 62 59 58 57 56 58 54 56 58 61 62 59 57
    59 59 55 55 53 56 57 59 60 62 62 64 63 64 62 66 62 60 60 62 63 64 63
    66 68 66 65 62 61 58 55 56 55 52 56 58 60 62 57 62 62 62 59 57 62 69
    64 66 64 66 67 64 56 60 61 63 62 61 65 69 68 67 70 71 70 68 70 67 65
    61 62 65 64 65 67 69 71 70 68 67 63 64 65 66 67 63 68 69 69 63 60 57
    60 54 53 55 60 63 60 62 62 60 57 55 57 60 59 60 60 64 63 63 63 63 65
    67 67 67 64 66 67 67 66 65 65 66 67 67 65 63 66 64 63 63 62 65 70 69
    70 73 69 69 64 62 59 58 59 59 58 61 65 65 69 65 68 66 66 62 64 60 59
    55 60 59 63 61 62 60 66 68 68 67 66 70 72 67 61 61 54 58 53 52 58 59
    61 66 57 58 57 54 56 55 56 63 65 68 68 69 69 75 71 71 65 63 57 62 58
    54 53 54 57 56 54 52 54 59 60 62 64 63 64 65 67 66 67 65 68 67 67 59
    62 62 65 66 70 72 74 74 72 70 69 65 64 64 63 61 59 56 57 53 57 60 62
    66 65 64 66 62 57 59 55 58 59 58 61 63 62 66 65 65 67 69 65 62 59 62
    61 61 57 61 63 64 63 60 62 61 60 61 57 55 58 59 61 60 56 61 59 57 53
    54 60 65 61 66 66 68 68 65 59 61 61 64 63 63 65 69 70 71 70 70 67 65
    69 62 59 56 60 65 65 63 69 70 71 69 67 68 66 63 66 70 73 69 72 71 73
    67 60 55 58 51 52 54 56 59 58 59 61 59 57 56 59 63 60 59 59 62 64 66
    62 65 65 66 65 63 58 63 65 68 68 70 70 74 73 74 70 69 71 71 68 66 64
    66 70 67 67 69 68 67 64 61 58 58 59 60 61 63 66 66 70 67 70 68 68 67
    67 63 62 58 63 63 65 65 66 63 67 65 62 61 60 62 64 59 54 56 51 55 51
    51 57 59 61 64 56 56 57 54 54 51 53 59 60 62 63 63 70 74 71 71 67 67
    61 64 60 57 56 55 57 57 55 55 57 59 61 60 63 62 60 61 64 65 68 65 66
    68 67 61 63 62 64 67 69 71 72 69 66 64 62 58 57 58 58 58 57 54 55 53
    56 57 57 62 62 63 64 61 58 63 59 62 63 63 67 68 63 68 67 67 68 69 67
    65 62 66 63 60 58 61 61 62 59 59 60 60 59 60 56 55 58 60 59 58 56 62
    60 58 57 58 63 68 64 69 67 66 65 62 58 59 59 64 65 66 68 69 70 71 70
    71 68 67 70 65 63 59 62 65 63 62 68 68 71 68 67 68 65 62 63 65 68 64
    66 65 65 63 55 49 54 49 53 56 57 60 60 60 64 61 58 56 60 62 61 60 58
    60 61 64 62 62 62 63 63 63 60 63 68 72 71 73 70 72 70 69 65 66 67 69
    66 65 64 64 67 66 67 68 68 67 66 63 61 61 64 63 63 64 69 67 71 71 75
    72 71 67 67 64 62 58 65 64 67 66 64 60 61 60 59 57 58 62 62 59 52 52
    50 53 48 50 56 59 61 63 58 58 58 56 58 56 55 58 59 60 57 54 71 72 68
    66 64 62 59 62 59 57 59 57 60 59 57 59 61 61 64 63 62 63 61 63 65 66
    68 69 70 69 69 64 63 62 61 60 61 62 61 60 59 59 58 56 55 59 58 57 58
    57 57 58 57 57 56 61 60 61 63 62 62 66 63 65 65 62 66 66 64 66 66 69
    70 70 70 67 65 67 65 62 59 59 60 61 61 59 58 60 60 61 58 55 57 63 60
    59 59 64 63 61 56 59 63 66 64 66 65 65 63 61 57 59 59 65 66 68 68 68
    67 66 65 66 66 67 72 67 64 59 64 66 61 58 64 67 72 67 66 68 68 65 65
    65 69 63 64 60 59 56 50 46 52 49 53 54 55 58 59 58 60 59 59 58 60 62
    61 62 59 62 66 68 65 64 65 65 65 63 60 65 69 71 70 70 67 70 67 66 65
    68 71 73 70 72 72 71 73 71 72 72 70 69 67 64 63 66 66 66 63 66 69 65
    66 65 68 66 64 61 63 60 60 59 67 67 70 71 69 65 64 62 60 60 61 64 64
    64 57 57 54 56 52 54 57 61 62 63 59 60 60 57 57 54 54 54 54 54 53 49
    69 69 66 67 65 63 59 61 58 54 55 53 56 56 55 60 61 62 65 66 67 65 61
    63 63 64 63 61 62 60 59 55 57 57 56 57 61 62 61 60 60 61 60 60 57 61
    59 59 56 56 57 60 60 58 58 62 61 60 62 63 64 66 65 66 66 63 64 65 65
    65 67 71 71 72 73 67 65 67 65 63 59 57 60 60 59 56 56 58 58 60 56 54
    56 59 55 56 55 59 60 58 56 60 63 67 68 67 66 67 63 64 60 59 60 66 64
    66 65 66 66 66 64 66 67 67 71 67 63 60 65 67 60 58 62 66 69 63 63 68
    68 67 65 64 68 61 61 58 57 56 50 47 52 51 53 54 54 57 57 56 58 57 59
    58 60 61 61 58 57 56 61 64 62 63 66 65 67 64 60 65 66 66 67 67 63 66
    65 66 68 72 72 76 77 75 74 69 68 66 67 66 66 65 68 66 67 69 69 67 64
    63 65 60 60 59 62 62 61 59 63 61 63 61 69 70 73 73 72 68 68 65 62 60
    60 62 60 61 54 57 56 57 52 57 59 64 63 64 60 62 61 60 57 56 53 54 52
    50 48 45 75 76 71 70 69 65 60 62 56 54 54 51 55 53 53 59 62 63 66 66
    68 67 61 63 63 63 60 60 59 58 55 52 53 54 53 55 58 60 61 60 59 60 60
    62 59 61 60 64 61 59 59 64 63 62 58 62 62 60 60 63 62 64 65 65 67 63
    63 63 63 64 67 71 70 72 73 68 66 67 64 64 60 58 60 61 61 57 58 60 63
    65 62 57 58 61 60 59 56 61 63 63 61 63 67 71 69 68 64 67 62 63 59 59
    61 67 63 64 63 64 65 65 63 67 69 69 71 66 64 63 66 67 60 57 62 65 67
    62 63 69 71 71 69 71 73 68 67 61 58 56 51 49 53 53 59 61 59 61 61 60
    60 58 59 61 63 62 62 62 60 60 63 66 64 65 68 66 66 64 59 65 65 65 65
    65 62 66 65 66 67 70 70 73 71 66 65 62 63 63 65 65 66 64 67 66 69 69
    69 71 69 64 66 60 59 56 56 57 58 55 59 60 63 63 70 72 77 76 73 69 67
    67 64 59 59 61 59 62 53 53 54 54 49 54 57 64 67 66 66 69 67 65 62 58
    56 56 56 57 55 51 73 75 69 67 62 57 52 55 49 51 53 53 54 55 56 65 64
    64 66 68 72 68 62 66 65 68 64 61 61 60 56 53 52 55 55 55 57 60 61 59
    58 61 62 65 60 60 62 63 58 58 59 65 64 63 58 62 61 60 61 64 63 66 70
    71 71 68 67 68 69 68 71 75 75 75 76 71 69 68 64 63 61 59 61 62 59 57
    57 59 63 66 64 61 62 65 62 59 58 62 64 65 64 67 72 73 70 68 63 64 57
    57 57 56 59 65 63 66 64 64 68 66 64 67 68 66 68 65 63 62 64 65 61 57
    59 61 63 60 60 64 68 70 72 73 74 70 68 64 58 54 50 48 52 56 60 62 61
    60 62 62 58 56 58 59 62 59 58 60 60 62 67 69 69 70 70 67 64 61 59 64
    62 63 66 66 63 66 63 67 70 71 70 74 73 68 63 61 63 64 65 65 67 68 71
    68 71 72 71 71 68 61 62 58 56 53 55 57 61 60 63 62 66 66 71 70 73 72
    70 67 64 63 62 58 60 63 59 63 56 55 58 54 51 57 60 67 69 67 68 71 68
    65 62 59 56 55 56 57 54 50 71 72 68 66 64 61 55 60 56 56 57 53 54 55
    55 62 63 65 67 70 74 69 65 67 67 71 66 62 62 62 59 56 54 57 58 59 58
    62 59 57 58 59 60 63 57 61 62 64 61 62 63 69 65 65 61 62 59 57 60 65
    64 67 71 74 74 72 69 69 68 66 68 73 72 75 76 73 73 71 65 62 58 57 58
    57 56 55 55 57 61 65 65 62 66 70 67 62 62 65 68 70 69 72 77 75 71 68
    63 64 60 60 63 61 64 67 64 64 62 62 66 66 66 69 72 71 71 70 66 62 63
    61 57 53 53 57 57 55 57 61 65 66 65 70 69 66 64 61 57 55 51 53 54 58
    62 64 64 61 62 63 59 57 60 60 64 60 62 64 61 61 66 66 67 66 67 65 64
    62 62 65 65 65 68 68 65 66 63 65 68 70 68 71 70 70 64 61 63 64 65 63
    64 65 68 65 68 67 67 69 66 59 61 58 57 55 55 59 64 64 64 62 67 68 70
    68 69 70 70 66 62 61 61 57 58 60 56 61 53 53 58 56 54 63 65 72 73 68
    68 70 65 64 62 57 56 56 57 58 54 48 70 72 67 65 64 59 55 60 57 57 58
    55 57 58 60 65 69 69 71 71 74 68 64 65 63 65 64 62 64 63 60 58 56 55
    56 56 56 60 59 60 61 62 61 64 58 59 58 61 61 62 65 68 63 64 60 58 55
    53 58 67 64 66 72 74 74 72 66 69 67 64 67 71 70 73 73 72 73 70 64 62
    60 58 57 56 55 54 54 56 58 62 63 63 67 70 68 64 64 68 71 73 74 75 80
    77 71 66 61 62 59 60 63 62 64 65 60 60 58 59 61 61 63 68 73 73 70 71
    69 66 64 59 55 54 53 57 59 57 59 61 65 67 64 66 65 64 62 60 56 55 53
    55 54 59 61 62 63 61 64 66 61 60 64 64 66 61 63 65 61 62 64 64 66 67
    69 69 67 67 69 71 68 65 66 65 61 60 57 59 65 66 65 68 68 67 63 60 62
    67 68 68 71 73 74 73 74 71 67 67 61 57 59 54 54 53 53 59 63 60 63 60
    67 67 67 65 67 67 71 68 64 65 66 64 64 65 63 67 60 59 64 62 59 66 68
    75 73 68 70 73 65 63 63 60 58 55 56 58 53 47 69 71 69 64 63 57 56 60
    56 55 55 54 55 55 57 63 66 68 70 71 72 67 65 65 62 61 58 57 59 56 56
    56 56 58 60 58 59 59 60 60 62 62 63 67 63 62 63 66 63 67 67 70 66 66
    61 57 51 50 53 61 57 57 63 66 66 64 60 63 64 61 67 69 69 71 69 69 71
    65 61 60 59 60 59 58 58 58 56 56 58 60 61 61 64 67 68 66 67 70 71 72
    72 71 75 71 67 66 64 68 66 65 67 66 67 65 60 59 58 60 61 61 65 69 73
    74 69 70 70 67 66 64 61 61 60 63 62 59 60 60 64 66 64 64 64 62 62 63
    58 58 59 62 60 62 63 62 63 62 63 67 63 61 66 66 64 61 61 61 58 59 61
    61 62 64 68 67 65 66 67 69 66 64 65 64 61 63 60 63 66 68 66 68 67 64
    59 57 58 63 63 63 67 71 73 72 72 69 67 70 65 60 59 56 57 54 52 56 61
    62 63 60 67 67 66 63 64 67 73 72 70 71 72 71 68 67 63 65 60 60 64 65
    63 69 72 78 74 69 69 71 64 61 60 58 56 55 56 59 57 51 68 74 72 67 66
    60 60 63 56 56 56 53 53 53 56 61 62 65 68 68 71 65 61 63 59 58 56 54
    56 57 58 61 62 63 64 63 64 64 66 63 66 67 67 69 64 61 63 66 61 63 65
    68 65 67 61 58 54 53 53 59 55 55 60 63 64 66 62 67 67 67 73 72 72 72
    67 69 69 61 58 57 59 60 60 59 60 59 57 57 59 60 60 60 64 63 65 62 62
    66 66 69 71 72 76 74 70 71 66 66 63 62 63 62 59 59 55 54 53 55 57 60
    62 67 69 69 64 65 63 63 61 60 58 60 59 61 57 56 58 60 61 64 62 65 65
    63 63 65 61 61 63 64 61 64 63 61 65 62 62 67 64 63 69 66 66 64 65 63
    62 60 60 62 63 64 65 64 62 67 68 69 64 65 67 67 61 60 58 62 62 64 62
    66 65 61 57 55 54 60 59 62 65 70 75 75 75 71 67 67 63 58 57 55 58 56
    57 61 66 67 69 66 72 68 66 63 62 62 66 66 68 69 72 72 70 69 66 65 61
    61 64 64 62 67 73 78 73 68 70 72 66 60 59 57 54 55 56 59 56 51 67 71
    70 65 64 58 60 64 60 60 59 57 59 56 60 60 62 65 65 63 67 61 60 59 58
    59 57 53 57 59 63 66 68 69 72 68 67 66 66 62 64 67 67 69 64 60 63 65
    60 61 63 66 65 68 64 61 58 57 55 59 54 56 59 63 64 69 67 69 66 67 70
    68 67 68 66 69 71 66 63 62 62 64 62 60 58 59 58 60 61 64 64 65 66 65
    65 63 63 68 69 73 75 73 77 72 66 68 64 63 61 59 58 61 57 60 57 57 59
    63 63 65 65 69 70 68 63 63 64 63 62 61 60 61 61 59 58 58 58 60 63 65
    66 69 68 66 65 66 61 58 60 61 59 62 62 62 65 62 62 68 65 66 70 68 68
    66 63 63 59 60 59 57 58 60 59 59 56 62 67 71 67 70 73 71 67 68 62 64
    62 64 62 65 61 59 56 55 56 61 59 61 64 71 73 73 74 70 69 69 64 63 61
    61 64 61 64 65 67 68 66 67 72 70 68 65 63 63 64 65 62 63 67 66 64 66
    63 66 65 65 69 70 67 72 76 79 74 68 70 72 66 63 62 59 58 58 58 62 58
    53 60 64 66 62 62 56 60 64 61 61 60 59 60 57 62 62 63 63 61 60 63 58
    58 57 57 59 58 54 58 59 64 67 69 72 74 68 66 63 64 60 62 65 65 67 63
    60 61 60 56 60 62 65 64 66 65 60 57 57 56 59 56 56 59 64 64 68 64 66
    65 66 66 63 62 64 61 62 64 61 58 57 58 61 59 58 56 60 58 61 60 62 61
    62 61 60 58 58 59 64 65 69 72 71 73 70 66 69 66 66 68 66 66 67 64 66
    63 62 62 63 64 63 63 67 67 67 64 63 64 61 60 57 57 60 60 60 62 63 64
    64 63 65 65 66 65 62 60 63 59 59 58 57 57 62 59 57 58 56 57 63 61 64
    67 65 67 68 66 64 60 62 61 59 57 56 57 57 55 61 66 69 69 70 74 74 70
    71 66 66 66 67 65 68 66 65 62 59 59 63 59 59 62 69 71 72 72 70 68 67
    64 65 62 61 66 63 67 66 67 71 70 69 73 69 68 64 60 60 61 63 63 61 67
    68 68 69 67 68 68 69 70 70 68 69 71 74 68 63 65 67 62 61 60 58 58 58
    59 64 60 57 60 65 67 62 65 59 62 65 62 60 59 58 61 59 64 63 65 65 61
    59 60 56 55 54 54 57 55 53 55 59 62 67 68 69 70 67 65 62 62 60 62 63
    63 64 61 58 60 62 62 64 65 68 64 64 61 56 55 55 53 55 56 55 59 61 60
    65 64 62 62 62 64 63 61 63 63 63 66 60 57 55 57 58 57 56 56 61 60 61
    59 62 60 62 59 58 58 59 59 66 66 71 72 71 72 71 65 68 64 66 68 68 66
    69 66 69 65 64 63 64 63 62 61 64 62 63 60 60 63 59 59 60 59 62 65 62
    66 65 64 65 63 64 63 64 64 62 60 63 58 59 59 60 58 61 57 57 56 53 52
    58 59 63 66 67 71 71 70 67 62 62 59 54 52 51 54 53 52 59 62 65 66 68
    71 71 68 70 66 65 64 66 66 69 66 65 63 58 58 62 55 55 59 65 66 66 66
    64 64 64 62 66 64 61 66 66 69 67 66 67 68 68 69 63 62 59 56 57 57 60
    61 61 64 65 63 64 65 66 66 69 70 73 69 69 71 74 67 64 65 69 64 62 61
    58 58 60 59 65 63 60 61 67 67 63 65 58 61 63 61 58 58 59 65 63 66 64
    67 64 61 57 57 54 53 53 55 53 55 52 54 56 58 62 64 65 67 65 65 65 65
    64 63 64 64 65 62 60 62 66 62 63 61 63 61 62 59 56 56 58 57 57 57 58
    60 63 61 65 66 64 66 69 69 68 66 64 65 62 62 59 56 55 58 58 59 58 57
    63 63 64 64 66 64 65 59 58 56 57 56 60 62 67 66 66 66 67 62 64 61 63
    65 64 61 63 61 64 62 61 59 60 61 58 58 59 55 58 57 57 60 59 60 64 63
    66 70 67 69 69 68 68 65 66 69 69 69 66 66 69 63 63 62 63 60 63 59 57
    54 54 54 60 60 66 69 72 74 73 72 67 64 63 58 54 54 53 56 54 52 60 61
    65 65 66 70 69 66 70 67 66 65 66 68 69 66 63 64 60 62 65 58 60 64 70
    73 70 68 67 65 63 61 65 63 60 67 65 71 68 65 68 70 68 70 62 61 59 56
    55 56 58 59 60 64 64 62 63 65 67 66 68 69 73 69 69 69 70 64 63 64 67
    63 61 62 63 62 64 62 68 68 66 60 65 67 63 62 55 60 61 59 54 54 56 62
    59 63 62 65 62 58 56 55 53 52 53 58 57 56 54 55 59 60 63 67 71 73 69
    69 69 68 65 64 65 66 68 64 62 63 63 59 59 54 58 58 60 61 59 60 61 59
    57 56 56 57 60 59 65 66 63 64 66 67 65 62 61 64 61 64 61 60 58 61 59
    62 59 58 62 64 66 68 70 68 68 60 60 56 58 56 59 63 68 65 66 65 65 61
    63 60 63 65 63 60 62 63 66 65 62 62 64 66 62 61 63 59 61 60 59 62 60
    60 64 63 66 67 64 67 69 69 69 67 67 69 68 66 63 62 64 59 57 58 60 59
    65 62 62 61 59 57 63 62 67 71 71 74 74 73 69 67 66 62 59 57 52 57 53
    51 59 59 63 66 67 73 72 68 71 68 66 64 63 64 67 66 63 65 59 62 64 56
    57 59 64 67 63 63 65 64 62 62 64 65 61 66 65 70 65 63 67 69 69 68 63
    63 60 58 56 53 55 58 57 62 60 59 61 64 65 65 68 70 73 70 70 68 68 60
    58 56 61 58 57 59 61 62 68 66 73 75 73 60 65 66 63 63 58 61 61 60 57
    58 58 65 64 68 65 69 66 62 58 57 56 56 55 60 62 62 62 61 65 66 67 68
    71 72 71 71 72 71 69 67 68 68 68 65 62 63 64 60 59 57 60 60 62 63 63
    64 63 60 61 60 60 60 64 64 69 69 65 65 67 64 65 62 62 64 61 61 60 59
    56 59 56 57 56 56 60 63 67 72 74 73 73 67 67 60 61 59 64 68 70 67 70
    68 69 65 65 61 62 63 61 57 58 58 64 63 60 59 61 62 58 56 58 55 57 57
    59 60 57 56 60 57 58 58 56 61 65 65 68 65 66 70 69 68 63 59 62 58 53
    54 55 58 65 62 64 65 61 61 63 61 64 65 64 70 69 72 70 71 71 69 66 65
    60 63 59 57 62 61 63 63 63 69 68 67 69 67 63 61 59 58 61 62 62 67 63
    67 68 62 61 61 63 63 59 63 63 61 59 60 64 65 60 67 65 69 65 64 68 72
    69 69 66 66 63 59 55 53 53 55 55 59 57 57 61 67 68 69 70 71 74 69 67
    65 66 60 60 57 62 60 60 59 59 61 69 66 73 74 73 56 60 64 61 63 59 61
    61 60 56 57 56 63 62 67 65 70 65 61 58 56 56 57 55 63 63 62 63 61 62
    61 61 62 68 71 71 72 71 68 69 65 63 64 65 64 62 64 65 62 62 57 59 61
    61 64 65 64 65 63 62 63 63 63 67 64 66 68 64 62 63 59 62 61 62 65 63
    62 63 61 59 58 54 57 57 56 60 62 68 73 74 71 73 67 68 60 60 60 66 69
    73 67 70 68 68 62 61 57 61 63 61 57 59 62 67 66 63 64 65 68 63 64 63
    62 63 64 63 63 58 58 62 60 59 60 58 65 67 65 67 65 66 73 69 70 65 64
    64 58 53 54 55 59 63 63 67 65 65 63 64 62 63 64 65 68 67 68 68 69 69
    68 65 65 60 61 58 57 59 58 59 62 60 65 62 63 66 65 61 63 61 63 61 62
    63 68 62 64 64 58 56 56 57 59 54 59 61 62 62 64 64 67 63 68 69 69 64
    65 68 70 69 68 66 69 68 65 64 62 60 61 59 59 57 56 60 64 65 66 71 72
    75 69 67 64 62 56 54 53 58 55 58 61 62 65 70 70 75 77 74 64 66 67 66
    65 61 61 62 59 58 59 58 63 65 67 68 72 67 64 59 55 57 57 55 61 63 64
    67 61 62 62 62 60 65 67 68 69 68 67 71 67 63 63 67 67 63 62 62 62 65
    58 60 61 61 64 66 61 62 63 63 65 64 64 69 65 65 67 64 64 63 60 66 66
    64 67 63 64 61 58 54 55 51 55 55 57 60 64 68 72 70 69 70 67 69 61 59
    60 63 65 68 63 67 69 68 64 63 58 59 61 58 56 57 61 66 67 65 64 64 65
    60 60 59 56 59 62 62 61 56 56 60 58 57 58 57 65 64 63 65 63 64 70 66
    68 65 63 63 57 53 55 57 59 62 62 64 64 63 63 64 62 63 65 65 67 64 66
    68 70 68 70 70 73 64 64 62 64 64 59 58 62 61 62 61 62 64 66 62 64 64
    64 62 66 65 69 62 62 62 57 56 57 56 59 56 61 63 60 61 65 64 66 61 64
    67 67 61 65 70 71 69 70 67 70 69 66 67 65 63 64 63 62 60 60 61 65 64
    64 68 70 72 67 66 65 63 57 54 52 58 55 56 60 62 65 68 68 72 74 73 67
    69 70 66 64 59 58 58 57 56 57 58 65 67 69 67 72 70 67 61 58 61 61 58
    61 61 63 67 61 62 62 63 62 67 68 71 73 73 71 73 70 65 64 66 67 64 65
    64 64 64 56 57 60 60 62 65 62 64 66 64 66 67 67 73 69 68 69 67 64 63
    59 65 66 65 67 66 66 63 62 57 56 53 56 55 58 59 64 69 72 70 70 72 71
    73 66 63 65 67 67 67 61 68 70 67 63 62 58 61 59 57 54 58 62 67 67 65
    65 67 67 62 61 60 58 61 63 64 64 61 60 66 62 59 58 56 63 60 60 63 65
    66 72 67 70 67 66 65 57 52 58 59 62 62 64 69 70 68 67 66 66 62 62 62
    62 60 61 63 67 66 68 72 74 68 66 63 66 68 62 62 64 63 65 61 61 59 59
    58 60 59 59 57 63 63 66 60 61 63 59 58 57 58 60 58 62 66 63 64 67 65
    69 63 65 67 67 60 65 68 69 68 69 66 70 68 65 66 65 62 64 63 60 60 57
    58 62 63 63 68 68 71 67 67 65 63 56 54 51 57 55 54 58 63 64 67 65 65
    68 66 64 63 66 66 63 62 63 63 63 63 62 61 66 68 68 67 70 69 70 65 60
    64 63 59 65 62 62 68 62 61 64 61 62 68 71 73 77 74 72 73 70 65 65 65
    69 67 68 66 65 67 61 61 66 68 71 74 69 71 71 67 65 63 63 69 65 63 65
    65 64 63 57 63 65 61 62 61 61 60 59 55 57 53 54 55 58 59 63 69 73 72
    72 74 74 77 68 66 68 68 68 65 60 66 69 65 63 61 59 59 57 55 53 57 62
    66 69 67 68 70 70 64 64 64 62 64 68 68 68 64 63 69 65 60 59 58 64 63
    63 66 70 71 75 68 69 67 65 63 59 55 61 63 64 65 68 69 73 70 70 70 69
    63 64 60 59 57 55 60 63 62 67 72 72 69 64 65 70 70 65 65 64 63 64 59
    60 59 58 60 62 59 59 56 61 61 64 62 63 63 60 61 60 60 61 60 63 69 64
    64 65 62 65 62 62 63 64 58 64 65 67 65 69 67 71 70 69 68 68 65 67 66
    63 63 60 60 64 63 64 66 67 70 67 65 63 62 60 56 53 58 57 58 62 63 66
    66 63 61 61 58 59 58 63 60 58 56 58 57 60 60 60 60 64 67 68 66 66 66
    66 61 56 61 63 59 62 62 62 68 61 59 65 64 65 70 71 71 74 69 67 67 66
    63 64 65 69 67 67 62 62 64 61 61 67 67 69 73 68 69 66 64 63 63 61 67
    64 62 62 61 60 58 53 56 59 57 56 58 57 55 56 55 54 55 55 59 62 62 66
    72 72 69 68 72 73 73 65 65 69 68 66 62 61 68 69 66 65 64 63 61 57 55
    52 56 61 66 68 68 73 76 75 70 70 69 68 68 70 71 73 67 66 70 66 59 57
    55 63 62 63 66 73 72 74 66 67 65 62 61 57 55 63 64 65 66 67 70 73 68
    69 70 68 63 63 58 57 57 53 58 60 59 62 68 67 67 62 63 67 67 63 63 60
    63 64 61 64 62 61 64 64 62 58 55 59 59 59 56 56 57 53 56 56 56 56 56
    61 67 62 62 64 62 66 62 60 63 63 58 66 66 69 70 72 73 76 74 73 72 71
    68 69 66 63 61 60 58 61 60 64 66 67 70 68 66 66 65 63 59 55 62 61 59
    61 61 63 62 60 57 57 55 57 54 60 58 57 56 58 59 63 66 65 62 66 70 69
    67 63 65 65 61 56 59 61 59 60 61 59 64 57 53 58 57 58 62 63 68 71 67
    65 63 63 59 59 59 62 62 65 62 63 65 64 64 68 65 65 69 62 63 59 57 59
    60 59 66 63 62 64 65 66 65 61 63 64 60 58 57 53 53 53 55 55 57 58 62
    65 67 69 72 70 66 66 68 68 68 62 62 67 64 60 57 59 67 69 69 70 68 66
    64 59 58 54 56 62 67 68 68 72 75 74 69 70 68 69 68 71 71 72 67 68 72
    67 61 62 62 67 64 63 67 72 71 74 68 70 69 67 66 64 61 66 66 67 65 64
    65 68 65 66 66 67 62 61 57 57 54 50 55 57 54 57 61 64 68 61 64 70 70
    66 63 56 62 61 60 64 64 66 70 67 66 63 58 61 59 58 56 56 56 54 55 55
    56 57 59 62 67 65 67 68 69 68 68 64 63 62 59 65 66 68 70 75 75 78 76
    74 74 73 69 71 67 62 64 61 59 62 60 64 66 66 66 66 66 67 63 62 58 58
    65 63 63 64 66 65 61 58 54 50 51 55 54 60 59 58 58 60 62 64 64 60 58
    62 63 62 62 59 63 65 62 59 63 64 63 64 62 59 63 57 52 55 53 55 58 60
    62 65 63 60 59 62 58 59 59 62 63 64 59 62 64 61 61 66 65 64 68 61 63
    61 57 59 62 61 66 64 62 66 65 64 64 62 63 62 60 61 60 56 56 55 58 56
    57 59 63 66 71 73 74 71 66 67 68 64 62 59 59 64 58 54 55 58 63 66 66
    67 66 63 61 56 54 51 54 60 63 66 69 77 79 77 74 75 75 74 72 74 72 74
    73 72 74 70 67 71 69 73 69 66 71 75 72 75 70 72 74 72 68 67 65 66 68
    66 62 62 62 62 60 61 63 65 61 63 61 61 58 53 56 57 53 55 60 60 62 56
    60 67 69 67 67 62 66 65 63 65 62 64 70 69 68 65 62 66 61 56 54 56 57
    54 55 57 61 63 64 65 71 68 69 70 71 69 70 67 67 66 64 69 69 69 70 73
    72 75 72 70 73 73 69 70 67 63 65 61 58 59 60 62 65 64 67 67 69 66 62
    61 58 58 64 62 64 68 69 68 61 60 53 49 49 56 55 59 59 56 56 58 59 63
    61 58 59 62 62 64 63 62 65 67 67 65 67 68 67 68 65 61 64 60 56 58 58
    60 62 61 62 65 65 63 61 63 61 59 60 60 58 60 56 60 64 61 63 67 66 65
    65 60 61 61 57 56 57 57 61 61 60 64 64 65 67 65 65 63 61 61 61 56 55
    55 55 56 58 59 64 66 71 74 72 67 64 66 67 61 60 58 59 63 56 55 55 57
    62 63 65 67 65 64 61 57 58 54 56 62 64 67 69 72 76 72 68 69 69 68 66
    68 67 72 72 72 76 73 69 72 72 74 72 68 72 78 74 75 71 72 76 73 69 70
    67 65 65 62 60 59 58 59 57 60 63 63 61 62 61 61 57 54 59 59 54 53 57
    58 60 54 58 65 68 67 67 61 66 66 66 68 66 66 73 71 70 64 63 69 63 57
    56 59 64 59 60 64 69 68 67 66 72 69 66 65 68 66 65 62 60 63 62 68 66
    69 68 71 69 71 67 68 69 71 68 69 65 63 64 60 55 57 58 62 63 62 65 69
    72 69 66 67 65 64 69 68 69 70 69 69 63 60 53 51 50 48 50 57 56 56 56
    58 59 62 58 58 59 60 61 65 64 64 67 68 71 68 67 70 68 68 66 62 66 64
    60 60 59 62 63 61 63 66 66 64 59 63 62 59 57 57 55 58 55 57 61 60 62
    66 65 62 62 58 59 58 55 53 54 55 58 59 57 62 62 61 63 61 59 58 59 60
    64 58 58 58 58 56 59 57 61 64 71 74 73 70 69 72 71 64 65 63 62 64 58
    58 57 56 61 59 63 66 63 64 64 61 64 59 61 67 67 68 69 76 79 77 72 75
    74 75 72 72 70 74 75 74 75 73 69 72 72 73 73 69 71 76 71 71 67 69 72
    71 69 72 70 68 66 63 61 59 60 58 57 60 64 63 61 62 60 62 61 59 63 62
    56 56 58 55 58 54 59 64 68 68 71 66 69 70 70 72 69 67 74 71 68 63 63
    67 63 57 59 64 68 62 63 67 72 69 65 64 70 70 66 63 65 67 68 66 63 67
    68 70 67 69 66 66 64 63 61 61 62 66 66 68 65 64 66 61 57 58 58 61 61
    57 59 63 63 61 60 61 63 62 65 66 66 68 67 67 62 63 58 57 55 44 46 53
    54 55 58 59 64 66 60 59 60 58 61 63 65 66 67 68 72 68 66 67 63 67 66
    60 62 62 58 60 57 59 60 60 61 65 66 64 61 63 61 58 57 58 55 56 55 58
    64 63 64 67 66 63 63 58 60 58 56 55 57 57 60 60 60 66 66 66 67 66 65
    65 63 65 68 63 64 64 62 62 63 62 65 63 70 72 68 67 66 68 67 60 61 61
    61 61 56 57 58 60 62 58 62 64 61 62 62 60 62 59 61 68 66 66 67 73 76
    74 71 76 76 75 73 71 69 70 71 70 73 71 67 72 72 72 70 63 64 68 62 63
    63 66 70 69 68 73 72 65 65 60 61 61 59 59 60 64 69 65 63 65 62 63 59
    57 63 64 56 57 58 58 62 58 60 66 67 66 67 62 65 64 67 70 71 71 75 74
    75 69 70 71 65 62 62 62 67 60 61 67 70 69 66 63 68 69 63 61 62 64 65
    66 63 67 67 69 67 69 66 65 65 65 63 65 67 71 71 72 69 68 67 61 57 58
    57 61 60 59 63 68 68 65 62 63 65 62 63 65 66 69 68 68 64 63 58 58 56
    48 52 56 57 55 56 55 59 59 55 53 56 56 59 62 65 67 70 68 69 67 65 67
    62 63 65 61 62 62 57 58 58 58 59 59 61 63 65 65 62 64 61 57 57 57 51
    52 51 54 60 56 58 60 58 55 56 51 54 52 52 53 56 55 61 62 64 71 70 69
    73 69 67 67 66 69 71 66 68 68 68 65 67 65 69 66 72 73 70 66 67 67 64
    58 56 59 59 57 53 54 56 58 59 55 60 62 62 62 63 63 65 64 65 69 66 65
    64 69 68 69 66 70 72 72 71 69 64 67 69 66 69 65 65 72 72 70 69 62 65
    67 60 60 62 67 70 69 68 74 73 64 61 58 59 59 59 57 60 63 67 62 63 62
    60 61 58 57 63 64 58 59 60 61 63 61 61 64 64 64 65 62 63 63 69 72 72
    72 74 76 76 69 71 72 66 66 63 63 71 65 63 69 70 70 68 66 67 72 68 66
    68 69 70 73 69 71 71 71 69 68 65 63 65 66 65 66 69 69 70 68 66 67 67
    63 62 63 64 66 65 62 64 67 67 62 59 57 60 59 59 58 61 66 66 64 61 63
    61 61 57 47 52 55 57 55 57 58 61 59 57 55 58 58 60 66 73 77 78 75 76
    74 70 68 62 64 65 61 60 60 55 54 54 55 56 56 58 62 66 66 65 65 63 59
    59 58 53 55 54 58 62 57 60 59 56 56 56 53 56 53 53 54 55 55 58 61 63
    72 73 73 76 74 72 73 71 71 73 70 73 74 72 71 71 66 67 66 68 67 66 66
    68 68 65 61 61 63 63 60 57 58 60 60 61 57 63 66 65 66 68 69 69 69 69
    74 68 66 64 66 63 62 58 64 66 67 67 67 64 66 68 66 70 67 67 73 74 71
    70 59 61 63 58 57 61 65 69 69 67 72 71 63 60 58 60 61 63 61 63 65 67
    64 64 60 59 59 56 56 59 61 57 59 60 62 62 59 61 62 61 65 66 67 68 66
    70 73 72 70 71 74 75 68 70 71 65 66 63 65 72 67 65 71 71 72 70 69 71
    76 73 73 73 73 73 76 72 75 73 72 70 67 63 60 60 60 61 61 64 64 66 67
    64 65 69 65 64 65 64 64 64 60 61 65 64 59 56 54 58 59 58 58 62 69 67
    66 62 63 62 65 59 51 56 59 62 61 63 63 64 61 59 58 62 63 66 73 79 85
    86 81 81 79 75 71 64 64 65 64 63 66 64 63 63 63 64 62 59 62 64 67 63
    63 61 60 62 63 56 59 58 61 64 58 61 61 58 58 58 58 61 57 56 57 60 59
    61 63 65 73 73 71 74 71 70 73 72 73 75 75 77 79 74 70 70 65 65 61 60
    60 61 61 65 64 63 62 63 65 65 61 61 63 62 61 60 56 61 62 60 63 64 66
    67 68 68 73 69 67 67 66 63 62 59 64 67 65 64 65 62 64 65 65 71 69 67
    70 71 66 66 57 58 59 58 56 61 64 69 71 70 70 71 63 59 57 60 61 65 61
    63 66 68 62 63 61 62 60 59 59 63 63 61 63 64 63 64 62 63 63 60 63 68
    70 69 68 72 75 74 68 68 72 74 68 69 68 64 65 64 63 70 67 68 72 72 73
    70 69 68 71 68 69 67 70 69 75 72 76 74 73 70 67 63 58 59 60 59 60 63
    64 67 66 65 67 68 65 61 62 64 61 61 58 61 66 63 59 57 55 60 59 57 59
    60 68 64 65 63 63 62 69 61 51 54 56 58 58 60 59 59 58 59 59 64 64 70
    75 78 83 82 77 77 75 71 67 61 60 61 60 59 65 64 62 64 65 68 63 61 63
    63 68 63 60 60 59 62 63 56 60 60 62 63 58 60 60 57 59 59 60 65 62 60
    58 59 57 58 58 60 69 72 71 75 71 69 72 67 67 70 71 75 78 74 72 72 65
    64 60 56 54 56 58 63 63 61 63 66 66 67 64 64 69 66 66 66 62 66 65 63
    65 65 67 70 72 70 74 71 69 66 64 58 60 57 63 64 63 65 68 66 66 64 66
    71 66 63 66 69 67 66 59 60 62 60 56 60 65 68 71 69 72 72 67 61 61 63
    64 66 64 65 68 67 61 62 60 61 57 56 56 61 63 62 66 66 66 69 67 68 65
    60 65 70 71 71 68 74 76 75 68 66 68 71 65 66 63 60 62 61 58 65 61 63
    67 67 68 66 64 65 67 63 63 61 64 65 72 70 73 71 70 68 64 60 56 58 60
    60 62 66 67 71 71 68 69 68 66 62 61 61 60 60 59 61 65 63 60 61 59 60
    60 59 60 60 64 62 64 63 62 62 68 62 53 55 57 60 60 62 60 61 58 60 61
    64 65 73 75 78 79 77 73 70 66 63 60 57 57 58 58 57 63 62 59 60 61 63
    62 58 59 60 64 61 57 57 57 60 63 56 60 61 63 64 58 59 58 55 57 58 57
    63 59 57 57 60 57 60 59 61 69 71 71 74 69 70 74 69 68 68 70 76 76 72
    70 70 64 63 59 58 57 60 63 67 66 64 66 67 70 71 68 67 71 69 67 65 61
    64 66 64 66 68 69 68 71 67 69 68 66 65 66 61 63 61 64 63 62 64 67 66
    66 64 66 70 63 60 61 64 63 61 56 60 62 60 56 61 66 67 69 67 68 69 64
    59 60 64 67 69 68 69 72 72 65 63 60 59 57 57 55 57 60 64 68 69 68 70
    72 71 67 64 67 70 73 71 71 74 75 77 72 68 70 71 69 70 64 59 61 60 57
    59 57 60 64 65 66 66 65 65 67 66 65 64 65 67 73 68 69 69 68 68 63 59
    57 60 60 60 60 66 65 70 69 69 68 66 63 62 60 60 57 58 59 60 62 61 58
    60 57 58 57 56 56 55 59 59 60 60 60 60 65 59 53 53 53 58 58 63 59 59
    57 61 61 65 64 71 73 77 76 74 71 67 65 63 60 58 59 59 60 58 63 63 62
    62 63 67 69 65 64 64 68 67 60 58 60 65 66 59 62 65 67 66 61 61 61 58
    58 60 60 65 63 61 61 66 60 61 59 60 65 68 67 73 69 68 72 68 67 67 69
    76 79 78 77 75 70 69 65 62 60 61 64 65 61 57 57 57 61 64 62 62 66 65
    65 65 60 65 67 67 68 68 66 66 68 64 66 66 64 63 61 57 59 58 60 62 61
    63 65 65 63 60 61 66 59 57 56 60 60 59 55 60 64 63 59 64 67 67 68 65
    67 69 66 61 63 67 69 71 69 71 73 72 66 64 61 61 57 56 55 57 57 60 63
    64 66 67 67 68 65 63 67 67 70 69 67 70 70 72 70 66 70 72 70 71 64 58
    61 58 55 58 57 60 64 64 67 70 68 66 68 67 65 63 61 63 70 66 64 65 65
    66 60 56 55 61 62 60 61 66 63 68 65 66 64 61 59 60 57 60 58 61 63 65
    65 67 63 63 59 61 58 59 58 56 59 60 60 60 59 58 61 58 56 56 56 57 60
    60 58 57 56 62 62 66 66 72 74 77 73 73 70 67 64 61 58 58 55 57 59 60
    64 64 63 64 64 69 66 64 62 62 67 63 57 57 59 64 64 60 67 70 70 69 64
    64 64 58 57 59 60 62 61 58 57 60 55 55 57 57 61 63 65 69 65 63 66 66
    67 66 69 76 78 79 77 74 71 70 68 66 62 63 66 67 62 59 60 60 64 68 65
    65 66 65 63 63 60 63 67 68 69 69 66 66 67 60 62 62 62 61 59 57 61 59
    60 61 61 64 65 66 62 61 61 65 58 56 55 61 62 64 61 67 69 68 63 65 66
    65 66 66 67 70 68 63 65 67 68 69 67 68 71 69 64 63 61 62 60 62 62 62
    60 64 64 62 61 60 63 65 61 62 69 70 73 71 70 71 71 69 68 65 68 67 66
    66 60 57 58 57 55 56 56 58 59 60 63 66 65 63 66 68 64 63 62 65 69 66
    65 69 70 68 64 62 61 65 66 63 64 68 63 67 63 63 62 62 60 63 60 63 63
    66 67 67 66 68 66 66 60 61 60 61 60 58 59 60 60 61 59 59 63 60 60 59
    60 60 63 63 61 60 59 64 65 67 65 71 74 77 72 71 68 69 65 63 60 61 59
    60 59 61 64 65 64 66 66 70 66 63 61 60 64 62 57 59 62 66 67 64 70 74
    75 73 69 67 68 61 58 59 59 62 61 58 58 61 56 55 55 55 56 60 62 65 62
    61 65 66 64 63 67 73 76 76 74 70 68 67 65 63 61 64 69 69 64 62 62 63
    65 69 68 68 71 68 66 66 64 65 70 67 68 69 65 65 64 58 61 62 62 63 61
    62 63 63 64 63 63 64 65 70 64 62 63 66 59 58 53 59 63 64 63 66 68 68
    67 68 68 66 69 66 66 67 64 58 59 63 64 66 63 65 68 68 62 62 63 66 65
    67 66 65 61 62 60 58 56 56 58 63 61 64 71 73 77 78 75 74 73 71 70 67
    68 68 68 66 60 59 57 54 52 53 53 54 54 57 61 64 65 64 68 68 63 60 60
    63 67 63 63 66 69 68 64 62 62 65 67 62 64 68 64 68 65 63 62 61 58 62
    60 60 59 63 64 65 62 65 65 66 60 60 58 62 59 57 56 59 60 62 57 56 59
    60 63 63 61 63 65 67 61 61 58 64 64 64 61 67 67 69 63 63 64 68 65 61
    60 61 59 59 56 59 64 67 66 67 67 72 68 66 63 64 68 65 60 60 62 65 64
    59 67 71 74 72 67 66 70 63 58 57 57 60 60 55 55 61 57 58 59 60 60 63
    63 65 59 58 61 64 63 62 64 72 74 73 70 68 69 69 65 64 63 63 67 66 64
    62 62 63 67 70 69 68 72 70 67 64 63 64 67 64 65 66 62 62 62 57 59 60
    61 64 63 63 65 65 65 63 62 64 65 70 63 60 60 63 56 56 51 56 61 63 63
    67 68 68 67 68 70 65 65 63 63 64 62 58 61 65 66 66 66 67 70 70 64 64
    67 68 68 68 68 66 64 62 62 59 59 59 64 68 67 71 76 75 79 78 74 73 70
    69 69 66 67 68 67 65 61 59 58 56 53 55 55 56 53 57 58 60 60 58 62 64
    57 57 59 61 65 59 56 59 63 60 56 58 59 64 68 63 66 71 65 68 65 64 62
    60 57 63 63 63 62 65 67 68 63 66 68 68 62 63 60 63 62 60 57 61 61 63
    60 56 57 60 66 65 62 65 65 69 64 61 58 63 64 62 58 60 61 63 57 58 59
    63 60 60 59 61 59 61 56 58 61 63 62 62 61 66 63 61 58 60 64 63 59 60
    61 62 61 58 63 68 71 72 69 68 71 67 62 61 58 59 60 57 55 60 56 59 59
    57 57 59 59 61 55 55 58 61 61 60 62 71 72 73 72 70 71 70 66 68 67 68
    70 70 68 65 62 60 62 66 64 62 67 66 66 65 64 63 67 66 66 67 64 61 63
    58 60 60 61 61 62 62 64 63 62 60 61 62 63 68 63 61 61 61 56 55 49 52
    58 60 61 64 65 64 63 64 64 57 57 55 59 61 60 59 63 66 67 65 64 64 67
    67 65 65 69 69 68 68 70 69 65 62 61 61 60 58 61 66 66 73 77 74 76 74
    69 68 64 62 67 66 69 70 67 66 63 60 58 55 55 58 59 59 58 61 62 64 65
    63 66 67 58 57 59 61 65 59 59 63 65 63 59 57 58 62 63 62 63 68 63 66
    65 65 62 61 59 68 68 68 67 70 71 70 64 68 68 70 65 66 63 67 63 63 59
    64 62 61 59 56 55 59 63 62 60 63 64 67 63 60 58 60 61 60 56 58 59 63
    57 57 58 62 59 59 58 61 59 63 57 58 58 58 58 58 55 59 59 58 56 57 58
    58 59 59 61 63 60 60 63 67 72 74 71 72 75 71 63 61 56 54 56 54 54 60
    58 64 64 62 61 64 63 65 59 61 63 67 65 65 67 72 73 73 71 70 72 71 67
    69 69 70 70 69 65 64 61 61 61 63 59 59 62 62 59 58 59 58 62 62 62 65
    63 60 63 58 60 59 59 61 62 63 64 63 61 59 58 59 58 62 57 58 58 60 55
    55 49 52 55 57 57 58 58 60 59 59 58 53 53 53 55 59 59 59 60 65 64 65
    62 63 65 67 64 65 68 69 68 68 70 68 62 58 55 55 54 51 54 60 62 68 69
    68 70 70 67 64 63 63 66 65 69 68 68 66 65 64 62 58 60 63 64 64 62 66
    68 68 68 65 70 71 63 62 65 64 65 58 56 59 61 57 56 57 57 60 61 59 60
    64 57 61 58 61 58 57 54 63 65 66 64 67 67 69 64 65 65 66 60 63 59 64
    60 63 59 66 64 63 61 58 56 60 66 67 63 64 65 65 60 60 59 62 61 61 57
    59 60 63 60 62 59 67 65 65 62 63 61 65 60 60 59 58 61 61 60 62 61 60
    61 61 62 60 63 63 66 67 63 63 68 69 73 73 72 73 74 70 62 59 55 51 54
    51 51 56 59 63 64 62 60 62 62 62 57 58 58 63 64 65 65 68 72 74 71 69
    71 71 68 66 66 68 67 65 63 61 60 61 58 59 59 58 62 61 59 60 62 59 60
    58 59 59 59 56 61 60 64 62 63 64 63 60 61 59 60 59 59 60 59 62 58 58
    58 57 55 57 50 51 54 56 54 55 54 56 55 53 51 48 49 52 54 59 63 65 64
    67 64 66 63 63 64 67 63 65 67 69 67 67 69 68 62 58 54 54 51 49 52 60
    59 66 69 70 72 72 65 66 63 62 64 65 67 68 67 65 63 64 61 59 63 67 67
    68 64 67 69 67 64 63 66 68 61 61 65 66 67 64 62 63 62 58 57 57 54 58
    61 59 60 64 58 62 59 60 57 57 54 63 66 65 66 70 69 71 67 67 66 65 59
    62 60 64 61 66 63 70 65 63 62 59 55 60 69 73 70 70 69 66 63 63 61 64
    60 58 57 59 61 62 58 60 60 67 64 64 61 63 62 65 58 57 55 55 55 55 54
    56 55 54 56 55 55 51 55 56 60 61 60 63 68 66 71 71 67 68 67 64 60 56
    52 50 50 46 48 51 55 60 60 60 61 62 64 64 60 61 62 65 65 62 63 65 68
    68 65 65 68 68 65 65 65 67 67 67 67 66 66 68 67 66 66 65 70 69 67 68
    69 63 61 58 59 58 58 55 62 62 64 59 61 62 63 60 61 60 62 61 60 60 61
    63 60 61 60 61 60 60 57 58 60 61 57 57 55 55 54 53 52 50 49 53 53 57
    59 61 61 66 64 67 64 64 66 70 68 68 69 71 69 68 68 66 63 62 59 58 56
    56 59 64 61 67 70 70 69 69 64 65 64 62 63 67 67 66 66 62 60 62 57 55
    60 64 65 67 63 68 71 68 66 64 65 69 62 62 68 65 66 62 60 63 64 57 60
    62 60 63 65 64 69 70 65 67 64 64 60 60 57 63 67 65 64 68 66 70 69 66
    66 67 62 64 61 63 60 66 65 68 64 60 60 58 54 55 67 70 66 68 67 65 62
    61 58 61 57 54 55 57 60 61 60 62 61 65 65 63 63 65 64 68 64 62 60 58
    58 58 59 58 58 57 61 59 58 53 58 58 62 63 61 64 67 65 71 68 64 66 66
    65 61 53 50 50 50 46 49 53 58 64 61 63 64 63 65 65 62 65 63 67 65 62
    61 62 65 67 62 64 65 66 64 64 65 69 69 69 70 69 68 69 66 65 65 65 69
    69 67 69 69 65 62 59 61 60 60 57 65 65 66 62 63 66 20 107 105 83 44
    37 18 39 69 59 76 38 0 17 101 64 80 31 87 18 14 40 82 0 29 66 64 24
    26 69 34 43 116 33 123 106 55 12 81 48 64 59 123 12 39 48 7 63 97 11
    23 108 22 6 74 36 100 11 80 16 43 81 6 13 108 66 64 65 63 68 67 64
    66 63 62 65 59 58 65 68 69 72 69 73 75 71 68 67 65 68 62 62 67 66 66
    63 59 61 63 58 58 58 58 60 60 58 60 63 60 60 59 60 56 56 54 57 61 58
    58 61 61 65 65 64 64 64 61 64 62 63 59 67 66 70 65 59 62 60 54 56 66
    69 65 67 67 65 61 60 57 59 56 52 54 55 55 55 55 57 60 63 63 63 63 64
    65 68 66 65 64 63 63 62 62 59 60 59 62 60 58 52 57 56 61 63 60 64 66
    64 68 65 61 64 63 65 63 57 53 52 51 49 49 53 59 63 63 64 64 65 66 68
    67 69 66 72 70 68 65 66 68 71 65 66 66 66 65 65 64 67 67 67 70 68 67
    69 66 64 64 64 69 69 68 70 72 68 63 61 62 64 64 60 68 68 70 66 65 65
    65 53 49 5 0 47 97 61 53 74 1 17 72 115 37 77 58 1 23 0 79 125 39 5
    75 14 41 5 41 25 72 106 57 3 32 119 122 10 103 14 92 79 116 109 72
    18 9 27 91 39 100 59 44 7 90 0 42 38 50 114 97 8 101 111 71 66 66 67
    64 68 66 62 63 60 61 64 61 60 67 71 75 79 76 79 78 75 71 70 64 67 62
    64 66 64 60 59 57 57 59 57 58 58 59 61 59 60 62 64 63 62 60 62 56 54
    52 54 56 53 53 58 59 64 66 66 68 69 65 67 65 65 62 68 69 73 69 63 67
    67 60 62 65 68 66 69 69 65 63 62 61 62 56 52 56 57 59 59 60 64 65 66
    64 65 63 62 63 66 65 64 62 59 61 60 62 60 62 61 64 59 57 50 57 57 61
    62 61 64 64 60 62 62 59 62 62 64 63 58 53 53 53 51 52 56 59 63 62 63
    61 64 65 69 68 69 65 69 66 66 63 63 65 69 65 65 64 65 66 69 66 70 71
    69 71 67 63 65 61 59 61 61 66 66 64 67 71 66 60 57 57 59 58 55 63 66
    67 65 65 64 29 85 90 88 51 92 65 62 123 54 38 121 24 14 102 37 74
    122 5 113 115 82 28 40 90 28 23 118 124 73 27 2 92 19 127 79 6 32
    116 119 86 46 79 100 127 118 80 81 33 78 52 46 115 102 113 95 63 104
    122 45 43 31 120 73 22 65 66 67 63 68 67 62 63 60 62 64 63 63 72 74
    76 78 76 79 78 74 71 70 67 70 64 65 65 64 63 62 61 63 64 65 65 63 63
    64 62 63 64 65 65 65 62 63 57 55 52 52 53 50 52 56 58 64 66 65 66 67
    64 63 61 61 59 67 66 72 68 63 66 65 60 62 68 69 67 67 69 65 60 60 59
    58 54 50 53 55 58 58 61 64 65 67 65 63 60 59 61 64 64 65 64 61 64 62
    64 60 61 62 66 60 60 53 58 59 60 63 62 62 62 58 60 58 55 56 57 61 60
    53 51 52 53 53 55 59 63 68 66 69 68 71 70 75 74 75 70 71 66 67 63 60
    61 66 62 61 59 61 64 66 63 66 69 67 69 66 63 68 67 64 66 68 69 71 67
    68 70 67 59 59 58 58 58 57 64 68 68 66 66 66 55 95 2 22 80 105 86 19
    73 26 67 95 112 93 125 110 52 14 120 43 92 73 64 29 9 30 41 89 14 49
    126 58 61 66 4 96 55 27 90 80 36 110 6 38 86 10 82 19 118 74 66 44
    105 78 95 105 121 116 79 89 7 68 76 35 105 71 72 73 65 66 64 59 63
    60 60 65 66 66 73 73 73 75 70 73 72 70 65 65 64 70 66 66 65 64 64 61
    58 58 60 58 62 61 63 67 66 66 68 68 65 66 60 61 57 54 51 51 50 48 49
    53 55 61 63 62 66 64 63 62 60 60 58 66 66 70 67 64 66 67 59 63 77 77
    74 72 72 67 62 61 59 60 57 55 59 61 64 65 66 70 69 71 68 63 58 56 56
    59 59 63 63 63 67 67 71 67 68 68 72 66 67 59 62 60 62 64 65 62 62 60
    64 60 56 57 56 60 60 54 52 55 54 57 57 60 62 66 64 67 65 67 68 74 73
    74 70 72 66 66 61 62 63 68 64 65 64 66 68 71 68 70 73 69 72 68 64 65
    65 63 67 67 70 70 69 69 71 71 64 63 63 63 62 61 67 71 70 69 69 69
    112 39 16 112 104 74 70 57 26 55 109 21 51 46 85 37 6 35 5 65 106 36
    17 76 78 30 17 31 121 123 125 81 118 22 95 15 79 100 40 87 82 23 14
    26 37 81 68 121 26 75 65 94 123 96 59 66 105 8 73 78 82 17 2 41 111
    74 73 74 69 71 71 67 71 69 67 71 70 69 74 73 72 76 70 72 69 69 65 66
    63 67 63 62 61 57 57 56 56 57 60 59 63 62 64 66 64 64 64 65 63 62 59
    61 59 58 53 55 54 50 50 52 57 62 65 66 70 67 66 65 62 59 56 63 65 67
    63 62 66 69 62 65 76 73 72 70 71 69 65 61 60 60 56 54 57 58 62 63 63
    68 69 68 67 64 60 59 57 60 61 63 63 63 64 64 65 62 64 64 67 62 62 57
    59 58 59 63 67 64 63 63 63 62 57 58 58 63 64 59 56 61 59 64 66 69 70
    73 71 74 70 71 71 76 76 75 70 72 65 65 62 64 67 72 69 69 66 68 69 70
    67 69 74 72 73 71 66 68 67 65 65 66 66 68 66 67 69 70 64 65 64 65 65
    64 68 71 69 69 69 68 15 55 87 55 63 61 124 97 81 37 11 120 101 67 90
    54 103 50 95 32 100 0 101 38 79 109 74 70 45 99 48 109 123 21 23 59
    13 7 45 51 93 2 82 68 121 12 120 13 61 33 11 4 111 86 120 74 8 53 89
    72 46 4 122 9 80 71 71 74 69 69 70 65 68 67 66 71 72 71 74 73 73 74
    69 71 68 69 66 65 64 68 64 63 62 58 58 55 56 55 59 56 61 60 63 63 62
    62 63 62 62 61 60 63 63 60 58 59 57 53 52 51 58 63 64 65 67 64 65 62
    59 58 56 62 65 67 65 64 68 70 65 67 74 69 69 70 72 70 66 61 60 58 56
    55 58 57 60 62 64 67 66 66 66 64 61 60 59 61 62 64 65 63 64 65 66 62
    64 64 68 65 65 63 63 60 62 64 66 60 59 64 63 62 59 59 61 64 61 57 55
    57 56 61 63 67 69 71 70 74 70 73 73 74 73 73 68 69 61 64 62 66 68 73
    70 70 64 67 66 66 65 68 71 72 72 71 66 67 66 64 62 62 62 62 58 58 62
    64 61 62 62 66 67 65 70 72 71 74 71 69 84 0 45 103 107 46 38 85 42
    122 5 102 68 104 47 0 37 66 41 16 77 94 48 11 80 65 77 83 3 58 76 68
    87 53 14 83 103 124 9 57 116 56 47 55 111 96 13 24 30 27 87 53 49 69
    56 20 71 111 92 64 43 119 107 87 109 72 74 76 71 71 73 68 72 71 72
    77 78 78 80 77 76 75 68 68 64 63 62 63 62 65 64 63 62 59 60 59 60 57
    61 60 64 61 64 62 61 61 60 60 59 56 57 60 61 59 57 60 59 55 56 54 61
    62 63 65 66 63 64 60 59 58 55 62 64 68 68 69 71 74 71 75 72 69 70 71
    74 74 70 65 63 61 60 57 57 58 60 63 63 64 66 69 68 66 65 62 62 63 60
    61 63 60 64 64 64 62 66 64 70 65 67 67 66 64 64 65 69 62 60 62 59 59
    56 52 54 58 59 60 56 58 57 64 62 64 65 67 67 73 67 72 71 72 72 70 66
    65 58 61 60 62 65 66 67 66 62 63 60 62 62 62 67 69 71 70 64 65 66 64
    60 60 60 61 58 59 62 63 61 61 62 64 66 64 67 70 72 75 74 72 35 110
    115 43 111 58 124 4 64 1 61 29 61 15 19 11 107 5 5 120 64 30 47 124
    61 81 77 38 116 36 100 42 101 70 52 17 109 82 108 91 43 23 57 105 69
    113 58 0 98 125 75 94 58 73 103 94 27 101 62 87 28 120 108 64 70 74
    76 78 74 71 70 66 69 69 70 75 78 80 81 79 78 76 67 67 64 65 63 62 65
    69 68 67 64 60 60 57 60 56 58 56 63 62 63 61 61 62 65 63 60 59 60 63
    65 63 61 65 64 60 58 56 61 60 62 64 66 64 64 61 61 59 56 62 64 66 67
    72 72 77 75 78 70 65 67 69 73 75 70 66 67 65 63 64 61 62 65 67 66 68
    65 69 68 65 64 61 59 60 55 57 60 57 62 62 62 64 67 66 71 67 71 72 72
    69 69 69 72 64 62 64 62 62 58 53 55 58 58 56 55 57 59 66 66 66 67 69
    69 72 69 71 71 72 71 71 70 67 59 63 62 66 68 65 68 70 66 68 64 64 64
    62 64 66 66 65 60 62 63 63 56 58 56 57 57 56 58 61 58 60 59 59 63 59
    62 65 68 72 71 70 64 79 76 126 113 89 29 1 116 100 59 43 118 48 29
    93 64 73 9 120 84 22 105 77 42 105 34 79 98 115 24 103 124 39 10 31
    61 6 67 91 36 96 90 17 18 2 50 48 112 17 40 105 122 12 59 20 101 41
    83 30 54 54 8 21 27 70 70 73 71 69 69 67 70 70 68 74 75 78 79 76 73
    72 65 65 64 64 62 62 65 69 70 67 66 63 65 62 63 58 61 60 65 63 65 62
    63 63 62 61 60 60 61 64 67 67 64 66 65 62 59 56 59 60 61 63 62 60 60
    57 58 58 55 62 64 66 69 71 72 75 74 76 67 64 68 66 69 72 70 66 65 60
    63 65 61 59 64 67 66 66 63 67 68 64 65 65 63 63 57 59 63 60 64 65 65
    65 69 68 69 67 69 71 71 68 68 71 75 68 67 69 69 68 64 56 55 58 58 55
    54 54 58 65 65 64 66 68 68 71 70 72 74 76 75 77 75 72 67 69 66 69 71
    69 69 71 67 68 65 62 61 60 59 63 61 62 58 61 61 65 58 60 57 60 60 61
    61 63 63 67 66 66 69 67 69 72 74 77 74 72 118 46 8 74 71 122 109 90
    70 74 116 56 111 11 97 114 17 84 24 97 50 3 98 24 14 19 56 18 46 42
    87 93 27 124 10 43 27 5 48 69 9 43 12 122 15 112 109 61 33 93 76 120
    48 78 79 85 109 97 82 105 92 53 14 90 127 72 72 72 72 69 67 64 69 70
    68 73 71 74 74 71 70 70 64 66 66 66 64 64 67 68 71 67 66 63 62 58 59
    53 57 53 57 57 61 61 61 61 63 64 63 63 63 66 69 69 66 68 67 66 64 62
    63 62 63 64 62 59 59 56 57 55 50 57 61 63 65 68 71 75 73 72 61 60 65
    63 66 68 68 67 64 61 63 67 63 62 64 67 64 63 60 65 65 63 64 64 64 63
    56 56 60 56 61 65 64 67 72 71 75 73 71 74 74 70 71 73 77 73 71 74 74
    71 65 58 56 56 55 54 53 54 56 63 62 61 61 61 61 64 61 65 69 69 70 72
    73 73 70 70 68 71 74 70 70 70 65 69 64 63 62 62 62 65 60 60 57 57 55
    58 54 55 57 60 61 64 64 63 64 65 64 66 68 64 66 67 69 72 71 69 89 93
    107 49 62 36 35 111 55 118 100 108 57 64 14 93 109 108 93 102 73 93
    87 24 73 85 52 77 35 62 73 45 61 120 3 67 63 117 65 112 57 23 2 82
    94 94 72 49 55 127 40 34 109 17 76 100 46 60 121 121 102 0 105 47 57
    69 71 71 74 72 70 68 70 70 70 73 72 75 74 72 72 72 65 67 68 68 67 67
    70 71 72 70 67 63 60 57 59 53 55 54 59 58 60 59 61 61 61 63 65 65 67
    68 71 70 66 69 67 66 65 65 67 66 67 67 63 60 56 53 54 50 48 55 62 63
    65 68 72 77 74 70 54 54 59 60 62 65 66 64 62 58 60 61 59 59 61 65 65
    62 61 64 65 66 68 67 67 66 60 59 62 57 61 65 63 66 71 70 74 75 72 75
    76 71 72 74 75 72 72 71 70 66 60 52 52 50 51 51 51 51 54 58 60 57 58
    56 59 63 61 63 68 67 68 69 70 70 68 68 66 71 71 66 67 66 60 63 56 56
    55 55 56 62 58 60 56 58 57 61 58 58 60 62 62 66 64 61 61 64 64 65 68
    65 66 68 71 75 73 69 108 36 104 14 56 25 88 125 121 52 115 48 42 11
    113 95 100 26 91 49 42 42 8 96 57 93 87 95 13 0 75 40 48 69 31 66 73
    6 11 123 40 91 67 49 116 45 11 36 43 53 81 122 104 117 68 20 17 98
    68 95 28 116 68 42 21 64 66 66 69 67 67 65 66 67 68 72 72 74 74 71
    72 71 65 66 67 70 68 68 70 70 71 70 67 67 65 62 62 57 59 58 59 59 61
    61 63 64 65 66 67 70 70 71 71 71 69 69 67 67 66 66 66 64 65 65 62 61
    58 55 56 52 51 57 63 65 69 71 77 79 78 72 56 57 60 60 63 64 63 64 62
    56 59 59 58 58 59 65 65 61 62 66 65 65 67 65 67 65 59 60 64 60 66 68
    68 72 76 75 77 79 76 78 78 74 73 72 72 69 68 67 66 62 57 50 51 50 51
    51 51 52 56 57 59 53 57 57 60 61 61 63 69 68 69 70 73 73 70 69 66 70
    68 65 65 69 63 65 57 58 55 53 51 56 56 58 56 59 61 66 64 63 65 67 68
    68 65 65 66 69 70 70 73 70 71 72 73 74 71 68 85 17 52 13 3 97 61 106
    34 74 39 9 31 76 29 84 97 119 54 102 77 24 12 84 28 3 70 62 110 27 2
    87 34 12 74 117 107 7 38 75 86 13 105 17 122 62 125 83 120 9 72 37
    40 26 69 87 17 34 80 39 101 112 34 107 49 64 65 63 65 62 62 60 61 62
    63 67 67 69 70 67 66 68 62 63 64 66 67 68 69 71 72 71 67 66 63 60 58
    54 54 56 58 58 62 63 65 65 64 66 66 67 67 69 70 72 69 69 69 70 70 71
    68 64 69 65 61 61 57 57 56 51 51 55 60 63 66 72 77 82 81 78 55 59 61
    59 63 62 63 67 65 61 65 65 63 62 61 64 65 62 61 64 64 65 68 63 64 65
    61 61 65 62 69 70 67 72 75 76 76 76 74 78 80 75 73 72 73 72 69 66 66
    63 58 53 54 53 56 56 54 55 58 60 61 55 57 59 62 63 64 65 69 72 71 73
    76 75 72 72 67 68 65 62 63 65 62 64 58 59 56 52 53 54 53 55 53 57 57
    62 63 63 65 69 71 73 68 67 67 70 70 70 71 70 70 71 70 67 65 65 46 87
    50 79 63 121 94 49 13 123 24 115 113 71 111 34 40 52 100 93 127 11
    40 106 104 117 37 121 77 2 99 72 11 120 74 61 62 25 92 93 23 21 46
    115 66 10 43 86 13 67 58 27 54 127 68 32 113 63 97 20 127 60 63 55
    57 64 64 63 65 59 59 56 56 59 58 62 63 64 66 65 66 68 64 65 66 69 71
    71 71 71 71 70 65 63 61 57 56 53 53 57 58 58 61 62 64 64 62 63 63 68
    68 70 70 71 68 68 66 68 68 72 69 67 69 66 61 59 54 55 56 51 51 55 59
    64 67 71 77 81 81 78 59 61 64 60 63 60 63 67 66 63 65 67 66 63 61 62
    63 60 56 57 56 58 61 60 61 64 62 63 64 62 66 69 66 71 74 76 75 76 73
    75 77 73 71 72 71 72 70 67 68 64 61 57 59 56 57 55 53 55 57 57 62 56
    58 59 61 61 63 63 67 73 71 74 75 75 72 73 65 68 66 65 65 66 64 66 63
    62 62 60 58 57 54 56 55 58 57 63 65 66 69 71 72 75 69 67 67 70 69 69
    69 69 70 69 67 66 62 62 111 36 115 48 55 17 20 5 7 45 26 86 127 92
    102 126 8 57 37 87 84 99 9 21 25 37 34 63 89 61 92 71 94 2 116 3 105
    120 71 105 71 12 11 34 115 14 95 0 29 125 106 126 93 30 92 83 69 106
    113 31 94 9 42 57 5 62 64 64 65 59 59 59 58 59 57 61 61 63 64 62 62
    67 63 64 65 64 68 69 67 66 66 65 62 60 59 55 55 54 54 59 60 56 59 61
    60 59 56 56 59 65 67 69 68 69 68 67 64 65 68 73 70 70 73 70 64 62 58
    60 58 53 53 57 60 62 63 67 72 74 73 69 51 57 58 57 60 59 63 68 65 63
    65 65 64 62 59 62 63 61 59 59 58 60 62 59 62 63 62 62 64 62 66 69 66
    68 71 74 73 75 71 74 75 71 68 71 69 67 65 62 63 60 56 53 58 56 58 58
    55 57 58 54 60 57 60 62 65 66 68 68 71 76 75 75 74 75 75 75 68 68 68
    69 69 68 65 67 64 65 65 63 62 60 58 61 56 56 54 60 65 64 67 71 72 78
    71 69 71 70 71 71 69 68 68 70 69 67 65 64 37 103 15 59 34 109 97 106
    54 71 120 39 19 100 102 28 53 14 88 8 97 102 5 5 24 15 100 123 21
    120 1 5 127 107 77 32 23 121 51 57 71 68 5 46 45 67 9 40 55 87 43 32
    30 12 72 105 74 56 51 37 78 127 51 97 51 65 66 65 66 59 57 56 56 58
    55 58 59 62 62 61 62 68 64 65 63 64 67 66 64 64 63 66 63 59 58 54 52
    54 52 56 58 57 60 62 59 59 56 55 57 64 67 69 69 68 69 70 65 67 70 75
    74 74 78 75 67 66 62 65 60 55 54 59 61 63 62 67 71 73 72 69 56 59 58
    57 58 56 59 65 64 66 66 67 69 68 61 62 62 60 58 57 54 60 61 57 60 63
    63 63 63 63 66 68 64 68 72 74 75 77 73 77 76 70 68 67 65 63 60 59 60
    58 55 55 61 60 62 60 57 58 57 54 59 56 59 61 63 64 64 61 64 67 68 68
    69 72 73 74 70 71 70 68 69 69 67 66 62 65 68 67 67 63 62 66 60 57 54
    59 63 62 67 71 72 78 70 69 72 69 69 71 69 68 68 67 65 65 62 62 12 39
    104 32 127 0 65 107 118 68 63 108 98 118 43 104 70 66 67 45 11 65 81
    103 46 46 30 106 71 21 48 85 79 109 46 41 30 49 121 30 8 51 61 124 3
    59 73 36 127 36 24 116 81 37 36 56 49 6 92 117 82 73 34 14 101 63 64
    66 67 63 64 64 60 61 57 61 63 65 64 62 62 68 62 62 62 62 68 69 66 66
    64 65 62 59 57 54 53 54 54 60 62 62 62 63 62 59 53 52 52 59 63 65 65
    64 66 67 64 67 69 73 72 71 75 71 63 62 60 65 63 59 60 65 65 67 64 66
    69 69 68 66 59 60 60 60 62 56 61 67 67 68 67 69 72 71 65 66 67 66 62
    61 57 62 63 61 63 64 65 65 63 62 64 61 61 64 68 70 70 73 71 73 72 67
    64 64 61 58 57 56 56 56 55 56 65 63 64 63 60 60 60 55 62 58 62 65 65
    67 67 63 65 69 68 68 67 69 70 71 68 69 70 69 72 71 71 68 64 67 71 68
    69 65 66 71 63 61 57 60 63 60 62 64 66 72 66 66 71 69 71 71 69 69 69
    68 66 67 67 67 117 34 105 81 122 11 24 58 85 62 85 99 84 123 47 68
    73 80 93 115 49 91 72 5 110 43 92 91 75 68 68 27 3 26 87 28 114 98
    113 79 14 6 46 107 100 118 59 88 66 16 84 123 5 28 95 30 15 86 50
    122 127 83 21 48 122 61 62 64 66 63 61 60 57 59 55 58 60 61 63 61 61
    65 60 59 60 59 64 65 63 63 62 61 59 58 56 53 52 54 55 62 61 63 64 66
    63 61 53 53 53 58 62 65 64 64 66 64 61 64 66 70 68 68 73 71 63 63 62
    69 68 65 65 68 65 68 66 66 70 70 71 72 62 62 63 61 66 62 67 72 74 74
    71 73 73 70 66 64 66 67 61 60 57 61 61 60 61 64 66 66 62 63 66 62 63
    66 68 72 70 70 70 69 69 64 60 61 58 57 55 55 55 57 57 59 65 65 66 64
    61 60 58 55 61 59 62 66 66 68 68 64 65 70 69 69 69 69 72 73 70 69 72
    71 73 73 75 71 71 71 74 74 74 69 69 71 66 62 57 60 61 61 62 64 64 71
    64 64 69 68 68 71 65 66 67 64 62 64 63 65 124 116 24 14 67 115 126
    33 32 60 94 95 78 86 23 51 98 39 71 79 37 3 76 34 25 30 94 125 76 26
    104 49 124 116 30 68 68 103 69 103 94 100 15 103 67 74 2 66 53 15 88
    10 79 70 91 80 47 79 108 37 76 50 89 98 37 67 67 68 66 64 61 61 57
    57 54 56 57 58 59 60 60 63 59 58 61 57 64 64 63 64 63 61 61 56 56 54
    53 54 52 58 59 61 63 65 63 63 57 58 58 61 63 65 65 65 66 63 61 65 68
    72 71 69 74 72 63 62 61 68 67 65 65 70 68 69 66 67 70 70 69 71 59 58
    59 58 62 58 66 70 72 75 73 76 75 72 65 63 65 66 59 56 55 60 61 59 59
    62 64 63 59 60 63 60 62 63 66 69 66 65 65 64 64 59 56 60 56 58 58 59
    62 64 64 66 70 67 65 63 59 57 56 54 58 60 62 63 63 65 67 65 65 68 68
    67 66 65 68 70 69 69 71 69 70 69 71 67 66 68 75 75 76 71 71 73 66 59
    55 55 58 58 60 64 65 74 69 65 68 65 64 65 57 59 60 58 58 61 61 64 93
    48 119 38 61 65 83 58 41 113 102 70 17 53 59 117 93 127 110 114 23
    84 85 57 108 46 118 42 19 70 16 115 7 50 23 80 126 11 65 119 102 71
    68 126 72 124 91 121 62 29 3 64 100 71 95 108 73 10 84 95 95 68 85
    24 14 70 70 70 71 71 65 65 63 62 60 59 59 60 62 63 65 65 62 61 63 58
    62 62 61 62 58 57 57 54 53 52 51 54 53 59 59 63 64 67 66 66 58 59 58
    61 61 60 61 61 62 58 58 60 63 67 67 68 73 72 67 66 65 70 69 67 66 70
    68 67 64 64 66 65 64 66 60 57 56 57 58 58 64 67 69 73 71 73 73 71 68
    69 70 72 68 65 61 63 62 61 60 59 58 59 56 55 55 54 59 62 64 67 67 68
    68 65 63 59 56 61 59 59 60 62 67 67 65 66 69 67 64 61 60 58 57 53 58
    61 62 62 62 64 65 61 62 65 67 64 65 67 70 71 72 70 76 72 72 73 73 68
    68 68 77 78 77 76 77 77 71 63 58 58 58 56 59 61 63 72 69 67 69 65 65
    65 58 59 60 59 60 64 66 68 72 124 78 127 33 46 47 50 97 76 102 47 38
    78 49 95 47 53 119 52 32 23 80 114 8 115 41 33 71 45 62 108 63 78 98
    115 46 20 18 106 13 98 111 111 93 117 33 46 82 43 32 41 49 14 8 78
    58 11 93 72 102 79 11 65 18 70 70 70 73 76 71 69 67 65 63 62 60 60
    61 64 65 65 62 64 66 61 61 60 61 62 57 56 57 55 54 54 50 54 52 58 56
    60 63 66 65 65 58 63 62 62 63 62 63 65 64 61 61 61 62 64 63 66 73 71
    69 71 69 72 70 65 66 67 64 62 59 58 58 56 55 56 57 54 51 55 57 61 64
    67 69 72 69 69 68 66 62 67 69 73 71 71 68 69 66 63 59 57 53 55 55 54
    55 53 59 62 64 64 64 65 67 64 62 57 56 58 57 57 58 62 66 65 65 68 68
    65 61 60 62 58 56 54 57 62 63 62 64 64 66 65 65 66 69 69 72 72 75 73
    76 74 78 74 75 74 75 71 69 69 75 76 77 76 77 77 70 63 58 56 55 54 57
    60 61 68 65 64 64 61 61 61 55 57 57 58 59 61 64 66 105 65 73 126 111
    125 84 98 59 66 108 49 67 22 60 86 96 49 123 41 124 83 120 93 61 42
    12 85 90 69 67 127 7 50 99 98 18 37 123 122 118 121 125 8 86 124 47
    10 98 100 81 57 25 124 48 59 58 47 81 96 35 57 109 126 120 71 70 69
    73 79 74 71 68 66 65 61 57 58 60 63 66 63 64 66 68 66 66 62 64 65 59
    57 58 56 57 57 55 57 55 61 58 63 66 67 68 71 62 69 66 63 62 62 62 65
    60 60 63 64 64 64 63 67 70 66 67 69 68 71 70 67 69 70 66 65 63 62 63
    60 58 61 60 56 54 58 60 62 66 69 72 73 70 70 72 69 65 68 71 74 71 68
    66 67 64 61 59 57 54 53 52 54 55 52 56 60 65 64 62 63 64 63 60 57 56
    59 57 58 60 63 63 64 65 69 69 64 60 60 61 56 56 54 56 62 62 60 61 59
    62 61 61 62 66 66 69 68 71 70 74 73 76 72 72 71 72 67 64 65 71 72 75
    72 75 75 68 64 61 57 58 56 56 60 59 66 63 61 61 60 58 61 55 59 59 57
    58 60 60 64 6 94 57 91 32 39 71 86 21 99 12 120 25 73 39 63 69 91 90
    82 33 35 48 102 31 42 115 63 112 50 53 30 50 61 81 21 61 107 20 10 8
    62 121 12 63 71 120 109 60 97 121 98 80 37 117 101 124 46 75 83 73
    54 29 104 74 72 71 71 73 80 77 74 71 72 71 67 63 62 62 65 64 59 61
    66 69 66 64 64 68 66 59 56 56 56 58 58 58 59 57 63 58 61 64 66 66 72
    63 72 69 65 63 62 61 66 61 61 64 64 66 66 62 63 67 62 64 66 65 68 70
    65 67 67 62 60 59 58 62 61 61 62 58 55 54 60 63 68 71 71 72 74 70 68
    68 68 66 69 71 73 71 68 66 66 63 63 63 62 59 58 60 61 59 56 60 62 63
    62 60 62 64 61 60 59 58 61 57 59 61 64 64 65 66 69 70 64 61 63 65 61
    60 56 59 63 61 58 58 57 61 60 60 63 67 66 68 66 67 67 69 68 73 70 68
    68 66 64 63 61 66 70 73 73 74 74 69 64 61 58 60 59 57 60 60 64 62 58
    58 58 56 58 53 56 55 57 58 59 58 61 70 98 60 80 37 66 15 106 40 67
    72 23 105 34 124 13 42 14 96 106 58 100 36 11 121 92 23 73 72 10 66
    26 11 122 93 112 109 50 91 33 23 51 43 27 26 49 19 64 93 93 23 78
    109 103 87 2 39 47 39 91 30 45 39 82 19 68 69 69 70 77 77 73 73 74
    73 68 62 61 63 65 64 59 62 68 69 66 64 63 66 64 57 56 57 57 58 57 57
    60 57 62 58 61 65 66 64 69 61 69 66 60 59 61 61 66 61 61 64 65 64 65
    60 61 64 63 66 66 65 70 70 64 64 61 57 53 52 54 59 60 62 63 61 56 55
    62 65 70 71 69 69 71 66 60 61 63 61 64 66 70 70 67 66 64 63 62 58 58
    53 53 56 58 56 57 59 62 62 60 58 60 59 58 57 59 59 60 58 60 63 64 64
    66 68 73 69 65 64 66 66 62 61 60 63 66 62 59 59 56 61 59 59 60 64 64
    68 65 64 65 66 64 68 66 62 63 61 60 61 57 61 66 67 67 66 67 64 60 59
    60 61 62 60 64 65 66 65 62 58 59 57 57 54 54 55 58 56 58 56 59 10 5
    96 121 87 16 110 68 20 49 12 82 126 5 93 84 12 99 38 81 31 36 67 39
    34 97 64 7 37 49 5 43 49 105 9 76 31 93 83 82 120 18 88 6 22 24 69
    60 47 115 16 92 46 40 51 66 48 68 71 88 37 95 122 42 95 67 67 65 66
    74 76 76 75 77 78 73 66 66 64 65 64 60 64 72 72 68 68 66 66 63 56 55
    58 55 57 57 58 59 56 60 58 60 64 63 63 68 62 70 66 62 60 60 59 64 61
    63 67 68 67 66 62 63 63 61 64 64 65 69 66 62 59 56 55 51 48 52 55 57
    59 61 63 59 56 62 63 68 66 67 65 69 66 62 65 67 64 66 66 68 68 67 63
    61 62 61 60 59 52 52 58 58 55 55 57 59 60 56 58 60 58 57 56 59 62 60
    58 61 64 65 63 63 65 68 67 64 62 65 65 63 64 62 62 66 63 61 60 55 57
    59 58 57 60 63 66 66 64 66 66 64 67 64 61 60 56 59 57 54 59 62 65 67
    66 68 64 62 62 61 63 62 62 66 66 65 64 60 56 57 55 55 54 55 56 60 58
    57 56 59 90 1 112 47 122 8 70 21 34 112 46 11 38 86 3 84 48 35 113
    65 90 79 33 28 22 3 53 110 85 19 70 23 122 69 0 12 117 91 20 111 22
    18 73 59 109 117 48 19 78 54 85 5 72 41 66 42 38 115 108 42 27 64 24
    109 102 60 63 62 66 75 76 75 74 76 77 71 64 65 64 64 63 62 66 73 71
    70 69 69 66 65 59 57 59 59 59 57 56 59 59 63 58 61 68 67 64 67 61 68
    64 60 59 60 57 63 61 63 66 65 66 66 60 61 61 58 64 61 62 65 63 60 58
    53 52 50 50 52 53 55 58 60 59 56 54 62 63 70 68 69 68 71 68 65 66 67
    65 67 65 66 68 68 62 59 60 59 60 59 53 56 59 59 57 56 55 56 56 52 55
    58 57 56 55 59 64 62 61 64 65 66 63 62 65 66 66 64 65 69 69 64 64 62
    62 64 60 60 59 57 56 57 56 55 57 61 67 66 65 67 67 64 67 62 62 60 57
    61 61 57 59 62 64 65 64 65 62 62 60 61 60 58 58 62 61 61 62 60 59 59
    57 58 57 57 58 60 58 60 58 62 17 20 25 93 37 0 14 97 19 41 124 111
    96 11 11 119 11 21 67 118 84 60 108 10 18 78 63 60 114 36 10 83 20
    66 41 113 104 10 111 38 80 57 45 47 103 67 99 20 109 116 9 64 16 13
    47 76 31 56 35 119 56 60 23 25 112 56 58 59 63 71 73 72 70 73 74 70
    65 65 65 64 63 62 65 71 72 71 71 71 68 68 64 59 61 59 59 57 57 58 60
    63 62 64 71 70 67 72 67 74 69 66 65 67 63 67 66 68 68 68 69 69 61 60
    60 59 63 61 62 68 66 64 60 57 57 53 52 54 55 57 57 57 60 56 55 59 61
    68 66 66 64 65 63 62 61 63 59 61 59 61 61 61 56 56 58 58 58 57 53 57
    60 61 61 62 60 61 60 55 57 59 57 55 53 59 64 61 57 62 64 65 61 62 65
    67 67 66 67 71 68 63 64 63 63 64 63 64 62 58 57 58 58 54 57 62 68 65
    66 68 69 66 68 63 64 61 58 62 61 58 59 61 63 63 59 63 60 63 63 64 63
    62 61 65 63 60 61 58 59 59 56 56 57 55 56 59 57 57 55 59 112 39 60 8
    107 39 86 119 13 91 105 94 21 78 16 126 119 33 68 118 46 87 84 26
    111 81 80 61 111 38 27 78 86 102 50 74 47 10 37 5 98 97 104 9 113 9
    120 40 75 85 97 85 124 117 24 72 43 74 78 31 109 72 18 123 24 59 59
    60 63 68 69 68 66 69 70 65 63 62 64 62 61 59 62 66 67 65 68 68 68 68
    67 63 65 61 60 55 55 57 57 59 59 63 70 68 65 71 64 69 63 61 60 60 56
    60 60 63 64 64 68 69 63 61 59 59 61 55 58 64 63 64 61 62 65 62 58 62
    61 65 62 63 64 61 60 62 65 69 68 68 66 67 65 64 63 63 59 60 58 58 58
    57 54 53 54 54 55 56 55 57 60 61 61 63 61 62 58 55 56 59 56 52 52 59
    63 61 56 62 64 62 59 62 65 66 67 67 69 70 66 63 65 62 64 64 65 65 64
    59 59 57 57 54 55 58 61 59 62 63 63 59 62 59 61 60 57 61 62 60 61 59
    60 63 58 62 61 62 64 65 63 64 63 65 65 63 66 65 64 63 61 61 60 59 58
    62 58 61 59 63 68 78 117 77 35 100 0 27 55 99 115 17 100 90 69 63 93
    31 83 45 21 93 107 19 46 1 84 105 61 121 54 89 69 22 70 98 66 14 5
    64 30 38 13 98 123 87 60 80 60 77 43 52 32 56 65 57 32 69 9 69 110
    107 2 57 22 57 57 60 63 67 69 67 65 67 68 66 62 61 63 60 61 59 61 64
    63 63 65 64 64 65 65 63 65 60 59 54 52 54 55 56 56 60 68 70 66 71 65
    70 66 64 63 62 58 61 63 64 63 63 69 70 66 61 61 61 61 52 54 57 57 57
    55 57 62 60 58 61 59 61 60 59 68 66 65 64 68 71 70 69 65 65 66 62 58
    57 54 55 54 56 56 58 55 54 56 56 53 56 55 58 60 60 62 66 64 63 58 55
    57 60 56 51 50 54 59 56 53 61 66 67 67 69 72 71 69 70 69 69 65 62 62
    61 62 65 66 67 63 61 58 56 55 52 52 57 62 61 64 66 67 61 64 61 63 61
    58 63 64 61 61 59 58 62 57 62 61 64 65 67 64 65 64 67 68 65 67 67 67
    67 65 62 61 59 57 59 55 58 58 62 94 89 98 78 81 118 37 119 119 114
    74 52 53 73 49 91 126 113 45 82 114 82 108 113 50 0 46 46 47 43 75
    53 8 120 125 45 99 72 120 78 81 12 39 126 112 97 76 88 111 4 97 68
    125 21 37 119 34 75 37 62 95 57 64 12 5 58 55 58 63 65 65 64 62 64
    66 63 61 57 60 57 61 60 62 60 63 63 66 66 63 64 67 63 65 61 59 54 51
    52 54 52 54 58 65 66 62 66 61 65 62 60 61 61 58 61 62 63 65 63 67 67
    66 62 62 60 60 52 55 57 57 58 56 59 65 62 59 61 58 59 55 55 66 64 63
    63 67 69 67 69 67 66 64 61 58 55 53 53 53 56 57 58 56 54 57 54 49 52
    50 55 55 53 57 60 57 59 56 54 58 60 58 55 53 56 60 56 55 63 66 68 68
    69 71 67 63 66 64 62 61 58 59 60 61 64 68 68 66 65 62 62 59 53 54 60
    64 61 64 65 69 65 64 62 67 65 63 65 66 65 63 58 57 62 59 63 63 66 70
    70 65 65 64 66 66 65 66 67 70 68 66 62 61 60 58 57 53 57 59 62 19 74
    14 117 97 31 2 17 121 12 31 85 16 89 106 43 77 8 106 98 15 1 21 70
    71 115 12 43 71 122 27 102 48 42 101 66 21 34 73 27 66 101 27 11 119
    53 33 78 104 24 89 0 116 6 20 38 111 88 118 83 114 11 98 68 37 61 57
    59 62 63 63 63 60 60 64 63 62 59 62 59 64 61 63 62 64 65 68 67 66 67
    70 66 66 64 64 58 58 57 58 57 60 63 68 68 67 71 65 67 64 66 65 62 59
    63 64 65 65 63 68 69 68 64 64 62 63 55 55 56 56 58 58 63 71 70 70 70
    64 62 58 56 56 56 55 56 59 64 66 69 67 67 67 67 61 57 55 56 54 56 56
    57 55 53 55 54 50 51 53 59 62 62 63 65 62 63 58 55 58 62 62 62 57 59
    63 61 58 65 65 71 72 72 71 68 65 68 65 60 57 54 53 53 53 56 61 64 63
    65 62 63 60 56 56 61 63 62 65 66 71 67 66 65 70 70 69 69 70 71 69 62
    60 62 61 62 61 64 68 67 64 62 63 66 66 67 69 67 70 68 65 61 59 58 56
    54 52 55 57 59 106 74 81 112 6 116 105 12 26 55 2 60 80 34 43 81 17
    105 3 38 109 70 121 11 19 36 95 59 92 17 120 117 29 68 80 118 18 122
    92 67 83 68 0 8 34 41 92 9 96 80 61 21 107 14 82 8 126 70 90 10 36
    90 47 15 7 64 60 65 68 66 66 65 62 59 62 60 60 53 56 55 63 58 61 58
    62 66 67 64 68 68 71 67 65 62 63 56 57 57 59 58 60 62 66 67 66 70 65
    68 65 65 65 62 58 63 65 67 67 65 70 73 70 64 63 63 63 55 52 56 57 58
    61 67 73 72 71 72 66 63 59 58 50 52 54 54 59 61 66 70 69 66 65 64 59
    53 50 51 50 54 57 58 59 59 62 62 56 55 56 59 62 60 60 61 58 61 58 55
    57 64 65 65 60 60 64 61 59 63 66 71 72 72 72 68 65 65 62 59 56 54 53
    55 56 59 63 66 65 66 64 63 62 58 58 61 63 60 63 62 67 63 64 63 69 69
    70 70 72 71 69 62 59 59 57 60 60 62 69 70 67 66 65 69 71 72 73 75 76
    73 68 62 59 57 53 52 53 57 59 56 96 60 75 73 81 70 94 122 6 26 98 78
    22 27 54 83 60 89 85 64 51 49 77 112 11 23 71 27 5 67 2 32 50 90 80
    17 3 30 10 38 42 76 89 20 57 17 93 56 124 112 51 108 19 72 124 68
    105 110 1 111 46 102 125 15 68 65 61 66 68 67 68 66 63 62 65 62 62
    53 55 55 62 54 58 56 59 63 63 59 67 65 68 66 62 59 62 53 55 54 55 56
    59 60 64 65 67 70 65 67 63 61 62 57 56 60 62 67 68 65 69 71 71 65 61
    63 61 55 54 56 59 60 61 67 73 70 67 68 64 63 58 56 52 54 56 55 62 64
    68 73 72 68 67 63 57 51 48 50 51 55 58 60 63 64 65 66 59 59 59 60 61
    59 56 58 55 58 58 56 59 68 68 68 65 64 66 62 57 61 64 68 68 67 67 65
    64 64 62 59 58 57 58 59 60 61 63 64 63 64 62 60 61 58 61 64 64 63 66
    68 73 66 67 67 71 71 70 70 73 72 72 65 63 62 60 61 61 63 68 70 68 70
    69 73 76 76 75 75 73 72 65 60 58 56 53 53 53 57 58 55 104 30 47 101
    55 48 6 42 6 122 11 66 94 47 52 87 15 72 5 15 18 121 36 85 32 61 19
    5 21 96 42 83 9 102 25 118 41 74 117 70 53 53 92 12 59 68 7 89 82 99
    99 25 41 90 109 32 26 119 15 101 29 72 126 12 111 66 63 68 69 67 69
    69 67 63 65 62 61 52 52 53 61 54 58 56 61 65 65 62 70 68 69 67 64 63
    67 56 60 59 60 61 63 62 67 67 68 69 62 62 59 57 58 55 53 58 60 62 65
    63 66 67 69 64 63 63 59 53 53 53 57 58 59 65 71 71 68 68 63 62 58 58
    54 55 60 60 65 65 70 72 72 67 65 60 58 52 50 52 53 56 59 61 65 66 67
    68 62 65 62 63 64 62 57 56 51 55 54 54 57 66 68 71 68 65 66 62 57 61
    63 66 68 66 66 64 64 63 62 60 60 61 61 61 61 59 58 60 57 58 56 57 56
    54 55 58 56 55 57 59 63 60 62 65 69 68 69 69 72 70 68 61 58 58 58 58
    58 60 67 71 72 74 72 76 78 80 78 75 73 73 66 61 60 56 54 55 54 60 63
    58 73 35 5 41 64 33 68 86 112 42 12 14 63 11 112 83 28 13 95 34 124
    61 108 17 88 110 90 113 18 40 111 3 98 82 44 94 11 124 86 44 66 127
    18 9 74 66 99 63 92 18 87 1 68 87 59 23 105 25 111 8 9 119 59 44 46
    58 56 61 63 63 66 68 69 66 67 65 61 53 53 53 58 54 58 57 62 66 66 63
    69 68 68 66 64 65 68 60 61 59 61 62 63 63 68 70 74 75 69 68 65 65 64
    59 56 61 63 64 66 64 67 67 69 65 65 63 63 58 60 59 62 63 62 66 71 69
    68 65 61 59 56 56 52 52 59 58 64 62 67 70 71 67 66 63 64 62 59 60 59
    62 64 67 67 69 70 72 66 66 63 65 64 63 59 57 55 57 58 59 62 69 71 72
    68 64 64 61 57 60 63 68 71 69 67 66 66 64 65 63 64 66 67 66 65 63 60
    61 56 56 55 57 57 55 56 60 60 60 61 65 70 68 70 69 69 67 67 68 69 66
    64 61 59 57 55 56 55 59 63 68 69 69 67 72 73 76 73 70 71 70 63 59 59
    56 55 55 55 61 64 57 54 56 4 101 105 82 118 63 41 109 73 35 77 20 55
    74 26 113 98 66 64 86 33 23 118 108 71 69 81 100 56 33 110 50 30 61
    11 42 19 38 97 126 81 116 73 67 39 98 87 82 33 88 57 101 96 108 106
    21 107 42 121 7 42 38 18 58 57 61 62 61 64 66 69 68 70 68 68 59 57
    57 59 55 57 57 63 66 65 64 69 69 66 66 62 64 68 61 64 63 63 65 68 69
    71 70 73 74 69 65 61 61 61 58 55 59 61 63 65 63 64 63 64 63 61 62 62
    60 63 64 65 66 63 67 70 69 67 67 63 64 62 64 49 49 57 56 60 57 63 68
    70 66 66 64 67 63 60 62 61 62 64 66 66 68 69 71 69 68 66 68 66 64 59
    56 54 56 57 60 64 71 72 74 70 68 68 65 60 64 64 67 69 65 63 62 61 63
    64 66 66 68 71 71 69 64 60 63 59 57 56 59 60 57 57 61 60 59 60 61 65
    65 64 65 68 67 67 67 69 67 64 60 57 57 57 56 56 60 63 67 68 69 68 72
    74 77 77 75 73 71 63 60 60 55 55 55 56 63 66 56 26 114 41 106 9 90
    11 4 74 34 67 37 70 16 0 20 26 78 122 22 86 58 66 41 85 76 113 71 57
    104 4 17 82 11 73 6 8 71 23 109 93 84 30 36 92 87 50 62 20 35 56 73
    15 28 75 113 104 63 76 125 48 48 25 87 42 60 61 64 66 66 69 70 72 70
    71 68 66 58 57 56 56 52 56 59 62 64 64 63 69 70 63 65 63 65 69 63 64
    66 64 67 69 71 74 73 76 77 72 67 62 61 61 56 55 58 60 64 64 62 64 64
    63 63 61 64 64 62 63 65 65 68 63 67 70 69 69 70 64 67 65 66 49 50 57
    56 57 54 59 64 66 62 64 64 65 63 58 59 58 59 59 64 66 70 69 73 73 73
    70 70 67 68 63 58 57 57 59 61 64 70 71 72 67 66 68 66 60 62 64 68 70
    66 62 64 66 64 66 69 68 73 75 75 72 66 61 64 58 54 52 57 61 58 59 62
    62 62 63 63 67 67 66 66 70 67 66 66 65 63 60 56 53 54 53 54 55 60 61
    67 67 69 68 73 74 75 75 72 68 68 59 58 59 54 55 59 60 66 68 61 90
    126 4 1 48 84 122 45 76 43 120 27 85 85 67 48 27 30 1 0 41 29 61 42
    16 74 24 0 20 17 74 100 7 117 7 90 46 42 39 10 117 111 119 88 54 100
    53 16 48 104 106 27 15 126 118 113 0 56 35 106 49 67 51 39 10 60 61
    62 69 68 70 67 71 70 71 67 64 57 58 57 57 54 56 59 63 63 63 61 65 67
    62 61 60 61 64 60 57 60 58 61 63 64 67 69 70 73 70 66 62 59 60 55 53
    56 55 59 61 56 60 61 61 62 62 64 67 66 66 66 66 70 65 68 69 68 68 67
    63 65 64 65 54 54 59 58 58 56 58 64 67 64 64 65 66 64 59 60 59 60 60
    63 67 70 70 75 75 79 77 72 69 68 65 60 59 59 63 66 69 72 73 72 68 65
    65 63 58 60 63 65 66 64 60 61 61 61 64 71 71 77 82 83 79 71 66 67 59
    54 51 55 60 57 58 62 64 67 68 70 72 73 70 69 70 65 63 65 62 61 59 57
    55 57 54 58 59 62 61 69 68 72 71 74 76 78 77 77 73 71 65 63 64 59 58
    60 61 66 67 60 64 95 5 25 125 54 16 22 78 16 17 13 41 25 67 22 71 77
    110 98 71 52 18 3 10 90 85 46 57 121 60 90 1 107 51 35 73 52 116 2
    69 82 18 23 55 97 0 18 72 12 54 73 62 119 36 22 119 85 32 121 2 71
    14 34 48 57 57 60 65 64 66 62 68 67 67 64 63 58 60 56 56 56 59 64 66
    64 64 64 65 67 61 62 64 66 66 62 60 61 61 61 65 65 69 69 70 70 68 61
    59 59 60 55 56 58 58 59 59 55 59 59 58 61 62 64 65 64 64 65 67 69 63
    67 69 67 68 65 60 63 61 62 58 58 61 59 57 57 56 59 64 62 64 65 65 66
    63 63 63 61 60 62 63 66 66 70 72 75 76 75 71 72 71 67 65 63 67 70 70
    69 71 69 67 63 63 65 62 65 65 69 70 70 65 68 69 69 71 78 76 79 82 81
    78 70 65 66 59 55 53 57 60 56 56 61 61 63 63 66 70 73 70 69 69 65 63
    62 60 59 58 58 55 58 55 58 59 63 60 67 65 68 68 70 70 73 73 73 71 68
    64 65 65 58 57 60 60 64 64 59 118 94 8 35 64 23 14 82 114 67 22 80
    76 44 20 21 74 59 25 21 26 82 17 34 119 27 110 50 119 27 90 57 14 99
    6 40 86 25 112 126 1 6 76 42 54 7 92 80 77 101 49 43 90 68 0 84 90
    87 71 47 126 28 126 66 55 60 58 59 63 60 62 58 63 63 61 60 62 58 61
    57 59 62 63 66 68 65 67 65 63 64 58 59 63 65 64 63 62 65 63 62 65 67
    71 69 69 69 66 59 60 59 59 56 57 60 61 59 59 59 62 63 61 63 64 66 66
    65 64 63 66 69 64 66 65 63 65 61 57 60 60 62 61 60 65 63 58 57 58 59
    65 64 66 66 67 66 65 64 63 61 63 65 66 69 67 70 72 74 72 71 70 72 74
    71 69 67 70 72 70 68 68 69 67 65 63 66 62 66 64 67 68 69 64 67 66 63
    65 68 68 71 72 72 71 65 62 62 56 55 53 60 61 59 58 62 63 62 60 62 66
    73 70 68 69 67 64 62 58 57 56 57 52 56 54 58 58 62 60 66 64 65 62 66
    63 66 70 72 72 71 67 70 70 63 60 61 61 66 64 59 111 21 85 19 108 54
    69 55 103 31 68 40 86 107 64 89 117 55 93 122 69 56 15 86 88 41 30
    104 47 82 71 45 55 99 80 81 113 116 37 65 65 66 39 123 116 67 79 3
    10 54 70 58 61 107 33 59 42 59 3 65 65 63 78 67 4 60 59 59 60 60 59
    56 61 62 62 61 62 60 62 59 59 62 62 65 67 65 65 62 60 61 56 58 62 62
    63 62 60 63 60 56 61 61 63 63 61 62 61 55 55 56 56 53 54 56 57 58 57
    57 61 63 62 65 63 65 66 64 63 63 63 68 64 67 66 63 67 64 58 59 60 60
    64 64 66 64 59 59 59 61 66 66 66 68 67 67 67 65 62 61 62 62 64 66 64
    66 69 69 71 70 67 71 75 73 72 66 71 70 67 65 64 66 65 62 65 69 66 71
    69 71 69 68 63 63 60 59 60 63 63 64 67 69 68 64 63 63 61 59 58 63 67
    65 63 66 67 68 65 67 71 77 74 70 68 67 63 60 55 55 56 59 56 62 58 61
    59 60 57 60 56 59 60 62 61 62 65 69 70 67 64 68 70 65 61 61 62 67 63
    60 18 25 21 104 67 61 4 102 42 31 72 50 36 6 115 52 78 44 33 78 105
    112 42 43 106 44 91 71 101 88 74 85 58 82 63 111 54 121 96 21 21 38
    125 84 66 14 35 127 43 14 42 75 0 63 121 88 89 111 125 83 50 34 95
    15 80 65 67 64 63 60 60 56 62 60 63 61 63 59 61 58 60 62 65 69 70 68
    68 62 60 58 51 53 58 57 58 56 57 63 60 57 60 60 62 59 56 56 55 53 52
    52 54 55 56 58 57 60 57 59 62 66 62 66 65 68 67 63 58 59 58 63 61 63
    63 64 68 66 60 62 62 63 66 66 67 65 59 59 59 60 66 68 66 66 65 64 65
    62 58 58 60 60 62 64 65 67 70 72 74 72 70 70 72 72 68 64 66 64 62 60
    59 63 61 62 63 68 66 70 67 71 68 67 64 63 59 59 59 63 62 60 62 64 63
    57 57 60 60 61 59 64 68 65 63 63 63 62 59 60 66 72 70 68 69 69 64 59
    56 56 56 57 54 60 58 59 59 61 58 63 59 63 66 66 64 65 68 72 71 69 69
    71 72 68 63 64 62 64 60 57 76 36 49 8 35 6 103 6 80 31 74 87 7 59 11
    123 67 28 71 124 124 119 4 96 109 72 32 80 14 54 98 10 90 122 47 42
    14 76 104 9 52 84 8 72 49 100 79 97 61 17 99 25 114 101 23 39 13 32
    109 15 47 81 99 106 58 63 65 60 60 61 63 60 64 60 61 58 59 55 57 53
    58 60 64 66 68 65 67 62 62 60 56 57 63 60 59 54 56 59 58 53 55 57 60
    58 57 54 54 55 54 54 55 54 58 57 55 57 56 59 62 66 64 68 67 68 66 64
    59 60 61 64 61 64 65 66 68 63 60 61 59 59 73 71 70 67 60 59 58 57 64
    64 63 63 62 63 66 63 63 62 64 63 64 66 68 69 70 73 75 72 69 69 70 73
    68 62 66 66 63 63 62 66 65 62 62 66 63 65 63 69 67 68 64 65 62 58 57
    59 58 57 57 59 59 54 53 56 56 58 58 61 66 65 63 63 65 61 57 59 63 68
    67 62 64 66 61 58 54 54 57 59 59 61 59 60 59 61 58 62 61 63 65 67 65
    65 65 67 69 67 67 66 70 67 63 65 63 63 59 56 83 13 104 12 91 36 88
    61 96 50 62 61 97 48 60 105 100 114 127 30 72 6 22 56 107 77 102 58
    99 87 125 16 68 113 84 114 91 91 1 15 71 95 36 46 106 58 0 125 11 11
    111 108 64 124 58 88 21 3 65 62 91 108 25 53 118 58 62 57 56 59 59
    57 60 57 59 58 59 58 59 56 63 65 67 67 67 65 65 57 58 58 56 55 60 60
    60 56 59 58 61 58 59 61 62 59 61 56 55 56 55 55 55 55 59 57 56 57 56
    62 64 69 70 72 69 70 66 62 56 57 60 63 61 64 64 67 69 64 63 64 62 64
    72 70 70 66 61 58 59 58 62 62 60 61 61 61 65 65 66 64 65 63 65 67 70
    70 70 72 74 70 67 65 65 71 66 62 66 66 63 63 61 65 66 62 60 66 65 67
    64 66 65 65 64 62 59 57 57 62 58 53 53 55 57 54 53 57 58 61 61 62 66
    64 62 61 64 62 58 60 62 69 70 65 64 65 63 60 57 55 59 63 64 64 65 65
    63 65 63 64 64 64 68 71 67 66 67 71 73 69 68 68 71 69 63 66 62 61 57
    54 92 54 42 14 18 1 45 92 87 99 86 71 93 22 72 23 86 50 62 120 97 79
    35 14 18 67 8 48 116 105 103 67 67 13 18 30 82 2 0 48 34 115 18 82
    115 38 42 2 40 120 3 13 6 13 61 77 2 106 4 49 25 46 15 117 111 58 60
    58 56 57 56 55 59 57 56 55 59 58 56 54 60 64 65 62 62 63 61 54 55 56
    56 56 60 61 62 57 61 61 64 60 61 64 66 62 63 58 59 60 59 60 59 59 61
    59 59 59 58 65 66 70 70 71 68 68 62 58 54 57 59 62 61 64 66 68 69 65
    63 64 63 65 73 72 74 69 64 58 60 59 63 62 61 61 61 62 65 66 68 66 67
    67 68 73 73 72 71 72 72 72 66 63 62 66 63 61 63 64 62 63 61 66 65 61
    59 65 64 67 63 66 66 66 66 65 64 62 61 63 61 55 53 52 53 50 49 54 57
    60 62 64 69 68 64 60 63 58 54 54 57 64 67 59 61 64 62 59 56 53 59 61
    61 61 63 62 63 66 65 63 64 63 67 69 62 60 63 64 66 62 63 63 66 66 64
    69 65 62 61 59 1 47 29 80 71 82 64 12 124 76 52 5 113 22 32 109 22
    44 124 5 4 114 30 79 11 38 26 8 82 37 124 12 61 126 86 92 60 124 82
    122 118 86 64 89 17 53 32 34 31 96 31 36 69 22 62 88 2 100 11 107 22
    99 4 69 22 58 62 60 61 62 61 61 61 59 58 56 58 56 53 53 58 59 60 58
    57 59 57 49 51 52 53 54 57 59 60 58 58 60 63 60 60 65 66 65 63 60 60
    61 60 60 58 60 60 59 58 58 58 65 64 68 68 71 67 66 63 60 56 60 60 64
    64 64 66 69 69 66 65 67 67 69 71 68 69 66 64 59 62 62 66 66 63 62 60
    61 63 64 65 63 64 67 69 72 70 68 69 71 70 68 63 61 62 66 60 59 59 62
    62 64 61 69 68 67 63 64 63 64 60 60 62 61 65 63 61 59 59 59 58 53 51
    53 54 53 52 56 60 61 61 64 68 68 64 59 65 62 56 56 58 64 68 61 63 67
    64 61 58 57 60 63 63 65 66 66 64 66 66 65 65 64 67 69 64 61 61 60 62
    59 61 60 62 64 64 67 62 60 60 58 41 7 115 72 95 6 87 20 41 124 0 4
    52 57 121 50 44 114 54 118 48 63 90 55 79 93 8 61 17 1 44 5 17 39 82
    124 35 127 9 108 38 90 53 14 72 47 65 60 120 59 38 83 37 104 112 37
    39 50 6 57 65 84 11 26 12 57 63 60 61 62 62 63 64 62 60 58 61 59 56
    53 57 60 59 57 57 58 56 50 52 56 58 59 62 65 66 62 61 62 63 63 61 65
    66 66 64 64 63 63 63 64 60 60 58 57 55 54 54 61 60 65 63 70 67 68 66
    63 60 64 62 66 65 66 70 73 71 70 69 69 67 67 70 67 67 63 61 56 56 58
    60 59 57 59 59 63 63 65 68 66 64 64 64 65 65 64 66 68 68 67 63 61 60
    64 59 59 60 63 63 64 63 69 66 63 61 61 62 62 58 60 61 62 66 65 62 63
    63 63 60 55 54 56 57 57 57 62 67 66 65 65 68 66 61 54 60 59 57 55 56
    62 66 62 64 65 65 65 60 60 62 64 66 67 67 70 68 69 68 66 66 66 70 68
    66 63 63 61 60 55 60 59 63 65 66 70 67 62 63 59 16 39 43 67 113 91 9
    22 14 84 39 53 122 110 49 107 16 111 88 93 78 42 32 98 32 27 6 62 74
    4 67 6 74 10 34 40 44 84 105 76 105 5 10 99 69 115 16 72 9 11 112 20
    19 100 20 40 60 41 26 12 86 52 106 36 27 58 63 61 61 61 62 61 63 62
    59 58 63 63 60 57 60 62 63 61 59 59 56 54 55 57 59 58 61 65 65 63 65
    64 67 68 65 69 69 69 67 66 64 64 66 67 63 65 65 64 64 62 61 65 62 64
    63 68 65 67 65 63 60 63 62 63 62 61 65 66 64 62 63 63 61 63 66 64 65
    62 61 55 57 58 61 61 58 61 60 64 65 67 69 67 62 66 67 67 68 67 70 73
    70 68 64 61 61 62 59 60 59 64 65 65 65 67 65 63 60 58 59 59 56 59 62
    62 67 66 64 66 65 64 61 56 54 57 56 55 56 60 65 64 63 64 67 65 61 56
    60 56 54 51 53 58 61 58 62 65 67 67 62 63 65 67 68 67 69 73 72 73 71
    68 71 68 71 68 66 65 65 62 63 56 62 61 63 65 65 67 67 61 58 56 44 88
    0 118 18 42 22 98 44 72 44 68 97 78 102 39 124 16 31 107 77 119 6 93
    98 96 4 31 46 76 23 60 17 2 18 106 36 108 21 126 5 8 5 71 34 57 125
    35 76 87 56 20 93 101 24 3 3 4 92 1 86 5 4 62 60 57 60 59 61 63 63
    64 65 64 60 58 62 65 62 59 62 63 62 59 56 55 52 49 52 57 60 58 60 68
    68 68 69 68 72 73 69 73 72 72 69 68 67 63 64 66 62 63 65 66 66 65 63
    66 62 61 60 64 61 64 62 64 65 66 67 66 65 64 65 63 60 58 60 59 58 60
    59 57 61 58 57 54 57 59 59 56 56 60 58 59 62 66 70 68 64 68 70 68 68
    66 69 71 69 67 63 62 65 62 62 61 61 66 69 68 70 71 71 69 65 61 63 61
    58 61 64 66 71 70 67 68 64 61 58 54 52 55 56 57 58 61 62 63 62 63 64
    64 62 59 62 59 56 56 55 60 61 58 61 66 66 68 63 65 67 70 69 67 69 75
    74 73 70 66 69 67 66 64 62 61 63 60 59 54 59 60 60 62 62 63 64 60 57
    55 78 48 17 81 44 94 98 20 78 60 79 115 21 50 46 60 91 26 121 114
    103 127 45 99 118 25 25 96 102 94 11 28 33 63 116 55 126 43 69 59 40
    123 35 87 71 41 43 58 84 37 82 18 50 73 103 99 108 6 58 121 46 80 57
    115 82 60 63 63 63 66 65 64 66 66 62 61 63 65 64 64 64 63 62 61 57
    55 52 48 52 56 60 60 62 67 72 73 73 72 74 78 76 75 73 73 70 71 67 61
    66 69 67 68 67 70 71 68 63 63 58 59 59 61 61 64 64 64 64 65 66 65 65
    62 65 62 60 59 58 56 56 56 51 52 58 55 54 52 57 61 61 60 61 66 64 63
    66 70 69 66 63 68 71 67 64 64 67 68 64 62 62 62 63 60 58 61 60 63 66
    63 68 68 68 68 65 60 66 62 61 61 61 65 71 70 70 70 67 65 63 59 55 55
    56 58 60 60 61 63 62 64 64 63 60 59 60 59 57 55 55 62 61 60 62 64 64
    66 60 60 62 66 65 66 65 74 75 72 71 69 69 70 67 62 60 58 59 58 55 53
    59 63 62 66 66 67 67 64 60 58 31 65 67 68 60 106 18 80 101 26 104
    116 126 61 71 114 42 126 19 39 38 31 98 96 81 79 108 119 121 41 110
    21 12 100 109 80 12 24 100 106 26 23 35 54 26 73 21 76 76 28 32 68
    21 117 100 69 30 94 69 75 124 25 21 98 105 64 66 66 64 67 68 66 68
    69 66 63 63 63 64 64 64 63 63 64 63 62 58 56 58 60 62 61 62 65 67 71
    72 74 75 77 78 77 74 74 69 71 65 59 62 67 64 66 64 68 69 67 61 61 56
    58 57 59 61 63 64 66 66 65 66 64 65 62 65 61 59 56 55 50 49 45 51 51
    55 52 52 52 57 62 63 62 65 69 67 65 69 72 71 69 67 73 73 66 63 64 66
    66 63 64 64 63 66 61 60 60 59 63 68 65 70 71 69 72 69 61 66 65 64 65
    63 64 70 67 66 66 65 62 62 61 60 59 59 59 60 61 62 63 64 65 66 66 62
    60 61 57 56 54 56 60 58 57 61 63 61 64 58 60 63 66 64 66 63 72 72 67
    66 66 67 70 68 63 64 63 63 61 59 55 61 64 63 65 66 63 65 64 61 61 90
    9 50 122 2 33 42 93 12 29 51 16 93 94 92 88 108 78 101 99 89 81 58
    113 86 15 87 55 0 8 126 46 3 45 124 92 17 92 97 108 78 52 24 42 65
    10 28 7 25 22 5 115 47 112 79 91 84 73 105 42 114 102 53 85 110 66
    70 66 63 67 68 65 67 67 66 63 61 63 66 65 64 62 65 65 63 59 57 57 59
    58 59 60 61 63 63 67 72 73 74 79 80 78 74 74 71 70 63 58 63 69 67 69
    69 73 75 72 67 66 60 61 61 62 64 67 68 71 70 67 68 63 63 61 62 60 58
    54 56 50 47 46 51 52 55 51 51 52 56 61 59 57 61 64 63 62 65 71 68 66
    65 68 66 59 57 58 63 65 63 64 65 66 70 66 62 62 61 63 67 64 68 70 71
    75 74 65 68 68 68 68 62 64 71 67 65 64 63 60 58 56 57 57 58 59 64 65
    66 68 67 67 65 63 58 57 55 52 50 49 54 57 56 58 61 62 63 65 59 62 65
    70 69 71 68 78 76 71 69 69 67 70 67 63 63 62 63 62 60 57 62 67 67 67
    69 63 65 64 59 59 71 79 14 88 88 50 48 111 5 73 97 116 87 6 77 61
    108 70 12 68 41 3 19 106 126 5 39 60 51 36 54 102 98 43 76 21 69 16
    77 101 49 103 37 6 39 5 74 33 51 11 35 36 65 60 4 65 3 20 33 24 47
    41 2 116 101 69 70 67 61 63 64 58 63 65 65 63 63 65 72 70 69 67 70
    71 69 63 61 62 65 64 64 65 66 67 68 71 75 76 76 79 79 77 71 71 70 68
    62 57 60 66 66 67 69 74 78 74 68 65 59 58 59 57 63 66 68 70 70 66 68
    62 63 62 65 61 58 54 53 45 41 37 52 54 59 54 55 54 58 60 56 54 57 61
    62 61 66 71 70 70 66 67 66 61 60 61 65 70 68 67 66 65 67 61 57 57 59
    61 66 63 70 68 67 70 71 64 69 67 67 68 64 64 68 65 65 66 63 60 60 59
    57 54 53 57 62 62 61 66 67 66 65 61 57 59 55 53 55 56 59 62 60 59 60
    61 60 65 61 62 67 73 71 72 69 77 76 70 66 66 63 67 63 61 63 63 64 64
    62 60 64 68 68 70 71 64 66 66 61 62 92 72 111 23 31 84 101 108 66
    102 9 93 114 59 21 105 0 50 74 13 24 56 66 107 125 121 100 52 37 126
    4 31 112 39 91 9 47 98 115 112 23 39 84 15 10 57 60 116 107 27 92 24
    63 67 95 107 79 100 7 85 50 92 90 30 120 66 68 68 62 63 61 55 60 63
    63 62 61 65 74 72 71 68 71 72 69 63 62 64 65 63 64 66 66 65 64 67 72
    74 74 76 77 77 72 72 69 66 60 58 60 67 68 70 73 78 80 76 72 67 62 60
    61 58 64 62 63 64 64 61 65 58 62 60 61 61 59 52 51 42 40 39 54 57 61
    57 57 55 60 62 58 56 58 63 63 62 66 70 70 70 67 69 69 67 67 70 72 76
    73 72 69 66 65 59 56 57 56 59 65 63 70 68 68 72 73 66 72 70 70 70 66
    64 68 62 63 65 63 61 62 60 60 55 55 57 61 62 61 65 68 66 65 60 56 56
    52 53 53 54 58 61 60 60 58 59 56 61 57 58 64 69 67 69 64 72 72 66 64
    66 65 69 64 64 67 66 65 64 65 63 65 66 65 67 70 64 65 67 63 65 112
    78 100 72 18 40 26 105 51 114 115 103 106 61 68 20 53 93 3 127 47 67
    95 35 74 38 29 105 72 77 34 68 108 64 97 78 52 2 10 13 96 117 62 110
    49 67 71 10 87 55 13 47 29 95 80 25 9 52 2 18 94 69 38 82 73 69 73
    72 68 69 68 61 64 63 62 60 58 60 67 66 66 63 67 67 64 61 61 61 63 62
    63 65 65 63 64 67 69 71 71 72 75 73 69 70 68 66 62 60 61 68 68 69 69
    73 75 73 69 67 62 61 62 57 61 59 58 61 62 60 65 62 66 67 67 67 65 58
    57 48 47 47 53 53 56 52 53 54 58 61 59 57 61 65 65 65 66 71 73 74 73
    74 72 70 68 70 68 73 69 70 67 65 63 60 57 60 60 61 67 66 71 71 71 74
    74 69 74 74 73 71 66 65 67 62 64 64 62 64 66 64 64 58 58 63 65 66 64
    68 70 69 64 59 53 53 52 53 55 59 65 67 68 69 67 66 62 66 64 62 65 68
    64 66 62 67 67 61 60 64 61 64 61 62 67 66 65 64 65 65 64 65 64 67 72
    66 64 67 64 65 29 24 98 37 9 18 101 62 112 121 26 35 119 103 16 64
    25 55 27 103 44 69 119 46 48 83 9 22 51 97 30 110 7 53 3 22 49 30 86
    47 105 2 63 67 14 42 67 47 57 96 61 78 99 14 125 15 25 91 78 54 101
    6 23 81 83 72 76 78 73 72 70 61 63 63 63 64 62 64 73 71 68 64 68 66
    66 62 63 67 69 66 68 68 70 65 64 67 68 69 69 70 71 70 65 66 66 66 60
    61 63 70 69 69 67 70 71 69 67 65 62 61 64 59 61 58 58 58 57 55 59 58
    61 62 64 66 65 58 56 47 46 46 60 57 56 53 54 56 56 58 58 58 61 67 68
    70 68 70 73 75 73 72 67 67 68 71 68 71 68 70 67 64 59 59 55 57 57 59
    65 65 67 68 67 72 72 66 70 71 69 68 60 60 62 58 59 63 63 66 66 65 64
    58 57 61 62 65 64 67 67 67 62 56 48 47 48 51 52 55 61 66 70 70 67 68
    67 70 68 66 67 69 65 67 64 68 66 62 64 68 64 63 61 64 68 66 63 62 67
    66 66 64 67 70 76 68 65 67 66 66 122 86 54 91 98 53 57 61 63 58 40
    64 17 107 78 123 34 106 126 97 45 76 34 14 52 23 107 56 97 112 127
    14 15 26 5 53 30 125 2 11 47 15 76 40 59 3 23 3 40 108 17 109 46 115
    42 1 60 81 118 104 83 123 19 34 29 74 75 77 73 70 68 60 63 62 61 62
    61 64 71 68 68 67 70 69 69 64 64 68 67 63 64 64 65 61 59 62 63 63 64
    67 67 68 64 66 68 66 60 62 62 68 66 65 65 70 72 72 71 71 69 66 67 62
    61 58 56 56 55 52 54 56 58 59 58 62 61 56 54 47 48 48 63 59 56 54 56
    57 56 54 54 54 56 61 62 67 66 66 72 75 73 71 66 68 70 71 69 72 73 75
    69 67 62 62 59 58 55 59 64 65 65 67 66 71 72 66 70 71 68 69 61 60 62
    58 58 64 65 67 66 64 63 59 56 60 60 64 64 66 66 65 61 57 50 49 49 52
    53 58 64 68 72 73 70 71 69 70 71 68 71 72 67 65 66 67 63 61 60 64 63
    60 61 65 68 69 69 68 75 73 72 70 70 71 75 67 65 66 66 67 114 98 45
    28 84 19 20 110 110 4 19 27 45 29 28 72 85 94 7 49 25 119 56 26 91
    106 17 15 126 59 65 65 67 70 40 14 67 87 85 101 96 120 121 5 121 23
    52 99 126 111 9 91 46 110 126 53 12 29 120 83 81 28 61 53 94 69 72
    74 70 65 63 59 62 61 61 63 64 68 74 69 68 67 70 67 64 59 61 64 61 59
    63 63 65 61 59 60 60 60 61 65 64 66 64 67 67 66 59 61 61 66 64 63 66
    70 73 70 68 68 66 61 63 60 60 58 58 56 56 54 53 58 58 57 57 61 61 57
    54 48 52 53 66 61 60 59 62 63 60 57 59 58 57 61 61 68 65 64 68 71 71
    69 66 70 71 72 71 72 74 73 67 65 61 61 59 56 53 55 60 60 61 62 61 66
    67 64 67 66 62 64 59 58 59 56 57 65 62 64 63 63 61 58 54 59 59 63 60
    62 61 62 57 55 47 47 46 51 52 57 60 64 69 71 66 68 69 72 73 70 71 71
    66 62 63 64 61 58 59 61 60 55 54 56 59 61 61 61 68 70 71 71 71 75 79
    73 69 68 68 68 39 38 43 84 116 52 118 88 49 67 103 23 88 25 93 97 35
    7 111 20 86 110 109 96 125 52 34 114 29 72 30 97 41 111 20 102 125
    70 45 86 78 123 98 48 81 45 80 102 49 123 52 115 83 26 68 20 14 3 45
    18 39 61 90 34 74 70 75 78 73 67 65 61 62 59 60 61 64 67 71 69 71 68
    72 69 67 64 65 64 64 61 66 65 66 64 63 64 63 61 64 66 65 68 65 67 67
    65 58 59 58 60 59 58 62 66 68 67 65 65 64 57 59 57 54 55 52 52 53 54
    53 61 60 59 60 61 59 56 52 49 52 52 60 53 54 56 60 62 62 60 63 63 60
    63 63 70 67 63 68 73 72 72 69 72 72 71 67 67 67 64 58 57 54 57 57 56
    55 58 63 63 64 63 59 63 63 63 68 66 62 65 60 60 58 53 54 62 60 64 64
    65 64 61 55 60 60 61 60 60 60 63 57 54 51 51 51 55 57 61 65 66 70 72
    70 70 71 73 75 70 70 66 62 57 59 58 56 53 56 59 61 53 53 56 61 62 60
    62 70 73 73 71 71 75 77 72 69 69 69 70 28 101 81 99 36 42 117 0 81
    52 47 32 32 125 42 49 77 18 35 123 4 111 20 90 71 90 81 52 47 21 106
    92 63 105 80 56 5 64 114 25 108 102 11 125 50 63 78 61 17 32 47 76 1
    1 54 24 73 114 85 38 23 3 49 80 69 71 76 77 75 72 71 67 68 64 64 65
    65 67 71 70 73 72 73 73 68 67 66 66 62 60 63 62 62 62 58 61 61 58 62
    64 63 66 65 66 66 64 58 59 60 59 59 60 63 65 65 65 66 67 65 60 62 62
    57 56 52 51 52 53 51 60 57 57 57 59 57 55 52 51 55 57 61 54 57 59 61
    65 65 65 67 65 65 65 64 72 66 66 70 73 74 74 69 72 71 69 65 62 63 62
    61 60 57 61 64 63 61 63 66 67 64 63 59 62 61 60 64 65 62 64 58 57 55
    50 50 57 57 64 64 66 67 65 58 62 59 60 61 60 59 64 59 59 56 55 55 57
    57 60 63 64 68 71 72 70 71 71 72 65 64 59 55 50 53 52 52 50 55 60 62
    56 57 57 61 61 62 65 73 74 76 74 74 77 75 73 70 69 70 70 29 98 77 62
    35 82 33 67 98 112 57 11 55 94 11 124 127 95 76 64 9 67 20 8 14 56
    25 61 76 13 13 3 35 41 58 76 86 47 110 39 49 115 45 108 85 19 26 69
    119 39 33 103 8 32 126 72 63 50 32 110 47 114 2 35 96 74 80 78 78 74
    77 72 72 69 70 70 68 68 70 68 71 68 69 68 64 64 64 64 61 60 62 58 61
    60 59 63 62 61 68 68 66 67 64 65 64 61 55 54 53 53 53 54 59 59 60 63
    65 66 65 58 62 63 57 59 56 57 60 60 58 66 60 60 60 59 60 58 56 58 62
    61 65 59 61 64 67 71 70 68 70 68 66 64 62 68 62 62 64 68 71 70 66 67
    65 65 59 57 60 61 62 62 62 69 69 65 65 65 68 68 63 64 60 62 60 61 62
    63 62 65 57 59 56 52 53 57 56 62 61 64 65 63 57 63 59 61 61 62 61 67
    61 63 62 62 63 62 61 64 67 68 70 69 73 72 75 75 76 70 71 63 61 54 58
    55 53 51 57 59 62 56 57 59 62 61 62 66 70 72 72 70 71 72 69 69 68 69
    70 69 58 72 127 113 54 37 49 112 80 112 77 119 81 100 16 40 46 77 19
    52 40 72 106 103 11 125 103 10 35 98 3 59 4 100 109 104 58 42 124
    101 22 101 56 121 71 126 26 35 43 41 101 37 115 101 26 2 110 81 84
    127 7 125 9 99 124 74 79 76 72 70 71 69 72 70 72 74 70 70 70 65 69
    68 69 70 65 63 65 63 61 57 59 59 62 63 60 63 65 66 72 70 67 70 67 66
    66 63 58 58 57 53 54 52 55 58 59 60 65 66 68 64 66 68 64 64 62 62 61
    61 59 65 61 59 59 61 61 61 59 61 65 66 70 66 69 70 73 75 75 74 74 72
    69 65 63 67 61 60 60 63 65 63 60 61 60 61 58 54 62 61 65 64 62 66 68
    61 61 61 63 64 62 64 60 61 60 60 62 61 59 63 57 56 54 50 52 56 56 60
    59 63 66 64 60 63 59 62 62 62 61 66 62 65 64 65 64 60 59 60 60 60 61
    59 64 64 67 69 71 66 67 63 63 57 58 55 54 55 57 57 61 57 58 59 60 61
    63 66 69 72 75 73 74 74 70 72 71 70 70 69 60 29 51 28 117 53 111 39
    50 118 90 125 47 65 106 64 106 0 125 94 44 5 70 48 113 103 80 57 7
    38 63 113 113 70 126 100 58 38 77 2 44 120 82 7 84 91 14 4 1 98 34
    23 34 82 16 123 83 18 88 8 15 20 79 122 19 74 79 75 70 66 67 66 67
    63 65 67 64 64 63 61 67 65 66 68 62 62 62 59 57 58 57 59 60 61 60 62
    62 65 70 69 66 68 68 68 69 63 60 61 59 54 53 50 55 59 58 58 63 64 67
    65 64 66 63 66 64 63 62 65 66 71 68 66 66 65 64 62 61 62 66 64 67 64
    68 69 74 74 77 74 74 73 71 63 63 66 63 63 61 61 64 63 60 60 57 57 57
    55 60 60 65 65 64 67 69 65 65 61 63 64 62 62 59 60 62 62 64 63 63 65
    61 58 57 52 54 56 54 58 61 62 66 64 61 64 59 60 63 64 63 67 68 72 71
    72 69 65 65 65 63 61 60 59 63 59 61 64 65 60 63 61 62 58 57 55 55 55
    57 57 60 58 57 60 61 62 64 66 67 71 73 73 71 72 68 73 74 70 69 70 45
    54 53 60 83 71 65 92 110 119 31 46 88 31 63 98 58 95 78 48 77 83 64
    76 61 28 36 29 110 20 109 33 39 91 80 3 101 51 99 11 78 59 81 84 93
    55 121 27 8 5 25 25 105 55 45 109 124 102 127 47 104 124 30 94 24 71
    77 72 68 64 65 62 63 59 63 63 63 61 62 60 65 62 63 65 59 61 60 57 55
    58 56 58 58 61 58 60 61 65 69 65 64 68 66 64 64 61 58 59 58 56 55 53
    57 61 58 56 60 61 63 60 61 65 64 68 66 67 67 72 71 75 72 73 72 71 67
    67 66 66 67 65 65 63 67 67 72 72 73 74 76 75 73 67 66 69 64 66 62 61
    63 63 60 62 57 59 58 57 61 61 66 65 64 68 70 66 66 62 62 62 60 59 55
    56 58 60 63 65 66 68 64 60 57 52 54 53 51 57 61 64 67 64 64 67 61 63
    66 67 68 71 69 71 70 71 67 63 63 64 64 61 60 61 65 62 62 66 67 63 64
    61 64 63 60 60 58 57 60 59 60 60 58 61 63 63 62 63 63 67 69 69 68 70
    67 72 71 69 69 69 120 102 24 62 12 7 31 115 104 32 108 55 67 93 28
    87 97 38 27 66 114 65 16 111 96 85 80 60 58 49 0 12 51 29 0 50 96 55
    27 35 26 103 23 109 70 113 91 52 106 122 0 127 39 9 8 68 94 11 64
    117 123 26 32 115 112 71 76 71 67 62 65 61 62 58 62 61 62 60 60 60
    64 62 61 64 60 64 61 61 60 64 61 63 62 65 61 62 63 67 68 65 61 65 66
    63 64 63 62 64 65 60 60 56 57 61 59 56 62 63 67 67 67 69 70 70 68 67
    68 72 72 73 72 75 76 73 70 70 70 71 70 67 62 63 66 66 68 68 70 72 72
    73 73 68 69 70 67 69 64 62 64 61 58 57 56 56 56 56 61 64 71 69 68 72
    73 70 69 64 64 66 63 61 57 57 59 61 64 65 67 68 66 61 60 55 59 57 58
    62 63 64 67 63 65 66 60 62 65 68 70 69 69 70 71 72 68 62 62 62 63 60
    60 59 63 62 62 65 67 63 65 65 68 69 65 61 61 59 61 60 60 63 63 67 69
    68 68 67 67 69 67 66 64 64 63 67 68 69 67 65 60 60 54 55 56 57 61 64
    66 68 66 67 67 68 65 66 63 64 59 57 54 62 62 64 62 66 67 67 63 63 67
    68 66 71 70 72 70 68 69 70 66 69 71 72 67 66 67 67 64 60 57 59 62 61
    58 64 67 69 71 66 70 71 66 65 66 67 71 65 63 59 62 60 62 58 62 62 64
    60 57 57 59 59 59 61 60 63 61 61 59 63 60 61 61 65 63 61 64 69 68 63
    58 62 64 61 60 61 64 67 66 64 63 60 57 60 58 54 60 61 65 67 67 70 71
    68 69 66 69 70 69 69 70 71 73 70 69 69 71 71 71 68 71 71 72 70 72 69
    70 70 69 70 71 68 70 70 70 73 66 64 66 64 63 61 60 64 64 63 67 72 80
    76 74 76 74 71 66 60 60 60 58 58 56 56 58 59 62 64 64 64 64 60 60 57
    60 59 59 62 65 63 63 61 64 65 58 60 63 66 68 67 68 70 72 71 68 62 61
    60 60 57 59 57 61 61 61 64 65 62 66 67 70 73 69 65 65 63 63 61 60 64
    63 65 66 66 66 65 65 68 65 64 62 62 62 64 66 68 69 67 64 62 58 57 58
    59 62 64 65 69 68 67 67 68 65 66 60 62 59 56 53 60 60 63 61 65 67 66
    62 62 67 67 63 69 70 71 72 69 68 69 66 66 70 69 65 66 69 68 67 65 60
    65 65 64 64 69 70 76 75 71 72 71 66 64 62 63 67 63 60 56 60 59 60 57
    61 61 64 60 56 56 56 55 55 55 56 61 60 60 62 65 63 65 62 64 64 62 66
    73 72 69 66 70 71 66 63 64 66 67 65 66 65 58 55 58 56 51 54 56 63 66
    68 70 73 71 72 70 71 70 69 70 71 70 73 70 70 71 72 71 71 65 74 74 74
    69 71 65 66 65 66 67 69 66 71 68 70 70 62 62 64 61 62 61 61 67 65 64
    68 71 78 74 70 71 70 66 61 53 56 56 55 56 56 56 58 57 63 65 65 66 65
    63 66 62 62 61 59 61 61 58 59 58 61 62 57 59 60 64 66 64 66 70 73 72
    68 63 61 61 61 58 61 61 66 66 64 65 65 63 66 67 72 75 72 71 70 66 65
    60 60 62 59 61 62 60 61 58 59 65 64 63 63 66 66 67 68 70 71 69 63 60
    57 55 55 55 57 61 65 68 70 69 68 71 65 64 58 59 57 55 51 59 62 65 62
    63 65 64 62 60 63 62 61 66 68 66 70 68 68 66 63 64 68 63 58 62 69 69
    70 67 66 70 67 62 60 62 64 68 67 65 67 68 62 62 60 63 68 64 61 58 60
    59 57 52 54 55 59 55 53 54 56 55 56 54 57 63 62 62 65 69 69 70 64 66
    64 62 64 69 65 63 61 67 68 64 64 69 72 74 71 70 68 61 57 59 58 53 56
    60 67 71 72 73 75 73 72 68 67 64 64 67 69 69 74 72 71 70 71 68 66 62
    66 65 66 63 64 59 61 60 63 66 68 68 75 75 77 75 68 67 68 65 65 64 64
    67 66 65 68 69 73 71 67 65 65 61 56 50 53 53 52 51 52 53 56 56 63 65
    66 66 65 62 63 61 61 62 59 60 60 58 59 57 58 58 54 56 56 56 59 58 63
    68 69 68 64 60 59 58 57 54 59 61 64 65 60 60 60 58 60 64 68 75 72 70
    69 65 64 60 56 58 57 57 59 55 56 55 58 64 65 65 67 71 71 69 68 71 71
    67 60 59 58 56 56 54 57 60 63 66 67 67 68 70 65 64 57 58 57 53 50 56
    58 63 62 61 65 66 66 65 70 69 68 71 73 70 72 71 69 68 66 66 68 62 56
    61 65 67 67 66 67 72 69 64 61 65 64 68 65 63 66 66 61 61 60 64 69 66
    64 61 62 60 57 52 54 56 62 59 59 60 61 59 58 56 59 65 62 64 67 72 74
    72 66 68 65 63 64 65 61 59 59 64 64 61 62 66 69 71 71 72 71 65 64 67
    64 58 56 59 63 65 66 69 72 73 75 70 70 67 65 68 70 69 76 71 71 69 70
    67 64 57 63 60 61 59 58 53 53 53 57 62 64 66 75 76 77 78 71 71 72 69
    71 70 68 69 69 66 65 66 69 68 67 67 68 66 62 59 60 56 54 51 52 52 52
    51 59 63 66 65 65 64 67 66 63 62 60 60 60 56 56 55 56 56 51 53 53 52
    54 55 59 66 69 69 68 64 62 62 61 58 62 63 66 66 61 58 57 56 57 61 65
    69 69 68 67 64 63 60 57 59 56 55 57 54 54 55 58 63 62 63 62 66 67 65
    66 72 71 70 66 64 63 63 62 61 62 65 67 71 71 69 71 72 69 67 59 62 61
    56 53 57 59 67 64 62 65 66 66 64 65 64 65 70 73 70 73 74 72 72 70 68
    68 65 57 62 66 67 67 68 67 72 69 62 60 66 64 67 66 65 67 66 61 59 59
    61 65 62 62 58 60 60 58 56 58 59 66 64 61 60 60 62 60 57 60 65 61 64
    64 69 73 72 67 68 64 62 64 64 60 60 61 67 65 62 62 66 71 70 68 73 73
    69 66 67 66 59 59 60 61 63 64 67 71 70 73 70 70 64 63 62 63 62 67 63
    65 65 70 68 65 61 63 64 64 59 58 50 50 53 54 57 61 66 75 76 77 79 73
    73 75 72 76 76 73 75 74 69 69 70 70 69 69 69 70 67 63 62 64 59 56 52
    53 51 49 48 56 60 63 61 63 62 65 65 65 65 64 65 65 63 62 61 62 63 58
    59 56 56 58 58 58 63 65 66 64 59 57 60 60 58 63 64 70 69 63 60 61 59
    62 63 68 72 72 69 68 62 62 58 55 59 57 54 59 55 55 57 61 64 63 61 64
    65 64 57 61 71 70 68 66 68 70 67 64 65 64 69 69 71 73 70 71 73 67 65
    58 59 60 55 52 56 60 69 67 65 68 66 66 64 62 60 60 63 67 66 70 71 72
    71 68 67 64 59 51 53 57 58 61 62 61 65 62 58 59 61 60 64 66 66 67 65
    63 62 61 61 66 63 62 58 62 62 61 58 60 62 68 66 62 61 63 64 62 59 63
    68 67 68 71 76 78 76 71 72 68 65 66 66 62 62 62 65 65 63 63 66 71 70
    71 72 71 66 62 62 62 56 57 59 62 66 69 71 72 70 72 67 65 58 59 60 61
    58 64 61 62 60 65 64 61 56 62 64 65 61 59 50 54 55 56 61 62 66 76 73
    75 74 70 72 75 72 76 75 73 72 72 65 64 63 64 64 67 65 67 64 62 61 63
    59 56 54 58 55 53 52 57 61 61 58 63 62 64 65 65 68 67 64 65 64 63 62
    61 62 59 59 55 55 58 59 61 66 68 66 65 58 54 55 54 55 61 62 67 66 61
    57 58 56 59 62 66 70 72 67 69 63 61 59 57 60 57 51 53 51 52 54 57 61
    61 62 63 63 63 56 62 72 69 68 67 69 70 65 62 66 65 70 68 71 74 70 69
    72 65 63 57 58 61 56 55 57 61 69 67 66 69 67 70 68 66 64 62 66 70 69
    70 72 72 72 66 63 60 56 50 52 56 57 61 61 60 62 56 55 56 58 56 60 61
    65 64 62 59 62 63 66 70 67 66 65 67 65 62 58 60 63 64 64 61 61 63 62
    62 60 63 65 64 66 69 73 74 73 70 69 65 62 62 64 61 61 62 66 65 62 60
    62 68 69 67 72 71 67 66 64 63 59 58 60 63 65 66 69 68 67 69 66 65 58
    60 61 61 59 64 61 63 60 67 65 62 57 64 64 64 60 62 54 58 58 59 64 64
    66 75 73 75 75 70 74 74 72 74 75 71 72 70 64 60 61 60 61 62 61 64 62
    60 60 63 59 54 54 58 54 52 50 55 61 62 60 63 63 64 67 65 68 63 63 65
    64 62 64 60 63 61 60 58 58 59 62 64 69 70 67 67 59 55 56 55 56 62 63
    71 67 63 58 58 56 57 57 64 67 69 67 68 64 64 62 61 62 60 55 56 51 52
    53 56 58 60 61 64 64 63 56 62 69 66 67 66 69 72 69 68 72 70 75 71 73
    74 69 67 68 63 61 55 57 60 57 58 57 61 70 68 65 66 64 66 66 64 61 59
    61 65 65 64 65 67 70 66 61 57 56 50 50 52 52 59 60 60 63 58 57 60 59
    55 58 56 57 58 56 54 58 60 66 71 69 68 69 70 66 64 61 60 64 63 63 61
    59 60 60 59 60 61 63 64 68 70 75 75 75 72 70 64 64 62 62 59 60 61 64
    62 59 59 61 65 66 65 68 67 65 65 66 63 61 60 63 67 68 67 71 69 69 72
    66 65 60 62 63 64 61 67 66 67 64 70 69 66 62 62 64 64 59 61 55 58 60
    63 68 68 68 74 75 74 70 67 72 72 70 70 73 69 71 68 62 60 58 55 58 58
    58 63 59 61 62 63 59 54 52 58 54 54 52 56 62 64 64 63 63 64 65 64 65
    62 64 64 66 66 65 64 66 64 65 60 61 63 65 67 72 73 71 71 63 59 62 59
    61 66 66 72 71 64 62 60 57 57 57 63 67 66 66 67 64 65 63 62 66 65 61
    61 58 58 58 59 57 58 62 63 63 62 57 65 70 67 68 67 70 73 69 68 72 69
    73 71 73 74 70 67 67 65 62 58 60 61 60 62 59 65 72 68 68 70 67 69 69
    65 61 60 60 64 64 61 64 69 73 69 64 60 61 54 53 52 54 59 60 61 62 58
    55 57 56 52 51 51 51 56 54 52 58 62 69 73 68 66 68 68 64 60 57 57 62
    59 60 58 57 60 60 58 63 60 62 62 67 68 74 74 75 75 74 67 66 62 60 57
    56 53 56 58 58 58 62 65 68 67 69 66 66 66 68 66 66 63 64 67 68 67 70
    67 68 71 65 66 63 63 62 63 62 65 63 62 60 68 68 64 62 63 63 62 59 61
    58 61 63 65 71 69 69 73 76 75 74 70 74 76 75 75 76 74 76 72 66 64 61
    56 60 59 62 65 61 65 66 64 60 53 51 57 54 54 55 57 64 66 64 64 65 66
    69 70 70 67 69 68 70 69 66 66 69 66 66 61 62 63 64 66 70 71 70 71 65
    62 64 62 65 69 68 73 72 66 63 59 58 58 59 63 65 64 66 65 64 64 65 63
    68 67 65 65 64 62 64 64 60 59 61 61 61 61 57 65 69 66 68 68 71 72 69
    67 72 68 70 67 69 70 66 65 65 64 61 59 62 62 60 63 62 65 72 69 70 74
    71 71 72 67 63 61 60 65 66 61 64 68 76 72 66 62 65 58 57 53 54 58 60
    58 60 57 55 59 60 55 55 54 53 55 54 52 58 64 68 72 69 65 68 69 65 63
    62 63 67 62 62 60 59 61 61 61 67 63 62 62 65 66 69 68 72 74 76 69 69
    65 63 58 58 55 58 59 60 58 58 62 65 66 68 68 70 72 72 70 70 65 64 67
    68 69 73 70 71 75 70 70 67 66 62 63 61 61 60 59 58 65 66 63 62 61 65
    62 57 61 56 59 63 63 69 67 66 70 70 69 70 67 69 70 71 70 72 70 72 70
    64 61 60 58 61 62 67 71 68 71 72 71 65 58 56 61 57 56 54 58 63 66 63
    66 67 70 71 71 73 71 74 74 75 73 70 70 72 68 67 63 66 68 68 69 71 73
    73 73 69 64 67 66 68 70 70 74 72 68 67 65 63 62 61 64 63 62 65 66 64
    65 67 69 72 69 67 65 67 65 65 65 62 62 65 64 62 63 61 69 70 66 68 69
    69 69 66 66 73 70 71 70 70 69 69 64 65 65 61 61 64 62 60 62 61 65 70
    68 71 72 70 70 70 64 61 58 58 61 62 60 63 69 75 70 64 63 64 58 57 54
    57 61 61 58 60 57 55 59 61 57 56 55 56 58 54 53 59 67 70 71 67 66 67
    68 62 61 58 59 61 56 57 55 55 59 59 59 65 60 59 59 60 60 64 63 68 71
    72 67 68 64 61 59 57 54 58 59 60 59 58 63 66 65 65 67 69 70 69 70 72
    71 70 73 73 73 74 69 69 72 67 68 66 67 65 64 62 61 59 57 55 60 62 59
    59 61 65 62 58 64 61 64 67 67 71 68 64 66 65 64 63 61 65 68 67 66 67
    67 71 68 64 62 62 62 63 63 67 68 64 65 64 64 59 52 50 56 53 56 54 56
    61 65 63 65 65 66 66 70 70 69 71 71 75 76 72 72 74 72 69 63 66 68 70
    71 71 73 73 73 69 64 66 64 66 69 72 75 74 70 70 66 64 62 58 61 62 62
    65 66 63 67 71 71 75 71 71 68 68 65 67 65 62 61 65 63 62 61 61 69 70
    67 69 70 70 68 64 62 67 62 63 62 63 62 63 61 61 61 55 57 60 58 57 60
    61 67 69 67 69 71 68 68 67 64 63 60 58 64 63 62 63 70 75 73 67 67 65
    61 58 56 59 60 59 60 64 60 57 59 61 58 56 51 52 54 52 50 56 64 67 70
    68 67 72 71 66 65 63 63 62 55 55 56 55 58 56 60 67 64 63 65 67 69 68
    66 68 71 73 68 69 66 63 61 58 53 56 58 58 56 56 58 62 63 63 67 71 73
    74 73 77 74 74 79 79 78 79 73 74 75 68 70 71 69 68 65 65 64 60 57 56
    58 60 57 56 58 60 59 58 64 64 67 68 69 72 66 61 62 63 64 61 60 67 69
    68 63 62 64 68 61 57 56 57 59 61 60 64 67 63 66 64 62 59 54 53 58 55
    58 57 56 61 64 63 65 67 69 70 71 70 68 69 65 66 68 64 66 65 65 63 60
    62 65 66 71 71 76 76 78 75 69 69 67 67 69 69 71 72 70 69 65 62 59 58
    57 57 58 63 65 66 68 74 76 77 73 73 70 71 70 69 69 66 65 71 67 65 67
    68 74 74 71 72 72 73 69 64 60 64 61 60 60 60 58 62 60 59 60 53 57 63
    59 60 64 64 70 71 68 70 70 67 67 65 61 61 57 56 61 58 57 59 63 69 70
    67 69 68 64 63 61 63 61 59 60 65 60 57 57 60 60 58 52 55 58 57 53 57
    66 69 71 70 69 76 74 69 68 65 63 63 56 60 59 57 58 59 63 69 64 62 64
    66 68 64 64 67 71 73 68 70 68 65 65 60 56 59 58 59 57 54 57 60 61 62
    65 67 70 70 71 74 71 70 74 74 72 72 67 69 71 66 68 70 67 64 62 63 61
    58 58 60 64 66 64 64 60 61 61 61 67 67 70 71 72 71 67 62 62 62 63 60
    61 67 67 67 62 60 62 67 60 59 57 60 62 63 60 65 66 64 67 65 64 61 57
    56 59 55 58 56 56 59 64 65 66 68 71 70 70 66 65 67 62 62 65 61 64 61
    59 59 59 61 64 67 72 72 75 75 77 74 66 66 67 67 68 66 70 71 71 71 67
    66 63 60 60 58 57 62 64 64 68 73 75 76 74 74 72 74 71 72 71 67 65 69
    67 65 66 67 71 73 71 72 73 73 68 65 60 62 59 57 57 56 54 59 57 58 58
    51 56 61 59 61 63 64 69 69 67 69 67 64 65 64 62 62 58 55 59 57 57 57
    61 67 69 66 68 65 61 60 59 62 61 61 63 72 71 65 63 67 66 64 58 55 60
    59 55 57 65 66 69 67 68 72 71 67 66 64 64 62 57 58 58 56 56 56 60 65
    62 62 64 65 68 64 63 66 67 70 68 70 68 66 65 60 58 60 59 61 60 58 59
    61 63 60 64 65 66 70 69 72 72 70 73 73 72 71 68 69 73 70 70 71 68 64
    62 62 61 59 58 61 63 65 62 62 57 61 63 62 67 65 68 71 72 68 66 60 60
    61 61 57 60 66 69 67 64 60 64 65 58 58 59 60 63 62 64 68 68 67 70 71
    69 63 61 59 61 57 59 56 58 61 66 67 68 68 74 72 71 68 68 69 64 63 66
    63 64 59 57 58 58 61 64 66 73 73 76 76 76 73 68 69 69 70 69 67 70 71
    67 67 61 61 60 59 58 57 56 62 65 65 67 72 73 73 72 71 69 74 73 74 73
    71 68 70 65 62 64 66 70 73 71 73 76 75 70 67 61 65 61 58 60 61 59 65
    63 64 61 54 58 61 59 58 59 63 68 65 63 64 65 64 65 65 63 63 60 58 59
    55 55 56 59 63 64 63 66 63 60 61 60 65 64 63 62 70 69 66 63 68 68 69
    65 64 65 64 61 60 65 64 66 65 65 68 68 67 66 64 65 63 60 62 61 61 62
    60 64 67 63 60 62 63 67 65 64 66 70 70 70 71 68 66 65 60 60 61 58 61
    64 60 63 63 65 64 67 64 66 66 68 70 70 69 70 73 75 73 69 70 71 71 68
    66 65 61 59 60 58 56 57 60 60 62 59 58 56 60 63 63 66 65 70 71 71 68
    65 62 62 61 62 59 63 67 68 65 63 57 61 61 55 56 56 58 62 60 63 67 66
    66 70 69 71 65 62 61 65 59 63 58 58 60 64 65 68 67 73 73 73 69 66 66
    64 62 64 62 62 58 57 57 58 60 62 65 72 71 72 72 72 72 65 65 67 70 68
    68 68 70 66 64 60 60 58 56 55 56 57 63 67 69 70 75 76 76 72 69 69 74
    74 73 71 72 70 70 66 60 62 64 66 67 66 66 70 71 68 65 61 63 60 57 58
    58 55 57 56 58 56 50 54 58 59 57 59 64 67 66 63 63 64 63 64 64 63 63
    61 58 58 56 57 58 59 63 67 65 65 62 61 65 62 64 62 63 59 66 62 61 60
    65 67 69 63 65 64 65 63 62 68 66 69 72 72 73 71 70 72 68 68 64 62 65
    65 61 60 56 62 63 62 59 63 63 67 64 63 65 66 65 67 69 67 65 64 62 64
    63 59 61 63 60 61 61 63 62 66 62 64 64 64 67 69 68 70 72 75 73 69 70
    71 73 68 65 65 62 61 61 59 60 62 66 65 67 66 65 50 54 60 59 62 62 68
    68 68 65 66 62 64 62 64 59 62 65 65 61 59 53 56 54 51 53 53 56 62 60
    63 66 65 65 67 66 69 63 61 61 63 58 63 60 60 61 64 67 69 65 70 69 68
    64 63 62 62 58 60 57 58 52 54 53 57 59 63 66 72 70 69 69 67 65 60 58
    60 62 60 61 62 63 61 61 59 60 57 55 55 55 55 59 63 65 67 72 73 74 70
    67 66 69 70 68 66 69 67 68 64 56 59 60 61 63 61 61 68 69 68 67 64 66
    65 61 62 59 56 59 57 58 56 53 55 59 59 59 60 62 64 62 61 62 60 60 63
    65 65 64 62 62 62 60 60 61 62 64 67 64 63 60 60 62 61 64 64 64 60 65
    61 59 54 56 61 64 58 61 64 65 64 62 66 66 67 68 69 72 69 67 68 66 67
    65 61 65 68 65 63 59 63 64 62 60 63 63 67 65 65 66 66 64 65 67 65 64
    63 61 61 61 57 57 59 57 58 58 59 59 63 60 63 63 64 67 70 68 69 69 71
    68 64 63 64 66 63 61 63 62 62 61 61 61 63 68 67 70 70 69 56 58 64 64
    67 69 72 69 68 63 64 60 63 63 66 60 65 68 70 62 60 54 57 55 50 52 54
    56 60 58 59 63 62 64 65 65 68 64 63 63 64 59 63 62 61 61 64 66 69 65
    67 67 67 62 59 58 59 57 56 55 54 50 52 52 55 58 61 65 71 69 69 68 67
    64 61 59 62 64 62 62 63 63 60 58 55 58 54 53 53 55 56 59 61 63 66 68
    70 71 69 66 66 68 69 65 63 65 61 61 56 49 53 54 56 58 59 61 68 69 70
    68 67 66 64 61 60 57 56 57 57 58 55 52 54 56 56 56 58 61 63 61 60 60
    58 57 61 62 64 62 61 63 64 63 63 61 62 65 65 63 60 60 59 60 58 59 61
    61 56 63 62 60 54 55 58 61 55 56 59 63 62 59 60 60 63 65 66 69 68 68
    69 67 69 68 64 66 70 68 65 60 62 64 64 60 64 67 71 72 70 72 71 69 69
    70 69 70 69 68 68 65 62 60 60 57 56 56 59 58 59 57 60 59 59 62 64 63
    64 67 71 67 64 64 66 66 59 59 61 59 60 61 63 66 67 73 73 74 75 72 58
    61 68 68 67 69 71 68 68 62 65 64 65 65 69 62 67 70 68 64 63 56 58 56
    51 53 54 57 58 57 59 60 64 66 67 68 72 69 70 69 68 61 65 63 62 62 62
    67 71 68 71 71 69 66 61 59 60 57 55 52 52 50 51 50 54 59 64 66 72 71
    69 68 65 61 59 59 61 64 63 62 63 64 59 60 59 59 58 59 57 59 58 60 62
    65 66 66 69 69 68 67 67 67 69 63 62 62 60 59 57 51 54 55 57 57 59 59
    66 66 70 69 69 68 68 66 66 61 60 58 57 55 51 51 51 53 53 54 56 57 58
    59 59 61 59 58 63 66 66 64 62 63 65 63 60 60 59 61 63 60 58 60 57 59
    57 59 62 62 57 65 65 63 57 55 56 61 55 57 60 63 64 64 62 64 65 67 67
    69 68 68 67 66 67 67 66 66 68 68 65 62 61 60 60 56 60 63 65 68 68 70
    71 67 68 70 67 68 68 66 66 64 62 59 60 56 57 58 59 55 58 55 58 59 59
    60 62 61 62 64 69 67 63 64 65 65 58 55 57 57 60 62 65 68 70 73 73 71
    71 69 59 62 68 67 65 67 69 69 70 65 67 66 65 64 67 60 64 66 64 62 63
    57 59 56 53 56 56 55 57 57 58 60 61 61 62 63 66 64 65 65 66 60 62 62
    62 61 63 66 72 69 68 67 65 63 59 56 60 60 56 55 53 51 53 51 52 59 63
    68 74 72 68 67 63 59 57 55 57 62 62 63 64 64 62 63 63 63 60 62 61 62
    60 60 63 64 65 64 65 66 66 64 64 64 65 63 60 57 54 54 51 45 48 49 51
    51 54 55 62 60 65 65 67 65 64 63 64 59 61 59 59 57 53 54 52 52 52 51
    54 57 54 58 57 58 56 54 59 65 65 65 65 68 70 70 67 67 64 66 65 59 57
    57 56 58 57 62 66 67 62 67 69 68 62 59 56 61 54 53 55 57 60 62 60 62
    66 66 66 66 66 65 64 63 66 67 65 63 65 66 63 59 59 59 62 60 62 63 64
    68 66 67 69 66 67 70 66 68 67 63 64 61 60 56 56 55 56 58 60 57 63 63
    67 68 66 67 69 68 69 69 73 71 67 66 65 63 58 56 58 60 64 65 67 70 69
    71 69 68 69 68 65 67 70 70 68 68 68 66 67 64 65 66 67 67 72 65 67 67
    63 60 61 53 57 55 54 55 56 55 59 58 60 62 64 64 65 65 67 65 65 65 66
    62 66 65 65 64 65 68 70 66 67 67 67 67 62 60 63 62 57 57 53 53 57 53
    52 57 61 65 69 66 66 65 64 60 60 59 59 64 65 65 65 63 62 64 61 62 58
    61 61 60 58 59 60 63 62 62 63 63 63 63 62 62 63 61 57 56 54 56 54 50
    51 54 55 52 54 53 59 57 62 59 66 63 63 61 63 60 64 60 60 60 58 60 57
    57 56 55 57 58 55 59 57 58 58 56 60 64 61 61 62 65 68 66 65 68 64 63
    63 59 57 59 59 62 62 63 64 65 59 63 63 63 61 60 55 60 52 53 55 57 58
    62 61 65 65 66 64 66 66 65 63 62 64 66 64 63 65 66 66 63 61 61 63 60
    62 62 61 65 65 65 68 65 66 69 66 65 65 62 62 58 57 52 52 49 50 51 54
    53 59 60 65 64 65 65 65 64 65 65 69 66 62 62 61 58 54 54 56 58 61 63
    65 66 65 67 67 66 68 67 66 67 68 70 66 69 67 65 66 64 63 67 66 67 72
    68 70 69 63 61 63 55 57 56 55 57 57 56 60 60 61 61 64 62 63 62 65 63
    64 63 66 64 67 67 66 64 65 66 68 66 64 66 68 68 63 59 62 59 54 53 49
    51 55 52 53 56 60 64 66 65 63 62 62 59 58 57 57 62 63 64 63 64 65 67
    67 68 65 66 63 62 60 59 58 60 61 61 62 62 62 62 62 60 62 61 58 57 55
    57 57 52 51 55 56 53 55 53 59 56 57 55 60 57 59 57 59 57 61 59 58 57
    56 61 59 61 57 57 59 60 57 60 57 61 60 59 63 63 62 63 61 63 68 67 67
    67 64 63 66 60 57 58 60 62 64 61 62 63 58 62 65 61 58 56 51 55 47 48
    53 57 59 66 66 68 69 68 66 70 66 62 60 61 62 63 60 59 62 65 64 63 59
    59 63 61 63 60 58 64 67 65 67 65 66 70 68 65 66 63 61 58 55 49 49 45
    47 49 52 50 57 61 67 66 64 64 64 62 64 64 68 67 65 67 65 61 57 56 57
    61 63 66 66 67 67 67 67 64 67 68 65 66 68 71 67 68 67 64 65 60 59 62
    63 64 68 64 66 64 59 60 60 54 56 58 57 60 58 58 60 61 61 60 63 61 60
    59 59 56 58 57 59 59 61 63 64 63 66 65 68 68 65 65 67 66 64 58 59 58
    52 52 49 49 54 53 54 57 59 61 63 63 61 60 62 59 59 59 58 61 63 64 64
    64 67 70 69 71 69 73 70 65 61 58 56 56 56 55 57 57 60 63 61 59 61 61
    60 58 55 59 61 58 57 60 60 58 57 56 61 56 56 56 57 56 56 54 57 57 62
    64 64 62 60 64 63 62 57 56 56 57 55 58 56 59 58 56 61 63 61 61 58 61
    66 65 63 64 60 59 60 57 54 56 55 56 62 61 62 62 60 64 69 65 62 56 53
    56 50 49 54 57 59 64 63 63 65 62 59 62 62 57 55 57 59 61 60 59 61 67
    65 67 63 64 67 67 67 65 61 67 69 66 68 66 65 70 67 64 65 59 57 55 51
    46 43 42 47 50 53 53 59 65 69 68 67 63 65 64 64 64 66 64 62 63 62 59
    58 59 60 64 66 68 69 68 69 68 68 65 66 67 70 72 72 76 71 71 68 64 64
    56 55 58 61 62 66 64 68 66 60 60 60 55 57 58 57 57 56 55 57 56 58 58
    61 58 58 61 61 58 59 57 61 61 60 62 64 63 68 67 69 72 69 68 70 68 65
    60 60 60 57 58 54 54 58 57 58 59 58 64 65 64 60 59 62 62 61 63 63 67
    68 67 66 67 68 70 70 72 73 77 73 69 65 63 62 61 59 57 58 58 62 61 61
    61 64 64 63 59 56 58 59 55 56 60 60 60 61 60 65 61 60 60 61 59 57 55
    56 56 60 63 62 62 60 64 61 61 54 54 55 58 57 61 60 65 66 62 65 64 62
    63 60 59 66 64 62 61 58 55 59 56 55 56 56 57 63 60 61 63 60 67 72 69
    68 62 56 60 54 52 54 57 59 64 64 63 65 63 58 59 60 55 53 53 56 59 61
    60 60 67 67 68 65 66 69 70 69 68 61 64 65 63 64 63 64 68 66 65 66 63
    61 56 53 49 47 45 47 51 56 57 60 64 67 68 65 62 61 61 61 62 63 64 62
    68 66 64 64 63 62 65 64 67 66 65 66 67 68 65 66 67 71 73 71 75 72 72
    70 67 66 60 56 61 62 63 66 66 70 69 63 65 63 60 61 61 62 61 59 59 59
    59 61 59 61 57 58 61 60 57 58 59 62 63 61 63 64 63 67 67 69 72 71 71
    72 69 66 61 61 60 59 59 58 58 61 59 59 61 60 62 61 61 58 57 60 61 60
    64 63 67 70 66 65 69 70 75 73 72 76 80 76 72 65 63 64 61 57 54 54 55
    60 61 60 60 65 66 67 61 57 60 64 61 58 61 61 63 62 62 65 63 62 64 63
    62 59 59 60 63 64 67 65 65 62 67 62 63 57 57 59 61 60 65 61 67 68 65
    69 69 65 67 63 61 64 62 58 61 58 55 60 58 55 58 55 56 63 59 60 62 61
    65 68 65 66 62 58 58 54 54 56 60 60 65 67 66 67 66 60 61 62 58 57 59
    59 60 62 61 58 64 64 66 67 67 71 73 72 69 64 64 66 63 65 62 61 64 62
    61 61 60 57 55 51 48 48 47 48 53 57 59 63 66 69 69 65 61 60 60 60 60
    59 62 64 68 67 65 65 65 61 63 63 63 61 61 60 63 64 62 63 67 66 69 66
    71 71 71 69 66 63 58 53 55 58 58 61 63 69 69 65 65 63 61 62 61 60 61
    62 62 63 61 63 64 62 57 58 60 59 58 58 60 64 65 63 67 66 63 69 69 70
    72 69 70 72 69 67 61 61 59 57 58 57 56 60 58 59 60 58 59 59 59 59 59
    62 64 63 65 63 65 67 64 63 66 70 74 71 71 75 78 76 71 65 65 67 64 60
    57 57 57 60 59 57 59 62 63 65 61 55 60 62 58 57 61 59 65 60 60 64 62
    59 62 61 62 59 58 59 63 65 69 69 73 70 75 71 71 63 62 61 62 58 61 58
    61 62 61 64 64 62 63 61 60 60 59 58 60 58 55 59 59 55 59 56 59 65 63
    62 65 62 65 66 65 66 64 59 59 56 56 55 57 58 61 63 61 62 60 56 58 60
    55 55 57 59 59 58 58 59 65 66 67 69 72 75 76 75 71 68 67 68 67 66 64
    64 66 66 65 63 63 61 58 53 49 46 45 47 51 55 59 61 64 68 67 65 61 60
    63 61 59 58 58 59 64 61 63 65 65 62 63 61 62 59 60 61 66 69 72 74 76
    67 69 68 72 74 73 72 67 63 58 55 54 59 59 61 63 69 69 64 62 62 62 62
    59 59 63 66 67 66 63 67 68 64 61 61 63 65 60 60 61 62 63 62 63 65 63
    69 69 68 68 69 69 69 66 64 60 60 57 55 56 58 58 62 60 61 61 58 56 54
    54 56 58 63 66 65 69 68 69 66 61 61 65 68 72 69 70 77 79 77 70 65 66
    66 61 56 54 56 57 59 60 60 63 63 64 65 64 60 63 65 62 61 64 61 66 59
    58 63 63 59 61 60 62 61 59 61 63 66 67 66 71 70 75 73 74 68 67 64 63
    60 61 58 63 63 63 67 66 65 64 60 59 60 57 54 56 55 54 60 59 57 61 57
    60 64 60 60 60 59 62 62 63 63 62 61 62 59 59 57 62 60 60 62 59 58 57
    51 55 57 52 52 55 56 57 57 56 57 64 65 65 67 67 69 69 68 66 64 64 67
    68 67 66 63 66 66 63 62 62 59 58 53 49 47 45 49 52 54 57 56 59 63 61
    61 58 57 61 59 56 56 55 58 66 63 66 68 67 66 66 60 62 61 62 63 66 70
    72 74 75 64 64 63 69 70 73 73 67 65 60 55 55 56 55 56 59 65 66 63 63
    63 65 62 59 59 63 66 67 64 61 66 65 61 57 55 61 63 59 60 60 62 65 60
    61 62 59 65 65 64 67 68 68 69 65 63 59 58 55 57 57 60 59 62 63 64 64
    60 57 56 59 59 63 65 68 70 72 70 69 67 61 61 66 69 71 70 70 77 78 74
    67 63 63 64 59 57 55 55 56 58 61 62 63 67 69 69 69 61 63 64 59 58 60
    57 65 60 61 65 65 63 65 61 64 61 62 64 65 68 71 70 72 70 75 75 75 69
    67 63 64 61 59 56 61 62 64 68 67 70 70 64 64 65 63 58 60 58 59 63 60
    59 63 59 61 64 60 61 60 59 62 61 60 60 59 58 60 57 57 54 57 57 55 56
    56 57 59 56 58 60 56 55 59 59 60 59 57 59 67 66 66 68 70 73 76 71 69
    67 68 67 67 65 66 65 69 66 65 63 61 58 57 52 49 48 47 52 55 57 58 59
    61 64 63 63 58 59 62 62 59 60 60 64 71 67 70 72 69 70 71 65 66 64 66
    67 69 71 74 76 80 67 65 64 68 70 72 71 65 64 59 55 54 55 56 56 57 64
    66 65 65 64 66 63 60 61 64 66 67 62 61 63 63 59 57 55 62 64 61 61 60
    62 64 61 61 62 61 68 68 68 69 71 69 68 65 64 57 57 54 57 58 60 60 63
    65 65 65 61 58 58 58 59 63 65 69 69 71 72 71 70 64 63 68 68 68 65 63
    69 72 70 64 62 63 65 60 59 58 57 57 57 59 63 64 63 64 65 67 59 60 62
    59 59 60 55 64 61 61 64 66 67 71 65 65 62 63 65 63 66 69 70 74 72 75
    77 75 72 70 67 66 61 59 58 59 62 62 66 68 67 67 65 65 64 62 58 61 61
    60 63 63 62 66 61 63 65 61 58 59 58 61 57 57 58 59 58 60 58 59 56 58
    60 56 56 56 58 60 57 58 60 56 54 58 60 61 61 58 60 68 68 66 68 71 76
    79 74 74 73 71 67 67 64 65 61 63 63 64 64 62 58 59 56 54 51 49 54 55
    55 57 57 60 64 63 65 64 64 67 65 60 61 58 62 66 65 67 69 69 70 69 65
    65 67 68 66 69 70 73 75 75 71 69 65 68 70 72 70 65 64 59 56 57 55 56
    56 58 67 70 68 69 67 67 65 59 59 61 65 68 65 64 66 66 62 59 59 66 65
    65 64 63 65 65 60 61 62 62 68 69 70 70 71 70 70 66 63 59 59 58 59 58
    60 61 62 62 60 63 59 57 55 54 57 61 60 63 64 67 69 68 69 63 63 66 65
    65 64 60 65 66 64 60 59 60 64 61 59 61 60 59 57 57 62 62 60 61 64 66
    60 58 59 57 56 56 53 60 60 62 64 67 69 71 69 69 66 68 71 66 68 68 66
    70 68 72 74 73 71 69 67 68 62 60 59 62 65 68 70 70 69 70 68 68 64 62
    61 64 63 64 68 68 68 72 69 71 71 66 64 63 59 60 55 56 57 59 59 64 61
    64 59 61 61 57 54 56 56 59 55 56 58 58 55 58 61 62 61 59 60 65 65 62
    66 69 74 73 71 72 71 67 63 64 62 66 62 63 66 65 66 66 63 65 64 62 61
    57 59 57 56 55 55 56 60 59 63 63 64 66 66 61 64 61 64 68 63 64 68 66
    67 67 63 67 67 68 66 69 70 73 73 76 67 66 62 62 65 68 67 65 66 65 62
    60 56 56 55 56 62 67 68 70 68 69 66 61 60 63 67 70 67 69 71 71 65 64
    65 67 67 66 68 68 68 66 63 61 61 59 64 64 65 66 67 66 65 63 61 56 56
    54 55 55 58 59 61 61 58 61 58 54 54 53 57 63 64 66 67 68 69 70 70 64
    63 65 67 68 66 61 64 65 64 59 57 57 61 58 59 62 62 59 58 58 65 62 58
    60 63 65 60 59 62 60 56 56 55 60 60 59 62 67 68 70 67 66 65 67 70 66
    67 68 67 70 67 69 73 73 70 70 68 69 64 61 60 64 64 68 67 66 66 67 65
    68 62 63 63 67 67 67 68 70 70 72 70 72 73 70 67 64 62 61 56 55 55 59
    61 64 61 63 59 61 60 57 54 58 59 61 58 60 61 61 56 60 61 64 61 57 58
    63 62 61 62 65 71 71 69 69 70 67 66 65 64 65 61 60 64 63 65 65 64 66
    66 63 61 59 60 56 54 53 52 53 56 54 59 60 62 66 66 64 67 64 67 69 64
    64 67 65 65 65 64 67 69 69 67 70 71 72 70 72 67 65 64 63 64 64 66 63
    66 64 61 59 56 55 53 52 57 62 64 66 64 65 62 58 57 62 65 67 66 67 68
    68 61 61 64 63 65 65 67 66 66 64 64 61 62 61 64 64 63 66 65 63 62 61
    60 54 51 51 51 52 54 57 61 63 59 61 58 55 54 53 56 62 63 63 66 65 64
    63 64 62 64 64 66 68 68 65 65 64 64 59 58 57 59 58 59 61 60 57 56 55
    62 60 56 59 61 63 62 60 64 62 59 59 56 57 59 58 61 66 66 68 67 64 62
    62 64 61 62 63 61 66 64 68 71 70 69 71 68 71 66 63 63 64 65 67 63 61
    62 62 60 61 57 60 62 65 63 66 68 71 74 74 73 76 76 72 68 65 64 63 57
    58 57 60 61 66 64 64 59 60 60 56 52 56 61 60 59 62 62 62 57 57 60 64
    62 57 59 63 64 64 62 63 68 69 68 66 65 62 61 59 57 58 57 58 62 62 64
    64 63 64 63 60 59 58 61 56 56 56 55 56 60 57 60 62 63 68 67 63 68 66
    66 70 62 66 67 65 68 68 64 70 70 70 69 69 71 73 72 71 73 70 69 66 68
    66 66 63 68 66 65 64 62 62 60 59 60 63 65 68 64 64 62 59 59 61 60 61
    62 63 63 62 57 59 62 61 62 62 65 65 64 62 62 59 61 62 63 61 60 62 62
    60 59 58 57 54 52 51 52 54 55 60 63 64 63 62 58 57 57 55 57 59 61 60
    65 62 64 65 67 63 65 63 65 66 66 67 67 66 65 60 59 56 54 52 57 58 59
    58 59 61 69 66 63 64 65 65 64 60 62 63 60 58 57 56 61 61 61 67 69 70
    70 67 64 65 66 64 64 63 58 62 59 63 65 66 66 71 68 73 69 66 67 69 69
    69 65 65 64 63 60 61 60 63 62 65 65 68 68 70 71 71 72 73 72 68 66 63
    61 58 54 56 56 56 58 64 63 64 60 60 59 57 54 58 61 60 57 59 59 59 53
    53 57 63 61 56 57 61 63 62 60 60 65 66 64 61 61 58 58 55 53 56 55 57
    60 60 64 64 64 66 66 65 65 66 68 62 63 62 59 60 62 57 60 62 62 67 66
    62 68 68 68 71 66 67 67 67 69 69 66 70 71 74 73 72 70 71 71 73 74 72
    71 67 68 65 67 64 68 68 66 67 64 63 62 60 62 64 67 70 66 65 64 59 58
    58 57 58 60 62 61 62 57 58 62 61 58 61 63 64 65 63 63 63 62 61 61 59
    59 61 60 60 60 61 58 54 54 55 55 55 56 62 65 66 66 64 61 59 60 58 59
    58 59 58 65 61 61 63 66 65 67 63 63 64 63 61 61 61 61 58 56 55 55 54
    58 58 60 59 60 59 65 62 60 58 61 61 59 55 58 60 59 56 55 55 60 62 62
    67 70 72 75 72 66 68 69 66 64 64 58 61 57 59 61 61 60 65 66 72 68 66
    68 69 69 66 61 59 59 60 58 56 56 61 64 67 67 69 70 74 75 73 74 76 77
    74 71 70 69 65 59 58 58 56 55 60 60 63 62 60 61 60 57 63 64 63 63 65
    66 64 56 56 59 62 62 58 61 66 68 65 65 65 70 72 69 66 68 65 63 57 52
    54 54 55 57 58 62 65 65 65 63 65 65 67 68 64 65 65 63 62 64 60 63 65
    65 68 67 65 68 69 70 70 66 69 68 69 70 70 69 73 72 75 74 74 72 74 71
    73 76 75 76 70 71 66 67 66 67 66 66 64 63 63 64 63 64 68 72 75 70 68
    67 62 58 59 57 55 58 59 58 60 54 54 62 58 58 60 60 61 63 58 60 60 62
    64 63 60 62 63 59 57 56 59 55 50 52 56 55 54 55 63 65 64 63 62 60 59
    58 58 58 60 59 58 63 60 60 65 66 65 66 61 61 62 60 60 62 65 66 64 62
    59 59 59 58 58 63 61 64 60 64 65 61 56 60 57 57 56 56 60 61 57 57 56
    58 59 59 65 69 71 76 74 69 71 70 67 65 63 58 61 57 58 59 61 61 66 70
    77 74 74 73 74 73 66 58 55 54 55 54 54 53 60 61 65 66 67 69 75 75 74
    75 74 74 73 72 69 69 65 61 63 61 56 56 59 60 64 62 60 62 61 60 65 63
    61 59 59 62 61 53 52 56 59 61 58 59 61 63 61 63 61 62 65 64 62 64 61
    64 61 56 57 57 58 61 61 66 67 67 68 68 70 67 69 70 68 67 66 60 63 64
    61 65 68 69 71 68 64 65 63 64 64 63 66 65 67 69 66 67 72 71 73 72 72
    72 72 68 67 82 83 83 77 78 69 70 68 65 64 62 59 59 57 58 58 60 65 69
    74 70 68 69 61 56 56 56 55 59 59 61 63 59 57 62 57 55 59 57 60 61 57
    56 59 58 60 57 55 58 61 57 55 55 57 54 49 52 57 58 57 58 65 67 64 61
    60 61 59 59 59 59 60 57 55 60 57 56 60 59 60 63 59 61 64 63 63 67 70
    69 66 64 59 60 60 58 58 63 62 67 64 66 65 64 60 62 58 59 56 57 62 63
    59 60 59 62 62 60 63 67 67 72 72 67 69 68 68 66 63 56 58 53 55 54 59
    59 65 68 77 75 73 70 73 71 66 57 54 55 59 55 54 56 62 65 68 68 69 71
    75 74 71 71 68 71 73 71 69 70 66 64 65 63 59 59 61 60 62 60 56 56 56
    57 63 62 61 61 60 62 60 54 54 54 56 61 59 59 60 60 61 63 59 58 59 59
    58 58 55 61 59 57 58 59 61 65 63 67 70 69 70 70 70 70 72 72 69 69 67
    62 63 61 59 62 64 65 67 64 63 64 63 64 64 65 70 68 68 71 69 69 70 68
    69 70 70 71 73 71 71 83 84 85 81 81 72 72 68 64 62 60 57 58 58 57 60
    60 63 68 72 69 70 68 61 59 57 56 53 57 57 59 61 58 58 63 58 59 63 59
    61 60 57 57 57 57 59 55 54 57 61 61 60 59 62 59 53 54 58 58 57 58 65
    68 66 64 62 65 66 66 66 64 64 63 59 62 58 58 61 58 57 59 54 57 59 57
    60 67 69 69 64 63 60 58 56 54 52 59 59 64 63 65 67 68 65 65 60 60 58
    58 62 62 61 64 65 67 66 65 68 71 69 70 72 66 67 64 65 63 64 59 62 57
    60 60 62 62 65 69 79 76 72 72 72 70 65 56 54 55 57 53 55 56 62 63 67
    66 66 64 68 66 63 62 62 64 69 66 65 68 66 64 65 62 60 60 60 59 61 62
    58 58 58 60 65 64 64 65 64 67 63 56 57 55 56 61 57 59 63 64 65 66 60
    58 61 58 56 57 55 62 63 58 59 61 63 68 65 68 70 69 67 65 66 65 66 70
    69 69 68 63 64 64 60 62 64 65 68 63 63 62 62 65 65 67 72 68 72 73 69
    66 65 65 64 63 64 64 68 67 64 81 83 83 83 81 75 74 70 66 63 62 58 59
    58 58 58 58 61 65 70 67 69 71 66 63 61 59 57 59 57 57 58 58 55 61 57
    57 61 57 57 58 55 55 55 56 60 58 58 60 62 64 62 61 65 62 56 59 61 59
    57 56 64 67 66 65 65 66 67 63 63 61 57 55 53 55 53 53 55 54 53 57 52
    53 55 55 60 66 66 68 65 62 60 57 54 51 49 56 58 64 65 68 73 73 70 70
    65 62 61 58 63 65 63 63 65 66 70 66 67 69 67 69 71 65 66 64 63 63 63
    58 61 59 62 60 62 63 64 66 73 70 68 69 68 68 62 56 55 58 58 54 53 56
    60 60 63 63 64 65 70 68 65 63 62 63 66 61 61 65 64 63 63 62 60 59 57
    56 59 62 57 57 56 59 63 63 63 64 65 67 65 59 58 57 56 59 58 62 63 63
    62 65 59 58 58 58 55 57 56 62 63 60 61 64 67 70 68 68 67 66 65 63 64
    66 67 73 71 72 72 67 66 67 65 69 68 67 68 64 62 59 56 58 59 60 63 63
    69 71 69 64 65 63 63 60 60 62 66 66 65 79 83 81 80 80 74 71 71 67 66
    65 61 61 60 60 60 59 62 67 71 71 70 70 65 62 58 58 56 59 58 61 61 62
    58 62 57 58 61 58 59 62 58 59 57 57 60 57 56 60 60 64 62 61 64 63 58
    61 63 62 59 59 61 65 64 63 62 64 66 67 64 62 59 57 56 57 55 58 60 57
    56 59 54 55 54 54 58 67 69 70 65 64 64 60 56 53 53 60 62 65 67 69 74
    75 73 71 68 62 59 56 58 58 58 59 63 64 66 64 65 67 62 63 68 66 65 65
    63 64 64 58 60 59 61 60 64 66 65 67 72 69 69 68 68 69 66 60 60 61 63
    57 57 58 63 63 67 66 65 66 70 65 62 60 57 60 65 60 61 65 63 65 64 62
    61 60 58 56 58 61 56 55 57 57 63 61 63 64 64 64 63 58 59 58 56 59 59
    65 66 64 61 63 60 59 57 56 56 57 57 63 65 63 65 67 69 72 68 66 63 63
    64 64 63 65 66 70 68 69 67 65 65 65 65 71 70 71 68 65 64 61 56 57 56
    60 62 63 67 66 66 62 62 62 60 60 62 63 67 67 64 73 79 79 79 78 74 74
    76 70 67 65 62 60 60 58 59 59 63 67 72 71 71 68 65 61 59 60 56 58 57
    59 61 62 56 60 58 61 63 58 56 61 59 61 57 59 62 60 60 62 62 67 64 64
    68 66 61 62 61 60 58 54 57 62 63 62 62 63 64 64 61 57 56 55 56 58 58
    58 62 59 59 61 57 59 58 58 60 66 69 69 64 65 64 62 59 52 52 58 58 61
    63 66 70 71 69 69 67 62 59 59 59 58 57 57 62 62 62 63 65 67 62 61 65
    65 62 62 61 63 63 59 59 62 62 63 65 68 66 67 71 69 67 68 67 69 68 62
    59 59 61 58 57 58 64 66 70 68 65 68 69 64 59 56 54 58 60 57 58 65 65
    67 65 64 64 64 61 57 59 63 60 61 62 62 68 66 69 68 65 65 66 62 63 60
    58 62 62 65 64 62 61 63 60 61 59 60 60 60 61 65 68 69 69 69 71 72 66
    62 59 58 59 58 59 63 65 68 69 70 68 65 65 64 64 69 67 69 69 66 65 62
    57 58 57 59 62 64 68 68 67 64 66 65 59 58 60 61 65 63 59 73 79 78 79
    75 71 68 70 65 61 59 54 53 55 52 54 54 57 63 70 67 68 67 66 63 61 58
    57 58 55 55 58 59 56 60 58 63 64 58 54 60 59 62 59 62 66 65 64 64 64
    71 65 66 70 70 64 62 60 60 59 56 56 60 61 60 60 59 60 61 58 54 53 53
    54 55 55 59 62 61 62 63 62 65 61 63 66 69 72 72 66 68 66 66 64 57 55
    59 57 61 63 64 68 70 72 72 69 65 63 61 63 60 60 60 64 64 65 64 66 66
    61 58 62 63 61 61 61 66 67 64 63 65 64 66 66 71 67 67 70 70 67 68 65
    71 71 67 65 67 67 62 62 63 67 68 70 69 66 65 66 61 58 54 51 56 57 55
    55 59 61 63 62 62 62 64 61 58 61 62 59 62 62 62 66 64 67 68 63 64 67
    64 63 62 61 64 63 63 61 61 61 60 59 60 58 59 59 57 59 64 67 71 72 72
    72 73 66 63 58 58 59 61 63 66 65 66 68 67 64 59 59 59 59 63 64 64 65
    65 65 65 58 56 57 59 57 62 64 66 66 64 66 66 58 57 57 59 61 59 54 73
    77 74 76 73 71 68 69 66 64 62 57 56 55 53 52 51 51 57 64 62 65 65 66
    66 64 61 62 62 59 57 60 63 59 62 60 63 65 59 55 59 59 64 61 64 67 66
    65 62 62 70 64 66 67 69 66 63 61 60 61 59 58 62 62 61 61 56 57 59 54
    51 48 50 53 55 54 60 58 59 62 62 62 65 64 68 68 68 71 69 65 63 62 62
    63 58 58 61 62 64 67 69 72 72 74 73 71 68 65 63 63 59 62 65 68 69 69
    70 72 70 63 60 62 63 61 60 61 64 65 63 63 64 64 64 65 68 63 62 65 63
    62 65 64 69 70 69 69 73 71 66 66 66 69 69 68 68 65 62 64 61 58 57 56
    61 63 58 55 59 60 60 56 58 61 63 63 62 63 66 64 66 67 65 68 69 72 72
    69 67 69 67 65 64 65 66 65 67 65 65 65 63 65 67 64 66 65 63 65 68 70
    74 73 71 69 69 61 57 55 53 57 60 62 66 66 64 67 67 65 62 60 59 60 62
    61 61 62 64 66 65 60 57 59 60 58 62 65 66 68 65 66 67 59 58 60 61 64
    63 59 63 67 65 67 63 65 64 66 66 64 65 61 60 60 57 56 55 51 56 61 60
    63 63 66 66 68 64 62 63 59 55 58 58 53 58 56 61 63 58 55 61 60 66 62
    65 69 67 66 61 59 65 61 62 65 67 67 63 62 60 60 59 59 61 64 63 62 57
    56 55 52 49 46 48 52 57 56 61 60 61 65 65 63 63 64 67 67 66 69 67 66
    63 63 63 62 56 56 59 60 62 67 70 74 75 74 75 70 67 66 64 61 60 62 65
    67 65 67 69 73 71 66 65 67 66 64 61 58 60 59 59 62 64 63 66 66 69 62
    59 59 59 60 65 65 70 71 73 76 78 73 67 69 66 66 63 61 62 60 58 62 63
    63 63 63 67 67 64 62 63 62 62 60 61 63 62 63 64 65 68 67 69 71 68 69
    70 70 68 64 63 67 67 64 66 69 67 68 69 66 69 67 63 69 72 69 71 70 70
    73 72 72 73 72 69 66 63 58 56 54 52 55 57 62 66 64 62 66 64 64 59 57
    59 61 63 64 65 65 70 68 66 62 58 58 58 53 58 60 60 61 60 64 67 60 59
    62 64 66 63 59 59 63 62 64 59 60 62 66 66 64 65 61 60 57 54 53 54 51
    56 61 59 62 65 68 65 68 65 67 67 61 56 59 58 53 55 54 59 61 59 56 62
    62 66 61 65 67 67 65 61 59 64 59 59 62 64 64 61 62 63 64 63 60 62 65
    63 59 52 49 52 50 46 43 46 52 58 58 62 62 64 68 68 66 66 66 70 71 69
    72 69 68 65 64 64 65 59 61 63 64 66 70 72 74 72 71 73 67 64 64 64 63
    61 63 64 65 61 63 64 66 62 60 62 65 66 64 62 61 63 59 59 59 63 61 64
    66 68 62 60 57 60 62 65 65 69 71 73 74 74 71 68 69 68 67 65 64 65 64
    63 66 69 70 70 67 72 72 68 65 64 62 64 62 63 64 60 62 62 62 64 65 68
    71 69 68 68 68 65 60 59 63 67 64 66 69 66 67 67 62 65 64 60 68 71 67
    70 70 69 73 71 70 73 71 68 62 60 55 51 51 49 54 58 62 68 69 64 67 67
    67 62 57 57 60 62 61 62 61 68 66 67 61 57 55 58 54 59 57 60 64 64 67
    68 62 65 65 65 66 64 59 62 65 66 67 63 62 64 66 65 62 61 58 59 55 54
    56 57 55 59 61 61 62 63 65 63 66 64 67 65 58 52 57 54 51 51 52 58 61
    59 58 63 63 68 66 68 68 68 64 62 59 60 56 57 59 60 61 57 59 62 64 62
    61 62 65 62 59 52 49 51 50 47 45 47 52 59 58 60 60 61 68 67 67 67 66
    69 70 67 72 68 68 67 67 67 68 60 60 63 61 63 66 65 66 67 66 67 62 60
    61 63 59 57 59 62 62 59 60 61 65 63 61 64 67 65 65 62 60 64 59 58 60
    62 61 65 67 69 65 61 61 63 64 62 62 65 68 71 72 73 73 69 71 70 68 65
    63 65 63 63 64 65 68 69 65 71 69 68 66 64 64 66 65 67 66 64 68 66 67
    66 66 70 72 69 69 67 67 64 57 58 61 64 63 65 68 68 67 66 62 64 64 61
    66 70 68 69 70 70 72 71 69 71 72 68 64 61 56 54 54 49 53 56 62 67 68
    64 72 69 68 64 58 59 60 58 59 61 59 64 63 66 61 58 56 58 56 60 56 60
    63 65 70 73 68 70 69 68 68 63 59 61 61 63 67 64 64 67 67 64 62 61 59
    58 55 56 59 61 58 58 62 58 59 61 63 60 66 65 69 67 60 53 57 54 52 53
    56 62 65 63 60 63 64 64 65 66 68 71 69 64 63 61 58 57 59 58 59 59 61
    63 66 63 65 63 64 62 59 52 49 48 49 46 44 46 51 57 59 59 62 63 69 68
    67 67 68 70 70 66 71 67 65 65 62 64 67 59 61 65 64 66 69 66 68 67 64
    65 59 59 60 63 61 62 62 65 64 60 60 60 62 61 62 65 67 65 66 64 62 67
    62 61 62 62 62 67 67 67 64 65 63 64 63 60 61 63 63 66 68 69 70 67 70
    71 68 65 61 63 62 60 60 63 67 70 67 72 70 72 69 67 67 68 67 70 67 66
    68 66 67 67 66 70 71 69 69 66 67 64 59 60 61 64 65 65 68 68 66 66 63
    65 65 63 68 71 69 70 72 72 74 75 74 72 72 67 61 57 53 53 55 51 56 60
    67 72 72 70 74 71 70 64 58 59 57 58 59 61 60 65 64 69 65 62 60 62 59
    62 59 63 66 68 71 74 71 71 70 70 70 65 63 66 64 63 66 64 64 65 62 62
    62 59 58 57 55 57 59 61 60 59 60 58 60 63 63 62 68 68 73 71 65 59 59
    55 53 53 54 56 60 62 61 64 63 63 67 68 68 71 68 65 64 60 56 54 54 54
    58 60 64 68 70 69 70 64 63 61 57 53 52 51 50 48 46 46 49 52 54 57 57
    59 65 65 65 65 63 68 68 66 70 66 65 67 65 67 69 62 65 67 65 67 68 67
    68 68 68 70 63 63 64 66 63 61 63 66 66 63 65 66 65 62 63 66 66 63 64
    63 60 65 60 60 60 58 58 63 64 63 61 63 63 64 65 59 63 63 61 65 67 66
    69 64 68 69 64 59 58 61 61 60 63 69 75 77 74 77 77 76 72 67 66 66 66
    69 68 65 69 67 68 67 64 65 66 66 65 62 64 63 59 60 60 64 64 64 67 66
    65 66 65 67 65 65 67 68 68 69 71 74 74 74 74 72 70 65 61 59 58 58 61
    57 62 65 69 73 73 69 72 69 69 66 59 59 60 62 64 65 63 66 66 70 64 61
    59 63 61 64 59 64 66 69 71 74 72 71 71 70 68 63 63 64 63 63 66 63 63
    69 66 65 65 63 64 63 58 62 63 66 63 60 59 59 58 62 64 63 69 70 74 73
    66 61 59 57 56 55 57 60 65 67 67 69 67 65 68 68 68 70 69 66 63 58 54
    52 50 51 58 61 66 69 71 70 69 62 62 60 57 56 56 55 55 51 48 47 50 51
    53 55 55 58 63 63 62 60 60 64 63 63 66 63 64 65 63 65 65 60 67 68 68
    68 71 72 70 69 68 69 64 64 61 65 60 60 62 64 65 66 66 70 68 65 64 67
    67 63 64 61 58 64 59 59 58 56 58 63 64 61 59 62 62 63 65 61 64 62 59
    62 64 62 63 60 66 67 62 58 56 58 60 59 60 68 72 75 73 74 74 73 70 66
    65 65 65 68 70 66 69 65 65 65 61 60 62 64 62 61 63 60 60 60 57 64 67
    65 69 68 66 70 67 67 63 64 63 64 64 66 67 72 73 74 76 71 71 67 65 64
    61 62 66 61 66 66 69 75 76 72 75 75 75 74 68 66 67 67 67 68 63 64 65
    70 67 64 62 66 64 66 60 62 65 67 69 71 71 73 73 73 72 69 70 61 59 61
    65 65 66 71 69 68 65 61 63 60 56 60 63 67 67 62 62 64 60 65 65 65 71
    71 72 72 64 61 56 54 54 52 57 61 64 69 71 73 73 69 71 73 71 72 71 67
    65 60 56 54 54 52 59 61 65 68 68 65 64 57 58 55 51 53 54 54 55 50 48
    49 49 49 52 54 58 58 61 64 61 57 57 58 59 62 65 64 66 70 70 70 70 63
    67 70 66 65 69 69 68 66 67 68 64 63 60 66 60 61 62 62 63 62 64 68 64
    61 63 68 67 62 64 61 60 65 59 60 58 55 59 64 65 64 61 65 65 65 66 62
    64 62 58 61 61 59 60 58 64 67 62 60 60 60 59 60 59 65 69 70 70 73 74
    75 73 69 69 68 70 69 70 65 68 64 62 61 59 57 58 59 58 55 57 56 57 60
    58 64 69 69 71 71 68 71 70 68 64 65 63 64 61 62 63 69 67 68 70 67 68
    67 66 68 66 65 67 63 64 64 65 73 75 75 77 77 77 75 70 68 67 68 67 68
    63 63 63 69 67 65 63 67 65 66 61 63 64 67 69 69 71 71 72 70 69 65 68
    66 65 64 70 69 70 74 72 70 71 64 66 63 58 61 63 65 68 63 65 67 64 67
    66 65 69 68 70 70 66 63 60 59 61 60 64 66 66 70 72 73 72 67 70 73 72
    73 73 70 69 65 61 58 56 54 62 65 67 70 72 69 68 61 58 56 53 52 55 56
    57 55 55 54 54 52 55 56 59 58 61 63 64 58 57 58 60 62 63 61 62 65 64
    64 63 61 65 68 67 67 69 70 67 64 67 68 65 65 61 65 63 62 61 59 60 61
    64 66 64 61 63 66 65 61 64 61 63 68 64 65 61 59 63 66 64 62 59 65 66
    64 67 63 67 65 61 62 63 59 63 60 67 70 65 61 64 64 64 63 61 67 71 69
    69 70 70 73 68 67 69 69 70 68 67 64 66 61 59 56 54 54 55 56 55 52 58
    58 58 63 61 64 70 68 71 71 67 70 69 68 63 65 62 61 60 60 61 66 63 66
    70 66 70 70 68 71 70 66 68 64 65 66 68 74 78 78 80 81 82 79 74 70 68
    67 65 63 58 58 59 64 63 61 62 66 67 70 66 70 71 72 73 70 71 71 70 68
    68 67 72 64 62 61 66 69 71 74 72 70 71 64 63 59 56 61 62 63 66 64 67
    69 64 67 67 69 72 70 70 71 66 66 60 59 60 63 65 66 66 70 72 72 70 66
    70 73 71 71 71 68 67 64 60 60 59 58 66 68 68 69 68 66 66 59 56 56 55
    56 57 57 59 57 56 54 53 50 53 53 58 56 61 64 66 61 62 61 61 61 62 60
    60 63 61 62 62 59 62 66 64 66 69 73 70 67 69 70 69 69 64 68 66 63 61
    58 58 61 62 66 66 63 65 65 61 58 61 59 61 65 61 63 62 58 59 62 60 59
    57 59 59 57 60 58 63 61 58 61 64 62 63 61 66 69 65 62 62 63 62 62 60
    65 68 68 68 69 71 75 69 69 69 70 70 66 65 65 64 62 59 56 53 54 55 57
    55 53 58 59 59 63 63 63 70 70 73 74 70 72 73 71 65 67 62 61 60 61 60
    65 61 64 67 62 64 65 65 68 68 68 69 66 68 68 70 73 75 77 78 76 78 78
    76 74 72 72 70 66 61 59 60 64 65 63 65 66 65 66 65 67 68 68 70 70 71
    72 71 70 72 72 78 60 59 56 61 62 66 69 67 67 71 64 64 58 57 62 63 63
    65 63 69 69 62 63 64 67 69 64 63 68 66 66 60 60 60 65 65 67 68 71 73
    75 72 67 69 71 71 70 69 65 65 61 57 57 58 60 68 71 70 70 68 67 66 58
    56 57 56 59 60 60 62 61 60 59 56 54 57 59 64 63 68 71 71 65 66 65 62
    62 62 59 58 60 57 61 61 59 65 68 66 70 71 75 73 68 71 73 70 71 67 71
    70 69 66 63 63 63 63 67 64 62 62 63 58 56 57 57 62 65 59 63 60 57 58
    59 58 59 58 61 62 60 63 63 67 67 62 65 65 61 61 60 65 68 64 65 65 64
    62 60 59 67 69 72 73 73 75 79 70 70 67 69 70 66 66 66 64 65 62 57 53
    53 55 56 53 51 58 62 63 66 67 68 74 74 78 77 74 74 74 74 68 67 63 61
    62 62 60 65 61 63 66 61 63 64 62 65 65 68 68 67 69 70 73 75 76 77 74
    74 75 75 75 72 71 74 74 68 63 61 63 67 68 64 68 71 69 71 67 67 70 69
    68 70 69 73 72 71 72 74 77 64 61 58 62 62 65 64 63 65 67 61 63 57 55
    59 57 56 58 58 66 67 62 64 66 70 69 61 60 63 61 61 58 59 60 64 65 66
    64 65 68 72 69 64 65 67 68 67 66 63 63 62 59 58 60 62 69 69 69 70 70
    67 64 58 57 56 55 56 56 58 62 62 61 57 55 55 57 58 62 61 67 68 69 61
    62 60 59 59 60 56 57 59 58 62 62 60 67 68 66 70 71 75 72 67 72 73 70
    69 65 69 66 65 63 59 62 63 64 69 68 65 66 65 61 59 62 59 64 65 58 62
    61 57 57 58 58 60 57 59 59 58 62 64 67 65 61 64 66 61 61 59 64 66 63
    62 62 63 61 60 61 71 74 76 76 77 80 81 69 69 66 66 67 63 62 63 61 63
    59 54 50 52 54 57 53 53 60 65 63 67 66 66 72 72 75 75 72 71 72 73 67
    68 66 63 66 66 62 68 63 62 66 61 65 67 66 68 70 72 71 69 67 68 71 73
    72 75 74 75 76 76 75 71 70 71 70 64 59 55 59 61 63 61 64 68 67 70 68
    71 74 73 72 72 70 74 73 72 74 77 81 61 57 57 61 60 62 63 62 63 65 61
    60 56 52 58 59 57 58 58 67 71 62 65 66 68 69 61 59 64 60 62 60 62 63
    65 66 69 67 66 66 70 69 64 63 64 67 68 66 63 64 66 64 63 64 65 71 71
    69 67 67 64 64 59 59 60 59 59 60 60 65 64 64 61 60 61 64 62 66 64 70
    70 69 59 64 60 57 57 56 54 56 53 52 58 59 60 66 69 71 75 76 78 75 68
    70 68 68 67 64 69 67 67 63 60 61 61 62 66 68 69 69 70 67 65 66 61 64
    65 59 64 65 62 63 63 63 65 61 61 60 57 62 65 66 66 63 66 69 63 61 60
    63 66 64 64 63 63 63 60 58 65 67 70 70 72 76 79 69 70 67 67 67 63 61
    63 61 62 59 54 51 55 55 56 52 53 59 63 60 66 65 65 71 72 76 75 71 72
    73 74 70 68 70 67 68 65 60 63 61 60 62 56 63 68 67 67 67 69 69 66 63
    64 69 71 71 75 74 74 74 73 72 70 65 65 65 60 57 54 55 59 63 60 64 66
    64 66 65 67 69 68 69 69 68 75 72 74 75 78 83 60 56 56 60 61 65 64 61
    63 65 60 57 54 51 57 59 57 59 60 69 71 63 65 65 67 67 61 58 61 58 60
    59 58 58 63 63 65 63 63 66 70 70 67 66 67 71 72 70 68 70 69 70 69 71
    70 75 73 72 69 68 65 65 62 62 62 61 62 61 61 63 64 66 62 61 63 66 63
    66 65 71 71 71 63 67 63 61 61 61 57 58 55 54 58 58 58 62 65 67 72 74
    76 77 70 72 70 69 67 66 69 68 65 62 58 57 55 56 59 63 64 64 67 65 64
    66 62 64 63 57 60 64 62 62 62 63 66 63 62 60 58 63 65 65 66 62 66 68
    62 63 62 62 64 62 62 61 60 60 60 60 65 68 73 74 75 78 78 71 70 65 66
    66 61 60 62 60 63 60 55 51 54 56 55 53 55 60 65 63 66 68 65 68 68 72
    72 69 68 72 73 73 72 75 73 73 69 65 64 62 59 58 56 63 66 65 64 65 67
    67 65 64 68 73 73 71 75 73 72 70 68 69 68 62 62 62 57 57 52 53 55 58
    57 62 62 61 64 64 68 68 67 69 68 68 76 73 74 75 79 82 59 55 57 60 58
    59 61 57 59 61 57 54 56 52 58 59 58 60 62 68 70 64 65 64 65 64 58 56
    57 55 59 60 61 61 65 66 67 65 62 64 69 68 66 64 62 69 70 67 66 67 69
    72 72 73 74 78 78 76 72 69 69 68 64 65 65 66 65 63 63 66 66 65 61 60
    62 65 64 65 66 73 73 75 68 69 67 65 63 61 54 53 51 47 52 52 55 60 63
    65 72 72 74 74 69 69 68 67 67 67 67 65 62 59 56 54 51 52 55 58 60 59
    61 61 60 62 60 61 62 57 57 62 60 59 60 60 63 63 60 58 59 64 64 63 66
    65 68 68 62 63 62 61 63 61 62 59 60 61 62 61 66 69 75 72 74 76 75 70
    69 65 68 66 61 59 63 59 61 58 57 54 56 56 58 56 60 63 67 64 64 67 63
    64 64 67 69 68 66 70 73 74 73 75 72 73 71 65 63 63 63 62 57 63 67 65
    60 60 65 67 64 62 66 70 71 68 72 70 71 69 69 71 69 61 61 61 57 58 51
    53 57 58 57 63 61 62 63 63 67 67 65 67 67 66 73 71 73 75 78 80 57 54
    55 57 55 57 60 57 61 61 57 54 56 52 58 60 60 62 63 69 68 62 62 60 63
    61 55 55 56 54 59 59 62 62 66 68 68 67 63 65 67 67 67 64 61 68 69 68
    65 66 69 72 72 72 74 76 74 72 67 62 63 60 58 60 61 62 62 60 62 64 63
    60 58 57 60 61 61 63 67 75 74 74 71 73 70 68 65 65 60 59 56 53 57 59
    61 65 68 70 76 74 74 73 69 69 66 64 65 65 66 64 60 60 58 55 52 53 55
    59 59 58 61 61 60 62 61 60 61 56 56 60 56 55 57 59 62 63 61 61 63 66
    67 62 65 62 66 63 58 59 61 60 64 63 66 64 62 62 61 60 63 65 72 72 74
    77 74 70 68 65 64 63 59 60 62 59 61 61 60 56 55 57 57 58 61 63 67 69
    68 71 67 70 70 72 73 72 69 74 73 75 72 72 71 70 66 59 57 60 58 57 55
    61 66 65 60 61 68 70 69 65 66 70 72 66 71 67 69 69 69 72 72 62 62 64
    61 63 54 56 60 62 60 65 63 63 62 61 63 63 60 64 65 66 72 70 73 76 75
    76 61 59 59 59 55 56 58 57 61 62 60 59 62 57 63 64 65 66 65 67 68 62
    62 60 59 59 53 52 51 50 53 57 58 59 64 65 67 67 63 67 71 72 71 69 66
    73 72 70 65 66 67 69 67 67 67 70 70 70 67 63 66 63 62 65 64 64 63 59
    60 61 60 59 57 58 62 62 62 64 67 73 73 73 71 73 71 69 68 68 62 61 58
    54 57 59 60 63 66 69 74 73 69 70 70 68 66 63 62 65 64 61 57 57 56 54
    51 53 55 59 61 61 65 64 64 65 62 60 61 57 56 58 55 56 59 61 66 68 68
    67 69 71 70 64 65 61 65 63 56 59 61 61 65 65 66 67 62 61 62 62 63 66
    71 74 76 75 70 67 67 64 60 57 56 58 61 58 59 63 62 58 55 55 55 58 61
    63 67 69 68 69 64 65 67 68 71 71 71 75 74 75 72 73 71 71 65 61 60 64
    63 61 59 68 71 70 62 61 69 69 66 59 61 68 73 66 70 70 75 75 73 71 72
    63 62 61 59 62 56 58 61 61 61 64 64 66 65 64 66 63 62 63 62 62 68 69
    74 75 75 77 65 61 61 61 56 56 57 55 59 58 59 57 64 58 61 60 62 64 65
    63 66 63 64 63 61 60 57 56 56 56 59 62 63 64 65 67 67 67 64 68 70 72
    71 69 67 72 71 72 69 68 70 72 72 71 68 70 71 70 68 63 64 62 60 61 59
    60 61 57 60 61 59 57 54 55 60 58 56 60 63 68 70 69 70 73 72 74 71 69
    63 64 59 55 55 59 61 64 66 70 76 75 71 70 71 69 66 65 63 64 62 59 54
    56 54 51 50 51 53 60 61 60 66 64 66 68 64 59 61 58 59 60 56 57 62 62
    66 68 67 64 66 67 65 59 58 57 63 64 59 62 66 65 67 66 64 64 61 59 60
    61 61 65 69 71 72 73 68 66 65 62 58 55 54 56 59 58 58 63 66 62 60 60
    59 62 64 64 66 66 66 67 61 61 60 62 64 66 66 70 71 73 70 73 70 70 64
    60 59 64 61 59 59 68 70 70 63 63 68 68 63 56 58 62 67 61 66 67 73 70
    68 65 68 60 58 57 57 60 58 58 58 58 60 64 64 63 62 62 64 61 59 60 57
    57 63 65 69 71 72 75 63 60 59 59 57 55 58 58 62 60 62 59 68 63 65 65
    69 69 69 65 67 64 62 60 59 60 59 57 56 57 61 62 61 62 65 66 67 68 67
    70 71 72 75 73 70 72 71 70 67 64 66 68 68 68 67 70 73 72 69 65 67 67
    63 64 64 64 66 63 64 65 61 57 57 55 59 57 55 60 64 69 73 70 72 75 72
    73 71 68 64 64 60 56 57 57 60 63 64 66 72 70 70 68 69 67 66 65 66 68
    63 60 56 59 59 54 50 55 55 61 60 59 62 59 58 60 57 52 56 55 59 60 57
    59 64 62 64 64 63 62 65 64 62 56 58 57 65 61 60 63 68 66 69 67 68 66
    63 63 63 63 60 62 66 67 67 67 64 62 59 57 56 52 53 56 60 62 63 66 70
    67 65 62 60 63 64 63 62 63 65 68 64 63 61 66 69 71 68 71 73 75 70 69
    67 65 62 56 54 60 60 57 60 65 70 71 64 63 67 66 64 59 62 66 71 64 67
    67 72 68 66 64 69 63 61 60 60 62 61 60 59 60 62 68 67 66 62 63 62 58
    55 55 52 53 58 59 61 62 62 61 65 62 59 58 55 53 54 54 60 57 60 58 68
    63 63 60 64 65 66 60 61 62 61 62 60 59 59 58 56 60 61 61 62 63 67 69
    68 70 70 75 73 74 77 75 73 72 69 70 68 63 63 64 66 69 67 69 71 70 69
    65 66 64 59 59 60 58 62 58 61 62 59 54 54 51 55 52 49 57 62 66 73 72
    73 78 75 79 77 73 67 67 64 58 57 57 59 62 63 63 69 68 67 67 69 67 68
    66 68 68 62 58 54 58 58 53 49 53 52 58 55 53 56 53 54 60 56 51 56 54
    59 59 53 56 64 61 65 65 64 62 66 62 58 51 53 54 64 61 63 67 75 72 72
    69 67 64 61 58 60 61 60 64 68 68 68 66 63 60 57 55 54 52 54 57 63 65
    66 70 75 72 69 66 64 66 67 66 65 66 67 71 66 62 61 66 68 71 65 67 71
    71 66 64 61 62 60 55 54 60 59 56 60 65 67 67 62 63 67 63 60 55 60 63
    66 59 62 63 68 63 62 59 65 63 61 61 62 61 62 61 59 61 63 69 71 67 64
    63 61 58 53 52 50 48 53 56 57 60 61 59 68 67 62 59 55 52 53 53 59 57
    62 61 71 66 64 60 66 67 69 61 63 64 63 63 60 59 60 58 57 60 61 61 62
    63 67 67 67 70 72 77 77 75 76 73 71 69 64 65 63 59 59 59 60 64 61 64
    67 67 68 65 66 65 60 62 62 59 63 56 58 61 56 51 52 50 56 53 49 58 64
    66 73 71 73 79 76 80 77 72 66 65 62 54 53 54 56 60 62 63 70 69 66 67
    70 69 69 67 68 70 64 60 57 59 59 55 51 55 52 61 58 58 60 55 56 61 55
    50 56 54 59 57 54 56 65 63 67 69 67 64 66 61 57 51 51 54 64 63 64 68
    78 76 74 73 69 68 64 58 60 63 60 65 68 70 70 68 65 59 58 55 53 49 52
    54 64 64 65 71 76 74 72 67 65 67 66 65 63 62 64 66 61 58 60 64 67 71
    68 68 72 69 65 62 58 59 59 54 56 62 60 58 59 63 66 64 60 62 67 62 59
    51 54 58 63 57 62 64 71 69 66 59 65 65 64 62 63 61 66 66 63 63 66 70
    74 71 67 66 62 60 55 50 47 43 49 53 53 56 59 58 68 69 61 57 54 53 54
    56 60 59 64 63 71 66 65 61 68 68 70 62 62 61 57 59 57 55 56 57 59 65
    65 66 67 68 73 72 72 73 73 77 74 72 73 70 69 68 64 66 65 60 60 61 59
    62 60 61 64 64 65 63 64 63 59 61 62 57 62 54 57 59 56 51 53 49 56 51
    46 56 61 66 73 69 73 81 77 81 78 74 71 69 65 57 55 58 58 61 63 66 74
    72 69 69 72 71 70 67 67 68 63 63 57 62 61 58 56 60 55 65 61 63 66 59
    59 64 57 52 55 54 60 57 54 55 63 60 64 64 66 63 64 62 60 53 51 53 62
    64 64 66 77 78 76 75 71 72 67 60 60 65 62 66 66 70 70 68 63 57 58 55
    51 48 52 54 62 62 63 70 73 71 69 66 62 65 62 63 61 62 66 67 64 63 65
    70 71 73 68 69 72 66 61 59 57 57 54 51 52 59 56 52 57 63 64 66 62 68
    73 67 65 58 60 65 68 61 64 64 70 70 65 58 66 66 65 64 66 63 68 66 62
    66 67 69 74 70 68 64 60 58 52 47 45 42 48 52 53 58 59 57</data></your_img>
</opencv_storage>
