<?xml version="1.0"?>
<opencv_storage>
<norm_v>1.0256046996772197e+03</norm_v>
<input type_id="opencv-matrix">
  <rows>256</rows>
  <cols>256</cols>
  <dt>u</dt>
  <data>
    160 71 161 17 98 86 0 0 160 71 161 17 98 86 0 0 46 61 28 72 44 126 0
    4 86 94 98 103 67 32 47 59 55 66 51 115 5 38 14 86 92 102 83 38 83
    24 37 53 98 2 23 35 53 23 48 79 57 94 108 101 100 60 29 70 105 59
    118 97 62 60 31 116 98 1 0 48 109 36 98 25 98 77 23 75 24 122 53 56
    1 83 8 39 94 12 4 39 87 17 30 124 42 62 114 126 45 85 78 20 58 12 3
    113 60 31 108 95 95 49 117 99 0 64 107 17 115 73 16 109 82 95 92 78
    101 4 5 20 91 84 19 63 108 0 1 10 21 37 35 94 89 59 107 24 74 101
    112 27 111 81 15 64 115 25 31 22 111 47 48 35 6 53 81 30 118 100 67
    26 98 96 25 98 18 20 85 103 74 79 73 93 95 57 34 53 40 74 1 3 117
    127 107 30 5 102 82 124 22 54 98 73 16 63 111 70 103 68 118 68 15 82
    53 80 39 93 50 89 45 115 52 69 3 67 41 72 17 94 13 15 40 72 46 39 4
    77 121 75 60 69 32 86 50 63 42 112 123 58 59 86 114 63 78 17 89 108
    114 112 96 61 13 23 95 54 112 62 125 18 68 81 83 63 84 50 121 81 39
    5 103 9 37 20 112 44 111 107 3 102 32 51 27 40 115 18 85 100 13 71
    66 103 34 15 20 81 10 127 34 122 95 12 101 43 38 20 98 33 115 112 96
    125 93 70 32 60 32 124 12 56 85 54 120 107 5 78 76 111 80 89 53 80
    61 12 106 74 12 28 47 5 91 23 35 8 111 7 10 33 95 108 74 43 43 21 18
    25 86 66 116 5 58 100 76 21 101 127 110 64 70 116 68 38 64 33 15 116
    107 9 32 87 49 73 119 6 66 24 39 95 119 34 34 21 48 73 61 92 45 6 29
    102 30 122 6 50 4 23 2 41 57 55 123 85 11 14 27 33 119 7 109 3 6 89
    54 42 27 69 94 28 86 11 24 100 49 93 31 30 96 124 53 100 3 85 55 113
    5 28 120 61 73 69 8 5 86 8 98 5 114 87 24 1 65 4 97 60 75 85 30 97
    78 123 126 6 100 14 45 22 50 53 8 87 12 19 106 5 126 126 88 101 73
    26 111 0 93 25 112 50 73 86 49 122 33 49 93 30 71 59 69 117 93 50 62
    45 73 92 85 14 16 71 97 93 51 48 35 0 11 41 116 14 36 28 115 15 116
    29 65 126 74 125 40 29 102 91 99 28 59 40 113 68 26 126 84 58 3 94
    113 107 40 82 53 73 31 76 7 8 100 112 46 127 90 63 90 34 57 24 78 33
    71 17 111 116 10 90 106 91 83 107 89 51 83 15 14 64 21 14 104 37 58
    116 108 115 83 91 8 3 92 111 0 93 112 115 73 83 87 74 120 65 89 33
    64 37 13 114 79 36 83 117 58 67 111 35 1 119 4 73 24 106 27 25 64
    121 125 87 57 72 20 4 23 52 24 10 69 104 2 0 56 10 125 21 72 105 81
    21 72 105 120 63 53 22 79 77 118 11 101 90 80 114 100 58 48 40 122
    25 114 23 95 84 78 38 15 22 30 71 108 57 47 55 83 95 25 35 119 55 75
    70 2 25 104 60 86 88 50 21 15 3 99 74 22 62 109 61 28 114 115 0 105
    9 105 58 105 12 6 39 123 106 0 92 105 63 83 116 23 113 116 105 8 25
    12 85 0 28 94 79 38 21 75 85 39 124 26 84 47 32 45 2 120 6 81 78 80
    105 83 116 114 16 81 90 78 114 94 77 99 55 80 71 29 103 13 31 31 28
    48 39 27 98 127 107 34 98 48 22 110 1 42 104 40 18 68 85 70 73 9 118
    52 42 65 17 78 77 109 49 33 22 28 11 87 109 89 24 98 50 72 17 79 53
    45 56 42 118 22 27 122 93 126 58 117 29 1 37 49 25 15 50 60 76 71 81
    42 6 97 110 125 95 115 89 33 4 55 31 75 86 32 8 93 7 15 39 112 19 57
    119 117 127 0 74 69 96 9 12 8 60 86 110 64 86 11 8 44 124 65 40 78 5
    90 78 88 98 73 106 65 81 85 99 121 56 86 116 52 12 112 15 23 103 58
    114 105 119 103 61 9 38 5 23 109 12 94 10 25 33 60 0 49 84 127 87
    125 12 3 125 83 46 97 98 66 108 89 52 110 70 49 56 33 51 31 11 52 4
    28 117 42 60 77 97 32 17 1 105 75 113 101 24 109 44 95 62 24 88 19
    51 84 126 105 117 64 79 94 46 113 66 34 17 40 113 111 28 83 31 46 96
    0 35 11 127 12 15 14 91 69 48 90 26 23 106 28 44 94 10 91 101 37 103
    79 63 60 79 6 125 30 1 13 98 121 50 21 93 22 86 6 116 120 121 104
    116 3 5 30 62 95 48 87 31 51 109 12 106 16 100 72 89 49 9 122 39 98
    43 113 78 14 72 61 69 106 123 22 26 81 4 122 59 47 13 120 63 15 86
    93 58 71 123 75 1 86 82 81 16 98 28 15 43 28 115 2 57 77 114 20 29 0
    9 88 119 8 13 62 9 16 20 87 100 20 100 64 48 120 15 71 125 116 114
    16 34 47 1 16 104 66 55 92 84 104 121 86 57 58 75 54 33 87 86 27 103
    32 4 51 66 57 93 14 53 100 4 7 41 67 101 7 126 41 119 107 21 103 15
    53 102 55 9 69 43 93 123 26 36 102 92 27 123 75 70 28 101 104 62 86
    36 14 99 70 113 110 1 93 52 103 89 75 127 59 3 32 29 106 74 71 65 12
    82 58 8 119 19 122 65 75 3 97 122 42 82 84 30 9 60 24 96 69 87 28 14
    76 126 56 8 68 19 11 111 77 38 105 18 124 45 44 78 120 88 83 57 47
    31 79 123 90 85 5 44 52 110 108 118 64 26 87 106 102 86 122 12 31 54
    14 116 120 48 60 30 35 78 92 55 2 7 116 114 58 122 7 51 99 118 3 53
    92 0 21 69 87 105 79 93 87 7 89 78 23 119 53 115 108 80 72 65 112 59
    107 2 9 44 38 113 115 77 21 118 39 80 33 12 28 73 56 112 80 26 82 33
    83 72 27 74 33 87 115 102 61 35 83 126 37 100 14 16 61 87 6 87 71
    107 66 25 127 86 118 96 37 73 35 13 47 103 37 48 73 119 126 36 114
    39 53 23 64 50 124 15 102 33 47 73 14 56 45 73 81 24 49 72 9 102 13
    86 7 99 57 91 11 47 2 93 122 23 19 60 124 57 10 17 56 54 25 112 28
    20 98 69 54 124 83 31 18 114 15 70 51 67 87 119 26 127 47 58 63 27
    39 64 106 84 126 26 44 51 13 61 3 26 5 32 42 17 56 121 81 21 88 38
    83 78 120 88 100 0 74 110 25 41 39 12 93 115 43 17 27 6 120 1 38 11
    9 82 125 68 117 116 68 23 24 126 61 119 104 105 80 115 40 19 78 99
    65 80 77 25 55 127 89 123 53 102 67 28 19 113 33 66 117 51 80 49 58
    35 117 105 63 81 76 45 7 65 89 85 74 23 104 74 100 81 43 99 95 28
    115 1 53 94 53 21 115 67 72 32 70 47 66 80 10 10 98 76 11 113 31 93
    7 46 57 65 44 6 70 117 106 109 96 45 53 41 25 112 117 61 124 117 49
    121 111 34 119 38 102 85 124 46 61 14 27 50 4 104 67 46 3 112 63 37
    96 1 54 62 69 91 103 124 2 121 90 52 92 15 40 15 41 23 11 94 89 127
    77 108 6 113 16 61 20 82 126 117 17 126 1 94 57 40 18 98 104 118 38
    42 66 10 74 100 16 81 30 89 53 101 57 13 59 7 5 114 73 75 118 16 89
    115 105 62 9 75 105 3 95 42 11 102 30 62 7 120 17 24 36 57 15 69 1
    95 49 57 93 40 51 11 110 13 38 27 5 55 56 49 68 74 3 38 90 14 38 106
    71 19 8 63 82 45 78 54 18 5 94 47 91 86 62 75 13 97 90 65 30 8 89 69
    110 125 49 64 2 93 120 39 59 113 63 122 25 62 66 81 101 37 31 20 42
    29 118 93 118 59 15 96 18 10 116 21 106 59 79 31 116 96 67 93 47 35
    87 109 116 27 35 4 19 60 49 118 57 109 41 125 113 101 123 121 13 26
    86 96 92 123 17 57 28 69 111 91 44 55 73 120 30 63 99 102 121 99 76
    110 109 94 35 112 73 70 47 5 64 83 9 14 110 107 40 119 71 64 0 118
    101 82 3 67 31 97 116 24 71 78 8 65 119 6 30 54 1 62 88 37 66 126
    119 36 125 84 37 31 3 15 116 3 1 59 73 115 75 27 116 115 55 64 119
    52 84 92 45 79 35 82 87 14 78 28 50 114 121 5 126 113 89 115 9 43 56
    77 19 12 8 120 38 16 96 69 58 10 21 108 54 100 37 33 35 31 117 80 30
    92 127 34 123 52 124 35 59 14 21 112 17 46 19 108 122 11 33 126 109
    41 45 28 83 57 65 39 54 99 68 124 98 91 9 96 46 79 33 96 73 107 126
    13 41 84 105 2 90 116 90 5 60 73 37 51 9 50 92 17 67 56 67 19 48 88
    48 22 17 5 125 8 51 21 11 122 120 122 63 7 120 65 57 101 23 14 62 47
    105 70 82 39 109 44 74 56 27 116 4 20 81 100 73 119 44 40 52 28 110
    5 47 61 45 25 45 103 16 50 104 47 39 98 34 49 78 52 91 90 80 127 61
    104 55 89 66 34 115 90 12 115 83 22 73 45 102 108 127 15 67 100 59
    43 41 64 73 112 68 107 80 21 30 18 12 66 77 35 53 126 71 5 85 4 18 8
    102 59 102 59 110 87 101 7 75 78 109 77 36 103 122 96 73 40 73 71 51
    69 122 73 112 68 4 120 106 38 41 75 57 116 106 119 86 46 5 34 125
    112 53 124 58 99 45 57 18 7 47 125 81 51 68 75 87 52 40 48 32 102
    108 54 72 93 123 124 118 126 20 27 122 108 38 3 77 48 13 19 65 48
    100 122 36 85 39 114 95 114 78 23 55 51 95 13 100 5 46 1 68 24 26 70
    73 31 127 127 2 24 52 114 122 115 35 20 57 64 112 54 65 20 24 67 35
    120 47 74 53 120 30 46 44 89 68 71 8 33 89 35 55 58 85 127 65 35 44
    94 80 77 43 45 47 10 75 4 89 53 60 101 125 115 48 71 43 63 51 64 88
    123 89 109 71 58 104 85 24 53 116 123 50 122 3 56 91 66 27 34 113 5
    112 18 30 122 45 22 38 39 104 80 51 115 48 116 94 88 23 4 74 52 58
    61 116 124 125 20 52 123 73 93 3 12 47 85 41 27 78 56 75 71 100 83
    16 1 8 121 87 86 34 99 62 115 87 112 122 75 22 87 49 69 2 59 103 116
    8 39 35 7 55 19 3 125 0 5 39 73 92 33 97 75 5 112 115 62 16 23 89
    102 50 98 106 19 39 31 75 96 88 42 104 85 91 77 122 39 64 69 104 90
    84 103 2 13 51 10 97 21 55 48 24 120 96 74 40 103 18 9 61 44 48 101
    17 53 109 70 42 17 106 5 95 118 4 106 59 25 71 94 50 92 92 113 98 94
    83 115 13 115 26 115 15 92 69 98 53 56 112 105 10 9 17 13 64 10 94
    104 6 21 46 5 97 53 30 25 32 1 56 78 78 11 8 59 91 95 109 96 115 1
    110 22 60 9 79 57 31 48 99 26 104 82 6 72 104 16 126 2 81 8 6 9 63
    53 105 55 48 42 34 37 69 90 49 65 86 0 88 6 81 102 24 25 63 87 108
    55 121 63 80 90 121 111 57 82 56 91 49 112 85 14 10 72 94 52 75 50
    61 71 74 65 25 95 91 24 62 87 28 68 113 115 111 15 98 58 44 119 61
    24 96 36 36 53 79 25 83 105 103 99 33 55 116 33 12 3 124 42 34 113 6
    32 110 93 62 78 90 97 103 47 119 51 86 120 14 6 7 96 2 70 19 76 32
    56 35 75 17 97 86 36 70 22 117 118 21 35 88 123 55 96 8 84 16 37 77
    115 25 46 70 125 79 13 41 59 76 52 90 28 13 43 109 55 8 66 77 127
    116 85 106 60 99 11 50 99 98 87 124 74 14 17 70 107 26 0 56 42 21 27
    40 30 45 20 119 123 58 89 23 94 52 37 12 4 112 27 20 99 38 71 99 27
    119 120 82 45 80 127 71 100 126 88 119 50 83 107 84 46 47 57 125 73
    84 124 77 52 27 121 6 71 126 79 116 38 38 125 70 92 3 126 32 113 57
    10 11 14 44 106 29 123 74 12 120 25 30 69 46 70 30 26 116 31 125 32
    52 21 67 44 121 46 36 20 6 10 27 80 68 91 109 118 57 58 72 42 91 20
    52 20 23 114 3 18 97 124 38 43 115 70 114 104 69 50 17 4 75 4 124
    103 116 7 12 109 21 60 18 86 126 64 15 70 5 53 2 106 62 118 20 116
    115 124 70 39 41 11 113 21 85 122 13 88 95 121 61 83 71 118 22 66 52
    116 32 25 99 101 18 70 92 62 122 32 64 75 119 71 20 94 87 99 125 71
    1 119 116 98 123 89 81 14 10 21 39 63 66 11 52 36 53 76 43 30 120
    127 2 122 119 127 127 18 117 87 48 68 68 102 35 34 117 34 120 114 16
    13 59 2 9 17 127 104 52 3 106 41 108 88 52 126 15 95 80 4 21 44 80
    116 119 65 8 65 25 65 8 49 73 38 3 57 29 46 17 115 50 97 67 30 49 23
    110 85 126 77 76 52 58 46 77 56 42 54 98 5 4 45 56 34 50 99 80 63
    118 108 74 43 41 17 124 8 93 5 45 107 73 77 68 93 100 2 117 106 1 89
    89 85 82 19 104 95 69 121 77 80 61 127 30 119 26 123 76 89 2 25 87
    81 6 70 123 28 48 101 18 118 94 25 68 60 108 23 62 35 48 46 125 6 44
    99 106 78 122 21 65 117 44 27 107 59 61 118 85 0 68 127 77 124 19
    117 104 1 49 75 72 121 103 59 111 45 69 87 71 93 7 102 47 54 123 28
    77 76 66 8 8 75 38 118 115 33 74 71 81 88 10 92 50 89 27 18 42 38 85
    86 100 55 44 18 60 101 30 87 65 75 85 64 75 23 110 2 91 43 120 104
    35 35 54 104 17 6 108 16 89 70 36 24 29 47 15 13 18 94 123 37 34 20
    79 0 118 103 59 83 8 46 126 77 120 8 105 55 80 46 68 58 57 52 3 113
    9 11 95 40 69 32 119 81 97 3 67 53 19 92 120 58 30 68 120 106 105
    114 27 60 23 72 57 16 12 75 12 9 46 20 53 121 87 90 38 120 20 64 20
    81 84 32 1 25 53 117 13 94 119 14 123 118 5 23 4 102 84 97 47 6 19
    51 54 67 26 124 91 49 87 67 122 23 87 32 73 92 79 96 91 87 75 38 108
    116 127 38 56 126 7 87 110 109 9 20 99 64 89 17 20 19 83 55 38 88 90
    113 6 39 112 103 9 60 127 111 107 72 11 68 23 47 103 29 71 127 103
    100 127 120 96 87 51 109 1 122 100 21 67 18 108 57 76 66 9 54 24 96
    99 89 88 103 10 38 18 42 90 53 56 27 78 2 71 120 55 115 115 8 22 41
    88 18 90 43 109 73 77 22 37 35 72 77 10 47 32 126 27 106 126 32 40
    31 26 7 10 100 11 103 64 86 127 121 101 75 51 113 41 68 40 112 97 15
    25 1 82 58 92 5 46 15 24 80 67 95 111 60 59 74 15 107 46 46 106 68
    21 14 82 54 85 30 92 61 76 45 12 10 122 104 78 23 8 16 109 79 8 73
    84 49 28 27 88 89 71 61 44 61 109 0 41 46 45 49 31 109 107 21 20 100
    90 33 87 0 114 9 36 41 123 31 18 74 66 27 93 22 100 77 91 79 18 18
    120 14 11 26 93 80 67 81 31 99 85 45 22 103 106 33 108 127 22 115 95
    61 85 31 87 27 48 116 69 39 64 124 73 55 10 110 92 79 114 92 88 78 1
    99 59 110 119 97 6 61 36 116 58 10 51 100 110 7 43 30 85 54 120 59
    122 124 46 69 43 89 33 58 125 119 19 3 123 107 111 48 93 48 76 71 9
    69 14 31 46 81 59 49 52 121 42 59 34 27 14 37 76 82 100 63 70 67 2
    120 81 66 109 44 4 114 57 114 75 116 104 121 85 118 70 88 39 67 96
    112 71 5 63 93 122 67 41 91 72 66 67 38 32 44 0 106 2 90 13 109 54 6
    111 55 100 12 76 12 81 107 37 55 67 60 9 99 113 125 110 126 98 72 2
    52 71 95 105 33 20 68 94 122 117 117 37 30 61 20 88 18 50 79 40 37
    117 77 125 40 18 6 44 26 111 59 67 88 126 0 1 11 126 92 6 39 3 5 55
    16 51 79 94 4 69 30 22 25 81 79 78 14 121 92 26 105 95 84 34 121 30
    56 64 51 61 65 101 125 46 43 19 6 110 84 46 108 51 27 16 47 46 33 63
    65 118 9 24 43 41 3 58 126 8 20 11 43 46 43 95 114 103 43 27 77 42
    56 58 107 107 42 53 125 102 124 79 42 112 28 92 120 113 103 97 31 95
    107 7 29 90 93 59 16 28 10 9 120 103 64 100 96 44 120 68 117 95 78
    111 31 93 91 95 9 83 123 63 67 37 57 44 120 18 98 68 113 117 20 47
    97 58 91 18 116 114 74 3 85 96 0 13 1 99 124 51 124 86 127 3 122 51
    93 50 14 11 41 55 35 55 43 55 85 55 25 13 59 64 113 33 5 76 24 26 58
    106 51 55 125 69 74 120 126 44 62 120 59 83 70 53 58 18 14 100 1 21
    4 58 99 83 99 41 70 89 69 99 78 84 52 31 6 105 58 32 91 92 88 112 68
    16 34 49 3 121 72 106 122 99 80 46 38 104 78 116 14 32 75 27 55 113
    69 83 96 104 36 13 18 101 69 20 93 110 120 1 40 42 27 27 97 119 61
    46 82 101 93 52 126 37 95 103 113 35 50 113 32 90 59 27 8 31 3 113
    100 62 86 110 66 62 96 118 32 41 96 38 62 93 32 93 71 125 33 33 107
    21 86 81 22 98 81 91 20 45 2 73 46 35 29 126 63 94 18 2 33 45 27 16
    15 7 123 10 7 5 11 39 62 79 117 46 110 60 43 55 53 45 92 28 25 0 63
    106 114 51 125 47 122 65 44 98 75 127 112 9 56 45 125 16 36 95 2 73
    6 42 97 76 91 87 4 29 54 37 105 65 7 58 113 125 37 53 41 44 46 30
    105 19 51 114 108 71 113 31 103 2 52 125 15 20 122 35 84 29 83 96 72
    73 43 83 22 69 121 67 92 96 55 0 69 40 45 36 66 43 93 115 5 61 126
    98 87 72 83 77 124 71 89 0 113 19 83 49 120 95 59 28 40 80 26 3 75
    113 12 2 117 6 17 18 91 52 30 91 126 101 123 6 115 4 38 49 2 24 108
    88 24 8 118 106 52 6 5 20 109 46 79 44 109 111 118 23 15 0 30 99 65
    93 84 59 79 103 46 13 64 2 116 121 102 47 29 91 101 18 116 68 81 77
    0 121 89 93 103 62 118 39 50 93 59 68 124 28 10 33 39 46 104 56 22
    51 96 20 90 50 60 21 21 57 17 17 66 26 34 72 56 122 120 28 26 121
    101 36 97 40 79 116 77 20 127 51 76 50 63 6 34 83 16 19 42 87 91 44
    104 0 103 101 82 89 119 111 40 23 55 84 76 109 87 24 61 56 95 103 83
    48 53 100 92 36 15 90 105 3 28 6 54 85 72 74 76 15 84 123 47 39 70
    76 42 41 14 64 95 55 119 53 92 44 48 19 66 15 55 68 7 91 7 103 30
    127 14 111 7 102 35 42 116 59 70 86 2 105 86 86 3 107 85 59 80 14 97
    65 18 17 64 44 12 115 107 100 105 89 44 16 89 13 12 25 21 9 102 84
    100 90 116 109 119 119 37 90 95 33 18 32 59 72 105 16 87 113 75 22
    65 33 76 108 57 97 64 9 70 57 68 81 9 28 48 37 67 27 94 41 33 75 123
    25 42 55 28 1 112 65 124 2 85 39 113 111 96 102 44 118 112 3 36 99
    55 110 58 101 83 53 106 33 47 12 50 28 98 35 117 111 40 91 57 25 110
    72 11 70 44 77 119 26 121 30 93 9 22 33 14 86 29 37 120 3 75 123 111
    71 121 49 87 111 110 13 68 91 61 31 21 80 37 39 12 31 58 110 124 50
    98 81 90 11 122 116 96 35 54 14 9 51 90 40 40 70 19 29 29 54 14 19
    55 97 117 117 71 90 77 62 71 76 5 32 49 26 52 24 50 40 66 33 3 95
    103 82 101 86 114 64 1 81 118 121 27 98 44 38 39 41 62 23 102 80 26
    50 122 97 16 115 53 52 13 46 17 22 120 58 37 115 99 30 76 63 101 49
    113 12 59 20 103 45 120 10 70 30 89 24 120 69 67 87 89 123 34 92 27
    57 99 119 96 58 64 52 47 72 26 46 105 44 99 75 34 83 25 80 16 85 114
    108 52 51 75 2 85 84 52 69 34 54 122 48 95 105 79 96 82 13 94 76 53
    126 107 32 79 32 58 8 10 25 38 25 82 94 60 25 66 44 20 56 68 77 57
    108 103 15 92 43 125 107 125 116 97 34 107 112 121 51 7 7 54 63 72 0
    37 54 12 120 18 50 33 103 109 75 83 98 113 71 65 25 5 7 85 39 66 100
    102 67 42 63 121 24 6 23 91 89 113 18 126 28 7 28 81 82 44 2 18 52
    127 97 4 75 119 16 64 6 83 119 107 89 49 122 85 10 49 38 2 9 41 27
    11 19 29 63 116 30 62 126 95 37 16 12 87 34 97 112 116 110 79 110 4
    102 115 126 98 80 27 27 39 68 96 87 81 59 27 72 46 13 97 20 46 92
    111 9 3 25 66 98 121 17 117 26 62 8 8 101 54 94 107 112 76 9 8 120
    75 76 119 116 44 80 82 51 62 95 24 30 57 91 32 108 80 80 110 41 120
    81 100 121 92 86 29 126 42 49 107 82 38 28 113 108 97 16 69 39 85 20
    20 88 0 71 42 106 7 41 56 31 41 64 13 83 59 4 99 35 12 56 92 75 33
    58 97 122 65 90 76 67 114 116 47 122 91 118 4 26 2 92 115 42 11 79
    116 37 54 109 73 82 77 79 7 12 50 103 99 92 109 62 99 27 15 68 32
    102 66 7 7 43 17 86 91 7 73 60 20 57 41 96 57 89 102 38 122 71 126
    111 95 79 117 29 92 102 70 55 17 36 61 38 91 49 113 126 113 77 1 95
    86 2 57 89 35 66 109 126 126 16 40 86 75 59 98 66 58 42 28 122 98
    123 47 122 109 110 61 24 20 5 11 34 23 63 110 80 106 76 50 4 30 51
    79 58 79 89 85 70 120 84 14 82 61 27 18 14 51 43 110 42 121 19 103
    43 59 124 76 91 1 101 31 10 13 63 98 80 124 105 60 77 100 70 26 69
    92 72 18 117 125 41 120 87 124 126 88 111 19 40 11 122 115 8 104 19
    104 7 76 11 88 24 68 51 7 65 125 63 37 58 21 103 10 117 29 79 119 52
    117 88 104 99 3 120 74 89 19 63 75 103 1 62 56 103 81 103 18 108 50
    6 47 32 102 96 44 29 36 111 36 22 46 26 9 75 127 22 74 59 55 100 83
    39 106 68 56 25 35 80 97 28 100 24 124 119 41 17 27 123 75 112 39 93
    124 69 114 88 49 12 43 57 17 6 62 101 0 76 17 67 1 113 94 24 53 119
    77 47 86 41 77 24 107 114 36 117 79 61 13 25 105 97 68 91 17 113 43
    107 43 12 109 59 95 107 24 13 5 105 119 39 0 64 80 118 22 24 90 100
    46 24 124 41 118 46 34 34 82 65 50 34 121 1 38 28 113 77 26 126 21 8
    70 95 76 117 107 30 22 12 89 111 6 111 94 76 112 52 100 42 56 119 37
    108 94 52 71 68 90 43 96 93 80 16 1 112 111 13 58 85 91 50 105 59
    120 50 118 49 42 77 99 10 120 82 32 45 28 60 20 43 56 119 80 75 103
    98 110 2 70 98 64 71 1 63 59 99 120 125 55 89 77 66 119 40 11 82 68
    41 0 85 42 91 15 85 12 51 66 103 74 51 118 118 48 78 80 59 31 34 52
    61 79 123 5 103 124 83 82 110 38 59 60 85 123 51 16 31 56 35 115 37
    71 65 87 88 4 110 114 101 97 12 70 124 70 119 73 9 48 14 18 54 52 23
    52 62 36 28 19 47 18 127 75 73 23 105 70 110 116 122 68 39 37 68 4
    40 116 85 85 44 101 88 55 79 23 126 3 17 109 58 0 28 95 62 62 88 97
    116 17 6 92 84 29 115 49 26 103 64 21 3 84 66 50 98 51 105 70 0 81
    43 7 54 36 126 12 31 5 49 59 123 27 86 114 12 27 123 54 37 31 111 64
    33 71 4 84 61 91 24 67 85 31 105 7 37 78 57 113 40 4 64 52 98 4 17
    82 32 34 38 55 69 80 69 74 25 107 108 84 40 22 37 48 36 74 107 99 82
    124 9 91 4 27 9 39 92 38 50 24 60 12 74 13 53 65 90 97 73 17 44 42
    22 17 66 13 122 36 81 12 86 22 126 96 10 75 98 51 127 82 105 64 10
    104 71 102 38 32 67 64 107 37 54 21 107 24 87 97 44 96 17 13 74 13
    51 101 21 84 5 107 62 56 35 37 29 12 123 1 85 32 32 97 31 10 106 34
    0 14 94 61 55 80 44 46 102 82 72 55 44 92 94 0 60 20 21 38 46 36 120
    21 31 41 107 105 33 81 63 27 104 6 87 20 30 91 0 98 96 81 124 58 92
    60 73 94 34 90 19 102 108 114 110 35 110 111 64 69 63 122 37 58 15
    53 101 41 108 51 13 66 47 63 68 81 69 101 52 107 90 49 26 2 126 8 60
    41 79 20 91 33 55 91 4 91 86 36 111 20 7 37 34 1 110 56 3 11 85 103
    58 29 10 70 8 47 95 60 82 19 125 102 57 68 66 107 91 69 19 86 116 94
    80 63 95 4 52 49 33 31 31 94 92 13 27 61 40 91 67 81 36 43 28 81 90
    118 119 13 67 127 14 121 20 67 111 24 120 100 79 40 78 70 47 15 88
    31 36 50 47 3 64 64 25 50 113 118 75 7 65 49 36 75 93 24 4 13 88 70
    117 115 21 125 65 24 127 102 46 87 89 97 90 96 15 116 112 84 106 118
    55 90 107 40 18 76 23 57 121 16 34 45 62 91 40 8 59 105 2 30 122 42
    52 48 110 76 54 80 32 30 122 52 102 89 97 31 52 96 10 2 56 119 12 25
    7 123 86 101 11 124 23 15 75 23 89 61 60 29 101 103 13 88 7 99 91 51
    114 10 25 81 63 61 100 63 61 25 118 119 9 15 123 98 70 45 47 5 5 66
    97 103 94 81 50 63 20 10 112 99 112 5 122 83 100 0 124 87 36 62 50
    91 124 112 81 43 80 21 34 91 27 58 17 71 11 29 74 112 74 121 91 27
    58 43 106 52 125 47 74 9 97 92 44 90 114 101 82 111 117 47 68 71 3
    79 21 107 68 64 88 12 17 22 92 58 28 33 118 118 49 72 107 127 8 55
    47 83 18 58 94 30 30 45 61 98 51 119 71 67 72 46 5 124 99 11 15 67
    43 70 63 75 0 58 87 23 95 2 111 97 10 79 21 17 97 62 88 28 91 4 88
    107 70 95 55 98 69 81 120 23 62 77 95 95 40 125 74 98 112 34 112 47
    40 72 20 71 53 119 38 80 45 55 51 34 87 43 84 66 93 16 82 14 75 50
    107 74 5 53 31 37 109 25 113 3 119 45 15 98 40 12 25 80 117 18 79 63
    27 13 54 111 7 104 92 11 113 93 57 28 2 83 97 107 30 25 117 109 21
    38 108 49 81 38 67 103 1 37 104 18 34 115 71 44 67 106 85 79 95 111
    127 13 47 27 14 94 107 4 61 24 127 2 88 117 62 79 46 17 54 126 1 77
    65 64 35 88 73 118 6 89 53 37 59 63 50 114 54 96 90 18 59 106 22 100
    123 66 23 19 34 78 36 116 115 114 3 85 62 126 82 97 89 108 112 121
    90 92 99 20 34 27 82 52 31 3 91 46 17 28 87 82 32 77 105 37 96 92
    127 75 40 30 27 74 107 84 72 13 14 103 38 57 117 112 96 96 23 49 73
    103 93 75 26 62 78 21 14 114 91 121 98 22 118 117 120 58 50 92 49 71
    126 28 27 110 67 22 59 29 125 78 50 1 35 47 9 7 113 12 10 118 11 88
    7 50 76 76 47 53 31 54 95 22 5 55 86 68 103 0 63 26 123 123 95 57 49
    62 6 34 8 49 126 109 103 45 49 88 61 24 47 117 23 53 94 42 83 81 87
    50 18 90 49 35 70 86 34 111 96 114 20 125 101 96 30 1 89 63 74 116
    64 25 98 22 87 70 62 37 78 37 96 50 113 93 29 9 107 71 17 17 70 0 42
    111 98 8 6 7 111 112 105 61 127 51 86 104 72 30 68 121 67 94 68 45
    33 32 102 100 114 43 63 23 64 106 0 38 66 8 11 20 33 68 52 42 71 68
    17 40 119 52 127 45 42 56 23 117 17 69 103 9 55 112 24 55 83 87 33
    60 25 111 110 10 42 46 61 107 44 60 50 38 77 75 14 121 65 120 93 88
    119 85 47 76 117 74 22 63 29 13 123 55 77 35 2 113 35 62 46 13 107 5
    64 87 123 84 85 48 21 52 55 124 46 23 119 57 9 27 4 5 94 88 95 0 3
    92 50 83 86 109 119 98 15 106 73 16 2 59 101 90 3 14 93 79 43 90 18
    68 97 36 69 25 79 44 40 30 117 87 116 95 58 44 99 56 62 31 76 2 46
    91 127 47 84 87 104 30 6 40 21 76 23 26 65 115 6 16 46 44 80 49 106
    96 70 67 12 63 109 119 109 65 114 75 113 77 10 117 63 73 40 43 104
    48 29 26 116 37 27 62 50 17 111 83 71 124 32 31 66 98 86 35 34 6 77
    10 40 35 31 70 40 88 119 11 60 67 102 107 9 73 97 121 105 79 3 120
    120 82 2 94 124 13 27 104 127 84 69 33 22 20 60 7 125 126 107 19 13
    71 27 106 79 91 15 89 50 2 94 78 42 11 85 104 88 35 120 54 66 114 81
    33 70 124 27 47 92 69 79 48 74 47 63 28 108 106 33 39 3 87 68 49 102
    113 78 115 85 103 71 63 27 36 27 71 59 103 88 46 43 22 43 38 49 106
    99 114 121 26 38 87 113 118 31 110 40 3 121 102 38 86 25 112 28 92
    88 47 36 63 92 97 96 90 120 49 74 87 1 54 97 126 121 1 68 62 93 2 51
    120 2 92 94 116 109 61 113 19 84 102 84 52 45 127 105 1 12 68 68 35
    127 121 123 76 5 16 21 27 0 75 10 67 46 10 43 45 34 19 14 60 120 23
    62 78 66 33 102 0 125 84 119 109 104 99 81 33 115 33 48 58 4 124 110
    88 10 105 47 75 110 101 52 91 37 94 18 112 126 80 49 8 37 23 98 93
    95 54 43 116 7 48 75 49 38 54 20 42 18 96 19 109 23 86 32 3 32 45 47
    88 35 15 6 33 33 124 5 53 58 95 45 118 14 55 74 46 83 122 18 94 97
    105 119 2 109 118 48 40 48 72 57 47 70 30 61 11 54 21 80 85 116 97
    36 97 124 3 21 98 27 48 126 75 17 45 32 106 40 115 51 112 100 14 122
    101 4 97 112 33 102 102 107 98 16 23 82 4 84 5 55 71 32 119 50 68 50
    27 38 100 41 94 21 55 55 108 25 93 15 87 124 54 50 19 35 51 29 58 69
    59 70 83 61 122 27 12 82 54 64 73 104 69 66 94 33 98 10 107 77 34
    102 98 90 73 125 72 119 48 37 0 23 109 101 95 69 14 69 102 16 108 85
    29 89 110 88 42 58 94 122 13 37 16 47 16 51 4 24 5 76 79 33 79 61 81
    56 35 58 118 41 38 112 83 73 39 49 80 97 49 121 93 41 14 36 17 105
    122 84 1 32 48 71 70 86 66 96 109 76 56 113 55 88 104 118 92 123 40
    19 47 122 100 3 92 22 119 86 36 78 90 19 10 22 70 106 105 125 125
    112 80 54 75 104 4 0 109 68 66 105 2 26 22 80 18 49 41 14 5 117 127
    31 39 6 46 55 112 29 8 52 79 82 66 37 113 83 109 18 104 37 75 69 33
    120 125 120 115 105 99 91 46 76 27 117 115 82 120 123 117 84 72 75
    110 47 57 88 92 103 71 66 100 14 69 57 110 113 37 83 52 40 112 29
    113 55 127 77 43 111 118 73 127 52 122 40 94 67 54 63 99 101 64 95
    108 119 98 56 34 102 121 39 21 46 104 71 31 35 35 5 31 41 120 110 53
    53 86 34 87 81 28 9 113 86 73 109 89 113 20 26 93 15 4 42 96 111 72
    102 57 29 97 15 5 46 78 121 12 67 49 4 84 4 112 81 44 14 124 70 23
    65 82 69 110 72 54 54 24 87 104 66 111 54 109 121 70 100 35 41 4 127
    80 99 25 27 32 76 70 125 80 40 8 15 85 115 52 81 87 45 69 57 120 11
    53 88 76 67 105 12 94 64 18 91 69 64 19 45 67 109 102 53 14 125 115
    46 116 94 26 54 49 111 92 108 118 105 71 49 36 83 2 88 100 50 22 50
    95 75 75 43 15 54 5 25 24 100 105 48 22 11 123 37 52 87 15 66 13 3
    45 78 114 16 9 96 8 77 16 15 87 122 33 115 98 40 116 127 28 106 106
    53 28 20 94 26 107 13 37 98 40 68 91 84 34 89 33 27 116 32 21 88 107
    115 92 70 59 124 75 1 24 89 98 106 2 99 21 90 63 65 71 3 52 69 45 62
    57 76 47 122 114 69 37 75 101 3 7 124 41 62 34 83 58 119 92 117 24
    14 114 1 103 24 76 120 123 71 91 65 8 42 62 15 1 125 52 31 33 100
    108 0 5 109 118 37 9 77 109 111 25 125 26 112 33 62 111 45 12 59 47
    122 28 123 103 51 125 70 52 14 50 99 9 22 62 12 115 18 127 46 0 12
    106 37 115 53 18 112 2 97 68 64 101 74 40 76 25 31 5 120 35 22 86 85
    97 56 30 69 65 16 110 96 40 119 55 12 52 31 25 93 87 26 103 73 32 49
    26 49 92 39 47 107 82 69 82 34 56 63 37 65 2 0 23 95 54 51 103 24 45
    50 86 40 102 0 126 113 109 41 33 11 98 66 127 27 27 127 14 76 118 49
    89 62 106 21 21 88 78 81 84 110 60 51 84 87 60 84 92 86 77 75 30 73
    111 43 123 6 12 68 120 15 125 58 119 83 3 36 42 102 105 65 113 126
    94 72 33 117 5 83 4 81 0 16 68 51 3 5 22 49 47 124 68 122 111 85 48
    92 30 47 107 81 49 60 93 67 107 75 115 120 35 6 37 95 104 124 91 100
    110 0 15 56 71 9 91 91 50 105 26 9 53 120 108 89 1 58 55 98 76 17 49
    121 22 48 46 36 52 105 86 102 44 16 30 113 121 55 53 90 46 74 81 7
    59 106 122 52 83 84 27 101 57 44 84 50 20 21 23 46 116 66 30 77 68
    86 27 30 80 24 40 123 100 32 123 23 25 71 17 125 107 41 19 95 49 56
    23 72 86 96 18 25 25 52 88 125 2 55 19 85 99 21 53 102 35 26 86 54 2
    101 46 37 33 76 100 55 63 127 10 125 114 50 86 4 96 79 48 11 84 105
    102 43 100 43 65 40 38 36 33 122 33 53 41 119 108 127 80 26 37 1 95
    101 124 86 76 30 49 37 94 123 57 12 36 36 76 119 33 89 70 109 103 92
    33 80 122 87 121 120 47 97 71 38 17 11 104 51 6 116 115 48 116 22 5
    58 68 52 106 8 108 61 93 13 99 84 115 117 120 60 44 63 20 102 92 121
    125 83 64 53 123 95 21 96 107 109 88 4 78 119 102 3 84 98 95 0 0 112
    106 28 91 95 84 85 66 65 67 99 17 66 44 7 36 127 57 54 100 37 55 16
    106 24 27 95 99 2 80 37 26 41 40 114 24 22 48 28 114 126 44 3 111 99
    34 127 56 9 3 26 124 28 92 45 22 119 11 64 44 86 60 7 80 11 116 125
    92 32 78 59 87 41 46 101 12 79 90 46 87 27 44 100 65 46 89 71 35 43
    38 47 90 72 43 4 108 77 59 55 69 18 1 119 77 51 74 74 39 118 59 113
    94 43 120 47 64 84 25 79 20 104 43 104 56 113 72 117 26 109 26 63 24
    95 44 120 45 107 113 11 103 85 51 17 126 1 40 2 31 102 79 18 7 100
    81 73 120 62 119 74 124 88 113 108 3 98 21 17 80 87 121 49 64 108
    112 13 67 103 118 89 16 127 52 85 8 2 24 14 106 83 34 4 122 49 126
    97 62 95 29 51 118 104 25 12 47 111 0 58 72 60 76 95 22 49 23 84 48
    1 101 38 93 55 94 45 53 76 86 64 22 45 50 67 76 77 55 100 83 117 11
    103 87 94 14 75 99 36 50 1 3 86 46 71 80 17 24 67 100 37 15 70 42 12
    62 35 8 10 8 127 32 78 86 113 72 74 37 52 58 29 37 61 97 55 20 82
    105 123 47 118 119 85 8 18 60 31 118 84 88 27 36 50 62 13 13 111 3 4
    49 10 76 21 96 48 19 12 52 33 92 92 74 1 35 120 35 105 36 76 6 109
    100 32 83 7 51 41 78 2 74 95 117 4 33 119 46 82 50 62 10 76 50 34 42
    82 114 8 102 42 110 51 119 113 125 99 63 26 20 126 20 89 11 68 64 3
    20 4 9 57 124 69 33 73 57 56 85 119 33 21 53 18 97 54 76 50 43 45 5
    92 18 50 56 46 86 110 9 70 70 69 38 52 47 110 13 114 10 124 118 34
    61 27 90 38 87 25 47 23 104 104 61 72 43 42 94 75 6 84 67 88 15 47 6
    16 84 101 88 114 28 29 47 88 17 55 0 17 56 97 32 22 47 16 64 28 17
    94 30 71 37 74 41 112 51 110 49 7 50 26 126 11 127 83 114 33 3 6 85
    73 65 19 127 97 41 27 36 112 112 77 57 66 39 107 80 13 22 0 51 33 28
    104 121 104 73 91 99 3 125 76 43 115 52 25 118 94 45 91 119 18 31 21
    107 23 92 31 100 81 23 82 104 10 57 96 27 97 64 12 99 81 10 1 87 126
    76 40 92 117 68 58 11 108 108 22 35 52 58 69 100 45 1 90 32 117 92
    120 121 13 47 32 57 6 93 63 112 9 24 110 80 46 61 86 107 125 16 115
    120 24 63 106 25 33 43 117 33 0 39 6 81 64 112 64 69 41 89 94 10 127
    109 31 33 44 93 19 27 10 31 88 59 22 42 37 83 18 59 102 89 27 46 55
    35 89 60 37 97 38 20 6 6 45 33 71 89 27 70 37 66 66 98 109 113 19
    122 90 107 86 39 110 64 15 52 109 54 17 77 45 110 7 90 13 40 84 95
    107 70 102 16 73 19 33 56 53 32 80 34 28 104 95 106 75 58 125 63 56
    39 7 80 15 111 33 91 26 3 59 71 23 88 23 7 47 117 81 5 42 36 39 108
    95 99 56 73 88 4 58 93 9 35 59 40 109 84 25 35 3 83 122 103 8 61 41
    2 2 76 88 82 99 16 59 31 18 95 18 38 4 115 0 39 3 117 5 6 111 119 56
    8 42 122 8 32 33 22 52 29 62 120 24 114 44 46 36 48 20 28 10 108 61
    35 41 53 91 8 53 72 94 8 63 67 114 19 12 55 50 11 71 2 96 58 120 27
    40 33 104 18 7 96 44 28 32 100 112 67 79 22 32 38 113 124 61 94 75
    17 78 50 23 74 106 57 116 18 21 95 127 17 80 50 37 14 118 28 22 20
    25 73 82 84 67 28 60 98 82 81 94 16 2 36 105 65 57 109 51 52 125 45
    80 71 61 1 72 103 65 120 121 61 10 37 107 10 97 86 72 55 100 16 80
    98 70 24 101 65 44 63 56 33 55 56 96 46 96 0 13 100 7 39 91 53 61 62
    24 112 17 37 65 94 74 72 116 3 72 99 32 33 107 58 113 89 119 15 70
    17 99 26 106 86 120 77 67 0 126 111 11 97 116 116 79 55 101 3 79 123
    90 14 58 16 21 31 47 115 111 69 104 116 58 79 38 62 90 15 33 43 94
    21 69 44 20 58 56 15 79 58 79 72 15 17 88 107 65 117 38 98 119 114
    60 12 41 18 77 126 58 85 34 38 80 45 13 109 21 13 98 70 39 29 31 69
    60 66 87 43 82 94 35 109 56 37 22 119 77 1 92 15 76 21 34 8 86 94 0
    57 34 118 12 114 18 13 108 1 7 104 72 109 24 125 77 90 38 49 22 18
    91 42 71 15 82 119 69 100 36 25 90 35 103 56 117 43 113 99 37 1 92
    20 3 73 50 92 63 51 100 85 9 9 87 106 126 44 24 52 56 33 120 107 96
    74 12 29 100 86 103 102 89 88 15 7 10 35 25 66 78 117 88 85 95 114
    28 62 84 44 45 63 60 90 37 66 121 79 7 71 17 40 66 60 112 5 117 41
    118 45 89 21 105 96 27 27 12 94 0 45 73 43 32 124 70 12 76 43 109 64
    112 21 61 11 33 13 91 71 70 13 122 11 24 41 36 27 71 46 40 15 125 53
    97 99 119 32 39 27 118 62 98 4 87 101 46 15 68 98 91 101 31 9 38 102
    32 41 18 9 28 81 97 52 60 40 45 31 116 87 52 58 1 16 119 90 123 115
    89 2 56 83 92 107 23 33 94 84 101 54 117 88 106 68 122 116 99 30 25
    54 125 97 7 39 110 101 108 1 122 30 124 33 65 59 14 54 97 23 113 1
    108 52 65 110 23 7 104 15 25 121 46 98 100 2 115 56 118 107 14 87 95
    85 103 36 42 21 95 119 49 125 37 116 4 51 81 63 30 84 84 95 64 90 28
    8 68 64 83 91 101 103 53 45 42 14 78 46 30 94 97 118 0 97 45 82 29
    18 71 101 43 55 27 82 28 12 3 44 83 76 108 76 64 114 11 93 90 99 74
    24 53 33 79 54 60 53 90 34 32 17 42 36 85 33 24 57 18 2 5 16 38 60
    106 58 29 124 76 65 123 67 23 74 60 115 24 107 76 58 84 61 90 0 18
    125 36 107 17 92 71 84 93 8 121 112 46 110 69 125 83 100 11 38 36 72
    42 39 62 46 82 93 46 12 86 59 66 78 48 30 127 33 115 121 118 50 49
    121 1 99 100 32 11 109 43 5 65 104 124 82 50 97 2 77 76 97 21 21 7
    66 119 116 36 87 88 76 125 7 64 9 66 66 94 121 39 115 58 73 120 115
    81 97 66 72 98 112 65 85 101 124 57 50 12 25 1 122 63 99 21 125 82
    49 39 15 6 5 57 121 42 111 40 5 35 40 21 5 33 9 124 101 46 44 9 39
    109 82 94 3 108 30 92 35 71 73 54 83 60 126 88 45 103 5 91 123 39 49
    22 78 24 10 56 40 90 126 61 119 68 120 111 16 119 73 11 77 37 72 101
    25 84 86 125 45 26 99 21 40 54 24 44 26 25 74 90 0 26 98 50 1 94 66
    70 10 50 8 52 125 52 104 42 88 3 50 43 8 65 57 20 46 68 62 94 103 12
    55 46 91 120 46 72 127 46 72 19 56 115 58 15 34 123 82 18 88 91 48
    58 60 56 67 65 68 88 48 59 30 42 56 127 44 19 21 37 43 41 111 108 78
    7 109 34 60 124 114 125 104 0 75 51 112 84 7 44 100 74 11 35 12 75
    89 103 49 2 69 30 101 115 31 97 68 27 52 125 103 19 85 80 0 46 23 72
    38 104 57 26 118 45 67 118 120 35 45 100 34 35 54 2 100 90 87 42 63
    51 81 47 99 121 13 18 3 57 83 97 57 58 38 122 28 59 14 38 73 102 70
    81 123 28 81 28 78 51 26 68 96 15 38 73 21 69 53 31 24 35 51 18 62
    82 10 26 13 115 110 124 71 120 65 25 67 71 85 86 37 96 21 53 121 10
    87 43 47 63 88 12 125 77 123 12 53 106 53 1 80 102 36 8 65 40 121 20
    122 82 126 48 45 124 98 110 2 89 72 92 126 34 122 46 122 80 60 32 88
    34 18 69 104 104 104 63 85 19 8 70 6 70 83 97 48 101 93 126 123 73
    42 114 47 57 17 44 75 118 48 30 111 84 80 91 9 37 102 63 98 13 106
    122 49 101 55 96 87 37 52 49 110 68 85 30 40 10 71 22 101 72 18 49
    99 56 43 64 45 126 30 80 84 23 78 5 85 97 108 88 98 71 29 84 45 56
    74 18 36 74 67 44 97 16 6 31 113 121 125 53 71 4 115 53 122 113 51
    107 0 65 68 28 97 11 117 56 30 70 18 116 88 107 75 111 101 93 2 108
    41 85 47 1 115 105 59 112 80 14 45 107 35 115 82 69 26 83 70 66 91
    123 51 6 84 89 1 24 122 98 127 45 57 104 10 45 15 73 91 87 64 52 80
    24 91 123 127 121 108 54 45 88 61 43 7 4 85 110 54 31 4 37 79 103
    126 115 45 112 94 47 114 113 32 7 98 91 28 97 46 122 26 105 53 102
    19 121 79 123 95 78 87 31 73 3 76 70 25 8 102 106 66 93 61 56 101 49
    46 89 84 124 77 65 32 40 66 83 6 45 82 38 61 118 117 124 67 31 29 82
    9 89 100 15 68 32 45 94 64 52 103 55 34 32 113 125 24 58 30 84 112
    106 3 27 36 70 13 95 84 95 3 54 120 107 120 78 21 95 90 46 26 17 61
    108 72 63 93 32 30 24 30 97 68 54 18 46 50 116 109 67 39 63 3 121 56
    72 63 96 23 23 57 91 89 19 89 73 75 18 10 121 74 126 90 48 30 29 71
    105 26 98 6 92 65 116 41 80 113 74 125 54 60 29 57 49 17 91 86 90 49
    34 7 52 39 112 87 36 4 66 86 79 97 84 31 60 96 84 73 45 22 41 34 116
    124 47 96 42 73 73 110 58 103 68 57 10 99 75 56 19 83 111 114 32 12
    67 76 54 40 85 115 93 123 61 107 42 91 12 44 96 103 17 7 43 59 30 25
    88 17 54 59 5 56 7 122 104 127 101 10 127 12 87 94 21 82 45 123 93
    53 73 57 122 37 121 107 73 109 108 40 13 120 51 62 4 100 3 64 48 110
    114 86 126 46 29 42 106 122 20 68 94 78 98 90 68 78 34 121 14 74 79
    76 127 91 120 54 10 1 83 2 61 47 12 88 110 60 35 15 63 2 100 27 4 86
    122 25 91 46 19 116 93 4 102 24 43 117 35 57 69 47 108 12 58 38 102
    53 28 78 73 95 30 101 16 113 17 123 84 49 20 103 105 30 46 114 111
    50 119 95 87 9 87 101 87 63 50 101 100 84 63 36 127 9 44 65 37 34 25
    54 101 66 30 1 67 97 44 39 7 30 12 56 55 64 107 45 108 22 13 62 59
    22 106 78 114 94 28 19 112 45 11 82 108 109 22 77 112 127 111 13 111
    112 70 30 64 123 97 77 42 30 48 44 46 85 6 57 117 43 96 20 6 83 90
    20 52 24 44 40 17 79 115 84 34 6 15 74 70 34 102 29 57 30 101 40 112
    118 93 23 93 60 2 46 54 71 39 83 112 111 80 64 83 1 65 119 97 48 119
    65 53 108 23 80 102 1 70 104 15 10 60 63 48 121 61 109 41 63 20 63
    18 12 57 125 120 78 44 62 11 99 55 62 21 16 114 29 120 84 99 34 8 27
    30 104 99 99 113 61 67 83 7 84 96 84 10 68 111 40 118 9 13 93 67 35
    56 25 43 26 58 70 28 25 14 26 59 23 61 15 95 121 85 86 87 69 59 126
    106 63 24 88 15 114 24 74 99 47 92 104 7 47 90 100 89 49 88 92 41 16
    117 74 35 107 40 16 117 93 116 126 51 59 75 10 109 96 30 116 76 120
    68 42 126 26 77 109 87 51 115 42 37 59 15 43 34 91 56 34 13 81 53 86
    6 68 6 121 90 39 64 3 71 96 59 73 39 2 122 107 61 3 90 37 56 56 87
    99 59 110 84 118 37 55 71 110 78 63 21 55 95 63 13 106 25 38 39 103
    68 60 70 91 58 26 85 9 21 101 97 113 104 83 78 120 77 108 17 8 110
    72 41 65 31 67 53 18 113 19 45 104 56 62 94 83 28 49 62 127 34 125
    67 8 117 0 31 117 103 81 95 45 100 16 86 53 98 100 5 67 38 20 3 62
    78 109 116 121 29 102 83 28 92 103 123 88 28 104 102 88 82 94 42 121
    72 80 91 103 25 3 84 85 102 118 92 104 2 104 17 110 53 92 20 118 54
    104 95 29 70 23 119 37 90 78 10 75 89 3 51 61 67 56 118 40 109 0 8
    27 85 4 43 46 73 120 124 120 48 40 30 8 69 7 95 83 48 54 17 75 15 19
    110 106 0 1 121 91 109 88 114 55 54 22 50 72 1 110 58 41 85 70 51 6
    110 63 58 15 24 103 3 77 28 1 44 0 30 115 14 9 114 97 30 86 13 83 84
    12 52 11 85 73 79 107 27 64 93 119 63 79 40 65 80 85 126 84 92 70 31
    56 82 62 126 17 124 39 62 122 18 86 126 83 12 4 2 84 108 1 61 31 31
    19 126 81 1 50 112 28 57 40 52 107 26 43 5 99 102 75 58 17 87 32 96
    17 112 42 18 72 22 28 89 117 79 12 42 60 63 106 85 61 126 42 118 116
    25 3 45 50 29 107 88 102 33 36 1 35 5 45 25 95 32 115 17 6 16 37 30
    0 25 39 81 78 93 30 51 123 24 73 64 17 25 96 120 93 123 78 12 68 93
    8 107 93 0 21 123 23 67 72 55 96 35 105 10 10 47 10 49 102 111 70 91
    89 110 42 87 11 71 20 91 76 83 1 16 36 88 123 63 81 110 105 1 72 115
    66 47 49 6 99 44 113 26 120 0 21 85 105 78 3 54 69 66 108 58 15 126
    100 38 58 98 32 31 120 36 119 20 45 59 75 10 38 6 17 8 107 89 96 72
    35 1 50 25 84 4 81 68 117 11 66 36 30 29 67 55 90 83 31 76 63 117 8
    76 122 36 48 14 6 69 107 68 22 75 26 7 73 108 79 4 6 2 112 67 89 104
    85 120 59 96 28 94 124 82 94 62 18 116 92 54 37 111 100 29 44 49 107
    8 40 39 54 62 81 114 117 110 48 121 42 19 115 11 111 111 121 37 121
    106 15 13 61 127 96 14 22 11 71 3 19 46 65 4 14 22 89 84 52 70 48 61
    121 59 68 53 106 4 76 63 71 112 111 9 94 36 37 84 90 93 109 96 16 69
    80 46 122 11 23 87 5 0 115 37 96 41 1 107 43 104 124 115 113 81 2 8
    117 75 126 36 40 34 125 86 15 6 38 94 10 46 26 12 38 81 76 78 8 12
    70 57 77 126 69 85 15 64 11 30 57 92 24 86 81 46 29 34 33 90 26 125
    46 50 103 123 49 18 51 80 123 80 111 107 7 61 34 3 100 38 88 72 0
    112 66 18 50 124 48 113 47 50 34 15 0 85 99 64 17 82 110 30 46 15 39
    67 56 74 62 85 32 51 46 98 75 31 57 28 6 33 76 13 58 65 55 47 67 1
    18 55 124 73 120 52 114 20 46 41 43 99 36 29 115 123 123 67 28 16 65
    124 4 28 103 120 89 38 44 30 52 80 13 47 6 29 69 91 22 32 8 36 33 34
    115 54 81 26 19 72 83 48 68 92 4 118 39 12 114 15 35 0 55 30 78 90
    124 23 26 70 103 22 80 15 81 87 30 33 5 78 91 6 16 19 26 112 120 66
    31 96 71 82 70 97 61 96 59 104 61 101 50 0 96 45 86 25 31 96 55 124
    50 49 40 8 65 45 12 5 113 50 47 39 53 110 94 74 55 107 125 59 61 122
    54 28 115 106 103 51 105 9 11 86 16 20 97 87 68 46 67 10 23 101 120
    121 61 40 8 124 116 21 0 21 52 33 59 123 44 1 107 79 83 44 22 16 65
    67 115 3 77 103 64 119 1 6 20 56 70 47 43 122 95 4 47 30 102 3 17 14
    121 75 126 17 70 48 10 99 99 71 111 54 39 73 119 126 32 56 85 20 23
    16 7 11 33 78 4 40 1 100 105 77 22 45 115 127 36 58 15 102 97 1 39 6
    89 22 106 59 28 53 41 72 117 99 89 81 70 65 6 115 15 18 106 52 88 17
    18 75 113 31 10 85 6 32 42 113 102 15 43 11 72 19 80 112 120 97 67
    23 92 101 96 29 31 73 127 98 25 125 98 102 98 109 9 41 52 65 95 31
    95 19 8 85 25 56 59 93 82 92 30 26 2 97 123 124 104 12 36 124 15 17
    52 53 46 69 102 59 89 77 127 117 64 58 26 34 9 63 89 66 37 28 70 42
    118 107 68 26 23 57 117 11 51 58 101 55 70 9 82 102 16 51 60 11 24
    78 98 95 103 64 42 14 102 101 55 3 116 46 9 44 63 36 47 54 67 69 48
    120 125 87 97 36 87 76 35 73 97 69 105 9 12 89 10 2 60 37 60 67 110
    48 3 101 127 115 27 106 61 62 40 111 101 53 89 83 39 94 29 123 64
    109 124 32 54 38 16 94 80 21 52 116 38 98 77 68 104 65 8 49 60 39 40
    12 7 50 96 74 48 100 112 17 28 103 95 49 11 19 29 52 1 33 27 5 31 95
    72 31 3 101 99 1 0 68 38 19 44 101 31 73 107 76 118 109 1 126 102 72
    62 89 109 124 102 82 109 18 125 30 54 42 63 49 45 113 118 75 114 6
    90 16 15 68 111 98 80 111 12 9 88 64 77 32 39 112 86 120 46 109 89
    65 65 22 58 10 79 39 16 97 56 54 126 100 71 122 3 3 93 16 125 100 65
    101 42 30 98 115 19 42 83 14 65 78 58 24 116 0 63 103 61 1 91 25 70
    110 73 122 85 112 84 106 43 95 20 15 12 39 106 115 57 120 36 39 117
    89 51 50 117 100 12 37 107 6 115 44 1 75 65 73 103 110 7 54 73 40 95
    104 45 20 126 3 54 101 35 90 58 123 96 17 102 16 108 115 85 17 85 87
    34 117 12 123 83 71 8 87 94 107 39 11 48 115 100 31 26 89 102 23 43
    117 24 86 57 38 15 29 96 44 17 18 65 113 120 45 90 45 59 25 72 81 56
    18 55 69 118 4 113 61 109 24 109 117 78 0 115 106 29 35 3 4 11 8 53
    47 101 21 77 55 99 71 56 94 113 113 80 82 3 40 80 13 45 63 123 48
    103 3 90 64 1 125 50 82 6 21 22 50 20 25 82 120 21 126 101 52 20 48
    50 77 81 21 105 85 38 8 81 27 11 45 84 88 113 67 103 93 38 17 52 46
    47 35 25 10 121 59 17 124 30 73 94 26 88 122 40 54 76 46 80 94 25 41
    20 61 94 26 102 91 25 63 98 40 79 78 51 79 54 26 4 18 93 57 26 43 29
    32 17 31 6 48 51 36 70 81 121 17 93 125 36 58 32 105 14 0 45 113 74
    75 88 108 73 45 11 55 19 10 26 59 46 100 27 38 116 11 119 59 102 25
    98 83 20 78 7 125 0 72 94 25 79 88 68 41 12 66 15 61 26 71 73 119 18
    13 24 24 105 44 62 6 33 23 79 11 61 66 81 55 87 105 96 7 46 3 91 24
    105 35 71 59 86 2 60 123 77 66 0 30 55 8 80 124 94 23 65 6 12 70 20
    84 62 82 51 31 77 87 57 43 103 87 5 48 28 36 120 54 68 79 79 108 116
    100 74 2 111 14 80 98 9 63 64 27 104 41 61 31 120 82 112 32 65 61 77
    52 108 0 91 106 31 97 86 24 119 103 96 85 22 100 37 121 9 23 17 71 2
    76 27 8 52 102 15 109 55 100 26 24 113 55 21 56 39 51 20 71 75 55
    100 125 70 39 124 80 44 19 41 61 35 23 97 108 53 100 90 60 79 4 66 7
    99 104 91 84 106 61 5 105 18 121 5 101 80 27 27 77 89 8 22 58 30 61
    117 44 67 56 35 55 124 50 114 2 116 46 125 58 83 58 19 31 42 38 41
    114 1 10 91 72 30 9 19 55 99 63 113 19 54 8 84 69 31 11 58 79 124 26
    110 73 94 113 100 21 122 77 58 108 71 110 2 78 48 56 79 126 33 32 26
    82 67 41 9 42 111 40 107 19 10 32 52 115 110 60 55 77 59 112 6 21 29
    117 58 6 70 18 107 37 24 113 9 106 72 81 121 36 52 108 60 48 93 96
    95 100 124 57 88 107 123 119 60 71 92 122 68 116 26 101 9 85 3 84
    109 23 120 111 71 102 44 44 124 54 40 97 109 8 126 11 11 48 88 58 64
    49 92 104 80 18 43 49 103 127 70 123 20 90 58 11 113 99 47 0 98 105
    55 34 6 38 87 31 51 117 67 57 102 124 107 103 23 113 108 64 100 61
    10 113 19 19 62 75 23 124 24 126 116 38 63 31 14 127 72 118 36 32 8
    104 56 101 37 66 101 11 96 26 125 59 41 73 25 10 16 31 15 31 38 28
    38 90 76 34 93 79 34 43 87 33 47 103 14 16 74 3 89 63 32 99 93 70 39
    70 74 54 18 82 94 89 22 66 81 111 89 109 27 76 17 47 11 110 102 85
    81 27 21 125 4 118 71 61 89 64 85 108 80 43 92 79 40 38 24 2 8 103
    54 45 35 4 125 33 101 106 67 13 73 26 28 67 86 121 18 58 51 86 103
    13 99 47 15 33 25 17 121 103 105 114 99 59 80 72 107 12 27 110 106 3
    2 95 109 78 18 11 83 98 36 113 33 107 77 71 118 6 102 120 12 64 123
    117 29 33 28 102 18 123 119 13 53 82 102 124 27 27 4 60 32 110 34 12
    89 0 2 30 84 74 97 75 56 65 85 15 29 63 33 126 12 95 82 116 22 74 60
    100 58 54 14 4 72 120 81 49 28 39 38 109 113 79 117 39 65 23 17 83
    39 39 11 51 27 13 85 6 127 27 94 3 43 89 10 43 21 57 61 125 5 4 100
    85 89 59 118 36 83 97 67 80 33 22 9 53 107 28 48 32 45 8 30 60 70
    113 76 80 73 121 85 83 76 57 96 79 112 103 64 40 97 53 13 60 111 42
    102 3 41 114 68 115 39 38 107 34 91 12 3 53 79 0 98 100 108 37 125
    69 38 42 122 36 7 74 5 116 21 22 111 104 88 86 68 23 95 1 48 17 127
    19 38 82 115 121 68 38 90 63 59 71 42 100 51 81 120 75 35 39 72 67
    12 37 18 45 126 114 92 121 8 16 77 56 9 85 15 71 34 28 28 49 38 87
    115 60 72 43 78 106 57 19 115 80 33 84 16 53 44 14 75 98 117 38 46
    51 2 29 105 52 35 119 23 42 110 26 105 36 74 107 91 125 67 64 17 0
    67 86 46 91 37 7 111 110 76 10 37 105 65 77 58 52 110 19 78 22 50
    103 103 28 80 43 15 36 9 7 50 6 127 101 17 3 73 52 100 50 69 21 100
    113 51 103 77 57 102 101 109 108 94 51 35 11 124 4 86 124 97 29 28
    54 8 121 56 67 29 122 36 89 118 118 121 46 3 89 41 24 118 32 120 25
    2 35 13 42 62 110 63 17 123 25 69 10 99 71 17 79 39 15 76 104 1 3 80
    29 101 127 49 98 2 74 123 72 46 31 69 4 96 99 98 25 67 57 91 35 25
    95 80 119 105 79 123 50 1 110 99 44 116 37 86 64 15 112 17 73 76 98
    107 69 99 83 64 90 22 19 17 69 8 29 81 121 7 123 88 117 106 29 102
    81 4 27 98 55 102 42 56 37 11 118 98 38 107 34 121 17 75 60 20 77 87
    13 56 54 60 13 87 120 87 19 15 74 0 35 46 111 106 111 85 52 102 22 4
    60 44 16 93 18 37 46 64 87 63 3 26 76 87 114 7 100 57 121 4 27 8 121
    106 4 105 89 88 77 99 9 125 58 71 18 1 34 68 72 81 111 108 65 121 68
    34 109 48 100 41 86 19 8 83 62 115 70 56 68 14 55 42 109 58 29 55 26
    107 85 104 116 5 108 47 121 72 58 93 113 57 103 55 41 48 71 38 23 38
    88 74 103 4 19 71 97 78 103 120 90 20 41 95 23 43 1 66 65 64 70 121
    108 63 75 70 126 38 115 37 16 8 14 80 111 120 29 4 95 39 45 62 16 42
    46 115 60 25 0 66 31 106 56 99 55 23 22 104 84 97 23 122 126 43 126
    90 5 33 121 91 127 87 124 63 92 92 115 21 1 93 114 65 4 50 119 61
    110 79 19 32 46 117 83 53 26 90 77 125 53 87 74 122 90 98 100 36 109
    63 77 21 82 99 40 11 107 100 119 54 120 76 34 54 112 59 103 84 123
    118 100 45 36 107 124 116 78 120 76 71 92 14 125 69 44 18 9 29 70 25
    78 81 110 59 11 87 71 121 40 16 23 61 89 61 25 125 112 77 11 86 23
    99 67 122 82 87 95 33 54 91 96 66 101 45 49 116 3 61 101 41 120 70
    72 110 85 125 118 87 87 51 113 93 1 55 1 94 104 86 95 36 49 49 17 78
    90 13 39 23 58 80 60 102 69 87 108 113 80 12 107 41 105 75 107 26 20
    39 14 76 67 95 98 41 93 49 34 29 68 35 72 15 70 127 113 45 65 90 96
    123 89 15 90 111 17 57 31 87 24 63 38 59 56 18 127 6 55 13 43 11 53
    122 37 91 26 94 75 85 4 78 117 120 121 54 115 119 70 98 39 77 18 30
    75 81 110 100 84 12 2 15 91 79 101 43 79 2 73 61 42 13 123 53 46 86
    73 81 11 81 53 84 55 51 118 7 45 102 75 89 6 95 69 32 39 1 89 114
    117 36 30 47 80 58 37 94 24 71 6 77 84 10 114 59 36 61 33 66 39 33
    115 76 90 69 93 0 44 44 21 115 77 81 74 127 35 114 100 68 96 82 56
    127 49 58 46 109 125 26 88 102 100 98 113 20 93 102 121 76 104 11 47
    126 1 80 124 125 50 42 57 106 53 125 65 94 56 13 7 22 66 24 68 68 64
    67 91 78 70 59 10 96 126 4 91 53 32 25 32 112 37 116 107 122 49 103
    73 2 10 127 7 78 78 6 80 57 70 44 13 20 59 53 16 78 99 62 42 43 86
    22 41 102 50 95 113 127 103 71 30 68 18 125 58 57 100 97 112 117 77
    37 117 55 110 46 90 97 92 68 37 124 106 55 111 19 16 4 117 102 4 57
    63 33 40 46 0 61 9 97 35 6 8 90 103 115 55 8 121 57 14 70 94 123 38
    29 121 2 24 86 42 3 113 71 101 30 27 124 71 11 32 14 105 23 19 38 1
    16 13 56 65 112 15 111 30 51 15 116 1 91 18 39 83 104 101 18 60 114
    58 38 123 122 65 6 37 33 104 52 120 103 92 120 101 35 70 117 120 66
    4 104 64 47 118 21 124 22 3 66 38 80 68 4 66 78 57 48 80 126 6 116 3
    116 64 38 74 8 111 108 108 95 15 98 88 53 87 71 25 73 72 71 109 1 58
    88 35 57 17 57 86 110 107 49 7 98 99 89 87 84 112 9 29 47 101 75 35
    109 76 25 53 43 10 25 22 28 47 45 12 85 10 0 23 28 98 6 117 127 106
    24 54 117 107 100 115 126 25 60 7 0 15 29 81 122 61 33 64 85 7 18 23
    90 66 86 104 45 100 45 55 70 105 21 122 122 113 67 127 113 52 110 87
    126 56 0 58 126 42 120 120 114 18 93 106 75 11 42 75 48 68 105 36 63
    67 83 100 89 72 46 87 30 99 39 90 19 60 24 38 82 44 71 100 26 95 59
    13 63 12 65 41 35 67 79 46 83 17 82 57 89 52 98 127 65 36 17 74 105
    16 8 56 107 3 38 38 94 101 74 2 26 76 17 80 10 88 94 112 42 4 9 89
    58 28 68 31 40 111 44 8 73 63 51 90 79 101 94 97 60 79 25 106 4 8
    113 109 98 74 16 97 114 61 114 96 69 30 8 18 124 60 85 33 87 123 5
    121 16 32 119 105 99 56 15 90 44 52 95 104 65 102 47 97 3 53 76 71
    113 104 20 15 33 115 70 30 36 100 55 31 79 97 60 121 31 94 102 0 94
    96 109 14 84 16 52 86 121 116 35 38 6 59 77 26 49 29 36 50 20 7 64
    50 10 14 118 44 31 2 55 62 71 72 3 14 29 25 99 80 6 11 32 107 58 72
    114 25 107 126 49 65 112 116 7 94 90 116 75 25 52 127 120 46 108 66
    7 81 71 111 105 63 111 11 101 15 107 82 46 122 101 108 36 0 16 109
    95 55 89 22 22 100 14 35 63 19 49 72 83 93 9 88 23 127 53 2 72 60
    118 78 33 50 75 24 116 75 9 88 85 125 115 50 118 99 96 40 41 3 45 90
    125 126 102 57 22 92 82 66 111 24 109 88 73 50 83 112 25 120 13 48
    112 96 8 73 37 56 103 2 97 82 44 41 89 35 29 82 107 15 81 49 15 92
    50 10 63 66 17 68 44 98 43 58 48 66 75 51 37 25 120 115 64 56 16 79
    68 7 78 122 7 123 68 33 43 48 47 74 22 22 85 121 122 38 9 77 56 71
    103 42 9 18 47 38 48 109 69 127 52 102 120 117 29 100 34 72 52 94 77
    106 95 124 100 11 80 3 41 125 113 13 63 78 121 63 115 50 64 11 79 41
    100 10 114 113 89 93 41 80 30 34 82 100 126 49 87 63 27 13 86 80 123
    81 85 91 20 78 32 20 67 99 63 88 44 49 90 95 30 49 113 41 100 5 117
    11 19 35 65 48 101 60 0 41 81 28 54 107 100 107 62 58 88 43 88 59 90
    29 87 18 96 101 69 88 84 1 83 77 55 30 11 89 102 2 90 31 67 46 50
    103 102 77 57 89 23 83 124 18 37 113 125 126 93 94 43 59 66 84 13 46
    48 40 94 12 106 19 99 71 40 53 26 75 126 47 38 43 113 66 86 47 85 20
    51 49 58 115 50 101 48 20 9 99 53 122 108 86 46 77 105 112 35 24 55
    50 96 31 60 56 67 90 35 41 49 77 37 105 25 25 20 72 80 35 54 94 69
    34 95 69 81 121 115 84 115 51 66 61 114 20 0 52 23 75 90 72 9 108 89
    10 28 55 84 48 63 49 56 83 119 39 60 126 6 77 111 82 105 120 2 7 50
    42 108 105 29 65 87 34 55 70 39 107 24 12 61 102 97 118 14 97 66 55
    87 95 98 106 71 13 12 121 77 62 107 119 43 18 115 82 65 127 57 109
    14 86 53 58 105 37 53 19 78 69 85 36 113 79 69 54 70 7 121 75 16 16
    24 97 67 65 120 117 37 80 24 36 11 83 23 1 42 42 92 70 64 70 126 25
    114 4 48 99 36 11 12 55 20 15 83 3 44 108 1 62 95 34 114 113 40 112
    111 112 3 39 71 22 82 40 66 77 32 64 44 98 77 103 110 1 0 125 104 40
    2 2 112 110 41 66 116 55 13 28 107 12 92 26 125 34 37 67 100 16 60
    38 111 110 30 51 101 97 74 35 104 81 26 34 95 49 88 35 20 104 24 77
    51 83 56 101 121 2 76 101 89 4 91 15 68 77 99 46 11 28 48 74 93 95
    55 93 5 74 90 107 118 48 121 87 45 20 79 13 91 69 0 79 81 79 88 72
    28 109 79 113 71 9 88 100 91 86 18 21 3 55 1 83 113 1 79 93 81 77 18
    4 58 125 57 53 64 65 9 7 95 71 118 83 61 87 109 86 60 95 39 91 84
    114 66 77 44 73 96 72 13 50 33 79 105 123 37 30 22 3 16 49 123 12 42
    29 83 51 81 80 118 14 58 47 103 117 25 25 74 49 92 0 108 57 87 66
    112 22 47 66 71 74 14 63 84 93 33 108 34 27 104 89 118 114 117 107
    72 61 73 70 121 59 125 0 116 37 115 13 40 72 55 124 47 70 111 74 106
    112 88 3 113 79 3 24 19 32 3 60 78 64 124 118 81 102 110 24 124 3 59
    117 107 99 125 39 19 40 45 58 99 122 86 35 84 109 82 99 30 26 62 76
    126 103 6 125 46 111 50 51 54 28 39 25 95 82 123 15 28 99 17 100 17
    82 59 7 121 7 121 26 109 120 27 67 88 123 113 47 79 20 93 24 91 6
    112 44 70 122 39 0 85 4 88 41 40 84 96 52 23 98 58 111 27 89 119 43
    40 42 77 0 69 85 33 119 113 120 63 49 112 100 57 84 86 103 108 25 47
    91 5 127 38 44 45 31 120 46 89 88 39 106 8 95 93 81 71 98 115 0 107
    102 20 14 34 101 45 4 89 38 3 21 66 30 12 104 115 22 126 13 87 118
    74 29 106 114 74 97 117 15 118 39 96 70 11 82 8 4 12 13 50 33 60 90
    15 87 113 16 38 34 28 19 53 20 58 99 120 69 40 62 35 19 45 62 81 84
    58 91 7 78 24 19 26 89 84 47 79 33 125 122 75 22 60 67 1 104 57 41
    15 79 31 119 55 86 36 7 8 45 37 26 88 115 117 19 111 7 107 59 29 82
    111 68 42 3 0 114 96 71 31 5 62 121 76 108 114 30 107 6 60 46 63 90
    124 122 82 124 24 79 84 50 74 42 89 120 17 53 123 37 71 0 94 74 87
    109 102 96 69 54 112 11 112 1 81 109 51 62 50 76 61 95 50 4 1 16 9
    73 32 117 88 72 61 85 36 66 23 7 12 122 0 63 7 104 97 34 32 8 48 111
    109 63 96 57 28 94 19 72 61 20 97 37 6 75 34 86 49 13 19 11 96 52 18
    5 33 95 11 124 19 96 119 72 98 38 99 5 2 28 28 104 99 110 69 69 55
    76 88 6 43 77 79 86 96 101 90 90 23 108 59 104 124 52 24 24 29 93 90
    110 97 64 15 12 12 96 101 79 18 67 60 34 32 67 87 16 109 91 34 45 66
    110 95 102 52 119 0 33 116 70 0 50 23 13 111 19 53 64 93 6 71 5 93
    57 7 70 40 30 20 63 1 1 105 127 55 5 109 59 96 58 93 7 36 109 23 106
    69 4 63 120 109 111 116 93 113 9 103 115 71 2 83 81 8 113 50 46 101
    20 57 0 87 42 124 116 23 66 86 74 58 63 57 95 72 16 43 100 47 35 10
    97 26 68 10 21 63 17 115 108 58 100 104 100 96 89 107 59 1 23 69 108
    93 80 67 105 75 88 26 35 99 85 54 9 28 8 93 13 109 47 25 89 82 34
    109 41 126 39 75 48 64 22 48 127 113 24 102 11 80 92 72 54 114 65 73
    14 85 97 51 117 20 73 108 126 46 99 71 111 66 90 15 103 71 71 89 40
    88 34 118 80 22 11 82 92 121 0 69 123 0 89 127 74 34 15 68 89 8 91
    58 60 66 52 58 63 58 30 29 1 50 93 63 125 34 18 104 124 126 13 2 124
    113 54 68 80 74 82 99 91 42 110 114 10 73 18 39 74 71 98 54 117 105
    2 52 123 10 31 77 123 81 38 24 33 65 93 95 0 26 126 92 117 41 20 31
    19 109 82 30 58 40 9 64 64 120 24 112 30 40 83 99 99 115 43 56 114
    63 28 46 90 48 37 2 123 74 36 109 119 90 95 102 113 65 11 43 109 22
    80 127 19 23 98 105 18 9 8 80 78 60 18 0 24 58 87 121 48 92 12 91 98
    8 106 28 21 94 75 44 88 45 63 81 21 27 111 1 13 77 101 4 68 7 15 62
    64 32 50 11 109 20 14 85 120 100 34 32 120 3 58 11 9 82 3 111 39 120
    21 69 20 22 15 119 80 1 60 50 119 53 127 39 112 72 33 99 119 125 122
    84 94 108 8 79 12 92 110 23 112 68 33 94 22 78 9 126 121 109 14 9 26
    111 18 55 82 115 47 37 73 55 63 42 111 44 97 65 107 93 117 102 28
    127 30 109 74 1 74 48 18 8 11 26 121 109 5 58 35 85 71 113 79 125 72
    54 109 30 70 19 122 1 120 39 116 116 42 55 113 20 49 102 50 110 77
    83 12 29 11 86 32 106 29 16 10 74 82 19 95 21 60 40 43 69 94 89 92
    123 12 120 127 90 53 44 72 19 65 84 13 8 50 32 126 94 121 49 29 87 3
    83 95 22 28 102 60 56 60 48 116 26 51 33 122 49 61 69 125 123 112 45
    73 73 95 32 63 6 104 42 33 69 50 102 38 88 109 19 92 41 1 15 107 32
    41 28 40 24 8 100 27 54 79 86 37 42 47 17 21 93 13 112 103 51 89 97
    12 94 48 117 125 81 34 29 91 97 65 0 55 116 94 54 70 49 106 8 24 122
    93 91 48 53 64 39 125 81 1 3 59 67 54 58 93 41 95 20 31 21 62 54 22
    61 25 112 71 28 82 2 35 65 82 2 99 100 99 84 28 119 86 11 19 37 42
    40 125 2 85 16 49 54 126 99 70 71 100 17 127 23 125 76 107 50 104 89
    82 42 55 86 29 62 2 102 70 68 43 92 13 89 98 7 75 11 119 47 116 43
    35 12 65 35 119 40 73 51 15 15 80 120 61 114 101 72 92 19 114 57 115
    95 27 88 94 61 30 87 71 48 120 24 99 107 39 63 1 75 118 68 98 73 79
    103 49 76 0 42 82 34 10 48 36 94 65 123 105 116 25 40 95 32 19 16
    100 69 39 40 49 100 21 123 43 38 53 9 68 4 24 14 121 12 92 77 111 95
    42 23 51 76 0 22 86 0 53 14 16 35 97 44 48 61 45 124 28 42 67 23 60
    48 100 124 93 59 4 94 67 32 39 45 47 58 78 70 80 4 110 54 16 72 84
    127 116 64 5 52 41 41 40 127 75 59 33 7 103 108 83 46 52 34 114 64
    36 110 62 108 43 60 99 29 85 19 77 98 102 14 24 123 54 53 19 9 112
    16 78 122 124 33 23 94 25 76 43 73 79 121 49 12 119 48 10 102 66 45
    96 97 84 14 38 71 24 1 69 113 85 79 59 60 1 48 19 99 102 30 125 3 96
    13 110 45 92 110 75 63 55 119 39 102 56 40 20 83 58 97 92 51 80 88
    65 122 11 76 9 70 125 122 39 43 38 74 55 34 46 1 9 118 47 52 28 47
    88 47 0 54 91 47 72 112 123 24 27 39 47 93 46 78 126 108 122 74 43
    93 66 38 6 112 27 38 33 39 24 33 0 115 83 0 40 71 119 99 70 94 44 19
    33 28 4 126 74 105 14 27 26 59 76 49 13 60 78 10 52 111 122 91 36 29
    47 53 94 34 78 94 55 51 94 63 90 38 69 70 7 22 115 44 111 21 20 12
    127 99 44 91 4 18 41 79 115 41 74 115 0 77 75 56 48 11 50 84 67 99
    46 32 14 110 117 12 105 112 31 120 16 10 112 104 110 30 3 36 34 28
    60 20 51 84 54 90 126 110 0 106 103 53 13 8 97 102 111 109 3 78 81
    44 13 107 83 45 66 35 121 80 121 112 70 23 111 115 20 16 120 60 116
    67 27 98 95 20 114 16 57 65 10 81 19 82 75 77 31 96 68 92 74 12 62
    39 54 78 93 72 23 68 109 66 77 1 33 0 92 65 91 64 39 86 108 36 101
    26 46 57 72 16 102 96 43 26 15 50 98 27 27 15 100 44 116 29 24 21 22
    112 30 21 47 74 8 69 107 23 43 70 124 10 127 27 126 76 52 90 32 69
    107 62 80 55 119 23 68 43 26 48 118 106 108 65 64 50 68 77 28 118 0
    82 14 32 3 98 4 60 23 78 23 79 33 13 125 10 23 16 117 100 111 67 37
    48 105 119 113 108 58 124 71 20 119 59 105 77 69 106 42 55 87 22 127
    47 115 22 85 75 101 59 15 21 67 118 120 117 13 0 89 67 42 80 32 75
    69 64 109 75 3 76 74 113 19 82 82 59 30 21 52 5 49 126 78 42 6 109
    25 64 124 51 41 85 35 120 104 34 38 13 10 38 101 32 81 9 96 127 38 3
    79 1 35 58 126 122 122 45 2 39 92 100 77 8 21 96 73 57 77 108 116
    120 27 98 106 49 62 24 98 32 95 57 20 15 11 39 62 47 81 26 91 51 20
    121 76 125 62 15 4 86 2 51 7 9 64 45 9 112 46 58 92 24 60 49 21 29
    115 124 70 96 125 98 52 124 91 33 20 28 10 50 87 83 2 71 119 70 96
    35 110 32 94 82 12 81 24 75 106 103 79 92 94 83 50 18 110 53 45 108
    73 3 83 34 73 71 46 125 58 111 31 50 90 107 8 89 59 41 53 4 87 87 49
    120 9 25 54 71 112 86 98 92 80 13 53 123 110 70 35 39 65 3 124 85 51
    29 13 60 114 123 96 3 88 45 34 74 52 78 30 36 14 83 65 58 14 17 32
    50 85 31 27 41 110 51 97 123 103 32 31 127 85 28 89 59 68 113 109 47
    123 67 19 124 29 20 24 66 112 1 45 31 49 97 74 7 19 67 30 96 83 117
    16 55 118 72 43 95 112 38 34 79 10 79 17 84 123 110 12 108 95 77 82
    126 53 11 80 116 124 62 28 21 24 92 14 54 72 23 14 90 25 8 54 93 39
    15 108 104 90 75 98 86 49 0 57 85 83 45 34 110 62 81 28 7 85 7 20 51
    67 16 68 60 59 102 24 122 118 120 19 109 2 49 77 108 26 92 92 44 3
    59 42 104 96 30 16 76 56 5 58 105 79 107 79 95 33 1 26 119 73 83 127
    85 29 79 86 21 12 32 36 71 64 119 18 83 117 4 24 55 29 51 80 78 41
    31 123 37 75 85 4 68 33 58 66 59 77 68 68 113 16 120 34 33 14 60 50
    71 78 8 99 40 34 77 7 22 44 53 33 71 116 67 63 59 87 67 20 11 109 90
    51 10 105 65 92 70 119 15 34 121 15 103 88 120 38 30 24 107 67 75 39
    55 98 95 45 5 17 43 16 127 111 84 74 110 95 126 72 46 69 25 9 27 46
    124 48 33 26 89 69 102 73 10 96 59 109 35 21 111 33 104 27 45 69 80
    45 96 68 9 13 62 102 95 78 77 77 93 11 118 32 46 21 8 58 107 52 109
    70 35 32 41 115 105 50 22 46 58 14 14 23 18 11 49 83 94 110 81 68 66
    71 97 3 24 74 126 46 14 13 97 35 100 76 21 46 64 29 106 89 73 64 5
    21 10 96 19 8 52 106 111 85 114 12 67 72 106 37 91 68 76 122 80 23
    73 3 105 3 39 29 40 50 43 104 64 34 87 39 37 59 27 51 119 101 49 69
    15 50 40 109 115 107 87 108 77 66 31 4 93 51 49 95 71 121 1 81 74 59
    94 102 52 103 100 60 25 19 7 12 89 66 14 122 91 92 126 53 92 118 21
    114 8 1 82 12 54 122 84 84 101 115 104 98 64 72 86 76 21 86 78 28 22
    47 92 83 119 67 93 9 52 80 48 111 18 101 77 94 114 112 45 116 102 4
    25 97 44 26 66 105 53 2 80 23 106 51 73 71 47 25 11 7 115 15 43 45
    90 68 105 34 14 95 126 64 44 68 48 25 91 72 111 108 107 89 115 112
    24 12 67 50 117 9 95 7 60 3 103 102 62 56 48 78 60 40 126 26 110 94
    73 118 50 46 69 97 69 55 100 106 23 119 78 10 95 122 36 97 19 108
    113 104 38 18 22 85 54 117 35 59 97 59 85 83 63 111 4 55 82 101 2 27
    16 103 106 17 3 93 81 107 98 101 28 82 26 115 81 23 126 26 13 9 26
    114 23 104 8 32 87 112 26 43 5 105 15 113 53 87 111 94 4 115 65 49
    105 26 107 24 125 93 46 103 70 2 57 67 34 81 3 107 22 103 96 63 95
    16 109 89 8 71 9 117 33 92 36 54 42 83 41 71 122 67 74 67 58 73 39
    28 72 55 46 93 76 8 57 47 67 47 45 16 35 88 5 41 90 15 52 80 21 61
    101 98 13 126 41 95 123 127 119 64 113 77 9 80 103 37 116 26 73 36
    39 92 99 60 100 82 26 125 122 25 20 40 75 115 21 70 71 61 17 9 41 24
    74 43 104 94 31 61 23 21 115 87 93 107 58 82 14 25 25 35 63 93 16
    111 24 4 116 24 100 121 88 123 103 13 93 18 115 104 103 109 32 108
    47 36 7 121 30 71 48 85 78 67 39 59 25 72 11 22 103 79 8 63 126 36
    20 103 24 34 85 58 83 119 0 105 106 45 89 106 38 92 38 61 100 87 111
    112 19 127 14 66 113 53 64 23 69 98 96 110 22 78 30 1 23 63 84 53
    111 126 115 47 39 124 16 16 32 94 101 55 29 27 81 72 81 49 57 0 43
    91 11 38 80 125 81 75 71 14 90 30 2 78 99 100 108 16 121 23 71 72 29
    73 64 127 80 91 57 2 29 75 85 88 13 73 93 37 113 19 101 30 56 16 2
    43 44 114 113 39 102 109 63 127 26 48 62 94 90 20 119 111 55 123 48
    35 112 55 75 34 73 45 65 83 86 13 108 37 81 85 98 41 89 61 65 22 35
    115 124 55 41 21 98 58 56 123 104 93 26 22 83 47 14 17 102 40 8 101
    108 51 107 61 69 4 109 37 90 58 19 114 76 67 99 71 46 0 54 80 59 65
    58 27 30 42 0 113 9 13 71 88 54 66 79 30 45 68 20 71 38 16 117 102
    37 66 111 38 87 70 95 9 58 53 76 23 40 69 25 84 101 122 0 55 83 87
    24 112 3 56 46 55 45 48 30 118 94 107 59 63 25 60 85 2 65 97 60 30
    68 67 95 35 63 8 120 104 110 90 42 55 111 92 50 16 80 59 61 110 38
    91 85 38 96 47 113 39 99 44 64 110 0 34 31 108 68 25 99 13 77 8 85
    90 63 10 114 30 17 38 55 6 65 97 49 2 106 23 47 23 91 78 81 105 29
    106 123 67 112 102 117 69 67 17 57 69 61 127 63 53 36 82 37 32 56 33
    84 124 19 54 67 16 59 112 107 125 37 87 21 104 34 16 20 54 115 89 78
    44 123 74 100 44 19 125 38 125 91 99 79 118 110 38 99 104 13 93 9 26
    87 48 116 43 25 45 101 30 7 91 43 81 80 109 19 60 97 78 115 71 6 96
    109 99 101 77 125 50 118 36 30 104 69 18 117 88 105 55 98 18 87 71 6
    22 46 66 69 8 70 5 118 15 77 60 6 17 73 120 33 13 105 101 29 120 31
    99 29 105 40 70 58 7 33 98 83 104 9 4 123 41 29 91 59 82 14 87 107 8
    96 90 43 36 121 15 65 65 12 91 18 127 55 24 121 114 8 45 48 88 46 79
    102 5 10 22 75 117 126 91 71 65 82 52 103 43 44 66 16 70 20 84 36 30
    52 111 103 11 27 77 54 122 70 123 91 72 96 97 41 118 91 23 17 13 104
    115 100 73 20 56 35 10 96 8 35 125 91 57 66 95 5 40 35 70 63 15 71
    54 87 47 76 34 40 74 10 70 62 74 92 125 17 85 48 1 104 84 13 79 115
    29 110 118 63 29 88 73 100 1 25 30 76 63 68 8 66 55 40 9 22 124 101
    75 112 22 112 55 103 75 60 8 33 105 108 80 10 113 0 39 88 88 92 33
    32 22 113 70 120 44 4 47 98 67 47 105 31 55 29 26 6 74 49 81 36 76
    122 15 122 91 82 3 60 11 32 65 58 21 103 41 8 14 92 117 99 116 122
    88 37 63 22 74 21 6 2 83 29 65 118 86 71 120 63 43 26 113 111 31 8
    88 18 48 23 71 109 82 107 11 91 11 81 25 60 115 55 114 17 124 16 50
    114 11 62 104 68 60 70 85 37 50 12 56 22 113 96 58 64 81 26 64 44
    106 75 107 107 93 75 118 22 44 41 34 76 58 26 126 57 89 51 76 36 127
    31 30 35 37 84 111 113 38 24 8 48 126 105 83 3 55 98 68 74 122 92 28
    38 70 14 28 0 39 11 3 41 30 12 117 27 56 91 14 60 49 58 12 79 9 5
    120 121 126 61 51 65 33 21 22 54 86 17 51 50 99 9 107 122 38 18 17
    107 25 59 13 35 48 56 120 35 114 64 63 7 81 90 9 81 36 12 66 56 99
    82 83 101 43 33 94 96 78 55 93 15 69 18 126 80 86 33 90 76 57 31 38
    90 93 119 38 38 67 93 125 94 25 63 114 44 64 48 123 82 12 77 82 108
    33 14 37 70 50 89 19 114 28 108 96 51 98 10 22 122 91 19 126 26 70
    62 2 77 113 82 23 79 53 42 121 71 71 4 107 46 83 82 25 83 100 80 21
    47 43 30 115 91 33 25 108 10 89 105 116 11 66 113 77 93 7 47 90 18
    38 98 62 26 119 30 47 93 97 81 0 107 18 106 105 70 4 26 115 114 29
    79 118 52 21 88 44 25 1 93 44 44 83 82 92 7 120 54 57 4 38 120 28 38
    28 14 92 55 10 6 25 82 66 48 75 22 39 22 117 73 56 111 14 73 125 26
    23 85 113 114 64 42 95 62 20 12 127 98 99 10 91 48 35 121 19 33 97
    65 111 11 13 113 96 72 88 100 24 103 3 26 53 47 104 121 10 101 56 74
    17 32 74 11 118 35 21 109 109 81 88 37 54 40 88 68 46 121 80 61 17
    121 21 41 21 113 81 24 104 4 29 106 61 111 4 2 41 109 22 42 65 32
    121 58 105 93 81 77 72 73 41 5 63 99 118 95 74 35 4 46 57 83 78 119
    14 0 1 84 75 117 46 55 113 43 56 41 36 49 126 83 67 45 20 75 21 75
    99 75 4 3 49 15 0 55 75 111 92 104 33 38 114 74 16 117 84 104 113 75
    100 120 36 113 63 11 65 1 123 83 60 111 99 69 28 97 30 127 92 69 24
    37 0 86 96 84 37 65 84 40 56 19 32 43 62 5 69 93 75 14 73 90 24 59
    25 106 50 110 33 86 22 13 115 18 119 92 43 50 67 40 37 12 23 5 42 11
    94 20 17 117 103 80 87 29 18 84 45 13 29 56 38 77 5 57 73 100 1 32
    65 3 21 108 32 90 56 62 26 89 10 113 113 45 70 100 3 47 93 35 107 32
    103 71 8 76 49 34 88 33 15 83 19 15 126 77 103 95 79 7 116 48 74 36
    77 116 74 37 15 78 52 63 51 7 49 16 112 87 59 39 91 96 23 97 43 91
    115 38 115 92 4 73 100 123 48 119 74 2 88 12 43 6 106 89 3 79 21 105
    102 25 7 40 105 30 75 105 30 58 12 91 39 83 109 12 20 105 112 91 62
    119 45 115 61 49 2 117 33 25 10 103 30 36 84 52 125 79 64 17 5 64 15
    2 53 56 33 64 32 127 68 40 43 103 102 27 123 77 34 96 62 52 37 11 66
    58 72 72 72 26 24 55 42 98 29 72 121 63 127 60 43 105 85 48 21 28 61
    52 34 67 22 61 118 12 8 76 111 116 27 3 105 26 87 85 92 50 23 64 83
    51 121 39 85 13 42 99 72 70 80 4 109 102 99 70 119 83 77 34 63 32 83
    90 79 43 41 101 58 84 7 26 84 120 13 116 92 60 42 115 91 56 48 118
    80 37 18 12 29 123 112 85 64 105 43 19 33 46 81 99 12 52 10 125 97
    54 107 86 106 22 84 46 85 69 4 1 84 34 83 119 8 105 4 117 3 26 75 38
    7 8 49 74 69 70 17 103 107 113 120 118 46 44 89 91 68 8 124 69 16
    109 124 34 91 111 13 99 76 81 67 14 26 73 115 25 13 76 46 116 61 82
    102 117 98 107 121 109 24 78 108 41 52 66 35 21 47 123 115 122 114
    92 54 99 74 57 126 90 86 72 82 30 112 118 63 35 14 41 113 82 60 16
    57 105 9 0 57 78 121 126 29 53 13 82 54 85 44 66 43 79 10 82 61 13
    74 75 43 9 66 93 92 15 92 19 32 94 74 61 66 12 37 8 121 15 47 39 44
    106 0 0 73 65 7 67 32 79 50 7 87 74 65 18 52 17 53 66 77 14 107 104
    84 35 98 14 55 64 58 22 19 105 23 13 25 57 20 11 70 113 56 68 111 85
    49 15 39 113 113 46 115 64 86 122 122 104 87 100 98 73 30 72 48 106
    41 8 83 26 13 57 118 68 13 108 62 109 119 59 1 126 32 2 118 16 54
    118 0 126 101 1 120 22 4 98 69 37 91 45 104 15 37 26 124 43 73 50 47
    39 7 48 108 10 67 1 5 126 76 93 120 65 95 108 2 125 93 27 44 102 70
    44 60 39 65 1 108 19 16 100 16 15 107 9 32 86 80 40 118 123 69 123
    106 122 104 36 5 28 11 27 21 65 83 108 72 32 2 3 67 70 116 12 70 21
    26 41 59 32 17 0 18 82 35 12 75 71 83 26 32 31 14 50 79 100 127 94
    56 61 17 125 120 49 17 91 77 38 74 58 97 127 45 39 126 97 33 123 77
    2 88 57 106 50 95 6 51 112 30 49 85 105 5 12 29 31 4 58 126 115 24
    36 6 24 103 72 106 2 127 96 108 21 2 13 34 14 59 100 60 114 114 92 5
    81 28 46 111 14 39 52 111 114 36 29 113 119 99 109 37 17 74 99 19
    109 102 36 48 67 63 36 90 35 102 95 127 14 119 118 22 12 33 34 58 74
    116 47 34 30 107 9 100 91 57 10 112 37 116 41 32 12 35 119 67 34 83
    120 16 51 8 90 36 35 98 7 90 58 109 103 45 125 85 127 91 87 30 10
    112 14 88 117 1 71 28 16 106 87 108 70 108 107 108 8 75 91 42 76 64
    75 18 3 89 75 61 28 18 10 14 66 89 103 102 53 99 22 17 73 42 54 43
    107 26 34 6 2 49 69 64 116 111 55 70 107 94 121 7 22 86 77 94 27 125
    24 31 46 111 63 74 41 10 120 42 68 23 103 52 116 7 34 76 55 53 105
    92 5 125 90 23 18 62 58 15 62 85 17 65 25 77 75 10 80 53 52 76 33 37
    6 42 17 73 80 59 3 75 10 74 54 10 48 45 74 99 5 111 27 106 71 105 91
    29 115 56 66 24 7 37 98 72 68 125 6 69 101 6 108 79 76 6 78 97 71 15
    48 115 56 64 84 84 46 95 73 2 12 38 114 105 75 106 10 25 121 121 102
    88 116 10 96 23 60 111 66 117 39 18 43 93 48 78 126 125 31 31 37 115
    24 89 36 82 97 61 39 49 110 114 75 127 36 2 16 66 105 111 14 68 46 4
    44 28 28 78 93 78 45 32 61 62 98 19 102 18 62 73 43 121 66 21 57 29
    16 74 54 14 100 57 6 104 52 38 80 11 30 52 47 24 73 26 11 65 76 121
    8 78 115 126 58 98 24 63 73 117 117 55 108 14 24 110 100 120 91 125
    104 38 86 125 84 17 49 4 92 76 2 97 16 34 83 28 49 72 31 33 85 8 123
    87 70 101 53 49 13 97 0 72 126 12 23 77 3 101 20 12 13 83 123 24 51
    50 126 103 105 105 115 78 85 80 78 12 77 62 85 3 42 65 124 49 68 99
    62 52 2 76 16 95 31 62 98 44 66 112 126 8 78 104 111 17 52 11 112 39
    112 27 5 19 65 85 80 112 87 33 62 25 54 70 68 104 124 65 53 42 50 28
    58 55 33 28 22 79 114 116 107 116 19 112 26 45 45 83 22 23 110 32 48
    23 31 121 46 66 114 71 105 41 121 118 30 71 3 87 16 24 29 4 80 38 94
    38 48 40 93 121 1 9 82 78 16 90 63 27 118 13 54 60 83 25 21 29 20 45
    10 38 66 39 37 31 121 12 25 38 65 24 73 70 38 68 50 78 122 50 1 125
    21 90 29 18 1 115 53 88 38 78 17 25 90 126 74 62 77 50 59 35 14 38
    58 118 121 120 24 47 90 107 24 81 78 47 28 51 9 65 108 7 100 44 76
    68 66 111 69 70 18 101 8 127 20 101 74 101 105 123 107 16 1 25 46 82
    19 45 31 62 75 65 54 28 110 86 103 93 30 18 101 62 28 57 9 103 90 11
    88 51 24 46 106 35 77 99 71 56 3 0 76 20 41 114 109 123 80 41 8 91
    52 68 95 47 26 11 121 78 88 2 91 121 91 1 91 60 81 39 126 82 7 24 70
    1 78 77 112 78 67 61 8 99 30 55 103 39 42 99 113 25 92 124 78 26 25
    57 43 11 67 63 10 2 105 59 5 92 78 88 127 123 51 72 46 105 121 29 55
    75 110 114 83 81 34 7 60 69 79 26 39 12 60 127 67 93 39 21 26 16 75
    49 93 65 104 124 103 30 46 56 65 83 66 25 102 71 100 1 13 94 77 112
    96 54 39 94 116 125 27 87 109 65 65 68 111 13 87 62 79 63 62 100 122
    23 112 8 9 10 126 38 32 50 97 28 15 23 94 45 11 99 77 125 42 33 7 61
    114 85 19 37 18 109 13 80 57 79 59 111 123 18 24 82 95 109 106 117
    109 91 71 82 33 2 80 94 118 41 124 27 126 74 1 119 125 10 32 39 30
    72 25 57 0 88 4 24 91 49 19 47 74 66 5 44 85 20 52 37 46 68 2 82 5
    62 8 53 53 0 61 77 46 36 37 5 5 26 73 78 96 52 40 78 17 44 121 74 63
    110 17 51 27 81 92 0 53 69 81 43 45 88 80 127 20 4 39 82 8 92 124 95
    119 116 71 89 117 43 59 35 86 102 42 66 39 126 46 29 104 77 46 5 84
    84 117 82 71 108 21 93 57 68 41 95 61 84 28 92 68 62 71 89 96 44 10
    18 37 0 120 54 6 31 93 49 80 23 60 57 100 25 7 98 113 66 6 11 93 22
    124 42 74 39 68 109 52 1 64 41 89 18 5 20 13 44 83 80 107 75 5 76
    107 127 110 86 16 80 91 62 3 21 21 104 121 55 122 90 87 72 29 53 101
    106 113 115 72 109 20 70 25 68 11 88 46 73 126 11 81 50 59 77 17 127
    15 31 123 47 119 106 96 82 57 81 64 42 123 53 121 61 123 8 42 114 94
    55 109 49 24 37 55 32 96 97 82 38 61 10 14 17 126 104 47 17 59 116
    28 122 6 42 58 25 24 116 14 75 15 59 34 12 39 99 70 11 91 35 38 8
    125 99 79 69 77 99 19 81 89 59 8 75 29 52 77 117 127 105 13 41 5 49
    79 63 69 38 68 78 92 99 118 23 93 14 103 51 71 38 57 70 20 49 122 57
    24 108 123 8 107 73 105 83 94 10 62 96 44 57 15 43 68 51 13 64 110
    53 89 121 83 24 39 127 3 0 9 112 126 9 23 95 127 64 88 110 29 126 90
    51 10 43 67 45 102 68 84 83 57 22 92 41 45 3 83 92 38 80 121 11 81
    28 79 95 27 125 57 72 84 16 49 91 17 55 39 10 35 119 30 13 76 99 93
    65 70 35 117 71 50 31 10 43 107 7 48 41 43 29 80 83 30 3 37 16 50 73
    32 51 85 62 43 44 25 107 111 0 55 47 114 125 47 122 77 35 85 28 3 33
    58 98 55 113 68 37 15 84 117 70 83 62 25 28 79 90 44 44 45 48 47 10
    92 49 20 104 126 98 18 79 122 30 15 5 122 103 65 45 37 63 124 59 79
    8 99 110 15 78 2 5 56 80 34 64 2 104 50 26 39 113 101 1 40 36 6 31
    48 49 16 107 15 80 94 70 32 32 45 13 98 24 108 36 94 42 94 4 24 58 4
    54 93 17 23 111 7 61 94 90 113 17 55 50 48 12 86 92 64 86 70 50 48
    92 21 93 49 119 98 19 30 6 104 42 4 58 114 88 100 50 2 40 65 78 116
    55 127 54 30 60 46 114 105 93 109 20 9 126 26 109 127 58 26 115 124
    106 0 23 124 5 84 83 0 73 106 110 59 19 84 100 55 122 81 116 25 118
    115 106 109 53 64 4 73 36 93 81 46 104 115 1 6 92 5 100 67 69 127 13
    73 73 18 96 26 60 82 119 122 3 5 0 8 57 28 60 13 93 69 13 44 52 74
    12 17 9 74 103 14 40 33 23 39 121 53 42 34 123 24 49 84 99 127 68 22
    65 92 22 28 16 79 117 32 11 4 81 55 41 109 54 101 9 114 63 107 34 57
    117 21 12 19 47 64 28 116 77 109 72 46 97 119 69 114 62 30 111 122
    13 100 77 7 87 56 113 5 96 64 52 98 29 71 88 30 42 9 77 79 48 65 81
    41 58 49 107 46 2 78 66 94 72 72 63 34 42 61 12 57 51 59 73 86 5 41
    77 1 116 9 108 90 20 109 98 86 34 62 115 27 37 7 0 127 63 57 83 122
    33 20 67 102 95 67 65 78 77 93 74 125 114 87 31 34 79 103 105 48 88
    19 62 106 79 99 56 42 85 13 56 6 14 20 49 57 96 95 115 93 15 51 39
    20 8 106 103 6 102 88 64 123 65 88 39 119 86 34 5 88 112 83 44 40 43
    45 60 102 67 100 92 103 18 61 35 106 46 109 44 83 86 43 10 16 89 17
    122 94 97 65 60 19 93 86 27 120 66 42 38 97 65 6 57 125 33 8 90 8 42
    38 9 105 53 33 9 65 109 41 29 45 122 106 99 101 89 16 113 116 86 41
    21 98 18 65 21 16 99 74 14 98 44 95 69 33 64 12 13 12 91 1 21 123 30
    49 58 19 66 88 6 21 61 59 114 38 65 102 114 13 106 6 32 93 96 56 46
    41 50 54 37 55 17 17 89 75 73 36 14 95 112 27 84 115 26 113 112 69
    23 39 11 76 51 92 40 116 56 25 51 39 92 5 98 6 22 81 91 91 38 109 93
    126 39 44 123 58 86 107 33 12 73 23 125 121 110 36 31 84 116 90 98
    39 90 49 13 8 76 25 67 56 118 121 55 40 24 38 14 62 108 116 53 98
    114 47 126 55 57 92 99 70 9 115 53 26 124 41 61 28 21 14 51 2 74 11
    44 100 32 48 106 107 71 57 69 0 71 77 47 103 52 59 42 113 15 77 29
    103 61 108 4 123 121 9 42 81 104 21 0 109 1 22 102 62 42 39 62 82 58
    85 65 33 31 113 5 15 110 68 40 125 41 103 125 12 108 51 96 62 121 90
    12 72 121 42 13 112 124 19 54 28 102 87 0 1 67 91 65 25 65 13 78 38
    4 15 118 29 2 59 17 60 105 16 91 48 64 1 34 73 85 30 39 86 3 105 52
    16 123 46 16 123 101 79 68 88 17 0 53 105 96 109 45 9 12 80 105 93
    36 12 108 59 1 17 13 119 19 65 16 17 2 56 11 84 111 63 67 22 3 71 79
    35 92 74 57 78 47 57 49 96 61 126 75 3 105 34 11 94 118 55 103 96 98
    122 56 54 23 92 112 2 3 70 107 82 109 15 47 117 95 76 99 71 46 80
    109 122 12 28 115 76 13 32 41 48 108 5 114 15 55 98 2 124 34 58 99
    98 5 111 127 36 85 20 90 90 86 39 54 16 4 64 105 5 89 11 68 58 125
    91 81 27 47 115 118 9 46 66 113 121 81 37 35 105 38 67 37 2 76 56 8
    87 6 106 127 12 124 42 126 49 21 118 80 39 77 100 29 112 63 45 30 45
    115 51 56 88 2 127 38 34 55 88 118 91 97 40 8 40 19 2 45 24 87 67 68
    65 35 126 66 54 71 110 108 52 120 79 79 109 73 41 96 18 38 116 5 0
    93 113 3 100 33 97 56 13 116 72 12 50 25 26 20 71 45 40 48 93 1 66
    60 36 16 2 25 69 106 34 16 85 39 90 39 119 62 75 1 91 41 11 37 53 6
    75 112 8 7 104 101 59 90 36 29 41 11 76 36 18 6 63 99 74 16 65 109
    46 24 28 28 93 7 8 127 85 115 127 56 64 59 47 106 73 87 30 8 71 2 45
    67 109 120 50 56 35 20 2 50 49 33 127 11 25 64 87 112 93 44 127 47
    90 46 32 25 43 69 8 97 94 103 36 63 65 114 85 58 44 124 68 92 80 54
    74 79 24 115 97 35 44 109 29 40 52 18 47 50 9 72 73 1 78 31 58 57 51
    4 36 78 21 47 102 117 78 5 114 117 103 19 57 30 37 33 120 69 44 0
    104 78 122 111 36 4 125 96 59 89 23 33 64 26 29 74 126 27 87 13 75
    84 105 80 46 50 113 37 74 83 77 20 84 82 118 86 122 80 113 89 77 49
    60 117 72 109 58 26 94 111 119 102 48 77 3 19 103 35 45 29 78 108 89
    42 111 120 89 21 87 94 111 67 88 74 119 126 41 82 17 92 104 117 99 7
    37 99 91 93 5 14 78 67 16 119 8 18 113 30 20 13 2 50 8 119 70 75 34
    57 64 30 63 117 28 122 113 39 124 106 107 43 84 6 117 82 40 11 75 23
    22 80 13 116 118 53 127 124 2 13 15 68 115 83 86 27 82 78 35 125 47
    125 45 46 34 19 109 2 69 103 0 61 53 77 100 79 6 88 75 73 64 99 14
    72 93 99 69 70 87 77 10 24 66 27 48 83 36 33 118 28 7 15 35 68 114
    76 50 110 123 109 89 99 96 12 21 119 65 92 73 7 99 26 4 76 78 79 71
    124 6 20 14 108 49 38 109 13 58 8 54 85 31 108 23 46 22 90 78 114 96
    65 126 113 60 51 74 68 45 84 94 83 46 119 13 4 37 74 26 96 105 110
    92 7 75 4 36 106 42 46 92 39 7 89 101 66 100 59 71 37 126 109 90 59
    105 66 57 15 95 127 85 60 93 70 10 124 21 26 2 39 37 1 117 94 110 8
    119 108 20 109 102 17 80 38 73 107 64 46 18 70 64 42 2 15 26 46 59
    23 0 124 51 99 104 17 43 8 106 123 102 56 16 43 62 35 15 106 82 60
    110 9 71 30 42 101 82 17 21 3 64 14 105 91 95 75 118 51 60 27 123 83
    15 64 53 53 43 61 49 109 31 25 93 52 89 102 2 90 32 63 122 13 7 74
    42 123 85 89 23 104 59 0 117 22 51 10 108 87 52 56 29 46 82 34 41
    121 0 20 99 52 117 119 101 90 26 15 101 99 78 83 15 7 33 33 54 64
    123 38 105 72 47 105 61 45 29 16 92 57 86 46 8 105 35 66 34 52 25 49
    19 52 115 79 36 70 8 17 40 65 122 0 117 90 86 87 21 86 83 58 30 113
    7 94 85 86 44 2 106 88 57 100 88 11 28 12 121 87 88 110 114 18 35 22
    109 86 61 114 78 1 82 119 98 62 1 126 11 84 54 123 61 62 33 32 87 45
    13 28 74 24 84 22 54 104 69 79 38 19 112 123 52 0 33 121 112 119 46
    126 10 113 6 69 15 91 106 89 7 99 80 115 110 95 89 26 86 2 106 65 36
    38 25 87 44 79 56 66 14 64 108 109 107 51 118 87 103 42 13 91 121
    124 95 83 120 74 66 46 34 119 118 122 96 80 57 35 50 11 88 118 49 55
    12 27 55 101 72 117 59 110 91 90 12 80 41 115 3 88 87 122 52 112 125
    65 112 1 54 10 121 62 105 2 88 25 41 67 28 101 57 81 95 107 45 61 50
    42 39 8 108 35 44 41 22 109 3 9 119 61 95 83 122 75 81 40 46 41 61
    78 91 111 87 11 69 46 111 60 118 5 109 114 72 5 58 85 79 0 52 17 16
    97 110 85 92 29 124 47 44 33 2 89 102 27 106 119 101 62 90 109 30 45
    33 37 116 47 125 41 102 62 33 12 30 15 118 121 26 99 31 108 83 90 64
    23 114 0 14 36 102 48 87 38 111 79 53 73 84 29 122 88 90 6 66 13 53
    71 49 116 58 51 1 49 120 34 36 106 50 63 33 87 110 74 78 116 4 55
    108 56 42 4 106 26 60 2 110 39 6 91 93 46 12 3 43 67 20 100 27 28
    111 31 121 32 7 34 118 123 24 106 124 72 60 111 4 74 127 91 12 2 32
    116 18 85 107 58 79 89 61 22 9 45 38 84 68 77 44 112 59 34 114 56
    121 9 29 90 7 11 34 81 17 17 52 43 34 0 30 77 21 111 41 100 93 111
    39 27 2 98 77 85 94 88 91 108 96 57 101 76 62 53 9 77 38 40 70 11 83
    102 127 51 118 48 58 54 31 46 126 18 38 59 40 64 17 36 86 125 52 9
    90 121 77 33 15 90 44 6 56 26 17 109 18 122 47 22 2 77 65 30 26 73 7
    8 96 46 1 61 24 46 53 105 111 121 41 81 99 62 34 92 106 27 4 105 38
    12 54 42 78 39 49 100 32 39 109 118 92 121 26 120 45 20 23 17 37 96
    90 23 73 44 26 68 17 103 62 2 17 39 87 29 88 29 17 16 22 17 63 85
    104 91 17 126 65 43 110 97 71 13 24 33 41 120 57 84 80 62 54 14 117
    55 52 98 26 27 66 105 98 36 100 62 96 13 89 20 67 28 76 116 1 0 63
    102 36 106 0 118 24 102 23 88 35 100 113 37 110 63 3 5 5 117 91 17
    126 101 33 11 79 55 23 70 10 83 62 55 104 118 48 124 9 52 122 94 44
    99 42 114 119 0 65 94 5 53 3 71 73 112 67 117 30 124 2 68 110 2 80
    39 123 18 58 18 47 9 5 92 98 106 126 24 48 51 115 5 86 56 10 25 26
    58 62 29 80 30 52 69 15 86 109 110 62 110 7 54 30 93 95 25 101 112
    126 18 38 110 125 106 121 98 26 122 82 87 122 38 34 6 30 57 32 69 11
    66 0 27 16 88 106 84 84 102 33 78 104 103 109 14 117 22 77 2 110 78
    118 88 27 121 65 75 48 80 4 95 8 62 125 28 34 84 121 108 67 86 123
    57 18 91 122 120 97 109 79 73 18 115 59 31 105 90 115 58 79 44 110
    76 126 83 98 18 90 114 92 32 54 19 84 32 121 84 16 16 10 66 63 51 35
    99 62 72 88 98 76 72 20 79 54 23 87 106 96 50 122 36 79 74 127 122
    23 19 92 73 103 105 27 15 65 38 30 81 112 62 62 119 13 44 0 61 68 96
    123 87 43 115 112 30 68 80 10 38 95 57 77 52 62 21 29 97 98 62 115 3
    35 19 33 45 27 68 39 46 49 81 71 24 26 54 123 39 34 118 81 118 117
    98 10 122 121 123 34 74 102 22 87 72 68 20 19 77 106 16 73 39 124 4
    35 75 114 89 7 123 41 59 76 24 126 17 13 77 24 29 42 88 54 68 6 37
    21 72 105 4 26 127 97 105 23 72 72 0 28 97 59 2 80 60 59 55 95 48 25
    108 76 1 60 24 89 27 100 50 5 80 58 11 31 37 127 87 109 103 123 121
    0 53 29 84 21 100 16 22 23 70 16 3 30 30 121 43 112 109 60 60 3 124
    2 83 1 26 103 44 2 89 83 78 8 118 12 32 45 37 42 38 17 92 44 44 7 73
    89 116 20 117 78 47 34 24 28 7 50 33 121 83 45 65 119 19 82 18 94 84
    56 70 85 99 94 25 57 98 60 8 5 80 78 118 1 21 62 42 57 89 4 67 99 69
    92 121 30 32 28 118 45 121 59 29 83 109 102 125 25 111 99 59 55 69
    26 78 56 1 112 118 65 75 121 69 32 25 84 65 51 48 114 86 105 65 50
    49 4 84 26 37 31 8 8 44 11 1 66 30 80 44 2 74 71 57 65 119 52 114 61
    38 49 73 6 97 27 123 80 89 65 46 28 33 127 83 52 99 53 127 45 81 59
    105 91 119 72 76 82 0 32 69 127 29 40 15 4 99 116 76 37 39 1 81 71
    41 27 0 82 112 43 66 33 65 11 36 8 115 9 3 86 59 103 37 108 119 22
    84 68 82 105 82 12 70 89 21 78 29 14 10 84 51 68 53 13 93 64 27 33
    34 48 120 30 83 78 108 65 92 30 3 110 19 16 23 6 32 106 25 112 17 48
    108 90 79 37 79 20 66 52 42 38 51 113 107 43 69 127 57 76 70 34 63
    92 70 125 14 45 37 119 53 17 35 122 72 124 59 10 2 28 97 5 102 84 43
    85 106 70 84 79 127 83 100 43 77 127 48 0 18 1 71 12 95 85 110 81 29
    19 60 112 52 88 36 90 115 97 118 49 67 0 42 30 111 11 8 102 107 90
    32 97 3 20 125 25 63 85 17 71 83 121 121 18 27 112 82 86 29 19 34 22
    33 3 45 39 70 22 94 94 1 113 37 49 103 76 112 58 94 111 21 40 14 114
    53 16 110 96 30 23 104 55 64 1 102 13 36 127 31 34 21 43 114 11 12
    64 102 98 16 102 30 114 25 105 31 48 0 49 0 43 92 19 64 49 21 125 33
    98 24 24 60 75 39 67 87 60 121 98 59 78 27 84 7 1 113 33 3 38 20 97
    18 55 67 122 65 124 25 29 64 18 58 124 108 12 107 106 113 104 52 85
    119 11 71 120 81 8 112 57 119 102 86 47 50 24 28 40 107 47 47 50 44
    98 26 79 47 46 28 64 14 86 18 107 89 69 105 98 117 11 92 21 8 44 110
    23 85 119 34 44 39 16 39 11 83 53 75 120 8 26 104 87 4 65 69 122 115
    65 60 113 119 18 45 97 85 84 35 40 10 17 69 51 6 8 121 90 20 115 87
    114 5 6 64 119 28 87 34 3 35 26 97 61 62 108 96 26 126 116 103 64 60
    110 3 40 46 42 124 98 110 92 104 118 2 113 96 42 33 81 30 120 55 44
    24 80 77 78 101 106 25 104 45 77 13 107 49 34 53 28 127 96 1 61 52 5
    26 78 37 96 124 49 63 73 6 7 49 73 98 69 117 117 86 12 84 13 46 15
    76 113 18 27 27 97 25 110 114 78 39 27 47 82 3 62 85 125 112 67 16
    119 24 52 126 39 3 45 108 99 29 25 93 48 32 61 24 92 79 105 97 104
    54 19 117 48 41 125 48 58 65 46 17 95 110 36 28 28 61 38 36 126 117
    78 120 4 84 70 120 111 33 25 61 99 114 125 127 52 54 63 76 59 113 92
    85 47 123 9 10 0 4 39 86 9 84 77 126 94 53 103 67 80 108 104 102 109
    83 9 124 32 105 66 123 11 95 20 123 122 114 73 105 73 120 5 14 96 66
    71 103 66 78 77 40 4 93 77 15 72 44 11 116 18 110 26 20 117 39 92 25
    42 126 33 71 12 94 52 53 33 127 84 94 94 38 95 117 75 53 86 99 25
    115 65 33 101 115 44 3 108 57 40 83 90 123 111 68 86 42 93 86 100 86
    15 22 98 48 15 97 80 28 85 73 104 70 21 29 78 19 67 55 66 113 81 87
    125 105 112 31 62 27 82 108 67 7 25 91 31 14 80 87 38 87 19 106 68
    70 44 86 98 65 81 42 30 51 85 13 98 1 85 102 44 33 52 79 13 0 109
    109 34 85 103 86 59 78 34 117 62 91 107 69 23 67 88 97 48 48 95 2
    118 99 93 61 36 3 19 80 45 90 0 1 35 75 24 73 100 51 68 70 116 6 93
    61 27 103 35 103 17 118 7 124 96 86 70 88 68 11 14 18 107 60 111 61
    5 86 67 88 43 96 47 65 108 24 55 56 98 61 104 19 107 18 113 88 127 7
    94 17 89 9 59 115 111 126 124 56 33 73 39 60 95 54 104 88 127 7 32 0
    125 114 65 27 69 126 55 86 102 118 63 43 31 78 39 39 117 16 29 66 14
    46 121 51 10 16 103 33 63 83 63 43 110 108 97 110 62 89 112 5 32 49
    99 57 118 49 91 8 29 122 98 125 93 19 111 36 49 92 113 99 63 90 29
    55 122 38 73 59 62 117 84 116 39 80 52 116 101 7 17 51 114 2 103 1
    94 115 57 63 112 53 43 70 106 90 103 119 44 71 83 117 107 124 100
    102 57 72 64 16 31 65 103 18 26 117 72 100 34 104 0 54 60 15 57 3 88
    67 18 102 47 14 37 95 15 50 127 37 97 50 77 19 105 23 60 84 48 54 40
    107 59 92 2 105 88 7 45 75 47 63 67 115 80 55 84 123 118 77 85 19 79
    108 25 59 76 11 94 2 0 24 19 72 32 34 4 66 71 94 64 7 9 48 77 53 112
    126 86 4 61 15 88 66 35 46 64 83 19 15 76 21 112 57 57 94 20 48 78
    57 71 1 35 91 94 114 30 63 26 25 9 71 62 95 1 56 67 53 3 125 104 102
    91 43 30 100 122 124 86 106 109 64 68 122 105 122 92 82 62 122 44
    106 79 96 80 110 3 54 122 38 97 36 127 93 19 95 105 2 115 19 89 1 40
    8 32 52 88 105 14 47 104 75 82 105 11 108 71 12 123 120 8 63 3 82 58
    74 36 122 119 68 109 22 111 55 117 62 108 30 16 12 31 29 60 100 35
    13 66 53 66 22 126 90 0 99 62 60 103 12 39 79 24 98 108 19 125 43 7
    46 53 84 55 39 22 65 21 75 58 19 66 66 70 124 26 10 102 9 100 100 73
    126 34 101 106 32 31 115 29 104 13 71 18 67 92 61 8 73 96 0 12 37 39
    89 65 75 126 47 96 101 78 88 105 77 115 22 99 108 110 72 65 25 47 0
    93 53 124 91 103 107 95 113 47 51 114 95 58 52 121 67 125 56 67 109
    26 75 37 9 63 73 91 14 14 26 68 121 60 60 54 22 66 19 119 100 17 34
    125 56 3 89 124 112 65 89 75 1 99 111 13 67 54 69 10 113 100 103 80
    73 83 34 95 106 94 28 48 56 47 71 66 114 59 71 76 9 108 70 125 40 61
    100 88 0 25 100 2 83 78 24 107 51 88 119 75 121 90 45 80 97 83 9 12
    26 15 58 99 111 72 46 121 67 13 97 14 52 119 60 89 1 125 101 120 61
    67 104 87 91 42 41 39 125 80 114 125 101 101 33 68 17 88 54 125 42
    14 10 80 119 17 28 42 79 66 69 19 89 116 113 39 51 89 53 118 94 103
    18 102 31 119 112 13 94 62 17 69 36 48 118 5 105 28 67 11 34 102 16
    114 11 67 63 60 91 83 9 53 2 84 15 70 123 10 85 71 44 45 71 81 24 42
    13 82 37 1 4 59 102 11 65 79 31 56 25 106 62 30 77 56 48 14 43 9 107
    73 74 12 99 7 32 121 61 107 53 49 105 122 43 51 76 78 29 14 99 10 96
    38 4 15 87 94 4 77 21 49 28 70 75 45 60 119 11 35 116 44 100 35 61 2
    80 54 120 27 83 14 96 16 68 59 118 78 7 111 124 33 113 30 28 6 44 53
    44 105 84 42 88 17 10 38 43 72 105 16 100 111 30 24 52 21 124 52 112
    4 55 56 70 102 40 21 37 22 127 87 120 40 40 39 21 96 21 26 14 121 33
    108 127 0 124 26 78 85 37 18 124 77 79 77 48 40 94 23 15 112 77 35
    110 127 81 2 18 70 73 91 58 58 85 55 122 74 36 123 18 17 55 50 31 24
    57 15 17 3 126 86 42 101 9 100 26 101 8 70 86 1 8 63 18 69 104 123
    11 37 82 86 117 21 5 98 67 45 44 100 65 4 119 59 31 104 36 15 60 21
    50 99 89 90 58 35 69 61 33 97 50 84 34 52 16 101 22 118 79 126 18 83
    53 33 91 71 109 104 51 50 67 74 101 108 11 47 10 29 14 97 59 10 42
    95 118 29 96 49 84 64 29 56 101 113 14 102 48 105 84 54 104 33 18 37
    67 113 12 85 26 52 103 50 97 88 58 91 91 66 6 87 116 23 26 116 33
    100 61 107 121 101 37 22 84 122 24 109 17 74 4 76 29 7 27 10 118 121
    95 80 93 49 56 114 16 105 24 66 45 83 99 80 79 78 105 51 7 15 24 120
    30 42 85 93 65 119 20 114 104 109 28 47 117 98 68 30 109 121 89 98
    95 66 28 9 105 97 59 86 124 7 47 69 5 108 127 92 105 88 67 56 17 12
    14 104 116 83 113 38 111 2 93 115 13 84 93 95 94 127 105 44 40 48 73
    110 70 49 23 51 44 48 34 82 109 8 12 107 56 113 105 38 12 16 80 25
    18 110 58 75 58 28 9 121 1 113 35 89 24 75 10 58 63 76 105 76 55 101
    56 10 79 121 76 2 75 65 97 73 126 7 15 3 32 21 70 30 27 90 17 81 72
    122 57 41 9 34 11 29 105 100 110 94 44 2 87 10 50 30 72 68 74 126 1
    23 74 82 82 0 5 48 96 123 77 85 126 41 110 86 2 12 69 55 5 51 114 53
    98 37 55 50 86 85 10 38 68 18 68 46 53 108 93 86 15 82 61 120 30 1
    19 45 23 110 41 30 111 17 44 59 90 53 7 74 36 64 34 88 125 61 78 82
    43 63 70 89 115 70 72 123 35 20 66 121 75 51 85 63 79 98 2 74 114
    109 19 72 26 35 21 32 103 110 3 84 69 62 105 47 53 20 118 87 68 40
    23 65 64 107 55 60 100 47 39 31 20 108 120 31 99 33 33 99 101 59 58
    31 33 87 12 102 16 29 53 119 44 7 59 114 97 100 47 70 34 11 125 81
    21 54 112 73 8 58 28 53 64 113 94 127 12 120 93 63 87 14 97 23 9 63
    77 0 94 96 72 107 51 88 87 67 70 85 32 30 89 44 69 64 105 68 69 35
    33 89 0 22 66 70 114 58 86 41 55 123 76 57 32 7 98 20 76 19 51 77 98
    89 17 101 26 46 15 52 71 81 6 40 34 8 67 47 108 26 115 18 55 66 109
    43 99 14 73 24 56 35 4 81 54 34 56 66 28 0 28 39 121 55 63 121 43
    101 77 83 99 14 36 4 116 20 75 3 31 61 104 72 107 26 45 103 46 78 6
    103 103 21 95 94 1 22 90 97 52 112 31 52 124 122 83 62 17 21 48 51
    43 87 88 82 11 28 47 74 122 8 15 29 104 36 84 50 87 98 40 9 41 17 84
    92 47 60 49 57 17 42 30 69 82 20 73 6 26 92 28 89 80 87 5 116 0 57
    96 13 119 69 124 83 53 72 47 16 90 92 74 10 2 108 76 111 111 16 63
    43 38 68 12 24 94 126 113 64 86 114 14 74 81 69 34 126 66 16 54 24
    119 72 20 70 73 14 97 101 36 74 65 52 43 18 23 34 23 35 43 20 93 14
    121 8 66 32 86 91 65 71 72 72 86 41 17 33 90 32 60 125 52 15 51 108
    85 75 106 44 118 22 81 65 106 0 45 65 109 88 84 124 114 86 4 24 47
    75 5 109 35 20 63 111 101 71 98 36 50 37 97 25 46 29 64 79 68 40 10
    8 126 77 100 37 88 49 45 111 89 7 113 122 106 53 23 114 35 4 99 108
    27 27 87 93 93 71 88 103 61 91 115 102 15 21 87 90 27 63 71 115 8
    121 65 99 53 21 117 120 113 85 67 11 92 73 74 115 124 26 3 20 76 54
    126 43 35 48 95 95 123 33 68 33 103 102 51 57 107 95 83 57 91 52 34
    123 93 87 67 29 4 2 108 15 75 24 92 95 31 7 104 58 108 20 112 89 117
    122 34 99 41 65 112 87 50 12 37 66 41 99 98 42 32 4 29 51 104 88 57
    22 25 108 22 62 84 114 102 54 96 88 57 48 21 107 121 35 48 81 71 92
    100 73 18 113 1 75 81 121 51 40 65 40 20 22 73 7 85 47 89 2 8 5 106
    71 42 114 117 69 65 77 36 75 101 38 86 87 75 6 20 123 61 86 15 59 51
    117 75 5 46 121 60 14 69 15 92 125 44 58 22 72 93 84 98 6 42 64 62
    108 63 103 97 79 7 82 79 26 127 30 36 121 81 72 121 12 76 116 110
    111 5 86 105 46 121 53 120 28 30 16 91 125 95 87 68 69 108 12 19 68
    123 82 28 25 11 57 74 87 36 31 4 103 51 39 58 46 44 115 55 10 0 77
    14 28 40 70 111 60 3 8 61 89 42 9 116 100 72 36 69 102 110 88 125
    125 93 30 41 105 127 66 105 13 51 75 95 33 125 120 18 116 106 114 62
    45 126 61 1 88 84 37 86 123 10 60 113 57 78 6 2 24 0 43 55 41 97 22
    21 84 77 86 114 69 62 50 111 16 13 28 54 39 58 60 102 37 27 14 71
    121 34 71 41 45 10 125 110 115 65 57 9 90 5 2 32 57 113 98 68 28 117
    51 40 71 79 2 99 65 119 48 57 108 93 37 94 35 84 59 114 125 84 72 17
    79 98 8 119 107 61 16 96 44 13 74 110 1 8 125 99 2 95 95 105 51 63
    38 7 18 77 88 18 73 112 80 34 36 79 78 94 69 37 29 19 81 48 77 54 41
    0 126 57 55 54 105 20 59 84 10 120 79 108 23 70 93 84 65 113 39 31
    36 75 37 38 19 108 67 5 116 41 73 17 14 111 92 99 51 9 114 53 63 64
    27 96 79 101 94 9 13 6 78 78 126 12 98 47 20 81 77 10 42 113 12 107
    52 79 50 18 84 98 51 39 68 99 44 89 90 91 48 53 22 121 7 109 8 23
    110 72 112 91 26 18 26 25 94 82 72 94 118 56 76 70 3 12 99 74 123 48
    12 9 111 38 115 66 27 27 38 120 112 125 18 51 35 19 36 74 127 115
    116 94 101 59 121 118 63 101 67 85 93 56 41 79 123 48 117 87 94 34
    14 113 112 19 31 9 4 112 17 67 74 69 89 13 118 110 9 59 125 55 18 5
    68 25 123 83 87 48 64 43 27 34 48 2 33 123 72 28 87 94 94 14 35 49
    52 127 87 15 68 89 64 35 44 43 120 124 125 18 3 52 116 124 90 81 82
    24 92 52 84 68 46 101 122 38 78 110 78 47 64 55 109 89 22 72 97 2 18
    22 112 72 11 85 70 14 29 56 23 84 42 47 18 62 117 55 117 63 101 19
    34 10 67 52 58 32 86 121 126 50 67 98 120 76 83 119 76 4 118 113 100
    113 98 6 30 7 6 39 51 89 70 2 24 99 66 77 65 51 89 40 22 103 6 19 65
    21 85 50 4 1 126 90 126 75 105 53 26 70 13 74 62 55 113 43 118 37
    123 29 34 85 18 122 6 50 25 13 17 62 46 92 27 124 3 20 85 106 96 3
    120 45 9 79 92 30 17 50 118 62 98 29 77 100 103 81 44 33 69 13 82 37
    2 42 29 31 98 69 63 14 106 48 19 40 117 106 53 113 78 108 31 28 113
    121 55 19 19 90 103 73 117 93 51 49 127 3 109 9 95 7 96 54 20 46 117
    118 100 39 58 125 54 70 77 1 9 42 4 1 22 109 102 105 31 15 72 8 12 7
    124 87 19 119 45 70 33 116 3 2 46 14 5 91 27 85 33 55 109 83 32 47
    92 86 79 44 25 111 90 46 36 40 112 80 84 20 109 66 4 12 34 72 50 62
    97 67 0 29 81 18 97 51 94 39 14 30 47 38 64 73 53 78 1 103 79 81 95
    106 54 30 122 114 1 116 58 43 120 94 7 108 82 26 106 109 37 65 117
    119 47 87 124 3 90 18 72 74 31 40 17 43 27 119 47 83 33 46 110 56 9
    41 36 73 78 29 10 45 32 38 48 6 42 77 45 106 81 110 114 93 36 84 56
    16 68 83 51 95 4 120 120 31 123 93 56 55 18 92 86 18 81 35 17 108
    107 56 38 21 29 22 34 101 45 115 8 113 86 41 90 83 12 40 73 59 23 93
    69 20 71 71 45 40 17 70 23 45 56 64 84 69 106 0 30 4 104 74 37 80
    117 107 39 115 40 60 105 113 102 10 20 66 54 1 94 39 100 5 29 61 119
    104 86 67 68 90 9 21 72 48 78 77 100 36 10 73 111 119 16 28 46 77 21
    43 26 89 105 107 3 36 92 56 33 14 57 30 36 8 124 29 42 76 74 79 70
    72 69 95 127 49 101 106 20 101 105 1 121 51 122 28 84 23 37 16 88 85
    120 8 59 30 87 0 50 120 111 86 1 39 43 82 117 77 7 106 63 113 103 83
    3 111 72 62 44 87 101 45 83 53 59 25 4 107 52 99 65 81 98 115 2 94
    75 48 110 94 47 65 111 4 24 44 3 115 123 125 99 13 34 82 82 116 13
    13 84 25 12 108 33 89 21 20 76 92 96 122 82 38 34 117 44 96 55 115
    93 124 114 70 124 4 100 127 18 72 25 84 18 55 9 14 21 9 32 108 94
    101 60 94 43 35 60 20 47 93 32 8 41 72 78 123 124 64 69 102 88 9 12
    88 5 5 64 90 24 106 91 78 122 124 37 25 91 0 28 24 29 112 34 29 105
    6 5 87 113 115 117 100 57 118 62 91 112 77 31 27 56 30 91 62 7 92 89
    44 105 35 115 25 25 96 86 59 119 117 2 93 25 39 126 44 1 78 54 88 90
    73 41 72 23 80 79 9 46 16 90 122 38 66 113 75 36 83 0 82 66 98 79 33
    18 45 45 9 77 100 35 82 35 92 50 85 6 121 50 127 116 106 99 25 12 22
    17 122 98 24 73 55 66 83 23 111 16 71 118 3 49 48 64 78 106 27 92 84
    102 80 79 87 47 6 102 33 51 127 28 86 34 72 67 110 55 50 1 89 112 85
    104 127 63 93 51 1 83 83 112 122 42 105 51 40 21 76 90 120 108 16
    107 114 54 96 113 127 83 85 14 100 89 35 44 83 100 38 119 74 85 56
    21 64 87 70 11 84 47 34 77 118 68 67 2 12 88 62 47 107 31 61 62 29
    105 4 112 81 36 38 20 11 115 110 48 30 2 90 66 6 50 101 123 54 98 30
    89 108 36 106 74 82 98 95 14 11 123 54 94 104 37 92 111 61 69 5 76
    97 34 123 15 18 72 49 117 3 59 15 49 52 90 122 77 110 63 89 58 119
    17 10 21 112 55 0 4 105 117 26 27 27 59 122 56 103 20 20 126 7 34 75
    102 97 48 25 101 34 36 112 24 52 85 20 91 105 109 89 92 19 69 36 83
    42 98 45 85 71 122 86 55 30 75 115 29 109 127 25 3 2 115 117 44 45
    92 11 110 119 105 71 85 116 22 105 102 101 59 89 125 96 91 63 115 20
    127 74 24 46 110 92 5 67 66 24 62 94 2 117 91 118 83 7 88 71 53 101
    121 46 19 23 114 21 64 88 31 56 63 57 10 74 1 93 45 3 117 98 123 36
    98 37 18 86 44 113 95 120 78 80 73 110 110 48 88 39 35 16 82 61 12
    36 82 36 5 64 71 63 52 78 26 68 66 122 105 54 95 123 0 5 118 82 96
    49 127 42 12 4 120 112 57 47 24 54 45 0 76 64 25 17 94 90 54 103 0
    106 21 7 86 90 111 58 46 69 81 106 86 6 14 17 39 66 25 47 9 71 80 61
    17 7 49 35 21 0 27 98 90 7 6 115 81 6 93 49 74 21 44 88 0 79 63 113
    103 109 34 43 120 43 118 79 117 30 73 105 0 27 50 93 13 72 76 48 64
    70 11 67 19 122 95 24 53 122 109 47 62 76 59 105 106 97 63 98 32 31
    26 59 8 109 48 113 66 79 12 74 54 48 85 92 94 34 18 57 102 103 125
    106 110 43 89 82 37 18 34 17 40 28 33 69 72 4 122 12 28 98 82 111
    111 65 66 7 106 122 36 123 91 18 4 117 20 93 67 26 114 75 60 35 42
    103 10 76 50 109 127 88 17 83 96 3 48 95 52 60 93 37 71 93 84 45 0
    94 50 66 46 86 23 122 94 8 101 126 71 54 7 51 38 118 32 7 67 19 125
    59 114 18 18 43 9 103 107 44 118 91 37 3 60 95 114 64 0 23 110 114 4
    71 49 41 30 110 9 74 85 120 117 123 118 59 122 42 127 5 94 36 53 112
    94 84 81 72 127 101 63 11 102 27 105 94 113 92 99 14 85 2 125 20 22
    108 90 116 28 9 75 32 13 23 44 27 1 115 120 77 92 4 29 77 112 112 99
    85 20 26 84 65 104 94 74 7 25 47 14 29 96 46 80 66 60 13 126 31 95
    33 56 29 110 24 54 12 16 104 24 72 42 0 71 5 91 117 107 119 86 89 29
    120 85 29 123 107 65 2 40 80 91 76 71 4 25 71 116 51 119 51 9 12 89
    11 36 125 92 61 100 19 3 19 116 89 110 38 64 88 127 31 47 29 30 87
    90 122 23 19 6 85 14 19 110 78 13 25 71 10 56 98 5 21 33 59 17 11 5
    127 66 3 32 2 78 120 114 96 12 25 18 82 123 105 16 123 71 65 31 102
    105 124 71 26 91 40 121 54 119 52 87 39 34 114 4 122 118 6 37 68 118
    108 4 46 37 61 111 27 59 51 11 122 84 123 91 124 24 53 27 63 87 97
    25 120 17 106 61 123 43 10 21 72 94 59 41 52 68 11 76 68 81 107 119
    57 83 20 84 16 83 83 2 24 17 12 100 112 113 15 43 74 89 63 68 90 59
    47 83 79 5 83 98 127 24 108 79 100 120 126 44 68 94 33 42 117 80 63
    71 108 91 18 95 106 81 111 89 51 85 105 60 93 63 45 27 19 114 111 30
    116 125 123 94 61 71 23 116 14 55 56 51 83 93 51 106 59 20 85 65 16
    37 44 52 70 13 39 22 44 75 43 99 116 22 51 1 5 105 4 16 124 82 45 11
    19 64 9 64 65 52 76 126 127 75 104 39 87 90 80 17 116 46 9 60 88 27
    69 65 109 91 37 123 1 90 37 106 13 18 110 44 117 50 105 66 7 126 45
    84 56 124 34 114 59 11 76 37 26 13 54 14 87 20 59 3 105 3 125 76 24
    69 44 103 29 61 93 126 1 55 22 5 74 119 7 71 83 95 49 108 117 118
    107 70 58 26 52 60 103 30 57 105 16 24 87 44 88 3 46 64 7 40 113 97
    124 10 120 109 47 77 95 65 104 76 32 43 98 82 77 48 76 54 127 78 43
    0 126 115 42 37 2 14 81 40 106 88 111 13 67 42 10 79 12 97 61 101 46
    121 7 54 107 90 71 119 39 84 22 95 4 43 96 28 18 104 76 111 32 56 95
    49 32 123 7 29 91 125 117 36 21 43 79 80 25 116 98 82 68 72 74 25 11
    1 122 97 37 50 11 45 81 20 123 85 12 26 71 24 52 46 51 127 71 74 53
    30 8 15 28 85 18 73 48 110 56 14 32 110 77 97 99 20 29 51 97 93 93 9
    42 28 46 34 106 108 55 83 48 0 5 5 14 48 20 26 104 23 5 9 77 88 120
    59 14 23 98 5 82 33 14 63 117 48 119 72 10 12 82 115 100 99 69 77 18
    105 49 33 44 60 8 122 7 37 59 3 127 120 44 96 89 59 84 35 97 87 61
    113 74 71 8 22 63 121 102 62 71 55 112 36 19 92 111 21 47 77 120 76
    90 92 107 84 80 53 8 83 72 111 51 44 54 48 77 71 125 37 76 0 92 91
    92 12 73 51 47 111 11 100 28 1 116 59 115 102 2 40 111 46 44 12 125
    74 25 77 37 103 46 17 73 27 50 30 92 55 115 46 61 19 117 110 39 22
    68 110 6 4 17 125 114 15 109 75 110 85 53 8 25 85 8 35 42 95 120 68
    52 102 116 36 117 38 68 57 89 58 77 5 41 106 53 2 92 70 12 64 34 112
    25 101 27 99 81 21 64 28 49 110 104 122 117 115 38 19 54 13 115 114
    81 105 39 62 59 91 48 47 51 116 39 2 3 75 78 60 16 37 6 48 9 28 79
    53 85 112 104 30 69 111 116 17 24 56 12 18 84 59 46 45 29 82 61 75
    120 28 106 64 29 45 38 78 16 89 60 24 66 33 56 81 54 119 108 19 21
    56 2 42 58 3 104 106 59 109 31 38 95 86 94 107 85 76 16 78 16 116 94
    8 123 45 8 4 90 24 107 47 43 99 121 18 117 3 94 56 68 9 61 9 73 126
    120 81 108 20 124 82 16 68 116 93 49 70 106 90 67 36 31 108 17 70
    105 39 26 97 107 127 13 73 124 56 76 116 93 82 45 82 26 86 122 41 60
    44 41 35 31 8 84 36 108 97 43 74 40 75 122 10 125 107 28 108 123 72
    62 127 23 0 51 35 75 57 20 103 102 51 86 88 84 17 82 89 71 43 112 9
    34 18 86 55 89 40 1 94 34 24 103 30 63 34 21 32 70 54 10 5 60 108 90
    34 57 100 88 56 77 52 58 5 34 108 76 58 41 91 94 20 92 16 48 36 7 92
    56 59 37 119 72 81 14 94 29 59 109 15 124 5 70 115 114 78 84 34 73
    38 120 81 4 19 102 24 122 13 37 102 59 39 14 59 31 55 107 123 66 74
    7 72 65 11 62 112 81 30 81 58 15 4 40 1 0 45 127 65 58 79 2 3 35 31
    41 31 127 105 77 47 77 73 79 22 46 84 72 14 73 59 40 55 12 116 108
    15 41 4 95 16 97 61 43 75 5 3 44 80 23 94 30 2 44 19 43 53 92 11 77
    104 35 11 72 34 97 69 45 95 69 82 87 19 126 77 0 126 78 120 16 17 62
    124 58 83 77 34 31 23 39 6 81 112 9 90 61 58 53 3 46 31 58 27 65 52
    15 102 22 107 87 121 84 49 108 111 76 119 118 120 30 33 40 26 32 125
    73 6 112 30 49 51 73 101 11 84 86 110 61 56 113 29 18 15 123 101 108
    5 34 1 1 4 64 88 59 118 4 42 75 30 31 39 35 5 30 85 6 72 11 19 90 24
    112 37 15 98 110 65 94 127 113 98 119 67 97 96 13 0 89 120 104 107
    73 74 105 64 1 11 119 90 38 95 30 52 70 116 92 123 63 71 42 0 48 62
    85 99 98 46 126 83 26 99 5 31 32 41 56 2 99 125 15 66 52 68 74 119
    90 35 34 79 53 74 80 34 85 20 83 28 95 31 114 104 33 17 108 23 93
    125 109 110 20 48 40 76 102 60 1 118 55 57 9 50 80 61 20 7 5 117 86
    20 33 126 108 60 30 72 124 20 15 124 111 60 72 112 48 62 125 86 85
    23 67 61 47 84 15 115 125 109 65 26 10 21 111 30 88 69 55 61 33 57
    114 78 60 55 59 30 38 34 34 25 122 50 80 4 42 16 13 26 72 116 26 14
    96 122 123 62 93 6 120 18 15 105 28 14 37 22 41 76 77 99 70 81 5 86
    42 13 123 109 73 2 66 31 112 70 74 67 9 65 53 109 98 40 105 44 125
    55 58 54 66 127 16 62 67 82 97 104 37 30 119 57 121 78 66 115 122
    123 112 105 99 102 107 33 117 91 107 8 67 85 20 115 18 121 29 30 37
    47 32 108 72 91 29 86 56 92 9 13 126 87 30 7 78 66 76 90 93 54 84
    110 66 114 63 49 43 20 4 107 14 68 112 61 29 6 35 94 71 63 69 91 93
    88 15 10 73 30 91 34 32 119 34 124 36 27 55 33 2 64 15 66 73 19 49
    120 80 79 60 53 48 119 119 54 115 116 95 1 27 93 98 110 2 101 4 17
    98 40 101 70 42 19 94 116 17 11 43 25 102 116 1 116 45 25 57 88 24
    87 86 93 127 87 2 18 98 109 99 93 116 51 101 51 61 2 71 41 50 22 43
    14 67 8 53 71 107 76 26 69 72 94 118 25 17 83 33 28 46 33 26 31 8
    122 32 76 24 5 73 69 107 24 46 106 8 103 99 103 26 102 118 29 125 70
    17 70 2 59 113 24 58 96 4 69 92 112 13 121 24 125 47 36 13 42 61 22
    125 30 113 30 120 110 54 66 4 125 24 6 124 42 123 30 13 41 70 110
    118 35 18 18 106 70 101 45 115 78 2 87 76 100 113 76 51 77 33 70 62
    0 86 84 63 109 83 114 51 41 24 19 23 44 27 45 38 119 31 70 118 5 11
    105 62 126 48 70 21 73 122 51 90 7 23 1 79 82 0 67 77 15 45 90 12 99
    26 70 21 25 61 127 57 82 88 98 123 23 86 19 107 5 21 18 110 20 33 20
    92 96 29 88 76 95 23 110 120 53 56 92 91 28 122 69 89 22 19 34 54 23
    75 95 72 101 93 107 91 116 17 7 86 126 6 6 61 13 114 77 102 53 14 52
    40 77 105 125 62 67 121 95 58 93 110 86 93 84 101 44 12 69 109 71
    116 48 75 117 31 112 41 95 58 17 122 2 60 33 73 51 9 16 5 70 7 84
    120 14 91 12 114 0 80 0 73 96 7 48 69 55 120 68 90 97 31 79 83 41 29
    120 47 85 120 41 36 44 84 77 108 78 65 69 61 55 67 73 57 96 121 105
    33 64 37 61 96 27 90 67 78 109 61 67 109 20 77 21 71 32 38 85 102 87
    62 13 52 97 30 27 119 53 29 121 104 110 11 63 11 3 0 95 24 69 91 41
    69 54 34 34 25 45 57 7 41 6 114 8 76 120 63 75 69 91 58 17 68 122 7
    6 62 12 41 90 96 3 63 31 74 42 110 68 120 93 70 121 66 111 30 72 47
    99 97 42 30 96 46 62 116 3 73 11 62 4 90 62 27 93 123 102 39 9 10 0
    58 87 30 36 112 100 13 26 114 64 19 9 33 7 3 99 23 108 76 80 17 98
    17 116 113 113 35 42 30 108 110 73 20 24 99 23 63 6 38 34 6 6 72 8
    45 43 14 108 83 10 14 74 41 28 110 77 49 106 73 45 114 65 47 15 28
    30 82 107 76 44 42 97 47 12 46 55 93 67 35 46 107 122 79 87 45 16 32
    23 53 87 100 98 57 94 60 11 41 106 61 66 58 113 16 53 89 68 33 96
    112 126 100 125 36 104 22 62 39 21 58 13 119 51 18 84 64 100 85 78
    92 29 97 18 13 9 95 103 118 7 114 4 15 55 81 33 52 1 125 127 99 66
    20 31 80 47 34 107 32 64 34 79 31 43 25 92 45 14 3 75 17 122 73 44
    94 54 77 12 37 86 111 14 97 54 87 104 16 99 27 81 30 102 53 94 20 7
    111 39 25 45 86 115 110 118 8 30 35 7 94 105 26 20 89 102 2 37 85 44
    54 8 1 24 72 0 76 119 124 108 14 123 47 44 88 91 104 115 105 14 25
    103 30 45 27 12 93 79 11 47 105 53 99 15 24 72 125 6 61 35 27 119
    102 66 75 17 20 40 10 48 109 126 72 59 44 10 115 88 116 82 62 80 32
    62 63 62 57 92 74 119 14 88 43 103 40 59 127 39 23 126 97 36 35 40
    36 18 22 14 83 28 40 24 105 104 109 53 15 39 24 7 85 61 49 36 121
    103 112 107 66 4 126 77 44 93 31 35 86 107 58 89 114 62 89 61 113 50
    60 62 58 81 95 41 88 38 16 0 19 34 109 54 100 8 82 81 37 83 4 49 107
    127 22 79 66 101 85 29 89 49 64 38 61 119 30 107 68 104 103 12 32 25
    29 23 38 77 19 3 32 112 118 121 36 13 37 72 88 95 45 105 82 127 66
    36 108 46 6 126 24 39 20 50 6 82 82 58 31 23 44 30 26 22 11 80 29 58
    31 45 115 92 14 6 116 51 3 76 24 68 113 68 122 92 100 118 53 120 74
    122 117 87 59 115 45 71 36 72 97 4 99 23 107 2 49 39 4 85 14 41 11
    90 14 74 4 115 20 15 68 25 52 35 18 80 42 44 30 70 47 93 66 122 125
    3 45 48 122 46 26 89 15 89 93 28 88 85 92 35 86 113 70 36 21 22 95
    81 73 81 26 15 68 88 122 126 15 77 29 59 111 66 74 79 54 56 91 103
    107 43 49 19 45 5 69 4 15 83 52 26 89 120 48 94 112 81 117 49 33 97
    123 105 6 70 68 5 46 87 48 50 38 72 53 86 115 27 78 87 86 7 66 58
    111 84 61 66 59 29 96 7 113 65 85 64 97 99 106 49 15 33 46 11 74 18
    82 29 24 73 89 78 86 25 110 66 70 119 15 82 52 4 5 72 65 15 50 121
    58 30 80 18 64 29 30 77 76 91 26 110 62 94 4 55 69 65 69 53 44 55
    122 80 103 15 21 85 96 102 88 120 65 24 44 103 7 5 81 43 41 38 102
    32 75 16 14 92 45 27 63 4 66 15 113 47 25 127 76 68 116 30 34 63 58
    94 127 75 77 33 54 110 89 95 120 107 46 100 11 126 16 62 84 112 62
    91 121 104 91 114 59 42 17 105 13 118 24 94 125 30 126 78 89 43 108
    33 56 90 47 114 55 68 36 43 124 16 20 103 42 106 57 119 63 44 101 49
    62 91 42 114 124 108 70 48 6 84 58 124 82 76 70 102 36 40 57 122 55
    28 111 55 52 29 80 4 76 74 30 25 74 43 35 113 87 123 48 38 98 7 55
    82 54 64 85 9 79 101 122 94 94 104 115 5 124 100 30 114 122 56 120
    22 116 107 11 54 83 54 4 14 15 97 82 72 95 118 41 90 78 46 105 47
    114 41 123 37 92 36 122 106 68 104 114 73 70 65 24 45 3 122 117 30
    18 51 63 107 56 73 47 64 52 80 39 73 15 36 109 55 94 105 13 100 58
    62 116 104 85 37 29 59 63 0 26 29 45 117 70 84 117 0 10 52 3 104 75
    3 117 109 17 79 69 95 4 80 64 16 1 58 38 60 76 40 14 113 13 58 120
    69 65 1 122 3 61 91 28 96 46 6 103 122 41 104 107 23 2 90 99 114 31
    86 58 94 56 104 40 23 13 19 59 109 18 125 38 78 66 59 58 67 18 117
    60 39 18 24 120 64 126 1 77 70 93 73 109 78 59 13 9 16 111 109 38 82
    27 34 84 74 32 115 73 126 95 67 93 41 2 29 87 102 122 36 108 65 56
    35 52 111 36 35 19 125 1 4 45 109 127 45 10 112 122 90 107 21 95 117
    7 91 13 37 11 65 95 62 110 7 127 24 18 49 17 90 86 87 34 103 38 64
    26 117 118 50 86 100 36 8 49 67 36 105 6 121 13 124 8 55 122 93 125
    53 35 78 34 79 74 21 43 96 68 66 98 86 59 33 75 56 54 50 68 14 63 53
    40 38 58 93 77 91 47 24 90 121 83 77 44 58 107 31 97 127 80 14 99
    118 94 77 61 107 60 92 16 19 17 16 49 123 16 120 35 21 8 101 55 14
    13 89 4 71 0 49 28 59 33 81 108 59 48 97 61 2 75 38 29 78 90 32 21
    27 38 83 91 45 50 66 8 73 39 77 90 31 16 47 127 6 5 97 126 40 80 91
    29 102 50 22 24 23 37 36 43 33 2 23 69 79 65 3 19 93 82 37 43 43 7
    34 18 10 100 56 74 6 87 107 21 66 107 112 8 54 124 98 60 35 95 8 0
    126 114 22 106 86 118 99 102 41 50 81 127 37 38 32 120 121 76 51 4
    49 44 14 85 12 5 72 91 80 83 4 60 64 97 51 90 3 80 97 41 96 22 24 93
    88 5 10 66 60 64 100 17 41 65 21 83 90 84 45 104 127 67 32 18 116 16
    32 62 16 99 106 113 126 55 123 1 64 38 68 18 126 71 69 42 112 11 19
    48 63 45 10 5 117 41 41 45 45 25 5 22 82 18 123 106 94 8 67 26 57 18
    90 122 52 8 97 60 125 23 105 116 98 80 1 124 31 94 122 85 52 114 42
    79 101 71 7 6 125 94 32 64 49 73 63 49 85 12 60 117 44 45 23 122 72
    0 25 60 35 55 87 121 48 124 117 125 127 19 70 0 106 23 126 6 99 14
    116 115 23 27 70 14 52 37 122 59 50 53 29 64 12 125 103 99 80 4 89
    94 3 76 12 90 80 54 32 111 63 64 69 6 53 110 34 23 104 30 59 103 22
    79 107 9 27 15 121 45 102 113 90 50 37 27 103 113 6 121 38 36 67 8
    118 33 108 112 94 61 8 106 99 44 1 7 95 120 59 71 8 29 39 119 84 80
    30 68 110 32 120 49 68 87 125 94 102 79 89 51 108 98 34 18 28 11 29
    89 7 12 109 85 72 97 67 103 117 112 1 58 84 0 43 96 50 102 103 47 16
    126 67 124 59 32 71 45 78 89 68 12 28 101 124 63 40 7 68 85 84 44 38
    127 109 59 2 12 31 61 77 9 49 84 9 91 109 125 124 104 6 65 116 7 82
    6 33 40 2 8 33 92 90 8 124 19 57 22 66 35 125 96 30 99 112 93 37 60
    89 14 71 93 21 18 63 57 71 71 69 101 113 9 115 109 99 19 68 113 97
    102 67 89 91 87 59 65 92 49 50 42 52 87 72 102 89 105 22 69 112 108
    52 101 44 98 59 81 5 8 19 28 115 100 10 52 79 127 28 27 105 76 19
    113 11 106 32 33 110 28 88 83 114 110 70 54 66 55 36 102 104 11 72
    61 60 96 43 84 8 63 53 22 71 111 65 96 90 53 107 30 68 25 84 5 35 90
    110 34 107 116 116 87 80 40 102 100 23 27 20 101 69 20 100 9 126 122
    62 77 8 32 63 62 15 77 86 70 109 127 53 90 96 92 55 15 117 59 74 48
    19 46 66 60 76 59 57 123 48 61 77 105 68 12 46 83 78 95 58 43 68 106
    75 57 64 83 50 73 80 108 29 57 75 44 98 42 51 19 110 101 39 50 92 87
    37 106 111 24 54 6 57 8 111 23 34 0 49 31 102 85 42 59 111 29 52 70
    13 97 78 54 29 49 16 81 37 89 62 35 49 90 64 65 101 70 69 110 60 32
    98 80 96 19 80 48 108 41 82 32 57 61 122 87 53 59 40 102 106 95 92
    124 11 126 89 71 98 20 11 60 52 65 117 44 9 94 82 113 104 13 10 2 28
    106 93 14 85 60 62 14 37 77 82 47 83 32 124 69 95 27 75 111 25 117
    24 13 54 47 81 31 71 87 15 71 58 64 54 71 57 23 122 88 43 118 34 124
    117 31 17 109 45 20 1 112 36 77 96 99 8 60 66 7 49 8 67 77 100 12
    126 112 63 106 94 87 6 48 51 84 83 126 27 94 66 69 33 77 70 92 107 4
    119 2 29 87 125 4 68 3 34 102 119 66 74 88 99 127 27 81 49 65 112 96
    119 60 4 80 93 47 127 124 11 13 17 59 122 35 119 10 15 50 45 36 9 20
    18 73 40 37 114 120 2 89 90 82 100 89 15 16 55 25 84 95 56 31 91 28
    81 33 0 81 114 25 114 126 79 20 2 14 65 97 29 93 92 60 119 34 48 112
    111 73 6 125 125 106 22 37 17 58 46 96 54 111 13 54 18 79 23 90 45
    36 117 30 115 51 0 84 38 6 116 91 123 106 56 26 99 100 81 17 67 43
    107 15 106 88 47 47 26 102 47 41 68 60 48 69 124 17 121 52 98 53 106
    42 94 116 111 51 64 106 81 74 47 78 55 86 15 55 88 111 120 5 59 53
    34 115 13 31 16 33 60 52 28 101 0 45 84 76 123 107 89 127 86 85 84
    115 70 113 19 107 120 95 28 84 38 45 9 22 35 115 91 34 105 18 57 58
    65 8 126 62 40 123 45 104 114 120 89 37 97 33 44 62 70 10 85 83 50
    111 107 52 24 99 111 50 97 58 26 1 50 48 102 103 3 98 1 97 38 58 36
    94 73 88 3 77 6 76 93 103 125 26 101 18 40 126 98 40 11 56 35 91 79
    119 108 121 109 102 99 17 47 107 17 24 22 72 92 66 76 95 18 62 125
    13 28 97 110 40 69 124 117 82 19 122 90 114 71 43 47 83 6 29 113 95
    41 16 100 63 49 3 109 104 93 103 92 13 65 19 56 47 26 104 54 69 60
    34 18 63 18 56 33 107 105 122 68 83 38 25 116 76 62 35 13 88 33 23
    92 89 91 100 93 52 51 42 87 44 71 29 47 33 20 33 30 44 19 98 22 53
    105 124 24 66 123 29 54 105 58 111 14 83 84 64 101 122 92 57 43 113
    46 54 56 8 109 122 85 99 121 61 27 94 106 25 34 19 0 3 83 14 61 54
    66 21 63 44 123 31 37 0 65 51 31 65 13 113 73 50 58 106 107 12 1 82
    2 93 80 103 60 103 62 60 54 97 37 53 105 63 25 81 91 70 53 66 51 45
    37 24 19 84 124 53 1 37 44 49 24 87 115 102 95 118 19 22 23 119 72
    33 6 95 37 35 2 75 22 89 67 105 15 30 65 94 84 117 15 50 22 33 58 42
    45 49 55 101 116 73 86 89 63 15 26 100 65 120 45 79 68 126 11 112 26
    16 112 63 35 11 40 99 22 66 49 99 10 15 13 23 63 9 27 101 73 17 125
    76 24 83 56 99 50 77 14 83 87 46 69 99 118 13 51 29 116 120 81 3 29
    96 33 117 71 56 5 98 22 29 7 35 108 74 75 18 47 66 122 56 42 104 82
    13 86 110 108 8 53 100 28 67 108 64 99 62 59 103 119 67 23 19 72 64
    22 86 104 81 71 55 31 119 118 90 52 10 110 24 57 94 26 15 119 45 75
    69 71 69 23 1 119 120 48 112 5 6 88 64 89 104 123 109 94 100 29 82
    28 111 116 95 79 126 63 95 32 61 34 92 23 13 91 112 5 48 64 38 23 40
    21 58 81 57 22 112 77 108 79 117 125 75 87 77 8 99 27 106 10 77 86
    93 111 78 55 99 108 53 8 68 83 50 27 77 35 120 109 69 73 93 112 111
    54 61 61 68 117 9 6 34 87 86 96 73 90 119 51 117 96 119 41 113 98 92
    52 116 21 46 32 104 90 15 28 72 10 1 85 39 13 119 77 63 34 73 25 29
    105 10 33 19 110 59 22 64 60 104 20 94 96 82 55 103 65 105 17 50 16
    11 38 24 113 51 92 18 13 97 10 106 112 75 114 106 73 45 4 88 116 106
    42 115 41 123 52 79 56 74 40 43 47 53 51 103 43 70 29 76 95 53 15 24
    92 56 16 116 121 121 29 53 83 121 116 11 111 96 51 16 120 19 15 33
    87 69 46 7 99 87 109 114 85 0 59 126 72 82 112 28 47 24 81 6 54 42
    78 101 65 72 125 58 124 118 104 43 110 33 116 52 17 75 32 110 29 30
    88 37 57 18 50 21 4 94 62 9 90 42 116 14 5 47 61 115 2 100 8 115 101
    42 99 102 5 79 49 70 30 66 83 74 31 86 119 87 52 64 120 51 89 1 37
    60 127 85 117 7 32 55 111 77 40 88 102 78 106 84 55 5 66 42 11 15 79
    49 71 20 51 6 19 48 77 20 87 67 1 56 109 21 103 113 74 98 14 92 104
    23 96 114 116 13 74 125 81 33 96 121 50 127 13 15 88 123 61 56 31 71
    8 66 18 70 52 93 1 95 59 119 124 126 79 82 85 63 72 92 20 93 63 26
    57 50 102 95 123 48 6 27 36 17 69 101 89 76 26 50 20 48 73 55 107 26
    119 18 121 27 76 43 119 118 122 125 94 70 126 92 84 36 66 110 2 116
    26 9 53 46 83 51 77 74 126 34 111 69 4 117 14 33 69 126 88 39 52 106
    79 77 90 63 81 8 13 44 102 82 73 40 120 82 13 102 117 61 127 91 106
    118 43 66 95 14 127 53 107 32 94 44 63 26 104 120 49 15 62 35 65 5
    63 61 123 80 88 72 26 36 13 77 98 14 3 112 88 73 53 120 34 60 107 88
    32 21 50 57 27 44 98 80 30 5 37 2 72 80 115 43 104 49 122 124 42 75
    59 44 64 22 67 34 88 80 127 31 19 69 26 67 74 4 71 27 87 90 109 92
    103 12 100 86 8 113 79 114 48 110 11 26 92 114 83 121 63 66 6 14 93
    7 86 94 72 123 86 28 110 124 110 31 122 99 27 59 40 102 65 1 42 83
    10 16 49 95 111 98 54 36 70 99 2 52 47 112 32 119 101 95 39 58 81 53
    4 27 17 20 79 79 110 77 91 49 19 115 42 71 77 8 100 64 36 125 65 59
    123 95 17 42 16 110 11 14 72 61 116 12 124 101 21 9 115 60 90 107 72
    33 35 27 110 63 17 48 78 69 77 35 118 46 119 97 62 89 1 72 46 94 113
    59 39 112 80 127 122 84 19 2 73 59 9 55 22 22 96 5 96 39 101 115 18
    101 31 87 20 30 87 33 109 1 109 25 65 13 27 106 102 40 87 37 94 77
    33 83 102 50 66 53 23 94 75 103 66 21 121 35 15 63 125 120 10 38 122
    79 106 4 77 15 35 127 49 66 32 99 18 49 10 99 57 40 110 55 77 88 58
    99 53 79 78 25 88 51 38 27 55 47 60 117 125 46 75 41 102 121 92 42
    127 62 57 116 90 78 92 59 33 74 102 31 54 25 43 6 95 106 80 56 69 89
    72 58 40 86 61 100 97 95 73 32 65 45 42 66 29 40 20 27 120 60 106 50
    47 81 110 69 16 68 95 105 26 54 107 116 41 12 48 109 38 85 48 50 38
    59 63 43 27 15 126 102 119 26 90 124 20 9 115 19 83 38 3 88 21 48 13
    100 24 37 60 1 121 76 80 48 109 90 52 45 106 107 48 10 34 79 48 60
    12 76 106 32 123 117 19 71 122 68 102 52 45 105 109 30 95 96 40 122
    104 8 109 100 75 13 61 126 67 58 52 43 41 55 39 64 79 36 43 115 75
    116 98 27 29 40 17 87 30 117 17 63 29 0 119 18 124 16 24 27 20 24
    111 116 116 78 85 106 66 17 64 64 59 97 89 123 39 72 10 50 111 12 53
    15 28 67 61 21 51 28 50 9 109 28 39 87 23 17 72 93 24 40 76 43 30 99
    5 61 2 47 63 99 41 35 33 40 18 3 62 82 22 81 69 42 28 110 91 60 101
    17 91 102 24 111 80 68 30 80 114 96 0 22 69 34 16 50 12 118 96 46 2
    126 65 72 63 78 96 65 26 65 28 18 37 103 101 100 26 95 41 33 13 125
    83 100 34 57 48 4 112 22 39 98 90 30 121 42 125 91 29 34 3 68 126 42
    124 79 15 122 20 56 92 37 66 0 73 19 41 27 113 86 29 59 9 106 6 33
    92 83 121 110 44 107 67 0 73 109 91 82 44 124 10 53 36 120 76 68 127
    62 11 126 19 12 23 113 80 107 125 96 99 39 23 110 88 9 95 84 94 27
    110 35 66 18 122 66 5 46 31 126 32 115 58 25 108 74 123 101 100 10
    40 100 107 69 76 8 122 91 108 29 31 51 100 30 46 90 89 95 13 3 41 93
    21 35 68 2 5 70 60 68 88 115 50 97 82 32 3 48 123 27 45 84 123 63 92
    2 56 23 62 1 122 35 122 63 91 83 89 80 41 120 44 28 34 80 8 55 97
    118 46 65 66 7 38 110 101 122 111 31 32 20 87 56 111 33 42 115 69 96
    88 22 84 19 120 51 21 21 83 69 126 8 43 48 24 54 55 33 8 48 86 23
    126 123 58 108 49 82 50 25 32 61 117 94 34 115 93 119 12 24 36 115
    95 78 23 19 112 125 17 36 30 86 96 25 120 8 12 36 85 120 99 52 68
    116 103 28 48 2 87 110 39 56 58 77 20 53 104 95 53 34 9 111 43 100
    42 52 92 47 71 91 16 5 79 23 12 67 26 17 13 107 84 87 43 16 32 61 18
    43 119 96 99 87 8 80 97 52 44 83 76 70 68 34 119 100 2 28 2 99 22 90
    37 5 127 58 107 87 55 124 59 116 7 92 0 7 83 49 15 121 80 28 20 81
    45 14 108 96 55 84 7 31 108 79 53 11 74 70 119 14 31 26 62 5 98 86 5
    14 63 87 82 10 56 60 92 110 36 117 42 23 40 94 117 109 116 8 4 2 76
    75 63 53 64 93 109 88 26 106 110 54 26 56 30 118 63 6 92 33 31 65 10
    104 85 34 47 55 101 57 13 69 121 59 22 47 107 7 77 45 124 15 126 51
    8 23 0 17 24 42 108 76 94 111 54 24 36 26 15 66 64 80 55 119 75 53
    78 40 100 53 107 42 97 55 93 21 106 5 21 90 84 30 10 18 95 36 71 127
    102 58 88 54 23 42 69 62 8 69 114 7 101 85 4 43 35 16 115 99 127 90
    93 8 100 111 117 23 73 7 98 38 65 77 50 79 51 77 46 45 11 56 53 49
    56 47 28 113 106 89 88 101 74 33 31 12 23 76 101 103 50 93 25 96 25
    103 57 79 51 70 69 96 88 2 86 4 61 17 76 85 80 73 8 63 61 110 52 54
    121 53 112 86 106 73 11 13 81 23 112 70 55 103 44 122 19 11 78 5 27
    49 45 77 38 67 16 114 45 103 33 45 12 111 26 106 58 54 3 25 103 31
    98 40 56 124 16 33 97 21 81 67 117 1 94 87 76 54 115 102 112 55 30 4
    41 70 35 98 13 57 101 21 28 63 19 33 58 75 121 24 112 106 126 80 68
    95 50 114 55 59 53 18 58 126 13 49 72 33 106 38 54 125 123 80 2 57
    69 44 103 19 123 100 101 33 72 99 25 79 83 83 126 110 27 85 106 15
    60 1 18 15 13 71 59 87 19 118 32 41 8 125 99 19 21 28 27 30 63 1 101
    51 77 65 78 42 34 12 70 102 50 104 86 92 39 73 125 74 20 48 114 122
    81 35 11 59 87 87 26 15 5 69 20 67 34 99 96 9 65 64 9 113 61 115 77
    1 66 11 110 51 104 3 122 98 115 103 93 113 29 111 69 23 83 79 17 60
    118 57 93 68 69 32 35 108 113 83 77 127 90 20 22 120 65 8 11 57 65
    22 67 23 4 40 92 86 12 42 58 79 83 113 58 99 112 124 97 67 18 14 9
    117 2 121 93 91 106 17 15 19 9 121 47 9 0 93 45 25 30 19 74 32 80 57
    103 96 95 37 3 10 28 49 108 51 119 119 112 25 112 90 63 19 113 52 42
    32 70 52 7 52 3 36 15 80 122 9 50 120 11 42 67 94 108 33 37 34 40 75
    120 98 79 5 87 62 73 81 20 35 89 114 65 44 80 114 81 3 38 116 34 31
    95 21 3 24 110 72 112 10 17 3 22 28 33 64 48 44 44 62 97 16 30 66 51
    118 39 114 86 90 28 22 57 77 24 114 120 81 104 92 111 2 115 0 79 35
    1 39 17 39 101 75 57 97 66 106 35 55 37 97 45 110 111 66 9 76 61 67
    58 10 15 127 11 18 91 15 127 30 34 5 76 6 101 126 27 76 93 79 107 69
    105 7 24 86 17 38 114 118 16 40 94 32 10 37 125 45 10 61 97 52 39 69
    43 44 12 69 110 118 100 85 125 95 91 41 22 90 49 12 122 73 122 82 98
    102 64 42 80 101 49 0 1 62 68 56 28 90 70 39 6 0 9 70 58 82 104 52
    79 9 93 48 50 42 80 127 21 77 120 22 42 86 83 81 30 104 88 20 111 42
    36 26 80 68 99 64 94 25 85 80 53 36 89 70 74 62 31 103 31 10 14 0 37
    97 54 89 108 87 90 117 88 111 114 53 25 66 24 113 96 119 121 1 51
    106 48 91 75 7 109 90 50 105 36 30 81 122 73 12 51 8 122 70 36 101
    26 65 114 38 85 72 34 125 50 7 54 70 44 108 7 82 43 40 40 18 9 56
    113 104 71 13 106 112 88 58 93 43 49 3 18 25 72 78 44 94 64 96 36
    104 44 63 54 50 101 38 16 88 61 93 84 71 32 101 19 100 112 109 62 99
    34 73 17 38 54 10 16 123 117 42 29 77 82 6 49 62 125 123 118 94 115
    46 34 95 0 26 97 70 105 0 53 11 111 83 39 87 111 32 74 89 65 53 18
    27 64 84 2 4 66 56 126 50 115 38 118 66 54 60 64 88 42 92 89 76 25
    17 57 94 75 0 44 36 29 34 95 89 15 111 64 27 117 58 110 43 20 105
    119 117 120 14 123 87 112 56 93 121 86 127 88 3 109 22 18 40 85 73
    73 124 27 42 127 65 109 49 61 12 124 25 84 38 10 121 87 18 23 15 90
    41 71 67 81 56 94 50 118 112 66 42 124 115 28 56 79 102 69 29 125 28
    34 25 5 106 4 21 14 10 24 42 117 78 88 51 48 42 25 73 26 43 61 119
    124 106 40 126 73 22 11 4 104 48 49 114 68 39 68 42 12 24 30 27 80
    49 102 107 2 96 57 25 63 111 29 33 89 9 39 100 35 76 72 90 24 64 51
    83 6 47 112 19 78 8 53 93 108 26 85 6 127 60 1 35 120 46 123 124 122
    99 94 77 65 56 100 46 72 63 76 46 29 3 41 125 65 92 40 100 14 123 79
    79 71 67 117 96 85 57 49 23 126 106 95 16 41 77 104 101 20 91 102 66
    18 36 76 117 81 41 93 19 63 116 33 47 53 20 62 84 120 42 24 71 39 70
    109 118 107 119 29 88 11 11 34 2 26 63 18 21 30 88 53 77 67 16 45 79
    71 120 22 93 114 59 64 3 54 94 127 2 63 24 94 19 96 30 27 85 3 63 59
    13 68 115 120 96 55 20 85 36 70 33 57 113 84 127 100 116 1 9 120 94
    121 60 27 15 87 117 8 102 40 13 27 75 24 18 28 101 97 74 89 124 124
    87 2 88 23 42 55 28 116 62 34 63 25 86 98 15 89 7 34 71 64 29 80 88
    80 20 40 107 14 11 12 38 57 89 76 38 63 80 63 41 83 68 115 38 51 112
    90 38 12 75 116 66 61 51 103 110 106 107 29 73 100 49 122 115 34 103
    51 46 109 86 97 29 86 118 48 38 58 65 107 67 32 19 93 49 60 83 69 98
    95 92 57 22 31 45 112 75 101 82 2 17 41 118 72 69 47 112 82 109 61 5
    92 63 73 103 73 9 54 21 60 81 114 26 93 48 13 66 4 115 92 72 0 80 77
    34 44 81 118 0 32 16 32 50 83 106 111 84 87 93 51 124 73 66 18 105
    115 90 113 79 7 86 25 50 38 8 10 56 71 72 71 52 127 4 63 58 12 107
    89 76 126 120 115 65 97 76 116 83 66 66 11 59 127 33 91 57 122 72 83
    23 81 4 30 123 102 36 4 10 97 18 109 17 63 90 33 4 90 15 63 11 100
    111 100 27 71 19 36 62 49 110 19 39 47 59 99 46 28 47 10 10 77 127
    83 6 37 27 95 35 118 41 65 86 44 69 103 61 0 4 93 75 51 29 10 66 29
    120 35 49 67 47 54 91 83 74 58 98 83 51 97 108 28 27 36 87 38 99 97
    18 93 80 36 30 25 82 7 124 63 82 11 100 108 14 43 57 52 45 91 38 13
    11 104 44 106 21 87 106 33 34 11 70 59 124 49 107 54 3 60 114 73 29
    78 46 109 75 34 17 100 61 115 25 88 42 37 59 30 82 78 37 15 66 41 63
    10 34 57 43 21 79 76 58 65 103 87 24 78 90 50 39 28 96 48 102 88 103
    71 114 73 88 125 42 113 69 83 57 16 41 58 42 67 76 96 77 89 76 45 25
    125 88 58 77 59 110 99 92 100 119 61 67 21 41 65 6 85 60 110 84 56
    25 117 118 58 114 124 102 45 123 0 51 3 120 105 21 77 40 16 15 30 80
    110 109 9 78 103 70 36 34 62 91 74 113 98 30 19 10 47 125 75 111 123
    22 105 59 86 79 30 19 51 53 113 35 49 102 21 65 55 2 73 67 55 52 18
    69 24 83 93 68 102 104 92 15 56 46 51 103 30 74 67 82 19 35 118 67
    59 98 33 98 69 105 60 11 95 60 81 104 109 24 112 30 105 61 75 10 32
    39 60 17 62 9 123 76 34 46 118 121 87 51 121 12 96 12 21 88 37 78
    120 89 80 11 118 35 98 102 60 73 65 90 21 47 66 28 97 64 77 20 32 90
    1 50 125 121 72 87 91 71 21 79 121 72 123 19 0 114 124 111 72 11 41
    105 29 115 125 18 11 89 84 42 122 13 52 59 123 56 30 60 70 50 6 35
    115 78 49 50 118 85 8 22 127 124 99 63 1 33 39 101 75 114 88 60 120
    7 48 58 5 87 1 78 117 27 46 94 51 60 124 21 5 61 35 119 24 29 6 57
    80 13 109 120 17 36 18 3 47 72 107 16 33 43 120 66 70 13 108 104 109
    113 9 50 27 34 7 83 58 76 39 116 127 123 78 48 14 119 8 58 99 95 68
    23 110 57 101 68 40 117 107 26 72 96 126 64 76 17 80 11 71 123 64 44
    79 122 116 38 77 92 53 10 46 112 86 24 72 105 43 58 90 93 109 38 127
    4 106 45 45 69 28 95 97 10 120 116 68 43 110 13 38 111 8 106 7 105 2
    113 94 14 20 51 9 92 61 103 115 39 60 82 54 54 36 124 35 66 106 3
    119 34 15 46 82 84 41 27 66 14 17 104 118 9 103 99 1 71 40 117 36 19
    49 42 13 46 74 39 120 6 35 111 116 22 77 1 24 79 4 102 123 127 26
    127 112 0 57 64 13 121 59 85 110 92 29 121 94 2 74 92 121 5 21 43 61
    42 55 108 43 115 103 50 10 93 25 98 112 100 110 102 51 24 93 121 58
    43 49 25 20 17 111 26 79 102 126 126 125 81 65 70 60 28 30 84 92 27
    43 106 19 69 117 126 114 73 16 75 125 44 90 107 107 62 99 101 55 18
    19 118 21 86 37 89 40 77 107 28 115 90 4 0 63 122 7 38 78 9 54 127
    56 84 122 46 82 76 51 101 1 99 105 98 17 29 74 2 58 94 22 17 90 21
    80 101 14 60 108 15 80 18 82 84 26 36 10 21 24 16 87 67 63 67 10 19
    8 1 59 66 42 107 80 32 123 78 69 90 9 6 47 29 0 99 12 91 59 87 49 78
    124 68 120 26 62 73 10 3 58 103 93 25 14 97 32 9 38 20 88 29 38 78
    69 85 85 120 111 32 100 32 27 36 123 42 119 122 80 119 14 61 119 93
    43 127 14 123 116 65 45 9 7 28 21 75 100 27 104 75 77 77 74 108 113
    78 94 93 127 68 44 31 27 23 86 97 121 110 44 19 42 114 108 80 5 48
    117 33 105 99 90 28 30 29 94 96 98 119 125 35 40 56 35 77 35 31 13
    45 25 75 69 78 78 41 59 103 65 74 19 15 14 27 49 42 16 100 118 32 15
    57 45 13 8 94 2 101 117 4 84 73 83 57 63 45 27 98 48 56 120 90 12 55
    44 85 126 89 87 35 102 64 27 18 94 11 45 87 102 91 125 115 32 93 20
    113 110 13 95 74 115 111 79 21 39 83 31 47 122 46 32 77 115 38 37 20
    103 114 63 34 3 99 27 25 32 25 2 80 108 59 51 87 3 115 86 100 2 101
    88 8 73 38 27 80 98 62 13 0 109 69 12 52 126 107 9 66 113 47 112 37
    64 89 96 94 59 84 7 100 74 113 24 77 25 101 127 31 103 52 74 127 1
    78 95 18 76 91 67 93 70 122 34 122 86 98 107 93 67 19 37 116 15 84
    43 4 123 98 5 74 89 56 60 20 46 124 37 68 86 25 111 18 16 11 100 47
    73 125 31 81 6 70 30 69 92 38 30 19 63 55 4 14 67 73 96 124 21 84 44
    26 76 26 2 44 122 8 122 108 31 68 17 49 57 86 83 82 42 31 2 45 3 25
    4 21 16 36 83 36 53 22 35 57 91 51 91 114 37 40 7 91 94 11 77 127 59
    100 80 47 93 48 122 63 4 23 108 8 31 14 91 8 90 86 80 19 86 121 121
    111 110 64 66 101 125 3 76 102 71 63 124 16 66 56 76 11 82 43 123
    116 116 5 51 82 95 64 80 111 39 41 81 103 127 31 78 101 120 99 121
    120 76 46 123 121 32 64 108 0 28 33 6 108 38 70 125 15 45 58 28 14
    64 52 4 66 17 66 123 66 8 56 67 20 48 116 87 16 15 110 110 28 125 93
    110 52 126 35 127 70 65 80 39 103 124 105 31 87 40 51 16 11 97 28
    113 52 111 96 75 101 117 114 12 63 90 82 123 124 122 99 74 17 96 45
    106 49 26 67 71 88 52 74 67 59 7 8 104 110 33 98 91 11 19 86 52 3 80
    8 10 53 114 98 25 89 75 100 14 91 40 69 6 109 48 127 110 104 25 75
    46 51 105 1 119 35 57 83 92 1 108 42 86 69 54 47 48 75 96 11 79 113
    19 16 92 97 46 73 2 96 81 108 36 68 99 11 10 97 77 8 111 117 46 10
    62 58 106 111 11 72 77 93 24 16 37 13 46 46 47 23 61 110 100 28 56 9
    49 116 4 36 103 34 82 11 62 22 105 18 88 60 39 70 69 92 98 71 18 39
    9 36 110 36 62 70 14 17 35 109 78 49 61 42 12 67 28 109 89 85 63 27
    70 74 93 81 12 73 90 64 119 5 83 118 8 83 43 21 81 20 52 86 112 89
    16 95 84 27 24 53 12 64 48 46 56 69 74 94 26 61 20 47 38 10 93 64 22
    49 93 28 43 30 116 127 116 60 125 99 68 119 58 46 59 64 112 82 58
    101 18 68 1 15 75 5 73 115 25 35 109 120 2 37 27 1 40 113 68 11 61
    75 43 85 2 64 108 10 45 79 71 25 17 31 54 42 50 37 4 110 96 80 123
    125 42 38 99 105 102 122 124 80 66 13 30 30 30 46 24 4 102 75 48 92
    4 34 63 87 100 42 32 103 43 72 1 72 52 87 97 111 107 50 39 81 10 7
    122 76 71 53 42 30 7 76 95 47 113 8 25 79 93 74 78 26 15 53 103 4 67
    90 65 119 67 52 9 50 117 111 97 91 78 104 56 59 16 18 122 98 27 102
    111 84 50 67 30 59 73 27 44 33 23 14 50 48 37 95 64 83 96 14 40 77
    73 73 40 123 125 55 9 66 62 35 126 92 126 38 16 50 127 85 105 53 20
    127 122 25 98 22 33 61 38 22 19 86 119 113 16 57 26 70 119 61 16 12
    37 97 124 8 41 4 95 103 58 29 90 100 120 87 9 97 82 74 86 43 73 103
    57 117 118 24 99 106 114 85 12 115 81 63 68 83 32 110 119 61 26 26 4
    46 4 48 19 91 111 111 31 41 106 103 116 20 115 123 33 78 18 114 124
    126 117 9 125 44 68 43 34 112 30 66 36 31 50 95 104 32 45 58 55 106
    79 80 89 41 33 52 82 44 99 92 55 39 99 51 18 18 124 111 21 115 79 64
    79 60 48 111 2 3 84 56 101 88 97 74 5 120 119 19 101 36 17 77 74 59
    80 85 1 114 84 64 7 76 89 9 25 63 75 67 102 25 65 84 74 44 94 118 60
    71 106 18 57 56 95 104 4 65 88 6 111 49 127 118 26 105 19 64 93 83
    50 3 9 26 11 12 61 65 34 2 123 101 115 42 117 15 51 109 101 75 27
    119 104 33 121 54 10 39 21 55 118 12 3 113 110 64 100 51 8 29 122 31
    77 72 30 43 15 8 107 7 118 114 104 93 82 64 20 62 13 5 114 22 35 82
    74 16 50 102 62 102 62 15 97 102 3 118 19 65 23 123 55 8 94 80 54 61
    114 23 105 69 13 102 17 80 33 33 40 5 8 61 86 73 121 119 66 83 68
    124 3 45 73 117 75 19 88 39 57 81 74 72 29 100 127 34 105 82 15 76
    104 66 67 6 29 51 121 67 30 16 104 5 63 12 115 10 99 127 43 22 18 77
    122 49 53 58 48 92 38 32 107 82 57 27 95 106 62 70 49 42 90 54 53 69
    31 24 46 55 13 62 17 12 94 101 19 13 4 83 29 94 81 4 64 49 4 80 95
    67 69 99 31 15 87 16 115 120 117 10 96 16 80 119 21 71 59 99 43 124
    44 22 5 126 65 77 48 22 57 26 18 125 10 95 21 73 80 58 7 125 86 5 27
    31 27 105 6 72 31 67 6 65 71 67 46 127 79 97 8 22 12 122 86 17 5 32
    18 125 102 64 39 96 126 47 36 50 89 10 3 22 123 106 38 52 110 108
    103 87 70 6 25 96 60 74 16 62 62 41 2 81 40 88 123 41 57 98 28 46 9
    91 46 37 39 65 19 96 83 89 22 40 68 7 2 118 50 40 127 53 42 72 95 6
    18 2 14 16 39 31 70 31 49 15 74 43 69 5 67 36 104 11 66 86 2 50 109
    58 60 22 116 106 22 32 47 17 120 47 102 56 90 125 88 88 42 122 102
    30 94 106 92 104 54 32 124 94 27 79 103 80 97 98 59 96 21 11 6 81
    116 105 1 112 30 22 24 59 39 67 84 95 16 126 119 120 121 125 121 108
    93 121 1 120 99 20 100 115 8 85 3 28 7 21 19 80 106 45 73 72 0 53 86
    106 121 13 21 75 109 46 35 84 37 112 123 99 69 72 2 94 56 105 33 61
    70 115 65 106 11 74 122 49 30 125 85 38 86 11 104 102 11 4 0 82 116
    93 47 60 50 5 50 7 18 6 120 99 39 61 13 68 30 4 107 77 27 108 37 67
    11 87 78 115 116 9 65 119 11 77 65 73 8 104 51 96 123 10 63 73 42
    105 46 83 42 69 41 43 82 81 124 94 97 46 4 1 51 44 78 59 42 14 80 8
    122 2 15 48 30 57 115 80 124 120 100 28 41 106 98 88 41 16 87 18 88
    54 114 106 29 9 112 54 48 19 116 80 87 5 51 40 127 84 120 51 62 75
    33 60 30 86 18 49 41 78 12 80 89 32 3 52 81 104 40 62 22 110 75 22 8
    84 53 46 37 120 47 34 126 72 96 121 14 79 16 3 36 42 40 8 95 69 95
    64 64 0 87 52 99 80 125 81 23 120 58 54 72 91 62 44 38 45 97 21 46
    115 48 33 52 62 51 91 50 127 37 49 77 38 102 56 73 101 27 59 10 74
    10 112 67 28 112 125 111 15 63 43 3 82 95 102 8 122 56 30 5 49 86 7
    78 44 10 68 22 103 118 17 32 115 56 59 85 51 37 7 39 62 87 125 39 86
    46 14 82 50 27 59 47 70 74 5 114 7 32 75 23 113 108 29 64 21 45 82
    114 61 21 74 14 53 44 71 18 100 7 75 53 118 33 118 41 118 83 119 44
    31 25 51 26 115 52 40 1 87 30 17 51 49 67 64 126 121 30 51 46 75 32
    47 22 8 104 59 17 29 27 36 17 56 72 98 41 79 5 126 3 91 51 17 20 97
    69 3 16 37 92 123 33 36 11 27 78 76 66 45 70 88 90 43 72 20 123 45
    39 55 54 99 15 109 74 16 20 115 23 43 63 124 31 7 20 63 63 94 83 22
    45 22 22 105 8 93 74 123 57 114 98 75 121 14 26 84 124 53 31 32 34
    60 39 19 109 84 123 103 20 101 124 41 121 126 13 48 34 81 18 75 20
    101 15 81 63 36 28 121 35 69 107 126 62 124 0 3 11 95 55 13 64 78 10
    46 116 101 90 24 102 10 71 58 11 117 58 12 90 102 17 101 55 71 101
    71 84 33 91 64 77 20 95 80 116 22 13 113 7 17 123 74 120 11 67 29 26
    32 76 109 114 0 41 104 17 110 7 52 28 21 93 118 47 114 117 67 42 67
    73 120 15 116 23 55 8 56 85 27 39 114 127 70 11 2 108 90 121 14 53
    109 22 125 34 26 79 81 14 15 1 73 105 68 94 44 3 52 24 82 93 124 82
    117 109 56 80 52 66 29 45 48 15 39 95 124 126 72 8 28 121 40 121 98
    39 114 89 51 123 29 13 37 97 22 44 68 22 105 90 121 117 5 82 80 55
    69 105 1 100 113 73 103 26 14 46 62 27 37 112 119 64 20 76 15 114
    101 13 25 105 96 113 63 11 45 89 19 28 96 116 11 119 100 11 114 0 37
    49 31 22 5 115 117 47 42 77 101 47 121 118 71 94 68 1 46 44 25 104
    119 69 111 89 102 106 34 107 68 60 113 80 38 4 90 11 91 125 48 53 58
    27 125 54 4 68 114 62 20 9 73 68 15 64 14 19 97 120 110 110 58 110
    92 101 33 107 102 16 54 54 88 45 71 20 59 76 92 15 75 27 18 101 107
    73 29 102 99 38 46 13 103 66 36 22 48 23 89 16 104 100 86 94 70 3 93
    110 99 114 108 98 78 84 13 19 60 100 121 106 119 91 64 46 39 96 57 4
    11 67 91 126 6 32 76 24 38 64 98 64 68 119 69 9 48 53 52 8 107 8 5
    36 108 117 111 110 39 34 74 68 18 106 111 35 74 33 39 115 107 82 75
    64 24 5 80 8 98 125 85 9 98 53 78 97 36 115 48 117 31 72 85 9 49 103
    43 49 98 26 85 27 54 119 115 75 6 18 58 40 111 17 24 97 71 5 88 96
    66 6 82 17 60 102 124 92 71 114 121 72 6 118 75 94 121 3 89 4 83 50
    37 2 55 16 46 71 25 78 124 0 61 23 61 3 35 42 9 49 38 47 25 95 8 69
    116 91 27 111 67 111 8 12 110 73 76 70 34 97 112 63 65 19 75 44 9 72
    0 55 79 34 54 4 106 25 73 118 121 42 49 38 53 15 5 63 19 50 94 124
    107 33 39 14 29 110 57 91 111 59 76 6 38 73 89 55 66 123 109 38 84
    59 123 82 54 54 126 32 0 115 93 97 115 106 30 99 65 100 14 27 3 65
    17 36 118 40 107 73 32 41 117 56 111 73 40 102 95 119 45 16 105 53
    103 56 7 11 83 11 110 58 26 105 121 55 94 13 19 23 43 7 115 86 112
    51 58 16 55 91 96 60 17 65 5 58 53 101 30 56 41 8 85 65 35 37 42 0
    122 59 30 70 82 12 125 66 26 45 37 126 14 109 118 124 99 61 45 6 80
    62 70 9 58 59 59 56 78 55 47 61 19 115 66 37 24 65 76 59 48 30 80 56
    86 107 26 86 27 2 80 10 11 15 16 88 38 108 93 98 97 100 52 59 26 74
    36 84 100 47 48 25 96 84 5 118 67 91 20 39 84 14 42 104 40 62 97 20
    110 59 81 10 37 56 126 75 86 13 98 40 86 90 88 101 57 106 99 119 99
    55 17 123 26 113 54 121 59 117 103 103 93 124 66 86 120 71 7 76 98
    124 80 68 96 30 23 33 0 105 86 19 108 98 49 31 52 82 35 88 26 20 86
    79 118 23 87 40 18 22 36 68 116 51 52 116 72 102 102 87 67 74 113
    101 109 124 52 23 116 20 51 26 24 110 25 120 70 41 94 125 82 95 111
    56 93 49 123 91 8 99 54 125 120 34 63 17 19 114 113 112 10 19 63 107
    83 12 120 14 83 56 97 90 9 3 91 69 28 74 73 13 17 44 39 125 34 26 90
    55 47 28 13 126 107 105 84 75 117 109 87 127 110 69 104 44 112 71 27
    94 26 29 8 79 36 12 104 19 94 41 15 68 13 72 91 119 87 56 114 89 119
    1 12 113 22 18 96 37 116 91 127 35 122 14 62 42 33 14 37 45 32 53 31
    102 87 39 29 31 41 47 80 8 12 38 83 102 27 15 30 89 27 24 8 16 98 50
    97 83 13 77 114 116 84 41 35 114 104 74 37 92 4 111 6 58 102 37 88
    26 49 47 107 7 44 103 97 62 1 10 7 66 24 76 55 69 9 26 42 126 20 48
    17 74 76 36 62 15 59 104 127 45 126 46 99 10 13 18 77 66 71 4 118 78
    45 80 9 1 35 23 35 64 59 60 38 127 75 62 81 21 93 118 9 105 93 63 88
    67 20 62 100 41 16 1 75 119 23 68 15 72 91 92 70 103 70 106 60 102
    126 37 121 105 29 41 20 119 46 72 26 15 40 36 114 88 104 22 32 113
    18 49 67 114 72 79 13 54 106 32 79 117 83 45 83 94 32 68 71 123 81
    78 70 32 23 73 80 73 65 43 119 78 46 18 25 61 51 0 30 65 59 115 45 3
    56 46 32 114 59 76 52 91 71 104 91 80 103 66 80 70 32 100 71 90 53
    23 63 47 66 65 84 69 16 53 49 116 107 66 114 48 70 28 121 37 35 50
    44 98 66 111 94 108 125 3 89 16 85 124 81 31 69 84 86 89 76 43 84 68
    9 86 20 44 63 109 61 19 43 96 19 55 14 40 47 10 78 25 5 16 1 88 19
    35 87 8 51 60 82 50 64 15 83 36 7 42 85 46 92 111 52 33 45 103 51
    126 52 20 97 60 16 110 77 112 72 72 47 33 117 50 65 93 100 10 41 113
    58 116 92 101 81 64 66 14 59 54 5 41 11 39 60 125 57 120 116 73 35
    87 80 76 107 43 4 0 54 31 23 90 53 92 29 70 44 27 82 121 23 6 54 54
    10 86 70 118 101 78 95 53 42 44 73 93 2 85 90 0 23 71 44 73 76 100
    58 116 42 83 108 84 31 86 111 72 29 104 124 59 29 70 81 8 33 101 64
    1 14 2 6 45 43 2 3 117 45 48 100 60 11 76 23 54 117 9 50 53 102 19
    96 127 41 90 39 60 113 43 40 34 92 23 34 66 121 124 33 124 37 42 91
    24 111 78 123 17 43 8 103 107 115 95 101 106 125 64 0 78 35 8 94 8
    70 13 69 54 26 66 93 19 15 78 13 78 99 79 122 30 113 31 62 11 87 36
    19 74 48 39 25 16 119 43 103 72 62 104 14 22 64 57 116 109 71 61 30
    6 92 48 48 7 101 116 72 115 111 22 92 41 2 10 102 104 25 25 122 78
    125 121 11 56 72 113 120 10 4 122 101 111 19 22 73 9 3 25 28 20 57
    106 35 64 93 58 74 68 67 64 46 64 125 111 47 0 7 4 120 81 42 15 124
    48 107 24 95 102 68 1 2 36 8 39 96 98 36 31 106 41 35 118 13 19 94
    90 41 54 78 85 80 40 88 120 9 11 36 96 122 111 100 49 7 115 109 115
    105 90 19 115 109 96 48 52 60 37 29 51 122 114 32 18 100 12 82 110
    78 69 83 58 66 126 13 87 25 94 67 85 74 125 77 108 106 126 91 15 45
    117 63 85 96 60 94 93 19 98 109 65 11 22 111 118 1 26 87 60 95 37 41
    93 101 85 20 48 118 4 85 15 109 110 102 54 33 113 6 62 41 15 0 111
    125 92 53 7 12 53 22 3 80 126 116 29 126 70 66 108 85 37 29 1 78 13
    74 93 82 104 38 108 9 82 78 43 98 80 13 108 85 89 8 92 65 3 23 70 19
    118 51 93 46 77 117 119 56 92 78 21 60 79 42 86 86 47 15 60 126 27
    62 125 69 24 36 73 99 28 91 78 101 74 33 19 48 88 57 45 6 127 57 110
    28 85 84 118 16 38 46 93 78 125 80 78 5 118 35 117 103 57 83 44 56
    15 22 22 9 86 8 64 49 42 59 51 21 7 71 121 23 23 1 47 127 116 10 74
    69 92 75 85 118 95 99 78 10 124 17 85 119 4 78 56 7 100 49 64 58 80
    20 101 72 74 87 127 84 19 96 86 28 81 103 90 55 66 46 25 113 111 30
    124 84 76 89 109 13 75 11 38 12 38 48 85 49 51 65 48 16 48 7 46 19
    90 62 73 50 90 66 88 101 28 30 37 127 35 107 21 11 120 42 95 23 10
    65 11 118 53 52 83 64 53 74 111 84 7 30 27 93 87 26 124 110 74 123
    64 30 81 4 62 48 40 120 13 35 44 102 116 97 32 111 50 89 65 59 78 57
    83 59 72 52 95 0 68 100 78 40 97 13 37 66 106 118 69 115 75 100 64
    35 117 61 15 63 86 61 87 117 15 57 16 115 100 79 3 27 126 22 6 102
    111 82 118 87 52 74 64 101 9 110 3 31 13 116 104 10 64 44 61 73 126
    11 116 110 45 23 56 50 0 97 114 90 52 65 77 84 90 44 88 112 5 17 31
    22 120 7 73 118 15 106 107 95 91 27 78 42 66 115 63 59 39 43 86 1 87
    99 27 5 30 121 94 38 32 88 51 57 78 4 75 104 47 65 115 11 77 56 110
    50 68 18 30 27 6 106 13 101 4 37 30 114 100 53 78 72 113 51 126 58
    49 50 18 75 16 89 56 35 120 56 46 127 35 11 80 36 92 18 45 33 84 42
    9 84 81 86 95 95 29 7 58 118 110 68 63 64 58 105 124 32 29 112 119 7
    15 69 37 74 127 67 110 42 84 56 66 88 52 2 48 116 10 56 77 122 70 85
    86 69 40 30 90 123 63 37 104 71 51 37 24 63 6 100 77 71 77 93 89 97
    9 17 91 84 17 119 117 28 87 8 112 60 43 1 59 28 54 48 40 110 1 61 51
    110 92 123 95 90 60 115 35 49 33 98 117 117 95 107 110 124 107 91 80
    71 35 109 83 78 25 110 105 0 55 83 122 5 101 71 27 30 26 2 116 37 15
    59 65 64 42 117 5 114 122 65 120 117 108 24 105 111 45 78 15 73 51
    118 109 12 115 97 94 22 67 23 89 79 29 27 67 70 1 11 81 113 32 58
    127 85 50 104 84 66 43 10 36 112 46 102 94 54 108 39 100 63 121 55
    117 61 22 46 71 87 61 69 65 0 117 14 79 4 107 28 111 117 106 32 87
    61 35 30 25 9 67 27 92 82 90 97 70 79 66 91 23 101 92 107 3 82 14 63
    110 112 31 4 92 15 31 27 115 36 75 2 56 4 61 34 23 5 87 8 96 92 95
    86 41 102 74 55 74 61 112 62 16 125 63 32 99 69 11 36 59 120 104 99
    111 127 62 0 71 90 34 73 5 100 23 82 11 109 20 74 115 124 76 73 112
    114 69 119 110 39 79 75 54 54 95 97 109 5 37 61 5 104 28 33 107 86
    41 21 110 29 39 124 91 126 49 1 107 25 99 4 60 79 80 106 68 52 104
    86 79 118 28 80 74 3 24 28 5 94 113 124 69 79 67 74 81 111 33 96 65
    123 35 38 30 114 96 97 70 54 17 5 100 13 108 101 101 112 12 35 16 93
    91 98 65 64 77 86 109 83 89 98 108 84 20 119 68 68 4 119 40 87 28 63
    24 22 19 69 98 53 101 1 44 74 8 85 125 74 53 26 81 3 64 19 102 45 35
    27 55 27 47 57 72 33 60 57 9 29 4 38 58 46 72 77 79 115 118 81 44 80
    107 81 74 98 37 6 23 20 89 50 82 29 53 124 99 112 56 88 97 103 43
    115 97 104 101 35 46 89 0 45 22 120 73 54 95 41 98 71 118 74 40 76
    41 33 66 36 61 6 89 45 5 49 48 37 86 127 48 88 56 28 93 2 74 51 90
    82 51 21 1 29 14 115 89 83 95 68 61 117 110 106 90 18 42 101 19 20
    111 38 86 66 51 125 31 122 77 85 83 11 125 43 62 106 63 100 80 90 75
    113 29 93 119 125 32 26 125 27 91 24 13 13 105 37 45 115 115 124 57
    115 29 103 125 102 60 23 83 7 64 42 6 89 33 7 65 23 73 15 118 110 98
    71 91 42 31 63 52 1 106 47 72 45 110 98 22 43 4 56 16 126 1 55 62 42
    67 76 126 77 16 85 54 1 45 14 81 26 28 96 102 117 121 85 100 46 32 0
    25 1 81 17 26 65 42 31 100 123 0 85 114 90 98 126 48 120 26 25 25 11
    51 102 85 76 21 104 94 108 123 77 38 51 28 2 127 22 12 83 114 122 38
    35 7 68 109 40 39 124 15 34 39 33 61 33 22 113 3 34 98 17 40 27 3 86
    21 6 79 20 92 73 127 10 1 93 127 49 26 106 94 21 27 86 29 85 87 20 6
    106 22 29 45 22 25 122 92 43 91 88 77 106 96 41 70 78 33 121 120 119
    11 89 68 121 81 37 43 98 77 55 118 66 116 97 120 48 10 83 2 15 95 90
    43 1 90 93 70 122 124 89 30 39 102 99 96 100 120 14 112 116 85 84 5
    56 40 99 115 101 64 23 91 69 1 43 47 60 116 46 75 8 72 22 107 112 61
    111 92 45 76 8 94 63 89 75 46 47 98 123 30 13 25 109 102 67 21 58 66
    0 120 109 15 9 12 12 101 34 77 77 93 65 48 1 115 99 52 77 39 24 21
    42 82 4 29 82 18 60 74 22 81 113 84 78 17 75 39 45 60 5 85 96 89 89
    60 12 11 65 104 3 14 74 76 40 13 87 125 97 78 111 87 36 21 64 81 15
    107 119 10 101 47 67 28 107 125 17 35 65 1 26 104 27 33 28 5 114 56
    53 23 8 80 28 122 68 87 40 115 54 127 38 14 83 67 68 0 36 92 38 12 9
    110 21 41 93 116 25 18 51 13 58 38 77 1 39 79 17 94 93 14 115 67 41
    108 116 57 110 116 53 41 22 76 55 82 60 120 122 0 73 111 66 104 39
    86 15 95 3 36 79 37 34 40 15 45 32 31 45 69 111 27 3 41 123 87 87 42
    31 34 77 118 116 107 28 96 40 101 59 31 82 64 0 100 10 44 126 16 24
    74 59 41 91 74 122 23 18 98 27 35 5 20 99 67 56 70 48 123 54 49 39
    68 49 68 110 54 75 20 84 120 83 69 4 69 123 95 99 97 56 55 37 83 118
    100 88 121 27 82 121 124 105 37 28 59 85 10 24 23 96 99 2 33 111 86
    88 98 36 106 52 37 67 76 115 69 92 92 16 29 55 24 9 57 18 104 34 106
    18 114 89 104 49 52 21 21 127 30 112 91 102 66 126 7 4 2 55 112 65
    103 47 69 66 95 70 118 5 76 107 126 67 50 80 15 70 117 120 48 105
    111 62 49 27 44 15 8 25 41 39 93 14 119 104 91 95 99 56 1 108 16 40
    102 38 113 41 45 124 14 28 35 66 12 88 103 102 124 121 94 38 94 75
    121 118 37 113 53 79 90 98 113 103 34 89 7 17 13 71 19 115 96 31 118
    73 124 50 27 98 95 57 123 95 26 107 36 26 50 19 39 85 27 36 55 52
    108 32 35 86 121 18 63 65 76 3 23 40 34 125 123 115 78 67 44 119 113
    0 112 90 83 112 61 50 11 52 68 62 0 16 83 114 74 34 1 103 66 12 1 56
    62 59 27 70 11 127 92 114 114 16 112 30 45 89 7 63 39 120 93 117 31
    54 38 109 5 109 50 40 20 10 85 86 0 28 68 113 55 86 53 0 12 73 71 16
    55 109 6 27 98 82 32 99 88 45 31 84 63 127 90 115 104 121 83 92 95
    99 0 70 104 43 45 6 35 77 38 100 108 90 36 116 62 102 102 117 98 114
    112 15 80 62 24 85 101 60 48 29 105 74 61 0 102 115 85 16 16 4 127
    59 17 72 80 56 49 70 99 94 101 105 103 94 49 84 43 86 46 106 86 48
    13 100 3 37 114 26 107 89 39 18 13 31 25 103 44 40 103 8 99 36 126
    27 113 105 34 59 93 9 104 68 78 116 23 39 43 110 113 59 99 7 88 59
    52 4 26 107 75 63 1 23 45 0 115 6 122 111 114 36 91 10 13 119 124 31
    115 95 118 29 112 51 17 72 44 107 101 14 69 55 80 45 13 90 23 125 35
    21 93 88 67 38 89 3 53 38 25 118 53 0 90 53 119 82 122 86 37 90 1 22
    18 99 19 19 51 100 114 38 80 72 118 49 83 26 69 115 92 72 18 109 96
    3 31 106 92 26 23 2 14 31 68 3 25 61 122 1 105 40 90 70 22 42 61 105
    28 64 31 1 62 33 117 109 39 83 70 86 23 11 87 16 112 114 53 116 125
    84 101 33 44 81 67 113 109 85 12 75 72 113 81 108 72 122 27 36 55 39
    63 125 45 46 124 126 63 28 13 1 50 76 110 95 15 71 75 55 41 101 116
    71 9 12 92 37 90 60 19 84 21 54 42 62 94 2 21 7 29 55 44 121 117 117
    11 9 111 124 75 44 17 33 90 59 109 44 67 19 29 10 92 27 35 121 8 34
    7 103 40 63 46 127 88 49 72 37 49 69 25 17 4 83 43 101 32 2 19 100
    25 45 98 124 64 114 70 38 43 112 104 84 56 12 72 74 6 86 95 40 43 12
    32 54 74 25 94 116 51 100 116 46 94 109 76 81 91 97 117 98 72 91 27
    87 63 45 53 63 119 101 98 84 38 89 127 40 118 50 66 25 81 77 10 43
    115 7 87 67 70 6 77 48 107 76 123 127 60 62 38 75 9 37 114 37 37 70
    3 107 61 56 121 82 56 20 69 39 62 30 25 23 85 0 85 96 56 112 72 92 8
    10 13 7 46 126 93 25 69 57 78 27 92 66 72 89 104 103 58 126 93 125
    109 18 58 3 40 125 0 1 21 29 54 102 15 123 127 108 30 86 101 110 91
    84 13 79 78 34 68 56 84 84 26 44 90 83 92 68 118 77 93 58 11 61 63
    26 4 44 1 98 57 88 28 24 68 3 75 102 12 91 0 102 43 104 53 87 15 127
    46 93 20 111 8 19 47 126 45 14 103 46 56 73 119 107 96 9 18 97 30 95
    0 77 13 116 2 84 86 29 11 126 127 22 26 55 14 24 52 123 56 114 87 34
    127 77 40 23 103 91 25 62 48 4 113 52 44 43 21 54 0 40 57 117 69 17
    39 114 50 19 41 55 119 100 43 79 86 18 119 72 84 106 78 51 56 59 65
    88 45 117 73 77 84 61 40 76 66 46 104 80 17 124 40 11 112 23 9 56 38
    82 78 58 108 49 6 5 115 34 39 62 4 48 2 124 101 88 100 35 48 44 8 15
    1 63 15 115 80 47 31 57 14 57 103 90 40 4 32 105 99 35 95 81 71 3 81
    120 120 28 33 8 85 74 1 90 104 51 107 1 3 95 109 65 94 73 114 64 109
    95 106 25 26 94 124 111 125 72 28 5 123 24 79 26 116 48 77 2 3 96 80
    86 118 115 92 0 125 0 1 4 64 126 92 115 105 87 99 124 122 79 96 118
    53 118 81 59 61 94 109 5 5 19 17 32 2 42 40 20 65 23 61 4 12 37 66
    97 121 109 122 84 36 59 108 2 23 19 46 79 69 72 85 19 73 64 65 0 34
    65 32 13 98 120 70 69 17 76 125 95 14 37 81 80 40 21 92 43 2 1 88 93
    30 66 15 44 29 99 98 28 29 122 95 33 42 33 57 119 93 124 101 103 22
    98 101 60 113 116 99 9 115 60 107 92 12 47 24 98 44 63 59 110 87 96
    82 62 83 29 120 87 34 31 23 11 62 94 33 83 70 35 21 64 8 14 32 29 45
    83 23 23 3 28 4 20 99 71 117 20 21 85 72 1 93 33 115 55 39 68 4 5 87
    87 49 56 107 37 75 45 40 14 63 30 42 86 85 43 100 74 78 56 91 75 21
    5 125 7 121 15 109 82 113 16 31 64 66 21 111 89 44 36 28 11 96 43 36
    46 4 85 26 56 62 112 35 10 28 117 74 81 70 95 25 25 39 99 49 120 71
    118 6 46 124 101 90 113 115 64 17 86 12 83 40 13 69 59 104 27 43 4
    96 9 122 9 6 72 15 99 3 57 79 121 122 105 16 49 30 58 68 126 96 29
    62 11 86 79 127 93 69 108 57 117 50 18 103 83 36 84 61 75 70 50 49
    68 67 47 9 41 84 126 100 32 84 118 67 117 61 22 124 0 81 43 121 32
    112 10 8 111 93 82 7 36 95 22 45 11 116 113 91 57 68 106 116 113 120
    13 32 101 3 26 31 83 45 73 68 27 119 74 69 22 59 34 92 19 110 102
    112 13 31 27 10 117 72 72 60 97 12 70 87 101 19 13 20 62 101 123 78
    97 47 45 13 106 118 67 64 15 67 71 127 116 84 103 115 120 6 70 29 70
    122 95 82 43 107 38 89 30 48 104 46 116 124 83 116 62 86 20 47 46 57
    11 64 94 125 7 94 107 27 54 16 44 74 87 82 16 124 81 14 126 32 36 64
    5 77 49 105 51 37 113 88 29 27 94 93 90 73 65 67 17 38 63 42 33 17
    24 91 44 18 94 11 76 102 121 69 86 38 40 47 86 12 110 96 36 1 22 91
    112 19 39 23 39 34 19 82 18 51 87 51 18 35 127 88 33 50 99 21 27 108
    101 39 110 65 125 108 12 104 25 43 70 100 99 43 43 27 123 100 18 111
    78 92 126 12 100 72 45 59 98 2 52 96 26 127 116 35 9 94 22 22 122 70
    91 51 9 14 67 107 116 42 21 46 69 59 31 87 10 15 1 108 0 100 78 15
    110 77 42 69 53 25 35 106 95 18 65 61 42 10 15 4 93 41 92 102 119
    120 11 32 81 122 71 87 104 120 103 90 102 76 12 19 45 9 75 116 42
    105 60 82 73 114 36 71 14 66 116 3 65 106 9 96 30 119 36 83 52 85 32
    19 22 16 115 4 67 99 81 49 98 13 53 13 53 123 98 23 97 30 5 91 27 4
    0 72 70 57 45 121 63 75 35 12 39 116 79 111 105 82 21 28 57 91 0 117
    81 105 94 23 96 70 5 18 41 27 53 38 12 2 91 86 110 60 86 87 26 40 93
    38 68 32 15 55 103 123 33 114 78 112 68 67 124 62 126 112 87 43 37
    21 6 52 6 46 14 79 45 54 20 9 30 43 76 56 114 57 82 93 63 14 24 108
    18 47 36 15 113 52 48 81 99 14 89 99 30 70 35 69 26 100 92 54 4 111
    99 112 23 120 127 67 27 19 99 3 51 53 41 48 95 67 50 121 55 8 53 115
    49 1 32 102 44 5 126 66 103 52 26 57 66 114 78 111 15 35 94 43 122 6
    126 96 126 126 47 24 56 69 85 99 119 0 8 18 107 89 22 18 24 72 105
    70 101 7 17 57 70 19 74 113 124 14 102 93 68 121 35 92 108 7 27 21
    50 56 90 19 118 112 11 52 14 88 113 91 62 115 18 117 127 34 14 76 66
    37 122 7 20 33 40 113 10 6 41 46 104 26 29 74 15 16 103 105 82 75 25
    89 104 78 87 111 85 90 112 84 40 89 86 113 58 5 102 34 88 90 102 4 6
    101 115 93 42 57 34 24 61 7 103 123 36 124 66 82 40 85 114 113 48 50
    3 97 59 44 124 124 99 91 99 23 11 122 126 88 40 98 38 88 125 10 63
    58 92 15 95 38 78 48 120 2 38 41 121 75 81 15 53 92 7 1 84 118 115
    124 7 79 12 127 124 39 18 109 71 5 95 63 94 97 127 109 0 6 101 114
    59 21 64 9 57 91 91 25 82 31 5 43 16 8 53 21 4 80 46 73 85 77 4 59
    39 98 38 67 2 82 73 87 103 106 98 116 104 79 32 25 57 71 13 104 41
    43 71 93 113 120 18 99 89 40 96 21 4 107 90 60 77 45 83 66 117 53 58
    58 21 85 14 14 44 22 101 52 24 68 49 23 44 89 47 123 99 116 44 121
    52 97 48 108 26 121 71 53 35 21 34 117 48 108 118 53 59 111 93 42 70
    108 40 56 54 27 94 110 44 2 119 30 20 74 41 102 119 44 10 73 21 18
    40 60 117 101 64 60 89 31 55 25 13 32 64 36 82 104 13 74 19 19 82 84
    119 64 99 55 14 110 18 89 44 102 66 68 112 107 0 19 27 115 39 103 56
    58 69 9 33 81 53 63 2 28 50 60 100 88 51 77 90 55 89 95 88 36 2 80
    103 124 70 56 12 102 25 73 77 41 22 29 102 29 98 19 1 96 3 18 123 23
    78 100 108 87 17 112 29 89 116 27 41 15 114 49 84 39 89 56 93 24 34
    62 75 15 22 6 119 53 27 109 118 82 63 17 29 86 48 51 119 85 63 97 23
    46 69 31 52 66 48 73 110 34 59 74 36 120 0 103 90 21 115 27 3 75 31
    54 90 97 72 79 83 4 59 108 14 58 26 110 35 94 48 79 37 98 49 0 127
    54 73 24 105 83 49 85 124 114 69 15 95 123 61 15 35 84 29 110 106 89
    55 125 23 42 82 61 98 74 64 109 62 108 40 60 68 91 68 70 98 24 41 63
    113 23 70 16 26 71 50 10 24 17 64 19 35 46 104 5 36 43 49 90 6 126
    48 13 5 58 71 64 109 109 66 112 45 120 68 45 88 95 67 124 102 112 59
    107 124 95 104 79 124 126 37 49 23 120 6 39 76 15 8 61 30 108 125 95
    104 12 104 85 109 117 10 61 113 96 22 63 19 7 71 14 71 16 15 64 115
    66 6 121 97 51 124 34 6 17 42 68 11 11 118 43 33 81 53 49 48 89 85
    32 33 97 90 103 51 67 71 76 112 44 48 18 92 69 58 62 46 40 50 91 21
    87 37 37 94 54 110 39 74 42 23 59 117 126 89 48 57 62 126 47 123 85
    12 17 38 119 19 37 63 87 11 122 33 80 85 112 126 61 124 89 28 24 73
    122 119 74 15 71 31 82 95 62 32 76 36 80 22 66 51 35 16 74 79 20 19
    19 80 7 45 15 19 68 23 51 21 4 83 12 15 20 10 82 97 65 28 62 35 118
    112 107 6 52 13 26 61 2 72 37 33 33 74 94 103 44 41 61 87 112 96 124
    54 71 68 29 107 16 59 87 80 31 47 42 76 127 112 57 89 40 13 120 48
    51 56 36 37 8 56 56 18 46 62 121 29 123 103 27 75 26 42 12 64 21 9
    33 60 55 112 102 68 41 94 16 60 78 2 21 80 8 0 88 59 46 76 73 63 67
    3 82 8 21 100 114 121 103 64 62 73 57 61 43 92 19 1 25 7 7 62 31 28
    105 114 34 19 21 32 1 46 55 32 90 43 73 7 81 13 4 70 82 90 28 47 49
    50 60 61 84 91 28 40 110 61 80 106 96 88 18 90 117 116 106 95 8 100
    6 98 107 97 105 7 26 87 82 61 2 125 120 104 40 108 34 79 13 105 0 74
    91 23 69 112 59 120 21 27 122 58 57 12 50 28 85 32 55 8 22 112 60 94
    58 111 23 50 4 117 54 29 46 58 39 102 41 41 42 39 35 66 59 67 100 36
    1 17 54 88 61 76 58 87 110 123 38 113 91 112 22 54 13 5 31 43 122
    127 2 15 76 53 14 25 48 61 31 23 78 104 3 84 20 54 22 112 92 18 45
    42 111 17 99 68 9 109 41 73 97 70 3 2 11 48 78 22 87 122 111 74 33
    81 103 84 86 124 105 73 41 72 87 96 106 10 24 69 76 78 121 33 102
    125 107 49 63 34 65 76 3 17 60 1 114 78 77 77 100 123 109 119 112 7
    71 90 47 106 43 121 68 24 91 12 71 109 41 4 123 13 6 12 38 97 66 126
    83 7 126 126 60 69 57 95 22 113 113 52 125 119 107 107 36 104 55 24
    88 87 36 109 1 61 82 44 8 86 48 15 127 106 54 92 19 92 79 39 80 75
    110 86 97 25 63 109 37 97 36 86 79 72 13 74 25 110 117 51 35 80 77
    36 81 48 60 116 121 21 49 6 38 5 88 93 25 77 22 107 111 97 123 8 22
    7 78 35 10 27 63 64 26 70 79 3 20 91 30 73 28 22 42 97 21 57 46 14
    98 127 101 99 83 124 106 70 52 18 50 1 66 55 47 9 49 27 30 95 116 88
    122 96 98 41 120 103 15 105 95 127 70 115 19 70 69 60 52 104 73 108
    103 50 104 98 36 11 11 106 18 38 12 24 98 20 21 89 50 15 87 3 44 59
    69 113 86 30 35 102 10 14 32 120 15 59 102 116 89 3 4 76 6 26 17 78
    124 13 30 79 36 0 23 121 47 119 90 35 28 75 115 124 26 41 112 6 30
    120 119 103 76 92 90 101 116 121 62 34 105 109 92 38 25 55 74 81 42
    93 64 113 104 7 54 110 23 104 21 88 52 104 64 54 92 108 88 1 15 72
    73 99 9 114 6 30 77 89 42 32 80 31 102 3 82 71 40 25 41 101 29 16 91
    63 96 48 11 88 30 61 2 10 8 70 46 8 63 22 13 61 91 21 13 123 113 86
    15 39 32 14 118 70 93 122 9 89 60 11 109 79 78 12 86 123 126 114 85
    1 114 105 89 123 14 2 117 22 13 90 62 74 41 26 106 122 104 91 120 60
    101 25 43 57 4 80 31 53 123 25 72 23 21 62 19 103 65 45 55 3 29 95
    60 40 34 123 1 112 27 57 43 83 9 87 7 30 51 41 112 36 91 97 45 25 93
    2 121 27 40 98 31 73 117 38 71 125 44 70 11 30 111 57 26 56 87 53 79
    24 55 60 95 5 11 50 107 92 117 113 34 46 43 104 34 65 28 33 32 118
    89 57 74 47 41 63 88 112 57 33 113 112 29 92 18 72 118 91 4 81 21 40
    74 68 36 25 84 45 8 85 54 30 29 109 14 56 54 69 86 1 45 109 77 47 95
    46 31 115 115 64 102 50 86 9 45 4 22 91 57 2 77 17 64 80 90 63 108
    70 72 86 51 99 54 54 51 27 99 112 32 5 127 10 46 63 26 89 72 62 71
    21 15 69 47 112 93 109 19 27 94 111 103 37 18 16 81 91 86 96 103 64
    85 87 39 14 87 45 74 90 95 89 49 98 118 31 17 124 40 72 57 19 102 74
    29 125 104 31 90 8 59 82 71 65 37 25 84 10 106 11 106 52 49 124 94
    104 116 126 31 15 74 77 22 122 26 96 35 45 77 73 3 99 121 103 77 114
    11 45 7 75 66 31 13 2 53 28 102 50 14 118 32 22 77 13 107 94 25 94
    109 91 92 27 4 71 46 110 96 94 106 90 102 57 64 2 99 63 42 84 34 9
    53 40 98 106 72 108 26 49 52 47 110 29 19 99 29 29 25 59 50 29 68 67
    53 34 53 126 67 117 19 126 45 104 31 99 61 37 90 112 50 36 60 7 96
    55 53 76 111 8 71 99 52 96 18 95 69 99 121 63 50 103 77 14 13 45 78
    66 47 81 66 95 122 123 89 37 71 122 87 86 47 120 1 52 57 3 5 40 36
    42 11 104 16 113 98 76 36 78 103 124 7 92 43 52 11 101 122 6 61 59
    35 83 27 106 102 100 25 27 104 24 80 76 19 49 70 34 113 19 56 20 80
    63 98 9 53 57 30 9 104 95 31 37 32 32 65 47 15 88 5 52 0 8 71 122 63
    99 1 14 45 121 53 82 69 111 32 13 49 93 31 20 69 71 62 125 118 90 51
    69 59 35 40 65 12 106 35 122 124 104 4 117 65 107 85 47 31 73 30 2
    64 108 126 54 114 41 109 125 81 76 99 70 79 30 43 54 2 41 54 8 2 20
    53 86 33 92 96 69 27 81 59 114 13 71 76 25 127 63 68 76 123 115 83
    64 76 51 33 43 117 78 100 41 76 76 18 10 77 120 52 57 35 83 124 25
    70 20 57 91 12 61 48 41 110 109 30 19 95 113 86 69 23 97 35 36 88 74
    115 3 47 40 116 107 65 105 121 18 86 50 64 112 90 111 62 26 125 35 5
    102 23 86 80 6 127 127 10 92 50 119 23 27 94 73 100 14 7 91 3 44 26
    49 84 97 59 68 8 113 108 68 29 36 102 10 71 36 35 74 24 6 113 60 110
    28 54 71 6 28 1 80 64 121 27 40 91 95 75 85 80 39 59 61 12 33 27 99
    77 23 75 91 65 88 76 107 101 111 39 113 98 29 43 3 89 64 100 100 76
    45 107 116 34 62 62 38 32 63 110 12 42 29 100 34 9 95 21 47 93 77 40
    14 125 116 5 115 62 38 22 61 106 93 38 46 97 53 114 11 25 103 16 55
    11 121 95 29 42 51 68 52 72 50 100 79 19 113 67 93 119 42 43 116 52
    104 118 3 19 16 123 99 93 41 10 95 43 18 114 33 82 88 103 8 82 36
    114 69 18 84 12 20 121 54 21 12 114 89 83 54 112 108 58 86 19 117 70
    118 3 95 86 26 70 23 49 93 10 72 48 117 54 125 56 55 116 98 92 46 26
    76 102 90 66 32 73 101 68 101 106 25 68 76 65 81 70 35 108 47 80 119
    21 74 98 76 120 93 9 37 51 98 60 29 94 108 77 102 29 4 65 25 17 8 70
    64 30 119 89 119 104 80 97 93 43 75 10 102 84 21 28 43 60 15 41 50
    70 77 17 23 82 105 32 110 90 77 61 103 28 3 113 0 10 107 80 37 21
    122 57 50 63 58 115 106 31 98 110 23 73 74 34 101 116 126 110 113 60
    52 8 96 62 44 105 8 4 15 76 34 67 22 112 12 70 117 114 41 78 77 33
    80 44 111 22 119 35 72 57 112 123 96 86 33 52 29 76 62 120 74 101 64
    111 117 55 49 113 22 14 92 121 121 72 111 98 71 123 3 5 116 37 97 54
    102 29 80 73 54 43 85 30 97 38 7 85 93 61 57 57 121 14 31 127 98 122
    24 42 75 62 99 123 30 101 12 121 96 21 108 16 69 16 0 95 44 56 97 74
    109 107 116 79 96 114 15 38 6 40 3 31 102 18 29 112 89 7 32 102 116
    78 86 79 16 115 32 93 93 16 81 114 74 62 93 110 29 52 108 4 117 58
    92 45 56 64 107 93 48 58 80 11 63 89 10 36 115 99 21 18 113 5 97 75
    37 74 98 9 19 119 51 70 21 47 3 4 123 51 19 21 69 89 113 23 41 78
    121 37 61 41 124 65 69 81 115 17 10 12 15 12 101 17 114 29 123 3 12
    10 32 54 121 123 68 57 74 69 6 90 81 116 69 102 40 64 30 105 104 75
    88 13 33 32 86 48 92 14 48 113 106 38 115 10 79 69 4 35 97 55 44 83
    44 41 24 21 36 94 121 107 6 59 45 18 125 81 123 22 103 119 56 127 88
    84 40 65 15 84 88 84 68 27 40 56 17 82 84 64 90 41 44 49 71 9 118
    113 11 25 40 112 93 99 81 117 121 67 97 53 12 5 70 68 8 68 103 85 10
    28 5 55 95 38 9 95 61 34 59 16 65 114 57 19 42 104 91 65 19 94 7 34
    64 15 85 125 83 57 19 40 117 123 55 79 36 62 67 63 111 105 44 62 43
    86 44 87 126 9 105 38 13 83 117 6 15 60 119 109 23 7 82 62 124 30 20
    102 30 11 56 70 88 35 41 54 39 28 55 92 83 119 94 42 14 23 48 0 104
    77 88 54 31 1 92 104 65 36 87 48 85 37 31 22 109 4 20 82 119 26 115
    91 75 100 23 54 119 54 8 41 30 102 117 125 39 7 18 116 124 41 113 86
    62 117 40 106 24 53 1 64 97 39 64 125 100 18 99 107 109 64 94 2 46
    92 10 107 8 25 71 110 23 83 10 58 80 4 71 21 66 40 9 20 46 122 109
    114 30 5 121 89 16 3 96 95 77 5 112 19 51 115 46 41 10 92 100 25 44
    68 106 2 56 76 115 53 7 126 58 95 73 16 74 39 78 74 37 118 17 39 121
    8 13 44 55 55 36 86 23 123 59 57 60 26 30 35 94 5 27 1 52 103 81 2
    84 72 26 6 80 63 28 58 56 51 82 127 69 9 84 118 77 106 38 7 20 86 31
    119 41 58 11 123 69 123 13 88 56 115 0 126 33 50 94 9 123 48 44 52
    90 45 6 22 92 27 38 126 104 98 50 78 17 87 32 28 34 43 35 107 127 32
    55 40 47 77 43 111 114 63 63 113 8 55 125 91 94 100 66 89 95 90 67
    119 116 93 35 76 80 123 92 44 40 43 115 79 17 55 13 51 67 72 37 105
    124 99 59 58 6 75 97 64 115 88 111 71 51 63 74 123 8 90 38 66 1 21 8
    110 124 19 39 34 13 107 116 109 105 86 100 11 109 93 2 69 18 10 110
    10 30 105 42 31 16 26 36 105 70 84 115 53 7 100 125 121 75 96 67 4
    86 4 122 86 124 61 62 117 6 120 20 64 47 43 52 9 67 97 68 61 118 8
    100 86 88 96 38 97 81 74 1 8 3 118 115 33 43 46 70 107 97 66 61 122
    123 75 35 82 39 69 13 45 29 7 88 82 31 29 5 125 117 23 13 91 104 23
    77 90 110 45 20 96 6 13 80 63 94 47 0 116 41 18 13 102 54 24 74 80
    25 25 84 64 86 75 0 60 70 74 85 59 37 79 72 58 89 110 104 22 26 50
    49 12 104 54 114 80 66 82 7 0 53 113 6 118 68 86 58 1 105 110 116 86
    33 61 120 112 6 126 125 17 96 101 0 74 79 74 106 11 5 41 23 38 70 6
    49 105 109 96 32 13 30 38 7 116 115 85 79 106 12 119 122 102 11 42
    47 75 7 110 96 53 96 111 110 10 106 64 114 89 59 19 24 120 67 55 112
    86 30 38 100 96 118 5 124 113 25 55 120 111 98 53 97 45 107 60 75 10
    0 38 91 2 35 108 110 95 51 73 58 75 37 80 91 103 123 39 25 57 29 127
    17 6 74 93 120 25 102 12 50 3 118 9 94 17 95 29 74 0 94 123 79 76 22
    12 113 122 65 123 125 19 112 77 125 49 96 89 73 10 118 18 44 38 15
    71 45 10 23 112 74 95 109 36 78 27 39 68 94 52 27 52 34 89 40 68 27
    7 35 44 5 1 45 65 25 40 1 9 15 25 27 115 78 34 94 89 56 24 15 119 87
    12 103 59 66 54 41 112 100 100 70 39 83 23 14 68 58 67 103 57 123 92
    104 43 63 13 71 102 88 86 0 36 36 43 58 113 65 120 53 17 42 14 53 37
    16 92 73 6 109 23 83 59 59 82 103 122 24 8 3 9 1 123 90 58 34 18 103
    43 2 26 48 3 31 53 87 13 77 70 121 120 19 79 79 17 3 22 123 76 29 72
    5 26 87 103 9 94 64 57 126 80 109 98 57 56 13 99 79 126 59 104 32 81
    46 72 101 24 35 73 123 60 45 62 3 60 42 89 97 57 104 107 117 108 61
    27 124 7 79 115 48 122 110 89 5 68 5 7 118 67 40 91 5 82 88 95 85 56
    125 101 19 93 14 39 9 30 119 98 43 111 122 39 47 63 91 120 19 52 126
    101 29 70 70 14 100 93 27 23 33 111 39 23 20 3 48 60 57 70 118 89 37
    0 71 119 98 47 98 44 104 99 67 14 110 99 90 50 4 88 94 2 57 58 95 26
    60 78 65 14 21 92 64 70 50 3 34 103 2 1 31 95 72 30 109 21 84 30 32
    61 117 5 65 13 78 81 52 21 123 82 89 74 39 111 13 72 72 94 107 67
    121 2 108 1 18 79 42 53 92 60 96 41 122 50 77 53 13 28 52 101 43 72
    101 73 85 1 71 122 59 91 19 1 124 114 88 106 3 115 123 72 106 43 41
    52 49 11 102 72 109 92 20 55 111 97 94 63 51 74 60 99 113 89 14 80
    87 76 94 40 8 90 63 106 28 38 7 49 2 4 38 108 6 27 19 59 116 40 49
    63 105 69 55 36 87 76 111 111 66 90 60 107 86 18 13 31 84 29 61 0 75
    49 84 118 122 104 91 19 5 81 93 116 27 66 27 48 88 93 75 105 72 127
    88 41 5 101 5 1 107 11 112 73 96 79 84 1 25 16 80 120 34 77 80 10 75
    127 0 85 108 3 89 54 47 32 32 113 22 81 23 1 108 31 2 111 19 12 53
    87 121 47 99 5 84 29 20 81 117 49 51 52 122 93 11 90 24 85 65 3 113
    9 98 67 2 125 63 117 103 80 45 77 114 84 54 41 87 100 44 33 5 107 26
    60 86 122 3 53 23 31 102 70 24 54 17 101 29 102 113 19 18 56 43 57
    64 118 90 24 95 5 33 96 116 83 50 74 90 10 52 121 69 35 62 97 34 77
    53 2 63 65 97 29 91 110 122 123 61 35 5 61 99 118 52 77 50 31 17 106
    56 31 21 76 41 112 94 70 22 11 37 55 77 39 4 119 82 91 122 95 10 23
    80 22 8 109 27 70 79 68 115 4 76 118 120 9 91 72 47 6 23 61 13 57 92
    112 26 76 23 107 114 48 50 13 14 97 52 50 33 60 4 8 64 123 15 58 55
    121 29 112 36 51 43 61 36 96 56 27 59 49 69 114 116 25 90 61 35 77
    52 80 111 10 44 26 114 97 15 75 88 87 84 98 46 31 35 120 58 64 62 20
    110 7 93 34 126 120 7 28 28 44 57 6 37 109 51 61 72 45 123 2 24 108
    53 41 48 110 56 82 77 83 77 36 69 97 60 12 69 125 41 118 90 107 59
    46 108 37 104 40 12 15 65 126 46 118 76 46 60 104 65 33 61 111 7 61
    119 58 104 44 39 63 83 22 48 85 118 60 82 66 88 71 63 31 62 58 85 92
    47 74 110 69 19 1 75 36 79 62 122 14 114 61 126 87 127 126 73 94 29
    84 126 26 111 47 58 91 73 107 118 48 61 46 39 41 103 60 108 28 1 87
    9 100 43 50 3 38 41 62 106 59 101 33 118 94 103 123 0 46 52 81 125
    25 123 35 57 52 125 74 30 63 1 14 27 30 46 100 109 79 97 51 84 93 47
    127 95 113 66 32 24 12 93 47 53 29 55 127 29 125 107 3 107 84 103 94
    74 85 116 24 81 12 73 44 0 11 73 67 47 86 45 65 49 27 23 51 72 67 82
    4 59 2 53 76 7 93 123 4 68 49 24 125 12 119 20 121 92 79 26 60 108
    119 69 34 88 3 24 68 78 63 59 34 10 66 5 43 65 39 56 22 16 108 77 49
    45 75 76 11 18 17 38 11 73 87 43 118 13 71 57 30 119 66 82 119 70 77
    83 85 3 83 23 5 33 104 30 97 33 0 31 44 111 27 97 98 69 112 6 10 90
    1 62 89 62 69 117 56 90 42 117 27 77 66 48 2 31 89 57 63 47 121 74
    107 90 32 93 107 17 21 115 68 44 8 61 94 33 27 18 123 75 73 102 116
    117 1 32 67 71 54 123 41 57 88 11 73 46 86 38 38 35 9 22 89 12 122 5
    3 11 29 93 61 101 71 78 84 56 63 12 108 17 34 18 23 107 42 5 77 14
    81 79 48 53 39 19 92 77 88 3 4 32 53 49 63 44 102 17 104 11 111 77 4
    69 82 24 47 29 123 33 48 86 91 58 23 33 91 21 37 112 54 53 49 66 84
    88 41 110 12 3 83 76 7 109 5 46 75 73 78 107 44 10 46 122 50 36 57
    25 109 75 40 17 74 101 88 33 49 0 38 79 99 47 70 64 89 89 74 6 55
    117 98 73 65 60 107 20 59 60 74 5 28 73 40 38 103 27 47 80 2 97 78
    59 19 90 111 58 116 127 15 68 73 51 81 110 19 22 125 0 54 44 24 87
    23 100 83 40 48 106 66 49 114 123 24 22 89 109 4 85 35 101 0 21 20
    116 92 55 124 16 32 61 19 96 5 77 60 76 85 20 90 22 114 26 108 41 24
    25 83 38 1 90 2 60 81 4 80 59 124 110 7 1 47 42 49 38 111 20 104 109
    69 110 82 108 13 105 38 82 39 1 52 56 35 47 115 4 84 72 89 38 84 26
    110 60 94 86 41 67 121 39 96 85 50 48 18 103 52 29 110 51 68 8 5 48
    31 44 45 18 54 26 6 114 36 88 111 82 14 53 47 103 109 20 90 57 99 95
    127 103 30 123 14 60 73 64 58 79 104 41 8 3 79 98 64 3 102 66 64 21
    37 10 63 116 79 105 56 88 24 41 75 119 19 93 72 113 105 43 127 121 8
    34 23 116 124 79 91 66 10 50 101 12 63 11 111 44 68 26 7 39 63 11
    116 24 97 6 96 121 10 14 32 84 118 26 84 78 86 44 30 58 3 13 22 40
    81 28 80 57 80 52 99 83 40 24 122 55 28 78 3 59 78 6 57 122 46 7 50
    43 107 50 19 10 122 34 42 98 8 63 120 40 42 47 114 8 20 75 30 60 120
    13 116 115 83 78 68 0 37 94 45 88 88 58 66 86 61 106 29 13 65 102 22
    74 18 1 85 19 66 89 30 29 53 73 94 126 120 77 24 49 0 49 41 60 7 79
    74 2 40 24 6 72 75 119 41 22 3 2 15 98 21 102 73 62 103 36 112 116
    47 68 53 105 117 36 58 18 108 87 101 58 1 6 60 127 99 116 91 117 42
    124 88 44 108 59 29 40 38 26 79 75 117 28 38 64 28 31 86 17 0 6 30 2
    65 75 27 93 61 79 51 53 55 82 36 52 108 125 9 35 71 95 0 58 42 12 79
    74 47 65 123 91 82 55 87 60 69 67 126 23 26 117 65 0 6 99 6 29 7 92
    27 22 29 46 56 32 63 35 76 84 13 87 48 93 28 16 54 1 50 47 103 6 3
    122 62 59 107 78 100 60 77 85 93 33 39 111 118 81 10 76 52 113 17 11
    9 9 35 96 55 116 84 0 13 96 83 56 34 91 11 46 97 12 45 118 83 19 54
    108 91 92 29 118 72 76 126 100 103 89 2 10 126 16 45 76 72 60 91 70
    47 4 24 26 62 119 38 67 46 46 78 52 19 23 86 117 121 38 0 73 87 95
    109 15 36 59 10 66 121 84 100 34 18 91 108 23 45 109 12 109 99 15
    127 79 5 31 92 38 60 108 32 56 8 95 108 112 124 74 6 84 54 97 103 52
    84 75 55 48 40 13 76 18 108 125 95 28 94 96 63 61 84 69 100 123 13
    66 1 21 49 72 119 80 118 49 56 108 84 39 96 63 105 114 56 82 56 55
    96 85 94 13 113 82 13 89 3 79 81 29 86 52 5 107 115 42 86 32 19 2 47
    37 54 27 125 76 64 86 116 86 94 111 114 93 78 79 1 56 113 97 9 87 12
    69 88 85 6 26 2 28 125 118 98 119 35 21 68 57 19 0 92 82 114 28 2 21
    58 13 83 48 20 51 51 43 109 120 36 31 63 70 55 104 74 88 88 2 11 16
    16 103 105 39 76 95 41 94 49 76 127 99 93 8 36 3 17 91 4 72 126 3
    116 48 47 102 63 42 90 95 89 35 112 109 44 102 29 66 56 10 57 31 123
    108 68 106 83 1 125 53 118 100 12 54 12 56 89 32 64 55 11 26 26 43
    58 47 97 68 105 87 34 108 88 21 80 47 11 22 11 109 117 54 39 80 8 60
    33 38 95 120 6 71 72 20 45 68 34 43 82 28 41 51 127 95 48 120 0 118
    48 87 59 86 15 41 120 92 54 20 47 44 105 30 79 99 120 83 14 10 41
    104 98 106 1 121 28 76 40 22 109 35 111 103 40 52 7 15 109 109 75 48
    44 60 37 35 125 27 56 48 16 94 79 69 14 117 72 55 4 9 65 84 124 24
    58 64 95 106 39 67 52 70 39 114 112 78 76 95 82 49 68 23 82 45 10 8
    101 123 79 32 72 91 39 93 106 26 8 100 28 83 111 26 23 2 2 56 41 95
    101 50 23 127 37 5 7 10 41 41 114 4 4 18 3 8 43 63 3 1 29 15 26 43
    50 83 119 25 96 37 29 87 12 125 105 119 12 84 104 52 122 4 33 72 86
    60 42 52 104 26 74 31 50 22 123 119 18 19 87 106 107 94 94 5 54 64
    43 49 0 37 59 25 127 50 108 34 36 87 79 10 102 93 96 91 56 30 120 44
    59 80 68 56 93 9 44 1 61 18 125 6 17 14 55 99 63 101 71 112 32 57 95
    34 120 69 98 71 112 0 13 69 126 106 71 54 63 25 34 100 47 126 109 48
    26 19 107 87 29 2 32 59 33 121 26 85 104 68 8 98 116 29 23 14 63 75
    108 50 115 74 123 115 16 125 35 110 17 55 45 111 78 13 49 118 89 36
    68 46 124 108 87 70 107 77 114 100 82 80 14 22 54 41 10 77 76 36 85
    76 5 13 24 20 37 111 59 35 22 58 1 30 79 69 54 100 118 127 118 76 0
    1 90 48 84 64 13 59 32 95 69 109 41 18 84 95 71 115 87 86 111 1 110
    106 69 102 50 5 86 75 89 73 126 125 115 64 65 75 45 108 45 59 121
    117 45 23 110 91 48 36 98 22 33 17 105 16 46 61 50 61 106 39 14 81
    14 87 57 71 67 56 116 113 66 120 127 24 106 51 91 51 125 18 123 84 1
    83 36 60 34 23 80 79 72 111 100 32 116 55 50 12 76 45 47 88 101 6 58
    79 41 90 82 26 91 98 37 66 121 85 28 37 122 89 16 105 101 84 118 28
    30 8 82 47 44 21 84 66 69 43 93 63 11 70 98 16 102 108 25 125 45 12
    99 74 34 76 23 116 108 48 44 27 27 126 76 70 7 7 60 31 122 51 69 81
    111 74 66 59 127 76 28 24 84 47 7 115 51 110 120 52 106 20 108 76 38
    14 18 49 113 21 116 28 63 4 5 11 80 57 19 64 19 22 28 104 22 79 115
    52 14 17 118 79 89 124 84 84 77 5 125 67 3 55 90 88 78 66 124 59 93
    52 126 24 44 110 91 116 0 91 23 9 91 113 38 10 22 0 67 42 43 69 31
    69 103 84 54 65 115 14 90 53 45 35 114 58 16 113 53 50 57 120 58 72
    86 35 29 110 95 123 34 13 8 40 56 90 10 3 56 49 1 54 80 97 0 22 43
    100 53 95 100 40 89 67 33 98 91 22 11 82 23 72 120 87 89 22 25 101
    111 29 11 5 97 106 93 70 126 101 93 43 99 114 117 107 15 121 115 44
    45 11 108 112 65 50 57 52 41 107 74 109 66 6 66 118 125 29 88 7 114
    64 127 122 44 123 99 109 92 37 115 69 107 85 123 76 97 17 9 81 31 78
    110 85 79 3 55 20 40 85 100 91 28 29 125 75 85 33 123 74 86 95 110
    88 73 102 49 45 26 61 83 25 118 77 59 65 53 18 16 19 114 0 28 58 61
    5 1 14 2 29 14 62 36 120 88 57 78 71 38 119 49 123 18 31 79 121 41
    111 76 4 73 7 101 20 31 28 107 22 37 3 41 115 52 63 41 15 57 82 10
    31 74 24 33 8 51 60 127 106 6 124 1 112 94 103 65 53 54 47 66 76 114
    69 75 107 75 108 122 61 62 111 127 71 12 64 96 112 97 77 7 27 76 54
    10 81 52 120 110 53 49 104 97 99 83 64 120 97 79 106 48 63 1 118 41
    18 4 57 102 126 101 20 86 72 14 124 73 113 126 64 15 49 8 50 55 78
    57 79 94 115 37 118 50 2 63 43 63 113 52 44 120 54 104 19 25 104 9
    19 5 123 24 79 110 97 89 114 111 119 62 123 113 126 84 83 43 43 4 0
    101 108 63 108 34 40 23 20 110 114 67 118 42 28 16 1 15 72 37 88 118
    77 44 79 81 21 52 111 60 50 46 31 86 94 38 30 40 65 46 74 60 70 22
    102 97 108 92 120 115 76 53 25 121 107 37 70 45 20 21 70 84 75 57 59
    82 87 45 75 94 111 88 112 29 58 19 14 16 21 79 0 62 76 119 2 13 87 5
    42 47 77 22 60 115 26 86 73 50 83 118 106 36 95 8 55 80 82 87 16 42
    21 107 91 54 102 49 30 122 113 54 52 27 119 6 35 54 113 54 9 84 98
    91 14 61 38 84 53 0 75 53 0 126 40 126 107 115 33 126 85 122 79 61
    118 106 82 46 103 41 1 110 14 98 83 22 31 23 81 107 0 101 52 124 18
    100 76 14 30 98 69 115 19 45 56 57 36 2 71 59 91 106 69 55 87 113
    101 51 19 33 78 85 52 63 88 78 3 52 4 114 22 106 74 49 96 121 26 45
    104 95 54 47 79 25 39 97 36 103 9 95 88 56 37 76 61 123 11 88 26 7
    70 55 125 18 99 53 56 104 47 92 30 113 102 45 41 28 83 63 119 33 96
    112 19 41 17 114 71 108 101 44 24 51 25 118 42 87 79 86 7 82 91 67
    34 86 89 107 120 90 82 110 65 18 7 56 78 18 76 82 92 107 47 107 20
    119 76 98 113 19 60 76 58 92 127 85 101 76 118 68 108 109 63 54 38
    106 21 72 99 89 5 98 8 127 11 69 73 47 56 2 122 5 60 64 16 0 86 26
    90 94 79 93 14 6 24 116 22 86 85 55 13 104 79 57 81 45 3 119 41 54
    45 104 120 49 85 14 72 19 53 36 91 41 43 51 30 81 93 78 89 18 32 90
    92 33 93 117 87 26 101 20 43 34 0 72 29 34 52 125 31 6 97 116 52 91
    46 25 14 31 110 2 95 23 122 23 87 37 97 57 76 100 58 127 109 64 106
    69 34 57 73 108 99 45 66 79 82 109 2 99 117 9 59 69 46 23 70 70 101
    8 90 5 4 80 63 57 53 87 24 0 117 22 91 113 70 94 83 87 94 17 15 60
    122 10 26 92 63 95 117 92 120 62 111 35 56 110 49 101 0 82 83 70 109
    114 52 9 26 96 77 46 12 54 35 77 87 77 84 17 17 124 102 103 59 5 38
    98 101 12 121 127 83 50 68 95 118 101 91 2 51 22 12 103 125 87 23
    101 91 46 69 79 119 65 15 3 22 6 45 50 56 77 52 7 96 82 89 42 13 29
    66 27 41 51 75 90 43 35 68 54 77 49 103 36 13 124 125 16 96 8 0 106
    52 79 44 103 92 81 63 16 82 95 82 122 4 122 40 68 55 98 99 100 4 127
    31 67 111 113 74 82 81 83 0 2 82 14 124 46 101 21 56 19 112 22 23 94
    9 30 25 0 72 77 18 101 114 88 29 34 58 109 24 100 90 18 12 18 66 28
    122 75 28 107 35 115 88 49 57 68 23 122 118 105 71 119 90 42 52 87
    57 122 87 37 6 17 66 111 83 79 39 43 55 100 52 92 89 115 46 125 81
    38 111 32 96 82 45 63 70 62 88 17 70 63 91 123 30 5 107 91 65 63 91
    94 52 29 80 13 27 79 89 25 91 34 116 84 44 42 25 7 61 25 58 38 78
    105 67 24 49 3 31 35 108 20 45 104 94 26 103 74 12 125 19 16 121 117
    102 120 93 62 81 53 95 37 14 98 63 31 76 12 53 68 124 79 118 32 83
    87 54 27 24 73 72 30 37 85 126 118 71 95 38 6 99 56 84 62 3 101 66
    28 49 34 8 108 56 58 124 96 76 46 105 125 105 33 30 71 40 124 58 125
    14 116 109 103 119 61 55 28 57 102 84 17 105 60 9 104 28 54 125 69
    35 43 78 73 28 103 91 97 49 17 62 64 72 24 88 48 26 10 42 13 26 104
    1 70 107 59 118 34 117 101 80 33 65 103 18 91 49 109 111 46 52 23
    115 22 50 122 1 123 66 119 4 43 62 95 109 42 105 125 47 26 51 123 7
    70 122 43 14 20 13 41 113 23 4 0 17 116 14 80 53 97 66 60 10 30 92
    23 53 68 28 93 23 0 73 69 116 85 86 28 21 55 84 78 125 12 62 84 106
    0 74 91 22 127 10 33 23 101 44 104 98 99 43 56 78 48 69 117 91 126
    61 31 59 54 23 8 60 90 50 32 10 83 122 78 120 125 69 111 52 58 99 86
    90 60 26 15 93 46 127 112 56 65 64 113 8 64 31 49 62 99 124 65 70
    120 70 7 41 73 26 51 120 103 119 32 30 49 118 43 118 60 49 126 51 66
    47 120 45 101 11 69 5 28 7 95 7 70 72 123 36 45 103 86 16 7 6 109 3
    28 82 85 63 23 50 113 125 21 93 126 6 114 79 11 122 111 12 86 117
    109 73 44 55 124 107 59 99 56 55 108 90 36 14 24 74 40 96 24 23 42
    123 86 60 16 53 11 4 63 26 100 71 48 68 45 38 59 0 47 62 106 83 72
    18 121 51 46 115 8 19 92 4 114 111 112 120 10 83 71 66 61 91 88 100
    56 127 86 53 113 50 93 79 102 121 73 54 2 81 5 51 105 60 80 83 118
    12 113 61 65 44 98 112 97 61 52 23 127 40 60 29 115 48 118 79 119 20
    87 13 5 127 94 33 61 60 31 50 111 17 53 103 23 25 15 99 25 41 86 47
    0 18 43 50 117 23 93 85 5 1 75 81 127 120 117 26 18 109 97 112 25 68
    50 115 78 90 9 84 116 104 48 31 89 5 41 35 65 59 81 104 33 54 78 95
    91 6 119 120 61 1 66 35 61 97 100 115 28 66 11 28 81 89 76 126 42
    124 116 36 127 115 92 54 53 35 15 29 112 59 68 80 111 126 100 66 71
    13 74 3 46 118 1 18 90 25 114 13 80 48 21 118 18 49 110 94 104 91 13
    21 14 7 10 78 88 120 45 31 15 115 74 41 61 44 85 16 73 87 33 100 28
    51 19 98 56 24 33 82 99 50 92 55 114 124 105 60 0 43 82 63 54 38 62
    93 24 41 28 115 110 42 86 75 49 123 46 10 49 54 100 68 112 57 79 118
    29 19 98 75 61 82 54 81 9 76 92 25 112 97 75 12 61 116 122 11 103 5
    121 40 54 58 28 42 118 10 39 12 98 2 72 107 97 83 89 113 36 106 117
    48 86 120 9 103 120 102 102 30 71 102 47 33 6 95 122 50 3 79 97 111
    113 125 97 88 76 19 85 59 72 117 54 35 60 85 93 120 77 34 56 94 111
    40 110 125 81 60 80 118 116 116 11 33 27 106 66 56 42 2 3 29 92 102
    121 104 76 90 62 38 67 49 127 12 13 86 74 43 126 97 36 111 120 113
    65 78 53 27 112 26 18 39 117 102 5 80 96 118 58 65 29 30 22 56 28 77
    103 53 62 121 111 122 103 88 27 76 99 24 6 44 42 24 12 23 109 43 120
    92 15 74 90 24 51 87 89 71 125 33 18 107 110 98 82 29 59 114 46 55
    125 42 18 45 119 85 9 7 61 84 62 48 0 70 85 92 77 52 92 30 3 75 85
    89 88 106 5 121 89 14 27 26 88 80 89 49 24 88 7 22 92 40 66 3 26 6
    78 91 94 6 68 18 78 33 29 76 39 22 62 49 21 35 103 43 109 117 49 94
    107 24 102 40 99 94 54 22 121 5 92 4 112 78 58 62 84 103 2 78 103 63
    99 81 6 39 58 15 95 64 68 5 9 124 103 94 88 96 2 24 23 34 99 126 104
    26 50 95 51 98 115 5 13 70 90 118 73 22 107 126 51 97 63 86 42 93 80
    48 118 71 86 62 39 11 1 99 75 40 103 63 33 108 101 30 89 31 24 16 68
    62 68 84 2 104 99 13 76 1 116 126 3 65 14 30 42 49 48 64 103 28 55
    88 116 1 59 74 110 74 34 110 31 29 46 107 124 25 126 34 94 40 59 106
    65 87 81 67 78 90 18 27 72 86 66 100 26 78 106 45 109 2 22 40 39 126
    90 21 122 102 124 32 29 36 111 46 55 92 18 98 120 63 66 48 119 121
    117 99 78 58 114 71 23 100 88 101 79 76 71 115 3 115 39 114 79 64 16
    19 54 88 69 127 109 125 111 51 86 11 54 18 107 71 86 9 48 40 124 62
    57 39 112 6 16 120 88 91 55 80 53 7 55 108 14 22 18 10 108 102 79
    105 111 121 50 93 123 92 48 26 31 120 103 122 86 8 59 82 88 65 23 53
    45 116 96 81 79 34 119 51 39 28 116 125 121 86 114 102 59 51 87 49
    89 114 20 77 39 24 123 71 71 30 79 10 76 54 23 50 103 99 63 40 8 54
    88 54 108 70 40 16 121 13 17 94 33 7 119 15 63 122 108 91 87 29 85 4
    49 32 62 37 76 9 63 100 11 72 92 94 113 74 47 63 109 21 67 7 40 68
    33 8 117 6 7 60 109 60 119 55 27 97 101 74 55 72 18 14 24 102 118 33
    124 41 127 87 34 43 118 19 90 79 126 87 110 100 72 64 107 24 22 79
    76 19 75 43 91 120 23 7 44 41 114 71 90 79 53 53 40 97 87 91 67 22
    36 14 102 89 49 62 30 55 108 98 45 21 56 19 14 19 19 67 122 100 95
    114 90 49 43 56 51 114 84 41 41 116 49 84 83 60 33 97 53 90 100 14
    22 18 42 118 40 44 39 97 70 49 9 7 115 80 122 80 91 117 89 127 7 83
    3 59 90 33 116 73 30 39 37 51 22 78 49 85 52 104 65 26 69 9 72 90 10
    27 40 60 52 53 58 97 48 61 28 52 49 55 120 94 82 19 119 58 105 82 32
    56 16 117 70 102 33 125 25 20 53 55 47 79 13 35 91 14 16 95 71 120
    61 94 105 113 54 100 11 56 87 34 28 50 72 1 31 72 104 68 90 98 40 27
    85 105 57 7 98 34 92 8 107 33 5 98 101 7 65 89 124 22 83 92 47 32 88
    14 22 101 125 34 107 14 112 22 1 26 109 93 95 127 87 124 4 11 93 66
    1 85 21 84 31 19 111 95 40 89 25 14 115 43 91 108 68 13 40 119 109
    73 83 127 44 84 60 29 60 54 6 103 7 6 6 34 52 47 7 29 32 51 88 62 80
    82 94 111 75 36 42 3 28 12 71 32 48 59 61 45 97 77 102 84 87 64 122
    38 44 41 110 104 41 71 47 49 1 109 10 112 32 32 0 104 115 24 116 39
    55 26 69 116 1 85 66 83 17 30 26 110 93 59 19 71 109 6 125 86 49 65
    25 44 94 12 86 42 103 84 11 102 51 38 33 66 43 34 50 20 110 120 23
    84 89 107 38 85 24 94 71 63 80 66 44 126 119 7 62 54 20 115 35 83 68
    114 13 14 93 125 45 11 24 15 106 57 61 7 7 96 82 7 103 61 61 66 76 5
    59 99 124 37 24 125 101 91 77 116 74 35 57 22 23 105 3 116 94 91 50
    106 5 70 65 105 75 59 92 11 98 111 92 94 89 110 2 114 29 41 99 118
    15 53 19 26 31 68 121 76 9 56 53 29 19 49 32 55 12 9 65 99 97 85 41
    108 71 58 97 67 82 47 100 26 117 10 61 78 102 63 2 82 26 63 47 74
    104 32 40 50 10 81 65 124 66 114 121 116 108 43 87 42 87 121 111 115
    25 108 59 113 79 27 106 122 88 52 115 3 15 82 77 30 72 19 76 9 101
    78 36 102 35 62 23 52 67 113 74 59 43 69 108 101 73 78 46 61 116 31
    51 70 113 79 95 46 109 81 80 116 33 92 60 10 34 73 1 79 106 57 118
    96 44 44 51 63 110 71 111 35 83 49 1 113 59 112 53 47 71 118 24 104
    14 54 18 25 29 36 51 25 79 39 14 9 57 127 84 114 107 37 116 97 24 47
    85 6 48 21 14 98 105 127 104 89 89 83 26 44 4 44 11 25 109 53 103 75
    82 72 126 86 53 85 101 13 71 21 10 48 66 19 55 6 103 29 13 98 35 100
    115 21 53 68 58 3 121 24 81 44 5 44 47 6 33 49 68 115 112 26 103 117
    9 23 73 61 20 34 116 43 107 12 72 112 103 115 99 60 58 34 98 26 11
    61 12 127 22 111 49 26 91 127 83 19 25 61 32 64 98 113 24 104 62 112
    31 80 98 29 114 95 3 45 111 112 19 31 65 17 7 104 101 4 52 29 37 85
    123 68 114 116 1 25 22 46 14 27 4 4 11 1 19 68 103 21 96 34 93 15 18
    115 2 127 43 29 26 89 96 23 16 22 12 19 87 95 114 65 112 24 89 77 5
    102 35 93 52 98 18 18 27 76 79 53 57 105 3 84 74 125 44 29 1 112 49
    1 121 104 21 112 9 48 45 73 85 6 95 72 73 8 59 96 95 57 76 81 85 75
    120 39 28 78 71 96 115 97 71 81 117 54 89 89 24 39 94 92 82 92 15 11
    28 25 95 1 69 13 6 50 37 79 96 63 118 120 73 87 1 11 68 32 23 81 35
    103 28 74 2 89 90 122 94 115 28 120 37 82 47 65 96 40 127 125 95 79
    102 66 43 24 73 105 65 65 90 92 40 17 90 111 55 112 18 55 89 76 111
    53 9 24 77 89 18 24 87 85 33 46 66 104 51 67 30 107 73 75 8 11 120
    53 29 23 10 68 67 124 35 94 30 127 105 86 83 60 120 22 30 95 17 66 1
    88 39 12 36 4 25 98 44 99 89 110 86 105 76 71 36 0 53 29 5 64 82 39
    122 30 2 19 110 109 56 55 83 69 88 43 46 73 104 38 37 59 12 94 120
    36 51 119 23 72 117 54 63 101 104 75 13 62 94 70 16 62 0 88 44 6 84
    63 18 73 7 22 15 54 125 87 98 17 12 24 41 38 35 44 104 29 6 10 120
    41 29 101 15 115 30 93 59 58 32 118 101 33 25 106 124 89 126 3 32
    103 62 45 16 75 16 75 104 124 79 45 112 116 80 126 78 98 72 97 53 93
    52 38 61 89 125 26 41 95 115 58 92 97 54 86 26 58 21 52 22 16 29 47
    56 111 24 90 66 78 116 117 85 65 60 59 96 82 28 27 69 98 12 56 74
    121 93 29 9 12 63 57 87 66 79 104 56 124 44 17 2 67 98 59 47 93 102
    6 62 3 81 57 46 118 94 116 12 20 75 112 56 63 123 107 12 91 20 69 64
    48 47 7 33 26 112 123 13 116 50 26 91 93 109 76 58 10 121 35 98 4 50
    94 100 78 0 121 3 4 126 52 63 52 63 116 75 40 57 63 55 73 86 104 3
    73 53 27 33 112 59 117 90 31 44 59 31 35 50 111 38 93 14 83 2 29 99
    117 45 7 82 36 124 22 48 19 60 27 112 82 2 27 122 24 109 93 92 104
    67 116 104 122 108 105 104 59 22 7 78 96 93 118 107 52 117 5 63 49
    123 65 3 74 35 95 126 76 97 104 60 118 87 24 120 62 59 96 48 75 64
    21 10 10 5 44 66 83 92 57 51 65 13 37 17 32 57 94 26 124 108 106 68
    55 45 87 114 61 96 97 90 17 60 101 102 88 88 83 89 36 104 99 79 96
    121 85 57 29 116 21 72 15 110 30 50 14 87 89 79 48 97 83 79 101 18
    80 96 105 50 55 10 22 84 48 93 105 112 103 127 125 99 55 59 56 31 36
    33 105 78 49 34 95 121 59 66 94 8 25 58 4 99 55 0 6 14 121 3 96 69
    118 50 120 124 34 112 56 40 14 70 35 102 32 77 28 58 125 126 7 58 57
    54 78 27 14 74 82 29 25 39 103 9 117 89 97 104 73 32 125 62 91 86 46
    95 77 69 99 108 17 22 31 120 123 62 42 57 36 47 99 92 19 10 60 117
    48 102 88 90 22 17 69 111 66 5 38 61 127 125 74 108 54 47 79 79 28
    10 121 98 77 51 29 49 48 29 16 0 25 121 40 54 63 56 68 124 6 123 17
    126 54 119 61 67 14 85 56 38 45 32 93 2 83 99 92 117 21 20 89 45 96
    27 102 19 40 61 94 70 51 20 124 21 88 90 115 46 48 98 11 121 70 87
    101 121 45 26 76 46 58 89 8 110 26 108 77 122 65 65 32 62 66 38 55
    101 123 123 60 122 21 102 63 109 107 19 36 60 34 63 99 119 100 117
    44 99 96 77 81 105 118 101 96 126 3 20 94 54 33 26 52 85 19 56 72 54
    5 60 79 69 106 42 45 48 74 49 114 60 64 107 23 56 19 85 98 12 59 59
    84 71 7 16 59 85 25 25 23 79 53 73 9 107 79 3 64 64 6 123 32 5 63 48
    77 60 75 32 88 119 80 75 47 101 18 110 22 17 64 66 49 17 95 77 15 59
    87 97 63 1 42 59 26 38 51 104 32 2 125 35 20 5 113 70 8 41 4 84 77
    82 110 125 78 4 46 54 116 72 0 88 74 75 31 44 3 59 95 96 83 52 16 48
    33 71 117 27 43 32 86 75 104 25 36 27 49 72 103 0 9 119 11 28 120 69
    22 16 94 75 119 99 76 86 10 48 81 121 32 65 23 79 1 61 79 104 64 125
    34 49 24 110 0 26 120 122 69 105 88 88 115 37 7 92 26 26 110 34 73
    118 40 94 14 14 99 25 33 123 69 3 104 109 14 93 53 28 35 107 77 66
    66 61 57 4 14 85 123 70 114 13 14 22 43 97 115 112 96 31 14 92 103
    120 17 5 30 4 19 13 96 13 30 118 121 78 43 69 107 101 123 105 30 107
    114 55 29 40 97 88 4 12 91 96 67 55 53 68 31 70 18 116 8 71 27 87 68
    80 70 117 51 63 75 87 110 15 120 5 76 39 101 6 57 68 76 97 123 100
    24 10 31 19 112 75 76 42 77 12 66 80 107 72 0 71 7 67 126 69 116 51
    35 108 57 0 55 90 99 14 78 26 1 120 117 0 98 101 95 7 43 74 53 103
    11 18 27 21 4 67 79 72 123 78 22 104 58 8 109 16 59 71 88 59 23 120
    22 98 54 77 56 52 104 121 45 80 12 29 21 12 124 77 67 104 127 31 42
    41 58 120 43 19 18 32 103 51 26 46 111 79 15 77 11 6 45 1 68 8 58 59
    89 35 88 93 77 42 115 95 13 114 4 63 66 96 41 48 15 104 2 91 40 17
    90 74 44 6 118 99 18 7 110 37 84 52 32 103 2 48 18 93 29 24 27 29 60
    78 75 48 65 55 97 30 12 107 84 90 127 88 105 94 94 55 47 20 95 40 71
    101 104 59 120 0 94 17 43 100 122 36 46 7 109 33 17 48 108 15 94 89
    105 93 83 124 116 32 98 90 121 120 30 2 26 17 103 105 88 96 20 102
    86 92 103 63 105 55 56 44 38 71 18 17 77 6 40 11 37 118 55 112 82
    119 126 32 10 48 49 104 95 114 37 94 87 71 28 114 38 37 25 104 84
    126 44 73 55 19 103 11 75 111 18 25 4 44 120 3 86 3 40 27 60 69 99
    101 62 5 110 61 38 43 60 1 58 122 22 41 127 121 61 13 76 83 50 54 56
    27 102 101 110 53 122 76 87 70 8 46 31 89 75 55 5 48 78 34 73 26 118
    119 19 30 126 45 51 89 101 28 96 39 85 43 100 124 56 29 101 60 113
    39 89 4 38 75 73 45 77 19 3 33 125 64 36 30 24 3 38 122 29 125 2 61
    112 125 49 100 29 86 44 89 55 85 6 107 119 38 103 87 38 40 121 121
    35 121 11 68 69 13 1 103 96 79 80 108 50 64 92 103 40 36 105 14 72
    36 75 113 106 48 90 87 24 59 54 3 116 18 27 111 47 10 9 93 87 79 25
    22 0 64 29 112 86 79 115 52 19 33 49 99 74 11 21 107 1 56 77 127 103
    71 94 127 57 18 24 119 4 77 38 33 84 19 22 53 119 90 72 12 120 22 74
    5 126 103 6 52 41 121 105 65 47 45 58 100 25 3 21 34 42 73 42 109
    124 106 11 70 41 55 124 106 97 63 4 15 26 49 5 4 97 79 93 79 76 36
    83 5 36 92 41 9 56 16 106 25 76 28 26 127 110 37 76 68 0 100 65 100
    29 53 117 68 7 35 30 57 51 68 43 89 17 108 82 58 98 0 123 46 11 88
    77 66 14 19 47 82 88 78 19 25 108 56 12 119 49 98 98 26 31 31 7 127
    14 40 8 56 104 112 112 117 99 47 107 95 125 36 121 6 103 12 112 42
    99 29 25 117 97 46 1 67 93 38 25 11 121 9 0 64 1 116 89 77 77 109 87
    4 6 50 118 22 30 39 34 58 109 103 118 13 45 95 35 53 127 121 108 83
    35 30 83 41 92 70 60 56 9 53 117 58 22 99 7 55 46 107 102 17 23 19
    66 29 79 93 85 10 74 33 96 55 27 72 93 120 56 101 0 22 97 104 86 64
    117 29 23 93 46 86 22 107 59 56 70 114 55 47 16 86 61 34 20 65 8 24
    31 45 79 75 67 87 39 105 110 48 126 33 100 101 78 121 91 98 45 30
    124 4 86 12 125 66 127 23 98 35 4 36 87 1 59 62 37 81 77 44 124 57
    122 46 80 54 40 42 18 74 117 112 87 96 60 101 39 14 52 52 97 53 119
    112 125 120 1 34 67 51 71 45 88 66 17 121 89 32 5 85 117 92 8 34 47
    97 8 81 115 77 27 46 94 73 103 88 24 103 13 81 79 102 56 36 111 108
    33 16 42 18 74 106 88 114 97 4 103 72 17 65 117 42 123 45 112 99 81
    67 5 67 82 117 106 44 32 2 100 23 74 72 81 117 65 75 38 17 118 93 91
    105 18 37 24 36 24 3 18 89 116 12 106 25 29 121 97 121 69 38 18 33
    74 73 95 40 54 69 14 23 73 101 121 64 34 89 110 8 17 83 94 117 64 33
    120 29 19 125 34 109 15 21 24 103 44 100 104 19 112 127 110 108 75
    94 45 56 39 71 46 85 23 11 51 86 45 119 97 66 55 117 11 14 118 88 92
    123 102 47 43 79 79 114 107 92 62 116 34 86 49 79 123 81 80 68 56 70
    50 66 2 68 82 113 22 56 87 87 121 33 6 48 2 88 41 63 110 87 82 61 92
    73 6 46 67 106 105 72 60 98 38 33 90 24 48 7 15 39 73 84 125 9 109
    92 86 36 12 7 86 80 77 24 125 61 99 22 81 72 119 18 80 84 73 100 82
    14 103 106 12 113 26 86 94 65 19 20 52 45 123 7 42 33 60 32 36 105
    104 22 36 21 41 60 28 114 94 102 122 44 43 113 40 66 50 84 46 98 39
    101 37 68 117 62 19 80 83 31 26 88 23 125 7 23 117 61 16 78 125 26 6
    98 34 38 71 107 60 32 20 20 113 32 44 4 98 37 93 93 60 90 24 31 54
    22 88 117 57 42 117 16 8 107 6 35 25 122 13 1 75 88 18 120 11 70 13
    125 9 127 118 51 44 22 10 107 14 65 0 125 25 96 27 71 7 27 31 102 66
    17 120 52 109 29 34 13 83 32 33 19 7 74 34 29 81 18 112 73 55 38 69
    76 20 40 109 5 33 77 83 24 65 2 36 71 93 67 125 4 10 106 35 97 4 25
    103 32 122 3 21 95 58 4 56 3 78 84 30 46 72 6 81 43 106 22 95 76 13
    73 79 108 76 22 64 115 120 126 88 79 37 124 89 65 113 63 94 118 120
    12 106 23 66 125 71 54 2 18 47 80 35 45 32 8 103 64 20 25 1 44 31 74
    62 34 30 120 19 125 14 84 35 125 105 89 108 97 36 5 80 7 20 12 68 16
    22 37 89 5 62 26 84 74 87 47 101 46 28 49 18 117 106 67 71 35 41 92
    115 40 29 112 67 90 38 52 39 13 30 27 57 92 63 6 9 25 114 67 51 98
    110 95 64 28 11 95 106 65 120 37 81 116 64 79 63 32 69 65 47 102 87
    45 4 107 75 48 87 81 26 16 126 124 103 105 110 68 110 102 86 47 14
    41 64 28 45 62 92 117 17 23 31 121 81 0 33 10 37 115 3 123 102 69 23
    91 125 38 71 28 102 12 67 62 14 46 66 39 120 98 88 117 24 54 85 54
    27 69 67 53 33 73 97 77 50 26 13 33 77 118 77 41 24 29 19 8 72 1 21
    116 120 22 2 110 33 92 99 9 119 108 111 7 33 3 85 17 73 43 14 113 3
    72 102 39 20 82 105 119 16 73 50 116 19 118 70 56 118 110 68 94 76
    67 1 18 32 121 126 88 53 79 79 93 65 6 22 1 21 112 62 113 105 63 46
    32 92 77 32 18 0 17 88 28 21 23 69 15 32 44 99 115 55 116 76 107 30
    20 87 24 70 36 30 66 104 49 86 51 97 88 47 49 89 40 51 86 101 10 106
    77 25 17 109 94 20 59 24 22 55 25 121 32 101 105 71 125 15 90 50 11
    104 41 38 52 9 26 69 98 4 97 18 25 56 61 49 85 97 15 54 126 124 8 57
    9 97 30 59 60 75 96 12 82 49 120 76 99 29 38 104 111 123 126 61 49
    75 78 107 4 38 10 3 26 64 68 92 36 37 4 74 31 9 45 119 90 97 80 33
    60 99 46 32 5 4 94 95 104 80 69 11 52 94 0 83 120 54 49 45 69 109 1
    73 69 34 62 125 69 119 121 42 67 7 82 3 77 2 94 89 54 121 91 55 93
    108 103 59 82 87 81 101 25 6 59 21 127 27 44 67 77 68 101 101 78 28
    17 73 19 75 62 94 41 41 80 14 82 118 34 69 9 45 92 116 84 108 101 66
    78 114 93 124 66 78 116 33 16 25 124 69 83 108 12 51 72 19 124 60 11
    70 11 58 47 87 3 60 113 22 4 115 102 44 87 79 107 61 54 51 45 49 118
    89 7 14 21 109 105 3 58 48 100 69 103 32 114 39 108 123 82 3 21 24
    109 90 29 119 22 125 75 118 122 35 90 88 73 1 43 81 72 76 114 94 92
    48 97 61 95 106 6 127 103 94 74 20 106 43 112 11 68 120 68 24 12 26
    4 35 86 123 56 20 43 105 37 111 20 26 0 12 90 9 124 93 37 15 91 35
    50 53 44 10 109 50 127 36 27 124 89 71 84 67 92 12 117 69 33 19 26 7
    35 111 49 105 17 28 58 30 50 77 112 105 35 33 91 24 25 108 91 40 31
    83 33 88 15 1 7 25 27 73 35 108 121 71 16 28 17 16 28 64 114 11 49
    104 107 60 62 40 33 13 42 20 107 88 121 99 12 21 3 109 121 87 76 34
    62 79 72 10 110 91 73 48 9 6 100 9 72 61 126 64 9 41 75 1 88 85 15
    50 102 80 36 87 35 35 68 61 30 123 121 33 96 54 34 102 20 10 20 109
    53 43 33 70 40 58 78 117 59 115 59 118 104 83 72 18 66 119 79 104 69
    124 2 74 81 126 123 125 103 122 101 52 37 109 80 48 123 43 100 23 87
    63 90 98 93 37 115 5 14 85 104 56 81 85 4 49 61 82 71 74 65 66 35 50
    35 104 87 65 33 94 15 70 76 29 79 98 93 18 44 5 10 97 91 91 53 66 19
    53 57 85 126 55 121 125 53 61 43 36 6 48 47 5 97 91 23 107 63 47 39
    99 78 12 126 100 110 41 57 66 25 38 70 89 3 68 37 23 1 1 13 76 18
    115 53 78 126 6 118 27 28 65 43 125 41 126 99 99 112 82 87 106 35 3
    60 27 13 52 70 90 95 39 81 0 36 63 77 122 85 58 71 53 2 21 124 124
    17 28 110 73 100 82 14 126 57 62 115 53 118 66 43 119 14 73 99 61 51
    96 66 69 120 14 127 43 3 108 69 30 12 88 98 51 24 115 51 41 33 102
    115 23 4 121 56 127 98 0 110 100 122 59 106 122 20 32 52 63 12 104
    104 41 111 91 69 71 121 18 47 126 67 122 13 75 102 13 90 61 67 28 20
    29 3 35 87 52 8 3 125 92 113 71 108 84 10 44 122 14 110 25 119 117
    60 117 29 55 96 108 78 36 5 7 12 37 57 75 27 79 81 78 27 4 96 26 36
    112 18 82 9 122 56 63 20 10 53 17 124 127 100 102 77 19 109 114 11
    98 41 51 94 72 9 10 111 11 25 67 109 122 37 2 16 76 56 63 108 44 66
    115 55 54 87 8 65 89 72 25 69 99 67 59 96 22 37 63 31 25 95 47 36 90
    107 66 25 72 89 88 106 114 36 7 112 112 106 13 119 121 64 99 43 4
    101 5 34 5 2 81 85 60 78 93 119 16 42 2 116 64 102 5 44 41 16 4 31
    90 112 2 120 126 28 97 18 75 111 99 108 6 0 101 113 38 78 42 106 13
    71 44 0 100 50 87 33 106 100 71 78 2 73 55 81 49 43 75 64 42 82 37
    33 13 7 60 46 62 93 64 75 55 84 38 9 31 43 19 42 105 63 18 110 48 45
    92 92 18 103 82 28 1 35 23 81 63 25 93 36 66 37 43 39 36 40 25 122
    118 27 90 29 66 33 98 34 56 19 6 7 13 32 120 96 9 62 107 13 22 69
    109 94 64 65 59 29 122 59 52 70 127 87 58 124 25 58 72 11 68 56 31
    50 102 20 117 103 18 28 124 119 123 61 34 11 114 104 64 33 16 56 117
    53 38 52 66 115 79 11 40 69 24 44 87 15 2 29 17 95 0 72 116 72 51
    106 19 101 21 26 81 106 66 25 108 46 38 61 33 77 50 108 81 30 7 125
    76 39 87 122 122 120 43 60 34 82 67 22 55 47 60 123 59 42 9 47 9 122
    90 19 92 120 100 121 50 102 0 107 116 13 97 47 35 64 77 121 34 1 55
    72 2 13 21 73 93 67 0 27 2 54 127 63 6 120 53 38 31 73 41 68 35 107
    50 122 96 74 115 31 11 111 127 16 11 66 63 8 113 3 106 19 66 36 71
    26 8 41 52 70 56 27 96 13 19 84 122 57 66 94 61 79 95 40 42 123 100
    95 122 97 10 60 59 36 64 97 10 89 102 25 55 43 52 65 65 55 56 88 121
    49 27 27 52 7 5 82 89 72 93 7 31 62 48 96 63 72 77 62 63 115 18 81
    96 68 54 32 108 63 4 50 103 120 38 33 124 4 111 119 102 27 114 68
    118 36 47 37 9 89 123 104 73 86 60 94 125 120 56 51 20 113 115 34 92
    55 116 99 23 113 81 7 104 33 1 74 52 17 116 116 0 10 17 37 22 70 119
    39 102 14 77 126 124 88 36 92 26 90 87 94 33 53 3 100 99 114 116 44
    77 32 38 101 81 8 47 26 79 110 46 29 11 7 79 22 83 92 126 14 33 78
    105 122 59 113 46 102 118 102 37 66 17 14 105 76 5 93 12 112 106 98
    73 96 68 10 43 125 4 119 14 110 81 56 70 85 53 75 95 95 24 100 43
    115 123 113 24 39 47 45 75 49 14 122 8 126 53 87 117 33 85 119 62 28
    82 79 20 76 113 30 37 96 53 24 115 14 54 80 30 61 121 28 55 13 91 53
    86 124 38 61 87 54 34 16 26 45 20 112 118 33 107 57 114 93 7 74 32
    92 36 100 58 117 107 66 1 35 107 71 15 109 19 101 80 91 47 54 37 90
    93 72 10 81 71 42 103 51 99 80 16 102 75 60 28 83 123 20 12 93 113
    122 97 82 112 10 78 90 95 62 40 23 41 66 32 54 20 77 17 77 65 28 58
    18 27 104 63 51 99 77 19 20 124 57 94 23 43 43 6 102 106 2 91 93 110
    83 7 52 75 65 70 76 47 13 25 49 100 89 108 76 4 60 56 67 28 117 31
    79 75 87 56 39 13 22 33 71 78 82 58 99 63 48 121 85 11 77 35 50 96
    116 118 99 74 27 51 83 99 62 86 76 72 38 37 101 7 123 36 116 65 12 0
    58 84 13 47 8 109 55 4 96 111 30 0 88 13 70 84 12 49 44 28 92 69 94
    57 24 100 23 45 43 102 77 26 42 13 89 36 45 18 55 3 43 1 124 37 71
    118 49 54 57 30 44 107 36 96 30 79 87 70 116 99 32 26 5 107 27 42 80
    26 56 93 40 65 4 44 67 68 104 28 77 25 36 82 122 110 49 79 70 27 118
    24 97 61 43 116 66 19 36 110 81 13 60 95 79 16 60 27 28 113 113 50
    54 50 47 56 57 55 124 4 14 39 10 14 44 53 30 125 73 3 44 85 51 31
    122 125 34 75 118 14 93 70 89 100 64 96 28 109 38 119 95 82 29 122
    119 101 65 47 58 114 81 39 17 37 69 30 16 41 93 90 98 65 84 125 79
    47 83 11 69 9 10 116 5 34 71 98 42 101 80 124 37 38 60 57 33 23 116
    4 81 78 112 63 121 111 114 92 102 34 96 65 102 14 0 0 117 41 94 65
    54 16 51 85 92 30 71 109 111 85 126 1 39 101 98 99 43 32 79 57 87 2
    28 69 53 20 0 81 72 35 98 124 20 45 12 46 110 46 14 111 76 67 12 24
    104 115 10 119 57 61 24 33 120 36 23 30 26 79 66 39 83 49 103 36 55
    72 54 2 110 72 51 96 121 55 11 29 110 71 21 99 40 95 48 89 89 6 66
    110 99 60 26 21 104 109 95 125 124 62 20 19 3 1 13 68 84 41 81 10 75
    66 38 101 10 71 78 18 73 115 106 92 87 102 17 108 8 43 122 99 7 100
    45 102 57 105 64 78 84 113 2 23 88 102 79 52 91 69 75 120 80 23 47
    87 97 68 7 28 82 17 73 58 106 48 60 41 70 103 74 55 24 63 10 81 52
    53 119 79 88 73 25 0 69 100 99 47 35 77 92 79 2 98 28 94 111 1 67 35
    96 25 91 9 119 97 49 43 105 23 81 99 3 64 67 125 41 84 36 69 109 111
    52 76 40 118 48 45 18 101 1 63 15 12 100 0 110 10 120 109 64 118 43
    89 53 25 39 28 110 43 123 58 55 21 127 119 71 103 27 41 85 98 0 8 42
    34 41 118 51 111 27 69 104 49 107 93 24 36 8 116 119 87 101 38 2 18
    76 69 109 123 123 118 9 111 21 78 69 72 20 121 108 58 113 54 97 77
    52 49 113 103 120 47 22 51 55 12 66 10 9 8 14 17 27 40 35 38 49 111
    18 100 2 24 95 0 12 94 57 35 71 57 17 2 64 121 116 69 61 5 127 54 93
    83 89 101 12 73 44 34 12 77 86 115 12 40 111 56 115 94 37 77 30 127
    34 80 59 16 87 73 22 99 12 42 2 98 12 62 47 36 90 68 39 69 13 79 53
    63 122 25 60 50 7 116 4 107 100 60 77 64 28 116 62 6 123 27 22 86 23
    97 112 91 117 15 65 45 91 50 72 8 9 100 23 40 58 98 10 26 114 12 42
    12 111 51 68 12 72 0 120 55 94 76 59 67 61 115 115 63 115 47 72 90
    77 50 27 64 43 6 8 12 56 55 32 34 125 103 92 78 52 92 28 42 124 78
    49 44 70 61 115 50 32 95 29 101 29 102 96 27 120 3 63 16 110 107 55
    8 70 32 91 30 60 10 65 103 102 97 56 40 48 37 107 89 70 20 103 113
    14 26 106 112 36 47 62 80 64 103 56 53 0 101 54 76 30 63 80 67 2 35
    6 43 4 62 48 15 16 94 46 9 121 17 48 76 108 44 7 111 14 107 112 43
    35 86 3 124 12 20 95 11 105 51 122 94 0 41 6 19 62 1 105 105 86 1
    107 88 84 84 101 123 26 90 49 78 47 107 7 73 37 59 115 13 15 58 25
    100 31 39 40 14 26 19 50 63 116 89 37 107 124 34 98 120 118 35 73 2
    11 6 7 126 38 105 8 79 9 33 46 52 46 24 112 61 40 120 84 21 83 119
    47 18 101 52 110 56 99 74 96 65 65 12 25 61 77 107 105 106 47 19 32
    67 102 28 67 0 65 18 31 87 125 59 34 99 33 39 50 41 55 49 119 118 91
    43 80 114 5 48 98 20 116 104 47 46 53 23 20 125 111 118 109 47 72 42
    79 86 7 103 35 87 76 111 82 51 102 114 67 91 32 32 113 37 72 45 52
    118 66 121 19 89 53 50 1 66 124 5 16 52 81 93 100 112 16 97 109 85
    52 14 109 18 8 121 8 68 47 53 25 6 126 83 72 124 125 107 13 43 123
    45 0 22 59 83 111 67 62 125 4 22 41 106 121 18 96 32 10 54 27 22 121
    70 34 26 85 24 31 12 81 31 99 36 101 71 45 48 18 2 51 22 83 122 30
    94 22 32 64 42 66 23 24 8 0 90 120 70 106 41 119 122 103 69 19 8 10
    114 100 110 80 80 35 62 35 51 50 117 6 34 77 92 37 108 71 16 25 33
    106 52 75 78 99 58 57 44 62 111 76 68 127 8 120 39 72 57 72 42 45
    117 68 48 94 111 70 68 80 122 120 95 99 8 12 96 66 23 86 97 5 53 10
    64 64 38 51 85 34 2 85 104 33 55 116 9 64 27 89 98 87 93 107 16 124
    71 50 119 47 4 98 46 52 66 112 7 67 35 117 48 111 6 23 110 13 39 54
    50 36 80 2 83 25 115 88 66 30 72 111 122 105 36 118 18 87 33 67 18
    26 78 38 8 2 37 79 32 8 46 25 19 82 53 72 0 125 102 36 22 33 51 100
    94 21 6 126 99 39 127 75 109 109 123 3 11 123 81 95 122 25 86 52 21
    90 89 72 113 56 16 56 87 5 27 56 62 120 22 23 33 94 11 44 13 8 92 8
    45 112 67 86 16 126 50 46 72 3 33 74 61 10 100 0 95 5 104 75 56 17
    98 7 41 69 105 45 106 16 64 114 115 45 75 117 46 108 109 0 7 48 72
    114 48 103 88 28 15 119 48 112 97 29 79 52 34 8 75 104 49 102 120 86
    28 37 10 111 50 9 78 121 9 41 72 91 5 106 95 12 39 72 75 74 45 5 108
    25 113 36 45 60 43 93 109 88 22 60 10 48 107 87 122 105 48 108 28 74
    48 61 39 101 94 12 49 23 112 59 57 126 20 4 66 71 71 28 44 80 55 72
    55 51 111 98 46 93 100 38 14 88 91 96 52 104 25 24 74 93 83 71 29 46
    60 21 107 11 121 85 23 56 94 83 126 34 107 75 87 48 54 16 46 76 124
    64 13 98 87 117 92 110 52 10 82 101 72 26 73 29 73 64 25 5 84 116 99
    66 108 96 120 19 18 86 40 65 18 94 45 8 87 89 117 82 92 77 29 20 17
    101 0 101 53 101 123 35 39 9 22 106 78 113 12 8 55 1 0 39 60 15 38
    117 105 22 36 113 13 18 90 90 123 54 32 41 55 110 55 47 21 23 103 40
    27 107 26 74 29 81 98 72 65 114 48 52 7 26 17 67 69 106 93 63 62 39
    117 43 0 96 25 36 78 46 103 48 98 122 35 104 127 62 69 56 41 49 34
    126 74 28 78 79 109 101 36 28 49 103 100 61 90 7 0 5 63 43 3 112 6
    81 51 75 62 79 32 21 31 104 27 92 57 18 116 115 47 109 8 111 56 125
    73 69 79 6 18 106 105 88 23 22 98 26 109 119 27 81 34 18 124 123 37
    12 96 2 81 18 3 95 78 122 12 100 4 66 62 111 15 47 72 7 103 48 58
    110 8 70 52 35 39 3 45 34 7 53 100 19 83 42 100 121 120 64 3 22 30
    32 79 104 71 66 94 103 91 52 20 39 24 82 80 120 17 93 93 124 125 84
    52 32 111 2 66 127 51 80 12 64 83 84 41 57 17 0 21 112 113 101 35 88
    47 103 78 83 61 31 28 86 15 8 44 44 103 0 85 57 116 71 122 118 38 95
    50 69 66 48 1 92 107 91 67 114 113 20 95 80 99 61 17 41 119 82 105
    109 17 106 62 106 113 4 93 65 38 86 79 126 46 44 66 92 37 37 121 32
    106 89 93 69 33 21 30 59 52 55 113 53 19 40 102 68 24 32 30 89 46 11
    79 10 71 121 38 31 16 8 48 94 35 51 121 45 61 3 40 80 120 22 67 120
    74 97 18 57 54 97 75 109 45 111 76 13 100 80 10 114 16 43 48 70 37
    30 69 60 121 40 57 110 93 61 32 2 44 7 122 127 62 96 59 50 101 40 28
    126 12 107 23 102 78 83 14 2 52 6 38 55 59 98 90 100 2 87 35 106 5
    101 118 61 16 6 6 112 20 118 31 32 30 30 67 99 60 103 113 27 21 8 54
    34 124 69 41 93 6 23 41 121 112 100 79 121 91 42 123 35 9 28 84 10
    113 99 21 1 23 114 112 24 11 5 89 78 75 64 118 39 45 84 10 13 32 90
    25 18 94 38 14 98 107 58 101 45 96 39 40 119 126 23 114 66 98 94 102
    31 91 16 17 108 120 120 44 113 92 57 116 8 8 30 59 115 119 68 55 55
    3 49 0 102 9 124 15 88 83 73 105 95 104 119 27 91 30 82 121 41 91
    126 107 75 47 18 90 17 18 3 97 0 9 116 14 24 122 73 86 105 6 2 40 14
    56 51 38 97 38 11 75 122 22 54 126 88 108 25 94 11 14 34 60 90 87 57
    51 21 52 119 27 16 8 86 93 92 21 41 125 52 20 85 35 116 1 105 27 109
    107 75 94 106 125 18 28 60 77 68 89 95 22 56 67 97 19 104 44 69 68
    83 79 21 121 83 79 116 67 41 87 70 86 125 117 66 27 126 116 37 57 37
    26 25 58 63 68 78 29 36 18 29 67 58 49 110 80 122 88 3 107 44 77 93
    66 94 21 50 46 18 6 107 20 103 67 66 1 117 83 0 117 123 85 26 54 45
    81 81 37 81 72 55 47 114 73 64 88 55 5 15 28 68 81 8 105 68 42 86
    127 97 30 77 42 88 101 115 52 87 95 49 34 69 87 54 12 20 17 39 35 66
    94 6 78 44 19 85 99 74 119 16 56 112 75 1 31 96 105 66 121 42 93 45
    42 76 94 108 26 1 24 123 14 73 11 26 82 32 125 104 10 44 110 119 33
    126 58 45 74 46 30 90 47 32 120 62 25 42 61 98 57 116 2 80 67 72 81
    68 68 112 99 60 69 124 117 56 124 35 80 121 28 35 85 30 59 91 111 85
    6 20 97 59 14 39 18 62 111 98 45 37 72 108 42 26 53 68 126 22 9 110
    94 34 5 76 114 94 84 22 16 64 60 37 42 33 93 72 20 77 8 81 83 102
    107 29 74 56 118 56 2 74 82 100 39 40 25 81 25 81 101 39 66 101 30
    102 112 94 79 113 25 105 90 108 117 51 58 107 94 76 55 66 6 22 111
    105 22 83 43 16 4 25 118 16 71 80 20 27 66 52 116 35 78 115 63 57 1
    54 73 6 33 36 56 89 41 40 19 57 33 61 53 97 30 10 1 62 76 117 58 108
    40 7 75 48 38 4 75 110 18 49 92 8 44 124 35 9 42 68 13 28 79 12 74
    15 10 117 126 55 15 119 51 116 96 0 48 46 12 18 112 103 53 104 21 36
    93 16 23 19 2 102 28 30 29 85 65 101 24 51 114 13 68 36 2 5 119 99
    55 45 91 52 74 40 40 24 26 76 66 116 102 106 9 79 124 29 95 96 33
    103 72 113 92 108 118 67 33 0 11 88 33 50 55 23 92 82 55 9 107 85 74
    106 74 68 89 73 45 30 100 30 20 6 105 97 14 42 125 26 73 6 16 106 68
    74 108 5 84 125 58 73 44 114 79 101 122 69 74 82 80 71 86 60 57 49
    28 53 100 51 2 92 97 69 69 124 81 31 33 13 54 61 121 42 4 111 59 25
    108 43 8 85 89 104 41 21 18 119 6 47 44 46 17 68 86 58 116 119 43 58
    105 60 84 46 7 49 55 81 38 4 100 60 77 10 32 100 82 38 109 77 123 46
    8 32 108 111 87 36 116 26 88 55 45 75 71 98 40 4 21 55 116 12 73 61
    43 11 120 28 60 29 1 49 105 84 107 28 122 107 78 71 114 99 53 96 43
    110 11 50 93 126 35 83 36 95 98 43 84 24 30 92 34 25 79 67 117 73 37
    99 67 53 14 38 112 42 127 47 77 36 93 85 27 70 98 97 70 13 17 42 3
    30 76 124 19 119 109 94 85 90 90 6 120 32 20 77 4 72 58 46 94 113 95
    114 123 80 58 85 121 121 25 120 35 35 28 75 103 0 99 83 66 10 7 8
    106 72 116 76 112 82 15 49 10 56 42 107 0 17 17 3 117 102 74 2 68 92
    25 10 24 16 82 111 37 31 78 117 72 27 93 10 51 36 90 113 89 24 67 81
    52 62 97 121 103 122 65 114 45 22 67 70 90 79 44 45 99 106 52 24 112
    40 88 126 100 78 75 55 90 61 126 105 98 88 108 116 85 99 84 58 74 60
    93 118 65 70 55 114 100 88 108 88 98 38 30 60 39 19 53 7 127 104 96
    12 15 10 25 42 80 39 15 102 7 125 32 1 101 93 29 39 124 117 54 60 95
    81 47 57 52 21 21 81 37 38 28 110 44 122 53 58 100 118 29 53 35 90
    79 0 125 114 106 79 39 100 44 41 91 121 55 51 69 110 7 35 107 14 66
    10 99 2 20 73 70 58 36 83 15 111 12 98 67 127 95 76 51 57 57 88 32
    125 120 15 54 93 88 38 73 97 102 119 59 37 118 47 108 9 7 33 85 83
    10 89 70 58 20 36 19 102 28 15 111 126 108 92 10 30 31 118 115 8 29
    56 37 3 91 91 51 73 23 57 117 3 14 87 31 102 87 87 44 28 121 101 23
    22 70 44 65 58 13 64 108 65 126 77 6 81 62 31 70 120 105 19 119 123
    36 24 87 35 99 75 9 46 46 45 121 78 63 66 71 73 31 27 78 46 121 15 7
    27 31 12 39 83 55 81 90 19 40 92 31 117 19 87 126 106 98 110 125 126
    74 20 117 121 87 14 107 92 123 51 28 103 72 49 28 114 81 58 95 82 29
    44 14 112 27 54 28 36 87 88 117 101 95 16 3 77 7 42 55 40 101 51 112
    127 107 119 78 39 15 112 85 13 125 62 27 127 63 85 113 60 54 97 117
    74 116 112 20 68 101 102 9 101 69 104 118 93 80 23 57 116 29 87 62
    90 104 88 36 64 104 63 3 5 116 73 117 61 81 30 28 16 72 43 40 75 8
    26 115 15 103 115 5 16 61 80 89 25 57 42 48 106 62 2 8 76 99 55 58
    49 105 8 78 116 69 55 50 77 12 115 106 114 106 5 114 98 63 71 17 106
    11 31 100 20 93 42 81 8 15 124 4 112 127 117 100 57 70 109 107 22
    125 16 117 83 95 76 24 114 108 120 106 122 88 115 22 88 122 30 12 15
    105 10 48 81 36 75 118 68 94 50 22 52 12 94 93 85 101 109 80 58 92 7
    22 47 61 83 102 53 75 9 50 60 54 88 124 42 82 54 88 79 82 125 121 96
    17 7 39 34 107 33 85 77 121 32 83 111 120 50 68 36 89 29 88 1 48 83
    45 85 48 33 15 12 104 45 40 29 54 36 33 123 21 62 125 40 7 113 25 77
    61 71 76 27 46 109 110 41 73 98 120 8 120 0 49 69 27 65 83 13 91 71
    80 85 101 111 61 73 2 110 17 106 72 5 89 40 53 55 73 19 53 24 55 120
    90 119 15 1 59 113 77 92 119 78 47 98 60 41 77 45 125 37 20 115 46
    23 76 25 106 7 44 112 110 15 85 55 12 100 117 36 99 84 2 72 122 121
    35 88 14 127 60 53 46 18 27 72 11 105 9 56 57 112 80 59 119 112 25
    24 28 56 110 40 119 110 100 109 27 113 116 8 60 107 40 118 41 101
    127 80 86 92 118 74 118 55 69 86 26 98 102 102 93 35 75 92 124 20
    112 6 114 18 117 73 127 123 55 123 92 38 107 42 45 81 37 32 56 23
    101 56 14 41 98 97 65 27 119 37 86 7 32 72 103 6 104 73 61 74 33 86
    18 118 106 50 62 34 74 39 38 33 31 47 59 55 33 50 32 104 96 108 119
    53 37 85 94 122 47 53 62 103 18 70 7 77 45 93 58 6 105 73 22 83 67
    10 36 44 92 121 111 104 0 91 90 84 103 103 3 61 99 23 96 64 45 58 84
    72 72 79 75 63 6 36 71 61 11 96 65 114 11 79 41 18 100 41 0 85 45 4
    18 85 26 23 31 93 22 30 61 44 6 93 110 19 60 116 123 29 63 116 97 50
    94 3 49 53 99 11 84 25 74 24 119 51 8 111 118 6 102 94 62 110 50 41
    111 127 29 122 23 114 51 62 11 73 49 42 100 46 127 52 81 3 65 125 87
    91 123 32 19 108 84 80 35 29 68 110 33 47 61 35 108 100 46 60 103
    124 6 113 33 10 72 98 114 58 21 68 41 48 33 98 27 123 85 27 89 105
    21 64 117 29 51 89 75 3 5 54 15 110 12 86 105 89 80 33 63 23 50 66
    15 41 93 87 65 40 56 33 43 69 30 102 126 34 95 45 2 48 72 31 118 61
    4 66 82 3 112 121 42 24 119 13 104 73 78 126 25 71 25 19 56 20 79 86
    40 42 53 69 54 105 11 101 115 79 45 1 118 83 108 22 79 21 103 112 97
    92 116 34 122 116 81 25 58 51 122 20 115 77 8 110 29 120 32 50 115
    81 10 22 65 59 32 25 4 30 97 102 3 75 110 14 102 92 34 25 20 75 76
    19 74 73 75 52 98 92 89 38 103 127 12 36 47 44 108 51 103 112 7 1 88
    113 29 64 101 56 63 11 126 77 124 122 114 72 60 7 5 96 9 37 81 124
    64 73 34 10 110 5 46 125 107 26 126 113 77 126 19 38 38 123 82 114
    126 127 67 82 22 56 112 98 31 16 63 48 117 10 22 70 13 81 119 92 50
    28 1 97 105 12 25 23 101 84 92 90 18 9 36 34 122 111 20 68 38 23 41
    81 15 18 14 2 38 100 109 77 60 68 15 33 15 81 113 105 110 16 2 12 0
    21 114 101 19 2 15 24 4 13 112 16 97 94 90 82 122 126 118 108 125 50
    30 6 85 22 88 42 35 4 31 52 16 59 82 111 64 64 41 20 92 73 73 44 27
    1 110 5 111 36 34 117 16 72 50 107 36 70 127 1 98 10 27 40 123 25 82
    42 54 85 102 32 12 89 67 72 65 125 65 40 3 74 13 119 42 44 59 48 94
    40 126 24 123 77 114 35 69 49 69 53 53 31 83 66 11 108 4 118 75 29
    26 77 93 88 95 104 68 83 62 52 27 116 52 99 69 74 65 27 39 22 112 79
    26 35 24 74 1 4 69 40 71 115 119 0 110 32 18 32 14 85 101 74 85 65
    22 90 29 39 100 37 92 29 63 22 107 79 89 119 25 111 55 125 66 51 0
    92 123 95 44 87 77 27 118 99 116 11 90 10 83 117 114 125 37 44 37 77
    27 22 67 23 2 10 32 116 81 10 95 64 125 87 12 88 94 21 27 22 62 71
    40 75 115 121 3 85 44 125 118 99 80 40 26 17 8 36 22 103 57 47 86 69
    118 97 85 26 49 53 73 32 62 24 88 13 67 119 20 20 63 88 12 83 104 24
    22 87 60 99 13 5 85 93 56 65 102 92 29 100 81 106 59 66 70 99 19 15
    127 25 62 71 14 59 42 91 54 6 54 97 124 77 89 18 21 3 106 117 40 34
    29 15 44 20 67 70 111 70 30 38 45 11 100 5 80 23 74 20 72 21 83 56
    44 30 17 59 95 60 69 54 55 36 2 30 44 99 100 19 21 23 10 11 108 101
    24 15 8 19 71 121 59 3 95 100 70 79 27 73 106 93 100 31 35 82 2 3
    102 99 22 102 124 35 113 106 41 4 120 72 46 31 77 53 2 52 47 28 2 51
    40 124 26 117 30 3 17 33 102 14 116 87 77 72 70 121 126 97 71 62 42
    43 75 44 59 5 13 125 115 32 28 4 42 2 91 25 104 56 100 16 16 47 9 83
    23 72 101 34 4 88 41 6 95 80 79 5 55 25 54 91 66 12 58 34 72 35 96
    58 105 68 33 88 88 48 1 49 127 41 0 13 98 87 38 82 107 125 36 58 99
    21 62 4 115 90 118 70 119 0 32 53 95 116 43 80 104 17 75 32 34 6 37
    78 77 77 81 17 126 89 30 85 32 71 74 91 5 65 78 30 55 63 75 112 58 9
    79 112 124 51 40 35 75 88 30 117 104 22 97 83 100 51 117 84 22 51 61
    72 119 21 36 86 83 40 8 45 111 20 91 23 11 29 63 121 41 104 13 14 94
    53 116 11 85 29 65 67 63 68 54 11 30 25 14 79 27 33 86 111 114 41 29
    112 107 49 53 104 1 83 111 6 127 22 59 29 120 63 28 18 90 14 38 24
    118 59 112 23 102 114 8 44 98 109 102 15 117 102 80 13 84 119 34 109
    74 117 65 2 50 78 20 90 20 14 38 11 102 115 83 86 4 106 30 51 126
    105 24 99 48 20 85 57 10 5 15 45 48 47 73 91 21 110 61 84 124 108 95
    41 127 48 21 127 88 77 118 126 34 94 57 21 121 94 37 79 21 29 123 74
    126 96 75 31 86 98 35 41 85 43 8 104 53 12 20 7 124 69 110 124 40
    115 16 115 75 71 78 107 63 91 92 112 27 117 39 81 65 80 32 116 24 73
    29 11 21 99 12 108 40 78 99 117 10 121 15 47 22 11 90 107 70 66 122
    55 47 46 17 76 105 122 55 6 33 11 65 6 64 27 44 70 103 54 101 84 13
    61 8 18 27 46 70 112 53 98 83 20 113 30 39 127 38 4 109 30 75 60 9
    91 49 51 117 88 77 112 54 48 42 26 72 5 45 21 56 55 0 95 24 98 126
    87 111 41 7 57 118 86 77 91 47 19 126 108 32 20 110 23 90 90 78 11 1
    19 0 116 15 39 93 91 101 85 66 127 96 20 95 112 10 104 112 67 125 93
    18 3 12 17 13 74 20 46 86 104 91 88 11 20 105 41 0 19 64 95 112 119
    33 81 107 88 66 42 35 10 33 90 5 125 27 120 5 91 94 97 6 92 21 2 3
    63 114 94 42 38 100 102 87 2 110 124 115 105 3 39 47 74 123 45 35 91
    7 18 80 120 100 59 88 108 117 43 127 109 111 21 110 8 70 50 23 86 43
    95 60 13 101 39 107 99 31 14 65 27 6 18 6 32 46 28 61 38 122 5 123
    12 7 62 44 107 78 97 10 104 50 50 122 80 88 111 51 104 24 2 22 56 98
    122 36 19 74 126 62 31 85 37 63 94 78 64 76 101 105 0 11 45 90 23 90
    87 13 57 0 87 24 41 122 119 33 118 11 27 25 30 56 124 105 122 2 105
    83 88 13 50 94 20 34 126 47 20 93 100 118 6 110 96 107 30 122 57 0
    40 92 127 120 105 105 46 21 123 34 21 5 56 67 42 105 93 5 18 25 40
    117 65 68 27 12 82 68 18 108 87 70 14 21 104 15 73 115 94 14 114 97
    100 18 66 69 101 30 77 61 39 57 27 32 119 79 49 97 89 72 101 37 127
    48 23 60 71 47 78 26 85 38 75 57 42 82 6 122 16 35 60 118 42 10 90
    28 84 76 113 66 97 50 28 45 81 48 98 72 97 99 87 6 21 16 22 99 59 31
    24 12 65 110 37 54 13 124 114 56 127 59 75 0 119 114 30 35 28 72 83
    53 17 13 108 24 65 116 43 32 65 23 117 55 82 81 19 94 124 18 90 114
    120 0 9 7 82 26 117 68 105 84 116 61 57 25 5 32 103 117 73 50 58 119
    75 43 63 4 51 25 122 127 81 74 1 37 67 101 36 75 64 126 74 76 114 89
    117 32 32 84 90 21 45 46 5 25 112 36 9 86 48 33 107 39 12 82 95 119
    109 2 29 3 24 123 121 73 62 120 119 6 121 13 49 25 115 117 77 49 1
    127 81 118 25 69 127 62 41 61 71 43 87 36 84 16 13 121 87 17 110 111
    68 42 35 58 67 39 2 17 53 103 38 127 13 37 69 114 111 74 58 60 65 56
    44 45 80 109 55 58 72 92 33 25 0 61 73 17 6 12 83 76 46 50 66 112 31
    111 32 75 12 119 11 104 93 38 23 85 54 122 55 11 54 116 92 72 35 36
    9 36 51 31 66 54 2 89 82 14 67 15 95 33 75 1 35 122 91 53 75 106 94
    13 104 46 29 9 118 127 73 10 107 85 91 37 54 124 30 85 22 19 63 84
    67 10 109 4 112 23 5 25 15 20 26 59 57 59 108 25 30 97 116 93 8 59
    67 56 103 30 89 112 7 70 73 1 63 25 83 41 39 116 99 50 60 123 44 74
    40 36 34 58 23 91 71 11 127 16 62 74 110 78 49 95 19 56 83 37 0 0 31
    6 90 93 25 3 49 36 95 110 101 53 125 83 112 113 13 72 13 8 61 17 104
    7 100 114 95 52 49 70 71 52 26 32 120 43 72 3 4 12 76 82 34 11 101
    116 5 38 30 60 97 86 76 65 78 49 95 39 116 85 73 75 121 96 116 123
    92 94 31 19 121 72 99 76 62 68 112 87 106 93 73 26 54 67 52 53 112
    24 2 93 111 67 79 41 52 67 97 21 38 92 33 5 75 79 5 44 105 102 35 67
    98 89 90 56 7 107 77 89 23 125 73 121 4 54 78 48 11 56 93 21 4 121
    121 0 45 21 16 87 14 6 90 109 51 78 108 23 77 21 65 124 123 11 71 68
    89 34 27 75 86 74 16 88 94 16 23 114 100 65 103 127 101 114 67 32 26
    22 75 3 10 64 97 64 96 58 84 17 33 14 107 96 119 87 68 4 73 38 122
    21 41 121 46 64 69 19 99 57 9 43 43 21 108 117 45 17 106 9 75 17 16
    116 113 113 6 46 11 32 31 75 88 37 36 79 47 67 12 112 57 64 23 73 73
    41 114 1 103 68 101 15 3 66 73 16 98 35 20 94 63 117 1 44 78 21 111
    39 49 110 110 120 42 82 89 38 90 100 15 7 106 69 117 23 50 42 119 17
    89 60 88 127 61 38 33 114 36 56 67 104 112 33 12 86 86 100 95 73 8
    110 70 67 5 38 17 43 119 105 83 69 97 32 109 42 111 114 56 92 26 76
    10 69 113 11 45 35 6 101 22 4 40 74 39 33 60 104 87 83 0 94 113 22
    105 32 70 79 108 101 18 85 93 29 55 37 33 27 96 105 50 114 42 98 66
    127 5 6 115 57 126 47 75 85 101 61 60 54 70 60 119 76 6 104 104 115
    62 115 111 76 95 127 56 37 48 109 68 20 19 125 30 95 52 65 57 23 77
    90 126 6 100 55 37 33 127 15 25 83 27 49 47 9 21 13 92 70 11 32 63
    35 30 71 112 70 7 117 68 122 14 47 26 70 49 84 59 125 65 21 102 74
    43 41 117 42 41 18 112 90 94 70 123 84 86 70 45 77 14 15 95 23 93 29
    4 18 121 79 99 6 122 37 125 50 1 65 108 32 122 69 15 74 113 1 63 80
    29 99 36 31 75 84 6 102 64 94 124 120 102 36 30 21 84 74 50 103 65
    77 97 107 119 104 62 49 127 41 22 70 96 126 103 66 54 7 51 77 77 90
    124 71 15 8 55 126 9 25 99 0 63 91 118 83 110 43 119 36 28 65 25 70
    112 37 7 71 78 79 28 32 10 70 93 62 59 118 89 62 92 61 104 41 114 52
    99 105 66 126 89 123 22 89 98 86 33 11 110 29 110 45 25 63 61 84 42
    64 36 18 14 108 70 60 118 95 65 116 34 83 17 92 16 39 27 71 61 33 47
    89 108 3 127 18 83 63 85 42 42 86 91 83 5 81 121 114 0 58 84 32 79
    66 54 16 52 98 59 54 96 6 80 52 49 37 111 118 87 1 49 18 71 86 94 93
    89 115 87 91 18 14 115 88 83 14 71 4 54 37 49 9 29 64 112 126 2 64
    109 18 86 79 31 40 19 97 112 70 120 21 40 91 116 41 54 14 21 93 23
    113 4 21 41 94 86 50 1 6 66 91 50 23 72 9 116 122 53 60 7 103 126 74
    48 63 4 91 114 63 121 85 13 106 108 108 1 121 121 95 61 73 14 16 70
    22 71 61 107 120 5 15 67 59 10 112 63 90 96 24 13 38 82 18 51 101
    116 45 91 28 32 89 114 80 104 5 106 104 92 68 3 28 127 111 117 101
    115 13 37 37 71 99 7 6 125 67 126 63 86 83 122 90 50 91 89 104 1 31
    109 8 100 45 85 56 96 89 37 56 122 25 124 41 94 62 48 121 21 122 51
    71 81 116 59 91 120 48 22 12 122 28 24 25 13 103 51 61 92 32 27 39
    13 108 66 45 123 3 33 119 122 110 112 77 48 75 118 112 3 29 81 69
    101 10 75 13 11 6 34 53 83 75 95 110 56 71 73 84 0 58 100 115 35 81
    56 9 2 17 109 69 105 104 115 44 67 8 12 11 93 15 120 2 123 113 64 34
    80 103 17 95 92 1 5 0 66 62 94 93 36 1 36 86 8 98 68 125 63 79 53 11
    106 88 48 16 99 14 45 126 77 49 25 50 43 106 45 58 83 55 44 111 71
    90 27 92 103 10 20 57 11 97 69 71 7 78 33 48 60 62 2 90 13 109 25 51
    75 59 38 30 80 107 10 105 85 70 2 72 119 56 16 62 51 71 75 118 82 67
    90 23 78 96 70 24 86 121 34 32 90 47 126 11 25 3 63 85 90 18 20 53 1
    44 54 14 106 45 95 50 62 113 69 45 84 19 33 112 54 52 87 121 90 63
    80 44 124 77 114 0 28 54 33 102 17 69 12 70 68 59 104 90 96 124 89
    98 107 5 3 98 61 38 33 45 108 122 116 16 94 86 64 82 29 63 2 48 74
    44 0 43 46 31 60 81 125 83 35 35 112 40 10 77 93 30 77 56 115 94 117
    98 92 111 125 30 71 83 53 72 118 115 120 2 125 96 65 127 35 9 52 63
    86 97 71 12 25 76 2 19 23 89 69 63 5 84 114 48 12 66 47 16 20 70 115
    38 77 112 88 63 36 91 30 13 120 87 55 75 6 122 66 96 6 37 1 57 57 32
    43 122 36 87 15 82 49 127 77 11 92 74 125 48 19 124 115 33 122 15 49
    28 9 71 42 78 84 122 125 86 112 100 78 91 93 98 118 110 67 49 100 90
    67 100 72 10 19 65 62 86 96 102 16 58 76 28 79 111 70 112 47 109 77
    40 38 79 2 42 58 24 116 76 16 37 29 7 16 86 40 119 43 92 77 114 20
    84 125 75 80 67 44 106 31 48 88 61 100 64 117 98 119 0 51 32 121 5
    37 22 2 54 99 44 43 55 58 105 22 103 114 92 36 29 120 14 45 76 41 14
    83 119 90 11 42 70 91 114 3 107 11 67 79 69 26 99 37 25 110 12 10
    117 91 121 89 76 85 37 80 12 113 110 60 28 45 48 82 47 60 118 121 85
    62 122 58 50 113 70 88 62 122 37 49 17 94 74 4 84 112 112 86 91 122
    46 27 77 109 12 115 26 74 16 101 119 121 65 27 16 67 113 108 116 123
    57 41 4 102 99 88 43 58 108 53 74 21 59 16 39 2 15 28 119 107 65 74
    126 10 105 41 14 55 72 43 71 56 105 57 109 112 77 58 97 53 54 10 35
    96 120 76 91 85 106 85 4 20 104 13 65 78 58 98 64 13 90 69 37 19 42
    92 101 115 103 48 5 87 9 42 80 54 84 100 83 86 17 85 51 0 67 20 125
    59 111 76 8 68 98 75 99 115 114 16 108 72 65 79 35 7 27 11 96 42 73
    94 83 7 63 111 70 32 93 26 2 34 10 84 114 93 81 108 8 15 47 19 114
    119 85 115 55 109 2 73 81 4 99 2 75 113 118 85 25 67 81 49 39 2 71
    27 113 102 35 2 7 67 115 50 64 124 10 39 30 98 79 121 58 121 31 24
    101 23 5 29 40 15 127 125 84 41 84 82 104 67 90 25 69 70 55 48 55
    119 6 49 76 10 88 9 32 46 47 115 33 72 84 114 64 79 55 13 43 32 63
    37 79 107 114 42 81 26 12 51 9 2 96 117 50 104 65 37 44 80 70 98 44
    110 89 52 90 114 89 57 7 16 69 9 96 43 64 52 0 50 10 67 93 96 52 49
    50 84 54 116 12 45 97 4 89 78 97 29 11 84 114 28 64 21 97 28 92 125
    84 125 12 13 117 93 6 85 60 104 123 95 40 26 85 13 94 96 127 123 83
    45 105 106 111 40 114 14 34 16 108 107 1 69 40 64 110 90 49 38 49 19
    48 85 21 42 59 14 79 106 97 43 65 93 123 111 26 50 14 38 15 113 10
    108 8 4 58 115 89 75 53 73 14 57 10 75 123 23 6 64 37 46 44 47 114
    93 66 94 76 109 93 71 24 107 52 113 30 123 95 45 26 57 5 51 39 32 43
    109 98 57 85 1 115 110 5 50 99 78 50 69 14 48 74 61 121 122 89 14 13
    64 68 23 12 22 95 9 30 2 116 24 47 81 40 61 1 74 118 102 101 45 33
    118 127 71 17 89 77 80 82 91 124 107 108 105 6 34 18 78 38 27 101
    120 106 72 52 105 2 16 103 124 107 25 108 29 47 59 86 113 110 126 90
    0 105 105 52 57 126 48 79 74 68 101 37 16 44 127 29 125 101 99 113
    66 83 48 44 58 91 25 97 101 64 100 103 37 95 121 11 32 63 29 90 86
    68 69 57 51 64 78 127 23 40 43 126 102 101 73 68 119 74 84 108 15 66
    56 100 50 120 125 21 98 116 91 66 117 80 14 80 35 24 112 10 78 42
    122 30 100 80 64 14 59 53 72 106 87 86 64 20 122 68 96 31 69 86 25
    99 120 22 121 50 35 122 8 121 39 59 32 96 18 46 22 4 33 78 5 5 35
    112 125 117 82 125 94 31 90 91 118 83 33 0 87 36 6 101 34 15 121 57
    64 53 32 108 80 4 122 45 29 66 30 33 64 94 120 13 5 72 86 50 113 44
    4 120 26 82 69 7 53 37 62 34 26 104 26 5 27 4 59 43 46 19 42 82 1
    111 3 67 21 38 78 93 110 40 33 44 82 9 124 32 107 64 31 116 109 71
    23 61 76 41 21 124 12 101 19 90 76 76 34 44 26 114 101 63 40 0 27
    119 100 19 29 63 73 74 20 33 3 14 94 0 96 68 57 126 79 87 123 58 18
    127 8 119 72 21 65 11 51 19 66 89 23 80 42 86 70 39 8 46 14 115 0 23
    54 85 70 68 65 124 120 97 1 94 72 2 102 28 67 44 113 16 61 80 99 30
    26 33 47 26 115 75 83 83 119 52 77 42 122 22 4 0 122 4 5 119 68 34
    19 93 70 124 87 111 83 33 113 115 110 92 102 27 49 85 116 6 59 62 79
    102 118 65 70 117 76 28 34 93 44 75 5 120 16 64 10 55 97 45 50 44
    120 120 110 25 20 47 1 29 85 54 35 71 30 114 111 106 34 123 43 71
    125 125 54 93 21 28 107 122 13 58 71 116 28 3 87 68 37 95 109 75 2
    15 18 112 120 121 37 76 61 54 65 5 66 15 127 35 57 73 88 105 39 122
    8 66 30 28 0 57 37 117 106 1 117 58 88 78 113 48 88 107 71 71 17 120
    116 114 109 26 123 107 4 17 40 118 85 107 45 103 46 62 67 77 94 72
    66 24 122 38 115 90 14 103 108 79 38 99 67 0 15 13 116 22 9 121 40
    51 22 3 46 94 11 38 49 98 91 66 38 56 126 53 73 10 119 68 6 88 27 87
    27 9 49 7 93 87 13 120 82 90 74 121 71 57 59 56 123 70 63 20 77 66
    52 25 45 51 117 82 70 100 94 89 68 71 116 103 22 39 127 71 59 107 82
    123 62 95 10 6 2 100 48 56 110 93 28 81 32 28 127 62 113 86 123 79
    31 53 90 108 59 90 65 6 98 14 9 74 67 8 111 50 8 83 85 82 70 95 86
    71 42 3 110 116 28 84 54 121 116 41 36 84 98 27 8 78 117 11 116 127
    21 127 26 117 123 102 67 62 16 9 51 82 75 22 34 60 95 76 81 82 72
    111 7 104 120 117 17 57 94 16 1 14 15 95 42 17 59 127 48 13 44 107
    16 110 53 73 1 84 54 90 116 91 121 33 83 24 121 72 122 57 83 74 39
    46 76 99 21 28 85 15 78 23 42 91 114 109 52 50 40 58 11 69 5 119 38
    106 3 69 12 56 15 99 92 107 73 33 76 88 55 80 61 80 70 4 19 56 73 86
    59 87 16 63 89 87 99 9 3 72 105 92 76 9 77 124 104 81 16 27 116 32
    13 64 20 116 123 61 17 42 12 117 123 95 94 34 113 17 20 15 112 2 74
    57 11 21 4 9 97 70 47 41 80 32 82 105 48 77 85 45 71 105 118 116 48
    111 124 4 48 39 109 58 32 96 16 40 50 8 125 115 63 30 85 121 16 21
    37 63 112 126 48 120 12 37 104 27 127 84 23 42 22 78 65 106 16 98 22
    25 37 60 120 2 118 41 96 85 107 92 106 48 55 105 5 118 107 52 126 11
    30 26 81 20 72 13 25 77 107 118 13 125 41 89 111 95 34 84 52 34 93
    60 31 70 17 24 27 107 38 66 8 82 103 16 79 4 92 78 10 53 105 104 2 1
    67 113 113 103 91 108 100 81 50 111 12 108 68 80 14 113 94 110 114
    74 77 2 112 1 3 36 104 80 124 31 69 93 28 45 46 46 94 69 22 111 62
    109 114 20 103 32 83 29 62 35 39 118 106 69 8 62 77 4 1 119 69 86 4
    63 71 52 64 119 108 123 110 91 81 6 20 91 76 111 118 89 96 44 54 89
    120 107 71 45 6 49 26 66 61 67 16 25 55 71 18 118 24 4 79 107 103 3
    64 20 116 70 93 63 15 86 105 40 33 4 36 64 55 121 84 67 120 116 13
    89 69 17 101 16 27 18 36 72 124 30 121 34 75 111 126 21 27 56 93 109
    126 20 1 3 52 14 52 46 76 121 114 34 5 1 26 21 84 20 43 23 85 49 50
    55 56 119 66 112 80 72 38 21 57 19 53 48 52 107 39 113 20 124 87 59
    74 110 63 83 102 44 126 87 91 14 14 114 28 88 40 5 18 33 36 11 1 78
    65 124 71</data></input>
<my_img type_id="opencv-matrix">
  <rows>256</rows>
  <cols>256</cols>
  <dt>u</dt>
  <data>
    64 64 66 66 66 66 67 66 66 67 66 67 68 68 67 67 68 69 69 68 68 66 65
    64 65 64 63 62 61 61 61 62 63 63 62 63 64 63 65 64 64 64 65 66 67 69
    67 68 66 66 66 67 65 65 66 65 67 66 67 69 69 68 67 70 70 69 67 67 68
    68 69 67 68 68 66 65 65 65 66 67 66 67 68 67 67 66 64 62 64 62 62 65
    64 64 63 62 60 58 58 59 59 59 60 61 62 61 63 63 65 65 64 65 64 63 65
    65 64 65 65 67 67 67 70 69 67 66 65 64 65 66 67 67 68 68 67 67 63 63
    64 62 61 62 62 63 64 64 62 61 60 60 60 60 58 61 61 61 61 62 62 61 60
    61 60 61 62 62 61 60 62 63 61 63 64 62 62 62 63 63 63 62 62 63 63 63
    63 62 62 62 60 61 63 63 63 62 63 63 63 63 61 61 60 61 61 60 61 62 60
    59 59 57 58 56 57 58 58 59 61 62 63 63 64 63 63 63 62 61 62 62 62 61
    61 61 61 58 59 60 61 61 62 61 61 62 63 62 62 64 65 66 66 68 69 67 67
    65 64 64 65 65 66 67 67 67 68 68 67 67 67 67 69 69 68 68 69 69 70 68
    68 66 66 65 65 64 64 63 61 61 60 63 63 64 63 64 65 64 66 64 65 65 65
    66 67 69 67 68 66 67 66 67 65 64 65 65 66 66 66 68 68 68 67 69 69 68
    66 67 67 67 68 67 67 67 66 66 65 66 67 68 67 67 69 68 68 67 65 64 65
    63 63 65 64 64 62 61 59 57 57 58 58 58 59 59 60 59 61 61 63 64 63 64
    63 62 65 64 63 64 64 67 67 67 69 68 67 66 64 64 64 66 67 67 68 68 67
    66 63 63 63 61 60 62 61 63 63 64 61 60 59 60 60 60 58 60 61 60 60 60
    61 60 59 60 58 60 61 61 60 59 61 62 61 62 64 62 63 63 64 64 64 63 63
    64 64 64 64 63 63 63 61 62 64 63 63 62 63 63 63 64 61 60 60 60 61 59
    59 60 58 57 57 56 56 55 56 57 57 59 61 62 63 63 64 63 63 63 62 61 62
    63 62 61 61 61 61 58 60 60 60 61 61 60 60 61 63 62 62 64 64 65 66 67
    69 66 66 65 64 64 65 65 67 67 67 67 68 68 68 68 67 68 70 70 69 69 69
    70 70 69 69 67 66 65 65 64 64 63 61 61 61 63 63 64 63 63 64 63 65 63
    64 65 65 65 66 68 67 67 65 66 66 66 65 64 65 64 66 66 66 68 68 67 67
    69 68 66 65 65 66 66 67 65 67 67 65 65 65 66 67 68 67 68 70 69 68 67
    65 64 65 63 63 65 63 63 62 61 58 57 57 57 57 58 59 60 60 59 61 62 63
    64 63 64 63 63 65 65 64 65 65 67 67 67 69 69 67 66 64 64 64 66 67 67
    67 67 66 66 63 63 63 61 60 62 61 63 63 64 62 61 60 60 60 61 59 60 61
    59 60 60 60 60 59 60 59 59 61 61 61 60 61 62 61 62 63 62 62 63 63 63
    63 63 63 64 64 64 63 63 63 63 62 63 65 65 65 64 65 65 65 65 62 61 61
    61 61 60 60 61 59 58 58 56 57 55 56 57 57 59 61 62 63 63 64 63 63 63
    62 61 62 62 62 61 61 61 60 58 59 60 60 61 62 61 61 62 63 62 63 64 65
    65 66 67 69 66 66 65 64 64 65 64 65 65 65 66 67 67 67 67 66 67 69 69
    68 68 69 69 69 68 69 67 66 65 65 64 63 62 61 61 61 63 62 63 62 63 63
    62 64 63 64 64 64 65 66 68 66 66 64 66 66 66 65 65 66 65 67 66 66 68
    68 68 68 70 69 68 66 66 66 67 67 66 67 67 66 66 65 66 67 67 67 67 69
    68 67 67 65 64 64 63 62 64 63 63 62 61 59 57 58 58 58 59 59 61 61 60
    62 62 63 64 63 63 63 62 64 63 64 65 65 68 68 68 70 69 68 67 66 65 66
    67 68 69 68 67 66 65 62 62 62 61 60 61 61 62 63 63 61 61 59 60 60 60
    59 60 61 60 60 60 61 60 60 60 59 60 61 61 60 59 60 61 60 61 62 61 61
    62 62 62 62 62 63 64 64 64 64 64 64 64 63 64 66 65 65 65 66 66 65 65
    63 62 62 62 62 61 61 61 60 58 59 58 58 56 57 58 59 60 62 63 64 63 65
    64 64 64 63 62 63 64 64 63 62 62 61 60 61 61 61 62 63 61 62 63 64 63
    63 64 65 65 66 67 68 66 66 64 64 63 65 64 66 65 65 65 67 67 66 66 65
    67 68 68 68 68 69 69 69 67 68 67 67 65 65 64 64 64 62 62 62 63 63 64
    63 63 64 63 65 64 65 65 65 65 66 68 66 67 65 67 66 66 66 65 65 64 66
    65 65 67 67 68 67 70 68 67 66 66 66 66 67 66 67 67 66 66 65 66 67 67
    66 67 68 68 68 67 65 64 65 63 62 64 62 63 62 61 59 58 58 58 58 58 59
    60 61 60 61 61 62 63 61 62 62 61 62 62 63 63 64 67 66 67 69 68 67 67
    66 65 66 67 68 68 68 67 66 65 62 62 63 61 61 61 61 62 63 64 62 61 59
    60 61 61 59 61 61 60 61 61 62 61 61 61 60 60 62 62 61 60 60 61 60 61
    62 61 61 62 62 62 62 62 62 63 63 63 63 63 64 64 63 64 66 65 65 65 65
    65 65 65 63 62 62 63 63 62 61 61 60 59 60 58 58 57 58 59 59 60 62 62
    64 64 65 64 65 64 63 62 64 65 65 64 64 64 63 62 63 62 62 63 63 62 63
    63 64 63 62 64 64 64 65 65 66 64 64 63 62 62 66 66 67 66 66 66 68 67
    67 67 67 68 69 69 69 69 70 70 69 68 70 68 68 66 67 65 65 65 63 63 62
    63 63 63 63 64 64 63 64 63 65 65 65 65 65 67 65 66 65 67 67 67 65 64
    65 64 65 65 65 67 67 67 67 69 68 67 65 65 65 65 66 66 67 67 66 66 65
    65 66 66 66 66 68 67 67 67 65 64 65 63 63 64 63 64 63 62 60 59 59 59
    60 59 59 61 61 60 62 62 63 63 62 62 62 62 63 62 63 63 64 66 66 67 69
    68 67 66 66 65 65 66 67 68 68 66 66 64 62 62 62 60 60 60 60 61 62 63
    62 60 59 60 61 61 60 61 61 60 61 61 62 61 61 61 59 60 62 61 61 60 60
    60 60 61 62 60 61 61 61 61 61 61 61 62 63 62 62 62 63 63 62 63 65 64
    64 64 65 64 64 64 62 62 62 63 63 62 62 62 60 59 60 59 59 58 59 60 60
    61 63 63 64 64 65 65 65 65 64 63 65 66 65 65 65 65 64 63 64 64 64 64
    64 63 64 64 64 63 63 64 64 64 64 65 66 64 63 62 61 61 67 67 67 67 67
    67 69 68 68 67 67 68 69 69 69 69 69 69 68 67 69 67 67 64 65 64 64 64
    62 62 62 63 62 63 63 64 64 63 65 64 65 65 65 65 66 68 66 67 66 68 68
    68 67 66 66 65 67 66 67 69 69 69 69 71 69 68 66 66 65 66 66 66 67 67
    66 66 65 65 65 66 65 66 67 66 66 67 65 64 65 63 63 64 63 64 64 63 61
    60 60 60 60 60 60 61 62 61 62 63 64 64 63 63 63 62 63 63 64 64 65 66
    67 67 69 68 67 66 66 65 65 66 67 68 68 66 66 64 62 62 62 60 60 60 59
    59 61 62 61 59 58 58 58 59 58 59 59 58 59 60 61 60 60 60 59 59 61 61
    60 59 60 61 60 61 62 61 61 61 62 62 62 62 62 63 63 63 63 62 63 63 62
    63 64 63 63 62 63 63 62 62 60 60 61 61 62 61 61 61 60 59 60 59 59 58
    60 61 61 62 64 64 65 65 66 65 66 66 65 65 66 67 66 66 65 65 64 63 63
    64 64 63 64 63 63 63 63 62 62 64 64 64 65 66 67 65 65 63 63 63 68 67
    68 67 67 67 69 68 68 68 67 68 70 70 69 69 70 69 69 68 70 68 68 66 67
    66 65 64 62 62 62 63 63 64 63 64 64 63 64 63 64 65 65 65 65 67 66 67
    66 67 67 67 66 65 65 64 66 65 66 67 68 68 68 70 68 67 66 66 66 66 67
    66 68 68 67 66 65 65 66 66 65 65 66 66 66 66 64 64 64 63 62 64 63 64
    64 63 61 61 61 61 61 60 60 61 61 60 61 61 63 63 62 63 63 62 63 63 64
    64 65 66 66 67 69 68 68 67 66 66 66 66 67 68 68 66 65 64 62 62 62 61
    60 60 60 60 61 62 61 60 59 59 59 60 60 60 60 60 61 61 62 61 61 61 59
    60 61 60 60 59 60 60 60 61 61 61 61 61 61 62 61 62 62 63 64 63 63 63
    63 63 62 63 64 63 63 63 63 63 62 62 61 60 61 61 62 61 61 61 60 59 60
    58 58 58 59 60 60 61 62 63 63 64 65 64 64 65 64 64 65 66 65 65 64 64
    63 62 63 64 63 63 63 63 63 62 63 62 63 64 64 65 66 67 68 67 67 65 65
    65 66 65 67 66 67 67 68 67 66 67 66 67 68 69 68 68 69 69 68 68 69 68
    67 66 66 66 65 64 62 63 62 63 63 65 63 65 64 64 65 64 65 65 65 65 66
    68 66 67 66 67 67 68 66 65 65 64 66 65 66 67 68 68 67 69 68 67 66 66
    65 67 67 67 68 68 67 67 65 65 66 66 65 65 66 65 65 65 64 63 63 63 62
    63 62 64 63 62 61 61 61 61 61 61 61 62 62 61 61 62 63 64 62 63 63 63
    63 62 63 63 64 65 65 66 68 68 68 66 65 65 65 65 66 67 68 67 65 64 63
    63 62 61 60 60 60 61 62 63 62 61 60 60 60 61 60 61 62 62 62 63 64 63
    63 63 61 62 62 62 61 60 61 62 61 62 62 61 61 61 62 62 62 62 62 63 63
    63 63 62 63 63 62 63 64 63 63 63 63 63 62 62 61 61 61 62 62 62 62 62
    60 59 61 59 59 58 59 60 61 61 62 63 63 63 64 64 64 65 65 64 66 66 66
    66 65 65 64 64 64 64 64 64 64 63 63 63 64 63 63 64 64 65 65 66 66 65
    66 64 64 64 65 65 66 65 66 65 67 67 66 67 66 68 69 69 68 68 69 69 68
    68 68 67 68 66 66 66 65 63 62 62 62 63 63 64 63 65 65 64 65 64 65 65
    66 66 67 68 67 68 67 67 67 68 66 65 65 65 66 66 65 67 67 67 66 68 66
    66 65 65 65 67 67 67 68 68 67 67 66 65 67 67 66 67 67 67 66 67 65 64
    64 63 63 64 63 64 64 63 62 62 62 62 61 61 61 62 62 61 61 61 63 63 61
    62 63 62 62 62 62 63 63 64 64 65 67 68 67 66 65 65 65 65 67 68 68 68
    67 66 65 65 64 62 62 61 61 61 63 63 63 61 60 60 61 61 60 61 61 62 62
    63 64 64 63 63 61 62 62 62 61 60 61 61 61 61 62 61 61 61 61 62 61 62
    62 63 64 63 64 63 63 63 62 63 63 62 63 63 63 63 62 62 61 61 61 62 63
    62 62 61 60 59 61 59 58 57 58 59 59 60 61 61 61 62 63 63 64 65 65 64
    66 66 67 66 66 66 65 65 65 65 64 64 64 63 63 63 64 63 63 63 63 64 65
    66 66 65 65 64 64 65 63 63 65 64 65 65 66 66 65 66 66 67 67 68 67 68
    68 68 67 67 68 67 67 65 66 66 64 63 62 62 62 64 63 65 64 65 65 64 66
    64 65 65 66 67 68 69 68 69 68 68 68 69 66 66 66 65 67 66 66 67 67 66
    66 67 66 65 64 65 65 66 66 66 67 67 66 67 66 65 66 67 66 66 67 67 66
    67 65 65 64 64 64 65 64 66 65 64 63 63 63 62 62 61 61 62 62 61 61 61
    62 63 61 62 62 62 62 61 62 63 63 64 64 66 67 68 68 67 66 66 66 66 67
    69 69 68 67 66 65 65 63 62 61 61 61 61 63 63 63 62 61 61 61 61 61 61
    62 63 64 64 65 65 64 64 62 63 63 62 62 62 62 62 62 62 62 62 61 61 61
    62 62 63 62 63 64 64 63 63 64 64 63 63 63 63 63 63 63 63 62 61 60 60
    60 61 62 62 61 61 60 59 60 58 58 57 58 60 60 61 62 62 62 63 63 64 65
    66 66 65 67 67 67 68 67 67 66 66 66 65 65 64 64 63 63 63 63 63 62 63
    63 64 64 65 65 64 64 64 64 65 62 63 64 64 64 64 66 65 65 66 66 67 68
    68 68 68 69 69 68 68 68 68 68 67 67 67 65 64 63 63 64 65 65 66 65 66
    65 65 67 65 65 66 66 67 68 69 68 69 67 68 67 68 66 66 66 64 66 66 65
    66 66 65 64 65 64 64 64 64 64 66 66 66 66 66 66 66 65 64 66 67 66 67
    67 67 67 67 65 65 65 65 65 65 64 66 66 65 64 63 63 62 62 61 61 62 61
    61 60 60 62 63 60 61 62 61 61 61 61 62 62 63 64 65 66 67 67 66 65 65
    66 65 67 68 68 68 67 66 65 65 64 63 63 62 62 63 64 65 65 64 62 63 63
    63 63 63 64 64 65 65 65 65 64 64 62 63 63 63 62 62 62 62 62 62 62 62
    61 61 61 62 62 63 62 63 64 64 64 64 64 64 63 63 63 63 63 64 63 63 62
    61 60 59 60 61 61 61 61 61 60 60 61 59 58 57 58 60 60 61 62 62 62 63
    63 64 64 66 66 65 67 67 67 67 67 67 66 66 66 66 65 64 64 63 63 62 63
    63 63 63 63 65 65 67 66 65 66 66 66 66 63 64 65 65 65 66 67 66 65 66
    66 66 67 67 67 67 68 68 66 66 67 66 67 65 66 67 65 64 63 64 65 66 65
    67 66 67 66 66 68 66 66 67 67 68 69 70 68 69 68 68 67 68 66 66 66 65
    66 66 65 66 66 65 64 65 63 64 63 64 64 66 66 66 66 66 66 66 65 65 66
    67 66 67 67 67 68 67 65 66 65 65 66 66 65 67 66 66 65 65 64 63 62 61
    61 61 61 60 60 59 61 62 59 61 62 61 61 61 61 63 63 63 64 65 67 67 68
    67 65 66 66 65 67 68 68 68 67 67 66 66 65 64 64 63 63 63 64 65 65 63
    62 62 62 62 61 62 63 63 63 64 64 64 64 63 61 62 62 62 61 62 61 62 61
    61 62 62 61 61 61 62 63 63 63 64 65 65 65 64 64 64 63 63 63 63 63 64
    63 62 61 61 59 60 60 61 62 62 62 62 62 61 62 59 59 59 59 61 61 62 62
    63 63 64 64 64 65 66 66 66 67 67 67 67 66 67 66 65 65 65 64 64 64 63
    62 62 63 62 62 63 64 65 66 67 67 67 67 67 67 67 65 66 67 67 67 67 68
    67 66 67 67 67 67 67 67 67 68 67 66 66 67 66 67 65 67 67 65 64 64 64
    65 66 65 67 66 67 67 67 68 66 67 67 68 68 69 70 69 69 68 68 68 69 66
    66 66 65 66 66 65 66 66 65 65 66 64 64 64 64 63 66 65 66 66 66 65 65
    64 63 65 65 65 66 66 67 67 67 65 66 65 66 66 66 66 68 67 67 66 66 65
    64 63 62 62 63 62 61 61 60 62 63 60 61 62 62 62 61 61 63 63 63 64 65
    67 67 68 67 65 66 66 65 66 67 68 68 67 66 66 65 64 63 63 61 62 62 63
    64 64 62 62 62 61 62 62 62 63 64 64 64 65 65 64 63 61 62 63 62 61 62
    62 62 61 61 61 61 60 60 60 62 62 63 62 64 64 64 63 63 63 63 62 62 62
    62 63 63 62 61 60 60 58 59 60 61 62 62 62 62 62 61 61 59 58 59 59 61
    61 62 62 62 62 62 62 63 64 65 65 65 66 66 66 66 66 66 65 65 65 65 64
    64 63 62 62 62 63 63 63 64 64 65 66 67 67 67 67 67 67 67 65 66 67 66
    67 67 67 67 65 66 66 66 66 65 66 66 67 66 65 65 66 65 66 64 65 66 65
    64 63 64 65 65 65 66 65 66 66 66 67 66 66 67 67 68 68 69 68 69 68 68
    68 68 66 65 65 64 65 65 64 64 65 64 64 65 63 63 63 63 63 65 65 65 65
    65 65 66 65 64 65 66 65 66 67 67 67 68 66 67 66 67 67 67 67 68 68 67
    66 67 66 65 64 63 63 63 62 61 61 60 61 63 60 61 62 62 61 61 61 62 63
    62 63 65 66 67 68 67 65 66 66 64 65 66 67 67 66 66 66 65 63 63 62 61
    61 62 63 64 64 62 61 61 61 61 62 62 63 64 64 65 65 65 64 64 62 63 64
    63 62 63 63 63 62 62 62 62 61 61 61 62 62 63 62 63 63 63 62 62 62 63
    62 62 62 61 62 63 62 61 60 60 59 60 61 63 64 64 64 64 63 62 63 60 59
    60 60 61 61 62 62 61 61 62 62 62 63 64 65 64 66 66 66 66 66 67 66 66
    66 66 65 64 64 63 63 63 63 63 63 64 64 66 66 66 67 66 67 66 67 67 66
    67 68 67 68 67 67 67 66 66 65 65 65 65 65 65 66 65 64 64 65 65 65 64
    65 65 64 63 63 64 65 65 65 66 65 66 65 65 66 65 66 66 67 67 68 69 67
    68 68 67 67 68 66 66 65 64 65 65 64 64 65 64 64 65 63 64 63 63 63 65
    65 65 65 66 66 66 65 64 65 65 64 65 65 66 66 67 65 66 65 66 65 66 66
    67 68 67 66 67 67 66 65 64 63 64 63 62 62 62 63 64 61 61 63 62 61 61
    62 62 63 62 63 65 66 67 68 66 65 65 66 65 66 67 67 67 66 66 66 65 64
    64 63 61 62 62 64 64 64 62 61 61 62 62 63 63 63 64 64 65 65 65 65 64
    62 63 64 64 63 63 63 62 62 62 62 62 60 61 61 62 62 63 62 63 63 63 62
    62 63 63 63 63 63 62 63 64 63 62 61 60 60 60 62 64 64 64 64 64 63 63
    63 61 60 60 60 62 62 63 63 62 61 63 63 64 65 65 66 66 67 67 68 68 68
    68 67 67 67 67 65 64 64 63 64 63 63 63 63 64 64 65 65 65 65 65 65 65
    66 67 67 67 68 67 67 67 68 67 66 65 65 65 64 65 64 64 65 64 63 63 65
    64 65 63 64 64 63 62 62 64 64 65 64 65 64 65 65 65 65 64 65 66 66 67
    67 67 66 67 67 66 66 67 66 65 64 64 65 65 63 63 64 64 64 65 63 63 62
    62 62 64 64 64 65 65 65 65 65 63 65 65 64 64 65 65 66 67 65 66 65 65
    65 65 65 67 67 66 66 66 67 66 65 64 64 64 63 63 63 62 63 64 61 61 63
    63 62 62 62 63 63 62 64 66 66 67 69 67 66 66 67 66 67 68 68 68 66 66
    66 65 64 64 63 61 62 62 63 63 63 61 60 61 62 62 63 62 63 64 64 65 65
    65 66 65 63 64 65 65 64 64 63 63 63 63 63 62 61 61 61 62 62 63 63 63
    64 63 63 63 64 64 64 63 63 63 64 65 64 64 62 61 60 60 62 64 64 64 63
    63 62 62 63 60 59 59 58 60 61 61 61 61 60 61 61 62 64 64 65 64 67 67
    67 68 67 67 67 68 67 67 66 65 64 64 64 64 64 64 65 65 65 66 66 65 65
    65 66 66 66 67 67 68 68 66 67 67 67 66 65 65 65 65 65 65 65 65 66 65
    63 63 65 65 65 64 65 65 64 63 63 64 65 65 65 66 65 66 66 66 66 65 66
    66 67 66 67 66 65 66 66 65 65 65 65 63 63 62 64 64 62 63 64 63 64 65
    63 63 63 63 63 64 64 65 65 65 65 66 65 64 65 65 64 64 64 65 65 66 66
    66 65 65 65 65 65 66 67 66 65 66 66 65 65 64 64 63 62 62 61 61 62 63
    60 60 61 62 61 61 61 62 62 62 63 65 65 66 67 66 65 66 66 66 67 67 68
    67 66 66 66 65 64 64 63 61 62 62 63 63 63 61 61 61 61 62 62 61 62 62
    63 64 65 65 64 64 62 63 64 64 63 64 63 62 62 62 62 62 61 60 60 61 61
    62 62 63 63 63 62 63 64 64 64 64 64 64 65 66 64 64 63 62 61 60 62 64
    64 64 63 63 62 61 62 60 59 59 59 60 61 61 61 61 60 61 62 63 64 65 66
    65 67 67 67 68 67 67 67 67 67 67 66 65 64 63 63 63 64 64 64 64 64 65
    65 65 65 65 66 66 67 68 68 69 69 67 67 67 67 66 65 65 65 64 64 64 64
    64 64 64 62 63 64 65 65 64 65 65 64 63 64 64 65 65 65 65 65 65 65 65
    65 64 65 66 66 66 66 66 65 66 66 65 65 65 65 64 64 63 65 64 63 64 65
    64 64 65 63 63 64 63 64 64 64 64 65 65 65 65 64 63 64 64 64 64 64 64
    64 65 65 65 65 66 65 65 66 67 68 67 67 67 67 67 66 65 65 64 63 63 62
    62 63 63 61 60 61 62 61 61 61 62 62 62 64 66 66 66 67 65 65 66 66 66
    66 67 67 67 65 65 66 65 64 64 64 62 63 63 63 64 64 62 62 62 63 63 63
    63 62 63 64 65 65 65 65 65 63 64 65 65 64 64 63 62 62 62 63 62 61 60
    60 61 61 62 61 62 62 62 61 62 64 64 64 64 64 64 66 67 66 65 64 63 62
    62 63 65 65 65 65 65 63 62 62 60 59 60 59 61 61 61 61 60 59 60 60 61
    63 64 65 65 66 66 66 67 67 67 67 68 68 68 67 66 65 65 65 64 65 65 66
    66 66 67 67 67 66 67 67 68 68 69 69 70 70 68 68 68 68 67 66 65 65 64
    64 64 63 63 63 62 61 61 63 63 63 63 64 64 63 62 62 63 64 64 64 64 63
    64 64 64 64 63 63 64 64 65 65 65 64 64 65 65 64 65 65 64 64 63 65 65
    63 64 65 64 65 65 64 64 64 64 64 64 64 64 65 65 65 65 64 63 64 64 63
    63 63 63 64 65 65 65 65 65 65 66 66 67 68 68 68 68 69 68 68 67 67 66
    64 64 63 63 63 63 61 60 61 62 61 61 61 62 62 61 63 65 65 66 66 65 65
    66 66 66 66 67 67 67 66 65 65 65 63 64 63 62 62 63 63 63 63 61 61 61
    62 62 63 63 63 63 64 66 66 66 66 66 64 65 66 66 66 66 65 64 63 64 64
    63 62 61 61 61 61 63 62 62 63 62 62 63 64 64 63 63 63 63 64 65 64 64
    62 61 60 60 61 63 63 63 63 62 61 60 61 59 58 59 59 60 60 60 60 59 59
    60 60 61 63 64 65 65 67 67 66 67 67 68 67 68 68 69 67 66 66 65 65 65
    66 66 67 68 67 68 68 67 67 68 68 69 69 70 70 71 71 69 69 68 68 68 67
    66 66 65 64 65 64 63 64 63 61 62 64 64 64 63 64 64 62 61 61 62 62 63
    63 64 62 63 63 64 64 62 63 64 64 65 65 65 64 65 65 64 64 65 65 64 64
    64 66 66 64 65 66 65 65 65 64 64 64 65 65 66 66 65 66 66 66 66 65 64
    65 65 64 64 64 64 64 65 66 65 65 65 65 65 66 67 68 68 67 68 68 68 68
    68 67 66 65 65 64 64 64 64 62 62 62 63 63 63 62 63 62 62 63 65 65 66
    66 65 64 65 65 65 65 65 66 66 65 65 65 65 64 63 63 61 62 63 63 64 64
    62 62 61 62 62 63 63 62 63 64 66 66 66 66 66 64 65 67 66 66 66 65 64
    63 64 64 64 62 62 61 62 61 63 62 62 63 62 62 62 64 64 64 63 63 64 65
    66 65 65 63 62 61 61 62 63 64 64 64 63 62 61 61 59 58 58 58 59 60 60
    60 59 59 60 60 61 63 63 64 65 67 66 66 66 67 67 67 68 67 67 67 66 65
    64 65 65 65 66 67 68 67 68 67 67 68 68 69 69 70 71 71 72 72 70 70 69
    69 68 67 67 66 65 64 64 63 62 63 63 61 61 62 63 63 62 63 62 61 60 60
    60 61 62 62 62 61 61 62 62 62 61 61 62 63 63 64 64 64 65 64 64 64 64
    65 64 64 65 67 66 65 65 66 65 65 65 64 64 64 64 65 66 66 66 66 66 66
    66 66 65 66 65 65 65 65 65 65 66 66 66 65 66 65 65 66 67 67 67 67 67
    68 68 68 68 68 66 65 65 65 65 65 65 64 63 63 65 65 64 63 64 63 63 64
    66 66 67 67 66 65 66 66 65 65 64 66 66 64 65 65 65 64 63 62 61 62 63
    63 64 64 62 62 62 63 63 63 63 63 63 64 66 65 65 66 66 64 65 67 67 66
    66 66 65 64 64 65 64 63 62 62 62 61 63 62 62 63 62 62 62 64 64 64 63
    63 64 65 66 65 65 63 62 61 61 62 63 64 64 64 63 62 61 61 59 58 59 58
    59 60 60 60 59 58 59 59 60 62 62 63 64 65 65 65 65 66 66 66 66 66 67
    66 64 64 63 64 64 65 66 67 67 67 67 66 66 67 67 68 69 70 71 70 71 72
    71 70 69 69 69 67 67 66 65 64 63 62 61 62 62 60 60 61 62 62 62 62 61
    60 59 60 61 61 63 63 63 61 62 62 63 62 62 62 62 63 64 65 65 65 65 64
    65 64 65 65 65 65 66 68 67 65 65 66 65 65 65 65 64 64 64 65 65 65 65
    65 65 66 66 66 65 66 66 66 65 66 66 66 66 67 67 66 66 65 65 66 67 67
    68 67 68 68 68 68 68 68 67 66 65 66 66 66 66 64 64 64 65 65 64 63 64
    63 63 64 66 66 66 67 66 65 66 66 65 65 64 66 66 65 65 65 65 64 64 62
    62 63 64 64 64 64 63 64 63 63 64 64 64 63 64 65 66 66 66 66 66 64 65
    67 66 66 66 66 65 64 65 65 65 63 63 63 63 62 63 62 63 63 63 62 62 64
    64 64 63 63 64 66 66 65 65 63 62 61 60 62 63 63 63 63 62 61 60 60 58
    57 58 58 58 59 59 59 59 58 59 59 60 62 62 62 63 65 65 64 65 65 65 65
    66 65 65 65 64 63 63 63 64 65 66 67 67 66 67 66 66 66 67 68 69 70 71
    70 71 72 71 70 69 69 68 67 66 65 65 63 63 62 62 63 63 62 62 63 63 63
    63 64 63 62 61 61 62 62 64 64 63 62 61 62 62 62 62 62 63 63 64 64 64
    64 64 64 64 64 64 65 65 65 66 67 67 65 66 66 65 65 65 65 65 64 65 66
    66 66 66 66 67 66 66 67 66 67 67 67 66 67 67 67 67 68 67 67 67 65 66
    67 67 67 67 67 67 67 67 67 67 67 66 65 64 64 64 64 64 63 63 63 64 63
    64 63 64 63 63 63 65 65 66 67 66 65 66 66 66 65 65 66 66 65 66 65 65
    64 64 62 62 64 65 64 65 65 64 65 64 65 65 65 65 65 65 66 67 67 66 65
    66 64 65 66 66 66 66 65 64 63 64 64 64 62 62 62 62 61 63 62 62 63 63
    62 63 64 65 64 64 64 65 66 67 66 66 65 64 63 62 64 64 65 64 64 63 62
    61 61 58 58 58 58 59 60 59 59 58 58 59 59 59 61 61 61 62 63 63 63 63
    64 64 64 64 65 65 64 64 64 63 64 65 66 67 68 68 67 68 66 66 67 67 68
    68 69 69 71 71 72 71 70 69 68 68 67 66 64 64 63 63 62 61 62 62 61 61
    62 63 63 62 63 63 62 61 61 62 62 63 63 62 61 61 61 61 61 61 62 62 63
    64 64 64 64 64 64 64 65 65 66 66 66 67 69 68 66 67 67 66 66 66 66 65
    65 65 66 66 66 65 65 65 65 65 65 65 66 66 65 66 66 66 66 66 67 67 66
    66 65 65 66 66 66 67 66 66 67 67 67 67 67 66 65 65 65 65 65 64 63 62
    62 63 63 64 62 63 62 63 63 64 65 65 65 64 64 65 65 65 64 63 64 64 63
    65 64 64 63 62 61 62 63 65 64 65 65 64 64 64 64 64 64 64 64 64 65 66
    65 65 64 65 64 64 66 66 65 65 65 64 62 64 64 64 62 62 62 62 62 63 62
    62 63 62 62 63 65 66 64 65 64 65 66 66 66 65 64 63 62 61 63 64 65 63
    63 63 62 61 61 59 59 60 60 59 60 60 60 59 58 59 60 60 62 62 62 62 64
    63 63 63 64 64 65 65 65 65 64 64 64 63 64 65 65 67 68 67 67 67 66 65
    65 67 67 67 68 68 71 72 72 71 69 69 69 68 67 66 65 64 63 62 61 60 62
    61 61 61 62 62 62 61 62 61 61 59 60 61 62 63 63 62 61 60 60 61 60 61
    61 62 63 63 64 64 64 64 63 64 64 64 66 65 66 67 69 68 66 67 67 67 66
    66 65 65 64 64 65 65 65 64 65 65 64 64 65 64 65 65 65 66 66 67 67 67
    68 67 67 67 66 66 67 67 67 68 67 67 67 67 67 66 67 66 65 65 65 65 65
    64 63 62 62 63 64 65 64 64 64 64 64 65 65 65 66 65 64 65 65 65 65 63
    64 64 64 64 64 64 63 63 62 62 63 64 64 65 65 63 64 63 64 64 64 64 64
    64 65 66 65 64 64 64 63 64 65 65 65 65 65 63 61 63 64 63 62 62 62 62
    62 64 63 64 64 63 63 63 65 66 64 64 64 65 66 66 65 64 63 62 61 60 62
    63 64 62 62 61 61 60 60 58 58 59 59 59 60 60 60 59 58 59 60 61 62 62
    63 63 64 63 63 63 64 64 65 65 64 65 64 63 63 62 64 65 65 66 68 67 67
    67 66 65 66 67 67 68 69 69 71 71 72 71 69 69 69 68 67 66 65 64 63 62
    61 60 61 61 60 60 61 62 62 61 62 61 60 59 60 61 62 63 63 62 60 60 60
    61 60 60 61 62 63 63 63 63 64 63 63 63 64 64 65 65 65 67 68 68 66 66
    67 67 66 66 65 65 63 63 64 64 64 63 63 63 63 63 64 63 63 64 63 64 65
    65 66 66 67 67 67 66 65 65 66 66 66 67 66 66 66 66 67 66 66 66 65 64
    65 65 65 64 63 62 62 63 64 65 64 63 64 64 64 64 64 64 64 64 63 64 64
    64 64 62 63 63 62 63 62 62 62 62 62 62 63 64 64 65 65 63 64 63 64 64
    65 65 64 64 65 65 65 64 64 64 63 63 65 65 65 65 65 63 62 64 64 63 62
    62 62 62 62 63 63 63 63 62 62 63 65 65 64 64 64 66 67 66 66 65 64 62
    61 61 63 63 63 62 62 62 61 60 60 58 58 59 60 59 61 60 61 60 60 60 60
    61 62 61 62 63 63 63 63 63 64 64 64 64 64 65 64 64 64 63 65 65 65 66
    68 68 68 68 67 66 66 67 68 68 69 69 73 72 73 72 70 69 69 69 68 67 66
    65 64 64 63 61 62 62 61 61 61 62 62 61 62 61 61 60 60 61 62 62 63 61
    60 60 61 61 60 60 61 61 62 62 62 62 63 62 62 62 63 63 64 64 65 67 68
    67 66 66 67 67 66 66 65 65 64 63 64 64 64 63 63 63 63 62 63 63 63 63
    63 63 64 64 65 66 66 66 66 66 64 64 66 65 65 66 66 66 66 66 66 66 66
    65 65 64 65 65 65 64 63 63 62 63 64 64 64 63 63 63 63 63 63 63 63 62
    62 63 63 63 63 61 62 62 62 63 62 63 63 63 63 63 64 65 64 64 64 63 64
    63 64 64 65 64 63 63 64 65 65 63 63 64 63 64 66 66 65 64 65 63 62 64
    65 64 63 63 63 62 62 64 63 63 63 63 63 64 65 65 64 64 64 65 66 66 66
    65 64 63 62 62 63 64 64 63 63 63 62 61 61 59 60 60 61 60 61 60 61 60
    59 59 60 60 61 60 61 61 62 61 61 61 62 62 63 64 63 64 63 63 64 63 65
    65 65 66 68 67 67 67 66 65 66 67 67 67 68 68 74 73 74 72 71 69 69 69
    68 67 66 65 64 64 62 60 61 61 61 60 61 61 61 60 61 60 60 59 59 59 60
    61 61 60 58 58 59 59 58 59 60 61 61 61 62 62 63 62 62 63 63 64 65 65
    66 68 70 69 68 68 69 69 68 68 68 67 66 66 66 66 66 64 64 64 64 63 63
    63 63 63 62 62 63 64 64 64 65 65 66 64 63 64 65 64 65 66 65 65 66 66
    66 67 66 66 65 65 65 65 65 64 64 63 62 64 65 65 64 64 64 64 63 64 64
    64 64 63 63 64 63 64 64 62 63 63 62 62 62 62 62 62 62 62 63 64 63 64
    63 62 63 62 63 63 64 63 63 63 63 64 64 62 63 63 63 63 65 64 64 64 64
    63 62 64 65 64 63 63 63 62 61 62 62 62 62 61 62 62 64 64 62 63 62 63
    65 65 64 64 64 63 62 62 64 64 64 63 63 62 61 61 61 59 60 61 61 60 61
    61 61 60 59 60 60 60 61 61 62 62 63 62 62 62 63 63 64 64 63 64 64 63
    64 63 65 65 65 66 67 66 66 65 65 64 64 66 66 66 67 67 74 73 74 72 71
    69 69 68 68 67 67 66 65 64 63 61 61 62 61 61 61 62 62 61 61 60 60 59
    59 59 60 60 61 60 58 58 59 59 58 59 60 61 61 61 62 63 63 63 63 64 65
    66 66 66 67 69 70 69 69 69 70 70 69 69 68 68 66 65 66 66 65 64 64 64
    63 62 63 62 62 61 61 61 62 62 63 64 64 64 64 63 62 62 64 63 64 65 65
    65 65 66 67 67 67 66 65 65 66 66 66 65 65 64 63 64 65 65 64 64 64 64
    64 64 64 64 64 63 63 64 64 64 64 63 64 63 62 62 62 62 62 61 61 62 63
    64 63 63 62 61 62 61 62 63 63 62 62 62 62 63 63 62 62 63 62 63 64 64
    63 63 63 62 62 64 64 64 62 62 63 62 61 62 61 62 62 62 62 63 64 64 63
    63 62 63 64 64 64 64 63 63 62 61 63 63 63 62 62 62 61 60 61 59 60 60
    60 60 60 60 60 59 58 59 59 59 61 61 62 62 62 62 62 63 64 64 64 64 64
    64 64 63 64 64 64 64 64 65 66 66 65 65 64 64 64 65 66 65 67 67 73 72
    73 71 69 68 68 68 67 66 66 66 65 65 63 61 62 62 62 61 61 62 62 61 61
    60 60 59 59 59 59 60 60 59 57 57 58 59 58 58 60 60 60 61 61 62 63 62
    62 64 65 66 66 67 67 69 70 69 68 69 69 69 69 68 67 66 65 64 64 65 64
    63 63 63 63 62 63 63 62 62 62 62 63 63 63 64 65 64 65 64 62 63 64 63
    63 64 64 64 65 66 66 67 66 66 66 66 66 66 66 65 65 64 63 65 65 66 65
    65 65 65 64 64 65 64 64 64 64 65 65 66 65 64 65 64 63 63 63 63 64 63
    62 63 64 65 63 63 63 62 63 62 63 64 64 64 63 63 63 64 64 62 63 63 63
    64 65 65 65 64 64 63 62 64 65 64 63 63 64 63 62 63 63 63 63 63 63 64
    66 66 64 63 63 64 65 64 64 64 63 63 62 61 62 62 63 61 61 61 60 60 61
    60 60 61 61 61 61 61 61 61 60 60 61 60 61 62 63 63 63 62 63 63 64 64
    65 65 64 65 64 64 65 65 65 65 65 66 67 66 65 65 64 64 63 65 65 65 66
    65 74 73 73 72 70 68 69 68 68 67 67 67 66 66 64 62 63 63 63 62 62 63
    63 62 62 62 61 60 60 60 60 61 61 59 58 59 59 60 59 60 60 61 61 61 61
    62 63 62 62 65 66 67 67 68 68 70 71 70 70 70 70 70 70 69 68 67 65 65
    65 65 65 63 64 64 63 62 63 63 63 62 62 62 63 64 64 65 65 64 64 63 62
    62 63 62 63 64 64 64 65 66 66 66 66 66 66 66 66 67 66 65 65 64 63 65
    65 66 65 65 65 66 65 65 65 64 64 64 64 66 66 67 66 65 65 64 64 64 63
    64 64 64 63 64 65 65 64 64 63 63 64 63 64 64 65 65 63 63 64 64 64 62
    62 63 63 64 64 64 64 64 64 62 61 64 65 64 63 63 64 63 63 64 63 64 64
    63 64 64 66 66 63 63 63 64 65 64 64 63 63 62 61 61 62 62 62 60 61 61
    60 60 60 59 60 60 61 61 61 61 62 61 60 61 61 61 62 62 63 63 64 63 64
    64 65 65 65 65 64 65 65 64 65 65 66 65 64 65 66 65 64 63 63 63 62 63
    64 63 65 64 72 72 72 71 69 67 68 67 67 67 67 68 67 67 65 63 64 64 64
    63 62 64 64 63 63 63 62 61 60 60 60 61 61 59 58 59 59 61 60 60 61 62
    61 61 62 63 64 63 63 65 66 67 67 68 68 69 70 69 69 70 70 70 69 69 68
    67 65 65 65 65 65 64 64 64 64 63 64 64 63 63 63 63 65 65 65 66 66 65
    65 64 62 63 64 63 64 65 65 64 64 65 66 66 66 66 66 66 66 67 66 65 65
    64 63 65 65 66 66 66 66 67 66 65 65 65 64 65 64 66 66 67 66 65 65 63
    63 62 61 62 63 62 62 63 63 64 63 62 62 62 63 62 63 64 64 64 63 63 64
    64 64 63 63 63 64 64 64 63 63 64 64 63 62 64 65 64 63 63 64 64 63 64
    64 65 65 64 64 65 67 66 64 64 64 65 66 65 65 64 64 63 62 62 63 62 62
    61 61 61 60 60 60 59 60 59 60 60 60 60 61 60 60 60 60 59 61 61 62 62
    63 62 63 63 64 64 64 64 64 65 64 64 65 65 66 65 65 66 66 66 65 65 64
    64 63 65 65 64 66 65 72 71 72 71 69 67 67 67 67 67 67 67 67 66 64 63
    64 64 64 62 62 63 64 63 63 62 62 61 60 60 60 61 61 59 58 59 59 61 60
    60 61 61 61 62 62 63 64 63 63 65 67 67 67 68 69 70 71 70 70 70 70 70
    69 68 68 67 65 65 64 65 64 63 64 64 63 62 63 63 63 62 63 64 65 65 65
    65 65 64 64 63 62 63 64 63 64 64 64 64 64 65 66 66 66 66 66 66 67 67
    66 65 65 65 64 65 66 66 65 65 66 66 65 64 65 63 63 63 63 64 63 64 63
    62 62 61 61 61 60 61 62 62 62 63 63 65 64 63 63 63 65 63 64 64 64 64
    64 63 64 64 64 63 63 63 64 64 64 63 63 63 64 63 62 64 65 64 64 63 64
    64 64 64 64 65 65 64 65 66 67 66 64 64 64 65 66 65 65 64 63 62 62 61
    62 61 62 60 61 60 60 60 60 59 60 59 61 60 61 61 61 61 60 61 61 60 62
    62 62 63 63 62 63 64 65 65 65 65 64 65 65 65 66 65 67 66 65 66 66 66
    65 64 63 64 63 64 64 63 65 65 71 71 72 71 69 68 68 68 68 68 68 67 67
    66 64 63 64 64 64 62 62 62 63 62 62 62 61 60 60 59 60 61 61 59 58 59
    59 61 60 61 61 62 62 62 63 64 65 64 64 66 67 68 68 69 69 71 70 70 70
    70 70 70 69 68 68 67 64 64 64 65 64 64 64 65 64 63 64 64 64 64 65 65
    66 67 66 67 67 66 66 65 64 65 65 65 65 66 65 66 66 66 67 66 66 66 67
    66 67 67 66 65 65 65 64 65 65 66 66 65 66 66 65 63 64 63 62 63 63 64
    63 64 63 61 61 60 60 60 59 60 61 61 61 62 62 64 62 62 62 62 64 63 65
    65 65 65 64 64 64 64 64 63 63 64 64 64 64 63 63 63 63 63 62 64 64 64
    63 63 64 63 63 64 64 65 64 64 65 65 66 65 63 63 63 65 65 65 64 63 63
    62 62 62 62 62 62 61 62 61 61 61 61 60 60 60 62 61 61 61 62 62 61 61
    61 61 62 61 62 62 63 62 63 64 65 65 65 65 64 65 64 64 66 65 67 66 66
    66 66 66 65 65 64 64 63 64 64 63 65 65 69 69 70 69 67 66 66 66 67 67
    67 67 67 66 65 64 64 65 65 63 62 63 63 62 62 62 61 61 60 59 60 61 60
    59 58 59 59 61 59 60 61 61 61 61 61 63 64 62 62 65 66 66 66 67 68 69
    69 69 70 69 69 70 69 68 68 67 64 64 64 64 65 64 65 65 63 63 64 64 64
    63 64 64 66 67 67 67 67 66 66 65 64 65 65 64 65 65 65 65 65 66 66 66
    66 66 66 66 67 67 66 65 65 65 64 66 66 67 66 65 65 65 64 63 63 62 62
    63 63 63 63 63 62 61 61 60 60 60 59 60 61 61 61 62 62 63 62 61 61 61
    63 62 63 63 63 64 63 63 62 62 62 62 62 63 64 63 63 62 62 61 62 62 61
    63 63 63 62 62 63 63 62 63 63 64 64 63 64 64 64 64 62 62 62 63 64 63
    63 62 62 61 61 61 62 61 62 61 62 62 61 62 62 62 62 62 63 63 63 62 63
    64 63 63 63 62 63 63 63 63 64 63 65 65 65 65 65 65 64 65 64 65 66 66
    67 66 65 66 66 65 64 64 64 64 63 64 63 63 64 63 67 67 68 67 66 65 65
    65 65 66 66 66 67 66 65 64 65 66 65 64 63 64 64 63 64 63 62 62 62 61
    61 62 61 60 59 60 61 61 60 61 62 61 62 62 62 64 65 63 63 65 66 67 67
    67 67 69 70 69 69 69 69 69 68 66 67 66 63 63 63 64 64 64 64 64 63 63
    64 63 63 63 64 64 65 66 66 67 67 66 66 65 63 64 64 64 64 64 65 65 65
    65 66 65 65 65 66 66 67 67 66 65 65 65 65 65 66 67 66 65 66 66 65 63
    64 63 62 63 62 63 63 63 62 61 61 60 60 60 59 60 61 61 61 62 62 62 62
    61 61 61 63 62 63 63 63 63 62 62 61 61 61 61 61 61 62 62 61 61 60 60
    61 61 61 62 62 63 62 62 63 63 62 62 63 64 64 63 64 64 64 64 62 62 62
    63 63 62 62 62 62 62 61 61 62 61 61 61 62 62 61 62 62 62 62 61 63 62
    62 62 62 63 62 63 62 61 62 62 62 63 63 63 64 64 64 64 64 64 63 65 64
    64 65 65 66 65 64 64 64 63 63 63 62 63 62 63 62 61 63 62 68 67 68 68
    67 65 66 65 65 66 66 66 66 66 65 64 64 65 65 62 62 62 63 62 63 63 62
    62 62 61 62 62 62 61 60 62 62 63 62 63 63 63 63 63 63 64 65 63 63 66
    67 67 66 67 67 69 69 68 68 68 67 67 67 65 65 65 62 61 61 62 62 62 62
    61 61 61 62 61 61 61 61 62 64 65 65 66 65 65 64 63 62 62 63 63 64 64
    63 64 64 63 64 63 63 64 64 65 65 65 65 64 63 64 64 64 64 66 65 65 65
    65 64 62 63 62 61 61 61 62 62 62 62 60 60 59 59 59 59 59 61 60 61 62
    62 62 61 60 60 61 62 61 62 62 62 62 61 62 61 61 61 61 61 62 62 63 61
    61 61 60 61 61 61 62 62 63 62 62 63 63 62 62 62 64 63 62 64 64 64 63
    62 62 62 63 63 62 61 61 62 62 61 62 62 61 62 61 62 62 62 62 62 62 63
    62 63 62 62 62 62 63 62 62 61 61 61 62 62 63 63 62 64 64 64 64 64 64
    63 64 64 64 66 66 67 65 64 64 64 63 62 63 62 63 61 62 61 60 62 61 66
    66 67 66 65 64 65 64 65 65 66 66 67 66 65 64 64 65 65 63 62 63 63 63
    63 63 63 63 63 62 63 63 62 62 61 62 63 64 63 63 64 64 64 63 64 65 65
    63 64 66 66 67 67 67 67 68 68 68 67 67 67 67 66 65 65 65 62 61 61 62
    62 62 62 62 61 61 62 62 61 61 62 63 64 65 66 66 65 65 65 64 62 63 64
    64 64 64 64 65 64 64 63 63 63 64 64 64 65 65 65 63 63 64 63 63 63 65
    65 64 65 64 64 62 62 61 60 60 60 61 60 60 61 60 59 58 58 58 58 58 60
    60 61 62 62 63 61 60 60 61 62 61 63 63 63 63 63 63 62 62 62 62 62 62
    63 63 62 62 62 61 61 62 61 62 62 63 62 62 63 63 63 63 64 65 63 63 64
    64 65 64 62 62 63 63 63 62 61 62 63 62 62 62 63 62 62 62 63 63 62 62
    62 63 63 62 63 62 63 62 63 64 63 62 61 61 61 62 63 63 63 63 65 64 64
    64 63 64 63 64 64 65 67 67 68 66 65 65 65 64 63 64 63 64 62 62 62 61
    62 61 67 66 68 66 65 64 65 65 65 65 65 65 66 66 65 64 64 65 64 62 62
    63 62 63 62 63 63 63 62 62 62 62 62 61 60 62 62 64 63 63 64 64 64 63
    64 65 65 64 64 66 67 68 66 66 66 68 68 67 67 67 67 67 66 65 65 65 62
    62 62 63 63 62 62 62 61 62 62 62 61 61 62 62 64 64 65 65 64 64 63 63
    62 63 63 63 64 63 63 64 64 63 63 63 63 63 63 64 64 64 64 63 62 63 62
    63 63 65 65 64 65 64 63 62 62 61 60 60 60 61 60 61 61 60 59 57 58 57
    57 57 59 59 60 62 61 62 60 60 60 60 61 60 62 62 62 63 63 63 62 62 62
    62 62 62 63 63 62 62 62 62 62 62 61 62 62 62 62 62 63 63 63 63 63 64
    63 62 64 64 64 64 63 63 63 64 63 62 62 62 63 62 62 63 63 62 62 62 63
    63 62 62 62 63 63 63 63 62 62 62 62 63 61 61 60 59 59 60 61 62 61 61
    63 63 63 63 63 63 63 64 64 65 67 67 68 66 64 65 65 63 63 63 63 63 62
    62 61 60 61 60 66 66 67 66 65 64 64 64 65 64 65 65 66 66 65 63 63 64
    63 61 60 61 61 61 61 61 62 62 61 60 61 61 60 60 60 61 62 63 62 63 63
    63 64 63 63 64 64 63 63 65 66 67 66 66 65 67 67 66 66 65 65 65 65 63
    64 64 61 60 60 61 61 61 60 60 60 61 61 61 61 60 61 62 63 63 64 64 63
    63 63 63 62 63 63 64 64 64 63 65 64 64 64 63 63 64 64 65 65 65 64 63
    62 63 63 64 64 65 65 65 65 65 64 63 63 62 60 61 61 62 61 61 62 61 60
    58 58 58 58 58 60 59 60 62 61 61 60 59 59 59 60 59 61 61 61 62 62 62
    62 62 61 61 62 62 63 63 62 63 62 62 62 62 62 62 63 63 62 63 64 64 63
    63 63 64 63 63 64 65 65 64 63 63 63 64 63 62 61 62 62 62 62 62 62 61
    61 61 62 62 62 61 62 63 62 62 62 62 62 61 62 63 62 61 60 59 60 60 61
    62 61 61 63 63 63 63 62 63 62 63 63 64 65 66 67 65 63 63 63 62 61 62
    62 62 61 61 60 59 60 60 66 66 67 66 65 65 65 65 65 65 66 65 66 66 65
    64 63 64 63 60 60 60 60 60 60 61 61 61 61 60 61 61 60 60 60 61 62 63
    63 63 63 63 63 62 63 64 64 63 63 65 66 67 66 66 66 67 67 67 66 65 65
    66 66 64 64 65 62 62 61 63 63 62 62 62 61 62 62 63 62 62 63 63 65 65
    65 66 65 65 65 64 64 64 64 65 65 64 64 65 65 64 64 63 63 64 64 65 65
    64 64 64 62 64 63 64 63 65 65 65 65 65 64 63 62 62 61 62 62 63 62 62
    63 62 62 60 60 60 60 60 62 61 62 63 62 62 61 60 60 60 61 59 61 61 62
    62 63 62 62 62 62 62 62 62 63 63 62 63 63 63 62 62 62 62 62 62 62 62
    63 63 62 62 62 63 61 61 62 63 63 62 62 61 63 63 62 62 61 62 63 63 62
    62 62 61 61 62 62 62 62 61 62 63 62 62 63 62 63 62 63 63 63 61 61 60
    61 61 62 63 62 62 64 64 63 63 62 62 62 63 64 64 66 66 67 65 63 63 63
    61 61 62 61 62 61 60 59 58 59 59 66 67 68 67 66 65 65 65 66 66 66 66
    67 67 65 64 63 64 63 61 61 61 61 62 62 62 62 63 62 62 62 62 61 62 61
    62 63 64 63 63 63 63 63 63 63 64 64 63 64 66 67 67 66 67 66 67 67 67
    67 66 66 66 66 65 65 65 63 63 62 62 63 62 62 62 61 61 61 62 61 61 62
    62 63 64 64 64 64 63 64 63 63 63 64 65 65 64 64 65 65 64 64 63 64 64
    64 64 64 64 64 64 63 64 63 64 63 64 65 65 65 64 64 62 62 61 60 61 61
    62 61 61 62 61 61 59 59 59 59 59 61 61 61 62 62 61 60 59 60 60 61 60
    61 61 61 61 63 62 61 61 61 61 61 61 62 63 62 63 63 63 63 63 63 62 63
    64 63 63 64 64 63 63 62 64 62 62 63 64 64 63 63 62 63 64 63 63 62 62
    64 63 62 63 62 62 62 62 63 63 63 62 63 63 63 63 64 63 63 63 63 64 63
    62 60 59 60 60 61 62 61 61 63 63 63 63 62 62 62 63 64 64 66 67 67 66
    64 64 63 62 61 62 62 62 61 60 59 58 59 59 66 67 68 67 66 65 65 64 65
    65 66 65 66 66 65 63 63 64 64 62 61 62 62 63 63 63 63 64 63 62 62 62
    61 62 61 62 62 64 63 63 63 62 63 62 63 65 64 63 64 67 67 68 68 68 67
    68 68 67 68 67 66 67 67 66 67 66 64 63 63 63 63 63 63 63 62 62 62 63
    62 62 63 62 64 64 64 64 63 63 63 63 63 63 64 65 65 64 64 65 65 64 64
    64 65 66 65 66 66 66 66 65 64 65 65 65 65 66 66 66 66 65 65 63 62 62
    61 62 61 64 62 63 63 62 61 59 59 60 60 59 61 61 61 62 61 61 60 59 59
    59 60 59 60 61 60 61 62 61 61 61 61 61 61 61 62 63 62 63 63 63 63 63
    63 62 63 64 63 64 65 65 64 63 62 64 62 62 63 63 64 63 63 63 64 64 63
    63 62 63 64 64 63 63 63 62 62 62 63 63 63 63 63 64 63 63 64 63 63 63
    63 64 63 62 61 60 60 61 61 62 62 62 64 63 63 64 63 63 63 64 64 65 66
    67 67 66 64 63 63 62 61 62 61 61 60 60 59 58 58 58 65 66 67 65 65 64
    64 63 64 65 65 65 65 65 64 62 62 63 63 61 61 61 62 62 62 62 62 63 62
    61 61 61 61 62 61 61 62 63 63 63 63 63 64 64 64 66 65 64 65 67 67 69
    68 68 67 68 68 68 68 67 66 67 67 66 66 66 64 64 63 63 64 64 64 63 62
    62 63 63 63 62 63 63 64 65 65 64 64 63 64 64 63 64 65 65 66 65 65 66
    66 65 65 65 66 66 67 66 67 67 66 66 65 66 65 66 65 66 67 66 66 65 65
    63 63 62 62 62 62 63 62 63 63 62 61 59 60 60 60 60 61 61 61 62 61 61
    60 58 58 58 59 59 60 60 60 60 61 61 60 60 60 60 60 61 61 62 61 62 63
    64 63 63 63 62 63 64 64 65 66 66 65 64 63 65 63 63 63 64 65 64 64 64
    65 64 63 63 62 62 63 63 63 63 63 63 63 63 64 64 64 63 64 65 64 64 65
    65 64 64 64 65 64 63 62 61 61 62 62 63 63 63 65 65 65 65 64 65 65 65
    66 67 68 69 69 68 66 65 65 64 62 63 62 63 61 60 59 58 59 59 65 66 67
    65 64 64 63 63 64 64 65 65 65 65 63 63 62 64 63 62 62 62 63 63 63 63
    63 64 63 63 63 63 62 63 62 63 63 64 63 64 64 64 65 64 65 66 66 65 65
    67 68 69 68 68 67 67 67 67 67 66 65 65 65 64 65 65 63 62 62 62 63 64
    63 63 62 63 63 64 63 62 63 63 64 65 65 64 64 64 64 64 64 64 65 65 65
    65 65 66 66 65 65 65 66 66 66 66 67 67 66 66 65 66 65 65 65 66 66 66
    65 64 64 62 61 61 60 62 61 63 62 62 63 61 61 59 60 60 61 61 62 62 62
    63 61 61 60 58 59 60 61 60 60 60 60 61 61 61 61 61 61 61 61 61 62 62
    61 62 63 63 63 63 63 62 63 64 64 64 65 66 65 65 64 65 63 63 64 64 65
    65 65 65 66 65 64 64 63 63 64 64 63 63 64 63 63 63 64 63 63 62 63 64
    63 63 64 64 64 64 64 64 64 63 61 61 61 62 62 63 63 63 65 65 65 65 65
    65 65 66 67 68 69 69 70 69 67 67 67 65 64 65 64 64 63 62 61 60 61 61
    65 65 66 64 63 63 63 63 64 64 64 64 65 64 63 63 62 63 63 62 62 62 62
    63 63 63 63 63 63 62 63 63 62 63 62 63 63 64 63 63 63 63 64 64 64 66
    65 64 64 66 66 67 66 66 65 65 66 66 66 65 64 64 64 63 64 64 63 63 63
    63 64 65 64 64 63 64 65 65 65 65 66 65 66 67 67 66 66 66 66 66 65 66
    66 66 67 66 65 67 67 66 65 65 66 66 66 66 66 66 65 65 64 65 64 64 64
    65 66 65 64 63 63 61 61 61 60 61 61 62 61 62 62 60 60 58 59 60 60 61
    62 62 62 62 61 61 60 59 59 60 61 60 60 60 60 61 61 61 61 61 60 60 60
    60 61 62 62 63 63 64 64 64 63 63 63 64 64 65 66 67 66 66 65 66 64 64
    64 65 66 66 66 66 67 66 65 65 64 64 64 64 63 63 64 63 63 63 63 63 62
    63 63 64 63 63 65 65 64 64 64 64 65 64 62 62 62 62 62 64 63 63 65 64
    64 65 65 65 65 66 67 67 68 69 70 69 68 67 67 66 65 65 64 65 64 63 62
    61 61 62 64 65 65 64 63 63 62 62 63 63 64 64 63 63 62 61 60 61 61 60
    61 61 61 62 62 62 63 64 63 63 63 63 63 63 63 63 63 64 63 64 63 63 63
    63 64 65 65 64 64 66 66 66 66 66 65 66 66 66 67 66 65 65 65 65 66 66
    65 65 65 66 67 67 66 66 66 66 66 67 66 66 66 66 67 67 67 66 66 66 66
    66 65 65 66 67 67 67 66 67 67 65 65 65 66 66 66 65 65 66 65 64 63 64
    63 64 63 65 65 64 64 62 62 60 60 60 59 60 60 61 60 60 61 59 59 57 58
    59 60 60 61 61 60 61 60 60 59 58 59 59 60 59 60 60 59 59 60 60 60 60
    60 59 59 59 60 61 61 62 63 63 63 64 64 63 63 64 65 65 66 67 66 66 65
    66 64 64 64 65 66 65 66 66 67 66 66 65 64 65 64 65 64 64 64 63 64 64
    64 63 63 63 64 64 64 63 65 65 64 64 64 64 65 63 62 62 62 62 62 63 63
    63 65 65 65 65 65 65 65 66 67 67 68 69 70 69 68 67 67 65 65 65 64 65
    64 63 62 61 61 62 62 63 63 62 61 61 61 61 62 62 61 62 61 61 60 59 58
    60 60 59 60 60 60 61 61 61 62 63 62 62 63 63 63 64 63 63 63 64 64 64
    64 64 64 64 65 66 65 65 65 66 67 67 66 66 64 66 66 66 67 66 66 66 65
    65 66 66 65 66 66 66 67 68 66 66 66 65 65 65 65 65 65 65 66 66 65 65
    65 65 65 65 64 65 66 66 66 65 65 66 66 65 65 65 66 66 66 66 65 66 65
    65 64 65 64 64 64 65 65 65 64 62 62 61 60 61 61 61 61 61 60 60 61 60
    59 58 58 59 60 60 61 61 60 60 60 59 59 58 59 59 60 59 60 59 58 59 59
    59 59 59 59 59 59 59 59 60 60 61 62 63 62 64 63 63 63 64 64 65 66 66
    66 66 64 65 64 64 65 65 65 65 66 67 68 66 66 65 64 65 65 65 63 63 64
    63 64 64 64 63 63 63 64 64 64 64 65 65 65 64 65 65 66 65 63 63 63 63
    62 64 63 63 65 65 65 65 65 65 65 66 67 68 68 69 70 69 68 68 68 66 65
    65 65 65 64 64 62 62 62 63 62 63 63 63 62 62 62 62 62 62 61 61 61 61
    60 59 58 60 59 59 59 60 59 60 61 61 61 62 62 62 62 63 63 63 62 63 63
    63 63 64 63 63 64 64 65 66 65 65 65 66 67 68 67 67 65 67 68 67 68 67
    66 66 66 65 66 66 65 66 65 66 67 67 66 65 65 64 64 65 65 65 65 65 66
    66 66 64 64 64 65 65 64 65 65 66 66 65 65 65 66 65 64 64 66 66 65 65
    65 65 64 64 63 64 64 64 64 64 65 64 63 61 61 60 60 61 61 61 61 62 61
    61 62 60 60 59 59 60 62 62 62 61 61 61 61 59 59 59 59 59 60 59 59 59
    58 58 58 59 59 59 59 59 60 59 60 61 61 62 63 63 63 64 64 63 63 64 64
    65 66 66 65 65 63 64 63 63 64 64 65 65 66 66 67 65 65 65 64 65 64 65
    63 64 64 63 64 64 64 63 63 64 65 65 65 65 66 66 66 66 66 66 67 66 64
    64 64 64 64 65 64 64 66 66 66 66 66 66 66 66 68 68 68 69 70 69 68 68
    68 66 65 65 64 64 63 63 61 61 61 61 63 65 64 63 62 63 62 62 62 62 62
    62 62 61 61 60 58 60 59 59 60 60 60 61 61 61 61 62 61 62 62 62 62 63
    62 62 62 63 62 63 63 62 63 63 63 64 64 64 65 66 67 67 67 66 65 67 67
    67 67 67 66 66 66 65 66 66 65 65 65 66 67 67 66 65 65 65 65 65 65 65
    65 65 65 66 66 64 65 65 65 66 64 64 65 66 66 65 65 66 66 65 64 65 66
    66 65 65 64 65 64 64 63 64 63 63 63 64 64 64 63 61 61 61 60 62 61 62
    62 63 62 62 63 61 61 59 60 61 62 62 62 62 61 61 61 59 59 58 59 59 60
    58 59 59 58 58 58 59 59 59 59 59 60 59 60 61 61 62 63 64 63 64 63 62
    63 63 63 64 65 65 64 64 62 62 61 62 62 63 64 64 65 65 65 64 64 64 64
    64 64 65 64 64 65 64 65 65 66 65 65 66 67 66 66 66 66 67 67 66 67 67
    67 65 64 64 63 63 63 64 64 63 66 65 65 65 65 65 65 66 67 68 67 69 69
    69 67 67 68 66 65 65 64 64 63 63 62 62 61 62 64 65 64 63 62 62 62 62
    63 62 62 63 62 62 61 60 59 60 60 60 60 61 61 61 62 62 62 63 62 63 63
    63 63 63 62 63 62 63 62 62 62 62 62 63 63 64 63 64 64 66 67 67 67 67
    66 68 69 68 68 68 67 67 66 66 66 67 66 65 66 66 66 66 64 64 65 64 65
    65 65 64 64 64 65 65 65 63 64 64 65 65 64 63 64 65 65 65 64 65 65 64
    63 64 66 65 65 65 64 65 65 64 63 64 64 64 64 65 65 65 63 62 62 62 61
    62 62 62 62 63 62 62 63 62 61 60 60 61 62 62 62 62 61 61 61 60 60 60
    60 60 60 59 59 59 58 59 59 60 60 60 60 60 61 60 60 61 61 63 64 64 64
    64 64 63 63 64 64 65 66 66 66 66 64 64 63 63 63 64 64 64 66 66 66 64
    64 63 63 64 63 64 63 63 64 63 64 65 65 65 65 66 66 66 66 66 66 67 67
    66 67 66 66 64 63 63 62 62 62 63 63 63 64 64 64 64 64 64 65 66 67 68
    68 69 69 68 67 67 68 66 65 65 64 64 63 63 62 62 61 62 64 65 65 64 62
    63 62 63 63 63 63 63 63 62 61 60 59 60 59 59 59 60 60 60 61 61 61 62
    62 63 63 63 63 64 63 63 63 64 63 64 64 63 63 64 64 66 65 65 65 67 67
    68 68 68 67 69 70 68 69 68 67 67 67 67 66 67 66 66 66 67 67 67 64 64
    65 64 65 66 66 66 65 66 66 66 65 64 64 64 65 66 64 64 65 65 65 64 63
    64 64 63 62 64 65 65 64 64 64 64 63 63 63 63 63 63 63 64 64 64 63 61
    61 61 61 62 61 62 62 63 62 62 63 61 61 60 60 61 62 62 62 61 59 60 61
    59 59 59 60 60 60 58 59 59 59 59 60 60 61 61 60 60 61 60 60 62 62 64
    65 65 65 65 64 63 63 64 65 66 68 67 67 67 65 65 64 64 64 65 66 66 67
    67 67 66 65 64 64 65 64 64 63 63 64 63 64 64 64 64 64 64 65 65 65 65
    65 66 67 66 66 65 66 64 63 63 62 62 62 63 62 62 63 63 63 63 63 63 63
    64 65 66 66 67 67 67 66 66 66 65 64 64 63 64 63 63 62 62 62 62 65 66
    66 65 64 64 64 64 64 64 64 64 64 63 62 60 59 60 60 60 59 60 59 60 60
    61 61 62 61 62 63 63 63 64 64 64 62 64 64 64 64 64 64 64 64 65 64 64
    64 66 67 66 67 67 67 68 69 68 69 68 68 68 68 68 68 69 68 67 68 68 69
    68 66 66 66 65 66 66 66 66 66 66 66 66 65 64 64 65 65 66 64 64 65 66
    66 65 64 65 64 64 63 64 65 65 64 64 63 64 63 63 63 63 63 63 63 64 65
    65 63 62 62 62 62 63 63 63 63 64 63 63 64 62 61 60 61 62 63 63 63 62
    60 61 61 59 59 59 60 60 60 59 60 59 59 60 60 61 61 61 60 60 61 61 61
    62 62 64 65 66 65 65 64 63 63 65 65 66 68 67 67 67 65 66 65 64 64 64
    66 66 67 67 67 66 66 65 65 65 64 65 63 64 65 64 65 66 66 65 65 65 66
    66 67 66 66 67 67 66 66 65 66 64 63 63 63 63 62 63 62 62 63 64 64 64
    64 64 64 65 66 67 67 68 67 67 67 67 67 66 65 65 64 65 64 64 63 63 63
    63 64 66 66 65 64 64 64 64 64 63 63 64 63 62 61 60 59 60 59 60 60 60
    59 60 61 61 61 62 61 62 63 63 63 64 63 63 62 63 62 63 63 62 62 63 62
    64 63 63 63 65 65 65 66 66 66 68 68 68 69 68 67 67 67 67 67 68 68 67
    68 68 68 67 65 65 66 64 65 66 67 66 66 66 66 66 65 64 64 65 67 67 66
    66 67 67 67 66 65 66 66 66 65 66 67 66 64 64 64 65 64 64 64 64 63 63
    64 64 64 64 63 62 62 62 62 63 63 63 64 65 64 65 65 64 63 62 63 64 64
    64 64 62 61 61 61 60 59 59 60 60 60 59 60 59 59 60 61 61 62 62 61 60
    62 61 62 63 63 64 65 66 65 65 64 64 64 66 67 67 68 68 68 67 66 66 65
    64 64 64 66 65 66 66 66 65 65 64 65 65 63 64 63 64 64 64 65 65 65 64
    64 65 66 65 66 66 66 67 67 66 66 65 66 65 63 64 63 63 62 63 63 62 63
    63 64 63 63 64 64 65 67 67 67 68 68 68 67 67 68 67 65 65 64 65 65 64
    63 63 63 63 64 66 66 65 64 64 64 64 63 63 62 63 62 61 60 59 58 60 59
    59 59 59 59 59 61 61 61 61 61 62 64 64 64 64 64 64 63 64 63 64 64 62
    62 63 63 64 63 63 63 65 65 65 65 66 66 68 68 67 69 68 67 67 67 68 68
    68 67 67 68 68 68 67 64 64 65 63 64 65 65 65 64 64 64 64 64 63 63 65
    66 67 66 66 66 66 67 66 65 65 65 65 65 66 67 66 64 65 65 65 64 65 65
    64 64 65 65 66 66 66 64 63 63 63 63 64 64 65 65 66 66 66 66 64 64 63
    64 65 66 65 65 63 61 61 62 60 59 59 59 59 60 59 59 59 58 59 60 60 61
    61 60 60 61 61 62 63 63 64 65 66 65 65 65 64 65 66 67 67 68 68 68 68
    66 67 66 65 64 64 65 65 65 66 65 65 65 64 65 64 63 64 63 63 64 63 64
    65 65 65 65 65 66 65 65 65 65 66 66 65 65 64 65 64 63 63 62 62 62 62
    62 61 62 63 63 63 63 63 64 65 66 66 65 66 66 66 66 66 66 66 65 64 64
    65 65 64 63 63 63 63 63 64 64 64 63 63 63 63 62 62 62 63 62 61 60 59
    58 60 59 59 59 59 59 59 61 62 61 62 61 62 63 64 64 64 64 64 62 63 63
    64 64 62 62 63 63 63 62 63 63 64 65 64 65 66 66 67 68 67 69 68 67 67
    67 68 67 68 68 68 68 68 68 67 65 65 65 64 65 65 65 65 65 64 64 65 64
    63 64 65 66 66 65 65 66 66 66 65 65 64 65 65 64 66 67 66 65 65 66 66
    66 66 66 65 65 66 67 67 67 67 64 63 63 63 63 64 64 65 65 66 66 66 66
    65 64 64 64 65 66 65 65 63 62 61 61 60 59 58 59 59 60 59 59 59 58 59
    59 60 61 61 61 61 62 62 63 64 64 64 65 66 66 65 65 65 65 66 67 67 68
    67 67 67 66 67 66 65 64 64 65 65 65 66 65 64 64 64 64 64 62 63 62 62
    63 63 64 65 65 64 64 65 66 65 66 65 65 66 66 66 66 65 66 65 64 65 64
    64 63 63 63 62 63 63 64 63 63 63 64 64 66 66 65 66 65 65 65 66 67 66
    65 65 64 65 65 64 64 64 63 64 63 64 65 64 63 63 63 63 63 63 62 63 62
    61 60 58 58 59 58 59 59 60 59 59 61 62 61 62 62 63 64 65 65 65 65 66
    64 64 64 65 65 63 63 64 64 64 64 64 64 65 66 65 66 66 67 68 69 68 70
    69 68 68 68 69 68 68 68 68 69 69 68 68 65 65 66 64 65 65 66 65 65 65
    64 65 64 64 64 65 66 66 65 65 66 65 66 65 64 64 65 65 64 65 66 65 65
    65 65 66 65 65 65 65 65 65 66 66 66 66 64 62 62 62 61 63 63 63 63 64
    64 65 65 63 63 62 63 64 65 66 65 64 62 62 62 61 60 59 60 60 61 60 60
    60 59 60 60 61 62 62 62 61 63 63 63 64 63 64 65 66 66 65 65 64 64 65
    66 65 66 66 66 66 65 66 65 64 63 63 64 64 65 66 65 65 65 64 65 65 63
    64 63 64 65 64 66 66 66 65 65 66 67 66 67 65 66 66 67 66 66 65 66 65
    64 65 64 64 63 63 64 62 63 64 65 65 64 64 65 65 67 67 66 67 66 66 66
    66 67 66 65 65 64 65 64 64 64 63 63 63 62 64 64 63 62 61 62 62 61 62
    61 62 61 60 59 58 58 59 58 59 59 60 60 60 61 62 62 62 61 63 64 65 65
    66 66 66 65 65 65 65 66 64 63 65 65 66 64 64 64 66 65 64 65 66 66 67
    67 67 68 68 67 66 65 67 66 66 65 65 67 66 66 66 63 64 64 62 63 63 64
    64 63 63 63 64 64 64 64 66 66 66 65 64 66 65 66 65 65 64 65 65 64 65
    66 65 64 65 65 66 65 65 65 65 65 65 67 66 66 66 64 62 62 63 62 63 63
    64 64 64 64 65 65 63 63 62 63 64 64 65 64 63 62 61 61 61 60 59 59 60
    60 60 60 60 59 60 60 61 62 62 62 62 63 63 63 64 64 65 66 66 65 65 65
    64 64 65 66 66 67 67 67 67 66 67 66 65 64 64 65 65 65 66 65 64 65 64
    65 64 63 64 63 64 65 65 66 67 67 66 66 67 68 67 68 66 66 67 67 66 66
    66 66 65 64 64 64 64 63 63 63 61 62 63 64 64 64 64 64 64 66 66 65 66
    66 66 66 67 67 66 65 65 65 66 65 65 65 65 64 64 63 64 65 64 63 62 62
    63 62 62 61 62 61 60 59 58 58 58 57 58 58 59 59 59 60 62 61 62 61 62
    64 65 65 65 66 66 65 65 65 65 65 63 63 64 64 65 64 64 63 65 65 64 64
    65 65 66 67 67 68 67 67 66 66 67 65 66 65 65 66 66 66 65 63 64 64 63
    64 64 64 64 64 64 64 65 65 65 65 67 67 67 65 65 65 64 65 65 65 64 65
    65 64 65 65 64 64 64 64 66 65 65 65 65 64 65 66 66 66 65 64 63 63 63
    62 64 64 64 65 65 65 66 66 64 63 63 63 64 64 65 64 62 61 60 61 60 60
    59 59 59 60 59 60 60 59 60 60 61 62 62 63 63 63 64 64 65 65 66 67 67
    65 65 65 65 64 65 66 65 66 66 66 66 65 66 65 64 64 64 65 65 65 66 65
    65 65 64 65 65 64 65 64 64 65 65 66 66 66 66 66 67 67 67 68 67 66 67
    67 66 66 66 66 65 64 64 64 64 63 63 63 62 62 63 64 64 64 63 64 64 66
    66 66 66 65 65 65 66 66 66 64 65 64 65 65 65 65 65 63 64 62 63 63 62
    61 61 62 62 61 62 62 62 61 61 60 59 58 59 57 58 58 59 59 59 60 62 61
    61 61 62 63 64 64 65 66 67 65 65 65 66 65 64 63 64 65 65 65 64 64 65
    65 63 63 64 65 66 66 66 67 67 67 65 65 65 64 66 65 65 66 66 65 65 63
    64 64 63 64 64 65 65 64 65 64 65 66 66 66 68 68 68 66 66 66 65 66 66
    66 66 66 65 64 65 65 63 63 64 64 65 64 64 65 64 64 64 65 65 65 65 64
    63 63 64 63 65 65 65 65 65 65 66 66 64 64 63 64 65 65 65 64 63 61 61
    61 61 60 60 60 60 61 60 61 61 61 62 62 62 63 63 64 63 65 65 65 65 66
    66 67 67 66 65 64 64 64 64 65 65 65 64 65 66 64 65 64 64 63 64 64 64
    65 65 64 64 65 64 65 65 64 65 64 64 65 65 66 66 66 66 66 67 67 67 68
    66 66 66 66 66 66 66 66 65 64 65 64 64 64 63 63 62 63 64 64 64 64 64
    64 65 66 66 66 67 66 65 66 67 67 66 65 65 65 66 66 65 65 64 64 64 62
    64 64 63 63 62 63 63 62 62 61 62 61 61 60 59 59 59 58 58 58 60 59 59
    61 62 62 62 61 62 63 64 64 65 66 66 65 65 65 65 65 64 63 63 65 65 64
    65 64 66 65 64 64 65 65 66 66 66 67 67 67 65 64 65 64 66 65 65 66 66
    65 64 62 63 64 63 64 64 65 65 65 65 64 65 66 66 66 68 68 68 66 65 65
    65 66 65 65 65 65 65 64 65 64 62 62 63 63 64 63 63 64 63 62 63 65 64
    65 64 63 63 64 64 64 65 65 66 66 66 66 67 66 65 65 64 65 65 65 65 64
    63 61 61 62 61 60 60 61 61 61 61 62 61 61 62 62 62 63 64 64 63 65 65
    65 65 65 66 66 66 65 64 64 63 63 63 64 63 64 63 63 64 63 64 63 63 63
    63 63 64 64 65 65 65 66 64 66 66 65 65 64 65 65 65 66 66 66 66 65 66
    66 65 66 65 64 65 65 65 65 65 65 63 63 63 63 63 63 63 62 62 62 63 64
    64 63 63 63 64 65 66 66 66 65 65 65 66 66 66 65 65 65 66 66 66 66 65
    65 64 62 63 64 63 63 63 63 64 62 62 61 61 61 61 60 59 59 59 58 58 58
    59 58 58 60 61 60 61 61 61 63 63 63 64 65 65 64 64 64 64 64 63 62 63
    64 64 63 63 63 65 64 63 63 64 65 66 66 66 67 67 67 65 65 66 65 66 64
    64 65 65 65 64 62 63 64 63 64 64 64 64 64 65 64 65 66 67 67 69 69 69
    67 66 66 66 67 66 66 65 65 65 64 64 64 62 62 63 63 64 63 63 64 63 63
    63 64 65 65 65 64 64 65 66 65 66 66 66 67 66 67 67 66 66 65 64 65 65
    64 64 63 62 60 60 61 61 60 60 61 60 60 60 62 61 61 62 62 62 63 63 64
    63 64 64 64 64 65 66 66 65 64 63 63 63 62 63 63 62 64 63 63 64 63 64
    63 63 63 63 63 64 64 65 65 65 66 64 66 67 65 65 65 65 65 65 66 66 66
    66 66 66 66 65 67 65 65 65 65 65 65 65 65 64 63 63 63 63 62 62 62 62
    62 62 63 63 62 62 63 63 64 65 65 65 65 64 64 66 65 65 64 64 64 65 65
    65 65 64 63 63 61 62 63 63 62 62 63 63 61 61 60 60 61 60 60 58 59 59
    57 58 57 59 58 58 59 61 60 60 61 62 63 64 64 65 65 66 64 64 64 65 65
    64 63 64 65 64 63 63 63 65 64 64 64 65 66 67 67 67 68 68 68 66 66 66
    65 66 65 64 65 65 64 64 62 63 64 62 64 63 64 64 64 65 64 66 66 67 68
    69 69 69 67 66 66 65 66 66 66 65 65 64 63 64 63 62 62 62 63 64 64 64
    65 64 64 65 66 66 66 67 66 66 66 67 66 68 67 67 67 67 68 68 67 67 66
    65 65 65 64 64 62 62 60 60 61 61 60 60 60 60 60 60 62 62 62 62 63 63
    64 64 65 64 65 65 65 65 65 66 66 65 64 63 63 62 62 62 63 62 63 62 62
    63 63 63 62 62 62 62 62 62 63 64 64 64 64 63 65 66 64 64 64 65 64 65
    66 66 66 66 66 66 66 66 67 65 65 65 65 65 65 65 65 63 63 63 63 62 62
    61 61 61 61 62 62 63 62 62 63 63 65 66 66 66 66 65 65 66 66 66 65 65
    64 65 65 65 65 63 63 62 60 62 63 62 62 62 63 63 61 62 61 61 61 61 61
    59 60 60 58 58 58 59 59 58 59 61 60 59 60 61 62 63 64 65 65 66 64 65
    64 65 66 64 64 65 66 65 64 64 63 65 64 63 63 64 65 66 66 66 67 66 67
    65 65 65 64 66 64 63 64 64 63 62 61 62 63 61 62 62 63 63 64 64 63 65
    66 66 67 69 69 68 66 65 65 65 65 65 65 64 64 64 63 64 63 62 62 62 63
    65 64 64 65 64 64 65 66 66 67 67 66 66 67 67 67 68 67 67 67 67 67 68
    68 67 66 65 65 65 64 64 63 62 61 61 62 61 61 61 61 61 61 61 62 62 62
    63 63 63 65 64 66 64 65 66 65 65 65 66 66 65 64 63 63 62 62 62 63 61
    62 62 61 63 62 62 61 61 62 62 62 63 64 64 64 64 64 63 65 66 65 65 65
    65 65 65 66 66 66 65 65 65 66 66 67 65 65 64 65 65 65 64 64 63 63 63
    63 63 62 61 61 61 61 61 62 62 61 61 62 62 64 64 64 65 64 63 63 64 64
    64 63 63 63 64 64 64 63 62 62 61 62 64 65 64 64 64 65 64 63 63 62 62
    62 62 61 60 61 60 58 59 59 60 60 59 60 61 60 59 60 61 62 62 63 64 65
    66 64 64 63 64 64 63 63 63 65 65 63 63 63 65 63 62 63 64 65 65 65 65
    66 66 66 64 64 65 64 66 64 63 65 64 63 63 61 63 63 62 63 63 64 64 64
    65 64 65 66 67 68 69 69 68 66 65 65 64 65 65 65 64 64 64 62 63 62 61
    61 62 62 64 64 64 65 63 63 64 65 65 66 67 66 66 66 67 66 67 66 66 66
    66 67 67 67 66 66 65 65 65 64 64 63 62 61 61 62 62 61 61 61 61 61 61
    62 62 62 63 63 64 65 65 66 65 66 67 66 66 66 67 67 66 65 64 63 62 62
    61 63 61 63 62 61 62 62 62 60 61 61 62 62 63 63 64 63 63 63 63 64 65
    64 64 64 64 64 65 65 65 65 65 65 65 65 66 66 65 65 64 65 64 64 63 63
    62 62 62 62 62 62 61 61 60 60 61 61 61 60 60 62 62 64 64 65 64 63 63
    62 63 63 64 63 63 63 64 64 64 63 62 61 60 61 63 64 63 63 63 64 64 62
    63 62 62 62 62 62 60 60 60 58 59 59 60 60 59 60 61 60 60 60 61 61 62
    63 64 65 66 64 63 64 64 65 63 63 63 65 64 63 63 63 65 64 62 62 63 65
    65 65 65 66 66 66 64 64 65 64 65 64 63 65 64 63 62 61 63 63 62 63 63
    64 64 63 64 62 64 65 65 66 68 68 67 65 64 64 63 64 64 64 64 64 64 63
    64 63 63 62 63 64 65 64 64 66 64 64 65 66 66 67 67 67 67 67 67 66 67
    66 66 67 66 67 67 66 66 66 64 64 64 63 63 62 61 61 61 62 62 61 60 61
    61 61 61 63 63 62 63 64 64 65 65 66 65 65 66 65 65 65 66 65 65 63 62
    62 61 60 60 62 60 62 61 60 62 61 62 60 61 61 61 62 62 62 63 62 62 62
    61 62 63 63 63 63 63 63 64 64 64 64 64 65 65 65 66 67 66 65 64 65 64
    64 63 63 62 61 62 61 61 61 61 60 59 60 60 60 60 59 59 61 61 63 63 64
    64 63 62 62 62 62 62 62 63 63 64 64 63 63 61 60 60 61 62 64 63 63 63
    64 64 63 63 63 62 62 63 62 60 61 61 59 59 59 60 60 59 60 60 60 60 60
    61 61 63 63 64 65 66 64 64 64 64 65 64 64 65 66 65 64 64 63 66 64 62
    62 63 65 65 65 65 66 65 65 63 63 64 63 64 63 63 64 63 62 62 61 62 62
    61 62 62 63 63 63 64 63 64 65 66 67 68 68 67 65 64 64 63 64 64 64 64
    64 64 63 63 63 63 63 63 64 64 64 64 65 64 64 65 66 66 66 66 66 67 66
    66 66 66 66 66 66 66 66 67 67 66 66 65 65 64 63 63 62 62 61 61 61 61
    61 60 61 61 61 61 63 63 63 63 64 64 66 66 67 65 66 66 66 65 65 65 65
    64 63 62 62 61 61 61 62 61 62 62 61 62 62 63 61 62 62 62 62 63 63 63
    63 62 62 61 63 63 63 63 63 63 62 63 64 64 64 63 63 64 64 65 66 65 65
    64 64 63 63 63 63 61 61 61 61 61 61 61 60 60 60 60 61 61 60 60 62 62
    64 64 65 65 64 63 63 63 63 63 63 63 63 65 65 64 64 62 61 61 60 62 63
    63 63 63 64 64 63 63 62 62 62 62 62 60 61 61 59 59 59 60 60 59 60 61
    60 60 60 61 62 63 64 65 66 67 65 65 65 65 66 65 65 65 67 66 64 64 63
    65 64 63 62 62 64 64 63 64 65 64 64 63 62 63 63 64 62 62 62 62 61 61
    61 62 61 60 61 61 62 63 62 63 62 63 65 65 66 67 67 66 64 64 64 63 63
    64 63 63 63 63 62 62 62 62 62 62 62 63 63 63 64 63 63 64 65 65 66 65
    65 66 66 66 66 66 66 66 66 65 66 66 66 65 65 64 64 63 62 63 62 61 61
    61 62 62 62 61 62 62 62 62 63 63 64 64 64 64 66 65 66 65 65 66 65 64
    64 65 65 64 62 62 61 61 61 61 62 61 62 61 61 62 62 62 61 61 61 62 62
    62 63 63 63 62 62 62 63 64 64 63 63 63 62 63 64 63 63 62 62 62 64 64
    65 64 64 63 63 63 63 63 63 62 62 63 62 62 62 62 61 60 60 61 62 62 61
    61 62 62 64 64 65 66 65 64 64 65 64 64 64 64 64 65 64 64 64 62 61 61
    60 62 63 63 63 63 63 63 62 63 62 61 61 61 61 59 60 59 58 58 58 60 60
    59 59 60 60 59 60 61 61 63 64 65 66 67 66 65 65 65 66 66 66 66 67 66
    65 65 64 65 64 63 63 63 64 64 63 64 64 63 64 62 61 63 62 62 61 60 61
    61 60 60 60 61 60 59 60 60 61 62 62 62 62 63 64 64 65 66 66 65 64 63
    63 62 63 63 63 63 63 63 63 63 63 62 63 63 63 64 64 64 65 65 64 65 66
    66 66 66 67 67 67 67 66 66 66 66 67 66 66 67 66 65 66 65 65 64 62 63
    63 62 62 62 62 63 62 62 63 63 63 63 64 64 64 65 65 64 66 65 66 65 65
    65 64 64 63 64 64 64 63 63 62 62 62 61 62 61 61 61 61 62 62 62 60 61
    61 62 61 62 62 63 63 62 62 63 64 64 64 64 64 64 63 64 64 64 63 62 62
    62 63 64 64 64 63 63 62 62 63 62 62 61 61 62 62 62 62 61 61 60 60 61
    62 63 61 62 63 63 65 65 66 67 67 66 65 66 65 65 65 64 64 65 65 64 64
    62 61 61 61 62 63 63 62 63 63 62 62 62 61 60 60 60 59 58 59 58 57 57
    58 59 59 58 59 59 59 59 60 60 60 62 63 64 65 66 65 64 64 64 65 65 65
    65 67 66 65 65 64 65 65 64 63 63 64 64 63 63 63 63 64 62 61 62 61 62
    60 59 60 60 59 59 59 60 60 60 60 60 61 62 62 63 62 64 65 64 65 66 66
    66 64 63 63 62 64 64 64 63 64 63 63 63 63 63 63 63 63 64 64 64 65 65
    65 65 66 66 66 66 66 67 66 66 66 66 66 66 66 66 66 66 65 65 65 65 65
    64 62 63 62 61 62 61 62 62 62 61 62 63 63 62 63 63 63 64 64 64 66 66
    67 66 65 65 64 64 63 64 64 63 62 63 62 61 61 60 61 59 60 60 59 61 60
    60 59 59 60 61 60 61 62 62 62 61 62 63 64 65 64 64 65 64 64 65 65 65
    64 63 63 64 65 65 65 64 64 63 63 63 64 63 62 61 61 62 62 61 61 61 60
    60 61 61 62 62 61 61 62 62 64 65 65 66 67 66 65 65 64 64 64 63 63 64
    64 63 62 60 60 60 62 63 64 64 64 63 64 63 62 64 62 61 61 61 60 59 59
    58 57 57 58 59 60 59 60 60 59 59 60 61 60 62 63 64 66 67 66 65 64 65
    66 65 66 65 67 66 65 65 65 66 66 65 64 64 65 65 64 64 64 64 64 62 62
    63 62 62 61 60 61 60 59 60 60 61 61 61 61 61 61 62 63 63 62 63 65 64
    64 66 66 65 64 63 62 61 62 63 62 62 62 62 62 62 62 62 63 62 62 62 63
    63 64 64 64 65 65 65 66 66 66 66 66 65 65 65 65 65 65 64 64 64 64 62
    64 63 62 62 61 61 61 60 61 61 61 61 62 62 62 63 63 62 63 63 63 64 64
    64 65 65 66 65 65 64 63 63 62 63 63 63 62 62 62 61 61 60 61 59 60 60
    59 61 60 60 59 60 61 61 61 62 62 63 63 62 63 63 64 64 65 64 65 64 64
    65 66 65 64 63 63 63 65 65 65 64 64 63 63 63 64 63 62 61 61 62 62 61
    61 60 60 60 61 61 62 62 61 61 62 62 63 64 65 66 66 65 64 64 63 63 63
    63 63 64 63 63 62 60 60 60 63 63 64 64 63 64 64 64 63 64 63 62 62 63
    61 60 60 59 58 59 59 60 60 60 60 60 59 59 60 61 60 62 63 64 65 66 65
    64 64 65 65 65 65 65 67 66 65 65 64 66 65 64 63 64 64 64 64 64 64 64
    64 63 62 63 63 64 62 61 63 62 61 61 62 62 62 61 62 61 62 63 63 64 62
    63 64 63 64 65 65 64 64 63 63 62 63 63 62 62 62 63 62 62 62 62 63 63
    62 63 63 63 64 64 64 65 65 65 65 65 66 67 66 66 65 66 65 65 66 65 65
    65 64 63 64 63 63 62 60 62 61 60 61 61 61 61 61 61 62 63 63 62 62 63
    63 63 63 63 64 64 65 64 64 63 62 61 61 62 63 62 61 62 61 61 61 61 62
    60 60 60 60 61 60 61 60 61 62 62 62 63 63 63 63 62 63 63 64 64 65 64
    64 64 63 64 65 64 63 62 62 62 64 64 64 64 63 62 63 63 63 62 62 60 60
    61 61 61 60 60 59 59 60 60 61 61 61 61 61 62 63 64 65 66 66 65 64 65
    64 64 63 63 62 63 63 63 62 60 60 59 63 64 65 64 64 64 65 64 64 65 64
    63 63 63 62 61 61 60 59 59 60 61 61 60 61 60 59 59 61 61 61 62 63 64
    65 66 65 64 64 65 65 65 65 65 67 66 65 65 64 65 65 64 63 64 64 63 63
    64 63 63 64 62 61 62 62 62 61 61 62 61 60 61 61 62 61 61 61 61 62 63
    63 64 63 63 64 63 63 64 64 64 63 63 62 62 62 62 62 63 62 63 62 63 63
    62 63 63 62 62 63 63 64 65 64 64 64 65 65 66 66 67 67 66 67 66 66 65
    66 65 65 65 64 64 64 63 63 62 61 62 61 61 61 61 62 62 63 63 63 64 63
    63 63 64 64 65 64 64 65 65 66 64 64 63 62 61 61 62 63 62 61 62 61 61
    61 61 62 60 60 61 60 61 61 61 60 61 61 62 62 62 63 63 63 61 62 63 64
    64 65 64 64 64 63 64 65 64 63 62 63 63 64 64 64 64 63 62 63 63 63 63
    62 60 61 61 61 60 60 60 59 60 60 61 62 62 61 62 62 62 64 64 66 66 67
    65 64 65 64 64 64 63 63 64 63 64 62 60 60 60 64 64 65 64 64 64 64 64
    64 65 63 63 63 63 62 61 61 60 59 59 60 61 61 60 61 60 60 60 61 61 60
    62 63 63 65 66 65 65 64 65 66 66 66 65 66 65 64 65 64 64 64 64 63 63
    63 63 62 63 62 63 63 62 61 62 62 62 62 61 61 61 60 60 61 62 61 61 61
    61 62 63 63 63 62 63 63 63 63 64 64 64 63 63 62 61 62 61 61 61 61 62
    61 62 62 62 62 61 61 62 62 63 64 64 65 65 65 66 66 66 67 68 68 67 68
    67 67 67 67 66 65 66 65 64 64 64 63 62 61 62 61 60 61 61 62 61 62 62
    62 63 62 62 63 64 64 64 63 63 65 65 65 64 64 63 62 62 61 63 63 63 61
    62 62 62 62 61 62 61 61 61 61 62 61 62 60 61 61 61 61 61 62 61 62 60
    61 61 62 62 63 62 62 62 61 62 63 62 61 61 62 61 63 63 63 62 62 61 62
    62 62 62 61 60 60 60 60 60 60 59 59 59 60 60 61 62 62 62 62 62 63 64
    66 66 67 66 65 65 64 64 64 64 64 64 64 64 63 61 61 60 63 64 65 64 64
    64 64 64 64 66 64 64 64 64 63 62 63 62 61 60 61 62 61 61 61 61 60 60
    62 62 60 62 63 63 64 65 66 65 64 65 66 66 66 66 67 65 64 65 64 65 65
    65 64 64 64 63 63 63 62 63 63 63 62 63 63 63 62 61 62 62 61 61 62 62
    61 61 61 61 62 63 63 63 62 62 62 61 61 62 62 62 62 61 61 60 60 60 60
    60 60 60 60 61 62 62 63 61 61 62 62 62 64 64 64 65 64 65 65 66 66 67
    67 66 67 67 66 66 67 66 65 65 65 64 64 64 63 62 61 62 61 61 61 61 62
    62 62 62 63 64 64 63 64 65 65 64 64 64 65 65 65 64 64 63 63 61 60 62
    62 62 61 62 62 61 62 61 62 61 61 61 61 62 61 62 61 61 61 61 61 62 62
    62 62 60 61 62 63 62 63 61 61 61 61 62 63 62 61 60 61 61 62 62 61 61
    61 60 62 62 62 61 61 60 59 60 60 60 60 60 60 61 62 62 63 63 63 63 63
    63 64 65 66 67 68 67 65 65 64 64 64 63 63 64 64 63 62 60 61 60 63 63
    63 63 62 63 63 63 64 65 64 64 64 65 63 63 64 63 62 62 62 64 62 62 62
    61 60 61 62 62 61 63 63 63 64 65 66 65 65 66 67 67 67 67 67 66 65 66
    65 66 66 65 64 64 64 64 63 63 62 63 63 62 62 63 62 62 62 61 62 62 60
    61 61 61 61 60 61 61 61 62 63 62 62 62 62 60 61 62 62 62 62 62 61 61
    61 60 60 60 60 60 60 62 62 62 63 61 61 62 62 62 63 63 64 64 64 65 65
    65 65 66 66 65 66 66 65 66 67 66 66 65 65 64 64 64 63 62 61 62 62 61
    62 62 62 61 62 62 62 64 64 63 64 65 65 65 64 64 65 65 65 64 64 63 63
    62 61 61 62 62 61 61 61 60 60 60 61 61 60 61 61 62 62 62 61 62 62 61
    61 61 62 62 62 61 62 63 63 63 63 62 62 62 61 62 63 63 62 61 62 61 63
    62 62 61 61 60 61 61 61 61 60 60 60 61 61 61 60 60 60 61 62 62 64 63
    64 64 64 64 65 65 66 66 67 66 65 64 64 63 63 63 63 63 63 63 62 60 61
    60 63 64 64 64 63 64 64 64 64 65 64 64 65 65 64 63 64 63 62 62 63 64
    62 62 62 61 60 62 62 62 61 63 63 63 64 65 65 65 65 66 67 68 68 67 67
    65 65 65 65 66 66 66 65 65 65 65 64 64 63 64 64 63 63 63 63 62 62 61
    62 62 60 61 61 60 60 59 59 59 59 61 61 61 61 61 60 59 59 60 61 61 61
    61 60 60 60 59 59 59 59 60 60 61 62 63 63 61 61 61 61 62 62 63 64 64
    64 65 65 65 65 65 65 64 65 65 64 64 65 65 64 64 63 62 63 62 61 60 60
    60 60 60 60 61 61 61 62 61 62 64 63 63 63 64 64 64 63 63 65 65 64 64
    64 63 63 62 61 62 63 62 61 62 62 61 62 61 62 62 61 62 62 63 62 63 62
    62 63 62 63 62 63 62 63 61 62 62 63 62 62 61 61 61 60 61 62 62 61 60
    62 61 63 62 62 62 62 61 62 61 61 61 61 60 59 60 60 59 60 60 60 61 61
    61 63 62 63 63 64 64 65 65 66 66 67 66 64 64 63 63 63 62 62 63 62 62
    61 59 59 60 63 65 64 64 64 64 65 64 65 66 65 64 66 65 64 63 64 64 62
    62 63 63 62 62 62 61 60 62 62 62 61 63 63 63 64 65 66 65 65 66 67 67
    67 67 67 66 65 66 66 66 67 66 65 66 65 65 64 64 63 64 64 63 63 63 63
    62 62 61 61 61 59 61 60 60 59 59 58 58 58 60 60 59 59 59 59 58 58 60
    60 60 60 60 59 60 59 59 59 59 59 60 60 61 63 63 63 61 61 62 62 62 62
    64 64 64 64 65 64 65 64 64 63 63 64 63 62 62 63 63 62 62 61 60 61 62
    60 59 59 60 60 59 60 61 60 61 62 61 62 64 64 63 62 63 64 64 63 63 65
    64 64 64 63 63 63 63 61 62 62 62 61 62 62 61 62 61 62 62 62 62 62 63
    63 63 63 63 63 63 63 63 64 62 63 61 61 62 62 61 62 60 60 61 60 61 62
    61 60 59 61 60 62 62 61 61 61 60 61 60 60 60 60 60 60 60 61 60 60 60
    60 60 60 62 63 62 63 63 64 64 64 64 65 65 66 66 64 63 63 63 62 62 62
    62 62 61 60 58 59 60 65 65 65 64 64 64 65 65 65 67 65 65 66 66 65 64
    64 64 63 63 63 65 64 64 64 63 62 64 64 63 62 64 64 63 65 66 66 66 66
    66 67 67 67 67 67 66 66 66 66 67 67 67 66 67 66 65 65 65 65 65 64 64
    64 64 64 63 62 62 62 62 60 61 61 60 59 58 57 57 58 58 59 58 58 58 58
    56 56 58 58 58 59 59 59 59 60 59 59 59 59 60 60 62 63 64 63 61 61 62
    62 63 62 63 64 64 64 64 64 64 64 64 63 63 64 63 63 63 64 63 62 62 61
    60 61 62 60 59 59 60 60 59 61 60 60 60 61 61 61 63 63 63 63 64 64 64
    64 64 65 65 65 65 64 64 64 64 62 62 62 62 61 62 62 61 62 61 63 63 63
    63 63 63 63 64 64 64 64 64 64 63 64 63 63 61 62 62 62 61 62 60 60 60
    60 61 61 61 60 59 61 60 61 61 61 61 61 60 61 61 61 61 61 60 60 61 61
    60 61 61 61 61 61 62 63 62 62 63 64 63 64 64 64 65 65 65 63 62 62 62
    62 61 62 62 61 60 59 57 58 59 66 67 67 66 65 65 66 66 66 68 66 67 68
    68 66 65 65 65 63 63 64 65 64 64 64 64 62 64 64 63 62 64 64 63 64 66
    66 65 65 65 65 66 66 66 65 64 64 65 66 66 66 66 65 66 66 65 65 65 64
    65 64 64 64 64 64 63 62 62 62 61 60 60 60 59 58 58 56 57 57 58 58 57
    57 57 56 55 55 56 57 58 58 59 58 59 59 59 59 58 58 60 61 62 63 64 63
    62 61 61 62 62 62 63 64 63 64 64 63 63 63 63 62 62 63 62 62 62 63 62
    61 60 60 59 60 61 60 59 59 60 61 60 61 61 61 61 62 62 63 64 64 64 64
    65 65 65 64 64 65 65 65 64 64 63 64 64 62 62 62 62 61 62 62 61 62 61
    62 63 62 63 63 62 62 63 63 63 63 63 63 63 64 63 63 61 62 62 62 61 62
    61 61 61 60 61 62 61 60 60 61 60 61 61 61 61 62 60 61 61 60 61 61 60
    60 61 61 61 61 62 62 62 62 62 63 62 63 64 64 63 64 64 64 64 64 64 62
    61 61 61 60 60 61 61 60 59 58 57 57 58 66 67 67 67 66 66 67 67 67 68
    67 67 69 68 66 66 66 66 65 64 65 66 65 65 65 64 63 64 64 63 63 64 64
    63 63 65 65 65 64 65 65 66 66 66 65 65 65 66 67 68 68 69 67 67 67 67
    67 67 66 66 65 65 65 64 65 63 62 62 61 61 60 60 60 59 58 58 57 57 57
    58 58 57 57 57 57 56 56 57 58 59 60 60 59 60 60 60 60 59 59 60 61 62
    63 64 63 62 62 62 62 62 62 64 64 64 64 64 63 63 63 62 61 61 62 61 62
    62 63 62 61 60 60 59 60 61 61 60 60 61 61 61 61 61 61 61 63 62 63 64
    65 65 64 65 65 65 65 64 65 65 64 65 63 63 63 63 62 62 62 62 61 62 62
    62 63 62 62 63 62 63 63 63 63 64 64 64 63 63 63 63 63 62 62 61 61 62
    62 61 61 61 60 60 59 61 62 62 61 60 61 60 61 61 60 61 62 61 61 61 60
    61 61 61 61 61 61 60 61 62 62 62 62 62 63 62 63 65 65 65 65 65 65 65
    66 66 64 63 63 62 61 62 62 62 61 60 58 57 58 59 65 66 66 65 65 65 65
    66 66 68 67 67 69 68 66 67 67 67 66 65 66 67 66 66 65 65 64 65 65 64
    64 65 64 63 64 65 65 65 64 65 65 66 66 66 65 65 65 66 66 67 67 68 67
    67 67 66 66 66 65 65 64 64 63 63 62 61 61 60 60 60 59 59 58 57 57 57
    56 57 57 58 59 58 58 58 58 56 56 58 59 59 60 60 59 60 61 60 60 59 59
    60 61 62 63 64 63 62 62 62 62 62 62 63 63 63 63 63 62 62 62 62 61 61
    62 61 61 61 63 62 60 60 59 58 59 60 60 59 58 60 60 59 60 60 60 60 61
    61 62 64 64 64 64 64 65 65 65 64 65 66 64 65 64 63 63 63 61 61 61 61
    61 62 62 62 63 62 63 63 62 63 63 63 63 64 64 64 64 63 63 63 63 61 62
    61 62 62 62 61 61 61 60 60 59 61 62 61 60 60 61 60 61 61 60 60 61 61
    61 61 60 62 61 60 60 61 60 60 61 61 61 61 62 62 63 63 64 65 64 65 65
    65 64 65 66 65 64 63 63 62 61 61 62 61 60 59 58 56 58 59 66 67 66 66
    65 65 65 66 66 68 67 67 68 67 66 66 66 66 65 65 65 67 66 66 66 65 64
    65 66 65 65 65 66 65 65 66 66 66 65 65 65 66 67 66 66 65 65 66 66 66
    67 67 66 66 67 66 66 66 65 64 64 64 63 62 62 61 61 60 60 60 59 59 58
    57 57 57 56 56 57 58 58 57 58 58 57 56 57 58 59 60 60 61 60 61 61 61
    61 60 60 61 61 62 64 63 63 62 62 62 62 63 62 63 63 63 63 63 62 61 61
    60 60 60 61 60 60 60 61 61 60 60 59 58 59 60 60 59 60 62 61 61 61 61
    61 61 62 62 63 65 65 65 64 65 65 66 65 65 66 66 65 65 64 63 64 64 63
    63 63 63 63 64 64 64 65 64 64 65 64 65 65 65 65 66 66 66 65 65 64 64
    64 63 63 62 63 64 64 62 62 61 60 60 60 61 62 61 61 60 62 60 61 60 60
    60 62 61 61 61 61 62 62 61 61 61 61 61 62 62 62 63 62 63 63 63 64 65
    65 65 65 65 64 65 66 65 63 63 63 62 62 62 63 62 61 61 59 58 59 60 65
    66 65 65 64 64 65 65 65 66 66 66 67 66 65 65 65 65 64 64 65 66 65 65
    65 64 64 65 66 65 65 66 66 66 66 67 67 67 66 67 67 67 67 66 66 65 65
    66 66 66 66 67 66 66 66 66 66 66 64 64 64 64 64 63 63 62 61 61 61 60
    59 58 58 56 56 57 56 56 56 57 58 57 57 57 57 56 56 57 58 59 60 61 60
    61 62 61 61 60 60 61 61 62 63 63 63 61 62 62 62 62 61 63 63 63 63 63
    63 62 62 61 60 60 61 61 61 60 62 61 60 59 58 58 58 59 59 59 60 61 61
    60 60 60 60 60 62 61 62 64 64 64 64 64 64 64 64 63 65 65 63 64 63 62
    63 63 62 62 63 62 63 63 63 63 64 63 63 64 64 65 65 65 65 65 65 65 64
    64 64 64 65 63 64 63 64 64 64 62 61 61 60 60 59 61 61 60 60 60 61 60
    61 59 60 60 62 61 61 62 61 63 62 63 63 63 63 62 63 64 64 63 63 64 64
    64 64 65 65 65 65 64 64 64 65 64 62 62 62 62 62 62 63 62 61 60 59 58
    59 59 65 65 65 64 63 63 63 64 63 64 63 63 65 64 63 63 64 64 63 63 64
    65 64 64 64 64 64 65 65 64 64 65 66 65 65 65 66 66 66 67 67 67 68 67
    66 66 66 67 67 67 67 67 66 67 67 66 66 66 65 64 64 64 63 62 62 61 61
    61 61 61 59 58 57 56 56 57 56 56 56 57 58 57 57 58 57 56 57 58 59 60
    61 62 61 62 63 62 62 61 61 61 61 62 63 63 63 61 62 62 61 62 61 62 63
    63 63 63 62 62 62 61 60 60 61 61 61 61 62 62 60 59 58 58 58 59 59 59
    60 61 61 60 60 60 60 60 61 60 61 63 63 63 63 63 63 63 63 63 64 64 63
    64 63 62 64 63 62 62 62 62 62 63 63 63 64 63 63 64 64 65 65 65 65 66
    66 66 65 64 64 64 65 64 64 64 65 64 63 62 61 61 60 60 60 61 62 62 62
    61 62 61 61 60 60 60 62 61 61 62 61 62 62 62 62 62 62 62 63 64 64 64
    64 64 65 65 65 66 66 66 65 64 64 64 64 63 61 61 61 61 60 61 61 61 60
    60 59 57 58 59 66 67 65 64 63 64 64 65 64 65 64 64 66 65 64 64 64 64
    64 64 65 66 64 65 65 64 64 65 65 64 65 65 65 64 65 65 66 65 65 66 65
    65 66 66 65 65 65 65 65 66 65 66 65 66 66 66 66 65 64 64 63 63 63 62
    62 62 61 61 61 60 59 58 57 56 56 57 55 56 56 57 58 57 58 58 58 57 58
    59 61 61 61 63 62 63 64 64 63 63 63 63 62 63 63 63 63 61 62 62 61 62
    61 62 62 62 62 62 61 61 61 60 59 59 61 60 61 60 61 61 59 59 58 58 58
    59 59 59 60 61 60 59 60 60 59 60 61 60 61 62 62 63 62 63 63 64 63 63
    65 65 64 65 63 64 65 64 63 63 63 62 62 62 63 62 63 62 63 64 63 64 63
    64 63 65 66 65 65 64 64 64 64 63 64 63 64 64 63 62 61 61 60 60 60 61
    63 62 63 63 64 63 62 61 61 61 63 62 62 63 62 63 63 63 63 62 63 63 63
    65 65 65 64 65 66 65 65 66 66 66 65 64 64 63 63 62 60 60 60 60 60 60
    61 61 60 60 58 58 58 59 66 67 66 64 63 63 64 64 64 64 64 64 66 65 64
    64 64 64 64 64 65 66 65 65 65 65 65 66 66 65 66 66 66 65 65 66 67 67
    66 67 66 66 67 67 66 66 66 66 66 67 66 66 65 66 66 66 66 66 65 64 64
    64 63 62 62 61 60 61 61 60 60 58 57 56 56 57 56 56 56 57 58 57 59 59
    59 58 59 60 62 62 62 63 63 64 64 64 63 62 62 62 61 62 62 62 62 60 61
    61 61 61 61 62 62 62 63 63 62 62 62 61 60 60 61 61 62 61 62 62 60 59
    59 59 59 60 60 60 60 61 61 60 60 60 60 60 61 61 62 63 63 63 63 64 64
    64 63 63 65 64 64 64 63 64 65 64 64 63 63 63 63 63 64 64 64 63 64 65
    65 65 65 66 66 67 67 66 66 65 65 64 65 64 65 64 64 64 63 62 61 61 59
    60 59 61 62 62 62 62 62 61 61 60 60 60 62 61 61 62 62 63 63 63 64 64
    64 64 65 66 66 66 65 66 66 66 66 66 67 66 65 64 63 63 63 62 60 60 61
    61 60 61 62 62 61 61 59 59 59 60 64 65 64 62 61 61 62 63 63 63 63 64
    66 65 64 65 65 65 64 64 65 67 66 66 66 66 65 67 67 66 66 66 66 65 65
    66 66 66 66 66 66 65 66 66 65 65 65 66 65 66 66 65 65 65 66 65 66 66
    65 65 64 65 64 63 62 61 60 61 61 61 60 58 58 56 57 57 56 55 56 57 58
    58 59 60 59 59 60 60 61 62 62 64 63 64 65 64 63 63 63 62 62 63 64 63
    63 62 62 63 62 62 62 63 64 63 64 64 63 63 62 61 61 61 63 63 63 63 63
    63 61 61 61 61 60 61 61 61 61 62 62 61 61 60 60 60 61 60 62 63 63 64
    63 64 64 65 64 64 66 65 64 65 64 65 66 65 64 64 64 64 63 64 63 64 65
    64 65 66 65 66 65 67 67 68 67 67 66 65 66 65 66 65 65 65 65 64 64 63
    61 61 59 60 59 60 62 61 62 62 62 61 61 61 61 61 62 62 62 64 64 65 65
    65 65 65 65 65 66 67 67 66 66 67 67 66 66 66 67 66 65 64 63 63 63 62
    60 60 61 61 60 60 61 61 60 60 59 59 59 60 64 65 64 63 61 62 63 63 63
    63 63 64 65 64 64 64 64 65 64 64 66 67 66 66 66 66 66 67 67 67 67 67
    67 66 66 66 66 66 65 65 65 64 65 65 64 64 64 64 65 65 65 65 65 66 66
    65 66 65 65 65 64 64 63 62 61 60 58 59 59 59 59 57 56 55 56 56 55 55
    56 56 58 57 59 60 60 59 60 60 61 62 62 63 62 63 64 64 63 62 62 62 62
    63 64 64 63 62 63 64 63 64 64 65 65 65 65 65 64 64 63 62 62 62 63 63
    64 64 63 63 62 61 61 61 61 62 62 61 62 62 63 61 61 60 60 61 61 60 62
    63 63 64 64 64 64 65 65 65 66 66 65 66 64 65 66 66 65 64 65 64 64 64
    63 63 64 63 64 65 65 65 65 66 66 66 66 65 64 64 64 64 65 64 65 65 64
    64 64 62 62 62 60 61 60 61 62 62 63 63 63 62 62 61 62 62 63 63 62 64
    64 66 66 66 66 66 66 66 67 68 69 68 68 69 69 68 68 68 68 67 67 65 64
    63 63 62 60 60 60 60 60 60 61 61 60 59 59 58 59 59 66 66 66 64 63 63
    64 64 64 64 63 64 65 64 64 64 64 65 64 64 65 67 66 66 66 67 67 69 69
    68 68 68 67 66 66 65 66 66 65 65 64 64 64 65 63 63 63 63 63 65 64 65
    65 66 66 66 67 66 66 66 65 65 64 63 63 62 60 60 60 60 60 58 58 56 57
    57 56 56 56 57 59 58 60 61 61 60 61 61 63 63 63 64 63 65 65 65 63 63
    63 62 62 63 64 64 63 62 63 64 63 64 63 64 64 65 65 65 64 64 63 61 61
    61 62 63 64 63 63 63 61 60 60 60 61 62 62 62 62 63 64 62 61 61 60 61
    61 60 63 63 63 64 64 65 64 65 65 64 66 66 65 65 64 65 66 66 65 64 64
    63 63 63 63 64 64 63 64 65 65 66 65 66 66 67 67 66 66 65 66 65 65 65
    65 66 66 65 65 63 62 63 61 62 61 62 62 62 63 63 63 62 62 61 61 61 62
    62 62 64 63 65 65 65 66 66 66 66 66 68 68 68 67 68 68 67 67 67 67 67
    66 64 63 62 62 61 59 59 59 59 59 59 61 60 59 58 58 57 58 58 65 66 65
    64 62 63 64 65 64 64 64 64 65 65 64 64 64 65 64 64 65 66 66 66 65 66
    66 68 68 67 68 67 67 66 65 65 65 65 65 64 63 63 64 64 63 63 63 63 64
    65 65 65 66 66 66 65 66 66 66 65 65 64 64 63 62 61 59 59 60 59 59 58
    58 57 57 57 56 56 56 57 58 58 60 61 61 60 61 61 63 63 63 64 64 65 66
    65 64 64 63 63 63 63 65 64 64 63 64 64 63 64 64 65 65 65 65 65 65 64
    63 61 61 61 62 63 64 63 63 62 61 60 60 61 61 62 62 63 63 64 64 62 61
    61 61 61 61 60 62 63 63 64 64 64 63 65 64 64 65 65 64 64 63 64 65 65
    65 64 63 63 62 63 63 63 64 64 64 65 65 66 66 67 67 67 67 67 67 66 67
    65 66 65 66 66 66 65 65 64 63 64 62 63 61 62 62 62 63 63 63 63 62 61
    62 62 63 63 63 65 64 65 66 66 67 67 67 67 67 68 68 68 67 67 68 66 66
    66 67 66 65 64 62 62 62 61 59 59 60 60 60 60 61 60 59 59 58 58 59 59
    64 65 65 64 62 62 64 64 64 63 63 64 65 64 64 64 64 65 64 64 65 66 66
    66 65 66 66 68 67 67 68 67 66 66 65 64 64 64 64 63 62 62 62 63 61 62
    62 63 63 64 64 65 66 66 66 66 67 66 66 65 65 64 64 63 62 62 59 60 60
    59 59 58 58 57 58 58 57 57 58 59 60 60 62 63 63 62 64 63 65 65 65 66
    65 67 67 67 66 65 65 64 64 64 65 65 64 64 64 64 64 65 64 66 65 65 65
    66 65 65 64 63 63 62 63 64 65 64 64 63 62 61 61 61 61 62 62 62 62 64
    64 62 61 60 60 60 61 60 62 62 62 63 62 63 62 64 63 63 64 64 63 63 63
    64 65 64 65 64 63 63 62 64 63 64 64 64 64 66 67 67 67 67 67 67 67 67
    66 66 66 65 65 65 66 66 66 65 64 63 63 64 62 63 62 62 62 62 63 62 62
    62 62 61 62 62 63 63 63 64 64 65 65 66 67 67 67 67 67 68 68 67 66 67
    67 65 66 66 66 66 64 63 61 61 61 60 58 58 59 59 59 59 61 60 59 59 58
    58 58 59 64 65 64 64 62 63 64 65 64 63 62 63 64 63 62 63 63 64 64 63
    64 65 65 65 65 66 66 68 68 67 68 67 67 67 65 64 65 65 64 63 62 62 63
    63 62 63 63 63 63 64 64 65 66 66 66 65 66 66 66 65 64 64 63 62 62 62
    59 60 61 60 60 59 59 58 59 59 58 58 59 60 61 61 62 63 63 62 63 63 64
    64 64 65 64 66 67 66 65 65 64 64 64 64 65 65 65 64 65 65 65 66 65 66
    66 66 66 67 66 66 65 64 65 64 65 65 66 65 64 63 62 61 61 62 61 62 62
    63 63 64 64 62 61 60 61 61 61 61 63 63 63 64 63 64 62 64 62 62 64 63
    63 63 63 64 65 64 64 63 63 63 62 64 64 64 65 65 65 66 67 67 66 66 66
    67 66 66 65 65 65 64 64 64 65 65 64 63 63 62 62 63 61 62 61 61 62 61
    62 62 62 61 61 60 61 61 62 62 62 64 63 64 65 66 66 67 67 66 66 68 67
    67 66 66 66 64 65 65 65 65 64 63 61 61 61 60 59 59 60 60 60 60 62 61
    60 59 58 58 59 60 64 65 65 65 63 63 64 65 64 63 62 63 64 62 62 62 62
    63 63 63 64 65 65 64 64 65 66 68 68 67 68 67 67 66 65 64 64 64 64 62
    62 61 62 62 61 62 62 62 61 63 63 63 64 65 66 65 66 66 66 65 64 64 63
    63 62 62 60 61 61 61 61 59 60 59 59 60 59 59 60 61 62 63 64 65 64 64
    64 64 66 65 65 66 66 67 67 67 65 65 65 65 65 64 65 64 64 64 65 64 64
    65 64 65 65 65 65 65 65 65 65 64 64 63 64 65 66 65 65 64 63 62 62 63
    63 63 63 64 64 65 65 63 63 61 62 62 62 61 64 63 63 64 63 65 63 64 63
    62 64 63 63 63 62 63 64 63 64 63 63 63 62 63 63 63 64 64 64 65 66 66
    66 66 66 66 65 65 64 64 64 63 64 64 64 65 64 63 63 63 63 63 61 63 62
    62 62 62 63 62 62 62 61 61 61 61 62 62 63 64 64 65 66 67 67 68 67 67
    67 68 68 67 67 67 67 65 65 65 66 65 64 63 61 61 61 60 59 60 60 60 61
    61 62 61 60 60 59 59 60 60 64 65 65 64 63 63 64 65 64 63 63 63 64 62
    62 62 62 63 63 63 64 65 65 64 64 65 66 67 68 68 69 68 68 67 67 65 66
    65 64 63 63 62 63 63 61 61 60 61 60 62 62 62 63 63 65 64 65 65 65 64
    64 64 64 63 62 63 61 62 62 62 62 60 61 60 60 61 60 60 62 62 64 65 66
    66 65 65 65 65 66 66 66 66 66 67 67 67 65 65 65 64 65 65 65 65 65 65
    65 65 65 66 65 66 66 66 66 66 66 66 65 64 65 64 65 66 67 66 66 65 64
    63 63 63 63 63 63 64 64 65 65 63 62 61 62 62 62 62 63 63 63 64 64 65
    64 65 64 64 65 65 64 64 63 64 65 64 65 64 64 64 63 64 63 64 65 65 65
    66 66 67 66 66 66 66 65 65 64 63 63 63 63 63 63 64 63 62 62 62 61 62
    60 61 61 61 62 62 62 61 62 62 61 60 61 61 62 62 63 65 64 65 66 67 68
    68 68 68 68 69 69 68 68 68 68 66 66 66 67 66 65 64 62 61 62 61 60 60
    61 60 61 61 63 62 61 61 61 60 61 61 64 65 65 64 62 62 63 63 63 62 62
    62 62 61 60 60 60 61 62 62 62 63 63 63 63 63 64 66 66 66 67 67 67 66
    66 64 64 64 64 63 63 62 62 62 61 61 60 60 59 61 61 61 62 62 63 63 64
    64 63 63 63 63 63 63 62 62 61 61 62 62 62 61 62 61 61 62 62 62 63 64
    65 66 67 68 66 66 67 66 67 66 66 67 66 67 67 66 64 64 64 63 64 64 65
    64 65 65 65 65 65 65 65 66 65 66 66 66 66 66 65 64 64 63 64 65 66 65
    65 64 63 62 63 63 63 63 63 64 64 65 65 63 63 62 62 63 63 62 64 63 63
    64 63 65 63 64 63 63 65 65 64 64 63 64 65 64 66 65 65 65 64 65 64 65
    65 65 65 66 66 66 65 65 65 65 64 63 63 62 63 62 62 62 62 63 63 62 62
    62 61 62 61 62 62 62 63 62 63 62 62 62 61 62 62 62 62 62 62 64 64 65
    66 67 67 68 68 67 67 68 68 67 67 67 68 66 66 66 67 66 65 63 62 61 62
    61 60 61 61 60 61 61 63 62 61 61 61 60 61 61 65 66 65 65 63 63 63 64
    64 62 62 62 62 61 61 61 61 62 62 62 63 63 63 63 63 63 64 66 66 66 67
    67 66 65 65 63 64 64 64 63 63 62 63 63 61 61 60 60 59 61 62 62 63 63
    64 63 63 63 63 63 63 63 63 63 62 62 61 62 63 63 63 61 62 62 63 63 63
    63 64 65 66 67 68 68 67 67 67 67 68 68 67 67 66 67 67 66 65 65 65 64
    64 64 65 64 65 64 64 64 65 65 65 65 65 65 65 65 66 66 65 64 64 63 64
    65 66 65 65 64 64 63 63 64 64 64 64 65 65 66 66 64 64 63 63 64 64 62
    64 64 64 64 63 65 63 64 63 63 64 64 63 64 63 64 65 64 65 64 64 65 63
    64 64 65 65 65 65 66 66 66 66 66 66 66 65 64 64 63 63 63 63 63 62 63
    63 62 62 62 61 62 60 61 61 61 62 61 61 61 61 62 61 61 61 61 61 62 62
    64 64 64 65 66 67 68 68 67 66 67 67 67 67 67 67 66 65 65 66 65 64 63
    61 61 62 61 60 61 60 60 61 62 63 63 62 62 62 61 62 63 65 66 65 65 63
    63 63 64 64 62 62 62 62 61 60 61 60 61 62 62 62 63 63 63 62 63 64 65
    65 66 66 66 66 65 65 63 63 63 63 62 62 61 61 62 60 60 59 59 58 59 59
    59 60 61 61 60 61 61 61 61 61 61 61 62 61 61 60 61 62 62 62 61 62 62
    63 63 63 63 64 65 66 67 68 68 67 66 66 65 66 66 66 66 65 66 66 65 63
    64 64 63 63 64 64 63 65 64 64 64 65 65 64 65 65 65 66 66 66 67 66 65
    66 64 65 66 67 66 65 65 65 64 64 65 64 65 64 65 65 66 66 64 63 62 63
    64 63 61 63 63 62 63 62 64 63 63 62 62 64 63 63 63 62 63 64 63 64 63
    64 64 63 63 63 64 64 65 65 66 66 66 66 66 66 66 65 64 64 63 64 64 63
    63 63 63 63 62 62 62 61 61 60 61 61 60 61 60 61 61 61 62 61 61 61 61
    61 61 62 63 63 64 65 66 66 67 67 67 66 66 66 67 67 67 67 66 65 65 65
    64 63 63 61 61 62 61 60 61 61 61 62 62 64 63 63 63 63 63 63 64 65 66
    66 66 64 63 64 65 64 63 63 63 62 62 61 60 60 61 62 61 62 62 62 62 62
    63 63 65 65 65 66 65 65 65 64 63 63 63 63 62 61 60 60 61 59 59 58 58
    58 59 59 60 61 62 62 62 62 63 63 63 63 63 63 64 62 63 61 62 63 63 63
    62 62 62 63 63 63 62 63 64 65 66 67 67 66 65 66 65 66 66 66 66 65 66
    66 65 64 64 64 63 64 64 64 63 65 64 64 64 65 65 65 66 66 66 66 67 67
    68 67 66 67 65 66 67 68 66 66 66 65 65 65 66 65 66 65 66 66 66 67 65
    64 63 64 65 64 62 64 63 63 63 63 64 63 64 63 63 64 64 64 64 63 64 65
    64 65 64 66 65 63 63 63 63 63 64 64 66 66 66 65 65 65 65 64 63 63 63
    64 64 64 65 64 64 64 62 63 63 62 62 61 62 62 61 62 62 62 62 62 62 61
    61 61 61 61 61 62 63 63 63 65 65 66 67 67 66 66 67 67 67 67 68 68 66
    65 65 65 65 64 63 62 61 62 61 61 61 61 61 62 62 64 64 64 64 64 64 64
    64 66 66 66 66 64 64 65 65 64 63 62 63 62 61 60 60 61 61 62 62 62 62
    62 61 61 62 63 65 65 65 65 65 64 64 63 62 62 62 62 61 61 60 60 60 59
    59 58 59 58 60 60 60 61 62 62 62 63 63 63 63 64 64 63 64 62 62 61 62
    64 63 63 63 63 63 64 64 64 63 64 65 66 67 68 68 67 66 66 66 67 67 66
    66 65 66 66 65 64 64 64 63 63 63 64 63 64 64 64 64 65 64 65 66 66 66
    66 67 67 69 68 68 68 67 67 69 69 68 68 67 66 66 66 67 66 66 65 66 66
    66 66 64 64 62 63 64 64 62 64 63 63 62 62 64 63 63 62 62 64 64 63 63
    62 63 64 63 64 63 64 64 62 61 61 62 62 63 63 64 64 64 64 64 64 64 64
    62 62 62 64 64 64 65 64 64 64 62 63 63 63 63 62 62 62 62 63 62 62 62
    62 62 61 61 61 61 60 60 61 63 63 63 64 64 65 66 67 66 65 66 66 66 66
    67 68 66 65 64 65 64 63 63 61 61 62 61 61 61 61 61 61 62 63 63 63 63
    63 63 63 64 66 66 66 67 65 65 65 66 65 64 63 64 63 63 61 62 62 63 64
    63 63 63 64 62 63 64 64 66 65 65 65 65 64 64 63 61 62 61 61 61 61 60
    60 61 59 60 59 60 59 61 61 61 63 63 64 63 63 64 64 64 64 63 63 64 63
    63 62 63 64 64 64 64 64 64 65 65 65 64 65 66 66 67 68 68 67 66 66 66
    66 66 66 66 65 66 66 65 64 65 64 64 64 64 65 64 66 65 65 65 66 66 66
    67 67 67 67 67 67 68 68 67 68 66 66 68 68 67 67 67 67 66 67 68 67 67
    66 67 67 67 67 66 64 63 64 65 65 63 64 63 62 63 62 64 63 63 62 63 64
    64 63 63 62 63 64 63 64 64 65 64 62 62 62 62 62 63 63 64 64 64 64 63
    64 64 63 62 61 61 62 62 62 63 63 62 62 61 62 62 62 62 61 61 62 61 63
    62 62 62 62 63 62 62 61 61 61 61 62 64 63 63 65 65 66 66 66 65 64 65
    65 66 66 66 66 65 64 63 64 64 63 62 61 61 61 61 61 62 62 61 61 61 63
    62 63 63 63 62 63 64 67 68 68 68 67 66 67 67 66 65 65 66 65 65 63 64
    64 64 65 64 64 64 64 63 63 64 63 65 64 64 64 64 63 63 62 61 61 60 61
    60 61 60 60 61 59 60 59 60 59 61 61 61 62 63 64 63 63 63 64 65 65 64
    64 65 63 64 62 63 65 64 64 64 65 66 66 66 66 65 66 66 66 68 69 69 67
    67 67 66 67 66 66 66 65 65 66 65 64 65 65 64 64 65 65 64 66 66 66 66
    67 66 66 67 68 67 67 67 67 68 68 68 69 67 67 68 69 67 67 67 67 67 68
    69 68 69 68 68 68 69 68 66 66 64 66 66 66 64 65 64 63 63 62 64 63 64
    63 63 65 65 64 64 63 63 64 63 64 64 65 65 63 63 62 62 61 62 62 64 63
    63 63 62 63 62 62 61 61 61 62 62 62 63 63 63 62 61 62 63 62 62 61 62
    61 60 62 61 61 62 62 62 61 61 61 61 60 60 61 63 63 63 64 65 65 66 66
    65 64 65 65 65 66 67 67 65 65 64 64 64 64 63 62 62 62 62 62 63 63 62
    62 63 64 63 63 63 63 63 63 64 67 67 67 67 66 66 66 67 66 66 65 66 66
    65 64 64 64 64 65 65 64 64 64 63 63 64 63 65 64 64 64 63 63 62 62 60
    60 60 60 60 60 59 59 60 59 59 60 60 59 61 61 61 63 64 64 63 63 63 64
    65 66 65 65 65 64 65 64 65 66 66 66 65 67 67 67 68 67 65 67 67 67 68
    69 68 67 66 66 65 66 65 65 65 64 65 65 64 63 63 64 63 64 64 65 64 66
    66 66 66 67 66 66 67 68 67 67 68 68 69 69 68 69 67 67 68 68 67 67 67
    68 67 68 69 68 68 67 68 68 68 68 67 66 65 66 67 66 64 65 64 64 64 64
    65 63 64 64 64 65 66 65 64 63 63 65 64 65 65 66 66 64 64 63 63 63 63
    63 65 65 65 65 64 64 63 63 62 62 62 63 63 63 64 64 64 63 62 63 63 63
    62 61 62 62 61 62 61 61 61 60 61 60 60 60 59 59 59 60 61 61 62 63 63
    64 64 64 64 63 64 64 64 65 65 66 64 64 63 63 63 62 62 62 62 63 62 63
    63 63 63 63 63 65 64 64 64 65 64 64 65 67 67 67 68 66 66 66 67 66 66
    65 66 66 65 64 64 64 65 66 66 65 65 64 63 63 64 63 65 64 63 63 63 62
    62 61 59 59 59 59 59 59 59 59 59 59 59 59 60 59 60 61 61 63 63 64 62
    63 63 64 65 66 65 65 66 65 66 65 66 67 67 66 66 67 67 67 67 66 65 66
    66 66 67 67 67 66 65 65 65 65 64 65 64 64 64 65 64 64 64 64 64 65 65
    66 64 66 38 7 18 77 88 18 73 112 80 34 36 79 78 94 69 37 29 19 81 48
    77 54 41 0 126 57 55 54 105 20 59 84 10 120 79 108 23 70 93 84 65
    113 39 31 36 75 37 38 19 108 67 5 116 41 73 17 14 111 92 99 51 9 114
    53 63 63 62 62 63 63 64 64 64 64 63 63 62 61 61 61 61 62 62 62 63 63
    63 62 61 61 61 61 61 60 61 61 60 60 60 60 60 60 60 59 59 60 60 60 59
    61 61 61 61 63 63 64 64 63 63 62 63 62 63 63 64 64 62 62 62 62 62 61
    62 61 61 62 61 62 63 63 62 62 63 64 64 64 64 64 63 63 64 68 68 67 68
    67 66 67 67 66 66 65 66 66 65 63 64 64 64 65 65 64 64 64 63 63 64 63
    65 64 63 63 63 63 62 61 59 60 59 60 60 60 60 60 60 60 61 61 61 60 61
    62 62 63 64 64 63 63 64 65 65 66 65 65 66 65 66 65 66 67 67 66 66 67
    67 67 67 66 65 66 66 66 67 67 66 65 65 65 64 65 64 64 64 63 64 65 64
    64 64 63 63 64 64 65 63 66 97 2 18 22 112 72 11 85 70 14 29 56 23 84
    42 47 18 62 117 55 117 63 101 19 34 10 67 52 58 32 86 121 126 50 67
    98 120 76 83 119 76 4 118 113 100 113 98 6 30 7 6 39 51 89 70 2 24
    99 66 77 65 51 89 40 22 63 62 62 63 62 64 64 64 64 63 62 62 61 61 60
    60 61 62 62 62 62 62 61 60 60 59 59 59 59 60 59 59 60 59 59 60 59 60
    58 59 59 59 59 58 59 60 59 59 61 61 62 62 62 61 61 62 61 62 62 63 63
    62 61 61 62 62 62 62 61 61 62 61 62 62 62 62 63 64 65 65 65 65 65 63
    63 64 68 68 67 69 67 67 67 67 66 66 66 66 66 65 63 64 64 64 65 65 64
    63 63 62 62 63 63 64 63 62 63 63 63 62 61 60 60 60 61 61 62 62 62 62
    61 62 62 63 62 63 63 63 64 65 65 64 64 64 65 66 67 66 66 67 66 67 66
    67 68 68 67 67 68 68 67 67 66 65 66 66 66 67 67 66 66 65 65 65 66 65
    65 65 65 65 66 64 64 64 64 64 65 64 64 63 65 47 38 64 73 53 78 1 103
    79 81 95 106 54 30 122 114 1 116 58 43 120 94 7 108 82 26 106 109 37
    65 117 119 47 87 124 3 90 18 72 74 31 40 17 43 27 119 47 83 33 46
    110 56 9 41 36 73 78 29 10 45 32 38 48 6 42 62 62 61 63 62 64 64 64
    64 63 63 63 62 61 61 61 62 62 63 63 63 62 61 59 60 59 59 59 59 59 59
    58 60 59 59 60 59 60 59 59 59 59 59 58 59 59 59 59 61 61 62 61 61 60
    59 60 60 61 61 62 62 61 61 61 61 61 61 61 61 61 62 61 62 63 63 62 63
    64 65 64 65 65 65 63 64 65 65 66 65 67 65 64 65 64 64 64 64 64 65 64
    61 62 62 63 63 64 62 62 62 61 61 62 62 63 62 61 61 62 62 61 61 60 60
    60 61 61 62 62 62 62 61 63 63 63 63 63 63 63 64 64 64 64 63 63 64 65
    66 65 65 66 65 66 66 67 68 68 68 68 68 68 68 68 67 66 67 66 66 67 67
    66 65 65 64 64 65 65 65 65 65 65 65 64 64 64 64 64 65 64 64 63 65 83
    53 59 25 4 107 52 99 65 81 98 115 2 94 75 48 110 94 47 65 111 4 24
    44 3 115 123 125 99 13 34 82 82 116 13 13 84 25 12 108 33 89 21 20
    76 92 96 122 82 38 34 117 44 96 55 115 93 124 114 70 124 4 100 127
    18 63 62 62 63 63 64 64 64 63 62 62 62 61 60 60 60 61 61 62 63 62 61
    60 59 59 59 60 59 59 60 60 59 60 60 60 60 60 60 59 60 60 60 60 59 60
    60 60 60 62 62 62 62 61 61 60 61 60 61 61 62 62 62 61 61 61 62 62 61
    61 62 62 62 63 64 64 64 64 65 65 66 66 66 66 65 65 66 65 66 66 67 66
    65 65 65 64 64 64 64 64 63 62 62 63 63 64 64 63 62 63 62 62 62 62 63
    62 62 61 62 61 61 61 59 60 59 60 61 62 62 62 61 62 63 62 63 63 63 63
    63 63 64 64 64 63 63 63 65 66 65 65 66 65 66 66 67 68 69 69 68 68 68
    68 68 67 66 67 67 67 68 68 66 66 66 65 65 65 66 66 66 65 66 66 65 65
    65 65 65 66 65 65 64 66 63 93 51 1 83 83 112 122 42 105 51 40 21 76
    90 120 108 16 107 114 54 96 113 127 83 85 14 100 89 35 44 83 100 38
    119 74 85 56 21 64 87 70 11 84 47 34 77 118 68 67 2 12 88 62 47 107
    31 61 62 29 105 4 112 81 36 63 62 62 63 63 65 64 64 63 62 62 61 61
    59 59 59 61 61 62 63 61 61 59 59 60 59 60 60 60 60 61 60 61 61 60 61
    60 60 60 60 60 61 60 59 59 60 59 59 61 61 61 61 60 60 60 60 60 60 61
    62 63 62 61 62 62 62 62 62 62 63 63 62 64 64 65 64 64 65 65 65 66 66
    66 65 65 65 65 66 65 67 65 64 65 64 64 63 64 63 64 63 61 61 62 62 63
    63 61 61 61 60 61 61 61 62 61 61 61 61 61 61 61 60 60 60 61 62 62 62
    63 62 62 63 63 63 63 63 63 62 62 63 63 63 63 63 63 64 66 65 65 66 65
    66 66 67 68 69 68 68 68 67 68 68 67 65 66 65 66 66 67 65 65 65 64 64
    65 65 65 65 65 65 66 65 65 65 65 65 66 65 65 64 66 44 113 95 120 78
    80 73 110 110 48 88 39 35 16 82 61 12 36 82 36 5 64 71 63 52 78 26
    68 66 122 105 54 95 123 0 5 118 82 96 49 127 42 12 4 120 112 57 47
    24 54 45 0 76 64 25 17 94 90 54 103 0 106 21 7 86 63 62 62 63 62 64
    63 63 63 62 62 62 62 61 61 60 62 62 63 63 62 62 60 60 61 61 61 61 61
    61 61 60 62 62 61 61 61 61 61 61 60 61 60 59 59 60 60 60 61 61 62 62
    61 61 61 61 61 61 62 63 64 63 62 62 62 63 63 63 63 64 64 63 65 65 66
    65 65 65 66 65 66 66 66 65 65 66 65 65 65 66 65 64 64 64 63 63 64 64
    64 63 62 62 63 63 63 63 61 61 61 61 61 61 61 62 61 60 61 61 61 60 60
    59 60 60 61 61 62 62 63 62 62 63 63 63 63 63 63 63 63 64 64 64 63 63
    63 64 66 65 65 67 66 66 66 67 68 68 68 67 67 68 68 68 67 66 66 65 65
    66 66 64 64 65 64 64 64 65 65 64 64 65 65 64 65 64 64 64 66 65 65 64
    66 125 59 114 18 18 43 9 103 107 44 118 91 37 3 60 95 114 64 0 23
    110 114 4 71 49 41 30 110 9 74 85 120 117 123 118 59 122 42 127 5 94
    36 53 112 94 84 81 72 127 101 63 11 102 27 105 94 113 92 99 14 85 2
    125 20 22 62 61 61 62 62 64 63 63 63 62 63 62 62 61 62 62 63 64 64
    64 63 63 61 61 61 61 61 61 60 60 60 59 61 61 60 60 60 60 60 61 60 61
    61 59 60 61 61 61 61 61 61 62 61 61 61 61 61 61 61 62 64 63 62 62 62
    63 64 64 64 64 64 63 65 65 66 65 65 65 66 66 67 67 67 65 65 65 64 64
    64 65 64 63 64 63 64 64 65 65 65 64 63 64 64 63 64 64 62 61 62 61 62
    62 61 62 61 61 61 61 61 61 61 60 61 61 62 62 63 63 63 62 62 63 64 64
    64 64 63 63 63 64 64 64 63 63 63 64 66 64 64 66 65 65 65 66 66 68 67
    67 67 67 68 68 67 65 66 65 65 65 66 64 64 65 64 64 64 64 64 64 63 64
    65 64 64 64 64 64 66 65 64 64 66 27 63 87 97 25 120 17 106 61 123 43
    10 21 72 94 59 41 52 68 11 76 68 81 107 119 57 83 20 84 16 83 83 2
    24 17 12 100 112 113 15 43 74 89 63 68 90 59 47 83 79 5 83 98 127 24
    108 79 100 120 126 44 68 94 33 42 62 62 61 63 62 64 63 63 64 63 64
    63 62 62 63 62 64 64 64 65 63 63 61 61 61 60 60 60 60 59 59 58 60 60
    59 59 59 59 59 60 59 59 59 58 58 59 60 60 60 60 61 61 61 61 61 61 61
    61 61 62 64 63 62 62 63 63 63 64 64 64 64 64 64 65 66 66 66 66 66 66
    67 67 67 66 65 65 63 63 63 63 63 62 62 62 62 63 64 64 65 64 63 63 64
    64 64 64 62 62 63 62 63 63 62 62 61 60 60 60 60 60 60 59 60 60 60 61
    62 61 62 61 62 63 64 65 65 65 64 64 64 65 65 64 63 63 63 64 66 64 64
    65 64 63 64 65 65 66 65 65 65 65 66 67 65 64 64 64 63 64 64 63 63 64
    64 64 65 65 65 65 65 66 67 66 67 67 66 67 68 66 66 65 67 48 76 54
    127 78 43 0 126 115 42 37 2 14 81 40 106 88 111 13 67 42 10 79 12 97
    61 101 46 121 7 54 107 90 71 119 39 84 22 95 4 43 96 28 18 104 76
    111 32 56 95 49 32 123 7 29 91 125 117 36 21 43 79 80 25 116 62 61
    60 62 62 63 63 63 64 64 64 63 63 63 63 62 63 64 64 64 63 62 61 61 62
    61 60 61 60 60 60 59 61 61 60 61 60 60 61 62 60 61 60 59 59 60 61 60
    61 60 61 61 60 60 60 61 60 60 60 61 62 62 61 61 62 62 63 63 63 64 64
    63 63 64 65 65 65 65 65 65 66 66 66 64 63 63 63 63 63 64 64 62 63 63
    63 64 64 65 65 64 64 64 64 64 64 64 62 62 62 62 63 63 62 62 61 60 60
    61 60 60 61 60 61 61 61 61 62 61 62 61 63 64 65 65 65 65 65 64 64 64
    65 64 64 63 63 64 65 63 63 63 62 62 63 64 63 65 64 63 64 64 65 66 64
    63 64 63 63 64 64 63 64 65 64 65 66 66 66 66 66 66 67 66 68 68 68 68
    69 68 68 66 67 27 50 30 92 55 115 46 61 19 117 110 39 22 68 110 6 4
    17 125 114 15 109 75 110 85 53 8 25 85 8 35 42 95 120 68 52 102 116
    36 117 38 68 57 89 58 77 5 41 106 53 2 92 70 12 64 34 112 25 101 27
    99 81 21 64 28 61 61 60 62 62 63 63 62 64 63 64 63 63 63 63 63 64 64
    65 65 64 63 62 62 62 61 61 61 61 61 61 60 63 63 62 62 61 61 61 61 60
    61 60 59 60 60 61 60 61 60 60 61 60 60 61 61 61 61 61 62 63 63 62 62
    63 63 64 64 64 65 65 63 64 64 65 66 66 65 65 65 66 66 66 64 63 63 60
    61 61 62 62 61 61 61 61 63 63 64 64 64 63 63 63 63 63 64 62 62 62 62
    63 62 62 62 61 60 60 60 60 60 61 60 61 61 60 60 61 61 61 61 62 64 65
    66 65 65 65 64 64 63 64 64 64 64 63 64 65 63 63 63 62 62 63 64 63 65
    64 64 64 64 65 66 64 63 64 63 63 63 63 62 63 64 64 64 65 65 65 65 65
    66 66 65 67 66 67 68 69 68 67 66 67 57 20 103 102 51 86 88 84 17 82
    89 71 43 112 9 34 18 86 55 89 40 1 94 34 24 103 30 63 34 21 32 70 54
    10 5 60 108 90 34 57 100 88 56 77 52 58 5 34 108 76 58 41 91 94 20
    92 16 48 36 7 92 56 59 37 119 62 61 60 62 62 63 62 63 64 64 64 63 63
    63 63 62 63 63 64 65 64 63 62 62 62 62 62 62 62 62 62 61 63 64 63 63
    62 62 62 62 61 62 61 60 60 61 61 60 61 60 60 61 60 59 61 61 61 61 61
    62 63 62 62 62 63 64 64 64 65 65 66 65 65 65 67 67 67 66 66 66 67 66
    66 65 64 64 59 60 60 61 61 60 60 60 60 61 62 62 63 63 62 62 62 62 61
    62 60 61 61 61 62 61 61 61 60 59 60 61 60 60 61 60 61 61 60 61 61 61
    62 62 63 64 65 65 65 65 65 65 64 64 65 65 64 64 64 65 65 63 63 64 62
    62 63 63 62 63 63 62 62 62 63 64 63 62 62 61 62 62 62 61 62 63 63 64
    64 65 65 66 65 65 67 66 68 67 68 69 70 68 69 68 68 101 108 5 34 1 1
    4 64 88 59 118 4 42 75 30 31 39 35 5 30 85 6 72 11 19 90 24 112 37
    15 98 110 65 94 127 113 98 119 67 97 96 13 0 89 120 104 107 73 74
    105 64 1 11 119 90 38 95 30 52 70 116 92 123 63 71 62 61 61 62 62 64
    63 63 63 63 63 63 63 63 63 63 64 63 64 65 63 63 60 62 61 61 61 62 61
    61 61 60 62 63 62 62 62 61 61 62 60 61 61 60 60 61 61 61 61 61 61 61
    61 60 62 62 62 63 62 63 65 64 64 64 65 65 66 65 66 66 66 65 66 65 66
    66 66 65 66 65 66 65 65 64 63 63 60 60 60 61 61 60 61 61 61 62 63 63
    63 63 62 62 62 62 62 63 61 62 62 62 62 61 61 61 60 60 60 61 60 60 61
    61 62 61 61 62 62 62 62 62 63 65 65 65 65 65 65 65 64 63 64 64 63 63
    63 63 64 62 62 63 61 61 62 62 62 63 63 62 63 63 63 64 63 62 63 62 62
    62 62 62 62 64 63 63 64 64 65 66 65 65 66 66 67 67 68 69 69 68 68 67
    68 78 66 115 122 123 112 105 99 102 107 33 117 91 107 8 67 85 20 115
    18 121 29 30 37 47 32 108 72 91 29 86 56 92 9 13 126 87 30 7 78 66
    76 90 93 54 84 110 66 114 63 49 43 20 4 107 14 68 112 61 29 6 35 94
    71 63 62 62 62 63 62 64 63 63 63 63 64 64 63 63 64 64 64 64 64 65 63
    63 61 62 61 61 61 61 61 61 61 60 61 62 61 61 60 60 60 62 60 61 61 61
    60 61 61 61 61 61 61 62 61 61 62 62 62 63 62 62 64 64 63 63 65 65 65
    65 66 67 67 66 67 66 67 68 67 66 66 66 66 65 65 64 63 63 60 61 61 62
    62 61 61 61 62 62 63 63 64 63 62 63 63 62 62 62 61 62 62 62 62 61 60
    61 60 59 60 61 61 60 61 62 63 62 62 62 63 62 63 63 64 65 65 65 65 64
    65 64 63 63 64 64 63 63 62 63 64 62 62 63 62 62 62 63 62 64 64 63 63
    63 63 64 63 62 63 62 62 62 62 62 62 64 63 63 63 64 64 65 65 65 66 65
    67 67 68 69 69 68 68 67 68 77 33 70 62 0 86 84 63 109 83 114 51 41
    24 19 23 44 27 45 38 119 31 70 118 5 11 105 62 126 48 70 21 73 122
    51 90 7 23 1 79 82 0 67 77 15 45 90 12 99 26 70 21 25 61 127 57 82
    88 98 123 23 86 19 107 5 62 62 62 63 62 64 63 63 63 63 63 63 62 63
    63 63 63 63 63 64 62 62 60 61 61 60 60 61 61 61 60 60 61 62 61 61 61
    60 61 62 61 62 62 61 61 62 62 62 62 62 62 63 62 62 63 62 63 63 62 62
    64 64 64 64 65 65 65 65 66 67 67 66 67 66 67 67 68 66 66 65 65 65 65
    64 63 62 61 61 61 62 62 61 61 61 61 62 63 63 63 62 61 62 62 61 61 62
    61 61 61 61 62 61 60 61 60 59 60 61 60 60 61 62 62 62 61 62 62 61 61
    61 62 64 63 63 63 63 63 63 63 62 63 63 62 63 62 63 65 63 62 63 62 62
    63 63 62 64 64 63 63 63 63 64 63 61 63 62 62 62 62 62 63 65 64 64 65
    65 65 66 66 66 67 67 68 68 69 70 70 68 67 67 67 8 76 120 63 75 69 91
    58 17 68 122 7 6 62 12 41 90 96 3 63 31 74 42 110 68 120 93 70 121
    66 111 30 72 47 99 97 42 30 96 46 62 116 3 73 11 62 4 90 62 27 93
    123 102 39 9 10 0 58 87 30 36 112 100 13 26 62 62 62 63 62 64 63 63
    63 63 63 64 63 63 64 64 64 64 64 65 64 64 61 62 62 62 62 62 62 62 61
    62 62 63 62 62 61 60 61 62 61 61 61 61 60 61 61 62 62 62 62 63 63 62
    63 63 63 64 64 64 65 66 65 66 66 66 66 66 67 67 67 66 67 66 66 66 66
    65 65 64 64 63 64 63 61 61 62 62 61 63 62 61 62 62 63 63 63 64 64 63
    62 62 62 62 61 61 61 61 62 62 62 61 60 61 60 60 61 61 61 60 62 63 63
    62 62 62 61 61 61 61 62 64 63 63 64 63 64 64 63 62 63 63 62 63 62 63
    64 63 62 63 62 61 63 63 62 63 63 62 62 62 63 64 62 62 63 62 62 63 62
    62 63 65 64 64 65 65 66 66 66 67 68 67 69 69 70 71 71 69 68 68 68
    115 110 118 8 30 35 7 94 105 26 20 89 102 2 37 85 44 54 8 1 24 72 0
    76 119 124 108 14 123 47 44 88 91 104 115 105 14 25 103 30 45 27 12
    93 79 11 47 105 53 99 15 24 72 125 6 61 35 27 119 102 66 75 17 20 40
    62 63 63 64 63 64 64 64 64 64 64 64 64 64 64 64 64 63 64 64 63 63 60
    61 61 61 61 62 62 62 61 62 62 63 62 62 61 61 62 63 62 62 63 62 62 62
    63 63 63 63 63 64 64 63 64 64 65 65 64 64 66 66 65 65 65 65 65 65 66
    66 66 65 66 65 64 65 65 64 64 63 63 62 62 62 61 60 61 62 62 62 62 61
    61 62 62 62 63 64 64 63 63 63 62 62 60 61 61 62 63 62 63 62 61 61 61
    60 61 62 62 61 62 63 64 63 62 63 62 62 63 62 63 64 64 64 64 64 65 64
    63 62 62 63 62 62 62 62 62 62 62 62 61 60 61 61 60 62 62 61 61 61 61
    62 62 61 63 62 62 62 62 62 63 65 64 64 65 66 66 67 66 67 68 67 68 69
    70 70 70 68 68 67 67 115 45 71 36 72 97 4 99 23 107 2 49 39 4 85 14
    41 11 90 14 74 4 115 20 15 68 25 52 35 18 80 42 44 30 70 47 93 66
    122 125 3 45 48 122 46 26 89 15 89 93 28 88 85 92 35 86 113 70 36 21
    22 95 81 73 81 62 62 63 64 63 64 64 63 63 63 63 64 63 64 64 63 64 63
    63 63 62 62 60 61 61 61 61 61 61 61 61 61 62 63 61 61 61 61 62 63 62
    62 63 63 62 63 64 64 64 64 64 66 66 65 66 66 67 68 67 66 68 67 67 66
    67 67 66 66 66 66 66 65 65 64 64 64 64 62 62 62 62 61 60 60 59 58 63
    63 63 64 63 61 62 63 64 63 64 64 65 64 63 63 63 62 61 61 61 61 63 63
    63 62 62 62 62 61 62 62 63 63 63 64 65 64 64 64 64 63 64 64 64 65 65
    65 66 65 66 65 64 63 64 64 63 64 62 62 62 61 61 61 61 59 60 60 60 60
    61 60 60 60 60 62 61 61 63 62 62 61 62 62 63 65 64 64 65 66 66 67 66
    66 67 66 67 68 69 70 69 67 67 66 66 91 121 104 91 114 59 42 17 105
    13 118 24 94 125 30 126 78 89 43 108 33 56 90 47 114 55 68 36 43 124
    16 20 103 42 106 57 119 63 44 101 49 62 91 42 114 124 108 70 48 6 84
    58 124 82 76 70 102 36 40 57 122 55 28 111 55 62 62 63 64 63 65 64
    64 63 63 64 64 64 65 65 64 65 64 64 64 63 63 61 63 63 62 62 63 63 62
    61 62 62 63 61 61 61 61 61 62 61 62 62 62 61 62 63 64 63 63 64 66 66
    65 67 66 67 68 68 67 69 69 68 68 68 68 68 68 68 68 67 66 66 65 65 65
    65 64 63 63 63 62 61 61 60 60 63 63 63 64 63 62 62 62 63 63 64 65 64
    64 63 62 62 61 60 60 60 60 62 61 61 61 61 61 61 60 61 62 63 62 63 65
    65 65 64 65 64 64 65 64 65 65 65 65 66 65 66 65 64 63 64 63 62 63 62
    61 61 60 60 61 61 59 60 60 60 61 62 61 61 61 61 62 62 62 64 63 62 62
    62 62 63 64 64 64 65 66 66 66 66 66 66 66 66 68 69 70 69 67 67 66 66
    24 120 64 126 1 77 70 93 73 109 78 59 13 9 16 111 109 38 82 27 34 84
    74 32 115 73 126 95 67 93 41 2 29 87 102 122 36 108 65 56 35 52 111
    36 35 19 125 1 4 45 109 127 45 10 112 122 90 107 21 95 117 7 91 13
    37 63 63 64 65 64 65 64 63 62 62 63 64 63 64 65 64 65 64 64 64 63 63
    62 63 63 63 63 64 64 63 62 63 63 63 61 61 62 61 62 63 62 62 62 62 61
    62 63 64 63 63 64 66 67 66 67 67 68 69 68 68 69 69 69 68 69 69 68 68
    68 68 67 66 66 65 65 65 65 64 64 63 63 62 62 62 61 60 63 63 63 64 63
    62 63 63 64 64 64 65 65 64 63 63 62 61 60 61 61 61 62 62 63 62 62 62
    61 61 62 62 63 62 63 65 65 64 64 64 63 63 64 63 64 64 64 64 65 65 66
    65 64 63 64 63 62 62 61 60 61 59 60 60 60 58 59 59 59 60 61 60 61 61
    61 63 62 63 64 63 63 62 62 62 63 64 64 64 64 65 65 65 65 65 66 65 66
    68 69 70 69 68 67 66 66 35 95 8 0 126 114 22 106 86 118 99 102 41 50
    81 127 37 38 32 120 121 76 51 4 49 44 14 85 12 5 72 91 80 83 4 60 64
    97 51 90 3 80 97 41 96 22 24 93 88 5 10 66 60 64 100 17 41 65 21 83
    90 84 45 104 127 63 64 64 65 63 65 63 63 62 62 63 63 63 64 65 65 65
    64 64 64 63 64 62 63 64 64 64 64 64 63 62 63 63 63 62 61 62 61 62 63
    62 62 62 62 62 63 64 64 64 64 65 67 68 67 69 69 69 70 69 69 70 70 70
    70 70 70 70 70 69 69 68 66 66 65 65 66 66 65 64 64 63 63 63 62 61 61
    65 64 64 64 64 63 64 64 65 65 65 66 66 65 64 63 63 62 61 61 61 62 63
    63 63 62 62 62 61 61 62 62 63 62 63 64 64 63 63 63 62 62 64 63 64 64
    65 65 65 65 66 66 65 64 65 64 63 63 62 60 60 59 60 60 60 58 58 59 58
    59 60 59 60 60 60 62 62 62 64 63 62 62 62 62 63 64 64 64 65 65 66 66
    65 66 66 66 67 68 69 71 69 68 69 68 67 59 71 8 29 39 119 84 80 30 68
    110 32 120 49 68 87 125 94 102 79 89 51 108 98 34 18 28 11 29 89 7
    12 109 85 72 97 67 103 117 112 1 58 84 0 43 96 50 102 103 47 16 126
    67 124 59 32 71 45 78 89 68 12 28 101 124 61 62 63 63 62 64 62 62 61
    62 62 62 62 64 64 64 64 64 63 63 63 63 61 63 63 63 62 63 63 62 61 62
    61 62 61 61 61 61 61 62 61 61 62 62 62 63 64 64 64 64 65 67 68 67 69
    68 69 71 70 69 70 71 71 70 70 70 70 70 69 69 68 66 66 65 65 65 65 64
    64 63 63 63 62 61 60 60 65 64 64 64 64 62 63 64 64 65 65 66 66 64 64
    63 63 62 61 61 62 62 63 63 63 63 62 62 61 61 62 62 63 63 63 64 65 64
    63 63 62 62 63 64 64 65 65 65 66 66 67 66 66 64 65 64 64 64 63 61 62
    60 61 60 60 59 59 59 58 59 60 59 61 61 61 62 62 62 64 63 62 62 62 63
    63 64 64 64 64 65 65 65 64 66 66 66 66 68 69 70 69 68 68 67 66 53 90
    96 92 55 15 117 59 74 48 19 46 66 60 76 59 57 123 48 61 77 105 68 12
    46 83 78 95 58 43 68 106 75 57 64 83 50 73 80 108 29 57 75 44 98 42
    51 19 110 101 39 50 92 87 37 106 111 24 54 6 57 8 111 23 34 62 63 63
    63 62 63 62 62 62 62 63 63 64 65 65 65 65 65 64 64 64 64 62 63 63 63
    62 62 62 62 60 61 61 60 60 60 60 60 60 61 60 60 61 62 62 63 64 64 64
    64 65 67 68 67 69 69 70 72 71 70 71 71 71 70 70 70 70 70 69 68 68 66
    65 64 64 64 65 63 63 62 62 62 61 60 60 60 66 66 66 65 65 63 64 65 65
    66 66 67 66 64 64 64 63 63 62 62 63 63 64 64 64 64 63 63 62 61 62 62
    63 62 62 64 64 62 62 62 60 61 62 63 64 64 65 65 66 65 67 66 66 65 66
    65 64 65 63 61 61 60 61 60 60 58 59 59 58 59 60 60 61 61 61 62 62 62
    64 63 62 63 63 63 63 64 64 64 64 64 65 64 64 65 65 65 65 67 68 70 68
    67 67 66 65 127 124 11 13 17 59 122 35 119 10 15 50 45 36 9 20 18 73
    40 37 114 120 2 89 90 82 100 89 15 16 55 25 84 95 56 31 91 28 81 33
    0 81 114 25 114 126 79 20 2 14 65 97 29 93 92 60 119 34 48 112 111
    73 6 125 125 62 63 64 63 62 63 62 62 61 61 62 63 63 64 64 64 64 64
    63 63 63 63 62 63 63 63 61 62 62 62 60 61 61 61 60 60 60 60 60 61 60
    60 61 62 62 62 63 64 64 64 64 66 67 66 68 68 69 70 69 69 70 70 70 69
    69 69 69 69 68 68 67 66 65 65 64 64 64 64 63 63 63 63 62 61 60 60 67
    66 66 66 66 64 65 65 65 66 66 67 66 65 64 64 63 62 61 62 63 63 64 64
    64 63 62 62 61 61 61 61 63 62 62 64 63 62 61 61 60 61 62 62 63 63 64
    65 65 65 66 66 66 65 65 65 64 65 63 62 62 61 61 60 60 58 59 59 58 59
    60 60 61 60 60 61 61 61 63 63 62 62 62 63 63 64 64 64 64 64 65 65 65
    66 66 66 66 68 69 70 68 68 67 66 66 99 17 47 107 17 24 22 72 92 66
    76 95 18 62 125 13 28 97 110 40 69 124 117 82 19 122 90 114 71 43 47
    83 6 29 113 95 41 16 100 63 49 3 109 104 93 103 92 13 65 19 56 47 26
    104 54 69 60 34 18 63 18 56 33 107 105 64 64 65 65 64 65 63 62 61 62
    62 63 63 64 63 63 63 62 62 62 62 62 61 62 63 63 62 62 62 62 61 62 61
    61 61 61 61 60 60 62 61 61 62 63 63 63 63 65 65 65 65 67 67 67 69 68
    69 70 70 69 70 70 70 69 68 68 68 68 68 67 67 65 65 65 64 64 64 63 63
    62 62 63 62 61 61 60 69 68 68 68 68 66 66 66 66 67 67 67 66 64 64 63
    63 63 61 62 63 63 65 65 64 63 63 62 61 61 61 61 62 62 62 63 62 61 61
    60 59 60 62 63 63 64 65 65 66 65 66 66 67 66 66 66 65 65 63 62 62 60
    61 60 60 59 59 59 58 58 59 59 60 60 60 61 61 61 63 62 61 61 62 62 63
    64 64 64 64 64 65 65 65 66 66 66 67 68 69 70 68 67 67 66 66 40 99 22
    66 49 99 10 15 13 23 63 9 27 101 73 17 125 76 24 83 56 99 50 77 14
    83 87 46 69 99 118 13 51 29 116 120 81 3 29 96 33 117 71 56 5 98 22
    29 7 35 108 74 75 18 47 66 122 56 42 104 82 13 86 110 108 63 64 65
    65 64 65 64 63 61 62 62 63 63 63 63 62 62 62 61 62 62 62 61 61 62 62
    61 62 62 62 61 62 62 62 62 62 62 61 61 62 61 62 62 64 63 63 63 64 64
    65 65 66 66 66 68 68 69 70 70 69 69 69 69 69 68 67 67 67 67 67 66 65
    64 64 62 63 63 62 62 62 61 62 61 61 60 60 70 70 69 69 69 67 67 67 67
    67 67 68 67 65 65 64 64 63 62 63 64 63 65 64 64 63 62 62 61 61 61 61
    61 61 61 62 61 60 60 60 59 61 62 62 63 63 64 65 66 65 66 66 66 65 66
    66 65 66 64 62 62 60 61 61 61 60 60 60 60 60 61 60 61 61 62 62 62 62
    64 63 62 61 62 62 63 64 64 64 64 64 65 65 65 65 65 65 66 68 69 70 68
    67 66 66 65 113 51 92 18 13 97 10 106 112 75 114 106 73 45 4 88 116
    106 42 115 41 123 52 79 56 74 40 43 47 53 51 103 43 70 29 76 95 53
    15 24 92 56 16 116 121 121 29 53 83 121 116 11 111 96 51 16 120 19
    15 33 87 69 46 7 99 63 64 65 64 63 65 64 63 61 61 62 62 62 63 63 63
    63 62 62 63 62 63 61 62 62 63 61 62 62 62 61 62 61 61 61 61 61 61 61
    62 62 62 62 65 64 64 63 65 64 65 65 66 67 67 68 68 69 70 69 68 68 69
    69 68 67 67 67 67 66 66 65 64 64 63 62 63 63 63 62 62 62 63 62 62 61
    62 69 69 69 68 68 66 67 66 66 67 67 67 67 66 65 64 64 64 63 64 65 65
    66 66 65 65 64 64 63 63 62 62 63 63 62 63 62 61 61 61 60 61 62 62 63
    63 64 64 65 65 66 66 67 66 67 66 65 66 64 62 63 61 62 62 62 61 61 61
    61 60 62 61 62 63 63 63 63 64 64 63 62 61 62 62 62 63 62 62 62 62 63
    63 63 64 63 63 64 66 67 67 66 65 65 65 65 119 18 121 27 76 43 119
    118 122 125 94 70 126 92 84 36 66 110 2 116 26 9 53 46 83 51 77 74
    126 34 111 69 4 117 14 33 69 126 88 39 52 106 79 77 90 63 81 8 13 44
    102 82 73 40 120 82 13 102 117 61 127 91 106 118 43 64 65 66 66 64
    66 65 64 62 62 62 62 62 63 63 63 63 62 62 62 62 62 61 62 62 63 61 62
    62 62 61 61 60 60 61 61 61 61 61 62 62 62 63 65 64 64 63 65 65 66 65
    66 66 66 68 67 68 69 68 67 67 68 68 68 66 66 66 66 66 66 64 64 63 63
    61 62 62 62 62 61 61 61 61 61 60 60 70 69 69 68 68 66 67 67 66 67 66
    67 67 65 65 64 64 64 63 64 64 64 66 66 65 65 64 65 63 64 63 62 64 63
    63 63 63 62 62 62 61 62 64 63 64 64 65 66 67 66 67 66 67 66 67 66 65
    66 64 62 63 62 62 61 62 61 60 61 61 61 62 61 62 62 63 63 63 63 63 62
    61 61 61 61 62 62 62 61 62 62 63 62 62 63 63 63 64 66 67 67 65 64 65
    65 65 72 33 35 27 110 63 17 48 78 69 77 35 118 46 119 97 62 89 1 72
    46 94 113 59 39 112 80 127 122 84 19 2 73 59 9 55 22 22 96 5 96 39
    101 115 18 101 31 87 20 30 87 33 109 1 109 25 65 13 27 106 102 40 87
    37 94 65 66 67 66 65 66 66 65 62 62 63 63 63 63 63 62 62 62 61 62 62
    62 61 61 62 62 61 62 61 62 60 60 60 60 60 60 60 60 61 62 62 62 63 65
    64 64 64 66 66 67 67 67 67 67 68 67 68 69 68 67 67 68 68 67 66 65 66
    66 65 65 64 64 63 63 61 62 63 62 62 61 61 62 61 61 60 61 71 70 70 69
    68 66 67 67 67 68 67 68 68 66 66 65 65 64 63 64 65 64 66 65 65 65 65
    65 64 64 63 62 64 63 63 63 63 62 62 62 61 62 63 63 64 64 65 66 67 66
    67 66 67 66 67 66 65 66 64 62 63 62 62 62 62 61 61 61 61 61 62 62 63
    63 63 64 64 64 64 63 63 62 63 63 63 64 63 62 63 63 64 63 63 64 63 63
    64 65 66 66 65 64 64 65 65 40 122 104 8 109 100 75 13 61 126 67 58
    52 43 41 55 39 64 79 36 43 115 75 116 98 27 29 40 17 87 30 117 17 63
    29 0 119 18 124 16 24 27 20 24 111 116 116 78 85 106 66 17 64 64 59
    97 89 123 39 72 10 50 111 12 53 64 66 66 66 65 66 66 65 63 63 63 63
    63 64 64 63 63 62 62 63 63 63 62 62 63 63 62 62 62 63 61 62 62 61 62
    62 62 62 63 63 64 63 64 66 65 65 65 67 67 67 67 67 67 67 68 67 68 69
    68 67 67 68 68 67 66 65 66 66 65 65 63 63 63 62 61 62 63 62 62 62 61
    62 62 62 61 62 71 71 71 70 69 67 68 67 67 68 68 68 67 66 65 64 64 64
    63 63 64 64 65 65 65 65 65 65 63 63 62 62 64 63 63 63 63 62 62 62 61
    62 63 63 64 64 65 66 67 66 66 66 67 67 67 66 65 66 64 63 63 63 63 63
    63 62 62 62 62 62 62 62 63 63 63 63 63 64 63 63 62 62 63 62 63 63 62
    62 63 63 64 63 63 64 64 64 64 65 66 66 66 64 64 65 65 123 101 100 10
    40 100 107 69 76 8 122 91 108 29 31 51 100 30 46 90 89 95 13 3 41 93
    21 35 68 2 5 70 60 68 88 115 50 97 82 32 3 48 123 27 45 84 123 63 92
    2 56 23 62 1 122 35 122 63 91 83 89 80 41 120 44 64 66 66 66 65 67
    66 65 64 64 64 63 63 64 64 63 63 62 62 63 63 62 62 62 63 63 62 62 62
    63 61 62 62 62 62 62 62 62 63 63 63 63 63 65 64 65 64 66 66 67 67 67
    67 67 68 67 68 69 69 67 67 68 68 68 66 65 65 65 64 64 63 63 62 62 61
    61 63 62 62 62 61 62 62 62 61 62 71 71 71 70 68 67 67 67 67 68 68 68
    68 67 66 64 64 65 64 64 65 65 65 66 65 66 65 65 64 64 62 62 64 63 63
    63 63 62 63 62 61 62 63 63 64 64 65 66 67 66 67 66 67 67 67 66 65 65
    64 62 63 62 63 63 63 62 62 62 62 61 62 62 63 62 63 63 63 63 63 62 61
    61 62 61 62 63 62 62 63 63 64 64 63 64 63 63 63 65 65 65 64 64 64 65
    64 74 70 119 14 31 26 62 5 98 86 5 14 63 87 82 10 56 60 92 110 36
    117 42 23 40 94 117 109 116 8 4 2 76 75 63 53 64 93 109 88 26 106
    110 54 26 56 30 118 63 6 92 33 31 65 10 104 85 34 47 55 101 57 13 69
    121 66 67 67 67 66 68 67 66 65 65 65 64 64 65 65 63 63 63 63 63 64
    63 62 63 64 64 63 63 63 63 61 61 62 62 62 62 62 62 63 63 63 62 63 64
    64 64 63 65 65 65 66 66 66 66 67 67 68 68 68 67 67 68 68 68 66 65 66
    65 64 64 62 62 62 61 61 62 62 62 62 62 61 63 62 62 61 63 68 69 69 68
    67 66 66 66 66 67 66 67 67 66 65 64 64 65 64 64 64 64 65 65 65 65 64
    65 63 63 62 62 63 63 62 62 62 62 62 62 62 63 64 63 64 64 65 66 66 65
    66 65 66 66 66 65 65 65 63 62 62 61 62 62 62 62 62 62 62 62 62 62 63
    63 63 64 64 64 64 63 62 62 62 61 61 62 62 62 62 62 63 63 63 63 62 62
    63 64 65 65 65 64 64 65 65 97 21 81 67 117 1 94 87 76 54 115 102 112
    55 30 4 41 70 35 98 13 57 101 21 28 63 19 33 58 75 121 24 112 106
    126 80 68 95 50 114 55 59 53 18 58 126 13 49 72 33 106 38 54 125 123
    80 2 57 69 44 103 19 123 100 101 65 66 66 66 66 67 67 67 66 65 66 64
    64 66 65 64 64 64 64 64 64 63 62 63 64 63 63 63 63 63 61 61 62 61 62
    62 62 63 64 64 64 63 64 65 64 64 63 65 66 66 66 66 66 66 67 66 66 67
    67 66 66 66 66 66 64 64 64 64 63 63 62 62 61 61 61 62 62 62 62 62 62
    63 63 63 63 64 68 68 68 67 67 65 65 65 65 66 65 66 65 65 64 63 64 64
    64 65 65 64 65 65 65 66 65 65 64 64 63 63 64 63 63 62 62 62 62 62 62
    63 64 64 65 65 66 66 66 66 66 66 67 66 66 65 65 65 63 62 62 61 62 62
    62 62 62 62 62 62 62 63 63 63 63 64 64 64 64 63 62 61 62 61 61 61 60
    61 62 62 62 62 61 62 61 61 62 63 64 64 63 63 63 64 64 7 52 3 36 15
    80 122 9 50 120 11 42 67 94 108 33 37 34 40 75 120 98 79 5 87 62 73
    81 20 35 89 114 65 44 80 114 81 3 38 116 34 31 95 21 3 24 110 72 112
    10 17 3 22 28 33 64 48 44 44 62 97 16 30 66 51 66 67 67 67 67 69 68
    68 67 66 67 65 65 66 65 65 65 65 64 65 64 64 63 64 65 65 64 64 65 65
    63 63 63 63 63 64 64 64 65 65 65 64 64 66 65 64 63 65 66 66 66 66 65
    65 66 65 65 65 65 64 64 65 65 66 64 63 64 63 62 62 62 62 62 61 61 62
    64 63 63 64 64 64 64 64 64 65 69 69 69 69 68 67 67 67 66 67 66 66 65
    65 64 63 64 64 65 65 65 64 65 65 65 66 66 67 66 66 65 65 65 65 64 64
    63 63 64 64 63 64 65 64 65 65 66 66 66 66 66 65 66 66 66 65 65 65 63
    62 63 61 62 62 62 62 62 62 63 62 62 63 64 64 64 64 64 64 64 63 62 62
    62 61 61 61 61 61 61 61 62 61 61 61 61 61 62 63 64 64 63 63 63 65 64
    96 119 121 1 51 106 48 91 75 7 109 90 50 105 36 30 81 122 73 12 51 8
    122 70 36 101 26 65 114 38 85 72 34 125 50 7 54 70 44 108 7 82 43 40
    40 18 9 56 113 104 71 13 106 112 88 58 93 43 49 3 18 25 72 78 44 65
    66 66 66 66 67 67 67 66 65 66 64 64 65 65 64 64 64 63 64 64 64 63 64
    64 65 64 64 65 65 63 62 63 63 63 64 64 64 65 65 65 64 64 65 64 63 62
    64 65 65 65 65 64 64 64 63 63 63 63 62 63 63 63 64 63 62 63 62 61 62
    61 62 62 62 63 64 65 65 65 66 65 66 66 66 66 67 67 68 67 67 67 66 66
    66 65 65 64 65 63 63 62 62 63 64 64 65 64 63 64 64 64 65 65 66 65 65
    64 64 64 63 63 62 62 62 63 63 63 64 64 63 64 64 66 66 66 66 66 65 66
    66 65 65 64 63 62 62 62 61 61 61 61 61 62 62 63 62 63 63 64 64 65 65
    65 65 65 64 63 62 62 62 62 62 61 61 61 61 62 61 61 61 60 61 61 63 64
    65 63 63 63 65 64 26 43 61 119 124 106 40 126 73 22 11 4 104 48 49
    114 68 39 68 42 12 24 30 27 80 49 102 107 2 96 57 25 63 111 29 33 89
    9 39 100 35 76 72 90 24 64 51 83 6 47 112 19 78 8 53 93 108 26 85 6
    127 60 1 35 120 65 67 66 66 66 68 67 67 65 65 65 65 64 65 64 63 64
    63 63 63 63 62 62 63 63 64 63 63 64 64 62 62 63 63 64 64 65 65 66 67
    66 65 66 67 66 65 64 66 67 67 66 66 65 65 65 64 64 64 64 63 64 64 64
    65 63 62 62 61 61 61 61 61 62 61 62 64 64 64 64 65 65 66 66 67 67 68
    67 69 68 68 68 66 67 66 66 66 64 65 64 64 63 63 63 64 65 66 65 64 65
    65 65 65 65 67 65 65 64 64 64 63 63 62 62 61 62 62 62 63 63 63 63 64
    65 66 66 65 65 65 66 65 65 65 64 64 62 62 63 61 62 61 62 62 62 62 62
    62 62 63 63 63 64 64 65 65 64 63 62 62 62 62 62 62 61 62 61 62 62 62
    62 62 61 61 62 63 64 65 64 63 63 65 64 63 80 63 41 83 68 115 38 51
    112 90 38 12 75 116 66 61 51 103 110 106 107 29 73 100 49 122 115 34
    103 51 46 109 86 97 29 86 118 48 38 58 65 107 67 32 19 93 49 60 83
    69 98 95 92 57 22 31 45 112 75 101 82 2 17 41 64 66 65 65 66 67 66
    66 65 64 65 64 64 65 64 63 64 63 63 64 64 63 62 63 63 64 63 63 64 64
    62 62 63 63 63 64 64 65 66 66 66 65 66 67 67 66 65 66 67 68 67 67 66
    66 66 64 64 64 65 64 64 64 64 65 63 62 62 62 61 61 61 62 62 62 63 64
    64 63 63 64 64 64 65 66 66 66 66 68 68 68 68 66 66 66 65 65 64 65 64
    63 63 63 63 64 64 65 65 64 65 64 64 65 64 65 64 64 62 62 63 62 62 61
    60 60 61 61 61 62 62 62 63 63 64 65 65 65 64 65 65 65 65 65 64 64 63
    63 63 62 62 62 62 62 62 63 63 62 63 63 63 63 63 64 64 63 63 63 62 61
    62 61 62 62 61 61 61 61 61 61 61 61 61 61 62 62 63 64 63 62 63 64 64
    7 124 63 82 11 100 108 14 43 57 52 45 91 38 13 11 104 44 106 21 87
    106 33 34 11 70 59 124 49 107 54 3 60 114 73 29 78 46 109 75 34 17
    100 61 115 25 88 42 37 59 30 82 78 37 15 66 41 63 10 34 57 43 21 79
    76 63 65 64 65 65 66 66 66 64 64 64 63 63 63 63 62 62 62 61 62 62 61
    61 62 61 63 62 62 63 63 62 61 63 63 63 64 64 65 66 66 65 65 65 67 67
    66 65 67 68 68 67 67 66 66 66 65 65 65 65 64 64 64 64 65 63 62 62 62
    61 62 62 62 63 62 63 64 64 63 63 64 64 65 65 66 66 66 65 67 67 68 68
    66 66 67 66 67 66 66 66 65 65 65 66 66 66 66 65 64 64 64 64 64 63 64
    63 63 61 62 62 61 61 60 60 60 61 61 62 63 63 63 64 64 65 66 65 65 65
    65 66 65 66 66 65 65 63 63 65 63 63 63 63 63 64 64 64 62 63 63 63 63
    63 64 64 63 62 62 61 61 61 60 61 61 61 60 60 60 60 60 60 60 60 60 60
    61 62 63 62 61 62 63 63 98 102 60 73 65 90 21 47 66 28 97 64 77 20
    32 90 1 50 125 121 72 87 91 71 21 79 121 72 123 19 0 114 124 111 72
    11 41 105 29 115 125 18 11 89 84 42 122 13 52 59 123 56 30 60 70 50
    6 35 115 78 49 50 118 85 8 64 66 65 66 66 67 67 67 66 65 65 64 64 64
    63 63 63 63 62 63 63 62 61 62 61 63 63 63 64 63 62 62 63 63 63 64 64
    65 66 66 65 65 65 67 67 66 65 66 67 67 67 67 66 66 66 65 65 65 65 64
    64 63 63 64 63 62 63 62 62 62 62 63 63 62 63 65 64 64 63 64 64 64 65
    65 66 66 66 67 68 68 67 66 66 67 67 67 66 66 66 65 65 65 65 65 66 66
    65 64 64 64 64 64 64 64 64 64 62 62 62 62 61 61 60 60 61 61 62 63 62
    62 63 63 64 65 65 64 64 64 65 65 66 65 65 64 62 63 64 62 62 62 62 62
    63 63 63 62 62 62 62 62 62 63 63 62 62 61 60 59 60 59 60 60 60 60 60
    59 59 59 60 59 60 59 60 61 62 63 62 61 62 63 63 74 39 120 6 35 111
    116 22 77 1 24 79 4 102 123 127 26 127 112 0 57 64 13 121 59 85 110
    92 29 121 94 2 74 92 121 5 21 43 61 42 55 108 43 115 103 50 10 93 25
    98 112 100 110 102 51 24 93 121 58 43 49 25 20 17 111 64 66 65 66 66
    67 67 67 65 64 65 64 63 63 63 62 63 62 61 62 61 61 61 61 61 63 63 62
    64 63 63 63 64 64 64 65 65 66 67 67 67 66 65 67 67 66 65 66 67 68 67
    67 66 66 66 65 65 64 65 65 64 63 63 64 63 62 62 61 61 62 62 63 63 62
    63 64 64 64 64 65 64 64 65 65 66 67 66 67 67 67 66 65 66 66 66 66 66
    66 66 66 65 65 65 66 66 67 65 64 65 64 64 64 65 65 65 64 63 63 63 63
    62 62 61 61 62 62 63 64 63 62 64 63 64 65 64 64 63 64 64 64 65 65 64
    64 62 63 64 63 63 62 63 63 64 64 63 62 62 62 62 62 62 63 63 62 61 61
    60 59 60 60 60 61 61 60 60 59 59 60 60 59 59 59 60 61 62 62 61 61 62
    63 64 127 68 44 31 27 23 86 97 121 110 44 19 42 114 108 80 5 48 117
    33 105 99 90 28 30 29 94 96 98 119 125 35 40 56 35 77 35 31 13 45 25
    75 69 78 78 41 59 103 65 74 19 15 14 27 49 42 16 100 118 32 15 57 45
    13 8 65 66 65 67 66 68 67 68 66 65 66 64 64 64 63 63 63 62 62 63 62
    61 61 61 60 62 63 62 64 63 63 63 64 63 63 65 65 66 68 68 68 67 67 68
    68 67 66 67 68 68 68 68 67 67 67 66 66 65 65 65 64 63 63 65 64 62 62
    61 61 61 61 62 62 61 63 64 63 64 64 64 64 64 65 65 66 67 66 68 67 68
    67 66 67 67 67 66 65 66 65 66 65 65 66 66 66 66 65 64 64 64 63 64 64
    65 65 64 63 63 62 62 61 61 61 61 63 63 64 65 64 63 65 64 65 66 66 65
    65 65 65 65 66 65 64 64 62 63 64 63 63 62 62 62 63 63 63 62 63 62 62
    63 62 63 63 62 61 61 60 60 61 60 60 61 61 60 60 60 60 60 61 60 60 60
    61 62 63 63 62 61 62 63 63 44 26 76 26 2 44 122 8 122 108 31 68 17
    49 57 86 83 82 42 31 2 45 3 25 4 21 16 36 83 36 53 22 35 57 91 51 91
    114 37 40 7 91 94 11 77 127 59 100 80 47 93 48 122 63 4 23 108 8 31
    14 91 8 90 86 80 64 64 64 65 65 66 66 67 65 64 65 63 63 63 62 62 62
    62 61 62 62 61 61 61 61 62 63 62 64 64 64 63 64 65 65 66 67 67 68 68
    67 67 66 67 67 66 66 66 67 67 67 67 66 66 66 65 65 64 64 65 64 63 63
    64 64 62 63 62 61 61 61 62 62 62 63 64 64 64 64 64 64 63 65 66 66 67
    66 67 67 67 67 66 66 67 67 66 65 66 66 66 66 66 66 66 65 66 64 63 63
    63 63 64 64 64 64 64 62 63 63 62 62 63 63 63 64 65 66 66 64 63 65 64
    65 66 65 65 65 65 64 64 65 64 63 63 61 63 65 63 63 63 62 62 63 64 64
    62 63 63 63 64 63 63 63 62 62 61 61 60 60 60 59 60 60 59 59 58 59 60
    60 59 59 59 60 61 63 63 63 62 63 64 65 79 113 19 16 92 97 46 73 2 96
    81 108 36 68 99 11 10 97 77 8 111 117 46 10 62 58 106 111 11 72 77
    93 24 16 37 13 46 46 47 23 61 110 100 28 56 9 49 116 4 36 103 34 82
    11 62 22 105 18 88 60 39 70 69 92 98 64 64 64 65 65 65 65 65 64 63
    65 63 63 63 62 62 63 62 61 63 63 62 62 62 62 64 64 64 65 65 65 65 65
    65 66 67 68 69 70 70 69 69 68 69 69 68 68 68 69 69 68 68 67 67 66 65
    65 64 64 65 64 63 63 64 63 62 63 62 61 61 61 62 62 61 64 64 63 64 64
    64 64 64 66 65 66 67 67 68 68 68 68 67 67 67 67 66 65 66 65 65 65 65
    66 65 65 66 65 63 64 64 64 65 65 65 66 66 64 65 64 64 64 64 64 64 65
    66 67 67 65 64 65 64 65 66 65 65 64 64 64 64 65 63 62 61 61 62 64 62
    63 62 62 61 63 63 63 62 63 63 63 64 63 64 64 63 63 62 62 62 63 62 61
    61 61 60 60 59 59 59 59 58 58 58 59 59 61 61 61 61 62 63 64 93 74 78
    26 15 53 103 4 67 90 65 119 67 52 9 50 117 111 97 91 78 104 56 59 16
    18 122 98 27 102 111 84 50 67 30 59 73 27 44 33 23 14 50 48 37 95 64
    83 96 14 40 77 73 73 40 123 125 55 9 66 62 35 126 92 126 65 65 64 65
    65 65 65 65 64 63 64 62 62 62 61 61 62 61 60 61 61 61 61 62 61 63 63
    63 65 64 64 65 65 65 65 67 68 68 69 69 68 68 68 68 69 68 68 68 69 68
    67 67 66 66 65 64 65 64 64 64 63 63 63 63 63 62 63 62 61 62 62 62 63
    62 64 64 63 64 64 64 64 63 65 64 65 66 68 69 69 69 69 68 68 69 68 68
    67 67 66 66 66 66 66 65 65 65 64 62 63 63 62 63 63 64 64 64 63 63 63
    63 63 64 64 63 65 65 66 67 65 64 66 65 66 66 66 65 65 65 64 63 65 64
    63 62 61 63 64 62 62 61 61 61 62 62 62 61 62 61 62 62 62 63 62 62 62
    62 62 62 63 62 62 62 63 62 61 60 61 61 61 60 60 60 60 60 61 62 62 61
    63 63 64 111 49 127 118 26 105 19 64 93 83 50 3 9 26 11 12 61 65 34
    2 123 101 115 42 117 15 51 109 101 75 27 119 104 33 121 54 10 39 21
    55 118 12 3 113 110 64 100 51 8 29 122 31 77 72 30 43 15 8 107 7 118
    114 104 93 82 63 63 63 63 64 64 64 64 63 62 63 62 61 62 61 61 62 62
    60 61 62 61 61 62 61 62 62 62 64 64 64 65 65 65 65 67 68 68 68 68 67
    68 67 68 68 68 68 68 68 67 67 67 67 66 66 64 65 64 64 64 64 63 62 63
    62 61 62 61 61 61 61 61 62 62 64 65 64 65 64 65 65 65 67 66 67 68 68
    68 68 68 69 67 67 68 68 68 67 67 67 66 66 67 67 66 66 66 66 64 64 64
    63 64 64 64 65 64 63 63 62 62 62 62 62 61 63 64 65 65 63 63 64 63 64
    64 64 64 64 64 64 64 65 64 63 62 62 63 64 62 62 61 61 61 62 63 62 61
    62 61 61 62 62 63 63 62 63 63 63 63 64 63 63 63 64 64 62 61 62 62 62
    61 61 61 61 61 62 63 62 61 62 62 63 6 65 71 67 46 127 79 97 8 22 12
    122 86 17 5 32 18 125 102 64 39 96 126 47 36 50 89 10 3 22 123 106
    38 52 110 108 103 87 70 6 25 96 60 74 16 62 62 41 2 81 40 88 123 41
    57 98 28 46 9 91 46 37 39 65 19 64 64 63 63 64 64 63 63 62 62 63 61
    61 62 61 61 61 61 60 61 61 62 62 62 61 62 63 62 64 64 65 65 66 66 65
    67 68 67 67 68 67 67 66 67 67 67 67 66 66 65 65 65 65 65 65 64 64 64
    64 64 64 63 63 63 63 62 63 62 62 61 61 61 62 62 64 64 63 64 64 65 65
    65 67 66 66 67 67 68 67 68 69 67 68 68 68 68 67 67 67 67 66 67 68 67
    67 67 67 65 65 65 65 65 65 66 66 66 64 65 64 64 64 64 63 62 64 65 66
    66 65 64 65 63 65 65 65 65 65 65 64 65 66 65 63 62 62 63 64 63 63 62
    62 62 63 63 63 62 62 62 62 63 63 63 63 62 63 62 63 63 63 63 62 63 64
    64 63 61 61 61 62 60 61 61 61 62 62 63 62 61 62 62 63 78 115 116 9
    65 119 11 77 65 73 8 104 51 96 123 10 63 73 42 105 46 83 42 69 41 43
    82 81 124 94 97 46 4 1 51 44 78 59 42 14 80 8 122 2 15 48 30 57 115
    80 124 120 100 28 41 106 98 88 41 16 87 18 88 54 114 64 65 64 64 64
    64 63 63 62 62 62 60 60 61 60 60 60 60 58 60 60 60 60 60 59 60 61 61
    63 63 63 65 65 65 64 66 67 66 66 67 66 66 66 67 68 67 68 66 66 66 65
    66 65 65 65 64 64 63 63 64 63 62 62 62 62 61 62 62 62 62 62 62 63 63
    65 66 64 65 64 65 66 66 67 66 66 67 67 67 67 67 69 67 67 68 67 66 65
    66 65 66 65 66 66 66 65 67 67 65 65 65 65 66 66 66 67 66 65 65 64 64
    63 64 63 62 64 65 66 66 64 64 65 63 65 65 64 64 64 65 65 65 66 65 64
    62 62 63 64 62 63 61 61 61 63 63 63 62 62 61 62 63 63 64 63 63 64 62
    63 63 64 63 63 63 64 64 63 61 61 61 62 60 61 61 61 62 62 64 63 61 62
    63 63 83 119 44 31 25 51 26 115 52 40 1 87 30 17 51 49 67 64 126 121
    30 51 46 75 32 47 22 8 104 59 17 29 27 36 17 56 72 98 41 79 5 126 3
    91 51 17 20 97 69 3 16 37 92 123 33 36 11 27 78 76 66 45 70 88 90 64
    64 63 64 63 63 63 63 62 62 62 61 61 61 60 60 60 59 58 60 60 60 60 60
    59 61 61 61 63 63 64 65 65 66 65 67 68 67 67 67 67 67 66 68 68 66 68
    66 65 65 65 65 64 64 64 64 64 64 63 64 63 62 62 62 62 62 62 63 62 62
    61 61 62 62 64 64 63 64 64 64 65 65 66 65 65 65 66 66 66 67 68 66 66
    67 66 66 65 66 65 66 66 66 66 66 66 67 67 65 65 65 65 65 66 66 66 66
    65 65 64 64 64 64 63 62 63 64 65 65 65 64 65 64 65 65 65 65 64 64 65
    65 66 65 64 63 63 63 64 62 63 61 61 62 63 64 63 62 62 61 62 63 63 63
    63 63 64 62 63 63 63 63 63 64 64 65 63 61 61 61 62 61 62 62 63 64 64
    66 65 64 64 64 64 24 82 93 124 82 117 109 56 80 52 66 29 45 48 15 39
    95 124 126 72 8 28 121 40 121 98 39 114 89 51 123 29 13 37 97 22 44
    68 22 105 90 121 117 5 82 80 55 69 105 1 100 113 73 103 26 14 46 62
    27 37 112 119 64 20 76 64 64 63 64 63 63 62 63 62 62 62 61 61 61 60
    61 60 59 58 59 60 60 60 60 58 60 60 60 62 62 63 64 64 65 65 67 68 67
    67 67 66 67 66 68 68 67 68 66 66 66 65 65 64 64 64 64 64 64 64 64 63
    62 62 61 62 61 62 62 62 62 61 61 62 62 63 64 62 64 63 63 64 64 65 64
    64 63 68 69 68 69 70 68 68 69 68 68 67 67 67 67 67 67 67 67 67 68 68
    66 67 66 66 66 66 67 67 67 65 65 64 64 64 64 63 63 64 65 66 66 65 65
    66 65 66 67 67 67 67 66 67 66 67 66 65 63 63 63 64 62 63 61 61 61 62
    63 62 61 61 61 61 62 62 62 63 62 63 62 63 63 64 63 63 64 65 65 63 61
    62 61 63 61 62 62 63 63 64 65 65 63 64 64 64 82 75 64 24 5 80 8 98
    125 85 9 98 53 78 97 36 115 48 117 31 72 85 9 49 103 43 49 98 26 85
    27 54 119 115 75 6 18 58 40 111 17 24 97 71 5 88 96 66 6 82 17 60
    102 124 92 71 114 121 72 6 118 75 94 121 3 63 64 63 64 63 62 62 62
    61 61 61 60 59 60 59 59 59 59 58 59 59 60 60 60 59 60 60 60 62 62 63
    65 64 65 65 67 68 66 66 66 66 66 65 68 68 68 68 67 66 66 65 65 65 64
    65 65 65 64 64 65 64 63 63 62 63 62 63 63 63 62 61 61 62 62 63 64 62
    63 63 63 63 64 64 64 63 63 69 69 69 69 69 67 68 68 68 68 67 67 67 67
    67 67 67 67 66 68 67 66 67 66 66 66 66 66 67 67 65 65 64 64 64 64 63
    63 64 65 66 66 66 65 66 65 66 67 67 67 67 66 67 66 67 66 64 63 63 63
    64 63 64 61 62 62 63 64 63 62 62 62 62 63 63 63 63 62 63 61 63 63 63
    63 63 65 65 65 63 62 62 62 63 62 63 63 64 64 64 65 65 63 65 64 64
    109 118 124 99 61 45 6 80 62 70 9 58 59 59 56 78 55 47 61 19 115 66
    37 24 65 76 59 48 30 80 56 86 107 26 86 27 2 80 10 11 15 16 88 38
    108 93 98 97 100 52 59 26 74 36 84 100 47 48 25 96 84 5 118 67 91 63
    63 63 63 62 61 60 60 60 59 59 59 58 59 59 58 58 57 56 58 58 59 59 58
    57 58 58 58 60 60 61 63 63 62 63 65 65 64 64 64 64 65 64 66 67 67 68
    66 65 65 65 64 64 64 65 65 65 65 65 66 65 64 64 63 63 63 64 65 65 64
    63 63 63 64 65 65 63 64 64 64 64 65 65 65 63 63 69 69 68 68 69 67 67
    68 67 68 67 67 67 67 67 67 67 67 67 68 68 67 68 67 67 66 66 66 66 66
    65 65 63 64 64 63 63 63 64 64 65 65 65 65 66 65 67 67 67 68 67 67 67
    67 68 67 65 64 64 64 65 64 64 62 62 63 63 64 63 62 62 62 62 63 62 62
    62 61 61 60 62 63 63 62 62 64 64 64 63 61 61 62 63 62 62 63 64 63 64
    64 64 63 64 63 64 72 91 119 87 56 114 89 119 1 12 113 22 18 96 37
    116 91 127 35 122 14 62 42 33 14 37 45 32 53 31 102 87 39 29 31 41
    47 80 8 12 38 83 102 27 15 30 89 27 24 8 16 98 50 97 83 13 77 114
    116 84 41 35 114 104 74 64 63 63 63 62 61 61 61 60 60 60 59 58 59 58
    58 58 57 56 57 57 58 58 57 56 57 57 57 58 59 61 62 62 62 63 65 66 65
    64 65 64 65 65 67 68 68 69 67 66 66 66 65 65 65 65 66 65 66 66 67 66
    65 64 63 63 62 63 64 65 64 62 62 62 63 63 63 62 63 62 62 63 63 64 63
    62 61 70 70 69 69 69 68 68 68 68 68 67 68 67 67 67 67 68 67 67 68 68
    67 68 67 67 67 67 66 66 66 65 65 64 64 64 64 63 63 64 65 65 66 66 65
    66 65 66 66 66 67 66 67 66 66 68 67 66 65 64 65 66 65 66 64 64 64 65
    66 64 64 63 63 63 63 62 62 62 61 61 60 62 62 63 62 62 64 65 65 63 61
    62 62 63 62 62 63 64 64 63 64 64 63 64 63 64 53 49 116 107 66 114 48
    70 28 121 37 35 50 44 98 66 111 94 108 125 3 89 16 85 124 81 31 69
    84 86 89 76 43 84 68 9 86 20 44 63 109 61 19 43 96 19 55 14 40 47 10
    78 25 5 16 1 88 19 35 87 8 51 60 82 50 63 62 62 62 61 60 61 62 61 61
    60 60 59 59 59 60 59 58 58 59 60 60 60 58 57 58 58 58 59 60 61 63 62
    62 63 65 66 64 64 64 64 65 65 67 67 68 69 66 65 65 65 64 64 63 64 64
    64 64 64 65 64 63 63 62 63 62 63 65 65 64 63 62 63 63 63 64 63 64 63
    63 63 64 65 64 62 61 68 68 68 68 68 67 67 67 67 67 66 67 66 66 66 67
    67 67 67 68 67 67 68 67 67 66 67 66 66 66 66 65 64 64 64 64 63 63 64
    64 65 65 65 64 66 64 66 65 66 67 66 65 65 65 67 66 65 65 64 64 66 65
    66 63 63 64 64 65 64 64 63 63 64 64 64 64 63 62 62 61 63 64 64 63 63
    65 65 65 63 61 62 61 62 62 63 63 64 64 64 65 65 64 65 64 65 54 26 66
    93 19 15 78 13 78 99 79 122 30 113 31 62 11 87 36 19 74 48 39 25 16
    119 43 103 72 62 104 14 22 64 57 116 109 71 61 30 6 92 48 48 7 101
    116 72 115 111 22 92 41 2 10 102 104 25 25 122 78 125 121 11 56 63
    62 62 63 62 61 61 63 62 62 61 61 59 59 60 60 59 58 58 58 59 59 59 57
    57 58 57 58 58 60 61 63 62 62 64 66 67 66 65 65 65 66 65 67 68 68 69
    67 65 65 65 64 63 63 63 63 63 64 64 64 63 63 62 61 62 61 63 64 64 64
    62 62 63 63 63 63 63 64 63 63 63 64 65 64 62 62 68 68 68 68 67 66 67
    67 67 67 66 67 67 67 66 67 67 67 67 68 67 67 67 66 66 66 66 65 66 66
    66 65 64 64 64 64 64 64 64 65 65 66 66 65 66 65 66 65 66 67 66 65 66
    66 67 66 66 65 64 65 66 65 66 63 64 64 65 66 65 64 64 64 65 65 65 65
    64 63 63 62 64 64 65 64 64 65 65 65 64 62 63 62 63 63 63 64 65 65 65
    65 65 64 65 65 65 104 38 108 9 82 78 43 98 80 13 108 85 89 8 92 65 3
    23 70 19 118 51 93 46 77 117 119 56 92 78 21 60 79 42 86 86 47 15 60
    126 27 62 125 69 24 36 73 99 28 91 78 101 74 33 19 48 88 57 45 6 127
    57 110 28 85 64 63 63 63 62 62 62 63 62 62 62 62 60 61 61 61 60 58
    59 59 60 60 60 59 58 59 58 59 60 61 62 64 63 64 66 68 68 68 67 67 67
    67 67 68 69 69 70 68 66 66 65 64 63 63 63 63 63 64 63 64 62 62 61 60
    61 60 61 63 63 63 62 62 63 63 63 63 62 64 63 63 63 64 65 64 63 63 68
    68 67 67 67 65 65 66 65 65 64 65 65 65 64 65 65 65 65 66 65 66 66 66
    66 66 66 66 66 66 66 65 64 64 65 65 64 65 65 66 66 66 66 66 66 65 66
    65 66 67 65 64 65 65 66 65 65 64 64 65 66 65 66 64 64 65 65 66 66 65
    65 65 65 65 65 65 65 64 65 63 65 66 66 65 65 66 66 66 65 63 63 63 63
    63 63 64 65 65 64 64 65 64 65 64 65 64 35 117 61 15 63 86 61 87 117
    15 57 16 115 100 79 3 27 126 22 6 102 111 82 118 87 52 74 64 101 9
    110 3 31 13 116 104 10 64 44 61 73 126 11 116 110 45 23 56 50 0 97
    114 90 52 65 77 84 90 44 88 112 5 17 31 63 62 62 62 62 61 61 62 61
    62 61 61 60 61 61 61 60 59 59 60 60 61 61 60 59 60 60 60 61 62 63 65
    64 65 67 69 69 69 68 68 68 67 66 68 68 69 70 68 66 66 64 63 63 62 62
    62 62 63 63 64 63 62 61 60 60 59 60 62 62 61 61 61 62 62 63 62 61 63
    62 62 62 63 64 64 63 62 68 68 67 67 67 65 65 66 65 65 64 65 65 65 64
    65 65 65 64 66 65 66 66 66 66 67 66 66 67 66 66 66 65 65 67 66 66 67
    67 67 67 67 67 67 67 66 67 66 66 67 66 65 65 66 66 65 64 64 64 65 66
    66 67 65 66 66 66 67 67 67 66 67 67 67 67 67 67 66 66 64 65 66 66 65
    65 65 65 65 63 62 62 61 61 62 62 63 64 64 64 64 65 64 65 64 65 110
    124 107 91 80 71 35 109 83 78 25 110 105 0 55 83 122 5 101 71 27 30
    26 2 116 37 15 59 65 64 42 117 5 114 122 65 120 117 108 24 105 111
    45 78 15 73 51 118 109 12 115 97 94 22 67 23 89 79 29 27 67 70 1 11
    81 64 62 63 62 62 62 61 63 62 63 62 62 61 62 62 62 61 60 60 60 61 62
    62 61 60 60 59 60 60 61 62 63 63 64 65 67 68 66 66 66 65 65 65 67 67
    68 68 67 65 65 63 62 62 61 61 62 61 62 62 63 62 62 60 60 60 59 60 61
    62 61 60 61 61 62 63 62 61 63 62 62 63 64 65 65 63 63 68 68 67 68 67
    66 65 66 65 65 64 65 64 64 64 65 64 64 64 65 64 65 65 65 65 65 65 66
    66 66 66 66 65 65 67 66 66 67 67 68 68 68 68 68 68 67 68 67 67 68 67
    66 66 66 66 65 64 64 64 64 65 65 66 64 65 65 65 66 66 66 66 66 67 67
    67 67 67 66 66 65 66 66 66 65 66 66 65 65 64 63 63 62 62 62 63 64 65
    66 65 65 65 64 65 64 64 81 111 33 96 65 123 35 38 30 114 96 97 70 54
    17 5 100 13 108 101 101 112 12 35 16 93 91 98 65 64 77 86 109 83 89
    98 108 84 20 119 68 68 4 119 40 87 28 63 24 22 19 69 98 53 101 1 44
    74 8 85 125 74 53 26 81 64 62 62 62 62 62 62 63 62 62 61 62 61 62 63
    62 61 60 61 61 62 62 62 61 60 61 60 61 61 62 63 64 63 64 66 67 68 67
    66 66 66 65 65 67 67 68 68 66 65 65 63 62 62 61 61 62 61 62 62 63 62
    62 61 60 60 59 59 61 62 61 61 62 62 63 63 63 61 62 61 61 62 63 64 64
    63 62 68 68 67 67 67 66 65 66 65 65 64 65 64 64 64 64 64 63 63 65 64
    64 65 65 65 65 65 66 66 66 66 66 65 65 67 66 66 67 66 67 66 66 67 67
    66 65 66 65 65 66 65 64 64 64 65 64 63 64 63 64 64 64 66 64 65 66 66
    67 67 67 66 67 68 68 68 68 68 67 67 66 66 67 66 66 66 66 66 66 65 63
    63 63 63 63 63 64 65 65 65 65 65 64 65 64 64 22 43 4 56 16 126 1 55
    62 42 67 76 126 77 16 85 54 1 45 14 81 26 28 96 102 117 121 85 100
    46 32 0 25 1 81 17 26 65 42 31 100 123 0 85 114 90 98 126 48 120 26
    25 25 11 51 102 85 76 21 104 94 108 123 77 38 64 62 63 62 63 63 63
    64 63 63 62 63 62 64 64 63 62 61 61 61 62 63 62 61 61 61 60 61 61 62
    62 63 63 64 65 67 67 66 65 65 65 65 65 66 67 68 68 66 65 65 63 63 62
    62 62 62 62 63 63 64 63 63 62 61 60 60 60 61 62 62 61 62 62 62 62 62
    61 62 61 61 62 63 63 64 62 61 66 66 66 66 66 65 65 66 65 65 64 65 64
    65 64 64 64 64 64 65 64 65 64 64 64 65 65 65 65 65 65 64 64 64 66 65
    65 65 65 66 65 65 66 66 65 65 66 65 65 65 65 64 64 64 65 64 63 64 64
    64 64 65 66 65 66 67 67 67 67 68 67 68 68 68 68 68 68 68 68 66 67 67
    67 67 67 67 66 66 65 64 64 63 63 63 63 64 65 65 65 65 65 64 64 64 64
    18 60 74 22 81 113 84 78 17 75 39 45 60 5 85 96 89 89 60 12 11 65
    104 3 14 74 76 40 13 87 125 97 78 111 87 36 21 64 81 15 107 119 10
    101 47 67 28 107 125 17 35 65 1 26 104 27 33 28 5 114 56 53 23 8 80
    64 63 63 63 63 63 63 64 63 63 61 62 61 63 63 62 61 59 60 60 61 62 61
    60 60 60 60 61 60 61 62 63 63 64 65 66 67 66 64 65 65 64 64 65 66 67
    67 65 64 64 63 62 62 62 61 62 62 62 63 64 64 64 63 62 61 61 60 62 63
    63 62 63 63 64 63 63 62 63 62 62 63 64 64 65 64 63 65 65 64 65 64 64
    64 65 64 64 63 64 64 64 63 64 63 63 63 64 63 64 64 63 64 64 65 64 64
    64 64 64 63 64 66 65 65 66 65 66 65 65 66 66 65 65 66 64 65 65 65 64
    64 64 64 64 63 64 63 63 63 64 66 65 65 66 66 67 67 67 67 67 67 67 67
    68 67 67 67 66 66 66 66 66 66 66 66 66 65 64 64 64 64 64 64 65 66 66
    65 66 65 65 65 64 64 106 18 114 89 104 49 52 21 21 127 30 112 91 102
    66 126 7 4 2 55 112 65 103 47 69 66 95 70 118 5 76 107 126 67 50 80
    15 70 117 120 48 105 111 62 49 27 44 15 8 25 41 39 93 14 119 104 91
    95 99 56 1 108 16 40 102 63 62 63 62 62 63 63 64 63 63 62 63 61 63
    63 62 61 60 61 61 62 62 61 60 60 61 61 61 61 62 62 63 63 64 65 66 67
    66 65 65 65 64 64 66 66 67 67 65 64 65 63 63 63 62 61 63 62 63 63 65
    64 64 63 62 62 61 60 62 63 63 62 63 63 63 63 64 62 63 62 63 64 64 65
    66 65 64 64 63 63 64 63 63 63 64 63 63 62 63 63 63 62 63 63 63 64 64
    63 65 64 64 64 64 65 64 64 63 64 63 63 63 65 65 65 65 64 65 64 65 65
    65 65 65 66 64 65 65 64 63 64 63 63 63 63 64 63 63 63 64 66 65 66 66
    67 67 67 68 67 68 68 68 68 68 68 68 67 65 65 65 65 65 65 65 65 65 64
    63 63 63 63 64 64 65 66 66 66 66 66 65 65 64 65 112 15 80 62 24 85
    101 60 48 29 105 74 61 0 102 115 85 16 16 4 127 59 17 72 80 56 49 70
    99 94 101 105 103 94 49 84 43 86 46 106 86 48 13 100 3 37 114 26 107
    89 39 18 13 31 25 103 44 40 103 8 99 36 126 27 113 64 63 64 63 64 64
    65 66 65 65 63 64 63 64 64 63 62 61 62 62 62 62 61 60 60 61 61 61 61
    61 62 63 63 64 65 66 67 67 66 66 66 65 65 66 66 67 66 65 64 64 62 62
    62 61 61 62 61 62 63 64 63 63 63 62 62 61 60 62 63 63 62 63 63 64 63
    64 62 63 62 63 64 64 65 66 65 64 64 64 64 64 64 63 64 64 63 63 62 63
    63 62 62 63 62 62 63 64 63 64 64 63 64 64 65 64 64 63 64 64 64 64 67
    66 66 67 66 66 66 66 67 66 67 67 67 66 66 67 66 65 65 64 64 64 64 65
    64 63 64 64 66 65 66 66 66 67 66 67 66 67 67 67 67 67 66 66 65 64 63
    63 63 63 63 63 62 62 62 61 61 61 62 62 63 64 65 65 65 66 65 65 66 65
    65 116 71 9 12 92 37 90 60 19 84 21 54 42 62 94 2 21 7 29 55 44 121
    117 117 11 9 111 124 75 44 17 33 90 59 109 44 67 19 29 10 92 27 35
    121 8 34 7 103 40 63 46 127 88 49 72 37 49 69 25 17 4 83 43 101 32
    63 62 62 62 63 64 65 66 65 65 63 64 63 64 64 63 62 61 62 63 63 62 61
    60 60 61 61 61 60 62 61 62 63 64 64 65 66 66 65 66 66 64 63 64 65 66
    65 64 63 64 62 62 62 61 60 61 61 61 62 63 63 63 62 62 61 61 60 61 62
    63 62 63 63 63 63 64 63 63 63 63 64 64 65 66 65 65 64 64 64 65 64 64
    64 64 63 63 63 63 63 62 62 63 62 62 63 64 63 64 63 62 63 63 64 63 63
    62 63 63 62 63 65 64 65 65 64 65 65 65 66 65 66 66 66 65 66 66 66 65
    64 63 63 64 63 64 63 63 63 63 65 64 65 65 65 66 66 67 67 67 68 67 67
    67 66 67 66 65 65 64 64 64 63 62 62 61 61 59 60 60 61 62 62 63 63 64
    64 65 64 64 65 65 65 0 102 43 104 53 87 15 127 46 93 20 111 8 19 47
    126 45 14 103 46 56 73 119 107 96 9 18 97 30 95 0 77 13 116 2 84 86
    29 11 126 127 22 26 55 14 24 52 123 56 114 87 34 127 77 40 23 103 91
    25 62 48 4 113 52 44 64 63 63 63 63 64 65 66 64 64 63 64 62 63 63 62
    62 61 62 63 63 63 62 61 62 62 62 63 62 64 63 64 65 66 66 67 67 67 66
    66 66 64 64 64 65 65 65 64 63 63 62 61 61 60 60 61 61 61 62 63 63 63
    62 62 62 61 60 61 62 62 62 63 63 63 63 64 62 62 62 63 63 64 65 65 65
    65 65 65 64 65 64 64 64 64 64 63 64 64 64 63 63 63 63 62 63 64 63 64
    63 62 63 63 63 62 62 61 62 61 61 62 64 63 64 65 63 64 64 65 66 65 66
    66 67 66 66 67 66 65 64 63 63 63 63 64 62 62 63 63 64 64 65 65 65 66
    66 68 68 69 69 68 68 68 67 67 66 66 65 64 64 64 64 63 62 61 61 60 60
    60 60 61 61 62 62 62 63 63 63 62 63 63 64 36 59 108 2 23 19 46 79 69
    72 85 19 73 64 65 0 34 65 32 13 98 120 70 69 17 76 125 95 14 37 81
    80 40 21 92 43 2 1 88 93 30 66 15 44 29 99 98 28 29 122 95 33 42 33
    57 119 93 124 101 103 22 98 101 60 113 64 63 63 63 64 65 65 65 64 64
    63 64 63 64 63 62 62 62 63 63 64 63 62 62 62 63 63 63 62 64 63 64 65
    65 65 66 67 67 66 66 66 64 64 64 65 66 65 64 63 62 61 61 61 60 59 60
    59 60 60 62 62 62 61 61 61 60 59 60 61 62 63 63 63 63 63 64 63 63 63
    63 64 65 66 66 66 66 67 66 66 66 65 65 65 65 64 64 64 64 64 63 63 64
    63 62 63 64 63 64 63 62 63 63 63 63 62 61 62 61 61 61 63 62 63 64 62
    63 64 64 65 64 65 65 66 65 65 66 66 64 63 63 62 63 62 63 61 62 63 63
    64 64 64 65 65 65 66 67 67 68 69 69 69 69 67 67 66 66 66 65 65 65 64
    63 62 61 61 59 60 59 59 60 60 61 61 61 61 62 61 61 62 62 62 70 50 49
    68 67 47 9 41 84 126 100 32 84 118 67 117 61 22 124 0 81 43 121 32
    112 10 8 111 93 82 7 36 95 22 45 11 116 113 91 57 68 106 116 113 120
    13 32 101 3 26 31 83 45 73 68 27 119 74 69 22 59 34 92 19 110 64 63
    63 63 63 64 64 65 64 64 63 63 62 63 63 62 62 62 63 63 63 62 62 61 62
    62 62 62 62 63 63 64 65 65 65 66 67 67 66 66 66 64 64 65 65 66 65 64
    63 63 61 62 61 60 59 60 60 60 61 62 62 62 61 61 61 61 59 61 62 63 64
    64 64 65 64 65 64 64 64 65 66 66 67 68 68 68 65 65 65 65 64 65 65 64
    64 63 63 64 64 63 63 64 63 62 63 63 63 64 62 62 63 63 63 62 62 61 62
    61 60 60 62 62 63 63 61 62 62 62 63 63 63 63 64 63 64 65 65 63 63 62
    62 63 62 63 62 63 64 64 65 65 65 65 65 65 66 67 67 68 69 69 69 69 67
    67 66 66 65 64 64 64 63 62 62 61 60 59 59 58 58 59 59 60 60 60 61 61
    61 60 61 61 62 61 63 64 64 64 63 63 63 62 61 61 60 61 61 61 63 62 62
    62 62 63 63 63 63 64 64 64 64 65 64 65 65 63 64 64 65 64 62 63 64 63
    62 62 63 63 63 63 63 64 64 63 64 62 62 63 63 63 63 64 64 64 64 64 65
    65 64 63 64 64 64 65 65 66 65 65 64 65 64 64 64 63 62 62 63 63 63 62
    61 61 61 61 61 62 61 62 62 63 64 65 64 65 66 66 65 65 65 64 63 63 64
    64 63 62 61 60 60 60 60 58 58 59 58 59 59 61 61 61 61 60 61 61 59 60
    61 62 64 65 65 65 65 66 65 65 64 65 66 66 68 69 69 69 66 66 66 66 65
    66 66 65 64 64 64 65 65 64 63 64 63 63 64 63 63 64 62 62 63 63 63 62
    61 60 61 60 60 59 61 61 61 61 60 60 60 60 61 61 62 62 63 62 63 64 65
    63 62 62 62 63 63 64 63 64 64 64 65 65 65 65 65 65 66 66 67 68 69 68
    68 68 67 67 66 66 65 65 64 64 64 62 62 61 60 59 59 58 58 59 60 61 60
    60 61 62 61 61 62 63 63 62 64 64 65 65 64 64 64 63 63 62 61 62 62 62
    63 63 63 62 63 63 63 63 63 64 64 65 65 65 65 65 65 63 64 64 65 64 63
    62 63 62 61 61 62 63 63 63 63 63 63 63 63 61 61 62 62 62 63 63 63 63
    63 63 64 64 63 62 63 64 64 65 66 66 65 65 64 65 64 65 64 63 63 63 64
    63 64 63 63 62 63 63 63 64 63 64 64 64 66 66 66 66 68 67 66 66 65 64
    63 64 64 64 63 62 61 60 60 60 60 58 58 59 58 59 60 61 61 61 61 60 60
    60 59 60 60 61 63 64 64 64 64 65 64 64 63 64 65 65 66 67 68 68 65 65
    65 66 65 65 66 65 64 64 64 65 65 64 64 64 63 63 63 63 63 63 61 60 61
    62 62 62 61 59 60 59 59 59 61 60 61 61 59 60 60 60 61 61 62 62 63 63
    64 64 65 63 63 62 63 63 63 64 63 64 64 64 65 65 65 65 65 65 66 66 67
    68 69 69 68 69 68 68 67 67 66 66 66 66 65 63 63 62 61 60 60 59 59 60
    61 61 61 61 62 63 63 63 64 64 64 63 65 65 66 66 65 65 65 64 63 63 61
    61 62 62 63 63 63 62 63 63 64 63 64 64 64 65 65 66 65 65 65 64 64 64
    65 63 62 62 62 61 61 61 62 62 62 63 63 63 64 64 63 61 62 63 63 63 64
    64 64 63 63 63 64 64 64 63 63 64 65 66 66 66 66 66 66 66 66 66 66 64
    64 65 65 65 65 65 64 63 64 64 64 63 63 64 64 65 66 67 65 66 68 67 66
    66 65 64 63 64 64 64 63 62 61 60 59 60 60 58 58 59 59 60 60 62 61 61
    62 61 62 62 61 62 62 64 65 66 66 66 66 66 65 65 65 65 66 66 67 68 68
    69 64 64 64 64 64 64 65 65 64 63 64 65 66 65 65 65 64 64 64 64 64 64
    63 61 62 63 63 62 61 60 60 59 59 59 61 61 62 61 60 60 61 60 61 61 62
    62 63 62 63 63 64 62 61 61 62 62 61 62 62 63 63 62 64 64 64 64 65 64
    66 67 67 68 70 69 69 69 68 68 68 68 67 67 66 66 65 63 62 62 61 59 60
    59 59 60 61 61 62 61 62 63 63 62 63 64 64 64 65 65 65 65 65 64 64 62
    62 62 61 61 61 61 63 62 62 61 63 63 64 63 64 64 64 65 64 65 64 64 64
    62 63 62 63 62 60 60 61 60 60 60 62 62 62 62 63 63 64 64 63 62 63 64
    64 64 64 64 64 63 63 63 65 64 64 63 63 64 65 66 66 66 65 65 65 65 65
    66 65 63 63 63 63 62 63 63 62 62 62 63 63 63 63 64 64 65 66 67 66 67
    68 68 66 66 66 64 64 64 64 64 63 62 61 60 60 60 60 58 58 59 60 60 60
    62 61 62 62 62 62 63 62 62 63 64 65 66 66 65 66 66 65 65 65 65 66 65
    65 66 67 67 64 64 64 64 63 64 65 64 63 64 65 66 66 65 65 65 64 64 64
    64 64 64 63 61 62 64 63 62 61 59 59 59 59 60 61 62 62 61 60 61 62 61
    61 62 62 63 64 63 64 64 64 63 62 62 62 62 62 63 62 63 63 63 64 64 64
    65 65 64 65 66 66 67 68 68 68 68 66 67 66 66 65 65 65 65 64 62 62 61
    60 59 59 59 59 59 60 60 61 60 61 61 61 61 62 63 63 63 65 64 64 64 64
    63 63 62 62 63 61 61 61 62 63 63 63 62 63 64 64 64 64 65 64 64 64 64
    64 64 64 62 62 62 63 61 60 60 61 60 60 61 62 63 63 63 63 64 64 65 64
    62 62 63 64 63 64 64 63 62 62 63 64 63 63 63 63 63 64 65 65 65 65 65
    65 65 65 65 64 62 63 63 63 62 63 63 62 62 63 63 63 63 63 64 64 65 67
    67 66 67 68 67 66 66 65 64 63 63 63 63 61 61 60 59 59 60 60 58 58 59
    59 59 60 61 61 61 62 62 62 63 62 62 62 63 64 65 65 64 65 66 65 65 65
    65 66 65 65 66 67 67 63 64 64 63 64 64 65 65 63 64 64 65 65 65 65 65
    64 64 64 64 65 65 63 62 63 64 64 63 61 60 60 60 60 61 62 62 62 62 61
    61 62 61 62 62 62 63 64 63 63 64 65 63 62 62 62 62 61 63 62 64 63 63
    64 64 65 65 65 64 66 66 66 67 69 69 68 68 67 67 66 66 65 65 65 64 63
    62 62 62 61 59 59 59 59 59 60 61 61 61 61 62 62 62 63 63 63 63 65 65
    65 65 65 64 63 62 63 63 62 62 62 62 64 63 63 63 64 64 65 64 65 65 65
    64 64 63 63 64 63 61 62 62 63 62 60 60 61 61 61 62 63 64 64 64 64 65
    66 66 65 64 64 65 65 64 65 65 63 63 63 64 65 64 63 63 63 64 64 65 65
    65 65 65 64 65 65 65 64 62 63 64 63 63 64 63 63 63 64 63 63 64 63 65
    64 64 66 66 65 65 66 65 64 64 64 62 61 61 61 61 60 60 59 58 58 59 59
    57 57 58 58 58 59 60 61 60 61 61 61 62 61 61 62 63 64 64 65 64 64 65
    65 64 64 65 65 65 65 66 66 66 64 64 64 64 64 65 65 65 64 64 65 66 66
    65 65 65 63 64 65 65 66 66 64 63 64 65 65 63 62 61 60 61 61 62 63 63
    62 62 61 61 62 61 61 61 62 62 63 63 63 63 64 63 62 61 62 62 61 62 62
    63 62 63 64 64 64 65 65 64 65 65 66 67 69 69 69 68 67 68 66 66 66 65
    65 65 64 63 63 62 62 60 60 60 60 60 62 62 63 62 63 63 64 64 64 65 64
    64 66 66 66 66 65 64 64 62 63 63 62 62 62 62 63 63 63 63 64 65 65 64
    65 66 65 65 64 63 63 64 64 62 63 62 63 62 61 60 61 61 61 62 63 63 64
    64 64 64 66 65 65 64 64 65 65 65 65 66 65 64 66 66 66 65 65 65 65 65
    65 66 66 65 65 65 64 65 64 64 63 62 62 62 63 62 63 63 62 62 63 63 62
    62 62 63 62 63 64 64 63 64 64 63 62 62 61 60 60 60 60 60 59 59 58 58
    58 59 58 57 58 59 59 60 60 61 61 61 62 62 62 63 62 62 63 64 65 65 66
    65 65 66 66 65 66 66 67 66 66 67 67 67 64 64 64 63 64 64 65 65 63 64
    64 65 65 65 64 64 63 64 65 64 65 65 64 62 63 64 64 62 60 60 60 60 60
    60 61 60 60 59 59 59 60 59 60 60 61 62 62 62 62 62 64 63 61 61 61 61
    61 62 62 62 61 62 63 63 63 64 64 63 64 65 65 67 68 68 67 67 66 67 66
    66 66 66 65 66 65 64 64 64 63 62 62 61 62 62 63 64 64 63 64 64 64 65
    65 66 66 66 67 67 66 66 66 65 64 63 63 64 64 63 63 63 64 63 64 63 64
    65 65 65 65 66 65 66 65 64 64 65 65 62 63 63 64 64 62 61 63 62 62 63
    64 64 64 65 64 64 65 65 64 63 62 63 64 63 64 64 63 63 64 64 64 64 64
    64 65 65 65 66 66 65 65 65 65 65 65 64 63 62 62 62 62 62 63 62 61 61
    62 63 62 62 62 63 63 63 65 65 63 64 65 64 63 63 62 61 60 61 61 61 59
    59 58 58 59 59 59 58 58 59 60 60 61 62 62 62 63 63 63 64 63 63 64 65
    65 65 66 65 65 66 66 65 65 65 66 66 66 66 67 67 64 64 64 64 64 64 65
    65 64 64 65 66 66 65 66 66 65 65 66 65 66 66 66 64 64 65 65 63 61 61
    60 61 60 60 61 61 60 60 59 59 60 60 60 60 61 62 62 62 61 62 63 62 60
    60 60 60 60 61 61 62 61 62 63 63 63 65 65 64 64 65 65 67 69 69 69 68
    67 67 67 66 66 65 65 65 64 64 64 64 62 61 61 60 61 62 63 63 64 63 63
    64 64 65 65 67 66 66 67 67 67 66 66 64 64 63 63 64 64 63 62 62 63 62
    62 63 63 64 65 65 65 66 66 66 65 64 64 64 65 62 63 62 63 62 61 61 61
    61 61 62 63 62 63 64 64 64 64 64 63 62 63 63 64 63 64 64 63 63 64 64
    65 63 64 64 65 65 65 66 66 65 66 66 66 65 65 65 63 62 63 63 63 62 63
    63 61 62 63 62 61 62 61 62 61 62 64 63 62 62 64 63 62 61 61 59 59 59
    60 60 59 58 57 57 58 58 58 57 58 59 60 60 60 62 62 62 62 62 63 64 63
    63 64 65 66 65 66 65 65 66 66 65 66 66 67 67 67 67 68 68 63 64 64 64
    64 64 65 65 64 64 65 66 66 65 65 66 65 65 66 66 67 67 66 64 65 65 64
    63 61 61 60 60 60 61 61 61 60 60 59 60 61 60 61 61 61 62 63 62 62 63
    64 62 61 61 61 60 60 61 61 62 61 62 62 62 62 63 63 63 63 64 64 66 68
    68 67 67 66 67 66 66 65 65 64 64 64 63 63 63 62 60 61 60 61 62 63 63
    64 63 64 64 65 65 66 67 67 66 67 67 67 66 66 65 65 64 64 65 65 64 63
    62 63 62 63 63 63 64 65 65 66 66 66 66 65 63 63 64 65 63 63 63 64 63
    62 61 62 62 61 62 63 62 63 64 64 63 63 63 62 62 63 63 64 63 63 63 63
    63 64 64 65 63 64 65 65 66 65 66 66 65 66 66 66 66 65 64 64 62 63 64
    64 63 63 63 62 62 63 63 62 63 62 63 62 63 64 64 62 63 64 63 62 62 62
    60 60 60 60 61 60 60 59 59 59 60 60 59 59 59 61 61 62 63 63 62 63 63
    63 64 64 63 64 65 66 66 66 66 65 66 66 65 66 66 66 66 67 66 67 68 65
    66 66 65 65 64 65 65 64 65 65 66 66 65 65 64 63 64 64 65 67 67 66 64
    65 65 65 64 62 62 62 62 62 62 63 63 62 60 60 60 62 61 62 62 62 63 63
    63 63 64 65 63 62 62 62 61 61 61 61 62 61 62 62 61 62 63 62 61 62 63
    63 65 67 67 67 66 65 66 65 65 65 64 64 64 64 64 63 64 62 61 61 60 61
    62 64 63 65 64 64 64 65 65 66 67 66 66 66 66 66 65 64 63 63 62 62 63
    63 62 62 61 61 61 61 62 63 64 64 64 65 66 66 65 65 64 64 64 64 63 64
    63 64 63 61 61 61 62 61 62 63 62 62 63 63 63 62 62 62 62 62 63 64 63
    62 63 62 62 64 64 64 63 64 64 65 65 65 66 66 66 67 66 66 67 66 65 65
    63 65 65 65 64 64 64 63 63 63 63 62 62 61 62 61 62 63 62 61 62 63 62
    61 61 61 60 60 60 60 61 60 60 59 59 59 59 59 58 58 59 60 60 61 61 62
    61 61 61 62 63 63 62 63 64 65 64 65 64 64 65 65 64 64 64 65 64 64 64
    65 65 64 65 65 64 64 64 65 64 63 64 65 65 65 64 64 64 63 64 64 64 66
    66 66 64 65 65 64 63 62 62 61 61 62 62 62 62 61 60 60 60 61 60 60 61
    61 62 62 62 62 63 64 63 62 62 62 61 61 61 62 63 62 62 62 62 62 64 63
    62 63 63 64 66 67 67 66 66 64 65 64 64 64 64 64 64 63 63 63 64 62 61
    60 60 61 62 63 63 64 64 63 63 64 64 65 66 65 65 65 65 65 65 65 63 63
    62 63 64 64 63 63 62 62 62 62 63 63 64 65 64 65 65 65 65 64 63 63 63
    64 63 63 63 64 62 61 60 60 61 61 61 62 62 62 62 62 62 62 62 61 60 61
    62 63 62 62 62 62 62 63 64 64 63 64 64 65 65 65 65 65 65 66 66 66 66
    66 65 65 63 64 65 64 64 64 65 64 64 64 63 62 62 62 62 62 62 63 62 61
    62 62 61 61 61 61 59 59 60 60 61 60 60 59 59 60 60 60 59 59 60 61 61
    61 62 62 61 62 61 62 62 62 62 62 62 63 62 63 63 63 64 64 62 63 63 64
    64 64 64 64 65 66 67 67 66 65 65 66 65 65 65 66 66 65 65 64 64 63 64
    63 64 65 66 65 64 64 64 64 63 62 63 62 62 62 62 62 62 61 60 60 61 62
    61 62 62 62 62 63 63 63 64 65 64 63 63 63 62 61 62 62 63 62 62 62 61
    62 63 62 62 62 63 63 65 67 66 66 66 64 64 64 64 64 64 64 63 63 63 62
    63 61 60 60 60 60 61 63 62 63 63 63 62 63 64 64 66 64 64 64 65 65 64
    63 62 62 61 61 63 63 62 62 61 61 61 61 61 62 63 64 63 64 64 64 64 63
    62 63 63 63 63 63 63 64 63 62 61 61 62 62 63 63 63 63 63 64 63 63 62
    62 61 62 63 64 63 62 62 61 62 63 63 64 63 64 63 64 64 64 64 64 63 64
    64 64 64 63 62 62 61 62 62 62 61 62 63 62 62 63 63 61 62 62 62 62 62
    63 62 61 62 62 61 61 61 61 59 59 60 60 61 61 61 60 60 61 61 61 61 61
    61 62 62 62 63 63 63 62 62 62 63 62 62 62 62 62 62 63 62 62 63 63 61
    62 62 63 63 63 62 63 63 66 67 66 66 65 65 65 65 64 65 66 66 65 65 65
    65 63 64 63 64 65 66 65 63 64 65 63 62 62 62 61 61 61 61 61 61 60 59
    59 60 61 60 60 61 60 60 61 62 61 62 63 62 62 62 61 60 60 60 61 62 61
    62 62 61 61 63 63 62 63 64 64 66 68 68 68 67 66 66 66 65 65 65 65 65
    64 64 63 64 62 61 61 60 61 62 63 62 64 63 63 62 63 64 65 66 65 65 65
    66 66 65 65 63 64 62 62 63 64 63 62 61 61 61 61 61 61 62 63 62 63 63
    63 63 63 62 62 62 63 62 63 62 64 63 62 61 62 62 63 63 64 64 64 64 64
    63 63 63 63 62 63 63 64 64 63 62 62 62 63 64 64 63 65 64 65 65 65 64
    64 64 65 65 65 65 65 64 64 62 63 63 63 62 63 63 62 62 63 63 62 62 62
    63 62 62 63 63 63 63 64 63 62 62 62 61 61 62 62 63 62 62 62 61 63 63
    63 63 63 63 64 64 64 65 65 64 64 63 63 64 63 63 62 62 62 62 63 62 62
    62 61 60 60 61 61 61 62 61 61 62 66 67 66 65 65 65 65 65 64 65 66 67
    66 66 66 65 64 65 64 64 65 65 65 63 64 65 64 63 62 62 61 61 61 61 61
    61 60 59 59 60 61 60 60 60 60 60 61 61 61 62 63 61 61 62 62 61 60 61
    61 62 62 62 63 62 62 64 63 62 63 64 64 66 68 68 67 67 65 66 66 65 65
    65 64 65 64 64 64 64 63 62 62 61 61 63 64 63 65 65 64 64 64 65 66 67
    66 66 66 66 66 66 65 64 64 63 63 64 65 63 63 62 62 61 61 61 61 62 62
    62 62 62 62 62 61 60 61 61 61 61 61 61 63 62 62 61 61 61 62 62 63 63
    63 63 64 63 63 63 62 62 62 62 63 63 62 62 62 62 63 63 64 62 64 63 64
    64 64 64 64 64 65 65 65 65 65 64 64 63 64 63 63 62 63 63 62 62 63 63
    62 62 62 62 61 61 62 62 61 62 63 62 61 61 61 60 60 61 61 62 62 62 62
    61 62 62 63 63 63 63 64 63 63 64 64 64 63 62 62 63 63 62 62 62 62 61
    62 62 62 62 62 61 61 61 62 62 62 62 62 62 65 66 65 65 65 65 65 65 64
    65 66 67 66 66 66 66 64 65 64 64 65 65 65 63 64 64 64 63 62 62 61 61
    61 61 61 61 60 59 59 59 60 58 58 58 58 58 58 59 59 60 61 60 60 60 61
    60 60 61 61 63 62 63 63 62 62 64 63 62 63 64 64 65 67 66 66 66 64 64
    64 64 64 64 64 64 63 63 63 64 62 62 62 61 61 63 64 64 66 65 65 64 65
    66 67 67 66 67 67 68 67 67 67 65 65 64 64 65 65 64 63 62 61 61 61 61
    60 62 62 62 62 62 62 63 62 61 61 62 62 62 62 62 63 63 63 61 61 62 62
    62 62 62 62 63 64 62 61 62 62 61 61 61 62 61 60 60 61 61 62 62 62 61
    63 62 63 63 63 64 64 64 65 65 65 65 65 64 65 63 64 63 63 62 63 64 63
    63 63 63 62 62 63 63 62 62 63 63 63 64 64 63 63 62 62 61 61 62 62 63
    63 63 62 62 62 62 63 63 63 63 64 63 64 64 64 64 63 62 63 64 64 63 62
    62 62 61 62 62 62 62 62 61 61 61 62 61 61 61 61 62 64 65 64 64 64 64
    65 66 65 65 66 67 67 67 67 66 65 65 64 65 65 65 65 64 64 65 64 63 62
    63 62 62 62 62 61 62 60 59 59 60 60 59 58 58 58 58 58 59 59 60 61 60
    60 61 62 61 61 62 62 64 63 65 65 64 64 65 65 64 64 65 64 65 66 66 66
    66 64 65 65 64 64 64 64 64 63 63 63 64 63 62 62 62 62 63 65 64 66 66
    65 64 65 67 67 68 67 68 68 68 67 67 67 65 65 64 63 64 65 64 62 62 61
    60 60 60 59 61 62 61 62 62 62 63 62 61 62 62 62 63 63 63 64 64 63 62
    62 62 63 62 62 63 63 63 64 62 61 61 62 61 61 60 62 61 61 60 61 61 63
    63 63 62 64 63 64 64 63 64 64 65 65 65 65 65 65 63 63 62 63 62 62 61
    62 62 62 62 62 63 61 62 62 62 62 62 63 63 64 64 64 64 63 63 63 62 61
    62 62 64 63 63 62 62 62 62 63 63 63 63 64 63 63 64 64 64 62 62 62 63
    63 62 61 61 60 60 61 60 61 62 61 60 60 61 62 61 62 61 61 62 65 66 65
    64 65 64 65 65 64 65 66 67 66 66 66 65 64 64 63 64 65 64 64 63 63 64
    63 62 61 62 61 61 62 62 62 62 61 60 60 61 61 60 59 59 59 59 59 60 59
    60 61 60 60 61 61 61 61 62 62 64 63 64 65 64 65 66 65 65 65 66 65 66
    67 67 66 67 65 66 66 64 64 65 64 64 64 64 64 65 64 63 63 63 63 65 66
    65 67 67 66 66 67 68 68 69 68 69 69 69 68 67 67 66 66 65 64 65 65 64
    62 62 61 60 60 60 59 61 61 61 62 62 62 63 63 62 63 63 63 63 64 63 64
    64 64 63 62 62 62 62 61 61 61 62 62 61 60 60 61 60 60 59 60 59 60 60
    60 61 62 62 63 61 63 63 63 63 63 64 64 65 66 66 65 65 65 63 63 62 63
    61 61 61 62 62 62 61 61 62 61 61 61 62 61 62 62 62 63 64 64 63 63 62
    63 62 62 63 63 65 64 64 64 64 64 63 64 65 65 65 66 65 65 66 65 65 64
    64 64 64 64 63 62 62 61 60 61 60 61 62 61 61 61 61 62 61 62 60 61 62
    66 67 65 64 65 65 65 66 65 65 66 67 66 66 66 65 64 64 63 64 65 64 64
    62 63 64 63 62 61 62 62 62 63 63 63 62 61 60 61 61 62 61 60 60 60 59
    59 59 58 59 60 59 59 60 61 60 61 62 62 63 63 64 65 65 66 67 66 66 66
    67 66 67 68 68 67 67 66 66 66 65 65 64 64 64 64 64 63 65 63 63 63 63
    63 65 66 65 67 67 66 66 66 67 68 69 68 69 68 68 67 66 66 65 65 64 63
    64 65 64 62 62 61 60 60 60 60 61 62 61 63 62 62 63 63 62 62 63 63 64
    64 64 64 64 64 64 63 62 62 62 61 61 61 62 62 61 60 60 60 59 59 58 59
    59 59 60 61 62 62 63 63 62 64 63 64 63 64 64 65 66 66 66 66 66 65 64
    63 62 63 61 62 61 62 62 61 61 61 62 60 61 61 61 61 61 61 61 62 63 63
    62 62 62 62 62 62 63 63 64 64 65 64 65 65 65 66 67 67 67 68 67 66 67
    67 66 64 64 64 65 64 63 62 62 61 60 61 60 61 62 61 61 61 62 63 62 62
    61 61 62 65 66 64 64 65 64 65 65 64 65 66 67 65 66 66 65 64 63 62 63
    64 63 63 62 63 64 63 62 61 62 62 62 63 63 62 63 61 61 61 62 62 61 60
    60 60 59 60 59 58 58 59 59 59 60 60 60 60 61 61 63 62 64 65 65 65 67
    67 66 66 67 67 68 68 68 67 67 65 66 66 64 64 64 63 64 63 63 63 64 63
    62 62 63 63 64 65 64 67 67 66 66 66 68 68 69 68 69 68 68 67 67 66 65
    65 64 63 64 65 64 63 63 62 62 61 62 61 62 63 62 64 64 63 64 64 63 63
    64 64 65 65 65 65 65 65 64 64 63 63 62 62 62 61 62 62 60 60 59 59 59
    59 58 59 58 58 59 60 61 62 63 63 62 64 63 64 63 63 64 64 65 65 65 65
    65 64 63 62 62 62 60 61 60 62 61 61 61 61 62 61 61 61 61 61 61 61 62
    63 63 63 62 62 62 62 61 61 62 62 64 63 64 64 64 64 64 65 66 66 66 66
    65 65 65 66 65 64 63 63 63 63 62 61 60 60 59 61 60 61 62 61 61 61 62
    63 62 63 62 62 63 66 66 65 64 65 65 64 65 64 65 66 66 65 65 65 65 63
    62 61 62 63 62 62 61 62 63 62 61 61 63 62 62 63 63 62 63 61 61 61 62
    62 61 61 61 60 60 60 60 59 59 60 60 61 62 61 61 61 62 62 63 63 64 64
    64 65 66 66 66 65 66 66 67 68 67 66 66 65 66 66 65 64 64 63 64 63 64
    64 65 63 63 63 63 63 65 66 65 67 67 67 67 67 68 68 69 68 68 68 69 68
    67 66 65 65 64 63 64 65 64 63 63 62 61 61 62 61 62 62 62 63 63 63 64
    63 63 63 64 64 65 65 65 65 66 66 65 65 64 64 63 62 62 62 62 62 61 60
    59 60 60 59 58 58 58 58 59 61 62 63 63 63 63 65 63 64 63 63 64 64 65
    65 66 65 65 64 62 62 61 62 60 61 60 61 61 61 60 61 62 60 60 60 61 61
    60 61 61 62 62 62 62 61 61 61 60 60 61 61 63 63 63 64 65 65 65 66 67
    67 67 67 66 66 67 67 66 64 64 64 64 63 62 60 60 60 59 60 60 61 62 61
    61 61 62 63 63 64 63 64 65 68 68 66 66 66 66 66 66 66 66 66 67 65 66
    66 65 64 63 61 62 63 62 62 61 62 63 62 61 61 62 62 61 62 61 61 62 61
    60 61 61 61 60 60 59 59 59 59 59 58 59 60 60 60 61 61 61 61 63 63 64
    64 65 66 66 66 67 67 67 66 67 67 68 69 68 67 67 66 66 66 65 64 64 64
    64 64 65 64 65 64 63 63 64 64 66 66 66 67 68 68 67 67 69 68 68 68 68
    67 69 68 67 66 65 65 65 63 64 64 64 63 64 62 62 62 62 61 62 63 62 63
    63 63 64 64 64 63 64 64 65 65 65 65 65 66 65 65 64 64 62 62 62 62 62
    62 61 60 60 60 60 59 58 58 58 58 60 61 62 63 63 63 63 65 63 64 64 63
    64 65 66 66 67 66 65 64 63 63 62 62 60 62 61 61 61 61 61 61 62 61 61
    61 61 61 61 61 61 62 62 62 62 61 61 61 60 60 60 60 63 62 63 63 64 64
    64 66 66 67 67 67 66 66 67 67 66 64 64 64 64 63 62 60 60 60 60 61 61
    62 63 62 61 62 63 64 63 64 64 64 66 68 67 66 66 66 66 66 66 66 66 67
    67 66 66 66 66 64 63 61 62 63 62 62 61 63 63 62 62 62 62 62 62 63 62
    62 63 62 61 62 62 62 61 60 60 59 59 60 60 59 59 60 60 60 61 62 61 62
    62 63 63 63 64 65 65 65 66 66 66 66 66 66 67 67 67 66 66 65 66 66 65
    64 64 64 64 64 65 64 64 63 63 63 63 64 66 66 64 66 66 66 66 66 67 67
    67 67 67 67 68 67 67 65 65 66 65 64 65 65 65 64 64 63 63 63 63 62 63
    63 63 64 64 64 65 64 65 65 65 65 66 66 66 66 66 66 65 65 64 63 61 61
    61 61 61 61 59 58 58 58 58 58 57 57 57 58 59 61 62 63 63 62 63 64 63
    64 64 64 65 65 66 66 67 66 65 65 63 63 63 62 62 63 62 62 62 62 62 62
    63 62 61 61 61 61 61 61 62 62 62 62 62 62 61 61 61 61 62 61 64 64 64
    64 65 65 65 66 67 67 67 68 67 66 67 68 67 65 64 65 65 64 63 61 61 60
    60 61 61 62 63 62 61 62 62 63 63 63 63 63 65 66 66 65 65 66 66 66 66
    66 66 67 68 66 67 67 66 65 64 63 63 64 62 62 61 63 63 62 62 62 62 62
    61 62 61 61 62 61 60 61 61 61 61 60 60 60 60 60 60 60 60 60 60 61 62
    63 62 63 64 64 64 64 65 65 65 65 66 66 66 66 66 67 67 67 67 66 66 65
    66 65 64 64 63 63 64 63 64 63 64 62 62 62 62 62 65 65 64 65 66 65 65
    65 66 65 66 66 66 66 66 66 66 65 64 65 64 63 64 65 65 64 65 63 63 63
    63 62 62 62 62 63 63 63 64 64 65 65 65 65 66 66 66 66 66 67 66 65 64
    63 62 61 62 61 61 61 60 59 59 58 58 58 57 57 57 58 59 60 61 62 62 62
    62 64 62 64 64 64 64 65 67 66 67 67 66 65 64 64 64 63 62 63 62 62 63
    63 62 62 63 62 61 61 62 62 63 62 63 64 64 64 65 64 63 64 64 64 65 64
    67 66 66 66 66 66 66 68 68 68 68 68 67 67 68 68 68 65 65 65 66 65 64
    62 61 61 60 62 62 62 63 62 61 62 63 64 63 64 63 64 65 68 68 67 67 68
    68 67 67 67 67 68 68 67 68 68 67 66 64 63 63 64 63 62 62 63 64 63 63
    63 63 63 62 63 62 63 64 63 62 62 63 63 62 62 61 61 61 61 62 61 61 61
    60 61 62 63 62 63 64 64 65 65 66 66 66 66 66 66 67 67 67 67 66 66 66
    65 65 64 64 64 63 63 63 62 63 63 64 63 63 63 63 62 63 63 65 65 64 65
    66 65 66 65 66 65 65 65 65 65 65 65 65 64 64 64 64 63 64 64 64 64 64
    63 63 63 62 62 62 63 63 63 63 63 64 63 64 65 65 64 66 65 65 65 65 65
    64 64 63 62 60 60 61 60 59 60 59 58 58 58 58 57 57 56 57 57 59 60 62
    62 62 62 62 64 62 63 64 64 64 65 67 66 67 66 66 65 64 64 64 63 63 64
    63 63 63 63 63 62 63 62 62 61 62 63 64 63 64 64 65 65 65 65 65 65 65
    65 66 65 68 67 66 66 66 66 67 68 69 69 68 69 68 67 68 68 68 65 65 66
    66 66 64 62 62 61 60 62 61 62 63 62 62 63 64 64 63 64 63 64 66 68 67
    66 66 67 67 66 66 66 66 67 67 65 67 67 66 64 63 62 63 63 62 61 61 63
    63 63 62 62 63 62 62 63 62 62 64 62 62 62 62 62 62 61 61 61 61 62 62
    62 61 61 61 62 63 64 64 65 66 65 66 66 67 67 67 67 67 67 67 67 66 67
    66 66 66 64 65 64 65 64 64 63 63 63 64 63 64 64 64 64 64 64 64 64 66
    66 65 66 67 66 66 65 66 65 65 65 65 65 65 65 65 65 65 65 64 63 64 64
    64 64 65 64 63 64 63 63 63 63 63 62 62 63 64 64 65 65 65 64 66 66 65
    65 65 65 64 64 63 63 61 61 62 61 60 61 60 59 59 59 59 59 59 58 58 59
    60 61 62 62 62 62 63 64 63 64 65 64 65 65 67 66 67 67 66 66 64 64 65
    63 63 64 63 63 63 63 64 63 63 62 62 62 63 63 64 63 64 65 65 65 65 65
    65 65 65 65 66 66 68 66 66 66 66 66 67 67 68 69 68 69 68 67 67 67 67
    65 65 65 66 65 64 62 61 61 60 61 61 62 62 62 62 62 64 64 63 63 63 63
    65 67 66 64 65 66 67 66 65 65 66 67 67 66 67 67 66 65 64 63 63 63 62
    61 61 63 64 63 62 63 63 63 63 64 63 63 65 63 63 62 63 63 62 62 62 62
    61 62 62 62 61 61 61 62 63 64 64 65 67 66 66 67 67 67 67 68 68 68 68
    68 67 68 67 67 66 65 65 63 64 64 63 63 63 63 64 63 64 64 64 64 64 64
    64 64 66 67 66 67 67 66 66 65 66 65 65 65 64 65 65 65 65 64 64 64 64
    62 63 64 64 64 65 64 64 65 64 64 64 64 64 63 63 64 65 65 66 66 65 65
    66 66 65 65 65 65 64 63 63 62 61 60 60 60 59 60 59 58 58 58 58 58 57
    57 58 58 59 60 61 62 62 62 63 64 63 64 65 65 65 65 67 66 67 66 66 66
    64 64 64 63 62 63 62 63 63 63 63 63 64 63 62 62 63 63 63 63 64 65 65
    65 65 65 65 65 65 65 65 65 67 65 65 65 66 65 66 66 67 67 67 67 66 65
    66 66 66 64 64 65 66 64 64 61 61 61 60 61 62 62 63 62 62 63 64 64 64
    64 64 64 66 66 65 64 64 66 67 65 65 65 65 66 66 65 66 66 66 65 64 63
    63 64 63 62 62 64 64 64 63 63 64 63 63 64 63 62 64 62 62 62 62 62 61
    60 60 60 60 61 61 61 60 60 60 61 62 62 63 64 66 66 66 66 67 67 67 68
    68 68 69 69 68 68 68 68 67 66 66 65 65 65 64 64 64 64 64 63 65 64 64
    63 63 63 64 64 65 66 66 66 66 66 65 65 66 65 65 64 65 65 65 65 66 65
    65 65 65 63 64 64 65 64 65 65 65 66 65 65 64 64 64 63 64 64 66 65 66
    67 66 65 66 65 64 64 64 65 64 64 64 62 61 60 61 61 60 61 60 59 59 59
    59 58 58 57 58 58 60 60 61 62 61 62 62 63 62 64 64 64 65 65 67 65 67
    66 66 66 64 64 64 63 63 64 63 63 63 63 63 63 64 63 62 62 63 63 64 63
    64 65 65 65 65 66 65 65 65 65 66 65 67 66 66 66 66 66 67 67 67 68 68
    68 67 66 67 67 67 64 65 65 65 64 63 61 61 61 60 62 62 62 63 62 63 64
    65 65 65 66 66 67 67 67 65 64 65 66 67 66 66 66 66 66 67 65 66 67 66
    66 65 64 65 65 64 63 63 65 65 65 64 65 65 65 65 65 64 64 65 64 63 63
    63 62 62 61 61 61 61 61 61 61 60 60 60 60 61 62 63 64 66 66 66 66 67
    68 68 68 69 69 69 69 69 69 69 69 68 67 67 66 66 66 65 65 65 64 64 64
    65 64 64 63 63 64 64 64 65 66 66 67 67 66 66 66 67 66 66 65 66 66 66
    66 66 65 65 65 64 63 64 63 64 64 64 65 64 64 64 64 63 63 63 63 64 64
    66 65 67 66 65 65 65 65 65 65 65 65 65 65 64 63 61 60 61 60 60 61 60
    60 60 59 59 59 59 58 58 58 60 61 62 62 62 62 63 63 63 63 64 64 64 65
    67 65 66 66 66 66 65 64 65 64 63 64 63 62 62 62 62 62 63 62 62 62 62
    63 63 62 64 65 65 65 65 66 66 66 66 66 66 66 67 66 66 66 66 66 66 67
    67 68 68 68 67 66 67 66 66 64 65 65 65 65 64 62 62 63 62 63 63 63 64
    63 64 65 66 66 66 66 67 67 68 66 64 63 64 65 66 65 65 65 65 66 65 64
    65 66 66 65 64 64 64 64 63 62 62 64 65 64 63 64 64 64 63 64 64 63 65
    63 63 62 62 61 60 59 59 59 60 60 60 60 59 59 59 60 60 61 62 65 66 66
    67 67 68 68 68 69 69 69 70 70 69 70 69 69 69 67 67 67 67 66 65 65 64
    64 64 64 65 65 65 64 64 64 65 65 66 67 66 68 68 67 67 66 68 67 67 67
    67 67 67 68 67 67 67 66 66 64 65 65 65 65 65 65 64 64 64 64 63 63 63
    62 64 64 65 65 66 66 65 64 65 65 64 64 64 65 65 64 64 62 60 60 60 60
    60 61 61 60 60 60 60 60 60 59 60 60 62 63 63 63 63 63 64 64 64 65 65
    65 65 66 68 66 67 67 67 67 66 66 66 65 64 65 64 63 63 63 63 63 63 63
    62 62 62 62 63 62 63 64 64 64 65 65 64 65 65 65 66 65 67 65 66 65 65
    65 66 66 66 67 68 68 67 66 66 66 65 63 64 64 65 64 63 62 62 64 63 64
    64 64 64 64 65 66 67 67 66 67 67 68 69 65 64 63 64 65 66 65 65 65 65
    66 66 64 65 66 66 65 64 64 64 64 63 62 62 64 64 64 63 64 64 65 64 65
    64 64 65 64 64 63 63 62 61 59 59 59 60 60 60 60 59 59 59 59 60 61 62
    64 66 65 66 66 67 67 68 68 68 69 69 69 68 69 69 68 68 66 67 67 67 67
    66 66 65 65 65 65 66 66 66 65 65 65 66 66 67 68 68 69 68 68 68 68 69
    68 68 68 68 68 68 68 67 67 67 66 66 64 65 65 65 64 65 65 64 64 64 64
    63 63 63 62 63 64 65 65 67 67 66 65 65 66 65 65 65 65 65 65 64 62 60
    60 59 59 59 61 60 60 60 60 60 60 60 59 59 60 61 62 63 63 63 63 64 64
    64 65 65 65 65 66 67 66 67 67 67 67 66 66 66 65 64 65 64 63 62 63 63
    63 63 62 62 61 61 62 63 62 63 63 64 64 65 65 64 65 65 66 65 65 67 65
    65 65 65 65 66 66 65 66 67 67 66 65 65 65 64 62 63 63 64 64 63 62 63
    64 63 64 64 64 64 64 64 66 67 67 66 67 67 68 69 65 64 63 63 64 66 64
    64 64 64 65 64 63 64 65 65 64 63 63 64 64 64 63 64 65 66 65 64 65 66
    66 66 67 66 66 67 65 65 64 64 63 61 60 60 61 62 62 62 61 60 60 61 61
    62 62 63 65 66 66 68 67 68 67 67 68 68 68 69 69 68 68 68 67 66 65 66
    66 66 66 65 66 65 65 65 64 66 66 66 66 66 66 67 67 67 68 68 69 69 69
    69 69 70 69 69 68 68 68 68 69 68 67 67 66 66 64 65 65 65 64 65 64 64
    64 64 65 64 64 64 63 64 65 66 66 67 68 67 66 67 67 67 66 66 66 65 65
    65 63 62 61 61 61 61 62 61 61 60 60 60 60 60 59 60 60 61 62 63 63 62
    62 63 63 63 64 65 65 65 65 67 66 67 67 67 67 66 66 66 64 64 65 64 62
    62 62 63 62 63 62 61 61 61 62 62 62 63 63 63 64 65 65 65 65 65 66 66
    67 68 66 66 66 66 66 67 67 66 67 67 67 66 66 65 65 64 62 64 64 65 64
    63 62 63 64 63 64 64 64 64 64 64 66 67 67 66 66 67 68 68 65 64 63 63
    64 66 64 63 63 64 64 64 62 63 64 64 64 63 63 64 64 64 63 65 66 67 66
    65 66 67 68 67 68 67 67 69 67 67 66 65 65 64 62 62 63 64 64 63 63 61
    62 62 61 63 63 64 66 67 67 67 67 68 67 68 68 68 69 69 69 68 68 68 68
    67 66 67 66 67 67 66 66 65 65 65 65 66 66 67 66 67 67 68 68 68 69 69
    69 70 70 70 71 71 70 70 69 69 69 69 69 68 68 68 67 67 65 66 66 65 65
    65 65 65 65 65 65 64 64 64 63 64 65 66 66 67 67 66 66 66 66 66 66 65
    65 65 65 64 63 62 61 60 60 60 61 60 60 59 59 59 59 59 59 59 59 60 61
    62 62 62 62 63 63 63 64 65 65 65 65 66 65 67 66 67 66 66 65 66 64 64
    64 63 62 61 61 62 62 62 61 60 59 60 61 61 61 61 62 62 62 63 63 64 63
    64 65 65 66 67 65 66 66 66 66 68 67 67 68 68 68 68 67 67 67 65 63 64
    64 64 63 62 62 62 63 63 63 63 63 63 63 64 66 67 67 66 67 67 68 69 64
    62 62 62 63 64 62 62 62 63 64 63 61 62 63 63 63 62 62 63 63 63 63 64
    65 66 65 64 65 66 67 66 67 67 67 69 67 67 67 66 66 64 63 63 64 65 65
    64 65 63 62 62 61 62 62 63 65 66 66 67 67 67 67 67 67 67 68 68 68 67
    68 68 67 67 66 66 66 66 66 65 66 65 65 65 65 66 66 67 66 67 67 68 68
    68 68 68 69 69 69 69 70 70 69 69 68 68 68 68 69 68 69 69 68 67 66 67
    67 66 66 66 66 66 66 66 66 65 64 64 63 64 65 66 65 66 67 66 66 66 66
    66 66 65 66 65 65 65 64 62 61 61 60 60 61 61 61 60 59 59 59 59 59 59
    59 60 60 62 62 62 61 62 62 62 64 65 65 66 65 66 66 66 66 67 67 66 66
    66 65 65 66 64 63 62 62 63 63 62 62 61 61 60 61 61 60 61 61 61 62 62
    62 63 63 63 64 64 64 65 64 65 65 66 66 67 67 66 67 68 67 67 67 67 66
    65 63 64 64 65 64 63 63 63 64 64 64 64 63 63 63 64 66 67 67 66 66 66
    67 67 63 62 61 62 62 63 62 61 61 62 62 62 60 61 62 63 62 62 63 63 63
    64 64 65 66 67 66 65 66 67 67 66 67 67 67 69 67 67 66 66 65 64 63 63
    63 64 64 64 64 62 62 61 61 62 62 62 64 64 65 65 65 66 65 65 65 66 67
    67 68 67 67 67 67 66 65 66 66 67 67 65 66 65 65 65 65 66 66 66 66 67
    67 67 67 67 67 67 68 68 68 68 69 69 68 68 68 68 67 68 69 68 69 69 68
    67 67 68 67 66 66 67 67 66 67 66 66 65 64 64 63 64 65 65 64 65 66 65
    64 65 65 65 65 64 65 64 64 65 64 63 62 62 62 62 63 62 62 61 60 60 61
    62 61 61 61 61 62 63 63 63 62 62 62 62 64 65 64 64 63 65 64 65 65 66
    66 66 66 66 65 65 66 64 63 63 63 64 64 63 63 62 62 61 62 62 61 62 63
    62 63 64 64 64 63 63 65 64 65 66 65 65 65 65 65 66 66 66 66 66 66 66
    66 66 65 64 62 63 63 64 63 63 62 63 64 64 64 64 63 63 63 64 66 66 66
    66 66 66 67 67 61 60 59 59 60 61 60 60 60 61 61 61 60 61 62 63 62 62
    62 63 63 64 64 65 66 67 67 66 66 67 67 67 67 67 67 69 67 68 67 66 65
    65 62 62 63 64 64 64 64 62 62 62 61 62 63 63 64 64 64 65 65 65 64 64
    64 64 66 66 66 65 66 66 65 64 64 65 65 66 66 65 66 65 65 65 65 66 66
    66 66 67 67 67 67 67 67 67 69 69 69 69 70 69 68 68 68 68 68 68 69 68
    69 69 68 67 66 67 67 65 65 66 66 65 65 65 66 65 64 63 62 63 64 64 63
    64 65 64 64 64 65 65 64 64 64 63 64 65 64 63 63 62 62 62 63 62 62 61
    61 62 62 63 62 62 61 61 61 62 63 62 61 62 62 62 63 64 64 63 63 64 64
    65 65 65 66 65 66 66 65 65 65 64 63 62 62 63 63 63 62 62 61 60 61 61
    61 62 63 63 63 64 64 64 64 64 64 63 64 65 64 64 64 64 64 65 65 64 64
    65 65 64 64 64 64 63 62 63 63 64 63 63 63 64 65 65 65 65 65 64 65 65
    67 67 66 66 67 66 67 67 61 60 59 60 60 61 59 59 60 60 61 60 59 60 61
    62 61 62 62 62 63 64 64 66 66 67 66 66 66 66 67 67 68 68 68 69 68 68
    67 66 66 65 63 63 63 65 65 65 64 62 62 61 61 62 62 62 64 64 64 65 65
    64 64 64 63 64 65 65 65 65 65 65 65 64 64 65 65 66 66 65 66 65 65 65
    65 66 66 66 66 68 67 67 67 67 67 67 68 68 67 67 68 68 67 67 67 67 66
    67 68 67 68 68 68 67 66 67 67 66 66 67 66 66 65 65 65 64 64 63 62 62
    63 63 62 63 64 63 62 63 64 64 64 63 63 63 64 64 64 63 63 62 63 63 64
    64 64 63 62 62 63 63 63 63 62 62 63 64 64 63 62 62 62 62 63 64 64 64
    64 65 64 65 65 65 65 65 66 66 65 65 66 65 63 62 63 64 63 63 63 63 62
    61 62 62 61 63 63 63 63 64 64 64 64 64 65 64 65 65 65 65 64 65 65 66
    65 65 65 66 66 66 65 65 65 63 63 64 64 64 64 63 64 64 65 65 65 65 64
    64 64 65 66 66 66 65 66 66 67 66 59 58 58 58 59 60 59 59 59 60 60 60
    59 60 61 62 62 63 63 63 63 65 65 66 67 68 66 65 66 66 67 67 67 68 68
    69 68 68 67 66 65 64 62 62 63 64 64 64 64 62 61 61 61 62 62 63 64 64
    64 65 65 65 65 64 64 64 65 66 66 65 66 66 64 64 64 65 65 66 66 65 66
    65 65 65 65 66 66 67 67 68 68 68 68 67 68 67 68 68 68 68 68 68 67 68
    67 68 67 68 69 68 69 69 68 68 66 68 68 67 67 68 67 67 66 65 66 65 65
    64 62 64 64 64 64 64 64 63 62 62 63 64 64 63 63 63 63 64 63 63 62 61
    62 62 64 64 64 62 62 62 62 62 63 62 62 62 63 64 64 63 62 62 62 62 63
    65 64 64 64 64 65 65 64 65 65 65 66 67 65 65 66 65 63 62 63 64 64 63
    63 63 62 61 62 63 62 63 63 64 64 65 65 65 65 65 65 64 65 66 65 65 64
    65 65 65 64 64 64 65 65 64 64 64 64 62 62 63 63 63 63 63 64 63 64 64
    64 64 63 63 64 64 65 65 65 64 65 65 66 65 59 58 58 58 58 59 57 58 58
    59 59 59 59 59 60 61 61 62 62 63 63 64 65 66 66 67 66 65 65 66 67 67
    68 68 68 69 67 68 67 66 66 65 63 63 63 64 64 64 63 61 61 60 61 61 62
    62 63 63 62 64 64 63 63 63 63 63 64 65 65 64 65 65 63 63 63 65 65 65
    66 65 65 65 64 65 65 65 65 66 66 68 67 67 67 66 67 67 67 67 67 67 67
    67 67 67 67 68 66 67 68 68 69 68 68 67 67 68 68 68 68 68 68 67 66 66
    66 65 65 64 63 64 65 65 64 64 64 63 62 62 63 63 64 62 63 62 63 63 62
    61 61 60 61 61 62 63 62 61 61 61 62 62 63 62 63 64 64 65 65 64 63 62
    62 62 63 64 64 63 63 63 63 63 63 63 64 64 65 66 64 64 65 64 62 62 62
    63 64 64 63 63 62 61 62 62 62 63 63 63 63 64 64 65 64 64 65 65 66 66
    65 66 65 65 65 66 65 65 65 66 66 66 65 65 65 64 63 64 64 64 64 64 65
    64 65 64 64 64 64 63 63 64 65 65 65 65 65 65 66 65 60 59 59 59 58 59
    58 59 58 59 59 59 58 58 59 60 59 61 61 62 62 64 64 66 66 67 66 65 65
    66 67 67 67 68 67 68 66 67 66 66 65 64 62 62 63 63 64 64 63 61 61 60
    61 61 61 61 62 62 62 63 63 63 62 62 61 62 62 63 64 63 63 64 63 62 62
    63 64 64 65 64 65 64 64 65 65 65 65 66 66 68 68 67 67 66 67 67 68 68
    68 68 68 68 67 68 68 69 67 68 69 69 70 69 67 67 67 68 68 68 68 68 68
    66 65 65 64 64 64 63 63 64 64 64 63 63 63 62 61 61 63 63 63 62 62 62
    62 62 62 61 61 60 61 61 62 63 63 62 62 62 63 63 64 63 64 64 64 65 65
    64 63 62 63 62 63 64 64 63 63 62 63 63 62 63 63 63 63 64 63 63 64 63
    61 61 61 62 63 62 62 62 61 61 61 62 61 62 62 62 62 63 63 64 63 63 64
    63 64 64 64 65 64 64 64 65 64 64 65 65 66 66 65 65 65 64 63 64 64 64
    65 65 65 65 67 66 66 65 65 64 64 65 66 65 65 65 66 65 66 65 60 59 59
    58 58 59 58 59 58 58 58 57 57 58 58 59 59 60 61 61 61 63 64 66 65 66
    65 65 66 66 67 67 67 68 67 68 67 68 66 66 65 64 62 62 62 63 63 63 63
    62 61 61 61 61 61 61 62 62 62 63 63 63 62 62 61 61 62 63 63 63 63 63
    62 61 61 62 63 64 65 64 65 64 64 64 65 65 65 66 65 68 68 68 68 67 68
    67 68 69 69 69 69 69 69 69 69 70 69 70 71 70 71 70 69 69 68 69 69 68
    67 67 68 66 65 65 64 63 64 63 63 64 63 63 63 63 63 62 61 61 63 63 63
    62 62 62 62 62 61 61 61 60 61 61 62 63 63 62 62 62 63 63 64 63 64 64
    65 66 65 64 63 63 63 63 63 64 64 64 63 63 64 64 63 63 63 63 64 64 64
    63 64 63 62 62 62 64 64 63 63 63 62 61 62 62 61 62 62 61 61 62 62 63
    62 61 62 61 62 62 62 63 63 63 63 63 63 63 64 64 64 64 64 64 64 63 63
    63 63 63 64 64 65 65 66 65 65 65 64 64 64 64 65 64 64 64 64 63 64 63
    58 57 57 57 57 57 56 58 58 58 58 57 57 57 57 58 58 59 60 60 60 62 63
    65 64 65 64 63 64 65 65 66 66 67 66 67 66 66 65 65 63 63 61 62 62 63
    62 63 63 62 61 61 61 61 61 61 62 63 63 63 62 62 61 61 61 61 61 62 63
    62 62 63 61 60 61 61 62 64 65 64 65 65 65 65 64 64 64 66 65 67 68 67
    68 66 67 66 68 68 68 68 69 68 68 68 68 70 69 70 71 70 71 71 69 69 69
    70 70 69 69 69 69 67 66 66 65 64 65 64 64 65 65 65 64 64 64 64 62 63
    64 64 65 63 64 63 63 63 63 62 62 61 62 63 63 64 64 63 63 63 64 64 64
    63 64 65 65 65 65 64 63 63 63 62 63 63 63 63 62 62 63 63 62 63 63 63
    63 63 63 63 64 63 63 62 62 64 64 63 63 63 62 61 62 61 61 62 62 62 61
    62 62 62 62 61 62 61 62 62 62 63 64 63 63 63 63 62 62 63 63 63 62 62
    62 61 61 62 61 61 62 62 64 64 65 65 65 65 65 65 64 65 66 65 65 65 65
    65 66 65 58 57 57 56 56 56 56 58 57 58 58 58 57 58 58 59 58 60 60 61
    61 63 64 65 65 66 64 64 64 65 66 66 66 67 66 67 66 67 66 65 63 63 61
    61 62 62 62 62 62 61 61 61 61 61 61 61 61 62 62 63 63 62 61 62 61 61
    61 62 63 63 63 63 62 61 61 62 63 64 65 65 65 65 65 65 64 64 64 65 64
    67 67 67 67 66 66 66 67 67 66 67 67 67 67 67 67 69 68 69 70 69 70 70
    68 68 68 69 69 69 69 69 69 68 66 66 65 65 65 65 65 66 65 65 64 64 64
    63 62 62 63 64 64 63 64 63 63 62 62 62 61 61 61 62 62 63 63 63 62 62
    63 62 63 62 64 64 64 65 65 64 63 63 63 62 62 62 63 63 62 61 62 62 61
    61 61 61 62 62 62 62 63 62 62 61 61 63 64 63 63 63 62 61 62 61 61 62
    62 62 61 62 62 62 62 61 62 61 62 62 63 64 64 64 64 64 64 64 63 64 64
    63 62 63 62 61 61 62 61 61 62 63 64 63 65 65 65 65 64 64 64 65 66 65
    64 64 64 63 64 63 60 59 58 58 58 58 57 58 58 59 59 58 58 58 59 59 58
    59 60 60 61 62 64 65 65 66 64 64 64 65 65 65 65 66 66 66 65 66 65 64
    62 61 60 60 60 61 61 61 62 61 60 60 60 60 60 60 61 62 61 62 62 62 61
    61 61 60 61 62 63 62 63 63 62 61 61 62 63 64 65 64 64 64 64 64 64 63
    64 65 64 66 67 66 66 64 65 64 66 66 65 66 66 66 66 66 66 68 67 68 70
    69 71 70 69 69 69 70 70 70 70 70 70 68 66 66 65 65 65 64 65 66 65 64
    64 64 64 63 63 62 64 65 65 64 64 63 64 63 63 63 62 62 62 62 62 63 64
    63 63 63 63 62 63 62 63 63 64 65 64 63 62 62 62 61 61 62 62 62 61 60
    62 62 61 61 61 61 62 63 62 63 63 63 62 61 62 63 64 63 63 64 63 62 62
    61 61 62 62 62 62 62 62 62 61 61 62 62 62 63 63 65 65 65 64 64 65 65
    64 65 65 65 63 63 63 61 61 62 61 61 62 62 63 62 64 63 64 64 63 63 64
    64 65 65 64 64 65 63 64 63 59 59 58 57 57 58 58 59 58 59 59 59 58 59
    59 59 58 59 60 60 60 61 62 64 63 64 63 62 63 63 64 64 64 66 65 66 66
    66 66 65 64 63 62 62 63 64 63 63 63 62 61 61 61 61 61 61 62 62 62 62
    62 62 61 62 61 61 61 62 62 62 62 62 61 60 60 61 62 63 64 63 64 64 64
    64 64 64 64 65 65 67 67 67 66 65 65 65 66 66 66 66 66 66 67 66 67 69
    68 69 70 70 71 70 69 70 70 71 71 71 71 71 71 68 67 66 66 66 67 66 66
    67 66 65 65 65 65 64 63 63 64 65 65 64 64 62 63 61 61 62 61 61 61 61
    61 63 63 63 63 63 62 62 64 63 64 64 65 65 65 65 63 64 63 62 62 62 63
    63 62 61 62 62 62 62 61 61 61 61 61 61 62 62 61 61 61 63 64 63 63 64
    62 62 63 62 62 63 62 62 62 63 61 62 61 61 62 62 62 62 62 64 64 64 64
    64 65 65 64 65 65 65 64 64 63 62 62 63 62 63 64 64 65 63 65 64 65 65
    64 64 64 64 65 65 64 63 64 62 63 62 59 59 59 58 57 58 58 59 59 59 60
    59 59 59 59 59 58 59 59 59 59 61 62 63 62 63 61 61 61 61 62 62 63 64
    64 65 65 65 64 64 63 62 61 62 62 64 64 64 64 62 62 61 62 62 62 62 62
    63 62 63 62 62 61 61 61 60 61 61 62 62 62 62 60 59 60 60 61 62 63 63
    63 63 64 64 65 64 65 65 65 67 68 67 67 65 65 65 66 67 66 66 66 66 66
    65 66 67 67 68 69 69 70 70 68 69 70 71 71 71 71 71 71 69 68 67 67 67
    68 67 67 68 66 65 65 64 65 64 63 63 64 64 65 63 63 62 62 61 61 62 61
    61 61 61 61 63 63 62 62 62 62 62 63 63 64 64 64 65 65 64 63 63 63 62
    63 64 64 65 63 62 63 63 63 63 62 62 62 63 62 62 63 63 62 61 62 64 64
    63 63 63 62 62 63 62 62 63 62 62 61 62 61 61 60 60 61 60 61 62 62 63
    63 64 63 63 64 64 64 64 64 65 64 64 63 62 62 62 62 62 62 63 64 63 63
    63 64 64 63 63 64 64 64 64 63 63 63 62 62 61 60 59 59 58 58 59 58 59
    59 59 59 59 58 59 59 59 58 59 59 60 61 62 63 64 64 65 63 63 63 63 64
    64 64 65 66 66 65 65 65 64 63 63 62 63 63 64 64 64 64 63 62 62 62 62
    62 62 61 62 61 62 62 61 61 61 60 60 60 61 61 61 61 61 60 60 60 60 61
    63 64 63 63 64 64 65 66 66 66 66 66 68 69 68 68 67 66 66 67 67 66 66
    66 65 65 65 66 67 66 67 68 68 69 69 68 68 69 70 70 70 70 70 71 69 68
    68 68 67 68 67 67 68 66 66 65 65 65 65 63 64 65 66 66 64 64 63 63 62
    62 63 62 62 62 62 62 63 63 62 61 61 61 61 62 62 63 63 63 65 64 64 63
    63 63 62 63 64 64 64 63 62 63 62 62 62 62 61 62 62 61 62 62 62 61 61
    62 64 64 63 63 63 62 62 63 62 62 63 62 62 61 61 61 61 60 60 60 61 61
    62 61 63 63 63 63 62 63 64 63 64 64 64 63 64 63 62 62 63 62 63 63 64
    64 63 64 64 64 64 63 64 64 64 65 65 64 64 64 63 63 63 59 58 59 58 57
    58 58 58 58 58 58 58 57 58 59 59 58 59 60 60 61 62 63 64 64 65 64 63
    63 64 64 64 64 66 66 67 66 65 66 66 64 64 64 64 65 66 66 65 65 64 63
    63 63 63 63 63 62 63 63 63 62 62 61 62 61 61 61 61 61 61 61 62 61 60
    60 60 61 62 63 63 63 64 64 65 66 66 66 65 66 68 68 67 67 66 66 65 66
    66 66 65 65 64 64 63 65 65 65 66 67 67 68 68 67 68 69 70 70 70 70 71
    71 69 69 68 68 67 68 68 67 68 66 65 65 64 65 64 63 63 65 65 65 64 64
    63 62 62 62 63 63 63 63 63 62 64 63 62 61 61 61 61 62 62 63 63 63 64
    64 64 63 63 63 62 63 64 65 65 64 62 63 62 62 62 62 61 62 62 61 62 63
    63 62 61 62 64 65 64 64 65 64 63 64 62 63 64 63 63 62 62 61 61 60 59
    60 60 60 60 60 61 61 62 61 61 62 62 62 63 62 63 62 63 62 61 61 62 61
    62 63 64 64 62 63 64 64 64 63 64 65 65 66 66 65 65 65 64 64 64 59 58
    59 58 58 58 58 59 59 58 58 59 58 59 59 59 59 59 59 60 60 61 62 62 62
    62 62 61 61 62 62 62 62 64 64 65 64 64 65 64 63 64 63 64 65 65 65 65
    64 64 63 62 62 62 62 62 62 63 62 62 61 61 61 62 61 61 61 61 62 62 62
    62 61 61 60 60 61 63 63 62 62 63 63 64 65 65 66 65 65 67 67 67 67 66
    65 65 65 66 65 65 64 64 63 62 63 64 63 64 65 66 67 67 66 67 68 69 69
    70 70 71 71 69 69 69 68 68 68 67 67 68 66 65 65 65 65 64 62 62 64 64
    64 63 63 62 62 61 61 62 61 62 62 62 61 63 62 62 61 62 61 61 63 62 63
    64 65 65 65 64 64 64 64 63 63 64 65 65 64 62 63 62 62 62 61 60 61 60
    60 61 62 61 61 60 61 63 64 63 63 64 63 63 63 62 63 63 63 63 62 61 61
    60 59 59 59 59 58 59 60 61 61 61 60 59 60 61 61 62 61 62 61 63 62 61
    61 62 61 62 63 64 65 63 64 64 64 65 64 64 64 64 65 64 64 63 64 63 63
    62 57 57 58 57 57 58 58 59 60 59 59 60 59 60 60 60 60 60 60 60 61 61
    61 62 61 61 60 60 60 61 61 62 62 63 64 64 64 64 65 65 64 65 64 65 65
    66 65 65 64 64 63 62 63 63 62 62 62 63 62 62 61 61 60 61 60 60 60 60
    61 60 61 61 60 60 59 59 60 62 63 62 62 63 63 64 65 65 65 64 65 67 67
    66 66 65 65 65 65 65 65 65 64 63 63 62 63 64 63 64 65 66 67 66 65 66
    67 68 69 69 70 70 72 70 69 69 69 69 69 68 68 69 66 66 65 65 65 64 63
    62 64 64 64 63 63 62 62 62 61 62 62 62 62 62 62 63 63 62 62 62 62 62
    63 63 65 65 66 66 65 65 65 66 65 64 64 64 65 65 64 62 62 62 62 61 61
    60 60 60 60 60 61 61 60 60 61 63 63 63 63 64 63 63 63 61 62 63 63 63
    62 62 61 61 59 59 59 59 58 59 59 60 60 61 60 59 60 61 61 62 61 62 61
    62 62 62 62 63 62 63 64 65 65 63 64 64 64 65 64 65 64 64 64 64 63 63
    64 63 62 61 58 58 59 59 58 59 60 61 61 60 60 60 60 60 60 60 60 60 61
    60 61 61 61 62 62 62 61 61 61 61 62 63 63 64 64 64 64 63 64 64 63 63
    63 64 65 65 65 64 63 63 62 62 63 63 63 63 62 64 62 62 61 61 61 61 61
    61 61 61 61 61 61 62 61 61 59 59 60 62 63 63 62 63 63 64 64 64 65 64
    64 66 66 66 66 66 65 65 66 66 66 66 64 64 64 62 63 64 63 64 64 64 65
    64 63 64 64 66 67 68 69 69 70 68 68 68 69 68 69 68 68 69 67 66 66 66
    65 64 63 63 65 65 65 63 63 63 63 62 61 62 62 63 62 62 62 63 63 62 62
    62 62 62 63 63 64 65 65 65 64 64 64 65 65 64 63 64 64 64 63 61 61 61
    61 61 60 60 60 59 59 60 60 61 60 59 60 62 63 63 63 63 63 63 63 62 63
    64 64 64 63 62 62 62 60 60 60 60 60 60 59 60 61 61 60 59 60 61 61 62
    62 62 61 62 62 62 63 63 62 63 64 64 65 63 63 64 65 65 64 65 65 64 64
    64 63 64 64 63 63 62 59 59 60 59 59 60 61 62 61 61 60 60 60 61 61 60
    61 61 61 61 62 62 61 62 62 62 61 61 62 62 62 63 64 64 65 64 64 63 64
    64 63 63 63 64 65 65 65 64 63 63 63 63 64 64 64 64 63 65 63 63 63 62
    61 62 61 61 60 61 60 60 60 61 60 60 59 59 60 61 62 62 62 63 63 64 64
    64 65 64 64 66 66 66 67 67 66 66 66 67 66 66 64 64 64 62 62 63 62 63
    63 64 64 63 62 63 64 65 66 67 68 68 69 68 68 68 69 68 68 67 68 69 67
    66 66 66 66 65 64 63 65 65 65 64 63 63 62 61 60 61 61 61 61 60 60 62
    62 62 61 61 60 60 62 62 63 64 65 65 64 64 64 65 65 64 63 64 65 65 64
    62 62 62 62 61 61 60 60 60 59 60 61 61 60 60 60 62 63 63 63 63 63 63
    63 62 63 64 63 64 63 62 61 61 60 60 60 60 59 60 60 61 61 61 60 61 61
    61 62 63 62 62 61 63 62 62 62 63 61 62 63 63 63 62 63 63 63 64 63 63
    64 63 64 64 63 63 63 63 62 62 60 60 61 61 61 62 62 62 63 62 62 61 61
    61 61 61 62 61 61 61 62 61 61 62 62 61 60 61 61 61 62 62 63 63 64 63
    64 63 63 63 62 62 62 64 64 65 65 64 63 63 62 62 63 63 62 62 62 63 62
    62 62 62 61 61 61 60 60 60 60 60 60 61 61 61 60 60 61 62 62 62 62 63
    64 65 65 65 66 66 66 67 67 67 67 67 67 67 67 67 67 66 65 64 64 61 61
    62 62 62 63 64 64 63 62 64 65 65 66 68 68 68 70 68 68 68 68 67 68 67
    68 69 67 67 67 67 67 65 65 64 66 65 66 65 65 64 63 62 61 62 61 61 61
    60 61 63 63 63 62 62 61 61 62 64 65 66 66 66 66 66 66 66 65 65 64 65
    65 66 65 63 63 62 62 62 61 60 60 59 59 60 61 61 60 59 59 61 63 62 62
    63 62 63 63 62 63 63 62 63 62 61 61 61 60 59 59 60 59 60 60 61 61 62
    61 61 61 62 62 63 63 63 63 64 63 63 63 63 62 62 62 63 63 62 62 62 62
    63 61 62 62 62 63 63 62 63 63 63 63 62 60 60 61 61 61 62 62 63 63 63
    62 62 61 62 62 61 61 61 61 61 62 62 61 62 61 61 60 60 61 61 62 62 62
    63 63 63 63 62 62 62 61 62 62 63 64 64 64 63 62 63 62 62 63 63 62 63
    62 64 63 62 62 62 61 62 62 61 61 61 61 61 61 62 61 61 60 60 61 62 61
    61 61 62 63 64 65 64 66 65 65 66 66 66 67 66 66 67 66 67 67 66 65 64
    64 61 61 62 63 63 64 65 65 64 63 65 65 65 66 67 68 68 69 69 69 68 68
    67 67 66 67 68 67 67 67 68 67 66 65 64 65 65 65 64 64 64 63 62 61 62
    61 62 61 60 61 63 63 63 63 63 62 62 63 64 65 65 65 65 65 65 65 65 64
    64 64 64 64 64 64 61 61 61 61 61 60 60 60 59 59 59 60 60 60 59 59 61
    63 62 62 62 62 62 63 61 62 63 62 62 61 60 60 60 59 59 59 59 59 59 59
    60 61 61 60 61 61 62 62 63 62 63 63 64 63 63 63 63 61 62 62 64 63 62
    62 62 62 63 61 62 62 62 63 64 62 63 63 63 62 62 63 63 63 63 63 64 64
    64 64 64 63 63 62 62 62 61 61 60 60 60 61 61 60 61 61 61 60 60 61 62
    62 62 62 63 63 63 63 62 61 62 60 61 61 63 64 64 63 63 62 63 62 62 62
    63 61 62 62 63 62 62 62 61 61 62 61 60 60 60 60 60 61 62 61 61 60 60
    61 61 61 61 60 61 62 63 65 64 66 65 65 66 66 65 65 65 65 66 65 65 65
    65 64 63 63 60 61 62 62 62 63 64 65 65 63 65 66 66 66 67 68 68 70 69
    69 68 68 67 67 66 67 67 66 66 66 68 67 66 65 65 65 65 66 65 64 64 64
    63 62 63 62 62 61 61 61 63 63 63 62 63 62 62 63 64 65 65 65 65 65 65
    65 65 65 64 64 65 65 65 64 62 62 62 62 62 61 61 61 60 59 60 60 61 60
    60 60 62 63 62 62 62 62 62 62 60 62 63 62 62 60 59 60 60 59 58 59 59
    58 59 59 60 61 61 60 60 61 62 62 63 62 62 63 64 64 64 63 63 62 63 63
    64 63 63 62 63 63 64 62 62 63 62 63 64 63 64 63 63 62 63 65 65 65 65
    65 66 66 66 66 65 64 64 63 63 64 62 61 61 61 60 61 61 60 60 61 60 60
    60 61 61 62 62 62 63 64 63 63 62 61 62 61 61 61 62 64 63 63 62 62 63
    62 61 62 63 62 63 62 64 63 63 62 62 62 63 61 61 60 60 60 60 60 61 61
    61 60 60 60 61 61 60 59 61 62 63 64 64 65 65 65 66 66 66 66 66 65 66
    66 66 66 65 64 63 63 61 61 61 62 62 63 64 64 64 63 64 65 65 65 66 66
    66 68 67 67 66 67 66 66 65 65 66 64 64 65 66 66 65 64 65 65 66 66 65
    65 65 65 64 64 65 65 65 64 63 63 65 64 64 63 63 62 63 64 64 65 64 64
    64 64 65 65 66 65 65 65 66 65 65 65 63 63 63 63 63 62 61 61 60 60 60
    61 60 60 60 60 62 62 62 62 62 62 62 63 61 62 64 63 63 62 61 60 61 60
    60 60 60 60 60 60 60 61 62 60 60 61 61 62 63 62 62 62 63 63 63 62 63
    61 62 62 63 63 62 62 62 62 63 61 62 62 61 62 63 62 63 62 62 61 62 64
    64 64 64 64 65 65 65 66 65 64 64 63 63 64 63 62 61 62 60 61 61 60 61
    61 60 61 60 61 62 63 62 62 63 64 63 63 62 61 61 60 61 61 62 63 63 62
    61 61 62 61 61 62 63 62 63 63 64 63 64 63 63 63 64 63 62 62 62 62 62
    62 63 62 62 61 61 61 61 61 60 60 61 62 63 65 65 65 65 65 66 66 66 66
    66 66 67 67 67 66 66 65 63 63 60 60 60 61 61 62 62 63 64 63 64 65 64
    64 65 66 66 67 67 68 67 67 66 66 65 65 66 64 64 66 67 67 67 66 67 67
    67 68 67 67 67 66 66 65 66 66 65 64 63 63 65 64 65 63 63 62 63 63 63
    64 64 64 64 64 64 65 65 64 64 63 65 64 64 64 62 62 63 63 63 62 61 61
    60 59 60 61 61 60 60 61 62 62 63 63 63 63 63 64 62 63 65 64 64 63 62
    62 62 62 62 61 61 61 61 60 61 62 63 61 61 62 63 63 64 63 63 64 65 64
    64 64 64 63 64 63 64 63 63 62 62 62 63 62 62 63 62 63 64 63 64 63 64
    63 64 65 64 64 64 64 64 64 65 65 64 64 64 63 63 63 62 62 61 61 60 61
    62 61 61 62 61 61 61 61 62 62 62 62 63 63 62 63 61 60 61 60 60 61 62
    63 63 62 62 61 62 61 61 62 63 62 63 63 64 63 63 63 62 63 63 62 62 62
    61 62 61 61 62 61 62 60 61 61 61 61 60 60 61 62 64 65 65 66 66 66 67
    67 67 67 67 66 67 67 67 66 65 64 63 62 59 59 59 60 60 61 62 63 63 61
    63 64 63 64 65 66 66 67 67 68 67 68 67 67 66 65 66 65 65 66 67 67 66
    66 66 66 67 67 66 66 66 66 66 65 66 66 65 64 63 63 65 64 64 63 63 62
    63 63 63 63 63 63 63 63 64 64 65 64 64 64 65 64 64 63 62 61 62 63 62
    61 60 60 59 58 59 60 59 59 59 59 60 61 62 61 61 62 62 63 62 63 64 63
    63 63 62 62 63 63 62 62 63 63 63 62 63 64 64 63 64 64 65 65 66 65 65
    65 66 65 65 65 65 63 64 63 64 63 62 62 62 62 63 62 63 63 62 63 64 64
    65 65 66 65 65 64 64 65 65 64 65 65 65 65 65 64 64 64 64 64 63 64 63
    63 62 63 63 62 63 63 63 63 63 63 64 64 64 64 64 65 64 64 63 62 62 61
    62 62 63 64 64 64 63 62 62 62 61 62 64 63 63 63 64 63 63 63 62 62 63
    62 61 62 61 61 61 61 61 61 62 60 61 61 61 60 60 60 61 62 64 65 65 66
    65 66 66 66 67 66 66 66 68 67 67 67 66 65 64 63 60 60 60 61 61 61 62
    63 63 61 62 63 62 62 63 64 65 66 67 67 66 67 66 66 65 64 65 64 64 65
    67 67 66 66 66 66 67 67 66 67 67 67 66 66 66 66 66 64 63 63 65 64 64
    63 63 62 62 63 63 63 63 64 64 64 64 65 65 64 64 64 65 65 64 64 62 62
    62 63 62 61 60 61 60 59 59 61 60 60 59 59 60 61 62 62 62 62 63 64 62
    63 65 64 64 63 62 63 64 63 63 62 63 63 62 62 63 63 64 62 63 64 65 65
    66 65 66 66 66 66 66 65 65 64 65 64 65 64 63 62 62 61 62 62 62 63 62
    62 64 63 64 64 65 63 64 65 65 65 66 66 66 65 66 66 65 65 65 64 64 65
    64 64 63 63 61 62 62 62 63 63 62 62 62 62 63 64 64 64 64 65 64 64 63
    62 62 61 61 62 63 64 64 64 63 61 62 61 61 62 63 62 63 63 64 63 63 63
    62 63 63 62 62 62 61 61 61 60 61 60 61 60 60 60 60 60 59 59 60 61 63
    64 65 65 64 65 66 66 67 66 66 66 68 68 68 68 67 66 65 64 62 63 62 63
    62 63 64 64 65 63 64 64 63 64 64 65 66 67 67 67 67 68 66 66 65 65 66
    65 66 67 68 68 68 67 68 68 68 69 68 68 68 68 68 67 67 66 66 65 64 64
    65 64 64 62 62 62 62 62 63 63 63 63 64 63 64 65 64 64 64 64 65 65 64
    64 63 62 62 63 62 61 60 61 60 59 59 60 60 60 59 60 61 62 62 62 62 63
    63 64 63 64 65 64 64 63 62 63 63 63 62 62 63 63 62 62 62 63 63 62 63
    63 64 65 65 65 65 66 67 66 66 65 66 64 65 64 64 64 63 62 62 62 63 62
    63 63 62 62 64 63 64 64 65 64 65 63 63 64 64 64 64 64 65 64 63 63 63
    63 63 64 63 63 63 63 62 62 63 62 63 63 62 63 62 63 63 64 64 64 64 65
    63 64 63 62 63 62 62 63 64 65 65 65 64 62 63 63 62 64 65 63 64 64 65
    64 64 63 63 63 64 63 63 62 62 62 62 61 62 61 62 60 61 61 61 61 60 60
    61 62 64 65 65 66 65 66 66 67 68 67 68 68 69 68 68 69 68 67 66 65 63
    64 63 63 63 63 64 64 64 63 64 64 63 63 63 64 65 66 66 67 66 67 66 65
    64 64 65 65 66 66 68 67 67 66 67 67 67 68 67 68 68 68 67 66 66 65 66
    64 63 64 65 64 64 62 63 62 63 63 64 64 64 64 64 64 64 65 65 65 64 65
    65 65 64 64 62 61 62 63 62 61 60 61 60 59 59 61 60 60 60 60 61 62 63
    62 62 63 64 65 63 64 65 65 65 64 63 64 64 64 63 62 63 63 62 62 62 62
    62 61 62 62 63 64 64 64 64 65 66 65 65 65 65 64 65 65 65 64 64 64 63
    63 64 63 64 64 63 63 64 64 65 64 65 65 66 63 63 63 64 65 64 64 65 65
    64 64 64 63 63 64 64 64 63 63 63 63 64 63 64 64 63 63 63 63 64 64 65
    65 65 66 64 64 63 63 63 63 63 64 64 65 65 65 65 63 63 63 62 64 65 64
    64 64 64 64 64 63 63 63 63 62 62 62 62 63 62 61 62 61 62 61 61 61 61
    61 61 60 61 62 64 64 65 65 64 64 65 66 67 66 67 66 68 67 67 68 67 66
    65 64 63 63 62 62 62 62 63 63 63 61 62 62 61 60 61 62 63 64 65 66 66
    66 65 65 63 64 65 65 66 66 68 67 67 66 67 67 67 67 66 67 67 68 67 67
    66 65 66 64 64 65 65 64 64 62 62 62 62 63 63 63 63 64 64 63 63 64 63
    64 64 64 65 64 64 63 62 61 61 62 62 61 61 62 60 60 60 61 61 61 60 60
    61 62 62 62 62 63 63 64 63 64 65 64 65 64 63 64 64 63 63 62 62 62 62
    61 61 62 62 61 62 62 63 63 64 64 64 65 66 66 66 65 65 64 65 64 64 63
    64 63 62 62 63 62 63 63 62 62 63 64 65 64 65 64 65 62 62 62 63 63 63
    63 64 64 63 63 64 63 64 64 64 64 64 64 63 64 64 64 65 65 64 64 64 65
    65 66 67 66 66 66 65 64 64 64 65 64 64 65 65 66 65 65 64 62 63 62 61
    64 65 63 63 63 63 63 63 63 62 62 62 62 62 62 62 62 62 61 62 61 62 61
    61 61 61 61 61 61 60 62 63 64 64 64 63 64 65 65 66 65 66 66 67 66 67
    67 67 66 66 64 63 63 63 63 62 63 63 63 63 61 62 62 60 60 61 62 63 65
    66 66 66 67 66 65 64 64 65 65 66 67 68 67 67 66 67 66 67 67 66 66 67
    68 67 67 66 66 65 64 64 64 65 64 64 62 62 62 62 63 63 63 62 63 63 63
    63 64 63 63 63 63 63 63 63 62 60 59 60 61 60 60 60 60 59 59 58 60 59
    60 59 60 60 61 62 62 62 63 62 63 62 63 64 64 64 64 63 64 64 64 63 63
    63 62 62 62 62 63 62 62 62 62 63 64 64 65 65 66 66 66 66 66 66 65 66
    65 65 64 64 63 62 62 63 62 63 63 61 62 63 63 64 64 64 64 65 62 63 63
    64 64 64 63 65 65 64 65 64 65 65 65 65 65 64 64 63 63 63 63 64 64 63
    63 62 63 64 64 65 64 65 65 63 64 63 63 64 63 63 64 65 65 65 64 64 62
    62 61 61 63 64 63 63 63 64 64 64 63 63 63 63 63 63 62 62 63 62 62 63
    62 62 61 61 61 61 60 60 60 60 62 63 63 63 63 63 63 64 64 65 65 65 65
    66 65 66 67 66 66 65 64 63 63 62 62 62 62 63 63 63 62 62 62 61 60 61
    63 63 64 66 67 66 67 66 65 64 65 66 66 66 68 69 68 67 67 67 66 67 67
    66 67 67 67 67 66 66 65 64 64 63 64 64 63 63 61 62 62 62 62 62 62 61
    62 62 63 62 63 62 62 62 62 62 62 62 61 60 59 59 61 60 60 60 60 59 59
    58 60 60 61 60 60 61 62 62 63 62 63 63 64 62 63 64 64 64 63 63 64 64
    64 64 63 63 63 62 62 63 64 63 63 63 64 64 65 65 65 66 67 67 67 67 67
    66 65 66 65 64 63 64 63 62 62 63 61 62 63 61 61 62 62 64 64 65 64 65
    62 63 63 63 64 63 63 65 64 65 65 65 66 65 66 65 65 65 64 64 64 64 64
    65 65 64 63 63 64 64 64 65 65 65 65 64 64 63 63 64 63 63 64 64 64 64
    64 64 61 61 61 61 63 63 63 63 63 64 64 64 63 64 64 64 64 64 64 64 65
    63 63 64 62 63 61 62 61 61 60 61 60 61 62 63 63 63 63 63 63 64 64 64
    64 65 65 66 66 66 66 66 66 65 64 63 62 62 62 62 62 62 62 62 61 61 61
    60 60 61 62 62 63 65 65 65 66 65 65 64 65 66 67 67 68 69 67 67 67 67
    67 67 67 66 66 66 67 66 66 65 65 64 63 63 64 64 62 62 61 61 61 62 62
    62 62 61 62 62 62 61 63 62 63 63 63 62 62 62 61 60 60 60 61 60 60 59
    60 59 58 57 59 58 60 59 59 60 61 61 62 61 62 62 63 62 63 64 64 64 64
    63 64 64 64 64 63 63 63 63 63 64 65 64 64 64 64 65 66 66 67 68 68 68
    69 68 68 67 66 67 65 64 64 65 63 63 62 63 61 62 62 60 60 62 61 63 63
    64 63 65 62 62 63 63 63 63 63 65 64 65 65 66 66 66 66 66 65 65 65 64
    65 65 65 66 66 65 65 65 65 65 66 66 66 67 66 65 65 65 64 65 64 63 65
    65 64 64 64 63 61 60 60 60 62 63 62 62 62 62 63 62 62 62 62 62 63 63
    63 64 64 63 63 64 63 64 63 63 63 62 61 62 62 62 62 64 63 64 64 63 63
    64 64 64 64 64 65 66 66 66 66 66 65 65 64 63 62 62 62 62 63 62 62 62
    61 61 61 60 60 61 62 62 63 65 65 65 66 65 65 64 65 66 66 66 67 69 68
    68 68 67 66 67 68 66 67 67 67 66 67 66 66 65 65 64 65 65 63 63 61 61
    62 61 62 62 62 61 61 61 62 61 62 61 61 61 62 62 62 61 60 60 59 59 60
    60 61 60 60 59 59 59 60 60 61 61 61 61 62 63 63 63 63 63 64 63 64 65
    65 65 64 64 64 64 64 64 64 63 64 64 63 64 65 65 65 65 64 65 65 66 67
    68 68 68 68 68 67 67 66 66 65 64 63 64 63 62 62 62 61 62 63 61 61 62
    62 63 63 65 64 66 63 63 63 63 63 63 63 65 64 65 65 65 66 66 66 66 65
    65 65 64 65 66 65 66 66 66 65 66 66 66 66 66 66 67 66 66 66 65 64 65
    64 62 64 64 64 64 63 63 61 60 60 60 62 62 61 62 61 62 63 63 63 63 63
    63 63 63 63 64 65 64 64 65 64 64 63 63 63 62 61 62 61 62 63 65 64 64
    64 64 64 64 64 64 64 64 65 65 65 65 65 65 64 64 63 63 62 62 61 61 61
    61 61 61 60 61 61 60 59 61 61 62 62 64 64 65 66 65 66 65 66 66 67 67
    68 69 68 68 68 68 67 68 67 66 67 67 67 66 67 67 66 65 64 64 65 65 63
    63 61 61 62 61 62 62 61 60 61 61 61 60 61 60 61 61 62 62 62 62 61 60
    59 59 60 60 60 59 60 59 59 59 60 60 61 61 61 61 63 63 64 63 63 63 65
    64 65 65 65 66 65 64 65 64 65 65 65 64 65 65 64 64 65 64 65 64 64 65
    65 65 66 67 67 66 67 67 66 66 65 66 65 63 62 64 63 63 62 62 61 62 63
    62 62 64 63 64 64 66 65 67 62 62 62 62 63 62 62 63 63 63 64 64 65 64
    65 65 64 63 63 63 64 64 64 65 65 64 64 65 66 65 66 66 65 66 66 66 65
    64 64 65 64 63 65 65 64 64 64 63 61 61 61 61 62 62 61 61 61 61 62 62
    62 63 62 63 63 63 62 63 64 63 63 64 63 63 62 62 62 62 61 61 61 62 64
    66 65 65 64 64 64 65 65 65 64 64 65 65 65 65 64 64 63 63 62 62 62 62
    61 61 62 61 61 62 61 61 62 60 60 61 62 62 63 65 65 65 66 66 66 66 66
    67 67 68 69 70 69 69 69 68 67 68 68 67 67 67 68 67 68 67 66 65 65 64
    65 65 64 63 61 62 62 62 62 62 62 61 61 62 62 61 62 61 61 62 62 62 63
    62 61 60 60 60 61 60 61 60 60 60 60 60 61 61 62 62 62 62 63 63 64 63
    63 64 64 64 64 64 65 64 63 63 63 63 64 64 64 63 64 64 63 64 65 64 65
    64 64 65 65 65 66 67 67 66 67 67 66 66 65 66 65 64 63 65 64 64 63 63
    61 62 63 62 63 64 63 64 64 65 64 66 62 62 62 63 63 63 62 64 63 63 64
    64 65 64 65 65 63 63 62 62 63 64 63 64 64 64 64 64 64 64 65 66 65 66
    66 65 65 64 64 65 64 63 65 65 63 63 64 63 61 60 60 60 61 62 60 60 60
    61 62 61 61 62 62 62 62 62 62 63 63 63 63 64 62 62 61 61 62 61 61 61
    61 62 64 66 65 65 64 64 64 65 65 65 64 64 64 65 65 64 64 63 63 63 62
    63 62 62 61 61 62 61 61 62 62 62 62 60 60 61 62 62 63 65 64 65 66 66
    67 66 67 67 68 68 70 70 69 69 69 69 68 69 68 67 68 67 68 67 68 67 66
    65 65 64 65 65 64 63 62 62 63 62 62 62 62 61 62 62 63 62 63 62 61 62
    63 63 63 62 61 61 61 60 61 60 61 60 60 60 60 61 62 62 63 63 63 63 63
    64 65 63 64 65 66 65 65 65 66 65 64 64 64 64 65 65 64 64 65 64 63 64
    65 64 64 64 63 65 65 65 66 67 66 66 67 66 66 66 65 66 65 64 63 65 63
    63 62 62 61 62 63 62 62 63 62 63 63 64 64 66 62 61 61 62 63 62 62 63
    63 63 64 64 65 64 64 64 63 63 63 63 63 64 64 65 64 64 64 65 65 65 65
    66 65 66 66 66 65 64 64 65 64 63 65 65 64 63 64 63 61 61 61 61 62 63
    62 61 61 62 63 62 62 62 62 63 63 63 63 64 64 63 64 64 63 63 61 62 62
    62 62 63 62 63 64 66 65 65 65 64 64 66 65 65 64 64 64 64 65 64 63 63
    63 63 62 63 62 62 61 62 62 62 61 62 62 61 62 60 61 62 62 63 63 65 65
    66 66 66 66 66 66 66 68 68 70 70 69 69 69 69 68 69 68 67 68 68 69 68
    69 68 67 66 65 64 65 65 64 63 61 62 62 62 62 61 61 60 61 60 61 61 62
    61 61 61 63 62 63 62 61 60 60 60 61 60 61 60 60 60 60 60 62 62 63 63
    63 63 64 65 65 64 66 66 66 66 66 67 67 66 65 64 65 65 66 66 65 64 65
    64 63 64 65 64 64 63 63 64 64 65 66 67 66 66 67 66 66 66 66 66 65 65
    63 65 64 63 62 62 61 62 63 62 62 63 62 63 62 64 63 65 61 61 61 62 63
    63 63 64 63 63 63 63 64 64 64 65 64 63 63 63 63 63 63 64 64 64 64 64
    64 64 65 65 65 66 66 66 65 65 65 66 65 64 65 66 64 65 65 64 63 62 62
    62 63 64 63 63 62 63 63 62 62 63 63 63 63 63 63 63 63 63 63 63 62 62
    61 61 62 62 62 63 62 64 65 66 65 66 65 65 65 66 66 66 65 66 65 66 66
    66 65 64 64 64 63 64 63 63 61 62 62 62 61 63 62 61 61 60 61 62 62 62
    62 64 64 66 66 66 66 67 67 67 67 68 69 70 69 69 69 69 69 70 69 68 69
    69 69 68 69 69 68 66 65 65 65 65 63 62 60 60 61 61 60 60 60 59 60 60
    61 60 62 61 61 62 63 63 64 63 62 62 62 62 63 61 62 62 61 61 61 61 62
    62 63 62 63 63 64 64 65 64 65 65 66 66 66 66 67 67 66 65 65 65 66 66
    65 65 65 64 64 64 65 64 64 63 62 64 64 65 65 66 65 66 66 66 65 65 65
    65 65 64 63 65 63 63 61 62 60 61 62 61 61 62 62 63 62 63 62 64 59 60
    60 61 62 61 61 63 62 62 63 63 63 63 64 65 64 64 64 64 64 64 64 64 64
    64 64 64 64 64 65 65 65 65 65 65 64 64 64 65 65 63 65 65 64 64 65 64
    63 61 62 62 63 63 63 62 61 62 63 62 62 63 63 62 63 63 63 64 64 64 64
    64 63 63 61 61 62 62 62 63 62 63 64 65 64 64 63 63 63 65 65 65 65 66
    65 65 65 66 65 65 65 65 64 65 64 64 62 63 63 63 62 63 62 61 62 60 60
    61 62 62 62 64 64 66 66 66 66 67 67 67 68 69 70 70 69 70 70 70 70 71
    70 68 69 69 69 68 69 68 67 66 65 64 64 64 63 61 60 60 60 60 60 59 60
    59 59 59 60 60 61 61 61 61 63 63 64 63 62 62 62 62 63 62 63 63 62 63
    63 63 63 63 64 63 64 64 65 65 66 64 66 65 65 66 66 66 66 66 65 65 65
    64 65 65 64 64 65 64 64 65 65 63 64 64 63 64 64 65 66 67 66 66 66 66
    65 65 64 65 64 63 63 64 63 62 61 61 60 61 61 60 61 62 62 63 62 63 62
    64 58 59 59 60 61 60 60 62 62 62 62 63 64 63 64 65 65 65 65 66 66 66
    67 67 67 66 66 66 66 65 66 66 66 66 66 65 64 64 65 66 66 64 66 67 65
    66 67 65 64 62 63 63 64 64 63 62 61 62 63 62 62 62 62 62 63 63 63 64
    64 64 64 65 64 64 63 63 63 63 64 65 64 65 65 67 65 65 64 64 63 65 65
    65 65 66 65 65 65 64 64 65 65 65 64 66 65 65 63 64 64 63 63 64 63 62
    62 61 61 62 63 63 62 64 65 66 66 66 67 67 67 67 68 70 71 71 70 70 70
    71 70 71 70 68 69 69 69 68 69 68 66 65 65 64 64 64 63 62 60 60 61 61
    61 60 61 60 60 60 61 61 62 61 61 62 64 63 64 64 62 62 63 63 63 63 64
    64 64 64 63 64 64 64 65 64 65 65 65 65 66 65 66 65 65 65 66 65 66 66
    64 64 64 63 64 64 64 63 64 64 64 64 64 63 64 63 62 64 64 65 66 67 66
    67 67 66 66 65 65 65 65 64 64 65 64 63 62 62 61 62 62 61 61 62 63 64
    63 64 63 64 58 58 59 60 61 60 60 62 61 62 63 63 64 64 65 66 66 66 66
    66 66 66 66 67 67 66 65 66 66 65 65 66 66 66 66 66 65 65 66 67 66 65
    66 67 66 66 68 66 64 63 63 63 64 64 62 61 60 61 62 61 61 62 62 61 62
    62 62 63 63 63 64 64 64 64 63 63 64 63 64 65 65 65 66 67 65 65 64 64
    63 65 65 65 65 66 64 64 64 64 63 64 64 64 64 65 64 65 63 64 64 63 63
    64 63 62 62 61 61 62 63 63 62 64 64 66 66 66 66 67 67 67 68 70 71 70
    69 69 70 69 68 69 68 67 68 67 68 67 68 68 66 65 65 64 64 63 62 62 61
    61 61 62 61 61 61 60 60 60 61 61 62 62 62 63 64 64 65 64 63 63 64 64
    64 64 65 65 64 64 64 64 64 64 64 64 64 64 65 64 65 64 64 64 63 64 64
    64 65 64 63 63 63 62 63 63 63 63 64 63 63 63 63 62 63 63 62 63 63 64
    65 66 65 65 65 65 65 64 64 64 64 63 63 64 63 63 61 62 61 62 62 61 62
    62 63 64 64 64 64 64 58 59 59 61 61 61 61 62 62 62 63 63 64 64 65 67
    66 66 66 66 65 65 66 66 66 66 65 66 66 65 65 66 66 66 66 66 64 65 65
    66 66 64 65 67 65 65 67 65 63 62 62 62 63 63 62 61 60 61 62 61 61 62
    62 62 63 63 63 64 64 63 64 65 64 65 64 63 64 64 64 65 64 65 66 67 65
    65 64 64 63 64 64 65 65 65 64 64 63 63 62 63 63 63 63 64 63 64 62 63
    62 62 62 64 63 62 62 61 61 63 64 63 63 65 65 67 67 67 68 68 68 68 69
    71 71 71 70 70 71 71 69 70 69 68 69 68 68 68 69 68 66 66 65 65 65 65
    64 62 62 62 62 62 62 61 62 61 61 61 62 62 62 62 62 63 65 64 65 65 64
    64 64 64 65 64 65 66 65 65 65 65 65 65 65 64 65 65 65 65 66 65 66 65
    64 65 66 65 65 65 64 64 64 63 63 64 63 62 64 63 63 63 63 61 63 62 61
    62 63 64 65 66 65 65 66 65 65 64 64 64 64 63 63 65 64 63 62 62 61 61
    62 61 62 63 63 64 63 64 63 64 59 59 60 61 62 62 61 62 62 62 63 63 64
    63 65 66 65 65 65 65 64 64 64 64 64 64 64 64 64 63 64 64 65 65 66 65
    64 64 65 66 66 64 65 66 65 65 66 64 63 61 62 62 62 62 61 60 60 60 62
    62 61 62 62 62 63 63 63 64 64 64 65 65 65 65 64 63 64 63 64 64 64 65
    65 66 65 64 63 63 62 63 63 63 64 64 63 62 62 61 61 62 62 61 61 63 62
    63 62 62 62 62 62 63 63 62 62 61 62 63 64 63 63 65 65 66 66 66 67 67
    67 67 68 69 70 69 68 68 69 69 68 68 68 66 66 66 66 66 67 67 66 64 64
    64 65 64 63 62 62 62 63 63 63 62 61 61 61 60 61 61 62 61 62 62 64 63
    64 64 63 63 63 64 64 64 65 66 65 65 65 65 64 64 65 64 64 65 65 65 66
    65 65 65 63 64 65 64 65 65 64 64 63 63 63 64 63 62 63 63 63 63 63 62
    63 63 62 63 64 64 66 67 65 66 67 67 66 66 65 66 65 65 64 66 65 64 63
    62 61 62 63 62 62 63 63 64 64 65 64 64 59 59 59 61 61 61 60 61 62 62
    63 62 63 63 64 65 64 64 65 65 65 64 64 64 65 64 64 64 65 64 65 65 65
    66 66 66 64 64 65 66 67 64 65 66 65 65 65 64 63 61 61 62 62 62 62 61
    60 60 62 62 61 62 62 62 63 63 63 63 63 63 64 65 64 65 64 63 64 64 63
    65 64 65 65 66 65 64 63 63 62 64 64 64 64 64 63 63 62 62 61 62 62 62
    62 63 62 62 61 62 61 61 61 63 62 61 62 61 62 62 63 63 62 64 65 66 65
    66 66 67 66 66 67 68 69 67 67 66 67 67 66 66 66 65 65 65 64 65 66 66
    65 64 64 64 65 64 64 62 62 62 63 63 63 61 61 60 60 60 61 61 62 61 62
    63 64 63 64 65 63 64 64 64 65 64 66 66 66 65 65 65 65 65 65 64 65 65
    65 65 66 66 66 65 64 64 65 64 65 65 64 64 64 63 63 64 63 62 63 62 63
    63 63 62 63 63 62 63 64 65 66 67 65 66 67 67 66 65 65 65 65 65 64 66
    65 64 62 62 61 62 63 62 63 64 64 65 65 65 64 65 60 60 61 62 63 63 62
    63 64 64 64 64 65 64 65 66 65 65 65 65 65 65 64 64 65 64 64 64 65 63
    65 65 66 66 67 66 65 65 66 66 67 64 64 65 64 63 64 62 61 59 60 61 61
    61 61 60 59 60 62 62 61 62 62 62 63 63 63 64 64 63 64 65 65 65 64 63
    63 63 63 64 64 65 65 65 64 63 63 63 62 63 63 63 64 63 62 62 62 61 60
    61 62 61 61 63 62 62 61 62 62 61 61 62 62 61 62 61 62 62 63 63 62 64
    65 66 66 66 66 68 67 67 67 68 69 68 67 67 68 67 66 66 66 65 66 65 64
    65 67 67 66 64 65 65 65 64 64 63 63 63 63 63 62 61 60 59 60 59 60 60
    60 60 61 62 64 63 64 64 63 64 65 65 66 66 67 67 66 66 66 66 65 65 65
    64 64 64 65 64 65 65 65 64 63 64 64 63 64 64 64 64 64 64 63 64 64 63
    63 62 63 63 64 63 64 63 63 63 64 65 66 67 65 66 67 67 67 66 66 65 65
    65 65 67 65 65 63 63 62 63 63 62 63 64 64 65 64 65 64 65 61 61 61 63
    63 63 62 63 64 64 64 64 64 63 65 65 65 64 64 64 64 64 63 63 64 64 63
    64 65 63 64 64 65 65 66 66 65 65 66 66 66 63 63 65 63 63 64 62 62 60
    61 61 61 61 61 60 59 60 62 62 62 63 63 63 63 63 63 64 64 63 64 65 65
    66 65 64 64 64 64 64 64 66 66 66 65 64 64 64 63 63 64 64 64 64 63 63
    63 62 61 62 62 62 62 64 62 63 62 63 63 63 63 65 64 64 64 63 65 65 65
    64 63 65 65 66 66 66 66 67 66 65 66 67 68 66 66 66 68 67 66 66 66 66
    66 66 65 66 67 67 66 65 65 65 65 64 64 64 63 63 63 63 62 61 60 60 60
    59 60 61 60 61 61 62 64 63 64 64 64 64 65 66 66 66 67 67 66 66 66 66
    65 65 65 64 64 64 64 64 64 63 63 63 62 63 63 62 63 63 62 63 63 63 63
    64 63 63 63 62 63 64 64 63 64 63 63 63 64 65 65 67 65 66 68 68 67 67
    66 66 66 66 65 67 66 65 63 63 62 62 63 62 63 64 64 64 64 64 63 64 62
    61 62 64 64 64 63 64 64 64 65 65 65 64 65 66 65 64 65 64 64 64 63 63
    63 63 63 64 64 62 63 63 65 65 66 66 65 65 65 65 65 62 62 63 63 62 63
    62 62 60 61 61 60 61 61 60 60 61 63 63 63 63 63 64 65 64 64 65 64 64
    65 66 66 67 65 64 63 64 63 64 64 66 66 66 65 64 64 64 63 62 63 63 64
    64 63 63 63 62 61 61 62 61 62 64 63 63 63 63 63 63 64 65 65 64 65 64
    65 65 66 64 63 65 65 66 65 65 65 67 65 65 66 67 67 66 66 66 68 67 66
    66 67 66 67 66 65 66 68 67 66 66 65 66 65 64 64 64 64 64 63 63 62 61
    60 60 60 59 59 61 60 61 61 62 64 64 64 64 64 66 67 68 68 68 68 69 67
    68 68 67 67 66 66 65 65 65 65 65 65 64 64 64 63 64 63 63 64 64 64 64
    64 64 63 64 63 63 63 62 63 63 64 63 64 63 62 62 63 64 65 66 65 66 67
    68 67 67 66 65 66 66 66 68 67 67 64 64 63 64 64 63 64 65 64 65 64 64
    64 64 61 60 61 62 63 63 62 63 64 64 65 64 64 63 64 65 64 64 65 65 64
    64 64 64 64 64 64 65 65 64 65 65 66 66 68 68 66 66 66 66 66 64 64 64
    64 63 64 62 62 60 61 61 61 62 61 60 60 61 63 64 63 63 63 64 65 65 65
    65 65 64 65 66 66 66 64 64 63 64 63 64 64 65 65 65 65 64 64 64 63 62
    63 64 65 65 63 64 64 63 62 62 63 62 63 64 64 64 64 64 64 64 64 66 65
    64 65 65 66 65 66 65 64 65 65 66 66 66 65 67 65 65 65 66 67 65 65 65
    66 65 64 65 65 65 66 65 64 65 67 67 65 65 65 66 65 65 65 65 65 64 63
    63 62 61 60 60 60 59 60 61 60 61 62 63 64 64 65 65 66 67 68 69 69 69
    69 69 68 68 68 68 67 67 66 66 65 65 65 65 65 65 65 65 64 65 64 63 65
    65 64 64 65 65 64 65 64 63 63 62 63 63 64 63 64 63 62 62 63 64 65 66
    64 66 67 67 67 67 66 65 66 66 66 67 67 67 65 64 63 64 64 63 64 65 65
    65 64 64 64 64 62 62 62 64 64 64 63 64 65 65 65 65 65 63 65 65 64 63
    64 64 62 62 61 61 62 62 62 63 64 63 64 64 65 66 68 67 66 66 67 66 67
    64 63 64 64 62 63 62 62 60 61 61 61 61 61 60 60 61 63 64 62 62 62 63
    64 63 64 63 63 62 64 64 65 65 63 63 62 63 62 64 63 65 64 64 64 62 63
    62 62 61 63 63 64 64 62 63 63 62 61 61 62 62 62 64 63 64 64 64 64 64
    65 66 65 65 66 65 67 66 66 66 65 67 67 67 66 66 66 67 65 65 65 66 67
    65 65 65 66 65 64 64 65 64 65 65 63 64 66 66 65 65 65 66 65 65 65 65
    65 65 64 64 63 62 61 61 60 60 60 61 60 61 61 62 63 63 63 64 64 65 67
    68 68 68 68 69 67 68 68 68 68 68 67 66 65 66 66 65 65 65 66 65 64 64
    63 62 64 63 63 64 64 65 64 65 64 64 63 62 63 63 65 64 65 63 63 63 64
    65 65 66 64 66 67 68 67 68 67 66 67 67 67 68 68 67 65 65 64 65 66 64
    65 66 65 66 65 65 65 65 63 62 63 64 64 65 63 63 64 64 65 64 63 62 64
    64 64 63 64 63 62 62 61 61 61 61 61 62 63 62 63 63 65 65 66 66 64 65
    65 65 66 64 62 64 63 62 63 62 62 61 61 62 62 62 62 62 61 62 64 65 64
    65 65 65 66 65 65 64 64 63 64 64 64 65 63 62 61 63 62 63 63 64 63 64
    64 62 62 62 62 62 63 64 65 64 62 62 62 61 60 61 61 61 62 63 63 63 63
    63 63 64 65 66 65 65 66 66 67 67 67 66 66 67 67 68 67 67 67 68 66 66
    66 67 67 65 65 65 66 66 64 64 65 64 65 64 63 64 66 66 65 64 64 65 65
    65 65 65 65 65 65 65 64 62 62 61 61 61 62 63 61 62 63 63 65 65 65 65
    65 66 68 69 69 69 69 70 69 70 69 69 68 68 67 66 66 66 66 65 66 65 66
    65 64 64 63 62 64 63 63 63 64 65 64 65 65 64 64 63 64 64 65 65 66 65
    64 64 66 66 66 67 66 67 68 69 68 68 68 67 68 68 68 69 68 67 65 65 63
    64 65 64 66 67 66 66 65 65 64 65 63 63 64 65 65 65 64 64 65 64 65 63
    63 62 64 64 63 63 64 63 61 61 61 61 62 62 62 62 64 62 63 64 65 66 67
    67 65 65 66 65 66 64 62 64 63 62 63 61 61 60 61 61 61 62 62 61 61 62
    63 65 64 64 64 64 65 64 65 64 64 62 63 64 65 65 63 62 62 63 62 63 63
    64 63 64 63 62 62 62 61 61 63 64 65 63 61 62 62 61 60 61 61 62 62 63
    63 63 64 64 64 64 65 66 65 65 65 64 67 66 67 66 66 67 67 67 67 66 66
    67 66 65 66 67 68 65 65 65 66 65 63 63 64 64 64 63 62 64 65 65 64 64
    64 65 65 64 65 65 66 66 65 65 64 63 61 61 61 61 61 63 61 62 62 63 64
    64 64 65 65 66 68 70 70 70 70 71 70 70 70 69 69 69 67 67 66 66 66 66
    65 65 65 65 64 63 63 62 63 62 62 63 64 65 64 65 64 64 64 63 64 64 65
    65 66 66 65 65 67 67 67 69 67 68 70 70 70 69 69 67 68 68 68 70 70 68
    66 66 65 65 66 65 66 67 66 67 67 66 65 66 64 64 65 66 66 65 64 65 66
    65 66 65 65 64 65 66 65 65 66 65 64 64 64 64 64 64 63 63 64 63 64 64
    66 66 68 67 65 66 66 65 66 64 63 64 64 63 64 62 62 60 61 61 62 62 62
    61 61 61 63 64 63 64 64 63 65 64 65 65 64 63 64 65 66 67 65 64 63 64
    63 64 64 65 64 64 63 62 62 62 61 60 62 63 64 63 61 62 62 60 60 61 62
    62 61 63 63 63 65 64 64 65 66 67 66 65 66 65 67 66 68 67 66 67 67 67
    67 66 66 67 65 65 65 66 66 64 64 64 65 64 62 62 63 63 63 62 61 63 65
    64 64 64 64 65 65 64 65 66 66 66 65 66 65 63 62 62 62 62 62 63 62 63
    63 64 65 65 65 66 65 67 69 70 71 70 70 72 70 71 70 69 69 69 68 67 66
    67 66 66 66 66 66 65 64 64 64 63 65 64 63 64 64 65 64 65 65 64 64 63
    64 64 65 65 66 65 65 64 66 67 67 69 68 68 70 70 70 69 69 67 68 68 68
    70 70 68 66 66 65 65 66 64 66 67 67 67 67 67 66 67 64 63 64 66 66 65
    64 64 65 65 66 65 65 64 65 65 65 65 66 66 64 64 64 64 65 64 64 64 65
    63 64 64 66 66 67 66 65 66 66 65 66 64 62 64 64 63 64 62 62 60 61 62
    62 62 62 61 61 61 63 65 64 64 64 64 66 65 65 65 65 64 65 66 67 68 66
    65 63 64 63 64 64 64 63 63 62 61 61 61 60 59 61 62 63 62 60 61 61 59
    59 61 61 62 61 63 63 64 65 64 64 65 67 67 66 65 66 66 67 66 67 67 66
    67 67 67 67 66 65 67 65 65 66 66 66 63 64 64 65 64 62 62 63 63 63 63
    61 63 65 65 64 64 65 66 65 64 65 66 67 66 65 66 65 63 62 61 61 61 61
    63 62 63 64 65 65 65 65 66 66 68 70 71 72 72 72 73 72 72 71 70 69 69
    68 67 66 67 66 66 66 66 65 64 63 63 62 61 63 62 62 62 63 63 62 63 63
    63 62 62 63 63 64 64 66 65 64 64 66 67 67 69 68 69 70 71 70 69 69 67
    68 68 69 70 70 68 67 67 66 66 67 65 66 68 68 68 68 68 67 67 64 64 64
    66 66 65 64 64 65 65 65 65 65 64 65 65 65 64 66 65 63 63 63 62 63 63
    62 62 64 62 64 63 65 65 67 66 65 66 66 65 67 64 63 65 65 63 64 63 62
    60 62 63 63 63 63 62 62 62 63 65 64 64 65 64 65 64 65 65 64 63 64 65
    66 67 65 64 62 63 61 62 63 64 62 62 61 60 60 60 58 58 60 62 63 62 60
    61 61 60 60 62 62 62 62 64 64 65 65 64 64 65 67 68 66 66 67 66 68 67
    68 67 66 68 68 68 68 68 66 68 67 66 66 67 66 64 64 64 65 64 63 62 63
    63 63 62 60 62 65 65 64 64 64 65 65 64 64 65 66 66 65 65 64 63 61 61
    61 61 61 62 62 62 63 65 66 66 66 67 66 68 71 72 72 73 73 74 73 73 72
    71 69 69 67 67 66 67 66 66 66 66 64 63 62 62 62 61 63 62 62 62 62 63
    62 63 63 63 63 62 64 63 64 64 65 65 64 64 67 68 67 69 68 68 69 70 69
    68 68 66 68 68 68 70 70 68 66 66 65 65 67 65 66 67 68 69 69 68 68 67</data></my_img>
<your_img type_id="opencv-matrix">
  <rows>256</rows>
  <cols>256</cols>
  <dt>u</dt>
  <data>
    69 69 72 73 69 69 65 67 65 66 64 66 67 68 68 65 69 69 72 70 70 68 69
    69 65 66 60 58 57 56 53 56 59 52 58 59 64 65 68 68 67 72 67 69 62 63
    63 58 58 56 59 55 61 59 63 67 66 70 66 69 65 68 59 61 65 62 66 70 75
    73 72 69 66 67 62 61 54 58 65 60 64 64 69 70 78 75 71 79 71 69 65 58
    50 47 44 41 48 49 51 58 61 59 62 65 65 66 67 63 62 64 62 61 60 63 58
    62 63 62 62 63 63 62 68 68 76 75 78 77 75 67 67 61 52 54 58 55 57 63
    59 62 65 64 60 62 58 55 57 56 54 56 60 58 58 59 60 64 65 63 61 61 60
    60 59 56 58 60 59 62 66 69 67 69 64 64 62 62 63 59 57 56 58 59 58 59
    58 61 66 66 65 59 63 63 63 63 65 65 69 72 72 73 72 72 69 67 63 62 57
    57 54 53 51 53 54 56 59 55 54 55 58 58 62 64 65 69 73 76 72 72 66 59
    58 57 60 53 58 58 59 66 67 68 69 73 72 70 69 69 68 65 59 61 60 61 61
    57 62 64 69 69 72 73 69 69 65 67 65 66 64 66 67 68 68 65 69 69 72 70
    70 68 69 69 65 66 60 58 57 56 53 56 59 52 58 59 64 65 68 68 67 72 67
    69 62 63 63 58 58 56 59 55 61 59 63 67 66 70 66 69 65 68 59 61 65 62
    66 70 75 73 72 69 66 67 62 61 54 58 65 60 64 64 69 70 78 75 71 79 71
    69 65 58 50 47 44 41 48 49 51 58 61 59 62 65 65 66 67 63 62 64 62 61
    60 63 58 62 63 62 62 63 63 62 68 68 76 75 78 77 75 67 67 61 52 54 58
    55 57 63 59 62 65 64 60 62 58 55 57 56 54 56 60 58 58 59 60 64 65 63
    61 61 60 60 59 56 58 60 59 62 66 69 67 69 64 64 62 62 63 59 57 56 58
    59 58 59 58 61 66 66 65 59 63 63 63 63 65 65 69 72 72 73 72 72 69 67
    63 62 57 57 54 53 51 53 54 56 59 55 54 55 58 58 62 64 65 69 73 76 72
    72 66 59 58 57 60 53 58 58 59 66 67 68 69 73 72 70 69 69 68 65 59 61
    60 61 61 57 62 64 67 67 72 73 70 70 66 68 69 70 67 68 67 69 68 66 69
    70 71 68 68 65 67 67 63 62 57 56 55 57 54 56 59 53 61 62 68 65 68 69
    69 72 67 67 60 63 63 58 59 57 60 56 62 61 65 68 67 70 68 72 68 69 61
    65 68 67 70 72 75 73 73 70 66 66 62 62 56 60 65 60 63 64 69 70 76 73
    70 77 70 68 64 57 51 50 48 46 52 52 55 61 66 60 61 63 64 62 63 59 58
    62 62 62 61 67 64 66 67 66 66 65 66 64 66 68 74 75 78 78 74 67 68 64
    54 55 59 55 57 64 60 62 64 62 60 62 58 54 56 54 52 54 57 54 54 55 57
    59 60 59 56 58 57 56 56 57 58 61 58 59 62 65 64 64 60 61 62 62 66 63
    60 59 63 62 60 62 60 62 68 66 65 60 62 62 62 62 63 65 67 70 70 70 70
    70 68 64 61 58 54 55 53 53 51 53 54 57 59 56 55 58 60 60 63 65 68 70
    73 73 68 69 66 60 57 56 57 51 55 53 54 59 60 63 65 70 73 72 71 71 70
    66 62 63 61 63 66 65 68 71 66 66 71 72 70 69 68 68 70 71 69 69 68 68
    69 68 69 71 70 68 69 67 68 70 66 65 61 61 60 60 57 56 60 55 60 61 66
    66 68 69 68 71 67 68 61 62 62 58 57 56 59 56 61 60 63 66 66 69 66 69
    66 68 63 65 68 66 69 70 73 70 68 66 64 65 64 64 59 63 67 62 64 65 68
    69 75 72 71 78 72 71 67 61 55 56 53 51 54 52 54 58 61 57 57 59 60 62
    62 59 57 59 58 59 58 63 62 63 67 67 67 68 67 64 66 68 71 71 74 73 72
    67 67 64 57 58 60 57 59 65 62 62 64 61 60 62 59 54 56 57 56 58 61 58
    58 59 61 61 61 59 57 58 58 57 54 55 54 57 56 58 59 62 62 63 60 63 62
    60 64 63 59 57 61 58 59 61 58 58 66 65 64 61 61 60 61 61 62 63 64 68
    69 69 68 70 66 63 60 55 51 53 50 50 50 52 53 57 58 56 57 58 59 59 61
    62 67 68 71 70 65 67 64 60 57 56 55 51 56 54 54 57 56 61 63 68 71 70
    70 71 72 69 65 66 64 66 70 69 73 74 66 66 69 69 66 66 64 66 68 69 68
    68 69 68 69 67 67 68 68 67 67 67 68 69 68 65 62 63 64 64 60 58 58 55
    59 59 64 64 68 69 71 74 71 74 66 66 63 62 60 60 63 58 62 62 65 67 68
    68 65 68 68 69 65 66 68 68 70 70 72 72 70 68 66 67 67 67 60 62 65 60
    62 62 65 66 73 72 71 77 73 72 67 62 57 56 55 54 56 55 57 60 64 61 60
    60 61 60 60 59 56 57 58 62 61 67 67 67 69 68 66 66 64 60 60 62 66 68
    70 70 72 69 69 66 60 61 64 60 60 65 63 64 65 62 60 61 59 56 57 59 59
    61 65 62 61 62 64 62 60 58 57 58 57 57 55 57 57 58 57 58 61 63 63 62
    60 65 64 62 65 65 61 62 65 63 62 64 61 59 67 64 63 59 61 60 60 59 60
    64 65 69 67 68 69 70 66 61 59 55 54 55 54 53 54 55 56 60 60 58 59 62
    61 61 63 66 67 69 70 68 64 65 64 58 57 55 55 52 56 56 56 58 57 61 63
    65 68 66 65 66 67 65 62 62 62 65 70 70 75 75 62 62 65 66 63 63 62 64
    66 67 66 67 68 70 71 70 69 70 69 68 69 68 70 70 67 65 63 63 62 62 58
    57 56 54 59 58 63 64 67 67 71 74 70 73 66 65 65 65 64 65 69 63 67 67
    68 70 68 67 63 68 67 67 64 65 67 69 70 69 72 72 71 70 68 67 69 68 63
    65 67 61 61 62 63 65 70 70 70 77 74 73 69 64 58 57 56 55 57 56 60 62
    64 62 60 59 62 60 61 62 61 62 63 65 63 69 68 66 68 68 66 65 65 61 61
    63 67 66 69 71 72 69 70 67 61 64 67 63 64 67 67 68 70 66 63 64 61 59
    58 59 59 61 65 61 60 59 62 62 59 56 57 61 61 62 61 61 61 65 63 63 63
    64 62 61 60 62 60 59 63 63 61 63 66 64 65 66 61 59 66 64 62 59 59 59
    60 59 59 60 63 66 65 66 67 69 65 61 59 56 57 55 53 52 54 56 56 58 57
    55 57 61 60 61 62 64 67 69 69 68 64 66 65 59 57 56 57 54 57 57 58 62
    60 62 64 67 70 67 64 65 65 65 60 59 59 62 68 68 73 72 64 64 65 65 62
    61 60 64 66 68 67 69 71 72 73 71 70 70 70 68 68 68 69 69 66 64 62 64
    63 62 59 57 55 53 57 56 62 64 67 67 75 76 73 76 67 66 64 65 64 66 71
    67 70 70 72 73 72 68 63 65 67 66 63 64 64 67 67 67 69 69 67 66 65 66
    69 67 63 64 67 63 64 64 64 66 70 71 71 76 73 71 68 64 58 57 56 56 57
    56 60 61 63 61 60 60 61 60 59 62 62 64 65 66 65 70 70 68 69 68 66 65
    64 60 58 61 64 64 67 70 73 73 72 68 64 67 70 66 66 67 67 69 70 66 61
    61 58 58 58 60 60 61 66 62 61 62 61 61 58 55 56 62 63 65 64 64 64 67
    66 64 65 66 64 62 62 64 62 64 66 67 66 69 71 69 70 68 65 62 68 66 63
    62 61 62 61 60 58 59 60 64 60 63 65 66 63 58 57 54 58 54 51 51 53 54
    55 57 55 54 56 61 61 63 65 67 68 71 69 67 63 63 63 55 55 55 56 56 59
    59 61 65 63 64 64 66 67 64 59 59 61 60 58 56 58 61 66 66 70 68 64 64
    65 65 61 60 59 62 63 65 65 68 70 71 73 73 73 74 73 70 72 72 74 73 71
    68 65 67 66 64 61 58 55 53 56 56 60 62 66 66 72 73 72 74 67 66 64 66
    64 67 71 68 72 71 71 71 71 67 61 64 65 66 65 65 66 69 68 68 70 68 64
    64 64 64 69 66 62 65 68 63 64 64 63 67 70 71 71 75 74 73 69 64 61 58
    57 56 55 52 57 57 57 58 57 57 59 60 59 62 63 64 63 64 64 67 69 66 67
    66 65 65 63 60 57 61 64 64 67 68 71 73 71 68 64 66 68 67 68 66 67 67
    69 66 62 62 59 61 62 65 66 66 71 68 67 65 66 65 61 58 57 60 61 62 60
    60 58 61 62 61 62 63 64 61 62 64 61 60 62 64 61 64 68 65 68 67 64 61
    68 69 65 66 65 66 66 65 63 64 64 67 64 66 68 67 63 60 60 56 60 56 53
    53 57 56 57 60 57 57 60 64 63 66 66 67 70 70 70 68 62 61 61 56 55 54
    54 56 58 60 61 63 60 63 62 61 62 60 57 59 60 61 58 58 60 63 68 68 73
    69 57 57 59 60 58 59 61 63 67 69 69 71 71 71 69 69 69 69 68 65 68 68
    71 71 68 67 66 68 66 65 62 59 56 55 58 59 62 63 66 66 72 71 70 71 66
    67 64 66 65 67 71 68 70 70 71 73 74 70 65 67 66 67 66 66 67 70 70 70
    73 70 68 67 66 66 70 67 64 67 68 65 64 66 64 68 69 71 71 74 73 74 70
    65 63 61 62 63 60 55 60 61 62 62 60 59 59 60 57 59 59 60 59 60 61 66
    70 66 67 68 68 67 67 64 61 66 66 67 69 71 72 73 73 70 67 69 69 69 71
    68 68 67 68 64 61 60 59 60 59 62 65 66 71 67 65 63 65 63 59 54 52 57
    58 61 59 59 58 62 63 60 58 59 58 56 58 60 59 58 62 64 63 67 70 67 70
    71 67 64 70 69 66 68 65 65 65 64 61 63 61 62 60 62 62 62 60 57 59 58
    63 61 58 58 60 60 60 62 56 56 59 64 65 66 67 67 71 71 71 67 61 61 61
    57 56 56 54 57 59 60 61 62 60 62 62 61 64 63 59 60 60 61 59 58 58 62
    68 72 76 72 61 61 61 62 60 61 63 66 67 68 69 72 72 70 69 69 70 70 68
    65 69 70 71 72 70 69 69 70 67 66 65 62 58 57 60 61 63 62 64 65 71 72
    71 72 69 70 69 70 67 68 71 69 71 72 70 72 74 70 64 65 65 64 65 65 65
    69 70 71 73 71 69 66 67 65 69 66 64 66 67 66 63 65 64 67 68 69 71 71
    71 73 70 65 64 64 63 65 61 58 63 64 64 62 63 60 61 61 56 60 62 62 60
    61 63 66 70 65 65 67 66 64 64 62 59 63 64 64 67 70 72 75 76 74 70 71
    71 71 70 66 66 64 65 60 59 58 56 59 57 61 64 67 71 69 67 65 67 63 61
    56 55 58 60 63 62 64 61 62 63 59 60 58 57 53 56 59 56 56 57 60 61 65
    68 66 69 71 67 64 68 67 64 64 61 63 63 61 58 61 59 63 61 61 61 60 58
    55 58 57 60 59 57 58 60 59 59 61 56 57 61 66 66 67 68 68 70 72 71 67
    63 64 63 61 60 60 58 61 64 63 63 63 63 63 64 64 65 65 61 60 58 60 58
    55 56 60 66 71 75 72 63 63 60 61 60 64 66 67 67 68 68 71 71 67 66 66
    68 70 71 68 73 74 75 74 73 72 71 72 66 66 65 65 61 57 59 59 62 62 65
    64 70 72 71 72 70 71 68 70 66 66 69 67 70 69 69 73 74 70 64 64 62 62
    61 61 62 66 68 70 73 72 70 65 65 64 68 63 62 66 67 68 65 66 63 66 67
    66 68 68 69 73 73 70 67 67 65 67 64 59 62 63 62 61 61 60 60 61 55 58
    60 59 58 58 60 62 67 63 64 66 66 65 64 63 61 64 63 63 64 67 70 72 74
    73 71 70 70 70 71 66 65 63 64 62 61 58 56 59 57 61 64 68 71 71 68 65
    67 65 63 57 55 56 59 63 63 63 61 61 64 62 62 61 57 55 58 60 55 56 56
    56 60 64 65 65 68 69 68 65 69 67 63 63 60 60 60 59 57 59 59 60 61 62
    61 60 58 58 61 63 66 64 64 65 66 64 63 63 57 57 61 65 65 65 68 67 69
    71 71 68 66 68 65 63 65 64 62 63 67 67 69 69 67 66 66 67 64 62 58 58
    55 58 54 52 54 59 63 66 72 68 65 65 63 63 61 65 66 66 65 67 67 72 71
    67 65 67 71 70 71 67 71 71 74 71 69 70 69 70 65 65 63 62 59 55 58 58
    60 59 63 62 69 71 70 71 70 70 69 71 68 68 70 69 73 73 74 78 78 74 69
    69 65 66 63 62 64 69 71 72 75 73 74 68 67 63 66 60 60 62 63 64 62 63
    61 64 64 64 64 64 64 68 70 66 64 63 62 64 63 59 63 67 66 67 67 66 64
    64 58 60 62 60 58 59 62 65 68 64 64 66 66 64 62 61 60 63 63 65 67 70
    72 73 72 72 68 68 67 68 70 66 65 62 62 60 60 55 53 56 55 58 61 63 67
    68 65 62 65 63 62 57 54 55 57 62 64 64 64 65 67 64 66 63 58 56 57 56
    53 55 55 56 60 63 65 67 69 70 68 67 68 68 65 63 61 61 61 61 58 60 60
    59 60 60 62 57 57 56 60 63 67 65 64 68 68 66 66 65 60 60 62 66 67 68
    71 71 74 75 75 73 71 72 69 67 68 68 66 67 70 69 69 69 69 67 67 65 60
    59 56 57 52 55 53 52 56 61 64 66 72 69 66 66 66 67 64 67 70 68 67 68
    68 71 71 67 65 67 73 74 74 69 73 72 73 71 67 70 69 70 64 64 62 62 57
    54 57 59 61 61 66 65 72 71 69 69 66 66 64 66 63 63 65 65 71 72 71 74
    75 72 69 67 62 63 60 60 61 66 66 67 72 69 70 67 67 63 66 62 62 65 66
    66 65 65 61 65 62 61 60 60 59 64 68 64 63 64 64 65 65 61 64 68 66 66
    68 67 65 66 60 62 65 63 59 59 61 62 65 62 62 67 69 67 67 67 66 69 66
    66 68 71 70 71 70 68 67 67 65 67 69 66 64 61 61 60 61 57 54 55 54 57
    58 60 62 65 63 62 65 65 66 61 59 60 63 66 68 68 66 68 70 66 64 62 57
    55 57 55 52 56 57 57 63 64 64 66 69 68 68 69 68 68 66 68 63 62 63 61
    60 60 59 58 60 62 61 56 56 57 59 62 63 61 61 66 65 63 63 63 57 56 58
    58 62 63 66 64 68 70 70 70 68 69 68 68 68 70 69 69 72 70 69 68 69 66
    67 66 61 61 61 62 57 60 58 59 61 64 64 66 71 69 66 66 65 68 63 66 68
    68 67 68 68 70 70 66 63 67 70 72 74 71 74 74 73 69 68 69 68 67 63 65
    64 64 61 58 60 63 65 64 67 65 71 71 70 68 67 66 64 67 61 62 62 63 69
    70 70 73 75 71 69 66 60 61 57 57 58 63 63 66 71 69 70 68 69 65 68 65
    64 65 67 66 66 67 63 67 65 65 61 61 60 63 67 64 64 63 65 64 63 60 62
    63 62 64 65 66 65 67 61 62 64 61 56 55 57 59 61 58 60 64 67 66 63 62
    63 67 64 64 65 69 70 71 68 66 65 65 62 65 67 64 62 60 60 59 62 56 55
    56 56 58 59 61 62 65 65 64 66 66 66 62 59 60 62 63 65 66 66 66 68 64
    65 63 58 56 57 55 54 57 55 56 62 63 62 64 65 64 65 66 64 64 63 64 61
    61 62 62 62 64 61 62 65 65 63 58 57 58 61 61 62 62 62 67 65 60 61 62
    57 55 55 57 60 63 66 64 68 70 71 71 70 72 70 71 72 72 71 72 75 71 70
    68 69 68 68 65 60 62 63 64 59 61 61 60 63 64 63 64 68 64 65 65 64 67
    63 66 67 67 65 65 65 65 66 62 62 65 69 71 72 70 73 71 69 67 66 67 67
    66 61 66 64 64 62 60 61 63 66 64 68 66 70 69 68 68 66 66 65 67 64 63
    62 61 68 67 66 68 68 68 68 67 62 63 61 60 63 65 63 64 67 64 67 68 67
    64 69 68 68 70 70 68 67 67 62 65 62 61 59 60 59 64 68 65 65 64 67 67
    66 64 65 67 66 68 68 68 66 66 61 62 62 57 53 52 55 58 60 56 58 64 66
    64 62 61 62 66 64 63 65 69 70 71 67 68 66 66 62 64 65 64 63 61 62 61
    67 60 59 58 57 57 57 60 60 65 65 65 68 68 69 66 61 61 61 63 66 66 68
    66 68 65 65 62 55 55 53 52 52 53 51 53 60 61 61 63 64 65 67 68 65 65
    64 64 60 59 59 59 60 61 60 62 67 67 66 62 62 62 66 66 66 66 67 70 68
    63 62 63 57 56 55 56 59 61 62 59 63 65 68 70 70 73 73 76 77 77 74 72
    74 70 68 65 66 64 65 63 58 61 64 67 61 65 64 65 67 67 66 67 71 67 64
    64 64 66 64 65 67 66 65 66 65 66 65 63 62 63 67 67 67 64 69 67 64 64
    63 64 68 67 63 67 66 65 62 61 62 63 65 64 67 65 70 69 67 69 66 65 65
    68 64 64 62 61 67 67 68 70 70 70 70 69 64 64 60 59 62 64 62 62 66 64
    67 68 69 66 70 70 71 71 70 69 67 65 60 61 59 59 58 58 58 64 70 68 67
    68 70 71 71 68 69 70 69 70 69 66 64 63 58 59 59 54 52 51 52 56 57 54
    57 63 66 64 63 63 65 68 67 66 68 73 74 75 72 71 69 69 63 65 65 64 61
    59 59 59 63 56 54 53 54 55 56 59 61 66 66 66 67 67 67 64 60 61 63 65
    69 70 73 71 72 67 65 62 55 54 52 51 50 53 53 54 61 61 60 63 65 66 66
    66 64 63 63 62 57 56 57 57 57 59 58 60 65 64 62 58 58 57 60 59 58 59
    62 66 63 62 62 62 57 55 54 54 57 58 60 59 64 68 69 71 74 78 79 81 81
    80 77 75 76 70 68 65 66 65 67 64 59 61 64 65 62 64 64 64 65 67 66 68
    70 67 68 68 66 69 64 66 66 66 64 64 65 65 66 64 65 67 69 72 73 69 72
    70 66 62 63 62 63 64 61 65 67 66 66 64 66 66 70 69 68 69 72 72 71 72
    67 65 67 70 67 66 63 63 68 69 68 67 65 65 65 66 61 60 58 57 60 63 60
    59 61 60 63 64 64 62 67 68 68 69 69 69 68 67 62 62 62 61 59 60 61 66
    71 69 66 67 69 68 67 65 67 66 66 67 65 64 63 62 58 59 59 55 55 55 56
    59 60 58 61 66 66 64 62 59 59 62 60 59 63 66 68 71 68 69 68 67 62 64
    64 63 63 61 62 64 69 62 61 59 60 60 60 60 60 65 65 65 65 64 65 65 63
    64 65 67 71 73 74 71 70 66 67 65 59 59 57 55 55 58 57 58 62 62 61 64
    67 67 67 67 65 66 66 63 56 55 55 55 54 56 56 60 66 66 65 60 60 59 60
    58 56 56 60 64 64 63 63 64 60 57 54 54 54 55 57 56 62 65 67 71 74 79
    79 82 80 80 76 72 73 66 64 61 63 62 65 64 60 62 64 66 63 64 64 65 67
    68 70 69 71 70 72 72 71 71 66 66 68 65 65 65 66 65 67 65 64 66 66 68
    69 67 68 68 63 61 61 62 62 63 60 64 65 65 65 64 68 67 70 70 70 71 72
    71 70 71 65 63 64 67 65 67 63 63 69 68 68 66 64 63 65 65 60 62 59 56
    59 61 56 55 59 57 60 63 63 62 69 70 71 72 71 70 69 67 62 62 61 61 60
    63 63 66 69 69 67 68 70 68 69 67 70 69 69 68 65 65 63 61 57 58 57 54
    54 54 55 60 63 60 63 68 68 66 66 61 61 62 61 61 64 68 70 72 67 68 68
    66 62 62 62 62 64 64 63 65 70 64 64 62 62 61 61 61 61 65 63 63 63 65
    66 64 62 65 66 66 70 69 71 70 69 64 66 65 59 60 59 57 58 60 60 61 64
    64 61 63 65 67 65 67 67 66 67 65 60 58 56 56 55 57 59 61 66 66 67 63
    62 62 61 60 59 60 63 66 67 67 66 66 60 57 54 52 53 53 56 56 62 65 66
    72 74 79 78 81 78 78 75 72 70 64 61 58 59 61 62 61 59 61 64 69 69 68
    67 69 71 71 70 68 68 69 76 76 74 74 67 67 69 67 65 64 66 64 67 65 62
    63 63 64 62 60 62 62 59 57 59 61 62 64 63 65 67 65 65 64 68 69 70 70
    71 72 74 73 72 72 68 65 67 70 69 68 64 63 69 68 66 63 63 64 64 65 61
    64 62 59 61 63 59 59 62 58 60 65 64 63 69 68 68 68 68 67 66 64 61 63
    62 63 61 65 65 68 71 69 67 67 69 67 67 65 68 67 68 68 68 66 66 64 60
    62 60 57 56 56 55 59 62 58 61 67 67 66 67 62 62 63 63 62 65 67 71 74
    68 67 67 66 62 63 60 62 64 66 65 66 68 63 64 62 61 60 59 59 60 64 62
    62 64 63 65 65 64 66 67 68 70 70 72 70 68 63 66 63 59 61 59 58 59 60
    60 62 65 65 61 62 65 68 65 64 64 63 65 62 57 56 57 58 56 57 59 64 68
    66 66 62 61 60 60 57 56 59 63 64 66 66 64 63 58 55 50 49 49 50 52 53
    59 61 63 69 72 76 76 78 76 74 71 68 64 60 57 55 56 58 60 60 61 61 65
    68 70 70 71 72 73 72 72 68 68 68 73 73 71 73 66 65 66 66 65 63 65 61
    65 63 61 61 60 62 60 60 62 62 60 58 61 62 62 63 61 65 65 65 65 63 69
    69 69 69 70 70 70 70 69 69 66 64 65 69 68 67 63 62 67 65 62 59 57 58
    59 60 56 59 59 56 58 60 57 57 61 57 59 64 64 63 68 68 68 68 69 68 68
    66 64 65 64 65 64 66 68 69 71 70 69 71 71 71 70 69 70 68 67 66 66 63
    63 61 58 61 59 57 56 55 53 56 59 56 60 65 67 67 69 64 63 66 64 63 63
    65 67 72 68 66 67 65 63 65 61 61 64 65 64 65 66 62 64 62 61 60 60 61
    63 64 63 62 64 64 65 65 64 68 69 70 72 71 73 70 69 63 64 64 61 62 60
    60 60 61 60 61 62 62 60 60 63 67 63 63 64 64 65 62 59 57 59 59 59 60
    61 67 73 71 70 67 64 64 64 62 60 63 66 66 68 67 64 62 56 53 49 47 46
    47 49 48 53 56 61 66 70 73 73 75 73 71 67 63 58 55 54 54 56 57 61 62
    65 66 70 71 73 73 73 74 74 71 71 67 66 67 76 76 72 74 68 66 66 65 63
    62 63 60 62 62 60 60 58 57 58 57 59 60 56 56 59 61 60 63 61 63 65 66
    67 66 71 71 70 70 70 69 66 66 66 65 64 61 64 68 71 69 66 65 69 67 63
    60 58 59 58 60 58 60 62 57 60 61 60 60 61 57 57 62 60 61 66 64 65 66
    68 67 67 66 65 67 68 68 67 68 70 69 70 71 69 70 70 70 68 67 70 67 67
    66 67 66 65 64 60 60 58 56 56 55 56 58 61 59 61 65 66 64 65 59 59 60
    60 61 62 64 68 74 69 67 68 65 63 65 62 62 64 67 67 66 66 62 65 64 65
    65 63 65 68 66 64 61 62 61 62 64 61 64 64 67 69 66 69 67 67 63 66 66
    65 66 63 63 62 61 59 59 58 58 56 57 60 65 63 62 64 66 66 61 59 58 57
    58 57 58 60 67 71 67 69 66 64 64 63 63 62 65 67 66 68 67 66 63 56 56
    51 52 51 51 54 53 59 62 67 72 74 77 75 77 74 72 68 64 61 59 58 60 60
    61 62 63 65 65 68 68 70 70 71 71 71 68 69 66 64 64 76 76 73 74 69 68
    68 65 62 61 63 60 61 61 59 61 59 59 59 55 57 57 55 55 57 61 59 64 61
    63 64 63 65 64 68 69 70 70 70 69 66 66 68 65 62 61 65 68 71 69 66 65
    68 67 62 58 56 59 56 58 59 61 62 59 62 62 63 63 62 59 58 62 59 59 62
    60 60 63 64 66 65 66 65 66 68 68 67 67 72 70 71 72 71 71 71 72 71 70
    72 71 69 68 68 66 63 63 58 60 57 56 58 58 60 61 65 61 62 65 65 64 66
    62 61 61 63 64 65 67 68 74 70 72 73 70 68 71 67 65 65 66 65 64 63 61
    63 61 62 62 62 62 65 64 61 61 63 62 63 65 62 63 63 66 67 64 66 63 65
    61 64 65 66 67 66 66 64 64 64 64 60 59 57 58 61 66 64 63 67 70 70 66
    65 66 63 63 59 59 63 68 71 65 67 66 63 63 60 61 61 64 65 63 65 65 65
    61 54 54 52 52 51 50 53 53 58 60 64 69 70 73 72 72 70 69 65 62 58 57
    57 59 60 61 62 63 66 64 67 65 67 68 69 71 71 71 72 71 68 70 75 75 71
    71 68 67 68 66 63 61 64 62 62 62 58 60 58 59 59 56 60 60 60 60 61 64
    62 66 64 64 65 64 66 64 68 70 69 70 69 69 66 67 68 64 62 61 65 68 69
    67 62 62 67 67 61 58 56 58 57 59 58 60 62 60 64 64 65 66 68 64 64 66
    62 61 62 59 57 59 60 62 61 63 65 65 67 68 65 65 70 67 66 68 67 68 69
    69 68 69 71 71 70 67 67 66 65 64 60 61 58 57 60 61 61 63 65 61 63 65
    66 67 67 62 61 62 63 66 64 63 65 71 69 68 69 67 67 71 68 67 67 68 67
    67 64 61 63 61 61 64 63 63 65 62 61 59 62 60 60 62 60 62 62 67 67 65
    67 63 65 62 66 66 68 69 69 69 65 65 63 61 57 56 51 53 57 61 60 60 66
    68 70 67 68 69 67 64 61 62 65 69 68 64 66 65 61 60 55 58 58 61 62 62
    65 65 64 62 57 57 56 55 54 55 59 58 63 63 64 68 69 72 69 70 68 67 66
    63 59 57 58 60 60 61 62 63 67 64 66 64 66 67 66 69 69 69 71 68 67 69
    80 80 76 77 72 72 72 69 66 63 65 61 62 60 56 59 57 58 60 57 59 61 62
    60 62 65 61 65 65 64 63 63 64 63 67 69 65 66 67 66 64 66 67 63 62 61
    65 66 68 65 63 64 68 66 60 60 58 59 57 60 58 61 63 62 65 66 66 66 68
    64 63 65 61 60 61 59 57 59 61 61 61 62 65 66 67 67 64 63 66 64 63 66
    65 67 68 68 69 70 71 71 71 69 69 69 69 68 64 65 60 60 62 62 63 64 66
    61 64 65 65 66 66 62 60 62 63 66 65 62 63 66 64 63 66 66 66 70 67 69
    69 71 69 67 66 65 67 64 63 67 65 64 65 60 58 59 63 62 61 63 62 64 65
    69 67 64 65 63 65 64 68 69 69 72 72 71 67 66 65 63 60 59 55 58 59 62
    61 60 66 68 71 68 71 73 67 66 63 62 65 68 68 65 68 67 63 63 60 64 64
    67 67 66 68 66 64 59 54 53 52 52 50 51 55 54 57 56 58 62 63 66 64 65
    65 67 64 62 59 59 60 63 64 64 66 68 71 67 69 65 66 68 69 70 72 71 71
    70 69 68 83 83 80 80 76 74 74 70 66 63 63 61 60 59 54 57 57 56 58 55
    56 58 60 59 59 62 60 63 63 62 60 60 60 59 61 63 59 60 61 59 59 60 62
    58 59 59 62 64 67 64 61 64 67 66 62 61 61 62 61 64 63 66 67 67 69 69
    70 68 70 66 63 66 62 61 60 58 57 59 62 61 61 63 66 66 65 63 61 61 63
    59 60 63 65 67 68 68 70 74 73 73 73 69 70 71 68 68 67 67 63 63 63 63
    62 63 63 57 60 61 64 65 66 62 63 64 66 68 65 64 64 67 66 64 67 67 67
    71 68 70 67 68 65 63 61 59 61 58 59 62 62 63 64 60 59 59 64 64 62 63
    62 62 65 67 66 63 65 63 67 67 69 71 70 73 74 72 65 64 63 62 60 58 54
    57 60 61 61 59 63 64 68 67 70 74 69 70 69 68 68 69 68 63 65 62 58 59
    57 61 63 66 67 65 66 63 62 58 52 52 53 54 53 55 57 57 59 59 59 62 63
    64 62 63 65 65 62 61 59 60 62 65 63 63 66 68 69 67 69 65 67 70 72 73
    74 72 71 69 66 65 78 78 76 78 76 73 73 70 65 63 61 60 59 60 57 60 63
    62 65 61 60 59 62 59 60 63 60 60 63 63 58 58 55 54 54 58 56 56 57 54
    55 58 62 57 55 56 61 64 66 62 60 64 68 67 63 63 62 64 62 66 66 69 70
    72 74 77 77 75 73 71 68 69 65 64 62 61 61 62 65 64 64 65 68 68 68 66
    62 61 63 59 61 64 65 66 68 69 70 72 70 70 72 70 70 73 72 73 73 73 69
    68 69 68 67 66 65 61 62 64 66 68 68 65 65 66 68 69 66 62 63 66 65 63
    65 64 64 68 66 68 65 65 64 64 61 61 60 56 58 63 64 64 65 62 62 63 67
    64 60 62 61 61 64 67 65 64 65 63 66 67 68 69 69 73 73 71 66 64 63 62
    60 56 55 58 60 61 61 58 62 66 68 67 70 74 71 71 70 68 68 69 69 65 65
    62 58 59 57 60 62 63 63 64 65 62 61 56 51 51 52 54 54 55 57 57 58 59
    60 61 61 63 61 62 65 65 61 60 59 61 62 66 64 64 67 69 71 67 68 64 67
    70 72 74 74 71 73 70 67 65 79 79 78 80 76 72 70 68 64 62 59 59 60 61
    60 62 63 62 65 61 58 57 60 58 57 59 57 57 60 61 55 55 54 53 51 55 56
    54 54 50 51 54 58 53 50 53 58 62 66 63 63 68 71 70 68 67 64 65 63 64
    65 66 66 69 72 74 74 72 70 71 68 68 66 65 63 63 65 65 70 69 68 71 75
    72 70 68 64 62 63 57 57 61 63 64 66 65 69 71 70 70 71 69 68 72 71 72
    73 73 71 69 70 69 68 67 65 62 62 64 68 68 68 65 66 66 69 68 66 63 64
    67 67 67 67 67 66 68 65 67 63 62 61 62 62 61 61 56 60 65 66 66 66 64
    64 67 67 65 62 63 62 62 64 66 66 64 65 66 68 68 70 73 73 74 75 71 66
    64 62 59 58 55 55 58 59 59 61 59 63 68 68 69 71 77 72 72 71 69 68 68
    68 64 63 62 56 57 56 60 62 63 62 62 63 60 61 58 53 53 56 57 57 58 59
    57 60 60 61 62 61 63 61 61 64 65 61 61 62 63 65 68 66 65 69 69 68 65
    64 61 63 66 68 69 71 69 71 68 65 63 81 81 79 80 76 73 72 70 66 62 58
    59 60 62 61 64 64 64 69 64 61 60 61 60 58 61 60 60 64 63 59 59 58 57
    55 59 59 56 57 54 55 56 60 54 52 55 60 62 65 64 64 69 70 69 69 68 66
    68 68 70 71 72 70 74 75 75 72 70 68 68 65 63 62 61 61 63 64 66 71 72
    70 73 76 71 70 67 62 61 62 58 58 62 63 64 66 64 66 69 67 69 70 69 69
    74 74 73 74 72 71 69 69 69 68 67 64 63 62 64 66 66 67 65 68 65 69 68
    67 65 66 67 66 69 67 68 67 69 65 67 65 64 63 64 65 65 65 60 64 68 69
    68 68 68 67 71 71 68 65 65 63 60 62 63 62 62 61 62 64 67 70 71 70 70
    72 69 65 61 62 60 60 58 57 60 61 61 62 61 64 68 69 69 71 78 72 71 69
    66 67 68 64 60 59 60 56 56 54 57 60 60 61 60 59 59 60 56 52 54 57 58
    60 61 61 61 65 64 63 63 62 64 63 61 63 65 63 64 66 66 68 69 66 66 66
    67 65 62 59 59 62 65 69 68 68 67 70 66 62 58 80 80 78 78 75 73 71 69
    65 61 58 62 61 62 61 65 67 70 72 67 65 64 66 65 62 64 64 62 65 64 59
    57 56 55 53 57 59 56 54 53 56 57 60 55 52 57 63 63 65 65 65 72 73 72
    72 72 69 70 72 72 73 75 72 77 79 79 74 71 70 71 68 64 64 62 64 65 66
    66 71 72 70 73 75 71 69 67 64 64 65 60 60 65 64 65 66 62 65 68 66 67
    70 67 67 71 72 70 71 70 69 67 67 68 63 64 61 60 59 61 63 64 66 68 70
    67 71 71 70 68 67 65 65 67 65 64 66 65 62 66 64 64 61 63 63 62 63 56
    60 65 67 65 66 68 67 72 71 69 64 65 64 61 64 63 63 63 63 64 65 67 68
    70 68 67 69 67 64 59 61 60 61 59 58 60 60 62 61 60 63 67 67 70 72 78
    74 73 72 70 71 70 67 63 60 61 57 57 56 59 62 62 63 63 62 61 61 57 54
    54 59 59 61 61 62 63 65 63 63 60 59 61 59 57 60 62 57 61 62 62 66 67
    65 65 69 70 69 67 62 63 64 67 70 68 69 67 72 66 64 62 81 81 80 82 77
    75 72 73 67 62 58 60 61 61 61 62 66 69 72 69 68 67 69 68 66 68 66 64
    66 64 59 59 55 54 53 57 57 54 53 53 56 56 58 53 53 56 62 62 64 65 66
    72 72 71 71 71 69 71 72 74 74 77 74 79 80 80 74 70 69 68 66 61 60 60
    62 63 65 66 70 71 71 72 73 69 66 64 62 62 60 57 57 62 62 64 64 61 65
    69 67 67 71 67 67 71 72 69 69 68 68 68 67 69 65 65 63 62 60 61 64 64
    66 67 69 66 70 69 65 63 62 59 59 59 57 56 59 57 55 61 60 60 59 63 64
    63 63 59 62 68 69 66 65 68 69 72 70 66 62 61 63 59 61 61 62 63 63 65
    65 68 69 70 66 66 67 64 61 56 58 57 60 58 59 60 62 65 64 64 66 68 68
    71 70 74 70 69 68 66 66 63 62 59 57 57 54 55 55 59 63 63 65 64 63 62
    63 59 57 57 60 60 62 63 61 63 64 61 62 61 61 60 60 59 62 63 58 61 62
    64 67 67 65 65 69 69 69 67 62 64 65 67 70 68 69 67 70 65 63 62 81 81
    82 84 77 75 69 69 66 61 56 59 61 61 62 64 66 68 69 65 62 62 63 62 62
    63 63 60 62 61 57 56 52 52 51 56 58 55 54 53 56 54 57 51 53 55 62 63
    66 67 68 75 72 71 71 73 72 73 72 73 75 78 74 77 76 79 75 69 66 64 62
    57 57 57 59 61 64 67 72 73 74 74 73 71 69 66 65 67 64 61 63 67 66 67
    66 62 66 68 67 67 70 68 67 71 71 70 69 69 69 68 66 69 66 63 62 62 59
    62 65 64 68 70 71 68 71 70 66 64 62 59 60 59 56 55 57 56 54 59 59 58
    58 60 62 61 62 57 61 66 68 67 66 71 70 73 71 69 65 65 67 62 64 63 63
    62 62 66 63 66 66 67 64 64 66 62 60 57 62 61 62 62 63 64 64 67 65 64
    66 66 62 66 66 69 65 66 67 65 65 63 63 60 57 57 53 56 57 58 62 63 65
    63 62 60 60 57 54 53 56 57 59 60 59 62 65 62 66 65 65 64 63 62 63 64
    57 61 63 64 68 68 68 68 71 70 70 68 65 66 66 69 71 70 69 67 69 64 61
    60 75 75 77 78 73 73 68 69 66 63 57 59 61 60 63 63 66 67 68 65 63 62
    62 61 58 59 62 59 58 58 54 54 53 53 52 57 62 60 58 57 58 55 57 51 51
    53 60 61 63 64 65 72 70 69 69 69 67 70 69 70 72 76 72 74 75 76 73 68
    65 61 62 55 55 54 57 59 61 65 69 71 73 75 73 70 69 64 62 65 63 60 62
    65 64 66 65 61 64 65 63 63 65 65 64 67 68 68 67 67 68 67 65 68 64 63
    62 62 59 60 63 63 65 66 67 64 67 66 61 61 60 57 59 58 54 53 57 55 54
    60 59 59 58 62 63 60 61 57 60 65 66 65 64 70 69 71 69 68 65 66 68 62
    63 61 62 62 62 63 60 61 62 63 61 60 62 60 59 57 62 61 61 60 62 63 63
    65 64 65 65 67 63 66 65 67 63 63 64 62 65 64 63 59 57 59 53 57 58 57
    61 63 63 61 63 61 60 59 57 57 61 61 62 63 62 64 67 65 68 66 66 65 63
    61 62 61 56 60 61 62 65 64 63 64 67 67 66 67 65 68 67 69 70 70 70 68
    69 64 63 63 72 72 75 77 73 72 67 69 68 64 60 60 63 62 67 67 66 69 69
    67 64 63 62 61 59 60 62 60 59 60 57 58 58 58 57 61 65 62 60 60 60 57
    57 51 52 54 60 60 61 63 65 71 69 67 68 69 68 69 67 69 73 77 71 73 72
    75 73 68 64 60 63 57 57 55 58 59 60 64 68 70 70 71 69 68 67 64 61 64
    64 62 63 66 66 66 65 62 63 63 61 60 62 62 60 62 65 64 62 62 65 63 64
    66 62 62 62 63 59 62 63 63 66 67 69 67 68 66 61 62 60 57 57 56 54 54
    59 55 53 60 61 60 60 64 65 63 65 60 62 66 65 63 62 68 67 69 68 66 66
    66 65 61 62 62 62 61 61 62 60 61 61 60 59 57 59 58 60 59 63 62 63 62
    65 63 61 62 61 61 63 66 61 66 67 68 64 63 64 62 66 65 64 61 60 64 59
    62 62 60 62 64 64 61 61 61 59 60 58 58 61 61 63 62 62 62 66 62 65 63
    63 62 62 61 60 61 57 62 62 64 65 63 64 64 65 64 63 62 60 64 62 64 66
    65 64 64 65 61 60 61 72 72 75 76 73 73 68 69 71 66 61 61 64 62 66 64
    63 65 67 63 60 62 62 61 59 58 59 59 59 59 57 58 59 60 59 64 66 63 61
    61 60 58 58 52 56 58 62 62 64 66 68 72 67 66 67 69 68 69 68 71 75 78
    72 73 72 73 70 66 63 58 59 54 55 54 56 56 55 62 65 67 67 68 67 65 65
    61 58 62 61 61 63 65 64 64 65 59 61 62 59 59 60 60 59 62 65 62 60 60
    64 63 62 64 59 61 62 61 60 60 62 61 64 65 67 64 64 64 60 63 61 57 56
    57 56 56 61 57 56 63 63 62 60 64 63 60 63 60 62 65 66 62 62 67 65 67
    65 66 65 67 66 62 61 59 58 58 57 60 59 61 63 62 63 60 63 62 62 61 63
    64 64 63 64 62 60 61 59 59 60 62 58 62 63 65 60 59 59 56 60 59 57 54
    56 62 59 62 63 60 63 67 66 62 62 61 59 62 60 61 61 60 63 62 62 61 65
    60 64 64 62 63 63 63 61 62 60 63 66 66 66 64 66 65 64 63 59 60 60 63
    59 62 63 62 63 62 62 59 61 61 71 71 73 74 74 72 70 71 71 66 62 62 62
    62 64 63 65 67 69 65 65 66 66 63 60 59 58 59 59 59 58 60 62 65 65 68
    67 66 64 63 63 58 60 56 61 62 67 66 66 69 69 71 68 66 67 70 70 71 70
    73 75 78 74 73 72 71 70 66 65 59 59 54 52 52 55 55 53 60 62 64 65 63
    60 60 59 57 56 59 59 59 63 64 64 64 63 61 61 63 60 61 61 61 61 61 65
    62 60 60 63 63 64 66 61 62 63 61 60 58 57 57 62 64 65 65 66 67 63 67
    63 57 56 55 55 55 60 57 58 66 67 66 64 65 64 61 63 59 60 62 63 60 60
    63 62 63 63 63 62 64 63 60 58 57 58 57 57 58 58 60 61 59 58 58 59 58
    59 59 63 66 66 65 64 63 62 64 61 60 62 64 62 64 65 65 61 58 57 56 59
    59 57 55 58 63 62 65 64 62 64 67 66 63 61 60 58 61 60 59 58 58 62 60
    63 61 64 61 66 65 64 65 65 66 64 66 63 67 69 69 65 63 65 65 64 62 59
    61 63 66 61 62 63 63 65 64 62 60 62 63 69 69 73 73 74 72 69 70 69 65
    61 61 61 59 63 62 65 67 69 66 65 67 67 63 60 56 56 57 57 56 56 58 60
    64 64 67 66 64 61 60 60 57 60 55 59 63 67 66 65 66 66 70 68 65 67 69
    71 71 69 70 72 74 71 70 70 71 70 67 66 60 59 55 54 54 56 54 52 58 58
    60 62 61 58 59 59 57 58 61 60 60 62 62 61 61 62 59 60 62 59 58 60 59
    58 59 64 62 60 63 65 65 66 67 60 61 63 59 58 56 58 58 63 65 65 68 69
    72 65 69 65 61 61 58 57 56 63 61 62 67 66 66 63 65 63 60 62 60 61 63
    63 60 58 60 60 60 59 62 63 65 67 65 63 63 63 61 60 60 59 60 61 58 59
    60 62 61 60 60 63 66 67 64 64 63 63 66 64 63 63 66 63 65 67 66 62 60
    58 56 59 57 57 55 57 62 61 65 64 63 63 68 66 64 63 61 60 63 62 60 60
    60 63 62 64 62 64 60 64 63 61 62 63 65 64 64 61 64 67 68 65 63 65 66
    67 65 63 64 66 68 61 62 62 63 64 62 60 58 64 66 65 65 70 71 73 72 72
    73 73 68 64 62 62 59 63 61 63 65 69 65 63 66 64 60 58 54 52 55 57 57
    57 61 63 66 66 69 65 63 61 60 60 59 61 57 61 65 66 66 64 65 65 66 65
    61 65 68 71 71 70 72 73 76 72 70 66 65 65 64 63 56 53 51 51 52 53 54
    52 58 60 62 66 65 61 60 60 59 58 61 58 58 61 61 61 61 63 61 63 64 62
    62 63 62 62 61 64 63 60 61 63 65 66 68 62 63 66 62 62 59 61 62 66 67
    66 70 70 72 64 66 62 59 60 58 58 59 66 65 65 70 68 67 65 64 63 60 61
    61 62 62 61 60 57 58 59 60 59 62 63 65 68 68 64 62 63 61 59 59 58 58
    60 58 60 62 65 64 63 64 67 69 68 64 63 64 65 65 64 63 64 66 63 64 65
    63 58 56 54 54 57 56 56 55 58 62 62 65 64 62 62 65 64 61 62 59 59 62
    63 60 59 60 61 62 63 61 62 60 64 64 62 64 64 66 66 67 65 66 70 69 67
    65 66 65 65 62 58 59 62 64 59 61 60 61 63 62 59 58 62 63 62 62 67 67
    71 70 72 73 73 69 65 64 63 61 66 65 66 67 69 65 64 67 64 60 57 52 52
    56 57 56 57 61 65 69 67 68 65 65 62 60 61 61 65 61 65 68 70 68 65 65
    65 65 64 60 64 67 69 69 68 69 70 71 68 65 62 62 64 64 62 58 54 54 55
    55 56 55 55 62 64 65 67 69 64 64 65 63 63 66 65 64 68 66 66 64 64 60
    62 62 60 61 63 64 64 64 66 66 65 63 65 65 66 67 62 62 64 61 63 61 61
    62 67 69 69 73 73 74 67 68 65 61 61 58 58 61 67 66 67 71 69 69 65 62
    62 60 62 61 62 60 62 62 59 58 57 59 59 63 63 65 68 69 66 64 62 61 60
    58 57 56 60 57 62 62 66 65 65 66 67 71 68 66 63 64 64 64 63 62 63 65
    64 63 66 64 61 58 57 57 61 62 61 61 61 66 66 66 63 61 59 62 62 60 59
    58 58 61 62 59 57 57 60 60 62 61 62 62 65 64 62 64 63 65 65 67 66 67
    71 70 70 65 65 64 64 62 58 60 63 68 63 65 64 64 66 64 62 59 63 62 61
    61 65 66 71 69 71 74 74 71 66 64 62 62 66 62 64 65 69 66 65 67 66 62
    59 53 53 58 59 58 58 62 66 70 68 69 67 65 62 62 63 63 65 62 64 67 68
    67 65 66 67 67 66 63 68 69 70 70 69 70 72 71 69 66 63 60 62 63 61 59
    55 55 58 57 57 56 56 60 62 63 62 64 60 62 63 63 62 64 65 64 66 64 63
    62 63 61 62 64 61 62 63 62 63 63 67 66 65 65 66 67 68 69 64 64 65 62
    63 62 62 61 65 67 67 71 70 70 65 67 64 59 58 55 57 59 65 63 62 67 65
    67 64 62 62 62 66 66 66 63 65 63 60 58 57 58 58 62 62 64 65 68 64 62
    62 63 60 59 59 59 63 61 66 64 65 67 68 68 69 72 69 67 64 65 66 64 63
    63 65 69 69 68 69 69 66 64 60 61 65 64 63 62 61 64 66 64 61 59 58 61
    63 61 60 59 60 64 65 62 58 59 61 62 62 59 59 60 64 63 58 60 60 62 64
    65 65 66 72 72 72 68 68 66 66 66 61 62 63 68 64 64 64 62 64 63 62 60
    64 64 65 65 66 67 70 67 69 72 72 69 66 65 65 67 70 67 66 68 72 68 66
    68 66 63 61 55 52 57 60 59 60 64 68 70 68 69 67 64 63 62 62 64 67 63
    66 70 69 68 68 69 70 69 66 65 70 70 72 71 70 70 72 70 68 67 64 61 64
    67 66 65 60 60 63 63 62 61 63 65 67 66 65 67 64 65 66 66 66 68 68 67
    70 68 66 64 66 64 64 66 64 64 66 65 67 68 70 68 67 67 68 69 70 69 65
    64 65 62 63 63 62 63 67 70 69 71 70 71 64 65 61 57 57 57 61 62 68 66
    64 67 65 66 62 59 59 60 64 63 64 60 62 61 58 57 57 59 60 64 63 64 67
    69 65 62 62 61 59 60 61 62 64 63 66 65 66 67 66 65 67 68 66 64 61 61
    63 62 59 62 64 66 68 67 67 68 67 63 57 60 62 62 61 60 59 63 67 65 63
    61 59 61 64 63 60 60 62 66 66 64 59 60 62 64 63 61 62 61 67 66 61 62
    61 62 64 67 65 65 70 70 70 69 67 64 64 64 61 61 61 66 63 63 63 60 61
    60 61 58 61 61 64 64 65 65 68 64 68 69 67 65 64 63 62 64 66 64 66 67
    70 67 67 70 70 67 63 58 54 58 60 58 57 61 64 66 65 66 63 61 61 59 61
    64 66 64 65 69 67 67 65 66 68 68 66 65 70 70 71 71 69 66 68 68 67 68
    66 61 65 70 67 67 61 59 60 63 62 61 65 66 67 67 68 68 65 65 65 64 65
    68 66 67 70 69 67 68 67 64 65 66 66 65 66 64 68 69 71 70 69 70 71 72
    72 72 69 66 67 63 65 64 64 63 66 69 67 69 68 71 64 64 61 58 61 60 61
    62 68 66 64 68 64 65 64 58 59 59 62 61 63 59 61 61 56 55 56 58 59 64
    62 63 67 68 64 59 59 59 59 59 60 60 62 62 64 63 64 65 63 63 66 68 65
    63 61 62 65 64 61 62 66 67 66 64 63 63 63 60 55 57 60 59 60 59 59 62
    66 66 65 65 62 65 68 67 65 62 64 67 68 65 59 61 61 64 63 62 63 63 68
    66 62 64 62 63 66 69 67 68 73 71 73 70 69 66 68 67 64 66 66 70 65 66
    65 62 63 60 61 60 62 59 60 60 59 59 63 60 64 66 64 63 65 64 63 64 67
    64 67 67 68 67 69 72 70 68 65 60 59 62 64 62 60 64 68 69 68 67 62 61
    60 58 61 62 63 61 62 65 65 66 63 66 67 70 69 66 72 71 72 70 68 62 65
    66 63 63 60 58 62 67 62 62 58 57 58 59 59 57 63 63 65 66 67 69 65 67
    65 65 65 67 65 64 68 68 67 67 66 64 64 66 66 63 66 65 69 67 70 69 69
    71 71 71 71 73 70 66 66 62 62 62 61 61 65 68 65 69 69 71 65 63 59 57
    60 58 60 60 66 64 63 66 63 63 62 56 59 59 61 61 62 59 59 60 55 54 56
    57 58 62 61 61 65 67 63 59 61 59 58 58 60 60 61 61 63 62 63 64 62 63
    65 66 64 64 63 65 67 65 63 67 69 68 67 67 66 67 67 63 59 63 64 60 60
    59 57 60 63 61 59 61 58 60 64 63 62 60 62 64 66 63 59 61 60 64 63 63
    63 63 66 62 60 59 58 60 62 66 63 65 69 69 73 68 67 66 69 68 64 66 65
    68 64 63 61 60 62 60 61 60 63 62 58 58 58 59 61 61 64 66 65 64 66 64
    65 64 66 63 65 67 67 67 67 69 68 67 64 58 58 60 61 60 59 62 67 67 66
    66 65 63 63 61 63 65 65 63 62 65 64 63 60 64 64 65 63 62 67 66 69 66
    63 61 65 68 64 64 61 61 65 68 61 59 56 56 59 60 59 57 63 64 67 68 68
    69 67 70 70 67 66 69 67 68 70 68 64 66 66 63 63 63 64 62 66 65 68 67
    67 65 65 67 69 69 68 71 69 67 66 64 64 64 64 64 68 71 67 70 67 68 62
    59 54 51 55 53 55 56 61 61 61 64 61 60 60 58 60 61 62 63 66 62 62 60
    56 55 57 58 58 62 61 62 66 69 66 63 63 62 60 61 60 60 60 60 64 62 64
    65 65 65 66 67 61 62 62 64 65 63 61 64 67 65 64 65 65 67 68 64 62 66
    67 62 60 59 58 62 63 62 61 63 62 64 67 65 65 61 64 64 66 62 59 62 60
    65 62 63 63 64 66 61 58 57 56 58 61 63 62 64 68 67 71 67 65 63 69 67
    66 69 68 71 68 68 64 63 62 59 60 58 60 58 56 56 56 58 60 60 64 66 66
    66 67 64 65 66 67 63 63 66 65 65 65 65 64 65 62 59 60 61 61 61 61 64
    68 66 65 65 64 63 63 60 62 63 63 63 63 64 65 64 63 68 68 69 66 64 68
    67 68 65 61 60 65 66 62 62 59 60 66 68 60 61 60 61 63 65 62 61 69 69
    72 71 71 70 67 70 69 66 64 68 68 69 71 69 65 66 65 62 61 63 64 64 67
    67 69 68 67 64 64 65 67 67 64 67 68 66 65 64 64 65 64 65 68 70 65 66
    62 63 58 54 48 44 47 48 49 51 54 56 57 61 58 57 58 55 58 59 58 60 64
    61 62 62 59 58 62 62 62 65 63 63 67 69 67 62 64 63 61 62 61 59 59 61
    64 63 65 64 66 66 66 65 60 63 62 65 64 60 60 63 66 62 61 63 63 68 67
    66 65 69 71 64 62 60 61 62 62 61 60 62 63 65 67 66 66 62 65 65 66 63
    58 61 60 64 62 63 62 63 65 60 59 58 57 58 61 64 63 67 69 66 70 66 63
    63 67 65 65 70 69 73 71 69 66 63 61 58 59 58 57 55 58 58 58 60 61 59
    63 64 64 64 66 62 65 67 66 61 62 65 63 66 64 63 65 65 62 59 61 59 60
    61 59 63 67 65 63 65 65 65 65 61 63 64 65 63 62 65 65 67 65 69 69 71
    66 65 68 67 68 62 57 57 64 63 58 60 59 62 68 69 60 62 63 63 63 63 61
    59 66 65 66 66 67 66 65 69 68 66 65 68 67 67 69 66 64 65 65 60 60 62
    62 63 65 66 68 69 67 65 65 65 66 64 61 61 64 62 61 60 62 64 63 65 67
    70 67 68 63 63 60 56 49 44 47 47 49 49 52 54 56 60 57 57 56 55 58 58
    57 57 61 59 60 61 60 59 62 62 62 64 64 62 65 67 66 62 64 62 60 61 60
    59 59 62 64 63 64 64 66 65 62 62 56 59 61 64 62 60 59 63 66 63 62 65
    66 70 71 69 67 71 70 63 61 59 60 60 60 60 59 61 64 67 68 68 66 63 66
    66 65 61 57 59 58 60 58 59 59 59 60 55 55 54 55 56 61 61 62 68 68 66
    68 64 60 62 64 63 65 69 70 74 72 71 68 64 61 58 58 54 53 50 59 59 60
    60 62 59 62 62 64 65 66 64 65 67 64 61 61 63 61 64 62 60 63 62 59 57
    58 55 58 60 58 62 64 62 63 64 63 61 62 59 61 61 60 58 57 61 61 65 65
    69 69 71 67 66 70 67 68 63 60 59 65 66 61 63 60 62 66 67 59 59 61 59
    60 62 59 59 63 62 62 63 65 62 63 66 66 63 62 64 64 66 66 63 63 64 64
    61 61 64 66 67 68 66 69 69 68 64 62 63 64 63 59 59 61 58 60 59 61 64
    63 65 68 70 67 65 61 62 59 56 50 46 50 53 54 53 54 58 59 64 59 57 56
    57 58 57 56 54 58 58 58 58 59 59 62 63 62 64 64 62 64 65 65 61 64 61
    60 62 62 61 61 65 65 65 64 63 64 63 60 60 55 58 61 64 63 60 59 59 64
    61 60 63 64 69 69 70 67 71 68 61 60 56 59 59 60 59 60 61 63 67 68 68
    67 64 66 66 67 64 61 62 61 63 63 63 62 61 61 56 55 54 54 56 59 58 59
    65 66 63 64 61 58 61 64 61 63 67 68 70 69 67 63 59 58 55 56 52 52 51
    63 63 64 63 65 64 67 66 66 67 68 65 67 68 65 62 62 65 64 66 63 59 62
    62 60 58 57 54 58 61 60 63 65 62 64 66 63 59 59 57 59 59 58 55 57 61
    61 65 63 67 67 69 67 65 69 66 69 63 60 60 63 66 63 64 63 66 70 71 65
    64 65 65 64 66 62 61 64 63 62 63 67 63 65 67 68 65 64 66 64 67 67 65
    66 66 67 62 60 62 65 66 66 66 68 69 69 65 62 62 62 63 59 59 60 60 62
    60 63 64 63 65 69 70 67 67 61 62 60 56 51 48 51 55 59 58 60 64 66 70
    65 61 60 58 58 56 54 50 54 56 54 56 56 58 63 64 64 63 64 62 65 65 63
    60 62 60 59 61 61 58 60 64 66 65 66 63 62 62 57 57 51 54 55 57 56 54
    54 55 59 57 57 60 62 67 68 67 65 69 65 59 57 54 58 59 59 59 61 64 65
    69 70 70 69 66 67 66 67 65 62 64 63 65 64 65 65 63 59 55 55 54 55 56
    58 59 60 66 65 62 61 60 58 60 64 60 63 68 70 70 68 65 60 58 57 53 53
    51 51 52 64 64 66 64 66 66 67 66 65 66 65 63 63 64 62 59 62 64 62 64
    62 58 61 62 60 59 60 57 62 65 65 66 65 63 65 65 61 58 57 56 59 57 55
    55 57 61 60 64 62 68 68 68 68 66 69 67 70 66 62 63 65 68 65 66 63 65
    68 69 64 63 65 63 61 63 59 58 59 57 57 58 62 57 60 62 63 62 62 65 65
    67 65 63 63 64 63 59 57 62 65 67 67 66 68 68 68 62 60 60 62 61 57 58
    59 61 63 61 65 66 66 65 70 71 67 67 59 60 59 56 51 47 51 52 56 55 57
    62 63 68 63 60 59 60 58 55 53 51 56 57 56 58 60 61 65 65 63 62 61 59
    62 62 60 58 60 58 59 60 58 57 61 64 66 67 70 68 67 66 61 61 57 60 61
    63 62 59 59 58 61 58 57 60 62 66 68 69 67 71 66 60 59 55 57 56 56 55
    57 62 63 67 69 69 68 66 67 65 65 63 59 61 62 62 62 64 63 63 60 54 54
    54 55 56 59 58 59 68 68 66 65 62 60 64 68 63 64 69 70 73 70 67 62 61
    59 54 53 49 49 50 65 65 67 66 67 68 69 69 66 67 63 61 62 63 60 56 58
    60 61 63 60 55 59 61 61 59 61 59 62 67 66 66 64 63 64 66 64 61 60 59
    60 58 58 57 57 62 63 67 68 72 71 70 70 68 71 70 72 68 64 65 66 68 65
    63 60 61 66 67 63 62 63 64 63 65 60 59 59 58 58 58 60 57 61 63 65 65
    64 65 65 64 60 57 58 58 59 55 55 60 65 68 68 66 70 71 68 64 62 61 62
    63 58 59 61 62 64 64 67 67 66 67 70 72 68 67 58 60 60 56 51 47 49 52
    59 57 58 64 64 68 64 61 58 59 57 54 53 50 54 56 55 58 61 62 68 67 65
    63 63 60 62 62 60 59 60 61 58 58 57 55 61 65 67 68 71 69 70 69 62 60
    57 58 60 63 61 59 60 60 62 59 59 61 63 69 71 71 70 75 71 66 63 57 59
    58 57 55 56 59 61 65 66 67 66 65 68 65 65 64 60 61 60 61 59 61 60 61
    58 54 57 57 58 58 62 58 60 65 66 64 62 61 58 62 64 62 62 66 68 70 70
    66 62 61 59 57 54 51 50 53 67 67 70 71 71 70 70 70 67 66 61 58 59 62
    60 57 60 62 62 62 58 53 56 58 57 56 58 57 60 64 62 63 61 62 62 64 64
    63 62 61 61 59 60 57 59 63 65 67 70 71 70 69 69 67 67 66 68 66 62 65
    65 66 67 66 64 65 70 71 67 67 67 65 64 66 63 61 61 59 59 58 60 58 61
    61 64 63 64 66 68 67 61 60 60 62 62 59 58 63 68 71 70 66 69 71 68 62
    59 57 59 61 56 55 58 62 65 65 70 69 69 69 73 73 69 66 56 58 57 54 50
    48 51 56 62 62 63 69 67 69 64 60 59 59 58 54 52 50 55 57 56 57 58 60
    67 67 65 63 62 61 64 64 61 60 61 62 61 61 59 56 61 66 68 71 73 70 71
    71 65 63 61 60 61 65 64 63 62 59 63 61 62 62 62 68 70 74 72 75 71 68
    68 61 62 59 59 58 61 64 65 69 70 73 72 70 72 69 68 67 63 62 62 61 59
    61 61 62 60 59 61 62 63 62 65 61 63 68 68 67 66 64 63 66 69 66 68 70
    73 76 75 73 68 65 60 56 54 49 47 47 65 65 68 68 69 68 70 69 65 65 58
    58 58 62 60 58 62 62 63 62 60 55 58 60 60 62 62 62 65 68 66 66 62 61
    63 64 62 61 60 59 59 58 59 57 60 65 66 70 73 74 75 73 72 68 69 67 69
    68 63 66 65 66 66 66 63 62 64 67 66 68 68 66 66 68 68 67 64 62 60 60
    62 62 63 61 64 63 65 66 67 64 60 60 62 64 63 61 60 64 67 70 70 67 70
    73 71 67 65 63 61 63 60 58 60 61 64 63 69 67 66 67 68 70 66 63 53 55
    54 52 51 50 54 58 66 67 69 73 69 71 66 65 61 61 60 57 57 54 56 57 57
    59 60 63 69 69 68 64 63 61 64 63 59 57 57 60 60 59 57 56 60 66 69 72
    74 71 72 71 67 65 63 63 62 66 66 65 64 61 65 63 63 63 61 66 68 73 70
    71 67 66 68 61 61 56 56 55 58 61 59 64 67 70 69 69 70 68 67 67 63 63
    64 64 61 62 63 61 60 59 61 61 64 62 65 64 66 69 69 69 69 68 67 68 71
    70 70 72 72 76 75 74 69 66 63 60 58 54 53 53 67 67 68 68 70 69 72 71
    65 67 62 61 60 64 61 59 62 60 61 60 58 54 58 61 61 63 63 61 65 69 65
    64 61 61 62 64 62 59 61 61 63 61 64 62 63 66 67 68 69 71 70 69 69 66
    66 65 65 65 62 63 63 66 67 67 66 64 65 68 68 67 67 65 66 69 69 68 64
    61 61 61 61 60 63 62 66 66 66 67 67 66 61 61 63 65 65 63 64 67 71 73
    70 67 68 72 70 66 64 61 60 64 63 59 59 60 64 62 66 63 63 65 67 69 64
    64 56 58 57 56 56 55 60 62 69 70 73 75 67 71 67 66 63 63 62 60 61 55
    55 56 55 55 55 57 61 62 62 57 58 56 58 58 55 54 54 56 56 57 54 55 61
    66 68 71 73 71 71 71 68 66 65 63 62 65 66 66 63 61 67 67 67 67 65 68
    70 74 70 70 66 66 68 63 61 57 58 56 60 61 58 61 64 68 66 68 70 67 68
    67 64 64 64 63 58 60 62 63 61 61 63 63 67 66 67 66 67 70 69 71 69 69
    68 68 70 68 67 67 70 73 72 70 67 67 66 64 61 58 58 60 64 64 64 64 69
    68 70 69 65 64 59 60 56 59 58 56 59 57 57 55 54 51 54 58 59 62 63 63
    66 72 69 67 65 64 66 65 62 57 57 58 58 57 59 60 62 64 65 65 67 69 68
    67 67 66 66 65 65 67 63 64 64 68 70 72 70 67 69 72 73 71 69 67 70 72
    72 72 68 66 66 66 64 63 64 62 64 65 65 66 67 67 63 63 65 68 66 64 64
    67 70 71 68 65 66 68 68 63 63 62 63 66 67 64 62 63 66 62 65 61 61 62
    64 65 61 60 55 57 55 57 58 58 61 64 70 71 72 72 66 68 66 64 62 63 64
    61 61 58 57 58 55 54 52 56 61 60 60 56 57 55 57 55 52 53 53 55 57 57
    55 56 62 66 68 72 73 72 72 73 70 67 67 67 65 67 69 67 66 64 69 68 69
    67 65 67 69 73 69 67 64 68 69 66 62 58 59 58 62 62 58 60 65 68 66 69
    69 68 71 70 66 67 67 66 62 64 65 65 65 66 68 67 69 67 68 66 67 68 68
    71 70 68 70 70 73 71 71 68 71 73 70 69 67 68 66 66 63 62 62 65 63 63
    62 64 66 65 65 66 60 59 56 56 54 56 57 54 58 58 55 52 51 49 52 57 58
    59 61 64 67 72 70 68 67 68 69 68 66 64 61 64 63 62 65 64 66 67 69 66
    68 70 68 69 70 69 68 69 68 69 66 66 67 68 70 73 72 71 72 75 74 73 71
    69 70 71 72 73 70 67 67 66 63 62 63 61 63 65 64 66 68 67 63 64 66 68
    68 65 64 66 68 69 65 62 63 68 68 64 66 66 68 70 70 65 63 65 66 62 65
    61 61 63 66 66 62 61 56 57 57 58 59 60 61 64 68 69 71 72 65 65 65 63
    64 64 65 63 64 61 61 60 56 56 53 55 61 60 58 56 57 55 56 56 52 52 54
    55 56 56 53 54 60 63 65 69 72 73 74 75 71 68 69 67 64 66 66 66 66 65
    69 69 69 66 63 63 66 70 68 66 64 67 70 68 64 59 57 58 62 62 59 61 63
    68 68 71 72 72 73 73 68 69 68 67 62 63 66 66 68 68 71 69 72 70 72 69
    68 70 71 74 75 73 73 72 75 73 72 69 71 73 72 73 71 72 68 68 64 62 60
    62 63 63 60 62 64 62 63 65 60 58 57 57 55 55 56 55 58 57 55 52 52 53
    54 58 59 61 64 66 69 72 69 67 66 66 66 65 62 62 62 63 62 63 65 68 68
    69 72 69 73 71 70 68 69 68 66 68 67 69 66 65 66 68 68 70 68 66 67 69
    69 67 66 63 66 67 69 71 69 66 67 67 65 64 62 61 63 65 65 68 68 67 65
    66 66 68 65 62 64 66 68 67 66 63 64 67 66 63 66 67 67 68 69 64 63 64
    64 61 63 60 59 65 65 66 61 60 56 59 58 58 61 62 63 67 70 70 71 70 63
    62 62 59 59 60 63 62 62 61 60 61 57 56 53 54 58 57 56 54 55 53 54 54
    52 53 55 57 58 58 56 59 63 67 68 71 71 72 71 73 71 68 68 68 68 69 70
    70 70 67 71 70 68 65 65 64 66 72 70 67 67 71 73 72 68 60 60 60 63 62
    59 59 63 68 68 72 72 72 73 72 67 67 66 66 61 62 66 67 70 70 73 71 74
    72 72 70 69 70 71 76 76 73 74 72 74 75 72 69 70 74 73 76 75 74 71 70
    67 64 61 61 62 62 60 62 65 62 64 66 60 57 56 57 54 55 54 54 58 59 57
    53 53 55 55 56 56 56 60 62 65 66 65 65 67 66 66 66 63 62 60 61 58 61
    64 63 64 66 70 67 70 69 67 69 68 67 67 71 67 69 66 63 66 67 66 67 65
    66 66 69 67 66 66 63 67 68 71 72 70 67 68 69 68 67 64 64 65 66 67 67
    67 65 64 65 66 69 66 63 64 64 66 67 65 62 63 68 68 66 68 68 68 69 71
    65 65 64 62 59 61 59 57 63 64 66 64 62 60 63 64 63 65 65 64 69 72 72
    72 69 63 62 64 62 61 61 64 65 65 63 62 62 58 59 55 54 58 56 55 53 55
    52 54 56 54 57 57 60 62 63 61 61 65 68 70 71 70 69 67 70 66 63 63 62
    63 66 67 68 70 66 69 71 68 65 65 64 64 70 69 65 66 70 71 73 71 65 64
    65 67 65 62 62 63 68 68 71 72 73 74 72 68 68 68 68 62 62 65 65 67 68
    70 67 71 70 71 70 70 71 72 75 74 72 74 72 73 73 71 68 71 73 71 73 74
    74 71 70 66 64 62 63 61 61 60 62 64 62 63 64 61 59 59 61 60 60 61 62
    64 65 62 57 57 57 56 56 57 57 59 61 64 66 65 66 68 69 70 70 67 64 63
    64 60 62 64 62 62 64 68 65 69 68 68 71 72 70 70 71 67 68 67 65 68 70
    68 70 68 68 67 69 66 66 67 65 69 70 73 74 70 68 68 71 69 68 65 66 67
    68 68 67 68 67 67 68 70 70 68 66 66 66 66 66 64 63 63 65 67 64 67 68
    67 68 69 65 64 64 62 59 61 60 58 62 63 65 63 62 61 62 63 63 66 65 63
    67 69 70 67 66 60 61 63 61 62 62 66 66 66 64 64 63 59 60 58 58 60 59
    58 57 58 55 57 58 59 61 61 62 64 67 64 64 65 67 70 70 70 68 65 69 65
    65 64 65 64 67 70 69 72 69 70 70 68 65 64 61 61 65 64 60 62 65 65 69
    67 62 63 64 66 66 64 63 65 70 69 73 73 73 74 71 68 69 69 70 64 64 64
    64 66 64 66 62 65 65 67 67 67 69 70 72 73 69 71 71 73 72 70 68 71 73
    70 72 71 72 70 69 66 64 64 64 60 60 60 61 64 60 64 66 65 61 62 64 61
    61 60 60 60 62 59 56 57 58 57 57 59 58 59 59 62 65 67 67 70 69 72 72
    68 64 62 65 61 63 61 62 63 65 66 61 64 67 68 69 71 70 72 74 71 69 69
    66 69 71 67 70 68 69 68 69 67 66 68 67 70 71 74 75 71 69 69 70 69 69
    67 69 70 73 72 69 70 66 67 67 69 68 65 64 64 66 64 63 60 59 59 61 63
    62 66 68 67 68 71 67 66 63 59 57 57 56 54 58 59 63 62 60 61 63 65 64
    67 65 63 67 68 67 65 62 57 60 62 61 61 62 65 66 65 61 62 60 57 57 57
    58 58 59 57 57 60 58 60 60 62 63 62 62 62 64 62 63 64 65 69 69 70 67
    65 66 63 63 62 63 63 66 67 67 71 70 71 71 68 65 65 62 62 64 63 60 62
    64 63 68 67 62 62 62 63 63 63 61 62 65 65 69 70 69 71 69 68 70 69 71
    65 65 66 64 64 61 63 57 61 61 63 63 64 65 66 67 67 66 66 66 66 66 64
    63 64 65 65 67 67 68 70 69 68 69 69 68 58 58 58 62 63 59 61 65 66 64
    66 67 65 66 65 64 62 63 59 57 56 58 56 55 57 55 57 56 60 61 65 66 68
    68 71 73 69 65 63 64 61 62 60 60 59 61 60 56 58 62 62 64 67 67 71 73
    69 69 71 68 72 75 71 73 72 72 71 72 70 67 69 69 72 73 73 73 70 67 68
    68 66 64 64 68 68 72 70 69 70 67 68 67 69 68 66 65 65 68 65 66 61 59
    59 60 62 61 65 65 66 68 69 66 65 64 60 59 58 57 57 62 63 66 66 64 67
    69 70 68 70 69 66 69 70 67 65 63 58 58 60 58 60 60 61 62 60 59 61 61
    56 58 58 57 57 58 56 56 60 58 60 60 63 63 62 60 59 63 61 63 63 65 69
    70 72 69 64 67 65 65 64 64 64 67 70 69 72 72 74 73 70 66 67 63 63 63
    62 62 64 65 63 70 68 64 63 63 64 64 64 60 62 66 67 69 69 70 73 72 70
    70 68 70 66 65 65 63 62 60 62 57 59 58 60 59 61 63 64 66 66 65 64 67
    67 66 63 62 62 62 60 62 64 65 67 66 66 68 69 68 62 62 62 64 62 59 60
    63 64 62 64 65 63 63 62 62 62 62 57 55 56 59 57 54 56 54 57 57 60 61
    64 65 67 69 71 73 70 66 63 64 59 60 56 54 56 58 56 54 57 59 61 64 65
    64 69 72 69 69 71 70 74 76 73 75 73 73 72 70 67 65 67 65 68 69 69 69
    66 64 65 66 63 62 61 65 65 70 68 67 69 65 68 67 70 69 67 68 67 69 67
    65 61 60 60 60 62 63 66 67 68 68 70 69 70 68 62 62 62 61 59 62 63 65
    67 65 65 68 70 68 69 69 66 70 72 70 68 66 64 62 64 62 61 61 60 61 57
    57 59 59 56 57 58 59 61 62 61 61 64 63 64 64 66 66 63 62 60 64 63 65
    65 66 72 72 74 68 65 66 63 64 64 63 64 67 69 68 71 70 68 67 64 62 61
    58 57 59 58 59 62 62 63 69 70 65 66 68 68 69 68 65 64 68 69 68 66 68
    69 70 69 69 67 69 68 65 66 62 61 57 59 55 56 56 58 58 60 62 62 65 66
    65 65 68 69 70 68 66 65 64 63 64 63 63 64 63 63 64 65 63 65 65 64 67
    63 59 59 62 62 61 64 64 64 64 63 63 63 63 60 58 58 62 59 54 56 52 54
    55 57 59 61 62 64 68 70 73 72 68 65 69 64 64 59 55 56 59 58 57 59 61
    63 65 67 64 69 71 69 67 71 71 73 74 68 70 67 68 66 64 61 61 65 63 65
    66 66 64 62 59 60 61 59 59 59 63 65 69 65 66 69 65 68 67 70 69 69 67
    65 66 64 64 59 58 59 60 61 64 68 68 70 70 71 72 72 71 65 66 65 66 64
    66 66 68 70 66 66 67 69 66 67 66 64 68 70 71 69 68 64 64 65 65 64 61
    60 61 59 57 59 58 57 57 58 58 61 62 62 63 65 67 68 70 71 70 66 65 63
    67 67 66 67 66 71 71 72 67 64 65 63 65 65 63 64 67 69 69 70 69 68 65
    62 61 59 56 54 56 56 59 62 62 64 69 71 67 67 67 66 67 66 63 62 65 67
    66 67 67 67 68 67 68 64 67 63 62 62 61 59 56 59 56 58 57 60 58 59 60
    59 61 62 60 59 64 65 65 63 63 63 64 63 62 61 61 63 62 64 65 67 64 66
    66 64 68 64 60 60 65 65 64 65 66 66 66 66 66 65 65 65 62 62 65 62 56
    59 55 57 57 57 59 63 65 64 66 67 72 71 65 64 66 62 63 57 54 55 60 55
    55 57 60 63 62 65 62 69 69 66 65 67 69 71 73 68 69 68 66 65 64 60 60
    64 63 65 68 68 64 62 61 61 63 63 61 60 65 66 69 65 63 67 64 68 68 70
    68 68 67 65 66 62 62 58 59 58 60 59 62 67 66 67 67 71 73 75 72 65 65
    65 65 63 64 63 65 68 67 67 67 68 64 66 65 65 67 69 70 68 67 64 63 62
    63 61 59 58 59 56 56 58 57 56 56 57 58 61 63 64 64 66 68 70 71 73 71
    68 69 68 71 71 70 69 68 72 72 71 65 61 61 61 62 61 61 62 65 68 68 70
    71 69 65 63 62 59 57 55 55 54 57 61 60 62 68 68 65 66 67 65 67 67 64
    64 66 67 65 65 64 63 64 63 66 63 66 63 62 61 59 56 53 56 54 56 55 58
    57 57 60 59 59 59 57 56 62 64 65 62 63 63 63 63 61 60 58 61 60 61 65
    66 63 62 62 62 67 63 60 61 64 66 65 65 65 66 67 67 66 65 65 64 61 59
    60 58 54 57 55 57 57 58 62 65 67 66 67 68 74 75 67 66 69 66 64 59 54
    53 58 53 53 55 61 64 64 67 65 72 70 66 65 66 70 72 72 68 70 70 68 67
    64 61 61 64 62 64 67 68 62 61 60 61 63 61 61 59 64 64 67 61 59 64 62
    66 66 68 67 67 67 65 66 61 62 58 60 60 62 61 62 67 66 67 68 71 71 73
    70 64 64 64 63 60 62 62 65 68 65 66 65 67 63 63 61 62 62 64 67 63 64
    63 64 60 64 63 62 61 60 59 57 61 59 58 57 58 62 64 66 66 66 66 69 72
    72 74 72 69 69 67 69 69 66 66 63 67 68 69 63 60 60 59 60 61 60 59 64
    66 67 68 71 69 66 66 63 59 58 58 57 57 58 62 62 64 68 69 67 67 69 67
    68 69 67 65 67 68 65 65 65 65 67 67 66 62 64 63 62 62 58 54 51 55 53
    54 53 55 55 56 59 59 58 59 57 55 60 63 62 60 62 61 60 59 58 57 57 59
    59 61 65 67 64 61 61 63 66 63 62 61 63 65 65 65 65 66 65 64 64 64 63
    62 59 58 58 58 56 59 59 61 59 60 65 68 68 64 64 67 73 75 68 68 72 72
    70 64 62 60 64 57 57 56 63 65 62 64 61 68 64 62 60 61 67 70 71 69 72
    73 70 69 64 61 59 61 60 60 62 63 58 58 59 60 62 60 60 59 63 62 65 61
    59 66 64 69 71 74 72 70 69 66 66 60 61 56 56 57 59 59 62 66 66 67 69
    73 72 73 69 65 65 66 64 62 65 65 67 68 67 66 65 66 63 61 61 63 62 63
    67 65 65 66 65 62 65 65 63 61 60 57 55 58 57 55 54 55 59 61 64 66 66
    68 72 74 74 75 73 72 71 68 68 67 65 65 63 65 65 67 62 60 60 62 63 63
    64 62 66 68 67 67 70 69 64 64 62 58 56 56 55 55 58 60 59 61 66 66 64
    65 67 66 68 70 66 65 67 67 64 65 66 66 69 70 69 65 65 64 62 62 58 54
    52 54 54 56 56 56 53 55 57 58 57 58 56 54 60 64 64 62 64 62 61 61 59
    57 56 57 58 61 66 68 66 65 65 65 68 64 63 63 66 67 65 63 63 63 61 59
    57 57 57 57 55 52 55 54 52 54 57 60 59 62 66 69 70 65 64 65 71 71 65
    65 68 71 70 64 63 63 65 58 58 54 60 62 58 60 57 64 62 62 60 62 67 69
    70 69 71 71 70 68 63 61 59 60 58 57 57 59 57 57 57 57 59 59 60 59 62
    61 64 61 60 66 67 71 72 76 75 72 70 66 63 59 60 57 56 56 61 59 63 66
    64 64 66 71 67 69 66 62 65 64 62 60 64 65 66 68 65 65 65 67 63 63 63
    65 63 64 66 64 64 64 63 60 63 63 60 58 57 54 53 56 56 55 54 55 58 60
    63 62 62 65 69 70 71 72 71 71 71 67 67 68 66 67 65 67 66 67 62 60 60
    63 62 61 62 61 66 65 65 63 65 67 63 64 62 61 60 61 62 61 63 64 63 64
    67 66 64 63 65 64 66 68 66 63 65 65 63 62 64 63 66 69 67 63 63 64 63
    64 62 57 55 57 57 59 58 57 54 57 60 62 61 60 58 56 60 63 63 61 63 61
    61 61 61 60 58 58 57 62 66 67 64 62 62 62 65 62 63 63 65 66 66 65 63
    63 60 59 58 59 56 57 55 52 55 53 52 55 58 62 63 65 68 70 69 63 63 61
    65 67 62 63 67 73 70 67 66 65 66 60 61 57 63 63 58 59 57 63 60 60 57
    58 64 65 67 66 66 68 67 64 59 58 56 58 57 56 57 58 56 56 58 58 61 60
    61 61 63 62 62 59 58 63 65 70 72 75 75 73 70 68 63 59 62 61 60 61 65
    62 64 67 64 61 63 68 66 70 69 67 69 70 68 65 67 66 67 67 66 66 65 67
    66 66 67 69 65 66 69 67 66 66 64 61 64 64 61 60 60 58 57 58 59 58 59
    58 60 63 65 67 66 67 71 72 73 71 72 72 71 69 68 68 65 68 63 65 64 64
    60 59 60 61 60 59 59 58 60 60 60 60 63 62 60 63 63 61 61 61 61 62 64
    64 64 66 69 69 69 69 69 67 67 69 67 64 65 64 62 61 64 62 65 67 64 62
    62 64 62 63 62 58 59 60 63 62 62 61 58 60 63 64 64 64 60 59 64 67 67
    65 66 66 68 66 63 61 60 59 59 61 64 65 65 65 65 65 67 63 65 65 66 64
    63 60 58 60 56 53 52 54 55 57 55 53 55 55 55 57 59 63 64 65 68 69 67
    61 62 58 61 64 60 63 66 70 68 66 66 65 66 62 64 60 65 67 62 64 61 65
    61 62 59 58 64 64 64 62 63 65 65 62 57 55 55 58 57 55 54 57 56 56 57
    56 61 61 64 62 64 62 64 61 59 64 66 70 72 76 76 73 69 67 62 59 60 60
    59 59 64 61 62 64 61 58 60 65 63 66 66 63 66 68 65 64 65 63 65 65 64
    66 65 69 67 68 69 70 67 68 70 67 66 65 64 61 64 63 61 61 60 59 58 60
    60 59 59 58 61 63 65 67 67 68 70 71 71 69 70 71 72 70 69 70 65 69 65
    66 63 62 60 60 61 59 56 55 56 55 57 55 56 58 60 59 59 63 64 64 64 63
    64 65 65 66 66 66 70 71 72 69 70 67 66 69 67 64 64 64 62 63 65 61 61
    64 63 61 61 63 61 63 64 59 59 62 63 62 64 62 59 62 64 64 65 64 59 60
    63 65 66 67 67 68 71 69 66 65 62 60 58 60 60 61 61 64 64 65 66 61 63
    62 64 64 63 60 60 62 60 57 55 55 57 60 58 55 55 55 56 59 60 62 61 63
    67 68 66 60 61 58 62 65 61 64 66 71 68 66 68 67 68 65 66 64 70 70 64
    66 66 69 65 66 61 60 65 64 64 61 62 64 64 64 60 58 58 60 59 54 54 55
    55 56 57 57 63 65 69 67 66 64 64 63 59 63 65 70 73 74 74 71 68 64 59
    56 58 59 58 59 63 61 61 64 61 59 62 65 63 66 65 63 66 68 66 65 66 65
    67 66 65 67 66 70 68 70 70 70 65 64 65 60 62 61 60 58 63 63 61 63 61
    61 61 63 63 60 63 61 65 65 65 66 66 66 67 68 66 64 66 68 69 68 65 66
    63 65 63 64 60 60 59 57 59 57 53 52 55 54 57 57 57 60 63 64 62 66 65
    66 65 64 65 64 65 66 67 66 70 69 72 68 68 63 62 66 65 62 61 62 62 65
    68 64 63 65 63 63 60 61 60 61 62 59 60 62 64 63 63 62 60 64 66 66 66
    66 63 62 63 64 63 64 66 65 67 67 65 66 64 62 59 62 63 64 64 61 61 64
    63 60 63 64 63 65 64 62 63 65 62 59 58 57 58 60 57 54 54 54 55 59 60
    62 61 63 65 66 66 58 60 58 63 65 63 67 68 73 68 67 70 68 68 64 65 63
    70 69 64 65 63 66 64 65 60 59 62 62 65 63 64 66 67 66 63 62 59 60 58
    55 54 57 57 59 62 62 66 67 71 69 70 67 67 67 63 68 69 73 76 75 75 70
    67 64 60 58 57 60 59 61 65 61 61 61 60 57 62 63 61 65 64 64 66 67 64
    64 66 65 68 67 67 70 70 73 71 72 71 71 67 66 65 63 63 63 63 60 61 61
    60 62 60 59 58 62 63 60 63 60 64 63 65 64 64 64 64 65 64 63 64 66 69
    67 64 65 61 63 61 64 59 59 57 55 57 56 53 51 54 52 56 57 56 59 61 61
    61 67 65 66 67 66 66 66 67 66 66 64 69 69 70 67 67 64 63 68 65 62 62
    62 62 65 69 65 65 68 67 68 65 66 63 64 64 59 60 59 61 60 62 61 59 64
    66 69 70 71 68 68 68 69 70 69 72 69 70 68 66 67 65 64 60 62 62 64 66
    59 59 62 63 60 64 65 64 65 65 63 62 64 61 57 55 55 56 58 55 52 53 53
    54 58 60 62 62 64 66 66 64 59 61 58 61 64 62 67 70 74 68 68 71 69 68
    64 64 62 69 68 62 62 62 64 63 63 60 60 63 63 64 64 66 68 69 66 64 62
    60 60 58 55 53 55 56 59 62 63 66 66 69 69 70 68 68 67 64 70 71 73 76
    74 74 70 67 63 58 57 55 59 56 61 63 62 62 61 60 57 61 59 59 61 60 61
    65 65 62 62 64 64 69 68 68 71 72 74 73 72 69 67 63 63 62 61 61 62 64
    64 66 64 64 66 64 62 60 62 63 62 63 60 64 63 64 64 63 64 65 64 64 63
    65 64 68 65 62 63 58 60 60 64 59 60 60 58 61 59 55 52 55 54 58 58 56
    59 60 61 61 66 65 67 70 70 71 70 71 69 68 65 69 69 70 69 69 66 66 69
    66 63 61 61 61 64 67 66 65 68 66 68 65 66 63 62 62 59 62 62 63 62 63
    63 62 67 66 66 67 66 64 64 64 64 66 67 69 68 68 66 64 66 63 63 59 60
    59 63 64 65 65 66 64 62 63 63 62 61 61 60 60 60 59 57 55 56 56 59 56
    54 55 53 54 57 59 59 61 62 64 64 63 60 61 59 59 61 60 66 68 71 67 68
    71 71 69 67 65 62 68 66 61 60 60 61 61 62 59 60 62 62 63 64 64 68 68
    65 64 63 63 63 61 56 57 58 59 61 63 63 65 66 69 71 71 69 67 66 65 70
    69 71 73 75 76 72 70 64 60 59 58 59 56 60 61 62 62 61 59 58 61 59 59
    61 62 63 66 65 64 65 67 68 69 69 70 75 75 75 74 73 72 69 64 63 62 62
    63 64 65 65 65 66 65 67 64 60 59 60 61 59 61 58 62 62 62 63 65 66 65
    64 63 62 66 64 66 61 62 63 59 61 62 66 62 64 63 60 63 61 56 52 56 56
    58 59 59 62 62 62 60 65 65 67 67 64 66 65 66 62 61 59 63 64 66 64 64
    62 64 66 64 62 59 60 61 65 66 65 65 68 68 69 66 67 63 60 63 60 62 61
    62 61 64 66 63 66 65 66 68 66 63 62 64 65 67 68 69 70 70 68 65 66 63
    65 60 60 60 64 66 62 62 63 64 60 59 61 62 63 63 64 61 63 63 61 57 57
    56 60 57 57 57 54 54 57 58 57 61 60 61 61 62 60 61 59 56 60 59 64 65
    65 64 65 69 68 68 67 66 65 68 66 62 62 63 64 65 65 62 64 65 64 64 64
    63 65 65 63 64 63 63 63 63 61 62 62 63 63 65 66 66 67 69 72 71 71 67
    66 64 67 66 65 67 67 68 66 66 63 60 60 61 63 61 63 63 63 63 63 61 61
    63 61 62 63 64 63 66 63 64 65 66 67 67 69 69 75 76 76 74 74 72 69 65
    63 61 61 63 63 65 64 62 62 62 64 60 59 57 59 61 60 61 58 62 63 62 64
    64 65 63 63 61 60 64 62 64 59 61 63 58 61 59 62 59 61 60 57 59 56 53
    52 56 56 57 58 60 62 62 61 59 64 63 65 66 66 67 66 66 62 61 61 62 63
    64 62 61 61 62 63 63 61 57 60 61 63 65 63 63 65 66 66 64 67 63 60 63
    61 61 62 63 60 63 67 65 68 68 67 70 68 66 64 63 64 66 68 66 69 69 67
    65 64 62 63 60 58 58 62 63 60 60 60 61 59 59 60 61 62 63 65 64 65 65
    65 61 60 61 63 59 59 59 54 54 58 57 57 61 59 58 58 60 57 60 58 54 59
    60 65 65 64 64 65 68 69 70 71 70 71 72 71 67 65 64 65 64 62 58 60 61
    61 61 60 62 65 66 63 63 63 62 61 60 58 60 60 60 62 65 66 67 67 70 71
    72 71 68 67 65 68 65 65 66 63 65 64 65 62 61 62 61 63 61 63 62 63 65
    65 63 65 66 64 65 65 63 63 65 61 61 63 66 66 66 68 70 77 77 74 73 72
    72 69 67 63 62 63 63 65 68 65 64 62 63 66 63 62 60 61 62 63 63 59 64
    64 63 67 67 66 64 65 63 60 63 61 62 60 61 61 57 60 58 60 59 61 61 59
    60 57 55 55 58 57 57 58 59 63 64 62 59 66 65 65 65 62 62 63 63 58 58
    60 64 65 67 65 66 64 65 64 63 63 57 58 58 61 63 63 62 63 65 67 65 66
    63 58 60 58 60 59 61 59 60 65 65 68 70 68 72 70 70 69 68 67 68 69 67
    71 71 68 65 66 62 65 63 61 60 64 66 65 65 63 63 61 58 60 61 62 61 64
    66 68 70 69 65 65 67 67 62 60 59 55 55 59 58 59 63 62 61 62 65 63 65
    63 60 65 65 68 67 66 66 65 67 66 69 71 69 69 69 68 65 63 62 62 64 63
    61 62 63 65 64 63 63 65 65 64 63 63 63 60 58 57 59 58 60 61 64 65 66
    65 66 68 69 68 66 65 63 66 65 63 63 61 61 62 62 58 56 58 58 59 57 59
    59 62 65 65 65 67 67 63 63 62 60 58 60 58 58 61 66 67 67 71 71 76 76
    73 69 67 65 62 60 56 56 58 60 63 68 66 65 64 64 66 64 62 61 61 62 65
    66 64 67 69 67 69 68 66 63 63 61 58 61 59 61 58 60 61 57 60 59 61 62
    63 62 61 62 59 58 56 58 59 59 60 62 64 65 64 59 64 64 63 63 62 62 61
    62 56 57 58 61 61 61 60 62 61 63 61 61 61 56 58 58 62 63 65 63 66 68
    70 67 67 64 59 60 57 58 57 58 56 57 62 62 65 66 64 68 66 66 65 65 64
    67 70 67 72 72 70 70 70 65 65 63 60 57 60 59 64 64 62 60 58 57 59 60
    60 60 63 66 67 69 69 64 62 62 62 57 56 54 50 51 55 56 55 60 60 61 62
    66 65 66 67 64 69 68 70 69 68 68 67 68 67 70 71 69 69 69 68 66 64 63
    62 65 63 61 62 63 63 62 64 63 65 65 65 63 64 62 58 55 54 56 55 56 59
    62 64 65 66 66 67 70 69 68 67 64 65 63 61 60 58 57 59 62 60 58 61 60
    60 59 60 59 61 66 66 67 70 69 67 68 68 65 62 63 62 62 63 67 68 67 71
    71 73 73 69 65 63 63 59 58 56 56 58 59 62 67 66 65 62 62 65 63 61 59
    59 60 63 66 64 67 69 67 69 66 67 64 63 63 60 63 61 63 59 60 60 57 58
    57 60 62 63 61 62 63 63 62 62 63 63 64 63 64 65 65 63 58 62 61 61 61
    59 61 60 63 57 57 60 60 60 60 60 60 60 63 61 61 60 53 54 55 60 61 64
    64 67 70 73 70 68 65 59 58 57 58 55 56 54 54 59 59 61 64 62 66 67 68
    67 66 64 66 69 66 70 71 68 67 68 63 65 63 60 58 61 61 62 62 60 60 59
    58 59 62 60 60 62 64 63 67 69 63 62 63 62 56 56 54 48 49 53 54 55 61
    61 60 63 67 67 66 65 62 65 66 67 66 66 67 65 67 65 67 68 66 65 66 66
    65 63 62 62 65 64 61 64 64 64 63 64 63 65 65 63 63 62 63 58 57 56 59
    59 57 60 64 65 65 63 62 64 69 68 67 65 65 66 62 59 56 55 55 58 59 58
    57 62 63 62 61 62 60 63 69 68 68 69 70 67 67 66 65 62 63 62 62 64 69
    69 67 71 71 72 71 68 64 62 62 60 61 60 61 63 62 64 68 66 64 61 61 62
    61 60 58 57 57 61 63 62 64 68 66 69 66 67 63 64 65 62 65 63 65 61 63
    62 58 58 56 58 61 61 60 62 62 63 64 62 61 62 62 59 62 60 60 59 57 60
    61 61 63 63 65 65 65 60 59 63 62 62 60 60 61 63 66 63 65 64 59 60 62
    64 63 65 63 67 70 70 69 67 63 59 58 55 56 54 53 52 54 58 58 60 62 62
    66 65 66 64 65 64 65 67 64 69 69 66 64 63 60 62 61 57 55 59 60 68 68
    66 65 64 64 63 66 63 63 63 64 63 66 69 64 63 64 64 59 58 56 49 51 53
    54 55 61 61 61 66 67 68 67 65 61 63 62 62 63 62 64 62 63 63 66 66 66
    65 65 67 66 64 64 63 65 65 63 65 66 66 63 64 61 62 61 59 58 59 62 60
    60 59 63 61 60 61 63 62 60 61 59 61 65 65 63 62 62 61 59 56 54 55 56
    59 62 59 58 62 64 61 59 60 57 63 66 67 67 69 70 67 66 64 63 59 61 61
    59 61 66 65 64 68 67 66 66 62 60 58 57 56 56 56 56 59 58 60 64 63 62
    61 61 61 62 61 60 59 59 62 65 64 67 70 66 68 66 68 62 63 62 60 63 63
    63 60 62 62 59 60 58 58 60 60 61 63 64 64 65 64 65 65 63 60 62 60 59
    58 55 58 59 60 61 63 66 66 66 61 61 63 62 62 61 60 61 63 67 65 68 69
    62 63 63 64 63 63 60 61 64 65 65 65 61 59 58 58 59 57 56 55 56 59 59
    59 62 62 64 63 63 62 61 61 61 63 61 65 67 65 64 62 58 58 58 57 54 58
    58 70 70 70 68 66 64 62 63 63 62 64 65 64 69 72 67 65 66 64 61 61 58
    50 52 54 54 55 60 60 60 65 68 67 67 66 62 63 62 61 60 62 63 61 63 63
    66 68 68 66 65 67 66 64 63 63 65 65 63 65 65 67 65 65 62 61 62 61 60
    61 62 61 62 62 65 63 62 61 63 62 60 60 58 59 64 63 63 63 62 60 57 56
    52 55 54 58 64 63 63 65 68 65 63 61 57 61 65 66 67 67 69 68 68 66 67
    61 64 66 65 65 69 68 65 70 68 66 63 62 59 58 59 59 60 60 61 62 61 61
    62 61 60 57 57 57 59 59 59 58 58 61 65 64 68 70 67 67 65 68 63 63 60
    58 62 63 61 59 60 60 59 62 58 58 61 61 62 66 66 66 69 70 70 69 65 62
    63 61 59 58 55 59 60 60 61 62 64 63 64 58 60 62 61 59 59 58 58 60 63
    62 64 66 60 62 63 63 61 61 58 59 63 63 63 61 58 57 56 55 54 53 51 52
    53 55 55 55 59 61 64 65 66 65 66 65 64 67 65 67 70 67 65 62 61 60 59
    59 55 59 60 66 66 65 66 65 64 63 65 65 64 66 66 66 72 75 71 70 71 67
    65 63 61 55 56 56 55 57 60 61 60 65 67 67 68 67 65 66 66 63 63 65 65
    61 63 63 65 66 67 65 64 67 66 65 63 63 63 63 61 62 62 62 62 62 60 59
    60 59 59 60 59 57 59 61 64 61 58 59 61 61 59 58 56 57 64 63 64 63 62
    60 58 55 50 50 50 55 60 61 61 64 66 66 64 64 61 62 67 70 70 67 70 66
    67 67 65 60 64 68 67 68 70 68 67 72 70 67 65 64 62 61 60 59 60 61 60
    63 60 60 61 62 60 55 57 53 57 59 59 59 60 64 68 68 71 72 70 69 66 69
    64 65 62 59 62 63 63 61 61 59 59 62 57 57 60 59 60 66 66 66 70 71 71
    69 64 61 62 60 61 58 55 59 61 60 62 64 64 63 64 60 61 63 61 59 59 59
    58 61 62 62 65 65 62 62 63 63 63 62 58 58 61 61 61 59 57 57 57 56 54
    53 52 52 53 52 52 55 59 61 65 67 68 67 67 66 65 66 65 65 68 65 65 63
    61 59 60 60 57 60 60 70 70 70 68 67 68 65 65 63 62 63 64 64 68 73 70
    70 71 68 65 63 62 55 56 55 54 57 59 61 59 65 67 68 71 69 70 70 69 66
    65 68 65 62 62 61 63 65 65 63 63 67 65 63 61 60 62 63 61 62 62 62 63
    63 62 61 63 61 60 61 60 59 59 59 60 57 57 58 58 59 58 58 57 58 64 64
    66 65 63 61 58 57 51 51 51 55 59 59 60 61 62 61 60 60 57 58 61 64 65
    62 65 61 62 65 63 59 62 68 68 69 71 68 68 72 71 65 62 61 61 59 60 59
    59 60 61 65 61 61 60 62 61 58 59 56 59 59 59 59 59 63 67 66 70 73 72
    69 67 71 66 67 61 59 62 64 63 61 60 59 61 64 59 60 65 64 65 69 69 67
    70 70 68 65 62 59 60 60 61 60 57 61 62 60 62 63 62 60 63 59 61 64 62
    61 60 60 58 60 61 61 62 64 61 61 62 62 61 60 56 56 58 58 59 56 55 57
    58 57 56 55 53 55 54 52 52 53 57 61 63 65 67 67 66 65 64 66 66 65 68
    65 64 64 61 60 60 62 59 62 63 67 67 68 67 67 67 65 65 62 62 63 64 63
    68 71 69 70 71 69 66 65 65 60 61 59 57 59 59 62 61 66 66 69 72 69 71
    71 71 67 69 70 67 64 66 66 66 68 67 64 63 66 63 62 60 58 61 64 63 63
    65 64 63 65 62 60 61 62 61 61 62 61 62 62 65 62 60 60 57 58 57 55 52
    52 58 60 63 61 60 58 56 55 49 50 50 54 57 58 59 60 62 61 60 59 57 57
    59 63 64 62 64 60 62 67 65 60 62 68 69 71 70 66 68 72 70 64 60 61 61
    60 60 59 60 61 63 65 61 60 58 60 58 57 57 55 59 59 61 62 63 65 68 66
    70 74 71 68 67 70 66 67 62 59 63 64 62 60 60 60 62 64 58 59 63 62 63
    66 66 65 68 68 66 64 61 59 60 60 61 61 57 59 61 59 60 61 61 59 62 60
    62 62 61 59 58 58 55 58 57 60 61 65 62 64 65 64 64 60 56 55 58 56 58
    57 55 59 61 61 60 60 57 57 57 56 54 54 58 61 63 64 66 65 66 66 64 65
    66 65 68 66 64 62 61 59 58 59 56 57 60 66 66 68 69 69 69 66 65 62 60
    61 60 57 62 66 65 68 69 68 65 66 67 63 63 59 59 59 58 59 57 61 62 66
    68 66 69 71 69 67 68 68 65 64 66 66 67 68 67 65 64 65 62 62 62 60 63
    64 63 66 66 64 63 64 62 62 63 62 62 62 62 61 62 61 64 63 59 59 56 56
    54 54 52 51 57 59 63 62 63 63 59 58 54 56 56 58 60 61 62 63 64 61 60
    61 58 58 60 64 64 64 65 61 63 65 65 59 60 66 66 68 67 64 66 70 69 62
    60 60 62 62 62 61 65 66 68 69 63 61 59 59 57 56 55 54 57 57 57 58 59
    60 62 60 65 68 67 63 64 68 64 66 64 62 65 66 64 62 61 61 62 63 59 58
    61 59 63 64 64 62 64 67 67 64 60 60 60 62 63 62 60 62 63 62 63 61 62
    59 63 63 64 63 62 61 62 62 59 61 60 63 65 68 64 64 64 62 62 59 55 53
    55 54 54 54 54 56 59 61 61 62 61 62 60 60 60 58 61 65 66 66 70 68 67
    67 64 62 63 60 60 58 55 54 55 56 56 60 59 63 66 63 63 68 69 71 70 66
    65 65 63 63 62 58 63 68 69 72 75 72 70 71 72 66 65 60 58 59 59 60 57
    61 61 65 67 65 68 68 65 65 67 66 64 62 64 65 67 67 67 66 65 64 63 61
    62 62 63 65 64 67 65 65 65 63 62 62 63 62 63 61 61 63 64 63 64 62 59
    59 55 55 51 52 49 50 54 55 59 59 61 61 59 58 55 57 58 58 58 58 58 60
    62 59 58 60 58 59 61 64 65 66 65 59 61 62 62 59 58 62 64 67 67 64 66
    67 67 63 59 60 60 59 58 59 60 59 62 64 59 58 58 58 56 56 56 54 57 57
    56 57 58 61 62 60 64 67 68 66 67 68 66 68 65 62 66 66 65 64 63 65 67
    69 62 61 63 60 62 60 61 59 62 62 63 63 60 62 62 63 65 65 64 66 66 63
    64 63 61 57 58 57 61 60 60 57 59 61 59 62 60 64 65 70 67 68 70 65 66
    62 57 55 57 54 53 53 52 56 60 60 61 62 60 63 63 63 62 61 62 68 68 66
    68 64 65 67 66 62 61 62 61 60 56 52 53 54 55 58 57 60 63 65 65 69 71
    72 71 69 67 67 63 65 61 61 64 68 68 72 76 73 72 71 73 68 67 62 59 60
    61 62 61 62 63 66 68 66 67 67 64 64 67 67 64 65 66 68 70 71 72 69 69
    68 67 66 66 64 63 65 64 66 63 62 63 63 62 63 63 63 63 62 62 61 64 61
    62 59 57 57 52 51 48 50 47 49 52 52 56 56 56 56 58 57 53 56 56 57 58
    59 58 59 60 57 56 56 56 55 55 60 62 62 61 57 60 62 63 59 57 61 62 65
    64 61 60 63 64 61 58 58 58 58 58 57 57 56 58 60 56 56 57 58 57 58 59
    58 60 60 59 60 61 62 63 61 63 67 67 65 67 68 67 68 64 60 62 64 62 62
    62 66 68 71 65 64 66 65 65 62 62 59 62 62 63 63 62 64 64 67 69 70 66
    68 68 65 65 63 60 57 59 57 59 59 59 55 59 60 57 60 56 60 60 65 61 62
    63 59 61 58 55 54 54 52 53 53 52 56 60 62 62 64 64 68 67 66 63 60 61
    67 66 64 65 64 65 68 69 65 63 64 65 63 60 57 55 55 57 58 57 58 60 61
    61 65 68 69 68 66 65 66 63 65 63 63 66 69 69 73 77 75 73 74 76 74 71
    66 63 64 66 64 61 62 64 68 69 67 68 67 65 65 66 65 62 65 67 69 71 73
    74 72 72 69 68 68 68 67 65 67 67 68 65 62 64 65 65 67 66 66 66 66 64
    61 61 58 59 55 55 54 48 51 49 49 46 47 50 51 56 54 54 54 56 55 51 53
    54 54 55 60 58 61 64 62 62 63 61 59 61 63 64 63 59 56 60 61 61 59 58
    62 67 68 65 63 62 63 65 63 58 60 61 63 64 62 62 60 62 62 58 59 58 60
    58 58 59 59 62 60 60 59 60 63 63 61 64 67 68 68 70 70 70 71 67 63 64
    64 60 60 60 63 65 69 63 62 66 64 63 61 61 57 61 62 63 65 64 66 67 70
    71 72 70 70 69 66 66 64 60 56 57 55 58 58 57 55 58 60 56 59 53 57 56
    60 57 58 61 57 60 57 57 57 57 55 54 56 57 60 63 63 63 64 66 68 67 66
    65 63 62 67 66 64 64 64 66 69 71 67 62 64 65 63 59 57 56 55 58 59 58
    58 58 63 63 67 70 70 71 69 69 68 65 66 65 65 67 69 69 73 79 76 72 71
    73 71 67 64 62 64 65 65 64 63 66 71 69 67 69 67 67 68 67 63 62 64 64
    66 66 68 70 70 69 66 67 68 71 69 67 69 68 70 67 63 63 63 63 65 64 62
    63 63 62 60 58 55 56 54 54 53 47 48 48 48 46 48 49 50 55 56 57 57 59
    58 55 55 56 55 54 57 56 58 61 60 59 61 61 59 61 62 64 63 60 57 59 58
    59 58 56 60 64 64 64 62 59 62 63 60 56 58 60 61 63 60 60 58 61 59 56
    58 57 59 58 60 61 63 65 64 64 63 64 68 66 63 63 65 67 68 69 67 67 70
    69 65 66 66 62 61 61 63 64 67 61 60 64 62 61 57 57 52 56 56 56 60 61
    64 65 67 69 70 68 67 64 64 63 62 60 57 58 57 62 59 60 58 61 63 60 62
    55 60 59 62 60 61 63 58 62 59 59 60 60 58 57 60 61 65 67 67 68 68 69
    71 72 71 70 67 67 70 70 67 67 67 67 70 70 67 62 64 63 61 57 55 53 52
    57 60 61 60 60 63 63 66 67 69 71 71 72 71 68 67 69 66 66 65 65 68 75
    73 69 70 73 73 70 68 63 66 66 66 64 62 66 68 69 65 67 65 64 65 64 61
    61 65 65 68 69 71 73 71 70 67 69 70 73 71 71 74 73 74 71 69 69 68 68
    69 67 66 65 64 63 61 58 54 55 53 55 54 48 48 49 51 51 51 50 51 56 57
    58 58 60 61 60 62 62 62 59 61 58 61 62 60 56 58 58 57 60 58 60 60 60
    59 62 60 60 60 56 58 61 61 60 58 55 57 59 55 51 54 55 58 62 62 62 62
    65 61 59 58 58 58 59 61 61 65 66 66 65 64 63 65 66 63 61 64 65 66 67
    65 63 65 66 64 63 64 60 61 61 65 64 65 62 60 63 61 62 59 59 56 60 59
    60 63 63 66 65 68 67 71 70 69 65 64 63 62 62 58 59 59 65 63 65 61 63
    66 62 63 56 60 58 61 58 60 62 58 61 58 58 61 62 61 59 61 61 63 66 64
    66 66 68 69 71 72 71 68 67 69 68 65 66 65 67 70 71 67 63 67 64 62 57
    55 52 53 56 57 57 56 56 60 60 62 63 66 67 68 69 69 66 67 68 68 67 66
    65 68 75 71 70 70 73 75 74 71 66 70 69 69 66 62 64 66 66 64 63 62 62
    66 63 61 61 63 64 67 67 69 72 71 70 69 71 73 74 73 72 73 73 72 69 65
    65 64 63 65 63 62 61 60 60 59 58 55 58 57 57 56 51 50 51 52 51 51 52
    53 57 59 60 61 64 62 62 64 63 63 60 61 58 64 65 64 61 62 62 61 64 61
    62 60 60 59 61 58 59 58 56 58 58 59 59 58 54 55 56 55 51 54 54 57 60
    61 61 60 63 57 56 56 56 57 56 57 57 63 65 64 64 62 61 64 67 64 63 65
    66 68 69 65 64 65 67 64 64 63 59 61 60 62 60 63 60 58 61 60 62 61 63
    60 64 63 65 66 65 66 65 69 66 69 70 68 66 65 64 63 63 59 59 60 65 63
    63 59 62 64 61 60 55 59 58 61 59 60 63 61 64 62 61 64 64 63 61 63 62
    63 66 65 66 67 69 69 72 72 71 69 68 69 68 65 65 66 68 71 70 66 62 66
    65 61 56 54 53 53 57 56 54 53 55 63 63 64 64 67 66 69 69 68 64 65 66
    65 65 64 63 67 73 70 68 69 71 70 68 67 64 68 69 68 67 64 67 68 68 65
    64 62 63 67 63 60 60 62 61 63 62 62 68 67 68 67 72 74 76 76 72 73 71
    73 67 65 65 63 62 63 61 59 59 59 60 59 59 58 59 57 57 54 51 50 51 52
    52 54 53 54 58 59 61 62 66 65 67 68 66 66 63 65 60 67 66 67 65 65 64
    64 68 64 65 61 62 62 65 60 61 60 58 60 59 58 59 58 53 53 54 52 50 52
    53 55 59 60 61 63 65 60 58 60 58 61 59 59 59 64 66 63 64 61 61 63 66
    63 61 61 63 66 66 64 62 65 67 66 66 65 62 62 63 64 63 66 65 63 65 65
    67 64 66 63 65 65 66 69 67 69 69 72 69 71 72 71 69 68 68 65 65 61 61
    62 67 63 63 59 61 64 60 59 53 57 57 59 60 60 63 62 64 64 63 66 65 65
    63 65 63 65 67 67 68 67 69 70 73 72 71 67 64 66 66 63 63 63 64 69 70
    66 62 64 63 58 54 54 52 53 57 60 60 60 61 63 63 65 64 65 65 67 67 67
    65 66 67 68 66 64 62 64 69 66 65 62 66 65 66 65 61 66 67 68 67 64 67
    67 69 68 67 62 65 70 66 63 62 63 62 65 63 63 68 68 68 68 72 73 75 76
    71 72 70 70 67 64 66 62 63 63 61 60 59 59 59 59 57 58 59 56 58 55 50
    49 52 54 51 52 52 55 60 60 60 60 65 64 64 63 60 63 60 62 59 66 65 68
    67 67 65 65 68 64 64 61 61 61 65 62 61 61 60 61 61 61 61 62 59 57 59
    56 54 55 54 55 57 58 57 59 59 56 54 57 55 59 60 59 61 65 68 64 67 63
    61 63 65 62 60 61 61 65 66 62 61 63 62 62 62 61 59 60 61 62 63 65 65
    63 65 66 67 67 66 64 66 65 64 67 66 67 67 70 67 70 70 69 67 66 66 66
    66 63 63 62 66 64 62 56 58 59 57 56 50 53 54 59 60 60 62 63 65 64 64
    66 65 65 65 66 65 66 68 67 68 68 68 69 72 73 72 67 65 65 65 63 60 62
    64 70 71 70 66 68 68 63 59 57 55 55 59 61 61 61 62 62 62 63 63 63 63
    64 63 62 59 61 62 64 62 60 59 62 66 64 64 61 65 67 67 66 64 68 67 68
    69 66 68 70 70 68 67 64 66 70 67 64 65 66 66 67 65 65 68 69 69 69 71
    73 72 74 70 69 66 65 65 63 64 61 61 61 60 60 58 58 58 57 57 58 60 57
    58 55 52 51 53 53 50 52 53 57 60 62 63 62 67 67 67 66 64 65 63 65 62
    67 66 68 65 66 64 63 65 60 61 57 60 59 63 59 60 59 58 61 62 62 62 62
    59 59 60 55 52 53 53 54 57 57 58 61 62 59 58 60 58 61 61 61 62 65 67
    64 68 64 62 64 66 64 63 62 62 65 66 63 60 63 62 63 62 61 58 58 59 60
    60 62 62 60 63 63 67 66 65 63 65 66 66 68 67 67 68 71 68 71 70 68 65
    64 63 62 63 60 62 63 67 65 63 60 60 60 58 56 52 55 58 60 62 61 61 62
    64 62 60 63 62 64 65 67 66 66 69 69 69 70 69 69 72 73 72 68 66 64 65
    64 61 62 62 67 67 65 62 62 63 58 56 57 55 56 60 62 63 64 63 64 64 65
    63 63 61 63 62 60 58 59 61 62 61 59 59 62 65 62 62 62 65 65 65 65 64
    67 65 65 65 65 67 69 69 70 70 69 70 73 69 65 64 63 63 62 61 61 64 66
    64 67 67 68 68 71 67 66 65 63 66 66 67 63 64 63 61 60 58 57 56 54 54
    56 58 57 58 55 54 55 57 55 54 54 54 59 63 63 66 67 71 73 73 72 69 68
    65 67 64 67 67 69 66 69 68 67 69 65 62 60 62 60 62 58 58 58 59 62 62
    62 63 64 62 61 60 56 53 54 54 56 60 59 62 64 64 62 60 61 56 60 59 59
    60 62 63 60 64 61 60 64 66 64 65 64 62 65 66 63 62 65 64 66 69 66 63
    63 63 63 62 61 60 57 61 59 62 61 62 62 64 68 67 71 68 68 68 71 67 69
    67 64 62 60 60 57 60 57 60 62 67 67 66 63 62 63 60 57 53 57 59 63 66
    64 66 68 69 68 66 67 66 68 67 70 69 68 69 69 70 69 69 67 70 73 74 70
    66 65 66 64 63 61 62 66 65 64 61 59 59 55 51 54 55 55 60 64 66 67 68
    60 60 62 60 63 62 64 64 60 58 57 59 61 59 56 55 59 62 59 60 58 61 61
    61 62 60 63 61 62 65 65 66 68 68 69 70 69 68 70 69 66 67 64 63 62 60
    60 60 62 61 65 66 67 66 69 68 66 62 62 64 65 66 61 60 61 62 59 56 53
    52 52 54 57 58 58 60 58 58 58 61 60 58 58 58 65 68 69 71 71 75 76 77
    74 72 71 67 67 66 67 64 64 61 63 63 61 62 60 61 61 64 64 64 63 63 63
    62 64 63 63 65 66 64 63 62 57 55 56 55 57 61 61 63 66 67 65 63 62 58
    61 61 62 62 64 65 61 64 62 60 62 64 61 62 63 62 63 63 62 60 64 62 65
    68 66 65 63 64 64 64 62 60 60 63 63 65 64 65 67 66 69 67 68 67 66 66
    69 67 69 66 64 62 61 61 58 61 60 64 65 68 70 69 66 64 65 61 58 56 58
    61 63 66 65 67 70 71 71 66 67 65 66 65 66 65 64 67 67 70 71 71 69 71
    74 75 70 67 64 66 65 63 61 61 63 63 61 60 59 59 56 53 57 57 59 61 64
    66 68 69 59 59 59 58 60 59 61 61 57 54 55 57 58 57 55 54 60 62 59 62
    62 65 66 67 66 64 66 64 63 64 64 62 66 68 70 70 69 67 68 69 66 65 62
    60 59 60 61 61 63 63 68 69 71 68 71 69 66 64 61 63 62 66 61 61 62 62
    61 58 57 54 53 53 56 57 58 59 56 58 60 64 63 61 59 60 67 69 69 69 70
    73 75 76 74 71 73 69 70 67 69 66 66 63 63 64 61 63 63 64 63 67 66 66
    66 65 64 63 66 64 64 65 65 65 62 62 56 58 57 58 60 63 65 67 69 68 67
    63 63 59 61 60 60 58 61 62 57 60 59 56 60 62 60 62 65 64 66 68 66 65
    69 65 66 67 65 64 64 65 65 65 62 62 63 67 66 67 66 68 72 70 73 71 71
    70 69 68 73 70 71 68 66 65 63 64 59 62 60 65 67 68 70 68 67 64 64 59
    56 57 58 61 63 66 64 69 72 73 73 69 68 67 68 68 68 68 67 69 71 73 74
    73 69 69 72 72 68 65 63 65 65 63 60 61 63 63 60 58 58 59 56 54 57 57
    60 62 63 64 67 67 60 60 61 59 61 59 59 59 54 52 52 54 55 56 55 55 60
    62 59 61 60 62 63 64 63 63 65 64 65 66 68 65 70 72 73 71 71 68 69 69
    63 62 57 56 53 54 52 54 58 59 65 64 66 63 67 64 61 60 59 62 61 63 59
    59 59 58 57 57 55 52 52 52 57 58 58 58 56 58 60 64 60 57 56 56 66 68
    68 69 70 72 73 73 69 67 66 64 66 65 66 65 65 64 66 66 63 65 67 68 68
    70 69 68 69 68 67 67 70 69 68 71 70 71 68 66 61 63 61 61 63 64 65 66
    68 66 67 64 64 60 62 60 60 57 60 60 52 56 55 54 57 58 57 61 65 65 66
    68 68 68 73 68 68 68 65 63 62 64 62 63 64 64 66 69 69 69 69 69 71 69
    71 69 68 69 66 67 69 68 68 65 63 64 64 65 59 62 62 66 69 68 68 64 65
    63 63 58 56 59 59 62 64 67 64 68 69 69 70 67 66 62 64 65 67 68 68 68
    71 74 76 74 71 70 73 74 71 68 66 68 66 63 60 60 60 60 59 56 55 56 55
    54 56 57 58 61 63 65 67 67 64 64 66 66 67 65 64 64 60 58 57 58 58 59
    56 57 61 60 59 60 60 62 63 65 64 65 65 65 67 68 71 68 73 75 76 75 73
    69 68 69 62 61 58 55 53 53 52 54 57 58 62 61 63 62 66 64 61 60 61 64
    64 67 63 63 64 64 62 61 61 57 55 53 57 56 55 58 56 59 61 65 62 59 57
    57 64 66 65 67 67 71 72 73 69 68 68 66 69 67 68 66 65 63 66 65 61 65
    66 68 69 70 69 69 71 71 71 70 73 73 71 74 72 71 68 65 59 62 61 62 65
    66 67 69 71 70 69 65 65 62 64 62 64 61 64 65 57 62 60 61 62 61 58 62
    66 65 66 68 69 69 75 70 70 69 67 65 62 64 63 66 64 64 65 68 69 68 66
    65 69 68 70 67 69 70 70 71 73 71 72 68 67 67 66 67 61 65 64 69 70 69
    68 66 67 65 64 60 59 59 61 62 64 65 63 67 67 67 67 65 64 61 64 64 65
    68 68 68 70 74 75 72 70 68 72 73 69 64 62 65 62 61 56 56 57 59 59 55
    55 55 55 54 56 56 56 59 63 66 66 65 61 61 65 65 66 64 63 63 62 61 60
    61 60 61 58 58 59 59 57 58 57 60 64 64 65 64 64 63 65 66 67 65 71 72
    73 74 71 68 65 67 60 60 57 55 53 54 53 54 57 58 62 60 62 59 65 65 62
    63 62 65 63 68 63 63 66 65 63 62 61 56 54 51 53 54 53 56 57 61 63 67
    64 61 60 60 65 67 67 68 68 70 71 69 66 67 67 66 68 68 68 65 64 61 63
    60 57 59 61 65 66 67 65 67 68 69 69 70 74 74 74 76 76 75 73 68 62 64
    62 63 67 67 68 69 68 67 67 64 62 60 62 63 65 62 65 64 58 60 58 57 58
    57 54 58 62 64 64 67 69 68 73 69 69 66 64 62 58 60 58 61 58 59 62 63
    64 64 64 66 69 66 67 66 67 69 68 67 69 69 69 65 65 64 62 64 59 62 63
    68 69 69 69 67 69 67 66 61 62 61 62 61 63 63 61 65 66 66 67 67 65 63
    64 65 64 68 67 67 69 72 75 72 69 66 69 69 67 63 58 62 60 61 56 58 57
    58 60 56 55 56 58 55 57 57 57 60 62 64 64 63 61 61 64 64 66 63 62 64
    63 62 60 62 60 63 61 59 61 62 60 61 62 63 67 67 67 67 68 68 66 68 70
    67 73 71 70 70 70 64 58 60 52 54 53 53 50 53 53 56 61 60 64 61 64 60
    66 66 63 65 63 67 65 68 64 61 64 63 61 60 60 57 56 54 56 57 58 60 61
    65 67 71 66 64 64 64 69 69 68 69 70 71 72 70 68 71 69 68 71 69 68 67
    66 62 64 63 60 62 63 65 65 68 67 68 69 72 73 74 78 76 74 76 75 72 73
    68 63 65 63 65 70 71 71 70 70 70 70 67 63 62 61 62 64 60 65 63 58 58
    59 60 58 58 55 58 61 64 64 65 70 69 73 69 71 68 66 65 59 61 60 63 60
    60 63 64 64 64 65 67 69 69 69 70 70 73 70 68 68 67 66 62 62 59 58 60
    57 60 62 66 68 67 67 66 68 67 66 60 62 63 64 64 64 64 62 66 65 65 67
    64 63 62 64 65 63 65 64 66 69 71 73 70 68 67 70 68 65 61 57 60 58 60
    55 57 57 57 57 55 55 53 56 54 55 56 56 58 59 61 61 60 63 63 67 68 68
    65 64 67 65 65 62 65 63 65 63 62 62 62 61 59 61 61 64 66 66 66 69 69
    68 70 72 68 73 72 72 72 70 65 60 61 53 54 51 52 51 52 51 54 60 59 62
    59 62 59 63 65 62 65 65 67 65 69 66 63 65 65 61 62 62 59 58 55 58 58
    60 62 62 67 69 73 68 68 67 67 70 70 69 70 70 70 71 67 66 68 68 66 67
    66 66 67 66 63 65 65 64 66 66 68 67 70 70 70 71 73 74 75 80 74 72 73
    74 73 73 69 66 70 70 72 75 76 73 73 71 70 68 64 63 60 62 62 65 63 69
    67 61 60 59 60 57 56 52 56 60 64 63 63 69 68 72 67 68 66 66 66 59 62
    60 63 62 61 63 64 65 65 65 67 68 67 68 68 69 70 67 64 64 63 62 58 58
    57 56 59 57 60 62 67 67 67 67 67 67 67 65 60 62 62 61 58 60 59 58 63
    63 62 65 65 62 61 62 63 62 65 65 67 72 74 75 72 69 67 68 66 61 57 54
    56 55 58 55 58 59 60 61 58 60 57 60 57 57 58 56 59 60 62 60 60 61 61
    65 68 69 66 63 67 66 65 61 64 62 63 62 61 62 63 62 58 58 61 65 67 67
    66 70 71 71 71 71 68 73 72 69 70 67 63 60 60 52 54 52 52 52 53 52 55
    60 58 62 59 63 60 63 66 63 65 66 68 64 69 67 63 64 65 63 63 63 60 60
    58 62 62 62 64 64 68 69 71 66 65 66 67 71 71 72 72 72 70 69 64 65 66
    64 64 64 64 66 65 64 61 62 62 63 64 64 68 67 70 71 70 70 72 71 72 76
    72 70 73 73 72 73 69 67 71 71 71 74 74 73 70 69 69 67 63 63 61 61 63
    66 63 71 71 63 63 63 65 60 59 54 56 59 64 64 64 71 68 73 69 68 63 64
    63 57 58 56 60 61 63 64 67 68 69 70 71 71 69 67 66 66 68 66 62 61 61
    61 59 59 59 58 61 61 63 63 68 69 67 66 65 66 65 63 59 61 61 60 58 60
    58 59 62 61 61 64 64 62 62 62 64 63 65 66 68 72 74 76 72 69 68 67 66
    61 59 55 58 57 60 59 60 61 62 63 59 61 59 60 60 59 56 55 59 61 62 61
    57 63 63 68 70 69 65 63 67 67 66 62 66 65 67 66 65 64 64 61 58 57 59
    62 64 65 65 70 71 71 71 70 68 72 72 71 70 70 66 64 62 55 56 53 53 52
    52 52 56 61 58 60 57 60 58 61 62 59 62 64 67 64 68 66 64 66 66 65 66
    67 62 63 61 64 63 62 63 64 69 69 68 64 64 66 68 70 69 69 70 69 67 65
    60 59 61 60 60 60 59 61 62 63 61 63 65 67 70 70 70 68 71 70 69 68 70
    67 69 73 68 68 69 69 69 71 68 66 69 69 71 72 71 69 66 66 66 63 60 62
    60 61 63 65 63 69 70 64 63 63 66 62 62 58 59 61 66 66 65 72 70 74 71
    70 64 66 65 61 60 58 62 63 66 66 68 67 69 68 68 68 67 66 64 66 68 66
    62 60 60 60 59 58 56 57 60 60 61 59 62 65 64 62 61 61 60 61 59 59 58
    59 56 58 57 56 59 59 59 61 63 62 61 61 63 63 66 66 67 71 72 76 72 69
    70 69 67 63 63 60 62 60 62 61 64 64 64 66 60 63 61 64 63 61 59 55 61
    62 62 60 57 66 66 70 71 71 67 65 66 66 65 61 63 63 64 62 62 61 61 59
    57 56 57 61 65 65 65 67 68 68 68 68 66 69 69 68 67 69 66 64 61 55 56
    56 57 56 56 56 60 64 61 60 55 56 56 59 61 58 62 64 67 66 68 66 63 64
    65 64 65 65 63 64 63 66 65 63 66 68 72 71 68 66 65 68 70 70 69 69 71
    69 67 64 60 57 58 58 58 57 58 60 61 63 63 64 64 66 67 67 65 64 67 67
    67 67 70 67 69 72 67 66 68 68 66 70 67 65 66 67 68 69 68 66 63 64 66
    61 60 62 63 63 65 68 66 72 72 68 66 65 68 63 61 57 58 59 63 64 61 68
    67 69 67 68 64 65 65 60 61 60 63 63 65 65 68 66 68 66 65 66 65 64 61
    64 65 64 61 58 58 57 58 56 55 55 57 58 58 58 60 62 62 61 62 60 62 62
    62 62 59 59 57 57 57 55 55 56 57 60 60 60 58 58 60 59 61 61 62 67 69
    74 72 69 70 69 68 65 64 60 60 59 61 62 64 62 63 66 64 66 65 66 64 63
    61 57 61 63 62 60 58 68 68 73 75 74 70 69 69 70 69 64 64 65 65 65 64
    62 63 61 60 58 60 61 64 63 63 65 64 62 63 63 63 68 67 67 67 70 68 65
    62 56 57 59 61 59 59 61 64 66 63 60 55 55 56 58 60 57 61 65 68 66 67
    64 63 65 66 65 66 67 65 66 65 66 67 66 68 69 72 73 70 69 68 70 72 73
    71 71 72 70 68 66 63 60 63 63 62 61 61 63 64 64 63 64 62 65 64 62 61
    60 63 62 62 61 64 61 63 66 61 60 61 63 62 67 65 64 63 66 67 66 67 63
    61 60 64 60 59 62 64 65 68 71 71 76 76 74 71 70 73 69 65 59 59 57 59
    61 58 64 62 65 64 66 64 65 64 60 60 61 64 61 62 61 64 61 64 61 59 61
    62 64 62 66 67 68 66 62 61 59 59 56 55 56 57 61 59 58 61 61 62 61 62
    59 60 59 59 59 56 57 56 56 55 55 56 59 59 62 61 61 61 61 61 58 60 60
    63 68 70 73 72 71 72 70 67 63 62 58 57 56 58 59 61 61 62 64 62 66 66
    66 65 64 63 60 64 66 65 65 64 66 66 70 71 71 67 66 68 69 67 61 62 66
    65 66 64 63 63 61 60 56 57 57 60 60 60 62 62 62 63 63 62 64 63 63 61
    64 62 61 60 55 56 58 62 61 59 61 62 64 63 60 56 55 58 58 58 57 60 61
    64 63 63 60 60 62 64 63 64 66 63 66 65 66 68 69 68 69 71 71 69 68 67
    68 70 71 70 68 70 68 66 65 61 59 61 61 61 59 58 60 62 62 60 60 60 63
    62 61 60 58 64 63 63 61 65 60 61 66 60 59 60 62 61 68 68 66 66 70 69
    69 70 63 60 61 64 62 62 64 64 67 71 71 70 73 73 69 67 65 68 65 62 57
    57 56 58 59 54 59 57 60 60 61 59 61 61 59 58 58 60 59 62 62 66 63 67
    64 63 64 62 64 61 65 66 65 63 60 62 59 60 56 54 56 57 61 59 58 59 60
    62 62 62 59 60 59 59 59 56 54 56 55 56 56 57 61 60 64 62 63 63 61 61
    59 60 60 62 68 68 72 72 69 72 69 66 64 64 62 59 58 59 60 63 61 62 64
    64 68 70 68 67 68 67 65 68 68 65 66 66 67 67 69 71 69 65 65 68 67 66
    60 63 66 65 66 63 63 63 62 61 58 59 59 64 62 63 63 64 63 64 63 60 63
    64 63 59 63 61 61 59 55 53 56 59 59 57 60 61 63 63 61 57 55 60 59 59
    58 61 62 67 67 65 63 64 66 66 66 65 65 63 66 66 67 68 69 69 69 71 70
    69 68 68 67 70 71 71 70 71 66 65 66 64 63 64 62 61 62 60 61 63 62 61
    64 63 65 38 7 18 77 88 18 73 112 80 34 36 79 78 94 69 37 29 19 81 48
    77 54 41 0 126 57 55 54 105 20 59 84 10 120 79 108 23 70 93 84 65
    113 39 31 36 75 37 38 19 108 67 5 116 41 73 17 14 111 92 99 51 9 114
    53 63 62 67 63 63 60 57 59 58 62 60 63 67 66 65 63 61 59 59 55 51 55
    57 61 61 60 60 62 65 66 65 60 60 58 57 57 55 52 55 55 56 58 60 63 61
    66 61 62 60 58 58 56 56 56 59 64 65 69 70 70 75 72 71 69 70 70 65 62
    60 62 62 61 62 61 61 67 69 67 67 68 66 65 66 67 65 65 64 71 71 73 73
    71 68 66 67 66 64 61 62 65 63 64 63 63 61 60 59 56 59 58 63 61 63 62
    63 62 62 61 59 62 63 63 59 63 60 62 60 57 54 57 59 59 57 58 59 60 62
    61 59 58 63 62 59 58 60 61 63 64 62 63 66 67 68 67 67 67 64 65 64 66
    65 67 66 67 69 70 68 69 69 67 68 69 68 67 70 64 63 64 64 62 64 63 61
    60 60 62 63 62 62 63 64 67 97 2 18 22 112 72 11 85 70 14 29 56 23 84
    42 47 18 62 117 55 117 63 101 19 34 10 67 52 58 32 86 121 126 50 67
    98 120 76 83 119 76 4 118 113 100 113 98 6 30 7 6 39 51 89 70 2 24
    99 66 77 65 51 89 40 22 60 66 62 61 57 54 58 58 60 57 61 64 67 66 64
    65 63 64 59 58 60 63 64 62 62 61 63 67 67 66 64 64 61 59 58 55 52 55
    54 55 58 61 65 62 65 60 61 60 56 57 56 58 61 63 66 68 71 70 68 71 67
    67 66 67 69 66 63 60 62 62 62 63 60 59 66 70 68 68 69 67 66 68 68 66
    66 65 70 70 72 71 70 69 69 70 70 68 65 66 68 65 65 63 63 63 62 63 59
    61 60 65 62 63 63 63 61 60 60 58 61 61 60 55 62 61 62 60 58 57 58 62
    60 59 60 61 62 64 64 62 63 66 66 64 61 62 64 66 64 62 61 64 67 67 65
    65 67 66 67 66 66 66 69 68 68 70 70 69 71 68 67 68 68 67 66 68 61 62
    62 63 61 62 62 61 63 62 65 64 65 65 65 64 66 47 38 64 73 53 78 1 103
    79 81 95 106 54 30 122 114 1 116 58 43 120 94 7 108 82 26 106 109 37
    65 117 119 47 87 124 3 90 18 72 74 31 40 17 43 27 119 47 83 33 46
    110 56 9 41 36 73 78 29 10 45 32 38 48 6 42 61 66 63 63 61 57 59 57
    59 57 59 62 62 63 63 64 62 63 59 57 60 61 62 60 62 60 61 66 66 65 63
    63 60 59 58 55 51 57 54 57 61 65 68 64 70 64 67 64 61 60 59 62 61 62
    63 66 68 68 68 69 67 68 68 69 70 67 63 60 62 63 63 63 61 61 67 72 70
    69 70 70 69 69 68 66 64 65 69 69 70 67 68 68 70 69 70 69 67 67 69 65
    67 65 66 64 65 67 65 67 64 67 63 64 60 60 57 57 58 56 59 60 59 56 63
    63 64 64 62 59 63 66 64 64 63 64 63 67 65 64 63 65 66 64 63 62 64 64
    62 60 58 62 67 68 65 66 70 68 69 67 65 64 69 68 67 69 71 70 72 71 67
    68 67 66 62 65 60 59 61 64 61 62 63 61 63 63 64 62 64 64 65 64 65 83
    53 59 25 4 107 52 99 65 81 98 115 2 94 75 48 110 94 47 65 111 4 24
    44 3 115 123 125 99 13 34 82 82 116 13 13 84 25 12 108 33 89 21 20
    76 92 96 122 82 38 34 117 44 96 55 115 93 124 114 70 124 4 100 127
    18 61 65 62 62 60 54 57 54 56 56 58 61 63 65 65 66 65 65 62 59 61 62
    62 60 63 60 60 63 64 63 60 60 57 55 55 54 51 56 55 57 59 64 67 62 67
    61 63 60 57 57 55 60 58 59 61 64 65 66 67 68 68 69 68 70 71 67 65 60
    61 62 62 62 60 62 67 70 69 68 71 72 71 69 66 64 64 67 68 68 69 67 67
    68 67 66 68 67 66 66 66 64 67 66 66 65 65 67 67 69 66 69 63 64 60 59
    56 55 55 53 58 56 54 53 57 58 58 58 56 54 59 63 62 62 60 60 61 67 67
    65 64 65 66 66 66 65 64 65 63 62 60 64 67 68 66 65 70 68 70 68 66 65
    70 69 67 69 69 71 72 70 66 67 67 66 64 65 59 59 62 65 63 63 64 63 65
    67 68 67 67 68 68 66 66 63 93 51 1 83 83 112 122 42 105 51 40 21 76
    90 120 108 16 107 114 54 96 113 127 83 85 14 100 89 35 44 83 100 38
    119 74 85 56 21 64 87 70 11 84 47 34 77 118 68 67 2 12 88 62 47 107
    31 61 62 29 105 4 112 81 36 60 64 63 62 61 56 58 56 57 58 59 62 64
    66 67 66 64 64 62 62 62 63 64 64 69 67 65 66 68 66 63 62 57 54 56 56
    53 59 58 60 63 66 67 62 68 61 62 59 55 56 54 58 56 58 60 61 61 61 63
    63 61 63 63 64 66 63 62 58 59 58 59 58 58 63 66 70 68 68 71 72 71 69
    66 66 66 67 65 65 68 66 66 67 68 67 72 70 70 70 69 67 69 70 68 67 66
    66 68 70 67 67 63 64 62 63 58 58 57 55 57 56 52 52 55 55 55 58 54 54
    58 60 61 60 60 59 60 66 69 68 67 67 66 65 67 63 61 63 62 62 62 67 69
    71 70 68 71 69 70 67 65 64 69 66 64 66 66 69 69 67 63 63 64 64 63 63
    58 61 64 67 68 68 67 65 70 69 68 68 67 67 69 67 67 44 113 95 120 78
    80 73 110 110 48 88 39 35 16 82 61 12 36 82 36 5 64 71 63 52 78 26
    68 66 122 105 54 95 123 0 5 118 82 96 49 127 42 12 4 120 112 57 47
    24 54 45 0 76 64 25 17 94 90 54 103 0 106 21 7 86 61 65 62 63 61 57
    57 56 56 57 58 62 63 65 65 66 65 64 63 61 62 61 63 64 69 67 64 66 67
    64 61 58 53 50 53 54 51 57 57 60 65 69 68 62 67 62 62 61 55 55 54 57
    56 58 59 59 59 59 61 62 60 60 59 60 62 60 58 54 54 55 57 59 59 61 64
    68 67 67 70 69 68 68 66 66 68 68 59 59 63 62 64 64 66 65 71 69 69 68
    66 64 66 66 64 63 62 63 66 69 67 69 67 68 66 67 63 61 60 58 58 56 52
    51 54 55 55 58 55 58 61 62 62 61 60 58 61 66 71 72 72 71 71 71 72 65
    62 63 63 63 63 65 68 72 71 69 70 69 69 68 66 64 67 65 63 65 65 66 66
    64 60 62 61 62 61 62 57 61 64 66 66 65 64 63 68 66 67 66 66 65 66 66
    65 125 59 114 18 18 43 9 103 107 44 118 91 37 3 60 95 114 64 0 23
    110 114 4 71 49 41 30 110 9 74 85 120 117 123 118 59 122 42 127 5 94
    36 53 112 94 84 81 72 127 101 63 11 102 27 105 94 113 92 99 14 85 2
    125 20 22 64 68 68 67 66 63 61 58 57 57 57 61 63 64 67 67 66 65 64
    62 60 59 59 62 67 64 61 62 65 62 59 57 52 51 54 57 54 59 61 64 68 70
    68 62 65 61 61 57 52 53 54 57 57 59 58 60 61 59 60 59 58 58 58 58 60
    59 58 55 56 57 60 61 61 63 65 68 67 67 67 66 66 66 64 65 66 67 59 59
    64 63 65 66 67 65 71 69 68 67 63 62 63 65 62 62 61 61 67 70 68 70 67
    67 66 66 60 57 57 55 59 57 55 56 59 61 62 62 58 62 63 63 65 65 64 63
    65 68 73 73 72 69 71 71 73 69 66 68 67 68 68 70 72 75 73 72 72 70 70
    70 68 64 66 63 62 65 63 63 62 62 59 60 60 62 64 65 60 64 67 69 69 69
    67 67 72 70 69 69 67 66 67 65 65 27 63 87 97 25 120 17 106 61 123 43
    10 21 72 94 59 41 52 68 11 76 68 81 107 119 57 83 20 84 16 83 83 2
    24 17 12 100 112 113 15 43 74 89 63 68 90 59 47 83 79 5 83 98 127 24
    108 79 100 120 126 44 68 94 33 42 66 68 67 66 63 61 57 57 56 58 60
    63 66 65 68 68 65 63 61 60 58 58 58 60 66 65 63 61 64 60 58 57 53 52
    56 59 57 62 63 65 67 69 65 61 64 61 59 56 50 50 50 56 54 57 57 59 60
    59 60 58 57 57 58 59 59 61 60 58 59 58 61 62 62 61 63 64 64 64 64 63
    63 64 62 64 64 65 60 60 65 63 65 65 67 61 68 66 64 62 58 59 60 64 59
    60 60 61 66 70 67 67 67 66 66 66 61 59 60 59 62 58 56 59 62 62 63 63
    61 66 66 67 67 67 66 64 64 66 71 69 70 67 68 69 70 65 62 63 61 64 64
    65 69 72 70 71 74 72 72 73 71 68 71 69 67 69 68 66 64 62 60 60 59 61
    61 64 61 64 66 66 67 67 68 66 71 70 68 68 66 66 65 66 65 48 76 54
    127 78 43 0 126 115 42 37 2 14 81 40 106 88 111 13 67 42 10 79 12 97
    61 101 46 121 7 54 107 90 71 119 39 84 22 95 4 43 96 28 18 104 76
    111 32 56 95 49 32 123 7 29 91 125 117 36 21 43 79 80 25 116 66 68
    68 69 66 66 63 62 61 61 61 62 64 62 63 66 64 62 61 62 60 60 61 61 65
    65 63 59 61 58 57 55 53 54 57 61 59 63 64 65 66 67 63 59 63 62 61 58
    55 53 55 60 58 58 59 61 60 59 58 55 54 53 51 51 53 56 56 55 56 58 62
    64 64 64 65 65 65 64 64 64 65 64 63 64 66 66 59 59 65 63 65 64 67 63
    71 68 65 62 59 60 59 63 57 59 61 63 68 70 68 68 67 66 65 64 60 57 57
    57 60 57 55 58 60 62 62 61 61 65 65 65 67 68 69 67 64 68 71 67 68 64
    64 65 67 61 59 63 61 64 64 64 69 72 71 71 74 72 72 74 71 70 72 69 67
    67 66 63 62 60 58 59 58 62 64 65 62 65 69 66 68 65 67 68 73 72 67 69
    66 66 66 65 63 27 50 30 92 55 115 46 61 19 117 110 39 22 68 110 6 4
    17 125 114 15 109 75 110 85 53 8 25 85 8 35 42 95 120 68 52 102 116
    36 117 38 68 57 89 58 77 5 41 106 53 2 92 70 12 64 34 112 25 101 27
    99 81 21 64 28 69 69 68 71 67 67 63 61 62 61 62 62 63 61 62 62 60 57
    56 57 55 54 58 61 63 65 62 58 62 61 57 55 54 57 59 62 60 63 67 67 67
    66 62 61 63 64 62 59 54 53 57 59 56 55 54 56 58 57 57 54 54 55 54 53
    53 57 57 58 60 60 62 65 67 67 66 67 66 68 68 67 66 64 63 64 64 63 57
    57 61 61 63 62 65 61 68 66 64 63 58 59 59 63 57 58 58 57 63 65 64 63
    64 61 60 61 58 58 55 55 58 56 57 60 61 59 61 62 60 65 65 63 64 65 66
    64 61 63 66 63 63 62 61 62 66 61 59 63 62 63 63 65 67 72 70 71 72 72
    72 74 72 69 72 68 65 66 65 63 61 60 57 59 60 64 65 64 63 67 72 69 70
    68 69 69 74 72 67 70 68 66 66 66 64 57 20 103 102 51 86 88 84 17 82
    89 71 43 112 9 34 18 86 55 89 40 1 94 34 24 103 30 63 34 21 32 70 54
    10 5 60 108 90 34 57 100 88 56 77 52 58 5 34 108 76 58 41 91 94 20
    92 16 48 36 7 92 56 59 37 119 67 67 65 66 63 65 63 61 63 63 66 67 69
    66 66 66 63 63 61 61 59 58 62 64 65 65 64 58 63 63 58 58 59 60 61 65
    65 65 68 66 64 63 60 60 60 61 59 56 52 52 56 56 55 56 58 59 64 62 61
    60 59 58 58 57 56 59 59 60 62 60 62 66 68 68 68 66 64 67 66 65 62 62
    61 63 64 63 52 52 56 59 61 60 63 61 67 66 63 61 58 58 57 60 54 55 56
    56 60 63 63 63 65 63 64 64 62 63 59 59 61 59 59 63 63 59 61 62 60 65
    64 61 63 65 66 64 62 63 67 65 63 63 61 62 66 62 60 64 64 64 65 66 65
    69 68 70 70 71 71 73 72 70 71 68 65 64 64 64 63 61 59 59 60 64 65 62
    58 64 68 66 67 66 67 67 73 69 64 69 66 65 64 64 63 101 108 5 34 1 1
    4 64 88 59 118 4 42 75 30 31 39 35 5 30 85 6 72 11 19 90 24 112 37
    15 98 110 65 94 127 113 98 119 67 97 96 13 0 89 120 104 107 73 74
    105 64 1 11 119 90 38 95 30 52 70 116 92 123 63 71 66 65 62 62 61 63
    63 63 66 64 68 69 69 68 69 67 62 62 61 62 60 58 59 62 63 65 62 56 61
    59 56 56 57 59 59 62 62 65 66 63 62 61 59 61 59 59 60 59 55 55 60 59
    58 59 59 61 65 62 60 58 57 56 56 52 51 56 55 57 58 59 62 67 69 68 68
    68 66 67 64 64 61 62 62 64 65 65 52 52 55 57 61 59 64 63 67 66 63 62
    60 60 59 60 56 58 59 57 60 61 61 63 65 62 63 65 64 66 63 62 63 64 62
    63 64 62 63 64 63 67 68 64 66 67 68 66 63 62 66 66 65 64 62 62 66 61
    60 63 62 62 63 62 62 66 63 67 66 67 65 68 68 68 68 66 64 63 64 63 61
    61 59 58 58 62 65 63 61 65 68 66 68 68 68 68 71 68 63 65 62 62 61 63
    64 78 66 115 122 123 112 105 99 102 107 33 117 91 107 8 67 85 20 115
    18 121 29 30 37 47 32 108 72 91 29 86 56 92 9 13 126 87 30 7 78 66
    76 90 93 54 84 110 66 114 63 49 43 20 4 107 14 68 112 61 29 6 35 94
    71 63 64 62 60 61 59 62 62 62 65 63 67 67 68 67 67 66 62 62 61 62 61
    58 60 61 60 62 58 54 58 59 56 57 58 58 58 61 59 61 62 59 57 59 58 62
    62 61 61 61 58 57 60 58 57 58 59 62 68 66 63 62 64 61 59 55 52 57 59
    60 60 63 66 71 72 70 68 67 65 65 61 61 60 61 61 63 65 65 49 49 52 55
    58 57 62 63 66 65 61 62 62 60 60 60 57 59 61 59 58 61 60 63 64 61 63
    63 65 67 64 63 64 65 64 64 64 61 63 62 63 68 68 65 65 68 68 68 64 62
    65 66 67 66 66 65 68 64 64 65 62 60 60 57 58 61 57 61 62 62 61 65 65
    65 64 63 62 60 61 62 62 61 59 60 59 63 65 61 58 63 67 64 66 68 69 70
    73 70 67 68 65 65 64 66 66 77 33 70 62 0 86 84 63 109 83 114 51 41
    24 19 23 44 27 45 38 119 31 70 118 5 11 105 62 126 48 70 21 73 122
    51 90 7 23 1 79 82 0 67 77 15 45 90 12 99 26 70 21 25 61 127 57 82
    88 98 123 23 86 19 107 5 63 61 61 61 60 63 64 65 68 66 69 68 69 69
    70 69 65 64 62 64 62 59 58 57 57 58 55 52 58 60 58 62 63 64 63 64 62
    65 66 60 58 58 58 62 62 58 58 58 56 56 61 60 57 60 61 65 69 67 63 63
    66 65 64 59 58 63 63 64 64 66 68 73 74 73 73 68 66 65 62 63 61 59 59
    62 62 64 53 53 53 54 57 57 63 63 65 63 60 60 62 61 58 59 58 60 62 60
    57 60 59 61 60 57 60 60 63 65 63 62 63 64 63 65 63 59 61 62 64 67 67
    64 65 68 70 69 65 63 66 66 67 65 62 61 63 60 61 62 58 58 59 56 57 59
    55 58 59 59 59 63 62 61 63 63 63 62 62 62 63 63 61 62 61 63 66 62 61
    65 68 66 69 70 73 73 76 73 68 69 66 67 66 70 71 8 76 120 63 75 69 91
    58 17 68 122 7 6 62 12 41 90 96 3 63 31 74 42 110 68 120 93 70 121
    66 111 30 72 47 99 97 42 30 96 46 62 116 3 73 11 62 4 90 62 27 93
    123 102 39 9 10 0 58 87 30 36 112 100 13 26 60 58 57 57 56 59 61 61
    66 65 69 69 69 69 68 68 65 64 61 64 62 60 61 60 59 63 61 59 64 66 66
    68 69 70 67 66 65 67 67 60 58 58 59 63 62 57 58 60 58 57 63 62 59 62
    63 67 70 68 64 65 67 68 66 62 62 66 68 68 69 70 72 74 75 73 73 69 67
    65 63 65 62 61 59 60 61 63 51 51 51 52 54 55 60 62 64 62 61 61 63 63
    62 62 60 63 64 63 58 58 56 56 57 55 58 59 63 66 65 64 62 63 60 61 61
    56 58 61 63 65 66 63 62 65 66 64 61 60 62 62 65 64 61 62 63 59 58 62
    56 56 57 52 53 55 53 54 57 58 58 63 62 61 65 64 65 64 65 65 66 67 64
    64 62 63 63 59 59 62 65 63 67 67 71 71 72 71 68 69 66 67 66 71 72
    115 110 118 8 30 35 7 94 105 26 20 89 102 2 37 85 44 54 8 1 24 72 0
    76 119 124 108 14 123 47 44 88 91 104 115 105 14 25 103 30 45 27 12
    93 79 11 47 105 53 99 15 24 72 125 6 61 35 27 119 102 66 75 17 20 40
    58 58 56 56 56 59 62 60 65 62 67 65 67 68 67 66 64 65 63 66 64 61 62
    63 61 62 61 59 64 67 68 68 69 71 67 69 66 67 67 62 60 59 60 61 61 57
    58 61 61 62 68 66 63 65 64 68 70 68 64 67 69 68 67 62 63 65 66 66 69
    71 73 75 76 76 75 73 70 69 65 67 65 64 64 65 66 67 53 53 51 53 54 56
    60 62 64 62 62 62 65 65 63 61 61 62 62 61 56 55 54 54 55 55 57 58 62
    65 64 63 60 61 58 59 57 53 55 58 60 63 64 61 61 64 65 64 62 62 63 63
    65 65 61 61 62 59 60 64 59 58 61 57 56 56 52 53 53 54 53 55 55 53 58
    57 57 57 59 62 65 66 62 62 61 62 61 57 56 59 62 62 66 67 70 71 72 69
    68 69 67 68 67 72 72 115 45 71 36 72 97 4 99 23 107 2 49 39 4 85 14
    41 11 90 14 74 4 115 20 15 68 25 52 35 18 80 42 44 30 70 47 93 66
    122 125 3 45 48 122 46 26 89 15 89 93 28 88 85 92 35 86 113 70 36 21
    22 95 81 73 81 60 58 56 55 54 56 59 59 63 62 70 68 71 72 71 68 66 67
    63 66 65 61 59 61 59 60 58 56 60 64 66 66 67 68 65 66 64 64 64 61 60
    58 60 61 59 56 56 60 58 60 65 64 63 67 66 70 72 72 67 71 71 71 72 67
    66 68 70 70 73 74 73 74 76 75 74 72 68 67 64 67 63 62 62 62 63 64 51
    51 50 51 52 55 58 60 61 60 60 62 68 67 67 66 66 65 66 63 58 54 52 53
    54 56 58 59 62 67 65 64 61 61 58 60 58 55 56 62 62 67 68 63 63 64 65
    63 61 59 60 62 64 65 63 63 66 62 62 65 61 58 60 56 54 56 52 52 53 54
    53 54 55 52 57 57 58 59 60 63 65 67 62 62 61 59 59 54 55 57 60 62 66
    69 70 72 72 70 68 66 65 66 65 70 68 91 121 104 91 114 59 42 17 105
    13 118 24 94 125 30 126 78 89 43 108 33 56 90 47 114 55 68 36 43 124
    16 20 103 42 106 57 119 63 44 101 49 62 91 42 114 124 108 70 48 6 84
    58 124 82 76 70 102 36 40 57 122 55 28 111 55 57 57 57 55 54 56 61
    63 65 63 68 68 70 70 69 67 65 68 66 70 69 67 63 63 63 62 59 56 57 59
    62 61 60 61 60 61 60 61 61 59 59 58 60 62 59 57 58 62 62 63 66 65 65
    69 68 69 71 71 66 71 71 71 72 69 69 70 73 71 73 75 75 76 77 75 75 73
    70 67 63 65 64 62 62 62 64 65 58 58 56 57 57 59 62 63 64 62 61 62 67
    66 66 64 65 65 66 64 60 58 56 56 57 58 61 62 64 66 66 65 62 61 58 59
    58 56 57 62 63 66 66 63 63 64 65 63 61 61 62 64 64 64 61 63 64 61 61
    64 61 59 63 59 58 57 55 52 53 53 50 52 53 52 57 60 61 62 64 67 68 69
    64 63 60 58 57 53 56 58 61 62 67 69 70 72 69 67 65 63 63 66 66 70 70
    24 120 64 126 1 77 70 93 73 109 78 59 13 9 16 111 109 38 82 27 34 84
    74 32 115 73 126 95 67 93 41 2 29 87 102 122 36 108 65 56 35 52 111
    36 35 19 125 1 4 45 109 127 45 10 112 122 90 107 21 95 117 7 91 13
    37 57 59 58 57 55 57 62 64 64 63 67 65 68 67 65 63 63 64 63 67 67 66
    64 64 65 64 61 59 60 59 62 60 58 59 59 59 59 61 62 60 61 59 61 63 61
    58 59 64 64 65 67 67 66 70 69 69 70 70 64 67 68 67 69 66 65 68 72 71
    74 75 73 72 73 73 72 70 67 64 63 65 64 62 62 63 64 65 64 64 61 60 60
    63 64 65 65 61 61 64 67 66 66 64 65 65 65 63 58 57 54 53 55 59 60 63
    65 67 68 67 63 61 59 58 56 55 54 59 61 64 64 62 63 61 62 60 57 57 59
    60 62 65 63 65 66 63 61 64 61 59 64 59 59 58 57 54 54 54 51 53 54 52
    58 60 62 63 64 65 65 66 60 62 61 59 59 57 60 63 67 66 69 71 73 76 74
    71 69 68 68 71 71 75 72 35 95 8 0 126 114 22 106 86 118 99 102 41 50
    81 127 37 38 32 120 121 76 51 4 49 44 14 85 12 5 72 91 80 83 4 60 64
    97 51 90 3 80 97 41 96 22 24 93 88 5 10 66 60 64 100 17 41 65 21 83
    90 84 45 104 127 57 61 62 60 56 60 64 66 65 63 66 64 66 63 63 61 63
    63 61 64 64 65 64 64 65 65 65 62 65 66 68 66 63 64 64 64 63 63 64 63
    62 62 62 63 61 59 58 63 64 63 65 67 68 71 72 72 72 73 68 71 70 70 72
    70 69 71 73 73 76 75 72 71 73 72 72 69 67 66 64 64 62 60 59 59 59 58
    63 63 62 60 60 64 66 67 68 66 65 67 70 68 66 64 64 65 64 63 60 58 56
    53 55 59 60 62 64 65 66 66 63 58 58 57 56 56 55 60 64 68 68 66 67 63
    66 63 60 58 59 59 60 65 64 65 64 64 63 67 64 61 64 60 60 58 58 55 54
    55 52 55 55 53 59 60 62 62 64 65 64 65 60 62 63 59 59 57 60 65 68 68
    68 71 72 76 76 71 71 70 74 76 76 78 73 59 71 8 29 39 119 84 80 30 68
    110 32 120 49 68 87 125 94 102 79 89 51 108 98 34 18 28 11 29 89 7
    12 109 85 72 97 67 103 117 112 1 58 84 0 43 96 50 102 103 47 16 126
    67 124 59 32 71 45 78 89 68 12 28 101 124 60 63 65 62 58 59 61 63 62
    61 63 62 63 62 64 62 64 65 62 64 64 63 61 62 63 61 61 59 60 61 64 62
    61 65 65 65 68 67 69 69 67 65 65 65 61 60 60 65 67 66 69 72 73 75 74
    71 69 72 68 69 69 70 72 72 73 73 73 72 73 71 68 66 66 65 67 64 63 63
    62 62 60 58 57 56 56 54 65 65 65 62 62 66 67 67 68 66 65 68 69 67 64
    64 65 64 64 63 60 57 57 53 54 59 60 62 63 64 64 65 63 58 57 58 58 59
    57 62 65 68 66 64 66 63 66 64 61 59 60 60 59 62 60 61 61 62 60 64 62
    61 64 62 60 58 59 57 57 58 55 57 58 57 62 62 64 63 65 65 65 67 63 64
    65 62 60 60 63 67 68 67 67 70 71 74 73 67 67 66 69 70 71 73 68 53 90
    96 92 55 15 117 59 74 48 19 46 66 60 76 59 57 123 48 61 77 105 68 12
    46 83 78 95 58 43 68 106 75 57 64 83 50 73 80 108 29 57 75 44 98 42
    51 19 110 101 39 50 92 87 37 106 111 24 54 6 57 8 111 23 34 60 63 64
    62 58 60 61 62 64 63 64 62 63 61 61 60 62 63 62 64 65 65 66 68 68 65
    66 62 62 63 63 58 58 61 61 63 66 64 65 67 65 65 65 65 61 60 61 68 69
    68 71 73 76 79 76 73 71 74 70 71 70 72 74 76 76 74 74 73 73 69 67 64
    63 62 63 61 61 62 61 60 61 59 58 56 57 55 68 68 69 65 66 68 68 69 69
    67 65 69 70 69 69 68 69 67 69 66 63 60 59 55 56 60 59 63 64 65 64 66
    65 61 61 60 60 62 61 63 63 65 65 64 66 62 64 64 61 61 62 62 60 65 65
    65 67 68 65 67 66 63 66 63 61 58 59 57 58 59 54 56 58 58 62 63 62 60
    64 63 62 63 61 61 62 60 57 58 60 65 66 66 65 70 69 73 71 66 65 64 67
    66 68 67 64 127 124 11 13 17 59 122 35 119 10 15 50 45 36 9 20 18 73
    40 37 114 120 2 89 90 82 100 89 15 16 55 25 84 95 56 31 91 28 81 33
    0 81 114 25 114 126 79 20 2 14 65 97 29 93 92 60 119 34 48 112 111
    73 6 125 125 63 65 66 67 62 64 65 66 64 64 65 60 61 58 58 58 60 63
    63 66 68 70 70 70 70 66 66 62 60 60 59 57 55 57 57 59 62 59 61 61 61
    62 61 63 59 61 63 68 69 67 69 72 72 75 72 70 70 72 71 70 70 71 74 75
    73 72 71 70 70 66 64 63 64 63 65 63 64 64 62 61 61 59 58 58 58 57 68
    68 68 65 67 70 71 72 70 68 65 68 68 65 64 62 65 63 66 62 60 59 59 55
    55 60 58 61 64 64 64 67 67 63 65 64 63 64 63 64 65 66 66 66 69 66 68
    69 65 66 67 66 62 69 68 66 67 67 65 66 65 61 64 63 60 57 59 58 59 61
    56 57 62 61 64 65 63 61 64 63 61 60 58 60 64 61 59 59 61 66 66 66 64
    68 67 72 70 66 65 63 66 66 70 67 66 99 17 47 107 17 24 22 72 92 66
    76 95 18 62 125 13 28 97 110 40 69 124 117 82 19 122 90 114 71 43 47
    83 6 29 113 95 41 16 100 63 49 3 109 104 93 103 92 13 65 19 56 47 26
    104 54 69 60 34 18 63 18 56 33 107 105 67 67 69 67 63 65 65 68 66 67
    66 62 61 58 58 56 58 59 62 65 67 70 69 70 70 67 66 62 59 59 58 57 56
    58 57 57 63 60 61 60 59 60 60 63 59 60 62 66 67 64 67 69 70 73 71 70
    73 77 74 75 73 75 76 76 72 71 71 69 69 64 62 62 63 62 63 60 60 60 60
    58 59 57 56 57 59 58 67 67 69 67 70 74 74 74 74 71 69 72 70 67 68 65
    68 66 67 64 62 62 63 59 60 64 63 64 67 67 66 70 69 66 67 65 63 65 63
    64 64 65 66 68 71 67 69 71 67 67 67 67 63 69 70 68 70 70 67 67 65 61
    61 58 57 56 59 59 62 64 60 63 67 66 67 67 65 64 67 65 63 62 61 65 67
    64 63 63 64 67 67 65 64 67 67 71 70 66 65 62 65 66 69 66 67 40 99 22
    66 49 99 10 15 13 23 63 9 27 101 73 17 125 76 24 83 56 99 50 77 14
    83 87 46 69 99 118 13 51 29 116 120 81 3 29 96 33 117 71 56 5 98 22
    29 7 35 108 74 75 18 47 66 122 56 42 104 82 13 86 110 108 67 68 69
    68 65 66 67 68 65 65 63 61 59 56 57 58 58 60 63 66 69 71 71 69 71 70
    68 65 60 62 59 58 57 59 58 58 66 62 63 62 61 62 61 65 60 60 64 66 68
    64 66 68 68 71 70 69 71 75 74 75 75 75 76 77 73 72 71 70 68 64 63 64
    64 62 63 59 59 59 59 57 58 58 57 59 60 62 67 67 69 69 72 78 77 77 76
    73 70 71 67 62 60 59 63 62 64 62 60 63 65 62 60 63 63 65 69 68 68 72
    71 68 68 66 65 67 64 63 63 64 64 66 68 63 66 70 68 68 68 69 66 72 71
    69 69 70 67 64 63 61 58 57 55 53 57 56 60 62 61 64 68 68 69 68 67 65
    67 64 61 60 61 65 66 63 62 62 64 70 68 66 65 68 69 72 69 65 67 66 68
    68 70 68 71 113 51 92 18 13 97 10 106 112 75 114 106 73 45 4 88 116
    106 42 115 41 123 52 79 56 74 40 43 47 53 51 103 43 70 29 76 95 53
    15 24 92 56 16 116 121 121 29 53 83 121 116 11 111 96 51 16 120 19
    15 33 87 69 46 7 99 66 65 65 65 64 64 64 64 62 64 63 59 57 58 58 59
    60 59 61 65 66 66 66 65 65 66 65 62 59 62 59 59 59 59 58 59 65 62 62
    63 61 64 63 64 61 62 64 66 67 63 65 69 68 72 72 70 72 75 75 74 73 72
    74 75 70 69 69 68 68 63 61 62 63 61 61 55 55 56 56 55 56 57 57 61 63
    64 65 65 67 67 70 74 76 74 73 70 68 68 66 63 63 63 66 64 65 64 62 63
    65 62 60 64 64 66 69 69 68 70 71 67 66 64 62 64 60 60 60 61 62 64 65
    62 66 71 70 69 70 70 68 74 73 71 71 72 68 66 63 61 57 56 55 53 57 59
    63 63 61 64 68 67 68 66 65 65 67 63 62 60 62 65 67 64 64 65 65 69 67
    65 64 67 67 71 69 67 68 66 69 68 71 68 71 119 18 121 27 76 43 119
    118 122 125 94 70 126 92 84 36 66 110 2 116 26 9 53 46 83 51 77 74
    126 34 111 69 4 117 14 33 69 126 88 39 52 106 79 77 90 63 81 8 13 44
    102 82 73 40 120 82 13 102 117 61 127 91 106 118 43 67 65 67 66 64
    63 65 62 62 65 63 60 61 60 61 61 63 61 64 66 66 67 67 67 65 66 65 61
    59 61 58 56 56 58 57 59 63 60 60 62 61 62 59 60 59 58 63 64 65 61 64
    68 68 71 68 66 69 73 74 74 74 75 76 77 72 71 70 68 66 60 62 65 65 61
    60 56 57 58 57 54 55 57 58 60 61 63 66 66 70 69 71 73 75 73 73 70 67
    68 66 65 64 65 68 65 65 64 63 63 65 62 59 64 65 65 69 66 65 67 67 63
    61 60 58 62 60 60 59 60 61 63 64 61 66 71 72 73 72 73 71 75 73 69 68
    69 67 64 62 61 57 55 54 52 55 57 60 59 59 63 67 67 68 68 67 68 68 66
    63 60 64 65 64 61 64 62 62 66 63 61 63 65 64 68 66 65 67 66 67 65 68
    65 71 72 33 35 27 110 63 17 48 78 69 77 35 118 46 119 97 62 89 1 72
    46 94 113 59 39 112 80 127 122 84 19 2 73 59 9 55 22 22 96 5 96 39
    101 115 18 101 31 87 20 30 87 33 109 1 109 25 65 13 27 106 102 40 87
    37 94 67 64 66 66 64 64 66 64 62 65 62 59 58 59 58 59 60 61 64 67 67
    68 66 65 64 63 61 60 57 59 56 55 57 59 58 59 64 60 62 63 62 62 58 60
    59 58 61 63 62 60 63 67 66 70 68 67 69 71 72 72 70 71 73 72 69 69 68
    65 64 59 61 64 64 61 62 57 59 60 61 58 60 60 61 63 64 66 69 69 71 70
    71 71 72 69 68 64 61 61 59 59 61 63 66 64 65 64 63 63 64 62 61 65 65
    66 69 68 66 68 67 65 62 60 60 62 61 59 58 56 58 59 59 57 62 69 69 73
    72 74 73 75 73 68 70 70 68 65 62 61 57 55 54 53 55 57 62 62 61 63 67
    66 68 67 65 66 66 65 62 60 63 65 63 61 61 61 61 63 61 59 62 64 65 67
    65 63 65 64 63 61 63 61 67 40 122 104 8 109 100 75 13 61 126 67 58
    52 43 41 55 39 64 79 36 43 115 75 116 98 27 29 40 17 87 30 117 17 63
    29 0 119 18 124 16 24 27 20 24 111 116 116 78 85 106 66 17 64 64 59
    97 89 123 39 72 10 50 111 12 53 66 65 65 65 65 66 69 67 66 68 65 60
    57 56 53 54 55 56 59 64 65 67 67 67 66 65 64 61 59 59 58 55 55 56 57
    57 62 59 60 60 60 60 57 58 58 58 60 62 62 60 62 65 66 70 69 69 69 70
    72 72 68 67 68 67 64 66 64 63 65 60 62 67 67 65 65 61 62 62 62 58 62
    61 63 65 66 69 75 75 75 75 74 76 74 71 69 66 63 61 61 60 62 63 65 63
    64 64 63 65 64 64 63 67 66 68 70 67 65 66 65 64 63 59 57 60 61 59 57
    55 57 59 60 59 62 68 70 75 75 76 75 76 75 71 70 70 69 67 66 64 59 56
    55 54 54 54 57 57 58 62 65 63 65 65 65 66 67 66 63 61 62 63 60 58 59
    58 59 62 62 60 65 65 66 67 66 65 64 63 63 61 63 61 66 123 101 100 10
    40 100 107 69 76 8 122 91 108 29 31 51 100 30 46 90 89 95 13 3 41 93
    21 35 68 2 5 70 60 68 88 115 50 97 82 32 3 48 123 27 45 84 123 63 92
    2 56 23 62 1 122 35 122 63 91 83 89 80 41 120 44 66 65 66 65 65 65
    68 65 64 66 65 62 60 58 57 57 57 57 58 61 61 64 61 62 62 63 62 61 59
    60 59 57 56 57 59 58 62 60 61 61 61 59 54 56 57 57 59 59 60 59 60 61
    61 64 64 65 65 67 69 71 67 67 68 64 61 64 63 61 64 62 62 67 68 65 65
    62 63 61 62 60 62 62 65 67 67 69 68 68 70 71 71 73 74 72 72 68 66 63
    62 60 61 62 64 62 63 63 64 67 66 67 65 68 67 67 68 65 62 63 61 59 58
    54 52 55 56 55 55 54 57 59 61 59 62 66 67 72 71 73 72 73 71 69 68 67
    67 67 65 64 60 57 56 55 56 56 58 60 62 63 67 66 67 66 67 68 66 68 64
    63 63 64 60 56 58 56 57 59 60 60 64 66 68 69 69 68 67 67 66 66 66 66
    69 74 70 119 14 31 26 62 5 98 86 5 14 63 87 82 10 56 60 92 110 36
    117 42 23 40 94 117 109 116 8 4 2 76 75 63 53 64 93 109 88 26 106
    110 54 26 56 30 118 63 6 92 33 31 65 10 104 85 34 47 55 101 57 13 69
    121 65 66 66 63 63 63 66 64 63 64 64 63 62 60 59 59 58 58 59 62 60
    62 59 61 60 60 59 56 55 57 58 55 56 58 60 59 63 61 62 65 66 63 60 63
    63 63 62 61 61 61 61 60 62 62 66 67 64 66 68 70 67 68 67 65 62 64 62
    61 63 59 58 63 66 63 63 60 61 62 64 62 63 63 64 67 65 66 68 68 71 73
    71 71 70 66 68 65 63 61 61 61 63 64 67 66 67 67 68 70 70 73 71 72 72
    73 73 70 66 65 63 62 61 55 53 55 55 53 53 52 54 57 58 56 61 66 68 71
    70 72 73 72 70 68 66 67 68 67 65 64 61 57 57 55 55 55 57 58 60 63 65
    64 66 66 67 69 67 70 67 66 65 64 58 55 56 55 55 57 57 56 62 63 67 67
    68 67 67 68 67 67 65 65 66 97 21 81 67 117 1 94 87 76 54 115 102 112
    55 30 4 41 70 35 98 13 57 101 21 28 63 19 33 58 75 121 24 112 106
    126 80 68 95 50 114 55 59 53 18 58 126 13 49 72 33 106 38 54 125 123
    80 2 57 69 44 103 19 123 100 101 64 67 68 67 66 66 69 66 64 64 64 63
    62 59 57 59 59 60 59 62 60 63 61 61 61 61 61 59 61 61 61 57 58 59 62
    60 61 60 62 67 67 65 61 65 65 65 63 63 65 64 64 61 63 66 67 66 62 62
    64 67 66 66 65 63 62 65 64 63 63 61 61 65 69 64 64 59 61 61 61 58 58
    58 60 62 60 60 67 67 69 72 70 69 70 68 68 64 62 60 60 60 61 62 66 66
    68 67 67 69 67 70 68 67 66 69 69 67 65 63 62 62 62 55 53 56 57 57 57
    58 57 59 61 59 64 66 68 70 71 75 74 72 68 66 63 65 64 62 61 62 61 59
    60 58 59 60 60 61 62 62 64 62 64 65 67 68 66 69 66 65 63 60 56 53 55
    53 54 58 58 58 62 65 66 66 66 64 63 65 65 63 62 64 66 7 52 3 36 15
    80 122 9 50 120 11 42 67 94 108 33 37 34 40 75 120 98 79 5 87 62 73
    81 20 35 89 114 65 44 80 114 81 3 38 116 34 31 95 21 3 24 110 72 112
    10 17 3 22 28 33 64 48 44 44 62 97 16 30 66 51 63 65 68 69 69 67 70
    66 65 65 65 62 61 59 56 57 59 59 58 61 56 61 59 62 61 60 60 59 63 61
    62 57 58 59 63 60 59 59 61 65 65 64 61 66 67 68 66 65 66 67 67 65 68
    68 68 68 63 62 62 63 59 60 61 58 57 60 60 60 61 59 59 64 67 64 64 62
    65 66 67 63 63 64 64 65 63 61 67 67 68 70 69 68 70 68 68 64 61 60 62
    62 62 63 66 66 68 67 65 67 64 67 66 65 63 65 67 65 65 62 60 62 61 55
    52 55 55 56 56 57 57 59 61 60 63 64 65 68 70 71 71 69 66 65 64 64 64
    64 63 64 65 62 62 60 60 62 61 61 59 60 62 60 62 61 64 65 64 68 67 65
    64 61 59 57 58 56 55 57 58 58 59 63 63 62 65 63 61 63 63 60 59 61 62
    96 119 121 1 51 106 48 91 75 7 109 90 50 105 36 30 81 122 73 12 51 8
    122 70 36 101 26 65 114 38 85 72 34 125 50 7 54 70 44 108 7 82 43 40
    40 18 9 56 113 104 71 13 106 112 88 58 93 43 49 3 18 25 72 78 44 65
    68 72 73 72 70 71 68 67 68 67 65 64 62 61 62 64 64 63 64 61 65 63 65
    63 61 60 60 64 62 65 61 62 63 67 64 62 62 63 67 67 67 63 69 69 69 67
    65 66 65 66 62 66 66 67 68 64 65 65 67 65 66 65 64 62 62 61 61 61 57
    58 61 64 62 63 61 65 67 67 62 64 65 65 65 62 60 67 67 69 71 70 69 69
    69 69 65 62 62 63 64 64 64 66 66 68 66 65 66 63 66 65 64 62 63 65 64
    64 62 59 62 61 56 53 55 57 58 60 59 60 62 63 62 63 62 62 67 67 68 70
    66 65 65 63 63 65 65 64 64 65 62 61 60 61 61 60 63 62 63 64 61 59 59
    60 60 59 62 62 63 62 59 58 57 58 58 57 58 60 59 60 63 64 62 65 63 62
    64 64 60 59 61 60 26 43 61 119 124 106 40 126 73 22 11 4 104 48 49
    114 68 39 68 42 12 24 30 27 80 49 102 107 2 96 57 25 63 111 29 33 89
    9 39 100 35 76 72 90 24 64 51 83 6 47 112 19 78 8 53 93 108 26 85 6
    127 60 1 35 120 68 71 73 73 73 72 71 69 68 67 68 66 64 62 60 60 61
    61 61 63 61 65 62 63 63 61 58 59 61 61 64 60 60 61 66 62 62 62 64 66
    67 67 64 71 70 69 65 63 65 64 65 59 64 65 69 72 65 66 65 68 63 63 61
    60 60 61 60 62 64 62 60 62 65 63 64 62 65 66 67 64 67 68 67 67 66 65
    66 66 69 72 71 70 70 69 69 67 63 62 64 65 66 66 68 68 70 68 65 66 63
    67 65 64 61 63 66 66 66 65 64 65 65 62 59 59 59 60 61 60 62 64 65 65
    67 65 63 68 66 68 67 64 62 64 63 62 63 63 62 60 64 62 62 61 63 63 64
    67 64 64 64 61 59 57 59 57 57 58 61 63 61 60 58 58 57 59 58 57 60 61
    60 64 66 63 65 64 61 61 62 59 58 60 58 63 80 63 41 83 68 115 38 51
    112 90 38 12 75 116 66 61 51 103 110 106 107 29 73 100 49 122 115 34
    103 51 46 109 86 97 29 86 118 48 38 58 65 107 67 32 19 93 49 60 83
    69 98 95 92 57 22 31 45 112 75 101 82 2 17 41 68 74 76 77 77 77 75
    71 70 68 70 67 67 65 62 63 63 63 62 65 63 66 67 67 67 65 62 61 64 64
    65 62 60 61 64 61 60 60 61 65 67 66 66 72 71 69 67 65 66 65 64 57 62
    65 67 69 65 66 66 70 67 66 63 63 61 62 61 63 65 62 61 62 63 60 61 59
    60 62 62 60 65 67 66 66 66 65 65 65 68 70 68 67 68 67 68 66 63 61 64
    64 63 62 63 63 66 64 64 67 66 69 67 64 61 62 63 63 62 60 61 64 64 61
    59 59 60 61 62 62 63 65 65 66 67 64 63 67 66 66 65 61 59 61 59 57 58
    60 60 61 65 63 65 63 66 64 65 65 63 65 65 64 63 63 64 63 62 62 65 66
    65 63 60 59 58 58 57 55 58 59 59 64 66 65 67 67 64 65 65 63 62 64 62
    7 124 63 82 11 100 108 14 43 57 52 45 91 38 13 11 104 44 106 21 87
    106 33 34 11 70 59 124 49 107 54 3 60 114 73 29 78 46 109 75 34 17
    100 61 115 25 88 42 37 59 30 82 78 37 15 66 41 63 10 34 57 43 21 79
    76 66 70 74 76 76 74 74 69 66 66 68 67 68 68 65 66 68 66 67 69 65 67
    70 69 68 67 63 63 65 66 66 64 64 66 67 66 64 64 65 68 70 67 69 75 75
    70 67 65 64 63 63 55 59 63 66 67 65 66 64 69 68 68 64 64 63 64 62 62
    62 60 60 60 62 59 59 59 62 63 62 61 66 68 66 66 65 65 61 61 63 63 64
    62 63 63 65 65 62 63 64 64 64 63 63 63 68 65 64 68 65 69 66 64 60 61
    62 63 65 63 65 66 67 66 65 64 63 64 64 65 66 66 67 67 68 66 63 67 65
    65 65 62 60 62 61 59 59 59 58 60 64 63 66 63 67 67 68 68 66 68 67 67
    67 66 65 63 62 61 62 64 63 63 61 61 59 59 58 54 55 55 54 59 61 60 61
    63 62 64 65 63 64 66 66 98 102 60 73 65 90 21 47 66 28 97 64 77 20
    32 90 1 50 125 121 72 87 91 71 21 79 121 72 123 19 0 114 124 111 72
    11 41 105 29 115 125 18 11 89 84 42 122 13 52 59 123 56 30 60 70 50
    6 35 115 78 49 50 118 85 8 67 72 76 79 79 79 79 73 68 68 69 66 67 67
    62 65 67 65 68 70 68 71 75 72 71 70 66 64 65 66 66 65 65 67 68 67 65
    64 67 71 73 73 75 80 81 77 72 71 68 65 64 58 59 63 66 65 65 66 63 67
    66 63 60 62 58 60 59 60 61 59 60 60 61 58 59 59 62 64 63 62 67 69 69
    66 67 67 67 67 67 66 66 63 62 62 63 64 61 62 64 65 65 62 62 60 65 61
    61 65 64 68 68 68 63 65 66 66 70 68 70 71 72 72 72 70 68 68 67 67 66
    68 66 67 67 66 64 65 65 64 64 61 60 60 59 59 58 56 56 57 58 59 64 63
    65 67 68 68 67 70 67 66 65 65 64 63 63 62 64 66 66 65 65 64 63 61 61
    57 57 55 53 57 58 56 57 59 59 62 63 61 62 64 64 74 39 120 6 35 111
    116 22 77 1 24 79 4 102 123 127 26 127 112 0 57 64 13 121 59 85 110
    92 29 121 94 2 74 92 121 5 21 43 61 42 55 108 43 115 103 50 10 93 25
    98 112 100 110 102 51 24 93 121 58 43 49 25 20 17 111 67 69 74 77 76
    77 76 70 66 68 68 65 66 65 61 64 66 63 65 68 67 69 73 71 71 70 66 66
    68 69 68 67 67 69 69 68 65 65 66 69 70 69 72 76 77 74 71 71 69 65 63
    57 59 63 63 63 65 65 63 66 65 60 58 59 56 58 58 58 62 61 61 61 61 59
    61 62 63 65 65 65 70 70 70 67 67 68 70 70 68 67 65 63 63 62 63 64 61
    62 65 66 65 63 61 57 61 60 59 61 60 64 63 65 60 61 61 62 65 64 67 65
    67 68 66 65 65 65 63 65 66 67 67 69 68 66 65 66 67 69 66 63 63 63 63
    61 58 55 55 55 57 58 62 63 65 66 67 68 65 67 64 63 63 62 61 60 60 60
    62 65 66 66 66 66 65 63 63 59 60 59 57 60 59 59 58 59 59 61 62 60 64
    66 66 127 68 44 31 27 23 86 97 121 110 44 19 42 114 108 80 5 48 117
    33 105 99 90 28 30 29 94 96 98 119 125 35 40 56 35 77 35 31 13 45 25
    75 69 78 78 41 59 103 65 74 19 15 14 27 49 42 16 100 118 32 15 57 45
    13 8 66 69 72 73 72 74 76 71 67 68 67 64 66 65 60 63 65 64 66 68 66
    67 73 71 69 67 62 62 65 66 65 63 63 67 68 66 63 65 66 70 70 69 73 77
    78 75 72 72 69 67 65 60 60 64 66 66 68 69 66 69 66 63 59 60 59 60 58
    57 60 57 57 56 55 54 58 62 65 68 70 72 78 76 76 70 71 73 71 71 71 69
    69 65 65 63 64 66 61 62 63 67 65 63 60 56 61 60 60 61 61 66 66 68 63
    62 61 62 65 63 66 64 65 67 68 67 65 63 61 62 64 66 65 68 66 67 65 68
    67 66 65 62 63 65 65 61 60 60 60 60 60 60 62 62 64 62 63 65 63 66 64
    65 64 64 62 60 61 59 61 63 66 66 67 67 67 65 66 61 62 61 60 61 60 61
    61 63 62 63 63 63 66 67 67 44 26 76 26 2 44 122 8 122 108 31 68 17
    49 57 86 83 82 42 31 2 45 3 25 4 21 16 36 83 36 53 22 35 57 91 51 91
    114 37 40 7 91 94 11 77 127 59 100 80 47 93 48 122 63 4 23 108 8 31
    14 91 8 90 86 80 68 69 71 69 67 71 73 67 63 67 65 65 67 64 60 65 66
    66 67 68 66 68 74 70 70 67 63 63 67 67 65 65 64 68 68 68 65 66 66 68
    68 66 70 72 74 72 69 71 70 69 65 59 58 63 66 65 67 67 67 72 70 66 61
    64 63 63 61 60 60 58 60 58 55 54 57 59 62 65 64 66 73 70 71 65 66 68
    72 72 72 71 67 64 63 62 63 64 61 62 63 67 66 65 61 57 62 62 64 64 63
    67 68 71 66 64 62 61 64 62 63 61 63 63 66 66 65 62 60 61 62 65 65 67
    66 68 66 68 68 66 66 64 64 64 65 62 61 61 62 59 61 60 64 66 65 64 63
    68 66 70 68 65 65 66 64 62 62 58 59 62 65 64 63 64 62 61 63 60 61 60
    61 60 59 61 59 61 60 61 60 61 66 66 66 79 113 19 16 92 97 46 73 2 96
    81 108 36 68 99 11 10 97 77 8 111 117 46 10 62 58 106 111 11 72 77
    93 24 16 37 13 46 46 47 23 61 110 100 28 56 9 49 116 4 36 103 34 82
    11 62 22 105 18 88 60 39 70 69 92 98 67 68 69 67 64 69 71 65 63 66
    63 64 68 62 57 60 58 59 60 60 58 61 68 65 68 65 63 62 65 65 63 62 61
    67 65 65 63 64 64 66 66 63 68 69 70 67 66 69 69 68 66 62 61 67 68 69
    69 68 68 71 70 66 61 61 62 64 62 60 62 60 62 62 59 58 60 61 63 65 65
    67 71 68 69 65 66 68 68 68 68 68 65 64 65 65 67 69 66 67 68 71 67 67
    64 60 65 65 65 66 65 67 67 69 63 61 61 59 63 62 64 62 65 65 67 66 64
    61 59 61 61 64 63 66 68 70 68 70 70 69 67 66 64 63 65 62 61 60 61 59
    61 61 64 66 65 63 64 66 64 69 67 64 63 65 65 63 63 60 60 63 66 64 61
    58 58 56 59 57 57 57 60 59 59 60 58 59 59 60 58 60 64 64 67 93 74 78
    26 15 53 103 4 67 90 65 119 67 52 9 50 117 111 97 91 78 104 56 59 16
    18 122 98 27 102 111 84 50 67 30 59 73 27 44 33 23 14 50 48 37 95 64
    83 96 14 40 77 73 73 40 123 125 55 9 66 62 35 126 92 126 65 67 69 67
    64 67 71 65 63 65 62 64 67 62 57 63 62 62 61 62 58 61 67 64 64 62 63
    61 64 63 63 63 64 69 64 67 65 65 64 65 66 63 69 70 70 69 69 72 71 70
    68 64 63 66 65 64 66 63 64 68 69 66 63 62 63 65 62 59 59 59 61 62 59
    59 61 63 64 65 65 66 69 66 67 62 63 65 65 65 65 65 62 63 64 64 67 68
    67 68 69 70 66 65 61 58 62 63 64 63 64 68 69 70 65 62 59 59 62 61 60
    61 63 63 66 65 64 58 58 59 58 61 59 63 65 69 67 68 70 69 70 67 65 63
    63 61 61 61 62 60 62 62 65 66 64 61 61 64 62 67 66 62 61 64 62 62 63
    61 60 62 67 65 64 61 59 57 58 58 57 56 58 57 57 57 57 59 60 62 60 63
    67 70 71 111 49 127 118 26 105 19 64 93 83 50 3 9 26 11 12 61 65 34
    2 123 101 115 42 117 15 51 109 101 75 27 119 104 33 121 54 10 39 21
    55 118 12 3 113 110 64 100 51 8 29 122 31 77 72 30 43 15 8 107 7 118
    114 104 93 82 66 66 66 62 60 63 66 63 61 64 61 65 68 61 58 63 60 59
    58 57 54 58 63 59 60 59 59 58 59 58 59 60 63 69 67 69 69 69 68 67 67
    65 68 68 68 69 69 70 71 70 69 68 66 68 68 68 68 65 66 67 68 66 61 61
    61 62 59 58 58 58 60 62 60 61 63 66 67 68 68 68 70 66 67 62 62 62 64
    64 65 67 66 67 68 68 71 71 68 70 71 72 68 69 64 61 64 65 64 63 64 66
    69 71 67 63 63 62 66 65 62 63 64 63 64 64 61 56 57 57 56 60 60 64 66
    69 67 69 71 71 71 69 65 64 65 63 62 62 64 60 62 63 64 67 64 62 60 64
    62 65 64 58 57 60 60 59 61 58 59 62 66 62 61 60 59 61 60 60 58 59 60
    56 55 54 54 56 57 58 55 59 63 65 67 6 65 71 67 46 127 79 97 8 22 12
    122 86 17 5 32 18 125 102 64 39 96 126 47 36 50 89 10 3 22 123 106
    38 52 110 108 103 87 70 6 25 96 60 74 16 62 62 41 2 81 40 88 123 41
    57 98 28 46 9 91 46 37 39 65 19 67 66 67 63 60 65 65 62 63 64 60 65
    67 59 58 64 59 61 58 55 52 57 59 54 56 56 58 58 60 59 60 63 64 68 68
    69 69 67 65 65 65 64 65 66 66 69 72 72 73 72 71 72 69 70 67 69 67 65
    67 66 67 65 63 62 63 62 60 61 63 61 61 63 60 61 63 64 62 64 67 67 69
    68 68 65 67 67 67 67 68 71 68 68 69 69 71 70 68 69 70 70 65 65 63 60
    63 61 63 62 65 66 68 69 66 63 61 60 62 62 59 61 62 60 63 64 61 57 59
    58 58 63 61 65 69 69 66 67 69 69 69 69 65 64 67 65 65 66 65 59 60 62
    64 66 63 60 59 64 61 64 63 58 57 60 61 62 62 59 59 61 65 59 59 58 59
    61 62 62 61 64 64 59 57 57 57 59 59 58 57 61 64 66 68 78 115 116 9
    65 119 11 77 65 73 8 104 51 96 123 10 63 73 42 105 46 83 42 69 41 43
    82 81 124 94 97 46 4 1 51 44 78 59 42 14 80 8 122 2 15 48 30 57 115
    80 124 120 100 28 41 106 98 88 41 16 87 18 88 54 114 66 63 62 57 54
    57 58 56 58 60 57 62 64 57 56 61 56 57 55 52 49 52 54 49 53 53 56 55
    59 59 61 64 64 67 66 68 67 65 62 62 63 61 62 63 62 64 67 67 68 69 69
    69 68 70 67 69 68 67 68 67 68 67 64 63 65 62 60 61 63 61 62 65 61 62
    65 64 63 66 69 68 69 68 67 65 64 63 66 66 66 69 67 68 70 70 70 69 68
    68 70 70 65 68 66 64 66 66 67 64 64 63 63 63 60 58 56 56 58 59 55 59
    59 58 61 61 59 57 63 61 60 64 62 66 71 69 65 67 68 68 68 67 64 65 68
    66 67 67 65 61 62 63 64 66 64 61 60 63 61 64 63 57 57 59 60 61 60 55
    56 58 61 57 56 56 56 60 59 61 59 62 62 58 56 57 57 59 59 57 57 61 65
    66 69 83 119 44 31 25 51 26 115 52 40 1 87 30 17 51 49 67 64 126 121
    30 51 46 75 32 47 22 8 104 59 17 29 27 36 17 56 72 98 41 79 5 126 3
    91 51 17 20 97 69 3 16 37 92 123 33 36 11 27 78 76 66 45 70 88 90 65
    63 62 58 55 59 60 58 60 62 58 62 64 58 58 62 56 58 56 53 51 54 55 50
    54 55 60 60 62 61 62 66 65 68 67 68 69 69 66 67 68 67 66 68 66 66 69
    68 70 72 73 73 71 74 70 71 69 67 67 66 68 68 65 66 67 63 63 63 62 62
    63 66 61 62 63 61 60 61 63 62 64 63 64 63 64 64 67 67 67 71 70 73 76
    76 75 74 72 72 71 68 64 66 67 65 67 67 70 70 69 68 67 66 64 63 60 59
    61 61 58 63 62 61 64 64 62 61 68 63 61 64 63 66 69 68 60 64 65 65 65
    63 60 61 66 64 66 67 66 63 64 63 64 66 63 61 60 62 60 63 63 57 58 59
    62 64 65 61 60 63 63 60 58 58 58 62 61 61 60 61 62 57 55 56 55 58 57
    56 57 59 63 64 69 24 82 93 124 82 117 109 56 80 52 66 29 45 48 15 39
    95 124 126 72 8 28 121 40 121 98 39 114 89 51 123 29 13 37 97 22 44
    68 22 105 90 121 117 5 82 80 55 69 105 1 100 113 73 103 26 14 46 62
    27 37 112 119 64 20 76 65 62 59 56 54 57 56 55 57 61 57 61 63 59 61
    63 57 55 55 52 49 51 51 46 52 54 60 59 60 59 62 67 66 67 64 67 69 70
    65 65 68 67 66 66 64 63 67 65 66 68 69 71 69 70 65 65 64 61 62 60 63
    63 64 64 64 63 62 63 65 64 66 70 67 67 68 63 61 63 63 59 59 59 61 62
    61 58 66 66 65 69 67 72 75 76 75 75 74 74 75 71 67 68 70 66 68 67 68
    68 68 67 65 65 63 61 60 59 61 61 58 62 63 62 63 64 63 63 69 64 61 64
    64 67 69 67 61 65 66 68 67 65 61 62 66 63 65 65 64 62 63 62 64 65 61
    58 57 58 60 62 59 54 57 58 61 64 64 61 62 65 65 64 61 61 60 64 63 62
    61 61 62 57 54 54 53 57 57 56 56 59 62 63 69 82 75 64 24 5 80 8 98
    125 85 9 98 53 78 97 36 115 48 117 31 72 85 9 49 103 43 49 98 26 85
    27 54 119 115 75 6 18 58 40 111 17 24 97 71 5 88 96 66 6 82 17 60
    102 124 92 71 114 121 72 6 118 75 94 121 3 63 61 58 56 55 58 57 57
    58 61 59 61 64 61 61 62 57 55 55 53 51 51 53 48 52 57 61 60 59 60 61
    66 67 67 65 68 72 72 69 71 72 72 69 68 63 60 63 60 61 62 66 70 70 71
    66 68 66 65 63 60 61 62 63 61 61 58 58 59 63 62 63 68 66 66 67 64 59
    61 63 60 59 61 63 65 66 65 64 64 64 67 68 72 73 73 73 75 73 73 74 70
    68 69 71 69 70 69 69 69 69 68 67 66 64 63 62 61 62 62 60 64 64 63 63
    61 61 62 66 60 59 62 62 68 70 67 62 66 66 69 67 63 59 63 64 64 67 65
    64 63 62 62 64 63 59 57 57 57 59 59 59 55 59 58 62 66 66 64 64 68 66
    65 63 63 63 67 65 63 64 66 66 61 57 57 56 59 57 56 56 59 62 62 68
    109 118 124 99 61 45 6 80 62 70 9 58 59 59 56 78 55 47 61 19 115 66
    37 24 65 76 59 48 30 80 56 86 107 26 86 27 2 80 10 11 15 16 88 38
    108 93 98 97 100 52 59 26 74 36 84 100 47 48 25 96 84 5 118 67 91 66
    62 58 59 59 61 59 58 58 61 58 58 58 57 59 60 58 57 58 57 56 56 57 52
    56 60 65 64 62 62 61 67 68 66 64 68 72 73 71 72 73 73 69 67 63 59 61
    58 59 60 64 67 67 67 65 64 61 61 61 56 58 60 59 60 60 56 57 59 61 60
    60 65 65 66 65 63 61 65 67 63 63 63 66 67 67 66 68 68 67 69 69 71 72
    71 69 70 67 68 68 64 63 65 68 67 70 68 69 69 69 70 70 70 69 69 67 68
    68 68 65 67 67 65 64 63 63 63 67 61 61 64 66 68 68 65 61 64 63 66 64
    61 59 62 63 64 67 63 63 63 61 61 63 62 57 58 57 56 60 59 59 56 60 57
    61 65 66 65 64 67 65 66 63 64 64 68 67 66 67 69 70 65 61 60 58 59 56
    56 56 57 62 62 68 72 91 119 87 56 114 89 119 1 12 113 22 18 96 37
    116 91 127 35 122 14 62 42 33 14 37 45 32 53 31 102 87 39 29 31 41
    47 80 8 12 38 83 102 27 15 30 89 27 24 8 16 98 50 97 83 13 77 114
    116 84 41 35 114 104 74 66 61 58 60 60 63 59 59 60 64 60 59 58 57 59
    60 56 55 56 54 55 54 55 50 54 60 64 64 61 61 61 66 67 64 63 67 72 72
    71 73 75 76 73 70 66 63 64 60 61 60 64 68 66 67 66 65 63 65 63 58 59
    59 59 62 60 57 58 60 61 61 62 64 65 66 65 62 62 65 66 65 65 64 68 70
    70 70 71 71 70 70 69 70 70 68 65 67 64 66 66 62 62 63 66 64 69 66 67
    69 68 69 68 70 67 69 67 68 68 68 66 66 66 65 65 63 62 64 67 63 62 65
    67 69 69 66 64 66 63 66 62 60 60 63 63 66 69 66 67 65 63 63 63 61 57
    59 56 56 59 59 60 59 63 59 64 69 69 67 66 68 67 67 63 64 66 68 67 67
    68 69 73 67 62 61 60 60 57 57 57 59 63 62 68 53 49 116 107 66 114 48
    70 28 121 37 35 50 44 98 66 111 94 108 125 3 89 16 85 124 81 31 69
    84 86 89 76 43 84 68 9 86 20 44 63 109 61 19 43 96 19 55 14 40 47 10
    78 25 5 16 1 88 19 35 87 8 51 60 82 50 63 59 56 60 62 65 62 60 63 65
    63 61 60 59 60 61 58 56 57 56 56 53 53 52 55 61 64 64 62 63 64 65 65
    62 61 65 68 70 69 72 74 75 73 70 66 63 62 60 60 59 60 64 63 64 63 61
    60 61 62 58 61 60 61 63 62 59 59 61 61 61 62 64 65 67 65 61 61 63 64
    64 64 61 67 70 70 71 72 72 70 70 69 69 69 69 66 67 65 66 67 65 66 64
    67 65 70 67 67 67 65 68 67 69 66 69 68 69 69 70 67 65 66 66 64 62 61
    64 66 65 65 67 69 71 71 68 66 66 64 65 63 62 63 64 63 66 68 65 65 64
    62 62 63 59 56 58 56 56 61 60 61 62 65 61 65 67 67 66 64 66 62 64 61
    62 64 66 67 68 71 71 76 72 67 67 63 62 60 60 61 62 67 67 75 54 26 66
    93 19 15 78 13 78 99 79 122 30 113 31 62 11 87 36 19 74 48 39 25 16
    119 43 103 72 62 104 14 22 64 57 116 109 71 61 30 6 92 48 48 7 101
    116 72 115 111 22 92 41 2 10 102 104 25 25 122 78 125 121 11 56 63
    60 58 61 63 64 63 62 62 65 63 61 60 60 60 61 60 56 59 58 59 56 57 57
    58 64 66 65 62 61 63 62 63 59 57 60 66 70 69 74 76 78 75 71 64 59 57
    54 54 54 56 61 61 64 65 63 62 63 63 60 62 62 61 62 62 60 61 60 61 61
    62 65 65 66 65 62 62 63 62 62 60 56 61 63 62 63 72 72 70 70 70 71 71
    70 69 70 66 68 69 67 68 67 67 64 70 68 67 68 66 69 71 72 69 71 71 72
    70 70 67 66 66 65 62 60 61 64 65 64 65 67 70 72 71 68 68 68 66 66 64
    62 62 62 60 63 65 64 64 63 62 63 62 59 58 59 57 58 62 61 64 63 65 62
    66 67 66 65 64 67 65 68 65 66 67 69 67 69 72 70 73 70 64 63 62 62 59
    61 61 62 69 69 75 104 38 108 9 82 78 43 98 80 13 108 85 89 8 92 65 3
    23 70 19 118 51 93 46 77 117 119 56 92 78 21 60 79 42 86 86 47 15 60
    126 27 62 125 69 24 36 73 99 28 91 78 101 74 33 19 48 88 57 45 6 127
    57 110 28 85 61 58 57 62 63 66 63 63 62 64 63 61 59 59 60 60 59 57
    59 59 61 60 61 62 63 68 69 69 65 63 63 61 62 57 56 58 64 67 67 72 74
    78 76 73 67 63 61 59 60 60 62 66 66 68 68 64 61 62 62 59 61 61 62 64
    67 66 65 64 63 62 63 64 64 64 63 60 60 61 59 59 57 55 60 64 65 67 68
    68 68 67 67 68 68 67 65 67 62 66 66 64 66 65 65 65 71 68 68 69 67 72
    74 74 72 72 72 73 71 70 68 67 66 66 62 60 62 63 64 63 65 67 70 73 71
    71 72 72 70 70 67 66 66 63 61 63 63 61 63 63 62 64 63 61 61 62 59 61
    65 65 67 66 68 64 68 68 65 65 64 66 64 67 63 65 68 70 70 72 74 74 76
    73 66 62 60 61 58 61 61 64 68 69 73 64 35 117 61 15 63 86 61 87 117
    15 57 16 115 100 79 3 27 126 22 6 102 111 82 118 87 52 74 64 101 9
    110 3 31 13 116 104 10 64 44 61 73 126 11 116 110 45 23 56 50 0 97
    114 90 52 65 77 84 90 44 88 112 5 17 31 63 58 56 61 64 66 64 64 61
    62 64 62 59 59 58 58 59 56 57 56 57 56 57 58 59 63 63 62 59 58 58 56
    56 52 52 55 62 63 62 68 71 75 72 68 62 60 59 58 56 57 61 64 62 65 67
    63 60 60 60 59 61 59 61 64 67 68 68 67 66 65 65 65 67 66 64 62 63 65
    64 62 59 57 62 65 66 65 69 69 68 67 66 66 64 63 62 63 58 62 64 64 67
    68 68 68 74 70 69 69 68 71 74 72 72 72 73 75 71 71 66 66 65 66 63 60
    63 63 63 64 65 66 69 70 70 69 73 71 70 70 67 67 68 65 63 65 65 63 67
    66 63 66 65 64 64 64 59 62 67 67 68 65 67 62 68 66 60 58 57 59 58 61
    57 58 63 67 68 71 75 76 78 76 69 63 62 62 59 60 60 63 66 68 71 110
    124 107 91 80 71 35 109 83 78 25 110 105 0 55 83 122 5 101 71 27 30
    26 2 116 37 15 59 65 64 42 117 5 114 122 65 120 117 108 24 105 111
    45 78 15 73 51 118 109 12 115 97 94 22 67 23 89 79 29 27 67 70 1 11
    81 61 57 57 63 67 68 66 65 63 63 64 62 58 57 56 56 58 56 57 56 58 58
    59 61 59 64 63 62 57 57 58 54 56 52 53 56 63 62 63 69 71 75 74 70 65
    63 61 60 59 59 62 65 62 67 70 67 64 65 65 61 66 62 61 64 65 65 65 63
    61 61 61 61 63 63 60 59 60 62 64 64 61 58 62 65 66 66 75 75 74 71 68
    68 64 61 59 59 55 57 59 60 65 65 64 67 71 70 71 71 70 72 75 72 72 72
    70 71 68 69 64 65 64 67 65 59 63 62 62 64 64 65 66 70 70 69 73 69 68
    70 68 69 69 66 64 68 68 65 68 66 65 69 68 69 70 71 66 67 69 70 71 66
    66 61 67 65 59 58 56 59 58 59 56 57 63 65 67 71 74 76 78 76 69 64 62
    60 57 57 58 61 65 67 70 81 111 33 96 65 123 35 38 30 114 96 97 70 54
    17 5 100 13 108 101 101 112 12 35 16 93 91 98 65 64 77 86 109 83 89
    98 108 84 20 119 68 68 4 119 40 87 28 63 24 22 19 69 98 53 101 1 44
    74 8 85 125 74 53 26 81 62 59 59 65 68 69 64 64 63 62 64 64 59 59 60
    59 61 60 59 59 60 60 60 63 62 65 64 63 58 56 57 53 52 49 50 52 61 61
    63 68 72 75 75 73 69 69 66 65 63 61 63 64 59 64 66 62 60 60 62 60 66
    62 63 66 68 69 67 65 61 61 59 60 63 64 62 62 64 67 69 67 65 60 63 66
    67 64 74 74 73 71 67 65 62 61 59 59 55 57 59 61 62 62 60 62 67 66 66
    67 68 71 75 71 73 72 71 72 69 69 62 66 66 70 69 64 67 67 68 71 68 67
    68 69 70 69 72 67 67 68 68 71 71 65 64 67 66 63 65 64 62 65 66 68 69
    71 67 67 70 72 71 67 66 62 68 66 62 61 61 61 61 61 59 58 62 63 63 68
    69 71 72 72 66 64 64 63 62 62 64 67 73 73 75 22 43 4 56 16 126 1 55
    62 42 67 76 126 77 16 85 54 1 45 14 81 26 28 96 102 117 121 85 100
    46 32 0 25 1 81 17 26 65 42 31 100 123 0 85 114 90 98 126 48 120 26
    25 25 11 51 102 85 76 21 104 94 108 123 77 38 62 60 60 64 66 69 64
    66 63 64 67 69 66 63 64 64 65 61 58 57 58 59 58 60 59 61 61 59 55 56
    59 54 54 52 53 55 63 61 62 69 73 76 78 76 71 73 69 68 66 65 65 64 61
    64 64 61 59 61 61 60 65 62 64 65 67 67 65 64 60 60 58 58 59 61 62 62
    64 66 67 67 63 59 60 61 61 58 71 71 71 70 68 65 64 63 62 61 56 58 60
    62 63 62 60 63 65 65 65 66 67 69 71 67 70 66 63 64 62 62 58 61 62 67
    67 61 65 66 65 68 65 63 64 67 69 68 70 66 68 71 70 71 70 64 65 67 65
    63 66 66 65 68 69 70 71 72 68 69 69 73 72 69 70 67 72 69 66 63 63 63
    62 62 61 60 65 66 66 69 69 69 68 68 64 62 62 62 63 64 66 70 74 74 75
    18 60 74 22 81 113 84 78 17 75 39 45 60 5 85 96 89 89 60 12 11 65
    104 3 14 74 76 40 13 87 125 97 78 111 87 36 21 64 81 15 107 119 10
    101 47 67 28 107 125 17 35 65 1 26 104 27 33 28 5 114 56 53 23 8 80
    60 57 58 63 64 69 66 66 62 65 68 68 66 62 63 63 65 61 60 60 59 61 59
    61 61 62 61 60 58 58 63 58 58 59 59 59 66 65 67 74 76 78 78 77 72 71
    66 66 64 63 65 64 62 66 68 65 63 63 63 62 67 64 64 64 67 65 63 61 58
    56 55 56 57 60 62 63 64 68 70 68 62 59 59 59 58 54 67 67 68 68 68 67
    66 65 66 63 58 59 60 61 62 62 61 64 66 67 68 69 68 69 70 64 67 63 62
    60 60 60 58 63 63 67 65 63 67 70 69 72 70 68 71 71 72 69 70 66 67 68
    67 68 67 63 63 64 63 62 65 66 66 70 72 74 74 74 72 72 72 73 71 68 69
    66 70 68 64 62 64 64 63 64 62 61 65 66 65 66 65 66 65 67 62 60 60 59
    61 62 63 65 69 70 71 106 18 114 89 104 49 52 21 21 127 30 112 91 102
    66 126 7 4 2 55 112 65 103 47 69 66 95 70 118 5 76 107 126 67 50 80
    15 70 117 120 48 105 111 62 49 27 44 15 8 25 41 39 93 14 119 104 91
    95 99 56 1 108 16 40 102 59 57 57 61 62 65 62 63 60 64 65 65 64 62
    64 63 66 62 61 62 62 65 63 64 63 64 63 63 59 59 62 60 61 61 60 61 67
    65 68 74 75 79 78 77 73 73 67 66 65 63 66 66 64 67 68 64 63 63 60 59
    61 59 60 62 65 64 64 61 60 59 57 55 55 56 56 60 61 65 68 68 62 60 61
    60 58 55 65 65 67 67 67 67 66 65 66 63 59 61 60 58 58 61 60 62 62 65
    67 69 68 69 70 64 67 63 61 61 61 61 60 66 66 69 69 67 71 73 71 72 71
    69 70 70 70 67 68 65 64 67 65 67 67 65 66 66 68 65 66 65 63 66 69 74
    73 75 75 77 77 79 75 72 72 70 74 72 68 67 69 67 66 65 62 60 63 63 59
    60 59 60 59 59 55 54 55 56 59 60 61 65 68 69 68 112 15 80 62 24 85
    101 60 48 29 105 74 61 0 102 115 85 16 16 4 127 59 17 72 80 56 49 70
    99 94 101 105 103 94 49 84 43 86 46 106 86 48 13 100 3 37 114 26 107
    89 39 18 13 31 25 103 44 40 103 8 99 36 126 27 113 62 60 59 62 61 64
    60 63 60 63 65 64 65 63 65 63 65 62 61 62 61 62 62 61 60 62 61 60 58
    59 61 60 59 59 58 58 64 61 63 69 69 73 73 71 70 71 67 66 66 65 68 66
    63 65 65 61 61 60 57 56 58 57 58 60 63 62 64 63 60 58 57 55 54 57 57
    61 63 68 70 71 67 66 65 64 63 59 63 63 66 67 67 66 64 64 64 62 58 60
    58 57 56 58 59 62 61 63 64 66 64 65 64 60 63 59 58 59 62 62 62 67 67
    70 70 68 71 73 69 71 68 66 68 67 68 67 68 64 64 68 65 67 66 63 64 64
    68 63 66 65 64 66 69 74 70 74 73 75 74 76 72 70 72 71 73 73 70 69 71
    67 67 64 61 58 61 60 59 59 58 61 61 64 61 58 58 58 60 60 61 63 65 66
    66 116 71 9 12 92 37 90 60 19 84 21 54 42 62 94 2 21 7 29 55 44 121
    117 117 11 9 111 124 75 44 17 33 90 59 109 44 67 19 29 10 92 27 35
    121 8 34 7 103 40 63 46 127 88 49 72 37 49 69 25 17 4 83 43 101 32
    64 61 59 64 63 65 61 64 62 66 68 67 67 65 67 65 68 65 64 65 63 64 61
    61 60 60 59 57 55 56 61 61 61 63 62 65 69 67 68 71 71 72 73 69 70 69
    66 64 63 62 64 65 62 65 66 64 66 63 60 58 59 57 55 58 60 59 62 63 59
    59 57 55 53 59 58 61 65 71 73 75 70 66 66 64 60 57 64 64 66 68 68 67
    64 65 67 65 63 62 60 59 58 58 57 58 54 56 57 61 60 60 60 58 62 61 60
    60 63 63 63 66 66 68 68 66 67 70 67 69 67 63 64 62 64 62 64 59 58 63
    60 63 61 61 61 63 68 66 67 66 67 67 69 74 69 72 73 74 72 73 70 69 71
    71 72 73 71 72 75 71 71 67 65 63 65 63 61 60 58 61 60 61 60 58 59 60
    63 61 62 63 65 66 67 0 102 43 104 53 87 15 127 46 93 20 111 8 19 47
    126 45 14 103 46 56 73 119 107 96 9 18 97 30 95 0 77 13 116 2 84 86
    29 11 126 127 22 26 55 14 24 52 123 56 114 87 34 127 77 40 23 103 91
    25 62 48 4 113 52 44 63 63 64 68 65 66 61 65 63 66 66 65 67 65 68 65
    69 67 66 67 64 65 61 62 60 60 59 58 57 60 64 64 64 65 65 67 69 68 69
    70 70 71 71 65 67 65 62 62 62 61 63 66 64 65 67 66 68 67 65 61 61 60
    57 57 59 56 59 62 59 58 57 54 51 56 54 56 61 64 65 69 67 64 63 62 59
    59 60 60 62 64 65 63 62 65 68 65 65 65 63 63 61 60 58 60 56 58 58 60
    58 57 57 54 56 53 52 53 58 59 59 61 61 64 65 65 64 68 67 70 69 65 66
    62 64 62 62 57 57 61 59 62 59 59 61 61 67 65 65 64 67 67 69 71 68 72
    75 76 73 74 72 74 73 73 71 73 71 71 74 72 72 67 68 66 66 64 62 60 57
    58 58 59 59 59 59 60 64 64 65 66 69 70 70 36 59 108 2 23 19 46 79 69
    72 85 19 73 64 65 0 34 65 32 13 98 120 70 69 17 76 125 95 14 37 81
    80 40 21 92 43 2 1 88 93 30 66 15 44 29 99 98 28 29 122 95 33 42 33
    57 119 93 124 101 103 22 98 101 60 113 67 65 65 68 63 65 60 62 60 63
    66 64 67 63 67 66 70 68 66 66 63 65 62 62 61 61 61 61 63 65 69 69 68
    70 70 70 71 71 72 71 70 70 68 64 66 65 61 60 62 62 65 66 64 63 65 65
    64 64 63 60 59 60 59 59 63 61 64 67 64 61 60 59 54 58 57 60 65 68 67
    70 70 68 66 66 63 62 57 57 58 62 63 62 60 65 67 64 65 67 65 63 61 61
    60 61 58 57 58 60 57 56 56 54 58 55 55 57 63 63 63 63 61 65 64 66 64
    68 68 72 71 66 67 63 65 62 60 57 54 58 57 59 55 57 59 58 63 61 60 58
    61 60 62 63 61 66 71 72 71 71 71 74 75 74 71 73 73 74 75 73 73 70 71
    68 67 65 62 59 56 55 55 57 58 59 60 64 68 69 70 71 72 71 71 70 50 49
    68 67 47 9 41 84 126 100 32 84 118 67 117 61 22 124 0 81 43 121 32
    112 10 8 111 93 82 7 36 95 22 45 11 116 113 91 57 68 106 116 113 120
    13 32 101 3 26 31 83 45 73 68 27 119 74 69 22 59 34 92 19 110 66 64
    65 67 64 65 61 62 59 62 64 62 63 61 64 63 66 62 61 61 58 60 58 56 57
    57 56 57 61 65 69 71 71 73 73 73 73 70 70 69 68 70 67 63 64 62 60 58
    60 60 63 66 65 64 66 67 66 64 61 58 58 60 58 58 62 61 65 69 67 65 64
    61 55 58 58 60 64 65 64 69 68 67 64 63 59 60 57 57 58 60 63 63 61 64
    66 63 66 69 65 64 65 65 64 66 61 59 60 62 57 56 54 52 55 54 54 54 62
    63 64 61 59 62 61 64 62 66 67 72 72 67 69 66 66 63 62 60 58 61 58 60
    56 58 59 57 63 63 62 60 64 62 63 64 62 66 71 73 71 70 70 72 72 70 68
    69 68 70 70 69 71 68 68 66 65 64 63 61 57 56 56 57 57 58 58 62 64 66
    66 68 69 70 69 68 66 64 62 63 62 65 63 63 65 66 68 64 65 57 57 56 55
    55 58 61 61 62 64 66 67 68 64 62 63 65 63 61 60 58 59 60 58 58 58 60
    60 60 61 62 60 60 63 63 62 64 65 62 70 70 69 65 63 62 61 62 61 59 62
    63 66 66 67 68 66 66 62 64 62 64 66 64 65 66 68 67 69 67 68 67 63 62
    62 60 60 59 55 57 60 64 66 70 70 72 74 74 73 73 73 69 68 70 67 62 64
    60 57 56 58 58 60 63 61 62 65 65 67 64 62 62 61 61 57 58 60 60 63 66
    65 63 64 61 55 58 59 59 62 63 62 66 68 67 65 65 64 66 61 61 59 61 63
    63 59 62 63 61 66 66 63 61 63 63 62 65 60 59 60 62 57 58 58 56 58 58
    60 61 68 69 67 64 60 62 62 63 63 64 66 71 74 69 70 68 69 66 65 64 61
    63 59 61 58 61 62 58 63 63 61 58 61 58 60 62 60 64 68 70 68 67 66 68
    67 66 63 64 63 66 65 64 67 64 65 63 61 59 58 55 51 52 52 55 56 56 58
    61 64 67 68 67 68 69 68 68 64 62 58 60 60 64 63 63 66 66 69 67 69 62
    62 61 61 60 61 63 62 63 62 64 64 66 63 62 64 66 64 62 62 60 62 63 60
    59 60 60 61 61 61 60 59 59 62 62 62 65 64 63 70 70 68 66 64 60 61 60
    60 60 64 65 67 69 69 70 67 64 58 61 58 58 61 59 60 63 66 65 69 67 67
    66 63 62 63 62 62 63 59 61 64 65 65 68 67 67 69 68 66 66 66 60 60 64
    62 58 60 57 55 54 55 53 55 58 57 57 60 61 61 60 59 60 58 58 56 57 61
    60 63 66 65 64 65 62 57 59 59 58 61 62 62 67 71 70 67 68 69 71 65 65
    63 63 64 63 60 63 61 60 66 68 66 66 67 67 67 68 62 59 59 59 56 57 59
    59 62 61 62 65 71 69 67 61 58 61 60 60 58 60 63 67 69 65 65 64 66 65
    64 62 60 63 61 64 62 62 62 59 62 60 59 54 57 54 54 56 57 61 65 67 66
    66 67 71 69 69 67 67 65 67 64 62 64 59 62 60 58 56 58 57 54 54 53 54
    55 56 57 61 63 66 68 67 68 69 69 66 63 60 58 59 60 62 61 62 66 68 69
    68 69 63 61 60 59 57 57 60 60 62 63 65 65 68 67 66 69 70 68 66 65 64
    66 65 59 60 60 61 64 63 62 63 64 62 65 64 62 64 61 61 67 66 65 64 63
    61 62 62 63 67 71 70 73 74 75 75 70 68 60 63 59 59 62 61 62 62 65 64
    66 65 63 62 59 60 60 59 61 64 61 62 65 66 65 70 68 67 69 70 69 70 69
    63 64 66 64 60 60 57 56 55 56 55 55 57 57 55 60 62 61 61 61 62 62 63
    60 59 63 62 65 68 66 66 66 65 60 63 64 63 64 65 64 68 73 72 67 69 73
    75 67 67 64 65 65 64 60 62 59 58 63 65 63 64 65 66 67 71 65 61 60 59
    58 57 56 55 57 57 58 62 65 63 61 57 55 57 56 54 52 55 60 64 65 61 62
    65 67 67 66 65 66 69 66 66 63 60 61 56 56 55 55 52 55 54 55 55 57 61
    64 65 64 65 64 69 67 67 65 68 64 66 64 62 64 61 65 63 64 62 66 65 61
    60 56 58 58 58 57 60 61 64 64 62 63 64 64 62 60 59 59 60 61 63 61 64
    67 67 68 68 68 62 63 62 62 59 59 60 60 61 59 59 61 65 65 64 67 68 67
    67 65 65 69 67 60 62 65 66 67 64 63 65 66 64 65 65 63 67 65 64 70 69
    68 65 65 61 61 62 61 64 68 69 70 72 72 72 70 68 62 63 61 60 63 62 61
    61 64 63 65 64 63 60 58 59 60 61 62 64 61 63 67 68 66 69 69 68 72 73
    72 72 71 66 66 69 66 62 62 60 58 57 57 55 54 57 56 54 58 59 58 57 59
    59 59 60 59 58 61 62 64 67 66 67 66 65 63 64 65 64 65 65 65 68 72 72
    67 68 73 75 71 71 68 66 67 67 64 65 62 58 64 67 64 65 65 65 67 71 66
    64 65 63 63 62 62 60 61 60 60 62 64 61 59 56 54 55 55 53 51 54 58 62
    63 58 58 61 64 63 60 62 62 65 65 64 62 61 62 56 56 54 54 52 55 53 55
    56 60 64 68 67 67 67 66 69 65 65 63 67 63 66 65 62 64 62 65 64 63 60
    64 63 60 57 53 53 55 55 54 56 58 62 64 63 63 64 66 64 61 60 59 60 60
    63 61 63 67 65 65 65 66 62 61 61 62 60 59 62 60 61 62 61 61 64 66 64
    68 68 65 66 65 65 66 65 58 58 60 61 61 59 60 61 63 63 65 65 65 69 66
    67 70 70 69 66 66 64 63 63 63 63 65 67 67 69 70 69 68 68 63 63 61 61
    63 63 62 64 67 66 66 64 63 61 58 57 59 59 60 63 59 61 66 67 63 66 66
    64 68 67 68 69 69 64 65 69 67 63 61 57 55 56 57 55 55 57 56 54 57 57
    56 55 56 58 60 61 62 61 64 65 66 68 67 67 66 65 63 64 65 66 66 65 65
    68 72 72 69 68 74 75 69 69 67 63 65 65 64 65 62 59 65 70 66 67 67 67
    69 74 68 66 67 66 66 64 65 61 62 60 61 64 64 62 59 55 54 54 52 49 48
    52 56 59 60 58 59 62 65 64 61 65 65 67 67 68 66 64 63 57 56 55 55 53
    55 54 58 58 62 64 67 65 65 66 64 66 62 63 62 67 64 66 63 62 64 62 64
    61 59 57 61 59 57 54 51 51 53 54 52 53 56 63 63 64 65 64 67 67 63 62
    62 61 61 64 62 64 68 65 65 65 66 63 64 63 63 64 62 65 63 63 62 62 64
    66 68 67 70 70 67 66 65 65 66 65 60 61 64 66 65 62 62 63 65 65 65 65
    64 68 65 62 63 63 62 59 60 59 60 62 63 65 66 68 69 70 70 69 68 67 63
    62 62 60 63 63 62 64 66 67 65 64 63 61 60 58 63 61 61 63 60 62 66 66
    62 65 65 64 68 67 67 68 68 64 63 69 67 66 62 58 56 58 57 54 52 54 53
    52 54 54 54 53 54 55 57 60 61 61 63 65 66 67 66 65 65 63 62 63 66 69
    70 70 72 74 76 75 71 68 73 71 69 69 68 64 67 68 68 69 65 62 65 69 65
    63 63 63 66 70 66 63 66 67 68 68 68 67 68 67 66 68 66 63 61 55 53 52
    51 47 47 50 54 57 58 58 59 64 67 66 64 66 67 69 69 68 68 66 64 60 58
    57 57 55 56 55 60 60 63 64 66 64 63 64 61 63 60 61 63 67 66 68 65 64
    65 63 62 59 59 57 60 58 58 56 53 55 55 55 54 54 57 62 64 64 63 62 66
    69 64 63 63 61 64 66 63 64 67 64 63 65 65 63 63 62 63 64 62 64 62 64
    65 66 67 68 69 68 72 71 69 66 65 65 66 64 58 57 60 63 61 58 58 61 65
    66 66 66 66 68 68 64 62 61 60 57 58 58 58 61 62 63 64 64 64 67 66 66
    66 64 62 64 66 63 66 66 65 69 69 68 65 65 64 61 60 59 63 62 63 65 62
    64 66 67 63 65 65 61 64 64 64 66 65 61 63 70 69 67 62 57 56 59 56 52
    49 51 52 51 53 53 53 52 53 55 56 58 59 60 61 64 65 65 64 65 64 62 62
    62 65 68 69 68 69 72 73 71 66 63 66 67 67 67 68 64 67 67 68 69 65 64
    66 70 67 66 65 65 68 71 69 66 66 67 70 70 70 67 65 66 66 68 64 59 58
    55 54 51 51 47 47 52 53 55 55 56 57 62 63 61 63 66 69 71 70 70 72 71
    67 64 62 62 61 60 62 60 65 63 66 65 66 65 62 64 61 65 62 63 67 71 69
    69 66 63 64 61 59 56 56 56 60 60 60 59 56 58 57 55 54 53 55 61 63 63
    62 64 67 70 66 65 65 62 64 65 62 63 66 64 64 67 68 65 66 64 64 64 62
    63 61 64 65 68 69 70 70 70 73 71 68 65 63 63 63 60 55 54 58 61 59 56
    57 59 62 64 63 63 65 66 67 65 62 60 62 57 56 56 58 59 60 64 63 65 66
    67 66 69 68 65 66 67 69 67 68 66 67 70 71 70 68 69 69 66 65 62 65 63
    62 64 62 62 64 64 61 61 63 60 63 63 64 68 65 63 65 70 67 66 62 58 57
    60 58 54 53 53 54 53 55 54 55 55 56 59 60 63 63 64 65 65 64 64 63 65
    65 64 64 64 68 69 70 69 69 71 72 71 66 64 68 69 69 69 69 67 69 67 69
    70 67 66 67 70 67 65 63 65 68 70 68 66 68 68 73 70 71 68 68 68 67 70
    64 61 58 56 55 51 51 47 47 52 54 57 56 59 61 65 65 63 63 64 66 67 65
    65 69 70 66 64 63 62 62 62 63 60 66 65 67 66 66 64 63 66 63 67 65 66
    69 74 70 69 67 63 62 61 60 58 59 59 61 61 61 59 57 57 56 54 54 52 55
    61 61 63 61 61 64 68 64 62 62 58 62 64 62 61 62 62 61 64 63 61 63 62
    63 62 60 63 61 64 62 67 68 70 70 70 73 70 67 63 60 60 60 57 53 55 58
    60 60 57 58 60 65 66 66 66 69 70 71 68 64 63 64 60 58 59 61 62 63 66
    63 65 64 65 62 65 64 61 63 66 68 65 65 64 65 66 65 64 63 63 64 60 60
    59 61 60 60 63 64 64 66 66 63 63 64 60 62 62 64 66 65 64 66 70 67 66
    62 59 59 61 59 56 56 56 57 54 55 56 55 54 55 58 57 62 65 63 65 66 67
    68 68 68 67 68 69 70 71 72 71 71 69 69 69 68 64 64 67 66 64 64 64 63
    66 65 67 70 66 65 66 71 66 65 64 66 70 70 69 65 67 68 71 68 69 68 66
    67 65 68 64 60 57 55 55 52 52 49 49 55 56 60 57 60 63 66 64 61 61 60
    62 65 63 61 65 67 64 64 62 60 60 62 63 60 66 64 66 65 66 64 63 67 63
    67 66 67 71 75 73 73 71 68 66 65 62 61 62 60 63 63 64 63 61 59 57 57
    55 54 56 59 58 61 60 59 63 67 64 65 67 62 67 68 65 64 64 63 61 63 60
    59 62 60 60 59 59 62 62 65 63 67 72 74 74 72 74 68 66 62 58 59 57 56
    53 57 61 64 65 62 62 64 70 69 68 66 67 67 70 66 62 61 63 59 59 62 62
    64 64 66 61 62 62 63 62 64 62 62 67 69 70 68 67 66 68 68 65 65 65 64
    64 60 61 59 62 59 58 61 61 62 63 64 62 62 65 62 66 67 68 70 69 70 70
    72 69 67 63 61 61 62 61 59 57 57 58 54 55 57 57 56 57 58 58 63 64 62
    62 63 65 67 66 67 66 66 67 68 68 68 68 67 65 64 66 65 62 62 65 64 65
    65 65 64 66 64 65 68 65 63 66 70 66 64 63 65 69 70 70 66 67 71 71 69
    68 67 64 67 65 65 61 58 56 55 55 52 54 53 54 57 59 62 58 59 62 63 62
    61 60 61 63 67 65 63 66 69 66 66 65 63 63 66 66 63 70 69 70 70 71 68
    68 72 66 68 67 67 71 75 72 71 71 71 69 68 64 61 62 62 64 62 63 64 65
    64 62 60 59 58 59 61 60 65 64 62 65 70 68 67 69 63 67 68 65 61 62 62
    59 60 58 59 62 64 63 62 63 67 64 68 66 67 71 71 69 68 70 63 60 57 53
    53 52 51 51 56 59 63 63 62 63 64 70 69 68 67 68 68 70 69 65 66 66 61
    63 64 65 64 62 61 56 58 57 58 57 61 60 61 66 68 70 70 68 67 69 71 68
    67 66 64 65 63 62 58 60 59 58 61 60 59 62 65 65 62 65 62 65 65 64 64
    62 64 65 67 64 62 61 60 61 62 60 59 58 59 59 57 57 58 58 55 56 57 55
    60 62 60 59 61 62 64 64 63 62 63 65 65 66 66 67 66 65 64 63 64 62 63
    64 61 65 65 64 63 65 65 66 69 66 64 66 71 67 64 66 66 70 68 68 64 66
    69 70 69 69 70 68 71 68 69 65 62 59 58 61 56 58 58 59 61 64 65 61 63
    64 64 62 59 56 56 57 60 58 56 62 68 66 67 67 66 65 68 68 64 70 69 71
    69 71 69 68 69 64 65 64 64 69 71 69 70 69 71 69 70 65 63 63 62 63 59
    62 64 65 65 64 62 62 63 64 66 64 69 68 67 69 74 74 72 73 67 69 71 69
    63 63 62 59 60 58 57 61 63 62 62 64 68 66 71 69 72 74 75 73 71 72 65
    63 58 54 52 51 52 52 56 56 61 61 61 61 62 68 66 66 65 65 64 69 65 61
    61 62 59 62 62 63 63 63 64 60 61 60 62 61 62 60 62 66 67 69 67 66 65
    68 66 65 65 64 63 63 62 63 59 61 59 58 60 60 59 62 64 65 62 63 62 63
    63 61 61 58 61 63 63 61 59 58 57 58 59 57 58 59 60 61 59 61 62 61 59
    59 61 60 64 65 64 64 64 64 65 65 63 63 64 63 65 66 67 68 68 66 65 64
    64 63 63 62 60 59 59 59 60 62 60 62 65 64 64 65 69 66 62 64 65 68 67
    68 63 64 67 67 66 68 67 66 68 67 67 65 62 58 57 59 57 59 59 59 59 62
    63 59 62 62 63 61 60 60 58 60 61 59 57 62 67 66 67 67 66 65 69 70 65
    69 69 70 70 72 71 70 72 67 68 68 66 71 72 71 69 69 72 70 72 65 62 63
    65 64 60 62 63 66 65 63 62 63 65 66 69 67 71 70 69 70 74 74 72 75 70
    74 73 71 65 62 62 59 58 56 55 59 62 62 61 63 68 68 73 71 71 74 75 72
    71 71 65 64 62 56 55 55 55 55 60 59 63 65 65 64 65 68 69 68 66 64 63
    68 64 61 57 56 54 57 58 59 61 61 64 61 63 63 66 65 66 63 65 69 70 70
    68 67 65 68 65 64 64 64 63 61 61 61 60 60 59 58 59 61 59 62 64 64 61
    63 61 61 60 58 58 57 60 60 61 58 57 56 58 58 57 55 56 58 58 58 55 58
    61 61 60 60 61 61 65 65 63 63 65 63 65 65 63 62 63 63 63 65 65 67 69
    66 65 65 64 61 61 60 58 62 62 62 64 63 62 64 66 65 62 62 64 64 62 62
    64 68 69 72 67 67 69 68 68 68 68 65 67 66 65 64 62 59 59 61 59 62 64
    64 65 67 66 64 66 66 67 63 61 61 59 61 62 58 54 59 63 62 64 63 61 61
    65 65 61 65 65 64 68 70 71 70 72 69 71 72 68 74 74 74 72 72 72 69 70
    63 61 61 63 62 60 64 65 70 70 68 65 67 69 69 70 67 69 69 68 69 72 73
    71 75 73 75 73 71 65 60 63 57 56 55 56 59 64 64 59 63 66 67 71 70 68
    71 73 72 69 68 64 63 62 58 57 55 56 56 58 57 58 60 61 59 60 62 63 63
    61 61 61 66 66 62 60 59 58 61 61 62 62 61 64 63 63 62 64 63 65 62 64
    68 70 68 68 67 65 70 66 66 66 66 65 64 63 61 61 61 60 60 60 61 59 62
    64 64 62 63 62 60 60 59 58 56 60 60 60 59 59 57 59 59 57 57 58 60 60
    61 60 62 63 63 62 62 63 63 65 65 64 65 65 63 65 65 62 63 65 63 64 66
    65 64 67 65 64 66 65 63 63 65 63 64 64 61 63 62 60 62 63 60 58 59 62
    63 63 63 64 68 69 70 66 63 62 61 63 65 66 64 65 65 66 65 63 60 60 63
    62 66 68 67 68 69 69 66 67 67 66 63 60 59 57 58 59 56 52 56 60 59 62
    62 59 58 62 63 60 63 62 62 64 67 68 69 70 67 69 72 69 74 74 72 73 72
    72 68 71 63 62 61 62 63 63 64 65 69 69 68 66 67 69 69 69 66 70 70 69
    69 70 72 71 76 73 73 71 71 64 59 60 54 54 52 54 57 63 65 60 63 66 67
    69 67 65 67 69 69 67 66 64 62 62 58 57 55 56 59 60 60 61 61 63 62 61
    62 63 62 61 62 61 67 68 66 64 64 63 65 65 64 63 60 64 64 63 65 66 66
    67 65 68 69 70 68 66 65 66 69 66 67 67 68 68 66 65 63 62 61 60 59 59
    61 58 60 61 61 59 62 61 59 62 60 58 56 59 57 57 56 56 54 59 60 59 59
    63 66 66 67 64 67 68 69 67 65 65 65 68 67 66 67 66 64 66 66 63 63 65
    62 63 66 64 62 65 64 62 64 64 62 63 65 62 66 66 64 65 65 63 64 64 62
    59 59 62 60 62 63 64 67 67 68 64 62 61 58 59 61 64 64 66 65 67 67 66
    64 63 65 65 68 69 67 68 69 68 65 65 66 65 65 64 61 59 60 61 58 53 56
    59 60 62 62 57 57 60 60 57 59 59 61 63 66 69 70 69 66 67 69 67 70 70
    67 69 69 69 65 67 60 60 60 60 61 61 62 62 69 68 68 66 66 70 70 71 66
    69 69 68 68 68 69 67 73 70 71 68 68 62 56 58 51 50 49 53 56 62 65 62
    66 69 69 68 65 62 63 63 65 62 62 61 60 61 57 58 57 59 62 64 65 65 66
    66 62 62 63 61 61 59 58 58 64 65 62 63 61 64 68 67 66 65 62 63 64 62
    62 66 66 66 65 69 68 70 67 64 64 63 67 62 64 62 64 64 64 64 62 63 63
    63 62 63 63 60 62 63 62 61 63 59 57 60 59 57 56 60 58 58 58 56 55 60
    59 57 57 61 63 64 65 62 65 66 65 64 62 61 61 62 61 59 61 62 61 64 62
    60 62 64 61 60 62 60 60 62 60 59 61 61 60 60 61 59 65 65 63 63 64 64
    65 63 60 57 57 60 58 59 60 61 65 64 66 63 60 59 56 58 59 62 61 62 63
    65 67 66 65 63 66 66 68 70 66 67 67 65 61 62 62 63 63 62 61 61 61 63
    60 54 57 60 62 64 62 56 56 59 59 56 57 55 58 62 66 67 68 67 65 66 66
    64 67 67 66 67 67 67 65 68 62 60 58 60 61 61 63 63 69 70 71 67 66 70
    70 70 65 67 67 67 67 67 68 67 72 70 70 68 70 65 61 61 54 54 54 58 59
    64 66 63 67 67 67 66 63 59 60 61 62 60 60 61 61 63 61 62 61 63 66 67
    67 67 67 68 64 63 61 60 61 58 57 56 62 64 62 62 58 61 64 65 64 62 61
    60 64 62 63 65 66 66 66 71 66 68 64 60 62 61 63 59 64 63 64 65 64 65
    63 63 63 63 62 64 64 63 65 66 64 63 64 60 59 58 56 53 51 54 53 53 54
    54 54 58 59 57 58 62 65 66 66 64 67 68 67 66 64 61 62 63 60 60 62 62
    60 62 59 57 58 59 55 52 54 54 55 59 58 59 62 63 61 60 62 61 70 70 68
    67 68 68 70 67 64 63 60 62 62 62 60 61 65 64 66 63 60 59 57 58 58 61
    62 62 62 62 62 63 63 63 65 66 67 69 66 67 66 64 61 62 63 63 65 64 63
    62 63 63 61 58 60 62 62 64 65 58 56 56 57 56 57 55 56 61 64 66 67 65
    65 65 67 66 68 68 64 65 65 66 64 67 63 62 60 62 61 61 62 60 65 67 69
    65 65 69 69 71 67 68 69 70 68 68 68 66 70 68 66 65 67 61 58 59 53 55
    55 55 56 63 65 63 64 63 66 66 62 57 57 57 58 58 56 59 61 62 62 64 64
    64 68 67 65 66 64 64 62 62 59 61 62 61 60 59 62 65 62 62 59 59 64 64
    64 61 61 60 65 65 64 67 67 68 68 72 65 67 64 60 59 58 61 57 63 61 60
    62 62 65 61 62 61 61 61 62 62 60 63 64 64 63 65 62 60 58 57 55 53 56
    55 53 54 56 57 59 58 57 58 64 68 69 69 68 71 73 72 70 68 64 65 64 63
    61 64 65 62 63 61 59 59 59 55 51 53 53 53 56 56 57 57 59 59 59 60 59
    66 66 66 66 68 69 70 68 65 65 60 62 59 58 58 59 62 61 65 63 61 59 59
    59 60 63 64 63 62 65 64 65 64 64 64 64 64 65 61 63 62 59 58 61 63 63
    65 63 62 62 62 63 61 57 58 59 59 60 61 54 51 52 53 53 55 53 55 59 63
    65 66 64 63 63 66 66 65 65 62 65 66 64 60 63 61 61 59 60 60 61 62 60
    65 65 67 63 62 66 68 69 64 66 67 66 66 67 65 66 70 69 67 68 72 66 64
    63 58 58 59 58 57 61 63 61 63 62 63 61 57 54 54 56 58 57 56 60 63 64
    63 64 64 67 71 68 66 66 65 66 63 60 56 58 59 58 59 56 60 64 62 61 60
    60 61 63 60 60 62 60 66 67 67 68 70 68 68 72 65 65 61 57 57 58 61 57
    62 62 63 66 66 66 63 65 65 63 61 59 60 58 60 61 61 60 63 62 60 60 60
    58 57 61 58 57 57 59 57 58 58 57 60 64 69 70 71 70 72 74 73 73 71 67
    68 67 66 65 67 66 64 66 63 62 61 60 56 53 54 52 53 55 56 58 59 60 58
    58 60 60 63 63 64 64 65 67 70 69 68 69 65 66 65 64 61 61 63 63 65 64
    61 60 61 61 60 61 62 59 61 62 62 64 63 63 62 64 63 61 58 59 58 57 55
    57 61 61 63 62 60 60 61 63 62 61 60 59 59 61 62 56 52 54 55 55 56 53
    52 57 60 59 60 61 61 64 67 67 67 68 66 66 66 61 58 60 56 55 54 56 58
    61 61 59 65 65 66 65 63 65 69 69 65 67 67 66 64 65 62 62 67 66 65 66
    70 65 65 67 62 61 62 62 58 63 64 60 60 59 59 57 54 51 51 51 54 54 54
    60 62 65 67 68 67 68 70 66 65 65 64 65 63 60 56 59 60 58 59 57 59 63
    61 61 60 59 58 59 57 56 58 56 62 62 64 66 67 68 68 72 65 67 61 58 60
    61 64 60 64 62 64 66 65 65 63 65 66 63 61 61 62 61 60 62 61 63 67 64
    63 62 65 63 62 65 62 61 62 64 62 62 61 59 63 66 69 69 70 69 70 72 72
    73 70 67 68 67 66 63 64 63 63 64 60 60 61 62 59 55 54 53 52 54 56 57
    59 61 59 60 64 64 64 64 64 62 64 68 70 69 67 69 66 69 69 67 63 64 66
    64 67 65 60 58 59 58 56 58 59 58 60 64 64 65 65 63 61 62 61 58 56 57
    57 56 54 56 59 58 60 57 54 55 56 58 59 59 60 59 60 62 63 59 55 56 55
    57 59 55 56 57 58 57 59 59 58 62 64 65 65 66 64 64 64 60 56 57 55 56
    56 57 60 61 61 62 67 66 65 63 61 63 66 64 60 62 64 63 63 63 60 62 66
    66 64 66 69 66 67 68 63 63 65 64 59 62 61 57 58 55 54 51 48 48 48 52
    54 56 56 62 65 65 67 67 66 67 71 66 64 65 63 65 62 60 57 59 59 59 60
    58 60 65 62 63 65 63 61 60 58 55 56 55 60 61 63 65 66 68 69 71 62 63
    59 56 59 58 62 60 65 65 66 69 69 70 66 67 66 64 63 62 62 62 62 63 64
    66 68 68 68 67 70 68 68 70 68 65 64 66 63 63 60 59 62 65 69 69 69 68
    68 69 68 70 66 63 64 64 62 60 61 58 60 60 59 61 64 67 63 58 57 55 53
    52 53 53 56 61 59 62 65 65 63 63 62 62 65 68 72 70 68 72 69 71 69 66
    62 65 66 62 65 63 60 60 62 60 59 62 62 59 61 66 66 65 65 63 61 62 61
    56 53 54 54 53 51 53 55 53 58 57 53 54 54 57 59 61 61 60 64 67 69 65
    63 63 63 63 64 58 61 59 60 58 59 60 58 61 61 62 61 62 60 61 63 60 58
    59 58 58 59 60 61 62 61 60 64 63 62 62 59 60 64 65 61 64 66 64 62 64
    61 62 65 64 62 65 70 68 69 68 66 65 65 62 57 59 59 56 58 55 53 52 49
    48 49 53 52 56 58 62 66 66 67 67 68 67 72 69 65 66 65 67 65 62 57 59
    61 60 61 58 60 63 63 64 66 66 64 63 60 57 57 55 58 59 61 65 66 68 71
    73 67 66 62 57 58 57 59 58 62 62 63 65 64 65 62 64 61 59 58 60 60 61
    60 61 64 66 68 67 70 67 71 71 71 74 72 68 67 68 65 63 61 59 63 67 70
    70 72 70 71 71 69 71 67 66 64 65 61 58 60 58 60 58 57 59 61 65 61 56
    54 53 53 53 53 52 54 58 58 60 62 62 61 61 59 61 65 68 71 71 70 74 73
    74 70 66 64 67 68 63 65 63 61 63 62 57 55 57 57 56 58 62 63 64 63 63
    62 63 62 55 54 55 54 52 51 52 52 53 56 56 54 57 56 59 61 63 64 62 64
    64 66 64 64 64 64 64 68 64 67 65 66 65 64 65 64 66 64 64 61 62 62 61
    63 60 59 61 60 60 61 61 62 62 63 61 65 62 61 62 62 62 65 68 65 68 70
    68 66 67 64 64 66 66 65 67 70 69 69 68 67 65 65 61 58 58 57 56 57 56
    52 52 51 52 54 56 55 59 61 65 69 70 70 71 71 71 73 71 65 64 64 65 63
    61 57 57 59 59 59 55 56 58 58 59 60 59 57 56 54 52 53 53 56 59 60 65
    67 69 71 72 67 65 61 59 59 58 61 57 62 61 64 62 62 63 60 62 59 56 54
    57 56 58 56 59 62 65 66 65 68 64 67 67 69 71 71 69 67 69 66 65 62 60
    62 64 67 67 69 67 69 68 67 70 68 68 66 67 62 60 62 60 61 59 58 60 64
    67 62 57 56 54 53 53 52 54 57 61 60 62 67 68 63 63 61 62 65 70 72 72
    69 74 73 72 69 63 61 65 67 62 65 65 64 67 66 62 60 62 60 57 58 60 60
    60 58 59 58 61 60 56 55 55 56 53 53 54 53 53 55 56 55 57 54 56 58 59
    59 58 58 60 64 63 65 68 70 71 74 72 74 73 74 71 68 69 67 67 66 64 62
    64 64 62 64 62 61 62 62 61 62 62 62 62 62 60 61 58 58 60 60 61 65 66
    65 68 70 68 66 67 65 66 68 68 66 68 71 71 71 70 69 67 68 63 61 62 61
    60 62 59 57 58 57 56 57 59 56 60 61 64 68 68 69 71 71 70 72 70 64 66
    65 66 66 63 57 57 59 56 58 55 56 57 58 59 59 58 54 53 50 50 53 52 56
    60 62 65 68 71 71 73 67 64 61 59 60 58 61 57 63 63 65 63 61 60 59 62
    58 55 54 56 56 59 56 59 62 64 67 66 70 65 67 66 67 69 68 65 63 66 64
    62 62 61 64 66 70 71 72 73 73 73 73 77 73 74 71 70 67 63 65 62 63 58
    58 60 63 65 60 55 55 55 55 56 54 56 60 64 64 67 71 70 61 61 58 61 64
    69 72 73 71 77 77 77 73 67 64 67 69 63 64 64 64 66 66 61 61 61 60 57
    58 61 62 62 59 61 61 63 63 58 56 56 57 53 54 52 52 52 55 57 56 57 56
    58 60 61 59 58 58 60 62 63 64 67 70 72 76 74 76 74 75 74 69 70 67 68
    66 66 65 65 65 63 66 63 62 63 60 61 63 62 61 61 60 59 60 57 57 60 61
    62 67 68 68 73 74 72 72 72 69 69 69 68 66 67 69 70 69 68 69 67 68 63
    62 63 62 62 62 62 59 61 60 60 62 63 61 65 66 68 70 70 70 70 71 70 71
    68 64 65 65 67 67 63 58 59 58 57 56 55 55 55 55 57 58 57 55 53 50 50
    52 52 56 59 60 64 67 70 72 74 69 67 64 61 62 61 63 58 62 63 65 65 62
    62 61 64 58 56 54 54 54 55 53 55 61 61 64 64 69 67 68 68 70 72 71 70
    66 67 65 62 59 58 61 61 67 68 69 71 71 72 72 76 71 72 70 69 65 62 63
    62 62 59 59 62 66 67 64 59 61 61 61 61 60 60 63 66 66 67 70 68 61 61
    59 61 64 68 70 71 70 74 74 74 71 65 63 67 67 62 63 64 64 65 65 61 60
    62 59 57 58 64 64 63 62 63 63 63 62 58 55 53 56 52 53 53 52 51 55 58
    56 58 58 59 61 60 58 58 58 60 61 65 65 69 73 74 77 74 76 74 76 75 71
    72 68 69 67 67 67 67 67 63 67 65 63 64 61 62 64 64 65 65 67 66 65 62
    60 63 62 63 66 66 68 74 75 74 74 73 72 71 70 68 66 66 67 68 67 66 67
    65 68 66 64 64 62 61 63 62 57 58 60 60 60 63 61 65 68 69 70 70 72 70
    70 69 69 65 64 64 65 65 67 63 59 60 57 57 56 56 57 55 57 59 61 61 58
    57 53 54 56 56 59 62 63 65 67 71 72 74 69 66 63 62 64 63 63 60 64 66
    68 67 63 61 60 63 58 55 54 53 54 57 55 57 62 61 63 63 67 65 66 65 66
    69 67 69 64 63 62 60 61 61 64 61 67 68 69 71 71 69 70 76 70 73 71 70
    67 66 65 62 62 60 60 63 66 67 64 61 65 65 66 67 65 65 70 72 70 71 74
    70 62 62 60 62 65 68 70 71 69 74 75 75 72 68 66 69 69 65 64 64 64 64
    63 58 57 60 56 55 57 62 64 65 64 63 65 64 64 58 55 54 57 54 55 55 53
    53 55 58 55 56 58 58 61 61 61 60 61 64 63 68 70 72 76 78 79 76 80 76
    75 74 69 70 66 67 64 63 64 66 66 63 66 67 67 69 65 64 67 66 66 65 67
    65 66 63 63 65 65 67 68 68 70 74 74 74 74 72 70 67 67 65 63 64 65 65
    65 66 67 68 69 67 65 65 65 64 65 61 59 61 63 65 65 67 64 69 72 72 70
    70 72 72 72 70 68 65 65 64 64 64 65 63 61 61 58 58 56 57 58 56 57 58
    58 58 56 54 51 50 52 52 55 59 61 66 67 73 75 76 72 69 67 63 66 63 62
    59 64 66 65 66 61 60 60 61 56 55 55 54 55 59 57 59 62 63 64 63 67 64
    66 64 65 67 65 67 63 62 60 60 60 59 60 57 63 63 64 66 67 66 69 73 66
    71 68 67 63 61 61 60 59 56 58 61 66 68 64 61 66 67 68 69 64 64 70 73
    72 73 75 71 66 66 62 63 66 67 68 70 67 70 72 73 68 65 65 69 69 65 66
    66 67 66 62 56 56 59 56 55 56 62 65 66 65 65 66 66 67 63 60 59 60 56
    57 57 55 55 58 60 59 60 63 62 64 61 60 60 61 64 62 67 71 74 77 79 81
    77 80 78 76 77 72 71 67 68 64 63 64 64 65 63 67 68 70 71 69 68 69 67
    65 64 65 62 61 60 61 63 63 66 66 67 68 70 71 71 71 69 68 67 65 65 62
    64 64 65 64 64 67 68 69 67 68 66 66 67 68 65 64 66 67 71 71 72 68 73
    75 75 72 68 70 69 69 68 67 64 64 65 65 65 65 63 61 59 56 56 55 55 57
    55 55 58 58 57 55 54 51 51 54 53 56 60 62 66 67 71 73 73 70 68 68 65
    66 64 63 62 67 68 67 67 63 62 62 62 58 57 58 55 57 61 60 62 63 63 63
    63 67 64 64 63 66 67 67 70 65 63 61 62 62 62 61 58 65 65 66 67 69 67
    70 75 69 72 70 69 63 64 63 62 58 57 58 62 67 65 61 59 65 65 66 66 61
    61 67 69 66 68 70 66 66 66 63 65 66 66 68 70 67 71 73 71 67 67 69 72
    71 66 65 67 70 70 65 59 61 64 60 58 59 62 65 65 65 65 68 69 67 66 64
    64 65 61 62 63 62 61 64 66 63 66 68 66 66 64 61 60 62 64 62 67 71 73
    79 81 82 79 81 79 79 79 71 71 68 68 64 63 64 66 69 68 70 69 72 73 70
    67 66 62 61 61 62 59 59 58 61 65 65 68 67 69 70 72 73 71 70 67 66 64
    62 61 59 61 61 63 64 63 66 67 68 66 69 67 66 69 69 67 66 69 70 71 71
    71 69 72 75 73 70 70 71 71 69 69 66 64 65 63 62 62 64 61 59 58 56 55
    56 55 56 56 57 58 56 56 55 56 54 53 56 55 60 63 64 67 67 71 71 73 69
    70 69 66 66 65 64 62 66 66 66 65 63 59 61 62 59 57 56 55 57 60 57 60
    60 61 61 60 63 62 63 63 64 66 67 69 65 64 63 64 67 67 66 63 69 68 71
    70 70 70 73 77 71 74 72 72 68 69 68 67 64 62 61 63 66 63 60 58 63 65
    66 69 65 64 69 71 70 70 73 68 70 70 67 67 68 70 68 69 65 70 72 69 64
    64 66 68 68 64 62 65 68 68 64 58 60 62 60 57 57 59 62 64 63 64 66 69
    69 70 68 69 69 65 67 66 64 62 64 66 64 66 68 68 68 66 63 61 61 62 59
    62 66 69 75 78 81 80 82 82 81 80 75 72 68 67 64 61 63 64 66 65 68 68
    70 70 69 67 65 63 62 62 64 62 60 60 64 67 67 70 68 70 71 73 73 70 69
    66 65 63 61 59 56 59 58 60 60 61 64 67 69 68 72 69 68 70 70 67 67 70
    70 73 74 71 69 71 73 72 70 68 69 71 68 68 64 61 62 61 61 58 60 59 59
    58 55 55 55 55 56 56 55 55 53 52 50 50 51 50 55 56 61 64 67 70 69 72
    72 73 68 68 68 66 67 66 65 63 66 68 67 68 64 63 65 65 64 62 60 58 61
    62 59 61 60 59 59 60 63 63 63 62 63 65 65 66 62 62 62 63 66 67 67 64
    70 68 68 68 68 69 73 75 70 74 74 73 71 71 69 69 67 65 65 68 70 67 64
    61 66 67 66 67 64 63 67 71 70 72 74 69 68 68 66 66 67 69 66 67 65 69
    70 68 64 63 65 66 65 62 62 65 66 65 65 60 62 65 64 60 60 61 65 67 66
    67 67 70 69 71 69 67 69 64 66 67 67 64 66 69 65 68 70 70 69 66 61 60
    61 65 60 62 66 70 76 77 78 75 78 78 76 74 71 70 67 66 63 61 63 64 65
    65 67 68 71 70 69 68 66 65 66 64 65 63 63 64 66 68 66 70 69 69 70 71
    70 68 67 65 63 61 58 55 52 55 57 59 61 62 67 70 73 71 74 70 69 71 70
    66 66 70 69 73 72 70 68 69 70 70 68 65 67 68 66 66 64 61 61 60 58 55
    58 58 57 57 57 58 59 62 64 63 61 60 57 57 57 58 58 56 61 61 65 67 68
    69 67 71 71 72 68 68 70 66 68 65 64 64 68 71 69 72 69 69 71 69 69 67
    64 61 63 63 62 64 62 59 60 62 64 66 64 63 65 68 67 67 62 61 62 62 65
    64 65 62 69 67 65 67 65 65 71 72 65 70 71 70 70 70 66 67 65 62 62 63
    65 62 61 60 63 65 66 69 66 66 68 71 72 74 73 68 61 61 59 59 61 63 60
    62 62 66 69 69 65 66 68 69 66 64 61 63 64 62 62 58 60 62 63 61 61 63
    67 70 69 70 69 71 71 73 69 70 72 67 68 68 67 64 66 67 62 67 70 69 69
    66 64 61 64 66 60 63 66 69 73 74 74 70 72 72 71 70 67 66 64 65 63 63
    64 64 65 64 66 66 68 66 66 66 65 66 68 67 69 68 67 69 69 70 67 70 68
    70 71 71 70 69 68 67 65 61 57 55 53 56 57 58 59 62 68 71 72 68 71 67
    66 68 67 65 66 71 70 75 73 71 70 69 71 70 68 65 67 67 63 64 61 57 58
    56 56 53 57 57 58 59 59 61 60 63 63 64 62 60 58 58 58 59 60 57 62 63
    66 67 69 70 67 71 71 71 67 69 69 66 67 67 66 66 69 70 68 71 68 67 68
    65 65 64 62 59 62 63 64 68 66 64 63 64 66 67 64 63 64 65 65 66 63 62
    63 64 65 64 64 62 68 63 61 61 62 62 68 67 61 66 69 69 67 70 66 67 67
    65 65 65 67 63 60 61 63 65 65 68 67 66 68 70 71 71 69 65 68 68 66 64
    65 66 60 61 61 63 65 64 61 64 67 68 65 63 62 64 65 63 63 58 61 64 65
    64 64 65 68 71 72 70 68 70 69 71 68 68 68 63 64 65 64 59 61 63 60 65
    67 67 68 68 67 64 66 66 61 62 65 66 68 70 70 68 70 70 70 70 68 68 66
    66 65 64 65 65 65 66 65 66 66 66 65 65 63 64 65 65 70 68 67 68 69 68
    67 70 67 69 69 68 66 66 63 62 62 59 56 53 54 57 60 60 59 62 67 70 70
    65 68 63 64 66 65 64 65 69 68 72 69 66 65 62 65 66 65 63 65 67 64 66
    61 58 59 58 57 53 57 58 62 61 62 61 62 65 65 66 63 63 60 60 60 60 61
    57 61 61 65 67 69 68 65 71 70 69 66 66 67 67 68 66 65 68 70 70 68 70
    69 69 71 67 68 67 66 62 64 65 64 67 65 64 64 66 66 66 65 64 64 65 65
    63 63 63 65 67 69 70 68 69 71 66 65 64 62 61 66 64 60 66 68 67 67 70
    68 68 67 64 62 62 63 59 55 58 60 61 62 65 65 66 68 69 71 71 70 66 68
    68 64 64 65 65 59 61 59 63 66 64 61 64 68 67 65 64 62 66 66 66 66 64
    68 69 71 67 68 68 71 73 71 71 68 72 72 72 71 71 72 67 68 65 62 59 59
    58 56 60 62 63 65 67 65 64 65 65 59 60 64 65 68 69 69 69 73 75 73 71
    70 69 70 69 66 63 64 65 67 68 66 66 68 68 66 66 63 62 62 62 64 62 65
    66 68 69 68 71 68 72 70 68 67 64 63 61 61 59 56 56 56 59 63 65 64 66
    70 71 69 64 66 60 63 63 63 63 64 68 66 72 69 67 67 63 68 70 68 66 67
    66 62 64 58 57 58 57 57 57 60 62 64 61 62 60 59 60 61 62 60 61 58 59
    61 62 62 59 62 62 66 66 66 65 62 66 65 64 62 64 66 66 67 66 67 69 70
    71 68 71 71 70 72 69 69 69 67 63 63 63 61 65 64 63 63 67 67 67 66 65
    64 65 67 62 64 65 65 67 70 72 69 71 73 68 67 63 60 58 61 60 55 62 64
    64 65 68 69 68 68 64 61 62 64 60 55 59 59 62 63 66 66 65 68 68 69 70
    69 65 68 68 65 64 62 64 58 58 58 60 62 62 62 63 67 68 65 64 62 65 63
    63 63 59 63 63 67 63 65 64 67 69 70 71 68 74 72 74 73 73 72 67 69 65
    63 58 58 56 56 61 62 63 66 67 65 67 65 65 60 61 62 65 66 65 66 64 69
    70 70 69 68 69 70 70 68 65 65 64 67 66 65 65 65 66 65 65 63 64 63 62
    65 62 64 63 65 68 67 70 67 71 71 71 70 67 64 63 64 63 60 59 59 62 66
    67 67 67 69 69 68 64 66 61 61 61 61 62 61 64 61 64 62 61 62 59 63 67
    67 67 69 70 64 65 60 57 56 56 55 54 58 61 61 60 61 60 60 62 62 64 64
    64 62 62 64 64 67 64 67 68 72 72 70 67 64 65 64 62 60 63 65 66 66 66
    67 69 69 69 69 71 72 71 71 69 69 69 64 61 61 61 60 62 63 61 62 65 65
    65 65 66 64 62 67 63 64 64 65 66 69 75 72 75 75 72 71 69 65 61 65 62
    58 64 65 65 65 69 68 67 68 62 59 59 61 57 54 59 60 64 65 68 69 67 68
    66 67 65 65 60 68 68 65 63 62 65 58 58 57 60 62 62 61 62 66 67 63 61
    59 63 62 62 63 60 65 66 71 67 67 67 69 70 69 70 66 71 69 71 68 68 69
    64 67 63 61 56 55 53 52 57 57 60 64 65 65 66 64 63 57 57 57 60 61 60
    63 63 67 69 68 68 67 69 70 68 66 64 65 64 66 64 64 66 66 67 64 66 65
    65 64 63 65 63 67 66 67 69 70 71 70 75 75 76 75 73 69 69 69 66 62 60
    61 62 65 67 66 68 69 68 68 65 65 61 61 58 57 57 56 58 56 59 57 56 59
    57 62 66 69 69 72 73 68 68 63 60 58 57 55 53 57 62 63 63 63 61 62 64
    64 64 63 64 63 65 67 67 68 65 68 69 72 70 69 65 64 66 64 62 60 62 63
    66 65 65 66 68 68 68 69 71 72 71 70 67 66 67 61 57 56 55 55 59 60 59
    61 65 66 68 68 67 64 62 66 62 64 63 63 63 68 74 70 74 72 69 71 69 64
    60 63 60 57 64 64 64 66 69 69 68 69 63 61 59 60 57 54 59 62 65 67 69
    71 68 69 67 68 67 65 61 66 66 65 63 63 65 58 57 58 59 60 59 59 58 62
    63 59 58 58 60 59 61 63 61 65 67 72 71 71 72 74 75 74 74 69 73 71 73
    69 68 70 66 68 63 61 56 54 53 52 57 58 61 66 66 68 69 68 66 60 59 59
    60 60 58 60 60 62 64 62 62 63 65 67 67 66 64 65 62 61 59 59 62 62 65
    64 67 68 70 68 67 70 67 70 70 71 71 72 74 73 77 76 76 76 75 72 72 74
    71 68 66 66 66 70 68 67 68 69 69 67 64 63 61 61 58 58 58 58 61 58 61
    60 61 61 59 62 65 68 66 68 69 66 68 64 63 62 63 61 58 60 64 65 63 62
    60 60 63 64 63 63 65 64 65 68 66 66 63 65 63 66 66 65 62 61 63 63 63
    64 63 66 69 67 65 66 67 67 66 66 68 69 71 70 67 65 67 62 59 57 55 55
    60 61 60 61 64 65 68 67 65 64 61 64 61 64 63 63 63 66 72 69 74 72 69
    68 67 65 62 65 60 58 65 64 65 64 65 64 63 64 59 58 57 58 56 54 60 62
    65 65 66 67 67 69 67 67 66 67 65 62 62 60 59 59 60 56 55 56 57 59 57
    56 57 62 63 58 57 57 59 60 60 60 59 64 67 72 73 73 74 75 76 74 72 68
    70 66 68 65 64 68 65 66 62 62 58 54 53 51 56 58 60 64 63 66 69 68 67
    63 63 61 63 63 58 60 59 60 61 61 62 61 65 67 69 68 66 67 65 65 62 61
    64 64 66 64 67 68 69 67 68 70 67 73 71 72 72 74 76 74 76 74 75 74 75
    73 73 75 73 71 70 72 71 73 72 72 74 75 72 69 67 65 61 60 57 56 56 57
    58 57 58 56 58 59 59 62 65 67 67 70 70 68 68 66 65 65 65 64 62 62 65
    65 64 64 61 59 61 64 63 63 64 63 65 69 67 66 64 65 62 65 64 61 59 57
    59 59 60 61 63 63 68 68 66 67 69 69 67 68 67 68 69 68 65 62 64 60 57
    55 55 55 61 62 61 62 64 64 65 64 61 61 60 62 60 63 62 62 62 65 68 65
    70 69 68 70 69 65 62 64 61 59 63 61 61 62 63 63 59 60 58 56 55 56 54
    52 59 63 66 65 66 67 67 70 68 65 64 66 65 64 64 60 57 60 60 56 55 55
    55 57 58 55 57 63 65 60 60 60 62 64 63 62 60 65 66 71 72 72 73 75 76
    73 72 69 70 65 67 64 64 68 67 66 64 64 59 55 53 50 54 56 56 62 63 66
    69 68 66 62 62 59 61 59 57 61 59 61 62 61 61 62 65 64 66 66 65 65 62
    63 61 62 64 62 64 62 66 66 67 64 64 67 65 70 69 72 70 71 72 70 72 69
    70 67 68 69 70 73 72 71 73 74 75 77 74 75 77 76 71 67 65 63 61 58 55
    55 57 59 59 56 57 56 58 59 58 62 63 66 66 69 70 68 69 66 66 67 69 67
    67 65 67 66 66 62 58 56 56 60 60 61 62 63 64 67 64 63 63 62 59 61 61
    61 60 59 58 58 58 59 63 62 66 66 66 68 69 68 64 66 64 64 65 63 61 59
    62 59 56 56 56 56 61 62 61 63 65 63 62 63 60 60 57 59 59 64 62 62 64
    66 70 66 70 68 68 70 68 67 64 66 63 62 63 60 61 61 63 63 58 58 57 55
    56 56 55 53 61 66 68 68 66 67 67 68 65 60 59 62 61 66 66 63 60 62 61
    58 56 54 53 53 54 52 54 59 61 59 58 61 64 66 65 65 62 65 67 70 70 68
    70 73 74 72 69 66 67 61 63 59 60 64 63 64 62 62 59 56 52 50 53 55 55
    62 62 64 67 64 64 60 60 57 58 57 56 61 59 61 63 62 63 64 68 69 72 69
    67 67 64 65 63 64 67 66 69 66 69 68 67 63 62 65 61 68 67 70 70 70 70
    67 70 68 69 68 69 71 72 75 75 76 78 80 79 80 76 77 78 77 71 67 67 65
    63 61 58 57 58 57 56 54 54 55 56 56 57 59 61 62 63 66 68 69 70 69 70
    71 72 68 69 66 69 68 66 64 62 61 60 64 63 63 64 64 64 68 66 65 65 62
    61 61 62 60 58 55 53 55 55 58 60 58 62 63 64 66 68 67 63 66 65 66 68
    65 62 60 62 60 55 54 54 55 60 59 59 61 65 62 62 62 61 61 61 62 63 68
    66 66 65 67 69 65 68 66 66 68 68 66 64 65 63 64 64 61 63 63 63 64 59
    57 57 56 56 55 56 57 63 67 70 69 68 69 68 68 65 62 60 63 62 59 59 57
    57 59 58 56 54 53 53 54 53 52 52 58 61 61 61 63 65 67 66 66 63 66 65
    69 69 67 70 72 72 69 70 67 68 64 65 61 65 68 66 67 66 65 64 61 57 54
    57 59 58 63 62 62 65 63 63 61 62 60 62 63 60 65 62 62 63 60 60 61 65
    65 67 66 64 65 62 62 59 62 65 65 67 66 70 70 69 65 65 65 63 67 65 69
    68 68 68 68 70 70 71 71 73 75 75 77 75 77 78 77 78 77 74 74 77 76 70
    66 67 66 66 61 58 58 57 58 55 55 56 58 58 57 60 62 62 62 62 63 64 65
    65 66 69 71 71 69 70 66 70 67 66 64 62 61 59 64 61 60 59 60 63 67 65
    63 66 64 63 62 61 59 59 56 53 54 55 57 59 59 63 63 64 67 67 67 64 67
    64 65 66 63 60 57 59 55 53 53 52 54 59 59 59 61 64 61 62 61 60 60 60
    61 62 65 62 62 63 64 65 62 64 64 64 66 65 65 65 66 65 65 65 61 63 63
    62 62 59 57 60 60 61 61 64 65 70 72 75 72 70 69 67 66 64 60 58 61 61
    59 59 58 57 58 56 54 52 52 51 52 50 50 52 58 61 63 64 64 66 68 66 63
    59 59 58 62 65 64 67 69 69 68 68 66 65 62 65 62 65 67 66 66 66 65 62
    60 56 54 59 61 59 63 62 62 64 63 63 61 62 58 61 61 60 64 61 59 60 58
    58 61 63 62 64 66 64 65 61 60 58 62 64 63 65 64 68 70 69 66 64 66 64
    68 67 70 68 68 68 66 69 68 69 68 70 71 72 73 71 74 76 76 77 77 74 74
    78 77 73 70 71 71 72 68 65 63 63 62 60 58 57 59 59 58 59 60 59 59 59
    60 61 64 63 66 70 71 71 69 70 65 68 65 65 64 62 62 61 67 64 63 62 63
    65 66 63 61 63 61 61 61 62 63 63 60 57 59 60 60 61 60 63 66 66 68 66
    67 65 67 66 63 65 64 60 58 61 57 55 56 55 58 63 62 60 62 63 61 62 62
    60 61 62 63 65 66 63 62 62 63 62 59 62 63 63 66 66 66 67 68 67 68 66
    64 67 66 62 61 59 59 62 62 62 60 65 66 70 70 72 70 69 69 68 65 63 61
    60 60 60 57 57 55 56 57 53 51 52 51 52 53 49 50 54 60 60 63 63 64 67
    70 68 66 63 64 63 67 70 68 71 72 71 69 71 68 66 65 65 63 67 69 67 66
    68 68 65 63 59 56 59 62 59 62 61 59 62 64 65 64 65 63 63 65 63 66 63
    60 60 57 57 60 62 60 63 66 65 68 63 60 61 64 66 66 68 65 71 73 71 69
    69 69 67 71 70 74 71 69 69 68 70 69 69 67 70 71 70 71 69 72 73 74 75
    74 73 72 75 74 71 68 69 68 68 67 66 64 66 65 63 61 61 64 63 62 62 64
    61 61 60 58 58 60 59 62 68 71 72 70 71 68 71 69 67 64 60 61 59 63 61
    60 60 62 65 66 64 61 62 59 59 59 61 62 62 60 57 60 60 60 61 61 63 64
    64 65 64 66 63 64 62 60 62 63 60 57 59 56 54 57 56 58 62 63 62 64 64
    64 65 63 60 62 63 64 66 67 65 65 66 66 62 61 64 63 62 64 62 63 65 64
    64 65 64 63 68 67 62 64 61 60 65 65 64 62 66 66 69 69 68 64 64 64 65
    64 63 63 64 66 66 53 53 55 56 57 53 52 52 53 51 50 45 48 51 56 58 61
    62 64 67 67 67 67 62 63 64 66 69 67 69 70 69 67 66 65 63 63 64 64 67
    68 68 66 69 67 67 64 62 59 62 63 60 62 61 58 59 62 63 63 65 62 64 66
    66 67 64 62 61 59 58 60 60 60 63 64 63 65 60 58 60 61 63 62 65 65 69
    72 69 68 68 70 69 69 69 72 70 66 65 62 63 63 64 61 63 66 65 68 67 70
    72 72 73 74 73 72 74 73 69 67 69 70 71 70 69 70 73 71 71 67 66 69 70
    66 65 65 60 60 60 57 55 57 55 60 67 68 68 67 70 68 70 66 63 60 58 59
    57 61 59 60 59 61 62 64 63 62 64 61 63 62 64 64 64 60 57 58 58 57 57
    58 58 60 61 62 60 62 61 62 61 59 60 62 58 57 59 58 57 59 59 60 65 65
    62 64 65 64 64 62 59 59 62 61 63 63 63 63 63 63 60 60 62 63 63 65 64
    66 66 65 66 66 64 63 68 68 64 66 62 62 66 66 65 63 67 66 69 68 68 64
    64 64 66 64 65 66 66 67 67 60 60 61 61 60 57 53 54 52 50 48 46 49 52
    56 56 63 64 65 66 64 63 65 60 60 59 62 64 63 67 66 67 64 65 63 62 62
    61 61 64 64 64 64 68 67 67 66 64 63 62 62 59 60 58 55 56 58 60 60 61
    59 61 65 64 66 62 62 61 60 60 59 58 59 63 63 62 65 60 59 63 64 65 66
    69 66 69 70 66 65 65 65 63 66 64 68 67 64 61 59 61 61 62 60 61 64 64
    67 66 67 70 72 73 73 75 73 75 73 69 68 71 72 71 70 70 72 75 72 68 64
    63 66 65 62 63 64 62 61 62 58 56 56 52 54 60 61 60 58 63 61 65 63 61
    60 58 61 58 62 60 60 59 61 63 63 62 61 64 62 66 66 67 68 67 64 59 59
    57 55 56 54 56 58 60 61 61 64 61 63 61 58 58 59 56 54 57 57 56 60 61
    64 67 67 65 67 66 64 63 59 56 57 58 57 58 58 58 59 60 59 58 57 59 61
    63 65 65 65 65 63 65 65 63 63 66 68 64 68 64 64 67 65 66 64 70 69 71
    69 70 68 69 68 66 61 61 62 61 59 57 60 60 61 61 59 54 50 51 51 50 49
    47 53 57 61 60 65 64 65 66 63 62 65 59 58 60 60 62 62 65 64 66 64 66
    66 63 64 61 61 65 64 64 66 69 68 67 68 64 64 62 61 58 58 59 56 57 59
    63 63 63 61 63 65 67 66 61 60 59 58 57 57 54 57 62 63 64 66 62 60 64
    62 64 64 67 64 67 69 65 66 65 64 61 62 61 65 65 61 59 59 62 64 66 64
    65 68 67 68 67 66 67 69 70 70 72 69 71 69 66 66 69 69 69 70 70 73 76
    70 67 65 63 66 66 64 63 65 63 63 63 61 57 56 52 55 60 60 59 56 62 62
    65 63 59 59 59 64 61 63 63 64 65 67 67 64 64 63 66 63 66 65 69 70 71
    69 63 64 61 59 58 57 57 57 59 60 61 63 62 64 63 62 62 61 59 59 61 61
    60 63 63 67 68 68 67 69 68 65 64 58 56 57 57 56 58 58 59 61 63 61 59
    57 59 60 60 63 61 62 61 62 63 63 63 62 64 66 63 68 65 65 68 67 68 66
    72 71 72 72 72 70 70 69 65 59 59 60 59 57 53 58 58 61 62 60 56 52 52
    52 52 51 48 54 56 58 58 63 63 63 63 58 58 61 56 55 57 59 62 63 65 63
    64 62 63 62 60 62 60 61 66 64 63 64 65 63 63 64 62 64 62 62 59 58 60
    57 58 60 63 63 65 64 64 67 68 65 62 59 57 57 57 54 52 56 61 62 64 66
    62 60 64 60 61 63 67 64 68 69 64 65 65 62 60 61 59 63 65 63 62 63 63
    65 68 67 68 69 66 67 66 65 66 67 67 68 72 70 70 69 66 67 70 71 71 72
    74 75 79 73 70 69 67 69 70 70 69 71 69 68 66 64 58 57 52 55 59 60 59
    56 61 63 66 63 59 61 60 65 63 62 61 62 65 66 66 64 64 63 67 65 67 67
    70 69 70 68 64 65 62 59 57 57 56 57 58 56 58 61 62 62 62 61 62 63 62
    60 61 63 63 65 65 69 69 67 68 66 65 64 64 58 58 60 59 59 60 59 59 61
    62 62 60 58 61 61 61 63 62 60 61 60 61 60 59 58 59 60 58 63 62 65 68
    70 70 69 74 72 72 70 71 69 71 70 68 63 65 65 65 63 60 55 55 58 60 58
    56 53 53 54 55 55 52 58 59 60 61 63 63 63 62 55 56 58 55 57 60 59 63
    65 68 66 66 65 66 66 64 65 62 65 67 64 64 66 66 66 65 65 64 66 64 63
    62 58 61 58 60 63 65 65 66 66 66 69 68 65 62 60 58 59 56 53 52 57 59
    62 64 66 63 61 65 59 61 63 65 63 67 69 65 68 66 63 63 63 62 64 67 65
    64 66 65 65 67 65 64 62 60 60 59 58 58 60 62 67 72 71 72 70 68 70 71
    71 70 70 72 74 79 72 69 69 70 71 72 72 70 72 70 69 67 63 57 56 52 54
    56 56 55 54 59 61 63 60 59 59 58 62 59 58 58 62 65 66 67 65 64 65 70
    67 68 67 70 70 72 69 64 67 62 59 57 59 59 60 59 56 59 61 62 63 60 59
    62 64 63 63 63 63 65 68 65 68 68 66 67 67 64 62 64 59 57 58 57 56 57
    57 56 57 61 61 61 60 64 63 63 68 66 64 63 63 63 62 63 61 59 60 58 61
    59 62 64 65 67 66 71 70 71 70 70 68 70 69 65 62 64 63 65 62 58 57 57
    60 61 59 59 56 57 58 60 58 55 60 61 63 62 62 61 61 60 55 54 55 53 55
    59 57 62 65 67 67 66 65 64 65 62 61 60 63 66 63 65 66 65 65 62 62 61
    62 59 59 59 57 60 58 59 62 63 62 63 63 63 66 66 63 61 61 58 60 59 54
    52 58 59 61 64 64 61 61 66 60 61 63 64 62 64 67 64 67 65 62 63 64 65
    65 67 65 63 64 61 61 62 61 58 57 57 58 58 57 58 62 64 69 74 74 74 73
    69 70 72 73 70 73 73 75 81 73 71 68 68 67 71 70 68 71 69 69 70 67 62
    61 56 56 58 58 56 53 57 59 61 58 57 57 56 62 60 59 59 65 68 68 69 64
    61 63 66 63 64 65 68 70 73 72 67 69 64 61 59 60 59 58 60 55 59 61 60
    61 59 60 61 63 61 64 65 65 67 70 68 73 73 69 69 69 65 63 63 57 56 58
    57 55 57 57 57 58 61 60 61 62 66 66 67 70 68 67 65 64 65 63 64 61 61
    63 62 64 60 62 61 63 62 60 65 64 64 63 63 63 67 67 61 59 63 62 65 63
    57 55 55 58 60 60 61 60 61 62 63 62 61 63 63 64 62 60 59 59 57 54 53
    54 53 56 60 58 59 63 65 64 63 62 60 62 61 59 59 61 64 63 65 66 64 66
    64 65 65 66 61 61 63 59 62 60 59 60 63 63 64 65 63 66 67 63 62 62 60
    61 59 54 52 57 58 58 61 60 59 60 63 58 60 62 62 61 63 66 63 67 66 62
    65 66 65 65 67 65 63 63 61 62 63 63 61 60 61 64 64 61 62 66 67 71 74
    73 71 71 67 69 70 70 68 71 74 77 82 74 71 70 70 70 71 70 69 72 72 71
    72 70 66 64 58 57 59 57 55 53 54 56 57 55 53 54 55 60 59 57 58 65 69
    69 67 65 62 65 69 66 65 64 66 66 72 71 66 68 64 63 61 63 61 58 58 53
    58 61 60 59 56 58 61 61 60 62 64 64 66 70 69 75 74 70 69 71 68 66 65
    58 56 58 56 55 54 55 55 59 63 61 63 64 67 67 67 70 67 67 64 63 65 63
    64 60 59 61 62 64 60 61 60 63 64 64 66 65 65 65 66 63 65 64 59 59 61
    61 63 63 58 59 59 60 62 64 65 64 64 65 64 64 63 62 62 61 60 58 58 57
    56 53 52 54 54 56 61 60 60 63 66 66 64 62 58 59 58 57 57 59 62 63 66
    67 65 66 64 65 66 67 63 62 65 61 63 61 60 59 60 59 58 60 61 64 65 62
    62 62 62 64 61 55 53 58 59 58 61 59 59 60 63 58 59 61 61 60 61 63 61
    66 66 62 65 65 66 65 68 65 61 61 57 60 60 60 57 56 59 62 63 58 61 64
    65 70 71 70 70 72 68 69 72 72 71 72 73 75 78 72 69 68 69 69 71 70 70
    72 70 71 71 70 66 64 59 59 61 59 56 54 54 55 56 54 52 55 55 59 60 59
    60 65 68 66 65 62 59 62 66 64 64 63 66 67 72 69 66 66 64 63 62 63 64
    60 60 57 61 64 63 62 59 61 63 64 61 63 65 66 68 71 69 75 75 68 66 66
    64 62 60 55 54 56 55 54 52 53 54 57 59 58 60 62 65 66 67 69 68 67 64
    64 65 63 63 60 57 61 62 62 58 60 58 60 62 62 64 65 65 65 67 66 68 65
    60 58 61 60 62 61 57 65 65 64 65 65 65 64 64 63 62 64 64 63 63 63 60
    59 59 58 56 54 52 53 54 57 60 60 60 64 67 68 66 64 61 61 61 59 59 59
    64 65 67 69 66 68 65 67 64 65 62 64 65 61 65 63 64 63 63 62 61 62 61
    63 63 60 59 57 60 63 59 55 54 58 59 61 62 60 62 64 65 61 62 63 63 62
    63 63 65 69 70 66 67 68 69 70 71 70 66 65 63 65 64 62 58 57 59 62 61
    57 60 64 66 70 73 71 72 74 69 69 69 68 66 67 69 69 73 67 65 66 67 67
    68 69 68 70 68 68 67 68 66 65 61 61 65 64 64 63 60 60 62 60 57 58 57
    60 62 62 62 65 67 65 66 62 59 61 65 63 63 64 65 67 72 72 69 70 67 67
    67 68 67 63 62 59 62 63 61 60 57 59 63 63 61 63 64 66 68 70 68 74 72
    67 66 64 64 61 60 54 55 58 57 57 53 55 55 57 60 60 61 61 65 67 67 68
    66 65 63 63 64 61 62 60 57 59 60 60 57 58 57 58 61 62 65 66 66 65 67
    67 68 65 60 59 62 61 62 62 58 61 61 59 60 60 60 59 60 60 60 64 65 63
    64 62 61 58 58 57 57 58 56 56 59 60 65 62 62 65 66 67 63 64 61 62 62
    60 61 63 68 68 69 70 66 68 64 66 62 64 65 66 67 63 67 65 66 63 62 62
    61 63 61 62 62 60 60 58 62 65 62 58 59 61 60 62 63 60 63 65 64 62 62
    62 61 61 62 62 64 70 72 69 71 69 71 72 73 70 66 67 61 64 62 60 58 56
    59 61 60 58 59 61 63 67 71 69 72 73 69 71 71 69 67 68 69 68 71 66 66
    67 68 67 67 68 66 69 65 66 65 67 67 66 66 66 69 67 66 67 62 64 65 62
    59 61 60 61 63 61 60 65 68 66 64 62 58 60 64 62 62 63 65 67 71 73 70
    70 67 66 67 69 68 63 62 59 61 63 62 60 59 62 67 66 66 68 68 68 69 68
    66 73 72 68 67 67 67 65 63 59 60 61 62 60 56 58 57 58 60 58 57 58 61
    61 60 62 60 61 61 60 62 60 62 60 56 57 58 58 53 55 55 55 57 58 60 62
    63 63 63 65 66 66 61 61 66 64 68 68 66 59 59 58 60 60 61 62 62 63 63
    64 66 63 64 62 62 59 60 59 58 59 56 55 58 58 62 60 60 63 63 66 62 63
    59 60 61 60 62 64 67 67 67 67 64 65 62 63 62 64 67 69 69 66 67 65 64
    61 58 58 57 59 59 61 60 60 60 61 64 66 62 57 60 60 59 59 60 57 60 63
    62 61 60 62 60 62 62 61 63 69 72 68 71 69 73 74 74 71 68 68 62 64 61
    59 56 53 56 56 56 53 55 56 59 63 65 67 71 73 70 71 72 71 70 71 71 70
    72 68 68 69 71 69 68 68 67 68 64 66 63 66 66 67 65 65 68 67 67 67 63
    64 65 63 59 59 59 59 64 61 60 63 66 64 64 62 57 60 65 63 63 65 65 66
    69 70 68 68 66 64 65 67 68 64 62 58 59 61 60 57 55 57 61 62 61 63 61
    61 64 63 62 68 69 65 65 66 65 65 64 60 62 64 64 61 59 60 57 58 57 56
    56 60 62 63 63 64 63 62 62 59 60 58 59 60 57 58 60 59 56 58 57 56 58
    59 60 62 64 61 61 64 65 67 63 63 65 65 68 68 65 59 59 58 59 58 58 60
    61 61 63 66 67 66 68 66 65 63 61 59 60 60 57 56 59 58 64 59 59 62 61
    65 60 63 59 61 64 63 63 65 68 67 67 68 65 66 65 67 64 66 69 70 70 67
    66 64 63 61 60 58 57 58 60 62 59 59 58 59 63 65 61 57 61 60 60 60 60
    58 61 63 60 62 62 64 61 64 64 63 66 70 72 69 73 69 73 73 73 69 67 67
    63 68 63 63 60 58 61 59 58 53 56 56 59 63 64 66 70 72 71 71 71 71 69
    70 69 69 70 67 67 67 69 66 65 63 61 64 59 61 59 62 63 66 65 63 68 68
    68 69 62 63 64 63 59 57 58 58 62 59 58 62 64 64 64 64 60 63 68 67 66
    66 64 65 68 70 68 66 67 65 66 67 69 64 63 60 59 61 60 58 54 56 60 59
    59 61 59 59 60 58 56 64 65 64 64 67 69 66 65 60 61 62 63 60 56 58 57
    57 56 54 53 56 57 59 59 62 61 62 62 62 65 65 67 66 63 62 64 63 59 58
    58 55 59 60 61 62 64 60 58 62 63 63 59 60 60 61 63 63 61 64 64 63 63
    60 60 60 63 63 64 68 68 68 70 68 65 64 62 58 60 60 58 57 61 58 63 61
    60 64 63 67 61 62 60 61 62 61 62 62 66 66 65 66 63 62 62 64 61 64 67
    69 69 68 65 64 64 61 60 59 58 59 61 64 62 61 60 61 63 63 62 56 59 57
    56 56 57 56 58 62 59 61 62 63 62 62 61 59 63 65 67 66 69 67 70 71 71
    69 68 68 64 69 66 66 64 62 63 60 59 55 58 55 57 59 60 61 64 66 65 66
    68 67 66 68 67 67 67 64 64 64 67 63 62 62 63 66 62 65 63 68 71 71 67
    67 71 71 72 71 64 66 67 66 60 58 58 59 64 61 61 63 64 63 61 61 57 59
    61 63 62 63 62 60 63 67 67 64 67 66 66 69 70 65 64 62 59 60 60 55 54
    55 58 56 57 59 58 58 59 57 55 64 64 63 63 66 68 68 67 62 64 66 66 65
    61 60 57 57 56 54 52 54 54 57 59 61 59 60 62 60 63 63 64 63 61 61 62
    64 61 63 63 60 61 63 63 61 62 58 57 61 62 62 59 62 62 61 65 67 64 65
    65 62 62 59 58 59 61 61 60 66 67 69 69 66 63 63 63 59 61 60 60 60 64
    62 65 64 61 64 64 64 60 60 59 60 62 63 62 62 66 66 65 66 64 63 63 66
    63 66 69 71 70 69 67 66 65 64 63 63 61 63 64 65 64 63 61 60 63 62 60
    56 60 57 57 57 58 58 61 65 62 65 65 66 67 66 66 61 63 66 68 67 68 67
    69 74 75 74 72 72 70 75 71 69 67 64 63 61 60 53 56 55 57 59 61 62 65
    68 66 68 67 66 64 65 64 63 64 63 65 65 70 66 64 64 64 66 61 64 61 65
    69 68 66 66 69 68 70 71 63 66 65 63 59 57 56 54 59 58 60 61 63 64 61
    63 61 61 65 67 66 65 64 63 65 67 65 61 65 65 65 68 67 65 62 62 59 60
    61 57 56 56 58 56 56 57 56 56 57 55 54 61 63 62 62 63 64 66 66 63 64
    65 66 66 64 63 62 61 58 58 55 54 53 56 56 58 58 58 60 61 64 63 64 65
    62 61 63 64 62 62 63 59 61 64 61 60 62 61 59 63 63 61 60 63 62 61 63
    65 64 67 67 64 63 60 58 60 61 60 61 64 65 68 71 67 64 63 62 60 64 64
    61 62 65 63 69 68 64 65 66 66 62 62 59 59 61 63 60 61 64 65 63 65 63
    60 61 62 60 62 66 68 67 67 66 65 65 63 61 60 58 59 61 62 61 62 61 61
    64 63 60 57 60 58 59 59 59 59 62 68 66 68 66 66 67 67 66 61 61 64 68
    68 71 69 72 75 77 75 74 74 71 75 71 69 66 65 63 59 56 49 52 51 53 55
    58 62 66 70 68 69 68 66 63 63 60 57 58 57 61 60 65 62 61 64 64 66 61
    65 62 67 70 68 67 66 70 71 72 72 67 69 70 68 64 61 59 57 61 60 62 62
    61 62 62 63 63 61 64 66 67 66 66 65 65 67 64 62 65 64 65 65 66 66 65
    64 61 61 60 58 57 57 59 56 56 58 56 57 57 54 51 57 59 58 59 58 59 61
    62 59 60 63 62 65 63 62 62 60 57 56 53 52 51 54 53 56 58 59 62 62 64
    64 64 65 62 61 63 63 63 62 62 59 58 60 58 58 59 58 57 60 64 62 62 63
    63 62 65 66 65 61 61 62 60 58 58 60 61 63 62 65 65 69 70 68 65 65 63
    60 63 61 60 60 63 61 67 67 64 65 66 65 62 63 61 61 64 64 60 61 64 64
    59 60 59 57 60 60 59 61 67 68 66 66 64 63 64 62 59 59 58 59 59 61 61
    62 62 62 66 66 65 60 61 58 58 57 57 58 60 65 63 66 66 66 64 63 64 60
    61 62 64 65 68 69 69 71 72 72 70 71 70 73 69 69 69 67 66 61 59 52 55
    55 57 58 61 65 69 72 73 72 69 67 63 63 62 60 60 59 63 64 70 65 62 62
    63 66 61 64 60 66 70 70 67 67 69 70 70 70 67 69 71 69 67 63 63 61 63
    62 64 64 63 65 66 68 67 64 67 67 67 64 62 59 60 63 60 58 62 62 62 65
    65 63 63 61 57 57 56 54 54 53 56 55 56 56 57 57 59 56 54 59 60 60 59
    60 60 62 63 59 60 64 64 64 62 61 61 62 59 56 54 54 53 55 54 56 57 60
    61 63 65 65 67 68 68 65 67 66 66 66 66 63 61 62 61 62 60 59 57 60 64
    64 62 63 65 64 67 68 65 59 59 62 61 61 61 63 64 67 68 70 69 71 71 69
    67 65 62 59 63 60 59 59 61 59 63 65 62 65 66 64 62 63 63 62 64 64 60
    63 63 63 58 59 57 55 59 59 58 62 68 67 67 67 66 64 65 62 59 61 60 60
    61 63 64 66 66 67 70 68 67 61 61 57 58 54 55 56 57 62 63 66 65 66 64
    63 65 62 60 62 65 65 68 69 68 68 69 68 65 67 65 67 64 65 67 66 65 62
    61 55 57 56 57 59 61 63 66 70 71 72 71 69 65 67 66 64 63 63 64 63 68
    63 60 60 60 62 59 63 62 67 70 69 68 67 67 69 67 66 65 67 68 65 65 62
    65 62 63 62 65 66 65 68 65 67 68 66 68 67 66 61 62 60 60 64 61 60 66
    65 64 67 67 66 65 63 58 60 60 57 56 54 57 56 56 55 55 55 58 57 54 58
    60 61 61 61 59 61 63 59 60 63 64 63 63 61 62 64 63 58 55 55 55 55 53
    54 55 59 61 62 64 65 66 67 67 65 67 66 68 68 67 64 61 63 61 61 59 58
    56 58 63 62 62 63 64 63 66 67 65 62 62 64 65 66 68 70 71 73 75 75 72
    73 71 70 68 66 62 59 62 58 57 55 57 54 58 61 58 61 64 63 61 62 62 61
    63 64 59 61 60 60 56 55 53 51 56 56 55 59 64 63 64 65 62 61 61 59 59
    61 60 61 61 64 66 67 66 66 68 66 64 61 60 56 57 55 56 55 56 61 60 63
    63 63 60 60 61 60 60 62 62 65 68 71 71 68 69 68 66 64 65 65 64 66 66
    65 65 62 60 52 52 53 55 57 56 60 63 69 71 69 69 66 64 66 63 59 60 62
    62 63 68 64 63 64 63 62 60 62 61 66 68 69 66 67 68 71 71 68 67 68 70
    68 68 64 66 64 63 63 64 64 62 65 64 66 68 67 69 67 67 62 63 61 60 63
    61 62 68 66 65 66 65 63 63 62 57 58 59 56 55 53 53 53 52 52 52 52 55
    59 56 58 60 61 60 62 60 61 64 61 61 63 64 64 63 61 62 65 65 61 57 58
    59 61 58 61 61 64 65 65 64 66 68 67 67 66 69 67 71 70 67 65 64 65 62
    61 57 58 56 56 59 57 57 60 61 60 63 65 61 67 67 68 68 69 69 69 70 71
    72 72 70 71 68 67 65 64 62 59 62 58 58 58 60 57 60 65 62 64 67 65 64
    65 64 63 64 66 59 60 59 59 56 54 52 50 54 55 55 58 62 61 60 61 61 60
    60 59 59 63 64 64 63 66 67 69 67 66 68 66 66 64 62 59 59 58 59 59 60
    61 62 64 65 63 61 60 62 63 63 63 63 67 68 71 70 67 67 65 64 62 64 65
    61 64 64 65 65 63 60 53 54 55 56 58 58 62 64 70 72 71 71 67 65 66 62
    59 59 60 61 61 65 64 64 65 65 66 63 66 65 69 71 72 69 68 68 72 72 68
    68 67 70 68 69 64 64 63 62 62 64 65 62 66 63 65 68 66 65 63 63 58 60
    59 58 60 59 61 66 65 63 63 62 62 62 60 56 59 60 58 58 55 55 56 55 56
    57 56 58 62 60 61 64 64 63 65 64 65 67 65 63 64 65 65 63 61 62 66 67
    63 60 59 61 62 60 63 63 68 68 69 70 72 74 71 72 71 73 71 73 71 67 67
    64 65 62 62 57 60 59 59 64 60 61 64 66 63 66 67 64 67 67 70 71 71 72
    70 70 71 70 67 64 65 62 63 61 60 59 59 62 59 61 62 63 62 64 68 65 67
    70 67 67 66 64 62 62 64 57 59 57 58 57 55 54 51 54 54 55 57 60 59 61
    63 63 62 62 61 60 64 64 64 64 66 68 70 70 67 69 67 67 63 61 58 56 56
    57 58 58 62 63 64 65 63 62 60 62 62 63 63 64 68 69 71 71 68 69 68 65
    62 64 66 62 64 64 64 66 64 60 53 53 54 53 56 55 58 61 66 67 67 68 63
    62 64 63 61 60 60 59 62 66 63 62 64 65 64 64 66 65 70 71 70 67 68 66
    68 67 64 66 66 69 68 70 67 68 65 63 63 66 66 62 64 61 63 66 65 62 61
    62 57 60 62 61 60 61 64 67 66 65 64 62 62 61 58 56 58 60 59 59 56 57
    59 58 57 58 56 60 64 62 60 63 63 61 63 60 64 67 65 64 66 66 68 64 62
    63 68 70 67 66 66 70 70 67 69 69 71 71 70 70 71 72 71 72 73 73 72 73
    72 68 67 63 64 62 62 56 60 59 58 63 60 62 64 68 65 69 71 68 63 63 65
    68 68 70 70 70 73 72 69 65 67 63 62 62 59 59 60 63 60 62 63 63 62 65
    68 66 67 69 65 67 67 64 62 63 65 60 64 61 60 60 59 57 54 57 56 59 60
    62 61 64 64 65 62 62 60 61 64 63 62 62 64 65 67 66 64 65 64 64 61 60
    57 57 56 56 58 57 61 62 64 63 63 62 60 61 63 64 65 66 68 69 71 72 69
    70 67 63 60 61 64 62 63 65 64 68 68 64 57 56 59 56 59 58 60 64 69 71
    68 69 65 63 65 64 62 62 64 63 66 70 67 67 66 66 65 65 67 64 69 69 71
    69 70 68 70 69 67 70 68 69 67 69 65 66 63 60 61 65 67 63 66 64 65 67
    67 64 62 63 60 65 68 67 65 65 67 68 66 66 63 61 61 60 58 57 60 60 61
    61 59 60 62 61 61 61 61 63 66 64 61 64 63 60 61 61 63 66 66 65 67 67
    67 62 61 64 68 68 66 65 66 69 69 65 66 67 69 68 67 67 68 69 71 71 72
    73 71 72 71 67 65 62 64 60 62 57 61 62 60 64 61 65 65 70 67 70 70 70
    61 61 64 67 69 70 71 72 76 75 72 66 67 64 63 63 59 58 59 62 58 61 60
    59 58 61 66 66 68 68 65 67 70 65 63 64 65 62 68 64 62 62 61 59 56 58
    56 59 60 62 60 62 62 62 60 61 59 60 64 61 61 64 65 64 68 65 64 67 67
    65 64 60 60 60 58 57 57 56 58 59 60 59 59 57 57 59 62 66 66 68 69 71
    71 72 67 68 64 62 62 62 65 64 65 66 67 70 69 66 61 60 62 60 62 61 62
    66 69 72 70 70 66 66 68 67 66 65 66 67 67 70 66 67 65 68 66 67 71 68
    74 72 74 72 73 70 72 70 67 70 68 69 67 70 66 68 67 65 64 67 68 66 67
    64 64 66 67 64 61 62 61 65 67 65 66 67 69 70 67 67 64 63 61 59 56 55
    57 57 58 57 57 59 63 64 64 64 65 67 70 67 63 63 63 61 62 62 63 66 66
    66 66 66 65 61 59 62 63 64 62 62 64 70 70 65 68 70 72 70 68 66 68 70
    70 70 71 72 71 73 73 69 68 67 67 65 65 59 61 61 59 62 62 65 66 71 67
    70 70 69 58 58 60 65 66 66 64 67 72 70 68 64 64 60 60 62 58 57 59 62
    58 62 62 60 60 64 65 65 69 68 65 67 68 66 65 66 65 62 68 66 62 62 62
    60 59 61 60 61 64 65 63 64 64 64 62 63 61 62 66 64 64 67 68 68 70 66
    65 67 67 67 65 61 62 63 60 60 59 55 58 57 58 57 57 57 58 60 62 68 69
    68 70 68 67 69 66 65 62 61 60 61 65 64 65 65 66 70 69 68 65 63 64 63
    63 62 63 66 67 68 66 66 64 64 66 66 67 68 70 70 70 73 69 67 63 64 62
    65 67 65 70 69 73 71 73 70 71 70 66 68 67 66 64 66 63 64 65 64 62 65
    67 65 65 63 61 63 66 63 61 62 62 64 66 64 63 65 66 67 65 65 63 62 60
    57 55 54 58 59 58 59 59 63 65 66 65 65 67 70 73 71 67 67 69 67 68 66
    66 68 69 69 68 68 67 63 63 63 65 65 63 64 65 69 69 65 66 66 66 66 65
    64 64 68 68 70 71 71 69 71 71 67 67 65 66 65 64 61 64 64 62 64 65 67
    67 71 65 68 67 65 64 64 62 67 67 65 64 66 69 69 68 64 64 62 63 65 60
    59 64 64 61 64 63 61 62 64 65 66 68 68 64 66 68 65 64 66 69 65 73 70
    65 65 67 64 63 65 63 64 69 68 65 67 67 66 63 63 61 65 67 64 63 66 67
    67 69 64 63 63 63 63 61 58 59 60 61 62 59 56 59 58 58 57 58 58 60 61
    62 67 69 67 67 65 62 65 64 65 61 63 62 63 68 66 66 65 66 70 68 66 63
    61 61 59 59 57 58 61 61 61 61 61 58 60 63 64 66 69 71 72 72 74 71 70
    66 67 63 65 66 63 67 66 70 69 71 70 71 71 67 69 66 65 63 64 60 60 60
    61 58 61 64 61 62 59 59 60 65 61 60 63 63 67 69 68 64 68 69 67 64 64
    62 62 62 56 55 56 60 62 62 62 62 65 66 66 66 64 65 67 70 69 66 68 69
    69 70 69 69 72 72 71 69 69 68 64 65 63 65 65 65 64 64 68 67 66 67 68
    66 68 67 65 65 67 68 67 70 69 68 70 70 67 65 66 66 63 62 59 62 62 61
    61 61 64 66 69 63 66 68 65 59 59 58 63 64 61 61 63 66 66 65 62 63 62
    62 65 60 61 66 66 65 67 67 65 67 69 69 68 68 69 65 65 67 64 63 67 70
    68 73 72 66 68 71 68 68 67 66 67 71 68 65 65 63 61 59 57 57 62 63 62
    62 67 68 69 69 65 63 62 62 62 60 58 60 61 64 64 62 58 61 60 59 59 57
    59 59 59 58 62 65 62 62 61 59 64 65 68 64 66 66 66 71 68 67 65 67 70
    69 65 62 59 60 57 58 55 56 60 60 61 60 59 56 58 61 62 64 68 70 72 75
    77 73 72 69 70 68 69 68 64 67 67 71 67 67 67 68 68 65 65 63 65 64 65
    61 60 60 62 60 61 63 59 59 58 57 57 61 58 58 61 62 64 66 65 60 63 63
    61 59 60 57 57 60 53 53 54 58 60 61 61 61 64 65 65 65 64 66 67 68 67
    64 66 66 66 68 67 66 68 69 69 69 67 65 63 65 64 66 64 64 66 67 70 69
    68 70 70 67 68 68 65 66 68 67 68 73 70 68 70 70 67 65 66 64 62 61 58
    60 59 58 58 60 62 65 67 60 64 66 65 55 55 55 59 61 59 60 64 68 66 65
    62 63 64 64 64 58 59 65 66 66 67 66 64 67 70 68 67 67 69 64 65 67 63
    62 64 67 65 71 71 66 69 71 70 69 68 67 69 71 68 67 66 63 61 60 59 58
    63 62 62 63 67 70 69 70 65 65 63 63 63 60 57 60 62 63 64 65 61 64 65
    62 62 60 62 61 63 62 65 67 64 63 62 59 61 65 68 64 68 69 67 71 68 66
    64 66 69 67 66 65 63 64 60 61 59 60 62 61 61 60 59 56 57 61 64 67 69
    71 75 78 79 74 72 70 71 70 71 70 67 70 69 72 70 69 66 68 66 64 65 63
    63 61 63 58 56 56 58 57 60 62 57 58 59 60 58 62 57 58 61 62 64 63 64
    57 61 60 59 58 57 56 56 59 52 52 52 56 58 60 61 61 66 67 68 68 66 68
    67 67 67 63 65 64 65 64 64 64 64 66 65 65 63 61 60 62 64 66 64 66 68
    69 71 71 69 69 71 68 69 70 68 68 69 71 72 76 73 70 71 70 68 66 64 62
    59 58 58 59 59 58 58 63 66 68 70 64 67 68 67 51 51 52 55 56 56 58 61
    65 64 64 61 64 64 65 67 62 63 67 70 68 68 68 65 69 71 70 68 70 71 66
    65 67 63 62 64 65 66 73 74 69 71 74 74 74 71 70 70 72 69 68 68 64 60
    57 57 57 63 61 59 61 66 69 69 69 64 64 64 63 65 61 58 62 63 65 64 65
    60 65 66 62 62 60 61 61 61 59 63 65 62 63 63 60 63 66 67 63 66 67 66
    68 68 65 64 66 68 66 67 67 65 66 62 62 62 60 59 56 55 54 53 53 53 60
    63 67 70 72 75 76 78 72 70 67 68 67 69 67 63 66 66 67 67 67 64 67 65
    64 64 63 63 62 65 62 60 58 59 59 61 59 54 53 56 57 55 60 56 60 64 66
    68 66 66 61 65 63 61 60 59 59 61 63 55 55 55 55 57 61 61 61 65 66 65
    66 64 65 64 64 66 62 66 64 66 64 64 64 63 65 65 66 64 64 62 63 64 63
    60 63 63 64 66 66 66 68 69 64 68 68 64 63 64 65 67 72 68 66 68 69 68
    65 63 58 56 56 54 55 54 54 54 60 63 66 69 63 66 68 69 51 51 50 53 55
    56 60 65 68 67 69 68 70 69 68 69 65 66 68 70 69 67 66 64 68 70 69 67
    69 73 70 71 72 69 67 70 69 69 75 73 68 69 71 71 72 70 68 70 73 69 67
    66 61 57 53 52 50 57 55 54 56 62 66 68 67 62 64 63 64 65 64 59 64 66
    67 68 68 64 67 69 65 64 61 59 59 59 58 60 61 60 63 63 61 63 64 65 64
    66 66 65 67 67 65 62 64 65 64 66 68 64 64 63 62 62 59 59 56 57 56 55
    55 54 60 61 64 69 71 75 76 78 75 73 70 70 68 69 68 65 66 67 69 68 68
    67 69 69 67 67 65 64 63 64 61 60 60 62 61 63 63 59 56 56 56 53 57 55
    58 61 64 66 63 64 60 62 59 57 57 57 58 59 61 55 55 55 56 57 60 61 62
    64 66 66 68 66 67 65 66 69 66 68 66 69 66 66 66 64 66 66 66 65 65 64
    66 65 63 58 61 59 60 61 61 60 63 64 61 65 64 61 59 61 62 66 70 66 64
    66 68 67 65 63 59 57 56 56 57 56 57 56 61 63 67 68 62 64 65 65 52 52
    51 51 54 55 58 61 62 63 66 67 69 68 68 69 67 69 68 69 67 65 63 63 64
    64 65 62 64 71 66 66 68 67 65 69 68 67 71 71 68 68 70 71 73 70 69 69
    70 66 66 63 58 56 55 55 53 58 55 53 56 62 65 67 68 65 68 69 69 66 65
    59 64 67 69 69 67 65 68 71 67 65 60 59 61 63 62 63 65 63 66 65 63 64
    63 64 61 63 64 64 62 64 61 58 62 62 59 62 65 63 65 64 62 61 60 60 58
    57 57 58 58 59 64 63 64 67 70 72 73 75 71 71 70 71 67 67 67 66 66 66
    66 64 64 63 64 63 62 62 61 62 63 65 63 62 63 65 63 64 61 56 52 53 54
    52 55 54 57 62 64 66 63 62 60 63 60 58 58 58 58 60 62 56 56 56 55 55
    59 59 58 58 60 61 63 61 61 62 64 69 66 68 67 71 67 66 66 62 63 64 64
    63 65 63 63 64 65 61 63 60 59 61 61 60 62 62 59 64 66 62 60 61 62 66
    71 64 62 66 68 67 65 63 60 59 59 57 57 54 57 55 60 62 66 66 63 66 67
    65 53 53 53 51 54 55 58 58 59 59 62 65 66 64 64 65 64 66 65 66 66 63
    63 64 67 67 66 63 63 71 68 67 67 66 65 68 68 65 67 67 66 64 67 69 72
    71 69 70 71 68 68 64 59 56 55 53 52 56 53 53 55 60 65 68 67 66 67 67
    68 66 62 56 60 61 64 66 65 62 66 70 67 67 63 61 63 65 65 66 67 64 66
    65 63 62 61 61 59 61 62 62 60 61 59 57 60 60 57 60 64 60 60 58 57 55
    54 52 51 53 53 55 54 55 61 62 62 65 69 69 72 73 71 71 70 71 68 69 68
    69 66 67 66 64 64 64 65 64 63 64 65 66 67 70 68 65 65 67 64 64 62 54
    50 53 55 52 56 55 57 62 66 66 62 62 58 60 58 56 55 55 57 59 62 59 59
    59 59 60 62 62 61 60 60 61 62 61 61 60 62 67 64 66 65 68 64 66 67 62
    63 63 64 62 64 60 60 63 64 61 64 60 60 61 60 61 63 61 56 62 64 62 60
    59 60 65 70 64 63 65 66 67 65 63 61 61 62 61 62 59 60 58 62 61 64 64
    61 64 65 64 56 56 56 53 55 58 62 61 62 63 66 69 70 68 65 65 65 68 65
    65 64 61 61 60 63 62 63 63 62 69 69 67 68 67 64 67 68 68 67 67 64 63
    65 67 69 66 65 67 67 66 65 62 56 54 52 52 52 55 55 52 56 60 66 67 66
    65 65 65 65 62 58 54 57 58 61 64 64 62 66 69 67 67 65 63 64 67 68 68
    67 65 65 63 63 62 61 60 58 59 63 63 60 62 59 61 62 61 57 61 63 60 60
    56 57 56 53 51 53 55 56 60 56 58 65 65 63 63 66 66 72 72 71 72 73 74
    72 73 71 72 69 70 68 67 66 65 66 63 62 62 63 64 66 68 65 65 64 64 63
    63 60 54 50 52 56 53 56 54 56 62 66 68 62 64 60 63 61 58 56 55 58 60
    61 59 59 59 60 62 64 61 61 58 61 61 64 61 61 60 61 66 63 64 62 65 62
    64 66 63 63 65 66 65 68 64 63 65 66 63 65 61 60 61 61 62 64 64 60 64
    65 64 64 60 62 65 68 64 64 66 65 67 64 62 61 60 59 57 59 55 56 53 56
    57 60 61 60 64 65 65 55 55 56 52 53 58 62 61 63 62 66 68 71 67 64 63
    63 65 62 63 63 61 63 64 65 65 66 66 65 71 70 68 69 66 64 64 63 62 61
    63 62 61 62 65 69 65 63 64 63 63 62 60 53 52 54 52 52 55 55 53 58 61
    66 67 64 66 65 66 66 64 61 58 62 62 63 65 63 62 66 70 69 70 68 68 69
    71 72 72 69 69 69 68 70 68 65 63 62 62 64 64 60 63 60 61 62 62 58 60
    62 58 60 57 60 59 58 56 58 61 61 64 60 61 67 66 61 60 62 62 66 66 63
    66 70 71 70 72 72 75 75 75 72 72 71 69 70 66 64 66 67 68 68 71 69 69
    68 66 66 63 62 57 50 52 55 54 55 55 55 59 64 65 61 63 62 63 62 62 60
    58 59 61 61 60 58 58 58 59 61 59 60 57 61 62 64 62 63 62 62 67 63 64
    62 65 61 64 66 62 62 64 66 66 68 63 62 66 66 64 66 60 60 62 61 61 64
    63 59 63 63 61 61 60 60 64 68 65 66 69 68 68 67 64 63 61 60 58 59 57
    56 53 56 57 59 61 60 63 64 65 59 59 58 53 53 58 62 62 63 61 66 69 74
    69 65 63 63 64 60 62 59 58 59 61 62 61 63 62 63 68 67 64 65 62 62 63
    61 60 60 62 63 62 61 63 66 64 63 64 62 63 64 62 58 59 59 59 58 60 61
    58 61 61 66 65 62 63 63 65 66 65 62 59 63 62 62 64 63 62 64 66 66 66
    65 65 67 70 74 75 72 72 74 71 72 68 64 62 63 63 64 63 60 66 64 65 67
    65 60 64 65 61 60 57 58 58 60 59 59 62 64 69 65 66 71 69 63 61 63 61
    65 64 61 63 68 71 68 71 73 75 76 77 74 74 74 73 71 70 67 69 69 69 70
    71 72 71 70 66 66 64 63 57 49 51 55 55 56 55 54 58 64 65 61 62 62 64
    64 64 64 62 64 66 64 65 64 64 62 62 62 61 63 58 62 61 63 62 62 61 61
    67 64 66 65 68 64 69 70 66 66 67 67 68 71 64 62 64 63 62 65 58 58 60
    62 62 64 62 59 62 62 60 60 59 61 64 65 65 66 68 67 67 65 63 62 60 60
    58 60 58 58 56 57 58 59 62 62 66 67 68 60 60 57 53 53 56 58 60 59 57
    63 66 71 68 65 63 64 66 62 63 61 61 61 64 65 63 66 65 64 68 68 65 64
    62 62 64 62 61 59 62 62 62 62 62 66 64 64 63 63 64 63 63 60 61 61 61
    60 61 62 58 60 60 65 65 61 63 65 66 68 67 66 61 65 65 63 65 63 61 63
    64 64 63 63 64 66 68 70 71 68 70 70 67 67 65 62 61 62 63 64 64 63 68
    65 68 69 65 62 65 65 61 61 58 60 61 62 60 61 63 65 70 64 66 68 67 62
    60 62 59 64 64 64 66 71 73 69 73 74 74 74 73 71 71 73 72 70 71 68 70
    70 71 69 70 71 70 69 64 64 61 62 58 51 52 55 57 57 57 56 59 63 63 61
    62 64 65 66 67 67 67 69 72 69 71 69 69 68 67 66 63 65 61 64 63 64 62
    61 62 61 66 64 65 64 67 64 66 66 64 64 66 65 67 72 66 63 64 63 60 62
    56 55 58 60 60 63 62 59 61 61 58 59 58 59 62 63 63 65 69 67 66 64 62
    63 61 60 58 59 57 57 57 56 59 59 60 61 64 65 67 63 63 61 57 58 60 62
    63 62 60 63 67 70 67 65 63 65 67 64 64 62 63 62 66 67 64 66 66 64 67
    68 63 61 61 61 63 63 61 57 60 62 60 61 61 63 63 64 65 65 67 65 65 62
    62 63 60 60 60 60 56 56 56 59 61 56 59 61 63 66 66 64 61 64 64 64 65
    63 61 64 65 65 63 65 66 70 71 75 75 71 71 71 66 66 62 58 58 61 62 62
    62 62 67 64 67 68 66 63 65 66 62 62 59 61 59 62 63 64 66 67 71 66 68
    68 67 61 60 63 62 66 67 66 66 72 72 67 70 73 73 74 74 73 73 76 74 72
    73 71 72 70 71 69 70 69 68 68 64 65 63 65 62 57 58 60 62 63 62 59 60
    63 62 59 61 62 64 65 68 68 69 72 73 69 71 70 69 68 66 65 63 67 64 66
    66 66 66 66 67 65 68 66 65 64 66 64 64 63 63 63 65 64 65 68 63 61 60
    60 59 62 58 59 62 62 63 65 62 59 60 59 58 60 60 61 64 64 66 67 70 67
    65 63 61 63 62 61 61 62 61 61 61 57 59 58 59 60 62 63 65 66 66 64 59
    59 60 60 60 62 60 62 65 67 66 64 62 62 64 62 65 64 64 65 68 67 64 64
    64 61 65 65 59 58 58 59 61 63 62 57 63 65 64 64 64 64 62 63 62 62 64
    63 64 62 64 66 65 66 65 64 59 59 57 59 60 56 60 63 65 66 68 64 62 64
    64 63 64 64 62 65 65 63 62 63 66 69 73 76 76 74 74 72 66 64 60 57 57
    60 60 60 60 59 65 63 66 67 66 63 66 67 64 64 61 63 62 65 66 65 66 65
    68 62 66 68 68 62 61 65 64 68 67 64 65 72 72 68 70 73 73 75 74 71 72
    74 71 68 68 67 67 67 69 68 70 70 68 66 62 63 60 60 58 55 59 62 65 66
    63 61 61 63 61 59 59 62 65 67 70 71 71 73 74 70 72 72 72 71 70 68 65
    68 65 65 64 62 62 62 64 62 64 63 63 64 65 63 65 64 64 65 65 63 64 65
    60 58 59 57 58 62 58 60 62 63 63 64 63 61 61 63 59 63 62 64 65 65 67
    67 73 70 67 62 62 63 61 61 61 63 63 64 63 61 62 60 61 61 65 66 67 68
    68 66 61 61 61 62 62 64 61 61 63 65 63 60 59 57 59 60 64 64 64 66 69
    72 69 67 66 63 64 66 58 56 57 57 58 62 62 57 63 63 63 64 62 60 60 61
    61 61 64 62 64 61 62 63 62 64 64 66 62 63 58 62 63 59 60 62 64 66 69
    65 62 63 63 61 61 62 60 63 63 62 63 65 67 69 71 75 74 72 70 68 64 62
    59 58 59 63 63 62 62 63 65 62 65 65 63 62 64 64 61 61 58 61 61 65 65
    65 68 67 68 61 67 67 68 62 62 66 66 70 68 68 68 75 73 69 71 73 71 71
    71 69 72 74 72 70 71 69 69 68 71 69 71 69 68 66 63 64 61 64 63 60 63
    68 69 69 67 63 61 63 61 59 60 61 62 66 70 72 71 74 76 73 75 74 74 74
    73 69 67 71 70 70 69 66 66 68 66 63 64 63 62 64 64 62 65 63 64 66 67
    63 64 64 61 61 61 58 58 63 62 65 67 66 67 68 67 65 65 66 61 66 67 69
    70 69 72 71 76 72 67 63 61 61 58 59 59 63 65 64 63 61 62 59 61 60 63
    64 68 68 68 66 63 62 62 63 66 66 64 63 65 67 67 64 63 61 63 64 68 66
    65 67 67 68 65 63 61 59 61 63 58 57 58 59 61 65 66 62 67 67 65 66 63
    60 60 59 56 59 61 59 63 61 62 65 64 66 67 67 63 63 57 59 62 58 58 61
    63 65 69 67 65 64 67 64 63 65 64 65 64 63 61 63 66 65 67 68 66 65 64
    64 59 58 58 56 61 62 62 60 59 61 62 61 63 64 63 62 64 65 62 63 61 63
    64 69 71 69 70 68 69 63 69 67 66 61 63 65 66 69 66 66 66 75 71 67 66
    68 66 68 66 63 67 70 69 68 68 65 65 64 65 64 65 64 65 65 63 65 64 65
    66 64 66 69 69 69 66 63 59 60 59 58 59 60 63 67 71 73 72 74 76 72 72
    71 71 70 70 68 66 72 71 71 70 67 65 68 66 62 62 63 62 64 67 64 66 63
    65 65 67 65 64 64 64 65 64 62 61 65 63 64 65 64 65 64 65 63 62 63 60
    64 68 71 71 72 74 74 81 77 70 67 63 62 59 60 56 59 61 61 63 62 65 63
    67 66 69 70 74 66 66 64 63 62 62 61 63 64 62 61 61 65 67 67 65 62 63
    64 68 65 63 64 66 67 66 65 63 60 64 65 60 61 62 64 65 68 66 64 70 69
    66 67 65 62 63 61 57 59 62 61 63 62 62 64 64 67 68 66 64 64 59 60 62
    59 56 62 62 65 69 69 68 66 69 65 65 67 65 63 62 61 59 61 61 63 64 67
    65 65 63 64 63 60 60 57 62 64 66 63 61 63 66 65 63 63 63 62 64 64 61
    64 62 64 64 70 71 69 68 68 68 65 70 65 66 63 66 68 70 71 67 66 65 72
    68 62 62 64 62 64 62 59 64 68 65 64 66 65 67 66 66 66 69 69 68 68 67
    67 66 65 66 63 65 66 65 65 63 61 57 58 58 58 60 62 64 69 72 76 76 76
    77 74 72 71 70 67 65 66 66 71 71 71 71 69 68 69 66 62 62 64 63 64 67
    66 67 64 66 64 64 62 61 58 58 60 60 58 58 64 62 65 66 66 65 66 68 66
    65 65 63 65 70 72 70 72 75 72 79 77 68 66 64 61 59 63 60 61 65 65 67
    67 68 66 69 68 71 73 75 68 68 66 65 64 63 61 63 65 61 61 63 64 67 68
    67 63 67 67 70 67 63 64 65 65 62 60 57 57 62 64 61 61 65 66 69 73 72
    68 72 71 67 67 64 58 57 58 54 55 59 59 61 62 62 62 64 67 67 65 64 65
    60 63 63 62 58 65 64 66 69 69 67 64 69 65 65 67 66 63 62 59 55 57 57
    58 59 63 63 64 63 63 62 58 58 54 60 62 64 60 59 61 63 63 61 62 61 63
    65 66 65 67 64 65 65 69 70 67 65 65 66 64 69 64 65 65 68 70 70 70 67
    69 68 74 69 62 63 66 64 63 60 58 63 66 63 60 62 63 64 62 61 63 66 68
    67 66 66 68 68 66 65 64 65 65 63 63 60 59 56 56 56 56 58 60 62 67 71
    74 74 76 76 74 75 75 74 71 71 72 71 74 74 72 72 70 68 66 65 62 60 63
    61 64 66 65 67 64 66 64 63 60 61 59 60 62 61 61 60 66 64 67 65 65 67
    65 68 64 64 64 62 64 68 71 69 72 72 70 77 76 69 67 65 61 62 65 63 64
    67 68 71 71 71 69 69 67 69 69 71 68 68 65 64 65 65 64 66 65 63 63 62
    63 67 67 66 64 66 66 69 68 64 64 64 65 62 62 58 58 62 65 62 63 68 66
    67 71 71 69 73 71 66 69 68 62 61 58 55 56 60 58 60 60 60 63 64 67 66
    65 63 63 58 60 62 62 60 65 65 68 71 69 67 64 69 65 66 67 67 66 64 61
    57 61 59 59 60 61 62 64 63 61 61 57 57 52 57 57 60 58 58 60 61 62 60
    61 61 64 66 69 67 70 68 68 67 70 70 67 66 65 64 64 69 64 64 64 67 69
    71 69 65 67 66 71 66 60 61 63 60 60 59 57 61 64 59 59 61 63 63 60 59
    61 65 65 64 63 64 66 68 66 66 68 70 69 67 67 63 62 58 56 55 55 57 59
    62 68 70 72 74 76 75 73 73 71 72 72 71 70 70 72 72 70 71 68 68 69 68
    65 61 63 60 62 62 59 60 60 63 61 61 58 60 59 62 64 64 64 63 68 64 65
    62 61 63 63 68 64 67 68 66 68 70 73 69 74 71 72 78 78 71 69 68 63 66
    66 63 64 67 68 68 68 67 66 68 66 68 67 70 71 71 68 66 67 67 66 65 65
    63 64 64 64 68 68 70 67 71 69 71 69 63 64 63 63 60 59 56 58 63 66 63
    65 71 69 71 74 75 74 77 75 68 71 68 61 59 57 53 53 58 58 59 59 59 62
    64 66 65 63 63 64 59 61 62 64 61 66 66 69 71 70 69 65 70 66 67 67 68
    65 63 61 58 61 58 58 59 64 65 67 65 63 65 61 59 52 57 56 59 56 55 57
    59 61 57 59 60 64 65 68 66 70 68 67 65 67 69 66 64 64 63 64 70 65 65
    65 69 70 71 67 62 64 63 67 62 57 60 64 63 62 60 59 62 63 58 56 58 61
    61 58 58 62 66 67 66 66 67 71 73 70 68 69 69 67 66 63 59 58 54 53 54
    53 54 57 59 64 68 69 70 72 71 70 71 71 72 72 71 71 71 71 71 68 67 65
    67 67 66 63 59 62 61 64 61 61 64 64 67 64 62 60 64 60 63 65 66 67 66
    71 67 68 64 61 63 62 68 61 64 66 65 66 69 73 67 75 70 71 76 80 74 72
    73 66 71 70 67 67 70 71 69 70 66 65 67 64 66 65 67 69 69 64 63 63 65
    65 63 64 62 66 63 66 69 70 70 65 67 65 66 63 57 57 56 57 55 56 55 56
    62 65 64 69 74 72 74 76 76 76 79 75 68 70 68 61 59 55 50 50 56 57 58
    58 60 62 66 69 67 65 65 66 62 66 64 67 61 67 66 68 69 68 68 63 70 64
    66 66 66 61 59 58 55 60 56 56 57 62 65 68 66 63 67 64 64 57 62 60 64
    62 60 62 63 64 59 59 60 63 66 67 66 70 70 70 68 70 70 68 65 66 65 66
    70 65 66 68 72 71 73 69 63 64 64 66 60 57 59 61 61 59 57 55 59 58 53
    52 54 59 61 58 57 63 66 69 67 66 66 69 70 66 65 64 65 63 61 59 56 55
    52 52 54 54 57 60 60 66 67 69 69 71 69 67 70 70 72 71 70 70 70 70 69
    69 69 67 68 68 67 64 59 62 61 63 61 60 65 66 70 64 61 59 64 60 62 66
    68 69 69 73 68 69 64 62 62 62 69 64 67 69 69 69 71 74 66 74 68 68 72
    76 70 70 72 64 69 69 67 66 69 69 68 70 65 66 69 66 68 68 68 70 70 63
    63 65 67 66 65 65 62 66 64 65 69 71 71 66 70 65 65 62 55 54 52 54 53
    54 51 53 59 63 65 69 75 73 76 78 78 79 80 75 66 68 67 60 60 55 49 51
    57 58 58 59 60 61 65 69 67 64 66 67 63 67 66 67 61 66 64 68 68 69 68
    61 70 63 65 64 64 57 55 57 52 59 55 54 54 58 61 63 62 58 62 60 62 56
    61 58 63 62 60 62 62 65 59 60 60 64 66 67 66 68 69 69 68 70 70 68 66
    68 67 70 72 64 66 68 71 69 70 66 60 63 62 66 60 56 58 59 61 61 57 54
    58 58 55 54 55 57 59 57 55 59 63 65 64 67 68 71 74 70 70 67 67 64 61
    58 55 54 51 53 55 54 58 59 60 66 67 66 67 68 67 65 66 65 67 67 66 68
    68 72 72 72 72 71 71 72 70 65 60 64 62 63 63 62 66 66 69 61 59 59 63
    60 62 67 69 72 73 76 69 69 63 62 61 60 67 60 64 65 67 66 70 74 67 75
    70 72 75 78 72 73 73 65 71 71 67 65 67 66 66 68 62 63 68 67 70 70 68</data></your_img>
</opencv_storage>
