<?xml version="1.0"?>
<opencv_storage>
<norm_v>6.6789594998023460e+02</norm_v>
<input type_id="opencv-matrix">
  <rows>256</rows>
  <cols>256</cols>
  <dt>u</dt>
  <data>
    160 183 219 17 75 89 0 0 160 183 219 17 75 89 0 0 46 9 101 96 13 1
    61 0 101 34 68 109 19 70 98 63 103 65 19 61 66 118 0 37 31 7 52 106
    106 49 108 100 63 58 106 53 115 3 97 5 59 111 88 43 31 48 5 13 1 119
    29 59 24 74 66 83 120 9 25 20 3 77 13 15 12 7 53 79 89 39 89 59 80
    11 106 49 68 114 120 67 117 103 43 102 52 81 31 44 68 65 45 57 71 65
    57 45 15 29 103 42 8 26 6 52 95 51 59 2 43 6 2 95 18 101 49 45 110
    105 73 95 43 5 91 29 17 93 92 112 14 90 17 51 105 113 57 118 91 2 40
    76 121 89 48 65 77 103 34 123 35 29 71 51 94 75 49 58 93 94 115 85
    105 76 81 125 124 52 13 42 91 74 89 72 33 30 11 43 31 39 121 36 0 72
    13 108 37 3 87 51 73 67 86 123 77 16 117 70 85 86 14 75 4 106 125
    118 14 0 124 46 16 60 59 124 82 93 100 9 85 33 91 100 92 86 123 112
    66 17 44 89 27 8 59 84 66 52 51 73 48 78 120 20 13 6 91 83 71 101 40
    116 26 14 90 74 3 50 34 80 58 117 35 85 34 122 50 101 63 121 34 1 48
    91 123 29 66 82 48 108 41 10 7 57 63 43 85 71 112 75 124 74 115 105
    67 84 48 72 67 82 10 91 50 4 11 70 9 56 73 125 89 48 92 27 65 116 85
    125 70 62 88 81 127 82 125 9 118 123 32 30 56 91 110 29 30 69 22 85
    53 0 55 67 26 69 73 78 102 96 123 119 108 51 25 59 103 50 112 124 62
    38 41 86 32 117 83 62 120 118 22 88 83 7 127 22 107 16 37 66 19 120
    68 5 46 37 59 5 53 49 57 75 43 7 23 93 83 17 102 21 48 116 47 117 65
    29 43 109 105 101 84 94 106 11 87 101 37 13 100 42 70 111 52 33 75
    119 28 69 76 1 57 38 99 29 120 116 65 63 47 31 114 33 12 19 110 20
    88 107 94 105 99 28 79 18 45 20 79 107 107 94 106 6 47 63 15 47 123
    120 112 82 126 99 8 101 7 23 61 18 0 95 125 92 10 27 41 93 97 20 82
    59 86 86 126 59 13 118 53 77 19 21 116 98 111 48 60 81 8 34 100 119
    24 89 2 113 61 10 16 69 80 17 2 68 8 19 61 22 105 100 122 78 90 88
    54 58 96 61 15 59 18 103 58 84 99 18 41 2 46 38 18 88 64 113 53 63
    89 93 42 10 29 29 38 7 8 106 116 38 118 14 39 59 44 81 64 10 59 98
    104 57 106 31 7 49 4 47 97 36 28 8 3 89 119 30 58 9 99 6 116 20 111
    63 81 101 78 121 87 25 48 55 119 61 57 114 51 74 80 109 38 40 65 108
    28 60 110 63 56 53 103 111 27 113 61 44 105 14 126 6 106 86 97 33
    116 56 72 17 74 64 13 5 64 48 122 19 36 102 52 100 65 31 1 20 66 111
    2 23 44 10 118 18 82 69 75 18 69 13 42 49 15 40 53 45 112 116 20 24
    18 45 104 82 12 86 25 110 71 6 120 3 18 3 12 107 43 109 73 85 34 10
    43 76 84 112 89 127 36 109 119 99 50 1 103 105 10 53 62 15 45 82 33
    124 120 39 38 109 32 115 45 37 58 88 4 70 92 28 29 116 61 108 67 42
    35 105 76 59 120 13 107 115 118 67 109 100 71 9 87 56 126 9 10 114
    77 2 103 73 29 33 15 72 28 126 103 79 71 114 56 60 65 88 21 52 16 91
    0 98 38 82 94 50 48 9 8 119 35 68 5 58 2 74 106 64 34 67 58 79 53 44
    18 84 29 126 126 113 113 21 17 108 27 46 83 0 92 62 36 24 13 76 120
    115 94 58 106 69 113 21 38 117 21 80 11 2 32 115 79 38 57 119 41 47
    33 89 6 22 115 104 50 19 16 85 42 34 123 106 103 87 6 87 80 55 66 8
    12 123 50 12 43 36 54 20 56 77 85 34 127 83 100 68 12 53 102 91 33
    82 72 8 49 34 8 118 40 5 29 44 89 75 36 58 79 19 92 61 51 1 21 83 52
    37 91 3 82 28 2 16 75 63 25 10 57 46 67 20 87 115 127 7 13 118 117
    110 3 45 7 5 32 70 91 0 63 111 107 22 3 110 98 117 50 108 43 88 92
    81 121 90 54 94 40 15 119 29 9 61 86 8 115 80 99 57 99 89 14 7 31 87
    81 23 67 96 41 43 47 113 66 122 116 94 78 59 42 125 77 49 96 60 70
    27 37 66 11 119 105 93 55 104 38 80 53 81 11 69 52 9 61 98 82 8 104
    45 119 74 90 15 55 70 118 30 69 22 83 58 59 40 102 10 8 4 114 81 38
    33 94 42 113 28 83 85 26 46 72 76 89 31 119 100 28 75 120 9 115 37
    16 19 37 81 79 118 51 10 104 0 50 93 74 79 56 89 42 108 17 81 5 59
    94 67 119 2 39 91 21 76 104 106 64 20 10 108 64 62 73 52 55 78 117
    74 84 53 17 0 63 91 1 61 126 25 110 27 22 118 32 83 68 73 72 25 6
    126 33 87 104 3 10 76 74 3 121 98 19 125 67 14 1 42 71 56 12 70 108
    102 63 97 6 24 73 64 123 93 110 16 20 36 99 90 14 119 0 2 48 79 117
    23 71 63 35 103 111 19 49 22 54 94 67 12 30 75 127 29 122 38 103 122
    119 113 59 71 123 2 1 62 10 17 125 6 45 10 48 61 63 53 91 55 81 83
    29 73 28 41 49 50 107 115 77 29 1 118 96 41 96 118 48 11 2 16 103
    119 2 35 69 70 113 40 6 51 93 116 112 17 72 114 20 101 18 13 32 80
    62 115 110 52 38 126 87 51 104 54 98 106 96 33 93 121 122 14 7 54 69
    32 23 62 0 86 102 14 80 112 19 6 50 7 88 114 99 115 106 66 115 55 88
    76 70 54 79 60 4 96 37 19 66 78 92 16 102 88 73 23 88 99 53 6 30 64
    116 2 65 126 107 15 99 107 98 61 78 63 76 91 66 4 123 9 127 90 94
    115 39 44 88 43 88 99 122 96 50 65 2 114 40 7 78 89 2 37 55 32 117
    16 65 73 16 70 117 59 16 69 75 95 124 56 112 44 36 94 70 6 38 34 55
    39 115 113 107 24 2 43 19 31 12 54 14 116 53 81 44 69 36 71 52 33
    117 24 80 118 79 18 70 53 63 44 46 73 9 47 74 44 54 125 22 75 45 28
    64 61 63 99 0 85 13 81 108 91 115 57 53 4 46 118 96 31 46 7 16 80 37
    73 43 124 34 37 102 97 19 24 65 13 90 124 40 4 125 50 75 36 113 70
    23 90 44 101 40 45 96 31 6 110 81 92 27 42 30 32 22 121 78 105 0 27
    19 50 17 124 27 4 24 42 24 28 46 104 110 94 0 54 47 103 113 14 78 38
    26 89 28 21 9 40 82 93 112 105 0 13 0 87 47 74 25 82 54 38 28 26 118
    56 120 19 85 55 22 96 67 4 98 1 10 4 32 76 99 35 62 61 114 85 103 84
    111 25 38 39 3 13 48 54 25 19 56 113 100 18 107 104 34 64 99 117 17
    92 78 71 70 16 78 36 81 119 91 100 1 53 92 116 21 102 42 29 23 16 63
    114 52 113 28 57 7 9 122 23 45 110 124 80 35 116 36 92 125 56 36 47
    84 77 18 8 117 101 52 75 60 30 7 12 85 20 69 15 9 64 122 1 22 98 102
    43 41 31 71 67 77 32 2 102 10 52 64 27 48 110 84 97 35 1 69 45 61 29
    84 83 22 70 1 67 85 51 44 29 39 5 25 41 60 111 92 39 53 18 64 39 36
    77 98 118 31 53 29 92 63 54 25 114 68 76 27 16 60 19 113 121 126 3
    107 9 11 30 0 116 102 111 40 73 127 83 95 37 39 95 6 74 85 29 56 127
    85 50 97 48 104 101 98 2 72 31 45 10 103 75 4 124 126 126 16 19 32 5
    85 72 62 119 73 10 2 62 52 81 117 10 43 60 101 100 116 92 36 100 51
    25 106 77 13 91 58 42 119 14 121 88 90 46 11 75 66 33 27 75 69 115
    64 117 88 98 3 1 11 40 38 113 62 121 88 85 19 8 32 1 43 33 75 43 3
    91 112 67 33 106 31 41 47 115 78 74 105 75 63 101 62 36 39 126 106
    107 46 68 2 42 19 88 35 26 103 126 86 115 94 81 70 62 36 93 54 92
    114 58 18 77 106 125 69 64 65 70 60 11 33 80 41 96 53 48 31 45 97 86
    85 10 82 28 42 105 94 12 81 13 121 70 12 94 78 96 29 45 102 63 123
    15 23 64 5 39 68 78 73 43 83 62 102 41 43 22 82 94 93 126 83 78 73
    71 122 101 29 75 72 0 47 105 9 111 55 52 3 24 40 61 84 86 54 109 72
    45 73 66 63 107 122 55 44 122 5 47 57 84 108 45 108 105 27 106 11 69
    22 125 17 24 76 63 62 48 118 21 15 60 105 55 58 43 45 19 27 22 25 61
    119 84 118 97 96 113 113 89 108 7 58 67 64 62 37 45 27 62 78 10 31
    78 36 120 111 127 60 7 115 3 27 57 115 34 104 71 51 78 49 37 35 13
    71 12 39 55 45 111 77 60 76 12 52 36 46 77 120 112 60 1 21 29 113
    122 109 62 59 89 67 42 35 82 104 98 14 65 16 37 124 98 97 3 7 12 38
    108 34 123 36 104 127 51 69 83 8 119 45 61 37 56 34 86 79 81 118 125
    56 52 13 60 109 125 35 12 10 7 19 22 42 89 5 125 79 82 64 75 88 61
    82 47 31 22 97 100 48 111 1 76 45 125 89 118 12 33 97 65 88 9 76 4
    70 46 90 47 69 27 6 71 86 119 97 48 93 104 3 57 22 30 112 51 45 58
    106 35 50 39 72 49 40 66 112 44 14 121 58 11 20 97 40 73 31 70 59
    100 0 39 37 20 107 68 113 119 56 85 97 60 94 106 11 81 61 17 95 13
    73 3 124 36 112 95 13 45 2 87 13 46 61 72 89 127 118 97 69 44 85 40
    14 83 117 85 80 67 67 15 41 21 14 76 102 77 63 103 17 17 67 96 123
    60 2 66 26 114 109 38 83 56 37 37 48 88 35 19 25 113 118 111 34 12
    19 77 95 76 54 6 26 112 102 92 118 50 66 11 91 87 62 80 58 55 94 66
    25 44 109 61 10 106 116 30 94 118 26 112 37 107 39 11 123 104 123
    117 75 56 75 57 124 14 109 26 92 47 108 29 48 30 78 93 66 89 72 59
    119 28 94 41 88 107 43 86 73 31 123 127 14 126 28 123 38 82 26 10
    112 83 90 95 121 69 121 85 41 31 88 110 2 87 120 80 117 125 10 68 55
    35 70 115 104 67 92 85 8 87 12 74 92 51 1 36 28 22 49 55 52 115 101
    88 19 115 85 80 39 53 18 16 106 112 69 12 38 28 87 68 106 57 11 86
    104 12 49 107 110 51 95 123 44 54 33 121 9 58 3 33 12 10 64 49 97 81
    90 105 90 29 69 103 123 58 51 95 79 97 57 28 96 99 110 66 61 58 111
    47 82 92 72 11 88 85 107 24 94 15 103 67 103 30 122 62 122 63 19 124
    13 107 104 90 110 51 127 8 3 100 58 72 94 50 11 117 21 27 105 116
    121 79 91 38 15 42 114 12 25 60 110 119 66 95 105 7 70 77 89 44 114
    51 26 59 110 27 49 11 69 115 54 19 43 8 9 15 51 37 94 4 67 70 95 82
    4 39 116 19 37 69 46 28 13 43 37 27 104 126 32 63 28 7 68 84 69 83 4
    109 61 79 18 77 32 48 99 53 87 74 111 97 54 9 103 27 59 95 123 89 48
    40 115 55 55 74 37 36 53 71 68 50 34 12 108 96 65 86 2 42 47 13 114
    31 111 44 119 70 14 64 65 105 46 85 79 65 65 17 13 35 94 12 89 52
    124 121 126 57 52 67 0 1 73 79 40 71 31 42 121 54 116 82 88 70 54
    119 107 23 16 56 31 4 81 26 40 32 119 110 72 54 121 91 85 83 13 127
    81 87 11 112 79 31 15 9 29 34 125 51 3 62 33 27 1 15 41 24 102 97
    123 71 24 126 4 97 79 110 41 20 97 59 76 90 37 122 14 79 92 32 69 10
    14 113 9 60 55 41 76 7 58 22 74 100 116 2 88 119 105 42 44 19 0 55
    95 20 18 0 53 108 29 91 73 120 113 54 76 44 101 40 124 6 20 111 72
    56 127 43 80 13 39 107 72 125 64 16 24 108 106 98 73 83 114 55 113
    111 24 40 78 4 33 35 62 68 85 11 2 42 88 4 11 83 48 70 32 119 113 64
    15 89 30 26 89 94 32 19 1 29 40 114 0 115 101 116 62 31 89 84 111 77
    104 68 70 40 33 111 24 118 64 115 55 4 97 91 32 108 105 119 16 103
    10 95 8 31 85 95 78 56 17 96 117 31 54 45 10 35 90 33 50 14 4 82 32
    37 112 1 96 66 123 49 44 83 2 34 35 26 49 3 98 11 58 17 125 105 50
    122 88 122 113 57 28 3 98 115 72 81 118 81 54 55 73 33 51 42 81 37
    45 43 127 99 13 44 67 58 64 66 119 12 68 7 43 79 39 101 38 62 99 83
    51 22 44 110 126 93 61 59 6 90 106 57 115 111 105 70 103 50 96 51 46
    23 49 68 46 77 42 78 8 90 110 63 113 71 55 40 117 76 108 93 36 15 55
    10 22 48 40 124 89 14 29 65 32 89 82 82 80 115 0 90 21 75 69 14 27
    121 1 37 11 117 91 7 115 32 67 19 9 74 78 120 15 77 67 28 26 113 72
    25 91 79 13 70 109 17 108 75 53 100 82 95 63 120 75 13 81 118 99 53
    16 126 41 1 124 43 26 2 64 35 45 45 19 86 124 3 123 86 113 22 36 116
    41 86 103 125 76 29 50 53 103 103 105 96 83 78 95 66 67 32 115 48 64
    106 88 52 116 109 120 48 116 68 8 30 38 9 37 98 117 54 75 39 82 41
    120 115 124 11 35 97 80 55 104 56 117 30 9 33 77 124 33 16 46 88 46
    4 101 124 123 101 100 89 86 48 21 28 26 60 48 119 30 56 15 1 98 63
    19 92 85 97 104 20 25 84 61 106 91 86 45 124 101 109 66 86 127 81 76
    126 126 78 7 10 41 50 112 51 0 0 25 54 107 13 14 80 21 87 90 12 13
    17 125 127 102 123 126 123 54 122 100 107 63 99 54 104 37 92 74 41
    33 56 6 27 39 9 106 7 16 77 41 14 117 115 47 55 52 19 35 77 109 47
    64 21 44 98 21 55 101 32 9 101 27 51 94 86 23 25 44 103 6 58 44 48
    28 123 99 73 116 27 112 62 71 123 103 83 25 86 60 33 34 115 96 127
    35 37 127 40 112 39 21 67 79 13 110 95 73 121 12 85 63 58 22 55 32
    30 49 66 72 12 42 80 45 76 81 27 41 35 18 39 43 100 16 41 127 110 6
    6 108 43 46 22 50 101 85 41 119 56 25 49 99 6 2 79 97 28 11 58 42 33
    106 2 114 40 29 102 70 65 77 38 30 88 33 30 61 94 108 45 109 36 100
    21 75 77 99 124 66 86 47 86 36 18 50 75 123 5 7 115 80 25 57 50 123
    81 65 103 115 45 45 94 23 69 106 84 81 122 118 5 109 42 15 57 39 30
    63 34 110 20 14 42 79 39 90 74 29 40 40 120 119 40 4 74 124 61 34 99
    83 49 109 87 58 112 55 48 108 93 26 123 114 101 75 105 19 68 58 36 1
    62 99 56 40 85 55 114 98 23 66 122 119 127 32 35 125 71 108 67 74 34
    6 38 46 40 20 66 109 86 0 126 107 64 40 120 88 109 55 16 88 8 32 46
    71 22 18 100 103 21 39 5 106 37 81 63 51 104 84 65 57 75 92 23 52
    109 18 21 39 22 29 26 33 55 13 53 48 47 72 8 101 37 116 59 64 123
    103 2 116 127 114 120 111 47 85 91 21 60 31 121 51 78 7 22 90 3 8 80
    78 72 63 5 12 50 106 118 26 51 16 89 17 64 81 20 25 88 49 105 97 90
    89 42 126 21 118 3 43 56 1 7 60 101 2 89 69 68 113 37 111 104 117 12
    118 46 57 63 3 124 35 1 91 95 127 106 98 68 126 61 22 34 96 104 47
    52 28 94 5 44 16 90 25 71 42 127 17 101 34 100 85 27 31 95 65 96 32
    4 71 49 59 105 102 101 5 18 50 31 50 34 33 113 35 57 96 80 107 18 80
    108 115 100 43 99 72 27 45 77 39 0 55 125 13 23 123 23 117 9 43 21
    21 72 99 59 67 99 36 0 87 49 20 66 13 92 106 85 13 93 40 37 7 85 23
    96 57 84 12 36 58 16 16 29 4 20 79 79 69 103 31 69 90 119 67 56 40
    47 29 73 46 21 72 58 36 34 103 89 99 41 78 49 9 33 62 17 71 100 90
    56 61 84 0 46 18 107 117 76 2 45 90 40 99 50 21 119 27 108 33 28 72
    98 13 93 89 88 34 87 123 95 41 49 45 37 5 56 21 78 36 60 121 93 109
    118 46 126 4 99 69 28 35 98 46 122 27 50 76 22 32 54 40 110 88 120
    50 24 52 68 25 64 28 121 59 8 101 62 2 26 25 88 45 30 59 88 55 104
    27 42 71 70 19 3 123 126 87 75 87 39 107 100 104 52 91 33 27 69 26
    54 41 70 111 47 109 118 57 50 119 3 2 76 67 98 22 55 18 91 94 80 106
    46 19 125 73 25 56 60 35 22 89 41 73 67 14 88 87 103 85 3 36 77 25
    52 88 53 58 76 9 7 25 70 41 32 86 94 3 87 16 58 68 123 52 26 60 109
    62 64 84 3 50 15 115 45 86 91 103 117 122 10 29 59 107 105 65 17 121
    119 80 29 114 103 124 32 123 3 120 99 101 103 0 64 113 126 6 40 61 1
    57 61 71 41 85 29 94 24 84 22 68 50 119 53 75 19 23 0 37 119 42 8 89
    91 30 12 52 124 39 68 1 44 59 103 119 113 0 75 20 119 119 82 84 20
    126 94 118 36 62 63 100 73 87 82 34 24 12 70 113 46 50 63 12 56 90
    91 93 19 111 29 126 115 34 28 3 35 70 90 47 44 105 72 34 82 73 68 56
    80 99 23 106 16 57 95 115 35 9 63 121 13 7 74 80 73 21 9 64 72 72 22
    102 109 87 89 56 15 15 81 21 99 54 37 116 121 9 88 26 29 117 2 16 48
    74 49 24 82 114 33 115 16 33 121 51 38 26 106 13 112 31 38 50 83 70
    106 83 77 4 58 21 93 41 65 60 74 15 52 7 75 66 27 78 40 112 82 55 49
    25 50 97 102 43 12 63 35 94 79 89 108 74 102 43 36 95 76 90 74 72 84
    0 74 72 10 30 106 44 26 119 31 65 24 33 66 23 18 79 35 118 91 44 13
    61 12 102 80 36 127 87 20 72 72 27 112 52 74 73 89 63 46 17 100 113
    125 122 26 73 51 68 32 122 68 63 15 55 110 117 93 38 122 84 39 2 53
    86 65 61 57 32 51 90 0 73 25 126 77 51 48 2 60 127 115 112 113 13 72
    37 76 70 121 7 87 74 72 115 96 20 12 49 91 85 22 87 90 96 13 57 49
    101 15 65 31 51 116 103 5 85 84 114 88 34 94 106 105 92 123 49 48 67
    65 81 7 37 37 67 9 31 74 98 123 122 94 74 72 48 117 61 43 80 67 66
    13 6 1 92 96 24 39 115 35 121 71 124 88 75 29 119 17 126 37 99 31
    127 105 2 17 0 46 22 103 4 6 70 126 64 106 3 116 14 51 66 71 79 109
    75 41 62 106 21 78 40 13 103 87 36 48 46 62 115 66 9 93 62 85 41 103
    53 125 46 105 114 78 30 62 94 64 67 110 85 59 100 37 7 81 88 72 52
    91 119 41 91 37 20 126 83 66 39 89 93 61 127 17 91 24 56 17 72 19 75
    98 123 53 0 19 47 10 98 4 62 31 117 8 110 20 120 0 42 27 46 47 38 68
    74 48 24 11 41 127 29 111 60 2 95 113 116 0 19 73 33 33 25 117 127
    97 25 126 38 63 0 58 45 74 48 100 69 51 5 86 87 120 123 81 33 101 5
    121 25 82 71 77 106 99 88 23 33 81 66 87 125 82 57 19 19 32 90 118 0
    0 63 16 91 61 109 67 116 37 91 8 61 121 44 61 117 95 97 63 115 80 86
    100 18 31 68 116 8 117 53 122 91 67 43 113 15 3 81 125 113 122 72 38
    34 75 36 76 105 98 115 26 120 21 57 97 38 23 109 87 67 75 37 28 105
    4 38 21 53 14 120 34 56 107 88 51 6 78 27 119 62 115 87 61 33 57 94
    73 0 7 20 103 60 5 63 66 116 11 6 95 58 67 120 47 60 108 34 42 63 81
    50 60 104 30 96 49 66 47 46 102 28 3 80 23 75 52 31 66 85 116 125 67
    61 9 30 4 62 82 53 29 44 106 31 20 85 62 20 127 2 84 85 63 59 34 61
    48 44 4 65 120 23 15 19 72 115 67 16 121 124 11 28 29 39 85 73 54 30
    101 32 10 7 36 97 24 85 87 23 7 98 58 90 55 107 11 29 25 49 66 97 54
    41 54 33 100 83 90 103 84 113 106 75 99 2 19 99 7 98 122 32 75 77 24
    98 69 63 70 8 6 46 117 115 36 52 101 53 80 44 113 15 83 106 11 48 80
    81 115 113 55 54 103 88 44 49 17 29 124 2 15 116 113 103 68 96 9 0
    12 74 121 103 95 114 47 30 32 116 123 56 104 16 49 68 120 16 33 90
    95 73 36 49 126 65 46 94 118 76 107 106 101 113 64 36 74 104 103 125
    32 24 65 23 15 44 8 30 122 8 62 126 106 47 38 107 113 50 90 122 87
    99 15 19 122 87 69 57 119 90 62 45 106 4 58 41 82 106 33 84 2 99 16
    125 10 119 1 10 88 92 11 59 30 60 85 82 65 19 55 66 27 93 37 56 124
    85 3 27 39 53 71 102 64 70 114 26 23 127 52 25 32 56 125 113 14 91
    14 118 122 50 19 49 92 111 115 10 103 126 110 118 44 80 92 109 91 35
    68 75 118 101 103 66 17 89 78 92 104 73 71 92 114 88 125 44 28 20 86
    21 118 60 81 10 44 93 26 56 121 57 0 119 46 125 32 37 94 120 102 12
    35 10 2 61 25 70 90 116 51 30 32 77 83 123 112 100 98 82 35 69 119
    38 23 70 56 46 110 0 101 113 67 86 78 113 67 101 125 68 81 5 66 62
    113 74 73 33 20 27 86 92 111 4 9 23 44 5 31 45 70 86 0 63 7 73 92 5
    37 78 124 49 22 24 19 57 72 36 39 42 105 105 86 126 76 16 91 48 107
    41 69 14 104 2 68 40 13 43 82 102 85 53 77 110 112 96 72 10 109 0 65
    12 48 42 77 118 2 60 55 8 103 0 101 40 59 0 108 62 82 89 31 14 40 77
    48 37 97 85 72 34 32 121 121 69 83 76 103 114 123 35 126 11 13 85 91
    17 16 9 0 103 2 109 66 90 109 103 113 48 110 5 122 121 113 55 102 4
    51 38 10 70 15 88 45 27 43 111 37 102 123 115 54 104 8 62 24 23 103
    22 39 84 50 14 33 31 34 52 50 118 19 6 41 112 5 28 63 74 49 6 81 41
    112 55 79 93 121 83 42 70 43 19 82 53 27 70 111 21 116 22 110 123 86
    40 113 19 70 38 97 107 77 1 100 103 91 85 24 10 31 33 30 13 107 86
    103 103 114 85 52 75 59 80 15 54 51 119 99 83 98 30 43 1 93 105 55
    15 30 41 36 99 17 73 38 106 91 126 24 120 120 45 70 82 71 69 81 113
    16 50 93 44 57 33 41 88 32 56 2 27 78 107 72 16 33 2 82 51 93 13 33
    101 55 36 33 5 43 90 104 78 61 84 28 74 118 51 91 38 124 112 16 43
    40 87 7 30 62 40 61 13 103 20 84 63 51 88 0 5 19 78 76 127 80 116 51
    30 73 112 80 83 14 22 126 120 7 116 49 124 25 89 17 27 107 28 84 94
    60 127 90 118 21 52 30 28 122 115 20 54 86 5 64 109 78 44 98 49 10
    19 28 120 51 114 5 109 107 32 29 37 117 24 90 67 50 59 62 127 22 108
    17 122 95 1 73 102 110 105 83 46 43 108 26 23 114 65 95 68 78 113
    125 35 87 81 104 57 63 34 91 9 90 74 21 69 66 1 115 38 105 26 82 120
    127 22 66 38 31 32 82 20 68 92 92 89 41 30 109 47 105 85 2 85 38 18
    19 32 53 109 98 7 98 91 94 99 10 120 27 116 66 49 76 72 66 36 46 28
    82 72 90 57 72 8 33 45 108 1 116 6 90 53 61 99 30 126 105 99 79 101
    7 94 5 31 107 91 9 23 28 11 120 28 49 85 83 119 64 84 46 14 102 39
    44 122 80 46 113 27 62 97 127 106 19 82 111 4 126 87 63 17 93 99 63
    117 75 40 35 53 92 85 60 99 45 110 42 56 80 53 18 52 62 94 72 9 96
    80 2 82 36 80 122 14 62 57 35 75 121 31 33 21 56 97 77 56 83 19 5 20
    17 98 95 62 93 71 68 54 14 58 80 15 40 99 40 100 73 123 75 98 75 74
    87 42 73 121 107 111 0 36 83 122 94 110 4 87 8 85 109 31 74 93 2 53
    121 34 0 114 2 47 50 13 74 23 47 19 52 9 8 14 22 92 124 47 79 11 29
    117 69 57 4 3 108 41 88 39 30 15 73 67 88 5 97 2 110 122 99 33 28 51
    61 44 106 22 26 94 1 65 94 121 102 77 114 49 59 80 54 37 48 26 62 12
    14 10 111 25 38 81 43 55 53 87 24 0 6 84 83 106 62 52 86 20 76 99 60
    21 87 117 97 35 76 47 1 112 126 14 12 13 121 40 50 57 72 77 64 50 75
    62 71 34 43 45 70 98 114 24 89 124 1 18 31 117 14 82 52 76 68 5 104
    106 56 100 8 116 10 53 62 55 107 81 29 9 108 37 54 61 3 3 125 56 17
    3 33 110 56 122 15 2 21 82 31 116 6 43 111 84 16 61 61 65 80 49 8
    101 50 89 14 80 116 115 116 115 40 109 50 112 87 35 46 14 119 89 77
    77 107 93 85 109 124 107 92 58 93 60 87 48 53 79 114 33 5 46 0 8 127
    63 124 99 4 18 62 114 14 13 122 84 25 88 66 11 37 100 105 112 117 76
    15 82 48 79 41 11 66 103 33 108 23 119 123 45 46 4 50 33 34 87 48 11
    53 94 81 72 98 107 51 46 51 84 121 115 13 122 125 8 56 110 120 16 68
    62 88 86 70 75 14 16 78 19 113 109 47 62 42 18 84 58 105 124 17 48
    43 48 4 0 54 86 1 1 116 2 9 104 17 28 79 8 6 90 34 44 33 57 85 47 39
    52 9 32 35 102 6 27 12 100 30 81 114 39 95 18 93 85 85 37 4 53 44 29
    76 7 106 76 126 57 121 54 69 23 25 51 108 5 122 30 98 15 127 57 6 66
    71 93 83 89 8 123 88 109 16 98 28 91 104 5 82 48 77 46 93 9 82 33 86
    18 28 30 52 87 92 82 39 70 79 96 22 48 103 28 105 90 60 39 63 66 53
    41 106 111 92 49 15 68 58 117 19 11 67 16 94 69 114 71 94 41 50 100
    120 40 123 79 95 104 93 40 70 111 41 9 19 20 42 104 108 60 73 89 4 5
    30 84 116 29 73 84 87 33 51 79 41 88 90 76 82 71 80 67 20 67 66 70
    126 24 86 3 27 22 21 68 72 63 17 13 111 62 21 20 17 2 72 18 88 6 97
    30 109 52 78 59 59 13 106 76 118 108 119 71 68 39 59 69 68 55 13 21
    41 104 115 75 5 113 79 51 85 2 90 93 12 109 51 18 48 90 90 64 8 60
    49 5 113 20 35 3 105 80 107 86 110 38 94 54 37 103 27 6 14 39 118
    100 20 49 58 2 96 29 75 67 76 0 48 102 119 6 23 52 26 47 72 105 106
    52 115 55 21 42 38 10 52 53 48 22 79 80 75 85 51 21 70 118 5 115 83
    94 19 104 69 10 51 28 31 79 126 22 39 56 82 118 35 85 87 76 101 74
    48 15 120 46 91 86 50 104 125 50 114 81 14 124 70 71 72 95 66 109
    110 48 107 25 11 21 12 88 65 90 36 48 35 75 52 37 4 73 5 66 103 100
    2 82 106 89 120 3 107 109 127 42 72 75 33 54 60 60 93 35 62 8 127 56
    25 55 0 43 22 17 101 110 12 4 48 74 112 87 19 47 112 29 68 66 64 49
    20 45 56 50 6 17 80 14 121 114 95 55 122 21 120 32 20 104 13 49 79
    45 96 85 49 38 105 102 51 96 53 91 124 51 42 93 26 111 42 76 35 116
    89 68 109 59 5 60 10 42 75 15 78 61 124 26 80 42 77 31 35 29 60 25
    38 82 66 13 69 21 83 124 16 89 107 30 125 64 61 24 11 7 74 13 45 44
    112 29 113 33 109 11 52 123 62 21 48 121 118 58 87 71 7 2 73 126 26
    34 47 106 31 125 95 111 109 88 109 81 42 49 124 98 100 101 91 78 5
    39 55 109 7 2 114 91 23 102 11 0 127 78 21 119 75 61 46 93 69 6 113
    54 0 80 100 100 20 76 119 55 75 62 95 120 18 57 19 113 95 99 40 111
    44 20 86 124 106 116 77 89 23 51 52 63 78 58 45 90 8 77 127 123 112
    113 126 53 28 92 118 49 31 119 35 97 89 63 93 38 48 127 92 61 63 46
    113 74 82 37 112 83 90 99 91 40 8 125 17 16 78 46 72 66 7 50 34 56
    96 76 74 68 10 71 44 8 22 57 7 17 19 117 78 91 31 115 39 94 103 75
    17 118 124 111 47 85 32 109 39 78 93 47 56 122 78 13 84 57 42 97 86
    47 23 122 124 19 80 97 63 100 18 43 103 67 123 16 42 68 81 37 71 24
    49 59 12 0 37 82 116 97 7 50 18 86 46 122 72 92 9 0 93 22 69 60 126
    28 27 125 53 82 58 3 12 15 111 108 85 2 67 55 77 103 72 11 81 9 76
    42 107 31 119 18 30 10 72 9 99 24 50 120 120 88 113 34 37 89 94 85
    126 27 47 109 43 4 104 79 69 114 39 34 99 96 87 13 83 5 77 68 30 19
    60 84 54 22 44 45 51 36 22 5 87 62 9 96 21 32 29 20 32 33 8 70 72 15
    38 78 85 117 39 58 94 90 66 57 49 47 53 24 16 60 110 6 34 90 19 111
    65 9 55 119 22 63 116 76 34 1 75 13 111 88 97 57 40 86 103 95 21 42
    115 93 86 79 16 60 36 70 107 115 5 7 11 92 100 89 122 3 53 72 100 76
    32 102 97 96 116 30 96 86 57 73 59 103 72 109 33 87 103 73 9 16 37
    67 19 101 11 107 17 115 77 31 76 28 7 20 109 103 122 14 76 56 38 7
    21 96 125 24 7 48 94 70 79 77 10 121 0 66 48 95 14 40 123 102 80 127
    99 54 3 70 84 127 31 109 125 26 95 61 6 54 43 97 43 62 18 93 111 25
    12 9 64 71 14 77 31 53 115 53 11 127 27 90 12 61 94 71 98 74 58 58
    119 100 94 6 52 80 79 43 44 68 72 36 99 14 31 111 108 118 78 116 0
    79 82 70 88 0 14 39 19 100 93 92 111 25 103 30 81 99 109 87 29 65 70
    99 73 49 115 123 32 80 124 55 27 97 62 9 62 24 21 109 11 37 29 27 79
    92 73 81 67 72 108 97 16 36 78 73 116 30 104 83 14 102 126 92 21 24
    96 47 101 10 27 66 60 73 100 80 73 83 109 109 16 11 102 23 66 112
    113 49 27 65 24 15 86 31 55 90 110 86 14 113 85 125 91 117 30 66 25
    70 38 18 15 105 13 91 112 48 66 78 41 67 99 60 56 40 116 69 10 87
    110 7 5 79 99 81 16 114 4 20 63 45 69 98 126 9 75 117 71 114 103 94
    85 89 18 11 52 18 54 60 16 123 92 72 93 122 43 77 108 97 70 32 108
    72 86 99 24 105 110 118 117 99 76 76 95 106 21 79 18 105 82 94 29
    100 125 92 7 35 5 77 98 115 40 68 9 69 29 106 116 61 38 115 91 3 49
    48 17 18 100 61 31 54 6 3 56 114 38 54 77 98 103 11 54 119 89 60 127
    37 36 124 28 77 49 7 45 101 37 30 54 55 117 118 30 110 74 69 113 69
    63 30 104 80 1 29 78 123 95 108 42 15 56 45 4 47 49 23 63 100 38 97
    98 76 117 63 26 79 23 36 63 25 108 81 79 15 28 94 87 39 107 89 92 70
    14 64 43 69 30 82 84 41 78 117 125 70 13 0 92 46 24 38 89 99 17 22
    100 67 109 107 45 115 40 76 31 7 3 36 85 80 17 119 1 88 21 29 97 56
    64 28 58 60 21 59 107 30 120 66 23 74 70 14 87 110 31 3 48 52 34 68
    58 9 50 16 108 25 122 52 110 93 94 54 75 40 102 90 50 121 113 117 76
    65 22 97 89 116 108 90 97 12 77 103 125 14 87 53 3 118 61 110 105 33
    28 54 56 117 19 117 106 25 46 56 26 32 91 105 105 5 7 77 16 78 96 94
    4 29 71 14 127 14 81 10 21 32 21 56 105 117 30 116 47 7 82 40 48 91
    84 46 81 105 69 34 49 83 113 112 25 9 96 79 38 69 118 81 72 72 5 90
    13 23 4 21 72 86 72 88 26 52 24 29 60 38 22 92 62 47 110 111 55 52
    34 55 122 118 108 11 21 24 10 113 57 45 74 116 24 97 35 125 126 62
    81 125 103 14 96 95 55 65 50 99 121 73 80 124 43 31 91 102 3 4 59 14
    7 15 86 41 53 46 81 105 81 30 1 51 121 8 112 66 76 117 100 28 24 39
    64 5 20 68 17 53 79 41 86 51 109 9 117 15 36 79 79 121 86 110 94 109
    123 38 121 82 59 33 117 83 31 7 31 5 32 99 6 81 117 50 109 67 90 68
    69 28 123 117 98 120 28 62 123 42 11 68 73 125 121 78 20 74 36 96 26
    96 22 99 7 65 48 107 86 113 87 1 51 120 94 48 36 22 57 64 33 26 97
    106 116 79 25 117 102 16 16 100 83 107 109 5 72 38 110 93 125 78 18
    117 105 99 32 65 65 8 102 127 35 41 37 79 117 89 36 39 85 3 46 63 68
    12 40 105 115 31 2 17 60 91 82 35 102 14 115 3 127 90 11 76 52 41 91
    77 23 44 9 75 3 98 54 21 62 117 57 75 114 126 105 39 70 80 5 45 112
    41 50 7 93 57 52 17 30 107 99 55 60 35 100 74 38 77 90 117 93 117 39
    50 123 27 83 116 57 69 76 1 31 43 21 111 42 93 105 98 111 54 0 65 69
    34 1 66 115 37 29 43 47 0 105 89 46 110 94 36 4 112 82 116 51 104 74
    0 81 38 45 71 58 25 72 41 57 102 89 41 102 80 107 5 31 111 45 23 22
    39 83 127 40 123 96 34 43 18 6 77 9 8 4 111 17 13 77 21 53 22 99 60
    115 121 71 13 70 90 66 92 61 28 32 9 0 126 75 88 106 74 61 0 12 102
    18 48 110 102 48 14 26 18 76 53 42 91 69 100 90 126 28 67 7 20 46 27
    72 99 125 5 55 73 52 79 28 22 106 120 89 71 49 57 73 28 80 57 16 9
    31 75 10 88 114 56 44 21 78 16 124 22 82 19 0 4 113 9 22 36 87 79 83
    62 36 88 114 20 103 50 126 4 71 62 21 62 106 114 93 63 56 110 101 7
    87 78 3 114 26 77 51 118 6 86 25 95 26 120 45 68 51 36 115 86 109 66
    72 118 32 99 79 2 74 59 84 66 7 14 89 24 76 29 63 1 19 123 78 51 63
    23 12 18 11 37 101 120 26 56 78 123 49 93 51 32 52 101 49 47 8 76 77
    42 101 76 126 124 25 103 12 34 54 100 108 79 55 117 28 64 79 36 122
    112 113 110 34 39 74 94 20 29 80 116 103 18 113 58 9 41 2 21 107 51
    88 99 60 97 95 51 25 39 106 82 5 85 114 36 97 32 49 9 4 61 76 28 80
    126 79 80 18 111 102 50 102 3 95 41 1 27 28 52 111 16 53 78 64 87
    116 121 61 36 49 28 3 78 106 56 103 107 97 6 21 122 105 15 37 42 2
    32 116 70 65 47 25 112 2 26 51 119 113 39 17 79 123 103 127 121 79
    78 116 33 80 25 27 61 50 20 80 11 22 30 1 62 38 61 48 30 27 86 30
    106 93 52 6 87 67 76 73 101 91 14 61 0 72 82 13 49 86 72 123 53 5
    121 87 99 31 35 107 5 110 99 95 100 26 46 46 124 32 35 19 117 35 9
    65 73 60 56 88 79 97 92 81 66 72 60 105 51 46 65 15 7 1 57 75 20 39
    41 68 12 78 103 123 5 69 22 42 25 118 75 90 54 67 26 93 91 69 127 42
    70 97 120 121 96 79 66 103 62 25 89 94 108 17 62 75 26 36 108 85 67
    57 17 58 17 48 82 96 88 53 106 12 126 26 8 108 11 107 59 124 19 45
    92 98 82 68 127 66 60 58 74 66 102 14 126 78 108 80 96 107 14 122 68
    125 0 52 37 56 91 126 5 90 83 72 65 109 38 86 89 11 103 17 112 61 46
    43 23 6 33 66 50 67 91 108 12 84 123 63 113 41 89 105 117 88 45 29
    103 46 36 1 70 77 54 42 36 109 13 76 17 63 56 51 76 5 50 39 58 118 4
    50 48 86 91 60 92 89 7 48 103 4 58 97 22 0 100 71 9 0 121 123 119 41
    93 66 109 68 126 46 4 7 73 42 78 72 80 80 95 10 30 6 99 110 36 16 77
    105 62 29 73 97 25 43 86 87 113 118 42 32 122 13 41 113 7 1 94 62 3
    42 57 18 1 2 9 26 119 92 61 39 98 127 79 102 97 45 54 81 3 65 64 92
    42 29 119 124 114 69 85 37 94 38 34 64 124 52 56 49 7 24 102 71 80
    26 9 72 84 49 34 52 93 17 112 16 55 126 36 13 31 39 81 4 17 81 80
    112 89 26 0 15 90 17 57 23 44 104 30 126 14 30 87 58 92 70 119 7 57
    97 102 47 34 115 46 62 62 102 120 120 36 52 30 12 3 58 39 4 23 2 71
    93 119 125 74 27 96 0 124 2 98 101 102 17 126 108 9 78 63 24 48 5 18
    67 115 78 95 66 7 77 56 6 105 44 50 125 124 107 1 119 37 70 60 95
    119 26 78 49 68 11 29 109 68 64 60 42 64 72 13 47 32 60 124 55 83 63
    82 5 84 69 107 60 35 6 34 105 78 89 12 22 47 82 73 20 29 115 74 78
    68 118 13 117 73 35 59 41 6 89 67 37 63 25 37 19 3 114 12 81 105 108
    20 90 74 68 68 32 124 4 81 35 118 96 48 21 63 65 118 56 7 55 11 77
    67 55 4 53 80 85 9 28 55 45 25 20 16 1 49 9 107 73 101 83 115 127 73
    79 74 62 10 108 58 94 27 54 62 105 58 27 96 54 11 36 111 97 26 55 60
    54 31 45 48 51 4 4 63 24 8 67 121 44 51 68 85 28 44 53 52 67 14 8 53
    62 100 119 3 14 111 25 61 97 74 112 69 114 79 70 86 38 87 124 75 33
    24 68 67 50 121 75 39 28 54 16 19 20 101 10 32 71 113 52 52 34 104
    23 57 39 114 44 11 64 95 13 8 116 71 118 41 90 75 114 38 3 76 71 55
    80 48 79 126 104 106 94 73 102 2 29 28 75 40 79 4 123 117 5 35 33 21
    56 17 52 98 62 69 120 59 13 34 72 111 95 61 8 22 46 49 84 26 77 42
    52 44 96 85 51 78 76 30 35 22 66 79 77 119 80 63 93 26 71 119 124 36
    120 80 89 29 73 69 1 102 90 11 101 9 9 56 108 0 126 20 10 10 51 73
    93 19 90 7 14 107 19 24 35 123 87 100 98 111 31 59 23 83 62 99 8 60
    65 14 11 26 73 74 36 4 43 32 42 108 96 103 1 109 109 98 57 75 30 42
    118 14 17 23 105 30 81 44 110 88 67 18 125 13 22 17 81 84 99 122 96
    50 125 126 111 117 127 10 53 107 127 74 99 67 90 19 104 126 85 28 43
    101 71 62 85 60 20 48 3 6 64 66 83 12 93 10 112 1 23 69 88 20 67 33
    107 9 64 67 117 27 104 34 43 88 3 72 3 14 41 28 109 29 101 59 2 44
    114 98 40 120 44 127 23 122 85 41 19 110 90 22 8 53 18 80 117 79 15
    45 99 80 67 102 60 14 121 57 38 107 88 51 73 103 42 56 66 39 17 66
    31 93 92 39 52 63 3 75 0 105 5 68 17 8 96 123 4 126 53 74 81 17 35
    21 80 8 72 51 86 42 13 78 77 54 21 50 35 31 36 9 13 57 88 107 107 80
    46 124 97 53 8 111 67 100 97 18 78 69 60 97 70 118 76 76 4 76 107
    118 18 45 52 43 53 42 91 83 74 99 82 108 39 19 36 13 27 72 21 12 50
    113 26 44 110 51 38 23 34 23 111 102 84 24 54 42 41 106 6 86 1 0 1
    125 112 61 7 99 74 62 79 72 50 53 104 92 69 21 22 108 117 42 123 81
    32 102 35 37 101 123 63 21 117 93 22 108 24 90 59 108 121 95 14 35
    120 86 109 94 98 100 110 65 9 86 34 95 71 77 98 35 18 112 37 101 63
    112 12 70 4 66 81 103 92 33 31 15 85 74 110 96 87 76 35 78 127 11 41
    117 39 104 47 23 28 34 40 57 79 120 79 124 26 77 48 17 51 90 92 76
    84 76 103 2 33 45 19 25 18 54 88 31 5 124 26 95 8 122 36 34 105 67
    32 48 126 7 76 1 26 81 57 47 42 87 111 78 66 2 98 65 100 23 87 17 80
    89 40 14 9 24 85 4 99 4 66 104 119 77 36 55 119 80 66 110 117 0 45
    20 81 33 120 99 79 5 52 68 13 113 32 44 119 53 88 39 10 23 96 102 74
    22 72 92 27 26 12 7 23 37 51 98 105 1 117 13 83 86 79 105 109 71 35
    31 39 18 17 106 119 94 31 74 29 53 55 16 7 8 54 114 76 90 118 77 109
    96 81 101 33 98 27 98 63 81 4 26 88 92 113 107 19 95 2 28 42 0 112
    14 119 28 29 91 39 6 15 86 35 22 29 116 127 104 112 27 42 63 40 113
    119 6 31 119 55 30 12 65 67 46 90 23 91 43 119 88 74 44 35 20 114
    100 36 2 37 95 117 96 9 79 15 108 62 94 64 127 93 90 125 7 0 97 86
    102 106 66 75 122 21 23 115 81 47 85 42 50 62 0 114 67 120 60 20 54
    50 100 28 88 32 94 22 57 104 16 55 92 91 96 67 7 96 115 86 60 28 47
    47 108 81 45 68 7 65 28 57 82 53 59 96 100 123 30 111 14 82 3 97 64
    73 11 64 87 94 78 24 55 59 11 4 113 86 18 37 114 66 124 77 62 63 9 3
    89 7 109 110 77 102 119 53 77 61 120 68 74 21 106 95 118 99 45 15 66
    32 35 30 71 31 75 50 83 43 58 27 1 54 88 82 18 104 27 95 58 12 57 40
    37 51 20 49 22 39 46 6 46 98 31 11 59 43 35 4 72 118 1 27 36 51 58
    80 109 56 106 79 37 31 78 76 75 105 3 33 7 86 0 78 48 40 1 65 126
    118 41 45 123 54 42 100 70 66 25 25 85 122 117 69 36 122 84 80 51
    100 100 46 84 15 112 28 125 88 40 105 2 55 62 49 27 43 39 96 107 103
    52 92 120 80 74 118 114 87 27 117 71 100 39 68 86 119 86 81 71 69 99
    15 82 53 54 114 83 120 45 93 62 106 74 72 59 113 58 42 52 90 50 66
    66 80 21 80 45 37 105 75 60 84 60 93 62 88 32 62 36 74 97 94 127 10
    69 79 107 68 9 118 33 12 6 2 53 16 126 81 28 46 87 120 46 64 116 83
    45 99 50 85 112 11 88 82 111 38 11 108 39 114 68 113 73 24 48 50 75
    44 64 79 54 119 19 68 122 11 86 117 46 115 87 82 32 101 102 53 8 60
    112 94 35 91 94 2 77 48 36 124 69 122 41 40 57 98 114 35 104 6 30 73
    16 19 84 62 29 33 54 64 57 49 27 109 46 30 5 8 7 6 80 82 18 52 16
    118 75 60 87 67 87 102 39 84 5 115 84 112 59 28 66 54 79 88 19 101
    82 118 123 23 61 26 125 106 26 59 34 78 25 17 13 67 47 121 61 59 96
    121 123 100 8 99 113 70 89 25 80 58 19 104 117 21 14 120 68 81 98
    117 124 5 17 29 78 118 33 35 75 120 117 74 1 4 115 91 124 24 30 119
    13 44 45 28 5 2 4 38 8 109 29 124 40 74 88 74 63 59 1 41 120 66 65
    79 13 122 58 56 27 41 59 98 29 62 92 51 4 75 58 68 51 47 70 14 8 28
    90 45 43 9 121 110 15 52 122 98 35 35 11 121 117 50 83 26 91 26 107
    113 78 39 104 19 86 59 18 52 69 103 32 24 5 23 73 106 17 100 1 0 18
    27 5 63 83 43 59 60 108 114 27 60 45 121 5 79 106 55 108 93 36 43 12
    68 10 51 29 108 87 76 116 56 44 79 3 122 67 115 40 43 113 80 118 20
    112 12 49 28 9 82 110 86 14 78 23 63 63 111 44 52 107 57 12 91 23 76
    113 17 93 66 4 47 76 111 61 118 127 6 115 98 64 37 107 108 97 34 80
    108 6 81 60 48 88 20 96 4 29 83 14 118 77 32 70 86 52 38 46 49 75 51
    37 91 88 21 15 106 61 29 21 41 27 55 122 123 41 88 13 118 89 118 16
    35 92 100 110 57 46 60 69 21 7 78 52 8 41 106 94 56 62 107 31 105 28
    50 32 30 2 65 41 32 102 76 66 94 10 97 29 51 97 10 43 118 114 59 115
    26 127 124 35 83 117 72 29 93 14 15 69 24 43 67 20 20 66 43 25 55 7
    126 12 7 54 94 54 110 77 5 48 17 33 62 92 16 22 27 24 66 20 49 8 68
    88 44 108 3 87 60 37 21 31 69 50 3 48 31 85 102 66 97 72 31 10 112
    10 44 93 109 90 112 99 66 34 89 36 73 83 107 83 41 86 78 66 37 121
    93 81 124 6 12 105 84 21 10 123 123 21 42 58 12 40 63 74 117 50 29
    39 85 31 63 125 50 48 106 6 2 55 88 55 16 6 33 29 86 55 107 60 29 32
    4 14 31 71 83 20 24 14 77 104 4 88 47 44 81 20 4 46 3 62 30 80 55
    111 60 0 118 91 26 12 38 33 120 29 116 91 107 114 110 109 1 72 48 34
    107 0 105 55 12 89 21 123 121 92 21 126 124 16 113 113 23 53 105 34
    98 55 124 115 41 87 19 12 28 45 15 69 76 30 68 4 68 13 49 12 61 125
    29 112 87 82 12 113 49 2 66 71 33 27 73 100 103 14 68 108 51 8 83 64
    25 126 73 71 11 17 43 101 96 69 82 11 27 23 75 104 8 11 79 27 2 29
    43 79 105 107 5 36 66 76 10 25 25 125 44 78 73 17 90 124 110 45 21
    118 2 0 59 41 46 88 106 76 76 79 95 40 78 19 100 46 17 109 88 123 39
    22 105 1 96 119 124 97 35 39 91 32 124 117 119 103 58 13 34 24 88 23
    46 37 73 8 22 46 82 28 103 88 41 50 85 110 78 60 61 121 102 91 102
    60 97 96 57 11 49 0 118 60 94 77 32 18 123 76 36 94 4 119 5 104 76
    125 31 47 91 85 66 95 106 55 98 86 2 56 11 38 91 49 123 96 1 57 75
    87 4 15 27 125 87 62 123 69 55 27 120 75 19 59 66 81 124 50 124 35
    80 107 6 24 33 92 7 23 27 12 7 26 7 118 63 18 79 72 58 96 112 49 46
    82 49 89 104 28 47 94 30 77 101 122 61 73 84 39 0 18 118 104 63 106
    3 115 12 98 6 21 91 66 93 75 90 45 72 55 21 58 68 89 21 32 99 61 27
    50 126 79 71 32 127 81 63 35 7 21 92 46 109 29 88 83 90 47 107 120
    33 71 120 1 64 45 30 49 51 98 95 113 18 21 21 100 75 112 119 30 119
    105 53 9 29 99 51 93 7 82 56 41 44 106 51 86 121 110 93 40 26 116 97
    35 119 52 64 45 106 56 105 29 106 75 59 103 99 121 99 110 112 12 2
    68 72 50 86 63 0 111 22 50 31 42 107 1 64 65 45 26 107 22 28 27 94
    105 77 4 24 5 100 4 86 6 122 21 108 24 32 107 54 113 57 76 33 29 86
    114 59 30 1 4 70 8 61 26 89 124 98 34 87 10 122 42 2 122 59 37 93
    100 49 75 47 89 110 74 111 83 30 37 80 49 22 56 29 65 113 95 94 65
    29 91 11 64 32 24 10 122 100 78 103 48 71 87 74 120 93 109 16 105 53
    46 42 61 80 60 40 33 15 123 5 111 117 28 65 98 21 45 54 26 13 119 36
    118 76 89 102 85 45 70 104 120 52 70 102 83 67 101 9 56 49 70 8 36
    33 39 99 70 20 86 13 84 86 69 33 118 98 4 22 78 22 99 11 85 88 12 29
    9 61 22 9 51 9 17 31 55 92 27 51 106 67 53 71 119 78 2 43 56 77 69
    110 109 63 51 56 25 50 119 71 116 84 91 69 7 88 73 75 55 30 53 80 59
    82 114 95 127 121 62 71 92 93 56 65 108 7 54 92 118 37 27 78 65 69 1
    110 63 44 49 20 108 15 53 41 53 82 82 78 39 125 39 77 93 79 78 74 36
    62 21 72 111 24 71 127 87 110 109 77 4 41 99 68 38 38 105 68 20 46 7
    75 25 7 124 47 31 80 76 45 124 61 122 7 23 82 76 31 30 4 81 95 18
    120 46 100 46 92 28 109 115 104 15 40 29 62 112 94 105 24 101 82 19
    96 32 1 34 112 126 113 127 80 112 2 74 120 84 3 75 11 55 107 86 58
    103 61 115 27 11 5 93 17 0 100 31 125 80 36 15 1 67 109 71 79 32 59
    16 59 46 84 14 16 30 67 2 77 40 107 81 83 15 24 68 40 97 15 15 41
    111 17 37 117 79 93 87 20 10 24 9 9 94 80 40 95 127 37 14 101 94 82
    67 46 64 107 24 20 121 114 87 104 101 106 41 45 86 69 126 83 20 69
    57 85 115 111 8 74 118 104 95 84 124 91 33 30 42 15 90 86 67 74 15
    56 97 111 15 78 78 15 26 59 109 11 89 57 51 71 36 74 41 124 83 104 2
    3 95 102 68 25 13 7 96 72 75 4 77 95 100 30 84 47 8 62 48 25 118 94
    106 117 77 75 38 101 84 44 58 112 74 13 76 13 72 29 115 108 13 43 69
    15 74 71 8 18 53 80 106 104 118 61 97 124 11 6 9 113 55 78 35 51 25
    64 23 55 58 64 70 38 51 54 67 98 0 4 115 14 93 53 80 107 24 44 39 3
    26 24 41 68 24 57 97 47 68 55 23 83 89 18 76 46 1 97 43 66 114 85 89
    101 105 37 92 53 23 106 5 84 23 55 123 73 80 57 111 82 113 18 65 57
    47 25 29 93 16 54 67 114 49 16 122 109 36 125 21 2 42 79 115 80 68
    76 44 64 43 52 26 68 106 121 52 39 122 45 64 39 46 80 67 15 122 2 86
    45 101 68 41 25 99 20 125 75 53 105 9 8 115 42 30 26 4 93 44 18 83
    16 35 55 82 103 95 98 26 95 11 32 64 9 4 34 10 97 42 70 1 125 37 5
    67 101 110 127 15 35 19 0 44 92 54 57 12 45 93 48 65 63 47 121 82 15
    10 6 31 73 84 107 11 54 15 13 94 100 99 61 83 66 52 123 123 77 88 82
    103 12 117 42 40 64 22 67 115 14 82 104 24 101 69 7 47 50 18 118 69
    38 60 19 41 42 33 111 60 36 84 90 13 25 33 41 118 56 24 79 16 73 5
    114 20 104 57 122 79 121 77 50 116 88 12 120 106 31 32 77 1 12 20
    116 105 99 22 46 55 89 15 103 29 40 112 91 58 97 73 109 77 91 53 60
    55 34 4 77 82 85 126 41 42 80 106 47 117 57 94 60 19 11 127 67 14
    126 118 32 44 86 23 10 10 54 11 95 9 71 52 19 109 69 101 61 47 100
    115 38 22 51 118 12 102 37 101 12 53 77 53 43 46 48 1 99 17 52 60 54
    11 66 50 64 74 22 4 96 51 69 20 12 94 86 91 78 48 123 126 99 8 20
    124 106 118 41 7 56 117 39 106 1 96 111 84 0 83 78 16 107 93 91 121
    71 109 92 126 10 27 84 108 100 113 92 15 54 107 79 46 84 18 114 29
    103 59 77 115 63 42 58 47 59 94 108 51 81 9 2 39 84 7 46 27 56 57
    116 125 66 105 31 104 83 106 85 62 10 18 86 116 61 17 90 45 17 41 88
    51 102 123 79 38 112 99 105 59 72 51 122 80 17 94 64 31 59 46 30 64
    46 88 20 37 108 85 105 8 85 75 80 12 17 12 84 119 96 50 51 89 32 92
    115 79 73 41 51 94 103 101 122 86 45 42 49 82 67 40 38 11 17 22 60
    86 16 73 97 66 124 103 57 7 118 126 70 1 104 116 52 69 110 21 54 4
    114 42 102 0 122 123 44 26 78 20 24 113 111 89 122 100 97 95 85 58
    26 68 7 84 84 42 55 117 94 23 42 11 80 11 27 38 22 30 72 24 5 109 82
    100 27 18 95 101 16 120 82 87 72 69 8 110 10 98 85 115 106 21 28 19
    91 22 78 0 32 50 67 30 94 10 51 50 25 84 0 36 81 116 16 117 69 76 78
    119 83 24 68 85 91 12 49 52 125 65 119 38 25 91 17 88 70 122 50 65
    38 74 53 32 104 112 112 45 42 85 49 1 26 90 63 118 80 77 13 33 109
    64 115 8 51 66 124 29 60 99 0 16 36 102 109 19 1 101 83 72 26 63 104
    43 2 106 83 27 41 88 123 54 60 49 77 116 42 32 93 45 38 102 3 39 106
    62 123 39 43 15 3 24 22 54 45 123 102 35 94 7 90 68 23 84 6 85 116
    31 81 2 41 22 117 20 15 99 44 98 68 42 23 46 37 61 47 104 113 67 32
    52 48 97 51 47 39 82 15 85 70 101 111 67 76 10 54 69 25 25 85 54 93
    112 104 49 31 16 55 70 24 88 8 58 119 18 100 103 79 82 79 26 58 125
    65 93 57 100 22 51 106 29 24 27 83 28 36 82 67 66 21 93 9 114 75 56
    27 102 89 80 0 40 8 81 1 66 83 115 42 31 62 107 6 126 120 79 85 40
    10 107 78 89 121 45 7 4 123 124 16 124 79 15 26 52 96 4 85 20 120 12
    38 114 59 0 95 50 27 68 35 8 74 77 11 93 83 3 64 95 18 92 34 95 39
    85 99 35 31 114 122 0 88 38 50 108 112 119 62 28 89 7 65 61 32 105 2
    127 100 114 38 45 26 109 57 116 94 63 84 74 72 10 67 71 2 95 101 124
    108 51 127 119 112 72 65 64 103 25 51 95 108 27 45 24 14 55 95 27 17
    63 102 28 59 100 105 95 63 34 11 102 109 29 89 79 125 44 113 100 6
    69 38 41 57 38 12 22 110 76 52 13 46 14 46 101 39 20 4 90 66 59 79
    101 14 16 11 117 37 97 88 117 81 109 82 75 62 23 11 112 91 95 56 59
    42 24 68 91 35 72 18 99 10 60 85 110 31 42 106 105 37 7 69 78 68 10
    0 18 121 37 113 55 70 115 123 64 39 60 49 66 2 126 84 42 100 99 55
    61 123 53 15 111 26 74 9 120 90 74 25 32 7 110 79 47 67 15 125 16 64
    79 84 126 30 57 96 108 44 75 114 91 73 46 26 1 5 57 94 59 100 81 57
    71 122 116 96 25 119 3 104 27 47 19 29 39 18 30 101 114 51 47 65 42
    69 16 30 34 29 10 104 124 47 78 51 5 47 110 110 73 55 120 8 66 42 64
    12 5 113 30 69 38 16 56 126 79 106 80 40 96 122 104 120 82 32 109 1
    63 86 1 55 47 4 28 9 0 115 61 113 126 20 89 56 20 57 108 0 119 50 93
    5 111 20 12 74 9 114 101 91 21 25 72 51 107 34 126 100 61 105 121 38
    33 71 107 5 32 43 38 2 76 1 108 123 42 18 3 60 89 37 92 76 57 86 31
    70 86 102 69 72 17 76 64 13 5 76 50 15 44 70 18 83 62 58 111 121 95
    88 1 74 74 30 89 43 40 18 94 106 104 90 15 112 42 14 31 5 119 102 54
    0 30 97 55 97 8 84 111 41 34 24 22 120 46 105 15 96 14 14 61 65 24 4
    61 94 31 90 31 72 38 115 22 7 31 66 4 47 35 20 116 38 123 105 84 10
    62 41 42 5 49 7 96 115 98 7 62 25 97 104 121 123 25 33 75 88 16 115
    64 8 40 116 64 10 67 28 68 54 42 29 6 19 23 109 39 77 5 1 44 72 59
    97 37 57 11 34 71 97 59 14 18 70 61 122 16 113 93 98 5 104 121 63 71
    100 71 99 39 89 69 79 38 0 46 4 72 39 65 58 97 122 1 103 105 85 67
    29 53 46 4 125 84 66 116 88 33 57 69 54 97 55 86 110 79 89 104 112
    35 102 62 75 14 41 94 42 40 106 23 51 11 5 60 99 104 74 61 77 24 87
    2 89 27 48 75 49 66 110 27 87 120 48 97 114 19 114 65 101 42 99 63
    50 36 103 122 38 89 30 14 101 104 108 86 15 91 116 4 8 24 98 30 2 92
    32 30 97 25 114 21 97 28 119 70 64 123 1 47 99 57 32 84 30 54 98 121
    116 20 85 109 72 122 125 60 124 29 37 118 54 86 88 47 5 44 118 29
    115 24 122 6 57 53 79 82 23 47 28 44 80 15 27 105 64 116 16 2 90 44
    115 24 41 29 73 27 94 31 110 83 125 90 42 109 119 87 3 41 68 27 22
    29 25 114 9 110 71 98 7 124 47 54 42 53 84 45 34 92 54 80 28 61 56
    29 98 61 50 0 90 40 89 104 7 22 114 98 125 98 100 70 56 98 88 71 64
    1 71 72 46 59 99 50 68 22 77 113 56 97 52 72 15 52 124 82 74 75 3 49
    26 106 114 110 15 84 14 57 103 114 1 26 96 111 39 95 44 118 33 25 29
    101 32 51 104 31 45 58 114 33 71 54 30 53 0 37 65 43 62 125 93 98 44
    98 32 88 61 121 67 64 59 36 121 94 56 7 75 43 70 93 61 24 40 116 127
    105 2 113 63 86 77 121 30 58 28 2 79 84 72 114 39 109 64 6 87 100 74
    105 10 2 52 23 116 54 16 64 118 61 57 40 84 57 38 99 120 39 13 32 74
    35 118 100 25 122 41 23 31 115 13 69 78 25 116 116 25 121 25 0 84 10
    58 35 58 100 35 62 96 111 69 112 106 120 124 47 43 63 104 109 117
    107 33 125 112 37 64 53 59 30 104 73 76 32 11 28 103 45 85 113 5 80
    109 109 1 84 125 48 107 41 111 15 92 64 8 109 39 27 8 79 103 116 119
    102 7 0 1 63 97 105 36 56 20 96 68 102 17 91 80 39 39 98 85 92 59 3
    53 90 77 42 14 120 66 63 82 8 52 66 114 24 120 19 28 124 19 8 89 87
    6 28 82 84 67 1 10 50 25 24 120 41 38 100 6 52 14 101 43 26 73 37
    124 15 64 11 110 105 74 120 15 46 77 52 50 116 47 103 108 24 6 115
    51 16 37 46 72 107 109 114 123 98 112 114 59 91 54 115 67 18 102 20
    36 115 112 64 73 127 60 106 0 74 46 7 29 105 115 2 84 62 94 51 118
    84 85 49 63 18 85 61 20 74 6 29 32 113 27 3 76 68 118 42 4 110 117
    44 39 15 126 24 0 13 123 103 99 7 99 12 122 56 11 103 71 2 76 127 33
    36 21 107 64 116 10 88 84 31 65 32 54 71 103 46 23 112 117 81 66 2
    55 36 70 44 66 52 78 91 46 40 21 121 79 85 59 103 47 93 92 21 1 91
    80 109 127 89 125 27 80 56 21 37 2 50 15 31 101 22 94 126 86 124 1
    34 107 95 43 24 67 120 24 32 70 114 53 34 0 2 116 93 51 84 44 66 30
    14 41 85 60 123 29 125 17 101 89 52 103 97 49 111 102 4 86 22 85 24
    121 121 21 78 56 47 84 60 0 86 99 102 31 39 64 75 26 80 94 103 77
    119 7 50 78 101 34 97 116 112 12 99 56 81 86 20 2 108 77 110 17 124
    83 37 34 61 25 127 78 72 99 47 116 9 124 107 37 69 46 49 99 109 15
    53 69 70 70 40 121 3 95 76 3 72 4 39 58 9 76 25 50 74 74 45 4 41 32
    106 82 90 54 88 100 44 41 62 62 52 14 47 114 24 103 120 67 120 96 10
    18 30 88 121 23 87 48 45 46 102 5 35 61 108 89 86 68 105 119 126 12
    108 9 94 116 44 89 4 30 83 9 1 125 75 32 100 111 102 11 102 115 29
    116 3 7 32 82 70 13 31 125 1 70 3 101 110 47 76 24 86 96 115 3 117
    87 1 20 118 22 36 92 7 68 63 73 43 37 17 9 74 29 36 17 37 84 14 44
    83 83 88 23 37 69 5 119 10 87 48 39 110 45 63 27 122 121 73 3 94 22
    33 7 86 106 20 72 27 96 49 9 27 0 72 59 47 41 102 96 23 59 41 78 104
    47 76 6 3 43 83 25 95 102 16 125 119 102 125 89 89 92 22 123 111 0
    18 89 104 21 12 16 17 44 51 45 71 25 74 31 42 49 121 17 46 7 63 71
    85 31 78 41 86 80 99 124 56 111 88 33 15 3 94 23 3 10 1 47 120 63 33
    0 117 53 25 22 106 20 74 114 123 74 79 31 88 42 45 110 51 69 94 96
    97 40 44 96 107 71 91 58 91 71 120 76 68 96 120 15 115 3 81 7 18 94
    109 32 38 64 127 127 101 123 52 28 17 11 16 56 59 38 17 100 123 92 9
    40 19 46 113 44 69 78 93 98 96 104 46 87 73 68 80 28 116 62 45 46 4
    13 113 88 71 82 109 62 12 73 36 48 55 96 94 17 24 76 110 108 24 50
    82 64 17 61 63 75 5 89 113 62 3 83 67 37 58 126 88 93 76 124 77 67
    86 58 3 0 46 101 80 125 60 13 58 115 87 114 71 80 71 5 85 63 47 120
    4 10 1 24 71 37 17 35 55 124 86 66 93 10 39 91 55 53 114 100 92 89
    121 1 65 65 119 124 65 113 35 81 93 105 22 1 18 3 103 91 81 12 55 76
    126 104 32 74 3 126 23 126 127 84 68 58 74 9 18 82 59 72 34 97 53 63
    1 121 47 59 108 30 94 72 1 25 105 15 48 44 8 113 13 25 79 52 100 54
    50 83 23 49 112 28 39 63 83 45 104 28 43 55 17 83 106 19 112 95 35
    36 51 121 41 39 39 98 107 61 103 75 112 83 103 4 43 23 78 69 114 89
    15 30 58 5 38 41 37 64 15 20 105 81 105 119 65 11 21 88 1 49 40 105
    96 31 47 58 29 110 19 79 66 19 29 90 109 78 52 15 10 51 75 95 63 127
    55 110 25 21 107 39 48 57 127 67 112 124 67 60 82 30 75 11 3 127 104
    76 120 44 100 25 6 124 91 55 1 85 116 75 107 38 89 58 125 111 124 84
    66 52 35 72 96 8 65 12 119 28 123 119 56 123 23 24 78 7 12 94 81 74
    13 29 104 125 49 4 63 79 51 61 22 67 6 100 107 125 114 102 25 60 78
    100 31 24 103 14 126 19 119 24 87 105 42 107 17 98 88 126 29 61 76
    59 64 7 118 8 105 68 74 124 40 7 2 43 105 78 9 64 72 68 64 120 122
    20 18 43 19 81 94 87 49 49 122 109 45 53 102 61 119 40 28 32 19 8
    105 111 30 50 38 125 35 4 71 127 109 84 6 122 46 20 64 18 12 17 39
    82 38 3 70 107 59 78 25 93 103 98 119 92 15 117 41 66 63 12 59 78 41
    98 52 52 116 103 34 29 105 105 87 71 43 64 74 13 13 45 81 69 99 35
    92 121 0 74 121 65 26 82 6 34 98 125 20 14 67 125 19 10 64 67 89 110
    91 97 49 11 93 124 31 62 19 28 48 89 50 115 40 85 30 7 29 60 88 75
    11 12 14 77 89 46 71 122 28 60 116 102 113 100 69 6 3 25 109 125 57
    6 66 99 42 85 69 85 35 55 55 47 29 23 73 53 61 30 5 112 14 106 65 55
    108 69 85 47 29 44 9 16 74 69 38 109 23 96 44 89 43 63 106 45 79 43
    89 60 81 55 82 53 32 37 97 125 79 46 109 114 36 35 51 74 7 102 31
    114 60 77 45 102 61 10 63 51 99 94 40 15 64 60 89 89 93 36 97 15 39
    117 20 49 73 55 80 81 121 93 68 84 119 78 35 103 82 4 11 101 111 76
    112 75 41 108 17 108 74 95 14 49 70 43 10 1 16 89 36 117 69 25 28 42
    62 21 22 50 65 33 80 31 14 60 69 99 101 63 57 34 71 5 49 25 37 75
    116 120 48 75 112 61 23 77 53 119 68 104 88 18 46 2 33 21 77 61 94
    67 33 50 111 82 115 104 126 99 76 47 22 104 18 117 10 27 92 77 61 93
    6 114 98 115 39 18 40 27 123 104 50 63 116 85 44 64 53 42 33 2 109
    72 0 94 39 89 57 85 77 66 42 108 66 34 99 126 50 71 23 95 60 19 124
    76 7 99 21 126 41 105 87 62 16 103 111 85 82 115 26 54 40 125 121 28
    102 0 117 11 73 102 70 3 24 27 56 27 108 122 110 85 123 72 79 15 81
    56 107 56 3 117 12 42 95 23 97 127 103 83 27 120 8 79 49 62 108 101
    36 120 26 19 40 18 58 0 122 13 90 97 60 59 79 111 90 15 125 42 114
    56 109 31 96 72 44 66 25 61 40 113 50 88 55 28 83 121 109 15 61 38
    76 106 84 43 18 124 2 23 5 108 7 48 6 67 82 24 27 83 75 65 90 55 107
    98 4 63 60 2 107 99 87 117 6 42 97 56 72 126 34 51 18 48 96 124 75
    106 97 58 31 116 76 15 17 44 117 80 49 71 81 120 67 123 100 110 84
    96 66 15 64 109 66 104 65 106 4 98 46 117 19 98 15 55 14 34 8 58 82
    103 79 21 92 84 80 64 38 55 62 48 14 110 75 96 14 111 114 19 27 94
    20 23 38 24 77 44 73 53 17 99 91 119 51 11 110 45 34 112 11 110 86
    102 113 62 124 22 24 6 40 39 107 67 61 89 70 31 114 50 38 115 33 20
    21 20 109 93 0 72 60 104 66 57 77 38 29 115 123 77 30 38 75 117 7 94
    54 23 99 89 38 34 35 4 62 73 79 31 92 98 49 124 43 123 119 106 96 89
    112 0 0 7 115 10 12 102 64 30 75 69 12 98 13 103 50 25 104 88 71 109
    7 61 0 118 69 122 35 55 35 101 20 70 18 33 121 33 84 19 62 75 53 13
    45 97 78 67 96 29 55 31 51 99 30 85 55 107 48 36 91 74 9 29 86 118
    31 3 14 63 117 2 67 34 34 44 47 16 112 69 0 82 54 17 108 22 89 63 43
    7 107 34 85 101 123 22 11 10 4 83 68 61 13 9 53 121 13 63 101 34 10
    47 52 63 87 123 43 7 67 42 24 120 24 39 95 12 110 33 83 23 101 76 15
    1 76 95 78 80 39 100 73 52 87 122 54 85 91 42 100 77 63 84 78 46 76
    48 126 73 116 63 50 91 78 76 7 25 119 8 26 33 63 111 121 4 49 64 12
    80 127 10 0 71 79 91 34 6 87 57 119 2 5 125 76 26 10 109 121 112 81
    88 97 42 80 61 117 114 63 114 51 66 79 89 49 65 40 70 76 8 37 122 71
    22 22 38 47 41 54 93 19 29 15 23 39 4 107 90 116 20 68 0 126 51 76
    22 29 120 120 51 19 95 107 12 122 35 58 38 75 121 47 36 59 89 23 8
    127 119 88 57 117 7 64 113 0 65 106 66 107 28 77 64 48 52 15 14 21
    12 63 37 61 109 107 53 3 45 72 16 39 51 73 114 6 90 89 1 37 63 113
    83 125 120 98 36 11 60 113 93 18 2 84 39 21 49 59 79 60 95 111 96
    111 47 99 52 1 49 58 25 44 13 101 51 70 43 6 44 59 97 15 116 102 126
    27 96 10 42 71 94 69 113 54 80 62 49 118 113 58 51 10 109 15 2 2 109
    109 121 35 78 57 113 97 95 34 73 96 78 27 91 57 106 57 75 27 57 99
    120 44 112 67 98 41 7 103 59 15 108 39 4 97 59 68 116 25 40 3 7 69
    36 61 86 40 19 87 1 114 26 100 5 44 31 25 97 69 92 56 1 73 88 37 63
    21 20 68 13 23 57 10 48 89 88 5 103 1 44 19 18 30 24 11 125 40 74
    125 89 4 19 44 107 120 8 40 64 25 29 121 95 8 30 12 2 90 56 35 68 98
    69 3 46 63 53 40 12 30 83 22 113 91 6 6 111 36 95 92 82 49 22 104 38
    50 104 99 26 110 113 94 96 13 0 8 121 108 24 81 24 44 113 69 56 90 6
    21 67 48 98 122 60 89 127 25 28 28 114 124 94 28 35 64 29 86 93 111
    94 26 117 25 39 18 10 110 92 5 51 14 108 110 23 74 35 42 36 116 119
    16 125 97 105 112 46 40 93 107 92 30 78 52 119 24 16 120 91 103 57
    24 74 13 63 2 37 113 36 82 80 95 40 36 45 31 99 71 9 96 48 2 22 37
    73 6 34 93 60 122 47 51 86 4 106 65 16 57 81 114 84 82 78 74 71 103
    61 94 14 122 51 53 76 51 97 62 18 108 114 43 19 70 52 104 6 49 36 62
    126 3 56 4 47 34 28 29 86 35 21 118 41 25 103 30 9 46 8 10 88 52 8
    14 64 73 14 96 40 13 116 49 0 60 79 123 16 54 23 54 21 74 42 46 40
    50 8 113 74 120 1 127 108 15 1 65 113 97 107 121 63 38 111 76 20 64
    125 96 115 118 50 41 111 36 70 57 17 112 74 40 14 58 37 69 55 27 62
    103 105 5 59 106 45 17 17 59 59 10 102 38 48 127 57 92 69 26 76 100
    62 112 42 125 103 112 75 51 109 111 31 29 69 31 52 83 119 100 44 97
    66 38 10 73 113 70 78 45 91 95 38 112 54 36 84 127 86 115 38 74 22
    114 107 17 58 24 84 11 37 103 77 46 3 77 37 48 32 31 18 123 86 69 79
    95 107 80 61 6 92 28 22 16 34 84 92 32 69 114 24 49 34 63 47 26 55
    20 56 121 66 111 112 125 44 86 99 77 101 51 121 90 81 39 39 99 25 77
    20 32 16 96 63 126 11 90 71 48 110 113 115 22 95 13 122 4 3 117 50
    68 92 74 35 55 13 92 100 1 70 71 80 0 69 109 120 9 31 126 94 46 20
    66 20 17 41 13 12 113 99 89 55 75 112 109 55 44 53 6 33 19 44 47 61
    65 25 99 35 55 74 23 82 2 10 119 22 27 64 116 108 93 1 104 104 35 79
    115 63 46 114 72 121 21 1 35 73 97 49 44 115 68 44 110 24 110 12 124
    113 99 0 59 58 88 68 2 51 1 116 68 41 65 20 12 108 104 26 127 37 39
    11 89 98 101 32 95 114 108 69 74 68 21 70 9 36 66 56 95 14 3 60 43
    127 59 79 68 15 122 30 114 66 57 88 72 74 43 49 62 92 76 8 65 85 69
    109 98 4 106 52 115 28 6 118 32 117 125 21 48 110 87 110 40 103 77
    77 8 59 24 84 1 34 54 107 88 3 65 107 96 124 65 112 41 42 119 94 85
    19 53 103 5 117 18 4 111 48 26 112 77 53 9 42 98 42 70 9 85 47 31 2
    60 125 110 48 103 37 50 64 106 4 19 100 95 118 23 100 99 66 61 2 15
    21 29 98 87 10 86 113 28 90 54 7 80 104 118 89 49 112 37 123 60 98
    77 103 52 104 51 108 84 58 120 35 57 91 94 59 97 41 127 24 90 60 105
    7 17 10 86 30 101 63 36 37 108 6 103 88 12 2 63 86 21 55 15 102 126
    75 101 106 35 93 69 8 60 88 90 50 42 50 12 72 6 85 55 97 53 2 56 1
    75 116 49 72 37 110 93 12 7 51 124 4 97 65 81 72 37 127 100 40 14 7
    2 126 70 93 7 42 3 5 121 13 40 103 95 113 10 64 44 48 73 93 22 126
    107 98 118 64 40 105 106 90 76 89 91 46 125 95 44 52 79 60 4 37 82
    80 60 120 25 31 53 51 114 54 7 4 41 44 40 118 51 66 68 65 16 27 97
    28 4 89 29 68 22 108 47 103 97 92 107 43 73 114 38 107 17 42 26 93
    108 49 55 72 10 21 38 4 27 37 30 62 64 33 4 49 1 35 56 63 91 23 88
    63 94 81 81 97 77 46 97 56 44 21 6 86 108 115 35 20 34 37 41 7 78 32
    51 42 56 43 34 39 3 78 69 0 95 81 98 94 14 33 42 21 49 78 102 44 3
    69 39 100 84 113 4 40 12 69 124 12 81 18 2 112 115 4 52 51 20 104 97
    91 79 91 38 34 18 104 121 0 85 90 89 65 47 33 82 96 66 105 75 19 48
    12 81 85 47 127 20 100 69 109 123 83 125 105 105 60 23 83 28 127 103
    60 49 49 69 23 105 77 50 69 106 25 110 4 127 47 35 66 0 54 75 109 65
    18 116 100 41 119 55 98 13 33 92 50 24 94 82 49 28 50 10 5 76 28 26
    69 121 30 18 25 108 100 126 72 1 111 41 36 126 83 109 81 114 53 80
    84 63 117 34 86 70 42 33 10 76 19 19 99 1 122 91 41 120 122 46 93 27
    98 34 123 124 0 119 103 46 22 98 115 52 15 70 48 30 30 32 86 109 22
    25 113 45 41 30 11 106 81 89 64 65 36 87 86 122 39 127 89 105 41 46
    60 21 99 63 20 66 60 77 71 53 34 4 82 92 28 52 3 27 0 100 7 101 89
    96 71 0 71 17 65 58 101 90 46 74 87 8 29 34 19 67 106 125 69 6 94 63
    46 62 127 78 3 4 127 54 86 33 96 39 108 102 73 29 12 87 14 35 72 55
    47 15 64 73 64 114 13 83 38 58 80 41 104 47 48 51 32 60 53 7 36 48
    84 92 10 40 70 27 27 12 9 50 42 83 69 94 24 87 11 118 59 5 63 42 86
    18 75 60 21 29 90 48 3 28 61 73 122 39 11 80 19 42 64 85 8 112 101 7
    43 10 9 42 59 68 55 120 81 74 6 126 127 59 80 50 117 13 54 33 112 42
    60 89 49 65 89 110 87 101 123 76 49 105 30 125 61 95 105 24 78 115
    32 7 2 24 86 93 60 63 90 108 103 102 18 72 101 27 110 114 16 3 122
    53 36 80 12 26 68 30 44 25 29 44 12 42 94 9 72 59 120 12 6 88 31 50
    96 115 3 58 33 26 27 43 95 46 42 68 100 48 19 53 66 114 94 95 8 10
    104 84 118 106 55 106 50 124 107 8 77 44 8 81 62 9 44 92 105 34 66
    116 50 33 110 66 7 125 46 64 109 89 74 73 43 73 98 71 68 69 75 115
    40 0 43 83 1 66 3 72 19 51 17 80 41 112 111 56 110 102 26 31 12 74
    67 54 91 2 50 55 88 25 5 29 6 85 4 31 23 18 76 110 43 71 80 21 74 14
    101 72 119 102 122 50 16 125 18 52 6 38 121 38 21 28 104 61 17 108 7
    61 95 92 6 99 35 66 9 4 95 122 51 76 81 28 33 66 45 70 19 84 61 56
    74 43 62 72 103 123 60 56 81 64 2 57 48 44 59 55 71 27 48 70 48 37
    113 12 75 4 99 126 106 120 14 52 97 10 117 13 32 83 111 6 7 44 61 34
    125 126 19 116 118 55 122 57 117 110 9 63 111 126 57 87 13 28 21 6
    98 106 121 112 99 84 51 30 127 50 68 114 39 120 96 27 69 111 63 37
    109 72 58 112 19 90 95 45 124 57 12 42 81 109 57 7 114 121 108 86 99
    65 122 3 120 37 9 89 115 42 64 4 46 46 61 80 8 110 49 115 123 89 21
    18 115 69 5 16 115 14 60 8 96 29 124 98 87 48 35 59 46 76 40 29 88
    36 102 19 11 50 122 15 71 118 36 108 6 26 70 120 113 16 83 20 27 90
    43 17 106 114 105 9 93 49 31 63 52 18 36 111 37 1 66 126 117 7 56 33
    120 20 26 64 59 85 41 6 16 30 19 103 96 32 31 36 21 33 39 32 36 85
    82 35 57 116 123 76 80 54 8 47 47 28 95 79 93 55 23 40 63 60 71 12
    87 88 76 91 88 70 36 77 82 41 107 116 85 103 115 127 68 61 108 127
    23 12 113 105 97 28 30 52 80 20 18 41 100 36 28 29 58 104 73 38 98
    24 46 11 3 68 71 121 22 93 38 1 101 90 49 47 3 65 49 88 105 127 45
    16 88 88 58 62 79 21 123 43 22 85 6 110 25 91 113 127 84 54 125 99
    109 30 85 46 95 102 101 97 46 39 92 106 31 92 36 94 48 81 76 93 46
    105 40 30 79 110 16 81 104 26 47 38 38 11 98 118 68 4 38 107 7 116 1
    21 5 53 10 32 21 34 50 75 19 70 96 45 48 74 37 16 126 118 122 44 86
    118 74 18 35 53 28 79 57 98 1 68 22 24 105 15 74 33 121 98 58 48 117
    114 7 7 126 55 29 89 95 15 62 34 36 108 122 24 78 63 47 33 57 103 67
    127 36 12 71 122 89 48 66 74 39 101 71 69 0 6 9 119 1 64 44 124 33
    76 71 35 107 120 67 81 63 100 112 85 91 20 23 125 1 6 60 35 39 70 4
    30 64 104 101 83 109 6 85 15 25 120 37 43 96 38 27 34 3 82 51 61 71
    24 13 43 93 24 11 9 41 118 78 6 29 21 31 29 121 29 88 78 101 96 92
    110 83 98 87 24 100 19 52 22 103 105 96 113 13 55 53 37 98 75 53 113
    120 105 10 38 38 97 37 83 16 123 74 66 58 71 17 3 39 103 66 69 118
    27 19 65 81 97 103 21 115 91 55 49 78 31 67 119 127 4 71 68 72 42 56
    89 66 4 26 81 55 3 58 46 59 78 44 36 75 85 117 79 61 55 76 98 28 28
    24 114 17 57 7 100 28 27 126 64 92 93 29 23 5 1 33 108 111 82 116 39
    71 105 73 96 6 56 111 121 15 46 49 5 82 101 51 61 15 26 30 126 93 95
    76 117 105 97 40 36 46 34 117 42 78 3 73 18 27 103 123 1 126 89 13
    102 112 71 69 20 40 27 124 58 78 92 48 28 83 22 123 77 125 2 5 67
    116 1 59 46 27 20 61 105 127 3 72 53 5 76 70 84 108 18 92 91 119 74
    82 72 45 94 100 75 69 103 98 31 25 63 12 120 19 13 24 120 115 110 21
    23 59 114 79 109 38 111 83 6 33 62 61 74 72 103 122 121 76 72 14 8
    86 3 50 92 58 14 10 105 21 69 73 88 82 14 27 11 7 109 126 50 76 17
    74 91 9 44 115 25 72 65 22 16 87 105 48 69 88 4 121 2 120 87 41 49
    120 120 127 95 66 8 28 105 58 40 67 67 84 51 18 53 78 106 75 44 100
    24 105 118 72 120 53 76 29 44 37 121 2 108 45 6 121 50 84 105 32 29
    52 4 66 91 33 3 114 110 10 29 103 126 103 107 82 66 14 56 100 125 91
    49 39 100 54 97 28 15 34 14 25 51 6 15 115 45 18 38 112 122 94 123
    59 84 91 110 6 97 33 77 78 5 82 62 110 27 96 126 91 123 93 38 43 108
    2 122 89 60 8 114 98 39 51 126 65 121 58 103 77 126 40 107 82 33 75
    5 119 70 105 77 124 14 108 19 72 76 26 89 15 81 75 16 9 3 20 52 51
    25 125 126 37 42 84 77 57 41 43 95 43 86 36 16 19 16 60 104 25 81 17
    94 90 38 101 31 92 90 43 4 105 95 111 62 56 126 84 15 0 62 12 84 49
    49 78 85 6 65 116 23 80 91 99 52 113 28 69 58 110 85 107 39 103 70
    127 127 32 114 70 38 57 52 23 115 27 110 63 97 6 101 115 49 66 76 17
    111 70 37 94 34 44 22 34 36 75 24 15 83 125 60 27 8 100 101 121 122
    37 34 109 77 61 50 9 66 102 37 56 48 24 88 107 88 36 18 30 56 12 40
    125 85 121 13 13 11 103 114 54 114 12 47 115 47 6 46 11 59 85 20 108
    68 32 75 103 55 41 38 33 124 105 70 16 78 96 98 56 14 1 93 46 95 110
    127 29 43 34 54 30 123 51 9 124 14 50 39 115 44 53 110 34 27 106 41
    56 126 96 51 82 119 82 107 71 55 16 107 0 98 42 59 118 11 96 57 99 0
    106 89 74 13 74 52 113 118 119 43 98 53 82 3 106 39 68 86 127 127
    108 118 23 22 117 3 13 49 79 52 11 58 29 88 49 103 86 2 27 60 69 57
    98 54 9 24 60 75 65 91 51 6 111 92 96 126 102 83 8 32 35 15 16 27
    109 109 73 56 41 75 61 56 121 13 65 85 19 68 67 13 101 31 77 8 69 91
    95 118 113 49 50 8 105 113 91 117 56 7 5 60 35 53 14 72 8 41 12 51
    73 73 47 81 92 52 76 21 71 59 105 58 127 16 72 105 97 41 28 124 96
    52 98 106 123 5 99 80 44 94 108 14 80 34 112 69 63 2 115 15 41 70 51
    109 19 7 84 31 24 12 108 20 56 23 84 31 59 28 39 106 79 122 37 26 34
    50 68 13 89 2 66 68 122 18 18 38 45 64 16 120 90 9 22 47 66 32 19
    127 107 119 63 107 3 95 10 16 6 106 20 116 10 50 42 55 86 115 7 28
    47 72 18 19 99 89 54 4 77 104 98 122 109 94 9 112 47 71 126 71 123
    124 1 108 82 68 108 8 23 61 53 14 78 96 59 79 116 55 90 123 19 47 15
    88 3 83 109 23 89 61 83 42 126 51 61 109 86 92 17 37 44 48 0 83 30
    50 10 29 36 120 70 74 101 83 105 89 27 75 90 91 91 12 112 45 49 95
    36 88 46 41 44 47 13 122 34 19 1 71 51 52 69 72 72 24 33 109 49 13
    78 98 31 89 41 85 96 30 96 116 81 117 103 35 69 13 3 72 2 99 47 56
    16 36 76 106 66 55 120 98 54 21 53 20 115 64 100 6 13 25 92 88 27
    102 83 12 2 89 96 118 74 79 114 97 33 14 65 37 111 50 80 13 110 41
    74 111 43 88 60 35 59 117 121 46 83 21 123 61 73 22 17 11 108 92 127
    39 107 44 61 11 40 20 84 3 36 122 119 19 9 121 46 8 29 119 91 17 78
    10 99 28 42 47 50 51 45 101 98 33 109 120 126 43 26 67 81 120 82 22
    47 126 69 74 114 2 63 35 44 18 28 12 59 126 33 20 55 65 126 125 119
    68 107 120 63 47 38 124 101 113 64 17 114 89 80 34 114 68 3 109 43
    73 17 33 77 119 22 96 66 44 35 1 96 5 63 41 6 77 65 79 109 73 111 70
    77 7 104 69 120 111 31 30 104 88 39 76 33 58 58 38 102 78 85 15 107
    102 3 118 9 81 117 14 102 123 101 88 16 123 83 32 118 50 57 123 1 41
    66 74 93 8 47 53 2 115 23 47 90 48 25 7 11 19 54 25 88 86 49 69 36
    39 104 96 118 101 90 116 34 2 126 124 46 62 31 36 55 61 80 6 44 91
    95 66 58 16 14 10 65 22 76 16 56 27 83 16 125 71 124 119 36 48 73 25
    121 122 88 41 127 10 58 74 18 25 40 35 16 43 44 118 6 30 63 63 87 38
    34 12 51 72 52 68 105 70 117 58 77 22 105 108 50 59 98 99 45 108 92
    31 7 2 97 20 41 103 80 50 83 104 103 111 13 1 31 78 67 6 42 108 121
    13 5 14 77 34 96 19 109 82 98 83 69 122 121 104 32 92 16 115 48 38
    111 104 96 53 33 24 82 95 3 118 24 52 19 24 104 0 20 52 100 26 2 105
    53 70 2 120 71 75 77 53 71 7 80 14 42 36 108 21 13 104 17 127 71 117
    5 40 41 15 20 104 7 42 61 12 37 18 124 69 115 3 39 45 47 88 92 49 13
    52 12 11 66 66 93 98 117 80 102 81 63 23 74 67 19 11 82 87 7 55 111
    55 25 118 55 120 71 95 63 89 39 72 96 100 72 49 106 4 66 22 103 44
    78 14 127 90 122 103 13 8 104 109 34 26 58 47 100 87 114 26 2 98 70
    76 28 107 78 12 126 16 92 69 94 99 33 81 112 57 77 124 62 47 27 87
    77 22 69 64 79 63 20 118 92 126 55 108 18 99 99 44 68 16 53 19 99 53
    91 34 62 54 82 55 97 117 71 48 24 113 106 102 5 93 30 114 67 47 97
    119 12 63 90 106 49 28 60 34 94 5 66 0 2 74 45 45 28 53 88 68 54 18
    43 38 58 46 32 0 98 101 107 45 74 102 118 127 60 25 65 104 95 115 48
    66 34 27 124 35 37 63 58 17 78 102 55 105 87 86 33 86 88 60 33 52 76
    39 2 34 103 53 46 90 25 13 118 17 116 75 125 116 89 75 46 49 25 22 6
    93 49 47 83 38 106 58 122 106 72 7 66 85 3 52 127 125 7 64 127 31 9
    57 124 65 125 68 48 42 47 63 66 126 98 94 54 32 2 84 73 110 12 83 16
    107 70 11 72 44 118 39 6 54 23 69 77 1 93 60 101 104 26 49 18 42 80
    27 38 121 37 93 36 86 39 92 11 88 40 57 59 84 2 29 37 14 114 116 36
    110 92 109 12 90 23 113 107 102 61 92 58 33 52 121 25 95 104 60 21
    54 42 0 87 31 34 9 17 27 34 8 117 114 86 48 6 106 4 51 100 73 2 74
    112 114 18 25 79 0 110 10 53 85 80 83 30 43 16 77 106 14 27 110 89
    122 23 125 3 71 100 54 85 93 60 94 87 82 65 56 64 45 102 50 109 7
    108 2 98 26 27 28 57 78 59 59 42 34 39 116 27 87 49 29 57 53 4 66 62
    74 66 66 10 82 73 31 99 96 114 102 84 32 19 45 65 11 114 5 51 21 31
    54 22 23 15 99 125 34 64 52 101 86 91 113 8 37 51 95 114 24 104 105
    63 95 53 80 61 93 112 69 127 107 56 7 4 50 47 44 70 14 45 98 9 119
    127 109 100 72 63 21 39 110 20 54 14 117 74 27 54 93 52 28 3 101 93
    107 12 35 31 124 121 68 44 94 42 126 12 40 105 96 33 28 96 105 116
    62 113 91 84 50 32 35 53 108 12 110 91 77 20 104 89 81 31 35 47 58
    34 25 112 0 45 9 53 8 42 24 81 5 20 102 111 110 5 58 26 63 11 68 105
    88 82 13 84 4 17 102 122 103 13 16 84 26 11 11 40 117 90 40 73 90 5
    97 9 125 52 120 97 99 84 12 40 34 88 36 18 109 15 49 16 75 20 72 16
    54 85 87 111 31 45 109 119 83 113 6 71 83 120 76 8 77 113 109 48 81
    39 50 53 24 100 64 113 32 24 100 13 14 93 112 79 12 112 79 72 86 92
    62 94 59 85 106 27 21 27 87 78 87 26 29 97 23 69 79 24 38 90 87 97
    85 57 82 40 79 85 54 99 21 6 94 97 88 66 61 51 113 109 28 40 71 33
    106 45 0 90 94 112 113 68 39 51 2 106 98 109 7 67 29 45 2 118 44 96
    44 29 115 107 125 43 12 7 61 122 91 43 65 28 7 24 17 107 12 98 17 24
    95 15 17 119 123 116 111 35 117 36 87 24 95 61 123 103 0 17 8 109 80
    49 110 24 117 3 24 63 28 127 93 6 72 100 55 90 13 23 123 19 80 110
    25 24 74 2 96 44 118 75 55 57 85 100 10 89 79 56 109 96 124 51 33 87
    21 92 11 3 16 122 108 41 105 51 90 84 104 66 6 54 100 52 77 113 50
    90 101 66 65 5 36 8 44 120 8 20 110 32 61 26 45 38 18 123 47 60 43
    10 103 70 4 26 7 125 75 117 69 76 65 30 101 86 118 29 23 52 112 115
    61 11 103 74 67 124 115 9 38 7 101 107 113 103 16 49 18 6 102 56 33
    19 36 103 75 37 112 49 16 69 25 84 27 114 55 107 91 102 83 124 89 33
    89 14 19 104 88 35 95 28 107 87 72 94 2 77 21 113 60 89 58 56 16 6
    13 19 80 13 113 125 73 27 85 116 30 22 82 42 47 106 69 120 9 41 46
    126 2 65 54 100 79 98 29 1 79 63 78 52 28 64 16 107 106 21 10 17 42
    25 70 13 119 109 42 95 5 122 37 106 53 46 75 13 54 22 25 81 1 96 68
    105 107 32 49 38 97 37 47 38 61 37 53 64 78 121 32 115 10 73 35 54
    116 96 89 92 33 13 35 30 38 11 63 118 34 58 126 88 3 65 119 44 18 55
    39 57 106 70 97 69 17 126 11 65 77 23 74 62 82 12 106 46 82 58 74 35
    46 55 41 67 8 56 43 118 96 87 120 85 56 119 85 6 85 47 78 12 30 99 7
    61 61 20 11 58 90 87 19 92 127 113 116 0 45 107 72 120 11 51 106 40
    34 102 13 115 58 38 16 103 3 105 114 108 0 31 103 81 41 1 42 25 1
    121 84 96 9 42 108 101 34 5 109 88 22 100 35 88 12 13 65 26 97 111
    34 86 24 102 112 72 35 43 36 76 17 12 38 102 125 20 89 19 34 111 106
    11 49 21 122 77 1 4 57 37 54 122 39 64 107 32 97 108 28 120 4 94 38
    14 25 4 2 123 116 0 9 93 26 123 127 67 0 108 84 120 20 59 37 92 92
    26 110 20 116 30 43 118 18 119 118 111 89 64 46 91 31 124 77 104 53
    61 73 76 9 99 57 76 78 44 59 17 80 45 47 2 24 109 113 48 119 105 32
    98 51 85 112 119 57 59 16 11 66 110 2 117 112 28 85 82 100 13 118 19
    115 39 57 106 61 86 86 21 112 69 112 71 57 19 44 0 63 68 38 106 44
    101 15 119 117 127 34 58 64 63 16 102 112 9 61 63 70 94 49 73 20 96
    65 6 97 16 78 41 45 41 5 37 108 94 114 114 52 80 26 102 62 0 0 86 20
    71 19 47 106 1 96 29 39 50 41 43 7 4 104 117 51 44 3 96 23 110 80 6
    69 56 32 68 58 15 113 113 12 27 36 93 31 116 1 117 7 103 59 101 5 74
    126 51 27 16 34 112 112 78 85 47 94 86 77 99 73 104 70 22 25 3 45 40
    20 49 90 61 56 80 99 19 78 8 82 16 88 45 14 61 82 29 51 4 98 98 93 3
    70 30 53 54 116 64 23 16 26 19 14 12 103 84 33 1 90 17 27 59 66 90
    36 107 10 100 98 29 57 5 99 109 111 39 9 97 102 26 50 81 77 49 48 12
    33 121 80 69 28 56 30 75 60 68 125 7 4 90 96 117 45 100 78 103 20 61
    100 42 23 86 66 51 35 92 38 77 34 104 19 82 54 72 86 68 86 111 46 32
    28 25 77 47 84 66 86 72 0 123 70 96 24 117 23 16 102 78 68 66 30 14
    126 76 63 91 7 61 17 28 116 82 27 27 18 91 106 60 28 5 105 62 126 55
    100 123 47 104 57 90 76 3 116 51 59 21 125 39 121 119 34 121 95 26
    62 85 2 125 69 116 22 62 81 113 61 46 11 55 42 73 106 49 23 17 90 19
    58 99 53 121 79 38 32 66 15 104 63 69 3 48 41 80 40 104 49 62 10 106
    124 10 36 115 67 6 79 15 98 56 84 47 113 23 60 111 68 61 57 124 53
    40 93 46 95 103 100 98 83 33 106 113 41 62 53 65 125 42 48 21 115
    106 115 109 89 60 87 56 6 79 68 108 123 20 45 107 42 85 112 62 59
    107 73 69 110 28 53 125 9 110 83 69 24 96 35 16 4 52 82 38 82 84 118
    5 43 82 49 79 75 114 21 71 31 119 75 94 7 32 15 124 57 110 89 8 20
    57 41 10 109 93 10 29 115 19 4 96 74 40 68 34 19 14 61 73 78 31 17
    75 93 125 80 102 83 10 0 127 65 116 80 111 48 91 95 6 14 69 113 78
    114 62 97 110 18 50 67 41 7 74 65 103 122 63 60 66 81 76 91 55 74 50
    58 120 52 59 28 126 75 103 51 17 88 111 6 104 107 113 87 105 12 109
    119 100 34 99 21 42 16 100 18 34 107 18 123 12 37 39 110 25 62 121
    120 107 102 57 57 25 69 3 119 75 118 75 118 56 121 101 87 113 27 35
    80 84 13 93 21 80 119 40 71 51 13 81 3 67 96 115 24 116 35 35 5 112
    45 83 123 95 28 51 1 59 72 66 29 40 69 7 9 120 65 108 43 120 111 121
    34 45 99 52 120 18 117 25 58 95 98 16 114 16 119 51 97 72 74 108 65
    58 76 28 117 48 58 34 3 31 109 92 81 9 75 118 86 122 55 65 84 85 122
    12 83 104 7 56 114 66 41 46 9 108 81 62 60 30 33 11 84 86 97 97 84
    78 35 33 59 19 66 120 54 43 75 63 11 13 50 36 29 14 49 92 28 109 114
    24 79 17 34 45 21 70 94 35 10 11 111 111 124 47 121 86 48 79 126 76
    122 68 85 34 40 45 57 123 124 35 118 24 122 111 46 73 123 42 94 94
    91 39 37 25 101 3 51 13 40 58 39 6 58 62 70 2 36 103 61 102 86 21 16
    87 67 49 76 19 31 29 30 57 89 13 26 115 78 66 42 111 24 35 72 32 21
    79 55 115 15 27 109 34 2 37 74 87 27 35 103 98 26 97 97 96 43 64 41
    97 127 85 120 20 20 79 9 98 32 119 60 14 100 114 13 64 51 116 126
    104 24 124 87 91 64 87 113 54 67 43 49 29 107 51 60 6 120 68 22 67
    90 36 67 40 104 27 57 58 2 123 23 125 53 86 33 10 22 53 125 3 31 99
    95 78 26 38 64 8 3 123 31 126 1 39 10 79 68 84 39 16 55 30 125 64 53
    12 69 51 75 124 81 30 99 13 105 39 64 101 56 32 68 18 37 112 50 27 3
    103 71 21 99 103 61 127 22 63 102 91 43 23 95 19 127 87 95 60 77 114
    25 93 22 13 48 114 20 15 116 64 72 115 32 103 112 110 49 114 33 56
    48 37 35 84 72 34 82 11 38 17 120 90 119 97 84 42 75 11 0 106 47 75
    96 114 107 98 54 90 71 116 32 52 52 38 99 36 112 116 47 97 10 12 60
    39 72 123 48 75 37 92 118 26 5 127 120 59 79 28 56 36 2 110 91 87 9
    54 91 29 14 29 48 101 101 4 89 52 103 50 73 122 66 32 36 23 54 121
    53 59 106 41 82 107 119 95 86 19 57 64 115 114 110 8 79 71 89 49 57
    62 1 99 44 74 122 22 76 70 126 61 62 89 62 63 21 41 3 124 67 105 2
    116 75 70 17 117 49 107 76 38 18 13 36 83 48 45 44 42 56 9 121 124
    116 93 121 15 56 49 35 25 105 72 78 127 48 118 23 2 56 46 21 10 96
    54 52 92 80 104 42 8 115 31 111 10 64 74 57 14 94 24 35 38 103 41 5
    78 51 9 61 122 41 99 43 9 120 77 80 107 75 87 1 25 65 76 6 42 29 77
    26 100 80 59 60 79 7 10 67 51 3 45 10 122 41 19 119 55 58 74 123 28
    23 106 20 121 91 43 72 68 100 122 49 120 23 125 108 103 113 21 80 4
    83 111 36 66 105 78 107 80 83 42 76 3 53 30 64 58 78 24 14 15 113 66
    30 83 119 126 100 79 30 90 55 51 83 70 20 73 72 71 71 107 79 89 111
    87 96 75 14 59 81 105 108 83 14 26 73 71 7 33 124 41 49 120 47 30 29
    44 81 98 32 55 63 72 127 6 50 84 96 53 24 42 27 42 14 76 83 67 105
    33 40 30 32 103 75 4 42 118 66 114 112 23 76 41 62 57 51 94 2 76 35
    34 103 126 61 41 45 102 65 31 29 78 85 57 110 10 28 43 86 103 76 17
    47 84 64 115 66 22 59 127 45 109 16 89 58 27 34 103 58 76 77 13 113
    45 108 114 63 71 52 83 122 66 19 40 124 56 1 50 74 89 70 81 23 125
    72 87 40 69 127 108 91 51 82 10 89 90 50 23 19 35 3 126 29 67 12 103
    84 101 100 13 5 35 86 63 21 50 109 109 37 11 10 55 71 27 113 58 122
    19 33 85 36 50 91 35 39 33 11 84 101 31 81 78 3 50 69 78 75 23 63 5
    85 6 38 101 109 9 112 24 24 61 64 102 102 93 62 109 90 64 81 72 108
    100 33 52 63 31 116 17 83 123 90 33 88 113 100 62 71 53 19 90 10 76
    11 105 102 13 68 56 67 11 74 6 29 58 125 100 46 70 30 124 31 7 56
    115 79 1 14 104 94 25 94 114 73 95 87 47 7 63 61 57 107 62 54 5 39
    41 106 55 124 53 91 88 28 104 32 102 46 84 111 108 113 94 67 38 111
    18 29 43 58 19 84 81 26 55 30 97 72 80 119 94 0 104 22 58 101 95 5
    48 75 97 122 34 108 6 111 43 62 55 81 120 73 40 63 59 8 116 84 1 110
    118 23 61 0 84 73 2 112 63 24 11 83 18 103 32 70 40 77 76 57 86 15
    120 91 14 40 120 79 8 15 85 8 14 62 43 120 67 82 103 103 94 118 2 76
    29 76 116 38 126 9 5 104 67 73 92 50 121 13 121 33 18 81 9 89 3 97
    58 20 106 54 127 124 2 83 105 13 16 48 107 23 43 33 13 17 123 48 84
    120 100 25 46 54 64 5 28 37 104 62 59 105 25 79 34 65 62 102 68 23 7
    35 66 7 126 102 11 12 71 102 60 50 57 26 17 8 108 32 14 124 24 70 34
    36 34 12 89 116 70 120 106 87 6 89 106 21 115 53 84 53 80 100 61 32
    20 113 56 17 47 73 67 5 69 71 83 8 6 65 2 107 3 79 25 6 62 18 63 30
    91 83 50 92 68 42 27 126 35 39 7 15 73 31 7 47 115 27 28 53 108 59
    75 109 120 77 81 34 95 50 121 85 94 73 44 96 89 79 85 36 68 61 96 36
    15 85 107 63 104 45 41 18 106 49 116 112 119 111 84 67 79 103 56 113
    27 95 3 32 118 2 126 56 26 25 21 123 122 110 3 40 102 26 92 55 86 58
    103 93 0 120 112 114 13 86 17 121 49 46 32 35 102 55 57 74 99 45 36
    54 81 98 127 26 41 67 28 79 31 17 88 99 11 118 57 73 64 117 20 87
    120 77 11 36 81 112 13 17 30 59 11 114 47 67 52 126 46 10 47 90 103
    98 71 94 91 74 122 114 63 101 122 70 50 66 38 73 8 115 111 69 35 67
    66 87 60 3 86 6 20 83 79 99 54 4 125 60 90 78 109 65 22 65 124 7 43
    72 15 17 103 2 43 83 109 39 81 109 84 115 104 117 97 95 50 115 69 44
    51 94 64 96 1 123 62 59 45 2 74 102 82 48 120 73 57 82 23 94 43 15
    27 105 121 28 63 80 67 86 76 43 121 105 38 88 116 17 14 40 117 56 1
    34 108 4 53 85 11 47 8 126 90 63 42 64 89 111 52 62 63 53 60 68 113
    81 105 127 86 27 77 74 19 99 77 67 35 111 12 32 114 56 40 51 70 28
    90 78 60 124 110 12 89 60 32 107 37 126 10 74 122 33 91 94 46 1 10
    115 68 124 97 104 17 117 85 80 30 64 31 88 49 72 76 49 1 1 27 80 109
    9 53 74 126 49 93 82 39 60 18 26 18 55 109 124 67 17 24 2 73 83 118
    85 106 77 83 81 6 4 125 70 127 113 117 85 97 28 22 1 101 45 16 95 81
    54 61 42 11 90 85 37 34 44 0 17 2 4 118 71 117 0 67 103 36 73 98 43
    78 114 61 121 22 108 48 40 63 116 81 93 121 21 106 11 121 42 110 41
    95 94 96 16 50 62 34 36 59 78 70 76 67 31 61 86 55 82 13 102 13 93
    26 40 15 3 82 86 13 4 37 43 58 39 29 60 25 125 112 86 62 0 10 111 14
    47 99 117 84 34 3 29 50 43 6 25 53 67 24 91 57 71 68 33 93 3 70 34
    27 22 43 118 77 34 78 37 107 66 8 77 68 61 86 38 118 118 80 51 5 3
    124 86 29 102 37 80 90 97 33 74 88 5 36 14 69 28 36 85 108 5 86 65
    106 10 30 75 123 27 118 40 90 9 127 34 0 72 22 31 98 65 124 123 50
    61 29 91 119 127 46 39 46 126 60 7 24 77 70 12 89 48 0 33 7 15 4 56
    12 34 50 97 99 101 97 107 0 50 65 72 17 50 36 114 112 97 34 1 114
    113 74 118 16 59 29 106 73 11 78 14 77 72 125 121 123 96 95 116 78
    123 116 23 30 50 121 110 89 58 111 79 69 26 35 115 32 66 56 83 15 30
    121 92 93 52 59 50 85 66 80 79 14 115 14 49 15 104 107 96 57 48 88
    78 100 85 31 29 39 13 37 17 108 122 122 33 109 5 39 80 64 111 23 103
    90 62 105 69 112 124 13 38 41 3 92 104 126 24 124 113 50 122 39 27
    118 63 116 101 104 101 15 112 102 111 1 61 121 113 103 22 25 61 18
    23 89 34 5 103 21 91 24 23 9 119 90 116 9 35 77 34 40 29 55 112 71 5
    40 60 127 86 105 11 3 73 90 11 96 16 49 71 78 91 125 85 56 3 113 80
    52 17 119 50 26 95 63 27 39 79 109 44 24 108 98 100 101 5 35 50 92
    38 76 64 44 56 50 101 35 20 2 62 112 52 61 121 20 95 10 48 57 98 37
    36 47 40 97 62 77 28 69 49 45 68 54 37 21 9 36 27 26 72 93 91 97 81
    95 96 66 78 87 23 36 77 21 18 9 108 86 9 4 34 3 37 55 26 117 34 7 75
    68 52 40 111 36 33 98 101 112 52 126 0 8 44 67 66 10 82 21 39 54 18
    120 10 33 13 104 78 62 0 6 7 21 56 79 35 60 93 71 97 115 85 16 107
    35 59 34 105 18 46 41 103 59 33 110 28 0 67 6 13 126 46 11 89 59 40
    96 45 89 96 47 17 124 50 54 105 29 65 119 97 107 34 78 13 77 98 53
    59 58 31 37 106 5 12 104 61 88 119 0 10 67 77 92 108 60 12 75 99 5
    18 52 73 64 63 87 116 56 125 113 109 18 14 21 44 121 44 78 51 78 45
    25 94 88 17 69 114 32 55 107 8 66 64 98 110 82 77 51 24 8 94 33 98 5
    17 23 56 123 105 126 4 98 65 54 54 47 89 46 65 124 41 38 120 125 79
    19 41 37 0 17 75 20 54 94 91 70 26 37 74 117 24 113 21 45 83 100 5
    48 2 116 38 63 93 10 109 51 13 116 58 92 104 32 17 96 91 14 60 42 37
    66 38 63 25 53 66 7 108 39 88 54 94 58 83 71 106 73 72 77 25 120 73
    82 22 34 106 99 67 16 41 108 56 127 127 57 49 76 84 10 126 125 51 30
    25 90 66 56 25 98 49 42 123 104 105 35 35 61 81 46 107 109 64 80 81
    87 74 32 44 1 109 69 29 73 48 52 16 93 80 47 3 11 99 87 118 36 63 7
    39 73 11 40 125 3 87 61 9 4 124 88 54 113 103 125 120 44 11 23 117
    99 69 99 85 90 116 80 125 5 119 55 85 81 9 119 20 53 1 83 106 78 109
    24 125 125 124 38 101 127 119 105 96 124 110 126 45 120 81 99 42 16
    3 40 10 21 41 124 26 49 46 102 56 35 24 74 71 21 37 94 76 37 46 118
    83 107 6 59 117 120 25 46 35 105 23 98 91 90 100 8 61 49 23 60 46 28
    58 66 69 93 112 104 102 5 41 25 28 47 45 99 89 71 115 78 71 45 89
    108 29 10 91 12 93 10 2 124 62 82 70 110 113 21 97 102 65 77 33 86
    125 50 33 60 62 29 108 40 119 124 52 97 106 63 43 95 19 52 98 109
    112 120 29 117 79 115 50 83 115 72 50 29 4 24 22 86 84 8 116 127 110
    57 57 53 55 68 77 7 35 49 57 20 120 66 27 20 93 10 106 52 39 111 45
    121 70 110 80 81 25 97 5 48 19 57 25 51 8 0 31 48 48 48 117 34 71 18
    80 53 87 11 54 40 65 124 72 94 93 77 100 32 39 95 116 39 49 51 43
    121 123 121 126 71 99 42 53 104 122 87 73 57 63 29 22 81 108 116 11
    75 11 112 46 35 48 80 86 46 71 50 107 15 81 34 10 26 13 33 46 22 119
    71 95 90 103 30 85 116 38 56 66 48 96 39 118 21 78 98 63 103 18 76
    54 55 71 7 69 89 99 89 83 18 109 69 114 85 38 124 53 99 108 24 111
    59 13 79 98 103 1 43 15 112 80 29 15 125 0 57 25 122 124 85 76 6 2
    122 43 53 57 13 45 0 45 93 39 58 53 59 80 4 5 87 124 10 72 64 26 106
    119 62 18 4 106 41 16 118 92 125 127 98 16 47 55 64 49 25 111 78 37
    28 5 114 58 20 59 127 107 24 29 28 91 45 70 4 113 59 113 113 23 49
    11 122 110 105 50 100 9 14 118 2 91 126 6 74 45 75 5 38 108 43 121
    53 43 2 43 6 60 91 37 104 28 76 79 112 72 20 6 74 7 122 6 4 16 99 18
    66 47 115 90 22 104 15 8 22 15 44 42 27 59 31 16 38 50 107 45 44 29
    103 67 14 96 92 33 112 100 61 27 13 124 38 43 42 109 105 24 28 44 85
    17 106 90 110 48 14 5 80 63 44 47 29 105 4 100 109 48 1 93 90 21 27
    45 83 77 39 7 16 60 107 54 39 6 125 56 66 42 34 19 95 29 127 35 40
    10 98 19 94 25 39 60 72 75 100 85 72 19 70 63 113 102 55 104 7 23 68
    60 74 98 122 58 23 115 109 55 91 109 43 7 67 9 111 123 55 116 41 21
    47 117 124 89 1 125 17 47 80 53 93 76 111 116 99 116 41 127 104 46
    61 74 82 41 62 54 112 126 69 43 44 108 119 2 8 71 73 48 119 97 2 18
    46 124 53 51 115 7 102 22 21 98 6 26 29 120 63 50 119 40 73 66 22 61
    90 33 3 79 10 34 53 8 6 80 3 96 40 74 80 45 13 11 99 47 85 21 68 40
    109 2 72 99 18 72 32 72 5 107 119 12 46 95 103 68 97 30 14 74 103
    120 37 65 101 45 93 90 3 117 93 0 33 12 105 101 26 125 119 96 43 35
    27 40 108 119 28 15 73 66 64 73 27 121 16 105 104 20 89 85 17 2 10
    24 18 108 117 110 74 34 59 90 109 96 0 113 38 93 65 108 11 123 29 45
    89 0 12 48 7 92 18 31 90 36 63 26 85 53 4 8 8 59 42 52 61 119 106 76
    32 19 94 79 61 4 89 27 114 47 74 63 44 37 35 1 31 83 19 89 38 93 66
    31 89 29 15 75 118 101 67 87 126 119 100 96 92 102 63 107 94 74 99
    52 9 55 69 54 25 79 55 47 31 91 3 32 60 8 31 124 112 48 53 31 2 0 60
    45 42 7 26 12 32 42 24 37 76 108 124 103 105 9 61 97 76 79 87 80 63
    104 99 4 86 105 32 81 83 94 109 38 74 114 120 52 18 61 0 23 14 42 29
    77 93 77 71 120 2 81 99 99 58 76 12 116 111 86 29 83 112 69 62 40 78
    84 19 60 90 108 51 73 102 121 34 38 58 61 98 123 64 86 105 99 89 87
    20 33 6 127 23 17 68 42 24 115 26 113 29 101 69 46 6 121 64 13 98 12
    75 107 97 58 49 118 25 98 60 56 45 16 17 13 8 117 57 5 57 115 85 37
    63 5 52 111 91 51 65 109 117 37 84 82 35 30 39 105 91 79 120 43 48
    108 17 111 91 58 125 20 111 117 11 43 34 24 43 27 17 89 36 117 72 8
    27 117 41 126 19 121 102 24 102 80 36 95 107 107 124 68 112 125 30
    58 13 56 94 80 4 92 59 74 61 2 114 46 16 102 29 117 4 112 56 111 105
    56 102 96 86 38 46 118 39 125 18 52 112 66 114 105 38 3 88 8 103 80
    20 117 119 126 114 3 90 87 8 15 43 42 62 53 2 102 50 82 79 47 64 66
    60 65 24 23 112 34 80 105 80 49 58 120 15 19 94 13 77 49 9 101 103
    39 13 29 111 103 15 26 50 56 55 69 93 53 24 26 21 92 54 95 72 114 85
    11 17 93 98 84 75 1 83 96 30 98 52 77 80 3 104 6 21 32 60 103 104 90
    85 93 1 61 36 61 13 44 68 115 3 80 125 41 92 52 44 107 32 126 42 14
    77 41 65 36 114 48 103 67 88 103 71 42 10 10 102 97 15 103 10 107
    103 108 25 78 39 115 48 109 39 62 24 56 95 46 72 42 24 30 38 52 0 16
    95 106 8 73 70 41 88 101 76 15 38 35 45 79 52 43 44 68 35 60 126 18
    45 99 58 78 93 88 122 6 42 39 83 102 50 51 36 52 67 85 58 118 75 61
    3 20 59 43 116 111 10 53 48 88 25 15 111 63 92 124 125 100 105 91 83
    12 81 36 27 33 33 63 79 89 113 56 59 72 86 26 46 30 96 43 100 105 22
    16 21 91 30 102 91 54 127 89 96 126 110 82 44 66 53 101 113 99 65 19
    100 57 118 92 72 6 29 29 23 36 31 39 22 115 49 6 68 9 106 33 54 24
    119 2 82 41 2 41 104 79 34 13 125 17 104 63 6 35 84 93 117 97 112 8
    117 93 49 20 100 96 61 96 99 66 93 47 70 79 46 43 5 15 64 70 56 15
    106 61 95 83 111 94 117 31 43 56 22 85 101 112 41 4 67 60 18 127 84
    33 47 119 32 11 78 16 59 122 76 6 74 96 72 117 97 84 3 40 97 114 93
    12 6 60 10 100 86 119 101 26 60 76 105 85 84 39 34 43 19 50 64 22 11
    19 23 103 116 51 62 5 56 100 10 1 122 33 57 34 2 38 3 125 1 106 77
    38 50 94 74 23 55 85 25 65 4 5 18 101 113 2 62 70 84 125 0 73 17 88
    69 6 117 70 19 72 1 109 54 71 13 93 60 1 9 5 30 89 120 40 90 41 111
    84 62 3 63 127 37 96 126 50 114 25 35 6 95 47 91 48 101 82 7 121 120
    27 23 124 29 10 107 69 38 14 98 118 28 84 73 53 55 112 74 12 29 48
    36 11 10 60 19 110 109 88 92 108 98 44 3 101 67 104 1 35 30 63 113
    87 17 25 41 117 51 9 67 112 55 103 86 113 46 46 98 68 6 15 66 76 56
    33 78 71 0 89 82 86 127 8 25 127 88 78 10 57 51 38 109 7 26 84 24 37
    66 28 50 70 26 55 107 116 2 85 77 88 47 101 73 89 6 22 81 31 93 99
    62 38 10 44 79 109 121 30 44 69 127 17 27 56 108 119 72 112 46 62 86
    112 94 53 30 7 29 126 7 71 87 70 22 89 22 97 14 75 64 17 28 90 60
    108 77 108 9 69 84 98 36 127 57 12 21 21 118 12 127 94 27 91 118 30
    64 27 85 59 126 81 72 64 9 40 94 82 123 54 90 31 69 123 97 42 115 85
    124 34 76 61 81 60 1 97 7 84 16 112 55 84 109 59 66 114 88 41 66 110
    35 71 39 65 13 90 65 48 76 108 97 41 44 50 74 65 79 57 66 22 11 34
    34 10 0 114 27 87 127 93 78 110 44 62 62 29 116 2 23 92 0 0 114 53
    43 73 101 51 14 91 127 87 94 127 29 8 100 121 100 40 86 50 47 3 107
    11 42 113 32 40 72 68 108 49 114 100 122 87 47 116 104 51 28 35 12
    14 20 107 108 97 92 89 1 36 96 93 107 59 53 49 46 66 12 37 54 113 55
    58 68 127 91 93 76 0 124 40 53 72 95 59 60 78 63 11 51 68 22 55 86
    123 51 3 105 109 124 62 80 94 112 9 55 62 33 74 3 4 8 102 112 4 42
    103 103 90 46 20 102 106 73 85 24 28 49 125 55 80 54 127 16 31 65 24
    102 4 95 115 33 99 45 106 49 59 32 54 2 38 94 90 29 48 124 34 103 72
    54 38 9 6 26 91 84 26 108 25 122 25 7 1 104 81 74 87 99 7 121 111 73
    51 78 12 61 103 69 78 101 63 103 68 31 71 124 119 123 62 3 37 127 1
    30 79 28 49 59 9 42 26 65 16 124 23 68 20 124 118 9 77 7 98 46 90
    125 104 83 72 39 97 5 104 102 67 35 28 93 48 28 94 74 23 123 95 59
    85 31 109 102 41 126 53 77 61 119 76 13 66 48 45 113 14 126 97 99
    102 116 96 70 47 62 23 52 98 70 101 82 71 93 111 9 24 106 103 125 18
    118 64 119 18 79 104 45 17 11 111 75 82 31 40 19 66 125 30 51 102 38
    111 36 82 121 42 126 7 75 67 105 17 56 90 9 71 50 28 25 9 31 22 19
    54 57 115 113 32 71 30 25 25 126 15 32 12 37 102 72 124 54 124 45 97
    117 36 30 65 103 33 32 53 65 23 88 95 92 5 23 97 6 9 46 1 89 35 102
    69 55 1 80 30 101 35 18 37 47 38 119 61 106 107 111 11 64 6 52 100
    29 25 28 112 20 58 107 2 98 0 122 70 107 26 54 75 41 90 34 124 113
    59 9 111 61 64 89 26 101 90 31 90 91 73 103 118 98 99 99 111 62 91
    17 66 115 56 93 105 92 12 40 82 120 117 45 121 30 62 99 77 59 49 75
    108 41 43 56 4 95 87 42 72 45 114 59 11 89 65 62 58 92 115 0 104 22
    30 97 43 76 44 78 94 3 67 15 23 65 91 55 69 115 82 2 113 108 40 55
    102 16 51 111 83 103 113 92 8 62 38 106 52 69 79 35 103 64 19 88 64
    24 21 115 84 90 45 21 48 72 75 53 88 12 53 15 58 116 74 21 42 37 17
    29 121 55 7 101 2 101 96 87 46 107 110 16 3 80 29 62 45 41 20 57 36
    119 41 47 45 15 58 28 115 42 63 49 21 125 15 1 42 101 24 124 54 27
    30 3 82 31 111 63 101 53 117 60 90 32 20 111 48 102 51 46 68 15 63
    95 45 82 11 28 64 22 73 89 21 85 8 8 57 118 123 94 32 89 14 30 4 124
    56 85 67 56 81 95 69 27 47 54 66 39 72 64 13 32 122 87 38 29 105 47
    10 79 69 39 36 34 55 94 10 59 72 114 49 58 26 43 111 80 59 95 41 115
    37 34 123 27 64 88 76 17 40 119 39 56 90 121 57 24 103 95 107 34 112
    14 59 84 5 107 84 79 82 95 55 63 10 0 84 106 30 70 16 74 85 38 63 26
    12 43 94 78 109 50 12 103 117 114 112 61 27 40 92 73 101 88 121 117
    50 70 61 54 51 84 68 47 96 104 93 31 29 62 38 91 11 5 18 16 29 99 13
    115 40 11 73 8 126 88 20 5 27 35 65 70 14 105 99 22 17 32 22 50 47
    40 46 38 93 71 76 20 100 61 24 20 42 125 127 105 126 73 11 74 126
    103 76 79 60 41 77 117 26 40 63 122 85 111 80 87 47 76 41 111 20 77
    81 35 23 20 79 18 62 47 73 89 13 114 36 12 83 1 1 49 102 45 17 48
    122 5 126 99 104 60 73 83 95 80 124 48 122 41 106 106 76 9 91 120 22
    37 98 6 118 32 114 70 78 65 15 87 3 93 9 83 77 33 127 2 60 85 76 93
    96 0 70 120 4 76 118 60 125 109 66 83 44 93 121 103 41 64 4 125 117
    95 9 32 117 39 74 52 112 113 54 59 102 84 95 124 96 73 20 94 104 117
    56 95 91 19 65 91 39 102 103 48 61 99 65 32 4 30 102 117 51 95 46 67
    58 108 10 12 59 4 79 70 49 43 108 66 121 51 44 1 57 87 110 67 108 15
    52 126 121 38 27 106 114 39 62 1 75 5 111 66 30 17 89 31 5 28 52 78
    84 68 36 62 38 50 47 61 65 41 94 62 57 58 119 101 29 118 46 95 88 74
    82 92 76 35 108 7 21 85 31 123 80 38 127 115 58 19 126 65 123 112 39
    98 28 107 77 44 66 60 90 83 36 85 13 76 18 26 62 70 21 94 98 61 86
    122 48 83 113 12 22 74 56 100 84 105 1 102 41 114 41 107 68 12 71 27
    8 114 48 13 13 61 106 97 81 55 65 64 67 7 8 83 74 104 108 122 42 52
    107 96 109 114 54 82 118 94 105 56 124 63 59 37 110 71 49 80 77 40
    15 75 46 64 0 24 28 16 111 49 79 73 110 102 115 91 5 105 71 63 57 47
    33 59 1 65 41 10 117 105 39 38 29 94 41 48 61 5 37 76 15 107 48 13
    95 96 119 21 22 95 112 26 8 93 4 68 79 34 65 27 79 70 81 125 28 123
    14 22 126 2 19 92 72 85 75 84 2 100 114 57 46 85 124 85 19 89 119 92
    68 67 1 56 56 30 22 117 11 62 68 57 67 57 27 85 126 61 86 18 55 50
    48 76 90 113 81 41 81 28 89 23 2 65 19 37 25 103 6 107 8 12 112 52
    76 114 104 122 124 98 85 36 87 27 63 69 23 67 123 93 48 76 22 22 52
    101 109 68 4 84 113 120 69 100 116 40 46 55 75 53 104 87 79 124 86
    81 45 50 75 65 20 118 111 14 72 93 115 125 100 42 72 75 104 119 20
    35 58 64 51 98 49 33 65 73 115 6 75 60 41 39 20 68 81 35 47 96 56
    104 69 53 82 49 22 96 127 67 29 111 50 88 78 87 44 82 88 70 110 14
    88 66 122 16 83 60 102 46 44 79 7 75 119 121 6 39 45 35 26 73 63 100
    47 15 23 0 36 20 45 18 5 49 123 126 11 91 109 47 88 24 82 52 28 123
    101 100 63 27 51 73 9 24 105 110 73 64 111 47 4 0 62 12 0 94 10 49
    34 69 82 63 28 90 127 26 116 108 116 37 61 85 87 35 28 44 84 89 85
    103 6 94 41 99 19 16 68 56 17 63 104 19 93 100 53 70 100 45 26 65
    111 18 123 80 61 60 94 13 42 24 13 102 45 106 85 97 12 33 111 35 32
    67 123 45 119 26 34 26 77 94 39 126 65 116 76 18 25 99 19 114 127 89
    75 65 16 116 9 47 88 56 79 105 98 9 39 16 87 58 17 127 89 111 115 5
    54 7 45 122 48 119 32 125 84 19 38 60 41 93 29 96 78 24 101 28 99
    123 59 34 120 54 29 88 26 89 68 83 48 85 29 79 95 101 74 105 97 84
    103 122 41 38 122 49 115 14 114 113 0 113 32 76 113 127 121 70 3 20
    42 18 15 51 114 25 12 51 53 41 51 94 19 37 31 87 8 1 102 35 58 14
    123 87 53 67 58 111 119 3 85 59 77 67 79 118 19 65 55 41 110 78 12
    38 3 4 121 68 10 72 106 57 93 127 17 91 28 107 33 45 85 35 27 41 119
    35 58 29 17 92 34 74 39 108 24 103 94 36 99 39 14 70 43 118 10 115
    34 30 59 12 25 72 48 61 116 122 103 13 115 66 103 73 124 114 35 24 7
    39 12 95 107 44 46 100 68 29 32 101 115 39 20 79 100 91 7 98 95 120
    109 13 76 114 64 103 109 16 62 99 119 111 108 62 13 101 42 18 80 122
    124 126 26 73 41 100 64 118 29 41 54 42 66 122 87 119 98 88 13 77
    114 42 61 111 44 114 51 40 109 69 92 32 74 126 15 104 13 19 10 41 66
    94 44 73 96 32 57 78 79 51 38 0 66 73 87 12 90 106 37 106 14 46 54
    60 42 94 123 63 16 118 39 24 96 4 55 54 127 28 101 65 86 115 125 12
    83 13 71 67 78 107 28 9 78 42 88 46 6 81 43 55 116 96 40 38 34 60
    108 113 45 101 44 125 89 29 58 28 11 98 3 122 21 100 81 27 8 86 127
    45 52 99 1 40 81 77 122 60 59 69 7 79 101 30 107 40 45 119 111 87 9
    40 3 53 17 100 113 126 88 39 61 76 4 85 92 10 81 124 101 50 65 54 59
    34 13 9 46 112 1 52 54 89 90 102 67 85 95 98 95 27 112 1 10 91 9 41
    15 20 18 127 21 75 115 19 92 7 110 42 113 53 114 88 55 2 22 30 15 1
    1 89 78 78 117 119 23 9 122 52 9 23 73 109 79 57 16 117 120 67 56 28
    78 95 4 72 40 97 27 87 36 117 0 12 120 77 118 78 26 126 114 126 40
    49 89 55 87 83 69 27 16 34 6 23 74 14 121 97 74 86 1 64 9 6 85 111 5
    97 38 126 37 41 103 8 43 90 22 1 123 71 122 71 100 99 63 6 10 104 44
    47 4 53 74 112 27 86 87 5 112 81 17 15 123 31 59 116 70 78 93 98 112
    78 86 113 61 80 70 118 117 106 103 106 42 106 51 90 52 12 67 68 27
    90 22 86 122 117 65 106 125 106 29 95 104 61 87 33 16 75 46 20 23
    101 81 32 30 76 2 43 66 105 63 1 60 88 115 96 2 101 81 13 19 37 95
    41 126 66 69 48 19 94 62 23 50 95 110 114 18 109 73 54 92 44 22 109
    42 47 106 17 75 73 82 20 48 98 57 45 30 83 91 51 31 116 14 4 74 7 2
    14 52 8 12 11 89 42 34 4 41 118 83 19 83 60 59 120 58 73 110 105 81
    40 83 64 86 116 4 45 21 101 48 43 13 62 35 24 46 58 74 102 7 42 37
    98 79 103 113 10 61 54 76 51 107 94 109 66 111 21 93 121 106 46 89
    112 118 89 85 32 28 83 111 55 106 112 96 24 36 39 107 28 21 102 87
    87 57 111 30 72 111 95 12 3 48 84 113 77 14 78 17 53 39 67 57 39 59
    61 118 0 65 18 127 80 115 34 42 17 55 12 42 116 41 3 98 120 6 27 124
    97 79 111 36 102 42 118 66 0 39 67 78 11 25 90 49 36 88 109 99 37 47
    51 31 11 127 97 3 106 57 61 50 81 33 114 120 78 22 79 78 126 113 107
    124 23 70 9 106 60 39 122 12 45 39 46 22 77 14 114 26 98 10 113 91
    49 41 82 15 80 98 126 78 45 47 54 7 74 107 46 111 9 49 126 110 106 9
    30 41 68 69 45 88 106 21 69 3 127 4 23 89 79 83 49 54 50 37 122 15
    72 52 89 117 55 89 10 62 38 63 109 58 114 12 56 84 111 127 105 6 18
    47 22 20 53 19 56 104 102 53 35 108 103 77 99 1 93 57 6 55 73 100 86
    101 57 77 122 126 14 46 66 37 127 126 125 113 120 8 98 100 6 32 1 52
    99 101 68 64 26 87 90 40 32 114 10 98 48 45 89 60 29 94 10 44 1 85
    113 59 126 76 115 10 122 6 88 29 0 13 108 79 102 13 102 87 18 116
    118 106 29 49 86 122 10 64 115 2 30 37 92 24 60 31 87 120 6 57 16
    112 47 21 46 70 63 69 86 60 48 103 85 65 94 109 98 6 64 91 115 87 69
    114 13 29 82 63 36 84 69 3 62 111 2 66 66 80 60 29 45 46 70 21 78 13
    38 11 127 65 16 14 7 75 12 56 78 16 44 94 35 109 100 84 62 105 17
    115 34 70 43 34 22 118 20 79 45 50 35 2 122 104 55 15 94 20 73 110
    25 60 81 10 46 108 31 59 0 68 99 47 108 109 33 46 96 38 120 22 6 63
    0 119 98 19 115 71 46 50 78 20 55 16 67 13 46 1 112 31 118 104 85 68
    77 83 20 41 118 76 58 3 88 45 10 16 28 75 9 28 110 105 118 93 99 57
    35 15 77 102 70 105 60 33 118 96 81 101 127 71 60 27 38 5 33 94 35
    58 47 83 60 108 10 104 69 99 51 93 1 30 22 79 28 60 51 85 51 52 5 0
    126 79 48 73 25 124 36 48 97 20 56 38 30 73 113 121 46 100 87 18 25
    6 116 6 115 105 117 22 24 68 12 43 94 94 0 54 116 65 2 52 32 73 2
    110 39 30 0 45 29 100 16 109 127 55 115 77 72 43 49 5 55 38 73 5 44
    51 102 87 123 6 9 78 10 73 2 77 52 69 120 89 41 73 14 48 96 23 9 68
    87 67 36 77 62 27 120 33 114 118 105 81 16 48 65 123 114 22 91 118
    94 84 34 98 32 104 48 2 24 86 127 110 68 102 103 125 42 51 29 11 126
    22 17 76 21 33 44 110 15 110 32 73 75 65 92 37 40 97 85 31 126 20 26
    12 100 80 118 118 123 14 19 71 69 71 83 34 60 84 88 101 122 75 70
    112 34 29 14 10 124 75 16 20 19 62 61 0 68 2 8 120 37 106 85 93 62
    69 48 53 98 64 62 79 94 10 43 84 42 92 74 89 8 5 51 69 67 66 76 94
    78 15 50 43 46 28 127 59 39 20 18 41 85 19 24 44 48 1 73 70 22 89 97
    111 47 83 41 82 2 34 41 57 27 123 108 70 110 95 103 100 48 112 123
    86 28 36 1 22 29 64 121 121 53 103 52 109 85 94 104 61 41 50 44 87
    111 87 25 29 85 89 35 81 9 84 97 98 119 25 50 53 72 122 25 92 105 4
    54 122 123 121 72 113 89 61 100 24 6 100 0 120 119 4 6 45 45 69 29
    112 45 57 83 83 38 97 90 88 56 113 23 66 7 36 86 61 120 80 29 77 41
    93 102 30 27 124 100 53 65 0 65 24 121 3 10 127 122 104 57 36 107 10
    93 53 95 48 114 62 38 26 121 97 72 113 109 63 36 62 4 113 76 51 12
    119 111 1 78 43 19 76 13 81 17 33 82 106 25 82 120 120 8 104 102 97
    43 13 55 86 89 46 28 62 112 4 9 125 19 119 125 101 115 82 13 80 47
    47 64 10 21 64 36 74 75 9 115 67 115 36 13 90 29 96 30 87 0 0 81 65
    0 80 64 54 107 26 28 58 27 34 65 5 61 2 59 91 27 20 126 98 92 77 29
    42 48 37 108 84 115 7 24 59 103 107 1 95 85 11 63 105 73 87 23 77 48
    116 80 35 55 30 69 19 1 111 75 8 29 70 28 119 109 21 102 119 55 100
    75 21 57 86 36 94 31 105 16 59 31 81 7 10 35 4 98 62 62 70 118 109
    48 80 40 21 97 101 65 102 97 95 39 127 120 9 34 37 116 103 83 49 36
    49 78 45 109 121 59 42 39 19 96 25 61 99 54 76 106 8 112 63 88 55
    108 122 102 69 26 95 74 31 79 104 6 4 64 108 17 20 43 52 99 76 21 4
    28 33 36 104 107 122 97 111 112 41 78 11 95 62 66 75 40 86 58 27 104
    86 11 88 107 89 90 117 110 71 82 59 95 5 54 111 113 37 56 3 70 85
    116 31 55 68 126 2 14 112 15 115 125 13 31 111 13 108 69 105 6 116
    117 71 9 71 0 122 81 113 83 42 18 13 37 11 0 70 122 19 23 99 39 85
    12 91 3 78 80 70 48 0 114 60 111 124 86 99 40 7 64 3 111 34 40 23
    100 22 90 118 79 127 16 61 93 71 54 15 38 95 3 24 93 121 88 39 32 65
    98 32 35 49 91 12 44 95 101 122 7 35 24 69 100 17 103 101 7 14 46 93
    106 7 99 13 29 120 45 52 20 121 120 1 36 106 17 53 15 86 89 33 12
    127 62 16 91 21 2 4 29 56 47 70 52 56 50 25 79 31 100 50 113 74 18
    42 19 106 127 127 67 83 74 13 66 0 7 64 40 89 55 24 32 100 46 74 83
    55 4 64 122 18 34 64 75 4 57 86 38 11 9 95 13 104 69 74 30 3 124 109
    74 11 25 6 105 78 107 109 16 39 21 107 84 121 79 49 94 55 14 126 119
    50 112 125 49 44 61 19 115 30 82 103 109 48 34 104 29 83 70 7 12 122
    2 35 113 35 110 49 114 84 105 6 36 78 66 99 29 25 103 92 93 34 84
    114 53 62 49 104 2 14 127 47 74 9 63 18 60 1 115 58 106 85 109 65 69
    108 103 17 69 9 8 9 64 12 65 38 120 113 109 101 51 32 105 72 54 31
    46 8 2 45 125 109 11 14 84 60 99 76 20 100 4 89 3 77 91 120 27 40 8
    48 49 65 47 8 18 32 126 101 35 10 104 111 15 12 37 18 110 69 8 70 57
    35 13 125 111 24 101 107 51 64 31 1 105 93 63 116 60 111 52 102 25 9
    47 104 127 59 31 81 126 30 85 35 111 99 125 125 25 6 32 38 54 36 19
    18 93 24 80 27 24 20 36 83 82 34 104 76 82 24 91 74 117 67 93 6 118
    55 69 56 127 58 19 68 30 16 86 110 63 9 80 51 62 7 53 101 67 77 127
    124 91 13 32 19 10 10 42 10 35 66 89 3 18 46 36 91 9 15 104 86 37 47
    121 102 61 121 93 85 42 75 60 109 76 126 10 78 56 21 3 109 33 21 69
    56 76 66 88 44 85 82 91 4 113 66 115 62 85 92 108 120 54 75 10 106 6
    110 41 104 94 41 20 94 64 105 35 109 15 99 98 82 125 49 76 23 37 77
    100 40 125 52 20 123 67 92 32 74 68 97 105 47 4 26 117 51 90 3 20 70
    40 111 64 93 120 13 4 63 110 36 42 68 11 75 5 59 45 57 91 14 106 51
    73 91 59 63 91 65 118 126 51 20 64 89 38 3 45 63 91 48 4 127 113 111
    6 23 63 48 6 26 55 75 60 24 26 33 60 93 105 98 58 119 54 110 73 88
    17 115 5 55 41 16 2 101 100 8 116 74 88 83 113 27 31 69 53 71 66 101
    64 88 78 56 41 30 79 62 91 53 63 126 85 94 28 10 26 99 64 57 30 55
    39 65 93 109 59 19 25 50 123 24 121 117 1 110 98 23 34 72 93 18 39
    28 26 67 22 25 2 31 0 107 117 98 81 21 45 102 37 27 61 86 6 116 14
    105 110 102 14 25 59 96 108 83 71 108 99 22 113 89 81 48 113 68 31
    59 19 65 86 106 83 34 43 90 119 116 51 76 56 124 97 37 45 106 41 114
    49 113 86 36 61 62 111 76 3 117 123 41 88 108 110 90 57 39 73 114 5
    16 64 46 63 11 14 110 81 117 114 5 56 118 85 13 112 78 58 112 72 28
    77 31 99 11 77 78 8 78 29 51 74 79 101 57 38 98 102 2 14 99 45 48 97
    66 48 47 47 51 123 75 103 79 69 51 61 117 117 105 50 7 89 83 105 36
    85 124 89 101 23 125 35 114 47 18 106 114 9 53 17 32 39 63 90 78 47
    86 68 99 14 16 43 88 121 35 52 126 46 89 8 18 118 58 90 56 37 116 45
    19 103 85 36 73 64 116 21 103 121 80 78 2 34 108 16 124 74 33 93 98
    92 48 58 6 114 61 81 69 54 11 58 11 63 75 24 61 36 116 34 54 60 113
    47 110 104 27 62 38 44 4 120 108 89 85 104 17 0 96 42 46 78 120 123
    47 114 84 79 114 64 69 17 92 46 79 95 91 61 105 113 87 22 71 58 34
    62 114 44 84 122 91 93 77 39 120 76 82 44 91 18 115 119 40 29 41 38
    13 73 15 123 120 117 46 34 42 24 105 9 21 40 110 69 64 10 111 96 31
    92 125 122 70 8 42 89 109 0 38 46 80 72 16 55 94 1 65 60 41 3 106 53
    61 17 6 124 87 93 91 109 105 50 37 111 77 46 11 26 81 118 100 13 122
    108 52 97 23 47 53 82 30 73 7 37 98 44 118 61 68 92 82 80 84 53 61
    127 33 58 19 113 61 85 65 82 125 38 47 44 0 51 18 114 125 77 103 50
    102 66 18 35 122 78 52 19 72 81 67 110 113 14 100 47 18 103 53 1 93
    119 117 97 110 123 28 81 7 74 108 125 60 70 60 21 59 104 103 5 101 9
    122 76 70 12 0 18 69 81 36 15 102 41 100 8 3 3 107 116 107 4 107 114
    69 39 30 65 106 10 31 115 104 61 42 31 80 49 37 11 48 1 32 50 29 24
    121 88 50 64 108 1 9 47 40 52 17 87 118 92 81 2 50 42 57 20 37 55
    103 86 51 89 23 121 93 24 117 71 112 32 80 86 70 7 85 56 70 16 101
    85 82 84 57 33 5 59 118 118 93 55 53 120 105 30 60 118 12 114 81 39
    42 115 49 77 20 50 15 127 1 49 61 84 114 0 126 27 70 15 114 39 80 9
    63 83 64 21 55 99 89 62 88 56 0 77 98 25 60 63 93 44 42 6 76 102 80
    105 55 118 1 3 71 94 32 25 4 35 105 26 41 3 54 24 57 96 58 13 110 31
    127 25 53 105 32 2 97 98 83 116 56 29 14 72 37 20 70 116 54 24 2 60
    12 38 42 2 85 40 46 62 22 39 61 97 38 65 51 29 4 20 14 3 0 4 51 118
    14 62 37 5 89 57 86 126 65 52 15 29 49 2 5 40 82 17 73 85 96 120 92
    62 34 104 34 82 120 111 74 29 107 106 54 34 39 51 37 9 16 96 126 62
    95 61 105 46 44 10 5 1 3 91 118 79 76 126 62 5 83 117 38 93 5 59 56
    33 45 98 103 22 114 61 103 56 49 97 50 70 92 89 79 10 36 14 127 38
    29 102 0 89 30 5 79 82 114 7 98 28 88 124 57 76 24 47 31 39 8 47 64
    55 67 5 62 33 126 38 43 95 73 61 34 44 21 52 27 65 100 23 120 0 59
    15 0 8 83 94 15 93 23 87 121 16 92 91 0 66 51 120 21 100 85 108 123
    111 68 46 52 41 64 120 27 70 54 52 127 109 28 23 64 1 88 73 89 92 54
    121 88 113 14 26 40 39 73 89 45 22 79 20 93 108 114 69 33 119 112 77
    79 38 18 62 70 94 96 82 1 89 86 18 70 112 57 103 73 42 93 97 48 76
    95 116 112 29 59 37 91 106 54 124 6 85 64 98 108 109 114 31 68 2 118
    53 29 57 13 20 46 47 58 109 72 21 104 0 24 27 37 124 116 115 95 75
    16 10 79 34 80 85 2 93 61 8 97 118 55 97 78 27 79 101 45 39 26 56 21
    125 73 13 29 13 113 121 89 86 48 122 46 50 14 102 79 121 114 126 90
    111 70 0 81 0 66 113 123 90 55 31 89 53 65 49 42 40 118 23 114 94 94
    95 54 49 54 78 84 83 112 2 99 103 60 50 46 67 72 4 14 122 82 102 17
    68 59 83 101 116 16 120 75 28 62 17 1 104 110 105 21 3 1 35 40 78 85
    103 4 80 5 68 88 28 45 125 97 65 5 118 116 103 108 81 127 91 105 7
    15 52 8 49 33 56 85 122 102 47 97 83 41 86 127 122 8 86 15 18 30 33
    37 55 107 102 76 120 96 51 55 113 2 64 110 12 92 68 92 110 42 29 60
    1 122 109 77 102 29 77 49 20 4 48 18 80 78 51 14 68 81 62 111 117 76
    90 100 97 118 94 109 30 76 121 22 5 39 34 48 31 53 23 76 46 62 102
    105 13 61 119 106 43 15 44 78 12 56 106 25 22 43 49 69 33 103 85 90
    97 14 116 91 77 90 53 0 56 46 63 74 97 50 88 38 117 18 126 101 28 61
    87 92 69 49 42 0 19 124 62 85 16 78 24 65 123 1 112 80 101 101 83 57
    16 118 9 109 90 100 15 103 60 53 24 103 107 12 15 84 101 120 95 84
    52 94 126 83 26 71 119 7 99 61 37 25 34 71 34 63 3 13 108 16 127 3
    104 101 3 47 60 86 43 48 109 78 6 93 111 109 61 89 48 37 90 10 13 80
    101 115 15 89 67 6 109 80 69 46 58 59 103 87 62 85 25 119 40 38 78
    36 70 80 119 8 27 21 72 95 75 63 113 124 48 60 14 92 53 33 113 94 4
    18 50 73 52 58 125 104 86 89 122 24 121 111 80 118 89 59 72 47 94 70
    58 91 93 118 29 86 15 29 76 4 118 127 58 61 85 9 68 54 102 66 51 123
    104 16 12 44 74 1 102 85 107 67 31 69 45 123 33 1 52 111 44 87 41 39
    34 85 125 3 31 110 122 68 14 55 15 79 11 113 87 89 79 82 83 98 74 21
    42 48 44 3 111 116 85 85 29 66 97 15 126 108 22 56 40 26 66 101 55
    103 15 30 68 54 90 46 22 121 9 61 102 109 92 113 60 57 11 117 63 89
    96 14 42 10 21 99 18 91 35 65 65 14 24 118 91 55 79 122 74 51 11 81
    121 87 104 101 57 119 18 126 14 4 45 7 14 77 2 63 11 32 107 26 86
    118 21 15 29 102 51 8 96 59 71 43 30 64 87 23 72 116 64 127 58 81 9
    43 34 64 73 67 67 114 63 92 4 80 7 25 70 118 48 111 17 70 61 21 52
    123 30 41 107 96 7 76 36 44 104 15 92 62 108 64 65 96 31 57 30 50
    112 122 19 102 38 69 70 92 18 42 78 127 51 56 96 4 97 86 30 26 82 4
    1 32 34 97 106 15 65 91 80 88 117 55 18 89 55 65 69 121 76 5 85 52
    81 8 76 2 78 69 127 103 5 57 96 8 100 107 52 106 18 90 110 66 107 46
    16 120 111 56 122 121 18 91 42 53 69 77 54 64 111 23 41 18 23 120 65
    91 19 49 97 69 127 72 113 36 116 102 122 99 115 118 22 14 91 5 73
    125 26 116 27 92 123 38 125 32 75 121 18 122 101 89 100 43 107 125
    89 1 26 14 54 121 66 120 18 110 29 62 53 69 16 107 39 60 95 103 30
    98 11 9 5 119 40 8 44 90 77 71 84 24 116 89 98 57 19 33 20 115 114
    82 60 93 69 105 100 83 31 127 43 99 0 45 119 84 111 73 6 119 29 73
    95 55 52 111 41 14 109 24 30 57 78 110 82 52 86 65 123 14 21 108 23
    83 62 116 109 3 95 26 93 19 72 120 42 121 104 53 75 21 27 18 47 123
    96 25 117 7 85 88 37 110 77 114 17 124 20 3 69 105 114 39 67 25 124
    89 36 51 45 94 11 126 76 113 8 72 72 59 50 17 54 76 118 103 45 67 15
    108 57 67 43 67 94 108 86 88 64 115 90 124 26 121 4 63 94 0 31 90 79
    26 57 20 16 110 115 14 74 108 32 15 39 109 126 6 121 81 6 85 29 64
    115 10 2 105 24 2 106 111 125 115 48 52 63 79 0 105 70 114 115 19 48
    85 63 65 53 48 74 106 57 127 87 81 4 9 4 14 105 4 88 79 97 86 51 127
    33 29 84 90 7 119 87 127 113 81 63 60 52 68 68 7 118 53 99 14 80 88
    66 104 106 69 51 37 14 28 36 110 77 99 76 22 5 59 113 120 78 67 30
    35 78 74 56 94 30 102 1 65 72 70 30 111 87 6 30 87 113 114 31 20 66
    80 75 26 28 72 92 102 18 84 50 72 12 29 39 81 113 57 85 89 69 13 8
    92 96 97 13 45 98 40 63 16 3 75 53 59 63 108 17 95 87 0 114 88 89 73
    0 101 66 68 57 73 67 122 81 31 47 124 20 2 36 91 117 8 42 84 53 6 22
    80 43 81 28 117 20 119 65 44 6 35 106 120 116 62 58 11 124 15 108 78
    51 104 74 121 31 54 104 93 21 92 113 19 41 123 109 39 16 25 122 40
    71 47 120 111 16 61 102 61 109 54 37 20 120 51 125 102 20 74 46 60
    104 108 118 21 77 78 124 74 126 21 60 63 124 15 19 119 107 29 54 96
    16 123 124 39 38 62 48 89 78 29 11 107 82 64 116 73 98 44 5 123 42
    112 59 40 87 101 112 76 64 42 50 119 26 7 77 113 57 18 107 57 97 110
    37 126 87 17 79 66 14 34 35 46 122 120 31 98 97 11 108 85 7 11 65 68
    38 70 120 31 21 88 98 73 94 127 68 46 69 100 58 50 45 60 58 10 78 62
    84 8 88 92 27 83 64 84 52 117 83 37 45 46 53 115 108 121 89 87 60 14
    113 25 118 53 22 126 49 62 23 97 15 25 73 13 79 122 21 44 30 33 77 2
    33 81 69 108 108 88 107 127 115 77 113 78 14 41 57 84 83 106 112 124
    93 76 55 54 113 41 63 92 126 1 5 20 114 125 91 0 18 111 64 25 2 56
    16 73 79 84 106 30 58 33 13 98 17 104 78 3 0 40 73 55 4 9 90 111 127
    75 102 20 107 96 35 57 47 103 68 101 67 118 94 90 55 12 66 33 17 84
    74 25 81 106 38 32 47 112 50 83 62 114 105 31 47 103 64 53 114 111
    19 58 51 86 90 122 103 29 92 64 111 28 68 63 17 85 99 71 23 62 33
    116 91 57 50 57 80 104 87 125 41 89 30 108 117 45 123 56 58 54 56
    103 115 97 108 90 28 29 30 85 40 16 83 58 77 42 1 38 1 41 55 69 126
    7 28 61 4 73 67 18 20 48 77 115 86 34 94 84 91 13 28 6 28 76 119 89
    76 125 109 51 80 47 81 34 89 22 6 19 22 33 52 31 126 100 49 108 17 0
    16 116 88 87 110 61 83 51 124 101 121 11 127 100 121 1 55 46 78 111
    37 96 49 95 55 51 115 89 65 44 43 123 59 30 64 10 70 31 72 117 21 13
    21 55 97 60 30 26 21 26 34 91 93 23 14 78 94 27 11 6 70 2 89 86 34 6
    110 53 13 80 96 106 105 73 91 19 34 25 120 117 55 124 63 12 27 10
    119 82 64 94 20 119 46 80 35 41 43 35 51 51 21 103 68 98 122 46 118
    51 49 109 52 87 28 23 111 8 36 74 91 111 23 43 116 115 114 54 84 62
    115 86 96 119 55 10 16 87 0 100 44 118 8 50 121 102 116 80 92 50 25
    123 116 91 76 5 82 114 64 21 36 117 11 93 109 85 100 121 14 87 87 80
    22 69 19 41 102 99 111 95 98 124 11 9 16 77 109 10 69 94 99 41 72 85
    114 81 62 93 113 124 5 89 90 55 103 88 125 5 64 86 105 16 74 8 7 32
    60 62 58 62 4 18 79 54 44 48 94 67 85 22 127 20 13 121 121 56 121
    110 39 91 13 96 74 110 4 67 117 65 42 6 115 97 94 74 103 19 116 113
    26 20 46 77 119 55 74 7 5 70 76 3 36 13 123 54 78 85 22 3 67 50 26
    91 63 98 109 122 92 84 65 80 50 84 46 114 36 27 77 114 8 35 28 123
    30 17 113 3 91 39 122 62 121 61 58 63 102 27 101 24 11 109 71 43 24
    33 5 60 55 78 50 48 77 41 37 60 123 46 24 46 113 28 80 26 104 70 35
    93 83 51 56 43 127 35 106 2 18 114 42 69 123 40 93 112 36 18 71 121
    41 101 115 73 55 98 36 50 36 58 87 98 104 12 4 32 11 64 64 75 113 28
    57 114 93 47 7 3 63 13 114 106 27 101 37 68 116 87 110 66 43 97 121
    60 93 64 82 36 57 46 79 3 96 60 13 77 30 85 5 82 7 112 59 72 28 92 3
    116 54 21 84 24 99 3 25 62 38 19 99 27 23 63 41 69 27 67 108 102 97
    70 23 35 99 77 109 13 12 48 73 55 85 86 102 118 67 90 27 36 112 53
    98 15 59 44 102 48 4 81 86 33 13 77 26 51 88 58 122 7 115 109 17 14
    28 126 20 90 122 26 26 40 83 99 88 5 117 100 3 54 111 113 71 84 48
    32 91 73 68 6 63 42 69 46 18 83 32 56 99 124 125 96 48 0 121 43 72
    88 73 104 78 23 2 71 72 19 25 102 97 107 84 19 81 103 47 52 39 62 23
    83 124 16 123 79 12 99 28 126 26 22 16 53 112 73 16 60 19 3 10 112
    87 116 82 118 2 111 96 84 90 72 114 1 63 18 24 48 61 87 6 56 77 10
    67 16 102 100 50 7 116 40 75 12 76 37 23 108 26 88 38 92 118 74 69
    58 61 37 20 47 25 30 102 59 53 9 32 61 82 2 43 109 72 43 89 67 15 96
    127 68 81 56 33 14 49 98 32 28 25 119 4 0 19 41 90 1 103 104 26 33
    38 18 17 124 109 51 84 121 10 34 37 87 49 28 92 124 20 108 94 88 18
    76 27 101 84 77 81 85 33 78 30 98 5 84 115 104 26 127 18 105 0 60 66
    112 117 122 4 119 14 43 84 118 115 104 125 108 95 3 87 125 90 57 0
    34 80 18 51 81 24 32 9 48 87 66 28 46 109 121 118 85 114 99 118 32
    27 3 127 73 27 0 31 85 93 49 97 28 25 28 82 116 81 115 117 90 56 95
    64 16 27 47 9 95 9 39 0 73 84 10 118 29 18 65 62 35 85 70 25 53 116
    84 103 35 36 32 14 1 122 62 125 12 119 48 26 52 41 40 124 56 72 96
    30 6 87 47 10 83 35 107 17 84 0 88 22 109 108 115 63 51 121 10 123
    45 32 9 121 6 106 98 18 76 24 4 118 85 8 50 95 60 56 91 59 97 67 54
    57 79 99 59 122 89 46 86 18 67 43 107 115 114 83 6 96 4 113 80 60
    102 52 64 32 27 12 124 2 24 30 35 115 40 112 119 107 6 93 13 99 49
    18 80 84 68 29 75 69 58 99 117 124 54 92 32 119 19 33 99 37 31 1 18
    28 61 0 37 126 71 47 105 44 14 15 85 123 15 24 126 119 30 74 6 16 19
    10 70 81 1 30 121 103 80 90 55 93 90 61 107 70 45 109 38 124 84 47
    52 108 13 3 61 51 49 44 85 12 7 19 43 39 112 4 107 82 16 32 66 116
    38 60 40 108 77 21 16 9 87 126 101 40 82 58 83 88 47 80 40 20 1 4 30
    21 113 77 84 23 12 89 39 76 104 66 99 35 70 106 45 75 97 122 60 103
    33 26 71 102 44 32 65 117 57 123 53 8 22 23 117 125 17 64 101 107 55
    100 96 43 42 98 100 118 108 3 100 117 9 76 106 78 96 7 28 66 57 110
    79 95 37 0 16 90 69 10 86 115 84 56 115 25 8 79 29 90 67 58 92 93 18
    0 126 102 117 108 110 59 113 30 65 14 35 25 120 61 1 30 89 2 112 112
    16 87 30 112 73 61 116 41 91 103 27 113 63 62 84 21 50 90 67 1 94
    115 81 112 74 11 35 88 43 119 1 21 40 47 95 89 49 64 70 56 25 75 79
    46 10 56 15 57 95 114 35 123 39 102 37 60 1 52 26 97 30 61 6 7 13
    107 108 45 46 79 64 39 71 90 36 77 29 124 99 105 5 20 37 32 49 97 61
    68 16 68 105 63 27 7 89 82 27 5 88 79 107 28 59 47 73 8 69 126 5 86
    125 94 48 29 118 34 33 54 124 66 72 112 79 18 64 91 4 51 27 36 68 80
    63 57 111 88 67 51 35 127 42 64 22 34 120 116 124 5 127 120 46 2 6
    68 46 98 63 59 84 74 113 31 5 119 125 18 113 116 115 31 113 53 20 51
    127 61 100 63 73 89 120 30 80 37 38 47 56 38 40 22 22 72 16 11 114
    48 111 14 50 126 14 27 7 100 120 86 66 49 42 66 93 24 76 123 116 45
    35 58 66 51 43 99 67 127 37 16 22 106 8 18 113 71 9 109 59 27 73 119
    127 15 67 47 0 69 46 70 35 42 115 121 100 15 27 0 51 22 9 69 58 85
    73 52 56 94 96 32 35 84 102 123 125 51 61 69 2 91 85 23 84 116 78 49
    26 122 89 96 77 95 63 23 56 55 86 84 75 26 57 53 119 69 117 105 95
    60 14 93 74 126 43 110 24 56 78 16 105 126 126 18 81 123 40 39 105
    121 116 50 96 25 29 99 58 17 1 70 48 39 105 69 59 72 72 27 82 3 99
    87 56 117 27 98 97 102 110 23 101 57 55 70 10 45 106 40 63 7 79 76
    87 8 71 39 22 62 4 29 30 120 45 3 22 27 113 21 87 61 48 45 65 108 83
    23 34 101 113 37 96 44 12 113 115 77 95 75 50 72 30 104 110 118 76
    96 121 126 40 65 90 121 116 5 50 104 79 18 0 109 79 88 94 88 53 101
    71 62 57 16 119 60 113 121 41 123 0 103 52 15 1 100 111 40 31 9 85
    102 33 68 48 84 90 121 99 52 42 124 103 3 33 19 96 61 9 58 14 62 69
    9 113 121 8 46 45 7 110 68 109 125 26 93 68 71 93 76 5 108 102 114
    55 114 68 28 98 117 117 18 102 119 34 20 118 77 87 52 90 41 33 19
    102 117 98 70 72 9 24 112 82 86 82 76 76 114 76 59 3 50 11 25 57 91
    59 21 108 72 27 93 5 87 66 109 103 108 68 63 65 53 50 111 17 124 2
    15 38 78 108 74 106 44 125 18 112 69 35 35 88 98 111 124 27 113 110
    37 14 51 89 39 126 123 25 0 96 85 24 22 45 44 53 122 36 89 73 94 22
    99 5 115 108 103 91 38 58 37 97 50 23 15 87 39 93 67 95 100 23 76 79
    75 63 34 55 85 37 120 10 97 40 8 78 55 69 70 65 114 50 60 12 99 29 4
    119 74 121 96 109 28 111 71 22 88 85 55 23 23 49 110 91 2 119 23 80
    68 1 105 102 103 63 80 107 8 49 107 0 55 40 0 4 126 101 1 23 28 3 81
    127 90 31 13 72 56 8 63 70 42 12 124 73 70 49 50 110 44 51 82 65 61
    8 49 43 25 106 75 86 14 79 31 8 125 67 57 102 126 113 117 95 117 35
    60 2 95 59 16 121 11 127 86 121 98 108 83 103 110 20 117 20 34 10 95
    65 47 85 114 82 11 19 121 41 1 98 22 107 38 25 10 49 94 18 117 108
    84 75 126 122 46 4 54 15 63 83 121 55 85 99 79 37 78 54 94 85 95 111
    69 44 85 26 110 88 109 37 6 38 15 44 79 49 48 101 99 52 80 61 69 64
    6 74 57 51 55 88 87 18 116 10 110 4 98 13 95 16 91 32 4 118 95 69 17
    100 108 74 83 85 2 42 43 14 83 109 0 37 44 95 26 44 93 106 12 77 6
    73 28 17 118 20 37 48 32 54 48 115 115 7 55 119 40 30 54 66 31 30
    103 67 88 1 52 84 14 48 72 13 85 6 50 73 116 123 101 121 107 119 17
    87 9 55 11 92 92 110 48 84 99 7 125 87 105 8 16 112 13 93 60 87 39
    66 81 44 119 98 37 98 50 97 26 26 54 125 101 15 88 75 1 68 79 72 107
    52 10 69 38 27 36 42 33 106 90 15 25 109 16 6 76 114 18 13 89 102 47
    16 122 37 126 112 8 54 86 119 79 118 34 26 126 92 68 36 69 100 27 98
    35 83 53 107 0 61 41 44 31 27 96 104 42 33 3 57 115 50 85 0 69 106
    63 82 124 65 124 56 61 0 24 125 96 118 2 40 73 43 114 81 115 3 23 9
    45 18 90 30 100 41 33 67 25 52 10 113 85 38 34 117 36 58 49 124 71
    125 48 86 21 29 12 79 114 18 124 79 6 111 2 47 54 91 104 9 65 13 54
    41 56 25 12 108 120 6 25 49 5 35 123 120 30 101 81 117 8 98 80 18 45
    88 127 111 51 61 104 123 25 103 9 56 122 87 16 25 121 97 117 103 80
    36 19 18 68 75 79 38 91 98 37 69 123 117 6 47 59 34 47 79 19 51 96
    52 31 28 125 55 64 64 101 4 27 52 14 121 107 93 109 83 120 72 85 121
    1 5 106 26 44 67 44 85 19 52 70 102 122 122 89 1 42 72 15 100 11 106
    120 18 112 39 19 108 25 106 70 8 99 64 56 80 95 52 41 75 119 90 94
    106 108 103 36 21 60 62 73 15 76 30 50 118 104 38 5 113 26 55 104 59
    87 47 23 34 54 69 55 121 14 33 120 107 105 21 69 112 118 67 85 32
    124 84 38 97 81 9 42 36 12 22 52 104 81 51 70 6 35 23 22 20 109 45
    39 33 6 122 6 71 53 68 66 99 12 92 52 57 19 80 117 36 37 46 78 27
    126 72 91 35 114 68 108 125 115 36 91 74 120 12 107 82 4 108 113 88
    42 50 55 23 27 26 41 85 8 74 88 105 96 52 60 9 116 77 25 63 68 0 35
    93 6 67 5 8 67 100 107 6 40 58 87 101 81 46 24 122 126 90 61 127 118
    112 2 79 53 116 3 0 47 118 59 19 73 85 63 15 65 63 100 43 65 62 95
    100 19 9 96 102 113 83 118 76 36 41 26 86 71 100 12 65 102 58 90 31
    10 123 124 93 104 84 79 101 64 101 42 35 120 41 4 99 112 123 116 12
    102 101 51 27 95 34 7 110 65 77 42 120 123 33 6 20 57 64 41 38 29 73
    49 39 69 50 45 31 109 21 54 69 117 25 118 81 58 102 11 89 2 50 99 60
    52 35 96 31 14 41 108 2 64 12 44 6 111 29 64 113 32 24 81 50 0 38 81
    45 76 0 45 99 104 61 60 118 102 65 94 43 64 115 86 1 11 30 92 127
    100 51 88 35 116 115 110 126 50 21 122 50 96 125 16 112 92 123 88
    127 72 63 39 57 88 16 54 60 52 124 53 17 23 108 110 2 16 103 71 90
    112 78 34 34 51 108 121 99 78 66 56 1 59 8 53 101 40 13 118 92 14 6
    49 89 115 58 42 121 32 38 44 100 122 24 36 112 83 103 46 27 89 90
    113 72 51 65 28 62 38 85 62 66 70 120 72 127 76 10 79 40 20 58 4 105
    0 95 67 60 19 1 6 80 94 106 21 38 66 31 57 6 118 61 80 105 124 28 80
    104 123 92 78 72 29 75 95 108 123 118 10 33 23 10 109 97 91 109 42
    126 13 14 30 98 52 33 125 73 28 82 93 77 120 120 67 9 60 45 125 122
    14 115 116 78 98 78 96 113 126 81 70 105 60 104 100 122 78 118 21 73
    26 18 73 103 47 93 117 3 113 91 125 13 13 0 12 126 95 37 18 90 45 90
    96 58 70 78 18 92 8 26 119 43 21 64 117 67 47 117 77 61 94 15 4 30
    43 1 0 31 79 61 122 23 4 60 126 30 86 32 22 98 15 51 103 103 123 36
    22 28 80 63 40 98 25 108 124 71 85 97 81 58 127 13 65 39 36 7 18 122
    3 62 5 56 4 97 72 93 99 109 89 111 13 103 80 110 48 111 80 116 80 78
    62 14 85 14 5 48 85 109 116 65 11 31 116 53 40 72 11 92 55 86 83 76
    29 0 22 96 81 12 95 71 94 31 108 58 105 116 96 74 96 1 117 112 59 95
    39 95 108 64 33 21 123 45 47 7 68 110 99 69 59 68 90 52 39 77 83 38
    23 6 43 126 24 0 124 126 110 83 35 92 39 94 12 117 48 2 40 72 28 115
    6 103 44 68 65 108 82 34 124 20 126 49 67 30 86 28 36 51 98 64 125
    94 42 101 77 54 96 109 27 3 5 40 121 39 60 4 20 21 51 3 118 102 99
    70 119 23 70 54 26 45 12 49 44 77 31 62 94 120 121 6 75 67 97 123 60
    5 16 99 4 74 16 41 85 73 111 12 11 48 40 98 75 50 15 25 44 6 125 99
    19 5 51 26 40 113 77 31 126 26 42 17 7 41 110 71 113 15 95 34 8 104
    25 119 73 15 34 114 118 114 100 47 112 97 24 59 81 91 75 23 66 113
    32 106 106 88 19 60 25 120 18 91 65 122 73 4 74 13 76 77 99 51 72 8
    15 114 80 56 10 18 21 109 120 114 94 68 62 108 64 12 51 64 106 95 40
    2 59 95 114 78 83 74 100 106 52 10 73 29 0 126 68 45 48 110 76 100 4
    62 111 118 89 42 96 69 65 96 56 79 100 14 0 109 46 45 80 26 104 30
    86 118 16 101 87 67 64 1 98 21 68 68 16 35 20 1 29 103 0 105 29 50
    56 104 99 61 40 33 71 62 93 118 79 103 44 61 122 6 9 37 22 75 10 64
    75 87 68 110 43 93 125 84 15 25 61 105 15 69 52 120 114 16 75 118
    107 119 59 105 44 91 40 27 114 93 49 33 60 63 20 104 92 59 100 89 71
    109 29 6 53 21 18 88 91 121 15 42 81 19 113 119 84 45 59 71 57 126
    82 43 121 70 112 70 63 80 105 101 28 52 116 64 50 85 62 28 69 78 44
    96 53 111 126 77 82 51 114 80 40 22 121 124 84 48 67 51 101 30 44 63
    83 38 12 62 27 123 44 82 46 20 77 75 28 31 78 28 117 49 80 47 126 95
    54 81 49 41 18 36 15 41 65 116 107 36 105 35 42 12 15 59 50 46 68 18
    120 119 27 78 104 33 5 100 75 42 20 41 114 3 19 94 121 17 41 73 63
    49 20 115 25 81 118 96 95 53 86 31 54 88 35 105 71 77 2 55 59 109 6
    61 54 19 13 116 107 25 27 46 3 66 66 33 68 30 97 96 122 61 78 19 98
    3 81 49 27 32 1 57 90 21 13 100 115 87 49 32 26 91 71 118 117 16 71
    31 69 73 38 61 90 30 41 97 50 52 79 76 102 22 32 16 49 31 36 40 118
    20 120 90 64 20 103 69 123 65 91 28 122 119 22 33 114 102 72 82 57
    93 49 126 80 81 77 47 12 97 87 93 63 43 69 81 59 2 67 20 93 95 33 5
    60 27 56 67 30 2 36 80 11 83 125 59 43 12 60 75 120 62 82 14 18 118
    119 66 5 1 118 115 49 95 1 25 30 73 52 119 20 31 37 93 107 112 78 74
    67 103 51 32 100 117 42 92 8 7 100 108 90 40 69 96 14 63 17 58 11 99
    123 98 112 11 117 34 23 73 16 3 115 120 21 77 3 104 85 18 58 55 8 10
    35 98 113 64 23 29 85 119 4 42 7 95 111 48 59 38 22 0 83 77 31 81 72
    74 71 104 32 67 97 123 24 102 119 41 67 56 82 35 36 47 88 58 1 127
    27 80 77 11 81 86 0 7 120 0 70 45 74 27 56 64 76 11 46 26 97 99 65
    123 104 81 11 65 74 99 11 98 10 94 60 22 80 89 71 32 0 5 21 33 103
    32 92 103 9 125 91 39 104 107 53 30 60 102 94 48 112 62 100 76 18
    126 34 78 32 63 110 114 58 77 46 11 78 21 105 119 25 80 6 89 2 119
    71 73 48 70 66 16 81 127 54 82 116 38 12 38 22 3 34 12 35 109 86 9
    16 115 71 57 110 9 99 57 56 36 115 118 56 11 66 91 61 24 62 53 125
    65 123 36 108 97 58 82 55 126 110 56 84 30 24 54 15 52 66 29 85 73
    125 75 20 115 88 7 10 112 66 30 41 95 2 91 81 110 10 15 119 68 93 22
    25 42 48 119 58 6 78 19 49 125 124 57 26 53 14 61 43 118 59 90 66 81
    115 42 56 37 98 88 86 8 3 76 16 45 100 124 13 6 29 40 16 29 3 41 71
    13 82 29 65 69 22 70 20 68 52 122 46 40 19 47 127 65 83 122 112 16
    28 73 40 28 116 88 96 45 69 76 87 121 74 110 57 22 85 56 106 11 10
    99 12 126 41 41 34 109 93 94 50 72 35 68 44 12 77 125 52 60 67 68 25
    114 3 113 61 46 81 35 78 10 122 127 78 66 83 22 1 7 53 110 107 14
    126 55 84 62 97 41 62 125 51 70 113 40 38 127 46 7 9 31 100 81 91 5
    78 30 17 89 17 81 108 86 7 51 112 33 103 57 68 88 6 66 121 47 26 43
    36 69 98 76 86 124 9 43 65 90 44 18 43 33 89 52 15 105 57 60 52 82
    84 90 18 38 105 38 41 1 12 111 52 70 70 87 99 26 14 77 29 38 109 86
    39 18 93 16 20 59 49 104 112 14 43 18 13 20 51 28 64 56 103 64 3 102
    102 24 67 99 69 124 57 52 95 30 65 104 64 39 76 122 121 82 45 109
    123 54 59 22 56 85 92 16 118 39 3 40 110 2 23 127 122 106 81 46 42
    106 58 39 63 58 27 78 0 35 120 101 121 72 78 34 16 30 71 62 3 95 64
    41 44 125 4 53 53 40 9 101 36 42 93 36 4 21 120 101 21 33 71 103 29
    17 121 54 64 89 39 86 23 47 69 110 127 48 80 97 69 7 50 51 65 94 24
    89 51 122 65 25 17 75 113 63 111 98 64 85 45 96 29 11 13 32 27 18 85
    126 32 93 58 49 21 53 44 99 118 29 77 66 30 124 111 44 37 51 58 6
    107 80 118 47 71 68 101 48 41 48 123 76 105 3 20 98 91 40 77 65 7 13
    33 16 117 110 124 33 17 23 52 40 108 116 73 33 34 12 21 85 103 88
    123 85 50 11 125 24 86 14 23 121 38 91 45 103 50 47 72 70 85 42 109
    26 127 90 57 120 46 115 84 24 56 76 99 38 23 116 63 49 37 29 71 38
    56 74 14 101 12 8 37 39 49 40 84 41 74 99 117 39 12 120 22 83 75 82
    4 64 107 64 42 23 13 10 117 4 119 58 81 104 10 125 58 126 45 97 62
    108 84 115 81 41 121 6 7 68 123 46 36 9 68 53 64 47 32 54 102 86 33
    53 58 99 77 68 106 97 49 25 97 91 16 45 47 36 76 89 34 51 61 65 0 87
    109 47 87 8 82 120 20 85 43 66 107 36 127 56 94 91 43 58 30 74 72 31
    46 57 20 79 127 3 101 123 58 8 57 24 113 72 83 51 1 29 94 58 63 8
    101 127 3 37 10 112 61 11 50 34 103 107 72 70 17 123 16 60 102 16 20
    116 85 62 70 127 64 82 38 21 55 39 44 48 13 43 38 73 27 101 13 125
    120 48 9 46 112 112 60 83 57 79 45 38 95 121 70 7 97 88 72 52 7 59
    13 69 34 97 22 31 28 9 100 121 112 101 68 10 123 20 127 24 46 71 29
    13 57 11 96 47 27 74 39 38 18 60 72 120 61 108 119 4 20 56 90 48 116
    15 68 20 64 86 17 126 69 99 15 28 111 63 93 126 119 98 102 21 60 30
    20 12 54 16 35 19 43 44 73 90 60 48 66 12 13 84 14 105 73 45 119 24
    32 9 52 36 55 95 92 54 31 42 46 51 104 56 34 75 89 35 45 26 29 68 7
    0 111 104 119 22 113 90 6 124 127 74 31 62 82 57 91 120 23 42 88 102
    35 13 101 81 29 108 94 73 55 1 71 52 34 34 13 93 102 90 115 95 68 66
    3 22 89 101 58 74 121 1 106 89 127 126 28 7 54 21 79 103 108 74 80
    127 127 121 41 96 72 123 108 49 113 87 6 8 0 63 104 114 17 55 56 3
    65 56 67 127 23 19 0 74 43 69 116 102 8 11 61 105 23 57 29 63 114 77
    110 3 21 93 36 57 35 23 28 101 101 108 19 88 57 92 98 118 24 124 66
    9 119 90 70 84 0 96 0 75 100 23 42 33 0 10 62 78 122 19 69 62 122
    111 81 11 53 95 55 1 82 53 33 117 40 61 120 26 48 13 124 28 65 57
    110 37 46 53 18 115 125 106 22 115 103 88 61 56 7 27 10 27 27 112
    104 61 93 110 77 84 86 85 67 53 114 121 16 114 108 64 2 122 9 124 48
    12 4 60 21 14 120 23 41 15 125 102 15 52 70 12 101 51 64 125 26 111
    68 112 47 22 4 12 93 30 44 119 76 76 87 33 116 26 47 106 88 110 67
    123 61 117 18 101 102 85 108 82 2 81 17 37 119 76 35 37 86 119 95
    123 42 111 15 70 78 111 94 83 37 6 47 31 119 3 119 52 107 14 127 83
    31 58 68 3 17 32 57 42 6 64 50 110 76 26 37 119 2 19 78 0 72 122 31
    101 11 90 57 23 62 78 89 122 95 83 6 56 86 4 89 119 46 59 65 47 69 2
    126 88 1 93 108 96 120 0 66 93 65 75 124 5 82 82 57 108 109 46 19 33
    44 106 117 40 108 69 89 126 81 15 65 83 123 1 7 34 15 99 90 22 58 2
    53 2 76 66 15 13 57 50 47 88 66 10 43 41 72 72 8 58 106 64 65 124
    116 7 0 121 16 88 61 6 44 79 89 25 60 57 41 78 6 13 56 123 48 31 49
    109 112 23 71 103 112 11 110 98 45 97 20 78 81 72 98 80 11 112 74 2
    103 108 4 106 119 99 92 35 96 109 42 69 6 39 99 90 3 19 58 94 107 9
    84 49 6 118 29 71 81 50 72 87 63 117 93 18 57 4 89 105 60 24 14 90
    25 125 14 75 16 30 110 19 15 41 70 2 89 21 70 111 23 109 76 63 0 72
    92 20 49 87 117 35 23 24 55 69 39 110 48 127 100 59 7 44 16 57 0 25
    123 9 6 102 125 124 28 62 88 34 70 92 47 90 26 78 67 83 64 114 93 44
    34 89 110 78 98 122 125 25 122 27 99 100 71 117 15 30 108 3 67 45 68
    86 97 20 21 71 79 109 11 94 50 119 23 125 42 90 58 103 99 116 73 119
    57 65 42 84 1 106 65 121 48 4 58 9 65 62 73 123 22 65 50 18 96 8 30
    39 7 64 48 124 58 24 73 55 103 2 31 98 49 63 108 58 35 98 13 46 1 83
    62 114 87 123 117 88 46 109 23 118 28 105 106 16 81 16 85 55 12 78
    32 72 66 121 50 7 47 23 49 12 89 20 64 12 14 28 107 85 101 81 50 23
    90 121 110 49 103 40 100 124 9 94 35 33 113 32 67 114 59 64 61 51 75
    119 91 49 14 103 42 34 106 22 114 10 119 52 115 93 49 3 6 66 17 36
    120 80 99 36 94 105 87 81 70 94 52 29 124 50 28 109 44 127 119 10 29
    30 23 113 74 62 90 24 32 115 52 28 90 6 97 111 10 121 58 64 57 123
    47 50 89 104 8 114 64 12 110 107 65 28 93 51 18 36 97 5 124 74 45
    104 71 3 31 48 15 102 43 44 30 64 59 44 33 104 37 121 107 0 17 67 61
    34 84 14 25 38 69 48 0 50 0 120 61 18 76 109 112 97 7 58 62 4 50 40
    71 127 113 15 17 40 109 18 44 11 30 40 88 16 77 34 99 6 127 18 38 0
    47 34 59 3 83 27 98 34 127 18 72 63 51 49 44 16 83 70 93 75 37 42 41
    27 74 123 78 76 124 55 112 35 61 7 90 94 44 44 82 48 3 82 79 41 6 69
    54 43 44 27 10 70 86 126 84 112 95 84 116 12 122 102 76 77 116 39 86
    0 3 18 87 11 126 59 60 16 44 53 93 49 38 27 116 94 3 70 65 74 62 24
    66 63 11 66 9 115 35 7 120 106 69 113 66 90 123 113 113 115 79 109
    109 105 27 4 69 32 120 87 92 85 62 45 120 71 53 119 108 26 59 65 47
    114 106 81 9 94 112 90 87 14 108 89 66 117 23 69 122 58 84 99 98 125
    12 76 84 28 107 42 93 1 15 54 93 122 65 2 70 123 80 0 104 18 12 103
    101 0 51 74 61 123 67 70 88 1 21 89 62 13 115 14 93 29 24 9 43 65 46
    19 74 31 59 48 38 56 6 81 125 32 69 6 90 3 57 18 63 21 115 34 23 12
    100 95 64 94 43 4 19 70 6 43 117 29 16 75 91 113 41 25 57 82 90 46
    70 62 66 0 98 71 116 114 69 66 86 63 95 116 72 6 33 13 88 2 22 33 55
    99 93 4 117 118 67 73 123 104 125 44 82 64 31 24 84 7 12 41 116 86
    43 39 38 50 44 111 96 40 71 10 84 12 5 102 94 119 75 7 1 74 45 125
    49 50 103 60 46 121 2 12 53 36 122 5 56 76 39 100 35 39 108 112 59
    107 29 88 37 57 36 79 89 123 12 92 15 12 87 2 25 117 32 27 51 119 20
    41 32 91 97 15 126 59 93 86 77 80 63 80 0 85 15 31 57 34 75 20 45 13
    127 59 65 108 111 90 27 95 7 118 12 78 9 11 52 15 38 115 101 68 121
    97 77 114 1 109 78 96 108 8 74 81 96 106 29 99 69 64 62 109 116 55
    97 101 17 1 58 47 44 19 81 22 35 115 80 64 56 62 30 73 58 64 5 14 23
    115 52 94 7 18 81 85 111 44 100 103 116 41 119 94 91 77 35 112 108
    87 103 17 59 42 91 89 86 3 75 19 28 33 37 56 69 71 43 6 84 45 127
    101 42 81 40 101 61 64 106 54 13 52 30 49 21 41 24 86 92 74 78 120
    33 58 39 16 112 70 77 57 55 12 124 9 67 112 94 42 70 126 105 58 36
    49 26 114 24 33 53 107 84 9 63 98 50 126 102 28 31 37 103 77 76 62
    14 52 115 13 22 111 47 6 42 26 18 101 78 68 95 111 69 55 37 14 98 58
    0 116 51 18 57 27 42 5 124 26 7 30 65 46 7 21 15 71 121 52 126 19 31
    95 58 74 114 102 26 51 5 86 124 67 99 37 105 35 57 8 18 63 82 31 110
    112 2 55 96 88 9 34 49 66 89 56 76 32 34 32 18 100 75 112 35 126 61
    108 115 127 1 125 46 88 82 122 80 112 119 93 90 56 57 63 123 87 85
    51 20 63 94 106 105 75 23 82 59 85 65 59 44 92 117 88 23 53 55 49
    108 67 119 65 99 13 9 21 92 18 23 22 9 71 60 38 15 106 67 55 53 110
    102 6 122 106 65 64 12 116 23 103 56 39 96 33 64 111 44 76 67 38 13
    79 121 116 87 104 24 45 27 106 123 103 50 98 58 53 43 11 13 84 100
    78 56 19 38 5 115 85 10 1 26 38 99 48 20 34 81 105 76 25 54 32 81 9
    58 114 35 55 60 32 48 127 47 39 102 121 74 114 7 103 121 75 16 96
    121 68 35 106 41 55 111 106 126 21 94 124 104 90 89 49 125 2 115 20
    63 9 51 94 103 79 99 77 0 105 29 104 110 43 35 101 86 29 48 50 55 9
    40 32 1 75 80 122 66 16 23 23 34 86 6 57 53 68 117 24 115 6 73 43 26
    56 42 37 41 85 56 38 9 100 68 79 81 13 85 88 45 54 75 20 104 118 62
    36 26 90 1 64 110 47 36 92 127 95 50 46 119 104 32 38 115 7 95 48 34
    111 42 39 83 43 27 58 27 26 106 34 94 75 60 100 57 103 29 117 91 82
    1 72 102 5 16 7 64 96 32 104 30 24 49 73 42 53 80 18 57 83 78 105 64
    89 40 90 72 93 21 121 21 107 63 41 75 45 24 75 109 11 107 116 116 61
    113 120 72 106 83 70 33 82 0 12 33 99 109 87 52 29 52 109 106 95 30
    38 78 90 18 3 88 64 35 115 65 67 5 54 23 113 13 57 64 123 114 112 65
    82 50 59 78 56 76 110 58 22 117 105 66 35 11 44 16 67 97 38 12 1 97
    77 110 57 126 62 67 23 95 58 3 73 29 7 36 71 93 101 111 39 55 13 105
    109 8 40 29 22 2 90 124 67 24 57 112 55 42 2 29 64 55 27 99 116 76
    80 76 60 109 127 70 86 90 83 38 35 125 88 56 88 42 87 26 15 42 52 82
    22 53 42 11 94 121 5 72 32 12 56 104 63 82 101 33 5 127 112 40 108
    113 29 85 74 80 74 108 39 43 79 57 2 68 3 38 10 80 126 40 122 54 99
    21 10 51 59 115 90 73 118 10 60 64 55 33 49 18 9 31 23 109 89 106 62
    38 38 76 97 29 74 27 102 73 25 106 20 48 61 3 41 24 32 51 30 14 121
    67 102 25 119 73 10 112 55 21 12 29 83 124 0 110 83 117 50 79 44 4
    30 114 33 125 10 55 52 73 49 104 87 19 3 55 65 113 16 119 112 42 127
    100 0 125 98 4 123 25 86 61 34 48 112 116 14 78 119 110 90 43 88 92
    12 9 124 49 53 97 84 26 1 57 33 110 68 97 80 94 42 67 30 81 112 55
    38 72 23 47 68 13 35 112 27 9 24 96 102 5 88 99 23 91 80 35 10 115
    15 94 100 64 104 68 16 40 28 44 28 47 98 113 60 48 10 22 30 67 73
    112 69 95 101 47 75 42 43 68 6 79 75 107 6 104 54 8 38 3 92 46 88 69
    118 80 45 87 17 16 75 79 52 5 43 125 59 47 19 27 87 84 105 58 94 112
    54 72 24 20 40 107 29 52 123 125 56 61 49 127 5 121 20 126 120 8 76
    116 111 105 5 66 67 48 56 73 120 52 44 64 70 41 58 47 119 59 2 95 10
    52 125 125 27 50 24 50 5 103 85 102 19 4 77 9 84 52 122 118 126 65
    84 95 87 34 50 20 40 8 51 70 50 44 47 81 68 1 76 126 124 37 107 86
    89 34 71 37 73 25 113 22 15 14 116 100 106 20 105 102 96 54 123 63
    51 11 116 10 58 98 38 85 106 28 55 95 75 91 81 63 49 86 102 25 127
    74 79 46 29 38 28 10 55 124 97 114 31 54 79 65 26 120 19 41 89 89 65
    64 53 71 36 70 63 30 74 97 1 19 83 10 10 88 1 89 94 5 55 17 94 20 80
    89 55 99 116 20 41 12 101 42 19 70 65 37 75 47 64 35 125 37 51 112
    66 105 71 106 4 37 42 9 8 78 29 12 73 92 41 80 9 94 49 63 31 50 63
    107 7 103 66 59 95 1 45 63 26 107 84 77 46 77 51 70 17 14 118 10 52
    52 84 115 97 27 29 121 101 12 60 61 126 108 16 120 28 29 24 10 103
    112 81 23 62 58 123 57 50 57 86 16 16 42 8 54 23 25 2 97 101 118 115
    63 81 114 9 22 84 17 96 40 124 70 53 68 5 115 38 22 75 8 92 91 57 97
    15 62 93 31 8 51 106 21 54 0 96 86 46 100 126 115 60 54 67 32 82 14
    46 74 119 53 26 103 10 24 112 19 37 53 30 26 92 0 1 78 26 83 37 68
    123 53 30 8 92 47 59 68 26 53 90 51 40 120 32 25 55 113 5 64 20 127
    19 120 17 4 8 27 11 16 88 97 110 9 103 98 121 115 81 22 119 28 5 97
    54 65 71 85 75 8 13 66 84 74 127 86 101 121 108 10 111 44 29 61 119
    111 59 50 58 26 76 49 112 43 107 80 67 16 86 123 96 107 76 117 19 96
    110 88 19 96 57 111 81 26 120 24 8 39 72 64 85 6 33 19 19 15 44 74
    99 47 120 63 3 102 32 106 36 74 0 109 66 0 38 4 38 127 38 65 49 5 62
    49 119 106 119 7 44 20 96 90 115 113 32 4 117 124 71 54 96 92 83 66
    31 67 15 18 1 120 36 22 110 80 28 59 60 48 23 0 53 40 87 80 6 19 71
    52 51 100 4 88 84 14 38 107 49 109 95 117 111 111 56 93 53 26 10 90
    122 74 46 99 21 45 41 115 87 69 99 60 66 65 75 57 43 50 49 98 49 47
    40 52 24 68 29 57 88 68 123 119 9 4 23 59 32 85 41 96 97 64 49 111
    82 0 114 66 85 115 21 35 22 105 119 73 30 52 62 17 25 34 99 10 36 94
    64 56 123 98 127 94 113 4 46 43 59 99 75 52 63 120 108 64 0 56 25
    123 113 10 107 55 49 86 1 13 85 109 83 23 83 85 49 122 104 43 42 41
    62 114 10 6 24 28 113 59 0 4 66 22 94 64 101 73 12 7 103 84 117 122
    124 72 30 18 41 97 124 15 26 21 20 103 61 52 92 64 86 64 115 34 15
    57 20 79 81 11 70 106 30 113 113 32 79 3 112 67 113 56 11 108 70 29
    120 44 121 85 2 29 89 5 66 70 52 69 127 7 32 43 46 96 39 99 64 60
    100 48 89 77 84 44 87 7 63 22 90 70 9 77 95 76 106 42 120 126 21 125
    63 5 13 110 122 120 87 83 64 59 69 7 32 34 1 16 124 24 92 28 96 47
    107 15 78 8 62 83 122 72 117 7 73 110 48 78 29 29 62 98 121 110 69
    28 16 104 27 110 125 36 93 116 86 48 74 64 69 44 24 89 43 106 57 33
    78 14 99 32 24 104 34 26 6 33 10 4 126 59 79 106 20 94 56 39 56 34
    75 25 44 107 119 93 41 118 77 58 26 0 68 3 72 41 29 92 109 85 33 121
    52 57 33 73 49 115 0 107 104 58 10 119 95 63 115 35 20 106 110 9 114
    108 30 47 9 36 5 100 32 57 42 37 36 11 64 101 36 119 103 26 29 53 90
    62 59 70 31 54 71 52 121 99 40 8 53 61 55 44 90 86 105 52 34 31 9
    104 100 57 99 4 66 84 49 34 33 83 30 27 127 25 105 120 32 83 5 120
    54 97 44 78 20 96 28 100 31 86 125 55 49 64 105 116 126 111 32 12 89
    127 116 26 91 34 22 94 120 35 9 68 35 85 120 57 35 97 9 56 126 66
    116 120 3 0 107 105 63 78 95 10 60 96 7 14 25 92 88 117 72 47 116 99
    126 120 3 74 121 65 92 120 30 47 38 29 95 79 116 55 89 44 16 114 114
    69 70 41 7 103 104 108 116 57 124 7 44 103 94 111 120 62 99 60 65 1
    62 109 5 104 114 69 32 60 88 85 60 100 24 36 78 63 111 20 31 107 87
    57 0 33 69 9 42 76 13 116 102 26 72 41 38 110 124 17 25 95 115 93 18
    70 21 20 92 26 127 61 26 49 125 15 64 7 59 33 91 43 18 28 35 108 25
    74 9 29 65 86 8 23 92 99 122 27 66 106 78 13 26 65 92 36 103 13 52
    92 19 12 115 32 85 15 69 50 51 16 4 32 32 6 11 53 112 123 111 76 93
    69 100 78 102 57 64 124 78 56 88 35 93 37 8 17 48 36 36 14 75 72 18
    77 118 88 14 102 17 99 61 8 92 33 18 29 120 101 111 34 50 34 80 70
    51 110 40 52 11 17 115 45 33 28 91 82 56 71 70 54 10 51 106 99 45
    102 48 57 104 101 24 98 48 54 61 97 53 76 31 127 18 44 85 42 23 26
    19 13 19 26 98 15 99 29 124 63 5 99 122 44 73 120 51 87 109 78 64
    122 79 44 112 52 1 39 35 1 123 11 14 108 100 47 41 68 124 56 38 92
    21 66 64 70 21 12 28 62 116 56 20 12 74 30 28 33 13 47 93 13 102 105
    37 18 124 64 73 44 76 49 110 80 61 108 41 91 4 41 27 30 48 42 111 49
    71 76 124 56 65 12 104 49 0 0 24 15 55 3 94 64 4 99 77 81 111 27 87
    18 71 74 79 48 51 100 21 101 124 59 78 69 105 53 57 28 2 117 11 91 3
    96 10 89 52 50 66 48 39 39 36 13 30 53 41 105 53 34 103 54 95 123
    102 39 76 38 42 96 116 34 47 98 99 126 36 104 80 50 96 15 85 10 100
    24 101 27 8 55 53 107 61 68 6 93 21 118 23 90 122 7 25 6 105 2 120
    31 47 71 50 71 2 53 100 0 113 46 119 54 51 43 78 29 103 16 113 62 32
    25 57 110 113 43 45 106 111 5 115 85 74 84 17 109 87 81 43 10 81 57
    79 92 19 66 95 123 44 90 18 46 29 47 41 42 89 111 67 112 71 107 27
    113 124 102 23 119 24 84 95 44 100 6 68 49 81 93 64 94 94 103 33 127
    124 16 79 61 98 116 120 120 75 5 105 71 18 109 68 30 106 37 57 86 7
    97 85 75 17 104 7 68 30 29 70 25 119 15 123 73 53 105 17 37 67 8 91
    81 42 126 5 67 38 46 91 74 51 64 18 100 8 39 87 38 13 97 30 113 75
    93 20 74 52 71 42 2 107 72 36 111 57 1 124 14 32 94 27 123 68 21 127
    29 106 117 31 50 64 76 111 77 102 78 80 6 101 36 83 83 21 92 126 95
    120 59 81 11 34 26 105 27 1 79 64 119 32 48 96 11 63 20 103 33 71 40
    22 89 46 90 109 90 60 90 17 59 53 15 57 80 28 56 14 3 30 127 61 124
    104 106 3 122 109 108 48 80 48 9 42 111 39 81 114 78 121 81 95 37 37
    64 16 99 73 109 127 66 35 19 102 16 36 77 120 123 109 18 111 118 50
    78 87 127 71 35 32 48 25 68 40 98 97 50 91 62 68 70 26 118 61 42 52
    73 29 33 8 121 108 1 17 50 64 88 77 36 20 63 24 111 43 57 115 64 64
    13 16 107 2 38 33 24 31 35 28 17 8 41 6 113 15 86 93 12 97 57 57 105
    9 61 0 49 86 87 93 41 50 40 27 107 94 95 33 40 64 30 4 59 115 0 34 0
    86 55 9 23 91 17 45 97 92 54 10 10 57 31 34 8 23 64 40 121 97 28 21
    7 90 110 68 86 114 81 93 57 67 16 7 67 46 88 82 39 88 45 89 54 119
    125 115 93 98 17 33 41 120 79 17 23 66 90 83 69 16 40 120 4 55 125
    44 17 99 89 39 121 72 82 67 24 22 41 44 39 87 114 15 81 93 68 92 103
    102 125 91 68 53 115 20 61 4 63 78 64 31 22 81 7 18 51 54 19 60 114
    23 21 105 64 74 79 46 15 31 44 122 63 103 86 102 125 127 72 2 98 88
    39 44 46 39 67 121 0 44 5 16 106 125 115 28 19 48 111 126 43 93 9 26
    90 28 99 84 84 14 55 104 127 68 82 72 7 14 55 61 118 93 31 85 32 24
    101 45 22 117 87 83 125 93 34 18 56 7 56 23 90 57 15 1 26 96 17 4 13
    109 65 61 38 69 12 73 26 18 122 90 109 105 32 42 8 18 75 97 88 83 16
    123 38 77 48 91 86 127 109 55 25 103 61 52 16 81 126 99 110 66 97
    102 29 116 37 103 62 40 26 100 90 44 126 20 124 74 127 105 23 71 43
    24 3 55 38 13 28 52 118 5 5 81 14 26 6 40 60 119 79 57 72 127 107 73
    99 79 4 92 53 84 110 45 71 108 74 8 57 126 115 102 118 64 23 81 63 3
    54 57 0 24 1 71 72 62 105 83 4 65 18 106 37 50 57 100 122 104 59 81
    3 24 113 30 0 63 55 17 16 51 56 72 106 45 100 75 98 78 105 110 33 45
    38 12 90 96 38 113 42 97 3 7 6 14 18 61 22 1 100 40 8 91 21 17 81 88
    77 105 87 50 94 106 54 29 48 88 85 25 34 38 51 74 16 22 50 79 50 75
    51 122 102 99 52 11 95 121 108 65 14 79 12 32 65 69 113 75 67 4 99
    99 123 82 123 60 19 36 47 53 50 84 76 114 20 45 60 115 90 111 47 90
    56 41 111 96 37 62 36 126 60 108 13 119 117 106 37 57 123 57 44 83
    115 6 64 91 66 95 68 61 95 98 110 51 51 28 33 48 11 35 77 94 54 111
    13 123 60 30 96 11 53 52 87 70 24 23 39 58 102 106 101 100 21 91 26
    91 54 122 102 100 69 94 97 78 92 86 107 113 85 93 97 74 102 17 82 3
    121 42 70 58 21 120 73 25 126 12 73 32 26 43 109 15 49 1 85 92 1 68
    113 122 122 115 82 63 96 60 39 31 8 5 110 46 34 4 35 72 89 100 13 34
    47 68 92 82 0 63 20 8 68 106 37 114 76 15 32 124 71 4 65 49 2 28 40
    91 71 17 88 54 12 65 34 60 7 112 37 116 49 121 109 20 28 103 121 11
    120 115 81 121 99 93 126 114 57 23 96 75 24 105 105 121 112 66 62
    109 74 58 25 71 82 71 98 80 53 88 44 26 68 41 87 61 118 116 123 114
    26 33 52 57 30 71 69 90 87 56 53 75 26 33 30 35 125 93 27 64 112 96
    14 8 75 18 23 16 88 113 90 62 70 28 64 80 65 8 66 34 18 11 24 95 88
    10 48 110 17 28 17 92 112 31 65 88 55 55 44 101 102 89 50 70 48 119
    114 58 40 14 18 33 79 97 56 113 90 40 6 116 118 63 26 22 77 31 57 99
    54 60 10 43 46 69 95 74 121 48 4 0 123 22 110 8 82 51 103 24 12 68
    87 114 11 7 40 78 61 6 18 44 108 36 11 31 113 47 81 71 120 57 18 31
    87 118 86 61 52 75 83 13 5 81 111 38 80 19 90 19 0 8 119 46 124 89 7
    21 1 113 28 42 81 83 68 28 106 15 45 90 58 68 61 58 76 20 49 110 89
    20 110 32 94 65 62 22 2 19 74 60 5 122 0 5 74 17 11 40 75 43 83 0 59
    39 21 68 9 81 112 40 29 85 72 60 13 10 55 6 71 10 50 4 26 106 68 43
    59 4 72 119 97 78 58 0 112 4 78 100 58 12 66 127 45 79 94 77 104 24
    73 63 7 50 32 32 54 114 83 55 13 121 94 125 72 106 91 61 38 47 36 65
    42 79 53 0 8 1 57 64 5 112 72 20 67 14 36 118 79 46 75 94 22 12 11
    65 53 90 25 39 123 116 48 117 92 119 32 0 3 83 104 82 106 21 91 1 25
    81 12 98 123 59 34 20 118 71 80 44 114 18 85 69 75 93 28 110 46 59
    18 74 115 46 127 29 42 27 43 117 16 38 110 92 14 23 66 36 74 26 50
    16 59 118 31 0 53 77 122 29 19 42 126 28 42 120 76 19 26 100 12 50
    103 119 124 73 27 54 6 88 73 83 23 77 47 30 63 53 72 91 17 63 102 19
    39 101 54 80 105 95 44 28 39 17 97 63 75 104 119 27 116 77 105 79 24
    19 21 47 110 1 64 112 3 71 68 59 51 109 87 2 5 78 42 108 24 102 5
    122 24 86 30 81 5 73 7 109 37 20 11 101 126 115 42 115 120 78 107 73
    68 60 64 19 82 21 91 21 14 96 115 108 98 98 115 85 12 126 4 37 60 50
    92 34 102 96 80 32 88 89 114 4 82 57 84 14 58 80 120 103 97 79 97 14
    42 127 5 50 14 65 2 112 67 120 78 126 12 56 82 103 119 58 78 58 43
    63 122 105 115 35 38 31 48 104 122 30 35 75 23 73 59 74 66 92 31 23
    2 12 34 43 116 43 54 34 87 52 75 9 65 71 118 14 116 20 97 119 67 9
    23 76 52 50 87 1 34 107 11 120 16 36 66 58 74 15 0 48 86 91 81 99 98
    114 85 76 65 74 54 78 9 106 44 48 100 21 76 47 99 21 18 78 114 91 7
    55 38 84 55 87 40 65 28 45 35 12 5 106 97 13 68 89 109 40 8 46 86 20
    41 35 120 13 28 13 54 107 110 19 83 34 121 11 29 10 20 84 35 3 70 73
    82 58 101 16 5 70 89 87 115 79 104 99 49 49 127 39 53 95 68 124 106
    55 12 9 103 92 80 123 51 4 3 36 29 70 22 81 45 103 7 68 13 72 4 81
    75 123 51 25 69 52 91 96 46 87 99 117 35 109 16 56 1 108 29 19 82 57
    90 48 25 93 8 97 106 51 16 123 31 114 77 68 35 83 117 0 4 53 26 53
    99 17 20 30 61 49 2 0 114 25 32 72 51 102 71 106 119 97 35 101 115
    80 34 30 96 33 37 41 120 70 102 33 96 114 96 113 109 62 31 124 45 79
    114 113 31 31 1 53 32 39 57 81 83 79 116 59 80 81 27 91 52 4 12 123
    65 76 66 107 2 6 1 9 117 111 16 99 60 78 69 13 97 90 120 50 70 41 4
    71 32 106 120 48 110 116 23 85 126 61 8 124 7 103 37 67 44 13 123 81
    54 26 45 49 78 124 9 60 44 101 9 48 5 83 43 117 112 126 105 106 125
    13 84 54 86 54 15 110 38 120 74 95 19 19 69 114 2 121 85 67 63 59 33
    117 70 88 33 71 36 109 21 116 70 71 6 5 124 44 104 11 20 91 118 115
    31 90 111 30 116 23 30 51 32 43 78 106 88 2 95 1 48 45 19 92 92 81
    90 40 103 65 103 5 95 127 73 44 23 70 99 58 34 72 28 16 100 74 78 21
    119 124 64 126 102 32 21 98 124 66 126 64 96 77 69 52 51 31 107 28
    58 10 46 118 11 117 54 105 3 49 100 56 73 6 84 34 111 50 51 29 126
    76 77 39 95 97 62 63 93 117 54 111 25 68 104 67 71 68 26 49 72 110
    65 106 111 119 90 40 20 32 101 48 125 76 13 30 99 98 75 28 125 111 4
    52 2 91 47 52 109 52 81 47 96 123 96 113 83 88 46 108 16 109 40 11
    69 111 53 78 35 38 10 121 17 39 30 111 14 104 9 42 78 101 114 17 68
    118 109 96 83 65 123 64 15 72 88 85 71 42 46 41 115 63 99 120 61 94
    37 66 94 112 126 24 14 110 39 87 53 21 109 18 59 22 5 76 87 29 83 79
    61 56 93 58 73 63 116 62 127 35 51 100 15 69 47 100 36 122 22 57 47
    75 36 114 24 33 103 67 14 35 29 46 93 2 51 85 59 97 39 21 60 33 126
    71 5 96 15 116 22 19 74 57 21 20 96 2 84 85 67 118 34 77 104 43 3 3
    65 7 123 49 5 61 12 120 67 60 74 120 52 14 108 52 52 98 89 77 87 63
    76 42 70 47 49 110 108 18 19 28 96 107 127 48 84 100 7 88 30 43 101
    13 111 93 96 89 84 24 5 113 18 112 41 103 96 117 77 27 111 23 57 126
    124 63 18 110 35 79 73 22 40 101 35 87 54 66 22 5 93 39 17 90 58 10
    7 20 37 95 88 67 38 110 120 122 71 27 72 85 27 0 26 49 110 59 2 124
    2 6 93 17 45 96 51 9 53 68 65 64 72 7 50 11 125 104 121 49 16 46 123
    17 48 39 38 89 69 101 22 18 5 45 119 125 5 47 118 40 82 119 87 95 79
    125 118 1 27 122 27 24 50 18 44 99 81 39 39 61 28 29 8 49 44 96 17
    52 21 23 90 55 109 117 112 11 7 11 32 113 61 102 90 10 92 85 25 44
    18 45 42 54 98 78 65 31 83 58 1 109 8 6 4 65 119 34 37 67 84 124 29
    53 26 12 0 52 67 67 76 64 74 67 8 92 8 89 9 118 67 89 2 60 85 45 20
    68 54 71 36 1 112 18 122 1 8 23 63 110 74 79 106 83 50 66 29 29 52
    66 15 123 31 63 58 124 58 107 118 4 76 78 89 53 86 65 81 57 120 59
    45 14 67 31 97 42 14 76 107 127 83 72 69 23 68 29 0 49 98 78 31 31
    47 101 79 110 85 74 45 102 91 28 99 20 116 79 34 120 21 34 99 41 85
    112 110 116 95 61 32 7 116 74 20 115 96 21 38 18 22 60 122 88 71 89
    2 106 124 104 21 121 57 48 65 22 92 65 37 81 27 125 69 127 28 40 27
    61 83 11 125 95 35 75 13 127 13 69 127 50 11 93 53 117 127 79 107 21
    20 38 47 50 75 28 112 37 82 59 39 113 75 100 122 123 36 13 60 108
    121 73 92 84 61 86 23 127 4 60 20 32 33 46 16 1 115 73 83 62 73 29
    74 66 80 84 113 55 125 109 5 47 11 84 106 1 84 17 40 2 5 1 85 111 3
    32 37 84 74 114 8 16 105 2 4 43 71 122 117 31 115 21 48 101 89 8 46
    43 88 98 63 73 60 77 54 34 63 25 27 12 3 27 32 84 31 22 46 4 36 105
    66 25 108 104 1 60 81 34 84 111 21 52 73 3 87 62 86 86 68 2 105 41
    77 125 20 42 54 89 46 67 77 40 25 25 85 20 73 117 67 69 47 31 126 65
    123 18 93 122 8 98 97 85 119 20 119 81 29 76 37 95 76 110 87 102 100
    53 42 35 47 103 34 25 18 4 59 120 8 76 42 19 124 32 30 55 119 35 40
    31 14 19 86 71 35 99 22 72 109 66 33 58 87 118 92 6 12 93 40 33 88
    34 127 15 88 102 100 102 25 3 52 3 22 26 3 110 52 81 55 62 32 6 10
    25 25 32 46 106 49 8 119 78 108 62 92 45 114 36 58 86 46 76 12 28
    101 108 101 46 68 89 69 118 46 3 122 38 61 14 33 119 96 100 85 127
    100 62 108 34 113 18 71 55 113 0 111 26 117 98 30 16 43 89 80 14 125
    95 34 108 65 24 28 123 113 41 7 42 38 91 76 39 41 75 118 120 23 34
    16 113 104 43 123 103 77 64 37 41 26 18 112 37 55 87 78 71 100 49 64
    120 121 119 125 5 59 57 30 125 48 34 77 8 127 122 45 43 121 126 20
    46 33 77 41 92 92 46 108 87 79 93 92 115 12 33 110 67 15 70 3 103 74
    112 126 117 29 5 69 83 47 80 90 63 47 105 90 44 100 40 12 44 9 36 4
    9 49 50 7 103 121 89 84 118 22 70 75 52 101 20 7 124 102 90 104 68
    120 66 62 96 59 86 34 103 18 112 5 13 23 35 3 54 119 66 44 110 1 94
    106 21 68 4 51 127 97 115 87 5 75 113 114 3 125 73 12 38 120 64 78
    10 33 113 14 26 29 11 36 68 120 19 33 61 0 21 33 81 120 82 126 120
    16 117 44 27 15 74 23 38 32 34 74 44 18 53 25 16 32 81 103 65 105 19
    24 90 7 39 103 55 9 125 54 122 26 127 113 60 117 12 127 51 53 74 98
    25 116 108 85 110 32 107 17 47 42 79 25 92 33 51 103 9 115 17 60 45
    15 117 8 109 101 63 40 10 28 62 94 113 83 71 34 114 119 119 25 54 82
    39 40 19 39 6 59 52 101 124 18 13 63 4 85 80 19 44 41 85 122 82 113
    36 93 50 59 42 1 61 3 43 65 68 15 64 51 19 51 90 88 63 19 43 55 34
    123 79 28 15 6 59 120 7 62 33 116 74 16 30 22 59 104 34 109 43 48
    117 71 42 43 58 10 124 69 20 122 110 12 24 95 83 104 105 106 30 55
    107 119 89 105 55 90 75 68 61 63 93 2 12 25 4 54 74 91 51 127 70 88
    2 49 55 99 73 92 101 49 126 47 110 112 18 38 70 66 115 53 16 32 108
    26 127 85 22 21 8 99 125 65 70 82 28 68 19 73 72 30 26 78 111 123 38
    110 113 22 28 4 70 114 1 107 127 121 75 125 11 111 24 29 4 13 109 93
    77 15 49 89 107 116 125 39 21 9 62 56 119 31 56 61 70 102 93 117 55
    78 27 6 26 99 95 27 49 49 123 15 45 50 29 17 106 96 115 72 96 21 26
    27 56 89 79 96 30 58 43 120 52 55 35 122 72 51 46 1 7 80 71 63 76 19
    62 53 43 19 25 96 100 95 58 7 10 82 73 100 68 5 17 100 74 120 43 11
    101 25 45 59 26 111 118 7 78 14 0 11 12 27 24 67 111 70 38 114 13 37
    83 50 110 82 46 20 59 69 69 19 43 5 68 38 13 86 31 30 42 67 5 12 48
    1 12 35 4 93 10 12 35 24 90 18 84 50 118 14 108 70 12 31 89 57 76
    125 113 13 75 5 5 56 31 27 61 85 94 73 10 55 72 82 49 63 86 39 13 22
    122 11 126 123 64 81 69 46 27 59 29 25 107 123 4 91 125 105 54 106
    121 44 67 105 52 43 75 126 43 16 55 58 5 13 70 74 107 51 116 66 68
    35 71 31 70 55 78 95 78 4 43 38 105 10 67 56 28 35 127 12 118 68 29
    30 68 71 28 1 113 96 31 51 119 30 104 86 19 72 107 109 106 109 62 17
    127 106 31 125 48 91 48 115 42 15 126 65 36 10 32 75 35 71 11 35 67
    117 32 67 47 101 55 69 58 3 66 108 52 18 9 28 69 24 98 47 9 15 52 81
    87 11 84 2 45 32 82 125 10 125 77 127 14 120 17 54 82 3 78 17 54 44
    39 31 84 116 55 81 109 49 63 14 32 107 96 96 82 1 57 69 31 54 0 92
    82 40 81 74 121 105 85 36 48 20 42 57 65 74 85 110 99 66 27 115 80
    31 52 52 95 54 33 123 68 25 116 118 116 18 31 53 105 24 20 21 91 112
    20 60 35 17 54 86 82 51 111 110 23 35 79 3 86 8 59 45 24 22 24 24 11
    63 22 111 98 32 83 107 48 5 61 88 89 95 125 16 122 104 94 83 3 122
    58 54 81 6 18 44 91 38 92 16 91 102 98 87 89 53 1 123 36 124 2 24 38
    6 63 124 74 119 30 82 12 20 4 1 81 123 85 73 28 11 68 94 41 12 17 35
    75 108 43 41 39 19 60 40 39 24 120 24 32 6 114 103 89 35 110 115 78
    0 94 9 14 38 11 71 31 122 77 8 78 38 75 90 119 18 27 24 52 28 92 52
    22 13 91 55 77 8 106 28 57 89 72 18 87 77 26 25 55 126 105 91 15 6
    125 109 42 99 65 35 85 46 54 71 31 115 72 79 81 104 36 64 98 86 21
    61 127 62 92 52 53 126 111 1 64 101 45 23 93 19 68 6 14 65 30 6 45
    25 10 41 24 103 66 78 53 119 0 80 48 9 45 73 35 4 1 115 37 119 108
    103 82 26 21 67 121 25 30 73 53 41 45 10 18 17 124 113 127 56 12 56
    29 60 33 121 45 67 13 101 94 9 91 123 110 99 105 71 49 77 116 97 31
    11 85 55 34 89 111 84 29 87 83 118 66 58 71 1 99 8 34 35 34 10 46 57
    60 87 90 107 61 12 26 113 89 79 15 87 82 15 126 49 87 78 112 61 26
    52 18 25 7 106 113 68 31 85 42 82 108 34 68 113 94 124 107 77 28 116
    103 98 76 73 27 46 72 120 60 58 44 0 80 97 75 56 79 60 112 126 84 12
    93 105 62 0 47 1 56 86 88 67 41 47 6 101 25 24 13 11 65 29 119 56 1
    52 100 75 42 125 93 127 38 0 46 7 1 78 54 107 121 106 49 56 116 109
    38 62 21 34 52 29 124 68 120 96 121 93 9 15 34 4 119 76 50 63 95 43
    6 95 111 28 78 61 115 38 127 2 49 36 49 96 29 72 102 87 31 112 76 44
    19 78 16 12 107 107 40 48 127 18 119 65 27 28 102 17 108 58 47 78
    106 66 99 103 76 87 41 23 14 92 113 96 64 80 37 63 53 98 95 127 109
    34 49 110 65 108 23 12 60 64 88 95 73 24 25 117 92 108 120 122 75
    116 31 105 62 85 7 4 48 115 37 64 109 38 58 89 96 80 45 122 36 3 83
    60 126 77 76 72 12 60 39 8 28 33 30 71 15 38 76 109 59 72 42 126 47
    120 28 81 38 19 50 104 122 59 90 68 115 79 22 77 116 14 96 49 29 60
    37 3 49 115 57 79 93 30 52 69 54 66 74 85 28 29 29 65 79 38 49 59 64
    97 3 43 73 113 95 37 9 25 109 114 38 45 24 78 91 49 8 93 118 23 94
    56 60 33 125 12 58 64 88 5 23 119 124 124 104 14 98 22 62 100 7 48
    89 18 50 50 47 1 35 58 90 45 66 113 69 19 74 72 18 105 122 73 45 54
    114 75 79 29 89 83 15 36 103 63 39 50 46 58 16 122 104 46 59 74 68
    117 61 33 54 55 37 57 100 37 38 121 123 35 21 67 73 103 80 90 50 118
    26 58 14 80 33 16 42 17 67 85 111 73 61 111 19 97 0 74 32 65 112 14
    37 74 89 117 95 2 74 120 58 3 41 6 126 46 119 91 34 73 35 98 52 24
    57 66 12 59 50 17 109 116 19 125 121 35 127 14 3 76 92 36 97 103 125
    103 53 41 33 18 35 104 69 22 27 106 3 29 67 4 13 1 79 99 26 113 116
    127 54 57 42 13 87 81 122 5 107 120 110 14 82 112 56 61 83 2 113 7
    64 1 32 106 71 112 5 46 56 65 55 13 108 43 102 93 78 103 90 37 95 82
    117 19 29 123 96 96 117 50 52 38 95 61 109 73 56 46 30 9 28 24 10 32
    114 63 120 112 84 121 49 99 43 93 55 93 27 20 73 85 77 13 44 67 77 2
    37 12 10 77 31 10 63 15 14 77 55 123 104 119 6 26 74 19 3 85 16 97
    40 62 70 34 43 96 64 33 66 12 57 124 63 53 113 126 115 45 75 115 13
    16 63 120 114 40 95 98 38 9 54 28 37 79 58 65 88 9 122 57 3 36 70 60
    112 10 90 77 36 52 18 85 62 4 94 93 10 40 49 34 20 65 26 15 1 94 124
    20 127 60 76 45 11 13 47 100 127 117 4 87 19 68 41 37 43 49 76 7 87
    95 78 119 54 121 107 61 105 20 14 14 65 112 40 19 56 86 66 59 34 62
    103 126 31 57 53 113 105 95 49 101 35 8 115 94 56 62 24 72 7 101 102
    82 57 30 98 96 90 114 111 50 108 79 49 122 64 114 78 84 90 115 78 81
    26 51 68 8 7 101 1 18 100 119 46 6 18 42 63 45 99 124 123 84 121 42
    88 99 127 85 100 69 89 119 68 21 83 123 54 72 108 2 99 112 89 32 106
    94 79 31 92 113 18 40 83 33 21 8 62 98 80 90 9 0 16 52 17 5 16 125
    29 119 93 127 20 43 60 1 42 85 61 103 86 78 15 61 55 30 126 27 64 56
    41 108 31 14 66 34 103 22 91 104 56 101 32 12 123 76 95 14 11 39 37
    17 59 122 77 87 108 5 16 45 47 119 22 114 77 84 9 73 35 76 93 92 73
    115 34 24 78 124 117 52 11 94 71 107 51 109 13 106 87 85 3 42 55 16
    126 30 28 90 20 97 86 86 53 16 56 103 124 5 11 45 103 60 127 48 27
    51 0 24 69 53 35 14 6 108 113 7 21 34 100 26 66 49 48 84 19 42 105
    72 53 38 95 51 58 2 23 37 100 60 39 99 20 51 22 104 82 123 80 121 28
    115 37 97 31 34 30 50 56 71 53 26 44 6 6 73 22 88 98 35 99 121 35 96
    60 60 33 95 92 62 71 1 111 122 26 10 67 16 38 35 115 78 17 60 90 79
    55 126 4 66 20 16 20 114 56 70 71 25 114 17 88 3 76 18 70 53 122 114
    19 109 89 107 91 10 51 66 94 75 126 116 22 115 3 61 10 99 41 120 122
    97 97 79 52 40 94 54 118 121 32 78 20 46 51 86 74 9 82 76 44 62 102
    29 107 80 95 107 40 47 124 111 68 87 9 36 8 34 43 33 101 1 63 61 92
    28 5 18 37 99 50 4 38 24 104 39 45 121 88 66 40 110 113 43 0 106 103
    80 34 26 73 21 100 94 77 120 18 110 75 127 89 0 81 112 6 7 86 36 40
    54 69 67 21 113 107 64 5 94 80 126 27 41 100 97 117 77 109 79 110 64
    66 65 119 82 110 53 112 103 23 101 104 66 102 41 85 40 127 121 34
    100 78 125 100 37 25 115 4 103 44 66 30 31 75 103 127 60 54 46 15 5
    19 68 11 124 106 77 38 2 12 118 106 28 112 57 38 19 105 63 4 101 16
    12 56 125 95 109 114 60 67 2 100 36 26 86 20 105 102 6 24 28 64 64
    59 127 77 80 122 26 47 127 72 45 43 80 67 110 95 53 82 4 21 86 39 16
    31 81 43 99 8 67 91 51 30 95 76 11 108 118 41 122 84 77 38 111 24 30
    90 38 117 58 11 62 89 80 12 90 48 103 32 56 106 35 27 22 126 0 23 76
    67 30 5 35 54 109 126 24 56 76 29 80 69 3 116 43 62 57 27 49 19 93
    79 19 5 50 3 114 19 94 13 29 110 43 113 108 41 50 17 89 122 81 2 58
    13 69 34 106 24 3 35 103 41 46 5 41 67 79 121 51 41 83 90 84 116 127
    100 108 21 104 47 36 117 97 97 34 71 70 45 19 117 63 97 119 104 116
    59 4 120 41 96 38 108 125 14 91 61 32 120 77 100 63 25 8 81 102 13
    122 25 105 92 33 33 43 103 67 101 104 83 106 86 114 120 51 89 126 99
    71 24 105 61 106 35 68 77 123 53 26 125 70 80 24 70 18 55 54 83 63
    42 126 29 11 122 72 2 30 40 82 107 35 35 113 105 46 104 3 34 26 63
    29 64 34 98 31 122 17 50 110 18 0 72 66 27 119 113 110 47 19 10 28
    48 76 118 46 0 20 104 61 50 127 92 117 8 35 67 85 106 113 18 74 54
    19 15 67 72 88 89 27 102 82 51 39 47 126 47 50 117 62 17 92 11 77
    110 93 29 95 19 74 69 65 20 94 118 40 116 51 106 69 33 46 85 47 118
    116 108 50 96 7 51 16 69 123 15 4 88 22 36 3 56 109 91 40 14 92 116
    51 42 100 85 93 92 30 77 51 69 74 11 116 14 123 100 59 97 53 24 120
    107 117 46 16 111 40 53 58 72 54 88 96 76 53 103 85 55 109 115 127
    101 79 70 62 40 91 1 121 100 65 41 44 19 81 117 28 11 64 60 29 86
    121 34 77 92 104 105 83 72 66 107 85 112 78 110 104 88 15 60 46 20
    90 107 74 34 53 22 64 78 87 23 16 108 39 85 18 119 56 97 59 52 93 51
    96 119 116 64 123 25 71 79 44 90 25 99 14 12 17 74 122 123 94 104 1
    44 106 43 32 76 113 64 106 117 8 90 47 75 85 83 79 53 68 34 93 54 35
    48 3 70 4 75 54 26 78 25 88 113 6 89 88 20 103 54 123 114 46 49 106
    94 28 107 0 90 101 67 98 9 88 50 36 36 60 40 81 58 46 106 6 89 5 80
    79 13 52 82 81 97 83 111 43 108 64 40 93 4 48 80 12 84 23 2 9 80 81
    86 83 112 52 15 1 111 62 114 117 101 92 42 1 72 13 79 20 46 48 23 20
    30 122 99 17 33 112 44 45 25 114 71 106 85 41 0 115 99 85 74 70 17
    115 36 43 49 78 23 35 45 50 92 93 77 33 32 22 66 79 62 33 37 11 27
    62 57 119 99 61 103 29 11 73 109 41 47 29 18 114 87 68 14 34 94 23 3
    102 70 90 34 109 58 12 61 67 1 55 110 46 57 111 2 50 25 39 45 95 124
    16 59 12 121 53 26 89 124 82 118 6 17 32 117 118 85 63 67 32 87 69
    27 123 21 25 16 88 11 81 123 34 67 86 121 73 108 73 56 46 19 17 11
    12 76 28 4 14 27 4 24 66 103 13 67 22 123 1 111 69 20 56 69 117 59
    116 64 75 58 23 103 99 119 27 19 12 123 73 92 98 74 38 86 35 41 49
    17 74 18 50 96 75 87 28 49 75 62 76 6 38 50 88 56 35 20 3 82 69 9
    118 25 99 39 85 65 100 39 60 46 125 0 13 25 13 53 121 10 13 11 107
    38 68 121 84 118 98 90 43 39 95 15 7 35 105 41 72 97 99 61 85 95 97
    100 26 95 63 75 79 33 30 103 113 22 73 77 127 125 117 38 23 121 8
    118 95 120 78 65 118 54 70 82 30 64 72 80 15 53 25 91 61 21 94 5 9 1
    58 71 89 34 67 90 1 109 50 59 98 53 11 37 19 80 104 53 63 83 63 47
    15 4 114 14 29 50 39 89 54 56 68 117 29 114 119 63 90 77 92 32 85 14
    87 31 84 46 16 48 83 101 83 88 78 30 122 62 28 83 113 1 50 10 47 100
    64 45 29 65 7 0 6 93 49 110 110 74 9 76 2 46 64 1 21 55 39 24 80 116
    8 36 46 69 7 97 127 26 76 83 78 55 21 76 75 40 48 42 41 125 100 65
    80 9 115 20 103 92 104 36 101 32 29 93 58 112 83 90 91 71 89 117 119
    125 49 89 74 41 95 6 59 67 21 97 98 11 84 89 65 49 72 107 28 58 42
    41 21 75 48 119 69 116 30 80 31 42 100 117 4 25 2 11 56 68 65 87 51
    75 52 91 24 79 101 3 118 83 53 127 45 50 81 39 68 32 3 19 70 20 36
    10 31 75 9 58 89 2 92 107 125 97 51 124 117 94 74 7 81 115 47 81 28
    73 117 23 4 66 42 82 103 14 110 116 78 90 9 108 64 36 26 102 103 71
    42 111 69 94 76 14 67 94 110 100 22 112 107 95 50 94 125 58 4 53 41
    68 26 94 108 58 99 6 30 75 76 0 95 15 60 68 4 5 71 85 103 114 89 47
    16 8 104 96 109 19 90 73 42 97 120 35 88 72 12 109 102 66 2 50 71
    112 28 105 49 9 0 107 46 52 93 37 110 45 57 29 89 92 76 71 15 125 65
    49 63 35 19 38 22 125 33 77 40 45 37 98 114 70 63 125 77 44 39 83 99
    82 71 47 52 12 92 61 75 95 117 17 91 104 5 28 84 103 101 77 93 78 69
    92 114 8 112 25 80 6 40 47 61 58 50 74 101 108 53 114 31 119 1 66 90
    72 2 35 33 5 103 35 42 124 70 103 68 42 33 80 107 109 6 81 105 27 31
    64 88 18 54 78 121 120 96 75 93 96 45 59 95 7 37 117 81 66 11 119 65
    1 116 14 111 95 15 41 99 60 87 80 28 48 118 2 118 55 1 18 65 108 34
    123 85 28 38 77 76 85 123 89 69 108 113 26 126 48 64 10 15 13 27 118
    5 95 10 125 100 105 4 14 104 2 33 92 121 42 100 66 82 66 42 47 1 25
    46 4 66 77 70 29 17 93 30 29 62 12 64 97 2 57 104 101 5 114 10 77 31
    18 19 8 43 96 23 121 13 92 3 31 69 64 95 109 3 60 29 104 83 0 88 71
    118 55 42 9 124 83 78 106 1 97 63 42 7 54 31 8 99 3 32 114 90 124 26
    61 1 20 30 122 42 38 13 52 79 78 93 118 15 106 125 98 88 86 52 9 40
    0 106 20 35 117 125 78 32 86 28 100 119 58 24 1 119 47 25 22 40 35
    97 49 75 104 73 118 4 25 42 5 54 17 47 27 102 116 28 34 99 127 59 24
    37 102 53 119 95 38 2 125 104 1 24 67 33 1 108 122 59 125 114 9 87
    43 84 52 13 72 62 20 37 123 106 11 26 73 37 7 15 96 50 112 9 17 56
    16 54 58 79 88 79 120 36 123 67 95 61 52 100 112 40 72 33 111 84 102
    90 69 17 20 87 70 13 59 26 78 109 104 97 23 84 31 109 80 40 51 11 86
    52 101 42 87 84 92 52 13 40 94 115 98 31 37 72 68 57 97 97 28 19 121
    118 126 44 18 88 98 55 125 18 39 30 2 49 87 122 18 29 24 83 72 123
    114 113 47 75 72 109 33 55 118 53 104 88 90 19 12 10 36 108 11 47 80
    118 17 25 6 116 94 7 15 75 115 71 75 96 126 27 122 65 108 67 105 116
    65 29 19 89 121 56 30 27 60 73 2 0 28 60 30 85 113 49 111 107 9 53
    38 122 122 0 20 89 78 38 16 124 27 110 82 12 85 108 91 17 15 56 43
    98 96 13 53 17 90 119 67 48 125 64 78 62 117 74 11 93 25 8 32 7 94
    118 66 63 89 100 106 27 79 53 8 44 55 43 22 34 94 1 116 42 78 78 68
    61 119 25 85 3 91 40 127 4 70 36 52 42 50 22 72 63 101 87 65 105 98
    79 95 25 121 1 73 93 20 23 73 19 117 20 42 31 0 33 67 66 86 70 81 26
    28 36 34 39 61 80 3 116 100 125 30 77 85 1 74 121 38 63 64 4 64 53
    51 116 79 63 120 40 95 20 109 30 75 16 121 98 99 84 3 40 91 95 76 10
    77 94 41 55 96 80 37 49 118 76 73 4 80 34 114 116 23 42 51 88 29 66
    40 113 77 88 0 1 89 64 14 67 80 81 108 44 105 5 104 25 13 18 101 66
    0 25 101 2 93 111 124 29 95 46 117 21 60 103 45 90 21 49 65 49 99 94
    85 10 54 41 72 15 96 14 50 50 46 45 17 102 123 47 121 82 23 118 10
    34 60 85 104 39 121 24 80 29 56 25 71 39 32 30 56 25 95 39 83 113 26
    16 111 98 123 125 122 91 86 37 94 44 71 85 30 43 103 118 41 89 72 4
    17 30 104 101 50 60 85 61 34 122 91 122 89 50 87 6 82 108 106 10 100
    0 17 83 61 2 57 38 48 51 40 127 97 119 15 98 36 58 110 36 81 43 19
    104 86 127 103 108 114 68 54 26 89 16 21 84 122 111 23 120 39 20 104
    4 12 112 28 111 112 29 75 14 25 37 28 75 57 66 71 6 66 127 120 107
    83 71 17 47 61 63 28 52 17 34 91 120 46 89 24 49 32 46 70 104 34 29
    47 65 86 109 105 18 6 2 24 16 58 78 94 107 15 12 108 43 79 86 50 20
    72 89 22 85 77 56 48 73 33 8 107 99 127 106 106 5 40 69 37 40 41 71
    107 70 126 82 109 112 33 2 73 104 22 28 3 89 61 89 37 77 125 64 77
    16 48 64 3 69 42 113 22 1 119 24 60 82 84 125 92 19 54 40 85 90 103
    11 71 16 47 69 84 91 74 105 5 71 50 81 6 34 21 35 110 119 105 95 90
    42 1 22 21 70 78 25 66 108 47 32 37 84 5 119 21 52 98 125 50 123 47
    125 76 42 48 28 28 41 87 115 42 101 84 43 6 49 31 16 22 84 40 60 72
    54 117 30 121 36 113 123 35 32 114 95 82 44 5 65 85 39 69 94 48 59
    50 82 37 90 70 101 68 42 62 83 72 78 106 69 94 61 15 70 7 34 28 97
    97 70 25 56 64 70 15 59 23 95 110 104 47 3 9 92 36 21 34 32 30 101
    75 1 38 43 69 107 49 20 76 1 111 31 120 77 36 99 61 92 101 15 9 4 68
    120 32 91 50 18 14 72 89 67 19 37 36 87 51 36 97 88 36 59 10 73 14
    62 11 105 111 35 87 61 0 99 105 63 55 78 47 112 7 85 117 63 50 35 43
    27 65 77 121 103 16 77 34 41 90 6 16 104 38 115 30 43 92 50 81 78
    110 52 31 85 124 36 52 76 113 0 85 63 55 75 8 3 32 111 50 45 39 78
    99 83 100 74 8 15 34 14 67 33 13 16 9 102 54 12 85 68 89 103 76 121
    2 22 107 83 27 79 80 45 32 105 73 122 126 27 83 58 89 8 69 86 83 3 3
    66 8 73 79 30 30 82 78 81 40 31 28 16 46 126 113 55 34 115 48 108 22
    127 49 36 126 82 22 45 52 97 18 9 20 8 33 15 46 112 111 95 23 112
    107 44 103 92 63 2 60 5 38 126 40 37 21 59 107 125 20 49 10 5 32 108
    56 50 116 14 26 54 51 6 12 116 8 108 2 5 3 127 123 100 79 58 64 51
    50 116 108 31 68 109 95 54 50 28 2 10 1 120 0 74 62 29 18 65 30 60
    86 50 30 28 25 107 32 106 98 94 54 94 84 21 67 71 61 117 19 85 27 77
    59 65 121 16 30 65 19 92 97 81 125 2 92 87 92 57 9 30 115 76 59 34
    70 34 112 72 65 85 64 49 93 63 10 39 79 70 40 94 74 8 66 13 115 70 4
    121 52 27 63 81 83 103 35 82 101 47 41 7 8 16 40 87 66 23 127 63 98
    36 83 27 57 90 38 7 33 97 32 121 55 77 52 116 51 88 55 34 77 59 125
    79 5 4 70 44 9 106 108 67 109 55 4 56 99 55 115 1 28 52 54 89 42 91
    71 55 26 26 53 87 117 3 40 72 91 10 62 86 92 89 76 13 19 34 76 2 117
    64 84 92 52 22 66 24 18 34 31 50 14 118 10 64 109 107 111 39 21 83
    82 107 71 103 19 74 87 114 107 37 20 17 73 100 28 116 124 5 30 76 2
    104 103 127 63 122 102 22 17 93 10 112 71 41 0 46 33 118 19 57 29
    108 43 125 34 12 126 74 76 42 98 67 97 52 30 110 47 118 34 30 78 118
    19 41 46 83 18 30 108 98 86 20 36 32 77 87 6 24 92 102 60 24 60 124
    125 55 117 98 82 120 74 27 54 120 75 31 96 77 126 9 21 83 111 92 13
    73 48 74 71 75 24 122 37 60 30 110 58 31 67 53 20 102 96 84 95 69 34
    24 69 86 90 35 93 90 66 0 79 98 48 40 63 96 76 83 71 37 127 68 10 57
    70 75 107 54 47 20 87 43 60 23 92 51 70 88 18 114 98 111 103 121 28
    64 94 55 16 70 60 38 121 108 25 119 10 127 72 16 5 68 5 15 104 90 12
    123 102 95 59 81 85 23 40 26 29 55 99 103 57 46 53 96 89 48 111 32
    44 39 115 21 69 102 110 115 103 12 91 33 57 117 36 127 99 98 61 67
    77 67 103 24 31 42 100 108 63 59 48 21 85 18 26 32 73 64 50 65 119
    40 60 68 54 67 78 11 54 0 34 4 49 79 74 106 108 78 57 15 41 62 51 26
    71 98 5 29 19 63 102 100 1 104 83 124 42 18 107 91 38 60 113 104 104
    100 47 84 31 100 50 43 13 117 15 38 29 28 122 61 100 8 125 99 118 4
    95 31 80 44 117 120 77 78 32 44 18 126 104 5 26 77 50 114 69 61 110
    79 72 103 5 51 3 87 106 62 98 31 86 46 108 29 86 39 112 40 14 2 125
    95 1 41 8 112 110 18 82 16 96 25 42 98 35 91 13 25 105 48 68 126 17
    117 32 4 49 120 42 120 109 77 82 42 34 18 7 71 27 67 3 45 83 5 80 75
    74 106 94 71 18 15 10 37 90 1 41 93 109 124 6 117 79 79 63 123 75 4
    18 1 92 87 40 126 54 50 15 89 24 37 35 5 125 86 78 84 66 42 115 82
    15 17 4 15 113 23 20 83 60 75 105 115 80 77 10 101 104 86 3 102 71
    60 81 2 23 27 125 3 96 93 119 74 66 8 30 98 5 7 83 100 48 75 44 74
    57 98 100 110 95 120 119 74 76 59 123 123 102 99 90 31 52 104 81 29
    87 52 127 100 107 33 40 96 22 125 107 59 38 102 8 122 72 44 0 7 89 9
    44 120 86 0 39 120 20 125 122 78 85 84 60 57 36 116 78 17 20 24 13 6
    30 73 89 125 93 64 5 51 14 127 9 110 110 24 109 3 123 20 41 112 38
    29 116 76 33 8 26 109 42 127 112 71 65 109 52 53 63 50 19 49 26 106
    117 21 25 73 104 86 119 70 109 127 63 86 69 79 107 86 70 88 72 46 17
    54 75 66 101 108 8 28 123 22 26 112 86 8 43 72 35 110 98 60 121 22
    40 49 7 43 54 98 109 105 91 45 22 99 57 86 42 88 26 27 60 29 19 122
    111 100 53 17 23 28 80 44 43 31 4 24 65 30 105 57 91 98 69 6 114 75
    33 67 62 4 110 39 90 36 71 114 121 71 9 99 87 108 25 100 92 100 13
    101 85 5 7 89 32 55 113 17 104 50 69 48 102 124 80 95 54 111 86 21
    78 126 62 122 116 74 76 44 65 56 10 5 21 103 58 29 77 2 9 66 45 92
    45 8 23 103 89 49 33 96 120 96 100 5 122 29 127 24 88 58 112 97 97
    50 0 22 69 6 48 121 43 13 30 70 121 98 46 88 52 115 124 103 22 20 10
    86 28 122 109 108 8 0 32 52 45 36 13 52 80 62 86 37 93 75 61 84 43
    51 33 70 92 98 17 123 73 64 121 33 57 45 99 57 124 51 7 50 68 119 44
    92 37 82 27 54 22 106 82 22 24 9 82 125 28 1 70 54 68 127 16 17 122
    55 89 110 55 13 2 55 14 64 17 55 117 83 92 9 81 12 105 118 124 67 55
    22 12 41 25 107 10 72 90 62 121 50 47 44 91 41 31 12 72 121 42 87 92
    115 40 122 121 33 124 112 82 4 13 2 82 124 33 47 16 84 64 38 41 71
    123 88 44 35 85 29 54 62 69 0 23 15 49 42 2 115 72 26 24 61 54 113
    89 92 35 77 0 57 67 16 2 26 47 68 61 108 41 76 66 42 104 23 25 96 88
    36 109 110 19 15 96 101 35 127 92 85 121 86 82 47 95 9 55 58 99 99
    38 15 8 23 100 56 61 65 76 48 69 62 12 106 125 31 0 59 118 6 21 58
    38 61 14 7 104 6 5 10 46 53 114 2 107 83 17 37 100 15 73 5 119 105
    124 63 26 112 95 116 94 95 42 121 121 120 0 24 107 12 97 113 74 67
    56 121 123 113 92 48 114 85 113 97 47 70 57 100 52 8 20 111 58 8 18
    10 67 86 127 123 108 66 76 19 51 109 51 5 101 114 28 115 24 66 64 53
    106 104 31 19 53 125 84 122 94 66 36 123 49 22 14 7 24 65 104 58 30
    61 47 9 46 68 33 38 5 74 0 60 101 84 41 123 66 75 107 85 121 31 43
    18 49 30 41 81 62 61 66 38 44 81 113 94 71 7 21 15 113 99 54 88 30
    94 35 118 4 79 56 11 98 83 114 40 56 41 85 75 113 40 70 35 67 10 58
    55 58 52 13 44 13 126 11 69 4 39 78 16 1 35 102 107 51 83 104 41 100
    30 111 64 51 50 12 31 49 73 113 37 96 107 97 95 4 86 72 40 49 19 49
    116 87 21 67 125 55 32 66 112 125 94 88 64 77 20 65 35 79 29 116 49
    9 38 31 55 37 87 75 77 26 87 79 40 24 102 67 95 70 105 56 76 25 70
    86 0 8 68 88 62 17 106 13 21 31 122 74 77 110 45 127 28 3 63 60 121
    32 1 20 19 60 35 117 88 107 78 115 36 14 119 35 36 75 103 52 37 47
    41 26 112 103 20 51 74 63 108 21 14 38 32 71 74 67 80 57 97 36 9 29
    2 98 22 32 110 88 67 96 75 82 85 96 23 107 114 13 20 58 35 102 99 99
    29 112 81 76 78 31 64 90 90 96 38 51 87 36 110 70 29 26 52 16 82 18
    104 99 101 10 57 72 112 10 45 72 109 19 59 102 51 56 62 126 24 21 90
    79 40 36 55 49 43 109 32 3 109 123 79 21 5 74 100 94 50 71 16 24 92
    41 51 49 15 17 37 63 116 86 115 105 64 117 87 24 111 44 73 61 46 5
    115 64 15 18 112 48 84 105 67 73 101 69 126 110 32 8 76 6 113 13 66
    18 38 70 3 92 111 115 6 87 127 127 112 101 92 4 11 6 37 90 81 51 52
    5 55 90 8 112 58 88 112 78 96 85 25 117 55 110 7 0 55 106 33 103 103
    77 17 91 15 116 27 37 52 87 70 33 70 35 13 27 24 38 70 116 37 127 61
    24 106 33 106 82 4 127 41 122 93 12 119 22 117 6 123 85 37 96 97 110
    11 105 0 2 19 82 126 42 19 23 120 68 116 68 123 92 114 9 12 100 15
    101 87 45 108 95 88 6 80 20 61 6 23 60 98 127 6 44 31 92 8 109 94 68
    70 92 44 79 43 16 113 11 84 39 39 78 8 52 84 24 105 27 124 120 37
    119 0 67 94 92 91 56 61 124 101 25 93 61 121 58 70 119 122 122 89
    121 119 58 98 113 17 41 22 48 10 64 46 21 105 94 42 9 92 5 48 121 88
    53 123 122 116 37 84 21 6 126 28 36 75 43 48 123 49 14 53 95 99 97
    100 74 47 52 119 75 124 51 93 6 59 61 64 17 57 64 6 113 38 10 86 112
    45 115 93 25 11 45 52 48 113 78 72 23 41 63 104 115 101 89 123 71
    112 79 71 71 51 109 3 92 55 101 40 121 23 41 77 50 96 35 68 121 29
    50 68 45 53 54 120 38 107 20 56 84 41 45 111 35 17 105 18 62 76 67
    97 6 2 10 89 118 82 42 88 27 70 12 66 45 88 13 95 96 74 15 11 104 30
    41 57 126 66 80 22 60 75 73 18 91 65 46 22 41 67 58 65 0 68 94 31
    120 12 87 37 107 49 2 97 110 126 57 30 111 62 67 117 40 16 28 110 66
    104 20 120 110 93 61 20 76 98 47 58 59 76 46 2 101 58 55 37 57 90 49
    14 127 30 65 1 33 84 49 36 42 63 104 44 127 70 15 25 28 86 45 111 92
    99 98 69 46 104 60 115 64 7 101 0 127 22 118 36 82 72 64 69 43 45 90
    61 118 76 58 77 75 48 18 17 103 29 60 58 8 1 68 77 112 106 44 42 124
    0 25 37 6 63 47 7 103 79 44 53 32 46 18 48 88 22 24 119 104 60 118
    103 103 6 11 85 47 111 57 8 126 14 103 109 18 121 83 26 14 75 62 39
    102 12 65 15 86 49 84 16 100 118 88 107 13 7 93 30 50 107 116 6 27
    73 65 107 93 77 103 64 49 111 11 87 0 108 113 107 102 125 77 73 50
    84 1 8 94 14 86 21 119 79 126 93 123 75 85 15 61 88 15 40 110 123 80
    46 41 33 80 60 55 54 39 55 111 115 59 1 37 53 118 6 51 22 20 97 22
    101 84 33 125 116 34 35 44 61 76 104 113 23 5 95 73 80 103 111 15 89
    103 122 48 15 47 30 112 20 61 74 47 126 113 124 48 73 124 116 2 1
    120 102 66 60 39 5 64 55 66 40 57 3 84 121 67 118 56 101 17 70 48 67
    123 54 4 58 91 57 91 8 113 19 55 52 42 29 107 108 91 93 64 89 79 68
    65 103 106 98 69 20 1 65 124 34 29 74 24 71 83 33 44 39 60 89 27 44
    118 68 2 40 85 57 95 73 100 7 60 121 100 97 40 16 107 69 101 17 110
    11 31 119 0 7 69 112 25 121 29 18 74 13 6 67 72 77 90 82 109 31 60
    42 103 100 97 96 103 21 34 106 93 52 61 16 30 107 115 97 99 70 53 26
    94 122 91 93 73 96 35 35 88 7 62 0 41 124 79 75 15 96 40 74 98 6 64
    24 49 63 123 4 110 22 6 68 47 109 5 65 19 0 24 122 38 98 81 52 51 7
    24 72 37 109 52 77 85 52 124 26 32 115 18 102 99 110 113 64 62 95 41
    41 80 6 56 11 36 39 13 113 84 32 95 13 44 0 59 103 108 24 39 22 9 20
    85 39 97 68 114 80 12 41 7 72 43 45 57 30 68 73 34 13 3 90 4 103 30
    91 74 29 104 99 29 107 36 8 73 49 124 55 59 115 74 73 106 48 25 125
    110 39 93 1 80 43 21 114 121 7 55 124 44 4 18 32 69 20 102 120 71 53
    58 116 105 89 22 107 55 21 32 48 8 17 114 46 102 114 82 58 43 29 107
    105 87 20 31 74 113 1 9 53 110 55 24 45 31 52 15 45 126 70 23 43 22
    93 100 122 98 46 108 22 10 67 40 38 32 13 10 39 48 41 38 101 39 24
    72 34 32 47 4 121 84 43 2 68 108 100 51 80 92 110 127 72 50 59 104 0
    103 58 50 22 46 48 74 119 3 115 91 90 55 64 27 65 94 16 96 79 98 127
    94 76 94 100 43 80 54 7 84 36 46 58 58 79 54 26 0 65 111 110 65 41
    29 69 110 44 74 0 51 84 75 117 24 21 3 119 103 31 114 112 24 85 41
    24 116 55 73 44 42 49 117 72 4 69 53 104 68 56 54 109 108 103 46 16
    40 44 107 63 20 90 34 103 19 68 30 74 0 0 82 34 23 93 51 81 96 45 67
    118 125 121 95 100 114 68 122 26 76 109 111 27 74 73 0 0 32 88 94 65
    109 25 86 94 85 16 54 48 31 76 4 39 48 23 29 85 22 107 110 13 106 41
    126 87 110 7 10 35 80 54 45 125 10 19 112 17 47 99 27 16 59 113 29
    11 125 117 106 52 59 48 34 68 25 84 12 108 20 115 107 77 72 62 6 97
    7 92 114 101 124 123 89 1 20 83 86 95 20 46 91 111 21 100 60 53 49
    64 87 2 116 32 111 126 55 55 58 122 125 16 105 80 33 82 105 16 95 91
    79 40 44 25 12 115 88 96 81 73 124 37 85 95 68 57 16 122 31 59 114
    100 29 19 31 64 98 48 74 101 35 18 4 61 96 81 126 59 36 44 78 106 87
    63 44 93 60 124 88 56 122 79 112 75 4 71 27 36 21 78 97 110 30 92 0
    118 73 25 43 98 85 72 90 104 24 102 79 88 102 45 43 109 28 55 76 99
    112 8 42 117 38 102 20 22 113 102 68 42 32 18 52 47 77 2 62 103 69
    50 95 39 65 123 23 66 7 26 103 79 87 113 100 105 57 83 122 10 1 50
    53 6 35 11 84 87 30 43 103 58 27 115 65 47 79 92 10 124 119 72 20 24
    61 71 7 17 54 28 101 3 28 66 91 50 76 83 76 42 115 9 108 32 8 24 126
    12 21 57 37 59 27 70 116 82 10 21 125 30 110 59 118 115 18 49 57 14
    65 82 54 33 89 102 57 67 5 113 14 92 44 57 44 24 96 8 116 72 126 67
    86 90 35 103 97 8 68 77 3 28 78 113 3 125 93 85 76 73 82 103 55 118
    60 124 14 84 0 86 80 41 35 11 53 70 107 6 19 64 83 24 117 125 33 46
    87 109 49 21 60 30 41 111 84 85 57 101 99 76 48 108 81 17 18 122 109
    69 100 18 85 19 119 39 16 118 14 104 26 13 111 14 84 83 53 80 99 100
    126 103 15 90 25 39 27 22 53 61 125 89 74 38 11 107 37 79 12 13 46
    53 3 48 48 51 79 3 24 92 94 5 81 29 15 83 4 8 95 103 101 17 87 115
    22 106 106 80 67 64 22 89 6 62 126 56 111 13 104 108 93 109 123 7
    104 55 109 13 73 0 42 40 25 94 65 93 118 76 88 15 112 58 33 104 61
    112 13 44 16 111 112 61 11 65 27 93 118 109 5 73 42 121 95 63 100 76
    64 100 29 114 31 100 94 68 54 32 49 75 121 39 41 69 110 88 44 87 34
    82 99 113 67 25 92 114 44 85 1 116 53 98 109 102 23 122 124 23 98 25
    12 69 87 1 4 120 0 81 43 79 8 99 24 13 51 58 84 42 27 89 12 1 15 54
    115 43 86 34 29 23 105 46 8 52 118 93 5 113 108 109 38 33 1 15 75 63
    79 109 86 26 53 103 77 108 8 72 59 87 11 81 43 111 93 19 2 38 76 54
    71 71 66 10 83 121 125 101 100 104 4 24 54 28 49 19 30 56 30 108 80
    64 19 49 14 27 36 30 68 101 100 17 32 2 39 102 73 10 76 0 90 9 75 91
    107 105 50 105 83 108 75 94 20 51 75 1 99 32 18 37 44 89 12 45 55 10
    95 113 86 27 52 120 83 69 86 3 100 89 76 29 104 44 98 14 72 43 3 86
    68 9 84 38 37 61 88 76 65 107 43 64 2 59 101 23 48 94 75 100 51 107
    121 86 76 23 84 77 72 9 44 90 49 34 31 98 82 106 34 111 69 31 107 82
    122 99 57 113 27 96 91 111 43 38 122 8 91 104 61 55 4 96 3 121 13 23
    3 16 71 42 76 97 97 99 32 33 84 27 61 111 42 116 18 6 126 33 91 72
    42 6 101 106 50 78 80 57 41 107 123 14 106 3 110 30 36 23 96 3 97 11
    14 127 90 0 25 100 119 2 38 117 90 36 123 47 66 45 31 63 23 88 51
    107 8 1 62 95 112 15 113 109 22 18 0 72 123 8 46 50 88 125 1 20 1
    116 10 73 69 34 11 48 57 87 123 60 64 38 96 67 18 7 69 66 24 18 105
    13 60 18 97 24 107 5 34 94 0 124 51 6 6 33 112 42 32 92 118 78 19
    105 99 39 126 59 103 12 28 64 107 98 111 26 11 114 9 59 27 77 125
    103 46 57 32 17 52 85 40 36 123 105 31 15 117 12 39 30 4 13 122 99
    45 126 56 29 48 84 61 89 35 30 54 4 11 56 107 69 68 14 84 72 94 9 91
    49 122 41 111 75 8 91 118 90 85 32 115 116 119 125 69 105 49 26 63
    54 119 0 106 122 60 107 81 97 111 3 27 73 25 44 68 98 14 124 21 95
    93 62 9 2 20 97 13 117 66 1 44 86 78 0 122 68 19 87 117 109 15 22
    122 108 73 113 89 41 14 23 18 51 77 51 42 98 18 37 21 13 68 24 77 80
    117 120 7 42 57 6 64 35 37 33 7 94 48 40 3 62 66 4 127 53 26 109 73
    15 70 60 86 109 13 5 95 0 16 4 9 48 49 42 88 94 88 94 24 34 34 42 57
    66 14 10 75 110 46 72 82 106 72 25 103 60 85 47 59 23 14 13 32 53 19
    4 125 43 38 3 67 36 11 104 44 49 124 60 13 79 55 48 64 20 53 13 15
    101 59 8 51 67 52 90 46 109 15 53 39 4 35 6 116 37 84 101 8 73 118
    60 125 13 23 59 83 17 53 47 120 111 81 94 76 18 106 37 125 16 51 19
    49 51 14 120 6 89 44 127 105 122 95 107 35 118 59 40 78 91 113 69 81
    126 67 87 98 123 24 38 95 81 101 22 0 22 112 102 31 96 59 6 98 94 20
    72 42 69 117 24 74 38 66 27 83 71 8 42 68 56 122 61 95 62 89 94 98
    109 76 38 4 25 102 117 94 7 78 117 73 111 50 97 47 56 107 126 86 107
    56 33 21 36 41 114 6 106 113 55 122 21 28 97 12 111 81 9 24 8 91 41
    41 75 37 79 46 5 88 16 8 51 8 7 34 8 13 113 124 38 92 29 79 69 113
    106 100 76 40 90 58 63 40 5 94 95 58 12 119 5 112 76 120 28 67 45
    112 18 69 73 49 23 26 27 113 54 58 72 110 2 60 105 79 27 9 110 16
    124 12 38 9 76 113 16 118 42 71 85 31 27 52 94 121 22 94 18 22 26 49
    7 0 53 64 67 66 108 49 93 15 104 92 18 51 8 64 68 114 55 3 108 19
    101 36 32 91 117 9 1 98 52 34 124 113 46 83 101 31 25 53 26 92 36 49
    89 66 105 14 90 11 1 32 70 123 45 49 16 114 49 77 122 50 75 18 108
    38 91 104 4 64 62 48 4 2 44 28 91 54 17 77 106 17 21 115 11 63 1 27
    88 113 9 70 119 43 39 30 95 57 59 54 77 9 81 26 64 109 77 121 83 46
    56 74 16 37 78 22 97 61 108 49 100 111 24 32 69 80 98 78 55 21 47 30
    9 60 23 52 97 58 55 34 8 4 63 104 87 103 75 76 36 10 104 63 28 115
    120 12 45 76 30 116 97 84 111 31 119 104 115 121 36 96 95 77 31 64
    91 2 61 12 5 124 99 62 89 101 114 81 66 100 47 82 29 18 11 70 88 92
    101 98 0 89 109 104 121 63 108 63 62 15 81 23 72 72 127 116 57 28
    115 60 118 30 59 78 125 27 91 113 53 14 85 2 25 93 72 64 24 121 98
    84 31 35 108 98 55 71 118 126 46 123 68 15 40 81 17 11 41 116 85 105
    117 13 66 39 20 116 89 79 99 123 17 109 53 9 54 73 57 72 0 126 21
    114 114 77 31 67 71 123 119 36 121 55 103 0 42 60 31 117 33 83 105
    124 95 101 35 27 121 46 73 82 32 30 108 74 78 118 61 72 115 70 81 40
    46 89 106 56 118 25 11 126 4 80 43 52 39 116 38 118 20 85 104 40 123
    71 78 1 91 61 72 108 104 11 87 27 80 39 58 78 46 72 125 110 113 80 1
    20 10 18 78 29 15 108 99 64 114 58 26 5 86 115 113 58 54 11 34 100
    16 87 78 3 72 124 64 64 104 13 47 107 43 31 108 49 109 77 25 27 92
    77 91 77 80 4 11 75 77 2 110 57 14 32 26 95 62 21 9 2 105 122 45 108
    84 49 31 73 100 70 20 46 123 12 41 75 112 22 98 59 86 53 39 96 86 63
    8 22 18 37 52 80 34 17 1 67 103 77 75 2 5 76 83 121 57 103 27 3 78
    84 97 29 30 116 60 28 96 4 68 110 91 117 92 125 85 42 34 55 63 39
    102 107 86 88 121 102 45 63 54 99 92 2 85 47 35 70 21 78 103 10 23
    27 111 95 28 28 66 83 76 2 4 103 78 31 124 20 29 76 66 70 10 125 6
    73 31 100 105 103 76 69 126 15 8 0 8 29 5 115 117 61 62 126 38 107
    89 53 74 107 51 82 86 41 40 57 13 38 106 20 67 99 29 56 81 77 127 28
    118 6 89 64 51 22 121 65 47 114 99 123 120 38 30 89 39 122 92 84 103
    113 126 106 97 61 41 103 68 102 47 70 73 69 49 50 93 60 112 49 121
    32 119 25 116 57 13 114 45 6 80 123 108 100 1 107 22 68 61 37 99 52
    6 32 6 61 76 100 7 88 109 122 39 39 103 101 68 126 47 18 6 23 14 5
    68 59 16 49 98 8 103 2 5 53 114 32 26 110 60 38 37 8 4 27 18 68 43
    59 10 105 72 8 54 86 106 68 4 111 85 12 111 82 30 43 77 114 87 70 7
    1 50 15 57 102 127 12 4 58 69 48 95 83 67 12 63 126 15 68 64 99 31
    104 115 51 49 48 66 45 77 53 121 127 127 97 83 105 93 99 89 20 48 5
    62 107 125 107 47 88 73 90 82 105 105 58 110 92 71 16 121 55 63 67
    37 80 27 125 71 11 54 23 87 113 68 13 108 77 31 17 26 93 27 0 88 70
    73 22 58 30 116 114 48 25 33 76 89 45 118 26 75 54 98 29 4 118 20
    114 32 101 56 2 65 27 32 82 58 103 39 37 41 57 49 101 77 35 74 23 74
    24 118 16 38 67 78 71 67 109 9 74 80 66 67 76 20 48 18 50 16 44 100
    82 94 63 63 25 100 123 87 60 110 36 104 38 48 44 111 39 40 97 28 9 1
    112 20 68 94 89 3 116 88 27 89 85 92 68 7 87 59 5 64 41 28 29 38 117
    0 97 72 117 61 5 13 95 10 115 70 24 35 39 18 94 38 79 127 87 115 73
    40 3 47 40 115 81 65 65 124 70 4 59 45 32 56 45 108 110 38 6 83 88
    120 95 41 78 113 19 101 70 127 9 63 8 26 38 71 3 11 40 31 19 112 91
    55 127 96 127 119 69 121 91 24 102 21 116 115 102 109 12 68 23 112
    126 80 99 42 38 123 86 9 109 50 122 76 74 3 72 123 55 48 40 69 97 30
    108 87 37 70 30 64 105 107 48 38 84 55 72 105 39 53 61 77 83 1 68 37
    127 45 123 76 28 80 103 127 67 93 68 96 16 98 27 92 93 98 105 93 33
    37 14 45 35 111 29 48 63 60 110 53 50 118 100 111 61 117 69 36 10 96
    49 33 24 99 51 94 41 83 109 7 1 86 12 60 98 53 1 99 101 77 14 84 103
    118 48 102 87 65 56 29 66 68 20 38 61 61 95 45 113 92 119 23 91 74
    61 40 47 10 126 117 50 14 37 92 23 54 96 31 12 107 2 0 93 112 12 43
    33 9 35 89 92 10 21 4 13 53 57 111 123 35 22 71 123 9 50 38 37 45
    114 21 62 55 102 105 90 41 101 98 123 64 34 12 33 15 119 84 55 87
    127 21 122 13 38 93 58 127 13 113 56 88 10 77 32 94 68 56 94 71 90
    105 14 74 82 93 45 11 26 90 49 119 9 120 34 33 106 47 48 81 63 34 15
    74 96 76 45 4 127 63 108 102 105 89 104 91 46 111 81 63 70 118 36
    115 75 93 70 66 6 0 39 43 50 19 103 82 74 67 106 3 56 6 1 26 116 44
    10 57 20 88 117 20 33 120 1 37 63 4 76 109 31 31 50 1 82 26 59 9 88
    54 84 89 99 4 60 9 25 68 8 28 104 14 101 123 9 60 125 113 23 103 124
    9 31 37 12 17 15 109 41 66 70 57 36 11 95 118 32 58 103 59 107 38 45
    53 54 105 92 123 127 102 38 123 11 79 5 20 113 4 103 104 10 126 45
    100 60 12 53 27 106 68 7 56 70 33 8 115 71 100 58 90 2 64 75 81 32
    97 127 106 59 105 20 110 18 96 104 39 120 15 8 20 85 15 48 77 96 10
    66 76 1 4 50 16 47 57 0 84 70 95 100 8 52 5 73 5 99 28 77 38 29 21
    40 95 31 16 79 72 10 84 90 112 21 83 64 36 19 94 103 47 53 81 118 86
    28 57 41 32 85 22 115 101 91 32 61 115 115 48 40 37 123 78 122 62 7
    122 67 38 46 111 89 121 61 71 6 97 16 64 26 78 111 33 37 40 96 33 29
    32 1 40 53 100 45 117 60 4 94 123 11 87 52 73 106 120 47 87 1 89 81
    47 104 12 96 2 28 57 7 61 97 7 93 121 1 31 91 92 59 27 73 3 0 60 72
    60 87 81 3 45 32 107 19 18 126 65 3 97 43 100 25 72 122 104 2 80 41
    12 61 91 10 25 63 53 47 56 72 126 89 92 95 108 58 97 77 63 112 12
    121 113 79 69 73 39 79 31 41 25 76 72 97 120 120 104 15 39 93 60 22
    7 113 61 21 117 27 101 74 29 106 16 44 106 112 74 97 89 4 5 105 114
    75 81 82 3 107 117 100 97 71 36 95 56 113 5 122 46 68 10 93 55 20 23
    8 57 65 80 43 113 70 8 40 78 61 0 110 33 29 110 7 24 127 14 63 66
    117 37 59 38 67 50 89 95 95 36 45 67 62 95 79 26 102 61 122 39 27
    109 66 87 26 60 4 93 82 13 12 16 122 19 81 123 6 60 123 12 16 90 18
    55 36 127 49 119 48 30 126 89 123 102 80 65 50 109 9 50 22 69 57 40
    87 112 52 89 41 30 27 46 38 8 77 73 104 82 57 92 22 87 123 101 26
    116 119 61 4 106 48 89 75 38 44 7 9 124 122 69 27 21 61 117 61 87 98
    113 106 4 99 115 61 56 109 33 94 25 12 24 23 105 84 12 65 44 111 18
    52 81 27 112 5 62 123 44 16 21 111 13 64 33 100 34 12 121 17 3 118
    47 104 104 97 98 65 123 77 89 8 72 24 87 38 53 13 59 107 92 96 39
    122 56 58 32 16 29 0 34 30 52 115 91 83 75 53 122 67 101 77 49 45
    101 96 123 71 43 116 107 107 52 100 60 21 46 52 19 32 114 22 87 41
    40 56 19 50 9 101 25 116 40 14 83 33 27 94 37 24 26 89 1 117 51 55
    82 81 30 121 50 21 124 74 50 56 35 84 36 79 82 20 17 41 100 76 42 67
    79 12 64 80 50 121 39 10 2 79 91 13 116 111 72 14 81 123 31 12 125
    11 88 50 109 119 11 41 45 65 102 50 39 56 24 126 119 125 65 22 1 113
    117 34 108 61 35 81 12 121 81 79 54 57 28 89 77 78 111 72 126 112 83
    96 82 16 40 58 27 4 119 26 107 111 71 36 79 21 22 9 63 19 112 31 41
    62 40 21 83 118 125 39 63 67 53 39 67 0 7 9 42 59 20 82 73 50 62 85
    28 111 15 119 60 52 68 27 46 127 104 49 9 49 3 83 25 45 82 116 24
    105 31 71 39 109 64 26 21 20 112 12 105 35 18 88 38 123 31 61 111 99
    82 84 35 114 121 57 105 2 17 34 77 70 80 34 7 16 124 13 22 61 61 45
    62 108 51 125 89 96 44 70 105 127 77 78 7 41 6 43 45 66 67 65 96 113
    80 59 91 53 56 96 66 18 94 2 10 84 100 69 87 2 90 8 6 65 81 18 3 83
    59 78 126 67 109 24 89 97 93 46 101 66 15 81 39 29 77 62 17 20 47 36
    120 2 100 98 55 67 26 4 105 72 41 89 22 55 65 83 123 8 91 91 18 94
    118 85 97 66 38 63 110 15 23 4 116 14 126 72 57 71 6 12 125 3 30 29
    51 10 35 93 6 26 62 105 27 37 100 51 122 109 22 31 20 127 51 100 2
    32 107 55 27 62 106 109 16 47 41 4 118 46 6 54 110 101 126 20 91 11
    68 22 121 40 3 86 23 5 118 115 37 115 37 7 72 94 61 6 10 106 78 16
    58 1 26 123 110 76 97 6 4 105 30 87 74 33 38 13 2 73 91 20 78 8 92
    40 25 123 111 126 123 118 12 83 100 4 101 49 47 28 119 99 11 94 9 80
    87 18 19 18 120 18 120 42 41 69 3 113 126 26 123 97 14 107 93 61 89
    43 43 127 60 105 88 77 90 67 105 87 32 65 0 77 57 64 43 68 71 89 62
    101 38 107 91 52 42 126 54 22 46 55 61 54 83 93 69 36 59 122 82 86 2
    100 42 41 96 24 58 55 75 119 112 24 80 26 10 48 9 78 66 123 23 86 13
    16 4 52 31 52 18 42 7 4 16 62 55 15 97 44 1 113 9 58 44 30 118 89
    120 53 99 118 73 55 8 14 126 125 28 50 69 98 20 71 70 4 101 17 18 17
    65 101 37 33 62 115 88 90 55 14 30 26 30 99 7 21 13 11 89 108 31 0
    125 65 21 98 60 96 64 20 18 83 28 93 27 26 126 48 56 75 66 57 115 99
    119 81 88 115 23 37 4 43 73 119 54 64 115 69 64 111 121 121 112 39
    51 38 40 69 109 12 36 97 5 36 31 87 84 126 51 6 61 72 1 120 12 38 30
    21 99 52 56 36 34 101 121 39 104 4 92 36 78 64 49 51 88 109 59 23 90
    85 21 99 59 22 0 103 23 20 88 60 110 64 69 63 25 110 54 24 9 58 108
    93 102 38 2 70 27 109 87 127 126 76 73 64 60 66 61 91 14 14 111 57
    50 98 50 19 80 30 30 51 65 84 102 126 56 113 69 105 22 33 85 15 91
    40 84 48 30 54 77 70 126 86 95 80 57 111 86 31 23 92 43 44 61 77 123
    60 127 62 94 29 40 45 18 92 92 36 81 108 60 3 36 8 113 70 39 56 61
    122 118 55 3 86 14 4 84 39 89 46 83 101 76 91 59 28 91 60 18 14 57
    42 79 56 32 87 23 122 112 31 107 64 93 99 3 117 0 64 9 45 14 102 71
    89 96 49 127 110 58 83 72 47 69 67 33 12 28 103 64 102 41 70 47 36
    55 110 108 103 13 118 41 40 39 106 63 41 82 118 14 49 26 122 127 61
    94 31 93 112 63 127 95 60 15 44 8 66 8 23 25 14 99 20 54 62 33 51 85
    115 29 100 94 11 92 52 102 78 89 19 62 118 1 107 40 52 106 124 15 15
    27 12 99 75 9 65 73 113 30 35 84 67 7 2 81 30 45 37 27 57 3 82 105
    26 25 113 31 54 61 76 104 12 32 36 94 1 70 60 96 56 59 18 27 18 48
    60 2 89 79 27 60 61 23 40 119 90 4 127 96 35 126 119 21 45 108 83
    124 38 52 0 27 8 81 27 118 37 64 15 47 45 33 11 7 45 59 117 4 92 66
    20 2 31 5 16 22 32 38 14 119 44 94 66 59 100 50 101 55 101 32 58 34
    107 96 123 88 77 18 78 83 52 66 51 51 1 21 93 115 75 97 116 113 77
    11 4 48 28 41 0 112 65 112 49 46 14 54 19 36 43 45 55 46 92 34 6 95
    28 114 46 45 121 15 28 126 127 47 40 122 41 23 76 30 69 33 30 43 52
    51 30 76 124 44 104 107 1 107 26 9 119 70 38 26 40 113 46 72 120 109
    70 126 95 97 110 116 68 91 30 2 78 32 85 111 13 125 68 27 115 31 82
    88 65 35 106 17 95 112 107 52 56 71 33 42 101 50 75 74 9 52 84 7 30
    19 76 90 117 87 92 116 15 88 118 27 64 88 6 78 92 69 116 36 113 66
    97 49 110 113 44 54 9 61 92 19 35 7 20 96 102 71 9 56 127 113 116 92
    105 59 91 30 27 82 90 72 124 48 10 96 71 103 0 43 26 123 97 51 110
    20 35 85 112 52 123 77 111 67 8 57 65 103 123 5 23 72 13 13 28 61 96
    98 95 76 117 119 70 75 105 107 113 107 32 1 111 44 109 24 39 121 14
    118 3 83 5 6 102 71 3 25 60 6 96 120 31 4 5 100 15 119 43 15 88 96 8
    30 14 126 64 10 17 26 44 87 58 29 31 1 20 97 87 127 5 68 73 91 84 23
    52 73 88 76 18 74 0 104 2 119 62 29 41 37 110 102 25 70 112 50 99 24
    117 68 33 84 25 92 88 29 44 0 109 0 15 25 114 68 11 28 110 36 118 37
    90 0 24 74 22 92 40 20 75 106 68 66 91 63 77 33 31 86 44 44 0 32 26
    102 14 31 59 39 43 92 120 78 30 101 29 70 21 71 12 122 81 92 28 35
    117 42 25 52 98 51 108 81 74 47 60 77 80 40 31 13 84 66 4 121 101 29
    56 86 103 30 18 55 39 59 107 63 61 20 21 47 65 41 127 32 90 111 20
    112 120 100 55 35 32 1 56 50 91 126 69 8 13 112 39 41 105 106 74 96
    98 41 0 62 45 73 77 25 14 101 4 109 15 27 61 51 19 105 94 56 86 7 79
    44 104 71 91 33 116 41 62 73 55 87 127 76 71 90 16 98 96 105 53 40
    124 120 10 8 37 18 88 23 123 84 1 2 109 73 110 60 48 78 125 100 87
    12 62 49 45 51 46 76 45 102 66 4 78 54 95 127 55 123 44 112 77 45 61
    71 52 111 88 113 85 119 87 90 127 22 56 76 43 75 17 47 69 119 97 42
    76 96 59 93 23 103 46 105 43 40 109 46 42 99 4 42 50 124 19 108 123
    5 119 107 107 10 83 41 17 3 113 8 83 17 50 60 29 43 18 6 3 79 100 54
    101 121 21 79 109 66 126 82 116 114 61 75 16 54 102 100 8 22 127 96
    0 34 113 37 24 8 118 18 103 77 65 97 59 106 110 69 28 125 89 16 15
    16 56 104 39 97 72 25 83 49 96 43 117 24 107 59 37 115 76 95 119 68
    66 103 54 44 17 72 100 49 76 6 88 20 18 8 47 8 35 55 80 88 63 25 84
    76 21 14 95 58 51 92 115 31 33 14 117 90 0 40 73 16 84 45 89 62 4 77
    39 35 30 103 121 120 95 58 106 12 106 71 59 12 80 104 60 86 33 46 16
    14 19 38 13 65 123 48 99 70 106 32 76 67 13 104 7 37 91 32 125 117
    37 127 10 15 87 49 26 58 121 118 25 97 114 51 31 91 15 0 120 73 44
    51 69 97 17 66 44 16 24 102 74 9 54 39 44 54 29 27 75 49 35 26 73 71
    125 38 14 57 115 111 84 64 38 74 52 87 31 3 24 28 70 87 86 3 9 55 78
    59 16 76 27 119 84 115 63 121 22 63 18 78 105 23 76 56 5 3 24 29 50
    85 27 89 12 83 44 62 83 105 58 41 76 57 95 117 42 57 48 120 29 74 91
    97 45 50 107 22 84 21 51 37 40 8 67 103 53 45 85 8 11 69 46 63 101
    12 2 96 118 35 45 82 113 107 75 49 39 121 125 84 110 52 40 82 16 97
    38 39 26 124 122 94 63 67 36 116 18 42 7 0 52 125 26 0 21 41 24 16
    89 9 21 109 119 98 72 76 98 98 38 6 12 114 66 1 27 82 79 26 14 121
    100 49 69 5 105 18 26 16 1 46 77 76 32 111 92 77 85 18 19 99 38 73
    69 105 122 101 56 57 27 38 46 77 50 87 40 34 71 46 109 31 99 82 120
    21 7 42 98 48 50 89 34 69 92 6 61 51 97 88 2 14 74 68 83 93 6 61 75
    54 74 22 0 108 56 113 119 33 26 25 26 55 96 85 53 111 37 48 68 49
    127 3 59 31 66 34 98 112 50 113 64 1 106 89 106 125 64 53 8 62 6 63
    26 123 115 20 7 4 33 45 97 126 11 20 24 55 113 120 115 7 18 95 82 72
    100 50 63 7 71 14 3 97 110 13 90 33 59 89 124 10 6 122 89 62 12 118
    116 25 119 17 116 62 32 80 66 5 22 8 127 78 90 20 112 80 27 71 41 45
    79 3 94 44 31 16 1 55 52 46 109 57 48 16 73 33 14 124 62 116 108 21
    63 109 117 59 45 51 115 13 80 47 39 43 102 100 46 4 45 57 108 27 96
    111 69 59 20 114 77 79 100 115 37 53 46 8 61 79 124 13 30 74 13 54
    67 121 117 54 27 25 2 126 1 58 117 28 114 53 64 70 2 122 120 120 43
    117 78 34 35 113 108 83 70 16 91 19 76 106 121 26 34 13 82 93 30 123
    5 119 76 125 52 123 34 21 81 42 120 121 96 110 29 91 116 30 17 49 33
    68 11 18 29 86 34 41 8 35 103 57 25 110 32 71 1 74 72 85 55 4 127 14
    109 53 6 42 7 51 27 41 35 108 102 82 60 27 25 28 44 105 96 22 84 12
    49 106 63 57 41 29 64 8 59 81 56 7 39 82 71 111 52 117 117 21 107 38
    58 99 110 127 118 45 50 112 100 10 89 27 6 74 58 46 25 95 20 32 24
    108 9 110 124 46 47 106 119 85 41 92 100 17 65 26 40 105 21 126 53
    79 36 65 79 95 46 52 22 71 25 80 70 33 126 104 83 98 81 37 118 49 20
    111 10 118 69 116 100 61 91 43 87 93 123 2 22 106 94 56 26 75 58 68
    80 110 18 55 27 29 63 96 98 13 74 104 32 55 87 28 106 68 91 71 126
    98 104 87 113 72 90 90 90 124 64 68 47 31 18 19 102 22 87 5 36 21 46
    122 62 34 85 76 4 103 109 92 1 22 80 64 37 80 89 9 40 19 39 13 26 47
    6 69 116 33 24 107 103 112 123 94 82 84 83 19 39 41 74 7 104 4 66
    115 54 91 13 102 109 65 122 11 58 55 126 1 126 125 94 85 66 27 127
    38 59 100 59 114 3 25 64 1 3 117 47 89 76 71 64 97 83 9 102 93 23 29
    116 91 82 46 36 65 87 43 98 87 97 54 76 19 116 48 57 101 116 18 12
    13 49 17 6 75 107 8 30 61 43 69 127 3 95 14 22 122 53 22 99 50 66
    114 105 69 78 65 4 57 15 63 17 114 20 125 15 26 20 95 35 75 47 58 42
    79 5 110 21 64 52 57 103 56 127 25 70 118 71 50 8 64 123 34 31 101
    73 53 105 100 59 39 112 41 119 66 31 78 69 11 22 20 45 101 34 89 96
    96 37 86 54 76 123 127 0 29 115 91 31 82 122 98 35 92 10 97 82 85 64
    65 63 64 124 17 3 40 27 0 88 25 95 5 62 118 71 48 69 46 47 5 34 90
    40 93 123 126 37 52 106 124 78 126 95 55 3 111 29 7 2 52 4 24 30 20
    43 88 18 12 80 90 25 85 6 86 80 29 52 107 104 54 26 98 121 48 57 5 8
    3 17 119 94 31 48 90 93 59 58 94 115 96 64 99 118 27 126 124 31 119
    34 48 127 39 117 38 120 40 103 57 41 0 6 52 55 35 59 116 105 8 9 10
    61 5 89 60 31 13 117 10 87 74 77 91 26 58 35 51 19 37 21 16 120 21
    109 7 7 59 103 98 106 52 104 26 3 63 43 28 15 56 104 13 124 119 67
    116 32 25 45 87 72 87 106 69 22 3 47 27 70 39 15 53 2 55 48 81 2 112
    107 25 38 44 13 122 114 112 68 71 92 21 13 88 34 0 56 120 105 34 47
    71 6 46 103 120 8 58 35 36 13 70 56 42 14 118 8 24 104 31 18 83 33
    101 92 79 80 91 27 81 36 38 7 10 48 80 37 54 124 75 37 126 71 117 98
    23 51 57 77 61 21 119 42 112 112 72 4 84 66 45 127 48 79 67 96 28 48
    53 99 80 17 12 116 83 48 20 7 6 22 15 83 115 34 37 45 126 77 58 79
    107 25 39 110 69 41 41 80 46 115 15 23 108 57 4 50 7 102 32 10 76 98
    72 78 79 28 93 103 104 41 117 8 8 79 10 116 13 120 71 114 81 11 110
    51 117 107 105 64 3 77 8 105 65 99 123 10 83 65 49 24 118 121 29 86
    45 49 27 15 126 55 95 113 52 123 12 93 103 14 49 99 14 8 66 42 37 33
    116 78 42 41 35 116 78 121 6 91 3 111 75 10 36 37 52 119 76 27 63 23
    60 79 36 105 108 44 94 92 22 58 27 76 110 19 84 22 105 91 125 82 98
    85 98 45 69 21 120 15 43 3 109 1 35 5 13 53 85 104 83 26 89 127 24
    52 20 87 85 124 112 64 120 13 122 124 16 124 49 48 126 74 100 87 65
    84 74 25 127 90 104 100 41 28 121 40 81 31 106 68 54 1 108 10 8 45
    86 65 106 43 92 118 16 122 8 57 122 90 91 127 92 48 21 79 76 33 94
    33 110 104 115 4 64 18 4 86 124 52 21 13 79 112 49 70 7 89 48 107 55
    67 60 5 99 65 88 110 118 4 99 70 120 33 89 47 55 18 109 104 37 90 93
    48 85 94 17 9 86 41 30 2 93 62 64 119 65 119 94 15 103 64 22 25 21
    125 84 98 101 120 74 56 121 38 76 83 119 96 60 80 51 74 53 87 14 80
    116 73 100 67 53 22 46 80 45 5 100 6 89 112 9 54 16 78 27 70 49 116
    60 105 55 30 36 109 78 73 127 121 28 42 86 124 111 98 13 69 34 89 21
    22 55 99 70 110 112 120 49 75 121 7 51 63 43 82 51 12 36 66 115 17
    14 16 97 117 115 85 121 47 88 108 31 126 62 43 78 44 109 12 39 64 3
    86 35 30 58 105 55 41 36 91 87 65 30 2 42 112 112 83 1 22 86 47 88
    43 90 36 98 5 120 99 68 21 31 56 21 43 83 9 22 113 50 1 71 74 46 108
    88 50 74 50 85 69 32 6 106 101 66 85 84 12 114 46 16 60 100 116 59
    50 67 113 84 101 70 48 31 104 62 122 13 84 33 68 61 95 89 107 12 23
    98 16 115 87 126 29 25 25 31 32 51 15 125 101 95 101 123 73 25 123 2
    24 39 91 78 6 127 75 82 13 78 35 68 123 27 71 62 19 56 113 64 34 120
    45 112 22 40 60 99 115 97 17 116 91 114 50 38 87 18 118 10 124 49 94
    88 4 125 44 10 18 12 72 69 82 8 71 3 110 1 17 46 104 84 120 4 74 50
    60 21 37 116 46 2 4 62 64 97 64 31 20 74 2 73 109 59 123 39 116 69
    33 2 79 60 52 103 51 120 127 74 87 64 60 71 95 105 53 77 59 120 76
    30 55 0 13 107 37 92 6 90 105 52 34 52 95 28 117 9 46 96 123 99 116
    123 46 125 9 86 23 54 39 43 107 46 42 64 109 97 125 101 59 86 76 104
    123 107 118 49 76 93 103 91 17 82 100 82 15 93 26 52 71 1 27 126 67
    23 62 0 23 80 51 83 110 60 22 103 83 104 78 123 36 116 34 110 75 64
    77 9 8 41 35 34 53 91 108 111 41 19 38 49 113 122 41 51 51 91 67 33
    56 36 66 3 119 15 32 3 124 82 78 81 67 79 29 104 114 34 29 31 64 81
    74 107 65 122 63 61 48 38 112 20 69 105 49 25 83 46 16 108 87 84 7
    20 103 44 59 67 25 60 66 125 52 42 77 65 8 33 56 28 116 83 120 69 16
    23 100 117 20 92 83 95 94 45 64 35 22 28 77 109 107 33 121 41 119 14
    124 115 5 96 17 125 28 26 53 36 66 38 87 121 119 30 50 28 63 91 80
    52 56 123 123 12 102 96 125 52 49 109 24 116 72 126 118 87 82 75 63
    7 59 62 74 98 66 88 8 62 77 104 40 91 52 126 85 79 123 18 119 35 34
    19 82 61 98 53 2 29 31 122 107 71 54 75 5 94 81 109 114 81 101 32 91
    90 40 5 12 102 10 35 14 45 120 88 86 8 7 55 83 26 24 63 123 61 13 14
    75 35 21 4 125 76 16 108 122 76 112 121 95 91 116 59 29 124 32 77
    123 32 15 39 48 7 105 34 77 94 104 50 116 7 126 117 99 93 105 95 65
    116 89 28 118 92 120 35 54 108 1 81 92 75 55 125 110 16 0 119 43 97
    12 23 116 15 11 108 113 74 1 21 8 65 11 0 101 71 12 49 109 98 125 69
    10 5 94 106 81 14 74 7 35 110 53 35 105 21 46 47 13 108 15 73 92 68
    123 91 121 116 93 120 95 13 92 55 73 57 89 10 101 11 110 28 12 46 56
    91 72 53 7 17 90 11 12 46 53 67 38 51 42 81 92 127 33 74 27 40 100
    32 96 1 24 123 109 108 87 95 108 59 10 125 121 126 106 42 0 55 27 90
    72 126 22 57 39 120 5 111 72 84 85 86 29 110 4 25 79 60 65 104 88 0
    20 118 100 59 75 20 10 63 50 120 120 97 40 7 27 39 96 76 5 41 24 44
    32 106 103 108 49 46 4 31 25 76 102 50 61 100 88 60 116 53 27 48 92
    5 126 72 43 20 127 2 10 111 41 84 74 111 39 38 88 31 12 85 8 3 60 30
    21 58 75 7 7 31 95 33 96 30 57 89 60 58 40 81 5 12 19 92 58 74 37 96
    89 71 10 22 62 35 33 127 79 21 41 22 17 123 71 83 25 44 64 96 52 24
    74 73 21 47 22 8 124 16 112 22 11 28 77 12 41 41 119 35 87 7 101 125
    4 125 99 81 82 121 76 74 122 31 47 52 88 105 76 75 83 52 124 92 58
    79 7 59 3 16 2 94 87 77 19 88 106 35 13 47 101 24 10 117 76 101 1 32
    94 77 12 69 13 88 54 96 4 23 81 76 13 106 89 67 122 62 54 98 52 29
    115 115 57 107 116 40 84 118 44 74 39 57 1 58 75 64 49 15 41 17 53
    39 3 46 40 14 42 50 27 125 69 70 52 34 21 18 31 43 48 15 12 81 88
    111 42 95 38 70 41 108 110 110 50 114 15 58 35 78 71 52 116 17 29 74
    27 17 87 87 28 113 90 8 126 57 14 55 120 40 101 105 101 55 38 90 35
    108 117 50 1 63 34 15 88 70 6 45 97 47 72 82 28 109 121 14 69 4 31 6
    50 49 20 5 100 115 59 56 50 81 27 40 63 2 82 121 49 37 25 99 11 53
    95 78 47 15 91 68 26 27 85 69 98 92 121 60 89 35 7 17 14 42 81 96 67
    94 4 28 29 67 34 65 20 82 57 53 63 99 67 103 121 14 29 69 25 90 87
    114 48 15 111 24 3 19 103 18 34 60 116 116 17 53 30 74 24 76 33 44
    39 48 29 93 56 118 71 103 47 77 108 42 8 49 29 21 89 63 86 74 42 56
    12 65 127 27 111 47 62 120 32 43 93 10 6 19 75 0 120 20 112 20 107
    82 60 33 86 14 52 114 3 125 42 46 0 119 77 119 31 15 113 65 86 37 21
    0 88 22 22 68 37 10 107 24 11 22 61 36 48 8 108 50 77 62 40 2 10 17
    83 95 120 13 104 109 35 2 112 20 7 39 22 27 126 113 45 54 42 10 65
    105 104 56 10 127 116 80 50 63 120 9 113 21 39 79 22 53 33 74 0 62
    85 60 21 14 50 14 83 49 74 68 82 53 74 113 47 74 60 12 17 4 125 56
    112 120 29 19 33 60 13 127 28 105 30 16 110 91 32 46 120 66 41 66
    100 23 97 115 58 21 77 70 66 126 98 25 111 10 72 122 49 9 77 11 96
    123 47 109 124 99 92 94 23 0 45 65 32 69 38 59 28 79 82 20 50 112 47
    36 12 79 19 48 113 33 94 15 87 29 9 98 108 122 40 23 117 84 49 47 72
    29 87 89 93 72 8 35 78 106 80 80 61 3 112 72 94 51 87 120 25 37 115
    2 62 100 49 114 86 43 80 82 3 100 101 34 99 109 82 16 40 126 19 69
    66 125 14 106 34 53 92 120 27 82 125 116 104 71 56 38 35 116 52 82
    79 65 121 114 27 97 39 126 73 93 16 114 7 68 58 70 31 67 6 55 31 118
    36 57 98 29 106 113 119 55 91 122 77 98 98 107 61 29 71 80 44 66 109
    38 54 96 63 77 69 28 56 46 19 111 4 80 34 24 28 66 127 105 53 60 86
    3 94 60 127 14 57 100 79 102 119 32 68 117 41 41 105 108 124 27 86
    99 46 108 66 123 66 88 52 67 58 114 115 47 74 107 64 14 8 54 87 57
    30 40 72 53 86 127 4 122 106 33 92 87 79 93 114 32 67 102 7 31 86
    104 110 119 22 1 61 69 112 71 89 116 109 41 114 28 68 50 79 34 17 6
    86 82 31 7 41 19 28 125 83 53 5 102 65 13 105 77 20 41 121 100 26
    102 28 69 80 108 26 5 118 28 59 87 53 58 78 76 20 84 9 8 13 51 125
    107 15 99 114 27 17 64 83 27 102 52 10 112 104 4 63 34 51 54 12 42
    86 121 51 111 71 111 53 98 34 103 67 99 103 112 67 84 62 52 49 54 51
    91 74 51 78 12 107 2 91 1 18 29 19 89 24 76 18 74 22 33 9 69 60 93
    100 118 94 126 5 18 32 7 92 61 26 113 106 31 110 4 29 69 105 108 2
    100 28 98 46 34 21 106 82 61 33 92 96 116 17 25 75 74 35 56 46 60 49
    123 45 108 19 113 7 115 33 78 56 4 97 82 48 19 41 113 49 55 111 44
    49 6 119 62 34 19 99 119 26 125 8 47 113 77 47 40 102 78 7 45 46 77
    98 40 18 9 99 39 27 94 69 74 38 33 12 45 121 69 79 102 23 59 58 63
    70 89 48 87 119 118 69 114 21 96 125 74 57 72 86 109 124 117 47 101
    88 56 5 102 65 99 70 55 49 112 11 46 124 10 80 85 123 42 43 120 70
    101 83 35 28 21 51 3 4 49 0 122 28 20 90 102 84 51 29 90 7 29 32 11
    94 67 105 108 33 12 103 59 98 13 124 63 60 21 108 8 103 36 20 88 33
    43 93 5 76 26 39 73 116 87 103 52 106 69 87 52 71 27 67 63 68 61 60
    111 95 121 28 90 34 50 108 13 24 28 89 123 87 58 26 80 22 29 110 51
    32 127 37 15 12 59 96 23 103 42 105 119 111 0 10 85 29 95 48 121 9
    46 124 20 105 83 8 2 79 56 73 31 62 3 49 28 61 117 99 9 48 70 69 56
    92 22 64 76 103 3 18 107 21 28 111 15 43 77 46 59 51 31 100 16 55 19
    107 97 48 95 44 124 93 115 32 106 79 106 4 115 4 30 117 108 109 75
    79 54 30 105 67 90 73 42 116 55 50 9 103 63 21 114 46 114 110 51 17
    21 107 80 95 81 2 98 26 71 65 104 39 38 29 13 114 77 59 12 0 102 42
    35 122 114 123 28 61 106 60 9 83 20 106 100 103 80 95 99 47 80 90 81
    78 95 120 112 17 56 118 96 28 57 12 45 87 46 79 40 87 19 28 68 48 50
    20 104 126 17 20 45 102 63 45 109 1 93 107 38 117 16 108 124 74 59
    112 81 67 63 73 86 96 100 69 0 35 3 1 0 70 115 32 18 6 14 24 33 7 71
    112 35 102 22 39 54 83 124 40 98 39 109 111 4 52 123 90 126 63 68 99
    31 119 119 76 112 7 68 27 19 96 59 126 65 119 108 93 97 100 21 54
    122 118 108 10 96 17 51 6 65 39 23 1 40 73 20 38 53 6 124 27 96 39 4
    46 30 116 119 83 82 51 70 27 46 54 49 25 92 96 122 80 17 116 115 57
    17 50 32 108 93 26 53 83 22 75 84 20 69 126 32 36 57 111 71 121 5 79
    92 22 118 118 86 36 85 89 23 8 102 35 78 111 103 42 6 108 60 108 16
    107 91 39 59 10 44 71 109 37 88 34 10 107 120 86 114 68 42 60 111 36
    39 124 114 50 126 7 5 52 99 106 10 68 28 50 13 29 61 15 17 16 107 96
    15 73 92 88 108 63 67 85 127 7 28 7 113 91 18 126 115 48 122 42 11
    125 12 56 99 61 15 60 117 122 40 120 61 123 20 15 40 126 121 104 4
    24 124 107 52 67 63 122 108 66 28 11 53 27 9 77 93 84 100 110 41 86
    66 62 58 63 12 109 42 74 105 71 52 2 23 50 56 1 122 42 89 106 72 57
    75 109 62 28 11 24 59 58 111 123 1 107 47 111 68 1 41 115 5 1 68 119
    66 90 38 83 67 72 31 1 124 71 101 33 0 5 89 99 110 102 25 75 46 50
    31 99 90 36 100 34 89 33 111 106 113 96 48 7 17 77 2 52 68 59 12 103
    49 87 12 106 57 110 5 8 94 17 106 126 54 20 102 5 67 90 96 74 53 74
    23 32 32 90 28 115 101 99 121 116 99 105 95 12 51 87 1 0 40 64 5 64
    122 71 20 99 21 106 59 91 99 40 109 42 46 48 92 66 9 62 127 110 100
    91 92 20 94 122 55 2 38 114 121 76 64 67 4 16 100 72 98 62 0 111 75
    127 15 123 99 104 62 79 23 94 55 32 92 115 41 105 12 9 111 24 105 76
    64 42 91 5 57 79 100 89 123 104 116 36 83 38 12 88 7 5 69 115 65 21
    64 66 78 127 45 38 60 117 63 91 86 38 108 12 39 111 52 24 53 65 45
    108 53 116 0 108 16 123 57 17 102 78 47 61 53 70 20 92 11 13 30 107
    65 10 9 88 80 77 99 38 120 49 117 67 22 92 23 57 15 36 123 49 115 21
    80 94 126 86 58 61 59 92 126 68 37 74 35 78 3 15 25 62 0 122 28 31
    61 33 88 73 62 96 80 40 2 24 16 1 126 47 45 104 63 70 125 30 55 122
    54 12 37 20 49 91 70 6 86 3 23 113 113 30 38 74 43 43 65 61 14 59
    108 121 53 1 110 30 8 39 100 33 117 107 77 34 32 92 60 50 49 41 68
    72 19 116 93 127 18 115 125 45 8 3 87 12 116 32 35 77 39 126 32 33
    116 90 74 71 42 15 14 81 86 35 98 1 52 38 22 37 70 81 99 72 11 103
    49 80 24 112 95 38 109 96 68 61 83 13 31 74 47 12 101 113 16 72 62 3
    1 69 84 19 64 89 12 110 17 90 29 29 111 114 13 47 65 42 85 9 8 115
    74 88 85 24 14 3 97 123 30 56 8 116 18 37 95 95 77 103 28 6 114 111
    74 58 20 73 29 38 115 115 39 1 63 1 73 16 17 103 117 58 89 44 7 22
    11 45 33 121 51 28 104 99 89 20 120 120 17 78 87 63 8 76 81 48 15 6
    74 39 31 98 67 99 48 98 79 117 14 110 68 78 27 96 64 56 76 15 93 95
    77 72 4 39 108 126 59 13 106 58 113 9 13 79 111 118 65 87 23 98 7 5
    32 109 35 123 46 59 44 47 127 27 46 92 64 10 65 59 115 64 38 8 122
    39 46 31 118 107 122 0 70 67 34 110 69 101 11 108 108 75 7 125 18 46
    114 122 20 123 73 125 126 122 82 15 49 56 23 50 4 40 46 120 84 47
    123 39 56 105 80 40 32 101 23 27 67 11 74 70 5 10 34 87 37 118 79
    117 88 122 22 52 7 44 104 35 119 30 5 32 80 9 76 118 100 49 6 65 8
    64 124 10 10 8 113 82 15 92 120 67 72 32 12 47 110 62 103 27 116 54
    48 103 38 120 52 64 87 64 111 72 92 3 20 91 5 61 18 2 34 115 123 87
    109 115 57 38 85 5 11 65 103 5 77 109 94 111 1 106 37 97 63 20 50 61
    113 115 3 90 93 50 59 18 32 16 123 32 78 16 111 50 33 12 91 84 62
    108 71 93 12 29 8 22 31 67 70 64 18 62 82 3 52 126 44 58 125 41 61
    17 70 28 78 48 120 4 59 10 121 54 109 114 46 78 39 95 104 25 14 89
    104 85 62 75 30 117 9 34 92 49 7 94 98 101 32 92 124 64 114 3 95 124
    97 92 115 61 28 118 52 47 69 27 89 64 27 94 68 58 125 126 28 120 9
    113 124 70 95 116 25 48 105 102 54 46 108 125 86 32 82 79 124 49 28
    28 72 103 71 23 22 88 89 121 29 94 16 16 11 48 42 71 85 119 2 39 120
    37 45 44 78 6 25 78 16 76 73 79 60 107 18 118 111 39 88 62 19 57 33
    54 116 9 1 93 65 108 61 39 69 56 64 96 11 58 73 116 44 48 85 47 43
    119 94 9 114 85 98 61 106 111 43 26 125 73 101 45 82 105 49 88 99 97
    123 21 95 111 16 25 8 16 26 123 109 89 125 45 88 17 82 127 41 21 78
    98 91 53 78 40 35 20 60 72 6 68 38 45 122 66 119 21 99 83 77 96 61 4
    32 76 111 7 0 49 19 54 49 56 22 63 2 32 24 15 104 97 78 20 90 88 71
    2 57 13 24 81 111 98 124 68 16 84 6 9 109 63 104 96 113 80 77 127
    111 47 114 49 42 51 67 107 0 63 95 68 21 31 30 32 20 86 70 41 114 11
    59 44 62 101 1 24 40 71 127 81 23 39 30 120 127 2 120 21 111 122 3 7
    56 73 85 50 47 114 8 95 109 9 120 78 105 96 2 20 66 68 116 30 114 31
    53 119 47 83 36 80 80 53 97 84 121 41 82 6 66 21 91 122 60 36 84 87
    98 120 87 34 17 106 106 66 111 66 74 32 29 59 112 29 121 75 126 108
    124 65 118 49 89 6 76 3 121 20 71 4 14 51 88 17 52 120 122 68 58 93
    53 92 116 44 2 69 84 68 111 9 97 121 15 48 86 51 94 88 85 44 126 38
    25 98 97 57 48 21 6 4 15 117 20 21 88 104 86 59 52 69 84 116 43 3 0
    69 45 7 111 97 39 122 111 42 31 60 126 22 103 13 71 74 10 105 61 12
    74 81 3 61 35 126 69 104 64 25 97 33 85 4 30 77 100 127 85 121 115 5
    80 114 21 95 82 81 86 73 47 85 48 19 113 25 31 56 120 21 20 2 51 68
    10 24 14 18 40 55 114 54 114 108 73 93 51 37 127 48 8 58 43 27 21 42
    28 3 97 2 22 39 3 123 120 59 35 28 24 99 99 100 59 110 10 76 111 15
    3 39 33 44 122 37 100 61 125 1 84 48 22 29 43 71 125 30 105 113 1 7
    40 120 3 56 49 29 89 92 87 81 37 116 7 41 13 62 44 56 64 6 90 5 13
    95 41 120 105 66 67 50 89 12 98 83 33 83 18 114 118 118 37 101 68 66
    110 85 73 106 95 11 109 120 36 65 112 109 38 13 106 93 46 59 84 32
    125 77 98 114 33 29 24 101 72 121 117 41 52 39 99 52 30 99 40 19 3
    31 24 55 33 112 22 100 54 84 110 14 76 81 102 69 68 10 88 72 17 51
    71 86 100 120 52 9 26 4 126 119 30 83 85 33 103 52 91 69 39 32 77
    105 62 2 122 10 124 48 83 104 57 86 126 120 58 38 20 98 0 42 102 125
    16 37 46 111 69 68 41 78 46 102 106 16 89 77 104 70 5 74 36 57 86
    110 63 105 54 91 57 82 83 121 14 49 53 98 32 28 86 36 14 35 122 54
    92 83 48 80 48 91 104 70 13 2 64 39 96 36 118 70 45 119 2 56 121 38
    108 33 21 64 8 89 117 126 124 9 83 10 1 82 64 24 86 59 41 39 48 9
    106 32 90 97 28 92 45 87 86 92 97 59 124 22 86 82 58 90 39 100 27
    110 48 3 5 43 110 27 127 82 72 84 50 39 49 52 120 112 74 19 115 13
    92 70 60 26 36 112 91 79 13 48 61 13 10 71 77 6 32 100 110 7 38 49
    10 86 42 24 72 93 58 125 106 1 51 98 77 24 15 18 108 120 95 78 18 18
    26 32 73 11 117 58 2 1 54 79 32 126 73 95 46 108 116 119 115 4 113 9
    73 48 102 3 38 34 104 69 62 15 16 104 81 112 54 13 123 86 9 64 63
    112 100 30 1 70 106 114 114 17 114 18 79 13 103 35 100 122 77 61 14
    99 25 29 19 42 94 69 103 27 115 123 80 3 11 109 94 33 33 126 102 78
    23 35 24 39 118 74 5 102 125 104 20 127 110 124 10 58 90 80 121 47
    105 20 64 37 78 96 23 68 1 113 74 54 111 0 2 110 39 49 85 102 127 50
    77 92 30 121 62 31 104 122 92 56 87 66 92 43 97 20 111 45 9 112 84 5
    52 13 56 37 59 17 16 103 119 33 104 125 0 54 88 20 71 95 66 126 120
    76 81 12 88 25 105 78 28 34 35 107 125 17 29 23 55 53 14 41 6 13 104
    98 120 99 17 102 40 21 27 7 7 55 48 70 79 86 76 110 9 126 93 93 107
    47 66 25 26 61 102 63 8 1 40 3 86 18 63 35 14 53 30 109 69 113 0 82
    57 105 78 38 125 52 109 108 15 82 126 80 97 33 1 38 52 62 93 110 15
    92 116 46 2 68 50 61 49 117 105 42 88 100 13 76 111 30 83 18 100 30
    107 120 11 103 86 62 113 94 101 118 75 43 112 23 76 105 53 41 22 42
    97 17 25 75 72 102 47 41 18 14 69 119 48 65 47 16 87 96 88 57 62 77
    81 41 84 1 64 42 104 35 66 116 17 13 87 66 110 71 50 52 89 50 121 96
    61 4 62 35 115 58 64 88 127 20 72 90 53 28 15 80 28 126 103 52 30
    105 122 58 103 12 35 119 107 2 107 25 59 58 27 71 39 95 13 0 38 122
    3 81 30 28 102 98 106 118 32 113 97 7 63 81 111 103 16 104 32 118 94
    97 95 33 46 2 102 123 79 42 48 30 6 25 15 13 19 65 82 16 115 22 5 7
    24 69 33 56 44 87 96 4 51 58 91 51 93 26 2 58 38 50 115 96 50 95 31
    94 82 4 101 64 101 96 45 108 103 37 16 107 62 92 37 115 63 12 86 80
    102 93 21 51 60 11 71 119 84 125 107 60 1 14 33 71 108 51 48 98 21
    27 36 34 120 47 68 45 9 103 121 78 34 123 8 16 2 50 64 62 72 28 57
    98 118 95 19 44 44 3 40 3 0 87 13 80 86 71 7 81 102 0 123 71 105 56
    80 51 101 42 26 107 102 120 90 19 10 0 14 28 121 114 124 25 44 66 34
    79 57 121 42 125 13 47 73 42 86 55 119 107 34 23 86 101 11 70 95 79
    108 31 118 88 59 40 33 108 55 89 35 112 34 87 106 100 40 48 35 127
    43 96 105 95 73 112 50 126 45 115 15 75 114 39 69 114 96 100 34 117
    126 118 70 34 109 45 43 70 87 76 81 9 82 1 76 80 101 84 99 120 43 3
    111 89 21 119 7 3 38 72 15 81 40 27 70 40 24 25 80 104 25 87 106 33
    17 84 118 76 118 120 10 90 13 8 97 38 112 21 7 114 24 70 84 29 21 84
    55 125 29 107 69 111 37 0 55 85 41 62 100 6 59 42 45 90 42 45 6 102
    90 55 48 86 99 105 48 81 47 116 27 65 101 100 108 19 119 104 98 70
    52 107 19 47 78 65 26 49 55 1 115 52 44 10 75 111 47 33 41 46 60 106
    18 1 25 33 6 64 4 54 109 14 27 111 62 107 40 66 11 26 94 55 16 32 55
    96 32 116 96 126 58 81 127 96 53 113 49 41 113 87 120 126 6 8 24 114
    79 90 118 32 102 28 32 57 45 112 117 69 23 42 35 93 115 125 42 35
    116 4 1 70 108 8 23 91 94 27 62 110 116 31 70 24 40 50 13 112 0 44
    103 38 53 117 10 121 63 41 50 59 100 19 79 11 60 47 75 4 115 116 116
    58 9 103 12 102 116 1 12 48 93 56 58 67 22 99 49 119 113 31 44 80 40
    73 70 95 23 11 28 118 108 6 32 116 15 36 46 96 62 47 98 63 12 9 120
    76 12 124 58 0 18 5 125 68 49 49 81 3 56 36 1 42 55 8 18 115 104 75
    119 14 45 113 32 36 21 25 86 70 7 123 117 86 38 118 20 39 56 38 42
    45 3 124 108 43 25 1 64 117 109 47 98 77 10 7 56 106 69 56 10 53 10
    40 123 112 66 68 76 63 54 15 7 115 75 41 7 86 8 35 17 3 10 83 28 35
    96 43 126 71 13 16 92 105 109 52 85 63 15 75 107 31 121 39 36 18 1
    69 66 11 83 71 60 18 65 94 76 55 42 109 115 63 117 123 75 93 76 79
    84 104 57 59 88 2 117 126 57 6 17 111 91 37 16 121 16 119 127 11 65
    39 45 33 97 36 68 14 63 105 124 69 30 51 6 81 87 36 98 116 79 88 47
    35 121 22 108 100 65 16 112 72 98 89 60 40 96 57 22 63 112 111 96
    121 2 118 71 87 107 45 58 125 17 79 110 59 13 3 6 24 20 11 17 35 36
    35 1 116 2 126 54 118 20 38 5 57 49 30 77 55 66 111 96 102 84 115 78
    127 6 62 29 116 9 122 95 7 60 115 56 108 32 92 124 45 38 38 109 116
    32 16 39 65 29 73 95 97 96 39 81 51 9 103 68 64 110 80 4 109 115 14
    123 34 39 103 13 125 69 93 41 46 105 66 115 72 80 84 124 117 118 80
    109 98 117 75 90 50 54 71 19 90 9 28 26 32 106 14 113 0 69 72 58 78
    120 63 30 63 127 86 30 6 116 30 111 84 68 117 74 73 44 37 52 3 28 59
    85 8 77 115 97 28 37 9 105 80 81 111 17 23 41 118 31 85 89 50 94 96
    30 112 24 36 26 61 87 55 110 91 17 117 47 111 65 20 47 35 69 28 28
    112 4 32 87 5 34 107 46 102 122 60 111 113 38 2 41 3 81 32 77 119
    101 106 84 57 4 43 83 42 74 52 40 30 104 108 92 12 73 16 3 119 55 18
    96 77 88 102 61 99 41 70 96 47 13 71 106 71 81 31 23 120 25 125 84
    71 77 2 22 7 23 23 52 10 28 50 81 86 86 66 91 117 107 19 103 119 0
    113 125 58 50 35 4 60 12 51 76 72 126 32 90 58 79 8 84 37 113 30 11
    114 58 55 86 87 29 24 27 40 67 78 109 56 74 88 59 102 108 109 104 72
    56 120 78 125 57 68 96 44 72 97 92 17 63 105 49 25 121 17 20 19 28
    75 21 113 41 59 102 3 127 120 62 91 68 105 108 61 98 82 73 38 17 122
    26 29 112 86 13 7 103 16 109 117 114 67 70 28 33 42 17 93 93 43 37
    106 126 117 9 67 32 27 62 44 12 8 30 127 115 52 87 48 40 51 62 109
    63 59 15 11 109 77 68 38 79 94 127 107 7 51 76 115 13 58 99 8 109 87
    116 5 96 22 112 6 79 10 119 81 122 79 119 124 53 116 10 15 70 15 23
    66 5 32 32 82 91 100 38 63 115 98 120 45 105 70 126 84 45 61 24 90
    59 10 29 92 99 6 43 124 66 75 119 3 54 127 102 55 104 102 85 116 42
    12 93 55 100 114 27 69 52 28 28 67 39 10 127 54 108 37 44 76 29 27
    58 19 61 29 24 20 4 118 7 117 53 52 60 64 35 112 104 63 111 119 38
    56 48 119 3 114 21 3 43 118 58 89 80 30 96 42 79 122 94 63 1 38 92
    31 24 55 44 17 67 78 38 78 0 14 108 79 75 29 103 33 79 125 89 15 25
    110 23 80 86 40 39 11 69 92 117 35 106 32 61 2 83 12 5 52 45 90 70
    68 98 4 113 124 28 119 65 37 109 122 0 74 40 20 80 112 104 15 61 41
    96 103 47 3 118 39 36 95 66 100 3 13 35 51 13 120 1 61 87 113 70 122
    77 71 75 25 23 66 46 102 31 119 41 7 88 101 25 94 112 33 26 82 54 60
    25 56 0 125 46 22 94 52 14 81 73 108 119 103 69 28 110 56 86 107 89
    27 96 110 53 105 31 113 103 15 46 92 29 127 77 32 99 114 8 71 102 33
    93 57 18 86 37 16 93 99 122 7 116 58 17 91 123 46 15 7 24 67 88 108
    65 46 115 72 90 102 110 34 51 82 76 53 84 13 99 124 76 35 97 10 18
    43 114 96 82 2 60 127 12 30 63 46 104 74 61 5 58 102 64 82 21 25 30
    76 33 92 127 21 31 125 10 55 62 21 119 64 52 106 32 68 49 98 65 117
    88 95 70 111 40 78 32 106 34 17 10 44 59 9 122 80 24 117 11 111 16
    55 3 113 120 33 91 60 7 85 86 89 75 15 29 81 82 44 68 88 50 91 67
    114 80 75 80 112 22 62 19 53 41 58 104 40 50 9 27 35 74 124 53 47 63
    49 53 16 126 27 8 59 79 120 95 43 90 89 30 26 88 60 72 102 46 62 41
    82 57 1 47 31 60 53 80 91 92 96 6 10 55 44 106 91 18 91 82 117 58 83
    30 29 43 57 63 71 37 116 28 103 64 93 102 95 22 29 77 88 107 106 52
    80 80 54 42 76 118 77 31 42 57 27 101 5 65 97 11 8 15 93 117 67 50
    116 21 45 58 115 30 89 63 5 107 29 60 66 35 105 123 13 101 67 82 72
    98 26 107 111 114 3 35 121 126 70 29 27 108 9 20 22 1 86 122 77 86
    118 126 41 62 20 4 119 13 41 125 36 123 40 92 121 2 37 62 117 63 89
    11 76 23 22 94 29 45 17 31 9 49 47 8 78 113 118 20 86 7 56 71 1 118
    4 37 1 26 66 37 29 49 105 57 83 0 91 67 28 95 116 43 15 55 90 79 122
    19 88 13 29 120 119 14 118 9 99 23 120 8 110 58 24 75 27 20 38 20 72
    76 108 11 39 5 24 105 3 56 63 47 127 63 73 19 47 5 125 111 7 60 36
    21 49 74 40 117 92 0 111 115 53 38 107 55 97 31 34 104 24 72 74 0 87
    61 76 77 71 69 53 2 11 73 78 1 33 62 39 119 86 16 72 101 110 24 124
    73 42 94 25 3 107 2 37 63 125 3 14 93 16 19 101 112 24 58 35 56 25
    25 94 119 73 90 29 91 87 69 104 127 39 122 90 84 120 55 7 24 109 27
    21 41 98 74 60 88 41 17 65 78 84 30 34 27 51 70 61 95 68 60 108 105
    108 100 59 12 56 73 41 0 110 22 68 110 32 19 11 57 105 24 119 111 13
    28 22 44 105 107 77 82 116 66 40 43 26 86 82 107 123 32 121 99 27 40
    39 127 33 27 88 84 20 62 13 35 14 10 106 22 125 85 40 45 101 43 120
    97 68 126 31 121 126 125 32 86 91 82 103 2 22 104 34 31 82 16 120 35
    49 22 54 48 31 23 70 94 98 10 43 45 120 66 12 99 126 1 5 21 70 48 6
    52 57 39 50 87 81 24 77 53 15 70 53 74 57 108 13 121 106 64 93 18 79
    32 52 103 11 105 24 89 125 31 50 35 108 99 76 39 3 57 69 123 15 26
    25 43 10 107 127 35 79 92 114 40 123 94 12 97 36 11 8 89 92 43 56 64
    111 28 39 51 84 44 107 1 63 124 107 22 85 22 69 59 116 25 30 118 74
    20 11 80 75 3 94 87 104 93 42 55 85 64 60 77 106 103 119 6 121 39 86
    45 108 73 82 57 88 4 125 58 26 29 0 74 26 78 17 38 11 42 5 94 19 22
    26 7 116 75 3 17 71 117 62 26 103 35 26 53 123 10 80 98 21 41 66 91
    98 59 122 48 13 58 44 98 44 87 21 82 114 64 55 22 14 76 18 37 72 106
    79 2 82 107 16 125 71 13 62 60 87 126 124 4 9 109 40 104 35 42 32 97
    57 39 97 56 42 123 3 80 125 84 23 79 48 115 112 3 102 12 19 119 106
    4 27 24 57 58 127 61 123 44 52 89 80 122 73 49 103 37 120 72 97 3 31
    74 110 27 88 22 93 7 48 46 54 67 72 21 63 25 18 110 23 86 114 108 5
    62 126 40 3 75 33 57 11 107 7 113 0 87 124 36 110 50 28 11 107 123
    19 36 101 64 24 8 115 0 49 60 79 79 15 44 48 83 53 25 42 64 28 90 23
    38 50 9 16 52 109 22 63 103 19 66 14 58 117 77 12 4 45 113 6 15 21
    99 55 96 40 16 52 123 29 101 14 60 20 60 116 0 54 55 10 87 23 65 127
    118 104 47 86 43 25 81 97 3 93 15 92 76 19 41 52 125 8 97 114 126 19
    60 123 71 6 32 114 31 28 71 35 10 47 15 68 127 41 65 14 71 112 10 24
    83 32 82 71 51 63 69 82 110 59 41 85 101 7 66 97 30 18 5 127 86 92
    24 116 122 90 123 126 81 46 101 9 31 41 68 120 80 71 27 90 68 58 20
    20 7 32 11 38 124 60 84 34 85 58 108 100 58 93 127 76 103 117 83 115
    24 95 99 15 111 99 106 84 52 48 122 50 4 17 14 77 37 52 17 107 4 41
    38 78 88 4 78 92 113 55 124 4 54 108 24 50 86 100 61 120 16 62 118
    88 73 40 68 101 81 119 78 104 87 108 36 67 84 92 14 49 95 86 89 110
    44 98 40 112 13 61 18 88 35 36 21 37 20 35 39 20 36 96 123 67 117 71
    56 22 96 21 44 77 108 0 90 12 79 56 24 6 61 32 87 91 96 0 107 80 121
    121 33 119 58 64 61 85 101 11 44 40 14 63 64 20 41 34 121 126 85 40
    124 24 40 78 38 101 78 10 116 9 40 5 105 59 121 66 104 25 14 13 1
    106 15 106 125 11 46 90 24 82 44 121 28 58 113 44 26 41 75 26 3 8
    115 12 27 75 88 36 16 102 108 17 77 99 7 8 108 119 14 123 45 96 56
    110 29 41 3 44 36 12 88 46 7 96 98 52 61 60 91 3 53 4 71 9 95 4 101
    9 123 51 89 96 36 69 124 111 33 18 7 93 82 72 82 89 45 11 14 107 81
    79 66 29 121 5 3 46 52 125 98 36 96 81 46 94 95 111 0 98 19 30 29 24
    73 99 31 20 77 106 38 75 47 82 18 31 87 53 112 86 16 93 44 76 12 13
    124 19 84 24 50 92 124 115 36 58 9 5 87 16 77 100 40 73 64 56 73 77
    105 53 127 19 127 71 31 114 95 74 85 98 0 84 36 73 52 61 66 115 36
    77 127 6 59 87 69 20 2 86 99 66 47 115 70 48 73 88 61 71 36 1 77 34
    28 58 3 12 29 80 65 124 52 63 109 120 122 61 0 17 78 8 55 53 98 32
    97 90 83 121 92 0 28 1 107 2 57 98 38 124 19 85 127 69 127 25 39 22
    53 40 14 63 27 27 64 67 20 120 121 82 34 79 127 0 117 7 11 118 70 47
    54 10 87 84 28 117 81 66 42 78 119 123 121 64 4 40 68 26 77 20 69 7
    85 21 125 102 34 63 109 76 14 88 15 25 91 64 99 20 2 107 35 100 56
    44 56 25 124 29 47 111 25 17 88 56 70 3 55 58 65 119 76 23 22 28 10
    10 110 73 16 57 98 97 123 101 93 60 28 108 25 48 20 71 91 94 50 40
    31 58 102 45 22 56 106 29 48 21 67 3 63 68 75 23 24 32 28 92 76 8 29
    55 84 26 43 6 124 31 72 26 11 73 30 126 120 119 31 99 103 121 20 126
    44 108 10 46 70 126 37 41 100 0 48 92 0 46 14 1 49 114 15 127 1 22
    125 53 112 76 13 37 71 52 8 81 63 47 30 64 117 56 13 86 50 18 3 20
    50 96 62 3 48 2 89 111 48 23 30 31 22 64 110 127 117 2 96 39 104 0
    50 71 110 127 20 61 6 22 53 55 44 69 77 93 80 29 67 16 95 11 81 71
    107 107 85 5 114 20 48 109 103 21 49 121 99 77 29 77 13 94 121 114
    37 42 28 33 86 96 57 43 59 34 119 92 70 12 85 31 28 92 39 107 5 19
    115 7 98 119 48 15 71 48 3 48 108 45 123 84 93 58 84 7 35 52 1 112
    25 46 68 104 61 17 24 58 73 79 90 79 42 88 24 123 17 114 85 26 79 19
    5 69 114 76 123 92 110 97 121 79 48 6 121 16 20 104 77 97 107 36 92
    104 46 98 99 104 118 7 0 84 103 89 67 87 115 75 47 51 34 23 19 70
    124 6 50 113 20 67 63 97 93 46 103 52 1 122 115 110 32 76 18 69 19
    22 84 17 105 91 21 77 25 62 116 58 59 90 122 61 5 63 46 110 46 69 2
    70 90 23 51 66 96 22 93 44 60 7 78 78 56 89 120 32 127 58 103 85 67
    43 23 32 91 109 21 68 58 13 122 116 30 44 47 42 107 52 88 60 94 67
    25 97 87 44 76 112 40 58 3 53 81 88 13 115 1 88 31 11 100 66 72 116
    127 47 5 108 48 117 108 47 21 28 111 43 21 89 123 76 2 75 47 76 119
    84 84 20 27 36 81 20 27 22 52 32 46 62 15 70 83 120 126 58 87 32 39
    21 52 105 42 112 93 123 39 82 5 87 57 123 103 61 101 16 77 110 60
    120 96 107 51 43 31 85 23 65 53 79 90 53 121 0 114 19 88 56 119 125
    122 51 75 4 13 14 42 66 43 121 112 111 115 82 80 96 70 59 104 39 121
    88 63 79 93 27 92 96 68 42 23 40 74 46 31 124 39 71 58 84 51 127 18
    55 12 87 113 118 64 111 63 82 7 57 32 72 75 92 71 109 56 0 124 126
    116 11 82 74 86 114 44 27 7 78 1 23 126 65 29 25 61 112 109 61 94 9
    66 89 58 37 61 109 59 113 34 75 82 56 103 76 109 97 89 123 71 99 75
    20 44 24 26 64 77 54 4 113 123 89 103 113 1 114 78 28 9 65 52 55 95
    83 119 51 37 31 29 6 121 93 54 101 18 94 80 11 29 42 57 44 11 5 87
    38 8 122 71 9 64 72 79 14 98 34 127 89 121 19 71 83 72 45 123 24 21
    54 72 77 120 31 36 48 68 107 50 85 126 51 122 73 107 3 34 125 44 19
    60 81 79 50 115 106 3 6 2 58 4 12 53 40 57 120 34 72 44 103 118 23
    24 126 113 43 63 101 127 39 43 38 118 61 5 126 98 70 11 62 58 9 124
    59 16 96 123 46 112 38 100 5 123 41 10 70 23 38 113 67 4 100 8 113
    44 100 95 103 103 11 108 88 89 100 52 55 87 23 36 93 46 27 20 38 110
    97 33 125 79 119 80 77 107 85 44 125 121 84 72 87 34 86 67 89 59 54
    35 29 86 74 35 110 34 25 13 97 120 99 2 103 5 89 6 89 27 55 75 18 76
    78 111 49 62 116 14 112 73 21 54 87 21 37 75 6 75 47 49 64 122 11 23
    38 38 89 65 90 84 15 127 81 32 66 71 110 102 107 97 115 117 80 51 37
    86 81 76 96 82 96 98 20 91 13 72 11 72 48 87 41 38 116 106 38 98 14
    0 62 30 111 60 45 28 16 39 99 30 102 39 112 17 23 17 97 81 28 94 74
    23 83 76 28 122 10 127 30 126 8 127 98 65 47 10 20 116 60 79 95 54
    63 74 126 44 100 51 18 108 109 43 10 74 34 89 76 4 11 85 84 41 91 77
    96 116 97 118 65 36 42 15 48 121 70 91 106 0 36 101 81 93 42 2 19 21
    96 68 104 63 50 36 105 1 3 35 10 127 107 92 61 63 15 17 74 71 5 100
    84 56 90 12 114 12 121 124 5 62 100 89 101 71 34 114 68 28 51 72 5
    96 13 47 100 47 103 120 60 61 25 9 16 43 81 119 4 101 104 124 30 39
    85 106 90 21 43 99 46 26 102 50 20 77 106 118 114 71 115 22 57 96 90
    58 27 6 15 104 53 42 51 114 21 36 101 96 45 4 3 90 1 102 72 48 88 57
    1 29 92 89 51 43 92 15 85 124 88 107 108 127 126 27 79 93 54 52 25
    40 81 96 67 116 35 14 51 34 18 119 35 58 127 43 57 49 90 94 80 47 21
    43 3 60 36 50 40 4 118 33 81 71 98 63 0 7 105 29 76 44 70 58 121 42
    73 44 117 19 104 60 40 118 80 109 27 46 93 114 78 102 80 65 48 91 78
    7 96 124 21 72 100 82 33 67 22 68 2 60 122 63 19 56 31 55 53 80 85 2
    57 83 116 97 5 36 5 50 69 42 20 86 80 47 31 24 91 88 125 25 24 42 44
    67 94 88 64 105 5 9 22 66 44 79 82 48 115 3 99 70 122 28 125 40 89
    81</data></input>
<my_img type_id="opencv-matrix">
  <rows>256</rows>
  <cols>256</cols>
  <dt>u</dt>
  <data>
    62 62 62 62 63 62 61 61 61 61 61 61 61 61 62 61 61 61 61 61 62 61 62
    62 62 63 63 63 63 62 63 63 63 64 64 65 66 66 66 65 66 66 65 65 64 65
    64 64 64 64 63 62 63 63 64 64 64 64 65 64 64 64 63 63 64 63 64 64 65
    65 65 65 66 65 65 65 66 66 65 65 65 65 65 65 64 64 63 64 64 63 64 64
    64 65 65 65 65 65 65 65 64 65 65 65 65 65 64 65 66 67 67 67 67 67 66
    65 65 64 64 63 63 63 64 64 64 64 63 63 62 62 61 62 61 60 59 59 59 58
    58 59 59 59 60 61 61 60 61 60 59 59 60 60 60 61 62 62 61 62 62 61 61
    61 61 62 62 61 61 61 61 62 62 61 62 62 63 63 62 62 62 61 62 62 61 61
    62 62 61 62 61 61 63 63 63 63 62 62 62 62 62 62 62 63 63 63 63 63 63
    63 64 65 65 66 65 66 66 65 64 64 65 65 65 65 65 65 66 65 64 65 65 64
    64 65 66 66 65 65 66 66 65 65 64 65 65 65 66 66 66 65 65 65 65 65 65
    65 66 67 62 62 61 61 62 62 61 61 61 61 61 60 60 61 61 60 60 61 61 61
    61 61 61 61 61 62 62 63 62 61 62 62 63 63 63 64 65 65 65 64 65 65 64
    64 64 64 64 64 63 64 63 62 62 63 64 64 64 64 65 64 64 64 63 63 64 63
    64 64 65 65 65 65 66 65 65 65 66 66 65 65 65 65 65 65 64 65 64 64 64
    64 65 64 64 65 66 66 65 65 65 65 64 65 65 65 65 65 64 65 65 66 66 66
    66 66 66 65 64 63 63 62 62 63 63 63 64 64 63 63 62 62 62 62 61 60 59
    59 59 59 59 60 60 60 61 61 61 61 61 60 60 59 60 60 60 61 62 61 61 62
    61 61 61 61 61 61 62 61 61 61 61 62 62 62 62 63 64 63 63 63 62 61 62
    62 61 62 62 62 61 62 62 61 63 63 63 63 62 62 63 63 62 62 63 63 63 63
    63 63 63 63 64 64 65 65 65 65 66 65 63 64 64 64 64 64 64 64 65 64 63
    64 65 64 64 65 66 66 65 66 66 66 66 65 65 65 65 65 66 66 66 66 65 65
    65 65 65 65 66 67 63 63 62 62 63 62 61 61 61 61 61 61 61 61 62 61 61
    61 61 61 61 61 61 61 61 62 62 62 62 61 62 63 63 63 63 64 64 65 65 63
    64 64 64 64 64 64 64 64 63 64 63 62 63 63 64 64 64 64 65 64 63 64 63
    63 64 64 64 64 65 65 65 65 66 66 65 66 66 66 65 65 65 66 66 65 65 65
    64 65 64 64 65 65 65 65 66 65 65 65 65 65 65 65 65 66 65 65 64 64 65
    66 66 66 66 66 65 64 64 63 63 62 62 63 63 63 63 63 62 62 62 62 62 62
    61 60 59 59 59 59 59 59 59 59 61 61 61 60 60 59 59 59 59 59 59 60 61
    61 60 61 61 60 60 60 60 61 61 61 61 61 60 61 62 61 62 62 63 63 63 62
    62 61 62 62 61 61 62 62 61 62 62 61 62 63 63 63 62 62 63 63 62 62 63
    63 63 63 64 63 63 63 64 64 65 65 65 66 66 65 64 64 64 64 64 64 64 65
    65 64 64 64 65 64 64 66 66 66 66 66 66 66 65 65 65 65 65 65 66 66 66
    65 65 65 65 65 64 64 65 66 63 63 63 63 63 63 62 62 62 62 62 61 61 62
    62 61 61 61 61 61 61 61 61 61 61 62 62 63 63 62 62 63 63 63 63 64 65
    65 64 63 64 65 64 64 64 64 64 64 63 63 63 62 62 63 64 64 64 64 65 64
    63 64 63 64 64 64 64 64 65 65 65 65 66 66 65 66 66 66 65 65 65 65 65
    65 65 65 64 64 64 64 64 64 64 64 65 65 65 64 64 65 64 65 65 65 65 65
    64 64 65 65 65 65 66 65 65 64 64 63 63 62 62 63 64 63 63 63 63 63 62
    62 62 62 62 61 60 60 60 59 59 60 60 60 61 61 62 61 61 60 59 59 59 60
    60 60 61 61 61 61 61 61 61 61 60 61 61 61 60 60 60 61 61 61 61 62 63
    62 62 62 62 61 62 62 61 61 62 62 61 62 62 61 63 63 64 63 63 63 63 63
    63 62 64 64 64 64 64 64 64 64 64 65 65 65 65 66 66 65 64 64 64 64 64
    64 64 64 65 64 63 64 65 64 64 66 66 66 65 65 66 65 65 65 64 65 65 65
    65 66 66 65 65 65 64 64 64 64 64 65 63 63 62 62 63 62 61 62 61 61 62
    61 61 61 62 61 61 61 61 61 61 60 60 61 61 61 62 62 62 61 62 62 63 63
    63 64 64 64 64 63 64 64 64 63 63 63 64 64 63 63 62 62 62 62 63 63 63
    63 64 64 63 63 63 63 64 63 63 64 64 64 64 64 65 65 65 65 65 65 65 65
    65 65 65 65 64 65 64 64 64 63 64 64 63 64 65 64 64 64 64 64 64 64 65
    65 65 64 64 64 64 65 65 65 65 65 65 64 65 63 63 62 62 63 64 63 63 63
    63 63 62 62 62 63 62 61 60 60 60 60 60 60 60 60 61 61 62 61 61 60 60
    60 60 60 60 61 62 61 61 61 61 61 61 61 60 61 61 61 60 60 60 61 61 60
    61 61 62 62 62 61 61 60 61 61 61 61 62 61 61 62 62 61 62 63 64 63 63
    63 63 63 63 62 63 64 64 63 64 63 63 63 63 64 65 65 65 66 66 65 64 64
    65 64 64 64 64 65 65 64 63 64 65 64 64 66 66 66 66 65 65 65 65 65 64
    65 64 64 65 66 65 65 64 64 64 64 64 64 64 65 63 64 63 63 64 63 62 62
    62 62 62 61 61 62 62 61 61 61 61 61 61 60 60 61 61 61 62 62 62 61 61
    62 62 62 62 63 64 64 64 63 64 64 64 63 63 64 64 64 63 63 63 62 62 63
    63 63 64 63 64 64 63 64 63 63 64 63 64 64 64 64 65 64 65 65 65 65 66
    66 65 65 65 65 66 65 65 65 64 64 64 64 64 64 64 64 65 65 65 64 65 65
    64 64 64 64 64 64 63 63 64 64 64 64 65 65 64 64 64 63 63 61 62 63 63
    63 63 63 63 62 62 62 62 62 62 61 60 60 60 60 60 60 60 60 61 61 62 61
    61 60 60 60 60 60 61 61 62 62 61 62 62 61 61 61 61 61 61 61 61 61 60
    61 61 61 61 62 62 62 62 62 61 60 61 61 61 61 62 61 61 62 62 61 62 63
    64 63 63 62 63 63 63 62 63 64 63 63 64 64 64 64 64 65 65 66 66 66 67
    66 65 65 65 65 65 64 65 65 65 64 64 65 66 65 65 66 66 67 66 66 66 66
    65 65 65 65 65 65 65 66 65 65 65 65 65 64 64 64 64 65 63 63 63 63 64
    63 62 62 62 62 62 61 61 61 62 61 61 61 61 60 60 60 60 61 61 61 62 61
    61 60 61 62 62 62 62 63 64 64 64 63 64 64 64 63 63 64 64 64 63 63 63
    62 63 63 64 64 64 63 64 64 63 63 63 63 64 63 63 63 64 64 64 64 65 65
    64 65 65 65 64 64 64 65 65 64 64 65 64 64 63 63 64 64 64 64 64 64 64
    63 64 64 63 63 64 64 64 63 63 63 63 64 64 64 64 64 64 63 63 62 62 61
    62 62 63 63 62 63 62 62 62 62 62 62 62 61 60 60 60 60 60 60 61 61 62
    62 62 62 62 61 61 60 60 60 61 61 62 61 61 62 61 61 61 61 61 61 61 61
    60 61 60 61 61 61 61 62 63 62 62 62 61 61 61 61 61 61 62 62 62 62 62
    61 62 63 63 63 62 62 63 63 63 62 63 64 63 63 64 64 64 64 64 65 66 66
    66 67 67 66 65 66 66 66 66 65 65 65 65 65 64 65 66 65 65 67 67 67 66
    66 66 66 65 65 65 65 65 64 65 65 65 65 65 65 65 65 64 64 64 65 64 64
    63 64 64 64 63 63 62 62 62 61 61 62 62 61 61 61 61 61 61 60 60 61 61
    61 62 62 62 61 61 62 62 62 62 63 64 64 64 62 63 64 64 64 63 64 64 64
    64 64 63 63 63 63 64 64 64 63 64 64 63 63 63 63 64 64 64 64 64 64 64
    64 65 65 65 65 66 65 64 65 65 65 66 65 65 65 64 65 64 64 65 65 65 65
    65 65 65 64 64 64 64 64 64 64 64 64 63 63 64 64 64 64 64 64 64 63 63
    62 62 61 62 62 63 63 63 63 63 63 62 62 62 63 62 62 61 61 61 61 61 61
    61 61 62 62 63 62 62 62 61 61 61 61 62 62 63 63 62 63 62 62 62 62 62
    62 62 61 61 61 61 62 62 61 62 62 63 63 62 62 62 60 61 61 61 61 61 61
    61 61 61 61 62 63 63 62 61 61 62 62 63 62 63 64 63 63 64 64 64 64 64
    65 65 66 66 66 67 66 65 66 66 66 66 65 65 65 65 65 64 65 66 65 65 66
    66 66 66 66 66 66 65 65 65 65 64 64 65 65 65 65 64 65 64 64 64 63 64
    65 63 63 63 63 63 63 62 62 62 62 62 61 62 62 62 61 61 61 61 61 61 61
    60 61 61 62 62 62 62 61 61 62 63 62 62 63 64 64 64 62 63 64 64 64 63
    64 64 64 63 64 63 63 63 64 64 64 64 63 64 64 63 63 63 63 64 63 63 63
    64 64 64 64 64 64 64 64 65 64 63 64 64 64 65 64 64 64 64 64 64 64 64
    64 64 64 65 65 64 64 64 64 64 64 64 65 64 64 63 63 64 64 64 64 65 65
    64 64 64 63 62 62 62 62 63 63 63 63 63 63 63 62 63 63 62 62 62 62 62
    61 61 62 62 62 62 63 63 63 63 62 62 61 61 61 62 62 63 63 62 63 62 62
    62 62 62 62 62 62 62 62 62 63 63 62 62 63 63 63 62 62 62 61 61 61 61
    61 61 61 61 61 61 61 62 62 62 62 61 61 62 62 62 62 63 64 63 63 64 64
    64 64 64 65 65 66 66 66 67 66 65 66 66 66 66 65 65 65 65 64 64 65 66
    65 65 66 66 67 66 66 66 66 66 66 65 65 65 65 66 65 65 65 65 65 65 65
    65 64 65 65 63 63 63 62 63 63 62 62 62 62 62 61 62 62 62 61 62 62 61
    61 61 61 61 61 61 62 62 62 62 61 61 62 63 62 62 64 64 64 64 63 63 64
    64 64 64 64 64 64 64 64 63 63 63 64 64 64 64 64 64 64 64 64 63 64 64
    64 64 64 64 64 64 64 65 65 64 64 65 65 63 64 64 65 65 64 64 64 64 64
    63 63 64 64 64 64 65 64 64 64 64 65 64 64 64 65 64 64 63 63 64 64 64
    64 65 65 65 64 64 63 63 62 62 63 63 63 63 63 63 63 63 63 63 63 63 62
    62 62 62 61 61 62 62 62 63 63 63 63 63 62 62 61 61 61 62 62 63 63 62
    63 62 62 62 62 62 62 62 62 62 62 62 63 63 62 62 63 63 63 63 62 62 61
    61 61 61 61 61 61 61 61 61 61 62 63 63 62 62 62 62 62 63 63 64 65 64
    64 65 64 64 65 65 65 66 66 66 66 67 66 65 66 66 66 66 65 65 65 65 64
    64 65 66 65 65 66 66 66 66 66 66 66 66 66 65 65 65 65 65 65 65 65 65
    65 65 65 65 64 64 65 63 63 63 63 63 63 62 62 62 62 62 62 62 62 63 62
    62 62 62 62 62 61 61 61 61 62 62 62 62 61 61 62 63 62 62 64 64 64 64
    62 63 64 63 63 64 64 64 64 63 63 63 62 63 63 64 64 63 63 64 64 63 63
    63 63 64 63 63 63 64 64 64 63 64 64 64 64 65 64 64 64 64 65 65 64 64
    64 64 64 63 63 64 64 64 64 65 64 64 64 64 65 64 64 64 64 64 63 63 63
    64 64 64 64 64 65 64 64 64 63 63 62 62 63 63 63 63 63 63 63 63 63 63
    63 63 62 62 62 62 61 61 62 62 61 63 63 63 63 63 62 62 62 62 62 62 63
    64 63 63 63 63 63 63 63 63 63 63 63 62 62 62 63 63 62 63 63 64 63 63
    63 62 61 62 61 61 61 62 61 61 61 61 61 62 62 62 62 61 61 62 62 62 62
    63 64 63 63 64 64 64 64 64 65 66 66 66 66 67 66 65 66 66 66 66 65 66
    66 65 65 65 66 66 66 66 67 67 67 66 66 66 66 66 66 66 65 65 65 66 65
    65 65 64 65 65 65 64 64 64 64 63 64 63 63 63 63 63 63 63 63 63 62 63
    63 63 62 62 62 62 62 62 62 62 62 62 62 62 62 62 62 61 62 62 62 62 63
    64 64 63 62 63 64 64 64 64 64 65 64 64 64 63 63 63 64 64 65 64 64 64
    65 63 64 63 64 65 64 64 64 64 64 64 64 65 64 64 65 65 65 64 64 64 65
    65 64 64 64 64 64 63 63 63 64 64 64 64 64 63 63 63 63 63 63 63 63 62
    62 61 62 63 63 63 63 63 64 64 63 63 62 62 61 61 62 62 62 62 63 63 63
    63 63 63 63 63 62 62 62 62 61 61 62 62 61 62 63 63 63 63 63 63 62 62
    62 63 63 64 64 63 64 63 63 63 63 63 64 63 63 63 63 63 64 63 63 64 64
    64 63 63 63 62 61 62 62 61 62 62 61 61 61 61 61 62 63 63 62 62 62 62
    62 62 62 63 64 63 63 64 64 64 64 64 65 66 66 66 66 67 66 65 66 66 66
    66 65 66 66 66 65 65 66 67 66 66 67 67 67 66 66 66 66 66 66 65 65 65
    65 65 65 65 65 64 64 64 64 63 63 63 64 64 64 63 63 63 63 63 63 63 63
    63 62 62 62 62 61 62 62 61 61 61 61 61 61 61 62 62 62 62 61 61 62 62
    62 62 63 64 64 63 62 63 64 64 64 64 64 65 64 64 64 63 63 64 64 64 64
    64 64 64 64 63 63 63 64 64 64 63 64 64 64 64 63 64 64 63 64 64 64 63
    63 63 64 64 64 63 64 63 63 63 63 63 63 63 64 63 63 63 63 63 63 62 62
    62 62 62 61 61 61 62 62 62 62 62 63 63 62 63 62 61 61 61 61 62 62 62
    62 62 63 63 63 63 63 62 62 62 62 62 62 62 62 62 62 63 64 64 64 64 63
    63 63 63 63 63 63 64 64 63 64 64 64 63 63 63 64 64 64 63 63 63 64 64
    63 64 64 64 64 63 63 63 62 62 62 61 62 62 61 61 61 61 61 62 63 62 62
    61 61 62 62 62 62 63 64 63 63 64 64 64 64 64 65 65 66 66 66 67 66 65
    66 66 66 66 65 65 65 65 65 65 66 66 66 66 67 66 67 66 66 66 66 65 65
    65 65 64 64 64 64 64 64 64 64 63 63 62 62 62 63 62 62 62 62 63 63 62
    62 62 62 62 62 62 62 62 62 62 62 62 61 61 61 61 62 62 62 62 62 62 62
    62 62 63 63 62 63 63 63 63 62 63 63 63 63 64 64 64 64 64 64 63 63 64
    64 64 64 64 64 64 64 63 63 63 64 65 64 64 64 64 64 64 64 65 65 64 64
    64 64 64 64 64 65 64 64 64 64 63 63 63 63 63 63 63 64 63 63 63 63 63
    63 63 63 62 62 62 62 62 62 63 63 63 63 64 64 64 63 63 63 62 62 62 62
    62 62 63 63 63 63 63 63 63 63 63 62 62 63 63 62 62 62 62 62 63 64 64
    64 64 63 63 63 63 63 63 64 64 64 64 64 64 64 63 63 63 64 63 63 63 63
    63 64 64 64 64 64 64 64 64 63 63 62 62 62 61 62 62 62 62 61 62 62 63
    64 63 63 62 62 62 63 63 63 64 64 64 64 64 64 64 65 64 65 65 66 66 66
    67 66 65 65 65 66 65 65 65 64 64 64 64 65 65 65 65 66 66 66 65 65 65
    65 65 65 65 64 64 64 64 64 64 64 64 64 64 64 63 63 63 64 62 63 62 62
    63 63 63 62 63 62 63 62 62 62 62 62 62 62 62 61 62 61 61 62 62 62 62
    62 62 62 61 62 62 62 62 63 63 63 63 61 62 62 63 63 63 63 64 64 63 64
    63 63 63 63 64 64 64 63 64 64 63 63 63 64 64 64 63 64 64 64 64 63 64
    64 63 63 63 63 63 63 63 64 64 63 63 64 63 63 63 63 63 64 63 64 63 63
    64 63 63 63 63 63 63 63 62 62 62 62 62 62 62 62 63 63 63 63 63 62 61
    61 61 61 61 61 62 62 62 62 62 62 62 62 62 62 62 62 62 62 62 62 62 62
    63 64 64 64 64 63 63 63 62 62 63 63 64 64 63 64 64 63 63 63 63 63 63
    63 62 62 62 63 63 63 64 64 64 64 63 63 63 62 62 62 62 62 62 62 62 62
    62 62 63 64 63 63 62 62 62 63 63 63 64 64 64 64 65 64 64 65 65 65 65
    66 66 66 67 66 65 66 65 66 66 65 64 64 64 64 64 65 65 65 65 66 65 66
    65 65 65 65 65 65 64 64 64 64 64 64 64 64 64 64 64 63 63 63 63 63 62
    62 62 62 63 63 63 63 63 63 63 63 63 63 63 63 63 63 62 62 62 61 62 62
    62 62 63 63 63 62 61 62 62 62 62 63 63 63 62 61 62 62 62 63 63 63 64
    64 64 64 63 63 63 64 64 64 64 64 64 64 63 63 63 64 65 64 64 64 64 65
    65 64 64 64 64 64 64 64 63 64 64 65 64 64 64 64 64 64 63 63 64 64 64
    64 63 63 64 63 63 63 63 63 63 63 62 62 62 62 62 62 62 62 63 63 63 62
    62 62 61 61 61 61 61 61 61 62 61 62 62 62 62 62 62 62 62 62 62 62 62
    62 62 62 63 64 64 64 64 63 64 64 63 63 64 64 65 65 64 65 64 64 64 64
    64 64 63 63 63 63 63 64 64 64 64 64 65 64 64 64 63 62 62 63 62 63 63
    63 62 62 62 62 63 64 64 64 63 63 63 63 63 63 63 64 64 64 64 64 64 65
    64 65 65 65 66 66 67 66 65 65 65 66 65 65 65 64 64 64 64 65 65 65 65
    66 65 66 65 65 65 66 65 65 65 64 64 64 64 64 64 63 63 64 64 63 63 63
    63 63 63 63 63 63 64 64 64 64 64 63 63 63 63 63 64 63 63 63 62 62 62
    62 62 62 62 63 63 63 63 62 61 62 62 62 62 63 63 63 63 61 62 62 62 63
    63 63 64 64 64 64 63 63 63 64 64 65 64 64 64 64 63 64 63 64 65 64 64
    64 64 65 65 64 64 64 64 64 64 64 64 64 64 65 64 64 64 64 64 64 63 63
    64 64 64 64 63 64 64 64 63 63 63 63 63 63 62 62 61 62 62 62 62 62 63
    63 63 63 63 62 61 61 61 61 61 61 61 62 62 62 62 62 62 62 62 62 62 63
    62 62 62 63 63 62 64 64 64 65 64 64 64 64 63 63 64 64 65 65 64 65 64
    64 64 64 64 64 64 64 63 63 64 64 64 64 65 65 65 64 64 64 63 63 63 63
    62 63 63 63 62 62 62 62 63 64 64 63 62 63 62 62 63 63 64 64 64 64 64
    64 65 65 65 65 65 66 66 66 67 66 65 65 66 66 66 66 65 65 65 65 65 66
    66 66 66 66 65 66 65 65 65 66 65 65 64 64 64 64 64 63 63 63 63 63 63
    63 62 62 62 63 62 62 62 62 63 63 63 63 63 63 63 62 63 63 63 63 63 63
    62 62 62 62 62 63 63 63 63 63 63 62 62 62 63 62 62 63 63 63 63 61 62
    62 62 63 63 63 64 64 63 63 63 63 63 63 64 64 63 63 64 64 63 64 63 64
    65 64 64 64 64 65 65 64 65 65 64 65 64 64 64 64 64 65 65 64 64 65 64
    65 64 64 65 65 64 65 64 64 64 64 63 64 63 63 62 62 62 62 61 62 62 62
    62 62 63 63 63 62 63 62 61 61 61 61 61 61 61 62 62 62 62 62 62 62 62
    62 62 63 62 62 62 62 63 63 64 65 65 65 65 64 65 64 64 64 64 65 65 65
    65 66 65 65 64 64 64 65 64 64 63 63 64 64 64 65 65 65 65 65 65 64 64
    63 63 63 62 63 63 63 62 62 63 62 63 64 64 64 63 63 63 63 63 63 64 64
    64 64 65 65 65 66 65 66 66 66 67 67 67 66 66 66 66 66 66 66 66 65 65
    65 66 66 67 66 66 66 66 66 66 66 66 66 65 65 65 64 64 64 64 64 64 64
    64 64 64 63 63 62 62 63 61 61 61 61 62 62 62 62 62 62 62 62 62 62 63
    63 63 62 62 62 62 62 62 62 63 63 63 63 63 63 62 62 63 62 62 63 63 63
    62 61 62 62 62 63 63 63 63 63 63 63 63 63 63 63 64 64 64 63 64 65 63
    64 63 64 65 64 64 64 64 65 65 64 64 65 64 65 64 64 64 64 64 65 64 64
    63 64 64 64 63 63 64 64 64 64 64 64 64 64 63 63 63 63 62 62 62 62 62
    62 62 62 62 62 63 63 63 63 63 62 61 61 61 61 61 61 61 62 62 62 62 62
    62 62 62 62 63 63 63 62 62 63 62 63 64 64 64 65 64 64 65 64 64 64 64
    64 65 65 64 65 65 64 64 64 65 65 64 64 64 64 64 65 65 65 65 65 65 65
    65 64 64 63 63 63 62 63 63 63 63 62 62 62 63 64 64 63 63 63 63 63 63
    63 64 64 64 64 65 65 65 66 65 66 66 66 67 66 67 66 66 66 65 66 66 66
    66 65 65 65 66 66 66 66 66 66 65 66 66 66 66 66 66 65 65 65 64 65 65
    64 64 64 64 64 64 64 63 63 63 63 61 62 62 61 62 63 62 62 62 62 62 62
    63 63 64 63 63 63 63 62 63 62 63 63 63 63 64 64 64 63 63 63 63 63 63
    63 63 63 63 61 62 62 62 63 63 63 64 63 63 63 63 62 63 63 63 64 63 63
    64 64 63 63 63 64 65 64 64 64 64 64 64 64 64 65 64 64 64 64 63 64 64
    65 64 64 64 64 64 64 64 64 65 65 65 65 64 64 65 64 64 64 64 64 63 63
    62 62 61 62 62 62 62 62 63 63 63 62 63 62 61 61 61 61 61 61 61 62 62
    62 62 62 63 63 63 63 63 64 63 63 63 63 63 63 64 65 65 65 64 64 65 64
    64 64 65 65 66 66 65 66 65 64 64 65 65 65 64 65 64 64 65 66 65 66 66
    66 65 65 65 64 64 63 63 63 62 63 64 63 63 62 62 62 63 64 64 64 63 63
    63 63 64 64 64 65 64 65 65 65 65 66 65 65 66 66 66 66 67 66 65 65 65
    65 65 65 65 64 64 65 65 65 66 66 66 65 65 66 65 65 65 66 66 65 65 65
    64 65 65 64 64 64 64 64 64 64 63 63 63 63 61 61 61 61 62 62 62 62 62
    62 62 62 63 63 63 63 63 63 62 62 62 62 62 63 63 63 63 63 64 63 62 63
    63 62 62 63 63 62 62 61 61 62 62 63 63 63 64 64 63 63 63 63 64 64 64
    64 64 64 64 65 64 64 64 65 65 65 64 64 64 65 64 64 65 65 64 65 64 64
    63 64 64 64 64 64 63 64 64 64 63 64 64 65 64 65 64 64 64 64 64 64 63
    63 63 63 63 62 62 63 63 62 62 63 63 64 63 63 63 62 62 62 62 62 62 62
    62 62 62 63 63 63 63 63 63 63 63 64 63 63 63 63 63 63 64 65 65 65 65
    64 65 65 64 64 65 65 66 66 65 65 65 64 64 65 65 65 64 65 64 64 65 65
    65 65 66 65 65 65 65 64 64 62 62 63 62 63 63 63 62 62 62 62 62 64 64
    63 62 62 62 63 64 64 64 64 64 65 65 65 65 66 65 65 66 66 66 66 67 66
    66 65 65 66 66 65 65 64 64 64 65 65 65 65 65 65 65 66 65 65 65 66 66
    65 65 64 64 64 64 64 63 64 64 64 64 64 63 63 63 63 61 61 61 61 62 62
    62 62 62 62 62 62 63 63 64 64 64 63 63 63 63 63 63 63 64 64 64 64 64
    63 62 63 63 62 62 63 63 62 62 61 61 61 62 62 63 63 64 63 63 63 63 63
    63 64 64 64 64 63 64 64 64 64 64 64 65 64 64 64 64 64 64 63 64 64 64
    64 64 64 63 64 64 64 64 64 63 64 64 64 63 64 65 65 65 65 64 64 64 64
    64 64 64 63 63 62 62 62 62 62 62 62 62 62 63 63 63 63 63 63 62 62 62
    62 62 62 62 62 62 63 63 63 63 63 63 63 63 64 63 63 63 63 63 63 64 65
    65 65 65 65 65 65 64 64 65 65 66 66 65 66 65 65 65 65 65 65 64 64 64
    64 65 65 65 65 65 65 65 65 64 64 63 62 62 62 62 63 63 62 62 62 62 62
    63 64 64 63 62 62 62 63 63 63 63 64 64 64 65 64 65 65 65 65 65 66 66
    66 67 66 65 65 65 66 66 65 65 64 64 65 65 65 65 66 66 65 65 66 65 65
    65 65 65 65 65 64 63 64 64 63 63 63 63 63 63 63 62 63 63 62 61 61 61
    62 63 63 62 63 63 62 63 62 63 63 64 64 64 63 63 62 63 62 63 63 63 63
    63 63 63 62 61 62 62 61 61 62 62 61 61 60 60 60 61 61 62 62 63 62 62
    62 62 62 63 63 63 64 63 63 64 64 63 64 63 64 64 64 64 64 64 64 63 63
    64 64 63 64 64 63 63 63 63 64 63 63 63 63 63 63 63 63 64 64 64 64 63
    63 64 63 63 63 63 63 63 62 62 62 62 62 62 62 62 62 63 64 64 63 64 63
    62 62 62 62 62 62 63 63 62 63 63 63 63 63 63 63 63 64 63 63 62 63 63
    63 64 64 65 65 65 65 65 65 64 64 65 65 66 66 65 66 65 64 64 65 65 65
    64 64 63 64 64 65 65 65 65 65 65 64 64 64 63 62 62 62 62 62 63 62 62
    62 62 62 62 63 63 62 61 62 62 62 63 62 62 63 63 63 64 64 64 65 64 64
    65 65 65 65 66 65 65 65 65 65 65 64 64 64 64 64 64 65 65 65 65 65 64
    65 65 65 65 65 65 65 65 64 63 63 63 63 62 62 63 63 63 63 62 63 63 62
    62 62 62 63 64 64 64 64 64 64 64 64 64 64 65 65 65 64 64 64 64 64 64
    64 64 64 64 64 64 63 62 63 63 62 62 62 62 61 61 60 60 60 60 61 61 61
    62 62 62 61 62 62 62 63 63 63 63 62 63 64 63 63 63 64 64 64 63 64 63
    64 63 63 63 64 63 64 64 63 63 63 63 64 63 63 63 63 63 64 63 63 64 64
    64 64 63 63 64 63 63 63 63 63 63 62 63 62 62 62 62 62 62 62 63 63 63
    63 64 63 62 62 62 62 62 62 62 62 62 62 62 62 62 62 62 63 63 63 63 62
    62 63 62 63 63 64 64 64 64 64 65 65 64 64 65 65 66 66 65 66 65 65 64
    65 65 65 64 64 63 64 65 65 65 65 65 65 65 65 64 64 64 62 62 62 62 63
    63 63 63 62 62 62 63 64 63 63 62 62 62 62 63 62 63 63 63 63 64 64 64
    65 64 64 65 65 65 65 65 65 65 64 64 65 64 64 64 63 63 64 64 64 64 64
    65 64 64 65 64 64 64 64 64 64 64 63 63 63 63 63 63 63 63 63 63 63 62
    63 62 62 63 63 63 64 65 65 65 65 65 65 65 65 65 65 66 66 66 65 65 65
    65 64 64 64 65 65 65 64 64 63 63 63 63 62 62 62 62 61 61 60 60 60 60
    61 61 61 62 62 61 61 61 61 62 63 63 63 63 62 63 63 63 63 63 64 64 64
    63 64 64 64 64 63 64 64 64 64 64 63 63 63 63 64 64 63 63 63 64 64 63
    64 64 64 64 64 63 63 63 63 63 63 63 63 63 62 62 61 61 62 62 62 62 62
    62 63 63 63 63 63 62 62 62 62 62 62 62 62 62 62 63 62 62 62 62 63 63
    63 63 62 62 62 62 62 63 64 64 65 64 64 65 65 64 64 64 64 65 65 65 65
    64 64 64 64 65 65 64 64 63 63 64 64 64 64 64 64 64 64 64 64 64 62 62
    63 62 63 63 62 62 62 62 62 63 64 63 63 62 62 62 62 63 63 63 63 63 63
    64 64 64 65 64 65 65 65 66 65 66 65 65 65 65 66 65 64 64 64 64 64 64
    64 64 64 65 64 64 64 64 64 64 64 64 64 64 63 62 63 62 62 62 62 62 62
    62 62 62 62 62 61 63 63 64 64 65 65 65 65 65 65 65 65 65 65 66 66 66
    65 65 64 64 64 64 64 65 64 64 64 64 63 63 62 62 62 61 62 61 61 60 60
    59 59 60 61 61 61 62 62 61 61 62 62 62 62 62 63 63 62 63 63 63 63 63
    64 64 64 63 63 63 64 64 63 64 64 64 64 63 63 63 63 63 64 64 63 63 63
    64 64 63 64 64 64 64 64 63 63 63 63 62 63 63 63 63 62 62 62 61 62 62
    61 61 62 62 62 62 62 62 62 61 61 61 61 61 61 61 61 61 62 62 62 62 62
    63 63 64 64 63 63 63 63 63 63 64 64 65 65 65 65 65 65 64 63 64 64 65
    64 64 64 64 63 63 64 64 64 63 63 62 63 63 63 64 64 64 64 64 64 64 63
    63 62 62 62 62 62 62 62 62 61 61 62 62 63 63 62 62 62 62 62 63 63 63
    63 63 63 64 64 64 65 64 64 65 65 65 65 65 65 65 65 65 65 65 64 64 63
    63 63 64 64 64 65 65 64 64 64 64 64 64 64 64 64 64 63 63 63 63 62 62
    63 63 63 63 62 62 63 62 62 64 65 65 65 66 66 66 66 66 66 66 66 66 66
    67 67 67 66 66 65 65 65 65 65 65 65 65 65 64 64 63 63 63 63 62 63 62
    61 61 60 60 60 61 61 62 62 62 62 62 62 62 62 62 63 62 63 63 62 63 63
    62 63 63 64 64 64 63 63 63 64 63 63 64 64 64 63 63 63 62 63 63 64 63
    63 63 63 63 63 63 63 64 64 64 64 63 63 63 63 63 63 63 64 63 63 63 62
    62 62 62 62 62 62 62 63 63 63 63 62 61 61 61 62 61 61 61 61 61 62 62
    62 62 62 62 63 63 64 63 63 63 63 63 63 64 64 64 64 64 64 64 64 63 63
    63 63 64 64 63 64 63 63 63 63 63 63 62 62 61 61 62 63 63 63 63 63 63
    63 63 63 63 62 62 62 62 62 62 62 62 61 62 62 62 63 64 63 62 62 62 63
    63 63 63 64 63 64 64 64 65 65 64 65 65 66 66 66 66 65 65 65 65 66 66
    64 64 64 64 64 64 65 64 65 65 64 64 65 65 64 64 63 64 64 64 63 63 63
    63 63 63 63 63 64 64 63 63 63 63 62 64 64 65 65 65 66 65 66 66 66 65
    65 66 66 67 67 67 66 66 65 65 65 65 65 65 65 65 65 64 64 63 63 63 62
    62 63 62 61 61 60 60 60 60 61 61 61 61 61 61 61 61 61 61 62 62 62 62
    62 63 63 62 63 63 64 64 64 64 63 63 64 64 63 64 64 64 64 63 63 63 63
    63 64 63 62 63 63 63 63 62 63 63 64 64 64 63 63 63 63 62 62 63 63 63
    62 62 62 61 62 62 61 62 62 62 63 63 63 63 62 61 62 61 62 61 61 61 62
    62 62 63 62 63 63 62 63 64 64 64 64 63 64 63 63 64 64 65 65 65 65 65
    65 64 63 64 64 64 64 64 64 64 63 63 63 63 64 63 63 62 62 63 63 63 64
    64 64 64 64 63 63 63 62 63 63 62 63 62 62 62 62 62 62 63 64 63 63 62
    62 62 63 63 63 64 64 63 63 64 64 64 65 64 65 65 66 66 66 66 65 65 65
    65 66 66 65 64 64 64 64 64 65 64 65 65 64 64 64 64 64 64 63 63 64 64
    63 62 62 62 62 62 63 63 63 63 63 63 63 62 62 65 64 65 65 66 66 66 66
    67 66 66 66 67 67 67 67 67 66 66 66 65 65 65 65 65 65 65 65 64 64 63
    63 62 61 61 62 61 60 60 59 59 59 59 60 60 60 60 60 60 60 60 61 61 61
    61 62 61 61 62 62 62 62 62 63 63 63 63 63 63 64 64 63 64 64 64 64 63
    63 63 63 63 64 63 63 63 63 64 64 63 64 64 64 64 65 64 64 64 64 63 63
    64 64 63 63 63 62 62 63 62 62 62 62 62 63 63 62 62 62 61 61 61 61 61
    61 61 61 61 62 62 61 62 62 62 63 63 63 62 62 62 62 62 62 63 63 63 64
    64 64 64 64 63 62 63 63 64 63 63 64 63 63 63 63 63 63 63 63 62 62 63
    63 63 64 64 64 64 64 64 64 64 63 63 63 62 63 63 62 63 62 62 62 63 64
    64 63 62 62 62 63 63 63 63 64 63 63 64 64 64 65 64 65 65 66 66 66 66
    65 65 65 65 65 65 64 64 64 64 64 64 64 64 64 64 64 63 64 64 64 63 63
    63 64 63 63 62 62 62 62 62 62 62 63 63 63 62 63 62 62 65 65 65 65 66
    66 66 66 66 66 66 66 66 66 67 66 67 66 66 65 65 65 65 65 65 65 65 65
    64 64 63 63 62 61 61 62 61 60 60 60 59 59 60 60 60 60 60 60 60 60 61
    61 61 62 61 62 62 62 63 63 62 62 63 63 63 64 64 64 64 64 64 64 64 65
    64 64 63 63 63 63 63 64 63 63 63 63 63 64 63 63 64 64 64 65 64 64 64
    64 63 63 64 64 64 64 64 63 62 63 63 63 63 63 63 63 64 63 63 63 61 62
    61 61 61 61 61 62 61 62 62 61 62 62 61 62 63 63 62 62 62 62 62 62 62
    63 63 63 63 63 63 63 63 62 63 62 63 63 63 64 63 63 63 63 63 63 63 63
    62 62 63 63 63 64 64 64 64 63 63 63 64 63 63 63 62 62 62 62 62 61 62
    62 63 63 63 63 62 62 62 63 63 63 64 64 64 64 64 64 65 65 64 65 65 65
    66 66 65 65 65 65 64 65 65 64 64 64 64 63 63 64 63 64 64 63 63 64 64
    64 63 63 63 64 63 63 62 63 63 62 62 63 63 63 63 63 63 63 63 62 64 64
    65 65 65 66 65 66 66 66 66 66 67 67 67 66 67 66 66 65 65 65 65 65 65
    65 65 65 64 64 64 63 63 62 62 62 61 61 60 60 60 59 60 60 61 60 61 61
    61 61 61 62 61 62 62 62 62 62 63 63 62 62 62 63 63 64 64 64 64 64 64
    63 64 64 64 63 63 62 62 62 62 63 62 62 62 62 63 63 62 63 63 63 64 64
    63 64 64 64 63 63 64 64 64 63 64 63 62 63 63 63 63 63 63 64 64 63 63
    63 62 62 62 62 61 61 62 62 62 62 63 62 62 63 62 63 63 63 62 62 62 62
    62 62 63 63 63 63 63 63 63 63 63 62 62 62 63 63 63 64 63 63 63 63 63
    63 63 63 62 62 63 63 63 63 64 64 63 63 63 63 64 63 63 62 62 62 62 62
    62 61 62 62 63 64 63 63 63 63 63 63 63 63 64 64 64 64 64 64 64 65 64
    64 65 65 65 65 65 64 64 64 64 64 64 63 63 63 63 63 63 63 63 63 63 63
    62 63 63 63 62 62 62 62 62 62 61 62 62 62 62 62 62 62 62 62 62 62 62
    62 64 65 65 65 66 66 66 66 67 67 67 67 67 67 67 67 67 67 66 66 66 66
    66 66 66 66 66 66 65 65 64 64 63 63 62 62 61 61 61 60 60 60 60 61 61
    60 61 61 61 61 61 61 61 62 62 62 62 62 63 63 62 63 63 63 64 64 64 64
    64 64 64 64 64 65 64 64 63 63 63 63 63 63 63 62 62 62 63 63 63 63 63
    64 64 64 64 64 64 64 63 63 64 64 64 64 64 63 62 64 63 63 64 64 64 64
    64 64 64 63 62 62 62 62 62 62 62 62 62 63 63 62 62 63 62 63 63 63 62
    63 62 63 63 62 63 63 63 63 63 63 63 63 63 62 63 62 63 63 63 64 63 63
    63 63 63 63 63 62 62 62 62 62 62 63 63 63 62 63 63 62 63 62 62 62 61
    61 61 61 61 61 61 61 62 63 62 63 62 62 62 63 63 63 63 63 63 63 63 63
    64 64 64 64 64 64 65 65 65 64 64 64 63 64 64 63 63 63 63 63 63 63 63
    63 63 63 62 63 63 63 62 62 62 63 63 62 62 63 63 62 63 63 63 63 63 63
    63 63 63 63 64 64 64 64 65 65 65 66 66 66 66 66 67 66 67 67 67 67 66
    66 66 66 66 66 66 66 66 66 65 65 64 64 63 63 63 63 61 61 61 61 60 60
    60 61 61 61 61 61 61 61 62 62 62 62 62 62 62 62 63 63 63 63 63 64 64
    64 64 64 63 64 64 63 64 64 64 63 62 62 62 62 62 63 62 61 62 62 62 62
    62 62 62 63 63 63 63 63 63 63 62 62 63 63 63 63 63 62 62 63 62 63 63
    63 63 64 64 63 63 63 62 62 62 62 61 62 62 62 62 62 62 62 62 63 62 63
    63 63 62 63 62 62 62 62 63 63 63 63 64 63 63 63 63 62 62 62 63 63 62
    63 63 62 63 63 62 63 62 62 62 62 62 62 62 62 63 63 62 63 63 63 63 63
    63 63 62 62 62 62 62 62 62 62 62 63 63 63 63 63 63 63 63 63 63 63 63
    63 63 63 64 64 64 64 64 64 64 65 64 63 64 63 63 63 63 62 62 63 62 62
    62 62 62 63 63 62 62 62 63 62 62 62 62 62 62 62 62 63 63 63 63 63 63
    63 63 63 63 64 63 63 63 63 64 64 64 65 64 65 65 65 65 65 66 66 66 66
    66 66 66 65 65 66 66 66 66 65 65 65 65 65 64 64 63 63 63 63 62 61 61
    61 61 60 61 61 61 61 60 61 61 61 61 62 61 61 61 62 62 62 63 63 63 63
    63 63 63 64 64 64 63 64 63 63 64 64 64 63 63 63 63 63 63 63 62 62 62
    62 62 63 62 62 62 63 63 64 63 63 63 63 63 62 63 63 63 63 63 62 61 63
    62 62 63 63 63 63 64 63 63 63 62 62 62 62 62 62 62 62 62 62 63 62 62
    63 62 63 63 63 62 63 62 63 62 62 62 63 63 63 63 63 63 63 63 62 62 62
    63 63 62 63 62 62 62 62 62 62 62 62 62 61 62 61 62 62 63 62 62 62 62
    62 63 62 62 62 61 61 62 61 62 61 61 62 62 63 64 64 64 63 63 63 63 63
    64 64 64 64 64 64 64 64 64 64 65 65 65 65 65 64 64 64 63 64 64 63 63
    63 63 63 63 63 63 64 63 63 63 63 63 63 62 62 63 63 63 62 63 63 63 63
    63 63 63 63 63 63 63 64 63 63 62 63 63 63 64 64 64 65 65 64 65 65 66
    66 66 66 66 66 66 65 65 66 66 66 66 66 66 66 66 65 65 64 64 63 63 63
    62 62 61 61 61 61 61 61 61 61 60 61 61 61 61 62 61 61 61 62 62 62 62
    62 62 62 62 63 63 63 63 63 63 63 63 63 63 64 64 63 63 63 63 63 63 63
    62 62 62 62 63 63 62 62 63 63 63 64 63 63 63 63 63 62 63 63 63 63 63
    62 62 63 62 63 63 63 63 64 64 63 64 63 62 62 62 62 62 62 62 63 62 63
    63 62 63 63 63 63 64 63 63 63 62 63 63 62 63 63 63 63 63 63 63 63 62
    62 62 61 62 62 61 62 62 62 62 62 62 62 61 62 61 61 61 61 62 62 63 62
    62 62 62 62 62 62 62 62 61 61 61 61 61 61 61 61 62 62 63 63 63 63 62
    63 63 63 63 63 63 63 63 63 64 64 64 64 65 65 65 65 65 64 65 64 64 64
    64 63 63 63 63 63 64 64 64 64 64 63 63 64 64 63 63 63 63 63 63 63 63
    63 63 63 63 63 63 63 63 63 63 64 64 64 62 62 63 63 63 64 64 64 64 64
    64 65 65 65 65 65 65 65 65 65 65 65 65 65 66 65 65 66 66 65 65 64 64
    63 63 63 62 62 62 62 61 61 61 61 62 61 61 61 61 61 62 62 62 62 61 62
    62 62 63 63 62 62 62 63 62 63 63 63 63 63 63 63 64 64 64 63 63 63 63
    63 63 63 62 62 62 62 62 63 62 62 63 63 63 64 63 64 63 63 63 62 63 63
    63 63 63 63 62 63 63 63 63 64 63 64 64 64 64 63 62 62 62 62 62 62 63
    63 63 63 63 62 63 63 63 63 64 63 62 63 63 63 63 62 63 63 63 62 63 62
    63 63 62 61 62 61 62 62 62 62 62 61 62 62 62 62 61 62 61 61 62 62 62
    63 63 63 62 63 63 63 63 62 62 62 61 61 61 61 62 61 61 61 62 63 63 63
    63 63 62 63 63 63 63 63 63 63 63 63 64 64 64 64 64 64 65 65 65 64 64
    64 64 64 63 63 63 63 63 63 63 63 63 63 63 62 62 63 63 63 63 63 63 63
    63 62 63 63 63 63 63 64 64 64 63 64 64 64 64 64 63 63 64 64 64 65 64
    65 65 65 64 65 65 65 65 65 65 65 65 65 64 65 65 65 65 65 65 66 65 65
    65 65 65 64 63 63 62 62 62 62 62 61 61 61 61 61 61 61 61 61 61 61 61
    61 60 61 61 61 62 62 62 62 62 62 62 63 63 63 63 63 63 63 64 64 64 64
    63 63 63 64 63 63 63 62 63 63 63 63 63 63 63 64 64 65 64 65 64 64 63
    63 63 64 64 64 64 64 63 64 64 64 64 64 64 65 65 64 64 64 63 63 63 63
    63 63 63 63 63 63 63 62 62 63 63 63 64 63 63 63 63 63 63 62 63 63 63
    62 63 62 63 63 62 61 62 61 62 62 61 62 62 61 62 62 62 62 62 62 61 62
    62 62 63 63 63 63 62 63 63 62 63 62 62 62 61 61 61 61 62 61 60 61 61
    62 62 62 62 62 62 62 62 63 63 63 63 63 63 63 63 64 63 64 64 64 64 64
    64 64 64 63 63 64 63 63 63 63 63 62 63 63 63 63 63 62 62 63 63 63 63
    63 63 63 63 62 63 63 63 63 63 63 63 63 63 63 64 64 64 64 62 63 63 64
    64 65 65 65 65 65 65 65 66 66 66 66 66 66 66 65 65 65 66 66 66 66 66
    66 66 66 65 65 65 64 63 63 62 62 61 62 61 61 61 60 61 60 60 60 60 60
    61 61 60 60 60 61 61 61 62 62 61 62 62 62 62 63 62 63 63 63 63 64 64
    64 64 64 63 63 63 64 64 63 63 62 63 63 63 63 63 63 63 64 64 65 64 65
    64 64 63 63 63 64 64 64 64 64 63 64 63 64 64 64 64 64 64 64 64 64 63
    63 62 63 63 63 63 63 63 63 63 62 62 63 63 63 64 63 62 63 62 63 63 63
    63 63 63 62 63 62 62 63 62 61 62 61 62 62 61 62 62 61 61 61 61 61 61
    61 60 60 61 61 61 62 62 62 61 62 61 61 62 61 61 61 61 61 61 61 61 61
    60 61 61 62 63 63 63 62 62 63 63 63 63 63 63 63 63 63 63 64 63 64 64
    64 64 64 64 64 64 63 63 64 63 63 63 63 63 63 63 63 63 64 64 63 63 64
    64 64 64 64 64 64 64 63 64 64 64 64 64 64 64 64 64 64 65 65 65 65 62
    63 63 63 64 64 64 64 64 64 64 65 65 66 66 66 66 66 66 66 65 65 66 65
    66 66 66 66 66 66 66 65 65 64 64 64 63 62 62 62 62 61 61 61 61 61 60
    61 61 61 61 61 60 60 60 61 61 61 62 62 62 62 62 62 62 63 63 63 63 64
    64 64 64 65 65 65 64 64 64 64 64 64 64 63 63 63 64 64 64 64 64 64 64
    65 64 64 64 64 63 63 63 63 63 63 63 63 62 63 62 63 63 63 63 64 63 63
    64 63 62 62 62 62 62 63 63 63 63 63 63 62 62 63 63 63 64 63 62 63 62
    63 63 62 62 63 62 62 62 62 62 62 61 61 61 61 61 61 61 61 61 60 61 61
    61 61 60 61 60 60 60 60 61 62 62 61 61 61 61 61 61 61 61 61 60 60 61
    60 61 61 60 60 61 62 62 62 62 62 62 62 62 62 63 63 63 63 63 63 63 63
    63 64 64 64 64 64 64 64 64 63 63 64 64 63 64 64 64 63 64 64 64 64 64
    63 63 64 64 64 63 63 64 64 64 63 64 64 64 64 63 63 63 64 63 64 64 65
    64 64 62 63 63 63 64 64 64 64 64 64 64 65 65 66 66 66 66 66 66 65 65
    65 66 66 66 66 66 67 67 66 66 65 65 64 64 64 63 62 62 62 62 62 62 61
    61 61 61 61 61 61 61 61 60 61 60 61 61 61 62 62 62 62 62 62 62 63 63
    63 63 64 64 64 64 65 65 65 64 64 64 64 64 64 64 63 64 64 64 64 64 64
    64 64 65 65 65 65 64 64 63 63 63 63 63 63 63 63 62 63 63 63 63 64 64
    64 64 64 64 64 63 63 63 63 63 64 64 64 64 64 64 63 63 64 64 64 65 64
    63 63 63 64 63 63 63 63 63 62 63 62 62 62 62 61 62 61 62 61 61 61 61
    60 61 61 61 61 61 61 60 61 61 61 61 62 62 61 61 61 61 61 61 61 61 61
    60 60 60 60 60 60 60 60 60 61 61 62 62 61 61 61 61 62 62 62 62 62 62
    62 63 63 63 63 63 63 64 64 64 63 64 63 63 63 63 63 64 64 64 63 64 64
    64 64 64 64 64 64 64 65 64 64 64 65 64 64 64 64 64 65 64 64 64 65 64
    65 65 65 65 65 62 63 63 63 64 64 64 64 64 64 64 65 65 65 65 65 65 65
    65 65 65 65 65 65 66 66 66 66 66 66 65 65 65 64 64 64 62 62 62 63 62
    62 62 61 62 61 61 61 61 61 61 61 61 60 60 61 61 61 62 62 62 62 62 62
    62 63 63 63 63 63 63 64 64 65 65 65 64 64 64 64 64 64 64 63 64 64 64
    64 64 64 64 64 64 65 65 65 64 64 63 63 63 63 63 63 63 63 62 63 62 63
    63 64 63 64 64 64 64 64 63 63 62 63 63 64 64 64 64 64 64 63 63 64 64
    64 64 64 63 63 63 63 63 62 63 63 63 62 62 62 62 62 62 61 62 61 62 61
    61 61 61 61 61 61 61 61 61 61 61 61 61 61 61 62 62 61 61 61 61 61 61
    61 61 61 60 60 60 60 61 60 60 60 60 61 62 62 62 61 61 62 62 62 62 62
    62 62 62 62 63 63 63 63 64 64 64 64 64 64 64 63 63 63 63 63 63 64 64
    64 64 64 64 65 64 64 64 64 64 64 63 63 64 64 64 63 64 64 64 64 64 64
    63 64 63 64 64 64 64 63 61 62 62 63 63 64 63 63 63 64 64 64 65 65 65
    65 65 65 65 65 65 65 65 65 66 66 66 66 66 66 66 65 65 65 64 64 63 63
    62 63 63 62 62 62 62 62 61 61 61 61 61 61 61 60 60 60 61 61 62 62 61
    62 62 62 62 63 63 63 63 63 63 63 64 64 65 64 64 64 64 64 64 64 64 63
    63 63 64 64 64 63 63 63 64 65 64 65 64 64 63 62 62 63 63 62 62 62 62
    63 62 63 63 63 63 64 64 64 64 63 62 63 62 63 63 63 64 64 63 63 64 63
    63 64 63 64 64 63 62 63 63 63 62 62 62 62 62 62 62 62 62 62 62 62 62
    61 62 62 61 62 62 61 62 62 62 62 62 62 61 61 61 61 62 62 62 61 61 61
    61 61 61 61 61 61 60 60 60 60 60 60 60 60 60 61 62 62 62 61 61 62 62
    62 62 61 62 62 62 62 62 62 62 62 63 62 63 63 63 62 63 62 62 62 62 62
    62 63 63 63 64 64 64 64 64 64 64 64 64 64 64 64 64 64 64 64 64 64 64
    65 64 65 64 64 64 64 64 65 65 64 62 63 63 63 63 64 63 63 64 64 64 65
    65 65 65 65 65 65 65 65 65 65 65 65 65 66 66 66 66 66 66 65 65 65 64
    64 63 63 63 63 63 63 63 62 63 62 62 62 62 61 61 61 61 61 61 61 61 61
    62 62 62 62 62 62 62 63 63 63 63 63 63 63 64 64 65 64 64 64 64 64 64
    63 63 63 63 63 63 63 63 63 63 63 63 65 64 64 64 64 63 63 62 63 63 62
    62 62 62 63 62 63 63 63 63 64 64 64 64 63 62 63 63 63 63 64 64 64 64
    64 64 64 64 64 64 65 65 64 63 63 63 63 63 62 62 62 62 62 62 61 61 62
    61 61 62 61 62 62 61 61 61 61 61 62 62 62 62 62 61 61 61 61 62 62 62
    61 60 61 61 60 60 60 60 60 59 59 60 59 60 59 59 59 60 60 61 61 61 61
    61 61 61 62 61 61 61 62 62 62 62 62 62 62 63 62 62 63 63 62 63 62 62
    62 63 62 63 63 63 63 64 64 64 64 64 63 63 64 64 64 63 63 64 64 64 63
    64 64 64 64 64 64 64 64 64 64 64 64 64 64 62 63 63 63 63 64 63 63 63
    64 64 65 65 65 65 65 65 65 65 65 65 65 65 65 65 66 66 66 66 66 66 66
    66 65 64 64 63 63 63 64 64 63 63 63 63 62 62 62 62 62 62 62 61 61 61
    61 62 62 62 62 62 62 62 62 62 63 63 63 63 63 63 64 64 64 65 64 64 64
    64 64 64 64 63 63 63 63 63 63 63 63 63 63 63 64 64 64 63 64 63 63 63
    63 63 62 63 62 62 63 63 63 63 64 64 64 64 64 64 64 63 63 63 63 63 64
    64 64 64 64 64 64 64 65 65 65 65 64 63 63 63 64 63 63 63 63 62 62 62
    62 62 62 62 62 62 62 62 62 62 62 62 61 62 62 62 62 62 62 61 61 61 61
    62 62 62 62 61 61 61 60 60 60 60 60 59 59 59 59 59 59 59 59 60 60 61
    61 61 61 61 61 61 62 61 61 61 62 61 61 62 62 62 62 63 63 63 63 63 63
    63 62 63 63 63 63 63 63 63 63 64 64 64 64 65 64 64 65 65 65 64 64 64
    64 64 64 64 64 64 64 64 64 64 64 64 64 64 64 64 64 62 63 63 63 63 64
    63 63 63 64 64 65 65 65 64 64 65 65 65 65 64 64 65 65 65 65 65 66 66
    66 66 66 65 65 64 64 63 63 63 64 64 63 63 63 63 63 63 63 62 62 62 62
    62 62 61 61 62 62 62 62 62 62 62 62 63 63 63 63 63 63 63 63 63 64 64
    64 63 63 63 63 63 63 63 63 63 63 63 63 63 62 62 62 63 64 64 64 63 64
    63 63 62 62 62 62 62 62 62 63 63 63 63 63 63 64 64 64 64 64 63 63 63
    63 63 64 64 64 64 64 65 64 64 65 65 65 65 64 63 63 64 64 64 63 63 63
    63 63 63 62 62 62 62 62 63 62 63 63 62 62 62 62 62 62 62 62 62 62 61
    61 61 61 61 61 61 61 60 61 60 60 60 60 59 60 59 59 59 58 59 59 59 59
    59 60 60 61 61 60 60 61 61 61 61 61 61 62 62 61 62 62 61 62 63 63 63
    63 63 63 64 63 63 64 64 64 64 64 64 64 64 65 65 65 65 65 65 65 65 65
    65 65 64 64 64 64 65 64 64 64 64 64 64 64 64 64 64 64 64 64 62 63 63
    63 63 64 63 63 63 64 64 64 65 65 64 64 65 65 65 65 65 65 65 65 65 66
    66 66 66 66 66 66 66 66 65 65 64 64 64 65 65 64 64 64 64 63 63 63 63
    63 62 62 61 61 61 61 61 61 62 62 62 62 62 62 62 63 62 62 62 62 63 63
    63 64 64 64 64 64 64 64 64 64 63 63 63 63 63 63 63 62 62 62 63 64 64
    64 63 63 62 62 62 62 62 62 62 62 61 62 62 63 63 63 63 63 63 64 64 63
    63 63 63 63 63 64 64 64 64 64 64 64 64 64 64 64 65 64 63 63 63 64 63
    63 63 63 63 62 63 62 62 62 62 62 62 62 62 62 62 62 62 62 62 62 62 62
    62 61 61 61 61 61 62 62 62 62 61 61 61 61 60 60 60 60 59 59 59 59 60
    60 59 60 60 61 61 62 62 61 61 61 61 62 62 61 62 62 62 62 62 63 62 63
    63 63 63 63 63 63 64 63 63 63 64 63 64 64 64 64 64 65 65 65 65 65 65
    65 65 65 64 64 64 64 64 64 64 64 64 64 64 64 64 64 64 64 64 64 63 63
    63 64 64 64 64 64 64 64 64 64 65 65 65 65 64 64 65 65 65 65 64 64 65
    65 64 65 65 65 66 66 66 66 66 66 65 65 64 64 64 65 65 64 64 64 64 64
    63 63 63 63 63 63 62 61 61 61 62 62 62 62 62 63 63 63 63 63 63 63 63
    63 63 64 63 64 65 64 64 64 64 64 64 64 63 63 63 63 63 63 62 62 62 62
    63 64 64 64 63 64 62 62 62 62 62 62 62 62 62 62 62 62 63 63 63 63 63
    64 64 63 62 63 62 63 63 63 64 63 64 64 64 64 64 64 64 64 64 64 63 63
    63 63 63 62 63 62 62 62 62 61 62 61 61 61 62 61 61 62 61 62 62 61 62
    62 62 62 61 61 61 61 60 61 61 62 62 61 60 61 61 60 60 60 60 60 59 59
    59 58 59 59 59 59 60 61 61 62 62 61 61 61 61 62 62 61 62 62 62 62 62
    63 62 63 63 63 63 64 64 64 64 63 64 64 64 64 65 65 64 64 65 65 65 65
    66 65 65 65 65 65 65 65 64 64 64 64 65 64 65 65 65 64 64 65 64 65 64
    64 64 64 62 63 63 63 63 64 63 63 64 64 64 65 65 65 64 64 65 65 65 65
    65 65 65 66 65 66 66 67 67 67 67 66 66 66 65 65 64 64 64 65 65 65 64
    64 64 64 63 63 63 63 63 62 62 61 61 61 61 62 62 62 62 62 62 63 63 63
    63 63 62 62 63 63 63 64 65 65 64 64 64 64 64 64 64 63 64 64 64 63 63
    62 62 62 63 64 64 64 64 64 63 62 62 62 62 62 62 62 61 62 62 62 62 62
    62 63 63 63 63 63 62 63 62 63 63 63 63 63 64 64 64 64 64 64 64 64 65
    64 63 64 64 64 64 62 63 62 62 62 62 61 62 62 62 61 62 61 61 62 61 62
    62 62 62 62 62 61 61 61 61 61 61 61 61 62 62 61 60 61 61 60 60 60 60
    60 59 59 59 58 59 60 59 59 60 61 62 62 62 62 62 61 62 63 63 62 63 63
    63 63 63 63 63 63 64 64 64 64 64 64 64 64 64 64 64 64 65 65 64 65 65
    65 65 65 65 65 65 65 65 65 64 65 64 64 64 64 64 64 64 65 65 64 64 65
    64 64 64 64 64 63 62 62 62 62 62 63 62 62 62 63 63 64 64 64 63 63 63
    64 64 64 63 64 64 64 64 65 65 65 66 66 66 66 66 66 65 65 64 63 63 64
    65 64 64 64 64 64 63 63 63 63 62 62 62 61 61 61 61 62 62 62 62 63 63
    63 64 64 63 63 63 63 63 64 64 65 65 65 64 64 64 65 64 64 64 64 64 64
    64 63 63 62 62 62 63 64 64 64 64 64 63 63 62 62 62 62 62 62 61 62 62
    62 62 62 62 62 63 63 63 63 62 63 62 63 63 64 64 64 64 64 65 64 64 65
    65 65 65 65 64 64 65 65 64 63 63 63 63 63 63 62 62 62 62 62 62 62 62
    62 62 62 62 62 62 62 62 61 61 61 61 61 60 60 61 61 61 61 60 60 60 59
    59 60 59 60 58 58 58 58 59 59 59 59 60 61 62 62 62 62 62 62 62 63 63
    63 63 64 64 64 64 64 63 64 64 64 64 64 65 64 65 64 64 64 64 64 65 65
    64 64 65 65 65 65 65 64 64 64 64 64 64 64 64 64 63 63 64 63 64 64 64
    63 63 64 63 63 63 63 63 62 61 62 61 61 61 62 61 61 61 62 62 63 64 63
    62 62 63 63 64 63 63 64 64 64 64 65 65 65 66 66 66 66 66 66 65 65 64
    64 64 65 65 64 64 63 64 64 63 63 63 63 62 62 61 61 61 61 61 61 62 62
    62 62 63 63 63 64 63 63 63 63 64 64 64 65 65 65 65 65 65 65 65 65 64
    64 64 65 65 64 63 63 63 63 64 65 64 65 64 65 64 64 63 63 63 63 62 63
    62 62 62 62 62 62 62 63 63 63 63 63 62 63 63 63 63 63 64 64 64 64 64
    64 64 65 65 65 65 64 64 64 65 65 64 63 63 63 63 62 62 61 62 62 62 62
    62 62 62 62 62 63 63 62 63 62 62 62 61 61 62 61 61 61 62 62 62 61 60
    61 61 60 60 60 60 60 59 59 59 58 59 60 59 59 60 61 62 62 62 62 62 62
    62 64 63 63 64 64 64 63 63 64 63 64 64 63 64 64 64 64 64 63 64 64 64
    64 64 64 64 64 64 64 64 64 65 64 64 64 64 64 64 64 64 64 63 63 64 63
    64 63 63 63 62 63 63 63 63 63 63 62 61 62 62 62 62 62 62 61 62 62 63
    63 64 63 63 63 63 64 64 64 64 64 64 64 64 65 64 65 65 65 65 66 66 66
    65 64 63 63 63 64 64 64 63 63 63 63 63 62 62 62 62 62 61 61 61 61 61
    61 62 62 62 62 62 63 63 64 64 63 63 63 64 64 64 64 65 65 65 65 65 65
    65 65 64 64 64 65 65 64 64 63 63 63 64 65 65 65 64 65 64 64 63 63 63
    63 63 63 62 63 62 63 62 62 62 63 63 63 63 63 62 63 63 63 64 64 64 64
    65 64 64 65 64 65 65 65 65 64 64 64 65 64 64 63 63 63 62 62 62 61 61
    61 61 61 62 61 62 62 62 63 63 62 63 62 62 62 62 62 62 62 62 62 62 62
    63 62 61 61 61 60 60 61 60 61 59 59 60 59 60 61 60 60 61 62 62 63 63
    63 63 63 63 64 64 64 64 65 65 64 64 65 64 65 65 64 64 65 65 64 64 64
    64 64 64 64 65 64 64 64 64 64 64 64 64 63 63 63 63 64 63 64 63 63 63
    62 63 63 64 63 63 62 62 63 62 63 63 63 63 62 61 61 61 61 61 61 61 60
    61 62 62 62 63 62 62 62 62 63 63 63 63 63 63 63 63 64 64 64 65 65 65
    65 65 65 64 64 63 63 63 63 64 63 63 63 63 62 62 62 62 62 61 62 61 61
    61 61 61 62 62 63 63 63 63 63 64 64 64 64 64 64 64 64 64 65 65 66 65
    65 65 65 65 65 64 64 64 65 64 64 63 62 62 62 63 64 64 64 64 64 63 63
    63 63 63 63 63 63 62 62 62 63 62 62 62 63 63 63 63 63 62 63 62 63 63
    63 63 63 64 63 63 63 63 64 64 64 64 63 63 63 64 64 63 63 63 62 62 62
    61 61 61 61 61 61 62 62 62 62 62 62 63 62 63 62 62 62 62 62 62 62 62
    62 63 62 63 62 61 61 61 60 60 60 60 60 59 59 60 59 60 60 60 60 61 61
    62 62 62 62 62 62 63 64 64 63 64 65 65 64 64 64 64 64 64 64 64 64 64
    64 64 64 64 64 64 64 65 64 64 64 64 64 64 63 64 63 63 63 63 64 64 64
    63 63 63 63 64 63 64 63 63 62 62 63 63 63 63 63 63 63 61 62 61 61 61
    62 61 61 61 62 62 63 63 63 62 62 63 63 64 64 63 64 64 64 63 64 64 64
    65 64 64 64 65 65 64 63 63 62 63 63 63 63 63 63 63 62 62 62 63 63 62
    62 62 61 62 62 62 62 63 63 63 63 63 63 64 64 64 64 64 64 64 65 64 65
    65 66 65 65 65 65 65 65 65 65 65 65 65 65 64 63 63 63 64 65 64 64 64
    64 64 63 63 63 63 63 63 63 62 62 62 63 62 62 62 63 63 63 63 63 62 63
    62 63 63 64 64 63 63 63 63 63 63 64 64 63 63 62 62 63 63 63 63 62 62
    62 61 61 61 60 61 61 61 61 62 61 61 62 62 62 63 62 63 62 62 62 62 62
    62 62 62 62 62 62 62 61 61 61 61 60 60 60 60 60 59 59 59 59 60 60 60
    60 60 61 62 62 62 62 62 62 63 64 63 63 64 65 64 64 64 64 64 64 64 64
    64 64 64 63 64 63 63 63 63 63 64 64 63 64 64 64 63 63 63 62 62 63 63
    63 63 64 63 63 63 63 64 63 64 63 63 63 62 63 63 63 63 63 63 63 60 61
    61 61 61 61 61 60 61 61 62 63 63 63 62 62 63 63 63 64 63 64 64 64 64
    65 65 65 66 65 66 65 66 66 65 65 64 64 64 64 64 64 64 64 64 64 64 63
    64 64 63 63 62 62 63 63 63 63 63 64 64 64 64 64 64 65 64 64 64 64 64
    65 64 64 65 66 65 65 65 64 64 64 64 64 64 64 64 64 63 62 62 62 63 64
    64 64 63 64 63 63 62 62 62 62 62 63 62 62 62 63 62 63 63 63 63 63 63
    63 63 63 63 63 64 64 64 64 64 64 64 64 64 64 64 64 64 63 63 63 64 64
    64 63 63 63 63 62 62 61 62 61 62 62 62 62 62 62 62 63 63 62 63 63 62
    62 62 62 62 62 62 62 62 62 62 61 60 61 60 60 59 60 59 59 58 58 59 58
    59 59 59 59 59 60 61 61 61 62 62 62 62 63 63 63 63 64 64 64 64 64 64
    64 64 63 64 64 64 63 64 63 64 63 63 63 64 64 63 64 64 64 63 63 63 63
    63 63 63 63 63 64 63 63 64 63 64 63 64 63 63 63 63 64 63 63 64 64 64
    63 60 61 60 61 61 61 61 61 61 62 62 63 63 63 62 62 63 63 64 64 64 64
    65 65 65 65 65 66 66 66 66 66 67 66 65 65 65 64 64 65 65 65 64 64 64
    64 64 64 64 64 63 63 63 63 63 63 63 63 64 64 64 64 64 64 64 65 64 64
    64 64 64 65 64 64 65 66 65 65 65 65 65 65 64 65 65 65 65 64 64 63 63
    63 64 64 64 64 63 63 63 63 62 62 62 62 62 62 62 62 62 62 62 62 62 63
    63 63 63 63 62 63 63 63 64 64 64 63 64 64 63 64 63 64 64 63 63 63 63
    63 64 64 64 63 63 63 62 62 62 61 62 61 61 62 62 62 62 62 62 63 63 62
    63 62 62 62 62 62 62 62 62 62 62 62 62 61 61 61 61 60 59 59 59 59 58
    58 59 58 59 59 59 59 59 59 60 60 61 61 61 61 62 63 62 62 63 64 63 63
    64 64 63 64 64 63 63 63 64 63 64 63 64 63 63 63 64 63 63 64 64 64 64
    64 64 63 63 63 63 64 64 64 64 64 64 63 64 64 64 64 64 63 63 64 63 64
    64 64 64 63 60 60 60 60 60 60 60 60 60 61 61 62 62 62 62 62 63 63 63
    64 64 64 64 64 64 65 65 66 66 66 66 66 66 66 65 65 64 64 64 65 65 65
    64 64 64 64 64 64 64 64 63 63 63 63 63 63 63 63 64 64 64 64 64 64 65
    65 65 64 65 64 65 65 65 65 65 66 66 65 65 65 65 65 65 65 65 65 65 65
    64 63 63 63 63 64 63 63 63 63 62 62 62 62 62 62 62 62 62 62 62 62 62
    62 62 63 63 63 63 63 63 63 63 63 64 64 64 63 64 64 63 63 63 63 63 63
    63 63 62 63 64 64 63 63 63 63 62 62 62 61 62 61 61 62 62 62 62 62 62
    63 63 62 62 62 62 62 62 62 62 62 61 62 62 62 62 61 60 61 60 59 59 59
    59 59 58 59 59 59 59 59 59 59 59 59 60 60 60 61 60 61 61 62 62 62 62
    63 63 63 63 63 63 63 63 63 63 63 63 63 64 63 64 63 63 64 64 63 63 63
    64 64 63 63 64 63 63 63 63 64 64 64 64 65 65 64 65 64 65 65 64 64 64
    65 65 65 65 65 65 65 60 60 60 60 60 60 60 60 60 61 61 62 62 62 62 62
    63 63 63 64 63 63 64 64 64 65 64 65 65 65 65 65 66 65 65 64 64 64 64
    64 64 64 64 64 64 64 64 64 64 64 63 63 63 63 63 63 63 63 64 64 64 64
    64 64 65 65 64 64 64 64 64 64 64 64 65 66 65 65 65 65 65 65 65 65 65
    65 65 64 64 63 62 63 63 64 63 63 63 63 63 63 63 62 62 63 62 63 62 62
    62 62 62 62 63 63 63 63 63 63 63 63 63 63 64 64 64 63 63 64 63 63 63
    63 63 63 63 62 62 63 64 63 63 63 62 62 62 62 62 61 61 61 61 62 62 62
    62 62 62 63 63 62 63 62 62 62 62 62 62 62 62 62 62 62 62 61 61 61 61
    60 60 60 60 60 59 59 60 59 60 60 60 60 60 60 61 61 61 61 61 61 62 63
    63 62 63 64 64 63 64 64 63 64 63 63 63 63 63 63 64 63 64 64 64 64 64
    63 63 63 63 63 63 63 63 62 62 62 62 63 63 64 63 64 64 63 63 63 64 63
    63 63 63 64 63 64 64 64 64 63 60 60 60 60 60 60 60 60 60 61 61 62 63
    63 62 62 63 63 64 64 64 64 64 64 64 65 65 66 65 66 66 65 66 66 65 65
    64 64 64 65 65 65 64 64 64 64 64 64 65 64 63 63 63 63 63 63 63 63 63
    64 64 64 64 64 65 65 65 64 64 64 65 65 64 64 65 66 65 65 65 65 65 65
    65 65 65 65 65 64 63 63 62 63 63 64 63 63 63 63 63 63 63 63 62 63 63
    63 63 63 63 63 63 63 64 64 64 64 64 64 64 64 64 64 64 65 65 64 64 65
    64 64 64 64 63 63 63 63 63 63 64 64 64 63 63 63 62 62 62 61 62 61 61
    62 62 62 62 62 62 63 63 62 63 62 62 62 61 61 61 62 61 62 62 62 62 61
    60 61 60 60 59 60 59 59 59 59 59 59 60 60 59 59 60 60 60 61 61 61 61
    61 62 63 63 62 63 64 64 63 64 64 63 64 64 63 63 63 64 63 64 64 64 64
    64 64 65 64 63 64 64 64 64 64 64 63 63 63 64 64 64 64 64 65 65 64 64
    63 64 64 63 63 64 64 64 64 64 64 64 64 60 61 60 60 60 60 60 60 61 62
    62 63 63 63 63 63 63 63 64 64 64 64 64 64 64 65 65 65 65 66 65 65 66
    65 65 64 64 64 64 64 64 64 64 64 64 64 64 64 64 64 62 63 63 63 63 63
    63 63 63 63 64 64 64 64 65 65 65 65 65 65 65 65 65 65 65 66 66 66 65
    65 65 65 65 65 65 65 65 64 63 62 62 62 63 63 63 63 63 63 63 63 63 63
    63 63 63 63 63 63 63 63 63 64 64 64 64 64 64 64 64 64 64 64 64 65 65
    64 64 64 64 64 64 64 64 63 63 63 63 63 64 64 64 64 63 63 63 63 62 62
    62 61 61 62 63 62 62 62 62 63 63 62 63 62 62 61 61 61 61 61 61 61 62
    62 62 61 61 61 61 60 60 60 60 60 59 60 60 59 60 60 60 60 60 61 61 61
    61 61 61 61 62 63 62 62 62 64 64 63 64 64 63 63 63 63 63 63 63 63 64
    63 64 64 64 64 64 63 63 63 64 64 63 63 63 62 62 63 63 63 63 63 63 64
    64 63 63 63 63 63 63 63 63 64 64 64 64 64 64 63 61 62 61 61 61 61 61
    61 62 62 62 63 64 63 63 63 63 63 64 64 64 64 64 64 64 65 64 65 64 65
    65 65 65 64 64 64 63 63 63 63 64 63 63 63 63 63 64 63 64 63 62 62 62
    62 63 62 63 63 63 63 64 64 64 64 65 65 65 65 65 64 65 65 65 65 65 66
    65 65 65 64 65 64 65 64 64 64 64 63 63 62 62 62 63 63 63 63 63 63 63
    63 63 63 63 64 63 64 63 63 63 64 64 64 64 64 64 64 64 64 64 64 64 64
    64 64 64 64 64 64 64 64 64 64 64 63 63 63 63 63 64 64 64 63 63 63 63
    62 62 62 62 61 62 63 63 63 62 62 63 63 63 63 63 62 62 62 62 61 61 62
    61 62 62 62 62 61 61 61 60 59 59 60 59 59 59 60 59 59 60 60 60 60 60
    61 61 61 61 62 62 62 62 63 63 62 63 64 64 64 64 64 63 63 63 63 63 63
    63 63 64 63 64 63 63 63 63 63 62 63 63 63 63 62 63 62 62 63 63 63 63
    63 63 64 64 63 63 63 63 63 63 63 63 64 64 64 64 65 65 64 61 62 61 62
    61 62 61 62 62 63 62 63 64 63 63 63 63 64 64 64 64 64 64 64 64 65 64
    64 64 65 64 64 65 64 64 64 63 63 63 63 63 63 63 63 63 63 64 64 64 64
    62 62 63 63 63 63 63 63 64 64 64 64 64 65 65 65 65 65 65 65 65 65 65
    65 65 66 66 65 65 65 65 65 65 64 64 65 64 64 63 63 63 63 63 64 64 64
    64 64 64 64 64 64 64 64 64 64 64 63 64 64 64 64 64 64 64 64 64 64 64
    64 64 64 64 64 64 64 64 64 64 64 64 64 64 64 64 63 63 64 65 64 64 64
    64 63 63 63 63 62 62 62 62 63 63 63 63 63 63 64 63 63 63 63 62 62 62
    62 62 62 61 62 62 61 62 61 60 60 60 59 59 59 59 59 58 59 59 59 60 60
    60 60 60 61 61 61 62 62 62 62 63 64 63 63 63 64 64 64 64 64 63 64 64
    63 63 63 63 63 63 63 63 63 63 63 63 62 62 63 63 63 62 62 63 62 62 62
    63 63 63 63 63 63 64 63 63 63 63 63 62 63 63 63 63 63 64 64 64 63 60
    60 60 60 60 60 60 61 61 62 62 63 64 63 63 63 63 64 64 64 64 64 64 64
    64 65 64 65 65 65 64 64 64 64 64 64 63 63 63 63 63 63 63 63 63 64 64
    64 64 64 63 63 63 63 64 64 64 64 64 65 65 65 65 65 66 66 66 66 66 65
    65 65 65 65 65 66 65 65 65 64 65 64 64 64 64 64 64 63 63 63 63 63 63
    64 63 63 64 64 64 64 64 64 64 64 64 64 63 63 63 63 63 64 63 63 63 63
    63 64 63 63 63 63 63 63 64 63 63 63 63 63 63 63 63 63 63 63 63 64 65
    64 64 64 63 63 63 63 63 62 62 62 62 63 63 63 63 63 63 64 63 63 63 63
    62 62 62 62 61 62 61 61 62 62 62 61 61 61 60 59 59 59 59 59 58 59 59
    59 60 60 60 61 61 61 62 62 62 63 63 63 63 64 63 63 63 65 65 65 65 65
    64 64 64 64 64 64 63 63 63 63 63 63 63 63 63 62 62 63 63 63 62 62 63
    62 62 63 63 63 63 63 63 63 64 63 63 63 64 63 63 63 63 64 63 63 64 65
    64 64 60 61 61 61 61 61 61 61 62 62 62 63 64 63 63 63 63 63 63 64 63
    63 64 64 64 65 64 64 64 64 64 64 64 64 64 64 63 63 63 63 63 63 63 63
    63 64 64 64 65 65 63 64 64 64 64 64 64 64 65 65 65 65 65 66 66 66 66
    66 66 65 65 65 65 65 65 66 65 65 65 64 65 64 64 64 64 64 64 63 63 63
    63 63 63 64 64 64 64 64 64 64 64 64 64 64 64 64 64 63 64 64 64 64 64
    64 64 64 64 64 64 64 64 64 64 64 64 64 64 64 63 64 64 64 64 64 64 63
    63 64 65 64 64 64 63 63 63 63 62 62 62 61 62 62 63 63 63 63 63 64 63
    63 63 63 62 62 62 62 62 62 62 62 62 62 62 62 62 62 61 60 60 60 60 60
    59 60 60 60 60 61 61 61 61 62 62 62 63 63 63 63 63 63 63 63 63 64 64
    64 65 64 63 63 64 63 63 63 63 62 63 62 63 63 62 63 63 62 62 63 63 63
    62 62 62 61 61 62 62 62 62 63 63 63 64 63 63 62 63 63 63 63 63 64 63
    63 63 64 64 63 61 62 61 61 61 62 61 62 62 62 62 63 64 63 63 63 63 63
    63 63 63 63 63 63 63 64 63 63 63 64 63 63 63 63 63 63 63 63 62 63 63
    63 63 63 63 64 64 64 65 64 63 63 64 64 64 64 64 64 65 65 65 65 65 65
    66 66 66 66 65 65 65 65 64 64 65 65 65 65 65 64 65 64 64 64 64 64 63
    63 63 62 62 63 63 64 64 64 64 65 65 64 64 64 64 65 64 64 64 63 64 64
    64 64 65 64 65 64 64 64 64 64 64 64 64 64 64 64 64 63 63 64 64 64 64
    64 64 64 64 64 65 65 64 64 63 63 63 63 63 63 63 62 62 63 64 63 63 63
    63 64 63 63 63 62 62 62 61 61 61 62 61 61 61 61 61 61 61 61 60 59 59
    59 59 59 59 59 59 59 60 60 60 60 61 61 62 62 62 63 63 62 63 63 63 62
    63 64 64 64 64 64 63 63 63 63 63 63 63 62 63 62 63 63 62 62 62 62 62
    62 63 63 62 62 62 61 61 62 63 62 63 63 63 63 64 63 63 63 63 63 63 63
    63 64 64 63 64 64 64 63 61 62 61 61 61 61 61 62 62 62 62 63 63 63 63
    63 63 63 63 63 63 63 63 63 63 64 63 63 63 63 63 63 63 63 63 63 63 63
    63 63 63 63 63 63 63 64 64 64 65 65 63 64 64 64 64 64 64 65 65 65 65
    65 65 66 66 66 66 66 65 65 65 65 65 64 65 66 66 66 65 64 65 64 64 63
    64 63 63 62 62 61 61 62 63 63 63 63 63 63 64 63 64 63 63 64 64 64 64
    63 64 64 64 64 64 64 64 64 64 64 64 64 64 64 64 64 64 63 64 63 63 64
    64 64 64 64 64 64 64 64 65 64 64 64 63 63 63 63 63 63 63 62 62 63 63
    63 63 63 63 64 63 63 63 62 62 62 62 62 62 62 61 61 61 61 61 61 61 61
    61 60 60 59 59 59 59 60 60 60 60 61 61 61 61 62 62 62 62 63 63 63 63
    63 63 62 63 64 64 64 64 64 63 63 63 63 63 62 62 62 63 62 63 62 62 62
    62 62 62 62 63 63 62 62 62 61 61 62 62 62 62 63 63 63 64 63 63 62 63
    62 62 62 62 63 63 63 63 64 63 63 61 62 61 62 61 62 62 62 62 62 62 63
    64 63 63 63 63 63 63 64 63 63 64 63 63 64 63 63 63 64 63 63 64 63 63
    63 63 63 63 63 63 63 63 63 63 64 64 64 65 65 63 64 64 64 64 64 65 65
    65 65 66 65 65 66 66 66 66 65 66 65 65 65 64 64 64 65 65 65 65 64 64
    64 64 63 63 63 63 62 61 61 61 62 62 62 62 62 63 63 63 63 63 63 63 64
    63 63 63 63 63 63 63 64 64 64 64 64 64 65 65 65 64 64 64 64 64 63 64
    63 63 63 64 64 64 64 64 64 64 64 65 64 64 64 63 63 63 63 63 63 63 62
    62 63 63 63 63 63 63 64 63 63 62 62 61 61 61 61 61 61 61 61 61 61 61
    61 61 61 61 60 60 59 59 59 59 59 59 59 60 60 60 60 61 62 62 62 62 62
    62 62 63 63 63 62 63 64 64 64 64 64 63 63 63 63 63 62 62 62 62 62 62
    62 62 62 62 61 61 62 62 62 61 61 62 61 61 62 62 62 63 63 63 63 64 63
    63 62 63 62 62 62 63 63 63 63 63 64 64 63 61 62 61 62 61 62 62 62 62
    62 62 63 63 63 63 63 63 63 63 63 63 63 63 63 63 64 63 63 63 63 63 63
    63 63 63 63 62 62 63 62 63 62 62 63 63 64 64 64 65 64 63 64 63 64 64
    64 65 65 65 65 66 66 66 66 66 66 66 66 66 66 65 65 65 65 65 66 66 66
    65 65 65 64 64 64 64 64 63 63 62 62 61 62 63 63 63 63 63 64 64 64 64
    64 64 64 64 64 64 63 64 64 64 64 64 65 65 65 65 65 65 65 65 65 65 64
    65 64 64 64 63 64 64 65 64 64 64 65 64 65 65 65 65 64 64 64 64 64 63
    63 63 62 63 63 63 63 63 63 63 64 63 63 62 62 61 61 61 61 61 61 61 61
    61 61 61 61 61 61 61 60 60 60 59 59 59 60 59 59 60 61 61 60 61 61 62
    62 62 62 62 62 62 63 62 62 62 63 63 63 63 64 63 63 63 63 63 62 62 62
    62 62 62 62 62 62 62 61 61 62 62 62 61 61 62 61 60 61 62 62 62 62 62
    63 64 63 63 62 62 62 62 62 63 63 63 63 63 64 64 63 60 61 60 61 61 61
    61 61 62 62 62 63 63 62 62 63 63 63 63 63 62 63 63 63 63 63 62 63 62
    63 62 62 62 62 62 62 62 62 62 62 62 62 61 62 62 63 63 63 64 64 63 64
    63 63 64 64 65 65 65 65 66 66 66 66 66 67 66 66 66 66 65 65 65 65 65
    65 65 66 65 65 65 64 64 63 64 63 63 63 62 61 61 62 62 62 62 63 63 63
    64 63 64 64 64 65 64 64 64 63 64 64 64 64 64 65 65 65 65 66 65 65 65
    65 65 64 65 64 64 63 63 64 64 64 64 64 64 64 64 65 65 64 64 64 63 63
    63 63 63 63 63 62 62 63 63 63 63 63 63 64 63 63 63 62 61 61 61 62 61
    61 61 61 61 61 62 61 62 62 61 61 61 60 60 60 60 61 60 60 61 61 61 61
    61 62 62 62 62 63 62 63 63 63 62 62 63 64 63 63 63 63 62 63 63 62 62
    62 63 62 62 62 62 62 62 62 62 61 61 61 61 62 61 61 61 61 60 61 62 62
    62 63 63 63 64 63 63 63 63 63 63 63 63 64 64 64 64 65 65 64 61 62 61
    62 61 62 62 62 63 63 63 64 64 63 63 63 64 63 63 64 63 63 64 63 63 64
    63 63 63 63 62 62 62 62 62 62 62 61 62 61 61 61 61 62 62 63 63 63 64
    64 62 63 63 63 64 64 64 64 65 65 65 65 65 66 66 66 66 66 65 65 65 65
    64 64 64 65 65 65 64 64 64 64 64 63 63 63 63 62 62 61 61 62 62 62 63
    63 63 64 64 64 64 64 64 65 64 65 64 64 64 64 64 65 65 65 65 65 65 66
    65 65 65 65 65 64 65 64 64 64 63 64 64 64 64 64 64 64 64 65 65 65 65
    64 64 64 64 64 63 63 64 63 63 63 64 63 63 63 63 64 63 63 63 62 61 61
    61 62 61 61 61 61 62 62 62 61 62 61 61 60 61 61 60 60 60 61 61 61 62
    62 62 62 62 62 63 63 63 63 63 63 63 63 63 63 63 64 64 64 64 64 62 62
    62 62 62 62 62 62 62 62 62 62 61 61 61 61 60 61 61 62 60 61 61 61 60
    61 62 62 62 63 63 63 64 63 63 63 63 63 63 63 64 64 64 64 64 65 65 64
    61 62 62 62 62 62 62 63 63 63 63 63 64 64 64 64 64 64 64 64 64 64 64
    64 64 64 63 64 63 63 63 63 63 62 62 62 62 61 62 62 61 61 61 61 62 62
    62 63 63 63 62 63 63 63 64 64 64 64 65 65 65 65 65 65 66 66 65 66 65
    65 65 65 64 63 64 64 65 65 65 64 64 64 64 63 64 63 63 63 62 62 62 62
    63 63 63 63 63 64 64 64 65 64 65 65 65 65 65 64 64 64 64 65 65 65 65
    65 65 65 65 65 64 65 64 64 65 63 64 63 63 63 63 64 63 63 63 64 64 64
    64 64 64 63 63 63 63 63 63 63 63 62 62 62 63 63 62 62 62 63 63 62 62
    61 61 61 61 62 61 61 61 61 62 62 62 62 62 62 62 61 62 61 61 61 61 62
    62 62 63 63 63 63 63 63 63 63 64 64 63 63 63 64 63 63 63 64 64 64 64
    64 63 63 63 63 63 62 62 62 62 62 62 61 61 61 61 60 60 61 61 61 60 61
    61 60 60 61 61 61 62 62 62 63 63 63 63 62 63 63 63 63 64 64 64 63 64
    65 64 64 61 61 61 61 61 62 62 62 63 62 62 63 64 63 63 64 64 64 64 64
    63 64 64 64 64 64 63 63 63 63 62 62 62 62 62 62 61 61 61 61 61 61 61
    61 61 62 62 63 63 63 62 63 63 63 64 64 64 64 65 65 65 65 65 65 66 66
    65 66 65 65 65 64 64 63 63 64 64 65 64 64 64 64 64 63 63 63 63 62 62
    62 62 63 63 63 63 63 64 64 65 64 65 65 65 65 65 65 65 64 65 65 65 65
    65 65 65 65 64 65 65 65 64 64 64 64 64 63 64 63 62 63 64 64 63 63 63
    64 64 64 64 64 64 64 63 63 63 63 63 63 63 62 62 63 63 63 62 62 63 64
    63 63 62 61 61 61 62 62 62 62 61 61 62 62 62 62 63 62 62 61 62 62 61
    61 61 62 62 62 62 62 62 62 63 63 63 63 63 63 63 63 63 63 63 63 63 63
    63 63 63 63 62 62 62 62 62 62 62 62 62 62 62 61 61 61 61 60 60 61 61
    61 60 61 61 60 60 61 61 61 62 62 62 63 63 63 63 63 63 63 63 63 64 64
    64 64 64 65 65 64 60 61 60 60 60 61 62 62 62 62 62 63 63 63 63 64 64
    63 63 64 63 64 64 63 64 64 63 63 63 63 62 62 62 62 62 62 61 61 61 61
    61 60 60 61 61 62 62 62 63 63 62 63 62 63 64 64 64 64 65 65 66 66 66
    66 66 66 66 66 65 65 65 65 65 64 64 65 65 65 65 64 64 64 64 63 63 63
    63 63 62 62 62 63 63 63 63 63 64 64 65 64 65 65 65 65 65 65 65 65 65
    65 66 66 65 66 65 65 65 66 66 65 65 65 65 64 65 64 64 64 63 63 64 64
    63 63 63 64 64 64 65 64 64 64 64 64 64 63 63 63 63 62 63 63 63 63 63
    63 63 64 63 63 62 62 62 62 62 62 62 62 61 62 62 62 62 63 63 63 62 61
    62 62 62 62 62 63 62 62 63 63 63 62 63 63 63 63 64 64 63 64 63 64 63
    63 63 64 63 64 63 63 62 62 62 62 62 62 62 62 62 62 61 61 60 61 60 60
    60 61 61 61 60 61 61 60 60 61 62 62 62 62 62 63 64 63 63 63 63 63 63
    64 64 65 64 64 65 66 65 65 60 60 60 60 60 61 62 62 62 61 62 62 63 62
    63 63 63 63 62 63 62 63 63 63 63 63 62 63 62 63 62 62 62 61 61 61 61
    61 61 61 61 61 61 61 61 62 62 63 63 63 62 63 63 63 64 64 64 64 65 65
    66 66 66 66 66 66 66 66 66 66 65 65 65 64 64 65 65 65 65 64 65 65 65
    64 64 63 63 63 62 62 62 63 63 64 64 64 64 64 65 65 65 65 65 66 66 66
    65 65 65 66 66 66 66 66 66 65 65 66 65 65 65 65 65 64 65 64 64 64 63
    63 64 64 63 63 63 64 63 64 64 64 64 64 64 64 64 64 63 64 63 63 63 63
    64 64 63 63 63 64 64 63 63 62 62 62 62 62 62 62 62 62 62 62 62 62 63
    62 62 61 62 62 62 62 62 63 62 62 63 63 63 62 63 63 62 63 63 63 63 64
    63 64 63 63 63 63 63 63 63 63 62 62 62 62 62 62 62 61 61 61 61 61 61
    61 60 60 60 61 61 61 60 61 61 60 60 61 62 62 62 63 63 64 64 63 64 64
    64 64 64 64 65 65 65 65 65 67 66 66 61 61 61 61 61 62 62 63 62 62 62
    63 64 63 63 64 64 63 63 63 63 63 63 63 63 64 63 63 63 63 62 62 62 62
    62 61 61 61 61 61 61 61 61 62 62 62 62 63 64 64 63 63 63 63 64 64 64
    64 65 65 66 66 65 65 65 65 65 65 65 65 65 65 64 63 63 64 64 65 65 64
    64 64 64 64 63 63 63 63 62 62 63 63 63 63 64 64 64 65 65 65 65 65 65
    66 65 65 65 64 65 65 65 66 65 65 65 65 65 65 65 65 64 64 64 64 64 63
    63 63 62 63 63 63 62 62 63 63 63 63 64 64 64 63 63 63 63 63 63 63 63
    63 63 64 64 64 64 63 64 64 64 64 64 63 63 63 63 63 63 63 62 62 63 63
    63 63 63 63 63 62 63 62 62 62 63 63 63 63 63 63 63 62 63 63 62 63 64
    64 63 64 63 63 63 62 62 63 63 63 63 63 62 62 62 62 62 62 62 62 62 62
    62 61 61 61 61 61 61 62 62 62 61 62 62 61 61 62 63 63 63 63 64 64 65
    64 65 64 65 65 65 65 66 66 66 66 66 67 67 67 61 62 61 61 61 62 63 63
    63 62 63 63 64 63 63 64 64 63 63 63 63 63 63 63 63 63 63 63 63 63 62
    62 62 62 62 61 61 61 61 61 61 61 61 62 61 62 63 63 64 64 63 64 63 64
    64 64 64 64 65 65 66 66 65 65 65 65 65 65 65 65 65 65 64 63 63 64 64
    65 64 64 64 65 64 64 64 63 63 63 62 63 63 63 63 63 64 64 64 64 65 64
    65 64 65 65 65 65 65 64 65 65 65 66 65 66 65 65 65 65 65 65 64 65 64
    64 64 63 63 63 62 63 63 63 63 62 63 63 63 63 64 64 64 64 64 64 63 64
    64 64 64 64 64 64 65 64 64 64 64 64 64 64 64 63 63 63 63 63 63 63 62
    62 62 62 62 63 63 63 62 62 63 62 62 62 63 63 63 63 64 64 63 63 63 63
    63 63 64 64 63 64 63 63 63 62 62 63 63 63 63 63 62 62 62 62 62 62 62
    62 62 62 62 61 61 61 60 60 60 61 62 62 62 62 62 62 61 62 63 63 64 64
    64 65 65 65 65 65 65 65 65 66 67 67 67 67 67 68 68 67 60 60 60 60 60
    61 62 62 62 61 62 63 63 62 63 63 63 63 62 63 62 63 63 63 63 63 63 63
    63 64 63 62 62 62 62 62 61 61 62 62 61 61 61 62 62 63 63 64 64 64 63
    64 63 63 64 64 64 64 64 65 65 66 65 65 65 65 65 65 65 65 64 64 63 63
    63 64 64 64 64 63 64 64 64 63 63 63 62 62 62 62 62 63 63 63 63 63 63
    64 64 64 64 64 64 64 64 64 64 63 64 64 65 65 65 65 64 65 64 65 65 65
    64 64 64 64 64 63 63 63 62 63 63 63 63 62 63 63 62 63 63 64 63 63 63
    64 63 63 64 64 64 64 64 64 65 64 64 64 64 64 64 64 63 62 62 63 63 63
    63 63 62 62 62 63 63 63 63 63 63 62 63 63 62 62 63 63 63 63 64 63 63
    62 62 62 62 63 63 63 62 63 62 62 62 61 61 61 62 62 62 62 61 61 61 61
    62 62 62 62 62 62 62 61 61 61 60 60 60 62 62 63 62 63 63 62 62 63 64
    64 64 65 65 65 66 66 66 66 66 66 66 67 68 68 68 68 67 68 68 68 61 61
    61 61 61 62 62 63 62 62 62 63 63 63 63 63 64 63 63 63 63 63 63 63 63
    63 63 63 63 64 63 63 63 63 63 62 62 62 62 62 62 62 62 62 62 63 63 64
    64 64 64 64 63 64 64 64 64 64 64 65 65 66 65 65 65 65 65 65 65 64 64
    64 64 64 64 64 64 65 65 64 64 64 64 64 64 63 62 62 62 62 62 63 63 63
    64 63 63 63 64 64 64 63 64 64 64 64 64 63 64 64 64 65 65 65 64 64 64
    65 65 65 64 65 65 64 64 64 64 64 63 63 64 64 63 63 63 63 63 64 64 65
    64 64 64 64 64 64 64 64 64 64 64 64 65 64 64 64 64 65 64 64 64 63 63
    63 63 64 63 63 62 62 63 63 63 64 64 63 63 63 63 63 62 62 63 63 63 63
    64 63 63 62 62 62 62 63 63 63 62 63 62 62 62 61 61 61 61 61 62 62 61
    61 61 61 61 61 62 61 61 61 61 61 60 61 60 60 60 61 62 62 62 62 63 62
    62 63 63 63 64 64 64 65 65 65 65 65 65 65 65 66 66 67 66 66 66 67 67
    66 61 61 61 61 61 62 62 62 62 62 62 63 63 63 63 63 63 63 63 63 63 63
    63 62 63 63 63 63 63 64 63 63 63 63 63 62 62 62 62 62 62 62 62 63 63
    64 64 64 64 64 63 64 63 63 64 64 63 63 64 64 65 65 65 65 65 64 64 65
    64 64 64 64 64 63 64 64 64 65 65 63 64 64 64 64 63 63 62 62 62 62 62
    63 63 63 64 64 63 63 64 64 64 63 64 64 64 64 64 63 64 64 64 65 64 64
    64 64 64 65 65 65 64 65 64 64 64 64 64 63 63 64 64 64 64 64 64 64 64
    64 64 65 64 64 64 64 64 64 64 64 64 64 64 65 65 65 64 64 64 64 64 64
    64 63 63 63 63 64 63 63 62 62 63 63 63 63 64 63 63 62 63 63 62 62 62
    63 63 63 64 63 63 62 62 62 62 63 63 63 63 63 63 62 62 62 62 62 62 62
    62 62 62 62 62 61 62 62 63 62 62 62 62 62 61 61 60 61 61 62 63 63 63
    63 63 63 62 63 64 64 65 65 65 65 66 66 66 65 65 66 65 66 67 67 67 67
    67 67 67 67 61 61 61 61 61 62 62 62 62 61 62 62 63 62 62 63 63 63 62
    62 62 63 62 62 62 62 62 63 63 64 62 62 63 63 63 62 62 62 62 62 63 63
    62 63 63 64 63 64 64 64 64 64 63 64 64 64 64 64 64 65 66 66 66 66 66
    65 65 66 65 65 65 65 65 65 65 65 65 66 66 64 65 65 65 64 64 63 62 62
    62 62 62 63 63 63 64 64 64 64 64 64 64 64 64 65 65 64 64 63 64 64 64
    65 64 64 64 64 64 65 65 64 64 64 64 63 64 63 64 63 63 63 64 64 64 64
    64 64 64 64 65 65 64 64 64 64 63 64 64 64 64 64 65 65 65 65 64 64 64
    65 64 64 64 63 63 64 64 64 64 64 63 63 63 64 64 64 64 64 63 63 64 64
    63 63 64 64 64 64 65 64 64 63 63 63 63 64 64 64 63 64 63 63 63 62 62
    62 62 62 62 62 62 61 61 61 62 62 62 62 62 62 62 62 62 62 60 61 61 62
    63 63 63 63 63 63 62 63 64 64 64 64 65 65 65 65 65 65 65 65 65 66 66
    66 66 66 66 67 67 66 62 62 62 62 62 63 63 63 63 62 63 63 64 63 63 64
    64 63 63 63 63 63 63 63 63 63 62 63 63 64 63 62 63 63 63 62 62 62 62
    62 62 62 62 63 62 63 63 63 63 63 63 63 63 63 63 64 63 63 64 64 65 66
    65 65 65 65 65 65 65 65 65 65 65 64 65 65 65 66 65 64 65 65 65 64 64
    63 62 62 62 62 62 63 63 63 64 64 64 64 64 64 64 64 64 64 64 64 64 63
    64 64 64 65 64 64 64 64 64 64 65 64 64 64 64 63 63 63 63 63 63 63 64
    63 63 63 63 64 64 64 64 64 64 64 63 64 64 64 64 65 64 65 65 65 65 65
    64 64 64 65 64 64 64 63 63 64 64 65 64 64 63 63 63 63 64 64 64 64 63
    64 64 64 64 64 64 64 65 65 65 65 64 64 64 64 64 64 65 64 64 64 64 63
    63 62 62 62 62 62 62 62 62 62 62 61 62 62 62 62 62 62 61 61 61 61 60
    61 61 62 62 63 62 63 62 62 61 62 62 63 63 63 63 64 64 64 64 64 63 64
    64 65 65 65 65 65 65 65 66 65 62 63 63 62 62 63 64 64 63 63 63 64 64
    64 64 64 64 64 63 63 63 63 63 63 63 63 62 63 63 63 62 62 62 63 62 62
    62 61 62 62 61 61 61 62 62 62 62 62 62 63 62 63 62 62 62 63 62 62 63
    63 64 65 65 65 65 64 64 65 65 64 64 64 64 64 64 65 65 66 65 65 65 65
    65 65 64 63 63 63 62 63 63 64 64 64 65 65 65 65 66 65 65 65 65 65 65
    65 64 64 65 65 65 65 65 65 64 64 64 65 65 65 64 64 64 64 64 64 64 63
    63 64 64 64 64 64 64 64 64 64 64 65 64 64 64 64 64 64 64 64 64 64 65
    65 65 65 64 64 64 64 64 64 64 63 63 63 64 64 64 63 62 63 63 63 63 64
    64 63 63 63 63 63 63 63 64 64 64 64 65 64 64 64 63 63 63 64 65 64 64
    64 63 63 63 62 62 62 62 62 62 62 62 62 62 62 62 63 63 62 62 62 62 62
    62 62 61 61 62 63 63 64 63 63 63 63 62 63 63 63 64 64 64 64 64 64 64
    64 64 64 63 64 64 65 65 65 64 65 65 65 63 63 62 62 62 63 64 63 63 63
    63 63 64 63 64 64 64 63 63 63 63 63 63 63 62 62 62 62 62 63 62 62 62
    62 62 61 61 61 61 61 61 61 61 61 61 62 61 62 62 62 62 62 61 62 62 63
    62 62 62 63 64 65 64 64 64 64 64 65 65 64 65 65 65 65 65 66 66 67 66
    65 66 66 66 65 65 64 64 63 63 64 64 64 64 64 65 65 65 65 65 65 65 64
    64 64 64 64 64 63 64 64 64 64 64 64 64 64 64 64 65 64 64 64 64 63 64
    64 64 63 63 64 64 64 64 64 64 65 64 64 65 65 64 64 64 64 64 64 64 64
    64 64 65 65 65 64 64 64 64 64 64 64 64 63 63 64 64 64 64 64 63 63 64
    64 64 64 65 64 63 64 64 64 63 64 64 64 64 64 65 64 64 64 64 63 64 64
    65 64 64 64 63 63 63 62 62 62 62 62 62 62 62 62 62 62 62 63 63 62 62
    62 61 62 61 62 60 61 61 62 63 63 63 63 63 63 62 63 63 63 64 64 64 64
    64 65 65 64 64 64 64 65 65 65 65 65 65 65 66 65 63 63 63 63 63 64 64
    64 63 63 63 63 64 63 63 64 64 63 63 62 62 63 63 62 62 62 62 62 62 62
    61 61 62 62 62 61 61 61 62 61 61 61 61 62 61 62 62 62 62 62 62 62 62
    62 62 63 63 62 63 64 64 65 65 64 64 64 64 65 65 64 65 65 65 65 65 66
    66 67 67 65 66 66 66 66 65 65 64 64 64 64 64 65 65 64 65 65 65 65 65
    65 65 64 64 64 65 64 64 63 63 63 63 64 63 63 63 63 63 64 64 64 63 64
    63 63 63 63 63 63 63 63 64 63 64 64 64 64 64 64 64 64 63 63 63 63 63
    63 64 63 63 64 64 64 64 64 64 64 64 64 64 64 64 63 63 64 64 65 64 64
    63 63 64 64 64 65 65 64 64 64 64 64 63 64 64 64 64 64 65 65 64 64 64
    63 64 64 64 64 64 64 63 63 63 62 62 62 62 62 62 62 62 62 62 62 62 62
    63 62 62 62 62 62 62 62 60 61 61 62 62 63 63 63 62 62 61 62 62 62 63
    63 63 63 64 64 64 63 63 63 63 64 64 65 65 65 64 65 65 65 64 63 63 63
    63 64 64 64 63 63 63 63 64 63 63 64 64 63 63 63 63 63 63 62 62 62 62
    62 62 62 61 61 62 62 62 61 61 62 62 62 62 62 61 62 62 62 62 62 62 63
    62 63 62 62 63 63 63 63 63 64 65 65 65 65 64 64 64 65 65 65 65 65 65
    65 65 66 66 67 67 66 66 66 67 66 66 65 65 65 64 65 65 66 65 65 65 65
    65 65 66 65 64 64 64 64 64 63 63 62 63 63 63 63 62 62 62 62 62 63 63
    63 63 63 63 62 62 63 63 62 62 63 63 63 63 64 64 64 64 64 64 64 63 63
    63 63 63 63 63 63 63 64 64 64 64 64 64 65 65 65 64 64 64 63 64 64 65
    65 65 64 64 64 64 64 65 65 65 64 64 64 64 64 63 64 64 64 64 64 65 65
    64 64 64 64 64 64 65 64 64 64 64 63 63 63 62 62 62 62 62 62 62 62 62
    61 62 62 62 62 62 62 61 62 61 62 60 61 61 61 62 63 62 62 62 61 61 61
    62 62 63 63 63 63 63 64 64 63 63 63 63 63 64 64 64 64 64 65 65 64 63
    62 62 62 62 63 63 63 62 62 63 63 63 63 63 63 64 63 63 62 62 63 62 62
    62 62 62 62 62 62 61 61 62 62 62 62 62 62 63 62 62 62 62 62 62 63 63
    63 63 63 63 63 63 63 63 64 64 63 63 65 65 65 65 65 65 65 64 65 65 65
    65 65 65 65 65 66 66 67 67 66 66 67 67 67 66 66 65 65 64 65 65 65 65
    65 65 65 65 65 65 65 64 64 63 64 64 63 62 62 62 62 62 62 62 62 62 62
    62 62 63 63 62 63 63 62 63 63 63 62 62 63 63 63 63 63 63 63 63 63 63
    63 63 63 63 64 63 63 63 63 64 64 64 64 64 64 64 64 64 65 65 64 64 63
    64 64 65 65 65 64 64 64 64 64 64 65 65 64 64 65 65 64 64 65 65 64 65
    65 66 65 65 64 64 64 64 65 65 64 64 64 63 63 63 63 62 62 62 62 62 62
    62 62 62 61 62 62 62 62 62 61 61 62 62 62 61 61 61 62 62 63 63 63 63
    62 61 62 62 62 63 63 63 63 64 64 64 63 63 63 63 64 64 64 65 65 64 65
    65 64 62 62 62 62 62 63 63 63 62 62 63 63 63 63 63 63 64 63 63 62 63
    63 63 63 62 62 62 63 63 63 62 62 62 62 62 61 62 62 63 62 62 62 62 63
    62 63 63 63 63 63 63 63 62 62 63 63 63 63 63 64 65 65 65 65 65 65 64
    65 65 65 65 65 65 65 66 66 66 67 67 66 66 67 67 67 66 66 65 65 65 65
    65 65 65 64 65 65 64 64 64 64 64 63 63 63 63 63 62 62 63 62 62 62 62
    62 62 62 62 62 63 63 63 63 63 63 63 63 63 62 62 63 63 63 63 63 63 63
    63 63 63 63 63 63 63 63 63 63 63 63 64 64 64 64 64 64 64 64 64 64 64
    64 64 63 63 64 64 65 64 64 63 64 64 64 64 65 65 64 64 65 65 65 65 65
    65 65 65 65 66 66 66 65 65 64 64 65 65 64 64 64 64 63 63 62 62 62 62
    62 62 62 62 62 62 61 62 62 62 62 62 62 61 62 62 62 61 62 62 62 62 63
    63 63 62 62 61 62 62 62 63 63 63 63 64 64 65 64 64 64 64 65 65 66 66
    66 65 66 66 66 62 61 62 61 62 62 63 62 62 62 63 62 62 62 63 63 63 63
    63 62 62 63 63 63 62 62 62 63 62 63 62 62 62 62 62 61 62 62 63 63 63
    63 63 63 63 63 63 63 63 63 63 63 62 63 63 64 64 64 64 64 65 65 65 65
    65 65 64 65 65 65 65 65 65 66 66 67 67 68 68 67 67 67 67 67 67 66 66
    66 65 65 65 66 65 65 65 65 65 65 65 65 64 64 64 64 64 63 63 63 63 63
    63 63 63 63 62 63 62 63 63 63 63 63 64 63 63 63 63 63 63 63 63 63 62
    62 63 63 63 62 63 63 63 63 63 64 63 64 63 63 64 64 64 64 64 64 64 64
    64 64 64 64 63 62 63 64 64 64 64 64 63 63 63 63 63 64 64 64 64 64 64
    64 64 65 65 64 65 65 66 66 65 64 64 64 64 64 64 64 64 64 63 63 63 62
    62 61 61 61 61 61 62 61 62 61 62 62 62 62 62 62 61 62 62 62 61 62 62
    62 63 63 63 63 63 62 62 62 63 63 64 64 64 64 65 65 65 65 64 65 65 65
    65 66 66 66 66 66 66 66 62 61 61 61 61 62 62 62 62 61 62 62 63 62 63
    63 64 63 63 63 63 63 63 63 63 62 63 63 63 63 62 62 62 62 62 61 62 62
    63 63 63 63 63 63 63 63 63 63 63 63 63 63 62 63 63 63 63 64 63 64 65
    65 65 65 65 65 64 65 65 65 65 65 65 66 66 67 67 68 67 66 67 67 67 67
    66 66 66 66 65 65 65 66 65 65 65 65 64 64 65 64 64 63 63 64 63 63 62
    62 63 63 62 62 62 62 62 62 61 62 62 62 62 63 63 62 62 62 62 62 62 63
    63 63 62 62 62 62 63 63 63 63 63 63 63 64 63 64 64 63 64 64 64 64 64
    64 64 64 64 64 64 64 63 63 63 63 64 64 64 64 63 63 63 64 64 64 64 64
    64 64 64 64 64 65 65 64 64 65 66 65 65 64 64 64 63 64 64 63 63 63 63
    63 62 62 62 61 61 62 61 62 62 62 62 61 62 62 62 62 63 62 62 62 63 63
    62 62 62 63 63 64 64 63 63 63 62 63 63 63 64 64 64 64 65 65 65 65 64
    65 65 65 65 66 66 66 66 66 66 66 61 60 60 60 61 61 62 62 62 62 62 62
    63 62 63 63 64 64 64 63 64 64 64 64 64 63 64 64 64 64 63 63 63 63 63
    62 62 62 63 63 63 63 62 63 63 63 63 63 63 63 63 63 62 62 63 63 63 63
    63 64 64 65 65 65 64 64 64 65 65 64 65 65 64 65 65 66 66 67 66 66 66
    66 67 67 66 66 66 66 65 65 66 66 65 65 65 65 65 65 65 65 64 64 64 64
    64 63 63 63 63 63 62 62 62 62 62 62 62 62 62 62 62 62 62 62 62 62 61
    62 62 62 63 62 62 62 62 62 62 62 62 63 63 63 63 64 63 64 64 64 64 64
    65 65 65 64 64 64 64 64 64 64 64 63 64 64 64 65 64 64 63 64 64 64 64
    65 65 64 64 65 65 65 65 66 65 65 65 66 66 66 66 65 65 65 64 65 65 64
    64 64 64 63 63 63 62 62 62 62 62 62 62 62 62 62 63 63 63 63 63 63 63
    63 63 64 62 63 63 63 64 64 64 64 64 63 63 63 63 64 64 64 64 64 64 65
    65 65 64 64 64 65 65 65 65 66 65 66 66 65 61 60 61 61 61 62 62 62 62
    61 62 62 63 62 63 63 64 64 63 63 63 63 64 64 64 63 63 64 63 64 63 62
    63 63 62 61 62 62 63 63 62 62 62 63 63 63 63 63 63 63 63 63 62 63 63
    63 63 63 63 64 65 65 65 65 65 65 64 65 65 65 65 65 65 65 66 66 66 67
    67 66 66 67 67 67 67 66 66 66 66 66 66 66 65 65 65 65 65 65 65 65 64
    65 64 65 64 64 63 63 63 63 62 62 62 62 61 62 61 62 62 62 62 62 62 62
    61 62 61 62 61 62 63 63 62 62 62 62 63 63 63 63 63 64 64 65 64 65 64
    64 65 65 65 65 65 65 64 64 64 64 64 64 64 63 64 64 64 64 64 64 63 63
    63 64 64 64 64 64 64 64 65 65 65 65 65 65 65 65 66 66 65 65 64 64 64
    64 64 64 64 64 63 63 63 63 63 62 62 62 62 63 63 63 62 62 63 63 63 63
    63 63 63 63 63 63 62 63 63 63 63 64 64 64 64 63 62 63 63 63 64 64 64
    64 64 65 65 65 64 64 64 65 65 65 66 66 66 66 66 65 61 60 61 60 60 61
    62 61 61 61 62 62 62 62 62 63 63 63 63 62 63 63 63 63 63 62 63 63 63
    64 63 63 63 63 63 61 62 62 63 63 63 63 63 63 64 63 63 63 63 63 63 63
    63 63 63 63 63 63 63 64 65 65 65 65 65 65 65 66 66 65 66 66 66 66 67
    67 67 68 67 67 67 67 68 68 67 67 67 67 67 67 67 67 66 66 66 66 66 66
    66 65 65 65 64 65 65 64 63 63 63 63 63 62 62 62 61 62 61 62 62 62 62
    62 62 62 62 62 62 62 62 62 63 63 62 63 63 63 63 63 64 64 64 64 64 65
    65 65 65 64 65 65 65 65 65 64 64 64 64 64 64 64 63 62 63 63 64 64 63
    63 63 63 63 63 64 64 64 64 63 64 64 65 65 65 65 65 65 66 67 66 65 64
    64 64 63 64 64 63 64 64 63 63 63 63 62 62 62 62 62 62 62 62 62 61 62
    63 63 63 63 63 63 63 63 64 63 64 63 64 63 64 64 64 64 63 63 63 63 63
    64 64 64 64 65 65 65 65 64 65 65 66 65 66 66 67 66 67 67 66 61 60 61
    60 60 61 61 61 61 61 62 62 62 62 63 63 64 64 63 63 63 63 63 63 63 63
    63 63 64 64 63 63 63 63 63 62 63 63 63 63 63 63 63 64 64 63 64 64 63
    64 63 64 63 64 64 64 64 64 63 64 65 65 65 65 65 65 65 65 65 65 66 65
    65 66 66 67 67 67 67 66 67 67 67 68 67 67 67 67 67 67 67 67 67 66 66
    66 66 66 66 66 65 65 65 65 65 65 64 64 64 63 63 62 62 62 61 61 61 61
    61 62 61 61 61 61 61 61 61 61 61 61 62 62 62 62 62 62 63 63 63 64 63
    64 64 65 64 65 65 64 65 65 65 65 65 64 64 64 63 63 64 64 63 62 63 63
    64 64 63 64 63 63 63 63 64 64 64 63 63 64 64 65 65 65 65 65 65 66 67
    66 65 65 64 64 64 64 64 64 64 64 63 63 63 63 63 62 62 63 63 63 63 63
    63 62 63 63 63 63 63 64 63 64 64 64 63 64 64 64 64 64 64 64 64 63 63
    63 63 63 64 64 64 65 65 65 65 65 65 65 65 66 66 66 66 67 66 67 67 66
    62 61 62 61 61 62 63 63 63 62 63 63 63 63 64 64 65 64 64 64 64 64 64
    64 64 64 64 64 64 65 64 64 64 64 64 63 64 64 64 64 64 64 64 65 64 64
    64 64 64 64 64 64 63 64 63 64 64 64 63 64 65 65 65 65 65 65 65 65 65
    65 66 65 65 66 66 67 67 67 67 66 67 67 68 68 67 67 67 67 67 67 68 67
    67 66 66 66 66 66 66 66 65 65 65 65 65 64 64 64 64 63 63 62 62 62 61
    61 61 61 61 61 61 61 61 61 61 61 61 61 61 61 62 62 61 62 62 62 63 63
    63 64 64 64 64 65 65 65 65 65 65 65 65 65 65 64 64 64 64 64 64 63 63
    62 63 63 63 64 63 63 63 63 63 63 63 63 63 63 63 63 64 64 64 65 65 65
    65 66 67 66 65 65 64 64 63 64 64 63 64 64 63 63 63 63 63 62 63 63 63
    63 63 63 63 62 63 63 63 63 63 63 63 63 64 64 63 64 64 64 64 64 64 64
    64 63 63 63 63 63 64 64 64 64 65 65 65 65 64 65 64 65 65 65 66 66 66
    66 66 66 62 61 62 61 61 62 63 63 63 62 63 62 63 63 63 63 64 64 64 63
    64 64 63 63 64 63 63 64 64 64 64 63 63 64 64 63 64 63 63 64 64 64 64
    64 64 64 64 64 64 64 64 64 63 64 63 64 64 63 63 64 64 65 65 65 65 65
    65 65 65 65 66 66 66 66 67 68 68 68 68 68 68 68 69 69 69 69 68 68 68
    68 68 68 68 67 67 67 67 67 67 66 66 66 66 66 65 65 64 64 63 63 62 62
    62 62 61 61 61 61 61 61 61 61 61 61 60 61 61 61 61 61 61 61 61 61 62
    62 63 62 63 63 63 64 64 65 64 65 65 64 65 65 65 65 64 64 64 64 64 63
    64 63 63 62 63 63 63 64 63 63 63 63 62 63 63 63 63 63 62 63 63 63 63
    64 64 64 64 65 65 65 64 63 63 63 62 63 63 62 63 63 63 63 63 63 63 62
    62 63 63 63 63 63 63 62 63 63 63 63 63 63 63 63 64 64 63 64 64 64 64
    64 64 64 64 63 62 63 63 63 64 64 64 65 65 66 66 65 65 65 65 65 65 66
    66 67 66 67 67 66 62 61 61 61 61 62 63 63 62 62 63 62 63 63 63 63 64
    64 63 63 63 63 63 63 63 63 63 63 64 64 63 63 63 63 63 63 63 63 63 63
    63 63 63 64 64 64 64 64 64 64 64 64 63 64 64 64 64 64 63 64 65 65 65
    65 65 65 65 66 66 66 66 66 66 67 67 68 68 68 68 68 68 68 68 69 68 69
    68 68 68 68 68 68 68 67 67 66 67 67 66 66 65 66 65 65 65 64 64 64 63
    63 62 62 62 62 61 61 61 61 61 61 61 61 61 61 60 61 61 61 61 61 62 62
    62 62 62 63 63 63 63 64 64 64 64 65 64 65 65 65 65 65 65 65 65 64 64
    64 64 64 64 63 63 62 63 63 64 64 63 63 63 63 62 63 63 63 63 63 63 63
    63 64 63 64 64 63 64 64 65 64 64 63 63 63 62 62 62 62 62 62 62 62 62
    62 62 62 62 62 63 63 63 63 63 63 63 63 63 63 63 64 63 64 64 65 64 65
    65 64 64 65 65 64 64 63 63 63 63 63 64 64 64 65 65 66 66 66 65 65 65
    65 65 66 66 67 66 67 67 66 63 62 62 62 62 63 63 63 63 63 63 63 64 63
    63 64 64 64 64 63 63 63 63 64 64 63 63 63 64 64 63 62 63 63 63 62 63
    63 63 63 63 63 63 64 64 64 64 64 64 64 64 64 63 64 64 64 65 64 63 64
    65 65 65 65 65 65 65 66 66 66 66 66 66 67 67 67 67 68 67 67 67 67 68
    69 68 68 68 67 67 68 68 67 67 66 66 66 66 66 66 66 65 65 65 65 65 64
    63 63 63 62 62 62 62 61 60 61 60 60 60 61 61 61 61 61 60 61 61 61 61
    61 62 62 62 62 63 63 63 63 63 64 64 64 64 65 64 65 65 65 65 65 65 65
    64 64 64 64 63 63 63 63 63 62 62 63 63 63 63 63 62 62 62 62 62 62 62
    62 62 63 63 63 63 63 63 63 63 64 65 64 64 63 63 63 62 63 63 62 62 63
    62 62 62 62 62 62 62 63 63 64 64 63 64 63 64 63 63 63 63 63 63 63 64
    65 64 64 64 64 64 64 64 64 64 63 63 63 63 63 63 63 64 65 65 66 66 66
    65 65 65 66 66 66 67 67 67 67 67 67 63 62 62 62 62 63 63 63 63 63 63
    63 63 63 63 63 64 64 63 63 63 63 63 64 64 63 63 63 63 64 63 62 62 63
    63 63 63 63 63 64 63 64 64 64 64 64 64 64 64 64 64 64 63 64 64 64 64
    64 63 64 64 64 64 65 64 65 65 65 66 65 66 66 66 66 66 67 67 68 67 67
    67 67 68 69 68 68 68 68 68 68 68 68 67 66 67 66 66 66 66 66 65 65 65
    65 65 64 63 63 62 62 61 61 61 61 60 60 60 60 60 60 60 60 60 60 60 61
    61 61 61 61 62 62 62 62 63 63 63 63 64 64 64 65 65 65 65 66 65 65 65
    66 65 65 64 64 64 64 63 63 63 63 63 62 62 63 63 63 62 63 62 62 62 62
    62 62 62 62 62 63 63 63 63 63 63 63 63 64 64 64 63 63 62 63 62 63 62
    62 62 62 62 62 62 62 62 61 62 62 63 63 63 63 63 63 63 63 63 63 62 63
    62 63 64 64 63 64 64 64 64 65 65 64 64 63 63 63 63 63 64 63 64 65 65
    66 66 66 65 66 65 66 66 66 67 67 67 67 67 67 63 62 62 63 63 63 64 63
    63 63 64 63 64 64 64 64 64 65 64 64 64 64 64 64 64 63 64 64 64 64 64
    63 63 63 64 63 64 63 64 64 64 64 64 64 64 64 64 64 64 64 64 64 63 64
    64 64 65 64 63 64 64 64 65 65 65 65 65 65 65 65 66 65 65 66 66 67 67
    68 67 67 67 67 67 68 68 68 68 68 68 68 68 68 68 67 67 67 67 67 66 66
    65 66 65 65 65 64 63 63 63 62 61 62 61 61 60 60 60 60 60 60 60 60 60
    60 60 61 60 61 61 61 62 62 62 62 63 63 64 64 64 64 64 65 65 65 65 66
    65 65 65 65 65 64 64 64 63 64 63 63 63 63 62 62 62 62 62 62 62 62 62
    62 61 61 62 62 62 62 62 62 62 63 62 62 62 62 63 63 64 63 63 62 62 62
    62 62 62 61 62 62 62 61 61 62 62 62 62 62 63 63 63 63 64 63 64 63 63
    63 63 63 62 63 64 64 64 64 64 64 64 65 65 64 65 63 63 63 63 63 63 63
    64 65 65 66 66 66 65 65 65 66 66 66 67 67 66 66 66 66 63 62 63 63 63
    64 64 64 64 64 64 63 64 64 64 64 65 65 65 64 64 64 65 65 65 64 64 64
    64 64 64 63 63 63 64 63 64 64 64 65 64 65 64 65 65 65 65 65 64 64 64
    65 64 65 64 64 65 65 64 64 64 64 65 65 65 65 65 65 66 66 66 66 66 66
    67 67 67 68 67 67 67 67 68 69 68 68 68 68 68 69 69 68 68 67 67 67 67
    67 66 66 65 66 65 65 65 65 64 64 63 63 62 62 62 62 61 61 61 61 61 61
    61 61 61 61 60 61 61 61 62 62 62 63 63 63 64 64 64 64 64 64 64 65 65
    65 65 65 65 65 65 65 64 64 63 63 63 63 62 62 62 62 62 61 61 61 62 62
    61 61 61 61 61 61 62 61 62 62 61 62 62 62 62 62 62 62 62 62 63 63 62
    62 62 62 61 62 61 61 61 61 62 61 61 61 61 61 62 62 63 63 63 63 63 62
    63 63 62 62 62 62 62 63 63 64 63 64 64 63 64 64 64 64 64 63 63 63 63
    63 63 63 64 64 65 65 65 65 65 65 65 65 65 65 66 66 66 66 66 65 63 62
    63 63 63 64 64 64 64 64 63 63 64 64 64 64 64 65 64 64 64 64 64 64 65
    63 63 63 63 63 63 62 62 62 63 62 64 63 64 64 64 64 64 65 65 64 64 64
    64 64 64 64 64 64 64 64 65 65 64 65 65 64 65 65 65 66 65 65 66 66 66
    66 66 66 67 67 68 68 67 67 67 67 68 68 68 68 68 68 68 68 68 68 67 67
    67 67 67 67 66 66 65 66 65 65 65 64 64 64 63 63 62 62 62 62 61 61 60
    61 60 61 61 61 61 61 61 62 61 61 62 62 63 63 63 63 63 64 64 64 64 64
    64 65 65 65 64 65 65 65 64 64 64 63 63 62 62 62 62 62 62 62 62 61 61
    61 61 61 61 61 61 61 61 61 61 61 61 61 61 62 61 61 61 61 61 61 62 62
    63 62 61 61 61 61 61 61 60 60 61 61 61 61 61 61 61 61 62 62 63 63 63
    62 63 63 63 63 63 63 63 63 62 63 64 65 64 64 65 64 64 65 65 64 64 63
    63 63 63 63 63 63 63 64 64 65 65 65 64 64 64 64 64 64 65 65 64 64 64
    64 64 63 64 64 64 65 65 65 64 64 64 64 64 64 64 65 65 65 64 64 64 64
    64 65 65 64 63 63 63 63 62 61 61 61 62 62 63 62 63 63 63 63 63 64 64
    63 63 63 63 63 63 64 63 64 64 64 65 65 65 65 65 65 65 66 66 66 66 66
    66 66 67 67 66 67 67 68 68 68 68 68 68 68 68 69 68 69 69 68 69 69 69
    69 68 68 68 67 68 68 67 67 66 66 66 66 66 66 65 65 64 64 63 63 63 62
    62 61 61 61 61 61 62 61 61 61 61 62 62 62 62 62 63 63 63 63 63 64 64
    64 64 64 64 65 65 65 65 65 65 64 64 64 63 63 63 62 62 62 62 62 62 62
    62 61 61 61 61 61 61 61 61 61 61 60 61 61 61 61 61 62 61 62 61 61 61
    61 61 61 62 62 61 61 61 61 61 61 61 60 61 61 62 61 61 62 62 62 62 62
    63 63 63 63 64 63 64 64 63 63 63 63 62 63 64 64 64 64 65 64 64 64 65
    64 64 63 63 63 63 62 62 62 63 63 64 64 64 64 64 63 63 63 63 63 64 64
    63 63 63 63 64 63 64 64 64 65 65 65 64 64 64 64 64 64 64 64 64 65 64
    64 63 63 64 64 64 63 63 63 62 62 61 61 61 61 62 61 63 62 63 63 63 64
    63 64 64 64 64 64 63 63 63 63 63 64 64 64 65 65 64 65 65 65 65 65 66
    66 65 66 66 66 67 67 66 66 67 68 68 68 68 68 68 68 68 69 69 69 69 69
    69 70 70 69 69 68 68 68 68 69 68 67 67 67 66 67 67 66 65 65 65 64 63
    63 63 63 62 62 61 61 61 61 62 61 61 61 61 62 61 62 62 62 63 63 62 63
    63 64 64 64 64 64 64 65 65 65 65 65 65 65 64 64 64 64 63 63 62 62 62
    62 62 63 62 62 62 62 62 62 61 62 62 62 61 61 62 61 61 62 61 62 61 62
    62 62 61 61 62 62 63 62 61 61 61 62 61 61 61 60 61 62 62 62 62 62 62
    62 62 62 63 64 64 63 64 64 64 64 64 64 63 63 63 64 65 65 65 65 65 64
    65 65 65 65 64 63 63 63 63 62 62 62 63 64 64 64 64 64 64 64 63 64 64
    64 64 64 64 64 64 63 64 63 64 64 64 65 65 65 65 65 65 64 65 64 64 64
    65 65 64 65 64 64 64 65 65 64 64 63 63 63 62 62 62 62 62 62 63 63 63
    64 64 64 64 64 64 64 64 64 64 64 64 64 63 64 64 65 66 65 65 65 65 65
    65 65 66 66 66 66 66 66 67 67 66 67 67 68 68 69 68 68 68 68 68 69 69
    69 69 69 69 70 69 69 69 68 68 67 68 68 67 67 67 67 66 66 66 66 65 65
    64 64 63 63 63 63 62 62 62 62 61 62 62 62 61 62 62 62 62 62 62 62 62
    63 62 63 64 64 64 64 64 64 64 65 65 65 65 66 66 65 65 65 64 64 63 63
    63 63 63 63 63 63 63 62 62 62 63 62 62 62 62 62 62 61 62 61 62 62 62
    62 62 62 62 62 62 62 62 63 63 62 62 62 62 62 62 62 61 61 62 62 62 62
    62 62 62 62 62 62 63 64 63 63 64 63 64 64 63 63 63 63 63 63 64 65 64
    64 64 64 64 64 64 64 64 63 63 63 63 62 62 62 62 63 64 64 64 64 64 63
    63 63 63 63 63 63 63 63 63 62 64 64 64 64 64 65 65 65 65 65 65 65 65
    64 64 65 65 65 65 65 64 64 64 65 65 64 64 63 63 63 62 61 62 62 62 62
    63 62 63 63 63 63 63 64 64 64 64 64 63 63 63 63 63 64 64 64 65 65 64
    64 65 64 65 65 65 65 65 65 65 65 66 66 65 66 66 67 67 68 67 67 68 68
    68 69 69 69 70 70 70 70 70 69 69 68 68 67 68 68 68 67 67 67 66 66 66
    66 65 65 64 63 63 63 63 62 62 62 61 61 61 61 62 61 61 61 61 62 61 62
    62 62 62 63 62 63 63 63 64 64 64 64 64 65 65 65 65 65 65 64 64 64 63
    63 62 62 62 62 62 62 62 62 62 61 61 61 61 61 60 61 61 60 60 60 61 60
    61 61 61 61 60 61 61 61 60 60 61 61 62 61 61 61 61 62 61 61 61 60 61
    61 62 62 62 62 63 63 63 63 63 64 64 63 64 64 64 64 63 63 63 63 63 63
    64 65 64 64 64 64 64 64 64 64 64 63 63 63 63 62 62 62 63 63 64 64 65
    64 64 64 63 63 64 63 64 64 64 63 63 63 63 63 63 63 64 64 64 64 64 64
    64 64 64 64 63 64 64 64 64 64 63 63 64 64 64 63 63 63 62 62 62 61 61
    61 62 61 62 61 62 63 63 63 63 64 64 64 64 64 63 63 63 63 63 64 64 64
    65 64 64 64 64 64 65 65 65 65 65 65 65 65 66 66 65 66 66 67 67 68 68
    67 68 68 68 69 69 69 70 70 70 70 70 69 69 68 68 67 67 68 67 67 66 67
    66 66 66 66 65 65 64 64 63 63 63 63 62 62 62 61 62 62 62 62 62 62 62
    62 62 62 62 63 63 63 63 63 64 64 65 65 65 65 65 65 65 66 65 66 66 65
    64 64 64 63 62 63 62 62 62 62 62 62 62 61 61 61 61 61 60 60 61 61 60
    60 61 60 60 61 61 61 60 61 61 60 60 60 60 61 62 61 61 61 61 62 61 61
    61 60 61 61 62 62 62 62 63 63 63 63 64 64 64 64 64 64 65 65 64 63 63
    64 63 64 65 65 65 65 65 65 65 65 65 65 65 64 64 64 64 63 63 63 64 64
    65 65 65 65 65 65 64 64 65 64 65 65 65 65 64 64 63 63 63 63 64 64 64
    65 65 64 64 64 64 64 63 64 64 64 64 64 63 63 64 64 64 63 63 63 63 62
    62 61 61 61 62 61 62 62 62 63 64 64 64 65 65 64 64 64 64 64 64 64 64
    64 65 65 66 65 65 65 65 65 65 65 65 65 65 65 65 65 65 66 66 66 67 68
    68 68 68 67 68 67 68 69 68 69 69 69 70 70 70 69 69 68 68 67 67 67 67
    66 66 66 66 66 66 65 65 65 64 63 63 62 62 62 62 62 61 61 61 62 62 61
    61 62 62 62 62 62 62 62 63 63 63 63 64 64 65 65 64 64 64 65 65 65 65
    65 65 65 64 64 64 64 63 63 62 62 62 62 62 63 62 61 61 61 61 61 60 61
    61 61 61 61 61 61 61 62 62 62 61 61 61 61 61 61 61 62 63 62 62 62 62
    63 61 62 61 61 61 61 62 62 62 62 63 63 63 63 64 64 64 64 64 64 65 65
    64 64 64 64 64 64 65 65 65 65 66 65 65 65 65 65 65 64 64 64 64 64 63
    63 64 64 65 65 65 65 65 64 64 64 64 64 64 64 64 64 64 63 63 63 63 64
    64 65 64 65 65 65 64 64 65 64 63 64 64 64 64 64 64 64 64 64 65 64 63
    63 63 63 63 62 61 62 62 62 63 62 63 64 64 64 64 65 65 65 65 65 64 64
    64 64 64 65 65 65 66 66 65 66 66 66 66 66 66 66 66 65 66 65 66 66 66
    67 67 68 68 68 68 67 68 67 68 69 68 69 69 69 69 69 70 69 69 68 68 67
    67 68 67 67 67 67 66 67 67 66 65 65 65 64 64 63 63 63 62 62 62 61 61
    62 62 62 62 62 62 62 62 62 62 62 62 63 63 63 63 63 64 64 64 64 64 65
    65 65 65 65 65 65 65 65 64 64 63 63 62 62 62 62 62 63 62 61 61 61 61
    61 60 61 61 61 61 61 61 60 61 62 61 62 61 61 61 61 60 61 61 61 62 61
    61 61 61 62 61 61 61 60 61 61 62 62 62 62 63 63 63 63 65 65 64 64 65
    64 65 65 64 64 63 64 63 64 65 65 65 65 65 65 65 65 65 65 65 64 64 64
    64 63 63 63 64 64 65 65 65 65 65 64 64 64 64 64 64 64 64 64 64 63 63
    63 63 63 64 64 64 64 65 65 64 64 65 64 63 64 64 64 64 64 64 64 64 65
    65 64 63 63 63 63 63 62 62 62 62 62 62 62 62 63 64 64 64 65 65 64 64
    64 64 64 64 63 63 64 64 65 66 66 65 65 66 65 66 66 66 65 65 65 65 65
    66 66 66 66 66 67 67 68 67 67 67 67 68 68 68 68 69 69 69 69 69 69 69
    68 68 68 68 68 67 67 67 68 67 67 67 66 66 66 65 65 64 64 64 63 62 62
    62 62 62 62 63 62 62 62 62 62 62 62 62 63 63 64 63 63 64 64 65 65 65
    65 65 66 66 66 66 66 66 66 66 65 65 64 64 64 63 63 63 62 63 63 62 61
    62 62 62 61 60 61 61 61 61 61 61 60 61 62 62 62 61 61 61 60 60 61 61
    61 62 61 61 61 61 62 61 61 61 60 61 61 62 61 62 62 63 63 64 64 65 65
    65 64 65 65 65 65 64 64 64 64 64 64 65 66 66 65 66 65 65 65 65 65 65
    64 64 64 64 64 64 64 64 65 65 65 66 66 66 65 64 64 64 64 64 65 65 64
    64 64 64 63 63 63 64 64 64 65 65 65 64 64 65 64 64 64 64 64 64 64 64
    64 64 65 65 64 63 64 64 64 63 62 62 62 63 62 63 62 62 63 64 63 64 65
    65 64 64 64 64 64 63 63 63 64 64 65 66 65 65 65 66 66 66 66 66 66 66
    66 66 66 66 66 66 66 66 67 67 68 67 67 67 67 67 68 67 67 68 68 68 68
    68 68 68 68 68 67 67 68 67 67 67 68 67 67 67 67 66 66 66 66 65 64 64
    64 63 63 63 62 63 63 64 63 63 63 62 62 62 62 62 63 63 63 64 63 63 64
    64 64 64 65 65 65 66 66 65 66 66 65 65 65 65 65 64 64 63 63 63 62 63
    63 63 62 62 62 62 61 61 61 61 62 61 61 61 60 61 62 62 62 61 61 61 61
    61 61 61 61 62 61 61 61 61 62 61 61 60 60 61 61 62 61 62 62 63 63 63
    63 65 65 64 64 65 65 65 65 64 64 64 64 64 64 65 65 66 66 66 65 65 65
    65 65 65 64 65 65 64 64 64 64 65 65 66 65 66 66 66 65 65 64 65 65 65
    65 65 65 65 64 64 64 64 64 64 65 65 65 65 65 64 64 65 64 64 64 64 64
    64 64 64 64 64 65 65 64 64 64 64 64 63 62 62 62 63 62 63 62 63 64 64
    64 64 65 65 64 64 65 64 64 63 63 63 64 65 65 66 66 65 66 66 66 67 66
    66 66 66 66 66 66 66 66 66 66 67 68 68 69 68 68 68 67 67 68 68 68 68
    68 69 69 69 69 69 68 68 68 68 68 68 68 67 68 68 68 67 67 67 67 66 66
    65 65 65 64 64 63 63 63 63 63 64 63 63 63 63 62 62 62 63 63 63 64 64
    64 64 64 65 65 65 65 65 66 66 66 66 66 66 66 66 66 65 65 64 64 63 63
    63 62 63 63 63 62 62 62 62 61 61 61 61 62 61 61 61 60 61 62 62 62 61
    61 61 60 60 61 61 61 62 61 61 61 61 62 61 61 60 60 61 61 62 62 62 62
    63 63 64 64 65 65 65 64 65 65 65 65 65 64 64 64 64 64 65 65 65 65 65
    65 65 65 65 65 65 64 65 65 65 64 64 64 65 65 66 65 66 66 66 66 66 65
    66 65 65 66 65 65 65 65 64 64 64 64 64 65 65 65 65 65 64 64 64 64 64
    64 64 64 64 64 64 63 64 64 64 64 63 63 63 63 63 62 62 62 63 63 63 62
    63 64 64 64 64 65 65 65 65 65 65 64 64 64 64 65 65 65 66 66 65 66 66
    66 67 66 66 66 66 66 66 66 66 66 66 66 67 68 68 69 68 68 68 67 68 69
    68 68 69 68 69 69 69 69 69 68 68 68 68 68 68 68 68 68 68 68 67 67 66
    67 66 66 65 65 65 64 64 64 64 64 64 64 64 64 63 64 63 63 62 63 63 63
    63 64 64 63 64 64 65 65 65 65 64 65 65 65 65 65 66 65 65 65 65 65 64
    64 63 63 63 62 63 63 63 62 62 62 62 61 61 61 62 62 61 61 61 60 61 62
    61 62 61 61 61 60 60 60 61 61 61 61 61 61 61 62 61 61 61 61 62 62 63
    62 63 63 64 64 64 64 66 66 66 65 66 66 66 66 65 65 64 65 65 65 65 65
    65 65 65 65 65 65 65 65 65 64 64 64 64 64 64 63 64 64 65 64 65 65 65
    64 64 64 64 64 64 64 64 64 64 63 65 65 65 65 65 66 65 65 65 65 64 64
    65 65 64 64 64 64 64 64 64 63 63 64 64 63 63 63 63 63 62 62 62 62 63
    63 63 62 62 63 64 63 64 65 65 64 64 65 65 64 64 64 64 65 65 65 66 66
    65 66 66 66 66 66 66 66 66 66 66 66 66 66 66 66 67 68 68 69 68 68 68
    67 68 68 68 68 69 68 69 69 69 69 69 68 69 68 68 68 68 68 68 68 68 68
    68 67 67 67 66 66 66 65 65 65 64 64 64 64 64 64 65 64 64 64 64 63 63
    63 64 64 64 65 65 65 65 65 66 66 65 65 65 65 65 65 65 65 65 65 65 65
    65 65 63 63 62 62 63 62 62 63 63 62 62 62 62 62 61 62 62 63 62 61 62
    61 62 63 62 63 61 62 62 61 61 61 61 61 62 61 61 61 62 62 61 61 61 61
    62 62 63 62 62 62 63 64 64 64 66 66 66 65 65 65 66 66 65 65 64 65 65
    65 65 65 65 65 65 64 64 64 65 64 65 63 64 64 63 63 63 62 63 64 64 63
    64 64 64 64 63 63 64 63 63 64 63 63 63 63 65 65 64 64 65 65 65 65 65
    65 64 64 65 64 64 64 64 64 64 64 64 63 63 64 64 64 63 63 63 63 62 62
    62 62 63 63 63 62 63 63 64 64 64 65 65 65 65 65 65 64 64 64 64 65 65
    65 66 66 65 65 66 65 66 66 66 66 66 66 66 66 66 67 66 67 67 68 68 69
    68 68 68 68 68 69 69 69 69 69 70 70 70 70 70 69 69 69 68 69 68 68 68
    68 68 68 68 67 67 67 66 66 65 65 65 65 64 64 64 64 65 64 65 65 64 64
    64 63 63 64 64 64 64 65 65 65 65 66 66 66 66 65 65 66 66 66 65 65 66
    65 65 65 65 65 63 63 63 63 63 62 63 63 63 62 62 62 62 62 62 62 62 63
    62 61 62 61 62 63 62 63 62 62 62 61 61 61 61 62 62 61 61 62 62 62 61
    61 61 61 62 62 63 62 63 63 64 64 64 64 66 66 66 65 66 66 66 66 65 65
    64 65 65 65 65 65 65 65 65 64 64 64 64 64 64 63 64 64 63 63 63 62 63
    63 64 63 64 64 64 64 63 63 64 63 63 63 63 63 63 63 65 65 64 64 65 65
    65 64 64 64 64 64 65 64 64 64 64 64 64 64 63 63 63 63 63 63 62 62 62
    62 61 61 61 62 63 63 63 62 63 63 64 64 64 65 65 65 65 65 65 64 64 64
    64 65 65 65 66 66 66 66 66 65 66 66 66 66 66 66 66 66 66 67 67 67 67
    68 68 69 68 68 68 68 68 68 68 68 69 68 69 69 69 69 69 68 68 68 67 67
    67 67 67 68 67 68 67 67 66 67 66 66 66 65 66 65 65 64 64 64 65 65 66
    65 65 65 65 64 64 64 65 65 65 65 65 65 65 66 66 66 66 66 66 66 66 66
    65 65 65 65 65 65 65 65 63 63 62 63 63 62 62 63 63 62 62 62 62 62 62
    62 62 63 62 61 62 61 62 63 62 63 62 62 62 61 61 61 61 62 62 61 61 61
    61 62 61 61 60 61 62 62 62 62 62 62 63 63 64 64 65 65 65 64 65 65 65
    65 64 64 63 64 63 64 64 64 64 64 64 64 63 63 64 64 64 63 63 63 63 62
    62 62 63 63 63 63 64 64 64 64 63 63 64 63 63 63 63 63 63 63 65 65 64
    64 65 65 65 65 64 64 63 64 64 64 64 64 64 64 64 64 63 63 63 64 64 63
    62 63 63 62 62 62 62 63 63 64 64 63 63 64 65 64 65 65 65 65 65 65 65
    64 64 64 64 65 65 65 66 66 65 65 65 65 65 65 66 66 66 65 66 65 66 66
    66 67 67 68 68 69 68 68 68 68 68 68 68 68 68 68 69 68 69 69 69 68 68
    67 67 67 67 67 67 67 67 67 67 66 66 66 66 66 65 65 65 65 64 64 64 64
    65 65 66 66 65 65 65 64 64 64 65 65 65 65 65 65 65 66 66 66 66 65 65
    65 65 65 64 64 64 64 64 64 64 63 62 62 61 62 62 62 62 62 62 62 62 62
    62 62 62 62 62 63 62 61 62 61 62 63 62 63 62 62 61 61 61 61 61 61 62
    61 61 62 61 62 61 61 61 61 62 62 63 62 62 63 63 64 64 64 66 65 66 65
    65 65 65 65 64 64 64 64 64 64 65 65 65 64 65 64 64 64 64 64 64 63 64
    63 63 63 63 62 63 63 64 63 64 64 64 63 63 63 63 63 63 63 63 63 63 62
    65 65 65 65 65 66 65 65 65 65 64 64 65 64 64 64 64 64 64 64 64 63 63
    64 64 64 63 63 63 63 62 62 62 63 63 64 64 63 63 64 65 64 64 65 65 65
    65 65 64 64 64 64 64 65 65 65 66 65 65 65 65 65 65 65 65 65 65 65 65
    65 65 65 66 66 66 67 67 68 67 67 67 67 67 67 67 67 67 67 68 68 68 68
    68 67 67 67 66 66 66 66 66 67 66 67 66 66 65 66 65 66 65 65 65 65 65
    64 64 64 65 65 65 65 65 65 65 64 64 64 64 64 64 65 65 65 65 65 66 65
    65 65 64 65 65 65 64 64 64 64 64 64 64 63 62 62 62 62 62 62 62 63 63
    62 63 63 63 63 62 62 63 63 63 62 62 62 62 63 62 63 62 62 62 61 61 61
    61 61 61 61 61 62 62 63 62 62 62 62 63 63 64 63 63 64 64 65 65 65 66
    66 66 65 66 66 66 66 65 64 64 64 63 63 64 64 64 64 65 64 63 63 63 64
    64 63 63 63 63 62 62 62 63 63 63 63 64 64 64 63 63 62 63 63 63 63 63
    63 63 62 65 66 65 64 65 66 65 65 65 65 64 64 65 64 64 64 64 64 64 64
    63 63 63 64 63 63 62 63 63 62 62 61 62 62 63 63 63 63 63 64 65 64 64
    64 65 65 65 65 65 64 64 64 64 65 65 65 66 66 65 66 65 65 65 65 65 65
    65 65 65 65 65 66 66 66 67 68 68 69 68 68 68 67 67 68 67 67 67 67 68
    68 68 68 68 67 67 67 66 66 66 66 66 67 66 66 66 65 65 65 65 65 65 65
    65 65 65 64 64 64 65 65 66 66 65 65 65 65 64 65 65 65 65 65 65 65 65
    66 66 66 66 65 64 65 65 64 64 64 64 63 63 63 63 63 61 61 61 62 62 62
    62 63 63 62 62 62 63 63 62 63 63 63 63 62 62 62 63 64 63 64 63 63 63
    61 62 62 62 62 62 62 62 63 63 63 63 63 62 63 64 64 65 64 64 64 65 65
    66 65 67 66 66 66 66 66 66 66 65 64 64 64 63 63 64 64 64 64 64 64 63
    63 64 64 64 63 63 63 63 62 62 62 63 63 63 62 64 64 64 63 62 62 62 62
    62 62 62 62 62 61 64 65 64 64 65 66 65 65 65 65 64 64 65 64 64 64 64
    64 65 64 64 63 63 64 63 63 62 63 63 62 62 61 62 62 62 63 63 63 64 64
    65 64 64 65 65 65 65 65 65 64 64 64 64 65 65 66 66 66 66 66 66 65 65
    65 65 65 65 65 65 65 65 66 66 66 67 68 68 69 68 68 68 67 67 68 67 67
    67 67 68 68 68 68 68 67 68 67 67 67 67 66 66 67 66 66 66 65 65 66 65
    66 65 65 65 64 65 64 64 64 65 65 66 66 65 65 65 65 64 65 65 66 65 66
    66 65 65 66 66 66 66 65 64 65 65 64 64 63 64 63 63 63 63 63 62 61 61
    61 62 61 62 49 69 33 103 85 90 97 14 116 91 77 90 53 0 56 46 63 74
    97 50 88 38 117 18 126 101 28 61 87 92 69 49 42 0 19 124 62 85 16 78
    24 65 123 1 112 80 101 101 83 57 16 118 9 109 90 100 15 103 60 53 24
    103 107 12 15 64 64 63 63 64 64 64 63 63 63 63 63 62 62 63 63 63 63
    64 64 64 63 63 63 63 63 63 63 62 62 62 62 65 65 65 64 65 66 65 65 65
    64 64 64 65 65 64 64 64 64 65 64 64 63 63 64 63 63 62 63 63 62 62 62
    62 62 63 63 63 63 64 64 65 64 65 65 65 65 65 65 65 65 65 65 65 66 66
    66 67 67 66 66 66 66 66 65 65 65 66 65 66 66 65 66 66 66 67 68 67 68
    67 67 67 66 66 67 66 66 66 66 67 67 67 67 68 67 67 67 66 66 66 66 65
    66 65 66 65 65 65 65 65 65 65 64 64 64 64 64 64 64 65 64 65 65 65 65
    65 64 64 64 65 66 65 66 66 65 65 66 66 66 66 65 64 65 65 64 63 63 63
    63 63 63 63 63 61 61 61 61 62 61 62 126 108 22 56 40 26 66 101 55
    103 15 30 68 54 90 46 22 121 9 61 102 109 92 113 60 57 11 117 63 89
    96 14 42 10 21 99 18 91 35 65 65 14 24 118 91 55 79 122 74 51 11 81
    121 87 104 101 57 119 18 126 14 4 45 7 14 64 64 63 63 64 64 64 63 63
    63 63 63 63 62 62 63 63 62 63 64 64 62 62 62 63 62 62 62 62 62 62 61
    64 65 64 64 65 65 64 64 64 64 63 64 65 64 64 64 64 64 65 64 64 63 63
    64 64 63 63 63 63 63 62 62 62 63 63 64 64 63 64 65 65 64 65 65 65 65
    65 65 65 65 65 65 64 65 65 66 66 66 66 66 66 66 66 65 65 65 66 65 66
    65 65 66 66 66 67 68 67 68 67 67 67 66 66 66 66 66 66 66 66 66 67 66
    67 66 66 66 65 65 65 65 65 65 65 65 65 65 65 65 65 65 65 65 65 65 65
    64 65 64 65 65 66 66 66 65 66 65 65 65 65 66 66 66 66 65 65 66 66 66
    66 65 64 64 64 64 63 63 63 63 63 63 62 63 61 61 60 61 62 61 62 18
    122 101 89 100 43 107 125 89 1 26 14 54 121 66 120 18 110 29 62 53
    69 16 107 39 60 95 103 30 98 11 9 5 119 40 8 44 90 77 71 84 24 116
    89 98 57 19 33 20 115 114 82 60 93 69 105 100 83 31 127 43 99 0 45
    119 64 63 63 63 63 64 64 63 63 62 62 62 62 62 62 63 63 63 64 64 64
    63 63 63 63 63 63 63 63 63 62 62 64 64 64 64 64 65 64 64 64 63 63 63
    64 64 63 63 63 63 64 64 63 62 63 63 63 63 62 62 63 62 62 62 62 63 63
    64 64 63 64 65 65 65 65 65 65 65 65 66 65 65 65 65 65 66 66 66 66 67
    66 66 66 66 66 65 65 65 66 65 66 66 65 66 66 67 67 68 68 68 67 67 67
    66 66 67 66 66 66 66 67 67 67 67 67 66 66 66 66 65 65 65 65 66 66 66
    66 65 66 65 65 66 65 65 65 65 65 65 65 65 66 65 66 66 66 66 66 65 65
    65 66 66 66 66 66 65 66 66 66 66 66 65 64 65 65 64 64 63 64 63 63 64
    63 63 62 62 61 62 62 62 63 52 68 68 7 118 53 99 14 80 88 66 104 106
    69 51 37 14 28 36 110 77 99 76 22 5 59 113 120 78 67 30 35 78 74 56
    94 30 102 1 65 72 70 30 111 87 6 30 87 113 114 31 20 66 80 75 26 28
    72 92 102 18 84 50 72 12 64 63 63 63 63 63 63 62 62 62 62 62 62 62
    62 63 63 63 64 64 64 63 63 63 63 63 63 63 63 63 62 62 65 65 65 65 65
    66 65 64 65 64 64 64 65 65 64 65 65 65 65 65 64 64 64 64 64 64 63 63
    63 63 63 63 63 63 64 64 64 64 64 65 66 65 65 66 66 66 66 66 65 65 65
    65 65 66 66 66 67 67 67 67 66 66 66 66 66 65 66 65 65 65 65 66 66 67
    67 68 68 68 67 67 67 66 66 66 66 66 66 66 66 66 67 67 67 66 66 66 65
    65 65 65 65 66 65 66 65 65 65 65 65 65 65 65 65 65 65 64 65 65 66 65
    66 66 66 66 66 65 65 65 66 66 66 66 67 66 66 66 67 67 66 66 65 65 65
    64 64 63 64 63 63 64 64 63 62 62 62 62 63 62 63 31 98 97 11 108 85 7
    11 65 68 38 70 120 31 21 88 98 73 94 127 68 46 69 100 58 50 45 60 58
    10 78 62 84 8 88 92 27 83 64 84 52 117 83 37 45 46 53 115 108 121 89
    87 60 14 113 25 118 53 22 126 49 62 23 97 15 64 63 62 62 62 63 63 62
    62 62 62 62 62 62 62 62 62 62 63 63 63 62 61 61 62 62 62 62 62 62 62
    61 65 66 65 65 65 66 65 65 65 65 64 64 65 65 64 64 64 64 65 64 64 63
    63 63 63 63 62 62 63 63 62 62 63 63 64 64 64 64 64 65 66 65 65 66 66
    66 66 66 66 66 65 65 65 66 66 66 67 67 66 66 66 66 66 65 65 65 65 65
    65 65 65 66 66 67 67 68 68 68 68 67 67 66 66 67 66 67 67 66 67 67 67
    66 67 66 66 66 65 65 65 65 65 66 65 65 65 65 65 65 65 65 65 65 65 65
    65 65 65 65 66 66 66 66 66 66 66 65 65 65 66 66 66 66 67 66 66 66 66
    66 66 65 64 65 65 64 64 64 64 63 64 64 64 64 63 62 62 62 63 62 63 86
    34 94 84 91 13 28 6 28 76 119 89 76 125 109 51 80 47 81 34 89 22 6
    19 22 33 52 31 126 100 49 108 17 0 16 116 88 87 110 61 83 51 124 101
    121 11 127 100 121 1 55 46 78 111 37 96 49 95 55 51 115 89 65 44 43
    63 62 62 62 62 62 62 61 61 61 61 61 61 61 61 62 62 62 63 63 63 62 61
    62 62 62 62 63 62 63 62 62 65 66 66 65 65 66 65 65 65 65 64 65 65 64
    64 64 64 64 65 64 63 63 63 63 63 63 62 62 62 62 62 62 63 63 64 64 64
    64 64 65 66 65 65 65 66 66 66 66 66 66 66 66 66 66 66 66 67 67 66 66
    66 66 66 66 65 65 66 66 66 66 65 66 67 67 67 68 68 69 68 67 67 66 66
    67 66 66 66 66 66 66 67 66 66 66 66 66 65 64 65 64 64 65 65 65 64 64
    64 64 64 65 64 64 64 64 64 64 65 65 66 65 66 66 66 65 65 64 64 64 65
    66 66 66 66 66 66 66 66 66 66 65 65 65 65 64 64 64 64 64 64 65 65 65
    64 63 63 63 63 63 64 44 48 94 67 85 22 127 20 13 121 121 56 121 110
    39 91 13 96 74 110 4 67 117 65 42 6 115 97 94 74 103 19 116 113 26
    20 46 77 119 55 74 7 5 70 76 3 36 13 123 54 78 85 22 3 67 50 26 91
    63 98 109 122 92 84 65 64 63 63 63 63 63 63 62 62 62 62 62 62 62 62
    63 63 62 63 63 63 62 62 62 62 63 63 63 63 63 63 62 66 66 66 65 65 66
    65 65 65 65 64 65 65 64 64 64 64 64 64 64 63 63 63 63 63 63 62 62 63
    63 62 62 63 63 64 64 64 64 64 65 66 65 65 66 66 66 67 67 66 66 66 66
    66 66 66 66 67 67 66 66 66 66 66 65 65 65 66 65 66 65 65 66 66 66 67
    67 67 68 67 67 67 66 65 66 66 66 66 65 66 66 66 66 66 65 66 65 65 64
    64 64 64 65 65 64 64 64 64 64 64 64 64 64 64 64 64 64 65 65 66 65 66
    66 66 65 65 64 64 64 65 66 65 66 66 66 66 66 67 67 66 66 65 65 65 64
    64 64 64 64 64 65 65 65 64 64 64 64 64 64 64 102 48 4 81 86 33 13 77
    26 51 88 58 122 7 115 109 17 14 28 126 20 90 122 26 26 40 83 99 88 5
    117 100 3 54 111 113 71 84 48 32 91 73 68 6 63 42 69 46 18 83 32 56
    99 124 125 96 48 0 121 43 72 88 73 104 78 64 63 62 62 62 63 63 62 62
    62 62 62 62 62 62 63 63 63 64 64 64 63 63 63 63 63 64 64 64 64 64 64
    65 65 65 64 64 65 64 64 64 64 64 64 65 64 64 63 64 64 64 64 63 62 62
    62 62 62 61 62 62 63 63 63 63 64 64 65 64 64 65 66 66 66 66 66 66 67
    67 67 67 67 66 66 66 67 67 67 67 67 66 66 66 65 65 65 65 65 65 65 65
    65 65 65 66 66 66 67 67 68 67 66 66 66 65 66 65 66 66 65 66 66 66 65
    65 65 65 65 64 63 64 64 64 64 64 64 64 63 64 64 63 64 63 63 64 64 64
    64 65 65 66 66 66 66 66 65 65 64 64 64 65 66 66 66 67 66 66 66 67 66
    66 66 65 65 65 64 64 64 64 64 65 65 66 65 65 64 64 64 64 63 64 80 18
    51 81 24 32 9 48 87 66 28 46 109 121 118 85 114 99 118 32 27 3 127
    73 27 0 31 85 93 49 97 28 25 28 82 116 81 115 117 90 56 95 64 16 27
    47 9 95 9 39 0 73 84 10 118 29 18 65 62 35 85 70 25 53 116 63 63 62
    62 62 62 62 62 62 61 62 62 62 62 62 62 63 63 63 64 64 63 63 63 64 64
    64 64 64 65 64 64 64 65 64 63 64 64 64 63 64 63 63 64 64 64 63 63 63
    63 64 63 63 62 62 62 62 62 61 62 63 63 63 63 63 64 64 65 64 64 65 66
    66 65 66 66 67 67 67 67 67 67 66 66 66 67 66 66 67 67 66 66 65 65 65
    65 64 64 65 64 65 64 64 65 65 66 66 66 66 67 66 66 66 65 65 66 65 65
    65 65 65 65 65 65 65 64 65 64 64 63 64 64 64 64 64 64 64 63 64 64 63
    64 63 63 64 63 64 64 65 65 66 65 66 66 66 65 65 64 64 64 65 65 66 66
    67 66 66 66 67 67 66 66 65 65 65 64 64 64 64 64 65 65 65 65 64 64 63
    63 63 63 63 32 66 116 38 60 40 108 77 21 16 9 87 126 101 40 82 58 83
    88 47 80 40 20 1 4 30 21 113 77 84 23 12 89 39 76 104 66 99 35 70
    106 45 75 97 122 60 103 33 26 71 102 44 32 65 117 57 123 53 8 22 23
    117 125 17 64 64 63 62 62 62 62 62 62 62 62 62 62 63 62 62 63 63 63
    64 64 64 64 64 64 64 64 65 65 65 65 64 64 64 65 64 63 64 64 63 63 63
    63 63 63 63 63 63 63 63 62 63 62 62 61 61 61 61 61 60 61 62 62 62 62
    62 63 63 64 64 64 64 65 65 65 65 65 66 66 67 67 67 67 66 66 66 66 66
    66 67 66 66 66 65 65 65 65 65 65 65 65 65 65 65 65 65 65 66 66 66 67
    66 66 66 65 65 65 65 65 65 65 65 65 65 65 65 64 65 64 64 64 64 64 64
    65 64 64 64 63 64 64 64 65 64 64 64 64 64 64 65 65 65 65 66 66 65 65
    65 64 64 64 65 65 65 66 66 66 65 66 66 66 66 65 64 65 65 64 64 64 64
    64 64 65 65 65 64 64 63 63 63 63 63 18 64 91 4 51 27 36 68 80 63 57
    111 88 67 51 35 127 42 64 22 34 120 116 124 5 127 120 46 2 6 68 46
    98 63 59 84 74 113 31 5 119 125 18 113 116 115 31 113 53 20 51 127
    61 100 63 73 89 120 30 80 37 38 47 56 38 64 63 63 63 63 63 63 63 62
    62 62 62 63 63 63 63 63 64 64 65 65 64 64 65 65 65 65 65 65 65 65 65
    65 65 64 64 64 64 64 63 64 63 63 63 64 63 63 63 63 63 63 62 62 61 61
    61 61 61 60 60 61 62 62 62 62 62 63 64 63 64 64 64 65 65 65 65 66 66
    67 67 67 66 66 66 66 66 66 65 66 66 66 65 65 65 65 65 64 64 65 65 65
    64 64 65 65 65 66 66 66 67 66 66 66 65 65 65 65 65 65 65 65 65 65 65
    65 65 65 64 64 63 64 63 64 65 64 64 64 63 64 64 64 65 64 64 64 64 65
    65 65 65 66 66 66 66 66 65 65 65 64 64 65 65 65 66 66 66 65 66 66 66
    66 65 65 65 65 64 64 64 64 64 65 65 65 65 64 64 64 64 64 63 64 27
    113 21 87 61 48 45 65 108 83 23 34 101 113 37 96 44 12 113 115 77 95
    75 50 72 30 104 110 118 76 96 121 126 40 65 90 121 116 5 50 104 79
    18 0 109 79 88 94 88 53 101 71 62 57 16 119 60 113 121 41 123 0 103
    52 15 64 63 63 63 62 62 62 62 62 62 62 62 63 63 63 63 63 63 64 65 64
    64 64 65 65 65 65 65 65 66 65 65 65 65 65 64 65 65 64 64 64 63 63 63
    64 63 63 63 63 63 63 62 62 61 62 61 61 61 60 61 62 62 62 62 63 63 64
    65 64 65 65 65 66 65 66 66 67 67 68 68 68 68 67 67 67 67 66 66 67 67
    67 66 66 65 65 65 65 65 64 64 64 64 64 64 65 65 65 65 65 66 66 65 65
    64 64 65 65 65 65 64 65 65 65 64 65 64 64 64 64 63 64 63 64 65 64 64
    64 63 64 64 64 65 64 64 64 64 65 65 65 65 65 66 66 66 66 65 65 64 64
    64 65 65 65 65 66 65 65 65 66 65 65 65 64 64 65 64 63 63 63 63 64 64
    64 64 64 64 63 64 64 63 64 70 65 114 50 60 12 99 29 4 119 74 121 96
    109 28 111 71 22 88 85 55 23 23 49 110 91 2 119 23 80 68 1 105 102
    103 63 80 107 8 49 107 0 55 40 0 4 126 101 1 23 28 3 81 127 90 31 13
    72 56 8 63 70 42 12 124 63 63 62 62 62 62 62 62 62 61 62 62 63 63 63
    63 64 64 64 65 64 64 64 65 65 65 65 65 65 66 65 65 66 66 66 65 65 65
    64 64 64 63 63 63 64 63 64 63 64 63 63 62 62 61 62 61 61 61 60 61 62
    62 62 63 63 63 63 64 64 64 65 65 65 65 65 66 66 67 68 68 68 68 67 67
    66 66 66 66 67 66 66 66 65 65 65 65 65 65 65 65 65 65 64 64 65 65 65
    65 65 66 66 65 66 65 64 65 65 65 65 65 65 65 65 65 64 64 64 64 64 63
    64 64 64 65 65 64 64 63 64 64 64 64 64 63 63 63 64 64 64 64 65 64 65
    65 65 64 64 63 63 63 64 64 64 65 65 65 64 65 65 65 65 65 64 64 65 64
    63 64 64 64 64 65 64 64 63 63 63 63 64 63 64 72 13 85 6 50 73 116
    123 101 121 107 119 17 87 9 55 11 92 92 110 48 84 99 7 125 87 105 8
    16 112 13 93 60 87 39 66 81 44 119 98 37 98 50 97 26 26 54 125 101
    15 88 75 1 68 79 72 107 52 10 69 38 27 36 42 33 63 62 62 62 61 61 62
    61 61 61 62 62 62 63 63 63 63 64 64 65 64 64 65 65 65 65 66 66 66 66
    65 65 65 65 65 65 65 65 64 64 64 63 63 63 63 63 64 63 64 63 63 62 62
    61 61 61 61 61 60 61 62 62 63 63 63 63 64 65 65 65 65 65 66 65 66 66
    67 67 68 68 68 68 68 68 67 67 66 66 67 66 66 66 65 64 65 64 64 65 64
    65 65 64 64 64 65 64 65 65 65 66 65 65 65 64 64 65 64 65 65 64 65 65
    64 64 64 64 64 64 63 63 63 63 63 64 64 64 63 63 64 64 63 64 63 63 63
    63 64 64 65 64 65 65 65 65 65 64 64 64 64 64 64 65 65 65 65 65 65 65
    66 66 65 65 64 64 64 63 63 63 63 63 63 64 64 64 63 63 63 63 63 63 64
    64 64 101 4 27 52 14 121 107 93 109 83 120 72 85 121 1 5 106 26 44
    67 44 85 19 52 70 102 122 122 89 1 42 72 15 100 11 106 120 18 112 39
    19 108 25 106 70 8 99 64 56 80 95 52 41 75 119 90 94 106 108 103 36
    21 60 63 63 62 62 62 62 62 62 62 62 62 62 63 63 63 63 63 64 65 65 65
    65 65 65 66 66 66 66 66 66 66 66 65 65 65 65 65 65 64 64 64 63 63 63
    63 63 63 63 63 63 63 62 61 61 61 61 61 61 60 61 61 62 62 63 63 63 63
    64 64 64 65 65 65 65 65 65 66 67 67 67 68 67 67 68 67 66 66 66 67 66
    66 66 65 64 64 64 64 64 64 64 64 64 64 64 64 64 64 64 64 65 65 65 64
    64 63 64 64 64 64 64 64 64 64 63 63 63 63 63 63 62 63 63 63 64 64 63
    63 63 63 63 63 64 63 63 63 63 63 63 64 64 65 64 65 65 65 64 64 64 63
    63 64 64 64 64 65 64 64 65 66 65 65 64 64 64 64 63 63 63 63 63 63 63
    63 63 62 62 62 62 63 62 63 104 84 79 101 64 101 42 35 120 41 4 99
    112 123 116 12 102 101 51 27 95 34 7 110 65 77 42 120 123 33 6 20 57
    64 41 38 29 73 49 39 69 50 45 31 109 21 54 69 117 25 118 81 58 102
    11 89 2 50 99 60 52 35 96 31 14 63 63 63 63 62 62 63 62 62 62 62 62
    63 63 63 63 63 64 65 65 65 65 64 65 65 65 65 65 65 66 65 65 65 65 65
    65 65 65 64 63 63 63 62 63 63 62 63 62 63 62 62 61 61 60 61 60 60 60
    59 60 60 61 61 62 62 62 62 63 64 64 64 64 65 64 65 65 66 66 66 67 67
    67 67 67 66 66 66 65 66 66 65 65 64 64 64 64 64 64 64 64 64 64 64 64
    64 64 64 64 64 65 64 64 64 64 63 64 64 65 65 64 65 65 64 64 63 63 64
    63 63 62 63 63 63 64 64 63 63 63 63 63 63 63 63 63 62 63 63 63 64 64
    64 64 64 64 64 63 64 63 63 63 64 64 64 64 64 64 64 65 65 65 65 64 63
    63 63 63 62 63 63 63 63 63 63 62 62 62 62 62 62 62 63 52 33 125 73
    28 82 93 77 120 120 67 9 60 45 125 122 14 115 116 78 98 78 96 113
    126 81 70 105 60 104 100 122 78 118 21 73 26 18 73 103 47 93 117 3
    113 91 125 13 13 0 12 126 95 37 18 90 45 90 96 58 70 78 18 92 8 64
    63 63 63 63 63 63 63 63 63 63 63 63 63 64 64 64 64 65 65 65 65 64 65
    65 65 65 65 65 65 65 65 64 65 64 64 64 64 64 63 63 63 62 63 63 63 63
    63 63 63 63 62 61 61 61 61 61 61 60 60 61 61 62 62 62 62 62 63 63 63
    64 64 64 64 64 64 65 66 66 66 66 66 66 67 66 65 65 65 65 65 65 65 64
    64 63 63 63 64 63 64 64 64 63 64 64 64 64 64 63 64 64 64 64 63 63 64
    64 64 64 64 64 64 64 63 63 63 63 63 63 62 63 63 63 64 64 63 63 63 63
    63 63 63 63 63 62 62 62 63 64 63 64 63 64 63 64 63 63 63 63 63 63 64
    63 63 64 64 63 64 64 64 64 64 63 63 63 62 62 62 62 62 62 62 62 62 61
    61 61 62 62 62 62 42 101 77 54 96 109 27 3 5 40 121 39 60 4 20 21 51
    3 118 102 99 70 119 23 70 54 26 45 12 49 44 77 31 62 94 120 121 6 75
    67 97 123 60 5 16 99 4 74 16 41 85 73 111 12 11 48 40 98 75 50 15 25
    44 6 125 65 64 64 64 64 64 64 64 63 63 63 63 63 64 64 64 63 64 64 64
    64 64 63 63 64 64 64 64 64 64 64 64 64 64 64 64 64 64 63 63 63 63 62
    63 63 63 63 63 64 63 63 62 62 62 62 62 62 62 60 61 62 62 63 63 63 63
    63 64 63 64 64 64 65 64 64 64 65 66 66 66 66 66 66 66 65 65 64 64 65
    65 64 64 63 63 63 63 63 63 63 63 63 63 63 63 63 63 63 64 63 64 64 64
    64 63 63 63 64 64 64 64 64 64 64 63 63 64 64 64 63 63 63 63 63 64 64
    63 63 63 63 63 63 63 63 63 62 62 62 63 63 63 63 63 63 63 63 63 63 62
    62 62 63 63 63 63 64 64 63 64 64 64 64 64 62 63 63 62 62 62 62 62 62
    62 62 62 62 61 61 61 62 62 62 75 118 107 119 59 105 44 91 40 27 114
    93 49 33 60 63 20 104 92 59 100 89 71 109 29 6 53 21 18 88 91 121 15
    42 81 19 113 119 84 45 59 71 57 126 82 43 121 70 112 70 63 80 105
    101 28 52 116 64 50 85 62 28 69 78 44 65 64 64 64 64 64 64 64 63 63
    64 63 64 64 64 64 64 64 65 65 65 65 64 64 65 65 65 65 65 65 65 65 64
    65 65 64 64 64 64 63 64 63 63 63 63 63 63 63 64 63 63 62 62 62 62 62
    62 62 61 61 62 62 63 63 63 63 63 63 63 64 64 64 65 65 65 64 65 66 66
    66 66 65 65 66 65 64 64 64 64 64 64 64 63 63 63 63 62 63 62 63 63 63
    62 63 63 63 63 63 62 63 63 63 63 63 62 63 63 64 63 64 64 64 63 63 63
    63 63 63 63 62 62 63 63 63 63 63 62 62 63 63 62 62 62 62 62 62 62 63
    63 63 64 63 63 63 63 63 62 62 62 62 63 63 63 63 64 63 63 63 64 64 64
    63 62 62 62 62 62 62 62 62 62 62 62 61 62 62 62 62 62 62 63 72 82 57
    93 49 126 80 81 77 47 12 97 87 93 63 43 69 81 59 2 67 20 93 95 33 5
    60 27 56 67 30 2 36 80 11 83 125 59 43 12 60 75 120 62 82 14 18 118
    119 66 5 1 118 115 49 95 1 25 30 73 52 119 20 31 37 64 64 64 63 63
    63 63 63 63 63 63 63 63 64 64 64 64 65 65 65 65 65 64 64 64 65 65 65
    65 65 65 65 64 65 65 65 65 65 64 64 64 64 63 64 64 64 64 64 64 64 64
    63 62 63 63 63 63 63 61 61 62 62 63 63 63 63 63 63 63 64 64 64 65 65
    65 64 65 65 65 66 65 65 65 66 65 64 64 64 64 64 64 64 64 63 63 63 62
    63 62 63 63 63 62 62 62 63 63 62 62 63 63 63 63 62 62 63 63 63 63 63
    63 63 63 62 62 63 63 63 63 62 62 63 63 63 64 63 62 63 63 63 63 63 62
    62 62 62 63 63 64 64 64 63 63 63 63 63 62 62 62 62 63 63 63 63 64 63
    63 63 64 64 63 63 62 62 62 61 62 62 62 62 62 62 62 62 62 62 62 62 62
    62 63 12 38 22 3 34 12 35 109 86 9 16 115 71 57 110 9 99 57 56 36
    115 118 56 11 66 91 61 24 62 53 125 65 123 36 108 97 58 82 55 126
    110 56 84 30 24 54 15 52 66 29 85 73 125 75 20 115 88 7 10 112 66 30
    41 95 2 64 64 63 63 63 63 63 63 62 63 63 63 64 64 64 64 64 65 65 65
    65 65 65 64 65 65 65 65 66 66 65 65 65 65 65 65 65 65 65 65 65 64 64
    64 64 64 64 64 64 64 64 63 63 63 63 63 63 63 61 62 62 63 63 63 63 63
    63 63 63 64 64 64 65 65 64 64 65 65 65 65 65 65 65 66 65 64 64 64 64
    64 64 64 64 63 63 63 62 62 62 63 63 63 62 62 62 63 63 63 62 63 63 63
    63 62 62 63 63 63 63 63 63 64 63 62 62 63 63 63 63 62 62 62 62 63 63
    63 62 62 63 63 62 62 62 62 62 62 62 63 63 63 63 63 63 62 62 62 62 62
    62 62 62 63 63 63 64 63 63 63 63 63 63 62 61 61 61 61 61 62 62 61 62
    62 62 61 61 62 62 62 62 62 63 65 90 44 18 43 33 89 52 15 105 57 60
    52 82 84 90 18 38 105 38 41 1 12 111 52 70 70 87 99 26 14 77 29 38
    109 86 39 18 93 16 20 59 49 104 112 14 43 18 13 20 51 28 64 56 103
    64 3 102 102 24 67 99 69 124 57 63 63 63 63 63 63 63 62 62 62 63 63
    63 64 64 64 64 65 65 65 65 65 65 64 65 65 65 65 66 66 65 65 64 64 64
    64 64 64 64 64 64 64 63 64 64 64 64 64 64 64 64 63 63 63 63 63 63 63
    62 62 62 63 64 64 63 63 63 63 63 64 64 64 65 64 64 64 65 65 66 66 66
    65 66 66 65 65 64 64 64 64 64 65 64 64 63 63 63 63 63 63 63 63 63 63
    63 63 63 63 62 63 63 62 62 62 62 63 63 63 63 63 63 63 63 62 62 63 63
    63 62 62 62 63 62 63 63 63 62 63 63 63 62 62 62 62 62 62 63 63 63 63
    64 63 63 63 63 63 62 62 63 62 62 63 63 63 63 63 63 63 63 63 63 62 61
    61 61 61 61 62 62 61 61 62 61 61 62 62 62 62 62 62 63 86 14 23 121
    38 91 45 103 50 47 72 70 85 42 109 26 127 90 57 120 46 115 84 24 56
    76 99 38 23 116 63 49 37 29 71 38 56 74 14 101 12 8 37 39 49 40 84
    41 74 99 117 39 12 120 22 83 75 82 4 64 107 64 42 23 13 63 63 63 63
    63 62 62 62 61 62 62 62 63 63 64 64 64 65 65 65 65 65 65 64 65 66 66
    66 66 66 66 66 64 64 64 64 64 65 64 64 64 63 63 64 64 63 63 64 64 64
    64 62 63 63 63 63 63 62 61 61 62 63 63 63 63 63 62 63 63 63 63 64 64
    64 64 64 65 65 65 65 65 65 66 66 65 64 64 64 64 64 64 65 64 64 64 63
    63 63 63 63 63 63 63 63 63 63 63 63 62 63 63 63 63 62 62 63 63 64 63
    64 64 64 63 63 63 63 63 63 63 62 62 63 63 63 63 63 62 63 63 63 63 62
    62 62 62 62 63 63 64 64 64 63 63 63 63 63 63 63 63 63 63 64 63 63 64
    63 63 63 64 64 63 63 62 61 61 61 61 62 61 61 61 61 61 61 61 62 62 62
    62 62 62 96 47 27 74 39 38 18 60 72 120 61 108 119 4 20 56 90 48 116
    15 68 20 64 86 17 126 69 99 15 28 111 63 93 126 119 98 102 21 60 30
    20 12 54 16 35 19 43 44 73 90 60 48 66 12 13 84 14 105 73 45 119 24
    32 9 52 63 63 63 63 63 63 62 62 62 62 62 63 63 63 64 64 64 65 65 65
    64 65 65 64 65 65 65 66 66 66 66 66 65 65 65 65 65 65 64 64 64 63 63
    64 64 63 63 64 64 64 64 62 62 63 63 63 63 62 61 61 62 63 63 64 63 63
    63 63 63 63 63 64 64 64 64 64 64 65 65 65 65 65 65 66 65 64 64 63 64
    64 64 64 64 63 63 63 63 63 63 63 63 63 62 63 63 63 63 62 62 62 63 63
    62 62 62 63 63 63 63 64 64 64 63 62 62 63 63 63 63 62 62 63 63 63 64
    63 62 63 63 63 63 63 63 63 62 62 63 63 64 64 64 63 63 63 63 63 62 63
    63 63 63 64 63 63 64 64 63 64 64 64 63 63 62 62 62 62 62 63 62 62 62
    63 62 62 62 63 63 62 62 63 63 110 37 46 53 18 115 125 106 22 115 103
    88 61 56 7 27 10 27 27 112 104 61 93 110 77 84 86 85 67 53 114 121
    16 114 108 64 2 122 9 124 48 12 4 60 21 14 120 23 41 15 125 102 15
    52 70 12 101 51 64 125 26 111 68 112 47 63 63 63 63 63 62 62 62 62
    62 62 62 63 63 63 63 64 65 64 64 64 64 64 64 64 65 65 65 66 66 66 66
    65 65 65 65 65 65 64 64 64 63 63 63 63 63 62 63 63 63 62 61 61 62 62
    62 62 62 61 61 61 62 63 63 63 62 62 63 63 63 63 63 64 64 64 64 65 65
    65 65 65 65 65 65 65 64 64 63 63 63 63 64 63 63 63 63 63 63 63 63 63
    63 62 63 62 62 62 62 62 62 62 62 62 62 62 63 63 63 63 63 63 63 63 62
    62 63 62 62 62 62 62 63 63 63 64 63 62 63 63 63 63 63 63 62 62 62 62
    63 63 63 63 63 63 62 63 63 62 63 63 62 63 63 63 63 64 64 63 64 64 64
    64 63 63 62 62 62 62 63 63 62 62 63 62 62 62 63 63 62 62 62 63 48 31
    49 109 112 23 71 103 112 11 110 98 45 97 20 78 81 72 98 80 11 112 74
    2 103 108 4 106 119 99 92 35 96 109 42 69 6 39 99 90 3 19 58 94 107
    9 84 49 6 118 29 71 81 50 72 87 63 117 93 18 57 4 89 105 60 63 63 63
    63 63 62 62 62 62 62 63 63 63 63 63 63 63 64 64 64 63 64 63 63 63 64
    64 64 65 65 65 65 63 63 64 63 64 64 64 63 63 63 62 63 63 62 62 62 62
    63 62 61 61 62 63 62 63 62 62 61 62 62 63 63 63 62 62 63 63 63 63 63
    64 64 64 64 64 64 64 64 64 64 64 64 64 63 63 62 63 63 63 63 63 63 62
    63 62 62 62 62 62 62 62 62 62 62 62 62 62 62 63 62 62 62 63 63 63 63
    63 64 64 64 63 62 62 63 63 63 63 62 62 63 63 64 64 63 63 63 63 63 63
    63 63 63 62 62 63 63 64 64 64 64 63 63 63 63 63 63 63 63 63 64 64 64
    65 64 64 65 65 65 64 64 63 63 63 63 63 64 64 63 63 64 63 63 63 63 63
    63 63 63 63 14 28 107 85 101 81 50 23 90 121 110 49 103 40 100 124 9
    94 35 33 113 32 67 114 59 64 61 51 75 119 91 49 14 103 42 34 106 22
    114 10 119 52 115 93 49 3 6 66 17 36 120 80 99 36 94 105 87 81 70 94
    52 29 124 50 28 63 63 63 63 63 63 63 63 62 62 63 63 63 63 64 63 64
    65 64 64 64 64 64 63 64 64 64 64 65 65 65 65 63 63 63 63 63 63 63 63
    63 62 62 63 63 62 62 62 62 62 62 61 61 62 62 62 62 62 61 61 61 62 63
    63 63 62 62 63 63 63 63 63 64 64 64 64 65 65 65 65 65 65 65 65 65 64
    64 63 64 63 63 63 63 63 63 63 63 63 63 63 63 63 62 63 63 62 63 62 62
    63 63 63 63 63 63 64 64 64 64 65 65 64 64 63 63 63 63 63 63 63 63 63
    63 63 63 63 63 63 63 62 62 63 62 62 61 62 62 62 63 63 63 63 62 62 63
    62 62 62 63 62 62 63 63 63 64 64 63 64 64 64 64 63 63 62 62 62 63 63
    63 63 63 63 63 63 63 64 63 63 63 63 63 44 53 93 49 38 27 116 94 3 70
    65 74 62 24 66 63 11 66 9 115 35 7 120 106 69 113 66 90 123 113 113
    115 79 109 109 105 27 4 69 32 120 87 92 85 62 45 120 71 53 119 108
    26 59 65 47 114 106 81 9 94 112 90 87 14 108 63 63 63 63 63 63 63 63
    63 63 63 63 63 63 64 63 63 64 64 64 64 64 64 63 63 64 64 64 64 64 64
    65 64 64 64 64 64 64 64 63 63 63 63 63 63 62 62 63 63 63 62 61 62 62
    63 62 62 61 61 61 62 62 63 63 63 63 63 63 63 64 64 63 64 64 64 64 64
    65 64 65 65 65 65 65 64 63 63 63 63 63 63 63 63 62 62 62 63 62 62 63
    63 63 63 63 63 62 63 63 62 63 63 63 63 63 64 64 64 64 64 65 65 65 64
    63 63 64 63 63 63 63 62 62 62 63 63 62 62 62 62 62 62 62 62 61 60 60
    61 62 62 63 62 62 62 62 62 62 62 62 62 62 62 63 63 63 64 64 64 64 64
    64 64 63 62 62 62 63 63 64 64 63 63 63 63 63 63 64 64 63 63 63 63 37
    57 36 79 89 123 12 92 15 12 87 2 25 117 32 27 51 119 20 41 32 91 97
    15 126 59 93 86 77 80 63 80 0 85 15 31 57 34 75 20 45 13 127 59 65
    108 111 90 27 95 7 118 12 78 9 11 52 15 38 115 101 68 121 97 77 63
    63 64 63 63 63 63 63 63 63 63 63 63 63 64 63 63 64 64 63 63 63 63 62
    63 63 63 63 63 63 63 63 64 64 64 64 64 64 64 63 63 63 62 62 62 62 61
    62 62 61 61 60 60 61 61 61 61 60 60 60 61 61 62 62 62 62 62 63 63 63
    63 63 64 64 64 63 64 64 64 64 65 65 65 65 64 63 63 63 63 63 63 63 63
    63 62 63 63 63 63 63 63 64 63 63 63 62 63 63 63 63 63 63 63 63 64 64
    65 64 64 65 65 65 64 63 63 64 63 63 63 63 63 63 63 63 63 63 63 63 63
    62 62 62 62 62 61 61 62 63 63 64 63 63 62 62 63 62 62 62 62 62 62 63
    63 63 63 63 63 63 64 64 63 62 62 61 61 62 62 63 63 63 63 63 63 63 63
    64 64 63 63 63 63 31 95 58 74 114 102 26 51 5 86 124 67 99 37 105 35
    57 8 18 63 82 31 110 112 2 55 96 88 9 34 49 66 89 56 76 32 34 32 18
    100 75 112 35 126 61 108 115 127 1 125 46 88 82 122 80 112 119 93 90
    56 57 63 123 87 85 63 63 63 63 63 63 64 63 63 63 63 63 63 63 64 63
    63 64 64 63 63 63 63 63 63 63 63 63 63 63 63 63 64 64 64 64 64 64 64
    63 63 63 62 63 62 62 62 62 63 62 62 61 61 62 62 62 62 61 61 61 62 62
    63 63 63 63 62 63 63 63 63 64 64 64 64 64 64 64 64 64 65 65 65 65 64
    64 63 63 63 63 62 63 63 63 63 63 63 63 63 63 63 64 63 63 63 62 63 62
    62 63 63 62 63 62 63 64 64 63 64 64 64 64 63 63 62 63 62 62 62 62 62
    62 62 63 63 63 62 63 63 62 62 63 62 62 61 61 62 62 63 64 63 63 63 62
    63 63 62 63 63 63 62 63 62 63 63 63 63 63 64 64 63 62 62 61 61 62 62
    63 63 62 62 62 62 62 63 63 63 63 62 63 63 26 56 42 37 41 85 56 38 9
    100 68 79 81 13 85 88 45 54 75 20 104 118 62 36 26 90 1 64 110 47 36
    92 127 95 50 46 119 104 32 38 115 7 95 48 34 111 42 39 83 43 27 58
    27 26 106 34 94 75 60 100 57 103 29 117 91 64 63 64 63 63 63 64 64
    63 63 63 63 63 63 64 63 63 64 63 63 62 62 62 62 62 62 62 62 62 62 62
    62 63 63 63 63 63 63 63 62 62 62 61 61 62 61 61 62 62 62 61 60 61 61
    62 61 61 61 61 61 62 62 63 63 63 63 62 63 63 63 63 63 64 64 64 64 64
    64 64 64 65 65 65 65 64 63 63 63 63 62 62 63 63 63 62 63 63 63 62 62
    63 63 63 62 62 61 62 62 61 62 62 62 62 62 62 63 63 63 63 64 64 64 63
    62 62 62 62 62 62 62 62 62 63 63 63 63 63 63 63 63 63 63 63 62 61 62
    62 63 64 64 64 63 63 62 63 63 62 63 63 63 62 63 63 63 63 63 63 63 63
    64 63 62 61 61 61 61 62 63 63 62 62 62 62 61 62 62 62 62 62 62 62 33
    5 127 112 40 108 113 29 85 74 80 74 108 39 43 79 57 2 68 3 38 10 80
    126 40 122 54 99 21 10 51 59 115 90 73 118 10 60 64 55 33 49 18 9 31
    23 109 89 106 62 38 38 76 97 29 74 27 102 73 25 106 20 48 61 3 63 63
    63 62 63 62 63 63 63 63 63 63 63 62 63 62 62 63 63 62 62 63 63 62 62
    62 62 62 62 62 62 62 63 63 63 63 64 64 64 63 63 62 62 62 62 62 62 62
    62 62 62 61 61 62 62 62 62 62 61 62 62 62 63 64 64 63 63 63 64 64 64
    64 64 64 64 64 64 64 64 64 65 65 65 65 64 64 64 63 63 62 62 63 63 63
    63 63 63 63 63 63 63 63 63 63 62 62 63 62 62 62 62 62 62 62 63 63 63
    63 63 64 64 64 63 62 62 62 62 63 62 62 62 62 63 63 63 63 63 63 63 63
    63 63 63 62 61 61 62 63 63 64 63 63 62 62 63 63 62 63 63 63 63 63 63
    63 63 63 63 63 63 64 63 62 61 61 61 62 62 63 63 62 62 62 61 61 61 61
    62 61 61 61 61 61 49 127 5 121 20 126 120 8 76 116 111 105 5 66 67
    48 56 73 120 52 44 64 70 41 58 47 119 59 2 95 10 52 125 125 27 50 24
    50 5 103 85 102 19 4 77 9 84 52 122 118 126 65 84 95 87 34 50 20 40
    8 51 70 50 44 63 63 63 62 63 62 63 62 62 62 62 62 62 62 63 62 62 63
    63 62 62 62 62 62 62 62 62 62 62 62 62 62 64 64 63 64 64 64 64 64 64
    63 63 63 62 62 62 62 63 62 62 61 61 62 62 63 62 62 62 62 62 62 63 63
    63 63 63 63 63 63 64 63 64 64 64 64 64 64 64 64 65 65 65 65 64 64 64
    64 64 63 63 64 64 64 64 64 64 64 64 64 64 64 64 63 63 62 63 63 63 63
    63 63 62 62 63 63 63 63 63 64 64 64 63 62 62 62 62 62 62 62 62 62 63
    63 63 63 63 63 63 63 63 63 63 62 61 61 62 62 63 63 63 63 62 62 62 63
    62 63 63 63 63 63 63 63 63 63 63 63 64 64 63 62 62 61 61 61 62 62 62
    62 62 62 61 61 61 62 62 61 61 62 62 57 86 16 16 42 8 54 23 25 2 97
    101 118 115 63 81 114 9 22 84 17 96 40 124 70 53 68 5 115 38 22 75 8
    92 91 57 97 15 62 93 31 8 51 106 21 54 0 96 86 46 100 126 115 60 54
    67 32 82 14 46 74 119 53 26 103 63 63 63 63 63 63 63 63 62 62 62 62
    62 62 63 62 62 63 63 62 62 63 62 62 62 62 62 62 63 62 62 62 64 64 64
    65 65 65 65 64 65 64 64 63 63 63 63 63 63 63 62 62 62 62 63 63 63 62
    62 63 63 62 63 64 64 63 63 63 64 64 64 64 64 64 64 64 64 64 64 65 65
    65 65 65 64 64 64 64 64 63 63 64 64 64 64 64 64 64 64 64 64 64 64 63
    63 62 63 63 63 63 63 63 63 62 63 64 64 63 63 64 64 64 63 62 62 62 62
    63 62 63 62 63 63 63 62 63 62 63 63 62 63 62 63 62 61 62 62 62 63 63
    63 63 62 62 63 63 63 63 64 64 63 64 63 64 64 64 64 64 64 64 63 63 62
    61 61 62 62 62 62 62 62 62 62 61 62 62 62 62 61 62 62 52 51 100 4 88
    84 14 38 107 49 109 95 117 111 111 56 93 53 26 10 90 122 74 46 99 21
    45 41 115 87 69 99 60 66 65 75 57 43 50 49 98 49 47 40 52 24 68 29
    57 88 68 123 119 9 4 23 59 32 85 41 96 97 64 49 111 62 62 62 62 62
    62 62 62 62 62 61 62 62 62 63 62 62 63 63 62 62 62 62 62 62 62 62 62
    63 62 62 62 64 65 65 65 65 65 65 65 65 64 64 64 64 63 63 64 64 64 63
    62 62 63 63 63 63 63 63 63 63 63 64 64 64 64 64 64 64 64 64 64 64 64
    64 64 64 64 64 64 65 64 64 65 64 64 64 64 64 63 63 63 64 64 64 63 64
    64 64 63 64 64 63 63 63 62 63 63 63 63 63 63 62 62 63 63 63 63 63 64
    64 64 63 62 62 62 62 63 62 63 62 62 62 62 62 62 62 62 62 62 62 62 63
    62 61 61 62 62 63 63 64 63 63 62 63 63 63 63 64 64 64 64 64 64 64 64
    64 63 64 64 63 62 62 61 61 61 62 62 62 61 61 61 61 61 61 62 62 61 61
    62 62 28 96 47 107 15 78 8 62 83 122 72 117 7 73 110 48 78 29 29 62
    98 121 110 69 28 16 104 27 110 125 36 93 116 86 48 74 64 69 44 24 89
    43 106 57 33 78 14 99 32 24 104 34 26 6 33 10 4 126 59 79 106 20 94
    56 39 62 62 62 61 62 62 62 61 62 61 61 62 61 62 63 62 62 63 63 62 62
    62 62 62 62 62 62 63 63 63 63 63 64 64 64 65 65 65 65 65 65 64 64 64
    63 63 63 63 64 64 63 63 62 63 63 64 63 63 63 64 64 63 64 64 64 64 64
    64 65 65 65 65 65 65 65 64 64 64 64 64 65 64 64 65 64 64 64 64 64 63
    63 64 64 64 64 64 64 64 64 64 64 64 64 63 63 63 64 64 63 63 63 63 63
    62 63 63 63 63 63 64 64 64 63 62 62 62 63 63 63 63 63 63 63 62 62 63
    62 63 63 62 63 62 63 62 61 62 62 63 63 64 64 63 63 63 63 63 63 64 65
    65 64 64 64 64 64 64 64 64 64 64 63 62 62 61 61 61 62 62 62 61 61 61
    61 61 61 62 62 61 61 62 62 44 16 114 114 69 70 41 7 103 104 108 116
    57 124 7 44 103 94 111 120 62 99 60 65 1 62 109 5 104 114 69 32 60
    88 85 60 100 24 36 78 63 111 20 31 107 87 57 0 33 69 9 42 76 13 116
    102 26 72 41 38 110 124 17 25 95 62 62 62 61 62 62 62 62 62 62 62 62
    62 62 63 62 62 63 62 62 62 62 62 62 62 62 62 62 63 62 63 62 65 65 65
    65 65 66 66 65 65 64 64 64 64 63 63 64 64 64 64 63 63 64 64 64 64 63
    63 64 63 63 63 64 64 63 64 63 64 64 64 64 64 64 64 63 63 63 63 63 64
    63 63 64 63 63 63 63 63 63 63 63 63 64 63 63 64 64 64 64 64 64 64 64
    63 63 64 64 63 63 63 63 63 62 63 63 63 62 62 64 63 63 63 62 62 62 62
    63 63 63 63 62 62 62 62 62 62 62 62 62 63 63 63 62 62 62 62 63 63 64
    64 64 63 63 64 64 64 64 65 65 65 65 65 65 65 65 65 64 65 65 64 63 62
    62 61 62 62 62 63 61 62 61 61 62 62 62 62 61 61 62 61 68 124 56 38
    92 21 66 64 70 21 12 28 62 116 56 20 12 74 30 28 33 13 47 93 13 102
    105 37 18 124 64 73 44 76 49 110 80 61 108 41 91 4 41 27 30 48 42
    111 49 71 76 124 56 65 12 104 49 0 0 24 15 55 3 94 64 62 62 62 62 62
    62 62 62 62 62 62 62 62 62 62 62 62 63 62 62 61 62 62 62 62 62 62 62
    63 62 62 62 63 63 63 64 64 64 64 64 64 63 64 63 63 63 63 64 64 64 64
    63 64 64 64 65 64 64 64 64 64 64 64 64 64 64 64 64 64 64 64 64 64 64
    64 63 63 63 63 63 64 63 63 64 64 63 64 64 63 63 63 63 64 64 63 63 63
    64 64 64 64 64 63 63 63 62 63 63 63 63 62 62 62 61 62 62 63 61 62 63
    62 63 62 61 61 61 61 62 62 62 62 62 62 61 61 61 61 62 62 62 62 62 63
    62 62 62 63 63 64 64 65 65 64 64 65 65 65 65 66 66 66 66 65 66 65 65
    65 65 65 65 64 63 62 62 61 62 62 62 63 62 62 62 61 62 62 62 62 61 61
    62 61 109 68 30 106 37 57 86 7 97 85 75 17 104 7 68 30 29 70 25 119
    15 123 73 53 105 17 37 67 8 91 81 42 126 5 67 38 46 91 74 51 64 18
    100 8 39 87 38 13 97 30 113 75 93 20 74 52 71 42 2 107 72 36 111 57
    1 62 62 62 62 62 62 63 62 62 62 62 62 62 62 63 62 62 63 62 62 62 62
    62 62 62 62 62 62 63 62 62 62 64 65 64 65 65 65 65 65 64 64 64 64 64
    63 63 64 64 64 64 64 64 65 64 65 64 64 64 64 64 63 63 64 64 64 64 64
    64 64 64 64 63 63 63 63 63 63 63 63 63 63 63 63 63 63 63 64 63 63 63
    63 64 64 63 63 63 63 64 63 64 63 63 63 62 62 63 63 62 62 62 62 62 61
    62 62 62 61 62 63 63 63 63 62 62 62 62 62 62 63 63 63 63 62 62 62 62
    62 62 62 63 63 63 63 62 63 63 63 64 64 65 65 64 64 64 64 64 65 65 66
    65 65 65 65 65 65 65 64 65 65 64 63 62 62 61 62 63 62 63 62 62 62 62
    62 62 62 62 62 61 62 61 40 27 107 94 95 33 40 64 30 4 59 115 0 34 0
    86 55 9 23 91 17 45 97 92 54 10 10 57 31 34 8 23 64 40 121 97 28 21
    7 90 110 68 86 114 81 93 57 67 16 7 67 46 88 82 39 88 45 89 54 119
    125 115 93 98 17 61 61 61 61 61 61 62 61 61 61 61 61 61 61 62 62 62
    62 62 61 61 61 61 61 61 61 61 62 62 61 62 61 64 64 64 65 65 65 65 65
    65 64 65 64 64 64 63 64 64 65 65 64 64 65 65 65 65 65 65 64 65 64 64
    65 65 64 65 64 65 65 65 65 64 64 64 63 64 63 63 63 64 63 63 63 63 63
    63 63 63 63 63 63 64 64 63 63 63 63 64 64 64 64 64 63 63 62 63 63 63
    63 63 63 63 62 62 63 63 62 63 64 64 64 63 63 63 63 63 63 63 63 63 63
    63 62 62 62 62 62 62 62 63 63 63 63 62 62 63 63 64 64 64 64 64 64 64
    64 64 65 65 65 65 65 65 65 65 65 64 64 64 64 63 62 62 61 61 61 62 62
    62 61 62 61 61 61 62 62 62 62 61 62 62 29 116 37 103 62 40 26 100 90
    44 126 20 124 74 127 105 23 71 43 24 3 55 38 13 28 52 118 5 5 81 14
    26 6 40 60 119 79 57 72 127 107 73 99 79 4 92 53 84 110 45 71 108 74
    8 57 126 115 102 118 64 23 81 63 3 54 60 60 60 60 61 61 61 61 61 61
    60 60 61 61 61 61 61 62 61 61 61 61 61 61 61 61 61 61 62 61 61 60 65
    65 65 65 65 66 66 65 65 65 65 65 65 64 64 65 65 66 65 65 65 66 66 66
    65 65 65 65 65 65 65 65 66 65 65 65 65 65 65 65 64 64 64 63 64 64 63
    63 64 63 63 63 63 63 63 63 63 63 62 62 64 64 63 63 63 63 63 63 63 63
    63 63 62 62 63 63 62 62 62 62 62 62 62 63 63 62 62 63 63 63 63 62 62
    62 62 63 63 63 63 63 62 62 62 62 62 62 62 62 62 62 63 62 62 63 63 63
    64 64 64 65 64 64 64 64 64 65 65 66 65 65 65 65 65 65 65 64 64 64 63
    63 62 62 61 62 62 62 63 62 62 62 62 62 62 62 62 62 61 61 62 21 91 26
    91 54 122 102 100 69 94 97 78 92 86 107 113 85 93 97 74 102 17 82 3
    121 42 70 58 21 120 73 25 126 12 73 32 26 43 109 15 49 1 85 92 1 68
    113 122 122 115 82 63 96 60 39 31 8 5 110 46 34 4 35 72 89 60 60 60
    60 61 60 61 60 61 61 60 61 61 61 61 61 61 62 61 61 60 61 61 61 61 60
    61 61 62 61 61 60 65 66 66 66 66 66 66 66 65 65 65 65 65 64 64 65 65
    65 65 65 64 65 65 65 65 65 65 64 65 64 65 65 66 65 66 65 66 65 66 66
    65 65 65 64 64 64 64 64 64 64 64 64 64 64 64 64 64 63 62 62 64 64 63
    63 63 63 63 63 64 63 63 63 62 62 63 63 62 62 62 62 62 61 62 63 63 61
    62 63 63 63 62 62 62 62 62 62 62 63 63 63 62 62 61 62 62 62 62 62 62
    62 63 62 62 63 63 63 64 64 65 65 64 64 64 64 64 65 66 66 65 65 66 66
    65 65 65 64 65 65 64 63 63 63 62 62 63 63 63 62 63 62 62 62 62 63 62
    62 61 62 62 82 51 103 24 12 68 87 114 11 7 40 78 61 6 18 44 108 36
    11 31 113 47 81 71 120 57 18 31 87 118 86 61 52 75 83 13 5 81 111 38
    80 19 90 19 0 8 119 46 124 89 7 21 1 113 28 42 81 83 68 28 106 15 45
    90 58 60 60 60 59 60 60 60 60 60 60 60 60 60 60 61 61 61 61 61 60 60
    61 61 61 61 60 61 61 61 60 61 60 66 66 66 66 66 67 67 66 66 66 66 65
    65 64 64 65 65 65 65 65 65 65 65 65 65 64 64 64 64 64 64 65 65 65 65
    65 65 65 65 65 65 65 64 64 64 64 64 64 64 64 64 64 64 64 64 64 64 63
    63 63 64 64 64 64 63 63 64 63 64 64 64 63 63 62 63 63 62 62 62 61 61
    61 62 62 62 61 62 62 62 62 62 61 61 61 61 61 62 62 62 62 62 61 61 61
    61 62 62 61 62 62 63 62 62 63 63 63 64 64 64 65 64 64 64 64 65 65 66
    66 66 65 65 66 66 66 66 65 65 65 64 64 64 63 63 63 64 63 64 63 63 63
    63 63 63 63 63 63 62 62 62 53 77 122 29 19 42 126 28 42 120 76 19 26
    100 12 50 103 119 124 73 27 54 6 88 73 83 23 77 47 30 63 53 72 91 17
    63 102 19 39 101 54 80 105 95 44 28 39 17 97 63 75 104 119 27 116 77
    105 79 24 19 21 47 110 1 64 59 60 60 59 60 60 60 60 60 60 60 60 61
    61 61 61 61 62 61 61 60 61 61 61 61 61 61 61 62 60 61 60 65 65 65 65
    65 66 66 65 65 65 65 65 64 64 63 64 65 65 64 64 64 65 65 65 65 65 65
    65 65 65 65 65 66 65 65 65 65 65 66 66 65 65 64 64 64 64 64 64 64 64
    64 64 64 64 64 64 64 63 63 63 64 64 64 63 63 63 63 63 64 63 63 62 62
    62 62 62 62 62 61 61 61 60 61 62 62 60 61 62 62 62 62 61 61 61 61 61
    62 62 62 62 62 61 61 61 62 62 62 62 62 63 63 62 62 63 63 63 64 64 64
    65 64 64 64 64 64 65 65 66 65 65 65 65 65 65 65 64 65 65 64 64 64 63
    63 63 63 63 63 63 63 63 62 62 63 63 62 62 61 61 62 38 84 55 87 40 65
    28 45 35 12 5 106 97 13 68 89 109 40 8 46 86 20 41 35 120 13 28 13
    54 107 110 19 83 34 121 11 29 10 20 84 35 3 70 73 82 58 101 16 5 70
    89 87 115 79 104 99 49 49 127 39 53 95 68 124 106 60 60 60 60 61 61
    61 61 61 61 61 61 61 61 61 61 61 62 61 61 61 61 61 61 62 61 61 61 61
    60 60 59 66 66 66 66 66 66 66 66 65 65 66 65 65 64 64 65 65 66 65 65
    65 66 65 65 65 65 65 65 65 65 65 65 65 65 65 65 65 65 65 65 64 64 64
    63 63 64 63 63 64 64 64 63 63 63 64 64 64 63 63 62 64 64 64 63 63 63
    63 63 64 63 63 63 62 62 62 62 62 62 62 61 61 61 61 61 62 60 61 62 62
    62 62 61 61 61 61 61 62 62 62 62 62 62 61 61 62 62 62 62 63 63 64 63
    62 63 63 63 64 64 64 65 65 65 64 64 65 65 66 66 66 65 66 66 65 65 65
    64 65 65 64 64 64 63 63 63 63 63 63 62 63 62 62 62 62 62 62 61 61 61
    61 112 126 105 106 125 13 84 54 86 54 15 110 38 120 74 95 19 19 69
    114 2 121 85 67 63 59 33 117 70 88 33 71 36 109 21 116 70 71 6 5 124
    44 104 11 20 91 118 115 31 90 111 30 116 23 30 51 32 43 78 106 88 2
    95 1 48 60 60 60 60 61 61 61 61 61 61 61 61 61 61 61 61 61 61 61 61
    60 61 61 61 61 60 61 61 61 59 60 59 65 65 65 65 65 65 66 65 65 65 65
    65 65 64 64 65 65 66 65 65 65 66 66 65 65 65 66 65 66 65 65 66 66 66
    66 66 66 65 66 66 65 65 64 64 64 64 64 64 65 65 64 64 64 64 64 64 64
    64 63 63 64 64 64 64 64 64 64 64 64 63 63 63 62 61 62 62 61 61 61 61
    61 60 61 61 61 60 61 62 62 62 62 61 61 62 61 61 62 62 63 62 62 62 62
    62 62 63 63 63 63 64 64 63 63 64 64 64 64 64 65 65 65 65 65 64 65 66
    66 66 66 66 66 65 65 65 65 65 65 66 65 65 64 64 63 64 64 63 64 63 64
    63 63 63 63 63 63 63 62 62 62 87 29 83 79 61 56 93 58 73 63 116 62
    127 35 51 100 15 69 47 100 36 122 22 57 47 75 36 114 24 33 103 67 14
    35 29 46 93 2 51 85 59 97 39 21 60 33 126 71 5 96 15 116 22 19 74 57
    21 20 96 2 84 85 67 118 34 61 61 61 61 62 62 62 62 62 62 62 62 62 62
    62 62 61 62 61 61 61 61 61 61 61 60 61 61 61 59 60 59 66 66 66 66 66
    66 66 66 65 65 65 65 65 64 64 65 65 66 66 65 65 66 66 65 65 65 65 65
    65 65 64 65 65 65 66 65 65 65 65 65 64 64 64 63 63 64 63 63 64 64 64
    63 63 63 63 63 64 63 63 62 63 63 63 63 63 63 63 63 63 63 62 62 62 61
    61 62 61 61 61 61 61 60 61 61 61 60 61 62 62 62 62 61 62 62 61 62 62
    63 63 63 63 63 62 63 63 63 63 63 64 64 65 64 64 64 64 64 65 65 65 66
    65 65 65 65 65 66 66 66 66 66 66 66 66 66 65 65 66 66 65 65 65 64 64
    64 64 64 64 64 65 64 64 64 64 64 64 64 63 63 63 32 113 61 102 90 10
    92 85 25 44 18 45 42 54 98 78 65 31 83 58 1 109 8 6 4 65 119 34 37
    67 84 124 29 53 26 12 0 52 67 67 76 64 74 67 8 92 8 89 9 118 67 89 2
    60 85 45 20 68 54 71 36 1 112 18 122 60 61 61 60 62 62 62 62 62 62
    62 62 62 62 61 61 61 62 61 61 61 61 61 61 61 60 60 60 60 59 59 58 66
    66 66 66 66 66 66 66 65 65 65 65 65 64 64 65 65 66 66 66 65 66 66 65
    65 65 65 65 66 65 65 65 65 66 66 66 66 65 66 65 64 64 64 63 63 64 63
    63 64 64 63 63 63 63 63 63 63 63 62 62 63 63 63 63 63 63 63 63 64 64
    63 63 62 61 62 62 61 61 61 61 61 60 61 61 62 60 62 62 62 62 62 62 62
    62 62 62 63 63 64 63 63 63 63 63 63 64 64 64 64 65 65 64 64 65 65 65
    65 65 65 66 66 65 65 65 66 66 66 66 66 66 66 66 66 66 65 65 66 66 65
    65 65 64 64 64 64 64 64 64 64 64 64 64 64 65 64 64 63 64 63 5 47 11
    84 106 1 84 17 40 2 5 1 85 111 3 32 37 84 74 114 8 16 105 2 4 43 71
    122 117 31 115 21 48 101 89 8 46 43 88 98 63 73 60 77 54 34 63 25 27
    12 3 27 32 84 31 22 46 4 36 105 66 25 108 104 1 61 61 61 61 62 62 62
    62 62 62 62 62 62 61 61 61 61 61 61 61 61 61 61 61 61 60 60 60 60 59
    59 58 66 66 66 65 66 65 66 66 66 65 66 65 65 64 65 65 66 66 66 66 66
    66 66 65 65 65 66 66 66 66 65 65 65 65 66 66 66 65 65 65 64 64 63 63
    63 64 63 63 64 64 63 63 64 63 63 63 64 63 62 62 63 63 63 63 63 63 63
    63 64 63 63 62 62 61 61 62 61 61 61 61 61 60 60 61 61 60 61 62 61 62
    62 61 61 62 61 62 62 63 63 63 63 63 62 63 63 63 63 63 64 64 65 64 63
    64 64 64 65 65 65 66 65 65 65 65 66 66 66 66 66 66 66 66 66 66 65 65
    65 66 65 65 64 64 64 64 64 64 64 64 64 63 64 64 64 64 64 64 63 63 63
    65 24 28 123 113 41 7 42 38 91 76 39 41 75 118 120 23 34 16 113 104
    43 123 103 77 64 37 41 26 18 112 37 55 87 78 71 100 49 64 120 121
    119 125 5 59 57 30 125 48 34 77 8 127 122 45 43 121 126 20 46 33 77
    41 92 92 60 61 61 61 62 62 62 62 62 62 62 62 62 61 61 62 61 61 61 61
    61 61 61 61 61 60 60 60 60 59 59 58 66 66 66 66 66 66 66 66 66 66 66
    65 65 65 65 66 66 67 67 67 66 67 66 66 66 67 66 66 67 66 66 66 66 66
    66 66 66 66 66 65 64 64 64 63 64 64 64 64 64 64 64 64 64 63 63 64 64
    63 62 62 63 63 63 63 63 63 63 63 63 63 62 62 61 61 61 61 61 61 61 60
    61 60 60 60 60 60 61 61 61 61 62 61 61 62 61 62 62 63 63 63 63 63 62
    62 63 63 63 63 64 65 65 64 64 65 65 65 65 65 65 66 66 65 65 65 66 66
    66 66 66 66 66 66 66 65 65 64 65 65 64 64 63 64 63 63 63 63 63 63 63
    63 63 63 64 64 64 63 63 63 63 101 63 40 10 28 62 94 113 83 71 34 114
    119 119 25 54 82 39 40 19 39 6 59 52 101 124 18 13 63 4 85 80 19 44
    41 85 122 82 113 36 93 50 59 42 1 61 3 43 65 68 15 64 51 19 51 90 88
    63 19 43 55 34 123 79 28 61 61 61 61 62 62 62 61 62 62 62 62 62 61
    61 61 61 61 61 61 61 61 61 62 62 61 61 60 60 59 59 59 65 65 65 65 65
    66 66 66 66 65 66 65 65 65 65 66 66 67 67 67 66 66 66 66 66 67 66 67
    67 66 66 66 66 66 66 66 66 66 66 65 65 64 64 64 64 64 64 65 65 65 64
    64 64 64 64 64 65 64 63 63 64 64 64 63 64 64 63 63 64 63 63 62 62 61
    61 61 61 61 60 60 60 59 60 60 60 59 61 61 61 61 61 61 61 61 61 62 62
    63 63 63 63 63 62 63 63 63 64 64 64 65 65 64 64 65 64 64 65 65 65 66
    65 65 65 65 65 65 66 66 66 65 65 65 65 65 64 64 64 64 63 63 63 63 63
    63 63 62 62 62 63 62 63 63 63 63 63 63 63 63 63 53 43 19 25 96 100
    95 58 7 10 82 73 100 68 5 17 100 74 120 43 11 101 25 45 59 26 111
    118 7 78 14 0 11 12 27 24 67 111 70 38 114 13 37 83 50 110 82 46 20
    59 69 69 19 43 5 68 38 13 86 31 30 42 67 5 12 61 61 61 61 62 62 62
    61 62 62 62 62 62 61 61 61 61 61 61 61 61 61 60 61 61 60 60 60 60 59
    59 58 65 66 66 66 66 66 66 66 66 66 67 66 66 66 66 66 67 67 67 67 66
    66 67 66 67 67 67 67 67 67 66 66 66 66 66 66 66 66 66 65 65 64 64 63
    63 64 64 64 64 64 64 63 64 63 63 64 64 63 62 62 63 63 63 63 63 63 62
    62 63 62 62 61 61 60 60 60 60 60 59 59 59 59 59 59 59 59 60 60 60 60
    61 61 61 61 61 62 62 63 63 63 63 63 63 63 63 63 64 64 64 65 65 64 64
    65 64 65 65 65 65 66 65 65 65 65 66 65 66 66 66 66 66 66 66 65 65 64
    65 65 64 64 64 64 64 63 63 63 63 63 64 63 63 63 64 64 63 63 63 63 63
    3 78 17 54 44 39 31 84 116 55 81 109 49 63 14 32 107 96 96 82 1 57
    69 31 54 0 92 82 40 81 74 121 105 85 36 48 20 42 57 65 74 85 110 99
    66 27 115 80 31 52 52 95 54 33 123 68 25 116 118 116 18 31 53 105 24
    60 61 60 61 61 61 61 61 62 62 62 62 62 61 61 61 61 61 61 61 61 61 61
    62 62 61 61 61 60 59 59 59 64 65 65 65 65 65 66 65 66 66 66 66 65 66
    66 66 67 67 67 68 67 67 67 67 67 68 67 68 68 67 67 66 67 66 66 66 66
    66 66 65 65 64 64 63 63 64 64 64 64 64 63 63 64 63 63 64 64 63 63 63
    63 63 63 63 63 63 62 62 63 62 61 61 61 61 61 60 60 59 59 59 59 59 59
    59 59 58 60 60 60 60 60 61 61 62 61 62 63 63 64 63 64 64 63 64 64 64
    64 64 65 65 66 65 65 66 65 65 65 65 65 66 66 65 65 65 65 66 66 66 66
    66 66 66 66 65 65 64 64 64 63 64 63 63 63 63 63 62 63 63 63 62 63 63
    63 63 63 62 62 62 62 101 45 23 93 19 68 6 14 65 30 6 45 25 10 41 24
    103 66 78 53 119 0 80 48 9 45 73 35 4 1 115 37 119 108 103 82 26 21
    67 121 25 30 73 53 41 45 10 18 17 124 113 127 56 12 56 29 60 33 121
    45 67 13 101 94 9 60 60 60 60 61 61 61 61 61 62 61 62 61 61 61 61 61
    61 61 62 61 62 62 62 62 61 61 61 61 60 60 60 64 65 65 64 65 65 65 65
    65 66 66 66 66 66 67 67 68 68 68 68 68 68 68 68 68 68 68 68 68 68 67
    67 67 67 67 66 66 66 66 66 65 64 64 63 63 64 64 64 64 64 63 63 64 63
    63 63 63 63 63 62 63 63 63 63 63 62 62 62 62 62 61 61 60 60 60 60 59
    59 59 59 59 59 59 59 59 58 59 60 59 59 60 60 60 61 61 62 62 63 63 63
    63 63 63 63 63 63 64 64 64 65 65 64 64 65 65 64 65 64 65 65 65 65 64
    64 65 65 66 66 66 66 66 66 66 65 65 64 65 65 64 64 64 64 64 64 63 63
    63 63 64 63 63 63 63 63 63 62 62 62 62 107 40 48 127 18 119 65 27 28
    102 17 108 58 47 78 106 66 99 103 76 87 41 23 14 92 113 96 64 80 37
    63 53 98 95 127 109 34 49 110 65 108 23 12 60 64 88 95 73 24 25 117
    92 108 120 122 75 116 31 105 62 85 7 4 48 115 61 61 61 61 61 61 61
    61 62 62 62 62 62 61 61 61 61 62 62 62 62 62 62 62 63 62 61 61 61 60
    61 60 64 64 64 64 64 64 65 65 65 65 65 65 65 65 66 66 66 67 67 67 67
    67 67 66 67 67 67 67 68 67 67 66 66 66 66 66 66 66 66 65 65 64 64 63
    63 64 64 64 64 64 63 63 64 63 63 63 63 64 63 62 63 63 63 62 62 62 62
    62 62 62 61 61 60 60 60 60 60 59 59 59 60 59 59 59 59 58 60 60 60 60
    60 60 61 62 61 62 62 63 63 63 63 63 63 63 63 63 64 64 64 64 65 64 64
    65 64 64 64 64 64 65 65 65 64 64 65 65 66 66 66 66 66 66 66 66 65 65
    65 65 64 64 64 64 64 64 64 63 63 63 64 63 63 63 63 63 63 62 62 62 62
    16 42 17 67 85 111 73 61 111 19 97 0 74 32 65 112 14 37 74 89 117 95
    2 74 120 58 3 41 6 126 46 119 91 34 73 35 98 52 24 57 66 12 59 50 17
    109 116 19 125 121 35 127 14 3 76 92 36 97 103 125 103 53 41 33 18
    60 61 60 60 61 61 61 61 62 62 62 62 62 62 62 62 62 62 62 63 62 63 63
    63 63 63 62 62 62 61 61 60 64 64 64 64 64 65 65 65 65 65 66 65 65 66
    66 67 67 67 67 68 67 67 67 67 67 67 68 68 68 67 67 66 66 66 66 66 66
    66 66 65 64 64 64 63 63 64 64 64 64 63 63 63 63 63 63 63 64 64 63 63
    63 63 63 62 62 62 62 62 63 62 61 61 61 60 61 60 60 59 59 59 60 59 59
    59 59 58 60 60 60 60 60 60 61 61 61 62 62 63 63 63 64 64 63 64 64 63
    64 64 64 65 65 64 64 65 64 64 64 64 64 65 65 65 64 64 64 64 65 65 66
    66 66 65 66 65 65 65 65 65 64 64 64 65 65 64 64 63 63 63 64 63 63 63
    63 64 63 63 63 62 63 94 124 20 127 60 76 45 11 13 47 100 127 117 4
    87 19 68 41 37 43 49 76 7 87 95 78 119 54 121 107 61 105 20 14 14 65
    112 40 19 56 86 66 59 34 62 103 126 31 57 53 113 105 95 49 101 35 8
    115 94 56 62 24 72 7 101 60 60 60 60 61 61 61 61 61 62 62 62 62 62
    62 62 62 62 62 63 63 63 62 63 63 63 62 63 62 61 61 61 64 64 64 63 64
    64 64 64 64 64 65 65 65 65 66 67 67 68 67 68 67 67 67 66 67 67 67 67
    68 67 66 66 66 66 66 65 65 65 65 65 64 64 63 63 63 63 63 63 63 63 63
    63 63 62 62 63 63 63 63 62 63 62 62 62 62 62 62 61 62 61 61 61 60 60
    60 60 59 59 59 59 60 59 59 59 59 59 60 60 60 60 60 61 61 61 61 62 62
    63 63 63 64 64 64 64 64 63 64 64 64 64 65 64 64 65 65 64 64 64 64 65
    65 65 64 64 64 64 65 65 65 65 65 65 65 65 64 64 65 65 64 64 64 64 64
    64 63 62 63 63 64 63 64 64 64 64 64 63 63 63 63 60 127 48 27 51 0 24
    69 53 35 14 6 108 113 7 21 34 100 26 66 49 48 84 19 42 105 72 53 38
    95 51 58 2 23 37 100 60 39 99 20 51 22 104 82 123 80 121 28 115 37
    97 31 34 30 50 56 71 53 26 44 6 6 73 22 88 59 60 60 60 61 61 62 61
    62 62 62 63 63 62 63 63 63 63 63 64 63 63 63 63 64 63 63 63 63 62 61
    61 64 64 64 64 64 64 64 64 64 65 65 65 65 65 66 67 67 68 68 68 67 67
    67 66 67 67 67 67 68 68 67 67 67 67 66 66 66 66 66 65 65 64 64 63 63
    63 63 63 63 63 63 63 63 62 62 63 63 63 62 62 62 62 62 61 62 62 61 61
    62 62 61 61 60 60 60 60 59 59 59 59 59 59 59 59 59 59 60 60 60 60 60
    61 61 62 61 62 62 63 64 63 64 64 64 64 64 64 64 64 65 65 65 64 64 65
    65 64 64 64 64 65 65 65 64 64 64 65 65 65 66 65 66 65 65 65 64 64 64
    64 63 64 64 65 64 64 64 63 63 63 64 63 63 63 63 63 63 63 63 63 63 66
    102 41 85 40 127 121 34 100 78 125 100 37 25 115 4 103 44 66 30 31
    75 103 127 60 54 46 15 5 19 68 11 124 106 77 38 2 12 118 106 28 112
    57 38 19 105 63 4 101 16 12 56 125 95 109 114 60 67 2 100 36 26 86
    20 105 60 60 60 61 61 61 62 61 62 62 63 63 63 62 63 63 63 63 63 63
    63 63 63 63 64 63 62 62 62 61 61 61 64 63 64 63 63 64 64 64 63 64 65
    65 65 65 65 66 67 67 67 68 67 67 67 67 67 67 67 67 68 67 67 66 66 66
    66 65 65 65 65 65 64 64 63 63 62 63 62 62 62 62 62 62 62 62 62 62 62
    63 62 61 62 62 61 61 61 61 61 61 61 61 61 60 60 60 60 60 59 58 58 58
    59 58 58 58 59 58 60 60 59 59 60 60 61 61 61 61 62 63 64 63 64 64 64
    64 64 64 64 64 65 65 65 64 64 66 65 65 64 64 64 64 64 65 64 63 64 64
    64 65 65 65 65 65 65 65 64 64 64 65 64 64 64 65 65 64 64 63 63 64 64
    64 64 64 64 64 64 64 63 63 64 106 86 114 120 51 89 126 99 71 24 105
    61 106 35 68 77 123 53 26 125 70 80 24 70 18 55 54 83 63 42 126 29
    11 122 72 2 30 40 82 107 35 35 113 105 46 104 3 34 26 63 29 64 34 98
    31 122 17 50 110 18 0 72 66 27 119 60 61 60 61 61 61 62 61 62 63 63
    63 63 62 63 63 63 64 63 64 64 63 63 63 64 64 63 63 63 62 61 61 64 64
    64 63 63 64 64 64 64 64 64 65 65 65 65 66 67 67 67 67 67 67 67 66 67
    67 67 67 68 67 66 66 66 66 66 65 65 65 65 65 64 64 63 63 62 63 63 63
    62 62 62 62 62 62 62 62 62 62 62 61 62 62 61 61 61 61 61 61 61 61 61
    61 60 60 60 60 59 59 59 59 59 59 59 59 60 59 60 60 60 60 60 61 61 62
    61 62 62 63 64 64 64 65 65 65 65 64 64 64 65 65 66 65 65 66 65 65 64
    64 64 64 65 65 64 63 63 64 64 64 65 65 65 65 65 64 64 64 64 65 64 64
    65 65 65 65 65 64 64 64 65 64 65 64 64 65 64 64 64 64 64 59 52 93 51
    96 119 116 64 123 25 71 79 44 90 25 99 14 12 17 74 122 123 94 104 1
    44 106 43 32 76 113 64 106 117 8 90 47 75 85 83 79 53 68 34 93 54 35
    48 3 70 4 75 54 26 78 25 88 113 6 89 88 20 103 54 123 60 61 61 61 61
    61 62 62 62 62 63 63 63 62 63 62 63 63 62 63 63 63 62 63 63 63 62 62
    62 61 60 60 64 64 64 63 63 64 64 64 64 64 65 65 65 65 66 66 67 67 67
    67 67 67 67 66 67 67 67 67 68 67 67 66 66 66 66 65 65 65 64 64 64 63
    63 63 62 63 63 62 62 62 62 62 62 61 61 61 61 62 61 61 61 61 61 61 61
    60 60 60 61 61 60 60 60 60 59 59 58 58 58 58 59 59 58 59 59 59 60 60
    59 60 60 60 61 61 61 61 62 63 64 64 64 65 65 65 65 64 65 65 65 65 66
    65 65 66 65 65 64 64 64 64 64 65 63 63 63 63 63 63 64 64 64 64 64 64
    63 63 64 64 64 64 64 65 64 64 64 63 64 64 64 64 64 64 64 64 64 64 63
    64 64 86 121 73 108 73 56 46 19 17 11 12 76 28 4 14 27 4 24 66 103
    13 67 22 123 1 111 69 20 56 69 117 59 116 64 75 58 23 103 99 119 27
    19 12 123 73 92 98 74 38 86 35 41 49 17 74 18 50 96 75 87 28 49 75
    62 76 61 61 61 61 62 62 62 62 62 62 63 63 63 62 63 62 63 63 62 63 63
    63 62 62 63 62 62 62 61 61 60 60 64 64 64 62 63 63 63 63 63 63 64 64
    64 65 65 66 66 66 66 67 66 66 66 66 66 66 67 67 68 67 67 66 66 66 66
    65 65 65 65 65 64 64 64 63 63 63 63 63 62 62 62 62 62 61 61 61 61 62
    61 60 61 61 61 60 60 60 60 60 60 61 60 60 60 60 59 59 58 58 58 59 59
    59 59 59 60 60 61 61 60 60 61 61 61 62 61 62 62 63 64 65 65 66 66 66
    65 65 65 65 65 65 66 65 65 66 65 64 64 64 64 64 64 64 63 63 63 63 63
    63 64 64 64 64 64 63 63 63 63 64 63 63 64 64 64 63 64 63 63 64 64 64
    64 63 64 64 63 63 63 63 64 7 97 127 26 76 83 78 55 21 76 75 40 48 42
    41 125 100 65 80 9 115 20 103 92 104 36 101 32 29 93 58 112 83 90 91
    71 89 117 119 125 49 89 74 41 95 6 59 67 21 97 98 11 84 89 65 49 72
    107 28 58 42 41 21 75 48 61 62 61 62 62 62 62 62 62 62 63 63 63 62
    62 62 62 63 62 63 63 62 62 62 62 62 61 61 61 60 60 60 65 65 64 63 64
    64 64 64 64 64 64 64 64 65 65 66 66 66 66 66 66 66 66 65 66 66 66 67
    67 67 67 66 66 66 65 65 64 65 65 65 65 64 64 64 63 63 63 63 63 62 62
    62 62 61 61 61 61 61 61 61 61 61 61 61 61 60 60 60 60 61 60 60 60 60
    60 59 59 59 58 59 59 59 60 60 61 60 61 61 61 60 61 62 62 62 62 62 63
    64 64 65 66 66 66 66 66 66 66 65 66 66 66 65 65 66 65 65 64 64 64 64
    64 64 63 62 62 62 62 62 63 63 63 63 63 63 62 62 63 63 63 63 63 64 64
    63 64 63 63 63 64 64 64 64 64 64 64 64 64 64 64 99 82 71 47 52 12 92
    61 75 95 117 17 91 104 5 28 84 103 101 77 93 78 69 92 114 8 112 25
    80 6 40 47 61 58 50 74 101 108 53 114 31 119 1 66 90 72 2 35 33 5
    103 35 42 124 70 103 68 42 33 80 107 109 6 81 105 62 62 62 62 62 62
    62 62 62 63 63 64 63 63 63 63 63 64 63 64 64 63 63 63 63 63 62 62 62
    61 61 61 64 64 63 62 63 63 63 64 64 64 64 64 64 64 65 66 66 66 66 66
    66 66 66 65 66 66 66 67 67 67 67 66 66 66 65 65 64 65 65 65 65 64 64
    64 63 63 63 63 63 62 62 62 62 61 61 61 61 61 61 60 61 61 61 61 60 60
    60 60 60 61 60 60 60 60 60 60 59 59 59 59 59 60 60 60 61 61 62 61 61
    61 61 62 62 63 62 63 63 64 64 65 65 66 66 66 66 65 65 65 66 65 66 65
    65 66 65 65 64 64 64 64 64 64 63 63 62 62 62 62 63 63 63 63 63 62 62
    62 63 63 63 63 63 64 64 63 64 63 63 63 64 64 64 64 64 64 64 64 64 64
    64 119 58 24 1 119 47 25 22 40 35 97 49 75 104 73 118 4 25 42 5 54
    17 47 27 102 116 28 34 99 127 59 24 37 102 53 119 95 38 2 125 104 1
    24 67 33 1 108 122 59 125 114 9 87 43 84 52 13 72 62 20 37 123 106
    11 26 63 63 62 63 63 63 63 63 63 64 64 65 64 63 63 63 64 64 64 65 64
    64 64 64 64 63 63 63 62 62 61 62 64 64 63 63 63 63 63 63 64 63 64 64
    64 64 65 66 66 65 65 65 65 65 65 65 65 65 65 66 66 66 66 66 66 65 65
    64 64 64 64 64 64 64 64 63 63 63 63 63 63 62 62 62 62 62 61 62 62 62
    61 61 60 61 61 61 60 60 60 60 61 61 61 60 60 60 60 60 59 59 59 59 59
    60 60 60 61 61 62 61 61 61 61 62 62 62 62 63 63 64 64 65 65 66 66 66
    67 66 66 65 66 66 66 65 66 66 66 65 65 64 64 64 64 65 64 63 63 63 63
    63 64 63 64 63 63 63 63 63 63 63 63 63 63 64 64 63 64 63 63 64 64 64
    64 64 64 64 64 64 64 64 64 64 64 64 64 64 64 65 64 64 64 64 64 64 64
    64 63 63 63 64 63 64 64 64 64 64 64 65 65 65 64 64 64 64 64 65 65 64
    64 64 63 64 64 65 65 64 64 64 64 63 62 62 61 62 63 63 63 63 62 62 62
    62 63 63 63 63 63 63 63 63 64 63 64 63 64 64 65 65 64 64 64 64 65 65
    64 65 65 64 64 64 64 64 63 63 63 62 61 62 63 63 63 62 62 62 63 63 64
    63 64 64 64 64 65 66 65 65 65 65 65 65 65 64 65 65 65 66 66 66 66 66
    65 65 64 64 64 64 64 64 64 64 64 64 63 64 64 64 63 63 63 63 63 62 62
    62 63 63 62 62 61 62 61 62 61 61 61 61 61 62 61 61 61 61 61 60 60 59
    59 59 60 60 60 60 61 61 61 61 60 60 61 62 62 63 62 63 63 64 64 65 65
    66 66 66 66 66 66 65 66 66 66 66 66 66 66 65 65 64 65 65 64 65 64 63
    63 63 63 63 64 63 64 63 63 63 63 62 63 63 62 63 63 63 63 62 63 62 62
    63 63 63 64 63 64 64 63 64 63 64 64 64 64 64 64 64 64 64 64 63 64 64
    64 64 64 64 64 63 64 64 63 64 64 64 64 64 65 65 65 65 65 64 64 65 65
    65 65 65 64 64 64 64 64 65 65 65 65 64 65 63 62 63 62 62 63 63 63 63
    62 62 61 61 62 63 63 62 62 62 62 63 63 63 63 63 64 64 64 65 64 64 64
    64 64 65 64 65 65 65 64 64 65 64 63 63 63 62 62 62 63 62 62 62 62 62
    62 63 63 63 63 63 64 64 64 65 65 64 64 65 65 64 64 64 65 64 65 65 65
    65 65 65 65 64 64 63 64 64 64 64 64 64 64 63 63 63 63 63 63 63 62 62
    63 63 62 62 63 63 63 62 62 62 61 62 62 61 61 61 61 62 62 61 61 62 61
    61 61 60 60 60 60 60 61 61 61 61 62 62 61 61 61 62 62 62 62 63 63 63
    64 64 65 66 66 66 66 66 66 65 66 66 66 65 65 66 66 65 64 64 64 65 64
    65 64 64 63 63 63 63 63 63 63 63 63 63 63 62 63 63 62 62 63 63 63 62
    62 62 62 62 63 63 63 63 63 64 63 64 64 64 64 64 65 64 64 64 65 65 64
    64 64 64 65 64 64 64 64 64 64 64 64 64 64 64 64 64 64 64 65 64 64 64
    64 64 65 65 65 64 64 64 63 64 64 64 64 64 64 63 64 63 62 62 61 62 62
    63 63 62 62 62 61 61 62 62 62 62 62 62 62 62 63 63 63 63 64 64 64 65
    64 64 64 64 65 65 65 66 66 65 65 65 66 65 64 65 64 64 63 63 63 62 62
    62 62 62 62 62 63 63 63 63 64 64 65 65 65 65 65 65 65 65 65 64 65 65
    65 65 66 66 65 65 65 65 64 64 64 64 64 64 64 64 64 64 64 63 64 64 63
    63 63 63 63 63 62 62 63 63 63 62 62 61 61 62 62 61 61 61 61 62 62 62
    61 62 61 61 61 60 60 60 61 61 61 61 62 62 62 62 61 61 62 62 62 63 62
    63 63 64 64 65 66 66 66 66 67 66 66 66 66 66 66 66 66 66 66 65 65 65
    65 65 64 65 64 64 63 63 63 63 63 63 64 63 63 63 63 62 63 63 62 62 62
    63 63 62 62 62 62 63 63 63 64 63 63 64 63 63 63 64 64 64 64 64 64 65
    65 65 64 64 64 64 65 64 64 64 64 64 64 64 63 64 64 64 64 63 64 64 64
    64 64 63 63 64 64 65 64 64 63 63 63 63 63 63 64 64 64 63 64 62 62 62
    61 62 62 62 62 61 61 61 61 61 62 62 62 62 62 62 62 63 63 63 64 63 64
    64 64 65 64 64 64 64 65 65 65 66 65 65 65 65 65 65 64 64 64 64 63 63
    63 63 63 62 63 63 62 63 63 63 64 64 64 64 65 66 65 65 65 65 65 64 64
    64 65 64 64 65 65 65 65 65 64 64 64 64 64 64 64 64 64 64 65 64 64 64
    64 64 64 63 63 63 63 63 62 63 63 63 63 62 62 62 61 62 62 61 62 62 62
    63 63 62 62 62 62 62 61 61 61 61 61 62 62 62 63 63 63 62 62 61 62 62
    62 62 62 63 63 63 64 64 65 65 66 66 66 65 65 65 65 65 65 65 65 66 66
    65 64 64 64 64 64 65 64 64 64 63 63 63 64 64 64 64 64 63 64 63 63 63
    62 62 63 63 64 63 63 63 63 63 64 64 64 64 64 64 64 64 64 64 65 65 65
    65 65 65 66 66 65 64 65 65 65 64 64 64 64 64 64 64 63 64 64 64 64 64
    64 65 65 64 64 64 64 65 65 65 64 64 64 64 63 63 63 64 64 64 64 63 64
    62 62 62 61 62 63 63 63 62 61 61 61 61 61 62 62 62 62 62 62 62 62 62
    63 62 63 63 63 64 63 63 63 63 64 64 64 65 65 65 64 64 65 65 64 64 64
    63 63 63 63 63 62 62 62 62 62 63 63 63 63 63 63 64 64 65 64 64 64 64
    64 64 63 63 64 63 64 64 65 64 64 64 64 64 64 64 64 65 64 65 64 64 65
    64 64 64 64 64 64 64 64 64 64 63 63 63 63 63 63 62 62 61 61 61 61 61
    61 61 62 62 62 62 62 62 62 62 61 61 61 61 61 62 62 62 63 63 63 63 62
    62 62 62 62 62 62 63 63 63 64 64 65 65 66 65 66 65 65 65 65 65 65 65
    65 66 65 65 64 64 64 64 64 64 64 63 63 63 63 63 63 63 64 63 63 63 63
    63 63 63 62 63 63 63 64 63 64 63 64 64 64 64 64 64 64 65 64 64 65 65
    65 65 65 66 66 66 66 66 66 65 65 66 66 65 65 66 65 65 65 65 64 65 65
    65 64 64 64 65 65 65 64 64 64 65 65 65 64 64 63 63 62 63 63 64 64 64
    64 63 64 63 62 62 62 62 63 63 63 62 62 62 62 61 62 62 62 62 62 62 62
    62 62 62 63 62 63 63 63 64 63 63 63 63 64 64 64 64 65 64 64 64 65 65
    64 64 64 63 63 63 63 63 62 62 62 62 62 62 63 63 63 63 63 64 64 64 64
    63 63 63 63 63 63 63 63 63 63 64 64 63 64 64 63 63 63 63 63 64 63 64
    64 64 64 64 63 63 63 63 63 63 63 63 63 63 62 62 62 62 62 61 61 61 61
    61 61 61 61 61 62 63 62 62 62 62 62 62 62 61 62 62 62 62 63 62 63 63
    63 63 62 62 62 62 62 62 62 63 63 63 64 64 65 65 65 65 65 64 64 64 65
    64 64 64 64 65 65 64 64 64 64 64 63 64 63 63 63 63 63 63 63 63 64 63
    63 63 64 63 63 63 62 63 63 63 64 63 63 63 64 64 64 64 64 64 64 65 64
    64 64 64 65 65 65 65 65 65 66 66 65 65 65 65 65 65 65 65 65 64 65 65
    64 65 65 65 64 64 65 65 65 65 65 64 64 65 65 65 65 64 64 64 63 63 63
    63 64 64 63 63 63 62 62 62 61 62 62 62 62 61 61 61 61 60 61 62 61 61
    62 62 61 62 62 62 62 62 63 63 62 63 62 62 62 62 63 64 63 64 64 64 64
    64 64 64 63 64 63 63 63 63 63 62 62 61 62 62 62 62 63 63 63 63 63 63
    63 64 63 63 63 63 62 62 63 62 63 62 62 63 64 63 63 63 63 63 63 62 63
    63 63 63 63 63 64 64 63 63 63 63 63 63 63 63 63 63 62 62 62 62 62 61
    61 61 61 61 61 61 61 61 62 63 62 62 62 63 62 62 62 62 62 62 63 63 63
    63 64 63 63 63 62 62 62 63 62 63 62 63 63 64 64 64 65 65 65 65 65 64
    64 64 65 64 65 64 64 65 65 64 64 64 64 64 63 64 63 63 63 63 63 62 63
    63 64 63 63 62 63 63 63 63 62 62 62 63 63 62 63 63 63 63 64 64 64 64
    64 64 63 64 64 64 64 64 64 65 65 65 65 66 65 65 65 65 65 65 65 65 64
    64 64 65 64 65 65 65 65 64 65 66 65 65 65 64 64 65 65 65 64 64 64 64
    63 63 63 63 63 63 63 62 63 62 62 62 61 61 62 62 62 61 61 61 61 61 61
    62 61 61 62 62 61 62 62 62 63 62 63 63 63 63 63 62 63 62 63 64 63 63
    64 64 63 63 64 63 63 63 63 62 62 63 62 62 62 61 62 62 61 62 63 62 63
    63 63 63 63 64 63 62 62 62 62 62 62 62 62 62 62 62 63 63 63 63 63 62
    62 62 62 63 63 63 63 63 64 63 63 63 63 63 63 63 63 63 63 63 62 62 62
    62 62 61 61 61 61 61 61 60 61 61 61 62 62 62 62 62 62 62 62 61 62 62
    62 62 63 62 63 63 63 63 62 61 62 62 62 62 62 63 62 63 63 64 64 64 64
    64 65 64 64 64 64 63 64 64 64 65 64 64 63 63 63 63 63 63 63 62 62 62
    62 62 62 62 63 62 62 62 63 62 62 62 62 62 62 63 63 62 63 63 63 63 64
    64 64 64 64 64 63 63 63 63 64 64 64 64 64 65 65 65 64 64 64 64 65 64
    64 64 64 64 64 64 64 65 65 65 65 64 65 65 65 65 65 64 64 65 65 65 65
    64 64 65 63 64 63 64 64 64 63 63 63 63 62 62 62 62 62 62 62 61 61 62
    61 61 61 61 61 61 62 62 62 62 62 62 63 62 63 63 63 63 63 63 63 63 64
    64 64 64 64 64 64 64 65 64 64 64 64 63 63 63 62 62 62 61 62 62 62 62
    63 63 63 63 63 63 63 64 63 63 63 63 62 62 62 62 62 62 62 63 63 63 63
    63 63 63 63 62 63 63 63 63 63 64 64 64 63 63 63 63 63 63 63 63 63 63
    62 62 62 62 63 62 61 61 61 61 61 61 61 61 62 63 63 63 63 63 63 62 62
    62 62 63 63 63 63 63 64 64 63 63 62 62 62 63 63 62 62 63 62 63 63 64
    65 65 65 65 65 64 64 64 65 64 64 64 64 65 65 64 63 63 64 63 63 63 63
    62 62 62 62 62 62 62 63 62 62 62 63 62 62 62 61 62 62 63 63 62 63 63
    63 63 64 64 64 64 63 63 63 63 64 64 64 64 64 65 65 65 65 66 65 65 65
    65 65 65 65 65 65 65 65 65 65 65 65 65 65 65 65 65 65 65 65 64 64 65
    64 64 64 64 64 64 63 63 63 63 63 64 63 63 63 63 62 62 62 62 62 62 63
    62 62 62 62 61 61 62 61 61 62 62 62 62 62 62 63 62 63 63 63 63 63 63
    63 63 64 64 64 64 64 64 65 64 65 64 64 65 64 64 64 64 63 63 62 62 62
    62 61 62 63 63 63 64 64 64 63 64 64 63 63 63 62 62 62 62 62 62 62 63
    63 63 63 63 63 62 62 61 62 62 62 62 62 63 63 63 63 62 63 62 63 63 63
    63 63 63 62 63 62 63 63 62 62 61 61 61 62 61 62 62 63 63 63 63 63 63
    63 63 63 62 63 63 63 63 63 63 64 64 64 64 63 62 63 63 63 62 62 63 62
    63 63 64 65 65 65 65 65 64 64 64 65 64 64 65 65 66 65 65 64 64 65 64
    64 64 64 63 63 63 63 63 63 63 64 63 63 63 64 63 63 63 63 63 63 63 64
    63 64 64 64 64 65 65 65 64 64 64 63 63 64 64 64 64 65 65 65 65 65 66
    65 65 65 65 65 64 64 64 64 64 64 65 64 65 65 64 64 64 64 64 64 64 63
    63 63 63 63 63 63 63 62 63 62 62 62 62 62 62 62 62 62 62 62 62 61 62
    62 62 62 61 61 62 62 61 61 62 61 61 62 62 62 62 62 63 63 62 63 63 62
    63 63 63 63 63 64 64 64 64 64 65 65 65 65 64 64 65 64 64 64 64 65 64
    64 63 63 63 62 63 63 63 64 64 64 64 64 65 64 64 64 64 63 63 63 63 62
    62 62 62 63 62 63 63 63 62 62 62 62 62 62 63 63 63 63 63 62 62 62 62
    62 62 62 62 62 62 62 62 62 62 62 61 61 60 60 61 61 61 61 61 62 63 63
    63 63 63 63 63 63 62 63 63 63 63 63 63 64 64 64 64 63 62 63 63 62 62
    62 63 62 63 63 64 64 64 65 65 65 64 64 64 65 64 64 64 64 65 65 65 64
    64 64 64 64 65 64 64 63 63 63 63 63 64 64 64 64 63 64 63 64 63 63 63
    63 63 64 63 64 64 64 64 65 64 64 64 63 64 63 63 63 63 64 64 64 64 65
    65 65 65 65 64 64 64 64 63 63 64 64 64 64 64 64 65 64 64 64 64 64 64
    64 63 63 63 63 63 63 63 63 63 63 63 62 62 62 62 62 63 62 62 62 62 62
    62 62 62 62 62 62 61 61 62 62 61 61 61 61 61 61 62 61 62 62 62 63 62
    63 63 62 63 63 63 63 63 64 64 64 64 65 65 65 65 66 65 65 65 65 64 64
    65 65 65 64 64 64 64 63 63 64 64 64 64 65 64 64 65 64 64 64 64 63 63
    63 63 62 62 62 62 63 62 63 63 63 62 63 62 62 63 63 63 63 63 63 63 63
    63 63 62 62 63 63 63 63 63 63 63 62 63 63 62 62 61 61 62 61 61 62 62
    63 64 64 64 64 64 64 64 63 63 63 63 63 64 64 64 65 65 64 64 63 63 63
    63 63 62 62 62 62 63 63 64 65 64 65 65 65 64 64 64 65 64 64 65 65 65
    65 65 65 65 65 65 65 65 65 64 64 64 64 64 63 64 64 64 63 63 64 63 64
    63 63 63 63 63 63 63 63 63 64 63 63 63 64 64 63 63 63 63 63 63 63 63
    64 64 64 64 64 65 65 64 65 65 64 64 64 64 64 64 64 64 64 65 65 64 64
    64 64 65 64 63 63 63 63 63 63 63 63 63 62 63 62 62 62 62 63 63 62 62
    63 62 62 62 62 62 63 63 62 62 62 62 62 61 61 62 61 61 62 62 62 62 62
    62 63 62 63 63 63 63 63 63 63 63 64 65 64 64 65 65 65 65 66 65 65 66
    65 64 65 65 65 65 64 64 64 64 63 63 64 64 64 64 64 64 64 64 64 63 63
    63 63 62 62 62 62 61 61 62 62 62 62 62 62 62 62 61 62 62 62 63 63 62
    63 63 62 62 62 62 62 62 62 62 63 63 62 62 62 63 63 62 61 61 60 61 61
    61 62 62 63 63 64 64 64 63 63 63 63 63 63 63 63 64 64 64 65 65 65 65
    64 63 63 63 63 62 62 62 62 63 63 64 64 64 65 65 65 64 64 64 65 64 64
    65 64 65 65 65 65 65 65 65 65 65 65 65 64 64 64 64 64 64 64 64 64 63
    64 63 64 63 63 63 63 63 63 63 63 63 63 63 63 63 63 63 62 63 62 62 63
    63 63 63 63 63 64 64 64 64 64 63 64 64 64 63 64 64 64 64 64 64 64 65
    64 64 64 63 64 65 64 64 63 64 63 64 64 63 63 63 63 63 62 62 62 63 63
    63 62 62 63 63 62 63 62 63 63 63 63 62 62 63 62 62 61 62 62 62 62 62
    62 63 63 63 63 63 63 63 63 63 63 63 63 63 64 65 64 64 64 65 65 65 65
    65 65 65 65 64 64 64 65 65 64 64 64 64 63 63 64 64 64 64 64 64 63 64
    63 63 62 62 62 62 62 62 61 61 61 61 61 61 62 62 62 61 61 61 61 61 61
    62 62 62 63 63 62 62 62 62 62 62 62 62 62 63 62 62 63 63 63 62 62 61
    61 62 61 61 62 62 63 64 64 64 64 64 64 64 64 64 64 64 64 64 64 64 65
    65 65 65 64 64 63 63 63 62 62 63 62 63 63 64 65 65 65 65 65 65 64 64
    65 64 64 65 65 66 66 66 65 65 66 65 65 66 65 65 65 64 64 64 64 64 64
    64 63 63 64 63 63 63 62 62 62 62 62 62 63 62 63 62 62 62 62 62 62 62
    62 62 62 62 62 62 63 63 63 63 63 64 64 63 64 64 64 63 64 64 64 64 64
    64 64 65 64 64 64 63 64 65 64 64 63 64 63 63 63 63 62 62 62 62 62 62
    62 62 62 62 62 62 63 63 62 63 62 62 63 63 63 62 63 63 63 62 62 62 62
    62 62 62 62 63 63 63 63 63 63 63 63 63 64 64 64 64 64 65 64 64 64 65
    65 65 66 65 65 66 65 65 65 65 66 65 65 64 64 64 63 64 64 64 64 65 64
    64 64 64 64 63 63 63 62 62 62 62 61 61 61 61 61 61 61 61 61 61 61 60
    61 61 61 62 62 61 62 62 62 61 62 61 61 62 62 62 62 63 62 63 63 63 63
    62 62 61 61 62 62 62 63 63 64 64 64 64 64 64 63 64 63 63 64 64 64 64
    64 65 65 65 65 65 64 64 63 63 63 63 63 63 63 64 64 65 65 65 65 65 65
    65 65 64 65 64 64 65 65 66 66 66 65 65 66 65 65 65 65 65 64 64 64 64
    63 63 64 63 63 63 63 63 63 63 62 62 62 62 62 62 62 62 63 62 62 62 62
    62 62 62 62 61 62 62 62 62 63 63 63 63 63 63 63 63 63 64 63 63 64 64
    64 64 64 64 64 64 64 64 64 63 64 65 64 64 64 64 63 63 63 63 62 63 62
    63 62 62 62 62 63 63 63 63 63 63 63 63 63 63 63 64 64 63 63 64 63 63
    63 63 63 62 63 63 63 63 63 63 63 63 63 63 63 63 63 63 63 64 64 65 64
    64 64 65 65 65 66 65 66 66 66 65 65 66 65 65 65 64 64 64 63 64 64 64
    64 65 64 64 63 64 64 63 62 63 62 62 62 62 61 61 61 61 61 60 61 61 61
    60 61 60 61 61 61 62 62 61 62 62 62 61 62 61 61 62 62 62 62 63 63 63
    63 63 63 62 62 61 61 62 62 62 62 63 63 64 64 64 64 64 64 64 64 64 64
    64 64 65 65 65 66 66 65 65 65 64 64 64 64 63 63 64 63 64 64 64 65 65
    65 65 65 65 64 64 65 64 64 65 65 66 65 66 65 65 65 65 65 65 65 65 65
    64 64 64 64 64 64 63 63 63 64 63 63 63 62 62 62 62 62 62 62 62 63 62
    62 62 62 62 62 62 62 62 62 62 62 62 63 63 64 64 63 64 64 64 64 64 64
    63 64 64 64 64 64 64 64 64 64 64 64 63 64 65 64 64 64 64 63 63 63 63
    63 63 62 63 62 62 62 62 63 63 63 62 63 63 63 63 63 63 63 64 63 63 63
    64 64 63 63 63 63 63 63 63 63 64 64 64 64 63 63 63 63 63 64 63 63 63
    64 64 64 64 64 65 65 65 65 65 65 65 65 64 65 65 65 65 64 64 64 63 63
    63 64 64 64 65 64 64 63 64 63 63 62 63 62 62 62 62 62 61 61 61 61 61
    61 62 61 61 61 60 61 61 61 62 62 61 62 62 62 62 62 62 62 62 62 62 62
    63 63 63 63 63 63 63 63 62 62 62 62 62 63 63 64 64 65 64 64 64 64 64
    64 65 65 65 64 65 65 65 66 66 65 65 65 64 64 64 64 64 64 64 63 64 64
    65 65 65 65 65 65 65 65 64 65 64 64 65 65 66 66 66 65 65 65 65 65 65
    65 65 64 64 63 63 63 63 63 63 63 62 63 62 63 62 61 61 61 61 62 62 62
    62 62 62 62 62 62 62 62 62 62 62 62 62 62 62 63 63 64 64 63 63 63 63
    63 63 63 63 63 64 64 64 63 63 63 64 64 63 63 63 63 64 64 63 63 64 63
    63 63 62 62 62 62 62 62 61 61 62 62 63 63 62 63 64 63 64 63 63 63 64
    64 63 64 64 64 64 63 64 64 64 64 64 64 64 64 64 64 63 63 63 63 63 63
    63 63 63 64 64 63 63 63 64 64 64 64 64 64 65 64 64 64 65 65 64 64 63
    63 63 63 63 64 64 64 64 64 64 63 64 63 63 62 62 62 62 62 62 61 61 61
    61 61 60 61 61 61 60 61 60 61 61 61 61 61 61 62 62 62 62 62 62 62 63
    62 63 63 63 63 63 63 63 63 63 63 62 62 62 62 62 63 63 64 64 64 64 64
    64 64 64 64 64 65 65 64 65 65 65 66 66 66 66 65 65 65 65 65 64 64 64
    63 64 64 65 65 65 65 65 65 65 65 64 65 64 64 65 65 66 65 65 64 64 65
    64 64 65 64 64 64 63 62 63 62 62 63 62 62 62 63 62 63 62 61 61 61 62
    62 61 62 62 62 62 62 62 62 63 62 63 62 62 62 62 62 62 63 63 64 64 63
    63 64 63 64 64 64 63 64 64 64 64 63 63 63 64 64 63 63 63 63 64 64 63
    63 64 63 63 63 62 62 62 62 62 61 61 61 62 62 62 63 62 63 64 63 64 63
    63 63 64 64 64 64 64 64 64 63 64 63 63 64 64 63 64 64 64 63 63 63 63
    62 62 63 63 63 63 63 64 63 63 63 64 64 64 64 64 64 65 64 64 64 65 65
    64 64 64 63 63 63 63 64 64 64 64 64 63 63 63 63 62 62 62 62 62 61 61
    61 61 60 60 60 60 60 61 61 60 60 60 60 60 60 61 61 61 61 62 62 62 62
    62 62 63 62 62 63 63 63 63 63 63 63 63 62 62 62 63 62 62 63 63 64 64
    64 64 64 64 64 64 64 64 64 65 64 64 65 65 65 65 65 65 64 64 64 64 64
    63 63 63 63 63 63 64 65 65 65 65 65 65 65 64 65 64 64 65 64 65 65 65
    65 64 65 65 65 65 65 65 65 64 63 63 62 63 63 62 62 62 62 62 62 61 61
    61 60 61 61 60 61 61 61 61 61 60 60 61 61 61 61 61 61 61 62 61 62 62
    63 63 63 63 63 63 64 64 64 63 64 64 64 64 63 63 63 63 63 63 63 62 63
    64 63 63 63 64 63 63 63 62 62 62 62 63 62 62 62 62 63 63 63 63 64 64
    64 65 64 64 64 64 64 64 64 65 65 64 64 64 63 63 64 64 64 64 64 64 64
    63 63 63 62 62 63 63 63 63 63 63 63 63 63 64 63 64 64 64 64 64 64 63
    64 64 65 64 64 64 64 63 63 63 64 64 64 64 64 63 63 63 63 62 62 62 62
    62 62 62 61 61 60 61 60 60 61 61 61 60 61 60 61 61 61 61 61 61 62 62
    62 62 62 62 62 63 63 63 63 63 63 64 64 64 64 63 63 62 62 63 63 63 64
    64 64 65 65 65 65 64 64 64 64 64 64 65 64 64 65 65 65 66 65 65 65 65
    64 64 64 63 63 63 62 63 63 63 64 64 64 64 64 64 64 63 64 63 63 63 63
    64 64 65 64 64 64 64 64 64 64 64 64 63 63 63 62 62 63 62 62 62 62 62
    62 61 60 61 60 60 61 60 61 61 61 60 60 60 60 61 61 61 61 61 61 61 61
    61 62 62 63 63 62 63 63 63 64 64 64 63 63 64 64 64 63 63 63 63 63 63
    63 62 63 63 63 63 63 64 64 63 63 62 62 62 62 63 62 62 62 62 62 63 62
    63 63 64 64 64 64 64 64 64 64 63 64 64 64 64 63 64 63 63 64 64 64 64
    64 64 64 63 63 63 62 62 63 63 63 63 63 63 63 63 63 64 64 64 64 64 64
    65 64 63 64 64 64 63 64 63 63 63 62 63 63 64 64 64 64 63 63 63 63 63
    62 62 62 62 62 62 61 61 61 61 60 60 60 61 60 60 60 60 60 61 61 61 61
    61 61 62 62 62 62 62 62 63 63 63 63 63 64 64 64 64 64 63 63 63 63 63
    63 63 64 64 65 66 66 66 66 65 65 65 65 65 65 65 65 65 65 66 66 66 66
    66 65 65 65 65 64 63 63 63 63 63 63 63 63 64 64 64 64 63 64 63 64 63
    63 63 63 64 64 65 64 64 64 64 64 64 65 65 65 64 64 64 63 63 64 63 63
    63 63 63 63 62 61 62 61 62 62 61 62 61 62 61 61 61 61 62 61 62 61 61
    62 62 62 62 62 62 63 63 62 62 62 63 63 63 63 62 62 63 63 63 62 62 62
    62 62 62 62 61 62 62 62 62 62 63 63 63 62 62 62 62 62 62 62 61 62 62
    62 63 63 63 63 64 64 64 64 64 64 64 64 63 64 64 64 64 63 63 63 63 63
    64 64 64 64 64 64 63 63 63 63 63 63 63 63 63 63 64 63 63 64 65 65 65
    66 65 66 66 65 65 65 65 63 62 63 62 63 62 62 62 63 63 63 63 63 62 62
    63 62 62 62 62 62 62 62 61 61 61 61 60 60 60 60 60 60 60 60 60 60 60
    61 61 61 61 61 62 62 61 62 62 62 63 63 63 64 64 64 64 64 64 64 64 64
    63 63 64 64 64 64 65 65 66 66 65 66 66 65 66 66 65 65 66 65 65 65 66
    66 66 66 66 65 65 65 65 64 64 63 63 63 63 63 63 63 63 63 63 63 63 63
    63 63 62 62 63 63 64 64 64 63 63 64 64 64 64 64 64 65 64 63 64 63 63
    64 63 62 62 63 63 63 62 61 61 61 61 62 61 62 61 62 61 61 61 61 62 61
    62 61 61 62 62 62 62 62 62 63 63 62 62 62 62 63 63 63 62 62 63 63 63
    62 62 62 62 62 62 62 61 62 62 62 62 63 63 64 63 63 62 62 62 62 63 62
    62 62 62 62 63 63 63 63 64 64 64 64 63 63 63 63 63 64 64 64 63 63 63
    63 63 63 63 63 64 64 64 64 63 64 64 63 63 63 63 63 63 63 64 63 64 64
    65 64 65 65 65 66 66 65 65 66 66 62 62 62 62 62 62 61 62 62 63 63 63
    63 62 62 62 62 62 62 61 62 62 62 61 61 60 60 60 60 60 60 60 60 60 60
    60 60 60 61 61 61 61 61 61 62 61 62 62 62 63 63 64 64 64 64 64 64 64
    64 64 63 63 63 63 63 63 64 64 65 65 66 65 66 66 65 65 65 65 65 65 65
    64 65 65 65 65 65 65 65 65 65 65 64 63 63 63 62 63 62 63 63 63 63 63
    63 63 63 63 63 62 62 63 63 64 63 64 63 63 64 64 64 64 64 64 64 64 63
    64 63 64 64 63 63 63 63 63 63 62 61 61 61 62 62 61 61 61 62 61 61 61
    61 61 61 61 61 61 62 61 62 61 61 62 63 63 62 62 62 62 62 63 63 62 62
    62 62 62 62 62 61 62 62 61 62 61 61 62 62 62 62 63 64 63 63 62 62 62
    62 62 62 62 62 62 62 62 62 62 63 64 64 64 64 63 63 63 63 63 64 64 64
    64 63 63 63 63 63 63 64 64 64 64 64 63 64 63 63 63 63 63 63 63 63 63
    63 63 63 64 64 65 65 65 65 65 65 64 65 65 62 62 62 62 62 61 61 61 62
    62 62 62 63 62 62 62 62 62 62 62 62 62 62 61 61 61 60 60 60 60 60 60
    60 60 60 60 60 60 61 61 61 61 61 62 62 61 62 62 62 63 63 64 64 64 64
    64 65 65 65 64 64 63 64 64 64 64 64 65 65 65 65 65 65 65 65 65 65 64
    64 65 64 63 64 64 64 64 64 64 64 64 64 64 63 62 62 62 62 62 62 62 62
    62 63 63 63 62 63 62 63 62 62 63 63 64 63 63 63 63 64 64 63 64 64 64
    64 64 64 64 63 64 64 63 63 63 64 64 63 63 62 62 62 62 62 62 62 62 62
    62 61 61 61 62 61 61 61 61 62 62 62 62 62 62 63 63 62 62 62 62 63 63
    63 62 62 63 63 62 62 62 62 62 62 61 61 60 61 62 62 61 62 63 64 63 62
    62 62 62 62 63 62 62 62 62 62 63 63 63 64 64 64 65 64 64 64 64 64 64
    64 65 65 64 64 64 63 63 63 64 64 64 64 64 64 63 63 63 63 63 63 63 63
    63 63 63 63 63 64 64 64 65 65 65 66 66 66 65 66 66 61 61 61 61 61 61
    61 61 61 62 62 62 62 62 61 62 62 62 62 62 62 62 62 61 61 61 60 60 60
    60 60 60 60 60 60 60 61 61 61 61 61 61 61 61 62 61 62 62 63 64 64 64
    64 64 64 64 65 65 65 65 64 64 64 64 64 64 65 65 65 66 66 65 65 65 65
    65 65 64 65 65 64 64 64 64 64 64 64 64 64 64 63 63 63 62 62 62 62 62
    62 62 62 62 62 62 62 62 63 62 62 62 62 62 62 63 63 63 62 63 63 63 63
    63 63 63 64 63 63 63 63 63 63 63 63 63 64 64 63 63 62 62 62 62 62 62
    62 62 62 61 61 61 61 61 61 61 61 61 62 61 61 61 61 62 62 62 61 62 62
    62 62 63 63 62 62 62 62 62 61 62 61 62 61 61 61 60 61 62 62 61 62 63
    63 63 62 62 62 62 62 62 62 62 62 62 62 63 63 63 64 64 65 65 64 64 64
    64 64 64 65 65 65 64 64 64 63 63 63 63 63 64 64 63 63 63 63 63 62 62
    63 63 63 63 62 63 63 63 64 64 64 65 66 66 66 66 66 65 67 67 61 61 61
    61 61 61 61 61 61 62 61 62 62 61 61 61 61 62 62 61 62 61 61 61 60 60
    60 60 60 59 60 60 60 60 60 60 61 61 61 61 61 61 61 62 62 61 62 62 63
    64 64 63 64 64 64 65 65 65 65 65 64 64 64 64 64 64 65 65 66 66 65 65
    65 65 64 65 65 64 64 64 64 63 63 63 63 64 64 64 64 63 63 63 63 61 62
    62 62 62 62 62 62 62 63 63 63 62 63 62 62 62 61 62 62 63 63 63 62 62
    63 63 63 63 63 63 63 63 63 63 62 63 63 62 62 63 64 64 63 63 62 62 62
    62 62 62 62 62 62 62 62 61 61 62 61 61 61 61 62 62 62 62 61 62 63 62
    62 62 62 63 62 63 63 62 62 62 62 62 61 62 61 62 61 61 61 60 61 61 61
    61 62 63 63 62 61 61 61 61 62 62 62 62 62 62 62 63 63 63 64 64 65 65
    64 64 64 64 64 64 65 65 65 65 64 64 64 64 64 64 64 64 64 63 63 63 63
    63 62 62 62 62 62 63 62 63 62 63 63 64 64 65 65 65 66 66 65 65 66 67
    62 61 62 61 61 61 61 61 61 62 62 62 62 61 61 62 62 62 62 61 62 62 62
    61 61 61 61 61 61 60 61 61 61 61 61 61 61 61 61 62 62 61 61 62 62 62
    62 63 63 64 64 63 64 64 64 65 65 65 65 65 64 64 64 64 64 64 65 65 66
    66 65 65 65 64 64 64 64 64 64 64 63 63 63 63 63 64 64 64 63 63 63 63
    62 61 62 62 61 62 62 62 62 62 63 63 63 62 63 62 62 61 61 62 62 63 63
    63 62 63 63 63 63 63 63 64 63 63 63 63 62 63 63 62 62 63 63 63 63 63
    62 62 62 62 62 62 62 62 62 62 62 62 61 62 61 61 61 61 62 62 62 62 62
    62 63 63 62 62 62 63 63 63 63 62 62 62 62 62 62 62 62 62 61 61 61 60
    61 62 62 62 62 63 63 62 61 61 61 61 62 63 62 62 63 63 63 63 63 64 64
    65 65 65 65 65 64 64 65 65 65 66 66 65 65 64 64 64 64 64 64 64 64 63
    63 63 63 63 62 62 63 62 62 63 62 62 62 63 63 63 63 64 65 65 65 65 65
    65 66 66 61 61 61 61 61 61 61 61 61 62 62 62 62 61 61 61 61 62 62 61
    62 62 61 61 61 61 61 61 61 60 61 61 61 61 61 61 61 62 62 62 62 61 61
    62 62 62 62 63 63 64 63 63 64 64 64 64 65 65 65 65 64 63 64 64 64 64
    65 65 66 66 65 65 65 64 64 64 64 64 64 64 63 63 63 63 63 64 64 64 64
    64 63 63 63 61 62 61 61 62 62 62 62 62 63 63 63 62 63 62 62 61 61 61
    62 63 63 63 62 62 63 63 63 64 63 64 64 64 63 63 63 63 63 62 62 63 63
    63 63 63 62 62 61 62 62 62 62 62 62 62 62 62 61 62 61 61 61 61 62 62
    62 62 62 62 62 62 62 62 62 63 63 63 63 63 62 62 62 62 62 62 62 62 62
    61 62 61 61 62 62 62 63 64 64 63 62 62 62 62 63 63 63 63 63 63 63 64
    64 64 65 66 66 66 65 65 65 65 65 65 65 66 65 65 65 64 64 64 64 64 64
    64 64 63 63 63 63 63 62 62 63 62 62 63 62 63 62 63 63 63 63 64 64 64
    65 65 65 64 66 66 61 61 61 61 61 61 61 61 61 62 62 62 62 61 61 62 61
    62 62 61 62 62 62 61 61 61 61 61 61 60 60 61 61 60 61 61 61 61 61 61
    61 61 61 61 61 61 61 62 62 63 63 62 63 63 64 64 64 64 64 64 64 63 64
    63 64 64 64 65 65 65 65 65 65 65 64 65 65 64 64 64 64 63 64 64 63 64
    64 64 64 64 64 64 63 62 62 62 62 62 62 62 62 63 63 63 63 63 64 63 63
    62 62 62 62 63 63 63 63 63 64 63 64 64 64 64 64 64 64 63 63 63 63 62
    62 63 64 64 63 63 62 62 62 62 62 62 62 62 62 62 61 61 60 61 61 61 61
    61 62 62 62 62 62 62 62 62 62 62 62 63 63 63 63 62 62 62 62 62 62 62
    61 62 61 61 61 60 61 62 62 61 62 63 63 62 62 61 61 62 62 63 62 62 63
    63 63 64 64 64 64 65 65 65 65 65 64 64 65 65 65 65 65 65 65 64 64 64
    64 64 64 64 64 63 63 63 63 64 63 63 63 63 63 63 63 63 63 64 64 64 64
    64 65 65 65 65 65 65 66 66 61 61 61 61 62 62 62 61 62 62 62 62 62 61
    61 62 62 62 62 61 62 62 62 62 62 61 61 61 61 60 60 61 61 61 61 61 61
    61 61 61 61 61 61 61 61 61 62 63 63 63 63 63 64 64 65 65 65 65 65 65
    65 64 65 65 65 65 65 66 66 67 66 66 65 65 65 65 66 65 65 64 64 63 64
    64 64 64 65 64 64 64 64 64 63 62 62 62 62 63 62 63 63 63 64 64 64 64
    64 63 63 62 62 62 62 64 63 63 62 63 63 63 64 64 64 64 64 64 64 63 62
    63 63 62 62 63 63 64 64 63 62 62 62 63 62 62 62 62 62 62 61 61 61 61
    61 61 61 61 62 62 62 62 62 62 62 62 62 62 62 63 63 63 63 62 62 62 62
    62 62 62 62 62 62 62 62 61 62 63 62 62 63 63 64 63 62 62 62 62 62 63
    63 62 63 63 63 63 64 64 64 65 65 65 64 64 64 64 64 64 65 65 65 64 64
    64 64 64 64 64 64 64 64 63 63 63 63 64 63 63 63 63 63 64 63 63 63 64
    64 64 64 65 65 65 66 66 66 66 67 67 60 61 61 61 61 61 61 61 61 61 61
    61 62 61 61 62 62 62 62 61 62 62 62 62 62 62 62 61 61 61 61 62 62 62
    62 62 62 62 62 62 62 62 62 62 62 62 63 64 64 64 64 64 65 64 65 66 66
    66 65 66 65 64 65 65 65 65 65 66 66 66 66 66 65 65 65 65 65 64 64 64
    64 63 64 64 63 64 64 64 64 64 64 64 63 62 63 62 62 62 62 62 63 63 64
    64 64 64 64 63 63 63 62 62 63 64 63 63 63 63 64 64 64 64 64 64 64 64
    63 63 62 62 62 62 61 62 62 62 62 62 61 61 61 61 61 61 61 60 61 60 60
    60 59 60 60 60 60 60 61 61 62 61 61 61 62 62 61 61 62 63 62 63 63 62
    62 62 62 63 62 62 62 62 62 61 62 61 61 62 62 62 62 63 63 62 61 61 61
    62 62 63 62 62 63 63 63 64 64 64 65 65 65 65 65 65 65 65 66 66 66 66
    66 66 65 65 65 65 65 64 65 65 65 64 64 64 64 64 63 63 64 64 63 64 63
    64 64 64 64 64 65 66 66 66 66 67 67 66 68 68 61 61 61 61 61 61 61 61
    61 61 62 61 62 62 62 62 62 63 63 62 63 63 62 62 62 62 62 62 62 61 61
    62 62 62 62 62 62 62 62 62 62 61 62 61 62 62 62 63 63 64 64 64 64 64
    65 66 66 66 66 66 65 65 65 65 65 66 66 66 66 67 66 66 66 66 65 65 65
    64 64 64 64 63 63 63 63 64 65 65 64 64 64 64 63 63 62 62 62 62 62 62
    62 63 64 63 64 63 63 63 63 62 62 61 62 63 62 62 62 62 63 63 63 63 63
    64 63 63 63 62 61 62 62 61 61 61 62 62 62 62 61 61 61 61 61 61 61 60
    60 60 60 60 59 60 60 60 60 60 61 61 61 61 61 61 61 61 60 61 61 62 61
    62 62 62 61 62 62 62 61 61 61 61 61 61 61 60 61 62 62 61 62 63 63 62
    62 61 62 62 62 63 62 62 63 63 63 64 64 65 65 65 65 66 65 66 66 66 66
    66 66 66 66 66 65 65 65 65 65 64 65 65 64 64 63 63 63 64 63 63 63 63
    63 63 63 63 64 64 64 65 65 66 66 66 66 67 67 66 67 68 61 61 61 61 61
    61 61 61 61 61 62 61 62 62 62 62 62 62 63 62 63 63 62 62 62 62 62 61
    61 61 61 61 61 61 61 61 62 62 62 62 62 61 62 61 61 61 62 63 63 64 64
    63 64 64 65 66 66 66 66 66 65 65 65 65 65 66 66 66 67 67 66 66 66 66
    65 66 65 64 64 64 64 63 63 63 63 64 64 64 64 64 64 63 63 62 62 62 62
    62 62 62 63 63 64 63 63 63 64 63 63 62 62 62 62 63 63 63 62 62 63 63
    64 64 64 64 63 63 63 63 62 62 62 62 61 62 62 62 62 62 61 61 61 62 61
    61 61 61 61 60 60 60 59 60 60 60 60 60 61 61 61 61 61 61 61 61 61 61
    61 62 61 62 62 61 61 61 62 62 61 61 61 61 61 61 61 60 61 62 62 61 62
    62 62 61 61 61 61 62 62 62 62 62 62 63 63 64 64 64 64 65 65 66 65 65
    65 66 66 66 66 66 66 66 66 65 65 65 65 64 64 64 64 63 63 63 63 64 63
    63 63 63 63 63 63 63 63 64 64 64 65 65 66 66 67 67 67 66 67 68 61 61
    62 62 61 61 61 61 61 61 61 61 62 61 62 62 62 62 62 62 63 63 62 62 62
    62 62 62 62 61 61 61 61 61 62 62 62 62 62 62 62 62 62 62 61 61 62 63
    63 63 63 63 64 64 65 65 66 65 66 66 65 65 65 65 65 65 66 66 66 66 66
    66 66 66 65 66 65 65 65 65 64 63 64 63 63 64 65 65 64 64 64 63 63 62
    62 62 62 62 62 63 62 63 63 63 63 63 64 63 63 62 62 62 62 63 62 62 62
    62 63 63 64 64 64 64 64 63 63 63 62 62 62 62 61 62 63 62 63 62 61 61
    61 62 61 61 61 60 61 60 60 60 59 60 60 60 60 60 61 61 61 61 61 61 61
    61 61 61 61 62 61 62 62 61 61 61 62 62 61 61 61 61 61 61 61 60 61 62
    62 61 62 62 63 62 61 61 62 62 62 62 62 62 62 63 63 64 64 64 65 65 65
    66 65 65 65 66 66 66 67 67 66 66 66 66 66 66 65 65 65 65 65 64 64 64
    64 64 63 63 63 64 63 64 63 63 63 64 64 64 64 65 65 66 66 66 66 66 66
    67 61 61 62 62 61 61 61 61 61 61 61 61 61 61 61 61 61 62 62 61 62 63
    62 62 62 62 62 61 61 61 61 62 61 62 62 62 62 62 62 63 63 62 62 62 62
    62 62 63 63 64 63 63 64 64 65 65 66 65 66 66 65 65 65 65 65 65 66 66
    66 66 66 66 66 66 65 65 65 64 65 64 64 63 64 63 63 64 64 64 63 63 63
    63 63 62 62 62 62 62 62 62 62 63 63 63 63 63 63 63 63 62 62 62 62 63
    63 62 62 62 63 63 64 64 64 64 64 63 63 63 62 62 62 62 61 62 63 62 62
    62 61 61 62 62 61 61 60 60 60 60 59 59 59 59 60 60 60 60 60 61 61 60
    60 60 61 61 60 60 61 61 61 61 62 61 61 62 62 62 62 61 61 61 61 61 61
    61 61 62 62 62 62 62 63 62 62 62 63 62 63 63 63 63 63 63 64 65 65 65
    65 66 66 66 66 66 66 67 67 67 67 67 67 66 66 66 66 66 65 65 65 65 65
    64 64 64 64 64 63 63 63 64 63 64 63 63 63 64 64 64 64 64 65 65 66 66
    66 65 66 67 60 60 61 61 61 61 61 61 61 61 60 60 60 60 60 60 60 60 61
    60 61 61 61 61 61 61 61 61 61 60 60 61 61 61 61 61 62 62 62 62 62 62
    62 62 62 62 62 63 63 64 64 64 64 64 65 66 67 66 66 67 66 66 66 66 66
    66 66 66 67 67 66 66 66 66 65 66 66 65 65 65 64 63 64 64 63 64 64 65
    64 64 64 63 63 62 62 62 62 62 62 62 62 63 63 63 63 63 63 63 63 62 62
    62 62 63 63 63 63 63 64 64 64 64 64 65 64 64 64 63 63 63 63 62 61 62
    63 63 63 62 61 62 62 62 61 61 60 60 60 60 59 59 59 59 59 59 60 60 61
    61 61 61 60 60 61 61 60 61 61 62 61 62 62 62 62 62 62 63 62 62 61 61
    61 61 61 60 61 61 62 61 62 62 62 61 61 62 62 62 62 63 62 62 63 63 64
    64 65 65 66 66 66 67 66 66 66 67 67 67 67 68 67 67 67 67 67 67 66 66
    66 66 66 65 65 64 64 64 63 64 63 64 63 63 63 63 63 63 63 63 63 63 63
    64 64 64 64 64 65 65 59 60 60 60 60 60 60 60 60 60 60 60 60 60 60 60
    60 60 61 60 61 61 61 61 61 61 61 60 61 60 60 61 61 61 61 61 62 62 62
    62 62 62 62 62 62 62 62 63 63 64 64 63 64 64 65 65 67 66 66 67 66 66
    66 66 66 66 66 66 66 66 66 66 66 66 65 66 66 65 65 65 65 63 64 64 64
    64 65 65 64 64 64 64 63 63 63 62 62 62 62 62 62 62 63 63 63 63 63 63
    63 62 62 62 62 63 62 62 62 62 64 64 64 64 65 65 64 64 64 64 63 63 63
    62 62 62 63 63 63 63 62 62 63 63 62 61 61 61 61 60 60 61 60 60 60 60
    60 60 61 62 62 61 61 61 62 62 61 61 62 62 62 62 63 62 62 62 62 62 62
    62 61 61 61 61 61 60 61 61 61 61 61 61 62 61 61 61 62 62 62 62 62 62
    63 63 63 64 65 65 65 66 66 66 66 66 66 67 67 67 67 68 67 67 67 67 67
    67 66 66 66 66 66 65 65 65 64 64 63 63 63 63 63 63 63 63 62 63 63 62
    62 63 63 63 64 64 63 63 64 64 60 60 60 60 60 60 60 60 60 60 60 60 60
    60 61 61 61 61 61 61 61 62 61 61 61 62 62 61 62 62 61 62 62 62 62 62
    62 62 62 62 62 62 63 62 63 63 63 64 64 64 64 64 64 64 65 65 66 66 66
    67 66 66 66 66 67 67 67 67 67 67 67 67 66 67 66 66 66 65 66 65 65 64
    65 64 64 64 65 65 64 64 64 64 63 63 63 62 62 62 62 62 62 62 63 63 63
    63 63 63 63 62 62 62 62 63 63 63 62 63 64 64 64 64 65 65 64 64 64 63
    63 63 63 62 62 62 63 63 63 63 62 62 62 63 62 61 61 61 61 61 61 61 61
    61 61 61 61 61 62 63 62 62 62 62 62 62 62 62 62 63 62 63 63 63 62 63
    62 63 62 62 62 61 61 61 61 60 61 61 61 61 61 61 62 61 61 62 62 62 62
    63 62 62 63 63 63 64 65 65 65 65 66 66 66 66 66 66 67 66 67 67 67 66
    66 66 66 66 66 65 65 65 65 65 65 64 64 64 63 63 63 63 63 63 63 63 62
    63 63 62 62 63 63 63 63 64 63 63 64 64 59 60 60 60 60 60 60 60 60 60
    60 60 61 60 61 61 61 61 62 61 62 62 62 62 62 62 62 62 62 62 62 62 62
    62 62 62 63 62 62 62 63 63 63 63 63 63 63 64 64 64 64 64 64 64 65 65
    66 66 66 67 66 66 66 66 66 66 66 66 66 67 66 66 66 66 65 66 66 65 65
    65 65 64 64 64 63 64 64 64 64 63 64 63 63 63 62 62 62 61 61 61 61 62
    63 63 63 63 63 63 62 62 62 62 61 63 62 62 62 62 63 63 63 64 64 64 64
    64 64 63 62 63 63 62 62 62 63 63 63 63 62 62 62 63 62 61 61 62 62 61
    61 61 61 61 61 61 61 61 62 62 62 62 61 62 62 62 61 62 62 63 62 62 63
    62 62 62 62 62 62 62 61 61 61 61 61 61 61 61 61 61 61 61 62 61 61 62
    62 62 63 63 63 63 63 63 63 64 65 65 65 65 65 66 66 66 66 66 67 66 67
    67 66 66 66 66 66 66 66 65 65 65 65 65 65 65 65 64 63 63 62 63 63 63
    63 63 62 63 63 62 62 63 63 63 63 63 63 63 63 64 60 60 60 60 60 60 60
    60 60 60 60 60 61 61 61 61 61 61 62 61 62 62 62 62 62 62 63 63 63 62
    62 63 62 62 62 62 63 62 62 62 63 63 63 63 63 63 63 64 64 64 64 63 64
    64 64 65 66 65 66 66 66 66 66 66 66 66 66 66 66 66 66 66 66 66 65 66
    66 65 65 64 65 64 64 64 63 64 64 64 64 63 64 63 63 62 62 61 61 61 61
    61 61 61 62 63 63 62 63 63 62 62 62 62 62 63 63 62 62 63 64 64 64 64
    64 65 64 64 64 64 63 63 63 63 62 62 63 63 63 63 62 63 63 63 62 62 62
    62 62 61 61 61 61 61 61 61 61 61 62 62 62 62 61 61 62 62 61 62 62 62
    62 62 62 62 62 62 62 62 62 62 61 61 61 61 61 60 60 61 61 61 61 61 62
    61 61 62 62 62 62 63 63 63 63 63 63 64 64 64 65 65 65 66 66 66 66 66
    66 66 66 67 67 66 66 66 66 66 66 65 66 66 66 65 65 65 65 65 64 64 63
    64 63 64 64 63 63 63 63 63 63 63 63 64 64 64 63 63 64 64 61 61 61 61
    61 61 61 61 61 61 61 61 61 61 62 61 61 61 62 61 62 62 62 62 62 62 63
    63 62 62 62 62 62 62 62 62 63 62 62 62 63 63 63 63 63 63 63 64 63 64
    64 63 64 64 64 65 66 65 66 66 66 66 66 66 66 66 66 66 66 66 66 66 66
    67 66 66 66 65 65 65 65 64 64 64 64 64 64 64 64 64 64 64 63 63 62 62
    62 61 61 62 61 62 63 63 63 63 63 63 63 63 63 62 62 63 63 62 62 63 64
    64 64 64 64 65 65 65 64 64 63 64 64 63 62 62 63 63 63 63 62 62 63 63
    62 62 62 62 62 61 61 61 60 60 61 60 60 60 61 61 62 61 60 61 61 62 61
    61 61 62 62 62 62 62 62 62 62 62 62 62 62 62 62 62 62 61 62 62 62 62
    62 62 62 62 62 62 63 63 63 63 63 63 63 63 63 64 64 64 64 65 65 65 65
    65 66 66 66 66 66 67 67 66 66 66 66 66 66 65 66 66 66 66 65 65 65 65
    64 64 64 64 64 64 64 64 64 64 64 63 64 64 64 65 65 64 64 64 65 66 61
    62 61 62 61 62 62 61 62 62 62 62 62 62 62 62 62 62 62 61 62 62 62 62
    62 62 63 63 63 62 63 63 63 63 62 63 63 63 63 63 63 63 63 63 63 63 63
    64 64 64 64 64 64 64 64 64 65 65 65 66 65 65 65 66 66 66 66 66 66 66
    66 66 66 66 66 66 66 65 65 65 65 64 64 64 64 64 64 64 64 63 64 63 63
    62 62 61 61 61 61 61 61 61 62 63 63 62 63 63 63 63 63 63 62 63 63 62
    62 63 64 64 64 65 65 66 65 65 65 65 64 64 64 64 63 63 64 64 64 64 63
    63 64 64 63 62 62 62 62 62 61 61 61 61 61 61 60 61 61 62 62 61 60 60
    61 61 61 61 61 62 61 62 62 62 62 62 62 62 62 62 62 62 62 62 62 61 61
    62 62 62 62 62 62 62 62 63 63 62 63 63 63 63 63 63 63 64 64 64 64 64
    64 65 65 65 66 66 66 66 66 66 66 66 66 65 65 65 65 65 65 65 65 65 65
    65 65 65 64 64 63 64 63 64 64 63 63 64 64 63 64 64 64 64 64 64 64 64
    65 66 62 62 62 62 62 62 62 61 62 62 62 62 62 62 62 62 62 62 63 62 62
    63 63 63 63 63 63 64 63 63 63 64 64 64 63 63 64 64 64 64 64 64 64 63
    63 64 63 64 64 64 64 63 64 64 64 64 65 64 65 65 65 65 65 65 65 65 65
    65 66 66 65 66 66 66 65 66 66 65 65 64 65 64 65 64 64 64 64 64 64 63
    63 63 63 62 62 61 61 61 61 61 61 61 62 63 63 62 63 63 63 63 63 63 62
    63 63 63 63 63 64 64 65 65 65 66 65 66 65 65 65 65 65 64 63 63 64 64
    64 64 63 63 64 64 63 63 63 63 63 62 62 62 61 61 61 61 60 61 61 62 61
    61 61 61 61 62 61 61 61 62 61 61 61 61 61 62 61 62 62 62 62 62 62 62
    62 62 61 62 62 61 62 61 62 62 62 62 63 63 63 63 63 63 63 63 63 63 63
    63 63 64 64 65 64 65 65 66 66 66 66 66 66 65 66 65 65 65 65 65 65 65
    66 65 65 65 65 65 65 65 64 64 64 64 64 64 64 64 64 64 64 64 64 64 64
    64 64 64 65 66 62 62 62 62 62 62 62 61 62 62 62 62 62 62 62 62 62 62
    63 62 63 63 63 63 63 63 64 64 64 63 64 64 64 64 63 64 64 64 64 64 64
    64 64 63 63 64 63 64 64 64 64 64 64 64 65 64 65 64 65 66 65 65 65 65
    65 65 65 65 66 66 66 66 66 66 66 66 66 65 65 65 65 65 65 64 64 65 65
    65 65 64 64 64 64 63 63 62 62 62 62 62 62 62 62 63 63 63 63 63 63 63
    63 63 62 63 63 62 63 63 64 64 64 64 65 65 65 65 65 65 65 65 65 64 64
    64 65 65 65 65 64 64 65 65 63 63 63 63 64 63 63 63 62 62 62 61 61 61
    62 62 62 61 61 61 62 62 61 61 61 62 62 62 62 62 62 62 62 62 62 63 62
    62 62 62 62 62 62 62 62 62 62 61 62 62 62 62 62 62 62 63 62 62 62 62
    63 63 63 63 63 63 64 64 64 64 65 65 66 65 65 66 66 65 66 65 65 65 65
    65 65 65 65 65 65 65 65 65 64 64 64 64 63 64 63 63 63 63 64 63 64 64
    64 64 64 64 64 64 65 65 61 62 61 61 61 61 61 61 61 62 62 62 62 62 62
    62 62 62 62 62 62 63 62 62 63 63 64 64 64 63 64 64 64 64 63 63 64 64
    64 64 64 64 64 63 63 64 63 64 64 64 64 64 64 64 64 64 65 64 65 65 65
    65 65 65 66 66 66 66 66 66 66 66 66 66 66 66 66 65 65 65 65 65 65 64
    64 64 65 65 64 64 64 64 63 63 63 62 62 62 62 62 62 62 63 63 63 63 64
    64 64 64 64 63 63 64 64 63 63 64 65 65 65 65 66 66 66 66 66 66 65 66
    65 65 64 64 65 65 65 65 64 64 65 65 64 64 64 64 64 63 63 63 63 63 62
    61 61 61 62 62 62 61 61 61 62 62 61 61 61 62 62 62 62 62 62 62 62 63
    62 63 63 63 63 63 63 63 63 63 63 62 63 62 63 63 62 63 63 62 62 63 62
    63 63 63 63 63 63 63 63 63 63 64 63 64 64 65 65 65 65 65 65 65 65 65
    64 65 65 64 65 65 64 64 64 65 65 65 64 64 64 64 63 64 63 63 63 64 64
    64 64 64 64 65 64 64 64 64 65 66 62 62 62 62 62 62 62 61 62 62 62 62
    62 62 62 62 62 62 62 62 62 63 62 62 62 63 63 64 64 63 63 64 64 64 63
    63 64 63 64 64 64 64 64 63 63 64 63 64 64 64 64 63 64 64 64 64 64 64
    65 65 65 65 65 65 65 65 65 66 66 66 66 66 66 66 65 66 65 65 65 65 65
    65 65 64 64 64 65 65 64 64 64 63 63 63 63 62 62 62 62 63 62 62 63 63
    63 64 64 64 64 64 64 63 63 64 64 63 63 64 65 65 65 65 65 66 65 65 65
    65 65 65 65 65 64 64 65 65 65 65 64 64 65 65 64 64 64 64 64 64 64 64
    63 63 63 62 62 62 62 62 62 62 61 61 62 62 62 62 62 62 62 62 62 62 62
    62 62 63 63 63 63 63 63 63 63 63 63 63 63 62 62 62 62 63 62 62 63 62
    62 63 62 62 62 62 62 63 63 63 62 63 63 64 63 64 64 65 65 65 65 65 65
    64 65 65 64 64 65 64 64 64 64 64 64 65 64 65 64 64 64 63 63 64 63 63
    63 63 64 63 63 64 64 64 64 64 64 64 65 66 63 63 63 63 63 63 63 62 62
    63 63 63 63 62 62 62 62 62 62 62 62 62 62 62 62 63 63 63 63 63 63 63
    64 64 63 63 63 63 63 63 63 63 64 63 63 63 63 64 64 64 64 64 64 64 65
    65 65 65 65 66 66 65 65 66 66 66 66 66 67 67 66 67 66 66 66 66 66 65
    65 65 65 65 65 64 64 64 64 64 64 64 64 63 63 63 63 62 62 62 62 62 62
    62 62 63 63 63 64 64 64 64 64 64 63 64 64 64 64 64 65 65 65 65 66 66
    66 66 66 66 65 66 65 65 65 64 65 65 65 65 64 65 65 65 64 64 65 65 65
    64 64 64 63 63 63 62 62 62 62 62 62 62 61 62 62 62 62 62 62 62 62 62
    62 62 62 62 62 63 63 63 63 63 63 63 63 63 62 63 63 61 61 61 62 62 62
    62 62 62 62 62 62 62 62 62 62 63 63 63 63 63 63 64 64 64 65 65 65 65
    65 65 65 64 65 64 64 64 64 64 64 64 64 63 64 64 64 64 63 63 63 63 63
    63 63 63 63 63 63 63 63 64 64 64 64 64 64 64 65 65 62 63 63 63 63 63
    63 62 62 63 63 63 63 62 62 62 62 62 62 62 62 62 62 62 62 63 63 64 63
    63 63 64 64 64 63 63 63 63 63 63 63 63 64 63 63 64 64 64 64 64 64 64
    64 65 65 65 66 65 66 66 66 66 66 66 66 66 67 67 67 67 66 67 66 67 66
    66 66 66 65 65 65 65 65 65 64 65 65 65 64 64 64 64 63 63 63 63 62 62
    62 63 63 63 63 64 64 64 64 64 65 64 64 64 64 65 65 64 64 65 65 65 65
    65 66 66 66 65 66 65 65 65 65 64 64 64 65 64 65 65 64 64 65 65 63 63
    64 65 64 64 64 64 63 63 63 63 62 62 62 62 62 62 62 62 63 63 62 62 62
    63 63 62 63 63 62 63 62 63 63 63 63 63 63 63 63 63 62 63 63 61 62 61
    62 62 62 62 63 62 62 63 62 63 62 63 63 63 63 63 63 63 64 65 64 65 66
    66 67 66 65 66 66 65 66 65 65 65 65 64 64 64 64 64 64 64 64 64 63 63
    63 63 62 63 63 63 63 63 63 63 63 63 63 64 64 64 64 64 64 65 63 63 63
    63 63 63 63 63 63 63 63 63 63 63 62 62 62 62 62 62 62 62 62 62 62 63
    63 64 63 63 63 63 64 63 63 63 63 63 63 63 63 63 63 63 63 64 63 64 64
    64 64 64 64 64 65 65 65 65 65 65 65 65 65 66 66 66 67 67 67 67 66 67
    67 67 66 66 66 66 66 66 66 65 65 65 65 65 65 65 65 65 64 64 64 64 64
    64 63 63 63 63 63 63 64 64 64 64 65 65 65 65 65 65 64 65 65 64 64 65
    65 65 65 65 66 66 66 65 65 65 65 65 65 64 64 64 64 64 64 64 64 64 64
    64 63 63 64 64 64 64 64 64 63 63 63 62 62 62 62 62 62 62 62 62 63 63
    62 62 62 63 63 62 63 63 63 63 62 63 63 63 63 63 63 63 64 64 63 63 63
    62 62 62 62 62 62 62 63 62 62 62 62 62 62 62 62 63 63 63 63 63 64 65
    64 65 66 66 66 66 65 66 66 65 66 65 65 65 65 65 65 65 64 64 64 64 64
    64 63 63 63 62 62 63 62 62 62 62 62 62 62 62 62 63 63 63 63 63 63 64
    64 64 63 64 63 64 64 63 63 63 63 63 63 63 63 63 62 62 62 62 62 62 62
    62 63 63 64 64 64 63 63 64 64 64 63 63 64 63 64 64 64 64 64 63 63 64
    63 64 63 63 63 63 64 64 65 65 65 65 65 66 65 65 65 65 66 66 66 66 67
    66 66 67 67 67 67 67 66 66 66 66 66 65 66 65 65 65 65 66 65 65 65 64
    64 64 64 64 63 63 63 63 63 63 63 64 64 64 64 65 65 65 65 64 64 64 64
    64 64 64 65 64 65 65 66 66 66 66 66 65 65 65 65 65 64 64 64 64 64 64
    64 64 65 65 64 64 64 65 65 64 64 64 64 63 63 63 62 62 62 62 62 62 62
    62 63 63 62 62 62 63 63 62 62 62 62 62 62 63 63 63 63 63 63 63 63 63
    63 63 63 62 62 61 62 62 62 62 62 61 62 62 62 62 62 62 62 63 63 63 63
    63 63 64 64 65 65 66 66 66 65 66 66 65 65 65 65 65 65 65 65 65 64 64
    64 64 64 64 63 63 63 63 63 63 63 63 62 62 62 62 62 62 62 62 63 63 63
    63 63 64 64 64 63 63 63 63 63 63 63 63 64 64 64 63 63 63 63 63 63 63
    63 63 63 63 63 64 64 65 65 64 64 64 65 65 64 64 64 64 65 64 64 64 64
    64 63 64 63 64 63 63 63 63 63 64 64 64 65 64 65 65 65 65 64 65 65 66
    66 66 66 66 66 67 67 68 67 67 67 67 66 67 66 66 66 66 66 66 66 66 66
    66 66 65 65 65 65 65 64 63 63 63 64 64 64 64 64 65 65 65 65 65 65 65
    64 65 64 64 64 64 65 64 64 65 66 66 66 66 66 66 65 66 66 65 65 64 65
    65 65 65 64 65 65 65 64 64 65 65 65 64 64 64 64 64 64 63 62 62 62 62
    62 62 62 62 63 63 62 62 62 63 63 63 63 63 63 63 62 63 64 63 64 64 64
    64 64 64 63 64 63 62 62 62 62 63 62 62 63 62 62 62 62 62 62 61 62 62
    62 62 62 63 63 64 64 65 65 66 66 66 65 65 65 65 65 65 64 65 65 64 65
    65 64 64 64 64 63 63 63 63 63 63 63 63 63 63 62 62 62 62 62 62 63 63
    63 64 63 64 64 64 64 64 64 64 64 64 64 64 64 64 64 64 64 64 64 64 64
    63 63 63 63 63 63 63 63 64 64 65 65 64 64 64 65 64 64 64 64 63 64 64
    64 63 64 63 63 64 63 63 63 63 63 63 63 64 64 64 65 64 65 65 65 65 65
    65 65 65 66 66 66 67 66 68 67 68 67 67 67 67 66 67 66 66 66 66 66 66
    66 66 66 66 66 66 66 66 65 65 64 63 63 63 63 63 63 64 64 64 64 65 65
    65 64 64 64 64 64 63 63 63 64 63 63 64 65 65 65 65 65 65 65 65 65 64
    64 64 65 64 65 65 64 64 65 65 65 64 65 66 66 65 65 64 64 64 63 63 62
    61 62 61 61 61 61 61 62 62 61 61 61 62 62 61 62 62 62 62 61 62 62 63
    63 63 63 63 63 63 63 63 63 62 62 62 62 63 63 62 63 61 62 62 62 62 61
    61 61 62 62 62 62 62 63 64 64 64 65 65 66 65 65 65 65 64 65 65 64 65
    65 64 65 65 64 64 64 63 63 63 63 63 62 63 63 63 63 63 62 62 62 62 62
    62 62 62 63 63 63 63 63 64 64 65 64 64 64 64 64 64 64 64 64 65 65 64
    64 64 64 63 63 63 63 63 63 63 63 64 64 64 64 63 63 63 64 64 64 63 63
    63 63 63 63 63 63 63 63 63 63 63 63 63 63 63 63 64 64 64 65 64 65 65
    65 65 65 65 65 65 66 66 66 66 66 67 67 68 67 67 67 67 66 67 66 66 66
    66 66 66 65 66 65 65 66 66 65 65 65 65 64 63 63 63 64 64 63 64 64 64
    64 65 65 65 65 65 64 65 64 63 63 64 64 64 64 64 65 65 65 64 65 65 64
    65 65 64 64 64 65 64 65 64 64 64 65 65 64 64 65 65 65 64 64 64 64 63
    63 63 62 61 62 61 61 61 61 61 62 62 61 61 61 62 62 61 62 62 62 62 62
    63 63 63 63 63 63 63 63 63 62 63 62 61 61 61 62 62 62 62 62 61 61 61
    61 61 61 61 61 62 62 62 62 62 63 63 63 64 65 65 65 65 65 65 65 64 64
    64 64 64 64 64 65 64 64 64 63 63 63 63 63 63 63 63 63 63 63 62 62 62
    62 62 62 62 63 63 63 63 63 63 64 64 64 65 64 64 64 64 64 63 63 63 64
    64 64 63 63 63 63 62 63 62 62 62 62 62 62 63 63 64 63 63 63 63 64 64
    63 63 63 63 63 64 64 63 64 63 63 64 64 64 63 63 64 64 64 65 64 65 65
    64 65 65 65 65 65 65 65 65 66 66 66 66 66 67 67 68 67 67 66 66 66 66
    66 66 66 66 66 65 65 65 65 65 66 66 65 65 65 65 64 63 63 64 64 64 63
    64 64 64 64 64 65 65 65 65 64 64 64 63 63 63 64 63 63 63 64 64 64 64
    64 64 64 64 65 64 64 63 64 63 64 64 63 63 64 64 64 63 64 65 65 64 64
    64 64 63 63 62 62 61 62 61 61 61 61 61 62 61 61 61 61 62 62 61 62 62
    62 62 61 62 62 63 63 63 63 63 63 63 62 62 62 61 61 61 62 62 62 62 62
    61 61 61 61 61 61 60 61 61 61 61 61 62 62 63 63 63 64 64 65 65 64 64
    64 64 64 64 63 64 64 64 64 64 64 63 63 63 62 62 62 62 63 63 63 63 62
    62 62 62 62 62 62 62 62 63 63 63 63 64 64 64 64 65 64 64 64 64 64 63
    63 63 64 64 64 63 63 63 63 62 62 62 62 62 62 61 62 62 62 63 63 63 63
    63 63 63 63 63 63 63 63 63 63 63 63 63 63 64 63 64 63 64 64 64 64 65
    64 64 64 64 64 65 65 65 65 65 65 65 66 66 66 66 66 67 67 67 66 66 66
    66 65 66 66 66 66 66 65 65 65 66 65 65 66 66 66 66 66 65 64 64 63 64
    64 64 64 64 64 64 64 64 65 65 65 64 64 64 64 63 63 63 64 63 63 63 64
    64 64 64 65 65 65 65 66 64 65 64 65 64 64 64 64 64 64 64 64 64 65 65
    65 64 64 64 64 63 63 63 62 61 62 61 61 61 61 60 62 61 60 61 60 61 61
    60 61 61 62 61 61 61 61 61 62 62 62 62 62 62 61 61 61 60 60 61 61 62
    62 61 62 61 61 61 61 61 61 61 61 62 62 62 62 62 63 63 63 64 65 65 65
    65 64 65 65 64 64 64 64 64 64 64 64 64 64 63 63 63 62 63 62 62 62 62
    63 63 62 62 61 61 61 61 62 62 62 62 62 62 62 63 63 63 65 65 64 65 64
    64 64 64 64 64 64 64 64 63 63 63 63 62 62 62 62 62 62 62 62 62 62 63
    62 62 63 62 63 63 62 62 62 62 63 63 63 62 63 63 63 63 63 62 62 63 63
    63 63 64 64 64 64 64 64 65 65 65 65 65 65 65 66 65 66 66 66 67 67 67
    66 66 66 66 65 66 66 66 66 66 66 66 65 66 66 66 66 66 66 66 66 65 64
    64 64 64 64 64 64 64 64 64 64 64 65 64 64 64 64 64 64 63 63 63 63 63
    63 63 64 64 64 65 65 65 65 65 66 65 65 64 65 65 65 65 65 65 65 65 65
    64 66 66 66 65 65 65 65 64 64 63 63 62 62 62 62 61 62 61 62 62 61 61
    61 61 62 61 61 61 62 61 61 61 62 62 62 62 62 62 62 62 61 61 61 60 61
    61 61 62 62 62 62 61 61 61 61 61 61 61 61 61 61 62 62 62 63 63 63 64
    64 64 64 65 64 64 64 63 64 64 64 64 64 64 64 64 63 63 63 62 62 62 62
    63 63 62 63 63 62 62 62 61 61 61 61 61 62 62 62 62 63 63 63 64 65 65
    65 65 65 64 64 64 63 64 64 64 64 63 62 62 62 62 62 62 62 61 62 61 62
    62 62 63 62 62 63 62 63 63 62 62 62 63 63 64 64 63 63 63 63 63 63 63
    63 63 63 63 64 64 64 64 64 64 64 64 64 65 64 65 65 65 65 65 65 66 66
    67 67 67 66 66 65 65 65 66 66 66 66 66 66 66 65 65 65 65 66 66 66 65
    65 65 64 63 63 64 63 64 63 64 63 64 64 64 64 64 64 64 63 64 64 63 63
    64 64 63 63 64 65 65 65 65 65 66 66 66 66 65 66 65 66 65 65 65 65 65
    65 65 64 64 66 66 66 65 65 65 65 64 63 63 63 62 62 61 61 61 61 61 62
    62 61 61 61 61 61 61 61 61 62 61 61 61 62 62 62 62 62 62 61 62 61 61
    61 60 60 61 62 62 62 62 62 61 61 61 61 61 61 61 61 62 62 62 62 62 63
    63 63 64 64 64 64 64 64 64 64 64 64 64 64 64 64 64 64 64 64 63 63 63
    62 63 63 63 63 63 63 64 63 63 62 62 61 62 61 62 62 62 63 63 63 63 64
    64 65 65 64 64 64 64 64 64 63 63 64 64 64 63 63 62 63 62 62 62 62 62
    62 62 62 63 63 63 63 63 63 63 64 64 63 63 63 63 64 64 64 63 64 64 64
    64 64 64 64 64 64 64 64 65 65 64 64 64 65 65 65 65 65 65 66 66 66 66
    66 66 66 67 67 68 67 66 66 66 65 66 66 67 67 66 67 66 66 66 66 66 66
    66 66 66 66 65 64 64 63 64 64 64 63 64 63 64 64 64 64 64 64 64 64 64
    64 63 63 64 64 63 63 63 65 65 65 65 65 65 65 66 66 65 66 65 65 65 65
    65 65 65 65 65 64 64 65 66 66 64 65 65 65 64 64 63 63 62 62 62 62 61
    61 61 63 62 61 61 61 61 62 61 61 62 62 61 61 61 62 62 62 62 62 62 62
    62 61 61 61 60 60 61 62 62 62 62 62 61 61 61 61 61 61 61 61 62 62 62
    62 62 63 63 63 64 64 64 64 64 64 64 64 63 63 64 64 64 64 64 64 64 63
    63 62 62 62 62 62 62 62 62 63 63 62 62 62 61 61 62 61 61 62 62 62 62
    63 63 63 63 65 65 65 64 64 64 64 63 63 64 64 64 64 63 63 63 63 62 62
    62 62 62 62 61 62 62 62 63 63 63 63 63 64 64 63 63 63 63 64 64 64 63
    64 64 64 64 64 65 64 65 65 65 65 65 65 65 65 65 65 65 65 65 65 65 66
    66 66 66 66 66 66 67 66 67 67 66 66 66 65 66 66 67 66 66 66 66 66 66
    65 65 65 66 66 65 65 65 64 64 63 64 64 64 63 64 63 64 63 63 64 63 63
    64 63 64 64 63 63 64 64 63 63 64 65 65 65 65 65 65 65 66 66 65 66 65
    65 65 65 65 65 65 65 65 64 64 66 66 66 64 65 65 65 64 64 64 63 63 63
    62 62 62 62 61 63 62 61 61 61 61 61 61 61 61 62 61 61 61 61 62 62 62
    62 62 62 61 61 61 61 60 61 61 62 62 62 62 62 61 61 61 61 62 62 61 61
    62 62 62 62 62 63 64 63 64 64 64 64 64 64 64 64 63 63 63 63 63 63 63
    63 63 62 62 62 62 62 62 62 62 62 62 63 63 63 63 62 62 62 62 62 62 63
    63 64 64 64 65 65 65 65 65 64 64 64 64 63 63 63 63 64 64 64 63 63 63
    63 62 63 62 62 62 62 61 62 62 63 63 63 63 63 63 64 64 63 63 63 63 64
    64 64 63 64 64 64 65 65 65 65 65 65 65 65 66 65 65 65 65 66 66 66 66
    66 66 66 66 67 66 66 66 66 67 67 67 67 66 66 66 65 66 66 67 66 66 66
    66 66 66 66 65 66 66 66 66 66 65 64 64 63 63 64 64 63 64 63 63 63 63
    63 63 63 63 63 63 63 62 62 63 63 62 63 63 64 64 65 65 65 65 65 66 66
    65 66 65 66 65 66 65 65 65 65 65 65 65 66 66 66 65 65 65 65 64 64 64
    63 63 63 62 62 62 62 62 63 62 61 61 61 62 61 61 61 61 61 61 60 61 61
    62 62 62 62 62 62 62 61 61 61 60 61 61 62 63 62 62 62 61 61 61 61 62
    62 62 61 62 62 62 62 62 63 63 63 64 64 64 64 64 64 64 64 63 63 63 63
    63 63 63 63 63 62 62 62 62 62 62 63 62 62 63 63 63 63 63 62 62 62 62
    62 63 63 63 64 63 64 64 64 65 64 65 64 65 64 64 64 63 63 64 64 64 64
    63 63 63 63 63 63 63 63 62 62 62 62 63 63 64 64 63 64 64 64 64 63 63
    63 64 64 64 64 64 64 64 64 65 65 65 65 65 65 65 65 65 65 65 65 65 66
    66 66 66 66 66 66 66 66 66 66 66 66 67 67 67 67 66 65 66 65 66 65 66
    66 66 66 66 65 65 65 65 65 66 65 65 65 65 64 64 63 64 64 64 63 64 63
    64 63 63 64 63 63 63 63 63 63 63 62 63 63 62 63 63 64 64 64 64 64 64
    64 65 65 65 65 64 65 65 65 65 64 64 65 65 64 65 66 66 66 65 65 65 65
    64 64 64 63 63 63 62 62 62 62 62 63 62 61 61 61 61 61 61 61 61 61 61
    61 61 62 62 62 62 62 63 63 62 62 62 62 61 62 62 63 64 63 63 63 62 62
    62 62 62 62 62 61 62 62 62 62 61 62 62 62 63 63 63 63 63 63 63 63 62
    62 62 62 62 62 62 62 62 61 61 61 61 61 62 62 62 62 62 63 63 62 62 62
    62 62 63 63 63 64 64 65 64 65 66 66 66 64 64 64 65 64 64 64 64 63 64
    64 64 64 63 63 63 63 63 63 63 63 62 62 62 62 63 63 64 64 64 64 64 64
    64 64 64 63 64 64 64 64 63 64 64 65 65 65 65 65 65 65 65 65 66 65 65
    65 65 66 66 66 66 66 67 67 67 67 67 67 66 66 67 67 67 67 66 65 65 65
    65 65 66 65 65 65 65 65 65 65 65 65 65 65 65 65 65 64 64 63 64 64 64
    64 64 63 64 63 63 64 63 63 63 63 63 64 63 62 63 63 62 63 63 64 64 64
    64 64 64 65 65 66 65 66 65 65 65 65 65 65 64 65 65 65 65 66 66 66 65
    65 64 64 64 64 63 63 62 62 61 61 61 61 61 62 61 61 61 60 61 61 60 60
    61 61 60 61 61 62 62 62 62 62 63 63 62 62 62 62 61 62 62 63 64 63 63
    63 62 62 62 62 62 62 62 62 62 62 62 62 62 62 62 62 63 63 63 63 64 63
    63 63 62 63 62 62 63 62 62 63 62 62 61 61 61 62 62 62 62 62 62 63 63
    62 62 62 62 62 63 63 63 64 64 64 64 65 65 65 65 65 65 65 66 65 65 65
    64 64 64 65 65 64 63 63 63 64 63 63 63 63 63 62 62 62 63 63 64 63 63
    64 64 64 64 64 64 63 64 65 65 65 64 64 64 65 65 65 65 65 66 66 66 66
    66 66 65 65 65 66 66 66 66 66 66 66 66 67 66 66 66 66 66 66 67 67 66
    65 65 65 65 65 66 65 65 65 65 65 65 65 65 65 65 65 65 65 65 64 64 63
    64 64 64 63 64 63 63 63 63 64 63 63 63 63 63 63 62 62 63 63 62 63 63
    64 64 65 65 64 65 65 66 66 65 66 65 65 65 66 65 65 65 65 65 65 65 66
    66 66 65 65 64 64 64 64 63 63 62 62 61 62 61 61 61 62 61 61 61 60 61
    61 60 60 60 61 60 60 61 61 62 62 62 62 63 63 62 62 62 62 61 62 62 63
    64 63 63 63 62 62 62 62 62 62 62 62 63 62 63 62 62 62 63 63 63 63 63
    64 64 64 64 63 63 63 63 63 63 63 62 63 63 62 61 61 61 61 62 62 62 62
    62 63 63 62 62 62 62 63 63 63 64 65 65 65 65 66 66 66 66 65 65 65 65
    65 65 64 64 64 64 64 64 64 63 64 63 63 63 63 63 63 63 62 61 62 63 63
    63 63 63 64 64 64 64 64 64 63 64 64 64 65 64 64 64 65 65 65 66 66 66
    66 66 67 67 66 66 66 66 67 66 66 66 66 67 67 67 68 67 67 67 66 67 67
    67 67 66 66 66 65 66 65 66 65 65 66 66 66 65 65 65 65 65 65 65 66 65
    64 64 64 64 64 64 64 64 63 64 63 64 64 63 63 63 63 63 63 63 63 63 63
    63 63 64 65 64 65 65 65 65 65 66 66 65 66 65 66 65 65 65 65 65 65 65
    65 65 66 66 66 65 65 65 65 64 64 64 63 63 63 62 62 62 62 61 63 62 61
    61 60 61 61 60 60 61 61 61 61 61 61 62 62 62 62 62 62 62 62 62 61 61
    62 62 63 64 63 63 63 62 62 62 61 62 62 62 61 63 62 62 62 62 62 63 63
    64 63 63 63 64 64 64 63 63 63 63 63 63 62 62 63 63 61 61 61 61 61 61
    62 62 62 62 63 63 63 62 62 62 63 63 63 64 65 65 65 65 66 66 66 66 64
    65 66 65 65 65 64 64 64 64 64 64 64 63 63 63 63 63 63 63 63 62 62 61
    61 62 62 63 63 63 63 63 64 64 64 64 63 65 65 65 65 64 64 64 65 65 65
    66 66 66 66 66 67 67 66 66 66 66 67 66 66 66 66 67 67 67 68 67 67 67
    67 67 67 68 68 66 66 66 65 66 66 66 66 65 66 66 66 65 65 64 64 65 65
    65 65 64 64 63 63 63 63 63 63 63 63 63 63 63 63 62 62 63 62 63 63 62
    62 63 63 63 64 64 65 65 65 65 65 65 65 66 66 65 66 65 66 65 65 65 65
    65 65 65 65 65 66 66 66 65 65 64 64 64 64 63 63 62 63 62 62 62 62 62
    63 62 61 61 60 61 60 60 60 60 61 60 60 61 61 62 61 62 62 62 62 62 62
    62 61 61 61 62 63 64 63 63 63 62 62 61 61 62 62 62 61 63 62 62 61 61
    61 62 62 63 63 63 63 63 63 63 63 62 62 62 62 63 62 62 62 62 61 61 61
    61 61 61 62 61 62 62 63 63 62 62 62 62 62 62 63 63 64 64 65 64 65 65
    65 65 64 64 65 65 64 64 63 63 63 63 63 63 63 62 63 62 63 63 63 63 63
    62 62 61 61 62 63 63 63 63 63 64 64 64 64 64 64 65 65 65 65 64 64 64
    64 65 65 65 65 66 66 66 66 66 66 66 66 66 67 66 66 66 66 67 67 67 68
    67 67 67 67 67 67 68 67 66 66 65 65 66 65 66 65 65 66 65 65 65 64 64
    64 64 64 64 64 64 63 63 62 63 63 63 63 63 62 63 62 63 63 62 62 62 62
    62 63 62 62 63 63 62 63 64 65 64 65 65 65 65 65 66 65 65 66 65 66 65
    66 65 65 65 65 65 65 65 66 66 66 65 66 65 65 64 65 64 64 63 64 63 63
    63 63 63 64 62 61 61 61 61 61 60 60 60 61 60 60 61 61 61 61 62 62 62
    62 61 61 61 60 60 61 62 63 63 63 63 63 62 61 61 61 62 62 62 61 63 62
    63 62 62 62 63 63 64 63 63 63 64 64 63 62 62 62 63 63 63 62 62 62 62
    61 61 60 61 60 61 61 61 62 62 63 63 62 62 61 62 62 62 62 63 64 64 64
    64 65 65 65 65 63 64 65 64 64 64 63 63 63 63 63 63 62 62 62 62 62 62
    62 62 62 62 61 61 61 62 62 62 62 62 62 63 63 63 63 64 63 64 64 64 64
    63 63 64 64 64 65 65 65 66 66 66 67 67 66 66 66 66 67 66 66 66 66 67
    68 68 68 67 67 66 66 67 67 67 67 65 65 65 65 66 65 66 65 65 66 66 66
    65 65 64 64 65 65 65 65 65 64 64 64 64 64 64 63 63 63 63 63 63 63 62
    62 62 62 62 62 62 62 63 63 62 63 63 64 64 64 64 65 65 65 66 66 65 66
    65 66 66 66 65 66 66 66 66 65 65 66 66 66 65 66 65 66 64 65 65 64 63
    64 63 63 63 63 63 64 63 61 61 61 61 61 61 61 61 61 60 61 61 61 61 61
    62 62 62 62 62 61 61 60 60 61 62 63 63 63 63 63 62 62 61 61 62 62 62
    62 63 63 63 62 62 62 63 63 64 64 63 64 64 64 64 63 62 63 63 63 63 62
    62 63 62 61 61 61 61 61 61 61 61 62 62 63 63 62 62 61 62 62 62 62 63
    64 64 64 64 65 65 65 65 64 65 65 65 64 64 63 63 63 63 62 62 62 61 61
    61 61 61 61 61 61 60 60 59 60 60 60 60 60 61 61 61 62 62 62 63 62 63
    64 63 64 63 63 63 64 64 64 65 65 65 66 66 66 66 66 66 66 66 67 66 66
    67 66 67 68 68 68 67 67 67 66 67 67 68 67 66 65 65 65 66 65 66 65 65
    66 66 66 65 64 64 64 65 65 65 65 65 65 64 64 64 64 64 63 63 63 63 62
    62 63 61 61 62 62 62 62 62 62 63 63 62 63 63 64 64 64 64 65 65 65 66
    66 65 66 65 66 66 66 65 66 66 65 65 65 65 66 66 66 65 65 65 65 64 64
    64 64 63 63 63 63 63 63 63 64 62 61 61 61 61 61 60 60 61 61 60 60 60
    61 61 61 62 62 62 62 61 61 61 60 60 60 62 63 63 62 62 63 61 61 61 61
    61 62 62 61 63 62 63 62 62 62 63 63 64 63 63 63 63 64 63 62 62 62 62
    62 62 61 62 62 62 61 60 60 60 60 60 61 61 61 62 63 63 62 62 61 62 62
    62 62 62 64 64 64 64 65 65 65 65 64 65 65 65 64 65 64 64 63 63 63 63
    63 62 62 62 62 62 62 62 61 61 61 60 60 61 61 61 60 61 61 61 61 62 62
    63 62 64 64 64 64 63 63 64 64 64 65 65 65 66 66 66 66 66 66 66 66 66
    67 66 66 66 66 67 68 67 68 67 67 66 66 67 67 68 67 66 65 65 65 66 65
    66 66 65 66 66 66 65 64 64 64 64 64 64 65 65 64 64 63 64 64 64 63 63
    63 63 63 63 63 61 62 62 62 62 63 62 62 63 63 63 64 64 64 64 64 64 65
    64 64 65 65 65 65 65 66 65 65 65 65 65 64 64 64 64 65 65 65 64 65 64
    64 63 64 64 63 62 63 63 63 62 63 62 63 62 61 61 60 61 61 60 60 60 61
    60 60 60 61 61 60 61 61 61 61 61 60 60 60 60 60 62 62 63 63 63 63 62
    61 61 61 62 62 62 61 63 62 63 62 62 62 63 63 64 63 63 63 63 63 63 62
    62 62 62 62 62 62 62 62 62 61 60 60 60 60 60 61 62 62 62 63 63 63 62
    62 62 62 62 62 63 64 64 64 64 66 66 66 66 65 65 66 66 65 65 65 65 64
    64 64 63 63 62 63 63 63 62 62 62 62 61 61 60 60 61 61 60 60 60 61 61
    61 61 62 63 62 63 63 63 64 63 63 64 64 64 64 65 65 66 66 66 67 66 66
    66 66 66 67 66 66 66 66 67 67 67 67 67 66 66 66 67 67 68 67 66 65 65
    65 66 65 66 65 65 66 65 65 65 64 64 65 65 65 65 65 65 64 64 63 63 64
    64 63 63 63 63 62 62 63 61 61 62 62 62 62 62 62 62 63 62 63 63 64 63
    64 64 64 64 64 65 65 64 65 64 65 65 65 64 65 64 64 64 64 64 65 65 65
    64 65 64 64 63 64 64 63 62 63 62 63 62 63 62 63 62 61 61 60 61 60 60
    60 60 60 59 60 60 60 60 60 61 61 61 61 60 60 60 59 59 60 61 62 62 62
    62 62 61 61 61 61 62 62 62 62 63 62 63 63 63 62 64 63 64 64 63 63 64
    64 63 63 62 62 63 63 63 62 62 63 62 61 61 60 60 60 60 61 61 62 62 63
    63 62 62 62 62 62 62 62 62 63 64 64 63 65 65 65 65 65 65 66 66 64 64
    64 64 64 63 63 63 63 62 63 62 63 63 63 62 62 62 61 60 60 61 61 61 61
    61 62 62 62 62 63 63 63 64 64 64 64 63 63 64 64 65 65 66 65 67 67 67
    67 67 67 67 67 66 67 67 67 67 66 67 67 67 68 67 66 66 66 67 67 68 67
    66 65 65 65 66 65 66 66 65 66 66 66 65 65 64 65 65 65 65 66 65 64 64
    63 63 63 63 63 63 62 63 62 62 62 60 61 61 61 62 62 61 61 62 62 61 62
    62 63 63 63 63 63 63 63 64 64 64 64 64 65 64 64 64 64 64 63 64 63 63
    64 64 64 63 64 63 64 62 63 63 62 62 62 62 62 61 62 61 62 61 60 60 60
    60 60 60 60 60 60 59 60 60 61 61 60 61 61 61 61 60 60 60 59 59 60 62
    62 62 62 62 63 61 61 61 61 62 62 62 61 63 62 63 62 63 62 63 63 64 63
    63 63 64 64 64 63 62 62 62 63 63 62 62 63 63 61 61 60 60 60 60 61 61
    62 62 63 63 62 62 61 62 61 62 62 62 63 63 63 63 65 65 65 65 64 65 65
    65 64 64 64 64 63 63 63 63 63 62 63 63 63 63 63 63 62 62 62 61 61 61
    61 62 61 62 62 62 63 63 64 64 64 65 65 65 65 64 64 65 65 65 65 66 65
    66 67 67 67 67 67 67 66 66 67 67 66 66 66 66 67 67 67 66 66 66 66 67
    67 68 67 66 66 65 65 66 65 66 66 65 66 66 66 65 65 65 65 66 66 65 66
    65 65 64 63 64 64 64 64 63 63 63 62 62 62 60 61 61 61 61 61 61 61 62
    62 61 62 62 63 63 63 63 63 63 63 64 64 64 64 64 65 64 65 64 64 64 64
    64 63 63 65 64 64 63 64 63 64 62 63 63 62 62 62 62 62 61 62 61 62 61
    60 60 60 60 60 60 60 60 60 59 60 60 61 61 61 61 61 62 61 61 61 61 60
    60 61 62 62 62 62 63 63 62 62 61 62 62 62 62 62 63 63 63 62 63 62 63
    63 64 63 63 63 64 65 64 64 63 63 63 63 63 62 62 63 63 61 61 60 60 60
    60 61 62 62 62 63 63 62 62 61 62 61 62 62 62 63 64 64 63 65 65 65 65
    65 65 66 66 65 65 65 65 64 63 63 63 63 63 63 63 64 63 63 63 62 62 62
    61 61 62 62 62 62 62 62 63 63 63 64 65 64 65 65 65 65 64 64 64 64 65
    65 65 65 65 66 66 66 67 66 66 66 66 67 66 66 65 65 66 66 66 67 66 66
    66 66 67 67 68 67 66 66 65 65 66 65 66 65 65 66 66 66 65 65 65 65 65
    65 65 66 65 64 64 63 63 63 64 64 63 62 63 62 62 62 60 60 61 60 61 61
    60 60 61 61 60 61 62 63 63 63 63 63 63 63 64 65 64 65 64 65 65 65 65
    65 65 64 65 65 65 66 65 65 64 64 64 64 62 63 63 62 61 62 61 62 61 61
    61 62 61 59 60 59 60 60 59 59 60 60 60 60 60 61 61 61 62 61 62 62 61
    61 61 61 61 61 63 63 63 63 63 63 62 62 61 61 61 62 62 61 63 62 63 62
    62 62 63 63 64 63 63 63 63 64 64 63 62 62 62 62 62 62 62 63 62 61 60
    60 60 60 60 61 61 61 62 63 63 63 62 62 62 62 62 62 62 63 64 64 63 65
    65 65 65</data></my_img>
<your_img type_id="opencv-matrix">
  <rows>256</rows>
  <cols>256</cols>
  <dt>u</dt>
  <data>
    75 75 74 74 75 72 70 70 67 62 64 64 61 59 59 60 59 58 57 57 60 63 60
    60 63 65 63 63 62 62 63 63 61 60 60 60 58 57 58 59 59 60 60 61 63 63
    64 65 67 68 66 63 65 65 62 61 61 60 58 56 57 57 58 60 58 60 62 62 62
    63 66 68 68 67 68 68 67 68 68 68 66 65 67 65 62 61 60 61 63 63 63 63
    64 62 63 62 63 66 67 66 66 66 66 65 63 66 65 67 69 68 66 65 65 62 63
    65 67 67 66 65 63 61 61 61 60 64 60 60 60 61 61 61 59 62 62 61 60 57
    60 57 56 51 52 53 54 53 53 55 56 57 58 60 60 64 63 61 60 60 62 60 61
    61 57 58 59 57 55 57 57 56 55 56 56 56 59 57 57 59 60 59 61 65 64 63
    65 65 62 64 62 61 62 61 60 57 58 57 55 58 60 59 59 60 61 63 64 65 66
    70 72 69 66 68 70 67 67 68 67 68 67 64 63 64 68 66 67 68 67 64 62 62
    65 62 60 60 58 59 59 59 62 65 66 65 63 64 65 66 66 66 65 67 64 64 64
    64 64 66 75 75 74 74 75 72 70 70 67 62 64 64 61 59 59 60 59 58 57 57
    60 63 60 60 63 65 63 63 62 62 63 63 61 60 60 60 58 57 58 59 59 60 60
    61 63 63 64 65 67 68 66 63 65 65 62 61 61 60 58 56 57 57 58 60 58 60
    62 62 62 63 66 68 68 67 68 68 67 68 68 68 66 65 67 65 62 61 60 61 63
    63 63 63 64 62 63 62 63 66 67 66 66 66 66 65 63 66 65 67 69 68 66 65
    65 62 63 65 67 67 66 65 63 61 61 61 60 64 60 60 60 61 61 61 59 62 62
    61 60 57 60 57 56 51 52 53 54 53 53 55 56 57 58 60 60 64 63 61 60 60
    62 60 61 61 57 58 59 57 55 57 57 56 55 56 56 56 59 57 57 59 60 59 61
    65 64 63 65 65 62 64 62 61 62 61 60 57 58 57 55 58 60 59 59 60 61 63
    64 65 66 70 72 69 66 68 70 67 67 68 67 68 67 64 63 64 68 66 67 68 67
    64 62 62 65 62 60 60 58 59 59 59 62 65 66 65 63 64 65 66 66 66 65 67
    64 64 64 64 64 66 72 72 72 72 73 71 69 69 66 62 63 63 61 58 59 60 58
    58 57 58 61 64 62 62 64 66 64 64 64 63 64 63 61 60 60 59 57 56 56 57
    57 58 58 60 62 62 63 65 66 67 66 63 64 64 60 60 59 58 57 55 57 56 58
    60 59 61 62 62 63 64 65 67 67 68 68 68 68 67 68 67 65 64 65 64 62 60
    60 61 62 62 62 62 64 63 64 63 64 66 67 67 68 68 68 67 65 68 67 68 70
    68 67 66 65 62 62 64 66 66 65 64 62 60 61 61 60 64 60 61 60 60 61 61
    61 63 63 62 61 59 61 58 57 53 53 53 54 53 53 54 56 56 58 59 59 64 63
    61 60 61 63 61 62 63 60 60 61 59 56 58 58 56 56 57 56 56 58 57 57 58
    59 58 60 64 63 63 65 64 63 65 63 63 64 63 61 59 59 58 57 60 61 60 60
    60 62 64 64 65 67 70 72 69 66 68 69 66 66 67 66 67 66 63 63 64 67 65
    65 67 66 64 63 63 66 64 62 62 61 63 62 62 65 67 68 66 64 66 66 67 67
    66 65 67 66 66 66 66 66 66 70 70 70 69 72 69 69 68 66 62 62 63 61 58
    59 59 58 57 56 57 59 62 61 60 63 66 64 64 64 62 64 63 62 61 62 61 59
    57 57 58 58 60 60 61 63 62 62 65 66 67 66 63 63 62 59 58 58 58 57 56
    57 56 59 61 60 63 64 64 64 64 65 67 67 68 69 69 68 68 68 67 66 65 66
    65 62 60 59 59 61 60 61 61 62 62 63 62 64 67 67 67 67 68 68 67 66 68
    67 68 70 69 68 67 67 63 63 66 66 67 65 64 61 60 60 61 60 63 60 60 60
    60 62 62 61 63 63 62 61 60 63 59 57 54 53 53 54 53 53 55 56 56 57 58
    59 62 62 60 60 61 62 61 61 62 59 60 61 59 56 58 58 57 56 57 57 57 59
    58 58 60 61 60 62 65 64 63 64 64 62 63 62 61 62 59 59 57 57 57 56 59
    62 61 62 62 64 67 67 67 69 72 74 72 68 69 69 66 66 66 66 67 66 64 63
    63 66 63 64 66 66 64 64 63 66 64 62 63 62 63 63 63 65 67 67 65 64 65
    66 66 66 65 65 67 66 67 68 68 67 67 69 69 69 69 70 68 69 68 67 63 64
    64 62 59 59 59 58 57 56 58 59 62 61 60 63 66 65 65 64 64 66 64 65 63
    64 64 61 60 59 60 61 62 63 63 64 63 63 65 67 67 67 64 64 63 60 58 58
    57 57 56 57 57 59 61 61 63 65 65 66 67 68 68 68 69 69 69 68 68 68 68
    66 65 65 65 64 62 60 61 63 63 63 63 64 63 65 64 65 68 69 69 69 69 69
    68 67 69 68 68 69 68 67 65 64 61 62 65 65 66 65 65 63 62 62 63 61 65
    61 61 60 60 61 61 61 62 62 61 61 60 61 58 58 55 54 54 55 55 55 57 58
    58 59 60 60 62 62 60 59 60 61 61 61 62 60 61 62 61 59 61 61 60 60 60
    60 59 62 61 61 61 63 63 63 66 64 64 65 65 63 65 63 63 63 61 60 58 59
    59 58 60 62 61 62 63 64 67 67 68 69 72 73 70 68 69 69 67 66 66 66 67
    66 63 63 64 66 64 65 66 66 65 64 64 66 65 63 64 63 64 63 62 65 66 67
    66 64 64 64 64 64 63 64 67 65 67 68 67 66 67 67 67 66 67 68 66 67 67
    66 62 63 64 62 59 60 60 60 58 57 58 58 61 61 59 62 65 63 63 62 62 64
    63 64 63 63 63 61 60 60 61 62 64 63 65 65 65 64 67 68 68 68 65 66 64
    61 60 59 59 59 57 59 59 60 62 62 63 64 64 66 67 67 68 67 68 69 69 68
    69 69 69 67 66 66 67 66 63 63 63 64 64 64 63 64 63 64 63 64 67 68 68
    68 68 68 68 66 68 68 67 69 67 65 64 62 60 61 64 65 66 65 66 64 62 62
    63 61 63 60 59 59 59 59 59 59 61 62 60 61 60 62 60 60 57 56 56 57 56
    56 57 58 58 59 59 59 61 60 58 58 59 61 60 62 62 60 61 63 62 61 63 63
    62 62 63 61 61 63 63 63 63 64 64 64 67 65 64 65 64 63 64 62 63 63 60
    60 58 59 59 58 61 63 63 64 63 64 66 66 67 68 70 71 68 65 65 65 64 65
    66 66 67 66 64 65 65 67 65 66 67 66 65 64 64 66 64 64 64 64 65 64 63
    66 67 67 66 65 65 65 65 65 63 64 67 65 66 66 65 65 65 65 65 65 66 67
    65 65 66 65 61 62 63 62 59 61 60 59 58 57 58 57 60 59 57 60 63 61 62
    62 62 63 63 65 65 65 65 62 62 62 62 63 64 65 65 65 64 63 65 66 67 67
    65 66 64 62 61 61 60 61 59 60 60 61 62 62 63 64 64 65 65 66 66 65 66
    66 66 65 65 64 65 64 64 64 64 64 62 62 63 64 64 65 63 63 63 63 63 63
    66 67 67 67 67 68 68 67 67 67 66 68 66 65 64 63 61 61 64 65 65 64 65
    63 61 61 61 60 62 59 58 58 59 59 60 60 62 62 61 62 61 63 61 60 58 58
    58 58 57 57 59 60 60 60 60 60 62 60 59 59 60 62 61 62 62 61 62 63 61
    61 62 62 61 61 61 61 60 62 63 63 64 64 65 65 68 66 66 65 64 63 64 62
    62 62 60 59 57 57 58 57 60 63 62 64 63 64 65 66 67 67 69 70 66 64 64
    64 64 64 65 64 65 64 62 62 64 66 64 65 66 65 64 63 63 65 65 65 65 64
    66 64 63 66 67 67 66 66 66 65 66 65 64 66 68 66 67 67 67 66 66 61 61
    61 61 61 59 60 61 61 59 60 61 61 58 59 59 60 60 60 60 61 62 61 59 62
    64 63 64 63 64 64 64 65 66 66 67 65 65 64 64 64 65 66 67 67 65 64 65
    66 66 66 65 65 64 61 61 60 60 61 61 61 62 63 64 64 66 66 66 67 67 68
    67 67 67 68 68 67 66 66 67 65 65 65 66 66 64 63 64 65 64 64 62 63 62
    62 62 60 64 64 64 65 65 66 67 67 68 67 67 69 67 66 66 65 64 64 67 68
    68 68 69 67 66 66 66 64 65 62 61 60 61 60 60 60 61 61 59 60 59 61 59
    59 57 57 56 56 56 56 57 59 61 62 61 61 63 62 61 62 63 64 63 63 63 61
    62 63 61 60 61 61 59 59 58 58 57 58 59 60 61 62 63 63 65 65 65 65 64
    64 65 62 62 62 61 60 58 58 58 58 61 64 63 63 63 64 64 65 66 65 67 69
    65 62 64 63 64 63 65 65 66 66 64 64 65 66 64 65 66 66 65 63 64 65 65
    64 63 63 65 63 63 65 66 68 66 66 66 66 67 67 65 66 67 66 66 65 65 64
    64 60 60 60 60 60 58 59 60 60 58 59 61 60 58 59 59 59 60 59 59 59 61
    61 59 61 63 63 63 62 63 64 64 65 65 66 66 64 64 63 63 64 64 65 65 65
    63 62 63 64 64 64 63 64 64 61 61 61 61 62 62 62 64 65 66 66 67 67 66
    66 66 67 67 66 65 66 66 64 63 63 65 64 64 64 65 66 64 64 65 65 65 67
    64 65 65 64 64 62 65 64 64 65 64 65 66 65 64 64 63 65 64 64 64 64 63
    63 65 66 66 66 69 67 65 65 65 64 65 62 61 60 62 62 61 61 63 63 62 63
    62 64 62 61 59 60 59 58 58 58 58 60 61 62 62 61 63 62 62 63 63 64 64
    63 63 62 62 63 61 59 60 59 58 58 57 57 56 57 58 59 60 62 63 64 67 66
    66 65 65 64 64 62 61 61 60 59 57 57 57 57 60 63 61 63 63 64 63 65 66
    65 66 69 65 62 64 63 63 62 63 62 62 62 61 60 63 63 61 63 64 65 64 63
    64 65 67 67 66 67 68 66 65 67 68 69 67 68 67 66 66 65 64 65 66 64 63
    63 64 62 62 60 60 59 59 60 58 58 59 59 58 59 61 60 58 59 60 61 62 61
    62 61 63 62 60 61 63 62 61 61 61 62 62 64 64 65 65 64 65 65 66 66 67
    67 67 67 65 63 64 65 64 65 64 65 65 63 64 63 63 65 64 65 66 67 66 67
    67 67 65 66 65 66 66 65 65 65 66 65 64 64 66 66 66 66 66 67 65 65 66
    67 67 68 64 64 64 63 63 61 63 63 63 63 63 63 65 64 64 64 64 66 65 65
    64 64 63 63 65 66 65 65 68 65 64 63 63 62 63 61 59 59 61 61 59 60 61
    61 60 62 61 63 62 61 59 60 59 58 58 58 58 60 62 62 62 60 62 61 62 63
    63 63 63 63 63 62 62 63 61 61 61 60 60 59 59 59 57 57 59 60 61 62 63
    64 67 66 66 65 65 64 64 62 61 62 62 60 57 58 57 57 60 63 63 64 64 63
    62 63 65 64 65 68 63 61 62 60 61 61 62 62 62 63 62 61 63 63 62 64 65
    65 64 63 63 64 66 66 65 66 68 66 65 68 69 70 68 69 68 67 66 66 63 64
    64 62 62 60 60 60 59 60 60 59 59 59 57 58 59 60 59 59 61 60 58 59 58
    60 61 60 61 60 61 61 58 59 61 61 61 60 60 63 63 65 65 66 67 66 67 66
    68 69 69 69 68 68 66 64 65 65 65 66 64 65 66 64 64 63 63 65 64 65 65
    66 65 66 66 66 65 67 67 67 66 66 65 65 66 64 63 63 65 64 64 64 66 67
    66 65 66 67 67 68 65 65 64 63 62 61 62 61 62 62 62 63 64 63 63 64 63
    64 65 65 64 63 62 62 65 65 65 65 68 67 65 65 66 64 64 62 61 61 63 62
    60 62 62 61 60 62 62 64 63 63 61 63 61 61 61 61 61 63 64 64 63 62 63
    62 62 63 63 63 64 63 63 62 62 63 63 62 63 62 60 60 60 60 58 58 60 61
    60 61 63 64 66 65 65 63 63 64 64 63 62 63 62 61 58 60 60 59 62 64 64
    64 65 63 62 64 65 63 64 67 62 60 60 59 61 61 61 62 62 62 62 61 64 63
    62 64 65 65 65 63 64 64 66 67 66 67 68 65 64 67 68 69 68 68 67 66 65
    65 63 64 64 62 61 60 60 60 59 58 58 56 57 56 55 57 57 59 60 60 62 61
    58 59 58 60 61 60 61 60 60 60 57 59 61 61 61 59 60 62 63 64 66 66 67
    66 67 67 69 69 69 70 68 68 65 64 64 65 64 65 64 65 66 63 63 61 62 65
    64 64 65 65 64 65 65 66 66 67 67 67 66 65 64 65 66 64 63 63 64 63 64
    64 66 67 67 67 66 67 67 68 66 66 65 64 62 61 62 61 61 62 62 62 63 63
    63 63 63 64 63 64 64 62 63 63 64 64 64 64 67 66 66 66 67 64 64 62 61
    62 63 63 62 62 63 61 60 63 64 66 65 64 63 64 63 62 62 62 63 64 65 65
    63 62 62 62 63 64 64 64 64 63 64 62 63 64 63 62 62 61 61 61 59 60 57
    57 60 61 61 63 64 65 66 66 66 64 65 65 64 62 61 62 61 59 58 59 60 59
    62 65 65 66 66 64 64 66 66 64 64 67 63 60 60 60 62 62 61 62 63 64 64
    63 65 65 63 65 66 65 65 64 64 64 65 66 66 67 68 66 65 69 69 70 69 69
    68 67 66 65 63 63 63 61 61 60 60 60 59 57 57 56 56 55 54 56 56 59 60
    59 61 61 58 59 57 60 60 60 61 59 59 60 57 58 61 61 62 60 61 63 63 65
    66 65 67 66 66 66 67 67 68 68 67 67 64 63 64 65 64 65 65 66 66 64 63
    62 63 66 66 66 66 66 65 66 66 67 67 68 68 67 65 64 64 64 65 64 63 62
    64 63 62 63 66 67 66 67 66 66 67 67 65 65 66 63 61 60 62 60 61 63 62
    62 63 63 63 63 63 64 63 63 63 61 62 61 63 63 62 62 65 64 64 64 65 63
    62 62 60 61 63 63 61 63 64 62 61 64 65 66 66 65 65 66 64 63 62 63 63
    65 65 65 63 63 62 62 62 63 63 63 65 64 65 64 64 65 65 64 64 63 63 63
    61 61 59 58 61 63 63 64 65 66 66 65 66 65 64 64 63 61 60 61 61 60 59
    59 60 59 63 66 66 67 67 66 66 67 67 66 65 69 65 62 62 61 62 62 62 63
    63 64 64 64 66 65 64 66 67 67 67 66 66 65 66 66 67 69 71 69 68 70 70
    72 70 71 71 70 69 67 64 64 64 62 63 61 60 60 59 55 55 55 55 54 54 56
    57 60 61 60 62 63 60 60 59 61 60 60 61 59 60 61 57 58 60 61 60 59 60
    62 63 65 66 66 68 67 68 67 69 69 69 70 69 68 65 63 63 64 63 64 64 65
    65 63 63 62 63 67 67 67 67 67 66 66 66 66 66 66 66 65 63 61 62 63 64
    62 62 61 63 63 62 62 65 66 65 66 66 66 67 67 64 64 65 63 61 61 63 61
    62 62 61 62 63 63 62 63 62 61 60 61 61 59 61 61 62 61 61 61 65 64 64
    65 65 63 62 61 61 63 64 64 63 64 64 63 62 66 67 68 67 67 67 68 66 65
    64 66 65 66 66 65 64 63 63 63 63 64 63 63 66 65 66 66 65 66 65 65 65
    65 66 65 62 62 60 59 63 65 65 66 67 67 67 66 66 66 65 64 63 61 61 61
    60 59 58 59 61 60 63 67 67 68 67 66 66 68 69 69 67 69 66 63 62 61 63
    63 62 62 62 64 64 64 66 65 65 67 68 68 68 67 66 65 67 68 69 71 73 70
    69 70 69 70 70 71 70 69 67 66 63 63 63 63 64 62 61 61 60 57 57 57 56
    56 55 57 57 61 60 61 62 62 59 59 58 61 61 59 60 58 59 60 57 57 59 60
    60 58 60 61 62 64 65 65 66 66 68 67 69 68 69 70 69 67 65 63 64 64 64
    65 65 67 67 64 64 64 65 68 68 68 68 67 66 66 65 66 66 66 66 65 63 61
    61 62 63 63 63 62 64 65 65 65 67 68 67 68 67 68 68 67 64 64 65 63 61
    61 64 62 63 63 61 63 63 63 62 63 62 62 60 60 60 58 61 61 62 61 61 61
    65 64 65 66 66 65 62 62 61 63 64 63 62 63 64 62 61 64 66 67 67 68 69
    70 68 67 66 68 67 68 68 67 65 65 63 63 62 63 63 62 65 65 66 66 66 66
    65 65 65 65 67 66 63 62 60 60 64 66 66 66 67 67 65 64 65 64 64 61 60
    57 58 58 58 57 57 58 59 58 61 65 65 66 65 65 65 67 68 68 67 69 66 64
    63 62 64 65 63 64 63 64 64 64 66 65 66 68 69 68 69 68 67 66 67 68 68
    70 71 68 67 68 68 69 69 70 69 69 68 66 63 63 63 62 62 60 59 58 58 57
    57 57 57 56 55 57 57 60 61 61 62 64 61 62 62 64 63 63 63 61 62 62 59
    58 59 59 58 57 59 60 61 64 64 64 65 66 68 68 70 70 70 71 70 68 66 64
    64 64 63 65 64 66 67 64 64 64 65 68 69 69 69 67 66 65 64 66 66 65 64
    64 62 60 59 60 62 61 61 60 62 62 62 62 66 67 67 68 67 68 68 68 65 66
    67 64 62 62 64 62 63 63 61 62 63 62 61 63 63 62 61 60 60 59 61 62 63
    62 62 61 65 65 66 67 66 65 63 62 61 62 64 63 61 62 63 62 62 65 66 67
    69 69 70 71 70 69 67 69 68 68 68 68 66 65 63 62 62 62 63 62 66 65 66
    66 67 68 67 67 67 68 68 68 64 63 60 61 64 65 65 65 66 65 64 63 63 64
    63 61 59 56 57 58 57 56 57 58 60 58 61 64 64 65 64 63 63 65 68 67 65
    68 65 64 63 63 66 66 64 65 63 64 64 63 67 65 66 67 67 67 68 66 67 65
    65 66 66 69 70 67 68 69 68 69 69 71 71 70 69 67 65 64 63 62 63 60 59
    60 59 56 56 56 56 57 56 57 58 60 60 61 62 64 63 63 62 64 63 62 62 61
    61 62 59 57 57 57 57 56 58 59 60 62 62 62 63 65 66 68 69 69 68 70 69
    68 66 64 65 64 64 65 64 66 67 65 64 65 66 68 68 69 69 68 66 65 64 65
    66 65 64 65 63 61 59 60 62 62 61 59 61 61 60 61 64 65 65 67 66 67 67
    66 64 65 66 64 61 61 62 61 62 61 60 62 62 62 61 62 63 63 62 61 61 59
    62 62 63 62 62 62 65 65 66 67 67 66 64 62 62 63 64 64 61 63 63 63 62
    64 66 67 68 69 69 70 69 67 66 67 66 66 68 68 66 66 65 64 65 65 65 64
    67 67 67 66 66 66 65 65 65 65 67 66 63 62 59 60 63 63 65 64 65 65 63
    62 62 63 64 61 59 57 57 58 58 57 57 59 60 58 60 64 64 64 64 63 63 64
    67 66 64 67 65 64 62 63 65 65 64 65 63 65 65 63 65 64 65 67 67 66 67
    66 66 65 65 66 66 68 70 67 67 68 67 68 67 68 69 69 68 67 65 63 63 61
    63 60 60 61 60 59 59 59 59 59 59 60 60 62 63 64 64 66 65 65 64 66 65
    65 65 64 64 63 61 59 58 59 60 57 59 59 60 61 62 62 63 65 66 67 67 68
    67 68 66 65 63 61 62 62 62 62 62 63 65 63 63 64 65 67 67 67 68 67 65
    64 64 65 65 64 64 64 63 61 60 61 62 62 61 59 61 60 61 61 63 64 65 66
    66 67 68 67 66 67 67 65 62 62 62 60 60 59 58 60 60 60 60 60 62 61 60
    60 61 59 62 62 62 61 60 60 63 63 65 66 67 67 64 63 63 64 65 65 63 64
    63 63 61 62 64 65 66 67 67 68 67 66 65 67 67 67 68 68 67 67 67 66 67
    67 67 66 69 68 68 67 66 66 65 65 65 65 66 65 62 62 59 60 63 63 63 64
    64 65 62 62 62 63 64 60 58 57 56 58 59 57 57 58 60 57 60 63 63 63 63
    62 62 63 67 66 65 68 65 65 64 64 65 66 64 65 64 65 65 63 66 65 66 68
    67 67 67 66 67 65 66 67 67 69 71 69 70 70 69 70 68 69 69 70 67 66 64
    62 60 60 61 58 58 59 57 61 61 60 60 62 62 62 62 63 63 64 65 67 66 66
    66 66 66 65 66 65 65 65 63 60 60 60 60 58 59 60 60 61 61 61 61 63 63
    65 65 66 65 66 65 64 62 61 62 62 63 63 62 64 66 63 63 65 66 68 68 68
    68 68 66 65 64 66 65 64 64 64 63 62 60 62 63 64 63 61 63 62 62 62 63
    63 65 65 65 66 66 65 65 66 66 65 62 62 62 59 59 57 56 58 57 57 57 57
    59 58 58 57 57 56 59 60 60 59 59 59 62 63 65 67 68 67 64 64 63 64 65
    65 62 63 63 63 62 64 65 66 67 68 68 69 68 67 66 67 66 66 67 68 67 67
    67 65 67 66 66 64 68 67 68 67 65 66 64 65 64 65 66 65 62 62 59 59 62
    62 62 63 63 63 61 60 60 62 63 60 59 58 58 59 59 58 58 60 61 58 61 64
    64 63 63 62 63 64 66 66 65 68 65 65 65 66 66 67 65 67 66 67 68 66 68
    67 67 69 69 70 70 67 67 66 66 66 67 69 71 68 69 68 68 69 68 68 68 68
    66 65 62 60 59 59 60 56 57 58 56 61 61 62 61 63 63 63 63 64 63 64 65
    67 65 64 64 64 64 63 63 61 62 62 61 58 57 57 57 55 56 57 58 59 60 59
    60 62 63 65 66 66 65 66 65 64 62 60 61 61 62 62 62 63 65 63 64 65 66
    69 69 68 67 66 65 64 63 65 64 63 63 63 62 61 59 60 61 63 63 61 63 63
    63 62 63 62 64 65 64 65 64 64 64 64 64 63 61 61 61 60 60 59 57 58 57
    57 57 57 59 58 57 56 56 55 58 59 58 57 57 57 59 60 62 64 64 64 61 61
    61 62 63 63 62 64 64 64 64 66 68 68 69 69 69 70 69 68 66 66 65 65 65
    66 66 65 66 64 65 63 64 63 67 66 66 66 65 66 65 66 66 67 69 68 65 66
    62 63 66 64 65 65 64 65 62 60 60 62 63 60 59 57 58 58 59 57 58 59 61
    58 61 63 63 64 64 62 64 65 68 69 67 69 67 67 66 66 66 67 65 66 64 65
    66 64 66 65 66 67 67 67 67 65 65 63 63 65 66 68 69 68 68 68 67 68 68
    67 68 67 64 63 61 58 58 59 59 56 57 58 56 63 63 63 64 65 65 65 65 65
    65 65 66 67 67 66 65 66 65 64 65 63 63 63 62 59 58 57 58 56 57 58 58
    60 61 60 61 63 63 66 66 67 65 66 65 64 61 60 60 60 62 62 62 62 64 62
    62 64 65 68 68 68 67 66 64 63 62 64 63 62 62 61 60 60 59 59 60 63 62
    61 63 63 62 62 63 62 64 65 65 64 63 63 63 63 63 62 60 60 60 59 60 59
    59 60 58 60 60 61 63 62 60 59 59 57 60 60 60 58 58 58 59 60 62 63 62
    62 60 60 60 62 62 62 61 63 62 63 63 64 66 66 67 68 68 70 69 69 66 67
    67 66 67 67 66 66 67 64 65 62 63 62 65 66 66 66 65 66 65 67 67 68 70
    69 66 66 63 64 66 66 66 66 65 65 62 61 61 63 64 62 60 59 59 60 60 59
    60 62 63 61 62 65 65 65 64 63 65 67 69 70 68 70 68 68 67 67 68 69 66
    67 65 66 67 66 67 67 67 68 68 67 67 64 64 62 61 61 62 64 65 64 65 64
    64 66 67 66 67 68 66 65 63 60 61 61 62 59 59 61 60 65 65 65 65 66 66
    66 66 66 66 67 66 68 68 68 67 67 65 65 65 64 63 62 62 59 58 58 58 57
    58 59 58 59 61 60 60 62 61 63 64 65 63 65 64 63 60 59 59 60 61 61 61
    61 62 60 60 63 64 66 66 66 66 65 63 63 62 64 63 62 62 62 61 61 59 59
    60 63 62 60 62 61 61 61 62 62 64 64 65 64 63 63 64 64 65 64 62 62 62
    61 61 61 60 61 60 60 59 59 62 61 59 58 59 56 60 60 59 57 58 58 59 59
    61 62 62 62 59 59 59 61 61 60 60 62 61 62 62 62 65 65 66 66 66 69 68
    68 66 67 67 67 67 67 67 68 68 65 66 63 64 63 66 66 67 67 65 66 66 67
    66 68 70 69 66 66 62 64 67 66 67 68 67 66 63 62 62 64 66 63 62 60 60
    60 60 60 62 62 64 61 63 65 65 65 64 64 66 67 69 70 69 71 69 69 68 69
    69 70 68 68 67 67 68 67 68 67 68 68 67 67 67 64 64 62 61 62 63 64 64
    64 64 63 63 65 65 65 66 67 64 64 62 59 60 62 63 60 59 60 59 64 64 64
    64 65 65 66 66 65 65 67 67 69 70 70 68 68 67 67 67 66 66 64 64 62 60
    59 59 58 60 59 58 59 60 60 59 60 59 61 62 62 61 63 63 62 60 57 58 59
    61 60 60 61 61 60 61 63 64 66 66 67 67 66 65 64 63 64 63 62 62 63 60
    59 58 60 61 64 64 62 63 63 63 62 63 63 64 64 65 64 63 64 64 64 65 65
    64 64 65 64 63 62 62 63 62 63 62 61 63 63 60 59 60 58 60 60 59 57 58
    58 58 58 59 60 60 60 58 57 58 59 60 59 59 61 61 62 62 62 64 63 64 65
    66 67 67 67 66 66 66 65 66 66 67 67 67 65 66 65 65 64 67 68 68 69 67
    68 67 67 67 68 70 69 67 66 63 65 67 66 68 69 69 68 65 64 64 67 68 64
    62 61 61 60 60 60 60 61 62 59 61 63 63 64 63 63 64 66 68 69 69 69 69
    69 68 69 70 69 68 68 67 67 68 68 67 67 68 68 67 67 68 66 66 64 62 62
    63 64 65 64 65 63 62 64 64 65 66 67 66 65 62 61 61 64 65 62 61 61 61
    67 67 67 68 68 68 69 69 68 67 68 68 70 71 71 70 69 67 67 67 67 67 65
    65 62 59 58 58 59 60 60 60 61 60 61 60 60 59 62 61 61 61 61 61 60 59
    56 58 59 61 60 59 60 61 61 62 64 65 67 68 68 68 68 66 66 64 65 64 62
    62 63 61 60 59 61 61 65 65 63 64 64 64 63 63 63 64 64 65 64 62 63 63
    62 63 63 63 63 64 63 62 61 62 63 62 63 63 63 65 64 61 61 61 59 61 60
    59 58 58 59 59 59 61 60 59 60 58 58 58 59 59 58 58 60 60 63 62 62 63
    63 63 64 65 66 65 65 64 65 65 65 66 67 67 67 67 64 65 63 65 63 66 67
    66 67 66 67 66 68 67 68 69 69 66 66 63 65 68 65 67 68 68 67 65 63 63
    65 67 62 60 59 59 58 58 58 58 60 61 59 60 63 63 65 64 65 66 67 69 71
    71 71 70 70 70 70 71 71 70 70 67 67 67 68 67 67 68 67 66 67 68 66 67
    65 63 63 65 64 65 65 65 63 61 62 62 63 65 66 64 64 62 60 61 64 64 63
    62 62 61 65 65 65 65 66 66 66 65 65 65 66 67 67 69 70 70 69 68 68 68
    68 68 66 66 63 61 59 60 60 61 61 60 60 60 61 60 61 60 62 61 61 60 60
    60 59 59 56 57 58 60 59 58 58 60 60 61 63 63 65 66 67 67 66 65 65 64
    65 63 62 61 62 60 59 58 60 61 64 63 61 64 65 65 64 64 64 65 65 66 65
    63 64 64 63 64 65 65 64 65 64 63 62 63 65 63 64 63 62 64 64 60 60 61
    60 60 59 59 58 59 60 60 60 62 62 61 61 60 59 60 59 60 58 58 60 59 61
    61 61 62 62 62 64 64 65 65 66 65 65 66 66 68 68 69 69 69 67 68 66 66
    63 65 65 65 65 64 65 65 66 65 67 68 68 65 66 64 67 69 66 67 68 68 67
    66 65 65 66 68 63 61 61 61 59 59 60 59 60 61 59 60 62 63 64 63 64 65
    67 69 71 70 70 69 69 68 68 70 70 69 69 66 67 67 67 67 67 68 68 66 66
    67 66 67 65 64 64 65 64 65 65 65 64 62 63 63 64 64 66 64 64 62 61 61
    64 65 63 62 62 62 65 65 65 66 65 65 66 65 65 64 65 66 67 68 69 69 68
    68 68 68 68 69 67 67 64 61 59 60 61 61 60 60 60 59 60 60 62 61 63 62
    61 61 61 60 60 59 56 57 57 59 58 57 59 60 60 61 64 64 65 66 67 67 67
    66 66 65 67 64 63 63 64 63 62 60 61 62 64 64 61 64 65 66 65 64 64 66
    66 66 66 64 65 65 64 64 64 64 64 64 63 63 63 64 64 63 64 64 63 65 66
    63 63 62 61 61 61 60 60 59 61 60 60 62 62 62 62 61 60 61 60 61 59 58
    60 60 61 60 60 61 61 61 62 63 64 63 63 63 63 64 63 65 66 67 67 67 65
    67 66 66 64 65 65 66 65 65 66 65 66 64 65 67 68 65 66 63 65 68 65 66
    68 67 66 65 63 63 64 67 63 61 60 60 59 59 59 59 60 61 59 59 61 62 64
    62 63 64 65 67 68 68 69 69 69 68 68 70 70 69 69 67 67 67 66 66 65 66
    66 64 64 64 63 64 63 62 62 62 62 62 62 63 62 61 62 63 63 64 66 64 64
    63 61 62 65 65 63 62 62 61 64 64 63 64 64 65 65 65 64 65 65 67 67 68
    69 69 68 68 68 69 69 69 68 67 64 62 60 61 62 62 62 62 61 61 62 62 64
    62 64 63 62 61 61 59 60 58 56 56 56 58 57 56 57 59 59 60 62 62 64 65
    66 66 66 66 66 65 66 64 63 63 64 62 61 60 60 60 62 62 60 63 64 64 63
    63 63 65 65 66 65 63 64 64 63 63 64 64 64 64 63 63 62 63 63 62 63 64
    63 65 65 63 63 62 61 61 60 60 60 59 60 60 60 62 62 61 62 61 61 61 61
    61 60 60 60 59 61 61 61 61 61 60 61 61 62 61 62 62 63 63 63 65 65 66
    66 66 65 66 64 64 62 64 64 65 64 63 65 64 64 63 64 66 67 65 66 63 65
    68 65 66 69 68 67 66 65 64 65 67 64 62 61 61 59 60 61 61 60 61 60 61
    63 64 67 66 67 67 67 69 71 70 70 69 68 67 66 68 66 66 66 64 65 65 65
    65 64 65 65 63 63 63 62 62 62 61 61 61 61 62 62 63 62 60 62 63 64 65
    66 65 65 64 63 63 66 67 64 64 64 63 66 66 65 66 65 65 65 66 65 64 64
    65 65 67 67 67 66 66 67 67 68 68 68 67 65 63 61 62 64 62 62 61 60 59
    60 60 61 60 62 61 59 58 58 57 58 57 56 56 56 58 57 57 59 61 61 62 63
    63 65 66 67 67 68 67 67 66 68 66 65 66 66 64 63 62 62 62 63 63 61 64
    65 65 64 64 64 66 66 67 66 64 65 65 63 62 64 63 63 64 63 62 63 64 64
    64 64 66 64 66 66 63 63 63 62 62 61 60 61 60 61 61 61 62 62 61 63 62
    61 63 62 62 61 60 61 60 61 61 60 61 61 60 60 60 60 60 61 60 61 62 62
    63 64 65 66 67 67 68 67 67 65 66 65 67 66 64 64 63 63 62 63 63 64 63
    64 61 63 66 65 66 68 67 66 65 65 65 65 67 64 62 62 62 60 61 62 62 61
    61 61 62 64 65 68 65 66 67 68 69 71 71 70 69 69 68 66 68 67 66 66 64
    64 65 66 65 64 65 65 64 65 64 63 63 63 62 62 62 62 62 63 63 61 61 64
    64 63 64 65 65 65 64 62 63 66 66 63 62 62 61 63 63 62 64 63 63 62 64
    63 63 64 65 66 67 68 67 66 67 68 68 67 69 68 67 66 64 62 63 65 63 63
    63 62 60 61 60 60 59 61 60 58 58 57 55 57 56 54 55 55 57 56 56 58 60
    59 60 61 61 63 64 65 65 66 66 65 64 65 64 63 63 63 61 61 59 60 59 61
    62 61 63 64 66 65 65 64 67 66 67 66 64 65 65 64 63 65 65 65 64 63 62
    63 64 63 63 62 63 62 64 64 62 63 64 62 62 62 61 63 62 62 62 62 62 62
    61 62 61 61 62 60 61 60 60 60 60 61 61 59 61 62 60 61 61 61 60 61 62
    63 63 64 65 64 66 66 66 66 67 66 67 64 65 64 66 66 64 64 63 63 64 63
    63 64 63 64 61 62 66 65 65 67 66 65 65 64 64 64 65 63 61 59 60 59 60
    61 61 60 60 61 62 63 65 68 65 66 66 67 67 69 69 68 67 67 66 64 67 66
    65 65 64 64 66 66 66 65 66 65 65 65 65 64 63 63 63 63 62 63 62 63 62
    61 60 63 64 64 64 65 64 64 63 61 61 64 64 61 59 58 58 64 64 64 65 64
    63 63 64 64 64 64 65 65 65 67 66 65 66 67 67 66 67 67 66 65 64 61 62
    64 62 62 62 61 59 59 59 59 59 60 60 58 58 58 57 59 58 57 57 56 57 56
    56 59 60 59 60 61 61 62 65 67 67 68 68 66 66 68 67 66 66 65 62 61 60
    60 60 62 62 61 63 64 64 64 65 64 66 65 66 64 62 63 63 62 61 64 64 64
    64 63 63 64 65 65 64 64 65 64 65 66 65 65 65 64 63 63 62 63 63 64 63
    63 63 63 61 62 61 61 62 61 60 59 60 60 59 59 60 59 60 61 60 60 61 61
    60 61 61 62 63 65 65 64 65 66 65 65 66 66 66 64 64 63 65 66 65 65 64
    63 63 62 63 64 63 64 61 63 65 65 67 69 68 67 67 67 66 65 67 64 63 62
    62 61 61 61 62 60 60 62 62 64 64 66 64 65 66 67 67 68 68 66 66 66 65
    64 67 66 65 64 63 64 65 65 66 64 65 64 63 63 62 61 61 60 60 60 59 59
    58 59 59 57 58 61 62 63 63 64 64 65 64 62 62 65 65 61 59 59 59 65 65
    65 65 63 62 62 64 65 65 65 65 65 66 67 67 67 68 69 69 68 69 69 68 67
    66 64 64 65 64 63 64 62 60 61 60 60 60 61 60 58 58 58 55 58 56 55 55
    54 54 54 54 56 58 57 58 58 59 60 63 66 66 67 67 66 66 66 66 65 65 64
    61 60 60 59 59 61 61 60 63 64 65 65 67 66 68 67 69 67 65 66 65 64 63
    65 65 65 65 65 64 65 67 66 66 66 67 65 67 68 67 67 67 66 65 65 64 64
    64 64 64 63 63 63 60 61 61 60 61 61 60 59 59 58 59 58 59 58 59 61 59
    59 60 60 59 60 60 62 63 64 64 63 64 64 63 64 65 64 64 62 61 61 63 64
    63 63 63 63 63 62 64 65 65 66 62 64 67 67 68 70 69 69 69 68 67 66 68
    65 64 62 61 60 60 61 61 60 61 62 62 63 63 66 64 65 66 66 66 66 67 65
    65 65 64 63 66 65 64 63 62 63 62 63 63 61 63 62 61 60 60 59 60 59 59
    58 58 59 57 59 60 59 59 62 63 63 64 64 64 66 65 63 62 65 65 62 59 60
    60 65 65 65 65 62 62 63 64 66 67 67 68 67 68 69 70 70 71 72 72 72 73
    72 71 70 70 67 67 68 66 65 65 63 61 61 60 60 60 60 58 57 57 57 54 57
    54 54 54 54 55 55 55 58 58 58 59 59 61 61 63 66 65 66 67 65 66 65 66
    66 65 64 62 61 60 60 60 62 62 62 64 65 65 65 66 66 66 65 67 66 64 64
    64 63 63 65 65 65 66 66 65 65 67 68 66 66 67 66 66 69 67 67 67 66 65
    64 64 64 64 65 64 63 63 64 62 62 61 60 62 61 60 59 57 57 58 57 58 57
    58 61 60 60 61 62 61 61 61 63 64 65 66 64 64 64 63 62 63 64 63 61 61
    60 62 62 61 62 62 62 61 61 62 64 63 63 60 62 64 64 65 67 67 67 67 67
    66 66 69 66 66 65 63 62 62 62 62 62 62 63 62 64 63 66 63 64 65 65 64
    64 65 63 63 64 63 62 66 65 65 64 64 65 64 64 64 63 64 63 63 62 61 61
    61 61 60 59 59 60 57 58 58 58 58 61 62 62 63 63 64 66 65 64 63 66 67
    64 61 63 64 64 64 65 65 62 61 62 64 66 66 67 67 67 68 69 69 70 70 71
    72 72 72 71 70 69 69 66 66 67 65 64 64 62 62 63 62 61 61 61 60 58 59
    60 57 59 57 55 55 55 56 57 57 60 60 60 60 60 61 62 64 66 65 66 66 65
    65 65 67 66 66 65 62 61 61 62 62 64 63 63 64 66 66 65 66 65 66 65 66
    66 64 64 63 62 62 64 65 66 66 66 64 64 66 66 65 66 65 64 65 66 64 64
    65 64 64 63 62 63 64 64 64 63 63 64 63 63 62 61 62 61 59 58 58 57 58
    57 57 58 59 61 61 61 63 63 62 62 62 64 64 65 65 65 64 63 61 61 62 62
    62 59 59 58 59 59 59 60 60 60 60 59 61 62 62 62 59 61 63 62 63 64 63
    63 63 63 62 62 64 62 62 61 60 60 60 59 60 59 60 60 61 62 62 65 63 62
    63 64 63 63 64 63 61 63 62 61 65 64 63 63 64 65 65 64 66 63 65 64 64
    64 63 63 62 62 62 62 61 62 60 61 60 60 60 62 63 63 63 62 64 65 65 64
    63 65 65 63 60 62 63 62 62 63 64 61 61 62 64 67 68 68 69 69 69 70 70
    71 71 72 73 72 73 72 71 70 70 66 67 68 67 66 67 65 64 65 64 64 63 64
    62 61 61 61 57 59 58 56 56 56 57 57 57 60 60 60 61 61 62 63 66 67 65
    67 67 66 67 66 68 67 67 65 63 62 63 62 62 63 62 62 64 66 66 64 66 65
    66 65 67 67 65 65 63 62 62 64 64 65 66 66 65 65 66 66 65 66 66 65 65
    65 64 64 65 64 64 63 63 63 64 65 65 65 65 66 65 65 65 63 65 64 62 61
    60 60 61 60 60 60 61 63 63 64 66 66 64 63 63 65 64 65 66 65 64 63 61
    60 62 62 62 59 59 58 58 58 58 60 60 60 59 58 59 60 60 61 58 59 61 59
    61 62 62 62 63 63 62 61 63 62 62 62 61 60 60 59 60 59 60 61 62 63 64
    65 63 63 64 65 65 64 64 62 60 61 59 59 63 63 61 61 62 63 63 64 65 63
    65 65 66 65 65 64 63 64 64 63 62 64 61 62 61 62 62 64 65 63 63 63 65
    66 66 66 64 65 65 64 62 65 65 63 63 65 64 62 61 62 64 66 66 66 66 67
    66 67 68 68 69 70 71 70 71 70 71 69 70 66 67 68 66 65 66 65 64 65 64
    65 64 64 63 61 61 61 58 59 58 57 56 55 56 56 57 58 59 59 59 59 61 62
    65 66 64 66 67 66 67 66 68 67 67 65 64 64 64 63 62 63 61 62 64 66 65
    63 64 64 64 65 66 66 64 64 61 60 60 62 62 63 63 63 62 63 63 65 64 65
    64 64 64 65 64 64 64 63 63 63 63 63 64 65 65 66 66 67 66 67 65 64 66
    65 63 61 61 60 61 59 61 60 61 62 62 62 65 65 63 62 61 64 63 65 66 65
    65 63 61 60 62 61 61 59 58 57 57 57 57 59 59 60 60 59 60 61 61 62 60
    61 63 61 63 63 62 63 62 63 61 61 63 61 61 61 59 60 60 59 60 59 60 61
    62 63 63 64 63 62 63 64 64 63 64 62 60 60 58 58 62 63 62 61 62 64 64
    64 66 64 66 66 67 65 64 63 62 63 63 62 61 63 61 61 61 61 62 64 64 63
    63 62 63 65 64 63 61 63 62 61 59 61 62 60 60 63 63 60 59 60 62 65 65
    65 66 67 66 67 68 70 70 72 72 70 70 70 70 68 69 66 66 66 64 63 63 63
    62 63 62 63 63 63 62 61 61 61 59 60 59 58 56 55 54 54 55 57 57 57 57
    57 59 60 63 64 63 64 66 64 66 65 67 66 66 65 63 63 64 62 60 61 60 60
    63 65 64 63 65 64 64 65 66 66 65 65 63 61 61 63 64 64 64 65 65 65 65
    65 64 66 64 64 64 65 65 63 64 62 63 63 63 63 64 65 64 65 64 66 66 67
    65 64 66 64 62 61 61 59 60 58 59 58 60 61 61 62 64 64 62 61 61 63 61
    64 64 62 62 61 60 59 61 61 60 58 58 56 57 57 57 59 59 59 59 58 60 61
    62 62 60 61 62 62 63 64 64 64 63 63 62 63 64 63 63 63 61 61 61 60 61
    61 61 62 63 63 64 65 64 62 63 65 63 62 63 61 59 60 58 58 60 61 59 58
    60 62 62 61 63 60 62 63 64 62 62 61 61 61 62 62 60 63 60 60 61 61 61
    64 64 63 62 61 63 65 65 64 62 63 62 61 59 61 63 61 61 64 64 62 61 62
    63 65 65 65 65 67 66 66 66 68 69 70 71 69 69 68 69 67 67 64 64 65 63
    62 62 62 62 63 61 62 63 64 62 61 61 62 60 61 59 58 57 56 56 56 57 59
    59 58 58 58 60 61 63 64 63 65 67 65 67 65 67 66 66 66 65 65 66 64 61
    62 60 62 63 64 63 61 62 60 61 61 63 63 63 62 60 59 60 62 62 63 64 65
    65 66 66 67 66 69 67 66 66 68 67 65 66 63 64 65 63 62 65 65 65 64 64
    65 66 67 66 64 66 65 62 63 62 62 63 60 61 59 61 62 62 62 64 63 61 60
    60 62 59 61 62 60 60 59 57 57 59 60 59 58 59 58 58 59 59 60 60 60 61
    59 60 61 62 61 58 58 59 58 59 59 59 61 59 60 59 59 62 62 63 62 61 62
    61 60 61 61 62 63 64 64 65 65 65 63 64 64 63 62 63 62 60 60 59 58 60
    60 59 58 61 62 61 61 62 60 61 62 63 62 63 61 60 60 60 60 58 61 58 59
    59 60 61 64 64 62 61 60 63 64 64 64 62 62 62 62 59 61 63 64 64 65 66
    64 63 63 64 66 66 65 65 66 66 66 67 69 69 71 72 70 69 69 70 69 69 66
    66 65 64 62 61 62 63 64 62 62 63 63 62 61 61 62 60 61 60 59 58 58 57
    58 59 60 60 60 60 60 62 64 65 65 64 64 66 65 67 64 66 65 63 63 62 63
    65 63 61 62 59 62 62 63 62 60 62 60 60 60 61 62 62 61 59 59 60 62 63
    63 64 65 66 65 66 67 67 68 67 65 65 67 66 64 64 62 62 63 63 62 64 65
    65 65 64 65 66 67 66 65 66 65 62 63 63 63 63 62 62 60 62 62 63 64 65
    64 62 61 61 63 61 64 64 62 62 60 59 58 59 59 60 58 58 58 58 59 59 61
    62 63 63 61 62 62 63 62 60 60 59 58 59 58 59 60 60 61 60 60 62 62 63
    62 61 62 61 60 61 61 62 63 64 65 66 67 66 66 66 67 65 64 64 63 61 60
    58 58 59 59 58 57 59 60 60 61 62 61 62 63 64 63 63 61 61 61 61 60 58
    61 58 59 59 60 60 63 62 61 60 59 62 62 62 62 61 61 60 60 59 61 62 63
    63 65 66 64 63 63 63 65 65 65 65 67 67 67 67 69 69 72 73 71 69 69 70
    69 69 66 67 66 65 63 62 63 64 65 63 63 63 64 62 62 62 63 62 62 61 60
    59 59 58 59 60 60 61 60 61 61 64 65 65 66 65 66 67 66 68 65 67 65 63
    63 63 63 65 64 62 63 60 63 62 63 63 61 62 60 60 60 60 61 60 59 58 57
    59 60 60 60 61 63 64 64 66 66 66 68 66 64 65 66 65 64 64 62 62 63 63
    62 64 65 65 66 66 66 67 67 66 65 66 65 63 64 64 63 64 63 63 61 63 64
    64 65 66 65 63 63 62 64 62 64 64 63 63 61 60 59 61 61 60 59 58 58 57
    58 57 60 60 62 62 59 60 61 61 61 60 60 59 57 57 57 57 60 59 60 59 59
    61 61 63 63 61 61 61 59 60 61 61 63 64 63 64 64 64 63 64 65 63 61 62
    61 59 59 58 58 60 60 58 58 61 62 63 64 64 64 64 64 65 64 65 63 62 62
    62 60 59 61 60 61 61 62 62 64 64 62 61 61 63 64 63 63 62 62 62 62 61
    63 65 61 61 63 63 62 62 62 62 64 66 66 66 67 68 67 67 69 69 71 72 70
    67 68 70 68 68 65 67 67 66 64 63 64 65 66 65 64 64 65 63 62 62 63 62
    62 61 60 58 59 59 60 60 61 60 60 61 61 64 65 65 65 63 64 65 64 66 64
    64 63 62 61 62 63 64 63 61 62 60 62 63 64 64 62 63 60 60 61 61 62 60
    59 57 56 57 58 59 59 61 61 63 62 64 65 64 66 64 63 63 64 63 63 62 60
    60 60 61 60 61 62 62 63 63 63 65 64 64 64 65 64 63 63 62 62 62 61 61
    61 63 63 64 66 67 67 65 65 64 66 64 64 66 64 63 61 60 58 61 60 60 57
    58 58 55 57 56 59 60 62 61 59 61 61 62 62 62 61 60 58 58 58 59 62 60
    61 60 60 62 62 64 64 62 61 61 59 60 62 62 63 64 63 65 64 65 64 65 65
    63 61 61 60 58 58 57 57 59 59 57 58 61 62 62 63 63 62 64 64 64 63 64
    62 62 62 62 61 60 61 60 61 60 61 60 62 61 60 58 59 61 61 61 62 62 62
    63 64 63 64 67 63 63 64 63 62 62 63 62 64 66 66 65 65 66 64 65 68 67
    70 71 69 66 65 68 67 67 64 66 66 66 63 63 63 66 68 67 66 66 66 65 63
    64 64 63 63 62 61 58 60 59 60 61 61 60 61 61 62 64 65 66 65 63 63 65
    65 67 64 64 63 62 61 62 63 64 63 61 62 59 62 62 64 63 62 62 60 60 61
    62 62 61 60 59 57 58 58 58 58 60 61 63 62 64 65 64 67 65 65 64 65 65
    64 62 61 60 61 61 59 61 62 63 64 63 63 65 64 64 64 65 64 63 63 63 63
    64 63 63 62 64 64 64 66 68 67 65 65 63 64 63 63 63 61 61 59 57 57 59
    58 58 57 57 58 57 57 57 60 61 63 61 59 61 62 62 63 61 61 59 57 57 57
    58 61 59 60 59 59 61 62 63 64 61 60 60 58 59 60 61 61 63 63 64 64 65
    65 65 66 64 63 64 63 61 61 60 60 60 59 59 60 62 62 62 63 62 63 64 64
    64 64 65 63 64 64 63 62 62 63 63 63 62 63 63 64 63 62 60 62 63 63 62
    64 65 66 66 68 67 68 71 62 62 63 62 60 60 61 60 61 63 63 63 63 65 63
    65 68 68 70 72 71 68 67 69 68 67 66 67 67 67 64 63 64 67 70 70 68 68
    68 67 66 66 67 66 66 64 63 60 62 62 62 62 61 61 61 62 62 64 65 65 64
    62 62 64 64 66 63 62 61 60 60 61 62 64 62 60 62 60 62 64 65 65 64 64
    63 63 64 64 65 63 62 61 59 59 58 58 57 59 60 62 62 64 65 64 67 65 65
    65 66 65 65 64 61 61 62 62 60 61 62 62 63 62 61 64 63 64 63 65 63 64
    64 64 65 67 66 65 65 66 67 66 68 69 69 67 66 65 65 62 62 62 61 60 59
    57 56 59 57 57 55 56 57 56 56 56 59 61 63 62 60 62 63 63 63 61 60 60
    57 57 58 58 60 57 58 58 58 59 61 61 62 59 58 59 57 59 59 61 60 62 62
    64 64 66 66 66 66 65 66 65 66 64 63 61 61 61 60 59 61 62 62 62 63 61
    62 64 64 65 65 66 64 65 65 65 64 65 66 64 65 63 64 63 64 63 62 60 60
    62 62 61 64 65 66 66 69 68 70 72 61 61 62 61 60 61 61 60 61 62 62 62
    62 63 62 63 65 65 68 69 68 65 65 66 65 66 65 65 66 65 63 62 62 65 69
    69 68 67 68 68 66 66 66 66 66 65 63 61 62 62 62 62 61 62 62 63 63 64
    65 65 63 61 62 63 64 66 63 63 61 60 60 61 63 64 63 62 63 60 63 63 65
    64 64 63 62 63 63 63 63 62 62 61 60 60 58 58 58 59 60 62 63 64 64 64
    66 64 64 65 65 64 64 62 61 60 60 61 60 61 63 62 64 63 63 66 65 66 65
    66 65 65 65 66 67 67 67 65 64 66 66 66 67 69 68 67 66 66 66 64 63 63
    62 61 59 57 56 59 58 58 56 57 58 57 58 58 61 62 63 62 61 62 63 62 62
    61 60 59 57 57 58 57 58 56 57 57 57 58 60 60 60 58 57 58 57 59 58 60
    59 61 61 63 63 65 65 66 66 66 66 66 66 66 65 62 62 62 61 61 62 62 62
    63 64 62 64 66 66 66 66 67 66 66 66 66 66 66 67 66 65 63 64 63 63 63
    63 61 62 62 62 61 63 65 65 65 68 67 68 70 64 64 64 64 63 63 63 61 62
    63 63 62 63 62 60 61 63 63 65 66 66 62 62 64 63 65 64 64 64 65 63 62
    63 66 69 69 69 68 69 69 67 66 66 66 65 65 63 61 61 60 60 60 59 60 60
    61 61 62 63 63 61 61 61 62 63 65 63 63 61 61 60 62 63 65 64 62 63 60
    63 64 65 64 65 63 63 63 64 64 64 64 63 62 61 61 59 59 58 60 60 62 63
    64 64 64 65 64 64 65 65 64 64 63 61 60 61 61 61 62 62 63 64 64 63 66
    65 67 67 67 66 67 67 68 68 69 68 66 65 66 65 65 67 68 67 65 65 64 65
    63 62 62 62 61 60 58 58 60 60 59 57 58 59 58 59 58 61 62 63 62 60 61
    63 63 64 63 63 62 59 59 60 59 60 58 58 56 56 57 58 58 58 57 56 57 57
    58 57 58 58 60 60 63 63 65 65 66 67 67 68 68 67 66 64 62 61 60 60 58
    60 60 59 59 62 61 63 65 66 66 67 68 67 68 69 70 68 68 68 67 67 65 64
    64 63 62 62 60 62 63 62 61 63 65 65 65 67 67 66 68 63 63 64 63 63 62
    63 62 62 63 63 62 62 62 60 62 63 64 65 67 66 63 63 65 64 65 65 64 64
    64 62 61 62 64 67 66 66 66 67 67 66 64 65 64 63 63 62 61 62 59 59 59
    58 59 59 61 61 61 62 60 60 60 60 62 63 65 64 62 62 62 61 64 64 66 64
    62 63 61 63 63 64 64 64 62 61 62 64 64 63 62 62 62 61 60 59 59 59 60
    59 61 63 64 64 64 64 63 63 64 64 62 63 62 61 59 60 61 61 62 62 62 63
    63 63 65 64 65 65 66 64 66 66 67 67 68 67 66 64 66 64 63 65 66 64 62
    62 62 63 62 62 62 62 61 60 58 59 62 61 60 59 60 59 59 59 59 61 62 62
    61 59 60 63 62 63 62 61 61 59 59 61 59 61 59 58 57 57 58 59 59 59 58
    57 58 58 59 59 60 59 62 62 65 64 66 67 68 68 67 68 69 68 67 64 62 62
    60 59 59 61 60 60 60 63 61 64 65 66 66 67 68 67 69 69 69 67 68 67 66
    67 66 64 63 63 61 63 60 63 63 63 61 63 65 66 66 68 67 66 67 62 62 63
    62 63 61 62 60 60 60 60 59 60 60 58 59 61 62 63 65 64 62 63 64 65 65
    65 65 64 64 62 61 62 65 66 66 65 65 66 66 65 64 65 64 64 63 62 60 62
    59 59 58 57 58 58 59 59 60 61 59 59 59 60 62 63 65 63 62 62 61 60 63
    64 65 64 62 64 63 65 66 67 67 68 66 64 65 66 65 64 63 62 61 61 59 58
    58 59 58 58 60 62 63 63 63 63 62 61 62 62 62 62 61 60 57 59 60 61 61
    62 62 62 62 61 63 62 64 64 65 63 66 67 67 67 68 67 66 65 65 63 63 64
    65 62 61 61 61 62 61 61 61 62 61 60 58 60 62 61 60 59 60 60 60 60 59
    62 62 62 62 60 62 64 64 65 64 64 64 62 62 64 62 63 61 59 57 57 58 58
    58 59 56 56 57 57 59 59 60 59 61 61 64 64 66 67 67 66 66 67 68 67 67
    65 63 63 61 60 60 62 61 60 59 63 61 63 64 64 64 65 66 65 68 68 68 66
    67 66 66 66 65 62 61 61 60 61 60 62 62 62 61 62 65 66 67 67 66 65 67
    63 63 63 63 64 63 63 61 61 62 62 62 62 63 60 62 64 64 65 67 66 64 64
    64 64 65 66 65 64 64 62 60 62 65 66 68 66 65 66 66 66 65 64 64 64 63
    62 61 63 61 61 60 59 59 59 60 60 60 61 60 59 60 60 61 61 64 63 62 61
    61 60 63 63 64 63 62 64 62 65 65 66 67 68 66 65 66 66 67 66 66 65 65
    65 63 62 62 63 63 62 64 65 66 65 65 64 63 62 63 62 61 61 60 59 57 58
    60 61 62 62 62 62 62 63 64 64 65 65 65 63 66 66 67 67 68 66 65 64 64
    63 64 65 64 61 60 61 62 63 62 61 61 61 60 59 59 60 63 62 60 59 61 61
    61 61 60 62 62 62 61 60 61 63 62 64 63 63 62 60 60 62 61 62 59 58 57
    56 57 58 58 58 56 55 56 56 58 58 59 58 61 60 63 63 65 66 66 66 66 67
    68 67 67 65 64 64 62 60 61 63 62 60 60 62 62 64 63 62 62 65 66 65 66
    68 68 67 67 67 68 69 67 65 64 64 63 64 62 64 64 63 62 64 66 68 69 70
    69 68 70 63 63 63 62 64 63 62 60 61 61 62 62 62 63 60 61 62 63 64 66
    65 63 63 64 64 64 65 65 65 65 63 62 64 67 68 69 68 67 66 66 66 65 66
    65 65 63 63 62 63 62 63 62 61 61 61 62 61 62 62 61 60 61 62 62 62 64
    64 63 63 63 61 64 64 65 64 63 64 63 65 65 65 66 68 65 64 64 64 66 65
    65 64 64 64 63 62 62 62 62 62 63 65 66 66 65 64 63 63 63 62 61 61 60
    59 56 57 60 60 62 62 62 64 63 64 65 64 66 66 65 64 67 67 67 67 68 66
    66 65 65 64 65 65 64 62 61 62 64 64 63 63 63 63 61 62 61 63 65 64 62
    62 63 64 62 63 63 64 64 63 63 61 62 63 63 65 64 63 62 60 61 62 60 61
    58 57 56 56 55 57 58 58 56 57 57 58 60 59 59 59 61 60 62 62 65 65 65
    64 65 66 67 65 66 65 63 64 63 61 61 64 63 61 62 65 64 66 67 65 65 66
    67 66 67 69 68 68 68 67 67 68 66 64 63 63 62 63 61 63 62 62 61 62 65
    67 68 69 69 68 69 64 64 63 63 64 62 63 61 62 61 63 63 63 64 61 63 65
    66 65 68 66 65 64 64 64 64 66 66 65 65 64 63 65 68 69 70 69 68 68 68
    68 66 67 66 64 62 63 61 63 62 62 62 60 61 61 62 61 62 62 61 60 61 61
    60 61 62 61 60 61 62 59 62 62 62 62 62 63 63 65 65 65 66 68 66 66 66
    66 67 66 65 64 64 64 61 61 60 60 59 59 59 61 62 63 62 61 61 61 61 61
    60 60 59 59 56 57 59 60 61 62 63 64 64 64 65 63 65 65 64 63 66 65 66
    65 65 64 64 64 64 62 64 64 63 61 60 62 65 65 64 63 62 63 61 61 61 62
    64 63 61 62 63 64 64 64 63 66 66 64 63 62 63 64 63 64 64 63 62 61 61
    63 61 61 58 57 57 56 56 56 57 57 55 55 56 56 59 58 58 59 61 61 63 62
    65 64 64 65 65 65 65 63 63 63 61 62 61 61 60 62 62 60 61 64 64 66 67
    66 66 67 67 67 68 70 69 70 69 68 68 69 67 65 65 63 63 64 63 64 63 63
    63 64 67 68 70 70 70 69 69 61 61 62 61 63 62 64 62 62 62 63 63 64 65
    62 62 63 64 63 65 64 63 63 63 63 63 66 66 66 66 65 64 67 69 70 70 69
    68 68 68 67 65 65 64 63 61 62 61 62 61 61 61 59 60 61 61 59 60 59 58
    59 59 60 59 60 61 61 60 61 62 61 63 62 63 63 62 64 65 66 67 67 68 70
    67 67 68 68 69 68 66 65 66 65 63 61 61 61 60 60 60 62 64 64 63 62 61
    62 62 61 60 59 59 58 56 56 58 59 61 61 63 63 63 64 64 63 65 66 65 64
    67 66 66 65 65 64 65 65 64 62 65 65 63 62 61 62 64 64 64 63 61 62 60
    60 61 63 65 64 62 63 64 65 65 65 64 65 64 63 62 61 63 63 62 63 62 62
    62 61 62 63 62 62 59 57 57 56 56 56 56 57 54 54 55 55 58 57 57 58 60
    59 61 60 63 62 63 63 63 64 64 61 62 62 61 62 62 62 61 63 62 62 62 65
    65 67 68 66 66 67 69 68 70 71 70 71 71 69 70 72 69 67 66 64 64 65 64
    66 64 64 63 64 67 69 70 71 71 69 70 60 60 60 60 61 60 63 61 62 61 62
    62 63 63 60 61 62 64 62 64 62 62 62 63 63 63 66 65 64 64 64 63 65 68
    69 69 68 68 68 68 68 66 65 64 64 62 63 62 63 62 62 61 60 61 63 62 61
    60 60 60 59 60 60 61 61 62 62 61 62 63 62 64 63 63 63 62 63 64 65 66
    67 68 69 66 67 67 68 69 68 67 65 66 65 63 62 62 62 61 61 60 62 62 63
    63 61 61 63 62 62 61 61 61 60 59 58 59 60 62 61 62 62 62 64 64 63 65
    66 65 65 66 66 66 65 66 64 65 65 64 62 65 64 62 61 59 61 62 63 62 61
    60 61 60 60 61 62 63 64 63 64 64 65 66 66 64 66 66 64 65 64 65 64 63
    63 62 62 62 62 62 64 62 61 59 58 59 58 58 58 58 58 56 55 55 56 58 57
    56 57 59 58 61 60 62 61 62 63 65 65 66 64 64 64 63 63 63 63 62 64 62
    61 62 64 65 66 67 66 67 68 68 68 69 70 69 69 69 68 68 69 67 65 65 63
    63 65 64 65 63 62 62 63 65 66 67 68 68 66 66 60 60 61 62 63 62 63 61
    63 62 63 63 63 63 61 61 62 64 63 64 62 62 61 62 62 63 65 64 62 63 62
    62 65 68 69 70 69 70 69 69 69 67 66 65 64 63 64 63 63 61 61 60 59 61
    62 61 59 59 58 58 57 59 59 59 60 60 60 60 62 63 62 64 64 64 64 63 63
    64 66 65 66 66 67 65 66 66 66 68 68 67 66 67 66 65 64 63 63 62 62 61
    64 64 65 64 64 62 64 63 63 62 62 62 60 59 59 60 60 63 62 64 63 64 66
    66 64 67 67 65 65 67 66 67 66 66 65 66 65 64 62 64 63 61 60 59 61 63
    63 63 62 62 62 61 61 61 63 63 64 62 64 64 65 67 67 66 67 67 65 66 64
    64 63 62 62 60 61 60 60 60 62 60 59 58 57 58 57 56 56 56 56 55 55 55
    55 57 56 55 56 57 58 60 60 62 61 63 64 65 66 66 65 66 65 64 63 63 63
    62 64 62 61 63 64 65 66 67 68 68 70 71 71 72 72 70 70 71 70 70 70 68
    66 66 64 64 66 66 68 66 64 64 64 66 66 67 68 68 66 65 63 63 64 65 65
    64 65 62 64 62 62 62 63 63 61 62 63 65 63 65 64 64 63 64 64 64 65 64
    63 63 63 61 64 66 67 68 68 68 69 69 69 67 67 66 65 64 65 64 63 63 62
    62 60 62 63 62 60 59 58 57 58 59 60 60 61 61 61 62 63 65 65 67 66 65
    65 65 64 65 66 66 67 67 68 65 66 66 66 67 67 66 65 66 66 64 63 63 63
    62 62 61 63 63 64 64 63 62 65 64 63 62 62 63 62 60 59 60 61 63 62 63
    63 64 67 65 64 66 67 65 65 67 66 67 65 66 64 66 65 64 62 64 62 59 59
    58 60 62 62 62 61 61 61 60 61 63 64 65 66 63 64 64 65 66 67 66 67 66
    65 66 64 64 64 62 63 61 61 61 61 62 63 62 61 60 59 61 60 58 58 58 58
    56 56 56 56 59 58 57 58 60 61 63 62 62 62 64 65 66 66 65 65 65 65 63
    63 63 64 61 62 60 59 62 64 64 64 66 66 67 68 70 70 71 71 69 69 69 69
    67 68 67 65 65 63 63 65 65 66 64 62 63 63 63 64 65 65 66 63 63 63 63
    65 65 66 65 66 64 65 64 64 64 65 64 62 62 64 64 63 64 62 62 62 63 63
    63 65 64 61 63 63 61 65 66 67 67 67 68 68 68 68 67 66 65 64 62 64 63
    63 62 61 62 61 62 63 62 60 59 58 58 57 59 60 59 61 61 62 64 65 67 67
    69 68 67 66 66 64 65 65 65 66 66 66 62 63 63 64 65 66 65 64 65 65 64
    63 64 64 64 64 63 65 65 65 65 63 62 63 63 62 61 60 60 60 59 57 59 59
    62 61 62 62 63 66 64 64 65 67 66 66 67 66 66 65 64 62 64 64 62 60 62
    60 57 57 56 58 60 60 61 59 60 61 60 61 62 64 65 66 65 66 66 66 67 68
    67 68 67 66 65 63 62 62 61 62 60 60 59 59 59 60 60 60 59 57 60 58 58
    58 59 58 57 57 56 57 60 60 58 59 61 61 63 62 63 63 64 64 64 65 64 64
    64 64 63 63 63 63 61 62 61 60 63 65 66 66 67 67 67 68 71 71 72 72 69
    69 69 69 68 68 68 66 64 63 62 64 65 66 64 61 62 62 63 63 65 66 66 63
    62 63 63 64 65 66 64 66 64 65 64 64 65 66 65 63 63 65 66 64 65 63 64
    64 64 65 64 65 65 62 63 64 62 65 67 67 67 67 67 67 67 68 67 66 66 64
    62 63 62 61 62 61 62 60 61 61 61 59 59 58 58 58 60 61 60 62 62 63 65
    66 68 68 70 70 67 67 67 64 64 65 65 66 66 67 63 63 64 65 66 66 66 65
    66 65 64 63 63 64 64 63 62 64 63 64 63 62 61 63 62 60 60 59 60 59 59
    58 59 59 61 60 61 61 62 65 64 64 65 67 66 66 67 67 67 65 65 63 65 64
    62 60 62 61 58 57 57 60 61 61 61 60 61 61 61 61 63 64 64 66 64 66 65
    66 66 67 66 68 66 65 65 62 62 61 61 62 61 60 59 59 59 60 61 61 60 59
    61 58 58 58 59 59 58 57 57 58 61 61 59 61 64 64 65 64 65 65 66 66 66
    66 66 66 64 65 64 64 64 64 62 62 62 61 63 64 65 64 65 65 66 67 69 70
    71 70 68 68 68 68 66 66 66 65 63 62 60 62 63 63 62 60 61 61 61 62 65
    65 66 64 63 57 57 59 60 60 60 62 61 62 60 61 61 63 63 62 62 64 65 63
    65 63 64 64 64 65 65 65 65 63 63 62 61 64 65 65 66 64 65 65 65 66 65
    65 64 63 61 62 62 62 62 61 62 61 61 61 61 59 59 58 59 60 61 61 61 63
    63 64 66 67 68 69 71 70 68 67 66 64 64 64 64 66 65 66 63 63 64 65 66
    66 66 66 66 66 65 64 64 64 64 63 64 65 64 64 63 63 63 63 63 62 62 61
    60 59 58 57 58 59 60 59 59 59 61 63 62 63 64 66 65 65 66 67 68 66 65
    64 65 65 64 63 64 62 60 59 58 60 62 62 63 61 61 61 61 61 62 62 63 65
    62 64 63 65 65 66 66 67 67 65 64 63 62 61 59 60 58 57 56 56 57 58 59
    60 59 59 62 59 58 59 61 60 59 59 58 59 63 63 61 63 66 66 67 66 66 67
    67 67 66 66 65 65 64 65 65 64 65 64 62 63 62 61 64 64 65 63 63 64 64
    65 67 66 67 67 64 65 65 65 64 64 65 63 62 61 61 61 63 63 61 60 61 60
    60 62 64 64 64 63 62 55 55 58 59 59 60 61 59 61 60 61 62 64 63 62 61
    64 65 64 66 63 64 64 64 64 65 66 67 65 65 65 63 66 67 67 69 67 67 67
    66 66 65 64 64 62 61 61 60 61 61 60 61 61 61 61 61 59 60 59 59 60 62
    62 62 63 62 64 66 66 69 69 71 71 69 69 67 65 67 66 65 67 66 67 64 64
    64 65 66 67 67 66 67 67 67 66 65 65 64 64 65 66 65 65 65 64 64 65 66
    64 64 64 62 61 60 60 59 60 61 59 60 60 61 62 62 63 65 66 65 66 66 67
    68 67 66 65 66 66 65 65 64 62 60 60 59 60 62 62 62 59 60 59 59 60 61
    60 62 63 61 63 64 66 66 68 68 70 69 69 68 67 65 64 62 62 61 59 59 58
    59 59 60 60 60 60 63 60 59 61 62 63 61 61 60 60 64 63 62 64 66 65 65
    64 65 65 65 65 64 65 63 64 64 65 65 65 66 65 63 64 63 61 64 63 63 61
    62 63 63 63 65 66 66 66 64 66 65 66 63 63 63 62 60 59 58 58 60 60 58
    58 59 58 59 60 63 63 63 63 61 58 58 61 61 61 61 62 61 63 62 63 63 65
    64 62 62 64 65 64 66 63 63 63 63 63 64 66 66 65 65 64 63 66 66 67 67
    66 67 67 65 65 63 63 62 60 60 61 61 60 60 60 62 62 63 63 63 62 62 61
    61 62 63 62 61 63 62 63 64 65 67 68 70 70 68 67 67 65 65 65 64 66 65
    65 62 63 63 64 65 65 65 66 67 67 67 66 65 64 65 65 65 67 66 66 66 65
    65 67 67 67 66 66 64 63 63 61 60 60 61 60 60 60 62 62 62 63 64 66 65
    67 67 67 68 67 66 65 66 67 66 66 65 62 60 61 59 60 62 62 62 59 59 58
    59 59 60 60 61 62 60 63 64 66 66 68 68 70 70 69 68 67 66 65 62 62 61
    59 58 57 57 57 59 58 58 58 61 59 58 60 61 62 61 61 60 61 64 64 62 65
    67 65 66 65 66 66 67 67 66 66 65 65 64 67 66 66 67 66 64 64 64 62 65
    64 63 60 61 63 63 63 64 65 66 66 64 65 65 65 63 63 62 61 60 59 59 59
    61 60 58 59 60 59 59 60 63 62 62 62 60 56 56 59 59 60 60 61 60 61 61
    62 62 64 63 62 61 63 63 63 64 62 62 62 63 63 65 66 66 65 65 64 63 66
    66 67 65 65 66 65 64 63 62 63 62 60 60 60 61 60 60 61 61 62 64 64 64
    63 63 62 62 64 64 64 64 65 64 65 66 67 68 69 70 70 68 68 67 65 66 65
    64 66 65 65 63 63 63 64 63 64 63 63 64 65 64 62 62 61 62 62 62 64 62
    64 63 63 63 66 66 66 66 67 65 65 65 62 61 61 62 60 60 60 62 60 61 60
    62 63 63 64 64 64 65 64 63 63 64 65 64 64 63 61 60 60 60 61 62 62 63
    60 60 60 60 60 60 60 61 62 60 62 63 64 65 67 68 69 69 68 66 65 64 63
    61 61 60 58 57 56 56 57 58 58 58 58 61 59 58 60 61 61 61 62 62 62 64
    64 64 65 68 66 67 66 66 66 67 67 66 67 65 66 66 68 67 66 66 66 65 64
    64 63 65 63 62 59 61 63 64 64 65 66 67 66 64 65 65 66 62 61 61 60 58
    58 57 58 61 60 59 60 60 59 60 61 64 63 62 62 59 56 56 59 59 59 60 61
    60 62 62 62 61 63 62 61 61 62 62 63 64 63 63 63 64 65 67 67 67 66 66
    65 63 66 65 65 65 64 64 64 64 62 60 60 61 60 60 61 61 61 60 61 61 63
    65 66 66 65 64 63 64 65 66 65 65 66 65 66 66 66 68 69 70 69 67 66 66
    65 66 65 65 67 66 66 65 64 65 66 65 64 63 64 65 65 64 62 61 61 61 60
    61 62 61 61 61 61 61 64 65 65 66 67 66 65 66 64 62 63 63 62 62 61 62
    61 61 61 62 63 63 64 64 64 64 64 64 63 64 65 64 64 62 59 59 60 59 60
    61 62 61 59 59 59 59 60 59 59 60 60 58 60 62 62 64 66 67 68 68 67 66
    65 64 63 61 62 59 58 57 56 56 57 58 58 58 58 60 59 59 59 60 60 60 60
    59 60 62 62 62 63 66 65 66 65 65 66 67 67 66 66 64 66 64 66 66 64 65
    63 63 62 62 61 62 60 60 56 58 61 62 62 63 64 66 65 63 64 64 66 62 61
    61 60 58 58 57 59 61 60 59 60 62 60 61 61 64 63 62 63 60 56 56 58 58
    58 59 59 60 61 61 62 60 60 61 61 61 63 62 64 64 63 64 64 65 67 68 68
    67 66 67 65 64 66 65 65 65 64 64 63 64 63 61 61 62 61 62 61 61 61 61
    61 61 63 65 65 66 64 63 64 65 66 67 67 67 67 67 67 67 67 68 69 69 68
    66 65 64 63 63 63 62 65 64 65 64 62 64 66 65 64 64 64 66 66 65 62 61
    62 62 61 63 64 61 62 61 61 63 65 67 66 66 67 66 66 67 65 64 65 65 63
    62 63 63 61 61 62 62 63 63 64 64 64 65 65 65 65 66 66 65 66 64 61 61
    62 61 61 62 62 62 61 61 60 61 62 60 60 61 60 58 59 60 60 61 62 63 64
    64 65 63 63 62 63 61 62 60 60 59 58 58 58 59 59 59 58 59 59 58 59 59
    59 59 59 58 59 61 61 61 62 64 64 64 64 65 67 67 67 67 67 66 68 66 68
    68 66 66 64 64 63 62 61 61 60 60 55 58 60 61 61 62 62 65 63 62 63 63
    65 61 60 59 58 57 57 55 57 58 58 58 59 60 59 59 61 63 62 61 63 61 55
    55 57 57 57 58 57 58 59 59 61 60 60 60 61 63 64 63 65 66 65 65 65 66
    68 68 67 66 65 66 64 64 65 64 64 65 63 64 64 65 64 63 64 64 63 64 62
    61 61 61 61 61 64 66 65 66 64 64 65 66 68 69 69 68 69 68 68 69 68 69
    70 70 70 68 66 66 64 64 64 62 65 64 64 63 62 62 65 64 64 65 65 66 67
    66 64 63 63 63 62 63 63 60 61 60 60 62 63 65 65 67 68 68 68 69 68 67
    66 66 65 63 64 63 61 60 61 61 61 62 63 63 63 65 64 63 64 64 63 63 63
    61 59 59 60 60 61 63 62 62 61 61 62 62 62 61 59 60 59 57 58 60 59 59
    60 62 63 64 64 62 62 62 62 61 61 60 60 59 58 57 58 58 59 59 58 60 59
    58 58 58 58 59 59 59 59 60 60 60 61 63 63 63 64 64 65 66 67 67 68 67
    69 67 69 69 66 66 64 64 63 62 60 60 60 59 55 57 60 61 61 61 61 64 63
    62 63 63 65 62 61 61 60 59 60 59 60 62 61 61 62 63 61 61 62 64 62 60
    62 61 56 56 58 57 57 57 57 58 59 58 60 59 59 61 61 62 63 62 65 66 66
    66 65 66 67 67 66 66 65 66 64 63 64 64 64 64 64 63 63 64 62 62 63 64
    62 64 62 62 62 62 62 63 65 67 66 67 66 65 67 67 68 70 69 68 68 67 67
    67 67 68 69 70 69 67 66 66 65 64 65 62 64 63 64 62 61 62 65 64 63 65
    65 67 67 66 63 63 62 61 60 61 61 58 59 58 58 60 60 63 64 65 67 67 67
    68 68 67 67 67 66 63 64 64 61 61 60 61 59 59 61 61 61 63 63 62 63 63
    63 63 63 61 59 61 61 61 61 63 63 62 60 61 62 62 62 61 59 61 59 57 58
    60 60 59 60 63 64 64 64 61 62 62 63 61 61 61 60 59 57 57 57 59 59 59
    58 58 58 58 58 58 59 60 61 60 61 62 62 63 64 65 64 64 65 65 65 65 64
    65 66 65 67 65 68 67 65 65 63 64 63 62 60 59 58 58 54 56 58 59 58 58
    59 61 61 60 62 62 64 60 59 59 58 57 59 58 59 60 60 60 62 64 62 62 64
    67 64 63 65 64 55 55 57 57 56 57 57 58 59 58 59 59 60 62 61 63 64 63
    65 67 67 67 67 67 68 68 67 67 67 67 65 64 65 64 64 64 63 62 62 63 62
    63 63 64 62 63 62 62 63 63 63 64 66 67 66 67 67 66 67 67 68 70 69 68
    68 68 67 67 66 68 69 70 69 67 66 66 66 65 65 64 65 64 64 63 61 62 64
    63 62 64 65 65 66 64 62 62 62 61 60 61 61 57 58 58 57 60 61 65 64 65
    66 66 67 68 67 67 67 66 65 62 64 63 61 61 61 62 61 60 62 62 62 63 64
    63 64 62 62 62 63 60 59 61 60 61 61 62 62 62 60 60 61 62 61 60 59 59
    58 56 57 60 60 59 58 61 63 63 64 62 62 63 63 61 62 61 61 60 58 58 58
    60 60 60 59 60 60 60 61 61 61 62 63 62 63 64 64 66 65 66 65 65 65 65
    65 64 64 65 65 64 65 64 67 66 65 66 65 65 64 62 60 60 59 59 56 58 60
    60 58 58 58 60 59 59 61 60 61 58 57 57 57 57 58 58 58 59 58 59 62 63
    61 61 63 65 62 61 65 65 54 54 56 55 55 56 57 58 59 59 60 59 61 62 62
    64 64 64 66 68 67 68 67 68 68 68 68 67 67 67 64 63 64 64 64 63 63 62
    62 63 62 62 63 64 62 63 62 62 62 62 63 63 65 66 66 67 66 66 67 67 69
    70 69 68 67 67 66 65 65 67 68 69 69 67 66 67 67 66 67 66 66 65 64 63
    61 61 64 62 61 62 62 63 63 62 60 59 60 60 60 61 62 59 60 60 60 62 63
    66 65 65 66 66 66 67 66 66 67 66 66 63 64 65 61 63 62 63 62 61 63 61
    62 64 64 63 64 63 63 64 64 62 61 63 63 62 63 65 65 64 63 62 64 64 63
    61 60 61 58 56 57 60 59 58 56 59 60 60 62 60 61 61 61 60 60 60 61 60
    58 58 57 58 59 58 57 58 58 59 59 59 59 60 62 62 63 64 64 64 64 64 64
    64 64 65 64 63 63 63 63 64 64 63 66 65 64 64 64 65 64 63 62 61 60 60
    57 59 62 61 59 59 59 61 61 61 62 63 63 60 58 58 58 58 59 59 59 59 59
    59 63 64 63 64 65 66 64 62 66 66 54 54 55 55 54 55 55 55 57 57 58 57
    59 61 62 64 64 64 68 69 68 69 68 69 68 68 68 67 67 67 64 64 64 64 64
    63 62 61 61 63 62 62 62 62 61 62 61 62 62 62 63 62 64 65 65 67 67 65
    68 67 69 71 68 68 67 67 65 64 64 66 66 67 67 66 66 66 66 66 68 66 67
    66 65 65 62 62 64 63 62 62 62 63 62 61 60 59 60 60 60 60 61 59 59 61
    61 63 64 67 67 66 68 68 68 69 69 68 68 67 67 63 64 65 62 63 63 64 62
    61 63 62 63 65 65 64 66 64 64 64 65 64 63 65 65 65 65 68 67 67 66 65
    66 66 65 63 61 61 58 55 56 59 59 57 56 59 60 59 61 60 61 61 61 59 59
    61 62 61 59 60 59 60 61 60 60 60 60 59 59 59 60 61 63 62 62 64 64 64
    64 65 65 65 65 65 63 63 63 64 63 63 63 63 65 65 64 64 64 64 63 62 62
    62 61 60 57 58 60 60 58 58 57 58 57 58 59 60 60 58 57 56 57 57 59 59
    60 60 60 61 65 65 64 65 66 66 64 63 67 67 57 57 57 57 56 57 57 56 59
    59 59 58 59 61 62 63 63 63 66 68 66 66 65 66 66 65 65 64 64 64 62 61
    63 63 63 61 62 62 62 63 62 62 62 62 62 63 63 64 64 63 63 62 64 65 66
    67 67 65 67 66 67 69 67 68 67 67 65 64 63 66 66 67 66 66 66 66 65 65
    67 65 65 65 64 64 61 61 62 61 61 61 61 61 61 59 59 59 61 61 61 62 63
    61 62 64 64 67 67 70 70 69 71 70 70 70 69 68 68 67 68 64 65 66 61 63
    62 63 62 61 63 61 62 64 64 64 65 64 65 66 66 65 65 67 66 65 65 67 66
    66 65 63 64 64 63 62 61 61 58 56 58 61 60 59 58 60 61 60 62 62 62 62
    61 59 59 60 61 60 58 59 57 58 58 58 58 58 58 59 58 58 59 60 62 61 62
    63 63 63 63 63 63 64 65 65 63 63 64 64 65 64 63 63 64 65 63 63 62 62
    61 61 60 60 61 60 58 58 60 60 59 59 60 59 58 58 59 60 60 59 59 58 57
    57 59 60 61 61 62 63 66 66 65 66 67 68 66 64 67 67 59 59 59 59 58 59
    59 59 61 61 62 61 62 64 65 65 65 64 68 69 67 67 66 68 66 64 64 63 64
    64 62 61 63 63 62 61 62 63 62 64 64 63 63 63 62 64 63 64 64 63 64 62
    64 66 67 69 68 67 69 68 68 70 69 68 68 68 66 64 64 66 65 66 65 65 64
    65 64 64 65 63 63 64 63 64 62 62 64 63 63 63 62 63 63 62 61 60 62 63
    62 62 63 61 63 65 65 67 67 70 69 68 70 70 70 70 69 68 67 66 68 65 65
    65 61 62 62 63 62 62 63 61 62 63 65 64 66 64 65 65 65 64 64 66 65 64
    65 67 65 65 64 63 64 64 63 63 62 62 59 58 60 63 61 61 60 62 63 62 64
    64 64 63 62 61 61 61 62 61 58 59 58 57 58 58 57 56 57 57 56 55 57 58
    60 60 59 60 61 61 62 62 63 65 65 65 63 64 65 66 65 64 63 63 64 64 62
    63 63 62 60 60 60 60 61 60 58 59 60 59 58 58 60 59 59 60 60 61 62 60
    61 60 60 61 62 63 64 64 64 65 67 67 66 66 67 67 65 63 65 65 60 60 59
    59 58 59 59 59 62 62 62 61 61 63 65 67 66 65 68 69 67 68 66 68 66 64
    63 61 62 62 60 60 61 61 60 61 62 62 61 64 64 63 63 63 63 64 63 62 62
    63 64 62 64 66 67 70 69 68 70 70 71 72 70 71 70 70 68 65 65 66 65 65
    64 64 63 64 63 62 63 61 61 62 61 62 61 60 62 60 62 62 61 62 62 60 60
    60 61 62 62 61 62 60 62 63 62 65 64 67 67 67 68 69 68 69 67 67 67 66
    67 63 64 63 61 62 63 63 63 61 63 61 62 64 64 64 64 63 62 63 63 63 64
    66 65 65 66 68 67 67 66 65 65 65 63 63 63 61 58 58 59 62 61 61 60 61
    62 61 62 63 63 62 62 60 61 61 62 61 59 59 58 58 60 60 57 57 57 58 56
    55 56 58 59 59 59 59 60 61 62 62 63 65 66 65 64 65 65 66 66 65 64 64
    65 65 63 64 64 63 61 61 61 61 62 62 60 60 61 60 60 60 61 60 60 60 61
    62 63 61 62 61 61 62 64 64 65 65 65 65 68 69 68 68 68 68 65 65 67 67
    60 60 59 59 58 60 59 58 61 61 62 61 61 63 65 66 65 64 67 68 66 66 65
    66 64 62 60 58 60 60 59 58 59 59 59 60 61 61 61 65 65 65 65 65 66 66
    65 64 65 65 65 62 64 66 67 69 68 67 69 69 69 71 70 72 70 70 69 67 67
    68 67 66 65 64 63 63 62 61 62 59 59 60 60 61 61 60 62 61 62 63 62 63
    62 60 60 59 60 60 61 60 61 59 61 62 63 65 64 67 66 67 67 68 68 68 66
    67 67 66 69 65 65 63 62 63 63 64 64 62 63 61 61 62 63 63 63 62 61 62
    63 62 64 66 65 66 66 67 67 66 66 64 65 65 63 63 63 61 59 59 60 62 60
    61 60 61 62 60 62 63 62 62 61 60 60 60 61 59 58 58 58 57 59 59 58 58
    58 59 57 57 58 60 61 60 60 59 60 61 62 61 63 65 65 63 62 63 63 64 64
    62 61 61 62 60 60 61 61 60 59 59 59 59 61 61 60 61 62 61 60 60 62 60
    61 61 61 62 63 62 62 61 61 62 64 64 65 65 65 65 67 68 67 67 68 67 65
    65 67 68 63 63 62 61 60 61 61 61 63 63 64 61 62 63 65 65 65 64 67 67
    65 65 63 65 63 61 59 58 59 59 57 58 58 59 59 60 61 61 62 66 67 67 66
    66 67 67 67 65 66 65 65 63 64 64 65 66 65 64 66 66 66 68 67 68 67 68
    67 66 66 67 67 66 65 64 63 65 63 63 63 60 61 61 62 63 63 63 65 63 64
    64 63 63 62 61 60 59 60 60 61 61 62 61 63 64 64 66 65 67 67 67 67 66
    66 66 65 66 65 64 68 65 65 63 62 64 65 66 65 64 65 64 63 64 66 67 67
    65 63 64 65 64 66 68 67 67 67 67 67 67 66 64 65 66 63 63 62 62 60 60
    61 63 62 62 60 61 62 60 62 63 62 62 61 59 60 60 60 59 57 58 57 57 59
    59 58 58 58 60 57 57 58 60 61 61 61 60 60 61 61 60 62 65 65 63 63 62
    63 64 64 62 61 62 62 61 61 63 62 60 59 59 59 59 61 61 59 59 59 59 57
    58 60 59 60 61 61 62 63 62 63 62 62 63 64 64 63 63 64 65 66 67 66 66
    67 66 63 64 66 68 63 63 62 61 60 61 61 60 63 63 63 62 63 64 66 67 67
    66 67 68 65 65 63 65 63 60 59 57 58 58 57 57 59 59 60 61 62 63 64 67
    68 69 69 68 68 68 67 66 66 65 65 63 64 63 63 65 64 64 65 64 64 67 66
    67 66 68 67 66 66 68 68 68 67 65 64 64 62 62 62 60 60 60 60 61 62 62
    63 62 64 64 62 63 62 60 59 58 58 59 61 60 61 61 62 63 63 67 66 69 67
    68 67 68 67 67 66 67 67 64 67 63 64 62 61 63 64 65 65 64 64 63 63 66
    67 67 68 65 64 65 66 66 68 70 69 69 68 68 67 67 66 65 66 66 63 63 62
    61 60 61 62 65 64 63 62 62 63 61 63 63 62 61 61 59 59 59 59 59 57 59
    57 58 59 60 59 59 59 60 59 58 59 61 62 62 62 61 61 61 61 61 62 64 64
    62 61 61 62 63 63 62 61 62 63 61 61 62 62 61 60 60 60 61 63 62 61 62
    62 61 59 60 62 61 61 62 62 63 64 64 64 63 63 65 66 66 66 66 66 66 67
    67 67 67 68 66 63 64 65 67 63 63 63 62 61 62 63 61 64 64 64 63 66 66
    67 68 67 66 67 69 65 65 63 65 62 60 59 57 58 58 57 56 58 58 59 59 60
    60 60 64 65 67 67 66 66 67 66 66 66 66 66 64 65 64 63 65 64 63 64 62
    63 65 65 67 65 67 66 66 66 68 68 68 68 66 65 65 63 63 63 61 60 60 60
    61 63 63 63 62 64 63 63 63 63 61 61 59 58 60 61 60 61 61 62 63 63 66
    65 68 67 68 67 68 66 65 64 65 65 63 66 62 62 60 60 63 64 66 66 65 64
    64 64 65 66 67 67 64 63 63 64 64 67 69 68 68 68 67 65 67 65 64 65 64
    62 63 62 61 60 61 64 66 65 64 63 64 65 62 63 64 62 61 60 58 58 58 58
    58 56 59 59 59 61 62 61 62 62 63 61 60 62 63 63 63 63 61 61 61 61 60
    62 64 64 62 60 60 62 64 64 62 61 63 63 61 61 62 64 62 61 61 61 61 63
    62 62 62 62 62 60 61 62 61 61 61 61 63 64 64 64 63 63 64 65 67 67 67
    67 67 67 67 66 66 66 65 61 62 62 64 66 66 65 65 64 65 64 62 64 64 64
    64 66 66 66 67 66 65 65 68 64 65 63 64 60 59 59 58 58 58 57 56 58 58
    58 59 60 60 59 62 63 64 64 63 63 64 63 63 64 64 65 63 64 62 63 65 65
    63 63 62 62 64 63 65 64 67 66 65 65 67 68 68 68 66 66 65 64 63 63 62
    61 61 61 62 63 63 63 62 64 63 62 62 61 60 59 57 57 57 59 59 59 61 63
    64 65 67 67 69 69 71 69 68 67 66 64 65 65 63 65 62 62 61 61 65 66 67
    67 66 65 64 65 66 67 68 68 64 65 65 66 66 67 69 69 68 68 66 66 66 65
    64 65 65 63 63 63 62 61 63 64 66 65 65 63 64 65 62 63 65 63 60 60 59
    59 58 58 58 55 59 58 58 62 63 62 62 63 64 63 62 64 64 64 63 62 61 61
    62 61 61 62 65 63 62 60 60 62 63 63 60 60 61 62 60 60 62 63 62 60 61
    60 62 63 63 61 61 61 61 60 61 62 60 60 60 60 61 62 63 63 61 61 62 62
    64 65 65 65 65 65 66 66 66 67 66 63 64 64 65 65 65 64 63 63 64 64 62
    63 64 65 65 66 66 67 66 66 66 66 67 63 64 63 63 60 59 59 57 57 57 57
    56 58 57 56 56 57 58 58 61 62 62 62 61 61 62 62 62 63 62 62 61 62 60
    60 63 63 62 62 61 61 64 63 64 63 66 65 65 64 66 67 67 67 65 65 64 63
    62 62 62 61 61 61 63 64 63 64 64 65 64 64 63 62 61 61 59 58 59 61 61
    61 63 65 66 66 68 68 71 70 72 70 69 67 66 63 63 64 63 65 62 61 59 60
    64 66 67 68 68 66 66 66 67 67 68 68 65 64 64 66 66 67 68 68 67 67 66
    65 65 65 64 64 64 62 63 63 63 61 63 65 66 65 65 64 65 66 63 64 65 62
    60 60 59 60 59 59 59 57 60 60 60 64 65 64 64 64 64 63 62 64 63 63 62
    61 60 60 60 60 60 61 64 63 62 61 62 64 63 63 61 61 61 62 60 60 61 62
    60 59 60 60 62 64 64 62 62 62 62 61 62 63 61 62 63 62 62 63 64 65 63
    63 64 65 67 67 66 66 66 67 67 66 66 66 65 63 63 64 64 66 66 65 64 63
    65 65 63 64 65 66 65 66 65 67 67 67 67 66 67 64 64 62 64 61 60 60 59
    59 58 58 57 59 58 58 58 59 59 58 61 61 61 61 60 60 61 60 60 60 60 61
    60 61 60 61 63 63 62 62 61 63 65 64 65 64 67 66 66 66 67 67 67 66 65
    65 63 62 61 61 59 60 61 61 63 64 63 63 63 65 63 63 63 62 61 61 59 58
    60 62 61 62 63 66 66 67 69 67 70 70 71 70 70 68 67 64 65 65 64 66 63
    62 60 61 63 66 67 68 67 65 65 65 67 67 69 69 66 67 66 67 67 68 69 69
    67 67 66 66 65 65 65 65 65 63 64 63 64 64 65 67 68 66 65 65 65 66 64
    64 65 62 60 59 59 60 59 59 60 60 62 62 61 64 66 65 64 64 65 63 62 64
    62 63 62 62 60 60 61 61 60 62 64 63 63 62 62 64 63 63 61 60 61 62 60
    60 60 60 59 59 60 60 62 65 64 61 61 61 61 61 62 62 61 61 61 60 61 63
    65 66 65 65 65 66 68 68 70 69 69 68 68 67 68 67 67 65 64 64 64 68 68
    67 66 66 66 66 64 65 66 66 65 66 65 66 67 66 66 65 65 63 63 62 64 62
    61 60 59 60 59 59 59 60 58 58 58 59 58 58 61 60 59 59 57 58 60 60 60
    60 60 60 60 61 61 62 63 63 62 62 61 62 64 63 64 64 66 66 66 65 66 65
    65 64 63 63 61 60 60 59 57 57 58 59 61 63 63 63 64 66 65 66 67 66 66
    65 63 62 62 63 62 63 64 66 65 67 68 67 70 70 73 71 71 69 68 65 65 65
    63 64 61 61 57 58 60 62 64 65 64 63 63 64 66 65 67 67 65 65 64 65 65
    66 66 66 65 65 63 63 63 62 63 63 63 62 63 62 62 63 65 66 67 66 66 66
    66 66 65 65 65 62 61 60 59 60 59 59 60 60 62 62 63 67 68 67 66 67 66
    65 64 65 64 63 63 62 59 60 61 61 61 62 64 64 63 63 63 65 65 66 63 62
    63 63 62 62 61 61 60 59 60 59 61 64 63 61 60 59 60 59 60 60 59 59 58
    59 59 61 62 64 64 63 63 65 67 67 69 68 68 67 67 66 66 66 66 64 63 62
    63 67 67 66 65 64 66 66 65 65 66 67 66 67 65 66 66 66 65 64 64 63 63
    62 63 60 60 60 59 60 59 59 58 59 58 58 58 60 60 59 61 60 61 60 60 60
    61 61 60 61 60 61 61 62 62 63 64 64 63 62 62 62 65 64 65 64 67 67 67
    66 66 66 66 64 63 63 62 61 60 58 56 55 57 58 61 64 64 64 64 66 65 66
    67 67 67 66 64 63 62 64 64 65 66 67 67 68 69 67 70 70 72 70 70 67 66
    64 64 65 62 64 61 60 57 57 60 63 64 65 65 63 64 64 65 64 66 66 64 64
    63 63 63 64 64 64 64 63 61 61 62 61 61 63 63 62 63 62 63 65 67 68 68
    67 67 67 67 68 67 66 67 63 63 62 62 63 61 61 62 61 62 63 63 66 67 66
    65 66 66 65 64 66 65 64 65 64 61 61 61 61 61 62 63 64 63 63 63 65 66
    67 65 63 63 63 61 61 60 60 59 58 58 56 58 61 61 61 61 60 61 61 61 61
    61 62 62 62 61 63 64 65 64 64 64 65 67 67 68 66 67 65 66 65 65 65 66
    64 62 62 63 64 64 63 62 62 63 63 63 64 64 65 64 66 64 65 66 65 65 64
    64 64 64 64 65 62 61 62 60 61 59 59 59 60 58 59 59 60 59 58 61 60 60
    60 59 59 60 59 60 60 60 62 62 63 62 64 65 65 64 64 63 64 67 66 66 66
    68 68 68 68 68 68 68 66 64 64 63 62 62 60 58 57 58 59 62 65 66 65 66
    67 66 66 67 66 67 66 62 61 61 63 63 64 65 67 66 67 67 67 69 69 72 69
    69 66 66 64 65 66 64 65 62 61 59 59 61 64 65 66 65 63 63 63 65 65 66
    66 64 63 62 62 62 62 62 63 63 62 61 61 61 61 62 64 65 64 64 63 63 65
    66 67 68 66 66 65 64 65 66 64 65 62 62 62 62 62 61 61 63 62 63 64 64
    68 68 66 66 67 67 66 65 67 66 65 66 64 61 62 62 61 61 62 63 63 62 62
    62 63 64 65 64 63 63 64 61 61 61 61 61 60 59 58 59 61 62 60 61 60 61
    61 60 61 62 63 63 64 63 65 65 66 65 65 65 66 67 66 66 65 66 65 65 65
    66 66 67 65 64 64 65 64 64 63 61 61 62 63 61 62 62 63 63 64 63 64 65
    65 65 63 64 63 64 64 64 61 60 61 60 61 59 60 60 60 58 59 59 61 60 59
    61 60 59 59 59 59 60 59 60 60 60 62 62 63 63 64 63 64 62 62 62 63 65
    64 64 64 66 67 68 68 68 68 68 67 65 66 66 65 65 62 61 60 61 61 63 66
    66 65 65 66 65 65 66 65 65 64 62 60 59 62 62 63 63 65 64 65 66 66 68
    68 71 69 68 66 65 64 66 66 65 66 63 63 60 60 62 64 66 66 65 64 64 63
    64 64 65 65 64 63 62 61 60 61 61 62 63 62 61 61 61 61 62 65 65 65 65
    64 64 66 67 67 68 66 66 64 64 64 64 63 63 60 60 61 61 61 61 62 63 64
    63 65 66 69 70 67 68 70 70 68 68 68 68 67 67 66 64 64 64 62 61 61 61
    62 62 61 60 62 63 64 62 62 63 63 62 61 60 61 61 59 59 57 60 62 62 61
    62 60 62 63 63 63 63 64 64 64 62 65 64 64 63 62 62 64 66 65 66 65 67
    65 66 67 68 69 70 68 67 66 68 65 65 64 62 63 64 64 63 62 62 63 63 64
    63 63 63 63 64 62 63 62 63 64 63 61 60 61 61 61 59 59 59 59 58 58 58
    60 59 58 60 59 59 59 58 58 61 60 61 60 60 62 62 63 63 64 64 64 61 60
    59 61 63 62 61 61 63 64 65 66 66 67 67 66 63 64 65 64 64 61 61 59 60
    61 64 66 68 67 67 67 67 68 68 68 67 66 63 61 60 63 63 63 64 65 65 66
    67 67 68 68 70 68 67 66 65 63 65 65 64 65 63 63 60 59 61 63 65 66 65
    64 64 63 64 64 65 66 64 63 62 61 59 59 60 61 60 60 60 59 60 61 62 66
    66 66 66 66 66 68 69 69 70 67 67 65 65 64 64 63 62 59 59 60 60 61 61
    62 63 63 63 65 66 70 70 69 69 71 70 69 70 70 70 68 68 66 64 65 64 61
    60 61 60 62 62 61 61 62 63 63 61 62 63 63 62 61 59 61 61 59 59 57 60
    62 63 61 62 61 63 62 62 62 62 64 62 62 61 64 64 63 63 62 63 64 66 65
    66 65 68 65 65 66 67 69 70 69 68 66 68 64 64 63 61 61 62 62 61 60 61
    61 62 62 62 62 63 63 65 64 64 64 66 67 67 64 63 65 65 65 62 61 61 62
    61 61 59 62 61 59 60 59 58 58 57 57 58 58 59 58 58 60 61 62 63 64 64
    64 62 62 60 61 64 62 60 61 62 62 64 65 65 65 67 66 64 66 67 66 66 65
    64 62 64 64 66 67 68 67 66 67 67 67 67 67 66 66 63 62 61 64 64 64 65
    65 65 66 67 67 68 68 69 68 67 65 64 64 66 66 65 65 63 63 60 59 61 64
    65 64 62 62 62 61 63 62 64 65 63 63 61 60 60 60 60 61 61 61 61 61 61
    62 65 68 68 68 68 68 68 70 71 70 71 69 66 65 65 65 65 64 62 59 59 60
    60 61 62 62 64 65 65 67 68 71 71 70 69 71 71 69 69 69 68 67 67 66 64
    64 64 61 60 60 60 62 63 62 62 63 63 64 62 62 63 65 64 62 59 61 61 60
    60 58 62 63 62 60 61 61 63 63 62 61 61 63 61 63 62 65 65 65 64 63 63
    65 67 68 68 67 69 67 67 67 68 69 70 69 67 65 67 62 62 61 59 60 60 61
    60 58 59 59 60 60 60 62 62 62 64 63 64 65 66 69 68 66 65 66 66 66 64
    63 64 64 62 63 61 64 62 61 62 61 59 59 58 57 59 58 59 58 58 59 61 62
    64 65 65 65 64 64 61 62 65 63 61 62 62 61 62 63 63 63 64 63 62 63 64
    63 63 62 63 60 61 61 64 65 66 64 65 66 67 68 66 66 66 66 63 62 61 64
    64 62 62 62 63 64 65 65 66 66 68 67 66 65 64 64 66 66 65 65 63 62 60
    60 62 64 65 65 63 62 62 61 63 62 64 64 63 63 61 60 60 59 59 60 60 60
    60 60 59 61 63 67 66 67 67 67 67 69 70 70 71 69 67 65 66 66 66 65 64
    61 61 62 62 63 64 64 65 66 66 69 70 74 73 71 71 71 72 70 70 70 69 66
    66 64 63 63 62 60 59 59 58 60 61 61 61 63 63 64 62 62 63 64 63 61 59
    61 61 59 59 58 62 63 64 62 63 64 65 65 63 63 62 63 62 63 62 66 65 65
    65 63 64 66 68 69 69 68 70 68 67 68 68 70 71 70 68 67 68 62 62 60 58
    60 60 61 60 59 58 59 60 60 60 61 62 61 63 62 63 65 66 69 68 66 66 67
    67 68 65 65 64 63 62 62 61 64 62 61 61 60 59 58 57 58 59 58 60 58 59
    60 62 63 64 66 65 65 64 64 62 63 66 63 61 62 62 62 64 65 65 64 65 64
    63 65 66 65 66 64 65 63 63 63 64 65 66 64 64 65 66 66 65 64 64 65 63
    63 62 64 64 63 63 64 64 65 65 65 65 65 66 66 65 64 63 62 64 64 64 64
    63 62 60 60 61 63 64 65 64 63 64 62 63 63 65 64 64 63 62 60 59 59 59
    60 60 61 60 62 60 62 64 67 66 67 67 67 67 68 69 69 70 67 65 64 65 64
    65 64 63 60 60 61 62 64 64 64 65 65 65 68 69 73 72 70 69 70 70 68 68
    68 67 64 63 63 62 62 62 60 59 60 60 62 64 63 64 65 64 65 62 63 63 63
    63 60 58 60 59 58 57 57 60 61 62 61 61 62 63 64 62 62 62 64 62 63 62
    65 64 64 65 62 63 64 66 66 67 66 68 67 67 67 67 68 70 69 68 67 69 60
    60 59 58 59 60 61 61 59 59 59 60 60 59 60 60 60 61 61 61 63 65 67 66
    65 65 66 66 66 63 63 63 62 61 62 61 65 63 63 62 61 60 59 59 60 61 60
    61 59 59 60 62 63 64 65 65 64 63 64 62 63 66 62 60 61 62 63 64 65 65
    64 66 64 62 65 66 65 66 65 66 64 65 65 66 67 67 66 66 67 67 67 65 64
    64 64 62 63 63 64 65 64 64 64 64 65 66 66 66 66 66 67 65 64 64 63 65
    65 64 63 62 61 60 59 60 63 64 64 63 64 64 63 64 65 66 64 65 64 63 61
    61 60 58 59 60 59 59 61 59 60 62 66 65 66 67 68 67 69 69 69 69 67 64
    64 64 64 65 63 63 60 60 61 63 65 66 65 65 66 65 68 69 71 71 69 68 68
    68 66 67 66 66 64 63 63 64 63 63 61 61 62 61 64 64 64 65 65 64 64 62
    63 62 62 63 60 59 60 60 58 59 58 62 62 63 62 63 63 64 64 63 63 62 65
    63 63 63 66 66 65 66 63 64 65 67 67 68 67 69 68 67 68 69 70 71 70 69
    68 70 59 59 57 57 58 59 59 60 59 59 59 60 59 59 60 60 59 61 61 61 63
    63 66 65 65 65 66 67 68 65 65 64 63 63 64 63 65 64 64 63 63 61 61 62
    63 63 63 64 62 62 62 63 63 65 66 64 64 63 64 63 63 66 64 62 64 64 66
    67 69 68 67 68 66 64 66 67 65 66 63 63 61 62 62 63 65 65 64 64 65 65
    66 64 64 63 64 62 64 63 65 65 65 64 65 65 65 66 66 66 64 65 66 65 64
    64 62 65 64 63 62 61 60 59 59 59 62 63 64 62 63 64 62 63 65 65 63 64
    63 62 60 61 61 59 60 62 60 60 62 59 61 62 65 64 64 66 67 66 69 69 69
    70 67 66 65 65 64 66 64 63 61 61 62 64 66 67 67 68 69 67 70 70 73 72
    70 69 69 68 68 69 67 68 66 66 66 65 65 64 63 63 62 61 65 65 66 66 66
    65 65 65 64 63 64 63 60 59 60 60 58 59 58 61 61 63 62 64 64 64 65 64
    64 63 66 63 64 63 66 65 64 64 62 62 63 64 64 65 65 67 65 66 66 67 67
    69 68 68 66 68 63 63 61 61 61 61 62 62 62 61 60 61 61 60 62 62 61 64
    63 63 66 66 69 69 68 68 68 68 69 66 66 65 64 63 65 64 67 65 65 65 65
    63 63 65 64 65 63 64 61 62 62 62 61 64 65 63 62 62 63 63 63 66 64 63
    65 64 66 68 70 70 68 68 67 65 67 68 66 67 63 63 62 63 63 64 64 66 64
    64 65 65 67 65 65 64 64 63 65 64 67 67 66 66 66 66 65 66 66 65 64 64
    64 63 63 63 63 65 64 62 62 62 60 60 59 60 61 61 62 60 61 62 60 62 63
    63 62 64 62 61 60 60 60 60 61 62 60 61 62 60 61 62 67 66 67 67 68 67
    70 69 69 70 67 66 64 63 62 64 61 62 60 60 62 63 64 66 65 67 67 66 69
    70 72 71 68 68 69 68 68 69 68 68 67 66 66 65 66 65 64 63 63 62 65 65
    65 65 66 66 65 64 63 62 62 62 60 58 60 60 58 59 58 61 62 62 63 64 63
    63 64 62 63 62 65 62 63 63 65 64 63 64 60 61 60 62 62 62 62 63 62 62
    63 64 65 66 66 65 64 65 62 62 61 60 60 60 61 61 61 60 59 59 59 59 60
    60 60 62 63 63 65 66 67 67 67 66 66 67 67 65 65 63 62 62 64 63 65 64
    64 64 64 63 62 64 64 65 63 63 61 62 62 61 61 63 64 62 62 61 62 62 62
    65 63 62 64 64 65 67 69 69 69 69 68 66 67 69 68 68 65 65 63 64 64 65
    66 68 65 65 67 67 69 68 67 66 65 63 65 64 67 68 66 65 65 64 64 65 66
    65 64 64 64 62 63 63 63 65 64 63 63 63 62 61 61 61 63 63 63 61 63 63
    61 62 63 63 62 63 62 61 60 60 60 59 60 61 59 60 60 59 61 62 66 65 65
    65 66 65 67 67 67 68 65 64 63 63 62 63 62 62 61 60 62 62 64 65 64 64
    64 63 65 67 70 68 66 65 66 65 66 67 66 67 65 64 63 63 63 63 61 62 61
    61 64 64 65 65 67 66 65 65 64 63 63 63 60 59 61 61 59 60 59 61 62 63
    63 63 64 64 64 63 64 62 66 64 65 65 66 66 64 63 60 60 60 61 60 60 61
    62 62 61 63 63 65 66 65 64 64 65 61 61 59 58 58 58 60 61 60 61 60 61
    60 60 61 62 61 63 63 63 65 65 66 65 64 63 64 64 64 62 62 61 60 60 62
    61 64 62 62 63 64 63 61 63 65 65 63 62 61 62 63 61 61 62 63 61 61 60
    61 62 62 65 63 63 64 64 66 67 69 70 70 70 69 67 69 71 70 70 68 68 67
    68 67 68 69 70 67 66 67 67 68 66 65 64 63 61 63 62 65 65 63 63 63 63
    62 64 64 62 61 61 61 59 60 60 59 62 61 60 61 62 61 62 62 63 65 65 65
    64 65 67 64 64 65 64 63 65 63 63 61 61 62 61 62 63 61 63 62 60 63 63
    66 64 64 64 66 65 66 66 66 67 66 65 65 65 64 65 64 64 62 62 64 64 65
    66 64 65 64 64 65 67 69 67 66 65 66 66 66 67 67 67 66 65 64 65 65 64
    62 62 60 61 63 63 63 63 64 63 62 62 61 61 62 61 59 59 61 61 59 60 59
    61 63 63 63 64 64 64 64 64 64 63 66 64 63 64 66 65 64 62 59 59 59 60
    59 61 62 63 62 63 64 65 66 66 66 67 67 67 62 62 60 59 60 60 61 62 62
    62 63 62 62 61 61 62 61 63 63 62 63 63 64 64 63 62 63 64 63 62 62 62
    62 61 63 62 63 63 64 64 65 63 63 65 66 66 64 62 62 62 62 61 60 62 62
    60 60 59 61 62 62 65 63 63 64 63 65 67 69 69 70 70 70 68 70 72 71 71
    69 70 69 70 69 69 69 69 67 66 67 68 69 67 65 64 63 62 63 62 65 64 62
    61 61 60 60 62 62 60 60 60 60 59 60 59 60 62 61 59 61 62 62 62 62 63
    64 64 64 63 65 66 63 64 64 63 62 64 63 62 61 62 63 62 62 63 62 63 62
    60 62 63 65 64 64 64 65 65 66 66 66 67 66 65 65 64 63 64 63 63 62 60
    62 62 63 64 63 64 63 63 64 66 68 67 66 65 66 66 66 66 66 66 65 64 63
    64 65 66 63 62 60 62 63 63 63 64 65 63 62 61 61 62 63 62 59 60 62 62
    60 61 61 63 63 63 63 64 65 64 64 64 65 63 65 63 62 63 65 64 63 61 58
    58 58 59 58 60 62 62 62 63 64 65 66 66 66 66 67 67 62 62 60 59 61 60
    61 63 63 63 64 64 63 63 62 63 62 64 64 63 63 63 63 64 63 62 63 64 63
    63 62 62 63 63 64 63 64 63 64 64 66 64 65 67 68 68 67 65 66 65 64 64
    62 63 63 60 59 59 60 61 61 64 62 62 63 62 64 65 67 68 68 68 67 66 68
    70 70 70 69 69 69 70 69 70 71 70 69 68 69 70 71 69 68 66 65 65 65 64
    65 64 61 60 59 58 57 60 60 57 57 57 58 57 58 57 58 60 59 57 58 60 59
    60 60 60 62 62 63 62 63 65 63 63 64 64 63 66 64 64 62 63 64 64 63 64
    63 64 64 61 63 63 66 65 64 64 65 65 66 66 66 67 66 66 66 65 65 65 65
    64 62 61 63 63 64 64 63 63 62 63 64 66 68 68 66 65 66 66 65 66 66 65
    65 63 63 64 65 66 63 63 62 63 64 64 64 64 65 63 61 61 62 62 63 61 59
    60 63 62 61 62 61 63 63 62 63 63 63 62 63 62 63 60 63 61 60 61 63 63
    61 60 57 56 56 58 57 59 61 61 60 62 63 63 64 64 64 64 65 65 59 59 59
    58 60 60 61 64 63 64 64 65 64 63 63 63 63 64 64 62 63 62 62 63 63 63
    63 63 62 62 62 61 62 62 64 63 64 63 64 65 67 66 66 69 70 70 68 66 67
    66 66 64 63 64 63 61 60 60 61 63 62 65 63 63 63 63 64 65 66 67 67 67
    66 66 67 68 68 68 67 67 67 68 67 68 69 68 67 67 69 69 70 69 68 66 65
    65 65 64 65 63 61 60 59 59 58 59 60 58 58 58 59 58 59 58 59 61 60 58
    58 59 59 60 60 60 62 62 62 61 63 64 63 64 64 64 63 65 64 64 63 63 64
    64 64 63 62 62 62 60 62 62 64 64 62 62 63 64 64 65 66 66 66 65 65 64
    64 66 65 65 63 62 63 64 65 64 62 63 62 63 63 65 67 68 67 66 66 66 66
    67 67 66 66 64 63 64 64 65 63 63 61 63 63 63 63 63 64 62 61 61 61 61
    63 61 59 61 63 63 63 63 63 64 64 63 63 63 64 63 62 62 63 60 63 60 60
    62 64 64 63 62 58 57 56 59 58 60 61 61 60 62 63 62 64 64 64 65 66 65
    60 60 59 59 60 60 60 63 63 64 64 65 65 63 64 65 64 65 66 63 64 63 62
    63 63 63 62 63 63 62 63 62 63 63 66 64 64 63 64 64 66 65 65 68 68 68
    67 66 67 67 66 65 64 64 64 62 61 61 61 63 62 64 62 63 64 63 64 65 67
    68 69 69 68 68 69 70 70 71 70 70 70 70 69 69 69 69 67 66 68 68 69 67
    67 66 64 65 65 64 66 65 62 61 60 59 58 59 60 58 59 59 59 58 60 60 62
    63 62 60 60 61 61 62 62 62 63 63 62 62 64 65 64 64 65 65 65 67 65 66
    65 65 66 65 65 65 63 63 63 60 61 61 62 63 62 62 63 63 64 65 65 65 65
    65 64 63 62 64 63 63 61 60 61 63 64 63 62 64 63 64 63 65 66 67 66 64
    65 65 65 64 65 63 64 63 63 64 63 64 63 63 62 63 63 63 62 63 64 61 60
    61 61 60 61 60 59 60 62 61 61 61 62 62 62 61 62 62 62 62 62 62 63 60
    63 61 60 62 64 64 64 62 59 58 58 60 59 61 63 62 61 62 64 64 66 65 66
    67 68 67 58 58 57 58 58 58 59 62 62 63 63 64 64 63 64 65 63 65 64 62
    63 62 60 63 62 62 60 61 61 61 63 62 63 63 66 63 63 63 64 64 66 66 65
    68 69 70 68 67 69 69 68 67 66 65 65 62 62 61 61 63 62 64 63 65 65 65
    67 68 69 70 71 71 69 69 70 70 69 70 68 68 68 69 68 68 69 69 67 66 68
    69 69 69 68 66 64 66 65 64 65 64 62 60 59 58 58 59 60 58 59 59 60 59
    60 61 62 62 62 60 59 60 60 61 60 60 62 61 60 61 62 64 65 64 65 64 64
    66 66 66 65 64 65 64 63 64 61 63 62 60 61 60 61 63 62 62 63 62 63 63
    64 64 64 65 64 62 61 63 62 62 60 59 60 62 61 61 61 62 62 62 62 63 65
    65 64 63 64 64 65 64 65 63 64 63 62 63 62 63 61 61 60 61 61 61 61 62
    63 61 61 61 62 62 62 62 61 63 63 63 62 62 63 62 63 62 63 63 62 62 63
    64 65 64 66 64 63 65 65 65 65 64 61 60 59 60 58 60 62 61 61 63 65 65
    66 65 66 68 69 69 59 59 59 58 58 59 60 62 63 65 65 65 66 65 65 67 65
    66 66 64 63 62 60 62 62 61 60 60 60 59 62 60 61 61 63 62 61 62 63 63
    65 64 64 68 68 69 69 67 69 69 70 68 67 66 66 63 63 63 62 64 62 63 63
    65 65 65 68 69 70 71 72 72 71 71 71 72 71 72 69 68 68 69 68 68 69 68
    66 65 67 67 68 68 67 66 65 66 66 66 66 65 63 62 61 60 59 59 59 58 59
    59 60 59 59 60 62 62 62 60 59 60 60 60 59 59 60 60 60 60 61 62 63 63
    63 63 63 66 65 66 65 64 65 64 63 64 62 64 63 61 61 60 62 64 63 62 63
    62 63 63 64 63 63 64 62 61 60 62 63 62 61 60 60 61 61 61 61 62 62 62
    61 62 63 64 63 62 63 64 64 63 64 63 64 63 63 64 64 65 63 63 62 64 63
    62 62 63 63 61 61 61 62 61 61 61 60 62 63 63 63 63 63 62 62 62 63 62
    62 61 63 64 65 63 67 64 63 65 65 65 65 63 60 58 57 58 56 58 60 60 60
    61 63 63 64 64 64 66 67 66 59 59 59 59 58 59 59 61 62 64 65 64 65 64
    65 66 66 67 67 65 64 63 61 64 64 62 60 61 60 60 62 61 63 63 65 63 62
    62 63 63 66 65 63 66 66 66 66 64 67 67 67 64 63 63 64 62 62 61 59 62
    60 61 62 64 64 63 65 66 67 68 69 69 68 68 68 69 68 69 67 65 66 67 67
    67 69 69 67 67 69 69 70 71 71 70 68 69 68 67 68 67 65 63 62 62 61 61
    60 59 61 61 61 61 60 60 62 62 60 59 59 59 59 59 59 58 60 59 58 58 59
    61 62 61 61 61 61 64 65 66 65 65 66 65 65 66 64 65 64 63 63 62 63 65
    65 64 63 63 64 63 65 64 64 65 63 61 60 62 63 61 61 60 61 61 61 60 61
    62 63 63 61 63 64 64 64 63 64 66 66 66 67 65 67 67 66 67 66 67 65 65
    63 64 63 63 62 62 63 61 62 63 63 62 63 64 65 66 67 66 66 67 67 66 67
    66 66 65 63 63 64 65 66 64 66 65 63 65 64 65 65 64 61 59 58 59 57 59
    61 61 61 62 64 64 65 64 65 67 67 66 60 60 60 60 59 60 60 61 62 64 65
    64 65 65 66 67 67 68 67 66 65 63 61 65 64 61 60 60 60 60 63 61 62 62
    64 61 61 62 62 63 65 64 62 65 65 66 66 64 68 67 68 65 64 64 65 63 63
    62 61 63 61 61 62 65 65 64 65 67 68 69 71 70 69 70 70 70 69 70 69 67
    67 67 67 67 68 68 66 65 67 67 69 70 70 70 69 70 69 68 68 67 66 64 63
    63 62 61 60 59 61 60 61 62 60 61 62 61 60 60 59 60 59 60 58 58 59 59
    58 59 59 59 61 61 60 61 62 64 64 65 66 65 67 68 67 69 68 68 66 66 67
    66 66 68 67 65 64 64 64 63 65 64 64 65 63 60 59 61 63 60 60 61 61 62
    61 60 62 64 64 64 62 64 65 64 64 63 63 67 67 66 67 65 67 67 66 67 66
    66 65 63 61 62 60 61 60 61 61 60 61 63 62 62 63 63 64 66 66 65 65 65
    65 64 66 65 65 63 62 62 63 65 66 64 66 65 63 64 64 65 65 63 61 60 59
    59 57 60 61 62 61 62 63 64 65 64 65 66 66 65 60 60 60 60 59 61 61 62
    62 65 65 64 66 66 67 69 69 69 68 67 66 64 63 66 64 61 59 58 58 57 60
    59 60 60 62 60 60 61 62 63 65 64 63 65 65 65 65 64 67 67 67 65 63 64
    65 63 63 62 60 62 61 61 61 64 64 63 63 64 64 67 69 69 67 69 69 70 69
    71 70 68 69 69 69 69 70 70 68 68 70 69 71 72 73 72 71 72 70 69 69 67
    66 64 62 63 61 61 60 58 60 59 60 60 59 60 62 60 60 60 59 60 59 60 59
    59 60 59 59 59 59 60 62 61 61 62 63 65 65 67 66 66 67 68 67 69 68 69
    67 67 68 67 67 68 68 65 64 63 63 62 63 63 63 62 59 57 57 59 60 57 58
    58 59 59 58 58 60 62 62 63 61 63 64 64 63 63 62 65 66 64 65 63 65 66
    64 67 66 66 65 63 61 61 60 60 59 59 59 57 59 60 60 61 62 64 65 68 67
    67 67 68 67 66 67 66 66 64 63 62 63 64 65 63 65 64 62 63 63 65 65 64
    62 62 61 61 60 61 63 64 63 64 66 65 66 65 66 67 67 67 58 58 58 58 58
    60 59 61 61 63 64 64 66 66 66 68 66 67 66 65 64 62 61 64 62 59 58 58
    58 58 60 59 60 61 62 60 60 62 62 63 66 65 63 65 65 65 65 64 68 68 69
    67 65 65 66 64 65 63 62 63 61 61 61 62 63 62 63 64 64 67 68 68 66 68
    69 70 69 72 71 69 69 69 69 69 71 70 68 67 69 68 70 72 72 72 71 72 70
    70 69 68 67 65 63 64 62 62 61 60 61 60 62 63 62 61 62 60 60 60 59 60
    59 59 58 57 58 59 59 59 59 60 62 61 61 63 63 64 64 66 66 66 67 67 67
    70 69 69 67 68 69 67 67 68 67 65 64 63 63 62 63 61 61 61 59 57 57 59
    61 58 58 58 59 60 60 59 61 63 64 63 61 63 63 64 62 62 61 64 64 62 63
    61 65 65 64 67 65 65 64 63 62 62 61 61 58 58 58 56 59 60 61 62 62 65
    65 69 68 68 69 70 69 69 69 67 67 64 64 63 64 65 67 65 65 64 63 64 65
    66 66 65 64 63 63 63 63 65 66 67 67 67 69 68 68 68 69 70 70 69 59 59
    60 59 60 61 60 62 62 64 65 65 67 68 68 69 68 68 67 65 64 63 63 66 64
    60 59 59 60 60 62 61 63 62 63 61 61 64 63 64 67 67 66 67 65 66 66 65
    68 68 69 68 65 65 66 64 65 64 62 63 61 61 61 63 63 62 63 64 64 67 68
    68 67 68 70 69 68 70 69 69 69 69 69 69 70 69 68 67 68 69 70 71 71 71
    71 72 71 70 69 67 66 64 63 63 62 60 60 58 60 59 62 62 61 60 61 59 60
    60 58 59 58 58 56 56 57 57 57 58 58 59 60 59 59 62 62 64 64 66 65 66
    66 67 68 71 70 69 68 69 68 68 68 68 68 67 65 64 63 63 63 61 62 61 60
    58 57 59 60 57 58 59 60 61 62 61 63 65 66 66 63 65 64 64 64 63 61 64
    63 62 63 62 65 66 66 69 66 67 66 64 64 63 61 60 58 57 57 54 57 58 59
    61 60 63 64 68 68 69 69 70 70 68 68 66 66 63 63 62 63 64 65 63 63 63
    63 63 64 65 65 65 64 62 62 64 64 65 66 67 67 68 69 68 68 68 68 69 68
    68 59 59 60 61 61 62 61 63 63 64 64 65 68 68 69 70 68 68 66 65 63 63
    62 65 64 61 60 60 61 60 63 62 64 63 65 63 63 65 64 65 67 67 67 68 65
    66 65 65 68 68 69 68 66 66 66 65 66 65 63 63 62 61 61 63 64 63 64 64
    65 68 68 68 66 68 69 68 68 70 68 68 68 67 68 68 69 69 69 68 70 70 72
    73 73 74 74 74 74 72 70 68 67 66 64 65 63 62 62 61 62 63 65 66 65 63
    65 63 63 62 60 61 58 57 56 55 56 55 56 56 56 56 58 57 58 60 61 63 63
    65 63 64 65 66 67 69 68 67 67 68 67 67 68 69 70 68 66 65 65 64 65 62
    63 62 60 58 56 58 59 56 57 58 58 60 61 60 62 64 65 65 63 64 63 63 62
    61 59 61 61 59 59 58 61 62 62 64 63 64 63 61 62 61 60 60 58 58 59 57
    59 60 61 63 62 65 66 68 68 69 68 70 69 67 66 64 64 62 61 60 62 62 64
    62 63 64 64 65 65 67 67 67 66 65 65 66 66 66 67 69 69 69 70 70 70 70
    70 70 69 69 59 59 61 62 61 62 61 63 63 64 63 64 67 67 69 69 67 69 67
    65 65 64 64 67 65 63 61 60 61 60 62 61 63 62 63 62 61 64 61 63 65 66
    65 65 63 63 64 63 66 66 68 67 65 65 65 65 66 65 64 64 63 62 63 64 64
    64 65 64 64 67 66 66 64 66 67 66 66 69 67 66 67 66 68 68 69 69 68 68
    70 69 71 72 73 74 73 74 74 73 71 70 69 68 66 67 65 64 65 63 64 63 65
    65 64 63 65 62 62 61 59 60 58 57 56 55 55 56 56 57 57 58 58 57 58 62
    62 64 64 65 64 65 66 67 68 70 69 67 68 69 69 68 69 68 70 67 66 65 65
    64 64 62 61 60 59 58 56 58 59 56 57 58 59 61 62 61 63 65 66 65 63 64
    64 64 64 62 60 62 61 59 59 58 60 62 62 63 61 62 62 61 62 61 61 61 59
    58 59 57 59 60 61 62 62 66 66 68 70 70 70 71 71 69 69 66 65 62 62 61
    62 62 64 62 63 64 63 64 65 67 67 68 67 67 66 67 67 68 69 71 69 69 70
    69 70 70 70 70 68 68 62 62 63 64 62 62 61 63 63 63 63 64 65 67 68 69
    68 69 68 66 65 65 65 67 66 63 61 59 61 60 62 61 62 61 62 61 61 63 61
    64 65 65 64 64 62 63 63 61 64 66 68 66 65 65 66 66 68 67 65 65 65 63
    63 65 65 64 64 64 63 65 66 67 64 66 67 66 66 68 66 64 65 64 66 65 66
    65 64 64 65 65 67 69 70 72 70 71 72 71 71 70 69 69 68 68 68 65 67 66
    66 65 66 66 65 63 65 63 62 62 61 61 59 57 56 55 56 56 57 57 57 58 58
    56 58 61 61 63 63 64 64 65 65 66 66 69 67 66 67 67 68 68 68 67 69 67
    66 65 66 64 64 61 61 60 58 57 54 57 58 56 56 58 59 61 62 61 63 65 66
    64 62 63 62 62 62 61 59 62 62 59 59 59 61 63 63 64 61 62 62 61 62 61
    62 62 60 59 60 58 60 61 61 62 62 66 65 67 67 68 68 71 71 69 70 67 66
    63 64 62 63 63 64 63 62 63 63 65 65 67 67 69 69 68 68 68 69 69 69 71
    70 70 71 70 71 71 70 71 70 71 63 63 64 65 62 63 61 63 63 64 63 64 65
    67 68 68 67 69 67 67 65 64 65 66 65 61 60 60 62 61 63 62 63 63 63 62
    62 64 62 63 64 64 62 62 60 61 61 61 63 64 66 65 64 64 66 66 67 67 65
    64 64 62 62 64 65 64 63 63 63 64 65 66 64 66 68 67 66 68 67 67 68 67
    68 68 68 68 66 66 66 67 69 69 69 71 70 71 72 72 71 72 71 71 69 70 70
    68 68 66 65 64 65 64 63 61 63 62 61 61 60 60 58 58 57 56 58 57 57 57
    56 58 58 57 59 61 61 63 63 65 64 66 67 67 67 71 69 69 69 69 70 70 69
    68 70 68 67 65 65 62 62 58 58 57 56 56 52 55 56 55 56 58 59 61 62 62
    64 65 67 65 62 63 62 61 61 61 59 61 60 57 57 57 60 62 62 63 61 61 62
    61 62 61 63 62 60 58 59 57 59 60 60 60 60 64 63 66 66 67 67 69 70 69
    69 67 66 64 63 61 63 63 64 63 63 64 64 66 66 68 68 70 69 69 68 67 68
    69 69 70 70 70 70 70 71 72 71 72 70 72 63 63 63 64 62 62 62 63 64 65
    63 64 66 66 67 68 67 68 67 66 65 64 65 67 65 63 62 61 63 62 65 64 64
    64 64 63 63 64 62 63 64 64 63 63 61 62 62 61 63 64 66 66 64 64 65 66
    67 66 65 65 66 64 64 65 66 65 65 63 63 65 65 66 64 65 67 65 65 67 65
    65 67 67 68 68 69 68 67 67 68 68 71 71 70 70 69 71 71 72 71 71 70 71
    68 70 71 69 68 67 66 64 65 65 63 61 62 60 59 59 59 60 57 58 57 56 58
    58 59 58 57 59 58 57 59 61 60 63 62 63 62 65 66 67 68 71 70 70 70 70
    71 71 71 68 70 68 65 63 62 59 60 57 57 56 55 56 53 55 57 57 58 59 59
    61 60 61 63 63 65 63 61 61 60 60 60 59 57 58 58 56 55 55 59 61 62 63
    60 61 61 61 62 61 63 63 60 58 59 58 59 61 61 62 60 64 63 66 67 68 68
    71 71 70 70 68 67 64 64 62 63 62 63 62 62 63 64 65 66 68 68 69 69 69
    68 68 68 68 68 70 70 69 69 68 68 69 68 69 67 69 63 63 64 65 63 64 63
    65 66 67 66 67 68 70 69 69 69 70 68 68 66 65 66 67 65 62 62 61 63 62
    64 64 63 63 63 63 63 65 62 64 64 63 63 62 62 62 62 62 63 65 66 66 64
    64 65 67 67 66 65 64 65 62 62 63 64 63 62 60 60 62 63 63 62 64 66 65
    65 66 65 65 68 67 68 69 68 67 66 66 67 67 69 70 69 70 70 71 73 73 73
    73 72 73 71 72 72 70 69 67 66 64 64 64 62 60 61 60 58 58 58 60 58 58
    58 57 59 60 61 61 60 61 61 60 60 63 62 64 64 65 64 66 67 68 69 70 70
    69 70 69 69 69 68 66 67 66 63 62 61 60 59 56 57 56 55 57 55 57 59 59
    59 60 61 63 62 63 64 64 65 63 62 62 61 61 61 60 59 59 58 57 55 55 58
    60 61 63 60 60 62 62 63 62 64 64 60 58 58 58 59 61 60 61 60 64 62 66
    67 67 67 69 70 69 69 67 65 63 63 61 61 61 62 60 59 61 61 62 63 65 66
    67 67 67 66 66 67 67 66 68 67 66 66 65 66 67 66 66 64 65 62 62 64 65
    62 63 62 65 66 68 66 68 69 70 69 69 69 69 68 67 66 64 65 65 63 61 61
    60 62 62 65 64 63 63 64 62 63 64 62 63 62 62 60 60 60 60 60 60 62 63
    64 64 63 63 64 66 66 65 64 64 64 62 62 63 64 64 63 61 60 63 64 64 64
    66 68 66 67 67 67 67 70 69 69 70 69 69 67 67 68 69 70 71 70 70 70 71
    72 72 73 74 73 73 71 71 73 72 71 69 67 66 66 65 64 62 64 61 59 59 60
    61 60 59 59 58 60 60 60 60 60 61 61 60 62 64 62 65 65 65 65 67 68 68
    68 69 67 67 69 68 68 69 68 66 68 67 65 63 63 61 60 56 57 56 56 57 55
    57 58 58 58 60 61 64 62 62 63 64 65 63 61 61 61 60 61 59 58 57 57 56
    55 54 58 60 61 62 59 60 62 62 63 61 64 64 60 58 59 58 60 62 61 62 61
    64 62 66 67 68 67 70 71 69 69 66 65 64 64 62 62 61 63 60 59 60 61 63
    64 66 66 67 67 66 65 65 67 66 64 66 65 63 64 64 64 65 64 64 63 64 63
    63 65 66 64 65 64 66 68 69 68 70 71 72 70 69 68 68 67 66 65 63 63 63
    61 58 59 58 61 61 64 63 63 63 63 61 62 63 61 62 61 61 60 59 58 59 59
    60 62 63 65 65 64 63 64 66 67 67 67 66 66 65 64 65 67 68 66 64 63 64
    65 66 65 66 69 67 67 67 67 67 70 69 70 70 69 68 67 68 68 69 70 71 70
    69 69 71 72 73 73 74 72 73 70 70 72 71 70 68 66 65 66 64 64 63 65 63
    61 61 61 62 62 61 60 60 61 61 61 62 62 63 63 63 64 65 64 66 66 65 64
    66 66 67 66 67 66 65 66 65 66 67 67 64 66 65 63 61 61 59 59 55 56 55
    55 57 55 57 58 59 59 61 62 65 63 64 65 64 65 62 61 61 59 59 60 59 57
    56 55 54 53 53 55 58 59 59 56 56 58 59 60 60 63 63 59 58 59 59 60 62
    61 62 61 62 60 64 65 65 64 67 68 67 67 64 63 63 63 61 61 61 63 60 59
    60 61 63 65 66 66 67 67 67 65 66 67 66 65 67 65 64 64 64 65 65 64 64
    63 64 63 63 65 66 64 65 64 67 68 69 67 70 70 71 68 68 67 67 66 64 62
    62 61 61 60 58 59 59 61 61 64 64 64 64 64 63 63 64 62 63 61 61 60 59
    59 60 59 60 62 62 64 65 64 63 65 67 67 67 67 66 66 66 64 65 66 67 66
    64 62 64 64 65 65 66 68 67 68 67 67 67 70 70 71 70 70 69 68 69 70 70
    71 73 72 71 71 72 73 73 74 74 72 72 70 69 70 70 69 67 66 65 65 64 64
    63 66 64 62 62 63 63 63 62 62 61 61 62 61 62 62 63 63 62 63 64 63 66
    66 65 63 65 64 65 64 64 63 63 64 62 63 65 66 63 65 64 62 61 62 61 60
    56 57 57 57 59 57 59 61 62 61 63 64 67 64 64 65 65 65 62 60 60 58 59
    60 59 57 56 55 55 53 53 56 58 61 60 57 58 59 61 61 60 64 64 61 59 59
    60 60 61 61 62 61 63 60 65 66 66 66 68 70 68 68 65 63 63 64 61 62 62
    63 60 59 60 62 64 66 67 66 67 66 65 63 65 65 64 62 64 63 62 62 63 64
    66 65 64 64 66 63 63 65 66 64 66 65 66 68 69 67 70 71 72 69 68 67 67
    66 66 64 63 63 63 62 61 61 62 64 64 67 67 66 66 66 64 63 64 61 62 61
    60 59 58 58 60 60 61 63 63 65 66 66 64 65 67 67 66 66 65 65 65 64 64
    64 65 65 63 61 62 62 64 64 64 65 65 66 66 65 66 70 70 71 70 70 70 68
    68 69 70 70 70 69 69 68 70 71 71 72 73 71 71 68 68 70 69 69 68 67 66
    66 65 65 64 68 66 63 63 64 64 63 63 62 61 61 61 61 62 62 63 62 61 62
    62 61 64 64 63 63 64 64 64 64 64 64 63 64 63 64 65 65 64 65 65 63 63
    62 61 60 56 58 58 59 61 60 61 64 64 64 66 66 70 67 65 66 65 65 62 60
    60 58 58 59 58 57 56 56 56 54 54 57 59 62 60 58 59 62 63 64 62 65 66
    63 61 62 63 62 64 62 63 62 62 59 63 64 64 64 66 68 66 66 63 60 61 63
    61 61 61 63 61 59 60 62 65 67 67 67 68 67 66 63 64 65 64 62 63 62 61
    60 60 61 63 62 61 61 62 64 64 67 67 65 66 65 66 68 69 66 68 69 70 68
    67 67 67 66 65 63 62 62 63 61 61 62 63 64 64 67 66 66 66 66 64 63 63
    61 61 61 60 59 58 58 60 61 62 64 64 66 66 66 65 67 68 68 68 66 64 65
    65 65 64 64 65 64 63 61 61 62 64 63 64 64 64 66 65 64 66 69 70 70 69
    69 68 68 68 68 69 70 69 68 68 67 69 69 70 70 71 69 68 66 66 68 68 68
    67 66 64 65 63 64 63 66 65 62 62 63 62 62 62 62 62 62 62 61 62 63 63
    63 63 63 64 63 66 67 65 64 64 64 65 63 63 64 63 63 61 61 63 63 61 63
    63 61 61 60 59 58 55 57 57 59 61 60 61 63 63 62 64 64 67 63 62 63 62
    62 60 58 58 58 58 60 59 57 57 55 56 54 53 56 57 60 59 57 59 62 63 64
    63 66 67 65 64 64 66 65 66 64 64 63 63 60 62 63 63 63 64 66 64 64 61
    60 61 62 60 60 61 62 60 60 60 61 64 67 67 68 68 68 66 63 64 63 63 61
    62 60 59 58 59 61 62 61 60 60 61 62 62 64 66 63 64 64 64 65 67 64 66
    68 69 66 65 65 66 65 66 63 61 61 62 60 60 61 61 62 62 64 63 63 64 64
    62 62 61 60 60 59 58 57 57 58 59 60 62 63 64 65 65 65 65 66 67 68 66
    66 64 65 65 65 65 64 66 64 63 61 62 63 65 65 65 65 66 67 66 66 67 71
    71 71 69 69 69 68 68 68 69 69 69 67 68 67 68 69 69 70 71 70 69 67 67
    68 68 68 67 66 65 65 64 65 64 66 66 63 62 63 62 62 62 62 62 62 63 61
    62 63 64 65 65 65 64 63 67 67 66 66 66 66 66 64 64 65 64 65 62 62 63
    63 62 63 64 62 62 60 60 59 57 58 58 58 60 58 59 62 63 61 62 62 65 61
    60 62 61 62 60 58 58 58 58 60 60 59 59 57 57 54 53 55 57 60 58 56 58
    61 63 64 63 67 67 66 65 65 67 65 67 65 65 64 64 61 63 63 62 63 64 67
    66 66 64 62 65 64 63 62 63 65 63 63 62 62 65 68 67 68 68 68 67 64 64
    63 63 62 62 60 59 59 60 62 62 62 62 61 62 63 63 65 66 63 63 63 63 64
    65 63 64 66 68 65 64 65 66 66 67 65 62 63 63 61 60 61 62 62 62 64 63
    62 64 63 61 60 61 60 59 60 59 57 57 59 60 61 64 65 65 66 68 67 66 67
    68 68 66 66 64 65 65 65 65 65 66 65 65 64 63 65 66 66 65 65 65 65 65
    65 65 68 69 69 67 68 67 66 66 66 67 67 67 66 66 65 67 67 69 71 71 71
    70 68 67 67 67 66 64 64 62 62 60 61 62 64 64 62 62 64 64 64 65 65 66
    65 66 65 65 66 65 66 66 65 64 62 65 66 64 65 65 65 65 63 64 66 65 65
    63 63 63 63 61 62 63 61 60 58 58 58 56 57 57 57 60 59 60 63 63 62 63
    63 65 61 61 62 61 62 60 59 59 60 60 62 62 62 61 59 59 56 56 58 59 62
    61 58 59 62 64 64 64 68 68 67 65 64 66 65 67 65 65 63 63 61 63 62 62
    64 65 68 67 67 66 65 67 66 65 65 66 67 65 65 63 64 66 68 67 69 68 66
    65 62 61 61 61 59 59 57 57 56 57 59 59 58 59 58 59 63 63 65 66 63 64
    64 63 65 66 62 64 66 68 65 64 65 65 65 66 64 62 63 63 61 61 62 62 62
    63 65 64 63 65 64 62 62 62 61 59 59 58 57 57 59 61 63 65 65 66 67 69
    68 68 69 69 67 66 64 62 65 65 64 64 66 65 65 66 66 66 68 69 69 68 67
    67 67 67 67 67 70 70 69 68 68 67 67 68 67 68 67 66 65 65 65 67 66 69
    70 69 69 67 66 66 66 66 64 64 63 62 62 61 62 63 64 65 63 63 64 64 64
    65 65 65 65 66 65 65 65 64 65 66 64 64 62 64 66 65 66 66 65 65 64 64
    66 65 65 63 63 63 63 61 63 64 62 61 59 59 58 56 58 57 58 60 60 60 62
    62 61 62 62 65 61 60 62 61 62 61 59 60 60 60 62 62 62 61 60 60 57 56
    58 59 62 61 59 58 61 62 63 63 67 67 67 65 64 66 65 67 66 66 64 64 62
    64 62 62 63 63 65 64 63 62 61 63 62 61 62 64 65 63 64 62 64 65 68 68
    68 67 65 63 61 60 60 61 59 60 58 58 57 58 59 59 59 60 59 60 62 62 64
    65 63 64 64 63 65 66 63 63 66 67 64 63 64 64 64 65 63 61 62 62 61 60
    62 63 63 64 66 65 64 66 65 63 63 63 62 60 60 59 58 58 60 61 63 66 65
    65 67 68 68 67 68 67 66 64 62 60 62 63 63 63 64 64 65 66 66 67 69 70
    70 69 68 69 69 68 68 69 71 71 70 68 69 68 69 69 69 70 69 67 66 67 67
    69 68 70 71 69 70 68 66 66 67 66 66 65 65 64 64 63 63 65 66 67 64 65
    65 64 64 64 66 66 64 65 65 65 66 65 67 67 66 66 64 66 69 68 68 68 67
    66 65 66 67 66 66 64 63 63 64 62 64 66 63 63 61 62 61 59 61 61 61 62
    62 61 63 62 62 63 61 64 60 59 61 61 62 62 61 62 61 61 64 63 63 61 59
    59 56 55 57 58 60 58 57 56 60 62 63 62 65 66 65 64 63 66 65 67 66 67
    65 65 64 66 65 64 64 64 66 65 64 63 62 64 64 62 63 65 66 66 66 64 65
    66 69 68 69 68 66 64 61 61 61 61 60 61 59 59 57 58 59 60 59 60 58 59
    63 63 65 66 64 65 65 64 65 66 63 64 67 67 66 64 64 65 64 66 65 63 64
    64 63 62 63 64 64 66 66 65 64 66 65 63 62 64 62 61 61 60 59 59 60 62
    64 67 66 66 68 69 68 68 68 68 67 64 63 61 63 64 64 64 65 65 67 68 68
    70 71 72 72 69 67 68 68 67 67 67 68 69 69 66 67 67 68 68 67 68 68 67
    67 67 66 69 67 69 70 68 69 67 65 64 64 65 65 65 66 65 65 65 65 67 68
    69 67 66 65 64 65 65 65 66 64 66 66 66 66 66 68 67 65 64 63 65 68 67
    66 66 65 65 64 65 67 66 65 63 63 64 65 63 64 66 64 65 63 64 64 62 63
    63 63 64 64 63 65 64 63 64 62 64 59 59 60 60 61 61 60 61 61 61 64 64
    64 62 60 60 57 56 57 59 60 59 57 57 60 62 63 62 65 66 66 66 65 68 67
    69 68 69 67 67 66 68 66 64 65 64 66 64 64 63 62 64 64 62 64 65 65 65
    65 64 64 64 66 65 66 65 64 62 61 60 60 60 59 60 58 58 56 58 59 59 58
    58 57 58 62 62 65 67 65 65 65 65 66 66 62 63 67 67 65 63 63 63 63 64
    62 62 63 63 61 61 62 62 62 63 64 63 64 65 65 61 62 64 62 62 63 63 61
    61 61 63 65 68 67 67 69 69 69 68 68 68 67 64 63 61 63 64 64 64 65 66
    67 69 69 70 70 72 72 70 68 69 69 69 68 67 68 69 70 67 68 68 68 68 68
    68 68 67 68 68 66 69 68 69 69 68 67 66 65 65 64 64 66 65 65 65 65 65
    66 67 68 70 69 68 66 66 66 66 67 66 65 66 66 66 66 66 68 67 65 64 64
    66 68 67 67 67 66 65 64 65 67 66 65 63 63 63 63 63 64 66 65 65 64 65
    65 63 64 64 64 64 64 63 65 64 62 64 62 65 61 61 62 62 63 64 62 63 63
    63 65 65 65 63 61 61 58 57 58 60 61 59 57 58 61 63 63 62 65 65 67 67
    67 69 69 69 69 69 68 68 67 69 66 64 65 64 65 64 63 62 61 64 64 62 63
    64 65 64 65 64 64 65 67 65 66 65 64 63 62 62 61 61 60 61 60 60 58 60
    61 61 61 61 60 62 64 64 66 68 66 65 66 65 66 65 61 62 65 65 63 61 61
    62 61 62 60 60 61 61 59 60 60 62 62 62 62 61 62 64 63 60 61 62 62 61
    62 63 62 62 62 63 65 68 67 67 69 69 68 68 69 67 67 65 63 62 64 65 65
    65 66 65 67 70 70 71 72 74 74 71 68 69 69 69 69 68 68 68 69 66 67 68
    69 69 69 70 69 68 69 68 67 69 67 68 67 66 65 65 64 63 62 63 65 65 66
    66 66 66 68 68 69 71 71 70 68 66 66 67 69 68 67 68 67 67 66 66 67 66
    65 63 63 65 66 64 64 64 64 64 63 65 67 65 63 62 63 63 64 63 65 66 65
    65 64 65 66 49 69 33 103 85 90 97 14 116 91 77 90 53 0 56 46 63 74
    97 50 88 38 117 18 126 101 28 61 87 92 69 49 42 0 19 124 62 85 16 78
    24 65 123 1 112 80 101 101 83 57 16 118 9 109 90 100 15 103 60 53 24
    103 107 12 15 65 63 63 64 64 64 65 63 63 64 66 64 65 64 63 62 61 61
    60 61 60 61 60 60 59 60 61 61 60 60 60 61 63 63 66 68 66 65 67 66 66
    65 61 62 66 66 64 62 61 61 61 62 61 62 63 63 61 60 61 62 62 63 62 61
    62 63 63 60 61 62 63 63 64 65 65 64 64 65 67 70 68 67 69 69 69 68 69
    67 68 65 64 62 66 67 67 67 67 66 67 70 70 72 71 73 72 69 66 68 68 69
    69 68 68 69 70 67 68 69 71 70 70 70 70 68 70 70 68 70 68 70 68 67 66
    66 64 64 62 62 65 66 66 66 66 68 69 68 68 71 71 70 68 67 66 67 69 67
    68 70 69 69 68 69 69 68 67 65 65 66 67 65 65 65 65 64 65 66 68 66 64
    63 62 63 63 62 62 64 62 63 62 64 66 126 108 22 56 40 26 66 101 55
    103 15 30 68 54 90 46 22 121 9 61 102 109 92 113 60 57 11 117 63 89
    96 14 42 10 21 99 18 91 35 65 65 14 24 118 91 55 79 122 74 51 11 81
    121 87 104 101 57 119 18 126 14 4 45 7 14 65 63 64 65 64 64 64 63 62
    62 64 61 63 63 62 61 62 61 61 62 61 63 62 63 61 63 64 64 63 63 62 63
    61 61 63 65 64 63 64 64 65 63 59 61 65 64 63 61 61 61 61 62 61 62 63
    63 62 62 62 63 62 63 62 61 61 63 63 61 62 63 63 65 66 67 67 68 67 69
    70 72 70 70 71 71 71 70 69 67 67 64 62 61 64 65 65 65 65 64 65 68 69
    71 71 73 71 69 67 68 68 70 70 70 69 70 71 68 70 70 71 71 70 69 69 67
    69 68 66 68 66 68 66 65 64 65 63 63 61 61 64 65 65 65 65 66 68 66 66
    69 70 68 66 65 63 64 67 65 66 68 68 68 67 68 68 67 67 65 65 67 67 65
    65 65 65 65 66 67 68 67 64 63 64 64 64 63 63 65 64 64 63 64 66 18
    122 101 89 100 43 107 125 89 1 26 14 54 121 66 120 18 110 29 62 53
    69 16 107 39 60 95 103 30 98 11 9 5 119 40 8 44 90 77 71 84 24 116
    89 98 57 19 33 20 115 114 82 60 93 69 105 100 83 31 127 43 99 0 45
    119 64 62 63 64 63 62 63 62 63 62 64 62 63 63 62 60 61 61 61 62 61
    63 62 62 61 62 63 64 63 63 62 63 58 58 61 63 62 61 64 63 64 64 61 62
    66 65 64 61 62 62 62 63 63 64 65 64 62 62 62 64 63 63 62 61 61 62 62
    60 62 63 63 63 65 67 67 68 67 68 70 72 69 69 70 70 69 68 67 64 64 61
    60 59 63 63 64 64 64 63 64 67 68 70 70 72 70 68 65 67 67 68 69 69 67
    68 68 66 68 68 69 69 67 67 67 64 66 66 64 66 65 67 65 63 63 64 63 64
    63 63 65 65 66 66 66 66 68 66 66 69 69 67 66 65 63 64 66 65 66 68 69
    69 68 70 69 67 67 66 67 68 68 66 66 65 65 65 67 69 71 69 67 65 66 66
    66 65 64 65 64 63 62 62 64 52 68 68 7 118 53 99 14 80 88 66 104 106
    69 51 37 14 28 36 110 77 99 76 22 5 59 113 120 78 67 30 35 78 74 56
    94 30 102 1 65 72 70 30 111 87 6 30 87 113 114 31 20 66 80 75 26 28
    72 92 102 18 84 50 72 12 63 61 62 63 63 62 63 62 61 61 62 61 63 63
    62 61 62 62 61 62 62 63 62 63 62 62 63 63 62 62 61 62 60 60 63 64 63
    61 63 63 66 64 61 62 66 64 63 60 60 61 61 62 60 62 63 62 60 60 61 63
    62 62 62 60 62 62 62 61 62 63 63 64 65 67 68 68 67 67 69 71 68 69 70
    69 68 67 65 64 63 61 60 58 62 62 62 63 64 63 65 67 69 71 71 73 71 69
    67 67 67 68 69 69 67 67 68 66 68 67 69 69 68 68 66 63 65 65 63 65 64
    67 65 63 62 64 63 64 64 63 65 66 66 65 65 65 66 64 64 67 68 66 64 63
    62 63 64 64 66 68 69 69 68 70 70 69 69 68 69 69 70 67 66 65 65 65 66
    68 68 67 64 63 63 63 64 63 63 63 62 61 61 62 64 31 98 97 11 108 85 7
    11 65 68 38 70 120 31 21 88 98 73 94 127 68 46 69 100 58 50 45 60 58
    10 78 62 84 8 88 92 27 83 64 84 52 117 83 37 45 46 53 115 108 121 89
    87 60 14 113 25 118 53 22 126 49 62 23 97 15 64 62 64 64 64 64 64 64
    63 62 62 61 64 64 63 62 62 62 62 62 63 65 63 64 62 64 64 65 64 64 63
    63 61 61 64 65 64 63 64 64 67 64 61 63 67 66 64 62 62 63 63 64 62 64
    64 63 61 60 60 61 60 60 60 58 61 61 62 60 61 63 63 64 66 68 69 69 68
    69 69 71 68 68 69 68 68 66 65 63 62 60 59 58 62 61 62 63 64 63 64 66
    69 71 71 72 71 69 67 67 67 67 68 68 67 67 68 66 68 68 70 69 68 67 67
    64 65 64 62 63 62 65 63 62 62 64 62 64 63 63 64 66 66 65 66 66 66 65
    65 67 69 67 66 64 63 64 65 65 66 69 70 70 68 70 70 69 69 67 68 69 68
    66 66 65 65 65 67 69 68 67 65 64 65 66 66 65 66 65 64 63 64 64 66 86
    34 94 84 91 13 28 6 28 76 119 89 76 125 109 51 80 47 81 34 89 22 6
    19 22 33 52 31 126 100 49 108 17 0 16 116 88 87 110 61 83 51 124 101
    121 11 127 100 121 1 55 46 78 111 37 96 49 95 55 51 115 89 65 44 43
    63 61 63 64 63 63 64 63 63 61 62 61 63 64 62 61 62 62 62 63 63 66 64
    64 63 63 64 65 63 63 62 62 61 61 65 65 63 63 64 64 67 64 61 63 67 67
    65 63 63 63 62 63 61 63 63 63 61 61 60 61 60 60 61 59 61 61 62 60 60
    62 62 64 66 68 69 71 69 71 71 72 70 70 72 71 70 69 67 65 63 61 61 60
    63 63 64 65 65 64 65 67 69 72 71 72 69 68 66 66 67 67 68 68 66 67 69
    67 70 69 71 70 68 68 68 65 65 65 62 64 62 66 64 64 64 65 63 64 64 64
    65 66 67 65 65 65 64 63 63 65 67 65 64 63 62 63 65 64 66 69 71 71 68
    71 70 69 69 67 68 69 68 66 64 62 64 63 66 67 66 65 63 62 62 63 64 63
    63 62 60 60 61 62 64 44 48 94 67 85 22 127 20 13 121 121 56 121 110
    39 91 13 96 74 110 4 67 117 65 42 6 115 97 94 74 103 19 116 113 26
    20 46 77 119 55 74 7 5 70 76 3 36 13 123 54 78 85 22 3 67 50 26 91
    63 98 109 122 92 84 65 61 59 62 62 61 61 62 63 63 61 62 61 64 65 63
    61 62 63 63 62 62 64 63 63 61 61 62 64 62 62 61 62 60 60 64 64 63 64
    64 65 67 65 63 65 69 68 65 65 63 63 63 64 62 65 65 64 61 62 62 63 62
    63 63 60 62 62 63 62 63 64 63 64 66 68 69 72 71 71 71 71 69 69 70 68
    68 67 65 64 62 60 60 59 63 62 63 65 65 64 65 66 69 71 70 71 69 69 68
    68 67 67 68 68 67 67 70 68 69 69 70 69 68 68 68 65 66 65 63 65 64 66
    64 64 64 66 64 64 65 65 66 67 67 66 65 66 66 63 64 66 67 65 63 62 61
    62 64 63 65 68 69 70 68 70 70 70 70 68 69 70 69 67 65 63 65 64 66 67
    66 66 63 61 62 63 64 63 63 62 61 61 63 63 64 102 48 4 81 86 33 13 77
    26 51 88 58 122 7 115 109 17 14 28 126 20 90 122 26 26 40 83 99 88 5
    117 100 3 54 111 113 71 84 48 32 91 73 68 6 63 42 69 46 18 83 32 56
    99 124 125 96 48 0 121 43 72 88 73 104 78 60 58 60 61 60 60 60 60 60
    60 61 61 63 64 62 60 63 64 64 64 64 67 65 65 63 64 65 67 65 64 64 65
    60 60 64 63 64 64 65 66 68 66 66 67 70 68 66 65 64 63 64 64 62 65 64
    63 61 62 61 62 62 62 61 58 61 61 62 61 63 63 64 66 68 69 71 73 71 71
    72 71 70 69 70 68 68 67 66 65 64 63 62 61 64 63 64 65 66 65 64 65 67
    68 67 68 67 67 65 65 65 65 66 66 65 66 69 68 69 69 70 68 67 67 67 65
    66 65 63 64 63 65 62 64 63 66 63 65 65 65 66 67 67 66 67 65 66 63 64
    65 66 64 62 61 60 62 63 64 65 67 68 69 67 70 69 69 69 66 67 68 68 65
    64 63 63 63 65 66 65 65 63 61 61 62 63 63 62 61 60 59 62 61 62 80 18
    51 81 24 32 9 48 87 66 28 46 109 121 118 85 114 99 118 32 27 3 127
    73 27 0 31 85 93 49 97 28 25 28 82 116 81 115 117 90 56 95 64 16 27
    47 9 95 9 39 0 73 84 10 118 29 18 65 62 35 85 70 25 53 116 60 59 61
    61 61 60 60 61 60 60 61 60 64 66 63 61 64 66 65 65 65 67 66 66 64 64
    66 68 66 65 65 65 60 60 63 62 64 64 64 65 68 65 65 66 70 67 66 65 63
    63 63 64 62 65 65 64 62 63 62 63 62 62 62 60 61 61 62 61 62 63 64 66
    68 69 70 71 70 70 71 70 68 68 67 66 66 66 65 65 63 63 62 62 65 64 65
    67 68 67 66 66 67 68 67 68 66 67 65 64 64 63 65 66 66 66 69 68 68 68
    69 67 66 66 67 64 65 64 61 62 62 63 61 63 62 65 63 64 64 65 65 67 67
    66 67 65 66 64 64 65 66 64 64 63 62 63 64 65 66 68 69 70 68 70 69 68
    68 66 66 67 66 62 62 61 62 63 65 65 64 64 62 60 61 62 62 61 60 59 58
    58 60 59 60 32 66 116 38 60 40 108 77 21 16 9 87 126 101 40 82 58 83
    88 47 80 40 20 1 4 30 21 113 77 84 23 12 89 39 76 104 66 99 35 70
    106 45 75 97 122 60 103 33 26 71 102 44 32 65 117 57 123 53 8 22 23
    117 125 17 64 60 59 60 60 60 59 59 60 60 60 61 61 64 65 63 61 63 66
    65 64 65 67 66 65 64 64 66 68 67 65 66 66 61 61 64 63 63 63 64 64 67
    65 65 65 68 66 64 64 62 61 62 63 60 62 62 61 60 61 61 62 60 61 61 59
    61 60 61 61 63 62 64 65 67 67 70 70 70 70 71 71 69 69 68 67 67 68 67
    66 64 64 63 63 65 64 65 67 68 66 64 64 65 65 64 65 64 65 64 63 63 63
    65 67 67 67 69 68 69 68 68 66 66 65 65 63 63 62 59 60 61 63 60 62 62
    66 64 65 65 67 67 69 68 67 68 67 67 64 64 64 65 63 63 62 61 62 63 63
    65 67 68 69 68 69 68 68 68 67 67 69 67 64 63 63 63 64 66 66 65 64 63
    59 60 61 60 59 60 59 58 58 60 60 60 18 64 91 4 51 27 36 68 80 63 57
    111 88 67 51 35 127 42 64 22 34 120 116 124 5 127 120 46 2 6 68 46
    98 63 59 84 74 113 31 5 119 125 18 113 116 115 31 113 53 20 51 127
    61 100 63 73 89 120 30 80 37 38 47 56 38 58 58 59 59 59 58 58 59 58
    59 60 60 64 65 63 61 63 65 65 64 65 67 67 66 65 65 66 68 67 65 66 67
    60 60 64 62 63 64 64 64 67 67 67 67 70 68 66 66 64 64 65 67 63 64 64
    64 62 64 63 63 62 63 61 59 60 59 60 60 62 62 63 64 66 66 69 69 70 70
    71 70 69 69 69 68 68 67 66 65 64 65 63 62 65 64 64 65 66 65 63 63 64
    64 64 65 63 64 64 63 62 63 65 67 68 67 69 68 69 68 67 66 65 64 64 61
    62 61 59 60 60 63 61 62 63 66 64 65 65 66 66 68 67 66 67 65 65 62 62
    63 63 61 62 60 60 59 61 62 64 67 68 68 67 69 68 68 69 69 68 69 68 66
    65 65 65 65 66 66 64 64 62 60 60 61 60 59 59 59 58 58 61 60 60 27
    113 21 87 61 48 45 65 108 83 23 34 101 113 37 96 44 12 113 115 77 95
    75 50 72 30 104 110 118 76 96 121 126 40 65 90 121 116 5 50 104 79
    18 0 109 79 88 94 88 53 101 71 62 57 16 119 60 113 121 41 123 0 103
    52 15 58 58 59 60 60 60 60 60 59 59 60 60 62 63 60 57 59 61 60 60 62
    64 64 64 63 63 64 66 64 62 63 63 61 61 64 63 64 65 64 64 67 67 68 68
    71 69 69 68 66 65 67 68 64 65 64 64 62 63 61 62 61 62 61 60 62 61 62
    63 64 64 65 67 69 68 71 70 71 71 72 69 68 68 68 67 67 66 65 64 63 64
    62 62 64 64 64 65 66 66 64 63 63 63 63 64 62 63 63 62 61 61 64 67 68
    67 69 69 70 68 67 67 65 65 64 62 62 61 59 60 60 62 61 62 64 66 64 65
    65 67 66 68 67 65 66 64 63 61 60 61 61 59 60 59 58 59 60 62 63 65 68
    67 67 69 67 67 67 68 68 69 69 67 67 67 67 66 68 68 66 65 65 62 62 63
    61 60 61 60 60 59 62 61 60 70 65 114 50 60 12 99 29 4 119 74 121 96
    109 28 111 71 22 88 85 55 23 23 49 110 91 2 119 23 80 68 1 105 102
    103 63 80 107 8 49 107 0 55 40 0 4 126 101 1 23 28 3 81 127 90 31 13
    72 56 8 63 70 42 12 124 57 57 59 60 60 60 60 60 59 59 61 60 63 64 61
    59 59 61 60 61 64 66 65 66 64 66 66 69 68 66 68 67 63 63 66 64 65 66
    64 65 68 67 68 67 70 68 68 68 67 66 68 68 63 63 64 64 63 63 62 62 60
    61 61 61 62 61 61 63 64 64 65 67 69 68 70 70 70 71 72 70 69 68 68 67
    67 67 65 65 63 64 62 61 63 63 63 64 64 64 63 62 63 63 63 63 62 64 65
    63 62 62 64 67 68 67 69 68 68 67 66 66 64 64 64 61 61 60 58 60 60 61
    60 62 63 65 63 64 64 66 64 66 65 63 63 61 60 59 58 59 59 58 59 58 58
    58 61 63 64 66 68 67 67 67 66 66 66 66 66 66 66 65 65 65 65 65 67 68
    67 66 66 64 64 64 63 62 63 62 61 61 63 63 62 72 13 85 6 50 73 116
    123 101 121 107 119 17 87 9 55 11 92 92 110 48 84 99 7 125 87 105 8
    16 112 13 93 60 87 39 66 81 44 119 98 37 98 50 97 26 26 54 125 101
    15 88 75 1 68 79 72 107 52 10 69 38 27 36 42 33 56 57 59 61 61 61 62
    62 61 61 62 62 65 65 62 59 60 62 60 61 62 64 64 65 63 64 65 67 67 66
    67 67 64 64 67 65 66 67 66 67 69 68 68 68 70 68 67 69 67 66 68 67 63
    63 63 63 62 62 61 60 59 61 60 60 62 61 61 62 64 65 65 66 68 67 68 67
    69 69 71 69 68 67 67 66 65 66 66 66 64 66 64 62 64 64 65 65 66 66 63
    63 63 63 62 63 62 63 64 63 62 61 63 66 66 64 66 66 66 64 64 64 62 63
    64 61 61 60 59 60 61 62 61 62 63 65 62 63 64 66 64 65 64 63 63 62 61
    60 60 60 60 59 60 60 60 60 62 64 65 67 68 67 67 67 66 66 65 65 64 65
    65 63 64 65 64 65 67 67 67 66 67 64 64 65 63 62 64 63 62 63 65 65 63
    64 64 101 4 27 52 14 121 107 93 109 83 120 72 85 121 1 5 106 26 44
    67 44 85 19 52 70 102 122 122 89 1 42 72 15 100 11 106 120 18 112 39
    19 108 25 106 70 8 99 64 56 80 95 52 41 75 119 90 94 106 108 103 36
    21 60 57 58 60 61 62 63 64 64 61 61 62 62 65 65 62 60 60 61 59 60 62
    64 64 65 64 64 66 67 68 68 70 70 65 65 67 65 66 67 66 66 68 67 67 66
    66 65 65 67 66 65 66 67 63 63 63 64 64 64 62 60 59 61 60 60 61 61 61
    62 64 64 65 67 69 68 69 68 70 70 72 70 69 67 68 67 66 66 66 67 65 67
    65 63 65 65 65 65 66 65 64 62 62 62 61 61 61 62 63 62 61 61 63 66 67
    66 69 68 67 67 66 66 64 64 65 62 62 61 59 60 60 60 60 61 63 63 61 63
    62 64 64 64 64 64 64 62 61 61 61 60 60 59 60 61 61 61 63 65 65 67 68
    68 67 67 66 66 65 65 63 64 65 63 63 64 63 64 65 66 65 64 65 62 62 63
    61 60 63 63 61 62 65 65 63 104 84 79 101 64 101 42 35 120 41 4 99
    112 123 116 12 102 101 51 27 95 34 7 110 65 77 42 120 123 33 6 20 57
    64 41 38 29 73 49 39 69 50 45 31 109 21 54 69 117 25 118 81 58 102
    11 89 2 50 99 60 52 35 96 31 14 58 58 61 61 61 63 64 64 62 61 62 63
    64 64 62 60 60 61 60 60 62 65 65 65 65 65 67 69 70 69 72 72 64 64 65
    63 64 65 64 66 66 66 65 64 64 64 64 66 65 63 65 64 61 61 61 63 62 62
    60 59 58 60 58 58 60 59 60 61 64 64 65 66 68 66 68 68 70 70 72 69 68
    67 67 67 67 68 68 68 67 68 66 65 66 67 66 65 65 66 63 63 61 62 61 61
    61 61 63 62 62 61 63 65 66 65 67 67 66 67 65 65 63 63 65 63 64 62 62
    63 62 61 61 62 64 65 62 63 62 65 64 64 64 65 65 64 63 63 62 62 62 61
    61 62 62 61 64 65 64 65 67 65 65 65 64 65 63 62 61 62 64 63 63 65 64
    64 66 66 66 66 67 64 64 64 62 62 64 64 63 64 66 65 64 52 33 125 73
    28 82 93 77 120 120 67 9 60 45 125 122 14 115 116 78 98 78 96 113
    126 81 70 105 60 104 100 122 78 118 21 73 26 18 73 103 47 93 117 3
    113 91 125 13 13 0 12 126 95 37 18 90 45 90 96 58 70 78 18 92 8 58
    58 60 61 62 62 64 64 62 61 63 63 64 64 62 60 60 62 59 59 61 63 63 65
    66 66 68 70 71 71 75 75 63 63 63 63 62 63 63 65 66 66 66 65 64 63 63
    64 64 62 64 62 59 59 59 61 61 62 60 59 59 60 58 58 59 58 59 61 63 63
    64 65 66 65 67 67 69 69 71 69 67 67 67 67 67 68 68 68 67 69 66 65 66
    67 66 66 66 66 64 63 61 62 61 61 62 62 64 63 63 63 64 66 67 66 67 66
    65 66 64 64 63 62 64 63 64 63 64 65 64 62 62 63 66 66 64 64 64 65 64
    64 64 65 65 64 63 63 63 63 63 63 63 63 63 62 65 66 65 66 67 66 65 65
    64 64 64 63 61 62 63 62 63 65 64 64 66 65 65 64 66 64 64 64 62 60 63
    63 63 64 65 66 64 42 101 77 54 96 109 27 3 5 40 121 39 60 4 20 21 51
    3 118 102 99 70 119 23 70 54 26 45 12 49 44 77 31 62 94 120 121 6 75
    67 97 123 60 5 16 99 4 74 16 41 85 73 111 12 11 48 40 98 75 50 15 25
    44 6 125 59 60 61 62 63 64 65 66 64 64 65 65 65 65 64 62 61 62 61 60
    61 62 62 64 65 65 66 69 70 70 73 73 63 63 63 63 63 64 64 66 67 68 68
    66 65 62 63 64 63 62 63 62 58 59 59 61 61 62 60 60 60 61 58 59 61 59
    60 62 65 66 66 66 67 66 68 67 68 68 69 67 65 65 66 67 67 67 67 67 67
    69 67 65 64 66 64 64 64 65 63 63 60 60 60 60 62 61 63 62 62 62 63 65
    65 65 65 65 63 65 63 64 63 62 63 62 64 62 64 64 64 61 61 61 63 63 61
    62 61 62 62 63 63 65 65 64 64 64 64 64 65 64 65 63 63 63 66 67 66 66
    67 65 64 63 62 63 62 61 60 60 61 60 62 65 64 65 67 66 66 65 67 66 66
    67 64 62 65 64 64 65 66 66 63 75 118 107 119 59 105 44 91 40 27 114
    93 49 33 60 63 20 104 92 59 100 89 71 109 29 6 53 21 18 88 91 121 15
    42 81 19 113 119 84 45 59 71 57 126 82 43 121 70 112 70 63 80 105
    101 28 52 116 64 50 85 62 28 69 78 44 60 60 60 61 63 64 65 66 64 63
    64 63 63 63 62 60 60 61 60 59 61 63 63 65 67 68 68 70 72 73 75 75 65
    65 64 65 64 65 64 66 67 67 67 65 64 61 62 62 61 60 61 60 57 56 57 59
    60 61 59 58 58 60 59 60 62 59 60 62 65 66 67 67 68 66 68 67 68 68 69
    67 66 66 67 68 69 70 70 70 70 72 70 68 66 67 65 65 64 64 62 61 58 58
    58 59 61 60 61 60 60 61 63 65 65 64 65 63 63 64 62 63 62 61 62 60 62
    61 62 62 62 60 59 60 62 62 59 61 61 62 62 64 64 67 67 65 65 66 66 66
    66 65 65 63 63 62 64 65 64 64 64 63 63 62 61 62 61 61 61 61 62 61 63
    65 64 65 66 66 65 64 66 66 66 66 64 62 65 65 64 65 66 66 63 72 82 57
    93 49 126 80 81 77 47 12 97 87 93 63 43 69 81 59 2 67 20 93 95 33 5
    60 27 56 67 30 2 36 80 11 83 125 59 43 12 60 75 120 62 82 14 18 118
    119 66 5 1 118 115 49 95 1 25 30 73 52 119 20 31 37 59 59 60 61 62
    63 65 66 64 64 65 65 65 65 64 62 62 62 62 61 62 64 63 65 66 66 67 69
    70 70 72 72 66 66 65 65 64 64 64 65 66 68 66 64 62 60 61 61 61 60 61
    59 57 57 57 59 61 61 58 58 58 60 58 60 61 59 60 61 63 65 65 65 66 64
    66 65 67 67 67 66 65 64 66 68 69 70 70 69 69 71 69 66 65 67 65 64 63
    62 61 60 58 59 58 60 62 60 62 61 61 62 63 66 66 65 66 64 63 64 63 64
    63 62 62 61 62 62 63 63 63 61 61 61 63 63 62 62 61 62 61 63 64 66 65
    64 64 64 64 64 65 64 65 63 62 61 63 64 63 63 64 62 62 61 61 62 62 63
    62 62 62 62 63 65 65 65 66 66 65 64 65 65 66 66 64 61 64 65 65 65 65
    66 64 12 38 22 3 34 12 35 109 86 9 16 115 71 57 110 9 99 57 56 36
    115 118 56 11 66 91 61 24 62 53 125 65 123 36 108 97 58 82 55 126
    110 56 84 30 24 54 15 52 66 29 85 73 125 75 20 115 88 7 10 112 66 30
    41 95 2 60 60 60 61 63 63 64 65 64 64 64 64 64 63 63 62 60 61 60 59
    61 63 62 64 65 66 66 67 69 70 71 71 66 66 66 66 64 64 64 66 66 67 66
    64 62 60 61 61 61 60 61 59 58 58 57 60 60 60 58 57 58 60 58 60 60 59
    61 62 65 67 67 67 68 66 68 69 69 70 69 68 67 66 68 70 71 71 71 69 69
    70 69 67 65 67 65 64 62 62 61 60 58 60 59 61 63 62 64 63 64 64 65 67
    67 66 67 65 64 65 63 65 64 63 63 61 63 63 64 64 63 61 61 60 61 61 61
    61 59 60 60 61 62 64 64 63 63 63 62 63 64 63 62 61 61 60 63 63 63 63
    63 62 62 62 63 64 64 64 63 62 62 63 63 65 64 64 65 65 65 63 65 65 65
    65 64 62 64 64 63 63 63 65 63 65 90 44 18 43 33 89 52 15 105 57 60
    52 82 84 90 18 38 105 38 41 1 12 111 52 70 70 87 99 26 14 77 29 38
    109 86 39 18 93 16 20 59 49 104 112 14 43 18 13 20 51 28 64 56 103
    64 3 102 102 24 67 99 69 124 57 60 60 60 61 63 63 65 65 64 63 63 63
    63 63 64 63 60 61 60 60 61 63 62 64 66 66 65 66 68 69 70 70 66 66 65
    65 64 64 65 66 67 68 67 65 63 61 62 62 62 62 62 59 58 58 58 60 61 61
    58 58 59 59 58 60 61 59 60 62 64 66 66 66 66 65 66 67 68 68 67 67 67
    65 66 68 69 69 69 67 67 68 69 66 63 65 64 62 61 61 60 60 58 59 58 61
    63 61 63 62 63 64 64 66 65 64 65 63 63 64 63 64 64 63 64 62 64 63 65
    65 63 62 61 60 61 60 59 60 59 59 58 59 61 63 63 62 62 63 63 63 64 63
    62 61 61 61 62 64 62 62 62 61 60 60 62 63 63 63 63 62 62 62 63 66 66
    66 67 66 66 64 65 65 65 65 64 61 63 62 61 61 60 63 61 86 14 23 121
    38 91 45 103 50 47 72 70 85 42 109 26 127 90 57 120 46 115 84 24 56
    76 99 38 23 116 63 49 37 29 71 38 56 74 14 101 12 8 37 39 49 40 84
    41 74 99 117 39 12 120 22 83 75 82 4 64 107 64 42 23 13 63 63 63 64
    66 66 67 68 67 65 66 65 65 64 65 64 61 62 61 60 62 63 61 63 65 65 64
    65 67 67 68 69 67 67 66 66 64 64 64 65 66 66 65 63 61 58 59 58 59 59
    59 56 54 55 54 56 57 57 55 56 57 58 57 58 60 58 60 61 63 65 66 65 65
    63 64 66 67 68 66 66 65 63 63 65 67 68 68 66 66 67 68 65 63 65 65 64
    62 62 61 60 58 59 58 61 64 62 64 62 63 64 65 67 66 65 65 62 61 62 61
    63 62 61 62 62 63 63 65 66 65 63 62 61 62 61 60 60 59 59 58 60 61 63
    63 62 63 64 64 64 65 65 63 62 61 62 63 65 63 62 61 61 59 59 60 62 62
    61 61 60 60 60 62 63 64 64 66 65 65 63 63 62 63 64 64 62 63 63 61 61
    60 63 62 96 47 27 74 39 38 18 60 72 120 61 108 119 4 20 56 90 48 116
    15 68 20 64 86 17 126 69 99 15 28 111 63 93 126 119 98 102 21 60 30
    20 12 54 16 35 19 43 44 73 90 60 48 66 12 13 84 14 105 73 45 119 24
    32 9 52 66 65 64 66 67 68 68 68 69 66 67 67 68 67 68 67 64 64 64 63
    63 64 62 64 64 64 64 64 67 67 68 69 66 66 64 64 62 63 63 64 64 64 64
    61 59 57 57 58 59 58 59 57 56 57 57 59 61 61 59 59 60 60 59 59 60 58
    61 60 61 63 63 62 62 60 61 63 63 65 64 64 65 63 63 65 67 68 69 68 67
    68 68 65 62 64 64 63 61 61 60 60 59 59 58 61 65 63 64 63 64 65 65 65
    64 64 64 61 60 61 61 62 62 60 61 61 63 63 64 65 65 63 61 61 61 61 61
    60 59 59 59 60 61 63 63 62 64 64 63 65 66 64 62 60 59 60 62 63 61 61
    60 60 59 59 61 62 63 62 62 61 60 59 60 61 63 63 63 63 63 60 60 60 61
    62 63 61 62 61 60 59 59 61 61 110 37 46 53 18 115 125 106 22 115 103
    88 61 56 7 27 10 27 27 112 104 61 93 110 77 84 86 85 67 53 114 121
    16 114 108 64 2 122 9 124 48 12 4 60 21 14 120 23 41 15 125 102 15
    52 70 12 101 51 64 125 26 111 68 112 47 68 68 66 68 68 68 69 70 71
    68 69 68 68 68 69 68 66 66 66 64 64 65 62 63 64 63 63 62 64 64 63 65
    63 63 62 62 60 61 62 63 64 64 64 61 60 57 58 58 59 58 58 57 57 58 57
    59 60 61 59 59 61 61 60 61 62 59 62 62 63 64 65 63 62 60 61 62 63 64
    63 63 64 62 62 64 66 67 68 66 65 65 66 63 60 61 62 62 60 60 59 59 59
    58 58 61 64 62 63 61 62 63 63 64 63 63 63 61 60 61 62 63 63 62 62 64
    64 64 66 65 65 64 62 61 62 62 63 62 61 61 62 63 64 66 66 65 66 66 65
    66 67 66 62 61 59 61 62 63 61 60 60 59 58 59 61 62 63 61 61 60 60 60
    60 61 62 62 61 61 61 59 59 58 60 61 61 60 60 60 59 58 58 59 59 48 31
    49 109 112 23 71 103 112 11 110 98 45 97 20 78 81 72 98 80 11 112 74
    2 103 108 4 106 119 99 92 35 96 109 42 69 6 39 99 90 3 19 58 94 107
    9 84 49 6 118 29 71 81 50 72 87 63 117 93 18 57 4 89 105 60 68 66 65
    65 66 67 66 67 68 66 66 66 66 66 68 67 65 64 66 64 65 66 63 64 65 65
    64 64 66 66 65 66 63 63 63 62 60 61 63 63 64 65 65 63 62 60 60 60 61
    59 59 58 58 59 58 59 60 61 59 60 62 62 62 62 62 59 62 62 62 64 65 63
    62 61 61 62 63 65 63 64 65 63 63 65 67 68 68 67 66 66 66 63 60 61 62
    61 59 59 59 58 59 58 57 60 63 61 62 61 62 64 64 64 64 65 64 63 61 62
    61 63 62 61 62 64 63 63 65 65 65 64 63 62 62 63 64 62 61 61 62 63 65
    66 66 64 65 65 64 65 67 66 62 61 59 62 64 65 63 63 62 61 59 60 63 64
    65 63 62 61 60 60 61 61 62 61 60 60 59 57 57 56 57 58 59 58 59 59 58
    56 56 58 58 14 28 107 85 101 81 50 23 90 121 110 49 103 40 100 124 9
    94 35 33 113 32 67 114 59 64 61 51 75 119 91 49 14 103 42 34 106 22
    114 10 119 52 115 93 49 3 6 66 17 36 120 80 99 36 94 105 87 81 70 94
    52 29 124 50 28 65 64 62 64 64 65 64 65 67 66 66 65 66 66 67 65 64
    64 66 65 65 65 63 64 65 65 64 65 66 65 63 63 64 64 64 62 60 61 63 63
    65 66 66 64 64 61 62 63 63 62 61 60 60 60 59 60 61 62 60 62 64 64 64
    65 64 61 63 63 63 65 66 64 61 59 60 61 60 63 62 63 64 63 62 64 67 69
    69 67 68 67 67 64 60 61 62 62 59 58 58 59 58 58 58 60 64 63 63 62 64
    65 65 64 64 65 64 63 61 61 60 61 61 61 61 63 63 62 64 64 65 65 64 64
    64 65 65 63 62 62 64 64 65 65 65 63 65 64 62 64 64 64 60 59 58 61 62
    64 62 62 61 59 59 60 62 63 64 63 61 60 59 59 61 61 63 62 61 60 60 57
    57 57 58 58 59 58 58 58 58 57 57 59 60 44 53 93 49 38 27 116 94 3 70
    65 74 62 24 66 63 11 66 9 115 35 7 120 106 69 113 66 90 123 113 113
    115 79 109 109 105 27 4 69 32 120 87 92 85 62 45 120 71 53 119 108
    26 59 65 47 114 106 81 9 94 112 90 87 14 108 64 64 62 65 65 66 65 66
    68 68 67 67 67 66 67 65 64 64 66 66 67 66 64 64 66 67 65 65 66 65 62
    62 64 64 64 63 61 62 64 64 66 67 68 67 67 64 65 66 65 65 63 63 61 62
    61 62 63 63 61 62 64 65 65 66 65 62 64 63 62 64 66 63 61 59 59 60 60
    62 60 62 63 61 60 61 64 67 67 65 64 65 65 62 59 60 62 63 59 58 58 58
    59 57 58 60 63 63 62 60 62 64 64 64 64 65 65 63 62 61 60 62 61 60 61
    62 61 60 62 62 63 63 63 62 62 64 63 62 63 62 63 64 64 64 63 61 63 62
    61 63 63 64 60 59 58 60 62 64 63 63 61 60 60 60 62 63 64 64 62 60 59
    59 61 61 63 62 61 61 59 56 57 58 59 58 58 58 58 58 58 57 57 59 59 37
    57 36 79 89 123 12 92 15 12 87 2 25 117 32 27 51 119 20 41 32 91 97
    15 126 59 93 86 77 80 63 80 0 85 15 31 57 34 75 20 45 13 127 59 65
    108 111 90 27 95 7 118 12 78 9 11 52 15 38 115 101 68 121 97 77 63
    63 60 62 62 63 63 63 65 64 64 65 65 64 65 63 63 63 65 66 66 66 65 64
    65 66 65 63 65 63 60 61 64 64 64 63 61 63 64 63 63 66 66 66 65 63 63
    66 66 65 64 65 64 64 63 63 65 65 63 63 65 65 65 66 66 64 65 64 64 67
    67 65 63 61 61 62 62 63 62 63 63 61 60 61 64 67 67 65 64 65 65 62 60
    61 63 64 61 59 59 60 61 59 59 61 63 63 62 60 61 63 64 64 63 64 64 62
    61 59 60 62 61 61 61 62 61 60 61 62 63 63 63 62 62 62 62 61 61 61 62
    63 62 63 61 60 63 62 61 63 62 62 59 59 59 61 62 65 63 63 62 61 62 63
    64 64 65 64 64 61 60 60 61 61 62 60 60 60 59 56 57 57 57 56 57 57 56
    57 56 55 56 57 58 31 95 58 74 114 102 26 51 5 86 124 67 99 37 105 35
    57 8 18 63 82 31 110 112 2 55 96 88 9 34 49 66 89 56 76 32 34 32 18
    100 75 112 35 126 61 108 115 127 1 125 46 88 82 122 80 112 119 93 90
    56 57 63 123 87 85 64 64 62 63 63 64 62 61 64 63 62 63 62 62 62 61
    61 62 63 64 66 67 65 66 67 67 67 66 66 64 62 64 65 65 65 63 61 62 63
    63 63 65 66 66 65 62 63 65 66 66 64 65 65 64 64 64 65 65 64 64 65 65
    65 65 64 63 64 62 62 64 64 63 61 60 59 60 61 62 61 63 64 63 62 62 64
    67 68 66 65 65 65 62 60 60 63 64 62 60 59 60 62 60 60 62 64 64 63 60
    62 63 64 64 64 65 64 63 61 60 61 62 61 61 62 62 61 60 62 62 63 63 63
    63 62 63 63 62 63 62 63 63 62 63 62 60 63 62 61 62 61 62 58 59 59 61
    61 64 63 62 61 61 62 63 65 64 66 66 66 63 62 63 64 63 64 62 61 62 60
    57 56 56 56 55 56 56 55 57 56 54 56 57 59 26 56 42 37 41 85 56 38 9
    100 68 79 81 13 85 88 45 54 75 20 104 118 62 36 26 90 1 64 110 47 36
    92 127 95 50 46 119 104 32 38 115 7 95 48 34 111 42 39 83 43 27 58
    27 26 106 34 94 75 60 100 57 103 29 117 91 65 65 63 64 64 64 63 62
    65 63 63 64 63 61 62 62 62 62 63 65 66 67 66 66 67 67 66 64 64 63 61
    62 66 66 65 62 61 63 64 63 64 66 66 66 65 61 62 65 66 65 64 64 63 63
    62 63 64 65 63 63 65 64 64 64 64 63 63 62 61 62 63 62 60 59 59 59 60
    61 61 63 63 62 60 60 62 65 65 64 62 62 63 60 59 60 62 63 61 60 59 60
    63 61 61 62 64 65 64 62 64 64 65 64 64 65 65 65 63 61 61 63 62 63 63
    64 62 62 64 64 65 66 65 64 64 64 64 63 63 62 62 62 62 61 60 59 61 60
    59 61 61 62 58 60 59 62 62 65 65 64 63 62 62 64 65 65 67 66 66 63 62
    63 64 64 66 64 63 64 62 60 58 58 57 56 57 58 56 57 56 55 56 58 61 33
    5 127 112 40 108 113 29 85 74 80 74 108 39 43 79 57 2 68 3 38 10 80
    126 40 122 54 99 21 10 51 59 115 90 73 118 10 60 64 55 33 49 18 9 31
    23 109 89 106 62 38 38 76 97 29 74 27 102 73 25 106 20 48 61 3 65 65
    63 64 64 65 64 62 64 62 62 62 61 60 60 59 59 59 60 61 63 63 63 63 65
    65 64 62 63 61 60 60 66 66 65 62 61 63 63 62 62 64 65 65 63 61 61 65
    65 64 63 63 62 61 61 61 62 62 61 61 64 63 65 65 65 65 65 65 64 65 67
    65 62 62 61 61 61 62 62 63 63 62 60 58 61 62 63 62 61 61 62 59 59 59
    61 62 60 60 59 60 62 61 61 62 63 64 63 62 64 64 65 63 62 64 63 63 61
    59 60 61 60 62 62 63 62 61 63 63 65 65 64 64 63 63 63 63 64 63 63 63
    62 62 62 61 62 62 61 62 62 63 58 60 59 62 61 65 65 64 63 62 62 65 66
    66 68 67 67 64 64 64 66 66 67 65 65 65 63 61 59 58 57 56 57 58 57 57
    55 55 57 58 61 61 49 127 5 121 20 126 120 8 76 116 111 105 5 66 67
    48 56 73 120 52 44 64 70 41 58 47 119 59 2 95 10 52 125 125 27 50 24
    50 5 103 85 102 19 4 77 9 84 52 122 118 126 65 84 95 87 34 50 20 40
    8 51 70 50 44 65 66 63 65 65 66 65 64 65 64 63 64 63 61 62 61 61 60
    62 62 63 63 64 62 64 64 63 61 62 60 59 60 65 65 63 61 60 61 62 61 61
    63 64 65 64 63 63 67 66 66 64 64 63 61 62 61 62 62 62 62 65 64 65 65
    65 66 65 64 63 63 64 63 60 60 59 58 59 59 60 61 62 62 60 58 60 61 61
    62 61 62 61 59 58 57 60 61 59 59 59 59 61 60 60 60 61 62 62 60 63 62
    64 61 61 63 62 63 61 61 61 62 61 63 64 65 63 63 65 65 66 66 66 65 65
    64 63 64 65 64 65 64 64 63 62 61 61 62 62 62 63 63 60 61 60 63 63 66
    66 64 64 63 63 65 65 65 67 65 65 64 64 64 67 66 68 67 67 66 65 63 62
    61 61 60 59 61 60 59 59 59 60 61 63 57 86 16 16 42 8 54 23 25 2 97
    101 118 115 63 81 114 9 22 84 17 96 40 124 70 53 68 5 115 38 22 75 8
    92 91 57 97 15 62 93 31 8 51 106 21 54 0 96 86 46 100 126 115 60 54
    67 32 82 14 46 74 119 53 26 103 65 66 63 65 64 66 65 64 66 64 64 66
    64 63 63 62 62 61 62 62 64 64 64 63 65 64 64 62 63 62 61 61 62 62 61
    58 59 60 61 61 61 62 63 64 64 63 63 67 66 65 64 64 64 63 63 63 64 63
    63 63 65 65 65 65 64 64 63 64 62 64 65 64 62 62 62 61 62 62 62 63 63
    62 60 59 61 62 62 64 62 62 62 59 60 59 61 63 61 60 59 60 62 61 62 63
    63 65 63 62 65 64 66 64 64 67 66 66 64 62 63 64 62 64 65 65 64 63 65
    65 67 66 67 66 66 65 64 64 65 63 63 62 62 61 61 60 60 60 60 61 61 62
    59 61 61 64 63 66 66 65 64 63 63 65 64 64 65 63 62 60 60 61 63 63 64
    63 63 63 62 61 61 61 60 60 59 61 60 59 60 60 60 62 64 52 51 100 4 88
    84 14 38 107 49 109 95 117 111 111 56 93 53 26 10 90 122 74 46 99 21
    45 41 115 87 69 99 60 66 65 75 57 43 50 49 98 49 47 40 52 24 68 29
    57 88 68 123 119 9 4 23 59 32 85 41 96 97 64 49 111 65 65 62 63 63
    64 63 63 64 63 62 64 62 62 63 62 62 61 63 63 65 64 64 63 65 64 64 62
    63 62 61 60 63 63 62 60 60 61 63 63 63 64 64 66 64 63 64 68 67 65 63
    64 64 63 64 63 64 64 64 63 65 65 66 65 64 65 64 65 64 66 66 66 65 65
    65 64 65 64 64 64 64 64 61 60 60 62 62 64 63 63 62 60 60 59 61 63 62
    61 60 60 62 62 62 62 62 64 63 61 65 64 65 63 63 66 65 67 65 63 64 64
    63 65 65 66 64 63 65 65 66 65 65 65 64 63 63 63 64 62 61 61 61 60 59
    59 59 59 59 60 60 61 58 60 61 64 64 66 66 65 65 63 64 65 65 64 64 63
    62 60 60 61 64 64 65 65 65 65 64 63 62 63 62 61 60 62 61 60 60 61 61
    63 65 28 96 47 107 15 78 8 62 83 122 72 117 7 73 110 48 78 29 29 62
    98 121 110 69 28 16 104 27 110 125 36 93 116 86 48 74 64 69 44 24 89
    43 106 57 33 78 14 99 32 24 104 34 26 6 33 10 4 126 59 79 106 20 94
    56 39 61 62 60 61 60 61 61 61 62 61 61 63 62 61 62 60 62 61 63 63 65
    64 64 63 65 63 63 61 62 61 59 58 66 66 65 63 63 64 65 64 64 66 65 67
    65 65 63 66 64 63 61 62 61 58 60 58 60 59 59 59 62 63 64 63 63 65 63
    65 65 67 68 68 67 66 66 65 66 65 64 63 63 63 60 58 58 61 61 63 62 62
    62 61 62 62 63 66 64 62 61 60 63 63 63 62 61 64 63 61 66 66 67 64 64
    66 65 67 65 64 63 63 62 64 65 66 64 64 67 65 67 66 67 66 66 64 63 64
    65 63 62 62 61 60 61 61 60 61 61 61 61 62 60 62 63 66 65 68 68 67 66
    64 65 66 65 64 64 62 61 60 60 62 65 66 66 66 66 67 66 65 64 64 64 62
    61 63 62 62 62 62 62 64 65 44 16 114 114 69 70 41 7 103 104 108 116
    57 124 7 44 103 94 111 120 62 99 60 65 1 62 109 5 104 114 69 32 60
    88 85 60 100 24 36 78 63 111 20 31 107 87 57 0 33 69 9 42 76 13 116
    102 26 72 41 38 110 124 17 25 95 59 60 58 59 59 60 59 59 60 60 60 62
    60 60 61 60 61 61 61 61 62 62 63 62 64 62 62 61 61 61 60 60 67 67 66
    64 65 65 65 65 65 66 66 68 66 66 65 67 65 65 63 64 62 60 62 60 61 61
    61 61 63 63 64 64 63 66 65 66 66 66 67 67 66 65 65 65 67 65 64 64 64
    64 62 61 60 63 63 65 64 64 65 63 64 63 64 66 64 62 62 61 63 63 64 63
    62 63 63 62 66 66 66 64 64 65 64 65 64 63 61 61 60 63 63 63 61 62 64
    63 64 63 64 64 62 61 61 61 62 60 59 60 59 58 60 60 61 61 61 62 62 63
    61 62 64 66 65 67 67 66 65 64 64 65 65 65 65 64 64 61 61 63 65 67 67
    67 67 67 66 65 65 65 64 62 61 63 62 62 62 62 62 64 65 68 124 56 38
    92 21 66 64 70 21 12 28 62 116 56 20 12 74 30 28 33 13 47 93 13 102
    105 37 18 124 64 73 44 76 49 110 80 61 108 41 91 4 41 27 30 48 42
    111 49 71 76 124 56 65 12 104 49 0 0 24 15 55 3 94 64 58 60 58 60 60
    60 61 61 62 61 61 62 61 60 61 60 60 59 60 59 60 60 61 60 62 59 59 57
    59 59 58 58 67 67 64 63 64 63 63 63 63 63 64 64 62 61 61 63 62 62 61
    61 60 59 61 60 61 61 61 61 62 63 64 63 63 66 65 66 66 67 68 68 68 66
    66 66 68 65 64 63 64 64 61 60 59 62 62 66 64 64 64 63 64 63 65 66 64
    62 61 60 61 62 62 62 61 63 62 61 64 64 65 63 64 65 64 64 63 62 61 61
    61 62 63 63 62 62 65 64 65 64 64 64 64 63 63 62 64 61 59 60 59 59 61
    61 61 61 61 62 62 63 62 62 64 65 63 65 66 65 64 63 62 64 64 63 64 63
    63 61 61 63 65 66 68 68 68 67 66 66 65 65 64 62 61 63 62 60 61 62 62
    63 64 109 68 30 106 37 57 86 7 97 85 75 17 104 7 68 30 29 70 25 119
    15 123 73 53 105 17 37 67 8 91 81 42 126 5 67 38 46 91 74 51 64 18
    100 8 39 87 38 13 97 30 113 75 93 20 74 52 71 42 2 107 72 36 111 57
    1 59 61 60 61 60 61 61 61 61 61 60 62 60 60 60 60 59 59 59 58 59 59
    60 58 61 58 59 57 59 60 60 59 69 69 67 65 66 65 65 64 63 62 63 64 61
    62 61 63 62 62 61 61 61 60 62 60 61 61 61 60 61 62 63 62 63 66 64 65
    66 66 68 69 68 68 68 68 69 67 65 64 64 64 60 60 59 61 61 65 64 63 65
    64 66 65 67 68 66 64 63 62 64 64 64 64 62 63 64 62 65 65 65 63 63 64
    63 64 63 62 61 60 60 61 62 62 61 62 65 64 65 63 64 64 64 63 63 62 64
    61 59 60 58 59 61 61 60 61 61 63 62 63 62 62 64 65 63 65 65 64 64 62
    61 63 64 64 65 64 65 63 64 66 67 68 70 69 68 67 66 65 65 65 63 61 61
    63 61 60 60 62 61 63 62 40 27 107 94 95 33 40 64 30 4 59 115 0 34 0
    86 55 9 23 91 17 45 97 92 54 10 10 57 31 34 8 23 64 40 121 97 28 21
    7 90 110 68 86 114 81 93 57 67 16 7 67 46 88 82 39 88 45 89 54 119
    125 115 93 98 17 60 63 61 61 60 59 59 59 60 60 59 60 59 59 58 59 58
    58 59 58 59 57 59 57 60 57 58 56 59 60 59 59 69 69 68 66 67 65 64 63
    61 61 62 62 60 60 60 61 60 62 61 61 61 61 62 61 62 61 61 60 61 62 63
    61 61 64 63 64 63 64 66 67 67 66 66 67 68 66 65 65 65 66 63 63 61 63
    64 68 67 65 67 66 67 66 67 68 67 66 65 64 66 67 66 66 64 66 67 65 67
    66 65 63 63 64 63 63 62 61 60 60 60 62 63 63 62 63 66 66 66 65 65 64
    64 62 62 62 63 61 59 59 58 57 61 62 62 63 62 63 62 63 62 62 65 66 64
    66 65 65 65 64 63 65 65 66 66 65 64 63 64 65 65 66 69 67 67 66 66 66
    65 65 62 60 61 62 61 60 60 61 62 64 64 29 116 37 103 62 40 26 100 90
    44 126 20 124 74 127 105 23 71 43 24 3 55 38 13 28 52 118 5 5 81 14
    26 6 40 60 119 79 57 72 127 107 73 99 79 4 92 53 84 110 45 71 108 74
    8 57 126 115 102 118 64 23 81 63 3 54 61 63 62 62 61 61 61 62 62 63
    61 62 60 60 60 60 59 59 59 58 59 57 59 58 60 58 59 59 62 63 63 61 71
    71 69 68 69 67 66 66 65 64 64 63 61 61 61 61 59 61 60 60 59 59 61 60
    61 60 61 59 61 62 63 62 62 63 62 64 63 64 66 67 67 66 66 66 67 66 65
    65 66 67 63 63 62 63 64 68 68 66 67 65 67 65 67 68 67 65 64 62 64 65
    65 65 64 65 66 64 66 66 65 63 63 64 64 65 64 64 63 63 63 65 65 66 64
    65 68 67 67 66 64 64 63 62 63 62 63 62 59 60 58 57 61 62 62 62 62 63
    64 64 63 62 65 67 65 66 66 66 66 64 62 63 64 66 66 65 65 64 65 66 67
    68 71 70 69 69 68 67 67 66 64 62 61 63 61 60 61 62 62 64 64 21 91 26
    91 54 122 102 100 69 94 97 78 92 86 107 113 85 93 97 74 102 17 82 3
    121 42 70 58 21 120 73 25 126 12 73 32 26 43 109 15 49 1 85 92 1 68
    113 122 122 115 82 63 96 60 39 31 8 5 110 46 34 4 35 72 89 59 61 61
    62 60 59 59 61 61 61 60 63 61 61 60 61 60 60 61 59 60 58 59 57 60 58
    59 58 61 62 62 60 69 69 68 67 69 68 66 65 65 63 64 63 61 62 62 62 60
    61 60 60 59 60 61 60 62 60 61 59 61 62 64 64 64 65 64 67 66 66 68 69
    69 68 67 67 68 67 66 64 65 65 60 61 60 61 62 65 65 64 65 65 66 65 68
    69 67 65 65 64 65 66 65 65 64 65 65 64 65 65 64 62 62 63 63 63 63 62
    62 61 62 64 64 65 63 64 66 67 66 65 65 64 63 62 63 63 63 63 60 60 58
    57 60 62 62 62 62 63 63 63 63 62 66 68 67 67 67 68 67 65 63 63 64 65
    64 64 62 62 63 64 64 66 68 68 66 66 65 64 65 64 63 61 62 63 62 60 62
    62 63 66 66 82 51 103 24 12 68 87 114 11 7 40 78 61 6 18 44 108 36
    11 31 113 47 81 71 120 57 18 31 87 118 86 61 52 75 83 13 5 81 111 38
    80 19 90 19 0 8 119 46 124 89 7 21 1 113 28 42 81 83 68 28 106 15 45
    90 58 59 60 61 62 60 59 58 60 60 61 60 62 62 62 61 61 60 61 63 60 61
    59 60 58 60 59 59 59 63 62 62 61 68 68 67 67 68 67 66 65 64 62 64 63
    62 63 62 62 61 62 61 61 61 61 62 61 62 61 62 61 63 63 66 65 65 66 65
    67 66 66 68 69 69 69 68 69 69 68 67 64 65 67 62 63 62 62 62 64 64 63
    65 65 67 66 68 69 68 66 66 66 66 67 66 66 65 66 65 64 64 65 64 62 62
    63 63 63 62 62 62 61 61 62 62 63 62 63 65 65 65 64 63 63 63 62 64 63
    64 63 60 60 58 57 61 62 62 61 61 62 62 62 63 64 67 69 67 67 67 69 69
    67 65 66 65 66 65 65 63 62 62 62 62 63 65 64 63 62 62 61 62 62 62 60
    62 63 62 61 62 63 64 66 66 53 77 122 29 19 42 126 28 42 120 76 19 26
    100 12 50 103 119 124 73 27 54 6 88 73 83 23 77 47 30 63 53 72 91 17
    63 102 19 39 101 54 80 105 95 44 28 39 17 97 63 75 104 119 27 116 77
    105 79 24 19 21 47 110 1 64 59 60 61 62 59 58 58 60 61 62 61 63 62
    63 61 63 62 63 63 61 62 60 61 59 61 59 60 60 63 62 63 61 67 67 67 67
    68 67 66 65 65 64 65 65 64 66 63 64 62 64 63 63 63 64 65 65 65 64 65
    64 65 64 66 65 64 65 63 65 64 63 65 66 66 66 66 67 68 67 66 63 65 67
    62 64 62 63 63 65 64 63 65 67 67 66 68 69 68 66 66 66 67 67 66 66 65
    66 66 64 64 64 63 61 61 63 63 62 61 61 61 60 60 61 61 62 61 61 64 63
    63 62 62 62 63 62 64 63 64 63 60 60 58 57 60 62 62 61 61 62 63 64 65
    66 70 71 70 69 69 71 70 69 67 67 66 68 66 65 64 63 62 63 62 62 65 63
    62 62 62 61 62 62 63 61 63 65 63 63 63 63 64 67 67 38 84 55 87 40 65
    28 45 35 12 5 106 97 13 68 89 109 40 8 46 86 20 41 35 120 13 28 13
    54 107 110 19 83 34 121 11 29 10 20 84 35 3 70 73 82 58 101 16 5 70
    89 87 115 79 104 99 49 49 127 39 53 95 68 124 106 61 62 63 63 60 59
    59 61 61 62 61 63 62 63 61 62 61 62 63 62 63 61 62 60 61 60 62 62 65
    65 65 63 65 65 65 65 67 66 65 65 65 64 66 65 65 66 64 64 62 64 63 63
    63 64 65 65 65 65 65 64 66 64 66 65 64 64 62 64 63 62 65 65 65 66 66
    67 68 67 66 64 65 67 62 65 64 64 65 66 66 64 67 69 69 68 70 70 69 67
    67 66 67 67 65 65 64 65 65 62 62 63 62 60 59 61 61 62 61 61 60 60 60
    60 60 61 60 61 62 61 61 61 60 60 60 60 62 61 62 62 59 59 57 56 59 61
    62 61 60 62 63 64 65 65 70 70 70 68 68 70 70 69 67 66 67 68 66 67 64
    64 63 63 62 62 64 63 61 60 60 58 60 59 60 58 61 62 61 61 62 62 62 65
    65 112 126 105 106 125 13 84 54 86 54 15 110 38 120 74 95 19 19 69
    114 2 121 85 67 63 59 33 117 70 88 33 71 36 109 21 116 70 71 6 5 124
    44 104 11 20 91 118 115 31 90 111 30 116 23 30 51 32 43 78 106 88 2
    95 1 48 59 61 62 62 60 58 57 59 60 61 60 61 61 62 59 60 60 61 63 61
    62 60 61 60 61 59 60 60 63 63 63 61 68 68 69 70 70 69 68 68 68 66 68
    68 67 67 64 64 62 64 62 62 62 63 64 64 64 64 65 65 67 66 67 67 67 67
    65 66 64 64 66 67 66 66 65 66 66 65 65 63 64 65 61 63 63 63 65 65 65
    63 66 68 69 67 69 68 68 67 67 67 67 67 65 64 64 64 65 62 62 63 61 59
    58 60 60 61 60 61 60 60 60 59 59 61 60 62 63 62 62 60 60 59 60 61 63
    62 62 62 60 60 59 58 60 62 64 63 61 63 63 65 65 65 69 69 69 69 68 71
    71 70 69 67 68 70 68 70 68 67 66 65 64 63 66 64 63 62 61 59 60 59 60
    58 61 62 60 61 61 61 61 63 64 87 29 83 79 61 56 93 58 73 63 116 62
    127 35 51 100 15 69 47 100 36 122 22 57 47 75 36 114 24 33 103 67 14
    35 29 46 93 2 51 85 59 97 39 21 60 33 126 71 5 96 15 116 22 19 74 57
    21 20 96 2 84 85 67 118 34 56 58 59 59 57 56 55 57 58 60 59 61 60 61
    58 60 60 61 63 61 62 60 61 59 60 58 60 59 62 61 61 59 67 67 67 68 69
    68 67 66 65 65 66 67 66 67 65 65 64 65 64 64 64 65 66 65 66 65 67 66
    68 67 69 69 69 68 66 68 66 64 65 66 65 64 63 63 63 64 63 62 63 64 61
    64 64 64 66 66 66 64 66 68 68 67 68 67 67 65 65 66 66 66 64 63 63 64
    64 62 60 62 61 58 58 60 60 60 60 60 60 61 61 61 61 62 61 62 64 63 63
    62 61 61 62 62 63 63 64 63 62 62 60 59 62 63 64 63 63 64 64 65 65 66
    70 70 68 69 68 71 71 70 68 66 66 68 67 68 67 66 64 63 62 61 63 61 61
    60 59 57 59 58 59 57 60 61 59 61 60 60 60 62 61 32 113 61 102 90 10
    92 85 25 44 18 45 42 54 98 78 65 31 83 58 1 109 8 6 4 65 119 34 37
    67 84 124 29 53 26 12 0 52 67 67 76 64 74 67 8 92 8 89 9 118 67 89 2
    60 85 45 20 68 54 71 36 1 112 18 122 57 58 59 59 57 56 55 58 59 61
    58 60 59 60 58 60 59 60 61 60 59 58 59 58 60 58 60 60 63 63 63 61 65
    65 66 67 68 68 67 66 66 65 67 68 68 68 66 66 65 66 65 65 64 67 67 67
    68 68 70 69 71 69 71 71 70 68 66 66 64 63 65 65 64 63 61 62 62 63 64
    63 64 65 61 64 64 64 65 65 65 64 65 66 65 65 66 65 65 63 64 66 65 64
    62 62 63 63 63 61 59 61 60 57 57 59 60 59 59 59 59 60 60 60 59 60 60
    61 63 62 61 61 59 59 61 60 61 61 62 61 59 60 58 58 60 61 61 61 61 62
    62 63 65 66 69 69 68 68 67 70 71 69 68 67 67 68 68 68 68 66 66 64 63
    62 63 62 62 60 59 59 60 60 61 59 61 63 61 61 61 61 60 62 61 5 47 11
    84 106 1 84 17 40 2 5 1 85 111 3 32 37 84 74 114 8 16 105 2 4 43 71
    122 117 31 115 21 48 101 89 8 46 43 88 98 63 73 60 77 54 34 63 25 27
    12 3 27 32 84 31 22 46 4 36 105 66 25 108 104 1 59 60 61 62 60 58 58
    60 61 61 59 61 61 61 59 61 60 61 62 61 61 60 61 59 60 59 61 60 62 62
    61 59 67 67 67 67 68 68 67 66 66 65 66 67 66 66 65 65 64 64 63 63 62
    64 65 65 66 66 67 66 68 68 70 69 69 69 66 66 65 64 66 66 65 65 63 64
    63 64 65 63 64 64 60 63 63 63 64 65 65 63 65 66 66 66 68 67 66 65 64
    66 65 65 62 61 63 63 62 60 58 60 60 57 56 58 59 58 57 58 58 60 60 60
    61 62 62 63 64 63 62 62 61 61 63 61 62 62 63 62 61 61 59 59 60 60 61
    61 62 62 62 63 64 65 69 70 69 68 68 70 70 68 68 67 67 68 68 68 68 67
    66 64 63 62 64 63 63 61 60 59 60 60 61 60 62 63 60 61 61 61 60 63 62
    65 24 28 123 113 41 7 42 38 91 76 39 41 75 118 120 23 34 16 113 104
    43 123 103 77 64 37 41 26 18 112 37 55 87 78 71 100 49 64 120 121
    119 125 5 59 57 30 125 48 34 77 8 127 122 45 43 121 126 20 46 33 77
    41 92 92 59 60 61 62 60 59 58 61 62 62 60 63 62 62 60 61 60 61 64 63
    62 61 61 58 60 60 61 61 64 63 63 60 68 68 68 69 69 70 69 68 67 67 67
    69 68 69 68 68 67 67 65 64 63 64 65 65 66 66 66 66 68 67 69 69 70 69
    66 66 64 62 64 65 64 64 63 63 62 64 65 64 64 64 60 63 64 63 63 63 63
    62 63 64 65 65 67 66 65 65 65 68 67 66 64 63 64 64 64 62 61 62 61 58
    57 59 60 59 59 60 60 60 60 60 60 61 61 62 62 61 61 60 60 60 61 60 61
    62 63 63 62 63 61 60 60 61 62 63 62 63 62 63 64 65 68 68 68 67 67 69
    70 68 68 67 67 68 67 68 68 67 66 64 63 63 64 62 63 62 62 60 62 61 63
    62 64 64 61 63 63 62 60 62 62 101 63 40 10 28 62 94 113 83 71 34 114
    119 119 25 54 82 39 40 19 39 6 59 52 101 124 18 13 63 4 85 80 19 44
    41 85 122 82 113 36 93 50 59 42 1 61 3 43 65 68 15 64 51 19 51 90 88
    63 19 43 55 34 123 79 28 60 59 60 61 60 58 56 60 60 60 60 62 62 62
    61 62 60 62 65 64 64 63 63 61 61 61 62 62 64 64 63 61 65 65 65 66 67
    68 67 67 67 66 67 68 67 68 67 67 66 65 64 64 63 63 66 66 67 66 68 67
    69 69 70 69 70 69 66 66 65 64 65 65 63 62 61 61 60 61 63 62 63 63 61
    64 65 64 65 65 65 64 64 64 64 65 65 64 64 64 63 66 64 63 61 61 62 61
    61 59 58 59 59 57 57 59 59 58 59 59 61 61 61 61 60 61 61 62 62 62 61
    61 60 60 61 59 60 62 64 63 62 64 63 61 61 62 63 64 65 64 64 64 65 66
    68 69 69 68 68 70 70 68 68 67 66 67 66 67 66 66 64 62 62 61 62 61 62
    62 62 60 61 60 62 61 62 63 60 61 62 61 58 62 62 53 43 19 25 96 100
    95 58 7 10 82 73 100 68 5 17 100 74 120 43 11 101 25 45 59 26 111
    118 7 78 14 0 11 12 27 24 67 111 70 38 114 13 37 83 50 110 82 46 20
    59 69 69 19 43 5 68 38 13 86 31 30 42 67 5 12 60 58 59 62 61 61 59
    62 63 62 63 65 65 66 65 65 64 65 67 66 65 64 64 61 60 60 61 61 62 62
    62 60 63 63 63 64 66 68 68 68 68 69 70 71 71 72 69 70 69 67 66 66 64
    65 66 67 67 67 69 69 71 71 71 71 73 71 68 69 68 66 66 66 64 63 63 62
    60 60 62 60 60 60 58 61 62 61 62 63 64 63 63 64 63 65 65 65 63 62 61
    64 62 61 60 60 60 59 59 57 56 58 59 57 57 59 59 58 59 60 60 61 61 61
    60 60 61 61 61 61 60 61 60 60 61 60 61 62 64 64 63 65 64 62 62 61 62
    64 64 65 64 65 65 66 68 69 69 69 69 70 70 68 68 66 66 67 66 67 66 67
    64 62 62 61 61 61 62 61 61 60 61 60 63 62 64 63 60 62 62 61 58 60 60
    3 78 17 54 44 39 31 84 116 55 81 109 49 63 14 32 107 96 96 82 1 57
    69 31 54 0 92 82 40 81 74 121 105 85 36 48 20 42 57 65 74 85 110 99
    66 27 115 80 31 52 52 95 54 33 123 68 25 116 118 116 18 31 53 105 24
    60 59 60 62 61 61 60 62 62 62 63 65 64 65 64 64 63 64 67 66 65 64 63
    60 60 59 60 60 61 59 59 58 60 60 61 62 63 67 66 67 66 68 69 71 71 72
    70 71 70 67 67 67 66 66 68 68 69 69 70 70 72 72 71 71 73 72 69 69 68
    66 66 66 64 64 64 63 60 60 61 59 59 60 58 60 62 61 61 61 62 62 62 64
    63 64 65 65 64 63 62 65 63 61 59 58 58 58 58 56 55 57 57 55 55 57 58
    57 57 57 57 58 58 57 58 58 59 60 60 60 60 60 61 62 63 61 61 63 65 64
    64 65 65 64 63 62 62 65 66 65 65 65 65 66 66 67 67 67 67 67 68 67 66
    65 65 66 67 67 66 66 64 63 62 61 61 62 62 62 62 61 63 62 64 64 66 65
    63 64 64 64 60 63 62 101 45 23 93 19 68 6 14 65 30 6 45 25 10 41 24
    103 66 78 53 119 0 80 48 9 45 73 35 4 1 115 37 119 108 103 82 26 21
    67 121 25 30 73 53 41 45 10 18 17 124 113 127 56 12 56 29 60 33 121
    45 67 13 101 94 9 59 58 60 63 62 63 61 63 64 64 65 66 65 67 65 65 64
    64 66 66 64 63 61 59 59 57 59 58 59 58 58 58 60 60 60 62 63 65 66 67
    67 69 69 71 71 72 71 71 70 68 67 66 65 65 67 67 68 68 69 69 71 71 70
    70 71 70 67 67 66 64 64 63 62 62 63 61 60 60 61 59 59 61 59 61 62 61
    62 62 63 63 63 63 63 63 63 63 62 62 60 63 61 60 59 58 58 57 59 57 57
    58 59 56 57 57 58 58 57 57 57 58 57 57 57 58 58 60 59 59 60 61 61 62
    64 63 64 65 67 66 66 68 68 67 66 64 64 66 66 66 66 66 66 66 66 67 66
    67 67 67 68 67 67 66 67 67 67 68 68 68 66 65 64 63 63 63 64 63 64 63
    64 63 65 64 66 66 64 66 66 66 62 64 63 107 40 48 127 18 119 65 27 28
    102 17 108 58 47 78 106 66 99 103 76 87 41 23 14 92 113 96 64 80 37
    63 53 98 95 127 109 34 49 110 65 108 23 12 60 64 88 95 73 24 25 117
    92 108 120 122 75 116 31 105 62 85 7 4 48 115 59 58 60 62 62 63 61
    62 63 63 64 66 66 67 66 66 65 65 67 66 64 63 60 58 57 56 58 57 58 57
    57 56 61 61 61 62 63 66 67 67 68 68 69 71 72 72 71 71 70 67 67 67 66
    67 68 68 68 68 69 69 70 71 69 70 71 70 68 67 66 64 63 63 63 62 62 60
    58 57 58 57 57 59 58 59 60 60 61 62 64 64 64 64 64 64 64 64 63 61 60
    62 60 59 58 58 58 57 59 58 58 60 59 58 57 58 59 58 58 59 57 58 57 57
    58 59 60 61 61 61 62 62 62 64 65 64 64 66 68 66 67 68 67 67 66 64 64
    67 66 66 66 65 64 65 65 66 66 67 67 67 68 68 68 67 68 69 68 69 69 69
    67 67 67 65 64 64 64 64 65 64 65 64 65 64 64 65 63 65 65 65 61 63 63
    16 42 17 67 85 111 73 61 111 19 97 0 74 32 65 112 14 37 74 89 117 95
    2 74 120 58 3 41 6 126 46 119 91 34 73 35 98 52 24 57 66 12 59 50 17
    109 116 19 125 121 35 127 14 3 76 92 36 97 103 125 103 53 41 33 18
    60 60 61 64 64 65 62 62 63 63 64 66 66 66 66 65 64 65 66 66 63 62 60
    58 57 57 58 58 59 57 58 57 61 61 62 63 63 65 66 66 66 66 66 68 69 69
    69 69 68 66 65 65 65 66 68 68 69 69 69 68 69 71 70 71 72 70 68 67 66
    64 63 63 64 62 62 59 58 58 60 59 59 59 59 60 61 61 63 63 65 65 64 64
    64 64 64 63 62 61 60 62 59 59 57 57 57 56 58 57 57 59 58 57 58 58 60
    59 59 60 59 60 59 59 60 60 61 63 62 62 63 64 63 63 64 63 63 65 67 65
    65 66 67 66 65 64 63 66 66 65 64 63 63 63 63 65 65 66 66 66 67 67 67
    67 68 69 67 67 67 68 67 66 66 65 64 64 64 63 65 65 66 64 64 63 64 64
    62 64 64 65 62 64 63 94 124 20 127 60 76 45 11 13 47 100 127 117 4
    87 19 68 41 37 43 49 76 7 87 95 78 119 54 121 107 61 105 20 14 14 65
    112 40 19 56 86 66 59 34 62 103 126 31 57 53 113 105 95 49 101 35 8
    115 94 56 62 24 72 7 101 59 57 58 62 61 62 60 60 62 62 63 65 65 66
    66 65 64 65 65 65 61 60 59 56 55 55 56 56 56 54 55 54 67 67 67 67 68
    69 68 68 68 67 67 68 68 68 68 69 68 66 65 66 65 67 68 68 68 68 69 67
    68 70 70 71 73 72 69 69 68 67 66 67 67 65 65 62 59 60 61 61 60 60 60
    60 60 61 62 62 64 64 62 60 61 61 62 61 61 59 58 61 58 58 58 59 58 57
    58 58 58 59 60 58 60 59 60 58 58 59 58 59 57 58 59 58 59 62 62 63 64
    66 65 66 68 66 66 68 69 67 67 68 68 66 65 64 64 67 66 65 65 64 64 64
    64 65 65 65 64 65 65 65 64 65 65 66 64 64 64 65 65 65 64 64 63 62 63
    62 65 65 65 63 63 62 63 62 61 63 63 64 62 63 64 60 127 48 27 51 0 24
    69 53 35 14 6 108 113 7 21 34 100 26 66 49 48 84 19 42 105 72 53 38
    95 51 58 2 23 37 100 60 39 99 20 51 22 104 82 123 80 121 28 115 37
    97 31 34 30 50 56 71 53 26 44 6 6 73 22 88 59 58 59 63 63 63 61 60
    62 61 63 65 65 65 65 64 63 64 65 64 61 61 59 56 55 56 57 56 57 55 55
    55 63 63 62 62 63 65 64 64 64 63 64 66 66 68 68 71 70 68 68 69 67 69
    71 71 70 70 70 67 67 68 68 70 72 70 68 68 68 67 64 66 67 65 65 62 60
    61 62 61 61 61 61 61 61 62 63 63 65 65 64 62 62 63 63 64 62 60 59 61
    58 58 59 59 58 56 56 57 58 58 58 58 59 58 58 56 57 57 57 58 58 59 59
    58 59 61 62 63 65 66 66 66 68 66 67 69 70 68 67 68 67 66 66 65 63 66
    66 65 65 64 63 64 65 66 65 65 65 64 64 65 65 66 66 66 64 64 64 65 65
    65 64 64 62 61 62 61 63 64 65 63 64 63 65 63 63 64 65 67 65 66 65 66
    102 41 85 40 127 121 34 100 78 125 100 37 25 115 4 103 44 66 30 31
    75 103 127 60 54 46 15 5 19 68 11 124 106 77 38 2 12 118 106 28 112
    57 38 19 105 63 4 101 16 12 56 125 95 109 114 60 67 2 100 36 26 86
    20 105 62 61 62 66 67 67 64 64 65 64 66 67 67 67 67 65 63 65 65 63
    61 60 59 57 56 56 58 57 57 56 57 58 64 64 62 62 63 64 63 64 64 63 65
    66 66 67 68 70 71 69 70 70 69 71 71 72 72 71 71 67 66 67 67 68 69 68
    66 66 65 65 63 65 66 65 66 63 61 61 62 61 61 61 61 60 61 61 61 62 63
    63 62 61 61 61 63 63 61 60 58 60 58 58 58 59 58 57 56 57 58 57 57 57
    57 57 57 55 55 55 56 56 56 57 58 56 57 59 60 61 63 64 64 65 66 64 66
    68 70 68 67 69 68 67 66 66 64 67 66 65 65 63 63 63 64 65 65 64 63 64
    64 65 65 66 66 66 65 65 65 67 68 67 66 66 65 64 65 63 65 64 65 63 63
    63 64 63 62 64 65 67 65 66 67 106 86 114 120 51 89 126 99 71 24 105
    61 106 35 68 77 123 53 26 125 70 80 24 70 18 55 54 83 63 42 126 29
    11 122 72 2 30 40 82 107 35 35 113 105 46 104 3 34 26 63 29 64 34 98
    31 122 17 50 110 18 0 72 66 27 119 61 61 62 65 66 66 64 62 63 63 66
    67 67 67 67 66 65 67 68 67 65 64 62 61 60 59 61 60 60 59 59 60 62 62
    61 60 61 62 62 62 63 63 63 64 65 66 67 70 71 70 70 70 70 71 72 72 72
    70 71 68 66 66 66 68 68 68 67 67 66 66 64 65 67 67 68 65 64 64 63 62
    63 62 62 61 62 61 61 62 63 63 62 62 63 63 65 65 63 63 61 63 61 61 62
    62 60 58 57 57 57 56 56 56 57 56 55 53 54 55 56 56 56 59 59 57 58 60
    60 62 64 66 66 68 69 67 69 71 72 71 70 71 70 68 66 66 64 66 65 64 64
    63 62 62 63 64 65 64 63 64 64 65 65 65 66 66 64 65 64 67 67 66 66 66
    65 63 64 62 64 63 64 62 62 62 62 61 60 64 64 67 65 67 68 59 52 93 51
    96 119 116 64 123 25 71 79 44 90 25 99 14 12 17 74 122 123 94 104 1
    44 106 43 32 76 113 64 106 117 8 90 47 75 85 83 79 53 68 34 93 54 35
    48 3 70 4 75 54 26 78 25 88 113 6 89 88 20 103 54 123 59 58 59 62 62
    63 61 60 61 61 64 65 65 66 66 65 64 65 66 65 64 63 62 61 61 60 62 62
    63 61 61 62 60 60 60 60 60 62 61 62 63 63 64 65 65 67 68 69 70 69 70
    70 70 72 73 72 72 71 71 69 67 67 67 68 68 67 65 66 65 65 63 64 65 64
    66 63 63 63 63 61 61 61 61 60 61 61 61 61 62 62 61 61 62 62 63 63 62
    62 60 61 59 60 61 62 60 59 58 58 58 58 59 58 60 58 57 55 56 57 57 57
    57 59 58 56 56 59 60 62 64 65 65 66 68 66 69 71 72 70 70 70 69 67 67
    67 64 66 64 63 63 62 61 62 63 63 63 62 62 63 63 65 65 64 65 65 64 65
    65 67 69 68 68 68 66 65 66 64 65 65 65 62 62 63 62 61 61 63 64 67 66
    66 68 86 121 73 108 73 56 46 19 17 11 12 76 28 4 14 27 4 24 66 103
    13 67 22 123 1 111 69 20 56 69 117 59 116 64 75 58 23 103 99 119 27
    19 12 123 73 92 98 74 38 86 35 41 49 17 74 18 50 96 75 87 28 49 75
    62 76 59 57 59 61 60 62 60 58 60 60 63 64 65 66 67 65 65 66 68 66 64
    64 63 62 62 61 63 62 62 61 61 63 59 59 59 59 60 61 61 61 62 61 61 63
    64 65 66 67 67 67 68 70 71 73 73 73 72 71 71 70 68 67 67 68 67 66 66
    67 66 67 64 65 67 65 66 64 64 64 63 61 61 61 63 61 61 62 63 63 63 62
    61 62 63 61 61 63 63 62 59 61 59 60 61 61 60 60 57 58 57 56 57 57 59
    58 57 55 55 56 58 58 58 60 59 58 57 60 62 63 65 66 66 66 69 67 69 69
    70 69 69 69 68 67 66 66 63 65 64 63 63 62 61 62 62 63 62 61 61 63 63
    64 65 64 65 65 64 65 66 69 69 69 68 68 66 66 66 64 65 64 63 61 61 61
    61 60 59 62 63 67 66 67 68 7 97 127 26 76 83 78 55 21 76 75 40 48 42
    41 125 100 65 80 9 115 20 103 92 104 36 101 32 29 93 58 112 83 90 91
    71 89 117 119 125 49 89 74 41 95 6 59 67 21 97 98 11 84 89 65 49 72
    107 28 58 42 41 21 75 48 58 57 59 62 61 63 61 59 62 62 65 65 66 67
    67 65 65 66 67 65 63 63 61 60 60 59 61 61 61 59 59 61 59 59 59 60 59
    60 60 61 62 61 61 64 64 65 66 66 67 67 68 69 70 73 73 71 71 71 70 69
    67 66 65 66 65 65 65 67 65 65 62 64 66 66 67 65 66 65 63 62 61 62 63
    61 61 61 62 62 61 61 61 62 63 61 62 63 64 62 60 61 60 61 62 62 61 61
    59 60 59 58 59 58 59 58 57 55 54 55 56 56 55 58 58 57 58 61 62 64 66
    67 68 67 70 68 70 70 70 68 68 69 68 67 66 66 62 64 63 63 62 61 60 60
    62 62 61 60 61 62 62 63 65 64 65 65 64 65 66 69 70 69 68 69 68 67 68
    66 66 65 64 63 62 62 62 61 60 63 63 66 65 67 68 99 82 71 47 52 12 92
    61 75 95 117 17 91 104 5 28 84 103 101 77 93 78 69 92 114 8 112 25
    80 6 40 47 61 58 50 74 101 108 53 114 31 119 1 66 90 72 2 35 33 5
    103 35 42 124 70 103 68 42 33 80 107 109 6 81 105 56 54 56 59 59 61
    58 56 59 59 62 63 64 65 65 64 63 65 66 64 64 64 62 61 61 60 62 61 62
    60 59 62 60 60 59 60 60 60 60 61 62 59 59 62 62 63 64 63 65 66 66 67
    69 72 73 71 70 69 70 68 66 64 64 65 64 64 63 65 64 64 63 64 66 66 67
    65 67 66 65 64 64 64 64 62 62 62 62 62 60 61 61 61 62 60 61 62 64 63
    60 61 61 60 61 61 61 61 59 60 60 59 60 59 60 60 57 55 54 55 56 56 54
    58 57 58 58 60 63 64 67 68 68 67 70 68 70 69 69 68 68 68 67 66 65 66
    62 63 62 62 61 60 59 60 62 61 60 58 59 61 61 62 64 64 64 63 62 64 65
    67 69 68 68 68 67 66 66 65 66 65 64 63 62 63 63 62 61 64 64 66 66 68
    69 119 58 24 1 119 47 25 22 40 35 97 49 75 104 73 118 4 25 42 5 54
    17 47 27 102 116 28 34 99 127 59 24 37 102 53 119 95 38 2 125 104 1
    24 67 33 1 108 122 59 125 114 9 87 43 84 52 13 72 62 20 37 123 106
    11 26 56 54 55 58 58 59 56 55 58 59 62 63 65 66 68 66 65 67 69 67 66
    66 64 63 62 61 62 61 62 60 59 61 61 61 61 61 61 61 62 61 62 60 60 62
    62 63 63 64 64 65 66 67 68 71 72 70 69 69 69 68 65 64 64 65 63 63 62
    64 64 64 62 64 66 64 65 63 66 66 65 64 63 64 64 62 61 62 63 62 61 60
    60 61 62 60 62 62 64 63 60 61 60 61 62 62 62 61 60 62 62 60 62 61 62
    61 58 56 55 56 57 57 56 59 59 59 59 61 63 64 66 68 67 66 69 67 70 69
    69 68 68 68 67 66 65 66 62 63 62 62 60 59 59 60 63 62 62 60 62 64 62
    63 66 65 65 64 62 64 65 67 68 66 67 67 65 63 64 63 64 62 61 60 59 60
    60 60 59 62 62 64 64 66 67 67 68 68 68 68 70 69 68 66 64 63 63 64 62
    61 62 62 60 60 61 60 62 61 61 61 62 63 63 64 64 65 65 67 67 69 68 68
    66 67 67 66 66 65 63 63 61 59 61 62 63 63 63 63 62 62 63 62 62 62 63
    63 61 60 58 56 57 56 56 58 59 59 56 55 57 58 61 63 65 65 67 65 65 67
    69 68 66 66 65 64 62 62 63 63 63 62 61 62 60 60 60 59 60 61 61 59 60
    59 58 60 61 62 62 62 63 64 65 66 68 70 72 70 68 68 69 68 66 65 65 66
    64 64 63 64 65 65 63 65 66 64 64 63 65 65 65 65 64 64 63 61 60 62 63
    62 61 60 61 61 62 62 63 65 66 65 63 62 62 62 62 62 63 61 60 61 61 59
    60 60 61 61 58 56 55 56 57 58 57 61 60 60 60 61 64 64 65 67 66 65 67
    65 68 67 68 67 68 68 66 65 64 65 61 62 61 62 59 58 58 59 62 61 61 58
    61 62 60 61 64 64 63 62 61 63 64 67 67 67 68 68 67 65 65 65 66 65 64
    63 62 62 62 61 60 63 63 64 64 65 66 65 67 66 66 67 69 68 67 65 63 63
    62 63 61 60 60 59 59 59 60 59 61 59 61 62 63 64 65 66 65 66 67 69 68
    70 69 68 66 66 65 65 66 65 63 61 61 59 61 62 64 64 64 65 62 63 63 62
    63 63 63 63 61 60 58 56 58 56 56 59 59 59 57 56 59 60 63 64 64 65 67
    65 64 65 66 66 65 65 65 65 64 64 64 64 65 65 65 66 62 62 61 60 60 61
    61 60 60 59 58 60 60 61 61 63 62 64 65 66 67 70 72 70 68 68 68 67 65
    64 65 65 63 63 62 63 64 65 64 65 66 64 64 63 65 65 66 66 65 64 63 62
    61 62 62 62 60 59 58 58 59 59 61 63 65 64 61 62 61 62 62 62 62 61 60
    60 59 57 60 59 60 61 58 56 56 56 58 59 59 61 60 60 59 61 62 62 63 65
    64 63 64 63 65 65 67 67 68 69 67 66 65 67 63 64 64 65 61 60 59 61 63
    61 60 57 59 61 58 58 61 60 59 58 58 60 61 64 65 64 66 66 66 65 66 66
    66 66 65 65 63 63 64 63 62 64 64 65 64 65 65 64 65 64 64 64 66 66 65
    63 62 61 62 64 62 62 62 60 60 59 60 60 62 60 60 60 60 62 63 64 64 65
    65 67 66 68 67 66 65 65 64 65 66 65 63 62 62 60 63 64 66 66 66 67 64
    65 64 64 63 63 63 62 60 59 57 55 57 54 55 58 58 58 55 55 58 59 61 63
    64 65 67 65 64 65 68 67 66 66 65 66 65 64 64 63 64 65 63 64 61 61 60
    60 60 61 61 61 62 60 59 61 61 61 63 63 62 64 65 66 67 69 71 69 66 67
    68 66 65 63 64 65 64 65 64 66 68 68 66 68 68 66 65 64 66 65 65 65 63
    63 62 61 60 62 61 61 59 58 58 58 58 59 60 62 64 63 60 60 60 61 61 61
    62 61 60 60 60 58 61 61 61 61 58 56 55 55 57 58 57 60 59 60 59 60 62
    63 63 66 65 64 65 64 66 65 68 69 70 71 69 68 67 68 65 65 65 67 63 62
    60 61 63 61 60 57 60 61 58 58 60 58 58 57 58 60 61 64 64 63 64 65 64
    64 64 65 64 63 63 62 61 63 62 61 61 63 63 63 63 64 64 62 65 63 64 65
    67 67 67 66 66 66 67 70 68 66 66 64 63 62 64 63 64 62 62 62 61 64 65
    65 65 67 67 69 67 69 68 67 66 65 65 65 65 64 61 60 61 60 62 64 66 67
    67 68 66 67 66 66 65 65 64 63 61 60 57 56 58 55 57 59 59 60 57 57 60
    60 64 65 64 66 67 65 63 65 67 66 66 66 64 65 65 64 64 64 66 66 63 64
    58 58 58 58 58 61 61 62 62 61 60 62 62 62 63 63 62 63 64 63 65 67 69
    68 66 66 66 65 65 63 64 64 63 63 63 64 67 67 65 66 66 64 63 63 65 64
    64 65 62 63 62 61 61 61 61 62 59 58 58 58 59 59 60 61 63 63 60 59 59
    60 61 60 61 61 60 61 60 59 62 62 62 61 58 57 56 56 57 58 59 61 61 61
    60 62 64 64 64 65 65 64 63 63 65 64 66 68 69 71 71 70 69 70 67 66 66
    67 64 63 61 61 61 59 58 55 59 60 58 57 60 58 58 58 60 62 63 66 65 64
    66 66 66 66 65 66 64 64 63 63 63 63 63 62 61 63 64 65 64 65 64 62 64
    64 65 65 67 66 66 65 65 64 66 69 68 67 65 64 63 62 63 62 63 62 62 61
    61 62 63 64 64 66 66 67 66 66 65 64 63 62 62 62 63 62 60 59 59 59 61
    64 65 66 66 67 65 66 65 66 66 65 65 64 63 61 58 56 58 56 58 59 59 60
    58 59 61 62 65 67 67 68 69 67 65 66 68 67 66 66 64 64 64 63 63 63 64
    64 61 61 61 61 60 60 61 63 64 64 64 64 62 63 62 62 63 62 60 62 62 61
    63 65 67 65 64 65 65 64 64 63 64 65 63 64 63 64 66 66 64 65 64 62 62
    61 63 62 63 64 62 63 62 61 61 62 61 62 60 58 57 57 58 57 58 59 61 62
    59 58 59 60 61 61 62 62 62 62 61 60 62 62 62 61 58 57 56 57 57 59 59
    62 62 63 63 63 65 64 63 65 65 64 63 62 63 62 64 66 68 70 71 70 69 70
    67 67 67 69 65 64 62 62 61 59 59 56 60 61 58 57 60 58 58 58 60 61 63
    65 64 63 65 65 65 65 65 66 65 64 63 63 63 63 62 62 61 63 64 64 63 65
    64 63 65 65 66 66 67 67 66 65 66 64 66 69 67 65 64 62 62 60 62 61 62
    62 63 62 61 63 64 66 65 67 67 68 67 66 65 63 62 61 61 61 62 62 60 59
    58 60 61 64 65 67 67 68 65 66 65 64 66 65 65 63 62 60 57 55 58 55 57
    58 57 59 57 58 60 61 65 67 66 67 68 67 67 66 69 68 67 68 65 65 65 65
    65 65 67 67 64 64 62 62 61 61 61 64 64 64 64 63 61 62 62 61 62 62 59
    60 61 61 62 64 67 64 63 65 65 65 65 63 65 65 64 64 63 64 68 67 65 66
    65 64 62 62 64 63 65 66 63 63 63 62 62 63 62 63 60 58 58 58 59 59 60
    61 63 62 60 59 60 62 62 61 62 62 62 63 63 62 65 65 65 64 61 60 60 61
    61 61 61 63 63 65 64 64 65 65 64 64 65 64 63 62 63 61 63 65 68 69 70
    70 69 70 67 67 68 70 67 65 62 62 62 60 60 57 60 60 58 57 60 59 59 59
    60 61 62 64 63 62 64 63 63 64 62 65 63 64 63 63 62 63 62 62 62 63 64
    63 63 64 63 62 64 64 66 66 66 67 67 65 65 63 66 69 67 65 64 63 64 61
    63 63 64 64 65 63 62 64 65 66 65 66 67 68 67 66 64 64 64 62 62 62 63
    63 60 58 57 59 61 63 64 66 66 67 64 66 64 64 65 64 64 63 62 61 58 56
    58 55 57 59 59 61 59 60 62 62 66 67 67 68 69 68 67 67 68 67 66 67 65
    64 64 64 64 64 66 66 63 64 64 64 64 63 63 65 64 64 64 63 61 60 60 59
    60 60 59 60 61 60 62 63 66 64 63 65 63 63 63 62 63 63 62 62 61 63 66
    65 64 65 64 63 62 61 63 62 65 65 63 64 64 63 62 63 63 63 61 60 59 59
    58 58 59 60 62 61 58 57 58 59 60 60 61 62 63 63 63 63 65 65 66 66 63
    62 61 61 61 62 63 64 64 66 65 64 65 64 64 64 65 63 63 62 62 61 63 65
    67 70 70 70 69 70 68 69 69 72 68 68 65 64 63 62 61 58 61 60 58 57 59
    58 59 59 60 61 62 64 64 63 64 62 63 64 62 65 63 63 62 62 62 63 62 63
    62 63 63 62 62 64 63 62 64 64 66 66 67 68 68 66 67 65 67 70 68 66 64
    64 63 61 63 63 65 65 67 65 64 66 68 68 67 68 69 70 69 67 64 63 64 62
    61 62 63 63 60 59 58 60 62 64 64 66 65 67 65 65 63 63 64 63 64 63 62
    61 58 56 58 56 59 61 61 62 61 61 63 65 68 70 71 71 71 70 68 68 69 68
    67 66 64 64 63 63 62 63 64 64 63 63 64 64 64 63 63 65 64 64 63 62 61
    60 59 59 60 61 59 60 60 60 62 63 65 63 62 64 63 62 63 61 62 62 61 61
    60 61 65 64 63 64 63 62 62 62 63 63 65 67 65 66 65 64 64 65 64 63 62
    61 60 59 59 59 60 60 63 62 61 60 61 62 61 61 62 62 63 62 63 62 64 64
    64 64 62 62 60 61 60 62 62 64 64 66 65 63 65 63 64 64 65 64 62 60 62
    60 62 65 66 69 69 69 67 68 67 68 68 72 68 68 65 64 64 62 63 60 63 63
    60 59 62 60 61 61 61 61 61 62 61 59 61 59 60 61 59 61 60 60 60 61 61
    62 60 62 61 61 62 61 62 64 63 61 63 62 65 64 65 66 66 65 65 62 64 66
    66 64 63 62 63 61 63 63 66 66 68 66 63 66 68 69 67 67 69 70 68 67 64
    63 64 62 62 62 62 63 60 58 57 59 61 63 64 65 64 66 64 64 63 63 63 63
    63 62 62 61 60 57 60 58 60 62 62 62 61 63 64 64 68 69 69 70 70 69 68
    69 69 68 68 68 65 64 63 63 63 63 65 64 62 62 64 64 63 61 62 63 63 64
    63 64 63 62 61 59 60 62 61 62 61 60 60 61 63 61 60 62 62 60 61 59 60
    61 61 60 59 60 63 62 63 64 62 62 62 63 64 64 66 68 66 67 65 64 64 64
    63 62 61 61 60 59 60 60 61 61 63 63 62 61 61 63 62 62 63 64 65 65 65
    65 66 66 65 64 62 61 61 60 59 60 60 62 64 66 65 63 65 63 63 64 65 65
    63 61 62 60 62 65 66 69 69 68 68 69 68 69 68 72 69 69 66 65 65 64 64
    61 63 63 61 59 61 59 61 61 61 61 60 61 61 59 60 59 60 61 59 60 59 60
    60 61 60 62 60 61 61 61 62 61 62 64 63 62 63 63 66 66 66 68 67 66 66
    65 66 68 68 65 63 62 63 61 63 63 65 65 67 65 63 66 68 68 66 66 67 68
    67 66 62 62 63 61 60 62 62 63 61 59 58 60 61 64 64 65 66 66 64 64 63
    63 64 63 63 62 63 62 60 58 61 60 62 63 63 63 63 63 64 64 68 69 69 69
    70 70 68 69 69 68 68 69 66 66 65 66 65 65 66 66 65 66 65 65 64 63 63
    65 64 65 64 65 63 63 62 60 61 63 62 62 62 61 61 62 64 62 61 63 62 60
    61 60 61 61 61 60 58 60 63 63 64 65 63 63 63 64 65 65 68 70 68 68 66
    65 64 64 62 61 60 60 59 58 59 58 59 60 62 63 63 62 62 63 63 64 65 65
    66 66 67 66 67 67 67 67 64 63 63 63 61 63 63 65 66 67 66 63 64 63 63
    64 65 65 62 60 62 60 62 66 67 69 69 69 68 69 69 69 68 72 69 69 67 66
    66 65 65 63 65 64 62 60 62 60 62 62 61 60 60 61 60 59 60 58 59 60 58
    59 58 59 60 60 60 62 61 62 63 64 64 64 65 66 64 63 63 62 65 64 63 65
    65 64 65 64 66 68 69 66 64 64 65 62 64 65 66 66 68 66 62 66 67 67 65
    66 68 68 67 66 63 63 65 64 62 63 62 64 61 58 58 59 60 61 61 62 63 64
    63 63 61 63 64 64 65 64 65 64 61 60 64 62 64 64 64 63 64 64 65 65 69
    69 69 69 69 69 67 68 68 68 67 68 66 66 66 67 66 66 68 67 66 67 65 65
    65 62 64 65 64 65 64 66 65 64 63 61 63 64 63 63 63 62 61 61 63 61 59
    62 61 59 60 60 61 61 61 60 60 60 64 64 64 65 64 64 64 65 65 66 68 70
    68 69 68 66 66 66 64 63 63 62 61 60 60 59 61 61 62 63 62 62 61 63 63
    64 65 66 66 67 68 67 68 68 68 66 64 63 63 63 62 63 63 64 65 66 65 64
    65 63 62 62 63 63 61 60 60 59 61 64 65 68 68 69 68 67 67 68 67 72 69
    69 67 65 66 65 65 65 67 66 64 61 63 61 62 63 62 61 61 62 61 62 62 61
    62 63 61 61 60 60 60 60 60 61 60 61 62 62 63 63 64 65 64 63 64 63 65
    64 63 64 65 64 65 65 66 68 68 65 63 63 64 63 63 65 67 66 68 66 64 67
    69 70 68 67 69 69 67 67 64 63 65 64 63 62 62 63 61 59 58 59 59 62 62
    63 63 64 63 64 62 64 66 65 66 66 66 65 63 62 65 63 65 64 64 63 64 64
    64 63 67 67 67 66 66 66 64 66 65 64 64 65 63 64 64 65 65 65 67 67 66
    66 64 64 64 61 63 65 64 66 65 65 64 64 63 62 63 65 63 62 62 61 61 62
    64 61 60 62 60 59 60 61 61 60 60 60 59 60 62 63 63 64 63 63 64 66 67
    66 69 70 69 69 68 67 66 65 63 62 61 61 60 58 58 57 58 58 60 61 60 59
    59 60 61 62 63 65 65 66 66 65 67 67 68 67 65 64 65 65 64 64 65 66 66
    66 65 63 64 62 61 60 61 62 59 59 60 58 60 63 65 68 68 69 68 68 68 68
    67 71 69 69 67 65 65 64 64 63 64 64 62 59 60 59 60 62 61 60 61 61 61
    61 61 61 63 64 62 62 60 62 62 62 62 62 62 63 63 63 63 64 65 65 64 64
    66 64 66 64 64 65 66 66 67 67 68 69 69 67 65 66 67 66 65 67 68 67 69
    67 65 67 68 69 67 65 67 66 64 64 62 62 62 62 61 61 61 63 61 60 60 60
    60 62 63 63 64 64 63 64 62 63 64 64 66 65 65 65 63 63 65 63 65 64 63
    63 63 64 63 62 66 66 65 64 65 66 64 64 64 64 63 66 63 63 65 65 65 64
    66 66 65 66 63 63 64 64 64 65 65 67 66 65 64 64 64 62 63 64 64 62 61
    60 60 61 63 60 60 61 59 57 58 59 60 59 59 59 59 60 62 63 63 64 63 64
    65 66 67 66 68 69 68 68 67 66 66 64 62 62 61 60 59 58 58 56 57 57 58
    60 59 60 59 61 62 63 63 65 66 67 67 66 68 68 68 67 65 65 66 66 65 64
    64 66 66 66 65 64 65 63 62 61 61 62 60 58 59 58 59 62 63 66 66 66 66
    67 68 69 68 71 68 69 66 63 64 63 63 63 63 63 62 59 60 59 61 63 62 61
    61 62 62 61 61 61 63 64 62 61 60 61 61 61 61 62 61 63 63 62 63 63 64
    65 65 64 66 63 66 64 63 64 65 65 66 66 67 69 69 67 66 66 68 66 65 67
    68 68 68 66 64 66 67 68 66 65 66 65 64 64 63 64 65 65 63 62 61 63 62
    61 61 61 59 61 61 61 61 62 62 63 62 63 63 63 65 64 64 65 63 63 64 63
    63 62 61 61 60 62 62 60 64 65 64 63 64 65 64 65 65 64 63 65 61 60 61
    62 61 60 62 61 60 60 62 62 63 63 63 64 63 65 64 64 63 63 64 63 63 64
    64 63 62 62 61 61 62 59 58 59 57 57 57 57 58 56 57 57 57 59 60 62 63
    62 61 62 64 66 67 67 67 68 67 67 66 65 66 64 62 61 61 60 60 59 59 57
    57 58 58 60 59 59 58 61 61 62 63 65 66 68 68 66 68 67 68 67 65 64 65
    66 64 63 63 65 65 66 65 62 64 62 61 60 61 62 61 59 60 59 60 63 64 67
    67 67 67 67 68 69 67 71 68 69 66 64 64 64 64 63 63 63 63 60 61 61 62
    65 64 62 63 63 63 63 62 62 63 64 62 60 59 60 60 59 59 60 60 61 61 61
    62 63 65 67 66 66 66 64 68 66 65 66 67 66 67 66 67 69 69 67 66 67 69
    68 66 67 68 67 68 67 65 68 68 69 67 65 67 67 66 66 64 64 64 65 63 61
    60 62 61 60 59 59 57 58 59 58 59 59 59 59 59 60 61 62 63 63 63 64 63
    64 66 65 65 62 62 62 62 63 63 61 65 65 64 64 64 67 65 65 65 64 63 65
    61 61 62 62 61 60 61 61 60 60 61 61 63 63 63 63 63 64 63 63 62 63 63
    63 62 63 64 63 63 62 61 61 62 60 59 59 57 56 56 57 56 55 55 55 55 55
    57 58 60 60 60 62 63 65 67 67 67 69 68 67 67 65 65 63 62 61 61 60 59
    59 59 57 58 59 60 62 61 61 60 62 63 65 64 66 66 67 68 66 67 67 68 66
    65 65 66 67 64 64 63 66 66 66 66 63 64 62 62 60 62 62 61 59 59 58 58
    61 61 64 63 64 65 64 65 66 65 69 66 67 65 63 65 64 64 64 63 63 63 60
    62 63 63 64 63 62 62 62 63 64 63 63 64 65 64 62 61 62 62 62 62 62 62
    63 63 62 64 65 67 68 68 67 66 64 66 65 63 64 64 64 64 63 63 64 64 64
    64 64 67 66 64 65 66 66 67 66 65 66 66 67 64 63 65 65 65 65 63 64 65
    66 64 63 63 65 64 63 62 61 59 59 58 57 59 59 58 58 58 60 60 62 63 64
    64 65 63 64 66 65 64 63 62 61 62 63 63 61 66 66 65 65 65 67 66 66 67
    67 65 66 64 63 64 64 63 62 63 64 63 62 63 63 65 64 63 63 63 63 62 62
    61 62 62 62 62 64 65 65 64 65 63 63 63 60 60 61 59 56 56 57 56 54 55
    54 55 56 56 58 60 61 61 63 64 66 67 68 68 69 68 68 66 65 65 63 62 61
    62 61 61 61 61 60 61 62 63 64 63 63 62 65 65 66 66 67 68 68 68 66 68
    67 69 67 66 66 67 67 65 65 64 66 66 67 66 63 65 62 63 61 63 62 62 60
    59 58 58 61 61 64 62 63 63 63 64 65 65 68 66 66 65 64 66 66 66 66 65
    64 64 61 63 64 64 64 64 63 62 63 63 64 62 62 64 64 63 62 61 61 62 61
    62 62 63 65 64 64 65 65 66 68 67 66 67 64 65 64 63 64 65 65 65 65 64
    64 65 64 65 65 67 66 64 65 66 66 67 67 65 67 66 66 64 63 65 65 64 64
    62 63 64 65 63 63 62 65 64 63 63 61 60 60 59 59 61 59 59 58 59 60 60
    61 63 63 63 64 62 63 65 64 63 61 60 60 60 61 61 59 63 64 63 62 63 65
    64 65 66 66 65 66 63 63 65 65 64 63 64 64 64 63 62 62 65 65 64 65 64
    64 63 63 62 63 64 64 63 65 66 66 65 67 65 65 65 63 62 62 59 57 56 57
    56 54 54 53 54 55 56 57 61 61 62 63 64 67 68 68 68 68 68 67 65 64 62
    61 60 59 60 60 60 61 62 61 62 63 64 64 63 63 61 63 63 64 63 66 66 67
    67 66 69 69 71 69 69 68 69 68 66 65 64 65 65 65 64 61 62 61 62 61 62
    62 62 62 61 59 61 63 62 65 62 64 64 64 65 65 65 69 67 68 67 66 68 68
    68 68 67 66 66 64 65 65 65 66 65 63 63 64 65 66 64 65 66 66 65 64 62
    63 63 62 62 62 63 65 64 64 64 65 66 67 66 66 66 63 63 62 61 62 64 63
    64 65 64 64 65 65 67 68 69 67 65 65 65 63 65 65 64 65 64 62 61 60 62
    62 62 63 61 62 63 64 62 62 61 63 63 62 62 60 59 58 58 57 58 57 58 58
    58 60 60 61 63 64 63 65 63 65 67 66 64 62 60 59 59 60 61 59 62 62 60
    59 61 64 63 64 65 65 62 64 62 62 63 64 62 61 62 62 62 61 60 60 63 64
    64 65 66 66 66 66 66 67 67 67 65 67 68 67 66 66 65 65 65 63 63 62 60
    59 58 58 58 55 56 55 56 56 56 58 60 60 61 62 62 66 67 66 66 67 67 65
    63 63 62 60 60 58 60 61 60 60 61 61 62 63 64 64 63 63 61 63 63 64 64
    66 66 67 67 65 67 67 69 67 67 66 66 65 64 63 62 63 63 63 62 61 62 61
    62 61 62 61 61 61 61 59 61 62 61 64 61 63 64 64 65 65 65 69 66 67 66
    65 68 67 67 68 67 67 67 64 66 67 67 68 67 65 65 66 66 67 65 65 66 66
    65 63 62 63 63 62 61 61 63 64 64 64 65 66 67 68 67 67 67 63 63 62 61
    62 63 62 64 65 64 63 64 65 66 67 68 66 64 64 63 62 62 63 63 64 64 62
    61 60 61 61 62 62 62 63 63 64 61 61 60 62 63 63 62 61 60 58 58 57 59
    58 59 59 60 61 62 63 65 66 66 66 64 65 67 66 63 61 59 58 57 57 59 57
    61 62 61 60 61 64 64 65 66 67 65 66 64 63 64 64 63 62 62 62 62 61 61
    61 63 65 65 67 67 67 66 66 67 69 69 68 67 68 69 68 67 67 66 65 66 64
    64 64 62 60 60 59 59 58 58 57 58 58 57 59 61 61 62 63 62 66 67 67 67
    67 67 66 65 64 63 61 61 60 61 61 61 61 62 61 62 63 64 65 64 63 62 63
    63 64 64 66 66 68 68 67 68 68 70 67 67 66 66 65 64 62 61 62 62 62 61
    60 60 60 61 59 60 59 60 59 59 58 60 62 62 64 62 64 65 65 66 66 65 68
    65 66 65 63 66 67 66 67 66 66 67 65 66 68 68 68 67 65 65 65 65 67 65
    65 67 65 63 62 62 63 62 62 60 60 62 64 62 63 64 64 64 65 65 65 65 62
    62 61 60 61 62 61 63 64 63 62 63 64 66 66 68 67 65 66 64 62 63 64 63
    63 62 61 60 59 59 59 60 61 62 63 64 65 63 62 61 63 64 63 63 62 59 59
    57 57 59 58 58 59 61 62 62 63 65 66 66 66 64 66 67 66 63 60 59 58 56
    57 57 56 59 60 58 57 60 64 64 65 67 68 66 67 66 66 67 67 66 64 65 65
    65 63 62 62 64 65 65 66 66 66 66 66 65 68 67 67 66 67 67 67 66 65 64
    63 64 63 64 63 61 60 59 59 59 58 58 58 58 58 56 59 60 59 61 62 62 65
    65 65 64 65 66 64 63 62 61 59 59 59 60 59 59 60 61 60 62 63 64 64 63
    61 59 61 62 62 62 65 64 66 66 65 68 68 70 68 67 67 67 66 64 63 62 63
    64 63 63 62 63 62 62 61 61 61 61 61 60 59 61 62 62 65 63 65 66 66 66
    66 65 68 65 65 64 63 66 66 66 65 65 65 66 64 65 68 68 68 67 64 66 66
    67 69 67 68 69 66 64 64 63 64 62 62 60 59 62 63 62 63 64 63 63 64 63
    64 65 62 61 60 59 61 61 61 63 65 64 62 63 64 66 66 68 66 65 65 64 62
    62 63 63 63 62 60 60 59 59 59 60 61 62 63 63 63 61 62 60 62 64 64 63
    61 59 59 58 58 61 59 60 61 63 63 64 64 66 66 67 67 65 66 67 65 62 60
    59 58 57 57 58 57 59 59 58 57 59 62 62 63 65 66 65 66 65 65 67 67 66
    64 66 66 66 64 65 65 66 68 67 68 68 67 66 65 64 66 65 66 65 65 66 65
    65 65 65 65 65 66 65 63 62 61 60 60 60 58 58 57 58 57 56 59 60 59 60
    60 60 63 63 64 64 63 65 62 62 61 60 58 59 59 59 59 58 59 60 60 62 64
    64 65 64 62 60 62 63 63 63 66 65 66 65 65 67 68 69 68 68 67 67 67 66
    64 64 65 65 64 64 63 64 62 63 60 61 61 61 61 60 59 62 63 63 66 64 66
    65 65 67 66 67 69 65 64 64 64 67 67 68 67 66 67 67 65 66 69 68 67 66
    64 65 65 66 67 66 66 68 65 63 63 62 64 62 63 61 60 63 64 62 64 64 64
    64 64 64 63 63 61 58 58 58 58 59 59 61 62 62 61 61 63 66 67 68 67 65
    65 65 63 63 63 64 63 61 59 59 59 58 59 60 62 63 65 64 63 62 62 61 61
    64 63 62 61 59 58 58 59 61 61 62 64 65 66 65 66 68 67 68 67 66 67 67
    65 61 59 58 57 55 56 57 56 58 59 57 57 59 63 62 64 66 68 66 66 65 65
    67 67 66 64 65 65 65 61 64 64 65 67 66 67 67 67 67 66 65 66 66 67 66
    67 67 66 65 64 64 63 63 64 63 61 61 59 58 58 58 57 58 58 58 57 56 59
    59 58 59 59 58 61 61 62 62 61 63 61 60 60 60 59 60 59 60 60 59 60 62
    62 65 65 65 64 63 62 60 62 63 63 63 65 64 66 64 64 66 65 66 65 65 65
    65 65 65 64 65 66 65 66 66 65 66 64 65 62 62 62 62 62 61 61 63 63 62
    65 63 65 64 64 65 64 65 67 63 63 63 63 65 66 67 66 64 65 66 64 66 68
    68 67 66 64 64 65 67 68 66 67 68 65 64 64 63 64 62 63 61 59 62 63 61
    62 63 62 62 63 63 62 63 62 60 59 58 59 60 60 61 62 62 61 61 63 66 66
    68 66 66 65 65 64 63 63 65 63 63 61 61 61 59 61 62 63 64 65 64 64 62
    63 62 62 65 64 63 62 60 61 60 61 62 62 63 65 67 66 67 67 69 68 69 69
    68 68 68 65 61 60 58 58 56 57 57 56 57 58 57 56 59 62 62 63 65 66 64
    65 65 64 66 66 65 63 64 64 64 61 62 62 63 65 64 65 65 65 64 64 63 64
    65 66 65 66 66 66 65 64 64 63 64 64 63 61 61 60 58 58 58 57 57 57 58
    57 55 58 58 57 59 58 58 60 60 61 61 60 62 60 59 60 59 59 60 59 61 60
    60 60 62 62 64 65 65 63 63 62 59 62 62 63 62 64 62 64 63 64 64 65 67
    66 67 67 67 66 66 64 65 66 66 66 66 65 66 64 65 64 65 65 65 64 64 63
    64 64 64 66 64 66 65 64 65 65 64 66 63 63 62 62 64 65 66 64 63 65 65
    65 67 69 68 67 66 64 64 64 65 65 64 64 66 62 62 62 61 63 61 62 61 60
    62 63 60 62 63 61 62 62 62 62 62 61 60 60 60 60 61 61 62 63 63 60 61
    63 65 66 67 66 64 63 63 61 61 62 63 61 60 58 58 57 57 59 59 60 62 64
    64 63 62 62 62 62 65 63 62 61 60 60 58 59 61 62 62 63 65 64 66 66 67
    66 68 67 67 66 67 64 61 60 59 58 57 58 58 57 57 58 57 58 59 63 63 64
    66 66 66 66 67 65 66 65 65 62 63 62 63 61 63 63 64 67 65 66 65 64 62
    63 62 63 64 64 64 64 64 65 65 65 65 64 64 65 64 63 63 62 60 58 59 58
    58 58 58 57 56 58 58 57 59 58 57 58 58 59 59 59 61 59 60 61 60 60 62
    61 64 63 62 63 64 65 67 67 67 65 66 65 62 65 64 64 64 65 63 65 65 66
    65 65 66 65 67 67 66 66 65 64 64 65 65 65 66 65 66 64 66 65 66 67 67
    67 65 64 66 65 64 66 64 65 65 64 65 64 64 65 61 61 61 62 64 65 65 63
    62 64 65 65 66 68 67 65 64 60 61 62 63 63 62 62 63 60 60 60 60 62 60
    61 60 60 62 63 60 62 63 63 63 63 63 63 62 61 60 59 60 60 60 58 59 61
    60 58 59 60 63 64 65 63 63 62 62 60 59 61 61 59 58 57 56 57 56 59 60
    61 63 64 64 64 63 62 62 63 64 62 61 60 59 59 58 59 61 62 64 64 67 66
    67 67 67 66 68 68 68 66 67 64 61 60 60 60 59 60 60 60 59 61 59 60 61
    64 63 64 65 66 65 65 66 64 65 65 64 62 63 61 63 60 63 63 63 65 64 65
    65 63 63 64 63 63 64 64 64 65 65 66 67 66 66 65 65 66 65 64 64 63 61
    58 58 58 58 57 58 57 55 58 59 56 59 59 58 60 59 60 60 59 62 60 60 62
    62 63 64 64 66 65 64 66 67 66 68 68 67 65 65 63 60 63 62 63 62 64 62
    64 64 66 65 67 67 67 68 67 66 66 66 64 65 65 65 65 66 65 66 66 67 66
    68 69 68 69 68 66 66 66 65 67 66 67 66 64 65 64 63 66 63 63 62 64 65
    65 65 63 63 64 65 65 66 68 67 64 63 60 61 61 62 62 61 60 62 59 57 58
    58 59 59 60 59 58 60 61 58 60 61 61 61 61 62 62 61 61 60 60 60 61 60
    59 60 61 59 57 59 61 63 64 66 64 65 64 64 62 63 63 62 60 58 57 56 57
    56 58 59 59 60 63 63 64 63 63 63 63 64 63 62 62 61 62 60 60 62 64 65
    66 68 67 69 69 69 68 70 70 70 68 68 66 63 62 61 60 60 60 59 59 58 59
    59 60 61 63 63 64 65 66 66 67 69 67 67 67 66 65 66 64 66 64 63 63 63
    64 63 65 65 63 63 64 63 63 63 64 64 64 64 65 65 64 64 64 63 65 65 63
    64 64 61 59 60 59 60 59 59 58 56 58 58 57 59 59 58 60 58 59 60 60 61
    60 61 63 62 63 63 63 66 65 64 66 68 67 70 70 69 67 67 66 63 65 64 63
    62 64 62 63 64 65 65 65 65 65 66 65 64 64 63 62 62 62 63 63 64 64 65
    65 66 65 66 66 66 66 64 63 63 63 63 65 64 65 64 64 64 63 63 65 62 62
    62 63 64 64 64 63 64 64 65 64 66 67 67 65 63 62 61 61 62 62 61 60 62
    58 57 58 57 58 58 59 58 57 59 60 57 59 59 58 58 58 59 60 60 60 58 58
    59 60 60 59 60 62 59 57 58 59 62 63 63 61 62 62 62 61 61 62 62 59 58
    56 56 57 56 59 58 58 60 62 63 65 64 65 65 65 66 66 66 66 65 66 63 64
    66 67 69 69 71 70 70 71 70 69 72 71 70 68 67 65 62 62 61 60 60 60 59
    59 59 59 60 60 61 62 62 63 63 64 65 66 68 66 67 68 67 66 68 67 69 68
    63 63 62 64 63 66 65 65 63 66 65 65 65 65 66 65 65 65 65 63 64 64 62
    64 63 63 63 64 63 61 63 63 63 61 62 61 59 61 61 58 60 60 59 59 59 60
    60 60 61 61 61 63 62 64 64 65 66 67 66 67 70 68 71 71 70 67 67 65 63
    63 63 62 62 64 61 63 64 67 66 67 68 69 70 68 67 66 66 65 64 64 64 63
    64 63 64 64 65 64 65 65 64 64 63 63 63 63 62 64 65 65 64 64 64 63 64
    65 62 62 62 63 64 64 64 62 63 64 63 63 64 66 65 64 63 61 61 61 62 61
    61 59 62 59 58 58 57 57 58 58 57 57 59 59 56 59 58 57 57 58 58 60 60
    61 59 60 61 62 61 61 62 63 60 58 59 60 61 62 62 60 61 61 61 60 61 61
    60 58 58 55 55 57 55 57 57 57 58 60 62 63 62 63 62 63 64 64 63 63 63
    64 62 62 64 66 67 68 70 68 70 69 69 68 70 70 70 68 67 64 61 62 61 60
    59 60 58 58 57 58 58 59 60 62 61 62 62 63 65 65 67 66 66 66 66 65 66
    66 68 67 61 61 60 63 62 64 64 63 63 65 64 65 66 65 65 65 65 65 65 63
    63 62 61 63 62 62 63 63 62 60 62 62 63 62 63 62 60 61 61 58 59 59 58
    58 58 58 59 58 59 60 60 62 62 63 63 64 66 66 65 66 69 68 70 70 69 66
    67 65 63 64 63 63 63 64 62 63 65 67 66 68 68 68 69 68 66 66 65 64 63
    62 62 61 62 62 63 62 64 63 65 65 64 64 64 63 64 63 63 64 65 65 64 63
    63 63 63 65 62 62 62 64 64 64 64 63 64 65 64 65 66 67 67 65 64 63 63
    62 63 62 61 60 62 60 58 58 58 59 59 60 59 59 61 60 56 58 58 57 58 57
    59 60 60 60 59 60 62 62 61 62 62 64 61 59 59 60 60 61 62 59 60 59 59
    58 58 58 58 56 57 55 55 56 55 58 58 58 61 64 65 67 65 65 65 65 67 65
    64 65 64 64 61 62 63 65 67 68 69 68 69 69 68 68 70 70 70 69 68 66 63
    63 62 61 61 61 59 60 58 59 59 60 61 64 63 63 63 63 65 66 68 67 68 67
    68 66 67 68 70 70 61 61 59 61 60 61 61 61 60 63 62 62 63 62 63 62 62
    63 63 61 62 60 59 62 61 61 62 63 62 60 62 63 63 63 63 62 60 61 61 58
    58 58 59 59 59 59 60 59 60 61 62 63 63 65 64 66 67 67 65 66 67 66 67
    68 67 65 66 64 63 64 63 63 64 64 63 64 65 67 65 66 67 67 69 67 64 65
    65 64 63 63 64 62 63 63 64 63 65 64 64 65 64 64 63 63 63 62 62 63 64
    63 63 61 61 61 61 62 59 59 59 61 60 61 60 59 61 62 61 61 63 65 65 64
    64 63 63 62 62 61 60 60 61 58 57 56 56 56 57 58 57 57 59 58 56 57 58
    57 57 58 59 60 60 62 61 63 63 63 62 62 61 62 60 58 57 57 57 58 59 57
    59 59 59 59 59 59 60 59 59 58 58 59 58 60 61 60 63 65 66 68 67 66 66
    67 68 66 66 66 66 65 62 62 63 65 66 68 69 67 68 68 67 66 70 70 70 69
    68 65 64 65 64 63 63 63 61 61 60 61 61 62 62 64 63 64 63 64 66 67 68
    67 67 67 67 65 66 65 67 68 58 58 56 57 56 58 59 58 58 61 60 61 61 60
    62 62 61 61 61 60 60 58 57 59 59 59 58 60 60 58 59 60 60 60 61 59 58
    59 60 57 58 58 59 59 59 60 60 60 61 62 63 64 64 66 66 67 68 68 66 67
    68 66 67 69 68 66 66 64 62 63 63 63 64 64 64 63 65 66 64 66 67 67 68
    67 65 66 65 64 63 63 64 63 63 63 64 63 65 64 64 66 64 64 63 63 63 63
    62 63 64 62 62 61 62 61 61 62 59 59 59 62 61 62 61 59 62 63 63 63 64
    65 64 63 62 61 63 62 62 60 58 58 59 58 57 56 56 56 56 57 57 57 59 59
    56 57 57 57 58 58 59 60 59 61 61 63 64 63 62 62 61 63 60 58 58 58 59
    58 59 58 60 60 61 61 61 61 61 59 58 58 57 58 58 60 59 59 62 64 65 67
    67 67 67 67 67 65 65 64 64 64 61 62 62 63 65 65 66 65 66 67 66 65 69
    69 71 70 69 67 66 68 67 66 66 65 63 63 61 61 60 60 60 62 61 61 61 62
    64 64 66 65 67 67 67 66 67 67 68 68 56 56 54 55 54 56 56 56 57 60 59
    60 60 59 61 61 60 61 61 60 59 57 57 59 58 59 59 61 61 59 60 60 61 61
    62 61 60 61 60 57 58 58 60 59 59 59 59 59 60 61 62 63 63 65 65 66 68
    67 66 67 68 67 69 70 69 67 67 66 64 65 65 64 63 63 62 61 62 62 61 63
    64 64 66 65 63 65 64 63 63 63 64 63 63 64 64 63 64 64 64 65 63 63 62
    62 62 61 60 62 62 60 61 61 61 61 60 61 58 59 59 62 61 61 59 58 60 62
    61 61 62 63 63 62 62 62 63 63 63 60 60 60 61 61 61 59 59 59 59 60 60
    60 61 60 58 58 58 58 59 59 59 59 59 62 62 64 64 65 63 63 62 64 62 60
    60 59 59 59 60 58 59 59 59 59 60 60 61 59 58 57 56 57 57 60 60 60 62
    65 64 67 67 67 67 67 68 66 66 64 64 64 62 62 63 65 66 66 66 65 67 67
    66 66 69 69 71 69 70 67 66 68 66 66 66 65 64 62 60 61 60 61 61 62 61
    61 61 62 64 65 66 66 67 67 68 66 68 68 69 70 54 54 52 54 53 55 56 55
    56 60 59 60 61 59 61 61 62 62 61 61 61 59 58 60 59 60 59 60 59 59 60
    59 60 60 61 60 60 61 62 59 60 61 62 62 61 60 61 61 61 62 63 64 64 66
    66 67 68 69 67 68 68 67 69 70 68 68 67 67 66 66 66 66 66 65 65 64 65
    64 62 64 64 63 66 64 63 64 63 63 62 62 63 61 62 63 62 62 64 64 64 64
    63 63 62 62 63 62 61 62 63 61 61 61 61 62 62 61 59 59 59 61 61 61 58
    57 59 59 59 60 61 61 61 60 61 60 62 62 61 59 59 58 60 61 62 60 60 59
    60 59 61 61 62 61 58 58 58 59 59 60 60 61 59 62 62 64 65 65 64 63 63
    65 62 61 62 61 61 60 61 60 61 60 61 60 61 61 62 59 58 59 57 58 58 60
    61 60 62 64 64 67 67 66 67 67 67 65 65 64 64 64 63 62 62 65 65 65 66
    66 67 67 66 66 69 69 71 69 69 68 66 68 66 66 66 64 63 62 60 60 59 60
    61 62 61 61 62 63 64 64 67 66 67 68 68 67 68 68 70 70 55 55 53 54 54
    55 56 54 56 60 59 59 60 56 60 60 59 60 60 60 59 57 58 59 59 61 59 61
    61 59 60 60 61 63 62 61 61 60 61 59 60 61 62 62 61 59 60 61 61 64 64
    65 66 68 69 69 71 72 70 71 71 70 70 71 69 68 67 66 64 64 64 63 63 62
    62 62 64 62 59 62 62 62 65 63 61 63 61 60 60 61 62 60 61 62 61 61 63
    63 63 63 62 62 61 61 61 60 60 61 61 60 62 61 60 61 60 60 58 58 58 60
    59 58 56 56 58 58 59 60 60 61 62 61 60 60 61 62 61 59 59 58 60 60 60
    59 59 59 59 58 60 60 62 62 60 59 59 60 61 60 61 62 60 62 63 64 64 64
    63 62 61 65 62 61 62 61 60 58 60 59 59 59 59 59 59 60 60 57 57 59 57
    58 59 61 61 61 64 64 64 68 67 66 66 66 66 64 64 63 64 64 63 62 62 65
    65 64 65 65 67 67 66 66 69 69 71 70 70 69 68 70 67 68 67 65 63 63 61
    61 60 61 61 62 60 60 59 60 61 62 64 63 65 65 66 65 66 66 69 71 55 55
    54 55 55 56 56 54 55 57 57 58 59 54 57 58 57 57 58 59 59 58 57 59 59
    62 60 62 63 61 61 61 61 63 62 62 61 61 62 59 60 61 64 63 63 62 62 64
    64 65 65 67 67 69 69 69 70 70 69 70 70 69 69 70 68 68 67 66 65 65 65
    63 63 62 63 62 64 63 60 63 64 63 65 62 62 63 60 59 58 59 61 59 60 61
    59 60 62 61 61 61 60 60 59 58 59 58 59 60 60 60 62 62 62 62 62 61 59
    60 59 60 61 60 57 57 60 59 61 62 63 64 64 63 63 63 63 63 62 59 58 57
    57 57 58 58 58 57 58 58 59 60 62 62 61 61 61 62 62 62 63 63 62 64 65
    66 67 67 65 64 63 66 63 62 63 62 61 60 61 60 60 59 60 59 60 61 61 58
    57 58 57 57 58 61 60 60 62 63 64 67 66 65 66 67 66 65 66 65 65 64 63
    62 63 65 65 65 66 64 65 66 64 65 67 68 70 68 68 68 66 69 67 67 67 66
    63 63 62 62 61 61 62 62 62 61 62 62 63 64 65 65 66 65 67 65 66 66 68
    69 59 59 58 58 57 57 57 55 56 58 57 58 58 54 57 58 58 58 58 59 59 58
    58 60 61 63 62 63 64 63 63 64 64 65 64 64 63 62 63 61 61 63 66 65 65
    63 64 65 64 65 65 66 67 67 67 67 67 68 67 69 68 68 68 70 68 69 68 67
    66 67 67 64 65 64 65 64 65 64 62 64 64 62 64 62 61 62 60 60 59 60 61
    60 60 62 61 62 63 62 62 61 60 59 58 57 59 58 58 59 59 60 62 63 63 64
    64 63 61 62 62 64 64 61 59 58 60 59 60 61 61 61 62 61 62 62 61 62 62
    60 59 57 57 59 59 58 58 57 59 59 59 60 62 62 62 61 61 62 62 63 63 63
    61 63 64 65 64 65 63 62 61 64 61 61 62 62 61 60 61 60 60 60 61 60 61
    62 62 59 60 60 59 59 60 63 63 62 64 65 65 68 66 66 67 67 67 66 66 66
    65 64 64 63 64 66 66 66 67 65 66 66 66 66 68 68 69 68 67 67 66 69 66
    67 67 66 64 65 63 63 62 62 63 63 63 62 61 62 64 63 65 66 67 67 68 67
    67 68 70 70 59 59 58 57 56 56 57 56 59 60 60 61 60 57 59 60 60 60 59
    59 58 58 58 59 60 62 61 61 62 61 62 62 63 64 63 63 61 60 62 61 61 63
    65 65 65 63 64 64 64 65 64 64 65 65 65 65 65 66 65 66 66 66 66 69 66
    68 67 65 65 65 66 64 65 64 66 64 66 64 63 65 66 64 65 63 62 63 60 60
    59 60 61 60 60 61 61 61 62 62 61 59 59 58 57 57 58 58 58 59 60 61 63
    64 65 65 66 64 63 64 64 64 64 62 60 59 61 61 62 63 64 64 66 66 67 67
    67 67 67 64 63 61 61 63 63 61 60 58 60 59 59 58 60 61 61 59 59 59 60
    61 61 61 61 63 63 65 64 65 64 64 63 66 64 64 65 64 63 61 62 61 60 60
    60 60 61 63 62 60 61 61 61 61 62 64 65 64 65 65 65 68 67 67 67 66 66
    66 66 65 66 65 64 63 64 66 65 65 66 63 65 65 66 66 68 68 69 68 67 68
    66 69 66 66 65 64 62 63 62 62 61 61 62 62 63 62 63 62 64 63 65 66 67
    67 69 68 68 69 71 71 61 61 59 58 57 57 58 57 60 61 61 62 61 57 59 60
    60 60 59 60 58 58 58 59 60 63 62 62 64 63 64 64 64 65 63 63 62 60 61
    62 61 64 65 64 65 63 65 65 65 67 65 64 65 65 66 66 66 66 65 66 66 67
    68 71 68 69 68 67 66 67 68 66 67 64 66 64 66 64 63 65 66 64 65 63 61
    63 61 61 60 61 62 62 61 61 60 59 61 60 60 58 58 57 56 56 58 58 59 61
    60 61 64 64 65 65 66 64 62 62 62 63 64 61 59 59 60 61 61 62 63 64 65
    65 66 66 66 66 65 63 63 60 61 62 63 61 61 59 61 61 61 60 62 64 63 62
    61 61 62 61 61 61 60 62 62 64 64 64 63 64 64 67 67 66 68 67 65 64 64
    63 62 62 61 61 62 62 62 61 61 62 62 63 63 65 66 65 66 66 65 68 66 66
    66 66 66 66 64 64 63 63 63 62 63 65 63 63 63 62 64 64 64 65 67 67 67
    67 67 67 66 69 66 68 66 65 63 64 63 63 62 62 62 63 63 63 64 64 65 64
    66 68 69 69 71 69 69 69 71 71 60 60 58 57 57 56 58 57 59 60 60 61 60
    56 58 60 59 59 58 60 59 59 60 60 61 65 63 63 65 64 65 64 65 66 64 65
    64 62 63 64 64 67 68 67 68 66 67 67 68 69 67 65 66 66 67 68 67 67 67
    67 66 67 67 70 67 69 67 66 64 66 66 66 67 65 67 65 66 64 63 66 68 66
    67 65 63 65 63 62 61 62 63 62 61 62 62 61 63 62 61 60 59 59 58 58 59
    59 59 61 60 61 64 64 65 65 66 63 61 61 61 61 62 60 58 58 60 61 61 63
    64 64 65 65 64 64 64 65 63 61 60 58 59 61 61 60 60 60 61 61 62 60 63
    64 64 62 62 62 62 62 61 62 60 62 62 63 63 63 63 63 63 66 65 64 66 66
    65 63 64 63 63 62 62 61 62 63 62 60 60 61 62 62 62 63 64 64 64 65 63
    67 65 64 63 63 64 63 62 61 62 61 62 61 64 65 64 64 64 63 66 65 66 66
    67 67 68 67 68 67 67 69 65 66 64 64 62 62 62 62 60 60 61 63 63 63 65
    64 66 65 66 67 68 68 70 68 68 68 69 68 59 59 58 56 56 56 56 57 59 59
    59 60 59 56 59 61 60 61 60 62 62 61 62 62 64 66 64 64 65 62 63 62 62
    63 61 61 60 58 60 61 61 64 65 65 66 64 65 65 66 68 66 64 65 64 65 65
    65 64 65 66 65 66 66 69 67 70 68 67 66 67 67 67 68 66 68 65 65 63 61
    64 66 63 64 62 60 62 61 60 60 62 62 62 61 63 63 62 64 63 62 63 62 60
    61 60 60 60 60 62 60 62 64 64 65 65 66 64 62 63 61 61 62 60 59 58 59
    61 61 63 64 64 66 65 65 65 64 65 64 62 60 57 58 59 59 60 60 59 61 61
    61 60 63 64 64 62 63 63 63 62 62 61 60 61 61 63 62 63 62 62 61 65 64
    63 66 67 66 63 64 63 63 63 63 63 63 64 63 61 61 62 63 63 62 64 65 64
    64 65 63 66 64 63 63 62 63 62 62 62 62 62 64 63 65 66 64 64 64 64 66
    65 66 67 68 68 68 67 68 67 67 68 65 66 64 63 61 61 61 61 60 60 61 62
    63 63 65 64 66 65 65 66 67 68 69 68 67 68 67 68 59 59 59 57 58 57 57
    57 59 59 60 60 59 57 59 61 59 59 59 62 61 60 61 61 62 64 62 62 63 61
    62 60 59 61 58 59 58 57 58 59 59 62 64 65 66 65 66 66 67 68 66 65 66
    64 65 64 65 64 64 65 64 64 65 68 67 70 69 68 65 67 67 67 67 67 67 64
    65 62 60 62 63 61 62 61 60 61 60 59 58 61 61 61 61 63 62 61 64 62 61
    62 62 59 59 59 59 60 61 62 59 61 64 64 65 65 66 64 61 62 60 59 61 60
    58 57 58 60 60 61 63 63 64 64 63 63 63 64 63 62 60 58 58 59 59 60 60
    59 60 61 61 60 63 64 64 63 63 63 64 63 63 61 60 61 60 61 60 61 61 60
    60 63 63 62 65 66 65 63 63 64 63 63 64 64 65 66 64 63 62 64 64 64 63
    65 65 64 63 63 61 64 62 62 62 61 62 62 61 61 62 62 65 64 65 67 65 65
    66 65 66 66 67 67 68 68 68 67 67 67 67 69 65 66 65 63 62 62 62 62 62
    61 62 62 64 63 65 65 66 66 66 67 67 68 69 68 66 67 66 66 62 62 61 59
    60 60 60 60 63 61 63 62 61 59 60 62 60 59 59 62 60 60 60 60 62 65 63
    64 65 63 64 62 62 64 61 62 61 59 60 62 62 64 65 66 66 64 66 65 67 67
    65 63 64 62 63 62 63 63 64 65 64 65 66 70 68 71 70 70 68 68 68 69 68
    67 68 65 65 63 62 64 64 63 63 61 62 62 61 61 60 62 62 62 63 64 63 62
    64 63 62 62 61 60 60 59 59 60 60 62 60 61 64 65 67 67 68 66 64 65 63
    62 64 62 60 59 60 61 62 63 65 63 64 64 63 64 63 65 64 63 61 59 59 61
    61 62 61 61 62 61 62 60 62 63 64 62 62 62 63 61 61 60 59 59 59 61 60
    61 62 61 62 64 65 63 66 68 67 65 65 65 63 63 64 64 65 65 63 61 61 63
    63 63 63 64 64 62 61 62 60 64 62 62 62 62 62 62 62 62 62 63 66 64 66
    68 66 65 67 66 68 68 69 70 70 69 69 68 68 69 67 68 64 65 64 62 61 61
    61 61 61 61 61 61 62 62 63 63 64 63 64 65 66 65 67 66 65 66 66 66 67
    67 66 63 63 62 62 61 63 62 62 62 59 58 59 61 60 60 60 62 61 61 61 60
    63 65 64 64 65 64 65 64 63 65 63 64 62 60 60 62 62 64 65 65 66 64 66
    65 66 66 65 63 64 62 62 61 62 62 63 65 65 66 66 70 68 70 70 70 68 68
    68 68 68 68 69 65 66 64 63 64 64 63 63 62 62 62 60 61 60 62 61 62 63
    64 63 61 63 62 62 62 62 60 60 59 59 59 60 62 61 63 66 66 68 68 69 68
    66 67 65 64 65 64 62 61 61 63 62 63 65 63 65 65 64 65 64 65 64 63 62
    61 62 63 62 62 63 62 64 64 63 60 63 64 63 61 61 60 61 59 58 58 58 59
    59 59 60 61 62 62 61 64 65 64 65 67 66 65 64 64 63 63 65 64 65 65 62
    60 61 62 63 63 62 64 63 62 60 61 60 63 62 62 62 62 63 63 63 64 65 65
    68 66 68 69 68 67 69 68 70 69 69 70 70 70 69 67 67 68 66 66 63 64 63
    62 60 61 61 61 60 60 60 61 61 61 63 62 64 64 64 64 65 65 66 65 64 64
    64 64 68 68 68 64 64 63 63 62 63 61 61 60 58 58 58 61 60 59 59 61 61
    62 62 61 63 65 63 62 63 63 63 63 61 62 61 61 60 58 59 61 61 63 63 64
    66 64 65 65 66 67 65 63 65 63 63 62 63 63 63 65 65 65 66 70 67 69 69
    70 68 69 69 70 69 69 70 67 68 67 66 66 66 66 65 63 63 63 62 62 61 62
    62 62 64 64 63 62 64 63 62 62 63 62 60 59 59 59 60 62 62 64 67 66 68
    68 70 70 67 68 66 65 67 65 64 64 63 65 65 66 68 67 68 68 66 66 65 66
    65 64 62 60 60 61 60 61 61 60 61 62 61 58 61 63 63 61 61 60 61 60 59
    59 59 60 59 60 60 61 63 62 61 64 65 64 66 68 67 66 65 66 64 64 65 64
    63 63 61 59 60 60 61 60 60 61 60 60 59 59 58 60 59 59 60 61 62 63 63
    64 64 64 68 67 69 69 68 67 69 68 71 70 71 72 71 70 69 68 68 69 67 68
    64 65 64 64 61 63 64 64 63 62 62 61 62 61 61 60 62 61 60 61 60 60 61
    60 59 60 59 59 69 69 69 65 65 65 64 64 64 62 62 61 59 59 59 62 60 59
    59 61 61 63 62 62 64 66 65 64 65 64 65 65 63 63 62 63 62 58 59 61 60
    62 62 62 65 63 65 64 66 68 67 65 66 64 64 63 64 63 64 65 64 65 65 69
    67 69 69 69 67 67 67 68 69 68 69 65 66 65 65 66 67 68 67 65 64 64 63
    64 64 64 64 63 63 63 64 62 64 62 62 62 61 60 58 57 57 57 58 60 60 62
    65 65 67 67 69 70 69 70 68 67 68 67 66 66 65 68 68 67 69 68 70 69 67
    67 66 66 65 65 62 60 60 61 60 61 61 61 62 64 62 59 62 65 64 62 63 63
    64 62 61 60 60 61 60 60 61 61 63 63 61 63 65 64 66 68 67 66 66 66 63
    64 65 64 62 62 60 58 59 58 60 59 59 60 59 59 59 59 58 61 59 60 61 62
    62 63 63 64 64 63 67 66 68 68 66 66 68 67 69 68 70 71 71 69 68 68 68
    68 66 66 64 64 64 64 62 64 65 65 64 63 63 63 64 62 62 61 63 63 62 63
    62 61 61 59 58 59 58 59 65 65 66 63 63 63 63 63 64 62 63 62 61 61 62
    64 64 61 61 63 63 65 64 63 65 66 65 64 64 65 65 65 63 63 63 65 64 61
    61 64 63 64 64 63 65 63 65 62 63 65 64 62 64 62 62 62 62 62 63 63 63
    64 64 67 66 69 69 69 68 68 69 71 70 70 71 67 68 68 68 68 69 69 68 66
    66 66 65 66 65 65 64 64 64 66 66 64 65 65 64 63 64 62 61 60 59 58 59
    60 60 62 65 65 67 67 69 70 69 71 70 69 70 68 67 67 66 69 68 67 68 67
    68 68 66 67 66 66 65 65 63 62 63 64 63 64 63 62 64 65 64 60 63 65 64
    62 62 62 63 63 60 60 61 61 60 61 61 62 64 64 62 64 65 63 65 67 67 66
    65 65 63 64 65 64 64 64 62 60 60 60 61 60 59 59 59 59 58 59 58 61 61
    61 62 64 64 65 66 66 66 65 67 66 67 66 65 64 66 66 67 66 67 69 69 67
    66 67 67 67 65 64 62 62 63 63 61 63 64 64 64 62 63 64 65 64 63 62 65
    64 63 63 62 61 61 59 57 59 57 58 65 65 65 62 62 63 63 63 63 62 63 61
    61 61 62 64 65 63 62 64 63 66 64 64 65 66 64 64 63 63 65 65 64 64 64
    66 65 61 62 64 64 64 62 62 63 61 62 60 63 65 64 62 63 61 62 61 63 62
    62 62 61 62 62 65 65 68 69 69 67 67 67 70 70 70 70 67 68 68 68 69 70
    70 69 68 67 66 66 67 66 65 64 63 63 64 65 63 64 64 63 63 63 62 60 60
    59 59 59 61 61 62 65 64 66 66 69 70 69 70 68 68 68 68 66 66 65 68 67
    65 65 66 67 67 65 65 65 66 66 66 64 64 65 66 65 65 65 64 65 65 64 60
    63 63 63 60 60 60 61 60 58 57 58 59 58 58 58 60 62 61 60 62 64 64 65
    67 66 65 64 64 62 62 63 62 62 62 61 59 60 60 62 61 60 61 60 61 60 60
    59 61 62 61 62 63 64 64 64 65 65 65 67 66 66 66 65 63 65 65 67 67 68
    69 69 68 67 67 67 67 66 65 63 62 62 62 61 62 63 64 64 62 63 63 64 63
    63 61 63 63 62 61 61 61 61 60 58 59 58 59 64 64 65 62 63 64 64 65 64
    63 65 63 62 63 64 65 66 65 64 65 65 67 65 64 65 65 63 63 61 61 63 63
    61 61 63 64 63 61 61 63 63 63 61 60 61 59 60 59 61 63 63 62 62 62 62
    61 64 63 64 64 63 63 63 65 65 66 67 69 67 67 66 69 67 67 69 66 66 66
    66 66 67 67 67 66 66 66 65 66 66 66 64 63 63 64 64 62 63 64 63 63 63
    62 61 62 61 60 60 62 62 62 64 63 64 64 67 68 68 69 67 66 67 67 65 66
    66 68 67 65 66 67 68 68 66 66 67 67 67 67 65 66 66 66 65 65 66 64 65
    65 64 60 63 62 62 60 60 59 60 60 57 58 58 60 58 59 59 59 62 62 61 63
    64 63 64 65 64 64 63 64 62 62 63 61 62 61 60 59 60 59 61 61 59 59 59
    61 60 61 59 61 61 61 61 63 64 64 64 64 64 65 67 65 66 65 64 63 65 66
    67 67 68 69 70 69 68 69 70 70 69 67 65 64 64 63 62 62 64 64 64 61 62
    63 64 64 63 62 64 65 63 62 62 63 63 61 60 61 60 61 65 65 66 63 64 65
    65 66 64 63 65 63 62 62 62 64 65 64 63 64 65 66 63 63 64 64 63 63 61
    61 62 62 61 62 64 64 65 62 62 63 63 62 60 60 61 60 60 60 62 64 64 63
    64 63 64 62 64 64 64 64 64 64 63 65 65 66 67 68 67 67 66 68 67 67 68
    66 66 65 66 66 66 66 67 66 66 65 65 66 66 67 65 64 64 66 65 64 65 66
    65 65 65 64 62 61 61 60 61 62 62 61 63 62 62 64 66 68 68 68 67 66 67
    67 66 66 66 67 65 64 64 64 65 65 63 62 64 65 65 65 64 65 64 64 64 64
    64 63 63 63 63 59 61 61 61 59 58 58 59 59 57 57 58 59 58 58 58 58 60
    61 60 61 63 62 62 63 63 63 63 64 64 64 65 62 62 62 62 61 63 62 63 62
    60 60 60 61 61 61 59 60 61 60 61 63 64 64 64 64 64 64 66 65 65 64 63
    62 63 65 66 66 67 68 69 67 68 69 70 70 68 66 64 63 64 63 62 63 64 64
    63 61 62 63 65 65 64 63 65 66 64 63 64 64 63 61 60 60 60 61 66 66 67
    64 66 67 66 66 64 63 64 62 61 62 63 64 65 64 64 64 65 67 65 64 65 65
    63 63 60 60 62 62 61 63 65 66 66 64 64 64 65 64 62 62 62 60 60 59 60
    62 62 61 61 61 62 61 62 63 62 63 64 63 62 63 64 65 66 67 67 67 66 68
    66 67 69 67 67 66 67 67 66 66 67 65 66 64 64 65 64 65 63 62 63 65 65
    64 65 65 65 66 65 64 62 62 60 59 59 59 60 60 62 60 61 63 66 68 69 70
    69 67 68 68 67 67 67 68 66 64 64 64 65 66 64 64 65 66 66 66 64 65 65
    65 65 65 64 63 62 62 61 59 61 61 61 58 58 57 59 60 58 58 58 59 59 58
    58 57 59 59 57 58 59 58 58 59 58 59 59 62 61 61 63 61 61 62 62 61 62
    61 61 60 58 58 58 59 58 58 56 58 59 59 60 62 63 63 64 65 65 66 68 67
    66 65 64 64 65 66 66 65 67 68 69 66 67 68 70 70 68 66 64 64 64 64 62
    64 63 65 63 61 62 63 64 65 62 61 63 63 63 60 61 61 60 59 58 58 58 59
    65 65 66 65 66 67 66 67 65 64 65 65 64 64 64 66 67 67 66 66 66 69 66
    65 67 67 66 64 62 62 63 63 63 64 66 66 66 64 63 64 64 61 61 61 62 60
    61 60 59 61 62 62 62 63 63 61 62 62 62 63 64 63 61 62 63 63 64 66 66
    66 65 66 65 66 68 67 67 67 68 67 66 65 67 66 66 65 64 65 65 65 64 63
    64 66 65 65 65 67 67 67 66 65 63 62 61 59 60 59 60 60 62 59 61 63 66
    68 70 71 70 70 70 70 68 68 67 69 67 65 63 65 65 66 65 64 67 69 69 67
    67 69 69 68 67 67 66 65 64 64 62 61 62 62 62 60 59 60 61 62 60 59 60
    60 60 59 58 57 59 58 57 59 59 59 59 60 59 60 61 62 61 62 63 61 62 62
    63 62 63 62 62 61 60 60 59 61 59 59 58 59 61 61 62 63 63 63 64 64 65
    65 66 65 63 62 61 61 63 63 64 64 65 66 68 65 66 69 70 70 68 67 66 66
    66 66 64 66 65 66 64 62 63 63 64 65 62 61 63 63 63 61 62 63 62 62 60
    59 60 61 66 66 66 65 66 68 67 66 65 63 64 63 62 62 62 63 65 64 63 64
    63 66 64 63 64 66 65 64 61 62 63 64 65 66 68 68 68 66 66 66 66 64 62
    62 62 61 62 61 60 61 62 62 62 64 64 62 63 64 63 65 66 65 63 63 63 63
    64 66 66 65 65 65 64 64 67 67 67 67 69 67 67 66 67 66 67 66 65 66 65
    65 63 63 64 65 65 65 65 66 66 66 65 65 63 63 61 60 60 60 60 60 62 61
    62 63 66 68 71 71 70 70 71 72 69 70 70 71 68 66 64 66 66 67 66 65 68
    70 68 68 68 71 71 70 70 69 68 67 66 65 64 62 63 63 63 60 59 60 60 61
    59 59 59 60 60 58 58 57 60 60 59 61 61 61 61 61 61 63 63 65 63 64 65
    61 63 63 64 63 63 62 62 60 60 59 58 61 59 59 57 59 61 61 61 64 63 64
    65 65 65 66 67 66 65 65 63 62 65 65 65 65 66 66 68 65 66 68 69 70 68
    67 65 65 65 65 63 65 64 65 63 61 62 62 64 64 62 61 62 63 63 60 62 63
    62 62 61 60 61 63 67 67 67 67 67 69 67 67 64 62 62 62 61 60 60 61 62
    62 62 63 63 66 64 64 65 67 67 67 65 65 66 67 69 69 71 70 70 68 68 68
    68 65 64 63 63 61 61 61 61 61 62 62 63 64 65 64 63 65 65 66 68 67 65
    63 63 64 64 65 66 66 65 65 64 65 68 68 69 68 70 69 69 69 69 67 68 67
    66 67 66 66 64 63 64 64 65 65 65 66 66 65 65 65 63 63 61 61 60 60 61
    61 63 62 63 63 65 68 71 71 70 70 71 72 69 70 70 71 69 66 64 66 67 67
    65 65 68 69 68 67 68 71 70 70 69 68 68 67 66 65 63 62 63 61 62 60 59
    60 61 61 60 59 60 61 61 59 59 58 60 59 58 61 60 61 61 60 61 63 64 65
    64 66 67 62 64 63 65 65 64 63 62 61 61 60 59 61 60 59 57 59 62 61 62
    64 62 63 63 63 63 64 65 63 63 62 61 60 62 62 62 63 64 64 66 64 64 66
    68 68 67 65 64 64 64 64 62 64 63 65 62 61 62 62 64 63 62 61 62 62 62
    60 62 62 61 62 61 60 61 63 66 66 66 67 66 68 66 65 63 61 61 62 62 61
    61 61 63 63 63 64 64 67 65 63 64 65 66 65 63 63 63 64 66 66 69 69 68
    67 66 66 66 64 63 62 61 60 60 60 60 61 62 63 63 64 65 64 63 64 64 65
    66 65 64 62 63 63 64 65 66 66 65 65 64 65 67 69 69 68 69 67 67 67 67
    66 67 66 64 65 63 64 63 63 63 64 64 64 63 64 65 64 65 66 64 63 62 62
    61 61 62 62 64 62 63 63 65 68 70 70 70 70 70 71 68 70 70 70 68 66 64
    67 67 67 66 65 68 69 69 68 68 72 71 70 70 69 69 68 68 67 66 65 66 65
    66 63 62 63 63 63 62 61 62 63 61 58 58 59 60 59 59 62 60 61 61 61 61
    64 65 65 64 65 66 61 63 63 64 64 64 61 61 60 60 59 59 61 60 59 57 59
    63 63 63 64 63 64 64 64 64 66 65 64 62 61 61 59 60 61 61 62 63 63 65
    62 63 64 66 67 66 64 64 62 63 62 61 63 63 64 61 60 63 62 64 64 64 63
    64 64 64 63 64 65 64 65 64 63 64 65 66 66 66 67 67 68 67 66 63 61 61
    62 62 61 61 60 61 63 62 63 63 66 64 64 63 64 65 64 62 61 61 61 65 64
    66 66 67 67 65 65 65 63 63 62 60 59 60 59 59 60 61 62 63 64 66 66 65
    66 66 67 69 67 66 64 65 65 65 66 67 66 66 66 66 66 66 68 69 68 69 68
    68 67 67 66 67 67 66 66 65 65 63 63 64 65 65 65 64 64 65 64 65 65 64
    63 62 62 61 60 61 61 63 60 61 61 63 66 68 68 68 68 69 69 66 68 68 67
    66 64 62 65 66 66 65 65 67 69 69 68 69 71 71 69 69 69 68 67 67 66 64
    64 66 65 66 65 63 65 65 65 64 63 63 63 62 59 58 59 60 59 60 63 61 61
    61 61 61 64 65 65 65 64 64 59 62 62 64 64 63 60 60 59 58 58 59 61 59
    59 57 59 62 62 62 64 62 63 63 62 64 64 63 63 61 61 60 59 59 61 60 62
    62 62 64 62 62 63 65 65 65 64 64 63 63 63 62 63 61 64 62 62 64 62 64
    64 63 63 63 64 65 63 64 65 63 64 63 63 64 65 64 64 64 66 66 67 65 64
    62 60 61 62 62 61 61 60 62 64 64 65 64 67 65 64 64 64 66 65 61 60 60
    61 65 65 66 66 66 67 65 65 66 64 64 64 61 61 61 62 61 62 62 64 64 65
    66 66 65 67 67 66 68 67 66 63 64 65 64 65 66 65 64 65 65 65 66 68 69
    67 69 68 67 66 66 66 67 67 65 65 65 66 64 64 64 65 66 66 65 66 66 66
    67 66 66 65 64 63 63 62 62 61 63 61 61 62 63 66 69 68 68 68 69 71 67
    68 68 67 65 62 60 62 62 63 61 61 63 65 65 64 65 69 69 68 68 68 67 67
    67 66 65 64 66 65 66 65 64 66 67 67 66 65 64 65 63 61 59 59 60 58 59
    61 60 60 61 60 61 63 63 65 65 64 64 60 63 63 64 65 65 63 63 62 61 61
    62 63 61 61 59 61 64 63 63 64 63 63 63 63 64 65 63 62 60 60 59 58 60
    60 60 62 62 62 65 64 65 66 67 67 66 65 64 63 63 62 60 61 59 60 58 59
    60 60 62 62 63 63 63 65 66 65 67 67 66 67 65 65 66 67 67 67 66 67 67
    67 65 63 61 59 61 61 61 60 60 59 61 63 64 65 63 67 64 64 63 63 65 65
    62 61 61 61 65 65 66 66 66 67 66 66 66 64 64 63 61 61 61 61 60 60 60
    63 63 64 65 64 63 65 65 65 68 66 66 63 64 64 63 65 66 65 65 65 65 65
    66 68 69 68 69 68 67 66 65 65 66 66 65 64 63 64 62 63 64 64 65 65 65
    65 66 67 68 68 69 67 66 66 65 65 64 63 64 62 62 63 64 66 68 68 68 67
    68 69 65 66 66 65 62 60 58 60 61 62 61 60 63 66 66 65 67 70 69 68 68
    67 67 66 65 64 64 64 64 64 65 64 64 65 65 65 65 65 64 64 63 61 59 59
    59 58 58 61 60 60 60 60 60 62 63 66 66 66 66 62 65 66 67 68 67 66 65
    64 63 63 63 64 61 61 60 61 64 63 62 63 62 63 62 61 63 64 63 62 60 61
    61 59 61 62 62 64 64 64 66 66 66 66 67 67 67 66 65 63 63 62 61 60 59
    61 59 59 60 60 61 63 62 63 63 64 65 64 66 66 66 66 65 65 65 66 68 68
    67 66 67 67 65 64 62 60 61 61 61 60 59 59 61 64 65 66 63 66 65 64 63
    64 66 66 63 61 61 60 65 65 66 64 64 65 64 64 65 64 64 65 63 64 63 63
    63 62 62 64 63 63 63 62 61 62 63 64 67 66 67 64 65 65 65 66 67 66 65
    65 64 65 65 67 68 66 67 67 66 66 65 65 65 66 66 64 64 65 63 64 64 64
    65 65 66 66 65 67 67 67 67 66 65 66 65 65 63 62 63 61 61 63 64 66 67
    66 66 64 64 66 62 63 64 62 60 58 57 59 61 63 63 62 65 67 66 67 68 70
    69 68 67 67 65 65 65 63 64 63 64 64 66 65 65 65 66 65 64 65 63 63 62
    60 57 57 57 56 57 60 60 60 61 60 61 63 65 67 67 68 66 63 66 66 66 68
    67 64 64 63 63 63 63 63 61 60 59 61 63 62 61 62 60 60 60 60 62 63 62
    61 61 62 62 61 63 63 64 66 66 66 68 67 67 66 67 68 67 67 66 64 63 63
    62 61 59 61 58 59 59 58 60 61 62 63 63 65 66 65 67 68 68 69 67 66 67
    66 68 68 66 67 68 67 65 64 62 60 61 62 61 60 59 58 60 62 64 65 63 65
    65 65 64 64 67 66 65 63 63 62 66 66 66 64 65 66 65 65 65 64 65 66 65
    64 65 65 64 63 62 64 64 64 64 62 61 63 63 64 68 67 68 66 66 66 66 67
    68 67 66 65 64 65 64 66 67 65 67 66 66 66 66 66 66 67 67 65 65 67 65
    66 66 65 65 66 67 67 67 68 68 68 68 66 64 65 65 65 64 62 62 62 61 63
    64 65 67 67 65 65 65 66 62 63 63 62 60 59 58 59 61 62 62 63 65 67 66
    67 68 71 70 70 68 68 66 66 66 65 65 64 65 64 66 65 64 65 67 66 65 65
    64 64 63 61 59 58 58 57 57 60 59 59 60 59 60 62 64 66 68 68 67 65 67
    68 69 70 68 66 65 64 63 62 63 62 59 58 57 58 61 61 60 61 59 59 59 59
    61 62 61 61 60 61 61 61 63 64 64 66 65 65 68 67 68 67 68 68 67 66 65
    64 63 63 61 61 59 60 58 58 58 58 60 61 62 64 64 66 67 66 67 68 67 68
    66 65 65 65 68 68 67 67 68 67 66 63 62 61 61 62 62 60 59 58 59 61 63
    65 62 64 64 64 64 64 67 66 65 63 62 61 66 66 65 64 64 65 64 65 65 65
    66 67 66 66 66 66 65 64 64 64 64 63 64 63 61 63 63 65 69 67 69 68 68
    69 68 68 69 67 67 65 64 65 64 66 67 66 68 68 68 68 67 67 67 68 68 66
    65 66 64 66 65 65 66 66 67 67 66 68 68 67 67 64 63 64 64 63 62 60 61
    61 61 63 63 65 66 66 64 64 64 65 62 61 61 59 59 56 56 58 60 61 61 61
    64 66 65 66 67 70 70 69 68 68 66 67 67 65 65 64 65 66 67 66 65 66 68
    66 66 65 64 63 62 60 58 58 58 56 57 59 59 59 60 59 60 62 64 66 67 67
    66 64 66 68 69 70 68 66 65 63 63 62 63 62 59 57 57 58 60 60 60 61 59
    59 59 59 61 62 60 61 60 61 61 60 63 64 63 65 64 64 66 66 66 64 65 65
    64 63 63 62 62 62 61 61 59 61 57 58 58 58 59 61 61 61 62 63 63 63 65
    65 65 65 63 63 63 63 66 66 65 65 66 66 64 62 63 61 63 63 62 62 61 59
    60 62 64 66 62 65 65 65 65 64 66 66 65 64 62 61 67 66 64 64 64 65 65
    67 66 66 68 69 67 67 67 67 64 64 63 63 64 63 62 62 60 63 63 65 69 68
    69 67 67 68 69 69 70 67 67 66 64 65 65 66 68 67 68 68 68 68 66 66 67
    68 67 65 64 65 63 64 63 62 63 64 64 64 64 65 65 65 66 64 63 64 65 64
    63 61 63 63 63 64 65 66 67 66 64 64 64 65 61 61 61 59 58 56 56 58 59
    61 60 61 63 64 64 65 66 69 69 69 67 67 66 66 67 65 66 65 66 66 67 66
    66 68 69 67 66 66 64 63 63 60 59 58 59 57 58 60 59 59 60 60 61 63 64
    66 66 66 65 64 66 68 68 69 66 64 64 61 61 60 61 60 57 56 56 58 61 62
    61 62 60 61 60 61 63 63 62 61 61 61 62 61 63 63 63 65 65 65 66 66 65
    64 65 64 64 63 63 62 61 62 62 61 59 60 57 58 58 57 58 59 60 61 62 63
    63 64 65 65 66 67 65 64 63 63 66 66 65 65 66 66 64 62 63 62 62 61 62
    61 60 58 58 59 61 62 59 61 61 61 61 60 63 63 62 62 61 60 64 64 63 62
    62 63 62 65 64 64 66 67 66 66 67 68 66 65 65 65 65 64 63 62 61 63 63
    64 68 66 68 66 65 67 67 68 68 66 66 65 64 65 64 66 67 67 68 68 68 68
    66 66 66 67 68 66 66 65 64 65 64 63 64 65 65 65 65 65 65 66 67 65 64
    66 66 65 64 62 62 64 63 64 63 65 66 65 64 64 64 65 62 63 62 61 61 58
    58 60 60 62 61 62 63 64 64 66 66 68 68 68 66 66 64 64 65 63 64 62 63
    64 65 64 65 67 68 66 65 66 64 63 62 60 59 59 60 58 58 61 61 61 62 62
    63 65 65 67 67 66 65 63 65 66 66 67 64 63 63 61 61 61 62 60 59 58 58
    59 61 62 61 62 60 60 60 60 62 61 60 60 59 61 62 61 62 63 63 65 64 64
    65 65 65 64 63 63 63 63 63 62 61 61 62 61 59 59 57 58 57 56 57 59 61
    63 62 63 63 64 66 66 67 68 67 66 65 64 67 67 66 65 66 66 65 63 63 62
    63 62 61 61 60 58 58 58 60 60 57 58 58 59 58 57 59 61 60 59 58 58 62
    62 61 60 60 62 62 63 63 64 66 66 65 65 66 67 65 64 64 64 64 62 62 62
    62 64 65 65 70 68 70 68 68 70 70 70 70 67 67 66 64 66 64 65 66 65 65
    66 67 66 64 64 66 67 68 66 67 67 66 67 66 65 66 67 66 67 67 67 67 67
    68 65 65 67 67 65 64 62 62 63 62 63 61 63 62 62 61 61 62 63 62 62 62
    60 60 58 59 60 61 63 62 63 64 64 64 67 67 68 68 68 67 67 66 65 66 64
    65 62 64 65 66 65 65 67 68 66 65 66 64 64 63 60 60 60 60 59 58 61 60
    59 60 59 61 63 64 66 66 66 65 63 65 66 66 67 66 64 63 60 60 59 61 59
    58 57 57 58 59 60 59 61 61 61 60 61 63 63 61 62 62 64 64 62 63 63 63
    64 63 63 64 64 64 62 62 62 62 62 62 61 61 61 62 60 58 58 57 58 57 57
    58 59 60 62 61 63 63 64 65 65 65 65 64 64 63 64 67 67 67 65 66 65 65
    62 63 62 63 61 61 61 59 57 57 58 60 60 58 60 59 60 59 58 59 61 61 60
    59 59 62 62 61 61 60 61 61 62 62 63 65 66 65 65 66 66 65 65 65 65 65
    62 62 61 61 63 64 64 68 66 68 68 67 69 69 70 70 68 68 67 65 66 64 65
    66 65 66 67 67 65 64 64 65 66 67 65 67 67 66 66 65 66 66 67 67 67 66
    67 65 66 66 64 64 65 66 64 64 62 62 62 62 63 61 63 62 62 62 61 61 61
    61 61 61 58 59 57 59 61 60 62 62 63 63 63 63 66 66 67 66 66 65 65 63
    64 66 64 65 62 64 66 67 66 67 68 70 67 66 67 65 64 64 62 60 60 60 58
    58 60 61 59 59 59 60 61 62 65 65 64 63 62 63 66 66 66 65 63 62 59 59
    58 60 58 57 57 57 58 59 61 61 62 62 62 61 62 63 62 61 61 61 62 62 62
    62 62 63 63 62 63 63 64 64 62 62 61 63 63 63 64 63 63 64 61 60 59 57
    57 56 56 56 58 60 62 61 64 65 66 67 66 66 66 65 63 62 62 65 65 65 64
    65 64 65 63 64 64 66 65 64 63 62 60 60 60 62 61 59 59 58 59 59 57 58
    61 59 59 58 58 61 61 59 59 58 60 60 61 62 62 65 65 65 65 66 66 65 64
    65 64 64 62 61 60 60 62 63 63 66 65 66 66 66 68 67 69 68 66 66 66 64
    65 63 64 65 64 65 66 66 64 63 63 64 66 67 65 67 67 66 67 66 66 66 66
    66 67 66 66 65 65 65 63 63 63 64 63 62 61 60 61 60 62 61 62 60 61 61
    61 61 61 61 62 61 59 59 58 60 62 62 63 63 64 63 63 63 66 66 66 65 64
    64 64 62 62 63 63 64 61 63 64 66 65 66 67 68 66 65 66 64 64 63 61 60
    60 59 59 59 60 61 58 59 59 60 60 60 63 63 62 61 61 61 64 63 63 63 61
    62 59 58 57 59 56 56 56 58 59 59 61 60 61 61 62 61 63 65 63 62 62 62
    63 64 64 64 64 65 65 64 64 65 66 65 64 64 63 63 64 65 65 64 64 64 62
    61 60 58 58 57 57 56 58 60 61 61 63 63 65 66 65 66 64 64 63 62 62 64
    64 64 62 64 64 64 63 64 63 65 62 62 62 62 60 61 60 62 61 58 59 58 60
    60 59 58 61 59 59 58 58 60 60 59 58 58 60 60 62 62 63 65 66 66 66 66
    66 66 65 65 64 66 64 63 63 63 65 67 66 69 68 68 68 67 68 67 69 68 66
    67 67 66 66 63 64 64 65 66 67 68 66 64 64 64 66 68 66 68 68 66 66 64
    64 65 66 67 67 66 67 64 65 65 63 63 64 64 63 62 60 59 59 60 61 60 60
    59 60 60 59 60 61 61 62 61 59 59 58 60 62 61 63 62 63 61 61 62 64 64
    64 63 62 62 62 60 61 62 61 63 60 62 63 65 65 65 66 67 66 64 65 63 63
    63 62 60 59 59 59 59 59 61 58 59 59 60 59 60 63 64 63 62 62 62 65 64
    64 64 64 63 60 59 57 59 56 57 57 58 59 58 60 59 61 62 63 62 63 65 63
    62 62 64 65 65 65 65 64 66 66 66 65 65 65 65 64 64 62 62 63 63 64 62
    63 64 62 61 60 59 59 57 57 57 59 60 61 61 63 63 64 65 65 66 64 64 62
    62 62 63 63 64 62 64 65 65 63 65 64 66 64 63 63 63 62 62 60 63 61 60
    60 60 61 62 61 61 63 60 61 60 60 61 62 62 60 60 61 62 63 64 66 68 68
    70 69 68 69 68 67 67 66 67 64 63 62 62 63 64 65 67 66 66 66 65 67 67
    69 67 66 66 66 66 66 64 65 65 64 65 66 68 67 66 64 64 65 67 66 69 68
    68 68 65 66 66 67 67 69 67 66 63 65 64 62 63 63 64 63 63 60 59 61 61
    62 61 61 60 61 60 60 60 61 62 63 62 61 61 61 63 64 63 64 63 63 62 61
    61 63 63 63 63 62 62 63 61 62 64 62 63 61 62 63 65 65 65 65 67 65 63
    64 63 63 63 62 60 60 60 59 59 59 60 58 59 58 59 58 59 61 62 62 62 62
    62 64 64 64 65 65 65 61 61 59 61 58 60 60 60 61 59 60 60 62 62 63 62
    64 64 63 63 63 65 66 66 66 66 66 67 66 66 65 65 66 65 65 64 63 63 62
    62 62 60 61 62 61 60 58 57 58 57 57 57 60 62 63 63 64 64 66 67 66 67
    66 65 63 63 64 64 64 65 64 66 66 66 65 67 66 67 65 65 65 65 63 62 60
    62 60 59 59 59 61 60 60 60 62 61 62 61 62 63 64 64 63 63 64 64 65 65
    67 68 68 68 67 67 66 66 65 65 64 65 63 62 62 62 64 65 66 69 68 67 67
    67 69 68 69 67 66 66 66 65 66 65 65 64 64 65 67 68 67 65 64 64 64 67
    66 69 67 66 66 65 65 65 66 66 68 67 66 63 65 63 62 61 62 63 61 61 59
    58 59 59 59 59 60 58 59 58 58 58 59 60 62 61 61 61 62 65 66 66 68 67
    68 66 66 67 68 68 67 66 64 64 65 63 64 65 63 64 61 62 63 65 65 65 64
    65 64 61 63 61 62 62 60 58 58 58 57 58 58 59 57 56 57 57 57 58 59 61
    62 61 61 62 64 65 65 65 65 65 62 62 59 61 58 59 59 60 61 59 61 60 62
    61 63 63 64 64 64 63 63 66 65 66 65 64 64 64 64 63 62 62 63 63 63 62
    61 62 61 61 62 61 62 63 63 61 59 58 59 59 59 59 61 62 63 62 63 64 65
    66 65 65 65 65 62 63 64 63 63 64 62 64 64 66 65 68 67 68 66 65 65 65
    64 63 61 62 61 60 60 60 62 62 61 60 62 61 62 62 62 62 63 63 63 63 64
    64 65 65 66 67 67 68 66 66 66 65 64 65 64 66 65 64 64 64 66 67 68 69
    68 67 67 66 69 69 70 68 67 68 67 67 67 65 65 65 64 64 65 68 66 64 64
    64 64 67 65 68 66 66 66 64 65 65 65 65 66 66 65 62 64 62 60 61 61 62
    61 63 61 60 60 61 61 61 61 58 60 60 60 60 60 61 63 62 62 63 64 67 68
    67 68 66 67 66 65 66 67 66 65 65 62 63 63 62 63 64 63 62 61 62 63 64
    65 64 64 64 63 61 63 61 61 61 60 58 59 59 58 59 59 60 58 57 57 58 58
    59 60 60 61 61 61 61 63 65 64 63 64 64 61 61 59 60 57 58 59 59 60 59
    60 59 62 62 63 63 65 65 65 64 63 65 64 64 63 62 61 62 62 61 59 59 61
    61 62 61 60 61 61 61 62 61 62 63 63 60 58 57 58 58 58 58 61 61 62 61
    63 64 65 66 66 66 66 66 64 65 66 63 63 65 63 65 65 66 65 68 67 67 66
    66 66 66 65 63 61 62 60 59 59 58 60 61 60 59 61 61 61 62 62 62 64 64
    65 64 65 66 65 65 66 66 66 67 64 64 64 64 63 64 64 68 66 67 68 68 70
    70 71 72 70 68 68 67 69 68 69 67 66 66 66 65 67 65 65 64 63 65 66 68
    67 64 64 63 63 65 64 67 64 64 63 63 63 64 64 63 65 66 64 61 64 62 61
    61 61 62 61 62 60 60 60 61 60 60 61 58 60 61 61 62 62 63 65 64 64 65
    66 69 70 69 70 67 68 67 66 67 68 68 65 65 63 64 64 63 64 64 63 63 61
    61 63 63 64 63 64 63 62 61 63 62 62 62 60 58 59 59 59 60 60 61 57 56
    57 58 57 59 59 60 60 60 60 61 62 65 64 64 65 65 62 62 60 60 57 59 60
    60 62 60 62 61 63 63 65 64 65 66 65 64 63 64 63 64 62 61 60 61 61 60
    58 58 61 61 63 62 61 62 62 62 63 62 63 64 64 61 59 58 59 60 59 59 61
    61 62 61 62 63 65 65 65 64 65 66 64 65 67 64 64 66 65 66 67 67 66 69
    68 68 67 67 67 67 66 64 61 63 61 60 60 59 60 61 61 59 61 60 60 60 61
    61 62 63 64 63 64 64 65 65 67 68 67 68 66 65 65 64 64 65 65 68 67 67
    68 68 70 70 71 71 70 68 68 67 69 68 69 67 66 67 67 67 68 67 66 64 63
    65 66 68 67 63 63 63 62 64 64 68 64 64 64 64 65 65 65 63 66 65 63 61
    64 62 60 61 60 61 60 62 61 61 61 61 60 61 62 59 61 62 62 63 63 64 66
    66 67 68 69 71 72 71 72 69 69 67 67 67 67 66 63 64 61 63 63 62 63 64
    63 63 62 63 64 64 65 64 65 64 63 61 62 62 62 62 60 58 59 59 59 59 60
    60 57 55 55 57 56 57 58 58 58 59 58 59 60 64 62 63 64 65 62 62 60 60
    58 60 62 62 64 61 63 61 64 64 65 65 67 66 66 66 64 66 64 65 63 62 61
    62 62 60 59 58 60 61 63 62 61 61 62 61 62 62 62 63 64 60 57 57 59 61
    60 59 62 62 63 61 62 64 66 66 66 65 66 67 65 66 68 63 63 65 64 65 65
    66 65 68 67 66 65 66 65 66 66 64 61 62 59 59 59 58 61 61 61 59 61 59
    60 60 61 61 62 64 63 64 64 65 65 65 67 68 68 69 66 65 65 65 64 65 66
    69 68 68 69 68 70 71 71 71 70 68 67 66 68 67 69 66 66 68 69 70 70 68
    67 66 65 66 66 69 68 64 63 62 61 64 64 67 64 64 64 63 64 64 64 63 65
    66 63 61 65 63 62 63 62 63 62 64 63 63 63 63 61 61 62 60 61 62 62 63
    64 65 67 67 68 69 71 74 74 72 73 71 70 67 67 68 67 66 63 64 61 62 62
    61 63 65 63 63 62 63 65 65 65 65 65 65 64 61 62 62 62 62 61 59 60 59
    59 60 61 62 59 57 58 59 57 59 59 59 60 60 60 60 61 64 62 63 64 65 63
    62 60 60 58 60 63 62 64 62 62 61 63 64 66 65 67 66 66 66 64 67 65 65
    63 61 60 63 63 62 60 59 61 61 64 62 61 62 62 60 60 60 60 61 62 58 56
    57 59 61 60 59 62 63 65 63 64 66 68 66 67 66 67 68 66 67 68 63 63 65
    65 65 66 67 64 67 66 66 64 65 64 65 65 64 60 61 59 59 58 57 60 60 62
    60 62 59 61 60 62 61 63 65 64 64 65 64 64 64 66 67 66 68 65 63 64 65
    63 65 65 68 67 68 70 69 71 72 71 70 70 67 66 66 68 66 67 65 65 66 68
    71 71 68 68 65 64 66 66 69 68 63 62 60 60 63 62 66 63 64 64 63 64 65
    64 63 65 65 63 61 64 62 61 61 60 60 60 61 60 59 59 60 58 58 59 56 58
    60 60 62 64 66 68 68 70 71 74 76 77 76 75 73 71 69 69 69 67 66 63 63
    59 61 61 60 62 64 63 62 62 64 65 66 67 66 66 66 64 61 62 62 63 61 61
    58 59 58 58 59 59 60 57 55 56 57 55 57 57 58 59 59 58 58 59 62 61 62
    64 65 63 62 60 61 59 61 64 64 66 62 62 61 63 62 65 63 65 65 66 65 63
    66 65 65 63 62 61 64 64 62 59 60 62 61 64 63 62 63 63 61 60 60 61 60
    62 59 57 58 60 62 60 59 63 63 64 64 64 66 67 66 66 64 66 67 65 66 67
    62 62 65 64 65 65 66 63 66 65 65 63 64 63 64 64 63 60 62 60 61 60 59
    62 63 64 62 64 62 63 62 63 63 64 65 65 64 64 64 64 63 64 66 65 66 64
    63 63 63 62 64 64 68 66 66 68 68 70 71 71 70 70 68 68 68 69 67 68 66
    66 67 69 71 71 68 67 65 64 66 65 68 67 62 60 59 59 63 62 66 63 64 65
    64 65 65 65 65 65 65 62 60 64 61 59 59 58 59 59 60 59 59 59 60 58 59
    60 57 58 59 60 62 63 65 67 67 68 69 72 75 76 75 74 72 70 68 68 69 67
    66 64 64 59 61 61 61 64 65 66 64 64 66 66 67 69 68 68 67 66 62 63 63
    63 62 62 59 60 59 59 60 59 61 58 55 56 57 55 57 56 57 59 59 59 59 60
    63 61 63 64 65 63 62 60 59 58 60 63 63 66 63 63 63 65 65 67 66 67 67
    67 67 64 67 65 65 63 63 62 65 65 64 61 61 63 62 65 64 62 63 63 62 62
    60 62 61 62 60 58 58 60 62 60 59 62 62 64 63 64 66 67 66 66 64 65 66
    64 66 67</data></your_img>
</opencv_storage>
