<?xml version="1.0"?>
<opencv_storage>
<norm_v>1.6519900120763443e+03</norm_v>
<input type_id="opencv-matrix">
  <rows>256</rows>
  <cols>256</cols>
  <dt>u</dt>
  <data>
    160 71 56 162 96 85 0 0 160 71 56 162 96 85 0 0 101 74 125 75 17 2
    66 32 23 89 118 99 109 111 55 76 70 73 57 115 1 88 7 23 79 91 3 35
    92 11 56 120 60 13 46 30 75 117 103 0 99 39 37 95 109 70 30 84 16 75
    78 104 6 103 25 91 99 32 113 118 97 8 70 75 37 93 53 55 60 14 98 125
    68 118 117 117 49 117 86 23 86 29 126 102 83 35 103 55 39 35 2 59 47
    23 55 28 12 100 21 126 98 108 13 94 107 69 35 15 90 103 120 41 31 16
    33 15 88 84 122 9 66 107 89 112 101 94 8 9 36 76 35 77 57 89 114 6
    85 110 78 34 8 59 6 50 124 48 111 115 10 70 85 18 2 20 113 9 7 106
    61 40 86 17 26 9 93 102 26 74 94 42 116 109 50 13 102 120 109 1 58
    100 61 24 54 91 77 17 98 11 19 113 107 16 10 27 85 28 108 100 69 104
    81 38 30 17 51 42 39 27 45 2 31 17 122 75 39 54 60 100 94 84 57 74
    17 30 5 25 6 70 126 76 108 54 114 26 107 122 94 126 66 11 39 13 38
    25 119 109 68 103 46 57 127 29 62 94 16 18 41 49 114 102 106 31 74
    98 77 86 44 33 81 76 16 69 127 120 64 96 36 108 40 63 58 111 29 37 8
    19 96 65 43 65 104 21 46 34 23 101 127 25 83 116 17 49 22 48 114 126
    37 13 10 115 61 100 96 21 75 16 102 107 8 7 74 5 69 7 94 102 101 126
    78 84 91 33 104 78 65 59 107 32 81 116 114 48 1 125 40 49 111 69 89
    79 6 10 5 18 88 119 122 59 92 9 22 21 44 107 72 5 20 22 45 120 29 66
    46 71 105 87 13 52 104 66 81 95 78 77 17 29 101 51 9 24 41 89 20 58
    39 5 77 22 49 1 25 18 47 115 63 103 74 14 72 49 40 54 99 56 6 101 15
    87 36 40 116 107 99 35 120 52 27 108 108 8 51 15 71 8 74 29 4 46 31
    71 108 34 7 83 33 26 67 95 53 101 9 2 60 11 114 9 83 12 38 91 93 28
    44 13 84 46 28 43 86 69 123 30 43 17 76 61 76 22 14 107 10 88 34 21
    92 118 41 93 7 102 38 2 101 62 32 46 67 89 85 49 40 46 64 27 33 98
    91 73 83 4 16 114 98 75 46 51 55 72 79 83 21 109 81 92 91 34 31 53
    125 124 65 101 46 37 39 91 97 23 61 25 86 24 81 41 79 40 105 3 72 15
    97 13 61 77 108 102 91 110 27 58 71 72 40 57 28 20 42 103 63 75 115
    104 86 79 124 109 87 5 121 21 52 99 100 87 112 55 7 28 48 2 58 45 79
    21 76 124 39 108 53 16 76 23 39 37 46 71 70 29 15 122 107 43 87 6
    124 39 58 16 108 127 52 125 14 25 41 110 124 109 71 98 94 8 73 14 87
    103 42 121 38 37 7 19 8 59 48 16 25 40 30 34 80 45 90 69 74 53 30
    121 75 59 69 43 125 64 42 44 76 67 80 104 62 3 100 73 85 49 68 108
    115 91 88 14 24 28 113 90 111 8 80 79 124 53 109 48 4 55 23 12 103
    78 110 45 100 0 47 14 20 80 93 48 87 27 27 61 89 103 17 62 102 84 83
    59 5 116 47 92 111 23 76 46 15 40 112 1 105 16 39 30 13 65 27 12 47
    101 90 90 58 12 41 22 126 16 10 104 31 63 64 41 106 123 38 64 92 101
    127 63 35 5 33 11 122 95 123 83 2 116 47 101 17 80 124 109 44 91 77
    13 110 110 103 23 115 72 13 1 23 72 13 50 98 87 74 111 103 19 16 11
    39 93 60 114 97 86 86 64 102 65 105 20 127 54 18 76 75 99 81 9 34 92
    77 55 44 28 95 89 21 101 62 47 74 44 41 36 116 52 24 108 92 91 89 50
    83 14 26 43 106 6 28 126 28 95 70 77 122 107 53 61 35 96 64 45 33 83
    87 21 70 69 47 52 58 126 91 99 96 51 69 109 77 121 7 13 26 82 114 15
    4 60 118 18 110 36 111 83 77 19 30 39 9 93 48 118 72 70 86 98 45 49
    97 55 80 95 59 86 77 43 63 35 126 123 117 6 59 25 9 124 42 82 102
    119 31 22 100 83 4 87 1 18 32 64 100 32 116 31 13 103 12 89 30 87 9
    94 50 49 70 32 12 72 98 74 99 118 36 3 33 64 9 94 125 48 39 81 70
    124 109 84 59 124 65 92 3 116 30 40 107 43 18 66 17 8 115 106 98 7
    126 89 89 81 108 5 114 120 91 45 8 66 27 113 99 86 96 111 110 64 87
    47 72 117 101 110 9 98 71 36 65 112 46 26 62 86 11 100 89 76 118 94
    41 90 97 115 102 126 93 34 66 16 33 87 90 110 73 111 60 57 101 65 44
    61 70 6 5 91 123 39 121 50 81 8 58 42 66 58 45 104 61 126 50 79 92
    34 10 3 70 68 109 7 50 5 41 71 92 113 116 53 19 48 86 5 98 68 120
    122 44 98 111 20 118 101 56 58 4 15 80 39 47 1 51 28 30 81 63 72 72
    41 23 39 62 79 83 74 61 103 102 39 58 9 31 104 62 113 98 46 121 94
    89 53 31 12 25 101 89 63 12 16 85 2 56 47 23 114 63 27 54 127 43 36
    1 97 59 34 25 65 44 125 31 81 65 22 104 38 34 106 118 47 124 36 121
    120 42 10 6 9 62 32 117 3 100 4 95 17 79 97 48 5 31 83 74 117 105 25
    11 34 103 37 13 91 38 123 13 18 78 119 107 98 93 43 42 24 13 67 108
    3 58 0 124 84 98 0 83 30 65 44 69 116 95 100 52 73 71 21 121 80 111
    124 11 113 6 48 17 3 41 113 5 120 56 79 5 100 70 98 53 127 77 31 107
    126 65 86 20 42 88 102 88 43 77 87 29 117 50 69 57 124 96 67 127 22
    21 49 115 119 106 6 42 10 96 23 42 90 66 117 78 68 27 103 108 119 52
    49 30 14 112 75 116 87 20 46 29 47 112 90 97 80 30 25 39 103 123 121
    54 96 79 104 12 114 11 102 53 127 71 123 89 81 0 54 85 52 62 66 107
    101 15 19 7 87 54 99 125 89 120 41 114 15 120 70 74 17 37 106 123 90
    74 45 67 124 55 85 23 2 38 35 11 1 55 44 104 86 9 48 105 37 91 39 54
    51 23 23 83 8 43 34 35 80 14 82 94 126 107 123 23 42 106 10 42 105
    100 13 19 70 6 123 52 81 52 64 41 78 11 21 50 83 81 5 70 95 16 88 11
    23 52 90 111 78 18 5 0 69 86 120 36 84 38 53 59 101 50 108 85 70 126
    23 34 59 120 84 87 107 82 97 37 94 58 81 89 114 97 113 24 61 4 99 16
    91 118 89 87 3 121 44 86 21 46 127 75 43 41 83 64 85 89 71 95 64 48
    110 3 41 42 55 124 123 56 92 80 125 73 70 80 103 35 127 127 104 0 39
    14 117 125 26 23 11 33 49 108 30 13 75 26 33 127 77 64 35 113 78 85
    125 41 31 123 29 101 12 25 29 92 84 8 112 2 88 78 23 49 10 107 94 42
    85 104 88 56 113 8 1 104 92 114 14 90 118 34 22 96 71 75 64 23 117
    65 70 35 112 89 28 103 84 22 124 88 32 39 64 53 93 86 113 13 67 126
    44 53 1 37 55 76 96 30 119 51 40 81 68 41 9 26 32 64 97 19 51 102 9
    95 57 89 60 49 33 75 63 29 59 86 100 72 48 15 70 76 65 117 68 67 32
    122 44 86 55 80 49 97 111 120 62 8 105 37 52 5 8 69 9 42 51 52 15
    124 109 92 105 67 67 12 73 81 88 70 117 76 93 39 68 53 56 16 27 33
    47 1 72 106 90 112 17 32 32 63 92 109 105 45 51 112 21 37 69 73 113
    27 40 44 88 24 91 92 44 22 19 113 73 81 7 13 25 55 40 80 94 67 93 84
    16 75 64 110 118 96 127 71 105 125 113 86 42 23 32 79 32 122 95 60
    105 41 98 112 100 88 91 121 45 61 123 75 118 2 95 105 57 106 103 70
    19 110 79 5 7 104 80 6 80 36 63 112 65 81 8 20 74 66 28 26 56 85 97
    56 26 1 1 87 123 6 41 118 121 122 113 102 29 48 41 99 123 17 81 27
    106 56 17 22 106 81 94 83 68 35 67 6 126 47 86 19 8 49 6 50 80 102
    109 110 31 77 14 51 78 37 107 70 90 107 109 32 123 17 6 21 116 103
    55 118 109 73 55 118 15 72 31 29 70 67 11 37 83 82 104 77 58 54 99
    90 72 121 0 85 55 19 74 113 36 6 73 103 20 126 40 104 68 118 107 5
    19 32 75 32 96 66 27 116 32 75 72 10 95 27 10 27 99 22 38 97 81 37
    58 10 79 64 14 62 78 13 119 116 88 96 92 77 92 22 114 42 72 61 112
    87 43 22 23 3 80 1 7 30 123 80 22 51 112 31 6 102 106 111 50 26 46 6
    25 54 107 13 55 122 119 96 115 7 27 15 65 23 31 120 19 70 118 115
    100 114 96 90 22 0 57 125 49 110 76 28 125 43 59 107 58 104 34 26 31
    4 27 104 15 21 77 77 51 100 104 113 118 18 82 40 67 70 49 107 26 70
    98 110 122 50 121 73 18 102 34 96 87 18 53 53 11 121 76 71 14 104
    107 83 3 83 6 115 118 109 77 100 49 5 38 98 34 81 35 119 80 38 35
    104 84 120 53 43 4 37 72 118 106 30 50 75 4 13 38 30 49 108 61 93 9
    6 63 107 122 124 13 31 79 70 43 45 51 44 112 37 90 15 5 107 104 87
    27 117 102 41 108 112 45 12 101 41 126 48 100 104 112 15 109 118 101
    87 55 30 10 115 39 102 19 69 102 93 33 100 62 25 126 100 16 106 93
    42 75 123 9 72 64 109 23 90 117 42 120 19 89 58 18 121 50 115 69 68
    31 70 20 65 85 31 20 64 56 122 27 54 73 1 24 28 19 122 126 31 122 36
    45 51 12 67 60 94 105 0 42 111 10 39 33 63 34 27 38 5 108 20 18 1 54
    14 73 53 115 87 41 43 16 44 3 74 60 86 25 77 17 121 17 20 119 70 69
    107 76 76 97 77 72 60 44 39 114 111 30 86 50 31 2 74 102 124 114 44
    18 5 64 83 23 73 79 125 115 6 110 72 124 101 104 121 99 70 101 79 42
    13 24 71 69 39 9 110 96 85 77 111 107 51 11 83 40 2 72 37 15 19 6 24
    118 59 74 115 125 119 90 64 18 77 31 61 58 13 19 117 103 21 12 75
    118 74 69 70 127 1 113 114 85 55 21 118 91 9 62 50 21 15 71 41 56
    114 85 35 93 46 8 70 77 31 52 42 53 105 45 3 63 94 14 66 105 78 24
    100 47 22 88 56 51 49 71 80 21 106 127 105 69 109 31 39 89 82 101 3
    5 101 82 23 106 49 111 48 36 86 122 38 46 32 25 55 111 108 92 27 4
    92 27 88 4 116 43 37 34 23 28 0 80 16 69 63 127 2 113 95 92 68 2 2
    100 9 87 68 41 91 23 60 95 67 8 1 91 45 35 20 115 88 75 59 18 34 39
    89 12 28 84 123 52 53 15 103 60 48 15 87 4 13 73 123 32 33 108 39 40
    114 123 42 40 35 92 4 42 68 87 94 70 20 39 60 11 95 21 81 26 101 64
    48 56 77 90 127 114 33 36 122 109 12 19 5 79 24 34 73 67 59 73 55 7
    125 48 118 105 84 16 33 97 40 113 92 123 25 47 61 85 51 73 1 69 94
    70 49 34 106 15 98 94 124 25 42 107 61 108 6 57 105 84 46 6 58 58 28
    20 38 62 22 15 58 116 115 4 118 96 88 43 86 94 77 20 5 28 84 26 81
    78 38 96 99 6 109 14 10 24 2 49 121 4 5 6 48 115 90 97 23 5 60 88 8
    83 18 52 84 121 13 117 123 90 34 104 16 36 78 87 6 91 10 103 95 80
    58 19 77 113 89 32 41 38 12 20 8 51 2 87 57 40 13 117 48 28 70 55 89
    105 38 75 30 122 16 119 19 126 60 109 96 13 14 44 54 108 66 97 72
    114 15 26 79 97 2 92 47 118 15 19 73 102 74 84 56 62 4 8 100 39 64
    12 37 111 77 8 79 117 121 3 11 101 62 55 115 107 109 31 60 126 4 58
    51 10 56 85 11 45 63 68 69 56 87 37 72 0 5 72 110 105 92 99 78 8 28
    2 95 79 122 99 121 4 101 70 101 53 108 57 48 16 44 124 36 15 27 69
    29 31 79 61 105 23 19 29 107 89 23 64 4 103 81 106 83 65 75 71 89 2
    95 120 46 49 86 34 1 19 32 112 96 119 114 43 107 36 47 99 73 120 20
    8 77 121 22 27 88 11 105 11 67 16 102 59 16 65 85 116 79 33 85 97 77
    21 66 0 94 51 93 27 126 62 4 127 84 55 101 87 37 98 86 52 105 8 0
    104 93 51 89 65 42 115 108 127 116 40 72 77 22 63 50 61 107 83 87 38
    44 73 43 2 45 73 76 54 36 114 74 8 47 54 21 127 70 73 49 44 24 115
    56 33 92 72 26 17 44 30 121 101 29 53 112 24 18 109 26 24 11 21 88
    58 16 82 77 114 98 44 124 25 47 83 121 78 64 7 48 26 126 30 3 46 106
    36 34 71 65 6 62 74 61 17 86 91 13 60 58 23 53 99 122 123 98 87 87
    45 115 110 20 43 127 64 122 46 121 106 17 118 103 18 89 36 115 67
    108 31 82 27 45 93 11 71 76 47 89 104 5 13 48 53 81 50 6 58 47 57 7
    83 10 72 58 92 47 60 33 16 74 5 100 77 80 85 110 110 109 79 14 123
    29 78 2 57 7 103 95 99 23 70 55 78 65 36 79 7 109 120 38 56 92 117
    120 89 40 43 123 104 4 55 113 57 83 21 81 113 33 11 97 121 11 111 71
    13 59 72 37 72 56 28 78 105 94 62 107 26 25 54 51 3 89 4 82 61 89
    121 105 32 110 29 55 122 90 27 95 86 49 84 16 5 65 120 88 89 97 9 17
    26 64 98 109 57 15 48 126 40 52 126 18 26 124 111 24 115 98 91 125
    27 16 67 119 32 121 90 81 50 113 56 58 36 8 50 106 80 39 57 57 27 19
    103 11 11 11 45 15 87 88 80 36 99 79 64 95 101 100 106 39 12 15 83
    25 95 95 93 68 43 96 28 14 36 114 76 23 8 14 80 43 91 42 111 12 28
    81 61 57 2 26 8 98 127 94 17 41 65 13 6 123 62 38 46 8 93 124 74 72
    89 64 36 124 110 34 123 87 66 93 20 60 57 79 69 67 33 95 84 49 58 67
    117 97 100 2 103 104 106 76 44 64 100 61 28 61 127 49 1 91 89 91 6
    72 59 78 103 117 103 125 39 110 125 45 93 92 5 70 125 120 105 83 123
    105 45 42 61 9 111 121 97 48 110 55 66 95 118 106 30 51 117 6 69 38
    41 62 15 7 119 65 8 43 43 101 102 125 29 9 11 56 17 34 82 114 4 117
    110 1 106 25 106 18 97 5 23 96 73 67 11 82 8 34 64 97 34 34 50 9 52
    48 84 115 126 90 91 43 65 1 22 111 40 61 3 125 124 73 84 96 118 64
    65 43 2 121 9 120 3 17 72 96 74 89 4 51 17 19 103 97 29 92 100 82 72
    123 120 118 59 74 49 62 51 68 8 98 78 95 96 65 52 89 6 99 3 82 16
    103 25 40 26 77 85 65 63 27 37 48 57 94 11 13 46 56 70 35 30 16 66
    75 83 30 26 120 91 29 120 13 79 97 108 6 34 89 122 45 65 59 9 33 68
    97 17 108 110 10 99 46 61 61 22 71 124 14 57 92 87 0 21 65 84 105
    120 5 40 96 83 83 11 95 73 69 35 122 34 35 109 11 24 63 67 47 70 3
    89 121 76 13 4 71 30 94 77 46 12 123 74 57 75 124 84 36 81 82 98 68
    65 46 114 11 117 86 126 3 4 14 67 45 17 47 59 87 93 21 77 85 38 61
    118 40 116 125 87 52 86 110 51 72 49 122 61 13 4 104 63 76 108 36 93
    82 55 44 93 30 106 62 37 99 70 54 86 65 84 83 107 15 86 111 119 109
    26 24 40 92 80 31 11 37 48 113 25 127 107 32 86 30 22 22 78 110 0
    109 109 16 105 56 27 4 23 94 38 94 6 25 52 28 114 29 79 102 64 3 47
    126 15 90 18 125 67 77 111 121 22 127 82 0 103 47 88 23 63 83 29 27
    75 120 40 38 117 115 85 6 10 58 105 95 88 119 40 111 41 102 27 74 78
    64 26 120 68 94 20 49 0 39 42 35 115 22 114 118 114 3 11 1 57 19 95
    45 96 10 75 122 87 15 53 56 17 10 84 9 112 74 15 42 29 72 75 10 122
    19 92 0 40 33 115 63 55 18 57 63 115 90 9 98 113 14 112 90 73 79 44
    16 4 72 69 40 65 120 89 2 111 107 11 104 71 23 108 66 5 45 28 3 97
    44 121 126 43 125 109 102 61 89 22 104 50 1 56 38 44 83 26 29 63 23
    17 14 74 49 56 87 97 98 55 3 83 57 122 96 57 101 126 65 78 124 123
    10 9 52 80 97 88 106 66 98 109 25 63 6 116 113 21 3 78 72 113 110 67
    88 101 75 96 115 95 78 94 49 102 66 61 39 60 85 92 48 26 61 21 47 87
    42 93 114 8 13 70 127 1 94 68 116 86 19 99 103 8 41 112 125 109 125
    74 31 37 118 0 115 100 85 39 53 118 109 52 78 56 95 76 21 127 3 114
    9 93 3 104 19 105 2 106 34 22 69 109 89 25 35 22 77 101 64 37 22 10
    105 19 66 57 91 108 54 4 106 74 23 114 115 69 93 49 73 81 61 14 98
    82 124 0 122 44 82 124 87 121 103 73 127 106 28 36 13 80 54 107 35
    36 2 112 99 78 116 9 106 76 8 73 124 48 119 105 125 69 95 57 28 35
    82 82 64 4 112 36 51 95 79 106 97 124 3 40 127 99 83 18 107 68 79 83
    77 96 95 73 34 113 52 96 43 70 126 61 25 80 17 52 118 7 20 18 65 68
    87 121 80 42 90 8 0 127 10 50 28 50 64 127 103 37 105 114 79 78 113
    76 71 109 75 91 51 103 83 105 18 64 18 82 20 5 46 90 29 32 105 110
    100 98 83 36 103 77 120 44 111 87 5 86 29 101 122 85 18 86 70 75 38
    43 86 26 2 121 6 68 28 81 103 76 13 111 15 105 68 48 119 123 127 70
    29 54 3 56 126 68 18 82 36 52 89 52 29 118 24 15 94 107 89 4 118 44
    104 70 79 23 59 36 90 29 43 0 126 124 30 86 9 29 87 44 24 70 124 79
    127 53 48 34 79 71 25 30 46 38 86 78 107 88 31 115 49 102 7 112 78
    80 5 1 11 2 57 6 19 110 13 65 68 107 127 96 68 81 23 44 63 82 92 75
    23 22 94 58 37 49 66 71 22 5 107 6 84 126 95 73 35 43 0 127 115 6 34
    115 112 85 71 38 64 116 86 39 35 22 5 85 124 27 86 102 107 1 116 1
    22 53 87 116 10 41 20 116 106 112 20 65 27 117 12 112 123 9 8 28 79
    114 62 112 101 90 65 77 126 17 85 79 40 126 53 121 67 33 70 5 21 42
    34 23 46 84 49 119 25 12 110 106 103 30 91 15 87 77 49 78 83 57 40
    52 98 71 75 8 35 104 10 63 66 71 122 63 63 76 81 124 91 90 5 113 1
    67 30 10 66 90 16 125 11 126 20 102 75 50 93 92 46 26 59 54 93 23 78
    84 10 65 47 11 13 14 50 62 47 117 60 2 2 74 60 55 5 105 30 39 79 116
    106 125 13 58 3 94 102 121 105 124 52 56 3 86 103 105 78 127 91 126
    66 119 50 28 78 32 14 6 27 29 54 4 125 99 16 20 52 86 40 8 80 78 42
    26 110 109 91 125 78 72 7 120 9 25 0 86 37 114 33 8 27 36 115 7 52
    104 47 58 7 50 94 125 50 31 95 121 107 43 117 62 119 29 55 96 3 65
    103 9 18 102 60 66 96 0 51 42 76 45 122 55 58 53 9 85 50 81 89 46 79
    41 76 69 77 93 44 85 48 89 123 3 114 56 56 77 51 88 75 107 47 92 120
    64 11 43 67 81 121 36 49 118 5 22 58 27 89 47 87 18 117 21 33 105 52
    103 75 75 115 84 26 119 71 114 5 5 122 56 1 91 24 53 100 35 90 49 22
    76 77 23 29 37 56 56 0 77 71 62 59 34 53 89 47 88 11 117 18 47 30 7
    52 69 79 111 6 34 47 29 125 46 15 44 18 88 62 57 10 54 69 27 56 61
    55 59 112 121 60 56 48 114 37 126 68 4 120 61 124 29 19 92 125 109
    23 109 24 65 32 3 22 9 87 24 45 99 18 124 0 32 118 98 108 22 111 18
    51 16 14 50 52 58 93 92 62 11 42 44 124 75 112 42 98 98 7 117 51 40
    23 66 27 66 73 99 64 87 95 56 77 8 76 7 74 113 1 96 73 79 72 21 62
    44 49 17 98 7 36 9 17 66 45 24 61 8 46 81 97 116 70 124 34 115 48 86
    74 76 121 125 100 54 90 102 80 91 87 35 84 19 124 88 55 63 118 5 63
    85 109 83 64 102 37 19 117 112 40 103 18 110 59 99 52 81 39 103 96
    62 18 121 54 2 25 8 20 112 34 74 59 9 22 47 14 27 40 50 84 80 111
    127 113 9 107 45 14 40 14 62 55 103 8 2 40 50 16 64 26 55 5 3 13 98
    9 82 123 90 64 94 119 51 37 110 77 12 87 26 30 18 106 58 56 90 55 30
    71 51 27 117 82 98 125 110 51 56 118 125 84 67 66 28 40 80 114 38 12
    0 7 102 28 108 56 30 8 111 36 58 27 19 34 12 24 18 99 109 93 82 92
    35 120 63 34 45 1 66 84 3 33 34 112 26 115 47 27 103 92 5 11 89 36
    94 113 46 68 4 47 59 10 106 111 61 48 12 8 76 101 48 33 33 70 64 56
    44 81 64 8 111 50 104 53 84 17 50 119 114 5 62 88 50 2 75 37 34 90
    39 70 87 22 30 92 60 84 92 72 62 68 103 111 15 28 86 107 53 10 38 43
    20 96 16 40 57 10 64 57 7 16 39 49 55 63 77 69 106 60 42 26 51 93
    126 80 59 19 7 39 43 60 28 66 66 123 81 78 8 66 9 100 51 46 117 123
    66 95 124 75 111 89 94 53 9 26 0 60 45 106 43 100 92 51 85 66 101 40
    72 79 2 62 81 96 118 13 84 73 108 54 114 18 33 21 51 97 101 121 76
    70 28 17 97 53 82 121 125 106 117 96 98 46 100 69 6 42 79 71 39 50
    28 86 4 52 90 37 127 59 81 124 45 55 90 108 77 86 30 113 52 91 20
    105 19 104 96 12 21 116 50 43 40 34 57 71 38 18 81 100 1 127 22 87
    24 10 37 98 83 9 108 14 109 114 8 108 44 48 54 25 13 86 7 116 68 82
    90 105 91 6 60 77 14 34 93 11 123 0 43 99 60 27 45 8 19 22 54 124 21
    19 110 72 63 36 77 26 46 90 119 53 19 64 124 21 41 54 39 68 21 90 11
    34 110 124 9 125 7 83 23 20 87 58 49 79 116 122 96 93 126 21 41 22 6
    35 126 38 98 39 21 127 2 69 124 107 25 114 122 126 80 114 28 77 90 9
    126 108 51 83 40 103 56 20 52 60 58 10 48 77 26 93 33 52 64 10 96
    112 19 19 36 60 77 38 14 79 39 78 70 1 3 6 60 63 68 4 118 46 51 69
    85 79 73 111 82 48 66 120 84 81 16 93 3 11 102 123 17 35 12 97 93
    127 14 45 31 58 85 93 55 118 87 109 41 66 126 109 116 116 116 37 60
    122 124 18 80 67 87 49 83 59 18 0 40 88 18 113 98 105 6 22 48 31 18
    64 13 114 112 68 119 107 5 52 123 110 57 62 18 90 124 79 30 38 113
    13 121 92 32 61 9 38 114 111 61 19 41 0 20 50 69 86 109 82 70 7 3 22
    109 124 55 37 103 55 71 3 62 41 118 85 100 26 86 15 33 8 100 100 27
    120 43 30 104 22 67 17 73 49 89 80 95 30 17 39 127 112 6 16 50 68
    100 127 110 5 67 59 35 14 0 61 13 98 49 54 39 81 79 39 38 52 65 43
    11 31 75 52 108 119 19 19 57 120 86 120 22 82 106 58 127 20 29 95
    113 127 119 120 10 7 44 65 10 92 57 36 103 109 35 97 34 69 88 118 29
    106 99 65 61 45 8 121 13 92 109 124 39 8 38 49 13 72 19 8 117 122
    117 72 66 107 103 23 116 23 57 90 67 15 44 9 33 121 103 7 42 73 56
    112 34 122 35 18 79 8 106 85 44 114 56 73 4 89 58 18 72 119 94 117
    113 10 59 0 112 79 42 41 110 120 73 56 109 62 65 69 105 102 106 54
    105 122 115 25 63 70 66 79 76 71 112 40 47 37 50 29 97 63 112 48 64
    108 70 80 16 87 8 8 46 81 121 22 109 53 99 10 24 2 71 26 87 92 48
    120 54 57 34 51 72 90 127 101 12 49 104 54 91 93 6 124 71 112 32 32
    72 105 18 97 80 113 74 49 51 65 66 77 121 100 71 122 107 90 41 109 4
    7 34 78 77 27 56 7 9 90 77 99 7 86 100 4 69 105 7 27 14 72 14 76 80
    80 106 49 122 63 88 56 85 99 116 4 121 94 41 93 114 87 113 62 46 37
    35 25 65 37 82 92 59 121 121 27 88 46 75 95 108 8 126 96 78 88 125
    94 41 22 80 87 67 92 6 107 68 92 67 53 2 66 116 25 42 125 85 87 66
    96 94 11 40 57 92 23 20 36 105 60 3 115 71 15 39 68 50 39 112 67 114
    101 10 85 29 106 71 36 16 78 14 67 95 57 43 33 122 16 67 106 80 109
    100 74 0 30 27 44 101 19 113 13 100 47 48 55 89 96 90 96 24 11 108
    48 24 65 8 37 126 123 91 23 87 55 63 98 20 54 115 119 25 28 109 98
    111 42 110 59 126 94 74 102 80 123 22 126 41 28 119 11 4 39 61 117 2
    26 53 109 103 11 85 75 95 15 28 8 43 51 70 96 30 3 25 49 122 103 62
    22 12 24 28 13 126 43 25 38 97 3 7 59 127 35 5 119 2 58 12 83 29 74
    114 85 73 32 77 101 38 121 78 74 32 94 50 25 121 25 127 57 46 5 93
    77 81 40 87 58 38 93 73 125 93 87 3 10 1 122 125 100 12 126 5 0 28
    37 14 125 93 54 82 78 17 66 21 113 10 86 53 123 123 78 127 107 18 80
    67 2 84 40 69 98 27 117 87 4 42 10 73 4 106 108 84 30 35 61 27 101
    12 101 96 58 35 3 9 14 17 53 26 15 13 49 41 33 3 46 104 114 25 23
    120 114 69 37 10 18 55 110 76 74 12 122 31 116 124 125 27 70 59 26
    57 85 120 37 124 75 81 110 53 18 83 24 24 24 111 4 69 5 67 100 23 33
    33 34 123 65 21 116 110 1 87 122 49 59 51 68 16 13 103 21 114 60 87
    72 64 69 60 39 89 50 86 68 20 51 31 16 86 90 127 51 94 125 58 15 18
    91 86 82 117 41 32 87 52 10 27 83 76 61 73 107 45 64 123 5 49 30 94
    44 59 2 54 18 23 98 31 117 106 63 31 97 88 17 57 57 31 12 124 1 78
    107 93 24 49 6 123 100 26 7 127 18 42 100 11 41 112 74 115 111 72 15
    90 59 10 108 10 48 83 62 5 4 16 56 113 24 89 115 112 12 32 94 107 76
    40 54 58 9 92 55 1 10 21 30 93 69 81 69 63 2 69 59 26 11 32 38 55 5
    29 43 55 25 85 61 6 66 65 70 39 84 36 71 112 76 80 72 46 60 114 75
    98 113 42 74 36 2 22 17 16 33 37 124 58 62 15 9 41 104 30 89 82 15
    89 87 98 112 125 102 102 103 127 11 93 102 36 2 72 96 61 78 95 103
    36 20 40 55 34 39 43 54 88 69 40 26 30 20 20 79 0 97 1 28 56 40 18
    26 118 50 5 103 28 38 9 93 33 18 57 94 21 17 102 36 94 109 82 107
    103 3 118 101 29 54 43 110 85 67 36 79 4 85 84 110 114 78 55 32 65
    92 46 1 114 24 90 114 85 113 2 22 60 50 92 43 23 72 63 108 56 103 60
    8 44 34 84 90 69 25 112 29 115 15 112 56 19 36 83 93 85 27 54 72 90
    72 57 39 68 30 3 111 10 101 110 85 58 115 50 87 48 90 115 100 35 13
    69 69 77 70 78 31 43 68 47 71 91 48 65 24 73 53 1 78 109 20 37 34
    122 107 80 22 99 64 91 115 62 13 74 111 2 40 116 89 49 83 11 31 15
    127 102 100 48 66 65 76 85 105 82 25 81 49 82 27 109 13 28 96 34 50
    73 58 103 20 80 61 93 78 48 4 6 26 36 113 45 98 89 106 64 103 95 99
    69 107 89 50 33 103 86 91 80 93 57 59 119 56 99 111 70 76 63 114 63
    97 104 67 65 115 30 23 90 63 64 119 108 33 70 48 42 4 7 124 20 77 58
    24 52 96 67 83 29 125 77 24 82 78 106 75 1 92 102 45 91 31 122 114
    20 4 34 90 1 61 123 42 91 11 64 67 107 60 27 2 44 64 21 102 123 62
    32 35 99 3 92 98 108 11 121 126 8 6 104 48 75 62 84 34 59 101 24 55
    88 1 106 127 35 124 108 103 63 118 54 15 28 84 89 4 60 69 86 56 126
    55 69 112 91 56 105 23 122 94 44 64 111 21 127 48 32 84 108 23 63
    103 38 55 95 72 87 90 32 105 70 6 106 99 103 102 13 68 90 122 0 102
    46 55 26 103 12 92 111 3 22 124 46 127 118 103 44 124 26 96 66 121
    12 95 45 56 7 4 100 4 97 104 73 86 55 98 125 33 13 99 50 15 120 39
    119 99 61 33 49 46 11 115 110 19 24 126 35 111 104 86 56 62 64 32 46
    125 113 26 93 29 70 54 48 72 63 40 73 15 117 54 68 107 76 90 36 123
    3 65 52 81 4 53 113 65 32 46 121 99 28 95 58 38 49 18 32 79 7 127 61
    104 52 112 118 50 13 101 28 121 123 54 4 125 11 98 17 5 29 35 62 126
    117 47 69 13 10 96 23 20 35 111 19 82 106 127 90 63 118 26 124 83 87
    55 50 127 4 97 95 72 117 123 73 66 39 17 54 2 17 43 64 114 66 74 121
    95 0 49 29 122 15 96 126 77 78 95 82 54 79 124 106 73 56 89 126 13
    88 118 105 100 101 54 65 79 4 50 79 113 65 113 120 95 30 114 97 74
    76 50 57 102 104 95 85 6 23 74 116 18 109 66 85 13 29 70 94 46 63 90
    14 79 56 9 64 96 8 27 127 92 115 85 84 10 117 41 118 123 62 81 75
    103 14 99 45 1 13 116 99 68 106 31 60 120 31 0 24 63 112 7 107 25 33
    71 110 33 80 55 108 87 104 81 53 6 75 0 112 43 112 53 41 103 57 121
    17 73 61 98 77 50 21 73 51 66 81 51 87 35 3 3 99 37 27 46 42 4 78
    111 22 111 79 105 94 82 59 53 48 21 109 64 92 9 99 29 104 72 107 63
    18 21 105 83 104 107 96 97 27 20 25 55 52 21 33 116 50 49 83 30 16
    20 103 40 30 69 119 75 55 43 42 29 67 44 19 38 36 54 39 1 96 55 101
    58 112 60 60 15 60 5 60 73 56 10 31 97 46 35 23 5 14 117 39 105 106
    42 98 101 32 58 107 37 10 121 13 111 44 62 75 0 14 26 1 38 13 24 48
    53 6 14 56 85 119 82 74 121 49 68 51 102 53 73 63 88 106 6 64 75 116
    6 32 82 83 26 22 37 71 47 109 76 12 102 123 72 107 40 43 103 64 19
    34 106 76 92 72 73 93 106 87 108 6 43 27 23 106 83 93 102 23 125 54
    0 67 9 114 57 106 29 114 93 51 114 28 114 111 52 62 110 25 78 95 95
    109 29 72 12 70 112 37 62 93 87 9 22 76 59 35 31 59 82 98 91 72 127
    13 108 33 45 27 13 92 13 60 34 69 125 120 2 46 113 37 26 68 61 18
    105 33 116 47 85 67 1 124 112 92 2 114 25 43 66 23 110 47 22 111 116
    60 90 111 14 101 81 24 11 12 1 104 114 56 120 51 78 51 33 11 91 14
    99 85 91 39 33 22 53 39 3 118 108 81 110 21 66 57 2 59 97 117 114
    106 84 46 16 1 14 89 18 45 41 39 111 119 1 114 73 100 90 51 1 76 84
    74 82 89 16 49 40 23 67 62 53 88 127 2 26 95 55 119 18 93 68 98 106
    14 79 19 92 115 87 11 120 115 100 89 94 39 108 39 87 12 26 70 58 124
    64 26 14 124 76 125 106 58 93 41 34 27 35 85 16 21 120 95 78 58 8
    126 11 101 36 96 55 23 65 38 125 89 74 61 7 42 127 22 25 14 23 58 81
    40 119 39 73 62 48 96 50 53 7 111 51 69 11 1 65 102 106 65 70 0 90 4
    105 86 72 26 51 63 82 49 75 66 49 79 48 81 37 110 9 53 40 85 104 118
    32 65 103 93 59 84 32 95 12 63 115 38 120 44 107 95 28 75 56 52 27
    105 0 26 45 31 115 22 98 34 124 117 93 110 9 70 16 32 19 102 21 25
    37 55 57 20 109 104 47 17 67 74 39 101 73 34 26 54 57 96 44 15 106 5
    33 0 83 19 48 12 78 13 7 55 85 119 14 62 65 51 84 66 3 38 118 24 40
    85 4 86 13 75 42 85 88 116 78 72 86 111 104 95 11 40 29 112 51 57 86
    7 85 118 65 9 79 8 126 93 63 98 46 51 8 68 75 82 7 41 117 3 60 62 42
    115 94 121 86 78 26 44 77 3 96 72 60 107 63 62 124 115 24 21 61 35
    76 48 30 0 14 50 108 119 124 73 87 52 74 104 119 22 125 85 119 81 83
    61 18 45 36 22 123 81 20 112 61 104 57 39 41 25 64 103 103 91 123 93
    35 65 71 51 16 59 115 42 53 57 56 68 50 18 88 25 22 104 116 106 27
    88 106 46 61 57 107 78 16 40 116 99 126 47 48 27 126 13 83 0 111 38
    91 84 73 18 10 9 43 88 17 27 49 100 108 72 68 47 106 39 9 21 22 2 1
    115 32 74 41 123 34 53 50 43 67 83 75 21 45 53 85 38 100 15 112 3 89
    2 110 98 76 29 16 51 28 75 61 34 4 37 7 120 59 89 71 16 96 39 11 30
    95 34 96 94 108 41 97 69 75 99 31 71 112 93 1 115 110 123 105 104 32
    46 40 15 78 101 45 19 77 104 84 91 65 69 77 7 53 107 123 2 1 89 108
    69 90 6 78 3 116 83 122 2 74 7 127 120 121 36 102 4 79 79 9 110 62
    48 66 45 115 114 6 5 35 65 56 32 101 18 22 73 118 65 74 51 67 94 114
    6 40 108 68 72 54 53 25 94 83 81 14 28 24 30 43 105 25 70 111 11 109
    55 23 88 126 35 96 51 26 10 106 2 20 123 105 42 106 126 40 68 111
    111 79 117 71 15 59 4 90 50 36 84 79 86 68 15 115 78 21 29 84 4 70
    37 70 3 127 102 47 67 75 1 108 106 0 24 84 44 55 60 95 12 68 65 43
    66 86 44 96 28 117 116 91 71 92 33 24 100 7 92 4 38 93 119 61 26 13
    73 1 8 103 108 118 44 89 125 126 82 114 13 38 53 58 47 57 95 110 29
    107 84 118 41 121 103 85 16 93 18 35 34 104 71 78 19 103 69 43 27 33
    126 107 13 1 40 63 80 96 30 3 13 74 51 33 76 63 16 76 121 102 48 58
    38 126 15 105 77 108 92 75 40 8 87 10 50 23 118 31 124 110 10 72 98
    66 73 118 113 33 89 76 31 69 31 61 71 65 57 81 69 19 108 53 19 54 60
    103 90 7 113 13 73 46 85 59 122 98 112 60 33 57 8 120 58 84 41 81 49
    105 18 92 102 126 69 93 15 58 76 105 107 82 94 100 30 90 81 14 97 43
    16 118 121 98 119 49 21 41 126 0 65 87 73 64 47 95 26 2 109 9 95 123
    119 59 102 35 19 21 101 77 52 121 25 87 67 110 59 113 36 35 14 116
    71 104 4 74 4 73 85 72 1 123 89 31 99 107 69 120 96 62 28 123 101 28
    49 95 64 31 31 7 34 111 124 16 91 52 61 66 87 89 10 13 110 79 25 12
    33 10 25 16 88 125 96 4 117 76 48 73 34 28 25 56 74 72 52 60 43 85
    59 62 99 57 13 10 96 55 12 120 78 55 118 106 113 126 30 55 22 33 31
    116 100 78 123 62 61 68 89 109 119 41 127 27 38 50 10 124 104 116
    106 13 86 122 14 65 36 125 62 59 34 119 121 10 14 83 61 89 103 112
    84 15 53 59 88 40 40 109 118 124 89 46 83 30 36 70 123 67 30 66 107
    101 93 108 21 57 117 105 80 123 58 19 101 58 8 30 110 101 26 123 84
    59 64 67 43 12 36 27 76 27 28 57 65 76 126 44 49 77 109 53 57 7 37
    30 70 71 96 78 126 48 77 116 27 77 121 79 1 7 123 21 90 15 37 9 22
    62 42 93 22 112 62 59 36 50 38 50 76 58 85 88 120 23 108 104 28 94
    121 61 89 73 26 37 122 52 100 30 37 97 53 46 51 56 113 33 57 19 54
    32 116 70 50 94 109 47 79 21 1 45 71 56 100 70 74 47 29 33 33 78 51
    77 70 105 116 95 9 124 89 66 110 109 93 73 43 31 0 57 17 10 127 54
    62 79 76 112 54 66 59 97 111 0 60 114 4 58 62 90 41 53 37 94 44 65
    115 2 109 29 37 80 103 102 89 38 126 111 73 14 72 74 47 76 11 109 92
    42 28 50 15 77 89 80 112 0 18 91 27 114 47 64 114 4 35 70 77 57 94
    19 71 36 31 122 73 64 33 75 62 120 89 108 32 29 28 124 1 81 111 122
    85 49 101 48 14 120 99 73 23 81 1 64 69 105 93 57 45 61 53 119 103 2
    39 114 84 82 2 96 17 97 71 55 34 99 33 50 38 40 57 102 38 59 10 22
    127 102 17 51 1 83 67 98 49 111 32 41 63 37 57 92 68 11 1 14 123 115
    70 72 50 42 63 55 81 69 90 83 35 12 9 56 22 21 2 28 92 74 79 106 122
    112 94 46 67 8 26 59 117 5 75 48 47 29 65 80 118 18 59 109 74 32 29
    97 14 39 66 31 71 4 106 89 50 73 97 18 117 41 31 88 94 123 43 56 20
    51 47 99 58 116 33 123 18 19 3 11 94 107 111 51 42 69 96 68 43 111
    89 123 115 42 17 82 29 38 77 70 55 44 47 46 98 87 119 26 81 18 92
    127 17 98 108 85 118 30 88 90 11 73 57 112 106 41 31 80 6 102 91 82
    87 34 83 119 59 30 35 40 83 66 112 95 83 33 98 10 60 108 95 114 76
    71 60 76 59 20 55 4 48 102 34 57 118 16 63 56 93 99 120 123 124 16
    96 68 50 34 50 70 32 38 75 61 100 6 113 59 58 6 107 54 68 98 0 117
    25 123 41 46 89 114 8 30 108 45 92 43 7 123 48 20 15 89 94 117 84 95
    24 106 74 39 78 89 72 13 8 24 41 97 105 22 100 25 108 38 67 122 2
    127 51 34 113 47 97 57 119 105 79 61 107 85 34 97 111 33 74 46 110
    38 82 26 91 7 88 30 98 101 84 126 44 71 57 51 20 7 60 114 73 97 3 79
    127 69 31 42 64 88 29 94 39 57 0 26 124 88 21 74 88 70 25 70 69 35
    125 123 92 12 41 38 2 125 70 54 65 49 106 12 74 101 84 10 42 1 56 56
    62 112 74 127 66 46 73 121 1 36 13 88 122 87 71 84 40 114 38 33 73 4
    57 5 95 7 36 84 10 10 52 26 36 30 116 37 74 86 67 94 36 64 7 78 59
    36 13 53 55 52 104 87 29 46 117 92 72 28 0 83 24 19 39 37 26 93 114
    5 87 16 56 0 42 62 6 86 44 92 34 95 67 40 96 80 75 84 72 86 3 39 110
    8 122 84 34 16 15 117 85 102 29 32 113 113 39 24 58 70 45 80 56 20
    117 0 125 36 113 9 76 30 15 0 108 6 92 27 2 127 87 15 94 117 42 61
    100 85 96 29 89 118 90 56 23 68 94 67 24 37 87 12 127 8 24 82 84 61
    13 45 102 78 36 86 58 42 38 47 48 106 114 84 61 46 100 40 48 33 50
    33 41 63 24 83 65 104 67 4 9 106 51 76 18 0 19 6 92 63 25 11 1 23 51
    16 110 52 55 43 104 28 108 102 122 84 8 4 37 69 40 95 18 57 1 74 106
    117 119 103 45 50 104 26 115 102 6 86 21 112 71 18 35 81 84 25 75 15
    3 60 57 59 50 56 35 47 77 122 36 16 86 88 102 76 52 61 75 77 7 53 48
    46 78 32 94 46 35 21 94 55 95 8 31 116 67 28 36 82 79 10 69 75 111
    103 117 41 28 28 96 80 112 67 10 79 123 34 28 118 116 62 117 107 13
    76 79 63 38 5 59 45 120 5 61 63 5 76 5 9 75 77 86 81 95 26 77 16 103
    127 123 126 48 92 18 56 108 58 81 117 65 110 13 3 36 92 17 9 89 124
    114 65 50 118 66 102 62 99 96 20 89 64 53 31 89 91 82 17 122 77 53
    87 58 71 93 91 94 16 3 53 48 80 0 4 76 102 58 54 75 95 12 5 24 16 46
    108 115 123 32 102 115 89 100 95 18 57 88 86 122 55 23 8 125 76 30
    40 24 83 21 12 31 81 125 103 110 111 79 98 20 61 113 61 113 29 35 69
    85 63 38 63 108 31 32 19 107 101 9 96 110 99 27 64 35 79 111 78 87 4
    59 64 126 53 38 81 77 0 122 28 64 102 60 21 113 125 122 75 89 122 51
    110 124 62 66 37 121 45 79 35 44 78 104 90 11 55 49 121 79 7 53 75
    104 10 19 18 28 108 102 38 96 42 94 26 92 30 111 59 91 81 102 126
    127 90 125 31 49 99 10 74 57 11 97 30 91 45 22 45 97 31 112 101 33
    25 113 124 39 45 118 111 116 58 11 16 40 89 41 39 41 82 48 101 72 81
    57 57 113 103 58 95 56 61 49 116 83 5 90 111 62 71 94 118 125 46 43
    107 5 127 7 122 83 117 48 40 89 40 11 67 114 48 6 61 107 7 57 9 108
    107 72 64 126 126 100 33 95 93 43 31 24 33 17 86 112 109 71 36 32 35
    80 113 15 13 65 51 44 0 42 85 53 59 60 110 5 21 101 7 37 103 107 33
    44 69 124 20 5 64 40 61 56 27 62 66 115 127 55 105 70 59 79 51 18
    106 23 18 39 53 76 31 11 9 125 59 74 96 20 91 15 61 37 93 62 45 102
    12 71 19 49 13 66 25 48 94 16 4 5 78 44 100 56 120 14 32 30 51 123
    70 111 90 40 42 35 103 104 36 4 52 118 117 47 14 88 106 94 79 106 98
    10 50 27 43 90 122 112 65 124 27 90 35 95 99 67 10 85 87 93 71 122
    109 28 16 20 59 81 51 49 14 22 22 29 99 44 12 90 107 29 53 47 57 116
    108 108 48 104 33 95 112 88 45 98 43 124 105 49 85 9 63 33 2 123 58
    83 76 1 68 88 102 88 63 38 82 120 39 5 109 21 41 123 84 33 105 103
    103 22 80 14 76 36 107 55 112 38 36 3 116 80 20 69 102 3 86 15 115
    120 63 75 25 35 13 101 0 37 58 92 120 94 55 70 92 20 119 28 99 107
    114 52 27 52 23 112 90 111 66 89 45 95 0 49 3 25 42 63 43 66 64 35
    103 121 64 58 102 91 32 51 80 1 52 59 13 49 36 62 28 41 35 125 52 20
    61 23 26 18 89 11 60 43 106 30 48 2 84 45 40 57 19 23 4 80 94 35 80
    48 29 3 58 18 75 111 121 97 101 12 111 24 49 30 35 87 84 66 3 80 47
    77 37 59 117 37 123 70 56 25 115 96 98 49 124 124 102 53 29 15 93 75
    73 111 103 36 49 22 113 107 68 58 123 0 63 90 69 125 10 94 25 38 125
    112 34 103 24 113 95 101 124 106 125 83 28 49 23 30 29 60 91 45 64
    26 33 64 96 22 4 61 68 32 64 55 35 63 94 6 126 35 28 39 95 48 83 86
    39 73 24 114 19 53 45 40 11 78 23 121 58 97 20 15 16 75 73 47 87 56
    116 111 72 96 106 109 56 75 97 102 121 115 27 31 115 9 124 44 70 81
    23 10 37 29 84 96 82 8 114 93 29 53 21 103 9 24 117 12 9 48 98 24 98
    92 53 2 117 46 68 33 64 35 93 15 36 111 125 65 56 108 86 43 48 80 85
    90 59 38 46 107 114 4 84 108 85 50 29 42 104 49 63 51 78 19 88 84 23
    111 72 93 103 117 110 55 15 102 91 58 69 87 78 78 117 104 46 1 44 28
    116 13 32 43 8 43 119 12 16 51 103 51 36 91 123 44 85 84 114 21 96
    127 66 4 56 125 20 107 20 6 40 102 100 34 72 64 92 57 124 115 40 80
    89 86 2 60 35 111 26 10 0 31 77 31 74 40 25 83 4 89 69 95 38 116 51
    39 91 86 119 80 21 67 36 126 39 102 15 82 13 11 3 20 51 81 38 26 98
    112 13 36 86 3 36 113 46 39 110 31 96 9 25 114 126 50 6 44 80 102 10
    10 75 118 90 121 78 75 122 57 122 69 75 73 44 26 67 25 104 76 73 117
    89 41 87 96 4 17 8 84 37 87 31 34 14 3 41 61 2 89 8 2 102 28 12 102
    67 118 39 45 109 84 89 30 83 124 114 28 14 35 27 82 75 106 69 123 85
    70 105 127 97 126 69 0 68 45 89 66 30 71 79 101 63 47 82 115 64 55
    59 6 65 70 19 73 8 79 44 104 3 37 113 73 95 88 51 94 32 24 72 78 65
    125 95 114 70 19 102 73 110 34 20 89 50 66 116 21 112 81 37 47 60 65
    36 56 123 97 60 14 42 23 105 118 66 70 48 53 53 22 68 30 110 25 122
    7 120 32 56 67 100 2 94 107 123 100 101 123 28 65 48 82 32 43 83 82
    76 68 1 4 102 80 32 23 89 27 115 127 67 4 102 12 112 68 55 17 8 94
    54 116 16 54 84 37 15 117 36 96 33 100 57 8 50 25 114 43 98 112 123
    125 36 69 39 97 51 75 1 125 107 19 5 93 12 42 21 79 32 56 62 25 78
    88 87 86 36 81 92 6 90 21 18 30 77 42 121 70 116 4 47 63 73 1 36 58
    123 21 37 42 12 92 7 34 54 24 57 83 18 3 20 12 8 45 63 106 57 13 94
    22 46 49 84 36 30 50 30 86 24 84 2 101 10 69 53 67 47 121 94 105 85
    94 28 94 55 48 96 58 109 33 87 40 94 74 25 34 104 72 50 114 33 122
    37 81 77 32 10 31 117 38 87 22 89 62 48 49 119 2 97 90 33 40 59 80
    35 43 24 55 13 59 87 116 66 53 127 74 98 102 32 27 67 100 83 2 119
    18 0 43 96 63 97 92 107 127 70 39 95 108 113 40 49 125 82 1 70 92 28
    51 116 23 114 47 126 8 81 117 64 117 115 69 68 50 121 42 61 31 98 60
    44 14 106 91 126 74 87 58 63 49 4 116 77 71 73 11 88 47 53 41 5 43
    51 117 105 41 38 65 82 81 48 76 24 29 50 18 102 50 123 79 65 77 94
    85 10 48 88 107 68 88 64 38 30 102 44 56 34 51 79 48 111 66 89 109
    45 49 92 11 2 90 64 107 35 60 34 81 96 72 53 5 87 102 3 27 73 58 80
    8 104 121 90 58 77 89 37 31 26 10 39 111 73 9 45 109 21 60 54 28 90
    119 49 63 41 30 20 73 14 107 109 0 2 95 27 0 103 77 13 54 115 98 108
    71 72 18 11 60 34 112 76 70 44 63 114 66 122 108 100 59 127 92 112
    75 116 13 79 12 39 15 43 38 71 127 55 96 112 24 22 78 96 45 0 71 51
    81 11 123 27 83 99 9 108 57 124 16 36 96 16 76 73 54 38 108 35 44 55
    16 83 10 54 37 90 118 69 18 7 31 106 94 105 9 50 51 77 44 46 93 63
    95 93 1 29 48 121 47 58 3 123 72 17 109 45 49 77 68 12 64 4 83 94 39
    108 41 15 53 72 83 126 21 83 109 1 67 79 17 31 65 100 52 5 58 127
    112 56 75 118 32 16 0 49 53 92 119 8 74 70 102 103 2 73 111 104 115
    79 14 63 84 16 41 123 93 111 9 111 48 28 119 68 42 127 91 56 114 94
    27 6 77 43 104 56 80 79 80 117 94 60 127 0 86 51 104 103 116 38 67
    109 22 14 3 73 9 88 20 103 31 113 91 18 19 67 99 92 32 56 76 44 10
    77 119 121 41 96 126 50 76 24 77 81 117 27 101 22 42 80 88 20 27 126
    46 23 127 26 39 125 86 9 3 93 98 30 116 58 109 97 107 71 47 8 98 77
    106 97 118 109 70 31 61 30 23 74 49 11 17 48 97 60 98 121 107 72 48
    111 115 27 14 112 12 89 78 27 2 9 83 42 125 101 52 55 15 103 57 39
    94 18 110 81 85 21 50 123 102 31 18 26 84 81 107 63 21 121 57 37 45
    5 115 101 108 82 125 70 23 36 54 3 91 41 22 126 26 67 47 115 76 98
    39 20 39 14 42 22 89 72 115 23 24 126 22 113 73 4 28 74 107 94 6 28
    11 60 21 55 79 58 37 56 101 6 92 45 85 119 2 48 12 60 120 3 98 113
    18 106 63 69 9 33 101 105 82 122 69 118 90 14 102 109 94 116 100 25
    35 91 91 74 119 0 46 88 79 111 94 105 125 125 78 96 61 2 45 48 88 43
    8 126 113 61 116 46 49 105 119 2 36 44 42 36 116 11 116 125 90 66 70
    109 84 14 90 27 69 92 3 86 5 36 35 35 125 0 114 48 36 27 49 41 127
    56 92 87 125 104 70 93 108 127 35 57 49 94 3 30 0 70 7 14 1 14 40 5
    50 39 43 118 0 32 70 100 78 85 101 123 26 116 5 31 117 75 48 61 3 36
    118 79 23 33 80 28 53 81 91 34 109 123 24 24 104 71 33 35 40 86 13
    72 5 119 95 10 86 14 44 91 93 47 29 45 121 99 19 119 12 64 115 91
    126 59 127 22 50 88 42 38 80 108 125 25 119 121 72 104 74 25 5 53 10
    68 126 121 41 73 67 98 55 30 5 47 70 27 98 12 39 19 6 115 51 61 92
    94 15 49 45 99 71 65 15 126 106 88 46 43 99 117 5 40 29 118 93 83 82
    52 102 50 97 111 62 31 32 95 119 64 53 76 36 103 46 65 23 22 26 55
    20 85 115 101 10 122 116 58 35 77 54 28 4 9 96 55 96 83 97 28 7 33
    99 47 74 106 95 57 83 94 80 119 4 31 4 102 70 68 83 10 67 2 5 108 95
    102 55 86 12 82 97 108 38 14 59 53 42 120 59 86 79 37 18 33 31 43 4
    122 75 21 60 119 10 23 14 96 112 53 92 30 79 90 48 45 107 31 3 113
    13 85 17 97 69 40 119 110 109 75 44 86 39 48 116 19 7 85 78 38 10
    108 56 54 14 70 56 9 50 61 2 70 110 87 27 30 60 43 39 56 30 44 8 11
    57 72 51 57 62 8 95 111 117 113 60 106 57 117 52 86 25 0 36 112 103
    87 98 3 15 53 92 19 27 72 57 55 121 45 38 69 15 114 61 98 106 15 24
    72 17 19 110 30 22 26 69 98 85 100 12 59 112 99 76 29 116 82 71 23
    80 118 84 27 92 11 126 15 18 83 75 44 89 88 91 30 114 33 105 118 22
    52 41 62 17 49 3 39 33 104 12 15 101 52 48 33 50 89 28 109 9 61 77
    14 14 89 91 101 88 117 35 114 20 84 54 96 124 83 15 101 17 80 96 8
    101 18 104 37 37 76 90 114 43 43 123 79 57 54 123 36 64 91 56 66 68
    86 80 75 43 91 73 42 73 93 14 6 72 58 55 34 70 90 101 75 11 67 102
    77 48 94 107 34 107 126 45 123 87 122 96 127 86 122 117 85 10 60 102
    71 98 100 97 105 98 11 44 85 125 104 110 54 4 78 70 69 60 58 0 77 57
    19 75 35 74 53 62 71 37 97 74 98 114 56 123 59 97 52 52 76 74 40 88
    68 44 115 66 90 57 36 89 111 18 46 11 81 5 1 68 44 116 16 3 27 1 83
    121 11 5 27 26 43 3 94 5 112 96 80 75 76 41 88 116 116 49 75 104 16
    34 33 122 48 75 6 93 70 91 71 89 61 114 36 54 25 104 49 120 101 68
    37 116 116 17 33 48 97 103 60 120 25 46 1 39 51 97 31 49 44 127 85
    57 114 93 73 10 13 103 85 12 18 94 124 1 9 61 60 70 47 109 109 100
    114 48 49 25 33 86 25 68 73 85 116 52 95 119 11 50 96 23 18 80 51 55
    6 13 22 113 31 2 8 95 82 10 110 124 35 25 113 92 18 115 27 9 35 105
    36 19 31 125 11 91 62 127 3 101 51 80 3 6 106 18 66 7 122 104 30 19
    49 71 120 15 47 12 80 46 104 49 7 86 123 46 26 16 10 116 81 90 60
    114 120 39 17 66 8 79 58 33 11 126 45 109 96 9 32 72 69 24 100 35
    103 88 10 1 42 37 112 86 54 121 24 21 43 95 70 15 107 122 109 68 54
    26 72 16 111 3 26 60 101 113 41 46 58 51 78 37 122 30 104 92 49 89
    18 106 32 73 97 56 11 23 35 11 84 125 87 48 58 65 87 0 26 88 118 82
    1 114 57 124 28 62 88 8 110 123 109 86 32 58 71 43 52 32 40 52 106
    49 74 54 3 54 98 49 18 105 110 34 27 11 64 11 7 1 2 95 82 51 23 16
    119 95 52 57 35 7 45 37 49 9 104 95 120 71 108 43 109 104 11 115 16
    98 121 45 59 60 78 123 22 32 120 111 123 53 73 82 96 65 21 105 27 80
    90 7 103 92 45 119 50 64 123 62 65 2 89 28 14 102 16 125 112 114 38
    127 46 89 110 74 29 28 108 73 80 118 59 70 0 43 72 61 104 49 63 75
    93 97 69 36 41 80 92 72 94 123 122 29 60 35 71 55 103 13 120 100 40
    113 83 40 39 53 119 119 117 31 28 25 57 6 109 27 44 12 39 16 53 28
    121 21 107 67 37 33 31 89 83 59 90 24 75 63 82 103 93 61 16 71 37 31
    118 85 6 13 3 30 87 7 3 99 5 4 74 94 9 42 44 4 112 48 87 122 53 56
    21 65 21 20 113 52 77 65 27 2 102 124 81 77 96 55 116 45 11 123 15
    90 19 2 122 83 109 6 53 102 109 22 34 30 65 89 30 1 125 59 103 84 68
    8 2 113 93 60 44 9 89 75 65 45 49 24 126 7 77 123 103 70 91 26 112
    59 57 29 19 103 42 78 82 15 58 117 60 111 75 5 84 86 25 114 35 68 95
    4 92 126 88 84 14 3 103 23 43 70 31 7 57 26 79 7 85 64 43 74 85 115
    64 115 123 90 75 65 78 101 73 90 29 75 69 124 21 105 13 20 110 112
    118 82 76 21 117 38 66 51 77 72 52 26 13 0 41 4 50 93 17 11 6 7 48
    60 105 122 26 30 127 81 24 46 85 98 110 25 54 48 43 55 123 123 77 82
    26 100 61 19 62 62 35 110 19 83 1 16 119 46 77 21 74 71 27 16 37 36
    37 48 69 62 35 11 122 4 37 32 99 92 124 108 118 12 113 101 75 118 43
    29 63 98 65 25 10 7 86 28 31 92 9 22 73 109 30 123 16 51 105 70 84
    122 124 24 15 65 76 119 46 126 18 72 66 87 92 90 18 127 23 110 33 18
    61 30 104 43 107 82 127 61 8 104 27 16 26 13 58 34 24 104 123 117
    126 97 121 107 22 94 4 81 102 20 7 7 46 54 116 39 55 37 83 62 76 51
    29 77 25 22 111 106 94 14 3 103 106 52 87 7 120 29 41 51 21 123 84
    18 117 18 96 13 125 116 113 33 25 124 12 80 1 2 44 88 3 55 42 91 51
    28 124 124 63 108 99 49 41 69 114 10 60 62 99 87 29 109 13 28 116 93
    26 66 9 41 66 20 64 26 65 114 95 98 27 94 124 108 78 38 32 82 102 2
    41 47 116 36 65 106 54 102 60 126 61 111 104 126 108 6 88 24 100 29
    71 126 81 32 19 120 74 96 79 33 14 117 29 9 22 110 70 58 13 80 100
    20 59 38 104 104 10 11 87 30 111 11 101 91 1 86 73 64 9 21 27 86 27
    117 94 122 31 99 63 79 21 124 103 27 23 4 60 100 40 28 95 90 95 40
    88 48 124 2 55 119 122 104 1 94 6 49 23 72 122 0 46 36 92 58 58 104
    13 6 68 13 4 77 18 105 101 115 41 48 104 38 79 90 75 73 67 59 99 52
    29 96 18 6 8 51 1 111 125 58 112 61 16 124 62 7 127 74 60 87 6 43 18
    75 34 47 11 49 55 82 1 53 59 71 17 118 109 46 68 42 49 112 110 123
    10 10 99 119 83 111 26 104 35 117 126 97 75 27 79 8 99 100 68 41 52
    60 60 6 102 60 15 100 65 9 103 28 4 63 114 48 116 96 13 48 107 81 10
    120 1 33 39 91 0 102 40 14 127 40 60 59 46 91 47 64 59 81 21 98 113
    15 35 37 108 62 117 69 45 15 111 47 43 23 62 97 16 94 123 10 29 68
    19 80 76 124 22 25 40 66 3 2 88 58 2 120 77 22 62 42 1 10 17 87 113
    7 108 52 124 63 117 117 34 103 77 46 60 84 45 1 55 118 52 58 93 73
    16 113 75 97 118 72 22 102 43 113 104 76 123 101 113 117 82 33 59 0
    13 72 21 72 64 1 108 123 109 117 121 39 81 31 78 38 58 41 5 54 75
    103 97 49 6 106 28 18 127 13 43 105 44 88 87 41 24 107 35 62 11 39
    24 127 107 127 55 31 57 53 10 94 10 80 30 96 42 120 102 57 10 112 81
    26 54 57 33 127 94 11 114 36 70 72 17 122 107 23 81 49 94 103 26 75
    97 40 123 6 26 68 82 49 116 87 12 87 2 84 95 19 36 62 66 61 94 127
    122 22 49 125 97 127 38 74 101 42 55 51 125 99 0 4 89 16 64 97 28
    105 32 6 113 15 33 83 58 101 40 5 92 75 56 62 74 19 41 4 78 80 33
    105 19 27 22 84 104 58 43 35 16 88 101 8 120 108 95 115 98 60 38 3
    57 26 36 70 13 58 116 48 10 31 53 124 126 98 87 3 31 124 25 95 17
    127 125 41 47 23 13 66 16 13 72 59 123 60 12 68 33 31 117 121 5 74
    58 35 123 124 23 21 42 67 42 116 39 92 27 82 32 57 64 76 7 40 110
    124 7 90 119 18 108 64 19 31 64 22 40 103 79 36 46 28 111 9 113 73
    74 47 6 38 63 39 117 127 50 114 78 67 79 42 65 43 52 15 116 99 102
    12 94 98 13 25 4 38 88 116 116 100 11 118 70 82 123 96 88 90 112 115
    81 106 15 5 80 7 75 12 123 106 12 112 23 116 90 21 121 105 15 55 105
    42 45 127 13 115 97 76 104 72 9 101 95 47 84 1 55 30 40 77 65 90 68
    100 58 120 53 37 34 121 55 119 127 17 22 123 21 19 46 70 127 88 53
    66 20 71 116 28 20 104 117 83 113 29 85 66 107 64 120 63 37 19 96 63
    54 26 28 14 4 125 27 26 17 88 103 115 36 82 110 8 31 36 37 38 101 50
    11 28 119 38 28 30 47 81 38 10 41 24 89 118 22 111 70 121 30 35 3 15
    10 65 102 71 30 88 79 71 77 21 104 126 51 114 2 72 37 85 25 16 42 3
    127 49 109 54 111 48 55 25 109 100 22 120 4 72 1 119 58 106 8 9 53
    23 54 17 48 120 8 91 120 24 117 43 66 109 37 58 28 83 107 9 70 109
    109 76 123 73 18 43 42 16 35 68 125 64 57 17 62 8 80 42 89 93 19 94
    3 19 74 8 103 20 50 110 18 16 55 6 30 8 90 47 127 104 13 64 81 89
    108 61 44 0 31 31 95 3 71 23 12 27 34 89 60 119 39 92 57 25 8 80 76
    106 67 36 88 57 62 55 59 101 63 11 88 91 105 13 22 127 87 87 19 93
    45 2 42 95 40 123 33 18 1 47 61 56 76 119 0 115 86 112 8 12 46 69 75
    109 119 33 47 7 42 115 58 21 35 127 63 43 39 93 93 54 48 35 11 102
    60 89 73 126 115 95 74 27 43 89 103 6 80 12 63 11 103 31 31 101 2 16
    74 41 72 77 120 85 88 35 121 124 75 57 108 123 34 111 65 55 87 18 59
    106 96 59 0 124 44 47 114 63 97 74 120 123 79 99 14 44 35 54 67 58
    95 85 55 119 93 74 50 3 106 75 88 30 29 14 73 23 40 85 17 119 57 12
    89 70 64 28 82 15 74 42 76 104 54 105 6 97 2 103 126 17 111 40 13 10
    33 125 63 35 18 99 65 108 83 61 31 37 80 37 8 16 22 11 19 71 91 127
    84 11 27 105 47 126 29 108 119 38 62 61 39 125 105 26 125 40 34 86
    31 72 11 96 87 89 125 111 4 116 122 118 47 29 63 84 50 76 102 0 12
    34 23 72 115 120 5 70 69 70 77 72 82 66 55 73 105 66 111 21 20 125
    16 5 102 55 111 37 121 114 73 38 16 98 51 115 25 70 127 92 6 2 19
    112 17 58 96 3 37 2 25 61 5 64 75 114 71 27 77 24 89 84 95 99 103
    105 79 85 85 7 20 90 75 81 63 65 1 7 106 96 107 72 17 7 119 76 51
    109 75 54 12 8 1 15 41 69 98 121 25 115 94 60 117 56 43 100 93 5 92
    78 13 38 77 114 92 47 102 14 41 119 73 74 56 71 82 9 31 37 64 98 65
    74 89 43 30 84 76 36 123 76 14 89 31 1 76 63 66 111 99 2 91 48 62
    107 91 50 45 32 4 72 115 126 30 25 15 111 94 63 115 19 85 38 44 58
    102 112 85 100 28 3 3 71 83 70 82 81 121 15 8 71 49 106 20 103 126
    127 127 111 96 33 60 125 69 17 50 108 116 67 60 77 30 105 99 53 63
    108 38 14 11 80 116 100 53 32 35 33 58 1 31 84 10 50 24 105 119 5 34
    100 57 55 85 60 79 19 76 0 106 2 52 13 48 13 118 101 36 113 41 54 24
    85 85 20 4 119 76 99 75 55 4 82 40 42 30 71 6 48 123 92 8 56 119 89
    63 37 44 78 82 41 58 123 50 19 106 90 37 22 16 0 65 0 30 9 26 59 89
    51 125 74 17 77 39 12 55 113 66 26 127 97 47 110 92 32 19 92 81 6 64
    4 9 10 87 113 12 24 80 28 22 36 111 58 114 5 92 52 12 20 30 120 114
    41 85 52 64 76 57 100 40 81 108 90 110 36 70 6 69 25 49 63 100 2 14
    39 103 127 18 118 1 9 54 17 98 9 8 5 35 13 101 75 1 21 55 78 78 123
    114 99 50 58 105 45 41 36 13 58 109 120 80 67 124 44 43 0 118 81 96
    39 102 101 72 65 82 119 88 39 38 89 53 77 67 62 17 62 31 86 114 106
    100 110 77 38 72 72 44 99 87 127 88 79 98 105 21 114 93 54 66 106 82
    51 28 41 74 97 124 27 39 65 92 22 50 13 9 125 29 98 109 44 58 23 58
    114 66 31 110 82 94 110 20 126 114 119 92 125 96 25 113 68 84 61 29
    70 90 4 103 119 100 86 125 57 124 9 102 31 64 40 16 10 18 115 22 79
    67 107 49 62 86 106 23 41 52 0 35 19 11 76 105 47 114 122 74 58 54
    111 24 117 73 116 116 17 25 70 85 32 61 97 86 20 106 51 46 37 19 57
    53 18 32 88 2 22 0 126 53 55 27 87 122 15 82 117 33 61 96 73 11 82
    69 10 56 91 80 11 9 61 122 19 50 80 49 3 4 86 84 71 9 75 118 71 90
    19 34 122 119 94 116 79 53 27 121 61 40 72 120 70 88 38 97 79 80 1
    84 117 48 99 38 8 8 44 19 50 37 50 70 125 103 19 25 11 10 110 112 87
    76 98 75 48 17 76 115 47 32 8 116 1 75 30 21 77 15 38 62 24 20 8 108
    125 37 16 103 84 55 115 32 37 37 85 7 66 5 64 82 90 7 99 63 96 25 26
    26 122 20 63 102 127 108 9 87 19 29 8 75 10 0 112 17 17 84 82 79 85
    122 114 91 6 44 81 110 29 104 39 77 113 109 9 100 4 96 82 113 82 52
    9 74 86 79 73 45 116 26 0 65 41 118 4 117 57 120 25 88 66 40 126 64
    54 54 89 33 78 0 104 97 11 92 104 105 1 111 43 116 76 25 59 50 67 57
    36 64 71 118 61 52 126 62 116 30 124 82 4 118 101 79 34 3 55 68 46
    10 11 64 95 96 8 61 62 46 16 34 43 83 16 68 85 33 28 16 10 115 106 1
    123 76 12 104 44 39 47 83 72 88 51 37 12 22 57 57 1 121 121 32 17 27
    125 6 121 7 39 95 63 99 0 22 61 24 49 4 71 9 67 75 44 65 16 68 31 63
    39 27 4 96 101 98 69 38 105 89 94 114 36 23 83 78 125 16 39 86 58
    127 25 113 101 100 36 72 90 43 71 94 35 29 38 90 16 76 29 4 110 57
    56 46 124 5 68 94 46 20 34 89 39 34 43 45 36 86 62 69 54 116 62 96
    125 21 4 108 99 85 93 44 40 119 115 76 28 93 70 52 87 14 105 66 72
    125 101 109 22 70 85 118 7 93 68 101 66 18 113 81 79 11 29 93 78 3
    13 49 126 28 121 126 105 24 9 95 61 84 122 69 86 90 52 89 37 80 32
    11 17 20 42 114 17 33 54 123 60 103 1 31 43 74 58 114 39 17 82 88 4
    125 57 85 121 31 11 92 71 30 40 93 60 53 51 91 18 60 97 22 91 80 6
    57 123 67 60 75 64 117 58 10 107 88 12 118 55 123 109 91 57 27 60 23
    22 115 66 60 31 120 12 70 93 126 50 0 44 5 71 126 89 127 102 77 8 76
    109 0 118 2 56 59 115 51 24 100 22 25 49 16 24 8 52 125 77 1 23 35
    101 93 118 126 62 74 28 45 120 17 6 31 8 92 100 72 109 95 12 40 30 7
    105 51 39 72 18 23 44 17 54 97 47 78 69 69 21 4 25 120 61 96 1 123
    38 113 63 72 122 57 43 28 36 28 82 57 64 17 21 7 88 127 38 48 47 44
    120 6 123 67 55 117 92 88 77 110 14 73 81 41 8 39 3 34 20 74 96 11 7
    26 80 106 39 8 68 119 16 88 49 77 26 98 51 102 122 122 87 46 83 94
    59 45 39 28 42 60 83 5 49 85 72 50 15 91 44 4 95 24 55 14 118 99 32
    100 71 105 13 71 85 60 77 12 74 116 93 37 109 89 16 21 12 19 122 52
    97 113 53 75 72 8 126 72 98 16 75 91 58 48 48 8 18 85 39 124 38 85
    27 19 24 94 61 13 11 42 61 112 36 114 127 56 79 62 109 94 98 111 23
    3 27 122 93 8 25 83 54 3 34 56 37 81 118 121 122 37 88 39 46 45 11
    32 55 1 2 21 53 70 126 30 49 52 82 7 105 95 55 32 53 72 4 28 109 60
    1 47 107 57 22 7 103 75 78 40 46 98 66 10 7 70 74 64 77 76 89 110 44
    65 69 117 82 21 99 36 18 76 49 126 77 115 69 27 72 118 63 90 39 4 20
    44 86 99 27 24 98 34 9 35 64 63 87 3 29 112 60 68 2 67 101 88 114 91
    62 29 24 33 19 13 97 88 75 111 78 96 89 96 68 43 122 3 107 12 39 74
    50 56 58 10 104 102 92 40 32 116 90 127 32 6 113 52 125 28 117 96 25
    14 49 92 59 63 46 33 101 66 41 63 112 92 118 109 26 41 92 46 56 13
    11 93 62 106 77 71 22 17 105 105 25 120 119 90 70 63 45 13 40 82 94
    93 24 125 100 63 93 90 100 108 105 92 7 57 66 69 121 118 43 31 62 94
    33 78 32 27 55 89 45 58 73 123 114 120 63 126 8 115 78 51 26 8 72 46
    56 15 25 10 43 125 11 115 30 76 108 14 68 103 109 77 83 39 59 73 42
    124 38 25 32 7 94 98 65 96 7 96 112 115 97 34 27 117 119 26 76 29 21
    3 50 125 37 57 112 71 126 79 75 51 60 19 73 83 92 74 113 67 64 6 73
    1 30 110 107 21 50 118 109 61 122 85 70 44 69 97 97 98 117 70 117
    116 5 81 1 117 93 16 66 35 8 39 94 126 71 47 59 119 82 109 28 34 87
    9 6 112 76 26 87 34 45 83 58 89 21 55 118 110 27 43 62 114 99 49 45
    80 77 95 53 112 80 111 63 97 48 106 51 70 109 67 97 63 113 43 106 61
    7 34 10 41 91 25 7 8 96 46 119 64 88 109 0 68 115 84 122 107 116 1
    46 115 11 63 119 64 11 32 61 89 70 2 54 63 42 70 97 62 55 112 22 118
    2 118 122 12 122 92 108 69 18 53 62 24 81 55 101 99 63 69 0 4 10 110
    127 81 19 112 16 94 55 95 102 41 117 85 69 29 87 79 78 121 23 95 90
    12 119 51 56 14 79 89 45 105 116 33 11 103 5 32 105 90 107 76 69 127
    98 100 95 20 93 72 53 2 19 12 81 40 85 50 125 26 43 82 94 90 53 127
    91 41 125 105 66 30 80 118 66 69 125 100 19 67 39 126 42 48 24 108
    71 9 112 110 6 87 15 62 56 107 115 51 24 46 107 9 84 115 112 72 20
    35 76 32 106 75 85 47 49 126 7 103 28 12 96 109 44 69 13 10 26 42 73
    68 78 7 78 61 102 105 110 98 76 117 77 43 6 37 87 35 92 38 49 98 106
    17 125 88 126 26 30 74 79 11 19 70 35 35 28 87 76 85 65 81 115 40 56
    20 67 114 110 49 35 109 75 21 47 86 79 112 93 98 36 99 24 121 70 97
    95 27 61 124 54 0 123 58 55 90 43 102 16 10 85 39 92 13 90 74 46 93
    36 106 43 69 4 46 71 119 31 94 116 120 70 117 94 8 71 49 19 124 98
    39 9 99 111 109 42 47 46 24 11 108 82 81 120 102 121 126 26 27 24
    124 105 86 24 47 108 16 61 89 86 118 23 110 82 38 18 74 98 87 41 4
    52 106 127 12 24 82 97 78 52 40 69 9 39 48 96 121 52 116 72 59 1 52
    100 119 55 22 99 21 0 70 124 48 0 88 124 21 122 34 9 114 13 79 62 93
    70 101 104 51 62 43 8 42 115 84 66 52 89 55 80 65 42 20 58 24 69 105
    60 82 22 46 12 33 91 3 67 24 47 36 40 25 37 41 90 95 105 36 107 40 9
    123 22 63 69 68 3 124 120 109 79 126 76 45 58 6 68 46 27 44 105 51
    16 82 72 95 86 83 122 66 41 88 54 67 77 112 101 74 74 120 53 67 32
    88 72 45 13 62 116 52 101 99 88 96 66 43 74 18 96 50 80 14 82 70 26
    61 29 126 104 6 1 108 20 82 9 25 38 46 116 53 45 11 36 118 92 32 90
    106 26 4 116 97 2 46 115 97 79 78 31 76 6 31 14 66 119 11 42 20 88
    125 106 107 98 70 88 62 41 21 23 111 114 67 84 68 110 100 72 100 115
    48 36 32 10 1 82 118 97 61 92 25 23 120 69 124 123 53 104 43 2 89 8
    122 115 111 90 54 77 60 65 105 115 87 56 81 1 120 53 23 39 69 55 53
    11 7 88 41 106 91 117 63 31 24 83 10 0 118 112 16 112 92 91 81 58 39
    35 114 120 115 2 85 50 13 23 12 110 66 62 100 115 38 15 37 68 60 38
    51 43 87 69 61 63 66 80 88 121 108 90 50 4 124 50 80 44 75 16 11 107
    56 4 127 29 110 93 127 68 42 11 126 110 75 39 51 23 85 78 104 112 37
    90 68 112 124 58 85 101 105 64 84 92 111 75 127 67 49 17 79 111 28
    70 64 24 22 90 38 108 22 72 73 82 8 66 62 90 81 43 105 9 90 44 77 7
    50 100 35 22 88 83 53 76 66 14 117 34 17 73 90 90 79 0 20 88 38 98
    117 31 77 109 35 62 115 41 29 116 120 25 86 36 118 24 119 40 8 126
    98 27 121 109 1 101 66 69 112 19 47 77 123 11 75 21 53 105 33 78 11
    65 83 119 108 2 23 34 125 16 87 56 53 101 56 34 73 111 41 78 90 1 27
    113 112 121 6 95 54 58 39 44 73 21 119 100 127 48 73 26 120 15 107
    96 43 12 93 115 76 54 34 82 101 56 26 1 107 98 3 92 99 60 101 105 86
    6 1 99 67 125 124 59 33 112 122 55 119 24 111 83 15 114 99 109 12 60
    105 70 111 13 10 99 38 11 0 125 119 9 98 116 82 19 29 12 61 23 114
    117 114 96 9 99 77 72 110 111 93 81 61 67 113 67 114 19 45 47 42 65
    65 119 40 112 118 121 7 69 28 90 71 13 32 1 68 72 63 6 124 37 16 125
    88 118 82 124 32 121 65 106 28 25 34 92 36 12 125 47 100 57 77 30
    112 80 21 11 79 70 25 103 38 45 99 94 88 38 73 91 75 25 96 28 54 22
    49 36 107 127 80 127 24 122 90 114 15 15 79 96 17 49 80 84 74 58 80
    100 108 39 119 108 107 125 60 6 40 16 101 66 124 63 77 67 90 99 116
    0 21 96 0 108 25 19 26 45 65 82 101 45 26 107 50 45 127 67 124 26 29
    122 46 25 42 13 10 89 80 85 88 95 81 68 79 9 66 122 4 42 21 54 85
    112 84 74 67 35 26 69 48 84 11 122 79 68 87 82 74 28 116 17 2 35 9
    16 1 17 76 76 25 4 5 65 93 8 108 53 79 96 23 26 62 83 21 30 18 12
    102 50 110 96 19 66 54 38 52 96 119 126 50 21 87 72 121 85 96 116 0
    58 12 117 54 12 112 35 19 53 21 30 9 94 101 49 113 65 55 76 48 43 50
    81 49 120 47 30 49 126 78 9 99 123 100 44 41 38 94 56 86 74 15 100
    82 4 75 32 54 46 32 66 60 91 64 12 115 34 125 77 112 55 21 126 55 58
    75 94 123 126 96 93 104 17 49 54 120 49 106 123 73 106 88 9 89 112
    46 107 2 101 58 67 32 95 120 58 23 80 64 31 71 28 88 77 76 80 120 20
    38 46 39 88 26 59 21 9 23 33 22 88 58 83 115 66 121 27 7 101 71 92
    107 9 58 45 40 15 91 54 23 124 80 33 55 64 77 20 65 85 3 51 111 39
    22 112 46 37 2 92 80 116 121 20 123 45 111 89 71 18 19 32 33 87 80
    96 71 53 15 15 86 51 22 107 42 53 2 124 20 120 1 0 79 118 74 114 71
    29 82 62 58 42 3 60 110 15 41 98 56 66 117 72 55 88 94 110 2 14 58
    61 20 7 57 91 36 10 117 77 105 116 113 51 3 82 99 16 109 88 5 118 43
    6 76 61 126 106 20 60 115 100 18 108 12 9 37 97 66 63 87 19 92 13 4
    48 112 106 106 13 96 73 113 13 61 103 111 113 16 100 114 12 112 26
    26 71 76 116 49 8 127 88 64 26 41 88 60 92 84 89 85 65 84 65 126 67
    30 27 15 123 113 79 22 73 53 62 14 69 104 36 57 71 57 41 95 11 65 87
    23 51 29 95 123 29 45 99 103 15 92 55 15 100 55 99 52 21 60 46 49 0
    91 30 29 28 10 72 75 78 41 39 34 51 107 9 75 119 79 48 29 89 5 74
    109 41 94 0 92 21 105 0 65 10 125 60 22 61 95 100 28 51 64 32 38 114
    53 1 24 35 124 112 122 7 33 125 37 48 69 34 112 1 17 100 0 51 36 38
    106 58 49 28 91 118 58 11 124 28 124 65 87 124 123 12 122 116 3 126
    113 36 115 90 43 71 21 127 6 47 114 80 17 66 17 0 62 76 108 108 8 3
    87 13 70 42 82 65 100 3 15 101 117 20 11 85 38 83 120 48 65 14 127
    83 16 68 48 95 28 23 29 120 114 100 18 57 116 115 73 24 36 40 53 124
    108 122 35 116 14 104 61 123 83 76 84 39 86 20 62 79 121 74 100 50
    10 22 87 80 12 47 19 108 118 106 109 33 56 34 78 64 4 22 73 39 28 92
    3 119 78 70 88 96 38 34 66 104 54 98 22 113 35 108 17 65 97 110 70
    57 2 80 108 16 81 107 53 22 127 30 116 41 78 59 62 33 52 60 71 95 77
    40 57 18 57 115 40 48 98 114 12 124 41 40 46 27 28 96 92 41 0 3 6 56
    87 88 5 26 21 75 82 34 100 46 93 102 71 48 126 42 21 71 35 35 72 0
    16 86 69 13 84 28 53 58 48 94 95 81 100 27 109 43 112 20 123 81 65
    47 99 48 124 49 73 85 101 33 20 77 4 95 66 46 72 88 21 55 54 7 18 69
    8 72 83 37 21 122 69 56 37 81 123 55 16 56 99 24 98 97 108 2 30 88
    46 50 62 31 31 35 31 54 87 90 112 67 33 57 56 82 66 94 27 89 13 13
    52 83 40 75 85 56 6 10 105 63 83 73 21 23 90 33 107 110 57 40 115 11
    108 93 90 90 65 112 9 121 14 61 5 126 17 101 39 53 44 109 48 65 95
    32 50 72 55 11 18 120 124 117 54 41 63 115 89 123 108 111 4 123 79
    38 65 36 50 83 78 95 114 122 77 12 50 93 16 49 7 66 15 87 48 74 32
    41 121 34 125 74 112 31 18 72 99 108 122 120 88 11 111 103 44 108
    103 26 14 31 32 43 56 44 108 101 97 95 12 24 51 117 55 58 93 62 19
    101 41 93 3 46 9 74 63 37 108 37 108 16 35 25 50 12 24 11 87 2 8 105
    25 103 94 25 94 44 101 78 102 109 89 122 2 69 26 10 20 5 85 112 1
    103 55 63 119 68 76 31 12 54 47 67 76 94 17 35 65 18 50 2 8 125 55
    97 125 84 58 74 119 27 42 86 18 49 89 20 3 56 67 60 123 124 97 25
    113 41 71 54 7 92 85 104 37 127 104 107 73 104 4 35 75 38 80 124 18
    113 95 65 66 123 14 51 28 77 126 79 34 30 41 117 51 47 4 62 29 105
    20 1 102 108 88 34 120 9 33 9 113 16 75 9 95 23 116 117 107 124 18
    78 6 109 62 16 50 118 118 86 56 42 53 103 125 74 40 61 112 1 11 101
    30 61 122 69 93 43 70 125 3 25 102 65 50 111 125 20 83 24 59 88 71
    89 88 18 37 56 39 37 102 29 36 94 23 110 22 117 48 47 6 118 93 86 41
    47 53 50 7 68 90 4 70 114 108 111 59 101 45 90 73 107 125 17 127 107
    108 33 12 86 36 74 105 110 16 18 58 44 101 86 67 67 41 68 123 66 4
    27 84 80 95 40 79 113 90 78 123 0 17 23 42 80 106 39 51 19 18 126 98
    11 53 78 34 23 9 104 43 127 38 52 106 123 115 97 120 10 27 10 126
    127 71 57 70 21 12 15 81 116 121 61 98 109 115 86 79 59 42 27 25 55
    88 94 7 26 109 78 87 11 9 76 82 100 87 8 43 5 64 60 112 91 76 64 18
    83 11 22 15 26 16 51 45 96 116 100 106 61 33 3 3 82 44 91 87 41 11
    32 89 18 91 90 48 24 114 59 55 108 89 57 45 117 91 71 27 28 52 0 5
    33 12 34 6 19 76 43 6 108 119 110 116 16 99 15 78 16 29 18 109 16 15
    20 59 37 37 113 98 43 36 123 107 20 7 92 113 84 102 123 10 36 56 47
    61 119 119 101 2 1 57 117 94 44 55 2 40 3 67 11 76 50 86 26 54 98 62
    9 106 94 63 72 12 52 42 119 26 116 0 0 8 124 21 52 7 20 29 107 121
    47 28 86 62 8 64 63 73 104 115 43 71 85 112 15 127 89 121 121 53 114
    50 74 87 109 75 35 123 122 105 87 63 74 46 116 4 69 106 19 30 122
    120 44 99 64 37 59 91 83 115 31 0 95 33 102 108 57 65 53 26 78 126
    115 126 25 46 41 120 46 96 6 74 65 86 123 92 12 49 25 123 127 61 50
    26 126 5 90 21 4 79 99 123 49 66 78 64 35 124 124 124 38 85 45 1 38
    109 68 80 21 42 101 124 73 63 8 29 82 38 22 109 19 4 50 110 0 122 1
    41 8 46 61 79 12 26 31 83 19 45 71 114 22 110 127 4 23 91 100 71 37
    8 92 111 2 61 106 97 0 127 58 117 19 45 125 78 11 4 126 11 114 60 74
    33 89 16 25 94 96 86 120 65 90 56 39 90 80 112 40 79 90 32 32 59 27
    46 122 74 46 51 52 99 14 104 0 51 49 110 52 83 58 107 90 110 28 58
    75 120 6 0 80 34 20 0 121 94 101 110 74 79 117 124 66 95 126 93 31
    10 2 1 113 25 118 84 29 34 19 1 38 12 27 65 90 29 83 111 28 70 102
    87 49 88 69 95 82 83 113 43 62 96 100 115 81 76 55 92 63 79 37 90 77
    93 62 38 118 21 56 79 68 14 116 82 6 123 58 74 58 73 107 29 100 36
    22 110 66 2 101 110 12 119 125 109 107 75 18 86 20 77 48 45 38 121
    57 79 92 58 18 63 115 125 12 110 24 70 114 37 29 94 54 72 123 42 20
    63 2 28 80 70 71 42 76 112 0 69 45 33 114 101 90 108 28 107 30 102
    40 106 68 69 82 21 105 8 47 42 87 23 59 53 39 97 66 31 124 35 46 100
    96 98 95 113 13 25 56 12 87 76 37 15 10 81 10 61 94 111 26 102 39 34
    58 5 103 78 27 120 70 83 27 122 13 41 37 57 33 86 111 66 79 75 98 44
    82 30 116 66 91 104 28 68 13 8 27 93 31 95 24 17 97 67 66 100 67 77
    56 86 33 36 32 62 117 17 44 92 36 37 84 32 84 25 53 70 118 3 21 38
    18 110 25 94 72 89 12 92 64 118 75 14 33 37 102 6 63 119 86 32 97 92
    79 22 25 100 18 25 119 72 88 58 46 50 95 61 77 106 42 5 106 84 58 28
    69 126 86 113 91 30 71 60 80 87 77 111 12 75 110 42 69 10 55 88 38
    15 64 117 58 116 120 11 50 61 64 63 33 65 26 95 16 9 120 59 39 38 91
    12 43 48 22 82 121 95 64 124 77 46 34 24 59 4 79 81 63 95 65 7 40 99
    56 88 58 119 114 31 116 15 24 0 12 67 118 76 5 24 73 125 2 4 56 6
    106 63 57 77 55 70 96 125 60 55 81 0 70 124 1 80 49 0 116 52 27 58
    117 16 103 96 48 79 39 61 44 3 39 72 17 121 93 11 64 118 35 82 83
    105 7 62 114 25 111 63 28 63 21 50 65 83 122 94 100 96 59 73 100 122
    127 102 54 27 116 73 9 36 11 71 53 63 117 32 90 11 71 98 37 99 123
    15 32 124 62 15 35 23 89 19 52 90 84 20 49 13 10 49 26 87 69 74 93
    82 88 6 79 62 58 61 53 80 77 32 70 9 71 71 22 2 9 117 107 63 85 84
    87 61 82 37 17 125 36 38 99 95 97 83 21 32 88 12 111 94 21 111 124
    12 91 60 48 83 62 48 108 26 36 6 28 59 126 57 73 111 67 116 66 102 4
    36 71 66 97 75 13 16 38 27 29 43 48 114 95 76 37 24 88 117 58 78 22
    108 18 47 81 110 28 71 26 35 90 22 27 100 15 80 100 57 83 20 33 43
    103 24 87 22 10 7 52 37 78 98 46 53 62 67 71 9 33 53 29 59 14 43 83
    101 104 89 120 28 114 16 69 124 4 121 52 45 90 23 9 1 72 113 53 118
    46 81 30 111 34 86 89 96 57 6 25 126 110 102 45 5 102 52 18 79 0 62
    30 12 116 30 86 62 112 46 61 72 93 34 14 124 113 68 104 80 82 117 74
    113 23 87 33 39 85 40 32 12 14 37 13 38 7 37 63 29 60 80 26 62 63
    101 92 53 44 48 125 127 51 79 55 15 79 95 72 120 80 81 6 109 35 79
    33 44 17 93 57 107 79 61 7 60 42 99 59 121 43 49 13 82 95 21 49 60
    38 76 83 64 46 77 17 52 74 63 6 34 12 62 107 57 44 47 84 14 15 37 42
    18 66 47 93 82 98 104 27 54 53 69 31 120 127 88 85 42 72 28 2 66 63
    110 28 22 56 48 117 27 87 42 111 28 73 117 13 9 104 48 30 17 27 96
    69 10 0 46 35 75 69 8 37 28 82 126 24 23 105 28 72 51 20 92 96 125 4
    17 43 17 56 72 115 93 32 68 125 4 19 40 88 62 127 127 116 80 29 37
    98 114 114 35 119 112 80 94 85 15 75 103 68 16 88 5 114 61 87 94 64
    64 27 87 80 111 65 24 70 69 115 30 65 2 92 5 104 112 52 68 67 46 75
    96 82 25 25 21 24 123 80 16 78 37 83 56 59 115 126 68 51 1 67 78 116
    16 95 64 67 102 5 54 49 66 120 36 99 68 62 27 8 74 55 6 31 45 46 100
    16 86 105 109 116 22 123 22 94 48 62 71 111 61 53 20 96 86 112 34 1
    103 80 64 98 21 62 59 104 8 51 122 74 119 69 18 21 79 96 104 89 35
    55 50 48 39 71 107 107 18 31 42 36 23 50 70 98 127 78 46 13 26 86 5
    65 15 65 0 35 120 83 63 19 36 98 90 88 108 90 7 50 87 55 3 7 90 117
    32 64 84 20 107 121 16 54 104 119 73 70 72 59 67 30 62 65 31 110 77
    119 41 27 2 0 52 77 42 76 16 1 34 8 29 100 91 82 78 66 116 127 7 97
    15 66 27 78 108 43 100 68 90 11 88 81 77 53 81 45 117 102 30 104 15
    118 94 96 104 64 2 120 21 28 60 37 51 79 95 105 28 21 35 54 91 51 73
    6 22 77 109 46 65 83 105 49 52 120 37 103 57 68 72 37 82 66 23 31 78
    38 101 82 98 54 105 18 98 9 41 60 43 114 10 86 69 107 26 98 94 29 15
    81 93 125 50 44 41 24 40 87 100 117 119 58 107 95 85 64 11 75 67 104
    122 34 94 36 124 9 90 58 77 83 24 96 13 48 56 43 3 113 73 47 55 53
    56 33 4 101 78 68 4 44 10 46 14 114 113 83 46 68 83 70 79 86 45 104
    113 124 78 90 82 19 33 90 7 18 90 42 82 23 106 44 107 51 59 108 93
    74 76 107 3 51 52 123 113 32 13 98 14 91 119 6 117 23 26 18 72 22
    121 11 119 47 111 52 43 91 110 90 112 16 31 1 8 96 79 114 85 109 28
    40 29 14 121 89 12 61 61 61 98 64 83 17 109 11 89 52 109 6 11 37 34
    78 32 17 30 63 104 42 71 103 25 79 26 124 61 27 61 102 32 17 29 54 8
    47 121 75 80 79 48 37 81 32 33 16 71 74 105 124 126 34 19 52 29 5
    106 20 104 15 23 43 84 98 91 52 13 90 67 117 84 92 63 98 17 92 21 19
    90 14 10 46 125 117 56 123 73 104 94 38 9 30 117 96 43 114 105 113
    24 19 22 42 42 94 29 15 95 112 11 74 84 31 17 61 63 82 24 44 66 69
    127 87 34 2 99 123 110 2 54 8 37 62 114 117 64 28 70 69 19 110 32 10
    120 84 44 50 56 33 63 45 91 3 100 126 24 79 39 100 46 19 78 36 41 56
    4 71 40 2 0 104 72 90 57 61 36 88 10 15 94 103 83 100 30 66 116 108
    69 78 72 109 2 93 107 100 39 35 33 96 5 80 98 24 105 18 61 17 100 71
    34 79 21 23 28 45 90 32 15 38 20 69 76 68 19 57 86 74 87 101 14 70
    70 6 69 4 100 104 100 124 81 81 61 27 109 46 99 63 96 109 44 117 89
    81 82 64 5 115 84 58 118 57 21 38 3 84 120 122 57 116 17 92 59 39 15
    79 116 64 102 104 123 79 70 90 29 52 48 42 46 10 9 95 69 112 6 38 93
    124 1 37 3 71 5 94 120 45 125 18 121 101 123 14 111 112 17 40 24 114
    10 66 70 9 75 25 98 108 122 121 12 22 87 75 22 50 95 65 77 50 101 23
    91 39 118 26 15 97 56 73 57 108 50 42 121 58 43 103 0 54 76 37 96 40
    104 77 100 113 30 20 107 76 105 115 105 82 2 68 49 109 104 34 84 36
    34 33 51 68 16 31 13 88 85 127 56 102 58 13 101 13 99 24 114 110 64
    41 19 55 60 89 14 88 37 127 63 127 78 22 33 126 18 14 7 120 22 24 17
    72 42 5 123 62 12 94 60 16 7 119 118 27 1 97 86 91 109 89 64 107 82
    112 125 5 47 52 91 2 64 25 84 102 27 126 49 58 77 44 19 2 15 1 112
    91 56 68 79 125 71 42 63 10 90 30 109 125 50 14 104 29 9 68 121 80
    77 10 99 30 22 52 82 108 124 57 18 17 17 85 31 102 40 29 46 101 126
    96 33 62 86 88 58 7 27 35 43 61 74 86 64 55 0 63 54 77 78 41 52 103
    35 68 98 90 83 109 14 57 98 113 110 39 1 33 114 27 108 106 52 119 27
    30 55 43 125 54 42 51 122 66 53 25 56 92 30 114 115 74 55 106 19 8
    111 103 97 39 85 23 20 103 95 23 64 85 63 31 102 123 122 72 112 122
    105 53 111 4 30 105 68 83 32 61 88 117 61 35 53 16 59 55 82 5 120 22
    79 1 32 114 78 65 79 19 121 45 8 25 37 65 105 81 86 38 79 86 94 101
    56 45 91 0 105 14 83 95 73 49 2 83 114 88 58 108 86 61 57 115 114 25
    19 43 95 92 124 48 63 58 11 10 2 112 28 123 120 30 42 15 40 115 37
    57 3 88 39 94 49 38 54 45 77 20 16 10 84 111 22 123 77 29 45 103 0
    89 56 91 105 108 75 33 123 3 43 59 118 34 17 22 122 2 58 29 100 92
    91 69 127 51 69 121 24 105 29 124 123 73 24 108 17 127 79 37 120 39
    18 44 22 79 48 10 60 20 36 60 32 35 52 63 27 19 81 5 20 46 74 73 122
    9 126 31 85 92 74 65 57 22 103 75 87 25 123 112 28 94 121 26 16 24
    31 95 7 62 33 72 58 109 64 70 21 117 80 77 76 46 86 10 27 78 40 97
    106 38 116 126 111 20 50 93 14 14 76 16 106 45 58 35 29 72 90 122 55
    74 91 93 102 62 64 17 115 116 123 96 63 90 53 113 22 92 12 46 109 40
    28 73 111 23 54 118 54 61 25 109 118 115 74 46 38 105 5 112 99 127
    30 12 55 89 115 36 100 122 112 125 119 102 78 8 30 43 25 35 40 28 52
    75 27 36 77 107 113 19 13 16 52 98 17 125 125 108 86 3 79 21 54 35
    17 65 85 53 112 16 36 120 33 65 66 57 99 80 56 29 12 119 81 0 39 71
    88 94 83 120 96 84 54 73 51 127 64 54 105 120 114 48 93 94 46 14 4
    88 76 42 24 102 70 117 122 52 94 40 121 115 61 63 125 16 49 87 113
    40 102 118 86 24 84 52 73 30 90 112 95 13 71 110 127 125 66 8 16 44
    8 52 20 43 111 68 114 9 52 36 33 25 76 46 60 35 28 43 6 26 53 92 70
    97 103 4 47 36 81 118 13 38 77 21 123 15 92 100 5 93 34 13 50 75 125
    107 76 112 127 42 114 22 120 74 43 109 40 42 110 88 55 17 80 24 84
    69 104 17 51 122 120 85 40 78 101 121 45 23 8 54 94 1 18 127 9 80
    103 53 105 53 62 11 58 54 7 43 44 79 62 44 90 100 77 106 69 12 20 65
    22 39 55 16 13 49 70 41 110 57 116 73 47 46 125 88 34 112 43 6 33
    102 97 26 85 46 53 115 33 99 26 107 11 127 80 44 105 125 118 48 88
    75 66 73 36 95 98 48 94 27 5 0 73 105 43 66 66 121 10 46 123 51 103
    0 38 37 17 62 4 53 76 52 4 75 125 120 33 110 58 50 31 28 34 55 105
    119 93 74 45 115 34 93 58 18 100 73 86 24 61 60 60 41 110 43 63 111
    36 29 109 47 66 113 119 90 79 6 96 91 101 57 124 84 91 19 54 121 10
    104 60 126 84 89 78 96 19 97 99 60 31 127 126 37 50 42 74 109 60 79
    101 27 101 103 46 22 93 52 93 102 34 66 101 28 79 47 74 17 96 38 89
    69 7 124 12 127 88 73 66 40 113 32 116 47 49 120 64 43 104 23 105 43
    107 25 82 48 40 32 77 8 99 85 39 54 12 49 25 117 113 18 34 8 10 83 4
    22 119 65 34 102 2 10 24 87 35 117 115 125 99 71 124 30 124 32 44 5
    2 93 51 77 4 113 50 15 22 35 34 22 85 38 59 50 66 107 3 50 51 120 70
    34 105 111 27 23 115 87 110 24 61 94 123 86 11 4 19 115 10 86 101 10
    88 118 21 0 60 107 13 13 32 2 120 105 77 76 12 81 61 110 82 45 47
    101 38 82 32 89 82 73 1 27 14 65 36 18 46 53 2 3 63 0 71 6 125 93 70
    83 55 120 114 109 12 97 114 10 17 31 108 98 49 0 91 107 46 23 82 106
    22 15 25 73 124 63 117 44 62 33 85 54 123 15 49 39 81 106 46 122 1
    50 99 55 15 92 12 63 99 102 32 86 82 43 126 106 79 30 19 0 73 89 94
    105 115 120 22 29 75 125 61 103 20 3 50 9 55 1 100 15 81 93 38 49 9
    92 72 17 3 5 72 59 118 96 109 4 82 42 53 59 72 112 32 20 26 1 84 33
    46 125 31 87 36 37 25 102 115 69 3 92 74 6 28 95 64 112 119 84 109 7
    100 75 101 98 85 44 8 122 16 105 108 64 29 13 86 24 81 84 61 33 72
    84 91 38 64 99 30 33 22 26 53 61 72 47 103 25 117 124 57 85 107 46
    32 115 43 24 43 93 76 96 65 15 94 74 37 42 117 15 73 42 56 106 48 91
    50 95 92 82 17 58 76 83 27 57 45 114 120 73 119 74 107 87 87 3 86
    107 117 50 34 0 1 80 94 19 8 95 86 48 38 37 0 124 0 78 74 41 0 27 33
    31 79 67 70 81 115 38 6 16 37 0 11 1 59 16 116 9 42 90 87 109 75 91
    105 36 56 118 57 84 82 127 63 84 70 7 101 66 25 86 43 22 23 14 87
    100 13 28 38 24 11 0 45 97 38 117 2 113 50 109 123 100 117 22 114 27
    112 95 123 114 10 50 57 24 77 75 17 55 63 64 106 46 121 121 55 15 14
    123 31 122 117 17 82 122 120 123 72 26 36 54 89 40 56 103 119 54 0
    59 43 59 116 45 35 98 101 74 97 106 62 5 55 78 78 22 56 73 62 84 14
    60 123 13 56 72 122 121 27 4 48 73 64 86 57 46 74 102 3 82 61 59 103
    45 11 56 81 127 28 126 53 51 114 22 105 42 107 68 27 117 104 44 28
    116 123 89 109 13 50 76 97 27 99 63 60 29 93 121 108 58 77 80 31 30
    124 115 97 97 48 97 50 93 57 1 122 8 81 121 35 103 88 122 117 81 110
    3 47 89 62 43 107 0 82 124 69 1 88 83 50 71 73 61 104 79 38 47 108
    46 12 79 126 125 54 7 121 5 3 57 123 20 6 46 12 27 13 98 111 78 91
    118 46 119 80 89 96 1 116 37 97 90 77 50 77 95 78 104 52 22 123 112
    76 91 9 17 22 40 116 127 87 13 80 113 60 65 124 13 74 97 107 84 20
    114 59 47 66 80 15 103 31 36 4 35 108 14 84 117 108 48 5 102 118 66
    68 127 117 40 4 17 43 28 49 51 40 24 97 37 66 96 111 1 87 75 53 18
    66 4 37 39 107 115 121 102 14 112 48 95 8 4 92 21 30 117 67 87 79
    109 88 72 53 104 119 109 100 68 42 110 104 64 10 101 87 39 90 105
    109 82 68 5 34 108 58 62 85 121 20 73 38 25 124 58 7 64 120 50 0 58
    0 61 87 101 19 70 11 14 54 2 24 115 101 125 52 98 42 105 83 102 53
    36 122 54 65 44 12 56 22 0 55 18 101 46 119 61 114 123 107 110 3 76
    105 9 92 29 9 111 105 61 26 64 117 41 22 8 0 77 12 3 12 28 76 49 18
    4 60 28 126 47 85 21 60 86 16 34 22 23 70 101 107 121 61 98 79 102 6
    54 125 26 37 38 126 36 124 90 74 43 40 12 104 118 73 103 108 17 39
    98 45 6 77 96 103 107 39 58 87 121 83 78 123 69 30 98 82 11 120 54
    109 119 9 88 40 57 96 106 38 98 105 81 76 23 75 30 28 58 55 100 14
    124 23 38 6 102 87 93 59 25 69 2 71 70 29 8 80 5 26 58 67 84 65 94
    123 29 69 112 44 46 23 47 90 69 76 9 121 66 74 111 116 52 103 100 23
    52 105 55 25 119 29 38 23 71 101 64 115 76 68 107 83 50 26 18 78 105
    110 58 95 31 78 61 86 49 90 66 86 62 13 117 38 45 70 75 60 97 16 41
    74 59 2 121 37 37 44 2 68 24 91 53 90 67 25 70 17 101 112 47 21 44
    117 58 95 43 29 19 90 112 43 24 77 0 117 89 58 45 96 33 35 81 69 89
    103 81 53 120 93 113 26 120 80 115 1 2 25 113 123 29 127 28 36 120 5
    114 19 108 39 35 71 62 65 50 120 26 82 34 91 99 86 57 78 28 43 7 107
    76 26 82 119 108 19 52 60 93 55 81 89 19 45 121 83 107 102 115 122
    39 20 23 104 31 125 58 81 43 2 66 56 7 24 65 62 19 42 74 35 32 41 86
    10 111 66 125 118 102 61 12 121 2 12 107 116 98 18 51 80 14 123 106
    106 38 95 18 120 22 32 96 13 53 32 80 125 47 6 107 1 88 18 95 73 113
    122 40 7 42 17 127 81 51 60 51 16 12 7 124 122 96 101 13 126 78 99
    115 81 114 105 119 73 71 120 22 59 60 11 81 121 92 11 74 2 119 19 67
    63 112 56 89 79 87 92 14 8 86 81 37 99 77 36 4 88 119 102 1 66 3 2
    118 37 25 61 62 65 44 124 86 36 42 39 80 30 20 41 91 86 76 127 117
    94 72 46 63 104 28 20 0 33 125 65 62 79 88 73 55 83 119 85 60 12 28
    2 105 33 24 95 44 31 113 35 2 126 81 101 85 69 23 46 82 65 17 60 32
    14 28 81 0 9 101 9 19 30 70 26 40 16 122 78 112 90 36 57 32 93 91
    121 24 1 95 102 53 93 62 110 115 87 25 52 74 75 35 42 5 56 11 81 32
    118 2 103 30 109 66 11 53 110 53 33 77 17 94 78 17 12 1 107 105 69 2
    78 114 83 8 33 116 13 112 121 4 66 91 57 12 91 88 83 99 105 56 49 64
    70 82 10 50 121 9 82 64 11 99 120 27 92 42 72 56 103 42 44 103 74 39
    45 56 96 119 55 103 45 39 68 95 24 53 127 106 85 24 125 89 99 26 28
    23 94 90 22 53 105 111 89 27 47 70 23 34 8 121 80 98 106 37 76 109
    91 116 47 28 6 98 87 41 59 62 78 24 118 116 91 3 46 123 61 70 61 40
    75 13 55 110 58 90 118 81 7 101 75 112 114 118 59 3 9 95 52 85 76 57
    83 83 99 44 18 74 56 121 96 94 114 4 102 8 67 18 76 97 29 85 75 89 6
    37 43 90 19 124 63 24 29 3 56 117 122 4 43 45 111 90 107 61 61 2 109
    17 2 52 127 87 3 15 75 60 122 118 32 108 23 115 19 94 52 114 20 87
    104 11 79 114 7 5 9 112 49 103 94 7 42 22 126 107 3 48 27 84 5 109
    77 63 16 9 30 21 109 102 37 27 112 71 123 104 0 51 6 71 68 102 73 80
    48 94 11 6 54 103 41 30 52 66 123 13 19 28 72 76 58 81 31 13 89 11
    51 50 111 120 51 103 2 84 53 126 40 20 32 19 28 124 98 88 28 28 72
    126 18 88 124 3 37 8 127 116 100 18 26 59 64 77 103 96 70 72 116 115
    78 12 10 62 121 20 31 119 82 1 50 88 101 94 95 80 66 8 78 13 23 84
    11 116 69 71 92 66 36 78 91 62 7 30 26 27 72 27 37 99 30 13 46 111
    68 60 97 81 53 74 43 31 52 16 43 45 62 98 125 23 80 51 120 2 98 102
    33 72 24 42 58 124 59 41 24 90 113 13 22 116 68 113 109 77 0 89 24
    95 106 76 33 120 86 114 121 62 97 12 107 112 74 66 30 97 5 96 61 61
    10 8 117 46 11 26 40 38 30 39 23 98 53 13 102 30 33 108 102 80 76 45
    6 115 57 105 110 39 64 31 68 105 93 99 96 121 10 26 121 17 80 80 123
    72 64 10 79 117 45 15 27 40 87 56 67 4 24 25 51 123 102 15 62 53 44
    59 24 88 88 110 101 52 5 119 9 85 32 109 113 7 29 47 69 113 37 121
    107 18 20 78 79 126 101 26 70 25 68 82 119 15 116 127 83 115 24 121
    105 51 15 117 48 77 111 103 49 79 60 86 52 118 92 64 74 83 17 98 91
    125 126 122 40 120 9 71 86 40 42 10 52 70 107 49 106 58 52 108 75 28
    72 90 96 49 123 62 118 118 101 46 112 73 61 18 91 23 7 78 8 79 127
    68 21 53 125 57 9 74 35 8 38 2 122 80 41 124 13 9 42 33 77 83 94 88
    37 27 47 75 61 119 116 80 125 45 57 26 0 121 28 108 109 73 117 29 1
    4 86 102 10 114 56 83 7 125 5 110 39 124 126 127 96 30 107 74 39 9
    49 124 57 36 110 114 85 100 105 88 110 0 114 91 71 57 12 37 37 120
    107 24 24 32 45 17 57 49 71 14 49 107 5 46 68 31 18 75 34 46 90 83
    81 110 89 7 25 67 24 110 51 117 2 62 47 67 17 92 74 91 45 96 120 102
    98 104 0 96 21 18 90 113 96 29 71 28 105 25 96 104 45 30 88 3 12 51
    11 82 0 111 97 110 18 1 124 61 102 57 62 48 41 87 123 76 84 46 55 37
    37 61 26 123 78 16 125 125 19 4 94 80 20 18 111 47 17 103 47 111 97
    40 58 125 113 56 51 49 80 113 54 66 67 75 11 13 52 24 58 14 73 112
    105 57 108 56 105 104 39 89 100 85 74 39 95 112 34 47 18 11 104 127
    124 67 72 41 120 31 32 120 35 120 126 122 12 56 46 67 11 77 51 102
    72 80 89 10 111 78 41 114 20 19 81 4 105 99 89 43 103 111 72 67 57
    54 29 33 52 79 125 100 15 56 37 54 89 22 19 88 23 23 25 96 127 61 39
    97 47 79 102 45 76 9 55 85 109 77 24 46 71 23 94 97 105 115 12 54 71
    123 92 111 62 92 94 70 2 12 55 110 25 106 83 92 72 110 81 33 9 113
    15 8 30 13 13 73 101 45 73 106 63 17 82 20 99 12 19 99 66 73 31 123
    105 127 17 17 3 93 48 126 38 24 39 48 111 56 22 59 123 108 51 5 127
    26 57 1 5 93 71 101 8 94 82 125 124 21 63 11 103 115 34 6 88 111 16
    27 99 103 1 109 17 64 65 61 86 109 54 70 51 25 24 58 120 86 9 71 34
    49 75 35 18 88 99 23 67 28 70 56 28 48 3 104 44 52 99 74 122 24 15
    65 46 72 55 22 54 120 46 35 87 30 35 83 107 69 114 81 93 50 71 30 35
    77 86 89 49 37 96 47 17 83 37 30 98 7 7 6 115 107 119 87 107 73 120
    121 49 60 112 39 111 3 127 52 61 99 43 4 20 35 48 126 7 126 59 100
    62 79 71 96 14 7 25 25 56 24 9 4 4 17 9 26 103 5 85 30 1 106 46 107
    27 12 42 32 67 24 7 11 35 19 13 125 2 17 88 26 109 98 97 43 31 7 97
    114 111 85 66 38 46 48 94 89 1 3 56 0 41 5 111 87 93 95 39 8 108 22
    104 11 111 77 61 21 103 60 106 1 36 119 38 47 61 10 37 56 35 32 122
    28 59 20 120 47 35 42 124 85 125 68 1 38 39 69 77 59 99 107 59 90 39
    87 5 49 68 4 3 63 125 66 15 110 66 114 44 106 4 37 101 0 123 82 53 9
    108 52 116 61 106 65 3 6 77 8 63 48 33 58 116 112 56 96 58 104 24 96
    3 32 83 101 69 89 12 64 93 73 66 47 63 66 118 21 119 48 95 54 105
    106 15 112 84 12 83 42 84 65 86 26 14 41 120 0 119 111 96 14 72 97
    29 17 27 86 62 103 88 87 75 90 67 24 85 30 7 1 93 81 43 7 125 24 38
    40 85 45 94 73 64 30 66 65 26 3 82 9 45 48 54 122 99 87 125 100 76
    38 98 102 7 86 120 2 31 5 48 79 113 50 47 19 80 81 36 78 8 72 71 47
    114 15 94 47 22 41 98 118 25 23 69 6 9 27 67 117 90 86 122 110 76 14
    90 84 75 36 52 1 97 40 85 85 21 56 72 73 100 117 35 19 125 11 20 1
    110 0 13 0 29 11 102 53 118 97 121 18 74 49 96 37 83 57 40 93 64 117
    8 85 121 92 71 3 28 72 118 37 126 22 24 77 50 24 44 98 26 49 42 72
    31 76 88 72 75 10 76 35 23 45 43 65 111 46 4 115 122 52 83 112 66 71
    80 107 116 58 13 66 87 50 17 47 35 105 76 58 52 34 11 118 93 104 47
    18 95 95 49 119 90 54 37 36 126 23 7 36 5 70 25 65 36 39 96 57 118
    46 15 83 16 109 56 20 6 111 50 22 103 111 126 70 51 10 27 68 26 48
    28 30 2 127 86 0 113 36 98 27 44 28 12 123 117 24 65 93 72 51 57 38
    76 36 105 44 85 125 10 76 96 107 125 15 79 1 32 36 73 66 5 79 122
    123 43 28 38 75 76 27 79 55 59 50 15 46 57 24 44 108 40 110 104 79
    95 120 65 19 43 18 30 57 48 90 71 98 75 41 121 84 102 73 76 37 29 72
    1 40 40 1 16 93 4 74 104 84 88 47 67 95 23 125 21 26 71 117 119 18
    113 76 73 40 22 50 122 23 92 64 59 115 69 72 33 41 84 108 120 10 101
    36 44 97 105 8 107 54 2 102 46 76 31 34 87 75 31 120 103 119 87 68
    96 45 109 79 2 14 108 16 66 115 125 111 106 23 113 87 78 65 2 88 54
    63 34 98 123 5 15 122 69 19 113 16 110 108 7 7 36 104 109 19 122 113
    111 111 105 54 53 31 23 127 91 38 21 63 33 15 75 56 19 39 56 85 75
    57 99 104 64 93 28 7 78 97 91 109 111 6 29 115 6 122 77 91 33 58 3
    115 22 8 17 120 114 114 109 40 32 31 87 67 83 83 86 67 17 18 0 78 42
    21 120 67 7 19 90 117 18 42 43 85 10 57 80 116 14 77 90 25 17 34 47
    97 9 73 73 47 99 91 49 114 68 47 42 68 53 18 55 61 111 65 119 115 90
    42 68 122 113 74 121 79 56 60 6 118 55 75 98 22 83 43 64 109 17 10
    101 60 49 51 40 106 97 78 52 83 42 27 71 31 34 19 77 109 116 92 109
    36 115 97 53 116 97 89 97 53 78 51 67 117 16 4 63 67 92 41 83 30 46
    96 29 24 47 26 18 43 72 113 100 60 76 125 104 29 71 11 82 117 16 3
    16 44 64 82 4 33 43 51 16 96 100 33 50 4 28 122 88 82 7 97 72 82 9
    107 58 73 122 44 95 114 42 86 24 92 10 78 36 86 50 28 121 38 2 20 38
    47 71 62 88 101 23 70 12 49 117 87 51 56 37 82 42 31 61 80 56 49 65
    62 23 91 125 106 54 60 120 50 25 97 86 33 31 65 32 4 32 23 98 86 16
    43 39 58 103 105 22 46 46 103 92 109 113 16 7 89 65 65 75 68 84 55
    51 121 61 22 121 106 117 26 21 84 59 37 111 1 74 54 112 90 125 68 49
    76 52 80 53 31 28 4 109 106 33 10 32 14 70 35 52 31 1 120 31 36 115
    33 114 79 115 53 57 3 61 2 16 61 43 5 29 60 105 122 30 90 125 98 46
    23 43 89 90 32 123 123 55 17 16 105 16 80 65 109 99 106 6 64 65 68
    51 123 115 94 127 91 53 117 120 72 34 113 26 20 60 84 110 66 89 23
    87 80 111 90 96 9 42 93 35 93 68 43 82 119 36 83 52 33 85 3 26 31 50
    107 29 48 30 30 54 94 4 99 30 100 71 80 4 25 53 110 71 70 106 121 82
    111 98 43 54 47 81 68 76 38 28 123 106 15 94 55 34 38 54 125 6 23
    108 19 66 78 56 89 81 108 92 90 44 4 70 9 119 18 77 115 51 2 32 2 70
    83 23 6 54 9 7 19 18 120 4 22 110 3 74 70 110 74 117 46 89 95 107 31
    12 120 86 55 108 87 15 53 1 66 34 96 62 77 93 6 126 45 30 69 94 27
    38 120 9 120 12 30 103 117 29 54 5 38 96 24 62 14 124 37 90 104 95
    26 10 119 16 112 41 121 54 83 88 122 93 71 32 5 34 111 48 110 22 89
    80 88 72 2 124 95 95 62 18 90 23 73 27 114 91 16 35 58 53 4 61 118
    58 42 32 39 108 73 87 76 74 124 4 52 4 116 44 116 75 4 88 117 48 5
    108 28 106 104 38 104 91 66 61 63 64 99 115 65 41 115 68 116 116 92
    117 113 103 23 88 51 121 4 93 15 34 41 27 59 49 2 14 60 113 41 101
    122 56 66 5 81 70 44 73 103 37 112 75 10 114 88 101 4 33 49 105 108
    56 111 3 47 59 59 14 50 26 79 99 122 63 88 25 39 98 8 35 87 74 119
    91 111 42 24 6 26 125 125 99 110 92 22 105 92 89 47 38 28 97 33 118
    72 67 103 94 114 65 41 50 100 91 38 3 47 60 20 8 62 77 124 31 2 57
    82 29 3 4 105 58 66 8 116 19 13 56 65 5 104 17 119 3 115 19 55 105
    31 108 85 34 1 62 79 27 54 12 34 72 15 127 84 25 83 23 20 66 30 71
    120 55 66 57 95 84 90 86 55 46 98 30 38 41 76 67 95 70 6 117 39 15
    71 63 54 17 4 4 62 16 119 4 43 61 53 71 118 40 69 20 9 34 65 52 28
    37 52 20 111 76 120 31 69 59 75 89 42 2 0 79 62 77 72 87 53 12 21
    111 21 28 58 40 77 33 53 87 15 90 31 59 123 52 34 67 63 29 60 37 54
    117 98 43 36 106 22 67 28 99 48 64 4 57 0 74 10 62 32 114 28 112 117
    46 126 9 78 1 26 48 99 79 34 44 63 121 17 79 7 118 53 52 108 115 83
    40 10 49 112 101 42 106 10 112 37 94 79 71 83 82 116 14 67 45 21 47
    109 62 119 78 40 68 121 116 106 56 57 26 100 85 104 124 27 65 112 83
    72 51 43 31 102 61 38 33 17 58 49 77 1 25 103 20 114 79 121 52 114
    79 113 57 99 84 73 22 66 96 49 81 85 41 84 76 116 57 13 13 39 91 31
    59 24 44 59 50 89 54 57 44 103 30 126 85 46 0 103 16 14 73 126 7 102
    28 14 109 96 114 56 39 105 68 80 112 41 75 114 38 69 0 59 46 84 66
    121 73 116 95 8 85 95 96 55 89 81 80 114 24 39 51 121 59 107 95 81
    44 72 20 103 98 57 17 67 116 28 17 110 32 100 116 93 55 26 96 60 35
    79 14 83 22 77 0 3 46 41 29 39 8 60 103 127 8 22 123 100 124 79 120
    91 122 46 27 0 16 78 62 2 24 105 74 18 99 77 83 65 62 17 117 105 37
    6 93 35 102 68 55 105 36 43 38 117 74 83 62 95 24 49 66 15 81 90 117
    99 28 101 112 91 68 105 33 13 82 19 29 97 28 72 91 20 37 93 58 43
    118 56 70 77 68 98 42 57 44 121 115 122 44 71 61 22 106 49 83 120
    103 120 34 79 28 16 34 27 118 36 7 113 102 103 104 53 120 3 70 92 7
    9 25 83 93 87 40 72 48 57 5 115 86 67 81 50 88 14 24 86 35 125 69
    112 30 57 90 118 20 37 47 47 73 9 17 92 110 14 123 20 107 7 111 48
    48 70 56 49 59 87 36 85 85 31 56 81 99 6 125 18 16 5 44 123 55 21 11
    38 14 111 60 62 66 57 69 9 115 9 67 56 104 0 49 17 27 23 62 101 121
    50 96 54 97 78 8 117 97 58 65 117 96 35 73 54 102 90 94 68 23 23 54
    63 119 115 77 56 69 26 121 103 0 43 120 101 77 79 73 100 126 110 17
    103 72 54 75 25 86 122 25 73 14 74 50 15 110 100 11 28 2 66 50 87 55
    121 95 119 4 27 5 89 16 66 96 114 52 23 95 106 42 108 50 19 95 67 27
    72 39 70 57 7 106 71 2 65 52 100 30 3 14 2 102 40 0 85 64 82 10 64
    16 91 2 15 86 111 42 121 68 60 33 59 112 63 91 5 117 78 31 81 14 8
    18 36 67 37 32 91 81 122 114 84 27 115 69 82 49 96 112 4 10 50 63
    104 69 22 55 53 50 72 39 58 95 9 42 127 126 46 5 77 65 22 83 82 116
    57 55 53 100 49 18 99 108 102 2 40 16 16 7 87 29 98 11 15 103 17 24
    47 50 117 63 114 25 22 28 67 111 76 76 99 63 111 64 27 97 90 2 105
    35 91 9 42 109 124 14 48 65 41 106 7 97 96 9 120 13 22 97 39 27 50
    107 19 61 83 102 16 34 26 4 93 125 96 58 75 100 110 46 98 121 42 71
    116 102 16 126 55 29 87 86 6 36 41 34 93 127 66 118 48 97 11 7 92 20
    54 42 65 41 43 10 7 74 104 48 30 59 101 67 121 17 81 56 41 96 64 36
    96 19 108 30 23 89 49 58 86 60 56 77 78 84 36 91 12 96 107 8 37 72
    95 76 121 92 18 22 29 80 112 54 75 79 57 15 63 20 75 84 22 13 4 107
    69 112 123 26 124 83 75 71 109 48 62 125 97 94 116 6 23 34 125 104
    119 19 52 124 127 92 44 117 52 31 82 123 99 80 55 68 35 5 100 85 64
    104 76 36 114 119 92 35 106 67 64 64 124 70 21 121 41 49 59 121 18
    90 89 29 34 41 34 17 10 17 23 62 101 95 66 111 88 82 45 63 95 74 122
    14 71 7 0 65 82 108 6 127 3 18 17 26 103 55 44 113 121 82 25 91 93 0
    22 112 51 98 85 107 86 118 95 8 85 72 62 71 80 59 118 65 108 13 39
    120 103 37 66 121 30 96 109 115 61 35 14 41 50 125 36 119 19 18 122
    97 111 57 74 31 53 12 121 44 107 109 113 0 0 110 56 83 58 119 81 87
    58 124 113 103 75 41 57 32 53 43 120 23 82 95 126 29 100 77 111 88
    20 62 74 35 88 102 71 56 45 85 108 1 64 12 35 83 59 57 92 83 39 54
    91 122 110 100 70 71 38 27 79 63 49 74 51 1 82 85 69 90 91 43 57 103
    50 30 68 28 22 35 98 98 116 11 95 6 97 106 55 19 111 113 91 12 27
    122 3 89 58 91 0 73 47 52 3 42 92 62 43 57 85 50 79 23 47 7 28 77 59
    33 48 111 79 119 2 26 90 52 81 27 18 74 75 85 24 69 1 60 105 40 100
    32 102 23 95 127 81 31 23 18 48 84 119 0 12 109 100 15 15 35 49 6 97
    69 24 118 61 91 39 16 65 104 89 93 14 117 121 26 72 55 44 89 88 111
    85 91 49 25 34 26 90 33 84 102 17 74 76 7 118 109 10 22 71 63 8 76
    100 2 90 105 66 17 72 49 127 26 96 102 44 74 12 25 73 10 100 123 113
    110 72 7 92 123 50 13 104 3 15 49 70 38 71 97 102 97 98 114 10 16 13
    38 59 85 110 109 21 90 94 87 92 31 78 88 19 118 11 12 84 34 29 10
    115 5 69 57 116 101 110 109 68 126 83 88 18 120 71 103 90 105 5 79
    124 54 65 52 5 58 16 52 58 80 121 32 32 99 87 112 22 33 56 47 91 69
    92 36 1 24 74 38 51 13 124 74 121 36 79 83 9 118 47 91 21 3 1 54 118
    25 116 37 14 22 70 42 124 91 90 48 113 17 11 34 45 7 13 51 63 44 49
    83 122 86 10 97 111 1 97 95 78 2 67 2 108 46 4 81 31 42 95 87 13 62
    55 28 45 121 106 123 52 113 21 50 126 56 28 41 20 104 39 95 45 114
    65 62 69 57 10 80 53 13 6 116 89 92 51 22 70 80 120 111 63 72 77 36
    119 8 46 10 101 89 60 88 28 124 72 93 0 24 68 50 90 101 24 101 69 78
    61 5 31 22 77 103 93 91 103 10 81 101 106 88 34 1 13 47 11 72 14 29
    19 126 96 52 74 82 17 12 59 24 33 124 25 58 52 112 75 96 53 54 44
    123 99 37 25 117 105 23 112 3 2 54 37 58 127 37 120 8 29 38 81 70 77
    49 66 34 26 58 73 109 86 31 23 102 72 77 124 48 46 88 17 32 53 71 30
    26 75 6 19 9 19 9 118 3 13 18 61 39 1 16 26 83 56 105 50 1 61 23 6 0
    52 87 59 121 41 109 19 91 98 64 77 60 25 127 47 45 126 7 85 50 5 89
    62 62 117 64 24 32 110 100 34 20 82 11 13 33 109 25 74 121 5 24 72
    126 125 102 68 39 110 24 57 30 105 27 1 28 127 125 0 107 58 7 45 53
    124 92 54 88 0 90 125 68 106 37 108 66 45 15 3 46 82 108 74 43 114
    76 24 61 115 104 61 87 92 9 114 123 41 63 33 79 48 46 33 42 97 92 83
    32 0 50 57 19 84 82 108 125 95 11 2 0 92 2 72 57 81 125 49 29 34 74
    19 31 84 106 106 23 17 86 53 109 60 115 116 114 52 107 126 60 103 19
    92 22 23 96 110 17 29 94 80 101 86 120 101 46 84 52 5 89 71 80 26
    112 102 3 44 10 22 84 87 125 107 114 57 108 111 28 17 18 2 74 14 113
    115 50 54 90 16 72 65 96 111 46 35 49 112 80 124 88 6 57 99 89 78 48
    82 7 74 83 117 0 113 31 59 72 75 96 88 96 103 35 7 99 34 75 59 2 99
    41 114 113 23 101 125 50 48 93 123 96 0 74 34 75 26 124 90 23 8 12
    27 61 41 78 116 88 100 15 107 58 116 93 54 78 95 53 39 76 98 17 54
    53 38 33 29 25 52 16 31 65 84 79 79 35 82 126 56 50 109 92 39 28 36
    18 0 48 83 87 47 16 56 23 69 36 51 32 76 91 86 5 84 30 78 35 38 34
    33 114 68 41 103 63 57 100 102 12 117 101 96 48 40 120 86 61 31 88
    103 114 32 25 10 3 2 35 63 113 53 91 17 104 12 20 112 49 45 34 46 95
    21 95 36 60 32 78 121 37 66 50 83 116 29 126 21 70 77 65 93 58 23 50
    115 115 80 37 82 2 38 25 126 80 12 113 61 107 0 37 32 56 86 86 42 31
    84 42 33 92 106 20 101 39 65 92 114 85 28 10 88 20 74 43 80 24 84 35
    1 126 91 67 74 88 28 60 9 18 103 118 34 61 82 127 38 89 60 6 85 13
    70 81 36 5 92 32 87 110 19 31 89 56 57 123 75 36 71 118 101 11 99 43
    100 102 120 74 113 47 73 81 13 83 90 99 109 75 43 38 97 56 56 104
    117 59 99 3 41 114 54 102 32 104 34 96 72 3 76 50 89 82 127 99 78 58
    126 81 92 60 73 119 75 102 16 100 15 1 6 45 28 33 90 64 4 27 22 38
    28 117 52 127 16 64 91 124 95 38 78 9 9 63 125 58 50 65 30 126 41 87
    24 116 0 126 43 25 9 95 125 64 96 64 101 48 30 15 3 34 50 121 24 22
    127 121 77 87 108 15 103 56 20 87 91 2 62 67 41 11 45 94 77 48 127
    77 87 35 29 44 117 109 93 72 60 80 58 7 95 122 15 27 73 30 113 101
    77 23 91 44 13 100 26 2 123 124 60 72 6 4 84 52 71 118 19 109 56 31
    14 50 15 94 91 99 44 62 81 66 104 65 54 112 31 6 77 118 86 18 81 99
    52 1 37 56 1 27 82 41 10 104 40 77 58 52 87 22 94 105 87 27 127 118
    117 114 31 49 51 103 7 87 58 99 20 101 104 38 82 69 84 53 125 43 7 7
    62 46 52 62 95 74 76 53 29 106 12 36 19 118 87 30 15 32 7 55 61 125
    105 113 45 34 110 15 60 30 14 38 61 59 75 95 122 2 117 70 59 18 17
    37 66 83 20 44 30 80 123 66 94 86 109 58 95 86 101 35 22 36 19 52 38
    95 34 104 122 126 42 105 43 52 19 63 94 16 28 73 8 91 107 96 46 62
    100 100 84 19 72 106 11 107 38 91 85 101 120 114 106 66 96 77 107
    102 85 82 33 79 5 59 45 25 115 65 64 123 87 53 60 23 104 127 26 48 7
    76 31 118 1 98 127 21 60 117 74 35 37 38 14 17 80 125 111 33 91 25
    88 116 5 78 93 63 116 84 2 56 60 106 99 47 56 22 8 71 102 16 36 81
    49 88 13 14 95 8 96 103 47 20 123 82 18 28 30 85 112 59 35 64 105 23
    72 48 44 63 56 24 78 71 75 67 70 11 47 118 16 57 42 44 10 96 62 11
    38 122 14 49 102 77 15 37 49 113 84 23 36 12 54 53 3 44 32 64 17 11
    80 57 89 90 103 78 49 47 38 88 103 37 117 68 93 29 16 112 96 93 93
    49 59 119 90 17 4 74 53 121 36 17 41 45 61 59 83 82 18 16 22 59 108
    31 13 92 52 45 42 65 2 1 44 57 39 110 75 101 67 71 22 114 106 38 70
    25 29 110 76 48 104 113 12 13 13 121 24 124 77 88 59 64 5 122 92 61
    54 78 34 98 81 110 49 0 88 97 6 106 45 114 92 76 38 80 93 41 48 107
    61 93 73 4 116 18 19 82 100 9 99 36 104 118 51 110 114 24 79 110 70
    79 36 105 65 108 96 100 36 50 22 110 45 119 70 77 48 109 44 77 48 58
    103 0 30 32 92 44 27 44 33 33 28 97 3 77 82 44 10 68 3 69 102 58 102
    69 55 22 22 49 63 12 110 37 13 18 67 65 38 109 57 88 89 19 23 19 127
    92 44 73 102 1 27 46 109 25 94 3 102 85 12 67 100 97 92 59 33 61 55
    63 82 87 123 22 47 31 94 90 124 41 112 5 73 29 23 117 99 19 78 66 90
    27 20 104 96 62 111 53 76 28 38 13 72 80 65 39 50 94 98 116 125 56
    117 123 17 127 88 51 124 42 4 33 53 10 107 94 38 28 103 97 89 90 83
    70 82 42 94 110 37 88 7 85 86 126 32 25 116 97 116 27 117 43 70 59
    20 73 23 70 52 63 73 36 77 43 49 113 126 13 0 36 99 28 79 93 20 50
    41 23 39 16 20 53 62 87 27 94 47 41 95 77 74 46 121 15 122 23 45 115
    103 82 99 39 11 65 122 17 113 122 37 97 71 117 104 70 127 2 25 45 59
    39 20 90 10 20 8 25 80 123 18 47 55 126 47 14 12 98 89 34 10 127 84
    13 118 8 52 121 64 31 124 30 5 22 9 115 75 27 91 2 1 13 63 30 85 110
    37 58 40 113 0 87 39 17 51 7 28 10 51 94 66 30 121 96 123 122 55 120
    64 73 43 113 126 63 89 86 118 86 106 124 125 94 14 11 31 122 126 78
    20 28 41 77 106 23 29 123 84 12 107 104 66 88 82 122 113 44 11 3 78
    26 9 84 56 105 90 126 30 59 75 125 106 104 54 74 55 21 24 3 56 74 38
    105 124 34 0 39 46 64 32 55 6 103 83 29 49 110 44 120 109 28 121 69
    64 48 72 110 5 70 21 98 20 57 53 59 112 14 6 125 77 70 113 51 49 43
    26 75 72 28 43 88 43 22 74 29 126 59 62 15 18 15 94 43 44 29 109 22
    90 4 36 96 27 92 42 44 1 97 83 107 72 92 41 13 80 81 74 4 121 16 72
    125 35 35 82 94 39 107 5 123 123 7 8 54 37 14 75 100 104 81 3 117 14
    39 71 37 50 119 25 51 53 39 11 65 19 89 49 15 88 18 109 92 65 7 15
    56 106 46 90 109 91 95 25 24 5 18 30 102 37 97 98 42 111 0 16 8 45
    63 103 108 61 16 0 8 64 49 102 86 87 60 66 97 1 50 57 96 29 59 84 91
    50 15 53 39 127 122 30 47 101 2 86 115 87 88 85 101 55 74 91 109 38
    70 99 78 67 111 103 118 11 44 95 81 118 3 120 17 96 115 70 50 24 15
    60 71 0 67 124 87 22 113 9 90 45 119 89 41 41 36 42 75 45 41 81 6
    110 22 65 123 108 109 55 56 89 110 48 40 16 119 119 99 2 107 111 37
    78 7 4 0 62 85 31 61 36 105 76 88 115 0 76 49 38 50 95 71 46 2 118
    16 108 118 27 39 111 105 100 122 118 6 20 111 37 68 29 116 82 48 113
    22 41 84 21 60 20 8 96 78 31 50 17 1 84 52 125 118 119 115 85 82 52
    127 122 9 120 16 57 56 64 66 113 22 64 10 85 98 91 105 81 12 74 86
    77 25 102 26 93 126 24 123 28 6 116 63 72 71 94 71 39 10 28 68 105
    49 36 41 44 21 31 19 59 106 109 99 10 112 107 67 86 9 12 127 11 97
    31 123 27 96 127 72 57 48 42 98 111 27 114 85 60 127 101 108 43 91
    80 112 121 91 73 22 71 60 63 5 62 5 89 97 30 14 122 71 118 49 89 56
    76 78 18 111 39 5 45 88 44 82 42 84 25 80 118 44 92 67 11 93 125 90
    117 50 58 37 94 45 80 21 125 14 59 7 34 40 115 93 99 92 19 43 111
    104 19 44 123 67 8 59 74 107 114 36 115 9 108 51 6 8 82 68 91 7 43
    22 67 120 40 59 109 126 99 44 78 67 24 87 4 120 88 66 43 0 33 39 95
    73 119 92 30 72 12 31 14 4 29 113 18 91 23 30 41 85 22 78 10 21 97
    27 70 72 24 70 30 111 2 39 26 32 13 81 127 0 71 123 87 15 3 13 39 9
    7 109 2 114 85 49 9 47 82 0 101 79 121 124 50 40 56 42 18 94 59 43
    76 2 67 4 107 55 83 19 62 90 114 96 62 7 94 7 108 103 66 92 57 56 79
    99 120 26 121 24 50 71 126 18 11 31 1 77 70 14 85 1 49 99 63 65 85
    63 1 19 111 13 104 6 85 93 6 28 65 57 70 5 16 81 96 89 55 76 43 108
    70 79 12 120 14 106 120 4 30 86 65 123 71 107 50 91 45 71 15 55 17
    59 29 4 50 2 52 91 26 111 76 39 63 18 32 69 55 91 34 23 17 6 102 127
    15 0 19 119 96 101 80 34 14 43 15 85 7 80 72 76 114 100 27 113 27 15
    114 38 124 14 37 32 61 41 6 12 116 15 100 104 74 22 55 0 22 22 87 15
    56 70 17 6 115 15 124 6 79 116 51 71 51 99 110 49 45 52 120 11 115
    58 94 19 64 42 49 8 78 127 123 109 58 80 104 70 119 2 92 11 73 76 59
    42 71 40 76 29 32 32 25 116 10 73 49 118 59 74 60 125 64 12 127 53
    102 118 5 100 112 96 122 43 34 89 119 116 126 19 87 98 96 22 16 118
    73 89 119 7 69 5 37 26 42 49 1 35 38 37 114 8 19 38 63 11 28 50 46
    39 95 67 44 4 68 88 89 46 27 72 99 126 49 31 44 59 102 69 26 81 15 9
    94 34 77 98 85 103 102 89 28 121 56 110 27 98 37 32 65 19 9 106 60
    65 28 45 23 30 62 23 78 61 42 32 71 30 74 37 28 7 123 79 100 69 78 4
    114 108 51 44 32 109 126 97 61 6 92 62 36 68 48 51 89 40 17 16 93 12
    81 81 121 44 29 14 110 0 70 106 1 85 89 17 77 12 0 81 41 25 58 126
    94 39 116 57 47 36 29 0 70 87 110 30 32 57 102 43 111 89 19 99 36
    104 20 92 68 114 33 90 48 84 5 76 48 67 26 24 94 125 37 104 17 90 24
    64 70 96 21 111 76 124 17 86 120 117 49 120 9 12 118 79 9 113 41 23
    31 9 22 69 100 112 80 98 5 50 85 63 30 121 93 32 62 57 110 50 103 72
    76 52 111 58 92 3 27 15 109 7 42 108 82 122 42 26 67 33 53 6 50 13
    35 72 72 14 29 48 29 61 10 125 13 124 38 123 109 19 59 107 63 1 49
    14 110 45 103 113 45 73 115 81 44 120 125 126 84 97 125 20 127 44 15
    55 9 26 66 102 75 112 67 22 31 113 127 60 54 119 66 53 115 122 38 46
    34 121 0 67 19 54 41 94 83 88 125 98 78 74 0 40 98 52 69 51 120 29
    99 112 108 76 59 59 63 21 111 31 50 109 123 43 13 53 39 124 47 70 54
    116 27 117 89 0 51 48 108 34 24 17 18 15 20 126 112 123 107 5 94 109
    116 120 26 56 105 90 51 92 2 44 59 90 78 95 92 57 125 90 68 78 34 16
    17 72 109 45 76 81 73 104 65 96 46 60 102 15 68 82 109 100 73 51 18
    51 27 29 102 119 74 123 28 1 59 62 27 87 74 25 63 32 106 98 63 52 70
    37 53 53 16 3 20 39 56 69 33 102 82 104 62 78 43 31 32 99 53 122 95
    103 5 115 94 18 46 5 86 104 19 64 85 12 108 55 71 37 62 99 97 1 97
    51 69 124 27 89 117 96 33 17 4 7 33 81 62 1 27 82 17 110 68 116 122
    46 43 18 8 52 28 25 127 38 111 3 60 126 34 89 4 123 94 2 112 7 78 30
    110 13 27 5 59 73 99 73 37 124 120 22 100 40 42 74 54 90 70 22 83 77
    119 90 22 0 104 81 78 28 56 19 56 45 75 127 43 37 84 4 109 17 92 30
    34 113 12 85 74 102 12 57 19 58 107 84 118 119 122 122 6 21 25 3 78
    110 40 97 74 59 20 89 31 122 114 15 24 33 11 25 5 122 67 105 83 97
    40 77 122 38 83 95 86 103 120 83 126 41 26 63 70 117 37 95 30 113 14
    107 112 11 21 3 110 70 80 26 65 39 68 71 80 117 17 52 76 76 89 35 95
    77 99 89 24 88 66 58 28 95 95 102 30 94 23 115 3 50 23 38 68 100 68
    59 9 30 35 43 15 49 41 31 58 60 54 102 124 102 102 28 69 114 113 22
    93 55 113 110 107 27 50 55 2 118 125 95 9 104 46 34 84 12 41 24 100
    7 99 44 104 54 117 117 113 105 115 10 4 117 53 61 13 31 114 70 51 46
    5 95 31 92 59 94 2 89 13 0 127 18 80 92 126 76 76 125 15 64 18 40 34
    98 96 59 46 54 35 38 46 45 16 12 7 110 58 96 126 74 115 19 58 18 89
    112 33 70 87 57 2 64 75 123 122 37 120 114 126 72 22 112 71 33 55
    118 12 111 2 35 30 41 82 85 101 114 71 56 34 114 112 70 52 19 25 39
    37 55 7 78 46 65 115 52 79 88 3 32 100 85 53 2 92 81 111 93 121 24
    25 17 103 84 80 125 55 81 98 51 37 74 77 74 105 2 109 47 46 121 25
    80 36 43 76 62 101 112 126 75 18 42 48 71 8 69 79 45 22 15 75 110 69
    32 84 94 64 24 102 61 22 64 104 80 55 30 79 69 3 16 25 116 95 110
    112 35 106 15 14 53 71 27 73 114 3 26 33 15 114 34 55 67 90 16 84 25
    21 123 111 118 37 40 101 77 65 0 10 82 123 36 91 51 92 122 3 100 96
    16 55 74 82 107 73 62 2 63 0 122 103 108 119 91 110 4 111 81 68 50 3
    115 19 21 69 127 9 90 15 105 33 112 62 5 107 7 77 84 105 69 103 22
    18 33 18 112 61 41 71 58 98 48 15 41 40 72 34 92 42 44 25 41 77 34
    107 99 16 83 115 87 0 35 21 86 101 19 119 28 9 64 41 58 118 25 2 112
    121 29 95 46 98 99 33 121 63 30 40 9 36 47 92 124 63 102 67 36 110
    37 106 82 23 71 13 82 87 8 19 115 125 119 13 124 47 33 58 47 60 14
    74 80 100 17 18 22 45 29 19 116 73 89 83 22 91 39 116 105 83 1 127
    27 109 104 36 82 116 73 33 1 60 119 22 83 84 57 38 4 115 20 30 15 38
    85 31 126 44 26 123 126 99 67 66 109 69 80 119 125 59 48 30 19 46 48
    81 8 90 88 78 100 8 37 17 41 125 69 58 127 19 43 9 119 32 45 48 43
    74 3 90 48 71 24 97 96 7 106 92 19 76 19 109 105 10 120 101 99 105
    37 48 65 2 25 15 125 25 94 68 44 78 38 82 81 73 8 69 27 85 101 53 84
    98 116 34 82 59 60 114 14 124 2 104 13 27 28 40 6 68 79 52 92 35 75
    24 92 47 122 7 61 59 73 111 106 67 53 126 27 86 125 7 104 40 107 53
    57 73 1 18 59 62 78 32 6 115 25 20 119 64 122 47 62 94 76 123 6 42
    90 118 38 117 85 83 2 57 100 18 118 108 117 102 80 90 52 29 105 54 4
    55 28 0 48 77 65 55 77 29 114 100 64 19 35 45 80 113 41 17 95 54 5
    66 9 24 13 46 85 86 65 21 119 34 31 89 22 108 117 14 3 118 111 15 30
    59 115 7 6 105 8 33 64 23 68 59 73 32 33 85 92 66 106 87 21 5 33 74
    74 56 81 69 62 36 14 33 102 111 97 83 47 124 43 120 34 61 74 24 115
    107 34 61 15 63 110 67 77 117 123 45 3 50 88 10 92 39 65 97 69 84 65
    121 41 76 106 115 62 90 24 42 54 100 84 97 81 6 122 45 39 114 55 0
    114 35 3 49 100 56 24 74 122 17 26 4 33 45 93 83 84 76 103 55 0 50
    99 99 109 107 15 67 69 99 43 75 34 77 105 89 61 83 106 65 110 80 92
    51 106 19 91 124 69 97 122 115 87 33 37 55 109 79 18 61 35 93 59 80
    118 62 125 70 47 73 48 78 30 113 28 59 83 41 70 82 77 99 120 37 35
    127 85 92 48 103 121 55 30 104 45 1 39 40 100 32 0 115 100 123 52 61
    32 50 97 93 97 89 30 30 0 69 49 113 11 91 113 68 2 45 29 55 120 102
    100 53 74 81 11 77 91 24 43 100 102 101 6 33 113 43 4 4 0 124 28 46
    93 50 22 12 109 13 115 105 79 40 64 68 4 77 76 10 60 104 10 0 110 19
    74 42 39 5 50 68 112 53 50 106 101 16 31 21 41 84 8 81 30 19 110 101
    30 44 71 27 60 105 98 5 90 85 93 102 117 115 56 31 111 1 106 54 89 5
    69 36 55 33 65 44 43 55 52 126 6 7 3 56 49 63 4 51 112 89 40 3 13 45
    46 110 82 94 82 44 35 10 106 125 122 0 73 39 88 44 126 44 67 12 38
    37 120 85 51 20 27 110 74 48 73 126 110 85 81 90 37 98 12 45 88 113
    77 3 122 28 55 21 7 30 105 15 114 33 5 56 53 87 62 98 109 116 87 23
    69 16 59 43 37 78 55 119 119 77 25 104 17 36 91 87 85 70 85 5 120 10
    40 43 100 117 38 81 53 56 97 46 120 38 65 105 51 50 110 105 84 124 8
    59 31 84 5 71 48 25 29 74 44 124 51 80 74 58 13 79 2 79 42 11 25 16
    124 40 100 62 94 99 51 8 3 8 95 19 102 26 33 24 64 86 21 69 64 0 35
    96 9 59 89 79 61 76 93 57 109 76 72 75 96 58 6 41 98 58 36 0 22 0 23
    75 127 32 1 96 18 98 92 31 22 45 65 7 110 89 106 5 9 73 115 108 65
    51 59 57 62 40 81 85 26 50 43 11 40 103 95 32 63 109 102 82 106 71
    123 48 97 59 58 64 18 122 112 107 26 93 107 107 59 18 105 107 75 67
    5 6 51 85 115 97 84 90 45 27 3 91 101 68 108 98 113 101 70 60 100
    111 108 1 83 86 126 2 26 52 114 105 83 75 62 110 80 31 16 11 48 74
    85 74 117 86 65 79 43 39 92 67 50 74 5 47 112 80 52 122 113 15 28 27
    43 93 98 91 94 124 11 104 126 82 111 50 32 4 76 121 105 43 117 88
    109 25 80 38 16 46 12 41 74 17 102 124 8 116 1 14 1 32 40 21 15 80
    97 63 93 95 74 57 68 41 83 113 52 118 31 8 34 117 34 23 15 4 4 57 83
    94 123 19 93 124 84 110 27 127 121 98 47 55 54 79 120 27 36 12 89
    115 45 96 94 58 47 47 37 71 113 19 3 51 113 75 65 85 112 19 33 125
    39 29 43 69 108 112 9 123 121 58 36 53 101 124 57 37 22 98 19 42 61
    17 1 87 112 122 54 115 44 81 27 89 112 43 34 17 53 9 31 26 85 96 19
    101 77 75 112 55 47 9 42 57 95 66 86 25 14 58 10 13 92 10 20 63 50
    58 15 112 87 90 104 21 51 126 105 115 70 44 106 126 76 105 54 64 97
    41 39 71 93 10 77 4 57 58 3 97 21 35 83 31 67 121 91 84 43 118 11 90
    104 64 57 38 95 71 64 100 28 34 51 54 40 92 76 124 72 7 61 86 19 93
    116 123 50 43 40 17 6 8 33 15 104 108 52 14 35 5 15 30 105 60 71 80
    104 44 120 52 127 36 107 125 90 119 32 48 117 39 126 20 74 40 43 4
    54 118 89 8 100 8 47 5 80 110 27 120 86 73 17 120 39 69 125 3 25 21
    125 35 66 50 21 46 7 119 28 20 47 114 63 97 59 77 53 60 71 92 74 53
    86 104 19 60 80 62 23 61 14 89 20 35 27 91 57 15 100 107 83 27 44
    101 77 98 49 89 26 24 82 91 105 34 60 102 41 60 58 104 74 120 105 46
    120 55 11 69 38 110 17 74 86 40 107 29 31 11 75 82 91 36 22 111 61
    49 85 34 40 38 63 24 35 121 97 89 17 19 117 35 71 50 110 91 28 107
    59 44 33 52 108 60 27 112 25 125 42 28 71 82 103 39 117 123 72 84 73
    61 102 0 1 50 105 93 94 46 102 59 81 83 31 47 108 23 22 35 95 49 49
    0 32 23 61 38 94 124 21 111 103 18 124 67 101 17 89 116 107 91 86 48
    73 88 3 20 47 111 74 84 110 104 0 8 116 79 6 41 102 8 108 45 6 62 43
    55 53 69 51 82 72 114 37 108 103 7 104 4 125 126 64 107 14 70 121 21
    67 75 67 114 39 88 48 49 9 79 125 7 100 106 44 60 104 105 18 111 36
    100 27 5 51 81 10 96 102 81 79 93 40 7 2 88 37 45 50 76 62 116 11 80
    41 35 62 85 27 33 65 58 2 10 94 103 87 97 88 39 109 122 11 116 3 81
    118 119 112 95 92 97 85 106 17 41 3 112 111 89 0 106 8 83 5 62 17 34
    106 94 4 109 87 113 73 0 29 76 88 49 61 100 76 102 116 116 64 42 40
    107 113 44 59 65 6 51 5 90 18 74 47 91 19 0 10 41 6 63 54 93 33 34
    72 74 96 53 12 54 114 45 24 91 15 23 45 96 0 4 7 17 114 71 67 95 87
    58 37 32 34 44 78 43 35 10 86 124 74 2 100 104 77 115 20 48 15 85 94
    71 30 45 55 60 51 12 95 69 69 102 49 104 95 28 96 32 96 1 86 118 106
    127 13 10 66 99 68 77 10 24 63 52 23 126 66 87 31 0 43 39 45 40 38
    45 24 84 26 87 91 99 92 52 105 118 4 100 125 95 57 94 7 91 65 36 123
    90 126 104 57 96 90 1 102 20 30 125 27 78 26 92 86 114 1 64 79 40
    114 50 74 45 47 125 44 120 51 126 116 59 2 35 30 106 125 55 97 74 21
    22 109 88 107 65 61 101 114 34 120 18 95 115 63 44 106 46 98 66 35
    63 125 39 77 64 34 126 24 52 14 63 38 90 108 50 124 68 60 78 42 48
    65 58 58 14 5 0 33 16 40 125 83 2 71 31 70 43 28 80 53 121 4 22 107
    90 70 21 105 86 19 44 111 61 113 100 14 79 15 91 23 52 50 0 119 78
    17 94 10 73 48 21 15 126 32 32 105 63 70 42 118 36 117 25 0 97 86
    112 86 101 101 21 89 82 60 57 101 90 121 33 108 3 47 62 108 96 96 84
    37 121 115 89 86 77 123 63 63 124 64 89 122 6 84 28 89 83 41 84 101
    72 92 77 60 94 19 103 115 61 23 28 114 89 17 51 104 94 98 21 16 46
    74 91 44 21 20 75 102 79 88 18 27 19 16 6 4 30 64 125 115 75 126 47
    36 89 127 82 20 127 97 44 53 26 97 28 45 66 30 32 60 107 43 18 6 122
    47 36 7 69 31 52 92 127 108 95 32 97 95 43 91 104 104 40 1 105 26 75
    72 118 95 56 19 37 4 67 38 114 45 68 117 63 66 101 54 38 58 106 11
    37 57 97 13 44 19 46 14 51 121 90 22 54 109 2 66 112 6 107 70 84 115
    93 117 25 32 107 16 59 49 52 79 66 66 41 74 102 123 30 50 37 71 18
    103 55 84 16 86 72 22 77 15 54 92 127 23 23 42 20 87 37 66 52 18 17
    78 70 91 42 120 27 83 52 114 4 39 122 67 112 95 105 22 120 72 86 121
    59 94 45 125 0 60 102 111 0 75 76 113 2 59 34 80 14 96 86 15 68 94
    125 29 104 37 26 113 68 111 95 61 72 80 120 25 81 38 44 98 103 96 76
    104 46 76 75 125 90 74 50 5 110 46 20 109 82 93 17 105 38 6 53 35 79
    74 102 107 87 60 34 85 73 85 104 58 44 0 51 36 29 19 61 92 40 118 50
    77 120 54 112 53 116 62 39 9 24 115 99 77 113 48 91 55 79 29 87 59
    91 67 18 76 37 4 47 126 30 4 6 20 52 64 105 123 13 8 85 107 7 1 1
    112 33 52 116 5 126 46 19 13 65 120 61 69 124 85 52 18 65 124 71 22
    28 127 31 79 82 66 51 99 97 7 10 71 62 91 34 30 34 85 70 63 85 55 66
    49 70 122 112 91 44 49 44 40 63 59 93 60 53 20 49 77 68 62 111 6 45
    104 52 98 109 85 42 18 103 96 95 63 95 72 29 33 104 71 36 88 99 105
    14 57 46 96 94 80 80 67 53 53 26 106 114 97 56 21 123 18 6 19 75 96
    12 1 99 45 60 61 26 78 72 62 0 71 31 36 14 111 55 105 86 81 104 102
    29 126 90 63 88 10 64 1 21 105 19 95 76 100 103 27 115 35 58 61 106
    30 118 29 44 78 8 13 66 71 116 54 22 52 118 35 68 75 123 32 12 3 17
    49 27 90 71 3 99 104 124 111 82 25 97 20 74 36 0 30 83 33 8 29 46 36
    94 50 38 22 114 15 49 114 8 73 109 115 38 59 60 30 104 117 52 108 20
    122 42 97 75 84 14 95 15 79 114 2 17 0 13 83 121 24 55 69 85 62 59
    45 95 3 20 27 45 118 88 10 62 56 121 105 94 14 71 39 33 67 95 53 53
    13 101 70 7 85 45 114 126 44 113 23 77 75 8 69 53 78 77 67 118 127
    96 14 20 88 125 76 23 105 113 12 42 93 108 125 124 116 87 23 74 64
    112 81 28 111 56 99 87 96 42 40 116 87 91 110 85 124 51 74 56 65 87
    75 49 20 94 123 8 7 27 30 96 14 23 105 46 37 21 77 64 111 59 109 62
    1 42 62 98 66 74 121 33 100 20 120 2 123 14 70 64 98 50 51 43 67 71
    27 54 111 78 33 115 41 125 15 24 114 5 116 51 115 112 43 113 16 82
    46 31 54 36 108 23 100 49 93 21 96 127 93 26 72 49 114 60 107 17 109
    0 31 119 18 17 110 58 34 68 84 112 14 103 47 24 99 21 106 109 90 53
    96 60 80 114 117 108 11 95 35 0 9 30 54 72 92 20 16 97 40 127 70 108
    125 43 97 108 127 67 91 4 111 60 54 40 12 108 53 28 24 124 77 33 48
    15 102 37 11 119 124 124 94 54 127 18 78 17 119 85 100 121 26 121 95
    57 19 12 100 109 92 0 100 19 109 56 63 20 105 45 29 28 72 81 81 12
    51 12 56 124 84 34 104 50 68 124 122 58 42 4 38 108 70 11 40 13 22
    26 11 53 16 97 82 88 119 121 34 28 117 66 14 12 24 53 85 79 52 120
    16 102 32 3 17 110 93 103 93 54 14 56 67 98 82 13 41 10 67 4 11 42
    42 94 29 5 64 50 74 15 110 114 64 3 116 77 93 38 28 28 81 56 18 125
    70 115 5 48 124 3 27 63 108 71 45 56 85 126 91 118 3 71 41 121 33 50
    99 34 26 58 22 78 24 16 67 99 104 125 73 109 11 47 110 126 105 6 78
    46 52 102 124 115 0 90 107 31 105 27 2 5 2 38 79 56 68 47 81 67 111
    20 101 59 43 59 22 103 116 18 36 98 79 32 20 72 115 65 53 20 84 49
    55 94 114 78 28 31 124 72 41 95 88 26 115 63 39 84 116 98 7 18 60 70
    84 28 49 53 102 126 71 97 105 60 92 72 24 112 86 68 72 33 30 85 75
    109 9 100 85 37 35 31 88 55 60 60 126 18 28 87 121 83 88 62 114 34
    27 98 3 65 55 71 58 72 94 17 24 64 63 0 2 12 2 65 121 65 25 103 35
    106 36 16 5 41 20 87 10 107 5 56 120 67 126 36 104 90 0 83 84 112 71
    81 43 69 21 71 56 0 77 74 15 13 110 65 48 109 19 41 29 67 58 65 75
    41 5 43 82 86 15 94 31 115 49 14 1 84 111 23 11 50 84 47 119 123 19
    42 72 33 103 86 25 108 107 96 60 2 17 35 114 104 107 120 100 4 69 4
    77 90 116 105 24 15 91 19 12 9 98 40 75 33 59 10 109 70 77 68 10 110
    80 36 60 21 22 99 27 62 47 20 10 126 105 123 122 14 101 101 18 127
    67 120 36 14 54 9 82 72 61 56 119 5 70 70 13 56 80 92 15 69 117 100
    83 22 48 70 95 41 48 107 111 82 9 32 14 42 78 53 75 91 33 121 53 34
    111 20 17 41 68 35 60 6 12 26 97 2 116 119 20 10 103 124 117 19 46 3
    82 32 69 66 112 6 41 11 118 30 16 80 103 1 101 55 48 41 75 117 33 62
    27 79 49 57 25 6 59 69 91 91 120 22 70 70 46 83 67 79 82 40 17 15 50
    71 123 7 67 73 100 41 119 63 79 120 76 102 20 29 85 68 12 26 4 83 88
    90 64 64 122 59 78 8 72 98 21 119 6 53 66 17 103 19 17 72 124 1 115
    46 102 5 115 18 104 103 11 87 15 19 62 102 11 70 19 50 108 71 126 76
    45 32 53 109 111 15 120 110 112 5 96 124 28 47 15 118 109 28 125 76
    74 57 102 57 112 49 94 38 89 125 60 37 50 49 32 47 41 25 99 25 102
    49 104 24 49 42 27 38 39 53 77 65 115 22 68 28 22 34 69 62 122 113
    98 25 101 50 66 106 30 82 62 105 127 64 79 2 18 71 42 38 17 27 127
    102 47 59 68 28 34 50 89 70 5 103 124 113 59 106 88 87 109 48 28 12
    9 115 8 87 100 126 23 94 70 125 122 54 14 87 83 49 119 68 83 12 101
    64 85 0 8 74 10 56 77 44 4 67 113 16 103 12 69 127 100 109 105 68
    120 116 115 111 99 39 31 126 90 119 52 26 35 18 76 12 97 92 35 12
    118 87 108 23 36 2 47 77 93 116 92 48 84 77 5 74 121 66 4 90 103 40
    10 2 75 83 40 18 97 75 93 41 63 37 116 109 31 16 10 12 61 114 59 19
    68 123 1 31 19 22 24 17 4 87 110 70 98 36 56 24 34 35 51 2 103 21 16
    5 4 114 2 122 0 117 16 47 115 74 102 75 101 27 109 63 59 50 112 7 65
    95 116 107 48 104 77 121 46 76 38 11 8 23 9 50 122 91 60 13 40 120
    125 21 117 5 8 59 41 84 19 99 9 85 62 1 42 46 29 94 118 61 58 40 30
    113 42 49 61 25 34 48 10 95 121 46 91 57 70 48 30 55 52 25 46 61 12
    124 74 0 107 1 127 5 25 70 33 8 91 73 100 44 75 82 65 102 11 51 51
    34 101 90 81 19 12 118 72 34 90 116 44 78 23 5 32 50 81 53 84 89 126
    82 115 85 90 36 9 35 99 80 67 41 4 35 46 120 70 40 115 43 1 29 8 13
    103 44 60 61 118 72 47 16 82 60 106 126 29 2 13 47 63 49 44 114 106
    14 29 50 0 36 52 124 1 45 100 93 109 27 83 7 82 9 107 68 60 11 63
    115 47 120 10 4 87 44 90 109 28 50 31 91 66 13 89 76 41 84 108 72 6
    4 62 62 18 8 79 121 118 122 84 72 33 81 118 21 87 96 19 105 107 9 92
    39 110 8 118 0 76 75 82 68 125 120 27 34 3 47 51 44 29 46 49 113 122
    12 114 49 7 45 99 6 48 95 26 89 49 17 7 70 68 91 95 1 36 12 41 12 8
    110 24 57 19 74 69 63 15 12 23 62 92 21 77 51 116 29 36 31 42 95 24
    5 77 71 74 11 79 33 52 32 111 77 32 81 23 67 13 123 59 106 1 90 75
    123 76 111 4 44 12 118 75 6 101 114 65 118 115 98 18 19 94 86 22 66
    64 99 20 65 110 114 31 22 36 100 90 35 65 29 95 12 122 75 110 18 3
    38 32 43 7 69 98 14 51 107 50 123 28 48 35 120 35 65 39 87 30 28 122
    39 71 74 15 69 117 110 74 35 34 39 2 111 83 54 115 17 114 107 66 14
    48 105 67 98 41 89 20 12 114 70 72 13 34 6 86 78 53 7 72 116 47 89
    104 107 9 108 8 42 77 2 45 115 77 16 14 11 0 55 34 23 40 126 88 103
    86 70 60 122 34 110 107 30 72 64 98 14 87 35 15 107 10 69 79 54 114
    97 69 45 123 84 110 89 126 32 120 25 81 33 126 15 96 110 36 124 92
    23 111 72 127 5 106 88 69 2 118 115 30 0 98 2 17 9 111 86 109 118 8
    38 74 63 68 82 105 52 64 57 95 112 5 49 64 28 13 113 96 19 85 28 21
    24 67 83 121 126 19 24 121 125 93 72 9 42 77 93 12 78 127 31 104 62
    103 70 93 104 73 103 64 47 7 42 119 21 18 109 115 62 66 75 15 30 115
    108 37 118 111 37 127 121 117 18 116 23 33 62 121 69 80 34 69 37 88
    15 53 6 29 12 31 9 118 82 45 119 58 1 39 79 105 105 8 61 127 27 48
    29 116 23 33 107 122 59 50 61 19 22 100 66 55 34 115 94 89 0 42 97
    80 123 114 83 95 0 17 63 37 8 113 71 4 100 120 68 37 87 123 74 21
    121 37 41 27 108 92 37 122 39 118 34 103 87 111 54 96 20 60 104 125
    63 40 61 17 34 24 63 97 55 59 93 36 45 72 101 99 66 12 107 97 45 87
    14 58 79 79 112 59 57 10 77 60 2 17 29 33 118 36 96 52 45 29 88 112
    33 84 54 107 56 107 92 126 95 82 115 101 90 120 23 120 36 46 73 17
    56 55 58 122 54 47 2 126 83 100 95 127 17 118 82 16 23 40 69 40 99
    20 86 52 114 62 122 4 36 22 17 65 83 83 32 29 18 54 33 72 43 75 6 49
    67 21 88 75 42 75 76 86 66 73 115 10 46 42 116 104 42 58 4 77 27 107
    122 46 111 27 40 41 10 107 98 102 21 106 110 12 116 118 0 87 104 58
    68 115 55 43 86 88 79 60 22 114 112 66 125 98 105 105 24 50 23 70 49
    33 62 124 96 14 74 77 121 121 96 120 99 103 125 27 0 68 30 18 121 19
    86 22 92 120 57 66 126 3 56 87 31 60 96 58 31 55 104 70 57 4 68 17
    89 107 106 78 29 122 34 7 40 48 95 9 32 58 107 110 38 4 115 113 56
    101 88 119 8 82 58 60 103 124 106 33 119 108 82 61 127 6 45 44 39
    103 47 36 47 1 123 53 33 113 56 58 98 21 111 28 86 88 101 83 54 125
    9 60 100 80 68 16 70 21 108 66 5 61 33 37 76 73 37 108 82 74 48 18
    53 3 45 10 52 62 0 84 116 70 55 30 15 118 4 19 39 39 35 70 85 41 68
    40 91 58 97 87 32 30 1 5 86 46 105 96 115 3 12 100 97 123 25 94 106
    57 30 116 45 10 6 2 58 90 10 19 97 78 8 42 77 117 37 84 112 38 91 50
    105 34 103 26 66 111 87 24 30 78 78 95 7 15 102 20 110 18 67 109 42
    74 26 24 27 120 32 41 9 100 9 20 23 7 38 104 99 108 112 92 104 86 78
    61 30 101 108 94 123 32 93 109 42 10 41 126 39 16 26 7 67 53 51 23
    114 53 79 13 66 57 34 112 123 79 82 81 15 23 117 37 82 73 96 20 39
    105 81 121 61 127 51 117 55 124 21 45 14 53 53 10 60 119 116 104 123
    69 32 60 95 120 48 127 106 59 83 110 52 21 116 106 116 57 86 98 32 7
    89 26 49 57 28 72 61 20 2 0 29 25 10 70 66 104 95 107 46 88 53 37
    117 108 69 110 41 13 39 80 111 30 71 78 11 29 105 48 79 39 121 85
    113 98 82 20 96 24 44 75 65 29 31 67 108 105 12 73 84 82 16 44 11
    112 46 72 13 123 71 3 52 82 64 11 26 24 29 64 34 52 69 33 122 11 8
    69 125 8 61 72 2 97 44 127 114 56 120 91 63 23 2 97 84 51 103 101 47
    86 59 59 48 32 16 20 7 37 121 87 79 63 108 96 78 92 26 69 40 79 13
    55 89 103 82 28 14 77 75 35 8 119 124 110 65 106 27 86 10 89 127 86
    52 7 122 14 78 126 90 110 126 50 62 47 99 98 75 110 11 57 88 103 41
    40 125 17 42 124 107 56 79 124 30 17 43 55 59 103 60 64 121 104 108
    31 115 75 52 82 9 56 126 11 79 83 53 57 14 18 16 20 52 67 40 102 98
    114 117 63 46 75 46 127 11 55 66 94 122 62 26 24 91 81 115 84 42 100
    105 78 51 25 53 45 35 5 9 98 118 95 1 127 8 124 15 43 72 104 87 31
    71 102 5 54 107 104 82 105 42 53 126 42 83 113 75 112 95 2 57 32 2
    106 10 84 100 85 117 21 96 57 81 109 93 41 108 15 31 86 79 66 11 25
    42 51 60 83 119 7 98 104 108 92 56 34 75 2 12 7 70 124 26 65 35 77
    44 107 76 37 28 21 61 114 84 16 78 93 22 67 117 86 28 87 112 23 8
    106 110 64 33 47 31 39 77 41 62 60 70 106 119 113 11 50 53 106 44 46
    79 81 50 71 119 6 114 66 121 83 108 2 98 115 62 54 27 19 53 60 43 30
    53 117 65 119 2 15 92 107 11 109 10 18 77 116 4 35 103 57 101 0 8 97
    16 53 51 92 36 55 45 80 26 57 44 10 71 71 71 88 10 72 79 96 84 54 6
    99 40 98 4 51 36 88 49 23 76 67 14 21 70 49 121 115 98 39 34 55 48
    34 122 9 64 35 68 57 87 74 64 125 28 106 88 62 58 17 119 9 66 81 62
    106 8 4 117 93 37 18 82 93 110 55 75 94 127 30 12 80 43 59 75 7 127
    77 39 20 67 6 43 107 69 52 39 10 111 113 92 1 90 122 86 32 123 26 92
    83 64 21 78 125 100 63 118 36 97 117 115 107 8 96 115 119 52 35 28
    52 94 43 42 54 120 49 21 91 13 75 40 15 2 12 81 57 67 89 27 9 16 58
    41 60 48 1 113 31 61 22 57 68 29 52 85 114 84 67 98 20 125 40 10 40
    45 41 26 87 78 17 117 98 23 113 12 65 21 80 44 114 28 26 18 97 64 16
    26 102 73 122 101 64 35 55 90 113 56 117 30 90 67 52 106 114 9 119
    97 88 56 42 79 56 92 64 21 106 67 112 71 37 62 93 102 86 123 42 115
    33 118 25 27 123 98 76 52 76 102 26 20 103 85 2 126 101 56 117 50 5
    106 20 51 9 114 66 32 84 97 39 63 54 82 70 87 91 51 100 53 23 65 31
    72 68 86 85 30 36 26 122 17 109 117 116 116 23 49 8 65 90 119 105 52
    100 51 78 63 63 89 14 15 119 72 119 94 123 43 49 126 25 90 73 77 55
    103 13 20 53 82 57 13 26 40 4 85 101 35 58 91 2 33 67 30 28 38 120 8
    82 13 124 5 116 62 21 15 18 85 88 17 68 30 30 26 86 38 11 16 105 55
    97 118 80 7 32 39 61 7 43 43 46 59 33 43 58 39 125 79 118 85 44 51
    73 97 108 0 43 66 110 72 66 79 99 109 11 52 79 6 43 101 33 111 44 17
    114 112 113 68 6 25 109 88 66 117 105 18 55 125 21 84 40 47 72 117 0
    14 108 48 3 40 16 104 83 54 26 92 62 90 47 3 35 101 118 59 82 83 16
    107 3 2 47 47 124 97 77 2 62 119 126 78 75 47 60 8 29 114 105 1 14 0
    95 15 72 15 62 61 81 117 26 35 20 94 89 45 56 96 3 35 10 88 21 70
    127 112 106 123 84 90 1 37 84 48 7 42 108 88 11 6 48 24 47 124 74 44
    3 55 25 106 52 15 37 88 96 7 53 33 5 118 88 70 15 118 89 75 57 84 47
    18 104 90 90 11 119 72 88 116 18 2 96 89 85 127 73 2 13 45 82 3 86
    13 17 79 83 86 104 32 68 94 42 18 54 106 23 24 3 70 54 31 25 61 107
    112 109 123 56 60 84 55 120 59 58 102 37 8 117 27 111 94 38 48 39 0
    76 106 102 0 31 39 114 109 60 121 72 52 46 81 60 114 0 66 114 43 92
    107 68 69 70 88 36 5 18 69 15 10 44 85 93 115 30 114 125 6 100 11
    123 125 9 22 106 81 105 114 97 32 42 2 14 115 23 64 80 96 117 43 124
    27 121 41 11 80 32 3 30 79 113 66 19 22 11 114 122 114 73 38 27 34
    119 1 120 26 116 36 111 9 7 57 90 29 50 109 115 99 70 119 32 109 107
    93 51 14 65 32 124 80 121 77 73 113 122 76 71 15 1 86 57 32 71 62 66
    118 119 5 97 119 13 102 46 98 11 53 112 70 127 49 76 63 103 84 90 10
    55 84 59 115 120 110 22 43 24 109 53 13 120 62 19 108 33 100 113 122
    12 106 96 72 113 68 18 73 101 99 81 46 40 104 116 94 3 48 104 17 86
    95 24 9 68 106 124 26 13 6 88 7 31 117 42 57 100 72 102 95 64 22 42
    94 90 6 84 102 88 36 51 25 91 47 112 87 30 9 88 85 41 110 80 36 31
    74 109 121 97 71 76 33 77 10 80 71 85 8 47 80 99 0 35 51 95 9 112
    114 120 49 46 42 105 86 30 126 55 99 41 110 75 104 127 27 90 36 55
    22 66 75 83 15 35 7 87 43 84 122 66 18 19 114 71 53 89 89 74 121 4
    34 89 51 11 112 110 82 92 86 87 48 6 39 126 91 78 61 0 40 28 8 31 44
    59 25 35 123 94 73 110 111 21 90 107 103 65 14 65 2 110 112 8 111 24
    4 71 40 3 79 69 4 70 50 52 38 28 56 89 101 34 92 63 61 43 102 115 53
    84 43 48 94 86 107 117 44 83 65 52 60 9 57 115 50 73 65 88 34 123 27
    107 68 97 118 48 69 107 123 17 115 59 103 82 12 47 75 111 119 100 52
    70 27 35 60 28 15 116 92 60 114 72 103 33 75 9 32 67 37 81 45 21 77
    34 94 28 22 63 109 37 108 79 23 89 82 120 48 115 6 50 49 114 101 65
    40 97 126 44 38 18 18 38 30 43 84 104 115 110 25 67 36 68 41 117 80
    122 22 69 112 1 23 113 87 17 31 106 52 28 126 39 62 102 42 58 101 61
    13 44 33 64 37 49 49 1 79 20 5 92 63 75 43 78 82 84 84 77 123 77 103
    84 122 10 62 67 102 20 10 89 29 85 100 18 79 90 80 106 10 116 82 13
    72 16 43 68 125 72 80 113 59 65 14 91 68 95 79 54 71 4 39 27 28 40
    112 44 93 32 115 2 105 21 79 115 61 69 58 72 3 22 15 13 123 12 6 30
    5 99 127 78 21 56 25 45 40 71 114 117 11 88 14 54 113 49 10 63 116 5
    64 117 36 42 75 2 31 58 71 89 112 90 109 123 64 42 56 6 25 56 70 117
    80 116 81 26 63 57 50 20 99 55 68 32 86 108 90 19 23 49 20 40 100 84
    102 37 61 21 73 121 119 111 89 40 65 53 54 38 64 85 86 51 104 50 82
    41 111 45 71 17 125 16 110 54 75 13 3 54 45 83 86 57 100 119 125 104
    31 127 21 52 90 127 112 20 76 31 72 7 116 94 71 102 56 84 109 116 35
    9 0 7 52 67 63 56 108 78 44 77 120 38 47 123 10 108 27 63 15 118 21
    112 28 113 51 83 110 23 118 53 88 100 30 6 98 77 83 112 3 20 17 109
    87 16 19 86 0 113 57 115 82 49 105 94 20 117 70 1 117 23 0 87 87 109
    63 64 36 89 37 16 125 97 24 83 81 1 55 127 101 63 80 11 80 31 127 25
    124 79 61 30 36 33 92 49 104 106 52 53 33 120 40 42 127 26 23 90 104
    102 69 42 74 30 22 105 53 36 117 21 4 18 87 107 10 48 91 18 109 94 7
    56 36 90 27 16 96 43 116 76 87 106 15 87 53 64 75 80 97 31 111 12 96
    32 55 43 31 63 9 37 93 64 110 65 20 64 45 100 21 112 10 74 74 40 70
    13 75 36 11 89 120 40 82 35 90 116 106 82 27 102 99 41 45 73 65 121
    115 110 65 20 41 42 40 91 91 8 78 21 40 124 18 17 26 48 61 51 119 66
    17 61 33 25 16 53 40 18 48 51 28 58 78 3 3 124 64 86 62 55 109 117
    28 17 3 79 111 22 85 90 93 4 20 123 18 10 117 69 74 84 64 18 35 25
    46 122 14 8 117 67 57 121 110 57 64 45 117 19 120 117 91 58 4 2 6 98
    64 126 55 113 49 19 104 84 95 29 81 42 18 27 70 80 78 52 95 83 53 45
    28 76 109 39 42 71 106 85 10 92 98 123 94 94 85 6 120 4 78 85 49 7
    24 14 23 33 81 3 56 116 79 44 29 29 66 40 60 30 69 94 5 20 82 34 46
    90 106 3 71 79 33 37 38 31 99 85 42 123 66 73 62 61 19 58 62 5 61 85
    69 83 47 86 17 73 94 120 4 111 78 114 108 87 79 111 79 45 42 103 126
    113 99 67 110 93 110 122 123 90 14 23 115 81 16 13 106 96 76 13 66
    122 42 55 61 53 70 126 106 27 9 83 42 42 81 0 99 24 35 99 81 35 24
    91 121 100 93 68 108 68 31 69 32 4 46 4 47 71 25 93 121 99 62 123 30
    87 114 3 67 26 58 114 125 64 102 125 112 105 118 91 56 46 67 27 119
    78 121 3 1 106 77 66 113 11 84 111 27 48 2 52 5 124 111 125 70 98
    119 24 14 73 35 21 25 122 81 76 59 91 67 39 74 104 70 71 42 88 2 54
    105 87 68 89 27 43 102 47 104 60 127 41 36 28 54 113 24 47 70 115
    125 55 87 59 0 56 9 55 50 21 96 89 118 15 114 80 126 32 68 49 29 26
    99 79 15 111 19 70 46 35 47 11 122 45 5 72 121 58 122 10 7 105 6 64
    50 2 17 70 57 33 26 95 119 120 115 124 69 103 54 74 118 100 57 42 64
    39 74 77 122 44 18 37 35 58 52 52 102 74 103 55 8 127 3 115 115 44
    71 94 10 65 109 125 34 83 73 56 117 27 35 32 68 28 43 65 80 94 3 48
    10 91 73 67 92 105 105 23 45 12 115 83 32 103 124 31 68 0 10 13 12
    67 112 20 110 126 4 100 122 111 39 60 88 67 43 80 62 15 85 107 9 43
    4 80 20 90 112 70 71 109 10 40 108 2 119 58 72 13 30 47 66 69 102 83
    18 57 12 74 13 56 118 103 120 21 108 105 32 25 51 115 112 97 39 37
    120 33 126 24 37 16 115 13 7 95 56 111 32 87 51 98 107 62 8 10 59 15
    41 37 79 98 116 27 31 127 61 72 8 82 30 39 57 103 27 23 70 39 36 100
    107 22 18 71 43 47 77 88 9 55 66 6 88 113 91 37 79 121 110 25 84 37
    27 15 116 112 121 108 87 75 31 110 49 73 20 31 53 100 118 38 29 62
    15 104 62 12 44 125 76 33 81 54 52 87 38 123 100 16 103 3 68 14 102
    20 8 43 60 123 68 95 98 45 115 77 113 75 49 59 1 2 0 52 44 22 61 89
    122 26 4 127 78 46 21 24 15 60 102 46 123 82 104 109 56 82 110 99 73
    86 22 115 85 110 114 73 60 109 36 14 78 2 44 30 109 12 60 50 31 108
    91 116 39 114 58 108 108 24 1 87 96 62 0 99 13 0 114 118 25 104 95 8
    53 33 49 83 62 71 113 2 47 15 105 1 76 29 32 76 102 123 117 87 52 63
    108 117 4 93 103 104 74 107 125 112 116 75 9 6 8 78 94 9 85 64 48 6
    21 93 96 30 27 40 106 58 49 97 65 121 2 67 46 115 9 92 72 71 54 110
    4 50 35 112 57 16 56 69 94 60 13 33 120 90 61 19 60 40 77 107 35 123
    48 64 84 41 50 21 39 17 93 58 108 51 109 17 34 3 1 9 67 17 41 55 57
    29 77 85 97 37 11 28 102 30 72 1 70 101 20 45 63 3 15 17 44 22 52 43
    127 120 77 76 70 22 66 79 67 51 10 106 63 11 23 31 121 12 17 84 82
    77 111 121 32 12 115 22 61 14 113 2 114 72 103 86 85 93 70 51 90 46
    98 44 99 22 30 3 81 20 88 83 118 9 65 81 108 72 42 68 83 55 12 123 3
    107 56 34 37 119 120 42 94 69 50 6 44 71 27 122 47 7 109 123 65 84
    84 90 17 28 15 84 45 95 107 46 2 101 100 76 87 90 121 76 57 46 119
    89 95 125 105 73 15 108 98 16 7 101 53 58 0 20 117 64 3 108 69 33 98
    111 94 14 17 112 123 91 121 122 71 105 20 5 118 17 60 68 71 120 12 6
    99 111 67 51 2 8 17 31 64 104 19 99 120 8 36 74 118 49 75 65 51 38
    77 1 46 112 125 61 103 60 15 58 8 20 27 47 60 89 101 3 68 72 59 55
    14 123 23 98 53 37 30 121 56 77 86 63 7 15 27 61 119 66 39 63 38 35
    108 55 78 10 5 44 39 12 31 122 70 86 50 55 105 119 75 60 109 106 83
    44 40 38 86 51 45 16 69 115 27 6 34 77 30 65 75 105 127 10 26 52 78
    54 69 112 21 6 110 125 59 2 76 51 77 11 0 69 88 14 71 30 100 89 22 5
    33 45 14 7 49 60 48 8 127 122 102 21 107 35 18 44 93 12 78 81 40 69
    70 119 79 101 45 105 9 84 95 47 93 122 13 4 6 114 39 71 95 43 93 57
    4 69 124 99 120 84 35 5 35 107 49 121 50 83 113 40 0 78 63 20 67 6 0
    76 55 122 11 5 86 56 68 26 86 116 47 63 16 10 45 51 64 78 88 34 33
    33 76 66 61 73 91 117 1 75 80 66 13 115 99 84 49 59 19 14 43 31 9 14
    9 72 118 71 11 110 32 86 20 81 84 105 47 41 72 4 20 98 64 68 70 45
    55 110 76 56 15 91 11 85 119 13 71 43 43 23 66 71 19 17 23 93 9 96
    108 28 58 83 45 90 42 6 102 85 5 14 121 35 113 41 3 114 53 49 119
    118 31 103 105 28 66 39 78 86 106 101 38 78 125 40 0 17 111 115 53
    25 99 34 90 118 58 84 64 109 17 14 118 84 41 26 47 126 20 41 37 62 9
    104 62 67 12 68 120 35 115 58 122 38 105 43 15 50 53 115 89 127 108
    103 61 112 27 3 45 1 104 4 23 127 113 27 36 80 0 15 68 112 39 8 40
    56 110 69 96 57 19 17 86 43 49 24 68 82 29 81 52 35 89 92 5 80 90 13
    36 103 61 90 7 16 51 21 109 127 62 119 96 38 54 88 53 49 54 77 100
    92 109 20 105 19 28 122 113 19 17 84 12 9 26 108 35 91 52 71 120 22
    109 101 100 39 57 82 67 55 63 96 35 81 65 37 51 120 127 116 70 15 81
    30 80 86 23 89 58 5 0 88 28 3 6 20 8 21 124 34 41 47 99 6 127 30 68
    16 57 24 104 64 36 29 56 8 30 47 25 34 55 41 92 99 92 88 36 74 122
    54 54 96 30 97 76 61 48 92 57 121 73 118 88 39 72 107 55 13 22 30 57
    22 92 114 52 53 106 18 27 105 60 82 14 80 29 39 18 35 33 61 54 107
    110 65 53 28 115 43 112 122 59 17 41 48 49 70 37 82 42 2 94 67 104
    98 125 4 96 1 127 99 99 23 75 46 69 49 32 127 58 86 101 96 53 114 90
    87 85 3 110 10 85 18 9 64 73 113 75 3 31 3 34 64 77 57 50 74 9 43 16
    99 27 80 113 109 93 94 25 87 123 59 80 18 87 45 16 47 117 41 91 80 4
    126 34 31 14 127 24 64 90 31 54 114 35 119 92 87 90 103 67 37 28 63
    77 70 89 4 73 60 37 33 61 88 68 100 115 117 36 30 98 57 19 78 16 63
    23 68 35 27 118 45 87 26 115 28 115 84 45 15 87 87 7 60 93 104 85 54
    23 32 76 94 96 36 92 52 95 63 61 51 51 17 59 40 117 15 101 16 113 4
    59 10 75 122 109 47 9 74 14 119 29 49 27 33 59 16 38 39 56 79 48 39
    31 40 22 110 83 92 36 26 76 31 31 60 117 84 16 111 74 26 27 83 82 36
    67 79 53 76 61 92 110 41 118 89 18 6 90 29 35 78 12 64 115 48 66 2 3
    86 90 61 60 105 14 60 117 87 82 72 72 126 22 121 29 70 94 40 12 11
    118 88 108 59 77 108 4 38 124 97 114 70 16 39 44 58 119 123 70 94 15
    86 77 84 52 109 28 27 94 125 48 59 116 54 34 98 108 31 13 97 118 107
    108 78 41 101 68 112 12 15 10 64 114 30 90 119 26 51 69 2 47 53 59
    62 101 12 119 21 75 116 87 83 37 45 46 32 3 27 84 15 74 107 99 34 2
    103 69 67 22 65 21 52 97 30 75 4 94 97 96 119 60 2 109 79 95 88 89
    57 59 22 62 127 23 39 125 32 18 65 51 58 17 70 26 48 6 127 58 121 47
    42 57 60 48 52 75 80 33 21 116 75 28 119 98 33 115 76 28 72 39 25 93
    81 67 113 100 35 48 71 30 7 88 54 116 32 32 113 65 9 50 22 75 84 12
    5 127 21 43 111 27 37 37 93 51 125 12 82 31 96 24 59 126 72 82 114
    60 27 44 102 17 122 0 75 115 20 82 79 2 1 124 98 20 20 33 74 96 8 0
    18 37 86 64 14 8 41 99 17 78 49 53 13 105 122 100 125 62 80 106 92
    15 27 6 7 115 12 30 46 36 110 58 30 5 92 113 110 124 84 95 98 79 60
    35 57 24 75 40 22 36 127 114 27 117 4 121 25 13 84 123 82 123 11 93
    124 83 59 38 117 50 43 72 36 73 63 14 82 127 25 45 42 54 90 115 102
    94 55 52 68 22 38 37 69 14 69 87 127 86 61 82 91 27 54 26 121 92 118
    83 79 75 25 82 103 114 47 48 19 35 69 75 127 30 92 5 15 107 39 89
    127 13 11 113 121 104 18 50 93 14 10 37 15 98 17 71 79 66 11 31 40
    48 114 102 101 13 4 97 89 66 46 21 82 71 63 61 16 64 106 33 77 67 61
    100 41 82 27 54 122 14 117 76 37 74 73 54 13 40 73 14 49 41 99 87 11
    19 51 113 65 8 33 38 123 42 17 82 92 74 88 75 93 33 68 31 40 113 3
    45 112 65 15 5 24 38 62 13 43 78 47 3 28 39 5 14 81 121 4 30 90 8 85
    29 14 2 80 25 63 111 112 78 69 73 18 14 50 52 56 121 0 20 11 31 107
    108 92 19 33 85 21 112 19 33 119 63 0 47 80 54 14 34 122 112 4 3 59
    107 106 43 89 91 46 100 87 84 35 57 69 120 46 125 83 61 55 9 80 33
    44 55 99 40 60 38 119 66 85 79 99 13 10 13 68 94 42 2 38 36 33 69 54
    93 94 105 44 113 101 108 29 114 109 118 39 78 94 90 110 120 88 123
    94 25 60 68 121 73 56 78 43 103 10 103 46 100 14 49 75 121 48 73 86
    33 112 72 32 90 57 24 43 44 12 97 26 23 70 80 46 25 123 23 125 67 11
    99 67 7 23 53 58 78 98 62 88 66 43 106 94 32 82 3 124 29 108 78 55
    46 124 64 45 108 109 122 14 22 91 60 71 74 23 86 9 57 66 41 10 54 88
    4 61 38 113 26 68 74 19 2 29 46 44 24 61 52 53 127 120 9 60 76 111
    34 55 20 26 33 9 58 17 101 86 90 27 92 108 49 81 76 111 82 123 37
    107 4 37 113 8 122 122 76 25 61 91 47 109 90 87 122 89 127 119 104
    58 28 16 77 117 46 85 22 82 109 117 15 117 58 9 62 118 25 69 121 39
    32 20 19 56 74 111 95 80 121 43 44 35 58 84 70 94 0 106 4 14 14 66
    72 9 12 95 21 77 81 39 16 10 35 66 6 69 119 111 81 87 45 93 78 124
    12 14 92 58 109 125 7 32 57 47 104 120 37 51 108 43 59 40 91 109 71
    117 67 112 28 104 6 57 93 11 123 49 60 61 20 63 71 66 14 121 27 120
    37 51 77 66 68 123 49 34 118 82 83 14 111 115 118 0 69 51 126 2 121
    8 53 19 64 81 88 51 99 100 17 13 0 77 117 38 18 24 8 98 65 96 116
    115 70 2 89 65 31 78 88 100 27 41 121 51 119 21 71 86 84 40 103 26
    115 72 118 12 41 75 60 53 106 72 52 37 99 105 65 97 71 67 64 24 72
    40 75 6 102 126 96 67 65 91 87 105 3 51 86 48 66 93 123 20 105 35 4
    74 11 50 65 87 53 94 52 45 118 108 34 96 63 80 91 93 51 88 115 27 4
    94 45 37 27 65 64 78 77 36 25 10 75 4 43 17 95 39 24 69 106 78 46 88
    38 52 107 111 66 14 101 111 72 87 96 122 55 55 66 53 115 51 82 37 94
    81 18 53 78 99 6 25 58 9 81 88 93 95 28 36 74 12 9 126 16 83 118 115
    36 104 29 1 69 54 113 122 65 67 24 69 9 97 43 22 107 51 16 46 20 20
    126 39 61 107 99 75 85 86 92 93 41 11 82 87 16 97 86 20 106 75 87 11
    122 71 93 6 49 88 83 90 105 39 101 21 44 101 76 91 63 98 48 109 104
    108 104 13 26 45 22 60 108 80 102 98 25 74 39 95 61 7 72 110 74 49
    60 51 103 28 17 3 109 38 0 84 94 83 119 7 33 100 74 118 1 112 29 58
    109 57 108 84 34 0 116 101 93 98 81 33 64 114 41 26 104 31 125 125
    97 46 123 99 68 113 32 47 127 48 124 84 8 78 101 69 38 91 12 95 49
    97 1 50 88 91 95 114 29 35 5 22 36 105 1 36 49 122 30 104 7 6 33 93
    63 18 34 100 71 110 79 114 24 66 114 124 60 61 67 127 34 24 64 35
    115 115 109 38 123 35 58 21 20 50 88 116 40 74 2 14 75 78 19 13 102
    114 100 15 32 91 113 122 117 94 24 77 115 99 84 79 37 91 114 26 16
    100 109 121 126 62 41 71 115 89 54 65 50 11 10 119 12 95 100 44 40
    47 67 85 36 60 23 40 110 74 2 41 75 19 113 0 119 38 80 36 35 72 57
    91 11 48 76 85 6 3 90 76 38 94 23 2 109 76 4 0 3 80 68 50 52 121 19
    75 104 121 99 49 35 56 87 75 17 82 36 75 126 63 51 10 112 54 68 2 68
    106 71 104 64 54 82 112 45 0 62 18 50 46 23 61 118 110 25 7 79 9 52
    40 58 125 26 56 73 93 88 24 26 62 6 54 99 110 17 50 120 60 117 75 27
    91 40 23 51 115 63 96 86 44 10 91 32 106 56 52 105 112 24 113 123 20
    103 114 120 11 104 43 121 37 116 112 60 81 28 59 87 57 86 77 115 37
    101 119 51 78 95 95 122 84 125 78 96 29 50 96 2 117 91 70 23 104 56
    50 122 122 87 117 32 97 83 60 111 116 123 114 72 47 42 32 76 83 74
    100 80 79 79 9 23 4 104 64 118 45 90 65 53 27 30 98 108 102 62 113
    17 59 119 97 14 17 31 85 86 105 100 120 44 92 121 24 63 87 35 76 68
    11 9 92 80 83 70 12 16 98 25 88 4 98 18 16 47 30 92 99 85 64 104 11
    98 15 10 35 6 114 56 88 70 51 115 103 56 80 107 118 55 1 85 56 107
    107 118 59 69 48 59 104 103 7 85 62 127 23 110 35 122 114 18 2 84 19
    95 58 55 63 90 48 90 75 33 10 75 38 44 84 60 25 29 23 96 3 31 28 105
    44 64 39 15 126 119 58 23 78 80 100 92 78 95 86 3 28 62 38 20 29 115
    117 27 126 68 121 29 120 49 45 45 69 34 51 107 106 83 92 59 51 117
    21 74 42 21 116 74 26 56 22 25 101 89 127 43 69 106 104 2 120 48 39
    67 113 44 32 119 2 56 126 66 89 118 107 98 38 117 125 44 77 113 85
    23 99 93 59 25 46 0 30 16 85 100 84 11 30 10 73 90 42 60 71 11 120
    48 117 9 52 103 102 101 124 2 97 94 64 92 24 87 124 82 97 103 29 45
    126 59 24 87 72 102 90 88 108 124 63 41 59 24 11 98 30 81 36 56 28
    103 64 84 117 113 106 8 99 110 11 69 90 72 46 106 30 122 3 73 64 54
    11 4 9 127 29 76 91 74 106 101 4 36 29 1 57 54 10 29 93 88 25 34 110
    49 90 71 37 19 67 11 88 106 109 48 89 115 126 97 126 59 59 77 33 94
    3 44 6 36 98 68 21 127 109 46 36 56 21 46 31 1 7 92 43 49 42 118 55
    27 1 64 55 68 81 8 44 86 45 70 91 125 74 68 5 2 86 112 2 22 79 21
    118 101 52 87 85 83 78 85 95 40 105 0 9 108 83 42 36 95 125 10 75 60
    52 89 52 13 42 88 74 86 61 74 31 14 125 22 117 41 74 89 7 54 53 113
    109 22 104 29 79 60 10 67 105 2 51 65 31 100 107 4 120 39 22 58 78
    25 35 117 98 31 47 95 29 61 43 17 38 113 67 20 29 115 58 106 1 99
    104 19 87 74 32 14 33 118 66 102 13 122 107 28 47 77 99 99 91 42 45
    61 4 72 24 117 43 25 109 24 85 34 87 70 77 15 69 84 113 101 106 82
    39 9 107 79 124 107 110 123 121 88 58 57 21 100 120 115 38 53 18 71
    115 78 50 34 122 124 91 18 1 108 10 62 15 104 102 55 122 36 57 82 90
    52 53 43 58 21 107 118 102 1 66 60 50 15 18 45 2 120 118 88 127 62
    111 63 107 7 41 64 86 68 82 74 22 11 6 23 20 64 83 42 103 80 121 56
    35 58 53 94 44 33 12 50 71 83 120 79 120 43 4 27 106 120 18 33 12 8
    15 97 39 46 102 117 13 123 19 82 25 127 96 15 64 10 123 90 0 16 106
    50 59 111 104 22 60 55 78 23 116 20 105 122 4 9 118 11 94 38 123 120
    127 5 106 18 43 114 95 64 93 8 118 113 113 82 90 79 71 41 95 106 103
    4 59 96 58 58 88 38 101 48 14 4 24 14 124 48 15 58 85 107 34 61 125
    44 67 76 124 64 4 109 80 64 96 80 4 97 36 27 112 31 11 84 125 37 39
    12 24 26 26 97 69 96 127 108 18 71 15 55 101 0 112 59 40 35 116 109
    51 97 61 3 75 60 46 81 73 113 11 97 94 94 63 64 117 75 98 75 108 2
    84 110 76 114 55 105 45 69 95 89 8 53 102 44 44 105 112 2 105 33 114
    61 24 110 70 33 87 1 4 110 93 38 90 26 49 107 63 37 18 0 66 67 93 59
    36 68 40 4 40 70 7 63 74 21 23 111 53 63 41 69 39 113 84 42 78 72 10
    83 5 23 55 62 23 127 124 46 84 88 86 19 88 95 26 61 93 99 37 44 65
    57 93 72 102 83 50 23 104 36 84 71 88 86 69 64 48 52 109 73 18 43 27
    102 96 111 39 107 43 74 17 92 106 103 6 57 89 25 82 1 109 105 85 122
    57 65 55 12 84 27 10 20 74 31 44 118 27 78 77 113 18 50 77 119 7 120
    42 57 37 14 74 9 71 40 103 15 125 54 67 94 108 92 23 14 36 2 73 125
    68 28 52 21 42 38 54 122 49 36 101 96 52 106 86 10 25 110 5 79 34
    112 27 55 4 87 115 78 49 121 53 93 72 37 51 106 38 127 32 54 125 87
    24 125 27 32 14 87 3 97 25 10 14 80 38 82 46 37 99 115 11 56 109 126
    120 15 10 20 123 116 78 86 56 41 29 61 103 72 59 2 71 65 62 120 16
    84 29 65 102 95 77 8 11 6 68 73 80 81 97 10 103 116 23 85 116 89 84
    97 51 118 14 35 66 70 54 10 6 22 53 95 22 74 120 9 78 56 50 76 71 92
    25 95 94 106 86 110 71 63 93 5 101 114 26 65 22 81 2 105 91 106 126
    7 4 109 23 9 97 69 5 124 123 70 58 39 106 35 72 96 66 88 63 50 99 54
    109 76 6 106 52 79 90 52 89 95 96 62 102 109 27 50 48 11 46 95 74 27
    53 23 99 12 66 54 12 27 111 5 82 26 99 96 47 5 33 57 89 13 112 45
    113 99 119 6 81 3 48 95 51 4 126 75 47 69 3 120 31 38 39 75 124 13
    108 35 82 85 33 7 67 84 37 10 88 62 119 54 126 68 118 53 14 58 60 20
    94 34 69 66 12 18 112 11 102 58 23 76 24 33 102 127 74 29 76 72 18
    21 95 112 99 104 107 68 125 25 6 110 58 111 53 122 42 31 103 55 115
    46 67 42 32 26 110 73 30 118 121 90 23 16 53 9 57 78 1 23 29 104 66
    31 120 16 32 2 24 27 119 103 26 114 79 88 58 54 71 112 6 23 122 107
    104 38 57 34 31 78 61 94 6 125 104 70 122 30 106 25 13 93 13 74 23
    62 90 38 122 30 51 92 119 0 80 84 26 8 50 80 19 97 108 32 27 23 56
    121 116 10 91 17 61 31 104 32 115 32 80 51 61 111 3 3 21 104 30 109
    56 112 44 48 13 86 8 117 76 15 36 59 46 65 85 55 13 9 49 117 9 49
    119 54 57 60 21 117 84 120 119 57 68 64 26 5 14 23 119 112 98 52 76
    1 23 42 32 23 2 48 37 33 105 95 65 81 54 62 19 122 102 21 55 113 83
    34 109 122 37 118 114 22 7 114 1 55 52 27 86 71 79 86 55 46 86 124
    45 117 73 75 5 102 1 96 102 57 67 56 109 76 11 48 76 45 97 97 17 32
    28 8 66 16 29 113 101 9 8 82 59 18 3 28 112 64 106 92 29 67 2 123 16
    35 76 35 78 102 96 107 31 121 97 11 103 82 20 7 110 107 12 116 46 77
    37 125 78 23 90 110 101 50 21 113 20 69 92 103 13 120 101 5 31 50 86
    49 104 97 61 83 10 63 55 59 98 52 88 100 56 65 113 107 72 77 87 46
    32 78 53 113 44 39 59 108 81 55 22 125 47 68 69 121 122 116 113 0
    109 14 106 84 94 92 122 43 56 54 127 88 112 96 125 101 113 63 67 36
    118 117 7 17 70 89 29 7 111 5 26 30 121 116 86 84 41 2 21 89 87 69
    39 40 37 116 68 113 8 43 111 21 123 34 74 29 86 14 118 46 4 8 107 61
    46 60 8 33 69 10 48 106 31 11 120 58 66 101 73 50 31 65 46 62 115 67
    2 12 5 85 118 58 107 11 97 13 103 112 113 14 69 58 93 26 60 27 78 4
    65 60 29 35 28 90 75 34 113 46 87 107 54 37 27 15 22 17 121 41 64 82
    98 3 105 53 66 64 27 99 89 125 114 92 70 69 42 42 104 53 3 6 4 96
    103 52 34 97 1 67 100 93 105 50 123 16 109 80 54 67 73 56 7 25 88 6
    3 102 13 38 31 11 98 106 99 37 123 73 14 63 112 46 32 90 120 20 108
    38 44 3 49 32 89 45 13 17 50 82 75 63 57 8 22 6 5 51 72 10 12 72 101
    20 118 68 16 46 6 21 111 10 50 111 75 43 100 49 122 53 34 5 120 64
    69 73 56 35 70 117 44 117 7 51 25 70 126 26 94 101 91 39 104 100 55
    126 49 67 18 72 119 74 71 15 117 68 98 57 74 64 113 52 104 36 33 18
    5 8 114 111 89 40 121 87 30 51 1 46 56 61 7 110 108 21 90 22 100 18
    101 33 123 99 119 97 32 115 106 107 90 92 99 48 127 115 3 36 75 124
    122 23 111 107 92 93 79 106 11 14 3 90 8 7 10 91 43 66 16 19 79 43
    104 108 12 55 62 76 54 93 108 81 16 72 125 37 73 67 36 122 48 38 111
    86 61 36 46 89 89 53 38 92 21 118 33 16 64 48 123 87 15 43 94 52 83
    72 118 109 21 66 126 61 120 18 114 109 49 38 72 28 88 13 121 105 30
    115 120 18 49 0 20 60 107 13 32 76 58 126 90 91 59 112 17 27 106 82
    125 13 79 110 26 66 27 28 109 89 31 49 5 48 3 60 17 14 96 8 44 18 23
    83 89 91 18 107 99 105 9 2 30 78 82 41 3 116 104 56 14 89 96 54 40
    49 6 56 66 80 84 89 59 89 52 32 16 112 127 16 101 64 123 37 118 115
    95 125 84 4 99 46 82 78 124 91 8 0 33 86 71 44 46 90 64 50 60 2 83
    101 124 73 112 62 117 38 97 21 63 78 29 116 28 37 68 111 88 6 2 28
    10 42 99 61 18 62 18 48 49 40 99 54 111 52 24 58 8 27 73 119 41 124
    78 45 110 70 46 38 13 61 94 15 98 55 53 115 73 73 0 53 43 44 9 95 69
    114 10 120 2 21 110 50 119 20 0 58 27 41 108 110 4 33 48 71 3 76 3
    108 121 97 75 96 118 14 90 38 83 22 56 52 115 6 17 116 63 126 79 37
    31 84 28 107 39 56 73 80 14 107 42 118 56 12 9 91 9 1 36 103 80 120
    122 101 96 19 53 114 47 39 29 90 48 52 60 20 127 35 64 120 127 39
    110 37 72 62 21 119 0 20 65 99 67 6 97 107 26 107 32 47 46 113 49 84
    67 77 110 86 77 77 4 28 61 41 84 101 79 0 65 44 64 80 10 0 29 33 53
    105 36 88 96 56 21 53 13 63 13 74 2 100 100 116 68 42 6 97 102 6 103
    53 23 45 48 46 33 101 20 36 101 40 35 38 50 112 82 7 47 88 102 13 74
    121 100 93 98 113 4 28 96 104 52 56 92 67 7 20 39 6 40 33 76 86 39
    73 77 21 22 97 105 34 25 115 114 50 98 70 50 12 48 40 106 47 71 9
    121 9 126 1 65 113 13 7 125 39 69 3 66 34 19 58 79 78 22 49 32 43 23
    54 74 41 92 123 72 17 59 3 55 93 6 16 46 32 27 127 2 96 51 81 103
    103 21 108 105 12 6 10 13 59 93 14 19 77 97 76 41 12 87 61 20 33 112
    47 56 65 105 67 74 20 84 39 91 50 105 78 57 85 29 113 64 104 0 13 38
    64 124 21 110 35 108 42 2 60 85 13 67 51 125 43 48 106 79 85 89 100
    39 9 4 97 126 5 63 113 117 12 81 65 91 5 105 87 88 77 62 13 102 112
    117 89 90 125 48 14 101 36 123 4 32 69 28 35 12 127 63 116 117 52 83
    116 12 51 11 111 117 47 28 113 111 67 14 113 38 12 67 120 20 49 30
    124 70 56 0 11 60 113 127 82 75 17 106 96 57 94 106 48 7 12 116 25
    18 50 91 75 66 35 14 71 4 58 83 119 21 54 20 118 79 26 108 90 117 50
    115 75 86 121 47 112 25 20 60 97 64 107 101 108 123 51 127 104 61 93
    25 84 79 34 0 9 98 109 118 3 53 58 28 37 87 45 81 40 24 37 57 8 117
    11 57 33 96 23 31 45 57 12 74 73 123 1 6 102 111 87 119 109 10 57 90
    15 38 34 4 116 53 9 60 21 45 23 42 110 125 7 103 40 33 75 127 70 12
    52 115 24 16 67 13 49 96 40 57 37 44 3 37 42 77 58 29 56 79 116 2 74
    28 123 19 103 82 114 3 72 89 104 76 110 65 119 51 53 63 82 107 4 89
    28 78 119 97 23 106 101 65 85 22 119 41 13 0 59 63 3 91 91 8 38 7 81
    55 20 92 3 76 98 88 27 36 118 62 47 119 36 87 90 96 89 108 74 38 12
    52 69 7 70 17 6 28 5 76 2 41 113 93 23 119 29 104 63 79 49 61 46 27
    87 4 19 23 51 4 85 98 114 56 53 17 79 77 114 34 38 95 125 43 85 48
    41 91 72 124 21 9 55 81 55 41 122 47 14 0 82 111 105 58 6 113 20 8
    81 45 114 100 34 51 98 104 84 82 51 21 17 4 10 81 61 51 52 22 35 97
    41 102 67 51 116 22 62 103 108 106 2 81 86 84 67 105 96 120 40 42
    113 116 34 115 122 4 13 27 23 61 105 85 25 59 78 24 71 56 16 111 91
    21 113 7 45 111 27 40 68 36 18 121 59 58 14 87 112 118 27 85 120 70
    91 112 77 122 14 63 98 113 113 77 64 119 10 126 105 31 18 115 67 79
    25 14 7 64 86 43 67 105 42 86 121 27 1 108 24 74 55 69 60 48 69 22 3
    0 20 47 30 102 112 49 127 68 24 106 95 60 61 23 22 96 4 18 7 82 76
    39 61 110 56 104 39 98 66 101 57 58 3 17 79 51 97 14 52 50 53 13 88
    71 60 100 124 112 4 18 18 15 99 27 65 6 111 100 61 78 116 42 117 94
    80 94 27 67 78 40 1 102 29 21 56 70 105 107 104 32 60 85 40 13 39
    109 11 113 29 95 40 57 66 74 58 71 118 84 87 101 37 91 74 26 41 47 8
    39 47 94 87 115 117 64 92 39 33 21 45 18 123 84 102 22 98 10 21 40
    41 46 126 99 84 119 65 27 47 55 49 77 56 46 103 112 68 110 47 104 32
    0 55 89 17 81 57 47 13 115 27 18 7 58 15 104 125 12 81 26 75 119 38
    111 44 104 109 112 65 21 2 47 1 126 35 101 7 73 13 81 52 124 19 39
    56 2 49 1 17 121 23 31 118 15 19 15 50 44 110 99 24 117 39 41 118 98
    75 1 127 0 116 108 23 27 60 115 1 43 44 76 76 1 126 56 29 68 30 44
    115 18 30 31 122 117 26 75 102 104 74 20 45 97 104 49 91 106 105 24
    85 127 46 106 93 3 93 60 79 15 119 75 68 88 62 91 72 102 46 96 23 2
    54 37 61 57 89 127 24 97 104 113 74 42 7 30 35 120 3 23 51 32 5 120
    84 91 32 19 43 65 90 97 37 111 123 121 37 85 125 48 43 106 60 80 105
    101 86 23 10 22 62 4 66 1 38 92 94 118 120 65 59 105 20 48 36 117 0
    73 79 127 31 60 57 39 51 97 103 70 32 96 13 6 101 87 5 122 96 13 60
    102 19 59 73 25 59 123 87 113 114 86 78 117 54 125 74 86 86 3 124 64
    22 59 21 113 69 65 114 12 59 31 37 29 121 4 116 52 55 115 105 84 83
    38 19 110 45 119 117 89 47 98 47 98 74 117 34 49 39 105 37 92 66 61
    16 14 127 79 62 126 95 33 99 77 19 79 65 57 26 115 117 40 14 80 32
    55 33 8 11 67 112 35 35 21 29 82 121 54 28 0 61 105 23 11 67 16 114
    75 63 38 29 3 43 46 69 63 24 113 45 119 123 2 115 49 85 86 124 118
    117 8 80 83 118 43 50 21 114 78 57 64 108 32 93 35 87 24 54 94 100
    17 58 1 63 26 44 85 46 110 22 18 43 26 55 125 112 18 59 42 91 29 62
    34 126 91 109 2 97 121 15 55 71 125 100 124 41 25 57 15 8 78 72 16
    83 89 60 77 13 38 30 83 119 57 121 40 22 13 88 50 5 122 41 57 54 22
    87 86 35 26 108 92 83 78 98 106 62 17 74 53 88 94 40 20 42 74 101 67
    100 56 10 3 101 98 2 97 101 60 18 73 19 95 127 44 38 127 107 69 124
    100 49 96 39 2 64 44 14 113 55 95 87 24 90 50 103 102 94 21 111 52
    114 3 9 55 75 7 108 107 104 83 125 34 119 94 28 85 116 123 44 21 39
    14 43 29 116 28 118 66 27 108 41 19 1 12 54 108 18 12 53 77 31 17 32
    15 37 74 13 44 121 90 68 35 12 60 35 118 20 111 63 75 5 26 29 119 83
    36 98 117 103 9 34 40 26 41 119 23 85 51 11 25 56 63 119 17 124 46
    94 87 94 61 23 124 95 62 127 11 57 55 110 47 14 126 123 6 91 39 31
    66 18 124 79 35 65 1 80 123 33 14 85 48 28 43 24 46 111 17 127 12 97
    115 110 112 105 104 66 86 91 38 9 53 6 99 114 94 123 124 71 75 113
    86 26 87 58 46 26 111 125 114 81 0 69 79 112 56 119 98 85 47 14 81
    18 70 103 54 62 79 74 64 26 105 98 82 18 63 91 14 29 40 70 30 62 64
    1 117 62 114 1 10 59 36 43 104 1 56 103 93 18 95 73 3 32 126 116 76
    42 55 20 54 14 46 30 45 2 49 18 40 15 25 104 73 65 36 106 122 6 50
    84 4 12 63 35 35 38 11 10 92 37 21 29 43 88 93 1 38 16 40 80 55 51
    120 111 90 13 69 61 44 44 54 127 11 110 113 92 26 85 46 96 113 84
    104 85 29 101 32 103 35 98 83 96 103 26 111 113 97 125 78 10 29 87
    61 30 98 53 55 121 8 22 93 66 2 120 97 9 34 69 102 26 1 52 51 67 9
    58 70 102 80 125 21 31 8 2 125 13 39 99 25 93 44 55 31 49 59 112 37
    17 39 112 86 105 52 123 47 83 1 95 36 6 94 45 24 41 45 19 101 85 65
    22 28 50 35 13 2 22 57 47 20 81 75 32 7 103 52 9 11 2 14 21 8 51 75
    60 3 13 47 84 25 67 47 78 64 109 101 2 15 73 72 49 116 51 105 6 87
    62 5 77 79 102 17 98 103 127 123 11 92 119 64 12 39 85 112 120 115 4
    72 115 106 105 28 80 70 112 113 78 83 86 121 126 97 69 30 84 102 57
    52 40 94 124 27 92 124 93 70 17 106 46 105 2 103 17 6 37 31 28 35 94
    103 88 29 38 116 73 23 55 41 73 119 110 109 106 40 0 58 111 4 36 1
    37 61 42 81 16 16 38 20 76 7 46 17 82 55 1 42 21 9 26 13 73 96 64 31
    60 118 34 101 46 31 117 62 31 20 57 48 57 1 81 46 35 36 9 88 25 8 9
    19 76 85 38 117 6 43 37 27 85 122 125 25 121 51 65 51 40 76 110 56
    126 107 79 61 81 114 56 114 12 105 76 31 75 53 87 100 108 119 84 63
    118 15 121 9 77 15 68 12 40 85 8 4 52 22 76 67 81 49 118 57 10 28
    103 6 82 125 41 106 56 25 47 84 44 59 83 19 37 25 58 32 95 103 40
    117 8 91 74 76 111 34 2 39 41 4 0 70 65 94 2 34 44 97 65 121 101 52
    16 49 75 77 39 47 73 12 27 21 74 40 81 80 25 31 109 52 18 21 120 25
    23 123 77 101 105 40 24 24 81 36 65 86 75 114 48 43 127 115 98 39 81
    119 118 91 55 110 0 90 70 124 98 37 68 109 9 118 100 109 114 123 11
    106 89 7 40 29 12 73 122 94 5 26 66 99 63 124 29 7 86 84 121 96 17
    46 12 118 48 122 38 127 98 46 43 11 124 115 10 120 57 20 32 34 62 97
    88 53 106 105 100 103 108 15 2 106 98 11 126 65 0 103 94 31 7 11 89
    111 109 13 2 103 37 83 46 31 79 12 117 88 79 119 79 7 55 33 119 112
    65 9 68 31 48 115 33 6 124 82 120 41 58 61 60 57 84 93 90 62 49 91
    34 67 125 30 79 46 40 38 20 15 24 20 2 3 82 127 1 45 15 71 49 63 99
    80 111 13 21 112 70 81 101 42 1 58 26 52 79 35 34 103 49 94 39 124
    56 88 4 34 94 81 72 67 48 119 5 76 7 111 92 43 126 46 51 38 28 79 14
    37 38 40 103 88 45 30 120 96 19 57 119 52 14 42 65 21 123 66 114 63
    79 63 50 117 125 62 55 125 30 75 87 45 113 51 113 45 49 0 28 11 84
    17 33 69 122 92 66 126 65 63 11 123 114 85 117 44 81 31 77 39 0 57
    43 52 10 98 40 9 111 46 47 47 33 110 27 17 40 37 41 7 85 16 54 71
    105 122 23 53 117 9 84 105 38 38 101 28 20 100 2 111 31 91 101 12 82
    90 43 51 106 85 31 22 23 4 44 51 5 100 32 53 106 89 34 19 93 37 57
    62 55 113 81 3 124 44 39 33 7 9 120 62 38 83 14 47 20 100 123 48 49
    95 100 107 42 85 79 77 113 50 30 66 11 74 119 33 115 114 66 62 38 75
    82 41 30 61 83 77 3 18 5 29 108 124 47 91 82 89 49 121 87 117 55 71
    76 88 27 11 41 78 118 39 97 124 7 23 127 60 8 10 107 63 105 22 99
    113 46 102 22 10 94 85 42 49 19 98 20 107 18 124 20 2 126 99 89 125
    114 121 2 54 120 35 80 16 46 98 19 29 82 122 125 107 7 23 16 101 109
    102 126 56 68 118 54 18 121 8 1 120 117 58 19 72 72 17 88 66 93 26
    56 109 54 60 32 125 90 83 21 51 76 65 13 106 58 68 56 126 29 83 101
    99 3 53 34 23 11 54 76 72 117 92 50 119 34 23 31 0 103 90 34 82 120
    80 96 7 48 74 16 24 7 69 106 2 123 85 11 58 104 38 115 44 107 46 55
    48 112 113 47 43 106 112 38 30 107 14 33 51 98 69 112 80 7 102 107
    117 92 96 23 38 23 17 43 85 115 121 48 57 21 12 118 105 35 51 110 4
    61 28 114 46 70 66 5 78 69 98 62 14 0 107 25 55 102 118 124 127 100
    118 47 119 45 107 95 0 66 74 41 40 91 70 60 92 45 103 29 90 10 43 66
    89 109 88 24 99 100 79 56 31 19 10 77 26 55 51 0 0 48 28 44 48 56 0
    29 5 42 120 104 61 69 104 89 69 49 38 93 59 24 12 10 75 33 77 7 74
    51 54 124 115 42 111 69 14 106 56 92 49 13 0 15 8 15 19 44 109 35 55
    70 52 23 11 12 76 34 102 29 13 70 67 116 15 24 105 5 45 82 88 117 86
    99 63 106 107 19 43 43 63 13 100 0 97 104 102 96 54 61 80 88 84 86
    24 106 34 34 74 48 35 1 125 120 1 13 26 61 82 111 30 22 90 113 92 87
    21 86 61 37 73 44 72 94 12 59 56 48 104 81 106 91 24 34 79 116 112
    58 89 88 54 96 65 21 120 113 62 33 89 28 22 47 33 68 45 12 54 33 24
    54 17 13 25 80 6 45 121 80 8 51 1 9 47 8 124 68 95 48 112 102 77 112
    50 48 24 54 47 6 123 85 21 99 106 125 72 9 95 105 82 32 63 98 16 114
    115 56 27 32 11 28 105 4 110 74 75 49 46 15 105 66 77 39 70 85 67 63
    31 71 19 35 2 91 13 53 76 103 9 80 110 0 123 51 68 119 44 67 24 46
    86 11 9 125 19 107 58 91 36 97 80 57 27 2 4 115 34 70 86 33 43 96 18
    113 114 14 30 26 21 68 23 62 113 94 109 67 75 109 76 96 107 107 23
    32 36 38 80 113 69 12 14 114 103 51 117 79 44 85 21 106 21 19 88 108
    76 113 9 92 12 46 68 69 41 18 76 97 0 21 92 44 38 58 18 24 125 121
    99 21 31 53 47 52 73 108 24 72 58 30 24 115 18 86 34 84 116 97 73 31
    27 98 48 125 118 109 34 87 74 104 79 71 111 107 68 96 85 6 2 67 27
    111 34 125 111 40 66 66 119 85 98 37 109 122 105 18 109 68 43 18 71
    99 34 19 107 95 79 84 56 45 25 4 98 45 7 73 10 15 113 118 48 30 53
    85 55 70 15 109 19 63 14 58 87 24 103 84 73 102 83 77 34 31 33 45
    123 78 97 27 65 9 92 119 23 16 111 107 76 62 41 123 33 36 18 37 33
    68 105 106 25 95 38 57 18 102 66 75 51 102 24 4 85 94 33 108 111 102
    75 47 73 56 95 90 65 74 81 76 26 91 92 77 28 112 94 35 51 121 33 9 7
    106 87 70 113 14 53 76 39 126 91 104 14 121 122 19 92 110 94 18 97
    45 51 52 13 7 12 37 62 78 8 81 48 14 26 40 94 86 102 34 124 18 16 22
    88 39 116 125 82 26 77 90 33 115 7 115 3 107 124 4 1 64 93 73 93 40
    43 79 42 92 115 68 30 66 120 69 111 95 7 80 96 17 49 93 123 116 2
    100 26 12 21 41 90 124 2 120 112 58 94 55 93 56 55 117 17 122 40 73
    84 88 40 45 29 94 85 65 30 94 126 79 115 122 95 19 56 45 25 51 114
    100 41 48 112 94 49 107 32 2 60 101 122 84 51 104 98 91 2 117 65 49
    110 31 56 109 81 22 127 15 47 82 70 114 7 120 82 79 57 30 73 63 51
    18 25 54 118 69 66 60 120 58 68 56 71 111 62 42 79 39 84 122 57 53
    10 93 119 112 83 1 106 40 99 79 67 55 96 21 103 122 57 90 51 61 36
    66 85 115 59 100 29 97 49 56 23 57 109 38 95 95 3 122 98 74 94 8 97
    123 56 81 29 13 9 15 26 10 83 55 72 34 64 125 117 4 70 68 37 17 103
    77 22 86 120 101 102 98 45 32 18 80 37 11 120 83 47 79 96 14 120 58
    100 40 90 44 123 13 41 115 104 24 61 54 24 16 25 39 112 88 2 63 63
    63 118 103 18 58 96 58 26 29 74 56 11 15 76 32 117 52 71 21 40 21 47
    117 120 93 82 32 60 93 39 75 43 35 56 16 20 95 115 65 17 12 67 84 78
    82 17 22 123 95 9 46 87 10 117 45 52 38 32 64 70 15 59 53 68 81 77
    96 71 52 31 15 22 91 71 48 63 91 55 119 65 29 70 109 82 31 126 82 96
    6 43 19 66 76 100 119 19 9 62 113 83 63 53 79 56 54 0 58 73 47 103
    15 44 65 3 26 18 117 20 127 56 87 11 89 127 42 75 16 100 110 116 13
    18 117 38 89 32 41 119 125 106 112 21 66 121 21 97 83 38 104 39 100
    65 72 83 10 20 64 107 57 69 126 29 61 46 87 38 31 37 103 125 111 21
    3 58 96 97 2 93 51 72 33 65 27 50 18 114 20 100 100 112 68 81 74 89
    29 41 15 57 81 109 104 67 72 110 84 112 79 79 41 98 126 14 67 69 106
    79 16 81 31 98 57 115 10 99 12 46 87 122 118 27 102 119 51 69 105 98
    60 8 99 17 88 100 113 31 4 104 17 55 34 21 46 26 92 24 62 103 95 121
    50 22 86 83 21 82 32 13 109 0 42 127 79 113 44 17 9 94 37 14 85 35
    81 110 71 24 42 30 120 37 78 111 88 26 83 39 12 9 92 33 68 62 101 54
    21 34 30 26 30 54 28 105 86 18 15 31 23 43 18 101 22 48 71 40 77 127
    82 83 81 43 118 59 6 22 75 22 68 97 22 98 78 49 36 3 109 96 107 93
    74 111 127 52 48 62 4 25 41 18 29 68 63 3 52 1 43 6 14 17 51 10 52
    118 35 111 66 88 73 64 116 10 89 70 65 89 105 17 112 122 125 76 32
    114 50 53 90 10 125 72 95 97 82 113 46 77 43 9 67 97 21 105 100 14 7
    17 44 42 43 86 42 87 86 82 19 72 127 67 109 99 46 108 5 68 96 72 105
    3 5 45 99 65 87 35 79 88 54 79 68 103 125 56 15 100 125 75 14 4 98
    33 88 93 62 100 57 56 98 52 22 22 82 40 99 121 117 72 65 44 49 7 101
    110 25 15 102 32 81 23 58 103 12 34 90 41 28 28 90 95 115 26 93 69
    78 31 119 79 61 15 89 102 27 16 13 18 85 48 38 117 62 94 32 88 27 86
    49 36 106 0 10 2 0 96 61 22 125 62 28 62 73 99 70 7 90 89 86 105 7
    109 83 7 113 52 1 101 56 47 94 3 51 122 75 124 92 68 92 91 117 119 3
    71 85 107 60 106 48 29 39 60 114 5 43 70 113 54 90 2 109 18 13 24 33
    10 98 84 127 24 3 17 45 35 3 11 113 126 2 70 38 21 32 6 3 24 127 59
    123 46 110 79 92 60 62 13 41 119 108 93 3 20 64 53 26 124 96 39 66
    47 125 108 122 104 56 11 115 97 85 20 36 5 84 113 1 122 90 84 46 78
    45 85 22 50 59 121 105 71 126 55 74 24 69 19 112 118 107 122 16 119
    91 11 43 65 68 25 35 105 18 27 23 54 29 9 70 66 78 43 44 4 97 74 15
    56 112 19 20 0 99 117 94 117 124 119 52 13 105 1 50 73 22 24 114 108
    90 53 73 92 103 123 35 114 9 105 114 45 78 105 32 55 96 42 98 9 104
    38 32 69 3 32 82 16 26 45 18 66 41 103 101 43 37 118 5 123 113 2 19
    0 78 16 1 58 108 93 75 96 51 79 101 66 125 74 4 63 11 118 81 34 84
    60 39 0 71 92 76 13 32 64 124 91 48 39 35 74 68 57 10 0 42 67 76 103
    124 20 117 108 72 104 127 45 111 99 86 17 39 77 100 117 39 102 124 2
    126 124 113 68 76 4 27 65 122 118 123 19 118 112 30 102 111 34 60 83
    121 42 3 29 108 35 88 116 90 102 90 20 13 53 102 50 118 86 109 61 93
    86 112 73 99 74 16 50 51 53 45 94 106 122 111 94 115 57 109 69 41 20
    92 95 48 73 1 24 17 61 85 115 88 75 21 46 50 77 27 118 84 127 106
    121 30 89 112 103 1 109 122 39 96 101 30 69 17 17 73 18 78 35 119 7
    81 122 55 52 68 2 87 110 78 43 33 23 87 119 65 15 27 88 44 39 95 52
    58 24 88 66 0 7 16 33 77 16 97 76 83 60 28 119 78 55 63 106 32 45 64
    93 42 79 88 120 62 78 41 45 8 20 43 80 96 69 2 64 71 33 30 14 106 79
    77 64 14 104 52 8 52 30 105 77 4 19 10 8 109 110 126 101 18 88 118
    121 42 4 58 38 64 69 44 58 27 81 120 65 42 103 85 66 120 92 96 62
    112 96 55 71 26 124 3 97 116 123 50 36 92 106 35 43 26 26 65 86 43
    97 126 127 123 90 115 21 42 53 103 17 76 1 109 67 59 110 45 25 21
    108 0 60 52 54 97 11 18 52 19 77 92 79 44 9 54 11 114 30 17 5 48 55
    127 125 97 91 37 47 28 106 19 14 95 35 8 44 17 60 84 73 37 85 98 91
    64 22 32 94 96 78 85 105 79 56 61 22 20 70 92 81 0 78 103 98 51 67
    61 121 44 70 96 116 29 59 71 38 10 113 115 114 81 17 111 113 0 95 69
    44 49 54 19 16 124 13 0 41 120 50 78 32 32 20 92 88 19 14 71 121 103
    76 102 57 44 47 53 41 62 95 37 115 121 57 35 73 92 65 64 29 14 48 44
    72 31 118 62 100 20 121 96 31 2 121 93 67 102 103 2 75 102 56 56 48
    100 58 125 76 90 123 10 41 25 98 32 34 33 34 71 13 30 107 103 87 1
    47 15 47 47 9 75 69 112 102 101 2 39 38 90 125 122 50 83 35 57 38 12
    117 101 15 47 53 95 101 38 90 72 116 44 62 119 104 9 115 70 15 92 17
    18 100 123 31 49 44 22 53 26 88 88 56 78 31 102 116 37 61 9 1 117 36
    33 36 76 124 45 17 34 29 49 30 70 63 99 120 58 74 121 16 16 77 38 26
    111 107 104 45 36 53 126 93 108 5 96 76 67 54 105 59 45 36 69 15 106
    68 124 15 83 62 80 63 73 95 41 84 41 2 6 3 71 9 102 3 59 57 71 76
    101 98 109 24 13 124 119 53 52 26 88 35 121 63 52 122 124 16 67 116
    41 29 49 68 64 17 34 122 61 25 55 69 8 115 9 103 21 26 118 54 72 32
    22 16 51 5 23 103 15 11 102 122 76 61 12 95 43 35 51 26 89 105 15 78
    17 48 89 23 8 8 70 76 125 73 74 50 53 17 58 78 50 108 8 100 46 102
    43 83 3 99 40 31 45 0 20 63 121 91 31 116 56 97 65 119 67 99 42 65
    93 116 77 108 65 81 28 91 89 37 12 98 109 15 80 122 50 30 81 82 62
    46 21 61 73 96 120 121 48 121 116 67 23 74 38 41 102 37 6 75 22 48
    53 127 86 64 36 25 114 33 30 61 106 65 61 109 21 100 60 24 8 29 73
    49 51 96 59 79 46 53 125 83 115 32 24 39 81 89 110 48 37 99 99 78 15
    100 102 104 112 28 60 114 50 24 88 112 79 26 2 123 1 10 64 9 39 119
    5 2 19 66 0 2 113 102 87 12 25 68 26 74 82 96 72 52 1 22 62 39 53
    106 93 32 89 1 86 54 127 123 97 95 20 104 89 90 112 13 121 20 86 114
    26 122 108 93 101 52 95 114 50 79 115 17 3 118 93 88 72 108 32 65 5
    85 94 30 97 70 120 95 61 43 110 68 20 111 29 100 119 20 48 100 110
    112 68 53 105 117 18 127 69 74 32 28 67 111 97 84 23 82 57 17 37 47
    20 38 111 22 6 31 85 118 76 117 100 100 18 14 10 87 24 6 112 95 88 2
    92 60 86 125 10 115 114 14 97 11 119 125 28 105 37 25 70 32 70 103
    127 81 11 82 11 74 92 15 109 30 33 118 36 12 71 20 114 16 52 102 89
    52 74 85 112 89 89 85 116 80 15 14 124 82 56 78 75 26 65 7 70 17 1
    98 13 82 81 39 62 91 119 113 62 10 85 70 70 61 68 119 108 117 32 2
    31 127 31 109 103 26 58 113 67 102 87 58 127 11 91 16 28 50 6 18 36
    41 91 35 41 79 106 53 67 40 86 89 66 96 93 5 42 122 64 127 72 26 105
    46 115 118 94 45 124 62 31 91 54 118 55 35 104 34 41 69 44 30 41 44
    63 75 94 70 50 51 74 19 116 59 57 64 94 8 26 57 105 87 74 92 11 46
    12 0 109 7 125 62 5 115 118 3 118 56 69 38 89 63 16 42 35 105 42 18
    38 121 92 63 35 85 64 60 33 80 35 2 8 30 106 39 121 50 113 108 5 37
    67 26 3 101 5 0 88 76 45 69 60 64 42 97 55 107 118 85 15 18 84 43 40
    98 90 50 34 122 11 29 32 119 17 97 28 92 123 29 11 51 22 50 18 59 7
    96 47 76 28 54 2 37 18 84 122 94 73 41 29 117 18 58 48 27 101 75 114
    99 77 69 115 23 92 42 125 32 45 108 119 112 88 13 21 28 65 19 51 50
    8 110 79 57 70 104 78 43 43 73 103 5 95 88 8 119 31 76 111 72 105 10
    14 108 15 96 36 53 110 109 60 88 89 59 121 38 49 113 71 62 114 114
    111 57 104 48 70 4 97 108 110 80 29 3 15 33 24 94 25 99 113 102 45 3
    66 76 81 114 14 23 75 64 90 55 115 84 53 83 11 22 93 115 46 93 14
    102 48 48 127 78 123 115 52 82 122 12 102 122 90 12 99 29 51 34 28
    37 102 105 96 122 54 29 25 117 72 57 65 113 60 21 29 34 10 16 17 15
    40 106 10 33 65 97 27 100 102 84 56 61 0 96 81 68 2 76 76 44 41 121
    29 40 87 28 64 124 44 111 23 46 51 96 107 39 23 52 38 8 26 8 83 120
    59 55 78 56 116 84 75 75 68 53 13 19 81 36 10 63 100 115 125 10 25
    25 73 32 81 66 99 123 38 93 113 66 17 48 33 72 52 11 32 102 124 42
    85 0 110 62 106 102 11 16 47 8 94 78 66 89 72 85 24 53 107 84 2 43
    80 106 63 91 75 36 46 59 116 32 108 73 71 77 8 18 91 21 1 127 38 89
    79 10 56 95 103 109 13 76 35 125 58 16 102 21 88 95 21 76 91 9 25 13
    78 62 119 71 41 102 71 7 20 11 48 11 84 66 37 92 0 53 110 91 15 0 89
    57 26 89 12 99 118 21 38 80 27 67 124 85 107 108 39 94 92 95 8 104
    14 107 34 64 60 119 18 35 7 53 70 57 106 11 27 86 114 33 24 9 127 31
    68 123 114 43 59 26 30 35 5 83 70 102 27 63 116 52 87 96 117 56 28
    39 80 26 71 62 59 79 99 91 4 100 19 11 85 74 60 99 64 82 115 3 111
    71 29 39 92 119 14 117 39 0 28 113 45 59 117 83 47 6 94 96 30 71 61
    35 72 37 91 51 61 127 90 85 2 100 46 28 71 41 95 106 43 28 124 55 19
    19 71 67 6 21 83 17 110 125 105 89 108 56 54 30 21 105 52 4 52 96 88
    22 45 124 40 80 42 2 90 61 63 50 7 55 114 54 58 65 80 75 68 76 13
    104 59 43 76 89 13 121 111 111 74 36 123 101 5 57 26 32 106 25 104
    76 115 44 105 106 70 126 103 71 121 111 27 59 84 59 101 40 127 0 104
    35 80 1 79 22 6 126 34 24 101 105 50 99 127 62 33 107 125 33 15 6 95
    124 44 89 111 23 105 43 18 32 113 126 65 105 11 0 121 38 116 99 0 98
    109 28 85 43 65 26 3 94 106 5 111 41 12 79 1 64 94 38 61 67 11 72 8
    2 46 43 110 57 11 46 107 7 23 4 21 17 65 111 23 105 100 19 55 106
    104 72 89 35 49 5 48 93 53 101 61 77 73 43 32 2 17 43 10 80 82 114
    75 34 100 93 42 53 25 99 35 114 113 62 105 120 121 77 64 93 83 23 58
    22 127 5 87 38 20 73 122 80 49 52 113 17 30 6 98 51 83 83 125 17 93
    45 17 19 18 123 70 7 92 34 118 117 123 54 106 2 73 93 17 77 48 99 69
    63 34 115 30 51 29 58 70 26 62 69 26 107 88 88 11 61 10 111 31 48 19
    116 5 25 75 109 22 112 55 97 10 83 105 61 95 16 27 81 39 62 127 18
    25 116 115 33 73 63 80 113 90 121 53 50 9 10 94 63 50 114 66 89 3 54
    126 123 82 98 79 1 42 1 11 95 37 90 73 19 59 38 0 57 118 64 127 108
    64 31 12 36 94 74 42 101 49 8 124 78 5 0 2 56 87 83 13 78 106 6 75 7
    45 77 2 42 94 99 21 37 65 98 83 4 101 96 53 57 9 2 60 67 28 112 4
    100 89 51 111 56 12 34 69 17 106 93 43 28 87 21 70 29 40 22 56 25 37
    71 30 48 73 70 67 59 123 102 15 3 102 27 24 46 110 85 72 80 27 91
    119 48 127 70 54 65 42 76 67 71 42 31 77 47 96 104 125 76 56 32 70
    16 18 115 40 107 28 30 33 114 27 103 93 53 62 32 119 93 65 15 84 65
    18 26 30 68 31 54 5 103 58 38 7 124 34 23 62 74 63 93 34 127 96 14
    29 85 85 118 76 52 79 55 51 102 74 114 97 112 57 125 87 124 56 69 85
    44 83 6 118 40 20 32 74 118 23 88 122 102 31 28 86 58 127 31 112 60
    23 104 56 11 53 89 90 19 120 52 20 60 37 97 98 23 34 64 24 11 46 64
    74 35 102 90 109 48 103 64 10 101 111 106 74 89 87 63 51 49 48 31 26
    116 19 59 27 49 113 103 2 39 42 26 84 49 59 18 45 59 37 8 70 14 29
    39 49 87 117 67 51 80 75 77 69 8 8 7 84 31 40 99 74 92 95 86 75 114
    99 8 111 13 109 19 103 89 104 76 99 76 7 86 105 24 100 46 101 63 56
    20 94 28 15 91 100 39 30 38 8 55 115 62 73 18 87 106 45 5 127 76 64
    31 117 2 17 72 55 12 91 35 61 68 9 116 110 100 49 80 51 39 92 120 40
    26 69 3 99 13 101 52 80 92 68 88 114 63 47 26 118 33 13 100 42 127
    126 35 53 5 21 39 37 57 112 23 104 21 51 52 109 101 107 57 21 89 42
    35 58 18 69 87 19 101 80 17 91 34 35 98 43 10 42 102 47 89 82 76 64
    78 88 99 80 118 125 68 56 53 100 5 122 88 50 72 103 89 16 120 100 70
    46 19 52 78 44 72 8 62 99 91 59 28 115 111 3 125 46 4 64 121 75 14
    120 42 38 80 17 89 124 74 103 48 85 94 89 33 86 107 116 77 122 26 93
    7 11 81 47 111 4 21 60 22 116 106 102 19 121 89 71 55 52 1 81 93 72
    36 40 86 4 92 0 11 0 93 33 111 45 84 107 44 19 56 58 38 3 4 103 1 10
    47 103 31 80 6 43 103 115 65 16 115 24 65 74 52 13 52 60 22 14 118
    25 22 54 45 117 9 120 105 72 107 81 47 114 34 123 126 59 55 49 35
    105 24 42 115 113 116 62 71 39 48 39 85 15 55 82 103 8 86 23 9 124
    92 119 50 41 66 20 90 57 68 62 93 117 63 46 23 64 65 11 32 9 45 52
    92 60 74 15 79 120 127 44 99 33 107 109 81 51 24 127 56 106 42 35 40
    107 20 65 126 115 46 54 32 70 69 111 2 13 116 111 109 62 17 71 15 83
    8 115 122 120 14 43 30 65 8 41 23 83 35 11 99 80 44 81 42 8 46 91
    110 24 56 52 33 119 65 85 27 98 57 110 47 0 81 63 82 53 98 28 107
    114 63 52 28 50 58 45 104 93 85 105 114 34 8 5 51 58 7 71 80 86 14
    35 22 51 29 110 66 55 123 60 91 109 88 36 116 0 32 60 24 38 57 11 40
    91 126 127 91 44 106 22 126 55 111 126 104 29 45 115 108 10 3 14 12
    10 29 48 9 20 61 98 89 0 38 124 61 13 119 93 76 127 120 36 115 44 24
    34 52 43 30 69 60 95 20 83 47 17 11 32 96 35 58 81 85 69 39 50 40 80
    41 15 34 98 100 88 4 116 21 24 68 99 7 0 92 65 17 98 68 112 75 86 36
    51 104 65 111 48 49 63 85 43 54 81 121 1 63 126 112 116 69 0 66 41
    113 86 96 29 15 96 52 35 56 117 0 28 23 126 96 1 29 3 121 124 102
    121 52 34 108 66 3 32 70 70 17 78 100 98 31 122 33 52 18 75 19 112
    111 108 99 115 92 62 3 111 17 57 20 33 5 69 3 89 98 28 119 4 60 83
    12 127 102 36 104 13 31 95 115 62 105 106 34 93 110 43 10 68 2 36 69
    86 39 1 26 92 112 37 87 7 11 119 102 63 82 114 121 17 74 84 60 113
    78 25 114 18 46 117 12 44 3 120 2 7 116 35 17 82 34 21 15 72 113 6
    105 106 26 26 25 53 70 97 122 103 63 7 61 78 88 87 58 124 63 38 102
    21 49 121 13 93 99 34 83 52 27 106 73 23 55 65 105 69 53 88 32 117 1
    79 11 6 118 32 109 120 123 43 88 104 82 72 79 1 22 110 27 119 108
    112 83 48 99 88 81 23 33 5 22 58 42 91 47 28 55 85 96 62 6 121 70 44
    28 81 9 2 110 54 19 33 24 100 46 125 81 49 86 35 27 94 104 125 8 121
    93 53 45 127 63 20 122 117 73 12 111 125 25 66 74 35 61 25 22 96 42
    19 41 94 102 2 35 81 27 86 84 115 103 5 60 102 2 35 107 97 85 112 44
    0 29 121 49 58 21 6 19 83 12 3 82 87 83 111 9 3 127 86 88 57 32 48
    53 55 125 57 80 123 69 99 43 1 39 112 82 53 5 31 37 44 16 87 16 98
    95 123 13 67 57 124 81 21 6 64 101 95 96 14 14 39 25 27 19 46 75 86
    18 12 8 24 90 79 55 74 51 119 109 70 85 8 54 54 119 51 61 81 48 29
    65 122 57 32 34 72 32 67 97 87 22 6 17 82 37 81 0 59 105 120 57 63
    111 85 89 74 71 55 40 113 109 62 41 81 32 68 37 78 103 68 1 10 35 69
    60 76 7 71 58 12 52 108 4 12 111 8 2 13 51 32 76 114 49 43 23 77 69
    5 78 33 67 61 110 105 5 120 21 120 119 55 88 65 41 55 32 18 4 75 62
    11 91 122 29 112 25 57 64 28 89 13 67 62 8 88 56 43 38 8 74 119 44
    31 28 97 119 125 40 111 12 6 42 8 50 118 6 55 81 97 83 97 48 48 79
    45 4 113 103 31 96 22 74 18 87 123 36 52 56 21 23 39 111 62 42 112
    77 100 9 121 29 49 0 67 70 5 85 34 105 64 96 49 108 46 113 7 8 8 90
    125 35 102 5 73 109 117 5 34 104 13 121 11 37 71 77 12 43 100 98 67
    18 24 74 95 88 52 22 127 12 23 89 48 1 91 98 58 0 111 0 47 70 96 43
    12 69 57 8 11 89 43 17 52 65 1 40 22 103 53 13 1 71 41 55 121 74 83
    109 30 90 4 97 73 6 24 64 67 104 14 32 60 65 52 65 71 37 30 19 68 4
    30 105 54 20 56 50 81 125 16 34 21 124 115 10 71 51 5 102 67 58 64
    113 65 77 17 97 26 106 94 100 42 3 112 56 127 101 25 48 59 44 59 35
    78 47 66 27 18 15 61 4 19 64 96 35 3 68 41 24 49 127 20 47 127 4 44
    114 16 0 52 25 24 27 108 96 89 21 58 59 79 127 27 61 117 122 95 58
    80 126 71 28 39 109 107 20 35 113 58 51 110 25 41 67 107 39 2 91 60
    47 28 77 97 44 20 38 126 73 75 74 61 63 107 75 89 104 105 44 112 67
    88 0 99 42 41 32 99 90 5 81 33 86 86 2 58 53 48 70 45 12 84 123 119
    40 119 127 41 92 79 114 21 38 70 86 124 120 27 38 18 31 10 13 63 6
    108 89 111 118 27 53 94 115 99 59 108 114 115 60 10 74 36 90 91 94
    61 45 22 95 103 13 44 124 25 25 75 32 115 14 57 97 30 22 16 37 36
    107 84 16 88 52 85 70 79 102 15 105 42 37 2 90 75 33 93 56 123 1 19
    54 100 78 111 81 113 58 90 75 18 26 21 31 41 12 104 3 19 120 127 50
    119 94 4 61 18 87 34 112 19 89 74 97 104 92 67 82 0 66 110 82 66 6
    109 55 43 43 123 25 9 94 38 62 10 31 28 11 71 63 81 100 65 11 96 60
    36 36 18 62 78 10 109 61 42 48 70 20 94 41 27 2 15 125 16 62 118 33
    63 79 115 67 33 79 80 57 90 21 23 76 56 29 99 14 125 4 110 67 88 110
    17 60 14 31 23 100 43 57 109 22 73 12 59 9 107 69 22 33 43 25 54 4 8
    52 81 43 31 20 88 47 18 123 123 60 80 82 120 90 112 92 96 67 11 126
    74 2 116 90 95 115 86 32 126 60 108 67 21 90 46 47 37 98 86 59 54 7
    81 25 56 43 118 66 105 77 77 121 25 98 17 117 12 26 5 25 23 45 100
    32 104 29 19 22 106 111 36 19 48 111 124 12 100 71 14 89 51 71 2 122
    35 20 40 101 32 115 24 103 111 99 36 4 101 56 123 59 81 15 53 12 111
    33 24 123 37 71 7 36 9 36 27 87 34 10 75 81 111 3 44 122 67 1 46 122
    10 94 112 98 97 124 46 29 87 106 90 13 31 19 14 49 87 120 87 115 126
    78 20 23 70 18 1 23 106 1 9 3 30 73 1 15 60 16 90 125 25 104 25 103
    92 10 38 78 70 113 60 7 52 127 77 82 21 31 95 49 23 120 86 0 5 117
    95 47 71 45 93 59 71 59 43 113 8 65 93 12 73 60 82 91 72 78 22 117
    77 95 15 61 65 21 119 3 105 44 106 107 119 66 92 55 124 63 97 99 12
    36 8 120 15 46 53 99 23 103 80 21 79 83 49 65 30 44 23 14 10 92 18
    100 30 56 66 57 100 46 4 53 52 80 60 50 8 29 57 71 105 20 36 116 90
    15 90 45 62 74 90 2 56 48 70 31 58 23 120 51 42 52 121 79 109 42 67
    51 20 56 12 3 21 1 30 4 113 66 109 56 66 52 22 29 124 47 37 61 97 36
    10 103 110 106 115 108 56 91 122 81 72 20 87 105 108 89 48 40 45 97
    82 72 90 46 124 5 13 1 51 72 61 108 65 61 48 60 30 82 3 118 43 118
    88 53 80 48 99 80 79 87 123 72 10 34 26 91 20 114 10 125 116 70 27
    88 43 86 74 82 109 13 91 36 98 66 126 88 5 4 26 96 116 3 116 72 35
    44 59 73 125 53 60 78 58 7 2 54 120 5 5 95 102 16 51 116 71 127 74
    84 123 71 74 92 98 51 41 98 20 104 60 96 81 55 9 27 73 38 34 68 1 43
    37 106 5 56 55 112 13 105 0 118 108 27 122 68 107 19 93 55 78 24 55
    44 1 80 65 23 97 3 66 43 125 40 79 27 35 21 117 102 34 78 92 47 102
    48 97 102 83 125 65 82 116 26 55 50 23 10 127 19 5 76 87 89 120 113
    36 49 1 53 24 7 40 68 42 41 111 36 87 125 53 46 95 109 114 110 76 65
    116 52 6 117 57 81 54 28 89 106 96 15 14 47 89 1 59 118 9 67 18 0 56
    37 125 63 93 34 61 74 62 103 83 43 71 62 33 9 102 60 49 73 35 70 110
    64 2 111 82 60 68 4 27 60 86 115 14 116 27 34 62 57 99 52 36 19 38
    83 57 99 8 71 5 58 45 70 121 107 7 112 82 42 51 100 77 107 97 75 120
    84 106 4 124 20 69 107 45 13 60 50 27 29 95 58 41 95 121 68 32 120
    88 121 125 57 43 75 47 39 123 13 17 77 104 28 37 58 39 36 25 117 71
    89 35 81 74 125 18 59 73 116 18 0 119 28 12 47 100 61 44 33 119 15
    48 17 92 104 32 20 15 42 19 94 18 78 57 16 64 3 67 109 3 26 0 57 44
    88 18 24 123 49 33 105 94 8 39 90 119 19 45 117 15 61 76 8 96 15 13
    124 127 35 87 12 98 48 0 56 11 68 4 125 85 67 26 34 39 27 104 127
    105 62 13 117 3 67 38 61 36 72 71 7 29 72 36 87 14 8 45 109 13 43 40
    96 111 121 74 22 64 101 37 68 56 13 27 33 9 101 9 54 63 85 115 19 10
    50 22 100 2 12 47 68 14 34 9 83 66 53 73 25 114 52 87 41 10 117 117
    24 71 90 60 88 88 38 72 51 52 37 127 26 107 90 50 14 113 68 118 63
    53 75 92 107 84 89 120 75 3 37 44 115 78 51 67 0 6 74 42 109 47 93 7
    87 84 125 100 82 90 48 40 114 41 36 34 2 124 124 76 117 22 112 108
    67 117 39 113 63 58 41 8 44 93 94 19 36 66 35 117 98 105 56 112 28
    126 69 5 45 80 51 92 54 86 82 70 20 79 114 22 64 0 41 52 34 95 82 6
    92 49 25 88 79 43 116 124 97 26 86 111 119 106 80 51 115 45 65 38
    120 49 1 74 47 38 31 7 48 92 38 90 28 109 43 51 101 50 52 78 69 118
    87 123 62 110 73 126 62 68 51 79 115 40 30 120 50 33 13 50 40 19 40
    73 112 80 90 7 79 53 68 119 57 31 122 50 81 21 88 46 44 22 13 72 126
    97 122 29 4 63 123 79 86 46 97 112 33 82 25 47 99 12 85 66 24 71 70
    75 44 13 29 75 39 109 45 78 126 27 29 44 23 92 58 72 104 74 121 45
    52 7 43 58 100 120 41 92 40 27 100 50 90 34 29 124 42 107 11 111 32
    19 52 68 86 50 46 18 73 101 95 41 55 71 79 11 19 8 29 94 58 69 29 40
    64 12 116 119 73 4 107 53 125 101 40 105 95 1 127 124 44 40 124 113
    73 14 114 31 90 38 126 4 72 52 103 107 21 2 116 107 15 116 76 0 94 0
    103 65 46 46 59 56 109 18 32 19 113 83 17 75 42 64 82 102 108 76 72
    18 102 99 41 126 103 27 57 25 29 88 0 19 126 62 101 16 83 49 19 5 96
    119 71 104 93 80 32 23 53 45 15 0 37 24 44 32 81 24 108 110 39 22
    112 85 20 33 27 91 18 104 77 3 45 20 93 21 21 36 100 11 60 79 96 44
    43 61 56 92 31 106 120 108 32 32 113 122 76 86 61 38 105 39 58 59 55
    9 33 2 59 70 0 66 43 28 114 65 82 13 69 83 0 119 3 29 65 91 56 46
    103 116 117 116 127 61 19 52 98 121 5 49 74 94 100 5 80 111 70 76 23
    39 83 35 74 96 74 86 96 51 82 119 83 9 98 112 24 67 13 117 24 101
    126 16 28 11 114 29 53 111 85 126 106 74 16 72 75 35 38 69 8 126 127
    70 122 98 90 23 52 34 45 46 49 74 115 84 41 46 45 123 91 19 103 79
    57 92 7 126 66 122 26 47 83 116 23 98 12 39 82 61 20 3 52 24 90 64
    78 62 74 101 102 28 52 80 126 51 5 24 74 70 5 126 15 42 5 56 96 116
    46 39 109 11 68 88 22 82 27 39 31 30 4 66 54 126 1 118 46 120 121
    107 18 38 126 115 57 60 126 33 81 56 116 112 89 105 92 120 72 36 109
    3 100 108 7 22 58 124 40 124 61 110 115 125 107 50 95 14 61 9 79 102
    55 64 82 81 110 73 71 122 102 88 24 73 125 114 33 109 120 30 53 67
    62 41 105 42 80 81 47 33 48 75 60 114 65 10 114 25 8 55 49 10 94 91
    43 31 43 77 43 19 29 124 83 66 123 120 76 54 108 50 43 119 24 16 12
    71 41 113 78 76 124 90 107 40 2 53 4 20 103 91 16 97 116 11 64 46
    125 124 54 36 89 8 47 0 123 3 71 58 5 85 66 101 73 76 87 70 86 6 18
    98 122 52 88 12 68 121 97 66 30 60 63 90 114 3 74 55 89 115 75 26 11
    76 23 59 59 116 56 32 94 47 44 100 60 96 34 45 46 95 23 113 67 28 2
    115 37 123 120 58 9 117 17 114 112 117 44 19 97 95 111 71 28 50 101
    54 91 48 81 74 45 67 35 12 86 20 4 54 111 51 117 12 112 71 96 10 42
    91 58 21 46 82 19 65 6 28 67 52 20 91 11 37 78 108 105 0 13 63 62 37
    58 88 106 85 50 98 46 50 67 83 112 4 50 6 115 3 26 49 86 106 118 93
    21 74 56 65 84 53 115 90 35 118 91 117 18 121 48 72 70 43 19 108 1
    20 55 94 125 127 111 76 117 32 68 115 76 74 109 20 66 85 127 25 122
    69 4 114 96 43 69 2 105 79 38 114 5 76 112 42 55 121 89 68 47 31 98
    88 90 44 93 93 71 80 114 62 125 74 37 60 67 15 22 37 10 39 65 3 38
    67 49 117 111 15 57 72 117 70 90 72 125 40 26 54 15 32 103 48 91 111
    71 60 9 59 75 53 38 32 70 120 28 40 98 99 52 60 90 75 126 40 122 103
    26 97 2 29 8 116 16 44 94 61 25 5 94 56 16 75 78 73 56 121 74 80 13
    26 125 24 117 64 42 87 104 82 58 12 82 19 64 105 79 29 127 38 0 42
    27 106 19 7 115 61 38 59 2 64 12 90 61 68 49 44 112 10 33 7 101 8
    113 28 19 87 14 62 50 74 125 110 9 34 63 83 74 16 46 77 28 56 40 88
    67 101 51 10 27 91 118 15 109 112 96 2 86 93 93 86 31 65 3 97 6 20 1
    15 85 102 87 83 32 115 66 63 31 45 79 85 66 110 49 120 116 71 5 58
    56 34 66 6 73 39 1 104 4 125 70 34 13 109 35 115 85 16 48 102 103
    123 112 5 99 36 15 118 4 33 78 16 31 88 75 126 95 90 71 117 124 57
    58 26 115 88 63 65 40 83 110 7 101 93 72 65 89 63 79 0 6 91 108 50
    58 57 58 76 111 58 20 43 105 24 33 107 43 110 85 100 33 86 4 35 13
    90 96 23 15 111 116 96 52 119 49 17 105 68 47 46 9 34 112 47 32 14
    65 82 120 105 98 61 10 55 14 44 89 46 1 79 87 26 60 3 76 14 51 28 44
    44 51 77 44 93 102 26 74 115 52 124 63 119 36 29 60 68 28 18 29 105
    9 97 8 125 83 114 4 85 127 63 16 69 4 15 95 118 98 126 48 8 49 105
    76 16 37 53 87 55 40 67 127 17 60 98 111 103 51 126 100 77 104 125
    103 16 75 62 48 67 96 110 118 80 118 83 77 45 112 62 46 112 69 102
    35 109 114 65 50 99 118 117 40 73 114 23 61 75 37 125 24 58 114 47
    11 38 49 17 94 73 6 0 71 77 66 111 53 46 117 78 124 56 14 36 72 32
    53 17 77 28 95 58 40 78 29 75 116 34 2 24 0 50 80 29 7 68 92 10 74
    84 64 87 125 96 20 23 114 90 72 20 13 56 111 100 20 113 100 28 36 16
    25 60 126 52 106 26 118 117 114 37 35 115 40 13 7 6 90 87 119 95 89
    64 69 99 7 97 103 101 97 124 94 71 22 83 85 23 83 118 71 15 67 94
    112 42 11 60 83 107 3 72 117 39 111 96 20 59 86 21 98 111 115 22 55
    54 22 73 119 24 118 116 5 24 114 34 81 62 28 123 114 77 10 47 24 20
    70 78 100 81 3 8 102 30 35 2 22 39 77 30 117 53 30 39 68 21 62 41 85
    97 114 14 72 8 55 95 83 13 20 93 86 33 50 33 86 4 75 67 38 81 119 91
    4 5 121 19 82 27 7 36 98 13 57 4 41 90 113 29 116 2 22 106 90 45 105
    112 126 92 124 113 104 53 86 24 77 15 79 74 5 24 46 105 62 13 0 121
    107 85 18 78 39 7 12 116 34 38 92 38 75 43 108 5 96 118 36 49 8 98
    71 75 117 111 8 113 7 0 59 115 99 48 115 36 0 15 117 106 36 79 57
    120 68 19 17 80 66 113 107 77 107 85 23 6 29 70 123 105 27 13 121 41
    31 126 63 109 15 15 22 12 40 119 2 76 111 33 107 42 68 113 35 39 3
    33 10 37 58 48 43 43 63 108 8 76 88 107 42 17 1 12 91 35 24 51 28 74
    124 13 91 99 38 124 116 109 102 17 19 44 64 18 60 76 62 11 54 121 93
    1 91 22 5 4 48 25 61 105 87 47 44 70 95 11 32 86 56 88 19 95 26 29
    94 76 33 117 6 27 97 15 108 121 31 98 12 127 46 67 114 22 100 48 68
    64 71 80 69 113 107 12 17 52 115 10 36 68 97 0 19 24 119 29 119 78
    88 92 0 19 116 17 117 44 36 110 24 97 5 123 86 54 75 64 119 59 9 59
    49 81 28 10 84 78 80 54 112 118 108 20 94 1 24 102 28 5 104 63 87 70
    63 20 124 14 54 74 53 112 94 67 66 76 54 101 71 80 97 58 70 61 119
    90 64 7 3 16 80 110 107 29 54 38 68 11 126 13 93 32 67 47 74 99 113
    60 89 91 17 84 20 122 36 109 67 65 21 82 107 36 50 106 96 55 125 46
    69 73 28 22 69 10 32 91 98 21 38 30 64 40 11 20 115 127 24 31 51 15
    72 42 50 95 102 122 105 7 117 50 122 92 120 59 73 89 15 52 98 43 113
    2 63 17 29 76 118 102 46 54 64 113 100 97 90 91 35 108 118 23 105
    107 37 24 70 121 68 76 4 46 105 11 76 49 11 114 42 86 102 72 28 2 12
    86 63 127 24 66 13 98 24 63 18 20 43 21 107 24 11 26 106 83 114 99
    103 14 18 32 65 102 60 16 89 66 36 108 78 6 57 95 70 116 103 112 100
    19 69 6 80 78 28 36 87 41 72 35 56 80 91 92 42 37 102 39 10 6 71 106
    106 125 102 113 76 83 70 55 101 84 115 59 39 126 107 12 75 34 96 72
    6 14 59 123 106 12 23 7 60 79 69 102 78 19 34 37 63 126 38 89 27 31
    87 82 39 87 89 97 70 24 118 50 113 94 114 103 0 79 108 75 36 127 29
    91 101 120 81 111 80 10 38 125 0 2 65 65 22 6 40 45 65 55 110 26 93
    60 117 100 7 85 21 125 23 117 90 56 105 31 123 22 102 11 36 126 54
    92 106 99 110 36 35 80 95 25 117 86 120 62 39 93 9 99 52 118 98 15
    18 119 17 36 102 0 56 40 108 28 12 121 72 104 93 1 123 108 52 63 41
    66 74 107 44 14 3 83 56 14 120 118 122 94 42 112 6 126 24 39 25 70
    70 13 88 126 10 76 75 6 113 25 120 107 43 46 118 27 70 127 69 106 1
    33 107 113 45 81 118 48 70 17 64 70 62 15 12 114 62 53 95 46 76 48
    122 90 30 84 108 26 54 78 15 40 124 30 97 32 96 99 113 30 108 113 52
    112 121 53 48 118 24 24 38 66 120 93 119 30 36 9 78 123 75 26 42 92
    50 90 118 117 113 124 100 45 46 26 100 89 73 19 4 20 64 51 69 91 13
    36 52 53 35 64 79 9 58 107 58 104 55 3 40 66 62 2 64 88 77 2 99 18
    69 94 123 81 3 87 71 37 0 95 49 99 27 95 30 25 30 66 34 119 27 85 92
    37 65 33 85 106 123 66 28 48 55 119 99 89 26 60 99 24 99 55 5 115 14
    27 40 85 32 51 84 25 72 6 89 70 42 10 49 72 42 104 103 111 32 100 0
    61 86 57 68 20 14 0 89 120 102 38 25 124 80 23 86 33 88 62 4 74 32
    80 97 60 88 39 70 74 127 125 123 81 65 126 30 40 56 127 2 53 10 80
    81 17 20 87 26 49 13 104 65 75 37 101 73 67 39 24 98 90 103 101 6 41
    93 5 67 67 81 62 45 62 19 40 39 42 109 36 49 106 2 114 52 99 60 69
    77 100 96 99 67 8 73 96 24 106 56 109 43 59 88 32 107 112 110 5 113
    17 29 11 57 55 38 25 70 115 121 111 43 110 108 25 93 53 54 61 98 20
    112 90 43 94 110 52 49 29 79 3 23 52 30 96 14 23 3 45 83 49 76 10 70
    91 63 17 65 127 0 46 89 61 121 13 125 75 117 103 97 68 57 27 84 36
    54 56 121 108 93 59 29 103 20 50 45 36 0 11 66 76 61 45 33 46 108
    101 96 33 14 79 125 123 33 120 103 32 83 57 127 117 62 25 51 62 84
    79 43 58 123 120 91 39 86 88 45 61 108 13 72 81 62 89 109 105 112 53
    47 10 35 113 0 89 95 85 62 111 90 14 84 120 70 112 8 126 13 83 91
    103 60 85 57 89 72 73 86 83 35 88 37 99 3 84 116 63 61 74 102 108
    119 27 17 1 42 7 49 27 95 91 14 127 109 45 82 66 119 2 32 64 55 69
    78 60 15 46 88 79 105 0 32 34 107 77 45 84 44 12 65 38 37 9 85 68 48
    89 96 107 75 46 38 124 103 15 76 95 109 87 79 96 21 116 33 106 81 19
    19 124 28 26 99 43 78 45 91 47 54 5 39 24 67 85 95 79 83 91 109 69
    84 126 73 75 7 67 9 50 95 96 89 107 26 48 118 77 104 74 91 92 8 109
    63 21 56 91 2 28 114 13 111 109 106 121 110 55 2 10 117 99 11 58 80
    116 57 40 110 57 0 62 46 24 107 92 48 35 71 98 101 22 8 45 43 48 84
    60 74 48 74 25 83 85 22 22 18 71 34 32 21 119 44 60 90 16 81 39 107
    56 25 84 101 47 21 13 37 70 12 8 39 6 60 4 61 98 64 53 119 117 108
    95 68 97 108 97 97 24 58 101 23 106 87 99 44 56 21 67 17 48 13 116
    98 81 40 75 10 72 83 106 64 15 69 48 25 127 37 17 7 121 24 11 103 46
    65 52 58 76 106 30 44 79 52 30 34 75 27 35 76 13 104 37 50 61 69 91
    28 32 69 77 12 20 81 64 46 92 31 10 91 120 17 58 83 20 12 88 75 86
    62 93 40 18 73 39 56 90 122 42 17 46 12 19 32 34 123 12 113 10 123
    65 63 46 19 85 49 70 66 103 16 39 102 59 19 32 88 121 102 27 108 116
    49 32 59 12 63 117 13 122 15 115 12 3 47 14 12 111 47 57 31 59 87 98
    54 22 127 17 60 109 7 78 53 7 64 126 108 124 35 77 35 55 35 40 81
    119 57 117 119 46 107 110 109 89 62 26 126 77 107 39 13 39 29 73 109
    98 43 50 98 41 73 117 118 77 110 80 71 105 86 63 65 124 64 52 108 16
    33 113 81 126 8 68 80 26 114 31 62 87 108 73 127 2 85 103 11 88 61
    85 67 88 43 101 46 53 25 88 64 26 80 6 111 53 76 81 13 91 57 12 76
    38 121 124 54 25 21 84 95 49 67 69 40 14 85 2 90 113 110 118 16 58
    64 18 33 23 95 119 7 99 127 96 25 18 19 117 101 77 38 33 36 48 2 71
    116 112 2 25 96 69 29 107 28 22 48 121 13 19 98 108 38 19 64 57 79
    107 15 69 46 43 47 77 73 57 37 80 35 75 33 120 84 1 99 27 15 86 44
    49 122 13 25 51 100 34 7 19 60 66 10 37 67 106 64 26 71 89 36 35 112
    41 123 68 103 93 48 115 24 110 99 59 26 70 49 64 111 109 7 108 84 85
    94 107 107 116 65 39 111 55 84 48 23 93 78 24 38 72 108 114 45 64 46
    52 98 63 41 112 54 71 124 67 95 0 111 117 104 17 30 5 95 88 45 106
    112 27 0 81 10 104 63 93 12 104 88 117 70 10 100 45 125 71 98 68 53
    109 117 90 24 26 3 62 110 16 88 89 37 43 45 8 76 63 82 68 43 33 83
    53 48 54 8 75 29 27 108 32 50 5 108 64 17 29 21 29 52 78 56 47 89 34
    12 91 19 85 69 103 86 121 68 40 70 65 30 111 86 26 83 13 7 33 10 4
    23 31 112 54 24 25 32 33 7 124 85 123 121 126 83 115 83 103 39 23
    115 68 102 23 94 9 56 77 56 70 71 82 18 0 107 53 22 103 34 12 9 108
    35 127 45 41 83 41 4 37 86 23 1 123 92 94 87 66 91 104 0 81 35 7 62
    22 6 64 88 88 59 60 97 105 89 5 72 8 6 106 120 27 88 77 108 105 53
    29 113 21 20 91 78 30 50 46 127 95 98 49 52 122 5 4 41 10 86 14 17
    46 72 67 94 115 93 20 60 35 118 64 125 93 18 47 3 107 85 109 28 32
    109 11 103 52 52 24 31 66 8 119 44 40 52 14 119 16 11 1 1 49 92 52
    34 125 32 91 113 38 26 47 22 14 49 104 98 14 38 31 87 77 101 109 59
    63 123 102 49 83 122 72 38 125 20 23 52 8 85 53 66 52 125 19 72 123
    92 74 75 125 56 112 100 29 16 82 103 117 27 29 104 47 51 94 3 55 121
    82 103 10 102 7 65 108 34 3 20 18 18 55 3 48 41 43 6 96 39 93 103
    118 33 44 24 70 72 33 18 94 83 15 119 53 114 9 63 96 30 90 81 59 69
    91 16 47 19 64 33 86 23 48 54 97 21 76 106 99 126 85 39 26 100 90 89
    8 89 27 56 53 68 79 104 116 98 57 51 38 114 4 99 108 110 9 79 52 30
    124 4 104 48 23 68 31 44 103 27 72 55 101 80 98 9 60 58 106 111 94
    38 5 114 6 125 104 48 100 105 126 5 72 27 64 79 123 8 59 13 75 27 53
    99 79 63 59 118 44 90 17 55 53 7 90 114 82 11 13 61 71 5 66 50 19 28
    107 74 17 15 69 113 127 90 95 22 95 24 80 127 54 107 65 66 5 2 17 50
    125 28 8 28 101 83 42 61 56 106 13 55 19 42 3 22 113 116 65 46 38
    104 112 42 23 65 13 95 96 13 87 25 120 56 48 111 18 14 37 9 102 66
    90 88 24 6 127 88 67 82 103 46 59 104 66 66 18 24 108 119 120 63 56
    70 110 39 20 81 79 43 9 75 61 5 76 122 86 23 18 116 118 79 83 89 47
    125 20 8 17 3 98 111 81 97 85 35 6 71 106 110 85 64 50 40 81 0 34 58
    26 79 47 108 79 40 85 97 54 62 72 73 106 22 51 125 91 27 76 33 71 64
    95 73 2 109 92 35 2 70 4 44 82 35 88 121 54 29 119 35 44 74 58 59 96
    99 79 17 46 68 69 46 78 92 126 32 57 116 51 77 33 38 122 96 31 7 33
    89 90 29 104 12 52 36 0 49 3 113 85 76 46 88 80 35 39 3 22 55 51 105
    30 49 19 104 88 101 122 86 30 91 63 107 105 42 37 32 112 49 54 103
    97 7 70 99 111 91 11 34 32 107 103 87 28 25 92 29 116 67 39 55 125
    125 89 66 7 11 70 25 94 20 99 31 0 117 52 87 111 120 109 108 116 56
    96 63 55 114 72 93 9 35 125 73 106 32 33 43 32 79 91 21 43 92 94 121
    48 122 80 75 4 108 103 73 23 97 11 113 53 96 34 97 42 118 90 54 6
    104 24 16 82 76 48 125 81 83 98 120 107 20 53 77 93 14 43 92 120 12
    126 43 96 30 76 79 126 76 1 45 71 72 45 32 59 42 91 51 15 127 110 10
    73 81 40 115 75 54 55 86 43 99 103 40 56 91 68 18 86 19 13 45 62 61
    94 121 126 85 124 34 19 9 31 47 32 49 13 115 58 89 103 42 62 97 56 6
    1 6 98 9 83 99 111 117 37 21 23 40 4 80 47 125 6 26 89 57 115 93 64
    48 114 86 103 55 80 22 29 38 106 66 46 39 122 84 60 106 65 123 11 27
    82 51 32 51 106 58 39 76 47 28 73 102 15 89 1 88 65 10 92 80 104 120
    50 48 106 27 15 72 126 22 85 97 20 71 12 70 1 87 103 107 86 38 9 110
    28 123 48 29 15 113 61 103 50 101 30 71 64 48 94 113 44 99 95 31 46
    84 83 24 45 101 58 50 53 26 23 87 57 89 23 115 44 25 97 8 109 29 123
    83 103 108 35 61 36 55 113 41 108 58 54 52 54 33 39 80 109 73 125 72
    100 19 115 65 28 100 19 27 1 114 5 48 64 84 82 82 50 7 107 20 42 66
    24 53 94 66 80 46 108 68 11 109 51 94 57 19 15 36 73 66 51 39 31 95
    71 91 1 50 106 23 99 103 12 59 46 36 59 97 43 41 52 41 7 78 42 66 65
    74 29 18 40 29 90 84 87 42 11 112 21 46 86 87 28 32 47 126 110 3 115
    127 81 17 64 87 30 48 15 51 20 40 99 57 100 89 110 5 8 19 81 31 88
    53 63 8 118 26 63 63 8 113 59 58 118 126 121 67 26 96 73 121 93 8 47
    2 87 26 100 3 31 29 109 57 41 118 34 75 15 5 77 71 26 124 8 83 20 44
    20 87 83 61 120 92 20 30 121 20 64 27 16 69 20 8 97 55 19 23 28 108
    96 39 5 93 92 91 57 12 81 121 11 76 40 90 120 103 7 65 66 80 121 70
    108 33 106 103 50 12 52 4 22 110 39 59 24 74 80 75 76 56 101 5 119
    82 23 76 84 79 113 23 10 41 66 61 82 57 75 8 22 99 80 44 28 83 27 48
    53 61 50 100 60 101 6 64 100 85 37 0 84 69 126 46 60 101 14 26 66 35
    61 113 120 29 41 122 4 115 5 63 67 67 85 12 16 8 115 93 96 116 30 44
    55 99 29 30 116 73 43 58 90 117 121 65 116 53 52 7 70 36 13 92 35 94
    119 66 123 111 67 78 69 36 116 127 66 110 107 122 76 6 45 24 102 33
    24 4 54 122 104 79 33 57 58 100 29 99 47 103 66 110 126 56 45 78 18
    52 56 12 79 95 99 99 68 100 53 120 101 72 24 65 57 100 20 93 37 76
    11 121 99 104 14 36 58 71 49 63 57 107 2 125 73 30 98 91 83 99 96 86
    53 36 61 9 13 40 50 27 107 114 104 13 84 44 8 90 58 9 62 127 13 0 23
    121 65 61 126 54 29 1 91 19 82 98 68 39 93 82 64 44 108 93 37 57 113
    47 19 119 61 23 118 27 65 18 75 87 15 90 63 47 36 41 86 3 51 62 38
    114 115 115 7 30 127 112 27 110 66 91 23 107 8 107 61 61 60 56 55 37
    8 47 15 51 107 86 40 112 60 77 118 25 24 98 36 0 11 38 39 97 19 7 72
    24 126 58 107 86 27 35 47 55 93 100 121 126 23 54 116 98 114 34 20
    124 61 53 62 109 108 54 117 121 99 106 121 83 58 49 53 99 124 41 7
    48 2 98 91 118 24 111 14 106 127 65 80 63 43 106 20 70 49 79 86 89 6
    40 8 77 18 57 105 96 26 75 125 96 44 107 79 66 40 47 71 120 49 39 47
    6 74 102 81 12 18 36 13 89 73 102 87 34 81 78 102 95 62 50 50 78 13
    80 86 102 123 123 40 19 49 10 119 86 32 32 86 119 16 123 126 56 77
    30 94 0 104 80 114 122 84 34 57 93 127 48 12 57 46 61 126 63 94 83
    17 111 51 77 62 92 46 42 61 92 108 116 75 90 114 21 30 81 66 23 107
    41 69 87 57 45 59 19 39 33 69 113 9 78 22 121 105 7 32 107 89 28 14
    55 46 106 30 8 86 94 35 27 85 107 102 75 105 11 62 110 37 21 120 65
    29 91 1 41 86 29 5 96 83 99 47 64 94 86 122 48 21 88 46 118 48 97 41
    63 6 41 75 122 51 119 34 127 65 78 98 27 48 70 56 29 70 114 99 108
    20 31 112 93 17 69 31 72 85 84 90 104 120 126 31 98 51 2 120 68 57
    29 66 24 1 97 83 101 82 91 61 121 50 69 84 98 104 127 108 90 101 100
    69 24 60 26 15 45 17 118 14 124 16 70 54 35 64 75 33 56 8 28 72 61
    80 123 59 73 105 109 82 66 40 85 52 4 50 104 111 120 117 86 38 94 10
    21 89 97 29 32 101 47 111 49 58 37 126 92 75 8 90 10 83 37 53 18 17
    9 80 50 19 31 74 75 44 14 101 10 80 0 73 24 21 57 94 126 77 49 122
    18 51 97 85 96 24 116 105 94 5 15 123 89 122 91 7 46 9 59 113 51 77
    32 59 107 72 24 80 106 36 86 14 20 24 1 116 0 126 78 2 80 6 22 0 98
    80 112 107 55 56 122 117 58 17 91 97 119 104 10 18 10 105 127 27 83
    41 64 69 30 38 101 78 74 22 95 15 47 21 98 120 116 17 49 65 100 16
    74 115 56 126 64 108 102 24 63 61 80 79 39 37 125 4 110 20 100 76 4
    83 105 112 83 126 20 83 20 29 108 105 37 103 112 70 6 99 115 37 51
    56 103 41 124 24 30 106 57 94 32 51 105 89 65 78 37 78 48 113 65 93
    107 70 12 77 90 112 76 102 44 38 76 47 114 98 72 101 29 28 40 24 28
    0 75 89 11 43 73 65 64 9 31 60 18 42 11 4 66 96 11 0 92 106 112 7 46
    122 10 93 1 124 86 10 75 11 123 84 5 110 90 50 102 122 105 77 78 126
    1 108 7 114 47 114 25 122 22 52 125 2 71 14 12 114 79 8 98 34 82 102
    21 122 4 3 59 103 67 32 87 110 127 101 125 115 46 31 57 65 119 53 77
    33 65 25 107 119 51 47 115 58 85 53 109 26 34 54 83 70 106 103 78
    124 26 96 40 98 54 61 5 15 64 100 43 120 98 118 71 51 34 1 88 43 34
    67 37 67 86 66 85 89 42 14 72 11 18 3 115 117 51 82 63 35 2 16 98 22
    32 73 82 1 99 23 96 21 43 20 67 119 92 72 64 126 107 29 26 72 114 65
    76 124 28 29 21 124 43 112 84 19 54 94 53 31 8 38 13 114 127 82 15
    70 96 38 44 59 44 126 69 69 76 16 14 77 103 28 55 89 21 37 52 92 105
    12 20 68 44 29 117 9 53 14 52 111 37 43 16 44 93 66 99 14 70 66 86
    42 5 19 77 44 6 106 70 52 73 79 1 121 80 77 122 37 18 53 101 99 96
    107 64 91 37 117 18 120 62 99 79 125 25 77 126 86 62 30 33 57 122 64
    113 49 30 9 73 54 120 59 7 46 76 13 39 6 125 34 79 6 62 16 89 19 59
    86 39 126 71 14 75 74 29 124 117 4 73 44 118 43 108 55 85 36 0 44
    124 77 60 123 106 30 2 48 88 29 38 43 76 63 58 57 42 74 104 28 116
    109 53 25 63 9 79 49 24 11 61 23 61 25 103 101 122 68 113 53 86 8
    103 2 22 88 93 52 10 124 39 118 15 23 64 75 50 107 6 51 123 95 41 52
    116 38 74 98 104 12 5 9 28 22 56 22 85 81 96 45 84 1 47 40 121 70 87
    63 78 45 26 71 31 120 74 8 45 33 113 123 40 100 92 97 2 96 53 51 35
    85 116 101 37 18 16 78 105 82 34 122 7 88 59 87 78 39 59 20 73 75
    125 95 125 28 24 56 109 70 114 46 84 120 61 114 58 22 124 55 118 67
    45 99 82 87 47 6 71 88 20 86 105 76 103 71 31 60 97 22 71 27 33 100
    59 112 41 120 61 17 85 4 120 77 51 123 0 33 8 78 40 76 40 68 62 85
    46 54 28 52 32 85 9 47 13 64 76 20 125 104 51 126 44 81 19 3 11 111
    43 71 4 72 42 95 15 11 0 116 73 23 19 124 65 8 98 62 77 99 38 109 64
    23 14 49 123 96 89 86 19 67 87 87 60 28 98 97 27 46 7 71 109 55 81
    26 75 93 0 16 76 9 54 40 64 18 36 71 46 23 3 123 97 114 8 60 111 64
    11 127 14 127 21 18 16 92 25 90 53 103 49 59 127 20 102 45 37 32 104
    94 79 4 110 2 14 28 38 109 9 82 86 80 116 110 72 10 42 2 81 19 19 61
    37 41 18 81 77 87 65 0 53 12 0 38 83 90 57 43 99 22 41 118 85 26 42
    22 7 21 85 34 9 110 89 104 114 106 99 104 59 88 125 99 19 12 118 118
    95 52 65 86 107 39 50 33 117 109 50 22 66 111 73 125 114 9 124 127
    103 80 93 74 6 106 6 43 15 23 120 11 87 50 51 103 103 105 0 61 117
    75 9 116 125 51 52 27 123 104 14 71 97 70 112 31 38 81 23 5 22 29
    120 112 123 31 120 117 14 51 87 12 45 89 7 125 73 55 108 76 112 45
    38 111 66 11 18 97 31 38 58 19 61 122 75 59 97 16 93 65 56 120 8 100
    63 104 77 95 54 26 125 107 91 80 8 80 78 35 7 46 102 110 109 60 65
    72 10 35 104 112 33 114 33 63 94 37 98 2 18 125 80 43 118 4 64 16 12
    82 101 37 122 21 55 33 35 111 67 104 51 114 111 8 27 10 2 34 1 17
    117 125 83 68 45 16 12 66 119 121 60 57 9 36 120 39 13 92 41 111 115
    25 80 105 126 65 103 0 91 66 31 52 49 106 92 65 64 31 25 101 3 48
    105 107 75 100 120 43 1 103 31 54 123 26 23 112 19 13 19 86 31 30 45
    121 2 33 83 15 58 75 57 21 66 100 72 90 64 56 29 86 90 110 54 10 35
    63 38 67 80 25 63 51 79 72 51 16 22 50 81 82 30 117 70 77 5 60 113
    21 100 97 34 91 9 78 59 21 7 99 21 8 46 72 118 2 62 85 99 86 26 82
    25 83 123 18 8 62 57 105 6 97 57 86 86 116 19 70 2 93 7 62 3 104 84
    15 94 4 10 45 116 49 16 89 93 123 76 71 73 39 37 125 17 31 65 32 25
    96 21 13 69 30 105 73 83 33 27 15 39 4 17 46 42 22 82 94 90 36 118
    99 91 62 123 102 32 85 120 97 111 24 18 127 64 73 84 50 22 55 20 18
    14 119 111 17 98 36 16 87 82 35 112 106 59 124 118 28 122 72 104 66
    104 83 63 63 69 31 88 120 17 27 120 15 106 29 43 86 62 32 70 52 125
    82 11 45 57 113 2 17 39 55 68 124 95 85 76 125 82 63 46 9 44 95 80
    10 32 125 76 12 56 45 69 26 77 44 103 106 81 39 68 75 80 76 40 125
    72 57 117 91 47 24 81 57 20 10 28 64 37 125 0 29 9 61 98 89 26 37 67
    85 107 127 48 33 66 127 46 104 123 86 39 64 118 118 102 9 100 69 70
    4 32 122 4 37 12 117 17 114 4 88 121 102 121 85 4 24 86 96 49 15 38
    93 121 25 120 32 47 11 115 46 84 81 127 104 60 105 68 21 53 39 42 6
    53 68 80 106 112 51 40 89 12 61 112 105 125 44 26 89 60 11 106 43 92
    70 121 10 91 78 47 105 33 11 9 52 90 95 104 80 76 90 47 91 89 65 13
    8 20 11 30 72 22 1 103 98 3 54 28 35 19 108 38 95 73 55 0 54 80 43
    36 23 119 7 5 93 114 25 0 109 27 82 108 43 52 93 1 1 53 16 1 66 103
    78 85 5 37 69 51 37 112 125 54 77 16 110 19 58 31 54 62 42 76 31 106
    72 68 40 6 92 77 58 64 14 83 114 112 0 43 3 43 57 121 28 5 79 49 95
    31 88 32 75 53 69 76 59 76 111 68 43 16 33 57 6 52 29 101 35 12 84
    55 63 118 32 118 5 107 66 126 111 84 121 20 6 34 65 3 6 19 36 21 50
    72 1 74 39 44 24 121 4 97 24 87 12 10 126 11 88 91 101 62 30 17 76
    57 95 22 27 38 46 2 88 92 19 94 41 95 61 42 105 62 127 96 64 43 62 9
    110 103 22 102 18 24 109 101 13 15 31 98 106 110 71 38 79 53 112 42
    17 2 97 121 4 2 26 5 126 94 81 99 97 19 3 1 20 76 77 9 89 29 120 92
    126 95 114 10 47 54 23 62 45 96 101 32 73 33 108 124 50 98 122 108
    66 86 56 85 111 2 80 81 105 82 1 23 82 77 110 10 17 86 101 111 96 18
    97 7 69 25 61 106 112 95 29 44 26 10 90 73 96 85 80 92 95 117 106 44
    61 78 14 45 42 102 97 79 98 63 92 117 31 16 85 25 106 42 127 5 30 79
    5 34 96 99 54 65 120 15 49 91 54 6 75 87 41 12 41 29 17 118 88 47 7
    125 51 95 92 3 54 50 9 124 43 69 84 71 54 38 61 83 20 90 68 16 50 76
    123 58 113 15 19 8 78 59 115 3 31 19 36 2 92 106 102 73 4 85 90 126
    32 20 95 18 108 70 1 108 106 75 46 115 75 60 24 48 36 16 60 124 127
    113 71 59 109 3 31 54 6 78 6 106 82 33 124 72 92 100 112 53 68 78 35
    93 7 24 97 65 81 26 68 83 70 76 2 26 1 64 11 83 69 99 117 5 21 11 50
    8 74 60 53 122 114 72 41 108 115 16 81 25 83 17 92 97 12 15 70 44 19
    6 107 4 48 111 89 119 32 0 105 110 70 69 25 52 5 82 18 22 51 54 79
    40 127 13 2 9 19 13 68 34 79 19 32 85 114 91 17 68 125 0 68 35 69 43
    79 124 94 78 83 102 70 95 66 62 15 117 17 100 123 59 54 13 83 16 115
    95 35 44 57 88 31 46 26 93 75 1 10 127 72 73 66 86 82 8 119 69 19 59
    45 20 42 79 88 78 106 39 46 70 123 119 26 70 127 82 21 126 119 81
    120 68 23 19 70 57 65 121 122 47 108 112 58 111 80 16 23 64 68 8 99
    14 69 34 15 4 86 37 66 93 11 1 32 111 25 41 34 73 119 76 85 113 37
    53 32 0 50 102 30 113 23 52 85 20 69 22 37 102 49 114 93 61 83 69 30
    79 59 57 62 31 51 28 123 119 8 45 98 16 116 84 66 4 41 4 84 55 3 85
    78 8 54 23 5 76 39 17 82 26 40 7 89 50 65 22 56 3 19 9 62 33 121 81
    64 39 123 26 36 73 63 37 50 122 24 8 121 67 35 37 19 70 76 71 121 62
    96 20 41 107 8 50 76 84 80 5 104 11 17 81 13 81 4 122 74 108 0 109
    95 15 9 58 27 14 124 123 33 35 62 91 18 4 15 82 6 58 45 72 31 115 70
    108 74 76 18 65 86 121 8 122 118 7 36 114 120 10 80 51 71 77 49 83
    120 106 47 1 53 58 87 39 9 31 24 118 30 15 75 119 13 108 41 112 125
    85 26 87 65 21 84 117 36 13 46 119 102 62 32 1 45 55 97 61 21 73 30
    76 36 48 111 91 23 2 88 101 102 7 105 116 45 50 83 51 5 64 61 66 121
    10 72 68 67 12 92 19 109 71 46 54 108 21 44 116 25 44 109 81 56 46
    64 23 108 15 68 86 104 77 118 8 114 91 27 86 7 50 126 6 100 1 54 79
    66 99 41 58 19 43 96 62 50 3 3 17 76 45 33 74 99 74 8 70 104 75 83
    116 120 90 7 85 116 64 55 32 19 45 17 47 62 33 59 112 83 45 13 44
    106 117 126 113 8 18 66 23 72 7 16 25 59 9 105 32 32 23 36 22 57 60
    72 30 25 8 59 62 1 26 39 108 73 32 91 24 52 125 48 96 41 1 90 69 15
    98 116 99 98 35 22 113 113 88 64 50 58 108 125 35 107 64 93 99 36
    102 30 50 48 90 102 25 50 118 0 75 35 6 87 95 50 33 112 102 0 44 39
    122 20 12 52 112 111 20 52 83 115 12 16 18 107 4 31 82 41 18 68 3 78
    40 62 69 117 30 14 97 101 34 23 45 76 106 73 94 109 30 103 12 125 31
    40 73 14 64 94 21 8 2 88 25 37 101 28 49 45 108 26 17 13 25 49 124
    61 119 22 0 26 93 15 71 55 123 77 39 111 93 58 91 121 93 92 5 60 101
    77 27 48 119 34 14 14 116 62 2 21 87 47 59 29 66 3 25 92 112 108 41
    108 114 67 17 117 42 29 56 99 41 74 37 126 9 46 117 98 76 36 34 6 76
    80 14 17 8 32 117 64 102 15 116 7 120 24 25 60 94 63 53 12 109 5 49
    19 117 125 94 83 126 8 74 54 115 61 7 61 34 40 122 107 68 13 40 23
    47 123 119 17 47 37 84 4 116 52 98 70 16 45 2 52 118 126 56 113 60
    47 72 56 47 2 123 23 67 83 33 23 105 113 99 116 14 62 84 88 23 35 75
    36 61 12 115 103 13 10 64 103 101 83 57 15 4 25 29 56 72 38 92 36
    103 108 14 39 43 114 19 51 95 113 51 60 46 121 21 49 97 100 20 122
    34 8 67 40 127 23 49 5 102 117 126 75 3 0 118 24 99 45 43 74 19 13
    78 67 12 62 88 106 56 41 124 59 67 22 100 66 31 1 2 4 20 110 5 2 32
    78 100 73 47 80 115 105 79 119 91 61 112 12 26 52 102 111 53 52 59
    33 33 115 95 111 125 40 57 99 84 73 121 72 67 102 125 57 42 84 59 76
    32 95 38 96 45 18 67 112 63 105 22 111 38 108 22 10 20 85 23 10 44
    29 86 23 22 99 117 95 119 66 18 106 43 73 101 98 62 35 8 97 104 82
    31 11 63 93 120 22 123 63 63 67 20 100 57 37 45 49 65 13 110 121 14
    94 60 107 68 101 32 5 57 69 43 36 31 56 72 62 55 47 104 119 94 127
    66 23 63 87 120 27 50 115 127 51 60 110 78 125 86 54 102 49 31 7 92
    61 25 9 19 25 117 52 55 41 120 72 95 28 37 104 63 50 24 107 47 44 91
    90 28 45 49 71 111 118 5 11 83 4 47 30 72 27 64 13 101 27 43 100 120
    39 41 88 23 57 90 79 91 87 119 120 95 41 123 116 125 107 2 11 117 45
    102 11 51 69 42 9 71 91 0 47 71 111 75 65 42 105 8 72 21 52 40 19 66
    31 59 63 13 69 9 92 26 73 71 83 108 91 88 6 113 54 122 40 79 44 111
    105 47 46 44 51 109 127 53 125 44 75 117 103 105 122 55 27 82 83 75
    65 47 73 9 91 12 126 44 29 4 71 92 8 82 70 5 25 109 108 52 1 50 126
    49 95 123 90 108 44 49 76 109 103 107 100 99 104 60 24 121 116 29
    118 56 89 121 122 118 107 15 93 78 108 76 36 64 1 1 92 102 0 30 27
    41 51 37 107 97 83 68 46 75 35 75 28 112 56 12 91 37 2 36 25 44 25
    111 64 21 109 104 24 80 67 11 115 16 71 5 33 30 14 84 115 104 12 34
    49 60 84 60 120 109 73 5 54 107 18 82 103 54 111 93 120 59 77 40 30
    107 71 97 56 98 73 123 43 73 45 77 49 23 51 40 81 7 1 121 102 60 110
    62 122 16 55 48 15 18 22 45 119 31 24 16 1 80 79 75 92 2 17 122 114
    125 17 36 71 94 62 109 20 53 124 51 11 98 61 28 39 73 37 35 36 98 58
    51 66 101 77 112 40 84 22 94 38 15 91 86 21 87 125 1 7 111 22 30 15
    91 49 71 105 6 3 108 5 2 74 16 113 102 122 78 4 33 87 118 46 116 62
    29 6 58 17 102 46 42 68 44 14 56 24 62 34 108 76 109 25 54 98 27 87
    18 5 123 23 122 101 87 33 5 39 41 47 58 51 21 39 67 76 114 78 17 27
    93 76 86 99 88 111 58 98 66 57 6 77 37 126 125 77 68 12 81 9 85 10 0
    59 14 53 116 111 3 30 60 89 17 83 24 64 42 40 124 77 23 21 44 119 88
    101 3 69 110 48 11 38 7 0 77 64 0 74 116 11 40 4 5 17 108 27 65 112
    70 58 91 51 22 4 79 11 71 112 6 48 45 44 33 8 7 20 89 29 46 63 81 91
    47 39 48 81 94 61 120 112 23 81 102 94 37 9 66 16 97 72 63 32 53 12
    106 46 62 122 3 29 27 22 41 82 64 0 33 31 107 100 84 16 108 71 66 63
    27 17 112 121 3 123 127 97 100 75 99 12 71 66 98 77 5 83 37 77 55 93
    39 86 109 121 15 77 106 41 10 72 106 100 15 60 111 57 19 79 117 70
    87 56 36 48 38 32 20 122 63 40 23 71 23 69 92 88 104 60 104 48 98 92
    103 70 59 47 35 47 118 62 36 84 15 117 4 1 99 36 13 57 99 116 15 46
    35 6 26 38 58 44 92 73 8 109 109 107 93 1 98 49 13 65 29 1 91 89 100
    87 83 72 115 94 84 119 73 1 19 87 117 47 108 110 77 14 84 55 41 72
    120 96 49 0 47 74 11 122 5 43 56 57 47 120 58 117 117 115 80 3 61
    113 116 21 3 28 99 42 19 123 59 93 47 91 87 50 28 63 66 15 103 98 56
    65 2 79 6 100 8 83 46 44 112 4 126 48 83 126 47 16 117 80 126 127 56
    58 92 86 38 95 57 57 122 36 39 43 82 86 38 57 20 1 8 21 24 62 55 115
    54 44 42 30 33 121 99 75 75 77 26 83 28 45 119 97 29 92 100 16 12 6
    50 71 99 86 73 122 52 59 45 23 69 99 56 115 83 67 57 75 88 98 114 47
    127 38 63 5 14 72 26 85 31 10 63 27 9 29 89 101 50 115 14 52 89 117
    8 29 18 0 25 101 87 6 59 92 91 32 57 88 7 122 74 87 28 69 92 96 25
    106 90 110 32 96 67 116 122 10 54 98 67 70 27 17 17 5 27 118 47 106
    73 92 76 15 39 78 108 17 36 23 7 80 39 66 81 83 120 39 22 57 33 72
    121 68 47 41 33 57 98 8 81 46 83 76 13 11 94 57 5 30 78 104 14 6 2
    65 107 120 30 65 50 35 38 19 30 123 59 124 61 57 95 79 11 85 82 19
    10 43 103 123 58 109 44 51 69 87 23 87 57 77 72 34 89 110 1 44 42 21
    51 25 61 39 76 78 107 47 107 45 12 50 100 85 91 45 72 99 90 39 20 37
    118 42 64 75 42 50 66 117 78 44 112 44 113 64 60 39 85 57 127 33 93
    51 77 64 35 85 91 59 55 99 17 63 66 113 32 28 100 30 72 82 43 101 38
    98 84 4 85 89 81 40 15 127 119 14 94 9 29 113 25 98 56 46 118 84 31
    19 11 50 16 67 15 29 93 32 80 86 21 54 59 61 30 7 52 65 88 29 97 8
    47 7 40 77 62 105 36 79 21 125 105 67 39 124 100 90 65 7 57 27 54
    119 74 56 102 38 51 113 50 1 14 100 89 23 73 77 107 89 111 33 97 117
    103 40 18 12 86 19 56 127 117 101 42 120 40 85 46 21 23 63 74 8 127
    51 85 57 43 28 64 66 4 19 16 53 11 108 49 24 91 101 54 83 12 38 91
    26 56 109 107 20 49 118 22 50 65 2 18 121 71 53 119 58 13 68 63 61
    69 68 42 113 24 36 63 114 98 86 49 109 13 108 97 38 57 66 77 70 107
    34 91 78 65 74 0 96 68 108 11 57 32 97 64 3 4 97 122 122 38 30 113
    17 23 66 100 62 50 18 49 4 27 63 112 111 19 82 81 73 111 48 73 4 89
    60 1 56 71 14 13 61 58 69 116 30 14 103 0 109 29 26 94 37 92 30 78
    104 125 45 48 55 3 81 51 20 102 96 103 75 101 109 6 58 17 34 13 4
    125 27 37 1 79 31 69 68 74 6 18 121 113 86 14 104 30 86 1 112 96 62
    32 16 13 109 112 45 56 0 108 111 51 85 87 60 17 100 118 35 91 34 1 3
    11 38 79 35 116 49 110 59 92 2 83 25 29 39 35 91 114 14 100 78 14
    102 32 110 75 94 95 115 13 124 34 124 17 85 28 15 117 11 71 65 30 52
    116 95 53 118 50 32 99 115 125 98 98 84 59 74 71 60 20 29 123 88 46
    92 36 36 31 67 7 96 67 27 56 96 71 27 120 29 87 47 10 38 109 82 81
    120 9 72 63 49 116 125 56 126 21 111 43 99 59 34 10 117 38 110 127
    18 108 125 11 89 118 98 23 124 26 126 45 102 87 1 121 28 27 95 89
    105 92 63 34 85 127 104 67 43 58 42 43 116 0 56 63 48 79 17 99 10 16
    111 123 80 70 23 126 16 119 41 87 114 113 49 10 11 23 52 7 68 102 87
    102 18 10 46 98 17 124 94 40 13 117 61 29 13 38 52 21 87 124 114 66
    34 18 40 7 0 10 52 64 5 73 115 27 7 24 59 54 5 86 66 96 0 47 126 66
    19 15 111 83 18 85 114 20 28 44 97 83 14 22 99 5 38 101 5 35 110 116
    103 50 90 32 70 120 118 27 25 118 94 30 23 117 33 31 126 30 46 99 87
    95 28 50 73 77 98 45 72 123 22 83 107 32 72 56 122 35 111 42 51 22
    127 17 61 68 118 50 60 85 47 122 47 21 8 21 36 61 61 71 15 11 106
    120 36 82 45 60 77 44 41 113 53 116 61 98 6 36 116 75 67 99 86 23
    111 45 65 61 101 44 71 60 127 53 48 97 82 74 29 47 80 47 107 68 70
    36 124 36 60 100 38 69 115 6 101 122 80 59 107 27 72 13 1 80 22 36
    125 94 64 90 88 70 116 25 12 28 25 125 20 101 76 5 40 41 115 43 44
    55 51 66 107 34 122 103 5 96 73 70 28 32 18 1 19 98 77 11 16 83 119
    5 9 50 51 14 34 52 43 4 102 2 77 76 56 114 74 4 72 57 91 76 22 113
    56 32 9 84 97 9 116 10 62 12 55 5 78 69 99 23 126 51 63 17 56 87 68
    70 25 48 21 25 38 75 106 80 32 17 58 115 109 105 63 121 60 68 32 92
    43 114 121 121 14 72 76 80 12 38 53 96 33 30 114 103 19 114 87 12 60
    78 87 121 66 8 24 13 72 125 59 91 71 67 53 105 100 105 6 105 21 20
    86 33 115 113 113 98 3 17 37 124 38 76 11 66 31 3 69 38 112 100 19
    59 48 17 74 97 30 65 37 28 1 29 11 27 96 106 125 50 62 20 53 14 0
    119 112 113 89 54 44 72 3 52 39 39 104 49 0 94 16 115 90 114 20 69
    32 85 16 122 69 29 112 1 61 44 45 31 57 27 21 72 68 72 60 4 78 9 107
    110 56 30 71 100 99 12 119 56 66 26 8 25 106 123 115 62 115 123 25
    119 114 66 75 94 49 119 48 57 109 14 77 62 72 10 53 101 123 4 0 23
    122 101 118 39 4 18 3 52 11 88 82 45 71 61 13 85 51 37 63 118 9 65 0
    104 50 42 47 2 97 119 81 15 85 57 114 113 113 82 103 34 42 0 15 74
    95 10 121 14 109 84 10 57 54 124 13 88 88 42 75 115 120 45 8 51 75
    17 115 94 14 10 60 71 40 47 123 59 117 106 20 18 26 41 16 95 92 9
    113 90 91 71 9 46 32 55 96 63 25 24 56 109 74 88 107 122 121 24 40
    113 36 9 5 33 71 90 40 28 119 87 23 85 36 81 111 68 4 23 53 100 83
    90 83 117 53 43 101 81 122 0 43 89 126 92 86 107 27 65 62 60 112 57
    87 8 68 103 21 108 2 27 110 30 84 6 94 99 126 14 73 79 88 76 110 92
    88 65 49 104 104 78 0 126 112 126 77 72 67 59 44 98 42 105 16 85 29
    88 37 56 119 84 126 9 8 103 11 82 2 91 40 102 29 85 5 15 92 111 4 56
    89 112 114 47 67 38 73 93 25 5 89 19 80 116 11 7 38 34 97 29 11 44
    80 39 25 116 88 37 26 81 118 108 1 69 26 126 0 42 36 41 106 112 30 8
    38 81 117 52 6 20 6 8 31 58 89 80 11 116 44 35 122 117 14 104 8 39
    29 99 115 21 59 102 9 105 31 99 62 83 86 43 18 84 36 86 45 104 126
    53 41 30 86 62 41 9 26 22 88 105 102 69 115 119 79 19 24 8 106 62 83
    15 62 15 111 90 77 2 90 95 72 120 8 9 26 15 93 41 108 55 85 92 92 79
    115 123 121 23 100 28 99 46 75 104 103 55 70 69 111 34 39 48 72 22 4
    109 27 49 94 102 4 38 84 48 4 87 19 89 5 33 24 64 4 37 0 73 14 93
    113 39 101 20 66 32 119 71 95 111 34 80 113 102 105 72 123 56 91 19
    49 110 101 19 103 60 58 119 15 20 24 2 11 6 1 80 30 7 66 89 90 42 76
    40 103 87 42 118 104 51 0 112 16 37 68 30 106 17 60 57 52 78 5 63
    115 7 113 126 29 39 104 114 53 58 17 110 96 48 79 61 22 113 46 13 63
    109 102 94 65 56 86 100 71 20 86 19 124 62 122 104 120 45 54 37 10
    26 57 93 39 26 15 76 43 34 97 1 36 109 93 46 72 114 91 79 38 107 110
    3 107 84 95 113 46 85 84 94 19 42 127 114 38 57 8 114 122 37 109 109
    74 9 0 6 54 112 29 116 12 70 44 21 40 65 91 64 2 37 35 48 63 51 67
    98 17 85 32 43 19 37 61 120 124 107 52 9 88 89 94 92 88 53 4 47 13
    100 60 7 54 72 5 40 51 54 70 4 87 95 65 91 3 18 123 81 52 23 34 41
    33 55 57 43 18 37 70 87 59 87 12 117 20 27 48 31 110 13 25 27 11 96
    1 114 108 73 79 15 89 95 63 94 15 111 56 111 57 52 10 127 60 124 24
    103 79 59 71 127 39 62 85 95 13 41 17 100 65 112 44 31 117 66 0 51
    30 56 56 105 88 49 110 10 89 43 51 76 111 113 71 48 102 75 93 68 88
    95 89 127 57 93 108 3 17 29 105 48 46 90 122 90 50 78 11 75 31 114
    53 84 76 44 62 87 65 63 112 2 87 61 18 12 99 20 12 59 69 16 58 19
    118 117 109 121 106 91 16 2 11 1 33 46 126 75 20 28 98 23 107 103 4
    62 51 110 76 83 115 74 120 50 68 17 66 40 105 54 69 61 74 102 113 7
    88 12 110 88 77 54 114 83 71 29 122 88 114 12 46 82 107 25 73 40 121
    85 108 97 8 109 82 63 41 67 37 31 85 79 13 80 107 104 127 98 72 94
    117 115 13 83 76 111 59 97 21 40 104 61 16 119 2 70 9 17 28 62 25 52
    23 17 103 74 32 10 77 120 42 91 14 64 120 106 115 84 40 34 117 78
    103 6 60 39 107 46 22 56 40 92 83 50 1 13 29 88 81 82 7 42 51 86 76
    36 73 28 86 13 125 98 115 40 84 8 75 76 13 54 9 19 19 110 66 30 111
    26 109 30 43 123 68 4 110 97 58 8 59 58 48 42 14 80 20 118 88 6 60
    18 76 50 44 0 13 6 66 75 41 36 122 45 79 98 9 64 23 71 9 3 56 35 78
    94 54 23 1 81 113 85 70 41 33 39 93 110 119 88 60 50 41 11 96 73 77
    6 44 75 5 97 116 51 88 42 86 55 74 70 71 94 60 95 40 67 70 35 107
    122 54 76 41 118 6 39 58 80 71 110 62 79 64 68 124 36 122 5 9 51 21
    1 4 90 109 92 14 49 112 59 7 35 114 103 55 22 95 5 7 31 67 27 70 98
    67 75 45 124 109 76 127 124 45 17 102 41 32 5 10 99 61 10 55 119 61
    52 41 110 119 124 35 116 36 70 119 104 115 103 69 127 6 14 0 50 70
    79 113 57 95 62 121 50 30 92 15 118 44 125 95 71 5 1 115 23 22 88
    120 110 93 87 16 33 40 34 61 64 53 40 78 15 65 8 61 111 88 77 60 79
    25 53 75 30 102 71 117 95 88 55 44 70 5 109 95 72 40 7 93 1 118 61
    32 39 68 31 17 16 64 112 116 45 14 5 23 30 53 79 19 101 24 42 105
    121 2 41 78 108 107 33 68 32 48 106 66 1 124 56 121 82 93 34 30 66
    74 122 116 76 126 21 94 97 66 8 116 116 107 111 48 99 124 79 10 64
    70 91 115 14 62 31 79 81 83 61 66 48 113 125 105 27 103 52 61 104 82
    45 49 2 97 70 90 68 69 114 111 0 5 12 0 118 121 121 77 115 57 113 98
    38 21 72 73 50 17 84 82 39 124 126 75 57 120 56 84 40 73 65 10 80 3
    14 15 85 123 35 124 73 126 29 9 103 97 86 57 74 41 17 59 81 78 68 35
    112 120 124 15 79 109 105 89 47 88 90 114 99 101 29 80 18 49 29 123
    70 45 65 32 103 53 44 25 56 44 47 69 55 17 30 44 97 123 74 115 60 3
    121 36 31 85 44 71 14 52 83 47 33 36 89 97 86 80 69 113 40 49 36 79
    114 58 73 2 76 88 94 3 127 88 69 49 86 104 112 16 55 59 96 110 113
    93 62 109 46 29 59 101 33 59 38 21 65 108 91 84 10 86 71 41 51 79 0
    1 90 42 110 12 6 79 110 97 83 103 55 102 85 117 89 108 57 29 8 112
    10 3 9 35 38 18 33 59 106 37 112 35 106 65 66 100 104 76 35 22 52 91
    107 23 0 48 12 40 35 73 65 100 45 57 68 61 39 84 18 9 62 110 101 88
    23 74 93 56 118 108 45 37 92 4 6 62 113 70 56 19 29 35 105 62 77 10
    27 26 92 23 127 87 88 92 69 42 100 66 57 105 124 67 85 110 22 75 27
    102 108 13 34 60 51 52 60 86 85 72 25 115 49 13 32 58 66 38 43 3 13
    17 19 103 32 29 105 84 9 88 4 84 101 66 74 92 109 37 104 82 14 108
    13 74 3 69 125 95 13 78 29 88 34 19 37 38 15 54 37 84 50 101 11 90
    40 45 45 53 56 17 99 64 36 121 54 81 1 63 101 39 61 112 39 70 52 2
    127 45 110 24 118 97 107 122 100 102 61 46 33 56 34 55 41 7 46 120
    54 117 85 0 122 75 127 44 121 127 1 58 103 76 108 76 41 115 50 126
    35 82 98 105 38 93 23 65 60 3 77 9 81 48 33 80 94 85 69 46 115 73 11
    127 39 124 53 27 28 4 5 17 64 46 61 120 77 88 88 105 100 118 73 60
    18 115 112 98 29 40 69 86 14 60 124 19 78 79 82 43 45 66 76 127 103
    20 85 38 83 43 51 5 20 80 91 107 44 84 124 27 76 88 87 107 116 103 5
    106 23 29 17 79 73 82 4 58 122 71 69 103 83 83 66 0 34 55 7 41 74 58
    53 102 119 60 61 68 120 17 77 24 18 33 70 43 0 32 37 123 59 6 75 107
    102 36 116 1 44 66 116 119 59 117 99 59 96 75 106 15 19 65 50 32 16
    78 60 49 46 4 53 69 115 61 96 124 19 52 65 48 101 59 75 29 110 80 92
    2 98 39 125 99 14 19 2 109 124 13 21 1 29 46 25 92 30 123 28 73 98
    113 60 103 55 88 11 84 105 81 57 62 2 67 47 44 86 41 105 120 32 71
    63 51 103 5 67 33 37 36 60 6 10 98 52 15 67 46 28 94 125 54 62 29 47
    63 43 66 21 121 89 28 71 88 125 102 43 22 0 28 99 113 56 64 51 109
    54 115 104 94 74 14 86 95 17 15 120 94 45 31 43 89 23 127 17 123 7
    82 114 120 79 85 64 89 72 116 62 88 81 78 44 82 3 97 56 66 0 5 64
    119 126 107 124 55 122 75 97 97 47 55 109 99 18 55 76 57 2 63 111 47
    91 120 26 91 37 54 20 60 77 31 50 99 126 21 120 30 71 124 84 14 65
    80 20 8 96 43 106 17 32 54 55 62 62 40 16 1 85 67 27 75 82 24 45 102
    105 1 0 113 102 33 120 94 17 65 123 58 34 20 100 74 8 34 102 107 16
    29 20 108 20 124 78 96 83 6 29 65 87 11 56 102 120 85 82 27 127 89
    108 24 73 66 19 9 91 116 4 109 9 85 2 1 46 110 53 28 37 81 84 63 95
    103 71 45 55 81 46 24 19 115 36 81 93 82 13 71 29 72 72 102 81 53 95
    10 103 119 74 5 113 30 80 8 67 119 5 106 6 67 19 42 29 1 44 35 103
    40 100 7 6 69 47 0 99 17 78 30 34 114 3 97 55 57 7 67 24 98 54 67 15
    53 118 81 49 87 51 19 62 92 25 41 65 51 61 22 92 47 44 66 110 111 16
    42 89 102 20 56 67 114 54 87 82 82 75 52 58 104 52 87 122 65 40 8 49
    103 28 50 13 45 28 87 16 7 108 39 108 5 1 21 60 49 13 79 126 2 85 53
    73 122 15 107 82 21 69 83 18 49 30 47 20 29 122 5 26 74 82 74 13 108
    53 89 113 11 68 29 113 33 24 102 49 89 53 78 100 73 116 30 96 53 96
    22 100 25 101 33 14 105 69 64 36 16 120 6 78 90 75 102 55 27 85 114
    68 90 57 108 87 65 96 105 89 68 56 110 8 9 57 55 89 17 96 59 83 87 5
    44 96 23 28 27 2 61 33 119 32 76 125 48 81 93 86 5 7 13 15 103 30 48
    6 90 93 20 48 106 111 88 17 99 75 96 88 102 51 80 8 3 27 80 34 93
    124 17 12 119 16 29 48 26 78 83 76 87 41 8 0 109 41 92 20 116 43 122
    62 105 0 90 85 115 39 106 77 16 13 78 85 61 1 61 57 17 0 70 44 1 89
    119 54 75 117 21 37 107 3 70 21 108 123 94 65 78 78 78 80 89 70 63
    82 127 59 65 37 46 57 18 97 60 67 19 62 121 86 66 107 84 4 29 16 101
    48 78 83 49 44 65 0 105 62 75 123 9 67 95 79 34 6 34 112 12 6 96 27
    120 59 117 93 64 8 44 48 116 21 107 121 31 68 61 125 81 115 32 13 6
    126 90 99 53 13 118 69 14 107 72 123 113 77 58 79 68 21 58 85 4 12
    97 0 34 95 17 56 54 79 6 16 88 44 10 21 114 14 15 27 60 87 29 121 52
    5 100 119 61 53 42 122 107 68 51 94 104 103 24 67 8 109 2 30 42 113
    23 14 122 40 115 22 112 67 120 74 60 12 28 30 75 118 32 62 113 60 48
    19 95 54 34 73 43 84 94 67 48 39 65 120 1 67 88 124 51 24 14 57 13
    67 43 54 85 63 115 68 93 48 34 0 85 36 109 119 40 40 45 68 83 8 23
    99 71 63 121 30 5 103 69 0 68 35 122 91 122 75 53 125 19 112 82 110
    56 119 35 44 108 34 115 67 32 98 48 113 55 17 31 59 12 9 1 18 70 60
    9 4 10 48 124 31 66 99 31 99 93 50 2 127 14 6 63 81 49 95 27 107 6
    115 59 42 63 85 37 47 18 20 47 15 56 71 95 86 23 83 118 50 115 37 71
    69 38 64 35 59 100 98 56 127 63 1 12 104 44 37 79 12 89 45 76 61 58
    104 94 125 126 75 8 76 110 77 71 112 16 18 53 125 31 118 127 73 108
    90 1 94 38 75 122 86 77 105 125 2 1 116 18 33 55 84 95 34 125 27 102
    86 57 75 103 126 22 106 112 34 45 5 26 92 55 90 24 37 51 78 52 100
    91 9 84 32 18 11 41 57 117 0 73 95 7 100 22 114 94 59 74 97 106 59
    27 29 20 7 78 37 110 71 19 14 32 117 64 124 121 105 114 41 86 117 83
    35 109 66 25 1 89 41 98 21 73 98 71 55 12 70 27 61 40 110 7 29 66 83
    125 29 16 122 23 41 63 0 122 35 126 75 104 111 105 92 126 22 51 44
    94 110 113 33 116 52 28 66 109 20 20 55 50 33 30 78 52 10 86 6 5 41
    92 101 89 39 40 48 73 117 118 55 50 115 65 58 47 88 98 52 15 115 5
    62 81 91 0 52 41 93 52 121 120 13 105 38 4 77 14 70 108 7 55 112 68
    98 59 51 110 104 127 110 109 89 78 47 57 69 107 75 36 46 125 15 92
    108 54 13 78 64 3 55 34 40 1 93 107 77 99 22 83 18 8 123 9 96 37 106
    53 53 62 103 94 16 123 109 124 2 2 90 14 54 10 68 19 99 58 38 63 22
    115 116 102 94 40 58 26 25 78 47 2 12 63 71 24 66 43 14 66 17 63 17
    60 28 30 77 65 49 76 28 62 79 77 120 12 58 47 23 27 51 100 9 97 109
    77 111 27 100 35 8 116 56 72 57 16 2 69 23 59 106 122 81 78 74 67 9
    78 43 100 93 122 114 82 36 127 80 24 53 88 76 51 39 72 9 121 55 12
    28 17 94 6 85 68 62 83 34 108 19 0 19 4 123 124 74 92 87 41 101 106
    92 18 121 66 88 81 73 41 14 16 113 46 125 75 82 6 86 77 52 107 47 22
    117 25 58 111 77 39 113 50 31 36 31 15 83 33 54 63 63 84 77 98 37
    113 61 12 64 46 103 109 37 60 10 76 23 48 91 1 75 35 10 62 50 100 35
    126 63 112 74 22 59 21 63 70 2 125 32 59 6 78 102 124 103 81 77 118
    5 109 49 36 44 53 93 120 77 16 79 61 51 40 61 40 114 17 112 64 3 122
    50 66 61 67 2 118 61 2 125 4 105 59 100 114 18 69 72 108 127 98 0 13
    68 30 42 119 97 55 94 117 64 27 7 72 20 120 46 87 121 68 6 74 13 100
    88 83 7 13 118 60 78 119 54 2 60 41 78 35 123 60 101 99 41 21 126 98
    52 11 53 100 42 19 59 37 34 81 104 53 82 68 107 120 34 41 25 90 80
    24 9 118 42 63 112 111 25 68 82 70 52 69 64 123 42 60 94 83 46 100 3
    127 88 112 42 124 26 85 18 81 121 105 14 92 66 21 12 72 29 109 79
    125 24 60 35 38 120 53 6 38 11 104 60 17 37 100 90 21 120 88 97 116
    49 55 64 75 30 112 26 17 42 79 63 84 101 95 33 3 6 80 17 120 46 9 35
    108 62 124 120 40 66 12 100 111 21 11 68 84 9 15 83 56 107 94 46 51
    39 31 116 46 102 53 107 89 59 61 82 98 36 99 68 98 32 75 55 115 85 3
    93 62 71 29 66 38 55 119 122 118 58 37 92 18 8 120 37 43 94 105 67
    10 20 68 118 28 112 110 113 4 35 99 127 41 74 1 62 107 38 117 91 84
    123 100 61 108 64 22 85 99 41 50 69 89 38 82 4 52 91 96 40 51 1 42
    90 77 24 84 85 57 16 99 18 27 120 64 98 17 72 35 95 0 45 108 64 105
    127 20 109 112 42 47 34 58 123 74 69 8 52 24 35 83 111 63 66 4 103
    74 47 113 67 69 53 77 36 42 109 31 42 111 124 81 74 63 92 78 7 113
    124 110 27 21 108 2 11 46 98 127 59 41 78 109 95 69 47 117 77 60 67
    54 123 13 4 0 72 91 103 108 0 83 18 112 126 85 112 126 86 62 66 105
    116 40 74 42 19 96 122 42 7 106 30 54 27 60 54 106 103 120 29 121 6
    45 42 114 50 111 28 82 116 27 60 108 9 0 66 107 83 88 21 39 37 62 67
    38 48 51 43 127 62 78 25 65 41 44 110 29 80 59 79 103 8 120 24 52 10
    63 57 4 43 65 101 79 122 100 43 74 85 118 18 22 44 23 36 96 34 28
    108 109 123 49 88 124 31 84 39 85 112 0 70 66 52 84 43 69 114 32 3
    110 115 38 113 94 102 107 101 55 30 40 95 27 23 40 6 40 114 11 115
    99 110 26 32 26 126 119 73 125 10 45 61 123 47 87 116 87 47 92 85 92
    71 89 44 70 79 49 100 122 40 7 74 17 83 29 48 71 21 66 26 51 24 113
    76 56 79 70 52 58 97 119 100 10 127 16 52 111 92 90 99 78 58 48 73
    68 20 120 80 9 63 92 107 124 82 109 56 65 27 75 84 95 56 98 16 7 101
    20 43 55 42 22 72 107 40 28 53 107 76 40 118 80 124 26 15 31 105 45
    0 51 79 84 57 105 44 114 94 110 85 18 108 74 48 54 93 122 55 113 70
    72 62 28 8 72 98 60 70 92 9 120 70 39 112 16 16 4 51 36 65 17 40 5
    41 101 39 45 95 55 96 79 127 63 13 121 79 71 26 112 94 73 27 57 73
    69 25 38 15 80 64 109 74 88 82 85 38 109 58 82 101 87 21 82 22 69 6
    64 54 84 122 67 42 58 102 93 32 12 93 113 26 83 101 114 86 30 110
    111 95 8 29 38 84 11 36 13 22 30 30 20 101 92 46 4 106 1 13 109 76
    122 50 92 112 26 5 94 114 73 53 28 51 100 7 47 45 117 66 126 4 105
    18 67 21 28 97 29 46 86 124 54 118 37 49 110 19 43 118 49 111 12 74
    14 77 88 76 20 74 5 33 86 69 32 86 52 118 102 10 77 29 40 5 19 98 33
    96 31 4 63 12 110 102 99 66 9 35 39 42 85 22 93 4 102 105 49 89 87
    83 60 45 71 86 2 107 122 120 125 100 83 92 25 76 50 35 22 123 50 27
    19 65 34 3 18 57 100 54 48 71 34 5 17 61 58 79 58 21 59 71 26 29 58
    84 50 66 30 94 13 68 103 26 35 0 40 119 12 76 117 37 16 15 29 30 94
    127 89 118 103 65 99 93 53 100 77 12 28 49 18 105 39 100 6 23 89 30
    125 104 76 26 87 67 70 36 71 110 51 60 117 81 4 34 38 68 88 84 116
    72 118 118 57 103 76 55 45 81 32 25 70 21 123 117 98 64 115 34 78
    107 16 32 33 58 98 102 6 51 85 125 80 82 86 80 88 11 64 14 34 43 24
    89 55 104 1 14 90 7 27 124 112 61 60 86 41 37 60 18 111 50 15 37 54
    94 56 87 66 76 41 116 114 52 113 60 14 104 29 61 52 30 41 126 9 54
    117 95 59 78 53 50 32 96 7 85 20 51 11 54 65 32 98 86 98 114 86 28
    73 126 30 116 28 62 25 110 50 89 32 28 68 86 116 28 63 69 11 3 125
    108 77 40 106 63 49 86 24 74 106 124 8 11 108 121 56 30 104 18 109
    22 121 64 67 120 68 43 67 5 99 64 3 69 90 99 79 85 101 30 55 106 60
    70 2 83 67 69 49 15 81 95 54 27 99 11 88 50 30 86 60 1 121 53 98 5
    26 31 126 18 22 116 99 119 47 4 118 96 22 109 49 103 70 123 17 48 54
    34 71 91 14 15 27 33 47 40 4 4 22 126 44 107 89 121 127 100 59 34 15
    3 57 8 127 19 121 109 85 117 31 35 123 91 100 1 26 108 33 97 53 37
    125 54 111 45 30 102 116 17 26 101 22 17 9 59 121 22 102 54 94 67 88
    70 115 43 53 8 77 25 23 95 88 78 24 127 107 8 78 101 103 89 98 14
    105 77 33 118 81 73 84 109 9 56 83 114 107 27 120 50 95 49 30 116 49
    86 101 54 75 39 64 16 28 4 58 71 93 87 38 29 68 83 57 84 0 105 117
    37 49 74 126 57 86 125 52 74 96 14 66 101 25 5 58 3 117 106 26 34 90
    4 28 26 92 56 80 94 124 7 17 114 89 116 53 125 8 57 79 46 108 60 55
    89 15 124 47 41 104 95 10 17 125 32 85 15 116 101 99 2 48 50 4 111
    10 103 56 3 34 36 124 2 72 54 33 19 2 119 102 53 60 90 71 88 84 4 92
    65 8 30 17 27 20 74 115 44 16 27 113 3 122 38 67 1 71 73 125 43 21
    96 13 121 40 40 50 46 69 41 92 120 112 83 13 85 53 41 66 27 67 51 11
    44 51 14 75 41 120 62 0 85 17 109 107 86 82 111 23 14 114 92 68 24
    86 54 118 114 115 106 116 41 82 30 53 126 36 30 83 57 127 106 34 44
    124 28 91 2 69 38 127 34 81 43 53 106 96 109 91 37 8 102 77 67 103
    11 95 97 15 104 65 24 81 13 27 95 111 59 90 40 98 87 95 74 90 101 99
    95 25 42 89 74 87 84 107 5 8 103 117 54 39 112 94 125 24 79 37 38 6
    61 88 110 30 24 31 101 54 15 67 49 96 81 126 121 49 36 113 124 117
    81 0 68 63 11 81 118 16 20 41 86 88 67 9 40 7 32 106</data></input>
<my_img type_id="opencv-matrix">
  <rows>256</rows>
  <cols>256</cols>
  <dt>u</dt>
  <data>
    62 59 62 63 65 66 69 70 72 71 70 70 71 72 74 74 72 69 67 66 72 72 71
    74 73 67 68 70 73 74 78 75 75 77 75 73 76 74 70 69 63 60 60 61 60 61
    60 59 59 60 60 64 65 67 68 67 66 67 67 71 71 72 71 66 64 61 63 64 64
    67 66 66 65 66 69 70 70 68 66 68 67 65 66 65 66 68 68 70 71 72 70 71
    67 68 70 70 70 69 69 67 65 64 64 67 66 64 62 60 60 60 61 65 64 63 62
    61 59 62 65 65 63 62 61 62 64 65 66 67 67 66 65 63 63 63 66 65 65 65
    64 63 60 61 62 61 59 57 54 51 49 49 47 48 49 50 53 54 55 56 60 63 63
    65 66 66 65 63 62 60 63 61 61 63 61 61 59 60 63 66 67 68 67 66 66 69
    68 68 66 63 60 62 57 59 56 53 51 52 55 56 56 56 54 55 56 59 60 59 57
    58 58 58 59 60 61 59 59 60 62 64 63 67 65 63 63 62 66 69 67 65 65 64
    63 66 67 66 63 61 57 57 58 58 59 58 58 60 60 64 64 67 70 72 70 70 71
    72 71 73 62 61 64 65 68 68 71 72 73 72 72 71 72 73 76 74 72 68 67 67
    71 71 71 72 70 65 67 69 72 72 75 72 73 75 73 72 75 73 70 68 63 61 61
    62 61 62 60 59 58 59 60 64 64 65 66 65 64 66 66 69 70 71 70 66 64 62
    64 65 64 67 66 66 66 67 69 69 69 68 65 67 66 65 65 64 65 68 67 70 70
    71 70 71 67 68 70 69 69 69 69 67 66 66 65 68 66 64 61 59 59 59 60 63
    61 61 60 60 58 61 63 62 62 60 58 60 62 63 64 67 67 67 66 64 65 65 67
    67 67 67 65 64 60 61 62 62 61 59 55 52 51 51 50 51 52 53 54 55 56 57
    61 63 63 64 65 64 63 62 60 59 62 59 61 62 61 62 60 61 65 67 68 70 70
    68 68 71 69 70 69 65 61 62 57 58 55 53 51 53 54 55 55 56 55 57 58 60
    59 58 56 57 57 59 60 60 60 57 58 58 60 62 62 65 62 61 61 60 63 66 65
    63 62 63 62 65 65 65 62 60 56 57 58 59 60 59 60 62 62 67 66 69 72 72
    70 70 71 70 68 71 64 63 65 66 69 70 72 73 74 73 73 71 71 72 75 74 72
    68 67 67 72 71 70 73 70 66 66 68 71 71 73 71 72 73 71 70 72 69 67 65
    61 59 59 59 58 60 58 57 57 58 59 63 63 65 66 67 65 67 68 71 72 72 71
    67 65 62 64 65 65 67 66 66 66 66 69 69 70 68 65 66 64 64 65 65 67 69
    67 69 69 71 71 72 68 68 70 69 68 69 69 67 65 64 64 67 65 64 62 59 60
    60 62 66 64 64 63 62 59 61 64 63 63 61 59 60 62 64 64 68 68 68 67 64
    64 66 67 66 66 66 64 63 59 60 62 63 61 59 56 53 52 52 51 53 53 54 54
    55 57 58 62 63 63 64 64 64 62 62 60 59 61 59 60 62 61 61 60 61 64 66
    68 70 70 68 68 70 70 71 70 66 63 63 59 59 57 54 53 53 53 53 54 55 54
    55 57 58 58 58 56 58 59 59 60 60 59 57 59 59 60 61 61 64 62 60 60 61
    64 65 64 64 63 63 62 65 66 66 64 62 59 59 59 60 60 60 61 62 63 66 65
    68 71 73 70 71 70 70 68 69 62 61 62 63 66 68 70 71 74 72 73 71 72 74
    75 74 72 69 68 67 72 71 71 73 70 66 66 69 71 71 73 70 70 71 69 69 71
    70 68 65 62 60 60 61 60 61 59 59 59 59 59 64 63 66 66 67 66 66 67 69
    71 71 70 66 64 61 63 64 65 67 66 66 66 65 68 68 69 68 64 65 63 63 64
    64 67 69 68 70 70 71 70 71 68 68 70 68 68 68 68 67 65 65 65 68 66 64
    62 59 60 60 62 65 65 65 63 63 61 62 65 65 65 63 61 61 62 64 64 67 67
    67 65 63 63 65 67 66 67 67 65 64 61 62 63 64 61 59 57 54 52 53 53 54
    54 55 55 57 57 58 62 63 63 64 63 63 61 60 60 59 60 57 58 60 59 59 59
    60 63 65 66 68 69 67 68 70 69 70 69 66 63 65 60 59 57 54 53 54 53 54
    54 55 52 53 56 57 57 56 54 57 57 58 59 59 58 55 57 58 59 61 60 63 61
    59 59 61 62 63 62 63 61 61 61 64 65 66 64 62 60 59 60 62 62 62 62 63
    63 65 65 68 71 72 68 69 69 69 68 68 61 61 63 64 67 68 71 73 77 76 76
    74 75 76 78 76 73 70 69 68 71 70 70 71 69 66 67 69 71 70 72 69 70 70
    68 67 68 66 65 64 60 60 60 61 61 62 61 61 61 60 61 65 64 66 66 66 64
    65 66 68 70 70 70 66 65 62 64 67 67 69 68 67 66 64 66 65 66 65 61 63
    61 60 62 62 65 68 68 69 70 71 70 71 69 68 70 69 68 67 68 66 65 66 65
    67 67 65 63 61 62 61 62 66 65 65 64 64 63 63 65 66 66 64 62 61 62 63
    63 65 66 66 64 62 63 65 66 65 66 67 65 65 63 64 64 65 62 61 59 57 55
    56 54 54 54 54 54 56 55 57 60 61 61 62 63 63 61 60 59 58 59 56 58 59
    58 58 57 59 61 62 64 66 67 65 67 68 68 68 67 65 62 63 59 57 56 53 52
    53 53 53 54 54 52 53 57 57 56 56 54 56 57 57 59 60 59 57 58 58 59 61
    60 62 61 60 58 59 61 62 61 61 60 61 61 63 64 65 63 63 61 62 63 65 65
    65 65 65 65 67 67 69 72 71 68 68 67 67 68 68 62 62 64 65 68 68 72 73
    76 76 77 76 76 76 78 76 74 70 69 68 70 68 69 70 67 65 67 69 70 70 71
    69 70 70 67 67 67 65 64 64 61 60 60 61 60 62 60 60 61 61 61 64 64 67
    66 66 65 67 67 68 68 70 70 66 64 62 64 66 66 68 68 67 65 63 65 65 65
    63 60 61 59 58 60 61 63 66 66 66 68 68 68 68 67 66 68 68 67 67 68 66
    65 66 65 66 66 64 63 62 62 61 62 66 66 65 65 65 64 63 64 64 65 64 62
    61 61 62 62 64 65 65 63 62 63 64 66 65 66 66 64 65 64 65 65 65 63 62
    60 58 57 58 57 56 57 57 56 58 59 60 63 63 63 63 63 63 61 60 60 58 59
    56 57 59 58 58 58 58 60 61 62 64 65 65 65 67 67 67 67 65 64 65 62 60
    58 56 56 55 55 55 56 55 52 54 56 56 55 56 55 57 57 57 59 60 61 58 60
    60 60 61 60 63 63 62 61 61 62 62 62 63 62 63 63 65 65 66 64 64 62 62
    63 65 64 65 65 65 64 65 66 69 71 71 68 68 68 68 68 69 60 61 63 65 67
    67 71 72 75 76 77 75 74 73 76 76 74 71 70 70 71 68 70 71 69 66 67 68
    69 69 69 68 68 69 67 67 66 66 65 63 61 61 60 62 61 63 61 63 62 61 62
    64 64 67 66 66 65 66 66 69 69 71 70 67 65 64 65 67 67 67 67 66 64 62
    64 64 64 63 60 62 61 61 62 62 64 66 65 66 67 67 66 66 65 64 65 66 66
    65 66 65 64 65 65 65 66 65 65 64 64 63 64 66 65 66 65 65 64 62 62 62
    62 62 61 60 61 62 62 64 65 64 63 62 63 63 64 62 63 63 63 63 63 65 65
    66 64 63 63 61 58 57 56 57 56 57 56 58 58 58 61 62 63 62 62 62 61 60
    60 58 60 57 57 60 59 60 60 60 62 63 64 67 68 68 67 69 69 68 67 65 64
    66 62 60 59 58 57 56 56 57 57 56 53 54 57 57 56 57 56 58 58 56 57 59
    60 58 60 59 59 60 60 62 63 63 62 62 62 63 63 63 62 63 62 64 64 65 64
    65 63 64 65 67 66 67 67 66 65 65 65 67 68 67 66 66 65 66 66 66 59 61
    65 66 67 67 72 72 75 77 78 78 77 75 77 77 76 72 70 70 71 68 69 70 69
    67 67 68 68 68 68 66 67 68 65 65 65 64 64 64 62 62 61 63 61 63 62 63
    62 62 61 64 64 68 66 67 66 68 68 70 69 71 71 68 65 64 65 67 66 68 67
    66 63 61 64 65 66 64 62 63 62 60 63 62 64 65 65 65 66 66 65 66 66 63
    65 66 66 66 67 65 65 65 65 65 66 65 65 65 65 64 64 65 65 65 65 65 64
    61 60 59 60 61 61 61 61 63 63 65 67 66 66 64 64 63 64 62 62 62 62 63
    63 64 64 66 64 64 64 62 59 58 57 57 57 57 58 59 59 60 62 64 63 62 62
    62 61 59 59 57 59 57 56 60 60 60 60 59 61 61 64 66 68 68 66 68 69 68
    69 67 67 68 65 63 61 61 60 58 58 59 59 58 55 56 58 59 57 58 58 61 61
    59 60 61 63 61 62 61 62 62 61 62 64 64 64 63 63 63 64 64 64 65 64 66
    67 67 67 68 67 68 69 70 69 70 70 69 68 68 67 69 71 69 68 69 68 68 68
    68 61 63 66 67 69 68 73 73 76 78 78 76 76 74 75 75 74 70 69 69 70 67
    68 68 67 65 66 67 66 66 65 64 65 67 65 64 64 63 63 65 62 62 61 62 61
    62 62 63 62 61 61 63 63 66 64 66 66 68 68 69 69 70 71 69 66 66 66 68
    67 67 67 66 64 62 63 64 64 64 61 62 60 58 61 60 62 64 64 64 66 65 64
    66 67 64 66 67 66 67 69 67 68 68 67 68 69 67 67 68 67 65 65 66 65 65
    65 65 64 62 59 59 59 59 60 59 60 61 61 63 64 64 64 63 62 61 61 59 60
    60 60 62 62 64 64 65 65 66 66 64 62 60 59 59 59 59 59 61 60 60 62 63
    63 61 61 60 60 59 59 56 58 56 56 59 60 60 60 59 60 60 63 64 66 67 66
    67 69 66 68 67 66 68 65 62 61 61 59 58 59 60 60 58 55 56 59 59 58 59
    58 60 61 58 60 62 64 61 62 61 61 62 61 61 64 65 64 63 63 63 65 65 64
    66 66 67 68 69 69 70 69 69 70 71 70 71 71 69 68 67 66 70 71 69 69 69
    69 69 69 70 64 66 68 70 70 69 74 73 74 77 78 76 76 74 75 74 74 70 70
    70 70 67 67 67 66 64 65 66 66 66 65 63 65 67 65 65 66 65 64 66 64 63
    62 63 61 62 61 62 62 62 61 62 62 66 64 66 66 67 67 67 67 68 69 67 64
    65 64 66 66 66 66 63 62 61 62 64 64 63 60 62 60 58 61 60 63 65 65 66
    66 67 65 67 67 65 67 68 67 67 69 68 67 68 68 68 69 67 67 67 66 64 64
    66 65 66 66 66 65 63 60 60 61 61 61 60 60 61 60 62 62 62 61 60 60 60
    60 58 60 60 60 62 63 64 64 64 64 64 65 63 61 60 60 59 59 58 59 60 60
    60 61 61 60 58 58 58 59 57 58 54 56 53 54 57 58 58 59 58 59 59 62 63
    66 66 67 68 69 67 68 68 66 69 66 63 62 61 60 59 59 61 60 59 56 57 61
    60 59 59 58 60 61 58 60 62 63 61 62 62 63 64 63 63 66 66 65 64 63 62
    62 63 61 63 62 63 64 65 66 68 67 68 70 71 71 72 72 71 69 68 68 71 71
    70 71 70 70 70 71 71 63 65 67 68 69 68 73 72 75 77 77 74 73 72 73 73
    72 69 70 71 70 68 69 69 69 67 68 68 68 67 65 64 65 66 64 63 63 61 61
    63 62 62 60 61 58 60 59 62 62 62 61 61 61 65 64 67 66 69 69 69 69 69
    70 69 66 66 65 68 67 66 66 64 64 61 63 65 66 64 61 63 61 60 62 62 65
    66 65 64 66 66 65 65 68 65 66 66 65 65 68 66 66 66 65 65 66 65 66 67
    66 64 65 66 67 68 68 69 68 65 63 63 63 64 62 61 61 63 60 62 62 63 62
    61 62 62 62 60 61 62 61 62 63 64 64 65 63 63 64 62 62 61 62 62 62 59
    60 62 63 63 63 63 63 61 60 60 61 60 60 56 57 55 54 57 58 58 60 59 60
    59 62 64 67 67 67 68 70 68 69 68 69 71 68 64 65 64 64 62 61 63 63 60
    58 57 61 60 59 59 58 60 60 58 59 62 63 62 63 63 63 64 62 62 64 64 64
    64 62 61 63 64 63 65 65 66 67 68 68 70 70 70 72 72 71 72 72 70 69 66
    66 68 68 67 68 69 69 67 69 68 67 70 70 72 73 71 76 73 76 78 77 74 73
    71 72 72 71 68 69 69 68 66 68 67 67 66 66 67 66 65 64 63 64 65 64 65
    63 61 62 62 62 63 61 61 60 61 58 61 62 61 62 62 60 64 63 66 65 68 68
    68 70 69 69 69 66 67 66 68 66 65 65 63 63 61 62 64 63 62 59 62 60 59
    61 60 63 65 64 64 65 65 63 64 66 63 65 65 64 65 68 67 67 69 67 66 66
    64 64 64 64 61 62 62 62 63 64 67 66 64 62 62 64 63 62 62 61 62 59 62
    62 63 63 62 63 63 62 62 62 63 62 63 64 64 64 64 64 65 65 64 64 63 64
    64 64 61 62 63 63 63 63 62 61 60 59 58 60 60 60 58 57 55 55 58 58 59
    60 59 60 60 62 65 68 68 68 69 71 70 71 69 69 70 69 65 66 66 66 64 62
    64 64 63 60 60 64 62 59 59 58 60 59 57 59 60 61 59 60 59 60 61 59 59
    62 63 62 63 60 60 62 63 62 66 65 65 66 67 68 71 70 69 71 71 70 70 72
    70 69 65 66 68 68 67 69 70 70 69 70 69 66 69 69 70 71 69 74 71 74 76
    75 73 72 70 70 70 70 68 69 68 67 65 67 66 67 66 66 67 65 65 65 62 63
    63 62 63 62 60 59 60 60 59 60 60 60 60 58 61 62 63 64 64 63 66 65 67
    66 70 71 71 72 71 71 70 67 69 68 70 66 65 65 62 62 59 60 62 61 59 56
    60 58 57 59 60 62 63 62 62 64 65 63 64 66 64 65 66 64 64 67 66 66 67
    65 63 64 62 62 63 63 61 61 61 61 63 65 67 66 65 64 64 65 66 65 65 65
    64 62 64 64 64 63 63 63 63 62 61 62 62 62 63 63 64 65 64 64 64 64 63
    64 63 63 63 63 60 61 62 62 62 63 61 61 61 59 60 62 62 63 60 60 58 58
    60 59 60 61 59 60 60 62 64 68 67 67 68 70 69 70 69 68 70 68 66 67 67
    66 64 63 66 65 64 61 60 63 62 61 59 59 61 59 57 57 59 61 59 60 59 60
    61 58 59 62 62 61 62 59 60 62 63 63 66 65 64 66 67 69 70 70 68 69 69
    66 67 69 67 65 61 62 63 65 65 67 69 70 69 70 69 63 66 65 66 67 65 71
    68 71 73 72 71 70 68 69 69 69 67 68 68 67 66 67 66 67 67 67 68 67 66
    66 63 63 63 62 63 61 59 59 58 59 58 59 60 61 62 59 62 64 63 64 63 62
    64 63 64 64 68 67 68 69 70 70 71 68 70 69 70 67 66 65 63 62 60 59 62
    60 59 57 60 60 59 61 61 62 64 63 62 64 65 62 63 64 63 64 65 63 63 65
    64 64 65 62 60 61 59 59 60 60 58 59 59 60 62 65 67 68 68 67 67 68 68
    68 67 67 66 64 65 65 65 64 64 64 64 63 63 62 62 63 64 65 65 65 63 63
    64 64 64 65 64 64 64 64 61 62 64 64 63 64 62 63 63 60 60 63 62 63 60
    59 58 57 58 57 59 59 58 59 58 60 63 66 67 66 67 69 68 69 68 67 69 67
    64 65 66 65 63 62 66 65 64 61 59 62 61 60 59 58 59 58 57 58 60 63 62
    62 61 62 61 59 59 61 62 61 61 58 59 61 62 63 67 66 66 67 67 68 70 70
    69 71 69 67 67 68 67 66 61 62 61 63 62 65 67 68 67 67 66 64 67 66 66
    67 64 69 66 68 71 70 69 68 67 68 68 69 68 68 68 65 64 64 64 64 64 65
    65 65 65 65 62 63 63 62 63 61 59 58 57 58 57 59 60 60 61 57 59 61 62
    63 62 61 63 62 63 63 67 67 67 68 68 69 70 68 70 69 70 67 66 66 63 63
    61 60 62 61 59 57 60 61 60 61 61 61 63 63 62 64 65 63 64 65 63 65 66
    65 64 66 64 64 64 61 59 59 57 56 57 57 55 56 56 57 59 62 65 65 66 65
    64 65 66 66 66 66 65 63 63 63 64 63 63 64 63 61 62 61 61 62 63 63 65
    65 63 63 64 64 64 67 65 65 66 65 61 62 63 63 62 63 60 61 62 59 60 63
    63 64 61 60 59 59 59 59 60 60 59 61 61 63 65 67 67 67 68 70 70 70 68
    68 68 67 65 67 68 67 65 65 68 68 67 65 64 66 64 64 63 61 62 60 59 59
    60 62 62 63 61 63 63 60 60 62 64 64 64 61 62 63 63 64 68 66 66 67 66
    67 70 69 69 69 67 65 66 67 65 65 61 61 60 61 60 65 67 68 66 65 64 65
    66 66 66 66 64 67 65 67 68 67 66 65 64 64 66 67 66 68 67 66 65 65 65
    65 64 65 63 63 63 63 61 62 62 61 62 62 60 59 57 59 57 58 58 59 60 56
    58 59 61 62 61 61 63 62 63 64 68 67 67 67 67 68 68 67 69 67 68 65 64
    64 62 62 60 59 63 62 61 59 62 63 62 62 62 63 64 63 62 63 64 63 64 65
    65 67 67 67 66 68 67 66 66 64 61 61 60 58 59 58 56 57 57 57 59 62 63
    63 64 62 62 62 63 64 64 65 65 63 63 61 63 62 62 62 61 60 60 60 60 60
    61 61 62 63 62 62 62 63 62 66 65 67 68 67 63 65 66 67 66 65 63 63 62
    59 60 63 63 63 61 60 59 58 59 60 61 61 59 61 63 64 66 68 70 69 70 73
    73 74 72 71 71 71 69 70 70 70 68 67 69 69 67 66 63 65 65 65 63 62 62
    60 59 59 60 61 61 62 60 62 63 60 61 63 65 66 66 63 64 65 65 65 69 68
    67 68 68 68 71 69 67 68 67 65 64 65 63 63 60 59 60 61 61 65 67 69 68
    68 67 64 65 65 64 64 62 66 65 66 67 66 65 65 64 64 64 66 66 67 67 66
    65 65 64 65 63 65 63 62 63 62 60 60 60 61 61 61 59 59 57 58 58 60 60
    61 61 58 60 61 62 63 61 60 60 60 61 61 65 65 66 66 66 67 68 66 68 67
    68 66 63 63 62 63 62 62 65 64 64 63 66 67 66 65 65 66 67 66 64 65 65
    64 66 66 67 67 66 65 66 67 66 65 66 63 62 62 61 59 60 58 57 58 57 57
    59 62 63 62 64 62 64 63 64 65 66 67 67 65 65 64 65 65 65 63 63 61 61
    59 59 59 59 60 60 62 60 60 62 62 63 65 66 66 67 67 64 66 67 66 66 64
    63 63 62 60 61 64 64 63 61 60 60 59 61 62 62 62 62 63 64 66 69 70 70
    71 73 75 75 76 74 72 72 71 70 71 71 70 68 69 70 69 68 67 64 66 66 66
    64 62 62 61 61 60 61 62 61 61 59 62 63 60 60 62 64 64 64 62 63 65 63
    63 67 66 65 67 67 68 71 70 69 70 68 67 66 67 65 64 63 62 62 62 63 66
    68 70 69 68 68 64 64 64 63 64 63 66 65 67 68 67 67 67 67 66 65 67 67
    67 66 65 63 62 61 61 61 63 61 61 61 62 60 60 60 61 62 61 58 59 57 59
    58 60 60 62 62 58 61 62 63 64 62 62 62 62 62 63 68 67 66 67 65 66 67
    65 67 65 67 65 63 64 62 64 63 63 66 66 65 64 65 66 66 65 65 66 67 67
    64 65 65 64 66 67 67 67 67 66 66 67 68 67 68 64 63 64 63 60 60 59 58
    58 57 57 59 61 62 61 64 62 64 63 64 65 66 67 68 65 66 65 66 66 66 65
    64 62 62 60 60 59 59 60 59 60 59 60 61 61 62 65 66 66 66 67 64 66 67
    67 66 64 63 64 63 62 63 65 64 65 62 60 61 60 61 62 62 61 60 62 63 65
    68 68 69 70 71 74 73 75 73 72 71 71 70 71 71 71 69 70 71 70 70 68 66
    68 67 67 64 62 62 60 60 60 61 62 60 61 60 64 64 61 62 63 65 64 65 62
    63 64 62 63 67 67 65 67 66 67 69 69 67 67 65 64 62 63 62 62 61 60 60
    61 62 65 67 68 68 67 66 66 65 64 63 64 63 66 65 67 67 67 65 66 66 66
    64 66 65 67 66 64 63 62 61 60 60 62 62 62 62 63 60 60 60 62 63 61 59
    59 56 57 57 58 60 62 61 58 61 62 63 64 62 61 62 62 62 63 67 66 66 67
    66 67 68 67 68 66 67 64 63 63 63 64 63 63 64 64 65 64 65 66 65 64 64
    66 67 67 64 63 63 62 63 63 65 64 63 62 61 62 63 62 63 61 61 61 60 59
    60 58 58 58 57 58 60 61 63 62 65 64 66 66 67 68 69 69 69 66 67 65 66
    65 65 65 65 63 62 61 61 59 59 60 58 60 58 58 60 59 60 64 65 67 66 68
    65 67 67 67 68 66 65 65 65 64 64 66 64 66 63 61 62 62 61 62 62 63 62
    65 64 66 68 67 67 69 70 73 72 73 72 71 70 70 70 72 71 71 69 70 72 70
    69 68 66 68 66 65 63 61 61 59 58 58 59 60 59 60 59 61 62 59 60 62 63
    64 64 62 62 63 61 63 66 65 63 65 63 63 66 67 65 65 62 61 60 61 59 61
    59 58 58 58 59 63 64 65 66 65 64 66 65 64 63 63 63 65 65 65 65 65 64
    66 66 65 66 67 66 67 66 65 64 64 62 62 62 63 61 63 62 62 59 58 59 60
    62 59 57 58 55 57 56 58 60 62 60 56 59 61 61 63 62 61 61 61 61 62 66
    65 65 66 66 67 67 67 68 67 68 66 65 65 63 63 62 61 63 63 62 62 63 64
    64 62 62 64 66 66 64 64 63 62 63 63 66 66 65 64 63 64 63 63 64 62 61
    60 60 59 59 58 58 58 57 57 59 61 62 62 64 63 65 65 66 68 68 69 69 65
    67 64 65 64 63 63 64 62 62 60 61 58 59 60 59 60 58 58 59 58 60 63 64
    66 65 67 65 68 67 68 69 67 66 66 67 65 66 67 64 66 64 61 63 63 63 63
    62 63 63 65 65 66 68 68 68 70 71 73 72 73 71 71 70 70 69 70 70 70 69
    70 71 69 68 69 66 68 67 66 63 62 60 59 60 59 60 61 60 61 59 62 62 60
    60 62 63 63 63 60 60 61 59 61 65 63 63 64 63 63 66 68 67 67 64 63 62
    63 61 62 62 60 59 58 59 63 64 64 66 65 64 62 61 61 60 60 60 63 63 65
    65 65 64 66 66 66 66 68 67 67 66 65 64 64 62 61 61 62 61 62 62 61 59
    58 58 59 61 59 58 58 54 56 56 58 60 62 61 57 59 60 60 63 61 61 61 61
    61 62 65 65 65 65 65 66 67 67 68 67 69 67 68 68 68 67 65 64 65 65 65
    64 65 66 65 63 63 65 67 68 65 65 63 63 63 64 66 66 66 65 64 65 65 64
    65 63 62 61 60 58 59 58 58 57 56 56 57 59 60 60 62 62 64 63 65 67 68
    69 69 66 67 66 66 65 65 65 66 64 63 60 62 59 59 61 59 60 58 57 59 59
    61 63 64 65 65 66 65 68 68 68 68 67 66 68 68 67 68 68 66 66 65 63 64
    65 64 64 63 64 64 65 65 67 68 67 68 70 71 73 72 73 73 74 71 71 71 72
    71 71 70 71 71 69 67 68 67 68 66 67 65 64 63 62 62 62 61 62 61 61 59
    61 60 58 59 60 62 63 63 61 62 63 61 64 67 66 66 67 66 65 69 70 70 68
    66 65 63 62 61 61 61 58 57 56 58 60 61 61 63 61 61 64 64 64 63 62 61
    63 63 64 63 64 63 65 66 65 66 67 67 65 65 65 63 62 60 59 59 60 59 60
    61 60 58 56 57 59 61 60 59 58 55 57 57 60 62 64 61 58 60 61 61 63 62
    61 60 61 60 62 64 63 62 63 64 65 66 66 67 66 68 67 68 68 68 66 64 63
    63 63 64 63 64 64 65 63 64 66 67 67 65 64 64 62 64 64 66 67 68 66 66
    66 67 66 67 65 64 63 62 59 59 58 58 57 55 55 56 58 58 58 60 60 63 62
    64 66 66 67 67 65 67 66 66 66 66 65 66 63 62 59 61 58 58 61 60 61 59
    58 61 61 62 63 64 64 63 64 64 68 67 66 67 66 65 67 67 66 67 67 65 66
    65 64 66 67 67 66 65 66 65 65 66 69 69 68 68 70 71 73 72 73 74 73 70
    71 71 71 71 71 70 72 71 70 69 69 68 69 67 68 66 66 64 64 63 63 61 62
    60 62 60 61 60 58 59 61 62 63 63 61 61 61 60 63 65 65 64 66 65 64 68
    70 70 68 66 64 64 63 61 62 62 59 58 58 59 61 61 61 63 62 62 62 60 61
    60 59 59 61 62 63 61 63 63 66 66 66 66 68 66 66 66 66 64 63 61 60 60
    61 60 62 62 61 59 56 57 58 60 58 58 57 54 55 54 58 61 62 60 57 59 60
    60 61 61 62 61 61 61 63 65 64 62 63 64 65 65 66 66 66 68 68 68 69 68
    67 65 65 64 65 66 65 64 64 65 64 64 65 66 66 64 62 62 62 63 64 65 66
    67 65 65 65 65 64 65 63 63 62 62 59 59 58 58 57 56 57 58 59 59 58 60
    59 61 61 63 64 63 64 65 64 65 65 65 64 64 64 65 64 63 60 61 59 59 62
    61 61 61 59 60 61 62 62 63 63 61 62 62 64 63 62 63 62 62 64 64 65 66
    66 65 66 65 64 67 68 68 67 66 67 66 66 66 70 69 68 68 70 71 72 69 71
    73 73 70 70 71 71 70 70 71 72 71 69 67 67 68 68 67 67 65 65 65 65 65
    64 63 63 62 64 62 64 62 60 61 61 61 63 63 61 60 61 60 62 65 64 64 67
    66 66 69 72 71 69 67 66 66 65 62 63 62 60 59 57 59 60 60 59 61 61 60
    62 60 60 59 58 60 61 63 64 62 63 63 65 65 65 66 66 65 64 65 65 64 63
    62 61 61 63 62 64 64 62 60 58 59 60 61 59 60 59 56 57 57 59 61 61 60
    58 59 59 59 60 59 61 60 60 62 63 64 62 60 61 62 62 63 64 64 63 65 66
    68 69 69 68 66 67 66 66 67 66 65 65 66 65 65 65 66 67 65 62 62 62 64
    64 65 65 67 64 64 65 66 64 65 63 63 63 62 60 60 59 60 58 58 59 60 60
    59 59 60 59 60 59 61 62 61 62 64 62 63 63 64 64 65 64 66 66 64 60 63
    60 60 64 62 62 62 60 62 63 64 64 65 65 63 63 63 64 64 62 63 61 61 63
    63 65 66 66 66 67 65 64 67 68 67 66 64 65 65 65 65 69 68 67 68 69 72
    72 70 71 73 74 70 72 71 71 72 71 71 72 70 68 65 65 66 67 65 64 63 64
    64 64 64 65 64 63 61 63 62 63 62 60 61 61 62 63 63 63 63 63 61 63 66
    65 66 68 67 67 70 71 72 70 68 67 67 66 63 64 64 61 61 59 60 61 61 60
    63 63 62 63 62 62 62 61 62 63 65 65 63 64 63 64 65 63 64 64 62 62 63
    65 63 63 62 62 61 62 62 63 63 60 58 57 58 59 60 60 61 59 57 58 58 61
    62 61 60 57 57 58 59 59 59 60 59 59 62 62 63 62 59 60 60 59 61 62 62
    61 64 64 66 67 67 67 67 67 65 66 66 65 64 64 64 64 64 65 66 67 65 64
    64 64 65 66 67 67 68 65 66 66 67 66 67 65 65 65 64 63 63 62 62 60 58
    58 60 59 58 58 58 56 57 56 58 60 59 60 62 61 61 61 62 63 64 64 65 65
    63 60 63 61 60 63 61 61 62 60 61 61 62 61 62 63 62 62 63 64 63 62 64
    62 63 64 65 66 69 69 68 69 67 65 69 70 69 69 66 68 67 67 67 70 69 68
    68 70 72 73 70 71 73 75 71 73 73 74 74 72 72 73 72 69 67 67 68 68 67
    66 64 65 65 65 65 65 65 64 61 62 61 64 64 62 62 62 64 64 64 64 64 64
    62 63 65 64 65 65 65 65 67 67 68 66 64 64 64 64 62 63 63 61 62 59 60
    61 60 58 61 61 60 64 63 63 63 63 64 65 66 66 64 64 63 64 64 62 63 62
    61 62 63 65 63 64 63 62 61 62 62 62 61 59 57 56 57 58 59 59 60 59 58
    59 59 61 62 61 60 58 59 60 60 61 62 62 60 62 64 65 65 64 61 62 62 60
    61 63 63 61 63 63 66 67 67 67 68 67 66 67 68 66 65 64 65 65 65 65 67
    67 65 63 64 64 65 65 66 67 68 66 67 67 68 67 68 68 68 67 66 65 65 64
    65 62 60 60 61 60 59 58 58 56 56 55 57 59 58 60 63 61 62 63 64 65 65
    65 66 66 64 60 63 61 59 62 60 60 60 59 60 59 60 58 59 60 60 60 62 64
    63 62 64 61 63 65 66 66 69 69 68 68 67 66 71 72 71 69 68 68 67 67 67
    69 68 67 67 69 72 72 69 70 73 74 71 72 72 72 72 70 70 71 70 66 65 65
    66 66 65 64 63 64 65 65 66 65 65 64 62 62 61 64 63 62 62 63 64 63 63
    63 63 63 61 62 64 63 63 63 63 64 65 66 67 66 65 65 64 65 65 66 65 64
    65 62 62 62 61 60 61 60 60 66 66 65 65 66 66 66 68 67 66 65 64 65 65
    63 63 62 61 60 63 65 63 63 62 61 61 61 62 62 61 59 56 55 57 58 60 59
    60 59 59 60 60 62 64 62 61 60 60 62 62 61 62 63 61 61 64 65 65 65 62
    62 63 61 62 65 64 63 64 66 67 68 68 68 69 68 65 66 66 65 63 62 64 64
    65 64 67 67 65 64 65 65 65 65 65 67 68 65 67 66 66 65 67 66 67 66 64
    63 63 63 64 62 61 61 62 60 61 60 60 58 59 59 61 61 61 62 65 63 64 65
    65 67 67 67 68 68 65 63 65 63 62 65 62 62 61 60 61 61 60 59 59 61 60
    60 62 63 62 61 63 61 62 64 66 66 68 69 69 70 69 67 71 73 72 70 68 68
    67 66 65 68 67 67 66 67 71 70 68 69 71 73 71 71 71 70 71 69 69 70 68
    64 64 65 66 66 66 64 62 65 66 67 67 66 65 65 62 62 61 63 61 59 61 61
    60 61 60 62 62 62 60 62 63 62 62 63 62 63 64 65 66 66 65 64 64 64 66
    66 66 65 65 62 62 64 63 62 62 61 61 65 66 65 66 67 68 67 68 67 67 67
    67 67 67 65 65 63 62 62 64 67 65 64 63 62 62 62 64 64 62 59 57 57 58
    58 60 60 61 60 60 61 61 62 63 62 62 60 62 63 63 63 64 66 64 64 67 68
    68 67 63 64 64 63 64 67 66 66 66 68 71 71 70 69 69 68 65 66 66 64 63
    62 63 63 63 62 64 65 64 63 64 64 63 62 64 66 67 66 67 66 66 65 66 65
    66 64 62 61 62 63 63 61 61 61 62 61 63 61 61 60 59 60 61 61 60 61 63
    61 62 63 63 64 64 64 65 66 64 62 65 64 63 65 63 63 63 62 63 63 62 60
    61 62 61 62 63 64 62 61 63 62 62 64 66 67 68 68 67 69 67 66 70 72 71
    69 67 68 66 65 65 67 66 65 65 66 68 67 65 66 69 70 69 69 69 69 70 68
    69 70 69 66 67 67 68 68 67 64 63 64 65 66 66 65 64 64 61 62 62 63 62
    61 62 62 62 62 62 62 63 62 61 62 63 62 63 63 62 63 63 63 65 66 65 64
    64 65 65 67 66 65 65 63 63 63 63 62 62 61 59 62 64 64 66 67 67 65 66
    65 65 65 65 66 65 63 62 61 61 61 64 67 66 66 64 64 64 63 65 64 63 61
    58 58 59 59 61 61 62 61 62 63 62 62 64 62 62 60 62 63 63 61 62 64 63
    63 66 66 66 65 63 63 64 64 65 67 67 66 67 68 71 71 69 68 68 66 63 64
    64 62 61 59 60 60 60 60 63 63 62 61 62 62 62 62 64 66 67 65 66 66 66
    65 65 64 64 61 60 60 62 62 62 61 61 62 63 64 64 62 61 60 59 60 61 60
    59 59 60 59 61 62 62 64 64 65 66 67 66 64 66 65 64 65 63 62 62 62 62
    62 61 60 60 61 62 61 62 63 61 61 63 62 62 63 65 66 67 68 67 68 67 67
    71 73 73 70 67 68 66 65 66 67 66 65 64 64 66 66 65 65 68 68 67 67 67
    67 69 68 69 69 67 65 66 66 67 67 67 64 63 64 64 66 66 66 65 65 63 62
    63 63 63 64 64 64 63 64 64 64 66 65 65 64 65 63 64 64 63 65 66 65 66
    67 67 66 67 67 68 69 67 67 67 66 65 65 65 64 64 64 63 63 65 65 67 68
    66 65 65 63 64 63 64 64 64 61 60 61 62 62 65 68 67 67 66 66 65 64 65
    64 62 60 57 58 58 58 59 60 61 61 63 64 64 63 64 62 63 61 62 65 64 62
    62 64 63 63 66 65 65 64 61 60 62 62 64 66 66 66 67 68 71 72 71 70 70
    66 64 63 64 62 61 59 61 61 60 60 63 62 62 62 63 64 64 64 66 69 71 69
    71 71 71 70 70 68 67 65 63 63 63 63 62 62 61 62 63 64 65 62 62 61 60
    60 60 59 57 58 60 58 60 60 61 62 63 64 65 67 66 63 65 64 64 64 62 62
    63 63 63 62 62 61 61 62 63 63 64 64 62 62 63 61 62 63 65 66 67 68 67
    68 67 68 72 73 72 69 67 67 65 64 66 67 66 66 65 65 67 66 65 66 68 68
    67 67 67 65 68 67 68 69 66 64 65 65 66 65 65 62 61 62 62 65 64 65 63
    63 62 62 63 64 64 65 66 65 64 64 64 64 65 64 64 64 64 63 64 64 64 65
    65 64 66 66 67 66 65 66 67 67 65 66 66 65 64 63 64 64 63 62 62 62 64
    64 66 68 67 65 65 65 65 66 66 66 65 62 61 60 63 64 65 68 67 66 65 65
    66 64 66 64 62 62 59 60 59 59 61 61 62 62 63 65 63 64 64 62 64 63 63
    66 67 65 64 67 65 66 69 67 67 67 63 61 63 63 64 66 66 65 66 67 69 69
    69 69 69 65 63 63 65 63 62 61 62 62 62 61 65 64 64 63 64 65 65 65 66
    68 69 66 68 67 67 67 66 65 64 62 61 61 62 62 61 60 59 60 61 62 63 60
    60 59 58 60 60 59 57 58 60 59 61 62 64 66 66 67 68 69 67 65 66 65 64
    65 63 64 65 65 65 65 65 64 65 65 65 64 64 63 62 61 61 60 60 61 63 64
    65 66 65 66 66 66 70 71 70 68 65 66 64 64 65 67 66 66 66 65 67 66 65
    66 67 67 67 66 66 65 67 67 68 67 66 64 65 64 65 64 64 62 60 62 63 65
    65 65 64 64 63 63 64 65 65 66 66 65 64 65 65 66 67 65 66 65 65 64 65
    64 64 65 63 62 63 64 65 63 62 64 65 65 64 66 66 65 64 63 63 64 63 63
    63 66 68 67 70 71 71 67 67 65 66 65 66 65 63 60 60 59 61 63 65 68 67
    67 66 68 68 66 67 65 63 62 60 60 59 60 60 60 61 61 63 65 64 64 64 63
    64 63 64 66 66 64 64 66 64 65 68 66 66 66 62 61 63 63 64 66 66 66 67
    68 69 69 69 69 69 65 63 63 63 62 60 60 61 61 60 59 61 60 60 61 62 63
    63 63 65 67 68 67 69 68 68 67 66 64 64 62 61 62 62 62 60 60 59 61 62
    64 65 62 60 59 58 61 60 60 57 58 59 59 61 62 64 66 65 66 66 68 68 66
    65 65 65 66 65 66 68 68 68 68 67 67 68 67 67 67 66 64 63 63 62 61 61
    61 63 63 64 65 65 66 66 65 69 69 69 66 65 65 64 64 65 66 66 67 67 66
    67 66 65 66 68 67 67 67 67 66 68 69 69 68 66 64 64 63 63 62 62 60 59
    61 61 63 64 64 63 64 63 64 65 64 65 66 66 65 64 64 64 65 65 64 65 64
    65 64 64 63 64 65 64 62 63 64 64 63 62 64 66 67 65 67 68 67 66 65 65
    65 64 64 64 65 66 66 68 69 69 67 67 65 66 65 66 65 62 60 60 59 61 62
    66 69 67 67 68 69 70 67 67 65 63 61 59 61 59 58 59 60 62 62 63 65 63
    62 61 60 62 62 61 63 64 62 62 65 63 64 67 66 66 65 63 61 63 63 64 66
    65 65 65 66 68 68 68 69 69 66 64 65 64 63 61 61 61 60 59 57 60 60 59
    60 61 63 62 63 65 66 67 66 68 68 66 65 64 63 62 60 60 61 61 61 59 59
    58 59 60 62 64 62 60 59 58 60 59 60 59 59 60 59 61 61 63 65 64 64 64
    66 66 65 64 64 65 65 63 65 68 68 68 67 67 68 70 69 69 69 68 65 64 64
    65 63 62 62 63 63 64 65 66 67 66 64 67 67 67 64 62 62 60 60 61 62 62
    63 63 62 63 63 64 65 67 67 67 68 67 66 69 69 68 68 65 64 64 63 63 62
    62 60 58 60 60 63 63 62 63 64 64 64 66 65 66 67 66 65 66 65 64 66 67
    64 66 65 65 64 65 62 63 65 62 60 62 63 63 61 61 63 65 66 65 66 68 66
    65 65 66 66 64 64 63 65 66 66 67 69 69 67 67 65 66 65 66 65 63 61 61
    60 62 62 66 69 68 68 69 71 70 67 67 64 62 60 58 60 57 57 57 58 60 61
    63 65 65 64 63 62 64 64 64 65 65 63 62 64 61 62 65 63 64 63 61 59 61
    61 62 64 64 64 63 64 66 65 67 67 68 63 62 61 61 60 59 59 59 58 58 56
    59 59 58 61 62 64 64 64 66 67 68 67 69 69 67 66 63 62 62 60 59 61 62
    63 62 61 60 61 62 64 65 63 62 61 61 62 61 62 61 62 62 62 64 63 66 67
    66 67 66 68 68 66 64 64 66 65 63 66 67 68 68 67 67 70 71 71 71 73 71
    70 69 70 69 68 67 66 66 66 65 66 65 66 64 62 64 65 64 62 60 59 58 58
    59 60 61 62 63 62 63 63 64 65 67 68 68 68 67 65 68 68 67 67 63 62 62
    62 61 61 60 58 56 59 58 61 61 60 61 63 63 65 66 66 67 69 68 68 69 68
    67 67 69 65 67 67 65 65 65 61 61 62 60 58 60 60 61 59 58 61 63 65 64
    65 66 64 64 63 64 64 62 62 60 66 68 68 69 70 70 67 67 64 64 64 66 65
    63 61 62 61 64 65 68 71 70 70 70 72 71 67 67 65 63 62 59 60 58 57 58
    58 60 60 62 64 63 64 63 63 65 64 66 67 67 64 63 65 62 62 65 64 65 64
    63 61 61 61 63 64 64 64 63 63 64 63 65 65 67 62 61 61 62 61 61 60 60
    59 59 58 61 60 60 62 63 64 64 62 65 66 67 66 69 69 67 67 65 65 65 63
    63 63 64 63 62 61 60 60 60 62 63 60 60 59 59 61 59 60 60 62 62 62 65
    63 66 67 67 68 67 68 68 67 64 65 66 64 62 64 65 65 65 65 64 66 66 68
    67 70 69 68 68 69 68 68 67 66 66 65 64 64 64 65 63 61 64 64 64 61 60
    60 59 59 61 61 63 63 64 63 64 66 66 67 68 68 68 68 67 66 69 69 68 68
    65 63 64 64 62 62 60 58 56 57 56 59 59 59 58 61 61 63 65 65 66 69 68
    67 69 69 68 67 69 67 69 68 66 66 66 62 61 62 61 59 61 60 62 61 61 64
    66 67 66 67 67 65 64 63 62 62 60 59 59 68 69 69 70 69 70 67 66 63 63
    63 65 64 62 60 63 62 64 66 68 71 70 69 69 71 71 68 68 66 63 63 61 63
    62 61 61 60 61 61 63 65 65 65 63 62 65 65 67 67 67 65 64 65 63 64 66
    66 67 66 65 63 64 63 65 65 66 65 63 63 64 63 65 65 67 62 62 62 64 63
    63 63 63 62 61 60 62 61 60 61 62 62 61 60 63 65 66 65 68 68 66 66 65
    65 65 63 63 63 64 63 61 61 60 60 59 61 63 60 59 59 60 62 60 60 60 61
    61 60 64 63 65 67 66 69 67 68 69 69 66 65 66 65 63 64 64 65 65 65 64
    67 67 68 66 68 67 67 67 68 66 66 65 64 64 63 61 62 62 63 61 61 63 62
    63 61 60 60 59 58 61 61 62 61 62 61 62 62 64 65 66 65 65 65 64 63 65
    66 66 66 63 62 62 62 61 61 60 57 55 56 54 57 57 57 56 58 59 61 63 63
    64 68 67 67 69 70 68 68 69 68 71 70 68 67 67 63 63 64 62 60 63 62 63
    63 62 65 67 67 67 68 68 65 66 64 64 64 62 62 62 67 69 69 71 69 70 66
    67 63 63 63 64 64 61 60 62 62 64 65 68 72 71 71 70 73 73 70 70 68 67
    65 62 63 62 61 62 61 62 63 65 66 66 67 66 65 67 67 69 67 67 65 64 64
    62 63 65 65 65 64 64 62 63 64 66 65 67 66 66 65 67 65 66 66 67 62 62
    62 63 63 64 64 64 62 61 61 63 62 61 62 61 61 60 60 62 64 63 63 66 66
    65 65 64 64 64 63 63 64 63 61 60 60 60 60 60 62 64 61 61 61 62 64 62
    61 61 61 60 60 64 62 64 66 66 68 67 68 68 70 66 65 67 67 64 65 65 66
    65 66 64 67 67 68 66 67 67 67 66 68 65 66 66 63 63 63 62 62 62 63 61
    60 61 59 61 59 58 58 57 57 59 59 61 60 62 62 62 62 64 65 65 64 65 65
    65 64 64 66 65 65 62 62 61 61 60 61 59 58 56 56 54 58 57 58 58 59 59
    61 63 63 64 69 67 68 69 71 70 70 72 69 73 72 69 68 67 64 63 64 63 61
    64 62 63 63 63 66 66 66 65 66 65 63 64 63 63 63 61 63 63 66 68 68 68
    67 68 64 65 62 62 62 63 63 59 59 61 61 63 66 68 71 69 70 70 74 74 71
    71 69 67 65 63 65 64 63 63 62 63 64 66 66 66 67 65 64 65 66 67 65 66
    64 63 63 62 62 65 64 65 64 64 62 62 63 66 65 66 65 65 63 65 64 65 65
    66 60 61 61 63 63 65 64 65 64 62 61 63 62 62 62 61 61 60 59 62 63 63
    63 66 66 66 66 64 64 63 62 63 65 65 62 60 60 59 59 59 62 64 62 60 61
    62 63 60 61 60 61 60 59 63 62 64 66 65 69 67 69 69 70 67 67 68 67 65
    66 66 66 66 66 64 66 66 66 64 66 65 66 66 66 65 65 65 63 63 63 61 62
    62 62 61 61 62 60 60 60 59 60 58 58 60 60 60 60 63 63 61 61 62 63 63
    63 63 63 63 62 63 64 64 65 63 64 62 62 62 62 61 60 58 58 56 60 59 60
    59 60 61 63 65 65 66 70 67 67 69 71 70 71 72 70 73 74 71 70 70 65 65
    66 64 61 64 61 61 62 64 65 66 66 64 65 65 63 64 63 61 61 59 60 60 69
    69 68 68 66 67 65 64 62 61 60 61 60 57 58 61 62 63 66 68 70 69 69 70
    74 73 70 69 67 65 64 62 64 63 64 62 62 62 62 64 64 65 66 64 62 64 65
    66 65 65 63 62 62 60 61 64 62 63 61 61 60 61 61 64 62 63 62 62 61 63
    62 63 63 64 60 60 60 62 62 65 63 65 63 61 61 63 62 63 63 63 63 63 62
    66 67 66 66 69 68 67 67 65 66 65 63 65 66 65 63 62 62 61 61 60 63 65
    62 61 61 63 63 61 62 61 62 62 62 65 65 66 68 68 70 68 70 69 70 68 68
    68 67 66 67 66 67 66 66 64 64 64 64 63 63 62 64 63 65 64 64 64 61 62
    62 61 62 62 64 62 62 64 63 63 62 61 62 60 60 61 60 60 59 61 60 59 59
    60 61 60 60 61 61 61 59 61 63 63 64 62 62 61 60 60 61 61 60 58 58 56
    59 59 60 59 61 60 63 64 65 65 69 67 67 68 71 70 71 72 70 73 74 71 69
    69 65 64 65 63 61 64 60 60 61 63 64 65 64 64 64 64 63 63 64 63 63 61
    62 63 70 70 68 68 67 68 66 66 64 63 62 62 61 59 59 61 63 64 66 68 70
    70 70 71 74 73 70 68 66 64 62 60 60 61 62 60 61 61 61 61 62 64 65 64
    61 63 64 65 64 64 64 63 63 61 61 64 62 63 62 61 61 61 61 64 63 64 63
    63 62 64 63 64 64 64 60 61 61 63 63 64 62 65 63 62 61 63 63 64 65 65
    65 64 63 65 66 66 66 68 68 66 66 64 67 66 64 66 67 66 63 63 63 63 62
    60 62 65 63 62 62 63 64 61 62 62 64 64 64 66 65 66 68 68 70 67 69 68
    69 68 67 68 69 68 68 66 67 65 65 64 63 63 63 62 62 61 63 63 65 65 65
    64 62 62 62 61 62 63 64 62 61 62 62 62 61 61 62 60 61 61 60 61 61 62
    62 61 60 60 61 59 59 61 60 60 58 59 61 60 61 59 60 58 58 59 60 59 59
    57 58 56 59 59 58 57 58 58 61 62 62 62 66 65 65 68 71 70 71 73 71 74
    74 71 69 69 66 65 65 62 59 62 59 59 60 62 63 63 63 62 63 63 61 62 64
    63 62 60 60 61 67 67 66 66 66 66 64 64 63 63 62 62 62 60 60 63 64 65
    66 67 69 70 70 70 73 72 70 67 65 64 62 60 60 61 63 61 62 62 62 63 63
    64 66 65 61 62 64 64 62 62 62 61 61 59 59 62 61 62 61 61 61 61 61 63
    62 63 62 62 61 64 62 63 63 64 61 63 64 65 64 66 63 66 64 64 62 63 63
    63 63 64 64 65 62 64 65 65 66 67 67 66 65 63 65 65 64 65 66 66 63 63
    64 64 63 62 62 64 62 61 61 62 62 60 61 62 63 63 64 67 66 67 69 68 71
    69 69 70 71 70 70 71 72 72 73 70 70 69 68 66 66 66 66 64 63 62 63 64
    67 67 67 66 63 63 62 62 64 65 64 62 60 60 61 62 61 61 62 60 60 61 60
    61 61 62 63 62 62 61 62 60 61 62 61 60 59 59 61 60 61 61 61 61 60 60
    62 61 60 58 59 57 60 59 58 56 57 57 59 60 61 60 64 62 62 66 70 70 71
    72 71 74 74 72 69 71 67 67 67 64 61 64 61 61 62 64 64 64 64 64 65 65
    64 64 66 65 65 63 63 64 69 68 67 67 66 66 65 65 64 64 62 63 62 60 60
    63 65 65 65 66 68 68 69 70 74 72 70 67 66 65 63 61 61 62 62 60 60 61
    62 63 63 66 68 67 63 65 65 66 64 63 62 62 60 58 57 61 61 62 60 61 61
    60 60 62 61 62 60 60 60 63 60 61 61 63 60 62 64 65 64 66 63 67 66 65
    63 63 63 62 62 63 63 63 61 63 64 65 67 68 69 67 66 64 66 66 64 65 67
    65 63 63 64 66 64 63 63 66 64 63 64 64 64 62 62 63 63 64 65 66 65 66
    68 69 71 68 70 70 72 70 71 72 74 72 71 69 69 67 67 65 64 64 64 63 63
    61 61 63 66 67 67 66 64 64 62 62 65 67 66 63 62 63 63 63 62 62 63 61
    60 60 59 61 60 61 62 61 61 61 61 61 62 63 63 62 61 60 62 61 63 62 62
    62 61 60 61 61 60 58 58 56 58 58 56 55 56 57 59 58 60 60 63 63 62 66
    69 70 70 72 71 74 74 71 69 71 67 67 67 65 62 64 62 61 63 65 65 65 65
    65 65 65 63 63 65 64 63 61 61 62 65 64 62 62 63 62 62 63 63 63 61 61
    61 60 60 62 65 65 66 67 69 68 70 70 73 72 70 67 66 65 63 60 61 62 63
    61 61 62 63 64 63 65 68 68 64 66 66 66 65 64 64 63 62 61 60 62 62 64
    61 62 62 60 61 63 61 62 61 60 59 63 61 61 61 63 60 61 64 65 65 66 63
    66 66 66 64 65 65 63 63 64 64 63 61 62 64 65 66 67 68 66 65 64 66 67
    65 66 67 66 63 64 65 66 65 64 64 67 65 64 64 64 62 61 61 62 62 62 62
    64 63 63 66 68 70 67 68 68 71 71 71 72 72 71 69 67 67 65 65 63 62 61
    62 61 61 59 60 61 63 65 65 64 62 61 59 59 62 64 63 62 60 62 63 63 63
    63 63 61 60 61 59 61 59 60 61 60 58 59 59 59 59 62 61 60 59 59 62 62
    63 62 61 62 61 61 61 61 61 58 59 56 58 58 56 54 54 55 56 57 59 59 62
    62 62 67 69 71 71 73 72 73 73 71 68 70 65 65 66 64 61 63 61 62 63 65
    65 65 65 64 63 63 61 61 63 63 61 60 60 60 64 63 61 62 63 62 62 62 64
    64 63 62 62 61 61 62 64 65 65 64 65 65 66 67 69 69 68 66 65 65 64 62
    62 65 65 64 64 64 65 66 65 67 70 70 67 67 67 68 67 66 66 66 64 63 61
    63 63 65 63 63 62 60 60 62 60 60 59 59 58 60 57 58 58 60 58 59 61 63
    63 64 62 67 68 68 65 66 67 66 64 66 66 65 63 63 66 66 67 68 68 67 66
    64 67 66 65 66 67 66 64 65 66 67 66 65 65 68 64 63 64 64 62 61 60 60
    60 60 61 63 63 64 66 69 70 69 70 70 72 73 72 72 72 71 68 65 64 63 64
    61 59 58 59 59 59 58 59 60 62 63 64 64 62 61 59 59 62 64 63 62 61 62
    62 63 64 65 65 63 63 63 61 63 61 61 62 61 60 60 60 58 59 62 59 59 58
    57 59 58 59 60 59 61 60 61 62 62 63 61 61 59 59 59 57 54 53 54 55 55
    57 58 60 60 62 65 68 70 69 72 72 73 72 70 67 69 65 65 65 65 61 62 60
    61 64 66 64 65 65 64 63 64 63 63 64 63 63 62 62 62 63 63 62 62 63 61
    61 61 62 63 62 62 62 61 60 61 64 66 65 65 65 65 66 66 68 69 67 66 65
    66 64 62 62 65 66 64 64 65 65 66 65 66 70 70 67 68 68 69 69 68 68 67
    66 66 63 65 65 67 65 65 64 62 63 66 63 65 63 63 61 64 61 60 61 63 60
    60 63 66 66 67 65 68 70 69 67 67 69 67 64 65 65 64 63 62 64 65 67 67
    66 66 65 65 67 67 66 67 67 66 64 64 65 66 65 64 64 66 63 61 62 61 60
    60 60 60 60 60 59 61 62 63 65 68 70 68 68 69 72 73 72 72 71 71 68 65
    65 63 63 61 58 58 58 58 57 55 56 56 59 60 61 62 59 59 57 57 61 63 64
    63 62 64 63 64 66 67 68 66 65 65 63 64 63 62 63 61 60 59 59 58 58 61
    59 59 58 57 59 59 61 62 61 62 61 61 62 62 63 61 60 58 58 57 55 53 52
    53 53 53 55 56 58 57 60 63 67 69 68 70 71 73 72 70 68 69 67 67 68 68
    64 64 62 62 66 68 66 66 65 64 63 64 64 64 66 64 64 63 62 64 62 61 61
    62 63 61 61 61 63 64 64 62 62 61 60 59 63 64 63 63 63 62 65 65 67 67
    67 65 64 65 63 63 62 65 65 64 65 65 66 66 65 67 69 70 67 68 67 67 67
    67 66 65 64 63 61 63 64 65 64 63 62 60 62 64 62 63 62 62 61 64 62 60
    61 62 60 60 63 65 64 66 64 67 70 69 67 67 69 67 65 65 65 64 64 62 64
    66 68 67 67 66 66 66 67 66 65 66 67 66 65 66 67 68 68 68 68 70 67 64
    64 64 62 62 61 60 60 60 60 62 64 64 66 69 69 69 69 68 70 72 71 71 70
    70 69 66 66 64 64 62 60 60 59 59 59 56 57 57 59 61 61 61 59 59 58 58
    62 63 63 63 63 64 64 64 67 66 67 65 65 64 62 63 62 61 61 58 58 57 57
    57 58 60 59 58 58 58 59 59 61 62 61 63 61 62 63 64 65 63 63 61 60 60
    58 55 54 55 55 56 57 57 58 58 60 63 67 69 69 70 70 73 73 71 70 71 68
    68 68 69 65 64 62 61 64 65 63 62 62 61 60 61 61 62 64 63 63 63 62 62
    60 60 59 61 62 60 60 60 62 64 64 62 61 60 60 59 63 64 62 62 62 61 64
    65 67 67 67 65 64 65 64 63 61 63 63 62 62 63 64 64 64 65 68 70 67 68
    67 67 67 66 66 65 65 65 62 64 63 64 63 61 61 60 62 63 61 61 61 61 61
    64 62 61 61 62 59 60 63 64 64 65 62 65 68 68 66 66 67 65 63 64 64 64
    64 62 65 66 69 68 68 68 67 67 68 66 65 65 67 65 64 65 66 68 67 68 68
    70 68 65 64 63 61 62 61 61 60 61 61 63 65 66 67 69 68 68 68 68 69 70
    70 70 69 69 68 67 66 65 65 64 61 61 60 62 63 60 60 60 62 63 64 63 61
    61 59 58 62 64 65 63 63 63 64 65 67 67 69 67 66 65 64 64 65 63 63 61
    61 59 60 60 61 64 63 61 61 61 62 61 62 63 64 65 63 64 65 66 66 64 65
    63 63 62 60 57 56 56 57 57 58 58 59 58 59 62 66 68 67 69 70 72 72 70
    69 71 69 69 69 70 67 65 62 62 64 65 62 62 61 60 58 59 60 60 62 61 61
    61 61 61 62 61 60 61 63 60 60 59 61 63 62 61 61 60 60 60 62 63 61 61
    60 59 62 63 66 66 65 63 63 63 63 62 61 63 63 61 61 62 63 63 64 65 67
    68 66 67 65 65 65 65 64 63 64 63 62 63 62 63 63 61 61 60 61 62 60 59
    60 59 60 62 60 58 59 60 58 58 63 62 62 63 60 64 68 68 66 65 67 65 64
    65 65 65 65 64 66 68 71 69 69 69 67 67 68 67 65 65 66 64 64 65 65 68
    67 67 67 69 66 63 62 62 59 60 59 59 58 59 59 62 63 64 65 69 68 67 68
    67 68 71 70 70 68 69 67 66 65 64 64 63 59 59 58 60 62 59 59 60 62 63
    64 63 62 62 59 58 62 63 64 62 63 63 65 65 67 68 70 68 68 67 66 66 66
    64 63 61 61 59 61 60 60 63 62 60 60 62 63 62 63 63 64 66 64 65 65 66
    66 64 65 63 63 62 59 57 56 56 57 57 58 57 57 57 57 60 63 65 65 65 67
    70 71 70 70 72 71 71 71 73 69 66 64 63 63 64 61 60 60 59 56 59 59 60
    61 61 60 61 60 60 64 63 62 63 66 62 62 61 63 65 65 63 63 62 62 61 64
    64 61 62 61 61 64 65 68 67 68 65 65 65 64 64 62 63 63 60 62 63 64 64
    65 65 68 69 67 67 66 65 64 64 63 63 63 63 61 62 62 63 62 62 61 60 61
    61 59 59 59 59 60 62 60 59 60 61 59 59 63 62 62 62 60 62 66 67 65 65
    67 65 64 66 65 65 65 62 65 65 67 65 67 67 64 64 66 65 65 64 65 65 64
    65 65 68 68 68 68 68 66 63 61 60 58 59 58 59 58 59 59 62 63 65 66 70
    68 67 68 67 67 70 69 69 67 66 65 65 65 63 64 62 59 60 60 62 64 61 60
    61 63 64 65 63 63 62 60 59 62 63 63 62 62 63 64 65 67 68 69 68 67 68
    67 66 65 64 63 60 60 60 60 60 59 60 59 58 59 60 62 61 61 62 62 64 63
    64 65 66 66 65 65 64 62 61 59 57 56 56 57 56 56 56 58 58 59 61 64 65
    64 64 67 70 70 68 68 69 68 69 69 71 69 66 63 63 64 65 62 62 63 61 57
    60 60 60 61 61 59 61 60 59 64 63 63 65 67 63 63 61 63 65 64 63 63 62
    61 60 63 63 60 61 61 62 64 65 67 67 67 65 65 66 66 65 62 63 63 60 62
    64 66 65 66 66 68 70 69 69 67 64 63 64 63 64 64 64 61 62 63 65 65 64
    64 62 62 62 60 60 61 60 61 62 60 59 60 61 60 60 63 62 63 64 62 64 68
    69 68 68 69 66 65 66 65 65 64 61 63 63 65 64 67 66 63 63 64 64 65 63
    65 64 63 62 62 65 65 65 63 64 62 60 59 58 57 58 58 58 58 59 59 61 61
    64 65 68 67 66 66 67 66 68 68 68 65 64 63 64 63 62 63 61 59 60 60 62
    65 62 61 62 64 64 65 64 64 62 59 59 62 63 62 61 62 62 62 62 65 66 67
    66 66 67 67 66 65 65 64 61 61 61 61 61 59 61 61 59 60 60 62 61 61 62
    61 63 63 63 65 66 66 65 66 65 63 62 59 56 55 55 57 55 55 55 55 56 57
    60 62 65 63 63 67 69 69 68 69 70 68 70 69 72 70 66 64 64 65 66 63 63
    64 62 58 60 59 59 60 59 56 58 57 55 63 62 62 63 64 62 60 60 60 62 60
    58 59 58 59 58 60 60 57 59 60 62 65 66 68 67 68 66 67 67 67 66 64 65
    65 62 64 65 66 67 68 67 69 70 70 69 66 64 65 65 64 63 64 64 62 62 63
    64 65 63 62 61 62 62 60 60 61 60 61 62 61 60 61 62 61 61 65 64 66 67
    66 67 71 71 70 69 69 66 66 66 64 64 64 62 64 63 66 65 67 66 63 64 64
    64 64 63 64 64 63 62 62 64 64 65 64 65 64 62 61 61 60 62 62 62 61 61
    61 62 62 65 66 69 67 67 67 68 68 70 69 70 66 65 63 64 63 62 62 60 59
    60 61 63 67 64 63 63 64 63 64 62 63 61 58 57 61 62 62 61 63 63 65 64
    67 69 69 66 66 67 67 65 65 64 63 60 60 60 61 61 60 61 61 59 60 60 61
    59 60 61 62 63 62 64 65 66 67 66 68 66 64 63 61 59 57 57 58 57 56 56
    56 56 57 59 61 63 61 60 63 66 67 66 67 69 67 69 68 72 71 68 66 66 68
    68 65 66 66 65 60 62 61 61 60 59 57 60 58 57 65 64 64 65 65 63 61 60
    60 61 60 57 58 57 57 56 57 57 55 58 60 61 64 65 67 66 67 67 69 68 67
    67 64 64 63 61 62 64 64 64 65 65 65 68 69 69 66 64 65 66 66 66 66 67
    64 63 64 65 65 63 63 60 62 62 61 60 61 59 61 61 60 58 61 62 61 60 63
    62 64 65 65 65 69 68 67 67 67 64 65 66 65 65 65 62 64 65 66 65 67 66
    63 63 64 64 63 63 64 64 63 63 62 63 64 65 64 66 66 63 61 62 60 63 62
    62 62 62 61 61 62 65 65 69 66 67 66 67 66 68 67 67 63 61 60 61 60 60
    60 59 58 58 59 61 65 63 61 62 62 61 62 60 62 60 58 58 61 63 63 63 65
    66 67 65 69 70 70 67 66 66 66 64 63 62 61 58 57 57 58 58 57 58 58 57
    58 58 58 57 59 60 60 61 61 63 65 65 68 68 69 68 66 64 63 60 58 58 59
    58 57 57 56 57 59 60 63 64 62 62 64 66 66 65 66 66 65 65 64 69 68 66
    63 64 65 66 64 64 64 63 58 60 59 60 59 59 56 60 58 56 66 64 63 65 65
    63 61 60 59 61 59 57 58 59 59 57 58 59 57 60 61 62 64 65 65 65 66 66
    67 66 65 66 64 63 63 62 63 64 64 64 65 64 64 66 67 67 64 63 64 66 65
    66 67 67 65 63 64 65 66 63 62 61 62 63 63 63 63 62 64 63 63 62 64 65
    64 63 65 64 66 67 66 67 70 70 68 67 67 66 67 67 65 66 66 63 63 64 66
    65 66 66 64 64 64 65 65 65 66 66 66 66 64 64 65 66 66 67 66 63 61 61
    59 61 61 61 61 62 60 61 61 65 64 68 66 67 65 66 64 67 67 68 64 63 60
    61 61 60 60 59 59 58 58 61 64 63 62 62 63 62 62 60 62 61 59 59 62 63
    64 62 65 67 67 65 69 71 71 68 67 67 68 65 63 63 62 59 57 57 58 57 57
    58 58 57 57 57 57 57 59 60 61 62 61 64 67 67 70 69 70 68 67 64 63 61
    58 57 57 56 56 55 54 56 58 58 60 61 59 59 62 66 66 65 65 65 66 65 65
    69 68 66 63 64 66 67 64 64 64 62 59 61 60 60 59 58 56 60 58 57 66 65
    65 66 66 62 60 60 59 62 59 58 59 59 59 58 60 60 58 60 60 62 63 63 63
    63 63 63 65 64 63 64 62 61 61 59 62 63 63 63 64 64 64 66 68 67 65 63
    64 66 64 64 65 65 62 61 62 62 63 62 61 60 61 62 61 62 62 61 62 61 61
    60 63 65 64 64 65 64 67 69 68 68 70 69 68 66 66 65 66 66 63 65 65 61
    62 62 63 62 64 64 62 63 62 64 64 64 65 66 67 65 63 64 66 66 65 66 66
    62 60 61 60 61 61 61 62 63 62 63 64 67 67 69 69 69 67 68 65 67 67 67
    64 62 60 61 60 58 57 58 58 57 57 59 62 62 61 62 64 64 64 62 65 64 64
    65 66 67 67 65 68 69 68 67 69 70 69 67 66 67 68 64 64 64 63 60 59 59
    59 58 56 56 56 53 54 54 54 54 55 58 60 60 61 63 68 68 69 69 69 68 66
    63 62 60 58 56 57 55 55 55 54 55 57 58 60 60 59 59 62 66 66 65 65 66
    66 66 66 70 69 66 64 64 65 66 63 64 64 63 59 61 61 61 60 61 59 62 59
    58 64 63 62 64 64 61 59 58 58 60 57 56 57 58 58 57 59 60 58 61 62 64
    66 66 65 64 64 63 65 64 62 62 60 59 59 58 60 62 63 63 64 64 63 66 67
    66 64 62 63 64 63 62 63 64 61 61 62 61 63 62 62 62 64 65 64 64 64 63
    66 65 64 63 66 66 64 64 66 66 68 70 69 68 71 69 68 67 66 65 66 66 62
    64 63 60 61 61 63 62 64 64 63 65 63 65 66 65 67 68 68 66 64 66 67 68
    68 69 70 66 63 64 63 64 64 65 65 65 64 63 64 67 67 68 67 67 64 65 63
    66 66 67 64 63 62 64 63 62 60 61 60 59 59 60 61 61 60 61 62 63 62 59
    63 63 63 64 66 67 66 65 68 69 69 67 69 69 68 65 64 66 67 64 63 64 63
    61 60 59 59 59 57 57 57 54 55 54 54 55 57 59 60 60 60 62 66 66 68 68
    67 66 66 63 64 62 60 57 58 56 56 56 56 56 57 58 60 60 61 60 64 67 68
    67 68 68 69 68 68 71 71 68 66 66 67 67 65 64 64 62 59 61 60 60 59 59
    57 60 58 57 66 65 63 66 66 63 59 59 58 60 57 56 56 57 57 56 58 58 57
    61 62 64 65 66 66 65 65 64 66 66 63 64 62 62 62 61 63 65 65 65 66 66
    64 66 66 65 63 60 61 62 61 60 61 61 60 60 61 61 62 61 62 61 64 65 65
    63 63 63 65 64 65 63 65 65 63 64 66 65 66 69 68 67 69 68 68 67 66 65
    67 67 64 65 65 62 63 63 63 64 66 66 64 65 65 66 67 66 67 68 67 66 65
    67 68 69 68 69 69 67 64 65 64 65 64 64 65 66 65 66 65 68 69 69 68 68
    66 65 63 65 65 67 64 62 61 63 62 61 60 61 61 60 59 61 63 64 62 64 65
    65 64 61 65 64 64 65 66 67 66 65 68 68 69 67 68 69 68 65 65 67 68 65
    64 65 65 63 63 63 62 61 59 59 59 57 55 54 54 54 55 58 59 60 60 63 66
    68 70 69 69 68 67 66 65 64 63 60 59 57 57 56 57 57 57 57 59 59 59 60
    64 66 67 66 66 67 67 66 65 67 67 65 64 64 64 64 62 63 64 63 61 63 62
    62 61 61 59 62 60 59 68 66 65 66 67 64 61 60 59 61 57 56 56 57 58 57
    57 57 58 61 62 64 66 67 66 65 65 65 67 66 64 65 63 62 62 62 64 66 66
    66 66 67 65 67 68 67 65 62 62 63 62 61 63 63 61 61 61 61 63 62 62 62
    65 65 65 64 63 64 65 65 66 65 67 66 65 65 67 66 68 70 69 68 70 68 68
    67 65 65 67 67 64 65 65 63 64 63 64 64 65 65 63 64 64 66 66 66 67 68
    66 66 65 66 67 68 67 67 67 66 64 66 65 66 66 66 66 66 66 66 64 67 67
    68 67 66 64 65 64 66 66 67 65 63 61 62 62 62 61 61 61 60 60 61 64 66
    64 64 66 66 64 61 65 65 63 64 66 66 66 65 67 69 68 67 68 71 69 66 66
    67 68 65 64 65 65 64 62 63 63 61 59 59 59 57 55 53 53 53 55 57 58 59
    58 60 64 65 69 67 67 66 65 63 62 62 61 59 59 56 56 56 56 57 58 58 59
    59 58 59 63 65 66 66 65 66 67 65 65 67 66 64 64 64 63 64 62 63 64 64
    63 65 64 64 62 63 61 64 63 62 70 69 68 68 68 66 64 62 60 62 58 57 58
    59 60 59 59 58 59 63 64 66 68 67 66 65 63 64 65 65 63 63 62 61 62 62
    64 66 66 67 67 67 64 66 66 65 64 61 62 64 62 59 61 62 60 61 61 62 63
    63 63 64 67 66 65 65 65 65 65 64 64 64 66 66 66 66 68 67 69 71 70 70
    71 69 69 68 66 67 68 69 66 68 67 64 65 64 64 64 65 65 63 63 63 65 66
    68 69 70 69 68 67 68 69 69 68 69 68 67 66 68 66 67 68 69 68 68 66 66
    64 66 67 67 67 65 62 63 62 64 64 66 65 63 61 62 62 61 60 61 62 60 59
    59 61 63 62 62 64 65 62 60 64 64 63 64 65 65 66 66 67 69 68 66 68 69
    67 64 65 66 67 64 62 64 63 63 61 62 62 61 60 59 58 57 56 54 54 54 56
    57 58 58 57 61 64 65 68 67 67 65 64 62 62 63 61 60 60 56 56 56 57 58
    59 59 60 60 60 61 65 66 67 67 67 68 68 67 66 68 66 64 65 64 63 64 62
    63 65 64 64 66 66 65 64 65 64 66 65 64 69 68 67 68 68 65 64 63 61 62
    59 58 58 60 60 59 60 60 61 64 65 67 69 68 65 64 63 63 65 66 64 64 63
    62 63 64 66 67 68 68 67 67 64 66 65 66 64 61 63 65 63 61 63 64 62 63
    62 64 65 63 63 64 66 65 65 65 65 65 65 64 65 65 67 68 68 68 68 69 70
    72 71 70 71 69 67 66 66 67 68 68 66 67 67 64 65 63 63 64 65 64 63 63
    63 65 67 69 71 71 70 70 68 69 70 71 70 70 70 69 68 69 67 69 69 70 69
    70 68 67 66 68 69 69 68 67 64 64 63 64 64 67 66 64 63 64 64 64 63 65
    66 64 62 63 65 66 64 64 65 68 63 61 65 64 63 63 65 66 65 65 66 69 68
    66 67 68 67 64 65 66 67 64 62 64 64 65 64 65 64 63 62 62 61 61 59 56
    55 56 56 58 58 59 58 61 64 65 69 68 67 66 66 64 62 63 60 59 58 55 56
    55 56 57 59 60 61 62 61 64 67 68 68 67 67 67 67 66 64 66 64 63 64 65
    65 65 63 65 65 65 66 67 67 66 65 65 65 67 67 66 66 66 65 65 65 63 61
    61 60 60 58 58 58 60 61 61 61 61 62 64 65 66 68 67 64 62 61 63 64 65
    65 66 65 64 64 66 67 68 68 69 67 66 63 65 65 67 65 63 65 66 64 62 64
    64 62 62 61 63 65 62 63 64 66 66 66 66 66 65 65 65 65 64 66 67 66 67
    68 69 70 72 71 71 72 70 69 68 66 67 67 68 66 68 68 65 66 65 66 66 66
    66 65 65 64 66 67 69 70 71 70 69 68 68 68 68 66 67 66 66 64 65 64 67
    66 68 67 68 67 66 64 66 67 67 65 64 61 62 61 62 63 66 66 65 63 64 64
    65 65 67 67 65 63 63 65 67 65 65 66 67 63 61 64 64 63 62 64 64 64 63
    64 67 66 65 65 67 66 63 64 65 66 64 63 65 64 65 65 66 65 65 65 66 65
    63 61 59 58 58 59 60 60 60 57 61 63 64 66 66 65 63 64 61 60 61 58 58
    58 56 58 57 58 58 60 62 63 64 63 66 68 69 70 69 70 71 70 69 68 69 66
    66 65 67 67 66 63 65 65 64 65 66 66 67 66 67 67 68 69 68 64 65 63 63
    63 62 60 60 60 60 59 58 57 59 60 60 58 60 61 62 63 64 66 66 63 62 62
    64 66 67 66 66 66 64 63 66 67 66 67 68 66 66 64 65 64 67 65 63 66 66
    63 61 63 63 61 62 61 62 64 62 62 63 67 67 68 68 67 66 66 64 65 66 67
    67 65 66 66 67 69 70 70 69 69 67 66 64 63 64 64 65 64 66 67 65 66 64
    65 65 65 65 65 65 64 65 65 68 70 71 70 70 70 70 69 70 68 69 68 67 65
    65 64 66 64 67 66 67 67 66 66 67 68 68 67 67 64 64 63 63 63 66 67 66
    64 64 64 66 66 67 68 66 63 64 65 67 66 66 65 67 64 61 64 65 64 63 64
    63 64 64 64 66 67 67 66 67 67 65 65 66 67 65 65 66 66 67 67 69 67 68
    67 68 67 65 63 60 59 60 59 60 61 61 59 62 63 63 66 66 64 63 64 61 60
    61 59 60 60 58 59 58 60 60 61 62 64 64 63 66 68 70 71 70 70 71 71 69
    69 69 67 66 65 66 66 65 62 63 63 62 64 64 64 64 63 65 65 67 68 67 63
    65 64 64 65 63 62 60 60 61 61 61 60 63 62 62 60 62 63 63 63 64 65 65
    61 61 61 63 64 66 65 65 65 64 62 64 65 65 66 67 64 65 63 64 63 66 65
    63 64 63 61 59 61 60 59 60 59 61 62 62 62 63 66 67 67 67 67 66 66 65
    65 65 67 67 66 67 66 68 69 69 69 68 69 65 65 63 63 64 63 63 63 65 66
    64 66 64 65 64 64 64 65 65 64 65 65 67 69 71 69 69 69 69 68 69 67 68
    66 65 62 62 62 64 62 64 63 65 65 65 65 66 68 68 67 67 63 63 62 62 62
    65 67 66 65 65 65 68 69 70 71 68 65 65 66 67 67 67 67 68 65 63 65 66
    65 64 64 63 63 63 63 66 66 66 65 65 66 64 65 65 65 64 62 64 64 66 67
    68 68 69 68 68 68 67 65 62 62 63 62 62 63 63 62 64 65 64 67 66 64 63
    64 62 59 61 60 60 61 59 60 59 61 60 62 63 65 65 64 68 69 70 71 71 71
    72 72 69 70 69 67 65 64 64 64 63 61 60 60 58 60 61 61 62 61 62 62 63
    65 65 62 65 63 64 65 64 64 62 62 62 62 63 61 63 62 62 59 61 62 62 62
    62 63 64 62 61 60 62 63 66 66 67 67 66 64 66 66 67 69 70 67 68 67 66
    65 67 66 64 64 64 61 58 59 59 57 59 59 60 61 61 61 62 65 66 66 67 67
    67 66 65 65 66 66 67 66 68 67 68 69 70 69 69 69 67 67 64 63 65 63 63
    62 63 64 63 65 63 64 63 64 63 63 64 63 64 64 65 68 68 67 67 67 68 68
    68 65 66 64 64 62 63 63 64 63 65 64 66 66 67 67 67 68 68 67 66 63 62
    62 62 62 63 67 66 65 65 66 67 69 69 69 67 65 64 66 67 67 67 68 69 67
    65 68 68 66 65 64 63 64 63 62 65 65 66 66 66 66 66 67 67 67 65 64 65
    64 66 67 68 68 68 68 69 70 69 67 64 65 64 64 65 66 66 64 66 67 66 69
    68 66 64 64 62 60 62 60 61 62 59 60 60 62 62 63 65 65 66 65 67 70 70
    72 71 71 72 72 70 70 70 68 67 65 65 64 64 61 60 59 59 59 60 60 60 60
    60 60 61 63 63 61 64 63 64 65 65 64 63 62 62 61 62 59 60 60 59 57 59
    61 60 61 62 63 63 62 61 61 63 63 66 66 67 66 65 64 65 66 67 69 70 68
    70 68 68 68 69 68 66 65 63 60 57 57 57 57 58 58 59 60 61 62 62 65 66
    66 66 66 67 66 66 66 66 67 67 66 67 67 68 68 68 68 68 69 66 66 64 63
    64 63 63 63 63 64 63 66 63 64 64 63 62 61 62 63 63 63 64 66 66 65 65
    66 68 66 66 63 65 63 65 64 65 65 66 66 67 66 68 68 69 68 67 69 68 68
    68 65 64 65 63 62 63 66 65 65 65 65 67 69 69 70 67 66 65 67 68 68 69
    68 69 68 66 68 69 67 66 65 63 62 62 61 64 64 65 65 64 64 63 66 66 66
    64 64 64 65 65 67 68 68 68 68 69 69 68 67 65 65 65 65 65 66 66 65 68
    68 68 70 69 67 65 66 63 61 63 61 63 62 60 60 61 64 64 65 67 68 68 67
    69 70 70 71 70 71 72 71 70 70 71 69 68 67 66 65 64 62 61 59 58 58 59
    59 60 61 61 61 61 64 64 62 64 63 64 66 67 66 65 65 63 63 63 61 62 62
    60 56 58 58 59 61 63 64 64 63 63 63 67 67 70 68 69 67 66 65 66 65 66
    68 69 66 68 67 67 66 68 66 65 64 61 60 58 59 59 59 60 59 61 62 62 62
    62 65 65 65 65 66 66 66 66 66 65 66 66 65 66 65 65 65 65 65 66 68 65
    66 65 63 65 64 65 64 64 66 65 68 66 65 65 64 62 60 60 61 60 59 61 62
    63 60 63 65 67 65 66 63 65 63 65 65 66 64 65 64 66 63 66 66 68 67 65
    67 67 67 67 65 65 66 65 64 64 68 67 66 66 67 70 72 71 70 67 67 67 69
    70 69 69 67 67 66 64 66 66 63 61 61 60 60 61 60 63 64 65 65 65 66 65
    67 67 66 63 62 62 63 64 65 65 66 66 66 68 70 69 69 66 67 67 67 67 67
    68 67 69 68 69 72 72 71 68 68 66 64 66 65 66 65 64 64 64 67 66 68 69
    70 70 69 71 71 71 72 71 72 72 72 70 70 70 69 69 67 65 65 64 62 61 59
    58 58 59 58 59 61 60 61 61 63 64 64 66 64 65 67 68 68 68 66 65 64 65
    64 65 64 62 59 58 59 59 61 62 63 63 63 63 64 67 67 70 70 71 70 68 66
    66 65 66 67 69 65 66 66 66 66 68 67 66 64 62 59 58 59 58 57 57 57 60
    60 59 60 60 61 62 63 63 64 65 63 64 64 65 65 65 65 66 65 64 64 65 65
    65 66 65 65 63 63 65 65 65 65 65 67 66 69 67 66 64 63 61 59 60 60 59
    59 59 60 61 61 62 65 67 65 65 62 63 62 64 65 66 64 64 62 64 62 65 66
    68 66 64 66 67 67 67 65 65 66 64 63 63 67 65 65 65 66 69 72 71 70 67
    68 68 70 70 70 70 68 69 67 66 68 68 66 64 64 62 62 62 60 63 64 64 64
    64 65 64 66 65 64 61 61 60 62 61 62 63 64 64 64 67 70 69 69 68 69 69
    69 69 69 70 68 71 70 70 72 73 72 68 68 67 64 67 65 67 66 65 64 64 67
    67 69 70 69 71 69 70 70 70 71 71 71 71 70 69 68 68 67 67 65 63 64 64
    63 63 61 60 61 60 59 60 62 61 61 60 61 62 63 67 65 66 67 69 69 69 69
    66 65 66 65 65 64 62 58 59 58 57 59 61 62 61 61 61 63 66 65 68 69 70
    69 67 65 65 63 65 66 69 65 66 65 65 66 68 67 67 64 62 59 59 60 59 58
    57 57 60 60 60 60 60 61 61 61 63 64 63 63 63 63 63 63 64 64 65 63 64
    65 65 65 66 67 65 64 63 64 65 64 65 64 65 66 65 68 65 65 63 63 60 59
    60 59 59 59 60 62 63 63 64 66 67 66 65 62 63 62 63 63 63 61 62 60 62
    61 64 65 67 65 63 65 66 66 66 64 64 65 63 62 62 66 65 64 64 66 69 70
    70 69 66 66 67 69 68 68 67 66 67 66 65 67 68 66 64 64 64 63 63 61 64
    65 64 63 63 64 63 64 64 63 60 59 58 60 59 60 62 63 62 64 66 69 68 69
    67 69 70 70 69 70 71 70 73 72 72 73 73 72 69 69 67 65 66 64 65 65 65
    64 64 66 66 68 69 69 71 70 71 69 70 70 69 70 70 69 69 68 68 67 67 64
    63 65 65 63 63 61 59 60 59 58 59 61 59 58 57 58 59 63 66 65 67 66 69
    69 69 69 66 64 66 65 65 64 63 59 59 58 57 59 61 61 60 60 60 61 64 63
    67 68 69 69 68 66 66 63 65 65 68 65 65 64 64 64 65 65 65 62 61 58 59
    59 58 57 56 57 58 59 59 60 60 60 62 61 63 65 64 64 64 63 63 64 66 64
    65 64 63 63 64 64 64 66 64 63 63 64 66 66 67 66 67 68 67 68 66 65 63
    63 60 58 59 59 57 57 58 60 62 63 63 65 66 65 64 61 63 62 63 61 60 60
    61 58 60 59 62 62 64 63 62 64 65 65 66 64 64 65 63 63 62 66 64 64 64
    66 68 69 69 67 64 65 66 68 66 67 67 65 67 67 68 68 68 67 65 65 65 63
    63 62 63 65 65 64 63 65 63 64 64 63 59 60 58 60 59 60 60 62 62 63 66
    68 68 69 68 70 71 72 71 72 72 72 75 73 73 73 73 72 69 70 68 66 67 64
    65 65 66 64 65 68 67 68 69 69 71 71 71 69 69 69 66 67 68 67 67 67 66
    66 67 64 63 66 66 64 64 60 57 57 56 55 57 59 56 56 55 56 56 60 63 62
    64 64 66 66 67 67 65 64 66 65 65 64 64 59 60 58 57 58 60 60 58 60 60
    61 65 63 67 67 70 69 69 68 67 65 66 66 70 67 67 66 65 66 66 65 65 62
    61 57 58 58 56 56 55 56 58 57 59 60 59 59 62 63 64 66 66 66 68 66 66
    67 68 65 65 63 63 62 62 62 62 63 61 60 59 61 62 62 63 62 62 65 65 67
    66 65 62 63 61 59 61 61 58 58 58 59 62 63 63 64 66 65 63 61 62 60 62
    60 59 59 59 56 57 56 60 61 64 63 62 63 64 65 66 65 66 66 64 63 63 65
    64 64 63 66 68 69 68 65 63 64 65 66 65 65 65 63 64 64 65 66 65 65 64
    65 65 63 63 62 64 66 66 66 65 66 64 64 65 64 60 61 60 61 59 59 59 61
    59 61 64 67 66 67 67 69 70 71 71 72 72 72 74 73 72 71 71 70 67 68 65
    63 64 61 63 63 64 64 64 66 65 66 68 68 70 69 69 66 65 66 64 65 66 64
    64 64 64 64 65 63 62 66 66 65 65 62 59 59 58 58 60 61 58 58 57 57 58
    61 64 64 65 65 67 66 67 68 66 66 67 66 65 65 65 61 60 59 58 59 60 60
    58 60 60 61 65 64 67 67 69 69 69 69 67 64 66 64 68 66 66 65 64 64 64
    64 65 62 61 58 57 57 56 57 54 56 57 56 58 59 58 59 62 63 64 66 66 67
    68 66 66 67 67 64 64 62 62 61 61 61 61 62 61 62 60 61 63 63 64 63 64
    65 64 67 65 65 63 63 61 60 60 61 58 58 58 59 61 62 63 64 65 64 62 60
    61 60 62 60 60 59 58 55 56 56 60 62 64 63 61 62 62 64 65 64 66 65 63
    61 61 64 63 63 62 64 65 65 64 61 61 62 62 63 63 64 64 63 64 64 65 65
    65 65 65 65 65 63 63 62 64 65 66 67 67 68 65 65 65 64 62 62 60 61 58
    57 56 59 58 60 62 64 63 64 64 68 68 69 68 69 69 69 72 71 70 69 70 69
    66 68 66 65 65 63 65 65 66 65 65 67 66 67 68 68 70 67 68 65 64 65 63
    65 66 66 66 65 65 66 66 64 62 66 65 65 65 62 58 59 57 58 60 61 58 58
    56 56 56 60 62 63 64 65 67 68 68 69 67 66 68 66 65 64 63 60 58 57 57
    59 60 59 59 60 61 61 64 63 66 65 66 66 66 67 65 63 65 64 67 65 65 66
    64 65 63 63 64 61 61 58 58 59 57 59 57 59 60 59 61 61 61 61 64 64 64
    66 67 67 68 66 67 67 67 64 64 62 61 60 60 60 60 62 60 59 58 60 62 63
    63 62 62 64 62 65 65 65 62 62 60 59 61 62 59 59 59 60 62 63 65 65 68
    67 64 63 64 63 64 63 62 61 61 57 57 58 62 63 66 65 63 63 63 65 67 67
    67 67 64 62 61 65 64 64 62 63 63 63 62 60 60 60 61 61 61 62 63 63 65
    64 65 65 64 65 65 67 67 64 64 63 64 66 67 69 67 68 65 65 65 63 61 61
    60 61 58 57 57 59 57 58 60 62 62 62 62 65 66 67 66 67 68 69 71 71 70
    70 71 70 67 68 66 65 64 62 64 63 65 64 64 65 64 66 66 66 68 65 65 63
    62 63 62 63 64 64 64 63 64 63 63 61 59 63 63 62 63 60 57 58 58 59 60
    62 59 58 57 57 58 59 61 61 63 65 66 68 68 70 68 67 68 67 67 67 66 63
    62 61 60 60 61 60 60 61 61 60 63 62 63 63 65 65 66 67 65 62 65 63 66
    65 65 66 65 65 63 64 65 61 62 59 59 59 58 60 59 60 60 58 60 61 60 60
    63 63 62 63 65 66 68 66 66 67 67 65 65 64 62 61 61 60 61 62 61 60 58
    60 61 62 62 61 61 62 61 64 64 64 61 60 60 59 61 63 60 60 60 62 63 65
    67 67 68 67 65 64 65 63 64 64 64 62 62 59 60 59 62 62 66 64 62 62 62
    63 64 64 65 65 63 61 60 63 62 62 60 61 62 61 61 59 59 60 61 61 61 62
    63 64 66 65 67 67 65 65 66 68 69 66 65 64 65 66 66 68 68 69 64 65 65
    63 62 62 60 61 57 57 56 60 57 59 60 62 62 62 62 65 66 66 66 67 67 69
    71 71 72 71 71 70 67 68 65 65 64 62 62 62 64 64 64 65 64 66 65 65 67
    65 66 63 62 64 63 64 65 66 66 64 65 64 64 61 59 62 63 62 62 60 58 60
    59 61 63 64 62 61 60 60 61 60 62 62 64 64 66 68 69 70 69 67 68 67 67
    67 67 64 62 62 60 61 62 61 60 62 62 60 63 63 63 64 66 66 68 69 68 66
    68 65 66 67 68 67 66 66 63 63 63 61 62 60 58 58 58 61 59 61 61 60 61
    61 61 61 64 64 62 63 64 64 66 65 64 64 65 63 62 62 60 59 60 60 60 61
    60 59 57 58 59 61 61 60 60 61 60 63 63 64 61 61 60 60 60 62 59 61 62
    63 64 67 69 69 70 70 67 66 67 64 64 65 63 62 61 58 59 59 62 62 65 63
    61 61 60 62 62 62 63 63 62 60 59 62 62 61 60 62 61 59 59 57 56 58 60
    60 61 61 62 62 65 63 66 68 66 65 66 68 69 66 65 64 65 65 65 67 68 68
    64 65 65 65 64 63 62 62 58 57 56 59 56 58 58 59 60 60 61 64 65 66 65
    67 66 69 71 72 72 71 72 72 69 68 65 65 64 62 62 62 64 64 63 64 64 66
    66 66 67 66 67 64 62 64 63 65 65 65 66 65 65 64 64 61 60 63 64 63 64
    62 60 62 61 62 65 66 64 63 62 62 62 62 64 64 66 66 68 69 70 71 70 68
    69 69 69 68 68 66 64 64 62 62 63 62 61 61 60 59 61 62 62 63 65 64 67
    68 66 64 66 63 65 66 66 65 66 65 63 64 64 63 64 60 60 59 59 62 61 62
    62 61 62 63 64 63 66 66 63 65 66 66 67 66 65 65 66 63 62 62 60 58 59
    60 59 61 61 60 58 59 59 61 61 60 60 62 59 62 62 62 59 59 59 60 60 61
    59 61 61 63 65 68 69 69 70 70 68 68 68 66 66 65 64 62 61 59 60 59 61
    61 63 61 60 58 58 61 61 60 63 63 63 61 61 63 64 63 62 63 63 60 61 59
    58 60 62 61 61 61 61 61 63 61 63 63 63 61 62 64 65 63 62 61 62 62 62
    63 64 66 63 63 64 63 63 63 63 64 60 59 58 61 58 59 60 60 60 60 62 65
    66 65 63 65 64 67 68 69 69 67 68 69 67 68 65 66 65 64 63 63 64 65 64
    65 64 66 66 66 68 66 68 66 64 64 64 65 67 66 66 65 65 64 63 61 61 64
    65 65 67 65 63 65 65 67 69 70 69 67 67 66 66 63 64 63 65 65 67 68 69
    71 69 69 69 69 70 69 71 69 66 65 63 63 63 63 62 63 62 59 61 63 64 65
    67 67 70 71 69 68 69 66 67 67 66 66 65 63 61 61 61 61 63 60 60 60 59
    61 60 61 61 60 62 63 64 62 65 65 63 65 64 65 65 63 63 62 64 62 60 60
    59 58 59 59 59 60 59 59 57 58 58 59 61 60 60 62 61 63 63 63 61 62 63
    63 63 64 61 63 63 65 67 70 70 70 71 71 68 68 68 67 66 64 64 63 62 60
    60 61 63 62 63 61 61 58 60 61 61 60 63 63 63 62 62 64 65 63 62 64 65
    62 62 60 59 60 61 60 60 59 59 60 61 59 62 61 60 59 60 63 64 62 61 60
    60 60 61 62 64 65 63 62 63 63 63 64 63 63 60 58 58 60 59 60 60 61 60
    60 62 64 65 64 63 64 63 66 67 69 69 67 68 69 67 68 66 66 65 63 63 62
    65 66 64 64 64 65 66 66 68 66 69 68 65 65 65 66 67 65 65 64 63 62 61
    60 61 64 65 64 67 66 64 66 65 66 69 69 68 67 66 65 64 64 66 66 66 65
    66 66 66 67 65 65 66 66 67 67 69 68 67 67 64 65 63 63 62 63 61 58 60
    61 61 63 65 67 69 71 69 69 71 67 68 69 69 68 67 65 63 64 62 63 65 62
    62 60 59 60 60 62 61 61 62 63 64 63 67 67 66 66 65 65 65 63 62 61 63
    60 58 58 59 59 60 61 60 60 60 60 57 59 59 60 60 60 59 61 60 63 63 64
    62 63 64 65 65 66 64 66 66 68 70 73 72 71 72 71 68 69 69 67 67 65 64
    65 65 63 64 65 67 65 65 63 63 61 61 63 63 61 64 63 63 62 63 65 66 65
    63 64 64 61 62 61 61 61 62 61 60 60 61 62 64 62 64 64 62 61 63 64 66
    64 62 60 60 60 60 63 64 65 63 62 63 64 65 65 65 65 62 61 61 63 62 62
    62 62 62 62 64 65 66 64 62 64 63 65 66 68 67 65 65 65 64 65 63 63 62
    59 59 59 61 62 61 61 61 62 62 62 65 64 65 66 65 65 64 66 67 65 67 65
    64 63 60 59 60 64 64 63 66 64 61 64 63 65 67 66 65 64 63 62 61 63 65
    67 66 65 66 66 65 66 65 66 67 66 67 67 70 68 67 68 65 65 63 62 63 63
    61 58 60 60 60 62 62 64 67 68 68 67 69 66 66 68 68 68 67 65 63 64 63
    63 66 64 62 61 60 61 61 63 60 60 62 63 64 62 66 65 65 65 64 65 66 64
    61 62 64 61 60 60 61 60 60 61 61 62 60 60 58 59 58 59 60 61 59 60 59
    62 62 63 62 63 65 64 64 66 65 67 67 69 71 73 72 70 71 71 68 68 68 66
    65 63 63 63 63 63 65 65 67 66 66 65 64 61 61 63 63 62 65 64 64 63 63
    66 67 67 64 64 64 60 59 59 60 59 60 60 60 60 60 61 63 61 62 61 60 58
    60 60 62 61 59 58 60 59 61 64 65 65 63 62 64 65 66 66 66 65 63 62 61
    64 63 62 62 61 61 60 62 63 65 63 62 63 62 64 65 67 67 65 65 66 63 64
    62 62 62 60 59 58 60 61 60 61 60 61 61 62 65 63 66 66 65 64 63 64 66
    65 65 64 63 62 59 59 60 63 64 63 65 64 61 63 63 65 66 66 65 65 64 63
    61 62 64 65 65 63 64 65 65 66 64 66 67 66 67 67 70 69 67 68 66 66 64
    63 64 64 64 60 62 62 62 65 64 66 67 68 66 67 67 64 64 66 66 65 65 63
    62 64 61 62 65 64 62 60 59 60 60 62 59 60 62 62 62 59 63 63 63 62 62
    62 63 60 59 61 64 62 61 62 63 62 62 63 63 64 62 62 59 61 60 60 61 62
    59 61 59 61 61 62 61 62 64 63 62 64 62 64 64 66 68 70 69 68 69 69 68
    69 70 68 67 65 66 67 67 67 67 67 68 66 67 65 65 61 61 62 63 62 66 65
    65 64 64 67 68 68 66 65 65 62 61 62 63 62 62 62 62 61 62 63 64 61 61
    60 59 58 60 61 62 61 60 58 60 60 62 64 65 66 64 63 65 64 66 66 66 64
    63 61 60 62 63 63 62 61 61 60 62 62 64 63 61 62 61 63 64 65 65 64 64
    64 63 64 62 63 62 60 60 59 61 62 62 62 61 62 62 63 65 63 67 68 67 66
    66 66 68 66 67 66 65 63 60 61 62 65 66 64 65 64 62 64 64 67 67 67 67
    67 67 68 67 62 64 65 64 63 64 66 65 66 66 67 69 69 68 69 71 71 70 70
    67 67 66 65 65 65 65 62 64 64 63 65 65 65 67 67 67 67 67 64 64 66 66
    65 66 64 62 63 60 61 63 62 60 58 58 59 60 63 60 62 64 65 65 62 65 65
    64 63 62 63 63 61 60 61 64 64 62 63 65 63 62 62 63 64 63 61 58 60 57
    57 59 61 59 60 58 61 61 63 62 63 65 64 63 65 64 64 64 66 66 68 67 67
    68 69 67 69 71 70 69 68 69 70 69 69 69 69 70 67 68 65 64 60 60 62 63
    62 65 65 65 63 64 66 68 68 66 65 66 63 62 64 65 64 64 63 63 61 61 62
    63 61 60 60 59 58 61 61 63 63 62 60 62 62 64 66 66 67 66 64 65 65 67
    67 67 64 63 62 62 64 65 65 63 62 61 60 62 62 63 62 60 61 59 61 61 64
    65 64 64 66 63 64 61 62 61 60 61 59 60 61 60 62 61 63 64 65 67 64 67
    69 68 67 66 66 67 65 67 65 65 62 60 62 64 66 68 66 68 66 66 67 67 69
    69 68 69 69 68 68 68 62 64 65 64 63 63 64 64 64 64 64 66 65 65 66 69
    68 67 68 65 65 65 64 66 65 65 63 64 64 64 67 66 67 68 67 66 67 67 64
    64 66 65 65 66 63 62 64 61 62 64 63 62 60 60 60 62 64 62 64 65 64 65
    63 66 66 66 64 63 64 63 60 60 60 63 64 62 63 65 64 63 65 66 67 66 65
    61 63 61 61 62 63 61 62 59 61 61 62 61 62 64 63 62 64 62 63 62 64 64
    66 65 65 66 66 65 66 69 69 68 68 70 70 69 70 70 70 70 67 67 64 64 60
    60 62 64 63 67 67 66 65 66 68 69 70 68 65 66 63 63 65 67 66 66 66 65
    63 63 65 65 63 62 62 62 60 62 62 64 64 64 62 63 63 63 65 65 65 65 64
    65 65 66 66 66 64 62 63 63 64 65 64 61 60 60 59 61 62 61 60 59 60 60
    62 62 64 67 67 66 68 65 65 63 63 63 62 62 60 60 62 61 62 62 64 64 64
    66 65 69 70 69 69 68 68 68 67 69 68 67 64 61 62 65 66 67 66 66 65 65
    66 66 67 67 66 67 67 66 67 66 61 63 63 63 62 63 65 64 64 64 62 65 65
    65 65 68 67 66 67 65 65 65 64 66 65 66 63 64 65 65 69 69 69 69 67 68
    68 69 67 66 67 66 65 66 63 62 64 60 59 61 61 60 58 58 58 60 62 60 63
    65 66 66 63 67 66 66 65 64 65 63 61 60 60 64 65 65 66 67 66 65 66 66
    67 67 65 60 61 60 59 60 61 58 61 58 61 60 61 61 62 63 63 61 64 62 63
    62 64 64 64 62 64 65 66 65 66 69 69 69 68 71 73 72 73 73 73 73 69 69
    67 66 62 63 64 65 64 66 67 67 65 67 69 70 70 68 67 68 66 65 67 68 67
    67 67 65 62 62 63 65 63 62 61 61 60 61 61 64 64 63 61 62 62 63 65 64
    64 64 62 63 63 65 65 65 64 63 64 63 64 67 66 63 62 61 60 62 62 62 62
    62 62 63 65 65 67 68 68 67 67 65 64 61 61 61 60 60 58 59 61 61 63 63
    64 63 64 65 64 68 69 68 66 66 65 65 64 65 64 63 60 58 60 62 64 66 66
    66 65 65 66 67 69 69 67 68 68 68 68 68 63 65 65 66 64 64 66 65 64 63
    62 64 64 63 63 67 66 66 66 64 65 65 63 66 65 65 63 64 65 65 68 68 68
    69 67 67 67 68 66 65 66 65 64 65 63 63 64 61 60 61 59 59 58 57 58 59
    61 59 62 64 65 65 63 66 66 65 64 62 63 63 60 60 60 65 65 65 67 68 67
    66 67 67 68 68 66 62 63 61 60 61 63 60 63 61 63 62 62 63 64 65 64 62
    64 63 62 61 62 63 63 61 62 63 65 65 65 68 69 69 69 72 74 72 74 75 74
    74 70 69 67 66 62 62 64 64 62 66 67 68 66 67 69 70 70 70 68 70 67 65
    68 69 69 68 68 66 63 62 63 65 64 63 62 62 61 62 62 64 64 64 62 63 63
    63 65 64 65 65 64 65 65 66 66 65 65 64 64 63 64 67 66 64 62 61 61 63
    63 63 64 63 62 62 65 66 67 67 67 66 67 65 65 63 63 63 61 61 59 60 62
    61 62 62 63 63 64 65 66 69 69 67 67 67 66 66 65 65 64 63 61 59 62 63
    64 66 66 66 65 64 65 65 68 67 66 66 67 67 65 66 65 67 67 66 63 64 65
    64 62 61 60 63 63 62 62 66 65 64 65 64 65 65 63 65 65 65 64 64 65 66
    68 68 68 68 66 67 67 67 66 66 65 64 63 64 62 62 63 60 60 60 59 59 59
    58 58 59 61 58 62 64 65 65 62 65 65 65 65 64 65 63 60 60 61 66 66 66
    67 68 67 67 68 69 69 69 68 65 65 64 63 65 65 62 65 63 64 62 62 64 66
    67 64 63 64 63 62 60 62 62 61 58 60 62 63 63 63 67 69 69 69 71 73 71
    72 73 73 73 69 67 65 65 61 63 65 65 64 66 68 69 68 68 71 71 71 71 69
    70 68 65 67 69 69 69 69 67 63 62 63 65 64 62 61 61 60 60 61 63 64 63
    61 62 62 62 63 63 65 65 63 65 64 66 66 66 66 66 67 65 66 68 67 64 62
    61 61 63 62 62 62 61 60 59 62 63 63 63 63 63 64 62 63 62 62 63 62 62
    60 61 62 62 64 64 64 65 65 66 67 70 71 69 68 67 66 66 64 65 64 63 62
    59 61 63 66 67 67 68 65 64 64 65 66 66 64 63 63 64 63 63 65 67 67 66
    63 63 65 65 62 61 60 63 63 62 63 67 65 64 63 64 65 64 64 66 65 65 63
    64 65 67 69 68 67 67 64 66 66 67 67 67 65 64 63 65 64 64 65 63 62 62
    61 62 62 61 60 60 63 60 64 65 66 65 63 65 66 67 67 66 67 65 61 62 63
    67 66 66 67 68 66 66 67 68 69 70 67 66 67 67 65 68 68 66 68 66 67 66
    66 67 68 69 66 64 65 63 61 60 60 60 58 57 58 59 61 61 61 64 66 67 68
    70 72 71 72 71 72 72 69 67 66 66 62 63 65 66 66 69 70 71 69 69 71 71
    72 71 69 70 68 66 68 70 69 68 70 66 63 63 64 65 64 62 61 60 60 61 63
    65 66 65 63 64 64 64 66 65 65 65 63 65 64 66 67 68 68 68 70 68 68 70
    69 66 64 63 61 63 62 61 61 60 59 59 60 60 60 61 61 61 61 59 60 60 60
    61 61 61 59 60 61 62 64 64 64 65 66 66 67 69 70 68 68 67 66 65 64 64
    65 64 63 60 63 63 66 67 67 68 65 65 63 64 66 65 64 64 65 65 63 64 61
    62 62 61 60 59 62 61 58 59 59 62 63 62 64 67 65 64 64 65 66 65 64 66
    66 65 65 66 66 67 69 68 68 67 65 67 67 67 67 67 65 63 63 65 64 64 65
    63 61 62 62 62 64 61 60 61 64 61 64 65 65 63 61 62 64 66 65 64 65 64
    62 62 64 68 68 67 67 69 68 68 68 69 69 70 69 68 69 69 66 69 69 67 70
    69 69 69 68 69 70 71 68 66 67 65 63 62 61 60 59 58 59 60 62 61 61 64
    65 67 68 70 71 71 72 71 72 73 70 69 67 67 64 64 66 66 66 68 69 70 68
    67 69 69 69 67 66 68 66 65 66 68 68 67 69 66 64 64 64 66 65 63 62 62
    62 63 65 68 69 68 65 66 68 68 70 69 69 68 66 67 66 67 68 68 68 67 70
    68 68 69 69 66 64 63 61 61 60 58 59 58 57 57 60 60 60 62 62 62 61 59
    59 60 60 60 59 61 60 61 61 62 64 64 65 65 65 64 65 67 68 67 67 66 66
    65 64 66 66 66 63 60 63 63 65 65 66 67 64 64 62 63 65 64 64 63 63 63
    61 62 59 61 62 60 59 59 62 61 58 59 59 63 63 62 64 65 64 63 63 64 65
    64 63 64 63 63 64 66 65 65 68 66 65 64 62 63 64 63 63 64 63 61 62 65
    64 64 67 65 63 63 63 63 63 62 61 61 64 61 64 65 66 63 62 63 64 66 66
    65 66 65 62 63 65 69 68 67 67 69 68 66 66 67 68 70 68 68 70 71 68 71
    71 70 72 70 69 70 69 69 69 69 66 64 64 62 61 59 59 58 57 57 58 59 63
    62 62 64 65 66 66 67 68 66 67 65 66 67 65 65 63 62 60 60 63 63 64 65
    66 67 65 65 67 65 66 63 63 64 62 60 62 65 66 66 69 66 64 63 65 68 68
    66 64 64 63 64 67 69 70 69 66 66 68 68 70 69 69 67 66 67 66 68 68 69
    68 68 70 68 69 70 69 66 64 64 61 62 59 58 58 56 54 55 58 57 57 58 58
    59 58 58 58 59 59 59 59 60 59 61 61 62 65 64 65 64 65 64 65 66 66 64
    65 65 65 63 63 65 66 66 65 62 65 64 65 65 67 67 64 65 63 64 66 66 66
    66 66 65 64 66 55 57 58 58 57 58 63 63 61 62 62 65 65 64 65 66 65 62
    62 63 64 63 63 64 63 63 64 66 65 67 68 68 66 65 63 65 64 64 63 64 62
    61 61 62 62 62 64 64 62 62 62 61 63 62 61 62 64 62 64 65 66 65 63 64
    64 65 66 66 66 65 63 64 65 69 68 68 68 69 67 67 66 67 67 69 68 68 69
    70 67 70 69 68 70 69 68 69 69 69 69 70 68 65 66 64 62 60 59 57 56 57
    58 58 62 61 60 62 63 64 65 66 66 64 65 63 63 65 63 63 62 60 58 59 61
    61 61 63 64 66 63 63 65 64 64 63 63 65 63 61 61 64 65 65 67 65 63 62
    64 67 67 66 63 64 62 63 66 69 69 67 64 63 65 66 67 68 68 67 65 66 65
    68 68 69 68 68 69 67 68 69 69 66 65 64 61 61 60 58 58 57 55 55 58 57
    56 58 59 59 59 58 58 58 59 59 60 62 60 62 62 63 65 65 66 66 66 64 65
    67 66 64 66 65 65 63 63 65 67 66 64 62 65 65 65 66 68 68 65 66 64 65
    67 67 68 68 69 68 66 68 57 58 59 58 57 59 63 63 61 61 61 62 62 61 62
    63 61 60 61 62 63 62 63 64 63 63 64 66 65 66 68 69 68 66 65 66 65 65
    63 64 62 60 59 60 59 60 62 63 61 61 60 60 62 62 61 63 64 64 65 67 67
    67 67 67 67 68 70 68 68 67 65 66 66 69 67 67 66 66 66 65 64 65 66 69
    68 68 69 70 68 70 69 68 70 69 68 67 68 68 67 69 67 65 66 63 62 61 60
    58 57 57 58 58 62 61 60 62 62 64 66 67 67 66 66 63 64 64 61 62 60 58
    56 57 58 59 59 60 62 65 63 62 65 63 63 62 63 66 64 63 63 66 67 66 69
    68 65 64 65 68 69 67 66 65 64 65 67 70 70 68 66 64 65 66 67 68 69 68
    66 67 67 69 69 70 69 69 70 69 70 70 70 67 66 66 64 63 61 59 58 56 55
    55 58 58 56 57 59 59 58 59 58 59 59 58 59 62 60 62 63 63 64 65 66 66
    68 65 64 66 66 64 66 66 66 65 65 67 69 69 67 65 67 67 66 65 67 66 62
    63 62 63 66 65 66 66 67 66 64 67 59 60 60 59 58 60 64 65 61 61 61 61
    63 62 63 63 61 60 60 62 62 60 62 63 62 62 63 64 64 65 66 67 68 66 65
    66 65 64 63 64 61 60 60 60 59 60 61 63 62 61 60 60 63 63 63 64 65 65
    66 67 67 67 68 67 67 69 71 69 70 69 68 70 69 71 69 68 66 66 65 64 64
    64 64 68 66 67 68 71 69 71 70 70 72 70 69 70 70 70 69 71 69 67 68 66
    65 63 61 59 58 59 59 59 62 60 60 60 60 62 64 65 64 63 62 61 63 63 61
    62 60 59 58 60 62 62 62 62 63 66 65 64 65 63 62 60 62 65 62 61 61 63
    64 64 66 65 63 62 63 66 67 67 66 66 65 65 68 72 71 69 66 63 63 64 65
    66 66 66 64 64 64 68 68 70 68 67 69 69 70 69 69 66 65 66 63 63 62 60
    58 57 57 57 60 58 57 58 59 60 59 59 58 59 58 56 57 60 59 60 61 61 63
    64 64 64 66 64 64 65 65 62 64 65 65 63 65 66 68 67 66 64 66 65 65 65
    67 66 62 63 62 62 65 65 64 64 65 64 62 64 59 58 57 57 56 58 62 63 59
    59 59 59 61 62 63 62 61 59 60 62 64 61 62 62 62 61 63 64 64 66 67 67
    68 67 65 66 64 64 63 64 61 61 61 61 59 61 63 66 65 64 62 62 64 63 63
    63 63 62 62 63 64 64 65 64 64 66 69 68 68 68 67 69 69 70 68 67 64 64
    62 62 61 62 62 65 65 67 69 71 69 71 70 70 71 69 69 70 69 69 68 70 69
    67 68 66 66 64 62 61 60 60 60 61 64 63 62 61 62 64 65 66 65 65 64 62
    63 65 63 64 62 60 61 62 64 64 64 63 64 66 65 65 66 64 63 61 63 65 62
    62 61 62 62 63 65 63 61 60 61 65 66 66 65 65 64 64 66 69 68 66 63 60
    61 62 64 65 66 65 64 65 65 68 68 70 69 66 69 69 69 69 68 66 65 66 64
    63 61 59 57 56 56 58 60 60 59 58 61 62 60 60 60 61 60 58 59 60 59 59
    59 60 61 62 61 61 62 59 59 61 61 60 61 62 63 63 65 66 69 69 68 64 67
    67 65 64 67 66 62 63 62 62 65 64 64 63 64 62 60 62 60 60 59 58 58 61
    65 65 63 62 63 62 63 64 65 64 62 60 61 62 64 61 62 63 62 61 63 64 64
    66 66 66 67 66 65 66 64 64 64 65 62 62 61 61 61 61 63 65 64 62 62 61
    63 63 64 64 64 62 63 63 64 63 64 64 62 63 66 65 66 66 66 67 67 67 64
    65 63 63 62 62 61 61 61 64 64 67 68 71 68 70 70 70 71 70 70 71 71 70
    70 72 70 67 69 68 68 67 64 62 62 62 63 65 68 67 66 65 65 67 68 68 67
    66 64 62 63 63 61 63 61 58 59 61 61 62 62 61 62 64 64 63 65 63 62 61
    63 65 62 63 62 62 63 63 64 62 61 60 61 65 65 64 64 64 63 63 66 68 67
    64 62 59 60 62 63 64 66 65 65 65 66 68 68 70 68 68 70 70 71 71 70 68
    68 68 67 66 63 62 58 58 57 58 61 60 60 59 62 63 61 62 61 62 61 58 59
    59 58 58 59 59 60 60 59 60 61 57 58 59 60 57 59 60 60 60 61 63 66 65
    66 63 66 64 64 63 66 66 63 63 62 61 64 63 64 63 63 62 59 61 60 59 58
    57 56 59 63 64 62 61 63 61 63 64 66 65 62 61 62 63 64 60 62 62 62 61
    62 64 63 63 64 64 65 64 63 62 61 60 61 62 60 60 60 60 60 61 64 65 65
    63 63 63 64 64 64 63 63 62 62 62 63 62 63 63 62 63 64 64 64 64 65 67
    67 66 63 63 61 61 61 61 60 59 59 62 63 67 68 70 69 71 71 71 71 71 70
    71 70 70 70 71 69 68 68 68 67 66 64 63 63 63 63 64 66 66 65 64 63 65
    66 66 64 63 61 60 60 60 59 61 58 56 57 59 60 61 61 62 63 65 64 64 66
    64 62 61 63 66 62 64 62 63 62 63 64 63 63 62 63 66 66 65 64 65 64 64
    67 69 68 65 64 61 63 64 65 66 68 67 67 68 68 70 70 72 69 68 71 70 71
    70 68 67 67 67 66 65 62 61 58 56 56 57 60 59 59 59 63 65 63 65 64 64
    63 61 61 61 61 60 60 60 60 60 60 60 60 57 57 58 59 57 59 60 60 61 62
    64 68 67 69 66 68 67 66 65 66 66 63 63 62 60 62 61 62 62 62 61 58 59
    60 59 58 56 57 60 63 63 62 61 63 62 64 65 68 66 64 63 65 65 66 63 65
    64 64 62 63 65 64 64 65 67 68 65 64 63 63 63 62 62 61 61 60 59 60 61
    64 65 65 63 64 63 63 64 64 62 63 61 61 61 61 60 60 60 59 60 62 62 63
    62 64 66 66 66 64 64 62 64 62 61 61 61 60 62 62 65 66 68 66 69 69 70
    70 69 68 70 70 69 69 70 68 67 67 66 67 67 64 62 63 63 64 65 67 66 65
    65 63 65 66 66 65 63 61 60 60 60 59 62 59 57 57 58 60 61 61 62 62 62
    63 63 64 63 61 60 63 65 62 65 63 63 63 64 65 64 64 62 62 65 64 64 65
    66 65 65 67 69 68 65 64 62 63 63 64 65 67 66 66 68 68 70 71 72 69 68
    70 70 71 69 68 67 67 67 66 66 63 61 58 57 57 58 61 59 60 60 64 66 63
    65 64 64 63 61 62 62 61 58 59 60 60 60 60 60 59 57 56 57 59 57 58 59
    59 59 61 64 67 67 68 66 68 68 66 65 65 65 63 63 62 60 60 59 60 60 60
    59 57 57 59 59 58 57 57 61 63 63 61 60 62 61 62 64 67 65 63 63 65 65
    67 64 66 66 65 64 64 66 66 66 68 69 70 68 66 64 63 64 64 64 63 63 62
    61 62 62 65 67 66 64 64 64 64 65 66 63 65 64 63 63 62 61 63 62 60 60
    62 61 61 62 64 66 65 63 62 62 61 63 62 61 61 59 59 61 61 63 65 67 65
    67 68 69 70 69 69 72 72 70 69 69 67 67 66 66 66 66 64 62 62 62 64 64
    66 64 64 63 60 62 65 65 65 62 61 59 60 60 59 62 60 57 57 58 60 60 61
    62 63 64 63 64 66 64 63 61 63 65 62 63 62 61 60 61 63 63 64 62 63 65
    66 66 67 68 67 66 67 69 68 65 63 61 61 62 63 63 65 65 64 66 66 69 69
    70 67 66 67 68 68 69 67 67 66 66 66 65 64 63 60 59 59 60 61 60 61 61
    65 66 63 64 64 63 62 60 61 60 60 58 58 59 59 59 59 60 60 57 57 57 58
    57 58 58 59 59 61 63 65 65 67 65 68 67 66 64 65 65 64 63 63 60 61 60
    61 63 62 61 59 58 58 59 57 56 56 59 61 62 61 60 62 61 62 65 67 66 65
    65 68 67 68 66 67 66 66 65 65 66 65 64 66 68 69 68 67 64 62 63 62 63
    62 61 59 58 59 59 61 63 63 61 61 61 61 63 64 62 64 63 62 61 61 61 62
    60 59 58 59 59 59 60 62 64 63 62 61 62 62 64 62 62 61 59 59 61 61 63
    64 67 65 66 67 67 68 68 68 70 70 68 66 67 66 66 66 65 65 65 63 62 63
    62 65 66 66 66 66 66 64 66 67 68 68 65 63 62 63 62 61 64 61 58 59 60
    62 63 63 63 63 64 64 66 67 65 62 60 62 65 62 63 62 61 61 62 64 65 66
    64 65 68 68 68 68 69 67 65 66 68 67 64 62 59 60 61 60 61 63 63 61 63
    63 66 66 66 65 64 65 66 68 69 68 68 67 66 66 65 64 64 61 60 59 59 61
    59 62 63 66 66 64 66 64 65 64 61 62 62 61 58 59 60 59 60 60 60 61 59
    58 59 60 59 59 60 60 59 61 64 66 65 66 65 67 67 66 64 65 65 64 63 63
    61 61 61 61 62 61 60 59 58 62 63 61 59 59 61 63 64 64 61 62 61 62 65
    67 67 66 66 68 67 69 68 69 68 68 67 65 67 66 65 66 68 70 68 67 64 64
    65 64 64 64 63 61 58 60 60 61 62 63 61 60 60 60 62 63 60 62 63 62 61
    61 62 65 64 61 60 62 60 60 60 62 64 62 59 58 60 60 62 61 60 60 59 59
    60 61 62 63 66 64 65 66 66 67 65 67 68 69 67 66 67 66 66 65 65 65 65
    63 62 63 62 64 64 64 64 64 65 63 65 66 66 67 64 62 60 61 60 59 61 59
    57 58 59 60 62 63 63 63 64 64 66 67 65 62 62 63 64 62 63 62 61 61 62
    63 65 66 64 65 67 67 68 69 69 67 65 66 66 64 62 61 58 58 58 57 59 60
    60 59 61 62 65 66 67 64 64 66 66 68 69 68 68 67 67 67 67 66 66 63 62
    61 61 62 61 62 63 66 65 64 67 65 65 65 62 62 61 60 57 59 59 58 60 60
    59 61 60 60 61 62 60 60 59 60 59 62 63 66 65 67 66 68 69 68 67 68 66
    64 62 62 59 59 60 59 60 60 59 58 58 63 63 61 60 60 62 63 64 64 62 62
    61 63 66 68 69 67 66 67 66 68 67 69 67 67 67 64 66 67 66 68 71 73 71
    70 68 67 68 68 67 66 65 63 60 61 61 61 63 63 60 60 60 61 61 62 60 62
    63 62 60 61 61 64 62 61 60 60 58 58 59 61 62 62 59 58 59 60 62 62 62
    63 61 61 61 61 61 62 63 62 63 63 61 62 61 65 67 68 65 66 66 66 66 66
    66 65 64 62 61 62 60 63 63 62 63 64 66 64 66 69 69 70 66 65 65 64 62
    62 63 61 59 60 60 61 62 63 64 65 65 67 69 69 68 66 66 67 68 65 66 65
    63 62 62 64 65 66 65 65 66 66 66 67 68 67 65 64 64 63 62 62 60 61 61
    60 60 62 62 61 62 63 65 66 66 64 64 67 67 68 68 69 68 67 67 67 68 67
    67 64 63 63 61 62 62 64 64 67 66 65 67 66 65 66 63 62 61 59 56 58 57
    56 57 58 58 59 59 59 60 61 60 60 60 60 59 61 63 65 65 67 66 67 69 69
    67 67 67 66 63 63 60 59 59 58 58 57 56 56 53 65 66 64 62 62 63 64 63
    62 60 61 61 63 66 67 68 66 66 68 68 69 68 69 67 67 67 64 65 66 64 65
    68 69 67 66 64 63 64 65 63 62 61 59 58 60 60 60 61 61 58 57 58 59 60
    61 59 61 62 61 60 61 61 65 63 62 60 60 59 59 60 62 63 63 60 59 61 61
    64 63 62 63 62 62 61 61 61 62 62 62 63 63 62 62 60 64 66 67 65 66 65
    65 65 65 64 65 64 62 61 62 60 62 64 63 63 65 66 64 67 70 70 71 67 66
    65 66 64 64 65 61 60 60 61 62 63 64 65 66 66 67 69 69 69 67 67 66 67
    65 66 65 64 63 64 65 65 67 65 66 67 65 65 66 67 66 64 64 64 64 64 65
    63 63 63 62 62 63 62 62 62 63 63 64 64 62 62 66 66 68 68 68 67 65 66
    67 68 68 68 65 64 65 64 65 65 67 66 68 67 66 69 67 66 67 64 63 62 61
    58 60 59 57 60 59 59 60 61 60 60 61 59 58 59 58 58 60 62 63 64 67 66
    68 70 69 68 67 67 66 63 63 60 59 58 57 57 56 56 55 53 65 66 64 64 64
    63 64 63 63 62 63 63 65 68 69 70 69 67 69 68 70 69 70 68 68 68 65 66
    68 65 66 67 68 66 66 64 62 65 66 65 64 64 63 61 63 62 62 63 62 59 59
    59 58 59 60 58 60 61 61 60 60 60 64 63 63 61 61 60 60 60 62 63 63 59
    60 60 61 64 62 61 62 61 60 59 60 60 61 61 61 63 63 62 63 63 66 68 69
    66 67 65 65 65 64 62 62 61 59 58 59 59 61 63 62 62 64 65 64 67 69 68
    68 65 64 63 64 64 64 65 63 62 63 64 66 66 67 67 68 68 68 70 70 70 68
    67 66 66 63 64 63 63 61 62 62 63 64 63 65 66 65 65 65 66 64 63 63 62
    63 62 64 62 63 62 62 61 63 63 62 63 64 64 65 65 63 63 66 67 68 68 67
    66 64 64 65 68 67 67 64 63 64 62 64 63 66 65 66 65 64 66 64 64 66 63
    63 61 60 58 61 60 58 60 60 59 60 61 61 60 61 58 57 58 57 56 59 61 62
    62 65 64 66 69 68 67 67 68 67 65 65 61 61 60 58 58 57 57 55 53 63 64
    63 62 63 62 62 62 63 62 63 63 65 67 69 70 69 69 71 70 72 72 72 70 70
    69 66 68 69 67 67 67 67 66 66 65 65 67 68 66 65 65 65 64 66 65 63 64
    63 60 60 60 60 60 60 59 61 62 62 62 63 63 66 66 66 65 63 63 62 61 62
    61 62 57 57 58 59 61 59 58 60 59 58 57 59 58 58 59 59 61 62 61 61 62
    65 67 67 65 66 64 64 64 63 63 62 62 59 58 59 59 61 63 62 63 64 66 65
    66 68 68 68 65 63 62 63 63 64 64 62 61 62 63 64 65 66 66 67 66 66 67
    68 69 67 66 66 66 64 64 63 64 63 64 65 65 67 66 67 67 66 67 66 66 64
    61 62 61 61 61 64 63 63 63 63 62 65 65 64 65 65 64 65 66 64 65 68 68
    67 68 66 65 64 64 64 67 65 66 63 62 63 62 64 64 66 65 65 65 65 67 65
    65 66 64 64 62 61 59 61 59 57 59 59 58 59 60 60 59 60 58 57 59 58 58
    61 63 64 64 68 67 67 70 69 68 66 67 66 64 64 61 60 60 59 60 59 58 57
    54 62 63 63 62 63 62 62 62 64 62 62 64 64 65 67 68 67 68 69 69 71 72
    71 69 70 69 66 68 68 65 65 65 65 64 65 64 64 66 68 66 65 64 64 63 64
    63 62 61 62 58 60 61 61 62 62 62 64 66 66 64 65 65 68 68 67 66 64 63
    63 62 62 62 62 58 59 59 60 62 59 59 61 61 59 59 60 58 59 59 60 62 61
    60 61 62 64 66 68 67 68 66 66 67 66 65 64 65 62 60 60 60 61 61 61 61
    62 64 62 64 66 66 66 64 63 61 63 62 62 63 62 61 62 63 62 63 65 66 66
    66 64 66 67 67 67 66 66 64 63 64 63 65 65 66 66 67 69 68 70 69 68 69
    67 67 64 61 61 61 62 61 64 62 61 61 61 60 63 63 62 63 63 62 63 64 63
    65 67 68 67 67 66 64 63 64 64 67 65 65 63 63 63 62 64 63 65 65 64 64
    64 65 64 63 65 63 62 61 60 59 61 60 57 60 60 59 61 62 62 61 62 59 58
    60 59 59 60 62 62 62 65 65 66 68 68 67 65 65 66 64 64 61 60 61 60 60
    59 60 59 55 63 64 65 64 64 63 62 63 63 61 62 63 64 64 66 68 67 67 67
    68 71 72 71 68 70 68 65 67 67 64 63 63 63 62 63 62 63 65 66 64 64 64
    64 63 64 63 61 61 62 59 60 60 61 61 61 61 63 66 65 64 64 65 68 68 68
    67 65 64 64 64 63 63 63 60 60 60 60 63 60 59 60 61 60 60 60 59 59 60
    61 62 61 61 61 62 64 66 67 66 67 65 66 67 66 65 65 64 62 61 60 60 61
    61 60 60 61 63 61 62 64 64 65 63 63 62 63 63 64 65 64 63 64 64 64 64
    65 65 65 65 63 64 64 65 65 64 63 63 62 63 61 63 64 66 66 66 67 67 68
    68 68 68 67 65 62 60 60 61 61 61 63 62 61 60 61 61 62 63 62 63 62 61
    63 64 64 64 66 66 65 65 65 64 63 62 63 65 65 64 63 63 64 62 63 62 64
    64 64 63 64 64 63 63 65 63 63 63 62 60 62 60 58 61 61 61 64 64 64 62
    63 61 59 61 61 60 61 62 63 63 67 68 68 71 71 69 68 68 69 66 66 62 61
    61 60 61 59 59 59 54 64 66 67 65 66 65 64 65 65 63 63 64 65 66 66 67
    67 67 67 68 71 74 72 69 70 69 66 67 67 64 64 62 62 62 63 64 65 67 68
    66 66 65 65 65 64 63 60 60 61 59 60 59 60 60 60 62 64 66 65 64 64 65
    69 68 68 68 65 65 66 66 65 64 64 61 63 62 62 65 62 61 62 63 63 63 63
    61 62 62 61 63 62 61 60 60 63 63 66 65 65 64 64 66 65 65 64 64 62 60
    59 61 62 62 62 61 62 64 63 63 65 65 64 62 61 60 63 63 63 63 63 61 63
    62 63 64 64 63 63 64 62 63 63 64 65 63 61 60 59 60 59 60 62 64 65 66
    67 67 69 69 69 70 70 68 64 62 62 63 63 64 66 64 62 60 61 61 63 63 62
    61 60 59 61 62 62 63 65 65 63 65 66 65 64 64 66 69 67 67 65 65 65 62
    63 62 63 63 62 61 62 63 62 63 65 64 64 63 61 59 61 60 57 60 60 60 63
    63 63 62 63 61 59 62 62 60 61 63 63 64 68 68 68 73 71 70 69 70 69 68
    66 63 62 62 59 60 58 58 57 54 64 65 66 65 66 64 63 65 65 63 62 64 64
    64 64 65 66 66 65 66 69 71 69 67 67 67 65 64 64 61 61 60 60 60 62 63
    63 65 66 65 65 65 65 66 64 64 60 60 61 59 59 59 59 60 59 62 63 66 66
    65 67 67 70 70 70 70 67 67 67 68 66 64 63 60 62 60 60 62 59 59 60 61
    61 61 63 61 62 61 62 63 62 61 60 60 62 62 64 64 65 63 65 66 65 64 63
    63 62 60 59 60 61 60 60 59 61 63 62 63 64 65 63 61 60 57 60 60 61 61
    61 60 61 62 62 64 65 64 64 65 63 63 64 63 63 62 61 60 59 60 58 60 61
    63 65 66 67 67 69 69 70 70 70 68 64 63 62 64 64 66 68 65 63 63 63 63
    65 64 62 61 60 59 61 62 62 63 64 64 64 65 66 65 64 65 66 69 67 67 66
    65 65 63 62 62 62 62 61 60 61 62 62 63 65 64 64 64 63 61 63 62 59 62
    62 62 65 64 64 62 63 61 59 61 61 59 59 61 62 63 67 67 69 73 71 71 70
    72 70 68 66 63 64 64 61 63 61 61 60 57 68 68 69 68 68 65 65 67 67 65
    65 65 66 65 65 65 66 66 64 65 67 68 66 64 64 63 63 63 64 61 60 60 60
    61 64 65 67 66 66 65 65 65 66 66 63 62 59 58 60 59 59 58 59 58 58 61
    62 65 65 65 66 67 70 69 70 70 67 68 69 69 66 64 63 61 63 61 60 63 59
    57 58 60 60 61 62 60 61 61 62 63 63 62 60 61 62 62 63 63 64 63 65 66
    66 66 64 65 63 62 61 62 63 62 63 63 65 67 66 67 68 69 67 65 63 61 62
    62 63 62 62 60 61 61 61 63 65 64 64 64 63 63 63 64 64 62 61 60 60 60
    60 61 62 65 65 66 68 68 68 69 69 70 69 67 64 63 63 65 65 67 69 66 63
    63 64 63 65 64 63 62 61 58 61 62 62 63 66 65 64 64 65 65 66 66 66 69
    68 66 65 64 65 63 63 62 62 62 61 60 63 64 64 66 68 66 66 66 65 64 64
    63 61 63 62 61 63 63 62 62 62 60 57 60 59 58 58 60 61 62 66 65 67 71
    69 69 69 71 68 66 65 63 63 63 60 61 61 60 59 57 67 66 67 67 68 65 64
    66 67 64 64 64 64 63 62 62 62 62 60 60 63 64 63 61 62 62 62 63 64 62
    61 60 61 61 65 65 67 66 65 63 64 64 66 66 64 63 62 60 62 60 61 60 60
    59 59 63 63 65 65 65 67 68 71 70 71 71 69 69 69 69 66 64 62 60 62 60
    58 60 57 56 56 59 59 60 61 59 60 60 61 62 62 61 59 60 61 60 61 62 64
    63 65 66 66 67 66 66 65 64 61 63 63 62 62 62 63 65 65 66 67 69 65 64
    63 61 61 61 61 59 59 57 57 58 58 60 61 61 62 61 60 60 61 63 63 61 59
    57 57 58 58 60 60 63 63 64 66 66 67 67 66 68 67 65 63 62 62 63 64 66
    68 66 64 63 65 65 66 65 64 63 61 58 61 62 62 62 65 64 62 61 62 63 64
    64 65 68 66 64 63 62 64 64 64 64 63 62 61 61 64 64 66 66 68 66 66 66
    65 63 64 63 61 61 60 60 62 61 62 61 62 60 58 60 60 59 59 60 60 62 65
    64 66 69 67 66 66 68 66 65 63 61 62 61 60 61 61 61 59 58 66 66 66 67
    68 67 65 67 67 66 66 66 66 65 63 63 63 62 61 62 63 63 63 59 61 60 61
    62 63 60 59 58 58 58 62 62 63 62 61 60 60 61 63 63 61 60 60 58 60 59
    60 59 60 59 60 64 63 65 66 66 68 67 70 69 69 69 66 67 68 68 65 63 62
    61 63 61 61 62 59 58 58 60 59 59 60 59 60 60 60 62 61 60 57 58 59 59
    60 60 62 61 62 64 64 65 64 65 64 63 61 63 64 64 64 64 65 67 67 68 69
    70 67 66 64 62 62 62 62 60 59 57 57 57 57 60 61 61 61 60 59 60 61 63
    64 61 60 57 57 58 57 58 59 62 61 63 64 64 66 67 66 68 66 65 63 62 62
    64 64 66 68 66 65 65 67 66 67 66 65 65 62 59 62 62 62 62 64 63 62 61
    60 61 62 62 64 67 65 63 62 62 64 64 64 64 63 64 62 63 65 66 67 69 69
    68 69 68 66 65 65 63 61 61 58 59 61 60 60 60 60 59 58 61 60 60 60 60
    60 61 65 64 66 69 66 66 65 68 67 66 64 62 63 61 60 60 60 59 57 55 67
    67 67 67 68 66 64 66 66 63 63 63 63 61 60 60 61 61 60 61 64 64 63 62
    63 62 62 62 62 60 58 56 56 57 60 60 61 61 61 60 61 62 64 65 63 61 61
    60 61 60 61 60 59 60 61 64 63 64 66 67 69 69 71 71 70 70 68 70 70 70
    66 65 63 62 63 62 60 62 59 58 58 60 59 60 62 61 61 61 62 62 62 62 60
    61 62 60 60 61 62 61 63 65 65 66 65 66 66 65 64 65 65 65 65 65 65 67
    67 68 68 69 66 66 63 60 61 61 62 61 61 57 58 58 59 63 64 63 63 62 60
    60 62 63 63 61 59 57 58 59 58 60 60 63 63 64 65 65 67 66 67 68 67 66
    64 63 64 66 66 67 69 66 65 65 67 66 66 66 64 64 62 60 62 62 62 61 63
    63 61 61 60 61 62 61 63 66 65 63 63 62 64 64 64 63 63 62 60 61 64 64
    64 66 67 66 68 68 67 67 66 65 64 64 60 61 63 62 62 61 62 61 58 60 60
    61 60 60 60 61 65 64 66 68 66 65 65 68 67 66 65 63 64 61 61 61 61 61
    58 57 65 65 65 65 66 65 64 67 67 64 63 63 62 61 60 60 61 60 57 59 62
    63 63 62 64 62 63 63 63 62 60 58 58 59 61 61 64 63 63 63 65 65 68 68
    66 64 64 63 64 62 63 62 62 62 63 65 65 66 67 68 69 68 69 69 68 69 68
    69 69 68 65 64 63 62 63 62 59 61 59 59 57 59 58 59 61 62 62 64 64 65
    64 64 62 64 63 62 61 61 61 60 61 64 64 65 65 66 66 66 63 64 64 65 64
    65 65 67 66 67 68 70 68 67 64 62 62 62 63 62 62 58 60 60 60 65 65 65
    64 62 62 61 62 62 61 59 57 56 56 57 56 57 58 62 62 64 65 65 67 66 68
    69 69 68 65 65 65 67 67 67 70 68 66 66 67 67 67 66 65 64 62 61 63 62
    62 61 62 61 59 60 60 60 60 59 61 64 63 62 62 62 62 63 63 62 62 62 61
    62 64 64 66 68 68 67 69 69 66 66 65 64 63 62 59 60 63 60 60 61 61 61
    59 61 62 63 62 61 61 62 65 64 66 67 65 65 65 67 66 66 65 63 64 62 60
    60 60 60 58 58 63 63 64 63 64 65 64 67 67 63 62 63 62 61 60 59 59 59
    56 59 61 62 60 59 61 60 62 62 63 61 59 58 58 61 62 62 65 63 62 61 64
    65 67 66 65 65 65 63 65 64 65 63 64 64 66 67 67 66 67 67 69 69 70 69
    67 68 66 68 68 69 66 64 62 61 62 61 58 61 58 59 58 60 60 61 62 63 64
    66 65 65 64 63 62 63 63 62 61 61 62 61 63 66 66 68 68 68 68 69 66 66
    67 66 66 67 66 68 67 68 69 70 69 68 65 63 63 64 63 63 62 58 59 59 59
    63 63 62 60 60 60 59 60 60 60 58 57 56 57 59 58 58 60 64 64 65 66 66
    66 66 67 70 70 68 67 65 66 68 68 69 70 68 66 65 66 64 65 64 63 62 61
    59 61 60 60 61 62 61 59 59 60 60 61 60 61 64 63 61 62 61 63 64 64 63
    63 63 62 63 66 66 68 69 67 67 68 69 67 67 65 65 64 62 60 62 64 62 62
    62 62 62 61 62 62 63 62 60 61 62 65 65 66 66 65 65 65 67 67 66 64 62
    63 61 61 61 60 60 58 57 63 64 64 64 64 65 64 66 65 62 60 61 61 60 58
    58 58 57 55 57 59 60 59 58 59 59 59 59 60 59 58 58 57 59 62 60 63 61
    61 62 65 65 67 67 65 63 64 62 64 65 65 63 63 64 66 67 67 67 67 67 67
    67 68 66 64 65 65 66 67 69 67 66 64 63 64 63 61 63 61 61 59 60 60 60
    62 63 64 65 64 63 62 62 62 63 64 62 62 62 63 63 64 67 68 68 68 68 69
    69 67 67 67 67 65 65 65 66 66 68 68 70 68 67 65 64 64 65 64 64 62 59
    60 60 61 65 64 63 62 61 61 61 61 61 61 58 56 56 56 58 58 58 59 62 63
    65 65 64 64 66 67 68 69 67 66 65 65 66 67 68 69 68 66 64 66 65 65 64
    63 63 61 61 62 62 62 61 63 62 60 60 60 61 61 60 60 62 63 61 61 62 63
    64 63 61 62 63 62 62 65 66 68 69 68 68 71 70 69 69 68 66 65 63 61 62
    64 62 61 62 61 60 59 60 61 61 60 58 58 61 63 63 66 65 64 65 66 69 68
    67 65 63 63 61 61 60 60 59 57 57 64 64 64 64 63 64 64 66 65 62 61 61
    62 61 60 61 61 60 58 59 61 60 60 59 60 60 60 60 61 60 60 60 59 62 63
    62 64 62 61 60 63 63 66 66 64 63 65 63 65 65 65 63 63 63 64 65 65 64
    65 65 65 65 66 64 63 64 64 65 66 67 65 64 63 62 63 62 61 64 62 62 60
    60 60 60 60 61 62 63 61 60 60 60 60 61 62 60 60 60 62 61 62 64 65 65
    65 65 66 67 65 64 65 66 65 65 66 67 67 68 69 70 69 67 65 64 65 65 66
    64 63 60 59 60 62 67 65 63 62 61 62 62 62 61 61 58 56 57 57 58 58 58
    59 63 64 65 66 65 65 66 67 69 69 67 67 65 66 68 68 69 70 68 66 66 66
    65 66 64 63 63 60 59 61 62 61 61 62 62 60 60 59 62 62 61 62 63 64 62
    63 63 64 65 64 63 63 63 63 64 67 68 71 72 71 72 73 72 72 72 70 69 68
    66 64 65 66 64 64 64 63 62 61 62 62 63 63 62 62 63 66 66 68 66 66 66
    66 69 66 66 64 62 63 62 62 61 61 61 58 59 65 64 64 64 64 65 64 66 65
    62 62 61 62 62 60 60 61 61 60 62 62 62 62 61 61 60 61 60 63 61 62 62
    61 62 64 62 65 62 62 61 63 63 65 65 64 64 65 64 65 65 65 64 63 63 65
    65 63 62 64 64 64 63 64 62 60 62 62 64 66 66 65 63 63 61 63 62 60 63
    61 60 58 59 58 58 59 59 59 60 59 59 58 59 59 61 61 60 60 60 62 60 61
    63 63 63 63 63 63 65 63 62 63 64 63 64 64 66 67 68 70 71 70 68 65 65
    66 66 66 63 62 59 59 60 61 66 65 63 62 61 62 62 62 61 61 58 56 57 58
    58 57 57 59 61 64 65 66 66 65 66 67 69 71 71 70 68 68 69 68 70 70 70
    67 66 65 65 66 64 62 62 60 60 61 62 61 63 63 63 62 62 62 63 62 62 63
    64 63 62 63 62 63 64 63 63 62 62 61 62 64 66 69 71 71 72 73 73 72 73
    71 70 69 67 64 64 65 64 63 63 63 63 61 62 63 65 64 64 62 64 65 64 66
    65 65 64 64 66 63 64 62 62 63 63 63 62 63 63 61 63 66 65 65 64 64 64
    64 64 63 60 60 58 60 60 59 60 60 59 58 60 61 60 60 58 59 58 59 59 62
    61 62 62 61 62 64 62 63 62 61 60 62 61 64 63 63 63 65 64 65 65 65 65
    64 64 67 66 65 64 65 65 66 65 65 62 60 62 62 64 64 64 62 60 60 59 60
    60 57 59 58 58 56 58 56 55 55 56 58 59 58 57 58 59 60 63 64 64 62 62
    63 62 63 64 64 63 63 62 62 65 63 62 63 65 64 66 66 67 69 71 71 72 72
    70 67 67 68 68 67 66 65 63 62 64 65 69 68 65 64 63 63 63 62 63 62 59
    58 58 60 60 60 60 61 63 65 66 67 66 66 66 67 69 70 70 68 66 66 67 67
    68 68 67 66 66 64 63 64 62 61 61 60 60 62 62 61 62 63 64 63 63 62 62
    61 61 61 62 62 63 62 61 63 63 63 64 63 63 63 62 64 66 69 71 71 72 72
    73 73 74 72 72 71 69 65 65 67 66 65 64 63 63 61 62 63 65 65 63 61 62
    63 63 63 61 62 61 61 63 61 63 62 62 63 64 65 64 65 65 63 64 66 64 64
    62 62 62 62 62 61 59 59 57 60 61 61 62 62 62 61 63 63 63 64 61 62 61
    61 61 64 63 64 64 63 63 65 63 65 64 62 60 61 61 63 63 63 64 65 64 64
    65 66 65 64 64 67 65 65 65 66 65 65 65 67 64 62 63 64 64 64 63 62 60
    59 59 60 59 58 59 59 59 58 59 59 57 57 57 58 59 58 57 58 58 59 63 64
    64 63 63 63 62 63 63 64 64 63 61 61 64 62 61 62 64 63 65 64 66 68 70
    71 72 72 71 69 71 71 71 70 68 67 65 65 67 68 71 69 66 65 64 64 63 62
    63 62 59 57 56 58 59 58 59 60 63 64 64 66 65 66 66 66 69 69 69 67 65
    66 66 66 66 66 65 64 64 62 62 62 61 60 60 60 60 62 63 62 63 63 65 63
    61 61 61 61 59 59 59 59 60 59 60 62 63 63 63 63 63 63 65 66 69 71 73
    73 73 73 74 73 75 72 72 70 68 64 64 66 66 64 64 62 62 60 61 64 66 67
    65 62 63 64 63 64 63 63 61 61 62 61 63 62 62 62 62 64 62 62 63 60 62
    62 61 62 60 60 60 61 62 61 59 60 58 61 61 62 62 63 62 62 63 63 63 64
    62 62 61 61 61 63 61 63 63 62 62 62 61 62 62 61 60 61 60 63 62 64 64
    65 65 65 66 66 66 66 65 67 66 65 65 66 65 65 65 66 63 61 62 63 63 62
    62 61 60 59 59 59 60 58 59 59 59 59 61 60 58 56 58 59 59 58 58 58 58
    59 61 64 64 63 63 63 63 62 63 64 63 62 60 61 63 61 60 62 64 63 64 64
    65 67 68 68 70 70 69 67 69 70 70 70 69 68 67 67 68 68 72 69 65 63 62
    61 61 60 60 60 58 56 56 58 60 59 61 62 65 66 66 68 66 67 68 67 69 68
    68 67 65 65 66 66 65 64 65 65 66 64 64 62 61 59 59 59 60 61 61 61 61
    61 63 62 61 62 61 60 60 59 60 60 61 61 61 63 64 64 65 64 66 66 66 68
    69 71 72 72 73 72 73 73 73 72 71 70 67 65 65 67 68 65 64 62 61 60 61
    64 66 68 65 63 64 65 64 65 64 64 62 62 62 61 63 63 63 64 63 64 62 63
    63 60 62 63 62 63 61 61 62 63 63 63 61 62 61 64 64 65 66 67 66 66 67
    68 66 67 65 64 62 62 60 62 60 62 62 62 61 61 60 61 62 62 61 62 61 64
    64 65 65 66 66 65 66 66 67 67 66 68 67 66 66 67 65 63 63 63 61 59 60
    61 61 60 59 60 58 58 58 59 59 57 58 59 60 59 60 61 59 57 58 59 60 58
    57 58 57 59 60 62 64 63 62 63 63 63 62 63 62 62 60 60 61 60 58 61 62
    62 63 64 65 67 68 68 70 69 69 67 69 70 70 70 69 69 68 69 70 71 73 71
    67 65 64 63 63 61 61 62 59 59 59 60 61 61 63 65 67 67 66 67 64 66 68
    68 69 67 67 66 65 65 65 65 63 62 63 62 64 62 63 62 62 61 60 62 64 64
    65 64 64 63 66 64 63 65 64 62 62 62 63 64 65 64 64 66 66 65 65 65 66
    66 66 66 69 71 72 71 73 72 73 72 73 73 72 71 70 67 67 67 67 65 64 62
    61 59 60 62 64 67 66 64 64 65 66 67 66 66 65 65 65 64 66 65 65 65 65
    65 63 63 62 60 61 63 60 62 60 59 60 61 62 61 60 60 58 62 62 64 65 66
    65 65 65 64 63 63 62 61 60 60 58 61 59 62 62 63 63 63 61 62 64 64 63
    64 63 66 66 66 67 68 68 68 68 67 68 68 66 68 67 65 66 66 63 62 62 62
    60 58 59 61 62 60 58 59 58 57 57 58 58 56 56 57 58 59 60 61 61 58 59
    60 61 61 60 61 61 62 64 64 65 65 65 66 66 65 64 65 65 64 63 63 65 62
    61 63 64 64 65 65 66 67 68 68 70 69 69 68 70 70 70 70 70 71 71 71 72
    72 74 72 68 66 66 65 64 61 61 62 60 59 60 60 61 61 63 65 68 69 67 67
    64 65 67 67 67 66 66 65 64 64 65 66 65 65 65 65 65 63 64 62 63 62 60
    61 62 63 63 63 62 62 64 63 62 64 64 62 61 61 61 63 65 65 64 66 66 66
    66 67 68 68 66 66 68 70 71 71 73 72 71 71 71 72 72 72 71 68 68 67 68
    66 65 63 62 61 60 62 64 66 65 63 63 64 64 64 64 64 63 63 63 61 64 65
    65 65 66 66 64 65 64 62 65 64 61 62 60 60 61 62 63 62 61 63 61 64 64
    66 67 67 66 66 66 64 63 62 60 60 58 59 58 61 59 61 62 62 62 62 60 60
    61 60 59 60 60 63 63 62 64 66 67 67 68 68 69 69 67 69 68 67 67 67 64
    63 62 63 61 58 59 61 61 59 58 59 58 58 58 58 59 57 56 56 57 58 59 61
    60 58 59 59 61 60 60 63 62 62 63 64 65 65 65 65 66 66 64 66 66 65 64
    64 66 63 63 64 64 65 66 64 66 68 68 68 70 69 69 69 70 72 72 71 71 71
    72 71 72 72 73 71 67 65 64 63 63 59 59 60 58 58 58 58 60 60 62 64 67
    69 67 67 64 64 67 67 67 67 67 66 64 64 64 66 66 65 65 64 64 62 62 61
    62 61 59 59 59 60 61 61 62 62 63 61 61 63 63 61 62 61 60 62 63 65 64
    65 65 65 67 67 69 71 68 69 69 71 73 73 74 72 72 72 71 72 71 72 70 69
    67 66 67 65 64 63 61 60 60 61 63 66 65 63 63 63 64 65 65 65 64 63 63
    61 64 64 64 64 65 65 63 64 64 62 64 66 63 64 62 62 63 63 63 63 62 64
    62 66 66 68 68 68 68 68 68 66 64 63 60 59 59 59 59 61 60 62 63 62 63
    64 63 62 63 61 60 59 59 62 63 61 62 64 64 65 66 66 68 68 66 67 67 66
    65 65 63 62 62 63 61 59 60 61 63 62 61 61 60 59 59 58 59 57 57 56 57
    58 59 61 61 58 59 60 61 60 59 62 61 61 61 62 64 64 64 64 65 67 64 66
    66 65 64 65 65 63 63 65 64 65 65 64 66 68 69 68 70 69 68 68 69 70 70
    69 68 67 69 67 68 68 70 68 64 63 62 61 61 58 59 60 59 58 58 59 60 61
    65 66 68 69 68 68 65 65 68 68 68 66 66 66 63 62 62 64 64 63 63 62 63
    61 60 60 61 62 60 59 59 60 61 62 62 62 63 63 62 65 65 64 64 63 62 63
    64 65 63 64 63 62 65 65 68 69 67 68 68 71 72 73 74 71 72 71 70 72 72
    73 71 69 68 68 70 67 66 65 62 60 60 61 63 66 66 64 64 64 64 66 68 67
    66 65 65 64 66 67 66 67 66 66 66 66 66 63 65 68 65 66 65 63 63 63 63
    62 62 63 61 65 65 66 67 68 68 67 67 65 64 65 62 61 60 60 59 61 60 63
    64 62 63 63 62 62 63 62 61 60 60 61 62 60 60 62 62 63 63 64 66 66 65
    66 66 66 66 66 65 63 63 64 62 61 60 62 64 61 60 60 59 58 58 59 59 58
    57 58 59 60 61 63 62 60 61 61 62 61 59 62 61 61 61 61 62 62 64 64 65
    66 63 64 65 64 64 65 65 62 63 65 64 66 66 66 67 70 69 68 70 69 68 68
    68 68 67 67 65 66 67 67 68 69 71 70 68 67 65 64 64 60 60 61 60 59 58
    59 59 61 64 64 67 68 68 68 65 66 69 69 68 67 67 66 65 64 64 65 66 65
    64 64 66 64 63 62 64 64 62 60 60 61 62 63 62 62 64 62 61 63 64 63 64
    62 60 61 63 64 62 63 63 63 64 64 68 69 68 68 68 70 72 73 74 71 70 69
    66 68 68 69 68 66 65 66 68 66 66 66 63 61 60 61 63 66 65 64 63 63 63
    65 67 67 66 65 65 63 65 67 66 67 67 67 66 67 67 65 66 66 62 64 63 61
    61 62 62 61 62 64 62 65 65 67 68 69 68 67 67 66 64 64 62 61 60 60 60
    62 61 63 64 63 63 63 62 62 64 63 61 60 60 61 62 60 62 63 63 63 62 64
    65 65 64 65 66 64 65 66 64 63 64 66 64 63 62 63 64 62 61 61 60 59 59
    58 60 59 58 58 59 60 61 63 63 60 61 60 62 60 60 63 62 60 60 60 62 61
    63 63 64 64 61 62 64 64 64 63 65 62 62 64 64 67 68 66 69 70 71 70 72
    71 70 69 70 69 68 68 65 65 66 66 67 67 68 67 66 66 64 63 65 61 62 63
    62 62 61 61 61 62 66 65 68 69 68 69 66 67 69 69 68 67 68 67 66 65 65
    66 66 66 65 66 67 64 64 62 64 65 62 60 59 60 61 61 60 60 62 61 60 62
    61 61 63 61 59 61 62 64 61 62 62 62 64 63 66 68 66 66 65 68 71 72 74
    70 70 68 66 69 70 71 70 68 67 67 69 67 67 67 64 61 60 61 62 66 64 63
    62 62 62 64 66 66 64 63 62 61 62 65 64 66 66 65 65 67 66 65 65 66 63
    65 65 64 62 62 62 60 62 65 62 64 66 67 67 68 67 66 66 65 64 65 63 61
    59 58 60 62 61 63 64 62 61 61 60 60 64 63 61 60 60 60 61 61 62 63 63
    63 62 63 65 64 63 65 65 64 65 66 63 63 65 67 67 65 64 66 66 64 64 65
    63 60 59 58 61 59 57 58 59 59 60 62 63 60 62 61 63 62 62 64 64 62 62
    61 64 62 63 63 65 66 62 62 64 63 64 63 64 63 63 65 64 66 67 66 68 69
    70 69 70 69 66 66 67 65 66 66 64 64 65 65 67 66 67 66 66 65 63 63 65
    61 61 61 61 61 60 60 60 61 64 62 66 66 66 67 65 66 68 67 67 66 67 65
    65 63 63 65 66 66 66 66 67 65 66 64 66 66 63 60 60 61 61 61 61 60 61
    61 60 63 62 61 63 61 60 61 63 64 62 61 60 61 62 62 65 67 65 65 64 67
    70 71 72 70 68 66 64 66 67 68 67 65 65 65 66 65 66 65 63 60 60 62 62
    65 63 62 61 61 60 61 64 63 62 62 61 62 63 65 63 66 66 65 65 66 65 63
    63 67 63 64 65 64 63 62 63 61 63 66 64 67 68 69 69 69 68 67 67 65 64
    64 62 61 60 58 60 61 60 62 63 62 62 61 60 60 63 61 60 58 59 59 61 59
    60 61 61 62 62 63 65 64 63 65 66 66 67 68 66 66 67 69 70 68 66 68 66
    64 63 64 62 59 59 57 60 59 56 58 60 61 60 63 64 61 64 63 65 65 65 67
    66 65 63 63 64 63 63 64 65 66 63 64 67 66 66 66 67 65 65 67 65 67 68
    66 69 69 69 67 68 66 64 64 64 62 63 63 63 63 64 66 68 68 69 69 69 68
    67 67 70 66 65 65 65 66 64 62 63 63 65 63 67 68 66 66 64 66 69 68 67
    64 65 64 64 63 63 65 65 65 64 66 69 68 67 64 66 67 63 60 60 61 61 59
    58 58 60 58 58 60 61 61 62 59 59 60 61 63 61 60 61 61 61 61 64 67 65
    65 63 66 69 70 70 68 66 65 63 64 65 67 66 63 63 63 63 62 63 63 61 59
    58 59 60 63 63 63 62 61 61 63 65 64 63 63 62 63 63 66 64 66 66 66 66
    68 66 65 65 61 59 60 63 62 61 60 61 60 64 67 66 68 69 69 69 69 69 68
    67 64 63 63 62 61 60 59 60 61 61 61 62 62 62 61 60 61 63 61 60 59 60
    60 62 60 61 62 62 63 63 64 66 64 63 64 65 65 66 66 64 64 65 67 68 66
    64 66 66 63 64 65 64 62 60 59 62 61 59 59 61 61 60 63 64 62 65 64 66
    65 66 67 66 64 61 61 63 62 63 64 66 66 64 66 69 68 68 68 68 66 65 66
    64 66 66 65 67 67 66 64 65 63 62 62 61 59 61 61 60 60 62 65 67 67 68
    67 68 67 66 66 70 66 64 64 64 64 64 61 61 62 63 61 65 65 65 65 62 63
    66 66 65 63 63 62 63 62 62 64 65 64 63 64 67 67 66 64 65 67 63 60 60
    61 61 59 58 58 59 57 57 59 60 60 61 59 59 60 60 63 62 61 62 62 62 63
    65 67 66 65 63 65 68 67 69 67 65 64 62 63 65 67 66 63 62 61 62 61 63
    63 60 59 58 59 60 64 63 63 63 63 63 65 66 65 65 63 62 63 63 65 63 65
    65 63 63 65 64 63 63 60 57 60 61 61 62 61 61 60 64 66 66 67 68 67 67
    66 65 65 64 61 60 60 60 58 57 57 59 60 60 61 61 61 61 61 60 60 62 61
    61 59 60 61 63 61 61 63 63 63 63 64 66 65 63 64 66 66 66 66 65 64 65
    67 67 66 63 65 65 64 65 65 65 63 62 59 63 60 59 59 60 61 60 62 62 61
    64 64 66 66 67 66 65 64 61 62 62 62 62 65 65 66 64 66 68 68 68 69 70
    68 66 67 66 68 69 67 70 68 67 65 64 63 63 61 60 58 60 60 59 59 61 63
    65 65 66 66 67 66 65 66 69 65 64 64 64 64 64 62 62 63 65 63 66 66 65
    64 62 62 64 65 64 61 61 60 60 59 60 61 62 63 62 63 66 67 66 65 67 68
    65 62 61 61 61 59 59 59 59 58 57 59 61 61 63 61 61 62 63 67 65 64 66
    65 66 66 67 68 67 65 62 64 66 66 68 66 64 64 61 63 65 67 66 64 64 63
    63 62 64 64 61 59 58 59 61 64 62 63 63 62 62 65 66 65 66 64 62 64 64
    66 65 67 65 64 64 65 64 64 63 58 56 59 62 62 62 59 60 60 64 67 67 68
    69 67 66 66 67 66 65 62 62 62 62 61 60 59 61 61 62 61 62 60 60 60 59
    60 61 61 59 58 60 61 63 62 62 63 63 64 64 65 67 65 64 65 66 66 67 66
    65 64 65 67 67 66 63 63 64 62 64 64 63 63 61 58 61 60 59 60 62 61 61
    63 63 62 65 64 66 66 67 66 65 63 61 61 62 62 62 64 65 66 64 65 68 69
    69 69 70 69 67 67 65 67 68 66 68 67 65 64 63 62 62 61 60 59 61 61 59
    60 60 63 66 66 67 66 68 68 67 68 72 69 67 66 66 66 66 64 63 63 64 61
    64 64 64 62 60 60 61 62 62 61 61 60 60 59 60 61 63 64 63 63 66 67 66
    66 67 68 66 62 60 61 61 59 58 59 58 57 56 57 60 60 62 61 61 61 63 66
    65 65 66 67 67 68 69 70 69 67 64 65 67 67 68 66 64 63 61 61 64 66 66
    64 64 63 64 64 65 64 62 60 59 59 61 63 62 63 63 62 63 65 66 65 66 64
    63 64 64 65 63 65 64 63 64 64 64 63 62 57 55 58 61 61 61 58 60 59 63
    66 65 67 68 66 64 64 65 62 63 60 61 61 61 60 59 58 62 62 63 62 63 61
    61 61 62 62 64 62 60 59 62 62 63 63 63 63 64 64 64 66 66 65 64 66 67
    66 67 66 66 65 66 68 68 67 64 64 65 64 68 68 68 67 66 63 66 64 64 64
    64 63 62 63 62 61 65 64 67 67 68 67 67 65 63 65 65 63 63 66 66 66 65
    66 68 68 69 70 71 71 69 68 66 68 69 67 68 66 64 62 62 61 60 60 60 59
    61 62 62 62 62 64 67 68 69 68 69 69 69 70 73 71 69 66 66 65 66 64 62
    62 62 60 62 62 64 62 61 60 61 62 62 62 63 62 62 61 63 63 65 67 66 66
    68 68 66 67 67 67 65 60 58 58 58 56 56 58 56 56 55 55 57 58 59 58 58
    57 59 63 63 63 64 65 67 67 68 68 68 66 62 64 65 65 66 64 63 62 62 61
    64 65 63 61 62 62 63 63 63 62 61 59 60 60 62 64 62 62 62 63 63 65 64
    63 63 61 59 61 61 61 60 62 63 62 63 64 64 63 62 58 56 59 62 62 62 60
    60 60 63 66 66 66 67 65 63 62 63 62 63 62 63 63 63 61 61 60 63 63 65
    62 63 60 59 59 61 61 63 62 61 60 63 63 65 65 66 65 65 65 65 67 68 66
    65 66 68 68 68 66 66 65 66 67 68 67 64 63 64 64 68 67 68 68 67 64 66
    64 64 64 64 63 62 63 61 60 63 63 66 66 67 67 67 65 63 66 66 64 63 65
    64 64 64 64 66 67 67 68 69 69 68 67 66 68 68 67 68 66 64 63 64 62 62
    61 61 60 61 62 61 62 61 62 65 67 67 65 67 67 66 66 69 68 67 65 65 64
    66 65 63 64 64 63 64 64 65 63 63 63 64 65 65 64 63 63 62 62 63 63 64
    66 65 65 67 68 66 67 67 67 65 60 58 58 59 57 56 59 58 57 56 56 59 59
    60 58 59 58 58 61 62 62 63 63 64 63 64 64 65 63 60 62 63 63 64 62 62
    62 62 60 64 64 63 62 63 63 64 64 64 62 61 59 60 61 63 65 63 63 64 64
    65 66 65 63 63 60 59 61 61 61 60 62 63 63 65 65 65 65 62 56 55 58 60
    61 61 59 60 60 63 66 66 66 67 66 64 63 64 63 65 63 64 64 64 62 62 62
    65 65 66 64 64 63 62 62 64 63 65 65 63 62 65 65 66 66 67 65 66 66 66
    67 68 66 64 66 68 67 66 65 65 63 65 66 67 68 65 63 63 65 67 67 67 68
    67 64 65 63 63 64 63 62 61 62 60 59 63 63 66 67 68 67 67 65 63 65 65
    63 62 64 64 64 64 64 66 68 67 68 69 68 67 66 64 66 66 66 66 64 62 62
    63 61 62 61 62 61 61 62 62 61 61 62 66 67 68 64 66 67 66 67 72 71 70
    68 67 66 68 66 64 64 64 62 63 63 63 62 63 63 64 65 66 65 64 63 62 62
    63 62 63 64 63 64 66 68 66 67 67 67 67 62 61 61 61 58 57 59 59 58 56
    55 59 59 60 58 60 59 59 61 63 64 64 63 64 63 64 64 65 63 61 62 63 61
    63 63 62 62 62 59 63 63 61 61 63 63 64 64 64 62 62 60 62 63 64 66 64
    63 64 65 65 66 65 62 63 61 60 62 62 62 60 63 64 64 66 65 65 64 62 56
    55 57 59 60 60 58 60 59 62 64 65 64 65 65 63 62 63 61 63 62 62 62 63
    61 61 59 63 63 64 62 63 62 60 60 62 61 64 63 63 62 65 65 66 67 68 66
    67 67 68 68 68 66 64 66 68 66 66 66 66 64 65 66 67 67 64 63 62 64 65
    65 65 66 66 64 65 64 63 65 64 63 62 63 60 59 63 62 66 66 67 66 67 65
    64 66 66 63 63 65 65 66 66 65 67 68 68 68 69 70 68 67 65 66 67 66 67
    65 62 61 61 59 60 61 61 61 62 63 63 64 64 66 70 70 70 67 69 69 69 70
    73 73 72 70 69 69 70 68 67 65 65 63 63 63 62 62 62 63 63 63 64 64 63
    62 61 61 62 62 62 63 63 63 65 67 65 66 66 66 65 62 60 60 60 57 56 59
    59 57 55 55 58 59 59 59 61 59 59 60 63 63 64 63 64 63 63 62 65 62 61
    61 62 61 63 62 61 60 61 58 61 61 60 60 62 62 62 63 63 61 62 61 64 63
    64 65 63 62 64 64 65 65 64 61 62 61 59 62 62 60 60 62 64 64 65 65 65
    64 62 56 55 57 58 60 61 59 61 61 64 66 66 66 66 67 65 64 65 64 66 64
    63 63 63 61 61 60 63 64 64 61 61 61 59 60 61 61 63 63 63 63 66 66 66
    67 68 67 67 68 68 68 67 64 64 65 67 67 67 67 66 65 65 66 68 67 66 64
    62 64 65 65 65 68 67 64 66 64 65 65 64 63 62 64 60 60 63 63 66 66 68
    66 67 66 63 66 66 63 61 64 64 64 65 65 65 66 66 66 67 68 67 64 63 63
    64 63 65 62 60 60 60 58 60 60 61 61 63 62 63 64 63 64 67 67 68 65 67
    66 66 67 71 71 70 68 67 66 68 66 66 64 64 63 64 64 63 62 64 64 64 63
    64 64 63 61 59 61 62 61 61 61 63 62 63 66 64 66 65 64 63 61 61 61 60
    58 57 60 59 58 58 57 59 60 60 61 63 61 60 62 63 63 64 63 63 62 60 60
    63 60 59 60 61 60 62 62 62 62 64 60 64 63 62 62 63 61 62 63 63 60 62
    60 63 63 64 66 65 64 65 65 65 66 66 62 62 59 58 60 61 59 59 61 61 62
    64 64 65 64 62 59 58 59 59 61 62 60 61 62 65 66 67 67 68 68 65 65 66
    66 66 64 64 64 62 60 60 59 61 63 63 61 60 60 57 59 61 59 61 62 61 60
    63 64 63 66 66 66 67 68 69 68 68 66 66 66 68 68 68 67 66 65 65 66 66
    66 65 63 63 64 65 64 64 66 66 63 65 63 63 64 63 63 63 64 61 62 65 65
    67 68 68 65 65 64 62 64 63 61 60 63 63 64 66 66 66 67 68 69 69 70 69
    65 63 63 64 64 65 62 59 59 58 57 59 59 61 59 61 61 63 64 64 65 67 68
    69 67 68 67 67 67 70 70 70 68 67 66 66 65 64 63 63 61 61 62 61 61 62
    63 65 64 65 64 64 63 61 62 63 63 62 61 63 63 64 65 63 66 65 63 63 61
    61 60 61 59 59 62 60 60 60 59 61 61 61 62 64 61 60 62 64 64 65 65 64
    63 62 61 66 63 61 61 61 60 61 61 61 61 63 58 63 62 61 62 63 63 64 65
    65 62 64 62 65 65 67 68 67 66 68 68 68 68 67 64 64 61 59 61 61 59 60
    61 62 64 66 65 66 66 65 59 58 60 60 62 62 61 62 64 66 67 68 67 67 68
    66 66 67 67 66 64 65 63 62 60 59 59 60 61 62 60 60 60 59 61 63 62 63
    64 64 63 66 67 65 68 68 67 68 69 70 69 69 67 66 67 69 68 68 68 68 65
    65 65 64 64 64 62 61 62 63 62 63 65 65 64 65 63 64 65 64 64 64 65 62
    63 65 65 68 68 67 65 64 65 63 64 62 60 60 63 63 65 67 67 67 67 69 70
    71 70 69 65 64 62 63 63 65 61 58 59 59 59 62 61 63 63 64 63 65 67 66
    66 68 69 70 69 69 69 69 68 69 71 71 70 67 65 66 65 64 63 63 62 61 62
    61 61 62 64 66 66 65 64 65 65 61 63 65 64 62 62 64 64 64 65 63 66 65
    64 63 62 61 60 59 58 59 61 58 59 58 58 60 60 60 62 64 61 61 63 64 64
    67 66 65 64 63 61 65 62 60 60 60 58 59 59 59 59 61 57 62 63 61 62 64
    63 65 65 66 63 65 63 65 65 67 69 69 68 70 69 70 70 69 66 66 62 60 61
    61 59 61 61 62 64 66 64 66 66 66 60 58 60 60 62 63 61 62 64 66 67 68
    68 67 67 65 65 66 65 65 63 63 62 61 60 60 61 60 63 64 61 60 61 59 61
    63 62 62 64 64 63 66 68 66 69 70 69 69 71 72 70 69 68 67 67 69 68 68
    68 67 64 65 64 63 63 63 60 61 62 63 62 63 66 67 66 67 65 66 66 65 64
    64 65 62 63 66 64 67 66 65 63 62 63 63 63 62 61 61 63 63 65 66 66 65
    64 66 67 67 67 66 62 61 60 61 62 64 61 59 60 62 61 65 64 66 66 67 66
    67 68 67 66 67 68 69 67 67 67 66 65 67 68 69 67 65 63 64 63 63 63 64
    63 62 62 62 63 65 66 67 67 65 64 65 64 61 62 63 63 61 62 63 63 63 63
    63 66 65 64 63 63 61 59 58 59 59 59 56 57 57 56 58 58 59 61 63 61 61
    64 66 65 67 66 66 66 65 62 66 64 62 62 62 59 60 60 60 59 62 58 62 63
    62 64 66 67 68 69 69 66 68 65 67 68 69 70 68 68 69 69 70 69 68 65 64
    61 59 61 60 57 59 59 59 62 63 61 63 62 61 62 61 64 63 65 65 64 65 66
    67 68 69 68 67 68 66 66 66 66 67 65 65 64 63 62 62 62 61 63 63 61 60
    61 58 61 63 63 63 66 67 66 68 70 69 72 72 71 70 72 72 70 70 70 69 69
    70 70 70 71 69 66 65 64 63 63 63 61 60 61 62 63 63 66 68 66 67 66 66
    66 65 64 65 65 63 63 66 64 66 66 66 65 65 64 64 64 63 62 62 63 63 64
    64 64 63 63 64 65 65 65 66 63 62 61 62 62 65 62 61 62 64 63 65 65 68
    68 68 67 68 69 67 67 68 68 68 67 67 67 67 66 68 70 69 68 66 64 65 65
    65 64 65 64 62 63 62 64 65 67 66 66 66 64 65 66 62 63 64 63 61 63 64
    64 63 63 62 66 65 65 64 62 59 58 58 58 58 58 55 57 57 56 58 59 60 61
    62 60 60 63 65 64 66 65 64 64 64 62 66 65 62 62 61 59 60 60 60 58 61
    57 59 61 60 63 65 66 67 68 70 66 69 67 68 69 69 70 68 68 69 68 69 69
    69 65 64 62 61 63 62 59 61 61 62 64 66 65 66 63 62 67 66 68 66 68 68
    67 67 68 68 69 69 69 67 68 66 66 65 65 66 66 65 64 62 63 62 62 60 62
    62 59 59 59 56 59 62 62 63 65 66 66 69 70 68 71 71 70 70 71 72 70 69
    68 68 68 69 69 69 69 68 65 63 63 62 61 63 61 59 60 61 61 63 66 68 67
    68 66 67 68 67 66 66 65 64 63 67 65 68 68 67 66 65 65 66 66 65 63 63
    63 62 63 64 64 63 63 65 65 65 64 66 64 63 61 62 62 65 62 61 63 65 64
    66 67 69 69 68 68 70 70 67 65 66 65 66 66 64 65 65 65 67 69 69 68 66
    65 65 65 66 64 63 62 60 61 61 63 64 66 66 65 65 64 65 67 64 64 65 66
    64 65 66 66 64 64 62 65 64 63 61 59 57 56 56 57 58 58 56 57 58 58 60
    61 62 63 64 62 62 64 66 65 66 65 64 64 65 64 68 67 63 63 63 60 59 60
    59 58 59 55 58 60 58 62 64 66 67 69 69 67 70 68 69 70 68 69 69 67 67
    67 68 67 66 65 63 63 62 63 63 60 62 62 63 65 66 64 65 63 62 69 68 68
    67 68 68 69 68 68 68 68 69 68 67 68 68 67 66 68 69 69 67 66 63 63 62
    62 60 61 61 59 58 60 57 60 62 62 62 65 67 66 68 70 68 70 71 70 70 70
    71 69 68 66 67 66 68 67 67 68 67 65 64 64 64 62 64 63 62 63 63 64 66
    68 69 69 70 68 68 69 67 67 66 65 64 64 66 65 68 69 67 66 66 66 66 66
    65 63 63 62 61 63 63 63 64 64 65 65 64 64 65 64 63 61 61 62 63 61 61
    63 65 64 66 66 68 68 67 67 69 68 66 65 64 64 64 64 62 63 62 62 64 66
    67 67 66 65 65 66 66 65 66 65 63 64 63 64 65 68 68 67 66 64 64 65 63
    64 64 65 63 63 65 65 64 65 62 65 65 63 61 61 60 58 59 59 60 60 59 58
    60 60 60 61 61 62 63 60 60 62 63 62 63 63 62 62 62 61 64 65 62 62 62
    60 60 61 59 57 58 56 57 59 57 60 62 63 64 68 69 67 70 69 70 71 70 71
    70 68 69 67 68 66 66 64 63 62 61 64 64 61 63 64 65 67 67 66 67 64 64
    69 68 69 68 68 68 68 67 67 67 67 69 68 66 67 68 68 67 69 71 70 69 66
    63 65 63 64 60 61 61 59 57 58 56 59 61 61 60 63 65 65 67 69 67 68 69
    68 67 68 70 67 65 63 65 64 66 65 65 67 66 63 63 63 63 61 63 62 61 62
    61 62 63 64 65 65 67 65 65 66 65 65 65 65 65 65 67 66 69 69 68 67 66
    66 67 66 66 65 64 63 63 64 65 66 65 65 65 66 64 63 64 63 62 60 61 61
    64 62 61 63 65 65 67 66 68 68 67 66 67 67 64 64 63 62 61 61 60 61 60
    60 62 65 65 66 66 66 66 66 66 65 66 65 63 63 61 63 63 66 68 66 65 63
    63 64 61 62 62 64 62 62 65 64 65 66 65 67 67 66 64 63 63 61 62 62 62
    62 60 60 61 61 61 61 62 62 63 61 61 63 64 63 65 65 63 65 64 63 66 67
    64 63 64 61 60 61 59 57 58 56 57 59 58 60 63 64 65 68 70 68 70 68 68
    69 68 68 68 67 67 66 68 67 67 66 66 65 65 68 68 65 68 68 68 70 70 69
    71 68 68 65 64 65 65 66 65 65 65 66 66 66 67 68 65 66 68 68 68 69 70
    70 70 67 64 66 64 64 62 62 62 60 59 60 58 61 62 62 61 62 65 65 66 67
    65 66 67 66 65 65 68 66 64 62 64 64 64 64 65 67 67 64 63 65 64 61 63
    62 61 62 60 60 61 61 61 62 64 63 64 65 63 63 64 63 64 65 67 65 66 67
    65 64 62 62 63 63 62 62 62 62 62 65 65 66 65 65 66 66 64 62 62 59 58
    57 58 58 61 59 59 61 63 63 65 65 66 67 67 66 122 10 62 67 102 20 10
    89 29 85 100 18 79 90 80 106 10 116 82 13 72 16 43 68 125 72 80 113
    59 65 14 91 68 95 79 54 71 4 39 27 28 40 112 44 93 32 115 2 105 21
    79 115 61 69 58 72 3 22 15 13 123 12 6 30 5 63 63 60 61 65 66 65 67
    67 65 68 67 68 71 71 69 66 68 65 63 63 61 59 59 56 56 59 58 58 61 62
    63 66 69 68 69 68 67 69 69 69 69 69 70 67 68 69 69 69 68 67 67 68 68
    65 68 68 67 69 68 67 69 66 66 64 64 64 64 65 65 65 65 67 67 66 66 68
    64 65 67 68 68 68 69 68 69 66 63 65 63 62 59 59 58 57 57 57 56 57 59
    60 60 61 63 64 66 66 64 66 67 65 64 63 66 65 63 61 64 62 62 63 64 66
    66 63 62 62 61 58 60 60 59 59 58 59 61 61 62 64 67 66 67 67 66 66 66
    65 64 65 67 64 64 65 62 61 59 60 61 62 61 60 61 61 62 64 64 65 64 64
    64 65 63 61 61 59 59 57 58 58 60 59 58 61 62 63 64 63 64 65 64 64 87
    109 63 64 36 89 37 16 125 97 24 83 81 1 55 127 101 63 80 11 80 31
    127 25 124 79 61 30 36 33 92 49 104 106 52 53 33 120 40 42 127 26 23
    90 104 102 69 42 74 30 22 105 53 36 117 21 4 18 87 107 10 48 91 18
    109 62 61 59 60 64 65 64 68 67 65 67 67 67 69 70 67 65 67 63 61 61
    59 58 59 57 57 59 59 59 61 63 64 67 69 68 69 67 66 68 67 67 67 67 67
    65 66 66 67 66 66 64 66 67 67 63 67 67 67 68 68 67 69 66 65 64 64 65
    65 65 65 65 65 67 67 66 67 68 64 64 66 68 67 68 68 67 68 66 62 65 63
    63 60 60 59 58 59 58 56 58 59 61 60 61 63 64 65 65 65 67 67 66 64 64
    68 66 65 63 66 64 64 66 66 68 66 63 63 63 61 58 60 59 59 59 60 61 63
    63 63 65 68 67 67 66 66 65 65 63 63 64 65 63 63 64 62 61 59 60 62 63
    62 61 62 62 62 63 64 66 64 64 65 66 64 62 62 61 60 58 59 58 60 59 58
    60 62 63 63 62 64 64 63 62 85 6 120 4 78 85 49 7 24 14 23 33 81 3 56
    116 79 44 29 29 66 40 60 30 69 94 5 20 82 34 46 90 106 3 71 79 33 37
    38 31 99 85 42 123 66 73 62 61 19 58 62 5 61 85 69 83 47 86 17 73 94
    120 4 111 78 60 61 60 61 65 66 66 69 69 67 69 69 68 69 70 68 66 68
    65 62 62 60 60 60 59 59 61 59 59 60 62 62 65 66 65 65 63 61 64 63 64
    64 64 64 63 64 64 64 65 64 63 63 65 65 62 64 65 64 66 64 63 65 62 62
    63 64 66 66 65 65 66 65 67 66 65 67 68 64 65 68 68 68 69 68 68 68 66
    63 64 62 62 60 59 58 58 58 57 56 58 60 61 60 59 61 62 62 63 64 65 66
    65 64 63 67 67 66 65 67 66 66 66 65 66 65 63 62 62 59 56 57 57 57 59
    60 61 63 62 62 66 68 68 67 66 64 64 64 62 63 63 64 62 63 64 63 63 61
    62 63 64 63 62 63 63 63 64 64 66 64 64 65 66 65 62 62 60 60 58 58 58
    60 59 59 61 64 64 64 65 66 67 66 66 5 72 121 58 122 10 7 105 6 64 50
    2 17 70 57 33 26 95 119 120 115 124 69 103 54 74 118 100 57 42 64 39
    74 77 122 44 18 37 35 58 52 52 102 74 103 55 8 127 3 115 115 44 71
    94 10 65 109 125 34 83 73 56 117 27 35 60 60 59 61 64 67 67 70 69 68
    70 70 69 71 72 70 68 69 66 63 63 61 59 60 59 58 60 58 58 60 62 62 64
    66 65 65 63 62 64 63 63 62 63 62 62 62 62 62 62 63 62 63 65 64 62 64
    65 65 66 65 63 65 63 62 64 64 65 67 67 66 66 66 68 67 66 66 66 63 63
    66 67 67 68 68 69 69 66 64 66 64 63 60 60 58 58 58 57 57 59 60 62 61
    59 61 63 64 65 66 67 68 67 66 64 68 68 67 65 67 66 65 65 65 66 65 63
    61 61 59 57 58 58 57 58 58 61 64 63 64 67 69 69 69 68 67 67 66 63 64
    63 65 64 64 64 64 64 62 64 65 67 66 66 66 65 65 65 65 66 64 64 63 64
    62 60 61 60 59 57 57 57 59 58 58 61 64 63 63 65 66 68 67 67 38 123
    100 16 103 3 68 14 102 20 8 43 60 123 68 95 98 45 115 77 113 75 49
    59 1 2 0 52 44 22 61 89 122 26 4 127 78 46 21 24 15 60 102 46 123 82
    104 109 56 82 110 99 73 86 22 115 85 110 114 73 60 109 36 14 78 60
    61 60 63 66 68 68 70 69 69 71 70 70 71 71 69 69 69 66 64 64 61 60 60
    59 58 59 57 57 58 59 59 62 64 63 62 62 60 61 61 60 60 61 60 59 60 60
    60 61 62 61 62 65 65 62 65 66 65 66 64 62 65 62 60 65 64 65 67 65 65
    65 65 66 65 64 64 65 61 60 63 64 64 65 66 66 66 64 61 63 62 61 59 59
    57 56 58 57 56 59 61 61 61 59 60 62 62 62 64 64 65 64 63 61 65 68 66
    65 67 67 67 67 67 67 67 65 63 63 60 58 58 58 57 59 58 61 63 63 64 67
    69 70 69 69 68 68 67 65 66 65 65 64 63 65 65 64 62 64 65 66 66 65 65
    64 64 65 65 66 64 64 63 63 62 59 60 59 58 58 58 58 60 60 59 62 64 64
    64 66 67 69 67 66 115 22 61 14 113 2 114 72 103 86 85 93 70 51 90 46
    98 44 99 22 30 3 81 20 88 83 118 9 65 81 108 72 42 68 83 55 12 123 3
    107 56 34 37 119 120 42 94 69 50 6 44 71 27 122 47 7 109 123 65 84
    84 90 17 28 15 59 60 59 61 64 66 68 69 68 69 69 70 69 70 72 69 68 68
    67 65 64 62 61 61 60 58 59 58 57 58 60 60 62 64 62 61 62 60 60 60 59
    58 58 57 56 57 58 57 59 60 58 59 63 63 60 62 64 63 63 60 60 62 59 57
    60 60 61 63 62 62 63 64 65 63 62 63 63 60 60 63 63 62 63 64 65 66 64
    60 62 61 60 59 58 57 56 57 57 56 60 61 61 62 60 61 61 61 62 64 64 65
    64 64 61 64 68 67 66 68 67 67 68 67 68 67 65 63 63 61 58 59 59 57 58
    58 61 64 63 64 68 68 68 67 68 67 67 65 63 63 62 63 63 63 65 65 64 64
    65 65 68 68 68 67 66 67 67 68 69 67 68 67 67 66 64 65 63 62 61 60 60
    61 60 60 62 63 62 62 64 65 67 66 65 33 45 14 7 49 60 48 8 127 122
    102 21 107 35 18 44 93 12 78 81 40 69 70 119 79 101 45 105 9 84 95
    47 93 122 13 4 6 114 39 71 95 43 93 57 4 69 124 99 120 84 35 5 35
    107 49 121 50 83 113 40 0 78 63 20 67 59 60 59 60 63 65 67 68 67 68
    68 68 68 69 69 68 68 67 66 65 64 63 63 62 61 59 59 56 56 56 57 58 60
    61 60 60 61 59 60 61 60 60 59 59 57 58 58 57 59 61 60 60 63 63 60 63
    66 65 65 62 62 65 63 62 62 62 62 64 61 63 62 64 64 63 61 63 64 61 60
    63 63 63 64 64 64 65 62 59 61 60 60 59 59 58 57 58 57 58 61 62 61 61
    59 58 58 58 59 61 60 62 60 61 59 62 66 64 63 65 65 65 65 65 66 66 64
    63 64 63 60 61 61 59 60 60 62 64 63 63 67 68 68 67 69 67 67 65 64 64
    63 64 64 64 65 65 64 63 65 65 68 68 67 66 65 67 67 68 69 67 69 67 68
    66 65 65 63 62 61 60 60 61 60 59 62 64 64 64 65 66 69 66 66 68 112
    39 8 40 56 110 69 96 57 19 17 86 43 49 24 68 82 29 81 52 35 89 92 5
    80 90 13 36 103 61 90 7 16 51 21 109 127 62 119 96 38 54 88 53 49 54
    77 100 92 109 20 105 19 28 122 113 19 17 84 12 9 26 108 35 60 61 60
    62 64 65 68 68 68 68 69 68 68 69 68 68 68 67 67 65 63 63 63 62 62 60
    59 57 56 56 58 59 61 62 61 60 62 61 61 63 63 62 60 60 59 59 58 57 59
    62 60 59 61 61 58 60 63 62 63 60 59 61 60 59 59 60 60 62 61 62 62 64
    65 65 63 65 66 64 63 66 66 66 66 66 66 67 65 61 62 62 61 61 61 59 59
    59 58 60 62 64 62 62 59 58 58 58 59 61 60 61 60 61 59 62 65 65 64 66
    66 66 65 66 65 66 64 64 65 63 60 60 59 58 60 60 61 64 63 62 66 68 68
    68 69 66 66 65 63 65 64 64 64 64 65 64 65 65 67 66 67 67 67 66 66 67
    69 69 69 68 70 69 69 68 66 66 64 63 63 62 61 61 60 59 61 63 63 63 63
    64 67 65 66 123 59 80 18 87 45 16 47 117 41 91 80 4 126 34 31 14 127
    24 64 90 31 54 114 35 119 92 87 90 103 67 37 28 63 77 70 89 4 73 60
    37 33 61 88 68 100 115 117 36 30 98 57 19 78 16 63 23 68 35 27 118
    45 87 26 115 59 59 59 60 61 63 65 66 66 67 66 66 64 65 64 65 65 64
    64 63 61 61 61 61 61 59 58 56 55 55 56 58 59 62 61 61 63 62 63 65 65
    64 63 63 60 60 61 59 60 62 60 59 60 60 58 59 62 62 62 60 60 62 61 61
    57 57 58 60 60 61 60 62 64 65 64 66 67 64 64 66 66 67 66 66 65 65 62
    60 62 61 61 62 62 61 61 61 59 61 63 64 62 62 59 58 59 58 58 60 59 60
    59 61 58 60 64 63 63 65 66 65 65 65 65 66 64 62 63 61 59 59 59 57 60
    59 60 62 62 62 65 67 67 66 67 64 64 63 62 62 62 63 62 63 63 63 64 64
    67 66 68 68 68 68 67 69 70 70 70 68 69 68 68 67 65 66 63 63 63 62 61
    62 62 61 63 65 64 64 64 64 67 65 65 75 116 87 83 37 45 46 32 3 27 84
    15 74 107 99 34 2 103 69 67 22 65 21 52 97 30 75 4 94 97 96 119 60 2
    109 79 95 88 89 57 59 22 62 127 23 39 125 32 18 65 51 58 17 70 26 48
    6 127 58 121 47 42 57 60 48 60 60 61 62 63 65 67 68 68 68 68 68 67
    67 67 67 66 66 64 64 62 63 62 63 62 60 59 58 57 58 59 60 61 63 62 62
    64 64 64 66 66 65 63 64 62 62 63 61 62 63 60 59 60 60 59 60 62 62 62
    60 60 63 63 62 60 60 60 61 61 63 62 64 66 66 64 66 66 66 65 66 67 67
    67 66 65 65 63 60 60 60 60 60 61 59 59 60 59 61 63 64 61 61 58 56 57
    57 57 59 58 60 59 61 59 61 64 64 64 65 65 64 65 64 64 66 66 65 65 63
    61 61 62 59 62 62 62 63 63 64 67 69 69 68 69 66 66 64 63 64 63 62 62
    62 63 62 63 63 67 66 67 66 67 66 66 67 68 68 68 66 67 66 66 65 64 64
    63 62 62 61 60 61 62 61 63 65 65 64 65 65 67 66 66 83 79 75 25 82
    103 114 47 48 19 35 69 75 127 30 92 5 15 107 39 89 127 13 11 113 121
    104 18 50 93 14 10 37 15 98 17 71 79 66 11 31 40 48 114 102 101 13 4
    97 89 66 46 21 82 71 63 61 16 64 106 33 77 67 61 100 64 64 65 65 66
    67 68 68 67 67 66 66 65 65 64 64 64 63 63 64 62 63 62 62 61 60 59 59
    58 58 59 62 62 65 64 64 66 66 66 69 69 68 66 66 63 63 63 61 62 63 60
    58 59 59 59 60 61 61 60 58 58 59 60 59 61 62 63 63 62 65 65 67 67 67
    67 69 69 68 68 68 68 67 68 67 65 64 62 60 59 58 59 58 61 58 59 60 60
    61 63 65 62 61 58 55 55 55 56 57 57 59 58 61 59 60 63 64 63 64 65 65
    65 65 66 68 68 68 68 66 65 65 65 63 64 64 64 65 65 66 69 70 70 68 69
    67 66 65 63 64 63 61 61 61 63 62 63 63 67 67 68 68 68 67 66 67 67 68
    68 66 67 65 65 65 65 64 64 63 62 61 61 62 63 63 64 65 66 66 66 67 68
    66 66 121 48 73 86 33 112 72 32 90 57 24 43 44 12 97 26 23 70 80 46
    25 123 23 125 67 11 99 67 7 23 53 58 78 98 62 88 66 43 106 94 32 82
    3 124 29 108 78 55 46 124 64 45 108 109 122 14 22 91 60 71 74 23 86
    9 57 64 64 65 64 65 65 67 67 66 66 64 64 63 63 62 61 63 61 61 63 61
    62 61 62 63 63 61 60 60 60 60 62 62 65 64 64 65 65 65 67 67 66 63 63
    62 63 62 60 62 63 60 59 60 61 62 63 63 63 63 61 62 64 65 64 64 64 64
    64 64 66 66 67 67 68 68 69 69 69 69 68 67 66 67 67 65 64 62 60 60 59
    61 60 62 60 60 61 61 62 64 65 62 61 58 55 55 54 55 57 55 59 59 62 60
    62 64 65 65 66 67 67 66 66 65 67 67 68 68 67 65 65 65 63 65 65 64 65
    65 65 68 68 67 66 67 66 65 64 63 64 63 61 63 63 64 63 63 63 67 66 66
    67 68 66 66 66 67 67 69 67 68 66 65 65 65 64 63 64 63 61 61 63 64 65
    65 66 67 68 67 69 70 68 67 69 51 126 2 121 8 53 19 64 81 88 51 99
    100 17 13 0 77 117 38 18 24 8 98 65 96 116 115 70 2 89 65 31 78 88
    100 27 41 121 51 119 21 71 86 84 40 103 26 115 72 118 12 41 75 60 53
    106 72 52 37 99 105 65 97 71 66 65 66 66 66 66 67 66 64 65 64 64 64
    63 62 62 63 62 62 65 62 63 62 62 62 62 62 60 61 60 59 62 62 64 63 64
    66 65 65 68 69 68 66 67 65 66 66 64 65 66 63 61 62 62 63 64 65 65 65
    64 65 66 68 66 64 64 63 63 64 66 67 68 68 68 68 70 69 70 70 69 68 67
    68 68 67 65 63 61 60 59 60 60 62 60 60 59 60 62 63 64 61 60 57 54 54
    53 54 55 54 57 57 61 59 61 64 64 64 64 65 65 64 64 64 66 66 66 67 67
    66 65 66 64 66 65 64 65 65 65 67 68 67 66 68 66 66 65 64 65 64 63 64
    65 66 64 64 65 67 66 66 66 67 65 66 66 67 67 68 66 67 66 65 64 64 63
    62 63 62 61 62 64 66 66 67 68 68 70 68 70 70 68 67 25 74 39 95 61 7
    72 110 74 49 60 51 103 28 17 3 109 38 0 84 94 83 119 7 33 100 74 118
    1 112 29 58 109 57 108 84 34 0 116 101 93 98 81 33 64 114 41 26 104
    31 125 125 97 46 123 99 68 113 32 47 127 48 124 84 8 67 65 65 65 66
    65 67 65 64 65 64 63 64 64 63 61 62 60 61 64 60 61 60 59 59 59 60 59
    62 60 60 64 64 68 67 67 69 69 69 71 72 72 68 68 66 67 67 66 66 66 63
    61 62 64 64 66 66 67 67 67 68 69 71 69 60 60 59 60 61 64 65 66 67 69
    69 70 70 70 70 69 68 66 68 67 65 63 61 59 59 58 60 60 61 59 59 59 60
    62 64 64 61 60 58 56 56 56 57 58 57 59 60 63 61 62 65 63 63 63 64 65
    64 64 64 66 65 66 68 68 67 67 66 64 65 65 64 65 65 65 66 67 66 65 68
    67 66 65 64 65 64 63 64 65 65 63 63 64 68 66 66 67 68 66 67 66 67 68
    68 66 67 66 65 64 64 63 62 64 63 62 63 64 65 65 66 67 67 69 66 68 69
    67 66 50 46 23 61 118 110 25 7 79 9 52 40 58 125 26 56 73 93 88 24
    26 62 6 54 99 110 17 50 120 60 117 75 27 91 40 23 51 115 63 96 86 44
    10 91 32 106 56 52 105 112 24 113 123 20 103 114 120 11 104 43 121
    37 116 112 60 67 65 66 67 67 66 68 67 66 67 65 64 64 65 62 61 63 61
    61 63 60 60 60 60 59 60 60 60 62 61 60 65 65 67 66 66 67 68 68 70 71
    71 67 66 65 68 69 66 67 67 64 63 64 66 68 68 67 68 68 69 69 69 71 69
    60 59 59 60 61 65 66 67 67 70 70 71 71 70 71 69 67 65 66 66 63 62 60
    59 59 58 61 61 61 60 60 60 61 63 63 64 60 59 58 57 56 56 57 56 55 58
    59 62 60 61 63 62 62 63 63 64 63 62 63 65 65 66 67 65 64 65 65 63 65
    64 63 63 63 63 66 66 65 63 66 65 64 64 63 63 63 61 63 64 66 64 63 65
    68 66 66 66 66 64 66 65 65 66 66 64 66 65 64 63 63 60 60 62 61 61 62
    64 64 65 67 68 68 70 68 69 69 67 66 92 78 95 86 3 28 62 38 20 29 115
    117 27 126 68 121 29 120 49 45 45 69 34 51 107 106 83 92 59 51 117
    21 74 42 21 116 74 26 56 22 25 101 89 127 43 69 106 104 2 120 48 39
    67 113 44 32 119 2 56 126 66 89 118 107 98 67 65 66 67 67 66 68 67
    67 67 66 65 65 65 63 61 63 60 61 63 60 61 60 61 60 61 62 61 63 62 62
    66 66 68 68 68 68 69 69 71 72 73 69 67 67 68 68 67 67 67 65 64 64 66
    67 68 68 68 69 70 71 70 73 71 60 59 59 59 61 66 66 67 69 71 71 72 73
    73 75 73 69 69 70 70 67 67 64 64 63 60 63 64 63 63 62 62 63 65 64 64
    61 61 60 59 57 58 59 58 56 59 60 63 61 61 62 63 62 62 61 62 61 61 62
    63 63 64 66 65 65 65 66 64 65 64 63 63 63 63 64 65 64 62 64 63 61 62
    61 60 59 59 60 62 64 62 62 64 67 65 66 66 66 65 66 64 64 66 65 63 65
    64 63 62 63 61 60 62 61 61 62 64 65 65 67 68 67 69 66 68 67 65 64 40
    105 0 9 108 83 42 36 95 125 10 75 60 52 89 52 13 42 88 74 86 61 74
    31 14 125 22 117 41 74 89 7 54 53 113 109 22 104 29 79 60 10 67 105
    2 51 65 31 100 107 4 120 39 22 58 78 25 35 117 98 31 47 95 29 61 66
    63 64 64 64 63 66 66 66 67 67 66 66 66 64 63 65 63 62 64 61 62 61 61
    60 62 63 60 62 61 60 64 64 66 66 67 65 66 68 69 70 71 67 66 66 68 69
    68 68 68 66 66 66 67 69 70 69 69 71 72 73 72 75 73 62 61 60 60 63 66
    67 67 70 72 72 72 73 73 74 74 71 71 72 72 69 68 67 66 64 63 64 66 65
    64 63 63 65 66 65 66 63 63 61 60 59 60 59 58 55 59 59 63 60 60 61 61
    61 60 60 61 60 59 60 62 62 63 64 64 64 65 66 65 67 66 64 64 65 65 66
    67 67 66 67 66 65 65 65 64 64 63 63 64 66 65 64 65 68 66 65 64 64 63
    63 60 60 61 61 58 59 59 59 59 60 58 57 59 58 59 61 65 66 65 66 68 68
    70 67 69 68 66 64 20 105 122 4 9 118 11 94 38 123 120 127 5 106 18
    43 114 95 64 93 8 118 113 113 82 90 79 71 41 95 106 103 4 59 96 58
    58 88 38 101 48 14 4 24 14 124 48 15 58 85 107 34 61 125 44 67 76
    124 64 4 109 80 64 96 80 69 66 66 66 66 64 67 68 67 69 68 66 67 66
    65 63 65 63 61 62 59 59 58 59 59 60 62 61 63 62 61 65 66 68 67 66 65
    66 66 67 68 69 66 65 64 66 67 67 66 66 65 65 66 66 69 68 68 69 69 71
    73 71 73 71 63 62 61 61 63 67 68 69 71 74 74 72 72 72 74 73 71 70 71
    71 69 67 67 67 65 63 65 67 65 65 64 65 65 67 66 66 64 63 61 61 61 62
    60 58 56 59 60 63 60 60 61 60 60 60 60 62 60 59 59 62 61 61 63 62 63
    63 64 64 66 65 64 64 65 65 67 67 66 65 65 65 65 65 64 63 62 61 61 62
    64 63 63 63 66 64 64 63 63 63 64 60 61 60 60 57 59 58 58 58 58 56 56
    57 57 58 60 63 65 66 66 67 67 70 67 69 67 66 63 27 10 20 74 31 44
    118 27 78 77 113 18 50 77 119 7 120 42 57 37 14 74 9 71 40 103 15
    125 54 67 94 108 92 23 14 36 2 73 125 68 28 52 21 42 38 54 122 49 36
    101 96 52 106 86 10 25 110 5 79 34 112 27 55 4 87 68 66 67 66 66 64
    67 68 67 68 68 66 66 65 65 63 64 62 60 61 58 57 58 59 58 59 61 60 62
    62 60 64 65 66 65 64 63 63 64 64 65 67 65 63 63 65 67 67 67 67 66 66
    67 67 69 69 69 70 69 72 73 72 74 72 62 61 60 61 62 67 66 68 70 73 74
    72 72 71 73 73 71 70 70 71 68 66 65 65 64 62 63 64 64 64 62 64 65 66
    66 66 64 63 62 62 62 63 61 59 57 59 60 63 61 61 60 60 59 58 58 61 60
    59 59 61 61 61 61 61 62 64 65 64 66 65 64 63 63 64 65 65 64 63 63 64
    63 63 63 61 62 61 60 61 62 61 60 60 63 62 62 62 63 62 63 61 60 60 60
    56 57 57 56 55 56 53 53 54 53 55 59 61 63 65 65 66 66 69 67 69 66 65
    63 45 113 99 119 6 81 3 48 95 51 4 126 75 47 69 3 120 31 38 39 75
    124 13 108 35 82 85 33 7 67 84 37 10 88 62 119 54 126 68 118 53 14
    58 60 20 94 34 69 66 12 18 112 11 102 58 23 76 24 33 102 127 74 29
    76 72 69 66 67 65 66 63 66 68 67 68 68 66 67 66 66 63 66 65 63 63 60
    60 61 60 60 61 63 62 63 63 62 64 65 65 65 63 61 61 62 62 64 65 64 63
    63 65 68 68 68 67 65 66 66 66 68 68 68 69 68 71 72 72 74 72 64 62 61
    61 63 67 67 68 70 74 74 71 71 71 74 73 70 70 70 70 67 66 66 65 64 62
    63 64 65 65 64 65 65 66 66 66 64 64 62 62 61 62 61 59 56 59 60 63 61
    60 59 59 58 58 58 61 60 59 58 60 59 61 61 61 61 63 64 64 65 65 65 65
    65 66 67 67 65 65 65 65 65 64 63 61 62 61 59 60 62 61 61 60 62 60 61
    62 62 61 63 60 59 59 59 55 57 56 54 54 55 52 51 52 51 54 57 60 61 63
    64 65 64 68 68 70 67 66 64 113 83 34 109 122 37 118 114 22 7 114 1
    55 52 27 86 71 79 86 55 46 86 124 45 117 73 75 5 102 1 96 102 57 67
    56 109 76 11 48 76 45 97 97 17 32 28 8 66 16 29 113 101 9 8 82 59 18
    3 28 112 64 106 92 29 67 66 63 63 62 62 59 63 64 63 64 64 63 64 64
    64 62 65 63 61 61 58 57 58 57 58 59 61 59 61 59 59 62 64 63 63 61 59
    59 60 60 63 64 63 62 62 64 66 67 67 66 65 66 66 65 66 67 68 69 68 71
    72 72 73 71 63 60 59 60 62 67 66 68 71 74 74 70 70 69 72 71 68 67 66
    66 64 63 64 64 64 62 63 65 66 67 65 67 67 68 68 67 67 67 66 65 64 65
    63 62 59 61 61 64 61 61 60 60 58 59 58 60 59 58 57 60 58 58 59 59 60
    62 62 62 63 63 62 63 64 64 64 65 63 64 64 65 65 65 63 61 63 63 61 61
    63 64 63 62 64 63 63 64 64 63 65 62 61 60 60 56 57 58 55 54 56 54 52
    53 53 55 59 61 61 63 64 65 64 68 66 68 65 63 61 27 78 4 65 60 29 35
    28 90 75 34 113 46 87 107 54 37 27 15 22 17 121 41 64 82 98 3 105 53
    66 64 27 99 89 125 114 92 70 69 42 42 104 53 3 6 4 96 103 52 34 97 1
    67 100 93 105 50 123 16 109 80 54 67 73 56 66 62 62 61 61 58 62 63
    63 64 64 64 66 65 65 64 67 64 62 63 59 58 59 58 58 59 61 59 61 59 59
    61 64 63 63 61 59 58 60 59 61 62 61 60 60 62 65 66 66 65 64 65 65 64
    65 66 67 67 66 69 71 72 73 71 62 60 58 60 62 66 66 67 71 74 73 69 69
    68 71 70 67 67 66 66 64 64 64 65 65 63 62 66 65 67 65 66 65 68 67 66
    66 67 65 66 65 67 65 65 62 63 64 65 62 62 60 60 59 60 57 59 57 56 56
    58 56 56 56 55 56 58 58 60 60 61 61 62 63 63 63 63 63 64 63 65 65 64
    64 63 65 66 64 64 65 66 65 64 66 65 63 64 64 64 66 63 62 61 59 56 55
    57 55 54 54 53 52 53 53 56 60 63 62 63 64 66 64 67 66 67 65 64 61 67
    36 122 48 38 111 86 61 36 46 89 89 53 38 92 21 118 33 16 64 48 123
    87 15 43 94 52 83 72 118 109 21 66 126 61 120 18 114 109 49 38 72 28
    88 13 121 105 30 115 120 18 49 0 20 60 107 13 32 76 58 126 90 91 59
    112 68 65 63 62 61 58 62 61 61 62 62 63 65 65 65 65 67 65 63 64 59
    58 59 57 57 58 59 58 60 59 59 62 64 64 63 61 60 59 60 60 62 62 60 60
    60 61 65 65 65 65 64 65 65 64 64 65 67 67 67 69 70 70 71 69 61 59 58
    60 62 66 65 67 70 73 72 68 68 68 69 69 67 67 66 66 65 65 65 65 65 64
    63 67 66 68 66 66 67 69 68 67 67 68 66 68 67 69 66 65 63 63 64 65 62
    61 60 60 57 59 58 59 57 57 57 60 58 57 57 56 57 59 58 59 60 60 59 60
    60 61 62 63 62 64 63 64 63 63 63 63 64 64 62 62 64 65 64 64 66 65 64
    64 64 65 66 63 62 61 59 56 56 58 58 56 55 55 55 55 55 58 61 64 63 63
    65 66 65 66 66 67 65 64 62 22 56 52 115 6 17 116 63 126 79 37 31 84
    28 107 39 56 73 80 14 107 42 118 56 12 9 91 9 1 36 103 80 120 122
    101 96 19 53 114 47 39 29 90 48 52 60 20 127 35 64 120 127 39 110 37
    72 62 21 119 0 20 65 99 67 6 67 65 63 61 61 59 62 63 63 65 65 65 66
    66 67 67 68 66 63 63 58 58 59 57 58 58 58 58 59 59 60 62 63 63 62 60
    60 60 60 60 62 62 61 61 60 62 65 64 64 64 63 64 63 62 62 63 65 65 66
    68 69 70 70 69 62 59 58 59 63 65 64 66 70 72 72 68 69 70 71 71 70 70
    69 68 67 65 66 65 66 64 64 67 66 68 66 67 67 70 69 68 67 67 66 68 66
    68 65 64 61 62 62 63 61 60 58 59 56 58 57 59 57 58 58 60 58 57 55 56
    56 58 57 59 59 59 58 60 60 61 62 62 62 63 60 61 62 61 62 61 64 63 61
    61 64 66 65 64 67 66 66 65 65 65 67 64 62 62 60 56 56 57 56 55 55 55
    55 55 55 57 60 63 62 62 64 66 64 65 65 65 65 64 62 67 74 20 84 39 91
    50 105 78 57 85 29 113 64 104 0 13 38 64 124 21 110 35 108 42 2 60
    85 13 67 51 125 43 48 106 79 85 89 100 39 9 4 97 126 5 63 113 117 12
    81 65 91 5 105 87 88 77 62 13 102 112 117 89 90 125 64 63 62 60 59
    57 60 61 61 63 63 64 64 65 65 66 68 66 63 63 60 60 61 60 59 59 59 58
    59 59 59 60 60 59 58 56 58 57 57 58 59 60 59 60 60 62 64 62 63 63 62
    62 61 60 60 61 63 63 63 65 66 67 67 68 62 59 58 59 63 66 64 66 70 71
    71 66 68 69 70 70 69 70 68 68 67 68 69 69 69 68 67 69 68 71 69 69 69
    71 69 69 68 68 67 69 66 68 65 64 61 62 60 62 60 59 56 59 56 58 57 58
    56 58 57 59 58 56 54 55 56 56 55 58 58 58 57 58 59 59 59 60 61 62 59
    59 60 59 60 59 62 61 60 60 62 63 63 63 65 65 65 65 66 65 67 64 63 62
    61 57 57 57 56 54 55 55 55 55 55 56 60 61 61 61 63 63 63 63 63 62 63
    62 61 123 19 103 82 114 3 72 89 104 76 110 65 119 51 53 63 82 107 4
    89 28 78 119 97 23 106 101 65 85 22 119 41 13 0 59 63 3 91 91 8 38 7
    81 55 20 92 3 76 98 88 27 36 118 62 47 119 36 87 90 96 89 108 74 38
    12 66 65 63 60 59 58 60 61 61 62 62 64 65 65 65 67 68 66 63 64 61 60
    60 58 57 57 57 57 57 58 58 59 60 60 58 58 60 59 59 60 62 62 61 63 63
    63 65 63 63 63 61 61 59 58 56 57 60 60 60 61 63 64 64 64 61 58 57 58
    61 63 62 63 67 69 68 65 67 69 70 70 70 70 69 68 68 67 68 67 68 66 64
    67 67 69 67 67 67 69 68 68 68 68 66 67 65 68 66 64 62 63 61 62 60 59
    58 60 58 59 59 60 58 61 60 62 60 58 56 58 57 57 56 59 59 61 59 61 62
    61 62 63 64 64 61 60 60 59 59 58 61 60 58 58 60 61 61 61 63 63 64 64
    65 65 67 64 64 62 61 58 58 58 57 55 56 56 56 56 56 57 60 62 61 61 62
    63 63 63 63 62 62 60 58 69 22 3 0 20 47 30 102 112 49 127 68 24 106
    95 60 61 23 22 96 4 18 7 82 76 39 61 110 56 104 39 98 66 101 57 58 3
    17 79 51 97 14 52 50 53 13 88 71 60 100 124 112 4 18 18 15 99 27 65
    6 111 100 61 78 116 68 66 64 62 60 60 61 63 62 63 63 64 66 66 65 67
    67 66 62 63 59 59 59 57 56 56 56 56 56 59 57 59 59 60 57 58 60 60 60
    60 62 62 62 64 63 65 66 64 63 61 60 60 59 57 56 57 59 59 60 62 64 65
    65 65 61 58 56 58 61 63 62 63 66 68 68 64 65 67 67 67 68 68 68 65 65
    65 66 66 67 65 64 65 66 67 66 65 65 66 65 65 65 65 64 65 64 66 65 64
    63 64 62 63 63 62 60 61 58 60 61 61 60 61 60 61 59 58 55 57 55 54 53
    56 57 58 56 58 59 59 61 62 64 65 62 61 61 60 61 60 63 61 60 59 60 62
    62 61 63 63 64 64 66 66 67 64 64 62 61 59 59 60 58 56 56 56 58 56 58
    58 60 61 59 60 61 62 62 61 62 60 61 60 58 91 106 105 24 85 127 46
    106 93 3 93 60 79 15 119 75 68 88 62 91 72 102 46 96 23 2 54 37 61
    57 89 127 24 97 104 113 74 42 7 30 35 120 3 23 51 32 5 120 84 91 32
    19 43 65 90 97 37 111 123 121 37 85 125 48 43 68 67 65 63 61 61 62
    61 61 61 61 63 64 64 63 65 67 65 62 63 60 60 60 58 57 57 56 57 58 60
    59 60 60 60 59 59 63 64 63 62 64 63 63 65 64 65 66 63 62 61 60 59 59
    58 56 57 60 60 61 62 64 65 65 65 59 56 56 57 60 62 61 61 64 66 68 64
    66 67 67 68 67 68 68 67 66 65 65 65 66 64 63 64 66 67 66 65 64 66 65
    65 65 64 63 64 62 64 63 63 63 63 61 63 64 62 59 62 59 62 63 63 61 64
    62 62 61 60 57 57 56 55 54 56 56 57 56 57 58 57 59 59 61 62 60 58 59
    58 60 59 61 59 58 57 58 59 59 60 61 60 62 63 65 67 69 68 67 66 65 63
    64 63 61 59 57 56 57 57 59 59 60 60 58 60 61 62 63 62 62 61 61 60 60
    87 24 54 94 100 17 58 1 63 26 44 85 46 110 22 18 43 26 55 125 112 18
    59 42 91 29 62 34 126 91 109 2 97 121 15 55 71 125 100 124 41 25 57
    15 8 78 72 16 83 89 60 77 13 38 30 83 119 57 121 40 22 13 88 50 5 66
    65 63 61 60 60 61 60 61 62 62 64 66 66 65 68 70 67 66 66 64 63 63 61
    58 58 57 57 59 60 59 61 61 61 60 62 65 65 64 63 64 64 64 66 64 65 65
    63 62 62 61 60 60 58 56 57 59 59 61 61 63 64 65 64 57 54 52 53 57 58
    58 60 63 65 67 65 67 70 70 71 71 71 71 69 68 66 66 66 66 64 63 63 65
    66 65 63 63 65 64 65 64 64 64 65 63 65 64 63 64 64 62 64 64 61 58 61
    59 62 63 61 59 61 59 61 60 60 57 58 56 55 54 56 57 58 56 56 57 56 58
    58 59 60 58 57 58 58 60 60 62 60 60 59 60 61 60 60 60 60 60 61 64 64
    66 66 65 65 64 62 62 62 60 59 57 56 56 57 58 58 59 60 57 58 60 61 62
    61 62 60 61 61 61 24 46 111 17 127 12 97 115 110 112 105 104 66 86
    91 38 9 53 6 99 114 94 123 124 71 75 113 86 26 87 58 46 26 111 125
    114 81 0 69 79 112 56 119 98 85 47 14 81 18 70 103 54 62 79 74 64 26
    105 98 82 18 63 91 14 29 67 67 65 63 60 61 61 60 60 60 60 63 64 64
    63 66 67 64 64 64 62 61 61 59 58 58 57 57 58 60 58 60 61 62 60 62 65
    66 66 66 66 66 65 67 64 67 66 62 62 61 60 61 61 59 58 60 61 61 64 64
    65 66 67 66 57 54 53 55 57 58 59 59 61 63 64 63 66 69 69 70 70 70 69
    67 67 66 66 66 66 64 63 64 65 66 66 64 64 66 65 65 65 65 65 65 63 64
    63 62 63 63 62 63 63 60 59 61 60 62 64 61 59 60 59 61 60 58 57 57 57
    57 56 57 58 58 56 57 58 57 59 59 60 61 60 58 60 60 63 63 64 61 61 60
    62 64 62 62 61 60 61 63 64 65 66 65 64 65 64 63 63 63 62 61 58 57 58
    58 60 59 59 61 58 57 59 60 62 60 61 58 60 60 60 32 7 103 52 9 11 2
    14 21 8 51 75 60 3 13 47 84 25 67 47 78 64 109 101 2 15 73 72 49 116
    51 105 6 87 62 5 77 79 102 17 98 103 127 123 11 92 119 64 12 39 85
    112 120 115 4 72 115 106 105 28 80 70 112 113 78 66 66 64 63 61 62
    62 60 60 60 60 62 62 62 60 64 64 62 61 63 61 60 60 59 57 57 56 56 57
    59 57 60 60 62 60 63 67 67 66 67 66 66 65 67 64 66 64 60 60 61 60 61
    61 60 59 61 62 63 66 65 66 67 68 67 57 54 54 55 57 57 59 60 61 62 64
    62 64 67 66 68 68 68 69 67 67 66 66 67 66 64 63 63 64 64 63 63 63 65
    64 65 66 65 65 65 64 65 64 63 64 64 62 62 63 60 61 63 63 64 66 63 61
    63 63 64 63 61 60 59 59 57 56 57 58 57 54 54 55 54 56 55 57 59 58 58
    59 61 64 64 64 63 63 63 64 65 63 63 62 61 63 63 65 66 67 65 64 65 65
    64 63 64 63 62 60 58 60 60 63 61 61 63 60 60 61 62 64 62 62 59 61 61
    61 2 39 41 4 0 70 65 94 2 34 44 97 65 121 101 52 16 49 75 77 39 47
    73 12 27 21 74 40 81 80 25 31 109 52 18 21 120 25 23 123 77 101 105
    40 24 24 81 36 65 86 75 114 48 43 127 115 98 39 81 119 118 91 55 110
    0 68 68 68 67 64 66 65 63 62 62 62 63 63 63 61 64 64 63 62 64 62 60
    61 60 59 58 56 57 58 61 58 60 61 63 60 63 67 67 67 67 66 66 65 67 64
    67 64 61 61 62 61 62 63 62 61 62 62 64 67 66 67 68 69 68 58 55 55 56
    57 57 59 59 60 62 64 62 65 67 67 69 70 71 72 70 70 68 68 68 67 64 62
    62 61 61 61 60 59 61 62 64 63 63 64 64 62 63 62 61 62 63 61 63 64 61
    61 64 64 65 67 65 63 63 63 64 62 62 60 60 60 59 57 59 59 57 56 56 56
    55 57 56 57 58 56 57 58 58 61 61 61 59 61 61 63 64 61 61 60 59 61 61
    62 62 64 62 62 63 63 62 63 62 63 63 61 59 60 61 63 62 62 63 61 60 61
    61 63 62 62 59 61 61 62 103 88 45 30 120 96 19 57 119 52 14 42 65 21
    123 66 114 63 79 63 50 117 125 62 55 125 30 75 87 45 113 51 113 45
    49 0 28 11 84 17 33 69 122 92 66 126 65 63 11 123 114 85 117 44 81
    31 77 39 0 57 43 52 10 98 40 66 67 66 65 63 64 63 61 62 61 62 62 62
    62 60 63 64 63 63 64 63 61 62 61 60 59 57 57 58 62 59 61 62 62 61 63
    66 68 68 68 67 67 67 68 66 68 64 61 60 61 61 61 63 62 60 61 62 64 68
    67 67 68 67 66 60 58 57 58 58 58 59 59 59 60 62 62 64 66 66 68 69 70
    71 70 70 69 68 68 68 65 64 63 63 63 63 62 62 64 64 67 66 66 67 66 64
    64 63 61 62 62 59 62 64 61 62 64 65 64 67 67 65 66 65 66 63 63 63 63
    64 62 60 61 61 60 59 59 58 58 58 57 58 58 57 56 57 57 60 59 59 59 60
    60 63 63 61 61 60 59 62 61 61 62 64 63 62 63 63 63 64 62 63 63 61 60
    60 60 63 62 61 62 60 60 61 60 62 61 61 57 59 60 61 68 118 54 18 121
    8 1 120 117 58 19 72 72 17 88 66 93 26 56 109 54 60 32 125 90 83 21
    51 76 65 13 106 58 68 56 126 29 83 101 99 3 53 34 23 11 54 76 72 117
    92 50 119 34 23 31 0 103 90 34 82 120 80 96 7 48 62 62 62 62 60 61
    61 60 62 62 63 63 64 62 61 64 64 64 63 63 64 62 64 62 62 61 60 59 60
    62 61 61 62 63 62 66 68 69 69 68 68 68 68 69 67 68 63 60 60 59 59 60
    60 60 58 58 59 61 65 64 65 66 65 65 61 59 59 60 59 58 59 59 59 61 62
    62 65 66 66 68 70 71 72 71 70 69 69 69 68 65 63 62 62 62 62 61 61 61
    63 66 66 65 67 65 64 64 64 63 63 63 60 62 64 61 62 64 64 63 65 65 64
    65 64 64 62 63 62 62 64 62 61 61 62 62 61 61 61 60 61 59 59 59 58 57
    58 57 60 59 59 59 60 61 62 63 62 62 62 60 63 62 62 62 62 62 60 61 60
    60 61 58 60 60 59 59 57 59 62 61 60 62 60 61 60 60 62 62 60 57 59 59
    60 99 63 106 107 19 43 43 63 13 100 0 97 104 102 96 54 61 80 88 84
    86 24 106 34 34 74 48 35 1 125 120 1 13 26 61 82 111 30 22 90 113 92
    87 21 86 61 37 73 44 72 94 12 59 56 48 104 81 106 91 24 34 79 116
    112 58 64 64 63 63 60 61 60 60 62 61 62 62 63 62 61 64 65 65 65 65
    66 64 65 62 62 62 60 59 61 62 60 61 63 64 64 66 67 70 70 68 68 69 67
    68 66 67 63 61 60 60 61 61 62 61 59 60 61 63 65 63 63 64 63 62 57 55
    56 58 57 57 58 57 57 60 60 61 63 64 63 65 66 68 70 70 70 70 70 70 69
    66 65 64 64 63 63 62 62 62 64 67 68 68 70 69 68 68 68 66 66 66 64 65
    66 63 64 65 66 64 66 65 64 64 63 63 62 62 62 60 61 61 60 60 61 61 60
    61 61 61 61 59 59 58 58 58 58 58 60 59 58 59 61 61 63 65 63 62 61 59
    62 61 61 61 61 60 59 60 59 59 59 57 59 60 59 58 57 58 62 62 60 61 60
    60 59 59 62 62 62 58 59 61 63 58 18 24 125 121 99 21 31 53 47 52 73
    108 24 72 58 30 24 115 18 86 34 84 116 97 73 31 27 98 48 125 118 109
    34 87 74 104 79 71 111 107 68 96 85 6 2 67 27 111 34 125 111 40 66
    66 119 85 98 37 109 122 105 18 109 68 66 65 65 65 62 63 64 63 65 64
    65 65 65 64 63 65 64 65 64 64 66 63 64 61 62 62 60 61 62 64 63 65 66
    68 69 72 71 74 75 72 72 71 69 70 67 67 63 62 61 60 61 62 63 63 61 62
    64 64 67 65 65 66 65 63 59 58 58 59 58 57 58 56 56 59 60 60 62 63 62
    63 64 66 68 67 67 67 68 68 65 64 63 63 63 62 62 61 61 61 63 66 67 67
    69 68 66 67 67 65 65 65 63 65 65 63 64 64 65 63 66 64 64 63 63 63 62
    61 62 60 62 62 61 60 59 60 59 60 61 61 62 60 59 60 60 60 60 60 62 60
    59 60 61 61 63 65 63 63 61 60 62 62 62 63 62 62 60 61 60 62 61 60 62
    63 61 60 59 61 64 64 62 64 62 62 61 62 65 65 65 62 63 65 66 17 49 93
    123 116 2 100 26 12 21 41 90 124 2 120 112 58 94 55 93 56 55 117 17
    122 40 73 84 88 40 45 29 94 85 65 30 94 126 79 115 122 95 19 56 45
    25 51 114 100 41 48 112 94 49 107 32 2 60 101 122 84 51 104 98 91 65
    64 64 62 61 62 63 62 63 63 64 64 63 62 62 64 64 64 64 65 66 64 65 63
    64 64 62 63 65 66 65 67 67 69 70 73 72 74 74 71 70 69 67 68 65 65 61
    61 60 60 62 62 64 64 63 64 66 67 70 68 69 70 69 68 60 59 60 61 60 60
    60 59 59 61 62 62 62 63 61 62 63 66 68 67 67 68 69 69 67 67 67 66 66
    66 65 65 64 64 66 69 69 69 72 70 68 69 67 66 65 65 63 64 64 61 61 62
    61 61 63 63 61 61 60 60 59 58 59 58 60 60 60 58 58 58 58 59 61 61 61
    59 58 59 59 61 62 62 62 62 60 62 63 63 65 68 64 64 63 63 64 64 63 64
    63 62 60 62 62 62 61 60 61 62 61 60 60 62 65 64 62 64 63 62 61 61 64
    64 63 61 63 65 67 65 17 12 67 84 78 82 17 22 123 95 9 46 87 10 117
    45 52 38 32 64 70 15 59 53 68 81 77 96 71 52 31 15 22 91 71 48 63 91
    55 119 65 29 70 109 82 31 126 82 96 6 43 19 66 76 100 119 19 9 62
    113 83 63 53 79 64 63 64 63 61 61 61 60 62 61 63 63 63 61 62 65 65
    64 66 66 68 65 65 63 63 63 61 62 64 64 63 65 67 68 70 72 71 72 72 69
    69 67 64 65 63 61 58 58 59 60 62 62 64 63 62 63 65 66 67 65 66 67 66
    64 58 57 59 60 60 59 59 59 59 60 61 62 63 64 62 62 63 66 68 68 67 69
    69 68 65 65 65 65 64 64 62 64 62 64 67 70 71 72 73 72 69 71 69 67 67
    67 64 65 64 62 62 62 62 60 62 63 60 60 60 60 60 60 60 59 63 64 63 61
    61 62 62 63 64 65 64 61 59 60 60 61 61 60 60 60 59 62 63 63 65 68 65
    64 65 64 64 64 63 64 64 62 59 61 61 61 60 58 60 62 61 59 59 62 65 64
    63 64 64 63 62 62 66 66 65 63 65 67 69 12 9 92 33 68 62 101 54 21 34
    30 26 30 54 28 105 86 18 15 31 23 43 18 101 22 48 71 40 77 127 82 83
    81 43 118 59 6 22 75 22 68 97 22 98 78 49 36 3 109 96 107 93 74 111
    127 52 48 62 4 25 41 18 29 68 63 67 65 67 65 64 64 65 64 66 65 65 66
    66 63 64 67 66 65 66 66 68 65 65 63 65 64 62 64 65 66 64 67 68 70 71
    72 71 72 72 70 70 70 66 68 66 64 62 62 62 62 64 64 66 65 63 64 66 66
    66 64 65 66 64 63 57 57 58 59 59 60 61 61 62 62 61 63 64 64 61 62 63
    64 65 65 65 68 68 68 66 66 65 64 64 64 63 65 63 64 66 69 70 72 74 72
    70 72 70 69 69 68 66 66 64 61 61 61 60 58 59 60 58 58 58 59 59 59 60
    60 64 64 65 64 63 63 63 64 65 66 65 62 60 59 59 60 61 59 58 58 57 60
    61 62 66 69 66 65 65 66 66 65 63 64 64 62 59 60 60 60 58 58 60 62 61
    60 60 63 66 65 64 66 65 63 62 62 64 63 62 60 62 64 65 56 47 94 3 51
    122 75 124 92 68 92 91 117 119 3 71 85 107 60 106 48 29 39 60 114 5
    43 70 113 54 90 2 109 18 13 24 33 10 98 84 127 24 3 17 45 35 3 11
    113 126 2 70 38 21 32 6 3 24 127 59 123 46 110 79 92 67 66 67 65 64
    65 65 65 67 65 66 66 65 63 64 66 64 64 63 64 66 64 63 62 64 65 62 63
    64 65 64 65 66 68 69 69 69 71 71 69 70 70 66 67 66 63 61 62 61 60 62
    62 64 65 63 65 67 67 67 65 67 68 66 66 58 58 59 60 61 61 61 61 61 60
    60 61 62 61 58 58 59 61 62 62 62 66 66 65 65 64 64 63 62 63 62 65 62
    63 65 68 70 71 73 71 70 72 69 69 69 69 68 67 67 65 66 65 64 61 63 64
    63 62 62 62 61 60 61 60 63 63 63 62 61 61 63 64 66 67 66 63 62 61 60
    62 62 59 59 58 58 60 61 61 64 68 65 65 67 68 68 68 66 67 68 66 62 64
    64 63 61 61 64 64 65 63 64 66 68 68 67 68 67 64 63 61 62 62 61 59 61
    62 64 117 108 72 104 127 45 111 99 86 17 39 77 100 117 39 102 124 2
    126 124 113 68 76 4 27 65 122 118 123 19 118 112 30 102 111 34 60 83
    121 42 3 29 108 35 88 116 90 102 90 20 13 53 102 50 118 86 109 61 93
    86 112 73 99 74 16 63 62 62 61 61 62 64 65 67 66 66 66 67 66 65 68
    67 66 65 66 68 67 66 63 65 67 63 66 67 67 65 67 68 69 71 71 68 70 69
    67 68 67 64 65 64 62 61 62 61 61 63 63 63 64 62 63 66 65 64 63 64 66
    63 63 57 57 59 60 62 62 61 61 62 63 62 62 63 61 59 58 57 60 62 62 62
    66 67 66 66 66 66 65 63 63 63 65 63 63 65 68 68 70 73 72 70 71 70 70
    70 70 68 69 68 66 66 65 65 62 63 66 63 62 63 63 61 60 62 61 63 62 61
    61 61 62 64 66 67 69 67 64 64 61 60 62 60 57 56 56 55 58 60 60 63 67
    64 66 67 67 68 66 65 65 66 64 60 62 61 61 60 60 63 63 64 63 63 66 67
    67 68 68 67 65 64 62 63 64 63 62 63 64 65 123 90 115 21 42 53 103 17
    76 1 109 67 59 110 45 25 21 108 0 60 52 54 97 11 18 52 19 77 92 79
    44 9 54 11 114 30 17 5 48 55 127 125 97 91 37 47 28 106 19 14 95 35
    8 44 17 60 84 73 37 85 98 91 64 22 32 63 62 62 62 62 62 65 66 67 67
    66 66 67 67 67 69 68 67 66 67 68 68 66 64 65 67 64 66 67 68 66 68 68
    70 70 71 68 70 68 66 68 67 63 64 64 62 61 62 61 61 62 61 62 62 61 62
    64 64 65 64 65 67 66 65 56 56 57 60 62 62 60 60 62 62 61 61 63 62 59
    57 56 59 60 60 60 64 66 65 64 65 64 64 63 63 62 65 62 63 65 68 68 71
    73 73 71 73 71 71 70 70 69 69 68 66 66 66 64 63 65 66 65 64 64 63 61
    61 62 62 64 63 63 63 63 64 66 68 68 70 69 65 65 62 60 62 61 58 57 58
    58 59 62 60 63 68 65 66 68 68 67 65 64 64 66 65 61 63 62 61 60 60 63
    65 65 64 64 66 66 67 68 67 66 64 62 61 62 62 61 61 61 61 63 33 36 76
    124 45 17 34 29 49 30 70 63 99 120 58 74 121 16 16 77 38 26 111 107
    104 45 36 53 126 93 108 5 96 76 67 54 105 59 45 36 69 15 106 68 124
    15 83 62 80 63 73 95 41 84 41 2 6 3 71 9 102 3 59 57 71 64 64 64 63
    64 63 65 66 68 66 65 66 66 66 66 68 69 66 65 65 68 68 67 65 66 67 64
    66 67 67 66 67 67 68 69 69 67 69 68 66 69 68 64 65 64 62 61 62 61 60
    61 60 61 61 60 61 63 62 63 62 63 65 63 63 55 56 57 60 61 61 59 60 60
    60 59 61 62 62 58 57 55 59 59 60 60 64 64 64 63 65 65 65 64 64 64 66
    65 66 67 70 70 72 75 75 72 73 71 71 70 70 69 68 66 65 65 65 65 64 66
    67 65 64 63 63 62 61 61 60 62 60 61 60 61 63 65 67 68 69 68 64 66 64
    63 63 62 59 58 59 58 59 61 59 62 66 63 65 67 66 66 64 64 65 66 64 61
    64 62 60 60 61 63 64 64 64 64 66 66 66 67 66 64 62 62 61 62 61 61 62
    62 62 64 99 78 15 100 102 104 112 28 60 114 50 24 88 112 79 26 2 123
    1 10 64 9 39 119 5 2 19 66 0 2 113 102 87 12 25 68 26 74 82 96 72 52
    1 22 62 39 53 106 93 32 89 1 86 54 127 123 97 95 20 104 89 90 112 13
    121 64 63 65 64 64 64 67 69 70 68 66 67 67 66 66 68 68 64 62 63 66
    66 64 63 63 65 63 65 66 66 64 66 67 67 67 67 66 68 67 65 68 68 63 65
    64 62 63 64 62 62 63 63 62 63 62 64 66 64 64 63 64 65 64 64 54 55 55
    58 60 60 58 60 62 62 61 62 63 63 59 57 56 59 60 59 60 62 63 63 62 64
    65 65 63 63 63 64 63 63 64 66 67 69 72 73 70 72 70 71 71 71 70 69 68
    66 66 66 65 66 67 67 64 63 61 61 60 59 59 57 59 57 58 59 59 61 63 65
    66 67 67 63 64 63 61 62 62 60 59 59 59 59 61 59 61 65 62 63 65 65 65
    64 65 65 66 65 63 65 65 62 62 63 65 65 66 65 66 68 67 67 69 67 65 63
    62 62 62 61 62 62 62 62 65 36 41 91 35 41 79 106 53 67 40 86 89 66
    96 93 5 42 122 64 127 72 26 105 46 115 118 94 45 124 62 31 91 54 118
    55 35 104 34 41 69 44 30 41 44 63 75 94 70 50 51 74 19 116 59 57 64
    94 8 26 57 105 87 74 92 11 66 66 67 67 67 65 68 69 70 70 68 68 67 66
    65 67 67 63 61 63 64 63 61 61 61 62 60 63 64 64 61 64 65 65 66 65 65
    67 66 65 68 69 65 66 66 64 66 66 65 65 66 65 65 65 64 66 68 65 65 63
    64 66 64 64 52 52 53 56 58 59 58 61 62 63 62 63 64 64 60 58 57 58 58
    58 59 61 62 62 62 63 65 65 64 64 64 65 64 65 66 68 69 70 73 73 71 72
    69 69 69 69 69 68 67 64 66 66 66 67 68 68 66 64 62 61 62 59 59 58 58
    57 57 58 58 59 61 64 64 66 65 61 63 62 60 61 61 59 57 58 59 59 60 58
    60 65 62 62 65 65 64 64 65 67 69 67 64 66 65 63 62 63 65 64 65 64 65
    67 66 67 69 67 66 64 64 63 64 63 63 64 63 63 66 25 99 113 102 45 3
    66 76 81 114 14 23 75 64 90 55 115 84 53 83 11 22 93 115 46 93 14
    102 48 48 127 78 123 115 52 82 122 12 102 122 90 12 99 29 51 34 28
    37 102 105 96 122 54 29 25 117 72 57 65 113 60 21 29 34 10 66 66 67
    67 67 66 70 70 70 70 68 69 68 66 65 65 66 61 60 62 63 62 60 60 61 62
    60 62 63 63 59 62 63 63 64 64 64 65 65 64 67 68 63 65 65 63 65 65 65
    64 65 64 64 65 63 65 67 65 65 64 66 67 66 66 54 55 56 59 61 61 61 64
    65 64 63 64 64 64 60 59 57 57 56 56 56 58 60 61 60 62 63 63 64 65 65
    67 66 66 67 68 67 68 70 70 68 69 67 68 68 68 68 68 67 66 68 68 67 68
    70 70 68 66 63 63 62 60 59 58 58 55 55 56 56 58 61 63 63 65 65 62 65
    64 62 64 65 61 59 60 60 59 60 57 58 62 60 60 63 63 62 62 64 65 68 67
    65 65 64 62 63 64 64 64 65 64 65 66 66 67 69 67 66 65 64 64 64 61 62
    62 63 62 64 107 108 39 94 92 95 8 104 14 107 34 64 60 119 18 35 7 53
    70 57 106 11 27 86 114 33 24 9 127 31 68 123 114 43 59 26 30 35 5 83
    70 102 27 63 116 52 87 96 117 56 28 39 80 26 71 62 59 79 99 91 4 100
    19 11 85 66 65 67 67 67 66 70 69 69 68 66 66 66 63 62 64 65 61 60 61
    62 61 60 61 62 63 61 61 62 63 59 62 64 63 63 63 63 64 64 63 65 66 62
    62 63 61 63 64 64 64 64 64 64 65 63 66 68 67 66 66 67 70 68 69 55 57
    57 59 62 62 62 64 65 64 62 64 63 64 60 58 57 57 56 56 56 59 60 61 61
    62 62 63 64 64 65 67 66 65 66 68 68 69 71 70 68 70 67 69 69 69 69 69
    69 67 69 70 69 70 71 70 69 67 64 63 63 61 60 58 58 55 55 57 57 59 63
    65 63 65 66 64 67 66 62 64 64 60 59 61 62 60 61 58 60 64 62 61 63 63
    61 60 61 63 64 63 61 62 62 59 61 63 63 62 63 63 64 64 65 65 68 65 64
    63 64 63 63 61 61 60 61 61 63 12 79 1 64 94 38 61 67 11 72 8 2 46 43
    110 57 11 46 107 7 23 4 21 17 65 111 23 105 100 19 55 106 104 72 89
    35 49 5 48 93 53 101 61 77 73 43 32 2 17 43 10 80 82 114 75 34 100
    93 42 53 25 99 35 114 113 65 65 67 67 67 65 69 69 71 69 67 67 66 64
    63 64 65 60 59 58 60 58 58 59 61 61 59 59 60 62 59 61 64 62 63 62 63
    64 64 63 64 66 62 62 63 61 63 63 63 63 63 63 63 64 63 65 67 66 65 66
    68 70 69 69 56 58 57 59 61 61 62 65 65 63 60 63 63 63 61 59 58 56 55
    55 56 58 59 60 60 60 61 62 64 64 65 68 67 66 67 68 69 69 71 70 68 68
    66 68 70 68 67 68 68 67 69 70 70 70 70 69 69 67 64 63 62 60 59 57 56
    54 54 56 57 58 61 63 61 63 64 62 66 65 62 63 63 60 59 63 63 61 62 59
    60 63 61 60 62 60 58 57 59 60 62 61 60 61 61 59 62 63 63 61 63 63 63
    63 63 65 67 64 63 62 64 63 63 62 62 62 62 61 64 111 56 12 34 69 17
    106 93 43 28 87 21 70 29 40 22 56 25 37 71 30 48 73 70 67 59 123 102
    15 3 102 27 24 46 110 85 72 80 27 91 119 48 127 70 54 65 42 76 67 71
    42 31 77 47 96 104 125 76 56 32 70 16 18 115 40 65 65 66 65 66 64 68
    67 69 69 67 65 64 62 62 63 63 59 58 58 58 58 58 59 61 61 60 59 61 61
    59 61 64 62 63 62 62 63 64 63 65 66 63 62 62 62 62 62 62 62 61 62 62
    62 62 65 67 66 66 67 69 71 71 71 57 58 58 60 61 61 61 64 64 63 60 62
    62 61 59 58 57 55 54 54 55 56 57 60 60 60 61 63 65 65 67 68 67 66 66
    67 67 68 70 69 66 66 64 67 69 67 67 67 67 66 69 70 70 71 70 68 68 66
    64 63 62 59 58 56 55 52 52 53 54 55 57 59 57 59 60 60 63 63 62 62 63
    61 60 63 63 61 61 59 59 62 61 59 60 59 58 57 60 60 63 63 62 63 63 62
    65 65 66 64 66 65 64 64 63 65 67 63 63 61 63 62 62 61 61 61 61 59 62
    94 28 15 91 100 39 30 38 8 55 115 62 73 18 87 106 45 5 127 76 64 31
    117 2 17 72 55 12 91 35 61 68 9 116 110 100 49 80 51 39 92 120 40 26
    69 3 99 13 101 52 80 92 68 88 114 63 47 26 118 33 13 100 42 127 126
    62 63 64 64 65 64 68 68 70 69 67 66 64 63 62 63 64 59 58 58 58 57 58
    59 60 60 59 57 60 59 57 60 62 60 60 60 60 61 62 60 62 64 60 59 60 61
    61 61 61 61 61 61 61 61 62 64 66 66 65 66 68 71 72 72 61 63 62 64 63
    62 62 63 63 62 60 60 59 60 58 56 57 56 55 55 55 55 57 60 59 59 60 63
    64 64 66 68 67 66 67 69 68 69 69 68 66 65 65 67 68 66 66 66 67 65 68
    69 69 70 69 69 68 65 64 62 62 58 56 54 53 50 49 50 52 53 55 56 55 57
    58 58 61 63 61 61 63 61 61 63 64 62 62 61 60 62 61 59 60 58 57 56 58
    58 61 61 61 62 62 62 64 65 64 62 66 64 64 62 61 62 64 61 61 60 62 61
    62 61 62 61 61 59 62 49 35 105 24 42 115 113 116 62 71 39 48 39 85
    15 55 82 103 8 86 23 9 124 92 119 50 41 66 20 90 57 68 62 93 117 63
    46 23 64 65 11 32 9 45 52 92 60 74 15 79 120 127 44 99 33 107 109 81
    51 24 127 56 106 42 35 61 62 63 63 64 64 67 67 69 69 66 65 64 63 63
    63 64 60 59 59 58 57 58 59 59 59 59 57 60 60 58 61 64 62 61 62 62 62
    63 60 62 63 60 59 61 62 61 61 61 61 60 60 60 59 60 62 64 64 63 64 66
    69 70 69 61 63 62 64 65 64 63 64 65 63 62 62 60 60 58 56 56 56 56 56
    58 57 59 62 61 61 63 64 66 64 65 65 64 64 65 66 66 66 67 66 64 64 64
    67 67 65 65 65 66 64 66 68 67 69 68 67 67 65 63 62 61 58 57 55 53 50
    50 51 53 53 55 57 55 57 58 58 61 62 61 60 63 60 60 62 63 63 62 61 61
    62 62 59 60 58 57 56 58 58 60 60 61 61 61 62 65 64 65 63 65 64 62 62
    60 60 62 59 59 59 62 61 62 62 62 62 61 60 62 98 68 112 75 86 36 51
    104 65 111 48 49 63 85 43 54 81 121 1 63 126 112 116 69 0 66 41 113
    86 96 29 15 96 52 35 56 117 0 28 23 126 96 1 29 3 121 124 102 121 52
    34 108 66 3 32 70 70 17 78 100 98 31 122 33 52 64 65 66 65 66 65 67
    66 68 69 68 66 65 64 66 65 66 63 62 62 61 59 59 61 61 60 59 58 61 61
    60 61 63 61 61 61 62 62 64 61 63 63 60 60 61 63 61 62 61 60 59 59 60
    60 61 64 66 67 65 65 69 73 73 72 60 63 62 64 64 64 63 65 65 64 62 63
    60 60 58 57 58 58 57 57 58 57 60 62 62 61 62 63 64 65 66 67 65 65 66
    66 66 66 66 65 62 63 63 65 65 64 64 65 66 65 67 69 68 70 70 69 68 67
    64 64 62 60 59 56 54 51 51 51 52 52 53 54 53 54 55 56 59 60 59 59 62
    60 60 62 64 65 64 63 62 64 64 60 61 59 58 56 57 57 60 60 61 61 63 63
    66 65 65 63 66 64 63 62 62 61 62 59 61 61 64 64 64 63 63 62 62 60 62
    35 27 94 104 125 8 121 93 53 45 127 63 20 122 117 73 12 111 125 25
    66 74 35 61 25 22 96 42 19 41 94 102 2 35 81 27 86 84 115 103 5 60
    102 2 35 107 97 85 112 44 0 29 121 49 58 21 6 19 83 12 3 82 87 83
    111 64 65 66 64 66 64 66 65 67 67 67 66 64 64 67 66 66 63 62 62 61
    59 59 61 60 59 58 57 62 62 60 61 62 60 59 60 60 61 62 60 61 61 60 61
    61 62 61 62 61 61 61 62 63 63 63 66 68 68 66 66 69 72 72 71 60 64 63
    65 63 64 64 65 65 63 62 64 61 61 61 60 61 61 60 59 60 59 61 62 62 60
    62 62 63 64 65 65 64 64 64 64 65 65 65 63 62 63 62 64 65 64 64 65 65
    64 67 68 66 67 67 65 64 64 61 61 59 57 55 53 50 49 49 49 50 50 51 54
    53 54 54 56 57 59 58 57 60 58 58 60 62 63 62 62 61 63 64 60 60 58 57
    55 58 57 59 58 60 60 62 63 65 65 64 61 64 63 62 61 61 59 60 58 59 60
    63 64 64 65 64 63 63 62 63 111 12 6 42 8 50 118 6 55 81 97 83 97 48
    48 79 45 4 113 103 31 96 22 74 18 87 123 36 52 56 21 23 39 111 62 42
    112 77 100 9 121 29 49 0 67 70 5 85 34 105 64 96 49 108 46 113 7 8 8
    90 125 35 102 5 73 63 63 64 63 64 63 65 65 67 68 68 67 65 65 68 67
    67 64 63 64 63 60 61 63 62 60 59 59 63 63 61 61 61 59 59 61 60 61 61
    58 59 59 60 61 61 63 61 63 62 62 62 62 63 64 64 67 69 69 68 69 72 75
    76 75 61 64 64 65 65 64 64 64 65 63 63 64 62 62 63 61 62 62 61 59 60
    59 61 62 62 60 62 61 63 65 65 66 64 63 63 62 62 63 63 61 59 62 61 63
    64 64 64 65 66 66 68 69 67 68 68 67 66 66 63 63 60 58 56 54 51 50 49
    50 49 49 50 52 52 53 53 56 57 59 57 57 61 59 60 62 64 65 65 65 65 66
    67 64 62 61 60 58 59 57 59 58 61 59 61 64 66 65 63 61 64 63 62 61 62
    61 61 59 60 61 64 65 65 65 64 63 63 62 63 60 47 28 77 97 44 20 38
    126 73 75 74 61 63 107 75 89 104 105 44 112 67 88 0 99 42 41 32 99
    90 5 81 33 86 86 2 58 53 48 70 45 12 84 123 119 40 119 127 41 92 79
    114 21 38 70 86 124 120 27 38 18 31 10 13 63 64 63 63 61 64 63 65 64
    66 68 67 65 64 65 68 66 66 63 64 64 62 61 63 64 63 61 60 60 65 64 63
    63 62 60 60 63 61 62 62 59 59 60 60 62 61 62 60 62 61 61 60 60 60 61
    62 65 67 69 67 68 72 74 76 77 62 64 64 65 64 64 63 64 63 62 62 62 61
    61 62 61 62 63 61 60 61 60 63 64 65 62 62 61 64 65 65 67 65 64 63 62
    63 63 62 60 59 62 61 63 63 63 62 64 65 65 66 67 65 65 65 64 64 64 63
    62 60 58 57 55 52 50 50 50 50 50 50 52 52 53 53 57 57 59 58 57 60 60
    60 61 63 65 64 65 65 67 69 66 64 63 62 60 62 60 61 59 60 59 61 64 64
    63 61 58 61 60 58 58 59 59 58 57 58 60 63 63 64 64 63 63 62 62 62 43
    25 54 4 8 52 81 43 31 20 88 47 18 123 123 60 80 82 120 90 112 92 96
    67 11 126 74 2 116 90 95 115 86 32 126 60 108 67 21 90 46 47 37 98
    86 59 54 7 81 25 56 43 118 66 105 77 77 121 25 98 17 117 12 26 5 66
    65 64 63 66 65 68 66 67 68 67 64 63 64 67 67 66 64 65 65 63 61 64 66
    65 63 61 62 66 66 65 63 63 61 61 63 60 61 60 56 57 56 57 59 59 60 58
    61 59 60 59 59 59 60 62 63 65 67 64 66 69 71 74 75 63 66 65 65 64 64
    63 63 63 60 60 60 59 59 61 59 61 62 61 60 63 61 64 65 66 63 63 63 64
    66 65 66 64 64 63 63 63 64 63 62 60 63 63 65 65 65 64 64 65 66 67 67
    66 66 66 66 65 65 64 64 61 59 59 56 53 52 52 52 53 53 54 55 55 56 57
    59 60 62 61 60 62 62 63 65 66 67 67 67 67 68 69 66 65 63 62 61 62 59
    60 58 59 59 62 63 64 64 61 59 62 60 58 59 59 58 58 57 57 59 62 63 64
    64 62 62 61 61 61 49 65 30 44 23 14 10 92 18 100 30 56 66 57 100 46
    4 53 52 80 60 50 8 29 57 71 105 20 36 116 90 15 90 45 62 74 90 2 56
    48 70 31 58 23 120 51 42 52 121 79 109 42 67 51 20 56 12 3 21 1 30 4
    113 66 109 64 64 64 63 65 64 66 65 67 67 67 64 63 63 67 67 66 65 65
    63 62 60 64 67 66 64 63 63 67 68 69 67 66 63 63 65 63 63 62 58 58 57
    58 61 60 61 58 60 58 60 59 58 58 59 60 63 64 66 64 66 69 72 75 76 62
    65 64 63 62 62 60 61 61 58 58 59 57 57 60 59 60 62 62 61 64 62 64 66
    67 63 63 63 64 65 65 65 64 64 62 62 63 64 63 63 62 64 63 65 65 64 63
    64 65 65 65 65 65 65 66 65 66 66 65 65 63 61 62 58 55 54 55 55 56 56
    56 57 57 58 59 61 61 63 62 59 62 62 63 66 67 68 68 69 68 70 71 68 66
    65 64 61 63 60 61 60 61 61 63 65 65 64 63 61 63 61 60 60 60 59 60 60
    60 61 64 65 66 66 63 62 60 59 58 116 26 55 50 23 10 127 19 5 76 87
    89 120 113 36 49 1 53 24 7 40 68 42 41 111 36 87 125 53 46 95 109
    114 110 76 65 116 52 6 117 57 81 54 28 89 106 96 15 14 47 89 1 59
    118 9 67 18 0 56 37 125 63 93 34 61 64 64 62 62 64 64 65 64 66 67 67
    65 64 66 69 69 68 67 66 65 63 61 63 66 65 62 62 62 66 66 67 64 63 61
    61 62 61 62 60 57 57 56 57 61 60 62 59 60 58 60 58 57 57 60 60 62 62
    64 64 65 68 69 73 74 59 62 62 61 60 61 59 61 60 59 60 59 59 60 61 61
    63 65 65 64 66 63 66 67 67 63 63 62 63 63 63 63 63 64 62 61 62 63 62
    62 62 63 64 65 65 65 64 64 65 65 65 65 65 64 64 64 64 65 64 64 62 60
    61 58 55 54 56 55 57 58 57 58 58 58 58 61 60 61 60 57 59 61 62 65 66
    67 68 70 69 70 71 69 67 66 66 63 65 62 63 62 63 64 65 66 66 65 63 61
    63 62 61 61 60 60 61 62 61 63 65 66 66 65 63 63 61 59 57 13 117 3 67
    38 61 36 72 71 7 29 72 36 87 14 8 45 109 13 43 40 96 111 121 74 22
    64 101 37 68 56 13 27 33 9 101 9 54 63 85 115 19 10 50 22 100 2 12
    47 68 14 34 9 83 66 53 73 25 114 52 87 41 10 117 117 64 64 62 61 64
    63 64 62 64 66 67 64 63 66 69 68 68 67 67 66 64 63 66 68 66 63 63 63
    67 67 67 63 62 60 60 62 61 61 59 58 59 58 60 64 63 65 63 65 64 65 62
    61 61 63 63 65 65 67 65 66 68 70 74 76 61 63 64 63 62 63 61 62 62 60
    62 62 62 62 63 62 64 68 68 66 67 65 67 67 67 64 62 61 61 61 60 61 60
    61 60 59 60 62 61 62 62 64 64 65 64 65 64 65 65 66 65 65 65 64 65 65
    65 65 64 64 62 61 61 58 56 55 55 55 57 58 58 59 59 59 60 62 61 63 61
    58 59 62 62 63 66 66 67 68 67 69 71 70 68 67 67 65 66 65 64 64 66 66
    66 66 66 65 63 62 63 63 62 62 62 62 63 65 64 66 68 68 68 66 64 64 62
    61 59 72 126 97 122 29 4 63 123 79 86 46 97 112 33 82 25 47 99 12 85
    66 24 71 70 75 44 13 29 75 39 109 45 78 126 27 29 44 23 92 58 72 104
    74 121 45 52 7 43 58 100 120 41 92 40 27 100 50 90 34 29 124 42 107
    11 111 62 62 61 61 64 63 64 63 64 65 67 64 64 67 69 68 67 66 65 65
    64 62 65 68 66 63 63 64 67 68 67 64 62 60 59 62 60 61 59 58 58 59 60
    66 65 67 64 67 65 67 66 65 64 67 66 69 68 69 68 69 70 71 75 77 61 62
    64 62 62 63 61 62 62 61 63 62 62 62 64 63 66 68 68 66 68 66 68 68 68
    65 63 61 61 61 60 61 61 62 61 60 60 61 62 63 63 65 65 64 63 63 63 65
    65 66 64 64 64 62 65 66 66 66 65 65 63 62 63 60 58 57 58 57 59 60 60
    61 62 61 63 64 62 63 61 58 59 61 62 63 65 66 68 70 69 71 72 71 69 67
    66 63 64 62 61 60 62 62 63 63 64 63 62 60 60 61 61 60 60 60 61 63 62
    65 67 68 68 67 66 66 65 63 60 29 65 91 56 46 103 116 117 116 127 61
    19 52 98 121 5 49 74 94 100 5 80 111 70 76 23 39 83 35 74 96 74 86
    96 51 82 119 83 9 98 112 24 67 13 117 24 101 126 16 28 11 114 29 53
    111 85 126 106 74 16 72 75 35 38 69 63 63 61 59 60 60 60 60 61 63 66
    62 62 65 67 67 66 66 65 65 64 61 65 68 66 64 64 65 68 69 68 65 63 60
    60 63 61 62 59 59 60 60 62 67 66 67 65 66 64 67 66 64 63 67 66 69 68
    69 69 71 70 72 74 77 59 61 63 62 62 63 62 63 63 63 65 65 65 64 65 64
    66 68 68 66 67 65 66 66 67 65 63 60 60 60 59 60 61 62 61 59 59 61 62
    63 64 66 65 64 63 63 65 66 67 68 67 67 66 65 67 67 67 68 66 65 63 63
    62 59 57 57 57 57 58 60 61 61 61 61 62 64 62 63 62 60 60 62 63 65 66
    68 69 71 71 73 73 72 69 68 67 66 65 63 61 60 62 62 63 63 63 63 61 61
    61 63 63 62 62 62 64 66 66 68 69 70 70 69 69 68 66 66 62 16 12 71 41
    113 78 76 124 90 107 40 2 53 4 20 103 91 16 97 116 11 64 46 125 124
    54 36 89 8 47 0 123 3 71 58 5 85 66 101 73 76 87 70 86 6 18 98 122
    52 88 12 68 121 97 66 30 60 63 90 114 3 74 55 89 115 64 64 63 61 62
    61 61 60 60 63 65 63 62 65 68 68 67 67 67 67 67 65 68 70 68 66 66 67
    69 69 69 65 62 59 59 62 60 60 57 58 59 60 62 67 66 66 64 67 66 69 68
    66 65 68 67 71 70 71 71 73 72 73 76 79 62 63 65 63 62 63 62 64 64 63
    65 65 65 65 68 67 68 70 69 67 67 65 66 65 65 62 60 59 59 59 60 62 63
    64 64 62 63 64 65 66 67 69 67 65 64 64 66 67 67 67 67 67 67 66 68 69
    68 68 66 66 65 64 63 61 59 58 59 58 59 62 62 62 62 61 62 63 62 63 62
    59 60 62 61 63 66 66 69 71 69 72 73 72 69 69 68 67 66 64 61 60 61 61
    61 61 61 62 60 59 60 62 64 63 63 64 65 67 66 68 70 70 71 68 68 68 66
    66 64 37 10 39 65 3 38 67 49 117 111 15 57 72 117 70 90 72 125 40 26
    54 15 32 103 48 91 111 71 60 9 59 75 53 38 32 70 120 28 40 98 99 52
    60 90 75 126 40 122 103 26 97 2 29 8 116 16 44 94 61 25 5 94 56 16
    75 64 64 63 62 62 62 62 60 60 63 65 64 63 65 68 68 67 67 67 67 66 63
    66 68 66 64 64 65 66 66 66 63 61 59 59 61 60 60 57 59 59 60 63 67 65
    66 64 66 64 68 66 65 64 67 66 69 69 69 70 72 71 71 74 78 63 63 64 62
    61 62 62 62 63 61 63 63 64 64 68 67 69 69 69 67 68 66 66 67 66 63 60
    60 60 60 60 62 62 63 63 62 62 64 64 65 66 69 67 66 64 64 65 65 65 66
    66 66 66 64 66 67 66 67 66 65 63 62 62 60 59 58 59 58 59 62 63 65 64
    63 64 64 64 64 63 60 61 62 61 64 67 67 70 72 71 73 74 73 71 71 69 67
    67 65 61 60 61 61 60 60 60 61 60 59 59 62 64 62 62 64 65 67 66 67 68
    68 69 66 66 67 64 65 62 107 43 110 85 100 33 86 4 35 13 90 96 23 15
    111 116 96 52 119 49 17 105 68 47 46 9 34 112 47 32 14 65 82 120 105
    98 61 10 55 14 44 89 46 1 79 87 26 60 3 76 14 51 28 44 44 51 77 44
    93 102 26 74 115 52 124 63 63 62 61 62 61 60 58 58 62 63 62 62 64 66
    66 65 66 67 67 65 63 67 68 66 65 65 67 68 67 68 66 64 61 61 63 61 61
    59 61 61 62 63 68 66 66 64 65 63 65 63 62 60 63 63 66 66 68 68 71 70
    71 74 77 66 66 67 64 63 64 65 65 65 62 65 64 64 64 66 67 68 68 68 67
    68 67 67 68 67 65 62 61 62 62 62 64 64 64 64 63 64 64 64 66 66 67 67
    66 64 65 67 67 68 68 68 67 68 66 67 70 69 68 67 66 66 64 65 62 62 60
    61 60 61 65 66 66 66 64 67 67 67 67 65 63 61 63 62 64 66 66 69 72 70
    73 74 74 72 71 70 68 67 65 61 60 61 61 60 60 60 61 60 59 60 62 65 63
    63 64 64 68 66 67 68 67 67 64 66 67 65 65 63 83 85 23 83 118 71 15
    67 94 112 42 11 60 83 107 3 72 117 39 111 96 20 59 86 21 98 111 115
    22 55 54 22 73 119 24 118 116 5 24 114 34 81 62 28 123 114 77 10 47
    24 20 70 78 100 81 3 8 102 30 35 2 22 39 77 30 61 62 62 61 62 63 61
    58 59 62 64 64 63 64 66 66 64 65 67 66 64 61 64 66 65 64 64 66 66 66
    67 65 64 62 62 63 61 61 60 61 60 61 63 66 64 64 62 63 61 62 61 60 59
    62 62 64 65 66 66 70 69 69 71 74 64 64 66 63 61 62 63 64 62 60 63 62
    62 62 64 66 68 68 69 68 69 69 69 70 69 66 63 63 64 62 62 64 64 65 64
    63 64 65 65 66 67 68 67 66 65 65 66 66 67 66 67 65 65 62 65 66 65 66
    65 63 63 62 63 62 62 60 62 61 62 66 67 67 66 65 66 67 66 65 63 62 60
    61 60 62 64 64 66 68 67 70 71 70 69 70 68 66 66 65 61 60 61 61 61 61
    61 61 60 60 59 62 65 63 62 63 63 66 65 66 66 66 66 64 65 65 64 64 62
    63 63 62 64 65 65 65 65 65 65 64 66 67 68 67 64 64 65 66 66 65 64 64
    63 61 59 60 59 60 58 61 63 63 62 64 65 65 66 65 64 66 64 63 63 64 63
    63 64 65 66 66 67 69 68 69 67 67 68 66 65 66 67 66 63 63 62 64 64 64
    65 66 63 61 61 64 66 66 64 65 66 67 65 67 68 68 66 62 65 67 67 66 66
    67 67 68 68 66 66 63 62 63 61 60 59 60 60 60 62 65 63 63 62 62 61 63
    61 61 60 62 62 65 65 66 67 70 69 69 71 74 65 64 67 64 62 62 63 64 62
    61 63 62 62 62 64 66 66 67 69 68 68 67 67 68 67 65 63 63 63 62 62 64
    65 65 66 64 65 66 66 67 67 68 67 66 64 64 67 66 67 66 68 68 67 65 68
    68 67 66 65 65 65 62 62 61 62 60 62 61 62 66 67 67 66 66 67 68 67 66
    64 63 62 61 60 63 65 63 66 69 67 69 70 69 68 68 66 65 64 64 59 57 60
    60 60 60 60 60 60 60 60 62 66 64 63 63 63 65 65 65 65 65 66 64 65 66
    65 65 64 64 63 63 64 64 65 65 65 65 64 63 65 66 68 66 65 64 65 66 67
    67 66 66 64 62 61 61 61 61 59 61 62 62 61 63 64 64 65 65 64 66 64 63
    64 65 64 64 65 66 66 67 67 70 69 69 67 66 67 66 65 67 67 65 62 62 60
    63 63 62 64 65 62 61 61 65 67 67 66 67 68 68 66 68 69 69 66 63 64 67
    65 65 66 66 65 66 66 64 65 63 61 63 61 60 59 61 61 61 63 64 62 63 61
    61 59 60 59 59 59 60 60 64 64 65 67 71 69 69 70 73 63 62 66 63 62 63
    63 64 63 62 66 65 65 64 65 67 66 67 67 66 65 64 64 64 62 61 59 58 59
    59 61 63 63 64 65 64 65 66 67 67 67 68 67 66 64 64 66 66 67 66 68 66
    65 63 65 65 64 64 63 62 62 59 61 61 61 58 61 59 60 63 65 64 64 62 64
    66 65 63 63 62 61 61 60 62 64 62 64 67 66 68 69 68 68 68 67 65 65 65
    60 58 61 61 60 61 62 62 62 63 62 64 67 65 64 63 62 64 64 65 64 64 65
    63 64 65 64 66 63 62 62 61 61 62 63 64 64 64 64 63 65 68 70 68 67 65
    66 66 67 66 66 66 63 62 62 61 61 60 59 61 63 62 61 62 62 63 63 63 62
    64 61 60 61 62 62 62 63 65 65 66 66 69 68 67 66 65 66 64 62 65 66 64
    62 62 62 64 64 63 66 68 65 63 63 66 67 68 66 67 68 67 66 67 68 68 66
    64 65 67 66 67 67 68 66 66 65 64 65 63 61 62 59 59 58 60 60 61 62 64
    61 63 61 61 60 60 60 59 59 60 59 63 62 64 64 67 66 66 66 69 66 65 67
    65 64 65 66 65 65 64 67 66 66 66 66 67 67 68 69 67 66 66 65 64 61 61
    59 57 59 58 59 61 61 62 65 64 66 67 69 68 68 69 69 67 66 65 67 66 65
    64 66 65 64 63 64 65 63 63 62 61 63 61 61 61 61 59 62 60 60 63 64 62
    62 61 62 62 62 60 61 60 60 59 59 60 63 62 64 67 66 68 68 68 68 68 68
    67 66 65 61 59 61 61 61 61 62 62 60 60 61 63 66 64 63 62 60 62 62 63
    63 63 64 63 64 66 64 66 65 64 63 62 62 62 63 64 63 63 62 61 64 66 69
    68 68 65 66 67 68 68 67 67 64 62 62 60 61 60 58 60 61 61 60 62 61 62
    63 62 61 62 59 57 58 59 60 61 61 64 65 66 67 70 69 69 68 66 67 65 63
    66 66 65 62 63 61 62 64 62 65 67 64 62 62 65 67 68 67 67 69 68 66 68
    69 68 66 65 67 69 67 68 69 70 68 68 68 67 66 64 61 63 60 59 59 60 60
    62 64 65 63 64 63 64 62 62 62 61 60 60 59 63 63 64 63 66 66 66 67 69
    70 68 70 67 65 65 66 65 64 63 66 65 65 65 66 67 67 67 68 67 66 66 65
    65 63 62 60 59 61 59 60 63 62 62 64 64 65 66 68 67 67 69 67 65 64 64
    66 65 65 63 67 67 65 64 65 67 64 64 63 63 65 62 61 62 62 61 62 60 60
    63 63 61 60 60 61 61 61 59 61 61 60 59 58 60 61 61 62 64 64 65 66 65
    65 66 65 65 63 63 59 57 59 59 60 61 62 62 60 62 63 64 67 65 64 62 61
    63 64 64 63 62 65 65 65 66 64 66 65 64 63 62 63 62 63 64 63 64 63 63
    65 68 69 67 68 64 66 66 68 67 66 66 63 62 63 62 63 62 60 62 63 64 62
    65 64 65 64 63 62 63 62 59 60 61 61 62 63 66 66 68 68 71 71 70 70 68
    68 66 64 66 65 65 61 63 61 62 64 64 66 68 65 64 63 67 67 69 67 67 67
    68 65 68 69 70 68 67 68 70 69 70 69 70 68 68 68 67 67 66 63 63 61 61
    60 60 60 61 63 63 61 62 60 60 58 59 60 59 58 58 58 61 62 63 62 65 64
    64 65 66 69 68 70 66 64 64 64 63 62 60 63 63 63 63 65 67 67 67 67 66
    65 65 64 64 62 61 60 59 61 61 62 64 64 63 65 63 65 65 67 66 65 67 66
    64 63 64 66 65 65 63 66 67 66 65 66 67 65 66 65 66 68 64 64 64 64 63
    65 62 61 64 64 61 60 61 62 61 61 58 61 60 60 58 57 60 60 59 61 64 64
    66 65 64 65 66 64 64 64 62 58 57 58 59 60 61 64 62 61 63 63 64 66 64
    63 62 60 61 62 61 60 60 62 64 64 65 63 65 63 63 62 62 63 61 62 63 64
    65 63 64 66 68 69 67 68 65 66 66 67 67 65 63 62 61 62 61 63 61 60 60
    61 63 63 65 64 65 64 64 63 63 62 60 61 62 63 63 64 66 66 68 69 72 72
    72 72 70 70 68 67 69 68 68 64 65 62 63 64 63 65 67 65 64 63 66 67 68
    66 66 67 68 66 68 70 69 69 67 68 71 70 71 70 71 69 67 68 66 67 66 62
    63 61 62 61 61 61 61 64 64 61 63 61 60 57 58 59 57 56 55 54 57 58 59
    59 61 61 61 61 63 69 68 70 66 64 65 64 63 62 61 63 63 63 64 66 67 67
    68 70 68 67 67 66 65 62 61 60 59 60 59 61 63 62 62 63 62 65 64 66 65
    64 65 65 63 63 64 65 64 65 62 66 67 67 66 67 68 66 68 66 66 68 64 64
    64 63 61 63 60 60 62 63 61 60 60 60 59 60 59 61 61 60 59 57 59 60 59
    62 64 64 65 64 64 65 66 66 66 65 64 59 57 58 59 60 60 62 61 61 63 62
    64 67 65 64 63 62 64 64 63 60 61 63 64 62 63 62 64 63 63 63 64 64 63
    64 66 66 66 64 64 66 68 69 68 69 65 66 67 69 69 66 65 63 62 63 62 63
    62 60 60 62 63 63 65 64 64 64 63 63 63 61 59 60 61 61 62 63 65 65 66
    68 72 71 72 71 69 69 67 67 69 68 68 64 64 62 62 65 65 68 68 66 65 63
    66 67 68 67 67 67 66 65 66 68 69 68 69 68 70 69 70 70 70 69 68 68 66
    66 66 64 64 63 64 64 62 62 61 64 64 61 62 60 59 58 59 60 59 58 57 57
    60 60 62 62 63 63 63 65 66 67 65 67 63 62 63 62 61 61 60 61 61 62 64
    67 69 68 69 71 70 69 70 68 67 63 61 60 59 61 60 61 63 62 62 64 63 66
    65 67 65 64 65 64 63 62 63 65 65 64 62 65 66 66 66 66 68 66 67 66 67
    69 65 66 66 66 65 66 63 63 64 63 62 61 60 60 59 61 59 61 60 59 59 57
    58 59 58 59 60 60 62 61 62 64 65 65 64 64 62 60 59 59 60 60 60 62 61
    61 63 62 63 66 64 62 62 61 62 62 61 59 60 62 63 60 63 61 63 63 62 63
    63 63 63 63 66 65 66 64 65 68 69 70 69 70 67 68 69 70 70 68 66 64 64
    65 64 64 63 60 60 62 62 62 64 64 64 64 63 63 64 62 60 60 60 60 61 61
    62 62 63 65 68 69 70 71 68 67 66 67 70 69 70 66 66 63 64 67 67 70 69
    67 66 64 68 69 69 68 68 68 67 66 68 69 69 68 68 69 70 69 69 69 68 68
    67 67 66 66 66 64 65 65 66 66 64 63 63 64 64 62 63 61 60 57 58 58 58
    58 58 57 59 60 61 61 64 64 65 65 66 66 64 66 62 61 61 60 59 59 58 60
    59 58 61 64 66 66 67 68 68 68 70 69 69 65 64 63 61 63 63 64 65 64 63
    64 63 66 66 67 65 63 64 63 62 63 64 65 65 64 62 65 66 67 67 67 67 66
    67 67 67 69 65 65 65 65 64 66 64 63 63 62 61 61 61 61 60 61 59 62 62
    60 61 60 61 60 60 61 61 62 62 61 61 63 63 64 62 62 61 59 58 58 60 60
    59 62 59 60 62 62 62 63 63 61 61 59 60 62 61 58 59 61 63 61 64 62 63
    63 62 63 63 64 63 62 65 64 64 64 64 65 67 69 67 68 66 67 69 71 70 69
    68 65 66 67 65 66 64 61 59 61 62 61 64 63 64 63 63 64 64 63 61 61 61
    60 61 61 62 61 61 64 67 68 69 69 67 67 65 66 70 70 70 67 67 65 66 68
    68 70 70 68 66 63 67 67 67 66 66 66 66 65 66 68 69 69 70 72 74 73 73
    72 72 71 70 70 69 67 67 65 66 64 66 65 63 63 63 64 64 61 62 60 59 57
    59 60 58 59 58 57 61 61 63 63 65 64 65 66 67 68 67 68 65 63 63 61 61
    60 58 60 59 59 61 63 65 66 68 68 68 69 69 68 67 64 62 62 59 61 60 61
    63 63 62 63 62 65 65 67 65 63 64 62 61 62 64 66 65 65 62 65 67 67 68
    68 68 66 68 67 67 72 68 67 67 66 66 66 63 63 63 63 60 60 61 61 60 61
    60 63 62 61 60 60 60 58 56 58 58 58 59 57 58 59 60 62 62 62 61 59 60
    60 62 62 63 65 63 63 65 64 63 64 64 62 62 59 60 61 60 57 59 62 64 61
    63 61 63 63 63 64 65 65 63 63 66 64 65 65 66 67 68 69 68 69 66 67 69
    71 70 68 69 64 65 65 65 66 64 60 58 60 61 61 64 64 65 64 64 66 66 66
    64 63 61 62 62 62 62 61 61 63 66 66 67 69 66 66 65 66 69 70 70 67 67
    66 66 69 69 72 73 71 69 67 70 70 70 70 69 68 68 67 68 70 71 71 71 73
    73 72 73 71 70 69 67 67 65 64 64 62 63 62 63 63 60 60 61 62 62 58 60
    58 58 57 59 61 60 60 59 59 63 62 63 62 64 63 63 65 65 67 66 67 64 64
    63 61 61 61 59 61 60 60 61 63 64 65 67 68 67 67 67 67 65 62 60 60 58
    60 59 60 61 61 61 62 61 64 65 67 64 64 65 64 63 64 65 66 66 65 63 65
    66 66 67 67 67 66 68 67 67 71 68 67 67 66 65 65 64 63 63 64 60 60 62
    61 60 61 61 62 61 61 60 61 60 59 58 60 59 59 60 57 57 59 59 61 60 60
    60 59 60 60 62 62 63 64 63 63 64 64 63 63 63 61 62 60 60 61 60 56 59
    61 63 60 62 60 62 61 61 63 64 64 63 62 65 64 66 65 66 67 68 69 68 68
    66 68 71 71 71 69 69 65 65 65 65 66 64 61 58 61 61 60 63 63 64 63 62
    63 64 64 62 62 61 61 61 61 62 60 60 61 65 65 65 66 64 64 63 64 67 68
    69 66 66 66 65 68 68 70 71 69 68 66 68 69 68 68 68 67 67 66 67 68 70
    70 70 72 73 72 74 72 70 69 68 67 66 66 65 64 65 64 64 65 63 63 63 64
    63 60 62 61 61 60 62 63 62 62 62 62 64 62 63 62 63 62 63 64 64 66 66
    66 64 64 64 61 61 63 61 61 60 61 62 63 63 63 66 66 65 65 65 65 63 60
    59 59 58 59 59 60 61 61 61 62 63 65 66 67 65 64 66 65 64 63 64 65 65
    64 62 64 67 66 68 68 69 67 69 68 68 72 69 66 66 64 64 64 62 62 64 64
    61 61 64 64 62 63 63 64 63 62 61 61 60 60 59 60 59 59 60 58 57 60 60
    61 61 61 60 60 62 62 64 63 63 63 62 62 64 62 62 61 61 59 61 59 60 62
    61 58 60 63 65 62 63 60 62 62 62 62 64 64 62 62 65 65 67 67 67 68 69
    70 68 69 67 68 70 71 70 68 68 64 65 66 65 66 64 62 60 63 63 61 65 64
    66 65 65 65 65 65 63 63 63 62 63 62 63 62 62 63 66 65 66 67 66 65 64
    66 68 67 69 66 66 65 65 67 67 68 68 67 67 64 66 67 67 67 67 67 66 66
    67 68 70 70 71 73 73 72 72 70 68 67 65 64 63 62 62 62 61 62 63 63 61
    62 62 62 61 59 60 60 60 59 60 63 61 62 61 61 63 61 62 60 62 61 61 62
    61 64 64 65 63 63 62 61 61 62 60 61 61 61 62 64 64 65 65 65 65 65 66
    65 63 61 59 59 58 60 60 62 62 61 60 62 63 64 66 67 65 64 64 63 63 63
    64 64 64 63 61 62 63 63 66 66 68 68 70 68 68 71 69 68 67 66 65 63 62
    62 63 63 61 62 63 64 62 63 64 65 63 62 62 62 61 60 60 60 59 58 59 58
    58 59 59 60 61 61 61 61 63 62 64 64 63 63 62 62 62 61 61 61 61 58 61
    60 60 61 60 59 60 62 64 61 62 59 61 62 62 61 61 61 61 59 61 62 64 64
    65 67 69 70 70 70 69 70 72 71 70 68 68 64 65 65 65 65 63 61 60 64 64
    62 65 65 66 66 67 66 67 67 65 64 64 64 64 64 63 61 61 62 65 63 64 65
    64 64 63 66 66 67 71 67 67 66 66 68 68 68 69 68 68 64 66 68 67 67 66
    66 66 64 65 66 68 68 70 72 72 73 72 71 69 68 68 67 64 63 63 62 62 63
    64 64 62 63 63 64 62 60 61 60 60 59 60 63 62 62 63 62 64 63 64 63 64
    63 63 64 63 67 66 66 64 64 63 63 61 62 61 60 59 60 62 65 65 66 66 68
    67 67 69 69 67 65 62 61 61 62 62 63 62 61 59 60 61 62 63 63 61 61 62
    62 62 62 63 62 63 62 60 62 64 64 67 67 69 68 70 69 68 71 69 68 66 66
    64 63 61 63 64 65 64 64 64 63 62 63 63 65 63 61 61 61 61 61 63 62 62
    61 62 60 59 60 60 61 61 61 61 61 63 62 63 63 62 63 62 62 61 60 61 62
    61 59 62 61 60 61 59 57 59 60 62 60 61 58 60 61 62 62 62 62 61 59 61
    62 63 65 65 67 67 69 69 70 70 71 71 70 68 67 67 64 64 64 64 64 63 61
    61 63 64 62 65 66 67 67 67 67 69 69 67 67 67 67 65 65 64 62 61 61 64
    62 63 64 63 63 63 66 67 68 70 67 67 66 66 67 67 67 66 66 65 61 65 67
    66 67 67 66 66 65 65 66 68 68 70 70 70 70 69 67 66 66 65 65 62 61 62
    61 61 63 65 65 63 64 63 63 61 60 60 59 59 57 59 62 61 63 63 63 65 64
    65 63 65 63 63 63 62 65 66 66 65 64 64 64 64 64 63 63 63 63 63 66 67
    67 68 69 67 67 68 67 65 65 62 61 61 61 61 63 62 61 61 62 62 62 64 63
    62 62 63 62 63 63 64 64 65 63 62 64 64 64 67 67 68 67 69 68 67 69 67
    66 66 65 64 61 61 63 63 64 64 64 64 63 62 64 65 66 64 62 62 62 61 62
    63 61 60 61 61 59 58 58 58 59 59 58 60 60 61 61 62 62 63 63 63 64 64
    62 63 63 62 60 64 62 60 61 59 56 58 59 60 58 59 57 59 61 62 62 62 62
    62 60 63 64 65 67 67 68 69 70 70 70 71 73 72 70 68 68 67 64 65 66 65
    64 63 62 62 64 64 63 66 67 68 69 69 69 70 71 69 69 68 67 67 66 64 62
    61 61 63 62 63 65 64 64 64 67 69 69 72 68 67 66 67 67 67 67 66 66 66
    62 65 67 66 67 67 67 66 65 64 65 68 69 70 70 70 69 68 67 65 66 65 63
    61 60 62 61 62 64 66 66 63 65 65 65 62 59 59 57 56 55 57 60 59 61 61
    61 63 62 63 63 64 62 62 60 59 63 63 64 63 63 64 64 62 63 63 63 63 63
    63 65 67 66 66 68 66 65 66 65 63 63 60 59 60 59 59 62 61 59 61 63 63
    63 65 64 64 63 63 63 65 63 63 63 64 62 61 63 63 63 67 66 69 67 68 68
    67 68 66 66 65 64 63 60 60 61 60 62 63 63 63 63 63 63 65 66 65 65 64
    64 62 63 64 62 61 60 61 59 57 57 57 59 59 59 61 61 63 62 64 64 63 64
    63 64 64 61 61 61 60 57 61 59 57 57 56 54 55 56 58 55 58 56 58 59 60
    60 61 61 62 60 63 64 64 66 66 68 68 69 69 68 69 71 71 69 68 68 68 65
    65 65 64 64 63 61 61 63 62 61 64 65 66 68 68 68 70 70 68 68 67 67 67
    66 64 63 62 61 64 62 63 64 63 63 62 64 65 67 69 66 66 66 66 66 65 65
    65 65 64 61 62 65 65 67 68 69 67 66 65 66 67 68 69 69 68 67 66 66 65
    66 65 64 63 62 63 63 64 66 66 67 65 66 66 65 62 60 59 58 56 56 57 59
    60 61 61 62 63 62 62 63 64 62 60 59 56 62 63 63 64 64 64 65 63 64 65
    65 64 64 64 66 67 66 67 68 66 66 66 67 65 65 62 61 62 60 60 62 61 60
    61 63 63 64 66 64 63 64 63 63 65 63 64 64 64 63 62 64 62 62 66 65 67
    65 67 66 65 66 65 65 65 63 62 59 60 61 61 61 62 63 62 62 62 62 64 65
    64 64 64 65 63 63 64 62 60 61 61 59 56 56 55 58 58 58 60 60 62 61 63
    64 63 64 63 64 63 61 62 62 62 58 62 60 58 57 56 54 55 56 57 55 58 56
    58 60 61 60 60 61 63 60 62 62 62 65 64 67 68 70 70 69 70 72 72 70 68
    69 69 66 65 66 65 64 63 60 61 62 62 60 63 64 65 66 65 65 67 68 66 66
    66 65 66 65 63 63 62 62 65 63 64 64 64 62 62 63 64 65 66 64 64 66 65
    65 65 65 66 66 63 62 64 66 66 68 69 69 67 65 65 66 67 66 68 68 67 65
    63 63 62 64 64 63 62 60 61 62 64 66 66 68 65 66 66 65 62 60 59 58 58
    58 58 61 62 63 64 65 66 64 64 65 66 64 62 60 58 63 64 64 64 64 65 65
    64 64 64 65 64 64 64 65 67 65 65 67 66 66 66 66 65 65 63 61 62 61 60
    63 61 59 61 64 64 65 67 66 65 66 65 66 69 67 66 66 65 64 63 64 63 62
    66 65 67 64 66 66 65 66 65 65 65 63 62 60 60 60 60 61 61 61 61 61 62
    61 63 64 63 64 63 66 63 64 65 62 61 61 60 59 57 56 55 57 57 57 60 60
    62 62 64 65 65 66 65 65 64 62 63 63 63 59 62 60 56 57 56 54 54 55 56
    55 58 56 57 60 59 58 58 59 60 59 60 60 60 63 62 65 66 69 69 68 69 70
    71 68 66 67 66 64 62 63 62 62 61 59 60 62 61 59 62 64 65 68 67 66 67
    68 66 66 66 65 66 65 63 63 63 64 65 63 64 64 64 63 62 63 63 65 65 63
    64 65 65 64 64 63 65 66 62 62 63 66 66 67 68 68 68 66 65 66 66 66 66
    67 66 64 62 61 61 61 62 61 61 60 61 61 63 65 66 67 66 67 66 65 63 61
    61 59 59 58 58 60 61 63 64 64 63 62 62 63 64 62 60 57 55 62 63 63 64
    64 64 65 64 66 66 66 65 65 65 65 67 66 65 66 65 64 65 66 64 64 62 60
    61 60 60 62 59 58 59 62 63 63 65 64 64 65 64 66 69 68 67 66 65 65 63
    64 63 63 66 65 66 64 65 65 65 66 65 65 64 62 61 58 59 59 59 61 61 62
    62 62 62 62 64 64 64 65 64 66 64 65 66 64 64 63 62 61 57 57 55 57 57
    58 60 60 62 62 63 64 65 66 64 63 62 60 60 60 61 57 60 57 54 55 56 55
    55 57 58 57 59 58 60 62 61 59 60 59 60 59 59 59 58 62 61 64 65 67 68
    68 68 70 71 68 65 66 66 63 61 61 60 60 59 58 59 60 59 58 61 63 64 66
    64 64 64 65 64 65 65 65 65 66 64 64 64 65 67 64 64 64 64 63 62 63 63
    64 64 62 64 65 65 63 64 63 65 65 62 63 64 66 66 67 68 68 66 64 63 64
    64 64 65 63 64 62 60 60 61 61 61 61 61 60 61 60 62 64 64 65 64 67 65
    64 61 61 60 58 58 59 58 60 60 62 62 64 61 60 60 61 61 59 56 54 51 62
    62 62 63 63 65 66 65 66 67 67 66 68 67 67 69 66 66 67 64 63 62 64 60
    61 59 58 59 58 58 60 56 56 57 60 62 61 63 62 62 63 63 65 68 67 66 64
    64 63 63 64 63 63 66 65 66 65 66 65 65 65 65 65 63 61 60 57 57 58 58
    60 60 60 60 60 60 60 62 63 62 64 63 65 63 65 66 64 64 63 62 61 57 57
    55 57 58 59 62 61 62 62 64 66 65 66 64 62 60 57 59 59 60 57 59 57 55
    56 56 55 56 57 58 55 58 56 59 61 60 59 60 59 60 59 60 61 61 63 62 65
    66 68 69 68 69 70 69 67 65 66 65 62 59 60 58 59 59 59 59 60 58 57 60
    63 64 66 64 63 63 64 64 64 66 65 64 65 63 62 64 64 66 65 64 64 64 64
    63 64 64 63 62 60 61 64 63 60 61 61 64 65 63 64 64 66 65 65 67 67 65
    61 61 62 61 61 62 61 61 60 58 58 59 59 59 60 60 60 61 61 64 66 65 66
    65 68 65 64 62 61 61 60 60 60 59 60 61 62 62 63 61 59 58 58 57 57 54
    51 49 60 60 60 62 63 65 65 63 66 67 67 65 67 65 66 67 62 62 63 62 60
    60 62 60 62 60 60 63 62 62 63 60 59 60 63 65 64 65 63 64 64 65 68 72
    69 67 66 66 65 65 66 65 65 66 66 67 65 66 66 66 65 64 64 62 60 58 57
    58 58 57 60 60 61 60 60 60 60 61 61 60 62 61 64 61 64 67 64 64 64 63
    64 60 59 58 60 60 59 63 62 62 62 63 65 63 64 62 60 60 57 59 59 60 57
    59 58 55 56 57 55 56 56 57 56 57 57 60 63 62 59 60 59 60 59 59 60 59
    61 60 62 64 67 68 68 68 70 69 67 66 67 65 64 60 61 59 60 61 61 61 61
    59 58 60 63 64 66 63 61 61 62 61 62 64 63 63 63 61 61 63 64 66 64 64
    63 64 63 62 64 63 63 61 59 61 64 63 59 60 59 61 63 61 63 63 62 62 62
    64 64 63 61 60 60 59 60 61 61 62 61 59 60 61 61 62 65 66 66 66 65 68
    69 68 68 68 70 67 65 63 63 62 60 60 61 60 60 61 62 63 63 59 59 58 58
    56 56 53 49 48 58 57 57 59 60 62 62 62 64 66 66 64 66 66 66 67 63 63
    64 62 61 62 63 62 63 62 62 65 64 64 65 62 62 63 66 67 66 66 65 65 64
    64 66 69 67 66 64 63 61 63 64 63 64 65 64 65 64 64 65 64 64 63 63 61
    60 60 58 58 59 58 61 61 62 62 61 61 60 62 64 63 65 64 65 63 65 68 66
    67 67 65 66 62 61 60 61 61 60 63 61 61 62 61 63 62 63 62 60 60 57 60
    60 61 58 61 59 56 57 58 56 56 56 57 55 57 57 59 62 61 59 60 58 58 59
    59 59 57 59 57 59 62 65 67 67 67 68 67 66 65 67 67 65 61 61 60 61 62
    63 62 62 60 60 62 64 65 66 64 62 62 63 63 63 65 64 64 64 63 63 64 65
    66 64 64 63 64 64 63 64 63 64 63 61 62 65 64 60 60 60 60 62 59 61 61
    61 61 62 64 64 64 61 61 62 61 61 63 62 62 61 59 60 61 61 62 64 65 63
    64 63 66 67 66 65 66 68 65 63 62 62 61 59 59 59 59 60 60 61 62 62 58
    58 58 58 56 56 53 50 48 60 57 57 59 59 61 62 62 64 67 67 65 66 66 66
    68 65 65 66 63 61 60 61 61 63 61 61 63 61 61 62 61 61 62 64 66 65 65
    64 65 65 64 65 69 67 66 64 64 63 63 64 62 64 65 63 63 62 62 63 63 63
    62 63 62 62 62 61 60 61 60 62 62 63 62 61 61 61 62 65 63 65 65 66 64
    66 68 67 66 65 63 65 61 60 59 60 60 60 62 61 60 60 60 62 61 63 62 61
    61 60 61 62 63 60 62 60 56 57 57 54 53 54 55 53 55 55 57 59 59 57 58
    58 58 57 58 58 56 57 57 57 60 64 65 65 65 65 64 64 64 64 65 63 58 58
    58 60 61 61 61 61 60 60 63 66 66 66 64 62 63 64 63 63 64 63 62 62 61
    61 62 63 64 63 62 60 62 60 60 62 62 62 60 58 60 64 63 59 59 59 60 62
    59 60 61 61 61 62 65 65 65 62 62 63 63 63 64 63 63 61 60 61 62 62 62
    65 66 65 65 64 68 69 68 67 68 70 67 65 63 64 63 60 61 61 60 60 60 61
    62 61 58 58 58 58 56 56 53 51 50 62 59 59 61 61 63 64 64 68 70 69 66
    66 67 67 68 65 65 67 62 59 59 60 60 61 60 60 61 60 59 60 60 59 61 63
    65 64 63 63 64 65 66 67 70 69 68 65 65 65 65 65 64 66 67 64 65 64 64
    66 66 65 64 64 63 61 63 62 62 62 61 63 63 64 64 63 62 61 62 64 63 65
    64 65 63 65 66 67 66 66 65 67 63 62 61 63 62 62 62 61 60 59 59 61 61
    64 62 62 63 62 63 63 64 62 63 62 58 59 58 55 54 55 56 54 56 55 56 58
    58 57 59 60 59 59 61 60 59 60 59 59 62 64 64 65 64 63 63 63 62 62 63
    61 57 57 56 58 59 58 57 58 57 58 60 63 63 63 61 60 61 62 61 61 61 60
    60 60 61 61 62 63 64 64 63 61 62 61 61 61 61 62 59 58 59 63 62 58 59
    60 61 61 58 60 61 61 61 63 67 66 66 63 63 65 63 63 63 62 61 58 57 57
    59 59 60 64 64 64 64 65 68 69 67 65 65 67 65 62 62 62 61 59 60 62 61
    61 61 62 62 62 58 59 58 58 56 56 53 51 49 62 60 59 61 61 63 64 64 67
    68 68 65 65 65 65 67 64 64 65 62 59 60 59 59 59 58 59 60 58 57 59 59
    58 61 63 64 64 63 65 65 66 65 66 70 69 68 67 66 65 64 64 63 65 65 63
    64 63 64 65 65 65 65 64 63 62 64 63 63 62 60 62 62 64 64 63 62 62 62
    64 64 66 64 65 63 64 65 66 64 65 64 66 62 62 62 62 62 62 62 62 61 59
    59 61 61 62 61 60 61 60 62 61 64 61 61 61 58 59 59 56 56 57 58 56 58
    57 58 60 60 59 60 61 60 60 62 61 61 61 60 60 62 65 65 65 64 63 64 64
    64 63 64 62 58 58 58 59 60 59 58 59 58 59 61 63 63 64 61 61 61 62 61
    60 61 59 61 61 61 62 63 64 66 65 64 63 63 62 62 63 62 62 60 57 58 62
    60 57 58 58 59 59 57 58 60 60 60 62 66 65 65 62 63 64 63 63 63 61 61
    58 58 58 60 59 60 64 65 64 65 66 69 70 67 66 66 68 65 63 63 64 63 61
    61 63 63 62 62 63 63 62 60 60 60 60 58 59 58 56 54 64 61 59 61 61 62
    62 63 66 67 66 63 64 65 64 66 63 63 63 60 59 59 60 59 59 58 59 60 58
    58 58 58 57 58 60 62 62 60 63 63 63 63 64 67 66 66 64 64 64 62 62 62
    64 64 62 63 63 64 65 64 64 65 64 63 63 64 64 63 61 60 63 63 65 65 65
    63 63 63 64 64 66 64 64 62 64 64 67 65 65 64 67 64 64 62 63 63 63 62
    61 59 59 58 61 60 61 60 59 59 59 61 61 63 60 59 59 57 57 59 57 56 57
    59 57 60 59 61 62 62 60 61 62 60 59 60 58 58 58 59 58 59 62 62 63 62
    61 62 62 62 60 62 61 58 58 58 60 61 60 59 59 60 60 62 62 63 63 61 62
    61 61 60 59 60 58 59 59 59 60 61 63 64 64 63 61 62 61 61 62 61 62 58
    56 58 63 61 58 57 58 60 60 57 58 60 59 59 61 65 64 65 62 63 64 64 63
    61 60 59 57 56 56 58 57 58 62 65 64 65 66 69 69 67 64 66 66 63 60 62
    63 62 62 63 65 66 66 65 66 67 66 63 63 62 61 59 60 58 58 56 63 61 60
    61 62 63 63 65 68 69 69 66 67 68 67 68 66 65 64 62 61 61 61 61 60 59
    60 60 59 60 59 58 57 58 58 61 62 60 63 62 62 63 64 67 67 67 65 65 64
    63 64 64 66 65 64 64 65 66 66 65 66 65 65 64 64 64 66 64 62 62 67 66
    68 67 66 65 65 64 65 65 66 63 64 63 65 66 68 67 67 67 69 67 68 65 65
    64 64 62 61 59 59 57 58 58 58 57 58 58 59 61 61 64 61 62 62 61 62 63
    61 59 59 61 59 61 59 61 63 63 60 60 61 60 59 60 59 59 58 59 57 59 62
    63 63 63 61 62 62 63 61 62 61 58 57 56 57 58 57 55 56 57 57 58 59 60
    61 60 60 60 60 59 58 60 58 58 58 59 59 60 63 64 64 62 60 61 61 61 62
    62 62 58 56 57 62 60 58 58 60 60 60 59 60 63 62 62 63 65 63 64 61 63
    63 63 62 61 60 59 57 58 57 58 57 58 61 64 63 64 65 67 68 66 64 65 66
    62 60 62 63 62 62 63 66 66 66 65 66 67 66 63 63 62 61 58 59 57 56 55
    62 60 59 60 61 62 62 65 67 68 68 65 65 67 66 67 65 65 64 62 61 61 61
    61 60 59 61 59 59 60 59 58 58 59 60 63 63 61 64 63 63 64 65 67 68 68
    65 65 65 64 66 66 68 67 66 66 67 67 68 66 66 65 65 63 64 64 66 63 62
    62 68 67 69 67 67 65 65 65 65 65 65 62 63 62 65 66 68 67 66 66 70 70
    70 68 68 66 65 63 62 60 58 55 56 56 55 55 55 56 57 59 59 62 60 60 59
    58 60 60 59 58 58 60 58 59 58 61 62 62 59 60 61 59 58 59 60 60 59 59
    56 58 60 59 60 61 59 59 61 61 60 61 61 58 58 57 58 58 57 55 56 56 58
    59 60 60 60 60 62 62 62 62 61 62 60 60 60 61 61 62 63 65 63 62 60 61
    61 62 63 62 62 59 57 59 63 62 60 60 62 62 62 60 61 62 61 61 62 65 64
    64 62 64 65 65 64 65 62 61 59 59 59 61 60 60 63 66 65 67 68 69 69 66
    63 63 64 61 59 61 62 61 60 62 64 65 64 63 64 64 63 59 60 59 58 54 55
    53 52 52 63 61 59 61 62 63 63 65 68 69 68 66 67 68 67 67 65 64 62 62
    60 61 61 60 60 59 61 61 60 61 59 58 58 59 59 62 61 59 61 60 60 61 62
    63 64 64 63 64 63 63 65 65 67 66 66 65 67 66 65 63 64 64 65 63 65 66
    67 65 66 67 73 72 72 71 71 69 68 68 68 67 67 63 64 63 66 66 67 65 66
    66 71 69 70 68 67 65 64 63 63 60 57 54 55 54 54 54 54 56 56 58 58 61
    58 59 58 57 59 60 58 57 58 60 58 59 59 62 64 65 62 61 62 61 60 61 62
    61 60 60 57 59 61 62 62 63 62 61 63 63 62 64 63 62 60 59 60 60 59 56
    56 56 57 59 59 60 61 60 62 63 62 62 61 63 61 60 61 61 61 62 62 65 63
    62 60 61 61 60 61 61 61 60 58 61 66 64 62 62 64 64 63 61 61 62 60 60
    62 65 63 64 62 64 66 67 65 65 63 61 60 61 62 64 63 62 65 68 67 68 69
    70 70 67 64 64 64 62 60 61 63 61 61 61 64 65 64 64 63 63 62 58 59 58
    57 53 54 52 52 52 66 64 63 65 66 66 66 66 69 70 69 67 67 69 68 67 66
    65 63 63 61 63 62 61 60 60 62 61 60 62 61 60 59 60 59 62 61 60 61 60
    60 60 60 61 62 63 62 63 62 63 65 65 66 67 68 67 68 67 66 64 64 64 64
    63 64 64 66 64 65 66 71 70 70 70 70 69 67 67 68 68 67 63 63 64 65 64
    66 64 65 65 69 68 68 68 67 65 65 63 62 58 55 53 54 54 53 53 54 56 57
    60 60 63 60 60 59 59 60 60 58 57 56 58 56 58 58 61 63 64 61 61 62 62
    61 62 64 63 62 61 58 60 62 61 61 61 60 59 62 63 63 64 64 63 62 62 63
    63 61 58 58 58 59 60 60 61 62 63 64 65 65 65 63 64 62 61 62 62 61 62
    62 64 64 64 63 63 64 63 63 62 62 61 60 62 65 63 62 62 64 63 62 60 58
    59 58 57 60 62 61 61 61 63 64 66 64 64 62 60 58 60 60 62 60 61 63 66
    66 67 69 69 69 66 64 64 64 63 62 62 64 63 64 64 67 67 67 67 66 66 66
    62 63 61 59 55 56 54 54 55 62 61 60 62 63 63 62 63 66 67 66 65 66 69
    67 67 67 67 64 64 63 65 63 63 62 61 62 61 61 63 61 60 60 61 61 63 62
    60 62 62 62 62 62 63 64 64 62 64 63 64 65 64 65 65 66 65 67 66 65 64
    64 63 65 64 66 66 67 66 68 68 73 72 73 71 72 71 69 67 67 66 65 61 61
    62 62 62 63 62 63 65 69 69 69 69 69 67 66 63 64 60 57 54 55 57 55 55
    57 59 60 62 61 64 62 61 61 61 62 60 58 56 56 59 57 59 59 61 62 61 59
    59 62 61 59 60 61 60 59 60 57 60 61 60 60 60 60 59 61 62 62 64 65 64
    63 63 64 64 63 60 60 59 59 60 61 60 61 62 63 63 62 62 61 61 60 60 61
    62 61 62 62 64 63 62 62 62 62 61 61 60 60 60 59 61 64 62 62 62 63 62
    61 59 58 59 58 57 59 62 59 61 61 64 65 66 64 65 62 61 59 61 61 62 61
    62 63 66 66 68 68 69 69 67 65 66 65 65 63 64 65 64 63 64 67 68 67 66
    66 66 65 61 62 61 60 57 56 53 55 54 63 61 61 62 63 63 63 64 66 67 68
    68 69 72 71 71 72 71 69 68 66 67 65 64 62 61 62 60 59 60 59 60 59 60
    60 63 62 60 62 62 62 63 62 62 63 64 61 62 62 61 61 61 61 61 63 62 64
    64 64 63 64 64 65 64 67 66 67 66 67 68 71 70 70 69 71 70 69 68 69 68
    67 63 64 65 66 64 65 63 64 66 69 69 69 68 67 65 65 63 64 60 57 55 56
    57 56 56 59 59 61 62 63 66 62 62 62 62 63 61 60 58 57 60 57 60 60 61
    62 62 60 59 62 61 59 60 61 61 61 62 60 62 63 62 61 62 61 61 62 62 62
    64 64 63 62 63 63 62 60 57 56 56 56 57 58 57 58 60 61 62 63 63 62 62
    61 60 62 63 63 63 63 65 64 64 63 63 63 62 62 61 60 60 59 60 63 62 61
    61 63 61 61 59 58 59 58 58 60 62 60 61 61 63 65 66 65 65 63 61 58 61
    60 61 60 59 59 61 61 63 65 66 66 65 63 65 65 65 64 65 66 65 65 65 68
    68 67 66 65 65 64 61 61 60 60 57 56 54 55 56 61 60 59 61 63 63 62 63
    65 66 67 67 67 70 69 68 69 69 66 66 63 65 64 63 61 60 60 58 57 59 58
    59 58 58 58 61 60 59 62 61 61 62 61 61 63 63 62 63 63 62 63 62 62 64
    65 64 65 65 65 64 65 66 66 65 66 66 66 65 66 66 70 68 67 67 69 69 68
    67 67 67 65 61 62 62 62 61 61 59 61 62 65 66 65 65 66 66 66 63 64 60
    58 55 57 58 57 56 58 58 61 62 63 66 64 63 63 64 65 63 62 60 59 62 59
    60 60 62 62 61 60 59 62 63 59 61 63 63 63 65 64 66 67 66 63 65 63 63
    63 63 62 63 63 62 62 62 63 63 60 58 56 56 56 57 57 55 57 58 59 61 61
    62 61 61 60 59 62 62 62 63 63 64 63 63 63 62 63 61 62 61 59 59 59 60
    63 61 62 63 64 63 63 62 61 62 61 60 62 64 62 62 62 62 64 66 64 64 62
    59 56 58 57 59 60 58 57 60 60 62 64 65 66 65 63 63 64 65 64 64 66 64
    65 65 68 68 67 66 65 65 65 61 63 61 61 58 58 57 58 57 62 62 62 62 65
    66 65 66 68 69 70 69 70 72 72 70 70 69 67 67 65 66 65 63 61 60 61 59
    60 61 60 61 60 60 61 63 62 62 63 63 62 62 61 61 64 64 62 63 63 62 63
    63 63 63 66 65 67 67 67 65 67 68 68 67 68 67 66 64 65 65 68 67 67 67
    69 69 68 67 68 67 65 62 62 61 61 60 61 59 62 63 66 67 67 67 68 69 68
    65 66 61 59 56 57 59 58 57 58 60 61 63 65 67 66 65 65 66 68 66 66 64
    62 64 62 63 63 65 65 63 61 60 63 64 60 62 63 63 63 64 64 65 65 65 64
    66 65 65 65 66 65 65 66 66 65 64 64 64 60 58 55 55 56 56 56 54 57 58
    58 60 61 63 62 62 60 59 62 62 63 65 65 65 64 64 65 65 65 64 63 63 62
    63 62 64 66 63 64 64 66 65 64 63 61 61 60 60 62 63 61 60 60 60 62 63
    62 62 59 57 55 56 56 58 59 57 57 60 60 63 65 66 67 67 64 64 65 65 64
    64 64 63 63 61 64 65 64 63 63 64 65 62 63 62 64 60 61 60 60 60 61 61
    60 60 63 63 62 63 66 66 67 67 68 70 71 69 69 68 67 67 66 67 66 64 63
    62 63 62 62 63 62 62 62 62 62 64 63 62 63 63 61 61 60 59 61 62 60 62
    63 63 63 63 63 64 67 66 67 68 67 64 67 68 69 67 68 67 66 64 64 65 68
    66 65 65 68 68 68 67 68 67 65 62 62 61 61 59 59 57 59 60 63 64 64 64
    65 65 65 64 65 60 59 58 58 60 59 58 60 60 61 63 65 67 66 65 65 66 68
    66 66 64 62 64 61 61 62 64 65 62 60 59 61 62 59 60 62 61 60 61 62 63
    63 64 62 64 63 63 65 65 65 64 65 65 65 65 65 65 63 61 59 58 59 60 60
    58 61 61 60 61 60 61 60 61 59 59 62 61 62 65 65 67 66 66 67 67 67 66
    66 65 63 64 64 65 68 65 65 65 66 65 65 63 61 60 58 57 59 60 59 58 59
    59 62 64 62 63 61 59 58 59 59 60 60 58 56 60 60 61 63 65 66 66 65 66
    67 68 67 67 68 66 66 64 66 67 65 63 63 64 65 62 62 61 63 60 60 59 60
    61 60 60 60 60 62 62 61 62 65 66 67 68 69 72 71 70 70 70 69 70 69 67
    67 66 64 64 64 64 64 64 62 61 63 62 63 65 64 63 63 62 62 61 61 59 61
    61 60 62 63 63 65 65 64 66 69 67 68 69 68 65 67 67 68 67 67 66 66 65
    65 66 68 66 66 66 69 69 69 69 69 68 65 64 64 63 62 60 60 56 58 59 61
    63 61 61 63 64 64 63 65 60 59 58 59 62 61 60 62 62 63 64 66 68 66 67
    66 66 67 65 65 64 61 63 60 60 60 61 63 60 59 58 59 62 59 61 62 61 61
    61 62 63 64 64 62 63 63 62 64 64 64 64 65 64 64 64 65 66 63 61 58 58
    59 59 59 57 59 60 57 59 58 59 59 60 58 58 61 61 61 64 64 66 66 66 66
    67 67 67 66 65 64 64 65 65 68 66 66 66 68 66 67 66 64 64 61 60 62 62
    60 60 61 61 63 64 63 64 63 60 60 61 60 61 62 60 58 61 62 62 64 65 67
    67 66 66 68 69 68 67 68 65 66 64 65 66 65 64 64 65 67 64 65 64 65 62
    61 60 60 62 59 58 59 59 62 63 61 61 64 66 67 68 69 71 70 69 69 70 70
    70 69 68 69 68 65 65 66 65 64 65 63 63 64 63 64 65 64 63 63 62 61 60
    59 58 60 59 58 61 62 63 64 64 64 66 69 67 69 69 68 67 68 68 69 67 67
    66 65 64 66 66 67 65 64 65 68 68 68 69 68 66 64 63 63 62 61 59 59 56
    58 60 62 64 61 62 64 65 64 64 66 62 60 58 58 61 59 58 61 62 62 62 64
    67 66 67 67 68 70 66 66 65 63 63 60 59 60 60 62 59 59 58 59 62 60 62
    64 63 63 62 64 66 65 66 63 64 63 62 64 65 66 64 64 63 62 63 63 64 61
    59 57 56 57 56 57 54 56 58 55 57 56 57 58 58 58 58 62 62 62 65 65 66
    67 66 66 67 67 66 66 65 64 64 65 64 67 66 66 67 67 65 66 65 64 63 61
    60 61 61 60 60 61 60 63 64 63 64 64 62 62 63 62 63 65 62 61 63 63 62
    65 65 67 67 66 65 67 68 66 66 67 65 64 61 62 63 62 61 61 64 63 61 62
    62 65 63 62 61 60 64 60 59 58 59 61 61 60 59 62 62 63 64 65 67 67 67
    67 69 68 69 68 68 68 67 66 65 66 66 64 66 64 66 65 65 66 67 65 64 63
    64 62 60 59 58 59 59 57 60 61 62 62 62 63 65 67 67 68 69 68 67 68 69
    69 68 68 68 66 65 67 66 66 64 63 64 66 66 66 67 66 63 63 63 62 61 59
    57 56 54 56 57 60 62 58 60 63 65 64 64 66 61 60 58 58 60 59 58 59 61
    61 62 65 66 66 67 68 68 69 66 66 65 63 63 61 60 60 60 62 58 59 58 59
    62 60 61 63 62 62 61 64 64 65 66 64 64 64 63 64 64 66 65 66 65 65 65
    65 67 65 62 60 59 60 59 59 55 57 58 54 56 56 58 58 57 58 59 62 62 62
    65 65 66 68 67 68 67 67 68 68 67 66 67 68 67 69 68 68 68 67 66 66 65
    62 62 59 58 60 60 59 60 61 60 63 64 63 64 64 62 62 62 61 61 63 62 61
    62 62 62 64 65 67 66 64 64 66 66 65 65 66 64 63 61 62 63 62 61 62 63
    63 62 63 63 65 64 64 64 64 66 61 60 60 61 63 61 61 60 62 62 63 64 67
    68 68 68 68 69 68 70 68 67 67 66 64 64 63 63 62 64 62 63 63 62 63 64
    63 62 61 61 59 58 57 57 58 57 57 59 60 62 61 63 64 66 67 67 69 70 68
    68 69 71 70 68 68 68 66 65 66 65 64 62 62 63 67 67 67 67 67 64 64 65
    63 62 60 57 57 53 56 57 59 61 58 60 63 64 63 63 66 62 61 59 59 62 61
    60 61 62 63 63 65 66 68 68 69 69 71 69 68 67 64 64 62 61 61 61 61 57
    59 57 59 61 61 62 63 62 62 62 65 64 66 67 65 65 65 64 65 66 68 67 68
    67 66 67 67 68 67 65 62 62 61 60 60 58 59 59 55 55 55 55 54 54 55 56
    58 56 57 60 61 62 65 64 66 66 66 66 67 68 67 66 68 67 69 68 67 67 66
    65 64 64 63 63 60 58 59 59 58 58 60 59 61 61 60 62 63 62 62 62 62 62
    63 61 60 62 63 61 64 65 67 66 65 66 67 67 66 65 66 64 63 61 62 64 62
    62 64 66 67 65 67 67 69 68 69 69 68 70 60 60 60 60 63 62 61 61 63 64
    64 66 68 69 70 69 70 71 70 71 69 67 68 65 64 63 64 63 62 64 62 65 65
    64 66 66 65 64 63 63 60 60 57 58 58 58 57 59 61 62 61 62 63 65 65 65
    67 68 67 67 68 69 68 68 67 67 65 64 65 64 62 60 60 61 64 64 65 66 65
    62 61 64 63 61 61 59 59 56 58 60 62 64 60 63 66 66 65 64 67 63 62 61
    61 63 62 60 61 62 62 63 65 66 67 67 70 70 71 69 69 67 64 63 62 60 60
    59 59 57 58 58 60 63 63 64 65 65 65 64 67 67 67 67 66 66 65 64 65 65
    66 65 66 65 65 65 64 66 65 64 62 62 61 60 60 58 59 59 56 57 56 56 56
    56 56 58 58 58 58 60 62 63 65 64 65 65 65 67 69 69 69 67 67 66 67 67
    66 65 64 63 63 63 63 63 61 61 61 61 62 62 63 61 62 63 63 64 65 63 63
    62 62 61 63 62 60 61 61 60 62 62 64 63 62 64 66 65 64 63 64 62 61 61
    62 63 62 61 63 66 67 66 68 69 71 71 72 72 72 73 55 56 56 57 58 58 58
    59 60 62 63 66 67 68 68 67 68 70 69 69 67 64 65 63 62 61 62 61 59 61
    60 63 64 62 64 64 65 62 62 62 60 61 58 59 59 57 57 59 61 61 61 62 62
    65 64 65 67 68 67 68 69 70 69 68 67 68 65 64 67 65 63 62 62 63 66 65
    67 68 66 62 62 65 64 62 62 61 61 58 59 60 63 64 62 63 66 66 65 63 66
    63 63 62 62 63 63 61 62 62 62 62 64 65 67 67 70 70 71 70 70 69 66 65
    64 61 61 59 59 57 58 59 61 63 63 63 64 64 65 65 67 67 67 67 67 68 67
    66 66 65 66 64 64 64 64 63 62 64 63 63 62 62 62 61 60 58 59 60 57 57
    56 55 56 56 56 59 58 58 57 59 61 61 63 61 62 63 62 66 66 68 67 65 66
    64 66 66 65 63 62 62 62 64 64 64 64 62 63 63 64 64 65 63 64 64 64 65
    66 64 65 64 64 64 65 63 63 63 62 61 63 64 65 64 62 63 64 64 63 63 62
    61 60 59 60 61 60 61 63 65 66 66 67 68 70 71 71 71 69 70 60 61 60 60
    61 62 62 62 63 63 64 67 68 68 69 67 67 68 68 68 67 64 64 63 62 60 63
    63 61 62 62 64 64 64 66 65 65 63 62 62 60 59 57 58 57 56 56 58 60 61
    61 63 62 64 64 65 67 68 67 66 68 69 67 67 66 67 65 63 66 64 63 62 62
    63 66 66 68 69 69 65 65 67 67 65 65 62 63 60 62 61 64 64 61 62 64 64
    64 62 65 61 62 60 60 61 62 60 60 60 60 60 63 63 65 66 68 68 69 70 71
    70 68 65 66 63 63 61 61 58 60 59 61 63 64 64 66 64 66 66 68 67 67 67
    67 67 67 68 67 66 66 64 65 65 64 63 62 62 60 60 60 62 63 61 59 58 59
    60 58 60 58 58 58 58 58 61 60 59 60 61 62 62 64 62 63 65 64 68 69 69
    69 67 68 66 68 67 66 65 63 63 64 65 65 66 65 64 66 65 66 65 65 63 64
    65 65 66 66 63 65 64 64 65 65 64 63 62 62 61 64 64 66 65 63 64 65 64
    64 63 63 61 61 59 60 60 60 61 63 65 66 66 66 67 70 71 72 72 70 70 59
    60 59 59 60 60 61 61 61 62 63 64 66 66 67 65 65 67 66 67 66 64 65 63
    63 61 62 63 60 61 61 63 63 63 64 64 64 63 62 62 60 60 56 57 56 56 56
    58 61 62 63 65 64 67 67 68 69 70 69 68 68 68 67 66 65 67 65 64 66 64
    64 64 64 65 69 68 70 70 70 67 67 67 65 63 63 61 62 58 60 60 62 64 62
    63 66 66 65 64 66 63 64 62 61 62 62 60 60 60 59 59 60 61 63 64 67 67
    69 70 71 70 67 65 66 62 63 61 60 58 59 59 61 64 65 64 66 64 66 65 67
    65 64 63 64 64 64 64 65 64 64 62 64 64 64 62 61 62 61 61 62 63 64 63
    62 60 61 62 59 61 58 57 58 57 59 61 60 59 60 61 62 62 63 61 61 62 62
    66 67 69 69 68 69 67 70 69 69 68 65 66 65 66 66 67 67 66 67 65 66 66
    65 65 66 66 66 67 67 64 66 65 65 65 65 64 63 63 62 61 64 65 66 65 64
    65 66 65 65 64 63 62 61 60 61 62 62 63 65 67 68 69 69 70 73 74 74 74
    72 72 62 63 62 62 62 62 61 62 61 61 61 63 65 67 67 66 66 68 68 69 69
    67 67 65 63 62 64 65 62 63 62 63 63 64 64 65 65 63 62 62 61 61 59 59
    58 58 57 60 62 64 65 66 65 67 66 67 68 69 68 67 66 66 65 64 63 65 64
    63 65 64 64 65 65 65 68 68 70 69 68 66 66 66 65 64 65 63 64 61 63 63
    65 66 64 66 68 67 66 65 68 65 65 63 63 64 63 61 62 60 60 59 60 61 62
    62 64 65 66 67 69 67 65 62 63 61 62 60 59 58 60 59 61 63 65 63 66 64
    65 65 65 63 62 61 63 63 63 63 64 62 63 62 64 64 65 62 62 62 61 61 63
    63 64 62 61 61 61 61 60 61 58 56 58 57 60 61 60 60 61 61 62 63 65 63
    64 65 65 69 69 70 70 69 69 67 69 68 66 65 62 63 63 63 63 64 65 63 65
    63 65 67 66 66 66 67 67 68 69 66 68 67 66 66 65 64 65 64 63 63 66 66
    67 65 65 67 67 65 65 64 63 62 61 59 62 63 62 63 66 68 68 69 68 69 72
    73 72 72 70 70 60 61 60 61 60 60 60 60 59 59 59 60 63 65 64 64 63 64
    64 65 66 65 66 65 62 61 62 63 61 62 62 61 61 62 62 63 64 62 61 61 60
    61 59 60 59 59 59 61 63 66 67 68 68 69 67 68 69 68 67 66 63 63 61 60
    60 63 62 61 63 62 62 63 63 63 66 65 67 66 65 63 63 65 64 64 65 63 64
    61 63 63 64 65 63 64 66 64 64 64 66 63 63 62 62 63 63 62 62 60 60 60
    60 61 63 63 63 63 64 65 66 65 61 60 61 59 61 59 59 58 60 60 62 64 66
    65 67 65 67 66 67 64 63 62 64 64 63 63 65 63 64 63 65 66 66 64 64 63
    63 62 64 64 65 63 62 61 61 62 61 61 58 55 57 57 59 60 59 60 61 61 62
    64 66 64 64 64 64 69 68 68 68 66 66 63 65 65 64 63 60 61 61 63 63 64
    65 63 65 64 65 66 65 66 65 66 67 69 70 67 70 69 69 69 66 66 65 64 63
    62 65 64 64 62 63 66 66 65 65 64 64 64 63 62 65 64 63 64 67 67 67 68
    67 68 71 72 72 72 70 70 61 62 61 64 62 62 62 61 59 60 61 62 63 66 64
    63 63 65 65 65 66 65 66 65 62 61 63 63 61 61 62 62 61 62 62 63 65 64
    62 63 62 62 60 61 61 61 61 62 63 65 67 68 68 68 67 67 68 67 66 65 62
    62 60 59 59 60 60 61 63 62 62 63 63 63 65 65 67 65 64 63 64 64 64 63
    66 65 65 63 66 66 67 66 65 67 68 66 66 66 67 65 64 62 62 63 61 62 60
    58 58 58 58 59 60 60 60 62 61 63 66 65 62 62 64 62 63 62 61 60 62 61
    63 64 67 65 68 66 69 69 70 66 65 64 65 64 64 63 65 63 64 63 66 67 67
    65 64 63 62 61 62 61 62 60 60 58 59 60 59 61 60 58 59 58 61 61 60 60
    61 60 60 61 64 62 62 63 64 68 68 67 68 67 66 64 66 65 64 63 59 61 61
    63 64 66 67 65 67 66 66 68 66 67 67 66 68 69 70 67 68 67 68 68 66 66
    66 64 63 63 65 66 65 63 63 65 64 63 64 63 63 63 61 62 65 64 63 65 68
    67 67 67 66 68 70 71 72 72 69 68 58 59 59 62 62 61 61 61 60 62 63 64
    65 66 65 63 64 65 64 64 64 64 64 64 62 62 63 62 61 62 63 63 61 63 63
    63 64 63 62 62 61 62 61 61 60 60 61 61 63 65 65 66 65 66 65 66 67 66
    67 67 64 64 63 61 61 62 60 60 62 60 61 62 61 61 63 62 65 63 63 60 62
    61 62 62 65 64 64 64 66 66 68 67 67 68 69 68 67 67 66 65 64 62 63 62
    61 61 59 56 56 57 56 57 59 58 58 60 60 63 66 65 64 63 66 63 66 66 64
    63 63 63 65 66 68 67 70 67 69 69 70 67 65 64 65 65 64 64 66 64 65 64
    66 67 67 65 65 63 62 60 62 61 63 61 62 61 61 62 62 63 63 60 61 60 62
    61 60 61 62 60 60 61 64 62 63 63 64 68 68 67 69 69 67 65 67 65 65 64
    61 63 63 64 63 64 66 64 66 66 66 69 66 67 68 68 68 69 70 68 68 67 67
    67 64 63 64 62 61 61 63 65 64 61 62 65 65 64 65 65 64 64 63 64 66 64
    62 64 66 65 64 64 63 64 66 67 69 69 66 64 59 60 59 63 61 61 61 61 59
    61 63 64 65 66 65 63 63 66 65 64 64 64 64 63 62 61 63 63 61 61 64 64
    62 65 65 64 66 64 63 64 64 65 63 63 62 61 63 63 64 65 66 67 65 66 66
    66 68 67 67 67 64 64 62 61 61 61 61 61 61 60 61 62 61 61 62 62 64 61
    62 61 62 60 61 61 64 63 63 63 66 65 66 64 66 67 68 67 68 68 67 66 65
    63 65 63 63 63 60 56 56 57 55 56 58 56 55 57 56 61 64 64 63 64 67 65
    67 67 64 64 64 63 65 66 67 67 69 67 70 71 71 67 66 64 65 65 64 64 67
    64 65 65 67 69 69 67 67 65 64 62 62 62 64 63 63 62 62 63 64 64 65 63
    64 61 63 62 61 62 63 61 61 62 64 63 64 65 66 70 69 68 70 71 68 67 69
    67 67 67 63 64 65 65 65 66 67 65 68 67 66 69 67 68 68 68 69 69 70 67
    67 66 64 65 62 61 61 60 60 60 62 64 63 62 64 67 66 66 68 67 66 67 65
    68 70 67 65 67 69 66 66 65 64 65 65 67 69 68 65 62 57 59 58 62 61 62
    62 62 61 63 64 65 65 67 64 63 62 63 63 62 63 63 63 64 61 61 61 62 62
    60 64 62 61 63 63 63 65 64 63 63 64 65 64 64 63 63 66 65 67 68 68 69
    66 68 68 68 68 66 66 65 62 61 59 58 58 57 57 57 58 57 58 60 59 59 62
    61 63 61 61 60 62 59 61 61 64 63 64 63 67 67 67 64 66 67 67 66 67 68
    66 66 63 62 65 65 64 65 63 59 58 59 57 59 60 58 55 57 55 59 62 63 62
    63 65 63 67 67 65 65 65 65 67 67 68 68 71 68 72 72 73 69 66 64 66 65
    65 65 68 65 66 66 68 70 70 68 67 64 64 61 62 62 64 63 65 63 64 67 67
    67 68 65 66 63 64 62 61 63 62 62 62 63 65 63 64 65 66 69 68 67 68 68
    65 63 66 64 64 64 61 63 64 65 64 66 67 66 69 68 66 68 65 67 67 68 68
    68 69 67 68 67 67 68 63 63 62 60 60 61 62 64 63 61 63 67 66 67 70 68
    67 69 65 68 69 66 64 66 66 64 64 63 62 65 66 67 70 69 66 64 58 59 58
    61 59 62 61 61 60 61 62 62 62 65 62 61 60 62 62 61 63 64 65 66 63 63
    64 65 65 64 67 65 63 66 65 65 68 66 65 66 67 67 67 66 66 65 68 66 68
    69 70 70 67 67 67 66 66 63 64 63 60 58 58 57 57 56 56 58 59 58 59 62
    61 60 61 61 63 60 59 60 61 59 60 60 64 64 65 65 69 68 69 65 67 68 68
    67 69 69 67 67 64 62 65 65 64 65 64 58 59 59 58 60 61 59 56 57 54 58
    61 61 60 61 62 60 64 66 64 65 65 66 67 68 69 70 72 69 74 74 74 71 67
    65 67 65 64 64 67 63 65 65 66 68 68 66 66 64 64 62 63 62 65 63 65 62
    64 66 66 67 68 66 67 65 67 64 65 66 67 66 64 66 69 66 66 66 68 72 69
    67 68 70 66 63 65 63 63 63 59 61 63 64 62 64 66 64 68 68 67 69 67 69
    68 69 70 71 71 68 68 66 66 67 62 62 62 60 60 60 61 63 62 61 63 67 66
    67 69 68 67 69 67 69 71 67 64 66 66 64 63 63 60 63 64 65 68 67 64 63
    59 59 57 61 58 60 61 60 58 59 60 59 60 64 61 61 60 61 63 61 63 65 66
    67 64 65 64 65 64 62 65 63 62 65 62 63 66 65 65 66 68 68 68 67 67 67
    70 67 69 70 71 71 69 69 69 68 67 66 68 66 62 61 59 57 56 56 57 58 57
    56 59 62 61 60 63 63 65 61 62 63 64 60 60 60 63 63 63 64 67 65 65 63
    66 68 69 69 70 71 69 69 68 65 67 67 66 67 65 59 60 60 58 60 62 59 56
    57 55 58 62 62 61 62 63 62 65 67 64 65 64 64 66 66 67 68 70 67 72 72
    72 69 66 64 65 64 63 63 67 63 65 65 67 69 69 68 68 66 66 63 64 62 66
    64 65 62 63 65 64 65 66 64 66 63 65 63 65 67 68 67 66 67 69 66 66 66
    68 71 69 66 67 70 67 64 67 64 64 65 61 63 64 65 63 63 65 63 67 66 64
    67 65 67 67 68 69 70 71 68 68 68 67 67 61 61 60 59 58 59 61 64 63 61
    64 68 68 69 71 70 69 70 68 70 72 69 66 68 67 65 64 64 62 63 64 64 66
    66 63 62 62 62 61 63 61 62 62 62 60 59 60 58 60 64 61 61 59 61 62 62
    65 67 68 69 66 66 66 68 66 64 67 65 64 67 65 66 68 68 67 67 68 67 67
    66 66 67 69 68 69 70 72 72 70 69 70 69 67 66 67 66 60 60 60 58 58 57
    58 60 58 57 60 63 62 61 63 64 65 60 61 63 64 60 60 59 62 62 62 63 68
    66 66 64 66 67 70 69 71 72 71 70 69 66 67 68 67 68 66 59 61 59 57 59
    61 59 55 56 54 57 62 60 60 61 63 61 65 67 64 64 64 63 65 66 68 68 70
    66 70 70 71 67 65 63 64 62 62 62 67 64 66 66 69 71 70 69 69 67 66 63
    63 62 66 62 65 62 62 64 63 65 66 65 66 64 66 64 67 68 70 70 69 69 71
    68 68 68 69 71 69 67 67 70 67 64 67 65 65 67 63 64 65 64 63 63 64 63
    66 64 62 65 63 66 67 67 70 72 71 68 69 69 68 68 62 62 61 59 59 60 62
    66 64 63 65 70 70 71 73 71 70 71 68 70 72 68 65 67 66 63 63 62 61 62
    63 64 66 66 63 62</data></my_img>
<your_img type_id="opencv-matrix">
  <rows>256</rows>
  <cols>256</cols>
  <dt>u</dt>
  <data>
    61 61 67 68 67 66 66 65 69 73 78 76 64 54 55 52 59 72 75 68 70 68 61
    67 73 72 75 79 66 64 73 77 77 91 85 77 61 62 57 65 57 57 55 43 45 51
    57 55 69 56 55 52 56 47 63 60 68 76 80 76 72 67 61 67 61 65 57 56 46
    57 64 70 74 80 79 77 82 74 74 60 62 53 55 57 72 77 91 92 88 78 70 63
    61 57 66 57 64 74 80 76 79 75 62 54 52 54 54 56 57 49 40 43 46 56 72
    80 82 74 66 51 55 57 63 67 68 60 49 55 54 61 68 77 79 73 68 65 67 64
    70 81 81 72 57 50 39 42 39 42 45 46 41 46 52 48 51 53 51 45 49 48 53
    61 66 71 77 70 61 58 58 48 56 64 63 59 62 61 55 54 63 71 76 78 91 80
    67 64 71 59 69 67 68 55 65 59 64 56 54 49 52 45 49 58 56 53 66 62 57
    55 50 40 49 49 58 59 63 54 57 54 58 55 61 58 57 55 50 50 56 57 69 71
    70 64 59 50 61 54 55 55 47 41 40 39 43 52 53 67 69 71 70 64 62 61 60
    54 63 59 56 59 65 68 68 73 73 69 73 77 79 80 70 56 53 46 53 67 77 73
    75 71 64 66 70 71 74 80 68 70 78 76 74 88 83 77 68 66 58 62 54 52 48
    41 44 54 57 61 74 61 56 53 52 46 61 62 70 79 80 75 72 67 64 67 67 68
    59 59 53 60 68 71 70 74 73 69 73 66 67 56 55 53 58 58 69 76 83 84 86
    78 71 71 71 65 73 66 69 73 77 70 74 69 59 55 55 58 59 63 62 58 48 47
    48 57 70 77 79 74 66 52 53 56 60 60 63 61 54 59 60 63 66 73 75 75 70
    66 65 62 67 77 75 69 60 50 47 50 49 51 56 51 48 50 51 46 48 53 51 48
    52 52 54 62 67 70 76 71 63 60 59 51 57 61 62 62 67 64 59 55 56 65 69
    72 87 82 69 69 75 62 64 65 63 48 55 53 54 49 54 52 54 51 52 57 53 52
    58 61 55 58 54 46 47 48 56 57 66 62 62 55 57 52 51 51 56 53 49 51 59
    59 71 75 74 70 65 59 63 61 56 55 48 46 41 44 46 52 55 69 72 71 72 67
    67 68 69 60 65 62 71 73 70 69 63 66 67 69 74 82 87 84 75 64 59 53 61
    72 77 75 73 67 59 67 68 69 73 81 67 70 77 74 74 89 82 76 72 70 63 68
    63 59 55 46 46 54 60 63 75 68 63 58 59 53 61 63 69 71 73 72 72 68 69
    70 69 67 60 57 54 57 63 68 70 77 76 73 77 71 65 57 57 53 58 57 66 68
    72 71 77 74 72 73 71 65 69 61 65 70 74 71 77 71 66 60 58 60 61 61 61
    57 49 50 50 55 64 68 66 66 64 55 59 61 60 60 63 61 59 64 65 68 71 75
    77 72 66 63 62 62 70 78 76 72 64 54 51 50 49 51 57 54 52 52 52 45 47
    53 52 51 57 59 59 69 69 68 70 68 59 57 58 53 53 61 63 64 69 66 61 56
    55 62 70 70 85 83 74 73 76 63 64 61 58 47 55 54 60 53 59 54 56 51 56
    54 53 55 59 61 61 61 54 47 49 49 56 60 66 65 63 57 56 55 53 57 65 62
    56 55 56 56 67 69 70 68 66 60 67 63 62 56 50 46 43 46 52 55 60 72 74
    69 75 72 73 74 78 68 69 68 60 57 53 59 55 64 67 71 73 79 77 79 72 68
    65 58 64 76 77 79 78 73 66 72 68 69 72 75 60 66 74 73 74 90 85 80 80
    78 69 68 68 63 60 52 54 53 57 59 72 68 66 61 60 57 60 64 74 77 74 76
    73 63 67 70 72 68 65 56 53 53 60 67 70 76 74 72 72 68 67 62 61 61 65
    64 69 70 70 68 68 69 68 71 70 69 69 61 64 66 67 68 74 71 67 62 59 62
    61 65 69 67 62 61 61 59 67 64 67 60 60 52 60 63 65 65 64 63 58 67 69
    74 72 73 67 63 57 53 54 59 63 69 74 71 66 58 57 52 48 45 52 48 45 44
    44 40 43 51 56 61 64 68 65 68 68 66 63 69 66 60 60 59 55 60 62 68 70
    68 64 62 56 60 67 68 79 79 71 69 71 61 59 54 50 44 51 53 60 55 56 47
    51 52 55 59 58 58 56 64 62 64 61 57 56 52 54 56 62 62 65 64 66 66 62
    67 72 71 64 67 65 65 73 73 68 67 60 56 64 63 65 61 60 53 53 52 55 56
    59 67 68 69 71 68 69 71 74 67 71 68 66 65 54 57 51 62 65 74 76 83 82
    82 76 78 70 66 74 82 77 79 72 68 62 70 65 68 68 68 59 65 69 68 68 78
    78 76 79 78 73 68 71 68 67 59 63 58 60 60 69 64 66 59 61 61 58 64 71
    71 69 74 72 64 69 69 75 71 68 62 58 52 56 64 69 77 78 76 74 69 69 67
    67 67 69 67 68 67 62 64 64 66 67 73 69 70 70 62 62 64 60 64 73 71 68
    66 62 61 58 61 65 64 63 66 68 64 67 61 60 59 59 53 62 62 61 64 64 64
    65 69 71 75 74 72 69 60 56 51 50 56 63 67 71 70 65 59 57 52 54 53 58
    54 54 48 48 45 50 56 63 70 76 81 75 76 71 63 56 62 60 53 55 57 52 55
    63 69 75 76 74 68 58 58 63 65 73 79 75 73 70 65 61 55 49 47 50 52 58
    56 59 53 55 56 59 58 58 60 60 68 68 67 64 60 58 56 58 61 64 66 67 68
    62 67 64 70 72 73 67 70 65 66 71 67 61 61 57 58 66 68 71 64 64 57 57
    57 64 62 68 73 75 76 79 77 74 70 75 66 70 69 66 69 57 60 56 71 74 83
    84 88 83 86 83 83 72 70 76 82 78 86 78 68 66 71 62 61 64 63 54 64 68
    64 64 73 74 74 79 75 71 64 67 67 66 62 64 60 59 56 62 62 62 60 64 69
    64 74 80 76 68 68 67 62 68 70 78 74 69 64 60 54 57 65 68 76 75 71 64
    61 61 65 60 65 66 62 57 60 56 60 67 71 74 81 74 73 71 65 65 65 63 68
    74 76 72 67 62 64 60 64 71 74 72 71 73 66 66 58 56 55 57 52 56 59 58
    60 62 67 69 72 73 74 73 67 64 58 54 49 53 57 60 64 68 65 68 64 68 61
    66 64 68 59 59 52 46 46 51 55 62 71 76 80 73 74 68 57 47 58 54 48 52
    59 50 52 59 67 71 71 70 68 52 54 62 64 72 83 80 81 74 70 60 55 45 48
    49 53 53 51 52 49 51 55 56 57 55 57 55 70 68 68 69 68 62 61 61 61 62
    62 62 65 59 64 63 72 75 78 72 70 63 63 62 58 57 57 57 65 73 77 81 74
    74 66 62 61 69 67 75 80 79 78 79 76 77 77 79 71 73 71 59 61 54 55 51
    65 71 78 80 88 84 87 84 87 77 77 79 84 76 81 74 66 68 74 68 67 68 61
    54 60 63 64 64 69 70 69 71 71 71 67 74 74 77 68 69 59 57 53 60 64 70
    68 70 73 67 70 74 70 65 64 64 58 66 70 77 75 72 65 56 50 54 65 71 78
    78 71 59 57 55 57 59 63 64 62 56 56 56 63 72 77 80 82 71 68 65 59 59
    64 64 73 75 79 74 67 62 66 64 66 70 71 74 70 70 67 66 59 59 59 62 61
    60 63 64 67 67 71 70 67 67 65 68 62 61 54 54 49 59 62 63 68 75 68 70
    73 70 61 68 63 64 59 61 53 54 55 58 58 64 70 73 75 70 73 68 58 51 56
    52 44 47 55 48 49 56 62 64 66 66 68 54 52 59 59 65 77 78 84 77 70 62
    53 43 50 54 59 58 53 53 46 47 53 55 54 53 52 52 66 65 64 64 64 58 58
    58 62 62 59 58 64 56 60 65 72 72 74 73 65 62 58 55 51 53 49 54 65 75
    78 86 79 77 67 64 63 73 74 81 83 78 73 71 70 74 78 78 73 71 69 49 51
    49 55 57 71 75 80 80 85 80 89 86 92 81 81 80 82 72 74 67 61 65 67 67
    68 69 63 64 67 66 63 63 61 61 60 63 60 59 52 56 63 69 66 75 69 65 60
    65 61 67 63 64 67 64 64 71 72 68 65 65 61 63 67 77 81 73 70 63 58 58
    67 73 77 74 67 56 51 51 57 58 64 66 66 57 62 63 67 72 76 72 74 66 64
    64 63 58 63 62 65 66 74 68 63 62 62 58 63 69 72 77 75 75 71 70 69 70
    69 72 67 61 64 68 71 71 73 70 65 61 62 66 61 60 56 58 55 61 63 60 62
    66 59 66 73 70 63 73 64 64 56 63 53 55 57 61 56 61 67 67 72 68 72 66
    61 57 61 58 49 48 54 46 45 55 60 62 66 65 68 57 50 52 55 56 67 68 78
    71 70 64 60 49 54 55 58 53 53 53 49 49 54 56 55 53 51 55 62 55 55 63
    62 58 64 63 61 64 64 61 67 60 59 60 63 62 67 69 68 67 63 56 51 52 49
    53 64 73 77 84 79 80 71 68 69 75 73 81 82 75 72 68 64 63 66 68 66 67
    65 57 57 57 58 64 76 80 79 84 84 78 87 88 93 80 82 78 77 67 70 62 59
    65 66 65 66 68 58 63 67 69 64 65 60 59 58 57 56 59 55 55 62 64 60 68
    64 63 61 63 57 62 60 61 62 66 67 72 69 69 64 66 63 64 64 71 71 65 69
    63 62 64 67 72 73 67 60 52 44 47 49 48 52 54 55 54 60 65 66 71 70 64
    64 58 54 59 63 57 67 70 71 66 78 69 62 63 66 60 64 65 66 69 71 70 70
    67 68 68 70 73 68 55 55 55 59 58 63 64 59 55 63 69 64 67 65 64 63 67
    65 61 65 63 63 66 76 71 70 79 73 66 60 64 54 58 64 69 65 63 64 62 64
    58 67 63 63 59 61 54 52 48 56 54 51 55 56 58 59 62 64 58 52 56 55 59
    73 73 78 74 73 65 60 55 61 61 60 56 58 58 53 54 53 50 50 47 46 55 59
    53 52 61 58 53 58 58 56 60 62 61 68 60 56 56 55 56 61 68 66 70 61 56
    50 56 50 62 69 75 72 78 75 74 67 64 68 70 67 76 80 73 69 67 61 60 61
    63 62 63 61 61 60 62 66 69 77 80 74 78 80 75 82 87 88 74 73 66 65 61
    70 69 67 72 70 66 68 73 67 68 71 72 66 65 63 62 55 54 52 54 48 52 54
    57 56 65 64 64 65 67 66 67 63 66 60 64 64 73 68 75 69 68 66 68 64 69
    73 65 66 65 65 68 68 70 71 63 53 50 49 46 50 53 57 62 62 59 64 66 61
    67 68 62 62 61 55 56 62 57 61 67 69 62 71 66 61 60 63 59 65 63 69 73
    74 71 70 62 67 67 67 75 73 57 57 58 57 58 65 64 62 60 63 64 64 65 61
    59 60 64 63 57 62 62 62 69 80 78 75 79 70 66 60 64 55 57 59 64 62 58
    58 56 55 51 63 62 61 60 64 58 55 55 62 55 55 56 51 51 53 56 63 64 60
    65 60 63 74 71 73 75 72 67 64 65 70 70 69 70 65 62 55 53 50 53 53 53
    49 54 55 47 46 56 57 54 62 58 54 57 58 58 65 60 55 52 50 52 60 64 65
    67 61 56 55 61 54 63 64 70 68 75 75 79 72 70 73 68 64 70 73 62 59 54
    52 55 64 66 70 66 63 57 53 58 61 65 73 76 67 74 79 76 83 88 88 76 72
    63 63 63 64 64 66 70 69 68 69 75 71 71 74 76 69 64 62 58 52 55 53 55
    54 58 59 64 60 64 62 64 64 69 64 67 62 64 58 66 60 68 64 72 69 71 65
    70 67 69 72 67 64 65 65 68 70 73 70 61 49 48 45 47 51 55 58 67 66 65
    72 69 58 63 67 57 65 68 62 64 69 57 59 65 61 60 70 68 65 71 67 63 65
    57 57 65 69 64 68 63 66 64 68 73 71 55 54 51 51 53 62 61 61 60 62 62
    66 67 67 65 65 61 61 54 59 61 68 71 82 78 74 70 61 62 58 63 56 59 57
    59 59 55 59 56 53 50 63 60 62 62 59 58 57 58 62 59 56 54 46 51 55 57
    62 65 59 62 57 61 71 69 69 75 73 67 67 71 71 71 70 70 66 67 60 61 58
    62 57 57 51 55 54 51 55 59 59 56 63 58 58 64 68 65 67 65 59 51 44 49
    54 59 61 70 65 63 61 68 62 74 70 72 71 72 70 77 70 69 78 73 71 76 78
    68 62 55 54 51 59 64 71 68 71 68 64 65 71 75 79 81 74 74 73 70 75 79
    79 67 69 63 59 59 63 62 64 70 68 65 60 65 61 62 68 75 65 64 68 59 56
    59 54 52 56 52 54 59 59 60 62 66 60 60 55 58 54 60 58 64 58 66 63 69
    72 76 73 74 70 65 66 60 61 64 66 71 71 73 71 66 58 59 55 56 57 57 57
    66 64 64 71 70 56 60 63 53 59 63 61 65 68 61 64 69 62 67 79 79 71 78
    71 60 59 55 51 57 65 65 68 67 68 67 64 69 62 51 44 45 42 46 51 56 60
    60 65 62 66 63 63 60 62 54 55 50 53 53 64 64 73 72 71 64 59 62 59 60
    60 60 54 57 60 52 56 56 56 50 64 61 59 54 55 55 56 61 68 62 61 58 49
    50 55 54 63 66 63 69 67 63 69 66 62 68 75 71 71 78 76 72 69 71 68 66
    60 69 62 63 63 61 52 58 57 51 58 63 62 65 71 62 57 61 61 60 66 68 64
    58 50 51 58 64 67 72 71 69 65 68 66 73 68 69 68 70 72 75 69 67 73 63
    63 69 72 66 66 57 57 52 55 57 70 68 70 77 74 72 77 78 78 79 72 73 71
    66 64 70 67 58 63 60 58 63 67 65 70 74 72 66 60 65 61 55 63 73 66 65
    73 66 63 65 65 63 68 64 59 61 58 55 52 56 48 49 48 57 59 67 63 69 62
    63 60 69 71 76 76 75 69 65 60 55 55 55 56 66 66 68 65 62 55 56 58 64
    64 61 60 67 59 62 68 70 58 65 67 64 66 70 69 68 70 65 66 67 66 70 77
    73 71 76 68 61 64 59 56 61 66 64 68 65 66 68 65 66 60 54 44 45 42 48
    51 59 63 66 65 62 60 58 55 54 55 51 55 53 62 60 68 61 65 60 65 59 61
    63 63 61 65 61 59 60 63 53 59 57 57 52 61 60 55 47 48 49 54 62 70 65
    64 55 48 49 55 54 63 63 65 73 70 70 79 72 64 73 77 72 73 79 75 71 69
    71 67 67 64 68 64 66 65 64 58 59 61 59 61 61 62 60 64 57 59 64 61 64
    73 74 68 68 57 56 60 63 62 69 66 66 67 68 67 71 65 62 64 64 68 72 70
    67 70 59 61 63 68 68 71 64 68 65 65 69 80 78 80 70 70 69 78 81 80 78
    76 75 72 67 65 68 61 53 61 57 56 67 72 72 78 80 77 74 67 69 69 60 65
    71 66 62 70 64 63 65 64 62 64 60 57 60 60 62 59 59 51 56 51 62 63 70
    66 68 59 63 58 62 69 76 79 85 82 75 68 61 53 55 58 67 67 70 68 69 63
    66 70 71 70 66 68 73 66 63 67 64 57 63 69 66 69 71 70 67 69 67 63 62
    59 65 69 71 72 78 65 61 60 57 54 63 64 65 66 67 66 64 64 69 63 62 56
    56 51 58 55 64 67 74 66 68 65 62 57 61 59 57 61 60 68 66 68 61 59 55
    59 55 58 61 63 63 69 66 61 61 60 51 57 60 57 58 68 68 59 57 54 53 52
    63 67 61 60 58 52 50 58 61 68 70 75 77 75 73 79 70 66 77 78 74 77 82
    74 71 70 69 67 69 67 70 69 75 70 68 65 61 59 61 60 56 58 56 61 60 66
    70 65 65 67 64 64 66 56 56 62 58 59 63 64 66 70 70 70 73 67 64 71 71
    74 77 78 73 77 67 69 65 69 64 66 59 68 61 63 70 82 81 84 73 70 71 76
    82 79 81 81 76 70 66 65 66 65 58 70 65 62 68 69 66 70 68 72 70 63 63
    66 58 67 71 68 65 73 63 66 69 73 71 75 67 63 61 58 60 58 55 50 53 44
    58 63 66 69 70 60 62 62 60 67 80 80 83 82 76 63 60 49 50 53 62 60 71
    70 69 68 67 65 67 66 57 60 67 59 61 68 68 60 66 70 64 64 65 63 62 67
    69 71 69 66 71 74 71 73 77 69 62 59 56 48 53 53 55 59 65 62 64 68 72
    67 69 65 62 56 60 55 63 68 70 65 71 64 59 59 65 63 60 61 63 66 63 67
    62 58 53 58 51 56 58 61 59 70 68 66 67 67 56 62 63 62 63 68 63 58 58
    53 55 60 69 67 67 62 55 50 53 58 58 64 61 66 68 73 70 78 68 66 70 77
    74 76 73 67 64 63 62 68 74 72 72 74 77 71 67 67 63 62 66 67 60 62 58
    57 55 62 67 62 64 67 64 67 69 59 62 66 64 64 71 65 68 69 71 73 79 74
    67 72 71 73 73 72 65 69 59 60 62 68 67 70 68 74 67 65 74 85 88 92 69
    70 67 74 77 75 76 80 72 68 61 61 61 63 55 70 67 61 65 67 64 67 66 71
    68 63 61 60 52 59 60 61 62 72 66 67 67 73 68 69 60 60 53 52 58 62 60
    62 62 53 61 65 64 70 69 65 64 64 60 66 75 81 82 86 83 70 66 60 59 57
    64 58 61 60 64 63 64 62 64 64 56 57 65 59 59 61 64 61 62 63 66 63 61
    64 64 68 70 74 67 65 63 67 60 69 70 64 56 55 54 47 52 55 57 57 62 63
    66 71 76 74 79 75 74 65 69 60 68 67 70 65 68 56 55 52 56 61 61 61 70
    70 61 62 58 51 51 58 55 61 58 61 59 71 71 72 74 71 59 60 65 65 66 71
    67 63 65 61 63 65 69 65 66 62 60 60 58 63 66 70 63 69 68 70 69 74 65
    69 68 69 70 68 62 59 60 58 64 68 72 72 72 74 78 73 70 73 64 64 67 66
    58 58 55 53 46 56 63 55 61 67 63 65 68 59 61 62 60 63 66 61 63 66 64
    65 69 66 58 64 64 69 66 71 64 65 52 52 48 54 55 64 65 71 67 63 70 80
    84 84 60 63 61 67 68 69 70 72 68 67 60 61 66 71 65 77 72 68 68 71 70
    69 64 70 69 65 66 68 63 66 63 69 63 68 63 63 58 64 64 61 58 61 54 52
    58 62 58 68 68 60 68 70 66 67 68 64 63 62 59 63 71 73 76 79 82 73 73
    67 68 64 65 58 60 56 53 55 55 53 59 66 57 63 70 64 63 65 64 60 57 61
    64 65 68 71 66 71 69 68 60 58 55 55 48 56 57 53 48 50 50 46 48 51 55
    56 61 67 68 77 79 81 82 82 78 75 78 71 77 76 76 69 73 61 60 55 59 65
    67 66 79 75 64 66 65 56 58 65 60 62 58 62 60 71 72 74 73 70 60 63 64
    65 69 72 65 67 70 62 61 64 60 56 60 58 57 58 55 60 61 61 58 65 63 66
    73 81 75 76 76 70 66 63 56 53 55 56 59 63 67 69 61 68 74 68 65 70 58
    60 64 63 61 63 56 56 54 61 66 64 68 67 63 67 63 52 60 58 53 59 66 56
    59 62 59 61 68 66 64 71 68 68 70 76 72 74 65 61 52 56 58 64 64 67 60
    57 65 75 81 86 44 53 54 58 60 64 62 63 56 57 55 61 67 77 73 79 74 69
    66 68 68 62 61 65 63 61 63 61 63 65 61 67 64 62 58 60 51 56 60 58 56
    61 54 51 55 61 61 73 72 64 63 61 60 62 64 64 67 63 58 64 71 69 72 78
    79 74 77 74 72 69 68 64 62 62 60 58 53 52 55 58 55 62 67 67 64 63 61
    59 54 59 60 64 65 68 68 72 67 69 64 57 54 56 49 51 52 50 45 43 42 38
    43 46 50 52 57 59 58 70 74 79 80 84 76 74 75 73 78 78 76 67 68 58 59
    56 62 66 71 68 79 70 64 61 65 58 65 71 69 65 65 70 65 75 79 80 77 75
    65 62 63 62 67 71 69 72 77 68 68 68 62 58 65 59 60 59 57 62 65 65 63
    68 62 70 73 78 72 72 68 66 67 65 63 60 59 60 61 64 68 73 68 74 79 77
    70 72 62 60 59 64 62 63 62 60 56 57 59 57 61 59 58 65 61 55 59 61 59
    65 73 64 66 67 65 63 74 71 72 77 74 70 73 74 66 69 62 56 50 53 53 58
    59 57 55 53 59 65 74 75 50 57 54 59 55 60 58 59 54 58 56 59 66 72 72
    73 72 69 65 65 68 61 58 62 57 52 53 53 55 60 56 63 62 62 55 58 48 50
    52 54 57 61 53 52 54 58 63 76 69 66 62 61 57 60 62 64 61 61 60 61 64
    63 62 65 70 70 77 75 76 69 65 60 57 55 55 53 48 51 56 62 63 69 72 68
    65 58 57 55 54 58 64 63 67 69 69 72 72 70 68 65 64 64 59 58 57 56 48
    49 49 43 44 49 50 53 54 56 59 67 64 73 74 75 70 70 72 73 75 74 74 67
    61 55 54 50 53 57 61 57 69 60 57 54 59 53 62 67 65 65 68 70 65 76 76
    77 77 77 68 66 65 65 68 67 64 64 64 59 66 67 62 58 64 58 60 61 62 63
    61 59 58 61 62 73 76 78 74 74 68 69 74 74 66 62 60 61 61 64 69 73 66
    74 77 73 65 66 58 57 58 68 70 68 66 64 54 48 49 48 54 58 64 71 72 63
    64 66 67 66 74 64 62 61 62 61 69 68 66 72 72 68 70 69 59 62 61 55 52
    55 54 56 57 54 56 58 62 67 76 77 34 46 47 55 52 61 55 54 50 57 52 58
    64 71 73 73 69 66 60 62 66 61 65 66 60 56 57 52 53 57 53 60 62 64 56
    56 44 44 46 47 51 58 52 53 58 64 68 78 71 66 58 56 53 52 57 63 61 57
    60 61 59 59 60 62 62 65 71 74 73 71 70 67 58 55 56 50 50 57 64 69 70
    75 74 68 61 55 56 61 63 66 69 66 67 66 69 71 68 66 69 62 64 64 61 55
    59 54 53 55 59 53 56 57 58 55 57 61 67 68 64 67 66 62 62 65 68 70 76
    76 78 75 68 62 59 56 55 58 63 63 68 62 57 48 51 50 57 64 69 65 67 71
    70 75 74 75 71 70 65 64 64 67 70 66 70 68 63 58 67 64 60 66 66 61 63
    65 61 63 60 62 63 64 66 75 77 76 76 77 75 74 76 78 75 70 67 69 65 62
    63 68 64 72 74 72 63 62 52 53 54 65 68 67 68 68 61 55 57 53 55 55 64
    69 70 67 67 68 64 63 64 58 55 58 61 61 69 70 68 72 71 66 69 72 65 66
    67 62 54 55 56 55 56 54 56 56 60 61 68 65 38 47 55 62 62 66 60 54 50
    57 58 60 71 77 79 74 74 68 57 59 64 58 61 64 59 52 53 53 58 62 62 68
    66 63 57 56 44 42 47 44 51 56 55 58 63 67 70 77 68 66 62 62 57 54 58
    57 55 57 63 66 66 62 58 54 51 53 60 62 67 69 72 74 67 65 65 60 58 68
    68 73 76 81 77 78 72 64 60 64 66 69 70 65 67 61 63 66 68 61 68 65 68
    64 69 61 63 59 63 64 65 58 59 56 54 54 55 62 66 64 64 67 60 54 58 59
    57 65 72 76 80 76 71 66 60 57 61 57 64 61 63 60 59 48 53 55 54 62 69
    68 70 79 78 78 74 70 64 65 61 64 62 67 67 65 67 67 61 59 69 65 59 67
    63 56 59 59 53 57 57 61 66 69 69 78 78 75 73 75 78 78 80 84 82 76 70
    77 67 68 69 75 69 79 78 72 64 60 50 50 50 56 63 64 65 65 64 54 57 56
    56 58 67 71 70 68 64 65 61 62 66 62 57 58 58 60 71 72 72 73 69 59 61
    66 63 64 68 66 56 54 55 54 53 51 59 58 59 57 63 56 44 52 62 66 68 70
    65 58 57 63 63 64 73 74 73 71 71 66 59 59 59 58 58 61 55 54 52 52 55
    61 62 67 69 65 60 55 47 47 55 53 63 60 53 53 59 59 67 74 67 66 61 60
    56 55 61 60 60 61 68 68 70 69 69 62 56 57 55 56 60 62 70 72 66 68 69
    60 60 68 63 69 75 81 74 77 70 60 57 64 69 71 73 65 64 54 55 56 60 55
    64 62 63 61 67 60 63 63 68 69 68 65 67 61 57 54 49 50 58 56 61 64 62
    51 56 56 58 63 71 73 75 69 65 64 58 61 64 60 66 65 58 61 58 43 44 52
    45 54 62 66 66 74 75 73 67 65 63 60 62 65 61 65 69 64 67 66 61 58 69
    66 64 71 68 62 61 63 60 63 63 69 72 75 74 79 74 67 60 65 70 76 83 94
    93 87 77 78 70 69 72 83 81 86 85 77 66 62 57 53 55 61 66 62 64 63 58
    49 54 52 49 57 63 68 67 67 61 65 62 64 68 64 62 61 61 60 69 67 61 63
    59 51 56 64 58 60 61 63 57 55 52 57 53 50 64 64 61 60 64 50 59 62 67
    72 72 70 69 63 61 69 68 62 67 64 60 62 62 62 61 65 62 64 64 67 61 59
    57 57 52 58 60 63 61 61 55 49 46 50 55 53 60 58 53 53 58 58 60 66 59
    59 58 60 53 55 61 57 58 62 68 67 71 69 71 64 58 58 58 56 61 65 71 72
    72 72 70 61 62 64 59 65 69 75 72 74 70 62 56 60 66 65 68 64 62 51 53
    56 63 61 71 72 73 72 75 70 72 69 69 72 72 68 70 69 68 61 56 55 59 52
    56 58 56 47 56 56 58 59 63 62 67 63 65 65 59 61 64 55 59 61 52 55 56
    46 43 50 45 49 52 58 60 62 64 66 58 56 60 63 68 77 72 76 77 68 65 64
    59 56 67 64 65 67 64 61 65 67 66 66 64 67 69 71 70 74 70 65 64 73 78
    80 81 87 84 80 75 77 71 70 70 76 77 80 76 66 58 53 51 53 57 64 68 67
    65 68 60 53 54 53 50 58 61 66 63 63 59 63 58 62 62 56 55 56 56 61 71
    70 66 66 61 56 57 67 66 65 64 67 58 56 55 61 53 53 62 61 58 62 64 53
    57 62 69 68 69 69 65 59 58 67 68 66 71 74 66 69 68 68 61 65 59 57 58
    67 62 61 64 60 54 54 60 63 65 64 63 53 51 57 66 63 66 64 57 52 55 61
    59 62 59 60 56 56 52 55 60 56 60 66 69 70 73 69 66 59 57 57 56 59 63
    66 76 81 81 80 78 70 67 62 57 61 63 68 72 76 73 70 66 66 75 71 71 68
    66 55 59 60 64 64 71 68 66 66 65 62 69 71 72 74 71 65 63 60 62 56 53
    56 60 51 61 60 59 52 61 61 60 62 68 67 69 65 69 69 62 66 69 62 65 66
    54 56 56 44 44 57 53 54 57 59 59 64 64 64 56 51 51 52 61 76 69 74 75
    67 58 64 64 63 66 71 72 70 64 66 63 63 62 69 65 70 70 70 65 70 63 60
    62 70 76 81 79 81 85 80 71 70 68 65 62 72 78 77 73 70 65 60 59 65 62
    67 66 69 67 72 65 65 60 61 55 58 59 65 54 59 60 60 53 62 60 56 58 57
    57 62 68 68 70 69 63 58 60 70 73 67 66 68 58 51 59 65 60 59 66 58 57
    58 60 49 78 77 79 72 70 67 68 59 63 69 72 63 67 66 58 61 68 72 68 72
    65 63 60 64 64 61 60 61 57 57 67 69 66 63 61 49 51 58 65 62 70 64 59
    59 59 58 60 61 57 59 62 65 59 66 68 60 59 67 67 70 73 70 65 61 59 61
    63 67 70 70 78 79 81 79 77 66 61 58 53 55 60 67 71 75 75 71 64 58 62
    59 65 63 67 62 65 63 71 70 73 68 66 63 64 65 70 71 73 69 66 61 58 55
    57 52 52 57 57 53 61 58 58 54 61 60 65 61 65 66 69 62 68 71 64 66 71
    67 67 68 60 58 60 52 51 60 62 60 61 64 60 62 56 55 48 47 50 55 64 81
    74 72 74 68 56 61 66 69 70 72 74 68 61 66 68 69 69 75 72 73 69 70 66
    69 63 66 67 71 76 76 72 73 78 72 71 73 72 68 69 76 80 77 74 70 67 64
    67 72 66 66 64 66 61 70 66 68 58 63 58 63 60 67 58 56 56 56 52 59 65
    57 61 61 60 64 71 72 71 73 64 62 64 73 72 69 68 66 60 52 54 58 56 55
    62 60 59 60 61 54 72 72 72 66 62 64 66 58 61 67 66 59 61 61 53 61 67
    76 72 77 65 65 61 67 67 68 66 66 61 59 67 68 69 66 61 49 55 60 66 69
    74 67 59 55 51 50 50 50 50 53 52 55 56 59 63 61 62 65 69 69 70 66 62
    61 63 66 66 73 70 70 75 76 79 77 73 65 59 55 56 58 62 68 69 65 65 61
    56 51 60 58 62 63 66 57 59 60 64 67 72 70 69 67 64 63 66 64 63 60 59
    57 54 51 55 52 53 57 59 61 63 59 59 57 56 59 65 59 60 60 62 56 62 66
    59 59 65 64 66 74 68 63 65 56 53 62 65 59 61 60 57 55 51 52 47 45 50
    51 58 73 66 63 69 60 52 55 62 65 67 73 81 73 65 72 73 72 76 78 73 72
    66 65 65 71 60 64 68 69 69 72 68 67 71 69 69 66 70 67 67 74 79 73 70
    68 60 59 67 71 66 73 73 73 69 78 75 73 59 62 54 57 56 65 63 60 64 64
    58 62 64 55 61 66 64 72 75 73 73 76 71 73 77 80 80 74 71 68 68 61 62
    62 59 57 60 60 61 67 65 60 66 67 66 59 56 60 62 57 60 67 68 61 61 62
    55 57 63 70 65 70 63 63 62 71 69 68 69 67 57 57 64 59 62 62 62 54 61
    63 65 67 70 68 63 66 57 58 52 49 48 50 46 54 60 63 67 71 66 69 70 67
    60 55 45 48 56 62 71 80 76 74 76 73 75 69 69 66 64 59 65 59 59 60 62
    60 65 65 63 59 64 58 57 59 65 62 70 76 81 81 81 75 69 68 63 64 67 64
    61 63 59 56 55 53 56 55 55 62 62 62 63 62 57 57 53 51 52 52 51 55 66
    59 62 66 58 54 60 62 63 72 69 64 69 61 58 64 73 63 69 68 65 62 63 59
    56 50 54 51 55 65 64 61 66 59 50 54 60 70 76 83 90 79 66 66 68 65 70
    71 72 73 67 67 66 73 61 66 72 76 70 71 64 60 64 64 71 70 71 67 68 69
    71 68 64 61 59 60 69 74 70 74 70 71 68 74 71 75 59 61 55 56 55 65 67
    68 73 69 60 56 58 52 58 63 66 72 74 74 78 78 75 75 77 77 80 74 72 67
    65 61 64 63 63 65 65 65 67 71 69 67 55 60 63 55 56 65 68 62 67 70 70
    65 63 68 59 58 63 66 58 61 61 61 63 72 74 73 72 69 59 56 59 60 63 63
    65 58 60 59 62 66 73 69 66 69 60 62 59 56 53 55 49 58 65 64 69 73 65
    64 68 62 55 50 42 42 47 54 64 76 74 72 75 69 68 64 64 61 66 62 68 68
    67 65 62 60 61 66 64 68 71 68 64 64 70 69 71 76 76 72 70 65 61 58 57
    60 64 61 66 62 59 58 57 52 55 54 53 61 62 66 65 65 61 56 51 51 53 53
    59 67 77 73 70 72 62 56 61 68 69 76 75 70 73 68 65 70 76 65 70 69 63
    60 61 54 53 51 56 53 58 63 64 60 66 60 56 58 65 75 82 86 89 80 65 62
    64 62 62 68 72 74 69 70 68 71 59 66 71 74 72 75 69 65 69 68 70 69 73
    67 67 69 68 64 62 60 60 60 67 72 72 73 72 75 74 74 71 76 65 63 56 55
    56 65 70 72 78 69 62 53 60 54 62 64 69 72 74 72 71 69 65 68 68 68 71
    70 70 68 70 66 68 62 61 61 61 58 59 64 61 59 56 62 65 60 59 64 67 64
    68 69 69 61 59 60 57 55 61 60 57 56 59 62 68 71 73 72 65 63 58 58 57
    57 53 55 56 55 60 60 59 62 67 61 63 65 60 62 65 60 60 60 55 62 67 65
    73 76 64 65 72 66 62 63 55 53 53 54 60 72 67 66 70 65 62 62 62 59 65
    61 63 66 67 61 55 56 59 60 63 66 67 59 59 59 69 66 71 70 72 70 70 66
    69 61 58 62 60 55 64 58 55 60 63 61 60 58 54 59 57 64 64 64 57 53 48
    47 53 55 59 66 79 73 68 72 63 55 60 67 64 72 76 72 75 74 66 65 69 61
    66 67 66 60 62 55 55 53 64 60 64 65 63 55 63 54 53 58 66 70 85 89 88
    80 72 66 68 71 70 69 74 73 65 66 67 68 61 69 70 73 71 69 61 58 62 59
    64 67 71 63 70 72 70 65 68 56 56 59 62 63 70 66 65 69 71 69 69 71 63
    59 55 54 57 62 73 75 80 72 70 55 57 53 56 59 62 66 71 73 68 67 61 63
    59 58 64 70 68 69 75 77 74 71 71 66 63 60 56 60 58 56 52 57 60 60 61
    65 69 70 71 70 72 65 61 60 61 57 61 57 57 53 55 55 63 70 72 71 68 63
    54 52 52 52 50 49 54 54 57 57 59 60 62 63 66 63 58 61 63 57 61 64 60
    62 72 65 70 75 62 61 68 65 60 65 60 57 55 57 60 68 68 70 69 69 67 64
    61 63 65 59 62 67 68 60 52 57 57 55 60 67 68 65 63 66 72 66 66 69 65
    67 69 72 71 65 59 57 55 52 60 58 59 62 67 67 67 66 62 61 60 64 64 66
    62 59 59 58 61 63 64 68 73 68 63 62 58 53 60 68 69 73 73 73 71 69 63
    64 60 56 63 62 63 61 64 59 63 64 71 68 67 60 53 52 60 53 56 65 68 69
    84 87 86 77 71 60 64 64 66 63 71 65 61 61 62 60 59 63 64 70 73 73 68
    67 67 61 64 64 65 60 67 67 64 60 60 48 50 56 57 60 70 68 65 72 76 68
    64 67 63 56 54 52 53 54 62 70 79 74 73 64 62 58 60 60 59 60 62 61 63
    62 60 60 56 52 59 65 65 67 70 74 73 71 72 70 64 60 58 65 66 65 57 60
    62 58 63 65 71 77 81 73 77 68 63 62 64 59 61 54 55 50 56 58 70 75 78
    74 71 62 51 52 52 51 49 49 55 57 58 58 63 60 59 63 71 71 67 66 69 62
    63 65 67 70 78 74 77 77 60 56 60 62 57 65 64 61 58 60 67 70 71 73 72
    67 71 69 65 65 68 56 54 59 61 53 54 64 63 62 69 73 67 63 60 61 66 65
    66 69 66 73 73 72 73 68 58 57 57 53 58 58 60 66 73 77 77 74 70 65 62
    63 65 63 61 60 60 60 63 64 62 66 69 66 63 62 63 62 66 72 70 67 66 67
    63 66 64 65 62 63 67 66 65 67 66 63 69 71 75 77 76 70 63 61 65 60 61
    69 72 70 82 83 78 70 63 57 60 64 67 67 70 65 61 58 56 54 56 62 65 72
    78 76 68 66 68 59 62 64 66 60 70 66 64 62 61 50 60 64 62 65 71 62 57
    61 63 59 56 62 63 61 61 59 57 56 61 69 76 72 76 64 61 60 64 56 58 54
    58 56 58 60 57 57 52 49 51 65 65 69 70 76 76 73 74 74 66 59 58 61 63
    64 66 66 64 59 63 65 72 80 81 69 71 62 56 60 65 65 66 56 59 54 57 61
    71 71 75 69 66 62 55 53 54 55 52 53 60 61 57 55 63 56 54 61 75 69 71
    74 75 63 66 69 70 71 77 70 70 67 57 54 60 63 62 68 72 70 62 61 66 66
    67 71 74 70 72 72 68 64 67 54 51 59 62 55 59 66 62 58 62 65 65 60 62
    65 64 60 63 61 62 68 72 73 78 70 64 63 59 53 56 53 58 63 72 78 75 69
    68 64 62 66 68 61 59 57 57 57 60 59 58 61 61 63 66 67 70 70 72 74 69
    61 59 63 57 65 64 64 54 60 61 62 60 63 61 60 63 68 74 76 74 71 63 58
    60 57 62 68 73 72 77 78 74 65 61 62 65 71 75 73 71 60 59 55 57 53 62
    64 66 65 73 69 66 68 70 61 61 63 65 61 74 72 73 72 72 60 67 67 58 62
    69 59 54 60 61 58 59 65 67 66 64 63 63 59 64 73 77 75 80 72 67 62 61
    57 58 57 62 59 60 57 54 56 53 51 55 66 70 73 73 78 75 67 69 71 65 60
    59 62 61 62 70 68 67 64 67 66 71 77 76 66 65 57 56 57 65 71 71 59 63
    58 58 66 74 78 75 69 65 61 54 56 59 55 54 55 63 64 61 62 65 56 50 63
    73 69 74 75 75 62 69 70 75 73 83 72 69 70 61 59 63 69 67 74 72 72 67
    65 70 71 75 74 77 73 75 72 73 69 66 55 50 53 58 56 62 70 68 61 61 63
    63 56 59 61 60 54 61 60 65 74 79 80 81 77 70 64 60 59 56 55 61 66 69
    76 70 69 68 64 62 68 71 66 64 65 64 61 63 57 51 51 53 55 64 67 73 76
    78 75 71 61 55 59 54 58 61 59 49 60 64 62 64 72 68 66 68 69 68 70 70
    70 62 58 55 50 53 61 65 68 72 74 71 66 65 70 67 71 73 67 62 53 56 54
    62 60 70 68 70 62 64 59 59 62 69 64 70 69 68 64 74 71 70 69 67 59 62
    65 59 61 60 52 47 48 49 54 55 63 65 67 66 66 63 56 59 66 69 69 75 71
    63 63 62 60 58 59 61 61 64 62 59 58 53 50 54 61 67 71 69 75 72 65 64
    70 64 63 65 65 66 66 73 67 68 64 70 69 76 81 80 67 64 58 54 59 66 73
    67 59 61 60 59 68 74 80 78 71 70 66 57 55 62 59 59 60 65 64 59 63 63
    57 52 65 67 69 70 70 67 57 62 67 69 71 85 72 67 71 65 59 61 68 66 69
    69 70 68 69 74 71 76 76 74 70 73 67 66 65 61 53 51 52 55 55 64 71 67
    60 58 58 60 61 63 66 60 58 59 61 62 72 70 72 70 70 67 63 63 62 55 53
    61 62 66 71 67 64 61 61 62 68 67 63 59 59 55 57 59 53 47 52 48 55 67
    71 77 82 77 71 68 55 52 56 53 55 61 62 58 67 76 71 67 76 68 65 72 72
    65 70 68 66 61 60 56 54 56 62 62 64 63 63 62 60 59 62 60 62 67 64 60
    56 61 58 67 66 71 70 70 60 61 55 56 61 66 67 73 71 67 68 72 69 67 67
    63 60 60 61 60 63 57 53 51 51 50 62 62 67 67 69 63 67 65 58 59 65 64
    63 71 71 65 68 72 67 64 65 65 58 61 58 55 57 55 57 58 59 62 64 56 62
    61 56 56 68 64 65 66 69 66 67 80 73 73 64 66 66 71 76 78 70 65 61 57
    60 65 69 61 57 59 61 62 75 82 84 80 75 77 72 63 62 66 59 58 64 69 71
    64 69 67 62 55 67 66 69 70 72 67 57 58 61 60 62 75 65 64 68 68 66 69
    68 66 63 59 59 62 65 76 75 78 77 76 71 75 70 69 68 64 57 55 56 54 55
    64 68 65 61 58 54 55 54 59 62 61 64 70 69 71 73 68 68 66 67 67 66 64
    64 53 52 58 64 64 70 63 61 55 55 56 69 69 64 61 58 50 51 54 53 46 49
    48 56 66 75 80 81 71 65 60 51 52 57 54 59 65 65 64 75 82 77 75 84 77
    72 74 70 62 64 63 66 63 62 60 56 55 60 61 63 59 61 58 57 55 62 57 58
    61 62 57 61 66 64 66 71 68 69 70 61 58 57 57 62 69 75 76 72 69 68 67
    68 67 66 64 65 63 61 58 60 51 51 55 52 48 65 67 68 69 78 71 74 76 70
    67 68 62 57 67 64 60 64 72 66 69 71 71 65 68 62 60 62 58 57 61 60 60
    66 63 65 66 66 63 73 69 67 64 63 58 56 83 76 80 72 72 69 70 67 68 66
    60 55 53 55 57 59 53 54 59 65 67 81 86 86 80 77 77 73 63 60 60 53 52
    62 68 71 67 72 65 61 57 64 58 63 64 64 61 54 57 58 56 58 72 57 55 62
    63 61 69 68 65 63 59 58 59 59 68 68 70 70 70 65 67 64 69 69 69 66 63
    58 56 55 61 62 58 55 51 49 54 54 59 64 64 67 76 73 75 71 64 62 63 62
    66 66 64 65 56 54 56 60 57 61 56 54 45 46 50 58 62 63 66 58 54 51 53
    51 51 58 60 66 71 78 79 81 70 64 59 53 56 60 57 62 66 62 64 77 84 77
    75 78 70 65 70 71 68 70 69 69 63 63 61 59 56 62 63 64 61 67 66 63 61
    62 55 54 56 55 52 54 58 59 66 71 69 69 70 58 55 57 59 66 75 84 83 79
    70 66 64 69 64 66 64 65 59 59 56 58 49 51 54 55 55 68 70 71 67 74 69
    73 77 70 67 68 62 55 66 64 59 64 74 68 72 78 76 69 72 61 59 57 57 57
    66 60 60 60 59 58 57 60 64 68 67 67 66 66 65 61 79 73 76 73 71 66 66
    63 66 70 65 62 60 57 58 58 54 59 66 69 73 82 84 83 81 83 82 78 66 64
    57 52 45 54 54 62 59 70 63 63 59 66 56 62 64 63 58 55 58 53 51 55 64
    53 54 61 57 57 62 65 61 62 57 54 53 53 62 61 66 66 67 64 67 62 67 67
    63 64 62 56 51 54 58 60 57 58 54 47 50 49 54 63 69 75 84 79 76 71 63
    59 62 62 66 65 65 69 60 57 55 59 54 56 57 59 50 47 54 58 62 64 74 69
    66 64 66 60 58 62 62 70 74 75 74 73 63 60 61 59 66 63 61 64 68 64 71
    82 86 75 74 80 68 67 74 75 69 78 79 81 75 76 71 63 57 58 56 55 57 63
    63 62 59 57 51 48 48 52 50 53 56 59 61 66 64 65 71 63 60 60 63 63 72
    81 81 77 69 67 59 64 57 58 52 58 52 58 59 63 50 53 51 52 52 66 69 68
    67 74 74 77 84 77 70 68 62 55 66 68 61 67 79 67 71 76 75 68 71 60 57
    52 50 53 63 56 59 60 59 57 58 62 62 63 62 60 57 57 59 52 79 73 75 65
    67 62 61 60 68 69 68 65 61 59 63 58 57 66 72 69 73 79 78 75 76 78 77
    78 70 64 61 59 52 57 57 62 60 67 61 62 63 63 57 63 62 63 60 58 60 61
    56 61 64 57 57 60 59 62 64 68 66 68 64 59 54 51 58 53 56 59 58 54 63
    58 59 62 64 63 64 63 60 56 62 62 62 58 58 51 53 48 54 63 66 75 82 77
    70 64 57 52 59 58 63 63 66 70 62 59 59 61 54 55 56 56 49 45 51 53 55
    54 64 61 59 59 61 60 60 68 64 75 75 74 73 73 64 64 63 60 67 66 60 66
    68 70 72 81 79 70 65 71 62 64 73 76 70 76 76 73 66 71 71 65 62 61 57
    53 54 60 67 63 58 55 52 47 48 54 55 57 57 61 63 68 67 68 72 68 67 66
    68 64 70 76 74 73 67 69 65 68 62 67 58 59 54 59 56 63 54 56 52 54 51
    61 64 64 61 66 68 72 76 76 71 72 66 63 72 75 68 70 81 71 76 76 74 66
    66 55 55 57 58 64 74 69 68 68 67 65 67 67 70 67 66 64 61 60 59 53 81
    76 77 68 66 62 61 56 62 66 66 61 61 57 58 56 55 65 73 72 73 82 80 77
    75 76 75 76 68 69 67 66 60 61 62 65 63 64 63 60 64 63 65 68 70 70 65
    61 63 59 56 59 60 58 59 57 56 56 59 64 64 66 65 58 51 48 55 51 56 57
    63 55 68 60 62 61 68 62 66 65 65 63 69 70 69 64 62 56 52 45 49 59 62
    73 81 74 69 64 57 54 63 59 64 68 69 69 66 62 59 63 58 55 56 60 54 51
    56 58 60 59 68 69 66 63 63 63 62 65 63 72 69 65 68 72 71 74 74 72 73
    71 61 71 69 74 72 77 69 65 57 61 56 60 64 71 67 73 73 74 67 76 73 69
    67 61 58 57 56 58 68 62 59 59 59 50 49 53 55 51 52 57 60 61 62 65 67
    66 63 63 66 63 66 74 72 69 65 63 58 60 57 65 57 58 57 59 52 60 56 55
    49 50 45 52 55 59 58 65 66 69 70 73 67 70 69 69 74 78 70 68 74 67 73
    74 75 69 71 58 62 59 62 63 75 71 71 75 76 73 71 73 71 64 61 59 60 56
    62 55 68 65 68 63 67 61 61 58 59 59 61 58 58 59 57 59 56 63 69 71 70
    79 79 77 76 79 75 72 66 68 65 64 65 61 58 58 62 57 59 62 68 67 71 71
    72 71 68 64 69 68 64 63 66 64 59 57 58 54 57 67 71 70 74 70 59 51 59
    53 54 54 62 51 61 56 62 58 66 57 62 63 69 66 77 77 74 65 62 59 57 51
    54 63 61 66 71 63 58 54 50 49 62 59 63 68 70 68 67 64 59 59 55 52 55
    58 56 55 59 57 61 61 65 68 67 64 61 64 64 66 62 71 68 63 65 68 71 72
    75 75 76 73 66 71 67 69 62 66 58 57 51 55 49 56 61 68 67 72 73 73 66
    71 71 66 63 58 58 59 59 61 73 66 63 60 60 51 48 51 54 46 47 56 59 57
    63 61 65 64 62 60 62 54 54 60 59 62 62 62 57 60 57 60 55 58 55 58 58
    63 62 60 52 50 44 46 47 55 55 62 61 66 67 71 71 80 81 79 86 87 78 77
    82 69 74 72 71 60 62 48 53 54 60 66 79 73 71 74 73 70 67 67 63 56 51
    55 54 56 61 58 66 63 66 60 65 59 59 58 61 59 60 62 59 56 59 59 56 60
    67 65 67 73 74 71 70 69 66 68 68 70 70 70 69 59 55 55 58 56 64 66 68
    66 72 69 74 75 75 69 71 72 69 63 63 67 59 56 58 56 57 64 73 72 72 65
    59 51 62 57 62 62 66 53 64 54 54 51 59 49 56 59 68 69 79 83 85 73 64
    61 57 48 55 65 64 69 71 63 59 57 53 56 65 64 71 72 73 71 68 63 65 65
    64 59 63 63 61 61 66 63 67 67 65 72 74 69 63 67 62 61 56 68 69 66 69
    73 76 80 79 77 76 74 66 74 69 72 64 61 49 50 46 48 47 55 59 63 64 66
    69 68 65 68 68 63 65 58 56 54 56 56 69 64 67 68 68 58 53 55 56 52 54
    67 65 61 65 64 61 63 64 59 60 56 52 53 55 58 58 57 53 55 51 56 55 59
    55 60 59 65 63 64 57 54 49 54 54 62 61 65 60 61 59 65 64 71 75 77 81
    88 86 84 86 75 77 72 69 58 60 47 51 57 61 63 71 67 64 75 75 75 72 70
    61 56 51 56 54 55 54 56 67 65 72 66 71 64 63 57 58 56 58 59 57 58 57
    57 52 56 60 64 68 80 83 77 71 66 58 57 61 62 70 72 72 64 65 61 67 62
    67 66 64 57 62 62 65 71 74 68 71 74 73 68 68 69 62 59 62 60 61 62 69
    66 67 62 62 55 64 64 64 65 65 56 66 58 55 54 60 50 56 64 78 76 83 90
    88 70 64 64 61 55 65 74 69 71 67 61 59 59 59 68 73 70 74 73 74 75 72
    65 68 66 63 63 67 67 67 70 72 68 66 63 55 62 63 60 58 69 64 67 63 69
    66 67 67 73 75 76 71 73 67 72 70 79 71 77 68 63 49 53 47 44 46 50 54
    57 58 55 59 55 52 59 63 60 62 61 58 58 59 60 73 72 75 78 76 69 65 62
    63 60 60 65 64 58 61 58 53 54 57 53 50 50 46 46 51 55 55 54 56 55 55
    62 68 66 65 64 59 62 64 63 62 57 50 55 54 59 57 61 52 52 50 59 58 68
    75 75 76 83 81 79 80 75 75 67 64 54 59 50 54 63 66 63 68 68 60 71 74
    77 73 70 68 62 52 59 63 63 65 74 68 66 71 68 66 64 65 62 60 64 66 68
    65 66 58 55 47 44 49 60 69 80 86 80 73 65 58 54 56 58 63 65 67 60 59
    55 63 60 65 66 66 59 63 61 66 69 72 65 70 70 69 64 68 69 63 58 61 55
    58 59 67 64 67 65 65 61 71 73 68 69 70 64 70 64 64 58 61 53 59 61 72
    69 76 78 78 68 63 59 61 61 68 72 74 72 64 57 58 56 56 67 73 72 74 73
    68 67 63 59 65 67 67 67 74 71 75 75 78 70 71 66 58 65 66 62 58 66 61
    65 64 67 69 68 67 71 75 73 69 71 65 67 70 78 73 77 73 65 54 56 50 42
    47 53 53 54 62 55 54 54 56 58 63 66 63 62 59 60 59 64 71 68 74 75 74
    67 68 63 64 61 65 67 63 57 58 54 46 49 51 46 46 51 44 45 53 55 51 48
    49 49 47 53 65 64 64 68 67 64 67 64 64 58 54 58 57 58 55 61 52 50 54
    61 55 66 74 75 78 87 87 83 82 74 74 66 61 49 60 53 58 67 68 57 60 60
    49 59 65 66 62 67 68 63 54 60 62 63 69 76 65 65 69 61 57 59 60 58 58
    64 67 71 71 70 63 57 52 47 52 64 72 78 82 79 73 69 60 58 58 57 56 56
    58 56 52 52 63 62 65 70 69 64 65 63 64 67 69 60 65 65 66 59 64 61 56
    55 59 55 58 58 64 58 63 62 65 63 72 71 67 70 68 67 74 69 68 62 61 55
    60 62 73 67 72 70 71 64 61 58 63 64 67 71 73 72 66 63 62 62 63 71 74
    80 76 71 66 68 59 60 68 69 68 70 78 76 79 77 81 69 67 64 59 61 64 62
    59 64 63 67 68 72 72 70 69 72 70 69 68 69 67 72 78 83 85 84 81 74 66
    59 56 51 54 56 63 64 71 65 60 56 56 58 63 69 67 66 61 61 61 69 75 71
    73 72 65 62 64 62 62 65 68 69 64 61 62 60 54 60 62 56 54 58 50 49 55
    61 58 55 61 61 57 59 69 66 66 68 69 66 66 61 60 55 53 58 58 57 54 55
    48 49 54 58 55 59 64 62 68 74 81 79 83 76 79 66 61 51 62 57 62 72 70
    57 57 60 48 57 62 65 59 65 67 65 60 68 66 68 68 77 66 70 73 68 57 65
    65 58 58 67 67 71 74 77 69 62 56 49 49 60 67 74 75 76 70 65 60 64 62
    58 56 57 55 52 52 57 65 63 63 66 61 52 55 59 63 67 71 64 66 61 61 57
    60 56 57 59 59 58 62 63 62 59 63 59 57 58 63 60 58 61 57 62 68 64 61
    60 58 53 60 66 72 63 69 68 66 65 65 56 59 62 62 65 69 73 64 64 66 71
    67 76 75 80 72 66 62 64 54 54 68 71 72 74 82 77 77 73 76 64 60 56 58
    60 62 60 61 61 58 64 65 67 71 72 73 79 78 75 69 69 61 64 71 79 77 84
    84 77 71 63 56 49 53 52 63 62 71 66 61 53 56 56 59 70 71 72 64 58 56
    66 67 64 72 76 72 71 77 68 65 65 68 65 63 60 63 61 58 60 63 55 50 57
    56 53 63 66 61 58 66 62 59 67 73 68 68 69 64 57 57 54 55 54 58 64 64
    58 52 52 47 47 52 60 54 55 56 59 62 67 73 76 80 77 82 71 65 57 65 61
    63 69 67 53 52 57 47 53 60 64 58 66 72 68 63 66 64 61 65 68 53 63 64
    65 54 63 65 60 58 68 71 66 70 73 65 57 56 52 55 68 76 79 78 80 73 70
    65 67 63 60 55 60 57 58 55 58 67 66 64 69 69 59 61 64 64 70 70 64 68
    60 58 60 61 57 63 63 67 66 66 64 63 54 59 58 55 59 64 65 59 65 61 67
    71 71 67 63 60 55 62 71 76 64 67 63 56 59 64 60 64 71 69 68 72 74 63
    62 64 70 68 79 79 81 70 64 60 60 57 57 69 73 71 74 83 77 77 73 75 66
    63 56 59 55 53 50 58 57 58 62 63 58 63 62 66 71 74 69 67 65 59 59 68
    72 75 81 80 75 74 69 63 60 59 58 62 61 68 66 58 52 52 50 53 63 62 67
    60 54 53 64 60 58 65 64 63 65 74 69 69 65 68 61 58 55 62 58 59 63 62
    51 51 56 56 58 69 68 67 63 66 65 62 64 67 62 62 62 60 53 59 55 58 53
    55 56 54 47 45 45 48 51 56 65 64 61 59 62 64 65 69 69 74 70 75 64 63
    54 62 60 64 71 72 60 62 66 56 57 59 59 54 63 69 67 66 66 63 62 67 65
    59 64 63 64 52 63 67 63 62 68 68 68 70 74 69 59 57 51 50 63 71 65 67
    71 67 65 68 69 65 62 58 63 61 64 60 65 70 70 67 75 76 69 70 71 68 72
    69 66 67 59 57 60 63 65 72 68 71 67 66 66 69 61 65 60 54 55 58 55 53
    61 57 61 64 62 59 57 60 59 67 73 76 66 65 59 56 62 67 63 66 71 62 58
    65 70 63 65 64 70 65 70 72 79 65 62 59 56 52 53 66 70 69 69 77 68 65
    61 62 54 54 51 58 56 54 50 57 51 52 53 56 53 63 63 75 77 81 78 77 71
    67 61 65 68 70 73 72 67 68 60 57 59 58 54 60 63 69 73 64 56 56 52 53
    67 73 73 66 57 53 61 57 56 62 60 57 60 67 68 67 66 68 66 61 60 63 64
    64 70 72 63 67 68 65 66 72 66 65 60 59 59 54 56 61 61 63 70 71 64 64
    62 58 53 58 58 51 46 41 37 47 53 57 64 66 58 54 59 63 62 65 67 73 73
    78 70 66 59 63 59 66 73 74 62 63 63 55 55 60 58 55 65 66 63 68 68 65
    62 67 64 57 63 59 59 48 59 58 55 56 61 58 60 66 71 69 65 68 62 58 67
    70 61 62 66 65 65 68 75 69 65 62 67 62 67 65 67 70 69 65 71 69 68 72
    75 72 78 74 73 69 62 56 58 60 60 66 66 71 65 66 69 69 60 63 62 55 58
    60 59 60 66 61 61 63 58 55 57 63 60 67 77 79 72 73 69 59 64 63 58 57
    64 55 55 60 70 66 68 68 74 70 72 71 72 63 59 59 56 57 56 64 65 68 65
    69 62 56 54 56 56 58 61 63 61 57 54 60 60 60 56 56 50 54 57 71 73 78
    78 78 72 73 67 69 67 68 72 74 72 74 70 64 64 55 53 60 62 63 73 67 56
    57 56 54 62 68 66 57 50 48 55 56 63 65 66 63 65 67 71 70 67 66 63 58
    56 59 63 64 64 66 61 59 63 68 71 75 73 69 65 62 60 59 64 65 68 70 69
    66 61 58 58 56 53 57 58 50 48 45 42 48 57 62 66 70 62 53 56 61 60 61
    64 69 71 74 73 72 68 67 64 69 75 76 67 69 64 60 59 63 60 61 64 63 59
    66 68 64 61 64 61 54 58 55 58 54 60 62 65 63 63 63 62 61 71 68 60 60
    59 50 60 65 56 60 64 61 62 68 71 68 64 64 70 63 68 70 68 67 65 64 64
    69 69 72 72 73 76 72 74 72 66 59 64 66 66 69 69 70 64 67 73 71 63 62
    61 50 52 57 61 55 65 63 57 55 53 45 48 53 54 62 71 75 72 73 70 66 70
    69 64 63 66 57 58 61 66 62 65 64 69 69 74 69 69 64 61 61 60 60 59 64
    65 68 68 72 68 63 62 63 62 65 62 60 60 55 49 57 55 56 57 58 54 64 66
    74 71 78 74 70 65 64 56 58 59 60 66 65 64 64 61 59 60 51 51 56 55 59
    68 62 56 55 52 49 54 55 61 55 55 55 62 58 66 63 66 64 65 65 73 70 70
    70 68 58 58 58 58 58 59 58 55 58 60 70 73 76 72 67 65 63 58 58 64 64
    69 69 70 70 64 62 65 62 57 61 58 54 54 50 49 55 59 64 69 69 66 60 61
    66 69 70 68 71 74 73 75 75 71 67 62 64 69 77 71 72 62 62 55 59 57 61
    63 63 53 62 61 57 57 63 54 55 54 51 53 50 54 59 62 61 58 60 59 57 66
    64 57 59 60 54 63 69 59 60 60 59 57 64 68 68 67 73 78 68 71 71 63 60
    63 62 61 71 73 72 68 67 69 67 73 74 70 62 68 68 67 69 71 70 64 65 68
    65 57 54 55 49 51 58 65 60 70 69 57 58 61 50 52 60 58 61 71 75 73 70
    65 62 67 67 67 67 68 60 61 63 66 62 64 64 67 68 74 73 69 68 67 64 61
    63 58 58 62 67 68 72 69 64 60 63 65 69 67 61 58 52 45 53 58 60 63 69
    63 69 68 73 64 70 65 68 64 69 61 66 65 65 64 63 58 55 57 62 66 57 61
    61 58 62 73 67 66 66 65 61 63 59 58 51 51 52 57 59 69 62 64 62 63 61
    72 72 78 73 71 65 63 57 61 58 58 59 60 64 68 70 74 77 70 65 64 60 53
    54 60 62 66 72 76 76 76 71 69 60 58 57 58 59 62 55 55 54 54 61 64 66
    65 62 62 66 69 71 65 63 71 70 73 78 77 74 67 70 75 83 76 75 61 64 57
    58 57 62 58 53 49 58 58 55 63 63 54 71 68 61 58 50 54 56 56 58 55 55
    58 62 69 66 61 59 57 48 55 58 49 50 54 56 56 67 72 68 66 70 70 57 62
    65 61 56 61 60 57 65 69 69 69 69 71 70 75 73 70 58 63 63 59 61 65 68
    61 68 71 67 59 60 59 52 54 57 59 53 62 61 55 54 55 46 47 51 51 56 65
    67 68 72 68 67 73 71 69 68 67 56 59 59 62 61 66 67 69 73 75 69 65 63
    60 58 59 62 60 57 60 65 61 62 62 62 60 62 63 63 58 53 53 50 49 54 61
    62 64 69 66 68 67 70 62 69 67 69 68 74 65 69 70 66 62 60 53 50 49 55
    59 51 53 57 57 60 73 69 71 71 73 64 68 64 60 56 61 59 60 64 72 65 69
    67 65 62 72 69 76 72 73 71 69 61 66 59 55 54 62 62 67 70 71 66 61 54
    55 57 53 55 63 68 74 74 77 74 73 65 67 62 62 59 58 58 62 55 56 53 56
    60 61 61 67 65 64 67 70 68 62 62 71 73 80 84 87 81 75 73 73 79 72 69
    56 59 49 55 54 61 58 53 45 54 54 52 60 63 56 72 70 66 62 57 58 62 62
    60 60 61 58 60 67 61 61 62 62 53 61 60 53 55 62 63 65 75 81 77 75 73
    70 53 54 54 51 49 56 58 57 67 70 70 68 69 68 70 72 72 68 57 55 55 51
    51 60 64 59 67 73 65 57 61 58 53 58 64 68 62 70 67 62 57 62 56 55 57
    54 54 59 59 62 70 66 64 73 67 67 68 70 59 63 58 56 52 55 56 56 62 69
    67 65 69 64 60 61 63 63 61 66 72 66 63 66 64 64 69 70 74 68 57 55 53
    50 51 63 66 70 74 76 69 67 68 63 67 66 67 65 67 62 71 68 64 60 56 50
    52 58 62 64 57 59 59 59 65 73 69 72 74 73 67 65 57 57 53 54 58 60 63
    67 66 72 72 65 63 69 66 72 70 73 74 74 64 68 59 54 46 56 55 62 63 64
    60 58 52 54 61 60 61 68 68 70 66 66 65 66 65 69 67 69 66 61 61 64 59
    62 57 61 59 57 57 67 65 67 71 71 71 65 62 72 75 80 83 84 74 67 62 65
    73 74 72 63 66 55 59 60 61 59 56 46 53 54 45 53 53 45 80 73 73 68 63
    62 70 67 66 64 65 59 56 59 55 53 53 58 54 61 57 54 56 60 63 68 75 79
    77 73 70 66 51 53 58 55 56 62 62 61 74 73 70 65 62 59 64 67 69 65 54
    54 53 53 57 65 66 63 67 68 63 57 61 58 53 52 54 55 49 61 62 64 61 67
    55 53 51 50 51 58 62 67 75 74 75 80 74 76 76 71 62 67 62 57 55 61 59
    58 64 70 68 72 71 65 59 61 60 62 63 70 71 64 62 63 63 64 70 66 68 61
    54 49 48 49 52 58 64 70 75 76 73 67 70 62 63 59 62 56 60 59 68 71 67
    60 50 47 48 51 57 67 62 62 63 66 67 75 68 72 70 69 62 64 58 63 60 61
    66 66 64 65 65 68 68 63 63 70 65 70 69 74 71 70 62 61 53 50 45 53 57
    60 60 59 57 55 52 53 59 58 56 64 67 67 68 72 71 73 77 75 72 74 70 60
    63 65 56 55 56 57 53 53 55 62 59 62 67 63 68 64 63 71 74 71 74 76 72
    64 61 62 69 69 69 66 68 57 60 64 64 63 62 50 53 51 44 50 51 43 73 71
    75 71 63 68 71 61 58 59 57 53 53 50 48 46 52 55 57 59 56 54 54 62 70
    76 80 85 82 75 70 63 50 48 53 55 60 68 69 68 74 68 67 64 61 61 71 75
    74 69 61 60 54 55 60 67 69 66 69 67 61 55 59 58 60 63 63 67 64 67 64
    67 62 67 62 65 64 63 61 69 64 69 76 75 71 78 71 73 71 68 61 63 64 63
    60 63 62 56 60 64 64 66 65 61 57 58 58 59 60 67 69 58 59 58 58 60 65
    65 70 69 65 65 63 60 61 66 68 69 73 70 63 57 63 61 66 64 72 65 71 68
    75 73 67 54 47 39 42 50 53 65 65 66 63 68 67 76 69 71 71 67 58 59 56
    58 58 54 63 67 68 68 74 75 72 67 69 75 72 72 67 71 70 64 59 64 56 49
    49 55 55 57 55 52 53 50 46 50 51 51 48 58 61 63 64 72 69 71 75 79 75
    76 74 66 61 62 55 50 52 59 54 51 56 60 59 61 65 60 62 55 54 62 66 64
    66 70 69 63 63 64 68 67 71 70 75 70 72 68 68 64 61 52 58 55 52 56 56
    50 76 72 77 73 65 70 72 62 56 59 53 49 50 46 44 48 59 60 60 58 50 48
    54 65 74 85 85 83 77 70 61 56 45 46 56 56 63 69 71 68 71 63 66 63 57
    57 66 69 66 63 63 61 55 59 64 65 64 62 63 62 59 57 62 65 62 67 66 68
    62 67 62 71 61 63 63 68 65 68 67 66 60 62 71 70 68 75 68 65 68 66 61
    66 71 69 70 70 66 55 61 60 61 66 65 60 62 62 63 64 66 69 72 62 64 60
    59 63 65 65 70 72 66 66 64 62 60 60 66 65 71 66 64 56 63 63 70 70 74
    68 68 66 69 69 67 56 50 48 52 52 55 61 63 61 61 66 64 68 61 62 61 59
    53 53 53 62 63 62 71 78 72 70 75 77 72 66 68 72 67 62 60 66 62 60 59
    60 56 48 44 46 47 47 50 46 47 49 44 46 49 49 47 61 60 65 67 69 66 68
    70 74 75 73 75 65 56 54 50 41 47 56 55 54 58 58 57 58 59 60 60 55 54
    61 63 62 60 62 60 54 54 58 56 59 65 69 72 70 72 67 67 65 65 51 60 58
    57 59 68 62 77 71 77 76 69 74 77 69 59 63 57 53 51 50 52 56 67 66 68
    66 55 52 61 67 73 81 80 74 73 65 60 58 52 52 59 61 63 67 70 68 66 60
    63 56 50 49 60 62 65 62 66 63 62 67 72 73 68 61 59 61 56 61 65 66 65
    69 67 71 71 69 64 70 62 64 67 74 75 80 78 73 67 66 72 68 68 74 68 64
    67 68 64 67 71 70 70 67 58 49 51 51 53 67 72 72 72 70 66 64 63 70 76
    71 73 68 63 65 66 63 68 70 64 63 64 62 59 58 68 67 76 71 72 61 66 64
    71 68 71 66 66 61 67 67 66 60 57 53 58 59 55 62 67 67 65 70 69 66 59
    59 58 57 58 55 54 64 63 60 71 79 75 73 75 78 74 66 69 73 68 67 67 69
    64 60 56 51 53 50 48 46 54 46 48 46 56 54 52 52 48 42 45 60 61 68 75
    72 71 73 73 74 71 68 69 66 57 57 53 44 46 51 52 48 50 49 52 56 56 58
    61 54 54 64 68 64 61 59 54 50 51 54 52 55 58 67 74 78 80 74 71 66 61
    52 60 57 60 59 64 60 64 62 68 68 63 71 72 61 53 53 49 47 49 48 57 55
    67 66 72 67 60 56 61 63 66 74 70 66 63 55 49 51 52 53 63 65 63 64 66
    65 63 58 62 60 54 54 66 65 66 67 70 65 65 64 67 66 62 58 56 56 53 59
    61 66 65 71 69 68 69 68 64 65 65 63 68 76 80 84 85 83 76 72 75 70 68
    69 66 61 60 61 61 66 70 71 74 70 60 55 59 55 53 66 68 69 73 72 71 64
    64 67 73 66 71 65 64 67 63 66 69 67 62 60 58 59 59 59 72 71 75 67 68
    57 61 61 67 66 70 66 66 62 62 62 65 59 61 60 62 57 54 54 62 63 62 64
    63 59 54 56 57 61 59 56 58 68 67 70 80 84 77 71 70 71 66 61 67 70 64
    62 64 62 57 56 60 58 62 60 58 51 52 44 46 46 55 53 51 51 45 40 44 59
    59 69 72 72 70 72 66 68 64 58 58 63 57 53 52 46 43 45 50 51 51 49 52
    54 54 60 59 51 54 59 60 61 63 64 64 62 63 63 59 57 58 65 70 72 73 67
    68 65 63 57 63 57 64 64 71 69 52 52 59 61 61 69 69 62 50 45 43 44 47
    49 58 56 67 64 67 63 60 55 61 67 71 77 73 65 59 53 45 48 53 52 62 69
    66 68 73 70 62 60 61 61 57 57 65 63 62 63 67 64 67 67 65 65 62 60 61
    62 55 60 58 60 61 76 77 76 72 71 63 60 58 61 67 76 82 85 87 85 75 70
    75 64 60 64 61 55 55 58 57 61 67 71 75 67 57 54 57 51 53 68 72 75 82
    78 72 61 59 63 72 69 79 76 74 74 75 77 79 76 69 65 61 57 58 61 76 73
    77 70 69 58 62 65 68 68 72 71 68 63 65 63 68 65 72 64 68 62 60 53 61
    60 55 56 59 54 50 53 58 59 64 61 61 68 70 69 79 86 78 74 72 74 67 62
    69 68 62 61 59 54 55 57 63 66 71 71 70 64 65 55 53 52 54 52 51 48 38
    38 45 56 59 74 73 71 73 74 63 68 63 55 57 67 60 61 63 59 49 49 49 48
    47 52 56 60 59 66 59 57 58 64 64 69 69 69 69 68 67 67 65 61 60 64 69
    69 70 62 64 56 53 54 64 62 71 71 75 72 67 62 63 64 60 59 64 63 51 49
    49 48 51 56 64 65 73 68 74 68 64 60 66 67 67 72 69 61 56 53 50 54 61
    61 70 72 68 66 67 68 64 65 64 68 59 61 63 59 55 57 56 54 58 58 57 59
    57 59 61 64 61 63 62 65 64 75 80 77 69 69 63 56 55 62 67 70 76 77 78
    75 70 64 69 58 55 60 59 53 58 59 61 62 67 72 75 68 62 62 62 58 60 72
    72 74 78 74 73 63 63 65 69 63 72 70 72 71 76 74 73 68 66 56 55 55 57
    61 74 75 76 72 72 63 66 65 65 65 66 64 58 60 60 61 68 72 77 70 77 64
    60 53 63 58 59 59 62 57 56 59 63 66 73 69 66 72 66 65 71 77 71 73 68
    70 67 62 67 65 62 62 61 58 62 65 67 68 72 73 70 68 72 59 58 58 59 56
    57 49 44 43 49 60 67 76 76 70 71 71 63 66 64 57 55 65 59 59 64 66 56
    53 51 51 47 53 58 66 62 67 62 61 64 67 66 69 73 68 68 68 62 59 58 54
    54 60 60 60 63 60 62 61 60 61 67 67 72 69 70 68 61 63 61 61 59 61 61
    66 60 60 60 58 58 62 64 60 68 62 67 64 67 64 67 67 67 69 67 60 56 52
    49 56 64 65 74 79 70 68 71 72 69 74 74 76 70 69 69 62 60 61 57 53 63
    57 52 61 61 59 66 70 67 67 63 63 64 71 75 75 70 69 66 58 61 65 68 63
    70 70 73 72 74 76 79 70 71 73 66 61 62 56 61 62 62 64 70 65 62 63 65
    61 56 64 67 70 72 77 76 70 73 73 69 61 68 69 73 74 79 76 70 63 65 60
    59 61 64 69 75 72 73 71 68 62 64 63 61 64 64 62 60 61 62 63 69 74 75
    62 69 62 56 53 65 62 61 58 61 57 59 62 66 70 72 62 60 67 60 58 68 74
    65 72 69 65 64 60 63 65 67 66 70 67 71 71 70 68 68 71 71 73 78 68 63
    64 63 58 56 50 43 45 52 62 71 75 71 66 66 64 59 64 60 55 49 60 52 56
    63 68 60 62 55 54 49 53 57 65 64 66 64 59 66 70 71 75 84 79 77 77 68
    60 61 54 52 61 61 59 65 64 65 66 67 73 76 72 75 69 65 61 62 63 61 61
    64 64 63 66 62 58 58 55 56 60 59 57 66 66 67 66 69 66 64 66 68 71 66
    65 58 53 50 57 65 69 76 74 72 65 66 67 70 71 71 76 72 71 70 64 61 62
    57 56 65 57 47 56 58 56 63 71 69 65 63 65 63 65 69 66 60 63 63 55 59
    63 66 64 72 73 74 74 74 74 74 67 66 70 64 64 66 60 63 65 68 72 76 69
    66 64 61 57 57 63 64 68 72 73 74 71 76 76 71 63 68 65 69 69 76 77 78
    74 78 73 67 66 70 75 79 78 75 71 69 65 65 64 61 61 62 58 54 61 57 58
    68 76 75 66 68 62 55 49 61 63 60 61 65 63 63 66 69 71 71 65 67 68 64
    61 64 65 57 66 65 62 62 67 65 63 63 60 59 59 65 68 71 72 70 73 73 75
    76 73 70 70 65 59 58 51 47 50 57 59 63 65 61 58 63 62 61 66 67 60 57
    60 56 58 63 70 67 65 58 60 58 63 65 70 70 72 71 67 74 74 71 71 83 80
    82 81 76 71 69 60 60 64 60 56 60 61 60 66 70 76 78 76 76 72 68 67 67
    67 64 65 68 63 62 66 65 60 60 57 55 57 55 57 63 65 65 61 65 64 62 64
    73 75 71 67 59 55 52 59 69 72 78 77 75 66 72 68 67 71 73 71 70 69 66
    60 62 62 56 60 71 62 57 71 65 62 69 76 74 70 66 68 68 65 68 69 60 60
    60 56 56 62 63 63 68 68 68 67 68 68 73 67 69 74 70 66 70 65 64 67 73
    74 73 70 72 69 65 66 64 64 61 67 68 66 70 73 79 79 77 66 71 64 69 69
    78 71 74 74 81 77 76 73 75 76 75 71 72 66 65 63 67 63 62 64 66 59 55
    60 57 63 77 87 80 72 71 65 61 59 68 70 66 66 74 73 68 72 70 67 67 63
    62 63 59 50 51 59 56 66 68 70 69 69 66 63 65 58 60 64 74 73 73 70 67
    67 72 80 84 82 81 79 75 70 70 61 55 51 56 54 60 65 65 62 67 69 66 70
    69 64 60 60 54 58 61 65 66 64 62 60 57 64 69 72 74 80 78 77 81 83 76
    73 79 76 74 73 73 68 66 59 62 61 61 60 63 60 60 62 60 70 74 73 72 73
    67 64 72 72 71 69 72 64 62 62 64 60 62 61 63 66 63 66 69 72 69 65 66
    65 57 60 68 70 67 68 64 64 64 67 77 79 82 79 78 64 67 61 60 63 74 72
    76 74 74 65 70 65 59 62 67 56 53 66 57 56 60 70 72 69 65 69 68 58 66
    69 65 64 64 62 59 60 62 60 61 64 66 63 67 68 70 65 70 72 69 69 71 66
    66 67 70 72 71 73 77 73 64 66 59 55 52 63 63 65 73 81 85 82 79 65 64
    54 60 56 62 56 61 62 69 69 68 67 71 70 69 67 70 65 66 64 67 63 60 63
    63 56 51 55 53 61 72 81 72 66 63 61 60 65 75 77 74 72 80 80 80 85 78
    73 67 62 57 60 57 51 46 52 51 55 57 63 66 69 67 66 68 62 65 68 75 74
    69 70 66 65 67 78 80 78 80 81 79 70 72 64 62 55 60 59 63 63 64 57 60
    62 59 62 67 62 59 59 53 52 57 61 67 66 72 69 64 67 73 72 71 80 80 78
    82 86 83 75 78 74 71 65 69 66 64 60 66 64 63 64 64 63 61 68 66 74 73
    74 72 72 70 72 64 67 66 66 73 70 66 64 72 63 62 63 62 63 60 65 66 67
    59 57 56 57 52 57 68 71 70 71 64 63 61 62 74 78 77 75 71 57 62 55 53
    60 72 67 74 71 71 62 71 69 63 64 71 61 55 71 63 55 56 65 65 67 69 71
    71 59 63 63 65 62 61 59 57 53 57 63 64 68 68 62 67 66 67 67 73 70 65
    69 65 65 61 66 64 70 67 73 77 71 63 64 58 54 53 63 63 61 68 78 82 79
    85 76 71 60 64 59 58 55 59 60 60 61 61 60 61 62 68 65 70 68 71 67 66
    61 60 60 61 59 54 56 56 61 69 76 69 69 64 66 70 71 74 79 71 64 68 71
    70 77 74 70 64 60 56 57 62 56 54 58 57 55 60 63 67 69 70 68 66 61 67
    65 69 71 66 63 63 64 66 73 75 79 78 80 79 71 70 65 62 60 66 62 62 66
    68 60 64 66 57 59 64 62 60 61 57 53 52 55 63 61 69 70 67 66 72 68 68
    78 76 75 79 85 84 78 77 78 74 64 73 74 69 65 70 66 65 65 64 61 56 57
    57 63 60 62 63 66 64 68 66 66 66 64 71 64 64 63 71 57 61 61 58 59 64
    69 68 71 66 60 58 55 51 52 64 65 65 68 66 64 61 61 73 74 69 72 72 55
    57 52 48 55 70 66 72 73 68 58 68 65 59 60 64 57 54 63 57 52 52 61 63
    66 72 74 75 62 69 64 67 63 65 63 63 57 62 72 68 74 75 67 68 68 63 64
    66 63 59 66 64 70 61 64 63 65 58 68 73 70 61 62 60 56 51 61 63 56 63
    70 71 71 82 73 68 61 60 54 56 55 62 63 62 60 58 57 58 57 63 65 66 68
    71 69 69 66 65 63 64 61 54 54 54 58 69 80 77 81 72 71 71 73 72 79 72
    69 71 72 69 75 75 68 69 69 62 55 62 56 50 52 56 52 56 66 74 76 77 70
    64 59 60 56 62 64 58 63 64 64 67 74 75 81 79 79 78 71 71 68 68 67 67
    65 61 66 68 67 71 74 63 63 68 64 64 68 65 57 60 59 65 60 70 66 66 65
    71 66 69 79 77 79 79 81 77 72 67 69 71 65 73 80 76 70 73 65 61 65 64
    59 54 52 46 49 48 55 57 62 59 64 61 60 61 60 66 62 65 63 74 60 61 64
    59 55 61 64 58 61 58 49 53 52 49 49 64 63 69 70 71 69 68 65 77 72 72
    77 74 58 65 57 54 62 78 72 78 75 70 60 66 62 58 57 58 58 55 61 54 52
    47 55 55 59 65 69 69 65 74 69 71 68 70 67 65 59 64 67 62 68 72 61 64
    66 63 63 67 62 55 58 54 60 54 59 59 62 57 67 72 72 68 69 63 58 48 52
    55 54 58 67 70 66 73 64 61 58 59 57 59 52 56 54 53 56 59 57 61 54 59
    62 65 70 75 75 73 73 66 66 63 65 55 58 57 62 66 76 72 77 73 72 74 80
    75 75 70 65 66 71 70 76 77 72 71 72 65 61 62 60 56 60 61 57 58 66 72
    71 78 76 71 65 66 61 62 62 56 60 58 60 62 73 71 75 74 72 74 72 75 71
    70 67 66 67 68 77 79 77 77 78 64 64 67 62 58 66 58 49 53 53 61 62 75
    72 69 63 66 62 63 74 74 77 73 75 71 68 59 62 60 57 62 70 70 69 73 65
    62 62 59 53 52 46 44 43 42 51 54 57 57 64 64 59 63 60 68 66 71 72 78
    67 63 62 53 51 56 60 55 61 58 51 54 56 54 53 63 61 64 65 70 72 71 67
    74 67 65 66 65 54 59 54 59 67 78 76 81 74 67 62 63 58 57 55 50 54 49
    50 52 54 50 58 60 61 66 68 66 64 73 71 73 75 77 74 72 68 69 66 59 63
    67 64 66 73 69 67 68 68 55 59 52 56 53 60 58 63 60 67 70 69 63 63 55
    54 47 49 54 58 59 66 70 64 66 57 57 54 56 52 56 50 54 54 58 62 63 60
    60 54 58 62 63 72 80 79 74 75 66 61 60 67 59 62 63 61 59 69 66 67 68
    72 71 78 74 75 69 62 62 67 66 74 80 72 72 72 65 60 64 66 66 63 61 58
    54 55 66 69 74 78 75 71 68 63 57 57 47 56 54 60 61 69 66 68 63 64 68
    65 67 69 71 72 74 78 75 79 80 78 76 74 66 66 73 65 63 69 60 50 58 62
    65 66 74 70 69 62 64 61 60 66 71 72 68 69 69 65 61 64 67 65 66 74 77
    72 69 62 55 54 57 54 52 48 45 42 42 50 53 56 54 57 56 54 57 60 66 68
    75 81 85 79 74 67 52 43 49 53 52 57 61 50 50 50 53 53 64 63 71 71 75
    75 73 69 71 60 55 55 54 49 56 55 63 71 76 74 76 69 61 58 59 57 57 51
    49 53 51 53 61 62 57 62 57 55 60 60 56 58 65 64 70 76 81 79 75 70 67
    63 60 65 70 67 63 66 62 58 61 67 57 56 56 60 55 64 66 65 59 67 69 69
    65 65 56 51 42 40 45 47 48 53 61 57 56 54 61 62 67 67 72 61 63 56 60
    60 65 61 60 54 56 55 56 69 80 81 76 80 73 66 63 74 66 66 67 67 61 70
    65 67 67 73 73 79 72 72 64 59 59 64 62 67 72 64 67 65 63 58 64 63 68
    66 65 62 62 61 69 71 73 73 69 69 64 65 59 56 42 53 47 55 57 63 58 65
    60 60 65 66 65 65 68 72 72 77 79 82 82 83 82 75 73 75 82 75 73 77 66
    55 59 66 67 67 73 73 72 66 70 66 62 65 67 66 61 60 57 61 62 65 70 71
    66 68 72 67 65 61 53 51 54 50 51 49 47 44 44 47 52 58 56 58 54 53 60
    60 69 69 75 78 81 78 79 70 56 46 51 56 58 64 71 60 57 55 55 51 57 59
    66 69 78 78 75 69 71 61 60 60 63 59 58 53 65 69 73 74 76 67 64 62 64
    59 59 52 45 48 53 50 56 59 60 57 59 53 54 50 46 48 57 57 61 71 78 76
    76 72 70 61 59 67 73 68 68 71 66 60 61 69 60 53 57 62 59 64 73 68 65
    65 65 67 66 62 55 54 41 42 46 53 50 54 59 56 52 51 59 62 68 69 75 63
    65 60 69 68 73 68 66 57 55 51 50 64 72 75 74 79 72 66 63 69 64 61 66
    67 65 71 69 68 70 73 72 77 75 68 60 60 61 59 59 66 69 64 71 74 73 71
    73 70 72 72 67 62 60 60 61 63 63 67 66 66 57 62 51 46 35 47 40 52 53
    62 58 63 60 63 67 67 70 68 69 71 72 78 79 82 81 84 84 81 81 81 86 75
    74 74 67 57 65 70 69 71 75 71 71 69 66 69 65 65 70 71 65 62 59 63 63
    64 68 72 63 66 70 68 68 60 54 56 62 58 64 59 53 47 47 50 56 60 60 61
    57 57 66 63 70 73 79 77 82 81 78 68 60 47 53 56 57 67 73 63 57 56 50
    51 55 58 66 71 79 77 75 68 67 61 66 63 69 67 66 59 71 69 72 72 76 66
    64 66 63 57 55 53 44 48 54 54 59 63 63 60 61 54 54 52 48 53 61 60 61
    69 69 67 65 67 60 50 53 58 61 63 66 64 66 61 60 65 59 52 56 58 62 67
    76 74 75 68 66 63 62 57 52 58 48 48 51 59 51 58 61 59 52 56 65 65 72
    71 70 54 59 54 64 65 72 66 64 56 58 57 56 67 75 72 70 73 66 61 59 65
    62 62 66 68 61 64 62 59 64 72 69 71 70 58 51 53 58 59 63 67 69 63 69
    71 73 72 73 71 71 72 71 67 60 59 59 60 59 66 67 65 56 66 55 51 43 52
    43 54 52 61 59 60 56 63 68 65 69 68 70 70 76 82 85 84 83 81 82 80 84
    83 88 80 76 70 64 57 60 67 63 68 72 70 72 77 72 72 69 64 65 69 62 60
    61 61 60 63 65 65 62 65 64 63 67 57 55 60 65 62 73 69 63 57 53 50 53
    57 58 61 60 60 66 60 68 69 74 76 81 82 82 74 64 51 51 55 55 67 74 66
    58 57 52 51 53 58 60 63 71 72 71 68 65 63 67 64 69 71 62 56 69 66 67
    69 69 62 64 63 63 63 56 55 48 49 56 57 60 65 65 59 64 54 54 55 51 52
    64 61 61 70 72 65 67 68 59 53 56 57 55 61 62 60 66 66 65 73 70 62 65
    68 70 75 82 77 77 71 68 62 61 53 47 51 46 52 57 64 55 60 60 58 54 64
    69 68 77 72 66 54 58 53 60 60 67 65 58 54 55 49 45 57 64 64 67 71 70
    65 64 65 66 61 65 67 64 64 62 58 61 68 68 68 65 56 51 52 57 59 64 66
    68 63 68 65 66 63 66 65 70 72 75 69 62 61 56 57 56 60 61 67 55 66 61
    55 46 56 49 59 57 60 58 57 50 61 65 63 67 70 72 75 81 83 81 74 73 74
    78 76 80 78 76 70 71 67 66 65 68 73 66 67 69 65 70 78 76 72 69 63 65
    65 64 60 59 58 59 60 68 66 63 68 66 64 66 57 52 62 64 68 78 74 62 59
    53 49 55 60 62 62 59 62 62 56 61 59 62 64 72 76 82 78 76 65 63 63 61
    69 74 66 58 56 51 49 54 57 58 63 70 69 73 72 70 66 75 70 77 77 69 59
    66 57 63 65 65 64 67 64 64 63 55 54 49 47 54 58 58 59 59 59 58 53 55
    58 52 52 65 62 62 69 73 64 67 66 62 56 61 60 58 58 60 55 57 56 56 58
    60 54 59 63 65 68 79 74 75 71 70 64 65 56 53 56 53 59 64 68 55 58 55
    56 58 73 76 75 83 76 66 56 57 47 53 50 60 62 60 53 57 48 46 53 65 63
    65 65 68 62 59 60 63 56 58 68 68 65 66 62 58 63 64 61 58 48 45 50 55
    57 67 65 60 56 61 58 59 59 61 62 67 73 80 73 67 67 58 55 59 64 67 73
    62 68 61 51 45 52 47 56 54 56 55 56 53 66 67 70 70 70 72 72 72 76 76
    66 66 67 69 69 71 67 65 60 62 62 65 64 64 66 64 66 68 69 73 76 73 68
    65 63 66 63 66 59 55 54 56 59 67 64 62 70 60 58 64 58 53 69 71 77 86
    81 68 63 55 54 58 65 67 71 73 72 69 58 63 59 59 60 66 68 71 74 76 72
    66 65 60 66 71 67 63 63 56 53 52 55 50 55 57 61 66 69 68 71 79 74 82
    80 72 60 63 52 59 63 64 66 69 64 61 61 56 62 58 57 57 57 52 55 56 60
    63 59 62 65 60 58 70 65 62 67 70 60 62 64 63 58 62 58 54 51 58 54 59
    63 63 63 64 62 60 64 66 68 74 75 75 68 67 63 64 57 56 62 62 67 71 78
    66 67 61 63 62 75 76 74 79 75 64 54 57 50 56 59 66 69 66 57 57 53 52
    58 65 63 64 58 57 56 56 57 64 60 59 61 62 60 60 58 57 60 54 50 51 46
    46 52 57 57 64 66 67 70 69 67 64 62 58 60 65 72 77 76 70 65 57 57 59
    65 74 78 67 71 66 56 52 54 53 59 56 59 64 64 57 68 64 62 61 67 69 71
    72 72 66 56 53 57 63 68 70 66 64 60 57 58 61 60 58 60 59 63 65 67 70
    70 67 63 64 60 69 65 67 63 61 56 55 60 65 63 65 76 60 60 61 52 49 67
    68 77 85 80 68 61 54 52 54 59 61 63 68 69 66 57 62 61 61 62 67 70 68
    73 76 75 67 65 57 63 66 61 64 60 57 56 60 58 55 55 56 56 62 66 63 65
    71 68 75 78 72 67 67 55 58 63 63 67 69 66 59 58 52 61 61 65 65 66 64
    67 62 69 66 61 63 71 67 68 78 72 70 71 75 66 68 67 63 61 59 50 48 50
    50 50 59 61 63 64 63 62 57 59 62 68 69 71 67 62 57 57 61 61 60 65 69
    71 72 78 69 67 67 72 70 82 82 73 73 69 56 46 52 45 50 55 64 65 66 59
    60 58 61 61 68 69 65 57 56 59 57 61 66 67 57 61 62 59 57 57 51 52 48
    42 46 44 49 53 63 65 74 69 72 72 70 64 60 53 44 48 54 62 72 79 72 70
    63 60 63 66 71 75 69 71 71 65 63 63 62 61 60 59 64 61 54 61 56 55 53
    59 61 64 65 65 62 56 51 53 58 64 64 62 59 60 54 55 56 55 48 52 55 60
    65 71 74 69 71 61 59 57 64 58 65 66 65 59 57 60 62 57 61 72 61 58 56
    49 46 59 63 73 77 77 65 62 58 60 60 68 67 71 62 62 59 54 55 55 58 62
    64 73 74 79 80 81 66 63 57 60 63 65 70 69 66 64 62 57 49 50 50 52 61
    68 63 66 72 66 66 71 65 63 62 54 54 61 61 68 71 65 61 61 58 63 68 66
    62 62 65 68 67 70 67 63 60 67 64 60 69 70 68 71 80 69 67 66 66 61 62
    59 55 53 51 53 54 58 62 65 62 61 54 57 57 59 58 66 59 61 58 63 62 67
    60 60 64 68 68 77 71 68 70 74 72 84 84 74 72 71 63 56 58 53 53 56 62
    64 67 61 59 55 58 56 65 67 65 59 58 57 54 58 61 63 56 58 58 55 56 57
    51 50 50 44 49 53 56 59 66 63 67 66 68 70 70 67 66 60 51 52 61 66 72
    77 76 71 62 62 68 71 75 82 74 73 72 65 64 65 63 59 57 54 59 60 58 67
    60 59 55 58 55 61 61 58 59 59 57 59 64 68 63 60 56 56 49 50 50 52 47
    53 59 63 65 74 70 62 64 56 49 53 66 61 69 72 71 66 69 64 69 66 66 69
    64 61 55 51 49 57 57 67 69 70 66 67 64 66 67 73 71 74 58 59 59 57 59
    57 60 60 62 68 69 73 76 80 71 72 66 65 67 69 71 72 67 65 64 57 52 55
    55 55 65 71 68 66 70 63 63 72 72 72 65 58 55 60 64 73 74 69 63 55 56
    59 61 59 56 56 61 71 72 81 76 70 63 65 62 58 67 71 72 70 77 68 63 62
    62 61 59 60 57 59 59 61 56 59 56 55 50 54 45 47 46 50 45 53 52 56 53
    64 66 67 60 65 68 67 65 77 72 67 73 81 77 85 87 80 76 74 68 59 60 52
    56 57 62 62 68 63 64 63 66 64 67 65 59 48 48 50 51 57 65 68 62 61 61
    55 55 54 52 54 56 47 58 59 56 57 67 60 63 64 68 66 66 64 65 60 57 57
    60 64 65 69 70 68 64 63 64 71 74 80 76 75 72 66 65 63 61 54 50 49 59
    64 65 71 60 56 47 51 49 56 54 58 58 59 60 63 65 73 68 64 64 66 58 60
    54 51 44 47 56 65 68 78 72 60 60 56 50 54 64 62 72 72 74 69 72 68 68
    68 72 74 66 66 56 49 52 59 62 70 75 74 70 71 72 69 69 75 70 69 59 60
    66 65 71 71 74 71 75 74 69 71 72 72 66 68 65 66 67 70 72 68 62 61 61
    57 58 59 58 54 61 65 63 64 69 65 64 71 66 66 61 54 52 60 64 72 74 70
    66 62 63 65 68 63 60 57 63 72 75 78 74 68 62 63 64 65 72 72 72 70 75
    65 59 56 56 55 57 62 62 64 60 59 53 60 57 62 61 66 53 54 49 52 44 53
    51 56 49 61 62 65 57 62 62 60 57 66 67 65 70 82 79 82 81 81 70 72 67
    62 62 62 62 64 67 62 63 61 66 63 66 63 65 58 53 46 48 50 56 62 72 75
    68 66 64 57 55 58 58 61 60 57 63 65 63 63 71 64 62 60 68 66 66 64 69
    62 55 53 57 56 57 63 64 62 61 61 57 62 66 70 71 72 76 72 72 68 67 57
    54 50 62 66 68 70 63 58 51 52 53 58 56 57 55 59 59 63 66 74 68 70 69
    75 64 66 59 56 50 54 60 65 66 73 69 60 63 59 55 60 69 65 75 77 77 71
    73 64 63 64 69 67 64 66 57 52 58 62 61 66 71 72 71 70 72 69 70 74 76
    75 54 59 65 66 67 68 74 69 73 75 72 68 70 70 65 66 64 68 67 72 75 73
    64 62 60 55 61 64 65 59 62 63 62 60 71 72 69 76 76 77 73 64 57 59 61
    65 68 65 62 59 58 56 61 59 60 59 65 70 72 71 67 66 65 69 71 72 77 72
    69 63 68 57 57 56 59 59 62 69 66 67 63 63 55 60 55 57 55 59 49 49 47
    51 43 49 52 60 56 67 67 67 58 64 64 62 61 71 71 70 77 87 84 83 77 76
    64 64 60 64 62 65 67 67 69 64 67 67 74 69 73 64 63 58 56 49 58 61 65
    66 74 72 64 62 65 62 64 64 65 68 70 68 73 70 64 61 64 58 56 54 61 58
    65 64 69 61 57 52 56 54 56 60 58 58 56 51 50 58 60 67 73 70 71 67 69
    67 67 57 57 49 59 61 66 69 66 63 59 56 54 59 58 63 66 73 77 75 74 78
    70 68 66 71 64 62 58 59 55 55 62 63 62 68 67 60 62 60 58 64 70 69 77
    78 77 70 71 60 57 54 59 59 59 60 59 58 63 67 69 68 70 67 64 64 69 68
    70 75 75 74 67 70 71 70 66 64 65 61 67 66 64 61 63 62 63 66 67 71 72
    76 80 78 67 65 60 52 53 62 62 58 64 68 64 63 74 73 69 76 76 76 71 65
    61 66 68 69 72 67 64 62 63 60 64 58 57 54 56 57 62 63 62 64 67 72 68
    68 75 71 66 64 66 54 51 49 52 53 59 68 64 68 70 68 57 68 61 58 54 60
    49 47 46 53 49 55 62 71 65 72 69 65 55 61 61 60 61 68 68 64 73 81 78
    77 72 72 66 64 63 71 71 72 76 73 71 66 68 68 78 72 74 63 62 55 54 49
    60 64 67 70 78 76 68 67 67 63 62 67 71 76 75 76 76 73 64 62 65 59 55
    56 60 55 62 60 67 66 65 59 63 55 54 54 55 53 57 53 53 58 61 69 71 72
    73 71 69 70 67 59 59 52 58 65 71 73 74 70 65 61 62 62 62 65 66 67 75
    70 72 76 70 67 66 65 60 62 61 63 62 60 59 57 55 57 61 59 58 63 61 64
    68 69 72 73 73 71 74 66 68 67 68 66 63 59 56 56 60 66 64 66 68 63 60
    60 60 55 61 66 70 68 69 74 73 72 71 70 66 62 68 65 58 54 60 60 65 69
    71 74 77 76 76 72 61 60 55 52 60 66 64 65 67 64 65 63 67 68 69 72 73
    77 75 69 66 69 67 66 71 70 64 63 61 59 61 60 61 62 56 54 54 54 52 57
    64 69 62 63 70 61 60 58 63 55 55 55 58 60 65 73 67 72 73 67 56 67 61
    58 58 62 55 52 49 57 58 61 64 70 62 66 67 64 61 69 68 60 63 63 66 62
    71 75 75 71 67 70 67 63 60 68 66 70 75 70 73 71 68 71 81 73 77 72 67
    60 57 46 56 64 71 76 88 88 78 74 74 71 66 71 77 76 72 72 68 61 58 56
    61 60 59 59 60 55 57 53 54 54 54 51 59 56 58 55 54 50 52 45 47 54 58
    63 69 66 66 64 61 65 67 60 62 57 56 62 68 67 69 69 65 58 61 62 61 64
    67 67 74 69 70 72 70 69 73 71 65 69 66 67 67 65 60 57 54 51 59 59 61
    65 70 69 70 69 70 72 68 65 64 60 56 56 63 65 64 59 62 63 66 72 75 73
    70 66 57 51 52 52 58 66 74 74 68 73 72 69 70 69 63 61 65 65 59 56 62
    64 68 70 71 75 75 73 74 70 59 62 58 58 68 74 70 69 69 60 63 64 68 69
    72 67 60 64 67 62 61 68 66 62 67 67 60 64 60 60 64 65 62 62 54 46 46
    46 46 55 67 72 63 63 64 51 46 46 53 47 54 52 58 59 67 72 70 73 75 67
    57 68 65 63 66 70 64 62 59 60 64 68 64 69 65 64 61 62 61 67 65 59 63
    57 57 54 60 64 65 64 61 67 60 62 61 74 73 81 83 76 78 75 74 75 84 74
    77 68 66 63 61 53 62 66 72 76 88 90 80 73 72 72 64 74 81 78 71 77 71
    67 71 65 63 60 56 54 56 57 64 59 56 55 49 42 54 56 61 62 63 54 57 53
    55 55 57 59 64 58 61 62 60 64 68 63 69 61 57 63 71 69 74 72 69 58 59
    61 62 63 68 70 71 65 68 67 67 69 69 66 61 65 64 72 71 72 64 56 52 48
    59 59 64 68 75 71 70 72 71 75 74 70 67 62 60 54 60 62 62 52 61 67 70
    74 79 77 67 63 60 55 55 60 65 70 76 79 69 71 67 62 59 60 57 57 62 68
    66 64 70 70 70 69 70 69 74 71 71 73 66 65 62 64 67 74 72 74 73 66 65
    65 68 67 67 66 64 71 73 71 69 68 58 55 63 61 54 59 51 49 53 61 60 65
    58 54 49 51 52 61 72 74 65 59 60 48 48 43 51 48 56 56 63 62 67 73 68
    74 79 71 60 67 66 65 66 68 67 66 63 64 72 72 68 72 73 68 65 66 65 69
    66 64 65 63 61 55 58 58 57 58 59 66 67 66 64 76 75 76 80 79 81 78 77
    77 79 69 72 66 62 63 62 54 60 67 73 74 84 88 77 65 68 66 57 65 75 72
    72 78 75 72 72 65 59 55 54 53 52 59 69 64 63 65 60 52 62 66 69 70 75
    66 65 62 66 64 61 66 65 57 58 64 62 68 69 64 66 61 55 61 71 74 71 70
    67 54 51 58 60 63 74 74 73 68 68 63 66 68 67 65 59 58 56 63 61 64 61
    59 58 58 66 66 65 71 75 67 66 71 67 72 74 72 65 58 56 50 56 61 65 56
    68 72 76 78 80 76 67 58 55 54 50 55 62 63 69 76 70 67 64 57 55 55 50
    49 57 61 57 60 65 62 63 63 67 65 73 66 67 66 61 58 60 59 59 66 70 75
    79 73 71 72 66 62 62 58 51 59 66 64 70 74 69 64 71 64 57 62 56 57 62
    65 60 65 57 51 51 56 57 65 72 71 62 58 59 53 58 54 58 56 62 57 63 63
    70 76 72 79 81 70 59 68 66 68 73 74 71 71 67 63 70 69 63 65 64 63 60
    61 59 65 62 62 63 58 56 47 48 49 51 53 59 64 64 64 64 72 74 77 80 76
    78 78 75 72 74 64 63 61 62 61 61 55 58 64 74 76 85 92 80 68 70 65 52
    65 73 67 65 72 66 66 74 72 70 67 67 61 56 59 65 61 62 69 68 62 68 70
    74 73 79 71 73 71 72 69 64 64 60 57 57 67 64 68 69 64 61 62 56 60 67
    69 65 65 63 54 56 61 61 61 68 66 65 63 61 59 62 64 65 64 58 56 54 59
    59 63 61 58 58 59 65 66 69 69 69 63 62 65 65 72 74 75 71 67 64 61 66
    67 69 59 63 67 73 74 82 82 69 63 60 60 54 61 64 65 67 76 65 60 61 56
    58 56 57 56 64 68 67 67 69 63 63 61 62 61 74 69 65 66 62 55 55 61 65
    68 71 79 80 74 77 80 74 68 65 56 52 53 64 63 71 68 62 56 62 53 48 57
    51 50 56 61 54 59 55 55 51 59 61 69 75 76 69 62 61 51 53 51 60 60 68
    66 71 67 73 81 82 84 86 70 60 61 59 65 73 71 72 74 69 63 66 66 57 57
    58 61 57 64 64 69 63 63 58 56 55 50 48 51 48 46 51 61 61 65 71 76 74
    76 78 77 82 83 81 80 74 65 64 63 61 59 60 52 57 62 72 72 80 85 74 64
    66 65 52 64 71 69 66 71 64 65 71 67 66 67 65 55 54 60 64 61 65 66 60
    56 61 64 71 72 76 72 75 75 74 70 65 62 57 51 51 60 60 65 71 71 66 68
    60 61 67 69 60 59 57 50 51 60 61 65 70 71 69 72 67 63 64 65 61 63 58
    53 51 58 56 64 66 61 65 68 69 70 77 70 69 67 66 65 70 71 67 62 60 52
    48 52 56 57 61 59 61 67 72 76 84 83 74 70 66 63 60 68 71 71 74 84 70
    61 64 61 63 60 64 59 65 65 66 65 65 58 57 52 53 53 69 63 63 65 66 58
    62 63 66 67 69 76 78 75 78 79 75 68 65 59 57 53 65 62 70 66 63 57 58
    49 50 56 51 53 57 57 54 58 57 59 62 69 71 78 82 80 73 68 68 57 58 59
    61 59 68 64 68 65 70 73 80 78 81 70 64 63 60 67 73 74 73 78 74 67 64
    65 56 58 63 67 63 68 67 69 63 65 59 55 51 48 45 51 51 50 53 60 62 66
    68 71 73 74 78 81 87 86 85 81 75 68 67 61 55 56 57 53 61 67 74 68 74
    80 73 62 66 66 53 61 70 70 69 74 68 72 75 73 73 74 66 60 58 64 70 72
    76 74 65 61 60 60 66 71 74 74 79 80 75 69 64 63 61 61 64 71 69 66 70
    66 64 66 63 62 69 70 59 56 53 50 50 61 64 66 64 62 56 64 64 60 62 63
    56 59 60 55 57 59 55 58 61 56 65 71 71 70 76 68 67 69 69 70 72 72 66
    65 62 59 53 59 62 60 60 63 59 59 64 69 72 77 75 69 64 64 61 68 72 70
    70 77 67 63 64 64 60 60 60 53 60 64 65 63 66 56 56 53 56 54 67 60 61
    65 68 61 62 62 60 56 58 68 67 70 74 76 71 65 60 57 59 55 67 67 74 64
    61 56 55 45 54 60 59 61 62 59 58 64 62 67 66 69 65 73 77 80 76 72 72
    67 66 69 74 70 71 67 70 66 71 74 79 73 73 63 63 62 62 70 75 74 75 76
    71 64 62 61 55 61 65 68 66 74 72 73 71 73 66 61 60 53 48 52 51 48 53
    60 64 67 66 65 67 68 70 77 80 77 72 70 65 63 63 59 55 56 57 55 65 73
    76 70 72 73 65 57 60 60 52 59 69 68 70 70 66 65 69 69 72 74 68 61 56
    63 66 70 75 75 67 64 59 61 67 70 75 79 77 77 69 67 63 66 63 69 69 76
    76 74 78 70 66 69 68 64 69 70 54 53 52 52 51 59 62 63 58 55 54 58 57
    55 57 58 54 57 60 54 55 54 54 56 62 58 64 70 67 70 78 71 65 69 69 66
    70 72 66 68 63 60 54 60 58 59 63 66 62 59 61 67 66 70 72 68 59 57 57
    59 63 59 60 65 73 68 65 67 60 56 55 50 55 60 63 60 60 54 54 51 54 58
    67 62 61 63 63 61 59 63 66 61 56 69 65 68 76 79 72 66 62 56 59 52 67
    70 75 70 72 67 61 54 58 66 64 69 72 69 63 68 63 62 61 67 63 72 76 81
    73 72 72 70 68 78 78 76 73 65 67 65 66 68 73 65 68 62 70 71 68 72 76
    72 71 74 71 64 62 63 60 65 69 71 71 75 72 72 73 69 63 57 56 51 52 58
    55 54 59 58 57 65 63 57 59 61 64 67 72 75 73 68 65 67 65 61 60 64 62
    58 66 71 69 70 75 76 72 67 65 65 55 62 68 67 68 69 65 64 66 63 70 72
    67 65 65 67 64 73 71 69 61 62 59 65 70 72 75 76 74 70 63 63 61 61 63
    75 72 76 79 77 79 72 71 74 73 66 69 63 49 50 51 54 52 59 61 57 50 52
    54 55 57 60 58 55 55 54 55 55 57 56 60 61 64 59 65 66 63 65 71 63 61
    68 65 65 68 71 61 70 67 68 61 70 68 68 68 73 61 56 53 56 57 67 70 69
    64 58 60 60 62 61 62 59 68 63 62 64 59 56 57 56 63 70 71 67 67 60 58
    58 61 61 66 61 61 66 69 69 66 68 70 60 51 63 60 60 72 79 73 64 62 56
    58 49 66 70 69 65 67 65 61 59 61 71 67 68 68 68 63 67 64 68 66 69 61
    66 68 72 64 62 66 64 63 73 81 77 74 71 70 66 68 68 72 65 69 66 72 68
    67 65 67 67 71 76 76 70 69 68 62 68 73 70 75 84 81 78 77 69 57 53 53
    53 56 64 61 61 63 66 65 72 68 58 58 56 56 64 72 72 76 74 70 72 71 64
    59 62 56 55 65 72 65 68 70 68 66 64 59 62 54 55 62 67 70 71 68 68 66
    59 68 69 63 62 63 66 67 75 71 68 57 56 55 66 72 77 78 78 73 71 64 67
    67 70 70 78 73 73 76 75 76 73 79 78 76 75 77 69 53 56 52 52 46 53 51
    50 49 50 53 57 61 59 58 55 52 49 51 56 58 55 60 65 66 67 71 69 60 62
    62 62 62 70 63 64 63 65 57 64 64 64 59 65 67 63 65 69 61 53 52 55 51
    65 70 72 69 64 65 59 63 61 68 59 64 60 57 61 59 58 52 56 60 67 65 66
    67 67 62 63 65 61 59 54 58 63 66 69 68 64 64 57 48 59 58 56 66 70 63
    55 56 53 53 50 63 67 66 67 71 70 64 64 66 71 69 72 70 71 66 70 69 70
    67 68 62 63 67 70 64 62 66 65 66 74 79 76 73 68 70 68 67 64 66 58 61
    62 64 63 65 63 69 75 83 85 84 76 77 70 69 73 79 71 80 82 78 74 78 66
    57 51 48 50 52 63 65 70 72 74 68 74 63 51 48 46 44 52 57 57 59 55 52
    55 58 54 54 58 54 54 62 69 64 65 67 65 64 60 55 52 47 43 49 58 62 63
    67 67 64 63 72 69 65 63 62 65 67 79 75 73 64 60 57 71 73 75 77 73 63
    60 59 64 67 74 78 83 79 74 76 73 73 66 73 70 73 72 75 68 55 61 56 53
    49 52 44 42 42 43 50 51 55 53 58 54 56 51 58 61 64 61 67 66 64 67 68
    66 60 63 60 64 65 73 63 65 62 63 54 66 66 69 65 71 74 72 72 78 68 58
    56 54 51 64 68 65 69 63 66 60 65 62 68 57 55 51 50 53 51 49 46 55 60
    71 70 73 69 73 65 68 67 66 58 59 59 65 65 70 67 67 64 58 52 59 62 60
    70 72 71 63 62 59 59 52 60 65 64 67 73 68 65 62 62 64 68 71 74 75 70
    72 68 64 58 61 55 59 68 74 69 69 69 68 68 73 76 72 67 64 65 62 67 64
    61 55 61 57 62 64 67 62 70 73 78 75 77 69 71 63 68 73 79 71 84 87 79
    74 79 68 55 54 54 52 51 61 59 61 68 71 66 72 65 54 51 48 45 50 51 50
    56 51 49 50 52 48 55 60 56 56 64 64 56 60 60 58 60 61 59 58 54 48 51
    59 63 65 71 66 62 59 66 63 63 59 59 62 64 75 72 71 67 61 57 68 71 66
    69 63 53 47 52 59 68 77 83 81 77 71 74 71 75 71 75 72 75 74 74 68 60
    66 61 57 53 51 42 40 47 48 56 53 54 49 53 52 53 49 53 56 55 59 66 69
    70 73 68 65 58 59 56 63 66 70 58 61 62 61 57 71 71 68 70 74 77 76 75
    76 69 60 57 55 53 63 65 64 70 65 64 59 65 64 74 68 58 49 50 55 58 55
    52 63 66 71 67 70 61 64 56 58 59 62 57 61 65 67 65 67 63 62 63 60 52
    60 63 59 70 77 75 69 70 63 60 53 58 60 59 64 67 68 68 64 62 65 66 65
    71 70 66 67 69 64 61 69 65 63 69 72 66 64 68 66 71 75 74 71 72 70 69
    67 68 62 55 48 59 56 57 58 65 62 67 70 74 72 75 68 71 67 70 70 74 70
    81 81 73 72 72 63 54 58 58 62 62 68 64 62 62 63 60 65 64 55 52 49 50
    56 60 61 67 58 54 51 50 47 53 54 49 52 55 55 53 60 61 62 65 68 65 65
    58 49 47 59 62 64 72 72 64 57 65 61 63 58 62 63 66 76 76 72 68 63 59
    67 73 67 69 59 51 43 55 59 70 76 81 75 72 65 66 62 66 66 69 70 76 77
    77 72 68 71 66 61 57 51 44 39 48 52 63 64 69 61 65 61 59 54 55 57 58
    58 60 69 69 69 67 67 59 55 54 59 64 70 59 59 58 55 50 61 70 73 74 81
    89 83 75 76 63 58 56 53 52 66 63 61 70 66 60 57 66 67 78 76 53 48 52
    57 63 57 54 64 66 72 70 69 61 64 55 59 63 64 56 63 64 67 64 65 58 58
    56 59 59 67 67 59 66 71 71 69 74 68 59 51 49 49 47 53 59 62 61 56 62
    61 63 64 69 64 59 59 64 62 59 67 63 59 62 64 62 60 62 60 65 65 65 65
    69 72 73 69 71 66 57 49 57 54 54 55 66 65 71 75 78 74 77 71 74 70 69
    67 66 65 73 76 72 74 71 65 58 62 62 64 62 66 62 59 59 62 63 67 67 64
    59 54 53 56 56 53 61 59 59 59 63 55 58 57 50 55 62 62 61 65 61 59 59
    63 61 62 59 49 47 58 61 59 66 67 62 57 65 61 60 52 56 60 69 76 82 78
    75 62 59 60 65 59 61 50 46 41 50 56 67 74 75 66 62 57 57 54 59 62 61
    64 72 77 76 78 73 74 64 62 58 52 50 49 56 62 70 71 74 64 66 63 58 56
    59 59 61 63 59 64 64 59 56 62 59 58 59 64 64 66 58 59 60 58 56 62 69
    69 71 77 83 76 69 67 56 54 58 60 59 70 68 62 66 67 62 58 64 66 71 69
    46 44 52 59 66 61 59 63 64 70 69 69 60 64 55 61 65 68 58 64 61 62 60
    62 57 60 59 65 65 68 69 64 69 68 72 72 72 64 62 54 47 49 52 54 64 67
    63 57 62 56 58 60 63 56 54 57 61 58 55 59 59 56 62 65 63 63 63 58 63
    64 60 63 70 70 73 66 65 56 47 39 49 43 46 50 64 69 76 79 82 76 73 70
    71 69 69 64 68 69 73 69 69 69 65 62 62 67 67 70 65 66 60 57 54 63 67
    71 72 75 68 64 64 62 57 58 58 51 52 55 59 54 64 62 56 59 65 62 65 65
    61 62 60 63 65 64 62 59 54 63 64 58 64 60 55 51 58 55 56 50 55 59 63
    73 76 76 73 66 60 62 61 53 54 46 42 39 52 57 67 74 77 67 65 60 61 56
    64 62 58 60 72 71 73 78 73 69 65 67 61 55 59 55 56 64 71 67 73 68 69
    70 63 60 61 57 59 61 59 62 63 51 51 54 54 56 61 60 62 60 51 52 53 54
    51 58 65 65 65 75 81 76 77 75 65 63 67 64 61 70 68 58 64 67 60 57 61
    62 60 63 51 49 56 63 67 61 61 61 66 68 70 70 60 61 52 57 61 71 60 69
    62 59 57 57 53 59 62 64 70 72 75 68 70 69 72 73 74 71 68 61 54 57 58
    57 65 66 59 55 61 60 61 65 67 59 56 59 62 61 62 64 61 58 57 58 54 59
    59 58 63 66 59 57 65 69 71 64 68 56 47 42 52 48 55 62 69 73 72 73 69
    69 67 63 65 68 64 59 68 69 69 70 70 71 68 68 67 74 75 75 72 68 60 58
    56 62 70 75 80 86 81 75 77 71 67 65 69 60 61 60 61 55 63 59 54 58 64
    60 67 71 69 68 67 69 70 69 67 70 64 69 72 65 68 66 61 51 55 51 53 51
    58 64 64 70 68 70 67 63 57 58 60 59 59 58 54 48 56 57 62 69 73 67 67
    69 67 62 60 57 52 61 72 78 81 84 78 73 69 72 64 55 64 56 61 71 76 72
    80 76 73 76 67 65 60 57 54 55 53 56 58 50 51 54 53 51 56 55 54 51 47
    50 52 55 56 64 65 63 63 70 72 71 72 70 62 65 66 67 63 69 67 63 63 65
    58 54 52 55 52 57 54 52 61 68 71 66 62 56 59 60 60 65 60 60 55 62 66
    74 65 70 63 61 56 55 51 57 59 65 69 72 73 66 64 66 67 66 68 64 57 54
    46 52 54 56 60 65 58 59 63 66 61 60 56 53 47 51 58 61 59 63 64 61 56
    57 51 56 56 57 60 62 59 58 66 72 77 69 66 55 49 42 47 48 54 57 64 71
    71 72 70 73 69 69 72 73 68 62 63 62 60 58 62 68 64 65 70 73 69 73 75
    69 64 61 56 57 65 69 76 82 82 73 79 76 73 71 73 63 58 57 56 56 61 58
    54 58 64 62 74 77 76 70 67 67 68 65 64 68 59 66 71 66 71 71 66 54 58
    52 55 54 62 69 66 67 65 67 59 63 60 66 66 69 68 70 65 64 69 68 63 68
    66 65 68 72 69 68 63 59 55 63 70 75 80 80 73 67 62 65 61 53 60 56 54
    67 76 78 84 87 82 83 74 74 67 62 59 58 54 54 57 52 52 57 59 59 62 60
    53 48 44 44 45 51 51 54 57 58 58 65 66 68 69 70 64 70 68 70 63 66 64
    63 60 65 62 54 50 54 50 50 55 56 64 67 69 66 63 59 61 62 63 67 60 64
    60 69 73 83 74 75 64 62 58 56 57 62 63 70 76 73 76 71 64 65 68 68 65
    65 58 57 52 59 58 61 69 67 57 63 62 63 63 67 59 59 54 55 56 61 57 57
    58 60 51 52 45 52 48 52 53 53 53 58 62 68 76 68 64 60 61 56 59 58 61
    58 59 62 63 62 63 71 69 68 73 75 70 64 68 66 65 65 68 68 68 63 65 68
    66 67 71 66 62 64 62 64 72 76 77 80 78 68 72 72 71 70 71 65 64 63 63
    68 70 64 62 61 65 64 73 72 74 67 61 65 67 61 64 71 62 66 73 66 68 67
    62 56 61 60 61 62 66 68 64 66 62 67 63 69 66 70 65 66 59 62 62 62 62
    68 64 68 72 74 74 76 73 70 64 54 53 58 62 69 74 75 67 62 55 61 60 56
    62 63 61 66 69 71 73 79 76 83 72 75 68 66 60 60 57 52 51 48 49 52 57
    60 63 61 55 44 45 45 47 52 54 53 53 53 50 59 58 61 63 69 67 69 70 71
    62 59 62 65 61 65 64 56 46 52 47 48 52 52 60 61 66 64 63 57 63 56 55
    60 54 54 56 67 73 81 78 76 70 65 62 62 66 66 66 73 75 68 75 73 66 69
    72 70 64 62 55 56 56 67 69 72 76 67 60 69 63 63 69 70 60 64 64 62 64
    66 63 62 60 61 55 56 49 58 54 55 53 54 51 52 58 66 70 63 61 55 56 56
    60 63 66 65 58 58 53 55 52 62 63 66 67 69 68 64 68 68 69 65 67 67 65
    62 65 66 64 67 70 67 62 63 61 64 68 71 70 70 70 63 68 71 74 74 72 67
    59 57 50 57 60 58 55 59 63 62 68 68 71 65 62 63 70 65 67 72 66 64 65
    60 62 61 58 57 63 66 73 76 75 75 66 65 59 65 61 67 61 68 63 63 59 66
    65 66 66 70 66 69 75 76 78 80 77 72 66 58 57 57 60 69 76 74 69 63 59
    59 58 56 62 62 59 62 63 63 62 72 72 81 72 72 68 65 54 55 57 53 54 58
    57 56 55 55 59 60 58 51 51 49 51 52 54 57 54 56 53 60 57 61 62 72 69
    71 70 66 57 52 56 63 62 65 63 55 45 51 48 51 61 58 63 64 71 65 63 58
    60 49 53 60 57 59 62 69 70 81 83 80 74 74 68 61 69 68 66 71 75 66 70
    66 57 62 70 70 69 71 61 58 56 66 64 66 66 60 51 62 56 56 63 68 60 66
    67 65 65 71 66 70 68 67 58 61 54 62 57 59 53 51 48 49 50 62 67 63 63
    62 65 64 68 70 72 71 61 55 52 51 44 59 65 67 67 68 66 64 64 63 68 66
    65 66 66 61 64 61 58 57 64 60 61 67 69 67 70 71 65 66 67 59 64 70 76
    75 74 69 60 57 50 60 59 60 57 63 64 64 69 70 70 65 67 68 73 69 71 70
    61 60 62 59 65 68 65 66 73 75 79 84 81 80 72 72 66 67 66 69 61 64 67
    63 63 70 68 63 61 60 55 55 60 62 68 74 76 74 70 64 63 60 61 71 76 74
    72 69 60 55 54 55 60 61 65 64 61 58 54 62 64 72 69 76 72 71 61 63 57
    49 52 58 57 63 67 65 71 72 65 60 62 58 59 60 61 65 58 62 59 62 56 63
    57 70 69 69 65 69 62 54 59 64 57 54 59 52 49 56 59 57 66 63 65 69 71
    64 60 59 56 52 58 66 60 60 64 69 69 78 89 82 78 80 78 71 79 78 71 76
    74 62 61 64 55 60 74 77 71 72 64 59 56 63 61 62 61 58 56 67 61 58 65
    67 58 63 64 60 58 66 60 68 67 66 60 65 60 65 63 66 60 54 50 53 53 61
    67 65 60 61 65 63 67 72 71 67 62 56 53 52 47 54 58 63 65 67 67 70 63
    64 69 67 60 67 64 61 63 60 59 53 58 56 60 60 65 62 62 57 53 54 55 51
    58 69 72 76 72 69 57 57 49 62 59 63 64 69 70 69 70 65 65 59 64 65 72
    69 71 66 61 55 55 56 62 65 63 68 72 78 82 89 81 77 68 67 63 68 69 70
    66 69 66 58 59 60 57 58 59 59 59 59 62 62 65 66 71 71 74 70 71 65 60
    66 69 69 66 66 59 57 58 60 62 63 62 59 53 53 50 57 59 70 65 73 74 71
    61 65 58 49 56 63 58 63 70 68 70 74 69 66 67 64 67 66 65 64 58 63 59
    60 63 70 65 78 76 70 71 70 62 56 58 56 50 54 55 52 54 62 65 64 78 73
    68 66 66 56 55 61 63 59 66 71 62 61 65 68 70 74 85 79 74 75 76 67 76
    77 69 72 71 64 60 70 65 71 82 87 81 79 76 69 68 71 72 67 67 63 62 66
    62 56 61 65 58 63 67 66 63 70 67 72 70 65 59 61 56 61 61 66 63 58 51
    55 51 57 60 63 60 66 69 72 75 75 73 72 66 57 53 48 42 51 55 63 65 67
    62 67 60 65 72 74 64 71 65 58 56 57 52 47 51 52 55 59 66 69 70 65 61
    63 56 53 60 68 66 73 65 65 56 56 52 62 57 61 66 67 68 70 67 61 63 63
    68 70 75 69 69 66 64 55 55 54 55 59 60 68 73 79 82 89 79 71 64 63 59
    64 72 69 67 69 64 55 57 57 56 58 58 59 59 60 61 59 56 59 65 66 72 70
    71 65 65 67 70 68 65 65 64 63 63 67 69 66 65 58 48 43 44 51 56 69 65
    70 72 70 63 67 58 47 51 52 50 55 62 57 66 72 71 72 76 69 67 66 63 61
    59 63 57 60 66 69 70 79 76 67 74 70 66 62 65 58 53 56 56 50 52 57 57
    56 81 77 67 65 59 51 49 56 60 59 66 70 63 61 66 67 68 69 81 75 71 75
    77 68 75 74 62 65 66 58 57 66 61 62 70 74 68 70 70 62 61 66 65 59 58
    58 59 60 61 58 58 58 52 53 56 58 59 66 69 76 77 68 67 68 66 68 72 73
    71 64 53 56 53 56 57 58 54 60 58 65 70 70 69 74 71 62 57 55 45 46 51
    64 60 63 62 66 55 65 73 73 69 79 69 65 59 56 49 45 46 49 51 57 66 66
    70 65 60 60 55 55 64 70 68 71 62 62 52 55 53 61 56 63 64 66 68 68 67
    64 65 67 75 71 76 75 71 66 67 59 54 54 58 60 62 69 72 71 75 79 73 68
    65 65 60 60 64 59 55 59 61 58 66 69 64 62 59 55 48 52 53 52 50 59 64
    65 72 71 70 66 69 69 71 67 65 64 67 64 67 72 75 68 70 66 56 50 50 55
    55 62 60 68 68 65 64 68 58 52 61 63 60 63 66 59 63 69 68 72 76 73 67
    66 61 57 54 60 59 64 72 76 78 86 79 69 71 64 61 61 66 63 58 60 62 54
    57 61 62 57 85 80 68 68 59 57 57 62 61 64 69 74 70 73 71 70 67 69 75
    73 68 73 75 68 72 75 65 65 65 57 55 62 57 59 64 68 64 70 74 69 66 70
    65 56 57 61 61 59 64 59 54 51 52 50 51 52 51 53 57 64 69 67 69 72 69
    71 74 76 74 69 60 65 57 55 60 62 56 63 63 66 67 63 60 62 61 54 55 55
    50 52 54 63 62 64 61 68 60 64 69 72 65 70 63 61 56 56 49 47 44 45 49
    56 62 65 72 68 63 67 60 60 67 72 65 69 62 61 55 59 61 67 62 68 67 67
    68 69 69 67 68 70 75 71 75 76 74 68 69 62 55 50 55 58 63 69 73 70 72
    71 65 61 60 59 56 55 59 55 56 60 64 58 66 70 65 63 63 59 51 55 57 56
    55 59 63 64 73 69 69 71 74 71 72 70 62 59 59 62 67 71 75 69 72 64 58
    53 56 57 60 65 63 71 70 65 68 74 60 56 63 61 58 66 72 64 66 70 63 63
    68 68 60 64 57 51 53 60 59 66 80 78 80 81 75 64 69 64 63 66 70 62 61
    63 62 54 57 59 59 57 77 80 67 66 58 59 56 65 65 68 72 76 69 69 70 68
    65 68 71 71 67 73 75 74 73 75 68 66 62 60 60 67 67 67 66 68 59 64 70
    72 70 77 71 61 61 63 65 63 72 65 61 55 54 51 50 50 51 55 60 67 73 74
    75 75 74 75 78 79 79 73 66 65 56 48 53 54 47 57 59 61 61 60 53 53 58
    54 56 56 54 50 52 62 65 69 65 67 56 61 64 69 68 72 67 64 60 58 57 50
    49 49 50 47 57 59 66 67 66 67 60 59 60 62 53 54 54 57 54 60 66 65 64
    72 67 65 67 64 60 64 65 67 71 66 66 67 67 66 70 67 60 55 56 55 59 65
    69 68 74 70 65 61 58 54 55 54 53 53 54 58 62 63 66 71 64 63 62 61 53
    60 67 65 65 66 61 60 64 59 64 69 73 71 71 63 57 51 56 64 75 75 80 74
    71 65 62 61 65 65 62 66 63 66 65 64 67 71 59 57 60 56 51 59 62 54 56
    61 57 59 67 68 60 62 57 51 51 61 63 71 87 83 84 81 71 60 66 59 59 60
    68 64 65 68 67 59 55 61 58 60 62 66 57 54 52 59 60 68 69 67 70 67 64
    64 68 68 66 66 65 62 56 64 67 70 72 74 66 66 62 60 61 64 63 62 59 60
    58 63 67 71 70 76 67 58 58 60 59 57 68 61 57 53 56 54 58 60 59 62 68
    72 73 74 74 70 65 65 69 69 73 73 73 71 65 56 56 52 49 57 58 59 59 52
    47 51 58 54 61 60 59 57 60 67 69 66 63 63 57 61 68 73 77 77 71 69 64
    62 60 58 57 53 50 49 55 57 64 70 70 70 65 67 64 64 55 55 56 59 59 65
    70 64 67 72 67 66 66 62 63 67 65 70 72 63 62 63 67 68 72 74 66 59 59
    56 58 65 71 68 76 67 64 59 59 59 62 57 56 52 49 55 61 62 67 74 70 65
    62 61 49 55 65 66 63 71 64 59 60 55 57 63 71 70 70 65 57 49 53 59 66
    70 75 73 73 69 67 64 63 63 62 63 62 66 61 58 67 67 57 59 64 53 51 61
    62 49 56 59 57 58 67 65 55 54 51 44 47 59 63 68 80 75 75 70 67 61 67
    62 62 57 68 70 70 74 76 66 56 59 51 53 61 69 62 60 61 70 65 68 66 61
    64 62 60 59 63 61 60 66 65 61 56 63 65 72 75 73 71 69 61 55 59 54 49
    48 46 46 49 61 65 71 71 73 63 58 57 58 59 55 64 61 59 59 67 61 59 57
    56 57 65 72 76 75 76 69 68 69 71 68 76 74 77 75 74 63 61 53 50 52 55
    55 58 53 51 53 60 57 63 66 67 64 66 70 69 68 67 62 59 64 63 68 74 73
    72 74 72 73 72 69 69 62 58 55 59 57 64 72 73 69 69 67 61 59 58 56 64
    63 67 70 75 66 72 75 65 65 63 59 61 68 62 65 62 52 51 55 62 65 69 72
    65 56 57 57 58 67 71 69 73 64 58 57 54 59 64 60 52 51 45 49 58 62 69
    76 69 59 54 55 46 52 67 72 67 69 64 58 55 53 53 61 67 69 68 69 62 54
    56 61 65 66 71 71 75 75 74 71 66 63 58 60 61 69 60 56 62 61 53 63 68
    62 60 69 66 55 58 61 56 59 67 69 58 57 51 47 47 59 63 69 78 76 75 74
    71 68 74 64 65 63 69 71 75 71 72 66 54 59 53 56 54 63 62 61 68 77 73
    72 68 62 68 66 65 63 64 59 61 66 65 64 60 62 63 76 75 75 74 72 61 57
    60 54 52 53 52 53 58 65 71 81 78 77 69 64 58 62 65 61 63 60 57 55 64
    61 61 59 59 58 65 70 71 73 75 68 66 71 68 71 75 74 77 77 75 68 66 55
    53 53 54 55 60 56 55 56 64 63 70 72 74 70 70 71 68 65 63 57 56 58 55
    60 67 63 65 69 73 73 73 66 71 63 60 54 61 59 59 69 75 71 71 70 59 60
    56 52 59 56 59 64 68 61 69 68 59 62 60 59 63 68 61 62 60 48 50 50 57
    59 60 59 55 48 47 52 54 66 74 76 82 75 68 66 59 59 67 64 59 59 58 60
    64 68 73 78 73 64 59 58 52 58 73 75 68 65 60 56 53 56 60 66 65 69 71
    71 64 61 63 67 66 63 62 63 61 60 64 63 61 60 65 65 67 71 66 61 66 66
    59 63 61 52 49 58 57 51 58 65 59 60 64 63 53 53 50 48 50 60 61 63 73
    69 69 72 71 72 80 73 73 73 74 70 72 68 67 62 53 57 52 55 50 59 61 60
    67 77 72 70 66 59 64 64 60 56 64 58 59 63 64 60 58 64 64 74 69 67 65
    62 53 56 56 54 52 53 51 52 57 64 68 74 74 68 66 65 60 60 62 58 60 58
    56 61 63 58 61 63 60 66 75 75 76 73 74 67 65 65 66 64 64 64 73 73 75
    70 69 53 52 52 53 53 65 60 59 61 70 64 71 69 72 66 66 67 62 61 62 55
    50 55 52 58 67 71 76 79 81 78 76 64 68 59 59 52 64 63 63 71 77 68 66
    66 55 59 61 58 63 56 55 55 58 57 67 67 61 63 58 55 59 63 57 56 58 48
    49 48 53 56 56 59 62 60 59 64 57 66 74 78 82 82 78 72 64 66 74 67 63
    66 62 62 69 76 80 82 76 65 59 57 52 61 70 74 68 69 59 57 50 52 57 59
    59 67 69 66 68 65 69 67 71 66 63 61 59 58 60 63 61 63 63 65 66 69 68
    69 72 70 65 66 64 53 50 54 54 49 61 66 68 69 69 64 57 50 44 45 46 54
    58 59 68 67 71 78 78 78 81 73 68 70 69 69 67 66 65 62 58 63 60 63 63
    67 70 72 72 78 76 69 64 59 64 61 60 58 63 54 57 58 58 55 52 53 56 62
    61 61 56 56 50 54 57 59 55 58 57 56 63 71 70 74 74 64 61 64 58 62 62
    57 55 57 52 62 66 65 65 66 63 62 68 71 71 67 71 64 64 63 62 59 61 60
    69 77 81 79 73 59 56 54 53 55 68 63 60 63 66 60 66 68 72 67 66 68 62
    60 63 57 55 54 52 57 68 69 78 83 85 81 76 67 67 61 60 59 69 67 67 75
    78 68 70 69 62 69 75 72 71 62 58 53 50 53 57 55 55 59 53 57 61 63 62
    63 61 53 55 52 56 58 55 52 57 52 55 62 60 65 73 77 78 79 77 70 65 69
    75 73 72 70 65 66 67 73 77 80 74 67 57 56 51 60 67 76 70 71 62 63 56
    55 57 62 59 62 68 70 70 73 76 75 72 68 60 57 52 54 54 59 55 60 61 63
    62 68 68 70 74 74 73 73 70 59 57 56 58 56 65 68 70 66 63 60 54 52 47
    46 48 50 49 47 53 51 61 71 75 79 80 69 65 67 65 63 61 61 58 56 56 58
    55 59 74 72 74 74 71 70 71 65 60 58 67 66 62 61 61 50 49 50 54 55 56
    59 60 59 55 54 47 50 49 59 64 68 65 66 62 54 60 65 66 69 68 59 58 63
    59 66 64 62 57 62 57 67 67 64 57 58 59 60 66 70 71 67 76 72 72 74 68
    63 59 60 62 71 71 69 64 57 52 53 53 55 67 66 63 65 66 57 59 63 64 62
    62 66 59 60 59 55 50 50 44 48 57 59 69 77 82 78 73 63 64 57 60 60 72
    73 73 76 80 68 66 66 64 70 79 74 71 59 56 49 47 52 53 52 48 49 46 53
    56 61 63 63 61 54 58 54 56 55 51 43 48 45 52 60 58 60 70 72 74 81 82
    71 63 64 68 65 68 71 70 70 76 79 82 84 74 68 60 58 54 64 64 73 66 62
    54 60 53 54 61 67 59 64 64 62 63 69 69 71 72 66 57 57 50 53 52 58 57
    64 62 67 68 72 72 77 79 79 75 78 71 65 60 57 55 56 61 66 70 70 68 67
    64 62 56 57 56 58 53 52 56 55 63 73 73 74 74 62 58 62 62 58 59 57 56
    52 57 60 61 62 65 68 71 72 71 69 72 71 65 66 75 71 66 67 66 61 59 57
    58 60 58 63 66 63 58 61 51 52 52 59 58 67 65 66 61 55 57 61 60 62 60
    55 48 54 52 60 57 61 58 61 56 63 60 62 57 61 61 66 69 71 69 66 71 72
    71 73 67 62 51 57 58 66 67 69 67 62 57 59 59 58 68 65 62 64 63 53 56
    58 59 58 58 62 57 55 55 53 48 45 45 46 54 56 64 70 75 67 63 58 57 55
    61 63 70 74 72 74 74 65 64 68 68 77 81 74 67 55 49 47 44 51 51 48 45
    50 45 52 59 68 67 67 65 60 57 55 58 55 49 49 49 48 55 58 53 55 60 65
    75 84 87 80 74 68 69 67 67 69 71 73 76 79 81 82 70 71 66 62 57 66 64
    66 68 65 60 62 60 56 65 64 58 62 65 56 59 64 66 68 74 69 61 56 48 47
    50 54 59 67 68 65 69 70 76 78 88 86 77 77 73 61 58 57 54 54 57 58 64
    63 64 67 69 66 62 60 59 56 56 56 57 55 61 68 66 69 68 61 55 60 61 58
    54 56 54 51 58 59 60 64 77 74 72 72 66 60 63 63 56 57 66 66 59 62 63
    57 50 51 55 54 56 60 67 60 59 60 55 54 51 60 57 67 63 68 65 60 60 68
    64 60 64 63 57 63 67 73 62 67 64 63 57 66 59 63 62 64 67 72 71 70 71
    68 71 74 77 73 68 63 57 59 60 64 67 61 60 58 56 53 60 56 65 66 66 65
    63 51 49 50 53 55 60 67 63 62 61 63 58 57 55 55 54 59 64 68 74 72 66
    62 59 55 62 64 69 73 77 73 75 71 66 65 69 73 76 75 67 56 46 42 41 50
    54 60 59 61 58 61 65 73 71 71 67 63 61 57 59 57 53 54 59 58 64 65 62
    58 61 64 67 72 75 70 67 66 67 65 65 67 68 69 73 74 73 71 62 67 66 68
    63 68 61 60 60 62 63 65 67 63 64 61 58 55 57 53 55 58 59 61 69 69 64
    62 54 53 53 53 54 59 54 55 60 64 71 76 85 83 76 76 74 62 62 61 61 62
    65 57 66 68 65 68 73 69 63 63 60 59 56 56 55 55 59 64 62 67 62 60 56
    57 60 60 56 62 60 57 61 60 55 60 74 70 67 67 65 52 55 61 59 63 75 71
    63 62 57 52 47 49 56 55 56 60 69 62 64 65 63 59 55 61 61 67 62 71 64
    60 57 65 59 62 65 66 60 67 64 73 65 68 63 64 59 65 60 65 62 64 71 74
    68 72 68 67 68 72 72 72 64 64 65 66 62 66 64 58 54 58 56 55 60 59 63
    67 70 65 65 54 50 52 57 61 70 79 75 70 64 60 53 51 55 55 58 62 62 62
    70 67 65 67 67 63 67 64 61 63 70 66 74 75 78 73 80 80 78 74 70 61 55
    55 55 61 61 60 57 58 55 61 69 77 75 73 69 66 61 55 57 56 51 54 56 57
    60 60 60 60 62 62 66 67 69 66 64 65 65 67 66 67 68 70 69 67 67 68 61
    67 69 68 64 62 58 54 55 53 60 63 69 66 66 62 57 47 50 49 45 51 56 60
    66 71 66 68 59 60 60 61 59 64 60 59 66 72 75 75 82 74 68 73 73 61 66
    64 59 59 61 51 56 61 58 65 70 73 70 73 71 72 67 68 60 57 58 59 57 62
    60 60 59 56 61 60 57 58 61 57 62 56 54 53 60 61 58 54 59 55 55 67 69
    69 75 70 60 53 52 51 47 52 61 58 57 60 68 60 60 59 63 60 58 65 64 66
    58 64 55 54 51 59 57 61 64 63 61 66 67 74 69 74 73 73 66 69 62 62 59
    62 72 73 70 70 67 61 62 65 68 70 68 70 69 69 64 65 64 59 57 59 56 52
    57 54 60 64 73 70 73 61 57 53 51 58 65 72 71 68 61 63 56 61 62 59 54
    62 58 58 68 70 66 71 71 62 68 62 57 61 67 62 68 70 72 70 75 75 70 65
    65 59 58 63 66 68 68 64 57 54 55 58 67 71 69 65 65 62 59 57 59 57 53
    60 59 60 61 62 60 62 63 62 64 62 61 60 61 59 64 67 66 67 69 67 66 64
    63 63 64 66 70 68 65 60 56 49 49 51 57 61 66 64 64 61 59 53 55 52 48
    49 51 52 60 66 63 70 67 65 67 65 63 69 65 61 69 73 76 75 79 70 63 63
    66 60 70 72 68 68 63 56 60 67 64 70 73 69 62 66 70 69 70 74 69 63 65
    65 59 64 61 62 59 63 64 68 63 61 61 56 58 54 56 53 58 65 60 57 61 60
    56 64 70 69 70 63 58 51 51 56 59 62 67 68 64 60 66 60 57 58 66 64 59
    61 57 58 49 60 55 55 53 63 58 63 69 68 68 71 73 78 72 72 71 65 58 61
    59 62 65 68 75 73 69 67 67 62 60 60 63 63 63 65 69 68 68 69 74 69 65
    63 60 51 56 55 61 66 73 67 68 58 53 47 52 60 68 74 74 71 65 66 61 69
    67 68 59 65 61 61 67 73 68 70 68 61 63 60 55 61 67 62 65 70 69 64 65
    67 60 59 62 61 59 69 75 78 79 77 70 65 62 67 75 75 73 67 64 61 58 57
    57 56 55 65 66 67 62 61 58 61 63 64 67 61 56 58 63 61 66 71 68 67 64
    63 59 60 55 61 66 66 71 71 66 58 58 51 55 56 65 69 76 71 68 60 60 49
    52 51 52 50 57 57 64 69 70 72 71 68 68 64 60 64 63 59 67 74 78 77 82
    70 66 63 65 59 71 72 68 68 63 55 52 58 55 60 65 63 58 60 67 65 73 74
    72 63 67 65 64 69 67 70 66 70 71 74 67 65 62 56 58 53 55 52 53 56 54
    53 54 56 51 55 64 65 65 62 59 50 51 53 54 57 63 66 63 63 70 65 57 55
    63 60 60 68 69 69 64 73 66 63 61 67 58 65 70 64 67 73 75 80 78 74 72
    69 63 63 62 61 63 67 75 71 69 65 60 57 56 55 56 57 57 63 73 71 74 73
    72 65 61 55 56 49 48 54 60 62 67 68 69 57 51 52 53 56 66 73 69 72 69
    68 65 72 70 69 64 71 66 63 67 72 69 69 70 61 62 54 52 55 62 60 67 73
    73 68 64 66 59 59 63 63 61 72 78 80 81 78 73 67 69 76 84 77 74 67 65
    56 59 59 57 57 59 65 70 74 66 68 67 71 73 74 70 61 54 53 57 62 71 74
    77 73 67 65 62 57 56 61 63 60 67 67 61 56 60 52 51 53 57 61 68 67 67
    65 66 55 53 54 55 51 58 64 66 70 69 75 71 72 67 66 59 64 61 62 69 74
    77 79 80 69 71 65 66 66 74 74 77 80 74 68 62 62 55 57 59 60 56 59 66
    68 74 75 76 67 69 66 66 67 62 68 64 66 69 71 66 67 68 61 69 61 66 60
    51 57 54 57 61 63 58 63 72 68 67 61 60 50 50 56 61 65 68 75 64 63 65
    62 56 58 62 60 60 65 67 70 65 74 66 62 57 62 52 58 63 59 64 70 70 74
    73 67 69 67 62 67 70 69 67 70 74 66 61 60 53 50 49 48 49 54 52 56 66
    63 70 73 75 69 66 60 56 52 49 52 54 58 58 56 61 52 48 50 53 52 62 66
    68 68 66 65 65 67 65 66 62 67 62 61 64 64 64 70 68 63 65 54 48 54 60
    59 66 72 74 71 71 75 69 65 71 68 69 80 85 79 78 69 64 57 61 68 76 68
    67 63 60 52 51 53 50 54 55 63 66 70 62 62 59 61 62 67 71 67 61 59 61
    60 67 72 78 72 67 64 60 52 58 63 65 57 63 57 55 54 61 55 56 56 56 58
    63 67 71 71 74 68 60 57 56 52 58 66 66 68 71 73 70 70 66 63 61 66 66
    69 72 74 75 74 75 68 70 69 72 73 79 76 74 73 64 62 55 59 58 64 63 68
    60 59 66 67 75 78 80 67 73 64 64 61 63 66 63 68 71 71 64 63 65 61 70
    66 75 68 56 63 63 68 68 71 61 63 64 61 58 55 53 50 52 62 69 70 72 77
    63 62 60 58 52 54 54 53 56 60 66 72 73 76 73 64 60 60 51 53 59 55 59
    60 65 68 65 65 70 64 58 64 66 64 65 68 70 65 65 61 57 55 53 49 55 60
    56 57 65 60 66 68 71 63 59 53 55 51 48 54 54 55 55 58 59 53 49 47 50
    50 57 56 58 60 63 66 72 78 72 69 60 61 59 62 62 65 63 63 60 60 65 57
    57 66 68 65 71 75 74 73 73 74 69 64 66 64 68 77 81 76 77 71 66 60 65
    71 75 69 66 61 54 46 48 57 58 63 63 65 65 66 61 63 63 67 66 72 77 71
    66 64 65 60 68 72 78 68 65 61 60 54 60 66 68 60 63 58 53 53 57 54 57
    60 60 64 67 71 76 76 79 75 65 62 61 54 60 69 66 69 73 69 65 65 58 54
    59 63 67 73 73 72 77 76 78 78 76 66 67 71 74 75 81 80 71 69 64 62 61
    61 60 60 55 50 58 62 68 70 76 64 64 59 58 55 56 62 62 68 72 76 70 69
    70 63 68 69 77 70 65 66 63 71 64 62 54 52 47 48 50 53 57 58 59 69 73
    74 75 84 72 72 68 68 61 62 60 58 57 55 59 64 67 75 79 69 62 62 50 48
    58 57 57 59 64 63 61 62 68 57 52 61 61 58 63 69 66 68 65 66 65 64 58
    57 59 61 54 53 61 58 60 61 66 57 50 50 58 58 56 67 63 63 58 60 59 52
    45 45 51 44 51 51 55 57 60 65 72 73 70 71 64 62 60 58 56 58 60 59 55
    57 59 49 52 59 61 58 67 71 69 71 73 76 73 70 68 67 68 75 80 77 79 77
    73 71 74 77 80 74 68 64 57 44 47 52 52 57 59 59 60 64 60 59 59 67 69
    74 80 80 72 71 71 65 67 67 73 63 63 64 65 55 63 67 62 60 66 63 61 61
    62 58 55 57 65 69 72 79 80 72 70 63 52 49 52 52 61 70 69 66 68 60 57
    58 54 53 61 61 71 78 77 74 82 78 82 84 83 74 74 73 73 71 74 71 66 58
    57 57 61 59 62 63 57 47 54 62 66 71 79 70 63 62 58 55 59 66 61 63 71
    67 66 68 72 64 68 69 71 67 60 62 61 73 69 69 60 58 49 51 53 57 62 65
    63 70 73 74 71 79 66 70 64 67 59 63 59 53 55 59 64 67 74 78 80 73 64
    63 52 45 52 54 55 57 63 62 61 62 70 65 59 69 67 61 65 69 64 65 63 63
    60 62 59 59 61 63 55 54 59 53 56 57 58 54 50 50 59 62 58 66 63 58 55
    60 63 59 54 54 55 43 48 47 55 57 61 67 73 69 67 66 62 60 56 57 55 54
    57 58 54 60 60 52 57 63 64 64 75 76 76 75 75 76 76 72 70 69 73 77 78
    75 76 69 68 66 67 69 71 65 61 58 54 43 46 50 53 60 60 61 64 64 62 66
    67 71 73 78 81 81 79 78 74 72 69 66 71 64 65 67 72 63 69 66 62 60 61
    57 62 58 60 58 53 53 61 60 63 73 72 69 69 69 59 60 61 59 64 70 69 69
    72 64 61 59 57 54 62 65 73 78 78 73 78 76 75 79 81 71 73 75 76 69 80
    77 72 66 67 65 64 61 59 60 50 46 55 66 67 78 81 71 59 59 49 46 52 60
    57 62 67 66 64 65 66 63 63 65 67 65 61 63 61 74 71 73 68 67 54 56 54
    58 60 63 60 72 76 81 79 84 73 73 62 63 56 61 57 57 55 60 58 60 61 68
    69 67 59 62 52 49 59 64 66 64 67 63 58 60 68 65 58 71 72 71 74 75 66
    68 64 65 66 68 61 61 64 66 55 53 57 54 51 53 54 48 41 43 51 58 58 63
    60 60 56 59 62 62 58 53 55 50 51 46 55 58 57 63 69 62 60 62 58 57 59
    60 59 57 58 57 50 55 56 48 57 66 68 64 76 75 72 73 76 74 72 68 67 69
    73 75 76 72 72 67 68 65 66 65 67 64 63 60 57 49 50 49 54 61 62 64 67
    62 60 64 61 66 70 71 75 77 75 77 75 71 65 64 65 58 59 61 65 61 64 63
    63 63 61 63 69 63 62 65 57 58 71 72 70 81 74 67 64 64 59 64 66 66 70
    71 70 67 71 62 59 56 57 52 60 64 71 77 73 71 74 71 69 77 78 70 72 73
    73 68 76 75 71 67 65 66 61 57 59 61 55 53 59 63 64 74 77 68 59 61 52
    48 58 61 60 65 70 66 70 67 66 63 59 61 60 57 57 58 59 69 66 68 64 62
    48 57 57 63 67 72 68 76 77 78 75 78 69 70 58 55 45 46 45 52 57 62 63
    62 61 64 64 61 58 63 53 52 61 64 61 60 65 62 58 59 70 66 62 75 74 71
    73 73 61 66 65 65 69 73 65 66 65 63 55 54 52 57 50 48 50 49 37 42 57
    61 61 67 63 58 58 65 66 71 69 60 60 59 57 50 60 62 61 64 70 64 60 61
    62 62 67 69 66 66 67 61 57 63 61 55 64 72 71 69 81 76 72 71 70 65 66
    64 66 72 76 79 77 78 73 71 73 72 68 69 71 67 64 59 61 53 57 55 63 65
    65 65 66 60 58 62 62 70 79 76 75 71 65 64 65 63 59 61 62 60 63 66 68
    66 66 65 62 69 68 70 71 65 62 62 55 57 70 69 66 76 67 60 54 56 52 58
    62 66 66 64 67 68 71 68 66 66 65 61 66 74 77 81 75 76 75 71 69 79 77
    68 68 69 65 63 72 77 73 71 70 69 59 56 59 57 54 57 59 60 62 71 69 65
    54 58 47 46 55 62 59 64 71 64 67 67 63 60 59 61 58 62 64 61 59 65 61
    62 62 61 51 59 60 66 73 76 76 78 79 77 73 71 70 69 62 57 51 50 50 56
    60 63 62 63 57 61 60 58 56 64 57 57 62 62 59 61 66 65 65 62 72 70 71
    75 77 76 75 73 66 72 65 69 70 73 66 68 65 64 61 56 53 60 56 50 55 58
    49 47 60 62 63 62 63 60 58 63 70 75 72 70 65 59 54 51 61 67 67 68 72
    64 59 62 64 63 67 70 69 71 74 69 66 68 67 60 68 72 68 66 73 66 64 68
    66 62 67 64 65 68 71 71 72 73 71 71 75 73 68 67 70 67 66 63 64 55 54
    48 51 54 57 61 70 64 63 66 63 68 76 75 72 69 58 57 57 60 56 62 64 65
    65 70 68 68 63 61 58 64 64 67 67 62 66 64 54 54 62 56 55 69 66 62 54
    57 54 54 59 64 64 58 63 65 65 66 67 66 64 64 65 71 74 78 77 75 71 67
    66 73 73 69 72 69 63 63 69 70 69 71 66 66 59 58 61 61 58 59 60 56 60
    70 70 68 61 64 58 59 69 72 65 66 68 56 61 64 60 60 57 58 51 55 63 64
    62 65 65 66 65 69 65 70 68 70 73 75 74 78 78 74 67 65 63 61 59 55 52
    51 50 56 60 64 65 68 62 61 56 53 55 65 61 63 65 67 62 59 61 64 61 55
    62 67 68 69 75 78 75 73 67 67 63 61 59 62 62 63 63 64 63 58 58 63 65
    59 62 65 58 52 58 56 56 50 55 56 61 64 72 78 75 72 67 68 60 61 67 70
    68 66 64 58 53 57 63 65 69 76 70 72 74 73 68 70 69 63 65 69 70 69 74
    70 71 73 71 68 68 65 64 64 65 63 59 64 61 59 65 62 55 59 64 63 63 63
    60 54 55 49 51 60 66 66 76 71 65 67 69 69 76 75 72 64 60 57 59 57 58
    59 61 65 64 64 62 62 57 60 59 65 65 66 63 61 65 64 55 52 54 46 48 64
    63 64 61 66 64 68 68 69 64 56 60 68 71 74 70 70 64 60 59 69 70 78 76
    77 70 64 59 66 64 64 67 66 62 65 73 78 74 79 71 69 60 60 63 66 61 64
    65 60 65 76 75 74 67 65 59 60 68 72 71 72 71 63 68 67 62 67 65 63 60
    66 78 73 69 67 65 63 66 69 64 69 68 68 68 69 69 72 71 68 68 65 63 60
    62 56 57 53 58 63 62 60 62 65 58 61 59 54 56 62 63 63 69 65 62 57 61
    60 61 55 62 63 65 63 70 74 69 71 68 70 64 63 62 61 60 62 66 67 69 67
    64 68 65 59 59 61 56 51 58 55 60 52 59 64 70 67 74 78 75 71 69 71 66
    61 62 67 65 58 60 58 51 56 65 67 70 77 71 70 73 72 68 71 73 65 67 67
    67 67 74 72 72 78 76 70 64 62 55 55 57 58 54 61 57 59 65 68 64 68 70
    73 73 72 71 64 65 57 54 57 64 62 68 65 59 64 65 67 73 72 66 57 49 51
    59 58 65 71 73 71 69 62 59 55 58 65 64 71 76 73 62 63 66 64 57 56 60
    51 52 64 66 62 62 62 60 61 61 65 61 54 58 63 63 67 66 67 65 62 61 70
    75 81 78 76 66 61 61 64 62 63 60 54 52 57 61 69 71 76 72 74 66 65 71
    70 64 64 60 52 58 68 71 77 72 70 65 64 66 71 70 71 75 67 69 69 65 66
    68 66 64 71 78 70 65 61 59 55 56 61 57 61 62 60 66 71 71 67 70 62 61
    58 57 52 57 51 55 55 60 64 62 58 64 65 58 61 65 57 59 63 68 64 69 68
    64 58 62 62 61 58 63 62 60 58 61 62 58 61 62 67 62 65 66 66 66 68 73
    74 78 73 72 70 67 61 68 72 69 63 68 58 63 55 58 58 63 57 67 74 72 72
    73 70 69 66 69 71 71 62 65 64 59 60 66 67 67 73 68 70 75 76 72 74 77
    67 67 67 70 71 73 70 73 75 71 70 70 64 59 58 59 58 59 66 61 63 66 67
    62 65 67 69 69 71 72 68 71 65 59 61 62 59 66 65 61 66 66 66 72 74 69
    63 57 53 56 55 62 68 75 75 78 69 63 60 65 70 71 78 82 73 59 60 59 54
    52 52 52 46 50 57 61 59 60 57 54 50 47 49 49 46 50 64 63 68 68 68 61
    59 54 63 69 75 74 72 64 63 64 66 66 67 61 53 53 57 60 68 69 73 69 72
    67 64 68 67 57 53 57 53 55 69 71 73 65 64 56 59 61 68 64 65 68 64 62
    66 63 65 66 66 62 74 79 69 61 59 58 52 58 66 65 64 65 58 60 66 67 66
    72 67 65 61 58 51 58 57 66 71 78 73 67 59 61 63 62 68 72 61 62 60 63
    59 66 61 61 56 58 56 60 58 62 62 59 54 59 59 57 61 62 66 62 66 66 64
    62 66 72 78 88 83 84 77 71 66 72 75 72 65 64 54 56 51 57 58 66 57 64
    67 63 63 68 67 65 66 69 71 70 62 62 63 60 61 65 69 66 70 66 66 67 65
    61 64 68 64 64 64 67 68 69 67 68 71 68 65 66 59 51 48 51 47 53 65 62
    60 65 66 64 66 69 69 69 67 66 64 71 61 57 59 63 57 64 64 65 65 67 68
    69 69 69 67 63 62 66 65 67 70 71 67 66 58 57 58 65 70 73 75 77 69 59
    60 61 59 54 51 49 45 52 56 63 62 65 57 60 57 54 55 60 55 56 63 59 61
    59 58 52 52 48 57 64 76 78 74 69 67 66 63 62 63 59 51 55 60 63 67 67
    68 67 65 66 62 68 65 59 50 60 56 58 70 76 72 63 67 59 63 61 65 63 64
    67 70 69 67 64 66 65 64 65 74 81 69 63 62 60 54 60 68 67 65 68 64 64
    67 68 66 73 69 69 67 62 55 61 60 66 71 76 70 64 57 60 57 62 67 75 64
    68 63 62 55 63 62 61 57 61 58 58 56 57 56 52 52 60 62 62 65 62 62 60
    62 64 61 59 63 71 80 88 85 82 73 64 62 66 68 67 67 64 58 60 56 55 56
    65 57 60 64 66 63 69 74 73 70 72 72 66 57 53 54 52 55 64 74 69 73 67
    67 65 66 61 65 65 59 60 64 69 68 72 71 70 67 65 62 57 52 49 50 49 49
    56 61 58 54 61 64 66 69 76 74 73 73 75 75 85 74 68 68 69 64 67 66 62
    59 59 58 62 63 65 62 66 66 70 67 69 63 61 57 61 56 62 61 70 73 72 74
    79 72 62 67 65 61 55 52 51 49 55 55 61 61 66 56 62 60 60 61 65 62 59
    58 52 56 55 56 56 57 49 56 61 66 63 63 58 59 62 61 65 67 59 52 53 53
    56 61 61 61 62 61 60 58 64 64 57 54 60 58 59 71 75 75 69 69 61 61 58
    60 62 62 68 74 74 70 69 72 72 71 74 86 78 64 57 56 51 46 56 64 63 63
    67 63 64 65 70 63 68 63 66 61 58 56 58 56 61 68 70 67 59 54 59 56 59
    67 74 65 67 59 58 51 56 54 56 57 66 61 64 64 65 58 54 54 59 59 59 62
    58 63 61 63 69 68 61 63 69 74 81 73 72 68 58 57 65 68 66 69 68 63 63
    57 56 56 63 54 56 60 63 60 70 76 75 70 73 69 61 53 54 55 55 59 68 78
    76 78 76 72 65 60 58 63 67 64 68 69 70 68 74 72 71 66 58 50 47 38 42
    46 48 51 65 66 65 61 67 67 72 77 82 76 74 69 72 72 82 75 72 67 64 62
    59 56 57 58 53 54 59 61 63 63 67 65 66 63 66 63 63 55 61 59 65 69 80
    75 73 73 74 71 64 66 64 59 55 53 55 55 58 55 66 63 65 54 57 51 50 51
    61 63 64 64 61 65 61 59 60 60 51 59 62 64 63 59 55 58 63 60 69 66 60
    51 53 50 54 60 61 61 61 56 54 52 54 55 53 54 59 57 60 68 65 62 63 60
    55 59 54 56 58 58 61 68 65 65 67 70 69 65 64 70 60 53 47 49 45 44 52
    62 61 59 60 58 62 64 73 69 75 67 68 60 59 56 55 54 59 65 63 60 58 53
    58 53 61 65 69 62 64 57 51 52 53 58 55 61 65 65 65 71 68 61 54 55 56
    55 60 63 58 63 68 71 72 71 63 63 63 70 77 70 67 66 61 62 69 71 68 71
    66 61 61 59 54 50 59 53 56 59 62 57 62 68 64 66 72 67 60 59 55 55 60
    62 65 78 74 75 73 73 64 58 58 60 62 62 62 63 68 67 71 69 69 60 51 49
    51 43 52 55 53 56 71 67 68 62 65 63 68 74 77 67 65 63 64 67 78 69 68
    64 64 61 61 59 60 58 58 61 61 66 65 64 68 63 57 58 60 52 53 47 51 51
    55 62 70 69 67 70 73 73 68 72 68 63 59 57 53 58 60 55 65 64 61 52 57
    52 51 54 63 69 69 69 71 71 65 65 65 62 57 60 58 59 62 56 58 63 68 66
    77 72 70 64 66 58 66 68 66 58 60 52 49 47 52 50 49 49 59 60 66 75 70
    61 63 57 52 61 63 60 63 59 59 65 64 65 69 68 62 63 60 62 65 57 52 51
    47 45 56 70 68 64 68 66 65 66 75 70 70 64 63 59 61 59 59 61 67 68 66
    62 62 57 61 57 64 65 67 61 60 55 52 50 52 56 51 55 64 64 67 75 74 64
    61 65 67 64 71 71 62 62 70 67 68 65 62 60 61 63 71 62 58 56 54 54 61
    64 63 69 66 60 59 56 54 56 67 64 67 65 63 57 63 65 59 65 73 67 61 64
    56 52 56 60 64 74 75 79 78 75 65 59 58 61 66 71 72 68 65 62 64 60 63
    58 48 46 51 44 50 56 58 59 68 68 70 61 63 66 70 75 81 72 69 63 65 65
    76 67 69 62 63 60 61 60 61 59 58 58 56 61 62 60 65 64 60 58 61 56 56
    51 49 54 59 62 69 69 63 64 67 71 70 74 70 67 60 54 50 52 51 51 64 66
    64 60 61 58 60 63 69 73 73 67 73 75 73 72 78 74 73 72 72 66 71 61 60
    61 65 59 69 66 68 65 65 55 66 63 65 60 70 57 57 56 57 49 51 51 55 59
    66 74 68 64 66 64 57 64 61 56 59 59 60 66 66 62 65 61 58 60 60 59 56
    53 51 49 48 48 55 67 66 64 68 71 68 65 74 69 66 61 62 57 61 59 60 63
    67 65 61 59 57 54 59 59 64 63 68 64 60 60 64 58 56 65 57 57 69 72 69
    78 76 64 62 65 68 67 74 76 74 73 81 76 73 67 66 58 58 57 65 57 52 52
    56 55 61 66 70 76 76 72 70 61 56 55 57 61 65 63 62 62 65 68 63 71 73
    63 60 61 51 53 57 60 64 74 72 76 75 73 63 61 62 68 72 74 76 67 61 58
    60 56 62 58 47 51 55 50 56 65 65 66 74 73 75 65 64 65 69 73 82 78 76
    75 75 73 77 75 73 66 63 62 62 61 58 60 56 54 54 61 62 62 65 65 61 59
    64 59 60 59 57 62 67 64 65 68 62 61 67 73 67 71 66 64 59 55 50 53 51
    50 64 67 64 62 59 53 52 53 55 62 64 60 69 75 77 76 84 78 76 70 66 58
    63 50 53 58 62 58 70 66 67 67 69 59 68 63 62 57 63 57 58 60 56 52 49
    53 55 60 70 79 72 67 75 67 59 62 58 51 55 53 52 60 61 57 62 61 57 58
    60 58 49 53 49 47 46 51 56 68 67 67 64 66 65 63 68 66 61 58 55 54 56
    56 57 63 65 65 63 58 59 55 59 59 65 59 60 59 53 53 62 62 62 76 68 67
    75 77 72 81 80 72 69 74 74 69 74 75 67 69 80 72 68 64 60 49 48 48 56
    54 52 56 58 61 64 68 71 80 79 75 73 64 58 58 57 61 68 67 59 58 62 61
    58 69 75 64 64 66 61 59 64 61 61 64 65 67 71 70 62 63 68 70 73 78 77
    65 63 65 63 60 67 64 50 57 64 60 63 74 76 72 73 75 72 61 60 62 61 67
    71 65 62 59 57 54 60 64 68 63 65 62 63 60 58 64 63 63 62 67 63 63 62
    63 58 58 64 61 60 63 57 59 62 63 62 68 68 70 69 76 69 68 61 64 58 55
    51 57 57 54 66 70 65 60 56 51 49 47 53 60 67 66 75 77 80 77 80 72 73
    66 63 58 67 56 59 64 64 56 65 63 61 67 73 62 70 68 67 64 73 70 72 71
    65 54 50 49 55 61 75 80 73 67 70 64 54 55 51 43 44 49 51 60 61 59 62
    59 57 56 58 53 50 52 52 52 56 61 61 68 66 65 60 61 63 65 67 67 71 67
    61 57 60 58 63 66 69 71 66 59 66 64 63 66 71 61 64 62 56 57 67 66 68
    81 75 70 76 80 70 75 79 77 71 80 83 76 78 78 70 66 79 74 69 68 66 57
    55 58 63 64 58 58 57 61 60 65 71 79 77 74 71 60 53 50 50 56 68 68 64
    66 69 61 60 68 75 65 70 70 68 64 68 61 57 59 57 60 66 70 66 71 74 74
    76 77 75 65 62 61 60 58 65 62 57 62 70 67 70 76 81 73 71 76 74 60 57
    64 64 65 73 69 66 66 66 61 68 69 70 69 69 63 67 62 59 62 64 65 65 69
    66 65 61 65 60 67 68 67 62 64 56 59 61 59 59 65 65 67 70 77 68 70 66
    69 64 63 55 58 56 49 56 61 61 58 57 55 56 51 57 62 67 60 65 65 74 73
    76 73 75 62 60 60 66 55 61 67 63 56 64 67 61 69 73 62 61 58 59 59 72
    73 79 81 76 62 57 52 54 58 71 76 75 70 71 72 59 58 55 50 47 58 59 67
    68 65 62 60 56 55 58 55 55 54 56 56 63 64 64 69 70 65 67 67 65 65 69
    64 66 68 62 59 62 59 64 67 66 69 68 60 65 64 65 68 69 59 60 57 53 57
    71 66 69 79 77 69 78 77 69 67 75 72 73 78 84 75 75 72 67 59 66 64 62
    64 67 63 62 63 63 61 55 57 54 56 57 63 68 79 79 77 74 63 56 57 53 56
    64 68 61 67 72 69 68 74 75 68 73 67 66 64 67 61 60 62 63 67 70 70 69
    73 70 73 75 76 76 67 58 59 53 48 60 62 61 66 70 67 68 76 79 73 71 79
    73 65 61 65 64 65 72 72 70 70 69 69 74 78 79 80 77 72 73 67 65 64 64
    60 62 62 62 64 62 69 65 67 68 69 61 65 61 61 62 61 59 63 65 64 62 66
    59 58 58 62 55 58 51 53 50 50 52 59 60 60 61 60 61 56 59 61 65 57 56
    59 64 62 64 66 66 59 61 61 65 58 60 62 59 50 58 63 57 61 67 57 53 51
    56 59 70 74 84 86 77 66 65 61 62 65 74 73 72 69 74 73 65 63 56 50 49
    58 57 65 68 64 63 64 64 60 68 65 57 59 61 67 71 74 68 69 67 62 63 67
    64 63 70 67 68 68 65 60 56 59 67 66 65 72 64 56 59 56 55 64 67 60 61
    63 57 57 69 67 66 76 79 74 82 79 70 63 66 65 66 70 77 72 67 67 67 59
    65 67 66 68 72 68 62 64 62 66 63 70 67 69 64 66 70 78 74 74 75 63 59
    61 61 60 65 73 65 69 73 75 71 77 72 65 68 62 62 65 66 59 55 58 58 63
    66 71 67 69 68 68 63 64 68 59 57 59 58 53 64 63 64 62 63 61 64 68 72
    69 66 68 68 61 59 59 62 62 67 72 72 70 66 65 65 68 68 73 72 66 66 61
    59 58 63 65 72 72 71 68 65 69 67 69 69 67 60 61 61 62 64 64 60 63 67
    63 57 63 54 54 59 62 57 65 61 62 61 55 55 58 59 62 70 64 62 60 58 58
    62 56 50 57 55 53 57 58 52 48 49 52 57 55 57 64 60 54 61 64 54 58 66
    59 55 57 56 57 61 66 73 76 71 68 70 66 69 69 79 76 79 72 76 67 60 59
    59 52 53 58 55 59 65 63 64 66 68 64 73 71 55 59 63 69 72 77 67 64 60
    58 54 59 63 67 76 75 77 74 67 61 56 61 63 61 61 67 58 52 59 54 52 62
    66 59 56 58 51 52 60 63 62 71 76 71 76 74 64 57 63 64 63 73 78 71 67
    66 60 50 57 62 65 69 77 75 68 70 65 64 63 68 63 70 67 62 61 66 61 58
    66 58 54 59 66 62 70 77 69 71 73 70 68 72 67 61 63 59 60 59 60 57 54
    57 62 71 74 78 76 74 72 68 62 64 65 55 59 61 60 58 71 66 68 59 59 57
    64 65 70 67 62 61 63 64 62 62 63 64 63 68 67 63 61 60 61 65 69 75 77
    72 69 60 57 55 60 60 67 71 68 67 67 72 72 71 71 68 61 59 60 57 61 63
    60 66 72 68 60 62 52 51 55 59 59 70 68 70 68 61 59 57 57 59 68 59 60
    63 63 63 68 61 51 53 53 55 60 65 56 51 53 53 60 61 65 65 66 54 60 60
    53 52 61 57 59 63 67 71 71 73 77 77 73 70 70 63 67 67 78 76 81 78 80
    71 67 67 63 57 56 59 57 60 64 68 72 69 71 71 75 67 52 56 59 66 72 76
    69 67 64 58 59 61 66 69 77 77 78 75 75 70 63 65 63 59 59 64 60 59 58
    58 56 66 69 70 64 70 63 64 69 70 63 66 70 65 71 71 62 57 64 65 62 69
    74 64 59 64 62 47 55 64 69 72 82 80 72 68 63 61 62 65 66 73 71 69 67
    65 58 54 59 53 55 61 70 63 71 73 69 68 73 71 68 67 60 56 54 56 57 58
    57 60 57 65 73 82 82 79 74 64 61 61 59 59 62 53 54 51 52 52 63 58 67
    59 61 57 65 60 66 65 63 64 69 72 67 69 69 71 72 79 77 74 71 67 66 67
    71 72 70 64 61 52 54 56 60 58 62 67 66 67 70 77 76 75 72 69 65 59 57
    58 64 62 61 68 72 64 56 56 51 53 59 63 64 71 65 63 59 54 52 49 50 60
    70 64 67 74 68 69 70 65 55 58 54 54 61 67 59 58 62 56 61 61 60 61 65
    52 59 57 54 49 57 56 59 64 66 70 69 69 68 74 74 73 75 68 70 67 75 75
    84 80 83 76 70 71 67 62 63 63 59 61 65 62 70 66 69 70 76 65 57 64 66
    73 73 79 72 71 67 61 62 66 67 69 79 78 75 73 71 68 59 58 57 57 57 64
    67 65 60 56 51 55 57 61 57 65 59 59 62 65 59 63 65 66 68 69 65 61 64
    63 64 67 73 63 60 63 65 52 59 66 72 73 79 75 68 58 52 52 54 60 67 75
    78 75 70 65 59 52 63 60 67 71 80 72 73 68 65 63 62 65 66 65 55 57 55
    56 57 59 54 60 59 63 72 78 74 70 66 56 53 54 53 52 60 55 58 56 59 55
    64 60 66 63 64 65 71 70 67 67 64 64 63 71 68 65 63 69 66 73 77 73 71
    68 66 65 67 64 66 59 57 58 59 63 69 64 62 64 63 62 68 76 77 72 68 61
    58 55 51 55 63 64 63 75 76 70 57 55 51 54 56 61 62 63 59 55 53 54 54
    49 49 58 64 62 68 77 70 68 66 61 54 61 59 56 66 67 55 58 63 50 57 62
    54 54 66 55 56 56 53 44 51 54 61 70 73 79 79 77 72 73 67 64 66 62 68
    70 80 81 87 83 84 71 66 68 63 56 58 57 57 60 62 60 68 59 64 70 80 68
    63 71 66 73 70 81 77 80 73 69 62 64 66 71 78 82 78 75 73 71 60 62 60
    62 62 70 65 69 61 60 49 55 55 59 56 67 62 64 67 72 67 69 72 68 66 69
    68 65 68 71 67 71 70 66 63 67 68 60 68 73 82 78 78 68 58 46 43 48 55
    63 71 78 82 80 75 66 62 51 60 58 65 64 77 68 73 66 70 65 66 67 68 67
    60 61 58 61 57 58 53 58 60 61 67 69 70 66 62 54 57 52 52 51 61 56 64
    59 68 62 70 64 67 64 66 62 67 68 66 65 63 63 65 64 62 63 63 66 69 76
    73 67 70 63 62 66 65 58 58 55 51 56 57 64 65 63 60 64 63 64 72 78 79
    74 70 61 60 59 56 59 70 73 70 82 80 73 60 56 54 59 58 65 67 62 56 55
    54 51 55 53 51 57 65 60 63 71 66 61 61 60 56 63 66 66 73 72 60 59 61
    49 57 63 56 60 67 60 55 57 51 45 48 53 59 70 72 81 80 74 66 69 63 60
    66 60 63 65 76 77 83 80 76 65 59 63 58 55 57 57 59 64 66 64 72 62 63
    68 74 64 67 74 70 73 69 76 72 71 69 69 60 61 64 66 72 77 74 73 69 64
    59 61 57 60 58 64 60 62 57 58 48 50 53 55 52 62 58 58 64 70 66 69 72
    68 67 68 68 65 67 70 66 70 72 68 63 68 69 61 62 69 76 71 73 67 57 47
    43 43 50 55 61 73 80 77 75 71 67 58 64 61 63 62 72 68 72 64 66 58 58
    58 67 65 66 67 62 64 63 63 57 65 67 65 65 68 68 62 63 60 62 57 58 55
    61 60 64 60 68 67 70 64 68 71 73 71 78 79 71 122 10 62 67 102 20 10
    89 29 85 100 18 79 90 80 106 10 116 82 13 72 16 43 68 125 72 80 113
    59 65 14 91 68 95 79 54 71 4 39 27 28 40 112 44 93 32 115 2 105 21
    79 115 61 69 58 72 3 22 15 13 123 12 6 30 5 68 73 73 67 64 62 60 64
    72 75 81 81 72 69 72 63 68 69 59 61 68 57 52 59 54 46 48 54 59 65 69
    81 82 76 74 77 70 61 64 57 57 61 71 72 75 72 71 68 61 64 58 59 61 65
    69 79 75 71 75 65 60 62 64 53 71 73 70 76 73 77 81 79 77 76 68 64 63
    60 65 71 67 71 74 72 67 73 72 71 63 67 61 64 60 67 56 53 52 55 50 64
    65 62 70 73 67 68 70 64 65 69 77 73 76 79 71 67 70 64 55 58 66 61 63
    70 79 73 70 65 57 45 41 45 52 53 60 68 74 75 79 75 70 65 67 65 69 71
    76 72 69 60 62 53 56 60 71 68 73 76 72 68 67 64 57 62 64 61 60 63 61
    61 62 63 62 59 58 52 54 60 63 58 69 66 67 62 66 71 74 70 76 77 69 87
    109 63 64 36 89 37 16 125 97 24 83 81 1 55 127 101 63 80 11 80 31
    127 25 124 79 61 30 36 33 92 49 104 106 52 53 33 120 40 42 127 26 23
    90 104 102 69 42 74 30 22 105 53 36 117 21 4 18 87 107 10 48 91 18
    109 70 73 72 67 64 61 63 64 71 69 75 76 74 76 76 69 68 69 55 60 65
    63 56 64 56 48 44 45 47 58 61 73 82 74 71 77 73 61 68 63 60 61 68 69
    66 64 65 61 53 58 57 55 62 69 74 81 82 72 70 64 54 55 57 54 68 69 68
    73 70 76 80 76 73 72 61 56 55 57 66 75 72 77 75 68 62 70 72 72 69 74
    65 66 62 68 56 54 47 49 43 54 57 58 65 67 68 67 70 64 66 66 74 69 67
    68 64 61 66 68 59 58 69 67 64 70 80 70 66 63 59 49 45 46 51 51 56 67
    71 69 75 72 66 63 67 65 68 68 70 68 67 62 64 59 60 63 71 73 75 75 69
    66 63 66 64 71 71 63 60 58 56 57 59 61 62 61 58 55 56 59 60 60 69 65
    69 67 66 70 70 66 70 74 69 85 6 120 4 78 85 49 7 24 14 23 33 81 3 56
    116 79 44 29 29 66 40 60 30 69 94 5 20 82 34 46 90 106 3 71 79 33 37
    38 31 99 85 42 123 66 73 62 61 19 58 62 5 61 85 69 83 47 86 17 73 94
    120 4 111 78 59 63 64 61 57 54 58 63 72 75 84 80 80 79 78 70 72 72
    60 62 68 66 54 62 60 50 49 54 50 56 60 68 75 71 71 78 70 58 62 59 53
    57 62 63 57 59 62 62 59 65 64 63 67 71 78 84 83 75 74 71 60 62 63 64
    55 55 57 62 63 69 77 72 66 66 59 54 52 53 59 68 64 73 78 73 69 76 76
    71 71 68 60 62 61 64 60 56 50 50 47 54 57 58 68 68 70 69 71 65 69 65
    71 68 64 63 60 59 63 69 61 61 70 65 59 64 70 61 60 62 60 56 52 53 54
    49 47 57 57 57 65 67 61 64 66 66 64 65 64 63 62 63 60 57 61 63 66 73
    75 67 61 59 52 57 59 68 71 68 66 67 62 61 63 64 65 63 63 61 58 57 59
    59 63 59 65 65 60 67 72 64 66 70 65 5 72 121 58 122 10 7 105 6 64 50
    2 17 70 57 33 26 95 119 120 115 124 69 103 54 74 118 100 57 42 64 39
    74 77 122 44 18 37 35 58 52 52 102 74 103 55 8 127 3 115 115 44 71
    94 10 65 109 125 34 83 73 56 117 27 35 56 63 64 61 62 61 61 65 75 79
    86 84 84 85 81 77 80 79 70 68 71 69 55 59 62 54 50 53 50 52 54 57 67
    66 65 75 76 67 69 64 56 58 59 63 63 66 68 68 63 66 63 60 67 71 77 82
    81 74 76 75 67 66 64 64 45 45 54 60 63 70 73 63 61 63 56 56 57 56 59
    67 61 66 74 73 69 79 81 72 71 63 55 53 55 56 59 59 54 55 52 55 55 54
    63 59 62 62 65 58 69 64 67 67 64 58 55 55 62 66 59 59 69 61 53 59 63
    58 57 61 61 59 51 51 54 46 45 57 58 55 68 70 62 69 72 70 66 72 64 65
    60 62 54 55 58 58 60 68 69 58 54 55 55 60 62 70 68 65 63 69 66 65 63
    67 68 68 66 65 56 53 51 51 53 55 57 58 59 66 71 68 67 67 60 38 123
    100 16 103 3 68 14 102 20 8 43 60 123 68 95 98 45 115 77 113 75 49
    59 1 2 0 52 44 22 61 89 122 26 4 127 78 46 21 24 15 60 102 46 123 82
    104 109 56 82 110 99 73 86 22 115 85 110 114 73 60 109 36 14 78 52
    59 63 62 64 62 61 62 71 76 83 82 83 84 78 73 73 72 66 65 70 67 55 57
    62 54 53 60 59 56 57 59 66 61 66 78 79 71 71 65 52 54 53 57 56 59 65
    69 66 64 66 60 65 67 76 76 79 71 73 72 64 60 57 58 42 42 48 53 60 70
    75 67 65 61 55 56 58 59 61 68 60 67 74 75 69 74 77 66 68 64 60 59 62
    62 65 65 56 59 57 54 54 60 62 60 64 61 61 56 62 63 72 71 71 67 61 56
    60 63 59 62 72 67 62 65 65 58 53 56 60 60 55 60 57 48 51 61 60 61 70
    64 57 65 70 66 66 70 60 57 54 57 54 55 61 62 61 64 64 55 51 55 57 64
    63 71 70 68 65 70 67 67 68 72 74 73 73 69 56 50 47 47 46 47 54 60 56
    63 70 62 53 55 55 115 22 61 14 113 2 114 72 103 86 85 93 70 51 90 46
    98 44 99 22 30 3 81 20 88 83 118 9 65 81 108 72 42 68 83 55 12 123 3
    107 56 34 37 119 120 42 94 69 50 6 44 71 27 122 47 7 109 123 65 84
    84 90 17 28 15 46 56 57 59 65 65 61 63 69 70 74 74 78 77 71 64 64 64
    65 67 75 76 63 60 62 53 53 58 56 57 56 52 62 57 56 66 69 60 60 61 53
    53 54 60 56 62 67 69 65 65 61 57 60 61 67 68 69 62 66 66 62 61 58 60
    49 51 55 55 59 70 71 63 65 58 54 59 61 60 65 66 59 64 72 72 66 68 72
    61 63 60 58 54 54 54 64 65 57 64 61 50 52 59 59 58 66 61 61 58 61 57
    63 61 61 61 60 59 61 67 65 70 77 73 63 65 59 51 49 53 56 57 50 56 53
    50 55 68 63 65 67 63 57 69 72 70 65 64 55 53 55 59 58 61 69 66 64 67
    65 54 49 57 58 67 65 74 70 68 64 68 67 62 61 59 65 65 68 68 61 50 45
    44 42 42 53 63 62 71 81 69 59 63 61 33 45 14 7 49 60 48 8 127 122
    102 21 107 35 18 44 93 12 78 81 40 69 70 119 79 101 45 105 9 84 95
    47 93 122 13 4 6 114 39 71 95 43 93 57 4 69 124 99 120 84 35 5 35
    107 49 121 50 83 113 40 0 78 63 20 67 53 63 59 61 65 64 60 67 73 75
    79 75 73 70 66 62 65 68 69 70 75 73 61 59 59 53 57 65 62 62 58 54 55
    54 50 58 62 60 57 59 52 51 51 57 56 60 63 66 62 62 59 59 60 59 63 64
    60 54 64 64 65 63 64 62 49 51 55 58 63 70 71 65 64 58 57 63 62 61 65
    62 55 59 68 72 70 72 76 63 58 56 51 45 51 50 59 64 60 63 64 52 50 57
    57 58 67 60 58 57 60 59 68 69 73 70 70 64 65 66 65 65 71 70 61 66 61
    59 58 59 55 61 55 59 61 59 58 66 60 65 70 70 68 76 74 73 68 65 63 58
    54 57 60 57 66 66 65 63 64 60 54 57 60 66 61 70 70 69 65 70 69 64 62
    59 62 60 64 67 64 55 48 48 43 41 48 60 60 70 78 71 59 64 60 68 112
    39 8 40 56 110 69 96 57 19 17 86 43 49 24 68 82 29 81 52 35 89 92 5
    80 90 13 36 103 61 90 7 16 51 21 109 127 62 119 96 38 54 88 53 49 54
    77 100 92 109 20 105 19 28 122 113 19 17 84 12 9 26 108 35 59 64 62
    64 67 64 64 71 71 75 78 72 69 67 60 60 65 67 74 79 77 76 69 61 53 52
    52 59 60 63 61 59 56 53 48 52 58 58 55 60 56 49 54 60 57 58 61 57 55
    56 56 54 57 55 59 60 58 54 63 62 58 55 52 47 60 57 61 64 68 71 73 65
    63 60 60 63 63 62 63 60 54 56 62 64 60 66 71 59 52 56 45 41 48 50 52
    63 62 69 70 62 59 65 63 60 68 59 53 51 54 53 64 64 71 71 69 61 62 62
    64 69 77 79 71 76 71 65 62 56 52 53 50 55 64 66 69 78 71 75 74 71 70
    80 75 76 72 70 70 64 60 63 67 60 67 68 68 62 66 64 59 66 68 72 67 70
    65 67 63 69 73 68 64 59 60 58 61 62 63 57 53 53 52 50 55 61 61 66 71
    67 62 66 68 123 59 80 18 87 45 16 47 117 41 91 80 4 126 34 31 14 127
    24 64 90 31 54 114 35 119 92 87 90 103 67 37 28 63 77 70 89 4 73 60
    37 33 61 88 68 100 115 117 36 30 98 57 19 78 16 63 23 68 35 27 118
    45 87 26 115 61 62 60 64 67 65 65 69 68 69 70 65 63 58 52 53 57 58
    66 72 71 72 66 61 50 51 53 60 61 65 64 63 57 55 54 54 56 54 52 58 52
    44 53 55 44 46 49 46 48 48 52 54 56 49 54 55 52 45 56 61 54 52 50 49
    67 60 61 60 64 61 66 65 65 61 66 66 62 58 61 56 52 59 62 59 55 56 59
    55 54 60 53 49 52 54 53 61 62 70 66 60 61 64 58 58 68 60 51 52 52 52
    62 62 71 77 74 68 71 69 66 71 76 81 75 81 76 70 65 59 56 56 55 58 67
    66 68 75 70 73 72 71 71 75 68 67 64 63 66 61 60 61 64 57 64 69 73 68
    72 75 69 74 70 75 70 75 69 73 72 75 75 74 74 67 66 63 64 62 66 61 59
    60 59 54 59 65 63 68 70 67 63 70 72 75 116 87 83 37 45 46 32 3 27 84
    15 74 107 99 34 2 103 69 67 22 65 21 52 97 30 75 4 94 97 96 119 60 2
    109 79 95 88 89 57 59 22 62 127 23 39 125 32 18 65 51 58 17 70 26 48
    6 127 58 121 47 42 57 60 48 61 63 60 62 65 64 66 69 71 69 68 59 57
    51 47 51 58 59 65 72 75 74 71 66 56 52 55 57 54 58 56 54 49 55 51 53
    53 55 51 60 57 53 63 66 59 59 62 51 49 49 48 52 59 57 54 59 52 44 55
    63 60 63 65 61 76 68 67 65 63 58 65 64 65 65 70 67 66 60 65 61 57 60
    66 61 58 64 65 60 56 56 47 45 48 56 57 68 70 74 66 63 63 63 61 59 69
    58 48 45 50 46 51 54 65 67 67 66 70 66 63 63 67 70 66 75 76 74 73 65
    61 59 59 56 66 66 65 71 71 72 68 71 70 72 68 71 67 67 68 63 62 64 66
    65 71 76 80 74 76 75 69 71 65 68 68 71 67 73 72 75 75 71 70 59 59 56
    58 58 67 63 67 68 66 63 65 65 64 72 71 74 71 78 75 83 79 75 25 82
    103 114 47 48 19 35 69 75 127 30 92 5 15 107 39 89 127 13 11 113 121
    104 18 50 93 14 10 37 15 98 17 71 79 66 11 31 40 48 114 102 101 13 4
    97 89 66 46 21 82 71 63 61 16 64 106 33 77 67 61 100 60 60 56 58 56
    57 65 69 71 73 73 62 59 53 47 51 57 59 65 73 71 71 68 62 53 50 50 53
    53 56 59 61 53 62 63 62 64 69 64 67 66 59 68 70 64 58 63 49 47 46 51
    51 60 58 57 59 53 46 54 62 60 64 64 63 68 62 63 62 63 56 62 64 65 66
    70 69 67 62 66 66 61 61 65 59 55 62 62 61 58 61 51 51 53 60 58 64 67
    68 61 60 61 63 64 63 69 60 48 44 52 49 53 60 72 67 70 67 67 61 61 60
    64 69 69 77 78 75 75 65 59 59 62 55 65 64 57 60 65 66 69 74 72 72 73
    71 71 70 70 65 61 60 64 63 65 73 77 71 71 73 69 71 65 70 72 75 72 79
    77 79 76 72 73 67 67 63 66 62 71 69 76 80 74 70 66 60 54 65 64 72 73
    78 75 121 48 73 86 33 112 72 32 90 57 24 43 44 12 97 26 23 70 80 46
    25 123 23 125 67 11 99 67 7 23 53 58 78 98 62 88 66 43 106 94 32 82
    3 124 29 108 78 55 46 124 64 45 108 109 122 14 22 91 60 71 74 23 86
    9 57 59 56 60 56 56 59 69 66 69 71 71 61 65 58 51 49 52 48 58 65 65
    66 67 58 57 53 52 49 53 50 56 56 55 62 68 67 72 70 66 69 69 64 75 77
    71 62 65 54 51 49 57 60 67 67 63 63 55 49 51 60 58 63 64 65 63 59 64
    57 58 55 59 62 66 70 72 71 72 69 73 72 66 65 67 59 58 62 60 62 61 59
    56 58 59 69 70 70 71 72 64 65 69 68 65 59 63 55 46 43 52 46 49 55 65
    63 65 63 62 58 60 60 66 70 66 73 73 70 69 65 59 58 58 52 59 57 54 60
    68 64 63 68 64 64 69 70 66 69 66 59 57 55 55 57 59 66 76 71 69 72 74
    77 69 72 71 70 63 72 73 75 72 72 76 73 71 69 68 61 64 66 76 78 77 78
    74 65 61 67 64 70 70 72 68 69 51 126 2 121 8 53 19 64 81 88 51 99
    100 17 13 0 77 117 38 18 24 8 98 65 96 116 115 70 2 89 65 31 78 88
    100 27 41 121 51 119 21 71 86 84 40 103 26 115 72 118 12 41 75 60 53
    106 72 52 37 99 105 65 97 71 60 58 62 56 58 65 69 65 73 72 68 65 69
    63 60 60 59 56 59 61 63 62 64 61 64 56 58 51 53 52 61 59 65 70 76 75
    78 76 76 76 80 78 82 80 73 63 64 56 52 53 59 64 67 68 59 59 48 47 47
    59 59 65 66 71 59 60 66 59 64 59 58 65 75 71 72 73 71 67 76 79 77 75
    77 72 68 67 66 67 64 63 60 57 58 67 72 72 71 67 56 53 59 59 59 54 59
    53 48 44 57 53 56 63 70 66 65 63 57 53 53 51 57 62 61 69 73 71 72 73
    67 65 64 58 59 56 55 62 71 67 67 70 68 64 69 68 63 67 61 58 56 56 54
    59 58 66 72 68 68 74 74 77 69 74 73 72 63 70 66 64 63 67 71 71 70 70
    66 61 62 65 70 74 71 71 67 66 63 69 68 71 67 69 66 25 74 39 95 61 7
    72 110 74 49 60 51 103 28 17 3 109 38 0 84 94 83 119 7 33 100 74 118
    1 112 29 58 109 57 108 84 34 0 116 101 93 98 81 33 64 114 41 26 104
    31 125 125 97 46 123 99 68 113 32 47 127 48 124 84 8 67 62 65 63 62
    64 71 69 72 71 71 63 66 60 60 60 61 56 60 61 61 59 64 62 67 56 60 53
    58 52 60 60 67 69 78 78 80 81 81 79 85 83 85 83 80 73 73 65 63 62 64
    69 72 75 66 68 62 64 59 65 66 67 66 69 58 64 67 66 65 65 63 67 75 75
    74 72 75 74 81 82 85 77 77 77 73 75 72 69 62 62 54 51 53 65 69 71 72
    69 62 61 61 62 63 51 52 46 43 39 54 53 54 61 68 61 63 62 55 47 50 45
    53 59 63 67 73 72 77 79 78 76 73 66 61 58 54 61 63 61 60 65 59 65 74
    74 69 74 62 58 54 54 52 59 56 63 68 66 64 68 66 69 62 64 65 64 57 63
    59 58 60 64 67 67 64 63 59 58 56 60 66 67 66 71 70 68 69 71 72 76 72
    70 70 50 46 23 61 118 110 25 7 79 9 52 40 58 125 26 56 73 93 88 24
    26 62 6 54 99 110 17 50 120 60 117 75 27 91 40 23 51 115 63 96 86 44
    10 91 32 106 56 52 105 112 24 113 123 20 103 114 120 11 104 43 121
    37 116 112 60 67 64 65 65 64 68 70 73 72 74 74 69 70 68 67 64 62 58
    61 61 58 62 66 61 64 60 60 56 65 61 70 68 71 69 76 75 78 76 78 77 82
    78 81 79 75 67 67 63 65 65 72 77 74 70 66 65 61 69 67 71 72 71 69 73
    44 53 61 65 68 71 64 67 73 74 73 72 74 77 80 81 86 80 72 74 70 71 69
    71 66 69 62 57 58 63 65 64 66 63 60 63 67 64 65 53 49 43 42 41 51 54
    60 69 76 73 74 69 61 52 54 49 58 65 69 70 72 67 66 67 64 66 64 61 61
    60 59 65 63 59 59 64 60 66 69 69 63 67 61 62 61 58 53 55 51 56 60 62
    59 63 57 64 58 61 64 66 58 66 64 61 60 70 68 68 63 62 58 57 53 58 64
    62 62 69 71 67 70 69 69 67 71 65 69 92 78 95 86 3 28 62 38 20 29 115
    117 27 126 68 121 29 120 49 45 45 69 34 51 107 106 83 92 59 51 117
    21 74 42 21 116 74 26 56 22 25 101 89 127 43 69 106 104 2 120 48 39
    67 113 44 32 119 2 56 126 66 89 118 107 98 67 62 66 66 64 66 71 68
    68 67 66 58 59 62 63 63 67 68 64 61 57 56 61 59 66 64 66 57 68 65 70
    70 75 67 71 73 72 70 76 77 78 77 81 78 75 72 71 68 73 74 80 81 77 73
    68 69 69 79 77 81 81 78 77 81 48 53 59 66 69 69 67 68 72 72 72 70 74
    74 78 75 74 72 67 68 69 72 67 69 66 65 59 54 54 58 62 66 68 65 64 64
    64 60 57 45 46 40 40 47 52 56 61 69 69 71 70 66 64 58 55 50 54 55 60
    64 65 69 71 72 71 74 69 65 65 66 66 68 68 64 58 60 58 61 63 65 61 67
    64 62 63 60 53 53 54 58 61 62 61 59 56 62 57 59 63 64 57 65 62 62 61
    72 67 68 63 63 53 57 51 52 56 54 56 67 75 75 82 76 71 65 64 59 61 40
    105 0 9 108 83 42 36 95 125 10 75 60 52 89 52 13 42 88 74 86 61 74
    31 14 125 22 117 41 74 89 7 54 53 113 109 22 104 29 79 60 10 67 105
    2 51 65 31 100 107 4 120 39 22 58 78 25 35 117 98 31 47 95 29 61 66
    68 67 70 67 70 69 72 69 70 67 60 56 62 61 68 74 75 65 66 56 56 57 59
    58 60 62 59 68 68 73 76 75 68 73 74 70 71 75 73 72 73 77 78 76 73 70
    67 73 76 79 76 73 64 62 67 72 82 82 84 81 80 77 80 48 51 56 65 70 70
    70 68 73 74 72 69 76 72 72 75 75 73 65 65 62 67 61 62 61 60 51 47 47
    49 56 60 64 62 62 60 62 59 58 52 50 48 47 53 56 61 65 71 71 75 72 68
    67 59 51 51 55 59 68 71 68 70 70 64 70 74 66 66 71 71 70 73 71 67 61
    63 63 67 66 66 67 71 67 69 69 67 61 59 59 63 60 66 65 60 56 64 55 56
    62 61 52 64 61 61 62 70 62 62 60 59 51 52 52 49 54 51 55 63 73 71 77
    71 69 61 67 64 69 20 105 122 4 9 118 11 94 38 123 120 127 5 106 18
    43 114 95 64 93 8 118 113 113 82 90 79 71 41 95 106 103 4 59 96 58
    58 88 38 101 48 14 4 24 14 124 48 15 58 85 107 34 61 125 44 67 76
    124 64 4 109 80 64 96 80 64 68 69 74 73 73 74 73 64 67 64 54 52 63
    58 62 68 68 62 65 57 58 58 53 54 60 56 59 74 71 70 73 67 57 61 65 62
    62 64 63 60 62 73 75 74 71 67 58 67 70 74 75 77 70 69 74 78 85 80 77
    79 80 79 82 48 50 52 59 61 66 67 68 73 77 77 76 84 77 71 69 65 63 56
    56 57 65 59 62 62 60 56 50 50 54 57 55 60 61 58 61 66 63 57 54 51 51
    52 58 61 61 62 61 68 71 74 71 75 65 57 55 55 55 61 66 57 65 66 62 65
    72 63 63 66 69 68 66 63 61 55 58 61 64 64 61 61 65 63 62 68 64 56 57
    60 62 64 73 73 68 63 67 56 51 54 53 49 64 66 69 70 71 62 61 58 54 49
    50 51 44 54 53 57 68 77 71 74 71 67 60 66 66 67 27 10 20 74 31 44
    118 27 78 77 113 18 50 77 119 7 120 42 57 37 14 74 9 71 40 103 15
    125 54 67 94 108 92 23 14 36 2 73 125 68 28 52 21 42 38 54 122 49 36
    101 96 52 106 86 10 25 110 5 79 34 112 27 55 4 87 54 61 63 67 65 72
    74 73 66 73 69 60 61 74 63 61 69 70 60 70 64 64 59 58 56 62 58 64 76
    74 71 76 64 53 54 64 57 61 66 62 56 60 68 68 70 66 65 60 65 68 74 72
    74 69 68 72 75 79 78 78 80 85 87 90 47 49 53 59 65 67 68 69 70 72 71
    75 79 72 71 74 67 69 66 60 61 64 60 62 67 63 68 60 61 61 66 60 64 64
    65 64 73 70 65 62 62 60 60 64 64 62 61 59 67 68 68 64 72 66 61 65 64
    56 55 61 49 57 59 56 54 63 56 61 65 70 71 68 68 67 62 59 65 60 60 58
    58 58 64 63 70 69 63 58 62 61 62 70 72 64 65 69 59 57 60 56 52 65 66
    69 69 69 58 54 51 50 49 50 57 50 58 55 61 67 80 70 72 69 66 53 61 61
    62 45 113 99 119 6 81 3 48 95 51 4 126 75 47 69 3 120 31 38 39 75
    124 13 108 35 82 85 33 7 67 84 37 10 88 62 119 54 126 68 118 53 14
    58 60 20 94 34 69 66 12 18 112 11 102 58 23 76 24 33 102 127 74 29
    76 72 57 57 57 65 63 65 70 68 61 69 68 61 67 77 64 65 74 71 60 70 67
    60 58 58 56 56 54 57 68 67 65 70 63 52 55 64 60 62 62 56 48 52 61 61
    62 64 63 56 64 68 68 63 66 62 62 68 69 74 71 68 72 78 79 81 51 48 53
    54 61 63 69 69 70 73 70 76 78 69 64 70 64 67 70 69 71 66 66 65 67 64
    71 61 58 61 66 61 67 69 69 64 72 70 66 63 67 67 68 71 72 64 57 48 55
    58 61 61 73 70 63 66 64 54 49 54 43 58 65 63 64 72 62 62 66 66 68 67
    72 72 68 66 73 67 69 69 69 65 68 66 67 64 63 61 64 65 69 78 78 74 81
    82 68 61 57 48 44 54 56 63 65 62 53 49 47 46 47 53 60 53 58 57 62 67
    79 73 72 70 69 57 61 64 62 113 83 34 109 122 37 118 114 22 7 114 1
    55 52 27 86 71 79 86 55 46 86 124 45 117 73 75 5 102 1 96 102 57 67
    56 109 76 11 48 76 45 97 97 17 32 28 8 66 16 29 113 101 9 8 82 59 18
    3 28 112 64 106 92 29 67 57 61 60 67 70 71 69 68 62 68 69 68 73 81
    66 61 63 58 49 59 61 57 55 56 52 50 52 59 65 68 68 70 59 52 54 62 58
    60 58 54 49 50 57 60 62 60 58 52 57 59 57 59 63 62 62 68 66 69 66 64
    70 74 79 84 57 53 60 58 64 70 76 72 72 74 70 75 80 74 66 70 66 67 66
    68 69 65 66 65 66 63 70 64 65 69 76 68 73 73 75 69 77 73 71 68 70 69
    71 74 74 66 56 44 50 48 55 56 68 66 62 63 62 55 52 57 50 61 63 60 58
    60 52 61 62 67 73 72 73 74 69 65 70 64 67 65 65 62 65 67 68 67 64 61
    58 58 59 72 74 74 79 84 68 60 56 50 45 51 53 55 58 53 51 50 46 43 46
    49 52 51 56 57 62 71 79 76 73 68 69 59 64 65 66 27 78 4 65 60 29 35
    28 90 75 34 113 46 87 107 54 37 27 15 22 17 121 41 64 82 98 3 105 53
    66 64 27 99 89 125 114 92 70 69 42 42 104 53 3 6 4 96 103 52 34 97 1
    67 100 93 105 50 123 16 109 80 54 67 73 56 56 57 58 64 65 69 69 67
    64 69 71 71 75 82 67 55 58 55 49 60 69 60 59 58 56 51 55 58 62 63 60
    64 57 52 53 60 53 56 53 50 44 48 49 53 55 60 61 59 58 60 57 57 63 65
    63 65 63 63 61 63 69 69 72 78 62 59 64 63 67 69 72 71 70 68 69 77 78
    73 70 72 65 63 65 69 69 67 73 70 68 66 73 62 62 64 69 65 72 71 76 70
    74 71 71 65 66 67 71 68 72 66 54 41 48 42 51 54 67 64 68 63 63 50 48
    52 50 55 65 66 59 57 56 57 53 58 68 66 67 73 67 60 62 57 61 59 62 63
    66 65 69 64 58 58 54 50 53 64 63 68 71 77 65 60 56 58 52 58 60 58 56
    52 46 45 43 40 44 52 53 54 59 59 62 69 74 73 75 70 71 63 67 66 66 67
    36 122 48 38 111 86 61 36 46 89 89 53 38 92 21 118 33 16 64 48 123
    87 15 43 94 52 83 72 118 109 21 66 126 61 120 18 114 109 49 38 72 28
    88 13 121 105 30 115 120 18 49 0 20 60 107 13 32 76 58 126 90 91 59
    112 60 57 57 58 56 60 59 57 58 66 68 73 78 82 69 60 59 53 46 58 66
    60 59 66 62 54 58 60 58 55 55 63 55 55 58 65 57 62 56 51 43 47 48 56
    63 69 70 70 64 64 63 58 58 59 60 57 57 57 61 63 67 67 70 74 57 57 63
    67 68 71 73 70 66 64 65 76 78 75 77 79 73 72 75 76 74 68 70 69 66 67
    74 70 68 68 77 78 81 79 85 75 73 70 69 61 65 67 70 68 71 66 53 40 46
    42 49 53 63 61 64 56 60 50 50 51 56 53 62 58 55 49 54 55 59 59 67 66
    71 73 75 72 68 60 65 62 61 63 65 64 65 59 56 54 49 44 47 57 58 61 69
    75 64 62 64 66 57 61 60 53 47 49 45 44 45 46 50 58 58 56 57 53 57 63
    68 70 75 70 68 63 66 63 61 22 56 52 115 6 17 116 63 126 79 37 31 84
    28 107 39 56 73 80 14 107 42 118 56 12 9 91 9 1 36 103 80 120 122
    101 96 19 53 114 47 39 29 90 48 52 60 20 127 35 64 120 127 39 110 37
    72 62 21 119 0 20 65 99 67 6 57 56 56 54 52 52 49 45 47 58 63 69 80
    81 71 65 62 53 50 56 61 57 57 58 54 48 48 51 52 54 54 64 56 57 57 63
    58 60 53 54 46 50 53 60 63 67 69 68 63 63 64 56 57 61 60 52 50 53 54
    57 65 64 66 70 54 55 62 64 69 73 74 71 69 65 69 77 78 72 71 66 61 59
    61 68 66 63 67 66 61 65 68 67 66 66 75 79 79 75 79 69 66 63 67 64 68
    68 73 73 75 67 61 52 50 44 53 53 57 58 61 50 56 51 51 52 58 52 61 59
    56 51 56 51 57 57 63 66 70 67 71 73 66 62 66 63 66 69 71 73 73 63 64
    65 59 54 56 62 64 69 75 81 72 63 63 69 60 59 65 56 47 47 46 42 45 47
    49 57 58 54 55 58 59 61 64 67 68 66 67 64 66 64 60 67 74 20 84 39 91
    50 105 78 57 85 29 113 64 104 0 13 38 64 124 21 110 35 108 42 2 60
    85 13 67 51 125 43 48 106 79 85 89 100 39 9 4 97 126 5 63 113 117 12
    81 65 91 5 105 87 88 77 62 13 102 112 117 89 90 125 65 67 68 61 58
    60 53 45 51 56 57 63 72 75 72 70 63 57 55 55 54 54 53 51 52 51 52 56
    57 57 58 68 61 64 64 68 63 66 60 63 55 57 58 62 63 65 68 70 65 66 70
    64 63 68 62 54 48 50 52 61 64 66 64 71 48 49 54 64 72 75 78 79 72 65
    69 72 74 70 72 68 65 62 65 69 67 63 61 59 57 56 61 64 65 62 75 76 74
    68 72 60 59 61 63 63 65 66 69 71 77 73 70 64 62 51 56 51 48 46 54 46
    57 53 58 53 62 50 61 58 55 49 52 48 50 51 56 59 59 61 65 63 55 52 54
    52 59 65 69 70 70 64 66 66 58 55 50 55 60 66 66 75 70 60 65 71 66 64
    70 61 54 50 48 45 45 49 50 52 53 54 54 59 63 65 65 65 69 65 65 65 66
    65 65 123 19 103 82 114 3 72 89 104 76 110 65 119 51 53 63 82 107 4
    89 28 78 119 97 23 106 101 65 85 22 119 41 13 0 59 63 3 91 91 8 38 7
    81 55 20 92 3 76 98 88 27 36 118 62 47 119 36 87 90 96 89 108 74 38
    12 66 69 71 64 58 56 49 42 44 52 53 57 69 74 74 80 77 69 68 64 58 57
    59 53 55 56 58 56 60 56 55 60 59 65 68 73 71 69 60 60 53 53 59 64 62
    65 72 69 65 70 73 63 65 68 63 58 54 57 62 67 69 72 68 68 39 49 51 58
    63 67 68 74 69 66 71 72 68 63 64 67 64 66 70 73 69 67 65 64 62 58 64
    63 64 63 74 74 73 68 71 61 63 64 66 63 67 65 71 71 78 72 69 66 68 60
    65 61 54 51 61 50 61 58 59 51 61 51 62 59 59 53 53 45 47 41 45 52 52
    54 62 60 52 54 56 56 59 63 66 65 62 60 62 62 60 60 56 58 58 60 61 66
    66 59 67 71 68 68 74 67 61 59 52 49 52 59 56 60 63 61 59 63 63 62 61
    58 62 66 62 65 65 69 64 69 22 3 0 20 47 30 102 112 49 127 68 24 106
    95 60 61 23 22 96 4 18 7 82 76 39 61 110 56 104 39 98 66 101 57 58 3
    17 79 51 97 14 52 50 53 13 88 71 60 100 124 112 4 18 18 15 99 27 65
    6 111 100 61 78 116 65 66 68 62 59 54 48 42 43 51 53 59 70 74 74 83
    80 72 72 66 55 56 57 52 58 62 63 61 62 60 61 60 61 69 68 69 73 67 61
    65 61 57 70 71 65 68 78 70 70 73 72 63 63 60 61 60 56 63 69 70 72 76
    72 72 42 56 56 63 62 67 65 70 62 66 72 72 68 68 62 65 66 68 71 77 75
    70 65 63 60 55 60 68 69 71 81 78 76 70 67 57 61 58 61 59 64 60 66 65
    69 62 61 60 64 58 62 63 56 54 61 53 58 56 57 48 63 57 64 58 60 52 51
    47 51 49 53 59 57 57 64 59 51 57 57 58 61 59 58 60 56 60 65 68 66 69
    62 68 68 65 67 71 69 62 70 68 67 66 68 65 65 66 59 60 60 63 57 59 62
    63 60 64 63 62 65 62 60 68 64 60 59 65 57 91 106 105 24 85 127 46
    106 93 3 93 60 79 15 119 75 68 88 62 91 72 102 46 96 23 2 54 37 61
    57 89 127 24 97 104 113 74 42 7 30 35 120 3 23 51 32 5 120 84 91 32
    19 43 65 90 97 37 111 123 121 37 85 125 48 43 57 63 66 60 59 55 52
    47 48 50 51 50 63 65 67 76 79 70 76 69 55 51 57 50 55 63 67 57 58 58
    58 53 58 64 63 61 67 59 55 63 63 59 69 71 63 65 74 69 66 65 62 55 56
    56 57 57 56 61 64 67 69 72 68 69 43 53 54 56 60 64 67 74 67 69 74 69
    63 62 54 60 59 64 70 78 74 74 68 65 64 58 61 68 65 67 74 72 70 68 65
    59 64 61 69 69 73 69 73 68 68 62 61 62 66 61 63 65 58 55 63 59 56 59
    62 51 60 61 67 58 60 55 52 45 45 47 52 59 56 62 62 52 44 49 49 54 60
    61 63 63 58 64 66 69 68 75 66 69 65 65 63 70 72 71 72 71 66 67 63 63
    65 66 58 61 60 59 56 59 64 67 65 68 63 59 60 56 53 60 58 56 58 61 56
    87 24 54 94 100 17 58 1 63 26 44 85 46 110 22 18 43 26 55 125 112 18
    59 42 91 29 62 34 126 91 109 2 97 121 15 55 71 125 100 124 41 25 57
    15 8 78 72 16 83 89 60 77 13 38 30 83 119 57 121 40 22 13 88 50 5 69
    74 78 73 71 67 62 56 55 54 52 54 61 65 71 81 79 73 78 70 58 51 63 53
    58 62 70 54 53 53 56 50 59 65 67 61 66 58 53 57 62 59 71 78 70 66 72
    68 62 62 59 54 52 49 52 55 56 59 61 61 61 65 61 64 48 53 51 54 51 53
    58 64 61 65 69 65 64 64 61 70 67 71 76 79 74 77 67 63 60 54 56 61 59
    63 69 63 60 58 55 49 57 58 65 65 65 62 66 60 63 64 59 61 68 65 64 71
    64 60 65 63 62 64 68 59 67 67 73 60 64 55 51 45 47 48 57 64 63 75 70
    60 49 54 48 55 54 58 53 53 50 56 52 58 56 65 59 66 60 65 59 64 63 68
    64 63 64 69 62 66 67 65 58 64 63 64 59 58 58 62 58 61 60 61 62 60 58
    63 60 60 61 61 55 24 46 111 17 127 12 97 115 110 112 105 104 66 86
    91 38 9 53 6 99 114 94 123 124 71 75 113 86 26 87 58 46 26 111 125
    114 81 0 69 79 112 56 119 98 85 47 14 81 18 70 103 54 62 79 74 64 26
    105 98 82 18 63 91 14 29 67 71 78 73 74 66 63 63 62 62 67 64 68 71
    70 74 73 64 69 68 62 54 64 57 58 60 71 58 52 54 56 52 61 66 65 56 59
    50 51 55 67 66 78 84 77 71 76 69 62 60 52 44 45 44 52 59 63 65 67 64
    66 69 68 71 52 57 54 56 53 49 51 59 57 61 66 65 63 66 63 70 65 66 68
    72 68 73 65 65 62 61 63 69 62 68 68 64 64 66 59 59 60 54 64 63 61 62
    68 61 63 65 57 58 60 60 62 74 70 69 72 68 62 68 68 63 69 71 68 57 58
    49 46 42 43 48 58 64 66 73 68 59 50 57 57 61 56 58 50 50 49 58 52 55
    54 57 54 62 56 59 61 62 62 72 70 67 69 72 64 64 66 65 61 66 70 65 61
    59 62 61 58 63 62 58 57 56 53 57 54 54 57 55 50 32 7 103 52 9 11 2
    14 21 8 51 75 60 3 13 47 84 25 67 47 78 64 109 101 2 15 73 72 49 116
    51 105 6 87 62 5 77 79 102 17 98 103 127 123 11 92 119 64 12 39 85
    112 120 115 4 72 115 106 105 28 80 70 112 113 78 65 66 70 67 70 63
    63 64 66 61 66 66 68 68 65 68 69 61 65 70 63 55 66 63 58 63 68 55 49
    50 54 53 63 65 65 55 58 51 54 60 70 70 76 79 70 64 66 62 60 57 51 47
    47 42 47 52 53 56 57 58 61 66 66 70 55 55 50 54 48 46 49 58 56 59 61
    60 63 68 70 73 73 70 71 74 72 72 64 63 61 62 63 68 58 63 61 62 64 68
    60 61 57 52 61 61 59 63 67 57 58 62 53 53 59 61 62 72 71 67 72 72 68
    71 75 69 72 68 65 54 53 49 49 48 53 58 63 70 70 72 66 62 52 58 57 64
    60 63 56 57 53 58 56 56 54 55 54 58 59 62 69 66 64 73 73 68 72 77 70
    66 66 67 61 59 63 56 54 52 54 56 59 63 68 61 60 54 49 51 55 58 63 59
    58 2 39 41 4 0 70 65 94 2 34 44 97 65 121 101 52 16 49 75 77 39 47
    73 12 27 21 74 40 81 80 25 31 109 52 18 21 120 25 23 123 77 101 105
    40 24 24 81 36 65 86 75 114 48 43 127 115 98 39 81 119 118 91 55 110
    0 61 61 66 65 66 64 68 64 63 63 63 60 64 67 65 69 68 63 67 71 66 60
    72 65 59 63 64 50 49 51 53 59 67 64 65 60 60 57 64 64 70 68 67 67 63
    57 60 61 60 55 50 47 50 47 51 58 53 52 53 57 57 65 65 71 51 47 47 51
    49 44 51 56 58 60 63 61 67 70 75 75 75 71 74 73 68 69 63 61 60 68 70
    70 63 64 61 61 64 65 60 62 62 60 69 68 67 70 72 64 65 65 54 56 59 61
    63 69 63 60 63 64 64 72 71 67 64 60 58 55 55 57 57 55 57 58 59 66 68
    68 63 62 53 53 56 61 58 61 59 60 61 63 62 59 53 53 53 54 57 60 62 57
    53 58 58 58 67 72 70 67 65 59 57 51 55 50 54 52 53 53 57 62 67 63 61
    53 47 48 55 63 71 69 68 103 88 45 30 120 96 19 57 119 52 14 42 65 21
    123 66 114 63 79 63 50 117 125 62 55 125 30 75 87 45 113 51 113 45
    49 0 28 11 84 17 33 69 122 92 66 126 65 63 11 123 114 85 117 44 81
    31 77 39 0 57 43 52 10 98 40 70 67 71 69 69 69 69 66 68 66 63 63 63
    65 64 65 62 61 59 63 62 57 64 59 51 54 58 51 50 56 56 58 64 63 66 65
    68 66 76 73 78 75 73 67 60 55 56 53 59 62 53 53 61 57 60 69 61 60 60
    62 63 71 70 73 63 57 53 58 49 40 45 46 51 57 62 60 70 71 76 73 76 70
    71 68 68 65 61 59 55 60 58 60 53 56 57 60 62 63 61 58 58 58 66 65 65
    65 64 59 62 61 50 58 57 59 64 71 62 65 66 66 68 70 63 63 61 55 57 59
    56 60 59 59 65 63 60 66 63 57 54 55 54 60 64 71 69 68 64 66 68 70 69
    63 56 50 50 55 60 60 62 56 50 51 58 60 71 73 73 71 67 58 59 57 57 59
    60 56 52 52 54 63 69 67 67 60 51 51 61 64 68 69 70 68 118 54 18 121
    8 1 120 117 58 19 72 72 17 88 66 93 26 56 109 54 60 32 125 90 83 21
    51 76 65 13 106 58 68 56 126 29 83 101 99 3 53 34 23 11 54 76 72 117
    92 50 119 34 23 31 0 103 90 34 82 120 80 96 7 48 63 60 61 59 65 66
    67 68 72 67 61 57 58 59 53 55 55 51 52 63 60 59 64 61 52 59 62 60 55
    58 53 55 60 59 62 65 72 69 81 80 80 72 65 55 51 53 59 56 66 64 56 57
    68 60 66 74 66 67 69 72 70 75 74 78 57 56 55 64 57 52 56 53 52 59 62
    60 68 74 75 69 74 69 67 70 75 71 69 69 64 64 63 65 60 63 64 68 69 71
    70 67 63 65 69 66 66 72 68 61 59 56 44 50 54 59 65 71 62 63 68 67 64
    70 64 60 58 58 58 57 57 60 58 58 62 57 52 54 50 45 43 46 49 53 58 66
    69 67 71 72 76 76 75 64 59 51 53 59 66 60 64 59 52 52 62 65 68 72 73
    69 62 59 57 56 60 61 62 60 55 55 62 69 70 68 67 59 53 56 62 64 68 69
    69 99 63 106 107 19 43 43 63 13 100 0 97 104 102 96 54 61 80 88 84
    86 24 106 34 34 74 48 35 1 125 120 1 13 26 61 82 111 30 22 90 113 92
    87 21 86 61 37 73 44 72 94 12 59 56 48 104 81 106 91 24 34 79 116
    112 58 62 57 58 58 60 68 69 63 70 63 50 50 53 54 52 61 60 60 59 67
    60 59 62 58 50 57 57 56 55 60 58 56 59 57 63 68 75 73 82 79 74 69 63
    55 51 54 58 59 68 64 60 62 71 65 72 75 69 64 65 70 68 70 70 76 58 58
    58 65 56 57 59 54 54 63 62 62 70 73 74 71 74 72 74 74 78 76 74 73 66
    64 62 58 52 55 56 59 61 63 66 62 64 70 74 68 72 75 65 54 56 51 40 49
    60 63 68 76 65 63 64 65 61 62 61 60 56 59 66 61 64 69 69 68 76 65 58
    58 52 47 49 51 53 56 54 57 61 60 66 70 75 73 72 63 61 58 60 65 72 64
    62 58 50 49 54 58 61 68 71 70 64 60 55 50 53 59 64 65 61 61 65 69 65
    66 68 59 53 57 61 65 72 72 69 58 18 24 125 121 99 21 31 53 47 52 73
    108 24 72 58 30 24 115 18 86 34 84 116 97 73 31 27 98 48 125 118 109
    34 87 74 104 79 71 111 107 68 96 85 6 2 67 27 111 34 125 111 40 66
    66 119 85 98 37 109 122 105 18 109 68 60 57 57 56 59 69 71 65 70 63
    51 51 53 58 56 64 58 60 59 64 61 61 62 58 56 57 59 62 56 61 59 59 58
    60 66 75 79 77 88 78 72 72 66 58 59 63 66 69 74 68 60 60 67 63 73 79
    73 68 67 72 65 66 63 70 64 63 64 69 63 60 61 55 55 64 65 63 72 70 71
    66 68 65 70 73 79 75 77 75 67 64 61 57 52 52 56 60 60 63 69 64 67 76
    81 73 77 80 68 58 61 59 48 56 62 63 64 69 63 62 62 59 53 55 57 59 55
    65 74 68 69 76 75 68 71 64 58 54 51 55 53 52 58 55 51 50 54 51 58 64
    72 72 71 68 66 64 64 70 74 64 59 58 49 47 48 52 55 60 63 68 63 54 53
    46 47 56 63 65 65 66 63 67 58 60 62 60 58 64 61 62 66 63 57 17 49 93
    123 116 2 100 26 12 21 41 90 124 2 120 112 58 94 55 93 56 55 117 17
    122 40 73 84 88 40 45 29 94 85 65 30 94 126 79 115 122 95 19 56 45
    25 51 114 100 41 48 112 94 49 107 32 2 60 101 122 84 51 104 98 91 60
    57 54 51 54 62 59 58 68 58 52 53 56 57 58 66 60 59 58 63 59 61 59 60
    60 60 65 72 65 65 61 58 55 58 65 75 79 79 86 78 74 76 70 62 62 61 63
    68 70 63 59 57 59 57 69 72 73 71 73 72 69 69 66 67 74 72 69 71 63 64
    63 60 61 63 58 57 60 59 60 60 62 61 66 71 80 80 80 78 74 68 63 58 51
    50 50 56 58 67 73 70 70 78 80 69 71 74 61 54 61 66 58 67 72 69 65 71
    71 67 67 69 58 56 60 64 62 70 76 68 67 68 65 62 67 63 58 57 54 60 56
    60 65 63 54 56 57 54 57 61 62 63 61 57 64 64 64 71 77 64 64 63 57 58
    57 56 54 56 57 62 57 56 59 51 52 64 67 68 68 69 66 69 62 63 65 65 63
    66 62 59 60 57 49 65 17 12 67 84 78 82 17 22 123 95 9 46 87 10 117
    45 52 38 32 64 70 15 59 53 68 81 77 96 71 52 31 15 22 91 71 48 63 91
    55 119 65 29 70 109 82 31 126 82 96 6 43 19 66 76 100 119 19 9 62
    113 83 63 53 79 57 52 50 52 55 60 58 56 61 52 54 59 60 63 64 72 67
    70 72 77 68 72 69 67 68 68 64 68 65 62 64 68 66 67 74 78 78 76 79 71
    70 72 68 66 69 67 68 75 70 62 62 60 61 59 71 74 71 66 71 70 62 63 61
    64 63 63 65 64 59 65 64 63 61 62 53 55 56 58 59 62 60 58 60 67 77 80
    85 88 87 79 74 66 56 51 51 53 55 65 72 72 73 81 82 71 72 77 67 58 66
    72 67 70 80 73 65 70 71 64 65 68 58 57 64 66 61 70 71 61 65 63 61 58
    62 62 61 58 62 65 63 67 68 59 49 47 44 40 46 55 55 56 62 60 67 71 72
    76 82 66 65 61 55 57 54 51 53 52 52 59 56 57 59 49 51 60 64 67 70 72
    69 68 63 63 63 60 60 65 63 66 68 65 58 12 9 92 33 68 62 101 54 21 34
    30 26 30 54 28 105 86 18 15 31 23 43 18 101 22 48 71 40 77 127 82 83
    81 43 118 59 6 22 75 22 68 97 22 98 78 49 36 3 109 96 107 93 74 111
    127 52 48 62 4 25 41 18 29 68 63 54 49 51 56 59 65 65 62 64 57 60 66
    63 68 70 75 70 76 72 70 63 67 67 68 74 71 67 65 65 60 68 72 74 76 85
    83 82 79 79 68 72 77 72 72 77 70 66 73 64 60 58 56 57 61 67 72 72 67
    68 69 61 62 59 59 71 69 66 60 58 62 62 63 64 60 50 54 56 54 57 65 61
    55 58 62 64 68 74 80 83 79 73 65 56 51 48 51 59 65 69 70 74 76 79 72
    76 76 71 63 71 70 65 65 73 67 64 68 72 64 59 59 51 49 56 63 60 65 67
    60 58 57 59 57 63 66 65 62 62 64 65 71 76 69 59 57 53 45 47 54 48 50
    59 62 67 74 71 73 78 64 65 62 57 60 59 55 60 58 56 62 63 60 63 51 51
    60 69 69 75 77 70 65 62 60 56 54 54 57 59 68 72 74 71 56 47 94 3 51
    122 75 124 92 68 92 91 117 119 3 71 85 107 60 106 48 29 39 60 114 5
    43 70 113 54 90 2 109 18 13 24 33 10 98 84 127 24 3 17 45 35 3 11
    113 126 2 70 38 21 32 6 3 24 127 59 123 46 110 79 92 52 51 56 59 62
    66 63 60 58 53 60 65 62 69 72 73 70 75 75 69 64 70 74 73 79 78 68 62
    64 59 66 74 77 79 87 81 81 81 78 65 72 72 64 68 73 64 61 69 56 55 54
    55 53 59 62 68 66 65 67 66 60 65 61 60 70 67 63 56 56 56 60 64 68 61
    56 58 57 56 57 60 56 49 49 54 61 65 74 77 85 81 72 64 63 59 57 63 72
    72 73 76 75 73 76 73 74 76 75 73 78 75 68 64 68 59 56 57 63 57 54 55
    53 55 59 62 62 62 58 54 50 50 53 57 61 71 64 63 60 61 61 76 79 73 65
    63 56 48 49 56 48 50 59 63 68 71 72 75 79 65 70 68 64 64 68 64 63 62
    58 58 58 62 62 55 57 61 63 61 66 70 67 64 63 63 59 57 58 61 61 68 69
    69 67 117 108 72 104 127 45 111 99 86 17 39 77 100 117 39 102 124 2
    126 124 113 68 76 4 27 65 122 118 123 19 118 112 30 102 111 34 60 83
    121 42 3 29 108 35 88 116 90 102 90 20 13 53 102 50 118 86 109 61 93
    86 112 73 99 74 16 58 59 62 64 66 70 65 63 63 61 64 69 68 71 74 76
    74 76 78 69 61 68 71 69 72 73 66 59 62 60 68 70 75 73 83 71 73 75 73
    63 71 68 58 62 64 54 55 62 48 52 58 58 56 63 64 63 60 61 64 62 62 66
    65 65 59 58 58 49 50 53 57 65 68 64 59 63 55 56 57 62 58 52 51 53 58
    61 71 71 81 78 70 63 62 55 51 59 68 67 72 75 73 70 76 73 75 75 76 74
    79 75 73 69 72 61 59 60 60 55 52 57 53 57 61 62 58 58 53 49 48 44 46
    52 60 71 72 71 68 65 66 78 81 75 67 66 58 50 52 57 47 48 60 62 66 69
    70 73 75 64 69 69 66 66 74 71 65 62 56 51 52 59 58 56 62 65 66 64 67
    69 70 67 68 66 61 57 54 57 62 67 70 75 75 123 90 115 21 42 53 103 17
    76 1 109 67 59 110 45 25 21 108 0 60 52 54 97 11 18 52 19 77 92 79
    44 9 54 11 114 30 17 5 48 55 127 125 97 91 37 47 28 106 19 14 95 35
    8 44 17 60 84 73 37 85 98 91 64 22 32 65 68 73 77 81 83 80 75 72 67
    66 72 67 66 71 73 72 76 83 71 63 63 69 65 65 66 63 57 60 62 70 74 77
    72 83 69 70 71 70 58 70 69 62 70 70 62 61 61 51 59 65 63 65 68 67 66
    64 63 64 63 59 59 58 60 46 51 50 42 45 50 53 64 71 73 70 69 61 54 53
    54 49 48 51 51 54 59 67 69 79 76 71 68 65 57 56 63 70 68 72 75 71 65
    72 71 77 80 84 79 81 70 65 61 66 59 62 60 60 56 51 54 51 57 60 61 58
    62 57 52 52 53 54 59 67 77 76 70 65 64 67 74 80 77 67 64 55 48 49 53
    48 49 61 65 67 66 70 75 76 70 71 74 68 66 75 77 75 74 71 62 60 59 56
    53 62 67 69 64 71 70 70 71 70 69 60 56 53 55 56 64 64 67 71 33 36 76
    124 45 17 34 29 49 30 70 63 99 120 58 74 121 16 16 77 38 26 111 107
    104 45 36 53 126 93 108 5 96 76 67 54 105 59 45 36 69 15 106 68 124
    15 83 62 80 63 73 95 41 84 41 2 6 3 71 9 102 3 59 57 71 59 64 68 74
    78 80 79 81 74 74 71 72 64 67 69 69 67 68 73 60 57 56 67 63 65 66 69
    61 62 63 70 68 69 65 72 63 64 72 73 65 74 71 58 64 60 51 57 55 47 55
    62 55 57 62 61 59 62 64 66 68 69 65 66 68 49 54 52 50 52 55 60 66 71
    70 73 67 62 56 57 54 53 50 55 50 51 52 58 53 66 65 65 61 65 56 54 59
    71 67 73 77 72 62 69 66 70 74 76 74 78 69 67 66 66 63 65 61 61 59 52
    53 54 63 67 70 69 67 59 54 50 52 56 59 65 75 74 70 65 67 68 71 79 80
    67 68 65 55 56 56 50 50 60 64 66 62 66 68 68 66 70 75 74 70 80 82 76
    79 78 66 65 63 59 58 70 73 74 70 73 73 70 73 73 75 68 66 60 57 51 52
    55 57 63 99 78 15 100 102 104 112 28 60 114 50 24 88 112 79 26 2 123
    1 10 64 9 39 119 5 2 19 66 0 2 113 102 87 12 25 68 26 74 82 96 72 52
    1 22 62 39 53 106 93 32 89 1 86 54 127 123 97 95 20 104 89 90 112 13
    121 53 59 64 67 70 71 70 68 67 71 70 71 69 66 68 69 66 65 76 66 60
    58 69 60 59 63 68 60 64 68 72 69 66 57 63 57 58 67 67 62 64 59 49 55
    51 47 56 58 52 62 70 63 64 66 64 57 57 58 61 60 65 66 68 69 51 56 53
    50 47 52 59 68 74 77 82 74 67 58 60 52 51 50 56 51 56 60 64 59 68 65
    64 62 66 57 53 56 61 60 70 76 72 67 72 65 66 72 73 69 76 72 72 71 73
    70 67 62 60 61 54 60 61 69 71 71 65 64 54 47 51 54 57 62 68 76 78 75
    76 76 73 70 75 74 62 63 60 51 54 56 51 56 63 62 64 60 63 66 68 67 70
    74 71 63 70 70 62 67 68 59 60 60 54 58 71 70 66 66 66 63 64 71 71 76
    72 70 64 58 47 49 51 53 60 36 41 91 35 41 79 106 53 67 40 86 89 66
    96 93 5 42 122 64 127 72 26 105 46 115 118 94 45 124 62 31 91 54 118
    55 35 104 34 41 69 44 30 41 44 63 75 94 70 50 51 74 19 116 59 57 64
    94 8 26 57 105 87 74 92 11 54 59 61 66 68 71 73 72 68 74 73 72 71 67
    65 64 62 59 70 66 62 56 64 60 58 59 67 66 65 65 68 63 60 52 60 61 62
    66 71 65 62 59 53 56 56 54 61 62 57 61 66 62 65 63 61 57 55 56 63 64
    67 68 70 70 50 55 54 50 43 49 57 62 68 74 81 71 66 58 59 52 53 52 58
    54 53 58 60 57 65 64 63 65 66 56 54 54 53 58 71 72 72 72 76 67 71 74
    75 65 70 68 67 69 71 74 72 70 66 70 64 70 69 76 76 78 73 71 62 57 58
    60 61 66 67 72 75 74 73 78 70 61 68 66 54 61 65 55 58 62 58 60 67 67
    66 59 59 62 62 64 69 76 69 64 68 65 59 67 69 65 68 63 55 57 68 70 73
    73 71 69 65 71 72 75 67 64 59 57 48 53 56 56 61 25 99 113 102 45 3
    66 76 81 114 14 23 75 64 90 55 115 84 53 83 11 22 93 115 46 93 14
    102 48 48 127 78 123 115 52 82 122 12 102 122 90 12 99 29 51 34 28
    37 102 105 96 122 54 29 25 117 72 57 65 113 60 21 29 34 10 58 62 64
    72 72 73 73 70 64 73 72 71 69 64 58 58 60 57 67 69 64 55 60 61 57 61
    68 72 69 69 69 66 56 50 57 60 60 67 71 66 64 67 63 69 67 64 66 66 62
    63 66 62 64 61 62 58 57 57 64 64 65 67 66 64 55 57 59 56 50 52 61 60
    64 66 78 65 64 57 61 51 55 55 60 53 53 60 59 60 66 65 64 67 66 64 60
    55 56 61 67 70 72 72 73 68 72 77 76 63 63 61 57 59 67 75 72 69 66 73
    67 72 77 84 75 75 70 62 53 52 55 60 62 67 66 65 63 67 64 71 70 65 67
    67 54 59 63 56 62 67 61 64 68 64 59 53 51 55 60 64 71 77 69 62 63 60
    53 61 64 66 72 66 60 62 69 69 71 74 73 68 62 66 65 67 63 59 60 54 45
    51 55 55 63 107 108 39 94 92 95 8 104 14 107 34 64 60 119 18 35 7 53
    70 57 106 11 27 86 114 33 24 9 127 31 68 123 114 43 59 26 30 35 5 83
    70 102 27 63 116 52 87 96 117 56 28 39 80 26 71 62 59 79 99 91 4 100
    19 11 85 57 57 62 63 66 70 69 66 60 71 71 68 67 68 58 54 56 51 56 60
    58 51 59 59 56 57 66 66 61 62 66 59 54 51 58 63 62 64 70 66 62 67 64
    68 64 58 62 66 61 63 69 67 71 69 70 63 60 59 63 64 66 72 68 69 54 55
    60 58 56 59 69 62 62 61 69 62 63 64 68 59 62 60 57 50 54 56 56 62 66
    63 59 60 61 62 59 52 54 55 57 60 68 70 71 71 75 77 75 65 63 62 60 64
    71 79 78 76 70 75 71 73 77 82 76 74 68 57 51 48 53 56 58 61 56 53 54
    62 61 67 67 62 60 59 49 54 59 54 63 73 68 71 76 69 61 56 49 48 50 54
    61 69 65 63 64 62 55 61 63 67 72 70 61 66 67 67 69 78 72 72 65 64 61
    65 59 57 62 58 51 58 62 63 67 12 79 1 64 94 38 61 67 11 72 8 2 46 43
    110 57 11 46 107 7 23 4 21 17 65 111 23 105 100 19 55 106 104 72 89
    35 49 5 48 93 53 101 61 77 73 43 32 2 17 43 10 80 82 114 75 34 100
    93 42 53 25 99 35 114 113 64 59 61 59 60 68 68 62 61 69 64 67 69 70
    62 59 61 54 56 60 58 50 57 57 54 57 62 64 62 61 64 61 54 53 64 66 66
    66 72 63 60 66 67 71 73 73 72 76 72 71 70 72 75 70 70 69 63 59 65 64
    63 70 68 67 55 54 60 54 53 58 66 62 65 68 73 66 67 68 65 54 62 61 56
    56 62 62 60 68 68 67 63 67 67 71 67 63 60 60 59 62 68 76 75 78 77 77
    73 65 61 57 54 55 63 69 76 77 71 78 76 76 77 80 70 65 61 55 52 53 60
    58 60 62 54 45 50 54 54 63 67 64 62 57 51 52 53 49 57 68 61 62 66 64
    53 54 48 49 51 57 62 70 66 62 59 56 52 54 58 63 65 61 58 60 56 58 61
    69 65 70 70 68 65 69 60 57 64 65 62 72 71 71 69 111 56 12 34 69 17
    106 93 43 28 87 21 70 29 40 22 56 25 37 71 30 48 73 70 67 59 123 102
    15 3 102 27 24 46 110 85 72 80 27 91 119 48 127 70 54 65 42 76 67 71
    42 31 77 47 96 104 125 76 56 32 70 16 18 115 40 70 66 67 69 67 74 70
    66 59 66 59 63 65 72 64 64 65 59 54 58 55 53 56 62 58 61 63 65 54 55
    56 55 48 50 61 65 63 66 73 63 63 71 74 76 77 75 70 71 70 71 68 71 72
    69 70 70 66 62 68 69 70 72 71 70 58 56 62 56 57 57 66 62 65 69 76 65
    63 66 60 50 57 60 58 60 61 61 57 61 60 63 62 64 67 72 71 69 71 68 67
    64 66 70 69 70 73 71 66 64 62 60 60 63 67 68 77 79 76 82 86 78 78 81
    72 64 63 55 50 49 53 51 53 53 47 44 48 51 51 62 64 60 62 61 53 56 62
    56 63 72 63 58 65 63 52 55 50 49 48 55 58 64 61 60 59 57 58 59 63 66
    67 63 60 59 52 56 59 67 66 76 72 73 67 65 55 58 59 62 64 69 63 66 63
    94 28 15 91 100 39 30 38 8 55 115 62 73 18 87 106 45 5 127 76 64 31
    117 2 17 72 55 12 91 35 61 68 9 116 110 100 49 80 51 39 92 120 40 26
    69 3 99 13 101 52 80 92 68 88 114 63 47 26 118 33 13 100 42 127 126
    65 62 66 69 70 81 76 71 63 68 57 61 58 67 58 63 58 58 55 55 52 52 56
    60 56 61 67 66 58 59 56 54 51 50 63 68 63 67 75 65 64 74 72 71 70 71
    67 65 65 70 69 70 77 75 73 71 71 65 68 70 71 66 69 70 63 64 68 60 64
    62 65 63 67 66 70 64 58 60 59 51 54 59 59 57 59 58 56 58 58 64 63 61
    64 69 66 68 74 74 71 69 66 66 63 66 70 70 65 65 65 62 63 67 70 68 78
    76 74 79 80 73 73 72 64 57 54 50 48 48 53 52 51 49 44 38 44 47 53 65
    75 70 72 70 62 60 63 57 58 65 54 54 63 64 56 61 57 55 53 57 57 55 52
    51 50 54 59 57 60 65 62 59 60 62 55 57 55 66 62 66 68 71 60 60 55 59
    58 63 69 73 64 70 64 49 35 105 24 42 115 113 116 62 71 39 48 39 85
    15 55 82 103 8 86 23 9 124 92 119 50 41 66 20 90 57 68 62 93 117 63
    46 23 64 65 11 32 9 45 52 92 60 74 15 79 120 127 44 99 33 107 109 81
    51 24 127 56 106 42 35 58 54 59 64 67 76 73 68 65 69 62 67 65 73 66
    63 55 56 51 50 51 53 56 57 54 59 62 58 56 60 56 58 58 58 67 72 65 67
    73 64 64 70 67 61 62 61 58 59 62 68 65 68 70 68 63 67 70 67 71 76 78
    73 77 81 58 60 66 59 63 66 68 65 67 71 70 67 62 63 55 51 52 59 56 56
    54 52 48 53 53 62 63 66 69 72 71 74 76 75 76 69 63 65 64 64 66 68 61
    63 66 65 66 72 68 63 71 71 68 75 74 68 65 61 57 57 55 52 53 50 49 46
    46 42 39 41 50 49 54 63 67 59 66 67 62 60 67 62 58 66 58 56 64 70 63
    71 66 61 55 56 50 48 48 47 49 59 63 63 69 68 60 60 58 59 53 55 53 61
    58 63 65 67 60 64 59 63 59 65 70 75 66 75 64 98 68 112 75 86 36 51
    104 65 111 48 49 63 85 43 54 81 121 1 63 126 112 116 69 0 66 41 113
    86 96 29 15 96 52 35 56 117 0 28 23 126 96 1 29 3 121 124 102 121 52
    34 108 66 3 32 70 70 17 78 100 98 31 122 33 52 57 58 61 66 66 72 69
    65 64 63 57 64 65 70 66 65 58 58 54 56 56 61 57 56 54 63 56 58 60 62
    53 62 56 53 61 68 61 66 70 63 58 60 60 53 53 57 55 52 53 57 54 58 59
    57 53 56 58 62 70 78 84 77 83 86 64 63 65 56 60 59 61 61 64 67 69 63
    60 59 51 47 48 54 52 53 50 51 47 49 49 61 65 67 70 71 71 75 76 79 84
    72 65 69 66 63 67 66 60 59 64 63 66 70 69 62 66 66 64 74 76 73 70 67
    57 57 55 53 53 51 45 44 41 38 36 38 47 48 53 62 68 60 66 65 67 64 72
    68 62 63 57 53 55 64 57 61 59 61 60 63 58 56 51 46 49 57 60 63 68 66
    63 63 64 63 57 55 54 59 54 56 63 66 57 64 61 62 57 64 67 71 67 74 64
    35 27 94 104 125 8 121 93 53 45 127 63 20 122 117 73 12 111 125 25
    66 74 35 61 25 22 96 42 19 41 94 102 2 35 81 27 86 84 115 103 5 60
    102 2 35 107 97 85 112 44 0 29 121 49 58 21 6 19 83 12 3 82 87 83
    111 54 64 72 78 75 78 75 67 68 70 67 70 70 70 64 61 54 58 60 61 61
    64 59 59 54 60 59 58 56 63 53 61 57 56 62 71 58 60 62 54 51 56 55 49
    49 50 48 49 52 55 58 58 57 50 50 48 52 60 68 76 81 74 75 81 69 71 71
    66 67 65 64 63 61 61 60 56 50 51 47 44 44 56 53 54 56 55 48 49 49 55
    62 62 66 66 70 74 80 81 86 68 60 61 62 59 67 71 64 60 64 68 67 70 72
    64 62 58 59 62 64 63 64 62 60 62 56 55 55 49 42 44 39 38 36 45 52 55
    54 63 63 56 61 63 62 60 71 69 65 68 65 60 63 70 64 65 63 66 62 62 58
    53 45 43 46 56 57 67 69 70 68 72 68 69 63 57 53 54 53 51 57 62 54 57
    55 56 48 58 60 63 61 69 58 111 12 6 42 8 50 118 6 55 81 97 83 97 48
    48 79 45 4 113 103 31 96 22 74 18 87 123 36 52 56 21 23 39 111 62 42
    112 77 100 9 121 29 49 0 67 70 5 85 34 105 64 96 49 108 46 113 7 8 8
    90 125 35 102 5 73 50 61 67 73 73 73 68 66 68 68 67 72 71 69 62 61
    54 56 60 64 65 62 59 52 48 52 58 56 62 68 61 68 68 63 66 73 59 60 62
    60 56 58 51 49 44 46 49 51 51 52 56 49 50 40 45 44 48 58 69 77 77 74
    70 79 61 66 71 63 68 71 70 65 67 63 55 54 52 55 51 51 49 55 48 50 57
    58 57 62 64 62 66 62 59 55 60 65 67 71 74 60 54 56 57 60 65 71 70 63
    65 67 63 65 66 59 59 56 54 59 56 58 61 58 57 64 58 58 60 56 52 54 46
    43 43 48 51 58 58 64 63 60 60 60 61 55 62 64 58 61 64 63 65 77 72 69
    68 68 67 62 60 55 48 47 49 61 60 70 69 76 73 79 75 76 69 65 62 59 54
    48 55 54 50 57 59 52 52 65 62 65 68 70 57 60 47 28 77 97 44 20 38
    126 73 75 74 61 63 107 75 89 104 105 44 112 67 88 0 99 42 41 32 99
    90 5 81 33 86 86 2 58 53 48 70 45 12 84 123 119 40 119 127 41 92 79
    114 21 38 70 86 124 120 27 38 18 31 10 13 63 56 62 63 67 66 62 59 61
    65 62 68 77 77 77 79 73 68 67 68 70 67 64 61 56 54 58 58 55 60 65 63
    72 69 67 63 65 50 52 50 53 56 60 57 56 51 46 51 50 53 53 59 53 52 42
    50 48 49 61 70 76 75 73 67 75 57 57 66 59 67 73 77 66 71 67 59 55 59
    64 56 55 55 59 48 59 67 64 58 63 60 56 61 65 64 59 63 67 64 67 70 60
    55 59 56 55 59 63 61 56 61 66 61 62 69 62 60 59 60 64 64 63 65 65 61
    65 61 57 59 54 53 54 50 42 44 49 51 55 56 57 51 50 51 49 53 49 58 60
    61 61 68 65 64 73 72 68 64 68 64 63 58 58 52 49 51 62 58 70 69 74 69
    79 74 75 67 65 59 56 57 54 60 60 56 62 65 58 59 69 65 68 71 74 62 43
    25 54 4 8 52 81 43 31 20 88 47 18 123 123 60 80 82 120 90 112 92 96
    67 11 126 74 2 116 90 95 115 86 32 126 60 108 67 21 90 46 47 37 98
    86 59 54 7 81 25 56 43 118 66 105 77 77 121 25 98 17 117 12 26 5 56
    64 65 67 65 61 57 63 63 59 65 72 71 74 76 71 72 70 70 71 69 62 61 59
    60 61 66 59 60 59 61 67 67 64 60 60 48 49 51 53 54 55 54 54 53 53 62
    58 62 60 64 55 60 50 59 57 57 67 75 81 74 73 61 68 64 61 64 60 65 66
    69 66 70 63 59 59 62 65 64 62 60 64 57 65 74 70 62 67 64 55 61 64 60
    54 57 60 56 58 63 56 56 58 56 54 60 60 62 59 66 65 59 61 68 58 59 64
    63 64 65 66 65 66 63 65 62 61 58 54 56 54 50 46 47 48 48 52 53 53 51
    51 49 46 51 45 53 53 56 56 66 60 62 72 67 61 62 69 64 67 68 63 54 55
    52 58 56 63 65 75 70 83 78 80 68 65 58 55 53 49 61 63 61 63 67 57 55
    65 66 68 72 71 63 49 65 30 44 23 14 10 92 18 100 30 56 66 57 100 46
    4 53 52 80 60 50 8 29 57 71 105 20 36 116 90 15 90 45 62 74 90 2 56
    48 70 31 58 23 120 51 42 52 121 79 109 42 67 51 20 56 12 3 21 1 30 4
    113 66 109 60 65 63 72 68 63 59 64 60 64 67 74 73 77 75 74 74 74 73
    74 71 63 65 66 67 69 78 64 60 58 62 64 69 70 63 56 45 46 49 53 61 60
    58 58 62 61 71 70 73 67 69 60 62 53 58 59 63 70 78 84 75 74 64 66 67
    68 69 67 67 68 67 65 70 62 59 62 61 64 67 69 68 74 66 77 81 73 64 69
    62 56 60 66 62 58 56 61 58 56 60 57 56 53 52 51 56 56 59 58 62 65 60
    59 66 62 64 66 69 69 67 67 71 70 70 71 67 63 63 56 57 56 55 46 50 52
    49 51 53 55 52 56 55 52 52 49 54 51 57 61 68 67 73 83 77 76 75 78 68
    69 69 62 54 58 52 55 51 58 54 65 59 73 71 75 69 65 58 54 53 49 61 63
    66 63 66 58 58 63 66 67 68 67 64 116 26 55 50 23 10 127 19 5 76 87
    89 120 113 36 49 1 53 24 7 40 68 42 41 111 36 87 125 53 46 95 109
    114 110 76 65 116 52 6 117 57 81 54 28 89 106 96 15 14 47 89 1 59
    118 9 67 18 0 56 37 125 63 93 34 61 58 61 56 65 64 58 53 60 57 58 62
    68 68 71 69 69 69 68 66 70 67 62 63 62 66 72 78 64 67 60 66 69 76 75
    69 57 51 56 56 61 71 67 63 59 66 62 71 67 74 65 68 58 64 58 62 61 67
    72 75 83 80 75 67 71 63 61 64 58 62 61 63 62 71 63 64 67 66 68 72 73
    68 74 70 76 78 72 66 72 65 63 67 71 63 58 50 55 48 45 53 55 56 53 54
    51 54 48 56 59 64 65 67 68 69 63 66 67 66 67 67 66 68 66 66 64 66 63
    64 57 63 60 57 48 53 51 44 50 55 54 52 55 53 49 53 49 56 52 58 59 68
    67 72 79 75 74 71 76 72 73 72 67 60 64 59 61 59 60 58 64 58 69 68 68
    64 60 55 55 50 49 60 58 63 64 68 59 65 65 66 67 69 65 65 13 117 3 67
    38 61 36 72 71 7 29 72 36 87 14 8 45 109 13 43 40 96 111 121 74 22
    64 101 37 68 56 13 27 33 9 101 9 54 63 85 115 19 10 50 22 100 2 12
    47 68 14 34 9 83 66 53 73 25 114 52 87 41 10 117 117 68 69 65 75 72
    63 60 61 55 54 59 65 68 72 71 68 66 69 68 70 70 69 63 64 70 78 80 72
    69 63 64 69 69 75 68 54 49 54 51 52 66 60 61 58 69 65 74 69 79 69 71
    66 73 67 66 64 71 72 70 83 80 73 66 73 65 62 63 62 67 58 57 58 61 54
    60 62 59 62 65 67 65 79 75 83 80 74 64 71 60 62 69 74 69 69 64 62 56
    54 64 65 69 68 70 64 66 58 61 59 62 65 65 63 67 65 63 70 70 71 72 75
    74 73 72 66 65 60 63 59 62 58 61 54 55 55 50 54 59 58 56 58 57 53 54
    56 65 55 60 65 69 64 72 77 73 74 70 73 68 72 68 68 64 65 63 61 56 53
    53 50 49 62 62 61 60 54 47 47 46 51 61 63 71 75 74 67 71 67 66 70 69
    63 62 72 126 97 122 29 4 63 123 79 86 46 97 112 33 82 25 47 99 12 85
    66 24 71 70 75 44 13 29 75 39 109 45 78 126 27 29 44 23 92 58 72 104
    74 121 45 52 7 43 58 100 120 41 92 40 27 100 50 90 34 29 124 42 107
    11 111 66 69 65 71 71 66 61 59 58 59 58 64 68 68 63 62 58 62 60 66
    68 67 58 62 63 72 80 77 70 68 64 66 69 77 71 59 57 62 60 60 70 60 61
    56 69 68 78 74 81 70 69 61 66 60 57 57 67 66 68 78 79 72 68 70 62 64
    63 61 63 55 48 54 53 49 55 58 51 56 60 60 62 78 76 79 76 71 62 68 61
    64 73 75 68 72 69 62 57 54 64 63 66 63 71 63 66 56 65 63 66 70 73 69
    67 63 60 66 66 68 68 75 74 73 72 70 66 63 64 60 57 56 55 50 53 56 53
    64 70 71 71 69 63 62 60 60 69 61 60 67 72 64 75 79 69 70 72 70 67 71
    70 68 65 71 68 64 61 57 54 56 56 63 66 61 61 55 53 50 51 54 63 61 75
    78 77 70 72 64 62 61 58 52 51 29 65 91 56 46 103 116 117 116 127 61
    19 52 98 121 5 49 74 94 100 5 80 111 70 76 23 39 83 35 74 96 74 86
    96 51 82 119 83 9 98 112 24 67 13 117 24 101 126 16 28 11 114 29 53
    111 85 126 106 74 16 72 75 35 38 69 65 70 66 73 70 67 65 59 60 63 61
    64 73 70 64 64 57 57 56 64 69 69 65 67 63 70 74 71 65 66 63 67 66 76
    72 58 55 61 57 60 69 63 65 60 69 65 72 66 74 64 65 59 61 55 51 51 62
    64 63 73 77 67 65 67 55 61 63 58 62 59 52 57 57 51 52 53 47 52 57 61
    63 72 72 78 74 71 67 70 60 66 70 69 63 67 62 60 61 62 69 68 68 64 67
    62 61 55 63 64 66 76 81 75 70 71 64 63 65 67 66 69 71 71 71 69 67 64
    63 64 59 63 62 57 54 60 57 70 80 80 78 74 65 64 63 63 70 63 57 65 71
    67 78 82 76 79 79 74 73 73 69 69 69 72 72 67 65 61 57 57 59 61 67 62
    64 57 54 51 55 59 65 64 74 77 78 74 77 67 62 55 50 48 47 16 12 71 41
    113 78 76 124 90 107 40 2 53 4 20 103 91 16 97 116 11 64 46 125 124
    54 36 89 8 47 0 123 3 71 58 5 85 66 101 73 76 87 70 86 6 18 98 122
    52 88 12 68 121 97 66 30 60 63 90 114 3 74 55 89 115 64 70 65 69 64
    61 60 57 57 59 59 64 70 71 66 65 60 58 53 62 65 60 58 63 58 68 74 72
    65 68 63 66 65 73 70 60 58 66 63 61 67 66 68 63 70 68 73 65 75 70 71
    63 67 59 54 52 63 65 63 73 79 70 67 71 56 56 60 57 65 63 58 65 63 58
    56 58 55 59 59 62 65 67 68 74 71 70 69 70 65 70 68 65 59 58 58 58 56
    57 67 66 67 70 75 67 65 60 67 68 72 78 80 72 64 62 56 55 57 60 60 63
    63 64 66 67 63 62 55 55 55 59 57 58 58 61 60 75 85 82 83 78 69 66 65
    62 71 62 56 61 66 60 72 78 75 74 73 68 66 64 65 66 71 72 75 73 75 66
    67 68 66 62 65 56 55 51 52 55 62 64 67 68 71 75 79 79 79 76 72 66 58
    56 50 37 10 39 65 3 38 67 49 117 111 15 57 72 117 70 90 72 125 40 26
    54 15 32 103 48 91 111 71 60 9 59 75 53 38 32 70 120 28 40 98 99 52
    60 90 75 126 40 122 103 26 97 2 29 8 116 16 44 94 61 25 5 94 56 16
    75 67 70 67 67 61 59 60 58 60 60 60 62 67 71 69 68 65 64 57 61 65 60
    59 62 58 65 69 70 64 70 62 63 61 66 60 57 54 55 57 55 57 56 60 57 64
    65 75 68 70 70 71 62 67 64 59 60 71 73 75 78 81 72 70 68 55 56 58 55
    62 62 55 63 61 61 56 61 58 63 59 60 60 62 61 65 65 68 65 66 65 65 62
    64 60 57 60 61 58 63 71 73 70 74 74 64 62 65 68 69 77 78 72 62 60 59
    55 59 67 70 69 72 69 71 67 70 67 65 59 63 55 56 56 55 57 64 67 77 88
    82 83 81 74 73 71 68 69 62 51 58 60 58 73 78 76 76 77 69 64 58 59 59
    60 60 66 63 64 60 62 67 65 62 66 63 59 58 56 55 62 63 64 68 71 71 78
    78 78 80 77 69 66 66 61 107 43 110 85 100 33 86 4 35 13 90 96 23 15
    111 116 96 52 119 49 17 105 68 47 46 9 34 112 47 32 14 65 82 120 105
    98 61 10 55 14 44 89 46 1 79 87 26 60 3 76 14 51 28 44 44 51 77 44
    93 102 26 74 115 52 124 65 62 58 56 54 52 53 54 60 60 63 67 71 72 69
    65 65 60 53 61 63 56 58 61 55 65 69 68 64 70 64 62 62 64 59 56 53 52
    59 58 59 62 69 65 71 69 79 66 64 65 67 54 62 63 58 62 76 77 83 78 81
    73 75 63 61 61 61 57 60 64 59 66 65 66 60 65 66 71 70 67 63 58 57 59
    64 65 64 59 61 57 57 58 58 52 54 55 57 61 70 73 69 73 68 57 55 61 62
    71 78 80 71 66 62 59 57 60 66 66 68 68 64 65 61 64 64 64 55 61 55 54
    52 51 51 55 57 66 79 77 78 78 72 66 64 58 59 56 51 59 65 66 78 82 79
    78 82 75 72 64 63 57 58 59 64 63 68 61 61 68 68 64 69 68 62 62 61 64
    72 71 69 72 71 66 75 79 74 75 77 69 65 70 66 83 85 23 83 118 71 15
    67 94 112 42 11 60 83 107 3 72 117 39 111 96 20 59 86 21 98 111 115
    22 55 54 22 73 119 24 118 116 5 24 114 34 81 62 28 123 114 77 10 47
    24 20 70 78 100 81 3 8 102 30 35 2 22 39 77 30 63 61 61 60 58 53 55
    55 61 59 62 62 66 68 68 68 74 70 65 68 67 59 64 64 62 69 69 67 68 67
    66 63 61 56 54 48 47 48 57 55 56 59 63 60 67 68 79 66 62 63 64 55 65
    68 66 67 76 80 80 77 80 75 74 69 67 62 64 64 69 71 67 72 72 73 64 73
    74 75 76 77 71 65 63 62 64 68 65 59 61 55 49 50 50 42 46 51 57 59 70
    74 73 78 72 65 60 67 62 75 78 78 70 65 64 60 60 58 63 61 66 64 63 66
    64 63 64 64 56 58 59 58 60 60 60 60 59 61 70 70 71 74 68 64 58 52 53
    52 46 54 61 62 70 77 79 78 82 78 74 68 65 59 62 59 62 64 68 60 59 62
    60 56 65 69 66 67 67 69 71 69 65 69 62 60 66 69 69 76 75 71 72 74 71
    67 67 70 66 61 62 59 56 59 64 69 64 62 61 63 59 65 69 66 61 64 61 57
    56 55 57 53 54 54 54 52 61 64 73 79 76 69 66 57 53 56 54 53 64 65 62
    65 66 56 56 59 65 69 70 71 77 69 67 64 61 58 60 58 64 68 68 62 61 55
    55 51 55 57 62 59 58 60 66 71 72 77 83 80 72 70 66 60 61 61 62 68 67
    64 68 71 67 62 61 55 51 49 51 49 57 56 57 60 65 62 68 71 78 67 61 64
    65 54 67 71 67 67 79 78 80 78 81 74 74 72 71 67 65 70 71 70 64 68 66
    71 65 75 77 79 74 72 65 65 64 63 66 69 62 57 64 60 57 58 60 49 53 55
    56 56 66 66 66 75 67 61 60 66 60 69 73 72 63 55 60 55 57 60 69 70 72
    74 69 69 67 64 62 62 56 50 56 55 59 59 63 62 59 57 64 66 66 71 68 64
    58 54 54 55 54 59 64 62 70 75 81 79 83 80 74 67 63 61 58 56 57 61 62
    57 54 58 54 50 56 65 62 67 69 75 73 73 66 66 61 61 66 72 72 77 75 71
    71 72 71 66 65 65 62 53 58 57 59 61 65 72 66 61 59 63 56 61 66 69 63
    67 67 60 59 61 57 55 59 61 57 57 63 61 68 77 79 70 75 64 56 53 55 50
    60 63 62 67 71 66 67 72 76 77 77 77 79 69 67 62 61 57 60 56 65 65 66
    60 62 51 53 50 55 55 63 57 55 54 59 62 69 71 78 76 73 66 67 67 64 59
    62 63 60 62 71 73 73 69 71 62 58 53 54 47 53 54 59 60 66 64 67 67 70
    59 52 53 50 43 57 63 63 66 76 73 74 73 76 69 71 70 72 70 66 74 75 71
    64 67 65 71 68 73 74 74 68 66 60 64 67 66 71 73 68 62 63 58 62 60 62
    56 58 57 63 67 75 76 74 75 62 58 53 60 57 67 71 77 68 61 66 63 62 68
    74 76 74 75 70 75 67 68 68 68 64 61 65 64 66 65 65 67 60 56 64 68 62
    69 69 66 61 57 56 53 50 52 58 55 67 70 75 79 89 84 81 77 69 62 56 52
    51 54 55 54 48 52 51 52 61 71 68 69 68 69 66 69 62 60 58 57 59 62 65
    66 64 63 70 73 73 71 67 64 62 54 58 59 61 63 70 78 70 64 62 65 55 62
    62 65 59 62 64 62 58 58 54 53 56 56 56 55 57 59 66 73 80 76 78 70 63
    60 61 54 58 61 57 61 69 72 73 80 81 78 79 81 83 76 79 73 68 67 67 61
    64 66 63 57 61 52 55 56 62 61 70 63 55 54 61 64 66 72 82 78 74 70 72
    71 63 61 63 60 59 64 69 70 74 70 71 65 60 54 52 47 52 58 63 64 71 67
    67 68 66 54 50 51 44 40 49 56 54 58 67 64 63 65 70 66 73 71 77 73 68
    77 75 69 61 62 62 64 61 65 68 66 67 68 69 71 77 78 79 80 76 69 68 64
    64 60 59 56 61 61 67 70 73 68 67 67 55 59 57 62 59 71 66 72 68 67 68
    66 64 66 67 72 72 72 67 75 65 63 63 62 55 52 62 64 70 69 68 67 58 52
    58 67 61 64 63 60 58 55 58 57 58 56 62 56 64 68 70 73 85 80 75 77 71
    63 62 61 56 58 62 56 46 50 52 51 60 72 69 68 69 72 68 74 71 66 62 61
    56 56 57 55 58 57 64 65 69 65 68 65 65 58 60 59 61 68 72 77 69 66 57
    62 59 69 70 76 71 72 67 62 59 54 49 53 56 57 58 59 57 55 62 70 73 71
    77 65 60 62 61 57 61 59 57 59 65 70 74 77 79 73 73 80 83 81 83 78 69
    64 59 56 61 67 65 66 72 60 60 68 73 71 78 71 59 54 59 62 66 72 78 76
    74 72 73 73 66 62 65 60 63 67 75 74 76 73 76 69 64 61 59 53 58 61 63
    65 69 64 63 68 63 53 52 54 46 46 55 59 61 61 67 67 62 65 73 68 72 78
    72 71 66 74 71 66 57 57 58 58 57 61 64 64 64 67 71 74 80 80 79 81 77
    70 70 69 64 61 60 59 61 61 66 66 66 65 66 66 58 62 59 60 56 64 61 67
    67 67 72 71 67 65 63 69 65 68 66 75 63 63 59 62 59 57 62 67 73 70 66
    72 64 56 58 67 59 60 61 65 61 57 62 58 54 53 56 52 59 64 63 69 76 74
    68 73 68 63 59 63 57 58 62 60 46 52 51 46 58 68 64 63 67 64 59 63 63
    56 50 54 50 49 52 56 58 57 63 61 69 65 70 71 73 64 68 66 65 72 73 76
    68 69 61 65 64 74 71 77 76 74 73 71 70 66 62 64 65 64 64 65 59 58 62
    63 63 67 76 69 66 68 65 58 60 59 59 61 65 72 78 80 83 73 72 76 80 77
    82 77 68 63 59 60 67 71 66 68 69 57 57 67 69 72 78 75 66 62 65 67 68
    70 76 70 70 68 73 74 66 61 58 52 56 58 68 75 76 70 75 66 61 62 60 54
    59 60 62 65 71 67 63 64 56 47 50 54 47 44 55 55 57 57 66 61 57 60 67
    63 68 73 65 70 60 67 63 62 55 60 59 60 61 59 60 62 63 61 67 67 69 71
    72 69 70 67 68 67 67 64 62 59 58 61 64 69 71 74 71 73 64 67 63 61 60
    63 60 64 67 63 67 68 63 64 64 71 64 65 60 66 53 57 56 56 52 57 56 62
    68 68 63 70 59 52 56 60 50 55 62 63 66 68 68 64 60 57 56 52 56 60 55
    61 70 69 65 70 69 65 60 64 60 55 56 56 49 52 57 56 63 69 64 59 63 58
    53 58 64 54 52 55 54 54 58 57 63 61 61 58 67 61 62 62 63 57 60 61 65
    72 74 76 69 68 61 62 68 76 69 75 73 72 71 74 72 71 68 65 66 66 63 60
    56 54 54 58 59 63 69 66 65 64 62 56 53 50 53 56 59 71 74 79 81 71 67
    72 69 65 73 68 65 64 61 61 67 67 61 67 71 62 64 75 72 77 84 78 69 68
    65 59 59 56 60 59 63 65 75 75 66 64 64 59 67 72 77 80 83 77 77 70 67
    66 63 58 64 61 60 65 67 64 66 68 61 55 58 55 47 46 54 52 56 54 54 50
    47 50 59 59 64 68 64 70 63 71 66 67 59 62 62 59 58 57 58 57 64 63 70
    66 67 67 68 66 71 68 67 67 64 60 56 57 53 58 62 67 69 78 72 73 70 74
    69 69 67 68 64 67 70 66 72 71 65 63 61 65 63 64 65 72 59 59 60 55 55
    65 65 66 71 68 59 65 56 53 55 58 47 55 60 64 67 69 68 65 59 59 56 52
    53 55 48 57 65 62 62 67 68 64 66 68 70 64 63 62 54 53 57 63 68 71 65
    58 59 51 50 58 64 56 57 56 55 50 55 54 58 61 65 61 67 62 60 59 59 57
    62 61 61 72 75 72 66 67 60 61 72 80 73 76 70 67 67 74 74 74 74 64 62
    57 55 53 51 50 50 54 51 59 63 66 68 68 65 60 55 48 49 51 56 67 70 74
    76 70 65 69 70 64 68 68 63 61 59 60 61 65 62 68 68 63 65 74 74 81 89
    84 73 74 71 64 63 65 64 62 66 70 77 73 67 66 64 62 71 77 78 81 78 71
    70 65 60 61 61 58 62 59 60 64 62 60 64 67 63 61 67 61 57 55 59 53 54
    49 52 52 51 56 60 56 57 61 67 72 66 68 60 63 54 54 54 50 48 52 55 58
    67 65 74 68 65 65 65 63 66 64 68 70 62 62 58 55 51 59 59 61 63 74 68
    70 72 72 67 67 64 63 65 65 65 68 72 65 62 60 56 61 65 66 66 69 57 53
    54 52 54 67 65 65 74 69 59 65 58 53 56 56 46 50 54 57 58 65 66 66 60
    63 57 53 52 55 50 56 64 62 60 61 61 59 60 64 68 65 62 60 55 54 60 69
    74 75 70 64 63 57 54 58 63 58 58 58 61 61 58 58 63 64 65 60 64 56 57
    55 58 58 61 58 56 69 70 67 63 68 63 64 76 83 75 72 66 66 64 74 73 73
    70 64 61 62 66 66 65 63 58 59 52 57 61 64 66 63 59 56 54 48 54 58 58
    64 66 68 70 66 63 68 70 63 68 69 66 59 60 63 65 64 69 72 69 65 69 72
    72 75 82 80 74 74 75 63 62 62 62 57 67 72 77 75 76 74 70 70 77 78 75
    80 77 72 67 68 63 66 65 66 66 64 63 65 62 61 62 63 62 63 68 63 62 58
    65 58 57 51 55 52 52 60 61 58 55 59 66 73 69 71 67 70 59 61 59 53 51
    56 57 60 70 73 77 72 66 61 56 52 53 51 56 60 56 58 59 58 52 56 60 60
    62 71 66 68 70 69 67 69 66 65 68 66 64 60 65 59 60 58 58 62 65 67 73
    73 64 64 59 56 61 73 66 65 69 67 57 63 58 59 61 60 53 60 61 63 61 67
    67 63 57 64 57 53 53 56 51 58 67 62 64 60 60 59 59 60 71 68 64 65 63
    60 63 67 72 73 66 65 67 61 57 58 58 51 54 56 67 70 70 66 68 66 65 61
    62 53 55 53 58 61 68 61 59 66 70 68 65 69 69 71 79 82 74 70 59 59 62
    73 70 74 73 61 60 58 64 61 68 66 62 64 60 61 62 69 70 68 66 61 57 49
    50 57 59 64 68 72 70 69 65 64 66 59 63 68 69 65 66 71 70 64 69 69 59
    53 61 58 60 66 76 75 72 73 71 62 58 60 62 60 65 69 75 73 74 77 73 67
    73 75 69 73 72 64 57 59 56 58 59 62 60 61 65 64 60 59 59 59 63 64 68
    63 59 54 61 55 49 47 50 43 48 57 56 54 56 55 60 65 63 66 66 71 61 64
    61 53 48 56 58 58 68 71 77 75 69 66 63 55 50 53 57 58 55 56 56 50 46
    56 60 64 68 77 65 63 62 61 58 67 70 70 69 68 63 57 59 53 57 56 59 65
    73 73 79 77 70 70 68 65 65 73 65 61 62 65 57 60 52 60 61 57 58 65 62
    60 60 64 64 59 58 63 57 50 52 52 52 57 67 65 70 62 62 63 60 57 67 65
    58 60 60 60 62 66 68 69 66 65 67 63 62 63 62 57 62 62 71 70 71 67 68
    65 70 66 64 55 54 51 57 61 67 62 60 67 67 64 62 60 65 70 76 76 73 65
    55 56 61 70 63 68 68 57 54 58 63 63 71 66 60 63 58 59 61 69 66 62 61
    59 54 47 52 53 54 60 63 64 66 67 64 61 62 58 63 68 70 68 67 70 65 64
    73 70 59 55 61 52 61 67 76 73 73 71 68 59 56 56 57 55 60 63 65 65 68
    75 80 77 79 80 71 69 68 66 59 62 61 64 63 67 65 70 71 69 62 60 58 56
    63 66 69 66 66 63 70 64 57 56 55 52 59 65 65 65 65 61 64 68 64 67 64
    65 54 54 52 49 48 57 63 58 67 70 78 76 75 74 74 70 66 65 67 62 55 56
    55 52 53 60 64 67 68 71 61 58 58 56 56 66 68 66 68 67 60 55 61 56 62
    59 61 63 72 73 78 79 76 69 70 70 72 75 74 65 65 70 62 63 58 65 60 57
    59 61 55 56 58 62 61 59 59 60 54 53 53 52 61 62 66 64 69 57 57 63 61
    56 63 66 59 61 59 63 61 65 66 67 61 66 66 64 66 68 63 59 65 64 69 70
    68 62 61 61 68 67 66 61 60 55 61 65 66 62 58 61 60 64 64 63 67 74 75
    71 72 69 60 58 67 67 64 66 67 57 57 58 61 62 68 64 59 62 59 60 67 74
    70 69 69 65 62 56 53 52 52 51 57 59 58 61 60 58 64 67 72 75 71 69 65
    69 68 71 80 72 59 56 59 50 61 65 72 70 70 66 69 64 61 65 70 66 69 75
    71 71 71 74 76 77 76 73 67 60 58 59 61 62 65 64 65 68 67 73 79 71 64
    63 57 54 62 63 67 67 66 60 66 61 56 59 65 59 69 77 75 72 75 71 69 70
    64 61 62 63 54 55 53 48 50 58 62 60 64 62 69 72 73 75 77 74 66 66 69
    63 58 60 58 52 57 63 70 73 79 78 67 61 54 49 50 58 61 65 68 64 61 61
    63 60 68 65 59 64 70 71 77 81 76 71 71 76 74 74 70 63 58 68 65 67 64
    67 63 59 62 63 62 59 59 63 62 58 62 61 59 59 57 52 60 57 58 62 67 59
    58 63 57 53 55 55 51 53 57 62 63 62 68 67 63 67 73 68 66 66 62 54 58
    60 64 68 68 62 63 65 69 67 70 67 65 60 69 70 66 67 65 61 62 66 64 62
    66 66 69 63 67 65 62 61 68 69 64 63 65 58 60 64 71 68 74 65 59 60 62
    61 71 77 74 73 74 71 69 63 60 56 49 49 56 59 60 62 62 60 64 68 76 76
    71 68 66 69 73 77 86 77 68 64 64 55 66 65 69 69 69 59 65 62 59 61 73
    68 72 76 73 74 77 79 82 83 80 76 71 62 59 61 59 56 61 62 62 66 72 75
    79 68 63 59 54 50 58 56 56 58 58 55 69 68 65 71 74 64 70 74 74 73 78
    74 61 63 62 64 70 69 63 61 55 50 54 58 60 60 62 60 66 73 72 75 77 75
    67 69 65 58 55 56 52 49 51 56 63 68 72 73 65 61 51 53 54 60 60 66 60
    57 55 55 62 64 72 71 64 63 68 71 77 81 80 77 79 77 73 71 68 62 58 70
    66 65 60 64 59 58 64 65 65 62 61 62 65 59 66 66 64 61 55 49 54 55 55
    60 66 59 56 60 59 55 58 61 58 60 62 69 65 59 64 65 61 68 75 66 60 61
    60 52 62 64 63 63 67 58 60 62 67 64 71 68 64 56 66 67 68 69 71 64 62
    63 63 60 64 65 68 66 73 72 69 67 73 69 67 65 69 58 61 62 66 61 65 53
    53 56 60 66 73 77 72 71 71 71 67 65 64 58 51 55 63 60 62 66 63 58 65
    66 69 71 67 67 63 68 72 79 84 80 71 66 61 57 64 68 71 72 67 61 64 66
    65 70 78 73 72 72 69 71 73 77 81 80 75 71 67 56 53 55 56 49 57 57 60
    61 69 68 71 60 57 52 49 49 55 52 56 59 60 58 70 68 65 69 69 65 70 71
    71 71 74 68 59 64 64 64 68 73 71 66 63 62 62 65 64 64 58 57 59 68 66
    73 80 79 72 74 67 60 56 54 52 47 47 55 61 68 75 74 67 66 56 56 56 60
    60 66 67 68 66 67 70 68 73 73 68 65 70 69 74 78 80 74 80 76 71 68 71
    63 62 70 67 64 62 65 62 63 65 64 62 63 60 64 64 61 64 63 61 63 59 55
    62 62 57 60 63 57 52 59 59 54 56 60 55 58 61 63 63 59 59 56 60 66 71
    67 65 64 59 53 61 60 56 57 63 53 57 62 67 61 69 66 61 57 66 69 67 74
    75 67 64 65 62 58 62 65 69 66 70 72 69 69 74 71 68 68 69 59 61 61 60
    58 62 55 56 60 64 67 73 75 69 65 67 68 67 65 62 56 50 51 59 60 61 62
    63 61 67 65 67 66 59 55 59 62 67 75 80 76 72 69 61 61 65 69 71 73 66
    59 65 64 65 70 77 71 69 71 69 70 72 76 78 80 76 71 70 60 54 58 61 54
    64 66 68 69 73 73 71 64 59 56 53 57 55 55 62 64 65 65 72 68 66 69 74
    74 76 73 73 70 71 66 62 68 69 64 65 67 68 62 61 61 65 61 60 61 56 57
    58 67 68 70 74 76 69 70 69 63 60 59 57 52 55 61 67 68 71 65 64 64 59
    64 70 66 62 66 68 63 64 66 70 67 73 73 68 63 64 62 69 77 79 72 79 70
    65 64 69 61 64 66 66 61 65 67 70 69 71 68 67 65 65 66 63 62 65 61 59
    67 61 62 64 65 55 57 54 54 51 56 62 60 58 64 64 63 68 70 70 64 63 56
    57 58 64 62 60 62 59 53 62 59 52 54 62 51 58 64 66 60 65 63 58 55 63
    63 62 68 69 64 66 68 72 71 67 71 73 68 68 74 70 71 75 70 67 63 65 58
    61 62 61 57 60 57 58 64 68 67 71 72 72 71 76 75 73 67 62 57 56 57 65
    67 66 66 66 63 68 67 68 69 64 58 64 64 69 73 76 74 71 70 66 67 69 71
    72 72 63 58 64 63 63 70 76 72 71 78 77 74 75 75 72 74 74 72 71 61 52
    55 53 52 60 62 64 65 67 66 63 59 55 54 53 59 54 54 59 59 61 63 66 65
    66 68 72 70 66 65 62 58 62 63 60 67 67 63 63 68 69 63 60 63 63 55 57
    62 55 59 59 69 69 70 67 68 61 66 67 68 67 63 62 57 56 60 66 65 65 60
    57 57 51 61 68 67 63 69 66 59 61 64 63 61 66 66 61 60 62 61 65 76 77
    75 79 72 67 65 62 61 61 61 60 57 58 65 67 72 76 76 74 70 67 64 62 59
    64 60 62 68 66 66 66 66 55 54 51 53 49 50 57 61 62 71 75 70 71 65 66
    55 54 50 52 49 56 57 57 57 59 54 60 53 46 45 56 48 59 65 70 63 64 63
    61 56 65 64 61 64 67 61 61 63 67 69 69 76 78 77 71 74 72 77 75 72 68
    66 66 62 66 67 66 62 65 64 65 69 71 69 70 70 70 71 80 80 77 75 74 68
    70 71 72 74 69 66 64 61 65 60 62 65 64 58 70 70 70 71 72 70 65 67 67
    66 66 71 71 72 65 59 64 62 62 67 70 66 63 63 63 62 66 72 75 76 80 80
    74 66 60 56 47 50 52 59 63 64 65 67 62 59 56 57 56 58 51 54 53 54 58
    63 66 71 71 71 75 73 65 61 59 57 60 58 57 67 68 69 65 69 71 66 66 72
    69 58 60 61 54 63 63 72 71 72 69 70 58 61 63 64 63 65 64 61 59 62 64
    61 55 52 54 53 57 66 69 65 60 62 62 57 60 60 58 56 60 61 63 61 65 63
    66 71 72 69 70 59 55 54 56 61 66 65 63 55 50 58 62 71 77 80 73 68 66
    62 58 57 59 54 58 63 64 70 70 69 66 58 53 54 47 46 57 60 65 77 82 76
    71 66 63 51 52 51 53 55 61 61 60 61 59 54 62 57 47 47 55 46 56 61 63
    55 57 56 54 51 61 61 59 60 64 59 59 64 71 73 75 85 80 78 71 76 72 76
    71 66 60 60 63 60 64 66 62 59 63 64 65 68 67 67 64 69 67 70 75 77 74
    74 73 72 75 74 72 71 63 60 56 56 59 55 57 62 63 57 68 70 67 65 65 66
    58 62 69 67 63 71 71 68 64 65 68 65 63 70 66 64 56 59 55 56 56 66 66
    66 71 70 61 54 55 51 46 54 60 67 70 74 70 71 60 62 56 57 55 59 47 54
    55 54 58 62 61 67 70 66 69 65 55 50 47 49 52 49 55 65 65 62 61 67 70
    68 76 81 73 64 67 65 59 67 64 73 73 69 69 70 57 56 61 60 59 63 68 64
    68 70 68 64 60 52 57 60 63 71 80 73 70 70 73 65 72 66 62 56 59 55 60
    64 64 59 67 69 67 64 65 56 55 50 54 59 62 62 63 56 54 61 60 68 73 76
    67 66 69 66 60 65 64 59 63 69 68 73 75 68 63 59 55 52 52 54 59 60 63
    71 77 73 69 63 62 51 50 49 51 54 60 62 66 70 63 56 62 53 42 44 51 43
    51 59 61 53 50 54 52 55 62 61 55 58 61 62 63 70 74 74 73 85 81 78 69
    76 74 79 76 71 65 64 62 59 62 66 57 55 59 65 58 65 62 60 60 69 71 80
    82 76 75 70 65 66 73 70 68 70 67 62 55 54 57 52 56 62 68 62 74 75 72
    64 64 62 52 55 64 62 59 67 71 67 66 66 66 61 61 67 66 67 59 62 56 50
    52 61 62 65 77 75 71 64 62 55 52 57 57 65 67 74 74 79 71 73 65 67 65
    65 52 58 52 46 49 55 53 57 67 67 67 61 54 46 41 47 50 51 58 63 59 59
    57 58 60 60 68 70 65 58 68 60 58 65 63 65 72 71 68 72 58 53 60 58 50
    59 65 61 69 70 67 61 56 50 61 65 69 77 81 72 64 62 60 53 60 59 58 54
    59 55 59 62 62 60 66 66 64 63 59 54 56 49 52 57 57 57 61 56 51 56 54
    59 66 72 64 64 68 65 62 69 70 64 70 70 64 65 66 56 55 55 55 53 53 55
    60 60 65 73 79 71 70 64 67 59 63 65 61 57 58 57 54 61 59 53 57 52 43
    41 48 44 48 55 61 53 50 57 55 53 57 57 49 49 55 62 63 70 72 73 68 78
    76 77 67 72 70 74 71 65 64 62 64 61 66 71 66 63 64 68 59 64 58 60 63
    69 73 81 79 73 74 67 66 66 72 71 71 72 72 69 59 57 58 52 54 61 69 65
    71 74 68 62 64 66 58 64 69 64 59 62 63 62 60 65 64 62 64 76 75 81 71
    68 57 49 47 55 62 65 76 74 68 60 64 59 55 64 62 64 68 73 74 78 71 71
    66 66 64 60 48 53 45 40 46 52 51 59 68 71 68 62 52 47 39 49 48 52 68
    69 62 63 58 58 59 63 71 77 70 68 77 72 66 72 68 64 67 67 66 70 62 58
    61 61 54 61 63 63 65 66 62 63 57 54 61 63 63 70 74 68 65 67 63 57 66
    62 56 55 61 54 56 61 57 54 60 61 59 60 60 57 60 55 57 61 60 59 63 60
    52 56 53 55 58 66 59 61 65 67 64 69 69 67 72 72 66 64 62 53 52 54 56
    51 50 51 50 52 63 72 77 73 72 63 65 59 65 70 66 65 66 64 57 66 60 54
    60 56 47 45 49 43 41 48 55 54 56 65 65 60 59 56 48 45 51 56 59 65 65
    69 72 78 79 85 75 76 73 72 69 62 62 63 65 60 65 67 65 63 65 65 57 57
    51 53 59 67 72 81 75 67 68 62 56 61 65 65 67 72 72 68 60 60 57 51 52
    59 62 61 68 71 63 61 62 61 54 63 62 56 54 59 62 64 59 67 67 64 68 81
    77 77 66 58 48 42 43 53 60 67 75 70 61 56 57 53 54 64 61 61 66 73 76
    79 75 77 69 67 67 63 49 56 51 48 51 55 55 59 67 71 71 64 60 49 44 54
    55 51 67 68 62 65 64 63 63 68 75 73 68 69 76 69 63 66 65 60 63 68 73
    75 63 60 61 56 49 59 58 57 62 64 60 64 60 56 63 69 68 74 77 73 69 67
    69 68 73 73 70 64 64 58 57 61 61 63 69 69 68 64 64 59 60 52 59 57 54
    55 62 58 53 55 52 54 54 60 57 58 58 61 60 62 64 68 70 71 66 67 65 58
    58 61 58 50 51 49 49 50 60 65 70 67 67 63 67 64 72 79 74 74 76 68 60
    66 59 53 60 58 51 53 56 47 43 51 52 52 60 67 62 61 54 52 48 48 54 62
    62 64 62 62 61 65 65 72 65 66 61 63 62 58 56 59 58 51 51 57 54 58 63
    67 57 60 50 51 57 66 69 75 69 62 60 55 50 54 55 57 62 67 71 72 69 69
    63 56 55 58 58 60 65 67 61 60 58 55 53 57 52 49 52 56 63 62 63 69 64
    59 65 74 68 73 69 63 55 51 49 51 52 58 64 55 51 50 52 51 59 65 67 66
    71 73 75 75 73 73 70 70 68 64 55 60 53 55 56 58 59 60 67 74 72 65 61
    49 41 50 49 49 58 58 57 56 57 59 62 61 72 70 67 70 81 73 72 72 66 60
    63 63 66 70 64 63 63 57 50 53 50 52 59 61 59 64 61 54 61 70 67 71 76
    75 72 73 70 74 76 74 69 69 67 57 55 58 56 58 64 66 69 67 66 68 67 61
    64 58 53 55 56 55 57 59 51 54 54 56 56 61 57 63 61 62 64 71 70 74 67
    67 63 57 52 58 53 49 51 51 49 50 57 62 67 66 70 63 68 66 72 75 71 65
    61 56 52 59 56 57 60 56 54 54 57 53 54 61 64 62 68 71 67 65 57 53 49
    44 48 60 59 60 62 62 59 63 64 71 65 67 66 67 65 61 58 58 54 47 46 52
    46 55 60 66 55 61 47 48 54 61 63 70 65 56 54 50 45 46 50 53 60 68 74
    73 75 72 69 65 60 59 59 59 64 69 62 63 61 55 55 60 53 51 59 59 67 68
    68 73 69 62 68 73 69 72 70 62 60 54 55 53 57 59 62 54 52 52 53 53 60
    68 68 63 66 67 70 68 71 69 71 72 69 67 63 65 55 58 57 60 55 56 62 72
    66 65 62 53 46 55 53 57 63 61 57 57 51 52 57 56 64 63 67 72 79 72 69
    69 63 57 60 63 60 66 63 59 61 59 50 50 49 52 54 57 61 64 58 52 55 58
    61 65 70 73 67 63 63 64 65 67 67 68 66 61 60 58 59 66 68 73 74 70 68
    71 65 64 67 58 49 49 54 52 53 55 54 54 54 57 60 57 49 54 55 55 61 72
    73 78 71 73 66 58 52 58 51 51 51 54 50 53 59 68 68 67 68 58 62 61 66
    69 65 55 53 50 49 53 58 55 60 55 57 55 62 57 59 62 67 61 69 70 71 66
    62 58 58 50 51 57 57 56 59 58 57 56 56 66 64 65 63 60 55 54 54 56 54
    51 47 48 49 59 66 68 62 60 46 41 50 58 60 68 66 59 55 52 45 44 51 51
    58 69 71 67 74 77 71 73 66 62 56 56 56 61 56 59 58 52 58 67 58 53 61
    58 62 66 69 72 67 59 60 63 60 63 65 58 60 60 57 52 57 59 54 51 50 53
    53 54 61 73 72 67 72 72 67 67 68 63 65 68 64 62 64 64 60 65 70 71 66
    63 66 68 66 66 63 55 51 53 52 56 57 58 59 60 54 57 65 62 65 67 74 75
    77 71 67 60 54 53 53 53 55 59 60 63 67 67 64 61 56 61 61 61 67 68 60
    55 55 55 59 63 70 70 65 64 67 69 75 77 73 74 70 62 64 63 64 72 76 79
    78 74 71 70 61 65 65 61 53 55 54 56 55 58 57 60 57 58 61 56 46 51 50
    48 55 64 65 72 67 73 72 66 63 71 58 58 56 56 52 60 61 68 65 66 65 58
    58 57 58 60 59 54 59 57 59 62 66 63 69 61 59 60 63 55 61 69 68 66 74
    75 71 74 67 60 59 50 46 49 52 51 57 57 59 56 59 70 71 75 78 70 59 59
    56 55 55 55 52 49 50 62 66 66 64 63 53 47 49 55 57 63 64 56 49 47 43
    42 51 52 59 66 69 65 74 76 71 72 68 65 56 57 60 66 61 65 60 50 54 63
    56 54 66 62 63 66 71 68 65 54 58 54 51 53 63 56 60 66 62 53 58 60 54
    53 55 59 58 57 64 72 72 69 72 69 66 62 65 61 64 64 61 55 62 64 58 62
    69 72 66 65 67 68 62 61 60 54 50 51 51 55 46 50 52 57 54 59 63 61 62
    64 71 74 76 67 65 57 53 54 59 57 59 63 61 61 63 62 58 60 59 66 68 68
    73 72 66 63 64 61 69 68 70 72 65 60 64 68 71 76 76 75 66 63 64 61 66
    79 77 74 77 75 67 69 61 63 62 62 59 66 63 63 60 60 57 62 62 66 69 66
    53 54 55 55 57 67 70 71 68 80 83 79 75 78 64 63 62 63 63 64 58 62 60
    58 59 54 50 50 52 56 61 58 62 62 62 59 64 60 64 57 56 59 63 54 61 69
    63 57 66 66 62 69 69 62 62 58 51 54 53 51 53 52 48 46 49 61 68 71 75
    68 57 57 58 60 61 61 54 50 51 59 63 69 69 70 64 62 59 65 60 61 62 56
    53 53 56 51 61 58 63 63 67 60 66 68 66 67 63 59 58 58 59 70 70 71 65
    58 60 63 55 53 60 56 57 60 67 62 57 50 54 52 51 54 66 62 69 74 69 59
    62 57 57 57 61 67 70 63 72 78 73 70 74 65 60 57 61 55 63 65 64 58 69
    68 60 59 66 65 57 58 63 61 58 65 59 53 51 46 43 51 48 48 54 59 54 55
    63 57 54 61 69 72 77 73 73 66 55 56 61 55 58 65 63 57 59 57 55 57 61
    70 71 65 70 64 58 57 62 58 69 67 69 68 61 59 58 59 64 68 67 74 71 65
    69 62 61 69 68 65 66 66 59 61 58 67 64 64 65 67 65 68 68 69 69 72 72
    73 69 67 55 58 60 65 66 74 73 70 64 72 72 68 68 70 64 70 64 67 64 63
    53 62 59 59 59 55 52 52 51 52 56 53 57 63 63 61 67 61 62 57 55 51 54
    48 54 62 65 56 61 61 58 59 68 61 63 63 57 55 60 57 55 55 52 45 50 64
    70 73 80 69 55 54 55 53 59 61 58 54 59 61 64 67 67 65 63 63 64 70 67
    67 65 61 57 53 55 50 59 58 66 65 69 55 61 61 63 68 63 59 58 55 51 66
    68 66 63 58 60 65 61 59 65 59 56 60 64 56 55 54 53 59 66 64 70 70 75
    75 70 62 67 62 61 65 66 70 70 68 71 78 73 72 71 68 64 59 57 55 60 60
    61 60 69 66 59 58 66 65 60 61 65 57 51 58 51 50 51 48 45 55 52 54 56
    64 60 61 67 63 58 63 71 73 75 72 68 60 55 57 58 56 60 65 60 53 55 53
    49 56 65 74 72 67 70 62 53 53 58 53 64 67 69 68 64 62 63 59 63 66 64
    67 68 62 67 63 63 71 74 69 70 71 68 67 67 70 64 63 65 63 68 76 73 71
    75 72 68 71 71 68 59 59 62 65 61 69 69 62 58 67 64 67 68 73 72 79 73
    73 67 67 58 62 60 57 56 51 49 55 53 54 59 61 67 72 70 67 69 57 60 60
    55 51 54 46 44 52 53 51 54 55 55 58 67 63 70 72 68 60 67 64 58 59 58
    50 57 69 70 71 74 63 55 56 58 57 64 65 64 59 65 61 60 62 62 61 64 67
    68 74 70 69 66 64 62 61 65 60 64 61 66 61 68 59 61 63 66 67 61 57 54
    52 49 63 67 67 62 59 60 62 57 54 60 59 58 61 64 55 52 53 55 59 69 67
    73 71 72 69 65 57 61 59 59 63 63 67 67 68 71 79 72 73 72 71 63 62 58
    52 51 54 58 55 65 64 61 58 70 69 65 67 69 62 57 63 57 57 56 53 50 57
    52 57 59 67 67 66 69 67 60 62 68 66 66 61 58 53 52 56 62 62 67 68 61
    57 60 54 54 60 63 69 70 66 67 65 59 61 64 60 66 65 66 67 65 67 65 63
    66 66 61 65 66 58 61 57 59 62 63 59 65 67 63 63 65 65 57 63 68 69 71
    78 74 70 70 73 70 76 75 77 67 68 62 64 60 61 58 54 55 62 63 73 75 75
    74 82 71 70 69 68 58 59 59 57 53 52 52 54 51 54 59 63 69 74 71 68 69
    60 59 59 56 53 54 51 48 56 56 55 58 59 55 55 63 59 61 65 64 60 67 66
    62 63 63 57 62 67 69 70 75 67 63 60 59 57 63 64 65 65 67 65 59 60 60
    64 66 72 72 72 66 62 60 61 62 62 68 64 64 66 70 61 67 64 63 61 66 63
    53 51 50 49 51 65 69 73 66 62 58 57 49 51 54 54 55 56 57 53 54 56 62
    66 70 66 70 68 68 64 64 57 59 54 58 59 59 63 67 67 69 78 75 77 73 74
    69 63 59 57 54 53 56 55 66 68 65 62 67 66 62 64 65 64 57 61 56 60 59
    60 61 67 58 61 65 69 69 64 63 59 54 62 69 70 72 73 67 64 63 63 64 66
    69 67 64 58 61 52 52 54 57 59 58 55 56 56 51 58 61 58 64 65 64 69 70
    67 63 57 56 59 60 60 63 60 56 49 54 55 49 52 60 61 64 67 66 63 58 60
    67 70 73 79 74 67 67 71 70 76 79 83 74 72 71 73 65 68 64 58 62 66 65
    74 72 69 70 78 69 72 67 65 54 57 57 56 49 50 50 55 55 59 64 64 61 67
    68 65 67 60 58 55 52 48 54 55 50 57 59 55 56 59 57 50 61 57 60 63 67
    60 63 65 61 62 65 59 60 65 63 60 65 60 58 58 56 55 63 62 65 65 67 61
    53 53 51 54 59 69 74 78 74 72 67 67 65 65 65 61 61 62 62 56 62 57 58
    58 66 61 52 49 51 52 53 67 70 74 64 64 59 55 47 51 49 55 60 61 61 59
    58 61 64 70 78 71 66 69 70 62 66 62 59 47 50 47 46 50 57 61 64 73 72
    69 68 70 63 59 57 54 53 54 59 63 69 69 70 67 69 70 66 69 66 66 61 65
    58 65 63 63 61 69 59 62 67 69 74 68 69 66 60 62 69 69 72 76 72 71 66
    66 64 66 65 62 61 57 59 56 56 50 51 51 47 47 50 48 43 51 54 53 63 64
    64 68 67 62 64 57 59 64 64 63 68 61 59 58 60 61 57 62 63 64 65 70 63
    63 57 59 65 68 70 80 73 66 69 73 65 74 74 79 69 74 70 70 65 66 57 53
    59 59 61 70 68 66 70 79 71 73 68 66 57 61 57 58 51 51 52 59 60 59 59
    59 60 64 70 69 72 62 59 56 56 51 61 63 58 62 61 56 51 55 56 50 59 59
    59 58 66 56 64 69 67 64 74 66 63 63 60 55 57 56 61 64 61 57 59 55 57
    55 56 55 47 43 45 52 52 59 67 69 65 65 64 65 64 61 60 58 57 57 57 55
    60 55 60 64 69 62 55 53 52 50 52 64 61 62 59 59 54 57 56 59 60 65 66
    65 66 69 66 67 70 73 77 72 69 67 64 59 63 58 58 52 49 47 47 48 56 64
    65 73 78 74 70 77 70 63 60 59 54 57 59 64 63 67 63 64 67 75 69 73 69
    70 63 64 58 65 58 57 55 62 62 65 66 66 74 70 71 72 69 66 73 72 73 72
    69 69 70 67 63 67 62 57 62 64 62 64 62 54 53 55 47 52 54 56 49 58 58
    57 61 63 62 66 66 63 66 63 62 70 66 61 64 61 57 63 65 67 66 70 69 74
    72 73 61 56 50 54 58 66 72 78 72 66 68 72 64 71 73 75 68 70 67 67 61
    59 53 54 59 62 65 76 72 73 72 80 77 76 70 70 63 61 58 56 48 45 47 54
    56 56 59 60 58 59 66 63 62 55 57 52 53 56 64 65 63 66 61 61 54 58 62
    59 64 66 65 60 63 52 59 65 65 67 77 71 64 62 54 53 55 58 65 73 70 67
    64 61 60 56 55 55 46 40 40 46 48 57 64 64 61 61 58 62 67 66 68 68 64
    60 59 55 61 62 69 71 76 65 56 53 53 52 58 65 62 67 66 63 60 63 55 57
    57 63 67 68 67 71 64 61 68 69 72 69 68 59 60 60 66 60 61 52 47 43 45
    48 60 69 71 77 77 67 66 69 64 60 62 56 48 52 55 60 60 67 66 65 61 70
    66 67 65 70 63 62 58 59 51 53 51 52 72 74 69 65 67 60 61 68 67 67 75
    72 71 68 66 67 66 64 63 63 61 55 62 68 70 68 72 59 53 52 48 52 55 61
    57 63 61 61 58 60 60 60 58 56 60 58 57 67 65 62 67 69 62 67 67 67 60
    69 66 70 65 65 49 51 50 57 63 76 79 77 71 72 70 75 72 77 74 75 67 72
    68 68 67 62 52 55 61 66 69 74 68 68 64 73 73 74 66 63 52 52 53 54 48
    49 53 53 53 54 55 53 57 55 66 60 63 55 57 48 50 52 63 67 67 71 68 64
    60 66 70 68 69 67 60 52 52 48 52 62 62 62 70 67 57 58 54 49 53 60 64
    70 74 73 67 64 62 56 52 58 55 48 47 53 52 54 60 64 62 65 68 68 66 63
    60 55 58 57 58 58 65 63 71 70 70 61 55 54 58 57 59 63 58 61 62 64 66
    72 64 62 63 61 59 60 60 61 58 55 62 66 67 64 66 62 62 65 74 64 64 53
    48 45 54 59 70 76 76 78 78 69 67 68 66 63 66 66 65 62 61 65 62 66 67
    69 61 69 68 66 64 67 61 57 55 54 49 50 46 50 72 74 69 63 62 60 64 70
    70 71 78 77 79 76 78 77 75 69 69 64 61 53 64 68 71 70 75 60 59 55 53
    57 59 64 58 61 61 58 56 60 59 55 57 53 61 58 55 67 66 60 65 71 64 73
    73 74 68 74 68 71 65 67 50 52 55 58 60 71 72 72 71 72 72 75 69 70 70
    72 63 67 70 69 67 65 59 58 64 62 66 66 61 62 64 72 74 73 64 60 52 50
    51 47 40 41 47 52 57 57 61 59 58 57 68 60 62 54 55 46 48 52 62 65 67
    68 64 63 61 67 73 72 72 65 59 52 51 45 52 63 62 61 69 65 52 56 49 46
    45 53 58 69 74 79 75 71 64 57 49 52 51 48 46 52 49 53 59 66 64 67 69
    68 68 64 58 51 53 49 52 57 65 64 71 75 72 65 64 64 65 65 62 65 56 58
    63 70 71 80 75 72 70 67 62 62 59 56 55 53 58 66 74 67 69 66 64 63 71
    62 63 54 49 45 53 53 64 66 71 68 72 65 66 64 64 60 59 64 65 68 69 72
    65 70 68 71 67 75 72 74 69 70 64 63 55 55 50 49 40 47 65 66 58 50 50
    51 58 68 68 67 73 71 73 70 75 75 76 71 76 72 68 58 68 67 66 66 71 59
    58 56 55 61 63 68 64 65 62 60 62 60 59 58 60 55 65 62 60 67 64 61 67
    68 65 75 71 74 76 77 72 78 67 66 53 55 55 62 61 71 73 75 75 82 79 79
    70 65 61 61 58 61 65 64 65 58 53 56 59 57 61 64 57 62 69 76 78 75 69
    64 54 53 57 53 48 48 52 55 59 54 57 61 65 61 71 63 63 56 57 54 62 64
    65 64 62 58 55 56 59 64 71 71 70 62 60 54 51 47 56 64 61 60 65 62 54
    54 51 47 46 51 57 65 74 83 80 76 64 57 47 50 55 56 53 57 50 47 52 59
    54 57 65 62 64 64 62 55 54 52 56 62 68 71 73 77 72 66 67 66 61 58 55
    56 51 54 62 65 68 77 76 72 75 70 61 60 55 52 52 50 53 60 63 58 67 66
    64 65 72 62 66 61 58 55 63 59 68 68 71 65 69 65 67 67 72 68 66 69 70
    71 69 71 68 70 67 67 64 68 69 68 67 67 63 57 53 50 47 46 43 46 69 72
    61 55 49 48 55 66 66 70 75 73 72 67 69 72 74 72 79 76 75 67 71 65 64
    62 63 57 61 62 64 67 69 71 66 61 62 61 61 61 60 58 63 60 66 66 61 63
    61 58 61 66 61 65 63 65 65 68 67 73 66 69 63 65 67 67 58 63 61 58 63
    77 72 73 69 61 55 56 59 58 61 62 64 56 58 63 63 62 63 63 55 60 63 71
    73 71 67 66 58 58 61 58 50 50 55 59 60 62 65 66 65 64 71 64 61 59 57
    55 57 62 59 63 61 63 64 67 71 73 75 70 70 58 57 54 52 49 56 63 61 66
    70 70 63 65 61 56 56 58 60 63 75 80 79 78 70 63 57 58 60 60 54 49 47
    44 50 58 54 60 67 62 61 66 63 53 54 55 58 62 72 78 80 79 74 71 69 68
    64 62 56 56 52 58 62 66 71 77 74 68 68 58 53 54 52 47 49 46 48 55 63
    59 64 66 64 64 72 68 68 64 58 54 60 56 65 64 64 55 61 60 63 64 71 69
    65 66 71 70 66 70 74 69 68 69 63 61 65 62 62 61 59 55 52 52 50 51 45
    52 62 68 56 49 42 45 50 64 65 71 78 76 71 65 65 63 63 65 73 71 73 68
    67 57 60 57 61 58 64 60 62 65 69 71 69 66 63 59 57 58 58 57 62 59 63
    60 57 60 61 59 62 67 62 63 63 66 63 66 68 69 65 69 64 69 75 75 68 69
    63 56 58 69 68 66 67 64 61 63 65 65 64 65 65 59 56 60 57 54 58 60 56
    59 65 71 68 66 63 63 57 59 62 64 55 53 54 59 58 61 65 67 69 69 76 71
    73 72 71 67 67 69 64 63 58 59 59 59 66 70 76 71 70 59 57 55 58 57 64
    69 67 68 75 76 75 76 76 64 60 55 57 53 69 78 82 82 75 69 61 60 63 63
    58 55 54 49 55 58 54 60 63 55 54 62 57 52 57 58 57 61 66 69 70 73 66
    67 65 68 61 61 56 60 56 61 64 67 68 71 71 68 68 61 55 57 55 50 54 49
    49 56 62 55 60 64 57 59 66 66 61 63 57 52 56 53 60 58 59 51 59 57 57
    61 67 66 63 68 74 74 73 72 73 69 69 69 68 68 67 63 62 61 59 62 60 62
    61 63 55 65 52 58 55 53 52 60 60 69 67 69 70 75 72 71 74 75 74 75 80
    76 76 71 68 59 57 57 57 57 62 65 63 67 69 72 73 73 70 67 66 62 64 66
    68 63 64 59 56 61 65 64 66 71 64 60 58 57 56 60 67 72 76 77 76 78 80
    73 64 60 52 48 52 61 61 64 67 66 62 68 68 66 65 68 65 56 58 58 52 44
    54 58 57 64 72 76 68 65 65 70 65 70 72 69 55 51 51 59 59 63 70 74 73
    74 83 79 78 79 78 75 74 77 69 69 63 60 58 56 58 63 68 62 65 57 60 59
    64 58 67 66 63 64 73 71 73 72 72 67 62 58 61 56 67 74 76 78 74 68 63
    60 59 61 58 53 56 53 60 60 57 62 61 52 54 64 61 60 64 61 59 60 64 64
    70 74 69 70 73 74 66 65 60 63 59 62 67 69 66 70 70 65 63 61 57 60 59
    54 54 51 52 57 62 58 60 62 55 59 61 61 58 61 56 52 52 47 53 53 59 54
    61 59 60 65 71 71 68 67 65 69 67 65 66 63 58 58 61 62 64 62 64 63 65
    66 64 67 68 67 64 73 45 50 52 50 50 53 50 56 55 62 63 71 69 71 71 71
    68 70 70 66 69 69 67 61 58 61 58 59 64 73 68 68 70 66 64 67 68 67 70
    67 64 66 65 62 62 60 58 60 62 62 67 71 65 62 60 55 56 62 68 75 85 83
    85 89 84 75 67 63 57 53 55 65 63 62 69 70 63 68 69 69 65 65 59 53 51
    54 48 44 50 54 51 61 66 71 67 67 65 72 65 69 72 75 64 65 64 66 65 69
    70 74 75 72 74 76 74 79 79 82 76 77 67 66 55 56 52 51 52 60 63 61 61
    59 59 60 62 59 63 58 57 61 70 71 77 75 75 70 67 62 62 57 66 68 69 70
    70 65 66 63 67 65 65 59 68 63 67 63 59 59 56 48 48 56 56 62 67 68 69
    64 66 64 72 71 73 72 70 67 64 60 58 65 63 65 69 68 66 70 69 66 64 65
    59 61 61 57 53 50 52 54 57 57 62 63 58 66 67 67 61 68 62 60 58 56 58
    58 56 52 57 52 54 63 71 73 75 72 71 74 69 66 65 61 56 57 57 58 60 57
    59 60 66 63 64 66 68 65 67 72 50 57 61 63 64 66 59 61 62 63 60 68 67
    69 71 73 72 71 69 64 69 72 70 70 66 69 62 60 61 72 66 68 70 68 68 68
    70 72 71 68 67 63 59 58 54 52 52 56 58 61 67 74 68 65 66 58 56 61 63
    65 76 74 75 81 78 70 66 61 57 51 52 57 62 59 67 70 70 75 76 79 75 74
    67 63 61 57 51 47 49 47 47 56 58 64 61 61 56 64 63 66 71 77 65 61 61
    62 59 69 71 72 74 73 74 75 76 77 80 81 72 71 64 63 58 61 55 53 47 51
    54 58 60 64 61 63 65 66 67 67 67 70 73 74 78 78 76 74 69 65 63 58 64
    65 64 67 69 65 68 63 65 59 60 56 66 62 68 61 56 58 53 47 50 58 55 63
    73 71 71 65 65 61 70 69 70 73 71 68 68 69 67 73 71 72 72 67 63 70 68
    68 65 69 62 67 69 66 61 57 59 61 61 60 65 63 54 64 65 64 56 67 59 61
    55 57 56 62 57 60 61 58 55 66 70 75 76 76 68 74 66 63 60 62 53 56 54
    58 59 60 66 67 72 72 73 74 77 72 71 77 49 55 61 61 60 64 61 58 59 63
    60 65 65 66 65 67 65 64 60 59 66 66 72 75 71 73 71 63 62 70 60 59 63
    64 66 69 70 70 67 62 63 61 54 52 49 45 47 53 59 61 70 76 74 70 69 60
    62 62 69 72 78 70 72 72 68 64 66 63 61 58 61 61 62 58 66 67 68 76 76
    83 79 76 65 62 57 48 42 41 46 45 52 60 66 68 67 63 60 63 60 57 67 74
    62 61 62 60 54 59 60 66 68 66 69 70 72 74 80 84 78 73 65 63 56 54 46
    48 40 46 54 62 58 66 63 63 63 70 70 68 68 67 66 69 74 70 72 71 64 58
    59 57 59 62 63 67 64 65 61 57 60 57 60 60 72 68 71 62 58 55 51 46 50
    55 53 62 70 69 70 65 58 55 59 61 64 70 67 64 67 68 68 76 76 73 72 69
    63 68 66 68 65 72 67 70 68 66 64 62 62 65 64 62 64 64 58 65 63 62 57
    65 61 63 57 62 60 67 67 73 67 62 56 63 65 70 73 73 61 68 63 56 54 58
    53 53 53 56 58 57 62 68 75 70 72 76 79 76 80 83 59 62 68 70 65 66 62
    53 53 58 54 60 61 66 67 70 69 71 66 65 70 69 74 77 74 72 70 61 60 68
    62 63 65 64 65 66 69 71 73 64 67 61 57 52 49 48 51 51 57 59 67 71 72
    69 70 60 64 61 67 73 78 72 77 77 69 65 66 66 63 63 66 68 63 58 61 61
    60 69 73 80 78 73 64 62 60 50 47 46 47 42 46 57 62 66 70 69 64 67 65
    57 65 67 55 60 63 60 57 62 59 63 65 66 68 68 70 72 74 79 77 75 69 70
    61 56 45 48 39 46 54 64 57 68 59 56 54 62 58 61 65 66 63 63 62 60 59
    64 62 65 63 67 65 68 62 65 61 63 59 60 63 58 57 60 67 62 62 60 56 51
    48 48 48 46 47 58 62 65 75 70 62 62 61 60 64 71 70 71 75 77 75 78 77
    73 71 71 67 73 72 73 66 69 61 60 61 61 62 62 63 65 65 63 69 70 64 66
    61 59 55 64 65 70 62 67 61 64 64 71 70 68 65 73 73 74 73 72 61 64 54
    55 52 55 51 57 55 58 58 58 61 66 74 70 75 77 78 72 76 73 71 70 70 64
    58 56 56 51 52 56 57 55 58 64 64 68 69 69 66 66 67 66 73 73 67 68 65
    55 58 64 57 58 64 57 57 58 62 58 64 61 61 51 51 47 46 45 53 53 55 55
    66 66 71 72 76 70 74 67 70 72 72 68 73 71 64 60 61 61 64 63 63 68 64
    57 55 60 58 67 72 81 77 70 60 59 60 52 52 57 54 45 47 56 55 57 65 67
    62 66 66 56 62 65 58 61 63 62 60 63 58 58 57 56 57 58 62 66 69 76 76
    74 67 65 54 50 40 47 44 50 56 65 56 65 56 53 54 63 57 67 72 68 65 67
    61 61 61 64 59 64 62 70 68 70 67 70 67 67 68 66 67 62 62 63 70 64 63
    59 54 47 46 44 47 40 39 49 52 57 68 64 55 58 51 52 57 68 68 69 71 78
    75 76 79 71 62 60 59 62 67 72 69 67 64 61 62 62 68 62 61 60 59 54 61
    64 62 64 65 65 60 71 69 75 68 72 62 65 60 63 63 63 62 69 72 71 69 66
    62 61 53 59 57 59 58 65 61 64 62 64 65 72 79 73 76 78 74 69 75 71 70
    70 70 62 61 63 68 64 67 64 63 56 57 64 67 70 77 77 71 70 73 65 68 67
    64 64 62 57 58 62 55 60 62 63 68 65 68 67 67 61 62 52 50 46 44 45 54
    55 57 58 67 67 67 68 71 65 64 59 63 67 63 63 69 63 59 58 62 61 67 64
    70 73 70 63 58 57 50 59 65 76 76 72 60 58 61 53 57 67 69 62 63 68 67
    66 68 70 68 66 64 57 59 61 55 57 59 62 57 58 57 54 54 53 61 57 61 62
    69 73 75 75 72 68 55 51 45 51 48 54 61 71 63 73 64 63 63 68 61 72 74
    72 70 72 63 60 61 66 58 63 62 65 61 65 64 68 63 66 64 60 56 56 53 57
    63 57 56 53 53 51 53 52 56 48 46 52 56 57 65 61 55 53 45 48 52 58 63
    66 66 73 75 76 79 71 62 55 54 55 59 65 65 60 64 62 65 68 74 68 69 70
    69 67 69 71 65 65 62 64 62 70 68 76 66 70 66 71 66 74 71 66 63 66 66
    61 60 58 56 56 50 56 54 53 53 58 56 59 63 63 69 74 80 75 77 79 77 76
    80 80 65 59 60 53 54 55 65 64 66 66 66 60 62 68 71 73 75 75 66 63 66
    57 56 55 55 53 57 57 60 60 54 57 59 60 61 60 63 61 59 56 57 50 51 49
    53 54 59 58 58 51 59 61 60 63 68 67 67 64 69 75 66 67 75 67 64 61 60
    60 61 56 66 75 68 66 64 64 49 57 60 69 68 71 62 61 62 59 62 70 72 69
    69 70 69 70 68 72 71 68 62 55 52 49 47 53 57 62 58 59 55 51 46 45 52
    56 59 66 74 76 76 80 79 72 62 57 49 55 57 64 68 72 64 69 65 64 66 64
    61 67 69 69 72 71 64 58 58 64 62 64 69 72 64 64 61 59 56 59 57 56 55
    56 56 62 67 67 62 59 58 55 55 58 61 52 50 53 50 52 60 56 52 53 43 46
    52 56 60 68 68 75 76 75 75 67 60 57 55 56 59 62 59 56 61 61 64 69 76
    73 69 71 72 70 66 69 64 66 64 66 68 72 67 70 66 66 65 64 64 68 65 61
    62 61 62 59 54 53 55 51 51 57 55 52 60 64 64 64 65 61 63 72 75 70 70
    70 65 72 78 77 67 60 63 55 58 57 60 62 64 63 66 62 60 70 74 73 77 79
    68 62 63 55 50 54 58 51 53 55 55 54 57 63 64 67 67 62 67 66 62 60 60
    51 52 51 55 56 59 57 57 53 63 63 62 69 74 69 67 66 66 66 60 66 69 63
    66 67 61 63 68 61 65 76 71 70 67 67 56 61 59 67 65 70 65 67 66 70 68
    73 68 68 64 70 65 70 67 69 62 64 58 57 53 54 52 56 57 60 61 63 59 52
    46 44 50 52 57 67 72 69 74 82 81 76 68 63 55 58 59 66 67 66 61 67 62
    65 71 67 62 65 62 64 64 65 58 57 51 63 60 68 75 78 69 66 62 60 60 59
    63 62 57 57 57 63 65 69 67 64 63 60 58 60 64 56 57 58 56 56 64 59 56
    57 50 52 55 58 63 71 70 75 77 74 72 66 62 55 55 59 64 69 68 65 67 63
    62 69 73 66 67 73 71 69 67 68 62 62 65 69 71 70 67 70 67 63 66 64 59
    62 62 61 67 68 71 70 62 63 66 56 57 64 57 54 62 68 65 70 68 67 68 76
    73 72 69 65 61 69 74 76 66 60 62 54 58 56 61 66 71 69 71 65 65 68 71
    74 78 78 73 66 65 59 53 55 58 53 54 57 57 55 58 57 56 59 63 58 65 64
    61 60 57 53 54 55 58 60 58 57 59 53 61 67 68 73 77 73 68 68 64 65 63
    68 68 61 65 62 51 52 61 55 62 73 74 77 73 73 64 70 63 69 66 71 67 68
    64 68 68 71 72 77 73 76 68 70 65 70 66 70 62 63 61 63 65 66 66 67 65
    63 63 54 48 44 47 47 51 61 65 66 73 81 81 78 70 66 58 63 63 71 66 67
    65 67 63 73 75 66 64 66 60 64 64 67 61 57 52 62 60 64 72 75 68 63 63
    59 57 54 61 56 52 56 62 66 68 74 71 65 61 63 61 59 64 60 59 57 60 61
    64 60 61 59 53 55 57 55 55 63 63 64 72 73 73 66 65 59 57 57 62 68 67
    64 68 68 64 68 73 69 70 73 67 68 64 61 63 69 74 78 84 77 70 69 68 60
    65 63 56 56 56 54 65 68 74 73 66 65 68 61 65 73 65 58 63 65 60 66 72
    72 73 82 81 75 68 66 62 68 72 79 60 59 63 57 60 55 57 60 66 64 67 64
    61 62 63 68 70 73 69 66 66 60 55 62 68 58 64 66 59 58 66 61 62 69 71
    64 70 71 64 63 64 58 58 60 64 67 64 64 66 58 59 67 67 71 74 74 67 63
    58 58 53 62 63 56 62 65 54 56 61 60 66 73 77 81 78 72 64 63 59 61 61
    69 70 71 64 72 71 71 73 83 79 79 73 76 67 70 70 72 63 67 65 68 66 69
    64 63 59 60 61 58 50 52 54 53 56 65 63 59 66 69 72 71 69 62 57 61 58
    65 65 67 66 70 72 80 79 70 69 65 57 68 66 68 66 62 54 63 57 57 63 65
    58 59 61 60 56 56 56 56 53 56 64 70 67 75 69 62 54 59 56 60 66 69 69
    68 72 71 70 66 68 67 58 60 65 61 57 66 67 67 74 76 72 66 68 58 53 55
    57 60 58 58 63 66 62 68 73 67 66 73 71 74 73 73 73 74 73 77 84 73 69
    68 64 57 61 59 55 57 57 59 65 71 69 68 61 64 65 62 66 73 70 61 69 70
    64 68 72 67 69 75 73 71 67 61 60 65 69 72 63 58 58 56 57 46 50 55 59
    63 67 65 63 59 53 58 59 61 63 65 63 59 56 61 67 62 68 65 57 53 58 54
    57 64 63 61 66 66 62 67 68 64 64 65 67 66 65 69 72 67 69 74 75 75 77
    78 72 64 64 59 55 60 61 53 57 59 47 51 54 57 61 68 69 73 73 69 67 68
    63 62 60 65 68 70 65 72 68 64 65 72 70 73 67 68 62 61 62 68 63 70 71
    68 67 65 56 56 59 63 67 70 61 62 61 59 62 72 65 58 63 64 66 68 72 62
    58 61 57 62 66 65 62 66 67 72 72 68 70 65 58 68 67 62 60 59 51 57 59
    63 70 74 71 71 70 69 64 59 62 61 56 57 63 68 67 77 74 71 59 58 56 57
    59 64 65 64 70 68 69 67 68 69 65 67 69 68 59 68 67 66 66 67 64 60 64
    57 54 56 58 54 58 62 62 67 66 66 68 63 58 65 62 62 61 63 66 69 72 77
    85 73 71 69 68 62 64 57 57 56 55 61 67 70 73 73 62 67 69 60 66 74 71
    63 72 70 65 66 67 62 64 71 67 67 67 60 59 66 70 69 73 67 67 64 62 50
    54 55 61 65 68 64 61 56 48 54 57 59 61 66 66 65 64 72 75 68 72 68 60
    58 67 59 63 69 71 65 70 72 65 68 68 68 66 68 68 69 65 71 74 72 72 74
    76 77 75 76 72 65 62 59 59 63 61 53 57 57 51 53 59 61 63 65 65 70 66
    64 66 67 63 63 56 60 62 63 58 65 59 62 60 66 69 76 70 71 67 65 66 68
    68 76 78 76 76 68 58 56 56 57 67 71 63 65 62 54 55 61 50 46 55 55 61
    69 74 66 64 66 58 61 62 63 57 66 63 70 69 73 73 70 61 71 68 65 61 60
    53 54 54 63 67 72 74 76 74 78 70 67 65 63 59 57 57 59 60 70 67 71 61
    62 58 60 59 67 68 67 73 72 68 65 68 72 69 72 76 75 63 67 69 64 65 69
    67 64 70 61 59 62 61 58 67 64 64 66 65 62 64 61 60 66 61 63 64 65 68
    70 73 78 83 72 70 68 63 59 58 56 56 56 55 60 66 69 74 70 66 69 70 63
    69 78 73 67 75 73 65 69 67 58 62 64 59 63 62 60 64 67 72 77 66 60 57
    60 58 50 60 63 65 64 66 60 61 57 57 59 61 58 61 67 67 67 67 69 72 69
    72 70 67 61 64 59 58 63 65 67 69 74 65 70 66 63 64 67 69 70 69 70 71
    70 66 69 71 71 66 68 68 64 63 62 66 65 64 58 57 53 50 48 51 56 57 55
    58 65 63 60 61 63 58 58 55 59 57 58 53 58 56 60 63 65 68 71 69 65 63
    62 67 70 75 84 84 76 77 66 56 55 56 55 67 69 62 66 60 53 55 60 50 47
    53 49 55 64 72 66 69 68 60 62 64 65 60 70 67 73 71 75 78 80 71 81 78
    69 63 62 55 55 56 63 65 71 72 79 74 77 69 70 62 64 62 63 59 63 62 71
    68 75 66 65 60 61 58 67 65 65 71 70 65 65 66 68 65 65 72 73 62 68 70
    67 66 71 70 72 75 69 67 66 60 54 61 59 62 71 70 62 66 66 59 62 64 67
    70 70 74 75 71 68 73 66 67 65 60 58 55 52 53 55 55 59 61 68 75 68 64
    67 70 66 74 80 76 68 70 68 67 68 65 59 63 61 60 62 63 59 62 65 69 71
    69 60 61 61 62 52 62 61 66 63 64 59 61 62 60 63 63 56 50 60 63 62 65
    74 74 71 74 70 65 62 67 64 64 69 67 66 67 77 64 70 66 65 62 68 70 73
    71 74 70 69 67 65 64 68 62 64 68 67 67 62 65 62 62 54 54 54 55 51 52
    55 56 52 53 62 59 56 56 57 52 56 50 56 54 59 54 63 56 64 60 59 66 71
    71 68 65 61 64 59 67 81 81 73 78 65 55 52 55 53 65 67 59 59 55 48 52
    55 46 40 47 40 51 60 76 72 81 74 67 61 59 56 49 64 63 70 73 86 87 87
    75 82 79 71 66 66 59 56 57 65 68 72 73 79 76 78 72 76 63 64 64 62 52
    56 58 65 64 75 71 70 66 70 65 75 70 68 67 63 55 55 58 64 64 64 77 81
    70 73 77 74 69 75 70 72 71 62 65 67 60 55 66 60 63 71 73 66 69 71 61
    65 68 67 68 72 72 71 69 64 66 61 61 61 53 55 54 53 58 64 59 63 62 64
    70 65 62 70 70 65 74 77 72 69 76 71 71 71 62 52 62 56 51 56 55 51 58
    62 70 76 64 52 54 57 59 50 66 66 70 69 68 64 65 63 59 58 59 51 47 56
    60 58 59 67 69 71 71 70 65 59 59 58 55 62 60 64 66 78 68 75 68 67 64
    67 70 68 65 68 68 71 76 74 72 71 63 60 65 64 68 64 68 62 63 55 51 47
    51 49 49 53 57 52 45 53 49 47 51 57 51 58 53 56 51 58 54 57 53 59 57
    50 58 67 67 62 61 57 58 51 62 78 77 66 74 60 50 50 57 58 71 72 66 64
    59 52 55 58 50 43 49 42 52 63 80 77 85 77 68 62 61 60 51 66 59 67 69
    83 85 87 76 82 80 68 65 62 55 53 59 70 77 82 85 86 81 80 72 72 63 59
    59 57 46 49 58 68 68 85 80 76 73 73 63 70 65 63 64 60 55 57 60 64 70
    70 79 80 67 69 70 65 59 68 64 70 74 66 67 71 62 56 71 70 68 76 79 70
    66 72 64 66 66 64 63 64 64 65 71 65 68 62 63 63 57 60 62 58 61 64 58
    57 59 56 69 63 64 75 77 69 82 82 70 66 71 64 67 65 59 49 57 50 46 53
    54 55 64 71 77 86</data></your_img>
</opencv_storage>
