<?xml version="1.0"?>
<opencv_storage>
<norm_v>9.9636087839697916e+02</norm_v>
<input type_id="opencv-matrix">
  <rows>256</rows>
  <cols>256</cols>
  <dt>u</dt>
  <data>
    160 119 23 120 232 95 0 0 160 119 23 120 232 95 0 0 30 73 61 110 75
    113 78 107 53 105 92 41 68 43 28 79 114 115 126 74 26 74 118 113 80
    27 59 2 25 81 17 30 10 69 91 64 120 73 24 107 14 84 35 115 61 58 47
    85 62 61 53 20 103 59 81 117 70 114 108 70 73 116 16 63 34 119 47 9
    106 91 119 107 26 114 47 56 51 100 73 9 13 4 88 37 55 26 108 112 73
    79 77 49 89 26 0 77 48 40 100 112 54 81 32 109 44 27 22 46 103 52 38
    70 111 85 126 47 69 82 117 53 12 12 38 16 11 78 12 36 104 77 52 60
    81 54 8 53 117 55 117 112 104 36 113 59 63 11 87 90 68 119 50 88 31
    119 10 4 75 99 82 2 116 5 3 64 4 119 56 9 37 74 101 27 102 84 95 52
    40 121 90 102 44 51 36 65 42 82 105 84 120 83 9 92 124 25 62 33 55
    71 66 96 22 109 107 4 11 2 122 10 93 123 17 118 85 69 70 42 107 60
    120 50 48 103 95 44 54 54 16 91 106 58 6 39 18 38 53 92 34 123 100
    110 72 20 111 67 63 37 69 18 91 114 82 58 11 120 47 58 103 19 88 45
    48 27 51 33 21 81 120 12 16 10 33 65 60 103 91 10 61 127 24 44 18 76
    51 41 63 52 29 124 8 109 0 6 115 50 79 20 62 46 6 101 87 90 52 9 109
    40 91 0 56 63 40 41 12 52 69 119 15 12 86 48 78 84 101 78 58 68 33
    66 106 1 72 90 47 70 14 41 95 56 116 114 62 28 45 39 9 3 32 11 121
    49 64 110 16 84 6 100 78 17 28 39 92 56 0 75 59 121 44 73 44 44 43
    118 24 22 64 103 45 59 66 68 1 16 125 116 69 100 30 17 16 79 61 47
    126 39 88 96 1 15 95 34 22 8 76 34 77 61 120 95 35 109 24 15 125 65
    44 119 23 122 20 5 86 16 110 9 86 79 85 123 65 30 115 97 113 77 107
    98 97 91 119 114 28 7 2 76 19 47 57 65 45 43 40 67 125 112 55 77 56
    116 50 47 4 83 47 124 107 90 52 34 79 50 100 118 2 10 72 11 121 92
    23 34 9 51 53 3 18 93 50 23 127 35 81 93 48 95 114 124 86 47 52 95
    15 87 48 12 111 116 68 78 106 5 40 94 12 102 35 125 46 90 77 2 26
    105 94 92 124 79 36 83 78 3 58 83 43 68 51 50 41 58 85 45 91 93 68
    24 22 69 83 6 85 68 56 124 93 102 40 76 64 108 38 8 55 38 28 72 69
    51 34 12 56 111 18 33 28 85 29 99 71 52 60 63 22 22 85 102 73 11 62
    17 108 34 78 40 20 124 41 120 36 101 73 113 123 117 15 94 122 106 37
    38 69 31 22 11 29 58 27 76 36 41 113 33 125 114 84 45 89 5 96 79 53
    40 45 112 22 66 10 56 36 111 116 73 85 101 86 82 15 80 58 97 2 48
    107 18 63 105 88 102 117 95 9 98 5 41 40 122 8 23 17 111 4 115 33 2
    69 20 121 30 44 109 83 43 17 77 0 66 14 111 31 76 2 2 27 75 10 75 86
    106 42 66 5 73 8 14 91 62 121 7 20 65 13 13 6 22 12 50 73 23 113 59
    88 11 12 101 41 13 73 13 70 10 5 28 26 12 126 64 40 90 94 40 61 22
    32 99 65 50 85 82 38 8 126 97 51 64 95 41 36 40 72 57 93 29 78 13
    117 104 45 22 49 108 11 39 88 45 11 62 43 59 29 78 14 65 65 84 121
    60 98 101 103 64 106 47 29 26 61 43 85 8 72 36 94 29 19 121 47 104
    29 99 33 95 28 49 109 47 70 82 10 89 94 32 66 3 121 42 74 97 57 83
    121 0 21 9 103 125 1 82 78 5 7 16 33 85 92 37 9 0 94 74 49 4 115 109
    123 73 32 91 81 22 67 88 58 46 58 82 6 26 57 114 119 92 35 64 63 109
    1 71 59 105 51 77 22 23 101 88 0 116 40 12 66 122 86 32 25 0 48 70
    52 116 113 97 109 84 86 108 41 77 119 14 99 37 115 109 15 108 10 28
    41 75 1 42 55 11 60 72 90 42 15 63 76 34 43 109 113 41 0 17 25 36
    102 115 107 17 18 45 110 25 100 113 41 51 55 70 111 61 74 112 39 97
    47 127 64 30 31 57 23 84 49 80 114 120 127 107 69 14 92 96 90 14 44
    114 24 58 47 103 45 77 10 71 70 92 20 19 82 90 20 105 124 52 30 7 28
    62 21 10 83 29 118 94 87 114 91 88 11 31 30 56 21 69 100 75 87 55 5
    99 38 33 86 104 2 98 92 86 61 101 95 49 39 12 30 45 94 86 11 41 108
    52 16 71 42 114 78 106 12 44 22 11 49 82 30 5 7 52 99 38 92 18 78
    115 66 108 53 32 98 64 29 112 1 73 22 111 77 35 50 127 86 114 30 92
    55 75 32 36 88 36 105 91 90 92 126 66 77 52 18 103 107 46 94 77 106
    42 5 102 56 11 55 107 53 123 47 100 45 4 80 121 61 126 120 101 94 51
    91 83 18 12 66 57 42 35 88 77 89 67 108 96 125 98 73 52 24 34 92 80
    116 71 23 114 36 27 37 103 35 118 16 89 55 84 27 105 112 92 37 6 16
    61 82 3 95 74 107 32 22 121 90 54 86 52 54 93 42 57 86 124 67 66 82
    80 3 112 102 83 64 24 119 92 77 54 90 69 53 88 72 20 90 52 13 54 76
    20 16 94 88 96 73 87 110 46 53 107 21 63 16 46 94 93 126 45 109 114
    121 9 8 73 111 71 104 22 113 108 39 100 19 47 40 24 21 122 51 13 122
    109 126 11 1 105 58 56 126 33 21 63 66 16 6 125 110 91 108 109 25 21
    24 8 45 65 51 70 20 27 111 91 95 115 74 88 40 9 72 83 111 2 34 19 90
    67 42 43 120 113 56 43 37 116 126 11 26 59 22 71 107 3 97 34 104 43
    18 69 63 58 9 70 52 87 94 110 87 2 112 0 76 38 87 28 47 87 36 125 11
    88 79 60 21 47 86 4 30 116 11 68 40 57 34 93 45 37 68 119 75 103 63
    105 119 23 58 72 5 107 53 111 74 71 112 20 56 48 1 95 78 16 112 10
    115 39 33 47 30 122 25 127 108 86 115 73 27 120 97 89 69 50 77 82 79
    5 61 77 68 25 80 63 56 55 40 86 16 53 22 4 15 99 44 67 60 8 4 4 89
    91 21 113 77 127 118 26 87 61 19 55 86 57 93 95 111 66 104 25 87 109
    14 18 112 89 23 104 34 98 69 3 79 45 19 109 126 93 24 53 13 68 4 41
    67 34 125 102 114 9 102 104 72 50 70 1 18 3 91 13 1 52 9 24 52 96 48
    7 74 92 96 65 71 20 121 11 75 74 34 111 1 97 121 99 18 28 22 50 9
    125 114 7 126 93 60 63 82 115 89 107 73 121 24 9 65 102 61 107 70
    110 20 108 54 55 69 124 126 104 71 28 37 34 104 23 44 87 3 91 22 26
    16 35 83 76 99 44 10 97 3 20 113 9 78 5 85 30 61 19 12 69 74 56 8
    116 99 65 111 35 80 58 35 84 20 118 25 102 47 110 39 22 2 30 89 38
    79 119 92 127 26 42 98 119 63 75 5 40 23 122 69 60 21 106 54 79 4 53
    25 30 18 115 127 118 4 85 79 26 119 95 48 15 55 84 108 77 28 5 93 23
    70 36 25 65 66 21 54 51 19 84 51 89 43 10 45 114 23 41 19 1 47 7 5
    121 106 118 58 39 77 33 36 105 73 114 125 90 0 8 38 120 56 63 6 86
    67 61 45 41 47 89 125 106 113 82 15 101 87 61 63 40 30 104 25 73 58
    106 97 90 123 29 89 112 89 73 103 23 116 31 95 9 16 118 80 122 29 69
    83 0 82 74 103 108 116 124 70 31 52 64 58 4 7 42 113 82 62 116 44 63
    93 20 27 122 108 19 17 22 94 52 123 117 109 56 52 70 116 113 73 124
    48 67 94 86 39 114 77 113 53 62 5 19 17 56 126 122 70 95 89 112 54
    54 116 45 20 60 10 109 46 60 66 58 88 59 16 95 106 61 88 18 25 76 37
    32 69 42 83 54 57 17 114 125 117 92 0 77 92 34 11 5 44 9 95 50 0 5
    119 31 66 59 109 45 103 36 70 117 3 0 87 26 9 87 1 52 23 48 46 31
    119 14 127 27 123 45 71 124 89 106 109 86 88 34 30 41 85 118 17 119
    10 95 109 42 16 26 116 49 92 124 127 8 63 121 70 14 74 84 99 104 91
    100 44 39 42 48 97 67 12 80 63 103 33 80 9 57 15 33 106 59 95 88 106
    63 92 109 40 104 4 15 7 49 46 104 95 61 58 123 19 127 10 11 84 63
    107 71 107 124 10 68 13 81 33 120 66 83 6 54 18 109 91 21 4 11 50 90
    52 86 31 97 59 28 37 37 59 6 99 102 86 85 77 37 17 127 116 16 81 98
    48 69 29 52 73 41 62 96 63 76 9 18 78 127 47 44 3 110 24 96 12 60 99
    122 110 67 88 104 61 33 120 120 121 90 58 90 74 44 11 40 74 61 118
    111 5 64 97 54 32 102 50 19 11 38 14 25 104 39 104 93 101 71 52 42 3
    92 22 34 121 89 30 48 18 21 67 41 28 71 124 87 122 78 65 71 75 35 20
    44 57 120 34 81 62 74 74 29 117 45 40 5 77 93 84 97 114 85 36 33 111
    96 103 95 127 20 73 28 113 4 95 32 5 127 120 73 105 39 18 50 108 48
    10 99 18 118 15 38 113 46 13 118 1 10 45 69 35 107 7 36 21 32 24 116
    18 77 16 63 84 54 111 28 90 3 46 31 58 7 108 30 107 56 92 89 42 114
    96 80 65 79 26 96 24 63 66 103 48 35 23 125 95 42 122 19 3 68 87 116
    117 28 82 7 34 83 78 89 38 23 127 1 116 19 95 13 85 77 91 118 110
    110 92 13 24 23 41 116 85 13 23 9 58 123 84 38 0 1 43 56 48 3 106 87
    41 120 120 4 21 101 7 98 31 19 6 26 1 40 87 47 113 98 92 46 68 5 55
    55 82 40 5 117 89 116 90 116 102 65 58 36 75 66 82 29 118 82 61 44
    103 77 70 95 115 9 64 53 63 6 89 116 43 115 4 67 88 82 80 29 85 67
    33 48 4 46 48 123 1 24 82 88 88 81 77 11 66 58 67 119 126 85 45 71
    39 58 52 46 37 102 92 51 84 40 88 50 121 119 36 14 41 120 102 28 124
    55 24 98 16 104 122 70 104 124 27 72 25 105 59 21 95 23 87 74 10 22
    105 36 89 2 100 69 98 80 11 3 47 22 116 48 124 98 84 27 70 111 7 108
    32 33 94 5 89 62 31 99 37 49 67 87 125 6 91 52 78 124 22 119 83 119
    11 97 105 52 32 110 21 0 74 94 82 109 46 49 122 58 10 96 64 81 12 20
    84 78 104 104 121 21 40 73 93 89 0 67 81 55 2 31 112 14 16 7 125 51
    87 44 68 125 63 17 116 70 90 111 123 127 12 60 121 14 15 82 44 3 81
    10 104 92 107 32 48 89 12 7 49 97 85 27 26 42 33 32 111 82 45 18 9
    13 114 122 1 103 8 7 72 87 33 78 104 83 55 52 62 67 120 88 87 66 75
    23 120 33 76 116 1 26 90 47 99 68 57 51 100 73 73 98 94 84 57 38 38
    72 112 10 66 54 6 38 33 5 72 92 68 10 125 38 45 127 51 24 99 57 54
    97 27 109 90 57 103 105 36 71 73 65 92 34 63 71 79 68 83 7 43 42 101
    111 123 93 115 63 118 105 111 50 82 10 80 12 77 8 52 26 119 48 38 5
    70 124 18 121 105 127 33 126 55 69 111 102 35 89 26 0 20 90 18 109
    90 109 14 108 47 124 69 1 64 62 28 34 54 107 37 25 70 49 101 72 58
    29 81 85 54 35 111 91 100 118 122 89 61 25 92 108 42 48 118 75 73 41
    40 31 1 87 77 28 74 3 34 58 126 127 15 35 121 62 105 6 84 67 94 122
    74 41 77 88 89 47 45 103 65 15 59 54 40 99 14 51 14 82 36 11 20 88
    72 19 51 62 30 4 52 3 46 73 5 100 32 113 107 9 40 95 111 30 66 80
    113 22 36 108 10 83 12 76 39 117 104 74 29 13 54 52 35 9 30 57 50 47
    37 82 76 34 54 124 76 55 62 91 54 114 73 116 125 6 106 55 72 46 91
    108 34 71 9 84 6 27 6 10 12 45 95 94 89 30 29 95 63 2 28 83 111 55
    106 86 42 74 127 117 32 64 101 17 97 72 17 15 20 114 56 63 41 74 91
    127 22 18 41 51 65 80 54 114 22 104 99 92 45 41 114 27 35 2 90 109
    38 34 14 30 2 77 38 69 73 27 9 0 34 10 36 9 32 97 108 89 116 93 57
    119 100 91 122 90 74 87 15 1 93 68 106 125 19 98 124 111 85 77 21 48
    99 25 64 106 37 8 38 19 12 54 102 53 87 39 6 30 72 60 65 52 19 78 2
    19 101 13 88 73 82 88 54 66 108 112 48 10 69 55 88 75 120 1 4 93 105
    97 114 66 31 83 100 48 10 0 82 12 84 60 63 69 26 33 12 27 116 115 41
    42 95 30 39 13 18 10 59 115 4 34 94 76 10 75 51 68 95 6 56 17 107 71
    123 82 123 84 119 104 14 88 72 78 71 78 37 91 74 124 83 37 70 42 113
    14 64 88 103 0 127 99 112 114 47 100 40 33 71 78 14 40 25 12 20 69
    10 65 71 31 18 11 94 59 93 91 91 42 78 40 46 23 14 109 122 1 104 38
    18 3 101 47 27 15 31 97 108 112 73 14 99 107 72 67 19 0 96 33 28 43
    56 82 10 20 59 71 73 107 63 20 14 111 46 85 103 52 92 114 33 33 113
    27 2 104 16 1 84 16 73 83 30 117 4 26 2 53 74 21 101 108 63 79 34 65
    1 53 26 65 120 8 68 66 126 17 102 22 3 107 36 120 10 104 113 58 1 44
    114 126 85 117 22 60 115 99 127 11 10 122 6 8 94 53 92 54 70 87 90
    83 72 119 9 81 9 122 44 109 59 46 12 33 50 62 61 119 55 95 76 108
    107 115 121 36 110 75 55 98 77 80 114 27 43 82 108 87 11 46 80 74 52
    66 108 113 111 96 50 112 29 40 66 51 14 47 41 40 37 4 117 84 51 84
    111 103 76 27 47 88 20 25 7 97 116 96 8 107 83 88 100 25 120 69 71
    88 74 84 35 70 47 108 76 92 113 122 103 25 114 47 80 114 93 126 92
    78 9 99 60 42 46 40 125 22 71 30 85 22 4 16 82 82 105 118 38 86 41
    28 118 109 76 48 80 18 92 35 118 66 53 95 79 46 78 61 106 62 11 11
    36 121 29 70 58 99 13 94 127 60 95 10 101 110 105 79 33 102 10 13 26
    94 40 34 96 41 49 119 16 0 75 118 107 83 121 28 40 58 56 74 59 83 36
    80 54 32 106 52 48 99 108 66 44 16 8 58 47 74 115 112 65 92 9 46 108
    119 107 81 85 24 112 58 22 74 127 23 110 18 54 31 77 4 70 118 107 46
    30 41 122 123 71 79 67 16 30 24 0 35 37 103 46 77 49 107 17 31 62 97
    46 73 104 36 105 105 52 7 17 17 22 7 23 77 83 33 27 64 111 24 66 24
    106 41 49 107 119 92 92 76 4 108 25 86 32 39 3 71 71 39 59 111 109
    32 85 111 101 72 67 25 51 62 67 105 71 100 91 26 114 65 10 109 26 85
    5 53 114 29 98 91 88 8 103 54 23 59 92 112 48 29 17 108 22 0 109 73
    117 122 45 99 94 78 37 110 51 84 51 39 6 8 106 109 25 21 109 86 45 4
    2 48 22 32 25 76 30 71 123 16 97 20 53 124 6 3 32 13 74 115 41 62 25
    52 119 94 10 115 13 49 113 12 53 39 69 88 66 67 125 108 94 45 99 46
    69 3 97 73 5 17 41 103 113 96 64 93 29 28 72 84 81 22 19 94 19 62 92
    35 16 16 57 109 118 59 76 30 73 104 27 43 34 121 90 68 76 81 93 45 3
    35 18 64 99 46 43 85 10 58 67 73 57 41 27 44 8 16 69 52 81 65 68 79
    59 89 57 96 56 50 84 48 74 77 110 30 76 125 19 93 112 76 110 118 101
    11 3 63 22 97 11 93 52 122 125 122 102 35 83 78 116 82 83 105 108 80
    64 78 11 89 1 94 108 105 19 20 100 77 16 83 21 42 73 62 71 114 38 90
    33 57 22 57 117 11 1 49 120 91 31 55 50 63 34 63 76 121 54 8 12 34
    21 27 65 102 105 117 82 75 112 75 117 33 46 120 0 55 1 6 117 105 124
    100 80 89 15 124 117 121 119 122 42 53 105 85 72 51 100 116 17 11
    120 34 58 54 32 99 98 22 67 80 117 83 37 20 118 12 0 27 66 96 102 57
    59 0 43 65 20 51 120 76 108 1 22 91 125 51 86 116 102 62 15 34 67 82
    37 7 35 0 105 126 56 77 4 85 99 126 5 106 113 17 24 111 5 16 79 6 85
    52 17 85 89 14 114 56 81 53 106 24 73 123 113 11 108 77 13 24 126 15
    39 127 32 40 94 64 97 100 18 26 88 23 5 43 71 55 47 116 25 84 23 125
    74 71 92 68 54 79 125 48 2 113 72 16 23 59 62 102 28 107 109 22 98
    61 55 16 55 10 103 77 27 51 115 11 92 109 41 37 99 127 120 46 15 61
    12 111 32 35 41 110 18 112 18 25 76 69 108 12 120 74 12 88 27 20 119
    77 73 116 42 84 54 76 54 90 118 115 0 31 10 98 81 39 43 107 26 113
    100 99 47 80 0 93 100 84 121 27 117 104 44 52 38 120 49 11 106 79 92
    91 96 28 20 93 12 100 123 111 10 16 62 98 31 61 51 23 44 5 90 70 5
    80 45 89 52 98 1 28 85 31 31 35 79 126 105 67 84 7 73 73 43 41 58 9
    31 82 123 29 80 37 121 107 16 87 21 10 123 47 86 26 78 78 28 15 63
    88 32 42 65 122 66 70 100 41 62 97 55 104 122 70 43 85 15 16 44 42
    22 113 109 84 96 46 127 12 103 19 55 3 18 105 80 38 72 60 3 11 99 58
    2 59 115 27 85 119 110 80 123 43 86 122 81 51 36 99 83 74 114 106 56
    35 124 67 81 105 21 120 39 57 12 25 76 123 63 2 59 100 84 88 107 110
    116 60 83 77 60 13 69 23 37 77 49 124 20 27 33 44 4 27 58 5 28 30 53
    51 104 105 123 57 80 74 113 92 10 69 69 13 7 107 83 118 9 25 89 9 87
    17 30 43 104 68 123 19 22 95 81 91 32 119 120 35 83 116 51 34 8 81
    117 20 10 69 100 74 78 122 59 11 95 4 43 56 122 112 82 26 82 89 84
    126 84 52 11 68 21 51 126 107 111 30 119 90 23 125 43 43 95 56 40 64
    30 21 106 60 124 70 109 25 30 65 110 15 43 77 7 113 19 28 121 18 57
    82 127 127 49 72 100 98 108 127 35 89 24 101 84 48 21 54 115 83 11
    67 15 40 39 69 35 112 62 46 48 121 48 8 95 61 33 102 7 109 118 3 34
    69 40 112 32 19 54 11 7 25 68 119 114 93 37 75 57 106 110 65 10 53
    27 2 73 81 77 51 64 127 71 62 27 88 49 55 0 22 64 33 122 6 90 80 51
    69 123 123 125 8 11 65 61 0 10 67 29 18 49 94 72 108 103 72 46 11
    117 20 40 88 114 87 65 10 93 41 27 26 23 61 127 87 119 95 45 6 3 99
    40 50 73 54 111 44 57 97 113 7 17 57 82 24 84 77 74 70 53 46 16 122
    122 96 84 125 65 15 80 11 111 33 10 31 99 54 29 32 97 105 89 75 105
    51 20 94 37 4 71 118 57 87 104 109 123 58 39 61 79 5 3 10 63 6 102
    38 106 39 74 47 35 101 44 100 106 90 30 47 122 122 18 60 91 42 0 81
    25 27 9 14 25 71 86 95 103 116 113 124 54 103 16 84 17 86 91 28 87
    82 45 102 107 124 6 98 114 18 118 36 46 124 92 37 42 95 29 29 90 31
    36 113 9 3 61 57 48 60 47 16 71 82 35 63 19 108 93 55 17 112 14 89
    97 43 125 39 41 90 97 115 107 63 95 3 58 61 45 0 69 64 79 23 3 44 27
    111 60 63 63 122 66 126 110 87 55 48 18 75 26 83 50 40 20 84 26 16
    58 112 66 40 32 32 3 80 5 114 118 100 10 58 10 111 92 64 57 41 2 84
    67 117 68 90 72 52 26 72 4 91 26 101 43 13 119 125 15 55 20 9 79 7
    21 109 59 70 102 115 98 113 37 14 91 31 7 33 54 100 90 69 32 92 31
    122 56 87 40 117 102 96 39 8 96 122 39 2 1 67 5 0 85 108 38 87 90 7
    35 96 35 22 126 33 4 121 37 28 105 9 7 124 115 112 48 98 119 17 24
    80 84 66 4 54 111 11 123 15 38 97 30 97 2 38 31 9 14 88 23 65 52 119
    97 87 121 80 110 12 4 47 16 124 23 10 48 102 13 98 21 27 69 101 93
    11 105 20 63 18 68 86 106 58 80 108 31 57 36 69 110 66 42 58 2 46 71
    23 119 28 78 55 90 86 112 116 6 38 12 36 25 45 98 83 65 81 6 91 69
    17 61 24 79 55 33 33 103 127 34 17 56 44 28 123 11 44 76 61 33 97 70
    112 102 6 100 102 122 95 50 75 77 37 52 2 52 125 38 29 118 12 96 105
    74 77 5 109 2 116 34 29 70 60 12 10 126 4 123 55 8 17 25 14 99 43 85
    106 51 23 118 7 64 37 95 123 30 19 28 1 6 18 57 115 56 50 18 115 119
    64 65 21 2 126 38 65 81 98 44 71 55 55 11 0 7 44 89 44 47 123 102 81
    23 90 54 83 113 93 64 39 67 82 119 79 38 50 11 66 30 62 11 126 66 16
    53 49 22 99 7 50 7 74 10 83 29 73 118 58 34 76 101 63 48 81 35 48 67
    48 12 71 70 13 80 43 79 74 126 123 108 107 60 38 65 6 105 3 69 24
    110 51 12 102 30 28 79 81 22 75 127 66 2 54 74 34 48 74 112 41 103
    124 86 68 92 92 50 80 2 9 74 10 20 65 40 47 90 62 117 114 50 106 17
    5 125 103 16 38 88 79 114 106 38 18 56 127 122 27 74 12 46 46 101 23
    31 62 45 50 6 59 77 124 113 97 121 68 102 106 101 59 21 119 110 30
    34 86 35 122 74 61 49 43 72 124 70 123 53 55 103 18 1 122 40 44 61 9
    45 67 113 107 119 52 29 72 43 23 12 104 105 74 110 100 119 28 78 0
    64 9 91 94 107 91 50 97 93 28 40 127 1 13 91 11 22 110 66 79 116 119
    74 13 76 2 52 3 36 110 57 75 76 25 31 68 21 73 83 119 3 24 58 122 68
    120 46 34 1 59 58 107 90 94 77 111 121 120 89 101 91 53 33 43 80 89
    60 96 81 116 8 62 118 72 13 44 21 84 87 57 89 100 38 4 60 85 33 63
    29 119 99 75 39 29 32 92 43 59 64 115 22 88 84 30 105 7 86 91 27 66
    44 85 10 23 3 104 106 104 58 34 76 35 110 6 15 38 43 22 0 70 43 75
    99 88 15 28 23 106 59 79 117 123 106 103 107 90 8 117 84 126 59 108
    2 25 83 41 47 5 42 97 51 110 105 53 67 102 3 114 32 118 71 43 113 40
    27 42 123 85 118 64 38 67 72 88 43 11 90 80 125 59 35 47 115 73 15 6
    57 73 53 32 24 56 4 118 68 95 27 108 99 115 18 24 105 51 6 79 110 18
    74 114 50 85 61 56 22 5 27 110 99 62 74 39 61 127 123 62 29 9 114 98
    40 127 80 1 16 127 113 52 29 117 72 54 113 62 78 101 101 23 66 67 25
    44 89 89 13 14 110 3 14 49 20 71 54 126 94 13 108 70 83 54 27 2 53
    117 74 92 6 17 78 29 5 73 59 98 14 71 53 103 49 13 63 14 79 88 10 94
    50 56 81 47 18 4 7 98 38 85 69 42 75 109 89 59 3 8 49 29 123 126 109
    53 36 13 96 79 13 60 0 14 21 24 29 37 74 20 4 89 15 22 86 14 84 90
    57 65 94 117 62 103 60 123 7 52 46 105 39 18 67 3 2 78 12 87 33 113
    31 28 49 85 39 19 69 101 38 77 113 47 9 79 82 11 115 15 0 36 104 110
    98 92 24 2 61 90 92 73 84 110 98 53 28 9 84 43 48 15 19 63 37 75 114
    60 64 83 75 34 79 48 0 52 59 11 21 126 22 30 61 92 87 119 88 28 101
    86 118 81 80 88 4 86 21 51 56 102 84 33 57 23 33 10 111 40 62 65 28
    99 84 78 30 45 73 38 102 52 124 19 81 125 5 74 53 3 52 60 66 96 20
    97 75 74 122 88 19 124 59 65 91 50 122 37 65 34 60 81 5 85 69 69 60
    77 60 69 49 10 96 60 125 27 58 10 92 99 58 38 26 68 72 102 67 16 115
    91 68 51 71 43 60 28 92 93 103 45 96 125 41 116 49 102 71 77 42 19
    35 44 28 75 14 124 93 43 75 38 109 106 8 122 52 24 119 41 64 62 115
    25 122 119 54 41 72 124 40 93 25 74 79 73 96 94 116 43 58 20 94 48
    41 103 8 22 21 54 8 2 86 89 118 29 11 58 127 88 123 119 54 108 101 6
    25 79 119 15 98 74 108 20 127 13 105 22 19 76 6 28 124 85 100 89 107
    90 92 52 114 94 24 51 39 49 78 81 126 19 86 42 97 16 18 55 61 60 72
    108 51 101 35 76 54 27 69 51 108 23 10 43 25 119 108 74 78 119 4 93
    54 117 96 103 18 110 18 90 0 126 21 12 9 74 63 111 125 48 59 109 51
    28 101 63 125 12 38 36 56 118 18 58 71 67 107 16 111 85 126 50 116
    92 55 41 60 124 27 118 123 27 43 57 75 34 24 74 120 102 75 96 85 117
    70 125 56 37 13 108 122 126 44 103 45 55 117 39 69 54 60 14 67 82 52
    49 59 75 70 15 58 64 69 116 118 82 87 53 39 92 73 60 91 73 116 21 6
    41 69 117 8 127 90 7 66 51 85 66 120 84 38 81 74 75 55 30 94 27 0
    105 58 69 38 60 18 111 50 18 17 65 51 109 8 22 0 85 84 38 20 16 4 29
    58 62 23 42 17 123 97 67 41 35 7 108 6 6 110 28 10 92 14 46 110 73 5
    30 29 85 87 61 5 101 47 79 95 48 83 123 96 92 112 84 71 97 5 24 71
    85 74 11 38 36 74 62 24 55 78 9 114 91 75 35 45 64 25 85 88 71 72 65
    113 48 105 111 46 67 122 92 91 20 61 101 0 83 84 23 112 49 97 112 11
    54 30 108 92 6 104 124 7 121 3 98 78 48 109 49 22 101 0 22 39 47 73
    48 48 116 93 122 17 66 84 46 15 124 46 26 118 20 59 15 42 14 34 100
    100 81 32 33 96 85 68 47 90 125 32 8 84 81 11 52 92 87 22 7 35 41 22
    10 94 61 25 87 46 83 30 99 93 95 61 114 11 77 108 84 110 33 49 95
    113 0 22 117 106 56 115 33 73 50 17 93 82 74 36 125 39 81 27 55 52
    50 2 110 49 45 65 71 69 21 116 30 22 3 39 9 77 32 46 88 116 52 31 14
    110 31 102 9 98 49 58 86 62 103 53 1 35 96 21 80 26 84 126 27 17 5
    49 61 94 44 14 125 30 90 92 52 6 8 114 70 38 62 111 81 24 63 92 51
    52 77 92 73 112 5 49 79 99 28 106 74 82 126 71 34 27 93 123 74 72 88
    108 38 1 12 109 41 73 115 105 18 41 66 4 95 87 39 55 31 113 7 60 122
    41 43 3 62 44 23 35 74 31 38 103 3 127 5 111 105 110 101 37 38 13 73
    45 0 55 19 103 91 29 111 41 118 42 47 14 62 82 41 91 84 4 106 106 21
    102 21 71 19 69 45 34 56 1 73 90 68 33 64 39 17 127 122 10 125 15 75
    39 46 58 14 83 21 126 127 119 112 96 119 94 112 77 25 97 11 50 104
    26 63 122 26 70 73 30 112 98 9 104 14 90 51 85 24 123 0 32 26 65 115
    110 113 33 78 8 47 3 29 126 121 39 120 126 66 97 93 30 109 5 41 87
    84 89 47 38 39 103 18 126 1 38 18 39 97 102 109 14 6 22 109 74 108
    114 20 51 4 42 31 74 25 65 120 96 60 18 2 71 88 125 22 64 103 36 16
    98 99 106 106 100 88 120 66 58 41 43 48 112 102 124 86 55 59 100 14
    21 126 55 1 112 107 98 60 70 68 121 42 1 10 30 5 117 119 25 105 89
    24 14 56 82 52 118 100 36 32 53 124 94 98 27 93 16 29 2 24 97 57 39
    68 114 94 96 52 51 83 19 115 77 30 24 90 3 96 4 113 63 21 108 44 106
    28 96 10 85 33 53 13 49 121 114 87 8 31 11 89 5 119 48 4 40 56 27 98
    27 75 93 17 24 9 120 73 17 117 32 120 107 31 124 126 49 125 40 22
    113 104 103 103 55 125 57 72 71 117 43 47 88 66 61 48 122 103 114 89
    124 83 101 14 94 103 80 98 59 61 49 125 72 34 21 8 96 6 97 75 124 42
    88 62 52 119 82 55 79 62 69 86 16 46 101 106 6 110 14 23 30 81 16 98
    55 122 112 96 43 39 127 79 44 124 60 33 90 109 30 77 64 56 118 125
    66 4 108 114 83 72 124 4 83 102 102 4 83 113 42 51 24 30 78 103 21
    58 54 24 47 86 17 31 113 18 63 100 94 13 53 19 5 108 22 54 115 105 2
    127 101 80 33 43 37 23 101 50 109 0 38 22 91 48 89 42 57 46 42 69
    108 109 66 119 121 89 92 69 51 43 39 83 17 94 89 78 79 77 102 94 32
    13 1 63 4 126 9 38 38 68 79 73 79 24 44 63 121 112 39 79 17 16 68 31
    33 39 125 104 96 23 119 105 55 121 113 110 99 125 34 107 72 66 104
    53 110 48 113 18 42 117 30 41 17 59 92 44 104 94 33 61 73 111 66 67
    126 92 50 122 103 123 42 42 24 78 54 53 119 67 107 86 110 16 38 113
    0 47 91 69 101 7 18 116 69 12 76 106 51 94 69 19 14 50 96 19 6 119
    64 27 9 34 112 39 21 56 0 59 88 11 105 75 34 76 92 85 87 14 10 124
    104 114 68 16 65 113 103 124 57 59 105 95 3 100 94 84 122 66 32 95
    37 23 83 69 103 37 63 15 82 112 1 67 101 61 20 80 58 16 94 96 5 32
    19 113 116 44 6 61 78 64 79 35 57 68 85 42 102 15 77 18 12 35 85 29
    59 77 16 100 19 73 77 73 100 65 2 59 105 17 95 13 8 102 29 0 69 51
    96 21 109 46 50 54 52 65 24 77 119 93 40 55 114 19 23 36 102 78 72
    100 41 30 89 32 91 58 27 114 9 108 102 87 16 34 65 63 83 18 13 13 94
    19 14 88 44 6 10 20 35 96 35 80 54 36 64 38 69 4 127 83 91 122 96 16
    115 2 19 54 58 23 22 95 14 114 42 90 74 1 10 105 59 83 95 35 117 96
    70 77 9 67 82 24 53 58 106 115 74 124 123 120 14 122 54 80 33 73 73
    102 42 18 40 28 78 28 106 69 25 97 55 15 125 109 50 25 76 85 117 71
    8 34 2 2 37 109 52 30 83 36 1 74 12 73 78 74 17 108 10 69 71 90 66
    101 10 78 32 49 122 114 56 49 9 109 62 72 52 82 98 5 75 1 78 111 42
    117 12 80 71 37 98 126 81 127 125 88 36 71 29 74 19 1 111 107 15 76
    107 20 52 8 123 36 36 106 19 121 67 123 46 17 97 30 99 15 26 28 85
    17 75 45 34 60 83 58 115 65 25 124 76 76 71 85 30 71 43 19 65 62 106
    17 82 94 2 119 50 61 31 77 36 33 70 42 56 74 4 57 22 22 38 65 127 32
    60 65 32 13 6 56 118 32 63 34 48 116 3 118 108 87 19 48 126 21 98 18
    44 6 97 48 124 120 2 64 102 33 30 106 24 52 26 95 95 73 44 118 24 41
    53 103 120 94 74 57 80 71 64 52 55 117 6 79 118 100 27 54 116 20 105
    43 53 55 3 114 9 55 83 32 14 76 33 118 38 34 52 54 47 55 69 109 61
    115 80 7 70 47 51 122 86 119 58 56 39 63 30 41 23 56 54 92 31 49 88
    1 48 63 2 82 84 127 122 109 98 109 57 48 95 18 79 93 119 7 86 117 0
    4 4 83 81 62 28 53 37 52 35 34 6 44 65 84 85 110 120 23 109 0 81 32
    42 66 102 101 46 108 61 25 78 96 1 80 113 3 74 81 28 123 78 15 69 28
    23 127 77 23 41 66 63 16 0 109 112 1 14 17 3 60 121 90 69 33 5 73 89
    121 122 12 5 86 26 85 57 62 113 50 36 52 55 62 18 89 60 90 3 0 53 39
    1 73 35 21 95 75 23 95 108 76 64 125 61 93 95 67 8 86 97 52 81 50 4
    11 90 14 16 107 41 42 57 125 50 94 14 124 79 107 111 79 127 14 60 76
    99 105 111 107 74 118 23 14 42 27 91 112 114 10 66 43 36 24 82 78 49
    45 85 73 77 39 6 7 113 78 77 78 52 124 47 23 41 11 62 47 52 4 85 26
    57 101 96 81 59 51 75 125 45 86 51 61 2 82 12 55 54 42 42 119 51 52
    32 95 97 83 99 44 55 56 15 31 56 77 101 98 104 32 110 52 121 120 93
    114 82 70 88 46 45 4 94 77 46 65 31 73 101 18 69 86 22 90 55 109 100
    31 101 72 41 12 28 119 30 14 100 29 29 113 65 6 114 4 21 69 51 98 73
    98 105 87 125 14 3 18 90 90 16 124 71 120 7 118 110 51 27 16 39 84
    71 108 71 108 97 47 11 53 40 20 114 11 57 58 13 43 97 38 41 99 26
    124 17 93 47 81 59 0 94 89 56 111 2 15 67 94 49 42 100 43 30 6 51 90
    81 107 109 126 65 29 127 70 120 72 54 97 104 35 38 32 60 66 11 91 46
    3 26 113 116 97 16 1 23 49 95 119 97 36 59 36 16 54 56 127 61 49 95
    119 111 42 122 125 114 124 111 50 44 20 7 59 59 125 116 0 13 42 66
    117 74 34 51 109 102 73 3 110 91 48 35 14 89 33 84 71 38 38 29 26 51
    85 110 121 10 98 84 56 97 115 13 78 36 87 86 42 2 124 63 86 63 63 50
    95 103 126 48 64 34 50 21 53 94 22 80 74 125 102 103 85 39 6 86 61
    25 68 85 109 8 48 30 66 49 87 16 89 117 47 89 26 55 77 26 93 68 53
    126 103 68 4 8 48 91 95 68 28 90 15 10 11 71 36 21 4 96 95 62 108
    127 42 58 35 49 124 109 73 56 126 1 101 10 121 13 110 60 64 15 126
    49 85 12 95 123 95 59 22 73 116 83 10 97 108 115 106 25 84 115 38 51
    78 8 108 111 86 2 60 32 61 74 71 98 100 81 20 0 96 68 100 121 115 82
    98 37 122 94 62 40 3 54 12 102 61 76 83 101 126 75 98 14 40 21 77 80
    68 53 47 70 80 29 44 74 54 2 106 108 15 23 103 125 62 62 73 24 118
    111 71 33 89 37 32 112 8 83 22 42 105 107 78 94 81 94 114 118 45 116
    79 105 79 97 18 122 31 5 106 119 11 89 83 65 0 79 78 79 66 87 66 51
    67 63 23 91 78 92 66 87 76 10 117 95 26 43 101 44 94 116 103 31 124
    101 57 26 52 32 75 61 57 120 79 125 82 3 43 38 53 90 45 17 117 68
    105 55 95 24 9 33 100 20 9 57 41 118 20 102 85 8 18 15 126 112 2 120
    68 4 93 28 73 6 101 122 15 114 37 85 100 31 24 12 52 116 19 90 60 35
    58 65 49 104 34 39 28 47 23 94 72 94 22 3 64 104 76 70 45 111 43 114
    69 93 14 118 65 44 87 22 63 48 36 22 63 91 107 126 94 73 16 3 101 5
    59 3 60 127 92 84 41 71 101 40 117 114 122 76 65 121 53 87 113 15 81
    84 116 82 4 111 51 46 52 80 52 6 106 35 91 25 106 51 93 91 79 13 51
    12 45 0 95 126 107 99 51 18 111 49 86 97 122 82 19 98 11 55 97 72 53
    8 97 4 3 10 51 7 73 80 121 99 101 23 64 4 101 114 48 59 40 89 64 65
    5 38 61 16 123 54 53 55 125 42 123 119 25 56 10 19 98 24 105 77 65
    77 106 73 117 39 77 17 21 110 71 9 89 115 0 33 124 65 83 54 115 35
    78 5 66 73 16 16 80 97 95 31 34 31 82 117 2 36 11 65 122 123 112 51
    15 24 93 80 78 40 89 22 124 0 87 85 75 124 66 84 9 23 124 14 62 88
    77 62 97 56 115 50 31 103 100 55 53 87 43 56 73 7 90 24 60 26 105 43
    26 122 83 35 24 22 25 12 111 66 47 126 28 3 58 84 60 71 90 69 93 55
    36 25 98 102 36 29 76 6 31 110 103 83 109 49 94 32 121 10 123 67 84
    40 42 85 38 73 39 80 19 76 99 40 26 90 97 13 116 100 49 52 37 12 127
    31 104 47 14 9 122 67 38 19 1 109 23 49 87 117 25 41 92 21 21 107
    111 114 51 91 42 7 16 65 67 13 40 9 44 16 75 121 77 9 50 9 64 4 32
    63 6 88 47 105 44 25 57 84 39 4 71 23 16 27 75 44 70 123 8 2 23 83 4
    122 82 10 20 95 77 81 98 104 111 57 14 66 3 21 33 119 34 107 82 66
    111 23 91 88 62 59 60 58 57 105 51 16 42 16 96 121 122 53 67 111 38
    21 89 64 92 46 103 107 28 112 27 97 41 19 19 8 62 11 10 44 114 23 37
    23 13 116 103 82 36 11 94 19 40 0 113 50 43 5 76 89 72 120 22 2 69
    107 53 44 95 73 65 71 19 30 72 74 38 14 102 3 72 33 83 45 120 11 70
    12 12 24 45 6 98 21 103 69 28 114 102 76 6 90 8 99 44 45 89 13 35 54
    30 60 57 93 93 111 94 13 92 37 39 97 100 84 20 82 2 23 114 106 105
    126 17 99 119 8 35 20 20 33 27 20 23 19 73 99 23 6 97 54 122 33 17
    82 75 66 127 41 37 35 88 111 37 57 102 70 102 48 2 110 15 30 121 67
    64 122 107 35 35 18 94 26 20 80 75 28 5 33 99 105 69 102 32 40 7 115
    43 34 89 55 112 92 87 88 36 26 24 3 61 116 69 53 87 112 76 34 53 6
    54 93 72 105 126 45 92 127 62 50 125 102 111 69 20 89 41 113 10 37
    114 38 73 17 26 92 51 0 120 125 104 74 82 60 80 118 118 8 103 56 71
    77 49 18 70 66 49 27 96 105 108 77 29 99 26 120 89 71 19 44 115 6
    104 13 27 34 53 102 23 94 104 35 14 89 65 71 101 100 115 79 16 68 27
    95 82 111 12 111 32 6 113 91 83 121 115 54 21 73 39 23 40 115 119
    120 73 99 44 51 106 89 14 120 93 67 85 37 108 93 98 96 8 117 22 93
    107 78 23 110 60 113 39 58 37 45 48 65 38 79 9 43 108 76 96 35 35 9
    29 61 127 65 49 100 31 37 27 37 39 115 52 126 10 66 72 117 45 1 57
    34 8 47 83 7 11 115 101 9 127 123 16 57 48 48 114 52 87 92 90 73 47
    44 29 5 31 112 62 119 72 97 104 40 62 72 58 59 46 66 122 38 43 51
    113 118 64 24 26 81 113 79 1 95 84 37 63 60 113 61 106 7 58 76 37
    104 30 74 25 73 24 108 56 116 58 26 76 1 6 8 68 53 13 83 49 0 61 90
    101 80 13 114 18 89 73 46 126 74 44 72 120 72 33 91 126 81 116 70 24
    105 15 46 68 3 120 40 74 24 44 38 96 7 50 88 102 20 114 69 70 97 74
    76 12 22 78 24 83 14 4 46 88 83 99 8 75 60 95 44 91 40 37 77 103 80
    28 81 59 19 13 31 61 102 58 115 67 33 21 39 115 34 61 12 87 24 23 76
    58 121 19 57 124 23 9 95 68 90 82 10 9 42 54 87 60 26 70 25 80 107
    52 7 67 108 58 20 122 5 59 114 89 127 20 23 31 91 111 39 96 113 107
    120 124 77 105 127 88 20 52 43 8 48 61 68 95 63 7 97 78 95 87 127
    120 63 46 83 109 65 52 78 28 55 85 124 104 24 17 34 83 30 65 43 70
    76 108 3 12 120 102 116 122 68 88 13 33 18 2 67 127 72 39 102 116 15
    127 110 116 6 93 32 1 21 5 62 53 8 19 39 96 110 103 24 2 67 14 95 98
    39 87 16 39 120 13 86 41 17 16 41 59 98 126 58 114 7 118 118 121 126
    21 100 126 7 103 53 24 82 82 4 87 51 71 36 97 41 97 20 102 49 85 46
    20 98 29 27 35 14 115 77 57 64 94 1 56 97 74 4 114 57 79 110 57 37
    88 37 14 70 38 115 59 74 67 116 121 27 37 31 127 114 25 51 19 95 104
    78 94 2 64 17 126 78 98 122 32 19 110 66 10 122 91 86 108 8 65 58 15
    61 80 68 106 74 18 44 73 39 84 68 79 1 43 73 123 42 95 31 40 37 11
    10 66 102 72 13 1 110 8 72 10 33 53 0 56 123 124 114 122 48 85 1 98
    80 63 63 23 6 38 78 77 33 85 70 4 117 14 66 74 81 33 74 2 90 87 6 81
    104 30 23 111 19 29 83 81 93 98 105 3 13 72 53 27 15 121 19 125 6 98
    38 92 98 27 45 17 52 19 80 36 78 84 56 94 3 2 54 105 25 35 3 114 16
    22 127 108 51 118 48 21 112 31 126 44 83 87 51 6 18 54 10 73 86 10
    101 63 34 31 112 46 64 40 20 36 107 65 62 69 23 106 61 80 20 80 92
    60 8 85 74 113 117 78 0 105 94 0 47 114 13 73 111 97 63 98 92 42 34
    112 51 119 87 84 109 58 82 127 52 40 108 66 63 94 63 125 89 114 123
    13 121 123 55 53 21 11 73 98 81 45 64 41 7 95 102 104 114 127 24 121
    29 71 40 103 43 90 86 127 49 82 88 27 76 14 23 2 106 121 74 113 74
    55 44 30 75 39 83 50 98 42 118 49 6 99 13 94 39 27 19 84 30 102 17
    47 89 29 102 52 19 51 99 94 100 89 25 62 1 66 51 44 60 51 31 50 86
    27 69 105 21 39 41 13 9 46 47 27 15 21 63 99 84 69 127 104 108 51
    127 61 84 66 100 119 2 40 18 52 4 84 20 125 93 28 95 0 33 18 47 37
    114 102 38 55 47 54 86 71 94 42 20 9 71 81 46 64 29 56 32 57 25 43
    90 7 2 99 92 51 20 33 37 67 30 90 121 103 42 4 55 42 45 104 61 35 38
    57 50 8 93 117 49 66 56 91 40 106 78 51 114 47 107 12 117 81 40 90
    56 13 63 90 7 65 31 14 36 90 58 63 15 60 103 123 8 118 118 33 113 96
    100 103 17 89 75 125 108 18 122 125 36 1 42 93 87 1 116 85 53 71 32
    124 71 114 98 42 107 62 1 77 84 74 32 92 125 86 121 12 44 111 73 85
    80 122 78 116 8 38 98 76 29 108 124 33 92 14 97 32 56 23 40 108 84
    109 7 109 125 17 63 78 78 54 55 65 72 70 108 67 106 94 11 113 39 21
    13 48 86 10 23 127 91 13 68 102 109 49 21 56 2 89 32 44 18 1 98 28
    68 101 36 0 71 57 87 0 20 28 39 36 20 64 112 115 69 51 38 106 100 85
    11 109 7 76 7 37 74 72 84 81 87 82 16 53 67 88 19 88 106 84 6 100 45
    40 3 89 27 122 60 69 6 33 89 67 100 45 43 110 22 77 122 26 48 33 12
    94 55 55 30 111 71 120 123 22 125 12 12 110 1 56 51 3 73 123 30 25
    120 38 20 9 40 68 10 123 3 55 3 82 69 61 42 44 35 45 122 75 102 75
    93 55 71 17 75 54 82 102 107 23 66 44 52 66 49 29 76 77 62 56 41 14
    45 89 52 94 125 83 8 41 76 122 6 110 66 101 15 95 86 123 50 117 54
    38 127 37 12 113 96 29 105 50 113 53 92 116 99 70 22 0 89 49 123 104
    47 36 6 72 50 105 31 60 56 7 42 20 22 70 58 33 81 65 122 43 24 96
    126 65 27 65 91 29 17 38 28 51 95 9 21 81 74 7 99 85 3 91 6 107 26 1
    77 100 85 97 25 21 86 58 81 2 47 90 13 101 105 22 50 88 93 33 20 111
    1 114 53 68 123 119 30 76 0 60 33 101 127 80 77 96 21 35 38 7 67 92
    24 100 119 11 41 116 68 16 52 5 124 20 47 40 109 127 8 71 92 94 11
    93 114 98 22 83 77 46 11 12 59 41 125 70 50 62 63 87 68 25 92 0 59
    89 89 59 54 24 99 46 31 21 69 64 0 3 75 66 6 70 10 66 100 80 99 11
    40 112 107 99 124 50 21 6 60 113 25 47 37 125 64 77 28 7 99 107 67
    85 103 40 107 67 38 12 45 108 53 90 79 48 71 113 114 56 1 56 74 109
    67 112 64 64 6 62 107 22 10 97 22 94 97 102 54 120 52 1 5 96 23 36
    57 116 31 18 35 79 96 121 104 103 46 29 2 24 25 67 45 58 91 100 34
    25 51 93 123 17 60 52 101 80 70 75 48 110 84 117 46 36 110 120 8 89
    0 55 65 59 95 6 35 109 45 39 76 84 28 48 41 23 56 118 85 30 100 104
    80 91 82 14 64 45 63 98 65 94 81 75 59 117 97 119 125 47 83 82 62 43
    91 116 17 117 45 109 3 126 97 48 33 71 34 113 73 72 125 86 40 101 6
    117 1 53 71 40 15 65 125 22 65 29 110 48 55 44 107 63 4 73 73 118 5
    105 26 66 16 31 48 107 112 90 115 98 102 124 124 29 23 36 91 56 39
    10 23 6 84 54 24 90 117 10 5 44 58 65 51 9 39 67 52 76 56 112 40 58
    108 86 72 67 51 88 107 13 94 53 58 26 11 91 11 72 25 54 124 2 10 117
    22 12 80 103 56 121 86 107 103 81 84 28 117 0 104 69 113 23 47 35
    123 45 0 27 104 76 124 81 114 92 79 27 108 27 58 93 96 49 64 50 48
    36 119 28 64 60 99 30 49 46 9 54 70 5 60 34 92 93 30 89 56 93 82 24
    66 108 37 121 61 53 85 5 8 66 53 108 109 59 97 88 99 0 54 83 65 55
    37 75 51 82 3 103 95 24 13 16 85 60 8 111 47 54 112 98 69 117 55 52
    2 84 116 15 13 103 77 24 86 95 43 102 85 32 125 119 50 64 3 113 34
    119 115 46 88 16 56 75 105 39 50 22 11 102 22 120 64 35 50 103 41 97
    24 46 54 28 125 91 18 59 26 3 106 112 31 23 60 102 29 63 64 46 0 104
    2 75 11 18 74 79 111 15 39 108 89 24 88 40 51 29 81 99 95 104 115 30
    16 33 60 14 24 119 76 102 23 3 93 42 47 29 80 9 33 26 47 57 24 9 107
    47 19 105 14 120 110 6 13 6 48 123 51 53 121 80 34 116 126 27 80 13
    119 29 126 64 43 67 40 18 7 6 94 7 103 31 122 40 127 37 13 11 106 3
    1 110 121 29 96 19 120 92 107 108 96 114 124 38 77 115 12 79 84 16
    120 5 82 97 80 86 47 45 71 19 27 79 51 102 122 97 107 13 71 85 82 57
    79 40 95 5 31 20 90 94 97 74 85 42 33 48 35 105 99 95 41 103 41 116
    36 28 59 50 30 23 3 43 102 52 44 7 30 117 26 96 68 102 42 23 109 56
    88 11 12 125 96 110 87 77 75 98 23 121 2 2 2 28 56 29 120 25 73 0 65
    75 46 101 85 44 0 116 62 6 97 91 75 78 18 34 103 77 16 96 46 7 44 85
    16 39 42 43 95 43 30 62 110 16 49 45 22 106 70 102 113 96 58 34 48 2
    66 32 106 99 62 16 125 5 22 86 117 54 80 3 74 42 41 10 76 126 57 57
    27 57 86 91 99 96 104 36 95 95 110 111 0 74 50 77 92 62 112 57 57 42
    32 29 77 66 81 25 56 57 2 111 53 97 11 31 126 110 62 3 61 19 26 114
    43 78 66 15 5 95 49 61 73 90 5 101 108 19 59 80 72 10 119 69 102 123
    87 43 111 27 108 74 127 76 0 119 16 117 85 2 84 4 118 28 117 81 89
    97 113 78 19 119 115 106 2 19 110 127 44 109 48 44 7 46 83 9 9 97 85
    31 32 42 85 54 53 80 46 39 88 22 14 58 49 120 92 83 82 124 64 100 38
    0 110 84 70 85 57 45 25 95 80 14 54 80 16 28 45 108 10 89 39 52 85
    112 86 117 15 75 1 82 20 61 94 66 6 46 67 114 106 5 103 2 23 20 51 7
    27 56 115 27 44 7 6 112 44 100 20 52 47 33 127 85 92 58 95 28 112 1
    41 17 37 115 87 126 72 24 81 50 19 107 125 94 2 95 25 113 91 20 44 8
    70 49 37 123 40 93 91 123 50 29 91 74 109 61 23 91 105 95 73 96 94 7
    34 127 9 66 5 48 90 34 107 124 88 33 52 78 86 110 110 72 113 64 28
    127 86 110 46 122 111 31 57 77 30 52 80 9 101 106 91 43 72 110 112
    109 116 19 123 115 18 116 33 98 85 109 23 54 118 88 74 124 87 46 82
    58 71 92 13 60 37 66 110 15 46 2 91 74 81 79 74 62 112 127 33 34 62
    97 51 16 115 41 125 81 64 14 14 61 123 59 84 34 53 86 26 67 6 68 84
    44 85 77 118 64 78 86 64 34 81 59 75 21 124 32 38 27 15 101 109 82
    17 22 4 53 5 0 116 10 55 1 46 81 66 71 117 70 27 122 75 2 49 74 89
    22 120 41 41 117 73 16 16 90 27 115 82 2 34 3 8 104 8 111 117 1 63
    19 97 39 78 94 85 122 76 36 47 54 46 126 90 11 43 123 81 67 75 59 8
    84 120 109 51 78 119 18 94 37 59 109 32 21 73 125 121 97 31 97 39 29
    85 73 95 44 18 63 119 102 124 102 38 113 68 38 36 47 79 47 75 6 75
    28 20 81 96 32 74 72 25 115 96 20 40 97 62 63 1 12 62 7 76 18 82 21
    89 38 47 95 83 88 114 1 109 76 11 108 56 22 90 45 110 52 42 60 9 27
    47 37 32 36 45 18 12 83 124 83 78 116 90 20 97 81 41 75 73 0 100 83
    65 46 122 125 48 124 54 113 71 93 91 88 106 29 55 19 95 88 108 6 6
    120 25 32 122 15 29 127 106 7 70 4 27 22 25 107 64 48 81 4 55 20 112
    10 42 67 112 55 124 57 34 113 125 95 124 85 20 93 111 21 120 60 123
    29 16 44 85 38 30 61 18 4 34 126 102 117 25 64 29 109 32 40 32 89 15
    109 40 11 39 100 91 71 117 28 92 71 85 66 110 83 75 11 51 87 75 10
    58 23 79 31 99 96 10 22 68 57 8 81 110 43 70 60 114 101 93 44 30 37
    1 119 24 3 82 43 13 76 7 44 20 95 61 86 22 12 123 92 15 124 92 28
    124 114 71 105 112 42 17 43 73 101 105 78 12 76 36 84 46 65 127 21
    112 90 72 29 84 18 54 45 93 88 101 90 79 122 97 109 62 17 85 109 55
    42 81 99 21 102 13 90 34 5 26 6 92 37 99 124 2 97 92 11 74 109 114
    68 32 100 76 90 95 18 121 41 21 127 107 3 26 82 95 40 12 108 85 5 58
    101 10 61 51 26 50 87 91 28 117 94 49 12 121 118 117 25 107 22 84 41
    7 44 71 8 95 117 104 58 22 4 0 33 15 114 30 86 85 39 78 120 33 112 7
    24 121 69 29 117 118 41 27 3 66 109 6 104 116 50 15 4 97 112 7 106
    30 78 51 91 58 111 60 101 118 11 27 108 5 45 56 105 29 123 120 70 67
    127 124 39 2 98 52 74 72 46 90 88 96 118 61 113 76 79 72 73 66 49 2
    28 97 118 62 99 99 104 17 94 3 73 115 124 103 43 55 99 27 83 20 33
    21 105 26 67 84 113 60 124 87 61 28 100 82 49 2 74 75 77 33 2 125
    122 28 16 122 59 106 95 48 70 112 100 94 115 95 43 71 122 95 117 127
    16 13 66 40 29 23 94 38 112 101 23 115 118 62 9 85 78 105 78 49 91
    74 35 49 30 105 4 85 103 65 127 87 38 86 64 37 35 52 93 0 100 108 43
    29 35 124 100 28 5 76 85 58 79 121 84 62 23 126 107 11 36 105 93 49
    27 29 63 10 35 125 13 108 16 81 78 122 26 91 64 109 84 99 58 58 41
    121 36 99 85 14 91 114 87 107 36 109 115 19 18 76 125 87 126 68 108
    54 77 36 48 58 20 63 68 32 5 20 53 102 71 40 40 60 24 15 87 114 29
    48 44 115 102 62 88 116 6 58 19 23 10 15 34 17 20 108 41 113 93 99
    23 39 110 122 123 66 69 117 65 44 109 14 49 81 106 104 14 71 108 5
    21 87 4 4 108 120 22 61 48 48 34 43 78 88 55 30 80 106 85 15 49 1 12
    101 96 59 123 100 120 73 2 20 31 90 25 19 7 0 45 119 98 31 4 29 45
    103 27 83 108 82 127 11 13 33 58 63 117 84 57 6 119 4 51 103 119 75
    64 0 70 63 47 76 104 17 105 29 118 8 78 31 102 39 98 25 35 2 39 20
    57 78 52 25 8 51 47 20 4 28 126 40 90 42 114 101 49 116 97 14 110
    102 2 127 3 4 111 12 101 100 107 125 72 59 28 44 50 101 16 70 6 61
    127 67 8 112 51 65 123 36 24 81 89 42 93 126 30 10 19 27 34 11 74 68
    107 105 118 71 108 62 115 34 70 73 41 94 54 59 72 112 79 52 35 43 38
    100 30 64 127 100 30 23 21 124 41 78 71 66 45 21 30 59 88 92 104 81
    85 108 119 92 117 18 60 55 47 68 71 109 127 104 30 38 117 125 35 9
    59 97 123 68 111 20 27 30 95 57 96 23 77 48 59 52 112 89 59 0 34 51
    31 98 0 5 99 7 46 105 24 97 47 66 25 58 3 73 26 90 27 3 9 30 106 114
    19 29 28 29 61 83 77 78 87 74 42 119 119 84 62 102 94 111 30 67 18
    11 55 95 8 4 36 16 25 75 113 78 43 34 120 116 68 32 14 99 18 102 53
    77 24 118 44 76 43 11 75 66 127 127 50 82 22 84 82 28 111 98 40 100
    54 96 62 50 67 17 69 69 61 38 108 15 3 38 100 85 107 96 123 7 98 37
    16 4 26 56 123 66 102 96 89 70 17 47 4 62 117 59 101 14 7 76 46 13 9
    116 22 72 26 34 118 40 41 74 55 31 15 91 87 94 74 70 23 56 57 85 78
    63 16 106 113 93 24 22 23 117 64 93 77 93 53 18 46 16 7 71 18 118 84
    108 57 51 26 117 105 49 31 71 76 60 11 119 35 15 115 112 106 29 20
    29 82 68 107 119 60 94 25 126 37 15 32 2 122 8 76 35 40 79 38 49 82
    21 42 25 84 83 58 37 56 92 20 51 1 77 41 71 115 96 45 15 109 12 1 9
    65 12 3 120 3 124 17 104 92 75 66 102 107 59 1 8 93 90 1 122 73 75
    38 88 17 94 7 40 113 76 7 52 41 14 70 101 21 19 23 69 72 33 122 89
    81 28 18 62 47 98 97 106 19 63 85 95 40 30 15 60 93 34 44 108 31 115
    81 55 99 43 108 63 119 66 39 76 39 60 57 95 91 36 63 91 110 71 112
    18 92 78 97 60 16 43 63 115 87 26 82 23 17 58 98 47 59 117 51 43 21
    122 111 70 117 20 83 64 87 72 92 69 17 19 2 108 32 49 7 32 36 13 22
    39 41 7 124 73 24 126 54 120 5 45 15 6 100 64 5 77 53 96 23 72 9 105
    94 97 8 102 59 67 116 43 97 41 83 12 116 0 67 122 11 34 120 88 36 73
    81 8 41 16 28 125 100 32 77 19 91 31 46 60 47 5 11 89 41 22 15 24
    100 115 74 104 102 114 24 54 112 92 109 114 91 81 42 101 105 33 126
    30 23 112 74 79 80 89 73 126 103 125 22 21 43 95 79 87 45 123 34 20
    95 58 106 0 126 13 83 99 97 64 95 97 57 19 83 10 6 78 79 121 71 108
    115 21 79 67 83 41 80 1 93 79 33 52 52 45 90 98 25 91 118 106 57 65
    124 113 124 59 88 95 89 12 37 56 84 124 70 67 17 39 41 99 22 12 90
    113 82 20 99 101 114 127 120 87 16 66 89 51 26 95 33 111 38 16 66 8
    82 43 118 74 30 19 60 92 2 67 89 24 103 63 35 96 1 111 86 98 5 81
    121 60 39 42 41 110 72 112 124 109 51 3 1 83 59 7 54 15 96 30 107 60
    111 106 78 86 53 38 110 66 95 9 33 95 4 72 108 106 125 56 113 48 73
    108 104 51 47 85 9 30 115 96 62 47 63 83 43 107 42 112 5 63 106 83
    120 62 5 31 45 35 30 0 95 42 34 88 91 31 109 115 109 40 18 56 65 7
    75 80 89 106 76 66 53 67 92 91 67 97 9 94 70 58 65 33 88 14 77 41
    125 35 114 86 105 62 44 37 54 86 35 116 87 85 68 48 38 121 106 89 70
    65 79 44 59 58 24 107 125 115 117 102 79 82 93 92 56 64 19 0 83 71
    60 123 102 45 112 71 59 78 48 77 44 105 15 92 70 57 19 87 12 62 60
    100 0 114 14 16 100 70 12 124 110 54 47 123 50 28 14 27 119 94 91 13
    57 52 77 33 18 12 94 108 90 29 67 116 103 18 85 82 43 44 35 90 76 39
    96 117 72 81 16 109 42 12 56 65 29 57 29 77 113 99 27 53 73 51 115
    56 75 56 104 72 82 121 41 87 107 8 14 127 35 124 89 18 29 117 8 19
    36 56 99 81 27 38 26 38 42 6 33 18 110 17 17 85 31 4 42 89 107 21 45
    108 84 76 115 105 127 35 105 98 15 78 88 43 112 72 19 16 0 29 124 20
    90 33 116 26 21 28 18 107 40 22 127 11 87 3 48 57 76 13 90 37 123
    103 36 56 31 102 10 10 85 68 116 79 99 62 76 99 102 7 9 35 107 79 73
    126 27 103 97 34 26 24 27 87 121 122 26 38 39 53 64 108 36 20 105 44
    16 60 112 114 127 32 57 84 65 72 88 37 70 36 20 97 56 93 66 45 45 43
    98 75 9 68 35 122 32 99 6 89 54 40 23 114 89 0 51 40 22 62 93 89 109
    121 44 71 113 11 77 71 12 12 98 30 25 103 26 40 44 97 36 119 32 3 87
    106 37 14 32 7 57 32 32 12 65 67 84 50 86 104 68 116 5 14 43 77 18
    10 25 23 92 44 89 33 64 106 91 10 78 16 113 44 40 17 35 51 97 99 71
    0 111 3 51 110 104 69 109 26 56 80 53 55 42 44 8 15 121 123 27 80
    119 111 82 29 91 34 103 11 93 70 32 18 102 23 29 123 108 106 121 47
    50 77 45 50 72 58 123 78 126 64 13 78 46 10 18 108 108 126 88 102 38
    62 90 11 121 94 72 87 63 13 115 4 16 80 19 101 127 22 78 117 51 8 33
    55 99 60 67 80 118 106 78 83 6 109 72 10 19 81 114 47 69 53 124 43
    10 98 36 52 53 29 68 50 40 75 20 58 53 8 72 90 120 14 48 73 29 105
    46 75 33 76 46 33 82 116 115 80 43 82 94 44 6 28 64 3 55 120 124 126
    43 45 38 112 52 79 99 9 64 25 65 102 26 101 92 65 91 4 113 98 56 95
    0 53 110 56 25 118 66 54 75 58 122 30 80 76 53 70 121 22 44 13 11 44
    70 20 37 119 114 24 58 40 111 119 7 66 1 3 110 11 86 103 87 116 122
    3 64 79 9 126 6 40 112 38 11 28 14 3 50 59 49 104 116 50 22 82 108
    83 40 25 82 12 35 12 95 28 54 73 23 74 65 14 87 113 87 30 115 126 45
    12 40 31 103 53 119 69 58 109 99 17 12 51 16 18 119 71 97 88 15 127
    115 88 64 4 57 97 55 52 100 58 105 34 34 89 11 124 76 54 34 66 74 92
    0 101 0 116 97 14 95 4 79 127 66 19 107 76 4 15 41 95 8 106 50 75 20
    47 58 85 36 53 114 15 78 124 53 43 29 45 122 66 14 126 115 88 59 126
    120 21 67 94 29 26 89 40 31 97 64 23 44 19 84 99 36 99 23 9 111 40
    65 95 116 5 82 33 59 122 12 53 38 77 22 66 2 32 31 53 17 29 45 100
    51 36 97 78 126 42 46 119 101 6 60 83 25 60 94 86 87 101 69 36 57 76
    70 30 30 55 113 44 43 7 31 117 114 55 92 123 120 2 3 79 115 15 90 15
    50 19 32 64 33 30 94 37 76 57 116 78 25 97 112 124 108 127 97 17 98
    13 8 40 24 41 123 42 3 76 68 31 126 67 27 105 45 21 26 114 53 79 98
    95 33 28 41 3 35 109 106 97 113 109 64 19 87 127 62 30 89 77 117 42
    108 47 15 49 13 70 101 15 75 77 118 123 125 13 103 0 67 6 63 118 4
    55 118 66 27 53 43 40 40 3 3 102 97 54 62 80 14 85 114 18 66 127 25
    65 118 40 41 8 118 4 108 64 23 56 28 12 90 91 12 51 1 108 9 74 111
    51 103 120 17 23 95 98 25 118 100 83 68 71 90 20 45 59 80 107 104
    103 115 116 93 94 72 123 20 105 79 47 47 121 53 66 127 62 5 72 34 69
    6 37 52 99 43 29 16 89 67 15 7 62 25 76 54 71 0 13 43 17 30 67 117
    110 51 127 44 75 26 40 78 22 103 10 45 16 106 25 62 127 69 117 88 74
    116 32 3 30 121 91 3 93 89 116 16 102 98 68 114 99 101 21 33 109 31
    9 41 39 78 28 53 18 34 56 48 114 19 30 62 27 74 126 118 88 11 24 25
    88 76 21 27 91 38 11 68 8 35 110 92 46 79 35 39 102 18 117 70 42 66
    15 36 54 79 88 66 63 2 41 2 107 59 112 117 109 35 111 116 4 9 17 100
    91 106 60 44 100 113 12 0 66 103 37 95 3 81 78 3 42 35 21 67 90 109
    120 87 91 42 99 123 41 1 69 53 121 91 52 15 63 3 92 124 40 26 71 121
    40 66 33 0 83 40 121 13 104 57 2 105 121 75 32 4 127 106 63 118 26
    26 28 10 60 27 93 83 39 30 62 87 99 52 2 120 79 64 1 125 106 107 114
    126 55 86 85 126 30 28 38 60 100 121 19 95 30 7 64 53 88 78 11 85 81
    123 45 26 99 89 47 96 89 35 75 69 69 73 99 8 66 47 8 10 98 83 74 67
    125 22 48 2 46 56 100 49 118 114 98 54 1 66 88 121 45 82 43 27 121
    41 105 54 126 32 118 118 52 125 37 105 58 18 47 112 76 75 59 41 83
    11 63 113 13 3 14 72 1 25 11 35 0 108 107 95 30 39 35 31 88 35 10 15
    94 127 60 101 12 45 119 3 58 46 47 81 24 66 48 80 10 72 21 85 39 22
    5 66 124 87 52 108 107 119 60 45 77 61 31 54 21 42 15 44 3 14 0 3 91
    110 99 90 109 72 93 83 75 79 33 78 35 105 100 25 59 66 39 5 50 45 27
    16 115 13 5 88 45 85 2 75 22 34 75 5 20 40 74 117 40 6 33 41 49 55
    65 77 60 99 86 35 95 99 37 118 19 48 55 86 29 4 25 102 86 84 1 111
    77 45 87 127 26 78 9 16 117 99 20 75 90 30 76 87 27 122 87 105 114
    17 116 49 92 101 29 32 86 102 22 19 7 80 111 43 1 20 40 125 25 15 71
    115 90 99 61 96 58 22 119 104 44 102 121 90 79 15 53 120 68 117 71
    87 13 16 34 96 35 29 96 127 34 44 50 99 24 2 106 14 111 56 44 52 62
    59 37 57 42 62 91 37 109 95 96 40 57 82 83 18 52 65 110 92 99 106 72
    97 26 72 41 20 86 56 60 68 1 67 45 2 113 62 74 114 0 88 19 6 49 122
    57 80 120 22 111 108 66 10 44 104 85 58 97 21 98 27 79 56 46 38 94
    94 97 119 90 73 37 100 66 51 111 87 42 110 5 89 2 29 20 103 101 81
    83 110 49 90 12 2 69 33 26 71 52 22 13 61 78 97 93 68 59 20 122 33 1
    54 62 59 111 40 2 71 24 71 78 35 106 87 82 92 15 119 88 72 63 20 55
    55 20 118 67 63 1 0 63 57 55 56 47 125 114 94 115 23 120 53 26 43 38
    21 42 117 21 58 43 94 80 125 60 27 36 43 6 120 90 38 8 125 21 77 81
    80 43 24 98 98 37 9 70 98 102 96 21 5 71 4 4 17 8 69 91 68 88 0 60
    123 13 53 62 111 27 16 115 32 72 97 66 4 26 65 103 93 19 66 94 123
    127 71 77 107 24 26 96 121 87 61 127 27 69 49 82 79 49 47 26 20 16
    64 100 125 97 41 82 88 90 24 73 91 47 92 67 42 92 99 52 21 33 79 75
    41 113 118 54 71 69 38 118 66 22 100 15 83 106 116 39 100 10 53 80
    83 81 26 108 53 37 92 68 89 7 125 105 123 55 56 99 51 80 9 33 23 16
    69 101 42 57 29 7 108 42 31 10 88 31 76 91 63 39 103 83 46 91 63 102
    78 59 16 126 38 45 28 94 52 28 121 25 80 37 4 83 105 40 41 69 16 97
    15 25 40 126 90 100 51 51 73 106 73 60 6 88 21 85 72 115 2 30 14 51
    99 21 39 12 124 61 71 117 24 16 46 60 8 36 77 4 92 88 19 116 39 10
    19 57 23 18 80 80 5 95 69 58 31 21 22 89 49 18 93 73 103 79 116 118
    60 95 62 102 91 27 11 82 14 77 42 72 60 80 16 0 87 101 58 16 44 35
    66 11 7 123 68 18 75 122 101 125 44 87 68 72 127 25 28 111 98 6 107
    119 18 20 84 23 110 48 107 110 26 86 64 8 89 52 74 49 9 86 61 96 101
    32 82 65 117 95 11 44 15 54 53 4 7 9 57 16 43 66 7 108 18 78 125 40
    21 28 97 21 116 33 26 2 62 91 15 51 96 124 42 117 49 50 10 1 1 48
    120 68 73 54 36 35 66 14 18 88 95 51 92 78 43 57 96 53 116 21 111 81
    62 33 118 48 43 9 50 32 57 30 56 102 50 70 29 126 71 101 101 125 119
    81 0 76 113 75 7 24 34 97 116 26 55 75 20 21 32 55 98 43 69 26 29 5
    95 52 85 109 76 67 28 77 42 115 123 61 118 8 70 23 5 108 88 67 84 25
    84 120 107 110 10 22 119 121 86 4 3 117 48 126 63 69 54 95 20 120 22
    93 15 69 48 29 43 33 41 49 119 63 31 93 109 58 9 111 34 104 71 17
    122 120 103 103 26 45 54 16 46 45 113 25 106 95 60 29 28 95 89 14 78
    70 58 20 86 7 19 67 88 82 124 95 3 28 57 97 13 8 55 39 81 116 14 93
    47 21 38 42 101 44 47 74 65 32 111 49 87 124 112 55 26 101 88 109 57
    52 103 91 53 79 0 72 12 102 35 62 85 23 113 110 10 119 79 126 9 113
    99 48 20 39 81 13 26 20 82 56 44 102 125 118 0 69 118 28 96 35 53
    121 85 28 0 74 51 42 65 7 107 26 73 15 30 44 61 46 94 63 72 35 44 37
    78 93 90 77 116 69 90 33 26 122 71 75 61 91 14 14 99 59 122 106 63
    47 96 51 21 29 124 21 68 86 53 4 48 56 3 122 50 125 112 122 98 64 19
    44 74 48 0 105 13 17 34 110 38 127 109 47 48 19 75 9 116 34 95 29 81
    111 106 111 82 77 67 42 118 105 69 66 18 24 41 9 55 9 33 14 63 54
    119 8 125 45 123 16 93 83 18 107 4 84 41 62 117 25 29 125 42 43 13 1
    15 61 16 60 45 103 75 2 119 86 75 36 43 4 22 62 7 117 95 67 113 26
    102 93 92 20 122 89 120 110 16 3 51 82 78 109 93 24 95 52 83 90 4 83
    2 60 6 19 96 101 35 81 121 39 73 14 46 100 57 73 98 60 91 36 117 42
    42 72 71 106 25 14 56 4 43 23 12 19 113 6 77 33 6 52 26 9 30 83 101
    64 59 33 2 18 77 101 6 23 49 70 7 22 9 77 38 83 119 30 16 35 122 104
    5 87 2 96 68 51 105 80 95 123 119 127 123 93 64 19 41 8 65 26 20 121
    25 44 42 23 97 120 68 117 42 105 17 111 30 106 56 54 124 61 80 8 1
    110 1 86 71 79 52 24 115 65 73 27 40 96 22 50 99 68 47 115 57 91 12
    2 77 29 82 67 83 103 48 8 46 123 60 69 43 86 94 1 101 16 8 74 88 18
    4 5 115 21 82 76 53 4 97 67 96 47 116 86 123 122 36 11 11 113 24 1
    44 96 43 8 97 14 20 5 125 116 112 26 56 69 64 73 112 93 100 57 23 19
    119 111 78 25 15 106 19 28 96 7 78 118 80 81 114 9 89 123 87 58 46 4
    0 89 17 74 48 107 39 60 90 55 110 92 85 62 85 119 36 18 125 95 69 20
    77 54 80 21 14 77 98 21 121 58 14 17 88 75 78 87 47 0 21 48 12 70 31
    26 10 28 105 90 49 108 15 121 109 25 125 65 97 52 34 21 88 23 43 127
    24 34 42 86 8 125 59 104 12 88 4 8 16 54 95 42 29 52 39 107 80 127
    31 62 87 30 97 115 1 63 95 48 37 32 51 39 89 32 17 112 46 11 75 42 6
    94 91 106 28 0 61 108 29 74 117 17 64 125 87 72 106 22 8 12 3 63 14
    101 76 66 39 61 111 27 123 97 103 93 40 106 28 96 23 22 52 121 32
    102 16 40 50 34 44 50 67 76 104 41 50 54 98 112 0 63 69 3 124 59 45
    9 5 120 22 78 37 105 61 72 39 86 127 18 114 83 112 56 104 72 43 102
    49 114 0 3 65 84 111 64 38 112 35 101 106 102 77 32 67 16 28 24 14
    43 96 120 59 23 8 64 60 49 17 44 115 35 100 40 20 110 94 106 0 8 89
    79 56 64 57 24 48 66 29 17 63 109 43 16 61 3 39 100 45 0 78 69 16 83
    28 4 1 121 127 4 99 50 52 13 79 92 118 92 39 31 68 0 116 87 120 38
    25 7 115 113 99 44 46 7 118 65 41 1 61 51 114 36 6 84 111 124 50 67
    91 47 22 112 33 19 61 10 46 96 20 36 8 21 15 93 22 73 4 85 19 55 103
    60 127 101 23 65 103 33 122 84 73 112 94 24 19 7 31 33 53 86 96 4
    101 85 25 105 120 79 78 107 124 51 62 101 110 1 102 54 43 29 104 90
    55 14 51 12 82 45 46 88 66 123 13 65 17 100 114 96 68 124 59 121 66
    47 118 98 78 36 96 51 125 121 41 51 73 67 79 103 48 98 86 86 40 63
    92 6 119 0 74 47 49 75 33 95 95 77 1 15 40 19 80 91 118 127 15 65 9
    24 24 12 86 65 91 71 61 37 62 53 93 30 59 67 21 15 67 102 125 114
    108 57 20 74 15 82 30 25 126 35 67 82 26 102 91 63 95 116 107 17 28
    9 54 73 53 105 6 50 59 106 70 14 36 21 14 102 44 54 62 49 83 43 45 5
    58 109 82 104 91 65 114 46 48 13 71 34 75 116 94 111 74 47 46 22 125
    12 3 74 69 61 93 4 127 123 68 19 33 125 24 77 55 67 43 2 93 103 81
    64 9 20 82 40 103 67 96 2 92 36 102 88 54 40 26 5 48 1 107 45 16 4 7
    42 4 14 116 57 106 25 82 78 88 112 118 42 97 121 96 126 4 79 93 59
    101 19 97 97 17 27 8 75 0 73 106 70 20 26 119 108 56 121 62 124 108
    119 25 79 51 51 66 29 50 45 117 45 88 26 60 116 68 80 75 102 64 16
    28 85 16 3 38 99 6 95 63 34 106 103 93 33 96 57 61 77 85 78 51 30
    122 94 84 64 17 14 86 80 87 127 46 56 123 54 50 103 121 89 25 85 69
    124 112 70 63 123 15 124 72 27 74 76 80 65 37 50 79 93 5 109 67 1
    126 50 39 84 62 80 74 112 9 112 2 18 114 89 88 120 10 108 64 2 88 43
    26 105 120 94 63 34 76 42 26 112 43 54 103 37 119 94 118 109 44 21
    50 62 103 61 26 12 108 37 115 117 40 69 118 36 73 35 108 45 48 100
    81 35 117 76 100 43 82 83 6 70 66 17 94 124 71 119 31 93 102 55 19
    28 37 115 48 80 52 100 113 71 7 7 19 72 0 6 40 20 92 8 125 84 41 44
    127 13 90 118 98 111 35 74 44 29 37 6 57 45 70 0 82 27 5 33 101 11 7
    14 31 64 10 12 110 0 68 25 52 121 67 36 39 75 105 75 24 19 70 97 112
    48 45 83 95 40 99 8 38 6 88 66 90 14 77 125 76 21 65 123 112 24 83
    32 81 82 77 18 112 56 66 115 58 116 56 17 88 90 86 109 109 80 70 56
    6 42 101 2 85 127 69 70 122 113 100 115 21 123 38 96 79 36 125 2 26
    15 78 119 32 35 97 98 63 26 17 2 43 42 89 60 66 13 55 51 10 47 88 89
    75 14 16 41 69 78 95 79 102 44 32 5 25 92 85 123 4 98 55 109 111 104
    71 88 125 78 104 108 29 67 25 109 72 107 83 9 70 59 19 76 78 56 71
    37 67 7 92 1 57 108 65 80 60 99 110 106 86 11 29 4 35 26 101 28 109
    3 74 66 67 94 15 71 125 84 83 68 24 27 30 67 16 78 35 62 91 1 28 66
    62 39 23 113 80 126 119 8 55 78 16 50 96 83 78 119 20 51 122 95 76
    65 37 20 27 41 85 13 98 28 108 126 104 1 21 10 96 107 14 78 5 119 30
    73 71 1 82 54 14 118 96 81 124 33 92 105 111 18 75 6 55 46 43 63 28
    123 51 15 68 110 17 70 116 61 81 61 100 49 64 47 36 124 45 110 84 45
    40 36 15 107 56 98 96 91 91 43 88 43 75 19 91 35 11 21 39 94 7 43 36
    67 56 65 56 3 100 11 111 112 100 58 21 3 68 93 12 0 41 123 23 59 0
    40 46 106 115 117 73 102 123 49 60 66 105 34 31 59 44 123 56 119 54
    28 0 46 43 14 29 40 82 51 4 112 52 72 23 56 35 109 96 63 63 66 43 93
    107 19 123 71 94 111 81 122 9 35 105 88 103 34 125 33 92 11 121 25
    72 11 110 126 35 122 21 85 27 88 124 99 47 62 21 39 125 3 6 112 126
    108 99 127 112 39 40 65 104 91 28 25 41 110 56 117 9 125 108 120 0
    101 71 51 108 14 63 109 42 80 89 60 59 79 95 54 75 101 29 46 72 61 6
    44 90 116 46 63 111 75 43 34 67 87 64 5 19 106 1 26 86 67 5 56 8 105
    118 1 31 44 64 126 124 22 58 38 111 19 4 20 57 29 47 82 3 109 97 6
    82 26 5 121 119 9 12 69 107 29 97 104 11 127 70 102 55 91 32 46 32
    115 64 115 29 72 82 14 29 51 31 41 122 23 3 24 3 46 62 110 9 103 117
    2 46 38 14 47 20 27 11 125 74 120 66 6 105 46 71 13 60 42 68 99 21
    21 40 5 59 42 39 78 54 19 19 100 96 114 118 112 102 7 39 53 114 88
    60 95 119 34 41 40 43 26 105 102 86 115 114 9 100 65 39 51 123 38
    109 123 54 69 59 48 77 127 16 80 109 24 24 28 29 105 94 9 110 112 10
    63 29 105 92 100 47 43 3 97 114 13 82 10 26 51 8 63 58 29 51 69 121
    59 51 77 58 17 3 37 44 122 24 122 124 30 16 62 21 18 90 117 37 112
    15 72 89 78 1 95 34 20 61 121 78 57 47 82 77 51 70 74 21 14 90 21 57
    54 85 96 75 98 44 9 87 108 62 60 78 118 63 122 98 125 120 102 121 12
    18 49 74 124 45 68 6 28 90 12 3 125 32 113 101 10 2 83 80 36 71 93 6
    57 83 58 84 93 87 42 72 7 14 83 109 17 119 49 56 79 14 78 48 125 35
    85 114 37 4 125 51 35 117 76 121 100 69 117 110 113 28 84 56 109 26
    7 112 32 112 63 11 109 96 89 125 87 40 3 83 81 13 1 70 86 75 108 84
    72 50 28 34 104 64 79 78 105 48 81 29 112 91 125 20 26 2 17 0 92 43
    112 124 83 73 12 40 122 112 110 65 2 4 39 78 62 111 36 126 73 42 83
    13 127 106 21 109 57 72 95 122 16 117 71 86 126 94 97 23 102 2 55 90
    58 126 38 107 58 78 51 88 25 79 38 114 34 127 21 107 62 84 98 121 26
    55 6 46 31 87 118 9 27 111 14 77 115 21 122 78 29 91 27 114 112 122
    65 47 87 39 59 60 26 112 62 100 45 70 20 17 6 42 12 13 109 81 73 37
    83 116 80 126 28 29 12 6 15 43 28 48 32 104 115 25 39 87 31 15 82 54
    48 9 55 38 18 48 126 95 28 62 2 35 77 82 62 47 107 2 73 105 6 16 32
    102 66 67 55 47 51 86 62 56 50 113 28 81 96 46 55 45 73 18 99 4 126
    75 23 50 9 10 122 27 30 14 65 70 60 78 3 11 58 99 23 123 84 18 15 78
    100 87 109 11 51 49 127 105 45 10 78 125 4 41 13 55 101 24 127 92 87
    96 40 8 110 60 17 116 88 4 11 91 63 36 8 105 103 26 33 67 28 20 6
    103 107 123 37 102 85 57 27 12 77 91 103 45 65 9 86 123 42 3 41 83
    31 110 104 61 92 61 29 91 60 10 52 0 91 126 78 67 13 105 33 62 124
    39 1 9 95 62 25 17 95 56 9 121 40 114 58 63 73 10 118 0 124 62 43 68
    10 19 34 127 113 19 98 71 31 23 30 19 77 69 28 18 12 48 50 125 63 8
    60 118 120 114 30 126 45 84 90 103 60 11 39 24 109 10 125 0 56 94 91
    68 114 104 94 114 90 63 25 5 91 46 6 50 78 88 125 109 88 51 22 14 3
    97 41 108 69 113 12 65 88 44 126 72 6 26 117 54 111 54 59 3 107 127
    46 72 61 59 95 111 44 87 89 112 60 66 57 20 113 121 43 74 48 16 71
    117 10 91 106 6 69 27 45 24 49 12 39 42 26 55 63 0 99 43 100 47 52
    100 71 44 12 76 79 67 14 88 103 4 28 36 106 28 9 113 74 96 17 66 21
    86 111 115 66 122 0 6 39 62 49 50 7 35 5 77 91 7 119 99 45 52 51 45
    95 54 6 51 38 73 45 81 58 85 22 2 73 60 4 84 106 14 24 46 109 67 51
    91 75 28 27 113 69 91 23 2 54 36 90 94 76 71 41 20 88 89 103 125 72
    28 72 51 1 62 16 19 11 14 54 115 16 102 105 59 72 54 113 120 105 99
    64 8 118 28 70 1 33 79 118 39 78 104 52 112 103 58 90 62 49 75 113
    13 127 91 7 62 7 119 76 43 84 89 21 49 36 69 14 104 5 71 19 123 68
    30 40 27 127 69 8 2 87 15 119 40 57 103 36 85 56 20 73 77 17 75 4 89
    84 20 6 49 27 124 73 26 50 81 12 89 32 89 90 98 100 8 93 63 94 45
    126 118 12 66 90 5 126 112 31 66 76 94 110 6 117 11 71 40 63 89 110
    18 114 120 53 93 5 15 52 116 24 102 122 65 102 38 122 53 9 96 106 44
    31 28 122 110 77 66 84 45 60 35 127 52 10 18 126 79 27 65 118 78 75
    81 56 107 34 79 91 13 109 15 88 115 42 1 52 54 55 117 71 37 61 69 51
    108 118 118 70 38 119 84 8 80 46 10 100 20 84 55 120 44 66 24 15 125
    27 30 118 72 44 107 125 39 121 18 112 86 98 106 24 83 99 52 45 84
    102 42 116 103 35 18 119 35 10 106 74 86 41 73 118 98 38 89 83 81 52
    83 48 4 100 110 88 3 56 122 3 57 124 14 27 14 90 82 17 109 96 15 44
    69 29 54 96 11 35 85 5 84 21 56 25 12 57 68 81 53 40 120 35 94 99 24
    24 10 108 31 87 21 42 86 107 112 125 27 44 18 20 92 79 50 126 96 92
    62 35 11 9 73 98 11 108 96 70 85 66 103 121 63 109 7 65 71 89 64 74
    23 61 23 122 23 51 3 118 4 39 38 123 56 23 82 24 6 54 2 33 9 26 11
    15 81 107 54 34 117 53 119 108 37 6 76 124 62 57 116 83 72 36 41 115
    35 9 127 56 82 118 25 8 41 99 60 37 118 56 116 17 108 20 55 30 119
    74 41 47 50 123 79 35 1 5 109 63 108 115 97 74 15 69 38 88 46 8 91
    95 5 35 56 40 10 76 64 54 50 100 55 86 14 43 36 55 76 113 111 114 55
    30 84 77 75 94 117 56 8 36 31 114 52 74 90 90 113 14 48 53 30 72 8
    57 98 64 40 118 1 96 5 97 93 48 69 101 4 71 4 70 8 8 83 81 100 16 87
    72 76 56 3 82 63 93 113 88 50 19 51 53 103 5 78 116 120 3 46 3 30
    108 120 44 108 125 28 48 34 35 109 10 122 57 3 19 3 92 47 51 63 55
    78 65 46 65 52 76 121 116 5 5 59 6 13 118 113 76 36 40 116 59 26 39
    95 22 25 86 21 89 32 17 26 108 48 102 25 44 84 64 75 76 109 87 19 71
    106 124 13 71 19 53 87 53 70 106 84 89 91 106 10 109 88 116 100 65
    84 43 1 87 48 84 21 116 103 3 19 89 115 47 21 101 36 35 40 49 100 42
    37 85 93 19 68 99 31 28 54 100 87 110 124 39 58 47 30 122 19 78 82 2
    39 101 55 86 29 120 79 30 74 16 121 5 5 63 38 9 2 4 108 54 57 108 71
    13 16 3 31 87 96 31 8 6 96 73 92 9 124 17 74 116 15 119 64 93 19 82
    87 37 39 70 102 97 73 68 107 16 96 109 80 32 35 102 45 119 31 34 93
    18 65 112 53 66 76 106 78 28 26 53 69 22 62 81 108 81 85 3 29 50 51
    73 107 34 69 79 123 62 111 56 84 32 92 100 87 79 77 56 101 124 28
    109 74 96 39 120 85 83 29 5 99 7 0 125 120 95 42 40 103 65 127 81 39
    6 66 62 91 122 103 45 86 94 81 106 104 110 95 8 108 74 26 14 107 99
    32 49 106 10 89 81 68 61 87 13 83 59 101 41 103 96 116 40 57 6 82
    118 57 43 17 16 83 126 88 54 60 73 126 11 51 100 101 67 119 9 62 69
    16 26 85 17 16 73 78 17 39 116 51 44 99 63 5 100 121 90 18 79 112 77
    44 94 60 51 28 74 51 39 86 54 15 63 67 19 106 91 10 54 12 27 51 127
    124 78 116 106 38 33 67 64 119 55 92 42 119 115 121 75 23 13 25 19
    121 114 53 84 114 72 88 16 71 92 78 11 33 35 67 107 88 10 111 1 78
    36 3 106 73 79 96 9 111 26 54 116 74 53 108 45 115 2 62 19 35 69 101
    14 31 50 120 110 3 112 120 88 48 37 126 109 114 60 23 44 99 121 84
    11 48 121 18 95 63 113 25 15 2 7 29 99 58 60 27 4 92 13 63 69 95 45
    96 5 44 19 39 42 13 114 27 32 51 106 110 80 35 110 66 32 10 105 112
    118 64 34 15 94 63 1 16 99 65 97 3 101 53 78 31 90 0 119 36 62 3 111
    8 126 55 86 117 123 83 36 91 81 25 24 14 94 69 93 5 17 102 73 45 58
    12 90 117 16 7 16 121 89 92 25 83 106 39 46 21 127 99 12 46 83 39 23
    125 31 60 7 102 2 63 45 107 96 29 18 58 52 69 77 13 28 15 4 58 34 94
    107 104 13 82 15 62 87 103 106 58 1 49 82 98 33 119 9 96 6 103 29
    104 114 24 57 37 102 78 106 55 107 42 89 42 109 15 16 114 95 62 124
    110 13 21 119 94 95 18 88 69 71 2 40 91 50 10 96 121 23 94 1 41 99
    90 108 2 61 1 33 110 63 11 115 70 127 7 41 43 66 30 101 4 117 118 12
    116 42 61 122 11 1 30 113 19 113 77 107 28 40 63 123 89 41 17 81 51
    110 101 74 85 11 89 120 8 80 12 59 104 117 63 37 29 8 92 93 23 90
    126 46 92 1 69 29 38 98 68 68 60 83 51 2 125 104 68 78 49 79 122 10
    22 3 46 73 13 8 99 17 67 60 123 33 32 126 124 117 8 118 0 28 103 1
    12 9 2 100 127 58 100 12 106 38 118 49 119 126 100 29 52 93 107 103
    65 94 9 123 71 32 62 46 83 20 127 38 100 88 51 60 117 99 28 0 81 102
    62 62 97 43 94 8 38 50 98 118 56 21 96 104 60 30 41 40 36 37 25 65
    40 66 39 33 10 9 77 18 19 114 34 60 46 41 56 10 90 68 66 60 78 101
    20 12 24 14 59 66 106 66 0 49 37 81 2 3 31 125 69 35 15 20 124 98 39
    36 49 19 69 52 1 0 92 22 12 94 8 80 99 122 6 92 44 34 64 63 27 23
    110 85 9 35 110 79 1 90 58 119 81 117 122 37 14 75 6 106 118 111 47
    65 25 44 28 37 90 45 41 87 43 65 25 109 121 87 111 58 104 44 64 4 1
    104 108 103 48 80 0 43 77 82 32 109 108 39 14 97 27 40 100 37 116
    101 92 59 50 109 65 5 113 78 43 60 116 115 37 53 21 102 33 15 119 66
    77 72 25 61 100 54 122 123 110 107 92 51 86 106 71 82 13 96 55 84 64
    35 108 109 98 32 124 103 7 5 80 46 91 121 118 74 55 11 89 113 94 10
    11 48 77 21 125 48 91 51 41 72 59 96 98 63 78 127 58 70 46 71 95 85
    125 60 45 61 38 118 2 81 21 30 72 10 85 62 99 41 81 106 53 5 24 90
    69 38 23 91 51 97 13 79 32 124 3 32 110 111 80 36 32 4 44 111 38 111
    103 4 87 106 4 15 93 74 75 99 57 125 38 41 11 71 17 53 67 52 20 40
    53 84 114 93 99 30 66 103 13 43 113 10 1 38 57 14 63 24 127 35 84 50
    35 27 121 124 106 22 86 24 95 2 82 106 11 119 106 51 61 3 78 42 127
    108 120 4 43 24 21 80 75 9 104 8 55 120 18 112 47 117 102 28 87 18
    53 57 113 70 80 122 123 8 96 45 108 20 23 67 77 116 92 94 109 79 78
    62 124 75 27 110 123 76 50 125 94 67 76 13 47 50 18 37 57 32 48 108
    96 108 108 28 42 73 101 116 33 127 115 37 77 75 43 4 56 14 57 94 61
    1 91 35 89 20 55 117 115 114 85 112 108 110 17 36 57 94 59 50 63 38
    63 119 72 83 42 86 5 82 104 13 33 43 52 57 82 41 36 44 34 44 56 40
    81 85 115 115 113 58 69 12 111 30 100 92 15 10 51 6 33 52 88 118 127
    125 18 91 15 69 123 99 18 41 93 58 14 75 16 109 45 94 6 30 77 12 38
    4 62 125 124 60 79 115 56 21 24 79 4 72 68 1 98 115 83 86 99 98 107
    26 21 15 34 34 118 108 37 122 106 82 66 54 122 81 123 56 33 98 68
    115 108 61 34 67 57 37 22 61 119 23 4 67 111 49 102 47 87 55 10 0
    102 6 50 62 118 108 95 74 92 91 1 17 29 32 38 75 99 80 86 89 107 124
    104 45 41 27 87 112 23 1 3 38 27 40 89 117 96 34 32 105 22 18 29 34
    15 0 42 97 35 14 34 13 39 118 79 15 42 118 87 18 102 110 103 89 24
    56 67 61 68 33 62 21 90 94 116 92 17 17 118 62 38 125 8 35 115 67
    120 82 50 79 47 12 108 86 64 2 76 2 10 62 50 121 43 53 117 65 59 52
    96 67 27 29 37 55 97 117 52 75 69 85 119 105 101 116 16 24 9 115 118
    80 121 22 123 50 32 119 73 32 87 73 117 82 17 3 119 35 123 109 26
    115 127 59 35 111 19 64 23 101 89 33 85 95 51 20 72 39 120 99 64 83
    81 84 32 62 101 55 5 119 30 108 57 96 42 94 16 108 10 124 52 120 18
    79 74 83 26 73 44 46 114 82 75 26 45 86 126 91 119 114 38 117 76 40
    71 116 117 88 94 98 104 9 110 97 7 87 107 80 95 37 40 57 62 56 99 1
    111 83 75 11 75 87 3 86 0 124 104 86 91 0 109 36 9 35 53 88 110 18
    43 48 70 96 6 117 88 50 64 6 40 35 34 93 94 48 87 122 122 122 10 86
    26 93 33 6 36 34 36 17 46 24 112 34 9 41 76 70 102 4 16 39 95 114 70
    1 3 101 61 35 112 79 29 3 117 30 25 40 35 57 19 88 98 40 11 85 73 4
    16 89 30 67 60 118 93 125 96 114 54 4 74 49 62 124 107 43 27 10 105
    18 47 109 19 70 76 19 7 107 115 108 102 69 38 44 8 4 62 1 48 111 104
    30 38 75 74 16 37 90 126 110 7 39 83 114 17 127 108 67 119 7 31 21
    40 74 105 96 63 90 111 43 127 66 62 98 73 123 55 75 58 93 56 0 20
    114 46 14 90 122 62 28 36 104 72 75 97 52 48 95 113 42 81 34 6 64 46
    1 31 36 118 78 50 123 96 99 53 83 110 113 113 35 51 108 65 98 84 109
    109 79 104 21 2 73 115 91 44 80 74 64 51 48 59 15 83 53 125 44 10
    125 6 90 15 16 59 93 117 33 48 115 109 49 82 44 71 12 117 50 8 14
    119 84 4 7 121 59 57 17 90 66 39 2 46 60 57 121 18 102 10 60 1 31 45
    125 54 64 14 124 127 107 98 68 125 35 25 99 9 78 100 42 66 107 104
    62 66 97 104 79 88 31 18 20 66 45 47 101 125 35 95 38 23 125 9 86 91
    64 57 63 18 4 20 28 57 61 74 35 113 76 6 31 88 41 114 17 61 13 44 95
    71 10 123 1 15 53 12 6 59 65 114 95 95 2 96 70 32 75 76 44 2 59 44
    46 105 34 31 10 58 12 63 72 51 68 103 113 127 126 49 116 76 49 73 22
    70 59 35 44 60 80 89 43 85 56 104 18 104 80 79 105 29 50 67 23 32
    103 21 11 35 99 89 126 115 21 2 122 27 7 5 10 46 32 12 97 107 102 38
    36 20 126 89 30 34 38 8 118 110 42 120 52 26 117 83 74 25 9 10 51 87
    121 116 56 106 67 23 107 126 17 125 80 21 72 34 123 0 34 107 121 29
    93 15 84 59 1 25 51 6 97 24 110 94 45 31 24 71 54 126 118 8 98 118
    79 121 39 105 108 99 82 103 115 8 51 104 68 9 19 1 9 51 60 39 68 0
    38 52 24 14 47 115 107 96 100 74 30 109 92 12 70 92 33 8 122 119 87
    123 84 78 58 26 17 109 85 49 15 6 115 122 91 57 47 26 77 127 68 1 88
    49 21 97 110 115 25 4 13 67 6 119 47 3 121 42 97 86 113 56 27 83 8
    30 72 22 5 92 42 87 41 26 56 9 4 0 35 97 49 123 109 108 68 106 125
    85 96 96 16 107 79 45 112 69 60 4 125 123 86 105 68 76 82 47 0 67 19
    61 35 52 58 32 32 91 75 114 98 25 107 40 21 7 69 111 53 68 77 126 72
    53 9 52 17 46 92 64 78 91 47 43 121 77 17 99 6 100 74 2 100 54 65 37
    0 110 105 113 38 50 72 105 99 16 47 80 68 10 35 93 66 38 11 59 123
    34 70 83 116 85 30 111 8 62 8 74 17 33 89 36 32 0 95 121 30 6 126 34
    33 113 15 60 15 84 29 97 51 106 21 25 104 120 83 2 56 2 113 42 102
    92 111 38 98 59 118 67 34 84 78 91 46 91 6 111 6 83 100 85 57 99 74
    77 24 22 105 91 70 15 87 125 121 22 50 49 65 44 43 90 125 95 28 69
    122 9 93 73 29 34 87 32 28 9 4 103 61 71 19 69 100 28 8 126 53 93 4
    93 121 96 30 66 53 83 42 68 17 12 2 75 51 26 45 29 11 31 124 89 96 7
    8 7 126 1 48 4 68 82 125 5 86 46 52 34 37 8 67 92 105 87 47 46 83
    122 21 50 39 2 45 64 81 18 24 55 67 9 98 77 26 114 41 38 96 119 124
    53 110 8 86 94 63 48 14 80 2 73 4 51 21 82 52 123 87 83 62 105 39
    105 39 117 85 81 0 13 91 110 78 15 34 44 112 33 71 119 123 88 50 62
    121 114 35 121 4 113 117 102 118 25 91 18 84 100 77 27 28 97 112 83
    59 40 107 89 7 59 77 1 13 72 25 94 79 124 6 25 35 101 90 73 100 73
    88 4 35 120 104 83 123 86 20 123 124 26 5 32 16 75 125 122 26 30 101
    85 121 33 100 123 79 51 118 8 58 110 91 75 8 40 78 88 22 49 48 17 59
    32 101 9 99 58 107 60 25 97 111 66 73 76 36 7 56 51 124 52 123 109
    42 18 76 90 77 28 86 81 99 34 35 1 36 1 9 2 37 27 15 85 10 25 42 50
    79 10 74 26 65 85 28 29 60 84 62 73 93 124 83 64 59 41 18 103 105 17
    90 57 22 61 92 73 103 38 98 76 25 123 94 68 3 39 41 53 99 63 60 115
    127 124 30 84 20 1 4 78 107 35 17 19 22 26 7 42 64 90 73 103 24 43
    71 124 49 58 48 63 66 34 26 19 27 7 106 40 98 100 65 101 61 43 97 96
    55 5 10 67 88 121 30 66 54 102 21 93 112 27 23 110 76 87 119 88 10
    72 46 62 15 100 14 65 119 35 21 81 24 16 107 79 46 23 30 43 40 106
    75 49 60 31 71 28 80 47 113 81 41 2 38 6 31 14 4 50 91 2 100 50 66
    61 100 49 120 125 7 6 2 123 10 19 123 120 3 94 60 118 72 50 101 119
    51 97 97 96 126 66 102 83 82 6 50 78 93 76 38 12 36 24 16 69 30 118
    32 127 18 53 105 101 82 43 40 65 107 19 5 48 62 102 10 33 17 121 100
    51 14 15 119 68 33 47 66 100 127 49 111 87 99 33 35 39 47 21 112 67
    28 103 54 91 74 39 127 44 16 109 87 78 81 33 51 18 68 51 73 114 14
    91 66 121 29 83 69 35 104 23 101 4 23 34 77 26 70 64 85 97 60 30 7
    124 67 72 112 40 87 45 100 74 97 5 51 107 69 44 21 126 111 97 102
    115 85 119 116 53 14 123 36 71 48 109 125 69 99 100 110 18 54 12 16
    110 85 125 126 100 50 71 100 68 51 87 85 120 57 49 114 5 102 28 91
    86 6 57 67 64 97 82 19 78 107 72 126 33 115 120 76 6 43 84 10 35 81
    96 64 62 82 118 76 29 112 28 74 6 88 95 89 4 40 32 84 73 59 20 31 97
    35 68 92 89 44 90 63 54 1 17 5 106 38 123 32 44 9 70 15 5 14 105 75
    54 28 17 113 105 18 44 56 16 5 79 106 9 2 37 80 7 64 42 62 124 104
    11 64 127 123 39 51 21 116 37 116 40 54 78 64 39 37 42 102 25 62 41
    20 89 61 15 118 103 16 103 19 6 37 83 98 48 14 14 79 94 53 3 4 41
    114 47 18 69 102 123 103 49 73 46 46 49 26 56 106 96 96 87 15 7 60
    111 126 19 127 40 17 51 17 33 121 56 22 115 84 90 62 116 124 63 122
    126 70 32 66 12 115 100 16 119 102 126 99 122 127 63 5 69 113 30 4
    38 8 17 99 34 83 74 120 98 31 83 3 77 101 38 105 93 107 38 26 103 21
    127 70 27 97 35 48 3 114 35 56 87 33 50 45 120 79 52 11 110 63 34 42
    52 77 31 104 81 61 114 10 62 116 70 96 71 98 25 110 77 48 112 111 19
    53 107 80 102 100 69 25 103 89 112 65 32 83 2 1 79 47 67 73 65 6 83
    5 63 32 101 62 48 127 18 8 40 35 89 2 42 24 18 76 44 81 123 61 48 50
    0 76 69 99 121 33 123 103 28 113 121 34 14 120 89 92 42 106 127 72
    125 9 104 69 39 78 34 115 71 28 41 42 121 4 122 84 9 60 45 40 4 110
    30 101 52 115 122 109 52 32 53 115 112 57 43 103 106 98 123 114 3
    102 52 77 61 56 22 11 70 70 0 119 79 99 70 104 118 72 122 60 49 78
    65 77 22 118 52 7 50 49 48 110 93 125 101 89 25 39 1 109 78 120 84
    47 2 43 10 57 103 37 29 51 15 101 118 73 96 37 40 100 98 24 99 32 0
    88 43 26 91 16 35 71 110 25 19 27 80 83 120 85 11 103 14 30 3 88 77
    54 80 84 62 82 106 31 20 101 117 124 119 21 16 83 59 98 108 49 81 78
    0 78 58 26 46 78 52 49 9 119 53 45 123 124 12 36 68 106 65 100 104
    42 41 124 101 72 35 113 50 57 114 82 61 21 57 3 108 120 108 11 109
    99 85 125 85 14 44 6 36 47 61 81 37 116 119 85 25 64 40 100 112 19
    26 28 59 89 62 14 67 87 4 5 24 100 100 111 119 35 107 68 9 62 107 95
    93 117 11 14 11 67 95 77 97 115 126 67 65 35 21 45 16 112 61 40 62 2
    5 66 80 57 124 122 104 45 90 96 97 118 20 57 16 123 21 114 62 65 84
    69 70 102 4 84 4 12 77 54 82 20 34 66 116 73 88 8 99 111 35 45 50 17
    60 30 39 127 23 118 122 90 52 57 55 83 20 24 33 7 41 108 107 7 39 53
    35 51 78 52 102 37 42 26 2 84 63 36 74 93 88 84 50 49 96 64 57 117
    49 47 115 63 60 126 76 45 39 63 53 68 47 20 88 96 47 20 34 58 9 124
    110 108 68 60 94 108 121 57 3 125 11 69 51 108 117 38 36 99 64 85 46
    55 47 75 88 13 45 91 57 105 50 30 31 97 81 120 14 102 66 52 53 7 46
    90 3 60 109 31 86 29 78 42 41 2 59 34 29 77 18 50 48 52 43 88 117
    113 13 75 96 14 86 104 33 76 5 77 67 33 17 36 120 110 107 59 53 109
    17 35 85 40 16 14 120 2 39 51 50 89 118 26 56 76 60 51 22 4 107 26
    123 64 92 114 8 29 9 70 107 14 32 54 32 29 24 49 98 69 45 31 42 63
    79 108 19 127 104 90 9 61 59 41 84 27 73 26 112 37 25 63 39 77 84 33
    18 57 28 58 49 29 35 33 115 36 95 91 56 30 68 14 98 34 109 19 21 21
    35 24 37 40 44 80 45 36 100 51 45 31 88 9 6 123 105 30 19 28 88 22
    37 40 119 101 46 26 65 118 69 16 1 43 84 42 124 103 39 39 106 86 113
    82 88 56 107 93 70 67 103 88 116 47 94 27 86 84 109 98 74 54 68 107
    20 60 34 30 87 93 48 27 43 112 79 70 51 56 105 84 108 126 105 79 9
    92 63 21 48 15 70 5 10 112 52 67 21 66 64 75 63 36 108 87 12 92 9 25
    50 69 44 58 83 31 51 34 82 74 18 109 92 27 81 98 110 12 77 39 113 35
    16 37 114 66 98 58 106 25 9 103 107 83 52 85 25 77 90 68 84 78 107
    60 81 18 113 118 115 116 55 46 94 104 17 25 85 101 25 35 26 11 26
    104 84 21 96 94 93 5 113 125 33 63 96 97 89 125 69 78 26 38 10 15
    116 62 32 127 62 96 60 92 6 115 28 46 3 41 52 101 95 61 94 125 13 58
    37 50 122 116 127 3 45 50 44 119 80 51 29 106 7 95 61 54 93 45 27 57
    104 81 109 1 107 16 10 112 0 125 75 74 12 50 61 105 21 117 11 28 16
    14 35 52 57 126 70 123 115 120 89 95 107 127 33 45 19 64 98 73 1 118
    14 53 51 10 64 33 5 64 114 46 51 57 104 9 52 36 122 121 109 40 126
    104 99 84 78 96 55 124 3 77 20 12 106 50 114 70 107 85 23 96 50 23
    56 102 67 81 69 50 39 12 95 66 18 72 117 38 93 28 12 100 50 104 62
    80 84 58 46 109 118 99 122 90 91 86 90 53 53 45 60 106 76 78 56 20
    44 12 56 13 100 61 38 4 78 122 123 73 37 0 92 125 93 28 8 88 63 15
    15 114 80 106 118 102 113 65 90 54 125 120 46 34 55 66 124 62 13 8
    73 96 13 94 98 81 57 106 68 88 62 116 78 15 85 87 126 108 41 24 41
    34 114 46 64 127 84 88 70 69 82 84 74 33 16 115 16 85 77 60 125 83
    69 110 66 111 59 1 95 116 6 118 61 93 37 104 11 85 123 55 20 97 58
    42 73 95 57 83 26 40 37 118 122 32 98 45 69 83 46 47 42 93 51 26 72
    62 59 47 14 92 88 65 14 102 109 76 101 96 94 83 73 58 115 77 91 70
    48 68 115 58 24 24 105 108 42 0 48 108 123 61 52 9 35 115 30 67 15
    65 19 122 49 119 98 34 105 45 0 43 27 77 113 106 103 101 23 118 103
    105 99 113 102 49 84 88 9 62 115 104 25 86 92 119 87 8 87 44 58 48
    30 122 7 23 26 43 42 27 66 78 12 119 14 122 38 3 14 22 78 94 21 81
    25 24 57 22 23 22 38 3 102 67 93 35 122 69 14 123 44 5 111 99 87 84
    31 92 83 29 94 69 121 7 66 20 39 32 40 83 121 82 112 40 108 48 3 121
    25 82 118 122 79 59 0 26 61 76 36 50 121 108 63 111 111 77 120 39 49
    108 87 18 78 125 22 73 41 111 126 42 122 52 101 25 38 110 75 5 64 42
    87 50 114 123 119 100 112 3 24 68 106 50 66 94 89 17 51 34 18 21 57
    63 111 103 24 72 70 28 56 40 122 93 26 29 39 83 84 46 10 106 18 98
    32 93 60 106 36 71 11 26 52 41 121 87 114 74 14 48 35 3 63 47 56 103
    26 105 80 15 57 69 67 35 71 38 23 85 53 122 96 78 105 113 58 74 46
    99 1 30 99 41 103 26 19 82 49 115 16 53 18 67 91 70 48 67 101 97 43
    55 75 95 95 49 113 27 95 109 110 22 85 22 71 65 28 75 75 77 76 29 0
    76 70 25 3 85 43 125 3 123 3 104 97 66 32 49 65 12 75 69 106 8 0 11
    119 83 54 22 17 59 126 111 82 79 32 117 112 84 105 24 46 59 9 23 22
    43 66 97 4 4 37 22 32 126 72 110 2 73 34 28 119 127 79 74 47 46 119
    102 33 100 36 74 49 36 78 23 15 48 82 105 18 75 67 125 109 104 89
    104 38 34 125 6 2 0 84 102 36 63 63 18 45 80 75 20 14 9 8 112 77 23
    67 44 103 82 52 114 108 32 47 35 113 81 1 63 5 63 126 78 106 70 83
    31 78 31 93 93 91 86 2 48 29 54 6 7 118 49 50 18 99 78 117 83 81 44
    62 49 94 93 32 72 112 113 114 46 50 38 124 117 81 4 74 106 71 86 108
    69 1 47 113 34 32 98 91 9 120 24 32 78 40 86 5 23 4 115 65 50 92 31
    41 38 18 88 59 105 119 52 1 112 73 84 123 15 124 12 126 96 122 109
    108 119 12 66 75 74 58 117 112 39 36 125 48 11 57 37 18 39 101 98 45
    77 104 122 99 24 54 47 41 72 64 85 36 23 23 116 30 103 5 14 1 90 13
    54 80 23 44 114 3 47 8 19 53 0 42 39 75 65 57 111 61 108 113 13 102
    5 121 37 113 93 120 43 61 121 125 11 124 99 69 49 81 19 36 10 91 31
    24 115 54 18 34 14 64 23 120 75 81 119 68 93 65 35 29 93 16 33 85 99
    121 66 92 123 66 117 32 73 52 34 119 48 30 85 105 91 45 114 101 127
    5 64 43 17 92 93 56 44 6 92 29 98 71 115 28 1 58 51 5 103 49 18 126
    8 3 2 12 26 50 38 93 69 20 27 79 125 88 85 114 27 57 8 86 35 42 29
    78 123 115 126 36 87 71 26 56 51 28 23 116 71 94 103 58 2 97 12 95
    22 92 118 90 117 61 83 85 7 54 58 122 123 53 34 97 102 125 117 0 28
    36 93 126 47 98 65 24 78 39 28 109 84 48 54 75 32 87 109 69 82 6 121
    15 45 46 41 42 38 76 65 103 74 51 18 81 122 18 21 62 30 110 110 112
    20 76 120 126 33 11 67 32 51 44 43 101 119 56 106 41 60 80 54 19 8
    76 47 73 8 15 90 101 65 113 23 86 76 52 26 35 67 117 111 88 0 54 104
    20 62 45 85 52 76 113 3 116 82 106 20 54 99 67 101 45 126 53 78 38
    97 76 114 67 41 63 9 117 33 91 73 97 93 20 6 30 28 27 118 123 116
    108 112 53 59 17 26 24 59 83 42 81 14 101 55 74 47 26 24 97 52 112
    107 122 101 19 46 93 22 104 52 87 42 118 55 33 65 101 99 88 52 48
    108 12 121 124 0 19 0 55 31 6 95 115 29 65 93 82 98 2 4 123 107 11
    49 95 49 39 121 79 127 11 71 31 29 28 60 0 8 7 98 52 15 86 99 29 105
    25 93 73 106 78 30 20 59 9 61 123 83 32 125 34 56 78 110 17 85 23 68
    125 50 70 33 14 102 10 62 81 122 103 18 106 92 67 88 84 99 77 127 12
    48 8 91 30 48 114 84 19 112 58 57 87 18 76 37 48 68 116 104 124 71
    96 119 108 61 54 2 89 3 103 96 43 36 98 93 98 85 21 92 119 59 39 89
    19 33 110 61 81 11 11 50 101 119 112 100 33 2 73 34 30 93 8 63 19
    118 41 114 23 125 48 51 89 86 30 69 22 16 26 24 60 85 82 64 124 91
    77 11 15 54 74 66 85 124 65 70 26 63 45 21 21 45 0 107 67 122 86 99
    59 16 57 89 40 41 45 103 43 64 39 50 26 37 81 76 11 14 14 16 2 1 8
    73 45 58 17 78 113 3 16 102 59 11 28 120 53 60 68 37 115 116 77 66
    35 86 127 68 26 48 3 20 104 60 17 126 84 81 95 21 113 69 106 43 111
    65 91 15 60 83 118 80 34 96 77 94 86 34 60 52 90 53 94 24 105 15 29
    102 106 55 102 33 91 74 94 93 30 4 102 86 53 94 50 19 51 103 112 102
    47 73 119 88 31 0 51 81 76 118 43 27 46 52 3 107 76 72 121 30 89 126
    80 28 125 49 22 92 98 16 90 66 45 114 70 111 22 11 4 40 86 66 122
    103 52 90 5 29 28 86 110 1 83 44 33 44 20 99 91 91 122 97 111 39 98
    63 42 89 67 92 87 84 55 33 13 57 71 16 46 20 70 38 58 109 115 80 12
    48 31 3 1 97 64 117 46 127 26 112 117 45 110 18 93 68 3 123 64 60
    111 15 86 11 74 107 68 103 105 46 2 83 37 96 4 80 46 60 42 116 20 45
    91 61 10 45 71 97 88 38 90 120 101 54 4 67 9 34 95 112 52 32 66 39
    100 16 30 112 18 78 7 98 40 6 79 95 29 101 44 12 25 118 18 32 62 114
    11 15 26 22 79 29 111 60 81 14 63 127 26 75 37 16 34 20 79 101 33 16
    29 84 68 104 9 117 123 11 34 61 8 28 58 31 36 115 9 50 114 40 95 66
    0 8 66 70 104 33 90 32 108 3 43 18 29 6 16 107 21 85 20 94 104 27 98
    11 4 118 102 105 97 0 42 56 77 1 95 28 66 13 78 30 95 58 111 99 82
    111 75 106 78 68 102 36 16 64 100 20 89 98 110 46 106 8 2 5 60 101
    31 15 33 47 27 75 38 25 96 51 22 109 69 113 63 26 83 63 12 104 14 40
    11 53 73 78 27 5 63 8 90 115 48 11 92 56 70 122 105 29 53 29 118 46
    93 75 29 80 24 87 113 23 66 98 57 109 9 120 104 73 102 78 38 39 55
    48 59 104 75 117 38 97 8 114 58 98 25 93 69 116 38 17 113 48 12 44
    116 56 89 58 77 99 16 56 58 14 68 103 43 62 76 64 46 68 19 42 119 92
    125 127 83 56 111 71 121 79 51 62 113 1 105 82 74 1 123 57 80 109 32
    115 125 22 125 89 113 80 28 107 27 50 126 92 95 94 7 32 56 71 49 2
    109 126 78 10 58 95 109 42 43 58 94 29 66 92 102 55 127 95 5 1 44 15
    107 125 37 98 121 38 8 31 66 55 66 109 14 103 119 44 82 72 28 17 60
    57 17 39 41 51 38 118 107 103 95 89 11 82 82 66 76 53 34 56 95 91 76
    55 22 85 38 28 52 44 21 21 26 12 5 17 84 67 111 45 112 52 15 84 69
    54 31 112 19 121 97 28 13 56 53 19 119 2 76 33 22 106 85 39 85 7 21
    83 42 118 10 127 93 110 47 60 1 126 29 31 14 86 34 6 58 45 107 0 117
    49 55 105 109 77 26 121 38 87 5 73 35 94 78 36 13 28 22 100 41 54 62
    25 39 125 32 117 17 125 67 2 91 28 100 92 56 115 72 24 55 41 112 11
    127 69 11 9 60 113 92 53 12 74 33 123 15 3 120 13 120 122 73 2 56 28
    32 19 127 83 75 12 57 51 8 67 109 69 106 118 112 105 5 71 25 101 0
    68 36 72 111 78 115 71 44 42 60 121 61 64 101 66 119 24 4 79 82 77
    102 53 0 122 9 60 16 101 113 56 95 51 92 76 14 100 53 52 43 8 70 46
    40 111 103 93 30 78 98 27 18 124 56 11 70 83 98 44 76 5 125 104 30
    83 50 56 30 86 2 49 77 39 124 31 74 3 34 46 56 7 41 46 20 80 105 94
    58 9 68 48 127 6 90 36 127 90 23 62 24 88 106 101 100 110 39 92 40
    84 5 19 125 120 71 61 71 65 101 122 125 65 101 37 23 29 92 120 90 93
    69 108 31 33 95 2 104 106 83 25 118 35 126 80 5 80 19 97 8 76 120 31
    90 32 85 66 24 19 37 117 8 29 102 106 98 89 30 73 91 36 17 31 6 31
    57 93 99 38 112 77 66 5 30 72 115 8 11 115 95 61 110 9 85 37 76 100
    91 17 123 37 20 25 90 125 93 55 1 31 61 37 56 123 76 102 43 107 57
    110 36 19 69 9 1 72 125 70 1 54 21 105 106 7 38 39 34 117 88 92 90
    20 99 86 120 40 112 60 53 97 6 101 62 105 2 26 94 73 59 28 105 44 43
    59 48 67 19 67 110 95 66 33 52 60 115 17 79 44 117 16 59 18 96 22 33
    116 26 9 97 22 99 51 82 68 57 91 92 105 70 36 42 66 29 61 54 50 99
    124 49 4 42 63 74 88 62 81 104 13 56 16 95 120 17 70 65 66 86 58 63
    31 112 94 21 69 41 126 110 35 51 74 6 113 61 29 121 38 59 111 39 69
    40 81 3 83 24 23 25 39 43 24 126 31 8 52 119 16 12 21 123 9 21 59 47
    118 93 89 91 110 105 79 107 71 90 61 23 74 78 42 92 61 126 90 37 125
    41 15 73 56 50 113 124 50 56 75 83 59 46 70 16 0 84 58 64 13 30 39
    78 76 109 61 102 118 25 71 13 47 36 115 40 67 66 32 55 35 15 30 53
    41 84 53 6 55 106 58 4 102 61 101 51 100 127 28 106 74 116 10 103
    126 61 78 98 0 69 72 96 123 85 12 97 74 67 99 111 104 103 93 7 106
    45 95 8 94 100 29 3 84 12 59 121 23 99 105 48 28 78 117 97 66 44 118
    5 31 39 41 65 122 42 69 37 55 45 36 51 57 69 19 14 110 69 64 116 61
    12 66 62 28 61 10 5 79 83 28 47 116 79 121 38 16 63 82 1 86 55 10 42
    97 12 58 12 99 30 82 76 49 87 42 48 76 36 62 25 48 18 123 67 79 10
    66 123 62 16 23 91 120 28 41 32 88 28 26 66 69 13 79 12 93 46 104
    101 57 25 119 127 89 93 97 85 9 0 105 41 70 118 81 101 34 96 30 42
    84 13 45 48 79 10 19 81 10 34 96 72 114 109 80 123 23 32 10 99 63
    102 44 28 123 44 87 8 83 120 82 59 8 1 100 62 36 109 29 114 40 58 13
    33 1 78 35 20 17 33 46 13 3 42 73 9 31 114 68 38 83 59 109 29 119 99
    93 11 20 39 33 68 86 89 122 55 18 9 48 55 114 15 29 33 27 8 91 31 40
    60 115 107 72 18 32 107 9 125 92 63 29 75 93 63 5 117 118 126 112 68
    51 84 34 41 38 112 81 73 32 85 107 31 35 17 99 23 26 77 102 69 39 80
    100 5 66 54 32 102 50 126 8 20 70 20 70 19 7 99 13 14 107 93 105 19
    89 48 4 80 102 52 76 64 111 15 70 80 12 24 45 105 57 10 44 5 125 80
    99 52 114 59 105 13 71 68 25 46 73 53 49 7 90 85 96 118 52 55 96 25
    61 23 86 73 123 126 46 98 0 63 66 13 25 125 72 4 40 89 10 15 91 61
    19 107 75 13 70 16 53 76 43 65 27 94 51 68 96 101 14 51 109 65 61 21
    99 121 39 105 65 118 62 87 3 14 89 94 31 31 94 125 83 87 6 119 15
    109 40 43 28 72 90 41 21 35 85 48 101 98 72 110 26 15 112 87 108 15
    20 73 23 96 62 11 44 46 86 21 34 53 20 45 10 53 54 71 72 95 109 35
    22 54 100 42 122 120 26 97 15 67 93 8 19 64 32 29 0 65 88 2 107 48
    42 33 103 11 81 126 69 15 103 24 10 18 103 104 51 69 60 36 57 32 104
    18 84 122 77 71 112 80 86 76 8 47 101 62 30 116 89 127 102 78 27 13
    67 105 75 68 88 61 16 7 49 5 107 73 14 39 79 88 108 76 7 34 51 2 99
    61 79 32 23 17 118 32 47 111 50 9 6 32 39 19 64 7 33 110 98 123 11
    28 54 119 24 119 33 60 56 3 12 109 16 78 36 122 127 92 74 111 69 35
    95 92 45 94 18 116 15 30 78 115 99 52 62 48 78 20 15 81 119 123 6 63
    26 86 4 31 63 0 77 28 109 65 47 28 22 111 102 50 124 107 80 88 97 51
    102 109 91 75 95 62 82 108 119 99 78 101 92 19 127 30 15 92 11 108
    10 64 32 11 89 69 116 20 93 28 18 77 45 19 7 93 83 104 46 30 63 97
    107 65 118 100 51 91 94 104 8 15 63 25 100 28 20 56 115 62 87 114 85
    103 57 49 6 60 127 88 51 27 23 69 2 66 102 14 93 14 84 40 82 89 79
    68 25 61 110 35 76 35 117 58 80 118 119 39 63 8 125 51 58 48 89 18
    118 97 117 118 23 51 60 17 39 112 85 97 1 62 41 119 126 46 111 9 10
    28 99 3 22 52 41 103 6 1 117 82 20 31 23 105 120 54 77 97 36 116 9
    109 34 117 0 111 126 19 65 2 65 11 109 95 33 0 30 114 18 54 1 109 19
    53 40 99 24 26 43 114 73 114 3 77 105 110 82 57 114 88 38 34 45 56
    10 108 104 0 113 102 112 21 69 67 87 42 9 47 81 93 96 91 88 79 1 111
    108 82 81 18 91 111 101 127 55 44 74 81 70 83 72 87 18 106 17 126
    117 126 26 90 53 19 28 99 20 53 118 85 72 57 81 10 8 111 15 46 26 71
    5 24 8 2 18 120 118 96 109 30 119 74 98 80 22 8 111 17 109 31 116 53
    46 120 60 4 50 13 75 0 103 44 23 106 8 11 7 108 20 112 2 80 48 78 30
    38 87 28 36 14 122 58 99 29 106 63 91 85 57 18 125 34 31 73 64 111
    33 62 46 120 120 8 7 102 114 28 64 49 51 19 27 12 19 102 75 116 84
    61 122 120 12 5 17 17 56 68 6 14 95 8 117 23 117 64 119 118 64 68 59
    11 86 23 119 77 58 121 55 46 38 55 117 67 20 4 24 60 119 70 13 27 20
    61 33 43 122 4 101 94 26 88 2 58 113 11 57 20 109 122 13 40 85 98
    110 15 65 97 56 120 111 48 69 117 111 56 10 20 116 82 117 111 74 68
    64 24 117 91 87 106 67 98 51 93 91 52 29 5 36 60 91 57 29 34 69 106
    90 61 34 29 103 82 21 95 68 112 3 114 31 99 46 74 31 61 118 95 121
    47 3 110 120 5 121 125 92 68 96 4 84 10 8 9 53 91 103 5 8 27 77 32
    51 79 81 51 120 30 42 120 70 18 57 108 26 87 12 21 88 91 30 29 5 122
    100 75 104 86 74 25 69 26 60 95 77 79 85 43 51 42 82 93 105 16 103 1
    124 24 103 87 70 71 4 30 72 17 8 30 8 74 114 105 90 97 97 60 116 11
    92 70 0 101 59 69 46 95 109 30 93 125 42 105 43 12 90 58 119 31 101
    35 49 36 78 87 123 77 63 68 13 14 11 83 8 77 67 10 28 45 11 38 18
    112 58 68 126 17 119 35 26 60 99 42 125 62 62 119 63 59 73 42 19 51
    58 36 6 120 5 47 64 50 14 67 29 72 8 121 91 100 22 87 98 27 36 4 115
    15 94 61 126 25 45 85 25 92 117 35 85 13 42 80 118 42 54 35 99 101 1
    8 39 70 18 116 43 45 106 126 38 87 119 6 99 67 4 122 119 66 10 19 92
    21 50 80 100 66 113 112 120 85 30 99 0 74 78 79 33 8 33 72 58 43 114
    92 49 43 4 93 93 118 100 4 79 123 22 53 46 121 99 37 83 114 12 3 20
    47 97 34 125 56 46 2 49 58 118 102 123 55 112 55 64 117 74 21 29 96
    63 49 76 21 62 94 59 6 117 11 78 60 53 91 77 62 102 61 126 2 41 85
    45 24 78 60 99 78 64 66 40 60 76 20 75 87 34 53 5 28 89 19 118 24 64
    77 93 5 95 50 2 27 107 56 70 13 78 56 104 30 58 41 106 122 111 94 38
    106 112 100 11 106 125 49 127 123 35 63 88 98 58 25 93 15 82 66 58
    126 123 75 0 76 106 89 13 107 62 77 56 32 90 112 90 83 75 100 127 44
    70 49 66 121 22 26 41 30 107 45 104 25 14 67 9 13 86 12 124 60 36
    117 34 17 27 120 118 14 83 97 81 40 88 68 122 75 37 33 119 37 22 111
    22 114 117 44 66 17 10 77 1 28 31 24 87 112 45 64 5 86 36 21 9 57 92
    115 110 82 5 47 5 92 87 73 9 89 4 117 16 17 16 92 14 87 68 33 75 95
    95 48 34 75 76 56 37 15 76 80 73 68 56 122 123 27 29 124 23 27 45
    125 101 1 61 69 105 109 37 122 114 62 66 93 58 39 107 44 82 95 61
    126 62 61 8 108 84 16 46 4 111 95 66 29 105 108 90 93 102 1 44 81
    127 55 26 9 95 80 16 122 114 7 108 107 17 25 42 103 92 27 77 87 38
    121 69 122 66 111 55 71 119 110 0 0 37 93 57 20 49 89 94 66 72 39 11
    100 56 55 107 57 126 4 4 17 49 33 71 113 40 39 77 80 48 38 47 23 126
    96 33 36 25 107 77 91 87 115 65 106 92 14 61 44 98 44 107 2 94 65 20
    103 71 112 8 10 44 78 78 35 23 104 125 61 51 61 49 27 32 1 106 0 126
    117 78 100 71 82 58 88 49 9 8 13 78 120 23 48 42 4 115 76 18 67 105
    41 58 112 78 46 43 60 9 72 67 28 66 56 93 103 92 28 98 76 83 55 90
    11 106 105 14 87 43 30 13 83 38 84 101 16 100 14 127 37 53 121 63
    106 22 59 116 84 28 25 91 50 65 4 96 109 64 6 57 33 66 55 113 77 5
    38 64 125 61 106 54 81 118 23 82 32 40 123 19 25 36 124 55 95 85 91
    16 3 51 114 90 82 5 23 89 106 67 115 117 109 124 17 120 3 111 41 79
    58 70 57 125 70 23 20 2 32 20 110 93 16 85 24 47 18 25 3 55 113 45
    28 70 108 56 80 4 3 118 81 19 44 18 116 14 98 63 109 64 73 55 5 87
    21 94 37 125 10 59 55 120 70 15 37 12 36 108 40 85 5 19 58 29 90 29
    19 37 97 68 105 42 97 98 18 109 89 12 25 3 29 52 109 122 117 72 15
    113 74 46 33 124 76 10 39 44 0 49 70 24 93 124 29 78 68 84 43 62 33
    53 25 106 112 80 113 93 60 87 81 125 32 88 29 26 99 83 63 3 22 33 13
    87 76 15 91 114 114 116 59 20 17 87 114 124 19 71 66 45 13 89 27 105
    92 16 69 1 111 92 23 5 125 93 54 59 123 47 22 113 45 113 10 17 46 34
    5 16 26 117 67 43 72 54 8 120 19 7 124 34 78 126 70 106 117 105 60
    103 58 69 31 70 92 57 18 18 119 121 8 66 54 27 110 57 23 33 33 26 68
    55 35 80 75 82 115 0 72 95 80 116 73 59 118 32 16 104 35 15 4 112 12
    59 95 69 20 26 39 84 19 75 74 124 96 30 56 123 125 65 104 17 71 70
    42 99 108 30 48 15 54 35 2 44 77 39 110 106 120 99 28 53 65 49 34 2
    66 4 3 71 40 83 19 111 107 111 116 24 24 34 78 123 52 77 40 101 43
    121 77 18 43 33 47 9 103 33 0 48 36 99 127 67 127 1 15 45 69 102 96
    105 100 96 52 106 74 56 58 98 68 11 93 76 59 75 76 73 69 78 91 41 2
    105 102 5 53 94 80 65 77 15 44 0 36 53 8 40 85 88 102 103 36 1 56 44
    125 9 15 16 20 64 56 87 127 73 42 2 77 50 105 20 19 63 78 26 116 28
    56 103 13 78 113 84 81 52 61 33 34 43 31 65 106 96 48 107 124 101 9
    60 67 0 55 46 79 48 22 121 18 74 124 7 80 11 42 28 11 72 41 125 66
    120 79 121 33 89 102 26 67 68 62 42 1 118 60 41 8 24 85 92 76 34 101
    35 10 58 74 53 84 13 70 22 53 55 57 86 13 89 90 53 63 100 72 13 58
    127 91 33 43 35 59 88 91 29 45 14 113 39 49 51 113 116 63 110 37 6
    118 41 9 8 81 41 18 5 50 4 59 4 28 48 115 22 78 109 29 24 79 21 25
    52 89 125 62 112 63 36 9 39 4 110 11 61 59 95 11 61 34 7 25 23 0 15
    76 6 51 44 44 34 77 49 48 10 6 118 63 58 30 118 76 4 69 31 63 103 53
    7 53 4 13 79 38 97 1 84 116 40 39 12 82 101 124 96 55 34 51 106 63
    51 115 126 120 81 79 58 63 50 19 91 36 58 54 30 65 45 25 0 51 7 72
    44 103 56 95 118 44 98 83 120 53 104 8 82 113 121 39 7 95 60 42 87 5
    65 125 71 71 121 79 25 99 105 114 76 84 41 83 74 28 20 95 56 39 48
    113 83 59 61 31 1 69 42 3 74 30 96 9 98 62 21 3 70 24 124 118 55 10
    24 29 97 11 37 123 119 111 110 3 115 113 67 55 76 93 80 57 12 100 85
    106 105 25 64 67 40 38 77 123 29 103 42 94 22 36 106 35 31 1 121 40
    30 33 83 112 45 36 52 29 23 118 34 54 19 64 126 105 71 116 125 84
    108 17 81 60 104 102 105 117 112 6 32 84 13 58 41 56 98 124 35 114
    113 75 48 109 82 127 94 4 103 1 125 101 79 8 57 73 74 104 104 92 83
    67 63 30 105 101 61 79 106 37 101 29 38 13 93 38 30 117 24 91 119
    109 86 61 2 57 116 99 86 59 47 53 74 70 107 88 99 106 86 69 67 19 59
    9 75 61 27 25 51 105 44 79 127 69 34 118 15 39 21 26 45 122 127 106
    23 113 51 57 11 3 127 114 98 91 85 103 120 9 119 26 9 95 89 38 16 71
    117 17 38 55 80 39 118 127 14 29 125 63 41 68 2 97 108 67 104 7 9
    116 24 78 50 12 94 124 60 4 18 41 65 18 81 50 124 47 98 60 19 124 38
    2 100 63 60 84 12 36 53 64 112 114 71 91 55 46 16 62 21 4 15 101 107
    31 32 88 36 3 14 112 115 120 25 125 43 76 37 55 63 23 32 65 95 11 62
    32 41 50 123 7 46 8 68 112 53 75 101 76 48 84 23 28 87 102 19 118 98
    0 29 99 67 62 7 63 24 123 39 125 108 109 1 66 108 20 113 91 114 23 7
    98 22 94 55 77 94 79 5 73 2 85 106 124 42 127 116 30 125 37 50 50 6
    56 113 105 80 59 19 126 46 57 69 14 26 44 1 109 124 16 118 74 12 106
    84 37 77 29 41 59 118 34 53 36 0 122 5 76 24 98 38 109 7 112 96 100
    118 80 94 80 1 42 46 82 27 103 59 94 6 6 13 48 81 107 49 16 75 7 123
    4 40 126 22 96 31 54 17 21 67 93 8 45 111 113 84 36 0 105 66 50 107
    11 32 118 1 104 93 87 84 112 0 94 37 75 117 45 61 118 24 115 34 78
    23 114 30 60 103 51 107 102 77 106 85 30 6 117 86 14 74 65 7 111 101
    25 88 74 65 100 27 74 49 80 31 13 37 73 72 78 59 91 114 25 97 124
    127 63 91 74 109 21 42 119 48 34 46 97 56 95 53 33 112 65 110 46 57
    71 97 51 109 119 50 40 20 126 30 100 32 32 90 120 113 22 27 45 20 75
    61 52 85 56 68 105 6 2 7 24 113 14 83 44 6 46 21 41 33 46 67 63 45
    23 62 59 21 64 37 42 21 115 17 53 123 31 57 37 29 92 89 119 55 12
    120 27 12 93 51 110 29 18 107 24 45 37 80 85 76 68 112 73 50 88 108
    41 36 57 91 116 58 3 99 65 99 89 53 68 40 98 107 119 93 4 86 44 122
    105 97 80 34 55 30 81 51 14 81 46 111 120 43 126 35 63 1 71 43 86
    114 99 117 26 12 14 118 75 33 71 67 74 91 109 59 73 65 56 41 99 64
    42 19 62 83 48 27 24 104 107 94 2 22 93 100 50 48 102 114 35 114 19
    75 36 112 115 19 115 109 91 68 17 23 47 109 40 42 90 93 66 118 48 59
    89 22 101 114 93 105 21 32 102 90 23 34 111 0 104 88 121 47 59 113
    40 32 122 45 26 57 91 74 117 8 69 25 81 45 121 96 36 107 81 84 120
    24 92 53 118 111 45 24 59 108 96 70 114 57 54 108 115 78 79 46 12 51
    126 108 57 59 36 100 53 126 62 64 27 9 60 66 41 59 84 40 40 7 30 91
    89 2 4 87 67 127 37 101 44 125 44 125 93 75 63 12 114 32 100 72 29 1
    0 6 104 77 64 97 118 64 13 28 12 56 106 68 62 110 22 71 10 112 55
    104 103 55 22 96 88 84 1 73 110 67 124 60 19 14 2 48 94 19 40 97 95
    1 111 109 104 49 44 65 39 68 12 122 48 7 111 112 80 23 117 52 22 95
    79 48 50 82 71 122 79 23 94 98 55 7 6 17 109 15 120 35 39 28 25 65
    65 124 45 57 96 64 15 31 33 1 61 80 30 23 48 74 40 69 30 9 4 87 12
    111 110 35 114 111 28 17 10 46 31 41 120 114 24 117 52 22 111 59 112
    120 97 17 110 47 97 93 97 112 48 59 30 121 103 51 124 101 41 34 56 7
    103 72 26 81 90 1 0 118 49 11 127 21 19 109 98 32 43 6 61 72 20 61
    70 105 93 82 39 16 77 75 97 74 94 125 40 56 8 11 84 67 74 116 21 75
    79 68 5 32 95 52 97 32 99 108 119 106 62 83 83 16 49 108 36 38 51 67
    121 13 83 47 68 57 59 19 71 3 55 0 26 5 38 110 85 80 97 14 56 29 30
    112 86 66 97 37 116 122 123 79 86 75 25 3 81 36 10 46 19 58 50 68
    105 124 107 21 23 2 72 4 90 12 59 4 108 81 51 90 86 55 93 43 68 46 2
    86 72 70 118 114 18 45 12 17 46 41 6 118 9 106 4 65 107 85 9 33 37
    73 102 83 124 52 13 123 122 11 80 70 41 3 102 51 80 14 119 56 50 61
    86 119 40 47 74 15 10 8 102 110 12 118 20 80 47 111 44 115 81 44 38
    5 16 117 12 103 36 85 80 94 20 39 44 74 87 61 88 5 40 123 34 43 101
    17 0 30 30 119 28 78 70 109 70 8 91 70 49 101 63 83 14 52 9 21 7 44
    123 50 78 94 17 73 10 48 125 44 125 127 21 17 31 65 62 111 57 24 1
    47 89 119 80 19 55 104 122 117 38 15 94 30 35 118 4 98 66 23 13 84
    47 56 29 124 28 20 71 37 13 116 104 121 108 92 36 59 114 78 29 102
    39 82 4 120 97 36 47 58 95 90 91 5 62 125 126 44 56 3 116 60 0 3 89
    34 101 75 21 9 40 57 39 30 91 25 123 81 58 37 63 81 86 116 88 17 6
    69 10 85 59 33 18 72 26 80 42 124 63 60 29 57 79 15 86 98 116 114
    104 68 67 49 113 75 74 39 34 84 122 79 56 117 26 1 39 109 110 2 87
    13 77 110 65 67 38 4 107 5 18 98 91 52 89 109 41 122 57 51 74 116
    111 58 83 57 7 126 112 120 42 111 113 61 51 6 63 22 127 68 79 3 23
    12 14 116 92 21 20 60 41 70 112 69 72 14 12 120 66 97 61 0 79 63 96
    104 78 39 103 110 34 109 81 117 1 95 111 73 103 93 103 92 14 46 51
    33 60 107 0 3 11 100 72 61 102 29 67 96 67 50 38 44 123 58 117 71 39
    110 121 40 76 82 91 52 111 25 42 50 107 7 54 104 59 18 75 112 54 40
    20 38 85 46 86 6 116 35 37 40 56 122 127 64 5 122 34 108 108 91 110
    40 63 7 81 27 111 18 95 126 94 25 74 13 113 60 24 70 121 35 59 87 46
    86 20 26 120 61 44 41 101 115 87 103 32 58 79 70 59 19 37 21 85 107
    53 77 65 60 53 39 59 45 96 104 67 120 70 53 0 86 71 86 118 3 89 5 50
    10 38 77 104 70 112 103 118 7 6 6 27 0 78 104 58 117 50 114 28 5 58
    30 18 80 18 69 114 21 8 11 119 21 64 5 47 107 78 73 14 63 93 61 6 4
    69 38 79 34 111 14 19 86 37 46 32 67 11 21 126 51 7 22 51 41 56 114
    43 67 9 79 30 34 82 119 62 39 18 92 121 31 16 27 112 105 19 108 110
    110 118 67 7 107 57 70 36 0 102 83 21 16 0 24 36 82 63 20 73 34 100
    43 45 58 97 40 29 61 14 61 15 0 77 73 107 109 62 6 13 28 0 17 23 70
    78 16 122 19 125 37 111 36 14 124 121 81 1 25 44 9 80 89 38 14 17 11
    76 10 70 78 90 100 121 37 30 118 75 59 117 110 43 19 30 85 52 75 72
    63 115 120 15 62 32 19 121 45 65 126 100 96 65 63 10 40 127 6 43 63
    19 8 25 54 93 24 4 109 16 65 18 85 58 76 3 84 105 120 123 79 72 4 8
    88 102 110 118 118 69 83 123 93 26 5 17 64 52 17 84 20 68 61 93 89 4
    92 30 102 89 106 60 100 52 70 28 46 53 100 95 64 97 60 114 102 90 57
    82 17 93 21 20 73 29 62 58 14 60 85 126 18 45 77 72 14 96 125 41 45
    90 80 106 4 68 78 48 33 47 12 45 88 56 119 84 1 49 78 103 121 2 69
    27 110 109 108 25 104 16 63 37 19 50 14 58 21 80 86 28 78 17 110 66
    6 29 88 59 123 94 92 58 67 33 23 85 75 113 117 17 68 108 16 21 13 36
    94 97 16 21 112 101 21 35 125 93 63 79 121 104 105 90 61 1 33 6 2 35
    116 67 124 119 79 59 107 89 115 43 65 93 60 77 88 72 13 113 8 44 93
    6 21 76 68 2 47 14 33 105 90 39 92 7 12 101 105 49 35 101 25 86 125
    119 84 124 6 106 67 88 101 68 76 101 22 4 97 44 105 111 31 117 81 63
    80 60 122 13 66 16 85 14 114 22 12 115 101 64 104 75 40 74 22 3 71
    62 85 34 76 118 50 8 17 73 86 52 12 124 116 59 14 91 12 6 127 10 2 7
    41 127 120 4 23 5 74 1 28 33 44 85 62 87 79 94 37 11 3 6 21 118 46
    127 99 2 76 47 56 46 55 101 33 79 94 61 122 3 65 3 0 18 60 39 34 52
    76 1 86 25 68 69 112 49 125 25 48 51 15 36 17 90 65 77 68 17 91 93
    125 106 25 25 63 82 119 118 22 110 0 67 55 65 24 116 110 79 45 127
    91 98 34 15 12 10 26 109 54 73 94 73 17 125 75 104 127 68 70 120 43
    63 81 76 14 68 113 60 104 95 8 21 13 68 27 41 84 87 76 100 31 30 119
    27 20 20 50 40 6 56 120 122 16 43 117 57 46 72 32 111 52 10 13 48 55
    30 81 91 3 32 41 118 41 27 75 87 23 49 65 0 73 75 83 111 62 3 21 0
    11 88 78 31 28 95 6 11 29 126 99 7 32 60 27 112 117 20 13 19 54 125
    14 73 36 42 114 71 9 104 70 18 107 11 81 85 120 15 84 90 101 124 89
    56 49 101 49 72 99 61 26 84 78 59 112 84 127 62 67 76 47 53 31 91 28
    103 79 64 93 71 104 48 114 74 16 75 26 1 30 81 92 23 69 4 114 85 45
    62 98 28 84 17 126 113 40 98 8 69 21 36 49 120 77 63 45 78 15 84 21
    0 24 103 10 21 66 127 116 27 89 25 9 40 94 48 98 123 65 25 45 8 76
    125 75 106 100 31 5 86 124 88 6 93 1 2 51 108 80 87 88 69 49 94 111
    65 22 23 101 36 86 54 20 20 124 115 117 61 90 55 13 18 64 23 44 13 0
    28 24 92 47 98 38 89 6 48 13 47 101 117 58 62 56 51 88 19 92 50 96
    116 102 76 88 39 24 29 18 62 24 87 55 78 56 76 66 0 35 115 126 20 82
    36 117 36 27 79 41 46 49 64 5 38 15 109 11 20 66 16 46 60 125 80 69
    95 95 126 116 44 80 58 75 72 28 56 118 20 62 108 80 107 110 121 62
    63 23 63 14 50 49 43 31 35 104 6 41 100 78 14 18 10 58 119 96 114
    120 68 14 4 77 86 0 108 65 70 97 46 2 120 99 61 55 127 94 127 39 3
    74 36 108 119 88 16 12 79 7 124 70 43 77 2 105 45 109 125 104 107 59
    83 19 111 106 48 58 93 54 108 102 39 107 70 96 62 22 78 94 31 57 23
    27 72 10 102 73 121 33 19 55 104 113 69 118 38 127 54 10 3 84 88 56
    71 63 26 44 86 37 109 12 48 66 65 88 54 117 6 59 68 90 70 30 116 4
    110 79 125 47 113 114 81 12 20 4 108 75 38 125 87 68 51 24 109 103
    101 119 114 11 95 5 125 116 122 93 16 71 77 78 119 97 72 31 26 48 56
    76 16 29 40 7 42 33 94 17 61 76 122 75 50 47 75 74 23 93 96 112 89
    72 46 113 116 104 41 73 2 30 112 20 21 72 109 115 3 29 88 63 26 63
    11 89 112 62 79 123 15 127 71 88 103 12 55 14 1 29 11 53 107 126 97
    94 90 10 69 119 126 56 126 116 76 42 18 117 115 37 60 23 113 91 122
    14 79 24 28 31 2 26 0 92 100 86 102 59 106 62 91 20 86 20 4 8 71 120
    114 127 106 100 92 86 66 94 79 27 2 74 41 57 47 112 54 43 31 81 126
    24 6 78 39 23 16 114 34 12 36 21 6 25 70 112 42 34 4 12 72 25 54 73
    106 33 16 109 114 122 84 6 79 77 19 99 114 126 113 59 8 67 40 68 61
    18 59 48 25 51 40 49 83 90 119 66 72 107 79 14 103 34 121 2 86 68 68
    117 69 127 36 31 16 83 86 112 114 127 38 6 68 52 25 118 122 89 4 32
    1 43 35 100 73 54 3 0 9 106 1 84 106 92 74 86 90 120 7 45 86 101 41
    76 103 57 30 109 9 45 71 119 61 60 16 51 77 32 109 69 80 63 5 66 35
    8 9 70 86 100 35 21 52 119 25 21 59 69 104 44 7 11 6 43 0 115 106 97
    39 77 118 107 80 86 5 26 68 91 72 91 90 80 104 77 90 64 82 98 79 87
    107 120 107 77 94 77 26 7 13 122 117 116 42 14 17 66 83 112 110 0 15
    43 90 7 113 51 73 0 122 124 50 43 94 57 58 41 19 82 124 42 56 43 114
    30 54 82 88 7 13 13 47 77 11 11 99 43 4 23 2 69 0 40 64 11 79 77 23
    44 27 53 127 39 11 30 100 33 118 112 14 106 100 68 121 87 116 72 72
    25 29 6 8 22 102 110 121 85 7 125 24 1 95 58 60 53 22 36 17 28 32 19
    87 62 69 45 104 34 22 94 53 43 69 33 113 16 99 51 75 73 35 66 58 11
    3 35 59 18 12 95 122 87 29 36 48 4 79 2 117 74 96 34 69 98 23 120 35
    108 60 27 25 70 114 56 64 48 84 28 11 117 33 23 44 56 18 54 101 90
    99 86 118 119 109 51 9 112 77 18 15 85 70 119 15 77 66 9 35 81 16 64
    7 54 32 111 125 29 50 111 68 100 7 49 106 24 60 64 65 99 29 115 117
    85 39 77 25 16 56 90 107 47 7 91 30 15 21 46 61 94 114 14 10 26 82
    17 12 111 100 70 107 110 75 59 48 107 66 75 46 78 119 59 79 40 4 95
    3 59 119 123 115 4 96 105 100 57 49 92 74 42 27 90 101 123 93 74 72
    79 54 24 33 106 33 47 115 127 119 34 98 126 44 83 42 85 120 59 48 68
    37 8 81 38 124 92 7 118 54 94 85 121 45 112 52 82 122 56 73 34 42 64
    65 41 36 98 72 65 54 97 118 85 66 46 38 103 14 40 127 112 46 56 67
    46 6 2 72 79 62 38 20 27 102 92 104 68 42 30 125 124 104 113 62 84
    18 0 110 100 89 35 69 10 20 55 41 111 8 25 111 114 34 38 118 99 49
    80 8 39 60 120 121 127 77 26 92 85 99 42 81 5 59 108 47 71 23 34 15
    14 118 124 27 10 30 67 14 37 103 95 104 101 127 14 119 15 26 2 90 82
    119 78 112 31 127 71 92 21 120 33 44 100 104 102 105 11 25 70 115 14
    64 39 117 85 125 9 54 0 127 46 10 86 40 80 86 74 28 26 120 104 12 0
    114 123 61 13 90 113 111 64 13 105 127 17 126 89 101 38 7 77 38 90
    122 56 94 101 85 2 72 110 108 86 115 43 46 85 32 60 55 82 121 43 21
    7 50 41 69 100 86 80 79 117 51 58 71 13 11 46 53 62 44 124 36 40 118
    73 29 79 58 106 55 71 90 6 66 8 65 17 16 1 86 34 105 124 112 114 74
    30 118 61 127 78 89 116 71 1 88 92 37 34 87 41 17 67 66 109 100 40
    108 51 20 122 108 70 61 36 111 38 99 35 37 72 104 48 18 13 97 115
    123 122 60 22 83 66 47 31 16 104 124 0 50 66 126 44 45 17 5 28 71 99
    20 65 81 79 8 21 86 101 6 74 18 30 50 8 104 118 104 83 100 17 28 101
    55 97 112 66 5 80 66 68 60 18 86 70 60 65 48 8 21 44 22 31 47 31 60
    84 33 14 36 14 6 28 127 99 119 46 75 106 14 33 94 113 43 91 122 109
    57 119 67 115 85 41 65 99 81 3 102 44 81 71 116 10 77 32 109 43 67
    119 123 45 98 42 62 67 115 104 10 53 98 35 36 67 52 123 42 40 3 96 8
    64 24 53 118 8 69 88 92 112 75 89 111 100 71 120 29 43 55 4 4 88 25
    45 83 24 26 84 2 101 72 66 53 79 117 100 6 80 40 92 51 118 105 24 77
    12 17 98 10 38 48 85 71 115 71 17 69 4 65 99 32 94 35 81 22 57 105
    20 67 19 72 45 103 70 12 15 21 75 27 79 47 76 15 92 49 79 9 110 107
    117 109 48 66 63 110 6 82 88 75 101 109 96 86 29 90 30 101 97 5 116
    122 81 87 42 79 82 36 57 100 13 22 7 76 9 65 80 29 17 90 108 2 94 26
    94 98 52 18 87 75 73 91 81 124 66 35 83 23 61 0 95 69 2 111 37 1 34
    83 89 46 56 67 57 66 89 27 22 102 37 45 93 88 92 73 100 119 31 54 25
    123 87 117 4 46 68 35 7 69 55 99 70 47 70 43 72 38 114 44 86 92 13
    56 109 24 49 102 123 9 7 76 26 3 37 94 121 4 22 91 118 115 73 114
    107 39 22 71 32 123 64 39 21 100 35 96 121 4 114 67 103 47 99 58 30
    83 117 91 72 3 54 52 77 28 27 34 74 36 76 104 121 90 71 73 46 59 76
    87 17 47 95 121 39 97 115 14 124 40 21 38 14 100 57 38 2 97 2 86 6
    28 43 60 23 58 56 42 107 88 92 82 33 115 50 125 8 33 44 35 51 120 53
    24 18 98 108 93 39 22 21 112 46 96 54 81 32 90 1 0 108 4 91 85 47 18
    39 91 11 104 54 27 110 115 70 86 52 84 43 125 50 53 13 100 111 52 24
    82 117 56 47 98 71 94 70 123 95 83 23 56 95 125 46 59 34 117 100 53
    108 6 119 113 67 45 120 94 6 25 109 121 6 106 39 118 35 4 96 53 2 89
    96 99 126 41 15 48 5 27 36 23 9 52 95 42 89 61 53 107 7 91 30 19 22
    3 64 56 22 106 88 106 125 69 16 118 19 59 9 51 15 66 96 38 116 118
    46 84 16 116 56 58 2 65 72 125 32 15 28 84 71 28 125 122 12 55 9 90
    11 4 1 51 92 33 30 101 47 35 96 119 2 20 24 107 51 99 27 116 105 21
    8 43 120 58 56 96 62 77 18 5 118 23 66 50 109 58 65 83 3 3 48 36 122
    25 57 66 32 88 9 21 109 90 87 0 63 18 23 62 103 25 102 91 102 17 21
    35 48 38 73 122 46 75 34 56 22 94 85 49 42 110 68 117 46 23 33 39 59
    55 111 59 92 88 93 16 72 79 106 39 9 57 2 123 71 74 102 95 74 43 80
    28 15 52 61 2 6 30 40 53 29 8 115 72 40 14 80 32 116 10 102 12 14 79
    105 3 26 30 71 109 7 55 28 97 59 5 100 17 78 11 76 80 39 32 2 118
    119 52 27 28 30 6 55 111 54 90 125 30 104 91 108 75 57 71 116 11 108
    20 66 41 25 93 119 120 125 63 41 116 41 73 117 122 78 112 77 114 86
    35 20 51 112 39 20 58 5 34 35 45 37 70 16 73 7 121 121 62 82 24 59
    67 53 110 122 90 0 78 37 75 5 10 92 107 52 49 19 19 12 72 96 51 106
    101 19 93 38 32 7 39 35 69 82 96 14 114 22 69 9 29 117 96 79 72 31
    48 12 86 37 48 7 88 91 4 67 93 51 63 16 81 104 48 16 67 42 34 100 38
    24 11 30 19 57 94 70 34 118 97 97 58 72 52 65 99 125 126 57 28 31 56
    125 10 77 99 78 30 18 93 49 19 28 41 62 125 120 52 37 95 118 0 90
    112 57 97 50 81 23 117 7 63 22 5 38 96 3 64 77 94 26 3 21 103 88 47
    48 67 26 63 79 17 114 38 40 76 122 73 121 77 39 105 3 2 61 52 83 122
    12 20 24 14 13 113 64 103 5 19 54 109 54 80 0 61 69 17 53 120 24 117
    7 61 18 89 89 107 67 107 62 39 13 111 82 125 114 18 34 41 110 95 43
    61 46 75 96 43 49 101 47 11 90 27 64 127 90 42 16 62 59 99 41 70 4
    88 50 64 66 33 43 121 99 24 12 126 100 38 114 23 71 75 68 93 82 104
    125 36 41 60 51 53 114 91 112 95 8 120 28 35 21 68 62 44 94 45 118
    15 71 60 127 79 75 81 99 41 4 32 20 78 120 67 123 93 93 21 120 24 49
    50 74 58 84 30 57 21 8 22 36 122 122 65 80 76 16 62 13 123 43 14 17
    122 43 127 67 74 111 89 123 59 0 96 92 89 51 24 102 21 2 30 90 37 32
    124 48 9 64 103 43 108 60 57 109 33 10 114 52 92 124 58 84 100 24 54
    35 120 36 12 79 92 117 114 67 122 4 93 10 5 17 121 11 112 120 54 87
    74 67 101 94 6 60 112 12 93 89 114 38 9 22 71 124 34 116 103 30 69 8
    38 74 104 70 92 111 112 126 33 0 97 110 23 81 95 105 21 93 76 88 111
    124 112 29 124 86 69 68 36 60 106 81 69 90 42 87 75 26 26 35 11 86
    75 104 109 73 22 40 0 83 57 62 37 120 11 122 36 114 17 47 35 87 58
    89 63 26 61 74 17 32 63 123 90 29 91 126 121 67 69 99 74 78 104 19
    49 91 88 30 20 10 56 82 27 65 37 48 61 116 84 25 13 64 111 13 105
    115 50 77 86 56 47 8 63 14 36 18 4 85 9 88 90 0 34 10 105 77 46 125
    8 48 101 31 82 113 99 29 25 16 8 99 107 59 126 99 14 8 75 12 79 89
    74 11 74 101 73 69 73 54 83 109 119 23 102 74 7 84 45 119 107 6 120
    58 116 14 73 52 4 41 48 114 93 99 36 22 50 98 115 111 114 61 15 74
    69 1 42 105 82 39 14 125 70 22 108 16 80 25 90 107 126 5 57 117 83
    115 40 69 19 12 103 15 45 33 111 23 70 86 46 53 73 107 81 64 105 44
    84 83 38 67 40 51 117 3 100 88 83 63 68 0 103 88 80 112 21 19 107 4
    101 83 64 8 3 90 56 48 111 58 95 68 64 97 23 110 80 13 96 36 48 20
    46 20 73 9 100 13 96 13 91 23 44 13 119 120 85 91 5 79 120 25 72 37
    95 67 84 94 99 68 51 88 42 18 119 2 84 75 87 62 31 99 31 84 26 125
    81 53 75 50 63 57 27 62 71 63 71 95 113 51 37 1 78 35 40 109 49 51
    84 38 58 19 80 42 27 15 29 48 120 101 66 40 77 69 87 116 84 66 56 78
    61 63 36 20 109 13 56 71 109 107 106 14 24 78 71 41 120 80 127 99 0
    6 76 7 30 7 20 38 1 86 126 18 24 19 93 96 49 35 14 24 52 86 47 29 63
    110 112 78 9 61 85 80 42 52 54 40 9 16 34 89 77 68 98 38 13 49 66 57
    58 86 30 87 16 102 112 67 5 71 116 49 4 28 67 39 89 58 55 18 5 64 78
    72 97 35 85 60 10 31 48 95 34 31 85 103 71 94 42 24 124 43 74 51 115
    50 96 112 8 81 27 60 8 29 42 90 28 96 65 28 28 103 98 78 84 43 2 57
    58 32 92 51 117 21 62 120 11 98 31 39 54 86 64 8 38 45 97 2 53 121
    78 114 64 114 74 126 115 9 47 69 95 108 102 76 6 76 19 101 77 59 88
    102 39 3 46 2 21 33 93 9 97 89 9 50 46 38 94 23 65 16 22 20 57 68 77
    100 93 45 105 24 97 62 27 101 62 7 104 5 40 48 47 97 22 19 15 97 14
    85 60 1 3 48 108 58 87 78 108 120 35 49 104 122 1 99 21 3 41 54 103
    2 70 16 16 67 39 69 122 40 52 41 124 56 103 99 38 127 85 0 70 27 14
    47 71 92 70 4 53 51 92 94 65 5 52 74 92 55 47 30 55 56 47 74 97 79
    22 53 45 54 102 45 79 66 127 114 122 10 71 6 62 107 50 11 47 97 27
    60 69 50 21 36 38 46 55 44 93 46 41 0 52 78 73 26 41 74 46 0 73 28
    99 71 68 58 42 34 94 100 82 70 54 36 75 0 82 6 112 64 8 5 31 39 60
    102 79 24 79 60 120 68 50 89 58 66 112 64 126 2 26 19 112 40 39 89
    21 8 23 120 113 68 115 101 18 66 8 111 77 115 47 83 81 102 61 34 107
    57 99 89 73 66 61 67 122 24 98 5 95 61 7 83 118 27 31 105 77 20 127
    6 33 91 52 25 20 92 7 121 5 24 99 103 89 24 116 100 61 120 77 11 99
    37 41 77 27 106 49 47 65 68 63 36 114 45 65 1 80 77 115 4 95 13 124
    107 48 16 54 2 112 123 105 103 110 100 98 5 116 61 8 110 30 105 95
    50 113 28 27 100 92 104 8 41 8 58 24 47 13 124 65 97 109 50 5 109 99
    117 119 86 126 1 33 77 47 16 107 95 11 125 78 33 3 46 122 18 39 15
    54 80 85 77 28 26 91 85 7 69 55 13 48 112 11 82 67 94 114 73 90 1 41
    39 23 45 81 2 65 47 58 2 24 55 0 8 50 118 98 104 29 82 67 99 100 84
    94 23 114 121 5 59 68 32 24 44 74 26 17 60 82 20 0 31 112 63 107 27
    105 93 38 98 16 34 44 124 57 33 53 125 59 83 98 3 87 92 68 102 60 41
    46 111 47 92 47 95 94 87 124 45 38 86 21 123 118 116 59 58 111 88
    119 10 36 56 120 102 76 110 102 57 26 63 15 85 21 18 16 89 64 91 28
    28 15 29 35 92 8 2 61 28 114 87 73 108 15 106 58 41 111 109 122 67
    30 85 56 103 12 111 64 48 58 82 88 119 48 85 29 13 35 82 66 120 6 53
    80 54 120 11 110 75 27 29 112 121 18 10 18 103 74 36 70 97 118 7 116
    32 72 118 122 71 39 30 13 111 7 70 53 94 45 37 23 105 71 75 108 120
    63 83 62 0 118 41 54 50 49 103 61 8 87 24 100 108 70 32 107 94 93 35
    0 72 74 0 32 5 10 28 27 108 35 56 85 85 55 97 124 29 41 115 19 21
    104 34 122 3 16 31 32 96 49 102 102 40 108 46 24 69 8 77 93 17 24 86
    57 91 107 116 67 61 1 64 18 34 81 11 81 45 36 3 50 35 11 24 20 10 23
    0 30 53 91 41 64 6 69 42 20 55 115 10 50 110 12 91 81 89 59 21 47
    102 26 68 78 108 101 69 15 117 21 26 112 75 29 28 69 125 44 28 19 60
    13 67 18 65 68 63 106 8 68 18 115 32 15 91 70 121 72 17 112 29 62 52
    102 41 120 49 82 126 68 53 6 4 3 26 96 33 79 97 19 70 94 109 7 40 31
    92 45 100 79 126 115 80 118 17 67 26 33 27 114 22 48 103 10 118 60
    81 22 115 90 1 87 3 13 71 77 105 42 24 15 24 113 112 125 75 89 43 10
    103 75 115 119 114 106 13 65 22 58 100 108 116 19 4 6 7 9 92 24 68
    32 82 54 44 17 43 125 5 78 85 75 122 45 29 120 45 100 122 67 119 4
    55 93 66 69 52 15 51 59 118 86 121 29 115 79 68 17 41 25 102 37 15
    74 18 29 50 10 112 23 119 87 112 72 47 125 10 76 112 43 116 113 65 1
    85 117 26 3 113 37 16 69 111 66 68 112 104 63 37 108 43 85 69 58 111
    30 58 80 68 86 10 122 123 7 112 89 71 68 7 121 2 109 17 27 8 91 81
    50 77 60 80 4 124 8 96 119 90 57 109 89 40 36 17 77 58 3 92 82 37 95
    7 56 65 46 9 28 56 38 55 104 112 78 57 118 107 73 86 44 83 36 62 124
    23 104 55 56 64 8 16 52 10 75 71 80 69 89 115 101 80 111 40 76 58 43
    103 52 31 39 22 101 18 61 12 92 41 91 67 126 3 62 92 124 17 111 16
    73 9 17 95 123 71 89 125 65 103 27 62 17 78 9 97 123 61 22 74 72 56
    84 65 3 37 111 33 87 53 11 41 7 46 106 42 53 2 126 44 82 115 36 40
    67 31 121 89 39 125 56 22 59 123 45 120 88 119 1 11 37 48 7 19 101
    38 78 116 8 92 99 70 110 8 6 31 36 63 119 37 102 55 33 24 126 103 39
    101 79 66 69 108 46 14 1 59 119 62 86 44 126 77 88 22 126 108 24 119
    11 47 72 72 112 16 8 58 73 68 84 52 59 69 15 92 112 33 88 53 113 98
    90 112 120 115 112 94 118 29 40 114 78 22 20 105 81 78 0 50 43 120
    34 104 28 50 52 108 72 45 32 21 94 20 102 23 83 44 124 66 118 30 29
    55 120 70 63 21 49 53 82 21 121 26 40 25 14 17 15 111 126 127 88 87
    107 105 115 3 121 44 106 51 72 80 121 117 64 94 120 48 19 10 86 75
    66 43 61 101 36 61 27 26 9 84 98 9 8 80 48 127 9 77 103 38 43 104 97
    82 108 25 60 32 26 56 118 82 26 68 20 10 97 94 78 30 89 42 6 7 12 45
    13 23 90 24 56 114 38 12 111 57 50 126 119 12 120 97 19 106 98 101
    100 57 43 98 28 96 127 19 124 99 59 93 123 61 92 119 2 67 46 122 53
    114 39 92 68 52 96 118 121 127 63 15 2 104 84 48 29 81 107 31 14 67
    66 78 126 98 112 15 22 37 18 73 104 93 64 122 58 64 108 123 4 67 58
    113 101 69 124 69 3 68 14 117 28 5 124 53 24 112 53 101 75 48 98 77
    1 93 79 60 8 73 90 55 124 25 11 85 91 76 27 52 96 123 116 97 79 32
    60 55 21 74 0 20 106 35 58 122 83 24 120 114 122 111 40 70 98 9 88
    33 65 28 84 93 99 103 6 62 65 64 107 103 101 99 78 9 79 67 64 92 73
    34 82 49 17 97 57 4 122 70 125 55 41 13 69 41 49 41 79 119 31 48 75
    45 115 111 44 77 86 50 42 48 30 102 83 7 70 50 119 23 42 86 68 11 15
    5 67 126 105 29 45 43 87 113 105 22 105 72 91 43 37 34 86 61 80 84
    105 66 83 45 126 75 14 16 30 91 82 116 14 50 62 61 50 117 57 104 31
    121 116 35 2 81 73 127 24 46 62 122 101 113 56 19 87 43 20 75 69 107
    70 101 99 82 32 56 125 107 50 120 51 17 12 70 85 33 110 85 95 2 37
    62 94 2 104 0 113 124 123 26 123 33 124 52 80 97 17 90 10 47 59 53
    27 42 32 96 105 76 36 55 32 64 87 47 6 51 13 25 91 96 66 84 62 13 7
    114 100 77 15 36 49 63 54 45 31 93 52 103 123 48 40 25 43 11 71 2
    119 89 14 16 85 107 88 32 105 21 32 102 86 32 115 87 78 4 102 110 91
    86 115 88 61 12 117 99 91 4 55 74 8 51 127 21 101 63 36 30 0 21 34
    61 53 55 74 91 37 110 14 110 7 78 110 90 59 120 115 72 38 63 56 18
    103 118 57 23 28 38 49 75 12 61 67 45 64 97 27 107 3 5 0 0 2 29 91
    46 30 18 119 112 65 59 35 85 61 120 38 14 24 81 46 113 14 88 72 24
    74 63 19 22 105 96 32 86 85 46 34 60 84 44 76 32 88 60 80 12 59 47
    41 12 97 108 85 63 24 125 59 127 21 77 92 18 44 101 36 85 50 110 45
    126 91 127 120 49 110 30 7 29 116 53 22 37 47 44 110 126 15 76 66
    105 55 111 121 26 95 29 50 88 53 71 47 80 40 79 38 111 79 51 53 53
    100 84 87 17 23 79 115 33 44 51 99 8 122 83 64 86 32 76 24 52 34 33
    104 52 11 46 101 77 68 57 22 119 72 92 127 88 33 19 89 31 73 126 112
    42 116 109 105 52 39 68 83 106 67 91 7 27 68 119 49 92 117 66 0 20
    36 54 99 110 27 116 103 65 65 25 65 49 72 14 113 93 39 74 25 119 7
    122 49 35 54 18 88 124 115 15 52 116 107 96 2 86 106 94 27 107 8 122
    104 86 69 55 109 68 47 38 64 0 8 6 46 6 102 90 115 71 66 104 42 125
    96 45 51 121 55 122 66 123 55 79 17 9 110 26 50 29 28 55 56 62 78 63
    58 41 123 50 32 80 11 95 88 113 116 85 111 70 1 0 9 68 121 101 55
    123 69 4 77 97 35 83 60 115 75 32 39 53 24 19 5 96 24 60 58 51 34
    115 59 67 127 90 96 21 35 104 103 70 0 61 39 95 71 83 50 76 9 31 55
    52 18 112 67 50 40 38 10 66 49 114 13 113 105 29 127 69 18 98 75 71
    19 117 76 66 103 80 104 114 3 113 83 82 21 39 123 111 75 95 35 23 12
    112 108 74 22 49 26 83 51 2 19 18 90 24 13 31 114 83 58 7 126 9 87
    32 63 49 55 12 109 105 49 70 102 68 21 64 10 90 120 89 126 118 33 87
    55 102 2 100 98 69 87 62 79 87 9 101 1 109 6 80 1 59 82 105 46 109 0
    49 118 124 80 100 113 10 85 48 75 10 110 54 98 18 54 15 39 8 113 121
    34 9 107 81 55 50 84 61 12 107 127 3 17 68 108 24 25 63 113 46 48 53
    91 73 35 117 124 24 92 79 8 26 99 32 7 40 125 7 105 80 48 23 70 42
    54 78 30 64 50 127 85 114 50 96 84 85 69 8 77 52 123 123 112 63 83
    18 30 61 72 33 103 2 105 9 16 75 89 80 65 123 53 91 117 6 74 90 34
    58 115 65 14 79 53 80 7 91 66 35 126 68 80 55 51 102 87 119 80 71 33
    108 110 108 80 73 12 124 81 63 88 44 47 111 94 55 94 79 19 12 44 88
    28 11 36 36 62 72 74 47 60 0 114 46 21 7 88 99 19 8 7 93 83 5 105 31
    73 43 125 8 126 117 67 11 13 41 85 58 105 70 4 24 18 108 78 13 102
    119 100 25 83 54 108 100 17 87 127 122 18 72 55 0 108 37 95 2 58 85
    126 106 126 55 78 124 98 34 75 62 30 106 95 97 72 75 96 107 101 1 36
    16 29 1 35 119 55 80 59 76 19 2 56 127 11 122 108 34 18 122 88 73 64
    120 39 85 21 114 103 123 41 5 99 17 86 9 112 9 118 17 84 122 92 48
    58 116 60 3 89 4 123 127 100 24 52 122 54 19 8 26 41 46 92 114 97
    110 122 106 112 39 18 95 61 79 76 14 39 107 80 6 30 114 91 40 50 7
    58 82 112 83 48 90 61 65 112 14 127 77 75 77 49 73 125 25 13 19 86
    57 82 74 114 3 2 50 1 125 95 30 6 59 125 45 66 75 88 127 126 93 53
    92 84 40 18 24 69 24 27 109 39 43 73 92 58 35 115 104 108 60 57 34
    100 35 116 92 73 43 36 62 46 114 70 84 75 40 125 115 49 6 116 105
    111 63 75 11 93 9 8 26 47 92 19 50 39 83 82 62 124 50 93 6 18 56 30
    74 88 80 24 5 126 71 13 108 103 122 74 45 7 91 96 20 88 83 109 5 57
    95 10 80 120 3 5 79 120 30 0 15 13 91 68 0 46 60 110 33 32 67 117
    112 79 103 39 48 22 4 124 4 123 20 41 85 86 57 38 36 18 2 23 16 37
    55 83 78 40 93 123 13 17 58 37 107 77 76 44 27 48 117 18 120 57 126
    9 23 18 104 120 33 9 14 102 33 60 123 71 54 39 71 22 93 53 93 58 60
    4 123 115 42 26 78 125 98 39 126 96 53 109 101 37 31 15 110 64 111
    24 15 47 85 65 113 120 27 82 62 76 111 48 87 54 86 68 52 53 117 47
    38 110 88 22 91 71 113 92 74 41 26 110 126 45 42 112 66 61 55 52 57
    40 88 92 20 100 118 31 39 110 125 2 123 52 104 56 85 62 12 26 82 93
    101 119 73 39 2 20 53 34 2 116 107 16 97 50 107 116 42 122 67 10 90
    53 82 6 62 104 110 101 72 69 52 5 49 36 32 112 58 28 41 80 30 37 87
    55 88 16 50 42 97 121 56 126 123 4 16 120 112 79 3 31 27 46 8 35 5
    114 121 40 36 82 92 98 4 79 44 110 51 62 72 79 49 87 67 47 80 24 75
    79 23 1 123 72 33 3 103 64 90 29 32 99 1 80 48 114 62 97 8 127 80 39
    8 34 64 97 50 68 117 54 33 86 62 48 68 59 93 1 71 23 70 17 68 2 14 2
    121 93 9 45 79 51 109 73 125 72 111 67 48 113 121 15 56 47 10 73 50
    123 113 61 44 106 85 127 99 80 5 79 28 52 84 111 90 74 75 123 23 122
    127 40 72 79 15 90 69 35 95 86 33 103 1 85 101 88 2 41 17 112 65 18
    112 55 37 85 23 100 45 31 88 35 6 34 85 108 108 119 13 21 12 113 39
    16 27 81 37 26 38 77 34 33 90 90 18 20 4 118 20 32 78 58 48 74 0 85
    61 70 45 101 53 46 16 73 103 104 71 49 9 45 97 0 119 107 87 72 45 64
    65 10 125 3 78 33 102 7 59 41 73 96 99 0 27 100 66 35 113 105 115 89
    16 2 118 77 72 106 58 47 119 49 14 116 15 88 64 45 23 94 127 28 40
    29 25 25 17 13 60 62 126 69 25 20 29 38 52 117 114 46 24 112 63 66
    62 56 107 79 97 9 34 88 94 105 87 46 64 121 19 17 50 73 4 91 125 105
    82 63 69 124 86 95 88 45 78 86 2 103 3 123 35 29 120 92 72 68 41 60
    18 22 8 100 109 95 67 84 37 28 15 31 50 56 111 82 25 9 37 80 127 78
    60 89 97 103 46 117 50 17 55 123 44 21 57 62 74 87 109 32 38 105 51
    112 5 120 77 101 107 81 122 111 10 126 117 105 35 17 10 97 5 112 2
    54 3 59 108 121 79 88 91 17 42 6 105 112 56 18 72 121 84 67 120 23
    105 73 86 33 34 120 0 62 101 75 45 109 12 75 104 105 105 50 60 21
    110 85 103 88 122 14 62 75 126 15 19 39 2 52 54 64 4 115 78 127 106
    68 108 105 67 92 89 127 9 86 48 39 127 39 52 102 121 48 67 47 94 59
    18 121 111 118 39 83 81 99 97 64 68 11 126 60 11 34 115 54 26 120 40
    24 5 63 63 60 121 21 49 102 83 118 30 6 73 69 74 10 89 45 105 6 92
    97 38 83 104 18 83 83 49 6 50 123 30 113 103 72 69 42 71 101 16 20
    78 127 73 51 70 29 116 59 74 62 127 15 84 115 11 15 38 110 17 34 117
    77 56 17 112 55 119 123 114 122 127 79 104 27 66 35 33 24 11 98 109
    30 70 122 102 94 25 125 55 44 120 80 62 67 121 13 23 32 45 8 111 66
    2 1 99 98 2 88 93 48 119 0 70 25 73 71 102 63 80 72 45 16 1 7 108
    100 84 85 120 112 5 12 22 124 28 1 115 71 80 33 68 30 42 13 85 27
    101 119 111 77 80 94 99 117 45 76 83 40 43 85 26 24 74 115 71 18 84
    26 39 35 77 97 28 34 13 74 116 26 116 18 70 20 77 110 64 8 117 125
    71 13 121 27 31 32 79 4 0 7 30 33 15 31 66 118 50 0 56 30 62 83 108
    101 22 40 27 0 107 81 120 62 93 101 85 127 21 20 51 28 29 124 53 64
    68 88 50 34 59 71 103 70 33 40 94 125 119 1 59 30 9 34 91 75 29 118
    119 59 124 97 10 120 48 109 26 39 80 77 25 14 14 111 29 3 82 96 55
    42 13 99 79 9 104 44 48 95 72 43 95 47 127 69 122 106 35 69 14 19 21
    14 91 53 47 109 119 78 58 51 127 118 69 14 36 105 119 78 85 12 42 57
    16 35 16 94 90 18 66 20 121 36 97 52 54 63 4 2 30 31 81 69 60 115 59
    115 114 20 95 110 107 126 112 50 108 14 65 42 20 107 23 45 33 29 14
    1 87 65 96 36 77 66 41 89 94 64 39 28 8 106 9 59 14 8 69 24 66 73 84
    60 21 23 52 30 91 34 83 56 30 75 83 15 52 4 78 23 113 24 34 40 48 1
    49 88 41 51 22 87 115 91 103 83 7 57 40 47 98 82 59 57 92 111 37 13
    37 22 97 13 59 46 54 110 9 78 24 84 33 127 91 51 7 25 31 76 30 43 25
    71 50 98 87 126 34 126 112 53 88 57 95 44 43 32 13 68 2 63 12 127 2
    30 111 98 77 117 71 81 88 50 97 114 54 90 111 32 14 26 66 98 96 86
    14 127 74 14 126 35 114 42 17 40 90 71 60 93 9 68 116 16 55 112 72
    12 55 1 101 24 34 90 120 37 126 46 16 56 95 26 25 69 12 84 30 72 26
    127 82 66 127 19 86 110 99 4 20 47 86 122 118 41 101 72 23 91 117 9
    121 18 81 108 89 93 16 126 54 113 94 127 9 54 83 115 39 27 101 101
    72 106 93 118 57 17 1 91 24 51 39 13 61 5 23 5 62 7 99 40 29 87 14
    92 37 68 93 116 45 121 127 65 99 127 18 81 121 41 1 5 94 8 45 55 100
    93 77 3 18 78 23 111 75 103 105 40 120 117 17 41 38 111 33 71 121 80
    27 53 70 108 118 31 21 101 57 47 11 70 34 93 68 127 62 18 123 57 84
    110 63 53 72 97 60 127 20 108 2 91 77 69 82 37 90 47 10 18 119 75 94
    59 3 127 68 53 23 75 27 44 62 44 7 58 114 21 33 121 39 112 63 72 32
    84 59 127 18 126 73 104 55 124 106 117 103 72 14 89 79 49 101 62 3
    126 0 56 32 97 26 4 29 8 119 30 123 58 99 84 62 52 77 85 36 15 5 62
    32 105 38 4 121 93 94 112 64 97 121 112 17 28 94 82 117 113 26 55
    106 112 100 21 20 123 60 10 73 37 87 94 63 29 83 83 61 31 88 23 100
    122 12 108 53 108 94 66 48 53 8 29 25 17 65 74 115 75 17 27 2 40 68
    124 107 124 4 75 26 36 28 110 98 56 6 93 38 115 67 18 60 61 57 81 69
    70 5 69 93 79 109 79 99 104 121 20 125 109 53 118 106 78 66 59 99 49
    29 100 24 80 53 41 82 123 66 103 45 51 59 75 10 22 32 10 82 89 99 4
    127 125 61 45 81 120 109 122 95 80 77 2 64 93 47 67 71 97 22 10 111
    102 25 11 50 113 6 91 13 106 52 99 46 73 84 79 126 28 25 41 113 70
    28 86 70 25 52 19 91 65 15 120 27 25 17 7 14 110 113 45 79 6 79 1 87
    33 90 126 36 120 74 30 22 9 15 8 126 87 48 103 7 58 66 42 117 87 80
    59 32 104 60 32 2 17 1 125 127 70 49 93 98 39 69 9 78 68 28 54 74 31
    57 37 19 27 4 35 3 117 102 42 103 101 40 110 26 13 120 35 111 44 80
    113 108 113 93 85 118 25 25 108 2 78 86 116 62 29 49 68 94 59 30 119
    121 84 5 66 72 17 78 75 86 84 26 21 73 37 34 125 96 16 97 98 74 80
    24 103 106 117 55 60 74 45 88 22 53 56 97 41 125 123 16 71 96 24 0
    27 14 87 78 46 116 101 118 45 15 46 84 74 110 90 124 0 21 43 44 6 88
    18 43 119 63 44 108 80 69 32 7 6 107 34 63 75 93 107 16 125 31 120
    53 45 87 100 63 35 29 96 40 60 105 104 44 89 34 7 23 109 26 93 76 83
    122 39 94 34 71 116 113 79 78 6 79 125 88 125 65 99 47 83 84 121 25
    18 117 90 60 32 23 65 79 120 48 53 2 24 77 2 67 4 3 38 19 34 24 26
    87 52 76 119 17 8 37 53 98 65 38 30 109 125 32 88 90 56 3 53 29 4 87
    80 8 81 45 70 107 110 123 66 123 124 30 67 43 24 63 20 62 107 31 58
    87 127 104 15 126 119 79 43 22 36 26 64 15 78 3 121 120 43 44 52 70
    18 6 3 103 125 36 42 3 93 101 13 21 106 85 78 59 108 55 110 55 125
    28 80 76 85 18 37 71 45 77 70 94 38 119 89 89 6 3 41 48 64 109 3 31
    40 44 90 76 93 45 9 72 67 123 89 26 80 111 1 37 69 53 45 80 0 109 60
    108 21 58 21 7 74 104 15 54 63 126 8 36 87 72 52 0 109 67 17 68 100
    120 69 5 78 120 25 43 34 74 33 85 77 105 82 42 111 56 118 16 86 63
    104 114 52 38 82 108 114 29 10 86 73 122 50 48 117 56 42 65 107 100
    4 2 79 40 90 50 91 20 83 102 70 125 123 40 33 118 88 94 106 88 36 73
    42 33 98 13 91 46 62 107 80 125 59 16 36 59 121 25 10 2 99 126 96
    105 34 30 121 115 76 27 65 53 32 103 120 46 4 123 58 35 80 45 7 77
    81 21 44 67 69 92 56 41 47 32 0 59 59 92 126 39 123 88 39 29 58 13
    36 61 18 118 54 15 48 80 33 98 61 93 18 88 7 105 115 42 2 9 110 101
    83 16 113 6 110 36 90 21 15 73 62 95 0 105 71 60 64 39 116 2 111 48
    7 99 106 41 11 110 113 52 13 95 95 0 117 73 46 66 105 75 53 53 94 72
    116 91 26 32 116 115 112 108 91 44 10 116 84 87 76 73 115 23 117 103
    13 31 51 108 67 27 40 77 67 75 55 49 114 32 46 3 3 27 38 67 70 93 97
    109 115 101 105 72 115 41 10 50 7 65 37 26 23 23 86 108 94 0 124 54
    36 78 125 64 93 73 115 124 111 75 72 86 113 21 84 55 124 61 47 110
    91 48 106 5 100 81 59 114 81 98 121 38 27 6 121 60 46 72 16 41 3 79
    3 121 37 1 90 4 85 86 5 17 122 89 8 114 77 65 25 34 1 84 105 95 85
    20 32 12 36 85 69 103 76 80 64 61 40 99 106 60 127 75 62 98 23 76 73
    101 18 92 83 42 41 86 34 95 97 20 71 25 52 64 73 3 48 105 31 59 21
    72 57 40 116 52 115 89 82 120 87 50 79 119 127 91 75 23 0 116 120 44
    51 4 125 70 4 50 48 103 103 66 97 58 62 47 26 57 102 50 123 95 69
    107 70 82 125 50 32 95 67 8 2 36 115 75 29 127 36 36 92 58 48 76 52
    91 67 60 110 120 106 79 43 24 93 53 124 55 101 75 113 50 81 63 94
    101 80 91 31 34 96 108 60 38 110 80 42 78 32 79 99 107 81 79 43 15
    114 106 69 14 31 17 37 78 69 61 42 98 116 113 27 26 19 32 49 126 37
    84 112 84 36 63 8 114 91 30 45 5 17 107 21 50 46 68 35 51 38 26 33
    42 127 15 15 57 10 89 94 51 92 48 101 84 39 103 55 34 114 58 29 64
    115 34 123 120 108 34 78 74 83 13 20 72 18 103 10 5 111 71 72 112 95
    42 40 41 72 105 8 39 89 51 94 105 63 62 1 93 66 32 77 97 92 40 29 49
    69 23 113 117 69 33 52 52 2 80 100 40 86 88 42 86 91 3 39 41 57 123
    97 125 0 87 105 124 125 92 93 49 14 32 31 125 107 43 63 93 104 54 35
    57 17 115 60 115 32 89 36 6 96 73 84 120 10 108 17 124 69 63 108 108
    38 119 82 72 126 66 32 16 59 27 34 127 10 77 42 69 42 6 94 85 35 104
    23 87 38 1 53 80 4 26 78 19 9 106 13 47 113 97 18 102 36 43 12 10
    108 49 54 75 5 39 50 102 38 66 86 26 47 92 11 11 123 14 9 113 73 96
    37 4 36 98 120 70 24 122 14 16 55 58 2 74 56 65 10 62 22 2 126 69 45
    100 4 87 121 51 97 82 90 108 42 34 45 80 104 3 99 73 109 26 44 58
    118 120 63 79 14 125 57 39 83 4 104 29 7 76 96 35 34 16 57 7 126 1
    68 96 104 11 94 0 2 24 93 27 6 101 74 28 33 103 28 35 110 19 93 107
    67 7 118 73 93 114 4 34 89 71 38 62 37 107 127 89 93 73 22 84 101
    109 111 21 45 112 95 30 111 14 41 4 113 77 70 15 106 40 60 42 44 17
    98 76 40 30 19 12 16 53 0 115 51 69 44 50 33 62 65 69 66 50 48 47 62
    9 9 45 109 12 68 23 41 44 35 49 21 21 59 96 105 92 103 79 75 76 31 5
    29 120 83 59 11 31 126 105 122 90 125 60 3 86 2 82 50 20 114 63 102
    127 57 126 80 82 72 63 38 28 118 2 84 89 5 97 63 32 76 63 15 42 85
    91 13 15 73 27 17 109 21 41 25 121 36 78 82 10 21 34 85 72 74 116 4
    82 115 7 5 51 30 16 9 121 93 65 40 69 110 114 59 105 121 64 49 22
    113 43 127 1 17 27 24 123 31 50 16 117 27 72 52 79 21 64 55 91 0 3
    29 41 19 54 63 109 99 99 31 107 95 16 115 31 95 32 49 45 19 115 111
    98 99 117 44 37 124 104 73 29 127 80 13 84 47 28 78 98 28 124 5 85
    38 52 36 76 22 76 50 18 109 7 36 46 2 45 118 15 74 125 116 84 96 32
    86 32 77 115 4 88 25 111 98 91 78 34 6 93 18 75 114 14 70 43 67 53
    77 16 74 50 12 44 75 105 118 70 6 41 81 99 36 70 123 35 98 50 110 95
    115 20 7 38 41 117 34 7 16 84 31 3 46 63 73 74 120 46 69 7 77 69 20
    83 47 27 51 68 80 72 117 68 13 86 3 67 8 118 47 15 109 57 24 50 121
    61 48 28 56 71 89 24 32 35 37 92 39 117 41 96 118 111 101 113 38 35
    0 113 107 101 105 91 0 37 100 17 95 79 11 1 27 73 93 11 39 52 50 44
    100 114 108 113 20 9 17 67 124 91 73 16 99 36 125 10 6 110 30 108
    123 31 7 25 85 12 72 92 92 116 119 21 43 27 24 65 28 113 41 101 8
    105 4 98 15 54 41 32 89 43 18 2 107 127 20 79 17 121 33 90 93 112 80
    39 57 111 47 92 67 49 49 79 52 78 127 44 36 32 32 127 55 55 81 88 17
    43 3 90 124 109 27 91 1 99 87 70 107 2 126 9 107 13 29 116 1 111 93
    122 113 112 62 118 27 53 0 91 24 72 90 78 41 6 46 80 43 20 65 45 79
    123 90 123 38 85 97 45 64 5 84 88 86 77 100 58 25 44 82 100 89 41 60
    83 8 22 8 1 49 121 50 76 88 23 6 126 15 80 81 65 20 9 59 89 76 45 65
    81 125 22 126 78 94 45 127 99 8 85 62 29 68 18 102 122 79 30 37 65
    114 16 123 122 35 86 27 108 19 115 117 1 112 110 102 56 79 68 47 4
    75 14 24 86 40 4 41 123 30 70 64 22 17 64 21 53 91 39 127 74 2 113
    14 32 86 6 86 43 103 112 65 19 21 74 101 47 117 81 31 75 21 79 48
    115 82 116 29 120 26 96 31 22 34 107 22 29 8 7 110 77 90 79 98 73 93
    92 103 23 104 22 74 125 12 59 47 51 2 113 114 0 49 30 76 60 112 107
    68 95 83 96 23 38 37 105 29 50 22 75 123 100 46 41 48 104 19 10 94
    102 121 86 121 123 13 113 12 117 59 93 63 64 43 3 68 100 68 89 96
    103 119 80 91 1 90 74 86 88 40 33 23 1 37 104 96 109 127 46 98 45 22
    57 62 29 37 77 63 93 13 119 64 21 27 109 0 79 26 24 22 82 97 125 103
    1 39 113 28 50 4 76 115 23 95 80 76 25 31 46 79 20 67 124 77 53 68
    50 26 105 90 56 52 79 4 63 51 95 112 6 74 102 2 122 20 45 23 25 92
    39 20 22 126 99 119 21 63 58 10 36 7 28 67 0 77 84 120 25 25 120 78
    122 29 115 50 80 104 31 54 12 60 126 63 99 33 50 105 97 111 31 41 76
    44 5 92 81 93 102 76 36 104 110 122 15 73 89 97 126 114 89 109 86
    126 77 121 73 11 18 6 61 71 41 48 81 44 48 49 78 69 68 24 93 55 92
    39 123 124 68 79 120 126 64 10 126 118 5 85 98 91 1 104 48 34 71 40
    76 68 76 22 127 17 85 24 50 88 36 101 65 110 67 10 41 46 89 123 48
    92 45 8 63 25 94 58 105 113 13 18 77 92 35 92 39 96 12 93 26 9 80 8
    86 30 102 10 23 9 119 102 21 110 8 20 16 27 115 14 55 96 5 117 122
    110 18 38 23 100 71 65 126 50 20 105 84 1 37 88 118 81 93 39 55 121
    46 8 19 72 25 95 102 99 24 38 82 98 103 50 106 65 97 11 112 42 15 13
    75 87 108 42 116 4 60 58 49 52 22 107 35 14 75 30 110 25 96 54 0 90
    10 107 113 15 112 9 20 7 25 19 79 53 107 70 79 55 64 116 12 33 28 73
    83 108 15 110 123 100 38 109 113 1 45 55 10 123 46 29 86 29 2 120
    109 85 3 34 32 69 19 1 29 109 46 116 20 55 76 114 13 64 93 5 40 74
    37 102 117 90 0 60 54 46 92 42 47 21 72 4 73 76 93 67 101 71 104 106
    52 59 42 72 57 27 39 45 4 100 70 106 113 82 83 54 94 104 5 50 47 26
    25 85 109 110 47 105 10 123 20 43 55 48 14 73 45 87 34 34 62 85 29
    34 89 39 38 125 43 35 76 46 76 19 5 59 84 11 98 82 69 70 62 51 80
    124 25 4 95 0 23 0 81 21 24 91 83 119 107 103 48 88 108 82 106 57
    111 59 81 57 16 40 70 8 21 121 13 36 21 98 65 27 2 33 110 24 110 125
    79 2 112 41 95 95 8 34 12 109 105 103 59 34 21 51 1 101 14 72 92 74
    57 57 47 23 85 100 56 65 10 103 99 127 104 124 11 55 87 64 124 12 12
    33 87 125 98 4 58 101 75 52 68 20 111 108 125 19 36 114 113 65 45 81
    86 41 49 46 126 111 69 33 38 123 115 33 16 127 64 53 73 78 8 112 28
    20 48 70 81 102 47 90 88 23 6 65 29 54 17 91 99 84 79 16 97 78 25
    117 96 45 82 123 81 100 116 102 50 21 51 112 11 124 42 73 114 20 121
    55 52 123 118 10 58 34 2 79 115 30 61 20 111 111 70 118 1 28 75 26
    107 77 80 99 41 76 99 62 72 59 112 125 75 0 93 50 79 104 89 89 20 3
    106 22 20 55 97 88 11 89 23 93 3 71 66 17 35 31 65 46 88 12 11 33 60
    99 4 40 1 77 40 10 56 19 25 50 84 72 38 40 121 50 92 111 17 107 7 29
    112 38 20 20 121 2 48 115 81 20 102 19 113 92 75 68 108 87 29 54 57
    25 66 96 73 43 114 117 124 105 2 43 116 110 111 86 69 73 5 7 97 56
    36 33 75 68 10 94 25 24 22 96 61 40 34 79 13 49 103 118 35 83 70 81
    105 99 33 75 96 66 29 44 40 125 24 73 84 113 22 12 12 18 15 82 34 52
    58 42 122 112 45 93 33 59 90 62 45 78 11 89 11 110 55 29 9 64 24 66
    104 27 97 13 84 74 70 35 8 116 71 121 25 65 119 1 57 72 106 50 7 15
    36 14 107 110 116 38 26 81 106 106 58 95 6 94 70 127 65 122 14 50 0
    57 117 104 120 33 47 87 0 117 105 36 115 39 59 38 51 126 73 32 64 17
    122 111 7 111 27 106 44 23 116 67 20 74 110 24 55 24 102 115 6 82
    101 115 41 82 42 28 36 74 111 13 38 28 3 29 50 16 22 114 86 88 48 1
    35 6 120 58 127 6 80 36 65 66 68 87 20 116 85 9 84 33 116 83 13 6 83
    109 86 18 104 24 14 122 7 16 94 66 108 81 117 89 49 124 6 125 27 108
    105 21 39 58 28 120 45 26 20 118 38 48 25 14 30 119 26 20 24 33 39
    115 36 103 16 103 65 91 13 16 94 28 69 77 50 91 94 89 85 0 102 120
    22 25 86 23 2 79 17 115 53 13 17 126 47 97 98 17 80 10 16 121 3 20
    87 41 96 122 119 51 11 0 57 51 33 11 125 21 82 75 76 57 64 65 82 34
    54 1 68 35 40 61 96 15 80 78 64 97 46 46 23 86 110 69 5 77 48 56 109
    38 110 69 81 41 21 20 13 118 17 16 39 74 39 71 11 13 4 17 40 17 100
    99 120 102 100 79 7 35 22 70 40 30 27 5 69 72 84 64 66 92 76 116 9
    80 74 39 34 92 88 32 95 45 98 3 7 63 83 65 127 62 79 49 121 54 42 92
    12 55 111 106 104 2 44 1 16 22 25 125 98 38 59 51 106 95 102 87 53
    102 73 89 2 82 97 87 101 7 105 84 115 95 14 26 72 85 38 1 60 90 18
    49 87 37 3 11 112 9 65 109 17 117 110 72 20 52 55 60 101 53 116 47
    120 39 112 51 3 121 7 83 123 115 90 54 85 50 71 26 124 29 3 44 111
    66 42 26 8 66 41 55 77 19 125 53 125 94 32 80 42 114 33 82 32 107 47
    90 86 81 125 40 46 52 124 104 61 110 66 89 11 24 65 107 27 88 58 66
    97 49 32 97 36 13 18 25 67 98 37 16 43 17 67 124 39 85 82 9 88 39
    112 8 72 35 74 48 1 71 17 51 69 108 58 3 78 103 35 108 69 105 73 23
    119 16 61 22 98 48 81 57 9 38 98 44 98 6 40 24 124 56 48 25 62 27 74
    59 65 2 83 44 104 83 77 102 110 90 95 9 84 75 120 113 122 35 77 60
    11 83 125 95 105 73 95 36 86 56 44 102 4 119 18 105 91 43 28 104 8
    74 43 96 37 14 118 50 88 110 63 108 51 57 110 127 18 7 19 45 47 63
    26 67 84 110 96 56 58 113 46 120 84 109 92 7 102 50 63 113 34 121 4
    60 55 118 79 60 81 20 19 102 104 89 82 44 111 46 52 4 126 48 33 74
    45 82 30 67 70 67 30 72 18 77 4 91 15 114 114 102 54 26 53 89 25 118
    120 94 73 29 42 24 74 67 39 0 127 61 9 84 122 19 12 10 86 4 32 94 77
    110 118 39 32 100 1 116 58 31 61 46 78 11 8 98 109 21 89 40 116 96
    116 100 0 11 6 104 66 38 99 2 41 69 123 0 25 52 41 15 123 66 17 54
    122 43 45 42 113 125 57 84 120 3 77 87 62 56 60 66 53 55 32 29 50 3
    93 76 83 6 29 27 97 88 19 58 44 71 30 72 97 11 8 8 73 118 32 116 123
    88 25 64 112 103 59 90 64 67 11 55 114 21 78 98 43 118 70 117 56 113
    45 17 19 50 44 73 65 20 108 67 109 123 2 91 47 95 63 14 85 86 76 124
    36 96 112 87 55 9 36 1 70 86 112 9 25 35 76 50 39 80 91 126 87 104
    116 40 61 73 41 86 95 62 95 62 85 33 65 127 1 2 87 34 54 13 82 115
    118 6 57 64 4 14 75 61 30 16 107 24 107 30 60 35 77 37 59 88 103 55
    11 94 6 73 119 25 95 32 51 113 73 94 77 31 99 25 107 84 45 77 10 79
    48 96 80 45 23 44 104 79 105 100 88 44 49 81 113 69 70 96 16 76 86
    30 11 15 26 90 109 65 23 69 107 94 100 58 8 106 25 18 101 63 105 103
    7 36 63 18 57 96 61 120 86 126 6 11 96 12 91 77 0 33 45 3 119 82 46
    43 20 64 71 1 98 74 97 26 14 33 108 107 119 77 41 2 40 5 52 111 28
    110 77 74 10 66 38 25 94 12 48 45 107 32 101 93 19 99 85 47 38 79
    100 2 79 112 24 123 13 84 33 117 34 27 18 12 23 82 116 36 81 83 71
    107 107 74 74 103 36 17 7 36 62 39 30 68 98 107 62 4 107 76 86 62 86
    21 48 106 113 114 94 56 31 7 63 121 118 5 35 73 18 26 56 5 26 40 77
    39 26 122 81 69 92 105 101 26 63 73 21 66 87 51 24 69 69 30 80 111
    111 11 127 7 30 49 87 7 60 70 91 75 58 109 59 41 113 120 13 36 31 74
    97 103 93 50 96 95 124 67 95 83 102 9 0 81 11 67 71 62 93 124 40 19
    55 121 19 88 55 73 96 85 17 73 10 106 34 121 79 9 88 57 38 118 72 99
    40 103 119 1 67 76 94 99 46 12 23 57 114 57 124 51 4 125 27 88 125
    36 80 109 14 12 67 126 54 51 60 127 66 21 98 41 108 76 46 105 71 36
    64 63 18 106 46 2 22 103 24 80 102 64 47 19 42 60 33 126 69 66 51 42
    21 102 66 103 18 51 41 86 98 93 34 3 98 76 81 71 119 36 3 43 20 46
    125 62 88 13 42 8 43 71 14 90 29 48 74 14 10 54 125 60 26 126 28 5
    57 116 69 120 1 33 73 19 101 111 85 97 1 58 74 76 85 91 72 30 25 88
    12 125 75 84 68 125 76 57 51 7 53 115 82 74 125 24 108 3 58 50 2 92
    32 70 58 47 48 51 35 42 12 54 121 40 1 78 41 91 3 20 28 44 107 35
    123 120 96 47 57 95 48 111 80 15 48 19 106 105 84 60 16 56 93 53 13
    59 117 122 8 13 51 63 90 127 119 119 121 47 118 38 112 83 103 48 7
    109 118 40 117 93 19 90 29 37 36 87 21 86 65 37 6 70 84 48 32 69 30
    87 37 42 40 82 70 47 65 106 110 1 6 63 108 50 23 107 18 37 30 35 6
    51 107 49 125 3 20 22 38 93 113 112 43 125 87 64 34 79 31 91 3 31 53
    83 110 99 44 100 107 24 110 109 51 84 86 97 20 72 80 11 92 68 82 125
    68 40 21 1 56 26 90 27 78 114 2 80 88 93 36 90 58 96 121 108 31 62
    85 7 119 44 76 41 69 39 72 35 26 62 58 22 36 61 99 4 54 18 60 42 119
    8 69 126 5 125 54 39 65 38 70 45 60 37 68 62 74 79 64 117 35 70 114
    2 90 32 24 10 53 5 39 7 115 104 43 36 105 86 41 40 73 79 63 78 115
    118 61 61 71 124 7 54 45 81 87 72 10 102 22 122 2 17 72 78 77 16 29
    80 34 79 30 102 119 17 36 9 67 94 47 22 15 77 94 40 113 82 99 118 53
    18 83 110 51 115 119 2 94 5 119 71 59 96 64 59 34 50 8 82 86 85 44
    13 78 88 40 25 85 84 104 67 84 22 2 99 12 62 111 108 102 31 127 42
    30 27 120 70 2 117 65 30 97 118 61 123 121 59 8 122 90 89 64 115 3
    47 95 34 22 95 101 16 37 39 80 124 117 27 120 8 2 17 66 91 53 3 94
    118 59 52 115 122 13 14 33 121 121 50 124 35 87 121 59 127 27 46 49
    64 45 45 98 127 92 57 82 5 78 41 47 54 105 68 93 62 92 6 41 104 36
    117 122 125 40 94 69 40 90 11 118 108 20 66 5 83 107 52 0 0 59 20 85
    73 117 32 120 2 118 28 92 127 100 13 92 57 7 115 104 52 104 47 101
    63 126 113 4 84 71 24 93 92 4 85 20 43 82 108 56 54 109 109 13 100
    45 4 112 115 71 10 59 6 98 71 127 115 108 62 93 117 54 103 120 18 38
    36 4 18 109 114 104 71 104 69 64 124 67 1 2 112 107 33 56 118 59 19
    102 115 13 5 54 127 7 43 48 88 126 83 22 114 69 28 48 58 85 38 114
    82 101 47 60 94 67 7 125 120 108 85 65 59 31 20 55 0 19 57 11 53 4
    47 54 126 104 8 107 89 102 124 59 74 12 39 116 124 119 95 105 24 81
    18 6 41 92 124 63 87 1 22 0 15 58 39 121 81 104 66 61 37 60 39 77 57
    72 78 71 85 76 34 116 31 88 113 100 43 28 18 5 78 24 53 44 120 63 99
    115 20 105 127 17 7 101 63 115 4 56 93 104 86 43 17 106 21 70 108 40
    71 23 40 18 33 100 57 101 113 82 76 85 100 57 7 78 46 38 109 42 19
    111 80 64 47 19 28 86 57 65 120 109 89 60 33 5 78 55 126 42 90 106
    125 96 109 18 52 24 28 117 99 96 59 88 63 25 87 77 104 10 13 22 124
    35 37 51 79 28 55 127 52 104 36 48 18 94 2 36 92 84 71 55 62 71 28
    113 53 8 10 95 36 5 103 94 24 95 13 61 33 126 12 50 0 98 23 56 68 5
    47 92 95 88 28 44 62 53 59 117 64 21 29 111 124 119 72 66 24 0 114
    66 124 1 40 58 99 11 72 77 71 16 31 1 64 38 26 72 11 111 66 85 85
    120 73 67 63 59 31 78 42 57 56 76 19 70 59 18 14 105 5 73 99 15 120
    36 14 7 30 116 78 93 3 50 51 93 83 83 11 2 94 60 78 6 21 49 54 18 44
    9 15 61 34 98 31 43 58 74 60 41 115 57 71 57 85 7 27 23 43 13 43 84
    92 17 121 60 29 79 106 59 118 93 39 108 55 28 9 83 10 23 74 99 23 39
    78 101 1 117 60 113 90 118 109 64 46 59 86 100 108 25 68 116 55 86
    47 63 0 107 46 7 62 92 27 0 30 37 73 45 111 72 4 97 3 37 4 123 17
    107 125 27 66 110 24 124 127 116 30 43 34 92 118 84 46 9 107 93 12
    88 117 101 41 7 96 83 84 16 45 103 72 107 20 43 40 110 50 76 79 52
    53 54 1 108 36 25 29 100 83 36 70 112 25 0 2 13 126 25 73 37 92 2 9
    115 6 5 44 79 62 63 98 62 110 81 79 91 96 92 93 106 72 79 61 40 9 58
    28 17 76 27 77 115 18 37 89 59 63 94 100 23 103 71 17 91 51 33 82 46
    37 78 104 125 66 27 34 29 37 79 58 36 41 90 20 55 113 113 94 22 68
    32 117 29 116 77 75 121 48 69 2 26 125 59 76 18 39 73 124 61 84 36
    79 31 33 4 112 96 23 9 20 44 70 41 43 127 56 88 107 103 127 24 8 127
    11 79 2 48 127 121 89 124 91 32 124 104 46 13 10 3 111 62 111 81 61
    96 114 59 64 121 73 31 97 6 94 9 61 80 12 52 111 34 82 124 87 23 2
    119 62 13 64 20 19 125 77 6 75 72 58 48 107 16 79 22 91 25 41 84 67
    34 66 124 40 8 34 103 53 27 83 111 117 102 31 12 38 36 52 21 41 7 31
    63 39 101 38 56 40 107 67 65 91 110 125 117 101 29 116 121 77 2 7
    126 89 9 101 114 84 116 76 10 44 17 101 58 9 32 58 15 15 22 0 101 85
    111 34 49 31 29 94 93 67 119 87 32 110 124 62 82 90 41 52 5 19 31 15
    59 71 93 89 107 17 96 5 12 95 77 114 49 110 17 104 69 51 86 0 36 9
    105 84 25 3 0 48 3 22 103 127 81 29 36 121 88 55 12 48 101 77 48 14
    41 7 21 106 112 113 112 79 11 19 81 99 63 74 101 97 127 54 23 36 4
    45 78 46 32 58 113 38 57 46 0 18 103 60 80 4 1 114 71 105 124 89 36
    26 107 8 67 82 68 50 42 120 83 48 24 67 116 80 108 12 15 40 112 82
    51 53 110 85 103 89 100 117 91 62 97 36 116 13 82 25 110 25 64 60
    113 70 123 69 115 18 76 29 19 83 122 101 39 11 2 108 1 83 10 30 120
    39 24 117 72 20 3 43 107 8 109 50 103 119 10 12 59 108 112 92 59 96
    66 8 17 101 40 77 108 16 127 52 60 64 56 87 121 0 7 107 61 56 112 64
    74 45 111 119 60 46 65 19 22 106 48 10 32 16 0 29 96 114 52 123 59 8
    93 39 78 38 38 119 70 59 125 39 80 88 20 82 36 0 36 75 10 72 55 48
    118 96 46 67 73 18 9 76 101 38 55 19 80 94 54 41 5 110 107 33 56 104
    17 32 121 96 72 126 102 14 34 2 78 8 35 54 48 7 9 107 41 84 35 124 4
    55 34 38 4 37 122 31 87 101 40 25 48 94 97 22 107 108 11 79 66 76 4
    106 0 36 13 78 114 81 61 105 120 40 116 103 5 37 28 95 35 57 73 13
    117 70 108 42 76 15 116 100 118 2 75 13 122 4 90 4 96 80 96 40 62 94
    126 58 29 44 28 48 86 124 50 23 86 35 123 2 59 123 65 76 77 13 90 28
    28 30 64 54 29 122 94 91 45 4 41 121 93 12 50 49 88 5 106 123 69 25
    54 64 85 112 65 70 21 68 5 26 64 95 112 108 3 40 103 12 27 112 28 96
    77 116 80 48 125 124 101 66 42 23 56 64 107 24 3 9 27 95 76 40 76 53
    120 1 25 108 22 117 115 84 66 68 43 41 60 32 94 23 98 100 34 40 112
    106 108 25 33 107 5 113 15 114 10 113 35 83 27 29 93 58 69 77 73 31
    52 119 83 88 44 51 35 60 8 63 91 84 113 57 94 68 98 90 52 95 111 112
    5 100 28 32 11 99 45 81 13 52 25 0 9 88 94 67 32 88 10 0 85 27 6 63
    98 38 100 96 49 107 124 34 58 37 89 99 103 70 101 118 40 92 127 120
    84 75 96 87 59 122 59 88 26 85 42 81 84 11 87 34 57 40 42 43 8 114
    57 92 86 19 43 75 36 4 115 35 83 35 41 38 66 50 72 120 1 28 78 45 8
    107 26 29 4 119 111 25 27 126 21 100 80 74 29 88 30 63 59 113 44 19
    46 113 101 100 41 35 83 72 63 50 23 91 36 107 44 9 90 111 120 32 1
    75 28 25 74 39 89 42 95 116 92 22 74 71 65 70 40 52 90 32 44 64 38 0
    118 106 7 8 95 99 91 2 98 71 47 41 85 26 119 105 60 10 94 72 115 30
    97 18 89 74 13 42 82 71 76 122 69 122 41 26 4 85 76 17 113 61 7 51
    60 89 86 67 4 9 120 31 53 90 35 31 1 25 83 17 94 113 87 18 61 54 94
    52 5 76 65 25 43 40 39 33 92 11 117 101 74 124 14 103 38 81 12 23
    111 107 88 117 102 121 123 118 106 60 124 80 25 1 4 77 56 48 103 85
    13 46 73 88 126 65 124 32 97 46 127 44 47 94 121 62 99 21 24 23 114
    75 86 63 9 71 30 108 51 58 110 12 54 26 103 100 31 22 29 28 8 105 79
    97 108 3 19 56 90 11 3 19 84 14 58 60 94 51 111 125 116 35 113 39 80
    58 38 43 52 67 31 42 113 20 12 38 79 82 9 8 102 4 59 43 59 31 103
    111 85 32 93 93 59 62 18 98 42 20 90 108 44 29 116 104 119 109 87 46
    106 86 114 61 88 90 4 59 16 15 11 89 58 59 104 47 7 1 29 121 117 17
    59 91 46 127 76 1 15 72 70 114 32 61 52 28 97 64 95 121 106 75 123
    44 7 64 72 81 6 87 21 0 34 9 31 24 7 47 54 82 54 22 33 114 32 102 5
    11 103 127 19 99 41 65 17 22 38 82 9 42 105 70 6 9 98 125 106 78 101
    110 81 46 117 41 27 110 76 11 27 35 102 104 102 38 42 111 53 98 8 30
    71 94 69 90 74 87 118 68 83 16 33 115 105 89 28 23 25 84 79 51 35 36
    97 83 99 37 81 118 55 31 84 109 28 101 37 104 116 83 120 115 126 83
    39 7 50 82 115 54 109 28 90 6 86 45 116 127 4 102 105 28 74 62 39 12
    124 2 48 98 13 74 116 79 101 98 69 104 55 96 87 104 20 97 101 107 50
    84 109 93 32 27 108 43 125 123 102 94 98 119 110 19 52 105 67 40 26
    92 21 41 57 110 27 48 53 51 21 46 90 40 120 77 80 6 116 105 111 105
    118 122 127 100 70 21 81 100 63 117 56 97 122 7 38 6 14 14 73 84 7
    88 99 54 122 0 55 27 41 21 57 89 87 10 50 51 120 34 2 0 84 103 22 64
    51 28 58 78 56 51 123 31 68 113 67 56 101 94 100 69 10 58 45 29 126
    8 119 92 16 29 109 12 29 94 108 1 69 126 35 22 105 69 97 36 103 83
    37 66 25 39 41 73 90 87 2 93 82 55 40 36 21 2 40 49 26 57 26 20 5 56
    99 48 11 29 64 119 90 46 125 113 71 17 54 96 100 5 3 65 40 21 28 70
    46 86 91 108 79 61 106 109 74 20 46 127 67 34 70 2 4 55 32 90 74 84
    108 61 77 65 61 44 23 50 121 112 12 119 74 60 38 40 121 54 76 33 47
    104 119 98 16 37 34 36 91 126 50 29 9 75 119 100 77 97 7 45 58 33 70
    8 67 6 12 49 26 118 52 39 0 123 100 23 79 40 85 3 88 15 38 22 60 120
    5 117 113 98 34 33 53 35 78 55 56 98 92 52 11 99 50 6 14 22 69 43 33
    108 79 25 5 33 54 72 26 65 123 31 100 24 10 92 124 82 118 3 71 15
    106 93 117 41 20 9 56 63 105 99 32 4 38 31 122 23 96 0 75 36 70 24
    68 54 26 91 28 19 26 37 10 38 32 53 44 81 30 3 41 47 61 70 26 40 89
    63 37 31 82 20 95 66 110 122 25 29 101 42 98 112 74 107 105 57 30
    109 108 7 117 83 121 95 11 56 78 48 69 111 37 32 18 118 34 64 33 81
    77 18 119 104 6 102 91 63 127 38 123 66 78 10 8 42 47 117 41 107 47
    33 99 64 59 124 75 112 71 86 23 63 118 93 33 115 9 40 88 19 33 96 72
    95 114 84 98 31 17 56 38 43 34 24 103 91 111 113 63 26 115 14 107 91
    93 80 38 54 120 111 33 92 60 100 117 33 4 115 39 42 56 58 19 49 37
    71 12 24 71 46 75 54 5 34 86 69 41 55 11 35 102 63 75 20 89 115 15
    39 20 116 76 96 20 22 77 107 4 82 118 46 57 35 13 41 66 17 110 21 30
    51 2 62 68 8 9 53 11 104 11 104 127 78 77 117 1 34 56 10 25 40 13 52
    75 33 26 117 124 61 117 108 38 69 106 75 13 120 24 109 5 45 3 71 108
    63 96 36 50 99 63 86 75 39 60 122 127 3 116 76 27 79 98 5 46 91 104
    72 98 11 98 107 48 48 94 64 65 35 62 57 127 86 39 76 58 1 109 93 102
    71 44 103 114 24 61 58 60 23 110 68 73 92 52 111 105 110 14 77 26 77
    108 103 91 81 74 92 110 27 99 55 60 35 43 35 60 77 78 65 87 106 29
    52 66 4 34 29 54 109 19 71 124 77 8 27 34 55 91 109 54 37 115 44 119
    107 107 124 13 24 114 109 93 118 28 19 122 51 108 26 37 26 50 127 78
    99 29 89 23 56 68 121 1 112 15 56 57 18 19 71 107 109 0 100 83 91 72
    62 41 5 48 90 30 64 123 77 102 43 73 44 9 103 0 81 58 127 55 97 37 6
    86 66 72 2 75 58 76 8 46 38 77 76 61 51 86 114 13 89 48 2 105 110 98
    57 29 76 6 107 90 13 19 37 53 114 8 81 5 24 125 10 121 116 78 38 120
    77 46 67 87 16 31 29 86 119 59 103 107 89 14 119 9 47 65 96 13 56 29
    12 40 78 87 11 111 120 108 18 57 32 28 102 110 66 20 72 65 74 68 73
    22 85 25 23 14 34 13 90 33 6 56 64 85 10 55 79 4 38 45 79 124 37 100
    22 33 19 79 61 105 22 8 13 112 118 28 108 112 82 111 63 67 50 115 12
    61 63 67 90 94 107 74 61 30 91 55 46 86 111 110 63 61 41 90 18 122
    26 79 44 125 26 38 29 90 75 17 36 90 18 95 29 89 48 116 119 84 78 81
    37 13 97 80 78 119 0 47 63 63 80 111 117 104 50 94 125 109 53 33 109
    74 63 48 31 43 118 10 64 69 2 11 99 5 67 99 74 34 19 100 78 18 123 1
    85 95 64 21 111 97 91 4 70 12 81 75 29 67 89 39 81 81 61 38 53 4 16
    9 17 90 46 46 49 12 60 102 39 20 7 15 123 123 1 69 3 38 71 95 126 74
    30 71 84 120 127 64 28 67 39 73 77 3 104 109 123 18 112 127 13 87 57
    61 108 59 83 62 126 120 82 71 53 0 122 119 124 42 14 53 111 20 50 98
    29 23 81 27 112 67 23 66 111 118 96 25 72 70 76 6 59 5 78 3 76 74 78
    65 4 49 50 63 41 126 112 102 53 96 96 80 54 26 16 34 64 90 36 82 95
    28 54 28 15 6 31 17 35 67 109 25 32 38 68 89 0 7 33 113 57 106 69 22
    52 84 56 87 116 118 68 91 58 88 59 102 99 29 82 49 53 13 51 104 37
    102 38 56 30 69 124 56 109 21 15 58 75 10 30 92 1 18 14 77 42 1 77 9
    45 77 32 101 116 2 83 12 99 127 30 13 114 113 21 60 35 33 29 62 32
    72 112 124 67 27 3 114 104 65 41 16 38 36 61 125 65 74 53 106 15 121
    92 117 62 37 65 63 1 64 35 87 81 77 100 30 10 18 64 82 109 99 101 59
    82 120 126 107 37 118 59 102 104 46 87 85 105 67 48 28 62 41 95 56
    85 37 16 110 124 121 38 78 70 109 7 0 83 76 97 45 18 123 22 50 33 67
    109 66 61 49 25 39 1 1 24 105 53 48 33 110 64 90 59 11 27 96 99 0
    112 121 26 2 107 57 11 49 44 123 40 63 101 120 71 99 92 116 69 13 12
    63 65 49 11 40 65 93 84 14 77 42 98 23 121 7 92 65 59 70 17 125 80
    55 9 93 77 3 14 22 124 17 79 37 2 49 119 97 58 88 21 43 123 80 10 86
    96 46 20 43 42 55 72 62 100 65 118 31 9 110 55 75 39 65 109 74 92
    114 127 70 21 117 54 109 16 107 16 115 10 120 4 73 74 111 35 62 7
    100 33 32 6 121 41 30 100 86 19 37 92 126 38 96 52 9 120 50 65 62
    104 102 60 47 103 24 9 101 21 84 63 15 119 96 79 33 23 32 80 96 102
    125 81 46 59 117 95 45 94 75 0 99 122 32 70 72 88 99 0 36 76 99 95
    93 8 43 58 65 81 35 58 88 99 52 34 12 86 32 49 122 107 122 123 73 47
    34 43 126 63 10 11 112 2 124 99 95 99 41 120 25 20 10 66 60 109 5 62
    5 59 112 103 89 12 52 7 79 109 40 65 123 88 25 118 45 36 124 101 2
    30 33 10 113 7 114 22 46 21 40 111 60 41 14 10 8 71 10 16 34 19 28
    21 54 37 56 127 52 67 92 113 115 109 98 51 122 77 103 14 55 104 12
    71 78 124 123 50 62 120 78 120 16 105 72 26 77 102 43 88 120 13 45
    30 75 31 32 46 98 10 106 127 5 6 33 35 42 35 7 111 49 78 71 23 98 8
    59 30 33 17 66 74 70 72 68 64 7 25 118 77 43 21 35 125 118 60 96 30
    91 27 57 99 48 53 127 67 114 58 104 29 51 113 92 45 86 60 65 1 78
    102 13 82 95 125 77 66 15 64 16 66 116 110 23 59 70 116 93 41 93 113
    36 104 75 92 103 124 34 52 99 110 26 58 11 28 72 117 48 36 87 108 73
    96 39 30 18 88 77 108 117 4 119 51 36 119 76 100 35 116 32 2 27 77
    46 46 127 103 90 10 15 31 60 61 112 122 105 40 20 46 14 110 77 84
    125 88 91 65 124 73 73 17 90 53 125 25 27 79 33 35 60 118 19 71 96
    70 86 89 51 79 34 118 39 40 89 111 5 86 123 16 80 18 28 25 125 88 12
    57 95 99 112 120 65 5 32 96 69 96 100 40 124 113 120 76 33 69 116
    101 111 19 13 50 48 39 10 86 118 76 24 117 45 16 31 32 115 94 51 69
    60 53 0 13 23 123 19 21 68 117 110 22 85 125 7 12 123 37 10 37 105
    99 79 76 65 46 109 125 108 117 118 94 104 45 67 53 84 68 15 124 26
    61 115 37 45 68 112 58 126 25 37 104 88 32 28 117 19 60 18 42 74 112
    46 84 95 76 21 7 25 10 97 45 35 18 51 8 22 1 87 109 71 15 97 43 55
    14 97 84 75 60 17 102 59 125 22 19 115 95 109 73 59 54 126 38 73 54
    82 110 41 121 81 33 54 8 33 116 17 20 98 101 90 60 95 65 7 29 82 111
    37 110 62 29 41 11 105 117 28 54 52 27 0 20 87 81 112 70 36 97 87 47
    20 124 91 1 85 38 52 33 17 11 110 12 22 65 44 45 25 105 2 111 5 85
    104 86 40 21 12 63 85 95 70 107 46 105 43 119 41 65 56 2 30 72 94 94
    82 73 110 73 25 25 40 124 65 2 111 40 111 111 21 6 45 121 39 116 114
    100 96 61 126 7 3 22 78 21 16 98 98 125 100 112 92 40 36 33 27 34 71
    112 4 52 22 100 118 28 43 102 75 10 123 0 86 78 30 73 72 34 32 97 72
    114 67 98 83 29 110 123 44 102 96 23 31 107 108 110 39 125 34 94 96
    124 30 85 1 53 105 101 22 68 59 72 118 96 11 100 106 78 81 34 28 15
    107 65 89 101 2 10 70 123 68 103 5 98 30 1 13 90 22 39 18 102 45 68
    93 99 21 35 97 85 117 72 47 98 49 40 70 108 86 31 19 73 23 111 38 43
    65 11 27 110 79 3 118 122 94 82 58 43 76 55 4 10 92 114 75 103 19 28
    6 4 19 77 20 108 86 24 0 73 40 112 126 21 104 9 40 51 114 1 37 82 90
    69 74 2 127 88 57 55 33 100 12 35 4 24 0 124 122 123 99 122 43 126
    62 25 66 111 80 110 116 90 8 1 110 83 37 115 15 69 71 13 85 79 4 43
    103 3 122 16 48 76 91 114 100 31 115 67 17 86 67 49 50 73 2 16 21 28
    121 42 50 54 100 75 106 1 46 67 38 112 60 14 75 122 11 52 118 12 37
    116 42 33 125 70 16 76 41 116 7 38 114 44 53 35 45 35 82 118 55 33 8
    119 86 107 111 50 22 76 120 109 106 26 72 88 32 120 102 34 19 25 67
    43 69 74 127 10 14 109 78 16 15 54 88 109 13 62 123 117 8 40 48 57 6
    68 111 12 43 106 17 73 74 86 5 25 107 111 37 61 73 74 68 10 90 41 40
    60 97 26 47 127 87 37 96 13 96 53 117 89 98 42 7 83 24 65 64 9 2 6
    108 107 58 93 29 109 113 34 64 41 93 33 109 69 61 33 68 54 61 31 39
    29 89 113 98 110 74 36 127 77 114 87 61 59 97 91 106 78 53 81 1 49
    59 76 47 63 24 1 122 88 100 0 52 55 6 101 19 24 118 116 2 115 12 111
    9 51 3 81 80 57 98 26 100 117 64 36 32 13 24 53 92 83 65 20 18 105
    29 54 122 89 90 96 112 102 115 112 94 83 81 105 112 113 110 99 56
    109 50 59 8 42 22 118 27 94 127 55 63 38 83 75 114 46 0 115 114 103
    50 101 27 67 12 70 87 36 84 9 61 26 78 18 12 34 19 34 99 0 107 105
    63 124 18 115 65 27 46 70 116 26 108 51 37 64 46 42 99 102 72 45 86
    54 80 3 98 63 111 87 79 57 125 24 45 54 77 10 54 18 106 72 70 17 115
    51 48 14 27 94 6 115 64 5 43 84 109 58 124 39 126 115 104 17 3 10 47
    98 21 58 121 40 107 18 47 122 34 46 11 3 38 79 87 8 104 123 83 22 24
    93 79 124 75 77 45 124 92 48 96 85 69 27 59 93 12 46 28 102 49 109
    119 3 23 122 23 13 27 87 40 32 75 80 26 127 51 96 87 46 30 17 108 96
    34 49 74 48 111 29 74 42 127 104 29 101 20 46 40 8 122 11 98 37 23
    69 10 61 110 34 36 73 16 18 121 30 97 83 47 56 100 75 40 71 53 13
    114 124 13 47 82 42 81 75 118 57 5 1 102 71 1 3 38 45 110 36 78 17 8
    46 84 101 40 14 119 35 24 95 11 44 90 65 54 57 21 73 119 120 62 97
    49 93 46 46 82 5 7 79 99 119 33 6 116 4 80 22 25 21 83 84 83 89 82
    30 22 70 66 89 101 57 39 120 78 22 36 43 78 127 15 65 54 71 98 77 65
    27 20 106 71 68 51 53 119 127 108 8 48 39 8 86 39 27 71 3 25 42 27 6
    14 57 125 118 14 24 78 46 121 5 105 70 124 109 7 78 12 8 26 97 13 42
    100 117 24 15 55 65 57 121 58 68 87 20 15 70 117 76 84 62 69 85 73
    71 59 25 72 102 40 122 61 57 39 59 126 8 118 113 54 80 64 121 125 69
    116 24 10 50 93 15 73 8 92 91 48 41 91 30 23 73 50 8 124 74 36 66 46
    32 102 107 25 71 54 12 8 79 55 56 120 31 86 112 29 89 101 7 116 22
    43 14 38 64 26 91 35 15 110 19 8 57 24 81 74 17 112 23 80 40 60 83
    83 2 14 93 26 52 68 120 51 57 36 20 117 110 49 60 48 40 47 99 117 31
    98 86 124 105 29 117 2 1 58 97 6 31 83 88 31 125 32 101 100 73 32 75
    61 68 39 15 80 112 101 116 120 110 98 117 1 6 78 84 77 7 114 91 41
    55 31 14 61 26 81 72 45 43 38 121 65 61 3 120 38 55 32 67 91 80 82
    34 50 68 67 92 85 66 76 72 61 117 9 11 55 63 117 1 41 116 17 104 112
    123 72 69 35 111 12 52 59 114 25 41 75 100 78 27 23 13 69 97 32 109
    1 29 69 110 21 27 77 46 68 20 72 100 26 18 23 112 43 112 60 119 111
    66 54 8 33 70 101 85 4 102 74 112 45 74 88 21 87 95 61 114 20 124 1
    56 71 36 12 60 53 4 22 18 107 79 120 41 126 28 27 61 80 68 73 26 10
    5 106 11 114 44 11 48 45 45 18 107 71 17 120 27 38 17 72 115 23 32
    29 34 89 51 31 55 37 108 92 80 45 104 125 11 96 29 1 28 45 113 120
    104 84 13 10 3 22 9 7 14 113 16 119 116 13 70 30 0 29 68 54 24 127
    114 12 28 125 116 27 50 60 22 52 109 90 68 33 95 68 43 29 83 42 102
    13 58 4 64 28 74 52 2 32 48 93 14 113 25 113 19 7 61 79 99 71 47 27
    55 35 117 63 40 127 55 7 95 59 58 56 124 77 110 3 36 39 29 78 114 89
    26 11 26 124 62 44 19 91 62 87 26 23 14 30 89 41 27 79 116 31 30 80
    49 29 71 86 120 64 126 120 11 4 97 75 95 46 26 104 124 5 65 62 78 28
    60 110 119 93 0 3 89 4 37 22 116 84 30 32 25 32 89 58 46 70 103 77 1
    83 74 85 3 5 111 63 86 48 9 123 16 103 63 5 33 53 66 45 64 15 92 37
    22 76 35 51 20 60 63 111 114 112 59 93 18 100 62 95 38 37 123 122
    114 71 95 62 83 31 46 118 40 18 10 31 22 27 92 69 116 56 108 62 24
    69 121 83 26 102 102 87 59 94 116 37 108 122 111 73 84 100 106 45 90
    66 123 112 22 54 96 16 24 98 96 59 43 50 79 89 2 38 40 87 56 23 93
    20 77 46 23 55 70 79 6 96 58 68 68 9 100 46 66 59 22 64 113 9 31 72
    22 126 7 49 89 119 104 31 15 123 101 55 44 23 101 124 3 23 39 79 50
    125 33 13 25 51 122 34 22 13 16 32 101 112 58 63 123 38 8 127 35 88
    122 26 77 5 73 104 62 20 56 116 17 42 57 120 42 5 57 93 26 69 68 28
    80 50 49 63 109 10 44 27 14 20 44 25 1 78 22 66 59 126 50 41 18 101
    4 28 12 43 85 25 31 82 57 110 81 39 86 124 23 42 100 65 1 31 57 2 64
    88 18 42 33 53 60 124 72 92 30 115 42 64 97 70 13 92 57 120 42 16
    101 96 118 102 66 42 69 58 14 11 120 18 90 104 24 70 106 112 125 25
    96 24 63 59 99 31 18 28 15 124 73 118 1 71 62 58 71 116 115 60 112
    113 13 28 87 69 100 17 34 114 89 26 7 14 15 85 12 32 105 123 98 90
    11 75 125 88 97 28 119 49 42 106 5 30 98 34 19 123 117 61 24 11 1 73
    13 15 118 42 24 6 63 54 77 3 104 24 13 18 4 75 112 41 2 84 7 32 15
    71 19 91 96 108 23 40 72 102 96 37 69 25 24 112 119 6 65 2 110 22 92
    90 66 69 40 105 13 76 57 6 99 43 78 28 18 61 12 13 104 26 42 112 73
    8 63 40 6 106 2 35 15 83 102 119 107 18 120 44 86 28 64 34 71 4 18
    104 19 9 94 81 98 8 67 25 116 78 51 5 8 26 104 8 74 108 119 21 72 99
    105 26 63 7 40 14 2 30 72 19 27 90 37 59 38 58 83 77 6 108 114 68 76
    29 85 74 102 1 96 28 104 46 76 122 38 62 40 0 6 102 44 31 104 84 86
    5 56 12 114 56 73 71 71 67 60 44 100 125 75 113 34 99 114 9 108 10
    86 127 61 115 34 43 10 117 103 113 49 126 23 23 38 96 94 113 36 13
    30 51 120 59 41 41 78 85 2 67 104 70 99 12 84 5 127 85 100 14 54 99
    6 117 99 41 15 41 32 50 31 37 35 80 71 6 45 101 126 24 21 79 90 13
    65 10 90 37 38 86 36 40 89 86 106 71 25 19 18 95 62 106 32 18 76 90
    109 80 19 115 38 125 112 7 121 106 110 45 84 101 45 62 72 41 102 72
    84 7 78 77 58 70 68 87 25 104 65 55 64 32 73 117 30 47 87 33 74 4 94
    31 22 36 13 25 119 104 122 127 4 9 66 102 76 11 43 32 53 68 23 87 64
    36 38 84 30 70 109 31 13 110 122 32 51 72 31 106 126 84 98 96 107 60
    33 99 87 47 72 107 17 57 47 27 112 121 70 107 108 4 36 115 102 106
    102 48 91 32 99 115 64 76 100 68 93 84 12 46 86 123 76 46 111 107 0
    62 67 3 20 92 123 34 117 99 4 75 23 45 20 106 43 78 111 55 95 48 38
    2 120 77 81 127 75 44 17 93 112 86 83 82 59 52 80 95 2 123 101 96
    106 14 25 71 105 8 58 13 61 84 127 40 32 54 48 83 14 52 72 48 90 18
    94 32 18 17 112 89 72 121 29 51 4 75 0 89 94 79 14 36 15 23 81 13 23
    43 98 107 41 15 69 105 44 81 109 95 119 116 46 125 27 25 45 40 62
    107 1 86 20 114 108 40 121 124 40 80 66 88 50 124 71 55 55 122 7 68
    31 32 100 116 17 118 33 71 15 125 4 52 105 86 48 88 123 53 27 8 88
    109 4 126 25 92 30 0 95 66 89 63 32 106 88 50 87 127 26 32 115 115
    83 107 71 26 91 24 81 20 106 8 72 3 10 111 17 35 37 73 68 35 100 110
    48 63 55 94 99 95 116 3 37 13 72 92 89 32 48 92 64 81 76 116 46 44
    45 20 109 112 72 116 77 31 5 50 93 42 85 76 63 28 76 118 79 49 62 38
    69 82 122 118 44 31 90 74 92 67 111 45 92 104 40 127 36 3 112 51 87
    126 98 39 63 33 27 51 6 116 24 95 21 105 92 108 38 119 88 94 63 80
    115 118 94 96 35 88 34 89 68 85 2 107 30 42 18 20 91 2 93 122 105 39
    3 12 34 61 124 13 111 16 2 30 11 104 6 111 68 91 76 103 80 97 122
    109 71 73 69 118 58 81 123 64 17 57 2 118 83 91 90 58 63 64 6 40 59
    91 45 16 66 120 99 32 5 88 114 79 57 114 68 111 100 35 9 110 115 110
    67 39 57 16 122 30 57 15 114 93 71 32 12 83 62 94 60 34 74 125 78 22
    23 20 106 101 110 19 1 103 21 44 125 97 24 54 75 104 38 75 76 23 63
    85 61 110 40 96 44 117 53 66 119 50 39 58 32 2 91 52 27 39 119 73 96
    21 54 30 0 16 68 88 10 82 114 115 124 46 90 106 35 75 27 58 14 75 17
    118 90 127 75 46 91 21 119 45 65 114 5 61 114 10 73 91 18 102 80 49
    74 116 61 16 85 19 8 23 56 123 17 49 7 85 64 114 105 29 51 64 55 46
    28 43 69 83 16 28 71 58 64 22 118 49 18 66 72 108 34 79 69 69 83 45
    92 121 111 78 103 90 19 44 48 25 114 90 23 3 97 56 48 13 91 81 95 32
    37 11 126 86 66 74 90 80 96 40 50 106 76 45 26 78 52 43 58 16 99 26
    0 111 85 96 110 82 90 60 80 127 96 5 69 48 4 50 88 103 60 39 97 30
    125 117 23 32 95 45 15 120 109 127 62 93 106 69 77 5 38 87 21 7 109
    119 88 111 90 99 7 105 96 71 39 82 20 70 114 46 46 126 89 70 20 13
    90 124 15 120 51 11 6 9 110 52 43 1 114 77 123 23 33 98 39 107 94 14
    50 64 20 111 95 44 124 40 50 101 54 122 90 58 83 4 13 92 76 48 4 37
    76 123 106 105 28 115 38 56 34 17 39 32 88 19 116 64 72 60 12 91 41
    28 52 66 105 127 0 18 36 66 117 102 12 115 48 98 37 21 49 106 0 6 29
    99 114 52 28 25 66 1 94 60 56 66 109 45 102 115 86 127 106 44 91 32
    70 29 74 36 105 49 4 14 10 110 73 52 108 3 26 117 116 77 113 31 96
    98 28 26 117 127 68 88 38 84 70 16 23 101 18 2 88 78 98 29 9 63 27
    80 75 116 38 2 49 70 28 8 94 126 26 86 22 2 57 31 105 52 36 65 13
    106 109 122 58 44 72 59 33 73 61 21 39 9 22 89 93 104 101 62 22 68
    52 70 64 122 70 66 0 65 49 4 56 85 85 39 6 62 89 23 29 34 28 87 91
    122 104 46 7 108 113 112 121 88 68 25 108 37 88 3 38 50 48 69 53 101
    21 88 20 97 24 58 48 70 43 30 51 111 41 8 75 122 30 90 126 118 17
    104 93 46 103 97 0 39 104 77 79 57 72 100 110 95 51 28 48 49 104 10
    14 97 109 9 89 56 92 88 52 23 21 111 85 13 21 6 120 10 110 13 86 13
    25 59 104 103 36 69 48 78 125 83 67 50 34 102 31 112 111 36 39 27 52
    85 69 32 46 101 105 50 2 103 18 38 91 47 15 67 63 121 93 31 36 102
    18 4 55 12 31 21 83 16 108 39 25 92 12 82 40 104 31 50 49 79 106 75
    111 101 34 89 22 99 81 44 20 119 125 106 18 48 89 11 84 95 69 81 1
    12 115 55 57 124 82 22 112 52 61 101 39 125 0 25 18 11 1 61 62 64 35
    56 38 76 121 63 106 89 39 76 3 7 97 77 7 22 59 41 51 89 72 75 32 73
    13 64 51 114 50 34 51 5 72 25 68 72 63 120 83 84 80 31 41 20 68 103
    49 104 8 37 43 64 39 0 36 38 46 19 107 39 47 87 104 95 9 72 102 87
    20 36 67 102 8 100 118 97 43 43 13 85 114 84 113 61 16 102 115 22
    101 73 0 17 61 20 38 119 120 43 113 50 98 122 77 39 4 35 53 12 30
    103 8 70 97 33 109 125 9 107 112 13 22 38 113 36 108 113 110 55 43
    81 24 18 96 40 90 19 90 66 0 69 123 44 67 2 83 36 1 115 115 119 86
    119 25 107 59 40 114 70 25 25 22 124 77 96 40 10 68 43 24 70 85 84
    24 114 109 29 25 109 107 108 111 58 24 38 7 27 4 100 107 124 25 101
    94 28 28 21 23 96 92 32 46 113 56 76 63 55 94 124 40 55 40 7 3 99 47
    109 83 67 3 8 66 1 74 73 6 10 49 94 6 68 44 5 66 106 91 113 48 119
    25 8 87 120 83 30 104 50 53 22 60 47 64 90 9 58 69 4 31 98 98 126
    117 62 48 96 12 101 95 32 70 122 90 85 109 98 108 94 53 30 54 16 114
    91 3 52 5 106 96 81 64 107 69 106 61 75 117 52 44 55 63 29 105 119
    32 126 29 96 38 105 110 115 61 95 94 20 102 39 24 117 43 20 54 37 74
    32 43 28 66 124 46 94 127 79 13 72 104 49 84 111 107 6 14 104 112 67
    8 123 31 26 127 48 126 21 2 48 22 85 27 87 64 61 117 30 43 76 125 32
    75 102 28 107 68 26 70 76 78 92 54 38 92 13 123 25 99 15 120 68 38
    56 87 23 62 71 12 45 2 90 7 45 11 86 74 18 49 53 90 23 81 49 100 35
    67 62 99 37 16 120 95 48 89 125 43 27 0 121 27 29 42 71 86 32 103 9
    19 108 53 73 26 3 126 47 97 100 80 108 47 123 51 76 114 79 59 41 33
    18 47 41 31 117 70 56 24 125 79 75 79 124 35 14 121 69 63 74 87 103
    4 97 44 1 62 83 63 117 68 3 20 85 19 26 27 98 21 36 31 22 103 101 25
    51 10 61 34 86 118 34 39 83 25 118 112 54 122 99 91 109 63 80 40 30
    78 59 36 118 100 54 27 6 46 124 18 25 58 40 42 107 2 116 23 72 99
    100 1 99 102 76 92 27 125 71 66 64 49 82 12 32 123 116 67 112 97 51
    88 10 87 73 8 18 24 90 114 25 78 103 52 107 32 99 95 63 8 92 5 93 43
    22 90 6 73 106 50 40 118 112 3 24 54 118 82 8 45 76 52 90 124 41 114
    58 100 18 2 82 35 71 77 110 7 29 43 106 101 53 55 42 119 3 62 21 29
    56 42 64 37 94 17 81 9 119 14 86 7 89 58 98 114 56 55 61 98 112 108
    32 104 113 94 38 43 113 106 31 110 38 55 65 29 65 95 86 119 118 122
    100 54 125 67 12 20 110 117 58 28 24 43 11 17 84 99 2 37 48 8 103 23
    83 41 5 24 58 4 36 102 125 56 59 61 18 16 74 127 126 63 24 98 35 30
    31 1 76 47 59 65 71 95 53 85 18 79 91 67 59 13 5 69 107 119 43 2 22
    57 117 83 67 7 95 76 91 7 109 67 55 18 10 14 49 76 96 39 24 36 102
    17 95 95 60 76 93 6 26 102 22 100 102 124 115 31 114 105 116 81 9
    100 23 11 124 34 105 28 77 52 59 29 108 102 96 105 95 93 126 117 109
    15 59 94 117 98 9 18 87 117 106 95 18 0 65 64 48 10 33 115 76 86 94
    55 39 121 61 67 16 6 12 107 120 109 21 71 64 113 3 90 119 58 110 29
    54 18 42 105 62 42 8 127 112 62 55 71 16 26 13 3 116 122 23 16 79 24
    121 95 100 90 41 34 54 93 20 111 63 48 111 61 113 76 89 103 104 24
    111 21 24 118 54 110 55 88 51 24 101 95 4 59 24 41 16 8 67 110 72 39
    61 47 98 31 106 120 103 97 85 72 119 20 113 90 29 109 66 95 120 15
    84 9 101 14 40 74 58 98 62 37 15 11 29 106 32 95 56 74 96 86 16 31
    122 124 40 67 26 16 15 87 13 63 44 115 76 68 110 99 76 17 78 54 88 3
    19 104 55 88 91 100 121 25 122 110 25 34 110 55 18 81 101 73 122 47
    48 124 115 46 62 62 101 105 62 74 5 115 100 13 102 118 69 127 33 83
    73 39 109 76 18 126 45 24 2 41 15 79 120 63 127 19 114 123 3 69 122
    38 3 15 101 42 41 10 105 120 111 87 96 97 65 28 121 49 82 0 53 61 42
    122 126 68 76 127 95 22 39 47 103 86 77 22 11 69 56 81 107 18 91 43
    12 14 24 54 32 89 47 74 103 100 119 38 88 43 108 31 28 27 67 58 93
    43 77 118 69 106 125 69 73 53 4 123 90 31 32 62 20 49 4 9 57 90 37
    123 24 120 32 109 125 70 54 55 112 72 76 77 125 96 29 63 91 38 101
    75 127 25 47 1 42 68 21 16 58 37 127 36 15 25 110 82 42 121 24 88 60
    93 98 90 6 47 56 39 96 6 82 24 74 3 88 20 78 109 87 61 17 88 29 117
    29 1 91 81 48 5 3 124 116 63 116 25 121 28 15 14 85 119 66 8 43 40
    125 110 8 120 85 28 19 4 17 52 82 110 101 88 76 1 77 40 32 19 111 33
    12 51 48 35 122 85 32 7 8 58 19 32 85 114 18 63 50 30 70 78 40 50 1
    73 17 18 3 2 103 5 71 20 11 4 46 22 82 14 14 54 89 36 98 25 106 123
    104 33 116 90 34 94 107 1 64 62 100 86 69 13 79 27 74 5 26 70 21 75
    116 54 24 81 11 75 93 78 84 89 53 99 98 111 111 91 49 26 65 26 115
    98 51 23 62 57 36 36 29 19 28 68 125 50 75 116 90 127 70 29 61 7 105
    96 115 32 30 122 34 97 58 126 12 11 70 2 27 52 48 77 1 19 7 82 93
    108 57 101 59 45 48 61 69 107 58 81 6 50 25 110 24 45 105 75 4 9 10
    53 52 18 127 6 97 40 60 120 102 112 80 4 109 25 31 80 24 36 14 6 61
    89 60 32 44 75 113 76 126 23 58 57 88 0 29 81 34 2 33 69 123 10 81
    97 106 49 7 85 7 57 42 114 2 75 46 14 16 5 49 105 39 62 20 15 79 12
    37 53 61 14 101 6 51 3 33 79 65 80 71 19 96 88 17 11 33 107 49 39 19
    126 109 90 43 44 4 17 59 86 58 118 79 109 37 35 110 108 115 108 81
    92 69 101 62 62 53 55 108 127 106 30 124 52 94 49 112 89 42 36 1 124
    76 120 29 108 24 56 114 36 92 107 25 96 64 115 53 26 66 126 102 12
    56 16 74 91 56 120 20 0 35 84 20 31 28 125 38 94 69 72 10 20 80 76
    64 58 108 87 41 53 82 0 126 35 120 60 104 2 98 81 57 76 43 71 37 30
    34 0 30 64 109 91 5 2 52 92 103 78 1 8 33 64 78 94 42 58 19 7 30 45
    62 99 24 58 36 78 123 13 88 28 110 95 127 14 44 59 34 81 108 107 23
    38 90 54 59 32 107 89 7 90 96 54 116 36 3 46 48 54 123 16 67 29 51
    82 5 85 21 66 109 81 75 22 21 15 45 46 121 46 97 99 123 80 83 125 84
    40 91 65 93 0 45 48 109 42 78 100 114 81 0 98 78 36 117 125 21 90 46
    100 45 2 76 33 82 96 40 48 102 89 75 67 97 48 34 95 122 64 75 13 90
    100 92 90 68 29 75 126 50 4 115 56 116 42 17 71 107 15 18 69 34 54
    33 56 10 94 69 46 52 29 124 94 63 21 116 26 121 83 18 42 29 70 67
    105 27 109 73 36 115 20 117 87 77 26 78 23 69 125 124 52 9 3 21 24
    83 86 72 96 94 32 79 71 117 4 28 76 51 17 16 33 35 98 34 110 70 30
    120 76 17 121 26 67 80 63 94 14 21 125 8 84 104 98 127 99 8 110 106
    11 121 115 90 110 105 65 63 78 61 105 63 110 54 91 66 66 3 3 93 14
    36 73 106 27 106 30 94 76 24 60 61 91 114 4 52 15 10 44 72 22 97 62
    13 93 90 19 67 86 84 106 124 33 26 25 78 124 55 91 82 44 71 123 103
    20 47 58 124 58 77 100 103 23 95 38 43 5 97 104 111 69 103 121 53
    122 29 81 56 17 78 110 59 46 119 102 96 70 85 43 53 10 91 51 77 88
    13 60 43 35 112 55 92 72 76 22 107 25 42 36 96 33 59 81 108 124 4
    101 62 86 68 110 117 84 111 61 106 95 13 82 114 21 54 122 66 4 85 83
    110 88 56 20 21 124 70 61 99 101 85 105 64 97 120 103 33 9 89 31 121
    118 120 122 114 65 5 42 92 43 6 83 57 105 24 103 122 49 96 4 20 74
    104 86 101 1 95 84 77 14 28 94 125 68 22 21 9 4 18 93 82 115 30 4 14
    109 13 109 44 4 118 48 46 125 105 26 88 87 37 125 99 99 82 72 23 11
    48 34 113 62 25 96 85 33 29 49 4 8 36 79 116 10 58 11 72 73 80 119
    99 9 98 42 116 24 7 110 74 122 50 57 23 89 125 65 12 35 80 70 67 68
    33 65 47 62 90 102 15 70 108 45 120 31 23 28 104 120 120 80 23 76 75
    87 83 54 101 41 15 99 11 15 71 42 103 42 93 20 71 24 3 97 72 52 108
    118 77 12 111 69 53 104 24 16 123 119 78 113 121 93 37 105 79 35 67
    103 39 87 83 75 88 69 81 70 10 87 2 103 115 8 98 82 115 105 27 84
    127 67 43 60 11 79 59 6 67 88 15 5 105 44 100 118 123 34 117 3 77
    123 82 88 102 63 2 104 98 50 95 100 95 25 79 42 30 27 57 98 22 67 32
    81 46 74 20 40 61 53 24 5 68 113 8 105 90 14 79 89 74 95 118 0 27 38
    70 69 45 55 22 21 13 75 39 43 54 102 11 83 79 83 109 104 55 9 113 57
    90 4 72 29 77 84 11 79 19 50 100 29 107 12 113 57 89 98 50 123 94 32
    73 20 47 14 117 22 64 105 103 58 60 81 68 71 15 90 78 88 75 88 1 82
    32 111 31 67 37 116 71 20 123 10 99 32 113 92 8 1 121 120 110 74 97
    8 84 50 81 22 46 67 111 21 97 106 101 7 16 116 97 61 54 29 104 46
    125 119 126 28 94 88 110 104 99 123 64 93 44 9 3 108 82 111 29 69 77
    94 31 10 38 55 93 104 26 113 116 39 62 35 21 33 22 13 117 95 54 1 60
    35 11 39 79 64 82 61 18 55 2 54 41 25 67 53 26 49 29 70 53 0 127 77
    14 33 24 3 82 63 36 68 42 111 22 104 99 19 126 92 116 8 62 34 68 108
    63 61 88 30 127 103 113 37 18 116 67 29 1 83 20 123 99 56 4 44 106
    93 0 58 3 65 105 118 122 55 93 39 71 61 115 17 79 98 88 70 69 47 34
    89 24 104 33 63 65 59 61 105 89 68 83 48 38 124 84 43 16 77 7 27 18
    65 11 7 83 26 11 74 66 75 21 111 71 91 22 76 101 39 98 126 37 106 2
    90 86 122 0 54 59 92 24 46 7 23 78 104 33 67 19 60 120 125 40 78 47
    88 104 66 58 96 46 39 53 100 81 17 98 64 78 32 112 40 90 95 0 55 62
    73 60 30 91 117 115 111 61 0 105 67 22 17 121 116 53 103 63 87 75 71
    14 60 70 2 85 24 94 120 43 35 6 10 118 123 91 89 45 94 20 26 113 89
    34 32 65 19 39 31 68 67 78 72 118 3 58 116 29 121 66 105 58 113 125
    126 122 112 54 7 63 111 127 77 24 65 53 20 95 68 112 37 3 33 0 33 23
    45 34 35 96 74 60 56 34 40 107 116 42 43 28 53 18 66 87 88 50 81 49
    57 79 64 25 43 126 0 66 10 82 50 45 71 27 121 122 76 22 16 78 69 8
    57 10 25 25 59 34 49 63 48 28 9 86 50 105 10 52 124 105 36 3 15 8 55
    50 68 70 2 124 68 27 3 98 100 120 125 103 78 67 30 39 109 68 95 60
    16 10 66 99 51 87 37 67 18 78 119 83 9 116 23 31 67 111 17 92 84 49
    10 94 117 30 30 26 64 74 21 10 43 121 63 0 114 27 46 23 62 85 54 31
    119 99 119 14 3 23 1 106 15 73 53 52 94 70 114 65 25 115 16 6 104 46
    70 26 70 19 43 19 118 35 37 44 77 48 106 46 25 68 53 7 18 2 47 10 73
    62 47 59 125 58 119 74 63 61 18 104 106 100 115 78 90 13 42 23 12 59
    39 108 55 112 121 67 84 117 67 56 27 25 65 124 108 1 22 70 115 66
    119 54 24 93 26 75 108 15 66 48 23 46 19 36 118 72 58 115 11 118 82
    87 61 0 126 17 81 76 88 18 81 101 50 123 8 94 17 101 2 29 43 42 62
    19 7 117 23 29 3 118 100 41 32 52 57 92 28 23 105 108 46 77 47 87 30
    39 123 119 107 6 94 79 32 59 42 71 126 12 91 40 63 59 109 98 57 13
    113 90 75 16 28 26 68 99 96 52 64 116 103 10 70 85 96 10 41 5 92 32
    28 24 107 0 67 31 107 79 79 23 44 83 20 98 54 15 8 18 114 20 75 17
    71 86 6 109 95 83 91 73 7 38 26 73 23 37 54 21 75 24 84 70 50 73 103
    82 49 52 11 50 58 116 72 14 36 13 97 42 93 96 107 43 114 89 109 53
    56 126 55 83 61 18 100 12 80 70 45 70 86 51 91 62 118 81 66 24 14 72
    57 49 93 31 69 76 96 127 32 90 89 73 111 11 10 49 127 29 120 61 28
    81 13 1 34 21 20 39 73 116 120 29 2 99 14 105 106 83 61 48 62 101 60
    55 51 26 45 95 31 10 126 62 52 68 67 66 44 6 11 50 81 38 57 106 88
    18 40 9 14 55 110 1 57 38 112 9 19 123 102 44 33 36 31 56 107 40 46
    95 10 11 102 51 91 66 40 105 95 94 47 49 98 18 47 106 38 5 16 28 113
    74 111 69 56 68 76 87 100 37 76 7 87 66 96 67 43 84 29 84 0 123 74
    96 77 61 47 89 16 70 97 2 122 23 35 29 77 7 73 96 77 120 55 83 27 44
    3 118 16 2 60 122 106 66 91 65 5 79 43 120 117 60 92 44 100 77 83 74
    44 85 112 103 67 18 104 126 124 101 62 71 46 55 103 126 57 39 67 73
    45 1 18 78 33 91 28 126 93 57 96 107 0 52 59 25 2 44 89 54 119 55
    114 125 113 43 19 90 123 113 83 94 21 13 99 97 127 40 94 40 94 104
    53 0 95 72 103 47 6 96 75 71 76 51 88 92 59 18 81 91 111 13 26 10
    117 57 16 39 103 58 118 8 32 83 60 123 101 17 49 35 48 85 46 17 108
    90 2 75 71 112 76 77 46 3 57 67 72 26 65 1 19 108 60 46 54 119 66 4
    93 38 0 82 32 31 50 29 78 56 3 122 84 37 104 15 9 28 75 2 23 72 115
    6 68 92 17 121 88 50 15 98 59 108 81 36 14 40 38 72 77 117 38 88 110
    75 67 18 49 54 12 4 62 117 83 61 126 104 126 106 95 84 88 68 16 120
    54 7 10 94 69 38 101 28 57 82 30 46 0 20 44 73 70 46 47 55 26 4 57
    125 74 27 112 41 115 104 19 94 62 15 80 23 117 74 125 15 64 32 73 38
    71 11 103 102 0 88 120 13 107 79 40 24 71 23 78 68 127 28 68 24 85
    106 44 78 105 81 111 3 110 88 26 55 99 51 82 82 8 76 46 96 40 20 7
    32 114 108 96 52 74 65 3 107 66 89 1 23 94 123 104 13 45 72 55 112
    48 120 123 125 29 58 33 120 31 88 60 28 0 47 92 56 33 78 89 42 125
    55 44 112 59 30 5 22 123 72 79 88 95 83 118 0 54 44 18 77 90 122 12
    114 115 97 44 100 104 58 81 23 68 77 53 36 96 117 110 2 113 32 18 3
    95 20 29 60 119 122 95 88 107 92 97 86 28 95 73 24 83 13 105 47 7 90
    110 23 45 92 0 90 100 11 71 83 56 65 66 94 104 43 15 65 86 61 124 51
    2 26 6 12 75 1 51 98 120 16 29 70 32 121 20 72 41 63 125 78 98 55 36
    91 6 34 44 111 70 30 89 114 66 40 52 29 24 111 96 73 105 51 66 120
    84 52 118 114 102 111 36 100 17 92 106 69 76 122 99 38 76 96 50 116
    75 61 121 74 50 38 51 117 0 110 27 27 28 3 117 127 5 106 24 107 38
    74 100 12 89 24 25 88 69 29 2 7 6 116 79 120 87 84 99 3 54 78 15 15
    72 86 56 48 45 124 52 86 15 22 8 51 124 44 116 53 19 87 99 122 113
    84 44 56 21 59 5 63 26 21 77 22 34 99 0 26 127 101 125 71 125 49 58
    102 107 19 123 10 126 82 76 10 101 102 64 35 60 13 43 51 83 114 65
    91 24 30 112 28 80 69 6 122 22 30 108 87 66 120 25 108 88 63 55 70
    89 68 112 119 22 4 5 52 9 46 40 107 75 0 8 125 21 79 29 106 14 104
    41 120 61 65 48 76 19 82 70 112 33 119 44 44 97 40 27 62 55 31 19 32
    118 50 74 41 18 14 19 95 40 111 122 113 70 76 79 62 115 65 92 33 50
    102 36 113 77 72 102 86 112 50 63 113 85 94 83 81 93 114 38 7 123 85
    127 103 40 57 88 2 118 127 93 108 80 126 14 48 5 77 101 80 10 47 52
    121 46 113 120 28 71 107 1 48 19 18 63 55 77 33 74 23 32 49 25 47 69
    22 66 99 98 67 6 16 18 88 125 13 53 112 108 43 121 86 96 36 27 29 68
    124 77 64 40 116 43 57 4 127 7 111 26 63 91 71 124 65 8 54 9 24 18
    33 85 72 29 37 16 59 54 12 122 94 126 33 63 13 87 91 47 74 88 115 9
    7 121 108 68 42 31 111 106 44 125 70 99 33 58 78 121 127 5 110 90 74
    119 28 13 122 22 119 58 53 2 72 113 23 63 53 2 67 79 42 15 100 121
    65 45 25 86 113 101 104 123 94 96 82 68 124 74 74 74 30 107 70 116
    86 38 30 49 71 21 57 96 87 95 101 86 101 122 17 102 126 16 89 91 104
    65 124 50 113 89 119 100 8 67 90 18 0 86 10 17 97 11 71 6 107 80 14
    14 29 102 19 14 4 62 40 1 113 113 1 109 10 61 45 2 113 86 96 5 88 67
    106 88 42 35 44 96 60 120 22 37 45 74 7 101 61 60 2 70 80 36 94 24
    61 92 125 46 41 31 90 96 28 34 58 51 114 40 27 43 64 93 69 23 93 50
    32 121 61 58 125 99 39 98 47 79 65 20 51 86 109 33 60 96 126 109 93
    77 2 53 83 61 104 84 17 117 31 0 1 8 59 105 106 89 113 0 30 58 39 39
    45 106 4 103 41 96 121 112 51 1 103 32 62 9 104 86 121 92 39 94 87
    67 125 52 74 92 88 10 16 50 110 76 67 83 88 70 105 83 70 77 7 116 11
    63 126 86 70 38 54 111 87 122 40 10 42 56 70 15 99 119 71 122 28 111
    66 67 86 77 8 114 2 120 67 113 77 106 61 103 48 90 0 72 9 88 39 91
    124 100 63 28 56 61 94 82 70 74 89 99 58 87 116 125 64 107 105 34 1
    7 77 23 46 83 11 86 46 32 93 46 65 115 5 71 68 44 10 0 29 100 35 42
    40 126 124 102 97 112 45 104 102 93 2 89 118 105 7 53 23 21 114 59
    12 58 3 61 39 69 45 123 120 31 66 89 126 51 17 87 4 6 84 64 113 6 55
    80 74 71 89 108 10 95 41 71 92 22 10 118 54 120 2 59 62 102 41 109
    30 26 81 88 31 71 51 92 86 5 99 73 12 120 0 34 107 35 101 70 12 68
    38 51 57 2 40 34 49 47 90 96 29 7 42 43 109 56 45 119 81 117 27 22
    49 103 17 71 18 45 17 116 114 50 35 30 108 15 126 70 13 27 86 55 99
    86 1 118 44 70 0 55 52 102 27 106 124 42 90 117 37 109 92 116 103 80
    6 12 7 4 38 103 95 122 30 49 13 3 103 62 15 85 8 78 8 99 34 73 20 9
    108 68 80 79 51 9 76 67 105 81 74 34 118 109 28 68 40 97 64 63 68 70
    124 122 54 19 75 100 88 43 9 118 10 31 85 16 74 53 118 37 86 53 125
    91 44 35 52 50 25 8 79 65 4 66 91 32 57 18 58 8 36 49 105 58 9 89 73
    67 18 6 121 115 6 111 114 36 64 34 9 96 77 125 99 121 18 82 28 34 10
    76 33 14 48 57 112 25 101 94 36 56 36 21 64 9 7 19 31 33 108 114 118
    37 106 43 69 4 110 81 105 31 44 123 34 51 90 70 114 8 78 116 52 83
    19 6 32 22 85 78 18 120 87 14 93 126 110 74 7 103 80 52 127 1 126 10
    81 53 32 106 78 14 1 108 82 102 4 111 109 70 72 62 15 90 96 12 127
    93 42 50 107 1 94 10 19 107 105 69 94 38 65 70 55 95 41 2 36 1 75 47
    38 21 88 58 41 0 86 64 39 63 24 119 17 24 119 20 104 47 65 51 76 34
    77 57 122 98 79 6 118 16 116 58 42 99 60 51 113 38 54 43 41 104 42
    96 99 70 18 89 14 32 99 117 3 58 55 104 81 87 124 91 98 6 30 7 26
    102 43 21 42 50 28 33 12 120 93 84 1 124 85 13 26 94 43 3 10 42 5 71
    120 127 34 126 77 43 97 122 26 113 32 99 90 27 106 57 56 116 0 68 39
    102 60 2 4 95 29 112 121 0 48 51 49 39 65 41 79 117 1 26 17 45 52
    112 91 98 52 5 18 94 127 16 5 90 116 125 13 108 26 43 56 84 77 61 42
    51 43 117 47 38 98 121 1 53 105 13 42 73 52 97 104 41 123 94 102 14
    45 37 39 91 63 109 62 32 13 68 71 123 78 88 103 35 80 41 114 82 30
    15 39 125 74 52 107 103 49 47 77 39 41 23 105 124 55 26 21 100 102
    53 69 116 112 110 33 31 31 123 9 25 69 0 78 78 83 102 59 13 76 40 65
    17 117 68 47 40 113 81 10 58 101 31 44 112 7 70 1 115 66 22 84 62 85
    27 90 109 44 90 36 12 46 25 72 63 81 53 124 117 100 104 69 120 68 74
    26 18 28 8 56 119 3 29 118 40 21 110 0 15 66 94 47 118 29 86 28 86
    36 91 84 51 75 102 25 19 120 27 109 74 62 113 34 0 73 3 23 64 102 93
    64 110 36 120 51 93 20 22 90 104 22 40 87 24 123 83 53 17 83 23 94
    68 10 27 116 114 55 1 114 24 46 39 35 46 121 85 67 2 74 29 101 50 86
    99 0 76 106 51 41 104 49 127 104 79 72 32 7 77 120 49 32 112 40 126
    66 57 110 6 21 40 12 19 12 60 6 96 122 27 17 67 26 18 116 61 111 30
    24 48 104 101 26 118 22 121 48 6 100 9 46 66 94 89 93 102 84 6 85 8
    33 89 6 84 50 90 15 94 52 34 22 99 97 60 76 101 80 90 127 122 94 2
    83 86 9 88 101 53 43 12 64 79 98 78 45 57 64 114 45 118 89 112 71 2
    16 24 61 7 109 101 86 91 24 60 35 102 28 62 57 46 36 96 2 89 8 20
    116 26 120 55 21 39 54 46 115 59 47 112 64 87 37 45 57 45 61 30 30
    127 124 124 111 40 7 25 117 15 116 100 84 40 51 13 96 2 91 31 49 43
    98 19 116 102 77 12 9 122 82 96 10 116 52 34 76 39 124 90 7 103 10
    117 103 109 109 99 71 43 36 47 121 19 38 36 1 26 79 116 117 14 19 86
    11 94 24 56 26 83 122 61 86 2 12 97 19 96 67 10 2 72 67 4 97 10 25 2
    66 93 80 105 23 119 44 59 117 75 47 123 75 29 83 57 88 40 33 100 23
    4 118 60 98 41 18 44 112 38 72 102 29 0 27 2 50 112 112 57 42 24 114
    104 107 38 114 15 74 27 59 93 41 23 18 39 75 77 122 107 34 10 36 5
    52 67 24 26 49 113 110 38 49 82 115 39 79 79 80 76 117 30 1 60 53 88
    116 57 94 126 95 9 50 10 14 41 0 16 98 3 55 105 10 124 100 83 106 64
    1 54 81 54 63 69 18 41 122 2 71 111 60 37 21 66 68 0 102 124 53 120
    2 0 69 36 20 45 21 81 27 110 86 123 127 116 59 4 110 15 105 115 104
    73 62 3 3 117 10 72 113 18 97 100 4 4 74 20 12 58 119 122 8 31 65 18
    99 29 69 63 9 59 69 21 115 26 113 105 69 41 96 118 115 47 72 8 61
    108 112 101 77 76 79 100 106 123 66 41 52 70 74 63 106 120 96 50 9
    83 125 117 60 89 50 98 25 97 75 82 83 67 52 39 78 29 83 56 107 33 80
    122 38 115 29 88 102 26 36 118 16 119 88 93 124 103 77 55 19 1 51 6
    117 66 90 6 53 124 94 45 59 88 109 62 111 12 30 26 44 104 87 41 99
    37 91 75 123 71 116 121 76 117 57 21 36 126 54 46 4 69 16 49 64 123
    86 20 42 71 122 61 54 7 127 41 62 120 90 103 11 84 90 35 70 70 44 92
    42 20 33 71 102 113 32 50 96 89 78 127 50 75 40 22 63 82 105 17 112
    70 14 113 89 21 94 87 45 100 23 96 9 69 24 19 43 110 38 48 107 48
    106 107 79 62 56 81 79 38 55 82 100 73 89 115 19 119 97 104 108 19
    25 59 12 75 0 36 36 82 30 41 105 112 52 15 16 62 96 22 116 95 66 13
    50 51 18 112 127 108 98 86 49 87 61 78 127 105 62 41 126 94 46 87 12
    20 91 79 37 110 82 103 31 43 4 87 81 78 127 93 110 24 70 75 125 75
    57 22 104 85 52 44 8 61 92 3 94 113 92 15 30 69 121 5 7 123 12 95 95
    121 20 30 60 26 73 95 79 88 60 76 92 32 47 61 25 42 113 52 105 57 48
    81 37 114 76 15 118 18 124 24 16 96 124 85 4 55 97 80 19 127 38 74
    43 96 73 122 66 42 62 24 110 91 102 101 102 91 32 87 39 104 11 82 13
    45 75 92 121 93 116 120 47 28 120 70 37 6 27 82 99 118 96 126 18 56
    41 74 87 4 121 99 90 60 105 117 46 93 92 84 72 73 30 16 116 68 48 31
    91 10 46 93 38 102 62 96 102 13 75 100 94 17 89 6 110 72 102 9 45 94
    109 38 92 49 56 108 105 25 94 0 25 90 122 104 101 33 65 75 120 24
    110 49 48 78 22 49 122 34 86 121 125 78 8 57 7 102 80 37 61 42 65 85
    22 11 51 42 3 127 126 110 94 0 61 64 60 119 36 121 44 89 29 61 54
    127 14 64 93 111 6 70 83 52 87 45 35 9 75 93 92 53 13 52 87 65 94 60
    123 97 90 20 120 61 11 81 97 20 26 115 122 121 50 49 66 81 68 26 105
    29 93 99 30 62 110 115 54 122 67 52 101 91 108 23 88 21 79 43 80 31
    60 20 86 26 33 105 81 15 117 107 44 37 92 31 33 30 47 47 78 78 83 45
    23 68 77 27 71 123 123 89 116 15 18 116 123 116 81 41 83 43 41 97 79
    18 8 22 116 89 64 52 104 83 91 56 19 98 67 30 78 27 103 48 120 124
    38 90 97 80 59 121 110 23 126 95 38 116 84 29 117 35 39 21 111 6 26
    87 81 112 86 96 85 74 86 79 80 16 75 69 49 126 124 13 54 18 11 40 13
    86 120 94 125 8 57 124 58 113 125 111 21 92 112 20 40 11 30 127 33
    108 40 95 124 49 118 8 87 27 16 106 8 33 36 55 108 109 33 105 40 7
    121 103 115 46 122 101 107 76 18 72 78 118 2 111 27 14 64 88 51 93
    63 73 70 26 119 88 21 81 104 95 107 15 99 51 79 41 46 32 77 11 49 50
    39 8 36 67 71 41 34 37 5 80 49 118 113 94 82 51 24 9 43 54 50 81 127
    108 84 77 84 26 118 11 98 14 113 68 85 53 53 111 63 17 48 119 90 26
    100 117 91 13 6 66 111 98 84 37 33 73 85 70 123 23 111 90 10 41 18
    87 36 32 106 45 77 89 15 18 7 40 113 52 95 111 117 84 109 77 96 95
    106 127 27 15 64 18 11 34 61 124 22 122 21 71 18 68 40 58 99 52 98
    73 61 115 43 120 50 28 69 12 20 106 35 96 39 122 54 122 49 119 48 17
    38 117 47 91 44 40 77 32 96 116 109 34 76 23 95 33 72 124 2 103 126
    53 112 72 26 13 69 120 44 11 58 100 16 78 48 94 34 68 52 120 120 17
    74 73 47 47 21 85 42 57 82 108 123 16 41 27 83 47 73 16 82 115 113
    73 0 88 81 58 14 57 18 94 50 126 66 12 26 54 109 10 101 79 25 49 118
    46 86 69 108 68 41 29 117 110 53 32 108 117 49 47 3 55 35 34 3 57 66
    20 122 24 44 78 115 32 46 50 109 3 70 29 40 55 44 6 21 96 105 71 55
    92 110 63 110 80 97 98 84 76 1 73 11 102 64 95 112 23 44 75 105 56
    104 61 62 84 67 68 30 34 90 8 100 61 107 98 95 121 84 116 34 61 18
    45 83 40 12 115 53 33 102 3 62 11 117 74 96 127 26 54 22 57 59 126
    107 35 18 7 23 58 114 69 28 83 67 75 116 105 6 2 95 8 97 76 110 24
    127 73 117 104 67 51 19 89 105 6 14 36 14 4 117 72 73 73 98 20 56 97
    109 11 19 83 108 54 20 126 25 105 120 18 120 72 24 43 21 22 29 12 77
    96 120 118 90 56 90 90 21 71 43 63 100 121 23 16 0 40 95 95 62 124
    27 9 126 82 1 46 99 112 71 58 30 42 86 32 45 98 12 64 119 86 98 97
    107 18 127 117 31 27 8 106 68 62 100 30 18 82 13 18 37 109 36 32 104
    17 63 84 3 70 35 118 19 90 98 53 120 0 63 118 32 57 18 59 25 29 41
    120 41 76 33 127 1 107 15 103 96 109 126 69 19 90 76 110 105 93 2 95
    36 40 49 96 56 83 37 50 3 11 10 79 37 125 81 99 38 127 89 6 82 51 6
    123 9 29 105 75 53 70 120 109 111 97 55 8 31 45 30 74 22 15 53 64 98
    4 4 40 37 127 105 0 37 24 100 56 62 68 22 5 16 51 102 50 79 54 114
    101 6 118 104 106 4 77 15 81 20 106 40 77 4 74 87 63 88 100 40 56 29
    55 39 36 47 12 35 68 126 69 84 93 54 72 117 126 19 20 127 12 28 66
    94 71 121 111 20 124 47 30 100 43 96 17 29 10 65 86 47 65 21 94 88
    104 12 103 56 48 94 78 2 47 10 48 110 111 53 75 18 89 39 101 24 42
    37 112 61 109 7 96 100 119 24 34 55 0 0 28 92 62 124 47 80 18 63 0
    50 27 21 50 76 20 20 100 15 45 20 33 27 28 20 70 24 71 23 7 85 101
    117 110 92 121 99 88 52 51 46 81 75 13 66 6 116 19 56 38 73 126 33
    126 118 24 89 119 42 100 75 31 15 0 64 42 77 76 101 98 118 89 21 99
    87 109 126 80 44 83 91 71 5 40 35 50 126 80 102 0 62 87 69 86 91 26
    73 87 126 70 80 124 8 60 89 64 117 46 92 49 53 108 71 79 44 95 62 50
    107 64 68 9 44 121 114 21 47 73 38 72 85 112 122 90 9 55 32 91 37
    114 26 33 35 46 88 30 99 90 81 71 2 115 16 53 18 88 65 119 99 25 123
    61 103 27 39 83 3 124 19 33 122 48 109 99 76 68 79 43 96 117 82 76
    90 94 105 11 12 119 103 17 88 45 30 89 21 84 68 86 119 80 71 97 33 4
    116 75 30 61 66 74 107 65 106 26 60 30 125 122 54 10 27 3 57 127 50
    95 43 25 55 123 83 76 25 112 86 124 32 39 55 46 84 110 109 96 85 1
    59 101 113 1 94 80 21 27 53 101 22 83 70 73 82 66 111 56 10 50 54 68
    95 69 76 9 59 114 81 56 101 46 53 32 30 87 125 3 123 32 102 12 6 77
    89 86 114 118 116 93 38 108 64 27 61 1 77 71 67 33 58 50 8 27 113
    109 65 107 61 64 25 85 77 38 85 107 17 110 28 40 100 29 22 56 94 107
    106 37 118 0 96 117 123 83 96 117 110 22 121 72 101 76 2 0 31 76 123
    36 23 77 96 100 74 1 29 63 58 81 100 103 95 112 79 113 53 101 56 111
    39 67 95 86 43 5 86 71 106 78 83 1 60 40 88 60 35 111 64 81 52 6 65
    70 83 49 40 76 64 5 47 89 89 16 19 65 90 6 70 76 84 35 35 46 46 77 1
    13 33 65 122 111 8 69 55 95 62 84 30 96 56 104 16 121 63 4 112 12 34
    56 62 41 37 66 94 25 69 6 15 15 27 83 51 94 39 125 26 2 55 5 19 104
    102 76 3 30 124 86 3 21 117 26 100 120 31 5 113 12 100 70 97 109 127
    125 49 34 104 85 78 4 93 18 83 92 80 39 31 45 47 75 35 90 60 27 116
    4 111 29 11 95 50 72 111 82 42 20 61 8 45 95 40 62 80 117 32 54 75
    10 74 106 46 101 3 127 60 124 125 117 40 25 125 77 119 108 127 70 73
    33 94 2 96 14 19 2 102 67 90 50 56 46 103 25 77 13 35 49 1 11 29 38
    96 12 74 76 35 123 100 124 60 42 116 82 125 53 25 116 27 47 127 91
    52 68 10 37 51 112 104 109 34 15 66 36 95 78 6 61 126 23 101 99 2 20
    14 90 76 71 74 52 90 60 125 71 24 17 22 123 18 24 48 18 85 119 74 62
    127 37 83 88 79 118 53 58 57 60 33 68 81 53 12 75 60 29 70 37 54 102
    67 76 23 7 24 43 51 125 120 111 31 52 41 38 103 12 79 80 104 46 60
    47 25 3 123 104 37 124 71 112 81 82 53 87 44 104 86 47 5 122 59 123
    44 33 42 15 97 30 109 31 46 122 108 63 15 96 21 78 97 41 78 109 34
    76 83 17 108 104 14 127 94 115 83 30 39 71 110 53 47 105 37 63 15 94
    58 99 112 39 53 16 22 73 111 23 56 127 112 38 67 15 108 116 11 47 3
    38 16 112 56 0 45 16 92 63 106 63 36 44 49 41 19 67 88 26 10 77 6
    108 108 25 98 57 4 111 81 69 60 28 62 33 118 49 38 122 105 24 24 120
    71 74 44 55 6 65 126 77 38 62 42 97 61 116 123 41 70 115 84 59 102
    30 116 81 27 120 63 104 51 76 64 72 126 80 63 107 36 13 99 39 66 116
    125 0 26 107 121 96 97 4 5 69 68 104 33 45 4 114 70 122 88 9 23 36
    57 15 112 43 59 49 107 80 20 64 47 35 115 126 12 79 37 51 112 65 57
    119 108 49 106 110 32 80 33 67 45 9 92 87 94 72 3 110 29 116 123 118
    64 94 92 16 49 93 56 50 103 32 92 88 27 84 76 7 127 126 8 79 39 79
    70 52 110 79 106 24 29 47 34 95 48 22 94 60 109 62 127 48 63 47 126
    122 34 125 114 66 92 105 31 18 106 95 44 92 68 67 125 80 75 110 92
    47 98 105 19 79 59 78 63 69 63 66 114 22 66 26 92 36 20 125 103 56
    69 116 20 5 39 119 33 103 41 1 13 69 79 8 51 81 113 50 73 99 34 13
    60 50 108 67 19 114 120 35 81 33 1 102 91 55 112 89 14 58 75 45 96 9
    16 17 56 57 127 47 35 121 58 15 125 125 30 59 50 72 59 39 22 121 16
    57 99 52 64 46 26 7 116 43 44 81 84 78 36 126 83 19 75 62 124 116
    120 59 87 126 126 65 50 32 20 100 112 7 45 78 115 55 17 123 34 26 58
    80 100 86 70 15 16 105 102 14 92 9 47 53 83 88 11 69 44 25 58 32 27
    54 119 115 98 118 39 89 109 57 100 69 91 4 7 59 9 112 69 53 116 96
    127 41 20 54 46 3 64 55 51 113 122 123 100 122 93 74 43 123 33 37 51
    9 35 92 64 3 29 40 4 111 24 113 45 61 101 100 55 36 0 89 124 62 25
    108 5 68 79 37 21 34 66 54 41 49 114 99 53 25 0 95 97 59 108 75 120
    120 101 20 89 112 89 102 43 41 86 88 59 53 30 119 66 97 36 62 69 17
    78 8 63 74 25 6 62 110 66 90 110 79 23 14 88 93 111 85 51 114 27 123
    1 108 115 93 14 95 11 122 97 66 101 122 21 118 84 53 101 39 3 60 66
    81 18 0 19 111 97 96 45 19 125 52 81 7 87 79 42 19 49 108 40 13 22
    105 20 6 11 85 61 13 114 39 127 89 63 118 74 125 23 9 67 118 96 27
    33 86 106 103 47 95 87 63 20 49 55 73 31 123 49 59 124 50 77 65 3 32
    118 95 109 10 46 109 74 87 15 100 48 92 71 62 63 31 21 57 26 71 0 49
    99 64 21 63 24 1 56 27 120 62 6 72 43 83 89 37 61 117 101 6 21 69 35
    20 13 2 23 121 11 112 16 0 67 57 103 40 60 72 94 44 126 52 53 109
    105 70 9 121 76 117 6 107 119 13 44 33 70 77 127 84 121 43 95 125 76
    97 113 65 29 106 85 119 82 60 74 115 81 15 119 68 70 126 74 100 97 1
    50 49 13 49 79 73 1 100 74 36 4 38 106 15 24 102 38 56 48 61 40 71
    20 60 36 79 83 123 46 5 0 83 3 9 6 15 119 102 18 15 4 100 83 112 103
    126 14 96 3 95 106 75 77 100 104 55 109 27 18 26 63 55 11 51 14 5 27
    64 55 75 25 33 36 111 102 28 127 21 108 24 4 92 1 78 8 28 36 1 69
    110 89 121 95 96 53 79 125 52 25 22 51 86 91 29 60 40 7 94 5 84 46
    21 6 63 87 81 16 58 25 115 76 66 115 42 16 108 43 113 112 52 73 78
    89 69 68 1 53 27 109 4 16 57 100 54 44 99 86 109 57 41 29 6 93 27 71
    120 65 126 126 44 66 97 19 75 104 1 62 125 78 116 120 60 36 122 115
    27 84 49 11 0 38 69 114 37 97 18 108 73 3 97 35 71 113 9 39 37 82 70
    19 29 11 74 72 44 98 86 41 72 119 73 74 1 57 110 69 59 78 85 116 80
    115 107 52 110 25 27 12 105 58 71 121 22 40 41 61 5 73 70 30 114 72
    6 109 100 36 90 54 2 3 58 91 62 3 115 47 4 96 120 9 117 123 5 58 96
    61 69 120 119 5 34 104 46 77 44 111 110 48 14 13 118 101 90 5 19 69
    23 0 11 17 121 114 81 77 57 37 120 73 47 12 73 37 21 18 50 86 89 37
    24 120 69 59 22 21 104 78 95 123 65 55 54 78 95 80 75 46 88 117 99
    55 94 10 2 18 110 119 28 118 1 117 112 33 117 125 60 29 4 100 79 50
    4 121 66 113 49 81 74 123 4 52 99 64 109 71 40 6 43 33 34 96 88 29
    105 34 123 88 113 80 106 100 121 45 12 67 43 35 12 107 76 25 3 67 62
    69 23 50 26 76 35 38 0 21 73 112 78 39 76 72 35 31 15 11 41 36 43 64
    119 121 28 7 63 110 24 57 21 35 126 20 10 108 53 107 6 0 97 83 1 36
    110 29 45 104 83 104 82 25 86 76 126 90 49 119 45 68 25 10 78 95 2 2
    110 51 66 90 29 6 30 91 92 14 52 83 121 105 67 2 31 119 24 124 44 79
    116 38 43 63 41 92 125 76 32 60 47 55 117 27 37 2 79 111 127 58 43
    18 43 123 0 70 4 86 16 75 122 80 65 15 39 65 46 65 119 95 4 74 93 50
    20 31 10 80 14 126 126 92 24 118 63 111 45 44 17 95 36 116 86 112 6
    67 4 72 46 83 32 100 116 27 18 61 4 91 23 20 118 63 86 3 109 55 32
    34 110 82 65 59 62 103 28 68 28 67 98 4 24 7 12 50 7 39 127 81 73
    103 3 64 22 28 18 67 10 114 46 19 1 121 106 55 98 12 108 36 54 118
    51 57 28 126 113 41 104 74 65 7 95 117 23 64 47 16 88 5 82 56 6 7 86
    92 126 123 43 38 80 101 46 60 54 120 49 94 116 113 66 19 76 96 45
    108 0 23 5 89 115 86 85 86 69 115 17 4 84 65 43 72 35 64 51 49 93 2
    56 85 23 8 101 43 17 69 54 41 72 18 56 59 60 39 13 99 67 55 96 122
    101 44 125 49 78 105 22 68 38 125 31 80 40 72 47 77 13 88 27 56 100
    103 96 35 69 69 105 95 100 11 97 21 80 57 88 29 38 72 40 38 104 17
    27 13 67 12 2 36 54 96 59 2 62 88 87 41 31 48 26 91 84 106 43 88 68
    53 2 63 118 123 60 61 30 50 63 60 11 117 74 11 83 119 81 34 40 124
    84 91 77 93 34 3 54 125 113 1 74 88 96 57 90 125 5 34 74 16 72 85 4
    31 77 11 96 0 76 26 93 124 4 91 123 114 45 77 111 56 48 64 72 73 14
    125 47 2 1 34 16 94 84 68 87 97 17 19 56 29 47 21 32 96 31 101 37 37
    4 40 59 4 127 41 120 7 104 28 79 91 6 50 107 31 43 1 14 43 99 34 89
    74 77 49 55 53 33 119 118 18 102 52 25 42 93 115 65 98 56 34 52 24
    45 54 85 43 75 40 0 74 38 18 103 125 80 15 72 77 27 33 39 29 11 95
    10 90 105 23 35 47 15 92 19 59 40 70 24 123 42 56 99 15 52 37 34 63
    113 43 21 117 25 60 91 122 49 49 30 127 113 67 63 0 0 92 66 51 37 35
    58 111 105 77 95 85 24 127 13 1 101 53 94 28 81 49 10 84 40 6 111 38
    50 54 92 33 24 11 84 1 11 5 37 73 13 82 101 74 35 7 31 67 14 100 58
    16 21 49 33 40 28 117 0 54 40 81 111 47 37 34 17 85 6 11 27 14 21 23
    105 87 34 104 5 79 126 38 29 23 101 40 37 8 16 106 115 11 19 14 45
    87 0 47 46 15 19 68 85 122 54 88 95 69 122 52 70 71 87 102 7 30 50
    73 105 118 40 77 14 62 126 109 67 117 77 53 46 28 96 9 103 114 118
    87 22 64 5 7 126 55 83 57 58 9 39 93 4 103 21 28 20 65 30 34 86 114
    6 57 44 124 105 108 29 59 68 109 83 19 124 84 14 2 52 91 1 78 82 17
    84 55 45 0 78 42 33 17 14 0 88 74 31 101 0 25 96 61 5 116 119 24 79
    65 71 76 9 6 103 12 70 30 16 8 13 60 19 92 107 0 52 65 86 6 38 17
    102 8 11 79 57 87 105 81 89 90 51 6 102 89 106 93 61 88 88 83 34 126
    72 22 2 34 25 84 110 42 92 19 22 90 38 106 71 72 43 54 44 56 62 114
    89 68 88 127 57 116 49 71 68 108 5 104 71 48 13 73 14 45 85 35 1 42
    5 68 2 106 112 29 17 19 114 100 111 56 101 28 89 4 54 99 93 122 91
    92 86 68 47 98 69 24 36 74 85 87 126 65 55 55 2 14 96 40 120 5 52 86
    53 80 7 13 38 12 16 64 56 31 2 97 81 123 96 100 114 60 44 64 75 101
    49 37 5 7 28 47 127 114 64 22 57 57 9 79 75 88 20 10 54 122 59 22 58
    124 33 81 27 62 0 68 40 19 125 44 56 70 25 10 19 98 49 17 54 69 84
    11 17 97 91 62 113 80 120 75 16 0 58 44 45 10 107 44 10 61 48 97 70
    118 55 120 8 83 45 15 63 38 13 117 67 88 89 123 125 48 26 113 29 5
    75 55 111 75 106 24 82 93 67 15 7 13 51 32 41 70 68 97 16 84 62 2 88
    77 48 63 20 2 82 21 61 18 85 90 115 7 66 54 12 66 44 93 27 63 87 8
    25 86 84 81 37 107 112 55 18 85 81 90 65 24 100 12 110 110 125 116
    56 99 53 14 112 48 84 125 65 109 92 109 42 126 104 9 46 124 24 63 45
    78 104 28 52 34 99 87 63 89 63 66 73 6 59 110 56 95 114 87 23 7 23
    64 80 62 21 68 121 66 25 70 123 38 80 37 42 19 103 5 57 18 70 62 114
    72 95 19 68 10 124 60 118 108 81 78 122 7 7 30 127 11 68 101 45 79
    43 94 77 2 76 52 104 32 32 121 113 98 56 66 51 36 15 61 122 40 13
    110 42 17 24 100 43 31 115 39 118 40 3 96 98 6 66 3 110 0 118 44 48
    36 34 64 89 109 111 104 64 86 91 6 66 113 35 85 63 33 19 99 13 101
    70 74 65 9 31 39 29 22 2 51 17 43 2 29 8 63 48 87 75 8 123 112 79
    125 86 77 6 125 17 25 34 69 47 66 37 81 93 106 89 72 80 5 9 72 74 92
    101 20 114 103 56 97 2 127 56 58 123 73 100 75 66 21 20 97 59 45 18
    89 56 102 41 75 30 112 78 98 22 46 49 28 79 39 46 74 107 90 118 46
    82 52 44 102 19 10 46 24 12 46 14 7 28 38 68 0 11 78 83 9 107 52 7
    36 59 66 59 106 121 109 94 40 22 126 33 72 119 57 65 118 71 95 33 61
    21 114 108 38 28 12 4 104 69 91 126 96 46 35 101 117 87 72 14 74 123
    35 68 114 12 32 124 44 117 95 32 48 22 13 56 99 112 2 38 101 110 23
    85 78 69 83 60 77 31 68 127 122 31 104 123 68 15 90 37 50 113 84 25
    44 97 71 57 39 52 93 123 25 73 69 127 69 93 120 70 30 72 120 53 28
    79 32 124 95 92 61 81 119 14 2 80 74 37 116 103 42 1 111 68 12 16 31
    28 22 22 9 19 33 62 48 25 73 57 47 24 41 34 3 26 19 114 17 22 94 25
    78 49 53 84 96 4 112 43 101 3 44 60 92 18 127 55 126 89 63 77 111 21
    25 116 47 103 48 44 125 97 36 32 122 45 13 52 75 127 29 116 48 111
    107 27 95 59 32 34 79 57 76 7 61 123 93 43 41 50 24 29 97 30 51 9 51
    84 84 51 70 32 116 122 59 92 55 117 33 62 79 36 105 115 101 68 91 21
    118 69 74 111 54 8 8 69 17 8 5 92 110 113 21 116 73 110 34 85 17 59
    44 30 15 3 33 56 90 66 29 123 77 75 23 43 57 13 20 30 102 30 8 99 48
    79 120 29 116 38 44 60 96 49 61 17 74 102 26 101 19 42 59 102 18 76
    30 37 70 102 119 82 59 27 116 53 75 120 68 126 93 11 47 54 43 34 67
    127 86 112 118 51 55 54 85 101 53 126 60 108 104 62 31 27 104 42 100
    41 51 96 107 117 93 118 103 116 41 52 66 94 117 67 85 68 97 12 66 31
    52 49 32 5 95 65 105 118 30 12 95 42 8 125 73 12 3 44 67 25 75 110
    108 114 48 63 89 125 75 104 99 9 76 105 6 55 27 83 107 102 62 33 87
    4 28 77 39 26 104 87 37 123 58 83 105 109 102 11 84 118 41 37 18 72
    28 56 9 33 113 113 91 65 118 107 105 105 80 74 55 96 121 71 31 111 8
    121 112 32 116 116 13 107 84 1 13 11 82 24 50 49 120 53 24 15 61 103
    45 44 40 117 11 46 41 69 12 119 59 19 40 110 93 115 45 122 11 51 70
    96 32 8 47 72 88 5 60 16 111 40 17 52 66 80 11 86 25 44 54 36 126 76
    112 98 119 41 23 81 46 30 74 120 15 50 91 117 53 89 121 126 59 48 49
    24 5 18 65 47 51 104 102 50 95 53 75 77 12 39 7 76 103 119 101 68 61
    17 82 94 46 30 49 9 96 114 96 106 119 69 92 112 119 52 58 117 32 121
    109 53 114 36 44 99 61 23 80 64 66 35 25 77 92 9 58 78 25 53 29 6 56
    3 79 25 51 77 96 110 43 95 8 91 122 116 63 78 110 0 78 80 60 61 123
    17 34 7 39 13 20 119 108 48 48 15 120 66 72 57 7 23 119 125 73 106
    79 36 51 117 8 76 40 59 28 69 70 108 9 55 58 71 50 84 96 121 88 76
    96 11 43 25 117 79 112 14 62 21 108 121 31 51 104 56 42 98 105 104
    110 29 80 58 11 116 34 23 101 123 39 73 75 45 44 109 51 120 117 64
    72 96 43 120 22 93 39 45 125 15 40 73 56 121 112 63 45 30 26 81 105
    63 77 61 121 68 34 103 24 76 43 72 113 73 37 106 53 102 87 6 35 9 28
    67 115 34 27 122 6 107 16 8 57 87 5 67 22 11 110 24 112 7 75 106 34
    71 69 104 58 106 45 103 48 3 111 112 92 64 37 85 77 21 5 86 72 104
    33 28 118 36 73 115 97 16 102 42 54 13 1 65 36 120 100 125 106 86 68
    117 116 99 114 20 33 77 76 85 100 70 66 20 56 17 36 40 88 40 123 20
    6 124 126 70 62 48 107 57 37 121 113 101 74 74 53 106 66 93 5 79 17
    55 53 74 56 79 125 104 88 100 22 45 110 55 46 116 21 16 58 104 82 79
    7 26 55 43 87 101 50 73 0 43 127 108 9 82 101 103 117 99 73 42 118
    99 98 62 102 70 126 28 79 117 119 39 52 87 109 17 42 81 44 116 118
    70 86 108 76 102 112 99 54 23 87 61 119 77 74 30 127 107 60 0 52 111
    60 25 34 66 53 58 95 38 122 45 103 67 37 11 39 43 121 25 30 60 85 2
    124 112 69 3 45 85 79 25 49 75 78 114 15 34 107 116 24 109 17 120 3
    71 44 41 47 62 46 50 39 3 116 81 20 31 39 125 55 28 113 94 126 102
    103 70 83 7 22 47 88 42 4 81 49 96 122 32 127 113 71 47 6 122 59 48
    65 87 35 9 63 113 49 66 53 78 72 67 9 92 3 68 66 21 75 21 23 73 38
    108 104 19 50 20 115 120 32 104 9 50 114 21 34 122 32 32 5 119 43 21
    14 124 28 105 114 108 43 71 78 118 79 61 5 75 44 14 25 55 12 57 64
    19 0 27 65 18 6 64 125 104 21 107 6 76 73 84 67 12 75 102 54 101 24
    25 90 43 48 7 126 46 110 120 10 125 71 9 66 75 105 34 59 81 22 65 65
    31 41 120 24 55 74 6 9 92 111 81 104 7 65 40 88 99 73 103 76 92 127
    122 16 124 85 96 66 68 60 117 63 123 100 1 124 103 103 106 88 0 58
    95 122 53 111 52 87 55 4 68 18 87 110 100 97 26 122 51 38 82 108 54
    46 16 70 116 109 34 51 95 40 41 99 4 10 0 15 67 19 90 30 67 29 87 6
    81 2 68 36 103 96 34 76 63 71 63 106 117 108 87 126 122 104 73 47
    113 13 112 79 78 39 57 105 17 16 91 22 86 109 30 23 28 68 85 42 17
    44 0 80 87 51 22 75 71 113 81 62 60 81 19 123 61 102 125 34 36 101
    71 16 44 22 89 81 54 65 80 120 77 123 3 104 122 38 33 109 75 79 20
    83 57 111 19 1 1 112 125 36 33 8 38 38 108 84 116 105 55 12 99 39 18
    94 127 8 93 45 71 116 24 12 20 9 2 123 31 75 116 21 106 39 29 72 91
    55 27 92 107 112 80 99 121 62 101 86 121 59 51 127 27 77 95 18 121
    20 13 97 32 41 92 122 122 97 79 4 28 22 43 33 59 90 109 6 46 1 42 34
    23 98 92 74 106 46 118 97 1 4 95 99 80 91 35 111 85 39 67 14 26 46
    56 24 38 118 113 97 83 64 44 0 31 72 51 89 119 60 103 110 119 120 0
    93 5 50 116 95 84 49 26 76 113 60 81 127 72 102 40 60 110 48 126 0
    21 119 16 7 0 85 118 71 42 59 46 76 97 20 35 0 39 75 81 37 21 60 73
    76 63 22 116 73 4 45 31 64 86 33 124 125 68 63 18 42 11 23 25 35 51
    16 1 17 67 126 17 58 39 76 83 96 61 15 60 56 29 95 91 120 64 92 82
    92 50 93 127 74 110 32 10 7 113 116 96 55 98 26 11 26 80 70 19 111
    126 99 103 104 17 101 61 57 6 58 58 82 103 115 3 42 14 59 85 125 35
    28 8 60 11 110 120 74 26 101 47 36 54 78 97 51 51 85 35 38 54 55 84
    57 74 90 23 127 122 66 111 58 34 99 3 123 105 28 77 71 17 38 69 122
    17 11 109 68 10 106 124 85 56 50 48 53 112 33 73 71 41 81 58 27 19
    55 6 65 101 110 112 34 47 84 75 49 66 110 44 64 94 48 11 115 112 80
    46 44 48 30 92 48 29 90 9 29 115 18 64 107 41 62 52 2 60 109 98 12
    24 115 75 44 66 50 95 7 71 11 89 19 66 40 76 19 8 84 44 32 55 14 101
    108 26 91 41 55 23 94 17 0 121 107 106 51 127 39 93 117 90 81 88 96
    110 27 49 100 107 39 52 58 71 108 65 46 80 36 9 97 127 48 113 111
    114 21 38 118 30 124 7 46 89 57 113 16 121 79 90 69 84 122 73 21 80
    108 25 125 114 35 108 69 41 70 29 70 106 61 84 124 21 74 62 124 37
    104 80 124 32 45 32 102 60 33 61 126 2 39 46 117 121 97 77 39 11 37
    110 61 78 59 63 6 74 106 97 108 36 96 78 116 102 94 56 125 12 9 56
    45 110 58 13 72 10 114 58 97 109 22 56 35 12 84 122 66 117 76 48 121
    3 9 8 37 66 112 65 121 111 42 59 64 75 31 27 88 41 72 52 36 42 73 48
    66 7 51 32 27 85 125 97 31 98 126 32 101 5 58 81 45 113 87 99 53 91
    87 19 87 125 11 57 115 74 99 0 126 71 119 123 29 83 98 59 126 21 88
    91 33 60 46 7 110 43 67 124 5 105 117 82 48 0 28 105 100 63 34 106
    37 3 52 100 11 58 24 90 39 52 69 53 18 106 7 108 89 91 22 121 12 60
    124 41 111 33 41 92 115 40 54 31 127 9 59 123 9 51 54 119 14 74 13
    98 35 116 53 103 116 102 82 11 37 105 73 106 9 48 74 109 97 79 120
    60 42 44 109 115 56 29 82 53 30 36 111 8 108 68 23 22 83 104 118 40
    109 97 34 36 31 102 106 64 86 87 82 40 4 45 36 41 69 65 57 79 28 119
    95 2 97 48 47 100 73 79 11 94 100 117 57 95 55 77 14 12 95 56 112 82
    87 117 96 18 59 43 32 43 120 50 34 30 94 9 80 56 35 83 75 70 31 25
    34 71 73 121 10 67 53 30 115 37 66 17 110 89 118 25 4 104 52 10 119
    98 19 111 19 69 0 99 100 5 65 126 2 68 57 44 87 77 113 11 45 60 83
    21 80 38 82 37 71 90 27 18 93 28 65 110 10 95 16 29 12 116 73 44 33
    91 21 63 7 115 86 109 100 39 111 44 28 89 81 53 3 84 112 22 105 64
    109 21 85 53 28 16 55 102 13 68 34 70 7 119 39 93 113 10 74 61 121
    108 67 15 116 14 76 7 110 37 22 85 4 34 47 2 100 98 125 97 82 104 81
    18 60 22 15 73 8 47 8 118 80 40 9 54 47 120 51 6 67 112 20 40 115
    126 87 57 25 62 125 119 6 95 124 31 18 37 74 71 40 50 104 116 104
    100 118 101 120 25 63 70 11 14 14 95 33 32 111 52 69 93 102 20 71 73
    55 46 82 5 70 74 3 62 23 3 57 78 43 64 92 19 78 9 119 46 25 80 51 70
    66 30 53 103 75 25 57 108 20 78 41 17 58 27 126 64 50 71 16 93 76 64
    3 34 115 59 34 2 57 99 77 33 68 109 30 13 85 72 42 80 105 16 118 126
    56 65 90 73 62 9 91 93 82 29 42 42 127 69 45 113 10 17 78 106 72 23
    121 34 46 101 46 65 78 49 45 21 56 94 91 59 68 92 87 92 5 74 3 51 4
    35 35 46 26 91 89 19 116 68 0 74 20 4 126 32 28 71 74 37 38 113 34
    64 97 106 30 81 85 23 9 5 16 113 113 27 106 40 126 122 83 63 70 0
    121 75 22 84 73 120 22 51 123 88 102 87 86 70 83 63 70 33 49 111 121
    58 29 53 18 102 127 21 60 23 7 16 59 44 50 24 99 15 69 37 67 77 76
    69 61 48 43 102 82 62 45 108 72 108 76 7 94 6 77 115 84 36 0 14 4 68
    40 91 4 32 16 127 10 124 101 3 89 103 29 68 18 73 111 51 31 0 104 6
    106 60 116 11 34 76 48 127 26 102 26 126 10 115 65 32 53 36 74 11 31
    3 14 79 52 92 7 48 99 120 104 72 57 48 51 109 24 65 3 109 49 19 26
    101 18 84 59 84 120 55 108 63 3 7 101 61 42 38 6 88 62 114 12 65 114
    54 121 124 86 96 113 8 109 22 91 70 61 116 61 35 111 106 23 77 87 5
    53 31 110 109 110 74 60 21 28 102 120 29 96 124 94 48 101 60 25 34
    107 30 62 45 109 71 105 98 86 32 10 99 14 18 35 27 78 111 91 50 79
    103 118 47 6 80 126 119 117 20 7 97 13 45 123 87 27 43 5 30 17 115
    43 23 34 80 25 24 117 27 85 43 96 74 27 76 14 58 42 30 67 40 125 82
    11 93 105 99 119 92 108 44 81 3 4 96 106 64 65 93 126 93 70 72 39 78
    88 44 53 127 124 89 80 48 107 16 26 23 90 8 94 120 71 80 69 1 15 3
    36 120 99 98 3 109 98 20 39 37 88 22 62 37 126 22 110 122 61 126 80
    60 78 32 96 64 46 45 59 15 90 111 40 21 98 110 47 29 13 112 72 43 25
    52 37 1 79 105 90 80 76 42 111 14 9 92 31 5 120 45 89 18 89 117 67 0
    100 66 8 17 102 42 98 73 66 36 39 64 47 53 116 71 110 68 51 56 66 81
    32 83 109 29 63 50 56 100 29 82 70 36 110 99 40 24 80 58 29 8 93 0
    110 16 38 114 99 59 21 23 113 113 48 94 54 102 116 98 93 37 105 4 53
    94 11 50 43 60 51 23 57 99 24 48 58 122 121 9 49 92 104 81 19 56 44
    12 86 76 57 59 120 109 12 112 121 45 21 58 92 122 89 124 120 110 103
    107 16 7 45 59 89 24 102 44 103 32 54 88 14 49 93 104 94 32 79 107
    83 15 63 88 68 11 97 28 73 46 38 67 78 51 97 76 98 73 36 40 45 119
    123 25 37 115 10 4 117 89 110 25 65 20 116 92 4 110 34 14 83 1 35 44
    122 81 30 8 61 56 58 72 60 125 58 31 107 51 88 97 71 105 31 119 116
    79 115 9 118 100 1 40 57 23 33 98 47 80 20 60 34 73 7 13 17 43 51 52
    41 38 117 113 32 8 42 12 40 28 0 118 24 73 13 23 53 17 32 107 54 113
    31 92 25 106 95 117 8 76 15 74 42 47 69 55 54 61 29 46 90 45 4 82 7
    119 67 46 73 3 13 118 78 94 108 116 22 47 100 93 18 90 69 13 104 73
    59 34 87 92 75 79 125 86 103 13 47 92 85 78 111 10 89 119 38 66 28
    80 123 55 120 112 34 19 73 31 45 102 78 9 98 110 1 64 5 18 100 103
    20 49 122 99 11 87 33 77 35 37 40 18 18 47 114 19 76 0 84 52 7 39 66
    110 45 103 118 70 28 78 10 40 72 84 112 38 2 13 56 53 62 85 82 87 9
    118 48 43 25 122 37 92 71 97 83 7 36 55 1 54 1 92 122 58 70 3 122
    111 74 91 36 6 106 77 41 14 7 67 78 26 5 84 116 85 97 44 116 22 17
    106 16 55 69 36 112 122 28 112 105 78 87 91 110 86 23 102 71 109 27
    100 20 111 32 97 64 28 88 110 97 35 110 98 39 19 13 39 124 28 77 69
    12 57 55 107 86 64 17 29 95 112 43 92 7 14 110 2 23 42 10 19 80 93
    45 83 73 91 83 111 19 87 46 26 120 97 56 47 24 77 38 78 83 104 34
    114 59 78 10 81 30 115 95 52 42 65 56 90 9 58 60 4 86 17 0 81 60 120
    39 110 43 42 12 104 24 75 101 9 37 63 82 91 97 59 11 106 3 36 5 14
    33 6 83 103 47 15 86 99 126 104 44 114 62 125 80 22 97 86 50 3 97 3
    15 7 20 51 98 22 26 6 13 114 83 46 74 95 124 117 117 38 14 81 12 84
    92 53 49 102 123 3 53 79 117 72 69 4 88 97 33 11 87 57 16 49 102 26
    127 37 56 40 118 25 12 41 1 26 93 58 97 101 58 79 120 29 121 2 16
    108 28 56 117 16 18 27 67 109 71 93 75 125 73 91 21 94 97 6 112 100
    124 64 41 122 69 43 23 71 52 17 21 54 89 120 99 67 60 112 119 67 119
    39 96 114 90 126 107 11 91 7 59 55 90 34 62 127 58 33 103 94 70 62
    38 108 5 104 84 2 70 87 87 107 127 37 115 101 58 27 42 123 122 69 79
    94 44 95 16 69 37 98 112 63 0 23 113 104 24 22 86 109 69 43 20 42 76
    40 34 91 83 16 31 74 13 101 10 126 64 109 65 84 100 107 67 117 112
    33 43 102 95 41 8 5 95 107 74 42 16 49 49 25 112 44 14 20 20 62 92
    121 51 92 44 72 122 13 64 58 67 90 90 5 74 4 106 52 121 117 6 29 97
    67 26 17 101 22 30 45 113 78 29 35 69 54 56 75 46 53 82 126 78 114
    14 95 123 39 119 47 52 113 122 38 124 104 7 119 93 122 34 124 62 27
    75 114 122 95 62 113 45 19 56 96 58 62 49 1 127 47 54 34 115 120 22
    35 15 41 37 19 45 125 62 52 54 59 83 127 73 120 58 113 69 54 111 39
    11 46 110 77 84 100 91 102 34 112 33 101 65 22 107 73 6 112 95 77 44
    30 106 54 42 5 2 79 42 107 127 35 54 36 126 6 59 92 118 50 12 54 32
    80 28 27 98 6 46 10 105 123 80 1 99 90 103 27 93 78 114 77 60 38 17
    3 123 73 114 21 114 110 32 123 51 31 43 90 59 11 4 91 3 96 43 55 1
    126 5 37 100 79 125 98 83 103 77 50 106 60 60 109 12 108 71 37 102
    16 21 98 76 52 65 73 78 109 50 115 79 19 70 89 117 95 122 79 65 27
    60 58 92 115 42 80 114 105 6 118 75 41 87 121 113 14 127 7 107 59 6
    105 91 85 114 77 77 71 7 109 121 36 27 88 23 22 121 44 50 52 44 62
    14 7 37 26 62 57 4 97 45 51 28 2 27 81 39 12 21 24 74 36 23 118 69
    95 0 74 108 52 12 28 14 82 105 108 75 95 125 88 126 111 39 67 111
    110 126 102 44 68 107 46 69 42 120 103 56 113 95 60 94 73 65 65 51
    37 75 73 14 52 34 59 115 26 82 2 10 27 103 72 58 5 50 18 9 22 40 31
    100 0 68 9 45 115 114 96 39 100 45 124 25 113 69 101 7 106 1 85 32
    99 27 33 101 78 104 107 33 91 11 107 112 118 122 17 2 36 74 101 83
    38 117 29 10 0 11 50 117 119 25 50 77 118 52 97 15 30 7 77 80 95 12
    46 77 82 94 7 5 2 75 105 125 103 58 42 45 80 1 4 12 100 103 120 80
    113 62 23 68 39 85 24 32 102 22 35 91 51 119 111 56 67 20 19 55 119
    41 2 116 99 67 6 97 14 62 96 117 8 28 111 46 43 42 24 97 86 8 93 10
    93 59 3 111 106 21 6 11 58 68 20 119 103 106 117 29 41 32 63 30 38
    76 65 40 1 126 83 43 19 4 70 28 35 84 81 92 120 43 112 107 26 101
    108 127 71 69 106 94 53 111 75 57 11 75 14 49 53 14 85 78 122 97 59
    22 64 72 127 82 91 107 89 2 32 107 3 12 43 68 54 41 114 19 59 73 27
    63 11 103 94 70 55 44 66 80 9 97 43 120 37 109 104 17 116 43 58 90
    97 44 46 71 23 117 11 52 24 116 23 121 0 109 48 8 103 22 43 38 80 39
    84 26 46 42 53 21 107 45 20 64 39 54 92 57 121 59 67 69 67 74 57 29
    101 106 105 94 120 19 118 78 15 119 85 28 97 122 126 27 114 103 57
    42 69 122 39 120 95 61 22 96 46 111 32 31 11 37 98 12 91 120 63 42
    47 42 27 41 23 28 54 80 13 78 27 101 17 91 59 29 33 79 99 87 114 77
    67 127 14 75 50 38 44 42 84 117 26 14 77 20 21 45 35 54 3 100 123 14
    50 45 110 83 106 58 88 76 113 88 38 119 64 7 15 51 90 92 83 56 35 74
    70 57 67 35 93 25 5 62 109 80 77 46 52 69 59 1 7 90 107 63 55 68 58
    11 77 39 103 24 103 60 98 71 26 79 98 41 0 28 14 65 117 20 52 43 82
    87 9 69 41 71 103 5 47 71 22 41 126 46 6 29 16 104 19 97 9 110 76 85
    31 80 53 41 26 77 26 113 100 60 84 22 121 49 19 74 57 87 85 1 95 52
    58 38 104 110 96 13 101 103 81 0 75 84 2 11 17 88 117 114 120 26 1
    58 77 39 36 54 47 17 28 49 66 120 115 106 65 19 24 89 68 73 65 20 84
    11 53 103 37 53 122 30 52 116 54 26 47 54 24 75 111 14 25 25 35 38
    47 10 63 52 42 0 115 30 109 101 64 109 76 48 74 40 119 105 10 81 123
    77 39 17 100 67 17 55 98 33 44 126 87 52 89 49 59 1 74 49 65 81 94
    99 84 85 20 39 89 33 32 64 63 24 115 0 0 7 96 101 47 51 5 0 29 0 53
    83 29 63 69 94 126 86 69 52 52 58 107 92 60 50 0 26 18 62 109 106
    122 8 32 8 16 45 71 19 125 126 55 5 127 6 64 75 121 12 6 48 48 12 80
    123 43 119 93 38 54 125 24 110 51 114 12 48 22 80 40 111 69 69 50 85
    5 19 7 70 70 38 31 4 85 15 72 98 72 38 41 86 112 49 64 115 30 71 15
    31 20 77 20 113 70 15 119 13 120 34 12 14 4 35 58 83 20 39 34 29 2
    81 65 76 79 19 108 84 31 118 24 96 2 6 111 67 103 86 35 117 66 39 45
    61 34 24 99 97 36 0 27 13 117 6 109 108 11 98 71 23 76 94 91 86 56
    84 29 65 33 41 88 49 0 56 61 14 115 112 24 9 30 78 14 39 122 102 70
    2 64 91 116 126 123 69 105 98 71 6 54 28 99 90 18 95 72 36 22 54 94
    102 106 51 55 98 114 25 101 110 14 49 49 119 73 26 104 113 109 62 26
    38 10 88 68 39 63 74 28 118 66 49 102 6 90 61 126 102 93 127 88 116
    22 62 47 105 41 39 60 27 99 77 22 75 118 115 69 115 106 120 101 127
    47 54 5 117 63 39 116 19 47 16 100 38 74 120 107 22 40 67 94 48 82
    66 115 5 76 75 18 7 82 4 114 7 20 127 91 63 58 76 125 59 56 92 67 28
    15 127 68 4 20 50 9 17 18 58 69 112 22 12 60 111 27 14 31 99 15 53
    45 110 66 49 61 109 95 56 87 9 115 22 32 102 51 89 106 89 42 74 17
    42 114 0 61 109 39 23 53 49 104 70 59 125 74 103 123 70 120 98 6 16
    26 17 81 84 46 101 105 62 28 71 80 122 54 90 43 48 73 76 76 109 45
    80 77 32 93 53 104 6 7 67 6 103 73 1 76 21 1 46 40 121 8 50 67 86 67
    121 36 49 26 27 44 111 76 112 15 18 68 40 6 97 113 29 43 2 126 7 22
    88 27 41 48 45 113 96 124 49 99 112 118 7 13 29 16 89 33 16 104 124
    17 100 28 51 85 53 29 16 55 60 64 72 92 105 38 114 43 80 119 90 50 9
    17 44 31 96 23 39 125 91 67 12 19 14 79 118 86 98 106 60 102 26 20
    45 30 26 43 19 39 120 50 47 85 76 80 109 24 64 120 79 15 32 101 11 9
    106 57 66 52 109 57 118 33 23 84 37 65 51 44 59 66 120 62 82 36 94
    54 83 111 77 119 110 60 103 61 91 43 122 80 67 75 30 37 40 110 114
    19 106 75 104 7 59 59 47 40 59 77 21 70 122 5 48 79 38 56 71 19 64
    54 71 103 1 31 58 48 50 36 40 94 41 80 67 109 79 125 39 77 101 81 98
    17 109 74 29 95 57 59 23 5 90 126 104 35 47 3 57 55 40 125 0 90 92
    99 3 72 99 57 43 47 126 67 15 92 107 32 72 43 66 12 67 50 40 60 64
    34 99 110 44 13 98 110 124 102 75 3 112 70 39 67 83 57 36 42 81 39
    78 12 107 25 100 79 100 84 87 18 125 21 42 32 89 78 0 123 23 54 108
    65 75 15 49 119 124 119 7 109 6 73 25 82 32 99 115 100 80 95 117 115
    58 108 6 61 44 36 123 77 97 67 4 62 105 64 109 59 11 73 76 18 11 123
    98 101 88 26 94 13 29 66 117 3 124 73 112 9 72 28 126 86 27 99 14 50
    20 20 13 23 4 117 57 119 62 3 7 66 7 78 23 63 98 60 40 3 44 113 56
    61 8 82 93 102 37 30 52 70 44 97 66 98 58 124 52 3 23 61 120 91 2
    104 28 23 97 36 38 69 44 81 4 27 76 19 18 68 62 5 68 68 24 93 15 22
    97 13 2 90 125 50 32 36 44 27 5 88 3 55 17 97 118 93 37 59 99 35 119
    71 73 30 16 102 62 56 109 69 51 20 112 92 51 7 71 110 52 25 109 109
    39 103 98 40 113 0 115 104 78 12 89 25 80 24 88 106 118 13 24 82 45
    116 79 64 75 50 105 13 9 11 6 41 75 81 89 104 127 103 123 15 67 86
    101 58 116 127 30 75 78 23 40 98 58 106 116 61 124 89 72 117 127 67
    93 67 33 2 105 104 49 17 126 112 109 9 51 11 17 125 17 58 6 122 56 0
    78 21 83 22 99 117 59 33 100 3 105 75 30 89 16 5 39 28 29 126 123
    120 94 59 85 79 90 89 23 125 78 3 61 9 109 2 42 0 44 37 14 26 121
    102 14 112 113 32 97 45 102 74 125 90 12 78 70 126 56 69 66 126 68
    92 73 41 48 47 10 88 106 101 80 70 25 62 77 81 58 25 52 29 4 19 62
    80 4 26 17 78 106 66 43 113 23 73 69 118 47 95 4 79 73 25 88 42 58
    59 37 73 37 96 77 42 77 116 19 40 47 115 6 23 126 72 6 13 51 83 62
    32 36 27 24 108 4 41 44 53 51 73 21 40 43 57 101 24 123 21 35 122 63
    87 108 50 122 82 60 34 22 10 2 41 39 114 74 39 118 71 108 12 92 120
    82 3 67 64 121 6 29 67 122 5 104 11 82 65 74 45 91 40 3 7 38 33 92
    92 19 123 49 60 116 101 64 13 107 77 88 29 108 22 67 50 122 24 6 123
    17 64 23 12 126 39 0 124 48 106 53 17 119 98 8 65 32 0 15 124 88 32
    68 17 108 43 28 51 4 109 91 118 67 18 20 1 55 81 60 90 4 67 84 31 22
    112 54 59 116 102 119 50 12 112 96 118 82 83 42 111 72 101 125 71 20
    80 21 97 106 10 17 25 86 49 104 53 13 55 63 27 64 9 22 45 59 53 24
    42 38 25 106 28 112 63 92 104 88 82 17 25 43 74 50 100 5 5 64 46 80
    86 122 56 116 99 51 32 63 107 104 50 27 115 117 10 83 56 83 82 84 88
    57 48 45 117 29 82 101 21 74 54 127 116 70 49 30 4 97 56 27 92 62 82
    13 78 49 43 2 91 70 47 41 124 40 90 127 68 89 66 72 38 68 84 83 117
    87 45 52 66 13 45 70 92 51 85 17 94 63 20 121 58 86 92 73 44 4 36 34
    123 71 2 103 60 79 24 77 50 39 108 18 51 38 37 61 80 14 85 65 110 81
    123 96 3 126 12 106 46 33 41 116 79 68 102 46 76 5 30 37 117 71 108
    96 68 112 84 90 2 20 111 18 65 88 42 19 8 111 76 15 74 96 31 123 78
    50 2 98 46 2 38 76 78 101 94 73 38 113 20 76 111 11 41 76 111 57 116
    77 72 107 25 13 1 78 83 122 106 78 21 11 85 39 89 36 7 33 46 68 2 11
    43 8 78 74 66 52 68 106 30 51 89 64 100 82 124 41 66 60 58 28 64 108
    89 45 83 51 27 71 78 40 33 34 38 82 8 26 9 39 47 18 50 53 60 43 9 75
    46 50 32 72 68 87 114 72 57 111 3 40 111 23 114 114 8 20 85 47 11 98
    50 125 22 112 78 114 45 99 90 39 99 71 30 8 107 19 117 88 68 72 101
    51 50 16 107 98 22 107 24 15 24 72 105 54 57 79 42 22 93 103 48 39
    21 75 95 16 88 70 27 22 118 92 35 86 38 87 110 76 17 47 105 111 116
    109 114 43 62 76 6 97 67 93 63 101 48 46 84 0 24 83 91 34 39 91 67
    41 106 81 34 78 29 87 62 79 41 54 7 13 52 77 68 33 86 7 25 85 37 19
    107 100 84 54 3 81 8 101 83 58 106 3 124 37 108 118 80 98 93 112 16
    52 126 65 83 57 71 53 15 80 103 25 24 112 44 47 96 59 118 66 40 95
    73 110 49 79 40 107 114 27 84 39 67 19 48 118 58 98 37 37 45 113 38
    10 79 10 121 85 34 102 36 115 124 47 89 29 124 106 86 47 71 122 94 7
    80 71 87 101 101 104 31 107 100 108 103 95 55 18 67 78 49 107 50 31
    93 51 53 41 16 11 75 95 56 125 78 112 88 88 95 79 52 42 69 49 106
    116 110 105 64 112 9 40 96 113 21 93 1 110 66 46 122 28 34 100 24 80
    11 21 42 113 11 5 41 90 42 19 76 82 125 13 43 18 34 114 40 58 50 112
    52 51 29 122 72 62 96 72 38 110 40 59 47 71 55 85 0 70 80 31 58 57
    41 30 20 93 6 53 90 97 102 109 67 107 104 90 36 53 111 66 48 91 13
    19 18 1 87 58 97 72 51 56 0 54 34 89 22 54 110 7 52 3 55 17 62 115
    96 40 111 89 100 94 12 48 76 2 32 59 57 1 29 52 97 93 115 4 124 122
    38 29 16 71 88 123 39 113 39 63 110 11 7 7 100 39 79 57 107 70 68 35
    29 1 5 77 103 30 118 113 38 33 12 93 56 35 94 11 100 83 5 111 55 35
    109 40 4 30 102 116 102 34 104 116 107 45 11 96 119 124 100 121 15
    47 31 14 123 11 5 78 4 62 75 45 97 76 12 77 109 80 32 79 18 73 108
    122 127 86 83 0 62 58 99 91 44 94 21 88 28 23 97 126 86 98 54 70 54
    23 17 21 7 93 54 93 80 115 18 62 125 80 18 106 33 63 125 1 1 18 22 2
    21 80 58 91 77 65 108 49 108 12 24 36 16 47 13 53 56 98 35 105 66 60
    100 5 30 103 64 117 26 45 125 119 85 19 64 28 40 118 73 33 29 40 4
    118 41 45 23 79 36 94 107 6 21 30 45 78 12 103 123 106 39 12 15 87
    15 42 123 55 12 53 94 34 121 68 119 91 56 57 67 22 97 21 114 97 50
    73 75 57 117 8 43 45 99 8 32 90 60 120 40 12 56 68 115 4 33 37 118 7
    27 45 58 54 125 50 61 20 5 75 20 74 123 46 95 112 66 16 113 69 87
    125 11 123 123 118 124 63 42 124 105 17 60 99 59 25 5 107 37 49 103
    54 44 93 66 45 102 74 6 77 23 16 88 9 115 94 35 112 94 73 73 111 97
    59 33 113 69 125 13 125 123 104 90 5 120 47 47 84 85 39 113 51 77 23
    98 109 124 56 77 59 22 27 63 63 57 96 124 70 77 101 14 48 112 127 92
    14 120 112 43 97 40 22 34 25 126 25 116 60 127 119 74 98 66 102 36
    123 81 122 6 97 4 127 20 122 122 37 75 78 23 108 117 121 2 126 23 86
    95 42 30 44 122 116 109 49 4 49 64 117 50 110 55 84 52 93 122 94 52
    30 106 82 28 58 111 11 91 0 64 51 92 26 58 11 54 113 127 13 23 123
    112 56 71 2 117 41 90 74 72 31 101 32 14 5 47 58 120 105 71 21 124
    28 53 4 0 36 62 34 33 51 15 108 84 112 99 108 9 127 117 61 15 34 64
    17 37 72 115 31 106 61 18 70 50 9 49 104 98 9 7 33 75 49 15 89 39
    104 41 117 23 108 12 123 2 20 97 66 70 92 121 36 85 85 37 29 53 127
    94 10 56 10 80</data></input>
<my_img type_id="opencv-matrix">
  <rows>256</rows>
  <cols>256</cols>
  <dt>u</dt>
  <data>
    65 65 65 65 66 66 68 69 70 71 71 69 67 65 63 61 61 61 61 62 62 63 63
    63 63 63 63 63 64 64 65 65 66 65 65 64 63 62 61 59 58 57 56 55 55 54
    54 54 54 55 57 59 60 62 63 64 64 65 64 64 63 62 60 59 59 58 58 58 59
    59 60 60 61 62 61 62 61 61 61 61 61 61 61 61 62 62 62 62 62 61 61 60
    60 61 62 63 65 67 68 68 68 68 67 66 65 64 64 63 63 62 62 62 62 62 62
    62 61 61 60 60 60 60 61 62 63 64 65 65 65 66 66 66 66 65 64 62 60 59
    59 59 61 64 66 68 69 68 67 66 65 65 65 65 66 66 67 66 66 64 63 61 59
    58 57 57 57 58 58 59 59 60 60 61 61 61 61 61 60 60 59 59 60 60 62 63
    64 65 66 66 67 67 68 68 69 70 70 70 70 69 68 67 64 62 61 59 58 57 57
    57 57 58 59 60 62 63 64 65 65 65 64 64 64 63 64 64 64 63 62 61 59 58
    57 57 57 57 58 59 60 60 60 59 58 57 55 55 55 56 58 60 62 65 68 70 73
    75 76 77 65 65 65 65 66 66 68 69 70 71 71 69 67 65 63 61 60 61 61 62
    62 63 63 63 63 63 63 63 64 64 65 65 66 65 65 64 63 62 60 59 58 57 56
    55 55 54 54 54 55 55 57 59 60 61 63 63 64 64 64 63 62 62 60 60 59 58
    59 58 59 60 60 61 61 62 62 62 61 61 61 61 61 61 61 61 61 61 62 62 62
    61 61 60 60 61 62 63 65 67 68 68 68 67 66 65 64 63 63 63 62 62 62 62
    62 63 62 62 61 61 60 60 60 60 61 62 63 63 64 65 65 66 66 66 66 65 64
    62 60 59 59 60 61 64 66 68 69 68 67 66 65 64 65 65 66 66 67 66 65 64
    62 61 59 58 57 57 57 58 58 59 59 60 60 61 61 61 61 61 61 60 60 60 60
    61 62 63 64 65 66 66 67 67 68 69 69 70 70 70 70 70 68 67 65 63 61 60
    58 58 57 57 57 58 59 60 62 64 65 66 66 65 65 64 64 64 64 64 64 63 62
    61 59 58 57 57 57 58 59 60 60 60 60 59 58 57 55 55 55 56 58 60 62 65
    68 71 73 75 76 77 65 65 65 65 66 66 68 69 70 71 70 68 66 64 62 61 61
    61 62 63 63 64 64 64 64 64 64 64 64 64 65 65 65 65 64 64 63 62 60 59
    58 57 56 56 55 55 54 54 55 55 57 59 60 62 63 63 64 64 63 63 62 61 60
    60 59 59 59 59 60 60 61 61 62 62 62 62 61 62 61 61 61 60 60 61 61 61
    62 62 62 61 61 61 61 61 63 64 65 67 68 68 68 68 67 66 65 64 63 63 63
    63 63 63 63 63 63 63 63 62 62 61 61 61 62 62 63 63 64 65 65 66 66 66
    66 66 64 63 61 60 59 60 62 64 66 67 68 68 67 66 64 64 64 65 65 66 66
    66 65 64 62 60 59 58 57 57 57 58 58 59 59 60 60 61 62 62 62 62 62 61
    61 61 61 62 63 64 64 65 66 66 66 67 67 67 68 68 69 69 69 69 68 67 65
    63 61 60 59 58 58 57 58 58 59 60 62 64 65 66 66 66 65 65 64 64 64 64
    64 63 62 60 59 58 57 57 58 58 59 60 61 61 61 60 59 58 57 57 57 57 59
    61 63 66 68 71 73 74 75 76 64 64 64 65 65 66 67 69 70 70 69 67 65 63
    61 60 60 61 62 63 64 65 65 65 65 64 64 64 64 64 64 64 64 64 63 63 62
    61 60 60 59 58 58 57 56 55 55 55 55 56 57 58 60 61 63 63 63 63 63 62
    61 61 60 60 60 60 60 60 61 61 62 62 63 63 62 62 61 61 61 61 60 60 60
    60 60 61 61 61 62 61 61 61 61 62 63 64 66 67 68 68 68 67 66 66 64 64
    63 63 63 63 63 64 64 64 64 64 64 63 63 62 62 62 62 62 62 63 63 64 65
    66 67 67 67 67 65 64 62 61 61 61 62 64 65 67 67 67 66 65 64 64 64 64
    65 66 66 65 64 63 61 60 58 57 57 57 57 57 58 59 59 60 61 62 62 63 63
    63 63 63 62 62 63 63 64 65 65 66 66 66 66 66 66 66 67 67 68 68 68 68
    67 66 65 63 62 60 59 58 58 57 57 58 59 60 62 64 65 66 66 66 66 65 65
    65 65 64 63 62 61 60 59 58 57 57 58 59 60 61 61 62 61 61 60 59 58 58
    58 59 61 63 65 67 69 71 72 73 74 74 65 65 65 65 66 66 68 69 70 70 68
    66 64 62 60 60 60 61 63 64 65 66 66 66 66 65 65 65 65 65 65 64 64 63
    62 62 61 61 60 60 60 59 59 58 57 56 56 55 55 56 57 58 60 61 62 63 63
    63 62 62 61 61 60 61 61 61 62 62 63 63 63 63 64 63 63 63 62 62 61 60
    60 59 59 59 60 60 61 61 62 62 62 62 62 63 64 65 66 67 68 68 68 67 66
    65 64 63 63 63 63 63 63 64 65 65 66 66 65 65 64 64 63 62 62 62 62 62
    63 63 64 66 67 67 68 67 66 65 63 62 62 62 63 64 65 66 66 66 65 64 63
    63 63 64 64 65 65 64 63 62 60 59 58 57 57 57 57 58 58 59 60 60 61 62
    64 64 65 65 65 64 64 64 64 65 65 65 66 66 66 65 65 65 65 65 65 66 66
    67 67 67 66 66 65 63 62 61 60 59 58 58 58 58 59 60 62 64 65 66 67 67
    67 66 66 66 65 64 64 62 61 60 59 58 58 58 59 60 61 62 62 62 62 62 61
    61 60 60 60 61 63 64 66 68 69 71 71 72 72 73 65 65 65 65 66 66 68 68
    69 69 67 65 63 61 60 60 60 62 64 65 66 67 67 67 66 66 65 65 65 65 64
    64 63 62 61 61 60 60 60 61 61 60 60 59 59 58 57 56 56 56 57 58 60 61
    62 62 62 62 61 61 61 61 61 62 62 63 63 64 64 64 65 64 65 64 64 63 62
    62 61 60 59 59 59 59 59 60 61 61 62 62 62 62 63 63 64 65 66 67 67 68
    67 66 65 65 64 63 63 63 63 64 64 65 66 67 67 67 67 67 66 65 64 63 63
    62 62 61 62 63 64 66 67 68 68 68 67 66 65 63 63 63 63 64 64 65 65 65
    64 63 63 63 63 64 64 64 64 63 62 61 59 58 57 56 57 57 58 58 59 59 60
    61 62 63 65 66 66 66 67 66 66 66 66 66 66 66 66 66 66 65 64 64 64 63
    63 64 64 65 65 66 65 65 64 63 62 61 60 59 58 58 57 58 59 60 62 64 65
    66 67 67 67 67 67 66 66 65 64 62 61 60 59 59 59 59 60 61 61 62 62 63
    63 62 62 62 62 62 63 64 65 66 68 69 70 71 71 71 71 71 65 65 65 65 66
    66 68 68 68 68 66 64 62 60 59 59 60 62 64 66 67 68 68 68 67 66 66 65
    65 65 64 63 62 61 60 60 60 60 61 61 62 62 61 61 60 59 58 57 57 57 57
    58 59 60 61 62 62 61 61 61 61 62 62 63 64 65 65 65 66 66 66 65 66 65
    64 64 62 62 61 60 59 59 59 59 59 60 61 61 62 62 62 63 63 64 64 65 66
    66 66 66 66 65 64 63 62 62 62 62 63 64 65 66 66 67 68 68 68 68 67 66
    65 64 63 62 61 61 62 62 64 66 67 68 69 69 68 67 65 64 63 63 63 64 64
    64 64 64 63 63 62 62 63 63 64 64 63 62 61 60 58 57 56 56 57 57 58 59
    59 60 60 61 63 64 65 67 68 68 68 68 68 67 67 67 67 67 66 66 66 65 64
    63 63 62 62 62 63 63 64 64 64 64 64 63 62 61 60 59 58 57 57 57 58 59
    60 62 64 65 66 67 67 67 67 67 66 65 64 63 62 61 60 60 60 60 61 62 62
    62 62 62 62 62 63 63 63 64 65 65 67 68 69 70 71 71 70 70 70 70 65 65
    65 65 66 66 67 67 67 67 65 63 61 59 59 59 61 63 65 67 68 69 69 68 67
    67 66 65 65 65 64 63 62 61 60 59 59 60 61 62 62 63 63 62 62 60 59 58
    57 57 57 58 59 60 61 61 62 61 62 62 62 63 63 65 66 67 67 67 67 67 67
    67 67 65 65 64 63 62 61 61 59 59 59 59 59 60 60 61 62 62 63 63 63 64
    64 65 65 65 65 65 65 64 63 62 62 62 62 63 63 64 65 67 67 68 69 69 69
    69 68 67 66 65 63 62 61 61 61 62 64 66 67 68 69 69 68 67 66 65 64 63
    63 63 63 64 63 63 63 62 62 63 63 63 63 63 62 61 60 59 57 57 56 56 57
    58 59 60 60 61 61 62 63 65 66 68 69 70 70 70 69 68 68 67 67 67 66 66
    65 65 64 63 62 61 61 61 61 62 62 63 63 63 63 62 62 61 60 59 58 57 57
    57 57 58 59 61 62 64 66 67 67 67 68 67 67 66 65 63 62 61 61 61 61 61
    62 62 62 62 62 62 62 62 63 64 64 65 66 67 68 69 70 71 71 71 70 69 69
    68 64 64 64 65 65 66 66 66 66 65 64 62 60 59 59 60 61 63 66 67 68 69
    69 68 67 66 65 65 65 65 64 63 62 60 59 59 59 60 61 62 63 64 64 64 63
    62 60 59 58 58 58 58 59 60 61 61 62 61 62 62 63 64 65 67 68 69 69 69
    69 69 68 68 68 66 65 64 63 62 61 61 60 60 60 60 60 60 61 61 62 62 63
    63 64 64 64 64 64 64 64 63 63 62 61 61 61 61 61 63 64 65 66 68 68 69
    70 70 71 70 69 68 67 65 63 61 61 60 61 62 64 66 67 68 69 69 69 68 67
    65 64 64 63 63 63 63 63 63 63 63 63 63 63 63 63 62 61 60 59 58 57 56
    56 56 57 58 59 60 61 62 62 63 64 65 67 68 70 71 71 71 70 69 68 68 67
    67 67 66 66 65 64 63 62 61 61 61 61 61 61 61 62 62 62 61 61 60 59 58
    57 57 56 56 57 58 58 60 62 64 65 66 67 68 68 68 67 66 66 64 64 63 62
    62 62 63 63 63 62 62 61 61 61 61 62 63 64 65 66 67 69 70 70 71 71 71
    70 69 68 68 63 64 64 64 65 65 65 65 65 64 63 61 60 60 59 61 62 64 66
    67 68 68 68 67 66 66 65 65 65 65 64 63 62 60 59 59 59 60 61 63 64 65
    65 64 63 62 61 59 58 58 57 58 58 59 60 61 62 62 63 63 64 66 67 69 69
    71 71 71 70 70 70 69 68 67 66 65 64 63 62 62 61 61 61 61 61 61 61 62
    62 63 63 64 64 64 64 64 63 63 62 61 61 60 60 60 60 61 62 63 64 66 67
    68 69 70 71 71 71 71 70 69 67 65 63 62 61 60 61 62 64 66 68 69 70 70
    69 68 67 65 64 63 63 63 63 63 63 63 63 63 63 63 63 63 62 62 60 59 58
    57 56 56 56 57 58 59 61 62 62 63 63 64 65 66 68 69 71 72 72 72 71 70
    69 68 67 67 67 66 66 65 64 64 63 62 61 61 60 60 60 60 61 61 61 60 60
    59 58 57 57 56 56 56 56 57 57 59 60 62 64 66 66 67 67 67 67 66 66 65
    64 63 63 63 63 64 63 63 63 62 61 61 60 61 61 62 64 65 66 67 68 69 70
    71 71 70 69 68 68 68 62 62 62 63 63 63 64 64 63 63 62 61 60 60 60 62
    63 65 66 67 68 67 67 66 65 65 64 64 64 64 64 63 62 60 59 59 59 60 61
    63 64 65 65 65 64 62 61 60 58 58 57 57 58 59 60 60 62 62 63 64 65 67
    69 70 71 72 72 72 71 71 70 70 69 67 66 65 64 63 62 62 61 62 62 62 62
    62 62 62 63 63 64 64 64 64 64 63 62 62 61 60 59 59 59 59 59 60 62 63
    65 66 68 69 70 71 72 72 72 72 70 69 67 65 63 61 61 60 61 62 64 66 68
    69 70 70 70 69 67 66 64 63 63 63 63 63 64 64 64 64 64 64 63 63 62 61
    60 58 57 57 56 56 56 57 59 60 61 63 63 64 64 64 65 66 68 69 71 72 72
    72 71 70 69 68 67 67 67 67 67 66 65 65 64 63 62 61 60 60 60 60 60 60
    60 59 59 58 58 57 56 56 55 56 56 57 57 59 61 62 64 66 66 67 67 67 66
    66 65 65 64 64 64 64 64 64 64 64 62 62 60 60 59 59 60 61 62 64 65 66
    67 68 69 70 70 70 69 69 68 68 61 61 62 62 62 62 63 63 62 62 62 61 61
    61 62 63 64 66 66 67 67 67 66 65 64 64 64 64 64 64 64 63 62 61 60 59
    59 60 61 62 64 64 65 64 63 62 61 60 58 58 57 57 58 58 60 60 62 63 64
    65 66 68 69 71 71 72 72 72 72 71 71 70 69 68 66 65 63 62 62 62 61 62
    62 63 63 63 63 63 64 64 65 65 65 65 64 63 61 61 59 59 58 58 58 59 60
    61 62 64 65 67 68 69 70 71 72 73 73 72 71 69 67 65 63 62 61 61 62 63
    65 66 68 69 70 70 70 69 67 66 64 63 63 63 63 64 64 64 65 65 65 64 64
    63 61 60 59 58 57 57 56 57 57 58 60 62 63 64 65 65 65 65 66 67 68 69
    71 72 72 72 71 70 69 68 67 67 67 66 67 66 66 65 65 64 63 62 61 60 60
    59 59 59 59 59 58 58 57 56 56 56 55 56 56 57 58 59 61 62 64 65 66 66
    66 66 65 65 65 64 64 64 64 64 64 64 64 64 63 62 60 60 59 59 59 60 61
    62 63 65 66 67 68 69 69 70 69 69 68 68 60 60 60 61 61 61 62 62 62 62
    62 62 62 62 63 64 65 66 66 66 66 66 65 64 64 63 63 63 64 64 64 63 63
    61 60 60 60 60 61 62 63 64 64 63 62 61 60 59 58 57 57 57 57 58 59 60
    62 63 64 66 67 69 70 71 71 72 72 72 72 71 71 70 69 68 66 64 63 62 61
    62 62 63 63 64 64 64 65 65 66 66 66 66 66 65 64 63 61 60 59 58 57 58
    58 59 60 61 63 64 66 67 68 69 70 71 72 73 72 72 70 69 66 64 62 61 61
    61 62 63 65 67 69 70 71 71 70 69 67 66 64 63 63 63 63 64 65 66 66 66
    66 65 64 63 62 60 59 58 57 57 57 57 58 59 61 63 64 65 66 66 66 66 67
    67 69 69 71 71 72 71 70 70 68 67 66 66 66 66 67 67 67 66 66 65 64 63
    62 61 60 59 59 59 59 58 58 57 56 56 56 56 56 56 57 58 59 61 62 64 65
    66 66 66 66 65 64 64 63 63 63 63 64 64 64 64 64 64 63 62 60 59 59 58
    58 59 60 60 62 63 64 65 67 68 69 69 69 69 69 69 60 60 60 60 61 61 61
    61 62 62 62 62 63 63 64 65 65 66 66 66 65 65 64 63 63 63 63 63 64 64
    64 64 63 62 61 61 60 60 61 62 63 63 63 62 61 60 59 58 57 57 57 57 57
    58 59 60 62 63 65 66 68 69 70 71 71 71 71 71 71 70 70 70 69 67 66 64
    63 62 61 62 62 63 63 64 65 65 66 66 67 67 67 67 66 65 64 62 60 59 58
    57 57 57 58 59 61 62 63 65 66 67 68 69 70 71 72 72 72 71 69 68 66 64
    62 61 61 61 62 64 66 68 69 71 71 71 70 69 68 66 64 63 63 63 64 65 66
    66 67 67 66 65 64 63 61 60 59 58 57 57 57 58 59 60 62 64 65 66 67 67
    67 67 67 67 69 69 70 71 71 71 70 69 67 67 66 66 66 66 66 67 67 67 67
    66 65 64 63 62 60 60 59 59 58 58 57 57 56 56 56 56 56 57 58 59 60 62
    63 65 66 66 66 66 65 64 63 62 62 61 62 62 63 63 64 64 64 63 63 62 61
    60 59 58 58 58 58 59 60 61 62 64 65 66 68 68 69 69 69 69 59 59 60 60
    60 61 61 61 62 62 63 63 64 64 65 65 65 66 65 65 65 64 63 63 63 63 63
    63 64 64 65 65 64 63 63 62 61 61 62 62 62 62 62 61 60 59 58 57 56 56
    56 56 57 57 59 60 62 63 65 67 68 69 70 70 70 70 69 69 69 69 69 68 68
    66 65 63 62 61 61 62 62 63 64 65 65 66 66 67 67 67 68 67 67 65 64 62
    60 59 57 57 57 58 59 61 62 64 65 66 67 67 68 68 70 70 71 71 71 70 68
    67 65 63 61 61 61 61 63 64 66 68 70 71 71 71 71 69 68 66 64 63 63 64
    64 65 67 67 68 68 67 66 65 63 62 60 59 58 57 57 58 58 60 61 63 65 66
    67 68 69 68 68 68 68 69 69 70 70 70 69 68 67 66 66 65 65 65 65 66 66
    67 67 67 67 66 65 64 62 61 60 60 59 59 58 57 57 56 56 56 56 57 58 59
    61 62 64 65 66 67 67 67 66 64 63 62 61 60 60 60 61 61 62 63 63 63 63
    62 62 61 60 59 59 58 58 58 58 59 60 61 62 64 65 66 67 68 68 68 68 59
    59 60 60 60 61 61 62 62 63 63 64 64 64 65 65 65 65 65 65 64 64 63 63
    63 63 63 64 64 65 65 65 65 65 64 63 62 62 62 62 62 62 61 60 59 58 57
    57 56 56 56 56 56 57 58 59 62 63 65 67 68 69 69 69 69 68 68 67 67 67
    67 67 66 65 64 63 62 61 61 62 63 63 64 65 65 66 67 67 68 68 68 67 66
    65 63 61 59 58 57 57 57 59 60 62 63 65 66 66 67 67 68 68 69 69 70 70
    69 68 66 65 63 61 60 60 60 61 63 65 67 69 70 71 72 71 70 69 67 66 65
    64 63 64 65 66 67 68 69 68 68 66 65 63 62 60 59 58 58 58 58 58 60 61
    63 65 66 68 68 69 68 68 68 67 68 68 68 68 68 68 67 66 65 65 64 64 64
    64 65 66 67 67 68 67 67 66 65 64 62 61 61 60 60 59 58 57 56 56 56 57
    58 59 61 62 64 65 67 68 68 68 67 66 64 62 61 60 59 58 59 59 60 60 61
    62 62 62 62 62 61 61 60 59 58 58 57 57 58 59 60 61 62 64 65 66 67 67
    68 68 59 60 60 60 60 61 61 62 63 63 63 64 64 64 64 64 64 64 65 64 64
    64 63 63 63 63 64 64 65 65 66 66 66 66 65 64 63 62 62 62 61 61 60 59
    58 57 56 55 55 55 55 55 55 56 57 59 62 64 66 67 68 69 69 68 68 67 66
    65 65 65 64 64 64 63 63 62 62 62 62 63 63 64 64 65 65 66 66 66 67 67
    67 66 65 64 62 60 58 57 57 57 58 60 62 63 65 66 67 68 68 68 68 68 68
    68 69 68 67 66 65 63 62 60 60 60 60 61 63 65 67 69 71 71 71 71 70 69
    67 66 65 64 64 65 66 67 68 69 69 69 68 67 65 64 62 61 60 59 58 58 58
    58 59 61 63 65 67 68 69 69 69 69 68 68 67 67 67 67 67 66 66 65 64 64
    63 63 63 64 64 66 67 68 68 68 68 67 66 65 64 63 63 62 61 60 59 58 57
    57 57 58 59 61 62 64 66 67 68 69 69 68 67 65 64 62 60 59 58 57 58 58
    58 59 60 60 61 61 61 62 61 61 61 60 59 58 58 58 58 58 59 60 61 62 64
    65 65 66 66 66 59 59 60 60 60 61 61 62 63 64 64 64 64 64 64 63 63 63
    64 64 64 64 64 64 64 64 64 65 65 66 66 67 67 66 66 65 64 63 62 62 61
    61 60 59 57 56 55 55 54 54 54 54 55 56 57 59 62 64 66 68 69 69 69 68
    67 66 65 64 63 63 62 62 62 61 61 61 61 62 62 63 64 65 65 65 65 65 66
    66 66 66 66 65 64 63 61 59 58 57 57 57 59 61 63 64 66 68 68 69 69 69
    69 68 68 68 67 67 66 64 63 61 60 59 59 59 60 61 63 65 67 69 70 71 71
    70 69 68 67 66 65 65 65 66 66 68 69 69 70 69 68 67 66 64 63 61 60 59
    58 58 58 58 59 61 62 65 67 68 69 70 69 69 68 67 67 66 66 65 65 65 65
    64 64 63 63 63 63 64 64 66 67 68 68 69 69 68 68 67 66 65 64 63 63 61
    60 59 58 57 57 58 60 61 63 65 67 68 69 69 69 68 67 65 64 62 60 59 58
    57 57 57 58 58 59 59 60 60 61 62 62 62 61 61 60 59 59 58 58 59 59 60
    61 62 62 63 64 64 64 65 59 60 60 60 60 61 61 62 63 63 64 64 64 63 63
    63 63 63 63 63 64 64 64 65 65 65 65 65 66 66 67 67 67 67 66 65 64 63
    62 61 60 60 59 58 56 55 54 54 54 54 54 54 55 56 57 59 62 65 67 69 70
    70 69 67 66 65 63 62 62 61 60 60 60 60 60 60 61 62 63 64 64 65 65 65
    65 65 65 65 65 65 65 64 63 62 60 59 57 57 57 58 59 61 64 65 67 69 69
    70 70 70 69 69 68 67 66 65 64 63 61 60 59 59 58 59 60 62 64 65 67 68
    70 70 70 69 68 68 66 66 65 65 65 66 67 68 69 70 70 69 69 67 66 64 63
    61 60 59 58 58 58 58 59 60 62 64 67 68 69 70 69 69 68 67 66 65 65 64
    64 64 64 64 63 63 62 63 63 64 64 66 67 68 69 69 70 69 69 68 67 67 66
    65 65 63 62 60 59 59 58 59 60 62 64 66 67 68 69 69 69 68 66 65 63 62
    60 59 58 57 57 57 56 56 57 57 58 59 60 61 62 62 62 61 61 60 59 59 59
    59 60 60 61 61 61 62 62 62 62 62 59 59 59 59 60 60 61 61 62 63 63 63
    63 62 62 62 62 62 62 63 64 64 65 65 65 65 65 66 66 66 66 67 67 66 66
    65 64 63 62 61 60 59 58 57 56 55 54 53 53 53 54 54 55 56 58 60 63 66
    68 70 70 70 69 67 66 64 63 61 61 59 59 58 58 58 58 59 60 61 63 64 64
    65 65 65 65 65 65 64 65 64 64 63 63 61 60 59 57 57 58 59 60 62 64 66
    68 69 70 71 71 71 70 69 68 67 66 64 63 61 60 59 58 58 58 59 60 62 63
    65 66 67 68 68 68 68 67 67 66 65 65 65 65 67 67 68 69 70 70 69 69 68
    67 65 64 62 61 60 59 58 58 58 59 60 62 64 66 68 69 70 69 69 67 66 65
    64 64 63 63 63 63 63 63 63 63 63 63 64 65 66 67 69 69 70 71 71 70 70
    69 69 68 67 66 65 63 62 60 60 59 60 61 63 65 66 68 68 69 68 68 67 66
    65 63 62 61 60 59 58 57 57 56 56 56 56 57 59 60 61 62 63 62 62 61 61
    61 60 61 61 61 61 61 61 61 61 61 61 61 61 60 60 60 60 60 60 61 61 62
    63 63 63 63 62 62 62 61 61 62 63 64 64 65 65 65 66 65 66 66 66 66 66
    66 66 66 65 64 62 62 61 60 59 58 57 55 54 53 53 53 54 54 55 56 57 59
    61 64 67 69 70 71 71 69 67 66 64 62 61 60 59 58 58 57 57 58 58 59 61
    62 63 64 65 65 65 65 64 65 64 64 64 64 63 62 61 60 59 58 58 58 59 61
    62 64 66 68 69 70 71 71 71 70 69 68 67 65 63 62 60 59 59 58 59 59 61
    61 63 64 65 66 66 67 67 67 67 66 66 65 65 65 65 66 67 68 68 69 70 70
    70 69 68 67 65 64 63 61 60 59 59 58 59 59 61 62 64 67 68 69 70 69 69
    67 66 65 64 63 62 62 62 63 63 63 63 63 64 64 65 65 67 68 69 70 71 72
    72 72 71 71 70 70 68 68 66 65 63 62 61 61 61 62 63 65 66 67 68 68 67
    67 66 65 64 63 62 61 61 60 58 58 57 56 55 56 56 57 58 59 61 62 63 63
    62 62 61 62 61 62 62 63 63 62 62 61 61 60 60 60 60 60 60 60 60 60 60
    61 61 61 62 62 63 62 62 62 61 61 61 61 62 63 63 64 65 65 65 65 65 65
    65 65 65 65 65 65 64 63 62 61 60 59 58 57 56 55 54 53 53 54 54 55 56
    57 59 60 63 66 68 70 71 72 71 70 68 66 64 62 61 60 59 58 58 57 57 57
    58 59 60 61 63 63 64 65 65 65 65 65 65 65 65 64 64 63 62 61 60 59 59
    59 60 61 63 64 66 67 69 70 71 71 71 71 70 69 67 66 64 62 61 59 59 59
    59 60 61 62 63 64 64 65 65 65 65 66 66 65 65 65 65 65 65 65 66 67 68
    69 70 70 70 69 68 67 66 65 63 62 61 60 60 60 60 61 62 64 65 67 69 70
    70 70 69 68 66 65 63 62 62 61 61 62 62 63 63 64 65 65 66 66 67 68 70
    71 72 72 73 72 72 71 71 70 69 68 67 66 64 63 62 62 61 62 63 65 66 66
    67 66 66 65 64 64 63 63 62 62 61 60 59 58 57 56 56 56 56 57 58 59 61
    61 62 62 62 62 62 62 62 63 64 64 64 64 63 62 61 60 60 59 59 60 60 60
    60 60 60 61 61 61 62 62 63 63 63 62 62 62 61 62 62 62 63 64 64 64 65
    65 65 65 65 64 64 64 64 63 63 62 61 61 60 60 59 58 57 56 55 54 55 55
    56 57 58 59 60 62 64 67 69 70 71 71 71 69 68 66 64 63 62 61 60 59 58
    58 57 57 57 58 59 60 61 62 63 64 65 65 65 66 66 66 66 65 65 63 63 61
    61 60 60 60 60 61 62 64 65 67 68 69 70 71 71 71 70 69 67 66 64 62 61
    60 59 59 60 61 62 62 63 63 63 63 63 64 64 64 64 65 65 65 65 65 65 65
    66 67 68 69 69 70 70 70 69 68 67 66 64 63 62 61 61 61 61 62 63 64 66
    67 68 69 70 69 69 67 66 65 63 62 61 61 60 61 62 63 63 64 65 65 66 66
    67 68 70 71 72 73 73 73 73 72 71 70 69 69 67 67 65 64 63 62 62 63 63
    64 65 65 65 65 64 64 63 62 62 62 62 61 61 60 59 58 57 56 56 56 56 57
    58 59 60 61 61 62 62 62 62 63 63 64 65 65 65 65 64 63 62 61 60 59 59
    60 60 61 61 61 61 61 61 61 62 62 63 63 63 63 62 62 61 61 61 61 62 62
    63 63 64 64 64 64 63 63 63 63 62 62 62 61 61 61 60 60 59 59 58 56 56
    55 56 56 57 58 59 61 62 63 65 67 69 71 71 71 70 69 67 65 64 63 62 61
    60 60 59 59 58 58 58 58 59 59 61 62 63 64 65 66 66 67 67 67 67 66 66
    64 64 62 62 61 60 60 60 61 62 63 64 65 67 68 70 71 71 71 71 69 68 67
    65 63 62 61 60 61 61 61 62 62 63 62 62 62 62 62 62 63 63 64 65 65 65
    65 65 65 66 67 67 68 69 70 70 70 69 68 67 66 65 64 63 63 62 63 63 64
    65 66 67 68 69 69 70 69 69 67 66 65 63 62 61 60 60 60 61 62 63 64 65
    65 66 67 67 68 70 71 72 73 73 73 72 71 71 70 69 68 67 67 66 64 63 63
    62 63 63 64 64 64 64 64 63 62 62 61 61 61 61 61 61 61 60 59 58 57 57
    57 57 57 58 59 60 60 60 61 61 61 61 63 63 65 66 66 67 66 65 64 63 62
    61 60 60 61 61 61 61 62 62 62 62 62 63 63 64 64 64 64 63 63 62 62 61
    61 61 62 62 63 63 63 63 63 62 62 61 61 61 61 61 61 61 61 61 61 60 60
    59 58 57 57 58 58 59 60 61 62 63 64 66 68 69 70 70 70 69 68 67 65 65
    63 63 62 61 61 61 60 60 59 59 58 59 59 60 61 62 64 65 66 67 68 69 69
    69 68 67 66 65 63 62 62 61 61 61 61 61 62 63 64 66 67 69 70 71 71 71
    70 69 67 65 64 63 62 61 61 61 62 62 62 62 62 61 61 61 61 61 62 63 64
    64 65 65 65 65 65 65 66 67 68 69 70 70 70 70 69 68 67 65 64 64 64 64
    64 65 65 66 67 68 68 69 69 69 69 68 67 66 65 64 62 61 60 60 60 61 62
    63 64 65 65 66 66 67 68 69 70 71 72 72 72 71 70 69 69 68 68 67 67 66
    65 64 63 63 63 63 63 64 63 63 62 62 61 60 60 60 60 61 61 61 61 60 60
    59 58 58 58 58 58 58 59 59 59 59 60 60 60 61 63 64 65 66 67 68 67 67
    65 64 63 62 61 61 62 62 62 62 63 63 63 63 63 64 64 64 65 65 65 64 63
    62 62 61 61 61 61 61 61 62 62 62 62 61 61 60 60 60 60 60 60 60 61 61
    61 61 61 60 59 59 59 59 60 61 62 63 64 64 65 66 67 68 68 69 68 68 67
    66 65 65 63 63 62 62 62 62 62 61 61 60 59 59 59 60 60 62 64 65 67 68
    69 70 70 70 69 68 67 66 64 63 62 61 61 60 60 60 61 62 63 65 66 68 69
    70 71 71 70 69 68 66 65 64 63 62 62 62 62 62 61 61 61 60 59 59 59 60
    61 62 63 64 65 65 65 65 65 65 66 66 67 68 69 70 70 70 69 68 67 66 65
    65 65 65 65 66 66 67 67 68 68 68 69 69 68 68 67 66 65 64 62 61 60 60
    60 60 61 62 63 64 64 65 65 66 67 68 69 70 71 71 71 70 69 68 67 67 67
    66 66 65 65 64 63 63 63 63 63 63 63 62 62 61 60 60 59 60 60 60 61 61
    61 60 60 59 59 59 59 59 59 59 59 59 59 59 59 59 60 61 62 64 66 67 68
    68 68 67 66 65 63 62 61 61 62 62 63 63 64 64 64 65 64 65 65 65 65 65
    65 64 64 63 62 61 61 60 61 61 61 62 61 61 61 61 60 60 60 60 60 60 60
    61 61 62 62 62 61 61 60 60 60 61 62 63 64 64 65 65 65 65 66 66 67 67
    67 66 66 65 64 64 63 63 63 63 63 63 63 62 62 60 60 59 59 60 61 62 64
    65 67 69 70 71 71 71 70 69 67 66 64 63 62 61 60 60 59 59 60 60 61 63
    65 67 68 70 71 71 71 70 69 67 66 64 63 62 62 62 61 61 61 60 59 59 58
    59 59 60 61 62 63 64 64 65 65 65 65 65 66 66 67 68 69 70 70 70 70 69
    68 67 66 66 66 66 66 66 67 67 67 68 68 68 68 68 68 67 67 66 65 64 63
    62 61 60 60 60 61 61 62 63 63 63 64 65 66 67 68 69 70 70 70 69 68 67
    66 65 65 65 65 65 64 63 63 62 62 62 62 62 62 62 61 60 59 59 59 59 60
    60 61 61 61 61 61 60 60 60 60 60 61 60 60 60 59 59 59 59 60 61 63 64
    66 67 68 69 69 68 67 66 64 63 62 62 63 63 63 64 65 65 65 66 66 66 65
    66 65 65 65 65 64 63 62 61 61 61 60 60 61 61 61 61 61 60 60 60 60 60
    60 60 60 61 62 62 62 62 62 62 61 61 62 63 63 64 65 66 66 66 66 65 65
    65 65 65 65 65 64 64 64 64 63 63 63 63 63 63 63 63 62 61 60 60 60 60
    61 62 64 66 68 69 70 71 71 71 70 69 68 66 65 63 62 61 60 59 59 58 59
    59 60 62 64 66 67 69 70 71 71 70 69 68 66 65 64 63 62 62 61 61 60 60
    59 58 58 58 59 60 61 62 63 64 65 65 65 65 65 65 66 66 67 68 69 70 70
    70 70 69 68 67 67 66 66 66 67 67 67 67 67 67 67 67 67 67 67 66 66 65
    65 64 63 62 61 61 60 60 60 61 61 61 62 62 63 63 65 66 67 68 69 69 68
    68 66 65 65 64 65 65 65 64 64 63 63 62 62 62 62 62 62 61 61 60 59 59
    59 59 60 61 61 61 61 61 61 61 61 61 62 62 62 62 61 61 60 59 60 60 60
    61 63 64 66 68 69 70 70 69 68 66 65 63 62 62 64 63 64 64 65 66 66 66
    66 66 66 65 65 65 65 64 63 62 62 61 61 60 60 60 60 61 60 60 60 60 60
    60 60 60 61 61 61 62 62 62 62 62 62 62 62 62 63 64 65 66 66 67 66 66
    65 64 64 63 63 63 63 63 64 64 64 64 63 63 63 63 63 64 64 63 62 61 60
    60 60 60 61 62 64 65 67 68 70 71 71 71 70 70 68 67 65 63 62 61 60 59
    59 58 58 58 59 61 62 64 66 68 69 71 71 70 70 68 66 65 64 62 62 61 61
    61 60 59 58 58 58 58 59 60 61 62 63 64 64 64 64 65 65 65 65 66 67 68
    68 69 70 70 70 70 69 68 67 67 66 66 67 67 66 66 66 66 66 66 66 66 66
    65 65 65 64 64 63 63 62 62 61 61 60 60 60 60 60 60 61 62 64 65 66 67
    68 68 67 66 65 64 64 63 64 64 64 64 63 63 62 62 62 61 62 62 62 61 61
    60 60 59 59 60 60 61 61 62 62 62 62 62 62 63 63 63 64 63 63 62 61 61
    61 61 61 62 64 65 67 68 70 71 70 70 69 67 65 64 63 62 64 64 64 65 65
    66 66 67 66 66 65 65 65 64 64 64 63 62 62 61 61 61 61 60 61 61 60 60
    61 61 61 61 61 61 61 62 62 62 63 63 63 63 63 63 63 63 64 65 66 67 67
    67 67 66 65 64 63 62 62 62 62 62 63 63 63 63 63 63 63 63 63 63 63 63
    62 61 60 60 60 60 61 62 64 65 66 67 69 69 70 70 70 69 67 66 64 63 62
    61 60 59 59 58 58 58 58 59 61 63 65 67 68 69 70 70 69 68 66 65 64 63
    62 62 61 61 60 59 59 58 58 59 60 61 62 63 63 64 64 64 64 64 65 65 65
    66 67 68 68 69 70 70 70 70 69 68 67 67 67 66 66 66 66 66 65 65 65 65
    66 65 65 64 64 64 64 64 63 63 63 63 62 61 60 60 59 58 59 59 60 61 63
    64 66 67 67 67 67 66 64 64 63 63 64 64 64 64 64 63 62 62 61 61 62 62
    62 61 61 61 60 60 60 61 61 62 62 62 62 62 62 62 63 64 64 65 65 65 65
    64 63 62 62 62 62 63 64 66 67 69 70 71 71 70 69 67 65 64 63 62 64 64
    65 65 65 66 66 66 66 65 65 64 64 63 63 63 62 61 61 61 60 60 60 60 60
    60 60 60 61 61 61 62 62 62 62 62 62 63 63 63 63 63 63 63 63 64 65 66
    66 67 67 67 67 66 65 64 63 62 62 61 62 62 63 63 63 63 63 63 63 63 63
    63 63 62 62 61 60 60 60 60 61 62 63 64 65 66 67 68 69 69 69 68 67 66
    64 63 62 61 60 59 59 58 57 57 58 58 60 61 63 65 67 68 69 69 69 67 66
    65 64 63 62 62 61 61 60 60 59 59 59 60 61 62 63 64 64 64 64 64 64 64
    64 64 65 65 66 67 68 68 69 70 70 69 69 68 67 67 66 66 66 66 65 65 65
    65 65 65 65 65 65 64 64 63 63 63 63 64 64 64 63 62 60 59 58 57 57 58
    59 60 62 64 65 66 67 67 66 65 64 63 63 63 64 64 64 64 64 63 62 62 61
    61 62 62 62 62 62 61 61 61 61 62 62 62 63 63 63 63 63 63 64 65 66 66
    67 67 66 66 64 64 63 63 63 64 65 66 68 69 71 71 71 71 70 68 66 65 63
    63 64 64 64 64 65 65 65 65 65 64 64 63 62 62 62 62 61 61 60 60 60 60
    60 60 60 60 60 60 61 61 62 62 63 63 63 62 62 62 62 63 63 63 63 64 64
    65 65 66 67 67 67 67 66 65 64 63 62 62 61 61 61 62 62 63 63 63 63 63
    63 63 63 63 63 62 61 60 60 59 59 60 61 62 62 63 64 65 66 66 67 68 68
    67 66 65 64 63 62 62 61 60 59 58 57 57 57 58 59 60 62 64 65 66 67 67
    67 66 65 64 63 62 62 62 61 61 61 60 60 60 60 61 62 63 64 64 64 64 64
    63 63 63 63 63 64 64 65 66 67 68 68 69 69 69 68 67 67 66 66 65 65 65
    64 64 64 64 65 65 65 65 65 64 64 63 63 64 64 65 65 65 64 63 61 59 58
    57 57 57 59 60 62 64 65 66 66 66 66 65 64 63 63 63 64 65 65 65 65 64
    63 63 62 62 62 62 62 62 62 62 62 62 62 63 63 63 63 63 63 63 64 64 65
    66 67 68 68 68 67 66 65 64 64 63 64 64 65 66 68 69 70 71 71 71 70 68
    66 64 63 63 64 64 64 64 64 64 64 64 63 63 62 62 61 61 61 61 60 60 60
    60 60 60 60 60 60 60 60 60 61 61 62 63 63 63 63 62 62 62 62 62 63 63
    64 64 65 65 66 67 67 67 67 67 66 66 65 64 63 62 62 62 62 62 62 63 63
    63 63 63 63 63 63 63 62 61 60 60 59 59 59 60 60 61 62 62 62 63 64 65
    66 66 66 66 65 64 63 63 62 62 61 60 59 58 57 57 57 57 58 59 60 62 64
    65 66 66 66 65 65 64 63 63 62 62 62 62 62 61 61 61 62 62 63 64 65 65
    65 64 64 63 62 62 63 63 63 63 64 65 65 66 67 67 68 68 67 67 66 66 65
    65 65 65 64 64 64 64 65 65 65 65 65 64 64 63 63 64 64 65 65 66 65 63
    61 59 58 57 57 58 59 61 62 64 65 66 66 66 65 65 64 64 64 64 65 65 66
    66 65 65 64 63 63 62 63 63 63 63 63 63 63 63 63 63 63 63 63 63 64 64
    65 65 66 67 68 69 69 69 68 67 66 65 64 64 64 64 65 66 67 68 70 70 70
    70 69 68 66 65 64 63 64 64 63 63 63 62 62 62 62 61 61 61 60 60 60 60
    60 60 60 59 59 60 60 59 60 59 59 60 60 61 62 63 63 63 62 62 61 61 61
    61 62 63 63 64 65 66 66 67 67 67 67 67 66 65 64 64 63 63 62 62 62 62
    62 63 63 64 64 64 64 64 63 63 62 61 60 59 59 58 59 59 60 60 61 61 62
    62 63 64 65 65 65 65 64 64 63 62 62 62 61 60 60 58 58 57 56 57 57 59
    60 61 62 64 64 64 64 64 64 63 63 62 62 62 62 62 62 62 63 63 63 64 65
    65 65 65 65 64 63 62 61 61 61 61 62 62 63 63 64 65 65 66 66 67 66 66
    66 65 65 65 65 64 64 64 64 65 65 66 66 66 66 65 65 64 64 65 65 66 66
    66 66 64 62 60 58 57 58 58 60 61 63 64 65 66 66 66 65 65 64 64 64 65
    65 66 66 67 67 66 65 65 64 63 64 64 64 63 63 63 63 63 63 63 63 63 64
    64 64 65 65 66 67 68 69 69 69 69 68 67 66 65 64 64 64 64 65 66 67 68
    69 69 69 69 69 67 66 65 65 64 64 64 63 62 62 61 61 60 60 60 60 60 60
    60 60 60 60 60 59 59 59 59 59 59 59 59 59 59 60 60 61 62 62 62 62 61
    60 60 60 60 61 62 63 64 65 66 66 67 67 67 66 66 66 65 65 64 64 63 63
    62 62 62 62 63 63 64 64 64 64 64 64 63 62 61 60 59 58 58 58 59 59 60
    60 61 61 62 63 63 64 65 65 64 64 63 62 62 62 62 61 60 60 59 58 57 56
    57 57 58 59 60 61 62 63 63 63 63 63 63 63 63 63 63 63 63 64 64 64 64
    64 65 66 66 66 65 64 63 62 61 61 60 60 60 61 61 62 62 62 63 63 64 65
    65 65 65 65 65 65 65 65 65 64 64 64 65 66 66 67 67 67 66 66 65 65 65
    66 67 67 67 66 65 63 61 60 59 59 60 61 63 64 65 65 66 65 65 65 64 64
    64 65 65 66 67 67 68 68 67 67 66 65 65 65 64 64 64 64 64 64 64 63 64
    64 64 64 64 64 65 66 67 68 69 70 70 70 69 68 67 66 65 64 64 64 64 65
    66 66 67 67 68 68 68 68 67 66 66 65 65 63 63 62 62 60 60 59 59 59 59
    59 59 60 60 60 60 60 60 59 59 59 59 59 59 58 58 58 58 59 60 61 62 62
    62 62 61 60 59 59 59 60 61 62 64 65 65 66 66 66 66 66 66 65 65 65 64
    64 63 63 62 62 61 62 62 63 64 65 65 65 64 64 63 62 60 59 58 58 58 58
    58 59 59 60 60 61 62 62 63 64 64 64 64 63 63 62 62 62 62 62 61 61 59
    58 57 57 57 58 58 59 60 61 61 62 62 62 62 62 62 63 63 63 63 64 64 64
    65 65 65 66 66 66 66 66 65 64 63 62 60 60 59 60 60 60 60 60 61 61 61
    62 63 63 64 64 64 64 65 65 65 65 65 65 65 65 66 66 67 68 68 68 67 67
    66 66 67 67 68 68 68 67 66 64 62 61 60 61 62 63 64 65 66 66 66 65 65
    65 64 64 64 65 65 66 67 68 68 68 68 67 67 66 66 65 65 65 65 65 64 64
    64 64 64 63 64 64 64 65 66 67 68 69 70 70 70 70 69 68 67 66 64 64 64
    64 65 65 65 65 66 66 66 66 66 67 66 66 66 66 66 63 63 62 61 59 58 58
    57 58 58 59 59 60 60 60 60 60 60 60 59 59 59 59 59 58 58 58 58 59 60
    61 62 62 62 62 61 60 59 58 59 59 60 62 63 64 65 65 65 65 65 65 65 65
    65 65 64 64 63 62 61 61 61 61 62 63 64 65 65 65 65 64 63 62 60 59 58
    58 57 57 58 58 59 60 60 61 62 63 63 64 64 63 63 62 62 61 61 62 62 62
    61 61 60 59 58 58 58 58 59 60 60 60 61 61 61 61 62 62 63 63 63 64 64
    64 65 65 65 66 66 66 67 67 66 66 65 64 62 61 60 59 59 59 59 59 60 60
    60 60 60 61 61 62 63 63 64 64 65 65 65 65 65 65 65 65 66 66 67 68 68
    68 68 67 67 67 67 68 68 68 68 68 66 65 64 63 62 63 63 64 65 66 66 66
    65 65 64 64 64 64 64 64 65 66 66 67 68 68 68 68 68 67 67 66 66 66 65
    65 65 64 64 64 64 63 63 64 64 65 65 66 67 68 69 69 69 69 68 67 66 65
    64 64 64 64 65 65 65 65 65 65 65 65 65 65 65 66 66 66 66 63 63 62 61
    59 58 57 57 57 57 58 59 60 60 61 60 60 60 60 60 60 60 59 59 59 58 58
    58 59 59 61 61 62 63 62 61 60 59 59 58 59 60 61 62 63 63 64 64 64 64
    64 65 65 64 64 64 63 63 62 61 60 60 61 62 63 64 65 65 65 65 64 63 62
    60 59 58 57 57 57 57 58 58 59 61 62 62 63 64 64 64 63 63 62 62 61 62
    62 63 63 62 63 62 61 60 60 60 60 60 61 61 61 61 61 61 61 61 62 62 63
    64 64 64 65 65 65 66 66 66 66 67 67 66 65 64 63 61 61 60 59 59 59 59
    60 60 60 60 60 60 60 60 61 62 62 63 64 64 65 65 65 65 65 65 65 65 66
    67 67 68 68 68 68 67 67 67 68 68 68 68 68 66 65 65 64 64 64 65 66 66
    66 66 65 65 64 63 63 63 63 63 63 64 65 65 66 67 68 68 68 68 67 67 67
    66 66 66 66 65 65 64 64 64 64 63 64 64 65 66 67 68 68 69 69 69 68 67
    66 65 65 64 65 65 65 66 65 66 65 65 64 64 64 64 65 65 66 67 67 67 63
    63 62 61 59 58 57 56 57 57 59 60 61 61 62 61 62 61 61 61 61 61 60 60
    59 59 58 59 59 60 61 62 63 63 63 63 62 61 60 59 59 60 60 61 62 62 63
    63 63 64 64 64 64 64 64 63 63 62 61 60 60 60 60 61 62 64 64 65 65 65
    64 63 62 61 60 59 58 57 57 57 57 58 59 61 62 62 63 64 64 63 63 63 62
    62 62 62 63 64 64 64 64 63 63 62 62 62 62 62 62 62 62 61 61 61 61 61
    62 62 63 64 64 65 65 65 66 66 66 66 66 66 66 65 64 63 62 61 60 60 59
    59 60 60 60 60 60 60 60 60 60 61 61 62 62 63 64 64 65 65 65 65 64 64
    64 64 65 66 67 67 68 67 67 67 67 67 67 67 68 68 67 66 66 65 65 65 65
    66 66 67 66 66 65 65 64 63 62 62 62 62 63 63 64 65 66 67 68 68 68 68
    68 68 67 67 67 66 66 66 65 65 64 64 64 64 64 64 65 66 66 67 67 68 67
    67 67 66 65 65 65 64 65 65 66 66 66 66 65 64 63 63 63 63 64 65 66 66
    67 67 63 63 61 60 58 58 57 57 57 58 59 61 62 62 63 63 63 62 62 62 62
    62 61 61 60 60 59 59 59 60 61 62 64 65 65 64 63 62 61 60 60 60 60 61
    61 61 62 62 62 63 63 64 64 64 64 63 63 61 61 60 59 60 60 61 62 64 65
    65 65 65 64 63 62 61 60 59 58 57 56 57 57 58 59 60 62 63 64 64 64 63
    63 63 62 62 62 63 64 65 65 66 66 65 65 64 64 64 64 64 64 63 63 62 61
    61 61 62 62 63 64 64 65 65 65 65 65 65 65 66 65 65 65 64 64 63 62 61
    61 60 60 60 61 61 61 61 61 61 60 60 60 60 61 62 62 63 63 64 64 65 64
    64 63 63 63 63 64 65 66 66 67 67 67 66 66 66 66 66 67 67 67 66 66 65
    65 65 65 66 66 66 66 66 65 64 63 62 62 61 61 61 61 62 62 63 64 65 67
    68 68 68 68 68 67 67 67 67 67 66 66 65 65 64 64 64 64 64 65 66 66 67
    67 67 66 66 66 65 65 64 64 64 65 66 66 67 66 66 64 63 63 62 62 63 63
    64 65 66 67 67 63 63 62 61 59 58 58 57 58 59 60 61 63 63 64 64 64 64
    64 63 63 63 63 63 62 61 60 60 60 60 62 63 65 66 66 66 65 64 63 62 61
    61 61 61 61 61 61 62 62 63 63 63 63 63 63 62 62 61 60 60 59 60 60 62
    62 64 65 65 65 65 64 63 63 61 61 60 59 58 57 57 57 58 59 61 62 63 64
    64 64 63 63 63 62 63 64 64 65 67 67 68 68 68 67 67 67 66 66 66 65 65
    64 63 62 61 61 61 62 63 63 64 65 65 65 65 65 65 65 65 64 64 64 63 62
    62 61 61 61 61 61 61 62 62 62 62 62 62 61 61 61 61 61 62 62 63 63 64
    64 64 63 63 62 62 62 62 63 64 65 66 66 66 66 65 65 65 65 65 66 66 66
    65 65 65 65 65 65 66 66 66 66 65 64 64 63 62 61 61 61 60 61 61 62 62
    64 65 66 67 68 68 68 68 67 67 67 67 67 66 66 65 65 65 65 65 65 65 66
    66 66 66 66 66 65 65 64 64 64 63 64 64 65 66 66 67 66 66 64 63 63 62
    62 63 63 64 65 65 66 66 63 63 62 61 60 59 59 59 60 60 62 63 64 65 65
    65 66 65 65 65 65 65 64 64 63 63 61 61 60 61 62 64 65 67 68 67 67 66
    65 64 63 63 62 62 61 61 61 62 62 63 63 63 64 63 63 62 62 61 60 60 60
    60 61 62 63 64 64 65 65 64 64 63 63 61 61 60 59 58 57 57 57 58 59 61
    62 63 64 64 64 63 63 63 63 64 65 66 67 68 68 69 69 69 69 68 68 68 68
    67 67 66 65 64 63 62 61 61 62 62 63 64 65 65 65 65 65 65 64 64 63 62
    62 61 61 61 61 61 61 62 62 63 63 63 64 64 63 63 62 62 62 61 61 61 62
    62 63 63 63 63 63 62 61 61 60 61 62 63 64 65 65 65 65 64 64 64 64 64
    64 65 65 65 65 65 65 65 65 66 66 66 65 65 64 64 63 62 61 61 60 60 60
    60 61 61 63 64 66 67 68 68 68 68 68 67 67 67 67 67 66 66 65 65 65 65
    66 66 66 67 66 66 66 65 64 64 63 63 63 63 64 64 65 66 66 67 66 65 64
    63 62 62 62 62 63 64 64 64 65 65 63 63 62 62 61 60 60 60 61 62 63 64
    65 65 66 66 67 67 67 66 66 66 65 65 64 63 62 61 61 62 63 65 66 68 69
    69 68 68 67 66 65 64 64 63 62 62 62 62 63 63 64 64 64 64 63 63 62 61
    61 60 60 61 61 62 63 64 64 65 64 64 64 63 63 62 61 60 59 59 58 58 58
    59 60 61 62 62 63 63 63 63 63 64 64 65 66 67 68 69 70 70 70 70 69 69
    69 69 68 68 67 66 65 64 63 62 61 61 61 62 63 64 65 65 65 66 65 65 64
    63 62 61 61 60 60 60 61 61 62 62 63 63 64 64 65 65 64 64 63 62 62 61
    61 61 62 62 62 63 62 62 62 61 60 60 60 61 62 63 64 65 65 65 65 64 63
    63 63 63 63 63 64 64 64 64 64 65 65 65 65 65 65 65 64 64 63 62 61 61
    60 60 60 60 60 61 62 64 65 67 68 68 68 68 68 68 67 67 67 66 66 65 65
    65 65 65 66 67 67 68 67 67 66 65 64 63 62 62 62 62 63 64 65 66 66 66
    66 65 64 63 62 62 62 62 63 63 64 64 64 64 64 64 63 63 62 62 62 62 63
    63 64 65 66 66 67 68 68 68 68 67 67 67 66 66 65 64 63 62 62 63 64 65
    67 69 69 69 69 69 68 67 67 66 65 65 64 64 63 63 63 64 64 64 64 64 63
    63 62 61 61 61 61 61 62 63 63 64 64 64 64 64 63 63 62 61 61 60 59 59
    58 58 58 59 60 61 62 62 63 63 63 63 63 64 65 66 67 68 69 69 70 70 70
    69 69 69 68 68 68 68 67 66 65 64 63 62 61 61 61 62 63 64 65 66 66 66
    66 65 64 63 61 60 60 59 59 60 60 61 62 63 64 64 65 65 65 66 65 65 64
    63 63 62 61 61 61 62 62 62 62 62 62 61 60 60 60 61 62 63 64 64 64 64
    64 63 63 63 62 62 63 63 63 63 64 64 64 65 65 66 66 66 66 65 65 64 64
    63 62 61 60 59 59 59 59 60 62 63 65 67 67 68 68 68 68 67 67 67 66 66
    65 64 64 64 64 65 66 67 68 68 68 67 66 64 63 62 62 61 62 62 63 64 65
    66 66 66 65 65 64 63 62 62 62 63 63 63 63 63 63 63 64 64 63 63 63 63
    63 63 64 64 65 65 66 67 68 68 69 69 69 68 68 67 67 66 65 65 64 63 63
    64 65 67 68 69 70 70 70 69 69 69 68 68 67 66 66 65 65 64 64 64 64 64
    64 63 63 63 62 62 62 62 62 62 63 63 64 65 64 64 64 63 63 62 62 61 60
    59 59 58 58 58 59 60 61 61 62 62 63 63 63 63 64 65 66 67 68 69 70 70
    70 70 69 69 68 68 67 67 67 67 66 65 65 63 62 61 60 60 61 61 63 64 66
    67 67 67 67 66 64 63 61 60 59 59 59 59 60 61 62 63 63 64 64 65 65 66
    66 65 65 64 63 62 61 61 61 61 62 62 62 62 62 62 61 61 61 62 62 63 64
    64 65 64 64 63 63 62 62 62 62 62 62 62 63 63 64 65 65 66 66 66 66 66
    65 65 64 63 62 61 60 59 59 58 59 60 61 63 64 66 67 68 68 68 68 67 67
    66 66 65 65 64 63 63 64 65 66 67 68 69 68 68 66 64 63 62 61 61 61 62
    63 64 64 66 66 66 65 65 64 63 63 62 63 63 63 63 63 62 62 62 64 64 64
    64 64 64 64 64 65 65 65 65 66 67 68 69 69 70 70 69 69 68 67 67 66 65
    64 64 64 65 66 67 69 70 70 70 70 70 69 69 69 69 69 68 68 67 66 66 65
    65 64 64 64 63 63 63 63 63 63 63 63 63 64 64 64 65 64 64 63 63 62 61
    61 60 60 59 58 58 58 59 59 60 61 61 62 62 62 62 62 63 63 64 65 67 68
    69 69 69 69 69 68 67 66 66 65 65 65 65 65 64 64 63 62 61 60 60 61 61
    63 65 66 68 69 69 68 67 65 64 61 60 59 58 59 59 60 61 62 62 63 64 64
    65 65 66 66 66 65 64 63 62 62 61 61 62 62 63 63 63 62 62 62 62 62 63
    63 64 64 65 65 64 64 63 62 62 62 61 62 62 62 62 63 63 64 65 66 67 67
    67 67 67 67 66 65 64 62 61 60 58 58 58 58 59 61 63 64 66 67 67 68 68
    67 67 66 66 65 64 63 62 62 62 63 64 65 67 68 68 68 67 66 64 63 61 61
    60 61 61 62 63 64 65 65 66 65 64 64 63 63 62 63 63 63 63 63 62 62 62
    63 64 64 64 64 64 65 65 65 65 65 65 66 66 67 68 69 70 70 70 69 68 67
    67 66 66 65 65 65 66 67 68 69 70 70 70 70 69 69 69 69 69 69 69 68 68
    67 66 65 65 64 64 63 63 62 63 63 63 63 63 64 64 64 65 65 65 64 64 63
    62 61 60 59 58 58 58 58 58 58 59 60 61 61 62 62 61 61 61 62 62 63 64
    65 67 68 68 69 68 68 67 66 65 64 64 63 63 63 63 63 63 63 62 61 60 60
    60 60 61 63 65 67 68 70 70 70 68 66 64 62 61 59 59 59 60 61 61 62 62
    62 63 63 64 65 66 66 67 66 65 64 63 62 61 62 62 63 63 63 63 63 63 63
    63 63 64 64 65 65 65 65 64 64 63 62 62 61 61 61 61 61 62 62 63 65 66
    67 68 68 68 68 68 67 67 65 64 62 61 59 58 58 57 58 59 60 62 63 65 66
    67 67 67 67 66 66 65 64 63 62 61 61 61 62 63 64 66 67 68 68 67 65 64
    62 61 60 60 61 61 62 63 64 65 65 66 65 64 64 63 63 63 63 63 63 63 63
    62 62 62 64 64 64 64 64 65 65 65 65 64 64 64 65 66 67 68 70 70 71 70
    70 69 68 68 67 67 66 66 66 67 68 69 70 70 70 70 69 69 69 69 70 70 70
    70 70 69 68 67 66 65 64 63 62 62 62 62 63 64 64 64 65 65 65 65 65 65
    64 63 62 61 60 59 58 58 58 58 58 58 59 60 61 62 62 62 62 61 61 61 61
    61 62 63 65 66 67 68 68 68 67 66 65 64 63 62 61 61 61 61 61 62 62 61
    60 60 60 60 60 61 63 65 67 69 71 71 71 70 68 65 63 61 60 59 60 60 61
    61 61 61 61 62 62 64 64 66 66 67 66 66 65 63 63 62 63 63 63 64 64 64
    64 64 64 64 64 65 65 65 65 65 64 64 64 63 62 62 61 61 61 61 61 61 63
    64 65 67 68 68 69 69 69 69 68 67 66 64 62 61 59 58 58 58 58 59 61 62
    63 65 66 66 67 67 66 66 65 65 64 63 62 61 60 60 61 62 63 65 66 67 67
    66 64 63 61 60 60 59 60 61 62 63 64 65 65 65 65 64 64 63 63 63 63 63
    63 63 62 62 62 62 64 64 64 64 65 65 65 65 64 64 63 63 64 65 66 68 70
    71 71 71 70 69 69 68 67 67 66 66 66 67 68 69 70 70 70 69 69 68 68 69
    69 70 70 70 70 69 68 67 66 64 63 62 62 62 62 62 63 64 65 66 66 66 66
    66 66 65 64 63 61 60 58 58 57 57 57 57 58 58 59 60 61 62 62 62 62 61
    60 60 60 61 62 63 64 65 66 66 67 67 66 65 64 63 62 61 60 60 60 60 60
    61 61 60 60 59 59 59 60 61 63 65 67 70 71 72 71 70 68 66 63 62 60 60
    60 60 61 61 61 60 60 61 61 63 64 66 66 67 67 66 66 64 64 63 63 63 64
    64 64 64 64 64 64 64 64 65 65 65 65 64 64 63 63 62 62 61 61 60 60 60
    60 61 62 64 65 67 68 69 70 70 70 70 69 68 67 65 63 61 60 59 59 59 59
    60 61 62 63 64 65 65 66 66 66 65 65 64 63 62 61 60 59 59 60 60 62 63
    64 65 65 65 64 62 61 59 59 59 60 60 62 63 64 65 65 66 65 64 64 63 63
    62 63 62 62 62 62 62 62 61 64 64 65 65 65 65 65 64 64 63 62 62 63 64
    65 68 69 71 72 71 71 70 69 68 67 67 66 66 66 67 67 68 69 69 69 69 68
    68 68 68 69 69 70 70 69 68 67 66 65 64 62 61 61 61 61 62 63 65 66 67
    67 67 67 67 66 65 64 62 60 58 57 56 56 56 57 57 58 59 60 61 62 63 63
    62 62 61 60 60 59 60 60 61 62 64 65 66 66 66 65 65 64 62 61 60 59 59
    59 59 59 60 60 60 60 59 59 60 60 62 63 65 68 70 71 72 71 70 68 66 64
    62 61 61 61 61 61 61 60 59 59 59 60 62 63 65 67 68 68 68 67 66 65 64
    64 64 64 64 64 64 64 64 64 64 64 65 65 65 65 64 64 63 63 62 62 62 61
    61 61 61 61 61 63 64 66 67 69 70 70 71 70 70 70 69 67 66 64 63 62 61
    61 60 61 62 62 63 64 65 65 65 65 65 65 65 65 64 63 62 61 60 59 59 59
    59 61 62 63 64 64 63 62 61 60 59 58 58 59 60 61 63 64 65 65 65 65 64
    64 63 63 62 63 63 63 63 62 62 62 62 65 65 65 65 66 65 65 64 63 62 62
    61 62 63 65 67 69 71 71 71 71 70 69 68 67 66 66 65 65 66 66 67 68 68
    68 68 68 67 67 67 68 69 69 69 69 68 67 65 64 62 61 60 60 60 61 62 63
    65 66 67 68 68 68 67 66 65 63 61 59 57 56 55 55 55 56 57 58 59 61 62
    63 64 64 63 62 61 60 60 59 59 60 60 61 62 63 64 64 64 64 64 63 61 60
    60 59 59 58 59 59 59 59 59 59 59 59 60 60 62 63 65 67 69 71 71 71 70
    68 66 64 63 62 62 62 62 62 61 60 59 58 58 59 61 63 65 67 68 69 68 68
    67 66 65 65 65 65 64 64 64 64 63 64 64 64 65 65 64 64 63 63 62 62 62
    62 62 61 61 61 61 61 62 63 64 66 68 69 70 70 71 70 70 70 69 68 66 65
    64 63 62 62 62 63 63 63 64 64 65 65 65 65 65 65 65 64 64 63 62 61 60
    59 59 59 59 60 61 61 62 62 62 61 60 59 58 58 58 59 60 61 63 64 65 66
    66 65 64 64 63 63 63 63 62 62 62 62 61 61 61 65 65 66 66 66 66 65 64
    63 62 61 61 61 62 64 66 68 70 71 71 71 70 69 67 66 65 65 64 64 64 65
    66 66 67 67 67 67 67 67 67 67 68 68 68 68 67 66 64 63 61 60 60 59 60
    60 62 64 66 67 68 69 69 68 67 66 64 62 60 57 56 55 54 54 55 56 57 59
    60 62 63 64 65 64 64 63 61 60 60 59 59 59 60 60 61 62 63 64 64 64 63
    63 61 60 60 59 58 58 58 58 58 59 59 59 59 59 60 61 62 63 65 67 69 70
    70 70 69 67 65 64 63 62 62 63 62 62 61 60 58 57 57 58 60 62 64 66 68
    69 69 68 67 66 65 65 65 64 64 63 63 63 63 63 63 63 64 64 64 64 63 63
    62 62 62 62 62 62 62 62 62 62 63 63 65 66 67 69 69 70 70 70 70 69 69
    68 67 67 66 66 65 65 65 65 66 66 66 65 65 65 65 64 64 64 64 64 64 63
    62 62 60 60 59 59 59 59 60 60 61 61 60 60 59 59 58 58 58 59 60 61 63
    64 65 66 66 65 64 64 63 63 63 63 63 63 62 62 61 61 61 66 66 67 67 67
    66 66 65 64 62 61 61 61 62 63 65 67 69 70 70 70 69 68 66 65 64 63 62
    62 63 63 64 65 65 66 66 66 66 66 67 67 67 68 67 67 66 64 63 62 60 59
    59 58 59 60 62 64 66 68 69 69 69 68 67 65 63 61 58 56 55 53 53 54 54
    56 57 59 61 63 64 65 65 65 64 63 62 61 60 59 59 58 59 59 60 61 62 62
    62 62 62 61 60 59 59 58 58 58 58 57 58 58 58 58 59 59 60 61 62 64 65
    67 68 69 69 69 68 66 65 64 63 63 63 63 63 63 61 60 58 57 57 57 59 61
    64 66 67 68 69 68 67 67 66 65 64 64 63 63 63 62 62 62 62 63 63 63 63
    63 62 62 62 62 61 62 62 62 63 63 63 63 64 64 65 66 67 68 69 69 69 69
    69 69 69 68 68 68 67 67 67 67 67 67 67 67 67 66 66 65 64 64 64 63 63
    63 63 63 62 62 61 60 59 59 59 59 59 59 59 59 59 59 58 58 58 58 58 59
    60 62 63 64 65 66 66 65 64 64 63 64 63 64 63 63 63 62 61 61 61 67 67
    67 67 67 66 66 65 64 63 62 61 61 61 62 64 65 67 68 68 68 67 66 65 64
    63 62 61 61 61 62 62 63 64 65 65 65 66 66 66 66 66 66 66 65 64 63 61
    60 59 58 58 58 58 60 62 64 66 68 69 70 69 69 67 65 62 59 57 55 53 52
    53 53 54 56 58 60 61 64 65 66 66 66 65 64 62 61 60 59 59 58 59 59 59
    60 61 61 61 62 61 61 60 59 59 58 58 57 57 57 57 57 57 57 58 59 60 61
    63 64 65 67 67 68 68 67 67 65 64 64 64 64 64 64 64 63 62 60 58 57 56
    57 58 60 63 65 66 67 68 68 67 66 65 64 63 63 62 62 62 61 61 62 62 63
    63 63 63 63 62 62 62 62 62 62 63 63 63 64 64 64 64 65 65 66 67 67 68
    68 68 68 68 68 68 68 68 69 69 69 69 70 70 69 69 68 68 67 66 65 64 63
    62 62 62 62 62 62 62 62 61 61 60 60 59 59 59 59 59 59 58 58 58 58 58
    58 59 60 60 62 63 64 65 65 65 65 64 64 64 64 64 65 64 64 63 62 61 61
    61 67 67 67 67 67 66 66 65 64 63 62 61 61 61 61 63 64 65 66 67 67 66
    65 64 63 62 62 61 61 61 61 62 62 63 64 64 64 65 65 65 66 66 66 65 65
    63 62 61 60 58 58 57 57 58 60 62 64 67 68 70 70 69 68 66 64 61 58 56
    54 53 52 53 53 55 57 59 61 62 64 65 66 67 66 65 64 63 62 61 60 59 59
    59 59 59 60 60 60 60 60 60 59 59 58 58 58 58 57 57 56 56 56 56 57 58
    59 61 62 64 65 66 67 67 67 67 67 66 65 64 64 64 64 65 65 64 63 62 60
    58 57 56 57 58 60 62 64 65 66 67 66 66 65 64 63 62 62 61 61 61 61 61
    61 62 62 62 62 62 62 62 62 61 61 61 62 63 63 63 64 64 64 65 65 65 66
    66 66 66 66 67 67 67 67 67 68 68 69 70 70 70 71 71 70 70 69 68 67 65
    64 63 62 61 61 61 61 62 62 62 63 62 62 62 61 61 61 60 59 59 58 57 57
    57 58 58 59 59 60 61 62 64 64 65 66 65 65 65 65 65 65 65 66 65 65 64
    63 62 61 61 67 67 67 67 67 66 66 65 64 64 63 62 61 61 61 62 62 63 64
    65 65 64 64 63 62 62 61 61 61 61 61 61 62 62 63 63 63 64 64 65 65 65
    65 65 64 62 61 60 59 58 57 57 57 59 60 63 65 67 69 70 70 69 68 65 63
    60 57 55 53 52 52 53 54 55 57 59 61 63 65 66 66 67 67 65 64 63 62 61
    60 59 59 59 59 59 59 59 60 59 59 59 58 58 58 58 57 58 57 57 56 55 55
    55 56 57 59 61 63 64 66 66 67 67 67 66 66 65 64 64 64 64 65 65 65 65
    64 62 60 59 57 56 56 57 59 61 62 64 65 65 65 64 63 62 61 61 61 60 60
    61 61 61 62 62 62 62 62 62 62 62 62 61 61 61 62 62 63 63 64 64 64 65
    65 65 65 65 65 65 65 65 65 65 66 66 67 68 69 70 70 71 71 71 71 70 69
    68 66 65 63 61 60 59 59 59 60 61 61 62 63 63 63 63 63 62 62 61 60 59
    58 57 57 57 57 58 59 60 61 61 62 63 64 65 65 65 65 65 65 65 66 66 67
    67 66 65 64 63 62 62 67 67 67 67 66 66 65 65 64 64 63 62 62 61 61 61
    61 62 63 63 63 63 63 62 62 62 62 62 62 61 61 61 61 62 62 62 63 63 64
    64 65 65 65 64 63 62 61 60 59 58 58 58 58 60 61 63 66 68 69 70 70 69
    68 65 62 59 57 54 53 52 52 53 54 56 58 60 62 64 65 66 67 67 67 65 65
    63 62 61 60 60 59 59 59 59 59 59 59 58 58 58 57 57 57 57 57 57 57 56
    56 55 55 55 56 57 59 61 63 65 66 67 67 67 66 66 65 65 65 65 64 65 65
    65 65 65 64 63 61 59 58 57 57 57 58 60 61 62 63 63 63 62 61 61 60 59
    59 59 60 60 61 61 62 62 62 62 62 62 62 62 61 61 61 61 61 62 62 63 64
    64 64 64 64 64 64 64 64 64 63 64 64 64 64 65 66 67 68 69 70 70 71 71
    70 70 69 68 66 64 62 61 59 59 58 58 59 60 61 62 63 64 64 64 64 64 63
    62 61 59 58 57 57 57 58 58 59 60 61 62 63 64 64 65 65 65 65 65 66 66
    67 67 68 68 67 66 65 64 63 63 67 67 67 66 66 66 65 65 64 64 63 63 62
    61 61 61 60 61 61 61 61 61 62 62 62 62 63 63 63 62 62 62 61 61 61 61
    62 63 63 64 64 64 64 64 63 62 61 60 59 59 58 59 59 61 62 65 67 68 70
    70 70 69 67 64 62 59 56 54 53 52 53 54 55 57 59 61 62 64 65 66 67 67
    66 65 64 63 62 61 61 60 60 60 59 59 59 58 58 57 57 57 57 57 57 58 58
    58 57 57 56 55 55 55 56 57 59 61 63 65 66 67 67 67 66 66 65 65 65 65
    65 65 65 65 65 65 64 63 62 60 59 58 57 57 58 59 60 61 62 62 61 61 60
    59 58 58 58 59 59 60 61 61 62 62 62 61 61 61 61 61 61 60 60 60 60 61
    61 62 63 63 64 64 64 64 64 63 63 63 62 62 62 63 63 64 64 65 66 67 68
    69 69 69 69 69 68 67 65 64 62 60 58 58 57 58 59 60 61 63 64 65 65 66
    66 66 65 64 62 60 58 57 56 56 57 58 59 60 61 62 63 64 64 65 65 65 66
    66 67 67 68 68 69 69 68 67 65 64 63 63 67 67 67 66 66 65 65 65 64 64
    64 63 62 62 61 61 61 61 61 61 61 61 61 62 62 63 63 64 64 63 63 62 62
    61 61 61 62 62 63 63 64 64 64 64 63 62 62 61 60 60 60 60 61 62 64 66
    67 69 70 70 69 68 67 64 62 59 57 55 54 54 54 55 57 58 60 62 63 64 65
    66 66 66 66 65 64 63 62 61 61 60 60 60 60 59 59 59 58 58 58 57 58 58
    58 58 58 58 58 57 57 56 56 56 57 58 60 61 64 65 67 67 67 67 67 66 66
    65 65 65 65 65 65 65 65 64 64 63 62 61 59 58 58 57 58 59 59 60 60 60
    60 59 58 57 57 57 57 57 58 59 60 61 61 61 61 60 60 60 60 60 60 59 59
    59 60 61 61 62 62 63 63 64 64 64 64 63 63 62 61 61 61 61 61 62 63 64
    65 66 67 67 68 68 69 68 68 67 66 64 62 60 58 58 57 58 59 60 61 63 64
    65 66 67 67 67 66 65 63 61 59 57 57 57 57 58 59 61 62 63 63 64 65 65
    66 66 67 67 67 68 68 69 69 69 69 68 66 65 64 64 67 66 66 66 66 65 65
    64 64 64 63 63 62 62 62 61 61 61 61 60 60 60 61 61 62 63 64 64 64 64
    63 63 62 61 61 61 62 62 63 64 64 64 64 64 64 63 62 62 61 61 61 62 62
    64 65 67 68 69 69 69 69 67 66 64 62 59 57 56 55 55 56 57 58 59 60 61
    62 63 64 65 65 66 65 65 64 63 62 62 61 61 61 60 60 59 59 58 58 57 58
    58 58 58 58 59 58 59 58 58 57 57 57 57 57 58 60 61 63 65 66 67 67 67
    67 66 66 66 65 65 64 64 64 63 64 64 63 63 62 61 60 59 58 58 58 59 59
    59 60 59 59 58 57 56 56 56 57 57 58 59 60 61 61 61 60 60 60 59 59 59
    58 58 58 58 59 60 60 61 62 63 63 63 64 63 63 63 62 62 61 61 61 60 60
    61 61 62 63 64 64 65 66 67 67 67 67 67 65 64 62 60 59 58 58 58 59 60
    62 63 65 66 67 68 68 68 67 66 63 61 59 58 57 57 57 58 60 61 62 63 64
    65 66 67 67 67 68 68 69 69 69 70 70 70 69 69 67 66 65 64 66 66 66 65
    65 64 64 64 64 64 63 63 62 62 62 62 62 61 61 60 60 61 61 62 63 64 64
    65 65 64 64 63 62 62 62 62 62 63 63 64 64 64 64 64 64 63 63 62 62 62
    62 63 64 65 66 67 68 69 69 68 68 67 66 64 62 60 59 58 57 57 58 59 59
    60 60 61 62 63 64 64 65 65 65 64 64 63 63 62 62 61 61 61 60 60 59 59
    59 58 59 59 59 60 60 60 59 60 59 59 59 59 59 58 59 59 60 61 63 64 65
    66 66 67 67 66 66 66 65 64 64 63 62 62 62 62 63 63 62 62 60 60 59 58
    58 58 59 59 59 59 58 57 56 56 55 56 56 57 58 59 60 60 60 60 59 59 58
    58 58 58 58 58 58 58 59 60 61 62 62 63 64 64 64 64 63 63 62 61 61 60
    60 60 60 60 60 61 61 62 63 64 65 66 67 67 68 67 66 65 63 61 60 59 59
    59 59 60 62 63 64 65 67 68 68 68 67 66 64 62 60 58 57 57 58 58 60 61
    63 64 65 66 67 68 69 69 69 69 69 70 70 70 70 70 70 69 67 66 66 65 66
    65 65 65 64 64 64 64 63 63 63 63 63 63 63 63 63 62 62 61 61 61 61 62
    63 64 64 65 65 64 64 63 63 62 62 62 63 64 64 65 65 65 65 65 65 64 64
    63 64 64 64 65 65 66 67 67 68 68 67 67 66 66 65 64 63 61 61 60 60 60
    60 60 60 61 61 61 61 62 62 63 64 64 64 64 64 63 63 63 63 62 62 61 61
    60 59 59 59 59 60 61 61 61 61 61 61 61 60 60 60 60 60 60 60 60 61 61
    62 63 64 65 66 66 66 66 66 65 64 63 62 61 61 60 61 61 62 62 62 62 61
    60 59 59 59 59 59 59 59 59 58 57 56 56 55 56 56 57 58 59 60 60 60 59
    59 58 58 57 57 57 57 57 57 58 58 59 60 62 63 63 64 64 64 64 64 63 62
    61 61 60 60 59 59 59 59 59 60 61 61 62 63 64 66 67 67 67 67 66 64 63
    61 60 60 59 60 60 61 62 64 65 66 67 68 68 68 67 65 63 61 59 58 58 58
    59 60 62 63 65 67 68 69 70 70 70 71 70 70 70 70 71 70 70 70 69 68 67
    66 65 65 64 64 64 64 64 63 63 63 63 62 62 62 63 63 63 63 63 63 62 62
    62 62 62 63 64 64 64 64 64 63 63 63 62 63 63 64 65 65 66 66 66 66 66
    65 65 65 64 64 64 65 66 66 67 67 67 67 66 66 65 65 64 64 63 63 63 62
    62 62 62 62 62 62 61 61 60 60 61 62 62 63 64 64 64 63 63 63 63 63 63
    62 62 61 60 60 60 60 61 61 62 63 63 63 63 62 62 61 62 62 62 62 62 62
    61 61 61 62 62 63 64 65 65 65 65 65 64 63 62 61 60 59 59 60 60 61 62
    62 62 61 60 59 59 59 59 59 59 59 58 58 57 56 56 56 56 57 58 59 59 60
    60 60 60 59 59 58 58 58 58 57 58 58 58 59 60 61 62 64 64 65 65 65 65
    64 63 62 62 61 60 59 59 59 59 59 59 59 60 61 62 63 64 66 67 68 68 68
    67 65 63 62 61 60 59 60 60 61 62 63 64 65 66 67 68 68 67 65 63 61 60
    58 58 58 59 60 62 64 65 67 69 70 71 71 71 71 71 71 71 70 71 70 70 70
    69 68 67 67 66 63 63 63 63 63 63 63 63 62 62 62 62 62 63 63 64 64 64
    64 63 63 63 63 63 63 64 64 64 64 63 63 63 63 63 64 64 65 66 66 67 67
    67 67 67 66 65 65 65 65 65 66 66 67 67 67 66 66 65 64 64 63 63 63 63
    64 64 64 64 65 64 64 64 62 61 60 60 60 60 61 62 62 63 63 63 63 63 63
    63 63 63 63 62 62 61 61 61 62 62 63 64 64 64 64 64 63 63 63 63 63 64
    64 63 63 62 62 61 61 61 62 63 63 64 64 64 64 63 62 60 59 58 58 58 58
    59 61 62 62 62 61 60 59 59 58 59 59 59 59 58 58 57 57 56 56 57 58 58
    59 60 60 61 61 60 60 59 59 59 58 58 58 58 58 59 59 61 62 63 64 64 65
    65 65 65 64 63 62 61 60 60 59 58 58 58 58 58 59 59 60 61 62 63 65 66
    68 68 68 67 66 64 63 62 60 60 60 60 60 61 62 63 64 66 67 67 68 67 66
    64 63 61 60 59 59 59 61 62 64 66 68 69 71 72 72 72 72 72 71 71 71 71
    70 70 70 69 68 67 67 66 63 62 63 62 63 63 63 63 62 62 62 62 62 62 63
    64 64 64 64 63 63 63 63 63 63 64 64 63 63 63 63 62 63 63 64 65 66 67
    67 67 67 67 67 67 66 66 66 65 65 65 66 67 67 67 67 66 65 64 63 62 62
    62 62 63 64 65 66 66 66 66 65 64 63 61 60 59 59 60 60 61 62 63 63 63
    63 63 63 63 64 64 64 63 63 62 62 62 63 64 65 65 66 66 66 66 65 65 64
    64 64 65 65 64 64 63 62 61 61 61 61 62 62 63 63 63 63 62 60 59 58 57
    57 57 58 59 60 61 61 61 60 60 59 58 58 59 59 59 59 59 58 57 57 57 57
    58 58 59 60 61 61 62 62 62 62 61 61 61 61 60 60 60 59 60 60 61 62 63
    64 65 65 65 65 65 64 63 62 61 60 59 58 58 58 58 58 59 59 59 60 61 62
    63 65 66 68 68 68 67 66 64 63 62 60 59 59 59 59 60 61 62 63 65 66 67
    68 68 67 65 64 62 61 60 59 60 61 62 64 66 68 69 71 72 72 72 72 71 71
    71 71 71 70 70 69 69 68 68 68 67 62 62 62 62 62 62 63 63 62 62 62 62
    62 63 63 64 64 64 64 64 64 64 63 64 64 64 63 63 63 62 62 62 63 63 65
    65 66 67 67 68 67 67 67 67 66 66 66 65 66 66 67 67 67 67 67 66 64 63
    61 61 60 60 61 62 64 65 66 67 67 67 66 65 63 61 60 59 59 59 60 60 62
    62 62 63 62 63 63 63 64 64 64 64 63 63 63 64 64 65 66 67 67 67 67 67
    66 66 66 65 65 65 65 65 64 63 62 62 61 61 61 61 62 62 62 62 61 60 59
    58 57 56 56 56 58 59 60 61 61 61 60 59 58 58 58 59 59 59 59 59 58 57
    57 57 58 58 59 60 61 62 62 63 63 63 63 64 63 63 63 62 61 61 61 61 61
    62 63 63 64 65 66 65 65 65 64 63 62 60 59 58 58 58 58 58 59 59 59 60
    60 60 61 63 64 66 67 68 68 67 66 64 63 62 61 60 59 59 59 59 60 61 63
    64 66 67 68 68 67 66 65 63 62 61 60 60 61 62 63 65 67 69 70 71 71 71
    71 71 71 70 70 70 70 70 69 68 68 67 67 67 61 61 61 62 62 62 63 63 62
    62 62 62 62 62 63 64 64 64 64 64 63 63 63 63 63 63 62 62 62 61 61 62
    63 63 65 66 66 67 67 68 67 67 67 67 66 66 66 65 66 65 66 66 67 67 67
    66 64 63 61 60 59 60 61 62 64 65 67 67 67 67 66 64 62 61 59 58 58 58
    59 60 61 61 62 62 62 62 63 63 64 64 64 64 64 64 64 65 65 66 67 68 68
    69 69 68 68 67 67 66 66 65 65 65 64 64 63 62 62 61 61 61 61 61 61 60
    60 59 58 57 56 56 56 57 58 59 60 61 61 61 60 59 58 58 58 59 59 59 59
    59 58 58 58 58 59 59 60 61 62 62 63 64 65 65 66 66 66 66 65 64 64 63
    62 62 62 62 63 63 64 65 65 65 65 65 64 63 61 60 58 58 57 57 58 59 59
    60 60 60 60 60 61 62 64 65 67 67 67 67 66 64 63 62 61 60 60 59 59 59
    60 61 63 65 66 67 68 68 68 67 66 64 62 61 60 60 60 61 63 64 66 68 69
    70 70 70 70 70 70 70 70 70 70 69 69 68 68 67 67 67 61 61 61 62 62 63
    63 63 63 63 62 62 62 62 63 64 64 64 64 64 64 64 63 63 63 62 62 61 61
    61 61 61 62 63 64 66 66 67 67 67 66 66 66 66 65 65 65 65 65 65 66 66
    67 67 66 66 64 63 61 60 59 59 60 62 64 65 66 67 67 66 65 64 62 60 59
    58 58 58 59 60 61 61 61 61 62 62 62 63 63 64 65 65 65 65 66 66 67 67
    68 69 69 70 70 69 69 68 67 66 66 65 65 65 64 64 64 63 63 62 62 61 61
    61 60 59 58 58 57 57 56 56 56 57 58 59 60 60 61 61 60 60 59 59 59 59
    59 60 60 59 59 59 59 58 59 60 60 61 62 63 63 65 66 66 67 68 68 68 68
    67 66 65 64 63 63 63 63 64 64 64 65 65 65 64 64 62 61 59 57 57 57 57
    58 59 60 60 61 61 61 61 62 62 64 65 66 67 67 66 66 64 63 63 62 61 61
    60 60 60 61 62 64 65 66 67 68 68 68 67 66 64 63 62 61 61 61 61 62 64
    65 67 68 68 69 69 69 69 69 70 70 70 70 69 68 68 67 66 66 66 61 61 62
    62 62 63 63 63 63 63 62 62 62 62 63 64 64 64 64 63 63 63 63 62 62 62
    61 60 60 60 60 60 62 63 64 65 66 67 66 66 66 65 65 65 65 65 65 64 65
    64 65 65 66 66 66 65 64 63 61 60 59 60 60 61 63 64 65 66 66 65 64 63
    61 60 59 58 58 58 58 59 60 60 60 61 61 61 62 63 63 64 65 66 66 66 67
    67 68 68 69 69 70 70 70 70 69 68 67 66 65 65 64 64 64 64 64 64 64 63
    63 62 61 60 59 58 58 57 57 57 57 56 57 57 58 59 60 60 61 61 61 60 60
    59 59 60 60 60 60 60 60 59 59 59 60 60 61 61 62 63 64 65 66 68 69 70
    70 70 70 69 67 66 65 64 63 63 63 63 64 64 65 65 65 64 63 62 60 59 57
    57 56 57 58 59 61 61 62 62 62 62 62 62 63 64 65 66 66 65 65 64 63 63
    62 62 62 61 61 62 63 63 65 66 67 68 68 68 68 67 66 64 63 62 61 61 61
    62 62 63 65 66 67 68 68 68 69 69 69 70 70 70 70 69 68 67 66 65 65 65
    61 61 62 62 62 63 63 63 63 63 63 62 62 62 63 63 63 64 64 63 63 63 63
    62 62 61 60 59 59 59 59 59 61 62 63 65 65 66 65 65 64 64 64 64 64 64
    64 64 64 64 64 65 65 66 65 65 64 63 61 61 60 60 61 61 63 63 65 65 65
    64 63 62 60 60 58 58 58 58 58 58 59 59 60 60 60 60 61 62 63 64 65 66
    67 67 68 68 68 69 69 70 70 70 70 70 69 68 67 66 65 64 64 64 64 64 65
    65 65 64 64 62 61 60 58 57 57 56 56 56 57 57 57 57 58 59 60 60 61 61
    61 61 61 60 60 60 60 61 61 61 60 60 60 60 60 61 61 62 62 63 64 66 67
    68 70 71 71 71 71 70 69 68 67 65 64 64 64 63 64 64 64 64 64 64 63 62
    60 59 57 57 56 58 59 60 62 63 63 63 63 63 63 63 64 64 65 65 65 65 64
    64 64 64 63 63 63 63 63 63 64 65 66 67 68 68 68 68 67 66 65 64 63 62
    62 62 62 62 63 64 64 66 66 67 67 68 68 68 69 70 70 70 70 69 68 67 66
    65 65 64 62 62 62 62 62 63 63 63 63 63 63 62 62 62 62 63 63 63 64 64
    64 63 63 62 62 61 60 59 59 58 58 59 60 61 63 64 65 65 65 64 64 64 63
    64 64 64 64 63 63 63 63 63 64 65 64 65 64 63 62 61 61 61 61 62 63 63
    64 64 63 63 62 61 60 59 58 58 58 58 58 58 58 59 59 60 60 60 61 62 63
    64 65 66 67 68 69 69 69 70 70 70 71 71 70 70 69 68 66 65 64 63 63 63
    64 64 65 66 66 65 64 63 61 60 58 57 56 56 56 57 57 57 58 58 58 59 60
    61 62 62 63 63 62 62 61 62 62 62 62 62 62 61 61 61 61 61 62 62 63 63
    64 65 67 68 70 72 72 72 72 71 70 69 68 66 65 65 64 64 64 63 64 64 64
    63 63 61 60 58 57 57 57 58 59 61 63 64 65 65 65 64 64 64 64 64 64 64
    64 64 64 64 64 64 64 64 64 65 64 65 66 66 67 68 68 68 68 67 66 65 64
    63 62 62 62 62 63 63 64 64 65 66 66 67 67 67 68 68 69 70 71 71 71 70
    68 67 65 64 63 63 62 62 62 62 63 63 63 63 63 63 63 62 62 62 62 63 63
    64 64 64 64 64 63 63 62 61 60 59 58 58 58 58 59 61 62 63 64 64 64 64
    63 63 63 63 63 63 63 63 63 62 63 63 63 64 63 64 63 63 62 62 62 62 62
    62 63 63 63 63 62 61 61 60 59 59 58 58 58 58 57 57 58 58 59 59 60 60
    61 62 62 64 65 66 68 68 69 69 70 70 70 70 71 70 70 69 68 66 65 64 63
    62 62 63 64 64 65 66 66 66 65 63 61 59 58 57 56 56 56 57 57 58 58 58
    58 59 60 61 62 63 64 64 63 63 62 63 62 63 63 63 63 62 62 62 62 62 62
    62 63 63 64 65 67 69 70 72 72 73 73 72 71 70 69 67 66 66 64 64 64 63
    63 63 64 63 63 61 60 59 57 57 58 59 60 63 64 66 67 67 67 66 66 65 64
    64 64 63 63 63 64 64 64 65 65 65 66 66 66 67 67 68 68 69 69 68 67 66
    65 63 62 62 62 62 62 63 64 64 65 65 66 66 67 67 67 67 68 68 69 70 71
    72 71 70 68 67 65 64 63 62 62 62 62 62 63 63 63 63 63 63 63 62 62 62
    62 63 63 64 64 65 65 65 64 63 62 61 60 59 58 58 58 58 59 61 62 63 63
    64 63 63 63 63 63 63 64 64 64 63 63 62 62 62 63 63 63 63 63 63 62 62
    62 62 62 62 62 62 62 61 61 60 60 59 59 59 58 58 57 57 57 57 57 58 58
    59 60 60 61 62 62 63 65 66 68 69 70 70 70 70 70 70 70 70 69 68 66 65
    64 62 62 61 61 62 63 64 65 66 66 66 65 63 61 59 57 56 56 56 56 57 57
    58 58 58 58 59 60 61 63 64 65 65 64 64 63 63 63 63 63 63 63 63 63 63
    63 63 63 63 63 63 64 65 67 68 70 72 72 73 72 72 71 70 68 67 66 66 65
    64 63 63 63 63 63 62 62 61 60 59 58 58 58 60 62 64 66 67 68 68 68 68
    67 66 65 64 64 63 63 63 63 64 65 65 66 66 66 67 67 68 68 68 69 69 69
    67 66 65 63 62 61 61 62 62 63 64 64 65 66 66 66 67 67 67 68 68 68 69
    70 71 71 72 71 70 68 66 64 63 62 61 63 63 63 63 63 63 64 64 64 63 63
    62 62 61 62 62 63 64 65 65 66 65 65 64 63 61 61 60 59 59 59 59 60 61
    62 63 63 63 63 63 62 63 63 63 64 64 64 63 63 63 62 62 62 62 62 62 62
    62 62 63 63 63 63 62 62 61 61 61 60 59 59 59 58 58 58 58 57 57 57 57
    58 58 59 60 61 61 62 62 62 63 65 66 67 69 70 70 70 70 70 70 70 69 68
    67 65 63 62 61 60 60 60 61 63 64 65 66 66 65 64 62 61 59 57 56 56 56
    57 57 58 58 58 58 58 59 60 62 63 65 65 65 65 64 64 64 63 64 64 64 64
    65 65 65 65 65 64 63 63 63 64 65 67 68 70 72 72 72 72 71 70 69 68 67
    66 65 64 63 63 62 62 62 63 62 62 61 60 59 59 59 60 61 63 65 67 69 70
    70 70 69 68 67 66 65 64 63 63 63 64 65 65 66 66 67 67 67 67 68 69 69
    69 69 68 67 65 64 62 61 60 61 61 62 63 64 65 66 66 67 67 67 67 67 67
    67 68 68 70 71 72 72 72 71 69 67 64 63 62 61 64 64 64 64 64 64 64 64
    64 64 64 63 62 62 62 63 63 65 66 66 67 66 65 64 63 62 61 60 60 59 59
    60 60 61 62 63 63 64 63 63 62 63 63 64 65 65 65 65 65 64 63 63 63 62
    62 62 62 62 62 62 62 62 62 61 61 60 60 59 59 58 58 58 58 58 58 58 57
    57 57 57 58 58 59 61 62 62 62 63 63 63 65 66 67 69 70 70 71 71 70 70
    70 69 67 66 64 62 61 60 59 59 59 60 62 63 64 65 65 64 63 62 60 59 57
    57 56 57 57 58 58 58 57 58 58 59 60 62 63 65 65 66 65 65 64 63 63 63
    64 64 65 65 66 66 66 66 65 64 64 63 64 65 66 68 70 71 72 72 72 71 70
    68 67 66 65 65 63 63 62 62 62 62 62 62 62 61 61 60 60 60 61 62 64 66
    68 69 70 71 71 70 69 68 67 65 65 64 64 64 65 65 66 66 67 67 67 67 67
    68 69 69 69 69 68 66 65 63 62 61 60 61 61 62 63 64 65 66 66 67 67 67
    67 67 67 67 67 68 69 71 72 72 71 70 68 66 63 61 60 60 65 65 65 65 65
    65 65 65 65 65 64 63 62 62 62 63 64 65 66 67 67 66 66 64 63 62 62 61
    61 61 61 61 62 63 63 64 64 64 64 64 63 63 64 64 66 66 67 66 66 65 65
    64 64 63 62 62 62 62 61 62 62 61 61 61 60 59 59 59 58 58 58 58 57 58
    58 58 57 57 57 57 58 58 60 61 62 63 63 63 63 64 64 65 67 68 69 70 71
    71 70 70 69 68 66 64 63 61 59 58 58 58 58 59 61 62 63 63 63 63 62 61
    60 58 57 57 57 57 58 58 58 57 57 57 57 58 59 61 63 64 65 65 65 64 63
    63 63 63 64 64 65 66 67 67 67 67 66 65 64 64 64 65 67 68 70 71 72 71
    71 70 68 67 66 65 64 63 62 62 62 61 62 62 62 62 62 62 62 61 61 61 62
    63 64 66 68 69 70 71 71 71 70 69 68 66 66 65 65 65 66 66 66 67 67 67
    67 67 67 68 68 69 69 69 68 66 65 63 62 61 60 60 61 62 63 64 65 65 66
    66 66 67 67 67 67 67 67 68 69 70 71 72 71 70 67 65 63 61 60 59 67 67
    67 67 67 66 67 66 66 66 65 64 63 63 63 64 64 66 67 68 68 67 66 65 64
    62 62 62 61 61 62 62 62 63 64 64 64 65 64 64 64 64 65 65 67 67 68 68
    68 67 66 66 65 64 63 62 62 61 61 61 61 61 60 60 59 58 58 58 57 57 57
    57 57 58 57 58 57 57 57 57 57 58 60 62 63 64 64 64 64 64 65 66 67 68
    69 70 70 70 70 70 69 67 65 64 62 60 58 58 57 57 58 59 60 61 62 63 62
    62 61 60 59 59 58 58 58 58 58 58 57 56 56 56 56 57 58 60 62 63 64 64
    64 63 62 62 62 62 63 64 65 66 67 67 67 67 66 65 65 64 65 66 67 69 70
    71 71 71 70 68 67 65 64 63 62 62 61 61 61 61 61 62 62 63 63 63 63 63
    63 63 63 64 65 66 67 69 70 70 71 70 70 68 68 67 66 66 66 66 67 67 67
    67 67 67 66 67 67 67 68 68 68 68 67 66 64 63 62 60 60 60 60 61 62 63
    64 65 65 65 65 66 66 65 65 66 66 67 68 70 70 71 70 69 67 65 63 61 60
    59 69 69 68 68 68 67 67 67 67 66 66 65 64 64 63 64 65 66 67 68 68 67
    66 65 64 63 62 62 62 62 63 63 63 64 64 65 65 65 65 65 65 65 66 66 68
    69 69 70 70 69 68 67 66 65 64 63 62 61 61 60 60 60 60 59 59 58 58 57
    57 57 57 57 57 58 58 58 57 57 57 57 58 59 60 62 64 65 65 65 65 65 65
    66 67 68 69 69 70 70 70 69 68 67 65 63 61 59 58 57 57 57 58 58 59 60
    61 62 61 61 61 60 60 59 60 60 60 60 60 59 58 56 55 55 55 56 57 59 61
    62 63 63 63 62 61 61 61 62 63 64 65 66 67 68 68 67 66 66 65 65 65 67
    68 69 70 71 71 70 69 67 66 64 63 62 61 60 60 60 60 61 62 62 63 63 64
    64 64 64 64 64 64 64 64 65 66 68 68 69 69 69 68 68 67 67 67 66 66 67
    67 67 67 67 66 66 66 66 66 66 67 67 67 67 66 65 64 63 61 60 60 59 60
    60 61 62 63 63 64 64 64 65 64 64 64 65 65 66 67 69 69 70 69 68 66 64
    62 61 60 59 71 70 70 69 69 68 68 68 68 67 67 66 65 64 64 65 65 66 67
    68 68 67 66 65 64 63 62 62 63 63 63 63 63 64 64 65 65 65 65 65 65 65
    66 67 68 70 70 71 71 71 70 69 68 66 65 64 62 62 61 60 60 59 59 58 58
    57 57 57 57 57 57 58 58 58 58 58 58 57 57 57 58 59 61 62 64 65 66 66
    66 66 66 67 67 68 69 69 70 70 69 68 67 66 64 62 60 59 58 57 57 57 58
    59 59 60 61 61 61 61 60 60 60 60 61 61 62 61 61 59 58 56 55 54 54 55
    57 58 60 61 62 62 61 61 60 60 60 61 62 64 65 66 67 67 68 67 66 66 66
    66 66 67 69 70 71 71 71 70 69 67 65 63 62 61 60 59 59 60 60 61 62 63
    64 64 65 65 66 65 65 65 64 64 64 65 65 66 67 67 67 67 67 67 67 66 66
    66 67 67 67 67 67 67 66 66 66 66 66 66 67 67 67 67 66 65 64 63 61 60
    59 59 59 59 60 61 62 62 63 63 64 64 63 63 63 64 64 65 67 68 68 68 68
    67 65 64 63 62 61 61 72 72 71 70 70 69 69 68 68 68 67 66 66 65 65 65
    66 66 67 67 67 66 65 64 64 63 63 63 63 63 63 63 63 63 64 64 64 65 65
    65 65 66 67 67 69 70 71 72 72 72 71 70 69 67 66 64 63 62 61 61 60 59
    59 58 58 57 57 57 56 57 57 57 57 58 58 58 58 58 57 57 58 59 61 62 64
    65 66 66 66 66 66 67 68 68 69 69 69 69 68 67 66 65 63 61 60 59 59 58
    58 59 59 60 60 61 61 61 61 61 61 61 61 62 63 64 64 63 62 60 58 56 55
    54 54 55 56 58 59 60 61 61 61 60 60 60 60 61 63 64 65 67 68 68 68 67
    66 66 66 66 67 68 69 70 71 71 71 70 69 67 65 63 61 60 59 59 59 60 61
    62 63 64 64 65 66 66 66 66 65 65 64 64 63 64 64 65 65 65 65 65 65 65
    65 65 65 66 66 66 66 67 66 66 66 66 65 65 66 66 66 66 67 66 65 65 63
    62 61 60 59 58 58 58 59 60 61 62 62 63 63 63 63 62 62 63 63 64 65 67
    67 67 67 66 65 64 63 62 62 62 72 72 71 71 70 69 68 68 68 68 67 67 66
    65 65 65 65 66 66 66 66 66 65 64 63 63 63 62 63 62 63 62 62 63 63 63
    63 64 64 65 65 65 66 67 68 70 71 72 72 72 72 70 69 68 67 65 64 63 62
    61 61 60 60 59 59 58 58 57 57 57 57 58 58 59 59 59 59 58 58 58 59 60
    61 63 64 65 66 67 67 67 67 67 68 68 69 68 68 68 67 66 65 64 62 61 60
    60 59 59 60 60 60 61 61 61 61 61 61 61 61 62 63 64 65 65 66 65 63 61
    59 57 55 54 54 55 56 58 59 60 61 61 60 60 60 60 60 62 63 65 66 67 68
    68 68 67 67 66 67 67 68 69 70 71 72 71 71 70 69 67 65 63 61 60 59 59
    59 61 61 63 64 64 65 66 66 66 66 66 65 65 64 63 63 63 63 63 64 64 64
    63 64 63 64 64 64 64 65 65 65 66 65 66 65 65 65 65 65 66 66 66 66 66
    65 64 62 61 60 59 58 58 58 58 59 59 60 61 62 62 63 62 62 62 61 62 62
    63 64 65 66 66 66 66 65 64 64 64 64 64 72 72 71 70 69 68 68 68 68 68
    67 67 66 66 65 65 65 65 65 65 65 65 64 64 63 63 63 62 62 62 62 62 62
    62 62 62 62 63 64 64 64 65 66 67 68 70 71 72 72 72 72 71 70 68 67 66
    65 64 63 62 61 61 60 60 59 59 58 58 57 57 58 58 59 59 59 60 60 59 59
    60 60 61 62 64 65 66 66 66 66 67 67 68 68 68 68 68 68 67 67 65 64 63
    61 61 60 60 60 60 61 61 62 62 62 62 62 62 62 62 62 63 64 65 67 67 67
    66 64 62 60 57 56 55 55 56 57 58 60 60 61 61 60 60 60 60 61 62 64 66
    67 68 68 68 68 68 67 67 67 68 69 70 71 71 72 72 72 71 69 67 65 64 62
    61 60 60 60 62 62 64 65 65 66 66 66 66 66 66 65 64 63 63 62 62 62 62
    62 62 62 62 62 62 62 62 63 63 63 63 64 64 64 65 65 65 65 65 66 66 66
    66 67 66 65 64 62 61 60 59 58 58 58 58 59 59 60 61 62 62 63 62 62 61
    61 61 62 62 63 64 65 65 65 65 65 65 65 65 65 65 70 70 69 68 68 67 67
    67 67 68 68 67 67 66 65 65 65 64 64 64 64 64 63 63 63 63 63 62 62 62
    62 61 61 61 61 62 62 63 63 64 64 65 66 67 68 69 70 71 72 72 72 71 70
    69 68 67 66 65 64 63 63 62 62 61 61 60 59 58 58 58 58 59 59 60 60 60
    60 60 60 61 61 62 63 64 65 65 66 66 66 67 67 67 68 68 68 68 68 67 66
    64 63 62 61 61 60 61 61 61 62 62 63 63 63 63 63 63 62 63 63 64 66 67
    68 68 68 67 65 63 61 59 57 56 57 57 58 60 61 62 62 62 61 61 61 61 62
    63 65 66 67 68 69 69 68 68 68 68 68 69 69 70 71 71 72 72 72 71 69 68
    66 64 62 61 60 61 61 63 64 65 66 66 66 66 66 66 66 65 64 64 63 62 62
    62 62 62 62 62 62 61 62 61 62 62 62 62 62 62 62 63 64 64 64 65 65 65
    66 66 67 67 67 66 65 64 62 61 60 59 58 58 58 58 58 59 60 61 62 63 63
    63 62 61 61 61 61 62 63 64 64 65 65 65 65 65 66 66 67 67 68 68 67 67
    66 66 66 66 67 68 68 68 67 67 66 65 64 64 63 63 63 62 63 63 63 63 63
    62 62 61 61 60 60 60 60 61 61 62 63 63 64 65 66 67 68 69 70 71 71 72
    72 71 70 69 68 67 66 66 65 64 64 63 62 62 61 60 59 59 58 58 58 59 60
    60 61 61 61 61 61 62 62 63 64 64 65 65 66 66 66 66 66 67 67 68 68 68
    67 66 65 64 63 62 61 61 61 62 62 62 63 63 64 64 64 64 63 63 63 64 64
    65 67 68 69 69 69 67 66 64 61 60 59 58 58 59 60 61 62 62 62 62 62 62
    62 63 63 64 66 67 68 69 69 69 69 68 68 68 69 69 70 70 71 71 72 72 71
    71 70 68 66 65 63 62 61 62 62 64 65 66 67 66 66 66 66 65 65 64 64 63
    62 62 61 62 62 62 62 62 61 61 61 61 61 61 61 61 61 61 61 62 63 64 64
    64 65 65 66 66 67 67 67 67 65 64 62 61 60 59 58 58 58 58 58 59 60 61
    62 63 63 62 62 61 61 61 61 61 62 63 64 65 65 66 66 66 67 67 67 68 65
    65 65 64 64 64 65 65 66 67 68 68 67 67 66 65 63 63 62 62 62 62 62 62
    63 63 63 62 62 61 61 60 60 60 60 61 61 62 63 64 64 65 66 67 68 69 70
    71 71 71 71 70 70 69 68 68 67 66 66 65 65 64 63 63 62 61 60 60 59 59
    59 60 60 61 62 62 62 63 63 63 64 64 64 65 65 65 65 65 64 65 65 65 66
    66 67 67 67 66 65 64 63 62 62 62 62 62 62 63 63 63 64 64 64 64 64 64
    63 64 65 66 67 68 69 69 69 68 66 65 63 61 60 60 60 61 61 62 63 63 63
    63 63 63 63 64 64 65 66 67 68 69 69 69 69 69 69 69 69 70 70 71 71 71
    71 71 71 70 69 68 66 65 63 62 62 63 63 65 66 67 67 67 67 66 66 65 64
    64 63 62 62 62 61 62 62 62 62 62 62 62 62 62 62 62 61 61 61 61 61 62
    62 63 64 65 65 66 67 67 68 68 68 67 66 65 63 62 61 60 59 58 58 58 58
    59 60 61 62 62 63 62 62 62 61 61 61 61 62 63 64 65 66 66 67 67 68 68
    68 68 62 62 62 62 62 63 64 65 66 67 68 69 68 68 66 65 64 63 62 61 61
    61 62 62 63 63 63 63 62 61 61 60 60 60 60 61 61 62 63 64 64 66 66 67
    68 69 70 70 71 71 71 70 69 68 68 67 67 67 66 66 65 65 64 63 63 61 61
    60 60 60 60 61 61 62 63 63 63 64 64 64 64 64 65 65 65 64 64 63 63 63
    63 64 65 66 66 66 66 66 65 64 63 63 63 63 63 63 63 63 63 63 63 64 64
    64 64 64 64 64 65 66 67 68 69 69 68 67 66 65 64 62 62 61 62 62 62 63
    63 64 64 64 64 64 64 64 65 65 66 67 67 68 68 68 68 68 69 69 69 70 70
    70 71 71 71 70 70 70 69 68 66 65 63 63 62 63 64 65 66 67 68 67 67 66
    66 65 64 63 62 62 61 61 61 62 62 63 63 63 63 62 63 63 63 63 62 62 61
    61 61 62 63 64 64 65 66 66 67 68 69 69 68 68 66 65 64 63 62 61 60 59
    59 58 58 59 60 60 61 62 62 62 62 62 61 61 61 62 63 64 65 66 67 67 68
    68 68 69 69 69 60 61 61 61 61 62 63 65 66 68 68 69 68 68 66 65 63 62
    61 61 61 61 62 62 63 63 63 63 63 62 61 60 60 60 61 61 62 63 64 65 65
    66 67 68 68 69 69 70 70 70 70 69 69 68 68 67 66 66 66 66 65 65 64 64
    63 62 61 60 60 60 61 61 62 63 63 64 64 65 64 65 65 65 64 64 63 62 62
    61 61 61 61 62 63 64 65 65 65 65 65 64 64 63 63 64 64 64 64 64 63 63
    63 64 64 64 64 64 64 64 65 66 67 68 69 69 69 68 67 66 65 64 64 63 63
    63 63 64 64 64 64 64 64 64 64 65 66 66 67 67 67 67 67 67 68 68 68 69
    69 70 70 70 70 70 70 69 69 68 68 67 66 64 63 63 63 64 64 66 67 68 68
    68 68 67 66 65 64 63 62 61 61 61 62 63 63 64 64 64 64 64 64 64 64 64
    63 63 62 62 62 62 63 64 65 66 66 67 68 68 69 69 68 67 66 65 64 63 62
    61 60 59 59 58 58 58 59 60 61 61 62 62 62 62 62 62 62 62 63 64 66 67
    68 68 69 69 69 69 69 69 59 59 60 60 61 62 63 65 66 68 68 69 68 67 66
    65 63 62 62 61 61 61 62 63 63 64 64 63 63 62 61 60 60 60 61 62 62 63
    64 65 65 66 66 67 68 68 68 69 69 69 69 68 68 67 67 66 66 66 65 66 65
    65 64 64 63 62 62 61 61 61 62 62 63 64 65 65 65 65 65 65 65 65 64 63
    62 61 60 59 59 59 59 60 61 62 63 64 64 64 64 64 64 64 64 64 65 64 64
    64 63 63 63 64 64 64 64 64 64 65 65 66 67 67 68 68 68 68 68 67 67 66
    66 65 65 65 64 64 64 64 64 64 64 64 64 65 65 65 66 65 66 66 66 66 66
    67 67 68 68 69 69 69 69 69 69 68 68 67 66 66 65 64 63 63 63 64 64 66
    67 68 68 68 68 67 66 65 64 62 62 61 61 62 62 64 64 65 65 65 65 65 65
    65 65 65 65 64 64 63 63 63 63 64 65 66 67 68 69 69 69 69 68 67 66 65
    64 64 63 62 61 60 59 58 58 58 58 59 60 61 61 62 62 63 63 63 63 63 64
    65 66 67 68 69 69 69 69 69 69 69 60 60 60 61 62 63 64 66 67 68 68 68
    68 67 66 64 63 63 62 62 62 62 63 63 64 64 64 64 63 62 61 61 61 61 61
    62 63 64 65 65 65 66 66 66 67 67 67 67 67 67 67 66 66 65 65 65 65 65
    65 65 65 65 64 64 63 62 62 61 62 62 63 63 64 65 66 66 66 66 66 66 65
    65 64 63 61 60 58 57 57 57 57 58 59 60 61 62 62 63 63 63 63 63 64 64
    65 65 64 64 63 63 63 64 64 65 65 65 65 65 65 65 66 67 67 68 68 68 68
    68 68 67 67 66 66 65 64 64 64 64 63 63 63 64 64 64 65 65 65 65 64 64
    64 65 65 65 66 66 67 67 68 68 68 68 67 67 67 66 66 65 64 64 63 63 63
    64 64 66 66 67 68 68 68 67 67 65 64 63 62 61 61 62 63 64 65 66 66 66
    65 65 66 66 66 67 66 65 65 64 63 63 64 64 65 67 67 68 69 69 69 68 68
    67 66 65 65 64 63 63 61 60 59 58 57 57 58 58 59 60 61 62 63 63 64 64
    64 64 65 66 67 67 69 69 69 69 69 69 69 69 60 60 61 62 63 64 65 66 67
    68 68 68 67 66 65 64 63 63 63 63 63 63 64 64 64 65 64 64 63 62 62 61
    61 61 62 63 63 64 64 65 65 65 65 65 65 65 65 66 66 66 66 65 65 64 64
    64 64 64 64 65 65 65 64 64 64 63 63 62 63 63 64 65 65 66 66 67 67 67
    66 66 65 65 63 62 60 58 57 56 55 56 56 57 58 59 60 61 61 61 62 62 62
    63 64 64 65 65 64 64 63 63 64 64 65 66 66 65 65 65 65 65 65 66 66 67
    68 68 69 69 69 68 68 67 66 65 64 64 63 63 63 63 63 63 63 63 64 64 64
    63 63 63 63 63 63 64 64 65 65 66 66 66 66 66 66 66 65 65 64 64 63 63
    63 62 62 63 63 65 65 67 67 68 68 68 67 65 64 63 62 62 62 63 64 65 66
    66 66 66 66 66 66 67 67 67 67 66 66 65 64 64 64 65 66 67 68 68 69 69
    69 68 67 66 65 65 64 64 63 63 61 60 59 58 57 57 57 57 58 59 61 62 63
    64 65 65 65 65 66 66 67 67 68 69 69 69 69 69 68 68 62 62 63 63 64 65
    66 67 68 68 68 67 66 65 64 64 63 63 64 64 64 64 65 65 65 65 64 64 63
    62 62 61 61 62 62 63 63 64 64 64 64 64 63 63 63 64 64 64 64 64 64 64
    64 63 63 63 63 64 64 65 64 65 64 64 64 63 63 63 63 64 65 65 66 67 67
    67 67 67 66 66 66 65 63 62 60 58 56 55 55 54 55 56 57 58 58 59 60 60
    60 61 61 62 63 64 64 64 64 63 63 64 64 65 66 66 66 66 66 65 65 65 65
    65 65 66 67 68 69 69 69 69 68 67 66 65 64 64 63 63 62 62 62 62 62 62
    63 63 63 62 62 62 62 62 62 63 63 63 63 64 64 65 65 65 65 65 64 64 64
    63 63 63 62 62 62 62 62 63 64 65 66 67 68 68 67 66 65 64 63 63 63 64
    65 66 66 67 67 66 66 66 66 67 67 68 67 67 66 65 64 63 64 64 65 66 67
    68 69 69 68 67 67 65 65 64 64 64 63 62 61 60 59 58 57 57 57 57 58 59
    60 62 63 65 65 66 66 66 66 66 67 67 68 68 68 68 68 68 67 67 63 63 64
    64 65 66 67 68 68 68 68 67 66 65 64 63 63 64 65 65 66 66 66 65 65 65
    64 63 63 62 62 62 62 62 62 63 63 64 64 64 63 63 62 62 62 62 63 63 63
    63 63 63 63 63 63 63 63 64 64 65 65 65 65 65 64 64 64 64 64 65 66 66
    67 67 67 67 67 67 67 66 66 65 63 62 60 58 56 55 54 54 55 55 56 57 58
    58 59 59 59 60 60 61 62 63 63 63 63 63 63 64 64 65 66 66 66 66 66 65
    65 64 64 64 64 65 66 67 68 69 69 68 68 66 66 65 64 64 63 63 62 62 62
    61 61 61 61 61 62 61 62 61 61 62 61 62 62 62 62 62 63 63 63 64 64 64
    63 63 63 63 62 62 62 61 61 61 61 62 63 64 66 67 68 68 68 67 66 65 64
    64 64 65 66 66 67 67 67 66 66 66 66 67 67 68 67 67 66 64 63 63 63 63
    64 65 66 67 67 68 67 66 65 64 64 64 63 63 63 62 61 60 58 57 57 56 56
    57 57 59 60 62 63 65 66 66 67 66 66 66 66 66 67 67 67 67 67 67 66 67
    65 65 65 66 67 67 68 69 69 69 68 67 66 65 64 63 64 64 66 66 67 67 67
    66 65 65 64 63 63 62 62 62 62 62 62 63 63 64 63 63 63 62 62 61 61 61
    62 62 62 62 62 62 62 62 62 63 63 64 64 65 65 65 65 65 65 65 65 65 65
    66 66 66 67 67 67 67 67 67 66 66 66 65 64 62 60 59 57 56 55 55 55 56
    57 57 58 58 58 58 59 59 60 60 61 62 62 62 62 63 63 63 64 65 66 66 67
    66 66 65 65 64 64 64 63 64 65 66 67 68 68 67 67 66 65 64 64 64 63 63
    63 62 62 61 61 61 61 61 61 61 61 61 61 62 61 61 61 61 61 61 61 61 62
    62 63 63 63 63 63 63 63 62 62 61 60 60 60 61 61 63 65 66 68 69 69 68
    68 66 65 65 65 65 66 67 67 67 66 66 65 65 65 66 66 66 66 65 64 63 62
    62 62 62 62 63 64 65 66 66 66 65 65 64 63 63 63 63 63 62 61 59 58 58
    57 57 57 57 57 58 60 61 63 64 65 66 66 66 66 65 65 65 65 66 66 66 66
    66 66 66 65 65 66 66 67 68 68 69 69 69 68 67 66 65 64 64 64 65 66 67
    68 68 68 66 65 64 63 62 62 62 62 61 62 62 62 63 63 63 63 63 62 62 61
    61 61 61 61 61 61 61 62 62 62 62 63 63 64 64 65 65 65 65 65 65 65 65
    65 65 65 66 66 66 66 67 67 67 66 66 66 66 66 65 64 63 61 59 58 56 56
    56 56 56 57 58 58 58 59 58 59 59 59 60 61 61 62 62 62 62 63 63 64 64
    65 65 66 65 65 65 64 63 63 63 63 63 64 65 66 66 66 66 65 64 64 63 64
    64 64 64 63 63 62 61 61 60 60 60 61 61 61 61 62 62 61 61 61 60 60 60
    60 60 61 61 62 62 62 62 63 63 62 62 61 61 60 59 59 60 61 63 64 66 68
    69 70 70 69 68 67 66 66 66 67 67 67 66 66 65 65 64 64 65 65 65 65 64
    63 62 61 61 60 60 61 62 63 64 65 65 65 64 64 63 62 62 62 62 62 61 60
    59 58 58 57 57 57 57 57 58 59 60 62 63 64 65 65 65 65 64 64 64 64 64
    65 65 65 65 65 65 66 66 66 67 68 68 69 69 69 69 69 68 66 65 64 64 65
    66 67 68 69 69 68 66 65 64 63 62 62 61 61 61 61 61 61 62 62 62 62 62
    62 61 61 60 61 61 61 61 61 61 61 61 62 62 63 63 64 64 65 65 65 65 65
    65 65 65 65 65 65 65 65 66 66 66 66 66 66 67 67 67 67 66 65 64 62 61
    59 58 57 57 57 58 58 59 59 59 59 59 59 59 60 60 61 61 61 62 61 62 62
    62 63 64 64 65 65 65 65 64 64 63 63 63 62 63 63 64 65 65 65 65 64 64
    64 64 64 65 65 65 65 64 63 62 61 60 60 60 60 61 61 62 62 62 62 61 61
    60 60 59 59 59 60 60 60 61 62 62 63 63 63 62 62 61 60 59 59 59 60 62
    64 66 68 70 71 71 70 69 68 67 67 67 67 67 67 66 65 64 64 63 63 63 63
    64 63 63 62 61 60 60 59 59 60 60 61 62 63 63 63 63 62 62 62 62 62 62
    62 61 60 60 59 58 58 58 57 57 57 58 58 59 61 62 63 63 63 63 63 63 63
    63 63 64 64 64 65 65 65 65 66 66 67 67 68 68 69 69 70 70 69 68 67 66
    65 65 65 66 68 69 69 69 68 66 65 63 62 61 61 61 61 61 61 61 61 61 61
    62 62 62 62 61 61 61 61 61 61 61 61 61 61 61 62 62 63 64 64 64 65 65
    65 65 65 65 65 65 65 65 65 65 65 64 65 65 65 66 66 66 67 67 67 67 66
    65 64 62 61 60 59 59 59 59 60 60 60 60 60 60 60 60 60 61 61 61 61 61
    61 61 61 62 62 63 63 63 64 64 64 64 63 63 62 62 62 62 63 63 63 64 64
    63 63 63 63 64 65 65 66 66 66 65 64 63 62 61 60 60 61 61 61 62 62 62
    62 61 60 60 59 58 58 58 58 59 59 60 61 61 62 63 63 63 62 61 60 60 59
    60 61 62 64 66 69 70 71 72 71 70 69 68 68 67 67 66 66 65 65 64 63 62
    62 62 61 62 61 61 60 59 59 58 58 58 59 59 60 61 62 62 62 62 62 61 61
    61 62 61 61 61 61 60 59 59 59 59 58 58 58 58 58 59 59 60 61 61 62 62
    62 62 62 62 63 63 63 64 64 65 65 65 66 66 66 67 67 68 69 69 70 70 70
    69 68 66 65 65 66 67 68 69 69 69 68 66 64 62 62 61 61 61 61 61 61 61
    60 61 61 61 61 62 62 61 61 61 61 61 61 61 61 61 61 61 62 63 64 64 64
    64 64 64 64 64 64 64 64 64 64 64 64 64 64 64 64 64 64 65 66 67 67 68
    68 68 67 66 65 64 62 61 61 60 60 61 62 62 62 62 61 61 61 61 61 61 62
    62 62 62 61 61 61 61 61 62 62 63 63 63 63 63 63 62 62 62 61 61 62 62
    62 63 63 63 63 63 64 65 66 67 67 68 67 66 65 64 63 62 61 61 61 61 62
    62 62 62 62 61 61 60 59 58 58 57 57 58 58 59 60 61 62 63 63 63 63 62
    61 60 60 60 61 63 65 67 69 70 71 72 71 71 70 69 68 67 66 66 65 65 64
    63 62 61 61 60 60 60 60 60 59 58 58 58 58 57 58 59 60 61 61 61 61 61
    61 61 61 61 61 61 61 61 61 60 60 60 60 60 60 59 59 58 58 58 58 59 59
    60 60 60 60 61 61 61 62 62 63 64 64 65 65 65 65 66 66 66 67 67 68 69
    70 70 70 69 68 67 66 66 66 67 68 69 68 68 67 65 64 62 61 60 61 61 61
    61 61 61 60 61 61 61 61 62 62 61 61 61 61 61 61 61 60 61 61 61 62 63
    64 64 64 64 64 63 63 63 63 63 64 64 64 63 63 63 63 63 63 63 64 65 66
    67 68 69 69 69 68 67 66 65 64 63 62 62 62 62 63 62 63 62 62 61 61 61
    62 62 62 62 62 62 61 61 60 60 61 61 62 62 62 62 62 62 62 62 62 62 61
    61 61 61 61 62 62 62 63 64 65 66 67 68 68 68 68 67 66 65 64 63 62 62
    62 62 62 62 62 62 61 61 60 59 58 57 57 56 56 56 57 58 59 61 62 63 64
    64 64 63 62 62 61 62 62 64 66 68 69 71 72 72 72 71 70 69 68 67 66 65
    65 64 63 62 62 61 60 60 59 59 59 59 58 58 57 57 57 57 58 59 60 61 61
    61 61 61 61 61 61 61 61 61 61 61 61 61 61 62 62 62 61 60 59 58 58 57
    57 58 58 58 59 59 59 60 60 61 62 62 63 63 64 64 64 65 64 64 65 65 66
    67 68 69 69 70 69 69 68 67 66 66 66 66 67 68 68 67 66 65 63 61 61 60
    60 61 61 61 61 61 61 61 61 61 61 62 61 61 61 61 61 61 61 61 60 61 61
    61 62 63 64 64 64 64 63 63 62 63 63 63 63 63 64 63 63 62 62 62 62 63
    64 65 67 68 69 70 70 70 69 69 67 66 65 65 64 64 64 64 65 64 64 63 63
    62 62 62 62 63 63 63 63 62 61 61 60 60 60 61 61 61 62 62 62 62 62 62
    61 61 61 61 60 61 61 61 62 62 64 65 66 68 69 69 70 69 69 68 67 66 65
    64 63 62 62 62 62 62 62 61 61 60 59 58 57 56 56 55 55 56 56 57 58 60
    61 63 64 64 64 64 63 62 62 62 63 64 66 68 70 71 72 72 72 71 70 69 68
    67 66 65 64 64 63 62 61 60 59 59 59 59 58 58 58 57 57 57 57 58 59 60
    60 61 61 61 61 61 61 61 61 61 61 61 61 61 62 62 62 63 63 63 62 61 60
    59 58 57 57 57 57 58 58 59 59 59 60 61 62 62 63 63 64 64 64 64 63 63
    64 64 65 66 67 68 69 69 69 68 67 66 65 65 65 65 66 67 66 66 65 64 62
    61 61 60 61 61 62 62 62 62 61 61 61 61 61 62 62 61 61 61 61 61 61 61
    60 61 61 61 62 63 64 64 64 63 63 63 62 63 63 63 63 63 64 63 63 62 62
    62 62 63 64 65 67 68 69 70 71 71 70 70 69 68 67 66 66 66 66 66 66 65
    65 64 63 62 62 62 62 63 63 63 62 62 61 61 60 60 60 61 61 61 62 61 62
    62 61 61 61 61 60 60 60 60 60 60 61 63 64 66 67 69 70 70 70 70 70 69
    68 67 66 64 64 63 62 62 61 61 61 60 60 59 59 57 57 56 55 55 54 55 55
    57 58 60 62 63 65 65 65 65 64 63 63 63 64 65 67 68 70 71 72 72 72 72
    71 70 68 67 66 65 64 63 62 61 61 60 60 59 59 59 58 58 58 57 57 57 58
    58 59 60 61 62 62 62 62 62 61 61 61 61 61 61 61 61 62 63 64 64 65 64
    63 62 61 59 58 57 57 57 57 57 58 58 58 59 60 61 61 62 62 63 63 63 63
    63 62 62 63 63 64 65 66 67 68 68 68 67 66 65 64 64 64 64 65 66 65 65
    64 63 62 61 61 60 61 62 63 63 63 63 62 62 62 62 62 62 62 61 61 61 61
    60 60 60 60 61 61 62 63 63 64 64 64 63 63 63 62 62 63 63 63 63 64 63
    63 63 62 62 63 63 64 66 67 68 69 70 71 71 70 70 69 69 68 68 68 68 68
    67 67 66 66 65 64 63 62 62 62 63 63 63 63 62 62 61 61 61 61 61 61 61
    62 61 61 61 61 61 60 60 60 59 59 59 59 60 61 63 65 67 68 69 70 70 70
    70 69 69 68 67 66 65 64 63 62 62 61 60 60 59 58 58 58 57 56 55 55 55
    54 55 55 57 58 60 61 63 65 65 66 65 65 64 64 64 65 66 68 69 71 72 72
    72 72 72 71 70 69 67 66 65 64 63 62 61 61 60 60 60 60 60 59 59 58 58
    58 58 59 59 61 62 62 63 63 63 62 62 62 61 61 61 61 61 61 61 62 63 64
    65 65 65 64 63 61 59 58 58 57 57 58 58 58 59 59 59 60 61 62 62 63 63
    63 63 63 63 61 61 62 62 63 65 66 66 67 67 66 66 65 64 63 62 62 63 63
    64 64 64 64 63 61 61 61 61 62 63 64 64 64 64 64 63 63 63 62 62 62 61
    61 61 60 60 60 60 60 60 61 62 63 63 64 64 64 63 63 63 62 63 63 63 64
    64 64 64 64 64 63 63 63 64 64 66 67 68 69 70 71 71 71 71 70 70 69 69
    69 69 69 68 68 67 66 65 64 63 62 62 62 62 62 63 62 62 62 61 61 61 61
    62 62 62 62 61 61 61 61 60 60 59 59 58 58 58 58 59 61 63 65 67 68 69
    70 70 70 70 69 69 68 67 66 65 64 63 62 61 60 59 58 58 57 57 57 56 56
    55 55 54 54 55 55 57 58 60 62 64 65 66 66 66 66 65 64 65 65 67 68 70
    71 72 72 72 72 72 71 70 69 68 66 65 63 62 62 61 60 60 60 60 61 61 60
    60 59 59 58 59 59 60 61 62 63 63 63 63 63 62 62 62 62 61 62 61 62 62
    63 64 65 65 66 65 64 63 61 60 59 58 58 58 58 58 58 59 59 59 60 61 62
    62 63 63 63 63 62 62 60 60 61 62 63 64 65 66 66 66 65 64 63 62 62 61
    61 62 62 63 64 64 63 62 62 61 61 61 62 63 64 65 65 65 65 64 64 64 63
    63 62 61 61 60 60 59 59 59 59 60 61 61 62 63 63 63 63 63 63 63 63 63
    63 64 64 65 65 65 65 65 64 64 64 64 64 65 67 68 68 69 70 70 70 70 70
    70 70 70 70 70 69 69 68 67 66 65 64 63 62 62 62 62 62 62 62 62 62 62
    62 62 62 62 62 62 62 61 61 61 60 59 59 58 58 57 57 57 57 58 60 62 64
    66 67 69 69 69 69 69 68 68 68 67 66 65 64 63 62 61 59 58 57 56 56 56
    56 55 55 55 55 55 55 55 56 57 58 60 62 64 65 66 67 66 66 65 65 65 66
    67 69 70 71 72 73 73 72 72 71 70 69 67 66 64 63 62 61 60 60 60 61 61
    62 62 62 61 61 60 60 60 61 62 63 63 64 64 64 64 63 63 63 62 62 62 62
    61 62 62 63 64 65 65 66 65 64 63 62 60 59 59 59 59 59 59 59 59 59 60
    61 61 62 63 63 63 63 63 62 62 60 60 61 62 63 64 65 65 65 65 64 63 62
    61 60 60 60 61 61 62 63 63 63 62 61 61 61 61 63 64 65 66 66 66 66 65
    65 64 63 63 62 61 60 60 59 59 59 59 59 59 60 60 61 62 62 63 63 63 63
    63 63 64 64 65 65 66 67 66 66 66 65 65 64 65 64 65 66 67 68 68 69 69
    69 70 70 70 70 70 70 70 70 69 69 68 67 66 65 64 63 62 62 62 62 62 61
    61 62 62 62 63 63 63 63 63 63 62 62 61 60 59 58 57 57 56 56 56 57 58
    60 62 64 66 67 68 68 69 68 68 68 67 67 66 66 65 64 63 62 60 59 57 56
    55 55 55 55 55 55 55 55 55 55 56 56 58 59 61 62 64 65 66 67 67 66 66
    66 66 66 68 69 71 72 72 73 73 73 72 71 70 68 67 65 64 62 61 60 60 60
    60 61 62 62 63 63 63 63 62 62 62 62 63 63 64 64 64 64 64 63 63 63 62
    62 62 62 62 62 62 63 64 64 65 66 65 64 63 62 61 60 60 60 60 60 60 60
    60 60 60 61 62 63 64 64 64 63 63 62 62 59 60 60 61 63 64 64 64 64 64
    63 62 61 61 60 60 60 61 61 62 63 63 63 62 61 61 61 61 63 64 65 66 66
    66 66 65 65 64 64 63 62 61 60 59 58 58 58 58 58 58 59 59 60 61 62 62
    62 63 63 63 63 64 65 65 66 66 67 67 67 67 66 65 65 65 65 65 66 66 67
    67 68 68 68 68 69 69 69 69 69 69 69 68 68 67 67 66 65 64 63 63 62 62
    61 61 61 61 62 62 63 64 64 64 64 63 63 62 62 61 60 59 58 57 56 55 55
    55 56 57 59 61 63 65 66 67 67 68 67 67 67 67 66 66 65 65 64 63 61 60
    58 57 56 55 54 54 54 54 55 55 55 56 56 57 57 59 59 61 62 64 65 66 67
    67 67 67 66 66 67 68 69 71 72 73 73 73 72 71 71 70 68 66 65 63 61 61
    60 59 60 61 61 62 63 64 65 64 64 64 64 64 64 64 65 65 65 65 64 64 64
    63 63 63 63 63 63 63 63 63 63 64 64 65 65 65 64 63 62 61 61 61 61 62
    62 62 62 61 61 61 62 63 64 64 64 64 64 63 63 63 60 60 61 62 63 64 64
    64 64 63 63 62 61 61 60 60 60 61 61 62 62 62 62 62 61 61 61 61 63 64
    65 66 66 66 66 66 65 65 64 63 62 61 60 59 58 57 57 57 57 57 57 58 59
    60 60 61 62 62 63 63 63 64 65 66 67 67 68 68 68 68 67 66 66 65 65 65
    65 66 66 66 67 67 67 67 67 68 68 68 69 69 69 68 68 68 67 66 66 65 64
    63 63 62 61 61 61 61 62 63 64 65 65 66 65 65 64 63 63 61 60 59 58 56
    55 54 54 54 55 56 58 60 62 64 65 66 66 67 67 67 67 66 66 65 65 64 64
    63 62 60 58 57 56 55 54 54 54 54 55 55 56 56 57 58 58 59 60 61 62 63
    64 66 67 67 67 67 67 67 68 69 70 71 72 73 73 73 72 71 70 69 67 66 64
    62 61 60 60 60 60 61 62 63 64 65 65 65 66 65 65 65 65 65 65 65 65 65
    64 64 63 63 63 63 63 63 63 63 63 63 63 64 64 65 65 65 64 64 63 62 62
    62 63 63 63 63 63 62 62 62 63 64 64 65 65 65 64 64 63 63 60 61 61 62
    63 64 64 64 64 63 63 62 61 61 61 61 61 61 61 62 62 62 62 61 61 61 61
    61 62 63 64 65 66 66 66 65 65 65 64 64 63 61 60 59 58 57 56 56 55 55
    56 56 58 58 59 60 61 62 62 63 63 64 65 66 67 67 68 68 68 68 67 67 66
    66 65 65 65 65 65 66 66 66 66 66 66 66 66 67 67 67 67 67 67 67 67 66
    66 65 64 63 63 62 61 61 61 62 63 64 65 66 66 66 66 65 65 64 63 62 61
    60 58 57 56 54 54 54 54 56 58 60 62 63 64 66 66 66 66 66 66 65 65 64
    64 63 63 62 61 60 58 57 56 55 54 54 54 54 55 55 56 57 58 58 59 59 60
    60 61 62 64 65 66 67 68 68 68 68 68 69 70 71 72 72 72 72 72 71 70 69
    67 65 64 62 61 60 60 60 61 62 62 63 64 65 66 66 66 66 66 66 65 65 66
    66 65 65 64 64 64 63 63 63 63 63 64 63 63 63 63 64 64 64 64 64 64 64
    63 63 63 63 64 65 65 65 65 64 64 64 64 64 65 65 66 66 65 65 64 64 61
    62 62 63 64 64 64 64 64 63 63 62 62 62 61 61 61 61 61 61 61 61 61 61
    60 60 60 61 62 62 63 64 65 65 65 65 65 65 64 64 63 61 60 59 57 56 55
    55 54 54 55 55 57 58 59 60 61 62 62 63 63 64 65 66 67 67 68 68 69 68
    68 67 66 66 65 65 65 65 65 65 65 65 65 65 64 65 65 65 65 66 66 67 67
    67 67 67 66 66 65 64 63 63 62 62 62 63 64 65 66 67 68 68 67 66 66 65
    64 63 62 60 59 57 56 55 54 54 55 56 58 60 61 63 64 65 65 66 66 66 66
    65 65 64 64 63 63 62 62 61 59 58 57 56 55 55 55 55 56 56 57 58 59 59
    59 60 59 60 60 61 62 64 65 67 68 68 68 68 69 69 70 71 71 72 72 72 71
    70 69 68 67 65 64 62 61 61 61 61 62 62 63 64 65 66 66 67 67 67 66 66
    66 66 66 66 65 65 64 64 64 63 63 63 64 64 64 64 64 64 64 64 64 64 64
    64 64 64 63 63 64 64 65 66 66 66 66 66 65 65 65 65 66 66 67 66 66 66
    65 66 63 63 63 64 64 64 65 64 64 63 63 63 62 62 62 62 61 61 60 60 60
    60 60 60 60 60 60 60 61 62 63 63 64 64 64 64 65 65 64 64 63 62 61 59
    58 56 55 54 53 53 53 54 56 57 59 60 61 62 62 63 63 63 64 65 66 67 68
    68 68 68 68 67 66 66 65 65 65 65 65 65 65 64 64 64 63 63 63 63 64 64
    65 65 66 66 66 66 66 65 65 64 63 63 62 62 63 63 65 66 67 68 68 68 68
    67 66 65 65 64 63 62 60 58 57 56 55 55 55 56 58 60 61 62 63 64 64 65
    65 65 65 64 64 62 62 62 62 62 61 61 59 59 57 57 56 55 55 55 56 57 58
    59 59 60 60 59 59 58 58 59 61 62 64 66 67 68 68 68 69 69 69 70 70 71
    71 70 70 70 69 68 66 65 64 62 62 62 62 63 63 64 64 65 65 66 66 67 67
    66 66 66 66 65 66 66 65 65 65 65 64 64 63 63 64 64 65 65 65 65 64 64
    64 64 64 64 63 63 63 63 64 65 66 66 67 67 67 67 66 66 66 66 66 66 67
    67 67 67 67 67 64 64 65 65 65 65 65 64 64 63 63 63 62 62 62 61 61 60
    59 59 59 59 59 59 59 59 60 60 61 62 62 63 63 64 64 64 65 65 65 65 64
    63 62 60 58 56 55 53 52 52 53 54 55 57 59 60 61 62 62 62 62 62 63 64
    64 66 66 67 67 67 67 67 66 66 65 65 64 64 64 64 64 64 63 63 62 62 62
    62 62 63 64 65 66 66 66 66 65 65 64 63 63 63 63 63 64 65 66 67 68 69
    69 69 68 67 66 66 65 64 64 62 61 60 58 57 56 56 56 57 58 60 61 62 63
    64 64 64 65 65 64 63 63 62 62 62 62 62 62 61 60 59 58 57 57 56 56 56
    57 58 59 59 60 60 60 59 58 57 57 58 59 61 63 65 66 67 68 68 68 68 69
    69 69 69 69 69 69 69 68 67 66 64 63 62 62 63 63 64 64 65 65 65 65 66
    66 66 67 66 66 65 65 65 65 65 65 66 65 65 64 64 64 64 64 64 65 65 65
    65 65 64 64 64 63 63 63 63 63 63 64 65 66 67 67 68 68 67 67 66 66 66
    67 67 68 68 68 69 69 69 65 66 66 66 66 66 66 65 64 63 63 62 62 61 61
    60 60 59 58 58 57 57 57 58 58 59 60 61 61 62 62 63 63 63 63 64 64 65
    65 65 65 64 63 61 59 56 55 53 52 52 52 53 55 57 59 61 62 63 63 62 62
    62 62 63 63 64 65 66 66 67 67 66 66 66 65 64 64 64 64 64 64 64 63 62
    61 61 60 60 61 62 63 64 65 65 66 65 64 64 63 62 62 62 63 63 64 65 66
    67 69 69 69 69 68 68 67 66 66 65 64 63 62 61 60 58 58 57 57 57 58 59
    60 61 62 63 63 63 64 64 63 63 62 61 62 62 62 62 62 62 61 60 59 58 58
    57 57 57 58 58 59 60 61 61 60 59 58 57 56 57 58 60 62 64 66 67 67 68
    68 67 67 67 67 68 68 68 68 67 67 66 65 64 63 63 63 63 64 65 65 66 66
    66 66 66 66 66 66 65 65 65 65 64 65 65 65 66 65 66 65 65 65 65 65 65
    66 66 67 66 66 65 64 64 63 63 63 63 63 63 64 64 65 66 67 68 67 67 67
    66 66 66 67 67 68 69 70 70 70 71 66 67 67 67 67 67 66 65 65 63 62 61
    61 60 60 60 59 58 58 57 57 57 57 58 58 59 60 61 62 62 63 63 63 63 63
    63 64 64 65 65 65 65 64 62 59 57 54 53 52 51 52 53 56 58 60 62 63 63
    63 62 61 61 61 61 62 63 63 64 65 65 66 66 66 65 65 64 64 64 64 64 64
    63 62 62 60 60 60 60 61 62 63 64 65 65 65 64 63 62 61 61 61 61 62 63
    64 65 67 67 68 69 69 69 68 67 67 66 66 65 65 64 63 62 62 60 60 59 58
    58 59 59 60 61 61 62 62 62 63 62 62 62 62 61 61 62 62 63 63 63 62 61
    60 59 58 58 57 58 58 59 60 61 61 61 60 59 58 57 56 56 57 59 61 63 65
    66 66 67 67 67 66 66 66 66 66 66 66 66 65 65 64 63 62 62 62 63 64 65
    66 66 66 66 66 66 65 65 66 65 65 64 64 64 64 65 65 66 66 66 66 66 65
    65 66 66 67 67 68 67 66 66 64 64 63 63 62 62 62 62 63 63 64 65 66 67
    67 67 66 66 66 66 67 68 69 70 71 71 71 72 67 67 67 67 67 67 67 66 65
    63 62 60 60 59 58 58 58 58 57 57 56 56 57 57 58 60 61 62 63 63 63 63
    63 62 62 63 63 64 65 66 66 65 64 62 60 57 55 53 52 52 52 54 56 58 61
    63 64 64 64 63 62 62 61 61 61 62 62 63 64 65 65 66 66 65 65 65 65 64
    64 64 64 64 63 62 61 60 60 60 61 62 63 64 65 65 64 63 61 60 59 59 59
    59 60 62 63 64 66 67 68 68 68 68 68 67 67 66 66 65 65 65 64 64 63 62
    62 60 60 59 59 59 59 60 60 61 61 61 62 62 62 61 61 61 62 63 63 64 64
    64 63 62 61 59 59 58 58 58 59 59 60 61 62 62 61 60 59 58 57 57 58 59
    61 63 64 65 65 66 66 65 65 65 65 65 65 65 64 64 64 63 62 61 61 61 62
    63 64 65 66 67 66 66 65 65 65 65 65 65 65 64 64 64 65 65 65 66 66 67
    66 66 66 66 66 66 68 68 68 68 67 66 65 64 63 63 62 62 62 61 62 62 63
    64 65 65 65 65 65 65 65 66 67 68 69 70 71 72 72 73 66 66 66 67 67 67
    67 66 65 63 61 59 58 57 57 57 57 57 57 57 57 57 57 58 59 61 62 63 64
    64 64 63 63 62 62 62 63 63 64 66 66 66 65 63 60 58 55 53 52 52 53 54
    57 59 61 63 64 64 64 63 62 61 61 60 60 61 61 62 63 64 65 65 66 66 66
    65 65 65 65 65 65 64 63 62 61 61 60 61 62 63 64 65 65 64 63 62 60 58
    57 57 57 57 59 60 62 63 65 66 67 68 68 68 68 67 67 66 66 65 65 65 65
    65 65 64 63 62 61 60 59 59 59 60 60 60 61 61 61 61 61 61 61 62 62 64
    64 65 66 65 64 63 62 60 59 58 58 58 58 59 60 61 62 62 62 61 60 59 58
    58 59 60 62 63 64 65 65 65 65 64 64 64 63 63 63 63 63 62 62 61 60 60
    60 60 61 62 64 65 66 66 66 65 65 64 64 64 64 64 65 64 64 64 65 65 66
    66 67 67 66 66 66 66 67 67 68 69 69 69 68 67 66 65 64 63 62 62 61 61
    61 61 62 62 63 64 64 64 64 64 65 65 66 68 69 70 71 72 72 73 65 65 65
    66 66 67 67 66 65 63 61 59 57 56 56 56 56 57 57 58 57 58 58 59 60 61
    63 64 65 65 64 64 63 62 61 61 62 63 64 65 65 65 64 63 60 58 56 54 54
    53 54 55 57 59 61 63 64 64 64 64 63 62 61 60 60 60 60 61 62 64 65 66
    67 67 67 66 66 66 66 66 65 65 64 63 62 61 61 62 63 64 65 65 66 64 63
    61 59 57 55 55 55 56 57 59 60 62 63 65 66 67 67 67 67 67 67 66 66 65
    65 65 65 65 66 65 64 63 62 61 60 59 59 59 59 60 60 60 61 61 61 61 62
    63 64 65 66 67 67 66 65 64 62 61 60 58 58 58 58 59 60 62 62 63 63 62
    61 61 60 60 61 62 63 64 64 65 65 65 64 64 63 63 63 63 63 63 62 62 61
    60 59 59 59 59 60 62 63 64 65 65 65 64 64 63 63 63 64 64 65 65 65 65
    65 65 66 66 66 67 66 66 66 66 67 68 69 69 70 70 69 68 67 66 64 64 63
    62 61 61 60 60 60 61 61 62 62 63 63 63 64 65 66 68 69 70 71 72 72 72
    64 64 64 65 66 66 66 65 64 62 60 58 56 55 55 55 56 57 58 58 58 59 59
    60 61 62 64 65 66 65 65 64 63 62 61 61 61 62 63 65 65 65 64 63 61 58
    57 55 55 55 55 56 58 59 61 63 64 65 65 64 63 62 61 60 60 60 60 61 62
    64 66 67 68 68 68 68 68 67 67 67 66 66 65 64 63 63 62 63 64 65 66 66
    66 64 63 60 58 56 54 54 53 54 55 57 58 60 62 63 65 66 66 67 67 67 66
    66 66 65 65 65 66 66 67 66 66 64 63 61 60 59 58 59 59 59 60 60 61 61
    61 62 63 63 65 66 67 68 68 67 66 65 63 61 60 58 57 57 58 59 60 61 62
    63 63 63 63 62 62 62 63 64 64 65 65 65 65 65 64 63 63 63 62 62 62 62
    61 61 59 59 58 58 58 59 60 61 63 64 65 65 64 64 63 63 63 63 64 64 65
    65 66 66 66 66 66 67 67 66 66 66 66 66 67 68 69 70 70 70 69 68 67 66
    65 64 63 62 61 60 59 59 59 59 60 60 61 61 62 62 63 64 65 67 68 70 70
    71 71 71 63 63 63 64 65 66 66 65 64 62 60 58 56 55 55 55 56 57 58 59
    59 60 60 61 62 63 65 65 66 66 65 64 63 62 61 61 61 62 63 64 64 64 63
    62 60 59 58 56 56 56 56 57 58 60 61 63 64 64 65 64 63 62 61 60 60 60
    60 61 63 65 67 69 70 70 70 69 69 68 68 68 67 67 66 65 64 64 63 64 65
    66 67 67 66 65 63 61 58 56 54 53 53 53 54 56 57 59 61 62 64 65 66 66
    67 67 66 66 66 65 65 66 66 67 67 67 67 65 64 62 61 59 59 59 59 59 60
    61 61 62 62 63 64 65 66 68 69 69 69 69 68 66 65 63 61 59 58 58 58 59
    60 62 63 64 64 64 64 64 64 64 65 65 65 66 66 66 65 64 64 63 63 62 62
    62 62 62 61 60 59 58 58 57 58 59 60 62 63 64 64 64 64 63 63 62 62 63
    63 64 65 65 66 66 66 66 66 67 66 66 66 66 66 66 67 68 69 70 70 70 70
    69 68 67 65 64 63 62 61 60 59 59 59 59 59 60 60 61 61 62 63 64 65 67
    68 69 69 69 69 69 61 62 62 63 64 64 65 64 63 61 59 57 56 55 55 55 56
    58 59 60 60 61 61 61 62 63 65 65 66 66 65 64 63 62 61 61 61 61 62 63
    63 63 62 61 60 59 58 57 57 57 57 57 59 60 61 63 64 64 64 64 63 62 61
    60 60 60 60 62 64 66 68 70 72 72 72 71 70 69 69 68 68 67 66 65 64 64
    64 65 66 66 67 67 66 65 63 61 59 57 55 54 53 53 54 55 56 58 60 61 63
    64 65 66 66 66 66 66 65 65 65 66 66 67 67 67 67 66 64 63 61 60 59 59
    59 59 60 61 61 62 63 64 65 66 67 68 69 69 70 69 69 67 66 64 62 60 58
    58 58 59 60 61 63 64 65 65 65 65 65 65 66 66 66 66 66 66 65 64 64 63
    62 62 62 62 62 62 61 60 59 58 57 58 58 59 61 62 63 64 64 64 63 63 62
    62 62 63 63 64 66 66 67 67 67 67 67 67 66 66 66 65 65 66 67 68 69 70
    71 71 70 69 68 67 66 65 64 63 62 61 60 59 58 58 59 59 60 60 61 61 62
    63 65 66 67 68 68 68 68 68 61 61 62 62 63 64 64 64 63 61 59 57 56 55
    55 55 56 58 59 61 61 62 62 63 63 64 66 66 67 66 66 65 64 63 62 61 61
    61 61 62 62 62 61 61 60 59 59 58 58 57 58 58 59 60 61 62 63 64 64 64
    63 62 61 60 59 60 60 62 64 67 69 71 73 73 73 72 71 70 69 69 68 68 66
    66 65 65 64 65 66 66 67 66 66 65 63 62 60 58 56 55 54 54 54 55 56 57
    59 60 62 63 65 65 66 66 66 65 65 65 65 66 66 67 68 68 68 66 65 63 61
    60 59 59 59 59 60 61 62 63 64 65 66 67 67 68 69 69 70 69 69 68 66 65
    63 61 59 59 59 59 60 62 63 64 65 65 66 66 66 66 66 67 66 66 66 66 65
    64 63 62 62 62 62 62 62 61 60 60 58 58 57 58 59 60 62 63 64 64 64 64
    64 63 63 63 62 63 64 64 65 66 67 67 67 67 67 67 67 66 66 65 65 66 67
    67 69 70 70 71 70 70 68 67 66 65 64 63 62 61 60 59 59 59 59 59 60 60
    61 61 62 63 65 66 67 68 67 67 67 67 60 60 61 61 62 62 63 62 62 60 59
    57 56 55 55 55 57 58 59 61 62 63 63 64 64 65 66 66 66 66 66 65 64 63
    62 62 61 61 61 61 61 60 60 60 60 59 59 58 58 57 57 58 58 59 61 62 63
    63 64 63 62 62 61 60 60 60 61 63 65 68 70 72 73 73 73 72 71 70 69 69
    68 68 67 66 65 65 64 64 65 66 66 66 66 65 64 63 61 60 58 57 56 55 55
    56 56 58 59 60 62 63 64 65 66 66 65 65 65 65 65 66 67 67 68 68 68 67
    65 63 62 60 59 59 59 60 60 61 62 63 64 65 66 67 67 68 68 69 69 69 69
    68 67 65 64 62 60 60 59 60 61 62 63 64 65 66 66 66 66 66 66 66 66 66
    66 65 64 63 63 61 61 61 60 61 61 60 59 59 58 58 58 58 60 61 63 64 65
    65 65 65 64 64 63 63 63 64 64 65 66 66 67 67 68 68 68 68 67 67 66 66
    65 66 66 67 69 69 70 70 70 70 68 67 66 65 64 64 63 62 61 60 60 59 60
    60 60 60 61 61 62 63 64 66 66 67 67 67 66 66 59 59 60 60 61 61 62 61
    61 60 58 57 56 55 55 56 57 59 60 61 62 63 64 64 65 65 66 66 66 66 66
    65 64 64 63 62 61 61 60 60 59 59 60 60 60 59 59 58 58 57 57 57 58 59
    60 61 62 63 63 63 62 61 60 59 59 60 61 63 65 68 70 72 73 73 73 72 71
    70 69 68 68 67 66 65 65 64 64 64 64 65 65 65 65 65 64 63 62 61 60 59
    58 57 57 57 57 58 59 61 62 63 64 65 65 65 65 65 65 65 65 66 66 67 68
    68 68 67 66 64 62 61 60 59 59 60 61 62 62 64 64 65 65 66 66 66 67 67
    68 68 68 68 67 66 64 63 61 61 60 60 61 62 63 64 65 65 66 66 66 66 66
    66 66 66 65 64 64 63 62 61 61 60 60 60 60 60 59 58 58 58 58 59 60 62
    63 64 65 65 64 64 64 64 64 64 64 64 64 65 65 66 67 67 68 68 68 68 67
    67 66 66 66 66 67 67 68 69 70 70 70 69 68 68 67 66 65 64 64 63 62 62
    61 61 61 61 61 61 62 62 63 64 65 66 66 67 67 66 66 65 58 58 59 59 60
    60 61 61 60 59 58 57 56 55 55 56 57 58 60 61 62 63 64 65 65 66 66 66
    66 66 65 65 64 64 63 62 61 60 59 59 58 59 59 59 60 59 59 58 58 57 57
    57 58 59 60 61 62 62 62 62 61 61 60 60 60 60 61 63 65 68 69 71 72 72
    72 71 70 69 68 67 67 66 66 65 64 64 64 63 64 64 64 64 64 64 64 64 63
    63 62 61 59 58 58 58 58 59 60 61 62 63 64 65 65 65 65 65 64 64 65 65
    66 67 68 68 68 67 65 64 62 61 60 59 60 60 61 62 62 63 64 65 65 65 65
    65 66 66 67 67 67 67 67 66 65 64 62 62 61 61 61 62 63 63 65 65 66 66
    66 66 66 66 65 65 65 64 63 62 61 60 59 59 59 59 59 59 58 58 58 58 58
    59 61 62 64 64 65 64 64 64 64 65 64 65 64 65 65 65 66 66 67 67 68 68
    68 68 68 67 67 66 66 66 66 67 68 69 69 69 69 69 68 67 67 66 66 65 65
    64 63 63 62 62 62 62 62 62 62 63 63 64 65 66 67 67 67 66 65 65 58 58
    59 59 59 60 60 60 60 59 58 57 56 56 55 56 57 59 60 61 62 64 65 65 66
    66 66 66 66 65 65 65 64 64 63 62 61 60 58 58 57 58 58 59 60 60 60 59
    58 57 57 57 57 58 60 61 61 62 62 62 61 61 60 60 60 60 61 62 64 66 68
    69 70 71 70 70 69 68 67 67 66 66 65 64 64 63 63 63 63 63 63 63 63 63
    63 63 63 63 62 62 61 60 60 59 59 60 60 61 62 63 64 65 65 65 65 65 64
    64 64 65 66 67 68 68 68 67 66 64 63 61 61 60 60 61 61 62 63 63 64 64
    64 64 64 64 64 65 65 66 66 66 66 66 65 64 63 62 61 61 61 61 62 63 64
    65 65 66 66 66 66 66 65 65 64 63 62 62 61 60 59 59 58 59 58 58 58 58
    57 58 58 59 61 62 63 64 64 64 64 64 64 64 64 65 65 65 65 65 65 65 66
    66 67 67 68 68 68 67 67 66 66 66 66 67 67 68 68 69 68 68 67 67 67 66
    66 65 65 65 64 63 63 62 62 62 63 63 63 63 64 64 65 66 66 67 66 65 65
    65 58 57 58 59 59 60 61 61 60 60 59 58 57 57 56 57 58 59 60 61 62 63
    64 65 65 66 66 65 65 65 64 64 64 63 62 62 60 59 57 57 57 58 59 60 61
    61 60 59 58 57 57 57 57 58 59 61 61 62 61 61 61 60 60 60 60 60 61 61
    63 64 66 67 68 68 68 68 67 67 66 65 65 64 64 63 63 62 62 62 62 61 62
    61 61 62 62 63 63 63 63 62 62 61 61 61 61 61 61 62 62 63 64 64 65 65
    65 64 64 64 64 65 66 67 67 68 68 67 66 64 63 61 61 60 61 61 62 62 63
    63 64 64 64 64 64 64 64 64 64 65 65 66 66 66 65 65 64 63 62 61 61 61
    62 63 64 65 65 66 66 66 66 66 65 65 64 63 63 62 61 60 59 59 59 59 59
    59 58 58 58 58 59 60 61 62 63 63 64 63 63 63 63 64 64 64 64 65 65 65
    65 65 65 65 66 66 67 67 67 67 67 66 66 66 66 66 67 67 67 68 67 67 67
    67 67 66 67 66 66 65 65 64 63 63 63 63 63 64 64 64 64 65 65 66 66 66
    66 65 64 64 58 58 58 59 60 60 61 61 61 61 60 59 58 57 57 57 58 59 59
    61 61 62 63 64 64 65 65 65 65 64 64 64 64 63 62 61 59 58 56 56 56 57
    59 60 61 61 61 60 59 57 57 57 57 58 59 61 61 62 62 62 61 61 60 60 60
    60 60 60 62 63 64 65 66 67 66 67 66 65 65 64 64 63 63 63 62 62 61 61
    61 60 60 60 60 61 61 62 62 63 63 63 63 62 62 61 61 62 62 63 63 64 64
    65 65 65 65 65 64 64 64 64 65 66 67 68 68 67 66 65 63 62 61 61 61 62
    63 63 63 64 64 64 64 64 63 63 64 64 64 64 65 65 65 65 65 64 64 63 62
    61 61 61 61 62 63 64 65 66 66 66 66 66 65 65 65 64 64 63 62 61 60 60
    59 59 59 59 59 58 58 59 60 60 62 62 63 63 63 63 62 62 62 63 63 64 64
    65 65 65 65 64 65 65 65 66 66 67 67 67 67 66 66 66 66 66 66 67 67 67
    66 66 66 66 66 66 67 66 66 66 65 64 64 63 63 63 64 64 64 65 65 65 65
    65 65 65 64 63 63 63 59 59 59 60 61 62 63 63 63 63 62 61 60 59 58 58
    58 58 59 60 61 62 63 63 64 64 64 64 64 64 64 64 63 63 62 60 59 57 56
    55 56 57 59 61 62 62 62 61 59 58 57 57 57 58 59 60 61 62 62 62 61 61
    60 60 60 59 59 59 60 61 62 63 63 64 64 65 64 64 63 63 62 62 62 61 61
    61 61 60 60 59 59 59 59 59 60 61 61 62 62 63 63 62 62 62 62 62 62 63
    63 63 64 64 65 65 65 65 65 64 64 64 65 66 66 67 67 67 66 65 63 62 62
    61 62 62 63 63 64 64 64 64 64 64 64 64 64 64 64 65 65 65 65 65 65 64
    63 62 61 61 60 60 61 62 63 63 64 65 65 66 66 66 66 66 66 65 65 64 63
    62 62 61 60 61 60 60 60 59 59 60 60 61 62 63 63 63 63 62 61 61 61 62
    62 63 63 64 64 64 64 64 64 64 64 65 65 66 66 66 66 66 66 65 66 66 66
    66 65 65 65 65 65 65 65 66 66 66 66 66 65 64 64 63 63 63 64 65 65 66
    66 66 66 66 65 64 63 62 62 62 60 60 60 61 62 63 64 64 64 64 63 62 61
    60 59 58 58 58 59 59 60 61 62 62 63 63 64 64 64 64 64 64 63 63 61 60
    58 57 55 55 56 57 59 61 62 63 63 62 61 59 58 58 58 59 60 61 62 62 63
    63 62 62 61 60 60 59 59 58 59 59 60 61 62 62 62 63 62 62 62 61 61 61
    61 60 60 60 60 59 59 59 59 58 58 59 59 60 61 62 62 62 63 63 63 63 63
    63 63 63 63 63 63 64 64 65 65 65 65 65 65 65 65 65 66 67 67 67 66 65
    64 63 62 61 62 62 63 63 64 65 65 65 65 65 65 65 65 65 65 65 65 65 65
    64 64 63 63 62 61 60 60 60 61 62 62 63 63 64 64 65 65 66 66 67 67 67
    67 66 65 64 63 62 61 61 61 61 61 60 60 61 61 62 63 63 63 63 63 62 61
    61 61 61 62 63 63 64 64 64 64 64 64 64 64 65 65 66 66 66 66 66 66 66
    66 66 66 65 65 64 64 63 63 64 64 65 65 65 66 65 65 64 63 63 63 63 64
    65 65 66 66 66 66 65 64 63 62 61 61 60 61 61 62 62 63 64 65 66 66 66
    65 64 63 61 60 59 58 58 58 59 59 60 61 61 62 63 63 64 64 64 64 64 63
    63 62 60 59 57 56 56 56 58 60 62 63 64 64 63 62 61 60 59 59 60 60 61
    62 63 63 62 62 61 60 60 59 58 58 58 58 59 59 60 60 61 61 61 61 61 60
    60 60 60 60 60 60 59 59 59 58 58 58 58 58 58 58 59 60 61 62 62 63 63
    63 63 63 63 63 63 63 63 63 64 64 65 66 66 66 66 65 65 65 65 65 66 66
    66 66 65 64 63 62 61 61 62 63 64 65 65 66 66 66 67 66 67 66 67 66 66
    66 65 65 64 64 63 62 61 60 60 60 60 61 61 62 62 62 63 63 63 64 65 66
    67 68 68 68 68 67 66 65 64 63 63 62 62 62 61 62 62 63 63 64 64 64 64
    63 62 61 61 61 61 61 62 63 63 64 64 64 64 64 64 64 64 65 65 66 66 66
    66 66 66 66 66 66 65 64 63 63 62 62 63 63 64 64 65 65 65 64 64 63 63
    63 64 64 65 66 67 67 67 67 66 65 63 62 61 60 60 62 62 63 63 64 65 66
    66 67 67 66 65 64 62 60 59 58 58 58 58 59 59 60 61 62 62 63 63 64 64
    64 64 63 63 62 61 59 58 57 57 57 58 60 62 64 65 65 65 64 63 61 61 60
    61 61 62 63 64 64 63 62 61 60 59 59 58 58 58 58 59 59 59 59 60 60 60
    59 59 59 59 59 59 59 59 59 58 59 58 58 58 58 58 58 58 58 59 59 60 61
    62 62 63 63 63 63 63 63 63 63 63 63 64 64 65 66 66 67 66 66 65 65 64
    64 65 65 65 65 65 64 63 61 61 61 61 63 63 65 66 67 67 67 67 67 68 67
    67 67 67 67 66 65 64 63 62 61 60 60 60 60 61 61 61 62 62 62 62 62 62
    63 64 65 67 68 69 69 69 68 67 65 65 63 64 63 63 63 62 63 63 64 64 65
    65 65 64 64 63 62 62 61 61 62 62 63 64 64 65 65 65 65 64 64 65 65 66
    66 67 67 67 67 67 67 66 66 65 64 63 62 61 61 61 61 62 63 63 64 64 63
    63 63 63 63 63 64 66 67 68 68 68 67 66 65 64 62 61 61 60 64 64 64 64
    65 66 66 67 67 67 67 66 64 63 61 60 58 58 58 58 58 59 60 61 62 63 63
    64 64 64 64 64 64 64 63 62 60 59 58 58 58 60 61 63 65 66 67 66 66 64
    63 63 62 62 62 63 64 64 64 63 62 61 60 59 59 58 59 58 59 59 59 59 59
    59 59 59 59 59 59 59 59 59 59 59 59 58 59 58 58 58 58 58 58 58 58 59
    59 60 60 61 62 62 63 63 63 63 63 63 63 63 63 64 65 65 67 67 68 67 67
    66 65 64 64 64 65 65 65 64 63 62 61 60 60 61 62 63 65 66 67 67 68 68
    68 68 68 68 68 68 67 66 65 63 62 61 60 60 60 60 60 61 61 62 62 61 61
    61 61 61 62 63 65 67 69 69 70 70 69 68 66 65 64 64 64 64 64 64 64 64
    65 65 66 66 66 65 64 64 63 62 62 62 62 62 63 64 64 65 65 65 65 65 65
    65 66 66 67 67 67 68 68 68 68 67 66 65 64 62 61 60 60 60 60 60 61 62
    63 63 63 63 63 63 63 64 65 66 67 68 68 69 68 67 66 64 63 62 62 62 65
    65 65 65 65 65 66 67 67 67 67 66 65 64 61 60 58 58 57 58 58 59 60 61
    62 63 64 64 64 65 65 65 64 64 64 63 62 61 60 60 60 61 63 64 66 67 68
    68 67 67 65 65 64 64 64 64 65 65 64 63 62 61 60 59 59 59 59 59 60 60
    60 59 59 59 59 59 59 59 59 60 60 60 60 59 59 59 59 59 59 59 59 59 59
    59 58 58 59 59 60 60 61 62 63 63 63 63 63 63 63 63 63 64 65 66 67 68
    68 68 67 66 65 64 63 63 64 64 64 64 63 62 60 60 60 60 62 63 65 66 67
    67 68 68 68 68 68 68 68 68 67 66 65 64 62 61 60 60 60 60 61 61 62 62
    62 61 61 61 60 60 61 62 64 66 68 69 70 69 68 67 66 65 64 64 64 64 64
    64 65 65 66 66 67 67 66 66 65 65 64 64 63 63 63 63 64 65 65 66 66 66
    66 66 66 66 66 67 67 68 68 68 68 68 68 67 66 65 63 62 60 60 59 59 59
    59 60 61 62 62 62 63 63 63 63 64 65 66 67 68 69 69 68 68 67 66 65 64
    64 64 66 66 65 65 65 65 66 66 67 67 67 66 65 64 62 60 59 58 58 58 58
    59 61 62 63 64 65 65 65 65 65 65 65 65 65 64 64 63 62 62 62 63 64 65
    67 68 69 69 69 68 67 66 65 65 65 65 65 65 64 63 62 61 60 60 60 60 61
    61 61 61 61 60 60 60 59 60 60 60 60 61 61 61 61 60 60 60 60 59 60 60
    60 60 60 60 59 59 59 59 60 60 61 62 63 63 63 64 63 64 63 64 64 64 65
    66 68 68 69 68 67 66 65 63 63 63 63 64 64 63 63 62 61 60 60 61 62 63
    65 65 67 67 67 67 67 68 68 68 68 68 68 67 66 64 63 62 61 60 60 61 62
    62 62 62 62 62 61 61 60 60 61 62 64 65 67 68 69 69 68 67 65 65 64 64
    64 64 65 65 66 66 67 67 67 67 67 67 66 66 65 65 64 64 64 64 65 65 66
    66 67 67 67 67 66 66 67 67 67 68 68 69 69 69 68 67 66 65 63 62 60 59
    59 58 58 58 59 60 60 61 62 62 63 63 63 64 65 66 67 68 69 69 69 68 67
    67 67 66 66 66 67 66 66 65 65 64 64 65 65 66 66 65 65 64 62 61 59 58
    58 58 59 60 62 63 64 65 66 66 66 66 66 66 65 66 66 66 65 65 64 64 64
    64 65 66 68 69 70 70 70 69 68 68 67 67 67 66 66 66 65 63 62 61 60 60
    60 61 62 62 62 62 62 61 61 60 60 60 60 61 61 62 62 62 62 61 61 61 60
    60 60 60 61 61 61 60 60 59 59 59 59 60 61 61 62 62 63 63 63 64 63 64
    64 64 65 66 67 68 68 68 67 66 64 63 62 62 63 63 63 63 63 62 61 61 60
    61 62 63 64 65 66 66 66 66 66 66 67 67 68 68 68 67 66 65 64 63 62 62
    62 62 63 63 64 64 63 63 62 62 61 61 61 62 64 65 67 67 68 68 67 66 64
    64 63 64 64 64 65 65 66 66 67 67 68 67 67 67 66 66 66 65 65 65 65 65
    65 66 66 67 67 67 67 67 67 67 67 67 67 68 68 69 68 69 68 67 66 64 63
    61 60 59 58 58 58 58 58 59 60 61 61 62 63 63 64 65 66 67 68 69 69 69
    69 69 68 68 68 68 69 69 67 67 66 65 64 63 63 63 64 64 65 65 64 63 62
    61 60 59 59 59 60 61 63 64 65 66 67 67 67 66 66 66 66 66 66 67 66 66
    65 65 65 65 66 67 68 69 70 70 70 70 69 69 68 68 68 68 67 66 65 64 63
    61 61 61 61 62 63 63 64 64 63 62 62 61 61 62 62 63 63 63 63 64 63 63
    63 62 62 61 61 62 62 62 62 62 61 60 60 60 60 60 61 61 62 62 63 63 63
    64 63 64 64 64 65 66 67 68 68 68 67 65 64 63 63 62 63 63 64 64 63 63
    62 62 62 62 63 63 64 64 64 64 64 64 65 65 66 67 67 68 68 68 67 66 65
    64 64 63 63 64 64 64 65 64 64 63 63 62 62 62 62 62 63 64 65 66 66 66
    65 64 63 63 62 63 63 64 64 65 65 66 67 67 68 67 67 67 66 67 66 66 66
    66 66 66 66 66 67 67 68 68 68 67 67 67 67 67 67 67 68 68 68 68 67 66
    65 64 63 61 61 59 59 58 58 58 58 59 60 61 61 62 63 63 64 65 66 67 68
    68 68 68 68 68 68 69 69 70 70 71 67 67 65 64 63 62 61 61 62 63 63 64
    63 63 62 61 61 60 60 60 61 62 64 65 67 67 68 68 67 67 66 66 66 67 67
    67 67 67 66 66 66 66 67 67 68 69 70 70 71 70 70 69 69 69 68 68 68 67
    66 64 63 62 62 61 62 63 64 64 65 65 64 63 63 62 62 63 63 64 64 64 64
    65 64 64 63 63 62 62 62 62 63 63 63 63 62 61 61 60 61 60 61 61 62 62
    63 63 63 64 63 63 63 64 64 65 66 67 67 67 66 65 64 63 63 63 63 64 65
    65 64 64 63 63 63 63 63 64 64 63 63 63 63 63 63 64 65 66 67 68 68 68
    68 67 66 66 65 65 65 65 66 66 66 65 65 64 64 63 63 63 63 63 63 64 65
    65 65 65 64 63 62 61 61 62 62 63 64 64 65 65 66 66 67 66 66 66 66 66
    66 66 66 67 66 67 67 67 67 68 68 68 68 67 67 67 66 66 67 67 67 68 67
    67 66 65 64 63 62 61 61 60 60 59 59 58 58 59 60 60 61 62 63 64 65 66
    67 68 68 68 69 68 68 68 69 70 71 71 72 73 66 66 64 63 61 60 59 59 60
    61 61 62 62 62 62 61 61 61 61 61 62 63 65 66 68 68 69 69 68 67 66 66
    66 67 67 67 67 67 67 66 66 66 67 67 68 69 70 70 70 70 69 69 69 69 69
    69 68 67 66 65 64 63 63 62 63 64 65 65 66 66 65 64 64 63 63 63 64 64
    65 65 65 65 64 64 64 63 63 63 63 63 64 64 64 64 63 63 62 62 61 61 61
    61 62 62 62 63 63 63 62 62 62 63 63 64 65 66 66 66 65 65 64 63 63 63
    64 65 66 66 66 66 65 65 65 64 64 64 64 63 62 62 61 62 62 63 64 66 67
    68 69 69 69 69 68 67 67 67 66 67 67 67 67 66 66 65 65 65 64 64 64 64
    64 64 64 64 64 63 62 61 60 60 60 60 61 62 62 63 63 64 65 65 66 65 65
    65 65 65 65 66 66 67 66 67 67 67 67 68 68 68 68 67 67 67 66 66 66 66
    67 67 66 66 65 64 63 63 62 61 61 61 61 60 60 60 60 60 60 61 61 62 63
    64 65 66 67 67 68 68 68 67 68 68 68 70 71 72 73 73 65 64 63 61 59 58
    57 58 58 59 60 61 61 61 62 61 62 62 62 63 64 65 66 67 68 69 69 68 68
    67 66 66 66 67 67 67 67 67 67 66 66 66 67 67 68 69 70 70 70 70 69 69
    68 69 68 69 68 68 67 66 65 64 64 63 64 64 65 65 66 66 66 65 65 64 64
    64 64 65 65 65 65 65 65 64 64 63 63 63 64 64 64 65 65 65 65 64 64 63
    63 62 62 62 62 62 62 62 62 62 62 61 61 62 62 63 64 65 66 66 65 65 64
    64 64 65 65 66 67 67 67 67 66 66 66 65 65 64 64 62 62 61 61 61 62 63
    64 65 67 68 69 69 69 69 69 68 68 67 67 67 68 68 68 67 67 66 66 65 65
    65 65 64 64 64 63 63 62 62 61 60 59 59 59 60 60 61 62 62 63 63 64 64
    65 64 64 64 64 64 64 65 65 66 66 66 67 67 67 67 67 68 68 67 67 67 67
    66 66 66 66 66 65 65 64 63 62 62 62 62 62 62 62 61 62 61 61 61 61 62
    61 63 63 64 65 66 67 67 68 68 68 68 68 68 69 70 72 73 74 74 64 63 61
    60 58 56 56 56 56 57 58 59 60 61 61 61 62 63 64 64 65 66 67 68 69 69
    69 68 67 66 66 65 66 66 67 67 67 67 66 66 66 66 67 67 68 68 69 69 69
    69 68 68 68 68 68 69 68 68 68 67 66 65 65 64 64 65 65 66 66 66 66 65
    65 64 64 64 64 65 65 65 64 64 64 64 63 63 63 63 64 64 65 65 66 66 65
    65 64 63 63 62 62 62 62 62 62 62 62 61 61 61 60 61 61 63 63 64 65 65
    65 65 64 64 65 65 66 67 67 68 68 68 67 67 67 66 66 65 64 62 62 61 60
    61 61 63 64 65 67 68 69 70 70 70 69 69 68 68 68 68 68 68 68 68 68 67
    67 66 66 66 65 65 64 64 63 62 61 61 60 59 59 58 59 59 60 60 61 61 61
    62 62 63 63 63 63 63 63 64 64 64 65 66 66 66 66 67 67 67 68 68 68 68
    68 67 67 67 67 67 66 66 65 64 63 63 62 62 62 62 62 62 63 63 64 63 64
    63 63 63 62 63 62 63 64 65 66 66 67 67 67 67 67 67 68 70 71 73 74 74
    62 61 60 58 57 55 55 55 55 56 57 58 59 60 61 61 62 63 64 65 66 67 68
    68 68 68 68 67 66 65 65 65 66 66 67 67 67 67 66 67 66 66 67 67 68 68
    69 68 68 68 67 67 67 67 67 68 68 68 68 67 66 66 65 65 65 65 65 65 66
    66 66 65 65 65 65 65 65 65 65 64 64 64 63 63 63 63 63 63 64 64 65 65
    66 66 66 65 65 64 64 63 62 62 62 61 61 61 61 61 60 60 60 60 61 62 63
    65 65 66 66 66 65 65 65 66 66 67 68 68 68 68 68 68 67 66 66 65 64 63
    62 62 61 62 62 63 65 66 67 68 69 70 70 70 69 69 68 68 68 68 68 68 68
    68 68 67 67 67 67 66 66 65 65 64 63 62 61 60 59 59 58 58 59 59 59 60
    60 60 61 61 61 62 63 63 63 63 63 63 64 64 65 65 65 65 65 66 66 67 67
    67 68 68 68 67 68 67 67 67 66 66 65 64 63 63 62 62 62 62 63 64 65 65
    66 65 66 65 65 64 63 63 62 63 63 64 65 66 66 67 67 67 67 68 68 70 71
    73 74 74 61 61 59 58 56 55 54 55 55 55 56 57 58 59 60 61 62 64 65 66
    67 67 68 68 68 68 67 67 66 65 65 65 66 66 67 67 67 67 67 67 66 66 67
    67 67 68 68 67 67 67 66 66 66 66 67 67 68 68 68 68 67 67 66 65 65 65
    65 65 65 65 65 65 65 64 64 64 64 64 64 63 63 62 62 62 62 62 63 63 64
    64 65 65 65 65 65 65 64 64 63 62 62 61 61 61 60 60 60 60 59 59 59 60
    61 62 63 65 66 66 66 66 66 65 65 65 66 67 68 68 68 68 68 67 67 66 65
    64 64 63 62 62 62 62 63 64 65 66 67 68 69 69 69 69 69 68 68 67 68 68
    68 69 69 69 69 68 68 68 68 67 67 66 65 64 63 62 61 60 59 59 58 58 59
    59 59 59 60 60 60 61 61 62 63 63 63 64 64 64 64 64 65 65 64 65 65 65
    65 66 67 67 68 68 68 68 68 68 68 67 66 66 64 64 63 63 62 62 62 63 63
    64 65 66 67 67 67 67 66 65 64 63 62 62 62 63 64 65 66 66 67 67 67 68
    69 70 72 73 74 74 61 60 59 58 57 56 55 55 55 56 56 57 57 58 59 61 62
    64 65 66 67 68 68 68 68 67 67 66 65 65 65 65 65 66 67 67 67 67 66 67
    66 66 66 67 67 67 67 66 66 65 65 64 65 65 66 67 67 67 67 67 67 66 66
    65 65 64 64 64 64 64 64 64 64 63 63 63 63 63 63 62 62 62 61 61 62 62
    62 63 64 64 64 65 65 65 64 64 64 63 63 62 62 61 61 61 60 60 60 60 60
    60 60 61 62 63 64 65 67 67 67 67 66 65 65 65 65 66 67 67 67 68 67 66
    66 65 64 64 63 63 63 63 63 64 64 65 65 66 67 68 68 69 69 69 69 68 68
    68 68 68 68 69 69 69 69 69 68 68 68 68 67 66 65 64 62 61 60 59 59 59
    59 59 59 59 59 60 60 59 60 60 61 62 63 63 64 64 65 65 65 65 65 64 64
    64 64 64 65 66 66 67 68 68 68 68 68 68 68 67 66 65 64 64 63 63 63 63
    63 63 64 65 66 67 68 69 69 68 67 66 64 63 62 62 61 62 63 64 65 65 66
    66 67 68 69 70 71 73 74 74 62 61 60 59 58 57 57 57 56 56 56 57 57 58
    59 60 62 63 65 66 67 68 68 68 68 67 67 66 65 65 65 65 66 66 67 67 67
    67 67 67 66 67 67 67 67 67 66 66 65 64 64 63 64 64 65 66 66 67 67 67
    66 66 66 65 64 64 63 63 63 63 63 63 63 63 63 62 62 62 62 61 61 61 61
    61 61 61 62 63 63 64 64 64 63 63 63 63 63 62 62 62 62 61 61 61 60 60
    60 60 60 61 61 62 63 64 65 66 67 68 67 67 66 65 64 64 64 64 65 66 66
    66 65 65 64 63 63 62 63 63 63 64 64 64 65 65 65 66 67 67 68 68 69 68
    69 68 68 68 68 68 69 69 69 69 69 69 69 69 69 69 68 67 66 64 63 62 61
    60 59 59 59 59 59 59 59 59 59 59 59 60 61 62 63 64 65 65 66 66 65 65
    64 64 63 63 63 64 64 65 66 66 67 67 68 68 68 68 67 66 65 65 64 64 63
    64 63 64 64 64 65 65 67 68 69 69 70 69 68 67 65 64 62 62 62 62 63 64
    65 66 67 67 68 68 69 71 72 73 74 74 62 62 61 61 60 59 58 58 58 57 57
    57 57 58 58 60 61 63 64 66 67 67 68 68 68 67 67 66 66 65 65 65 66 66
    66 67 67 67 67 67 66 66 66 66 66 66 65 65 64 63 63 63 63 64 65 66 66
    66 66 66 66 65 65 64 64 63 62 62 62 62 62 62 61 61 61 61 61 61 61 61
    61 60 61 61 61 62 63 63 64 64 64 64 63 63 62 62 62 62 62 62 62 61 61
    61 61 61 61 61 61 62 62 63 63 65 66 67 68 68 68 68 67 65 64 63 63 63
    63 64 64 64 64 63 63 62 61 61 62 62 63 64 64 65 65 66 66 66 66 67 67
    68 68 69 69 69 69 69 69 69 69 69 69 69 69 70 70 70 70 69 69 67 66 65
    63 62 61 60 60 60 60 60 60 60 60 60 60 59 60 60 61 63 64 65 66 66 66
    66 66 65 64 64 63 63 63 64 64 65 66 66 67 67 67 67 67 67 66 65 64 64
    63 64 63 64 64 64 64 64 65 65 67 68 69 69 70 69 68 67 65 64 62 62 62
    62 63 64 65 66 66 67 68 69 70 71 72 73 74 74 63 63 62 62 61 61 60 60
    59 59 58 58 57 58 58 59 61 62 64 65 66 67 68 68 68 68 67 67 67 66 66
    66 66 66 66 67 67 67 67 67 67 66 66 66 65 65 65 64 63 63 63 63 63 64
    64 65 66 66 66 65 65 64 64 63 63 62 61 61 60 60 60 60 60 60 60 60 60
    60 60 60 60 60 61 61 62 62 63 64 64 64 63 63 62 62 61 61 61 62 62 62
    63 62 62 62 62 61 62 62 62 63 63 64 64 66 66 68 69 69 69 68 66 65 63
    62 61 61 61 61 62 62 62 61 61 60 60 60 61 61 63 64 64 65 65 65 65 66
    66 66 67 67 68 68 69 69 70 70 70 70 69 70 70 70 70 70 70 70 70 70 69
    68 66 65 63 62 61 61 60 60 60 60 60 60 60 60 59 59 60 61 62 63 64 66
    66 67 67 66 66 65 64 63 63 63 63 64 64 65 66 66 66 66 67 66 66 65 65
    64 63 63 62 63 63 64 64 65 64 64 65 65 66 67 68 69 69 69 68 67 65 64
    63 63 63 63 64 65 65 66 67 67 68 69 70 71 72 73 74 74 63 63 63 63 62
    62 62 62 61 60 59 59 58 58 59 59 61 62 64 65 67 67 68 68 68 68 68 67
    67 67 66 66 66 66 66 66 66 67 67 67 66 66 65 65 64 64 64 63 63 63 63
    63 63 64 64 65 65 65 65 64 64 63 63 62 62 61 60 60 59 59 59 59 59 59
    59 60 59 60 60 60 61 61 61 62 63 63 64 65 65 65 64 63 62 61 61 60 61
    61 62 63 63 63 63 63 63 63 63 63 63 64 64 64 65 66 67 68 69 69 69 68
    66 64 62 61 59 59 59 59 60 60 60 60 59 59 59 59 60 61 62 63 64 64 65
    65 65 65 65 66 66 67 68 68 69 70 70 70 70 70 69 70 70 70 70 70 71 71
    71 70 70 68 67 65 64 63 62 61 61 61 61 60 60 60 60 59 59 59 60 60 61
    63 64 65 66 67 66 66 65 64 64 63 63 63 64 65 65 66 66 66 66 66 66 65
    65 64 63 62 61 61 62 62 63 64 64 65 65 65 65 65 66 67 68 69 69 68 68
    66 65 64 63 63 63 64 64 65 65 66 67 67 68 69 70 71 72 73 74 74 63 63
    63 63 63 63 63 63 62 61 61 60 59 59 59 60 61 62 63 65 66 67 68 68 68
    68 68 67 67 67 67 66 66 65 65 65 66 66 66 67 66 66 65 64 64 63 63 63
    63 63 63 63 63 64 64 65 65 65 65 64 64 63 62 61 61 60 59 58 58 58 58
    58 59 59 59 59 59 60 60 60 61 61 62 63 64 64 65 66 66 66 65 64 63 62
    61 61 61 62 63 64 64 64 65 65 64 64 65 65 65 65 65 65 65 66 67 68 69
    69 69 68 66 64 62 60 58 58 57 57 58 58 58 58 58 58 58 59 60 60 62 63
    64 64 65 65 65 65 65 66 66 66 67 68 69 69 70 70 70 70 69 70 70 70 70
    70 71 71 71 70 70 68 67 65 64 63 62 61 61 61 61 60 60 60 60 59 59 59
    60 60 61 63 64 65 66 66 66 65 65 64 63 63 63 64 65 65 66 66 66 66 66
    65 65 64 64 62 62 61 60 60 61 62 63 64 64 64 64 64 64 64 65 66 67 67
    68 67 67 66 65 65 64 64 64 65 65 66 66 66 67 67 68 69 71 72 73 73 74
    74 62 62 62 63 63 63 64 63 63 62 62 61 60 60 60 60 61 62 64 65 66 67
    68 68 68 68 67 67 67 66 66 65 65 64 64 64 65 65 66 66 66 65 64 63 63
    62 62 62 62 63 63 63 63 64 65 65 65 65 65 64 64 63 62 61 60 59 58 58
    57 57 57 58 58 59 59 60 60 60 61 61 62 62 63 63 64 65 66 67 67 66 65
    65 63 62 62 61 62 62 63 64 65 65 65 66 65 66 66 66 66 65 66 65 65 66
    66 67 68 68 68 67 65 63 61 59 57 56 56 56 56 57 57 58 58 58 58 59 60
    60 61 62 63 63 64 64 64 64 65 65 65 66 66 67 68 68 69 69 69 69 69 69
    69 70 70 70 70 70 70 70 69 68 67 65 64 63 62 61 61 61 61 60 60 60 59
    59 59 59 59 60 61 62 64 65 65 66 65 65 64 64 63 64 64 65 66 67 67 67
    67 67 66 65 65 64 63 62 61 60 60 60 61 62 63 64 64 64 64 64 64 64 64
    65 66 66 67 66 66 65 65 65 64 64 65 65 65 65 65 65 66 66 67 68 70 71
    72 73 73 73 61 62 62 62 63 63 64 64 64 63 63 62 61 61 61 61 62 63 64
    65 66 67 67 67 67 67 66 66 66 65 65 64 64 63 63 63 64 64 65 65 65 64
    64 63 62 62 62 62 62 62 62 62 63 63 64 65 65 65 65 64 63 62 61 60 59
    58 57 57 57 57 57 58 59 60 60 61 61 61 62 62 63 63 64 65 66 66 67 68
    67 67 66 66 64 63 62 62 62 63 64 65 65 66 67 67 67 67 67 67 67 67 67
    66 66 67 67 67 68 68 67 66 65 63 60 58 57 56 55 55 56 56 57 57 58 58
    59 60 61 61 62 62 63 63 64 64 64 64 64 64 64 65 65 66 66 67 67 67 67
    68 68 68 69 69 69 70 70 69 69 69 68 67 66 64 63 62 61 61 61 61 61 61
    60 60 59 59 59 59 59 60 61 62 63 64 64 65 64 64 64 63 63 64 65 66 67
    68 68 68 67 67 66 65 64 63 62 61 61 60 60 60 61 62 63 64 64 64 64 64
    63 63 64 64 65 65 65 65 65 65 65 65 65 65 65 65 65 64 64 64 65 65 67
    68 69 71 71 72 73 73 61 61 61 62 63 64 64 64 65 64 63 63 62 62 62 62
    63 64 64 65 66 66 66 66 66 65 65 65 64 64 64 63 63 62 62 63 63 63 64
    64 64 63 63 62 61 61 61 61 61 61 62 62 62 63 64 65 65 65 65 64 64 63
    61 60 59 58 57 57 57 57 58 59 60 61 61 62 62 62 63 63 63 63 64 65 66
    67 67 68 68 68 67 66 65 64 63 62 63 63 64 65 65 66 67 67 67 68 68 68
    68 67 67 67 67 67 67 67 67 67 66 65 64 62 60 58 56 55 55 55 55 56 57
    58 59 59 60 60 61 62 62 63 63 63 64 64 64 64 64 63 63 64 64 64 65 65
    65 65 65 66 67 67 68 68 69 69 69 68 68 68 67 66 65 64 62 61 61 61 61
    61 61 61 60 60 59 59 59 58 59 59 60 61 62 63 64 64 64 64 64 64 64 65
    66 67 68 68 68 68 67 66 65 64 64 63 62 61 61 60 60 61 62 63 64 65 65
    65 64 64 63 63 63 63 64 64 64 64 64 64 64 64 65 65 65 65 64 64 63 63
    63 64 66 67 68 70 70 71 71 72 60 61 61 62 63 64 65 65 65 64 64 63 63
    62 62 63 63 64 64 65 65 65 65 65 65 64 64 63 63 63 62 62 62 62 61 62
    62 62 63 63 63 63 62 62 61 61 60 60 61 61 61 61 61 62 63 64 65 65 65
    64 64 62 61 60 59 58 57 57 57 58 58 60 61 62 63 63 64 64 64 64 64 64
    65 66 67 67 68 69 68 68 67 66 65 64 63 63 63 63 64 65 66 66 67 67 68
    68 68 68 68 68 68 68 68 68 67 67 67 67 66 65 63 61 60 58 57 56 56 56
    56 57 58 59 60 61 61 62 63 63 63 63 63 64 64 64 63 63 63 63 62 62 63
    63 63 63 63 64 64 65 65 66 67 67 67 67 67 67 66 66 65 64 63 62 61 61
    60 60 61 61 61 61 61 61 60 59 59 58 58 59 59 60 61 62 63 64 64 64 64
    65 65 66 67 68 69 69 69 68 67 66 65 64 63 63 62 61 61 61 61 62 63 64
    65 66 66 65 65 64 63 63 63 62 62 63 63 63 63 63 64 64 64 64 64 64 63
    62 62 62 62 63 64 66 67 68 69 70 70 70 61 61 62 62 63 64 65 65 65 64
    64 63 63 63 63 63 63 64 64 65 64 64 64 64 64 63 63 63 62 62 62 61 61
    61 61 61 61 62 62 62 62 62 62 61 61 60 60 60 60 60 60 60 61 62 63 64
    65 65 65 64 64 62 61 60 59 58 57 58 58 59 60 61 62 63 64 65 65 65 65
    64 65 65 66 66 67 68 68 69 68 68 67 66 65 64 63 63 63 63 64 65 66 66
    67 67 68 68 68 68 68 69 69 69 69 69 68 68 67 66 65 64 62 61 59 58 57
    57 57 57 58 58 59 60 61 62 62 63 64 63 64 64 64 64 64 64 63 63 62 62
    61 61 61 61 61 61 61 62 62 63 64 65 65 66 66 66 66 65 64 64 63 63 62
    61 60 60 60 60 61 61 62 62 62 61 60 60 59 59 58 58 59 59 60 61 62 63
    64 64 64 65 65 66 67 68 68 68 68 67 66 65 64 63 63 62 62 62 62 62 62
    63 64 65 66 66 66 66 65 64 63 63 62 62 62 62 61 62 62 63 63 64 64 64
    64 63 62 62 61 61 61 62 63 65 66 67 68 69 69 69 61 61 62 63 63 64 65
    64 64 64 63 63 63 62 63 63 63 64 64 64 64 64 63 63 63 63 63 62 62 61
    61 61 60 60 60 60 60 60 61 61 62 61 61 61 61 60 60 59 59 59 59 60 60
    61 62 63 64 65 65 64 63 62 61 60 59 58 58 58 59 60 61 62 63 64 65 65
    65 65 65 64 65 65 66 67 67 68 68 68 68 68 67 66 65 64 63 63 63 63 64
    65 66 66 67 67 67 67 68 68 68 69 69 69 70 69 69 68 67 66 65 64 62 61
    60 59 58 58 58 59 60 60 61 62 62 63 63 64 64 64 65 64 64 64 64 64 63
    63 62 61 61 60 60 60 60 90 79 98 73 93 92 103 23 104 22 74 125 12 59
    47 51 2 113 114 0 49 30 76 60 112 107 68 95 83 96 23 38 37 105 29 50
    22 75 123 100 46 41 48 104 19 10 94 102 121 86 121 123 13 113 12 117
    59 93 63 64 43 3 68 100 68 65 66 67 67 67 67 66 65 64 63 62 62 61 61
    61 61 61 62 63 63 63 63 63 62 61 60 60 60 60 61 62 63 65 66 67 67 68
    68 61 62 62 63 64 64 64 64 64 63 63 62 62 62 62 63 63 63 63 63 63 63
    62 62 62 62 62 62 62 62 61 61 61 61 60 60 60 60 61 61 61 61 62 61 61
    61 60 60 59 59 59 59 60 61 62 63 64 64 65 64 64 62 61 60 60 59 59 59
    60 61 62 63 64 65 66 66 66 65 65 65 65 66 67 67 68 68 68 68 68 67 66
    66 65 64 64 63 64 64 65 66 66 67 67 66 66 66 67 67 68 68 69 70 70 70
    69 68 67 66 65 64 63 62 61 61 60 60 60 61 62 62 63 63 63 64 64 64 65
    65 65 65 65 65 65 64 63 63 62 61 60 60 59 59 59 104 48 34 71 40 76
    68 76 22 127 17 85 24 50 88 36 101 65 110 67 10 41 46 89 123 48 92
    45 8 63 25 94 58 105 113 13 18 77 92 35 92 39 96 12 93 26 9 80 8 86
    30 102 10 23 9 119 102 21 110 8 20 16 27 115 14 65 66 67 68 67 67 66
    65 64 63 62 61 60 60 59 59 60 61 62 62 63 63 62 61 61 60 60 60 60 61
    62 63 64 65 66 66 67 67 61 62 62 63 63 63 63 63 62 62 61 61 61 61 62
    62 63 63 63 63 63 62 62 62 62 62 63 62 62 62 61 61 61 61 60 60 60 60
    60 60 61 61 62 61 61 61 60 60 60 59 59 59 60 61 61 63 63 64 64 64 64
    63 62 61 61 60 60 61 61 62 63 64 65 66 66 66 66 65 65 65 66 66 67 68
    68 68 68 68 67 67 66 66 65 64 64 64 64 65 66 66 66 66 66 66 65 65 65
    66 66 68 69 69 70 69 69 68 67 66 65 64 64 63 62 62 62 62 62 63 63 64
    64 64 64 63 64 64 64 64 65 65 65 65 64 64 63 62 61 60 60 59 58 58 58
    73 45 87 34 34 62 85 29 34 89 39 38 125 43 35 76 46 76 19 5 59 84 11
    98 82 69 70 62 51 80 124 25 4 95 0 23 0 81 21 24 91 83 119 107 103
    48 88 108 82 106 57 111 59 81 57 16 40 70 8 21 121 13 36 21 98 66 66
    67 68 67 67 66 65 64 63 62 61 60 59 59 59 59 60 61 61 62 61 61 60 60
    59 59 60 60 61 61 62 63 64 65 66 66 66 61 62 62 62 62 62 62 61 61 60
    60 59 60 60 61 62 62 63 62 62 62 61 61 61 62 62 63 63 63 63 62 62 62
    62 61 61 60 60 61 61 61 61 62 62 62 62 61 60 60 60 59 59 59 60 61 62
    63 63 63 63 63 63 63 62 62 61 61 62 62 63 63 64 64 65 65 65 65 65 65
    65 66 66 67 68 68 68 68 68 67 67 66 66 65 65 65 65 65 66 67 67 67 67
    66 65 65 64 64 65 66 67 68 69 70 69 69 68 67 66 65 65 65 64 64 64 64
    64 65 65 65 65 64 64 64 63 64 64 64 64 65 65 65 65 64 64 63 62 61 61
    60 59 58 58 58 17 35 31 65 46 88 12 11 33 60 99 4 40 1 77 40 10 56
    19 25 50 84 72 38 40 121 50 92 111 17 107 7 29 112 38 20 20 121 2 48
    115 81 20 102 19 113 92 75 68 108 87 29 54 57 25 66 96 73 43 114 117
    124 105 2 43 66 66 67 67 67 67 66 65 64 63 62 60 59 59 58 58 59 60
    60 61 61 61 60 60 60 59 59 60 60 61 61 62 63 64 64 65 65 65 61 61 61
    61 61 61 61 60 59 59 58 58 59 60 61 62 62 63 62 62 61 61 61 61 61 62
    62 63 63 63 63 63 63 63 62 62 61 60 61 61 61 62 62 62 62 62 62 61 61
    60 60 60 60 61 61 62 63 63 64 64 64 64 64 64 63 63 63 63 62 63 63 64
    64 64 64 64 64 64 64 65 66 67 68 68 68 68 67 67 66 66 66 66 66 65 65
    66 66 66 67 67 67 66 66 64 63 63 63 63 64 66 67 68 69 69 69 68 67 66
    66 66 66 66 66 66 66 66 66 66 66 65 65 64 63 63 63 63 63 64 64 65 65
    65 64 64 63 62 61 61 60 59 59 58 58 66 68 87 20 116 85 9 84 33 116
    83 13 6 83 109 86 18 104 24 14 122 7 16 94 66 108 81 117 89 49 124 6
    125 27 108 105 21 39 58 28 120 45 26 20 118 38 48 25 14 30 119 26 20
    24 33 39 115 36 103 16 103 65 91 13 16 65 65 66 66 66 66 66 65 64 63
    62 60 59 59 58 58 59 60 60 61 61 60 60 59 59 59 60 60 60 61 61 62 62
    63 63 64 64 64 60 60 60 60 60 60 59 58 58 57 57 58 59 59 60 62 62 63
    62 62 61 61 60 60 61 61 62 63 63 64 64 64 64 64 63 63 62 61 61 61 62
    62 63 63 63 63 62 62 62 61 61 61 61 61 61 62 62 63 63 63 64 64 64 64
    64 64 63 63 63 63 63 63 63 63 63 63 63 63 63 64 66 67 68 69 69 68 67
    67 67 67 67 67 67 66 66 67 67 67 68 67 67 66 65 64 63 62 62 62 63 65
    66 67 68 68 68 68 67 67 66 66 66 67 67 67 68 68 68 67 67 65 64 64 63
    62 62 62 63 63 64 64 65 65 64 64 63 63 62 61 61 60 59 59 58 37 3 11
    112 9 65 109 17 117 110 72 20 52 55 60 101 53 116 47 120 39 112 51 3
    121 7 83 123 115 90 54 85 50 71 26 124 29 3 44 111 66 42 26 8 66 41
    55 77 19 125 53 125 94 32 80 42 114 33 82 32 107 47 90 86 81 65 65
    65 66 66 66 65 65 64 63 61 60 59 59 58 58 59 60 60 60 61 60 60 59 59
    59 60 60 61 61 61 62 62 62 63 63 63 63 60 60 60 60 59 59 58 57 57 57
    57 57 58 59 60 62 62 63 62 62 61 60 59 59 60 60 61 62 63 64 64 65 65
    65 64 64 63 62 62 62 62 63 63 63 64 64 63 63 63 62 62 62 61 61 62 62
    62 63 63 64 64 65 65 65 64 64 63 63 62 63 62 62 62 62 62 61 61 61 62
    63 65 67 68 68 69 68 67 67 67 67 67 67 67 67 67 67 68 67 68 67 66 65
    64 63 62 61 61 61 62 64 66 67 68 69 69 68 68 67 67 67 67 68 68 68 69
    68 68 67 67 65 64 63 62 61 61 61 62 63 64 64 65 65 65 64 64 63 63 62
    61 61 60 60 59 82 30 67 70 67 30 72 18 77 4 91 15 114 114 102 54 26
    53 89 25 118 120 94 73 29 42 24 74 67 39 0 127 61 9 84 122 19 12 10
    86 4 32 94 77 110 118 39 32 100 1 116 58 31 61 46 78 11 8 98 109 21
    89 40 116 96 64 64 64 65 65 65 65 64 64 63 62 61 60 59 59 59 60 60
    61 61 61 61 60 60 60 60 60 61 61 61 61 61 61 61 62 62 62 62 60 60 60
    59 59 58 57 57 57 56 57 57 59 60 61 62 62 63 62 62 61 60 59 59 59 60
    61 62 63 64 65 66 66 66 65 65 64 63 63 62 63 63 64 64 64 64 64 64 64
    63 63 63 62 62 62 62 62 62 63 64 64 65 65 65 64 64 63 62 62 62 61 61
    61 61 60 60 60 60 61 63 65 66 68 69 69 69 68 68 67 67 67 68 68 68 68
    68 67 67 67 66 65 64 62 61 60 60 60 60 62 64 65 67 68 69 69 69 68 68
    67 67 68 68 68 69 69 69 68 67 66 65 63 62 61 60 60 61 61 62 63 64 65
    65 65 65 64 64 63 63 62 62 61 60 60 25 107 84 45 77 10 79 48 96 80
    45 23 44 104 79 105 100 88 44 49 81 113 69 70 96 16 76 86 30 11 15
    26 90 109 65 23 69 107 94 100 58 8 106 25 18 101 63 105 103 7 36 63
    18 57 96 61 120 86 126 6 11 96 12 91 77 64 63 64 64 64 65 65 65 64
    63 62 61 61 60 60 60 61 62 62 62 62 61 61 60 60 61 61 61 61 61 61 61
    61 61 61 61 62 61 60 60 60 59 59 58 57 57 57 56 57 58 59 60 61 63 63
    63 62 62 60 59 58 58 58 58 60 61 62 63 65 66 66 67 66 66 65 64 64 64
    64 64 64 65 65 65 65 65 65 64 64 63 63 62 62 62 62 62 63 64 64 64 64
    64 64 63 62 62 61 61 61 60 60 60 59 59 59 59 60 62 64 66 68 68 69 69
    68 68 68 68 68 68 69 68 68 68 67 66 66 65 63 62 61 60 59 59 59 60 61
    63 65 67 68 69 70 69 69 68 68 68 68 68 68 69 69 68 68 67 65 64 62 61
    60 60 60 60 61 62 63 64 65 65 66 66 66 65 65 64 63 63 62 61 60 106
    34 121 79 9 88 57 38 118 72 99 40 103 119 1 67 76 94 99 46 12 23 57
    114 57 124 51 4 125 27 88 125 36 80 109 14 12 67 126 54 51 60 127 66
    21 98 41 108 76 46 105 71 36 64 63 18 106 46 2 22 103 24 80 102 64
    63 63 63 63 64 64 65 65 64 64 63 62 62 61 61 61 62 63 63 63 63 63 62
    62 62 62 62 62 62 62 61 62 61 61 61 61 61 61 61 61 60 60 59 58 57 57
    57 56 57 58 59 60 62 63 63 64 63 62 61 59 58 58 58 58 59 60 61 62 64
    65 66 67 67 67 66 65 65 65 64 65 65 65 66 66 66 66 66 65 64 64 63 62
    62 62 62 62 63 63 64 64 64 64 63 63 62 61 61 61 60 60 59 59 58 58 58
    58 59 61 63 65 67 68 69 69 69 69 69 69 69 69 69 69 68 67 66 65 64 63
    61 60 59 58 58 58 58 59 61 63 65 67 68 69 70 69 69 68 68 68 68 68 68
    68 68 68 67 66 64 63 62 61 59 59 59 59 60 61 62 63 65 65 66 66 66 66
    66 65 64 64 63 62 61 106 110 1 6 63 108 50 23 107 18 37 30 35 6 51
    107 49 125 3 20 22 38 93 113 112 43 125 87 64 34 79 31 91 3 31 53 83
    110 99 44 100 107 24 110 109 51 84 86 97 20 72 80 11 92 68 82 125 68
    40 21 1 56 26 90 27 62 62 62 63 64 64 65 65 65 64 64 63 63 63 63 63
    64 64 64 64 64 63 63 63 63 63 63 63 62 62 62 62 61 61 61 61 61 61 61
    61 61 60 59 58 57 57 57 57 58 58 60 61 62 64 64 64 63 62 61 60 58 58
    57 57 58 59 60 61 63 64 65 66 67 67 66 66 66 65 65 65 65 65 66 66 66
    66 66 65 64 63 63 62 61 61 61 62 62 63 63 63 63 63 62 62 62 61 60 60
    60 59 59 58 58 57 57 57 58 60 62 64 66 68 69 69 69 70 69 70 70 70 69
    69 68 67 65 64 63 61 60 59 58 57 57 57 58 59 60 62 64 66 68 69 70 69
    69 68 68 68 67 68 68 68 67 67 66 65 64 62 61 61 59 59 59 59 60 61 62
    63 65 66 66 67 67 67 67 66 65 64 63 62 61 34 22 95 101 16 37 39 80
    124 117 27 120 8 2 17 66 91 53 3 94 118 59 52 115 122 13 14 33 121
    121 50 124 35 87 121 59 127 27 46 49 64 45 45 98 127 92 57 82 5 78
    41 47 54 105 68 93 62 92 6 41 104 36 117 122 125 62 62 62 63 63 64
    65 65 65 65 65 64 64 64 64 64 65 65 65 65 65 64 64 64 64 64 64 64 63
    63 63 63 62 62 62 62 62 62 62 62 61 60 59 58 57 57 57 57 58 59 61 62
    63 64 65 65 64 63 61 60 59 58 57 57 58 58 59 60 61 62 64 65 66 66 66
    66 66 66 66 66 66 66 66 67 66 66 66 65 64 63 62 61 61 61 61 61 62 62
    63 63 63 63 63 63 62 62 61 61 60 60 59 59 58 58 57 57 58 59 61 63 65
    67 68 69 69 70 70 70 70 70 69 68 67 66 64 62 61 60 58 58 57 56 56 57
    57 58 60 62 64 66 67 68 69 69 69 68 68 67 67 67 67 66 66 65 64 63 63
    62 61 61 60 60 60 60 60 60 62 63 64 65 66 67 68 68 67 67 66 65 63 62
    61 85 76 34 116 31 88 113 100 43 28 18 5 78 24 53 44 120 63 99 115
    20 105 127 17 7 101 63 115 4 56 93 104 86 43 17 106 21 70 108 40 71
    23 40 18 33 100 57 101 113 82 76 85 100 57 7 78 46 38 109 42 19 111
    80 64 47 62 61 62 62 63 64 64 65 65 65 65 65 65 65 65 66 66 67 67 66
    66 65 65 64 64 64 64 64 64 64 63 63 63 63 64 64 64 63 62 62 61 60 59
    58 57 57 58 58 59 60 62 63 64 65 65 65 64 63 62 60 59 59 58 58 58 58
    58 59 60 61 63 64 65 66 66 66 66 66 66 66 66 66 66 66 66 66 66 64 63
    62 61 60 60 60 61 61 61 62 62 62 62 63 63 63 63 62 62 62 61 60 59 59
    58 58 57 57 57 59 60 62 64 66 68 69 70 70 70 70 70 70 69 68 66 65 63
    61 60 58 57 57 56 56 56 56 57 58 59 61 63 65 66 67 68 69 69 68 67 67
    66 66 66 65 65 64 64 63 62 62 62 62 61 61 61 60 60 61 61 62 64 65 66
    67 68 68 68 67 66 65 63 62 61 43 13 43 84 92 17 121 60 29 79 106 59
    118 93 39 108 55 28 9 83 10 23 74 99 23 39 78 101 1 117 60 113 90
    118 109 64 46 59 86 100 108 25 68 116 55 86 47 63 0 107 46 7 62 92
    27 0 30 37 73 45 111 72 4 97 3 62 61 62 62 63 63 64 65 65 65 65 65
    66 66 66 66 67 67 67 66 66 65 65 65 64 65 65 64 64 64 64 64 65 65 65
    65 65 65 61 61 60 60 58 58 57 57 58 59 61 62 64 65 66 66 66 66 65 64
    62 61 60 60 59 59 58 58 58 58 59 60 61 63 64 65 66 66 66 66 66 66 65
    65 66 66 65 65 65 64 62 61 60 60 60 60 60 61 61 62 62 62 63 63 63 64
    64 64 63 63 62 61 60 60 59 58 58 57 58 59 60 62 64 66 67 69 70 70 70
    70 70 69 68 67 65 63 61 59 58 57 56 56 56 55 56 56 57 58 59 61 63 64
    66 67 68 69 69 68 68 67 67 66 66 65 64 63 63 62 62 62 62 62 62 62 62
    61 61 61 61 62 63 64 65 66 67 67 67 67 65 64 63 61 60 10 3 111 62
    111 81 61 96 114 59 64 121 73 31 97 6 94 9 61 80 12 52 111 34 82 124
    87 23 2 119 62 13 64 20 19 125 77 6 75 72 58 48 107 16 79 22 91 25
    41 84 67 34 66 124 40 8 34 103 53 27 83 111 117 102 31 61 61 61 61
    62 63 63 64 65 65 65 66 66 66 67 67 68 68 67 67 66 65 64 64 64 64 64
    64 64 64 65 65 66 66 66 66 66 66 61 61 60 59 58 57 57 58 59 60 63 64
    66 67 68 68 67 67 65 64 63 62 61 61 60 60 59 59 58 58 59 59 61 62 63
    64 65 65 66 66 65 65 65 65 65 65 65 65 64 63 61 60 60 59 59 60 60 61
    61 62 62 62 63 64 64 65 65 65 64 64 63 62 61 60 59 58 58 57 58 58 60
    61 63 65 67 68 69 70 70 70 69 68 67 65 63 61 59 58 57 56 56 56 56 55
    56 56 57 58 59 61 62 64 66 67 68 69 69 68 68 67 66 66 65 64 64 63 62
    62 62 62 63 63 63 63 63 62 62 61 61 61 62 62 63 64 65 66 66 66 65 63
    62 60 59 36 116 13 82 25 110 25 64 60 113 70 123 69 115 18 76 29 19
    83 122 101 39 11 2 108 1 83 10 30 120 39 24 117 72 20 3 43 107 8 109
    50 103 119 10 12 59 108 112 92 59 96 66 8 17 101 40 77 108 16 127 52
    60 64 56 87 61 61 61 61 62 62 63 64 64 65 65 66 66 67 67 68 68 68 67
    67 66 65 64 64 63 63 63 63 64 64 65 66 67 67 68 68 68 68 60 60 59 59
    58 57 58 59 61 63 65 66 68 69 70 69 69 67 66 65 63 63 62 62 62 62 61
    60 59 59 59 59 60 61 63 64 65 65 65 65 65 65 64 64 64 65 64 64 63 62
    61 60 59 59 59 60 60 61 61 62 62 63 63 64 65 66 66 66 65 65 64 62 61
    60 59 58 58 58 58 59 60 62 63 65 67 68 69 69 69 69 68 67 66 64 62 60
    58 57 56 55 55 55 56 55 56 57 57 58 60 61 63 64 66 67 69 69 69 69 68
    67 66 66 65 64 64 63 63 62 62 63 63 64 64 64 64 63 63 62 62 61 61 61
    61 62 63 64 64 64 63 62 61 59 59 91 45 4 41 121 93 12 50 49 88 5 106
    123 69 25 54 64 85 112 65 70 21 68 5 26 64 95 112 108 3 40 103 12 27
    112 28 96 77 116 80 48 125 124 101 66 42 23 56 64 107 24 3 9 27 95
    76 40 76 53 120 1 25 108 22 117 61 61 61 61 61 61 62 63 64 64 65 66
    67 67 68 68 69 68 68 67 66 65 64 63 63 63 63 63 64 64 65 66 68 68 69
    69 69 69 60 60 59 58 57 57 58 60 62 64 67 69 70 71 71 70 70 68 67 66
    65 64 64 64 64 64 63 62 61 60 60 60 60 61 62 63 64 64 64 64 64 64 64
    63 64 64 63 63 62 61 60 59 59 59 59 60 61 61 62 62 63 63 64 65 66 67
    67 67 66 66 64 63 62 60 59 59 58 58 58 59 61 62 64 66 67 68 69 69 69
    68 67 66 64 63 61 59 57 56 55 55 54 55 55 55 56 57 57 58 60 61 63 65
    67 68 69 70 70 69 68 68 67 66 65 65 64 63 63 63 62 63 63 64 64 64 64
    64 63 62 61 60 60 59 59 60 61 62 62 62 62 61 59 58 58 25 74 39 89 42
    95 116 92 22 74 71 65 70 40 52 90 32 44 64 38 0 118 106 7 8 95 99 91
    2 98 71 47 41 85 26 119 105 60 10 94 72 115 30 97 18 89 74 13 42 82
    71 76 122 69 122 41 26 4 85 76 17 113 61 7 51 61 61 61 61 61 61 62
    63 64 65 66 66 68 68 69 69 70 69 68 67 65 64 63 62 62 62 62 62 63 64
    65 66 68 69 69 70 70 70 60 60 59 58 58 58 59 61 63 66 69 70 72 72 72
    71 70 69 67 66 65 65 65 65 65 65 64 63 62 61 60 60 61 61 62 63 63 63
    63 63 63 63 63 63 63 63 63 63 62 61 60 59 59 59 60 60 61 61 62 62 63
    63 64 65 66 67 67 67 67 66 64 63 61 60 59 58 58 58 59 60 62 63 65 66
    67 68 68 68 68 67 66 65 63 62 60 58 57 56 55 55 55 55 56 56 56 57 58
    59 61 62 64 66 67 69 70 70 70 69 68 67 66 66 66 65 65 64 63 63 63 63
    63 64 64 64 64 63 63 62 61 59 58 57 57 58 58 59 60 60 60 59 58 57 57
    121 117 17 59 91 46 127 76 1 15 72 70 114 32 61 52 28 97 64 95 121
    106 75 123 44 7 64 72 81 6 87 21 0 34 9 31 24 7 47 54 82 54 22 33
    114 32 102 5 11 103 127 19 99 41 65 17 22 38 82 9 42 105 70 6 9 61
    61 61 60 60 61 61 63 64 65 66 67 69 69 70 70 70 70 69 67 66 65 63 63
    62 61 61 62 63 64 65 66 68 69 70 70 70 70 60 60 59 58 58 58 60 62 65
    67 70 72 73 74 73 72 71 69 68 67 66 66 66 66 66 66 65 64 63 61 60 60
    60 61 61 62 62 62 63 62 62 62 62 62 62 62 62 62 62 61 60 60 59 60 60
    61 61 61 62 62 63 63 64 65 66 67 67 67 67 66 64 63 61 60 59 58 59 59
    60 61 62 63 65 66 67 68 68 68 67 67 66 64 63 62 60 58 57 56 55 55 55
    55 56 56 57 57 58 60 61 63 65 66 68 69 70 71 70 69 68 67 66 66 66 65
    65 64 64 63 63 62 62 63 63 63 63 63 63 61 60 58 57 56 56 56 57 58 58
    59 58 58 57 57 56 0 84 103 22 64 51 28 58 78 56 51 123 31 68 113 67
    56 101 94 100 69 10 58 45 29 126 8 119 92 16 29 109 12 29 94 108 1
    69 126 35 22 105 69 97 36 103 83 37 66 25 39 41 73 90 87 2 93 82 55
    40 36 21 2 40 49 61 61 60 60 60 61 61 63 64 66 67 68 70 70 71 71 71
    70 69 68 66 65 63 63 62 61 61 62 62 63 65 66 68 68 69 69 69 69 60 60
    59 59 58 59 61 63 66 68 71 73 74 74 74 73 71 70 68 68 67 67 67 67 67
    67 65 64 63 61 61 60 60 61 61 62 62 62 62 62 62 61 61 61 61 61 61 62
    61 60 60 60 60 60 61 61 61 61 61 61 62 63 63 64 65 66 67 67 66 65 63
    62 60 59 58 58 58 59 60 61 62 64 65 66 67 68 68 68 68 67 66 65 63 62
    60 59 57 56 55 55 55 56 56 57 57 58 59 60 62 63 65 66 68 69 70 70 70
    69 68 67 66 66 66 66 65 65 64 63 62 62 61 61 61 62 62 62 62 60 59 57
    56 55 55 55 55 56 57 57 57 57 57 56 56 38 32 53 44 81 30 3 41 47 61
    70 26 40 89 63 37 31 82 20 95 66 110 122 25 29 101 42 98 112 74 107
    105 57 30 109 108 7 117 83 121 95 11 56 78 48 69 111 37 32 18 118 34
    64 33 81 77 18 119 104 6 102 91 63 127 38 61 61 61 60 60 61 62 64 65
    67 69 70 71 72 72 72 72 71 69 68 66 65 64 63 62 62 61 62 62 63 65 66
    67 67 68 68 67 67 61 61 60 60 59 60 61 64 66 69 71 73 74 74 74 72 71
    70 69 68 68 68 68 68 67 66 65 64 62 61 60 60 60 60 61 61 61 61 61 61
    61 61 61 61 61 61 61 61 61 61 61 61 61 61 62 62 62 62 61 61 61 62 63
    64 65 66 67 67 66 65 63 62 60 59 59 58 59 59 60 61 62 64 65 66 67 68
    68 68 67 67 66 65 64 63 61 59 58 57 56 56 56 57 58 58 59 59 60 61 62
    63 65 66 68 69 70 70 69 68 67 66 66 66 66 66 66 65 65 63 62 61 60 60
    60 61 61 61 61 60 59 57 56 54 54 54 54 55 56 57 57 57 57 56 56 48 94
    64 65 35 62 57 127 86 39 76 58 1 109 93 102 71 44 103 114 24 61 58
    60 23 110 68 73 92 52 111 105 110 14 77 26 77 108 103 91 81 74 92
    110 27 99 55 60 35 43 35 60 77 78 65 87 106 29 52 66 4 34 29 54 109
    61 61 60 60 60 61 62 64 66 67 69 70 72 72 73 72 72 71 69 68 67 66 65
    64 63 62 62 62 63 63 64 65 66 66 66 65 65 65 62 62 61 60 60 61 62 64
    67 70 72 74 74 74 74 73 72 70 69 69 68 68 68 68 67 66 65 63 62 60 60
    59 60 60 60 61 61 62 61 61 61 61 60 60 61 61 61 61 61 61 61 62 62 62
    63 63 62 62 61 61 60 61 62 63 64 66 66 66 66 65 63 61 60 59 58 58 58
    59 60 61 62 63 65 66 67 68 68 68 68 67 67 66 65 63 62 60 59 58 57 58
    58 58 59 60 60 61 61 62 62 63 64 66 67 68 69 69 68 68 67 66 65 65 66
    66 66 65 65 64 62 61 60 60 59 60 60 60 60 59 58 57 56 54 54 54 54 55
    56 57 57 58 57 57 56 22 33 19 79 61 105 22 8 13 112 118 28 108 112
    82 111 63 67 50 115 12 61 63 67 90 94 107 74 61 30 91 55 46 86 111
    110 63 61 41 90 18 122 26 79 44 125 26 38 29 90 75 17 36 90 18 95 29
    89 48 116 119 84 78 81 37 62 61 61 60 61 62 63 65 67 68 70 71 72 72
    73 72 71 70 69 68 67 66 65 65 64 63 63 63 63 63 64 64 64 64 64 63 63
    62 63 63 62 61 61 62 63 65 67 70 72 73 74 74 73 72 71 70 69 69 69 69
    68 68 67 66 64 63 61 60 59 59 59 60 60 61 61 62 62 61 61 61 61 60 61
    61 61 61 61 61 62 62 63 63 64 63 63 62 61 60 60 60 61 62 64 65 66 66
    66 65 63 61 60 58 58 58 58 59 59 61 61 63 64 66 67 68 68 68 68 68 68
    67 66 65 63 62 60 59 59 59 59 60 61 61 62 62 63 63 63 64 64 66 67 68
    68 68 68 67 66 65 65 65 65 66 66 66 65 64 62 61 60 59 59 59 60 60 60
    59 58 57 56 55 55 54 55 56 57 58 58 58 58 58 57 0 7 33 113 57 106 69
    22 52 84 56 87 116 118 68 91 58 88 59 102 99 29 82 49 53 13 51 104
    37 102 38 56 30 69 124 56 109 21 15 58 75 10 30 92 1 18 14 77 42 1
    77 9 45 77 32 101 116 2 83 12 99 127 30 13 114 62 61 60 60 61 62 63
    65 67 68 70 71 71 72 72 71 70 69 68 67 67 66 65 65 64 64 63 63 63 63
    64 63 63 62 62 61 60 60 64 64 64 63 62 63 64 66 68 70 72 74 74 74 73
    72 71 70 69 69 69 69 68 68 67 66 64 62 61 59 59 59 59 60 60 61 62 62
    62 62 62 61 61 60 61 61 61 61 61 62 62 63 63 64 64 64 63 62 61 60 60
    60 61 62 64 65 66 66 66 65 64 62 60 59 58 58 58 59 59 60 61 62 64 65
    67 68 68 69 69 69 68 67 67 65 64 62 61 60 60 60 60 61 62 63 63 63 63
    63 63 64 64 65 66 67 68 68 68 67 66 65 65 65 65 66 66 66 65 64 63 61
    60 59 59 59 59 60 59 59 59 57 57 56 56 55 56 57 58 59 59 60 59 59 58
    118 31 9 110 55 75 39 65 109 74 92 114 127 70 21 117 54 109 16 107
    16 115 10 120 4 73 74 111 35 62 7 100 33 32 6 121 41 30 100 86 19 37
    92 126 38 96 52 9 120 50 65 62 104 102 60 47 103 24 9 101 21 84 63
    15 119 62 61 60 60 61 62 63 65 67 68 69 70 70 70 70 69 68 67 67 66
    66 66 65 65 64 64 63 63 63 63 63 62 62 61 60 59 58 57 65 65 64 64 63
    64 64 66 68 70 72 74 74 74 73 72 71 70 69 68 69 68 68 68 67 65 63 62
    60 59 59 59 59 60 61 61 62 62 62 62 62 61 61 61 61 61 61 61 61 62 62
    63 64 64 65 65 64 63 62 60 60 60 60 62 63 65 66 67 67 66 64 62 61 59
    59 58 58 58 58 59 60 61 63 64 66 67 68 68 69 69 68 68 67 66 64 63 62
    61 61 61 62 62 63 64 64 64 64 64 63 64 64 65 65 66 67 67 67 67 66 65
    65 65 65 65 66 66 66 65 64 62 61 60 60 60 60 60 60 60 59 58 58 57 57
    57 58 58 59 60 61 61 60 60 59 25 118 77 43 21 35 125 118 60 96 30 91
    27 57 99 48 53 127 67 114 58 104 29 51 113 92 45 86 60 65 1 78 102
    13 82 95 125 77 66 15 64 16 66 116 110 23 59 70 116 93 41 93 113 36
    104 75 92 103 124 34 52 99 110 26 58 62 61 60 60 61 62 63 65 66 67
    68 69 69 69 68 68 67 66 65 65 65 65 65 65 65 64 63 63 63 62 62 61 61
    60 58 57 56 56 66 66 65 65 64 65 65 67 68 70 72 73 74 74 73 72 71 70
    69 68 69 68 68 68 66 65 63 62 60 59 59 59 59 60 61 61 62 63 62 62 62
    62 61 61 61 61 61 61 61 62 62 63 63 64 65 65 64 64 62 61 60 60 61 62
    63 65 66 67 67 66 65 63 62 60 59 59 58 58 58 59 59 61 62 64 65 66 67
    68 68 68 68 68 67 66 64 63 62 61 61 61 62 63 64 64 64 64 64 64 63 64
    64 65 65 66 67 68 68 67 67 65 65 64 65 65 66 66 66 65 64 63 62 61 61
    61 61 61 60 60 60 59 59 58 59 59 60 60 61 62 62 63 62 61 60 60 18 42
    74 112 46 84 95 76 21 7 25 10 97 45 35 18 51 8 22 1 87 109 71 15 97
    43 55 14 97 84 75 60 17 102 59 125 22 19 115 95 109 73 59 54 126 38
    73 54 82 110 41 121 81 33 54 8 33 116 17 20 98 101 90 60 61 60 60 60
    61 62 63 65 66 67 67 67 67 67 67 66 65 65 64 64 64 65 64 64 64 63 62
    62 62 61 61 60 59 58 57 56 55 55 67 67 66 66 65 66 66 67 69 71 72 73
    74 73 73 72 71 69 69 68 68 68 67 67 66 65 63 62 60 59 59 59 60 60 61
    61 62 63 62 62 62 62 61 61 61 60 61 61 61 61 62 62 63 64 65 65 65 64
    63 62 61 61 61 62 63 65 66 67 68 67 66 64 63 61 60 59 58 58 58 58 59
    60 61 63 64 66 67 67 68 68 68 67 66 65 64 63 62 62 62 62 63 63 64 64
    64 64 64 63 63 63 63 64 65 66 67 68 68 67 67 66 65 64 64 64 65 66 66
    66 65 65 63 63 62 62 61 61 61 60 60 60 60 60 61 61 62 62 63 64 64 64
    63 62 61 1 13 90 22 39 18 102 45 68 93 99 21 35 97 85 117 72 47 98
    49 40 70 108 86 31 19 73 23 111 38 43 65 11 27 110 79 3 118 122 94
    82 58 43 76 55 4 10 92 114 75 103 19 28 6 4 19 77 20 108 86 24 0 73
    40 112 60 60 60 60 61 62 63 64 65 66 66 66 66 66 66 65 64 64 64 63
    64 64 64 64 63 62 61 61 60 60 60 59 58 57 56 55 55 54 67 66 67 66 66
    66 66 67 68 70 71 73 73 73 73 72 71 69 69 68 68 67 67 66 65 64 63 62
    60 59 59 59 59 60 61 61 62 62 62 62 62 61 61 60 60 60 60 60 60 60 61
    62 62 63 64 65 65 64 64 63 62 62 62 63 64 65 67 68 68 68 67 65 64 62
    61 60 59 58 58 58 58 59 60 62 63 64 65 66 66 66 66 66 65 64 64 63 62
    62 62 62 63 63 64 64 63 63 63 63 62 63 63 64 65 66 67 67 68 68 67 66
    65 64 64 64 65 65 66 66 66 65 65 64 63 63 62 62 61 61 61 61 62 62 63
    63 64 64 65 65 65 65 64 63 61 13 96 53 117 89 98 42 7 83 24 65 64 9
    2 6 108 107 58 93 29 109 113 34 64 41 93 33 109 69 61 33 68 54 61 31
    39 29 89 113 98 110 74 36 127 77 114 87 61 59 97 91 106 78 53 81 1
    49 59 76 47 63 24 1 122 88 60 60 60 60 61 62 62 64 64 65 65 65 65 65
    65 64 64 63 63 63 63 63 63 63 62 61 60 60 59 58 58 57 57 56 55 55 54
    54 66 66 66 66 66 67 67 67 68 70 71 72 73 73 72 71 70 69 68 67 67 67
    66 66 65 64 63 61 60 59 59 59 59 59 60 61 62 62 62 62 61 61 60 59 59
    59 59 59 60 60 61 61 62 63 64 64 64 64 64 63 63 62 62 63 64 65 66 67
    68 68 67 66 65 63 61 60 59 58 57 58 58 59 59 60 62 63 64 64 65 65 65
    65 65 64 63 63 63 63 63 63 63 63 64 63 63 63 62 62 62 63 63 64 65 65
    67 67 68 67 67 66 65 64 63 63 64 65 65 66 66 66 66 65 64 64 63 63 62
    62 62 62 63 63 64 64 65 65 66 66 66 65 64 62 61 124 92 48 96 85 69
    27 59 93 12 46 28 102 49 109 119 3 23 122 23 13 27 87 40 32 75 80 26
    127 51 96 87 46 30 17 108 96 34 49 74 48 111 29 74 42 127 104 29 101
    20 46 40 8 122 11 98 37 23 69 10 61 110 34 36 73 59 59 60 60 61 62
    62 63 64 64 64 64 64 65 64 64 63 63 63 63 63 63 63 62 61 60 59 58 57
    57 57 56 56 55 55 55 54 54 65 65 66 66 66 67 67 67 68 69 70 71 72 72
    72 71 70 69 68 67 67 66 66 65 64 63 62 61 60 59 59 58 59 59 60 60 61
    62 62 62 61 60 59 59 58 58 58 58 59 59 60 61 61 62 63 64 64 65 65 64
    64 63 63 63 64 65 66 67 68 68 67 67 65 63 62 60 59 58 57 57 57 58 58
    59 60 61 62 63 64 64 65 65 64 64 64 63 63 63 64 64 64 64 63 63 62 62
    62 62 62 62 62 63 64 65 66 66 67 67 66 65 64 63 63 63 63 64 65 66 66
    66 66 66 65 65 64 64 63 63 63 63 64 64 65 66 66 66 67 66 66 65 63 62
    60 24 10 50 93 15 73 8 92 91 48 41 91 30 23 73 50 8 124 74 36 66 46
    32 102 107 25 71 54 12 8 79 55 56 120 31 86 112 29 89 101 7 116 22
    43 14 38 64 26 91 35 15 110 19 8 57 24 81 74 17 112 23 80 40 60 83
    59 59 60 60 61 62 62 63 63 63 64 64 64 64 64 64 63 63 63 63 62 62 62
    61 60 59 58 57 56 55 55 55 55 55 55 54 54 54 64 64 65 65 66 67 67 67
    68 69 69 70 71 71 71 70 70 69 68 67 66 66 65 65 64 63 62 61 60 59 58
    58 58 59 60 61 62 62 62 62 61 60 59 58 57 57 57 58 59 59 60 61 61 62
    63 64 64 65 65 64 64 64 63 64 64 65 66 67 68 68 68 67 66 64 62 61 59
    58 58 57 57 58 58 59 60 61 62 63 63 64 64 64 64 64 64 64 64 64 65 64
    64 64 64 63 62 62 62 62 61 62 62 63 63 64 65 66 66 66 66 65 64 63 62
    62 63 64 65 65 66 67 67 66 66 65 65 64 64 64 64 64 65 66 66 67 67 67
    67 66 65 64 62 60 59 68 73 26 10 5 106 11 114 44 11 48 45 45 18 107
    71 17 120 27 38 17 72 115 23 32 29 34 89 51 31 55 37 108 92 80 45
    104 125 11 96 29 1 28 45 113 120 104 84 13 10 3 22 9 7 14 113 16 119
    116 13 70 30 0 29 68 59 60 60 61 62 62 63 63 63 63 63 64 64 64 64 64
    64 63 63 62 62 61 61 60 59 58 57 56 55 55 55 55 55 54 55 54 54 54 62
    62 63 64 65 66 67 67 67 68 68 69 69 69 69 69 68 68 67 67 66 66 65 65
    64 63 62 61 60 58 58 58 58 58 60 60 61 62 62 62 61 60 59 58 57 57 57
    58 58 59 60 61 62 62 63 64 64 65 65 65 64 64 64 64 64 65 66 67 68 68
    67 67 66 64 62 61 59 58 58 57 57 58 58 59 60 61 61 62 63 64 64 65 65
    65 65 65 65 65 66 65 65 65 64 64 63 63 62 62 61 62 62 62 63 63 64 65
    66 66 65 65 64 63 62 62 62 63 64 65 66 66 67 67 66 66 66 65 65 65 65
    65 66 66 67 67 68 67 67 66 64 63 61 59 58 22 27 92 69 116 56 108 62
    24 69 121 83 26 102 102 87 59 94 116 37 108 122 111 73 84 100 106 45
    90 66 123 112 22 54 96 16 24 98 96 59 43 50 79 89 2 38 40 87 56 23
    93 20 77 46 23 55 70 79 6 96 58 68 68 9 100 60 60 61 62 62 63 63 63
    63 63 63 64 64 64 64 64 63 63 62 62 61 61 60 59 58 57 56 56 55 55 55
    55 55 55 55 55 55 55 61 61 62 63 65 66 67 67 67 67 67 68 68 68 68 68
    68 67 67 67 67 66 66 66 65 64 63 61 60 59 58 58 58 58 60 61 62 63 63
    63 62 61 59 58 57 57 57 58 59 60 61 61 62 63 63 64 65 65 65 65 65 64
    64 64 64 65 65 66 67 67 67 66 65 64 62 61 59 58 58 58 58 58 59 60 60
    61 62 63 64 65 65 65 65 66 66 66 66 66 66 66 66 65 64 64 63 63 62 62
    62 62 61 62 62 63 64 65 65 65 65 65 64 63 62 62 62 62 63 64 65 66 66
    66 66 66 66 66 66 66 66 66 67 67 68 68 68 67 66 65 63 61 59 58 57 7
    14 15 85 12 32 105 123 98 90 11 75 125 88 97 28 119 49 42 106 5 30
    98 34 19 123 117 61 24 11 1 73 13 15 118 42 24 6 63 54 77 3 104 24
    13 18 4 75 112 41 2 84 7 32 15 71 19 91 96 108 23 40 72 102 96 60 61
    61 62 63 64 64 64 64 64 64 64 64 64 64 64 64 63 62 61 60 60 59 58 57
    57 56 55 55 55 55 55 56 56 56 56 56 55 59 60 61 62 64 66 66 67 66 66
    65 66 66 66 66 66 66 66 67 67 67 67 67 66 66 65 63 62 60 59 58 58 58
    59 60 61 62 63 63 63 62 62 60 59 58 58 58 59 60 60 61 62 63 63 64 65
    65 65 66 65 65 64 64 64 64 64 65 66 66 66 66 66 65 63 62 61 60 59 59
    59 59 59 60 60 61 62 62 63 64 65 65 66 66 66 67 67 67 67 67 66 66 65
    65 64 64 63 63 63 62 62 61 62 62 63 63 64 65 65 65 64 64 62 62 62 62
    62 63 64 64 65 66 66 66 67 67 67 66 66 67 67 67 68 68 69 68 68 66 65
    63 61 59 57 57 15 41 32 50 31 37 35 80 71 6 45 101 126 24 21 79 90
    13 65 10 90 37 38 86 36 40 89 86 106 71 25 19 18 95 62 106 32 18 76
    90 109 80 19 115 38 125 112 7 121 106 110 45 84 101 45 62 72 41 102
    72 84 7 78 77 58 61 61 62 63 64 65 65 65 64 64 64 64 64 64 64 64 64
    63 62 61 60 59 58 57 57 57 56 56 56 57 57 57 57 57 57 57 57 57 58 58
    60 62 64 65 66 66 66 65 64 64 64 64 64 65 65 66 66 67 67 67 68 67 66
    65 64 63 61 59 58 58 58 59 60 61 62 63 63 63 63 62 61 60 59 59 59 59
    60 61 62 62 63 64 64 65 65 66 66 65 65 64 64 64 64 64 64 65 65 66 65
    65 65 63 62 61 61 60 60 60 60 61 61 61 62 62 63 64 65 65 66 66 67 67
    67 67 68 67 67 66 66 65 65 64 64 64 63 63 62 62 62 62 62 63 63 64 65
    65 65 65 64 63 62 62 62 62 62 63 64 65 65 66 66 67 67 67 67 67 67 67
    67 68 68 69 69 68 67 65 63 61 59 58 57 98 107 41 15 69 105 44 81 109
    95 119 116 46 125 27 25 45 40 62 107 1 86 20 114 108 40 121 124 40
    80 66 88 50 124 71 55 55 122 7 68 31 32 100 116 17 118 33 71 15 125
    4 52 105 86 48 88 123 53 27 8 88 109 4 126 25 61 62 63 64 65 66 66
    66 65 65 64 64 63 64 64 64 63 63 62 61 59 58 57 57 56 56 56 57 57 58
    58 58 59 58 58 58 58 58 58 58 60 61 64 65 66 66 65 64 63 62 62 62 62
    63 64 65 66 67 68 68 69 68 68 67 65 64 62 60 59 59 59 59 60 61 62 62
    63 63 63 63 62 61 60 60 60 60 61 62 62 63 64 64 65 66 66 66 66 65 65
    64 64 63 63 63 63 64 64 65 64 65 64 64 63 62 62 61 61 61 61 62 62 62
    62 63 63 64 65 66 66 66 67 67 68 68 68 68 67 66 66 65 65 64 64 64 64
    64 63 63 62 62 62 63 63 64 65 65 65 64 64 63 62 62 61 61 62 62 63 64
    64 65 66 66 67 67 67 67 67 66 67 68 68 69 69 69 67 66 63 61 59 58 58
    45 16 66 120 99 32 5 88 114 79 57 114 68 111 100 35 9 110 115 110 67
    39 57 16 122 30 57 15 114 93 71 32 12 83 62 94 60 34 74 125 78 22 23
    20 106 101 110 19 1 103 21 44 125 97 24 54 75 104 38 75 76 23 63 85
    61 61 62 63 65 66 67 67 67 66 66 65 64 64 64 64 64 64 63 62 61 59 58
    56 56 56 56 57 58 58 59 60 60 60 60 60 59 59 59 57 57 59 61 63 65 65
    65 64 63 62 61 60 60 60 61 62 64 65 66 68 68 69 69 69 67 66 65 63 61
    60 60 60 59 60 61 61 62 63 63 63 63 62 62 61 61 61 61 61 62 63 63 64
    64 65 65 66 66 65 65 64 64 63 63 62 62 62 63 63 63 64 64 64 64 64 64
    63 63 63 63 63 63 62 62 62 63 63 64 65 66 66 67 67 67 68 68 68 68 68
    67 66 65 65 65 64 64 64 64 64 63 63 63 63 63 63 64 65 65 65 65 64 63
    62 61 61 61 61 62 62 63 64 65 65 66 67 67 67 67 67 66 67 67 68 69 69
    69 68 66 64 62 60 60 59 21 7 109 119 88 111 90 99 7 105 96 71 39 82
    20 70 114 46 46 126 89 70 20 13 90 124 15 120 51 11 6 9 110 52 43 1
    114 77 123 23 33 98 39 107 94 14 50 64 20 111 95 44 124 40 50 101 54
    122 90 58 83 4 13 92 76 62 63 64 66 67 68 68 68 68 67 66 65 64 64 64
    64 64 63 62 60 59 57 56 56 56 56 57 58 59 60 61 61 61 61 61 61 60 60
    56 57 59 60 63 65 66 65 64 63 61 60 59 59 59 60 61 62 64 66 67 68 69
    69 69 68 67 65 64 62 61 61 60 60 60 60 61 61 62 62 63 63 62 62 61 61
    61 61 61 62 62 63 64 64 65 65 65 65 65 65 64 63 63 62 62 62 61 62 62
    63 63 64 65 65 65 65 65 64 64 64 64 63 63 63 63 63 63 64 65 66 66 67
    67 67 68 68 68 68 68 67 67 66 65 65 65 65 65 65 64 64 64 63 63 63 63
    64 65 65 65 65 65 63 63 62 61 61 61 62 62 63 63 64 65 66 66 66 66 66
    66 65 66 66 68 69 69 69 69 67 65 64 62 62 61 38 50 48 69 53 101 21
    88 20 97 24 58 48 70 43 30 51 111 41 8 75 122 30 90 126 118 17 104
    93 46 103 97 0 39 104 77 79 57 72 100 110 95 51 28 48 49 104 10 14
    97 109 9 89 56 92 88 52 23 21 111 85 13 21 6 120 62 63 65 66 67 68
    69 69 68 67 66 65 65 64 64 64 64 63 62 60 59 57 56 55 55 56 57 58 60
    60 61 62 62 62 62 61 61 61 55 56 58 60 62 64 65 65 64 63 61 59 58 58
    57 58 59 61 63 65 67 68 69 69 70 68 67 66 64 63 62 62 61 61 61 61 61
    61 62 62 62 62 62 62 61 61 60 60 61 61 61 62 63 63 64 64 65 65 65 64
    64 63 63 62 62 61 61 61 62 63 64 65 66 66 67 67 67 66 65 65 64 63 62
    62 62 62 63 64 64 65 66 67 67 67 68 68 69 69 69 68 68 67 67 66 66 66
    66 66 65 65 64 64 63 63 63 64 64 65 65 65 65 64 63 62 61 61 61 61 61
    63 63 64 65 65 66 66 66 65 65 64 65 65 67 68 69 69 69 68 66 65 64 63
    63 114 84 113 61 16 102 115 22 101 73 0 17 61 20 38 119 120 43 113
    50 98 122 77 39 4 35 53 12 30 103 8 70 97 33 109 125 9 107 112 13 22
    38 113 36 108 113 110 55 43 81 24 18 96 40 90 19 90 66 0 69 123 44
    67 2 83 63 64 65 66 67 68 69 69 69 68 67 66 65 64 64 64 63 63 62 60
    59 57 56 55 55 56 57 58 59 60 61 62 62 62 62 62 62 62 55 55 57 59 62
    64 65 65 64 63 61 60 58 57 57 58 58 60 62 64 66 68 69 70 70 69 67 66
    65 64 63 63 62 62 61 61 61 61 61 61 62 62 61 61 60 60 60 60 60 61 61
    61 62 63 63 64 64 64 64 64 64 63 63 62 62 61 61 61 61 63 64 65 66 67
    68 68 68 67 66 65 64 63 62 62 62 62 63 64 65 66 66 67 67 68 68 69 69
    69 70 69 69 69 68 68 67 67 67 67 66 65 64 64 63 62 62 63 64 64 65 65
    65 64 63 62 61 61 61 61 61 62 63 64 64 65 65 65 65 64 64 63 64 64 66
    67 68 68 68 68 67 66 65 64 64 84 111 107 6 14 104 112 67 8 123 31 26
    127 48 126 21 2 48 22 85 27 87 64 61 117 30 43 76 125 32 75 102 28
    107 68 26 70 76 78 92 54 38 92 13 123 25 99 15 120 68 38 56 87 23 62
    71 12 45 2 90 7 45 11 86 74 64 64 65 67 68 69 69 69 69 68 67 66 65
    64 64 63 63 62 61 60 58 57 56 55 55 56 57 58 59 60 61 62 62 63 63 63
    63 62 54 54 56 58 61 63 65 65 65 63 61 60 58 57 56 57 58 59 61 63 66
    67 69 69 70 69 67 66 65 64 63 63 63 63 62 62 62 62 62 62 62 61 61 60
    60 60 59 59 59 60 60 60 61 62 62 63 64 64 64 64 64 64 63 63 62 61 61
    61 62 63 64 66 67 68 69 69 68 67 66 65 63 62 61 61 61 62 63 64 65 66
    67 67 68 68 69 69 70 70 71 71 71 70 70 70 69 69 68 67 66 65 64 63 62
    61 61 62 63 64 65 65 65 64 63 62 61 61 61 61 62 63 63 64 64 65 65 65
    64 63 63 62 63 63 65 66 67 68 68 68 67 67 66 65 65 3 24 54 118 82 8
    45 76 52 90 124 41 114 58 100 18 2 82 35 71 77 110 7 29 43 106 101
    53 55 42 119 3 62 21 29 56 42 64 37 94 17 81 9 119 14 86 7 89 58 98
    114 56 55 61 98 112 108 32 104 113 94 38 43 113 106 65 65 66 67 68
    69 69 69 69 69 68 66 65 64 64 63 63 62 61 60 59 57 56 56 56 56 57 59
    60 60 61 62 63 63 63 63 63 63 53 54 56 58 61 63 65 65 65 64 62 60 58
    57 56 56 57 59 61 63 65 67 69 69 69 69 67 66 65 65 64 64 64 63 63 63
    62 62 62 61 61 61 60 59 59 59 58 58 59 59 59 59 60 61 62 62 63 63 64
    64 64 64 64 63 63 62 62 62 62 63 65 66 67 68 69 69 68 67 65 64 62 61
    61 60 61 62 63 64 65 67 67 68 69 69 70 71 71 72 72 72 73 72 72 71 70
    70 69 68 66 65 63 62 61 60 60 61 62 63 64 65 65 64 64 63 62 62 61 62
    62 62 63 63 64 64 64 64 63 63 62 62 62 62 63 65 66 67 67 67 67 67 66
    66 65 127 112 62 55 71 16 26 13 3 116 122 23 16 79 24 121 95 100 90
    41 34 54 93 20 111 63 48 111 61 113 76 89 103 104 24 111 21 24 118
    54 110 55 88 51 24 101 95 4 59 24 41 16 8 67 110 72 39 61 47 98 31
    106 120 103 97 66 66 66 67 67 68 68 69 68 68 67 66 65 64 63 63 62 62
    61 60 59 58 57 56 57 57 58 59 59 60 61 62 63 63 64 64 64 64 53 54 56
    58 60 63 65 65 65 64 62 60 58 57 56 56 57 58 60 62 65 67 69 69 69 69
    68 67 66 65 65 65 65 64 65 64 64 63 63 62 61 61 60 59 59 59 58 58 58
    58 58 59 60 60 61 62 63 64 65 65 65 65 65 64 64 63 62 62 63 64 65 66
    67 68 68 68 67 65 64 63 61 60 60 60 60 61 63 64 65 67 68 69 70 70 71
    71 72 73 73 73 73 73 73 72 71 70 69 68 66 64 62 61 60 59 59 60 61 62
    64 65 65 64 64 63 62 62 62 62 62 62 63 63 63 64 63 63 63 62 62 61 61
    62 63 64 65 66 67 67 67 67 66 66 65 123 90 31 32 62 20 49 4 9 57 90
    37 123 24 120 32 109 125 70 54 55 112 72 76 77 125 96 29 63 91 38
    101 75 127 25 47 1 42 68 21 16 58 37 127 36 15 25 110 82 42 121 24
    88 60 93 98 90 6 47 56 39 96 6 82 24 66 67 67 67 67 68 68 68 68 68
    67 66 65 64 63 63 62 62 61 60 60 59 58 58 58 58 59 59 60 61 61 62 63
    64 64 65 65 65 53 54 56 58 60 63 64 65 65 64 62 60 58 56 55 55 56 58
    60 62 64 66 68 69 69 68 67 66 66 65 65 65 65 65 65 65 65 64 63 62 61
    61 60 59 59 58 58 58 58 58 58 59 59 60 61 62 63 64 65 65 66 66 66 65
    64 64 63 63 63 64 65 66 67 67 67 67 66 65 63 62 60 59 59 59 60 61 63
    65 66 67 69 70 70 71 72 72 73 74 74 74 74 74 73 72 71 70 69 67 66 64
    62 60 59 58 58 59 61 62 64 65 65 65 65 64 63 63 62 62 62 62 62 63 63
    63 63 63 62 62 61 61 61 62 63 64 65 66 67 67 67 66 66 66 65 101 59
    45 48 61 69 107 58 81 6 50 25 110 24 45 105 75 4 9 10 53 52 18 127 6
    97 40 60 120 102 112 80 4 109 25 31 80 24 36 14 6 61 89 60 32 44 75
    113 76 126 23 58 57 88 0 29 81 34 2 33 69 123 10 81 97 67 67 67 67
    67 68 68 68 68 67 66 65 65 64 63 62 62 61 61 61 60 60 59 59 60 60 60
    60 61 61 62 63 64 64 65 66 66 66 55 55 57 58 61 63 65 65 65 64 62 59
    57 56 55 55 56 58 60 62 64 66 68 68 68 68 67 66 66 66 65 66 66 66 66
    66 65 65 64 63 62 61 60 59 59 59 58 58 58 58 58 59 60 61 62 63 64 65
    66 66 67 67 66 66 65 64 63 63 63 64 64 65 66 66 66 66 65 63 62 60 59
    58 58 59 60 61 63 64 66 67 69 70 71 71 72 73 73 74 74 74 74 73 72 72
    70 69 68 67 65 63 61 60 58 58 58 59 61 62 64 65 65 65 65 64 64 63 63
    62 62 62 62 62 63 62 62 62 62 61 61 61 61 62 63 64 65 66 67 67 67 66
    66 65 65 81 108 107 23 38 90 54 59 32 107 89 7 90 96 54 116 36 3 46
    48 54 123 16 67 29 51 82 5 85 21 66 109 81 75 22 21 15 45 46 121 46
    97 99 123 80 83 125 84 40 91 65 93 0 45 48 109 42 78 100 114 81 0 98
    78 36 67 67 67 67 67 67 67 68 67 67 66 65 64 64 63 62 62 61 61 61 61
    60 61 61 61 61 61 62 62 62 62 63 64 64 65 66 66 66 57 57 58 60 62 63
    65 65 65 63 61 59 56 55 54 54 55 57 59 61 63 65 67 67 68 67 67 66 66
    66 65 66 66 66 66 66 65 65 64 63 62 61 60 60 59 59 59 59 58 58 58 59
    60 61 62 63 64 65 66 67 67 67 67 66 66 65 64 64 63 63 64 64 65 65 65
    65 64 63 61 60 59 58 58 58 59 61 62 64 65 67 68 69 70 71 72 73 73 74
    74 74 73 72 72 71 70 69 67 66 64 63 61 60 59 59 59 60 62 63 65 65 66
    66 66 65 64 63 63 62 62 62 62 62 62 62 62 62 61 61 61 61 61 62 63 64
    66 66 67 67 66 66 65 64 64 91 82 44 71 123 103 20 47 58 124 58 77
    100 103 23 95 38 43 5 97 104 111 69 103 121 53 122 29 81 56 17 78
    110 59 46 119 102 96 70 85 43 53 10 91 51 77 88 13 60 43 35 112 55
    92 72 76 22 107 25 42 36 96 33 59 81 66 66 66 66 66 67 67 67 67 66
    66 65 64 64 63 62 62 62 61 61 61 61 62 62 63 63 63 63 63 63 63 64 64
    65 65 66 66 67 59 59 60 61 63 64 65 65 64 63 60 58 56 54 54 54 55 57
    59 61 63 64 66 66 67 66 66 66 66 66 66 66 66 66 67 66 66 66 65 64 63
    62 61 61 60 60 60 60 59 59 59 60 61 62 63 64 65 66 67 67 68 67 67 66
    66 65 64 63 63 63 63 63 64 64 64 64 63 62 61 60 59 58 58 59 59 61 62
    63 65 66 67 69 70 71 71 72 73 73 73 72 72 71 70 69 68 67 66 65 64 63
    61 60 60 60 60 61 62 63 65 65 66 66 65 65 64 63 62 62 62 62 62 61 61
    61 61 62 61 61 61 61 61 63 64 65 66 67 68 67 67 66 65 64 63 24 3 97
    72 52 108 118 77 12 111 69 53 104 24 16 123 119 78 113 121 93 37 105
    79 35 67 103 39 87 83 75 88 69 81 70 10 87 2 103 115 8 98 82 115 105
    27 84 127 67 43 60 11 79 59 6 67 88 15 5 105 44 100 118 123 34 65 65
    66 66 66 66 66 67 66 66 66 65 64 63 63 62 62 62 62 61 62 62 63 64 64
    65 65 65 65 64 64 64 65 65 66 66 66 67 60 61 61 62 63 64 65 64 64 62
    60 57 55 54 54 54 55 57 58 60 62 63 64 65 65 65 65 65 65 65 66 66 67
    67 67 67 66 66 65 65 64 63 62 62 61 61 61 60 60 60 60 60 61 62 63 65
    66 66 67 67 68 67 67 66 66 65 64 63 63 63 63 63 64 64 64 64 64 63 62
    61 59 59 58 59 59 60 62 63 64 66 67 68 69 70 71 71 71 72 72 71 71 70
    69 68 67 67 66 65 64 63 62 61 61 61 61 62 63 64 65 65 65 65 65 64 63
    63 62 62 62 61 61 61 61 61 61 61 61 61 61 61 61 63 64 65 66 67 68 67
    67 66 65 64 63 33 22 13 117 95 54 1 60 35 11 39 79 64 82 61 18 55 2
    54 41 25 67 53 26 49 29 70 53 0 127 77 14 33 24 3 82 63 36 68 42 111
    22 104 99 19 126 92 116 8 62 34 68 108 63 61 88 30 127 103 113 37 18
    116 67 29 64 64 64 65 65 66 66 66 66 66 65 65 64 63 62 62 61 61 61
    61 62 62 64 65 65 66 66 66 66 65 65 64 65 65 65 66 66 66 62 62 63 63
    64 65 65 64 63 62 59 57 55 54 54 55 55 57 58 60 61 62 63 64 64 64 64
    64 65 65 66 66 67 67 67 67 67 67 66 66 65 64 64 63 63 62 62 61 60 60
    60 61 61 63 64 65 66 66 67 67 68 67 67 67 66 66 64 64 63 63 63 63 64
    64 64 64 64 64 63 62 61 60 59 59 59 60 61 62 63 64 65 66 67 68 69 69
    70 70 70 70 69 69 68 67 66 66 65 65 64 64 63 62 62 62 62 63 63 64 64
    64 64 64 64 63 62 62 61 61 61 61 61 61 61 61 61 61 61 61 61 61 62 63
    64 65 66 67 68 67 67 66 64 64 63 77 24 65 53 20 95 68 112 37 3 33 0
    33 23 45 34 35 96 74 60 56 34 40 107 116 42 43 28 53 18 66 87 88 50
    81 49 57 79 64 25 43 126 0 66 10 82 50 45 71 27 121 122 76 22 16 78
    69 8 57 10 25 25 59 34 49 63 63 63 64 64 65 65 65 65 65 65 64 63 63
    62 61 61 61 61 61 62 63 64 65 66 67 67 67 66 66 65 65 65 65 65 66 66
    66 62 63 63 63 64 65 64 64 63 61 59 57 56 55 55 56 57 58 59 60 60 61
    62 62 63 63 63 64 65 65 66 67 68 68 69 68 68 68 68 67 67 66 66 65 64
    64 63 62 61 61 61 61 62 63 64 65 66 66 67 67 67 67 67 67 66 66 65 64
    64 63 63 63 64 64 65 65 65 65 64 63 62 61 60 60 59 60 61 61 62 63 64
    65 66 66 67 68 68 69 69 69 68 68 67 67 66 66 65 65 65 64 64 63 63 63
    63 63 63 63 63 63 62 62 62 61 61 60 59 59 59 60 60 60 61 61 61 61 61
    61 61 61 62 63 64 65 66 67 67 67 67 66 65 64 63 126 17 81 76 88 18
    81 101 50 123 8 94 17 101 2 29 43 42 62 19 7 117 23 29 3 118 100 41
    32 52 57 92 28 23 105 108 46 77 47 87 30 39 123 119 107 6 94 79 32
    59 42 71 126 12 91 40 63 59 109 98 57 13 113 90 75 62 62 62 63 63 64
    64 65 65 65 64 64 63 62 62 61 61 61 61 61 62 63 65 66 67 68 68 68 67
    66 65 65 65 65 66 66 66 66 62 63 63 63 64 64 64 64 63 61 60 58 57 57
    57 57 58 59 59 60 60 61 61 61 62 62 63 64 65 65 66 67 68 69 69 69 70
    70 69 69 68 68 67 66 65 64 64 63 62 61 61 62 62 63 64 65 65 66 66 66
    67 67 67 67 67 67 66 66 65 65 64 64 65 65 66 66 67 67 66 65 64 62 61
    60 60 59 60 60 61 62 63 64 64 65 66 66 67 67 68 67 67 67 67 66 66 66
    66 66 65 65 65 64 64 63 63 63 62 62 62 61 61 61 60 59 59 58 58 58 58
    58 59 60 61 61 61 61 61 61 61 62 62 63 64 64 65 66 66 66 66 65 65 64
    63 107 40 46 95 10 11 102 51 91 66 40 105 95 94 47 49 98 18 47 106
    38 5 16 28 113 74 111 69 56 68 76 87 100 37 76 7 87 66 96 67 43 84
    29 84 0 123 74 96 77 61 47 89 16 70 97 2 122 23 35 29 77 7 73 96 77
    61 61 61 62 62 63 63 64 64 64 64 63 62 62 61 60 60 60 60 61 62 63 65
    66 67 68 68 68 67 66 66 65 65 66 66 67 67 67 62 62 62 62 63 64 63 63
    63 62 61 60 59 59 59 59 60 60 60 60 60 60 60 61 61 62 63 64 65 66 67
    68 69 70 70 71 71 71 71 70 70 69 68 68 67 66 65 64 63 62 62 62 62 63
    64 65 65 65 66 66 66 66 67 67 67 67 67 67 66 66 65 65 65 66 66 67 68
    68 67 66 65 63 62 60 59 59 59 59 60 61 62 63 63 64 65 65 66 66 66 66
    67 66 66 66 66 66 66 66 66 66 65 65 64 64 63 62 61 61 60 60 59 59 58
    58 57 57 56 56 57 57 58 60 61 61 62 62 62 62 62 62 62 63 63 64 64 65
    66 66 66 65 65 65 64 14 40 38 72 77 117 38 88 110 75 67 18 49 54 12
    4 62 117 83 61 126 104 126 106 95 84 88 68 16 120 54 7 10 94 69 38
    101 28 57 82 30 46 0 20 44 73 70 46 47 55 26 4 57 125 74 27 112 41
    115 104 19 94 62 15 80 60 60 61 61 62 62 63 63 64 63 63 63 62 61 61
    60 60 60 60 61 62 63 65 66 67 68 68 68 67 66 65 65 65 65 66 67 67 67
    61 61 61 61 62 63 63 63 63 62 61 61 60 60 61 61 61 61 61 61 61 61 60
    61 62 62 63 64 65 66 67 68 69 70 71 71 72 72 72 71 70 70 69 68 67 66
    65 64 63 63 62 62 62 63 64 64 65 65 65 65 66 66 67 68 68 69 69 68 68
    67 67 66 67 67 67 68 69 69 68 68 66 64 62 61 59 59 59 59 60 61 62 62
    63 63 64 64 65 65 66 66 66 66 66 66 66 66 67 67 67 66 66 65 64 63 62
    61 60 60 59 59 58 58 57 56 56 55 54 54 55 56 57 59 60 62 63 63 63 64
    63 63 63 63 63 63 64 64 65 65 65 65 65 65 65 29 70 32 121 20 72 41
    63 125 78 98 55 36 91 6 34 44 111 70 30 89 114 66 40 52 29 24 111 96
    73 105 51 66 120 84 52 118 114 102 111 36 100 17 92 106 69 76 122 99
    38 76 96 50 116 75 61 121 74 50 38 51 117 0 110 27 59 60 60 60 61 61
    62 62 63 63 63 62 62 61 60 60 60 60 60 61 62 64 65 67 68 68 68 68 67
    66 66 66 66 66 67 67 68 68 61 60 61 61 61 62 62 63 63 63 63 62 62 63
    63 63 63 63 63 62 61 61 61 62 62 63 63 64 65 66 66 67 69 70 71 72 72
    72 72 72 71 70 69 68 67 66 65 64 64 63 63 62 62 63 64 64 64 64 65 65
    65 66 67 68 69 69 70 69 69 69 68 67 67 67 68 68 69 69 69 68 66 65 62
    61 59 58 58 59 60 61 62 62 63 63 63 64 64 65 65 65 66 65 65 65 66 66
    66 67 67 67 66 66 64 63 62 61 60 59 59 58 58 57 57 56 55 54 53 53 54
    55 56 58 60 62 64 65 65 66 65 65 64 64 63 63 63 63 64 64 65 66 66 66
    66 63 113 85 94 83 81 93 114 38 7 123 85 127 103 40 57 88 2 118 127
    93 108 80 126 14 48 5 77 101 80 10 47 52 121 46 113 120 28 71 107 1
    48 19 18 63 55 77 33 74 23 32 49 25 47 69 22 66 99 98 67 6 16 18 88
    125 59 59 59 60 60 61 61 62 63 62 62 62 61 61 60 60 60 60 60 61 63
    64 66 67 68 68 68 67 67 66 66 66 66 66 67 68 68 68 60 60 60 60 61 61
    62 63 63 64 64 64 64 64 64 64 64 64 63 63 62 62 62 63 63 63 64 64 65
    65 65 66 67 69 70 71 72 72 72 71 71 70 69 68 67 66 66 65 64 63 63 62
    62 63 63 63 63 64 64 64 64 65 67 68 69 70 70 70 70 70 69 68 68 68 68
    68 69 69 68 68 66 64 62 60 59 58 58 59 60 61 62 63 63 63 63 63 63 64
    65 65 65 65 65 65 66 66 67 67 67 67 66 66 64 63 61 60 59 59 59 58 58
    58 57 56 55 54 53 53 53 54 56 58 60 62 65 66 67 67 67 66 65 64 63 62
    63 63 63 64 65 66 66 66 66 120 22 37 45 74 7 101 61 60 2 70 80 36 94
    24 61 92 125 46 41 31 90 96 28 34 58 51 114 40 27 43 64 93 69 23 93
    50 32 121 61 58 125 99 39 98 47 79 65 20 51 86 109 33 60 96 126 109
    93 77 2 53 83 61 104 84 59 59 58 59 60 60 61 61 62 62 62 61 61 61 60
    60 60 60 61 62 63 65 66 67 67 68 68 67 67 66 66 66 66 67 67 68 68 69
    60 60 60 60 61 62 62 64 64 65 65 65 65 65 65 65 65 65 64 64 63 63 63
    64 64 64 65 65 65 64 64 65 66 67 68 69 70 71 71 70 70 69 69 68 67 66
    66 65 64 63 63 62 62 62 63 63 63 63 63 64 64 65 66 68 69 70 71 71 71
    70 70 69 69 68 68 68 68 68 67 67 65 64 62 60 59 59 59 60 61 62 62 63
    63 63 63 63 63 64 64 64 65 65 64 64 65 65 66 66 67 67 66 66 64 63 61
    60 60 59 59 59 59 58 58 56 55 54 53 52 53 54 55 58 60 63 66 67 69 69
    69 68 66 65 64 62 62 62 63 64 65 66 66 67 67 71 89 108 10 95 41 71
    92 22 10 118 54 120 2 59 62 102 41 109 30 26 81 88 31 71 51 92 86 5
    99 73 12 120 0 34 107 35 101 70 12 68 38 51 57 2 40 34 49 47 90 96
    29 7 42 43 109 56 45 119 81 117 27 22 49 103 59 59 59 59 60 60 61 61
    62 61 61 61 61 61 60 60 60 61 61 62 64 65 66 67 68 68 68 67 67 67 66
    66 67 67 68 68 68 69 61 60 61 61 61 62 63 64 65 65 66 66 66 66 66 66
    66 66 65 65 64 64 64 65 65 65 65 65 64 64 63 64 65 65 67 68 69 69 69
    69 69 69 68 68 67 66 65 65 64 63 63 62 62 62 63 63 63 63 63 63 64 65
    66 67 69 70 70 71 71 70 70 69 69 68 68 67 67 67 66 66 64 63 62 61 60
    60 61 61 63 64 64 64 64 64 63 63 63 63 64 64 64 64 64 64 64 64 65 66
    66 66 66 65 64 63 61 61 60 60 60 60 60 59 59 57 56 55 53 53 53 54 56
    58 61 64 67 69 70 70 70 69 67 65 64 62 62 62 63 64 65 66 66 67 67 8
    78 116 52 83 19 6 32 22 85 78 18 120 87 14 93 126 110 74 7 103 80 52
    127 1 126 10 81 53 32 106 78 14 1 108 82 102 4 111 109 70 72 62 15
    90 96 12 127 93 42 50 107 1 94 10 19 107 105 69 94 38 65 70 55 95 59
    59 59 60 60 60 61 61 61 61 61 61 61 61 61 61 61 62 62 63 64 65 66 67
    67 68 68 68 67 67 67 67 67 67 68 68 68 68 62 62 62 62 62 63 64 65 66
    67 67 67 67 66 66 66 66 66 66 66 65 65 65 65 66 65 65 64 64 63 62 62
    63 64 65 66 67 67 68 68 68 68 67 67 67 66 65 64 64 63 63 62 62 62 63
    63 63 63 63 63 63 64 65 66 68 69 70 70 70 70 70 69 69 68 68 67 67 66
    65 65 64 63 62 61 61 61 62 63 64 65 65 65 65 64 63 63 62 63 63 64 64
    64 64 63 64 64 65 65 66 66 66 65 64 63 62 62 61 61 62 62 61 61 60 58
    57 55 54 54 54 55 56 59 62 65 68 70 71 72 71 70 68 66 64 62 62 62 63
    64 65 66 67 67 67 123 78 88 103 35 80 41 114 82 30 15 39 125 74 52
    107 103 49 47 77 39 41 23 105 124 55 26 21 100 102 53 69 116 112 110
    33 31 31 123 9 25 69 0 78 78 83 102 59 13 76 40 65 17 117 68 47 40
    113 81 10 58 101 31 44 112 60 60 60 61 61 61 61 61 61 61 61 61 61 61
    61 62 62 62 63 64 65 66 66 67 67 68 68 68 68 68 68 68 68 68 68 68 68
    68 63 63 63 63 63 64 65 66 67 67 68 67 67 67 67 67 66 67 66 66 66 66
    66 66 66 65 65 64 63 62 62 62 62 63 64 65 66 66 67 67 67 68 67 67 67
    66 65 64 64 63 63 62 62 63 63 63 63 63 63 63 63 63 64 66 67 68 69 69
    70 70 70 69 69 68 68 67 66 66 64 64 63 62 62 62 62 63 65 65 67 68 68
    67 66 65 64 63 63 63 63 64 64 64 63 63 63 63 64 64 65 65 65 65 64 63
    63 62 62 62 62 63 62 62 61 59 58 56 55 55 55 56 58 60 63 66 69 71 72
    73 72 70 68 66 64 62 62 62 63 64 65 66 67 67 67 34 22 99 97 60 76
    101 80 90 127 122 94 2 83 86 9 88 101 53 43 12 64 79 98 78 45 57 64
    114 45 118 89 112 71 2 16 24 61 7 109 101 86 91 24 60 35 102 28 62
    57 46 36 96 2 89 8 20 116 26 120 55 21 39 54 46 62 62 61 62 62 62 62
    62 62 61 62 62 62 62 62 63 63 64 64 64 65 66 66 66 67 67 68 68 69 69
    69 69 68 68 68 67 67 67 65 65 65 64 65 65 66 67 68 68 68 68 68 67 67
    67 67 67 67 67 66 66 66 66 66 65 64 64 63 62 61 61 62 62 63 64 65 65
    66 67 67 68 67 67 67 66 65 64 64 63 63 63 63 63 63 64 63 63 63 63 63
    63 64 65 66 67 68 68 69 69 69 69 70 69 68 68 67 66 64 64 63 62 62 63
    64 65 67 68 69 70 70 69 68 66 65 64 63 63 63 63 63 64 63 63 63 63 64
    64 65 65 65 65 65 64 63 63 63 63 64 64 63 62 62 60 59 57 57 56 56 58
    59 62 64 67 70 72 73 73 72 70 68 65 63 62 62 62 63 64 65 66 67 67 67
    9 50 10 14 41 0 16 98 3 55 105 10 124 100 83 106 64 1 54 81 54 63 69
    18 41 122 2 71 111 60 37 21 66 68 0 102 124 53 120 2 0 69 36 20 45
    21 81 27 110 86 123 127 116 59 4 110 15 105 115 104 73 62 3 3 117 63
    63 63 63 63 63 63 62 62 62 62 62 62 62 63 64 64 64 65 65 65 66 66 66
    66 67 68 68 69 69 69 69 68 68 67 67 66 66 66 66 66 66 66 67 67 68 68
    69 69 68 68 68 67 67 67 67 67 67 66 66 65 65 64 64 64 63 62 62 62 62
    62 63 63 64 65 65 66 67 67 68 68 68 67 66 65 65 64 64 64 63 63 64 64
    64 64 64 63 63 63 63 64 64 65 66 67 67 68 69 69 69 70 69 69 68 67 66
    64 63 63 63 63 64 65 67 69 70 71 72 72 71 70 68 66 64 63 63 62 63 63
    63 63 63 63 63 64 64 64 65 65 65 65 65 64 64 64 64 64 64 64 63 62 61
    59 58 58 58 58 59 61 63 66 69 71 73 74 74 72 70 68 65 63 62 61 61 62
    64 65 66 67 67 66 21 94 87 45 100 23 96 9 69 24 19 43 110 38 48 107
    48 106 107 79 62 56 81 79 38 55 82 100 73 89 115 19 119 97 104 108
    19 25 59 12 75 0 36 36 82 30 41 105 112 52 15 16 62 96 22 116 95 66
    13 50 51 18 112 127 108 64 65 64 65 65 65 64 64 63 62 62 62 63 63 64
    65 65 65 66 65 65 65 65 65 65 66 67 68 69 69 70 69 68 67 66 66 65 65
    68 68 68 67 67 67 67 68 68 68 68 68 68 67 67 67 67 67 67 67 66 65 65
    64 64 63 63 62 62 62 62 62 63 63 64 64 65 65 66 67 68 68 68 68 67 66
    65 65 64 64 63 63 64 64 64 64 64 64 64 63 63 63 64 64 65 66 66 67 68
    68 69 69 69 69 69 68 67 66 65 64 63 63 63 65 66 68 70 71 73 73 73 72
    71 69 66 65 63 62 62 62 62 63 64 64 64 64 64 64 64 64 65 65 65 64 64
    64 64 64 64 64 64 63 62 61 60 59 59 59 60 61 63 65 67 70 72 73 74 74
    72 70 68 65 63 61 61 61 62 63 64 65 66 66 66 49 56 108 105 25 94 0
    25 90 122 104 101 33 65 75 120 24 110 49 48 78 22 49 122 34 86 121
    125 78 8 57 7 102 80 37 61 42 65 85 22 11 51 42 3 127 126 110 94 0
    61 64 60 119 36 121 44 89 29 61 54 127 14 64 93 111 65 66 65 66 66
    66 65 65 64 63 63 63 63 63 64 65 65 66 66 65 65 64 64 64 65 65 67 68
    69 70 70 69 68 67 65 64 64 64 69 69 69 68 68 68 68 68 68 68 68 68 68
    68 67 67 67 67 67 66 65 65 64 64 63 63 62 62 62 62 62 63 63 64 64 64
    65 66 67 67 68 69 68 68 67 66 65 65 64 64 64 64 64 64 64 64 64 64 64
    64 64 63 64 64 64 65 66 66 67 68 68 69 70 70 69 69 68 66 65 64 63 63
    63 65 66 68 71 72 73 74 73 72 71 69 67 65 63 62 61 61 62 62 63 64 64
    64 64 64 64 64 64 64 64 64 64 64 64 64 63 64 63 63 62 62 61 60 61 61
    62 63 65 67 69 71 73 74 74 74 72 69 67 64 62 60 60 60 61 63 64 65 65
    66 66 49 118 8 87 27 16 106 8 33 36 55 108 109 33 105 40 7 121 103
    115 46 122 101 107 76 18 72 78 118 2 111 27 14 64 88 51 93 63 73 70
    26 119 88 21 81 104 95 107 15 99 51 79 41 46 32 77 11 49 50 39 8 36
    67 71 41 66 66 67 67 67 67 67 66 65 64 64 63 63 64 64 65 66 66 66 65
    64 64 63 63 64 64 66 67 68 68 68 68 66 65 63 63 62 62 70 70 69 68 68
    67 67 67 67 67 67 67 67 67 67 67 67 67 66 66 65 65 64 63 63 62 62 62
    62 62 63 64 64 65 65 65 66 66 67 68 68 69 68 68 67 66 65 65 64 64 64
    64 64 64 64 64 64 64 64 64 64 64 64 64 65 65 65 66 67 67 68 69 69 70
    70 69 68 67 65 64 63 63 64 65 66 68 71 72 73 73 73 72 71 69 67 65 63
    61 60 61 61 62 63 64 64 64 64 63 63 63 63 63 63 63 63 63 62 62 62 62
    62 62 62 61 61 61 62 62 63 64 66 68 70 72 74 75 74 74 71 69 66 63 61
    60 60 60 61 62 63 64 65 65 65 57 18 94 50 126 66 12 26 54 109 10 101
    79 25 49 118 46 86 69 108 68 41 29 117 110 53 32 108 117 49 47 3 55
    35 34 3 57 66 20 122 24 44 78 115 32 46 50 109 3 70 29 40 55 44 6 21
    96 105 71 55 92 110 63 110 80 66 67 67 67 68 68 68 67 66 65 64 64 64
    64 65 66 66 66 65 65 64 63 62 62 63 64 65 66 68 68 68 67 65 64 62 61
    60 60 70 70 70 69 68 67 67 66 66 66 66 66 67 67 67 67 67 67 66 66 65
    65 64 64 63 63 62 62 62 63 64 64 65 65 66 66 66 66 67 67 68 69 68 68
    67 66 66 65 64 64 64 64 64 64 64 64 64 64 64 64 64 64 64 65 65 65 65
    66 66 67 68 68 69 69 69 69 68 67 65 64 63 63 63 64 66 68 70 71 72 72
    72 71 70 68 66 64 62 60 59 59 60 61 63 64 64 64 64 63 62 62 62 62 62
    62 62 62 61 61 61 61 61 61 61 61 62 62 63 64 65 66 67 69 71 73 74 75
    75 74 71 69 66 63 61 59 59 59 60 61 62 63 64 65 65 70 35 118 19 90
    98 53 120 0 63 118 32 57 18 59 25 29 41 120 41 76 33 127 1 107 15
    103 96 109 126 69 19 90 76 110 105 93 2 95 36 40 49 96 56 83 37 50 3
    11 10 79 37 125 81 99 38 127 89 6 82 51 6 123 9 29 66 67 67 68 69 69
    69 68 67 66 65 65 64 65 65 66 66 66 65 65 63 63 62 62 62 63 64 65 66
    66 66 65 63 62 60 60 59 59 71 70 70 68 67 66 65 65 65 65 65 65 65 66
    66 66 66 66 66 66 65 65 65 64 63 63 63 63 63 63 64 65 66 66 67 67 67
    67 67 67 68 68 68 68 67 66 65 65 64 64 64 64 64 64 64 64 64 64 64 64
    64 64 65 65 65 65 65 66 66 67 68 68 69 70 69 69 68 67 65 64 63 63 63
    64 66 67 69 70 71 71 71 70 68 67 65 62 60 59 58 59 59 61 62 64 64 64
    64 62 62 61 61 60 61 61 60 60 60 60 59 60 60 60 61 61 62 63 64 65 66
    67 69 70 72 73 74 75 74 73 71 68 65 62 60 59 59 58 59 60 61 62 63 64
    65 66 66 66 65 65 64 63 63 62 63 64 64 66 67 68 69 70 71 72 73 73 73
    73 73 72 72 72 71 70 70 69 68 67 66 65 64 63 62 60 59 59 60 61 62 63
    63 63 62 61 61 61 61 62 64 65 67 67 68 67 67 66 66 65 65 65 65 66 67
    68 69 69 70 69 68 67 66 66 65 66 66 66 66 66 65 64 63 62 62 62 62 63
    64 65 66 65 65 63 62 60 59 58 58 58 71 70 70 68 67 66 65 64 64 64 64
    64 65 65 65 65 65 66 66 66 66 66 65 65 64 64 64 63 64 64 65 65 66 67
    67 67 66 66 66 66 67 67 67 67 66 66 65 65 64 64 64 64 63 63 63 63 64
    64 64 64 65 65 65 66 65 66 66 66 66 67 68 68 69 69 69 69 68 67 65 64
    63 62 62 63 65 66 68 69 70 70 69 68 67 65 63 61 59 58 57 57 58 60 62
    63 64 64 64 62 61 61 60 60 60 60 59 59 59 58 58 58 58 59 60 61 62 63
    65 66 67 68 69 71 72 73 74 75 74 73 70 68 65 62 60 59 59 58 59 60 61
    62 63 64 65 65 66 66 66 65 65 64 64 64 64 64 65 66 67 68 69 70 71 72
    72 72 72 72 72 71 71 71 70 70 69 69 68 68 67 66 64 63 61 60 59 59 60
    61 62 63 63 63 62 61 61 61 61 63 64 65 67 67 67 67 66 65 65 64 64 64
    65 66 67 68 69 70 70 70 69 68 67 67 66 66 67 67 66 66 65 65 63 63 62
    62 62 63 64 64 65 64 63 62 60 59 58 58 58 58 71 70 70 68 67 65 64 64
    63 63 63 64 64 64 64 65 65 65 65 66 66 66 65 65 65 64 64 64 64 65 66
    66 67 67 67 67 67 67 66 66 66 66 66 66 65 65 65 65 64 64 64 64 64 63
    63 63 63 63 64 64 65 65 66 66 66 66 66 66 66 67 68 68 69 69 69 68 67
    66 64 63 62 62 62 63 64 65 67 68 68 68 67 66 65 63 61 59 58 57 56 57
    58 60 62 63 64 64 64 62 61 60 60 59 59 59 58 58 58 57 57 57 58 58 59
    60 62 63 65 66 68 69 70 71 72 73 74 74 74 73 70 68 65 63 61 59 59 59
    59 60 61 61 62 63 64 65 65 66 66 66 65 65 65 65 65 65 65 66 67 68 68
    70 70 71 72 72 72 71 70 69 69 69 69 69 68 68 68 67 66 65 64 62 61 59
    59 59 59 61 62 63 63 63 62 62 61 61 62 63 64 65 66 67 67 66 66 65 64
    63 63 63 64 65 66 68 69 70 71 70 70 69 68 68 68 68 68 68 68 67 66 65
    64 63 63 62 63 63 64 64 64 63 62 61 59 59 58 58 57 58 70 70 69 67 66
    65 64 63 63 63 63 63 63 63 63 64 64 64 65 65 66 66 66 66 65 65 65 64
    65 65 66 67 68 68 68 68 67 67 66 65 65 65 65 64 64 64 64 64 63 64 63
    63 63 63 63 63 63 63 63 64 65 65 66 66 66 66 67 66 67 67 68 68 69 69
    68 68 67 66 64 63 62 61 62 62 63 65 66 66 67 67 66 65 64 62 60 58 56
    56 55 56 58 59 61 63 64 64 64 63 62 61 60 60 59 59 58 58 57 57 57 57
    57 58 59 60 62 63 65 66 68 68 70 70 71 72 73 73 73 72 70 67 65 63 61
    60 60 59 60 60 61 61 62 63 64 64 65 66 65 65 66 65 65 65 66 66 66 66
    66 67 68 69 69 70 70 70 70 69 68 67 67 67 67 67 67 67 67 66 66 64 63
    61 60 58 58 58 59 60 61 62 63 63 63 62 62 61 62 63 64 65 66 66 66 65
    64 63 62 62 62 63 63 65 66 68 69 70 71 70 70 70 69 69 68 68 68 68 68
    67 66 65 64 63 63 63 63 63 64 64 64 62 62 60 59 59 58 58 58 59 70 70
    69 67 66 64 64 63 63 63 63 63 63 63 63 63 63 63 64 64 65 65 65 65 65
    65 65 65 65 65 67 67 68 68 68 68 67 66 65 65 64 64 63 63 63 63 63 63
    63 63 63 63 63 63 63 62 63 63 63 64 64 65 66 67 67 67 67 67 67 68 68
    68 68 68 67 67 65 64 62 61 61 60 60 61 62 63 64 65 65 65 65 63 62 60
    58 57 55 55 54 56 57 59 61 63 64 65 65 64 63 62 61 60 60 59 58 58 57
    57 57 57 57 57 58 59 61 62 64 66 67 68 69 70 71 72 72 72 72 71 69 67
    65 63 62 61 61 60 60 60 61 61 62 62 63 64 64 65 65 65 65 65 65 65 65
    65 65 65 65 66 66 67 68 69 69 69 68 67 66 65 65 65 65 65 66 66 66 66
    65 64 62 61 59 58 58 58 59 60 61 62 63 64 63 63 62 62 62 63 64 64 65
    65 65 64 63 62 61 61 61 62 63 64 66 68 69 70 70 70 70 70 69 69 69 69
    69 69 68 68 67 65 64 63 63 62 63 63 63 63 63 61 61 60 59 58 58 59 59
    59 69 69 68 66 65 64 63 63 63 63 63 62 62 62 62 62 62 62 62 63 64 65
    65 65 65 65 65 65 65 66 67 67 68 68 68 67 67 66 65 64 64 63 62 62 62
    62 62 62 63 63 63 63 63 63 62 62 62 62 62 63 64 65 66 67 67 67 68 67
    68 68 68 68 68 68 67 66 64 63 62 61 60 60 60 61 62 63 63 64 64 64 63
    62 61 59 57 56 55 54 54 55 57 59 61 62 64 64 65 64 64 63 62 61 60 60
    59 59 58 58 57 57 57 57 57 58 60 61 63 65 66 67 68 69 70 71 71 71 71
    70 68 67 65 64 62 61 61 61 61 61 61 61 61 62 62 63 63 64 63 64 64 64
    65 65 65 64 64 64 64 64 64 65 66 67 67 67 66 65 64 63 63 63 63 64 64
    65 64 64 64 63 62 60 59 58 58 58 58 60 61 63 63 64 64 64 63 63 63 63
    63 64 64 64 64 63 62 61 61 61 61 62 63 64 66 67 69 69 70 70 70 69 69
    69 69 69 69 69 68 67 66 65 63 63 62 62 62 63 63 63 62 61 61 60 59 59
    59 59 59 60 68 68 67 66 65 64 63 63 63 63 63 62 62 62 61 61 61 61 61
    62 63 64 64 65 65 64 64 64 64 65 66 67 67 67 67 66 66 65 64 63 63 62
    62 61 61 61 62 62 62 62 63 63 63 62 62 62 61 62 62 63 63 64 65 66 67
    67 68 67 67 68 68 68 68 67 66 65 63 62 60 59 59 59 60 60 61 62 62 62
    62 62 62 61 60 58 56 55 54 54 54 55 57 59 60 62 63 64 65 64 64 63 63
    62 61 60 60 60 59 59 58 58 58 58 58 58 59 60 62 64 65 66 67 68 69 69
    70 70 69 69 68 66 65 64 63 62 62 62 62 61 61 61 61 61 61 61 62 62 62
    62 63 63 63 63 63 63 63 62 62 62 62 63 64 65 65 65 64 63 62 61 61 62
    62 63 63 64 64 64 63 62 61 60 59 58 58 58 59 60 61 62 63 64 64 64 64
    64 64 64 64 64 64 63 63 62 62 61 60 61 61 62 63 65 66 67 69 69 69 69
    69 69 69 69 68 68 68 68 67 66 65 63 62 61 61 61 61 62 61 61 61 60 59
    59 59 59 59 60 60 60 67 67 66 65 64 64 63 62 63 62 62 62 62 62 61 61
    61 61 61 62 63 64 64 65 64 64 64 64 64 64 65 66 66 66 66 66 65 64 64
    63 62 62 62 61 61 61 62 62 62 62 62 62 62 62 61 61 61 61 61 62 62 64
    65 66 67 67 68 67 67 67 67 67 67 67 65 64 62 61 59 59 59 59 60 60 61
    61 61 61 61 61 60 60 58 57 56 54 54 54 54 55 56 58 60 61 62 63 64 64
    63 63 62 62 61 61 61 60 60 60 60 60 59 59 58 58 59 60 61 63 64 65 66
    67 68 69 69 69 68 68 67 65 65 64 63 63 63 62 62 62 61 61 61 61 61 61
    61 61 61 61 61 61 61 61 61 61 60 60 60 60 60 61 62 63 63 63 62 61 61
    60 60 60 61 62 62 63 63 63 63 62 61 60 59 58 58 58 59 60 61 62 63 64
    64 65 64 64 64 64 63 63 63 63 63 62 62 61 61 61 62 63 64 65 66 67 68
    68 69 69 69 68 68 68 67 67 67 66 65 64 63 62 60 60 60 60 61 61 61 61
    61 59 59 59 59 60 60 60 60 61 66 67 66 65 64 63 63 62 63 62 62 62 62
    62 61 61 60 60 60 61 62 63 64 65 65 64 64 64 64 64 64 65 65 65 65 64
    63 63 62 62 62 62 61 62 62 62 62 62 63 63 63 63 62 62 62 61 61 61 61
    61 62 63 64 65 66 67 67 67 67 67 67 67 66 66 65 63 61 59 58 58 58 58
    59 60 60 60 60 60 60 59 59 58 57 56 55 54 53 53 54 55 56 58 59 60 61
    62 63 63 63 63 62 62 62 61 61 61 62 62 62 62 61 60 59 59 59 59 60 62
    63 64 65 66 67 67 67 68 67 67 66 65 64 64 63 63 63 63 63 62 62 61 61
    60 60 60 60 60 60 60 59 59 59 59 59 59 58 58 58 58 59 59 60 61 61 61
    61 60 60 59 59 60 61 62 63 63 63 64 63 63 62 61 60 59 59 59 59 60 61
    61 62 63 63 64 64 65 64 64 64 63 63 63 63 63 63 62 62 62 63 64 65 66
    67 68 68 68 68 68 68 67 67 67 66 66 65 64 63 62 61 60 59 59 59 59 60
    60 60 59 59 59 59 59 59 60 60 61 61 61 66 66 66 65 64 64 63 63 63 63
    63 62 62 62 61 61 61 61 61 62 63 64 65 65 65 65 65 64 64 64 64 64 64
    64 63 63 62 62 62 61 62 62 62 63 63 64 64 64 64 64 64 63 63 62 62 61
    61 61 60 61 61 62 63 64 66 66 66 66 66 66 66 66 66 65 64 62 61 59 58
    57 58 58 59 60 60 60 60 59 59 59 58 58 57 56 55 54 54 54 54 55 56 58
    59 60 60 61 61 61 61 61 61 61 61 61 62 62 63 64 64 64 63 62 61 60 60
    59 60 61 63 64 65 66 67 67 67 67 67 66 65 64 64 64 63 64 64 64 63 63
    62 62 61 60 60 60 60 59 59 58 58 58 57 57 57 57 57 56 56 56 57 58 59
    60 60 60 60 59 59 59 59 60 61 62 63 63 64 64 64 63 63 62 61 60 60 59
    59 59 60 60 61 62 63 64 64 65 64 64 64 64 63 63 64 63 64 64 64 64 64
    65 66 66 67 68 68 68 68 67 67 67 66 66 65 64 63 63 61 60 59 59 58 58
    59 59 59 60 60 59 59 59 59 59 60 61 61 62 62 62 66 66 66 65 65 64 64
    63 63 63 63 63 63 63 62 62 61 61 61 62 63 64 65 66 66 66 65 65 64 64
    64 63 63 63 62 62 61 61 61 61 61 62 63 64 65 65 66 66 65 65 65 64 64
    63 63 62 62 61 61 61 61 62 63 64 65 65 65 65 65 65 65 65 65 64 63 62
    60 58 57 57 58 59 60 61 61 61 60 60 59 59 58 58 57 56 55 54 54 54 55
    56 57 58 59 59 60 60 60 60 60 60 60 60 61 61 63 63 64 65 66 66 65 64
    63 61 60 60 60 61 62 63 64 66 66 67 67 67 66 66 65 64 64 64 64 65 65
    65 65 64 63 63 62 61 61 60 60 60 59 58 58 57 57 56 56 56 56 56 56 56
    57 58 58 59 59 60 59 59 59 59 59 60 61 63 64 65 65 65 65 64 64 63 62
    61 60 59 59 58 58 59 59 60 61 62 63 64 64 64 64 63 63 63 64 64 65 65
    65 65 66 66 67 67 68 68 69 68 68 67 67 66 65 65 64 63 62 61 60 59 58
    58 58 58 59 59 60 60 60 59 59 59 60 60 61 62 63 63 63 64 67 67 66 66
    65 65 65 64 64 64 64 64 64 63 63 62 62 62 62 63 64 65 66 67 67 67 66
    66 65 64 64 63 63 62 62 61 60 60 60 60 61 62 63 65 66 67 68 68 68 67
    66 66 65 64 64 63 63 62 61 61 61 62 62 63 64 64 64 64 64 64 64 64 64
    64 63 61 60 58 58 57 58 59 61 62 62 62 61 61 60 59 59 58 57 56 55 54
    54 55 56 57 58 59 59 60 60 60 60 60 60 60 60 60 61 62 63 64 66 67 68
    68 67 66 64 63 61 61 61 61 62 64 65 66 67 67 67 67 66 65 65 64 64 64
    64 65 66 66 66 65 64 63 62 61 61 61 60 60 59 58 58 57 57 56 56 56 55
    55 56 56 57 57 58 59 59 60 59 59 59 59 60 61 62 64 65 66 66 67 66 66
    65 64 63 61 60 59 58 57 57 57 58 59 60 61 62 64 64 64 64 64 63 64 64
    65 65 66 66 66 67 67 67 68 68 68 68 68 67 67 66 65 64 63 62 62 61 60
    59 58 58 58 58 59 60 60 60 60 60 59 59 59 60 61 62 63 63 64 64 64 68
    68 67 67 66 66 65 65 65 64 64 64 64 64 63 63 62 62 63 64 65 66 67 68
    68 68 67 67 66 66 65 64 64 63 62 61 60 60 60 60 61 62 64 65 67 69 70
    70 70 69 68 68 66 66 65 64 64 63 62 62 61 61 62 62 63 63 63 63 63 63
    63 64 64 64 63 62 60 59 58 58 59 61 62 63 64 64 63 63 62 61 60 60 58
    57 56 56 56 56 57 58 59 60 60 61 60 60 60 60 60 60 60 60 61 62 64 66
    67 69 70 70 69 67 66 64 62 62 61 62 63 64 65 66 67 67 68 67 66 65 65
    64 64 64 65 66 66 67 67 66 65 65 64 63 62 61 61 60 60 59 59 58 58 57
    57 57 56 56 56 57 57 58 59 59 60 60 60 59 60 60 61 62 63 65 66 67 67
    67 67 66 65 64 63 61 60 58 58 57 56 56 57 58 59 60 62 63 63 64 64 63
    63 64 64 65 66 66 67 67 67 68 68 68 68 69 68 68 68 67 66 65 64 63 62
    61 60 59 58 58 58 58 59 60 61 61 61 61 61 60 60 60 61 62 63 64 65 65
    65 65 68 69 68 68 67 67 66 66 66 66 65 65 65 65 64 64 63 63 64 65 66
    67 68 69 69 69 69 68 67 67 66 65 64 63 62 61 60 60 59 60 60 62 64 66
    68 70 71 72 71 71 70 69 68 67 66 65 65 64 63 62 61 61 61 61 62 62 62
    62 62 62 62 63 63 63 63 62 61 60 59 59 60 62 63 65 65 65 65 65 64 63
    62 61 60 58 57 57 57 58 59 60 61 62 62 63 62 62 61 61 60 60 61 61 62
    63 65 67 68 70 71 71 70 69 67 65 64 63 62 63 63 64 66 67 68 68 68 67
    66 65 64 63 63 64 65 66 67 67 67 67 66 65 64 63 63 62 61 61 60 60 60
    60 59 59 59 59 58 58 58 58 58 59 59 60 60 60 60 60 60 60 61 62 64 65
    66 68 68 68 67 66 65 64 63 61 60 58 58 56 56 56 56 57 58 60 61 63 63
    64 64 64 64 64 64 65 66 66 67 67 68 68 68 68 68 69 68 68 67 67 66 65
    63 62 61 60 59 59 58 58 59 59 60 61 62 62 62 61 61 60 60 61 62 63 64
    65 66 66 66 66 69 69 69 68 68 67 67 66 66 66 66 65 65 65 64 63 63 63
    64 65 66 67 68 69 70 70 70 70 69 69 68 67 66 65 64 62 61 60 60 59 60
    61 63 65 68 70 72 73 72 72 71 70 68 68 67 66 65 64 63 62 61 61 61 61
    61 61 61 61 61 61 62 62 63 63 63 63 62 61 61 61 62 64 65 67 67 68 67
    67 66 65 64 63 61 60 59 58 58 59 60 62 63 64 64 65 64 64 63 62 62 62
    62 62 63 64 66 67 69 70 71 71 71 70 68 66 65 64 63 63 64 65 66 67 68
    68 68 67 66 65 64 63 63 64 64 65 66 67 68 68 67 66 65 64 64 63 62 62
    61 61 61 61 61 61 61 61 60 60 59 59 59 59 60 60 60 60 60 60 60 61 62
    63 64 66 67 68 68 68 68 66 65 64 63 61 60 59 58 57 56 56 57 58 59 60
    62 63 63 64 64 63 63 63 64 64 65 66 67 67 68 68 68 68 68 68 68 68 67
    66 66 64 63 62 61 60 59 58 58 58 59 60 61 62 63 63 63 62 62 61 61 62
    63 64 65 66 66 67 67 66 70 70 69 69 69 68 68 67 67 67 66 65 65 64 63
    63 62 63 63 64 65 66 67 68 69 69 70 70 70 70 69 68 67 66 65 63 62 61
    60 59 59 61 62 65 67 70 72 73 73 73 72 71 69 69 68 67 66 65 64 62 62
    61 61 61 61 61 60 60 60 60 61 62 63 63 64 63 63 63 63 63 64 65 66 68
    68 69 69 68 68 67 66 64 63 61 60 60 60 61 62 63 65 66 66 66 66 66 65
    64 64 63 63 63 64 65 66 68 70 71 72 72 71 70 69 67 65 65 64 64 65 66
    67 68 68 68 68 66 65 64 63 62 62 63 63 65 66 67 67 68 67 67 66 65 64
    63 62 62 62 62 62 63 63 64 64 63 63 62 61 61 61 61 61 61 61 61 61 61
    61 61 62 63 64 65 66 67 68 68 67 66 65 64 63 61 61 59 59 58 58 58 58
    59 60 61 63 64 64 64 64 64 64 64 64 64 65 66 66 67 68 68 68 68 68 68
    68 68 67 67 66 65 63 62 61 60 59 59 58 59 59 61 62 63 64 63 63 62 62
    61 61 62 63 65 66 66 67 67 67 66 70 70 69 69 69 68 68 67 67 66 66 65
    64 64 63 62 62 62 62 63 64 65 67 68 69 69 70 71 71 71 70 70 68 67 66
    64 62 61 60 59 59 60 62 64 67 69 71 73 73 72 71 70 69 68 67 66 66 65
    63 62 61 61 61 61 61 61 60 60 60 60 61 62 62 63 64 64 64 65 65 65 66
    67 68 69 70 70 70 70 69 68 67 66 64 63 62 61 61 62 63 65 66 67 68 68
    68 67 67 65 65 64 64 64 64 65 67 68 69 71 72 72 71 70 69 67 66 65 64
    65 65 66 67 68 68 68 68 67 65 63 62 61 61 61 62 63 65 66 67 68 68 67
    67 66 65 64 63 62 62 62 63 63 64 65 65 65 64 64 63 62 62 61 61 61 61
    61 60 60 61 61 61 62 63 64 65 66 66 66 66 65 65 64 63 62 61 60 60 60
    59 60 60 61 61 63 63 64 65 65 65 64 64 63 64 64 65 66 66 67 68 68 68
    68 68 68 67 67 67 66 66 65 64 62 61 60 59 59 59 59 60 61 62 63 64 64
    64 63 62 62 62 63 64 65 66 66 66 66 66 66 69 69 69 69 69 68 68 67 67
    66 65 64 63 63 62 62 61 61 62 62 63 64 65 66 67 68 69 70 70 71 70 70
    69 68 66 65 63 62 60 59 59 59 61 63 65 67 70 71 72 72 71 70 69 68 67
    67 66 65 63 62 62 61 61 61 61 61 61 61 60 60 61 62 62 64 65 65 65 66
    66 66 67 68 68 69 70 70 70 70 70 69 68 66 65 63 62 61 61 62 63 65 66
    67 68 68 68 68 67 66 66 65 65 64 64 65 66 67 69 70 71 71 71 70 69 68
    67 66 65 65 66 66 67 68 68 67 67 66 64 62 61 60 60 60 61 62 64 65 67
    68 68 68 67 67 66 65 64 63 62 62 63 64 65 66 67 67 66 66 65 64 63 63
    62 62 61 61 61 61 61 61 61 61 62 63 63 64 65 65 65 65 65 64 64 63 63
    62 62 61 61 61 62 62 63 64 64 65 65 65 65 65 64 63 63 64 64 65 66 67
    67 68 67 68 68 67 67 67 67 67 66 65 64 63 62 61 60 59 59 60 60 62 63
    64 64 64 64 63 62 62 63 64 64 66 66 66 66 66 66 66 68 69 69 69 68 68
    68 67 67 65 64 63 63 62 61 61 61 61 61 61 62 62 64 64 66 67 68 70 70
    71 71 70 69 68 67 65 64 62 61 60 59 60 61 62 65 67 69 70 71 71 70 69
    68 68 67 66 65 64 63 62 62 62 62 62 62 62 62 61 61 61 61 62 62 64 65
    66 66 67 67 67 68 68 68 69 69 70 70 70 69 69 68 66 65 64 62 62 62 63
    64 65 67 68 68 68 68 68 67 66 66 65 65 64 64 65 66 66 68 69 70 70 70
    70 69 68 67 66 65 65 66 66 67 68 68 68 67 66 64 62 61 60 59 59 60 61
    63 65 66 67 68 68 68 67 66 65 64 63 62 62 63 63 65 66 67 67 67 67 66
    65 64 63 63 62 61 61 61 60 61 60 60 60 61 61 61 62 63 64 64 64 65 64
    65 64 64 63 63 63 63 63 63 64 64 65 65 66 66 66 66 65 64 63 63 63 64
    65 65 66 67 67 67 67 67 66 66 67 67 66 66 65 64 63 62 61 60 60 60 60
    61 62 63 64 65 64 64 64 63 63 63 64 65 66 66 66 65 65 65 64 68 68 68
    68 68 68 68 67 66 65 64 63 62 61 61 61 61 61 61 61 61 61 62 63 64 65
    67 68 69 70 70 69 69 68 67 65 64 62 61 60 59 59 60 61 63 65 67 68 69
    69 69 69 68 67 67 66 65 64 63 63 63 62 63 63 63 63 62 62 61 61 61 62
    62 64 65 66 67 68 68 68 68 69 69 69 69 70 70 70 69 69 68 66 65 64 62
    62 61 62 63 64 66 67 67 68 67 67 67 66 66 65 64 64 64 64 65 66 67 68
    69 69 69 69 69 68 67 66 66 65 66 66 67 67 68 67 66 65 64 62 61 59 58
    59 59 60 62 64 65 67 68 69 68 68 67 65 64 62 61 61 62 62 64 65 66 67
    67 68 67 67 66 65 64 63 62 61 61 60 60 60 59 59 59 59 60 60 61 62 62
    63 64 64 65 64 64 64 64 64 64 64 64 65 65 65 65 66 66 66 66 65 64 64
    63 63 64 65 65 66 66 67 66 66 66 66 66 66 67 67 67 66 65 64 63 62 61
    61 61 61 62 63 64 65 65 65 65 64 64 63 64 64 65 66 66 66 66 65 65 64
    67 67 67 67 67 67 67 66 65 64 63 62 62 61 61 61 61 61 61 61 61 61 62
    62 63 64 65 67 67 68 69 69 68 67 66 65 64 63 61 60 60 59 60 61 62 64
    65 67 67 68 68 68 67 67 66 65 65 64 63 63 63 63 64 64 64 64 63 62 62
    61 61 62 62 64 65 66 67 68 68 69 69 69 69 69 69 69 69 69 69 68 68 66
    65 64 62 62 61 62 63 64 65 66 66 67 66 66 66 65 65 64 64 64 64 64 64
    65 66 67 68 68 69 69 68 68 67 66 65 65 65 66 66 67 67 67 66 65 63 62
    60 59 58 58 58 59 61 63 65 67 68 68 68 68 67 65 64 62 61 60 60 61 62
    64 65 66 67 68 68 67 67 66 64 63 62 61 61 60 60 59 59 58 58 58 58 58
    59 60 61 62 63 64 65 65 65 65 65 65 65 65 65 65 65 66 65 66 66 66 65
    65 64 63 63 63 63 64 64 65 65 65 65 65 65 65 66 66 67 67 67 66 66 65
    64 63 62 62 62 62 62 63 64 65 66 65 65 65 64 64 64 65 66 66 66 66 65
    65 64 64 66 67 67 67 67 67 67 66 65 64 63 62 61 61 61 61 61 61 61 61
    61 61 61 61 61 62 63 65 66 67 68 68 68 67 66 65 64 63 62 61 60 60 60
    60 61 62 64 65 66 66 66 67 66 66 66 65 64 64 63 63 64 64 64 65 65 64
    64 63 62 61 61 62 62 63 65 66 67 69 69 69 69 69 69 69 69 69 69 69 69
    69 68 67 66 64 63 62 62 62 63 64 64 65 65 65 65 65 65 64 64 64 64 64
    64 64 64 64 65 66 67 67 68 68 68 67 66 66 65 65 65 65 66 66 67 66 66
    65 63 62 60 59 58 58 58 59 61 63 64 66 67 68 68 67 66 65 63 62 60 59
    59 60 61 62 64 66 67 68 69 69 68 67 65 64 63 61 61 60 59 59 58 57 57
    57 57 57 58 59 60 61 62 63 64 64 65 65 65 65 65 65 65 65 65 65 65 65
    65 65 65 64 64 63 63 62 63 63 64 64 64 65 64 64 65 65 65 66 66 66 67
    66 66 65 65 64 63 63 63 63 63 64 65 66 66 66 66 65 65 65 65 65 66 67
    67 66 66 65 64 64 66 67 67 67 67 67 66 65 65 64 63 62 61 61 61 61 61
    62 62 62 61 61 61 61 61 61 62 64 65 66 67 67 67 67 66 65 64 63 62 61
    60 60 60 60 61 62 63 64 64 65 65 66 66 66 65 65 64 64 64 64 64 65 65
    65 66 65 64 63 63 62 62 62 63 64 65 66 67 69 69 70 70 69 69 68 68 68
    68 68 68 68 68 67 66 65 64 63 62 63 63 64 64 65 65 65 64 64 64 63 64
    64 64 64 64 64 65 65 65 66 66 67 67 68 67 67 66 65 65 64 64 64 65 65
    66 66 65 64 63 61 60 59 58 58 58 58 60 62 63 65 66 66 66 66 65 64 62
    61 60 59 59 59 60 61 63 65 67 68 69 69 69 68 66 65 63 62 61 60 59 58
    58 57 57 56 56 56 57 57 59 60 61 62 64 64 65 65 65 65 65 65 65 65 65
    65 65 65 65 65 64 64 63 63 62 62 62 62 63 63 63 64 63 64 64 64 64 65
    65 66 66 66 66 65 65 64 64 64 64 64 64 65 65 66 66 66 66 66 65 65 66
    66 67 67 67 67 66 66 65 65 67 68 67 67 67 67 66 65 65 64 63 62 62 61
    61 61 62 62 62 62 62 61 61 60 60 60 61 62 63 64 65 66 66 66 66 65 64
    64 62 61 60 60 60 60 61 61 62 63 64 64 65 65 65 65 65 64 64 64 64 64
    65 65 65 66 66 65 65 64 63 62 62 62 62 63 64 66 67 69 70 70 70 70 69
    68 68 68 68 68 68 69 69 68 67 66 65 64 63 63 64 64 64 65 64 64 64 63
    63 63 63 63 64 64 65 65 65 65 66 66 66 66 66 67 66 66 65 65 64 64 63
    64 64 64 65 65 65 64 63 62 60 59 58 58 57 58 60 61 62 64 65 65 65 65
    64 63 62 61 60 59 58 59 59 61 63 65 67 68 69 70 69 69 67 65 63 62 61
    60 59 58 58 57 57 57 56 56 57 57 58 59 60 61 63 63 64 64 65 65 65 65
    65 65 64 64 64 64 64 64 64 63 63 62 62 61 61 61 62 62 62 63 63 63 63
    64 64 64 65 65 65 65 65 65 65 65 64 64 64 64 64 65 65 66 66 66 66 65
    65 66 66 67 68 68 68 68 67 67 66 66 68 68 68 68 67 67 66 65 65 64 63
    63 62 62 62 62 62 62 62 62 62 61 61 60 60 60 60 61 62 63 64 64 65 65
    65 65 64 63 62 61 60 60 60 60 60 61 62 62 63 64 64 64 64 65 65 65 65
    65 65 65 65 66 66 66 66 65 65 64 64 63 63 63 63 64 65 66 68 69 70 71
    71 70 70 69 68 68 68 68 68 69 69 69 68 67 66 65 64 64 64 64 65 64 64
    64 63 63 62 62 63 63 64 65 66 66 66 66 66 66 66 66 66 66 66 66 65 65
    64 64 63 63 64 64 64 64 64 64 63 61 60 59 58 57 57 58 59 60 61 63 63
    64 64 64 63 63 62 61 60 59 59 59 60 61 63 65 67 69 70 70 70 69 67 66
    64 62 61 60 59 59 58 58 58 57 57 57 57 57 57 58 59 60 62 63 63 64 64
    65 65 65 65 64 64 64 63 63 63 63 63 63 63 62 61 61 61 61 61 62 62 62
    63 63 63 63 63 63 64 64 64 64 64 64 65 65 65 65 65 65 65 65 65 65 65
    65 65 65 66 66 67 67 68 69 69 69 68 68 67 67 69 69 69 68 68 67 66 65
    65 64 64 63 63 62 62 62 62 62 62 62 62 61 60 60 59 59 60 60 61 62 63
    63 64 65 65 65 64 64 62 61 61 60 60 60 60 61 62 62 63 63 63 64 64 65
    65 65 65 65 65 65 66 66 66 66 66 65 65 64 64 63 63 63 63 64 65 66 68
    69 70 71 71 70 69 68 68 67 67 68 68 69 69 69 69 68 67 66 65 65 65 65
    65 65 64 64 63 62 62 62 62 63 64 65 66 67 67 67 67 66 66 65 65 65 64
    64 64 64 64 63 63 63 63 63 63 64 64 64 63 62 61 60 59 58 58 58 59 60
    61 62 62 63 63 63 63 62 62 62 61 60 60 60 61 62 63 65 67 69 70 70 70
    69 67 66 64 63 62 61 60 59 59 59 59 59 58 58 58 57 58 58 59 59 61 62
    63 64 64 64 64 64 64 64 63 63 62 62 62 62 62 62 62 61 61 60 60 60 60
    61 61 62 62 62 62 62 62 62 62 62 62 62 63 63 64 64 64 64 64 64 64 64
    64 65 64 64 65 65 65 66 67 68 69 70 70 70 69 69 68 68 69 70 69 69 68
    68 67 66 66 65 65 64 64 63 62 62 62 62 62 62 61 61 60 60 59 59 59 59
    60 60 61 62 63 63 64 64 63 63 62 61 60 59 59 59 60 60 61 62 62 63 63
    64 64 65 65 65 66 66 66 66 66 66 66 66 66 66 65 65 64 64 63 63 63 64
    65 66 68 70 71 71 71 71 70 69 68 67 67 67 68 69 69 69 69 68 67 66 65
    64 64 65 65 64 64 64 62 62 61 61 62 63 64 65 67 68 68 68 68 67 66 65
    64 64 63 64 63 64 63 63 63 62 62 62 63 63 63 64 63 62 61 60 59 59 58
    58 59 60 60 61 62 62 62 62 63 62 62 62 62 62 61 61 61 62 64 65 67 69
    70 70 70 69 67 66 64 63 62 61 60 60 60 60 60 60 60 59 59 58 58 57 58
    59 60 61 62 63 63 64 64 64 63 63 62 61 61 61 61 61 61 61 61 61 61 60
    60 60 60 61 61 62 62 62 62 62 62 61 61 60 61 61 61 62 63 64 64 64 64
    65 65 64 64 64 64 64 64 64 65 65 67 68 69 70 70 70 70 69 69 69 70 70
    69 69 68 68 67 66 66 65 66 65 64 64 63 62 62 62 61 61 61 61 60 60 59
    59 59 59 59 59 60 61 62 63 63 63 63 62 61 60 60 59 59 59 60 60 61 62
    62 63 63 63 64 64 65 65 66 66 66 66 67 66 67 66 66 66 66 65 64 64 64
    63 63 64 65 66 68 70 71 72 71 71 70 69 68 67 67 67 68 68 69 69 69 68
    67 66 65 64 64 64 64 64 64 63 62 61 61 61 61 62 64 65 67 68 69 68 68
    67 65 64 63 62 62 62 62 63 63 63 63 62 62 62 63 63 64 64 64 63 62 61
    60 59 59 59 59 60 60 61 61 62 62 62 63 63 63 63 63 63 63 63 63 63 64
    65 67 68 69 69 69 68 67 66 64 63 62 62 61 61 61 61 61 61 61 60 60 59
    58 58 58 58 59 60 61 62 62 63 63 63 62 61 61 60 60 59 60 60 60 61 61
    61 60 60 60 60 60 61 62 62 62 62 62 61 61 60 59 59 59 59 60 61 62 63
    63 64 64 64 64 64 64 64 64 63 63 63 64 65 66 67 69 70 70 70 70 69 69
    69 70 70 70 69 69 68 68 67 67 66 66 65 65 64 63 62 62 61 61 61 61 61
    60 60 59 59 59 58 59 59 60 60 61 62 62 63 62 62 61 60 59 59 59 59 60
    60 61 61 62 62 62 63 64 64 65 65 66 66 66 66 66 66 67 66 66 66 65 65
    64 64 64 64 64 64 65 67 69 70 71 72 72 71 70 69 68 67 67 67 68 68 69
    69 69 68 67 66 65 64 63 63 63 63 63 62 61 61 60 60 61 62 63 65 67 68
    69 69 68 67 65 63 62 61 61 61 61 62 62 62 62 62 62 62 62 63 63 64 64
    64 63 62 61 60 60 59 59 60 60 61 61 61 62 62 63 63 64 64 64 64 64 63
    63 63 64 65 66 67 68 68 68 67 66 66 64 63 63 62 61 61 61 61 62 62 62
    61 61 60 59 58 58 57 58 59 60 61 61 62 62 62 61 60 59 58 58 58 58 59
    59 60 60 61 61 61 61 61 61 62 62 63 63 63 62 61 61 59 59 58 58 58 59
    60 61 62 63 63 63 64 64 64 64 64 64 63 63 62 63 64 65 66 68 69 69 70
    70 69 69 68 70 70 69 69 69 68 68 67 67 66 66 65 65 64 64 63 62 61 61
    61 61 61 61 61 60 59 59 58 59 59 59 60 61 62 62 63 62 62 61 60 59 59
    59 59 60 60 61 61 61 62 62 63 63 64 64 65 65 66 66 66 66 66 67 66 67
    66 65 65 64 64 63 63 64 64 66 67 69 70 71 72 72 71 70 69 68 67 67 67
    68 68 69 69 69 68 67 65 64 63 62 62 62 62 61 61 60 60 60 60 60 62 63
    65 67 69 70 69 69 67 65 63 61 60 59 60 60 61 61 62 62 62 62 62 63 63
    64 64 65 64 64 63 62 61 60 60 60 60 60 61 61 61 62 62 63 64 64 65 65
    65 65 64 64 64 64 64 65 66 67 67 67 66 66 65 64 63 63 62 61 61 61 62
    62 62 62 62 61 60 59 58 57 57 57 58 58 59 60 61 61 60 60 59 58 57 57
    57 57 58 59 60 60 61 61 61 61 62 62 62 63 63 63 63 62 61 60 59 58 58
    58 58 59 60 61 62 62 63 63 64 64 64 64 64 63 63 63 62 62 63 64 65 66
    68 68 69 69 68 68 68 69 69 69 69 69 68 68 68 67 67 67 66 65 65 64 63
    62 62 61 61 61 61 61 61 60 60 59 58 58 58 59 60 61 62 62 63 62 62 61
    60 60 59 59 59 60 60 60 60 61 61 62 62 63 63 63 64 64 65 65 65 66 66
    67 66 67 66 66 65 64 64 63 63 63 64 66 67 69 70 71 72 72 72 71 70 69
    68 68 68 68 68 69 69 68 68 66 65 64 62 61 61 60 60 60 60 59 59 59 59
    60 61 63 65 67 68 70 70 69 67 66 63 61 60 59 59 59 60 60 61 61 61 62
    62 63 64 64 65 65 65 64 63 62 61 61 60 60 60 60 61 61 62 62 63 63 64
    64 65 65 66 65 65 64 64 64 64 65 66 66 66 66 66 65 65 64 63 63 62 61
    61 61 62 62 62 62 62 61 60 59 58 57 56 56 57 57 58 59 60 60 60 59 58
    57 56 56 56 56 57 58 59 60 61 61 62 62 63 63 63 63 64 64 63 63 62 61
    59 58 58 58 59 60 60 61 62 62 63 63 63 64 64 64 64 64 63 63 61 62 62
    63 64 65 67 67 68 68 67 67 67 69 69 68 69 68 68 68 67 67 66 66 66 65
    65 64 63 62 62 61 61 61 62 62 62 61 61 60 59 59 59 60 60 62 62 63 63
    63 63 62 61 61 60 60 60 61 61 61 61 61 61 61 62 62 63 63 63 63 64 64
    64 65 66 66 66 66 66 65 65 64 64 63 63 63 64 66 67 69 70 71 72 72 72
    71 70 70 69 69 69 69 69 69 69 68 67 66 64 63 61 60 59 59 59 58 58 58
    58 58 59 60 61 63 65 67 68 70 70 69 68 66 64 61 60 58 58 58 59 59 60
    61 61 62 62 63 64 64 65 65 65 64 63 62 61 60 60 60 60 60 61 61 62 62
    63 63 64 64 65 66 66 66 66 65 65 64 64 65 65 65 65 65 65 64 64 63 63
    62 62 61 61 61 61 61 61 61 61 61 60 59 58 57 56 56 56 57 58 59 59 60
    59 58 57 56 55 55 55 56 57 58 60 61 61 62 63 63 63 63 64 64 64 64 63
    63 62 61 60 59 59 59 59 60 61 61 62 62 63 63 63 64 64 64 64 64 63 63
    61 61 61 62 63 64 66 66 67 67 66 66 66 68 68 68 68 68 68 68 67 67 66
    66 66 65 65 65 64 63 62 62 62 62 62 62 62 62 61 61 60 60 60 61 61 63
    63 64 65 64 64 64 63 62 62 62 62 62 62 62 61 61 62 62 62 62 62 62 62
    62 62 62 63 64 65 66 66 66 66 65 64 64 63 63 63 63 64 66 67 69 70 71
    72 72 72 71 71 71 70 70 70 70 70 69 69 68 67 66 64 63 61 60 59 58 57
    57 57 57 58 58 59 60 61 63 65 67 68 70 70 69 68 67 64 62 60 59 58 58
    58 59 60 60 61 62 63 64 64 65 65 65 65 64 63 62 61 60 60 60 60 60 61
    61 62 62 63 63 64 64 65 65 66 66 66 65 65 65 64 65 65 65 65 64 64 64
    63 63 62 62 62 61 61 60 60 60 61 61 61 60 59 59 58 57 56 56 56 57 58
    59 60 60 60 59 58 56 56 55 55 56 57 58 60 61 62 63 63 64 64 64 64 64
    64 63 63 62 61 60 59 59 59 59 60 61 62 62 63 63 63 63 63 63 63 63 64
    63 63 62 61 61 61 62 62 63 65 65 66 65 65 65 65 68 68 68 68 68 68 67
    67 67 66 66 66 66 65 65 64 63 63 62 62 62 63 63 63 63 62 61 61 60 60
    61 62 63 64 65 65 65 65 65 64 63 63 63 63 63 63 63 62 62 62 63 63 63
    63 62 62 61 61 61 62 63 64 65 65 65 65 64 64 64 63 63 63 64 65 66 67
    69 70 71 72 72 72 72 72 72 72 72 71 71 70 69 69 68 67 65 64 63 61 59
    58 57 56 56 56 56 57 57 58 60 61 63 64 66 67 69 69 69 68 67 65 62 61
    59 58 57 58 59 60 61 61 62 63 64 65 65 65 65 64 63 62 61 60 60 60 60
    60 60 61 61 62 62 63 63 64 64 65 65 66 66 66 66 66 65 65 65 64 64 64
    64 63 63 62 62 62 62 61 60 60 59 59 59 60 60 60 59 59 58 57 57 56 56
    57 57 58 59 60 61 61 60 59 58 57 56 56 57 58 59 61 62 63 63 64 64 64
    64 64 64 63 63 62 61 61 60 59 59 59 60 61 62 62 63 63 63 63 63 63 63
    63 63 63 63 63 62 62 62 61 62 62 63 64 65 65 65 65 64 64 68 68 68 68
    68 68 67 67 67 66 66 66 66 65 65 64 64 63 62 62 62 63 63 63 63 62 61
    61 61 61 62 63 64 65 66 67 67 66 66 65 65 65 65 65 65 64 64 64 64 64
    64 64 64 63 63 62 61 61 60 61 62 63 64 64 64 64 64 64 63 63 63 63 64
    65 66 67 69 70 71 72 72 73 73 73 73 73 73 72 72 71 70 69 68 67 66 64
    63 62 60 58 57 56 55 55 55 56 57 58 60 61 63 64 66 67 68 69 69 68 67
    65 63 61 59 58 58 58 59 60 61 62 63 64 64 65 65 65 64 64 63 62 61 60
    60 60 60 60 61 61 62 62 63 63 63 64 64 65 65 65 66 66 66 66 66 65 65
    65 64 64 63 63 62 62 61 61 61 60 60 59 59 59 59 59 59 59 59 59 58 57
    57 56 57 57 58 60 61 62 63 63 62 61 60 59 58 58 58 59 60 61 62 63 63
    64 64 64 64 63 63 62 62 61 60 60 59 59 58 59 60 61 62 63 63 63 63 63
    62 62 62 61 61 62 62 62 62 61 62 62 62 63 64 64 65 65 65 64 64 64 68
    68 68 68 68 68 67 68 67 67 67 67 66 66 65 65 64 63 62 62 62 63 63 63
    63 62 62 61 61 61 62 63 64 66 67 67 67 67 68 67 66 66 66 66 66 66 66
    66 66 66 66 66 65 65 64 62 61 61 60 61 61 62 63 63 63 63 63 63 63 63
    64 64 65 66 67 68 69 70 71 72 73 74 74 74 74 74 74 73 72 71 70 69 67
    67 66 65 64 62 61 59 57 55 54 54 54 56 57 59 61 62 63 65 66 67 68 68
    68 68 67 65 63 62 60 59 58 59 60 61 62 63 63 64 65 65 65 64 64 63 62
    61 61 60 60 60 60 60 61 61 62 62 63 63 63 64 64 64 64 65 65 66 66 66
    66 65 65 64 64 63 63 62 62 61 61 60 60 59 59 58 58 58 58 58 59 59 59
    58 57 57 57 56 57 58 59 61 62 64 65 65 64 63 62 61 60 60 59 60 61 62
    62 63 64 64 65 64 64 63 62 61 60 59 59 58 58 57 58 58 59 61 62 63 64
    64 64 63 62 62 61 60 60 60 60 61 61 62 62 63 63 64 64 65 65 65 65 64
    64 64 69 69 69 68 68 68 67 68 67 67 67 67 67 66 66 65 64 63 62 62 62
    63 63 63 63 62 61 61 61 61 62 63 65 66 67 68 68 68 68 67 67 67 67 67
    68 68 68 68 68 68 68 67 67 66 65 63 62 61 60 60 61 61 62 62 62 63 63
    63 63 64 64 65 65 66 67 68 69 70 72 73 74 75 75 75 75 75 74 74 73 71
    70 68 67 67 66 65 65 63 62 60 57 55 54 54 54 55 57 59 61 63 64 65 66
    67 68 68 68 67 67 65 63 62 60 59 59 59 60 61 63 64 64 65 65 65 64 64
    63 62 61 60 60 60 60 60 61 61 61 61 62 63 63 64 64 64 64 64 64 65 65
    66 66 66 66 65 65 64 63 63 62 61 61 61 60 60 59 59 58 58 57 57 58 58
    59 59 58 58 57 56 56 57 57 59 61 62 64 66 67 67 67 66 65 63 62 61 61
    61 61 62 63 63 64 64 64 64 63 62 61 60 59 58 57 57 57 57 57 58 59 60
    62 63 63 63 63 63 62 61 60 59 59 59 59 60 60 61 62 63 64 65 65 66 66
    65 65 65 64 64 70 69 69 69 69 68 68 68 68 68 68 68 67 67 66 64 64 62
    62 62 62 62 62 62 62 61 61 61 61 61 62 63 65 66 67 68 69 69 69 68 68
    68 68 68 69 69 69 69 69 69 69 69 68 67 66 64 62 61 60 60 60 61 61 62
    62 62 62 63 63 64 65 65 66 67 68 68 69 71 72 74 74 76 76 76 76 76 75
    74 73 71 69 68 67 67 67 66 66 65 63 61 58 56 54 54 54 55 57 59 62 63
    65 66 66 67 67 67 67 67 66 65 63 62 60 59 59 60 61 62 64 64 65 65 65
    64 64 63 62 61 60 59 60 59 60 60 61 61 62 62 62 63 63 64 64 64 63 64
    64 64 65 65 66 66 66 65 65 64 63 63 62 61 61 60 60 59 59 58 57 57 56
    57 57 58 59 59 58 58 57 56 56 56 58 59 61 63 65 68 69 69 69 68 67 66
    64 63 62 62 62 62 63 63 64 64 64 63 62 61 60 59 58 57 56 56 56 56 56
    57 58 60 61 63 63 63 63 62 61 60 59 58 57 57 58 58 60 61 63 64 65 66
    66 66 66 66 65 65 64 64 70 69 69 69 69 68 68 68 68 68 68 68 68 66 66
    64 63 62 61 62 61 62 62 62 62 61 61 61 61 61 62 64 65 66 67 68 69 69
    69 68 69 68 69 69 70 70 70 70 70 70 70 70 70 68 67 65 63 62 60 60 60
    60 61 61 61 62 62 62 63 64 65 66 66 67 68 68 70 71 73 74 75 76 77 77
    77 76 75 74 73 71 69 68 67 67 67 67 67 66 64 61 59 57 54 54 54 55 57
    60 62 64 65 66 67 67 67 67 67 66 66 64 63 61 60 59 59 60 62 63 64 65
    65 65 65 64 63 62 61 60 59 59 59 59 60 61 61 61 62 62 63 63 63 64 64
    64 64 64 64 64 64 65 65 66 65 65 64 63 63 62 61 61 60 60 59 59 58 57
    57 56 56 57 57 58 59 59 58 57 56 56 55 56 57 59 62 64 66 69 70 71 71
    70 69 67 66 64 63 63 62 63 63 64 64 64 64 63 62 60 59 58 57 56 56 55
    55 55 55 57 58 60 61 62 63 63 63 62 61 60 59 57 57 56 57 58 59 61 63
    64 65 66 66 67 67 66 66 65 65 64 71 70 70 69 69 69 68 68 68 68 68 68
    68 67 66 64 63 62 62 62 61 62 62 62 62 61 61 60 60 61 62 64 65 67 68
    69 69 69 70 69 69 69 69 69 70 70 70 71 70 71 70 70 70 68 67 65 63 62
    60 60 60 60 61 61 61 62 62 62 63 64 65 66 67 67 68 69 70 71 73 74 75
    77 77 77 77 76 75 74 73 71 69 68 67 67 67 67 67 66 64 62 59 57 54 54
    54 55 58 60 63 64 66 67 67 67 67 67 67 67 66 65 63 62 60 60 60 61 62
    63 64 65 65 65 65 64 63 62 61 60 59 59 59 59 60 61 61 61 62 62 62 63
    63 64 64 64 64 64 63 64 64 65 65 65 65 65 65 64 63 62 62 61 61 60 59
    59 58 57 56 56 56 57 57 58 59 59 58 57 56 56 56 56 58 59 62 64 67 69
    71 71 72 71 69 68 66 64 63 62 62 62 62 63 63 64 64 63 62 60 59 58 57
    56 55 55 55 55 55 56 58 59 61 62 63 63 63 62 61 59 58 57 56 56 56 57
    59 61 63 64 66 66 67 67 67 66 66 65 64 64</data></my_img>
<your_img type_id="opencv-matrix">
  <rows>256</rows>
  <cols>256</cols>
  <dt>u</dt>
  <data>
    71 72 73 73 71 66 63 66 74 81 82 80 75 67 61 57 57 60 63 64 63 61 59
    58 61 65 66 62 57 55 58 65 71 74 73 69 66 64 62 58 56 54 52 52 53 53
    53 51 52 53 56 60 64 66 65 64 63 62 65 68 69 66 61 58 56 55 53 54 55
    56 57 58 61 64 65 62 58 57 60 63 67 68 66 63 62 64 67 68 65 61 58 58
    58 57 55 55 60 67 72 72 68 65 64 62 60 58 58 61 64 63 60 57 57 57 59
    59 57 55 54 54 54 54 57 63 69 71 69 67 66 66 66 65 63 62 63 61 56 49
    45 44 49 59 71 78 79 75 67 60 57 58 61 65 69 72 72 70 68 66 65 61 57
    54 54 58 62 66 68 66 62 57 54 56 60 63 62 60 58 55 52 50 52 55 56 58
    61 65 68 69 70 71 73 74 74 75 75 76 76 76 75 70 62 55 53 53 55 57 58
    59 57 55 55 59 63 65 66 65 66 64 60 55 54 58 64 69 71 70 66 63 63 63
    61 57 52 51 54 60 64 65 61 56 52 49 48 48 50 52 53 55 57 60 64 70 78
    86 92 94 69 69 70 70 68 64 62 66 73 80 81 79 73 66 59 57 57 60 63 64
    63 61 59 58 61 65 66 63 59 57 60 66 71 73 72 68 66 63 61 58 56 55 53
    53 53 54 53 52 52 53 56 60 63 66 65 65 64 64 66 68 69 65 61 57 56 55
    54 54 55 57 57 58 62 64 64 61 58 57 60 63 66 67 65 62 60 62 66 67 65
    60 57 57 58 57 55 56 61 68 73 72 69 66 65 64 62 60 60 63 64 63 60 58
    57 58 60 60 58 55 54 54 55 55 58 63 69 70 68 66 65 66 66 66 64 63 64
    62 57 50 46 45 51 61 72 79 80 76 68 61 59 59 62 66 68 70 71 70 68 67
    66 62 57 54 54 56 59 63 65 64 61 57 55 56 60 63 62 60 58 56 53 52 53
    56 57 59 61 65 67 68 68 70 71 72 72 73 73 74 74 75 75 70 63 56 54 54
    55 57 58 58 56 54 54 58 62 64 65 66 66 65 61 57 56 59 64 68 69 68 65
    62 61 61 59 55 52 51 54 60 64 65 62 57 54 51 49 49 50 52 53 55 57 61
    64 70 77 84 89 91 65 65 64 63 62 61 61 65 73 79 79 75 69 62 57 56 57
    60 62 63 62 61 59 59 61 64 65 63 61 61 64 67 70 71 69 66 64 61 59 57
    57 56 55 54 54 55 54 52 51 52 55 59 63 65 66 66 66 66 67 68 67 64 60
    57 56 55 55 56 57 58 58 59 62 64 64 60 57 57 61 64 65 64 61 58 57 60
    64 67 65 60 56 56 57 58 58 60 65 71 75 74 70 67 66 66 65 63 63 64 65
    63 60 59 60 62 63 63 61 58 57 57 57 57 59 64 68 68 65 64 64 65 66 67
    66 66 67 66 60 53 48 48 54 64 74 80 81 77 70 64 61 62 64 65 67 68 68
    69 68 68 67 63 57 53 52 53 55 57 60 60 59 57 57 58 61 63 62 60 59 59
    57 55 56 58 59 61 64 66 67 66 66 67 68 69 69 70 70 70 72 74 74 71 64
    58 56 55 56 57 57 57 55 53 54 58 62 65 67 68 68 66 63 59 59 62 65 66
    67 66 63 61 59 58 56 53 51 52 55 60 64 65 63 60 57 54 52 50 50 51 54
    56 59 62 65 69 74 80 84 85 63 62 59 58 57 58 60 66 73 78 78 72 64 57
    54 54 57 60 62 63 63 63 63 63 64 64 64 63 63 64 66 68 68 67 66 64 62
    60 59 59 59 58 55 54 54 55 54 52 50 50 53 58 62 64 65 66 66 66 67 66
    64 62 59 57 57 58 58 59 60 60 60 61 64 66 64 61 58 58 62 63 63 60 58
    55 55 58 63 67 66 61 56 56 58 60 61 64 68 73 76 74 71 69 68 67 67 66
    65 65 65 63 61 61 64 68 69 68 66 63 62 61 60 59 60 63 65 64 61 61 63
    66 68 69 70 70 71 69 63 56 52 52 58 67 75 78 78 75 69 65 63 63 64 65
    65 66 67 68 68 68 66 61 56 52 51 51 52 53 54 56 58 58 59 61 64 65 64
    62 61 61 60 59 60 62 64 66 68 68 67 65 65 65 65 66 67 68 68 68 70 72
    73 70 65 61 59 59 59 59 57 55 53 53 55 59 64 69 71 72 71 68 65 62 63
    65 66 65 65 64 62 60 57 54 52 52 53 55 58 62 64 66 65 63 60 58 55 52
    51 52 55 59 63 66 67 68 71 74 77 78 63 62 58 56 56 58 62 69 76 80 78
    71 62 54 50 52 56 60 63 65 66 66 67 68 68 66 65 63 64 65 67 67 65 63
    61 60 59 59 59 61 61 60 56 54 55 56 55 52 49 48 52 56 61 64 64 65 65
    65 64 62 60 58 57 58 60 61 62 63 63 63 62 63 65 67 66 62 60 61 62 62
    60 57 55 54 54 59 64 67 67 63 58 57 59 62 64 65 68 72 75 74 72 70 68
    67 67 66 65 63 63 61 62 64 69 73 73 71 69 67 66 65 63 61 60 62 62 60
    58 58 62 66 70 72 73 74 74 71 66 60 57 57 62 68 72 73 72 69 65 62 60
    61 62 63 64 66 67 68 67 65 62 57 53 52 53 54 53 51 51 54 57 60 62 64
    67 68 67 65 63 63 63 63 65 68 69 71 71 71 68 65 64 64 63 64 66 67 67
    68 70 71 71 69 66 64 63 63 63 61 58 55 52 53 56 61 66 71 75 75 73 70
    67 66 66 67 67 65 63 62 60 57 53 50 50 53 57 60 62 64 66 67 67 65 63
    61 58 55 53 55 58 63 69 72 72 70 68 69 70 71 67 65 62 59 59 61 65 72
    78 81 78 70 60 51 48 50 56 63 67 68 70 71 72 72 71 68 66 64 65 66 66
    65 61 59 57 56 57 58 60 62 63 60 56 55 56 58 58 53 49 48 51 56 62 64
    64 64 62 61 60 57 54 53 55 57 61 64 66 66 66 65 63 64 65 67 66 64 63
    62 62 60 57 54 52 53 55 59 63 66 67 65 62 61 62 65 66 66 67 70 73 74
    73 70 68 66 64 63 62 60 60 60 63 67 72 74 72 70 69 69 69 68 65 62 61
    61 61 58 56 57 62 67 71 73 73 74 73 70 66 62 61 61 64 67 68 67 65 62
    59 57 56 58 60 62 64 66 68 68 66 62 57 52 51 53 57 59 58 55 52 54 58
    61 64 66 69 71 70 69 66 65 65 66 69 72 73 74 73 71 68 65 63 62 61 61
    63 64 66 68 70 71 69 67 65 65 65 66 65 63 59 56 54 54 56 61 66 71 74
    74 72 70 69 68 69 69 68 65 62 60 58 55 50 48 50 55 61 64 65 65 66 67
    67 66 65 65 63 59 57 59 63 69 75 79 78 72 67 66 66 67 69 68 66 65 65
    66 69 74 79 80 77 68 58 49 46 50 57 65 70 72 74 75 75 74 71 67 65 65
    66 67 67 64 60 56 54 54 55 58 61 64 64 62 58 58 59 61 60 55 51 49 52
    58 64 67 66 64 61 59 56 53 51 51 54 58 63 66 68 68 66 65 65 66 67 68
    67 64 63 62 61 58 54 52 51 53 55 58 61 64 65 65 64 64 65 67 67 66 65
    68 71 73 73 70 66 63 61 60 59 58 58 59 63 68 72 72 69 67 67 70 72 72
    68 64 62 62 60 57 55 58 63 68 71 72 72 71 69 68 66 64 63 63 64 65 64
    62 60 58 56 54 55 58 60 63 65 67 69 69 66 60 54 49 49 53 60 65 64 60
    56 56 59 61 63 64 68 71 73 72 70 69 68 68 70 71 72 72 71 69 66 63 61
    60 59 58 58 58 61 64 67 68 67 65 64 65 66 66 65 63 60 58 57 56 56 58
    63 67 70 71 70 70 70 71 71 70 68 66 63 60 58 53 50 49 53 60 65 67 66
    65 65 65 65 66 68 70 69 66 63 64 67 73 80 83 81 75 69 66 65 65 70 69
    69 69 70 70 71 74 77 76 72 64 55 47 45 49 57 66 71 74 77 77 76 73 68
    64 62 63 66 68 69 65 60 56 53 52 54 58 63 67 68 65 63 62 63 64 62 58
    53 51 54 60 66 68 67 64 61 59 56 53 52 53 57 62 66 69 69 68 66 66 67
    69 70 69 67 64 62 61 60 57 55 53 53 55 57 58 59 61 63 64 65 65 66 67
    66 65 65 66 70 71 70 67 62 59 57 58 58 58 58 59 62 66 69 68 66 65 67
    71 74 74 70 66 62 61 58 56 55 58 64 69 72 72 71 69 68 67 66 64 63 63
    63 63 62 61 60 59 56 55 57 61 63 65 65 66 67 67 65 60 54 48 48 53 60
    66 67 64 60 59 60 61 61 63 66 71 74 75 75 73 71 69 68 67 66 66 67 66
    64 61 59 58 57 56 54 53 55 59 63 64 63 62 63 64 65 65 63 59 58 59 59
    57 56 55 57 60 63 66 68 70 71 72 71 70 68 66 65 63 60 56 53 54 60 66
    70 69 67 64 62 62 62 64 68 72 73 71 68 69 71 75 80 82 80 75 69 66 65
    64 68 68 68 69 70 70 70 72 72 71 67 60 53 46 45 50 57 65 70 74 77 78
    76 72 66 61 60 62 66 70 71 68 62 57 53 51 52 57 64 70 72 71 68 67 67
    68 66 60 55 53 55 60 65 67 66 64 62 60 59 58 58 60 64 69 72 72 71 69
    67 67 68 71 71 69 65 62 61 61 60 59 58 57 57 58 59 58 58 58 60 62 64
    65 65 65 65 64 64 65 67 67 66 62 58 56 55 57 60 61 62 63 64 66 67 67
    66 66 69 72 75 75 71 66 62 59 56 54 54 58 63 69 72 73 72 70 68 67 67
    65 63 62 61 62 63 64 64 62 59 58 61 64 67 67 65 63 63 62 61 59 54 49
    47 51 58 64 67 65 63 62 62 61 60 62 65 71 75 77 77 76 74 70 65 62 60
    62 64 65 64 62 60 59 58 56 52 50 51 55 59 60 60 59 60 62 64 63 59 55
    54 56 59 58 55 52 51 53 57 62 66 69 72 72 70 69 68 68 68 67 64 60 58
    60 66 70 72 69 65 61 58 57 58 61 65 70 73 73 72 72 74 75 77 77 75 72
    68 65 63 63 63 64 65 66 67 68 68 68 68 66 63 58 53 49 48 52 58 64 68
    72 74 76 74 70 65 60 60 62 66 70 72 70 64 59 53 50 51 56 64 72 75 74
    72 70 70 71 68 63 56 52 53 57 60 61 61 61 61 62 62 63 64 68 72 76 78
    78 75 72 69 68 69 71 71 68 64 60 60 62 63 64 64 63 62 61 61 59 58 57
    58 60 62 63 63 63 63 62 62 62 63 62 60 58 56 55 55 57 61 64 67 69 69
    69 69 68 69 70 72 74 75 74 70 66 62 58 55 53 54 57 62 68 71 73 73 72
    70 69 67 65 63 61 60 62 65 66 66 65 62 61 63 67 68 67 63 60 58 57 57
    56 53 49 47 49 54 60 63 64 64 63 61 60 59 60 64 70 75 77 78 77 75 70
    65 60 59 61 64 66 66 66 64 62 61 58 54 52 52 55 58 60 59 58 59 62 63
    62 57 51 50 53 56 56 54 50 49 50 54 59 64 68 71 71 69 68 69 71 72 71
    68 64 62 64 67 70 70 68 63 58 54 52 53 55 60 65 70 71 72 73 73 73 72
    70 70 70 69 66 63 62 60 60 62 63 64 64 64 64 64 63 60 57 55 53 54 57
    62 66 69 71 72 72 70 68 64 61 61 63 66 69 71 70 65 60 55 50 49 54 62
    70 74 73 71 69 69 70 68 63 56 51 50 52 54 55 56 58 61 63 65 66 69 73
    77 80 83 82 79 74 70 69 70 72 71 68 64 61 61 64 67 68 67 65 64 63 62
    61 59 58 58 59 60 61 62 63 63 62 61 59 58 58 56 55 54 54 55 57 61 66
    70 73 73 73 72 73 73 75 76 76 75 72 68 65 62 58 55 54 55 58 62 67 70
    73 74 73 72 70 67 65 62 60 59 62 65 67 66 64 62 62 64 67 68 66 62 58
    55 54 53 53 53 50 48 49 53 58 61 64 65 64 62 59 58 60 64 70 75 77 78
    78 76 71 66 63 63 65 68 69 69 69 68 66 65 62 59 57 57 58 60 61 60 59
    60 62 64 62 56 51 49 50 53 54 53 51 50 50 53 58 63 66 68 68 67 67 69
    72 74 73 70 67 64 65 66 67 67 66 62 57 53 50 49 51 55 60 64 67 69 71
    72 71 68 67 69 71 71 67 63 61 56 57 59 60 61 61 60 61 61 60 58 57 57
    58 61 63 66 68 70 70 69 68 66 65 63 61 61 62 64 66 67 67 65 62 56 50
    48 51 59 67 71 71 68 67 66 66 65 62 57 52 50 51 52 52 54 58 62 65 65
    66 68 72 76 80 83 83 80 75 71 70 72 75 74 71 66 62 62 65 67 67 67 65
    63 63 64 63 62 60 59 60 61 62 63 64 64 62 60 57 56 54 53 53 53 53 54
    57 61 66 70 73 75 75 76 76 77 78 79 77 74 70 67 65 62 59 56 56 57 60
    63 66 69 72 74 75 74 72 69 65 61 59 58 61 64 65 64 62 61 62 64 66 67
    65 62 58 55 53 52 53 54 53 52 52 54 58 62 65 67 67 64 61 59 60 64 70
    75 78 80 78 76 72 69 67 68 70 72 72 71 70 69 69 69 68 65 63 62 60 60
    60 59 59 59 62 63 61 57 53 50 50 52 54 54 54 53 52 54 58 62 65 67 66
    64 65 68 70 72 71 69 67 65 64 64 64 65 66 64 60 55 51 50 51 54 57 59
    62 65 68 70 69 67 67 71 74 73 68 63 60 54 55 57 58 59 59 58 58 58 58
    57 57 60 64 67 69 69 70 70 69 66 64 63 63 62 62 61 62 62 62 63 65 64
    62 58 52 48 50 56 63 68 68 66 63 62 61 61 60 58 55 53 54 54 54 56 60
    64 65 65 65 65 68 72 76 80 81 79 74 70 71 75 79 79 74 67 62 60 61 62
    63 63 63 63 64 66 66 65 63 63 64 65 66 68 68 67 65 60 56 53 52 51 51
    52 53 55 57 61 65 68 69 71 73 75 77 79 80 80 78 74 69 66 65 63 59 57
    57 59 62 64 66 68 71 73 75 76 75 71 66 61 57 56 59 62 64 65 64 63 64
    65 66 66 65 63 59 56 54 53 55 58 59 58 57 58 61 65 68 71 71 68 64 61
    62 66 71 76 80 80 78 75 72 70 69 70 72 73 73 71 68 68 70 72 71 69 67
    64 60 58 56 56 57 58 60 60 59 57 55 53 53 54 55 56 56 55 54 56 60 64
    67 68 65 63 63 65 66 66 66 65 65 65 65 63 63 65 67 67 64 60 56 55 55
    55 56 56 57 60 63 65 65 66 69 73 77 75 70 64 61 55 55 57 58 58 58 58
    58 58 58 57 58 62 68 72 73 72 70 69 67 64 61 60 61 61 61 61 62 61 61
    61 63 64 64 60 55 51 51 56 62 66 67 64 61 58 56 57 58 59 58 58 59 59
    59 60 62 65 65 64 63 63 65 68 71 75 77 76 71 69 71 78 83 82 76 66 59
    55 55 56 56 59 61 64 67 69 69 67 67 67 70 71 72 73 72 70 67 62 56 53
    52 52 52 54 56 58 60 63 65 65 64 65 68 71 75 78 80 80 78 73 69 66 64
    62 59 57 58 61 64 65 67 68 70 72 74 76 76 72 66 60 56 55 57 61 66 69
    70 70 69 67 66 65 64 62 59 56 53 53 56 61 64 64 63 63 65 68 71 74 74
    72 68 64 65 67 72 76 79 79 76 72 69 68 67 67 68 70 70 68 66 66 69 72
    72 70 66 63 58 54 53 54 55 57 57 56 55 54 55 55 56 57 59 59 58 57 57
    60 64 69 72 71 66 62 61 61 61 59 58 59 62 66 67 65 64 66 68 69 67 63
    61 59 58 57 55 54 53 55 58 60 61 63 69 74 78 77 72 66 64 57 58 59 61
    60 59 59 60 60 59 59 60 64 69 73 73 72 70 69 66 61 58 58 59 60 61 61
    62 62 62 62 63 65 66 64 60 57 56 58 62 65 65 63 60 56 53 53 55 58 60
    60 61 61 60 60 62 64 65 65 65 65 65 67 69 72 73 72 69 67 70 77 83 82
    75 64 56 52 52 52 53 56 61 66 69 71 70 69 69 71 74 75 75 75 73 70 67
    62 57 54 53 54 56 58 60 62 65 67 66 63 60 59 62 66 71 75 78 78 76 72
    68 65 63 60 57 57 59 63 67 69 69 69 70 72 73 75 74 70 65 60 56 55 56
    61 67 73 76 76 74 70 67 65 63 61 58 54 52 52 56 61 66 66 66 66 68 71
    73 75 75 73 69 66 66 69 72 75 76 75 71 68 66 65 63 62 62 64 65 65 64
    65 69 72 72 69 65 61 57 53 53 54 56 57 56 54 52 52 53 56 58 60 62 61
    59 58 60 65 70 75 76 73 67 62 60 58 56 53 51 54 60 65 68 68 67 67 68
    69 66 63 62 61 59 58 55 52 51 52 54 56 58 61 67 73 77 77 73 69 67 60
    61 62 63 62 61 61 62 64 64 64 64 65 68 70 70 70 70 69 65 61 57 56 57
    59 60 61 63 64 66 66 66 68 69 68 66 63 61 61 62 64 63 62 60 57 53 51
    52 55 57 59 59 59 57 57 58 61 65 68 69 70 69 68 68 69 69 67 64 63 66
    72 78 77 71 63 57 54 54 53 54 56 61 66 69 70 69 69 71 74 76 77 76 74
    71 68 64 59 56 54 55 57 59 61 63 66 69 70 69 64 59 58 59 63 68 73 76
    76 73 71 68 65 62 59 56 55 58 63 68 72 74 73 73 74 74 74 72 69 65 61
    58 56 57 60 66 73 78 80 76 71 66 64 63 61 58 55 53 53 56 59 63 63 64
    66 69 72 73 73 72 71 70 68 67 69 71 73 72 70 66 64 64 63 60 57 56 58
    62 64 64 66 69 72 71 69 66 62 58 55 56 57 59 59 58 54 51 50 52 54 57
    61 62 61 60 60 64 70 76 79 79 74 68 62 59 57 53 49 47 50 57 64 68 68
    67 66 67 65 63 60 59 60 59 58 55 52 51 52 54 56 57 59 64 70 75 75 74
    71 69 59 60 61 62 61 60 62 65 67 69 69 68 66 65 65 65 66 67 68 66 62
    58 57 58 59 60 60 62 66 69 70 69 70 70 70 68 66 64 62 63 63 63 63 63
    60 55 51 51 53 55 56 56 55 53 52 54 59 65 71 74 74 72 69 67 67 66 63
    60 58 60 65 70 70 66 62 60 60 60 59 58 59 61 65 67 67 67 67 70 74 76
    76 74 71 67 63 59 54 51 52 54 57 60 62 65 68 71 73 72 68 63 61 60 62
    67 72 74 72 70 68 65 63 60 56 53 53 56 61 68 74 77 77 77 77 76 74 71
    68 65 63 61 59 60 62 66 72 76 78 76 70 66 64 63 61 60 58 57 57 56 57
    57 57 59 63 68 72 72 71 69 68 68 67 66 66 67 68 67 65 63 63 64 63 59
    55 54 56 60 63 65 66 69 71 71 71 69 66 62 60 60 60 61 61 60 56 53 50
    50 52 55 59 61 62 62 64 69 75 79 81 78 72 66 62 60 57 53 49 47 49 55
    60 64 64 63 63 62 61 59 58 58 60 60 59 55 52 52 54 56 58 57 57 60 65
    70 72 72 70 69 59 59 59 59 58 58 61 65 69 71 72 69 65 62 60 60 60 62
    65 66 64 62 62 63 63 62 61 63 66 70 71 70 69 69 69 68 66 64 63 63 63
    63 64 65 63 58 53 51 52 54 54 52 50 48 47 50 57 66 73 77 76 72 68 66
    65 63 60 57 55 56 59 61 62 61 61 63 66 67 67 65 64 64 65 65 65 64 64
    67 70 72 71 69 66 63 59 54 49 46 47 52 56 61 64 66 69 72 74 74 72 69
    66 64 63 66 70 71 68 65 63 60 58 56 53 50 51 54 60 66 72 77 78 79 79
    77 74 70 67 65 63 63 63 64 65 67 69 72 74 73 70 67 64 63 62 62 62 62
    61 58 55 52 52 54 59 66 71 72 70 68 68 68 67 65 63 63 63 63 61 62 64
    66 64 60 56 54 57 60 63 65 66 67 69 71 73 72 70 67 64 64 64 64 65 63
    60 56 51 49 51 54 58 61 63 65 69 73 77 79 77 73 67 63 61 60 59 55 52
    50 51 54 57 58 57 57 57 58 58 58 60 61 63 63 61 57 53 53 56 59 59 57
    55 55 58 62 66 68 67 66 60 60 59 57 56 57 60 64 67 69 71 69 64 61 58
    56 55 58 62 65 67 68 69 69 68 65 63 63 66 69 70 70 69 69 69 68 66 63
    62 61 61 62 63 64 62 58 53 52 52 53 53 51 49 46 45 49 56 65 72 76 75
    72 68 65 64 62 59 57 55 55 56 56 55 55 57 62 67 71 72 72 70 68 67 66
    64 61 60 62 64 66 65 64 62 60 58 52 47 44 46 51 57 63 67 68 70 72 74
    75 75 74 72 69 66 67 68 67 64 60 57 55 53 52 51 51 53 56 60 65 70 75
    77 77 77 74 71 68 66 65 64 64 66 68 69 69 68 68 69 70 70 68 65 63 62
    62 64 64 62 58 53 49 48 50 57 65 71 74 72 70 70 70 68 65 62 61 61 60
    60 62 65 68 66 62 58 57 59 62 64 65 66 67 68 70 72 73 72 70 67 66 66
    67 69 69 65 60 53 50 50 54 59 63 67 71 74 78 78 76 72 68 64 61 61 61
    61 58 56 54 54 54 55 54 52 51 51 54 57 61 64 66 68 67 63 58 53 54 57
    60 61 58 54 51 52 56 60 63 63 63 62 62 60 58 57 58 60 63 64 65 66 66
    64 61 58 56 54 56 60 66 69 71 73 73 71 68 65 65 66 67 69 69 69 70 70
    68 65 61 60 59 60 60 60 60 58 55 52 51 51 52 53 52 50 47 46 49 57 65
    71 75 75 72 69 66 65 63 60 58 56 56 55 53 51 51 52 57 63 69 73 74 73
    71 69 66 62 58 56 57 58 59 59 59 60 60 59 54 49 46 47 53 60 67 71 71
    71 72 73 75 76 77 76 73 70 67 65 63 60 57 53 50 50 51 54 56 58 60 62
    65 68 72 74 74 72 69 66 64 64 64 64 65 68 71 73 71 68 66 67 69 70 70
    67 63 61 61 62 62 60 56 52 49 47 49 55 64 71 74 74 73 73 73 71 66 62
    61 60 60 60 63 67 69 67 64 60 60 61 62 63 64 65 67 68 69 71 73 73 72
    70 69 68 69 72 73 70 64 56 52 52 55 60 65 70 73 76 78 77 72 68 64 62
    62 63 63 62 61 60 59 57 56 54 52 49 47 49 53 59 65 69 71 71 69 64 58
    54 55 59 62 63 60 56 52 51 53 55 58 59 59 62 61 60 58 58 59 60 61 61
    62 63 64 64 62 60 58 55 56 60 65 69 72 73 73 71 69 67 66 65 65 66 68
    71 72 72 69 63 59 57 57 57 57 56 54 51 49 48 48 49 51 53 55 54 51 50
    53 60 67 73 76 77 74 71 68 66 64 61 60 59 58 56 53 50 48 48 51 57 64
    70 72 72 71 69 66 63 59 57 57 58 58 57 58 59 61 61 58 53 50 51 56 64
    70 73 73 71 70 72 74 76 78 78 75 71 67 62 60 57 54 50 47 49 53 59 62
    64 65 64 65 67 69 70 69 67 64 61 60 61 62 63 64 67 71 74 74 71 68 68
    71 72 72 68 64 61 60 60 59 58 56 54 51 50 51 55 62 69 74 75 75 75 74
    72 67 62 61 61 61 61 64 66 68 67 65 63 62 62 63 63 64 67 69 70 71 71
    73 74 75 73 71 69 70 73 75 73 67 60 54 54 56 61 65 70 73 75 75 73 69
    65 63 63 64 65 65 64 63 63 62 59 57 55 52 49 48 49 54 62 68 72 72 71
    68 63 59 57 59 62 66 67 65 61 58 56 55 55 55 55 55 59 59 59 58 59 60
    60 59 59 60 61 62 63 62 61 59 57 56 58 62 67 69 70 70 69 68 67 66 65
    63 64 66 70 73 72 68 63 58 56 56 57 56 55 51 47 44 44 46 48 51 55 58
    58 55 54 58 65 73 78 80 80 77 72 68 65 63 62 61 60 60 57 54 51 49 47
    48 52 58 64 68 69 68 67 66 64 62 61 61 62 62 60 59 60 62 63 62 58 55
    54 59 64 69 71 70 69 69 71 73 75 76 76 74 70 65 61 59 57 54 50 48 51
    58 64 68 69 68 66 65 66 66 67 65 63 61 60 60 61 62 61 61 64 69 73 74
    73 71 71 72 73 72 69 65 62 60 59 58 58 58 57 56 54 55 58 62 67 72 73
    74 74 73 71 66 62 60 61 61 61 63 63 65 65 65 64 64 65 65 65 66 69 72
    73 73 73 74 76 77 77 74 71 70 72 74 74 69 62 57 55 57 61 65 68 70 71
    70 68 65 63 62 64 66 67 66 65 64 64 63 60 58 56 54 51 49 51 56 63 68
    70 70 69 65 62 60 60 64 67 69 70 69 67 64 61 59 56 54 53 52 56 57 58
    60 61 60 58 57 56 58 61 62 62 61 61 60 58 56 55 57 61 64 66 66 66 66
    67 67 66 63 62 63 67 70 70 67 62 58 56 57 58 58 57 52 47 43 44 47 50
    53 57 60 60 59 58 63 71 78 83 84 82 78 72 66 62 61 62 62 61 60 58 56
    54 52 49 48 50 54 59 63 64 65 65 66 66 66 66 67 67 67 66 63 62 63 64
    64 62 60 58 60 63 65 66 66 66 67 69 72 73 73 73 70 68 65 62 61 59 57
    53 52 56 61 67 70 70 67 65 63 63 63 63 62 60 61 62 64 65 64 61 59 60
    64 69 72 73 72 72 73 73 71 69 66 64 62 60 59 59 60 61 61 60 61 62 65
    68 70 72 72 72 71 68 64 61 59 60 60 59 59 59 61 63 65 67 67 68 68 67
    68 71 73 76 76 76 76 77 78 78 76 72 69 70 73 73 71 65 60 57 58 60 63
    65 66 66 66 64 62 61 61 62 64 66 67 66 64 64 63 60 58 56 55 52 50 51
    56 62 65 66 66 65 63 60 61 63 67 69 71 72 72 71 69 67 64 60 55 53 52
    55 56 59 62 63 61 57 54 55 58 61 62 61 61 63 63 61 57 54 54 57 59 60
    61 62 64 67 68 67 64 61 60 62 65 65 64 61 59 57 58 61 63 63 58 52 47
    48 51 54 57 60 63 63 61 61 66 73 80 83 84 82 76 70 63 60 61 62 62 61
    60 59 59 58 57 54 51 51 52 56 58 60 61 63 65 67 68 68 69 71 71 70 67
    64 63 63 64 64 62 60 61 61 61 61 62 64 66 68 70 71 71 70 69 68 66 65
    65 64 61 58 57 60 64 68 69 68 65 63 61 61 60 59 59 59 62 67 70 71 68
    63 60 59 61 65 68 70 72 73 74 74 72 70 67 66 64 62 61 61 62 64 65 65
    66 67 69 69 70 70 71 70 68 66 64 62 60 59 58 56 54 54 57 62 66 70 71
    71 69 68 68 70 73 76 77 78 78 78 78 77 75 71 67 68 71 72 71 67 63 60
    59 61 63 64 64 63 63 63 62 61 59 58 60 63 65 66 65 63 61 58 56 55 54
    52 51 53 57 60 61 61 61 61 61 60 61 64 67 69 70 72 73 73 71 70 67 62
    58 55 54 56 58 62 65 66 63 58 55 55 59 62 63 64 64 67 68 66 61 56 55
    56 56 56 57 59 62 66 69 68 64 59 57 57 59 61 61 60 59 59 61 65 68 68
    64 57 53 53 55 58 60 62 64 63 62 63 67 72 78 80 80 78 73 68 63 61 62
    63 62 61 61 61 62 63 62 59 56 53 53 54 55 56 56 60 64 68 69 69 69 71
    73 73 70 65 62 61 62 63 63 62 61 60 58 58 60 64 66 68 70 71 72 71 70
    69 69 68 68 67 65 63 62 62 65 67 67 66 63 62 61 59 57 56 57 59 64 69
    74 74 71 66 63 60 60 62 64 67 70 73 75 75 73 71 68 67 66 63 62 62 65
    67 68 68 69 71 72 71 71 70 70 69 67 66 65 65 63 61 57 53 50 50 54 61
    68 72 73 72 69 66 66 67 71 74 76 77 78 78 77 74 71 68 65 67 69 71 70
    67 65 63 62 62 64 64 64 62 62 62 62 60 57 54 55 58 62 64 63 62 59 56
    55 54 54 54 54 56 59 60 58 55 54 56 58 59 60 63 66 67 69 71 72 72 70
    69 67 64 62 59 59 57 59 64 67 67 64 60 58 59 61 64 66 67 69 72 72 69
    64 59 58 58 57 55 55 58 62 66 68 67 62 57 53 53 55 57 58 57 57 58 62
    67 70 70 66 61 57 57 59 61 62 64 64 63 62 63 66 70 73 74 74 72 70 68
    65 65 65 65 63 62 63 64 66 67 67 65 61 57 55 54 54 54 55 59 64 69 71
    71 71 72 73 74 71 66 62 61 62 64 64 64 62 59 56 55 58 63 66 68 70 72
    74 74 73 72 71 70 69 68 66 64 62 62 63 65 65 64 62 61 60 58 55 54 56
    58 63 68 72 73 70 67 65 63 61 60 62 64 68 71 74 74 73 71 69 67 66 63
    62 63 67 69 70 69 70 72 74 74 72 71 70 70 69 68 69 70 68 64 59 53 49
    49 54 61 68 72 72 70 66 64 64 65 67 71 73 75 75 75 73 70 67 64 63 66
    68 69 67 66 65 64 63 63 64 64 64 63 62 62 62 59 55 51 52 56 60 62 62
    60 58 56 56 57 58 58 58 59 61 60 56 51 50 51 54 56 58 61 63 64 66 69
    71 70 68 66 65 64 63 63 63 58 60 63 66 66 65 64 64 65 65 66 67 69 71
    73 73 70 65 62 62 62 59 56 56 58 62 64 65 63 59 54 51 51 53 55 55 55
    55 57 62 67 69 68 65 61 59 60 61 63 65 66 66 65 64 63 65 67 68 68 67
    66 66 67 67 68 67 66 63 62 63 66 68 70 71 69 65 61 57 56 55 55 56 60
    66 71 74 74 75 76 76 75 72 68 64 62 63 64 65 64 61 57 54 53 57 61 64
    67 70 74 77 78 76 74 72 70 69 68 65 62 60 59 61 62 63 62 61 60 58 56
    53 52 54 57 61 65 68 68 67 66 66 65 63 61 60 62 66 69 72 72 71 70 69
    67 65 63 63 64 67 69 70 69 69 71 73 73 72 71 70 70 70 71 73 74 72 66
    60 54 50 50 54 61 66 67 67 65 63 62 62 63 64 67 70 72 73 73 69 65 61
    60 61 64 67 66 64 63 62 63 63 63 64 65 65 63 61 61 60 58 54 51 52 55
    58 60 61 61 60 59 59 60 62 62 62 62 62 60 56 51 48 49 52 54 55 58 60
    62 64 68 70 69 66 64 63 62 63 63 64 60 61 62 63 65 67 69 70 70 68 66
    66 68 70 71 70 67 64 63 64 64 61 58 58 59 61 62 61 59 55 53 52 53 55
    56 56 55 55 58 62 66 67 65 62 59 60 61 63 66 68 70 70 69 66 64 64 64
    64 62 61 60 61 64 66 67 67 65 62 60 62 66 69 71 71 69 66 62 58 57 58
    59 60 63 67 72 75 77 79 80 79 77 73 69 65 63 62 62 63 62 60 56 54 53
    56 58 61 64 68 73 77 80 79 76 73 71 69 67 64 60 58 57 58 60 61 59 58
    57 55 53 51 51 54 57 59 61 63 63 64 65 66 67 65 63 62 62 65 68 70 71
    71 71 70 68 66 64 63 65 67 69 70 69 68 68 68 70 69 69 68 68 69 71 73
    74 71 66 61 57 53 53 57 61 62 61 60 60 61 62 62 61 61 64 68 72 73 72
    66 60 57 57 60 64 67 66 63 61 60 61 62 62 64 65 65 63 60 58 58 57 54
    53 53 55 57 60 62 64 64 62 62 63 65 66 65 64 63 61 57 53 50 51 52 54
    55 57 60 62 65 69 72 72 69 66 63 62 62 62 63 62 62 62 63 65 69 73 75
    74 70 66 64 65 67 68 68 65 62 61 63 64 62 60 59 60 60 60 59 57 55 55
    56 59 61 61 60 58 58 60 63 65 65 62 59 58 59 61 64 68 71 73 74 73 70
    66 63 62 60 58 56 56 57 60 64 66 66 63 60 59 60 65 68 69 70 68 65 60
    57 57 59 62 64 67 70 72 75 77 80 82 81 78 74 70 66 63 61 59 59 59 58
    56 54 54 55 56 57 59 63 68 74 78 79 78 75 72 70 67 63 59 58 58 59 61
    60 58 56 54 54 53 52 53 56 59 60 61 62 62 63 65 66 67 67 65 64 65 67
    69 70 71 73 74 72 68 66 64 64 66 68 69 70 69 66 63 63 64 65 65 65 65
    66 67 69 69 68 65 63 61 59 59 60 62 60 57 55 56 59 61 62 60 59 62 67
    73 74 72 64 57 53 55 60 65 68 68 64 61 60 60 60 61 63 64 65 62 59 57
    57 56 56 55 56 57 59 62 65 67 66 63 61 62 65 67 67 66 65 63 60 57 56
    56 57 58 59 61 64 66 69 73 76 77 74 70 66 63 61 60 60 65 64 63 63 65
    70 75 77 75 70 65 63 63 65 67 67 64 60 59 60 62 62 61 60 60 60 60 59
    58 58 60 62 64 65 65 64 64 64 64 65 64 63 60 57 56 59 61 65 68 72 74
    75 75 71 66 63 60 58 55 54 54 56 59 63 66 66 63 60 58 59 63 66 67 67
    66 62 58 55 56 59 64 67 69 70 71 71 72 75 77 78 77 74 70 67 64 61 58
    56 57 57 57 56 55 56 55 55 55 57 62 68 73 76 77 76 74 71 67 63 60 60
    61 63 63 62 59 56 54 54 54 54 57 60 63 63 63 63 63 64 64 65 66 67 67
    67 67 68 69 70 73 76 78 74 70 66 65 66 67 69 70 71 70 65 60 59 60 63
    64 64 63 62 61 62 63 63 64 65 66 65 65 65 63 59 54 52 53 57 61 62 61
    60 63 69 74 75 72 64 56 52 54 60 66 69 69 66 62 60 59 58 59 60 62 64
    63 60 58 58 58 58 58 59 61 62 65 67 68 65 61 58 59 63 66 68 68 67 67
    65 64 63 64 64 64 64 66 69 71 73 76 79 80 77 74 69 65 60 58 57 66 65
    64 64 66 69 73 75 73 68 64 62 63 64 65 66 63 60 57 58 60 61 61 61 61
    61 61 60 60 62 65 67 67 67 66 66 66 67 68 67 65 62 59 56 57 60 63 66
    69 71 73 74 73 70 65 61 58 56 55 54 55 58 61 65 67 66 63 59 58 59 62
    64 65 65 63 60 56 54 55 59 64 67 68 67 67 66 65 67 70 72 73 71 69 67
    65 62 59 57 57 58 57 56 56 56 56 55 53 53 57 62 68 73 75 75 74 72 68
    64 62 62 63 65 65 63 60 57 55 54 55 57 61 65 68 67 66 64 64 64 63 63
    64 66 68 69 69 69 69 70 74 79 80 76 71 67 66 66 67 69 70 71 70 65 59
    57 59 63 65 65 63 59 57 56 58 60 63 66 69 70 70 68 64 59 52 49 50 55
    60 62 62 62 64 70 74 75 72 65 58 54 55 59 64 68 68 65 63 60 57 55 54
    56 60 64 65 63 61 61 61 61 61 63 65 66 67 67 66 62 57 55 57 61 66 69
    70 70 70 70 70 70 69 68 66 65 67 70 72 74 77 80 81 79 76 71 66 59 55
    54 66 65 65 64 65 67 70 71 70 66 62 61 61 62 62 63 62 59 57 58 59 61
    62 62 62 62 61 60 60 63 67 70 70 67 65 64 66 68 69 68 66 64 61 58 59
    62 66 68 69 70 71 71 69 66 62 59 58 57 57 57 58 61 63 66 67 65 62 59
    58 60 62 63 63 63 61 59 56 54 56 60 65 66 64 62 60 59 59 61 64 68 69
    68 67 65 64 63 61 61 61 60 59 57 56 56 57 56 54 53 55 60 66 70 72 73
    72 71 68 64 62 62 64 66 65 63 61 59 57 55 56 59 64 69 71 70 67 65 64
    63 63 62 62 65 67 69 69 68 67 67 72 77 79 76 71 67 66 66 66 67 68 68
    67 63 59 58 61 66 68 67 63 58 54 53 55 58 61 65 68 71 71 69 64 57 50
    45 47 52 58 62 62 63 65 69 72 72 70 65 60 57 56 59 62 65 65 65 63 61
    58 54 52 53 57 63 66 66 64 63 63 63 64 66 68 68 66 65 64 60 56 56 58
    63 67 70 71 72 72 73 72 71 70 67 65 64 65 67 70 72 75 78 80 79 77 73
    67 59 55 53 66 65 65 64 64 65 66 68 67 64 60 58 58 58 59 60 61 59 57
    57 58 60 62 64 64 63 61 58 58 62 67 71 71 67 63 61 63 65 67 67 67 66
    64 63 63 65 68 69 68 68 67 67 65 62 60 59 60 61 60 61 62 63 65 65 65
    63 60 59 60 61 62 63 62 62 61 58 56 54 57 61 65 64 61 56 54 53 55 59
    63 67 68 67 65 63 63 63 64 64 65 64 61 57 55 55 57 57 57 56 57 60 65
    68 69 69 68 67 65 62 60 60 62 64 63 62 61 61 60 58 57 59 64 70 72 71
    68 65 64 63 63 61 61 63 66 67 67 65 63 63 68 73 76 74 69 66 64 64 64
    64 65 64 64 61 58 58 63 69 71 69 64 58 53 53 55 57 60 63 67 70 71 69
    63 54 46 42 44 51 57 61 62 63 65 67 69 68 66 64 62 60 60 61 63 65 66
    66 67 66 62 57 54 55 59 64 66 66 64 63 62 62 64 66 68 67 65 64 63 61
    58 59 63 68 71 73 73 73 73 72 70 68 65 63 61 60 61 63 67 70 73 75 77
    78 76 73 67 60 56 54 67 65 64 63 62 62 62 64 64 62 59 57 56 56 57 59
    61 60 58 56 57 59 62 64 64 62 59 56 56 60 66 70 71 67 62 59 58 60 61
    63 65 68 68 67 67 68 69 69 68 67 66 65 64 61 60 62 64 66 65 64 63 64
    65 65 64 63 62 63 64 64 64 63 62 61 60 58 55 54 56 61 65 64 59 54 51
    51 56 61 65 68 68 66 64 62 62 62 64 67 68 67 63 59 56 54 55 56 58 58
    59 61 63 65 65 65 65 65 64 61 59 58 60 61 62 62 63 64 63 61 59 59 63
    69 72 72 69 65 64 63 62 60 59 60 62 64 64 64 62 61 64 68 71 70 67 65
    63 62 62 62 62 62 61 58 57 59 64 70 73 71 67 61 57 56 58 60 61 64 68
    71 72 69 62 53 45 42 44 51 57 61 62 63 65 66 66 65 64 64 63 64 64 65
    65 66 68 69 71 71 68 63 59 60 63 66 67 65 63 62 61 62 63 65 66 64 62
    62 63 63 62 64 68 72 74 75 74 73 72 69 65 62 60 60 60 59 59 61 65 69
    71 73 74 74 73 71 67 62 59 58 68 66 63 60 58 57 58 60 61 61 59 57 56
    57 57 59 62 61 59 56 57 59 61 63 62 60 57 54 55 59 64 68 69 66 61 57
    54 53 54 57 62 67 70 71 70 70 70 68 67 67 67 66 64 62 62 64 68 70 68
    64 62 62 64 64 64 65 66 68 69 68 67 65 64 62 60 57 54 53 56 60 64 64
    60 56 53 54 59 64 68 69 68 66 63 61 61 61 64 66 67 67 64 60 55 52 52
    54 56 58 59 60 61 61 61 61 63 65 65 62 59 58 58 60 61 62 64 67 66 64
    62 62 65 69 72 71 67 64 61 60 59 58 57 58 58 60 62 63 61 60 60 64 66
    67 65 64 63 62 61 61 61 61 60 58 57 60 66 72 74 73 69 65 62 62 64 65
    66 67 71 73 73 69 62 54 48 45 48 54 60 63 64 65 65 66 66 65 64 64 64
    66 67 68 68 69 70 72 75 75 72 67 64 64 66 68 67 65 63 62 61 62 63 64
    64 62 61 62 64 65 66 69 73 75 75 74 74 73 71 67 61 58 57 59 61 61 60
    61 64 68 70 70 69 69 69 69 67 65 64 64 69 67 63 58 55 54 54 56 59 60
    59 58 58 59 59 60 61 61 59 58 58 59 60 60 58 56 54 53 55 59 62 64 65
    64 60 56 51 48 48 51 57 64 69 71 72 71 70 68 67 68 69 68 65 63 63 66
    70 71 69 64 60 59 61 63 64 66 69 71 72 71 68 66 63 61 58 56 54 53 55
    59 63 65 63 60 58 58 61 65 68 69 67 64 62 60 59 59 61 64 65 65 63 59
    55 50 49 51 54 57 59 60 60 58 58 58 61 64 65 64 61 59 59 60 61 63 66
    69 68 67 66 66 68 70 71 69 64 61 58 57 56 56 56 56 55 57 60 61 60 58
    57 59 62 64 63 63 63 63 63 63 64 64 62 61 60 63 68 73 75 74 72 69 67
    68 69 70 69 70 73 75 74 71 64 58 53 52 56 62 67 69 68 67 67 66 66 65
    65 65 65 67 69 70 70 70 71 74 76 77 73 68 65 65 67 68 67 65 63 63 63
    63 64 65 64 62 60 62 64 66 69 72 74 76 76 74 73 72 70 65 59 56 56 61
    64 65 64 63 65 67 68 67 65 64 65 66 67 67 68 69 70 68 63 58 53 51 51
    54 57 58 58 59 59 60 60 60 60 59 59 59 60 59 58 56 54 52 52 53 55 58
    61 62 62 63 61 57 51 47 45 46 52 58 65 69 70 70 69 67 67 68 70 70 67
    65 65 67 70 71 68 62 57 55 57 60 62 65 69 71 71 70 67 63 60 59 57 56
    55 54 54 56 61 64 65 64 62 61 62 65 67 67 65 63 61 59 57 57 58 60 61
    61 60 58 54 50 48 49 53 57 60 61 60 57 55 56 58 61 63 63 62 61 61 63
    64 65 68 69 68 68 68 69 71 72 71 66 62 58 56 55 55 56 57 56 55 55 58
    59 58 55 54 56 59 62 62 62 62 64 66 67 68 68 67 65 65 67 71 74 75 74
    73 72 71 71 72 72 70 70 73 75 74 72 68 62 59 58 63 69 73 74 72 70 68
    66 66 65 65 65 65 67 69 70 69 69 70 73 76 77 74 69 65 65 67 68 67 66
    64 64 64 64 65 66 65 62 60 61 64 67 70 72 74 75 75 73 71 71 68 64 59
    57 58 63 68 70 68 66 65 65 64 62 60 60 61 64 66 69 71 72 70 69 64 59
    54 51 50 52 54 55 56 58 60 62 62 60 58 57 57 59 60 59 56 53 52 51 51
    53 56 59 60 60 61 63 63 61 56 51 47 46 49 55 61 66 68 68 67 65 65 66
    68 69 67 66 66 67 68 68 65 59 55 53 55 57 60 63 66 68 69 67 64 60 58
    57 57 57 57 55 53 53 56 60 63 65 64 63 63 64 66 66 64 62 60 57 55 55
    56 58 60 60 59 59 56 52 49 49 53 58 61 63 61 58 55 54 55 58 61 62 63
    63 65 66 67 68 69 69 67 67 68 71 73 73 70 65 60 58 56 56 56 57 58 58
    57 57 57 57 56 54 54 56 60 62 61 61 62 64 68 70 72 73 71 69 68 69 71
    72 73 72 72 72 72 71 71 71 69 69 71 73 74 73 70 66 62 62 67 73 78 78
    74 70 67 66 65 64 64 63 63 64 66 67 66 66 67 71 74 75 73 69 66 65 67
    68 68 67 66 65 64 64 64 65 63 61 59 60 64 67 70 71 72 72 73 71 70 69
    68 65 62 60 61 65 69 71 70 67 65 63 61 59 57 58 60 63 67 69 71 72 70
    69 66 61 57 53 51 50 51 53 55 59 62 64 64 61 57 55 56 58 59 58 57 55
    54 53 54 55 57 58 59 61 63 67 68 67 63 58 53 50 50 53 58 62 64 64 63
    62 62 62 64 65 65 66 66 66 65 64 61 56 53 53 55 58 61 63 65 67 67 66
    63 59 57 56 57 58 57 54 51 50 51 55 59 63 65 65 65 65 66 66 65 63 60
    57 55 55 57 60 61 62 62 62 61 57 53 53 56 60 63 65 63 60 56 55 55 58
    61 64 66 66 68 69 69 70 70 68 66 66 68 71 73 73 70 64 60 58 57 56 56
    56 58 60 60 60 59 58 56 54 54 57 60 62 62 61 62 64 68 72 74 74 73 70
    67 66 67 68 69 69 70 71 70 70 69 68 67 68 69 71 72 72 71 67 64 63 67
    73 77 76 72 68 66 65 63 62 61 60 59 60 61 61 61 61 63 67 70 72 70 67
    65 66 68 69 69 69 68 66 64 64 63 63 62 60 59 60 63 67 69 69 69 69 71
    70 69 68 67 66 64 63 64 66 69 70 69 67 65 63 60 57 56 57 61 65 68 70
    71 72 68 68 66 62 58 54 51 49 49 52 56 61 65 66 65 63 59 56 56 57 58
    59 61 61 61 59 57 57 56 57 58 62 66 70 72 72 69 65 60 55 53 54 57 59
    60 59 58 57 57 58 59 61 62 63 64 64 62 60 57 54 53 54 56 60 63 65 66
    67 68 67 64 61 59 59 60 59 57 54 51 48 48 51 56 60 64 67 67 66 65 65
    64 62 60 58 57 59 62 65 66 67 67 68 67 64 60 61 63 65 66 66 65 61 58
    57 57 60 64 67 69 69 69 68 68 69 68 67 65 65 68 71 72 71 68 63 60 59
    58 57 55 55 57 60 62 63 61 60 58 56 56 59 62 63 63 63 63 64 67 71 73
    72 69 65 61 59 60 63 66 68 68 68 67 66 65 65 66 67 67 68 68 69 69 67
    64 63 66 70 73 73 69 66 65 64 62 60 58 57 57 57 57 57 57 57 60 63 67
    69 68 66 65 66 68 70 70 70 69 67 65 64 64 64 62 60 59 61 64 66 67 65
    65 66 68 68 67 66 66 65 64 64 65 67 69 70 69 67 66 64 60 56 55 58 63
    67 68 69 70 71 66 65 64 61 57 54 51 49 50 53 59 64 66 67 66 65 63 61
    60 60 60 63 66 69 69 66 61 57 54 54 57 62 68 73 75 74 71 68 64 59 57
    56 56 57 56 55 54 54 54 56 59 60 60 61 61 62 61 58 55 52 53 55 58 62
    65 67 68 69 69 67 64 62 61 62 63 62 59 56 53 49 48 50 54 59 64 68 68
    67 65 63 62 60 60 59 60 64 68 70 71 72 73 73 73 71 70 70 70 70 68 67
    66 63 61 59 59 62 65 69 70 69 67 66 65 65 65 65 65 66 68 69 68 67 64
    61 59 60 60 59 57 57 58 61 65 65 64 63 60 59 58 60 63 65 65 65 64 64
    66 68 68 66 62 58 53 52 55 60 65 68 68 66 64 62 62 62 64 66 66 65 65
    65 66 65 64 64 65 67 68 68 65 64 63 63 61 58 56 55 56 57 57 57 56 56
    58 62 66 69 68 66 65 66 67 68 69 70 69 68 67 66 66 65 64 62 61 62 64
    65 64 62 61 62 64 65 64 64 63 62 62 64 66 68 70 71 70 69 67 63 59 55
    55 59 65 68 69 68 69 69 65 64 63 59 56 54 52 51 53 57 62 66 67 66 67
    67 68 68 66 65 64 66 71 74 75 71 64 58 54 53 57 63 69 73 75 73 70 67
    65 63 61 59 57 56 55 54 54 54 56 59 62 64 62 61 61 61 61 59 56 53 54
    56 60 63 66 67 68 69 69 67 64 63 63 65 66 65 62 60 58 54 52 53 56 60
    64 68 69 67 65 62 59 58 59 60 62 67 71 74 75 75 76 77 76 76 76 77 76
    74 70 69 68 66 63 61 60 61 64 66 68 66 64 62 61 61 62 62 63 64 65 65
    63 61 59 58 57 59 62 63 62 61 62 64 67 68 66 65 63 62 61 61 63 64 65
    65 64 63 63 63 62 60 57 52 48 48 52 59 66 69 68 65 61 59 59 60 63 65
    65 64 62 62 63 64 64 64 64 64 64 64 62 61 62 61 60 57 55 55 57 59 60
    59 56 55 57 62 67 70 71 69 68 66 65 65 66 67 68 69 68 68 67 66 65 65
    64 65 66 66 64 61 60 61 62 61 60 59 59 59 60 63 67 70 72 72 71 69 66
    63 58 56 56 61 66 68 68 66 66 66 66 65 62 58 56 55 56 57 58 62 65 67
    67 66 68 70 72 73 72 69 67 69 72 75 75 72 65 58 54 54 58 64 69 73 74
    72 69 67 68 68 67 64 61 59 58 58 58 58 60 64 68 68 66 63 62 63 64 63
    59 57 56 58 61 63 65 65 66 67 66 64 62 62 64 67 68 66 64 62 61 59 57
    57 59 62 64 67 68 68 66 62 59 58 59 61 65 69 72 75 76 76 76 76 75 75
    77 79 79 76 72 70 69 68 65 62 59 58 59 61 63 63 61 61 60 61 61 61 61
    60 60 59 57 56 55 54 55 59 64 67 68 67 67 68 70 70 68 66 64 63 62 62
    62 63 63 64 62 61 61 60 59 57 54 50 47 48 52 59 66 70 69 65 61 57 57
    59 62 65 65 63 61 60 61 62 64 64 64 63 63 62 61 61 61 61 61 59 58 58
    60 63 64 62 58 56 57 62 68 72 74 73 70 67 65 63 63 65 68 70 70 68 67
    66 66 67 68 70 71 70 66 63 62 62 62 60 57 56 56 57 59 63 67 70 72 72
    70 68 64 61 58 57 59 62 66 67 65 64 62 62 68 67 64 60 58 59 61 64 65
    67 68 67 67 67 69 70 73 75 74 71 68 68 69 71 71 68 63 57 53 54 58 65
    70 74 75 73 69 68 70 73 73 70 66 63 62 62 62 63 65 69 73 73 69 65 64
    65 66 66 63 60 59 59 62 64 64 63 63 64 64 62 61 62 65 68 68 64 61 60
    60 60 60 61 62 62 62 64 65 66 65 63 61 60 62 65 68 71 73 75 76 76 74
    72 71 71 74 76 78 76 73 70 69 68 66 61 57 55 55 57 60 62 63 63 63 64
    64 63 60 56 55 54 53 53 52 53 56 61 66 70 71 71 70 70 70 70 69 68 66
    64 63 61 60 59 59 60 60 60 60 59 58 56 55 53 51 52 56 61 67 70 70 67
    62 58 56 57 61 64 64 63 61 60 60 61 63 64 64 64 63 63 62 62 63 64 65
    65 64 64 64 66 65 63 60 57 58 63 68 73 76 75 72 68 65 63 63 65 68 71
    70 68 65 64 65 67 70 73 76 75 72 68 66 65 64 61 57 55 56 58 60 63 67
    69 71 70 67 64 61 59 57 59 61 64 65 65 63 61 59 58 70 69 65 61 60 62
    66 69 70 70 68 67 67 68 69 70 71 74 73 70 67 65 65 65 65 64 60 56 54
    55 60 67 73 76 76 74 70 69 72 76 77 75 71 67 65 64 63 64 67 71 73 73
    69 65 63 64 65 66 64 61 59 60 63 65 64 63 63 63 63 62 62 63 65 67 66
    61 55 54 55 57 60 62 64 63 61 61 62 64 64 63 63 64 66 69 72 74 74 75
    74 73 71 68 66 66 69 71 73 73 72 69 68 68 65 60 56 53 53 56 60 64 67
    68 69 69 69 66 61 56 54 53 52 52 53 55 59 64 68 70 71 70 69 68 67 68
    70 70 68 65 62 59 58 56 56 58 59 61 62 61 60 58 58 57 57 59 61 64 66
    68 68 67 64 60 57 57 60 63 64 63 62 61 61 62 63 64 66 66 66 66 65 65
    66 67 68 69 68 66 64 64 62 60 58 57 58 62 68 73 76 75 72 68 67 67 67
    68 69 70 68 65 61 60 61 65 69 74 78 79 76 72 68 66 64 61 58 57 58 60
    62 64 65 67 68 67 65 62 59 58 58 61 64 66 66 64 62 59 56 55 70 69 66
    63 63 65 69 71 71 70 68 66 67 68 69 68 70 72 73 70 66 63 61 62 63 63
    61 58 56 58 63 69 75 77 77 74 69 67 70 75 78 77 74 70 68 65 64 64 66
    68 70 69 66 62 60 61 63 64 63 60 59 61 63 65 66 65 64 64 64 63 63 63
    64 65 62 56 50 48 50 53 58 63 65 64 61 60 60 61 62 63 65 67 69 72 74
    74 73 73 71 69 67 65 63 62 64 65 65 67 67 66 66 66 63 58 55 54 54 57
    61 66 70 72 74 75 74 71 65 59 56 54 53 54 55 59 63 66 67 66 66 65 65
    64 63 65 69 71 70 66 60 57 55 55 56 58 61 64 65 65 62 60 60 62 64 66
    66 65 65 65 66 67 67 64 61 59 60 62 63 63 62 62 62 63 64 65 67 68 68
    68 67 67 68 69 69 68 66 62 60 58 55 54 55 55 58 62 67 71 74 72 70 68
    69 70 71 70 68 67 65 61 57 56 57 61 67 73 78 81 79 74 69 65 62 60 59
    59 60 62 63 64 64 66 67 67 64 62 60 60 61 63 65 67 66 64 61 58 56 54
    68 67 65 63 64 67 70 72 71 69 66 65 66 68 68 68 69 72 73 71 66 62 61
    62 65 66 64 62 61 62 66 72 76 77 76 72 66 64 66 71 75 77 76 74 70 67
    65 65 66 66 65 64 60 58 57 60 63 65 63 60 59 61 63 66 67 67 68 67 66
    64 61 60 60 61 58 54 49 47 49 53 59 64 66 65 62 60 59 58 59 62 65 67
    70 72 73 73 71 69 67 64 64 63 61 59 59 58 57 59 61 63 63 63 61 57 55
    56 57 59 63 67 71 74 77 79 79 75 70 64 59 56 54 54 57 61 65 65 63 61
    60 60 61 61 61 63 68 71 71 66 59 55 54 55 58 60 63 67 69 68 64 61 62
    65 69 72 70 67 64 63 65 67 69 67 63 60 60 62 62 62 62 62 62 63 66 67
    69 68 68 67 67 69 70 70 69 66 61 57 54 51 49 49 52 54 57 61 65 69 70
    69 67 67 69 72 71 68 65 62 60 57 54 53 55 59 63 69 75 78 78 73 67 61
    58 58 59 61 62 63 63 63 63 65 67 67 65 63 63 63 63 64 65 66 66 64 61
    59 58 57 62 62 62 62 64 66 69 70 69 66 63 63 64 66 67 68 70 74 75 72
    67 63 62 66 69 71 69 66 65 65 69 74 77 77 74 70 65 61 62 65 71 75 77
    76 73 69 67 67 66 65 63 60 57 56 57 61 65 67 65 62 60 62 64 67 68 70
    70 69 66 62 57 54 55 56 56 55 53 52 53 56 61 65 67 65 62 60 58 56 57
    59 63 66 68 70 72 72 70 67 64 62 62 63 61 58 55 53 52 53 57 60 61 61
    59 56 56 58 60 61 62 65 69 74 78 81 81 78 74 68 62 57 54 54 57 61 64
    63 60 57 56 57 60 62 63 64 68 71 71 66 59 55 55 58 61 63 66 69 71 70
    66 63 62 66 71 74 71 66 62 62 65 68 70 68 64 60 59 60 61 61 60 60 60
    62 67 70 71 70 68 67 68 71 72 72 68 63 57 53 50 48 46 48 51 55 57 59
    63 66 67 66 65 65 68 70 69 65 61 57 56 54 53 53 54 58 61 65 70 74 75
    72 65 59 56 57 59 61 62 63 63 62 63 65 67 68 67 66 64 64 64 63 63 64
    64 63 62 62 62 62 58 58 59 61 63 65 67 67 65 62 60 59 60 62 64 68 72
    76 77 74 69 64 64 69 73 75 73 70 67 67 70 75 77 76 73 69 65 61 60 62
    67 73 77 78 75 71 69 68 68 66 63 59 56 55 57 62 67 69 67 64 63 64 66
    68 70 71 70 67 63 58 53 50 52 55 57 58 58 58 59 61 64 66 67 65 62 60
    57 55 55 57 61 63 65 67 70 71 70 67 64 63 64 64 61 57 54 52 51 53 57
    61 62 61 58 56 56 59 60 61 61 64 68 73 78 82 82 80 76 71 64 58 55 54
    57 60 62 62 59 57 55 57 60 63 66 68 70 71 70 67 62 59 59 61 63 65 67
    69 71 70 67 64 63 65 70 73 71 66 62 62 65 68 69 67 63 59 57 58 58 58
    57 55 56 61 68 72 74 73 71 70 71 73 75 74 70 63 56 52 50 49 49 52 55
    57 58 59 62 64 66 65 64 63 64 66 65 63 60 57 56 55 54 54 55 57 59 61
    66 71 73 71 66 59 55 55 57 59 60 61 62 63 64 66 68 70 69 67 64 63 62
    62 62 63 64 64 65 65 65 66 57 58 61 63 64 64 64 63 61 59 57 56 56 58
    62 68 75 80 81 77 71 66 66 70 75 76 74 71 68 68 71 74 77 76 72 69 66
    63 61 62 65 71 77 79 77 73 69 68 68 67 65 61 57 55 56 61 67 70 70 69
    67 67 69 70 70 70 69 64 59 55 51 50 51 54 57 59 61 63 63 63 64 65 65
    63 61 59 58 56 55 57 59 61 62 64 67 71 71 69 66 65 65 64 60 57 54 54
    54 56 60 63 64 63 60 57 57 58 59 59 60 62 66 72 77 81 81 79 75 70 63
    58 56 56 59 61 63 64 61 58 55 55 58 62 66 70 72 72 71 70 67 64 63 63
    63 64 66 68 69 69 66 64 63 64 67 70 69 65 62 62 63 65 65 64 61 58 57
    57 57 55 53 52 53 60 68 74 76 75 74 73 73 75 76 76 72 65 58 55 54 54
    55 57 59 59 59 59 61 64 66 65 63 62 62 62 62 62 62 60 59 59 57 56 56
    57 57 59 63 68 72 71 66 60 55 54 54 54 56 58 61 64 66 68 69 70 69 66
    61 60 60 61 61 63 64 65 65 65 65 65 59 61 64 67 68 66 64 62 60 58 56
    54 53 55 60 68 77 83 85 80 73 67 66 70 73 74 72 68 66 66 69 72 74 74
    72 69 67 66 64 63 64 69 75 79 77 73 69 67 67 67 66 62 57 54 55 60 66
    71 73 72 70 69 70 70 69 68 66 61 57 53 52 52 53 55 56 58 61 63 63 64
    65 65 65 62 59 57 57 57 56 56 58 58 58 60 63 68 70 69 67 65 64 63 59
    56 55 56 57 59 62 64 65 64 61 59 57 57 57 58 58 61 65 70 76 79 79 76
    72 65 60 57 58 60 63 65 66 66 63 59 54 52 54 58 65 70 73 74 73 74 72
    70 67 64 63 63 65 67 67 66 63 61 60 61 65 69 69 67 63 61 61 61 61 61
    60 59 59 59 58 55 52 51 53 60 69 75 77 76 74 73 73 75 76 75 73 67 62
    59 59 59 60 62 63 62 61 61 62 64 66 65 63 62 61 62 63 65 66 66 64 62
    60 57 56 56 55 57 61 65 68 68 65 60 56 54 52 51 52 55 60 64 68 69 69
    69 67 63 59 57 58 60 61 62 63 64 64 63 62 61 61 63 68 72 72 70 66 63
    61 60 58 54 52 54 58 66 76 84 86 81 73 68 66 68 69 68 65 62 61 62 65
    68 70 71 70 69 69 68 66 63 62 66 71 75 74 70 66 64 64 65 64 61 57 54
    55 59 66 71 73 73 71 70 70 70 68 67 64 60 55 52 52 53 55 55 54 55 57
    60 63 65 66 68 67 63 59 57 57 57 57 56 56 56 55 55 57 62 67 68 67 65
    64 62 58 56 56 58 59 60 61 62 63 62 61 59 57 57 57 58 58 60 64 70 75
    78 77 73 67 61 56 56 60 64 66 68 68 67 64 58 52 48 49 54 62 69 74 75
    75 77 77 74 70 65 63 64 65 66 65 62 60 59 59 60 64 68 69 67 63 61 59
    58 58 58 59 61 64 64 62 59 56 55 56 62 69 74 75 73 71 71 71 72 73 73
    71 68 66 64 64 65 65 66 66 66 65 64 64 65 66 66 64 63 64 66 66 68 70
    69 66 63 59 57 56 55 54 56 59 62 63 62 62 60 58 56 53 51 51 53 59 64
    68 70 69 67 65 62 58 57 59 61 61 61 61 60 60 59 57 56 62 64 69 74 75
    72 68 65 63 63 60 56 53 54 57 64 74 82 84 80 74 69 67 66 65 62 59 56
    57 59 60 62 65 67 69 69 70 70 68 64 62 64 68 71 69 65 61 59 59 60 60
    59 56 54 55 59 65 71 73 72 71 70 71 70 69 67 63 58 53 50 50 52 54 54
    52 52 55 58 62 66 69 71 70 66 61 58 59 59 58 57 57 56 54 52 54 58 63
    66 67 66 65 63 60 58 58 59 60 60 60 59 59 59 59 59 58 58 58 59 60 61
    65 70 75 77 76 70 64 57 54 56 61 66 68 69 69 66 62 56 49 45 46 51 60
    68 72 74 74 76 77 75 70 66 65 65 66 66 63 60 58 57 58 60 63 66 66 65
    62 61 60 58 57 57 60 63 66 68 68 65 63 61 61 65 70 73 73 70 68 68 69
    70 69 68 68 67 68 69 70 70 70 70 70 70 69 68 67 67 67 66 65 65 67 69
    69 70 70 68 64 60 57 55 55 55 55 56 58 58 56 55 57 59 59 59 56 53 51
    52 57 63 69 71 70 67 64 62 59 59 60 62 62 61 60 58 58 57 55 54 64 66
    70 74 75 72 68 65 64 64 63 59 56 55 57 62 69 76 79 77 73 70 67 65 62
    57 53 52 54 55 56 57 59 63 67 69 69 69 68 64 62 64 67 69 66 61 57 55
    55 56 57 56 54 52 54 58 64 70 72 73 73 72 71 70 68 66 62 56 51 47 47
    49 52 53 52 52 55 58 62 67 71 74 73 70 65 62 62 61 59 58 57 57 55 53
    53 57 61 65 65 66 65 63 61 59 60 60 59 58 56 56 55 56 57 59 60 61 61
    62 62 63 66 70 74 76 74 68 62 56 54 57 62 66 68 69 68 65 60 53 47 44
    46 52 60 67 70 71 72 74 74 72 67 65 66 67 67 66 62 57 56 56 58 60 63
    64 63 62 61 62 62 59 57 58 60 63 67 69 71 71 69 66 65 67 70 71 69 66
    65 67 69 69 67 65 65 67 70 73 75 75 75 75 74 74 73 71 70 69 68 67 65
    65 67 68 68 67 67 65 61 57 55 55 56 57 57 58 59 56 52 50 53 57 60 61
    59 56 54 54 58 64 70 73 71 68 65 63 61 62 63 65 65 65 63 61 59 57 56
    54 65 67 70 72 72 69 66 63 63 65 65 62 58 55 55 58 63 68 71 72 71 69
    67 65 60 55 51 51 53 54 53 54 56 61 65 67 67 67 66 64 63 65 68 68 64
    59 56 54 55 55 54 53 51 50 51 56 63 69 73 75 76 75 72 69 66 62 58 53
    48 45 44 46 49 51 52 55 58 61 64 68 71 74 74 72 68 65 63 61 59 58 58
    58 58 57 56 58 61 63 62 62 62 61 59 58 59 59 58 56 54 52 51 52 55 59
    62 64 64 64 65 65 66 68 70 71 70 66 60 56 57 60 64 67 67 67 67 64 58
    51 47 46 49 55 61 65 68 68 70 71 71 68 64 63 66 68 67 64 60 57 56 57
    58 61 63 63 61 60 61 63 64 62 59 59 61 63 65 68 71 73 71 68 65 66 69
    69 66 63 63 67 71 70 68 65 65 67 72 76 78 78 78 77 76 76 74 73 71 70
    68 65 63 61 62 63 63 63 63 62 60 57 56 56 57 59 59 61 60 57 52 50 52
    56 60 63 62 60 59 58 61 66 71 72 71 67 65 63 63 65 67 69 70 70 69 66
    63 60 57 55 66 67 68 69 68 65 62 61 63 65 66 64 60 56 54 54 58 62 64
    66 67 68 67 65 60 55 53 54 56 56 54 54 56 60 63 64 64 64 65 66 66 68
    70 68 65 60 57 57 57 56 54 52 50 49 51 55 63 69 74 76 77 76 72 67 62
    58 54 50 46 44 45 46 48 51 55 59 63 66 66 68 70 72 72 71 68 65 62 60
    58 57 58 59 60 61 61 61 61 60 58 58 58 57 55 55 57 57 57 56 53 50 47
    47 51 57 62 65 66 67 68 68 66 65 65 65 65 62 60 59 61 64 67 68 68 68
    68 65 59 52 48 48 52 57 61 63 65 66 67 68 67 64 61 61 64 65 63 61 59
    59 59 59 60 62 63 63 60 59 61 65 66 64 61 61 62 63 64 66 68 70 69 66
    64 65 67 67 64 61 62 66 70 70 68 65 66 69 74 78 79 78 77 76 76 76 75
    73 71 68 65 61 57 55 55 56 56 57 60 62 63 62 61 60 61 61 62 63 62 59
    54 51 52 56 60 62 63 63 62 62 64 67 70 70 67 65 64 64 65 66 68 70 72
    73 72 70 66 62 58 56 67 67 67 67 65 63 61 62 64 67 68 67 63 58 54 53
    55 58 59 61 62 63 65 64 62 59 58 59 61 61 58 57 58 60 61 61 61 62 65
    67 68 69 69 68 65 62 60 60 59 57 55 53 51 51 53 58 65 70 73 75 76 75
    71 66 60 55 51 47 45 46 48 50 51 54 58 64 69 70 68 67 68 69 69 68 65
    62 59 58 57 57 58 59 61 63 64 63 61 58 55 54 54 53 52 53 56 58 59 58
    55 50 45 44 47 53 59 64 67 70 72 71 67 64 61 60 60 59 60 61 65 68 70
    69 69 70 70 68 62 55 51 51 53 56 58 60 62 64 66 66 64 61 59 59 60 59
    57 56 58 61 63 63 62 62 63 63 61 60 62 65 67 65 62 61 63 64 64 64 65
    65 64 63 63 64 66 66 63 60 60 63 66 67 65 64 65 69 74 77 77 76 75 74
    75 75 74 71 68 64 59 55 51 49 49 49 51 54 59 64 66 67 66 66 65 64 64
    65 64 61 55 52 52 55 58 60 62 63 63 64 65 66 66 65 63 62 63 64 65 66
    67 68 70 72 73 71 67 63 58 56 68 68 67 66 64 62 62 64 66 69 70 69 66
    60 55 53 55 57 58 58 58 59 61 63 63 63 64 67 69 68 64 61 59 60 60 58
    58 60 63 66 67 68 67 66 64 63 62 61 60 57 54 53 53 55 58 64 69 72 72
    72 73 73 71 67 62 56 50 46 44 47 51 54 55 57 62 68 72 72 69 66 66 68
    68 66 63 59 57 58 59 59 59 59 61 64 65 64 60 55 52 51 50 50 51 53 57
    60 61 61 58 53 47 44 46 51 57 62 68 73 76 75 70 64 60 58 57 59 62 65
    69 70 70 69 69 71 71 69 64 58 55 53 53 54 54 56 58 62 64 64 62 59 58
    57 56 53 51 52 57 62 66 66 64 63 64 63 62 62 63 65 66 64 61 60 62 64
    64 64 63 62 61 62 62 64 66 65 62 59 58 60 62 62 61 61 63 67 71 74 74
    72 71 71 72 73 71 68 64 59 55 51 48 46 47 48 50 54 60 65 68 70 70 70
    69 68 68 67 66 61 55 51 50 53 56 59 61 62 63 63 62 62 62 60 60 60 62
    64 65 65 65 67 69 72 73 71 68 63 59 57 69 69 67 66 64 63 63 65 67 69
    70 69 66 61 57 55 56 57 57 57 56 55 57 60 63 66 69 72 74 73 70 65 62
    60 58 57 56 57 60 62 63 64 63 63 63 63 62 61 59 56 54 54 56 60 65 70
    75 76 73 71 70 70 70 68 64 58 51 46 44 47 51 55 57 59 63 68 72 72 68
    66 67 70 70 67 61 58 57 60 61 61 60 59 61 62 63 61 57 52 50 49 49 50
    52 56 60 62 63 62 60 55 49 46 47 51 56 61 68 74 78 77 72 66 62 59 60
    62 66 70 71 70 68 67 68 70 70 69 65 61 59 57 55 53 51 53 56 60 62 62
    60 58 57 56 54 50 48 50 57 63 67 68 65 64 64 64 63 63 64 65 64 60 57
    56 58 61 62 62 60 60 60 61 62 63 64 63 60 57 56 57 58 58 57 57 59 63
    67 69 68 67 66 66 67 69 68 66 62 58 54 50 48 48 49 50 52 56 62 67 69
    70 71 73 74 74 73 71 67 61 54 49 49 52 55 58 61 62 62 60 59 59 59 59
    60 62 64 65 65 65 65 67 70 73 74 72 68 63 59 57 70 69 68 66 65 64 64
    65 66 67 67 66 64 62 60 58 59 60 59 57 55 53 54 57 62 67 71 73 74 74
    71 67 63 60 58 57 56 56 58 59 60 61 61 61 62 63 62 60 59 57 56 57 60
    64 70 75 79 79 75 71 68 69 69 68 64 58 52 46 44 46 51 54 57 59 62 66
    68 69 67 66 69 71 72 67 61 58 59 62 64 62 60 59 60 60 60 58 54 52 51
    52 53 54 56 60 62 63 62 60 58 55 52 50 50 52 55 60 65 72 77 77 74 70
    66 63 64 67 71 74 72 67 63 62 64 66 68 67 65 63 62 61 58 54 51 52 56
    60 61 60 57 55 55 55 52 49 48 51 57 64 68 68 66 64 63 62 62 62 63 63
    61 56 52 52 54 57 59 59 58 58 59 61 63 63 63 62 59 56 55 56 57 57 56
    55 57 60 63 64 63 61 61 63 64 66 67 66 64 61 57 54 53 54 55 56 56 59
    64 67 68 68 70 72 76 77 76 72 66 60 53 50 50 52 55 59 62 63 61 60 59
    59 60 62 63 65 66 67 67 66 67 69 73 76 77 74 69 63 59 57 70 69 67 66
    66 65 64 63 63 63 63 62 62 63 63 63 63 63 62 59 56 53 52 56 61 66 70
    70 69 69 68 65 61 59 59 59 58 58 59 60 60 62 62 62 63 63 62 61 60 60
    60 61 64 67 71 75 78 78 75 71 68 68 68 66 62 57 53 49 47 49 53 56 59
    59 60 61 63 63 63 64 67 71 71 67 61 59 60 64 65 63 60 59 59 58 57 55
    53 53 55 57 59 60 62 63 62 60 58 56 56 56 55 55 55 55 56 58 61 67 72
    74 73 71 68 67 68 71 74 74 70 63 58 58 60 63 65 64 63 63 64 64 61 56
    53 54 58 61 61 58 55 53 54 55 53 50 49 53 58 63 66 66 63 61 59 58 57
    57 59 60 58 53 49 49 51 55 58 58 58 59 61 63 64 65 64 63 60 57 57 58
    60 59 57 55 56 58 60 60 58 57 59 61 65 67 68 69 68 67 63 60 59 60 61
    61 60 62 65 67 66 66 67 70 75 78 77 72 65 58 53 51 51 53 56 60 63 64
    62 61 61 63 65 67 68 69 70 70 69 69 70 71 73 76 78 76 70 64 59 58 69
    68 67 66 67 66 65 63 62 61 60 60 61 63 65 66 66 66 64 62 57 54 52 55
    61 66 68 67 65 64 63 61 58 58 60 61 63 63 63 63 64 65 65 64 63 62 62
    62 63 65 66 67 67 68 70 71 73 73 71 69 68 67 66 64 60 58 56 54 54 56
    60 63 63 61 59 57 57 59 60 62 65 68 68 65 61 60 61 65 65 63 60 59 59
    58 56 54 54 56 60 63 65 66 65 64 61 57 54 54 57 60 62 63 62 60 58 56
    57 61 66 69 70 69 68 68 70 72 74 71 65 58 54 54 56 60 62 62 63 64 65
    65 63 58 56 57 61 64 63 58 54 52 53 54 53 51 52 54 57 60 62 62 60 57
    53 50 49 51 54 56 56 53 50 49 53 58 61 62 61 62 64 66 67 67 66 65 63
    61 60 61 62 61 58 56 55 56 58 58 57 56 59 63 67 70 71 72 73 72 69 65
    63 63 64 63 62 63 65 66 65 64 64 67 71 76 76 71 65 59 54 52 52 53 55
    60 63 64 64 64 66 70 73 74 73 73 73 73 72 72 72 71 72 74 76 75 71 64
    60 58 68 68 66 65 65 65 65 64 63 62 60 59 60 62 66 68 69 68 66 64 60
    56 55 58 63 67 68 65 63 61 60 59 57 58 61 64 66 68 68 68 68 69 69 67
    64 62 61 63 66 69 71 71 70 68 67 66 66 67 67 68 67 66 65 63 61 60 61
    61 62 65 69 70 69 64 58 54 54 56 58 60 63 65 65 63 61 61 63 65 66 65
    63 61 60 58 56 54 55 59 64 68 70 69 67 63 59 55 53 55 60 66 70 72 69
    64 60 56 55 57 60 63 66 67 68 69 71 72 70 65 58 53 50 50 53 57 61 63
    64 64 65 64 62 59 58 60 64 67 65 60 55 53 53 53 53 53 54 56 57 58 59
    58 57 53 49 45 44 46 50 53 55 54 52 53 56 61 65 66 65 66 68 69 68 67
    67 67 66 64 63 64 64 62 59 56 54 55 56 58 58 58 61 65 70 72 73 75 76
    74 70 66 64 63 63 62 61 62 65 66 65 63 63 64 69 74 75 73 67 61 57 54
    53 52 54 58 61 63 64 67 71 76 80 81 79 77 75 74 73 73 72 70 69 70 72
    73 70 65 61 60 66 65 63 61 61 62 63 64 64 63 61 58 58 61 65 69 70 69
    67 64 61 59 60 62 66 68 68 65 62 61 60 60 59 60 62 66 70 71 71 71 72
    72 72 70 66 63 62 64 67 71 72 72 70 68 65 62 61 62 63 64 64 63 63 63
    63 65 67 68 68 71 74 75 72 65 58 53 52 54 58 61 63 64 63 62 62 63 64
    65 67 67 66 64 62 59 56 56 58 62 66 70 71 69 66 63 59 55 55 58 64 71
    76 76 72 66 61 57 55 55 57 60 63 65 67 69 71 69 65 59 52 49 47 48 51
    56 62 65 66 65 63 60 58 57 58 61 64 67 66 62 57 54 53 53 53 55 57 59
    58 58 58 59 58 55 51 47 45 47 51 54 56 56 55 56 59 64 68 68 68 68 69
    69 68 66 66 66 66 64 63 63 64 62 58 55 53 54 57 59 60 60 62 65 69 71
    73 75 76 73 68 63 61 61 60 59 57 59 61 63 63 62 61 63 67 72 74 73 69
    64 60 58 55 53 53 56 59 62 64 68 73 79 83 84 82 78 75 74 73 73 72 69
    67 66 68 70 70 67 64 64 62 61 59 56 56 58 61 64 64 63 61 58 57 58 63
    68 70 69 67 64 62 63 64 67 70 70 68 64 62 63 63 63 62 62 65 68 71 72
    72 72 72 73 73 71 68 66 65 66 67 69 70 70 70 69 66 63 60 59 59 59 59
    60 63 65 67 70 72 73 72 73 75 76 72 65 57 52 52 55 59 63 65 65 64 62
    62 63 64 65 67 69 69 67 63 59 57 58 61 65 67 69 70 68 66 64 61 59 59
    62 67 73 76 76 72 66 60 57 56 55 56 58 61 63 66 67 67 64 60 54 50 48
    47 48 52 58 65 69 69 65 60 56 53 53 55 59 62 65 64 62 58 54 53 53 55
    58 61 62 61 60 61 62 63 62 58 55 54 56 57 59 59 58 57 58 60 65 67 68
    68 68 68 67 66 65 65 65 63 61 59 59 60 60 58 56 56 57 59 60 60 59 59
    62 65 69 72 74 74 71 65 60 59 58 58 56 54 55 56 58 58 59 59 61 64 68
    71 71 69 67 64 62 59 56 56 57 59 61 64 68 72 77 82 83 81 77 73 72 71
    73 73 71 68 66 67 69 71 70 69 69 59 59 57 55 55 57 61 64 65 63 61 58
    56 56 60 66 69 69 67 64 64 65 67 69 70 69 66 63 62 64 64 64 63 63 65
    67 69 70 70 70 70 71 72 71 70 69 67 65 64 64 65 67 70 71 70 66 61 57
    55 53 54 56 61 66 70 73 75 75 73 73 73 72 67 61 55 52 53 56 60 64 67
    67 65 62 61 61 61 63 66 69 70 67 63 60 59 61 65 67 68 69 69 68 68 68
    67 66 65 66 67 70 72 72 69 64 59 56 55 55 55 58 60 62 64 64 63 60 57
    54 52 51 49 50 54 61 68 71 69 64 58 52 50 50 52 56 60 62 62 60 57 55
    54 55 58 62 65 65 63 62 63 66 68 68 67 66 66 66 65 64 63 61 59 58 60
    62 65 67 68 68 67 65 65 65 66 65 62 57 54 54 56 57 57 57 59 61 61 60
    58 56 55 57 61 66 71 74 74 70 64 60 59 59 58 56 53 52 51 53 55 57 59
    61 63 66 68 69 70 70 69 66 63 59 57 57 58 60 64 67 70 74 77 78 77 74
    71 69 69 71 74 74 71 68 68 70 72 72 71 71 59 59 59 58 59 61 64 66 66
    63 61 58 56 57 60 65 69 69 66 64 64 65 67 68 67 65 62 61 61 63 64 63
    63 63 65 67 68 68 68 67 67 67 69 69 70 70 67 64 61 60 61 65 70 74 74
    70 64 57 52 49 48 51 57 63 68 72 74 75 74 73 71 67 62 56 53 52 54 57
    61 64 67 68 66 63 60 59 59 60 64 68 68 66 62 60 61 64 68 69 68 68 68
    69 71 73 73 72 70 67 65 65 66 67 66 63 60 57 56 56 56 58 60 62 62 61
    59 56 55 55 54 53 52 52 55 62 68 70 67 62 57 52 50 49 51 55 59 61 61
    59 56 54 54 57 60 64 66 65 62 62 64 67 69 71 73 74 75 74 71 68 66 62
    59 57 57 59 62 65 68 68 67 65 65 65 67 65 61 56 52 50 52 54 56 58 62
    64 64 60 57 53 52 54 59 66 72 75 74 70 65 62 61 60 60 58 55 51 49 50
    53 58 61 62 63 64 66 69 72 74 73 69 64 60 57 56 57 59 63 66 67 68 70
    72 73 71 68 66 66 69 73 75 73 69 68 69 70 71 71 70 60 61 61 62 63 65
    67 68 67 64 61 58 58 60 63 67 69 67 63 61 62 64 65 65 63 60 57 57 59
    61 62 61 61 64 67 68 69 68 67 66 66 65 65 66 67 68 67 64 61 59 60 65
    70 75 76 73 67 60 54 49 46 48 52 58 64 68 71 73 73 72 69 64 58 53 52
    52 54 57 60 63 65 67 66 63 60 58 57 59 64 67 67 65 62 60 62 67 70 69
    68 67 69 71 73 76 77 75 72 67 63 61 62 64 65 64 62 60 59 59 59 60 61
    61 61 59 56 55 55 56 55 55 54 54 56 60 65 66 64 61 58 55 53 52 53 56
    60 61 61 59 56 53 54 57 61 64 65 64 62 62 64 66 69 72 74 77 77 76 72
    69 67 64 59 56 55 56 59 63 66 68 67 66 65 66 67 66 62 56 51 49 50 53
    56 60 64 66 65 61 56 53 52 55 60 66 71 74 74 71 67 64 62 62 63 62 59
    54 50 50 54 60 64 65 65 65 67 70 74 76 75 71 65 59 56 55 56 58 60 61
    62 62 65 68 70 69 67 64 63 67 72 74 73 69 67 66 66 67 67 67 61 61 62
    63 64 66 68 68 67 64 61 59 60 63 66 68 68 65 60 57 59 62 63 63 60 57
    55 56 58 59 58 57 59 64 69 71 71 69 67 66 65 62 61 61 64 66 66 66 63
    62 62 66 70 73 75 73 69 63 58 52 48 47 50 55 60 65 68 70 70 69 66 61
    57 53 53 54 55 57 59 61 62 64 64 62 60 58 58 60 64 68 68 66 64 63 65
    68 70 69 68 68 70 72 74 76 77 75 71 66 61 59 61 62 64 65 65 65 64 65
    64 63 63 61 59 56 54 54 56 57 57 57 56 55 56 58 60 62 62 61 61 60 57
    55 56 59 62 62 62 60 57 54 54 57 59 62 63 63 61 61 62 64 67 70 73 75
    76 74 72 71 70 67 62 58 57 57 60 62 64 65 65 65 66 67 67 66 62 56 52
    49 50 53 57 61 65 67 66 62 58 55 56 59 63 67 70 71 72 70 66 64 62 62
    64 65 63 59 54 54 57 62 65 67 67 68 70 73 75 76 75 70 64 59 56 55 57
    58 58 57 57 58 63 67 69 68 65 62 62 66 71 74 73 68 64 62 61 62 63 63
    62 62 62 62 63 64 66 67 67 65 63 60 61 64 67 69 68 64 58 56 58 61 62
    61 59 57 57 58 59 58 55 53 56 62 69 73 72 70 68 65 63 60 58 59 61 64
    67 67 66 64 64 66 69 71 72 71 69 66 63 58 54 51 52 56 61 65 66 66 66
    65 63 60 58 57 57 57 56 56 57 58 58 60 60 60 59 59 60 62 65 68 69 69
    67 67 67 69 69 69 69 71 73 73 73 74 74 73 70 66 61 59 60 61 63 66 68
    69 69 69 68 65 63 60 57 54 53 54 56 57 59 59 59 57 55 55 56 58 60 63
    66 65 61 58 58 61 63 64 63 62 60 56 55 56 58 60 62 62 61 60 61 63 66
    69 71 72 73 73 74 75 74 70 65 62 61 62 62 62 61 60 62 64 66 68 69 67
    63 57 52 49 51 53 57 61 65 68 67 63 60 58 59 62 65 67 67 68 69 67 65
    63 61 62 65 67 67 64 60 58 61 65 68 69 69 71 72 74 74 73 70 66 62 59
    57 58 61 62 59 55 55 58 64 68 69 67 64 62 62 67 72 74 73 68 63 60 59
    60 61 62 62 62 61 61 61 62 63 65 66 66 64 61 60 61 64 66 67 64 60 58
    60 62 63 62 60 59 59 60 60 57 52 50 53 60 67 71 72 69 67 64 62 59 59
    60 62 65 67 68 66 64 63 64 66 68 68 68 67 67 66 64 60 57 57 60 64 66
    65 63 62 61 60 60 60 60 60 59 56 54 55 56 55 56 56 56 57 58 60 62 64
    66 69 70 71 70 70 69 68 68 70 73 75 75 72 71 71 71 69 66 62 59 58 59
    62 66 69 71 72 72 70 66 62 59 55 52 51 52 54 57 59 61 61 59 56 53 53
    55 60 65 69 67 62 58 58 61 64 65 65 64 62 59 57 56 57 60 62 62 60 59
    61 64 67 69 71 71 72 74 76 78 78 73 68 65 66 67 66 63 60 58 59 63 67
    70 70 67 63 56 51 50 51 54 57 60 65 68 68 65 62 60 61 63 66 65 65 64
    65 64 63 61 60 61 65 69 70 68 65 64 65 68 71 71 72 72 73 73 71 68 64
    60 59 58 58 61 66 66 62 58 57 61 67 70 70 66 63 63 64 69 74 76 75 70
    65 61 59 60 62 62 63 62 61 59 59 60 62 63 65 66 65 61 59 59 61 64 66
    65 63 62 64 65 65 63 62 60 60 61 60 56 51 48 51 58 65 69 69 67 65 64
    62 60 61 63 65 65 65 65 62 59 58 59 62 64 66 65 65 65 67 67 65 64 63
    65 67 68 66 63 61 60 60 61 61 61 61 60 57 55 55 55 54 54 54 55 56 59
    60 60 60 62 66 71 74 75 73 71 68 68 70 74 76 75 72 69 68 68 69 67 63
    59 58 58 61 66 69 72 73 74 71 66 61 57 54 51 50 51 53 57 60 62 62 60
    56 53 52 55 61 67 70 68 63 58 57 60 63 65 66 66 65 62 59 58 58 60 62
    62 60 59 61 65 68 71 73 73 73 75 77 79 78 74 69 67 69 70 69 64 60 58
    59 63 67 70 69 65 60 54 50 49 52 55 57 60 64 67 68 66 64 63 62 63 64
    62 60 59 60 61 60 60 60 62 66 71 72 71 68 67 69 72 74 74 73 71 70 68
    66 61 56 55 56 59 61 65 69 69 66 61 62 66 71 72 70 66 64 65 67 72 76
    79 78 73 68 64 62 61 62 63 64 63 61 59 59 61 62 62 63 65 64 61 58 56
    58 61 64 65 66 67 68 68 67 65 63 61 59 59 58 55 50 49 51 57 62 65 64
    63 62 62 61 60 62 64 65 65 63 60 57 53 53 55 59 62 64 63 61 61 64 67
    69 69 67 66 66 66 65 62 60 60 60 60 60 61 61 61 59 56 56 56 56 56 56
    57 58 60 60 58 57 58 63 70 75 77 76 72 68 66 68 72 75 74 71 67 66 66
    67 66 62 59 58 60 63 66 69 71 73 74 71 66 61 56 53 51 50 51 54 58 61
    62 61 59 56 54 54 58 64 70 72 70 64 59 58 59 63 66 68 68 67 65 61 60
    60 63 65 63 60 58 60 65 69 73 75 75 76 76 77 77 76 72 69 69 71 71 70
    65 61 59 60 63 67 69 67 63 57 52 49 51 55 58 60 63 66 69 70 70 69 68
    66 65 63 60 57 55 55 57 59 60 61 64 68 71 72 70 68 68 71 74 77 76 73
    68 64 62 59 54 51 51 56 61 65 68 70 71 68 65 66 70 74 73 70 66 65 67
    70 74 78 81 81 77 71 66 63 62 62 62 65 64 61 59 60 62 63 62 62 64 64
    62 58 56 57 59 62 64 67 69 70 69 67 66 64 61 58 58 57 55 51 50 52 56
    61 62 61 60 59 59 58 58 60 63 65 64 62 58 54 52 51 54 58 61 62 60 57
    56 60 65 69 71 68 65 62 62 61 60 59 59 59 58 57 58 60 61 61 58 56 55
    56 57 58 60 61 62 60 57 55 55 60 68 75 77 76 73 68 65 66 70 73 73 70
    66 63 62 62 62 60 59 60 62 66 67 67 68 70 72 71 67 61 56 53 51 51 53
    57 62 63 62 60 58 57 57 59 63 69 74 75 72 68 63 59 60 63 67 69 69 68
    66 64 63 65 67 68 65 59 57 58 63 67 71 74 76 77 77 76 75 72 69 68 70
    72 72 70 66 62 61 61 62 64 65 64 61 56 52 51 53 57 61 64 67 71 74 76
    76 75 74 71 68 64 60 56 54 54 56 59 62 65 67 70 71 70 68 66 67 71 75
    78 76 71 65 60 58 56 52 49 51 57 64 68 71 72 71 69 67 69 73 75 74 70
    67 66 67 70 73 77 81 82 79 72 66 63 61 60 61 63 63 61 60 61 63 64 63
    62 64 64 62 57 55 56 57 60 63 67 71 72 70 67 65 63 60 58 58 59 56 54
    53 54 58 62 63 62 60 58 57 56 56 58 62 65 66 64 62 58 55 54 56 59 62
    62 58 55 54 58 64 69 71 68 63 59 59 59 58 57 57 57 55 54 54 57 60 61
    58 56 54 55 57 60 64 66 65 62 58 55 54 58 65 71 74 75 73 68 66 66 69
    72 73 70 64 60 58 57 56 56 57 60 63 66 66 66 67 68 70 70 66 61 55 52
    50 51 55 60 64 64 62 59 57 58 59 61 66 71 75 77 75 72 67 63 61 64 67
    69 68 68 66 66 67 70 72 71 66 59 56 56 59 63 68 72 75 78 78 76 72 68
    66 67 70 72 71 69 66 63 61 60 61 61 61 61 60 58 55 54 56 60 63 66 70
    75 79 81 81 81 79 76 71 67 63 59 56 56 58 62 66 69 70 70 69 68 65 64
    65 69 73 76 75 69 63 58 57 56 53 51 53 59 66 71 73 73 71 68 67 69 72
    75 73 70 66 64 65 67 70 76 81 83 80 73 66 61 59 59 59 62 62 62 61 63
    64 64 64 64 66 66 62 58 55 55 56 58 62 68 73 73 71 67 64 61 59 59 61
    62 60 58 57 59 62 65 67 67 64 61 58 56 55 58 63 67 69 70 69 65 62 60
    61 62 63 62 59 56 56 59 63 67 68 65 60 56 57 58 57 56 56 55 54 53 53
    56 59 60 58 55 53 53 56 62 68 71 70 66 60 56 54 56 61 67 71 73 73 71
    69 69 71 73 73 70 63 58 55 53 52 51 53 56 59 63 65 66 66 67 68 67 64
    59 54 51 50 51 56 60 63 62 60 57 56 58 59 61 64 69 73 75 75 74 70 65
    63 64 66 66 66 66 66 68 71 75 76 73 67 60 56 56 58 61 65 69 74 77 77
    75 70 65 63 65 68 70 68 66 63 61 60 60 60 59 59 59 60 60 58 58 59 61
    63 65 69 75 80 82 82 82 81 78 74 70 67 64 61 60 63 67 71 73 71 69 67
    66 64 64 65 68 71 74 74 69 63 60 60 60 58 56 57 61 66 70 72 72 70 67
    66 68 70 72 71 68 64 62 62 64 69 75 80 82 79 72 65 59 57 56 55 64 64
    64 65 66 66 66 66 67 69 68 64 60 57 57 57 60 64 70 74 74 72 67 63 59
    59 61 64 66 66 64 63 64 67 69 71 72 70 66 62 59 58 60 65 69 72 75 75
    73 69 67 66 65 64 63 60 59 59 61 63 64 64 62 57 55 56 59 59 58 56 56
    54 54 54 56 59 60 58 54 51 52 55 62 69 74 74 69 64 59 56 56 60 64 69
    72 74 74 73 73 74 74 73 69 62 57 54 52 50 48 49 51 54 58 61 64 65 65
    65 63 59 56 53 52 51 52 56 60 62 60 56 53 53 55 56 58 61 65 68 70 71
    72 69 65 61 61 61 61 62 63 65 68 73 77 77 74 67 61 58 58 60 62 65 69
    73 75 75 72 67 62 60 62 64 65 63 60 58 58 59 61 61 60 59 60 61 62 62
    62 62 63 62 62 65 71 75 77 78 79 79 77 74 71 70 68 66 65 68 71 74 73
    69 66 64 64 65 65 66 67 70 73 74 71 66 63 63 64 62 60 60 62 64 65 67
    68 67 65 65 66 67 68 68 66 62 60 62 65 70 75 78 78 75 68 62 57 53 51
    50 68 68 70 70 70 69 68 68 70 73 72 68 63 60 60 61 64 67 72 75 76 72
    67 61 59 59 62 66 68 69 68 67 67 68 69 71 74 73 70 67 63 62 63 66 70
    74 77 79 77 74 72 70 68 66 64 62 61 60 60 60 60 60 58 55 53 56 59 60
    59 57 56 56 55 56 58 61 61 59 54 51 50 53 59 68 74 75 72 67 63 60 60
    62 65 68 71 72 74 74 75 75 74 71 67 62 58 56 54 52 49 48 49 51 55 58
    61 63 63 62 59 56 54 54 54 55 56 59 61 60 56 52 49 48 50 52 55 57 61
    63 64 64 65 64 60 57 56 57 58 60 63 65 68 72 75 75 71 66 61 60 61 64
    67 69 70 72 73 72 69 65 61 58 58 59 59 57 54 52 54 57 61 62 62 62 63
    65 67 67 66 66 64 62 60 62 66 69 71 72 73 74 73 71 70 71 71 70 70 72
    74 75 72 66 63 62 63 65 65 65 65 68 72 74 72 69 67 66 66 64 61 59 59
    59 59 61 63 64 63 63 64 65 65 65 64 61 61 64 68 73 76 76 73 69 64 60
    55 51 48 46 72 73 75 75 73 71 69 70 73 75 74 70 66 63 63 65 67 69 73
    75 76 72 66 60 58 59 62 65 67 69 68 68 67 67 67 68 71 72 72 71 68 65
    65 67 70 74 78 80 79 77 75 73 70 67 65 63 61 59 57 56 56 56 55 53 52
    54 57 58 58 57 57 58 58 59 60 62 61 59 55 51 49 51 56 64 72 74 73 70
    67 65 64 65 67 69 69 70 70 72 73 74 73 69 65 61 59 58 57 55 53 51 51
    52 55 58 60 60 60 58 56 54 55 56 58 60 62 65 65 61 55 49 45 44 46 49
    52 56 59 60 59 59 59 58 55 52 52 54 57 61 65 66 68 70 72 71 68 64 61
    62 65 68 71 73 72 72 72 71 69 66 61 57 55 55 54 52 50 49 52 56 61 64
    65 66 67 70 72 72 70 68 65 62 60 60 63 65 67 67 67 67 66 65 66 69 71
    72 72 73 74 74 70 65 62 61 63 65 65 64 63 66 70 72 72 69 68 67 65 63
    59 58 56 55 54 56 59 60 61 61 62 63 63 62 61 60 61 66 72 75 75 73 68
    64 61 59 57 54 51 50 74 76 77 76 73 70 68 70 73 74 73 69 65 64 64 66
    68 70 72 74 74 71 65 61 59 59 60 62 65 66 66 66 65 64 63 63 66 69 71
    72 70 67 66 67 70 74 77 79 78 77 76 74 71 68 67 64 61 58 56 56 56 56
    56 54 53 54 55 56 56 55 56 58 60 61 62 61 60 58 55 51 49 50 54 62 69
    72 72 70 69 68 67 67 69 69 69 67 67 68 70 72 71 67 63 59 58 58 59 58
    57 55 54 55 58 60 61 59 57 55 53 54 56 59 62 66 70 72 69 63 55 48 44
    43 45 48 52 56 59 59 58 57 56 55 52 50 50 53 59 65 68 68 67 68 68 67
    64 62 61 63 67 71 75 76 75 74 73 72 71 67 62 57 54 53 53 51 50 50 53
    57 62 65 67 68 70 73 75 75 73 70 65 61 59 59 62 64 65 64 63 62 61 61
    63 67 71 71 71 71 72 71 69 66 64 63 65 66 65 63 62 64 66 68 68 66 65
    65 63 60 57 56 56 54 54 55 57 58 59 60 62 62 61 59 57 57 60 67 73 75
    74 70 65 61 61 62 62 62 60 59 77 78 78 75 69 66 65 68 71 72 70 66 64
    63 63 66 67 68 70 71 72 70 65 62 60 60 59 60 62 64 64 63 62 61 60 60
    62 65 68 70 69 66 65 67 70 73 75 76 76 75 75 74 72 70 69 66 62 58 58
    58 58 58 58 58 57 55 54 54 53 53 54 57 60 61 61 59 57 56 54 53 51 52
    55 61 66 69 68 68 68 67 67 68 70 70 69 67 65 65 67 69 68 65 60 56 55
    57 60 61 61 59 58 59 62 64 63 60 56 53 53 55 59 62 67 72 76 77 73 65
    56 49 45 45 47 49 53 57 60 60 59 58 58 56 53 50 51 55 62 68 71 69 67
    66 65 64 62 60 61 64 68 72 76 78 77 75 74 73 71 68 63 58 55 54 54 54
    54 55 58 62 66 68 68 68 69 71 74 75 73 70 64 60 58 59 62 64 64 62 60
    58 58 59 61 65 68 68 67 67 67 68 68 67 66 66 67 67 65 64 63 64 64 64
    63 61 61 61 59 57 55 55 55 55 55 56 57 58 59 62 64 63 61 57 54 54 58
    65 71 72 70 67 63 61 61 65 68 70 70 70 81 81 80 74 67 63 63 66 70 71
    69 65 62 62 62 64 65 66 67 68 69 68 65 64 64 63 61 60 61 62 61 60 59
    58 58 58 59 61 64 66 66 64 63 64 68 70 72 73 73 73 73 73 72 70 69 66
    63 61 61 61 61 60 61 62 61 59 57 54 52 51 52 56 60 61 60 58 56 56 56
    56 56 57 59 62 66 66 65 65 66 67 68 70 71 72 70 68 66 64 64 66 66 62
    57 53 53 56 61 65 65 65 64 64 66 67 66 62 57 55 56 59 63 67 72 77 80
    80 76 67 58 51 48 49 51 52 55 59 61 62 62 62 61 59 56 53 54 59 66 72
    73 71 68 67 65 63 61 61 63 65 68 71 75 77 76 75 73 72 71 68 64 60 58
    58 59 59 60 62 65 68 70 71 68 64 64 66 69 71 71 68 63 60 59 60 62 64
    63 61 58 56 56 58 60 62 63 63 61 61 61 63 66 67 67 66 65 65 65 65 65
    65 64 63 60 59 58 57 55 53 53 54 55 55 56 59 60 60 61 64 66 65 61 56
    53 53 56 61 66 68 66 64 62 61 62 66 70 74 75 75 84 83 81 74 67 63 62
    65 69 70 68 65 63 62 61 62 63 63 64 64 65 64 64 64 66 65 63 60 60 60
    60 59 58 57 57 57 58 59 61 62 61 60 60 62 65 67 70 71 72 73 73 73 71
    69 68 66 65 64 65 64 61 60 62 64 65 63 59 55 52 51 53 57 61 62 60 59
    58 59 60 62 62 63 64 66 67 65 63 63 65 67 68 70 72 72 72 70 67 64 63
    63 62 59 55 52 53 57 63 67 69 69 68 68 69 70 68 64 60 59 61 65 68 72
    75 78 80 79 74 67 60 54 51 53 54 56 58 61 63 64 65 65 63 61 58 57 58
    62 68 73 75 74 71 69 67 65 64 64 66 68 69 70 72 74 74 74 73 73 72 70
    67 64 62 61 61 62 64 67 70 72 73 71 66 60 59 62 65 67 67 65 61 58 58
    60 62 63 62 60 57 55 56 58 59 59 59 57 55 55 57 61 65 68 67 64 62 62
    63 66 68 69 68 66 63 60 58 56 54 52 53 55 55 56 58 61 63 64 65 67 69
    67 62 57 55 54 55 58 62 63 63 63 62 61 61 64 68 72 74 74 80 80 78 73
    67 62 61 64 69 71 70 67 65 64 64 63 62 61 60 60 61 61 61 63 65 66 64
    61 60 60 60 60 59 58 58 58 59 59 59 59 58 59 59 61 63 65 68 71 73 74
    74 73 70 67 66 66 67 68 68 66 62 60 62 65 67 66 62 58 54 54 56 60 63
    63 62 61 62 63 65 65 65 65 67 68 68 67 64 64 66 67 68 69 70 72 73 72
    69 65 62 61 59 57 54 53 55 59 64 68 69 69 68 68 70 71 70 65 62 62 65
    69 72 74 75 75 75 73 70 65 59 55 54 55 57 58 61 64 66 66 66 65 63 61
    60 60 61 64 68 73 76 76 74 72 70 68 67 68 70 70 69 69 69 71 73 73 73
    74 75 73 70 67 63 61 60 60 63 67 71 74 73 70 64 59 58 60 63 65 64 61
    58 57 58 59 61 62 62 59 56 55 56 59 61 60 57 54 52 52 55 60 66 69 67
    61 58 59 63 68 72 74 74 72 68 63 60 57 54 54 56 57 57 56 58 61 64 66
    68 70 70 67 63 61 59 58 56 57 58 60 62 64 63 62 60 62 65 68 71 71 69
    70 69 66 63 60 60 64 69 72 72 70 69 68 68 65 62 59 58 57 58 58 59 61
    64 66 65 63 62 61 61 61 60 59 58 59 61 61 60 59 58 60 61 63 65 66 69
    70 72 74 74 73 69 67 66 67 69 71 71 68 65 62 63 65 67 67 63 60 57 57
    59 62 64 63 62 62 65 66 67 66 64 65 67 69 70 69 67 66 67 68 67 67 68
    70 72 73 70 67 64 61 58 56 56 57 59 62 65 66 66 65 64 65 68 70 69 65
    62 62 67 71 73 73 73 72 70 67 64 61 57 55 55 57 58 60 62 65 67 66 66
    63 62 61 62 63 64 65 67 71 74 76 75 73 71 70 70 71 72 71 69 69 69 70
    71 71 73 75 77 76 73 67 61 57 56 57 61 65 69 72 72 69 64 61 61 62 64
    64 63 60 57 56 57 58 60 62 62 60 57 56 57 61 64 63 59 55 51 51 53 59
    65 68 66 61 57 58 63 69 74 77 78 77 72 66 61 57 56 57 59 60 58 57 56
    59 62 65 68 69 69 66 63 63 63 61 58 56 57 60 64 67 67 65 62 61 63 66
    68 69 56 57 57 57 56 55 57 62 68 72 73 73 72 72 70 67 62 58 57 56 56
    56 57 60 63 65 65 64 63 61 60 59 59 58 58 59 61 62 62 61 62 64 66 69
    70 71 71 71 72 73 74 73 71 68 68 69 70 71 72 70 68 67 66 66 66 65 63
    60 59 59 60 62 63 62 61 62 65 66 66 64 63 63 66 69 72 72 69 67 66 66
    65 63 64 66 69 71 71 69 66 62 59 58 59 62 64 66 65 64 62 60 58 60 65
    68 67 63 59 61 66 71 73 72 71 70 68 65 62 59 57 56 57 59 60 62 64 66
    68 67 65 63 61 63 65 66 66 66 67 69 72 74 73 72 71 71 71 72 73 73 72
    71 71 70 70 69 71 74 77 77 72 65 58 53 52 55 60 65 68 71 70 68 66 65
    65 66 66 65 64 62 59 58 58 59 61 63 64 63 60 59 60 64 67 66 62 57 53
    51 52 57 63 67 66 62 59 60 64 69 73 76 77 77 73 67 62 59 59 60 62 61
    59 56 55 56 59 63 66 67 65 63 62 63 64 62 59 56 57 61 66 70 71 69 65
    63 64 66 68 69 48 48 49 50 51 51 55 61 68 72 74 75 75 74 72 67 62 58
    56 56 56 56 57 59 62 65 66 65 63 60 58 57 57 57 57 59 63 64 64 65 67
    70 73 75 76 76 75 73 72 73 74 73 71 70 69 69 69 69 70 70 71 70 69 66
    64 62 60 59 59 59 60 61 61 60 60 62 64 65 65 63 63 63 65 68 71 71 67
    65 63 62 61 60 61 64 67 70 72 71 68 64 61 60 63 66 69 69 66 62 58 55
    55 57 62 64 63 59 57 59 64 69 71 71 71 70 69 66 63 60 59 59 60 63 64
    65 66 67 68 68 66 64 64 66 68 69 68 67 67 67 68 69 69 70 70 70 71 72
    74 75 76 75 74 72 70 68 68 71 74 74 70 63 56 53 54 58 64 68 71 71 70
    68 68 68 68 67 66 65 64 62 61 59 60 61 64 66 68 67 64 61 62 65 68 68
    66 61 57 55 54 56 61 66 67 65 63 64 66 69 71 72 72 72 69 66 64 63 64
    64 64 62 58 55 53 55 57 60 62 63 62 60 60 62 63 62 59 56 58 63 69 74
    75 73 70 67 67 69 70 71 47 48 48 50 51 52 56 62 67 71 73 75 76 75 72
    67 62 59 58 57 56 56 57 60 64 66 67 67 64 60 57 55 55 57 59 62 65 66
    66 68 71 74 76 77 78 77 75 72 71 71 72 73 71 70 68 68 68 66 67 68 69
    70 68 65 62 59 57 57 58 58 58 60 61 62 63 64 65 65 64 63 64 64 65 66
    66 64 61 58 57 56 56 56 58 62 66 70 72 72 69 65 62 62 65 70 73 72 68
    62 58 55 55 58 62 63 61 57 55 57 62 67 69 70 71 71 71 69 66 64 63 64
    65 67 68 67 65 65 66 67 67 65 66 68 70 71 70 69 67 65 64 64 65 66 67
    69 70 71 72 75 77 77 75 73 70 67 66 66 69 70 68 63 58 57 59 64 69 72
    74 73 71 69 69 70 69 66 64 62 61 60 59 59 60 64 68 71 71 69 65 62 62
    65 69 71 69 67 63 60 58 58 62 66 68 67 66 67 69 71 71 70 67 65 64 64
    66 67 69 68 66 61 57 53 52 54 56 58 59 60 61 60 60 61 62 61 58 57 59
    65 70 75 77 76 74 73 72 72 72 72 52 53 54 56 57 58 60 63 67 70 71 73
    74 73 70 66 62 60 59 59 58 58 59 63 66 69 70 69 67 63 59 56 55 57 61
    64 67 67 67 68 71 73 73 73 73 72 70 68 68 68 69 70 69 67 66 66 64 63
    62 63 65 66 65 63 59 57 56 57 58 58 58 60 63 66 68 68 67 66 65 66 66
    66 65 62 59 56 52 50 51 51 52 53 56 59 63 67 69 70 68 65 63 63 67 72
    76 74 68 63 59 58 59 62 66 66 64 60 57 58 60 64 66 69 71 72 72 71 70
    70 70 71 72 72 71 67 63 61 62 64 65 64 64 66 69 70 71 70 66 62 59 59
    60 62 64 66 68 69 69 71 73 74 73 71 69 66 63 62 63 66 66 64 63 62 64
    67 71 73 74 73 71 70 71 70 68 65 60 57 56 56 56 57 61 66 72 75 74 70
    65 62 62 65 70 73 73 72 69 65 62 61 63 67 69 69 69 70 72 74 74 70 65
    60 58 61 66 70 72 70 66 60 55 52 52 54 56 56 57 58 60 61 62 63 63 61
    59 58 61 65 70 74 75 76 76 76 76 73 71 70 58 59 61 64 66 66 65 66 67
    69 70 71 71 68 65 63 61 61 61 62 61 60 61 65 68 70 71 70 68 65 61 57
    56 58 61 65 67 67 66 67 68 68 66 64 64 65 64 63 63 64 66 66 64 63 62
    62 61 59 59 59 62 63 64 62 60 58 58 60 60 59 60 62 67 72 73 72 69 67
    68 69 70 69 66 61 55 50 45 44 46 49 51 53 55 57 59 61 63 64 64 63 63
    64 68 73 75 72 67 62 60 60 62 66 70 72 70 66 63 61 60 62 64 67 69 70
    71 72 73 74 75 77 77 76 72 66 60 57 59 62 62 61 60 61 64 67 69 69 65
    60 56 56 57 59 61 63 65 65 64 64 66 67 68 68 67 65 61 58 58 62 64 65
    66 66 66 67 68 69 70 69 70 71 72 72 69 64 59 54 52 53 55 57 62 68 74
    76 74 69 64 62 62 65 70 74 76 75 72 68 64 62 64 68 71 72 71 72 74 77
    77 73 65 59 56 60 65 70 72 70 65 59 55 53 54 56 56 56 55 57 60 63 65
    66 66 64 62 61 63 65 68 70 71 72 75 76 75 71 67 66 63 64 66 68 71 72
    71 69 68 69 70 70 67 63 60 59 60 62 64 66 65 63 63 66 68 69 68 67 66
    65 62 59 57 59 62 66 67 66 65 65 64 61 57 55 57 59 61 61 62 63 63 62
    60 59 58 59 59 58 59 60 62 63 63 63 62 61 62 63 64 63 64 67 71 75 76
    73 69 67 68 70 71 71 68 62 55 48 43 42 45 49 52 54 55 56 55 55 56 57
    58 59 61 63 67 70 71 69 64 60 59 60 63 68 73 76 76 73 69 65 63 62 62
    63 65 66 68 70 73 76 78 79 78 76 71 65 60 58 60 62 61 58 55 56 59 63
    67 68 65 60 57 56 56 57 59 61 63 61 59 58 59 61 64 66 67 64 60 56 56
    59 62 64 64 64 64 63 63 63 64 65 68 71 74 74 71 66 59 54 52 53 56 60
    65 69 73 73 71 67 63 62 63 66 71 75 78 76 72 67 64 62 64 68 72 73 72
    73 75 78 78 74 67 60 57 60 65 68 70 67 63 59 55 55 56 58 58 56 54 55
    59 64 69 72 72 70 68 67 67 67 67 66 65 67 71 74 73 68 63 61 65 66 66
    69 72 74 73 71 69 70 70 69 65 59 55 55 58 63 68 71 70 67 65 65 66 65
    64 63 63 63 62 61 60 61 63 66 67 66 65 64 62 57 52 51 53 58 61 62 62
    63 62 60 57 56 56 58 60 60 62 63 65 65 65 64 64 64 64 65 66 66 68 70
    73 75 73 70 67 65 66 68 70 70 67 62 56 49 45 45 47 50 53 55 56 55 54
    52 52 52 53 55 58 60 63 65 66 65 61 59 59 60 63 68 73 77 77 75 72 68
    66 64 61 60 60 61 64 68 72 74 76 77 75 72 67 64 61 62 63 64 62 57 54
    54 56 60 63 66 65 63 61 59 58 57 58 60 61 59 56 54 55 59 63 67 67 65
    61 58 57 59 61 62 62 62 60 59 58 58 59 61 65 70 73 75 74 69 63 57 54
    56 61 65 69 70 70 69 66 64 62 62 64 68 72 76 77 73 68 64 61 60 62 66
    68 70 70 71 74 76 76 72 66 60 59 61 65 67 68 65 61 57 55 55 57 59 58
    56 54 53 56 63 70 75 78 76 74 72 70 69 67 64 62 64 68 71 70 65 59 57
    65 65 65 66 69 71 72 71 70 70 71 68 63 56 52 52 57 65 71 75 74 71 68
    66 64 63 62 60 60 61 63 64 63 62 63 64 66 66 67 65 62 57 52 50 53 58
    61 62 63 63 63 60 57 57 58 60 62 63 65 67 69 69 68 67 66 65 65 65 66
    67 69 72 73 72 70 67 64 63 64 66 67 67 66 63 58 53 51 51 52 53 54 54
    55 55 55 53 52 51 51 52 54 56 58 60 62 62 60 60 61 62 64 67 70 72 73
    72 70 69 67 65 61 57 56 58 62 67 71 73 73 72 69 65 62 61 62 64 66 66
    64 59 56 55 55 57 59 62 63 64 63 62 60 58 59 60 60 57 55 54 56 60 64
    67 68 65 63 61 60 61 62 62 61 59 57 55 55 55 55 58 61 66 70 73 75 73
    68 62 60 61 66 70 72 71 69 66 64 62 61 63 65 68 73 75 74 69 63 59 58
    58 60 62 63 63 65 67 70 72 72 68 63 60 60 62 65 66 65 63 59 56 54 54
    56 58 57 56 53 52 55 61 69 76 79 78 75 73 71 70 68 64 61 61 65 68 68
    63 58 56 64 64 64 64 66 68 70 70 70 71 71 69 64 58 53 52 57 65 72 76
    76 74 70 67 64 62 62 60 60 61 64 66 65 63 62 62 64 66 67 67 64 59 54
    53 56 60 62 62 62 62 62 61 59 59 61 63 64 65 67 69 71 72 70 69 68 67
    66 66 67 68 69 71 71 70 67 65 63 63 64 65 66 66 66 65 62 59 58 57 57
    55 54 54 55 57 59 57 56 54 52 52 53 54 56 58 61 61 60 61 63 65 66 66
    67 67 66 66 67 68 68 66 61 56 54 55 61 67 72 72 70 67 62 58 56 57 60
    64 67 67 66 63 61 58 56 54 54 56 59 61 62 62 61 60 61 62 61 58 56 55
    57 61 64 65 65 64 64 64 65 65 65 64 61 58 55 53 52 52 53 55 58 62 66
    72 76 76 73 68 65 65 68 72 73 72 69 67 64 62 61 62 64 67 71 72 70 65
    61 58 57 58 58 57 56 57 59 63 66 68 68 66 61 59 59 62 65 65 64 61 59
    56 53 53 55 56 56 55 53 52 54 60 67 73 75 74 71 68 67 67 67 64 60 59
    62 66 66 64 60 58 63 64 65 66 66 67 68 68 69 71 72 71 67 61 57 55 57
    64 71 75 77 76 72 68 64 62 62 61 59 60 63 66 64 61 59 60 63 66 68 67
    64 60 58 58 60 62 63 61 61 61 61 61 62 63 65 67 67 67 67 68 70 71 71
    69 68 68 68 68 68 67 67 68 68 68 67 65 64 64 65 66 65 66 67 67 66 63
    62 61 59 57 55 55 58 62 64 63 60 58 55 55 55 56 57 58 60 60 60 62 65
    67 67 66 65 63 61 62 65 67 68 66 62 57 54 55 60 67 71 71 68 63 58 53
    52 54 59 64 67 68 67 66 64 60 57 53 51 52 55 58 61 63 63 63 64 64 63
    60 58 57 58 61 62 61 61 61 64 66 68 68 67 65 62 58 54 51 51 52 54 55
    58 61 66 73 79 80 78 72 68 66 68 70 72 72 70 69 66 64 61 61 62 64 67
    67 66 63 61 59 58 58 56 54 52 53 56 59 63 65 66 64 60 57 58 61 64 64
    63 62 60 57 54 54 55 56 56 54 52 52 54 59 64 67 69 68 65 62 61 62 64
    62 59 58 60 65 67 66 63 62 65 66 68 68 68 68 68 68 69 71 73 73 69 65
    60 58 59 64 70 75 78 77 73 68 64 61 61 59 58 59 62 65 62 58 56 58 62
    65 67 65 62 60 60 62 64 65 64 62 61 60 59 60 63 66 68 69 69 67 66 65
    66 67 67 66 65 66 68 68 68 66 65 64 65 66 66 64 64 65 67 67 66 66 68
    69 68 64 62 60 58 56 55 56 59 64 67 66 64 61 59 59 59 60 60 60 60 59
    59 60 63 66 66 66 65 62 59 59 62 66 67 66 64 60 57 56 60 66 69 68 65
    61 57 54 53 55 60 65 68 69 68 67 66 64 60 55 52 52 54 57 61 64 66 66
    66 66 64 62 59 57 58 59 58 57 56 57 61 65 67 67 67 66 63 59 55 52 52
    53 56 59 62 65 69 76 81 82 80 74 69 66 66 67 68 69 69 70 69 66 63 61
    60 60 61 61 62 62 62 62 60 58 55 53 51 52 55 57 60 62 63 62 59 56 57
    61 64 64 64 63 62 59 56 55 57 58 58 55 53 52 53 57 59 61 61 60 59 57
    56 58 61 61 60 59 61 65 67 68 67 67 68 69 70 70 69 69 69 69 70 73 75
    74 71 67 63 60 61 66 71 76 78 77 74 68 63 60 58 57 56 58 62 64 61 56
    53 56 60 64 65 64 62 60 61 63 66 67 65 63 60 58 57 58 62 67 69 69 68
    66 63 61 61 63 63 63 62 63 65 66 66 64 62 60 61 63 63 63 63 65 68 68
    67 67 69 70 67 63 60 57 56 55 55 56 60 64 67 66 64 62 61 62 63 65 64
    63 62 60 58 58 59 61 62 64 64 62 58 58 61 64 65 65 64 62 60 58 60 63
    65 64 61 60 58 56 56 59 63 68 71 70 69 69 69 68 64 60 57 56 56 58 62
    66 68 68 67 65 64 61 58 57 57 57 55 54 53 54 58 61 63 65 66 67 65 62
    58 55 54 55 59 63 66 69 72 76 80 81 78 74 69 67 65 64 64 64 66 68 69
    67 64 60 57 56 55 56 58 60 63 62 59 56 54 53 52 54 56 57 59 61 61 60
    57 56 57 61 64 65 64 63 62 59 57 57 59 62 61 58 55 53 53 55 55 55 54
    55 55 54 54 56 59 62 62 62 63 65 67 69 70 70 69 70 70 69 68 68 69 71
    73 76 77 76 72 68 64 62 63 68 73 75 77 76 72 67 61 58 56 55 55 58 63
    65 61 55 52 54 57 61 63 63 62 60 60 62 65 65 64 62 59 55 54 56 61 66
    67 67 65 64 61 59 59 60 61 62 62 62 63 63 62 60 58 58 58 59 60 62 64
    67 70 70 69 69 70 70 67 62 58 56 56 56 57 59 62 65 67 65 63 61 61 63
    65 67 67 66 65 62 59 56 54 55 57 61 63 62 59 57 59 62 63 63 64 64 63
    61 60 61 61 60 59 59 59 60 61 64 69 72 74 72 70 70 71 70 67 65 62 61
    59 60 64 67 69 68 66 64 62 59 57 56 56 56 54 53 53 54 56 58 60 62 66
    69 68 65 62 59 57 58 61 65 68 70 71 73 76 78 75 72 69 67 65 62 60 59
    61 65 67 66 62 58 54 51 50 51 55 58 60 60 57 54 53 54 55 57 59 60 60
    61 60 59 57 57 58 62 64 63 62 60 60 59 58 60 63 65 66 63 60 57 55 54
    53 51 50 52 55 55 55 56 59 62 63 63 63 64 65 68 70 70 69 68 68 66 65
    66 69 72 74 77 78 77 74 69 64 63 65 69 73 74 74 72 68 63 59 56 55 55
    56 60 65 66 62 57 52 52 55 59 62 63 62 59 58 59 61 63 62 61 57 53 52
    54 60 64 65 65 64 63 61 59 58 59 61 63 63 63 63 62 59 57 56 56 57 57
    59 63 68 72 74 74 72 71 72 71 68 63 59 57 58 60 62 64 66 67 67 65 62
    60 60 62 65 67 68 68 67 64 59 55 52 52 54 58 62 63 60 58 59 61 62 62
    64 65 64 62 61 59 58 57 58 60 62 65 68 72 74 76 77 74 71 70 70 69 67
    65 65 63 62 62 64 66 67 66 63 61 59 58 56 55 55 55 54 53 54 54 56 57
    60 63 67 70 70 68 65 62 60 60 62 65 68 68 68 70 72 74 73 71 69 68 66
    63 59 57 59 62 65 65 60 55 52 50 50 52 54 57 57 56 54 53 54 56 59 62
    63 63 63 62 60 58 58 58 60 62 62 60 58 58 59 60 61 63 66 69 70 68 65
    61 57 55 53 51 52 54 57 57 57 57 60 63 64 63 62 62 63 65 66 66 65 64
    63 62 61 63 66 70 72 74 76 76 74 69 64 63 65 68 71 71 71 69 65 61 58
    56 55 55 56 61 67 68 64 58 53 52 55 59 62 64 62 59 56 57 59 61 62 61
    59 55 54 56 61 64 64 64 64 64 62 59 57 58 61 64 65 64 63 62 59 57 57
    58 57 57 59 65 72 76 77 76 74 73 73 73 71 67 63 62 63 66 69 70 70 69
    68 65 61 59 58 60 64 67 69 69 69 66 61 55 52 52 54 58 61 63 62 61 61
    61 61 62 63 64 64 62 60 58 56 56 57 60 65 71 75 77 78 78 77 74 72 70
    68 66 64 64 64 64 64 63 64 65 64 62 59 58 57 57 55 54 53 53 52 52 53
    54 56 58 61 65 69 71 71 69 66 63 61 61 63 65 67 67 67 68 70 72 72 71
    71 70 68 65 62 60 60 63 65 64 60 55 53 53 55 56 57 56 54 52 51 51 55
    59 63 65 65 66 65 63 60 58 58 59 61 62 60 58 57 58 60 63 65 68 70 72
    72 70 66 61 57 55 54 54 55 58 60 59 58 58 60 62 62 61 60 61 62 63 62
    61 60 59 58 58 59 61 65 68 69 69 71 72 71 68 64 63 64 66 67 68 69 68
    65 62 60 58 56 56 58 62 68 70 66 60 55 55 58 62 65 65 63 59 58 59 61
    62 63 63 62 59 59 61 65 66 65 65 65 65 63 59 56 57 61 65 66 64 63 63
    61 60 60 60 60 58 61 66 73 77 77 76 74 73 74 75 74 71 68 67 69 71 73
    74 72 70 68 65 61 57 55 57 62 66 68 69 68 66 62 58 56 56 57 60 62 63
    64 63 62 62 61 61 61 61 61 60 59 58 56 55 56 61 68 75 79 79 78 75 74
    72 71 70 68 66 64 63 63 64 64 64 64 63 60 58 56 56 57 58 56 54 52 50
    49 49 50 52 54 58 63 67 70 71 71 69 66 63 61 61 63 66 68 69 69 71 72
    72 73 73 73 73 71 68 65 64 63 64 65 64 60 57 57 60 63 63 61 57 52 49
    48 50 55 61 64 65 65 65 65 64 61 59 60 61 63 62 60 57 57 59 62 65 68
    71 73 74 72 68 63 58 55 54 54 56 58 61 61 59 57 57 59 61 61 60 60 62
    63 62 60 59 56 55 55 57 58 62 65 67 67 66 67 67 67 65 62 61 61 61 62
    64 67 67 65 63 61 59 56 56 58 63 69 72 69 63 59 59 62 66 68 67 64 60
    59 61 62 63 63 63 62 61 62 65 69 69 68 67 67 66 63 59 56 57 62 65 65
    63 63 64 64 64 64 64 62 60 62 66 72 75 75 74 73 73 74 76 76 74 72 72
    73 74 74 73 71 70 68 66 62 57 54 55 59 64 66 67 67 66 63 62 61 62 62
    62 62 63 64 64 63 61 60 59 59 59 58 58 58 58 56 55 57 62 69 76 78 77
    73 71 69 69 70 70 70 68 66 64 64 63 63 62 62 60 57 54 53 55 58 60 58
    55 52 51 50 49 49 51 53 57 62 66 69 70 70 68 65 62 60 61 64 67 70 71
    73 74 74 73 73 75 76 75 74 71 69 67 66 65 64 62 60 59 61 65 68 69 66
    60 54 50 49 51 56 61 64 64 64 65 66 65 64 62 62 63 63 62 60 58 59 61
    64 66 68 71 73 73 70 64 57 53 51 53 55 58 60 61 61 58 56 56 59 61 62
    62 62 64 65 62 60 58 56 55 56 58 60 64 66 68 68 67 66 64 62 60 58 57
    56 56 57 61 65 66 65 63 61 58 55 55 57 63 70 75 73 68 64 63 65 68 69
    67 63 60 60 61 62 62 60 60 60 61 63 67 70 70 68 67 67 67 64 60 58 59
    63 65 64 62 63 65 66 66 66 65 63 61 62 66 69 70 71 71 72 73 73 74 75
    75 74 75 75 75 73 71 69 69 69 68 64 58 55 55 59 62 64 64 64 64 64 64
    65 66 66 64 62 61 62 63 63 61 59 58 58 58 58 58 58 58 58 57 58 62 68
    74 75 73 69 67 66 67 70 71 71 70 68 67 65 63 60 59 59 57 54 51 51 55
    59 61 59 56 53 52 52 51 51 52 54 57 61 65 67 68 69 68 65 62 60 60 62
    66 71 74 76 77 75 73 73 74 76 77 76 73 70 68 66 63 61 60 59 60 63 67
    70 71 68 63 58 54 52 54 58 62 65 64 64 65 67 67 66 65 64 64 63 62 60
    60 61 63 64 65 67 69 71 71 67 60 54 50 50 53 56 59 60 61 60 57 55 55
    58 62 64 65 65 66 65 62 60 59 58 57 58 61 64 66 67 68 69 68 66 62 58
    56 54 53 52 52 55 59 63 65 64 62 61 58 55 55 58 65 72 77 76 71 67 65
    67 68 67 65 62 59 59 59 61 60 58 56 56 58 61 66 68 68 66 65 66 66 65
    63 61 62 64 65 64 63 65 67 68 67 67 66 64 62 63 64 64 65 66 69 72 72
    70 70 72 73 75 75 76 75 73 69 67 68 70 69 66 61 58 58 60 62 61 60 60
    60 61 63 66 67 66 64 61 59 60 62 62 60 58 57 58 58 57 56 56 56 57 57
    57 60 66 71 72 70 67 65 65 67 69 70 70 70 69 69 67 63 59 57 56 55 52
    49 50 53 57 60 59 56 55 54 54 54 54 55 57 59 62 64 67 68 70 69 66 63
    59 58 60 64 70 76 79 79 75 71 71 72 74 75 75 72 68 65 62 59 57 57 58
    60 62 65 67 69 68 66 62 59 57 57 60 64 67 66 66 66 67 68 68 66 65 63
    62 61 61 61 62 62 62 62 65 67 69 70 67 61 55 52 52 56 59 62 62 61 59
    56 54 55 59 64 67 68 67 66 64 61 60 59 58 58 60 63 67 68 68 68 68 68
    64 60 55 52 51 51 51 53 56 60 63 65 64 63 61 58 56 57 61 67 73 77 77
    73 68 66 67 67 66 63 61 58 57 57 59 59 57 55 54 55 59 63 65 64 61 60
    62 64 66 65 65 65 66 67 66 66 68 70 69 68 67 66 64 62 62 62 60 61 63
    68 70 70 67 65 67 69 72 73 75 75 72 68 66 67 70 70 67 63 61 62 63 63
    60 57 55 55 57 60 64 66 66 64 62 60 61 62 62 60 57 56 57 56 55 53 51
    52 53 54 54 57 63 68 70 68 65 64 65 67 67 67 66 67 69 70 69 65 60 57
    55 53 50 48 48 51 55 57 57 56 56 56 56 56 57 59 61 62 64 66 69 70 71
    71 68 64 61 58 59 63 70 76 80 79 75 71 69 70 70 71 71 68 64 60 58 55
    54 54 55 57 59 61 64 66 68 68 67 65 62 60 61 65 68 69 67 65 64 65 65
    65 64 62 61 61 61 62 62 61 59 60 63 66 69 69 67 63 59 56 57 60 63 65
    64 62 59 56 53 54 59 64 68 69 68 66 64 61 59 59 55 56 60 64 68 69 67
    65 65 65 62 58 54 53 52 52 54 57 61 65 66 67 66 65 62 59 58 59 63 68
    72 74 74 71 67 65 66 67 66 64 61 58 55 55 57 59 58 55 53 53 56 59 61
    59 56 56 58 62 65 66 67 67 67 68 69 70 71 72 71 70 68 66 64 62 63 62
    60 60 63 67 69 67 64 61 62 65 68 70 72 73 70 66 64 65 68 69 66 63 62
    64 65 64 60 56 52 51 54 58 63 66 67 66 64 63 62 62 61 60 58 57 56 55
    52 49 47 47 49 51 53 56 62 67 68 65 63 63 65 67 66 64 62 63 66 69 70
    67 63 59 55 52 50 49 49 50 51 53 54 55 56 57 57 58 60 62 63 64 65 67
    70 72 73 72 70 67 64 61 61 65 71 77 80 79 75 71 69 69 68 67 66 63 59
    57 55 53 52 52 53 55 57 60 62 66 69 71 71 70 67 64 64 66 69 70 68 63
    61 61 62 63 63 63 62 63 64 64 62 60 58 59 63 66 68 69 68 66 62 60 60
    63 66 66 66 64 61 57 54 54 58 64 68 69 69 67 64 60 59 58 50 52 58 64
    68 68 65 62 60 60 59 58 58 58 58 58 59 62 66 68 69 68 68 66 64 60 58
    60 64 67 69 69 68 67 64 64 65 66 66 65 62 58 55 53 56 58 57 55 53 52
    53 56 58 57 55 54 56 60 64 66 67 66 66 69 72 73 74 74 73 71 69 67 64
    63 64 65 64 63 64 65 66 65 63 61 61 64 66 68 69 70 68 64 63 65 68 69
    66 63 63 65 67 66 61 56 52 52 55 60 66 69 71 70 68 66 65 64 63 61 60
    59 57 54 50 47 45 45 47 50 53 58 64 67 67 64 62 63 67 69 67 63 59 60
    63 68 70 69 66 62 57 53 51 51 51 50 50 50 51 54 56 58 59 61 63 64 64
    62 62 64 67 69 72 73 73 71 68 65 64 66 71 75 78 78 75 73 71 70 69 67
    64 60 57 55 55 54 53 54 55 56 57 60 63 67 70 73 73 73 70 67 65 67 70
    71 68 63 59 59 60 61 62 62 63 65 67 67 64 61 58 60 63 66 68 68 67 65
    63 62 62 64 66 67 68 67 65 61 58 57 59 64 67 69 69 68 64 60 58 58 47
    50 56 63 67 67 63 59 57 57 59 61 64 66 66 65 64 65 67 68 67 67 67 66
    64 59 57 58 62 65 65 64 62 62 62 62 64 66 66 66 64 60 55 53 55 56 56
    55 53 51 51 54 56 56 54 54 56 60 63 65 65 64 64 68 72 75 75 75 73 71
    69 67 65 65 67 68 68 66 65 64 64 64 64 63 63 65 67 68 68 69 66 63 63
    66 70 70 67 64 64 66 67 66 61 57 54 55 59 65 71 74 75 73 70 67 66 65
    65 64 63 62 59 55 51 47 46 46 48 51 56 61 66 68 66 63 62 65 70 73 71
    65 59 57 60 64 68 69 68 64 59 54 53 54 54 53 51 49 49 52 55 58 61 63
    65 64 62 58 57 58 61 64 68 73 75 75 71 67 66 67 70 73 75 76 74 73 73
    74 73 70 66 60 57 56 57 57 58 59 60 60 61 62 64 67 71 73 74 73 71 69
    67 68 70 71 68 63 60 60 60 61 61 61 62 65 68 69 66 62 60 61 63 65 66
    66 65 64 63 63 64 65 67 69 70 71 70 67 64 62 63 65 67 69 69 68 65 62
    60 59 52 54 58 63 67 67 64 60 58 58 61 66 71 73 72 68 65 64 63 63 62
    62 64 64 61 57 54 56 59 62 61 60 59 61 63 63 64 64 65 66 65 62 58 54
    54 54 55 54 52 50 49 51 54 55 56 57 59 61 62 62 62 61 62 66 70 73 73
    73 72 71 70 68 67 67 67 68 68 67 64 62 63 64 66 65 63 64 65 66 67 67
    66 64 64 68 72 72 70 66 65 66 66 65 62 59 57 59 63 69 75 77 77 74 70
    67 67 67 67 68 67 66 62 58 53 50 49 48 49 53 59 65 69 69 66 62 62 66
    72 76 74 68 61 56 56 60 64 66 66 63 59 56 55 57 57 56 54 51 50 52 55
    58 61 64 66 63 59 55 53 54 56 59 65 72 76 76 73 69 67 67 69 71 72 73
    73 73 74 76 77 75 69 62 58 58 60 62 64 66 67 66 64 63 64 66 70 72 72
    71 69 67 67 68 69 69 67 64 62 63 63 62 61 60 62 65 68 69 67 63 61 61
    62 63 64 64 63 63 64 64 65 66 68 71 73 75 74 72 70 68 67 66 67 68 70
    70 68 66 64 63 62 63 64 65 66 66 65 63 61 61 63 68 72 74 72 67 63 60
    58 57 56 56 59 60 58 55 53 55 58 59 58 57 59 62 65 65 64 63 65 67 69
    67 62 57 55 53 53 53 51 47 46 48 51 55 59 62 64 64 62 59 57 57 59 64
    67 69 68 68 68 69 70 70 69 67 66 66 65 65 63 62 63 66 68 65 61 59 59
    60 61 63 63 64 65 68 72 73 71 68 66 65 65 65 63 62 61 63 67 72 76 77
    76 73 69 66 66 67 68 70 70 68 65 61 57 55 53 51 50 52 58 65 69 68 64
    60 60 64 71 76 76 70 62 56 53 55 59 61 62 61 60 58 58 59 60 58 56 53
    52 53 55 59 62 65 65 62 56 51 49 50 52 56 62 70 75 75 72 69 68 69 70
    71 71 71 70 70 72 75 78 77 71 64 60 60 63 66 68 71 72 70 66 63 62 63
    67 70 71 69 64 62 63 66 68 67 65 64 65 66 66 63 61 60 61 63 66 69 68
    66 63 62 62 62 62 63 63 64 64 64 64 65 68 72 76 77 76 74 73 71 69 66
    65 66 69 71 71 70 70 69 72 72 70 68 66 66 67 67 65 63 64 67 69 70 68
    64 61 57 54 51 50 51 53 55 55 55 55 58 60 59 57 57 60 65 68 67 64 62
    65 69 72 72 67 61 57 54 53 51 49 45 43 45 50 57 63 68 71 69 63 56 53
    53 57 61 64 64 63 64 66 69 71 71 69 66 63 62 62 63 63 63 65 68 68 64
    58 53 51 52 55 58 61 63 65 68 70 71 70 67 64 64 65 65 66 65 65 66 69
    73 76 76 74 71 66 64 63 65 68 70 70 68 65 62 60 59 57 53 50 51 56 63
    68 67 63 58 57 61 68 74 74 69 61 55 53 54 57 59 61 62 62 61 61 60 60
    59 58 57 56 56 58 61 64 66 64 60 54 48 46 47 49 54 61 69 73 73 70 68
    68 69 70 71 70 69 67 66 67 71 75 76 72 66 62 61 63 66 69 73 74 72 68
    63 60 61 65 68 69 66 60 57 59 63 66 65 64 65 68 70 68 64 61 60 60 62
    65 69 70 69 65 62 61 60 61 62 64 64 64 63 62 63 67 72 76 77 75 73 72
    71 68 64 63 64 67 71 73 74 74 73 77 76 74 70 67 68 69 69 67 63 62 62
    62 63 62 61 59 56 52 49 47 48 50 52 54 57 60 63 64 61 58 58 62 67 69
    67 63 61 64 69 74 75 71 65 59 55 52 50 48 45 43 46 51 59 66 73 76 72
    65 57 52 52 56 60 62 61 60 61 65 68 70 70 68 64 61 60 60 61 62 63 66
    68 67 62 55 50 47 48 51 55 60 63 65 67 69 69 68 64 61 61 63 66 67 67
    67 68 70 74 75 73 72 69 65 62 62 64 67 68 68 65 63 62 62 62 61 57 53
    51 55 61 65 66 62 57 56 60 65 69 69 64 59 55 54 56 59 61 63 64 64 63
    62 61 59 59 60 60 60 60 61 64 66 67 64 58 52 46 43 44 46 52 60 67 71
    70 68 67 68 68 68 68 68 67 64 62 62 65 70 73 71 66 62 61 61 63 67 71
    74 74 69 64 60 60 64 68 69 64 57 54 55 60 63 64 64 66 69 71 69 66 63
    61 61 62 65 70 72 72 68 63 60 59 60 62 63 63 62 61 60 61 65 70 73 73
    71 69 68 68 65 63 62 64 66 70 74 75 75 74 75 75 74 72 70 70 72 72 68
    63 59 56 55 55 57 58 58 56 54 50 49 49 50 52 55 60 65 68 68 64 61 61
    64 67 67 65 61 59 61 67 73 76 74 68 62 56 51 48 46 44 45 48 54 60 67
    73 76 73 66 59 54 54 57 60 61 60 58 59 63 67 68 67 65 62 60 59 59 60
    62 64 65 66 64 60 55 51 49 49 51 55 61 64 66 66 66 65 63 59 56 56 59
    63 66 67 67 67 69 72 72 70 69 68 66 64 63 64 66 67 65 61 60 62 64 66
    66 63 58 54 54 58 62 64 62 58 56 59 63 64 62 58 55 55 57 61 64 66 66
    66 65 63 61 59 58 58 60 62 62 63 64 67 69 68 64 58 52 47 44 44 46 52
    58 64 67 66 66 65 66 66 64 64 64 64 62 60 59 61 64 67 66 63 60 59 58
    60 63 68 74 75 72 66 62 62 65 69 70 66 60 55 55 58 62 64 65 68 71 72
    71 68 65 64 63 64 67 71 75 75 71 65 61 59 60 61 62 61 60 58 57 59 62
    66 68 68 67 65 64 64 63 62 62 64 67 72 76 77 76 75 68 69 71 71 71 72
    74 73 69 63 56 52 49 50 52 55 57 58 57 55 54 53 53 53 56 62 68 72 71
    68 65 64 64 64 63 61 59 58 60 66 73 76 75 70 63 55 49 45 44 45 47 51
    55 60 65 70 73 72 67 61 57 56 58 61 62 60 58 58 61 64 65 64 63 62 61
    60 59 60 63 65 66 64 61 59 57 55 54 53 55 59 65 68 68 67 64 61 57 53
    50 49 53 57 62 65 66 66 67 68 69 68 68 68 68 67 66 66 67 66 63 60 60
    64 67 70 70 67 62 57 54 55 58 61 61 58 57 58 60 60 56 53 53 56 61 66
    70 71 70 68 65 61 58 56 55 56 59 61 62 63 64 67 69 69 65 60 55 51 48
    48 50 54 58 62 63 63 63 64 64 63 60 59 59 60 61 60 59 59 60 60 60 58
    57 56 56 57 60 66 73 77 75 69 64 62 65 69 71 69 64 59 57 58 61 64 67
    69 71 72 72 69 67 66 65 66 69 73 75 76 72 67 62 60 61 63 63 61 59 57
    56 57 60 63 64 64 63 61 60 60 61 63 64 66 69 74 78 78 76 75 59 61 64
    66 68 70 73 74 70 63 55 50 47 47 50 53 56 59 61 61 60 58 55 53 55 61
    68 73 74 71 67 64 61 59 58 57 58 59 61 66 73 77 76 70 62 53 47 45 45
    47 50 54 56 58 61 66 70 71 68 65 61 59 59 61 61 59 56 56 59 61 62 64
    65 66 65 63 61 62 65 68 68 65 61 59 59 59 59 59 61 66 71 73 71 68 63
    58 52 47 43 42 46 51 57 61 63 64 64 65 66 66 67 69 71 71 70 68 67 65
    62 60 62 67 72 74 73 69 63 57 53 52 55 59 61 59 59 59 60 57 52 50 53
    58 63 69 73 74 73 69 64 59 56 54 54 54 56 57 58 59 61 64 67 68 66 62
    59 57 56 56 57 60 61 62 61 60 61 62 63 62 58 55 55 57 60 62 61 59 57
    55 53 53 54 55 55 56 59 65 72 76 74 68 62 60 62 66 69 70 69 65 62 60
    61 64 67 69 71 71 71 70 68 66 66 68 71 74 75 75 73 68 64 62 64 65 65
    63 60 57 55 56 59 61 62 62 61 59 58 58 61 64 67 69 72 75 78 78 77 76
    53 55 58 61 64 67 71 73 70 63 56 51 48 48 49 51 54 59 63 65 65 61 56
    52 53 59 67 74 75 73 68 63 58 55 54 55 57 59 62 66 72 75 73 67 59 52
    48 47 50 52 55 57 57 57 59 63 67 70 70 68 65 62 61 62 61 58 54 54 56
    59 62 66 70 71 70 66 64 65 69 72 71 67 63 61 61 62 63 64 67 72 76 77
    74 69 63 56 49 44 40 39 42 47 52 57 60 61 62 63 64 65 66 70 72 73 71
    69 67 64 62 62 65 70 74 76 74 69 63 57 52 51 53 57 60 60 60 61 61 58
    53 52 55 60 65 70 74 76 74 70 65 61 58 56 55 54 53 52 52 54 56 60 64
    66 66 65 65 65 65 65 67 68 67 65 63 61 61 63 64 63 59 55 54 58 63 66
    66 62 57 52 49 48 51 53 55 57 59 64 69 72 70 65 58 55 56 60 65 69 72
    71 68 65 63 64 66 67 68 69 68 68 66 66 66 69 72 74 75 75 73 69 65 63
    64 66 66 66 62 58 55 55 57 59 61 61 61 59 57 58 62 66 69 71 73 75 76
    76 75 75 55 55 57 59 61 66 70 73 70 65 59 54 51 50 50 51 53 58 63 66
    66 62 56 53 54 59 67 73 75 73 68 62 56 53 52 54 57 60 62 65 69 72 70
    64 58 53 52 54 57 58 59 59 58 58 59 63 66 68 69 69 67 65 64 64 61 56
    52 51 54 59 65 71 76 77 74 70 67 68 71 74 74 70 66 63 63 63 65 67 70
    74 76 76 74 70 64 57 51 45 42 41 42 44 48 52 55 57 59 61 63 64 66 70
    72 71 69 66 65 64 63 64 66 70 73 75 74 71 65 59 54 52 54 56 58 59 61
    63 63 60 57 57 59 63 66 70 73 75 74 72 69 67 65 62 60 56 51 47 47 49
    53 58 62 65 66 68 69 70 70 71 72 73 72 70 67 65 64 64 65 65 62 58 58
    62 67 70 69 64 58 52 48 46 49 54 57 60 61 63 65 66 64 60 55 51 51 53
    59 67 72 75 73 69 65 64 65 66 66 65 64 63 63 63 65 68 71 73 74 75 75
    71 67 64 64 65 67 67 63 58 54 52 53 55 58 60 61 60 58 58 61 65 68 70
    72 72 71 71 72 73 59 59 59 60 62 66 70 73 72 67 61 56 53 52 51 51 53
    57 62 65 65 62 58 55 57 62 68 72 73 72 68 64 58 54 53 55 58 61 63 65
    67 68 66 62 59 58 59 62 63 62 60 59 58 59 62 64 66 66 66 66 66 65 65
    64 60 54 50 50 55 62 70 77 81 81 77 72 69 69 72 74 74 72 69 65 64 64
    65 67 69 72 73 73 71 68 64 59 54 51 49 47 46 45 46 48 50 53 57 60 62
    63 66 70 71 68 65 63 63 63 63 64 64 66 68 71 73 72 68 62 58 57 57 57
    57 57 60 63 65 65 64 65 66 67 68 70 73 75 75 75 74 73 72 68 64 58 51
    46 46 50 56 61 64 66 68 69 71 71 71 72 72 73 74 73 72 69 66 66 67 67
    65 62 62 65 69 71 69 65 59 54 50 49 51 56 61 64 65 64 62 61 60 58 55
    52 50 51 56 63 70 74 74 70 66 65 66 66 65 62 60 59 60 61 62 65 69 71
    73 75 76 73 68 65 64 65 66 66 64 59 54 50 49 50 54 59 61 61 58 57 58
    61 65 68 70 69 67 65 65 66 63 62 62 62 63 66 70 72 72 67 62 57 53 52
    51 52 54 57 61 64 64 62 59 58 60 63 66 68 69 69 69 68 63 59 56 57 60
    62 64 65 65 64 62 60 59 61 63 66 66 63 59 56 57 59 63 65 65 64 63 64
    65 65 64 61 57 52 50 54 61 69 77 83 85 83 78 73 70 68 69 71 74 74 71
    67 64 62 63 64 65 67 69 70 69 67 65 62 60 58 57 55 51 49 48 48 49 52
    57 61 62 63 66 70 69 66 62 61 62 64 64 64 62 63 64 68 71 71 68 65 62
    61 59 58 56 56 58 63 66 69 71 72 73 72 70 70 72 74 75 76 77 77 75 71
    65 59 53 49 51 56 62 67 68 68 68 68 69 69 69 68 68 69 72 74 74 72 69
    66 67 67 65 63 63 66 69 69 68 64 60 56 54 53 56 61 67 70 69 65 61 58
    59 60 60 57 55 54 56 61 67 71 71 70 67 67 68 68 66 62 59 58 59 61 62
    65 67 69 71 74 76 74 70 66 65 65 65 65 64 62 58 53 50 50 53 57 60 61
    59 57 56 57 61 65 69 68 64 60 58 58 66 65 64 63 62 63 66 69 69 66 61
    56 52 50 51 52 55 58 62 65 65 63 61 61 63 64 64 64 65 67 70 71 68 63
    60 60 61 62 63 63 62 60 59 58 58 60 62 64 64 61 57 54 54 57 61 64 66
    65 64 64 65 63 61 58 54 51 53 60 68 76 82 86 87 84 78 73 69 66 66 68
    72 74 72 68 63 60 60 61 63 65 67 68 68 67 65 64 63 64 63 60 56 53 51
    51 52 54 58 61 62 63 65 69 69 65 62 61 63 65 66 65 64 64 65 68 70 70
    67 64 62 62 60 58 57 56 58 61 65 69 73 76 76 74 71 69 70 71 72 74 76
    77 75 70 64 59 55 54 56 62 67 70 70 69 67 66 65 65 64 63 63 64 68 72
    73 72 69 66 65 65 63 62 62 64 65 66 64 60 57 56 55 57 61 66 72 74 72
    67 62 60 62 65 67 65 62 60 60 62 65 68 69 68 67 68 69 70 69 65 62 60
    60 62 65 67 69 69 71 73 75 74 70 67 65 63 62 62 63 64 63 60 56 54 54
    57 60 61 59 58 56 57 60 65 70 70 65 59 55 53 65 64 63 61 60 60 62 63
    64 62 59 54 51 49 50 52 56 60 64 67 67 65 63 64 66 66 65 64 64 66 69
    71 70 66 64 63 63 62 60 58 57 56 56 56 56 57 58 60 60 58 55 51 51 54
    59 64 67 67 67 67 65 62 59 56 54 53 58 66 74 79 83 86 85 82 78 73 69
    65 64 66 70 73 72 67 62 59 60 62 63 65 67 69 69 68 66 65 66 67 67 63
    58 55 54 54 55 56 59 61 60 61 63 67 68 66 63 62 64 66 67 68 68 68 70
    72 73 70 66 63 60 59 57 57 57 57 58 59 61 66 70 73 74 71 69 67 67 68
    68 70 73 74 72 68 64 61 58 57 59 63 66 68 67 67 66 65 64 63 62 61 60
    61 65 69 70 69 66 63 62 61 59 58 59 60 62 62 59 55 52 52 55 58 63 68
    73 75 73 68 64 63 67 71 73 72 68 65 64 64 65 67 68 69 69 70 72 73 72
    69 66 64 63 65 68 71 71 71 71 73 74 72 69 66 64 62 60 60 62 65 66 64
    62 59 58 58 60 61 61 59 58 58 61 67 73 74 70 62 56 53 60 59 58 58 57
    58 58 59 59 58 56 54 51 49 49 51 55 61 65 67 67 66 65 67 70 71 69 67
    65 64 66 68 68 67 67 66 65 62 58 54 52 53 55 56 56 56 56 57 57 56 53
    51 51 54 59 64 67 68 67 66 63 59 56 55 54 55 60 68 74 77 79 81 81 79
    77 74 70 66 64 65 68 71 69 65 61 60 62 64 65 66 67 69 69 68 66 66 68
    70 69 65 59 56 55 56 57 58 59 60 59 59 62 66 69 68 65 63 63 64 66 68
    69 72 75 77 76 72 66 61 58 56 55 56 57 58 58 57 58 61 65 67 67 66 64
    63 63 63 64 66 69 72 71 68 66 64 62 60 59 60 61 62 63 63 64 64 64 65
    64 62 60 60 62 64 65 64 62 59 58 56 54 53 54 57 59 59 56 51 49 50 53
    58 62 67 71 73 71 67 64 65 70 74 74 72 69 67 66 65 65 66 67 69 70 72
    73 74 74 72 70 67 65 66 69 72 72 71 72 73 73 72 69 67 65 63 61 61 63
    65 66 65 64 63 62 62 64 64 63 61 60 60 63 69 76 78 75 67 60 57 53 53
    52 53 55 56 57 57 56 56 55 54 52 50 50 51 55 60 64 66 65 65 66 69 72
    74 73 70 66 62 61 61 63 66 68 69 66 61 55 51 50 53 57 59 59 59 58 57
    55 53 51 52 53 57 62 65 66 64 63 61 58 55 54 55 56 57 60 65 69 71 72
    74 74 74 73 73 70 67 65 65 67 67 66 63 61 61 63 65 65 65 64 65 65 65
    64 66 68 71 70 66 60 56 55 57 59 60 61 60 58 58 61 66 70 69 67 63 61
    61 62 65 67 71 75 77 77 72 66 61 57 55 55 57 59 60 59 57 57 59 61 62
    62 61 60 60 59 59 60 63 66 68 69 69 69 68 66 62 59 57 57 57 58 60 62
    64 67 69 70 67 63 61 60 60 60 59 57 55 54 53 51 50 51 54 58 59 56 51
    49 50 54 58 61 64 67 68 67 64 62 64 68 70 70 68 67 67 67 65 64 65 66
    67 68 71 73 73 74 73 71 67 64 64 66 69 70 70 72 73 73 71 69 68 67 66
    66 66 66 66 64 64 64 64 64 65 67 68 67 64 61 61 64 71 77 80 77 71 65
    63 49 49 50 52 55 57 58 58 57 55 55 55 54 52 52 52 55 59 62 63 63 63
    66 69 73 74 73 70 65 61 58 58 60 64 69 70 67 60 53 48 49 55 61 64 65
    64 62 59 55 51 50 52 56 60 64 65 63 60 58 56 55 55 57 59 59 58 58 60
    62 64 65 66 67 68 70 71 70 68 66 66 66 65 63 62 61 62 63 64 64 61 58
    58 59 60 62 64 67 70 70 67 62 58 57 59 62 63 63 62 61 60 62 67 70 70
    67 63 60 58 58 60 63 67 72 75 75 72 66 60 57 56 57 60 63 64 63 61 60
    60 61 60 59 58 57 57 57 57 58 61 63 65 65 67 69 71 69 64 59 56 55 55
    56 59 62 66 70 74 75 73 68 64 61 59 57 57 56 55 55 53 51 49 51 54 59
    61 58 54 51 53 56 60 61 62 63 64 63 61 59 60 63 65 65 64 65 67 67 66
    64 64 63 64 65 68 71 72 72 72 70 66 62 61 63 65 67 68 70 71 71 69 68
    68 69 69 70 70 70 68 64 63 63 64 64 66 68 69 68 65 61 61 64 70 75 77
    75 71 68 66 52 52 51 54 57 60 62 62 61 58 56 56 55 54 54 55 57 59 61
    61 60 61 63 66 69 71 71 69 65 61 58 58 60 64 68 70 66 58 49 45 48 56
    65 70 71 70 66 61 55 50 49 52 57 61 64 64 61 57 55 54 55 59 63 65 64
    60 57 56 57 58 60 60 62 65 68 69 69 68 67 66 65 64 63 63 63 62 62 62
    62 58 55 54 54 55 58 62 64 67 69 67 64 61 60 62 64 66 66 65 64 63 65
    68 69 69 67 64 61 58 56 57 60 64 69 73 74 71 67 61 57 57 59 62 66 68
    68 66 64 64 63 62 59 58 57 58 58 59 60 60 61 61 62 65 69 72 70 65 60
    56 55 55 57 60 63 67 71 76 77 75 71 67 64 61 59 59 58 59 59 58 55 53
    54 56 60 62 61 57 54 55 58 62 62 61 62 63 62 59 56 57 59 61 61 62 65
    67 68 66 64 62 61 61 62 65 68 69 70 70 68 64 61 60 61 62 65 67 68 68
    67 65 64 66 68 70 71 73 73 70 67 65 64 63 63 63 66 68 68 65 61 60 62
    66 70 70 69 67 64 64 57 57 56 57 60 64 66 67 66 63 61 59 58 57 56 57
    58 59 59 59 59 60 61 62 63 64 66 67 66 64 62 61 62 64 67 67 63 54 46
    42 46 55 66 72 74 72 68 62 55 50 49 52 56 60 62 62 61 58 57 57 59 64
    68 70 67 61 56 53 54 56 57 58 60 64 67 68 67 66 65 64 63 63 63 64 64
    62 61 61 61 59 56 54 53 53 56 59 61 63 66 66 64 63 63 64 65 66 66 65
    65 65 66 68 68 67 67 66 64 61 57 56 59 63 67 70 72 71 68 63 59 58 59
    62 66 69 70 69 67 66 65 63 60 59 60 61 62 63 63 62 60 59 60 64 69 72
    71 66 60 57 56 57 59 61 62 65 69 73 74 73 70 68 67 66 65 65 65 65 65
    63 60 58 58 60 62 64 62 59 56 57 60 63 63 63 63 64 62 59 56 55 56 58
    60 62 65 67 67 66 64 62 60 59 59 61 64 67 68 68 66 64 62 61 61 63 64
    66 67 66 63 61 61 63 66 68 70 73 73 71 69 66 64 61 59 59 62 66 67 66
    62 60 61 63 64 63 61 59 58 57 63 62 61 61 63 65 68 70 71 69 67 64 61
    59 58 57 57 57 58 59 60 61 61 59 57 57 60 64 66 66 65 65 64 64 64 63
    59 52 45 41 44 53 63 70 72 71 67 62 57 52 50 52 55 58 60 61 62 63 63
    63 64 66 68 69 65 60 55 52 53 55 56 58 60 64 67 66 64 62 61 61 61 61
    62 63 63 61 60 61 61 60 58 56 54 53 54 57 59 61 64 64 63 63 63 64 64
    64 64 63 64 64 65 65 64 64 66 68 68 65 60 58 59 63 66 68 70 71 70 67
    63 60 59 60 63 66 68 68 67 66 65 64 63 63 64 66 67 66 65 63 61 60 61
    65 69 72 69 65 60 58 58 60 61 61 61 62 64 67 68 67 67 68 69 70 71 72
    71 71 69 67 64 62 62 63 64 64 62 59 57 58 60 63 64 65 66 66 64 60 56
    55 56 58 60 62 64 65 65 65 64 62 60 58 57 57 60 64 66 67 66 65 64 63
    63 64 65 66 66 63 60 58 58 61 65 67 69 70 70 70 68 66 63 58 56 56 60
    65 68 68 66 64 63 63 62 60 57 53 51 51 63 63 63 63 64 65 67 70 72 73
    72 69 65 60 58 57 57 56 57 59 62 64 62 58 54 53 57 63 66 66 66 65 64
    63 61 59 55 50 46 43 45 51 59 65 68 67 66 64 60 56 53 52 54 56 59 61
    64 68 69 68 66 64 64 63 61 56 53 52 54 56 57 58 60 62 64 62 60 58 57
    57 58 58 59 60 60 59 58 59 59 59 59 57 55 53 54 57 59 61 63 64 63 62
    62 63 62 62 62 61 61 62 62 61 60 61 64 68 70 68 64 61 61 64 66 67 69
    71 72 71 68 63 58 57 59 62 64 66 66 65 65 65 66 67 69 70 70 68 67 65
    64 64 64 66 68 68 65 62 59 59 61 63 63 61 59 59 60 61 62 61 62 65 69
    73 75 76 75 74 72 68 65 63 64 64 65 63 61 58 57 59 61 63 64 66 67 67
    65 62 58 56 57 58 60 61 62 63 63 64 64 63 61 58 56 57 60 63 65 65 65
    65 65 65 65 66 67 67 65 62 58 56 58 62 65 67 67 67 67 66 66 64 61 57
    55 56 61 67 71 72 71 69 68 65 62 59 55 51 49 49 61 62 63 65 66 66 66
    68 72 75 76 73 68 62 58 56 56 55 56 59 62 64 63 59 54 54 58 62 65 65
    64 64 64 63 61 58 54 51 48 46 47 50 56 62 65 66 67 67 65 61 57 54 54
    55 57 60 65 70 72 70 65 61 58 56 54 52 51 53 56 58 58 58 58 59 60 59
    57 55 55 56 56 56 56 57 57 56 55 56 56 56 57 57 55 54 55 58 60 62 64
    64 64 63 62 61 61 61 62 61 60 60 60 59 58 59 63 68 71 71 68 64 63 63
    64 65 67 70 73 74 72 65 58 54 55 58 62 65 66 66 66 68 70 71 72 72 71
    70 69 69 69 69 67 65 64 62 59 56 56 58 62 64 64 62 59 57 57 57 57 55
    57 60 67 73 77 79 77 75 72 68 65 64 65 66 65 63 61 59 59 61 62 64 65
    67 68 67 65 62 60 58 58 58 58 59 61 62 63 65 66 65 62 60 59 60 63 66
    67 65 63 63 65 66 67 68 69 68 64 60 56 55 59 63 65 66 65 64 63 63 63
    63 60 58 56 59 64 69 72 74 75 74 72 69 64 59 56 53 51 51 58 60 62 65
    67 67 67 68 72 76 77 74 68 62 58 55 54 53 53 56 59 61 62 60 58 58 61
    64 65 64 63 63 64 64 62 60 57 55 53 50 49 52 56 61 65 68 70 71 70 66
    61 58 56 56 56 59 64 69 71 70 65 59 54 52 51 50 52 56 60 61 59 57 56
    56 57 56 54 52 52 54 55 54 54 55 55 54 53 54 54 55 57 57 56 56 56 58
    60 62 63 64 64 64 63 62 61 62 64 62 60 60 59 59 59 61 65 69 72 73 71
    67 63 61 62 63 65 68 71 73 72 66 58 53 53 56 61 65 67 68 69 72 74 74
    73 71 71 71 72 73 73 72 68 63 59 55 52 50 52 57 62 65 65 62 59 58 58
    56 54 52 53 57 64 71 77 80 79 75 71 67 64 64 65 66 65 64 62 62 62 63
    64 65 67 67 67 65 64 62 62 61 59 57 56 57 60 63 66 68 68 66 64 63 63
    65 68 71 70 66 63 63 66 68 70 71 70 68 63 58 54 55 58 61 63 62 61 61
    61 62 63 63 62 60 60 62 65 68 71 74 76 76 75 71 66 61 58 57 57 57 58
    60 62 66 69 69 68 68 71 75 76 72 67 62 58 55 53 51 50 52 55 58 60 62
    62 64 65 66 66 64 63 64 65 66 65 64 63 60 58 55 54 55 59 64 67 71 74
    75 74 70 66 62 59 58 59 61 65 69 70 68 64 59 55 52 52 53 55 60 63 64
    60 56 55 55 56 55 53 51 52 54 56 56 56 56 56 55 54 54 55 57 59 60 60
    58 57 57 57 58 60 62 64 66 65 63 63 65 66 64 61 60 60 61 63 66 69 71
    74 76 74 68 63 59 58 60 62 65 68 70 69 64 57 51 50 54 59 64 68 70 72
    74 76 74 72 70 70 71 73 75 75 72 67 60 54 50 48 48 50 55 61 64 65 63
    61 60 60 58 54 51 51 54 60 68 75 79 79 76 72 67 64 63 64 65 66 65 65
    66 66 66 67 68 69 68 66 63 62 62 63 63 61 57 56 57 60 65 69 70 70 68
    66 66 67 68 71 73 72 69 66 66 69 71 72 72 71 67 63 58 55 54 55 57 57
    56 56 58 61 63 64 65 63 62 62 63 64 66 68 72 75 77 76 73 67 62 61 62
    64 65 63 63 64 66 67 67 66 66 68 72 72 70 66 64 61 58 55 53 51 51 53
    56 59 63 66 68 68 67 66 64 64 65 66 67 67 68 68 66 64 60 59 61 64 67
    70 73 76 78 77 74 69 66 64 63 63 65 67 69 68 65 62 59 57 55 56 58 61
    64 66 65 60 56 55 56 57 57 55 54 55 58 60 60 59 59 58 58 57 57 57 59
    62 64 63 61 57 54 52 53 55 59 64 67 67 66 65 66 68 66 63 61 61 63 66
    69 72 74 77 78 75 69 62 57 56 58 60 63 64 65 64 61 55 50 49 52 57 63
    67 69 72 74 75 73 70 68 67 69 72 74 74 71 65 59 54 51 50 50 52 56 60
    64 65 64 63 63 62 60 56 52 51 53 57 64 71 76 77 76 72 67 63 62 64 66
    67 67 67 68 68 68 69 71 72 71 67 64 63 64 66 67 65 61 59 59 62 67 70
    71 70 69 68 68 68 69 71 72 72 70 69 71 74 76 75 72 69 66 64 61 57 54
    53 53 52 51 53 57 61 65 67 66 64 62 61 61 62 63 65 68 72 74 75 72 68
    64 64 67 69 70 70 69 67 65 64 63 62 62 65 68 69 68 67 67 66 62 59 56
    54 53 53 56 59 63 67 70 70 68 65 64 64 65 66 67 69 72 73 72 69 66 65
    66 67 69 70 72 75 78 78 75 71 68 67 68 69 70 71 70 66 62 58 57 57 58
    60 62 66 68 68 65 61 57 57 59 61 62 61 60 62 64 66 65 63 62 62 62 61
    59 58 60 63 65 66 63 58 52 49 49 52 57 62 66 66 65 64 66 68 67 65 63
    63 65 67 69 72 75 78 78 75 68 61 56 55 57 60 62 61 61 60 59 56 52 50
    53 58 63 66 68 69 71 72 70 67 65 65 67 70 73 73 70 64 60 57 57 57 55
    55 58 62 65 66 65 64 64 64 62 59 56 53 54 57 62 67 72 75 75 71 66 62
    62 65 68 69 68 67 67 67 68 70 73 74 73 70 68 67 68 70 71 70 67 64 62
    63 66 69 69 69 69 69 69 68 67 68 69 70 69 70 74 77 78 75 71 67 65 65
    64 60 57 54 53 50 49 51 56 61 66 68 67 63 61 60 60 62 63 64 67 69 71
    71 71 69 66 67 70 72 73 78 75 70 65 61 60 59 60 63 65 67 67 69 70 68
    64 61 58 56 54 55 57 59 62 67 71 72 70 66 63 63 64 65 67 70 74 76 74
    71 69 68 69 70 70 69 69 72 76 77 75 71 68 68 70 72 73 73 70 65 59 55
    54 56 58 61 64 68 70 69 66 61 59 58 60 63 65 66 67 68 70 70 68 66 64
    64 65 63 61 59 59 62 65 67 64 59 53 50 50 52 56 59 62 61 60 60 63 66
    67 66 64 64 65 67 68 70 74 76 76 72 66 59 55 54 57 61 62 61 60 60 59
    58 55 55 57 61 65 67 67 66 66 66 64 62 61 62 64 68 70 70 68 65 63 63
    64 64 62 60 61 64 67 66 65 63 63 64 64 62 60 58 58 59 62 65 70 73 73
    69 63 59 59 64 68 68 66 65 65 66 68 70 73 75 74 72 71 70 71 73 73 73
    71 68 66 65 66 67 68 69 70 71 69 67 65 64 65 67 68 69 72 76 77 73 68
    64 63 64 65 63 60 57 55 52 50 51 54 59 64 66 65 62 60 60 62 64 66 67
    68 68 68 68 68 68 68 70 73 75 76 82 79 73 65 60 58 58 59 62 64 65 66
    67 69 67 64 61 58 56 55 56 58 60 63 68 73 76 74 69 64 62 62 64 66 69
    73 75 73 69 67 67 68 69 69 67 66 69 73 76 73 70 68 68 71 73 74 73 70
    65 60 55 54 56 59 62 65 69 71 70 67 64 61 59 59 61 64 67 69 71 72 71
    69 67 67 67 67 65 62 60 60 62 66 67 66 62 57 55 55 56 57 58 57 56 55
    57 61 66 67 66 64 63 64 65 66 68 71 73 73 70 64 58 54 54 58 63 66 65
    63 62 61 61 60 60 62 65 67 67 65 62 60 59 58 58 58 60 63 65 67 68 68
    68 67 68 70 71 68 66 66 68 70 68 65 63 63 64 65 66 64 62 61 61 62 64
    68 71 71 66 59 55 56 60 64 65 64 63 63 65 66 69 71 72 72 71 70 70 71
    72 73 73 72 70 68 66 66 66 66 67 70 72 70 66 62 61 62 64 65 66 68 71
    72 69 64 61 60 62 64 63 61 59 58 55 53 52 53 56 60 62 61 60 60 63 67
    69 71 70 70 68 66 65 65 67 70 74 77 79 80 81 79 73 65 59 57 57 59 61
    63 64 64 65 66 64 61 59 58 58 58 59 61 62 64 70 76 79 78 72 66 62 62
    64 66 68 70 71 68 65 64 64 65 66 67 65 65 67 72 75 72 69 67 67 70 72
    73 72 70 66 61 57 56 57 60 62 64 67 71 72 71 68 64 61 59 59 61 64 68
    70 70 70 69 68 68 67 67 65 63 61 61 63 66 68 68 66 63 62 62 62 61 59
    56 55 56 59 64 68 68 66 62 60 60 62 64 67 69 70 69 66 62 58 56 56 60
    66 70 70 68 67 65 65 64 65 67 68 68 66 62 57 54 54 54 56 58 60 63 64
    66 69 71 72 72 72 74 75 73 70 70 71 72 69 66 64 64 65 66 68 67 66 64
    62 61 62 65 68 67 62 56 52 52 56 60 61 61 61 62 63 64 66 68 69 68 66
    65 65 66 67 69 71 71 70 69 68 68 67 66 66 69 71 70 66 62 59 60 62 64
    65 65 66 67 65 62 59 58 60 62 63 62 62 62 59 55 53 53 55 57 59 59 59
    62 67 73 76 76 74 72 69 66 63 63 66 70 75 79 82 83 78 76 70 63 56 53
    54 56 59 61 62 63 64 63 61 57 57 58 61 63 64 64 64 66 71 78 81 79 74
    66 62 62 65 68 68 67 66 64 62 61 62 63 64 65 65 65 68 73 74 72 68 66
    67 69 71 72 72 70 68 65 62 60 60 61 61 62 65 70 73 74 72 69 64 60 59
    60 63 66 68 67 67 67 68 67 66 65 64 63 62 62 64 66 69 70 69 68 67 67
    67 65 62 59 58 60 64 69 71 70 65 59 56 57 59 63 66 67 66 64 62 61 60
    60 60 63 68 72 73 72 70 69 68 68 70 71 71 69 64 59 53 51 51 53 56 59
    62 64 65 68 71 75 76 75 74 74 74 73 72 71 72 72 71 68 66 65 65 66 68
    69 68 66 63 60 60 63 65 64 60 54 51 50 53 56 59 60 61 61 61 60 62 65
    67 65 61 59 58 58 60 63 67 70 70 68 68 69 69 67 67 69 71 70 66 62 60
    60 62 64 65 64 64 64 63 60 57 57 58 61 62 63 63 63 61 58 56 55 55 57
    59 59 60 63 70 76 79 78 75 71 68 64 62 62 65 69 73 78 81 82 71 70 64
    56 50 47 48 50 54 57 60 62 63 62 58 55 56 60 65 69 69 68 66 67 72 78
    80 77 71 64 61 62 67 70 69 65 63 62 62 63 64 63 63 64 65 67 70 74 74
    71 68 66 66 69 71 72 72 71 69 68 67 66 64 62 60 59 62 68 73 75 74 70
    66 63 62 62 65 66 66 65 64 65 66 66 64 63 63 63 63 64 65 67 69 71 71
    70 69 69 69 68 65 62 62 64 67 70 71 68 61 55 52 54 57 61 64 64 63 61
    61 61 63 65 65 66 69 72 73 73 72 71 70 70 71 72 72 69 64 58 52 50 50
    53 58 62 64 66 67 69 73 76 78 76 73 71 70 69 69 70 72 73 73 71 68 66
    64 65 66 68 69 69 66 61 59 61 63 62 59 55 52 51 52 56 59 61 62 61 59
    57 59 63 65 64 59 55 52 51 53 57 63 68 69 67 67 68 69 68 67 69 71 70
    67 63 62 62 65 67 67 65 63 62 61 59 57 57 59 61 63 64 64 64 63 61 60
    59 58 59 61 61 61 63 69 75 77 75 72 69 66 64 62 62 64 66 70 74 78 80
    66 64 58 50 44 42 43 46 50 53 55 58 61 62 59 57 59 64 70 73 73 70 68
    68 72 75 76 72 66 60 58 62 68 72 70 66 64 64 66 67 68 67 65 64 66 68
    72 75 75 71 67 65 66 68 71 71 71 70 69 70 71 71 68 65 61 58 60 65 71
    73 71 68 65 65 65 66 67 68 66 64 63 63 64 63 62 61 61 63 64 66 67 68
    69 70 70 69 68 68 68 68 66 63 63 64 66 67 67 63 57 51 50 52 56 59 62
    64 63 63 63 64 66 68 67 68 70 71 72 72 73 72 71 69 70 71 72 70 65 60
    55 53 53 56 60 64 66 67 68 70 73 75 75 74 71 67 65 64 64 66 70 72 74
    73 70 66 63 63 65 67 69 70 67 63 60 60 60 61 59 57 54 53 54 58 61 63
    63 60 57 55 56 61 64 63 60 55 51 50 52 56 63 68 69 66 65 66 68 68 68
    70 71 71 68 65 65 67 69 71 69 66 62 61 59 57 56 56 59 62 64 65 66 67
    67 68 67 66 65 64 64 63 61 61 64 68 70 70 68 67 66 65 64 63 63 63 67
    72 77 80 64 62 55 47 41 40 43 47 50 51 51 54 59 61 61 61 63 68 73 75
    74 71 68 68 70 72 70 66 60 55 55 61 68 72 72 69 67 67 68 69 70 69 67
    66 67 70 73 75 74 70 64 62 64 67 70 70 69 68 68 71 74 75 73 69 63 59
    59 63 68 69 67 64 64 65 67 68 69 68 67 64 62 61 61 61 60 60 61 63 65
    67 69 69 69 69 69 68 66 65 65 65 64 62 61 60 61 62 61 58 53 49 50 53
    55 58 61 64 66 68 68 68 68 68 68 68 69 70 70 71 73 73 71 68 67 68 69
    69 67 65 61 58 58 60 63 65 67 68 69 70 71 72 72 71 69 65 61 59 59 63
    67 71 73 73 70 67 64 63 65 67 70 70 68 64 60 58 58 58 58 57 56 55 57
    60 63 64 62 60 56 54 55 59 62 63 62 59 56 55 57 61 65 68 67 64 61 63
    66 67 68 69 71 71 70 68 68 71 74 74 71 66 62 60 60 58 57 57 59 62 64
    66 68 70 73 75 76 75 73 70 67 63 59 56 57 59 61 63 65 66 67 68 68 66
    64 64 67 73 79 81 65 63 56 48 43 43 46 50 52 51 49 50 55 59 62 63 66
    70 72 74 73 71 68 67 68 68 66 61 56 53 53 59 66 71 72 71 70 68 67 67
    69 68 67 67 69 71 72 73 70 65 60 57 59 64 68 69 68 66 66 69 74 76 74
    70 65 61 60 63 66 66 64 62 63 65 67 67 67 67 66 63 60 57 57 58 59 60
    60 62 64 67 68 68 68 68 68 67 64 62 62 62 61 59 57 55 55 56 56 55 52
    51 53 56 58 58 61 65 69 71 71 69 67 65 65 66 68 69 69 71 73 74 72 69
    66 65 65 66 67 68 67 65 64 64 65 66 67 69 70 70 69 69 70 70 68 64 59
    56 57 61 66 70 72 71 70 68 66 67 67 69 70 69 67 64 60 57 56 57 58 58
    57 57 59 62 63 62 60 58 56 54 55 59 62 65 66 65 64 64 66 68 69 68 65
    60 58 59 63 66 67 68 70 71 71 70 71 74 77 76 72 66 63 62 63 62 61 60
    60 61 63 65 67 71 75 79 80 80 77 73 67 61 56 52 51 51 54 59 62 66 68
    70 70 68 67 66 69 75 81 83 67 66 60 53 49 49 53 56 57 54 49 49 52 56
    59 62 65 67 69 70 70 69 67 65 64 64 63 60 57 54 54 59 65 69 71 71 70
    67 64 63 65 66 66 67 69 70 70 69 65 60 55 53 55 61 66 68 67 65 65 67
    71 74 73 69 65 63 63 65 66 65 63 61 62 64 65 65 64 65 65 62 58 54 55
    57 59 60 60 62 63 64 65 65 65 66 67 66 63 60 59 59 58 58 55 53 52 53
    55 56 56 57 60 63 63 62 63 67 72 74 73 69 64 61 60 62 65 67 67 69 72
    74 73 69 64 61 60 62 65 69 70 70 68 66 65 65 67 68 69 67 66 67 69 70
    69 65 61 59 59 62 67 70 71 70 69 69 69 70 70 70 69 67 65 63 59 57 56
    57 58 58 58 58 60 62 62 60 58 57 56 56 57 60 64 67 70 70 71 72 73 74
    71 66 61 56 55 57 61 65 67 67 68 69 70 71 72 76 78 76 71 65 62 63 67
    68 67 63 61 60 61 63 65 70 74 78 80 80 77 72 66 59 55 51 50 50 53 57
    61 64 66 68 70 70 69 68 70 75 80 82 69 68 65 60 57 58 61 64 63 58 53
    50 52 53 55 58 60 62 64 66 68 68 67 65 63 63 63 63 62 60 60 62 65 67
    68 69 69 66 64 62 62 63 64 66 67 68 67 64 61 57 53 52 54 60 65 68 68
    66 64 64 67 69 69 67 65 64 64 66 65 64 62 60 61 62 62 62 61 61 62 61
    57 54 55 57 59 60 60 61 63 63 63 62 61 61 61 61 59 59 58 59 58 58 57
    54 53 55 57 60 62 64 67 69 68 65 65 69 73 76 74 68 62 58 57 59 61 63
    63 65 68 70 71 67 61 56 54 56 61 67 71 72 71 68 65 64 66 67 66 64 63
    65 68 70 70 69 67 66 65 67 70 71 71 69 68 69 71 73 73 72 69 67 65 63
    60 59 59 59 60 59 58 59 60 63 62 59 57 56 56 57 60 63 67 70 72 73 74
    75 75 74 70 63 58 54 55 58 61 64 66 66 65 66 68 69 71 75 76 73 67 61
    60 64 69 72 72 68 64 61 61 62 65 68 72 75 76 76 73 69 63 58 56 55 55
    55 57 60 63 64 65 66 68 69 70 69 70 74 77 79 69 69 68 66 64 66 69 70
    68 62 57 54 53 53 53 54 55 57 60 64 67 69 69 66 65 65 67 70 70 69 67
    67 67 67 65 65 67 67 66 65 64 64 64 65 66 66 64 62 60 57 55 54 56 60
    65 69 69 66 62 61 62 64 65 64 62 62 63 63 63 61 60 60 60 60 59 57 56
    57 60 60 57 56 57 59 60 61 61 63 64 63 62 60 58 55 54 54 55 58 60 62
    62 62 61 59 58 59 61 64 66 68 70 71 69 66 66 70 75 78 76 70 64 60 58
    57 57 58 58 60 63 66 67 63 57 52 49 50 55 62 68 72 72 69 66 65 66 65
    63 61 62 64 68 70 72 73 74 74 73 73 73 72 70 67 66 68 72 75 75 73 70
    68 65 63 62 62 62 63 61 59 58 59 61 63 63 60 57 55 56 58 62 66 70 72
    73 73 73 73 72 71 67 62 57 55 57 59 62 64 65 65 64 64 65 67 69 71 71
    67 61 56 56 61 68 73 74 72 67 63 62 63 65 67 70 73 73 71 69 65 61 59
    59 60 62 63 65 66 67 67 66 65 65 68 70 70 70 72 75 77 68 68 68 68 68
    69 72 73 69 63 58 56 56 55 54 53 54 56 59 63 67 70 70 69 69 70 73 75
    75 74 73 72 70 66 63 63 66 69 71 71 69 67 65 65 65 64 63 61 61 61 60
    59 60 62 67 70 71 67 62 58 58 60 62 61 59 58 58 58 57 58 59 59 60 59
    56 53 52 54 58 59 59 59 60 61 62 63 64 65 65 64 62 59 56 52 50 50 53
    59 64 67 68 67 66 64 62 62 63 65 66 67 69 69 66 64 65 70 75 79 79 74
    68 63 59 56 54 54 54 56 59 62 63 61 55 50 47 47 50 57 64 69 70 68 66
    66 66 65 62 61 62 65 68 71 74 77 79 80 78 76 74 71 69 66 65 67 71 75
    76 75 73 70 67 64 63 63 65 65 63 60 59 60 62 64 64 61 58 56 56 59 63
    68 70 71 71 71 69 68 67 65 63 60 58 59 60 62 64 65 65 65 64 64 64 65
    65 65 63 59 54 51 53 59 66 71 74 73 68 64 63 64 66 67 69 71 71 69 67
    64 62 61 62 65 67 69 70 71 72 71 68 66 65 68 71 72 71 73 75 76 65 65
    66 67 67 68 70 70 66 61 58 57 58 57 56 56 56 57 60 64 68 71 72 72 73
    74 75 75 75 74 74 73 70 65 61 61 64 70 75 76 73 68 65 64 64 63 62 61
    63 66 66 65 63 64 68 72 72 67 61 57 56 58 60 60 58 56 54 53 53 54 56
    58 59 58 55 51 51 54 58 60 60 61 62 63 64 66 68 68 68 67 65 62 58 53
    50 50 55 62 67 70 70 70 69 66 65 64 64 64 64 65 67 66 63 60 62 68 74
    78 79 76 70 65 60 56 52 51 52 54 56 59 61 60 56 52 49 48 50 55 61 66
    67 65 65 66 67 66 64 64 65 66 69 71 75 77 80 80 78 75 73 70 68 67 67
    68 71 75 77 77 76 72 68 64 63 64 65 65 64 62 61 61 62 63 63 61 59 57
    56 58 63 67 69 69 69 68 66 63 61 58 57 58 60 63 66 67 68 68 67 67 66
    65 64 63 60 58 56 53 50 48 52 58 64 68 70 70 67 64 63 64 66 67 69 71
    71 70 68 66 65 64 65 67 69 71 72 72 73 72 69 66 66 70 73 74 74 74 76
    78 60 61 63 64 65 65 65 65 62 59 58 59 59 59 58 58 59 60 62 65 69 72
    73 73 73 73 72 71 69 70 71 72 69 63 59 58 62 69 75 77 74 68 64 62 62
    62 62 63 66 70 70 68 64 64 67 71 72 68 62 59 58 60 62 63 60 57 54 51
    50 52 55 57 58 57 56 54 54 56 59 61 62 63 64 64 66 68 71 71 72 71 70
    67 62 57 54 54 59 65 69 70 70 70 69 68 66 65 65 65 65 65 65 63 60 58
    61 67 73 77 77 75 71 67 62 56 52 50 51 52 53 55 57 59 58 56 55 53 53
    56 60 62 63 62 63 65 68 68 67 66 66 66 67 70 72 74 76 75 74 72 70 69
    69 69 70 70 71 73 76 77 77 74 69 65 63 63 63 64 64 63 63 63 62 61 60
    61 60 58 56 57 60 64 66 67 67 66 65 62 58 54 53 55 60 65 70 72 73 72
    70 69 67 66 64 62 58 55 53 51 50 49 52 57 62 64 65 65 63 61 61 63 64
    65 67 70 72 72 70 67 66 65 65 67 68 69 70 70 70 69 68 66 68 72 76 77
    76 76 77 77 56 57 59 61 61 61 61 62 61 61 61 62 62 60 59 59 61 63 64
    66 69 71 72 72 71 69 67 64 63 65 68 69 66 61 57 56 59 66 72 74 71 66
    61 59 59 61 61 63 67 71 71 67 63 61 64 69 71 69 65 62 62 64 66 66 64
    59 55 51 50 52 55 57 58 58 58 58 58 59 61 63 64 65 65 65 66 68 71 73
    73 74 73 71 68 63 61 61 63 66 67 67 68 68 69 68 67 67 67 67 66 66 65
    62 59 57 60 65 70 73 74 73 70 67 62 57 52 50 50 51 50 51 53 56 58 59
    59 59 58 59 59 60 60 60 60 63 66 68 68 67 65 64 65 67 69 69 69 68 67
    66 67 68 69 71 73 73 71 71 72 74 75 73 69 66 64 61 60 59 61 63 64 63
    60 58 57 58 60 59 57 56 58 61 63 65 66 66 66 64 60 55 54 56 61 67 72
    74 75 74 72 69 67 66 65 63 60 57 56 55 53 52 54 58 62 63 63 62 59 57
    58 60 61 62 64 68 70 71 68 65 63 62 63 64 66 67 67 67 65 64 63 64 67
    72 76 78 77 76 76 76 55 55 57 58 59 59 60 62 64 66 67 67 65 61 60 61
    63 65 66 67 68 70 71 70 67 64 61 58 59 62 66 67 64 59 56 55 58 64 69
    70 68 63 58 56 57 58 59 61 65 68 67 63 59 57 61 66 69 69 67 65 64 65
    66 66 64 60 55 51 50 52 55 57 58 60 62 63 64 63 64 65 66 67 66 64 64
    66 69 71 72 73 74 73 71 69 66 65 65 65 64 64 66 68 69 70 70 70 70 70
    69 68 66 64 61 60 61 64 66 68 69 69 67 65 61 55 51 49 50 51 49 49 50
    53 57 60 63 64 62 61 60 60 59 59 59 60 64 66 67 65 62 61 63 65 66 64
    62 60 60 61 64 67 69 72 75 75 72 69 68 69 71 71 69 66 63 59 55 54 56
    60 62 61 58 55 55 56 58 59 59 57 57 59 62 63 64 65 66 65 62 59 58 61
    65 69 72 74 75 73 70 67 66 66 65 64 63 62 62 61 59 57 58 61 64 65 64
    62 58 56 56 58 60 60 62 65 67 67 65 62 60 60 61 63 64 65 65 63 60 58
    57 59 63 69 74 76 76 75 73 72 56 56 57 58 60 61 63 66 68 71 72 71 66
    61 60 62 65 68 68 67 66 66 67 67 64 61 57 55 56 60 64 64 61 58 57 57
    59 62 65 66 65 62 58 57 56 56 55 57 61 63 63 59 55 55 58 63 67 68 68
    66 65 65 63 62 60 58 55 53 53 54 55 56 59 62 66 68 68 67 65 65 65 66
    65 63 63 65 68 70 70 71 71 71 70 69 67 65 63 61 60 61 64 67 69 71 72
    73 73 73 72 70 68 66 65 65 65 65 65 64 64 64 64 63 59 53 49 48 51 52
    52 50 51 53 57 62 66 67 66 63 61 61 61 61 60 60 61 63 64 62 59 59 61
    63 64 62 58 56 56 59 63 67 70 73 75 75 71 66 63 64 66 67 67 66 62 57
    53 52 55 59 61 60 58 55 54 54 57 60 60 58 57 58 61 63 64 65 66 65 64
    62 63 66 69 72 73 74 73 71 69 66 65 64 64 64 65 65 65 65 63 61 62 65
    69 70 69 65 60 58 58 60 61 61 61 62 63 63 62 61 60 61 63 65 66 66 65
    62 58 54 53 55 59 66 71 73 73 71 68 67 57 57 58 59 62 66 68 70 71 73
    73 70 65 60 60 63 67 70 69 66 63 62 63 64 63 61 58 56 56 58 60 60 59
    58 59 60 60 60 61 63 63 62 61 60 58 55 53 54 57 59 59 57 55 55 59 64
    67 69 69 68 66 63 59 56 54 54 55 56 57 57 56 57 61 66 70 72 71 68 65
    64 63 63 64 64 65 67 69 69 70 69 69 67 65 64 63 61 59 57 58 61 64 66
    68 70 72 73 73 73 72 71 71 71 71 71 70 68 66 63 61 60 61 60 58 53 49
    49 53 56 57 56 55 56 59 63 68 70 69 66 64 64 65 65 64 62 61 62 63 60
    57 56 59 63 64 62 58 56 56 59 64 67 70 72 73 73 68 63 59 59 61 63 65
    64 60 55 52 53 57 62 64 63 60 57 55 54 56 60 60 58 56 57 60 63 65 66
    66 65 64 64 65 69 72 74 75 74 72 69 66 65 64 63 62 62 63 63 64 65 64
    63 65 69 73 76 74 69 63 60 61 63 64 63 61 59 58 59 60 62 64 67 68 69
    68 66 64 61 57 52 51 54 58 64 68 70 69 66 64 63 57 57 59 62 66 70 72
    72 71 70 69 67 62 59 60 63 67 69 68 64 60 58 59 61 63 63 62 59 57 57
    57 57 58 60 62 62 60 58 58 59 61 62 63 63 61 58 55 54 56 57 57 55 55
    57 61 66 70 71 71 69 66 61 56 51 50 51 55 59 61 61 59 60 64 69 74 74
    72 68 64 62 60 61 64 66 69 70 70 70 69 69 68 65 61 59 58 57 57 58 60
    63 65 66 67 68 70 70 69 69 70 72 74 75 76 76 75 72 69 64 61 59 58 59
    57 53 50 51 55 59 62 62 62 61 62 65 69 71 70 68 66 67 68 70 69 66 64
    63 63 60 56 55 58 61 63 90 79 98 73 93 92 103 23 104 22 74 125 12 59
    47 51 2 113 114 0 49 30 76 60 112 107 68 95 83 96 23 38 37 105 29 50
    22 75 123 100 46 41 48 104 19 10 94 102 121 86 121 123 13 113 12 117
    59 93 63 64 43 3 68 100 68 65 69 74 77 77 71 65 63 63 65 66 64 61 57
    55 56 59 63 68 71 72 70 67 64 63 60 57 53 53 55 59 64 67 67 65 64 63
    63 59 60 62 65 70 73 73 70 67 65 64 62 59 59 61 64 67 68 67 63 59 57
    57 60 63 66 65 63 60 58 56 57 59 62 63 62 59 57 56 57 59 61 64 65 64
    61 58 57 57 57 56 55 55 58 63 68 71 73 72 70 66 61 55 51 48 50 54 60
    63 63 61 62 66 71 74 74 71 67 63 60 59 60 65 70 72 73 71 69 69 69 68
    64 60 57 56 56 59 62 65 67 67 66 65 66 66 66 65 65 66 70 75 79 80 78
    76 73 70 67 63 60 59 59 58 55 53 54 58 63 67 69 68 66 64 65 68 70 69
    67 66 67 69 71 71 69 66 64 63 60 56 55 56 59 60 104 48 34 71 40 76
    68 76 22 127 17 85 24 50 88 36 101 65 110 67 10 41 46 89 123 48 92
    45 8 63 25 94 58 105 113 13 18 77 92 35 92 39 96 12 93 26 9 80 8 86
    30 102 10 23 9 119 102 21 110 8 20 16 27 115 14 65 69 73 76 76 72 67
    64 64 66 66 65 61 57 54 54 58 63 68 72 71 67 63 60 59 59 58 56 56 58
    61 64 66 66 65 64 65 65 62 63 66 69 72 72 71 66 61 59 58 58 57 58 61
    64 65 66 65 63 60 57 57 60 64 67 67 65 62 60 59 58 61 63 63 61 58 56
    56 57 59 61 64 67 66 63 60 60 60 59 57 55 55 58 62 66 69 70 69 67 64
    62 58 54 51 52 55 60 64 65 64 64 66 70 73 72 69 66 62 60 59 62 68 74
    75 73 69 66 67 69 69 66 62 58 57 58 62 67 70 71 68 65 64 64 64 63 62
    61 63 68 75 79 79 77 74 71 69 67 66 63 62 61 61 60 58 58 61 66 71 73
    71 67 64 64 66 67 66 64 63 65 67 69 69 68 65 64 63 61 58 55 55 56 56
    73 45 87 34 34 62 85 29 34 89 39 38 125 43 35 76 46 76 19 5 59 84 11
    98 82 69 70 62 51 80 124 25 4 95 0 23 0 81 21 24 91 83 119 107 103
    48 88 108 82 106 57 111 59 81 57 16 40 70 8 21 121 13 36 21 98 65 68
    70 73 74 71 68 65 64 64 64 64 61 56 53 52 55 60 65 68 67 62 58 56 57
    59 60 60 59 60 62 64 66 66 66 67 69 70 63 64 66 69 70 69 66 62 57 55
    54 54 55 58 61 63 64 64 64 63 61 59 58 60 64 68 67 66 63 62 61 60 61
    62 61 59 57 57 58 59 60 62 65 67 66 63 61 61 62 61 58 56 56 58 60 63
    64 64 63 62 62 63 64 62 60 58 58 61 64 65 66 65 66 68 70 70 68 65 62
    60 61 66 72 77 77 72 66 63 65 68 69 68 64 61 59 60 64 69 73 73 70 66
    64 64 63 61 60 59 60 65 72 76 76 72 68 65 64 65 67 67 67 66 65 65 63
    63 65 68 72 73 71 66 62 62 64 64 62 60 60 63 66 67 65 63 62 62 61 60
    58 56 54 54 54 17 35 31 65 46 88 12 11 33 60 99 4 40 1 77 40 10 56
    19 25 50 84 72 38 40 121 50 92 111 17 107 7 29 112 38 20 20 121 2 48
    115 81 20 102 19 113 92 75 68 108 87 29 54 57 25 66 96 73 43 114 117
    124 105 2 43 66 67 68 70 71 71 69 66 64 63 62 62 60 56 52 50 52 57
    62 64 62 57 54 53 55 59 62 63 61 60 61 62 64 65 66 68 71 72 61 61 63
    64 65 64 62 58 55 52 51 52 55 58 61 62 63 63 64 64 62 60 59 60 63 66
    66 66 65 64 63 61 61 61 61 59 57 57 59 61 62 63 65 66 64 61 59 60 62
    61 58 57 57 58 60 61 61 59 57 56 59 64 69 71 69 66 63 62 63 65 66 66
    65 66 67 67 66 65 63 61 64 69 75 78 75 69 63 61 63 66 69 69 67 64 62
    62 65 70 73 73 71 69 67 65 63 60 59 57 58 63 69 73 72 68 63 59 59 62
    66 69 70 70 69 69 68 68 68 70 72 72 68 63 60 60 62 63 61 60 61 65 67
    66 63 60 59 59 60 60 59 57 55 54 53 66 68 87 20 116 85 9 84 33 116
    83 13 6 83 109 86 18 104 24 14 122 7 16 94 66 108 81 117 89 49 124 6
    125 27 108 105 21 39 58 28 120 45 26 20 118 38 48 25 14 30 119 26 20
    24 33 39 115 36 103 16 103 65 91 13 16 67 66 65 67 69 71 70 67 64 61
    59 59 58 56 52 50 52 56 61 62 60 55 52 52 54 59 64 64 62 59 59 60 62
    64 66 68 70 71 58 58 58 57 58 58 58 56 53 51 50 53 56 59 60 61 62 63
    64 64 62 60 58 59 61 63 65 66 66 65 64 62 62 62 62 60 58 57 58 60 62
    64 64 64 62 60 59 60 61 60 58 57 58 59 61 61 60 58 56 56 60 66 73 77
    76 72 66 63 63 65 67 67 66 65 64 64 63 62 61 61 65 70 75 75 71 65 60
    59 61 65 69 70 68 66 64 64 66 70 73 74 73 72 70 68 63 59 57 56 57 61
    66 70 70 67 63 59 58 61 66 70 71 71 70 70 70 70 71 71 71 69 65 60 59
    60 62 63 62 60 62 67 70 68 63 60 58 58 59 60 61 59 57 56 55 37 3 11
    112 9 65 109 17 117 110 72 20 52 55 60 101 53 116 47 120 39 112 51 3
    121 7 83 123 115 90 54 85 50 71 26 124 29 3 44 111 66 42 26 8 66 41
    55 77 19 125 53 125 94 32 80 42 114 33 82 32 107 47 90 86 81 67 64
    61 62 67 70 70 67 62 59 58 59 59 56 53 51 52 57 62 63 61 57 53 52 54
    59 64 65 63 59 58 59 60 62 64 65 66 67 57 56 55 54 54 55 55 55 53 51
    52 55 59 61 60 60 61 62 63 63 61 58 55 55 58 61 64 67 68 67 66 64 65
    67 67 64 60 57 56 59 61 63 64 64 63 62 62 62 62 60 59 58 59 61 62 63
    62 61 60 61 64 69 73 76 76 72 67 62 61 64 67 67 66 64 63 61 59 58 57
    60 65 71 74 73 68 63 59 58 61 65 69 70 69 68 66 66 68 71 73 73 73 72
    70 67 62 58 55 54 56 59 64 68 69 69 66 64 61 62 65 68 70 69 69 69 70
    72 73 73 71 67 62 58 58 60 63 64 63 62 64 67 70 68 65 62 60 60 60 62
    63 62 59 58 58 82 30 67 70 67 30 72 18 77 4 91 15 114 114 102 54 26
    53 89 25 118 120 94 73 29 42 24 74 67 39 0 127 61 9 84 122 19 12 10
    86 4 32 94 77 110 118 39 32 100 1 116 58 31 61 46 78 11 8 98 109 21
    89 40 116 96 65 60 56 58 64 68 68 65 61 58 57 59 60 58 54 52 54 59
    65 66 64 59 55 52 53 58 63 65 63 60 59 58 60 61 61 61 61 61 57 57 55
    54 54 55 56 55 54 52 53 57 60 61 61 61 62 64 65 63 61 56 52 52 55 59
    63 66 68 68 68 69 70 72 71 68 63 58 56 58 60 62 64 64 64 65 66 65 64
    63 62 62 62 63 63 62 63 64 65 67 68 69 70 71 71 69 64 60 59 62 65 64
    63 61 60 58 55 53 54 59 66 72 75 74 69 63 60 59 62 66 69 70 69 69 68
    69 70 71 72 71 70 68 66 64 61 57 55 55 56 60 65 69 71 73 72 70 66 64
    65 67 68 68 68 69 71 74 75 74 70 65 60 56 56 58 61 63 63 62 64 67 69
    68 66 64 62 62 62 64 66 64 62 60 60 25 107 84 45 77 10 79 48 96 80
    45 23 44 104 79 105 100 88 44 49 81 113 69 70 96 16 76 86 30 11 15
    26 90 109 65 23 69 107 94 100 58 8 106 25 18 101 63 105 103 7 36 63
    18 57 96 61 120 86 126 6 11 96 12 91 77 63 57 54 56 63 67 67 64 60
    58 59 61 62 60 55 53 55 61 67 69 66 61 57 54 55 59 63 64 62 60 59 58
    59 59 59 57 56 56 60 59 58 57 56 56 56 56 55 54 56 58 61 62 61 62 64
    66 67 64 60 55 51 50 53 57 60 63 65 67 69 72 75 76 74 70 65 60 58 59
    61 64 65 66 66 67 68 68 67 66 66 66 66 64 62 61 61 64 67 68 69 67 65
    64 64 63 60 57 57 60 61 60 58 57 57 55 52 50 52 58 66 73 77 77 72 67
    63 62 65 67 70 69 68 69 69 70 71 70 69 67 65 62 60 60 59 57 56 56 58
    62 67 72 74 77 78 76 71 66 65 65 67 68 69 71 74 76 76 74 69 64 58 54
    54 56 58 60 61 61 63 66 68 68 67 65 63 63 64 66 67 65 62 61 62 106
    34 121 79 9 88 57 38 118 72 99 40 103 119 1 67 76 94 99 46 12 23 57
    114 57 124 51 4 125 27 88 125 36 80 109 14 12 67 126 54 51 60 127 66
    21 98 41 108 76 46 105 71 36 64 63 18 106 46 2 22 103 24 80 102 64
    61 56 55 58 64 69 69 65 62 60 62 64 65 61 57 55 57 63 69 69 66 61 58
    56 57 60 63 63 61 59 58 58 58 59 58 57 56 56 64 63 63 61 59 58 57 56
    56 56 57 58 60 61 62 64 67 69 69 66 61 55 51 51 52 55 57 58 60 63 68
    73 76 77 75 71 66 63 62 63 65 66 67 67 66 67 69 69 68 68 69 69 68 66
    61 58 59 62 65 67 67 65 61 59 59 59 57 55 56 58 58 56 54 55 56 55 51
    49 51 57 65 73 78 79 76 72 68 66 68 69 70 69 68 69 70 71 70 69 66 63
    60 56 54 54 56 56 56 57 60 64 69 73 76 79 80 79 73 68 65 65 67 68 70
    73 76 77 75 71 66 61 57 55 55 55 55 56 57 59 62 67 69 70 68 66 65 65
    66 67 67 65 62 61 61 106 110 1 6 63 108 50 23 107 18 37 30 35 6 51
    107 49 125 3 20 22 38 93 113 112 43 125 87 64 34 79 31 91 3 31 53 83
    110 99 44 100 107 24 110 109 51 84 86 97 20 72 80 11 92 68 82 125 68
    40 21 1 56 26 90 27 61 58 58 61 67 71 71 68 64 63 64 66 66 62 58 57
    61 66 70 70 66 62 59 59 61 64 66 64 61 59 58 58 59 60 60 59 58 58 67
    67 66 64 62 59 58 57 56 56 56 57 58 60 63 66 70 71 71 67 61 56 53 52
    54 55 55 53 54 59 65 71 75 75 74 71 68 66 66 66 67 67 67 66 65 67 70
    71 70 69 69 70 68 65 60 57 57 60 64 66 66 64 60 58 58 58 57 56 56 58
    58 55 54 56 58 57 53 50 51 56 62 69 74 78 78 75 71 69 70 71 72 71 70
    71 71 70 69 66 62 59 55 52 49 50 52 54 55 57 60 64 68 71 74 77 80 79
    74 68 64 64 67 70 71 73 74 73 70 66 61 58 57 57 57 55 53 52 53 55 60
    66 70 71 71 68 67 67 68 68 67 65 62 60 60 34 22 95 101 16 37 39 80
    124 117 27 120 8 2 17 66 91 53 3 94 118 59 52 115 122 13 14 33 121
    121 50 124 35 87 121 59 127 27 46 49 64 45 45 98 127 92 57 82 5 78
    41 47 54 105 68 93 62 92 6 41 104 36 117 122 125 60 58 59 63 68 72
    72 69 66 64 66 68 67 64 60 60 65 70 73 71 67 62 61 62 66 69 69 67 64
    61 60 60 61 62 62 61 60 60 67 67 67 65 62 60 59 58 56 56 55 54 55 58
    62 67 70 71 70 66 61 56 55 54 55 55 53 51 51 55 62 67 69 71 71 70 69
    68 68 68 68 67 65 64 64 67 71 73 71 69 67 66 65 63 59 56 57 60 64 66
    66 64 60 58 59 61 60 58 58 58 58 56 55 58 60 59 56 53 52 54 57 63 68
    73 76 75 72 71 72 72 73 73 73 73 71 68 65 62 59 56 54 51 48 49 50 52
    55 57 61 63 64 65 68 73 77 77 72 66 62 63 66 70 71 69 68 67 63 59 56
    56 58 60 59 56 53 51 50 53 58 64 68 71 72 71 70 71 71 70 69 66 62 58
    56 85 76 34 116 31 88 113 100 43 28 18 5 78 24 53 44 120 63 99 115
    20 105 127 17 7 101 63 115 4 56 93 104 86 43 17 106 21 70 108 40 71
    23 40 18 33 100 57 101 113 82 76 85 100 57 7 78 46 38 109 42 19 111
    80 64 47 56 55 58 63 68 71 71 69 66 65 67 70 69 65 63 64 69 75 76 72
    67 63 63 66 70 73 72 69 65 63 63 63 64 65 65 63 62 62 65 65 65 63 61
    59 57 56 55 54 54 54 55 57 62 66 69 70 69 64 59 57 56 57 57 57 55 52
    50 52 56 59 61 64 66 68 70 70 69 69 68 65 64 63 64 68 72 73 71 66 63
    61 59 58 56 55 57 61 64 64 63 62 60 60 63 65 64 62 60 59 58 57 57 60
    62 61 58 55 53 52 54 57 62 68 71 72 71 70 71 72 73 75 75 74 70 65 62
    59 57 56 55 53 52 51 51 52 54 57 60 61 61 61 63 68 72 73 70 65 62 62
    66 69 68 65 62 60 58 55 54 57 60 63 63 60 57 54 52 52 56 61 65 68 71
    72 74 75 75 73 71 68 63 58 54 43 13 43 84 92 17 121 60 29 79 106 59
    118 93 39 108 55 28 9 83 10 23 74 99 23 39 78 101 1 117 60 113 90
    118 109 64 46 59 86 100 108 25 68 116 55 86 47 63 0 107 46 7 62 92
    27 0 30 37 73 45 111 72 4 97 3 54 53 56 60 64 67 67 66 65 66 69 71
    69 66 65 67 72 76 76 72 67 64 64 67 72 74 72 68 65 64 64 66 67 68 67
    65 63 63 63 63 62 60 58 55 53 52 52 53 55 57 58 60 63 66 68 69 67 63
    59 57 58 60 60 60 58 54 51 50 50 52 54 58 62 66 69 70 70 69 67 65 64
    64 65 68 72 72 68 63 59 56 54 54 54 56 59 61 62 60 58 57 58 61 66 69
    68 65 63 61 61 59 59 61 63 62 59 56 53 51 52 55 59 64 68 69 68 69 70
    72 74 76 76 74 68 62 58 55 55 56 57 57 57 56 55 54 54 56 59 59 59 58
    59 64 68 69 68 66 64 64 65 66 64 61 58 56 55 54 56 59 64 66 66 65 63
    60 56 55 56 59 63 66 69 72 75 76 77 76 74 71 66 60 55 10 3 111 62
    111 81 61 96 114 59 64 121 73 31 97 6 94 9 61 80 12 52 111 34 82 124
    87 23 2 119 62 13 64 20 19 125 77 6 75 72 58 48 107 16 79 22 91 25
    41 84 67 34 66 124 40 8 34 103 53 27 83 111 117 102 31 56 54 55 58
    61 62 63 63 64 67 70 71 68 65 65 67 71 75 74 69 65 62 63 66 71 72 69
    66 63 63 64 66 68 69 69 67 66 65 64 63 61 57 54 51 50 49 51 55 59 63
    64 65 67 68 69 69 66 62 58 58 59 61 62 62 61 57 53 49 48 49 51 56 61
    65 68 69 69 69 67 65 63 63 64 67 69 68 66 61 57 53 51 52 55 58 62 63
    61 57 55 55 57 62 68 72 71 69 66 64 63 62 61 62 63 62 59 56 53 52 52
    55 59 63 66 68 68 69 70 72 74 75 75 71 65 59 55 53 53 55 57 59 61 61
    58 56 55 56 58 59 58 58 59 62 65 67 68 67 67 66 65 65 63 61 59 58 56
    56 58 62 67 69 70 69 68 66 62 59 58 60 62 63 65 68 71 73 75 75 73 70
    66 61 58 36 116 13 82 25 110 25 64 60 113 70 123 69 115 18 76 29 19
    83 122 101 39 11 2 108 1 83 10 30 120 39 24 117 72 20 3 43 107 8 109
    50 103 119 10 12 59 108 112 92 59 96 66 8 17 101 40 77 108 16 127 52
    60 64 56 87 61 59 58 58 59 59 60 62 63 66 68 68 65 63 64 67 70 72 70
    66 62 60 60 63 67 68 66 63 61 61 63 66 68 70 70 69 68 67 66 64 60 55
    51 49 49 51 55 61 67 71 72 73 73 72 71 69 66 62 59 59 60 62 63 64 63
    60 56 52 49 50 53 58 63 66 67 67 67 67 67 65 62 61 62 64 67 67 65 61
    57 53 52 54 58 62 65 64 62 58 57 57 60 64 69 72 72 71 69 68 66 64 62
    62 63 61 57 55 53 53 54 57 60 63 67 70 71 71 71 71 71 71 70 66 61 56
    53 51 52 53 56 59 61 62 59 56 55 55 57 59 59 59 61 64 66 68 69 70 69
    68 66 65 64 63 63 61 59 58 60 64 69 72 72 71 70 69 66 63 61 60 60 60
    60 62 64 67 69 71 70 66 63 59 58 91 45 4 41 121 93 12 50 49 88 5 106
    123 69 25 54 64 85 112 65 70 21 68 5 26 64 95 112 108 3 40 103 12 27
    112 28 96 77 116 80 48 125 124 101 66 42 23 56 64 107 24 3 9 27 95
    76 40 76 53 120 1 25 108 22 117 65 64 63 60 59 59 60 62 63 65 66 64
    62 61 63 67 70 71 68 63 59 58 58 60 62 63 62 60 59 60 62 66 69 70 71
    71 71 70 67 65 60 54 50 50 52 56 62 69 75 79 80 80 79 77 73 70 65 61
    59 59 61 63 65 66 66 64 61 57 54 55 58 62 66 67 66 64 64 65 66 65 63
    60 60 63 66 67 65 62 57 54 54 56 60 64 66 65 64 62 62 63 64 66 68 70
    71 72 72 71 69 65 62 61 61 59 55 54 54 56 58 60 63 65 70 73 74 73 71
    70 68 66 63 60 57 54 52 51 51 51 53 56 59 60 57 55 55 56 58 60 61 63
    66 69 71 72 72 72 70 68 66 65 65 66 66 65 62 60 61 65 70 72 72 71 70
    70 69 67 63 60 57 55 54 55 58 61 65 67 65 60 56 54 54 25 74 39 89 42
    95 116 92 22 74 71 65 70 40 52 90 32 44 64 38 0 118 106 7 8 95 99 91
    2 98 71 47 41 85 26 119 105 60 10 94 72 115 30 97 18 89 74 13 42 82
    71 76 122 69 122 41 26 4 85 76 17 113 61 7 51 66 67 66 62 59 59 60
    62 62 63 63 62 60 60 64 69 72 72 68 64 60 59 58 58 57 57 58 58 59 61
    64 68 71 73 73 73 72 72 68 65 59 53 49 51 55 61 67 74 79 83 84 83 82
    79 74 69 64 61 60 62 64 67 69 70 70 69 66 63 59 58 61 66 69 69 65 62
    61 63 65 66 63 60 60 63 67 69 66 61 57 54 55 57 60 63 64 64 64 65 67
    68 68 67 66 68 70 72 73 72 70 65 61 60 59 56 54 54 57 60 64 66 68 69
    73 75 75 72 70 68 65 62 59 57 55 53 52 51 50 50 51 53 56 56 54 54 55
    57 59 62 65 68 72 75 77 78 77 75 71 67 65 65 67 69 69 67 63 60 60 63
    67 70 70 68 68 70 71 69 64 59 54 51 49 50 54 58 62 63 61 56 51 49 50
    121 117 17 59 91 46 127 76 1 15 72 70 114 32 61 52 28 97 64 95 121
    106 75 123 44 7 64 72 81 6 87 21 0 34 9 31 24 7 47 54 82 54 22 33
    114 32 102 5 11 103 127 19 99 41 65 17 22 38 82 9 42 105 70 6 9 64
    67 65 60 58 58 60 62 62 62 63 63 63 64 68 72 75 74 70 66 63 61 59 57
    55 54 56 58 60 63 66 71 74 76 76 74 73 72 67 64 58 52 49 51 56 62 68
    74 79 83 83 82 80 77 73 67 64 62 64 65 68 70 73 73 73 72 70 66 62 60
    62 67 69 68 64 59 58 60 64 66 64 60 59 63 68 69 66 60 55 53 55 57 59
    61 61 61 61 64 67 69 69 67 65 66 69 70 71 71 69 64 59 57 56 54 54 56
    59 64 68 70 70 71 72 73 71 69 67 66 64 61 58 56 54 52 51 51 50 49 50
    51 53 52 52 53 56 59 61 65 68 72 75 78 80 81 80 76 70 65 63 64 68 71
    72 69 63 59 59 61 64 65 64 63 64 68 70 69 63 57 52 48 47 48 52 57 60
    60 58 54 50 47 48 0 84 103 22 64 51 28 58 78 56 51 123 31 68 113 67
    56 101 94 100 69 10 58 45 29 126 8 119 92 16 29 109 12 29 94 108 1
    69 126 35 22 105 69 97 36 103 83 37 66 25 39 41 73 90 87 2 93 82 55
    40 36 21 2 40 49 63 65 63 58 55 56 59 62 63 64 66 67 68 70 74 78 79
    76 71 67 65 64 62 59 56 54 55 58 60 63 66 71 75 78 78 75 72 70 65 63
    58 53 50 52 56 62 68 72 76 79 79 79 77 75 72 67 65 65 67 68 70 72 74
    74 73 71 69 65 61 59 60 64 66 65 61 57 56 58 61 64 62 59 57 61 66 67
    64 58 54 53 55 58 60 60 60 59 58 60 64 67 68 67 66 66 67 68 69 69 66
    62 57 54 54 54 55 58 62 65 68 69 69 68 68 68 66 64 64 65 64 62 60 59
    57 55 53 52 51 50 50 51 52 51 52 54 57 60 63 66 70 73 74 76 79 80 79
    74 68 62 60 63 68 71 72 69 63 59 58 60 61 61 59 58 60 65 67 66 62 56
    51 49 48 48 52 56 59 59 57 55 52 50 49 38 32 53 44 81 30 3 41 47 61
    70 26 40 89 63 37 31 82 20 95 66 110 122 25 29 101 42 98 112 74 107
    105 57 30 109 108 7 117 83 121 95 11 56 78 48 69 111 37 32 18 118 34
    64 33 81 77 18 119 104 6 102 91 63 127 38 64 64 61 56 52 52 56 61 66
    68 70 71 73 76 80 83 82 77 71 68 67 67 66 63 59 57 57 58 60 61 63 68
    73 77 78 74 70 68 63 62 59 55 52 53 57 62 67 71 73 75 75 75 74 74 72
    68 66 66 68 69 70 71 72 71 70 67 64 61 58 56 57 59 61 61 60 58 56 57
    59 61 60 56 54 57 62 65 63 58 54 54 58 61 63 63 62 59 56 56 59 63 66
    67 67 66 67 67 67 67 64 59 54 52 53 55 57 60 62 64 65 66 66 67 67 65
    63 62 63 64 65 64 63 63 61 59 57 55 54 53 53 54 54 54 54 55 57 60 62
    64 67 69 71 73 76 77 75 70 63 59 58 62 67 71 71 68 64 61 60 59 59 57
    55 54 57 61 64 63 59 55 51 49 48 48 51 54 57 58 58 57 57 55 52 48 94
    64 65 35 62 57 127 86 39 76 58 1 109 93 102 71 44 103 114 24 61 58
    60 23 110 68 73 92 52 111 105 110 14 77 26 77 108 103 91 81 74 92
    110 27 99 55 60 35 43 35 60 77 78 65 87 106 29 52 66 4 34 29 54 109
    65 64 61 56 51 51 56 62 69 73 75 75 76 79 83 85 82 76 70 67 68 70 69
    66 62 60 59 60 60 59 60 63 68 72 73 70 64 62 64 64 61 58 55 55 58 62
    67 71 73 74 73 72 73 73 73 70 67 67 67 68 69 69 69 68 65 61 58 57 55
    55 55 55 57 59 60 60 59 58 59 60 59 55 53 55 60 63 63 60 57 57 61 65
    68 68 65 60 56 54 55 59 63 66 68 67 67 67 67 66 62 58 53 53 55 58 60
    62 63 62 62 63 65 67 68 67 65 63 64 66 66 66 66 66 65 63 60 59 57 56
    57 58 59 58 59 59 59 59 59 60 62 64 66 69 72 73 70 65 60 57 58 62 67
    70 70 68 66 64 61 58 55 52 52 53 56 60 62 61 58 54 51 49 48 48 49 52
    55 57 58 60 60 59 56 22 33 19 79 61 105 22 8 13 112 118 28 108 112
    82 111 63 67 50 115 12 61 63 67 90 94 107 74 61 30 91 55 46 86 111
    110 63 61 41 90 18 122 26 79 44 125 26 38 29 90 75 17 36 90 18 95 29
    89 48 116 119 84 78 81 37 65 64 61 57 53 53 58 65 73 77 77 77 76 79
    82 83 79 72 66 65 67 70 71 69 65 62 61 61 62 61 60 61 64 67 67 63 57
    55 68 67 64 60 56 55 57 62 69 74 77 76 74 73 73 74 73 71 68 67 68 69
    69 70 69 66 62 57 53 53 53 55 55 55 56 59 62 64 63 61 61 60 58 55 53
    55 60 64 65 62 60 60 63 68 71 71 67 61 56 52 51 53 58 63 67 67 68 68
    68 66 62 56 53 54 57 60 62 63 62 60 59 60 63 68 70 70 68 68 68 69 70
    70 69 69 67 64 61 59 59 59 60 63 64 64 64 64 62 60 59 58 59 61 63 66
    69 70 67 62 59 57 59 62 67 69 69 68 67 66 62 56 51 49 50 54 58 61 62
    60 57 54 52 50 48 48 48 50 53 56 59 61 62 61 57 0 7 33 113 57 106 69
    22 52 84 56 87 116 118 68 91 58 88 59 102 99 29 82 49 53 13 51 104
    37 102 38 56 30 69 124 56 109 21 15 58 75 10 30 92 1 18 14 77 42 1
    77 9 45 77 32 101 116 2 83 12 99 127 30 13 114 65 63 59 56 54 56 62
    69 75 77 76 74 74 76 79 79 74 67 63 63 66 70 71 70 66 63 62 63 64 64
    63 61 62 63 61 56 51 49 71 70 67 62 57 54 56 62 70 78 81 81 77 74 73
    74 73 70 67 67 68 70 72 72 70 66 61 55 51 51 53 56 58 58 58 60 64 66
    67 65 63 62 59 56 55 58 63 66 66 64 62 62 65 69 73 72 68 62 56 52 49
    50 53 59 63 66 68 70 71 68 62 56 52 53 57 59 61 61 58 56 55 58 62 67
    71 72 72 72 72 73 73 73 73 72 68 64 60 57 57 59 62 66 67 69 69 69 67
    64 61 59 59 60 62 65 68 68 66 63 60 59 59 62 66 68 69 69 69 67 62 55
    50 49 51 56 60 63 63 61 59 56 54 53 51 50 49 50 53 58 60 62 62 61 57
    118 31 9 110 55 75 39 65 109 74 92 114 127 70 21 117 54 109 16 107
    16 115 10 120 4 73 74 111 35 62 7 100 33 32 6 121 41 30 100 86 19 37
    92 126 38 96 52 9 120 50 65 62 104 102 60 47 103 24 9 101 21 84 63
    15 119 64 61 58 56 57 61 67 72 75 75 72 70 70 72 75 74 69 63 61 62
    65 69 72 70 67 64 62 63 65 67 66 64 62 61 58 52 47 45 72 71 68 63 58
    55 56 61 70 78 83 83 80 76 74 73 72 69 66 66 68 71 74 74 72 68 62 56
    52 51 54 58 62 62 62 62 65 67 68 67 64 62 60 58 59 62 65 66 64 62 61
    62 66 70 73 72 69 64 59 55 51 49 51 56 61 66 70 73 74 71 64 57 52 53
    56 59 59 57 54 52 53 56 62 68 71 73 74 74 74 73 73 74 74 73 69 63 58
    56 56 58 62 67 69 70 72 73 72 68 65 61 60 61 64 66 68 69 69 67 65 62
    61 61 64 68 70 71 72 69 64 57 53 52 54 58 63 64 64 62 60 58 57 57 56
    54 52 52 56 60 63 64 63 60 56 25 118 77 43 21 35 125 118 60 96 30 91
    27 57 99 48 53 127 67 114 58 104 29 51 113 92 45 86 60 65 1 78 102
    13 82 95 125 77 66 15 64 16 66 116 110 23 59 70 116 93 41 93 113 36
    104 75 92 103 124 34 52 99 110 26 58 64 60 56 56 58 63 69 72 73 71
    67 65 67 69 71 70 65 60 58 60 64 68 70 69 67 65 63 64 66 68 67 65 63
    61 57 51 46 44 71 70 67 64 60 57 58 61 68 75 80 81 79 76 72 70 69 67
    65 66 68 71 74 74 72 69 64 58 54 53 56 60 64 65 64 63 64 66 67 66 64
    63 62 61 62 65 66 65 62 59 59 62 66 70 72 72 70 67 63 58 53 51 52 56
    61 66 72 76 77 74 67 59 54 53 56 58 59 56 52 50 52 58 64 68 71 72 73
    73 73 72 71 71 72 71 67 62 58 56 56 59 63 67 69 70 72 74 73 70 66 62
    61 62 65 67 69 71 72 72 69 66 62 60 63 67 71 73 73 71 66 61 58 57 58
    61 64 65 64 61 59 59 60 61 61 59 56 55 59 64 67 67 64 60 55 60 18 42
    74 112 46 84 95 76 21 7 25 10 97 45 35 18 51 8 22 1 87 109 71 15 97
    43 55 14 97 84 75 60 17 102 59 125 22 19 115 95 109 73 59 54 126 38
    73 54 82 110 41 121 81 33 54 8 33 116 17 20 98 101 90 60 64 59 55 55
    58 63 67 69 69 67 64 63 64 67 68 66 61 57 56 59 62 65 67 66 65 65 65
    65 66 68 68 66 63 60 56 52 49 47 71 69 67 65 63 62 62 63 67 71 75 78
    78 75 70 68 67 66 65 65 66 70 73 73 72 69 65 60 57 56 58 62 65 65 63
    62 63 64 65 64 63 63 63 63 63 65 65 63 60 57 57 60 65 67 69 70 70 69
    66 62 57 55 56 58 61 66 72 76 78 76 70 62 56 55 56 59 60 58 54 52 54
    60 65 69 70 70 70 71 71 71 70 69 68 67 65 62 59 57 57 60 63 66 67 68
    69 69 69 67 65 62 60 63 66 69 70 72 75 76 73 68 62 58 59 64 69 72 72
    70 68 66 64 62 61 63 65 65 63 59 58 59 61 63 64 63 60 59 62 67 71 71
    68 62 57 1 13 90 22 39 18 102 45 68 93 99 21 35 97 85 117 72 47 98
    49 40 70 108 86 31 19 73 23 111 38 43 65 11 27 110 79 3 118 122 94
    82 58 43 76 55 4 10 92 114 75 103 19 28 6 4 19 77 20 108 86 24 0 73
    40 112 64 59 55 55 57 61 64 66 67 65 63 62 63 65 65 63 59 56 56 59
    62 64 65 65 64 64 64 63 63 65 65 64 62 59 56 54 52 51 72 71 68 67 67
    67 67 66 67 69 72 76 77 75 72 70 69 68 66 64 64 67 70 71 71 69 66 62
    59 58 59 62 63 62 60 60 62 63 64 64 63 63 63 62 62 63 63 61 59 57 57
    58 61 63 64 67 68 69 67 65 62 60 60 61 61 64 69 73 75 74 70 65 60 57
    58 60 61 60 57 55 56 60 64 66 67 66 66 67 69 71 69 67 64 63 62 61 59
    59 59 62 64 66 65 64 63 62 62 62 62 61 61 63 66 68 70 73 76 77 75 69
    62 56 55 60 65 68 69 69 69 69 67 65 63 63 65 63 60 57 57 58 61 64 65
    65 63 63 65 70 74 75 72 67 61 13 96 53 117 89 98 42 7 83 24 65 64 9
    2 6 108 107 58 93 29 109 113 34 64 41 93 33 109 69 61 33 68 54 61 31
    39 29 89 113 98 110 74 36 127 77 114 87 61 59 97 91 106 78 53 81 1
    49 59 76 47 63 24 1 122 88 61 57 55 55 57 60 63 65 66 64 62 62 63 65
    65 62 59 57 59 62 64 66 66 65 63 61 60 58 57 58 60 60 59 57 55 54 54
    53 74 72 70 69 70 70 69 67 66 67 71 75 78 77 75 74 73 71 67 63 62 64
    67 68 68 66 64 62 61 60 60 60 60 59 57 57 60 63 64 64 63 62 60 59 59
    60 61 61 60 58 58 58 58 59 60 63 66 68 68 67 65 63 63 63 62 62 65 69
    72 73 71 68 65 62 61 61 62 61 59 56 56 59 61 62 61 61 61 62 66 69 69
    65 62 60 60 60 60 60 61 64 65 65 63 60 57 54 55 57 60 61 62 64 65 66
    67 70 74 76 75 69 62 55 54 57 63 66 67 68 70 71 70 66 63 63 63 61 59
    57 57 59 61 63 66 67 67 67 69 72 76 77 74 69 64 124 92 48 96 85 69
    27 59 93 12 46 28 102 49 109 119 3 23 122 23 13 27 87 40 32 75 80 26
    127 51 96 87 46 30 17 108 96 34 49 74 48 111 29 74 42 127 104 29 101
    20 46 40 8 122 11 98 37 23 69 10 61 110 34 36 73 58 56 55 56 58 61
    64 65 65 63 61 61 64 66 66 63 60 59 61 64 66 68 68 66 63 59 56 53 51
    51 54 55 55 55 55 55 54 54 72 71 69 69 70 70 69 66 64 65 70 75 79 80
    79 77 76 72 67 63 62 64 65 65 64 62 61 61 60 60 59 58 57 56 56 57 59
    62 65 65 63 60 57 54 55 57 59 61 61 60 59 58 58 58 59 62 66 68 69 67
    65 63 63 63 62 61 63 67 71 73 73 72 70 67 64 61 61 60 58 56 55 55 56
    56 56 56 56 57 61 65 66 64 60 58 59 60 60 61 63 65 65 64 62 58 54 51
    52 56 60 63 65 65 64 63 63 66 70 73 73 69 62 56 55 58 62 64 66 68 71
    73 72 69 65 63 62 60 59 58 59 61 62 64 66 68 70 71 71 73 75 74 72 67
    62 24 10 50 93 15 73 8 92 91 48 41 91 30 23 73 50 8 124 74 36 66 46
    32 102 107 25 71 54 12 8 79 55 56 120 31 86 112 29 89 101 7 116 22
    43 14 38 64 26 91 35 15 110 19 8 57 24 81 74 17 112 23 80 40 60 83
    57 56 56 58 60 62 65 65 64 61 60 61 65 68 69 65 61 60 62 65 66 68 68
    67 63 58 53 50 48 48 50 51 51 52 54 55 55 55 64 64 64 66 69 70 68 64
    61 63 68 74 78 79 78 76 74 70 66 63 63 65 65 64 61 59 58 58 59 58 57
    55 55 55 56 57 59 62 64 64 62 57 52 49 50 53 56 59 60 60 60 60 60 59
    59 62 66 68 68 67 64 61 61 62 62 62 63 67 71 73 74 73 71 68 64 61 59
    58 56 54 52 52 52 54 54 55 54 55 57 62 64 63 60 59 61 62 62 63 64 66
    65 64 63 60 57 53 54 57 61 64 66 65 63 60 60 62 66 70 71 67 62 58 57
    59 62 63 63 66 70 74 74 71 67 63 62 61 61 61 63 65 66 67 67 69 70 71
    71 71 71 69 66 61 57 68 73 26 10 5 106 11 114 44 11 48 45 45 18 107
    71 17 120 27 38 17 72 115 23 32 29 34 89 51 31 55 37 108 92 80 45
    104 125 11 96 29 1 28 45 113 120 104 84 13 10 3 22 9 7 14 113 16 119
    116 13 70 30 0 29 68 57 57 58 60 62 63 64 63 61 60 59 61 66 70 71 67
    63 62 62 63 64 65 66 66 62 56 51 48 47 49 50 50 50 51 53 55 55 55 56
    56 59 64 69 71 69 65 61 62 67 73 76 76 74 71 69 67 65 63 64 66 66 63
    60 58 58 58 58 57 54 53 53 55 58 60 62 64 65 64 61 56 50 46 46 48 52
    55 58 59 60 61 61 61 60 62 65 67 67 66 63 61 60 62 63 64 65 68 71 73
    73 72 70 67 63 59 57 56 54 52 51 51 52 54 56 57 57 57 58 62 64 64 62
    62 63 64 65 66 66 67 65 65 65 65 63 59 58 60 62 63 64 63 61 59 60 63
    66 69 70 66 61 59 59 61 61 61 60 63 68 72 74 71 67 64 63 63 64 65 67
    69 70 69 69 69 69 69 68 67 65 63 60 56 51 22 27 92 69 116 56 108 62
    24 69 121 83 26 102 102 87 59 94 116 37 108 122 111 73 84 100 106 45
    90 66 123 112 22 54 96 16 24 98 96 59 43 50 79 89 2 38 40 87 56 23
    93 20 77 46 23 55 70 79 6 96 58 68 68 9 100 59 58 59 61 63 64 63 61
    60 59 60 63 66 70 70 67 64 62 61 61 60 60 62 63 61 56 50 47 48 51 52
    52 50 51 52 54 53 53 49 50 54 61 69 73 73 68 63 62 66 70 71 70 68 65
    64 64 65 65 66 67 67 63 60 59 60 60 59 56 52 50 52 57 61 64 66 66 66
    65 63 58 52 47 45 46 48 52 56 58 60 62 63 62 60 61 63 65 66 66 64 63
    61 62 63 65 66 68 70 71 71 70 68 65 61 57 55 53 52 52 53 54 55 57 59
    60 61 61 63 65 66 66 64 64 66 67 68 70 70 69 67 67 69 70 69 66 64 63
    62 62 61 60 59 59 62 65 69 71 69 65 61 59 61 62 61 59 58 59 64 69 71
    70 67 65 65 66 67 68 70 70 70 70 70 70 69 67 64 62 60 58 56 53 49 7
    14 15 85 12 32 105 123 98 90 11 75 125 88 97 28 119 49 42 106 5 30
    98 34 19 123 117 61 24 11 1 73 13 15 118 42 24 6 63 54 77 3 104 24
    13 18 4 75 112 41 2 84 7 32 15 71 19 91 96 108 23 40 72 102 96 61 60
    60 62 65 65 63 60 60 61 62 64 66 68 68 66 64 63 61 58 56 55 58 61 61
    57 52 49 50 53 55 54 53 52 52 53 52 52 48 49 53 60 69 74 75 70 65 63
    65 67 68 66 63 62 63 65 67 68 68 69 67 64 63 63 65 64 61 56 50 48 52
    59 64 67 68 67 67 67 68 64 58 52 49 49 51 54 58 60 61 63 64 64 62 61
    63 65 67 67 67 65 63 62 63 65 66 67 69 69 70 68 66 64 60 56 52 52 53
    55 58 60 61 62 63 62 63 65 68 70 70 68 66 66 68 70 72 73 72 70 67 67
    69 71 71 70 68 66 62 60 58 57 57 59 63 67 70 70 67 63 60 60 62 63 62
    60 58 59 63 67 69 67 66 66 67 69 70 70 69 67 66 67 70 71 70 67 62 58
    56 55 54 53 50 15 41 32 50 31 37 35 80 71 6 45 101 126 24 21 79 90
    13 65 10 90 37 38 86 36 40 89 86 106 71 25 19 18 95 62 106 32 18 76
    90 109 80 19 115 38 125 112 7 121 106 110 45 84 101 45 62 72 41 102
    72 84 7 78 77 58 62 60 60 63 67 68 65 63 62 63 63 64 64 64 65 65 65
    65 62 58 54 53 55 58 60 58 55 52 52 56 58 58 56 55 54 54 53 53 51 51
    54 61 69 75 75 71 65 62 63 65 65 63 61 61 64 68 70 71 71 70 68 66 66
    68 70 68 63 56 50 48 53 60 66 68 68 67 67 70 72 70 65 59 56 55 57 60
    62 63 63 64 66 66 65 64 65 68 69 68 68 67 65 63 64 65 66 67 67 68 68
    67 66 63 59 55 52 53 56 60 64 65 66 66 65 63 65 68 72 73 72 68 66 67
    70 72 74 74 72 68 65 64 66 67 69 70 69 66 62 58 56 55 56 58 63 67 69
    68 65 61 59 61 63 64 63 61 60 61 64 67 68 66 65 67 70 72 72 70 66 62
    61 64 70 74 74 69 63 58 55 53 52 52 51 98 107 41 15 69 105 44 81 109
    95 119 116 46 125 27 25 45 40 62 107 1 86 20 114 108 40 121 124 40
    80 66 88 50 124 71 55 55 122 7 68 31 32 100 116 17 118 33 71 15 125
    4 52 105 86 48 88 123 53 27 8 88 109 4 126 25 62 60 61 65 70 71 69
    67 65 64 62 61 60 61 62 64 67 68 65 60 54 51 52 54 57 58 57 56 56 59
    62 62 60 59 59 58 56 56 52 52 55 62 69 74 74 70 65 61 61 61 61 60 60
    61 65 69 71 72 72 71 70 69 70 72 73 70 64 57 51 49 54 60 64 64 63 63
    65 70 74 73 68 63 61 61 63 65 66 66 64 64 66 67 68 67 68 69 69 68 67
    66 64 63 63 65 66 66 65 65 66 66 66 64 60 56 54 56 60 64 67 68 67 66
    64 62 64 68 73 73 70 66 65 67 71 74 74 73 70 66 62 61 61 62 64 65 66
    64 60 57 56 56 57 58 62 66 68 68 65 62 61 62 63 64 63 61 61 62 64 67
    67 65 65 67 71 74 74 71 65 61 59 63 71 78 79 75 69 63 57 54 52 52 52
    45 16 66 120 99 32 5 88 114 79 57 114 68 111 100 35 9 110 115 110 67
    39 57 16 122 30 57 15 114 93 71 32 12 83 62 94 60 34 74 125 78 22 23
    20 106 101 110 19 1 103 21 44 125 97 24 54 75 104 38 75 76 23 63 85
    61 60 60 62 67 72 73 72 70 67 64 61 58 57 58 60 63 67 70 68 63 57 52
    50 50 53 57 59 60 61 62 64 65 65 64 64 62 60 59 51 51 55 62 68 72 72
    68 64 60 58 57 56 56 57 60 63 67 70 71 71 72 72 73 74 74 73 69 64 58
    54 53 56 60 61 59 57 58 62 69 73 72 67 63 63 64 66 67 67 66 64 63 65
    68 70 70 70 70 68 66 64 64 62 62 62 63 63 62 61 61 63 65 65 65 62 59
    57 58 62 65 67 67 66 64 61 59 61 65 69 70 67 64 64 67 71 73 73 71 67
    64 60 59 59 58 59 60 61 62 61 61 61 61 60 59 61 65 67 69 68 66 63 63
    62 62 60 59 59 60 62 64 65 64 64 65 69 72 73 71 66 62 60 63 71 80 83
    80 75 69 63 57 53 53 54 21 7 109 119 88 111 90 99 7 105 96 71 39 82
    20 70 114 46 46 126 89 70 20 13 90 124 15 120 51 11 6 9 110 52 43 1
    114 77 123 23 33 98 39 107 94 14 50 64 20 111 95 44 124 40 50 101 54
    122 90 58 83 4 13 92 76 58 59 62 67 72 74 74 73 69 65 61 58 58 58 60
    63 67 70 69 65 59 53 50 48 51 56 61 63 64 64 65 66 67 68 67 64 61 60
    48 49 54 62 68 71 69 67 63 59 55 52 51 51 54 57 61 64 67 68 69 71 73
    75 75 74 70 65 62 59 59 59 61 61 58 54 52 54 59 66 70 70 66 62 62 63
    65 66 66 65 63 62 63 67 70 71 70 69 67 65 63 62 61 60 59 59 59 57 56
    56 59 62 65 66 65 63 62 63 65 66 66 66 64 61 58 57 58 61 65 66 64 63
    63 66 69 71 70 68 66 63 60 59 58 57 57 57 59 62 64 67 68 67 63 60 60
    63 67 70 71 69 65 62 60 59 58 57 57 58 59 61 62 62 61 63 66 70 71 70
    67 63 61 62 69 78 82 82 79 74 67 61 56 56 57 38 50 48 69 53 101 21
    88 20 97 24 58 48 70 43 30 51 111 41 8 75 122 30 90 126 118 17 104
    93 46 103 97 0 39 104 77 79 57 72 100 110 95 51 28 48 49 104 10 14
    97 109 9 89 56 92 88 52 23 21 111 85 13 21 6 120 57 58 63 68 72 74
    75 74 71 67 64 62 61 60 62 64 67 70 69 65 59 54 50 48 51 56 62 65 65
    64 64 65 67 69 68 64 60 59 46 48 54 62 69 71 69 67 64 60 55 50 48 48
    51 55 59 62 64 66 67 70 73 76 76 73 67 62 60 61 63 65 66 63 58 53 51
    52 56 62 66 66 63 61 60 60 61 62 63 63 63 62 63 65 68 69 69 68 66 64
    62 62 61 60 58 56 55 54 54 54 58 61 64 67 69 69 69 69 69 68 67 65 63
    60 58 57 58 61 64 65 65 64 64 65 66 68 67 66 65 64 62 61 61 61 60 60
    62 65 68 71 73 71 66 61 59 61 66 71 73 71 66 62 59 58 58 58 58 58 59
    60 60 60 61 63 66 68 68 67 65 62 60 60 66 73 77 79 78 75 70 64 60 60
    62 114 84 113 61 16 102 115 22 101 73 0 17 61 20 38 119 120 43 113
    50 98 122 77 39 4 35 53 12 30 103 8 70 97 33 109 125 9 107 112 13 22
    38 113 36 108 113 110 55 43 81 24 18 96 40 90 19 90 66 0 69 123 44
    67 2 83 58 59 63 68 71 73 74 74 73 71 69 67 65 63 64 65 67 69 69 65
    58 53 49 47 50 55 61 64 64 62 61 62 65 68 67 62 58 56 46 48 55 63 70
    73 71 69 66 63 58 53 49 48 50 53 56 58 60 62 64 68 72 76 76 72 66 61
    59 62 66 68 68 65 59 55 53 53 55 58 62 64 62 60 57 56 57 57 59 61 62
    61 61 62 63 64 65 65 64 62 61 62 62 61 59 56 55 55 55 57 60 63 67 71
    74 76 75 73 71 69 67 65 63 61 58 58 60 63 65 66 65 65 64 64 65 66 67
    67 67 67 67 67 67 67 66 67 68 69 71 73 74 72 67 61 58 60 66 72 74 72
    67 63 60 60 59 59 59 60 61 61 61 61 63 65 67 68 67 65 63 60 58 59 62
    68 72 73 74 73 70 66 64 64 66 84 111 107 6 14 104 112 67 8 123 31 26
    127 48 126 21 2 48 22 85 27 87 64 61 117 30 43 76 125 32 75 102 28
    107 68 26 70 76 78 92 54 38 92 13 123 25 99 15 120 68 38 56 87 23 62
    71 12 45 2 90 7 45 11 86 74 61 62 64 67 69 71 72 74 75 75 74 71 68
    65 64 64 65 67 68 64 58 52 47 46 48 54 59 62 62 60 59 60 63 66 65 61
    56 54 45 48 54 63 70 72 72 70 69 67 64 59 55 52 52 52 53 55 57 59 63
    67 72 76 76 72 66 61 59 62 66 68 67 64 61 59 58 56 56 57 60 62 62 60
    57 55 55 55 57 59 60 60 59 58 59 60 62 63 62 61 60 62 64 63 61 59 57
    58 59 61 64 67 71 75 79 80 78 75 71 69 66 64 62 60 58 58 62 66 68 68
    67 65 65 65 66 67 69 70 71 73 73 74 73 73 73 73 73 71 70 70 71 71 66
    59 56 59 65 70 71 70 67 64 62 61 60 59 59 61 64 64 63 63 64 68 70 69
    67 63 60 57 57 58 62 65 68 69 69 70 69 67 66 66 68 3 24 54 118 82 8
    45 76 52 90 124 41 114 58 100 18 2 82 35 71 77 110 7 29 43 106 101
    53 55 42 119 3 62 21 29 56 42 64 37 94 17 81 9 119 14 86 7 89 58 98
    114 56 55 61 98 112 108 32 104 113 94 38 43 113 106 66 64 65 66 67
    69 71 73 75 76 75 72 67 64 63 62 62 64 65 64 59 52 48 46 48 52 57 60
    60 59 57 58 60 64 64 61 57 55 43 45 51 59 65 69 70 71 71 70 68 64 59
    55 53 53 52 53 54 57 62 67 73 77 76 72 67 62 60 62 66 66 65 63 63 64
    64 62 60 59 60 62 62 60 58 56 56 56 57 58 59 58 57 57 58 59 61 62 62
    61 61 63 65 66 64 61 59 59 61 63 67 70 74 77 80 80 76 72 69 66 63 61
    60 58 57 59 63 68 70 69 68 67 66 67 69 70 71 72 75 78 79 79 78 76 75
    76 75 71 67 66 67 67 62 56 53 55 61 67 68 67 66 65 63 61 59 57 58 62
    65 66 65 64 65 68 70 70 67 62 58 55 56 58 62 65 66 66 66 67 68 68 67
    67 68 127 112 62 55 71 16 26 13 3 116 122 23 16 79 24 121 95 100 90
    41 34 54 93 20 111 63 48 111 61 113 76 89 103 104 24 111 21 24 118
    54 110 55 88 51 24 101 95 4 59 24 41 16 8 67 110 72 39 61 47 98 31
    106 120 103 97 68 66 64 64 66 68 70 71 73 73 72 68 63 61 60 60 59 60
    62 63 60 55 51 49 49 52 55 58 59 59 58 58 60 64 66 65 62 60 40 42 46
    53 59 64 69 72 73 72 69 65 59 55 54 54 54 53 54 57 62 68 74 77 75 71
    66 62 61 63 65 65 64 64 65 68 69 67 64 62 61 61 60 59 57 57 57 57 57
    56 56 56 56 57 58 59 61 62 63 64 64 66 68 68 67 63 61 60 61 64 67 70
    73 76 77 75 71 67 64 61 58 57 56 56 56 59 64 69 71 70 70 69 70 70 71
    72 73 74 77 81 83 82 79 76 75 75 74 70 65 62 62 61 56 51 49 52 58 63
    65 65 66 66 65 62 58 55 57 61 66 68 66 64 64 66 68 68 66 61 56 54 54
    57 61 64 65 65 65 65 66 67 67 67 69 123 90 31 32 62 20 49 4 9 57 90
    37 123 24 120 32 109 125 70 54 55 112 72 76 77 125 96 29 63 91 38
    101 75 127 25 47 1 42 68 21 16 58 37 127 36 15 25 110 82 42 121 24
    88 60 93 98 90 6 47 56 39 96 6 82 24 70 67 64 63 65 67 68 68 68 68
    67 63 59 58 59 59 58 57 59 61 61 58 55 54 53 54 55 57 59 59 59 59 61
    66 68 68 67 66 40 41 44 49 54 60 67 73 75 73 67 61 55 53 53 55 56 57
    58 61 64 70 75 78 75 70 65 62 62 63 65 65 64 65 68 70 71 70 67 64 62
    59 58 56 56 57 59 59 57 55 54 54 56 59 61 62 63 64 65 67 67 68 69 69
    68 65 62 60 60 63 66 69 71 72 72 69 65 62 59 57 55 54 54 55 56 59 63
    67 70 71 71 72 73 73 73 73 73 75 78 81 83 81 77 74 73 74 73 69 64 60
    58 55 50 46 46 50 57 62 64 65 67 68 67 63 58 55 56 61 66 67 65 62 60
    61 63 65 64 61 56 54 54 57 60 63 65 65 65 65 65 66 66 67 68 101 59
    45 48 61 69 107 58 81 6 50 25 110 24 45 105 75 4 9 10 53 52 18 127 6
    97 40 60 120 102 112 80 4 109 25 31 80 24 36 14 6 61 89 60 32 44 75
    113 76 126 23 58 57 88 0 29 81 34 2 33 69 123 10 81 97 71 68 65 64
    65 66 66 66 66 65 64 61 58 58 61 62 60 58 59 60 61 61 60 59 58 57 57
    57 59 60 60 61 64 67 70 70 70 70 45 46 47 50 54 59 66 72 74 71 64 57
    51 50 52 54 57 60 62 64 66 70 75 77 74 69 65 63 63 65 67 67 66 67 69
    71 72 72 70 66 61 57 55 55 56 59 61 60 57 53 52 53 57 61 63 64 64 66
    68 69 70 69 68 68 67 66 63 61 60 62 64 66 68 68 67 64 61 59 57 55 54
    54 54 54 56 59 63 65 68 70 72 73 75 76 75 74 74 76 78 80 80 78 74 71
    71 72 72 70 66 60 56 51 47 44 46 51 57 62 64 66 68 70 69 65 60 57 58
    62 65 65 62 59 56 57 59 62 64 62 59 56 56 57 59 63 65 67 67 66 64 64
    64 65 67 81 108 107 23 38 90 54 59 32 107 89 7 90 96 54 116 36 3 46
    48 54 123 16 67 29 51 82 5 85 21 66 109 81 75 22 21 15 45 46 121 46
    97 99 123 80 83 125 84 40 91 65 93 0 45 48 109 42 78 100 114 81 0 98
    78 36 73 70 67 66 67 67 67 66 66 67 66 64 62 62 64 65 64 61 59 60 61
    63 63 64 63 61 60 60 60 61 62 63 65 69 70 71 71 71 54 53 53 55 58 62
    67 72 73 70 63 55 49 48 50 52 56 60 64 65 67 70 74 75 73 69 65 64 65
    66 68 68 67 68 68 69 70 71 70 66 60 55 53 54 57 61 63 61 57 53 52 55
    59 63 65 65 65 67 69 71 71 70 68 67 67 66 64 62 61 61 63 64 65 65 64
    62 60 59 57 55 54 54 53 54 56 60 63 65 67 69 71 73 77 78 77 75 74 75
    77 77 76 74 72 70 70 70 71 71 68 62 56 51 48 48 50 55 60 64 66 67 69
    71 71 68 64 62 62 64 64 63 60 58 56 57 59 62 64 64 62 60 58 58 60 63
    67 69 69 68 65 63 63 63 63 91 82 44 71 123 103 20 47 58 124 58 77
    100 103 23 95 38 43 5 97 104 111 69 103 121 53 122 29 81 56 17 78
    110 59 46 119 102 96 70 85 43 53 10 91 51 77 88 13 60 43 35 112 55
    92 72 76 22 107 25 42 36 96 33 59 81 71 69 68 69 70 70 69 68 69 69
    69 67 65 66 67 68 66 63 60 60 61 63 64 66 66 66 64 63 62 61 61 62 65
    67 69 69 70 70 61 61 60 61 63 65 69 71 71 68 62 54 49 46 47 48 51 56
    61 63 65 68 71 72 71 68 66 65 65 66 68 68 68 67 66 65 66 68 68 64 58
    54 52 54 58 62 64 62 58 55 55 57 61 64 65 65 65 67 69 71 72 70 69 67
    67 66 65 63 62 61 62 63 63 64 63 63 62 61 58 56 55 54 53 53 57 62 65
    66 66 67 68 71 75 78 78 76 74 74 74 74 72 70 69 68 67 68 69 70 68 63
    58 54 53 54 57 61 64 67 69 70 71 72 72 70 68 67 66 65 64 62 60 59 59
    60 62 64 65 65 64 63 60 59 61 65 70 72 73 71 67 64 62 61 60 24 3 97
    72 52 108 118 77 12 111 69 53 104 24 16 123 119 78 113 121 93 37 105
    79 35 67 103 39 87 83 75 88 69 81 70 10 87 2 103 115 8 98 82 115 105
    27 84 127 67 43 60 11 79 59 6 67 88 15 5 105 44 100 118 123 34 66 65
    66 69 71 70 69 68 69 70 69 66 65 65 67 68 66 63 61 60 61 62 64 65 68
    70 69 66 64 62 60 61 62 65 67 67 67 67 66 65 65 66 67 68 69 70 70 66
    60 54 48 45 44 45 48 52 56 59 61 64 67 69 69 67 66 65 65 65 66 68 68
    67 64 62 62 65 65 63 58 55 55 57 60 62 62 60 58 57 58 60 62 64 65 65
    65 66 68 71 72 71 69 68 67 65 64 63 61 61 62 62 62 63 63 64 64 63 60
    57 56 54 53 53 58 63 66 67 65 64 64 67 72 76 77 76 74 73 73 72 70 68
    66 65 64 64 65 67 67 64 60 58 59 61 64 67 69 70 70 70 70 71 72 71 69
    67 66 65 63 61 60 60 62 63 64 64 64 65 65 63 61 60 63 68 74 76 77 74
    69 65 62 60 58 33 22 13 117 95 54 1 60 35 11 39 79 64 82 61 18 55 2
    54 41 25 67 53 26 49 29 70 53 0 127 77 14 33 24 3 82 63 36 68 42 111
    22 104 99 19 126 92 116 8 62 34 68 108 63 61 88 30 127 103 113 37 18
    116 67 29 61 60 62 66 69 69 67 67 69 70 68 64 62 62 63 64 64 63 61
    60 60 61 62 64 69 73 74 71 67 63 61 60 61 63 65 65 64 64 66 66 67 68
    68 68 68 69 68 64 59 52 47 44 44 46 48 51 55 57 58 61 64 66 66 65 65
    64 62 62 64 67 69 67 63 60 61 63 65 64 61 60 61 64 65 63 60 58 58 59
    60 61 62 64 66 67 67 67 68 70 70 70 69 68 66 63 62 60 60 60 61 61 61
    62 63 65 66 65 62 59 57 55 52 53 58 63 66 66 64 62 62 64 68 71 73 72
    71 72 73 73 70 67 64 63 61 60 61 63 64 64 63 62 63 65 68 71 72 70 68
    67 67 68 70 69 66 63 63 62 62 62 61 61 63 64 63 62 60 61 62 61 60 60
    64 70 75 78 78 75 70 66 63 61 59 77 24 65 53 20 95 68 112 37 3 33 0
    33 23 45 34 35 96 74 60 56 34 40 107 116 42 43 28 53 18 66 87 88 50
    81 49 57 79 64 25 43 126 0 66 10 82 50 45 71 27 121 122 76 22 16 78
    69 8 57 10 25 25 59 34 49 58 56 58 62 65 66 65 65 67 69 67 63 60 58
    59 60 61 61 60 60 60 60 61 64 70 75 77 75 70 66 62 61 62 64 65 64 63
    62 64 64 66 68 68 67 67 68 67 63 57 51 47 45 47 50 52 55 56 57 57 59
    61 62 62 62 62 61 60 61 63 68 70 68 63 60 61 64 67 67 65 65 67 70 70
    67 61 58 58 60 60 60 60 63 66 68 68 68 68 68 68 68 68 68 66 63 60 59
    59 59 59 59 60 61 64 67 68 68 66 63 60 56 53 54 57 62 64 64 62 60 59
    61 63 65 66 66 67 70 73 74 71 66 63 62 61 60 59 60 62 63 65 65 66 67
    69 70 70 67 64 62 62 64 66 64 61 58 57 59 61 62 62 62 63 62 60 57 55
    56 58 59 59 59 63 68 73 75 75 73 69 66 64 62 60 126 17 81 76 88 18
    81 101 50 123 8 94 17 101 2 29 43 42 62 19 7 117 23 29 3 118 100 41
    32 52 57 92 28 23 105 108 46 77 47 87 30 39 123 119 107 6 94 79 32
    59 42 71 126 12 91 40 63 59 109 98 57 13 113 90 75 58 57 58 61 63 63
    62 63 65 67 67 65 62 58 56 57 58 60 60 60 59 60 61 65 71 76 77 75 71
    67 64 63 64 66 67 66 65 64 61 62 64 67 67 67 66 67 66 62 56 50 47 49
    52 57 60 61 60 59 58 58 59 59 58 58 59 60 61 62 65 70 73 71 66 64 66
    70 72 71 69 68 70 73 74 70 64 60 60 62 61 60 59 62 66 68 68 68 67 67
    66 66 67 69 68 64 61 60 60 60 59 58 59 61 65 68 70 71 70 68 64 60 57
    56 58 61 61 61 60 59 59 59 60 61 61 61 63 67 71 72 69 65 63 63 64 63
    62 60 61 64 66 66 66 66 67 66 65 61 58 57 58 60 61 60 56 54 53 55 59
    61 62 63 62 61 58 54 52 52 56 58 59 59 62 64 67 69 69 69 67 66 64 62
    60 107 40 46 95 10 11 102 51 91 66 40 105 95 94 47 49 98 18 47 106
    38 5 16 28 113 74 111 69 56 68 76 87 100 37 76 7 87 66 96 67 43 84
    29 84 0 123 74 96 77 61 47 89 16 70 97 2 122 23 35 29 77 7 73 96 77
    60 59 60 62 62 62 61 61 62 65 67 67 64 61 58 57 58 60 60 59 58 59 62
    67 73 76 76 72 69 67 65 64 65 68 69 69 67 66 59 60 62 65 65 65 65 66
    65 61 55 51 50 54 59 65 67 66 64 61 58 57 56 56 55 56 58 61 64 65 67
    72 75 75 71 70 73 77 78 75 71 69 71 74 75 70 65 62 62 63 62 59 59 61
    66 68 68 67 66 65 63 63 66 69 70 68 65 65 65 64 61 59 59 62 66 70 72
    73 74 73 70 66 62 60 59 59 58 58 58 59 60 61 61 60 60 59 60 64 67 68
    66 63 64 66 69 69 66 64 64 66 67 67 66 65 63 62 60 57 54 54 55 56 57
    56 54 52 51 53 56 59 61 63 63 63 60 56 53 53 57 61 62 61 61 60 61 62
    63 64 65 66 66 64 61 14 40 38 72 77 117 38 88 110 75 67 18 49 54 12
    4 62 117 83 61 126 104 126 106 95 84 88 68 16 120 54 7 10 94 69 38
    101 28 57 82 30 46 0 20 44 73 70 46 47 55 26 4 57 125 74 27 112 41
    115 104 19 94 62 15 80 61 61 62 63 63 62 61 61 62 63 66 67 66 62 59
    58 59 60 58 56 56 59 64 70 74 76 74 70 66 64 63 62 63 67 70 70 68 67
    59 59 60 61 62 63 64 66 65 61 57 54 55 60 67 72 72 69 65 61 58 56 55
    55 54 55 59 63 66 67 68 72 77 78 77 77 79 82 81 77 71 69 70 72 73 69
    64 62 63 64 62 59 58 61 65 68 68 67 65 63 61 61 65 69 72 72 71 71 71
    69 66 63 63 65 68 71 73 75 77 77 75 70 65 61 57 55 54 55 58 61 63 64
    64 63 61 60 60 62 64 65 64 64 66 69 72 72 70 68 67 68 69 67 65 63 61
    59 57 54 53 53 54 55 54 53 53 51 50 49 51 54 58 62 65 67 65 62 58 57
    61 64 66 64 61 58 58 59 61 63 65 67 69 68 65 29 70 32 121 20 72 41
    63 125 78 98 55 36 91 6 34 44 111 70 30 89 114 66 40 52 29 24 111 96
    73 105 51 66 120 84 52 118 114 102 111 36 100 17 92 106 69 76 122 99
    38 76 96 50 116 75 61 121 74 50 38 51 117 0 110 27 60 60 62 63 63 63
    63 63 62 63 64 65 65 62 59 59 60 59 57 55 55 60 65 71 74 74 72 68 64
    61 60 60 61 65 68 69 68 67 59 59 58 58 58 60 63 66 67 64 60 59 61 66
    72 75 73 68 63 60 58 57 57 57 57 59 62 67 69 68 67 70 75 78 79 79 81
    83 82 77 71 68 69 71 71 67 63 62 64 64 62 59 58 60 64 67 68 66 64 62
    59 60 64 70 75 76 76 75 75 73 71 68 68 69 70 71 73 76 79 80 77 72 66
    58 52 50 50 54 58 63 66 67 66 65 63 62 62 63 64 65 66 66 67 69 72 73
    73 71 70 71 71 68 65 61 59 57 56 54 53 54 56 55 54 52 52 51 48 46 46
    49 53 60 66 70 71 68 64 63 64 67 69 66 62 58 57 59 62 64 65 67 69 70
    68 63 113 85 94 83 81 93 114 38 7 123 85 127 103 40 57 88 2 118 127
    93 108 80 126 14 48 5 77 101 80 10 47 52 121 46 113 120 28 71 107 1
    48 19 18 63 55 77 33 74 23 32 49 25 47 69 22 66 99 98 67 6 16 18 88
    125 59 57 58 59 61 63 65 65 64 63 63 63 62 60 58 58 59 59 57 56 58
    63 68 71 71 71 69 66 63 61 60 61 62 64 67 69 70 69 60 59 57 55 54 57
    62 66 68 67 64 63 65 69 73 74 70 64 61 59 59 59 60 60 61 63 67 71 71
    67 64 65 70 75 77 78 79 81 80 76 71 68 69 71 69 66 63 63 65 66 64 61
    60 61 64 66 66 65 63 61 59 60 65 72 77 78 77 77 76 75 74 72 71 70 69
    70 72 74 78 79 76 71 63 55 48 46 48 54 59 64 66 67 66 65 63 63 64 65
    66 67 67 66 64 65 67 70 72 71 72 73 73 69 65 61 58 57 56 55 55 58 59
    58 55 53 52 50 48 44 42 44 48 54 62 69 73 73 70 68 68 70 70 67 62 59
    58 60 64 66 66 66 68 70 71 120 22 37 45 74 7 101 61 60 2 70 80 36 94
    24 61 92 125 46 41 31 90 96 28 34 58 51 114 40 27 43 64 93 69 23 93
    50 32 121 61 58 125 99 39 98 47 79 65 20 51 86 109 33 60 96 126 109
    93 77 2 53 83 61 104 84 57 54 53 53 56 61 64 66 65 63 62 61 60 59 57
    56 58 59 59 59 62 66 70 70 68 67 66 65 64 64 64 65 65 66 68 71 73 73
    62 60 56 53 52 54 59 66 69 69 67 65 66 68 70 70 66 62 60 59 60 61 63
    64 65 67 71 73 71 65 59 58 63 69 72 74 75 77 77 73 70 68 69 70 69 66
    64 64 66 67 65 62 61 61 63 65 65 63 62 60 60 62 66 73 77 78 77 76 75
    75 74 72 70 67 66 66 68 71 73 74 72 67 61 54 48 46 49 54 60 63 65 65
    65 63 61 62 63 66 68 70 69 65 60 59 61 66 69 70 72 74 74 70 65 60 57
    56 56 56 58 61 62 61 57 55 53 52 50 46 43 42 44 49 57 66 73 76 75 73
    72 71 69 66 61 58 58 61 64 66 65 64 66 69 71 71 89 108 10 95 41 71
    92 22 10 118 54 120 2 59 62 102 41 109 30 26 81 88 31 71 51 92 86 5
    99 73 12 120 0 34 107 35 101 70 12 68 38 51 57 2 40 34 49 47 90 96
    29 7 42 43 109 56 45 119 81 117 27 22 49 103 56 51 49 50 53 58 62 63
    63 62 60 60 60 58 56 56 57 58 59 61 64 69 71 70 67 65 65 65 66 67 68
    68 67 67 69 71 74 74 63 61 57 53 51 52 58 65 70 70 68 66 65 65 66 65
    63 61 61 61 62 63 65 66 68 71 73 73 68 60 53 52 56 63 67 69 70 71 71
    69 68 67 68 69 68 67 64 64 66 66 64 61 59 59 61 63 65 63 61 60 61 63
    67 72 75 75 73 72 73 73 72 70 67 64 62 62 64 67 68 67 66 63 60 55 51
    50 52 57 60 62 63 63 63 61 58 58 60 64 68 71 70 65 57 54 56 61 66 67
    69 72 73 70 65 59 56 54 55 57 60 64 65 63 60 57 56 55 54 50 46 44 44
    48 54 63 71 77 79 78 76 74 69 64 59 57 57 60 64 66 65 63 64 68 70 8
    78 116 52 83 19 6 32 22 85 78 18 120 87 14 93 126 110 74 7 103 80 52
    127 1 126 10 81 53 32 106 78 14 1 108 82 102 4 111 109 70 72 62 15
    90 96 12 127 93 42 50 107 1 94 10 19 107 105 69 94 38 65 70 55 95 55
    51 50 51 55 58 60 60 60 60 59 61 62 61 58 57 57 57 59 61 65 70 72 72
    69 67 66 67 67 68 67 66 65 65 67 70 72 72 63 62 59 56 54 54 59 65 69
    70 68 66 64 64 63 64 63 64 65 65 64 65 66 68 70 72 73 71 64 55 48 48
    54 61 65 66 65 66 66 66 65 65 67 68 68 67 64 63 63 64 62 59 56 56 59
    62 64 64 62 60 61 63 66 70 72 71 69 69 70 71 71 70 66 63 61 61 62 63
    63 61 60 60 60 58 57 56 58 61 63 64 63 63 62 60 56 54 56 61 68 72 72
    65 57 53 54 59 62 63 64 67 70 69 64 59 54 52 54 58 63 67 67 64 61 59
    58 57 57 54 51 48 48 50 55 61 69 76 80 80 79 76 70 63 57 55 56 59 64
    66 66 64 65 67 69 123 78 88 103 35 80 41 114 82 30 15 39 125 74 52
    107 103 49 47 77 39 41 23 105 124 55 26 21 100 102 53 69 116 112 110
    33 31 31 123 9 25 69 0 78 78 83 102 59 13 76 40 65 17 117 68 47 40
    113 81 10 58 101 31 44 112 58 56 55 57 59 59 59 58 57 58 59 61 64 64
    63 60 58 57 58 61 65 70 72 73 70 68 68 68 68 68 66 64 63 64 66 68 69
    69 64 63 61 60 59 59 62 67 71 71 69 67 65 64 64 64 66 69 71 70 69 68
    68 69 70 72 72 68 60 52 48 49 55 62 64 63 62 62 63 63 64 64 66 68 69
    68 64 61 60 61 61 59 56 56 58 62 65 64 61 59 58 60 63 67 69 68 67 67
    68 71 72 71 68 66 64 63 63 63 60 58 58 59 61 62 62 63 65 67 68 69 68
    67 65 62 57 53 53 58 66 71 71 66 59 55 56 59 60 60 61 64 67 67 64 59
    55 53 55 60 66 70 69 65 60 58 57 58 58 56 53 52 53 56 59 63 68 75 79
    81 81 78 71 64 57 54 54 58 63 66 67 67 67 68 68 34 22 99 97 60 76
    101 80 90 127 122 94 2 83 86 9 88 101 53 43 12 64 79 98 78 45 57 64
    114 45 118 89 112 71 2 16 24 61 7 109 101 86 91 24 60 35 102 28 62
    57 46 36 96 2 89 8 20 116 26 120 55 21 39 54 46 62 61 62 63 64 62 60
    57 56 57 59 63 66 67 65 62 60 59 59 62 65 68 70 70 69 68 68 69 70 70
    67 65 64 66 68 68 67 66 67 66 65 65 64 64 67 71 73 73 70 67 66 65 65
    66 69 72 74 73 72 70 69 69 68 69 69 65 60 54 52 54 59 63 63 61 59 60
    62 63 64 65 66 68 69 68 64 61 60 61 62 61 59 59 62 66 67 66 62 57 55
    56 59 64 67 67 66 66 68 70 72 72 71 71 70 68 66 63 60 57 58 60 62 63
    65 67 70 73 74 75 75 73 70 66 60 54 53 56 63 68 69 66 61 59 60 62 61
    60 60 63 66 68 66 62 59 57 59 64 70 72 71 66 61 57 56 56 56 55 54 54
    57 61 64 67 70 74 78 81 81 79 72 65 58 54 55 59 63 67 69 70 71 71 68
    9 50 10 14 41 0 16 98 3 55 105 10 124 100 83 106 64 1 54 81 54 63 69
    18 41 122 2 71 111 60 37 21 66 68 0 102 124 53 120 2 0 69 36 20 45
    21 81 27 110 86 123 127 116 59 4 110 15 105 115 104 73 62 3 3 117 66
    66 66 67 67 65 62 59 58 59 60 63 66 66 66 64 64 63 64 66 67 67 66 65
    64 65 68 71 73 74 72 69 68 70 70 69 66 64 71 70 68 67 66 67 71 74 76
    75 71 68 67 67 67 67 69 72 73 73 72 70 68 66 65 66 66 65 62 59 59 61
    63 64 62 59 58 59 62 65 67 67 68 69 69 67 64 61 61 63 64 64 63 63 66
    69 70 69 64 59 55 55 58 63 66 67 66 66 68 70 71 72 73 75 75 73 69 65
    60 58 59 60 62 63 66 70 73 77 80 81 81 80 76 71 64 58 55 57 61 65 67
    66 64 63 64 64 63 62 63 66 69 70 69 67 65 64 64 68 72 73 72 67 62 58
    56 55 54 53 53 55 60 65 69 70 72 75 78 80 80 78 72 65 59 55 56 60 64
    67 70 71 72 72 69 21 94 87 45 100 23 96 9 69 24 19 43 110 38 48 107
    48 106 107 79 62 56 81 79 38 55 82 100 73 89 115 19 119 97 104 108
    19 25 59 12 75 0 36 36 82 30 41 105 112 52 15 16 62 96 22 116 95 66
    13 50 51 18 112 127 108 68 67 67 68 68 68 66 63 62 61 61 62 63 63 64
    66 68 69 70 71 69 66 63 61 61 63 67 72 76 78 77 74 72 72 71 68 65 63
    74 73 70 67 66 68 72 76 77 75 72 69 69 69 68 67 67 68 69 69 68 66 63
    61 61 62 64 65 63 62 64 66 66 65 62 59 58 61 64 68 70 71 71 70 68 66
    63 61 63 66 68 67 66 66 68 71 72 71 67 62 58 58 60 63 66 66 66 66 68
    68 69 70 73 76 77 75 71 67 62 60 60 61 62 63 67 71 76 79 82 84 84 83
    79 75 69 63 59 59 60 63 65 66 66 66 66 65 64 63 64 68 71 73 72 70 69
    68 67 69 71 72 71 68 64 61 58 56 54 53 54 57 63 68 71 72 73 76 78 79
    78 75 70 64 59 56 57 61 64 66 68 70 72 71 69 49 56 108 105 25 94 0
    25 90 122 104 101 33 65 75 120 24 110 49 48 78 22 49 122 34 86 121
    125 78 8 57 7 102 80 37 61 42 65 85 22 11 51 42 3 127 126 110 94 0
    61 64 60 119 36 121 44 89 29 61 54 127 14 64 93 111 68 66 66 67 69
    70 69 67 65 63 61 59 59 61 64 68 72 74 75 73 70 65 61 59 59 62 67 72
    77 80 80 77 73 70 68 66 63 62 75 74 70 66 64 67 72 75 74 73 70 70 71
    72 70 66 65 65 65 65 64 61 58 56 57 60 62 63 62 62 64 67 68 67 64 62
    62 64 68 72 74 75 74 71 67 64 61 60 63 67 69 68 66 64 66 68 70 70 67
    64 62 62 63 65 66 65 65 66 67 66 65 67 71 74 76 74 71 68 65 62 61 60
    60 62 67 72 77 80 81 81 82 81 79 76 73 68 63 61 60 60 63 65 67 68 68
    67 64 63 64 67 70 72 72 71 69 68 66 66 67 68 68 67 65 63 61 58 56 55
    56 59 65 69 71 72 74 78 79 78 75 71 67 62 58 56 58 61 64 65 66 68 69
    69 67 49 118 8 87 27 16 106 8 33 36 55 108 109 33 105 40 7 121 103
    115 46 122 101 107 76 18 72 78 118 2 111 27 14 64 88 51 93 63 73 70
    26 119 88 21 81 104 95 107 15 99 51 79 41 46 32 77 11 49 50 39 8 36
    67 71 41 68 66 65 66 69 71 72 70 67 63 59 56 56 59 64 69 73 75 75 72
    67 63 60 58 58 61 65 70 75 79 80 76 71 66 64 62 60 60 75 73 70 66 64
    67 71 71 69 68 68 69 72 73 70 66 63 63 64 64 63 59 55 54 55 58 61 61
    59 59 62 67 70 69 66 64 65 67 71 74 76 76 76 72 68 64 61 60 62 66 68
    66 63 61 61 64 66 67 65 64 64 64 65 65 65 64 65 66 66 65 64 65 68 72
    73 71 70 68 67 64 61 58 57 61 67 73 77 78 78 77 77 77 76 76 74 70 65
    61 57 56 57 62 67 70 71 69 65 62 61 62 65 67 68 68 67 64 62 62 62 62
    63 63 63 63 63 62 60 59 60 63 67 70 71 72 75 79 80 77 72 67 63 59 55
    54 56 60 62 63 63 64 65 65 65 57 18 94 50 126 66 12 26 54 109 10 101
    79 25 49 118 46 86 69 108 68 41 29 117 110 53 32 108 117 49 47 3 55
    35 34 3 57 66 20 122 24 44 78 115 32 46 50 109 3 70 29 40 55 44 6 21
    96 105 71 55 92 110 63 110 80 68 67 66 67 70 73 74 72 68 63 58 55 56
    60 64 68 70 71 70 66 62 59 58 58 58 59 62 68 73 76 76 72 66 60 58 57
    57 57 75 74 70 67 66 67 69 67 63 62 64 67 70 71 68 65 63 64 66 67 65
    61 57 55 56 59 61 60 57 56 60 66 71 70 68 66 66 68 72 74 74 75 75 73
    69 66 63 62 63 65 65 63 60 59 60 61 63 63 62 63 65 65 65 65 64 63 65
    66 66 65 63 64 68 70 70 69 68 69 68 65 60 56 55 59 66 73 77 76 74 73
    72 73 73 73 72 69 64 58 53 50 52 58 66 72 74 71 65 60 56 56 58 61 63
    64 63 60 58 58 59 58 58 58 59 61 63 64 64 64 63 65 68 70 72 73 78 82
    82 78 71 65 60 57 53 52 53 57 60 61 61 61 62 63 63 70 35 118 19 90
    98 53 120 0 63 118 32 57 18 59 25 29 41 120 41 76 33 127 1 107 15
    103 96 109 126 69 19 90 76 110 105 93 2 95 36 40 49 96 56 83 37 50 3
    11 10 79 37 125 81 99 38 127 89 6 82 51 6 123 9 29 68 67 66 67 70 73
    75 73 68 63 59 57 59 63 65 66 66 66 64 61 58 56 56 57 57 58 60 65 70
    72 72 67 61 55 53 53 55 56 76 75 72 68 67 67 66 63 58 57 60 64 68 68
    67 65 65 67 69 70 69 66 62 60 61 62 63 60 57 55 59 65 70 70 67 65 65
    66 69 70 70 71 72 72 70 67 65 64 64 64 63 61 60 60 61 62 61 61 61 62
    65 66 65 63 62 62 64 66 66 65 64 66 69 71 71 69 68 69 70 67 61 55 54
    59 66 73 75 74 70 69 69 70 70 70 69 66 60 55 50 48 50 56 65 72 74 71
    64 57 52 51 53 57 60 62 61 58 57 57 57 57 57 56 56 58 62 65 68 68 67
    67 68 70 72 75 81 85 85 80 73 67 61 57 53 50 50 54 58 60 60 60 61 61
    63 66 69 70 71 70 66 62 58 56 56 58 60 62 64 66 69 71 72 72 72 75 78
    79 77 74 73 75 78 78 73 67 65 68 72 75 73 68 63 59 57 57 60 64 66 68
    68 67 63 58 54 53 57 63 68 71 73 75 76 75 72 69 67 66 67 67 67 66 65
    66 69 73 75 73 69 65 61 61 63 65 66 65 63 63 62 60 57 55 56 57 57 58
    59 63 66 68 67 62 56 50 49 51 54 56 78 76 72 68 65 65 63 60 56 55 58
    62 65 66 65 65 67 70 71 72 71 70 68 66 66 66 65 63 59 56 58 65 69 69
    66 64 63 64 64 64 64 65 68 70 70 68 66 65 64 63 61 60 62 64 65 64 62
    60 61 63 65 67 66 64 62 61 63 65 66 66 66 68 72 74 73 70 69 71 71 68
    61 56 54 59 66 72 73 71 68 66 66 67 68 67 65 61 56 52 50 48 50 56 64
    70 73 70 63 56 51 49 51 55 58 60 60 58 56 56 57 57 57 57 57 57 61 66
    71 72 70 69 67 69 72 77 83 87 86 82 75 68 63 58 53 49 48 52 57 60 60
    60 60 62 64 67 69 70 70 68 65 61 59 58 58 61 63 65 68 70 72 73 72 72
    73 76 78 78 75 72 70 72 76 77 74 69 67 70 75 77 74 68 62 57 55 56 58
    61 64 67 69 69 66 59 53 51 55 62 68 72 74 77 78 77 74 70 66 64 64 65
    64 63 63 65 69 74 76 75 72 68 65 65 66 67 67 65 63 63 63 62 59 57 56
    57 59 60 61 64 66 66 64 59 53 49 48 52 56 58 79 76 72 66 63 62 61 59
    57 56 59 62 64 64 64 65 67 70 71 71 72 72 71 70 69 69 68 66 62 59 61
    66 70 70 67 64 63 62 62 61 60 62 66 69 70 68 66 65 64 63 61 62 64 66
    68 66 63 62 62 65 67 69 69 67 65 62 62 63 65 66 68 70 73 75 74 72 70
    70 71 67 61 55 54 58 65 70 71 70 67 65 65 66 67 64 60 56 52 51 50 51
    53 57 63 68 70 69 64 58 53 51 53 55 58 59 59 57 55 55 55 57 59 59 59
    59 62 68 72 74 73 71 67 67 71 76 81 84 83 79 74 69 65 60 55 50 49 53
    59 62 61 60 61 63 66 69 70 69 69 68 66 63 62 63 64 66 67 68 70 72 73
    73 73 73 74 77 78 75 71 67 66 69 73 76 74 69 67 70 74 76 73 66 59 55
    54 55 57 59 62 65 68 68 65 59 52 50 55 62 68 71 73 75 76 76 73 68 62
    60 61 62 62 61 62 66 71 75 77 77 74 71 68 67 67 68 68 66 66 66 67 66
    63 60 59 60 62 63 64 66 66 66 63 58 52 49 50 55 60 62 78 76 71 65 61
    61 61 61 60 60 62 63 63 63 62 63 65 66 67 68 69 71 71 70 69 68 68 68
    66 64 65 69 73 73 70 67 65 65 64 62 60 61 64 68 69 67 66 65 65 65 64
    64 65 67 67 65 63 63 64 65 68 70 72 71 68 64 62 63 65 67 69 72 74 74
    73 70 68 68 68 65 60 55 54 58 63 67 69 69 68 66 66 67 66 62 57 52 50
    50 51 52 55 59 63 67 68 67 64 61 58 56 57 57 57 58 58 57 54 52 52 55
    57 59 59 60 62 67 72 74 75 72 69 68 70 73 76 78 77 74 71 68 65 62 58
    53 52 56 61 63 61 61 62 64 68 70 70 69 68 68 68 67 67 69 70 72 71 70
    70 70 72 72 73 73 75 77 76 72 66 62 61 64 69 73 72 68 66 67 71 72 69
    62 55 53 53 55 56 58 60 63 66 67 64 58 53 52 56 63 67 68 68 70 72 72
    69 63 58 56 57 59 60 61 63 68 73 77 78 76 74 71 69 68 68 68 70 70 71
    72 73 71 67 63 62 63 65 67 68 68 68 67 63 58 53 51 53 58 63 65 77 75
    71 66 61 60 62 64 65 65 65 64 63 61 60 61 61 61 62 63 66 68 69 68 66
    65 66 67 67 67 68 73 77 76 73 69 68 68 68 65 62 62 63 65 64 63 63 64
    66 67 67 66 65 65 65 64 63 63 64 64 67 70 73 74 71 67 63 63 65 68 70
    72 72 71 70 67 65 64 65 63 59 56 56 58 62 66 68 69 69 69 69 68 65 60
    54 50 49 50 51 53 56 60 64 67 68 68 66 65 63 62 61 59 57 57 57 56 54
    51 50 52 54 56 57 58 60 64 68 72 74 73 70 69 70 71 72 72 72 71 68 66
    66 65 62 59 58 60 63 63 60 60 61 64 67 69 68 68 68 69 70 71 71 73 74
    74 72 68 66 66 68 70 72 73 74 76 73 68 62 58 57 59 64 68 69 67 65 65
    67 67 63 57 52 51 52 54 55 57 60 63 65 66 63 59 55 55 59 64 65 64 62
    63 66 66 64 59 54 52 54 58 61 63 65 70 74 77 76 74 71 70 69 68 68 70
    72 74 77 78 77 73 68 64 63 66 69 70 70 69 68 67 63 59 56 55 57 62 66
    68 77 75 72 67 62 60 62 65 68 68 67 65 63 61 59 59 58 58 59 60 63 66
    67 66 64 62 62 64 66 67 70 74 78 77 73 69 69 70 70 68 64 62 60 60 58
    57 59 61 64 66 67 66 63 61 61 61 62 62 62 62 64 67 71 74 73 69 66 66
    67 68 70 70 70 69 67 64 61 60 60 59 58 57 57 59 62 65 67 68 68 69 69
    68 65 59 53 50 50 51 51 52 55 60 65 68 70 70 69 69 68 67 66 62 58 57
    58 57 55 53 51 51 52 52 53 54 56 59 64 68 72 72 70 70 71 71 71 71 71
    70 67 65 66 66 66 64 63 64 64 62 59 58 59 60 63 64 64 64 65 66 68 70
    72 74 74 73 68 64 61 61 64 67 70 72 74 74 71 65 60 56 55 56 60 64 67
    67 66 64 64 64 60 55 51 50 51 52 54 57 60 64 66 67 66 63 60 59 62 65
    64 61 58 59 61 61 59 55 51 50 53 57 62 64 67 70 73 75 73 70 69 69 70
    70 70 71 74 77 79 79 77 72 66 62 62 65 69 70 70 68 66 64 62 59 58 58
    59 63 66 67 76 75 71 66 61 59 60 64 67 67 66 64 63 61 60 58 56 56 57
    59 62 65 67 65 63 61 60 60 62 65 68 73 76 76 71 67 67 70 71 68 63 60
    57 55 53 53 55 58 62 64 65 64 62 60 59 60 60 60 59 58 60 63 68 72 73
    71 69 68 67 67 68 69 69 68 67 63 60 58 57 57 57 58 59 60 62 63 64 64
    65 66 67 67 64 58 53 51 52 52 52 52 55 58 62 67 70 72 71 70 70 70 68
    65 61 59 59 59 58 57 56 55 53 51 51 52 53 56 60 65 68 69 69 69 70 71
    71 73 74 72 68 65 64 65 66 66 65 65 64 61 59 57 57 58 59 60 60 60 60
    60 62 66 70 71 71 69 64 59 56 56 58 62 66 69 71 71 68 63 58 56 55 55
    57 61 64 65 64 63 62 62 59 54 51 50 50 51 54 57 62 66 69 71 70 67 64
    63 66 67 65 60 57 57 58 58 56 53 51 50 53 58 62 65 67 69 71 71 69 67
    67 70 72 72 72 71 72 74 76 76 72 67 62 58 59 62 65 68 68 66 62 60 58
    58 59 59 60 61 63 63 75 73 69 64 60 58 59 62 64 64 63 63 63 63 62 59
    57 56 57 58 62 65 67 66 64 62 59 58 58 61 65 71 74 73 68 64 65 68 69
    66 61 58 56 54 53 54 55 57 59 62 63 63 61 60 60 60 59 58 56 55 56 60
    65 69 72 72 71 69 67 66 66 68 69 69 68 64 60 56 54 54 56 58 60 61 61
    60 59 58 59 61 64 65 62 58 53 52 52 52 52 53 54 56 59 64 69 72 71 70
    69 70 69 67 64 61 60 61 61 62 62 60 57 53 52 52 53 55 57 61 65 66 67
    66 67 68 70 73 76 74 69 64 62 63 63 64 64 65 64 62 60 59 58 57 57 58
    59 58 56 54 56 60 65 67 67 64 61 57 54 53 53 56 61 64 67 67 64 60 57
    56 55 56 57 59 61 62 62 60 61 62 60 56 54 53 53 53 55 59 63 67 71 73
    73 70 67 66 68 68 66 61 59 59 60 60 58 56 54 53 55 58 62 65 67 68 69
    68 66 65 66 69 72 72 71 69 68 69 69 69 66 61 57 54 54 57 60 62 63 62
    57 54 53 56 58 59 59 59 59 58 69 68 65 62 59 59 60 61 62 61 60 60 62
    64 64 61 56 54 55 57 60 65 67 67 65 64 61 58 57 59 63 68 71 70 65 61
    62 66 66 63 59 57 57 58 58 58 58 57 58 60 62 62 61 60 60 59 58 56 55
    54 55 58 62 67 71 73 72 69 66 64 66 68 71 71 70 66 60 55 52 52 54 58
    61 62 61 59 55 53 53 56 60 62 60 56 53 52 52 52 52 52 53 54 56 61 66
    69 68 66 66 67 68 67 65 62 61 61 62 64 66 65 62 57 54 54 54 55 57 60
    63 64 65 64 64 64 66 71 74 73 68 63 60 59 60 61 62 63 63 62 61 60 59
    57 58 60 60 58 54 51 51 54 58 60 60 59 58 56 54 52 51 52 55 59 61 61
    59 56 54 55 56 57 58 59 60 59 59 58 60 62 62 60 58 57 57 58 59 61 64
    67 70 72 72 69 67 67 69 68 65 61 60 62 64 65 63 61 59 58 58 60 62 65
    67 69 69 67 65 64 65 68 70 70 68 65 64 63 62 61 58 54 51 49 49 52 55
    58 60 59 54 50 50 54 58 60 59 58 57 56 63 63 62 61 61 62 62 62 62 60
    58 58 60 63 64 61 56 53 53 55 59 63 66 66 66 65 63 59 57 58 61 64 66
    64 60 58 60 62 62 59 58 58 61 63 64 63 60 58 58 60 62 62 61 60 60 60
    59 58 57 56 56 57 61 66 71 74 72 68 65 64 66 69 72 72 70 66 60 54 49
    49 53 58 64 65 63 58 53 49 50 54 58 59 57 54 51 51 51 51 51 52 52 53
    55 59 63 64 63 61 61 63 65 65 63 61 59 60 63 66 68 68 66 61 57 56 55
    55 56 59 62 64 64 63 62 61 62 66 68 68 64 61 59 58 59 59 61 63 64 63
    62 60 58 57 59 61 62 60 56 52 50 50 52 53 53 54 54 55 55 53 51 51 53
    56 58 57 56 54 52 54 56 59 61 61 61 60 59 59 61 64 65 65 64 63 62 62
    63 63 64 65 66 67 67 66 67 68 69 67 63 60 60 64 68 69 69 67 65 63 63
    63 65 67 69 71 71 69 66 65 65 67 67 66 65 63 61 59 57 55 52 50 47 46
    47 51 54 58 60 58 53 49 50 55 60 62 62 60 58 57 60 61 62 64 65 65 64
    63 62 60 59 58 59 62 64 61 57 54 54 55 59 63 66 67 67 66 64 61 59 59
    60 60 59 57 55 55 57 59 58 57 58 61 65 68 69 68 64 61 61 63 64 63 61
    60 59 60 61 61 61 59 58 58 60 64 70 72 71 66 63 63 65 68 70 71 70 66
    59 52 47 47 52 59 66 69 66 60 53 49 49 53 57 57 55 52 50 50 50 51 53
    54 55 55 56 58 59 58 56 54 55 58 61 61 60 58 58 60 64 68 71 72 70 65
    61 58 55 54 55 58 61 64 65 64 64 62 62 64 64 63 60 59 59 60 60 61 63
    65 65 64 61 59 57 57 59 62 63 62 59 56 53 50 49 48 48 50 51 52 54 54
    53 52 54 57 58 57 56 53 52 53 56 60 63 64 64 63 62 62 64 67 69 69 68
    66 65 64 63 62 60 59 58 58 60 62 66 69 69 67 63 59 60 63 68 71 72 71
    70 69 68 68 69 70 71 72 72 70 67 66 66 66 65 63 63 62 61 59 56 53 50
    49 48 49 51 55 58 61 61 59 54 51 52 57 62 65 65 63 61 59 63 63 66 68
    67 66 63 62 61 61 60 60 61 64 65 63 60 58 57 59 62 65 68 70 70 68 65
    62 61 61 60 58 57 55 54 55 56 57 56 56 58 63 67 72 74 73 70 66 66 66
    66 64 62 61 60 61 63 64 62 60 59 58 60 64 68 70 67 62 60 61 63 66 68
    68 67 64 58 51 46 46 51 59 67 70 68 62 55 51 51 54 58 58 55 52 49 49
    49 51 54 57 58 58 58 57 55 52 50 49 50 53 56 57 56 55 57 61 66 71 74
    76 74 70 65 61 57 55 55 57 60 63 66 67 68 67 66 65 64 62 59 59 60 62
    64 66 67 68 68 66 63 60 57 57 59 62 64 63 62 60 56 52 49 48 48 49 49
    50 52 54 54 55 57 60 61 61 59 56 54 54 56 60 63 66 67 68 68 67 68 69
    70 70 69 66 63 61 59 57 54 52 50 50 54 59 65 69 69 67 63 60 59 61 65
    69 71 72 72 72 71 71 70 70 71 72 72 71 68 67 67 65 63 61 61 61 61 60
    57 53 51 51 53 55 59 63 65 65 63 60 57 54 56 60 65 68 68 67 64 62 67
    68 70 71 69 66 62 61 61 62 64 65 66 67 68 66 63 61 62 64 67 70 72 73
    73 71 67 64 64 65 63 61 59 57 57 58 57 56 56 56 59 63 68 73 77 78 76
    73 71 70 69 67 65 64 63 64 66 65 63 61 60 60 62 64 66 66 63 60 58 59
    61 63 65 65 65 62 58 51 46 45 50 57 65 69 68 63 58 55 55 58 61 60 56
    52 49 48 48 51 55 59 61 61 59 57 54 51 49 49 50 52 54 55 55 55 58 63
    68 73 76 79 78 75 70 64 59 56 55 57 60 63 67 70 72 71 70 70 68 65 62
    61 62 65 68 70 72 73 72 70 66 62 59 59 61 62 63 63 63 62 59 55 52 51
    51 51 49 50 51 54 56 58 60 63 64 64 62 60 57 57 58 61 64 67 70 73 74
    73 72 70 69 68 66 64 61 58 54 51 48 45 44 45 50 57 64 67 68 66 63 61
    59 60 63 66 69 70 71 71 70 70 69 69 70 71 72 70 69 67 66 65 62 60 60
    60 61 60 57 55 54 56 59 63 67 69 69 67 63 60 58 57 59 62 67 70 70 69
    66 64 71 71 72 72 69 65 62 62 63 66 69 70 70 71 70 67 64 63 64 67 71
    75 76 77 75 73 69 67 68 69 67 65 64 63 62 61 59 57 56 57 59 61 64 70
    76 80 80 79 78 75 72 69 69 69 69 69 69 66 63 60 60 61 62 63 64 63 60
    58 57 58 60 62 64 64 63 61 58 53 48 47 50 57 65 70 71 67 64 61 61 63
    65 63 59 55 51 50 49 51 56 61 64 63 62 59 57 55 54 54 54 54 55 56 57
    59 62 66 70 74 77 79 79 76 71 66 61 58 57 58 60 64 68 72 74 74 74 74
    72 69 64 63 64 67 70 72 74 75 76 74 70 66 63 63 63 63 62 62 61 61 60
    57 56 56 56 55 52 51 52 55 59 61 63 64 65 65 64 62 61 60 60 62 65 69
    73 76 77 76 73 69 66 63 61 60 58 56 52 48 45 43 43 44 49 56 62 64 65
    64 63 61 60 60 62 65 67 68 68 68 67 67 67 67 68 70 70 70 69 67 66 65
    63 60 59 59 59 58 56 55 56 59 64 69 71 71 69 66 61 58 57 57 60 64 69
    73 73 70 67 65 73 73 72 71 68 66 65 66 68 71 73 73 72 71 69 66 63 63
    65 68 72 76 77 77 75 73 70 69 71 72 71 69 68 67 66 64 61 58 57 56 56
    56 60 66 73 79 82 83 82 78 74 70 71 72 74 74 71 67 63 60 60 60 61 61
    60 60 58 57 56 56 58 62 65 65 63 63 61 58 54 52 53 60 68 74 75 73 69
    67 68 69 69 67 63 58 55 54 53 54 58 63 67 68 67 65 64 63 63 62 60 59
    59 60 62 64 67 69 73 76 78 79 77 73 69 65 62 60 59 60 62 65 68 72 74
    75 74 74 72 69 65 63 64 66 69 72 74 76 77 75 72 69 66 65 64 63 61 60
    59 59 59 60 62 64 64 61 56 53 54 57 60 62 63 64 64 63 62 62 62 61 61
    62 65 70 74 76 78 77 73 68 63 59 57 57 56 56 53 49 47 47 47 48 52 57
    62 63 63 62 62 62 61 61 63 65 66 66 66 66 66 66 66 66 67 68 69 69 69
    67 66 65 63 60 58 57 58 57 56 55 57 62 68 72 73 70 67 62 58 56 55 57
    61 66 72 75 74 71 67 66 76 75 73 70 67 66 68 71 73 73 73 71 70 68 66
    63 62 62 63 66 69 73 75 75 73 72 71 71 72 74 74 72 71 69 68 65 62 59
    57 54 53 52 55 61 68 76 82 85 84 79 73 69 69 71 74 74 71 67 63 60 59
    59 58 58 58 58 58 57 55 55 57 62 66 66 65 65 66 64 62 60 60 65 72 78
    80 78 74 73 73 74 73 71 67 63 60 59 59 59 61 66 71 73 73 72 71 71 71
    70 67 64 62 62 64 67 70 72 74 77 78 78 74 70 68 65 63 61 61 62 64 66
    68 71 72 73 72 71 68 65 61 60 61 62 64 67 70 73 75 74 71 67 66 65 64
    63 61 60 59 59 60 63 69 72 72 68 62 58 58 59 60 61 62 63 62 61 60 60
    61 60 60 61 65 70 73 74 75 75 72 67 62 58 55 55 56 57 55 53 52 53 55
    56 58 61 63 64 63 63 63 63 62 62 63 64 64 65 66 67 68 67 67 67 68 68
    68 68 68 67 66 65 62 59 57 57 58 59 57 55 56 61 68 73 72 68 63 60 56
    55 55 58 62 66 71 74 73 69 67 66 77 76 73 70 67 67 69 72 72 71 68 66
    64 62 61 59 59 59 60 61 63 67 70 70 70 71 73 73 75 76 76 74 72 70 68
    66 64 62 59 55 52 51 52 57 64 72 80 85 85 78 71 66 65 67 70 72 70 66
    62 60 58 56 56 57 58 59 59 58 56 55 57 62 67 68 67 68 69 70 69 67 66
    69 74 79 81 79 76 75 76 77 75 73 69 65 63 63 63 63 66 70 75 77 77 76
    75 75 75 74 72 69 65 64 64 67 70 72 75 77 78 77 73 69 67 66 65 63 62
    63 64 66 67 68 70 70 69 66 62 58 55 55 55 56 58 61 65 68 70 70 67 65
    64 64 64 64 62 61 60 60 62 67 74 79 79 75 69 64 62 61 60 60 61 61 60
    58 58 60 60 59 59 60 64 68 70 70 70 71 70 67 63 59 56 56 58 59 59 58
    59 61 63 63 63 63 65 66 66 66 67 66 63 61 61 61 61 62 66 69 71 70 69
    69 69 69 67 67 67 67 67 65 63 59 56 57 59 61 58 55 54 58 65 70 70 65
    61 58 56 57 58 61 64 67 69 70 69 66 65 65 75 74 73 70 68 67 69 70 69
    66 64 61 59 58 58 57 57 57 57 56 58 62 65 66 68 71 74 76 77 78 77 75
    72 70 68 66 65 63 61 57 54 51 52 55 61 70 79 84 84 77 69 63 62 63 66
    69 69 65 62 58 56 55 56 58 61 62 62 60 58 56 57 61 65 68 68 69 70 72
    72 70 68 69 71 75 76 75 73 74 76 77 76 73 69 65 63 63 63 64 68 72 77
    79 78 76 75 74 74 73 73 71 68 64 63 64 67 71 74 77 78 77 73 70 69 69
    68 65 63 63 64 66 66 67 69 70 69 65 60 55 53 52 53 52 53 56 60 64 66
    67 66 64 64 64 65 65 63 61 59 60 62 68 76 82 83 79 74 68 64 62 60 59
    59 59 58 57 58 61 62 60 58 59 63 66 67 66 65 66 67 67 65 63 61 61 63
    64 63 62 64 67 69 68 66 65 66 69 70 71 71 68 64 60 59 59 59 62 68 72
    73 72 70 70 71 70 67 66 66 68 69 68 65 60 56 56 59 61 59 55 52 55 62
    67 68 65 61 59 58 59 61 64 67 68 68 67 65 63 63 63 69 69 70 70 69 69
    69 69 67 64 61 59 58 58 58 58 58 57 56 54 55 58 61 63 65 69 73 76 78
    79 77 74 71 69 67 66 65 64 63 59 57 54 53 55 59 67 76 82 81 75 68 63
    61 62 65 69 69 66 62 58 56 56 59 62 64 65 64 62 59 57 57 59 62 66 67
    69 70 71 70 69 67 66 67 69 71 70 69 70 73 75 73 70 66 62 59 59 60 62
    66 70 74 75 75 73 71 70 69 69 70 70 68 64 61 61 64 67 70 73 75 75 73
    71 71 70 70 67 65 64 65 66 67 68 70 71 70 66 60 56 54 55 54 52 52 54
    58 62 66 68 68 68 68 68 68 67 65 62 58 58 60 66 74 79 81 78 74 70 67
    65 63 61 60 59 58 57 60 63 64 62 60 59 60 62 63 62 62 63 65 65 66 66
    67 67 68 68 67 66 67 69 71 68 65 64 66 69 72 73 73 70 64 59 57 58 60
    64 70 74 74 71 68 69 70 70 67 65 66 69 72 71 68 63 58 56 58 60 59 55
    52 54 60 65 68 66 64 61 59 59 61 65 69 70 69 67 64 62 62 62 63 63 66
    69 69 70 70 69 67 64 61 60 58 59 60 60 60 59 57 55 55 57 59 59 60 64
    69 73 76 77 75 72 70 68 66 65 64 64 63 61 59 57 56 56 58 64 71 76 77
    74 69 66 64 64 66 70 71 68 63 59 58 60 64 67 68 68 65 62 59 57 56 58
    60 63 66 68 69 69 68 66 65 64 65 66 67 66 65 67 69 70 69 66 62 58 56
    55 56 59 62 65 67 69 71 70 69 67 65 65 67 68 67 63 60 60 61 63 65 67
    70 72 72 71 71 71 70 68 66 65 65 67 69 70 72 72 71 68 64 60 59 59 58
    55 53 54 59 64 68 71 73 74 73 72 72 71 67 62 57 56 57 61 68 73 75 73
    71 69 69 69 67 65 62 60 59 58 61 65 66 64 61 58 57 57 58 58 59 61 63
    64 66 69 71 71 71 70 68 66 66 68 69 67 65 64 66 69 71 72 72 68 63 59
    58 59 62 67 72 74 72 67 64 65 67 68 66 64 65 69 72 73 70 65 59 57 57
    59 59 57 55 57 61 66 69 68 66 63 61 59 60 65 70 72 71 68 64 62 61 61
    59 60 64 68 70 71 71 70 67 64 62 60 59 59 60 62 62 62 60 57 57 58 58
    57 56 58 62 67 71 72 71 69 68 66 65 65 64 62 61 60 59 59 58 58 58 61
    65 69 71 71 71 70 68 68 68 70 70 67 63 60 60 64 68 70 70 69 66 63 60
    58 56 57 60 62 65 67 68 68 66 65 65 66 66 66 67 67 66 66 66 67 66 64
    61 58 55 54 54 56 58 59 61 64 66 67 67 66 64 64 65 65 63 61 59 59 59
    59 60 62 65 68 69 69 70 70 70 67 65 63 64 67 70 73 74 72 71 68 65 63
    62 63 61 57 54 56 60 65 70 74 76 77 77 76 75 73 69 62 56 53 52 56 61
    65 67 67 67 68 71 73 72 69 66 63 60 59 61 64 65 63 60 56 53 52 53 55
    57 59 61 63 66 70 72 71 69 67 65 64 64 66 67 66 64 64 65 67 68 69 68
    66 63 61 60 61 63 67 71 71 68 63 60 61 64 65 64 63 64 68 72 73 71 66
    62 59 59 59 60 59 60 62 66 69 71 70 69 65 62 59 59 64 69 72 71 68 64
    62 60 60 58 60 64 68 70 70 70 68 66 64 63 61 59 58 59 62 64 65 64 61
    60 60 58 55 54 54 57 62 66 67 67 67 66 66 66 65 64 62 59 57 57 59 59
    59 59 60 61 62 64 67 70 72 71 69 68 68 66 63 60 58 61 66 70 71 71 69
    67 64 61 58 57 58 61 63 64 66 69 69 69 68 69 70 69 67 68 68 68 67 66
    66 66 65 63 59 56 54 55 56 58 59 59 61 62 64 65 64 63 62 63 62 61 60
    59 59 58 57 57 59 63 66 68 68 69 69 69 66 62 61 61 65 70 73 73 70 67
    66 65 64 63 62 60 56 54 56 61 66 70 73 75 76 75 74 75 73 68 61 55 51
    50 52 55 59 61 62 64 68 72 74 74 71 67 64 61 59 59 61 61 60 57 53 50
    48 49 52 55 57 58 60 65 70 71 70 67 64 62 62 63 64 66 66 64 63 64 65
    66 66 66 65 64 63 62 62 63 65 67 68 65 60 58 59 62 63 62 62 64 68 71
    72 71 68 64 62 62 61 61 62 64 67 70 72 73 72 70 67 63 60 59 63 68 71
    70 67 64 61 60 59 60 62 65 69 70 69 68 65 63 63 63 61 59 58 59 62 66
    68 67 64 63 62 60 57 54 53 55 60 64 66 67 67 68 67 67 67 66 63 59 56
    55 57 59 60 60 59 58 57 58 62 67 70 69 67 65 64 62 59 57 57 60 65 69
    70 69 68 67 64 62 60 59 60 62 63 64 66 70 73 74 73 73 72 69 67 68 70
    71 69 68 69 70 70 67 63 59 56 57 59 61 62 62 62 61 62 62 61 60 61 61
    62 62 62 62 62 60 57 57 59 63 67 69 70 70 70 68 64 60 58 58 61 67 71
    70 67 64 64 64 63 61 59 56 54 53 55 59 64 67 70 71 71 70 69 70 69 65
    59 54 51 50 50 52 54 56 59 63 68 73 75 74 71 68 64 60 57 57 57 58 57
    55 52 49 48 49 52 54 54 55 57 63 69 71 69 64 60 60 60 62 65 67 67 65
    63 63 63 64 64 65 65 65 65 63 61 60 62 64 65 64 61 59 60 62 63 63 63
    64 67 71 72 71 68 66 65 65 65 64 65 66 68 70 72 73 73 72 68 64 61 59
    62 65 68 69 66 63 61 60 59 63 64 67 69 70 69 66 63 61 62 63 61 58 57
    58 61 65 67 68 67 66 65 63 59 56 54 56 60 65 68 70 70 69 69 69 69 68
    66 61 57 56 57 59 60 61 60 58 56 57 59 64 66 66 64 63 61 60 59 59 59
    61 65 68 69 68 66 65 63 62 61 61 62 63 63 62 64 70 75 78 78 75 72 67
    65 66 70 71 70 69 72 74 75 72 66 62 59 60 62 64 67 67 65 62 60 59 59
    58 60 62 63 64 66 67 67 64 62 60 62 65 69 72 72 71 70 68 63 58 56 56
    59 63 67 66 64 63 63 63 61 58 54 52 51 51 54 57 61 65 66 66 65 63 63
    64 64 61 57 54 52 52 51 51 53 55 59 65 71 75 76 75 72 69 64 60 57 56
    57 57 57 56 54 53 51 51 52 53 52 52 54 60 66 69 67 63 60 59 61 64 67
    69 69 66 63 62 63 64 64 65 66 66 65 62 59 57 58 61 64 65 63 62 62 63
    65 66 66 66 68 70 71 70 68 67 68 68 67 66 65 65 65 67 69 70 71 70 68
    66 63 61 61 64 68 70 68 65 62 61 61 65 66 68 69 69 67 63 60 59 62 64
    62 58 56 57 59 62 65 66 67 67 67 65 61 58 56 57 61 66 69 70 69 68 68
    68 69 69 67 64 61 59 59 59 60 61 62 61 59 59 60 62 63 63 61 61 61 62
    62 63 63 63 65 67 68 67 65 63 62 62 62 62 62 62 60 60 61 67 74 79 79
    76 71 66 64 65 68 69 68 69 73 77 78 75 69 65 62 62 65 67 70 71 69 66
    62 60 59 59 61 63 65 67 68 70 71 69 67 66 66 67 69 71 70 69 68 67 63
    59 57 57 59 62 63 63 63 65 65 64 60 55 52 50 50 50 52 55 59 63 64 62
    61 59 60 61 61 59 56 55 55 55 54 53 54 57 62 68 73 76 77 75 74 70 65
    61 58 58 58 58 58 58 58 57 55 54 53 53 51 50 51 55 61 65 66 64 61 61
    62 65 69 71 70 66 63 62 63 64 65 65 65 65 63 60 56 55 55 59 62 64 65
    63 62 64 67 68 68 67 67 68 68 67 65 66 68 70 69 67 64 61 61 62 64 66
    67 66 66 67 66 64 64 66 70 74 73 69 66 64 63 69 69 69 69 69 66 62 59
    59 63 66 64 59 57 57 58 59 62 64 66 67 66 64 62 59 57 57 61 65 66 66
    65 64 65 67 69 69 68 66 64 62 60 59 59 60 62 64 64 64 62 61 61 61 61
    62 64 66 67 68 67 65 66 67 69 68 67 64 63 63 63 63 61 60 59 58 58 63
    71 77 79 77 72 67 64 65 67 66 66 68 72 77 78 76 72 67 65 64 66 68 70
    71 71 69 65 62 60 60 61 64 65 66 68 71 73 73 73 71 70 69 68 67 66 66
    66 66 65 63 61 61 61 61 61 61 63 66 68 66 61 55 53 52 52 51 52 55 59
    62 62 60 58 58 59 61 61 59 57 57 58 59 59 58 58 60 65 71 76 79 78 76
    74 71 66 63 61 61 60 59 59 60 61 60 58 57 56 55 53 51 50 52 56 62 65
    66 66 64 65 67 69 69 68 65 62 61 63 64 64 64 64 63 62 59 55 52 52 55
    59 62 63 62 61 63 66 68 67 65 64 64 64 63 62 64 67 70 70 67 63 60 60
    61 62 63 62 62 64 67 69 69 69 71 76 79 78 74 69 67 66 73 73 73 72 70
    67 62 60 61 66 68 66 62 60 59 59 59 60 63 64 64 63 61 59 57 56 57 60
    62 61 59 59 60 63 66 68 69 68 66 64 62 60 57 57 59 62 66 68 68 66 63
    61 62 63 65 67 69 70 70 68 67 66 67 68 68 67 65 64 64 65 64 62 61 60
    59 59 62 68 74 77 76 73 68 65 65 64 63 62 65 70 75 77 76 72 69 66 65
    66 67 68 70 72 71 68 64 60 59 60 62 64 64 67 70 74 75 75 73 70 67 64
    61 60 60 63 66 68 67 65 64 62 60 59 60 63 68 70 69 63 59 57 58 58 55
    54 56 59 62 61 59 57 58 61 62 62 61 61 62 63 64 63 61 61 63 68 73 78
    80 78 75 72 69 66 65 65 64 63 60 59 60 62 63 62 62 62 60 58 54 51 51
    54 59 64 68 69 68 67 67 67 67 65 62 60 60 61 62 63 63 63 62 62 60 56
    53 52 54 58 60 61 60 60 62 63 63 61 59 58 58 58 58 59 62 66 69 69 67
    64 62 62 63 63 61 59 59 62 67 71 72 73 76 80 83 81 76 71 69 68 76 76
    76 74 71 68 64 63 65 69 70 69 66 64 63 63 61 60 61 62 61 60 58 56 55
    56 57 59 58 56 55 56 59 62 65 66 66 64 63 61 59 57 55 55 57 61 66 69
    70 68 64 63 64 66 68 70 72 72 70 68 67 66 65 66 66 67 66 65 66 66 66
    65 64 64 63 64 65 67 72 75 76 73 70 66 65 62 60 60 62 67 72 73 73 71
    69 66 64 64 63 64 67 71 72 68 63 59 57 58 59 60 61 64 69 73 75 75 72
    67 63 59 55 54 57 62 67 71 71 69 65 62 59 58 59 62 67 70 69 65 62 62
    63 63 60 57 57 59 62 61 59 58 60 63 64 64 64 64 66 68 68 65 63 61 63
    66 72 76 78 76 72 68 66 65 66 66 65 62 59 57 59 63 65 66 67 68 66 62
    57 53 52 53 57 62 67 68 67 67 67 66 64 62 60 57 57 59 61 62 63 62 62
    62 62 59 57 56 57 59 61 61 61 61 62 61 58 54 52 51 52 53 54 56 60 64
    67 68 67 64 64 66 67 66 62 58 57 60 65 68 71 73 76 79 81 79 75 71 69
    68 75 75 75 74 71 68 66 66 68 71 72 71 69 68 67 65 62 60 59 60 61 60
    58 56 55 55 56 57 55 53 53 55 59 62 63 63 63 61 58 56 54 54 54 55 56
    59 63 66 68 67 64 63 64 67 69 71 72 71 69 67 66 65 65 65 64 65 66 67
    68 67 67 65 65 66 67 68 68 70 73 75 76 74 71 68 65 62 60 59 62 66 69
    70 71 70 68 65 62 60 59 60 64 69 70 67 61 56 55 55 56 56 57 62 68 73
    75 73 70 65 60 55 51 51 55 61 68 71 72 70 66 61 57 55 56 59 64 68 68
    66 64 64 66 65 61 58 57 59 62 62 60 59 61 63 65 65 66 68 71 72 70 65
    62 59 59 62 67 73 75 72 68 64 63 64 65 66 64 61 57 55 58 63 67 69 71
    72 69 64 58 55 54 55 57 60 62 64 64 65 65 65 63 60 57 55 54 56 59 61
    61 60 59 61 62 62 61 60 61 62 63 63 64 64 64 61 55 51 48 48 50 51 53
    55 58 62 65 65 64 63 64 67 69 67 63 58 55 56 60 63 66 70 73 75 76 75
    71 68 67 67 70 70 71 71 70 68 67 68 70 71 71 71 70 69 67 65 61 57 55
    57 60 63 63 60 57 56 56 55 53 53 54 56 58 60 61 62 62 60 57 53 52 52
    54 56 56 58 59 61 62 62 62 62 63 66 68 69 70 69 67 66 66 66 66 66 65
    64 65 66 67 66 65 63 63 64 66 69 71 73 76 78 77 75 72 69 66 64 62 62
    64 67 69 69 69 69 68 65 61 58 56 58 62 67 68 65 60 56 54 54 55 55 56
    61 68 73 75 73 69 65 60 55 51 51 55 60 64 66 68 68 66 62 57 55 55 57
    62 66 68 66 65 65 66 65 62 59 57 59 62 63 62 61 62 63 64 65 67 70 73
    73 69 64 60 57 55 58 63 69 71 69 65 62 62 63 65 65 63 59 56 55 58 63
    67 70 71 71 69 64 58 55 55 56 56 56 57 59 60 62 64 64 62 58 55 52 51
    53 56 59 59 57 57 59 62 64 64 63 63 63 64 65 66 67 67 63 57 51 48 48
    51 53 55 56 58 61 62 62 60 60 62 65 68 68 65 60 56 54 55 57 60 64 68
    70 72 71 69 67 66 66 65 66 67 69 69 69 69 70 71 70 69 68 68 66 66 64
    60 55 52 53 59 64 66 65 61 57 55 54 53 54 56 58 59 61 62 63 63 61 58
    54 52 53 56 58 59 58 57 56 56 57 58 60 62 65 66 66 66 66 66 67 67 68
    69 69 68 65 64 64 65 64 61 60 59 60 63 66 71 76 79 79 77 74 72 69 68
    67 65 65 66 69 70 69 69 70 69 66 61 57 55 56 60 64 65 63 59 56 56 56
    57 57 58 63 69 74 76 75 72 68 63 58 54 53 54 56 57 58 61 64 64 62 59
    58 57 59 63 67 69 68 66 65 64 63 61 59 58 59 62 63 63 62 62 62 62 64
    66 69 72 72 68 64 60 57 55 56 60 65 68 67 64 62 62 64 66 66 63 60 58
    58 60 64 66 67 68 68 67 62 58 56 55 54 53 52 53 55 57 59 62 62 61 56
    52 50 49 51 54 56 57 56 57 59 62 64 64 63 63 63 64 65 67 69 70 67 61
    55 51 52 55 57 58 58 59 60 61 60 59 58 60 64 68 70 68 63 58 55 53 53
    55 59 63 66 69 70 69 67 65 65 65 65 67 68 69 69 69 69 69 68 66 64 64
    64 64 64 61 55 51 52 57 64 68 68 65 60 56 54 54 56 59 61 61 62 63 65
    65 63 59 55 53 55 59 62 63 60 57 54 53 54 57 59 61 63 63 62 62 62 64
    66 67 69 72 73 72 68 65 64 64 62 59 57 56 58 61 65 71 76 80 79 75 71
    69 68 68 67 66 66 67 69 70 70 71 72 71 67 63 59 55 54 56 59 61 61 59
    58 58 60 60 59 60 63 69 76 79 79 77 73 68 62 57 54 53 52 51 51 54 59
    62 63 62 62 62 63 66 69 71 70 67 65 63 61 59 58 58 59 61 62 63 63 62
    62 61 62 63 66 69 69 68 66 64 61 58 57 60 64 67 67 65 64 64 65 67 67
    64 63 62 62 62 62 63 63 64 65 64 62 59 56 54 52 50 50 51 53 55 58 60
    61 59 54 50 47 47 48 51 54 56 58 59 61 63 63 64 63 62 62 63 64 67 70
    72 70 65 60 56 56 59 62 62 62 62 62 61 60 60 59 60 63 68 72 71 67 62
    58 54 53 53 56 60 65 69 70 69 67 64 63 66 67 68 69 69 69 68 67 66 64
    61 61 61 62 64 65 64 60 55 54 57 63 69 71 69 64 58 55 56 58 61 62 64
    65 66 67 67 65 61 58 57 59 63 66 66 63 59 56 54 55 57 60 62 61 60 59
    58 59 61 63 65 68 71 74 74 71 67 65 64 62 59 56 56 59 62 66 71 76 78
    76 72 68 67 67 69 69 69 68 68 69 70 71 72 73 71 67 63 59 55 52 52 55
    57 58 58 58 60 61 62 61 60 62 68 74 78 80 79 76 72 66 61 56 52 49 48
    48 51 56 60 62 64 65 65 66 67 69 70 69 66 63 61 59 57 56 57 59 60 60
    62 63 63 62 61 61 61 63 66 67 68 69 69 66 62 59 60 64 66 67 66 65 64
    64 65 66 65 65 64 63 62 59 58 57 59 61 62 61 59 57 54 51 49 49 50 52
    54 57 60 60 57 52 48 46 46 48 50 54 57 61 64 64 64 63 64 64 64 64 64
    64 65 68 71 70 67 62 59 59 63 65 65 64 64 64 63 62 63 62 63 65 69 73
    72 69 65 62 58 55 54 55 59 64 69 70 69 65 61 60 67 68 69 69 69 68 67
    65 63 60 59 59 61 63 66 68 69 66 61 59 59 63 69 72 72 67 61 58 57 59
    61 64 66 67 68 69 70 68 65 63 62 63 66 68 67 64 61 58 57 58 60 63 63
    61 59 56 55 55 57 59 62 65 68 71 72 70 67 65 64 62 60 58 59 63 65 67
    70 74 75 72 68 66 66 69 72 74 73 72 71 70 70 71 71 70 68 64 61 59 55
    51 50 51 54 55 55 56 58 60 61 61 60 61 65 71 75 77 77 76 73 69 64 59
    54 51 49 50 53 56 58 60 62 64 65 67 69 70 70 67 64 61 60 59 57 55 56
    57 58 59 61 62 63 62 61 61 61 62 64 66 69 71 72 70 65 62 62 65 67 67
    65 63 62 62 62 63 64 65 65 63 60 57 54 54 56 58 60 60 60 59 56 53 51
    51 52 53 55 58 61 61 57 52 48 47 47 49 51 54 59 63 66 66 64 63 65 67
    68 67 65 64 64 65 67 66 63 60 58 59 63 66 66 66 66 66 65 64 65 65 64
    65 67 70 70 68 66 65 61 58 56 57 59 64 68 69 67 62 58 56 66 67 68 68
    68 69 68 65 63 61 60 61 63 66 68 70 71 69 65 62 61 63 68 71 71 67 63
    60 59 60 61 64 67 68 69 70 71 71 69 66 65 65 67 68 67 64 62 61 60 62
    64 66 65 63 61 57 54 53 54 56 60 63 65 66 66 65 64 63 63 62 61 62 63
    66 67 67 69 71 72 70 68 67 68 72 76 78 78 77 74 71 70 69 68 66 63 61
    60 59 56 52 49 49 50 51 51 53 55 58 60 60 59 59 62 67 70 73 74 73 72
    70 67 62 57 54 53 55 57 59 59 59 60 62 64 68 71 71 69 65 62 60 60 60
    58 57 57 58 58 59 60 62 63 63 63 62 62 62 63 66 69 71 73 71 68 65 64
    66 66 65 63 61 59 58 59 60 62 63 63 61 58 54 53 54 56 57 58 60 61 61
    59 56 55 55 55 56 58 61 64 64 61 56 51 50 50 52 55 58 62 65 66 66 64
    64 66 69 71 70 67 63 61 61 62 61 59 56 55 57 62 65 66 67 68 67 65 64
    65 65 63 62 63 64 65 66 66 66 64 61 59 58 60 63 66 68 66 62 57 55 64
    64 66 67 68 69 69 68 67 66 65 66 67 68 69 69 69 68 65 62 60 62 65 68
    68 65 62 60 60 61 61 64 67 67 68 69 72 73 72 69 66 65 66 68 67 65 63
    62 63 65 67 68 68 66 63 59 54 51 52 55 60 64 64 62 61 61 62 62 62 62
    62 64 66 67 66 65 66 68 70 70 70 70 72 75 78 81 81 80 77 73 70 67 65
    62 60 61 62 62 60 55 51 48 48 48 48 49 53 57 59 60 59 58 59 63 66 68
    69 70 70 70 68 64 59 56 57 60 63 63 62 60 59 61 64 69 72 72 69 64 59
    58 59 60 60 60 60 60 60 60 62 63 65 65 66 65 63 61 61 64 67 70 72 71
    69 67 66 66 65 64 62 60 58 57 57 59 61 62 61 59 56 54 54 56 58 59 58
    59 60 60 60 58 58 59 60 61 63 66 69 69 67 62 58 55 56 58 61 63 64 64
    65 64 64 65 67 70 71 69 65 61 58 57 57 57 55 53 52 55 60 64 66 67 68
    67 65 64 63 63 61 59 57 58 59 61 64 65 65 63 61 61 61 63 65 67 66 63
    58 57 64 64 65 66 68 69 69 69 70 71 71 71 70 69 68 66 65 64 62 60 59
    61 63 65 65 62 60 59 60 61 61 63 66 66 66 68 71 73 73 69 66 64 66 69
    69 67 65 65 67 68 69 70 71 70 68 63 57 52 52 55 61 64 64 60 59 60 61
    62 62 61 63 65 67 68 66 64 64 67 70 73 75 76 77 77 78 79 81 80 78 75
    70 65 62 60 60 64 67 68 65 60 54 50 48 46 46 48 53 59 62 63 62 60 61
    62 63 64 66 67 68 69 68 64 59 56 57 60 65 67 66 64 61 61 64 68 70 70
    66 60 56 55 57 59 61 62 62 62 62 62 62 64 65 67 68 66 63 61 60 62 65
    67 69 70 69 68 66 65 64 63 62 60 58 57 56 58 61 61 59 56 53 53 55 59
    62 61 59 57 57 57 57 58 59 61 64 66 68 71 74 75 74 69 65 62 61 63 64
    64 64 63 63 63 64 66 68 68 67 64 61 57 55 54 55 56 54 52 51 53 58 62
    65 67 68 67 65 63 61 60 58 56 53 52 53 56 59 63 65 65 65 64 64 65 66
    67 67 64 61 60 68 69 69 69 69 68 67 67 68 71 73 73 72 70 67 64 61 59
    58 58 59 61 64 65 64 61 57 57 58 60 61 64 66 67 67 68 71 73 73 69 65
    64 67 71 73 71 70 70 71 71 71 72 73 74 72 68 61 55 53 55 61 64 64 60
    58 59 61 62 62 62 64 67 70 70 67 65 65 66 71 77 81 82 81 78 76 76 78
    79 77 74 69 64 61 60 64 70 74 74 70 64 58 53 48 46 46 49 56 63 67 69
    68 67 66 66 65 64 65 67 68 68 66 61 57 54 54 58 64 70 71 68 65 63 64
    66 67 65 61 56 53 54 56 59 61 63 64 63 62 61 61 62 65 67 68 66 64 62
    61 61 62 64 66 68 68 67 64 62 62 62 62 61 59 58 58 59 61 60 56 51 50
    51 56 62 66 65 61 56 52 51 51 53 57 61 64 66 69 73 77 80 79 76 72 68
    66 65 64 62 61 60 61 63 65 67 68 66 62 58 56 54 53 54 56 57 54 51 49
    51 56 61 64 66 67 66 65 62 60 59 58 55 51 49 49 52 56 60 65 68 69 68
    68 68 68 68 67 65 63 62 75 75 74 73 71 68 65 63 65 69 72 73 71 69 66
    62 58 56 55 56 59 63 66 67 65 59 54 54 56 58 61 64 67 68 69 70 72 73
    73 69 65 64 68 74 76 76 75 76 76 74 72 72 74 76 76 73 66 59 54 55 60
    63 64 61 59 59 61 62 62 63 65 69 72 73 70 67 65 67 72 80 86 87 83 78
    74 73 74 76 75 71 67 63 61 62 68 75 80 79 75 69 62 55 50 47 47 51 58
    66 71 74 74 72 71 69 67 66 66 68 69 67 64 58 54 51 51 55 63 71 74 72
    68 65 65 65 64 60 57 53 52 54 57 60 63 64 65 64 62 60 59 61 63 66 67
    66 64 63 62 61 60 62 64 67 67 66 63 61 60 61 62 62 60 59 60 61 61 58
    53 48 46 50 57 65 69 69 63 55 49 46 46 49 54 59 62 64 67 72 78 82 83
    81 77 72 69 66 63 60 58 58 60 63 66 68 68 64 59 54 52 51 51 54 58 58
    55 50 48 50 55 59 62 64 65 65 64 61 59 59 58 56 52 49 48 50 54 60 66
    70 72 71 71 70 70 69 67 65 64 63 78 78 77 75 71 67 64 61 63 67 71 72
    71 69 65 61 57 54 53 55 59 64 67 68 65 59 53 52 54 58 61 64 68 69 69
    70 72 73 72 69 64 63 68 74 78 78 78 78 78 75 72 72 74 78 78 76 68 60
    55 55 59 63 63 61 59 59 60 61 62 63 65 69 73 75 72 68 66 67 73 81 88
    88 84 78 73 71 73 74 73 70 66 63 61 63 69 77 82 82 77 70 63 56 51 47
    47 51 59 67 73 76 76 74 73 71 68 67 67 69 69 67 62 57 52 49 49 53 62
    71 75 74 69 66 65 64 62 59 55 52 51 54 57 61 64 65 65 64 62 60 59 60
    63 66 66 66 65 64 63 61 60 61 63 66 67 65 62 60 59 60 61 61 60 60 60
    61 61 58 51 46 45 49 57 66 71 70 65 56 48 44 44 47 53 58 61 63 66 71
    78 83 85 83 78 73 69 66 62 58 57 57 60 63 66 69 68 64 58 53 50 50 51
    54 58 59 55 50 47 50 54 58 61 62 64 65 63 61 59 59 58 56 53 50 49 50
    54 60 66 71 73 72 72 71 71 69 67 65 64 64</data></your_img>
</opencv_storage>
