<?xml version="1.0"?>
<opencv_storage>
<norm_v>1.6118833704707049e+03</norm_v>
<input type_id="opencv-matrix">
  <rows>256</rows>
  <cols>256</cols>
  <dt>u</dt>
  <data>
    160 87 204 115 24 94 0 0 160 87 204 115 24 94 0 0 4 46 37 58 85 10 6
    22 65 6 86 105 15 102 114 25 68 11 24 26 84 120 54 70 6 17 81 9 12
    67 76 0 58 111 50 75 76 16 89 28 58 56 56 25 35 62 84 9 19 94 58 14
    21 13 94 61 4 87 101 57 4 98 72 20 26 116 127 123 33 64 35 18 100 86
    63 51 103 79 21 106 113 27 72 56 63 97 109 80 18 42 71 62 31 32 38
    49 69 108 10 87 108 85 6 28 15 17 100 56 15 43 18 14 41 100 115 59
    91 8 26 95 50 87 102 52 63 2 67 23 58 94 110 77 64 105 71 2 51 21 7
    56 9 121 92 11 84 39 72 7 44 112 104 109 22 107 121 25 51 34 79 53
    24 121 18 26 42 100 88 14 72 83 106 47 88 102 121 69 32 74 38 102 34
    25 25 114 65 41 82 125 85 126 109 57 47 13 15 4 20 32 35 74 111 15
    40 122 18 55 90 92 75 92 84 110 54 95 4 93 71 64 70 51 104 14 20 59
    118 58 75 14 18 74 123 20 24 27 18 0 22 12 74 82 105 87 45 81 3 78
    91 108 124 60 99 24 124 56 87 69 2 43 60 92 50 31 110 120 60 97 110
    97 111 32 114 5 26 16 109 109 119 105 120 64 30 58 48 88 108 45 98
    48 2 29 48 30 114 4 56 92 46 84 65 31 103 127 44 111 11 119 92 36 34
    87 74 59 25 34 113 102 63 101 18 50 116 77 104 7 127 26 38 113 43 57
    125 92 50 28 110 100 69 115 83 105 27 102 89 39 34 91 121 32 69 42
    126 59 26 21 113 82 84 113 44 64 23 13 78 70 37 121 124 45 8 15 126
    85 107 61 33 86 9 98 105 3 49 40 22 92 64 117 125 95 80 57 120 24 58
    50 119 55 115 103 26 29 71 5 60 109 113 18 16 48 64 60 127 58 59 46
    34 49 66 16 71 5 119 15 111 80 109 74 111 3 81 67 69 3 41 67 46 27
    82 52 38 50 47 3 20 71 6 17 8 83 90 117 77 34 29 67 18 45 43 15 54
    61 69 69 21 124 18 60 21 96 49 80 117 85 33 114 10 23 9 58 90 109 98
    18 11 114 51 76 9 106 70 87 29 1 2 112 73 103 25 44 15 13 5 77 25 4
    89 18 1 29 52 69 5 126 110 53 4 118 104 37 107 8 6 49 1 75 71 67 82
    113 64 111 112 19 25 43 96 89 13 18 114 74 81 39 1 60 88 26 124 51
    11 58 0 120 31 84 104 54 13 104 112 122 7 62 24 95 107 114 95 30 61
    55 88 24 69 87 66 94 85 25 31 100 90 73 113 96 35 54 3 55 84 23 83
    47 35 115 22 106 58 112 12 113 53 38 91 65 105 90 83 76 34 59 113 37
    74 104 72 4 12 89 77 37 127 4 48 109 98 20 6 34 116 16 63 63 70 30
    122 101 46 51 40 50 38 8 55 58 2 19 28 44 6 62 100 106 31 97 88 73
    28 65 0 5 124 75 102 14 56 127 14 14 96 101 3 123 80 60 74 117 20 93
    5 103 119 85 20 36 26 12 8 122 74 95 55 123 111 7 47 84 35 2 54 36 8
    88 124 41 48 8 82 15 111 79 59 26 99 1 6 53 17 124 54 107 36 16 12
    67 28 20 91 37 37 29 20 79 103 111 20 43 122 95 106 70 6 18 50 92 88
    83 75 124 26 117 8 52 93 96 16 126 31 32 13 95 94 9 37 6 30 69 1 120
    93 52 80 106 1 25 86 113 116 53 50 13 107 24 53 96 114 115 123 78 1
    92 2 41 76 33 7 35 97 115 109 53 91 80 17 59 65 100 21 81 36 38 56
    27 69 50 110 88 3 126 116 48 65 60 124 2 40 10 122 113 69 113 111 99
    124 36 126 60 121 44 80 114 87 3 97 89 112 63 87 11 16 103 49 83 21
    56 93 117 82 101 94 105 1 60 50 66 3 18 56 83 88 103 27 60 50 25 96
    118 71 22 105 121 110 87 120 29 103 118 126 90 62 7 71 116 65 50 71
    87 55 4 24 102 67 54 19 58 61 70 16 37 65 79 32 92 35 3 43 2 94 114
    124 113 116 38 6 24 118 6 103 53 44 124 123 103 3 27 70 79 3 28 115
    71 49 76 112 103 5 38 104 75 118 109 80 2 94 122 84 90 103 80 31 94
    82 94 97 46 60 63 17 70 59 125 16 100 107 117 41 7 118 91 18 99 7
    123 95 114 107 37 53 79 33 89 110 36 20 120 99 108 97 10 50 68 56 61
    110 120 39 58 0 101 13 119 96 25 43 12 37 104 94 119 10 123 48 3 4
    125 76 76 59 5 59 4 93 4 13 10 125 9 79 24 57 5 26 72 98 86 84 30 93
    122 110 22 106 113 116 29 43 124 63 93 30 74 117 32 42 72 49 117 125
    52 42 107 19 71 8 22 108 11 103 98 83 84 21 8 93 66 106 20 51 61 64
    41 117 78 92 81 109 93 63 101 74 48 33 123 92 75 42 58 91 78 3 105
    43 114 91 56 39 71 35 55 110 103 41 126 97 21 71 43 51 8 20 49 13 27
    121 64 94 41 45 105 27 65 106 20 37 24 18 115 21 111 22 13 5 72 55 0
    54 89 33 87 94 21 78 72 83 49 35 125 66 69 79 113 29 110 116 14 68 2
    83 91 64 97 90 40 121 73 72 27 103 55 92 79 88 99 81 72 6 28 7 104
    119 42 56 75 79 9 24 105 88 68 12 53 94 84 76 22 8 39 52 27 25 67 89
    44 87 43 115 27 60 32 127 7 108 7 34 57 30 17 17 21 40 125 14 111 48
    64 111 104 115 54 46 8 75 13 61 5 101 118 23 107 18 113 67 111 58 32
    90 110 63 51 89 10 91 32 4 76 117 15 72 94 4 75 77 46 118 34 39 53
    88 0 112 96 85 57 54 79 43 48 16 52 3 67 36 27 109 16 95 73 22 37 58
    15 45 51 50 2 52 32 74 21 29 44 121 31 106 1 24 85 53 7 56 113 100
    22 14 57 31 9 65 43 17 26 6 85 66 4 72 7 86 40 93 71 83 8 41 102 122
    4 24 67 24 25 25 99 69 82 71 61 10 113 77 113 16 93 59 30 56 10 75
    24 34 18 49 42 51 13 96 79 25 107 35 43 29 69 66 15 107 22 110 42
    125 104 57 119 82 105 91 111 42 118 28 56 16 24 34 26 37 101 29 5
    103 111 90 20 88 110 34 77 29 43 14 125 124 12 123 119 123 88 60 13
    27 33 80 57 62 120 110 69 7 48 120 110 124 106 77 40 47 106 14 25
    117 31 20 122 46 86 42 60 42 54 124 16 84 123 75 13 102 13 26 27 42
    98 49 80 53 43 47 77 89 19 0 60 31 22 61 87 79 73 119 12 104 45 17
    59 24 117 60 62 83 113 33 59 85 87 58 19 82 78 84 21 107 45 27 15 95
    104 64 0 67 24 57 76 46 7 41 16 5 102 79 111 27 39 122 65 33 32 26 0
    72 97 48 110 57 27 2 84 1 116 28 111 37 19 79 96 33 66 11 40 96 30
    84 34 21 84 33 50 12 1 72 53 36 93 72 127 69 56 53 70 76 77 96 50 20
    44 67 109 118 53 113 40 28 89 27 111 8 44 72 82 48 30 43 30 37 62 71
    51 122 48 126 110 9 32 58 14 80 39 33 15 47 36 72 69 28 20 13 75 88
    85 1 1 81 75 34 69 52 1 54 69 74 123 110 59 112 3 5 45 80 3 6 97 28
    73 45 53 83 58 36 20 123 9 114 66 3 5 113 116 54 117 38 33 89 126 89
    100 126 113 104 46 1 1 107 65 68 25 3 115 70 91 97 40 38 61 87 117
    46 10 62 117 98 65 119 26 2 53 65 81 38 26 89 43 35 34 107 89 19 11
    5 106 118 89 11 53 75 21 127 45 105 118 23 5 32 82 0 27 80 15 27 26
    90 53 121 86 28 22 11 1 93 34 55 57 47 78 87 28 84 78 49 91 120 40
    21 57 77 34 17 42 87 17 15 88 113 40 82 71 25 47 62 111 115 71 43 79
    66 40 123 61 24 86 58 126 85 78 76 127 60 0 53 22 115 75 12 39 92
    122 79 119 127 15 106 72 54 70 71 67 62 127 22 65 83 66 23 17 94 75
    107 67 117 101 88 110 68 46 41 44 100 70 14 112 115 113 85 63 17 49
    2 17 58 32 78 126 65 83 100 80 94 10 55 96 84 43 91 119 78 35 107 5
    121 55 98 85 100 28 8 6 122 63 89 65 107 35 22 6 103 103 67 107 35
    83 94 1 31 35 123 3 84 101 43 66 71 106 64 126 82 9 115 43 13 19 2 6
    91 79 21 24 90 123 93 95 116 63 12 39 27 40 61 115 114 38 101 88 38
    52 108 8 5 109 23 90 107 58 39 109 27 123 109 80 62 24 124 84 66 28
    74 64 124 20 25 94 89 45 24 27 56 27 116 114 46 12 116 57 32 22 68
    110 118 21 31 109 40 18 77 30 6 107 45 31 3 47 60 93 41 106 82 30 8
    22 102 60 43 77 97 36 57 79 103 110 55 62 71 58 9 80 20 4 89 59 30
    84 54 104 125 80 26 72 101 61 75 23 102 73 122 113 83 74 39 81 5 48
    63 47 104 41 77 18 55 96 34 126 112 80 12 17 115 126 40 83 7 16 85
    48 8 40 25 41 70 35 73 30 27 3 74 115 62 11 78 127 12 69 112 112 2
    27 43 13 75 68 116 82 127 7 0 5 111 16 25 101 15 12 81 93 119 53 10
    95 96 63 16 69 116 51 14 108 37 58 42 34 19 29 55 94 91 121 52 102
    17 121 15 119 79 31 87 73 116 20 58 17 123 83 89 3 51 92 118 70 118
    2 97 67 3 45 110 34 18 66 105 49 117 34 77 73 102 108 57 84 48 19 15
    20 59 121 30 40 15 68 61 65 89 6 80 99 15 121 96 8 127 82 52 86 106
    125 83 46 26 13 36 75 22 103 76 118 3 71 114 66 59 93 93 35 31 66 85
    123 93 107 0 95 15 106 1 91 120 21 52 56 48 124 107 88 106 110 55
    107 23 83 49 86 45 7 94 56 106 115 72 101 55 49 99 103 121 38 72 40
    80 1 108 50 111 50 76 4 78 127 49 68 81 4 7 59 68 37 29 80 24 74 2
    49 107 16 114 18 124 95 41 59 38 95 109 6 63 72 124 81 42 110 94 97
    94 76 69 110 127 16 120 121 85 86 115 5 42 116 108 48 18 126 117 64
    42 34 95 76 113 124 120 110 19 30 51 74 52 74 13 101 37 6 115 6 104
    66 19 117 86 13 25 68 108 62 112 95 38 85 35 97 5 26 6 50 114 59 63
    31 35 48 6 110 31 31 22 43 112 34 93 10 117 98 122 52 10 2 52 47 80
    124 43 93 95 46 92 104 7 108 103 50 102 67 19 12 105 18 30 80 111 39
    125 64 103 65 115 17 123 79 126 123 67 42 19 69 26 51 39 126 98 61
    94 60 69 7 16 114 49 54 117 8 57 117 47 106 9 104 28 112 120 112 57
    104 118 70 82 112 38 9 104 13 19 63 4 113 59 60 14 92 127 22 73 79
    14 70 101 103 51 108 45 111 118 77 33 44 107 81 73 6 126 118 74 17
    71 34 122 101 51 50 73 43 40 83 16 118 65 116 30 4 32 7 67 41 76 122
    90 78 11 34 39 111 45 71 15 110 95 79 27 62 55 53 121 116 79 96 55
    54 39 14 81 107 62 85 125 33 21 103 52 111 4 119 10 120 32 30 61 82
    21 32 39 9 42 14 91 64 58 68 96 34 28 89 79 75 50 69 109 125 21 64
    51 53 102 60 102 29 112 64 6 16 112 87 96 53 96 18 0 62 30 5 49 3 71
    85 103 85 44 62 58 65 109 50 40 113 10 55 92 13 54 27 66 120 75 72
    121 78 26 86 100 90 71 13 7 34 7 52 60 73 86 27 45 91 109 121 40 5
    116 120 99 41 31 13 4 31 100 28 127 49 29 98 33 22 66 21 15 88 25 3
    80 39 12 6 127 125 53 108 124 74 111 126 31 30 71 119 39 78 90 58 12
    98 36 89 31 20 0 3 40 78 49 69 88 83 103 67 18 101 91 111 69 4 64 94
    42 123 84 23 81 58 119 11 72 61 117 27 72 106 111 22 67 96 3 79 127
    118 54 15 29 19 83 37 60 51 92 66 12 14 19 118 68 12 119 80 34 125
    86 91 112 106 93 99 10 50 63 45 29 12 36 71 74 24 27 124 54 62 88 20
    110 75 91 84 66 3 59 109 65 49 109 65 123 125 12 101 53 36 90 11 81
    62 95 17 4 54 94 88 47 62 28 111 41 115 63 64 26 12 39 40 58 12 21
    52 35 95 103 51 42 5 115 127 38 6 125 61 71 16 102 96 106 29 6 116
    35 126 47 98 101 74 98 18 86 127 126 97 105 32 41 114 78 19 55 18
    105 38 0 66 103 125 14 0 79 105 8 123 40 60 67 87 17 60 38 111 118
    122 39 104 7 22 53 58 28 57 81 24 41 24 110 15 111 2 7 69 27 32 49
    111 36 48 108 90 66 26 39 4 4 94 23 12 9 119 26 87 124 112 33 46 100
    67 31 44 16 32 87 67 72 40 56 6 11 30 75 18 82 17 33 40 49 125 4 33
    18 37 98 71 42 16 76 13 78 32 71 99 72 61 46 69 82 90 49 28 87 87 68
    74 24 11 3 87 71 116 7 40 10 122 32 93 127 118 20 100 7 22 125 122
    83 93 76 57 70 118 29 104 54 87 46 29 110 114 22 92 40 64 0 78 48 6
    40 44 118 50 58 88 92 34 120 39 11 33 45 106 12 55 60 90 74 127 95 3
    32 105 88 10 95 6 101 44 38 127 115 35 3 38 67 119 27 116 34 87 43
    65 97 53 122 83 101 88 41 127 7 73 112 48 25 103 74 63 111 68 2 6 52
    120 63 112 6 30 68 8 59 119 61 125 43 35 57 81 68 64 1 59 86 70 24
    110 110 115 3 9 0 88 81 99 73 49 19 8 66 93 49 114 44 71 66 28 17 4
    41 84 12 20 112 89 16 54 8 9 13 83 1 40 107 39 64 37 34 64 13 102 50
    7 84 42 119 102 116 58 50 25 37 34 26 10 52 59 99 88 36 98 10 116 18
    23 14 28 11 67 111 75 62 37 79 56 116 27 61 31 0 58 71 46 61 100 37
    108 37 36 66 76 60 107 91 85 86 42 93 122 72 82 67 120 25 78 120 100
    25 82 41 88 33 2 66 85 21 57 58 5 111 58 127 11 121 109 37 52 19 43
    57 59 100 9 111 65 75 53 3 26 79 13 118 98 18 80 17 21 98 7 94 36 80
    94 55 75 33 106 109 4 52 121 124 92 45 15 79 125 76 75 83 34 27 119
    72 78 72 127 35 73 77 107 110 24 5 28 97 69 23 94 90 52 68 88 17 7
    31 14 108 67 57 23 47 42 102 115 104 49 17 36 51 50 75 29 91 96 97
    85 92 96 48 75 60 109 24 5 6 65 124 113 59 104 102 81 76 18 54 87
    112 19 85 114 74 62 74 27 18 108 68 16 45 121 88 64 75 67 70 53 51
    28 108 87 67 53 88 124 50 43 106 76 98 121 18 103 48 60 47 97 95 85
    98 67 66 22 25 18 68 44 126 102 50 112 7 121 91 38 50 88 7 11 45 96
    101 14 69 6 29 54 20 5 32 122 69 64 61 46 15 15 41 84 37 127 66 53
    101 53 28 109 59 109 101 13 1 14 58 9 77 30 109 120 18 42 0 126 54
    114 28 105 76 102 23 83 20 20 23 126 78 121 127 77 67 23 93 105 27
    123 69 10 72 59 121 108 65 4 14 80 96 28 18 30 120 66 112 40 105 43
    109 105 21 49 73 4 3 108 111 106 82 88 4 69 33 25 101 19 27 11 55 73
    121 61 97 33 17 118 121 54 52 89 70 91 97 118 46 110 2 3 123 110 34
    74 74 0 120 103 100 41 57 74 96 91 0 22 84 73 69 17 8 82 55 43 102
    82 71 58 123 75 123 111 12 87 102 121 21 76 9 101 73 80 94 54 28 9
    95 70 62 49 121 14 92 99 70 102 111 72 38 117 119 73 54 113 43 125
    33 9 35 82 57 100 55 14 117 65 79 124 102 125 51 89 80 52 72 56 105
    115 110 116 83 54 51 106 24 90 115 44 115 84 56 48 12 43 118 92 30
    34 22 55 107 114 71 42 48 63 106 123 72 55 28 116 56 30 19 27 104 7
    80 74 90 13 41 89 117 19 77 111 103 123 119 68 25 50 75 38 60 116 14
    56 127 46 102 44 5 33 54 34 97 80 44 31 43 92 125 105 40 19 48 96 80
    99 110 109 16 7 124 96 82 127 33 103 27 16 23 63 61 96 99 102 67 111
    75 36 15 19 17 95 118 33 35 3 96 82 38 26 7 44 54 63 27 7 62 88 79
    117 25 25 17 50 91 20 122 7 110 119 71 0 38 40 25 61 98 71 119 33 90
    80 84 125 24 123 73 50 5 127 9 103 45 39 120 125 1 42 12 84 108 75
    62 65 108 83 100 117 118 3 12 127 93 83 75 57 79 39 17 17 9 63 100
    111 18 101 11 106 13 76 26 73 114 106 116 60 97 86 89 111 36 120 48
    118 39 114 6 11 99 16 60 113 31 2 57 39 99 28 28 61 64 86 43 113 65
    77 42 31 16 90 99 125 32 6 95 75 25 27 98 126 71 63 46 63 97 94 79
    102 64 119 15 109 39 29 47 126 61 89 37 41 55 27 10 108 2 80 92 117
    94 30 110 77 82 55 32 73 4 11 61 123 69 103 11 127 98 121 95 79 37
    69 47 38 10 72 87 19 122 68 15 51 55 4 119 127 127 93 83 4 37 36 124
    63 86 64 114 89 125 114 49 17 37 117 80 99 45 11 57 59 123 16 14 20
    26 89 112 68 53 82 80 75 3 125 91 12 127 82 126 114 10 43 64 89 99
    28 117 81 126 36 124 100 97 65 118 77 66 90 100 87 46 27 79 88 98
    103 1 109 107 29 105 127 94 23 91 65 39 114 99 20 20 73 33 19 12 21
    66 64 122 114 112 66 103 71 81 74 78 51 47 113 42 110 115 91 21 30 2
    17 2 99 12 25 9 61 20 112 29 18 24 46 71 108 113 58 70 65 75 18 121
    74 103 55 48 85 48 11 45 77 17 36 84 80 19 104 97 76 119 85 86 74 30
    80 102 101 47 23 19 73 50 27 60 14 51 24 9 108 121 56 50 85 84 16 14
    23 107 90 44 68 50 95 17 116 3 7 100 101 53 32 101 55 57 116 100 104
    68 117 60 117 12 42 46 77 36 46 80 74 14 51 91 14 54 124 80 65 71
    116 127 29 100 122 14 55 7 12 56 87 52 85 115 12 105 120 6 25 42 113
    13 51 93 65 23 41 36 1 98 25 7 75 117 57 2 2 33 67 123 98 107 59 46
    85 119 81 112 41 44 66 103 48 80 48 84 8 11 119 20 117 49 60 116 69
    45 31 32 57 93 57 88 48 14 73 10 29 40 48 123 85 30 55 65 81 104 24
    117 37 18 43 61 33 122 40 104 35 30 16 27 30 87 103 51 109 77 95 73
    78 86 40 99 55 84 109 59 43 49 57 27 42 95 20 37 97 26 90 63 44 71
    90 12 40 27 29 103 47 48 35 104 101 31 99 71 96 73 8 54 41 54 62 68
    28 102 13 25 71 45 56 94 0 4 122 35 116 8 92 9 42 100 33 44 71 65
    111 7 79 25 124 6 107 117 101 9 113 111 43 83 113 74 50 122 65 125
    12 32 111 52 60 119 89 83 38 45 87 6 120 21 43 97 122 113 79 49 98
    105 110 64 95 52 49 106 19 88 59 45 125 13 36 52 6 95 91 17 10 3 8
    13 88 30 104 78 54 80 25 79 76 24 117 104 33 115 23 21 42 16 12 59
    72 117 53 14 22 87 104 16 33 60 35 110 91 96 42 120 102 124 75 3 114
    114 124 79 77 5 16 125 115 10 80 68 116 98 111 50 73 95 13 53 67 89
    112 62 107 33 5 27 34 32 46 72 108 71 34 104 59 25 8 76 60 124 55 15
    8 12 2 38 54 76 75 88 26 111 47 72 58 83 82 12 53 82 72 63 62 57 108
    43 88 35 33 29 120 46 95 67 43 42 37 92 48 92 80 117 86 23 118 99
    120 62 53 64 44 45 84 21 51 115 120 95 111 98 79 120 80 57 62 36 17
    21 68 37 7 93 115 51 8 43 10 71 12 19 2 58 41 9 32 120 84 104 112
    103 49 123 18 36 38 74 112 12 112 105 105 81 125 28 87 67 68 91 78
    91 58 114 26 70 106 22 37 29 31 120 47 37 120 0 88 48 68 80 7 14 43
    126 61 76 43 79 5 50 45 94 44 60 61 74 96 42 39 44 118 41 40 16 103
    86 75 42 32 62 13 9 13 24 59 13 39 96 104 61 73 120 44 66 118 117 26
    35 74 49 92 50 71 15 14 63 81 86 122 119 35 64 15 64 35 118 49 88 42
    119 126 125 55 115 2 91 20 124 20 110 86 43 21 123 98 44 0 21 67 30
    86 91 117 26 30 31 11 5 23 47 48 118 104 102 82 72 117 127 83 56 60
    75 71 21 37 127 117 101 72 65 45 66 89 40 58 74 39 93 32 111 81 16
    94 9 124 85 100 123 62 10 53 4 0 110 14 59 81 9 74 122 86 32 4 55 61
    83 11 45 84 22 49 67 111 28 26 124 87 86 126 113 55 87 53 120 111 93
    56 27 114 3 61 8 126 17 92 114 40 96 124 43 63 8 101 33 12 118 0 57
    57 101 1 58 118 100 77 66 117 124 127 24 105 77 78 119 10 100 59 0
    37 121 74 106 53 79 54 24 102 68 52 125 15 54 19 87 37 12 66 35 64
    37 118 71 122 11 41 25 51 121 46 68 37 73 111 18 40 23 17 50 67 12
    121 67 64 88 52 47 65 48 11 47 46 34 52 125 27 25 55 101 14 105 107
    22 76 74 56 87 12 60 45 76 56 66 50 88 35 13 58 110 87 96 24 55 19
    33 38 42 8 24 56 114 39 100 88 48 29 62 61 69 106 94 33 69 71 40 61
    105 50 48 74 88 111 87 5 4 22 64 20 23 111 46 99 84 84 18 7 55 8 126
    121 24 75 34 3 59 127 26 69 89 123 34 58 24 0 118 112 109 75 67 87
    51 99 91 35 94 101 26 100 34 61 84 98 60 106 16 108 4 110 83 54 107
    5 70 94 74 98 9 20 89 88 82 69 111 16 105 109 83 83 82 11 122 108 71
    59 78 25 63 19 123 82 10 44 125 82 105 98 10 28 41 66 76 19 40 18 6
    122 100 6 117 21 82 5 50 82 31 71 31 94 126 73 101 107 15 103 126 43
    99 56 69 20 117 81 14 52 55 46 34 5 57 90 111 27 55 70 12 47 19 95
    106 114 77 58 102 54 14 37 70 85 92 16 27 42 12 101 51 27 118 90 95
    72 75 49 81 5 53 94 17 1 42 66 80 5 104 6 25 106 27 54 88 88 28 68
    60 66 51 109 66 79 13 70 76 112 79 116 118 81 70 70 119 67 51 62 64
    76 2 104 14 1 118 15 52 111 82 116 24 79 84 84 112 13 76 99 49 50 34
    29 98 71 25 70 116 39 41 114 38 114 52 90 50 27 96 82 124 60 94 118
    50 86 41 8 54 109 5 103 113 59 87 124 20 110 77 101 16 7 105 118 53
    96 29 94 72 34 84 2 94 71 84 76 48 15 21 86 118 83 7 63 32 55 21 48
    27 92 82 3 73 49 59 120 34 67 14 114 39 103 48 56 127 71 119 8 60 85
    13 126 91 42 122 103 80 38 109 10 24 57 106 12 111 90 112 6 24 33 87
    9 97 39 7 31 26 22 16 95 63 40 92 4 105 47 13 108 16 82 28 93 76 61
    47 100 71 98 12 117 91 121 30 108 104 4 1 121 121 101 4 47 93 80 9
    102 6 29 104 40 12 93 55 96 118 36 127 46 107 86 54 62 68 112 118 15
    2 89 22 42 40 117 122 6 100 112 12 118 12 126 123 40 57 5 36 27 3
    104 103 74 61 45 36 78 124 112 18 13 82 116 83 90 70 12 62 23 7 68
    46 56 26 90 97 105 95 32 84 114 58 25 127 102 70 14 41 24 23 39 116
    89 78 96 20 58 105 53 124 113 1 76 43 17 114 103 92 9 19 119 3 102
    30 113 113 67 119 35 45 111 112 86 124 93 118 115 89 18 74 94 87 21
    0 45 6 71 107 78 9 40 18 36 24 52 20 122 69 87 3 110 10 4 63 22 34
    33 88 118 92 49 86 14 74 43 96 83 72 119 29 9 80 125 126 94 75 111 9
    119 8 127 85 5 78 76 11 97 105 32 35 83 116 89 16 54 93 42 60 112 92
    11 98 50 42 53 52 108 99 66 80 23 106 12 53 22 63 49 53 105 115 77
    92 59 30 71 50 1 21 80 10 122 94 97 97 116 51 46 11 50 0 83 99 35 17
    72 29 106 102 3 49 110 10 61 108 115 18 91 120 80 115 65 99 122 41
    49 51 32 122 13 100 87 41 22 122 55 23 78 93 6 13 20 78 65 107 19 73
    72 21 119 55 104 71 72 23 115 76 112 96 118 62 89 55 115 10 79 53
    102 64 107 118 92 96 17 28 98 97 6 23 85 50 15 124 36 111 35 87 7 98
    43 0 54 61 116 50 118 10 1 31 86 64 9 49 62 116 125 119 84 113 119
    42 49 89 36 18 56 77 89 46 96 46 85 44 45 61 117 112 113 124 35 94
    87 23 96 34 108 89 123 20 102 92 6 20 5 82 72 49 82 94 45 127 10 90
    92 11 120 32 83 125 59 19 86 88 100 69 6 63 23 117 122 90 49 88 40
    85 120 114 48 71 81 94 23 21 88 100 45 29 84 76 48 55 114 41 94 31
    88 126 25 74 6 39 63 82 19 21 8 7 63 9 56 32 100 103 23 122 111 25
    115 20 25 84 60 47 86 5 97 97 73 104 115 78 50 99 64 40 12 16 116
    116 77 110 12 123 125 45 82 108 25 119 47 96 46 114 63 58 49 8 58 91
    94 71 123 103 78 110 3 53 64 37 81 127 54 39 64 111 60 45 30 107 73
    88 118 53 42 107 31 107 79 34 44 102 52 8 112 113 95 76 8 6 30 92
    110 82 4 60 47 93 71 3 26 16 109 60 113 110 49 102 12 66 62 77 68
    101 11 18 46 3 17 6 2 57 87 104 81 124 10 34 6 36 76 41 6 82 27 46
    121 48 111 6 118 103 101 96 12 46 22 20 19 62 113 1 98 87 17 28 104
    21 82 13 120 0 34 48 104 112 75 68 84 74 2 61 69 93 59 54 20 125 89
    109 12 92 1 107 28 51 122 55 77 68 100 94 91 44 21 74 64 59 4 127 87
    107 47 44 80 48 18 108 5 97 18 125 104 27 123 117 72 93 101 38 28 91
    94 126 117 104 38 26 113 10 113 61 127 28 113 14 75 37 28 98 22 80
    82 109 49 127 89 123 12 63 114 60 111 10 9 34 111 43 113 40 13 32 42
    95 52 105 122 90 25 100 39 1 60 103 117 70 21 92 9 99 81 56 74 16 25
    25 43 60 57 22 13 74 13 61 31 17 57 13 9 119 79 66 111 2 122 3 15 61
    116 97 117 112 8 112 8 23 115 84 78 22 40 83 122 113 121 67 27 91
    101 8 49 44 101 14 47 13 58 16 29 68 105 32 73 61 79 100 71 32 53 50
    73 30 110 79 117 33 125 90 89 103 86 109 44 21 3 95 11 76 73 40 39
    92 29 88 112 37 120 25 22 10 96 37 58 57 63 3 83 25 80 78 26 37 54 5
    97 75 105 67 68 82 49 22 80 103 41 108 12 113 107 113 108 68 19 35
    47 78 29 9 60 48 114 24 87 114 8 64 48 122 78 122 84 49 7 12 73 111
    114 91 67 87 67 40 23 83 60 119 17 89 54 15 65 0 96 120 75 97 57 24
    4 74 45 50 25 37 95 89 92 107 17 119 51 50 125 74 10 47 126 46 89 64
    113 86 54 43 76 108 115 79 72 118 3 95 2 33 73 104 28 67 13 98 107
    84 83 80 49 105 77 47 125 2 117 18 86 117 69 92 107 25 121 11 118 84
    44 43 44 104 42 122 93 9 67 70 100 86 60 58 127 52 85 80 36 10 13 98
    75 69 98 43 97 36 94 107 21 49 75 49 118 119 102 38 92 6 42 7 28 111
    76 43 122 40 1 21 73 89 8 98 21 12 98 120 126 69 87 80 6 96 57 83 57
    126 71 102 98 74 9 15 97 95 109 79 115 122 82 54 41 19 55 124 60 75
    38 29 86 14 107 11 119 83 76 121 113 126 66 81 81 111 64 60 22 99
    108 114 15 92 18 111 0 64 41 51 89 105 13 36 34 127 25 65 116 91 74
    100 89 17 19 0 2 72 105 90 28 74 92 57 15 108 33 68 123 119 58 59 51
    46 42 11 39 81 0 63 122 101 3 5 8 99 75 9 19 35 64 77 1 50 111 4 44
    26 91 116 14 119 80 13 122 78 22 113 68 84 116 57 30 4 40 115 78 97
    18 101 29 94 50 0 6 62 52 68 14 54 45 114 100 55 101 62 55 21 89 55
    45 53 54 90 37 0 31 0 47 47 11 86 40 75 52 38 29 44 17 110 73 101 60
    91 55 97 86 124 36 123 21 81 40 9 54 114 85 4 65 94 3 120 126 39 72
    43 2 113 25 85 8 109 41 74 79 100 24 32 53 115 31 96 73 14 115 64 25
    100 127 61 62 36 3 99 9 57 44 126 96 22 86 123 5 103 75 57 121 59
    112 93 92 85 56 31 122 74 44 83 51 5 2 40 106 67 29 38 72 48 111 9
    50 50 81 32 66 10 46 47 7 99 116 60 125 123 81 106 41 125 84 18 15
    52 53 107 52 57 50 99 94 59 115 36 83 98 77 58 91 74 40 63 9 50 20
    85 56 32 74 7 7 12 40 37 49 120 38 98 107 31 24 28 100 127 103 80 84
    25 42 54 21 65 17 79 49 13 40 84 126 97 102 1 111 71 82 55 36 63 58
    105 98 126 4 99 61 34 81 7 59 81 34 51 120 55 122 109 27 127 8 71
    107 63 29 55 127 46 19 30 103 105 114 124 61 22 63 39 28 55 66 46 42
    113 11 22 5 95 104 54 1 2 65 26 111 13 4 117 106 109 32 19 113 96
    121 37 102 31 22 77 72 58 23 109 36 86 60 60 70 77 80 49 7 20 41 59
    29 43 9 74 94 41 92 48 41 1 84 41 13 40 55 78 1 10 56 31 95 106 120
    107 97 101 3 78 98 14 58 75 11 17 30 96 18 106 25 36 72 13 92 122 28
    57 22 59 69 40 45 48 7 15 80 41 86 25 15 92 27 58 60 36 32 70 111 89
    46 15 45 61 87 5 4 65 125 89 70 7 52 11 123 122 12 81 25 8 51 43 91
    69 18 66 76 54 114 9 110 104 8 103 86 57 114 73 74 121 8 45 72 4 126
    44 36 49 69 14 73 38 7 15 126 79 20 48 67 26 30 33 10 37 36 78 46 91
    116 34 110 50 108 90 104 99 99 26 7 0 63 51 99 56 26 92 53 58 20 91
    122 80 122 56 44 20 59 88 33 76 101 61 51 39 102 105 13 68 92 105 28
    20 38 87 29 72 36 54 53 54 73 30 106 44 21 51 4 84 21 107 89 33 5 82
    61 60 41 82 80 102 20 99 28 94 102 100 61 108 93 98 103 121 19 102 8
    107 118 66 10 60 75 48 65 53 95 83 25 101 113 113 65 53 87 78 71 90
    37 119 66 89 85 27 35 78 30 110 111 58 36 62 23 90 83 26 73 51 32
    111 83 127 21 64 8 108 113 31 112 88 31 71 29 32 26 73 59 17 7 63 81
    10 11 48 27 97 79 49 123 1 8 14 83 8 21 91 74 125 95 84 12 16 56 72
    27 43 97 59 40 31 69 29 90 50 81 49 40 124 99 90 57 126 50 44 20 55
    119 101 76 15 88 38 107 30 42 36 34 17 62 29 85 56 42 20 47 16 49
    116 74 88 126 107 56 11 22 107 28 113 10 110 114 80 51 79 40 28 23
    109 16 5 30 77 76 122 122 72 74 124 61 90 62 104 72 44 49 66 4 75 16
    123 16 34 4 3 11 116 64 67 115 86 39 117 110 35 82 6 46 56 59 111 25
    58 121 40 1 94 110 60 34 82 68 72 116 115 60 113 49 64 62 94 35 51
    81 68 118 90 24 29 97 90 53 104 98 39 58 7 11 67 126 30 126 27 15 52
    66 97 34 31 46 85 51 70 37 34 39 92 61 70 27 94 58 16 26 120 31 105
    78 84 0 52 80 42 100 16 80 105 22 78 60 88 5 127 51 46 87 96 62 72
    45 92 99 33 20 113 41 121 22 90 69 23 49 125 20 94 19 106 9 77 67 62
    77 59 80 42 119 85 101 76 90 60 120 82 114 113 26 94 60 56 15 69 127
    30 125 21 7 34 108 55 11 13 119 105 22 107 69 56 29 84 110 23 63 96
    47 73 0 27 104 120 54 23 43 7 37 20 54 30 116 79 76 62 88 118 58 28
    75 51 66 4 52 61 66 94 122 80 92 96 78 85 44 1 38 118 0 79 83 94 5
    118 1 125 10 54 98 54 35 125 23 53 27 40 42 71 107 4 69 84 33 34 64
    53 126 36 88 50 12 23 52 3 83 55 11 15 66 49 125 118 114 46 119 122
    114 50 55 94 77 8 80 36 5 104 92 50 77 87 26 27 83 127 96 31 69 82
    109 56 58 66 127 103 8 50 52 34 121 34 88 122 119 75 52 55 71 122
    115 78 24 16 82 127 73 53 32 8 1 82 75 27 108 114 122 49 98 35 52 40
    115 43 2 48 40 89 2 73 21 62 25 85 90 56 67 24 71 8 27 3 112 21 103
    46 17 60 18 28 110 101 27 19 85 34 71 29 105 82 82 82 82 42 118 86
    74 44 29 62 29 95 4 113 91 14 88 8 30 121 44 35 45 10 95 75 114 56 2
    19 9 43 65 8 16 51 123 26 93 119 124 70 46 58 59 39 43 100 24 18 76
    38 2 56 126 4 86 66 57 12 15 111 58 98 44 84 107 5 85 110 36 9 97 49
    104 40 126 26 99 12 62 10 33 89 101 33 37 95 0 34 75 44 30 119 85 3
    60 1 61 62 70 53 41 24 51 73 70 10 28 45 45 69 103 58 66 20 72 33 22
    87 56 118 70 26 13 71 56 36 41 13 91 91 80 17 45 123 28 118 108 125
    73 57 64 50 33 75 23 100 36 87 80 21 86 81 116 112 24 39 81 73 97 7
    94 7 5 67 30 50 86 124 42 43 76 119 2 105 55 19 112 102 73 54 72 60
    51 123 65 113 126 6 55 106 4 17 123 4 25 2 126 60 50 106 13 38 2 10
    64 25 118 21 72 125 121 112 72 35 94 55 60 113 64 26 60 4 73 92 100
    25 82 24 46 63 37 93 38 2 28 95 23 67 108 16 121 83 62 73 51 5 28
    105 8 34 83 21 14 74 31 29 54 36 45 58 77 87 2 102 1 111 51 53 88 95
    27 91 12 14 76 11 86 122 5 104 65 84 64 38 86 34 36 24 29 21 18 79
    38 60 60 18 119 36 36 107 75 79 123 1 80 122 34 110 88 15 124 14 38
    123 92 125 45 102 30 86 85 55 118 81 31 4 72 124 13 10 89 47 124 26
    71 40 29 20 116 27 48 118 3 90 43 110 120 47 12 105 122 42 96 79 22
    121 51 2 7 59 89 99 29 29 75 48 59 27 124 45 42 27 63 1 72 71 111 48
    72 63 119 57 52 114 30 127 23 114 92 112 57 3 73 118 121 16 71 111
    65 25 78 49 60 91 5 93 72 71 68 73 33 7 72 106 47 120 106 33 23 40
    104 47 70 1 86 62 93 16 41 124 43 12 100 23 94 69 70 89 29 70 98 103
    96 120 123 8 119 29 65 24 110 97 114 49 63 115 114 28 64 24 35 38 39
    106 49 31 109 97 101 50 37 96 8 47 19 93 120 74 90 20 72 19 75 68 8
    27 88 69 104 0 104 17 112 97 10 8 79 4 89 50 119 17 3 49 90 25 77
    127 84 12 43 11 67 126 49 44 75 112 71 57 88 21 35 84 40 96 84 68 12
    12 28 44 127 105 37 16 76 42 22 94 27 73 26 14 56 94 74 52 116 124
    107 75 13 7 53 105 5 59 85 17 20 74 21 12 86 78 86 19 91 10 8 69 41
    3 45 102 114 10 40 90 112 1 58 108 112 81 28 119 107 45 65 59 63 21
    36 114 31 83 50 103 6 19 109 27 54 16 1 112 26 122 99 85 125 59 80
    77 1 122 80 28 10 91 88 31 84 106 68 60 6 35 14 74 0 101 58 91 92 22
    40 122 57 24 87 112 39 63 97 55 25 19 15 33 5 7 116 59 50 4 58 8 1
    113 121 33 53 56 75 21 24 113 73 58 85 123 86 124 46 105 48 87 37
    124 43 97 73 65 94 13 58 19 27 32 102 126 95 100 3 43 85 100 101 56
    57 89 100 83 7 9 118 65 75 30 7 88 95 16 64 90 121 19 74 7 23 68 84
    74 2 62 86 14 8 64 28 8 90 7 15 32 112 24 31 60 75 26 35 85 86 88
    104 61 109 124 21 33 124 35 33 40 116 88 34 20 108 44 80 121 39 121
    58 124 57 55 4 51 48 72 35 99 43 79 106 70 66 116 46 5 91 28 72 123
    29 26 106 49 93 112 59 15 37 101 69 35 82 83 9 79 10 32 78 18 23 53
    17 126 94 48 79 30 24 32 46 64 2 70 52 59 85 21 88 111 109 55 86 91
    96 9 53 18 49 64 96 96 28 14 34 31 97 47 121 43 53 93 58 75 28 81 55
    25 13 0 48 13 21 15 98 20 101 123 85 40 96 7 42 113 31 90 109 117 22
    64 52 89 78 33 24 61 54 1 87 35 69 65 57 44 21 120 11 4 60 58 117 94
    101 105 23 27 66 82 63 60 108 36 2 113 108 37 2 92 97 123 9 80 88 86
    95 79 20 54 3 120 111 40 15 29 67 117 26 15 68 21 93 77 24 5 116 5
    45 107 106 96 95 11 72 9 58 124 104 61 104 0 19 62 14 78 61 49 111
    89 52 40 72 36 100 97 48 15 89 46 121 118 59 87 74 44 92 120 60 44 3
    73 48 43 104 93 98 20 7 4 16 61 17 5 77 32 120 53 121 127 61 58 69
    25 41 43 39 71 87 19 39 42 124 119 27 49 2 32 2 8 50 76 68 66 22 12
    89 101 62 14 5 19 110 4 63 93 8 31 76 57 53 34 2 24 40 68 28 93 4 86
    58 97 127 42 36 14 100 10 2 102 36 61 108 121 65 39 40 26 1 19 126
    40 72 87 47 49 102 106 27 78 92 81 35 82 34 44 112 32 57 110 41 97
    30 12 58 72 65 123 95 79 47 49 106 25 118 117 5 31 108 57 31 68 8 31
    72 114 76 62 43 82 80 79 27 115 27 28 109 53 114 32 24 33 1 100 91
    113 85 93 75 74 44 76 6 124 62 6 65 19 108 39 124 46 14 99 37 86 66
    17 79 38 103 17 88 54 51 56 43 26 98 125 76 96 94 119 74 14 10 67 55
    91 51 69 99 49 9 98 118 108 63 2 70 58 44 48 26 121 89 69 126 64 16
    124 72 60 2 121 118 78 31 119 0 1 19 83 77 97 86 106 71 20 52 9 106
    66 119 44 46 7 43 8 49 83 59 66 63 26 78 77 103 117 68 73 102 6 4
    123 14 85 109 57 37 57 20 28 120 94 78 6 104 90 43 73 1 13 126 83 56
    126 39 116 32 21 106 11 43 61 9 114 120 61 93 25 113 127 61 44 89
    123 109 66 2 23 26 122 82 42 88 108 124 49 55 114 21 77 4 50 44 20
    56 125 0 44 115 14 27 45 31 8 25 96 2 79 125 84 109 20 70 46 114 68
    22 126 22 109 95 122 109 15 29 8 20 27 25 26 41 38 15 109 73 70 113
    37 94 85 120 95 63 50 94 80 7 87 82 1 94 116 93 50 98 48 103 34 93
    29 5 22 86 75 36 28 104 105 45 14 93 118 112 31 62 105 26 32 27 119
    44 94 9 29 19 118 28 7 52 94 72 123 44 81 23 21 82 30 79 27 14 85 32
    73 39 123 103 71 120 115 91 81 71 41 27 119 34 5 58 57 103 116 58 84
    28 102 81 47 2 109 56 102 85 26 60 70 17 48 51 101 116 49 20 38 42
    66 102 90 115 39 37 82 104 26 89 40 48 26 35 60 44 10 29 42 43 111
    55 114 79 85 47 15 28 93 14 12 103 70 5 113 62 78 75 110 120 110 42
    41 48 123 92 99 121 2 78 112 17 49 30 71 102 3 112 66 67 11 67 11 4
    34 49 109 26 66 40 46 73 69 107 61 44 20 6 111 124 110 113 56 38 65
    87 5 27 108 125 30 49 9 62 79 31 42 54 112 64 43 1 53 49 95 117 19
    28 113 17 16 85 70 96 7 99 126 122 113 98 34 123 120 125 38 113 71
    28 40 10 63 125 46 25 94 118 108 40 81 114 102 28 70 91 93 49 126 10
    100 14 29 30 115 22 46 126 60 38 27 72 69 71 29 1 112 32 77 42 64 9
    84 37 106 127 114 0 54 36 62 76 0 85 89 91 90 107 124 118 92 72 28
    105 98 19 60 105 18 70 7 32 31 33 1 87 28 20 88 68 81 22 71 67 113
    22 80 45 91 58 9 29 10 125 20 0 106 102 119 30 84 97 32 97 43 54 111
    93 127 46 69 89 65 110 61 99 64 13 31 68 118 12 36 106 114 67 114 53
    123 29 43 100 16 38 101 4 45 108 99 54 89 53 63 109 72 122 98 118 38
    57 29 68 28 87 59 27 78 4 111 90 68 47 22 49 34 21 24 10 49 26 21 8
    56 82 126 13 93 80 89 100 27 3 41 93 58 32 102 127 63 73 49 31 58 53
    2 34 7 119 54 76 95 55 120 63 31 95 49 6 122 97 104 58 76 38 110 6
    79 120 43 116 21 46 20 40 48 108 110 48 29 63 89 16 121 32 4 39 76
    67 43 5 60 4 14 96 48 65 22 93 77 73 37 34 38 68 54 97 20 69 66 81
    17 52 44 48 2 13 84 22 58 44 50 82 44 33 51 27 8 23 47 61 42 68 73
    62 50 44 99 122 78 26 94 5 112 100 7 54 20 58 101 52 82 65 16 99 115
    104 99 15 61 6 122 89 79 68 111 49 20 55 43 122 67 6 90 80 53 23 56
    47 51 80 60 102 66 51 86 86 1 23 101 120 29 71 76 65 95 64 20 106 67
    3 52 57 51 66 115 17 18 97 81 79 32 96 63 27 50 108 12 4 60 106 94
    60 68 105 44 125 123 31 89 69 116 112 124 50 125 25 119 53 22 95 58
    57 66 44 34 7 79 121 97 41 29 46 74 15 120 3 81 47 36 45 98 13 83
    125 10 89 116 28 25 113 116 51 17 119 3 51 79 123 24 30 83 119 14
    109 46 9 83 116 122 119 127 17 62 68 34 3 0 26 34 108 61 125 108 82
    75 74 15 49 124 28 8 48 11 7 108 90 80 24 86 93 9 36 116 100 97 7 46
    76 91 0 16 36 82 68 4 33 117 0 92 84 70 55 71 75 65 90 44 55 65 1
    119 23 9 108 35 35 68 30 111 24 83 80 123 15 1 28 32 16 103 23 115
    115 80 9 44 81 26 2 41 63 99 102 61 44 59 71 77 39 10 91 78 19 58 6
    14 34 8 42 15 8 126 114 123 25 79 126 104 1 61 98 20 45 1 1 42 107
    41 85 125 80 99 30 39 82 12 40 4 89 35 63 96 97 86 98 60 1 56 69 77
    21 107 87 100 1 53 66 4 61 43 71 87 76 116 36 46 34 2 115 79 34 70
    10 57 38 79 60 79 2 98 82 12 60 42 36 82 80 59 39 98 56 87 32 5 72
    22 74 29 13 108 52 62 76 120 69 76 61 116 103 1 88 113 37 50 57 39
    76 22 41 117 107 98 46 11 88 60 34 77 7 73 80 23 81 115 24 87 125 1
    74 33 28 71 98 12 110 43 53 15 69 3 42 69 88 23 89 120 79 65 60 110
    96 84 61 43 3 77 93 50 47 123 55 14 99 92 108 93 123 92 109 91 30
    123 10 84 98 75 49 62 7 27 77 73 3 33 80 117 35 125 86 92 121 78 123
    5 68 35 41 103 32 124 80 57 72 112 92 110 61 58 33 68 22 67 16 49 29
    76 11 73 32 72 59 110 87 89 29 19 34 14 81 104 44 2 59 63 9 70 116
    37 13 11 90 67 35 127 75 109 123 12 56 15 2 102 114 9 91 4 79 98 78
    7 10 127 16 36 95 69 40 22 29 46 14 79 4 90 79 53 104 22 100 101 12
    93 51 116 85 120 118 32 47 72 99 123 81 108 82 39 116 109 99 82 17
    57 26 114 42 57 2 57 38 79 77 71 46 100 16 76 17 69 9 112 95 82 86 9
    12 78 109 30 82 118 71 33 23 67 114 108 28 42 124 4 73 0 48 28 38
    116 109 38 31 100 0 81 13 36 69 79 20 12 4 23 100 85 80 65 47 64 18
    24 29 100 69 100 112 17 9 70 12 44 19 10 44 125 38 9 6 42 33 54 56
    89 55 115 82 126 66 35 39 29 40 46 21 3 84 62 23 36 99 51 49 81 13
    64 89 2 80 125 84 119 93 0 109 5 79 50 78 28 89 121 103 102 105 34
    40 6 11 40 1 91 55 88 49 14 37 52 32 26 56 78 125 5 88 98 116 105 89
    63 10 31 102 17 48 16 2 57 84 32 43 64 38 88 36 64 116 36 99 107 43
    96 55 31 117 54 49 94 34 95 12 69 66 88 0 97 30 14 10 124 123 87 25
    63 110 117 21 65 126 104 3 65 122 8 124 52 78 54 82 55 59 34 31 48
    13 53 111 81 116 99 15 82 104 37 69 112 109 104 90 21 18 0 33 58 49
    113 117 67 60 105 105 20 0 74 3 13 26 43 11 72 93 70 82 80 79 123 40
    40 68 21 26 30 109 101 103 11 35 39 103 71 27 9 91 116 25 105 45 60
    88 116 6 107 53 119 70 127 27 58 123 111 81 78 122 37 58 125 72 13
    61 76 49 78 41 26 126 42 4 31 118 23 79 62 104 69 121 88 93 44 55
    108 35 53 127 31 27 123 63 118 51 109 120 14 58 64 44 19 32 124 123
    106 120 123 120 40 5 106 93 50 34 6 118 123 35 13 2 54 26 121 48 34
    37 92 80 98 108 6 40 13 81 107 71 45 80 17 45 117 91 40 58 21 114 66
    7 8 56 116 62 121 115 60 36 105 8 123 43 19 73 42 98 34 85 96 57 1
    67 112 101 24 45 92 50 101 14 125 120 77 25 122 114 115 64 14 72 119
    81 33 89 74 39 19 116 3 49 53 35 126 126 80 95 83 59 81 46 46 79 24
    74 127 43 1 86 108 54 42 120 24 119 94 51 86 48 47 63 127 19 85 58
    84 60 99 63 49 101 17 71 77 59 86 34 6 92 75 83 85 33 110 120 61 82
    19 71 90 79 90 14 33 93 118 24 113 34 82 89 94 118 96 101 79 95 27
    108 105 41 127 123 31 48 71 77 102 34 75 26 91 48 104 85 42 92 41 72
    47 34 64 83 10 69 18 102 45 110 22 17 81 82 55 15 8 50 31 72 69 57
    102 1 117 85 92 109 109 26 123 123 20 109 60 67 64 111 54 96 50 122
    106 12 85 47 59 95 1 19 65 69 77 61 27 97 112 45 1 120 94 82 116 45
    109 29 11 62 26 16 5 92 112 117 42 16 83 72 126 72 55 19 50 19 3 115
    106 60 77 61 79 33 81 14 119 13 70 55 62 125 61 20 60 24 86 87 66 59
    87 48 40 17 24 70 68 75 112 101 39 53 84 64 39 97 28 111 33 24 126
    12 1 104 118 102 26 5 2 3 9 85 84 113 69 28 76 50 48 66 25 65 38 39
    76 125 87 29 52 6 15 72 107 91 65 84 99 84 34 52 109 98 61 36 109 74
    10 1 14 82 116 50 72 47 8 83 111 94 63 124 70 31 10 67 2 32 88 48
    109 105 87 63 126 110 54 82 95 9 119 102 38 2 1 93 31 120 71 101 56
    6 93 38 80 54 8 35 98 49 104 45 5 44 18 107 113 38 31 61 20 82 111
    21 113 60 72 54 84 11 28 72 56 90 0 94 72 1 56 5 43 7 69 25 85 118
    78 67 52 63 59 13 58 18 115 79 3 108 34 89 5 38 97 21 78 12 0 62 48
    59 80 29 125 101 113 126 127 104 89 121 30 17 22 38 92 37 96 19 37
    116 67 108 1 31 63 108 11 114 79 38 18 72 93 95 68 15 106 107 116 18
    24 6 72 8 74 21 74 26 58 124 47 67 125 101 118 116 105 39 31 123 106
    78 105 87 26 62 33 104 87 81 26 53 7 84 16 22 69 66 85 91 93 94 118
    121 119 124 63 78 43 37 101 80 116 22 119 127 53 64 83 66 39 68 13
    55 0 4 27 54 73 117 29 116 32 125 108 55 10 13 30 11 100 96 17 92 13
    105 84 116 76 116 11 46 90 79 10 102 85 29 57 47 2 97 114 19 118 72
    27 72 99 67 28 23 94 83 111 24 94 103 65 45 127 26 119 35 57 104 41
    44 31 102 83 61 115 11 101 30 94 55 69 107 58 58 90 112 15 82 8 89
    92 18 0 117 22 24 57 65 13 126 28 116 82 58 106 102 68 13 75 112 30
    107 110 61 12 77 53 23 91 121 20 123 124 33 61 87 70 104 1 125 121
    40 88 109 68 81 74 90 47 64 58 65 26 41 102 94 63 67 58 94 113 6 120
    83 127 107 46 55 54 102 65 8 1 2 102 0 41 126 53 70 109 97 127 100
    35 124 97 88 76 120 2 43 14 28 93 0 113 9 36 38 42 18 9 89 28 32 84
    119 126 102 111 19 23 101 49 25 81 55 58 35 27 20 57 48 21 94 5 8 77
    36 7 67 55 15 48 34 87 46 108 102 7 71 86 84 14 87 56 33 10 21 52 96
    113 126 93 26 43 55 66 31 97 98 17 41 36 111 12 77 0 66 43 105 95 0
    15 18 77 83 69 39 8 14 24 82 95 7 33 50 73 73 83 57 81 28 45 27 38
    111 106 73 9 46 41 103 27 22 8 30 4 11 40 70 51 117 63 8 42 45 51 1
    47 92 30 121 70 89 103 3 48 72 10 120 79 41 15 36 78 121 23 17 114
    91 79 30 41 61 25 24 67 65 76 54 98 96 23 92 119 45 75 82 52 90 28
    77 9 87 77 45 44 35 2 110 106 90 63 47 78 7 83 52 51 37 21 99 99 62
    37 124 16 57 12 20 102 110 47 38 58 102 104 54 123 38 60 79 102 123
    99 99 14 117 44 3 43 37 116 16 113 19 63 4 12 49 113 54 69 87 40 110
    60 59 80 63 10 97 82 62 127 15 31 75 126 33 5 3 41 112 82 76 124 38
    65 100 33 83 117 48 8 32 55 68 77 77 28 78 53 109 102 123 37 55 37
    110 48 62 12 19 17 81 38 56 1 34 28 125 57 65 35 112 127 9 68 98 98
    7 79 118 0 63 122 2 49 108 89 83 125 54 80 34 17 61 124 77 120 91 17
    96 5 1 62 59 20 101 2 92 116 33 94 31 81 105 20 103 123 102 23 62 87
    90 70 61 117 55 78 94 76 92 50 40 114 84 38 11 108 33 98 64 65 119
    37 96 47 30 35 124 108 34 125 110 69 11 77 115 58 103 79 118 110 69
    22 91 28 124 58 26 96 111 50 126 87 110 58 31 44 61 98 104 50 58 27
    93 74 81 56 83 52 10 62 15 86 43 93 78 31 41 42 115 61 98 89 96 39 0
    125 36 115 9 120 119 59 73 39 40 9 44 108 53 32 97 13 83 4 81 113 37
    39 61 71 110 23 85 114 80 91 63 73 31 109 125 118 112 16 94 77 125
    113 44 4 95 14 105 47 107 52 50 12 76 112 9 37 9 64 116 26 28 103
    107 27 120 10 83 10 111 121 60 69 59 121 66 8 29 76 89 25 61 34 72
    50 2 55 93 74 15 66 97 116 98 52 34 58 77 49 103 22 119 87 103 63 47
    73 49 39 85 121 116 4 48 52 23 99 105 11 111 5 80 13 51 64 59 92 30
    61 62 120 119 11 54 5 77 10 32 78 33 37 93 69 0 20 102 83 94 99 77 6
    112 119 25 52 117 79 119 73 56 29 88 72 18 14 73 80 78 68 97 15 55 0
    117 8 103 38 103 25 127 27 64 115 124 104 56 79 84 50 20 83 53 86 58
    35 38 81 89 125 32 71 7 8 123 105 9 55 28 112 7 11 100 42 62 8 61
    118 113 81 113 47 127 26 49 67 76 125 8 90 110 83 114 31 22 86 81 54
    73 5 98 99 102 42 3 3 50 92 30 120 42 95 12 18 106 83 112 95 46 2 88
    111 48 3 70 89 111 89 13 97 50 16 84 34 14 28 28 81 84 115 96 71 116
    31 77 35 27 50 112 22 46 16 116 3 84 1 44 66 87 84 64 81 29 116 57 8
    58 44 24 53 50 86 81 60 26 96 73 46 21 91 12 115 51 84 62 53 76 46
    114 12 22 64 56 14 63 48 119 112 104 121 108 13 33 70 87 6 74 104 42
    75 120 36 43 9 14 89 3 41 12 39 7 106 32 48 27 126 122 107 98 96 2
    35 14 67 2 123 63 82 10 14 49 58 54 29 93 83 121 20 40 51 7 61 53 19
    117 58 53 43 6 120 23 24 100 27 2 41 121 71 119 109 70 122 46 43 73
    2 44 26 116 59 21 42 83 71 68 39 124 17 82 91 16 52 102 51 100 114
    26 54 23 49 89 61 76 6 110 70 8 14 64 7 10 71 46 11 68 78 97 9 98 24
    82 76 58 39 47 6 107 127 76 77 82 67 110 112 122 23 44 121 79 23 44
    122 48 91 78 13 68 59 73 94 31 34 11 54 118 105 81 102 33 7 106 42
    105 11 94 115 34 64 19 65 77 5 34 119 90 96 28 20 30 56 47 78 24 95
    111 122 1 102 122 122 15 21 101 75 27 87 46 105 81 16 110 13 87 55
    42 38 34 111 32 119 105 113 32 82 116 116 45 122 85 81 49 3 50 82 75
    59 116 106 66 77 66 38 79 127 112 1 62 94 88 54 44 36 63 96 101 122
    0 26 98 82 15 62 105 86 23 69 50 103 47 62 63 22 66 127 85 50 43 106
    11 126 117 16 106 6 79 72 53 67 30 109 5 53 3 68 41 45 126 6 100 99
    66 113 84 102 33 20 52 92 18 85 94 94 76 13 109 104 81 122 57 126 72
    26 62 31 78 127 90 33 50 41 112 111 117 22 71 9 46 95 81 42 84 80
    123 68 99 31 54 38 7 114 60 38 21 47 106 123 116 45 57 113 10 69 95
    98 26 30 91 106 98 102 47 0 66 87 127 0 46 5 37 100 44 26 110 49 24
    105 50 65 31 75 42 45 115 2 10 104 92 15 66 107 74 31 13 9 6 100 85
    56 71 51 118 83 40 65 13 76 110 80 44 87 76 43 67 49 59 110 103 30
    83 105 43 126 11 12 87 90 25 55 115 23 37 55 103 100 96 16 84 88 33
    110 54 91 3 100 46 36 126 19 82 101 89 95 86 49 65 61 107 27 22 61
    10 24 5 101 84 122 100 17 3 50 93 106 74 24 104 76 63 125 108 75 43
    4 69 11 105 66 39 21 124 89 123 28 11 105 24 61 79 8 21 17 126 88 88
    23 71 123 94 124 119 66 117 26 117 38 2 79 96 55 53 116 71 20 110 98
    75 97 110 78 94 76 93 106 19 98 47 127 81 102 24 60 15 104 110 28 71
    2 51 76 65 65 64 121 20 25 85 56 88 41 38 25 125 62 20 1 65 80 104
    17 44 125 116 90 96 118 73 15 44 3 51 81 53 106 49 42 61 89 110 62
    24 50 91 80 50 24 102 105 39 56 105 29 48 25 111 119 57 103 23 21 95
    28 122 19 79 98 69 106 117 35 60 104 122 41 109 126 98 11 8 109 73
    106 31 59 56 81 56 16 93 99 62 22 73 56 22 23 18 101 97 119 60 35 58
    107 13 43 18 25 15 16 15 75 22 61 127 117 37 23 124 12 96 22 14 71
    43 0 65 98 76 101 72 21 81 74 41 102 11 115 8 72 28 11 24 116 46 104
    118 124 26 54 107 71 59 54 106 10 92 40 5 61 76 37 67 74 18 34 12
    104 72 89 19 92 19 15 60 4 113 77 113 119 108 116 73 6 85 43 2 50 57
    68 91 87 71 80 121 30 112 67 37 25 70 9 92 107 18 62 80 48 48 65 91
    41 110 83 33 70 21 22 107 0 118 34 101 125 53 114 57 4 49 72 46 1 37
    19 94 50 58 47 84 104 114 97 42 33 77 120 52 50 2 17 1 97 16 47 81
    58 58 102 45 59 103 52 70 33 118 80 89 91 56 38 106 10 20 70 74 122
    38 6 56 122 22 94 87 12 54 5 92 101 89 104 11 85 20 14 30 50 57 18
    39 107 70 67 56 102 75 102 43 89 76 113 8 77 90 113 7 116 116 29 44
    31 93 15 46 14 102 32 92 13 85 10 81 79 89 112 10 18 66 38 125 4 115
    30 34 79 55 49 99 52 95 39 73 26 67 123 117 18 59 59 111 84 22 80 71
    31 126 34 94 113 68 99 96 54 105 16 0 71 56 108 61 16 51 57 51 42
    104 32 25 37 26 96 35 14 41 39 7 55 18 71 53 88 97 111 8 84 18 34
    112 116 6 23 71 46 21 4 95 89 52 64 3 98 109 80 28 62 95 7 47 30 31
    90 2 72 108 93 37 45 41 87 26 22 68 39 76 8 83 40 33 1 56 5 14 95 6
    104 30 76 4 50 54 51 51 32 15 15 70 73 66 45 80 34 15 106 106 56 33
    60 36 80 43 39 127 31 95 76 13 46 66 47 127 20 70 35 37 58 67 114 2
    80 109 113 76 126 38 113 98 79 60 16 110 0 5 93 9 81 72 72 1 60 106
    31 32 2 4 36 0 116 114 76 76 117 111 14 18 76 62 18 85 0 121 35 104
    119 71 77 16 3 119 30 109 90 85 67 3 86 76 76 28 51 20 117 102 74
    111 23 25 59 19 82 34 69 32 49 103 31 70 118 13 120 99 37 71 65 6 81
    37 78 92 63 54 41 37 64 97 103 63 64 76 106 12 96 56 18 111 97 124
    41 83 17 92 30 29 93 65 63 127 47 31 95 61 37 82 110 53 28 126 100
    92 25 88 107 6 67 4 34 4 20 121 81 121 1 109 111 115 2 60 102 17 24
    114 66 9 22 18 4 42 40 45 45 49 124 70 34 10 105 74 122 115 111 16 5
    0 100 114 122 43 102 45 84 56 115 113 104 8 46 55 1 112 72 53 14 36
    98 91 47 85 17 73 65 52 82 23 56 16 119 109 11 56 3 75 125 58 117 37
    121 81 51 22 113 33 56 33 65 92 40 27 53 84 123 40 6 73 103 36 36 76
    52 30 66 121 92 125 50 3 11 68 126 49 5 30 18 94 121 91 47 76 127 7
    12 46 85 88 81 57 93 23 62 65 2 92 115 80 91 40 89 20 51 113 127 47
    29 95 37 119 8 38 112 78 117 30 101 26 88 5 76 27 92 14 23 66 61 97
    98 21 87 55 63 121 48 105 54 73 116 37 2 96 83 78 73 19 51 52 82 83
    4 59 75 12 80 26 16 123 53 17 15 60 71 106 63 51 99 24 123 84 116 45
    109 52 115 109 125 70 46 53 51 25 19 85 116 10 106 37 65 39 86 62
    115 122 115 56 45 116 57 37 85 105 120 18 109 13 24 95 51 103 20 77
    85 71 29 62 72 52 59 61 67 34 45 72 51 104 19 41 87 22 106 15 53 78
    34 12 78 90 100 4 32 14 74 80 37 108 28 64 111 93 59 20 57 78 61 32
    42 35 1 84 22 126 111 83 97 122 47 95 121 72 72 77 24 76 111 25 38 5
    33 4 68 85 25 60 17 122 5 87 13 96 99 119 28 111 56 41 123 31 87 12
    108 89 113 60 32 91 64 54 117 86 107 73 40 103 12 101 71 86 10 41 17
    51 13 82 120 90 59 0 43 65 56 106 55 17 2 53 57 116 23 107 25 86 75
    120 105 114 98 82 59 5 53 31 116 27 28 124 111 86 38 37 125 67 78 98
    57 113 31 24 24 118 43 42 51 10 0 46 53 75 22 53 98 15 113 5 87 112
    76 46 8 9 81 34 126 40 87 116 17 116 11 58 122 7 122 88 27 108 125
    27 96 106 83 76 118 23 50 55 92 111 58 20 33 27 3 37 17 16 90 21 93
    45 111 103 68 115 31 18 76 56 83 1 98 16 3 25 124 42 123 35 92 23 35
    100 27 51 117 47 47 59 73 105 8 71 85 58 24 1 95 20 109 93 27 75 74
    50 103 96 6 2 88 88 119 16 1 119 19 121 124 54 127 23 121 59 18 28
    26 80 120 109 71 109 126 37 34 126 84 40 32 118 0 53 40 38 1 75 112
    90 93 9 113 35 103 7 86 44 109 2 109 66 114 53 49 60 80 57 15 57 76
    69 2 18 76 121 107 126 81 110 120 97 89 90 0 123 99 100 13 104 62 33
    120 87 106 34 49 3 68 21 115 56 84 54 49 7 92 45 84 69 35 4 72 101
    38 10 111 35 19 15 85 54 64 122 1 101 65 50 102 124 8 11 16 62 120
    42 80 94 118 44 27 108 24 16 101 10 92 77 10 74 52 21 60 51 35 64 36
    33 53 19 49 82 115 67 43 21 75 32 117 127 23 112 61 25 3 35 83 106
    105 25 33 31 115 67 49 18 113 19 85 47 12 99 33 100 90 65 114 5 34
    84 72 45 16 78 84 52 14 6 11 93 123 20 23 89 55 103 35 66 68 107 16
    24 14 37 126 84 6 16 92 45 42 46 48 120 20 71 47 63 50 68 27 47 96
    114 8 9 100 89 125 114 126 102 118 13 127 79 102 9 80 22 94 102 65
    97 78 63 54 10 108 24 81 52 116 73 29 69 7 108 116 45 23 58 45 110 0
    10 69 44 53 28 104 0 5 30 23 104 108 17 90 19 20 107 97 97 85 39 11
    116 83 101 53 19 73 57 108 127 53 33 30 106 85 1 110 108 35 8 80 126
    96 22 36 53 100 109 40 9 55 52 56 83 111 16 32 121 63 59 33 60 120 8
    72 70 56 113 105 47 0 99 87 51 29 110 76 88 31 56 80 55 40 55 69 124
    14 8 4 39 23 18 107 61 119 74 40 53 127 50 4 27 17 72 126 91 66 68
    43 55 98 100 94 24 37 54 59 79 11 11 42 102 72 74 116 30 6 115 51 65
    61 48 37 96 9 67 116 85 110 110 110 23 63 113 21 93 78 13 97 28 47
    51 55 112 24 111 90 18 1 103 105 88 55 97 26 27 69 53 18 114 12 94
    101 91 75 52 24 24 89 18 96 45 28 44 30 114 48 87 38 120 77 112 48
    109 26 95 104 97 74 91 85 2 49 10 1 118 20 112 32 77 49 4 22 114 80
    39 11 20 89 9 117 56 70 94 39 66 64 56 116 14 82 72 82 72 8 97 0 107
    31 55 121 12 1 29 114 20 105 36 5 71 85 85 73 82 118 120 120 75 41
    115 63 74 42 112 105 68 11 126 5 36 125 71 55 77 19 0 50 9 26 56 95
    54 15 119 113 79 57 123 54 87 6 14 90 8 23 16 75 96 19 38 5 12 19 27
    80 108 94 49 65 32 32 48 78 28 79 54 109 80 29 67 117 125 56 13 46
    91 61 3 127 6 113 21 69 28 9 1 53 24 70 72 102 39 88 13 70 118 2 23
    20 5 51 40 43 37 100 89 2 18 86 50 1 64 124 117 40 108 78 63 111 120
    118 56 100 76 30 68 96 3 24 118 52 44 62 24 103 8 118 49 61 58 4 38
    103 75 123 9 82 119 85 53 98 37 91 125 76 45 123 46 110 26 20 56 43
    13 84 85 105 1 86 114 13 54 2 79 106 118 97 96 30 9 30 54 91 19 93
    52 88 36 85 119 123 72 34 22 30 109 91 22 26 100 106 86 91 23 40 67
    118 94 107 9 58 124 57 6 42 115 127 96 11 47 52 60 100 74 80 66 75
    41 102 67 58 114 102 90 41 44 79 106 71 7 63 5 125 21 36 47 44 96 99
    0 72 20 66 24 59 51 91 11 53 83 112 71 95 53 59 25 80 41 104 109 37
    45 105 39 63 100 22 98 116 27 2 10 113 54 121 49 103 88 77 59 109 21
    4 116 95 25 70 51 96 31 68 37 56 21 87 13 22 7 84 112 47 24 18 84 40
    35 41 45 120 52 72 53 120 48 70 40 52 13 44 30 8 55 41 126 34 26 116
    19 56 3 126 46 63 69 38 124 102 117 125 19 36 84 80 42 94 51 29 127
    83 89 80 81 47 117 91 35 80 10 111 32 44 4 31 47 49 68 32 77 118 1 2
    108 36 43 122 44 112 24 41 94 113 33 68 119 114 61 55 65 97 0 38 34
    122 2 17 36 78 8 67 110 76 54 27 122 92 100 98 9 116 106 1 80 22 46
    21 25 101 121 37 32 2 12 77 101 35 34 127 105 89 109 85 71 66 122 10
    48 110 84 28 107 10 15 10 37 29 34 90 66 48 22 69 69 101 45 38 120
    15 60 96 93 35 51 80 79 0 15 55 34 27 24 125 31 17 86 53 120 46 60
    54 69 110 19 126 82 84 123 86 102 39 89 66 49 48 79 21 81 33 87 95
    98 62 21 124 9 91 61 12 87 36 64 77 30 45 9 110 94 110 53 79 103 112
    77 60 9 58 84 43 34 100 17 49 92 2 119 2 88 48 127 88 73 31 82 78
    106 56 68 50 118 91 85 82 0 116 77 88 119 82 15 16 96 81 12 36 68 77
    70 62 124 93 112 33 28 87 72 109 91 94 6 19 51 41 72 36 6 8 97 30 22
    51 45 35 117 42 23 49 29 57 13 27 17 12 10 33 50 19 43 87 102 49 18
    85 108 102 71 122 73 66 25 61 69 95 42 93 20 33 109 93 44 87 35 84
    64 75 58 51 78 62 61 24 109 97 9 88 17 1 53 12 60 78 42 61 123 110
    35 90 80 48 86 127 16 19 34 9 103 121 80 89 22 125 121 114 5 78 113
    127 16 59 44 19 1 82 72 126 16 97 4 82 9 111 77 20 81 17 8 56 87 92
    61 31 8 16 91 92 19 103 54 71 28 71 89 36 52 12 107 87 120 73 72 33
    77 77 41 102 94 71 17 7 12 14 118 120 28 100 42 24 14 64 51 65 38 68
    72 118 127 39 115 10 57 69 85 32 95 99 71 57 104 109 73 70 92 118 3
    90 115 57 58 17 121 9 52 15 96 85 50 6 66 80 126 120 99 15 58 123 34
    55 32 60 78 11 113 71 37 56 0 101 123 102 108 22 6 33 97 47 11 77 69
    112 44 72 70 119 88 68 95 87 107 82 47 28 112 38 117 80 114 71 8 90
    114 106 53 43 10 69 109 109 91 7 10 48 74 32 21 117 95 30 73 47 125
    19 41 64 61 82 97 113 49 123 90 90 59 106 74 56 100 52 113 62 22 95
    92 56 87 42 121 13 50 111 125 103 124 106 118 11 43 18 78 41 59 0 66
    127 79 0 94 11 105 126 40 20 14 109 6 113 70 22 10 92 48 43 12 14 93
    34 16 9 8 65 18 96 52 126 35 75 80 126 43 38 80 93 79 4 67 71 100 41
    91 82 73 13 25 110 113 74 67 23 44 86 83 117 55 34 24 105 43 17 32
    67 17 97 7 123 77 58 63 114 20 43 118 118 50 26 46 18 107 120 61 18
    65 90 106 88 101 112 19 34 99 17 40 125 83 61 100 82 94 126 11 112
    37 125 125 125 91 46 10 4 111 122 58 117 29 46 95 16 32 100 47 118
    97 93 110 33 44 85 102 102 119 40 42 78 43 109 51 78 81 100 55 68 11
    62 85 6 40 108 77 97 24 87 90 83 13 117 29 108 1 111 22 2 34 3 105
    37 86 55 11 23 82 107 121 110 120 121 69 57 119 69 6 79 70 14 64 109
    114 97 98 96 37 76 39 87 47 70 91 45 43 54 119 88 96 55 71 56 0 127
    55 53 40 52 118 126 92 35 97 29 66 68 62 9 81 98 43 75 103 23 56 102
    6 99 0 52 102 3 9 60 33 89 99 76 2 87 47 13 35 42 98 72 54 111 58
    116 100 96 115 55 121 83 25 87 37 45 82 92 92 45 115 1 23 31 81 56
    63 11 66 7 11 43 88 114 95 59 12 40 115 73 100 126 4 82 75 39 127 52
    103 87 89 45 76 110 66 37 126 71 9 23 59 62 88 31 15 13 96 31 13 92
    4 106 15 109 105 98 120 4 80 25 49 102 30 68 60 112 37 110 73 104
    102 30 53 121 77 109 92 24 31 91 47 115 96 26 92 13 98 63 117 99 4 9
    88 112 100 82 44 3 70 52 118 114 49 12 116 127 26 108 122 103 100 19
    53 86 106 33 7 115 13 101 47 30 80 2 90 7 93 28 126 72 21 104 4 48
    97 78 104 6 25 87 78 7 14 52 27 66 7 38 62 50 24 102 118 98 2 106 59
    55 103 34 124 94 7 59 98 121 6 124 80 6 64 56 23 70 103 44 45 72 47
    60 14 95 96 46 20 122 7 21 39 6 5 74 67 74 71 11 69 84 18 26 62 38
    89 105 76 92 116 87 91 31 62 84 16 71 70 59 50 33 9 109 6 27 75 58
    84 105 60 101 80 107 125 38 82 102 102 126 65 10 52 0 26 86 45 23 86
    97 41 80 105 110 59 79 106 40 57 115 1 63 72 14 7 100 88 13 75 72 98
    71 59 72 104 33 113 34 60 86 126 8 127 45 120 91 0 99 121 115 54 16
    54 42 21 101 69 71 41 101 102 4 99 127 115 90 27 89 3 117 96 52 119
    124 78 21 83 102 71 2 49 8 37 48 31 46 7 95 2 23 32 50 124 121 107 1
    17 101 35 38 44 75 40 57 110 124 16 18 38 22 71 44 55 46 91 63 12 8
    22 52 94 25 89 102 10 21 110 121 46 120 38 72 16 77 9 75 115 5 54
    118 72 103 118 47 81 76 6 62 56 71 105 110 92 60 98 37 55 117 2 90
    121 22 87 106 89 4 71 104 87 122 30 104 14 6 13 84 120 117 121 26 20
    13 104 76 82 120 110 64 87 61 26 24 68 34 36 108 45 38 115 61 97 3 1
    117 16 9 74 4 27 30 76 42 91 20 16 94 39 0 10 102 55 112 72 56 91 28
    103 35 16 58 24 73 74 29 93 69 98 6 46 96 116 6 37 83 64 8 120 58 85
    35 62 17 42 34 49 124 11 92 75 127 42 50 50 27 107 90 80 29 35 70 84
    108 50 92 116 25 17 24 50 53 22 6 34 112 25 40 127 40 34 44 51 17 62
    22 102 14 31 4 84 64 112 28 119 31 31 98 74 90 95 51 79 50 2 91 9 78
    30 30 88 103 37 74 83 7 119 77 108 26 80 61 56 119 43 76 105 55 6 27
    71 115 48 59 35 126 71 123 125 9 21 34 93 3 3 51 2 56 119 49 85 52
    102 116 68 121 57 119 14 15 95 11 2 4 57 31 70 118 121 97 108 121 29
    127 10 125 85 57 120 120 11 57 15 86 123 103 97 60 104 75 62 80 118
    71 94 112 40 32 49 67 77 46 70 55 112 116 110 47 21 95 78 15 85 58
    49 42 113 120 58 118 13 47 67 36 3 26 70 6 117 92 52 126 18 83 95
    113 40 83 86 70 92 84 116 120 114 55 37 11 57 102 111 125 106 11 92
    24 110 5 61 54 14 116 94 89 124 34 79 47 100 15 73 6 24 88 106 88
    121 95 84 4 114 111 64 15 51 91 90 101 54 123 40 0 7 84 127 82 91 16
    116 104 53 27 64 122 20 123 92 50 90 28 4 41 31 44 114 89 42 86 114
    98 58 9 124 70 118 114 93 99 41 10 27 96 110 19 19 1 75 106 52 64 94
    29 120 57 15 81 30 90 85 69 73 67 121 100 46 7 21 10 81 108 16 13 83
    31 15 39 115 23 72 10 43 53 20 76 66 73 61 99 75 109 112 38 123 56
    16 57 89 103 86 84 117 29 53 70 107 77 88 83 33 99 127 50 95 76 70
    27 64 34 82 105 8 72 121 54 20 59 81 99 1 60 26 60 125 31 69 27 56
    98 34 47 97 104 94 69 36 67 70 59 56 46 8 69 112 57 37 90 12 56 94
    33 65 50 57 4 37 121 87 17 36 27 121 100 86 81 3 93 83 34 45 37 13 0
    73 74 96 113 36 23 82 70 106 51 38 29 115 112 43 59 80 100 97 122 73
    68 73 91 9 44 105 25 48 21 1 68 17 45 45 99 67 56 82 41 72 36 114 37
    6 37 76 33 21 25 21 85 0 60 119 32 104 89 93 119 23 66 81 84 73 114
    36 60 48 111 11 109 111 23 25 119 44 103 31 66 75 83 114 54 102 99
    14 90 97 65 6 17 40 114 103 27 7 102 46 46 66 126 49 107 88 4 110 53
    61 125 48 88 86 79 92 33 93 88 29 89 61 27 64 112 92 69 115 79 47 52
    2 113 79 46 97 39 61 71 92 44 55 96 91 104 89 3 86 60 43 105 114 46
    107 5 113 36 75 110 24 29 56 6 61 82 105 65 78 106 75 118 62 39 48
    115 90 87 7 79 35 7 24 44 96 53 67 21 31 104 43 86 5 59 81 95 21 32
    78 11 46 70 16 115 25 4 65 73 124 76 44 75 90 97 119 76 79 120 45 99
    119 86 22 2 67 55 27 122 125 90 32 111 86 126 30 77 122 67 79 110 31
    38 81 39 68 74 83 96 119 98 39 19 124 21 116 13 44 125 15 26 36 3 53
    74 48 51 65 119 126 29 107 97 100 99 89 124 7 113 1 38 91 38 64 60
    29 49 54 98 99 50 44 56 120 49 76 124 82 97 55 113 119 25 8 105 44
    83 106 86 5 80 35 41 126 113 95 86 93 41 6 37 76 14 15 19 20 103 89
    7 86 17 121 2 93 126 103 42 91 108 45 102 9 78 50 65 88 117 30 111
    36 52 72 80 95 27 76 6 90 67 119 95 51 107 26 85 92 98 57 50 16 58
    31 110 119 50 38 45 2 80 53 90 39 48 77 34 44 115 108 122 66 118 2 4
    10 86 28 111 111 109 8 78 83 78 99 80 1 42 122 91 65 62 51 109 52 71
    29 10 0 46 96 57 61 92 44 103 81 73 94 77 86 58 59 57 87 91 93 54 34
    116 5 97 119 72 7 64 53 72 41 77 90 107 74 81 127 73 9 13 15 7 49 84
    62 123 26 18 28 115 51 37 7 39 29 12 119 73 57 106 126 70 91 90 123
    24 120 86 85 114 58 125 56 55 64 77 76 34 52 43 89 48 102 53 63 7 46
    2 23 93 98 102 22 46 84 18 45 64 107 81 109 85 40 57 78 12 99 65 92
    21 22 119 80 60 75 83 9 125 14 82 42 18 62 111 98 106 92 3 92 54 67
    26 87 66 93 36 63 90 49 98 94 56 29 3 17 127 29 8 76 80 80 21 115 33
    116 110 70 97 39 66 14 58 47 32 67 7 5 77 19 28 5 96 81 25 65 39 18
    43 20 28 61 9 109 21 111 117 67 25 100 119 90 108 93 67 34 95 26 67
    47 94 85 63 69 87 55 65 14 118 83 51 21 118 62 87 102 108 62 122 32
    120 47 61 33 37 12 19 37 7 105 72 119 49 114 80 18 78 55 4 94 63 111
    47 48 32 50 8 3 7 92 123 110 6 48 54 35 33 60 114 19 28 32 23 87 44
    47 18 41 11 37 14 1 31 47 64 61 29 126 51 121 120 77 108 126 113 9
    17 57 52 111 106 104 19 68 113 95 52 42 127 54 117 66 85 63 113 8 98
    42 99 74 86 16 98 72 76 56 68 43 15 49 121 0 76 50 127 89 82 124 22
    103 43 14 104 29 62 83 105 57 67 3 107 116 49 101 22 92 114 106 43
    99 63 107 91 82 70 93 13 49 80 120 79 87 96 59 25 70 112 45 112 65
    90 22 79 3 35 45 87 88 99 60 101 1 85 121 12 36 19 40 97 71 30 63 58
    96 6 14 109 83 17 32 48 101 42 61 89 66 99 115 75 16 18 121 102 12 0
    4 100 53 110 45 31 121 21 26 70 105 1 3 23 31 110 40 9 102 11 78 12
    117 111 113 7 106 13 99 40 14 114 50 51 39 85 102 32 9 16 45 124 101
    21 107 94 61 126 11 73 122 40 13 39 115 23 2 10 13 78 86 60 109 48
    119 73 73 100 83 48 10 4 21 29 95 67 53 37 61 13 51 75 93 65 2 72 25
    24 44 43 108 117 87 118 63 117 27 115 82 20 41 120 73 113 21 66 67
    98 71 26 90 15 124 121 34 53 23 105 59 46 69 64 124 114 79 78 1 92
    60 4 112 3 63 107 49 23 119 29 93 117 95 105 79 104 50 26 15 103 68
    112 127 119 108 112 18 15 104 5 117 18 84 11 16 65 34 1 70 81 62 43
    116 3 77 23 90 67 114 21 6 116 115 54 51 124 84 93 11 7 48 53 123 72
    107 102 61 110 99 124 59 44 88 112 103 123 81 50 90 3 96 50 71 43 74
    105 36 84 25 24 118 78 29 56 100 9 50 94 9 41 110 59 80 98 113 105
    27 105 26 53 80 76 51 99 34 89 9 4 21 54 51 33 4 74 4 123 84 23 70
    79 84 84 84 69 82 0 24 109 24 17 121 82 97 108 90 4 9 120 123 59 122
    46 0 43 69 40 125 58 20 52 32 31 111 85 86 54 111 74 106 96 125 109
    35 17 37 71 28 121 51 116 115 17 58 36 117 0 86 85 26 79 67 75 36 77
    47 19 107 29 88 125 21 22 65 112 126 102 2 37 21 97 56 67 37 104 4
    36 45 63 57 87 42 19 92 114 45 66 67 28 91 51 2 9 35 90 63 26 37 112
    95 74 48 47 40 12 102 71 119 62 23 77 87 36 72 67 66 71 11 61 48 91
    45 25 77 97 97 127 96 110 107 64 70 1 44 103 92 119 53 12 64 10 112
    60 39 42 68 20 59 14 126 86 93 105 25 97 29 110 32 43 87 72 33 78
    115 102 83 126 74 49 36 107 41 75 79 123 108 55 120 103 92 72 127 25
    51 29 28 43 72 45 79 108 87 51 64 100 39 43 82 67 119 73 103 79 57
    95 89 118 36 125 9 67 112 99 3 100 96 124 39 118 81 93 18 45 54 45
    34 90 116 25 80 88 28 76 34 62 110 100 0 51 34 69 126 67 116 18 84
    110 126 57 103 3 93 96 112 83 63 104 36 38 60 123 93 99 40 55 16 33
    100 78 91 98 32 83 45 114 104 13 39 86 28 11 7 42 87 13 47 45 35 106
    95 0 122 38 10 105 87 99 73 48 0 125 9 106 48 69 86 93 85 104 99 112
    97 65 36 58 4 3 47 116 13 92 126 15 41 69 51 68 95 127 124 74 109 26
    111 81 72 97 79 93 20 62 9 5 77 87 107 121 53 48 101 86 8 115 23 125
    119 47 75 9 23 93 125 97 44 79 68 85 24 100 120 85 107 127 49 57 88
    92 66 8 124 97 25 82 6 105 87 94 4 41 113 66 9 94 96 47 90 11 98 60
    95 43 28 11 47 98 4 25 98 46 46 58 84 84 62 16 23 113 84 53 51 55
    113 110 39 7 59 27 50 100 123 47 63 73 67 74 116 35 1 95 24 113 3 95
    30 116 26 77 119 50 70 94 40 85 80 4 82 37 12 29 68 61 101 121 59 69
    8 117 8 44 12 61 82 0 71 63 39 70 121 3 23 103 1 119 57 100 111 91
    127 121 41 119 92 31 87 25 72 28 58 43 15 32 54 77 84 95 113 90 85
    99 9 87 92 26 26 0 32 19 15 38 65 38 70 38 51 122 16 89 112 9 13 127
    122 8 105 119 102 71 59 10 112 44 83 95 104 34 30 51 66 94 49 95 76
    100 3 118 20 7 60 51 113 54 22 117 125 37 106 57 104 6 67 41 51 9 20
    105 122 8 3 47 116 15 82 101 3 93 30 40 124 18 74 47 72 83 18 83 112
    47 123 65 51 1 125 5 107 36 51 29 55 66 60 19 1 70 125 98 34 98 89
    21 69 94 126 124 0 67 68 122 22 19 35 116 48 122 8 52 32 104 81 110
    87 64 24 56 125 12 13 108 47 87 50 124 68 71 35 51 19 80 108 38 109
    112 119 104 47 73 86 41 20 82 91 12 22 100 81 57 64 109 77 101 73 15
    77 37 28 16 76 63 77 10 104 75 114 5 97 17 103 102 64 99 98 37 2 116
    66 82 108 17 88 60 25 76 7 90 48 6 21 90 10 125 33 31 106 30 31 42
    101 33 92 116 98 38 13 55 44 23 125 52 29 106 16 40 80 60 8 109 119
    79 78 113 127 106 110 35 50 94 69 115 82 97 122 52 27 70 22 9 14 92
    54 106 71 36 28 26 16 3 57 127 81 58 74 95 19 117 66 113 47 8 112 57
    35 60 11 7 23 40 56 97 114 50 44 48 61 62 102 3 23 17 107 118 124 20
    109 44 66 29 40 59 70 114 53 88 39 38 96 119 32 49 92 47 96 81 9 44
    13 46 52 90 121 93 65 125 51 85 37 96 68 3 103 15 69 5 66 50 1 76 41
    95 122 116 83 95 50 26 55 50 53 79 11 53 20 21 116 43 35 65 13 12 74
    76 39 82 102 108 111 105 92 72 41 3 8 74 76 57 103 63 42 106 83 20
    52 18 34 27 74 90 5 88 8 95 87 41 84 110 47 49 114 40 72 114 13 124
    85 110 46 73 38 8 46 72 27 29 73 104 88 56 96 113 42 6 2 75 118 27
    16 43 108 10 34 69 36 21 101 14 109 115 2 126 51 92 85 13 93 60 9 55
    26 86 54 88 15 53 6 88 32 8 30 68 109 36 63 109 0 60 64 28 20 16 38
    31 37 26 60 54 61 11 115 97 124 101 66 125 113 80 123 55 39 41 51 29
    117 7 2 93 110 85 73 6 33 18 123 38 9 67 45 63 104 122 107 43 98 30
    23 54 122 71 50 111 113 112 57 119 99 39 48 65 92 25 19 56 82 91 109
    102 123 74 82 15 125 107 79 29 83 14 124 21 61 95 109 127 76 37 64 4
    32 127 96 98 76 14 36 71 9 70 10 61 25 71 97 52 115 8 85 60 19 52 78
    104 55 104 53 22 127 14 69 46 122 56 52 51 102 93 65 122 12 124 110
    61 121 65 107 57 96 78 44 105 119 110 89 118 123 108 42 50 30 117
    117 75 74 87 27 67 19 45 85 39 48 90 52 12 89 9 55 94 15 7 50 39 35
    106 97 46 83 12 74 68 124 32 52 24 13 94 7 32 89 86 6 64 102 88 31
    60 27 17 57 67 42 97 123 110 117 77 61 47 111 89 24 1 106 37 92 127
    82 3 9 30 103 86 113 97 20 96 80 75 23 26 85 101 105 35 108 123 56
    87 38 40 49 47 77 16 97 96 70 105 110 17 56 74 7 23 73 38 71 78 43
    83 51 26 44 49 95 32 91 65 116 108 90 75 58 60 5 53 65 64 45 54 2 38
    35 21 108 7 75 14 11 119 92 32 83 113 82 3 92 83 48 64 70 83 24 85
    55 13 86 29 7 8 8 126 112 114 50 103 20 105 51 127 28 118 116 26 110
    93 119 112 65 66 91 2 11 49 62 26 50 127 53 29 13 59 40 39 50 100
    110 82 53 107 85 44 98 40 71 127 0 102 82 41 13 20 73 97 54 11 1 64
    94 10 78 116 14 79 102 65 111 25 29 52 25 11 86 6 71 127 115 44 88
    121 85 12 18 0 84 114 61 119 96 19 91 32 97 111 4 5 30 77 84 59 109
    121 47 77 119 97 94 100 115 32 84 27 43 92 73 45 0 0 73 52 93 121
    104 31 120 17 113 22 64 65 73 70 32 3 23 56 46 98 90 113 75 79 103
    112 36 113 105 67 111 93 60 63 29 23 82 74 73 97 77 2 0 22 92 20 42
    105 7 121 43 62 60 14 80 53 9 105 92 12 37 118 37 52 15 84 12 25 107
    73 63 46 7 9 42 57 94 3 83 43 18 0 79 61 122 110 91 49 44 90 119 59
    41 35 90 41 117 15 101 67 116 22 113 0 120 4 37 26 71 16 112 81 6 68
    76 3 24 102 96 46 51 19 86 122 15 92 5 53 127 51 85 33 76 68 55 73
    102 126 70 106 14 18 109 64 40 16 17 104 110 51 60 39 26 120 53 109
    85 71 127 12 101 31 19 87 80 47 19 59 15 18 2 0 27 52 16 54 102 78
    61 124 11 55 57 100 57 51 103 13 53 101 10 35 70 67 76 6 55 63 79 62
    56 82 97 71 86 45 78 91 100 23 121 64 52 9 110 9 69 10 78 1 45 86
    114 63 108 104 119 77 126 77 43 117 20 79 32 18 36 101 95 123 127 90
    102 12 87 59 94 86 18 102 102 12 108 81 121 19 21 60 5 2 23 8 84 32
    127 21 36 11 46 1 1 122 125 49 76 49 38 25 93 69 114 8 82 2 17 126
    26 56 33 97 10 67 118 111 80 5 83 82 112 124 50 9 83 50 78 109 66 64
    92 85 97 11 80 45 118 21 45 8 46 87 11 55 120 101 30 102 86 125 12 2
    114 3 89 74 15 38 39 64 74 68 91 32 88 70 5 76 68 84 109 54 52 37 75
    83 81 19 103 67 66 77 79 9 110 53 21 115 19 93 19 119 111 37 2 99 90
    87 41 5 80 38 96 13 7 63 68 39 62 86 12 96 120 101 1 71 64 104 19
    103 83 18 73 118 26 121 36 125 31 89 92 110 107 73 13 118 112 13 121
    53 12 114 45 121 23 73 84 97 23 117 94 77 58 52 8 53 127 29 86 74
    109 42 70 0 106 81 46 114 29 59 91 105 51 93 31 74 75 39 73 101 74
    102 100 12 73 65 58 41 116 83 82 25 62 99 127 101 82 96 47 0 26 48
    89 13 101 50 119 37 41 109 22 13 22 48 80 9 100 48 39 100 33 46 21
    57 92 111 105 85 101 53 96 49 30 11 24 40 126 18 125 89 35 92 12 34
    101 74 78 35 108 21 9 66 9 126 21 77 8 59 116 79 55 115 72 117 122
    38 121 63 107 58 48 65 38 16 46 70 70 49 83 103 126 49 103 10 72 123
    18 68 78 98 84 107 97 116 36 82 80 102 18 119 75 54 33 115 72 33 14
    33 109 111 69 39 122 49 74 3 3 80 116 112 16 127 27 32 118 125 78 17
    105 85 19 119 90 21 4 112 70 121 4 89 71 54 66 28 31 65 0 93 37 45
    107 9 64 120 112 85 23 109 21 23 77 105 54 67 101 14 83 117 47 75 37
    121 79 118 48 111 19 72 21 103 34 118 6 32 97 104 117 69 50 76 23 59
    35 97 55 101 66 8 36 103 124 63 35 3 111 1 36 9 103 7 78 50 5 26 108
    104 58 80 108 0 30 87 32 8 87 55 100 1 10 88 108 89 53 115 108 13 58
    21 17 49 97 32 48 45 41 122 12 36 126 70 112 80 118 35 79 114 115 79
    85 106 11 16 102 40 3 96 52 50 26 27 50 104 13 25 38 49 62 42 56 111
    66 89 32 90 12 71 123 92 118 49 37 110 45 95 77 10 34 17 100 97 10
    83 100 54 1 123 10 107 105 125 42 4 14 74 122 57 73 37 20 124 25 3
    100 64 19 56 56 82 105 16 86 52 50 68 24 1 73 7 5 6 112 71 10 50 127
    118 114 57 50 73 100 4 87 36 14 114 125 110 121 123 76 26 7 36 91
    114 3 107 9 17 45 115 97 0 7 94 114 101 31 14 12 30 99 24 29 90 31
    91 17 75 96 66 63 12 88 80 46 16 61 27 106 83 53 89 52 116 120 26 25
    97 114 113 37 10 41 51 89 58 82 72 101 117 28 56 125 86 45 84 78 51
    21 14 60 19 48 19 82 124 115 17 51 96 101 40 106 78 80 18 27 21 89
    27 52 107 89 17 46 47 96 26 94 18 87 27 115 24 82 109 124 48 44 98
    83 19 46 5 18 42 10 59 105 51 67 62 9 97 58 54 30 28 51 40 56 0 119
    56 101 110 32 97 27 67 63 52 60 39 65 66 115 21 89 20 75 8 36 79 52
    124 110 122 44 114 99 68 79 40 105 35 109 6 34 98 94 16 48 35 14 14
    33 26 125 106 112 39 20 75 72 107 20 39 34 34 79 91 102 117 68 125
    43 26 84 108 111 82 72 33 103 114 67 30 15 81 80 116 107 35 88 0 20
    91 67 105 111 116 64 32 3 119 15 70 114 96 86 90 72 97 0 44 20 99 75
    51 69 17 43 48 15 23 26 9 99 43 36 118 83 39 15 93 19 62 101 8 73 84
    50 81 66 47 97 118 89 13 96 103 70 7 74 71 126 81 77 27 27 25 127 40
    51 18 75 43 71 71 111 117 114 80 11 59 78 27 1 19 108 112 59 77 76
    33 114 11 7 19 19 95 48 6 18 75 31 37 104 106 93 28 90 19 3 80 70
    106 20 50 127 36 100 62 76 55 87 98 76 39 49 96 94 22 1 66 91 74 77
    63 34 122 49 71 53 74 61 120 104 16 40 75 67 82 58 95 73 93 72 3 89
    117 103 69 105 107 6 11 105 81 111 5 32 61 19 100 106 14 10 32 31 25
    76 23 94 119 48 77 109 37 117 109 97 4 7 78 107 22 23 53 91 21 98 25
    49 96 73 86 48 48 98 46 86 54 66 20 40 51 20 15 113 28 16 81 75 83
    96 7 80 33 41 1 23 55 38 123 89 47 76 63 5 118 59 70 127 36 20 20
    106 40 112 127 102 51 67 97 37 37 52 108 12 36 36 95 83 123 60 80 51
    73 89 32 105 59 75 49 32 111 86 81 53 32 84 63 119 82 77 67 50 24 59
    84 109 16 18 28 38 51 44 11 107 122 97 37 106 68 2 27 48 12 1 21 41
    108 65 83 74 75 92 46 81 95 120 36 60 112 115 24 32 11 44 41 125 100
    109 20 111 82 113 16 2 45 115 18 5 52 37 119 122 114 126 98 22 86
    114 51 46 23 1 107 9 83 101 53 43 29 89 112 56 87 67 16 119 54 77 39
    79 10 80 68 10 124 47 8 32 43 57 71 69 77 10 36 21 56 84 10 89 91 74
    18 35 35 93 11 9 20 16 22 58 4 109 97 39 34 20 120 66 39 72 89 51
    121 79 109 87 39 58 20 95 18 50 68 119 3 100 117 66 13 91 71 119 53
    25 114 34 46 117 5 121 86 67 18 49 88 69 121 35 66 17 76 77 4 27 119
    102 45 14 6 97 97 58 94 112 94 1 4 36 101 52 109 122 2 8 125 3 15 49
    49 92 118 57 41 93 105 13 101 99 38 70 125 117 72 118 120 77 41 102
    25 111 127 94 100 112 37 107 115 110 93 50 60 103 44 25 4 92 112 0
    81 105 20 102 59 97 103 123 46 124 120 18 72 84 55 108 31 68 52 2 37
    39 117 50 71 5 44 25 89 66 38 71 41 99 118 60 2 8 15 59 79 113 37 15
    0 38 126 53 92 51 116 122 123 86 6 49 62 38 80 70 113 21 10 52 127
    24 95 22 11 16 58 53 89 57 127 57 24 53 43 49 93 119 15 79 102 77 7
    11 35 58 77 5 107 78 115 6 96 45 74 81 22 50 83 18 59 73 41 114 101
    6 15 121 82 14 31 104 36 35 32 32 103 122 71 27 30 9 115 9 6 40 44
    95 4 42 92 52 115 89 114 16 67 106 115 27 121 58 42 6 7 124 73 118
    87 42 46 16 55 98 71 34 73 85 126 121 9 10 113 66 99 36 116 40 110
    74 25 109 104 44 104 96 53 121 88 117 33 1 92 90 23 104 67 31 106 68
    76 58 0 2 120 23 57 97 126 14 125 62 36 127 25 31 51 30 27 127 45 35
    63 4 94 59 60 34 60 4 67 40 57 78 52 73 106 46 1 104 115 108 100 53
    24 23 5 110 15 85 125 6 71 125 74 27 62 53 113 79 77 44 18 121 0 44
    38 91 91 123 14 78 45 92 41 3 55 123 8 104 46 65 98 17 0 1 100 94 99
    89 116 77 36 39 126 72 30 9 40 103 46 30 69 23 105 124 88 5 12 84 43
    48 35 20 86 46 103 84 122 86 67 126 105 58 18 118 34 52 98 87 16 25
    13 63 77 70 51 89 53 116 117 23 123 107 18 80 124 87 82 35 25 6 59
    100 126 61 100 106 111 65 20 36 106 14 17 72 121 33 1 104 64 120 43
    108 21 121 110 1 97 112 83 85 11 24 22 55 87 38 28 28 39 5 14 10 38
    40 24 74 108 87 68 23 58 31 7 62 71 34 103 116 97 15 26 1 106 10 86
    81 19 10 12 107 73 92 24 45 47 82 4 1 51 93 21 112 49 123 9 125 8 7
    99 117 51 80 106 87 72 127 63 111 29 33 80 74 31 71 73 91 99 125 101
    5 63 121 40 45 123 65 52 78 49 3 113 101 22 16 66 13 79 93 67 93 65
    75 36 112 104 14 34 98 73 103 98 102 71 10 106 20 95 90 123 2 91 49
    30 70 108 109 53 103 54 34 127 57 6 90 95 36 106 114 22 27 17 124 40
    93 52 49 30 103 107 112 88 65 124 45 111 23 76 76 38 71 22 19 68 97
    90 43 73 57 49 40 74 24 98 55 63 10 54 6 16 56 30 57 19 23 37 15 105
    120 11 62 35 29 11 118 118 33 123 61 115 69 20 81 32 95 49 56 99 77
    59 55 58 45 76 23 127 115 122 10 59 2 103 74 102 80 48 125 126 34 13
    71 111 124 62 97 120 26 71 103 113 94 115 43 57 40 29 24 16 85 49 77
    57 109 123 107 67 100 17 78 103 56 124 94 36 109 8 80 89 16 50 31
    113 90 106 77 68 117 103 85 50 52 96 127 10 68 66 104 100 72 18 65
    41 84 12 101 57 19 52 105 19 97 124 75 55 117 106 11 34 54 89 8 49
    88 87 33 10 98 43 72 56 22 29 95 15 8 123 121 71 41 116 52 13 117 71
    16 0 31 81 2 116 28 31 76 30 115 30 96 92 71 12 104 33 119 13 16 8
    96 62 49 99 10 60 126 3 37 71 104 71 12 116 106 72 73 97 109 18 125
    72 57 38 3 127 7 89 16 102 9 125 16 124 82 74 80 76 52 106 89 58 85
    32 1 91 26 84 63 84 110 120 86 39 32 20 56 48 15 89 35 94 91 39 71
    49 68 99 42 36 91 83 70 28 69 37 23 78 2 96 56 81 59 122 98 39 110
    35 56 125 0 97 68 4 26 95 59 117 45 98 66 88 48 26 35 36 74 13 7 114
    1 19 43 70 67 49 95 48 23 16 123 31 68 110 105 90 49 35 60 64 73 6
    81 56 24 40 11 47 115 31 66 28 122 121 74 50 70 76 34 71 5 121 39 30
    45 46 45 87 18 9 113 41 25 71 96 90 78 85 20 35 25 86 61 29 54 27 1
    25 67 109 3 39 26 17 27 66 3 5 7 75 61 13 15 59 29 125 48 20 35 124
    79 38 7 49 26 101 28 114 45 100 120 3 35 53 95 53 52 103 91 103 76
    103 36 93 36 102 25 72 38 98 94 87 97 29 28 120 1 59 63 60 21 1 84
    18 44 40 24 43 59 87 97 60 4 108 89 123 30 49 109 22 60 85 111 93 39
    125 78 100 35 122 97 5 92 96 61 96 42 64 55 49 32 37 35 83 48 59 43
    123 121 84 80 10 14 74 33 109 36 46 98 123 64 30 94 32 56 20 70 18
    45 35 57 46 95 1 66 107 17 105 29 99 110 127 20 123 91 44 68 63 0 15
    49 13 89 71 22 33 5 76 73 111 111 127 97 122 14 124 3 113 9 90 13 31
    56 87 37 46 58 102 106 96 110 51 91 28 112 127 54 21 30 96 73 0 109
    12 48 0 38 71 73 66 28 49 101 69 104 118 56 74 104 68 56 53 51 74 5
    80 52 0 52 60 125 46 47 85 93 70 67 119 111 89 38 54 78 32 68 65 51
    47 45 56 79 107 0 34 123 8 107 41 59 10 79 99 20 72 59 120 47 54 27
    65 118 84 126 48 29 24 106 74 36 89 66 83 79 73 58 51 76 105 79 36
    124 121 6 47 67 108 17 124 28 63 71 2 25 54 54 18 36 95 29 8 79 38
    118 13 80 39 107 84 6 117 64 119 10 62 79 85 98 112 80 99 33 82 31 7
    93 124 110 40 122 14 98 45 64 106 36 25 59 82 105 15 17 58 39 36 7 3
    107 2 44 121 70 81 12 0 73 102 85 41 36 98 56 35 125 61 74 1 35 58
    69 67 97 48 63 116 125 113 26 110 24 24 59 75 29 72 114 16 63 100
    113 123 5 97 65 108 120 34 7 100 74 23 111 111 106 84 15 83 125 82
    49 47 63 26 30 37 118 127 69 103 123 22 6 64 8 124 5 20 9 80 60 34
    112 50 66 116 32 99 48 1 47 69 87 73 91 13 25 3 58 6 37 8 22 108 114
    121 40 79 57 34 64 71 18 45 12 61 10 75 14 18 80 104 19 112 32 112
    71 36 33 115 103 102 89 64 126 31 53 125 10 53 127 74 10 26 50 35 57
    98 8 66 20 70 37 120 7 119 57 80 30 83 125 103 90 1 56 11 59 127 56
    52 97 4 32 1 40 10 25 94 112 68 83 29 71 15 62 92 9 46 15 98 79 14
    48 71 123 25 35 105 4 62 6 101 93 87 124 55 39 62 26 60 112 5 23 118
    107 80 94 75 34 93 61 76 31 2 125 85 13 22 104 56 56 73 95 113 42
    113 0 72 19 42 10 115 85 68 91 25 73 48 23 20 35 112 84 73 113 40 99
    75 8 9 15 48 101 126 121 69 79 67 54 7 37 102 72 109 108 89 68 24 23
    71 27 14 106 4 60 120 50 75 34 87 5 102 34 49 95 92 51 32 0 86 64 22
    75 108 81 91 1 100 101 19 3 31 65 50 21 19 53 62 85 106 16 0 11 84 6
    79 82 21 50 4 109 93 4 59 50 46 127 52 95 45 125 63 18 55 61 122 42
    70 84 91 125 63 30 47 111 73 96 53 0 73 92 62 41 120 20 80 94 58 33
    46 26 124 76 15 53 127 33 69 45 11 56 46 77 58 109 54 48 111 66 32
    120 87 92 42 104 75 64 117 13 73 120 101 67 105 42 26 59 44 63 35 8
    64 41 68 115 6 60 18 44 67 19 127 24 106 57 40 32 94 8 80 10 61 24
    51 74 81 76 1 61 109 49 41 64 105 19 103 67 67 117 56 105 2 59 56 23
    117 120 61 84 42 41 75 35 13 66 102 70 41 36 118 70 125 71 43 41 12
    40 27 108 78 10 61 125 7 68 102 51 90 2 47 94 25 100 19 36 16 17 33
    62 84 73 37 90 24 64 65 74 38 59 90 31 88 26 65 68 23 114 32 4 43 36
    10 111 74 53 72 117 20 91 35 13 95 22 93 103 63 79 12 82 94 8 126 17
    87 103 96 17 27 55 22 61 28 73 49 121 105 38 33 64 114 18 84 21 85
    35 118 44 30 122 96 15 94 120 48 8 119 110 120 78 94 7 124 116 0 15
    62 2 12 103 1 11 119 41 86 19 16 62 13 58 123 21 6 88 38 77 59 112
    93 28 45 14 100 1 24 50 74 11 81 3 6 60 8 113 6 50 11 83 86 19 48
    109 80 109 67 20 59 109 118 46 39 29 41 59 44 68 36 84 124 94 75 11
    94 78 55 73 86 10 41 37 104 125 63 117 18 74 108 126 41 100 0 109
    106 126 32 97 113 3 66 45 112 92 108 49 72 53 28 97 34 35 90 69 38 9
    82 36 4 12 93 46 24 72 29 118 64 9 54 109 11 90 44 57 67 123 124 111
    47 122 40 74 80 65 3 68 68 12 1 123 91 96 122 19 30 63 5 8 45 40 51
    30 72 10 104 47 87 26 89 28 0 5 40 126 110 57 28 63 2 32 5 42 21 48
    100 41 89 94 113 99 89 100 116 86 112 109 98 4 0 18 94 26 108 41 25
    49 84 88 71 63 56 120 108 123 76 89 48 120 13 42 125 26 28 22 2 87
    19 32 49 100 12 0 49 93 50 43 62 108 56 18 0 85 99 10 126 84 56 106
    55 84 121 10 70 9 90 110 90 17 46 104 6 39 44 116 84 119 34 13 19 79
    82 55 12 65 90 26 17 112 21 103 72 58 5 120 63 63 62 4 114 62 122 27
    75 98 78 124 62 14 50 79 42 113 25 79 56 22 54 22 123 93 50 4 18 111
    58 127 68 38 114 43 119 104 20 115 107 12 30 65 66 115 52 113 101 19
    35 111 110 41 50 19 51 40 87 5 6 32 35 122 80 79 105 22 65 36 59 98
    23 77 52 97 101 33 66 43 76 56 25 50 84 98 25 122 105 91 105 6 119
    123 58 98 114 80 86 64 117 107 27 32 85 79 106 101 77 76 3 62 103 13
    63 15 59 109 87 33 1 13 114 53 74 9 52 42 91 52 96 72 2 102 116 110
    74 1 90 68 23 121 117 103 116 14 119 75 75 14 115 34 59 49 37 77 75
    63 28 108 26 33 10 75 28 45 14 24 102 76 67 112 49 116 108 107 12 46
    105 59 68 26 10 97 83 17 19 99 56 77 78 21 26 46 125 14 118 47 29
    105 1 37 54 30 125 34 81 109 16 113 94 120 126 27 40 23 113 61 32 9
    46 76 74 55 25 93 4 61 120 46 71 54 42 16 37 48 45 119 79 67 79 15
    25 36 66 77 78 76 61 19 79 7 36 19 14 45 121 66 11 126 78 96 110 39
    45 97 76 68 21 101 17 1 91 25 44 118 2 25 17 14 54 64 35 9 79 61 63
    41 50 0 46 15 43 110 41 6 16 65 6 27 31 3 77 7 114 50 95 74 19 70
    120 26 6 10 56 45 76 21 87 4 72 80 45 98 18 33 15 2 79 71 36 20 118
    28 107 103 109 17 98 91 105 10 0 23 75 114 28 61 67 1 51 117 76 65
    60 114 58 17 71 2 8 72 46 19 18 35 115 30 75 106 22 91 9 109 27 85
    57 52 30 38 85 90 33 97 56 76 116 59 73 26 126 93 111 37 108 42 78
    79 47 74 39 36 86 116 103 2 125 77 70 100 79 124 106 72 113 118 101
    3 15 111 125 98 29 119 121 104 81 69 42 38 121 19 106 24 94 65 23 84
    103 86 44 42 77 101 91 117 12 29 28 83 80 0 73 39 119 113 101 90 111
    1 58 84 2 68 126 68 111 118 107 48 111 7 18 53 13 107 90 72 77 81 78
    68 66 23 79 43 87 83 17 100 69 58 85 70 62 82 2 120 100 125 45 117
    53 54 101 8 50 51 77 110 113 68 99 110 4 70 62 28 61 117 46 99 27 43
    50 18 20 94 24 110 13 0 108 3 92 97 51 108 11 90 29 49 69 12 111 80
    116 99 99 121 42 89 100 6 8 12 120 91 45 124 53 18 37 83 16 5 111
    102 63 2 88 127 80 93 36 123 62 16 78 77 110 10 81 92 84 91 110 52
    93 56 110 110 67 100 39 103 50 37 52 99 93 29 66 60 50 81 57 116 72
    27 14 127 60 8 39 5 61 115 74 111 39 82 45 110 42 43 101 13 29 30 9
    49 40 106 114 26 111 23 106 91 70 11 76 50 63 62 1 106 15 28 10 92
    10 43 14 37 76 84 58 46 47 108 85 50 15 40 50 2 7 71 74 98 24 112 6
    113 14 38 113 29 37 63 48 122 93 73 114 109 114 82 53 21 3 85 125
    100 108 100 69 108 76 51 99 105 101 13 100 35 88 120 72 79 12 7 85
    36 64 101 15 27 1 100 88 13 103 25 65 16 118 116 126 49 40 115 103
    95 88 94 23 39 15 96 45 102 18 48 32 88 117 24 97 60 71 48 0 31 106
    122 52 99 68 61 6 31 59 60 12 20 51 23 4 74 59 110 36 91 16 23 125
    104 116 14 33 49 107 71 97 53 115 87 105 85 22 116 0 107 92 89 39 65
    47 124 4 122 106 72 36 118 65 18 116 30 10 22 116 29 31 13 95 18 34
    61 122 93 64 123 57 44 73 65 1 123 83 61 115 90 99 92 11 12 38 31 99
    6 22 20 24 77 55 1 77 31 18 17 24 50 62 27 1 42 117 19 5 8 51 80 17
    95 77 67 59 102 94 106 81 58 29 60 71 8 121 54 5 23 46 123 18 18 70
    11 37 126 63 17 47 105 3 121 113 17 81 93 73 120 95 83 78 72 4 117
    84 85 2 56 116 12 56 109 38 79 47 106 102 65 107 124 47 64 59 69 52
    106 11 15 70 30 19 116 95 5 74 117 124 2 9 51 117 109 67 122 17 17
    100 0 56 81 65 93 54 51 108 64 109 69 113 64 108 84 54 108 109 109
    118 93 71 95 106 55 98 40 23 103 117 15 1 68 23 112 117 63 36 117 42
    55 67 22 92 59 57 95 81 52 16 89 60 17 72 32 29 78 65 8 100 96 84 50
    125 108 79 53 127 71 36 121 95 57 41 68 100 31 88 91 50 12 23 29 101
    3 81 118 93 88 6 62 38 104 96 119 70 114 42 27 10 1 8 1 58 102 50 83
    86 64 98 24 50 3 43 101 100 45 93 102 62 96 62 72 64 38 73 16 9 20
    43 114 7 118 12 86 42 39 93 12 88 93 102 122 99 23 58 40 13 125 127
    87 38 34 12 61 90 50 102 86 4 69 125 84 3 85 126 32 84 19 72 102 127
    1 75 114 75 115 32 98 15 42 68 84 58 45 70 103 98 24 56 84 20 57 126
    76 74 40 24 10 92 31 58 65 44 6 116 26 121 3 33 126 84 50 93 122 18
    96 107 92 88 77 38 126 75 113 47 100 71 100 111 75 44 122 19 47 72
    46 24 90 99 126 86 99 83 16 125 95 10 77 25 23 62 72 83 55 110 93 38
    104 42 17 89 43 103 20 73 62 120 83 64 42 63 51 89 59 36 87 29 112
    73 60 98 115 125 69 12 75 53 75 55 32 13 105 70 24 11 41 86 112 15
    65 28 10 3 37 21 110 47 27 42 13 50 75 25 29 94 83 90 63 82 35 108
    52 48 77 48 92 125 2 7 39 86 15 23 106 20 80 87 75 91 120 45 54 117
    65 66 67 85 117 90 100 20 1 98 45 36 67 50 2 65 103 107 24 4 57 97
    19 97 121 127 90 119 114 102 95 75 8 125 67 113 104 96 39 80 34 26
    100 117 66 118 56 121 40 5 81 47 30 51 46 86 9 78 8 50 71 118 27 61
    24 80 110 67 11 38 41 82 14 105 102 106 6 15 17 79 50 73 111 58 121
    108 29 18 38 0 42 52 81 48 29 55 9 39 42 82 124 59 3 8 87 38 114 31
    113 115 22 26 80 19 87 105 105 56 45 113 31 114 104 58 19 99 24 110
    111 41 54 112 58 14 101 30 83 98 59 51 67 89 67 96 109 24 87 21 93
    75 1 1 46 48 71 121 84 77 104 7 50 27 62 125 102 75 31 54 62 49 111
    64 63 75 69 25 75 75 29 102 122 39 12 108 57 126 69 54 67 5 11 0 26
    92 21 48 14 45 49 31 79 101 107 67 6 96 70 16 4 124 97 58 112 70 45
    29 60 34 84 97 39 82 103 32 63 59 22 51 127 80 102 115 19 114 107 27
    12 126 100 14 57 21 100 81 79 110 71 1 68 46 34 68 25 85 4 70 63 30
    127 37 41 21 71 51 3 111 54 43 116 68 91 122 125 24 43 26 49 83 44
    71 16 18 9 72 68 113 75 9 70 9 123 60 68 4 115 51 4 115 39 82 31 47
    101 91 86 57 74 118 18 66 94 73 102 61 21 76 100 32 115 21 99 39 10
    49 50 69 76 60 101 37 71 37 70 39 45 64 22 102 1 54 84 38 95 120 28
    7 53 53 12 99 17 29 79 46 54 52 66 61 116 40 44 38 59 113 35 66 79
    24 49 117 22 54 106 5 116 46 31 90 41 109 49 57 64 32 33 69 10 18 43
    78 53 108 90 111 48 110 102 59 54 46 26 74 38 28 78 31 1 52 119 14
    38 8 126 13 125 55 38 117 35 31 113 85 126 117 76 20 123 14 78 95 33
    12 104 85 24 74 24 4 9 112 116 15 3 2 17 34 104 94 92 125 97 3 99
    109 75 70 29 8 3 61 97 56 101 54 28 62 75 92 91 108 70 118 36 124 39
    8 46 29 108 67 10 52 115 13 43 39 69 116 88 105 20 35 24 62 17 15 59
    93 114 56 36 97 44 77 5 23 98 44 25 37 30 19 19 39 104 16 44 111 101
    53 49 4 8 41 92 71 101 99 5 124 31 22 10 78 111 122 46 50 18 0 121
    127 38 111 14 65 114 114 53 23 122 88 83 57 101 91 81 37 11 103 73
    75 64 35 61 46 85 124 72 31 56 3 40 100 73 16 8 8 22 36 9 92 8 84 5
    12 64 1 108 83 15 15 29 24 124 126 89 87 107 58 32 126 53 33 16 97
    95 67 8 87 7 58 55 96 95 58 14 79 94 5 111 85 83 33 11 70 35 109 101
    25 48 67 6 17 49 87 39 61 82 71 0 56 3 119 99 31 115 35 24 75 57 29
    23 91 97 119 41 45 12 80 28 127 2 117 33 54 96 59 79 73 125 19 77 0
    104 47 6 120 12 6 71 32 7 59 34 107 26 6 1 123 63 27 44 76 59 17 42
    56 6 25 103 118 34 35 74 96 22 4 71 115 100 84 36 38 117 0 19 26 11
    24 82 120 84 51 49 117 37 29 64 63 62 28 6 57 103 94 119 45 69 97 30
    76 75 6 13 77 17 7 54 10 75 66 20 24 39 36 110 118 43 17 64 46 68 0
    54 28 73 32 109 71 117 119 49 68 7 117 97 31 46 67 15 115 33 106 33
    61 81 83 56 122 12 108 116 16 112 49 127 119 12 31 81 102 0 42 56
    108 109 48 90 125 62 65 59 3 34 107 92 34 98 63 91 1 40 32 89 78 14
    118 74 8 62 101 41 40 83 80 53 67 43 68 9 72 115 97 27 67 83 74 63
    49 38 64 56 11 66 103 115 76 53 117 61 33 21 127 12 61 43 118 5 123
    45 23 45 104 93 46 25 119 27 65 4 105 63 21 76 1 99 113 3 34 50 111
    58 117 77 111 18 32 44 24 49 112 47 25 127 49 112 81 44 57 51 96 72
    30 31 99 38 43 69 70 111 14 92 76 93 22 71 33 33 13 15 127 115 20 96
    55 14 80 44 66 35 42 34 78 110 53 63 23 98 63 29 14 117 125 126 33
    79 30 29 31 49 22 126 104 27 104 92 100 51 43 10 42 60 26 71 31 36
    29 117 39 11 43 14 48 94 41 93 101 37 110 43 10 87 21 50 61 15 100
    72 117 117 50 47 41 2 3 15 54 52 38 0 14 47 53 31 18 77 98 36 68 84
    82 117 21 83 86 98 112 126 66 67 66 54 111 5 24 105 33 22 70 20 28
    107 88 102 63 110 35 22 97 75 119 116 45 100 89 26 78 52 63 78 122
    120 30 40 68 52 4 78 49 102 5 66 99 85 35 52 56 56 122 126 70 47 127
    42 89 84 118 18 37 37 44 58 104 118 24 102 106 8 118 95 121 72 121
    59 44 59 79 117 105 62 81 116 28 121 21 33 58 53 14 73 72 2 53 19 67
    119 40 9 36 122 113 3 22 92 62 78 67 49 110 91 71 107 83 4 51 95 51
    66 64 1 49 78 44 20 89 71 14 68 28 63 30 58 50 39 25 98 59 101 26
    126 29 63 116 64 32 39 126 20 38 75 16 35 1 24 12 15 33 27 28 66 87
    72 3 125 126 94 64 47 126 45 120 44 67 52 80 119 19 100 38 65 114 31
    15 102 63 66 124 115 64 96 40 31 65 72 42 34 107 124 36 96 26 69 125
    69 56 103 62 55 87 68 59 5 64 37 16 65 30 6 88 121 102 28 126 105 37
    13 78 34 78 33 58 37 117 104 110 32 44 14 112 116 61 16 89 116 9 56
    48 54 35 62 24 59 45 55 31 27 121 76 107 12 17 13 120 76 21 28 47
    123 104 15 2 19 4 122 71 48 36 90 50 33 14 73 46 39 77 21 78 26 11
    124 8 81 113 70 53 95 55 18 8 60 113 43 106 59 120 106 69 101 16 70
    53 26 8 113 117 109 20 73 83 14 94 67 53 56 33 55 95 83 57 65 120
    111 83 43 107 114 87 2 114 108 51 7 102 66 120 35 77 118 67 51 89 0
    86 112 53 26 28 87 44 83 90 42 94 65 84 84 46 50 103 93 32 115 89
    106 18 24 120 32 8 22 96 21 60 86 63 123 57 110 81 60 13 111 42 68
    43 102 28 85 15 32 127 124 123 90 103 101 125 52 7 5 88 76 76 92 6
    115 95 125 127 103 126 99 99 92 106 58 64 45 89 111 120 36 98 104 93
    102 110 45 127 98 1 43 21 122 20 86 92 14 7 7 10 28 63 30 117 96 98
    79 115 36 73 13 49 40 93 46 52 119 59 59 84 2 100 8 33 44 56 73 104
    36 41 31 27 93 104 25 6 93 66 37 115 10 83 30 44 6 101 10 3 104 53
    110 81 119 65 46 84 126 6 17 5 125 115 108 63 88 79 99 15 7 107 111
    86 40 21 3 37 81 120 67 13 112 126 29 2 75 97 126 88 29 103 67 20
    107 108 71 124 82 59 84 17 4 122 109 70 64 83 60 19 21 35 70 122 116
    8 110 20 67 9 43 69 74 108 20 77 86 43 44 83 56 78 106 74 87 25 8
    121 77 43 44 46 17 104 69 24 88 92 105 10 62 20 41 106 39 5 75 84 38
    47 69 98 58 58 52 121 46 101 114 31 20 12 69 4 76 112 68 86 85 106
    22 74 115 48 67 11 92 12 2 58 11 113 34 26 43 87 87 91 25 44 45 64
    23 112 89 0 13 114 109 90 107 86 103 5 21 43 122 112 20 118 40 54 21
    17 110 67 76 10 69 24 94 61 65 21 61 122 63 109 29 6 4 64 21 45 62
    63 32 29 28 50 49 108 65 92 107 86 66 1 100 123 127 25 108 17 12 60
    29 67 53 37 50 101 102 99 120 30 54 22 97 25 118 25 88 106 86 118
    111 101 93 69 61 57 68 18 25 45 106 92 22 44 34 46 106 125 27 44 73
    16 19 52 41 107 71 81 104 11 127 57 23 80 22 95 40 44 15 41 106 90
    61 41 90 4 113 14 41 81 97 92 92 67 104 126 30 50 37 107 126 14 112
    36 107 45 54 24 1 55 94 20 14 36 91 120 19 72 96 26 87 97 6 20 112
    96 15 54 121 61 17 125 90 43 74 77 3 75 69 40 70 75 56 35 5 28 22 34
    29 127 102 97 26 91 117 115 70 92 124 49 92 65 87 120 65 13 111 83
    99 122 44 21 112 79 13 52 101 12 114 80 7 41 97 119 38 91 23 66 32
    17 117 111 95 63 122 50 55 61 111 112 89 108 82 64 72 115 99 127 13
    32 70 29 18 93 46 90 9 25 63 26 33 79 81 92 15 76 39 56 42 60 118 30
    107 103 126 108 116 124 82 9 113 60 113 122 126 67 42 37 90 14 35 28
    83 48 64 49 72 101 109 93 80 127 56 109 75 10 112 29 8 48 113 106 12
    104 127 33 58 90 16 91 13 81 119 11 94 107 79 21 122 126 22 105 94
    113 118 50 99 28 56 120 42 61 116 127 38 102 73 69 89 43 108 2 83 16
    57 69 28 64 127 89 109 23 21 123 79 50 30 37 23 108 110 6 31 52 114
    25 18 23 123 15 86 107 86 28 34 57 102 34 88 62 29 27 60 8 117 54
    105 22 7 122 63 120 69 18 33 86 44 43 35 18 98 66 15 21 36 46 44 98
    62 102 121 59 48 106 15 48 28 39 35 55 16 1 31 97 80 16 53 97 87 40
    63 51 99 104 19 78 109 56 52 9 125 126 28 42 66 66 51 113 33 117 84
    83 2 7 52 121 100 77 38 86 21 59 18 69 98 42 97 118 124 39 21 117 79
    65 8 62 45 99 47 92 101 111 15 92 42 64 111 98 78 76 101 100 124 102
    30 6 90 14 50 106 69 80 27 118 81 59 68 126 114 89 72 43 97 68 55 53
    122 125 118 26 82 72 77 86 121 123 80 24 49 95 13 33 63 89 24 111 65
    1 54 127 120 126 40 95 59 124 46 92 72 21 40 97 20 41 26 120 43 7 44
    92 55 79 92 78 50 88 94 51 90 73 58 27 49 123 113 91 39 25 55 125 93
    117 66 5 55 68 24 124 111 111 18 83 24 40 37 113 62 102 103 61 95 31
    59 46 40 44 47 122 54 61 106 28 96 54 29 58 79 48 94 63 19 78 77 60
    19 34 114 29 109 36 124 37 12 11 77 36 84 79 53 51 46 84 30 44 74 60
    4 9 117 76 47 127 34 63 24 38 15 14 67 40 65 97 44 41 110 1 20 37
    120 73 11 18 120 9 45 92 108 73 116 97 115 54 25 35 17 21 42 108 101
    84 30 74 64 12 62 74 19 22 74 103 107 84 71 115 111 37 110 26 100 9
    20 115 51 27 67 9 60 80 68 89 79 85 22 2 127 119 122 17 110 32 101
    121 117 69 7 39 123 46 126 8 23 19 10 21 26 77 126 13 110 42 64 110
    107 18 50 41 58 14 82 20 99 103 67 44 85 11 5 6 81 69 66 73 87 22 74
    11 106 49 78 115 126 121 50 39 86 106 121 68 64 0 10 66 98 85 40 118
    52 71 114 9 94 56 96 104 114 79 42 93 31 118 123 52 116 118 21 65 88
    53 23 67 70 1 78 56 20 60 9 16 26 19 35 67 86 106 6 67 38 35 32 91
    51 5 95 84 48 36 90 99 16 30 118 23 0 27 38 17 27 23 74 37 112 87
    108 81 7 57 74 115 117 40 30 85 47 75 32 10 125 104 40 19 103 9 95
    89 77 104 97 106 70 43 66 35 56 23 98 121 59 59 26 24 51 87 91 29
    121 79 82 110 64 125 3 90 58 78 79 77 109 89 58 19 121 84 125 7 118
    125 125 13 0 105 58 124 117 30 116 90 106 103 19 113 92 24 50 25 30
    116 89 7 85 104 54 34 92 12 5 30 106 57 80 34 73 42 10 125 33 75 78
    50 84 82 29 95 28 33 30 6 15 106 104 39 36 124 4 47 25 96 102 82 40
    100 104 95 108 26 65 37 38 41 93 80 35 20 8 68 117 78 114 14 100 45
    54 96 120 14 107 125 86 72 77 25 63 11 102 114 93 32 4 6 60 59 82 32
    43 47 88 69 83 84 59 51 41 29 26 20 7 67 13 126 112 111 121 58 36 90
    85 119 122 17 120 67 94 20 54 56 23 125 94 67 125 55 111 68 125 58
    22 84 41 116 78 119 16 96 80 113 63 46 66 103 64 24 13 23 5 102 118
    119 6 33 74 43 16 22 78 96 78 102 32 64 59 116 5 37 105 112 126 60
    125 110 38 77 3 112 71 17 21 95 95 102 107 36 62 3 43 38 26 42 7 86
    83 114 38 115 14 78 20 109 115 106 108 31 111 2 81 120 109 2 5 72 75
    35 29 102 96 22 75 48 57 127 64 2 53 99 56 112 102 59 30 66 126 41
    19 38 45 38 29 61 7 16 11 125 100 84 75 67 53 74 36 55 56 91 55 40
    83 7 54 25 33 74 43 89 107 61 114 62 122 29 81 86 11 40 74 24 119 70
    124 27 73 113 18 7 117 91 87 59 19 112 115 48 29 39 14 68 13 54 127
    95 3 84 62 52 55 88 122 103 49 4 28 60 40 116 116 101 19 36 27 65 82
    94 54 103 86 111 28 74 88 118 29 85 68 41 114 17 27 2 49 46 96 116
    123 35 102 58 113 71 34 61 50 10 21 10 60 25 16 11 26 50 33 94 1 122
    122 55 86 62 121 102 94 101 110 115 92 63 5 80 111 48 74 1 28 100 42
    122 69 114 57 68 49 73 47 112 83 122 90 104 47 118 13 5 43 103 121
    106 117 41 112 71 17 92 38 66 67 85 43 77 92 126 29 5 50 26 2 80 62
    96 31 5 106 66 105 94 20 69 15 67 45 117 109 111 1 97 104 46 53 79
    21 21 93 82 3 74 21 44 126 67 61 8 24 7 60 90 21 114 123 72 22 104
    110 39 26 61 114 16 66 41 58 49 68 22 60 50 41 88 27 93 101 36 22 82
    80 87 53 26 60 77 72 32 82 94 95 120 127 13 48 17 53 39 102 98 113
    40 47 58 109 104 86 0 95 110 2 40 22 115 125 100 123 63 30 57 11 122
    40 108 69 19 97 127 11 14 73 40 119 56 85 57 109 122 58 87 61 94 49
    40 112 32 122 125 52 45 40 101 59 102 51 22 31 121 76 35 83 79 24 97
    63 41 117 102 12 103 1 42 7 60 13 91 78 76 48 104 100 83 126 107 10
    58 36 115 91 87 101 52 11 86 120 120 118 25 75 102 98 94 113 51 59
    79 107 12 56 30 106 117 35 99 89 123 47 127 30 62 20 72 14 4 12 43
    55 8 24 122 75 101 22 44 60 74 7 28 42 56 52 25 50 34 107 120 27 45
    71 22 89 36 118 105 107 74 45 14 68 94 92 65 125 89 11 102 56 5 104
    19 116 59 77 104 49 65 100 54 2 86 42 31 69 11 121 56 80 45 28 19 0
    65 52 48 94 67 7 68 39 65 7 107 23 83 44 61 85 44 1 74 95 48 114 5
    56 73 37 104 20 74 118 121 127 36 48 52 36 85 54 65 78 5 85 49 29 44
    127 11 68 9 55 21 62 53 79 111 39 87 89 6 68 68 64 41 93 98 105 38
    15 126 92 81 45 5 109 38 79 126 104 118 76 83 119 24 124 99 60 126
    44 31 69 82 24 31 50 14 71 112 39 44 106 9 47 113 55 49 1 73 83 104
    90 39 43 56 57 14 14 120 0 108 12 69 5 93 76 59 105 78 38 15 68 111
    37 37 103 5 33 20 55 84 13 107 77 58 68 103 73 121 120 67 23 83 86
    47 92 100 100 88 83 120 71 126 47 17 42 62 115 86 79 111 15 48 65 31
    17 70 104 104 44 84 87 91 39 93 40 20 23 20 120 68 123 71 97 58 106
    31 33 30 59 10 82 69 57 104 19 89 33 70 1 61 122 96 92 16 26 79 79
    87 43 93 24 121 58 56 113 103 48 9 49 28 86 51 23 60 114 21 21 50
    119 20 13 10 125 41 125 70 113 81 66 27 47 76 21 74 53 39 2 89 24 78
    61 22 25 75 29 3 5 81 8 106 1 109 8 35 24 116 12 82 46 93 24 75 100
    33 49 123 11 127 21 3 90 30 68 0 51 16 15 55 98 101 41 94 12 71 121
    122 30 113 123 93 11 113 51 65 14 102 21 69 118 23 74 1 116 98 4 67
    84 31 88 13 88 44 56 34 66 112 39 23 58 127 50 117 42 92 23 80 36 72
    14 48 67 0 28 3 60 40 127 107 81 94 37 54 38 2 109 71 50 52 19 49 85
    123 78 1 21 119 117 108 80 113 51 4 49 85 3 40 21 40 108 35 115 115
    95 49 37 62 92 29 51 64 113 114 98 15 23 49 39 12 118 47 55 14 58 71
    118 29 115 50 107 72 123 82 17 60 73 98 45 71 120 10 26 120 82 56 63
    14 9 1 19 103 46 28 72 99 90 87 46 75 43 121 31 108 124 3 64 76 127
    43 87 83 109 1 8 122 28 0 82 59 36 83 47 117 69 121 2 113 106 108 73
    37 33 64 42 124 28 61 55 21 44 21 53 79 57 27 46 59 17 37 97 45 99
    88 101 71 57 26 51 111 101 113 28 93 18 58 120 111 70 40 123 106 57
    104 89 28 95 69 21 116 37 25 56 24 76 90 108 105 29 68 14 75 92 14
    64 57 82 42 123 42 88 56 18 45 74 18 17 107 50 69 86 73 120 59 111
    62 5 72 30 76 122 35 111 120 116 117 54 4 11 69 52 72 12 97 54 87 89
    72 114 10 107 37 24 21 107 40 22 98 35 20 127 102 12 65 32 15 12 88
    98 17 75 72 89 97 121 57 16 121 23 121 86 88 105 3 104 27 125 93 98
    52 25 96 39 29 87 1 121 60 18 17 36 50 77 1 53 66 87 96 68 44 81 38
    15 27 23 51 101 119 55 68 28 65 60 8 76 3 73 93 97 64 35 43 88 124
    77 82 120 84 27 99 50 83 51 75 16 112 99 46 115 25 57 83 79 26 46 0
    75 33 76 72 81 3 0 79 62 23 83 38 56 38 62 99 31 84 120 86 31 100
    107 87 23 51 50 18 87 104 120 33 23 124 78 60 92 77 94 125 64 49 107
    24 121 100 96 78 96 28 74 49 60 6 54 46 63 115 71 47 95 123 121 44
    105 27 47 0 9 123 105 18 104 73 106 79 113 85 51 109 58 125 48 55 7
    19 125 88 16 59 46 81 51 69 59 56 26 76 89 97 27 52 42 68 6 24 15 43
    74 83 17 125 14 89 121 106 103 86 12 60 43 60 122 21 93 29 123 127
    33 121 19 84 39 111 89 74 1 60 78 67 25 68 27 102 106 121 113 68 9
    68 73 35 19 90 20 65 40 98 33 32 52 65 56 3 100 116 15 12 37 8 15 75
    75 72 91 68 65 80 17 80 125 82 30 73 94 40 125 71 85 109 58 23 94 23
    83 55 24 75 16 46 114 30 17 87 41 42 1 114 75 65 91 89 96 58 110 108
    13 32 76 62 66 106 109 25 73 38 38 84 95 32 103 71 62 75 11 46 104 0
    64 85 44 70 61 104 121 16 88 23 25 32 98 120 117 86 86 124 21 79 119
    0 18 80 27 107 96 127 63 49 27 66 95 104 65 60 97 43 20 61 79 47 125
    15 107 96 118 109 1 101 117 80 8 30 65 30 123 11 84 111 28 23 84 114
    124 104 54 101 77 123 9 69 120 1 89 0 73 58 6 83 6 39 99 88 12 70 64
    35 96 2 104 27 48 55 124 39 18 21 49 64 8 22 104 62 35 106 3 113 74
    74 33 77 98 75 90 122 115 49 73 26 20 99 63 122 95 54 83 38 77 95 5
    91 24 27 100 36 108 71 101 50 79 62 72 75 5 97 86 112 39 126 82 34
    13 79 43 49 30 35 64 15 64 54 34 79 101 102 91 113 94 29 21 112 9
    111 15 22 47 84 19 122 92 92 69 24 83 71 31 54 41 27 122 24 34 63 11
    31 123 73 71 115 11 38 70 68 19 37 14 60 75 94 27 109 98 21 13 61 59
    63 51 14 92 24 99 40 65 82 102 100 70 7 28 8 22 4 35 86 66 111 59
    115 30 81 111 60 42 19 124 17 86 24 84 122 94 105 112 38 69 62 27 68
    27 36 104 52 19 78 9 58 28 67 18 101 73 113 82 100 44 48 29 68 17 31
    19 115 11 19 44 104 109 35 99 22 127 57 59 7 88 35 39 33 39 65 2 21
    93 109 44 84 69 113 28 97 113 30 51 116 50 125 63 39 49 86 125 71 51
    41 84 23 3 42 110 24 18 61 28 53 18 26 87 18 19 82 60 71 85 26 65 26
    87 122 111 28 55 49 95 7 103 86 93 80 80 13 47 1 58 20 60 5 5 52 19
    33 75 22 45 20 120 38 111 47 79 22 2 65 10 88 42 61 79 31 10 47 67
    12 62 61 84 124 119 83 113 106 106 45 68 28 99 53 41 111 106 60 85
    15 47 113 64 41 70 41 88 122 105 36 67 50 115 7 75 19 115 17 118 52
    85 66 12 27 15 85 107 46 10 3 34 22 123 21 45 114 79 8 35 62 119 115
    112 77 119 86 27 35 72 52 52 103 95 21 54 28 79 83 86 105 89 124 4
    86 4 73 108 81 50 47 10 95 3 99 27 84 61 27 103 52 107 79 67 60 8
    120 43 104 33 27 37 102 72 10 52 20 16 28 122 102 81 52 93 6 39 10
    101 87 59 11 118 102 82 125 9 3 66 90 21 69 31 44 18 80 114 33 18
    115 87 36 120 45 30 108 95 19 41 116 3 5 3 70 33 58 11 120 121 79 36
    99 95 50 45 114 26 106 67 66 77 101 122 58 82 20 92 53 54 60 124 12
    107 65 45 20 59 1 47 55 27 57 28 52 119 123 84 99 68 53 89 111 49 38
    113 81 13 37 10 86 93 119 60 27 112 117 41 89 110 106 33 6 122 64 31
    111 23 23 86 82 38 23 108 53 0 100 21 11 4 43 29 37 67 86 52 18 37
    12 47 86 112 52 33 67 48 122 7 82 4 113 20 30 107 36 59 106 39 96 55
    19 66 11 119 57 32 48 47 49 93 110 9 59 101 47 87 58 82 75 9 16 119
    92 95 29 109 59 4 113 69 34 43 50 40 73 35 89 123 40 37 23 9 6 81
    113 0 68 123 95 114 2 27 17 81 13 70 54 35 17 54 38 47 33 119 64 56
    116 77 63 51 13 73 59 114 13 97 123 93 101 91 32 103 44 108 25 64 79
    67 85 29 33 4 72 71 38 27 71 92 118 80 114 47 60 53 113 83 104 115
    104 109 75 69 14 116 21 74 4 46 19 105 83 25 12 37 99 5 104 124 8 54
    61 17 68 126 53 125 105 107 95 78 92 114 88 100 20 17 114 44 45 36
    27 106 14 88 106 109 78 107 16 63 43 24 29 82 14 29 110 35 48 50 79
    79 116 37 76 49 88 100 58 100 54 17 62 119 67 17 67 104 83 111 59 57
    75 65 29 60 39 74 94 75 91 48 69 96 17 49 99 18 30 45 54 79 8 30 67
    72 4 19 90 5 85 53 37 48 27 56 79 62 6 75 68 100 80 104 20 91 24 31
    15 55 17 109 84 63 79 29 13 36 5 47 100 22 68 24 110 88 43 10 115 22
    44 51 67 18 98 37 54 87 78 23 98 18 5 63 29 126 87 20 14 46 33 36 81
    83 98 51 113 97 93 118 6 73 24 15 12 31 23 100 44 75 32 40 53 39 105
    51 16 17 90 4 49 15 101 101 79 16 57 64 107 104 35 78 127 81 127 88
    70 72 86 97 93 33 93 26 10 121 7 9 112 89 82 112 119 121 62 72 57 48
    112 98 89 4 66 68 7 82 67 14 122 22 22 31 114 124 13 53 80 6 95 41
    43 21 32 107 75 61 36 34 125 86 66 26 96 76 25 84 50 5 79 77 6 44 21
    75 63 60 125 46 95 8 87 53 47 2 21 7 49 103 117 98 70 104 61 118 1
    15 14 100 14 111 24 70 14 70 13 26 113 82 52 93 77 90 0 109 115 68
    21 44 55 122 82 77 95 16 118 21 127 17 0 43 73 120 85 31 121 90 90
    20 54 3 97 45 47 102 92 20 98 25 3 124 107 113 81 4 88 86 111 79 8
    22 102 77 68 27 2 43 53 25 15 18 123 125 104 14 9 18 26 105 5 77 0
    57 12 85 115 59 85 90 36 104 104 116 109 30 115 119 49 111 43 6 10
    101 72 119 97 65 37 87 35 114 29 36 105 124 59 114 49 11 72 112 73
    125 29 25 51 10 69 47 41 54 45 60 98 10 36 20 106 86 50 19 15 27 77
    91 30 23 30 115 79 124 45 104 17 66 66 10 100 31 89 87 78 33 100 85
    79 28 85 83 39 73 10 47 65 2 25 106 39 7 26 50 13 14 26 68 91 101 18
    76 58 93 90 40 63 7 65 30 69 96 75 108 26 14 127 62 10 17 2 69 123
    28 114 109 37 119 127 38 67 60 120 5 0 30 36 101 49 125 86 8 84 49
    59 16 69 20 70 64 121 8 29 29 118 114 58 58 85 113 3 28 80 44 37 2
    72 21 35 79 5 89 25 121 43 122 99 21 1 118 86 27 38 91 31 25 94 25
    113 112 109 38 15 90 125 97 29 118 42 37 39 61 79 3 72 0 6 108 117
    112 124 48 61 102 54 13 50 36 54 52 80 84 55 95 54 27 21 21 111 67
    42 44 40 59 52 28 45 73 68 107 7 46 54 33 69 88 86 99 115 92 99 27
    97 42 16 35 103 102 23 82 117 121 126 12 111 46 32 18 40 49 119 118
    22 15 77 116 64 98 35 81 18 9 104 120 0 96 78 106 42 125 31 48 65 55
    96 64 69 56 0 79 27 41 96 108 79 0 8 127 54 94 19 15 11 123 122 47
    127 95 82 100 75 65 35 33 52 86 11 40 68 91 108 127 63 94 20 99 12
    103 28 21 80 63 30 94 114 121 37 86 69 29 101 60 60 72 28 35 15 107
    95 117 76 55 11 31 19 67 46 7 54 56 88 84 115 125 11 18 74 61 63 94
    54 28 97 126 56 107 52 109 28 87 11 120 61 64 60 45 47 111 30 35 54
    50 31 107 59 83 28 64 98 107 45 1 64 30 103 83 42 112 116 98 55 89
    67 124 68 68 113 30 56 127 64 66 117 100 4 57 2 46 16 112 45 31 85
    24 47 60 63 11 108 52 12 1 15 92 114 42 25 77 25 96 90 44 111 4 74
    124 7 120 59 102 12 5 47 25 10 63 102 34 110 111 14 74 87 44 107 105
    95 5 97 87 111 92 126 96 88 37 59 67 26 107 123 4 24 124 118 102 35
    26 123 34 19 85 95 46 55 40 97 84 28 90 121 52 27 97 3 111 85 28 9
    56 126 10 3 33 111 8 87 110 6 23 83 0 36 8 69 56 105 81 54 101 58 24
    7 35 126 91 50 88 2 121 0 65 53 36 11 28 98 73 86 53 27 125 15 14 3
    32 95 96 53 19 24 100 120 98 89 45 35 123 38 51 77 47 103 103 59 49
    96 16 43 0 109 82 47 124 69 39 103 44 105 111 31 76 90 15 91 33 115
    80 114 74 95 54 53 119 69 41 41 115 75 45 65 90 24 46 98 28 115 54
    73 89 28 16 11 88 20 29 35 87 80 21 65 38 71 15 74 88 57 24 16 107
    22 61 81 11 49 4 57 64 36 61 98 80 41 19 81 34 104 73 31 32 127 77
    27 77 101 6 108 80 67 126 4 119 79 3 119 43 18 55 25 37 54 124 124
    13 91 43 124 2 10 110 19 3 31 99 74 106 127 66 122 13 59 56 127 63
    52 106 73 62 18 89 80 74 17 23 102 17 126 108 125 104 114 126 14 55
    116 104 15 11 55 106 10 42 105 26 116 119 32 63 92 40 112 0 59 110
    119 43 50 24 19 125 63 95 60 120 47 94 28 48 76 61 95 35 79 95 103
    27 73 112 85 1 6 39 78 62 50 36 59 47 20 99 12 2 2 106 88 33 57 57 9
    3 26 102 48 111 50 87 52 99 79 90 3 107 81 88 55 77 5 55 87 34 59 86
    124 99 13 4 83 22 30 69 0 35 73 65 119 64 107 103 111 9 60 26 80 78
    74 28 49 89 117 99 39 25 49 75 127 53 2 24 83 48 18 121 55 45 28 89
    107 84 93 11 5 60 90 110 10 88 78 47 60 39 21 33 13 42 118 65 83 123
    86 114 94 29 43 9 37 28 62 101 59 18 74 76 55 99 36 93 94 107 0 9 25
    41 31 8 51 105 47 91 30 62 76 11 90 91 28 59 80 13 59 28 116 16 123
    33 1 52 78 68 9 59 2 124 11 35 126 50 42 46 21 46 79 112 76 86 90 20
    93 103 54 91 36 42 53 54 55 96 96 100 3 116 18 91 96 109 95 88 5 84
    40 66 1 48 49 95 65 82 95 75 43 49 82 97 123 18 28 114 108 3 21 2 41
    94 17 64 23 62 5 108 78 53 87 90 99 14 124 9 11 52 23 115 44 77 117
    46 53 78 120 55 44 53 59 20 13 22 79 60 29 24 65 87 107 98 33 4 113
    95 84 120 49 70 5 82 102 14 101 13 5 36 125 18 78 10 15 17 8 18 4 71
    75 110 113 58 18 40 8 106 105 52 61 35 69 28 115 67 0 32 98 49 80 45
    115 83 51 81 107 118 87 112 50 3 105 77 40 1 21 72 120 31 126 100 11
    122 57 78 34 50 21 91 119 39 117 4 75 38 36 118 101 61 50 2 64 60 86
    64 3 31 45 96 56 83 103 51 97 64 17 43 53 95 123 0 11 105 13 44 103
    29 78 106 37 23 78 44 117 90 94 127 90 24 17 106 73 96 94 102 47 80
    66 6 71 103 65 88 82 118 46 35 35 57 117 60 59 28 104 125 4 116 88
    79 64 121 106 52 91 82 61 97 48 40 120 89 52 106 120 102 69 81 11 60
    124 15 93 38 104 4 11 75 1 92 14 95 94 92 91 122 60 27 107 100 88 99
    61 30 8 9 94 54 45 3 119 69 78 17 44 81 73 90 46 34 42 40 105 51 97
    91 63 92 119 46 9 65 120 62 53 90 117 42 40 78 105 31 99 107 49 106
    115 97 68 59 123 72 116 95 69 114 3 60 16 107 94 0 105 66 94 76 4 99
    61 36 105 67 59 102 119 73 95 18 108 111 91 108 115 43 45 54 17 106
    67 101 118 17 4 0 114 82 83 49 97 119 11 45 96 73 113 59 87 96 23 92
    96 16 88 91 39 91 101 82 6 64 7 39 1 28 66 2 14 39 1 46 8 97 26 63 8
    0 36 47 8 103 66 98 113 92 62 78 75 72 98 63 31 83 118 12 66 69 15
    74 38 109 53 88 51 109 68 48 47 54 121 123 84 39 16 113 126 5 118 0
    89 18 98 0 5 21 70 45 69 12 28 17 119 118 15 90 42 10 80 48 49 29 16
    49 121 105 38 73 16 45 86 55 59 106 92 44 52 89 53 72 117 28 28 67
    40 103 107 33 57 47 79 92 56 7 107 95 66 125 68 3 5 89 99 110 72 18
    107 84 1 67 55 53 20 116 123 91 20 81 10 17 126 43 21 121 70 67 46
    113 16 98 77 112 20 93 89 53 18 69 2 48 83 67 68 0 75 2 78 12 14 74
    43 21 11 8 49 103 3 68 121 6 1 90 88 46 75 49 25 63 121 35 31 80 68
    90 24 50 0 33 107 119 40 27 84 3 21 97 110 15 79 91 114 90 96 95 101
    39 36 40 96 95 25 116 9 117 26 29 21 1 19 89 46 81 45 63 82 58 125
    17 66 36 101 90 127 98 72 19 36 119 6 50 107 75 53 11 93 76 100 21
    88 43 85 59 4 98 78 92 16 69 33 81 57 90 20 93 53 98 103 114 79 57 5
    39 58 97 59 29 47 36 44 11 23 12 120 95 117 55 41 21 117 47 63 108
    65 114 71 113 16 30 34 49 106 113 95 35 125 63 78 24 30 41 40 21 12
    93 57 61 96 34 2 78 95 82 96 71 8 119 82 66 110 113 64 108 66 25 101
    14 89 107 14 58 23 66 34 90 2 78 96 63 56 116 1 82 123 96 92 87 122
    17 108 41 95 120 61 113 20 127 123 1 84 73 56 27 44 118 38 66 35 102
    113 117 6 38 53 114 91 10 70 79 76 15 52 109 105 41 38 23 50 8 11 29
    25 123 86 118 15 127 121 85 20 125 6 100 114 120 110 101 106 87 118
    85 100 60 54 125 103 8 70 8 82 107 22 13 26 25 54 61 53 49 58 90 15
    27 53 109 81 100 7 119 101 17 56 48 123 95 50 36 33 62 11 55 48 120
    97 4 28 71 121 38 53 34 22 92 75 85 119 70 122 97 2 103 55 41 38 21
    41 99 44 1 23 116 95 14 4 93 25 116 39 59 19 78 119 85 79 122 58 36
    120 99 52 24 17 111 99 99 104 86 29 54 25 57 45 12 45 5 22 109 110
    31 94 44 116 77 78 88 0 45 22 12 77 71 2 118 115 95 39 0 21 66 93 51
    10 20 40 91 95 99 58 13 102 54 82 58 89 106 100 40 69 68 126 5 20 82
    27 88 79 67 60 63 27 77 16 80 10 126 112 3 105 53 88 38 105 36 71 51
    56 75 52 36 111 104 121 105 103 115 96 67 46 51 52 35 97 104 124 121
    90 22 18 114 96 117 110 26 51 75 14 13 33 103 113 13 108 52 106 25 9
    33 55 73 77 73 23 60 99 50 101 98 92 98 55 53 50 114 111 88 34 64
    109 125 60 54 8 1 3 101 80 42 75 34 13 4 34 83 63 3 16 117 61 89 77
    10 112 55 66 33 116 119 69 59 24 58 85 65 84 51 82 122 32 86 23 9 93
    122 8 87 112 27 12 16 89 74 61 53 95 57 114 45 61 87 72 127 120 3 38
    101 20 112 106 111 119 77 79 123 56 21 52 19 71 37 53 81 20 31 22 64
    99 15 63 8 105 0 8 33 56 69 0 97 2 111 68 109 59 26 126 45 67 82 63
    99 69 9 100 47 93 118 54 14 71 12 95 55 45 9 5 104 41 99 80 46 122
    14 23 28 94 104 60 12 57 61 78 7 65 78 109 123 106 81 83 46 102 59 0
    62 126 73 78 58 3 94 59 107 40 82 74 59 9 95 46 14 39 95 74 7 83 13
    96 30 89 25 20 48 115 31 36 15 106 102 81 54 45 10 47 58 41 72 37 69
    66 124 44 114 27 116 103 62 45 5 114 77 45 25 94 11 25 33 18 112 29
    14 48 125 35 21 88 27 122 9 28 60 49 70 72 80 63 60 85 68 36 105 28
    126 0 38 23 61 62 56 105 97 103 6 125 79 54 35 93 77 86 64 63 82 4
    76 59 115 43 68 117 5 30 64 73 31 78 16 12 63 23 30 76 87 68 52 53
    102 125 81 46 89 124 44 83 33 6 114 19 14 86 71 74 68 94 121 78 2 31
    40 49 109 25 34 82 102 5 122 65 27 84 59 96 69 38 45 114 46 32 10 49
    85 46 93 63 117 33 7 113 107 57 74 74 47 0 16 8 73 28 123 1 68 117 8
    18 13 126 94 109 123 55 33 49 32 13 102 24 42 59 20 90 31 75 119 79
    8 115 49 79 6 38 68 102 72 114 86 35 23 39 39 50 15 33 105 111 26
    114 105 1 49 17 42 11 41 112 83 101 109 64 17 72 74 73 2 31 10 6 7
    23 120 48 72 26 126 105 110 108 37 28 104 42 63 56 52 30 119 59 6
    101 49 31 38 48 68 102 56 84 7 82 77 79 78 107 83 104 57 28 48 109
    95 102 121 110 34 97 23 102 29 103 120 78 49 124 87 46 34 49 107 75
    102 103 127 76 72 45 88 122 13 123 12 52 26 94 10 102 68 2 71 6 94
    104 38 34 66 70 25 38 120 106 9 85 11 73 32 11 79 122 81 18 106 119
    55 23 104 82 8 82 51 57 110 61 109 112 2 82 15 8 124 85 120 123 4
    110 51 9 90 2 118 78 125 31 24 55 95 109 115 36 46 86 60 101 98 1 17
    8 33 20 121 18 38 91 66 32 27 64 23 65 96 8 60 24 120 104 111 116
    120 91 30 1 45 10 33 42 107 41 2 2 120 116 127 66 108 40 1 0 67 68
    61 74 70 4 105 127 127 69 26 106 97 78 6 7 34 2 39 49 90 103 89 81 0
    105 71 65 56 91 121 111 56 21 80 17 89 66 51 10 117 22 43 118 26 37
    90 76 24 51 0 73 63 48 86 11 119 85 114 39 77 68 72 29 56 47 65 64
    116 71 45 82 40 58 115 16 106 74 83 52 102 106 45 82 7 21 16 25 127
    127 44 41 28 93 31 3 28 64 13 114 56 2 108 29 41 82 116 42 109 76 16
    95 11 8 6 97 98 24 14 63 87 9 79 102 2 67 70 18 72 70 97 105 103 73
    108 16 39 89 121 16 63 5 67 17 97 79 28 122 15 6 64 27 4 5 64 112 1
    40 12 44 48 68 60 77 87 13 114 27 120 77 30 95 25 83 75 17 25 115 37
    117 48 107 106 97 63 86 33 68 50 35 63 46 72 54 69 103 36 48 63 21
    122 112 71 5 90 49 28 30 103 91 117 37 60 71 123 110 103 32 25 119
    65 19 80 38 50 111 101 113 112 89 109 76 13 34 98 54 33 54 85 7 23
    105 80 96 82 2 59 44 60 44 67 113 112 93 3 66 51 16 46 4 55 72 115
    108 103 60 10 20 115 102 101 77 126 48 34 60 50 50 75 9 60 74 119
    122 67 100 87 46 22 9 65 121 63 77 9 74 77 100 82 2 124 90 96 48 84
    19 92 95 48 98 122 120 116 81 5 15 97 110 26 59 34 77 36 61 87 60 58
    51 99 115 1 52 25 23 14 100 93 13 103 66 75 101 32 102 17 110 26 123
    121 97 34 70 24 49 103 11 67 123 112 36 27 0 28 57 116 64 57 98 85
    117 50 111 11 97 48 23 54 26 39 105 76 37 30 57 92 21 102 74 20 15
    104 41 6 86 72 85 116 61 56 118 95 73 7 3 37 46 0 70 25 109 22 40 0
    65 58 69 14 3 23 125 30 28 40 97 102 72 59 68 101 0 66 73 104 56 14
    55 53 32 124 15 8 91 96 67 50 104 24 72 11 112 26 109 17 60 119 125
    112 66 52 122 19 41 27 124 99 8 118 38 41 72 67 104 67 12 34 8 6 95
    47 127 72 53 27 49 90 74 56 77 10 16 10 71 115 65 113 78 78 121 109
    91 1 93 69 113 48 3 54 33 125 110 48 10 79 10 104 92 78 55 50 65 127
    127 88 28 26 103 115 82 24 40 17 32 26 15 14 7 77 85 16 98 6 75 6 63
    84 95 5 42 96 110 19 33 0 89 109 29 1 2 117 22 14 101 113 78 122 124
    17 65 56 114 23 12 60 43 119 36 118 79 46 114 27 91 34 54 103 62 114
    31 4 71 66 19 54 21 41 8 80 98 23 112 30 57 4 43 62 14 118 9 21 121
    104 92 81 15 68 102 61 35 83 61 86 89 60 88 92 29 55 112 28 14 103 6
    49 51 99 113 7 96 34 6 87 115 67 97 121 78 102 51 94 104 108 125 119
    25 95 100 39 109 75 11 64 38 100 62 46 78 7 27 35 79 92 33 45 6 54
    33 57 116 109 31 122 32 116 5 37 99 25 29 56 3 58 60 110 57 53 71 80
    50 95 70 104 29 27 86 117 53 104 76 97 57 42 79 30 109 105 73 76 16
    28 8 38 82 74 21 81 25 104 83 101 17 112 75 91 60 87 57 43 75 75 74
    3 23 83 18 90 18 13 47 94 67 92 119 122 77 33 127 59 113 36 14 111
    31 48 75 42 71 49 12 43 111 86 50 23 59 119 19 82 107 49 51 114 109
    83 85 4 23 109 91 10 5 17 68 26 56 13 81 7 24 84 93 13 83 6 94 108
    37 50 47 64 85 1 9 92 10 41 2 126 0 123 46 27 96 107 101 22 121 16
    125 80 126 55 69 20 29 22 58 71 100 39 84 44 73 31 101 65 17 74 77
    96 91 117 15 52 18 4 123 63 35 24 71 53 91 52 26 124 89 105 85 107
    71 33 88 7 4 70 47 95 31 75 40 85 85 27 92 101 118 69 123 25 38 81
    47 21 116 24 74 1 1 23 21 91 22 99 110 42 46 94 16 3 90 105 6 89 124
    63 114 103 57 76 93 0 2 125 22 119 55 69 62 50 8 100 105 32 65 114
    34 71 66 6 22 125 98 60 1 38 52 16 80 64 58 126 61 81 94 38 124 37
    86 37 22 79 70 100 77 76 120 55 87 46 101 112 102 112 99 5 63 52 40
    102 52 51 47 23 66 43 29 7 118 82 69 90 115 17 40 120 13 73 39 114
    24 64 33 91 41 23 53 22 120 91 80 119 100 101 20 20 115 5 81 120 55
    59 39 87 106 97 85 7 14 7 73 107 69 105 66 67 51 63 4 73 119 97 55 2
    71 1 119 66 127 85 118 10 78 46 105 47 47 101 49 88 57 100 76 127 83
    65 76 109 1 45 78 88 91 25 98 72 64 30 124 76 86 17 29 48 82 78 75
    126 117 119 17 37 122 80 73 25 70 25 20 122 60 45 32 121 28 44 28 54
    82 105 88 63 110 54 39 90 74 86 97 3 84 108 74 10 35 89 63 58 27 41
    14 94 88 119 70 118 66 97 105 6 107 91 47 4 112 27 65 39 53 81 119
    31 14 71 77 7 102 68 70 114 37 74 96 79 58 67 127 9 32 126 104 66 12
    21 35 106 92 67 15 27 123 21 50 21 122 8 115 98 76 29 43 2 97 122 98
    72 63 75 119 33 116 118 65 100 105 123 15 57 13 76 22 1 14 28 85 98
    69 19 3 7 125 110 57 7 7 22 94 31 10 26 109 13 91 30 8 65 32 1 122
    13 117 16 67 55 102 106 93 59 116 115 77 66 12 17 78 63 38 61 105
    109 83 94 127 18 53 87 48 84 14 96 73 123 127 14 111 3 102 119 96 33
    48 16 17 118 100 63 104 110 115 110 97 44 65 34 19 10 48 16 93 46
    125 12 72 110 99 118 93 8 19 89 10 10 39 118 84 96 63 103 119 127 30
    63 39 40 53 109 28 115 105 112 35 120 110 59 118 100 5 108 49 0 12
    49 8 18 12 82 63 100 76 12 69 119 113 9 21 58 67 30 30 75 28 49 3
    117 126 2 90 81 62 3 113 32 44 66 108 32 62 83 108 69 55 88 112 102
    1 47 41 84 116 11 90 40 121 96 109 59 106 27 74 92 52 14 86 31 94 27
    70 103 96 62 46 93 25 58 83 63 85 83 108 43 72 69 21 79 45 94 116
    121 88 114 90 76 81 126 78 80 109 109 22 39 36 8 4 8 64 68 18 24 26
    79 88 37 17 0 25 123 44 49 7 77 96 62 123 0 43 107 93 83 86 36 64
    107 29 118 61 53 74 37 51 111 58 112 116 6 81 55 91 35 60 56 120 16
    48 56 80 92 125 108 33 5 69 37 10 68 1 79 117 66 36 70 88 33 5 66 96
    88 123 30 45 55 113 4 56 111 54 17 6 99 59 14 40 48 122 100 24 104
    10 85 12 74 32 20 75 93 112 109 101 105 112 107 85 81 69 10 71 13
    122 79 102 76 8 54 61 90 65 13 115 4 92 75 31 66 41 57 127 127 100
    120 109 100 10 50 70 98 125 92 108 99 93 31 97 81 126 123 15 63 126
    101 69 59 121 35 107 15 65 107 122 2 93 34 6 125 81 85 114 126 121
    59 65 24 38 5 67 84 87 57 46 56 71 77 71 104 111 97 117 117 55 78 83
    99 20 112 16 69 81 53 90 17 38 33 99 55 45 91 126 4 55 103 31 122 32
    110 5 34 109 39 53 127 34 0 31 120 7 118 28 85 82 51 119 78 30 10 92
    63 102 2 124 33 68 127 81 31 69 82 77 97 67 22 53 26 33 121 88 111
    66 63 34 13 66 75 58 0 122 96 97 64 63 44 45 59 126 52 28 14 72 49
    80 91 53 67 55 126 95 111 115 93 17 51 44 8 113 86 104 123 12 108
    115 66 65 44 15 23 120 84 122 51 4 62 9 67 34 108 16 34 26 109 89 45
    29 37 35 54 0 2 87 31 61 44 89 54 14 47 26 54 17 61 11 59 82 10 84
    13 74 58 55 111 11 60 3 110 49 72 25 56 12 38 87 67 2 34 116 8 111
    56 49 35 116 7 100 15 63 44 36 64 65 5 74 75 113 17 58 14 89 63 11
    101 125 125 112 68 24 45 92 45 93 77 34 84 41 0 34 91 9 108 16 73 38
    106 88 40 21 10 6 22 1 45 35 2 34 69 52 35 59 71 5 40 68 37 8 109 35
    107 120 113 116 55 119 52 17 29 124 59 51 81 34 41 107 44 21 127 106
    97 11 56 89 98 113 109 121 91 7 93 59 83 71 117 5 92 103 126 18 119
    48 84 48 15 40 17 85 112 105 105 39 76 29 114 18 82 31 6 118 123 49
    29 8 34 122 81 48 55 99 70 108 108 96 79 117 57 39 114 16 63 41 28
    108 10 80 32 87 31 60 39 100 63 8 57 11 55 127 60 19 54 27 71 104 96
    34 95 85 24 89 97 118 51 70 68 101 60 53 37 2 11 80 29 22 47 25 16
    53 83 45 19 110 60 22 46 43 51 26 57 38 66 53 74 78 34 53 27 19 44
    81 1 16 72 70 76 83 40 115 97 96 86 32 40 49 125 102 47 24 75 2 102
    71 65 54 30 90 29 116 54 103 127 11 95 53 67 100 54 104 107 75 68
    100 57 40 6 12 100 75 45 90 65 101 126 31 24 77 14 8 113 5 82 47 60
    66 109 108 76 27 59 110 74 120 8 56 35 96 42 2 118 122 73 113 38 51
    52 30 90 63 89 4 103 116 31 106 87 11 125 96 118 7 54 26 105 73 108
    65 23 32 46 109 117 69 1 39 64 95 56 11 86 9 60 79 89 7 54 77 64 29
    99 14 101 86 83 19 93 127 126 85 111 113 82 73 35 99 111 55 59 9 105
    4 83 80 36 13 62 70 83 113 24 121 61 90 31 95 58 24 48 76 10 31 22
    104 121 42 99 97 52 121 35 102 103 51 30 67 47 3 37 67 58 3 33 29
    113 64 66 118 60 5 13 46 88 16 25 46 13 97 65 30 120 127 124 29 0 54
    12 62 89 37 34 49 122 49 85 69 91 96 82 83 71 89 64 112 113 124 75
    91 96 2 92 121 9 64 76 115 21 124 113 14 109 56 54 23 72 0 120 58
    109 78 38 21 47 118 10 97 103 40 97 39 34 73 52 6 112 51 51 89 25
    127 125 45 64 31 85 87 114 28 103 100 76 21 97 13 68 47 110 29 119
    125 74 81 117 41 23 13 1 36 15 87 45 79 70 117 93 5 126 91 39 5 109
    75 79 42 63 32 18 126 110 32 12 98 18 54 4 42 10 75 57 21 103 21 23
    122 39 105 32 9 125 99 109 57 19 3 10 77 111 72 109 72 75 88 110 107
    40 115 118 34 82 45 4 120 12 100 124 92 34 113 21 65 113 20 32 124
    46 56 102 77 32 77 30 63 19 48 114 43 43 2 11 86 96 109 77 75 38 122
    94 37 87 111 109 90 70 23 77 122 35 21 68 75 6 38 89 115 18 102 38
    111 26 95 65 52 10 29 4 7 120 114 43 24 93 53 73 49 22 81 113 14 85
    108 126 13 47 65 98 44 111 41 101 49 34 89 7 68 25 10 43 60 24 57 6
    21 74 108 51 116 47 48 125 14 43 70 120 32 97 56 124 115 17 114 40
    54 89 23 11 97 16 12 94 64 4 110 97 56 99 104 114 50 61 108 48 33 42
    36 51 40 23 26 78 43 14 110 126 21 30 107 66 93 5 55 113 43 49 37 16
    14 47 119 101 101 104 34 103 79 9 18 61 27 127 23 101 118 77 17 98
    66 116 101 103 82 82 20 77 72 85 68 20 99 36 60 64 86 11 113 102 98
    95 114 47 63 0 84 24 47 12 23 6 68 9 69 74 51 84 61 25 126 104 58
    115 43 75 122 18 88 46 42 27 5 21 73 70 32 5 51 83 27 103 52 83 100
    49 21 46 46 25 103 124 93 86 65 42 11 59 79 9 39 127 60 90 4 64 86
    44 79 36 79 96 27 46 54 46 28 116 82 109 20 76 5 39 90 93 96 54 76
    99 12 4 67 23 8 13 63 37 7 106 58 51 115 84 64 28 29 97 115 121 53 9
    105 18 9 106 80 53 90 112 109 102 121 30 101 42 60 89 86 93 43 91 24
    27 79 70 26 8 94 26 115 32 56 36 80 10 65 79 52 79 9 62 76 82 42 98
    28 120 87 80 59 4 18 1 69 33 123 83 69 97 81 106 55 20 109 15 92 6
    82 110 125 80 72 120 13 117 2 28 126 20 102 60 15 121 66 49 26 0 45
    96 89 84 27 65 50 108 123 38 102 68 22 16 65 85 62 62 82 38 46 49
    100 33 37 95 105 92 41 95 27 15 21 59 105 123 105 2 20 22 40 83 59
    19 2 63 90 121 45 119 13 94 69 40 11 104 6 60 100 83 16 10 27 1 107
    37 97 120 34 80 93 72 64 3 88 3 28 103 111 89 51 41 45 50 102 23 25
    75 113 62 26 1 81 65 36 34 88 46 42 103 87 111 6 64 23 29 24 93 57
    31 39 118 119 45 25 31 56 120 35 52 67 18 126 89 40 10 59 47 52 68
    93 122 125 69 31 102 16 80 0 67 87 4 109 84 117 57 3 47 64 6 51 2 33
    71 118 94 13 37 15 14 67 67 89 44 4 3 108 100 30 62 97 49 92 89 99
    95 79 54 71 19 52 95 11 95 115 105 19 79 23 64 125 85 34 30 87 110
    113 7 36 78 105 84 24 102 13 90 11 124 96 97 125 22 22 63 121 3 22
    83 40 14 36 18 2 34 34 5 125 33 14 76 104 32 107 106 99 6 70 106 108
    92 26 106 93 8 25 60 48 26 2 70 3 51 77 61 72 42 12 25 110 123 46 54
    30 121 105 86 123 20 126 62 56 16 101 57 59 103 25 77 28 40 59 79 4
    106 76 21 7 62 127 119 33 111 12 81 7 118 39 99 11 69 82 18 115 55
    75 63 91 13 19 42 69 64 46 54 75 49 109 87 58 70 79 39 104 57 74 3 1
    29 81 18 7 15 32 85 25 13 58 101 87 85 57 79 54 108 2 69 93 23 97 50
    15 108 30 36 81 94 38 43 110 109 32 123 127 124 27 3 77 49 122 95 21
    30 3 10 50 81 57 5 93 47 71 84 33 120 89 56 126 30 30 116 62 62 117
    72 30 36 30 127 17 89 107 6 101 108 104 66 79 5 65 42 46 46 15 16
    106 7 63 26 5 22 126 47 92 122 77 31 1 104 55 58 65 120 82 47 20 31
    126 33 99 69 23 27 70 25 72 124 68 75 27 16 27 13 67 95 61 52 70 106
    65 127 34 61 60 64 61 29 26 18 100 127 82 118 42 36 124 30 61 96 31
    18 16 74 55 13 55 36 112 50 84 90 9 49 123 90 55 33 49 74 121 79 15
    99 87 15 95 121 40 58 30 38 28 52 8 1 59 18 89 127 83 55 13 22 77
    101 111 118 104 48 0 125 19 12 2 99 88 16 32 8 40 124 93 11 14 96
    104 31 94 61 7 40 98 118 104 65 13 36 107 45 102 120 110 16 6 85 50
    31 28 12 98 41 15 118 76 111 25 87 77 117 89 97 104 17 123 1 1 93 95
    90 95 29 17 106 106 69 11 15 124 57 94 75 79 83 9 108 111 95 73 74
    84 70 44 1 41 103 121 115 98 50 11 55 3 99 31 61 122 0 38 56 100 15
    73 58 13 122 98 30 72 78 96 27 15 4 87 109 59 63 11 91 20 86 16 10
    62 90 67 80 11 109 8 126 122 39 59 25 56 23 81 66 113 66 18 39 55 23
    39 91 118 87 9 83 45 28 31 64 63 111 7 51 6 85 0 60 100 27 8 7 18 29
    88 110 25 99 69 78 31 58 98 9 14 92 87 0 89 29 15 67 31 20 77 27 31
    38 38 110 92 22 118 14 12 96 86 66 73 94 126 84 7 90 126 115 103 66
    8 34 58 62 116 22 2 27 125 119 89 31 21 56 39 108 56 62 78 94 83 124
    121 59 98 77 9 119 77 4 57 33 117 27 106 37 118 25 24 11 25 80 78 79
    47 49 19 14 57 107 11 4 7 84 71 96 55 100 63 31 123 77 65 12 70 93
    17 19 27 2 97 124 97 49 107 62 78 60 117 32 23 113 32 112 89 108 89
    127 55 42 89 42 127 16 91 0 0 64 116 76 40 124 71 100 17 126 124 121
    111 21 65 20 58 37 75 7 3 33 95 65 4 63 106 98 86 89 106 65 69 61 30
    118 52 77 79 43 43 88 106 47 112 62 85 48 109 127 9 28 61 73 89 30
    84 51 127 112 113 4 29 84 119 42 17 31 85 116 62 8 103 14 25 62 103
    108 105 47 0 4 55 77 82 60 125 16 127 50 23 66 21 126 50 68 35 94
    125 79 86 52 43 108 95 69 126 58 5 68 45 83 113 51 34 16 82 71 51 3
    8 109 4 3 122 35 9 26 69 21 12 49 56 34 58 101 112 46 43 24 31 48
    126 117 99 0 59 8 35 80 101 72 73 46 93 120 8 30 108 111 70 4 38 67
    65 102 59 111 86 104 76 1 46 108 14 39 91 0 40 107 4 11 23 8 77 66
    19 105 31 100 1 31 7 100 103 77 32 90 83 38 56 88 12 102 122 9 93
    121 64 120 103 28 8 37 45 76 62 84 74 12 14 2 73 110 48 11 7 94 80
    41 15 104 101 117 11 112 117 29 82 64 18 63 66 31 39 52 100 7 10 58
    29 66 116 63 13 47 35 7 105 88 122 108 22 105 63 63 52 127 111 100 9
    94 3 72 45 37 28 13 48 32 7 23 3 81 64 32 123 31 13 61 55 18 64 50
    79 112 123 18 67 64 13 4 67 52 122 105 5 29 57 119 80 19 46 114 6 7
    23 45 25 46 112 31 106 34 58 10 99 103 40 95 73 72 83 59 67 65 119
    21 60 6 64 120 5 107 49 4 36 28 121 4 90 116 64 41 34 22 28 97 15 74
    2 55 51 23 73 127 103 69 89 61 90 89 32 121 74 73 66 71 115 116 76
    112 49 47 8 70 1 91 38 100 98 108 42 0 95 103 105 104 109 64 116 29
    87 30 8 115 85 111 37 127 109 98 23 27 4 62 24 107 111 121 97 29 112
    89 20 92 53 84 66 105 37 109 43 77 18 27 102 9 41 82 52 68 72 110 1
    95 47 107 47 106 126 22 27 66 51 122 105 51 56 108 35 8 33 33 49 106
    80 53 12 110 23 63 15 39 28 111 94 37 24 82 61 52 71 112 31 38 54 43
    71 70 19 72 96 14 37 84 67 85 52 18 101 30 71 77 36 19 11 28 100 101
    120 14 39 1 9 47 44 41 9 114 113 34 101 14 40 45 95 98 48 97 125 71
    106 11 94 54 0 112 76 99 111 71 87 7 94 123 82 43 95 42 42 15 121 37
    109 60 90 46 10 45 15 2 54 55 66 50 98 65 107 30 59 48 1 7 124 66 56
    22 104 65 5 68 23 108 81 67 12 45 22 71 116 17 1 82 38 86 22 42 94
    107 69 108 4 28 100 9 63 52 111 19 0 105 127 2 77 64 106 72 17 12 52
    121 76 13 77 100 119 83 104 72 29 99 25 54 122 48 45 103 75 98 81 38
    64 120 84 103 105 24 3 18 14 80 108 82 14 46 58 108 36 12 116 111 58
    68 95 78 85 79 75 26 79 93 96 34 120 119 101 53 74 15 9 77 96 60 115
    73 25 7 82 71 15 101 1 101 107 127 125 94 81 83 118 85 91 40 100 109
    120 68 26 11 110 86 79 113 53 111 46 78 118 93 63 88 40 77 24 16 13
    14 7 108 72 104 32 12 121 49 49 80 112 80 54 20 111 124 68 58 63 4
    51 3 29 35 113 66 11 4 19 106 80 68 13 104 121 32 78 54 9 47 0 65 39
    111 23 82 30 4 90 121 46 107 75 65 126 59 27 115 101 21 1 124 1 102
    75 0 38 82 57 8 75 87 119 82 109 45 48 88 57 40 20 118 86 77 8 14 73
    38 98 18 117 20 8 44 9 42 94 124 80 91 10 32 35 55 38 101 28 117 27
    85 61 23 87 119 35 44 37 75 28 96 45 35 15 56 105 81 69 73 74 43 49
    67 92 107 13 117 118 92 36 44 53 113 15 25 71 15 59 82 117 105 33 93
    87 108 36 97 38 32 88 73 120 74 109 9 106 10 88 120 83 27 54 63 100
    18 33 72 66 118 1 100 29 47 39 105 63 114 51 33 14 5 123 88 60 98 60
    67 91 33 33 115 100 63 70 110 110 118 83 126 41 55 53 3 99 87 81 26
    87 93 18 27 23 104 95 53 39 70 55 77 74 23 82 72 6 8 31 27 72 45 109
    80 86 95 80 18 11 123 124 45 72 39 59 12 108 96 1 22 61 125 72 1 123
    21 112 103 68 19 97 117 17 117 25 62 34 114 101 122 12 91 5 19 118
    72 70 32 30 15 23 117 66 70 31 10 101 111 122 69 27 60 62 44 27 72
    86 52 8 28 79 44 74 110 120 76 86 40 4 15 108 116 74 10 65 61 55 52
    69 98 114 124 11 72 49 83 30 80 44 97 24 51 120 88 40 64 23 33 99 9
    48 122 88 122 118 103 117 107 104 0 25 41 15 53 33 89 41 115 1 68
    121 51 25 29 121 61 60 7 68 33 63 60 38 90 22 13 50 125 83 125 90 80
    80 40 121 13 58 95 15 73 126 8 100 116 56 15 61 77 66 75 11 68 12 94
    98 24 27 72 75 50 115 73 111 50 2 89 78 51 83 48 20 39 53 24 89 120
    38 77 72 76 11 77 60 104 74 82 2 108 45 15 52 115 85 124 54 94 103
    52 14 119 33 25 3 46 28 0 31 106 28 59 122 75 47 19 28 111 19 88 102
    111 15 76 27 28 81 1 105 41 66 21 110 77 92 2 11 109 109 27 18 54 21
    22 55 44 96 102 80 52 109 107 59 4 44 6 61 45 40 95 106 87 48 52 1
    54 91 103 75 64 82 117 82 37 98 67 80 5 56 94 81 9 116 8 13 123 14
    78 97 12 98 96 20 44 1 81 126 111 40 84 65 120 96 60 64 119 97 61 61
    2 15 124 113 108 47 93 18 82 20 64 45 5 32 117 10 40 124 71 111 69
    45 107 3 66 111 58 47 120 88 121 66 36 91 108 102 80 127 3 76 7 16
    47 38 98 65 73 85 99 36 125 38 91 125 88 53 49 43 66 118 118 49 20
    52 28 110 39 120 64 23 53 124 87 27 89 64 42 103 31 74 64 35 93 13
    125 20 6 0 81 76 93 10 9 106 115 9 98 64 103 86 28 15 59 85 30 119 6
    45 30 46 91 44 106 34 62 47 103 43 12 9 59 12 25 83 89 4 37 84 121
    63 106 85 77 78 95 54 94 9 68 43 9 56 116 46 101 80 23 68 26 102 104
    49 80 74 30 19 46 3 38 29 72 43 56 116 92 96 6 66 84 62 48 37 12 19
    98 100 55 80 59 126 54 119 13 23 19 15 116 111 71 76 102 34 51 36 43
    93 95 70 78 21 12 86 127 82 92 108 125 11 6 52 115 69 86 79 57 108
    121 39 110 2 69 124 23 37 120 95 6 77 6 96 71 93 72 112 19 123 124
    125 11 52 54 122 119 32 72 95 6 97 120 117 72 19 29 98 4 127 15 86
    69 74 44 46 44 58 53 51 65 115 0 6 27 126 58 111 40 123 35 46 94 82
    9 83 93 121 24 18 46 30 31 64 5 86 97 20 107 7 75 82 7 34 102 123
    103 75 125 105 10 102 17 19 58 7 5 40 71 78 119 92 26 77 109 72 72
    38 35 28 108 40 33 40 13 46 102 14 95 19 9 36 15 66 6 18 40 75 62 45
    64 19 4 125 63 9 63 20 80 114 24 69 64 78 73 125 47 106 124 68 93 50
    72 9 30 28 61 53 119 34 118 86 2 69 17 88 24 78 50 93 33 20 79 55 46
    124 12 41 90 71 68 100 119 48 4 90 16 52 7 59 32 49 37 112 112 16 54
    70 82 97 117 62 25 119 32 47 37 81 94 118 39 26 16 59 80 109 82 9 24
    60 16 95 112 26 114 62 2 79 68 64 59 120 65 16 59 106 0 114 95 14 15
    30 6 68 96 32 49 88 126 68 3 43 126 89 91 8 10 87 1 99 82 11 24 39
    85 23 125 108 89 114 92 89 7 18 29 40 17 111 78 43 110 47 57 118 120
    79 117 61 110 46 125 5 115 109 84 116 99 96 63 14 45 41 29 65 63 38
    69 58 101 90 31 58 69 87 88 85 37 0 56 46 113 93 110 124 10 89 47 47
    104 49 100 62 107 87 12 106 8 36 108 115 67 13 73 38 102 70 23 127
    81 67 125 109 103 37 58 56 108 69 115 52 5 108 19 13 77 115 77 74 48
    44 11 0 15 87 100 49 122 41 5 2 3 61 91 71 90 66 44 32 97 69 87 42
    26 48 75 17 21 118 126 116 83 43 43 31 36 69 8 66 97 123 114 106 12
    8 105 80 122 101 4 69 54 109 101 97 105 80 10 45 92 58 69 37 38 32
    24 20 25 58 94 127 11 31 27 84 122 101 73 68 99 11 82 53 76 107 85
    121 40 17 94 52 73 10 81 12 6 103 8 119 62 57 105 111 42 33 16 83 60
    60 116 60 25 118 118 51 0 122 19 12 78 22 43 6 84 23 8 33 20 0 80 92
    66 66 77 52 64 78 56 86 66 108 64 102 52 39 109 116 4 48 1 94 91 25
    124 72 113 113 6 102 98 31 11 113 100 29 32 67 71 21 89 24 85 91 24
    127 20 96 73 76 108 18 98 122 89 117 2 44 4 33 42 60 47 110 46 80 40
    85 7 77 18 110 113 8 110 112 86 89 105 9 75 78 86 85 10 115 59 43 2
    75 37 124 102 49 5 2 123 57 80 61 9 120 74 12 32 68 81 96 31 111 38
    82 69 8 47 117 72 107 122 21 106 60 32 125 82 100 60 84 100 36 72 59
    11 121 96 124 96 67 27 40 44 31 92 91 91 64 4 82 105 68 97 125 90 98
    64 92 59 107 76 20 116 5 15 112 104 110 14 46 59 33 33 54 39 54 36
    11 76 50 118 113 70 45 24 102 66 16 103 10 126 88 20 72 52 71 60 12
    39 119 75 70 45 42 52 106 70 98 100 48 50 98 81 65 71 61 47 107 52
    15 127 66 78 29 21 120 22 120 87 24 56 3 101 61 36 48 70 111 116 46
    14 14 127 111 78 16 0 44 17 126 36 116 80 16 4 79 47 96 103 29 103
    19 26 69 55 90 47 20 70 79 117 125 74 91 42 88 55 96 89 37 67 17 91
    76 69 111 33 35 17 122 124 4 24 10 83 38 51 13 7 88 13 93 60 41 108
    28 58 26 126 93 111 71 30 1 68 84 101 52 67 105 46 117 118 90 112 4
    87 36 16 90 55 29 98 5 97 42 33 42 40 89 98 96 25 57 90 115 114 11
    112 89 57 45 87 127 2 54 124 49 110 43 88 96 38 109 72 81 56 90 77
    62 104 73 31 24 31 36 62 19 96 95 10 76 49 38 96 39 122 39 31 1 92
    116 2 119 61 49 84 19 22 41 91 123 120 70 60 63 74 54 19 119 39 27
    103 17 64 10 57 37 9 84 86 80 14 10 79 62 104 80 88 8 124 87 20 119
    4 25 61 102 26 56 59 107 119 109 49 43 101 9 91 59 121 125 110 87 54
    70 76 120 100 37 1 58 56 84 123 19 116 61 56 71 52 101 51 59 40 4 83
    15 117 53 77 9 71 90 115 72 90 57 27 79 53 14 120 4 66 80 17 108 61
    18 124 62 52 12 6 10 27 18 116 89 117 78 2 9 122 6 116 65 4 10 121
    93 79 66 100 94 10 39 38 91 118 17 53 120 70 119 60 49 109 61 26 64
    14 31 117 8 85 33 7 100 77 91 119 99 114 91 61 73 98 23 101 105 16
    57 110 74 111 35 40 39 46 55 21 49 40 56 21 106 108 125 120 32 19 33
    86 97 118 30 34 104 51 46 43 30 84 10 53 13 13 6 80 92 73 108 47 5
    108 115 55 121 29 27 101 58 125 6 79 63 77 31 125 40 13 92 3 38 119
    124 44 52 12 44 5 3 3 45 105 117 95 95 5 19 114 63 33 101 52 26 81
    115 3 56 124 101 96 20 21 88 46 48 89 122 77 102 94 55 22 121 14 56
    62 19 31 23 126 87 27 64 122 70 118 117 100 29 94 54 55 124 14 18 86
    115 123 93 112 99 21 45 88 20 46 0 44 7 43 116 39 22 118 67 37 23 68
    70 45 81 84 3 76 20 19 56 88 2 39 97 29 121 123 33 104 107 52 41 8
    110 38 103 10 45 27 19 42 6 42 60 123 56 8 19 54 125 71 107 12 64 22
    60 46 22 82 16 49 73 48 61 108 21 105 104 73 9 4 41 124 108 27 66 10
    20 30 75 125 53 121 116 115 79 56 77 5 36 77 100 54 30 10 64 79 87
    119 92 113 108 24 57 116 12 95 96 83 87 66 73 124 36 98 116 64 123
    81 2 57 75 65 123 15 3 33 36 8 127 75 106 97 123 24 48 45 69 35 75
    59 91 5 0 13 44 21 72 87 36 107 61 76 26 49 2 114 24 126 20 1 89 101
    88 0 106 81 107 47 8 55 102 48 108 115 62 21 13 117 59 100 63 41 127
    95 72 21 67 42 89 84 122 13 112 42 72 120 108 1 124 21 37 58 114 11
    117 35 100 17 65 64 55 91 15 18 90 71 60 84 123 61 61 24 126 106 112
    92 33 13 104 68 47 50 26 76 109 123 81 67 121 7 86 6 23 7 33 39 21
    98 114 86 121 89 83 89 87 50 27 119 74 38 47 41 110 120 18 61 63 107
    105 99 3 103 30 111 29 67 124 13 51 105 47 34 5 99 118 32 124 50 81
    21 27 84 80 104 98 73 123 73 68 59 74 67 81 94 125 50 98 75 95 4 67
    112 38 5 106 100 118 62 11 68 86 64 3 68 26 53 121 108 117 85 112 64
    1 46 6 59 108 44 26 8 64 27 54 87 29 100 19 50 68 66 42 4 73 22 67 5
    65 104 16 44 77 51 96 81 24 77 23 101 120 66 11 47 92 77 11 1 67 73
    76 96 58 123 79 56 122 78 10 3 83 124 2 4 81 3 90 66 119 44 63 102 0
    126 75 29 127 16 6 13 11 38 126 100 67 41 71 99 97 33 99 39 74 87 30
    19 15 33 116 77 52 92 63 3 108 54 92 74 0 16 96 29 96 125 13 54 97
    92 81 106 118 18 48 11 115 35 90 26 37 52 19 52 87 81 15 61 78 3 22
    74 61 64 11 3 42 68 34 44 3 51 47 68 68 72 77 47 63 90 77 44 123 23
    76 66 7 95 77 79 9 63 31 66 116 85 82 47 94 91 36 41 39 25 24 0 99
    121 41 120 100 4 0 3 54 124 42 91 90 81 55 47 46 51 45 79 46 49 38
    105 33 26 28 87 7 2 105 18 107 106 102 61 56 78 92 33 14 66 91 96 31
    77 99 0 112 67 74 124 76 62 29 75 36 16 40 80 54 76 29 62 30 9 84 64
    58 61 30 45 38 46 52 20 51 40 33 124 123 89 50 98 59 7 55 38 126 44
    53 70 101 105 126 35 112 68 115 114 4 19 69 83 53 71 10 42 11 34 13
    31 2 15 40 51 35 23 75 10 47 28 112 14 9 100 38 58 112 19 24 39 109
    122 9 5 67 113 36 96 50 21 57 83 118 65 123 14 57 106 49 69 53 97
    106 12 53 109 22 120 84 96 49 38 68 11 27 59 99 7 47 20 4 57 123 104
    50 89 28 92 28 53 107 41 57 40 117 85 102 90 5 61 120 84 122 35 81
    51 119 17 79 31 91 57 58 96 44 118 85 38 92 14 82 75 15 104 23 49 42
    79 4 19 88 87 89 63 17 10 46 120 115 83 79 97 54 73 7 124 27 52 118
    45 93 64 97 15 70 63 41 80 120 15 56 11 87 117 34 76 33 82 53 31 97
    52 75 83 66 65 111 81 68 99 106 87 16 58 64 93 105 37 48 75 96 18
    116 34 10 27 95 46 67 11 56 53 90 72 32 73 115 76 85 86 114 4 65 8
    13 119 89 115 48 90 111 93 38 109 97 88 103 119 125 89 18 112 69 49
    4 61 25 116 50 56 43 50 3 13 28 125 22 118 8 63 27 19 92 66 11 122
    70 2 27 115 29 69 7 125 89 102 23 9 56 29 117 105 80 14 70 126 9 16
    57 119 0 98 69 126 52 82 93 2 10 127 127 100 27 40 42 77 93 108 114
    88 55 91 109 20 83 103 39 67 109 83 90 65 13 103 96 15 40 93 99 102
    49 1 0 123 11 105 106 113 49 2 103 59 93 52 32 105 55 53 81 95 117
    19 58 108 45 107 54 127 96 39 79 58 1 47 111 66 15 36 107 85 52 20
    20 63 51 42 12 57 54 13 5 40 50 124 10 77 49 83 90 83 25 116 40 16
    62 41 22 15 57 72 111 19 43 99 15 6 45 26 102 3 21 86 70 3 108 88 1
    16 79 44 55 97 22 90 92 29 126 61 70 104 25 121 125 16 94 98 124 21
    62 89 55 101 36 121 99 119 85 122 112 10 37 47 102 0 81 101 69 32 36
    17 86 124 35 0 68 87 70 106 58 107 126 103 17 96 88 101 49 112 86 66
    107 15 79 81 31 114 87 33 52 93 87 43 52 14 104 61 105 90 47 72 59
    87 87 7 74 20 43 44 12 114 93 78 33 100 55 51 67 63 50 42 98 6 49 65
    4 28 56 72 33 120 94 59 4 3 31 123 13 3 34 118 77 41 26 25 59 54 123
    77 119 3 92 27 72 79 87 25 28 48 31 63 99 102 22 55 63 69 61 126 75
    59 107 58 59 11 122 127 114 106 104 127 84 60 59 20 96 10 98 29 106
    13 73 2 80 114 62 113 50 19 95 9 45 59 62 57 96 35 122 3 64 72 49 71
    44 70 51 115 2 78 33 122 62 9 93 88 113 9 10 104 19 15 15 73 109 12
    46 1 113 77 75 126 14 60 89 76 75 72 60 81 82 126 105 53 0 45 35 8
    32 97 104 127 71 112 12 121 40 34 27 15 58 10 85 127 1 9 83 32 89
    119 14 7 41 55 23 17 8 124 124 18 15 41 99 105 93 101 49 126 98 53
    100 24 1 76 93 93 91 42 15 127 122 46 52 95 44 38 68 50 10 29 19 55
    77 77 123 50 84 24 67 76 43 16 76 45 21 64 67 77 89 2 6 6 85 28 69
    66 105 124 14 85 81 79 77 52 77 49 59 60 27 17 66 124 79 11 95 123 2
    121 91 41 67 32 54 125 123 57 0 116 4 17 14 19 107 89 107 75 1 105
    57 95 98 41 114 85 32 50 108 119 2 71 119 43 46 63 11 94 97 18 14 34
    119 59 12 113 106 58 22 82 44 66 88 107 5 123 45 92 40 78 50 109 104
    3 104 13 108 80 124 64 127 33 59 102 59 36 95 46 119 80 103 70 112
    29 4 120 46 26 93 74 71 58 71 127 127 118 104 29 79 67 71 93 41 122
    97 101 115 120 104 102 13 109 27 34 34 86 69 120 59 34 114 70 91 80
    41 13 66 45 50 81 92 55 42 10 5 71 61 99 34 31 114 115 75 113 70 67
    4 50 121 9 101 98 81 99 57 117 102 37 86 91 77 52 58 83 70 104 59
    104 62 117 97 113 99 33 81 63 25 47 96 107 121 108 56 71 98 25 42
    104 95 96 67 78 39 56 124 23 16 63 97 44 0 32 56 69 4 69 109 70 13
    93 13 33 1 116 127 60 115 48 85 33 118 35 90 32 58 26 58 124 39 22
    43 23 1 84 29 102 63 74 5 52 61 21 115 123 18 63 120 116 93 44 90
    118 98 6 2 114 77 0 14 50 3 76 75 43 10 50 30 78 110 120 126 27 62
    114 87 44 121 63 4 84 18 124 46 19 112 11 78 0 115 59 71 66 10 44 48
    72 40 56 118 85 3 102 77 98 50 6 58 72 123 97 80 78 88 24 83 53 38
    20 20 15 66 48 90 36 123 25 62 79 125 14 78 99 87 1 15 39 67 61 34
    35 6 36 18 99 71 56 48 105 71 99 99 20 123 69 101 10 42 110 43 3 102
    112 8 93 32 104 73 2 98 76 108 74 120 93 54 9 87 55 25 30 58 14 87
    89 63 15 124 113 59 106 102 57 34 59 38 19 38 103 26 19 104 83 37 91
    19 26 112 84 125 28 60 34 6 40 88 84 49 106 107 123 36 21 110 99 114
    93 4 5 52 85 21 78 20 31 67 69 68 120 121 26 16 43 39 67 118 61 120
    23 110 32 86 113 79 53 56 99 60 70 90 2 85 37 80 124 83 42 96 96 57
    49 79 16 79 43 66 35 50 123 23 55 85 127 63 67 111 96 61 55 7 50 10
    55 76 122 40 97 65 93 24 14 53 63 11 99 15 96 56 89 7 122 76 43 6 74
    108 28 37 1 87 95 108 71 7 81 117 68 66 88 7 60 63 51 62 107 30 6 27
    79 115 115 109 54 3 18 65 100 65 123 7 87 26 107 45 43 18 59 77 59
    88 44 127 36 111 17 99 122 54 87 86 67 11 49 68 24 4 29 85 35 40 18
    98 52 106 20 76 37 116 17 92 70 118 127 64 73 97 57 25 118 75 0 66
    97 28 3 76 45 95 116 101 34 74 112 97 108 29 31 103 95 4 72 76 118
    53 98 10 101 123 6 91 66 105 56 34 59 16 104 91 22 50 7 29 68 57 84
    25 4 3 36 118 123 89 113 14 103 52 15 42 99 25 3 98 88 66 104 41 4 1
    111 25 108 114 95 101 123 18 106 100 14 44 120 9 25 97 13 82 4 53
    109 61 18 1 83 20 10 79 72 1 88 97 15 63 125 87 87 117 47 24 123 11
    78 23 32 124 103 73 20 26 9 60 53 73 12 33 113 60 99 115 119 114 60
    8 99 51 0 53 82 21 90 60 64 50 41 98 77 31 34 120 73 60 73 95 45 17
    71 64 93 56 102 94 69 32 83 13 44 41 96 2 110 69 59 50 69 53 91 43
    44 117 39 56 12 102 15 97 11 116 79 127 60 62 0 108 67 114 108 111
    22 39 69 103 125 91 108 83 14 76 87 124 112 80 70 50 41 6 79 12 123
    122 107 120 45 24 114 65 32 109 89 4 95 0 59 44 57 114 16 101 13 111
    14 32 33 37 4 69 6 115 85 3 109 111 111 95 29 29 50 121 103 116 23
    91 115 38 31 36 120 17 84 45 74 11 102 19 11 112 90 45 78 23 2 63 58
    60 23 16 14 59 101 42 119 105 40 17 40 57 121 7 35 108 31 46 36 43
    105 54 14 24 14 27 120 11 98 4 59 86 54 104 106 96 57 122 98 100 74
    70 84 79 16 117 89 91 66 7 38 124 39 55 81 113 18 127 28 41 39 72 18
    122 96 1 103 90 50 112 96 125 105 127 33 71 44 63 81 99 101 17 31 19
    98 87 55 68 107 68 25 26 9 45 105 11 114 50 66 86 1 120 13 42 51 66
    37 78 2 106 16 118 78 45 4 73 44 98 121 33 20 30 9 38 7 28 49 56 0
    64 51 79 22 126 116 54 106 82 57 35 33 8 6 105 1 7 122 42 53 39 62
    16 83 116 114 83 127 127 29 35 80 115 66 46 27 50 110 8 58 16 124 60
    93 7 19 63 109 23 65 118 43 67 73 53 69 69 60 57 9 10 81 89 63 15
    113 91 47 70 18 29 32 54 70 122 120 105 110 123 48 82 56 97 24 72 2
    124 93 8 72 68 40 98 80 33 79 2 89 44 89 121 115 51 25 48 43 56 119
    40 7 69 22 89 46 106 6 3 29 22 60 119 11 44 38 17 69 102 122 92 105
    29 66 38 70 16 70 127 122 95 13 94 80 104 100 52 107 61 44 29 12 82
    63 106 122 63 63 49 34 32 51 75 71 48 89 89 16 3 67 67 54 113 94 39
    72 0 120 2 44 105 76 117 122 124 101 87 122 73 4 26 68 125 91 75 38
    104 118 32 6 68 42 22 112 53 106 103 113 116 90 94 5 99 90 0 95 71
    13 9 4 45 87 26 71 58 47 60 61 6 1 83 68 46 120 44 48 34 80 73 126 6
    105 112 86 25 4 14 125 4 64 23 97 43 109 55 4 41 21 30 47 65 103 14
    28 75 123 100 10 119 57 123 47 114 47 29 73 108 14 22 116 92 5 11 55
    62 56 9 25 59 119 67 94 20 104 43 11 0 45 107 67 43 96 12 101 12 3
    35 6 27 23 79 92 82 21 64 60 99 5 35 80 71 35 107 66 30 81 83 102
    101 6 32 84 107 124 1 80 31 106 98 108 66 56 106 11 37 103 118 13 78
    44 49 71 112 111 4 38 61 10 95 27 121 0 46 71 118 117 104 3 31 13 68
    91 84 43 88 71 8 51 100 122 103 75 0 114 69 66 48 99 28 109 61 117
    93 57 121 80 124 93 122 50 24 77 78 13 114 118 104 86 15 14 119 105
    41 22 68 81 31 71 24 69 4 11 57 64 21 109 76 56 1 62 111 75 78 0 123
    3 46 80 100 33 103 21 76 7 78 79 30 20 42 19 65 80 12 40 26 100 21
    30 73 79 71 112 107 31 22 5 79 74 90 68 70 114 68 26 2 105 96 53 0 6
    36 91 22 89 124 48 2 74 108 93 94 79 1 15 127 79 70 38 123 101 106
    87 36 117 27 35 84 51 0 11 75 103 19 87 26 39 42 88 88 17 78 52 109
    18 58 49 3 42 65 85 0 22 22 73 10 102 44 80 15 11 89 124 93 24 49 89
    98 45 32 35 6 8 59 99 104 82 19 78 96 45 113 109 15 41 36 78 93 82
    60 23 65 101 43 1 38 77 23 30 85 60 17 79 65 19 109 97 35 119 124
    127 68 80 83 86 56 105 116 79 90 16 17 106 35 5 94 97 109 7 32 60 10
    39 20 87 91 124 70 56 55 70 91 48 111 17 37 72 84 28 103 95 10 47
    112 6 58 56 62 98 112 28 2 14 38 11 26 96 43 123 21 66 100 73 17 6
    48 55 113 59 20 46 76 2 54 111 13 34 21 111 94 4 37 100 91 54 82 27
    113 20 62 119 4 26 120 22 44 91 17 100 121 30 59 100 4 19 109 22 87
    51 30 75 115 90 49 34 106 1 58 127 31 83 19 66 51 111 24 42 3 70 22
    84 122 74 29 51 76 28 126 40 26 7 40 88 114 34 123 57 27 42 90 65 36
    59 44 45 97 19 117 62 72 31 17 114 93 19 59 104 117 50 121 85 45 65
    29 93 8 10 0 8 41 103 86 5 105 103 29 71 15 80 90 39 31 2 36 124 105
    109 5 44 43 1 112 14 6 85 29 46 35 57 55 69 29 108 104 6 40 52 83 56
    117 64 122 124 97 6 110 42 123 58 46 9 72 13 82 119 22 16 41 67 48
    39 114 62 61 37 64 82 107 101 21 0 93 88 37 52 46 47 79 34 95 53 63
    11 126 34 62 51 62 109 0 109 20 83 7 49 21 51 42 41 56 12 111 34 120
    58 116 88 95 28 51 90 77 89 86 116 19 25 83 89 2 77 37 117 1 25 43
    91 82 38 96 107 73 8 41 23 50 127 59 61 43 125 24 86 55 81 82 6 66
    50 118 72 119 125 17 12 21 94 115 74 82 63 116 48 11 24 56 66 28 83
    101 90 111 2 5 39 67 70 114 60 106 44 45 55 82 103 86 24 50 93 35
    108 62 107 41 42 95 97 91 57 114 104 25 61 39 4 11 18 29 46 1 1 16
    121 35 47 26 75 34 17 20 34 127 126 107 35 48 32 15 108 51 58 105
    113 79 105 43 20 89 43 87 115 123 45 82 82 12 126 28 25 58 60 72 39
    112 108 15 96 82 110 81 14 109 21 122 28 50 108 67 62 74 19 4 46 20
    58 54 66 28 37 59 98 81 57 120 13 126 124 46 42 21 49 35 92 51 58 67
    28 43 57 90 0 93 79 113 15 40 42 90 62 114 103 118 24 28 32 119 123
    101 93 96 39 79 78 114 25 8 104 4 89 119 76 8 33 120 7 86 65 104 56
    113 59 21 62 76 125 9 67 103 59 114 81 127 63 102 4 83 11 68 46 30
    51 113 37 106 43 65 47 47 68 109 97 82 40 7 13 86 71 56 33 58 107
    107 71 47 89 38 13 120 12 2 105 60 122 79 68 68 76 69 30 11 52 94 1
    21 33 52 98 64 31 79 124 99 122 76 54 6 31 103 86 77 53 90 57 126 89
    53 124 68 34 35 23 42 69 36 18 11 55 38 89 1 54 57 53 97 24 2 113
    121 98 30 24 102 66 35 68 80 110 11 15 46 102 95 32 29 48 35 113 80
    38 126 26 91 45 87 3 73 13 85 100 60 94 124 29 18 27 92 113 1 82 77
    19 106 16 8 56 20 86 40 59 89 122 67 91 77 103 56 59 40 29 103 24
    111 32 100 27 20 64 107 101 112 9 37 84 66 81 2 3 3 101 95 117 54 75
    72 18 44 25 37 35 67 48 112 109 91 29 66 65 97 31 43 58 95 31 25 100
    112 122 51 53 46 105 28 123 41 117 104 66 57 113 14 38 77 63 115 12
    43 123 118 17 0 76 24 41 105 50 66 69 26 73 69 26 38 6 86 99 50 47
    17 73 83 61 65 68 72 9 39 40 47 78 10 38 23 126 85 9 23 10 71 20 4
    12 17 53 116 49 72 101 56 68 65 64 57 123 26 76 61 48 42 45 87 116
    34 11 77 94 57 124 50 111 65 2 42 35 84 97 39 49 22 80 115 77 127 39
    100 37 48 39 13 115 22 45 89 95 67 36 25 95 65 1 20 34 92 103 27 98
    15 33 17 113 60 65 21 48 85 9 28 103 48 8 92 45 53 23 65 105 96 111
    57 34 121 73 33 92 54 29 123 2 27 21 60 19 83 123 92 121 24 7 15 122
    75 83 109 63 15 87 105 96 106 112 118 56 101 109 46 107 118 8 58 35
    43 31 54 117 27 23 5 116 111 2 66 106 9 78 83 63 21 122 84 54 60 102
    68 11 108 46 72 93 120 82 102 39 57 124 45 30 12 125 98 2 79 66 66
    126 126 37 51 64 33 119 62 42 10 14 2 82 8 21 20 122 74 99 9 70 33
    82 8 24 20 57 64 77 7 76 28 122 62 5 41 48 108 6 30 48 52 83 34 50
    98 10 25 69 125 73 90 62 118 15 60 1 118 68 2 65 84 81 126 52 80 38
    56 5 84 126 62 57 92 28 57 2 124 102 89 3 109 121 121 46 82 90 119
    108 98 12 87 109 77 15 83 38 13 20 69 23 107 100 126 107 23 124 47
    63 47 104 63 64 82 22 108 17 74 65 40 117 123 94 13 115 78 121 65 31
    93 92 108 8 8 98 88 3 4 29 46 92 93 114 91 119 119 67 101 111 108
    109 64 126 69 88 111 4 5 79 27 24 116 46 126 28 61 26 8 32 17 106 76
    42 121 49 100 23 119 85 83 60 126 7 103 42 53 93 13 30 23 114 63 127
    108 88 99 122 26 103 93 49 44 114 53 20 97 78 108 94 93 90 2 104 62
    75 124 41 76 41 104 118 32 93 24 86 56 115 127 115 81 16 78 63 6 38
    76 76 15 59 57 118 46 123 17 59 8 39 26 55 26 79 16 42 48 28 15 80
    79 18 60 62 58 103 37 51 51 99 83 23 29 45 105 94 29 86 112 83 99 5
    6 6 92 45 105 56 33 99 119 125 17 49 41 115 57 51 111 114 120 39 127
    105 18 3 109 80 12 20 77 96 104 34 84 106 53 24 72 27 16 25 39 121
    50 17 57 28 58 97 42 76 99 4 28 108 64 0 49 117 121 93 61 45 126 106
    119 41 20 9 57 66 17 42 96 31 115 43 9 126 67 106 126 44 58 38 66 90
    39 104 123 126 65 75 9 7 63 40 115 35 124 47 21 1 95 42 75 127 115
    43 69 50 109 51 21 24 110 31 123 56 89 22 4 104 100 40 118 24 4 77 3
    125 1 52 26 21 88 67 59 46 110 69 122 37 56 109 34 15 10 39 57 94 37
    121 124 83 108 111 6 59 85 45 124 41 96 29 10 15 102 83 33 25 17 85
    57 67 97 108 102 33 29 10 122 5 23 108 6 113 38 84 56 30 33 94 87 28
    51 79 11 64 38 47 107 1 120 48 50 124 23 24 30 40 22 7 100 3 83 53
    68 39 55 17 45 20 68 62 12 19 95 15 0 115 64 60 30 57 51 68 114 6 51
    110 72 10 81 127 95 119 111 83 122 107 96 119 116 82 100 26 97 39 25
    114 21 119 81 36 35 49 39 125 89 20 51 0 114 71 34 45 33 4 57 60 10
    1 8 42 58 63 50 105 50 52 36 73 22 103 11 56 70 101 70 10 28 36 33
    69 82 27 80 98 49 124 105 66 82 99 56 111 93 15 126 105 111 95 77
    124 41 102 60 81 48 75 84 41 63 28 122 60 89 124 121 10 106 62 51 17
    64 8 125 15 64 42 37 64 18 125 66 39 57 105 56 48 113 77 52 76 48
    113 66 59 91 1 20 39 0 127 123 21 92 54 116 0 11 121 41 62 47 77 65
    9 86 71 117 54 21 58 124 2 92 46 111 40 10 12 36 63 124 46 56 54 78
    82 106 37 97 63 114 62 92 22 114 33 96 24 3 32 63 52 109 101 11 34
    37 98 72 121 50 78 6 87 73 60 6 118 83 61 105 108 8 102 97 5 61 4 9
    74 121 71 10 92 4 121 111 118 36 7 22 93 101 53 116 56 81 62 32 23
    86 7 95 49 56 126 40 19 108 12 50 26 53 6 6 35 69 6 53 94 15 16 35 6
    67 32 87 116 78 91 35 60 110 16 48 127 55 87 79 3 21 64 105 90 62 1
    23 125 20 49 107 122 10 105 99 46 99 112 77 111 46 41 44 91 23 27 21
    98 111 0 127 69 61 99 95 114 115 102 38 80 122 52 6 40 117 70 72 94
    107 112 94 23 46 34 108 28 1 23 12 126 115 56 90 123 54 107 3 42 93
    49 32 28 28 77 25 116 110 78 20 3 41 18 29 25 19 33 106 12 48 5 119
    42 91 93 82 35 122 71 101 55 72 47 4 112 58 38 21 109 65 4 35 40 81
    26 102 11 32 86 1 7 77 42 105 8 45 26 99 39 91 99 57 110 9 84 64 65
    99 92 114 11 118 95 12 97 79 46 91 8 36 101 59 51 12 71 28 21 3 87 8
    49 69 127 74 6 3 101 94 61 122 113 19 54 78 17 73 118 47 21 95 11 5
    56 95 62 86 95 118 65 3 121 68 6 19 114 85 86 100 98 11 56 121 93 36
    34 53 126 94 121 117 64 88 39 88 124 15 38 110 28 0 126 123 50 123
    97 116 42 23 35 42 82 6 51 48 66 7 45 27 58 126 89 125 96 59 38 50
    95 123 62 81 11 3 41 107 64 4 69 66 4 100 82 86 103 111 117 25 68 4
    108 69 33 41 120 33 88 56 64 114 109 26 14 56 125 98 52 72 37 108 96
    27 52 95 7 50 26 4 115 59 32 20 75 76 3 83 110 80 28 56 70 32 25 112
    6 126 102 49 64 40 12 127 11 89 99 97 17 41 93 115 50 59 123 76 25
    23 15 54 57 104 13 117 86 31 121 115 105 42 86 114 35 7 103 47 5 76
    28 23 111 32 83 20 20 120 54 97 87 79 4 43 94 66 44 51 92 70 116 125
    52 13 41 45 119 85 91 97 54 32 78 29 61 94 98 23 40 109 8 117 24 81
    15 13 63 109 44 99 116 48 44 54 73 84 46 102 86 20 57 96 13 61 10 46
    46 95 81 89 66 83 120 84 46 89 115 106 90 61 63 73 26 73 18 6 11 116
    27 26 107 78 44 13 20 1 102 88 109 26 75 104 54 101 105 98 87 6 48
    110 75 46 121 56 51 67 31 41 126 62 55 122 32 89 6 88 44 89 112 23
    73 115 70 21 21 14 39 61 18 48 74 19 66 126 87 109 94 25 54 97 112
    45 72 20 18 103 5 98 2 19 93 34 0 88 90 37 107 56 99 96 60 91 118 39
    7 14 64 61 13 52 28 48 65 25 111 109 54 123 61 27 64 107 117 99 12
    112 89 70 67 22 94 22 4 83 126 109 57 30 100 41 70 86 73 109 91 77
    24 6 26 127 97 112 33 95 97 22 26 23 126 118 126 37 17 90 94 77 21
    26 96 105 108 4 36 87 25 69 19 72 35 119 83 40 65 1 120 12 106 39
    116 120 99 4 34 47 61 5 8 61 89 103 14 17 89 44 111 108 94 1 20 26
    17 117 78 102 82 73 112 105 86 59 110 10 126 26 92 43 50 84 72 10 11
    27 115 7 24 63 111 72 6 62 18 126 14 20 29 43 55 99 56 21 15 48 59
    31 119 46 43 67 48 58 12 118 33 122 18 23 118 28 61 41 24 45 111 83
    32 112 45 70 73 115 61 11 28 66 46 52 109 89 37 93 95 96 124 23 99
    96 2 67 25 123 2 114 0 12 117 46 47 112 23 73 11 15 103 65 88 73 27
    43 46 36 83 105 107 116 9 5 113 62 0 65 74 39 86 2 72 27 73 3 123
    114 104 16 30 45 5 54 114 110 68 36 118 125 36 84 44 32 66 58 1 70
    19 104 91 104 44 113 18 85 105 5 39 1 85 108 24 47 65 99 56 29 10 35
    97 51 89 25 91 79 84 110 103 22 118 99 121 101 115 21 70 105 39 45
    105 104 72 0 101 61 38 52 7 99 51 25 35 36 26 107 8 74 89 81 94 116
    114 70 117 5 3 60 15 26 35 19 82 27 90 52 78 33 84 86 71 5 61 94 85
    41 24 53 31 69 13 24 89 58 93 80 7 51 19 10 117 106 84 21 28 5 62
    101 18 100 21 99 21 5 36 28 19 100 59 124 107 35 45 21 74 15 72 86
    82 75 117 73 82 114 15 62 69 31 109 21 19 10 32 81 100 19 58 52 20
    59 48 38 103 14 31 20 52 47 38 68 105 5 14 4 73 78 12 100 28 96 43
    92 79 116 106 53 38 107 117 65 10 114 125 121 28 30 61 99 31 60 60
    51 112 30 46 85 16 43 127 125 28 122 122 82 123 43 57 111 119 113 72
    36 21 54 43 97 104 1 118 2 4 4 71 83 54 115 78 19 50 76 41 18 87 28
    81 71 52 93 39 44 41 125 63 88 69 76 79 102 6 32 34 28 60 111 61 50
    121 101 73 38 88 82 23 67 29 84 9 76 25 57 77 118 121 100 41 43 81 3
    28 67 2 62 97 61 115 20 7 20 57 44 1 54 61 108 106 11 9 6 60 86 108
    37 40 120 101 11 94 20 98 70 39 22 0 72 31 99 107 93 61 106 39 0 123
    24 89 83 124 67 20 53 86 6 59 122 120 24 0 41 36 78 6 95 127 60 75
    63 70 62 111 42 120 61 40 10 84 70 37 123 46 108 81 31 99 75 96 93 4
    124 38 45 83 108 49 59 36 29 90 123 59 102 45 35 64 66 115 104 118
    52 28 19 16 56 104 101 73 37 14 111 38 67 124 108 95 87 48 90 108
    101 115 77 83 8 113 56 14 58 124 124 17 73 46 78 112 57 36 0 72 70
    55 67 8 52 50 12 6 2 91 47 55 18 85 6 79 100 9 104 62 33 93 107 45
    83 71 11 60 21 86 79 119 25 108 122 106 45 120 20 116 113 60 58 1 77
    83 37 91 21 17 107 20 119 8 14 105 18 83 57 25 51 38 125 65 35 31 90
    123 125 57 95 33 37 69 38 36 24 7 106 3 111 17 94 123 112 75 57 40
    32 111 26 66 126 50 25 36 116 77 81 54 61 110 4 112 17 78 83 81 126
    40 119 85 85 115 80 111 20 38 42 126 100 110 13 6 45 100 125 64 122
    6 102 104 76 127 13 65 93 13 105 108 12 45 111 33 104 84 120 30 81
    31 14 54 34 74 87 46 46 79 51 70 88 56 3 125 18 4 119 30 115 104 50
    60 127 100 52 23 13 29 87 68 61 91 118 49 30 77 125 30 79 10 71 49 8
    96 69 20 93 15 57 49 75 27 87 35 55 41 88 118 4 86 2 25 99 112 108
    44 14 30 80 89 1 116 103 71 17 88 19 66 34 28 92 122 41 120 108 52
    124 20 37 100 103 117 102 61 56 35 93 23 26 79 48 22 79 121 35 71 48
    21 70 40 73 12 95 91 11 96 28 102 50 54 70 111 72 85 7 96 122 16 54
    12 120 103 119 79 123 116 9 15 97 77 11 127 121 60 114 20 62 11 83
    19 62 123 122 103 103 38 109 100 77 108 106 67 30 65 13 10 93 38 70
    125 16 28 81 20 10 121 70 92 51 79 53 110 0 69 16 120 28 83 2 2 18
    53 58 34 18 127 125 122 92 110 92 126 68 108 99 13 47 91 10 46 52 48
    5 116 103 17 119 24 20 26 9 29 106 95 108 92 46 86 92 76 39 6 97 84
    125 4 30 8 11 6 122 113 83 74 4 30 84 112 19 71 20 36 26 105 102 68
    118 106 44 36 55 108 75 18 11 72 4 112 29 0 76 74 113 72 102 82 126
    62 125 90 88 71 116 62 0 50 60 96 0 17 114 51 119 83 11 80 74 91 49
    34 125 126 70 50 77 17 72 51 88 99 89 23 107 26 112 17 69 101 19 126
    112 42 76 71 56 25 49 41 37 75 104 115 24 83 74 81 12 40 17 100 7 35
    17 3 33 122 48 88 65 18 88 54 102 42 53 25 95 23 23 32 77 5 63 16 63
    81 74 87 127 29 75 18 12 50 16 53 110 55 0 38 103 4 126 47 80 113 32
    53 67 57 5 79 105 59 95 4 63 41 43 90 122 29 125 101 63 41 100 84
    104 33 22 53 83 37 86 104 23 35 52 46 31 18 35 108 22 74 125 19 98
    88 113 43 48 99 113 29 0 27 59 68 1 49 4 29 117 70 84 43 0 21 69 52
    112 80 87 77 66 114 114 108 22 94 19 125 93 57 83 61 111 111 32 117
    65 72 123 27 106 20 44 62 61 57 43 107 61 12 33 3 14 118 117 105 63
    80 61 98 89 7 101 11 107 105 121 32 104 2 55 42 61 122 91 7 67 59 76
    54 54 75 50 67 118 61 127 80 46 50 12 12 125 17 68 30 121 109 90 115
    37 55 79 91 98 87 56 95 95 69 41 2 103 104 67 3 111 62 20 96 42 70 6
    127 120 6 21 6 116 49 58 85 6 1 37 8 29 118 114 4 103 103 4 110 113
    92 8 21 13 36 100 126 98 108 23 99 112 29 39 50 25 49 71 5 34 103 68
    16 65 15 12 36 105 88 113 119 76 97 63 105 84 19 88 122 39 79 39 21
    23 23 126 65 38 115 84 126 107 101 125 25 95 115 42 107 0 91 49 109
    77 105 96 116 42 63 9 17 2 105 127 32 121 90 53 95 97 77 92 117 106
    124 94 84 93 6 4 49 15 90 34 20 98 122 101 37 117 35 64 113 19 105
    28 66 126 65 107 104 117 82 84 78 111 103 96 96 106 62 91 116 13 6
    17 17 63 19 6 70 29 90 109 15 15 71 68 105 72 6 113 74 4 25 64 76 91
    119 15 101 48 7 111 17 58 39 15 115 113 3 17 63 40 5 18 107 124 123
    8 54 83 108 18 125 1 31 69 20 2 107 111 110 73 65 47 92 42 70 124 97
    74 23 105 75 37 19 17 49 39 10 4 45 93 44 122 31 46 99 37 72 0 80 45
    20 7 7 126 19 92 18 63 49 118 108 113 90 74 124 120 50 95 117 5 124
    103 11 35 97 40 71 27 56 113 114 112 127 114 33 16 32 103 98 100 72
    122 98 28 27 27 84 29 13 9 108 27 79 35 18 25 45 20 60 35 115 69 37
    69 38 65 117 94 43 120 50 90 7 26 59 34 50 23 66 10 21 44 99 9 39 22
    46 32 105 10 104 43 40 65 80 117 7 18 123 98 35 54 117 57 52 66 32
    49 62 29 14 108 50 90 93 33 70 26 57 111 126 79 42 116 117 103 18 19
    34 91 75 73 22 67 67 66 39 72 65 82 47 125 127 99 81 126 89 9 36 51
    95 105 33 68 62 59 39 112 102 34 70 37 11 17 24 108 28 60 20 92 42
    20 18 13 27 28 65 1 74 110 109 43 65 2 49 38 57 126 22 70 108 13 115
    51 120 60 91 96 8 120 21 48 64 52 79 8 124 31 91 30 44 42 115 6 53
    16 20 31 20 102 85 84 113 95 21 69 63 38 81 61 104 42 121 49 31 76
    98 11 18 106 52 59 93 115 37 44 99 12 13 10 104 0 47 101 118 121 86
    59 13 68 35 6 9 34 111 118 10 84 125 6 41 85 10 87 122 52 111 105 27
    125 98 46 63 0 106 95 10 27 10 74 61 62 13 87 2 65 97 54 84 99 125
    50 12 44 101 28 22 7 6 101 32 36 8 109 51 90 118 0 127 110 106 123
    74 101 104 85 18 14 68 120 47 75 11 93 63 8 11 75 46 43 11 60 9 117
    15 112 74 112 36 108 58 85 54 21 16 44 6 5 70 125 105 2 20 84 87 49
    54 116 98 28 113 89 104 77 101 56 0 41 92 54 19 1 70 68 125 60 6 30
    21 35 112 31 51 37 96 97 14 56 91 79 24 0 79 107 127 73 0 7 88 104
    17 59 61 108 27 49 112 27 84 123 49 114 102 26 53 9 77 53 85 116 82
    17 82 61 80 65 22 106 0 82 116 51 125 89 65 65 122 62 86 83 109 72
    43 56 96 88 123 87 112 23 54 21 103 55 100 38 91 34 71 113 98 82 1
    81 30 51 97 7 123 65 77 116 76 115 22 10 59 91 64 37 32 114 52 121
    102 24 78 63 9 87 27 115 50 53 84 119 61 60 22 77 79 71 58 72 94 41
    93 86 6 84 5 65 115 93 32 60 119 99 115 40 21 74 61 80 53 85 38 102
    67 50 123 19 80 30 103 13 44 79 5 15 38 9 124 25 110 29 35 103 88 68
    10 57 83 19 83 123 94 62 66 110 8 83 36 35 3 29 7 7 73 83 125 84 105
    34 24 83 107 72 60 103 58 92 22 63 51 53 66 48 96 67 3 54 69 9 58 30
    47 75 11 70 29 31 6 115 46 9 34 1 37 96 94 41 121 113 64 68 70 10
    120 3 105 77 23 89 15 67 18 124 29 91 87 73 73 79 21 34 125 28 20 25
    85 95 106 30 69 27 99 108 79 111 96 59 88 117 49 63 21 57 17 41 111
    9 96 5 63 43 59 123 76 107 69 21 57 107 26 76 120 63 38 96 0 87 20 5
    57 117 3 41 77 99 12 52 110 86 64 53 127 110 40 29 33 35 88 101 97
    33 110 123 13 24 119 118 56 105 124 92 114 20 55 3 104 74 76 62 43
    76 45 88 112 16 107 111 57 76 73 71 77 42 59 90 69 50 64 95 68 79 36
    112 78 71 40 47 89 3 24 43 12 17 43 77 71 61 4 39 66 100 123 108 21
    103 79 105 30 88 117 31 113 11 97 18 111 25 8 38 110 44 106 123 91
    95 20 33 117 89 116 24 15 76 53 69 41 88 7 91 3 94 54 64 44 125 47
    16 49 30 9 75 32 86 104 107 124 119 37 57 83 107 10 122 115 106 96
    80 62 113 24 52 47 80 116 106 90 16 67 26 50 26 78 24 44 42 70 117 5
    121 32 116 98 125 33 43 46 33 2 100 98 89 60 63 43 60 59 112 54 76
    82 75 6 59 37 21 67 33 127 42 63 4 4 30 106 108 89 72 40 41 25 105
    76 111 2 121 49 39 114 57 83 114 55 71 39 13 34 124 47 71 101 32 78
    0 58 20 37 116 48 81 36 44 58 64 14 76 107 13 126 90 37 38 47 12 48
    34 15 74 87 59 30 84 96 123 12 73 106 96 0 89 3 38 15 29 44 63 39 56
    54 44 25 85 85 54 114 114 73 36 14 95 53 115 85 100 40 91 24 10 53
    75 5 5 122 93 108 67 12 89 120 17 98 71 126 58 78 102 52 50 25 30 57
    1 8 60 11 65 28 20 6 59 73 27 44 25 38 82 48 8 80 121 103 38 117 40
    67 11 28 101 105 92 98 113 35 108 46 32 18 32 100 76 3 76 32 77 19
    97 75 53 75 52 19 78 41 117 64 97 81 95 87 104 115 46 0 46 105 20 15
    22 118 46 68 105 65 50 47 75 18 109 48 57 56 66 58 39 18 113 27 83
    98 56 100 70 124 25 58 62 89 119 107 70 90 102 70 66 84 10 105 39 56
    32 55 116 70 110 33 97 24 15 17 60 19 5 111 24 27 19 108 27 12 102
    111 86 96 60 88 76 118 82 110 110 6 92 65 100 52 120 1 51 59 18 11
    102 88 20 118 26 82 7 109 36 81 113 31 12 47 27 36 114 87 79 64 103
    28 73 102 32 63 62 104 85 53 57 44 27 17 93 59 31 81 20 121 84 35 93
    0 90 57 52 43 79 14 88 43 54 107 0 27 27 109 108 65 28 121 102 74 26
    103 45 109 40 103 94 74 91 53 112 35 35 87 88 121 15 10 33 21 79 82
    65 98 62 2 7 77 17 127 123 85 10 6 83 38 41 62 65 103 87 97 119 109
    80 92 5 55 84 108 64 12 117 53 15 35 82 29 67 30 30 19 63 109 3 45
    54 61 67 95 84 112 14 102 41 57 9 115 116 88 10 114 4 9 82 5 3 40 67
    117 30 57 79 110 79 114 125 88 105 97 32 9 119 10 53 99 9 64 101 121
    61 9 36 119 34 106 8 56 94 103 28 69 15 56 41 103 42 111 32 61 32 16
    83 125 19 65 65 51 74 104 28 70 4 106 123 120 35 99 24 70 15 3 14 9
    59 103 100 87 110 123 69 4 119 113 99 74 121 81 48 21 106 113 36 93
    73 40 15 27 11 71 118 30 121 10 61 125 12 80 69 31 108 54 49 1 17
    117 126 50 117 34 67 126 116 108 7 59 21 1 52 61 67 78 41 119 82 37
    101 38 69 48 29 53 74 52 55 12 126 18 29 75 52 20 87 44 123 123 39
    43 36 95 61 74 108 18 101 26 108 40 118 97 121 24 13 90 75 89 117 85
    96 30 19 86 100 125 74 42 83 108 43 36 100 123 60 63 39 54 21 88 100
    119 97 34 92 8 83 109 43 4 21 50 56 34 84 79 121 23 48 76 97 87 41
    99 13 55 117 64 95 103 58 15 120 124 122 50 52 26 61 120 103 75 118
    123 40 15 85 94 51 16 18 84 54 30 54 91 24 51 106 42 76 79 116 9 48
    127 11 93 79 89 62 24 69 100 73 30 65 33 80 77 117 63 44 98 102 126
    8 51 89 68 84 45 63 121 83 104 14 113 28 101 104 11 35 95 97 101 25
    85 65 127 9 66 57 105 71 1 22 6 44 53 2 107 95 29 50 101 87 37 119
    49 122 98 71 10 11 101 51 107 123 98 66 31 84 117 55 81 80 111 38 47
    49 113 80 58 69 21 83 22 11 47 33 0 117 104 116 36 92 1 92 125 14 31
    65 69 82 103 12 23 82 81 20 111 64 28 69 59 64 15 77 64 32 70 67 120
    2 98 75 82 20 18 39 5 80 46 11 19 114 53 85 29 35 15 82 94 114 111
    29 46 126 110 118 57 25 40 58 38 4 45 39 78 80 114 80 31 111 2 111
    68 47 84 113 90 124 119 31 47 103 0 121 125 65 49 17 110 95 90 26 89
    15 123 51 93 78 4 78 53 46 103 69 58 79 79 112 102 88 111 2 102 41
    12 87 22 4 120 83 120 77 52 78 121 98 42 14 25 125 122 95 109 81 94
    67 8 89 107 107 74 114 62 114 112 121 31 86 90 123 60 49 11 62 86 43
    97 39 117 85 7 1 83 115 80 107 113 76 124 101 20 95 106 57 97 34 111
    41 74 80 83 107 56 90 86 54 79 18 32 18 103 18 73 118 38 28 101 65
    19 16 3 89 99 66 31 23 66 21 105 95 35 94 52 117 13 112 49 64 116 94
    116 10 54 4 126 65 80 15 31 96 100 38 34 105 64 52 50 86 18 9 17 96
    83 103 44 91 20 12 71 37 106 25 105 77 95 6 43 69 91 78 105 9 47 11
    98 74 81 43 47 118 57 60 118 96 6 17 91 27 49 63 122 116 2 107 3 73
    67 6 17 95 95 11 101 59 16 82 106 76 77 29 31 92 14 37 53 54 59 80
    46 51 64 91 112 53 16 8 52 93 126 65 8 116 74 105 60 19 94 113 78 43
    44 53 99 102 108 33 21 11 93 4 35 9 36 7 80 23 78 20 64 57 4 15 68
    38 63 98 124 80 96 60 36 57 45 26 20 27 28 127 55 99 124 122 42 120
    1 17 70 117 72 39 103 100 98 75 46 99 114 111 12 34 68 9 117 14 122
    35 31 109 67 57 76 98 94 6 13 59 37 30 58 121 93 11 103 51 59 89 93
    107 101 44 87 109 51 112 61 122 92 29 100 40 87 48 17 28 82 86 18 70
    112 74 123 29 35 12 110 10 109 16 82 43 115 28 50 108 124 2 22 73 25
    20 102 48 56 17 26 111 51 10 54 106 100 47 121 16 82 94 123 14 81 22
    73 73 28 72 118 41 62 55 119 52 18 47 82 68 119 68 61 98 56 85 105
    29 61 92 116 71 94 50 95 45 84 109 67 3 96 86 67 71 0 38 4 60 3 46
    18 19 98 44 62 92 116 72 79 21 53 103 79 98 86 105 84 96 28 71 58 85
    73 60 70 122 14 92 124 113 60 37 21 49 13 108 41 76 75 25 9 42 95
    118 115 89 109 107 58 19 117 16 58 8 66 95 69 20 80 90 18 41 5 7 74
    29 20 40 42 127 33 73 41 67 93 17 85 59 62 69 63 117 34 127 91 0 9
    66 110 67 1 22 4 64 114 23 27 84 7 80 65 59 98 6 73 15 127 73 55 50
    53 40 91 91 31 93 117 60 117 63 112 6 19 21 120 90 11 87 15 51 103
    25 8 38 124 80 5 9 77 9 95 46 29 88 84 72 20 49 121 106 23 22 103
    110 26 52 26 77 54 27 66 69 46 12 87 55 102 25 74 119 57 116 123 22
    55 103 125 21 118 36 75 76 28 42 11 27 67 117 52 35 31 5 77 38 87
    112 23 7 116 110 10 24 4 85 93 42 8 36 35 62 4 104 91 80 113 46 54
    82 63 118 83 15 55 79 60 2 75 4 21 99 13 70 23 56 48 94 24 7 93 3
    103 101 63 40 105 90 78 13 83 37 18 17 62 65 125 4 70 85 38 34 77
    123 59 25 63 52 72 95 106 71 54 114 3 5 10 47 84 61 3 104 78 109 69
    40 80 116 61 29 0 3 59 48 84 58 31 47 12 127 51 84 104 60 32 24 54
    30 126 5 5 64 80 9 118 69 20 55 76 5 103 19 65 54 2 15 85 120 93 86
    63 36 121 36 116 109 86 90 45 2 36 24 39 66 12 83 85 11 72 116 45
    115 119 117 117 51 91 68 121 15 47 26 77 121 126 3 108 108 2 101 85
    22 84 1 40 72 106 70 109 68 79 94 64 93 92 91 99 5 101 73 108 69 28
    127 49 8 106 51 109 84 114 27 97 55 108 7 117 59 88 45 6 90 106 101
    22 10 111 112 80 87 32 54 10 98 108 40 92 115 78 89 46 51 5 48 13 20
    16 20 68 88 34 59 126 110 87 104 111 20 0 20 24 20 53 101 48 111 114
    97 65 52 8 75 34 91 36 73 4 114 32 94 80 7 23 11 124 44 2 26 95 68
    64 29 25 70 40 112 93 25 87 54 119 62 18 103 127 29 44 62 120 35 117
    44 94 16 79 17 43 123 96 88 125 114 114 112 85 127 2 98 20 52 122 11
    88 20 92 69 108 67 22 107 7 72 121 106 49 108 73 39 96 53 36 105 84
    16 71 100 24 114 9 81 56 9 31 12 22 91 37 127 61 30 90 47 6 34 42
    106 88 77 96 110 82 45 125 14 41 72 70 41 11 8 124 114 21 96 52 108
    12 92 104 24 113 118 100 81 8 74 2 94 118 76 106 118 117 115 62 10
    112 96 3 99 60 61 109 35 12 20 12 83 15 42 53 64 73 90 67 26 82 68
    66 65 108 87 126 83 17 10 76 38 114 95 85 119 88 114 112 68 69 95
    120 0 30 77 26 111 96 88 103 94 10 68 101 115 35 36 66 117 93 80 50
    102 122 85 31 68 9 21 25 3 58 61 52 21 5 21 35 121 54 74 111 23 74
    94 79 51 14 11 46 82 115 16 66 3 5 49 112 39 119 67 55 94 55 108 98
    18 14 92 28 62 91 27 76 73 63 78 81 29 94 108 55 125 32 61 80 79 125
    21 19 92 93 89 91 86 105 112 35 116 98 45 12 117 23 19 95 80 42 33
    24 33 60 12 65 29 9 14 66 61 39 69 28 106 55 35 47 105 71 1 59 125
    74 51 69 52 30 0 6 99 56 23 11 31 73 59 10 37 50 123 22 116 55 64
    116 112 16 0 82 49 69 116 82 21 59 54 80 47 78 101 105 116 82 42 90
    127 2 106 117 89 90 103 14 110 104 92 105 84 83 57 79 37 47 32 94 64
    31 62 44 30 118 59 108 85 90 73 5 69 126 75 10 83 50 52 41 78 100 22
    69 72 43 108 63 57 85 50 42 111 89 116 11 32 82 125 32 121 83 66 120
    55 50 76 109 45 94 8 90 39 75 33 61 66 108 118 5 103 68 127 87 94
    101 45 65 27 68 116 117 90 8 86 56 66 46 112 68 36 86 117 55 0 63
    113 50 26 42 45 124 37 59 41 42 95 35 50 26 42 87 56 33 47 80 39 9
    79 61 1 24 45 34 96 51 113 56 37 21 42 61 105 69 45 35 108 91 118 59
    81 99 43 89 97 76 3 6 91 59 2 84 5 127 101 28 100 9 104 67 108 100
    87 45 48 78 94 78 103 87 5 63 108 53 48 111 104 111 92 50 8 27 61
    123 29 88 69 5 9 94 109 73 7 116 18 7 54 16 36 7 1 118 110 15 19 83
    31 13 91 25 34 54 113 71 120 21 34 64 115 105 13 122 2 47 112 59 101
    0 9 40 28 41 31 55 96 53 1 57 13 17 122 90 49 40 124 113 80 126 125
    66 1 69 50 117 35 76 4 107 67 7 123 106 91 12 5 3 48 53 37 98 18 99
    68 4 127 90 59 0 65 70 2 100 104 38 80 88 0 98 101 88 102 120 45 65
    68 17 68 105 105 126 19 111 0 99 93 59 110 18 70 106 120 13 46 55 25
    119 106 65 2 58 14 23 119 17 15 10 105 99 77 3 77 56 66 29 111 100
    48 91 48 21 61 117 46 39 115 112 86 1 41 23 90 89 1 121 10 102 100
    40 70 63 43 41 107 77 13 99 66 84 8 51 121 86 53 122 123 45 107 69
    27 66 13 125 10 42 12 106 99 108 113 90 34 70 97 50 9 69 127 86 10 3
    112 85 90 83 17 11 21 108 13 85 66 11 89 0 47 43 58 26 75 103 4 96
    16 52 84 115 57 100 43 21 78 50 77 109 1 104 54 91 100 25 49 22 8 20
    77 4 57 29 95 62 117 10 51 37 111 115 33 121 30 110 35 91 20 77 80
    102 33 71 108 98 123 74 14 20 111 61 23 97 26 112 15 52 33 24 125 42
    5 49 5 122 29 96 101 120 72 91 68 66 37 63 17 100 44 52 17 56 11 46
    105 1 1 27 47 13 20 102 59 44 112 58 2 112 29 24 86 109 82 94 12 6
    68 48 74 67 10 37 47 73 15 89 18 74 20 105 35 9 13 66 97 18 68 125 2
    51 53 44 111 7 102 113 18 47 12 111 19 87 14 0 82 66 110 31 110 7
    126 65 9 67 37 106 104 30 112 87 10 106 92 58 101 121 52 111 26 67
    119 68 45 12 10 15 71 2 63 119 14 87 51 13 23 56 13 112 44 104 75 77
    77 85 14 48 53 26 15 73 88 127 2 89 115 103 125 124 13 38 42 61 95
    83 121 61 29 47 2 108 87 112 59 28 94 27 64 58 41 122 25 120 113 93
    33 44 48 27 3 45 97 49 89 77 83 73 62 0 74 87 6 120 11 63 15 81 51
    101 46 44 46 4 26 78 9 118 76 16 41 79 58 119 104 96 27 69 90 44 53
    105 56 120 0 6 118 32 33 66 4 9 84 51 87 98 23 47 121 54 34 65 23 61
    10 51 69 13 88 8 91 24 94 0 28 30 17 27 51 22 92 82 84 96 127 3 38
    38 101 119 32 115 36 35 124 66 102 92 113 70 34 24 14 55 80 44 98 17
    19 21 58 98 15 75 68 16 72 87 89 65 114 67 15 55 25 65 54 87 17 65
    87 12 35 96 84 64 119 0 65 18 10 49 99 2 29 23 28 67 121 76 124 75
    52 114 26 29 9 91 86 78 102 10 41 98 13 3 45 101 89 90 5 101 71 72
    78 7 88 45 72 84 90 14 21 41 1 76 109 110 50 18 113 58 79 65 92 9 70
    29 48 47 111 99 1 0 79 81 102 88 116 100 126 12 51 124 50 121 94 24
    43 75 3 9 101 81 63 49 93 74 62 40 112 52 118 107 117 93 82 73 86 37
    10 28 54 73 21 81 81 40 82 44 127 52 89 51 98 63 54 67 46 33 6 91 62
    108 67 58 106 92 41 18 71 5 21 13 88 12 69 28 22 63 126 73 113 46 67
    36 62 84 73 69 80 33 126 49 103 10 49 98 81 123 99 85 3 76 12 81 102
    70 24 0 51 126 126 8 10 3 54 9 98 115 73 83 34 57 91 34 99 45 123 14
    118 38 97 53 26 14 114 28 86 33 49 16 29 78 101 14 105 17 82 62 121
    83 15 13 52 30 69 20 102 126 83 97 24 97 23 53 18 15 68 87 95 115 98
    19 87 127 76 103 50 103 114 6 107 40 86 56 81 24 106 114 114 94 65
    92 51 126 22 54 26 31 78 28 60 120 30 124 34 28 29 74 31 27 59 124
    82 79 28 78 18 89 36 62 87 54 60 71 89 125 5 122 53 30 120 90 61 90
    112 16 2 125 8 110 38 68 109 115 58 83 44 72 11 115 113 99 48 43 26
    5 109 23 19 79 8 101 105 43 25 57 87 20 107 17 15 72 38 106 52 124
    68 26 33 112 108 95 82 34 99 41 59 86 93 105 76 74 115 95 106 109 24
    36 33 103 10 8 20 5 23 114 92 50 57 54 39 101 29 94 2 17 67 8 51 56
    121 110 80 28 40 114 35 89 6 123 85 85 39 5 90 7 23 6 119 117 99 40
    80 30 37 115 86 20 3 119 108 59 31 56 107 96 1 75 119 25 57 61 14 30
    111 27 16 12 76 109 87 75 3 13 54 0 78 55 71 27 42 107 54 117 112 89
    0 119 18 62 37 88 122 103 26 35 88 64 8 18 66 80 102 28 112 84 25 65
    24 94 59 58 39 34 111 2 82 10 61 118 20 101 27 90 61 110 15 34 58 12
    60 94 63 32 45 86 11 82 66 86 115 85 106 3 125 56 65 0 39 103 124
    115 59 40 52 75 56 36 77 107 56 102 90 121 119 18 97 8 16 124 97 39
    37 42 10 108 87 42 51 90 83 1 14 29 100 63 74 114 46 5 52 117 81 51
    52 40 115 63 47 34 109 71 76 122 106 122 52 70 61 20 64 117 57 58
    103 51 123 30 107 29 86 73 50 110 88 3 86 11 75 74 94 8 6 43 11 107
    88 60 70 107 71 54 9 91 4 46 94 96 15 28 89 55 37 53 74 8 117 106 58
    39 6 88 72 50 106 20 19 48 44 9 82 117 107 117 9 49 114 29 14 55 46
    47 62 76 52 113 19 8 5 44 123 44 102 42 5 16 38 117 11 91 39 108 72
    94 50 32 42 106 11 79 37 72 66 70 123 98 108 107 98 91 10 18 24 67
    89 43 44 12 8 97 70 0 127 49 61 6 95 75 18 85 115 34 120 37 25 64 2
    114 9 2 125 118 82 78 62 59 68 54 77 22 122 17 43 52 40 78 24 123 28
    123 104 127 101 46 41 27 8 117 66 87 104 122 72 63 13 1 23 5 4 117
    21 6 32 119 35 104 99 4 17 108 101 26 103 83 94 122 20 50 2 88 70 16
    96 64 119 82 111 108 119 116 68 54 94 72 87 22 9 64 71 103 107 94 14
    84 84 42 64 68 123 3 65 104 34 118 45 78 86 43 105 15 109 120 83 12
    26 68 106 40 126 87 44 120 79 75 26 100 96 103 118 102 8 26 113 73
    97 92 117 89 23 49 51 120 99 94 58 3 84 116 103 32 34 0 2 106 5 29
    65 79 112 61 80 91 76 102 84 53 47 54 33 20 40 99 54 87 49 32 81 48
    74 28 64 45 91 71 57 53 95 125 108 62 52 109 55 49 38 15 104 124 39
    124 27 85 33 47 5 25 19 32 98 123 87 81 44 41 90 115 116 84 66 108
    64 65 71 122 60 50 17 31 51 25 35 39 59 97 29 33 27 80 111 57 23 87
    17 73 29 95 108 83 86 110 3 41 72 2 121 50 106 110 79 13 68 4 90 123
    112 49 84 76 6 43 54 40 97 118 63 58 12 49 27 18 82 38 28 86 59 41
    86 79 44 54 116 13 65 99 114 10 110 105 106 77 122 91 61 53 10 7 15
    113 98 99 102 16 103 117 98 96 115 44 49 56 113 70 1 26 113 124 23 6
    7 60 17 8 45 33 32 11 70 100 123 37 21 94 28 59 10 110 34 30 51 100
    42 124 62 37 82 25 21 58 70 121 31 14 14 79 82 71 93 121 114 97 53
    71 25 124 35 78 66 123 16 83 116 52 5 1 61 109 26 88 127 39 126 117
    123 19 22 21 13 39 75 102 43 122 74 84 20 13 37 5 51 119 123 12 66
    12 122 52 21 79 92 118 89 11 59 88 73 60 13 98 53 115 118 87 91 56
    74 79 92 29 2 41 88 19 24 69 21 25 84 45 60 57 76 63 0 35 7 121 94 1
    46 92 94 31 31 97 46 73 126 35 11 89 114 127 111 125 57 61 88 68 41
    56 26 41 19 43 113 93 78 55 30 69 102 24 18 14 106 109 114 64 45 126
    84 11 90 90 123 29 105 3 22 113 101 59 64 76 60 80 123 53 48 113 13
    111 40 97 24 25 51 25 42 121 82 14 125 13 44 96 102 107 18 72 79 114
    61 57 48 98 20 33 55 102 55 65 107 0 106 4 22 103 4 94 96 113 110
    105 100 107 65 50 49 124 37 72 30 76 104 5 36 119 48 106 3 112 23 76
    47 122 67 9 65 80 89 89 74 14 125 77 96 118 113 19 6 58 39 48 92 8
    35 4 50 80 117 73 28 64 55 9 15 48 68 7 87 1 23 98 89 41 92 94 98 32
    78 55 14 79 49 35 10 102 73 124 90 8 60 76 49 39 108 13 115 40 16 18
    101 84 55 89 29 44 75 17 60 119 114 36 70 41 66 107 89 101 62 21 19
    89 93 84 32 59 53 26 72 52 114 27 2 17 81 37 23 17 43 41 118 39 68
    23 2 50 94 114 25 57 104 7 117 121 108 29 7 120 78 88 3 73 115 10
    127 18 60 52 77 63 16 5 103 102 109 42 105 79 39 45 122 3 8 4 4 57
    37 29 65 90 1 118 103 20 100 12 109 45 74 64 19 37 36 86 45 52 119
    116 55 22 18 22 54 117 119 48 81 68 75 81 97 105 106 59 119 93 60 42
    105 119 103 5 9 89 49 29 17 13 7 49 123 76 114 107 47 55 122 16 86
    127 44 14 120 11 114 70 27 43 124 27 47 99 71 64 119 68 89 46 92 104
    66 89 4 114 86 71 79 20 53 83 54 92 8 25 64 88 67 36 15 127 77 119
    77 119 5 17 87 67 78 74 104 127 84 54 1 64 10 2 21 78 22 42 66 28
    109 39 30 86 99 118 75 27 113 36 113 106 92 42 106 116 34 3 127 15
    57 17 106 100 58 105 119 118 24 76 46 101 20 73 59 25 37 127 84 120
    51 118 60 63 48 29 80 4 11 15 59 50 19 10 53 81 117 9 8 103 127 108
    30 30 40 69 80 66 110 26 37 85 84 115 93 25 113 9 46 90 37 50 123
    100 116 100 24 106 26 30 74 63 5 84 39 116 103 125 66 47 45 73 106
    118 54 50 40 30 116 38 76 123 105 100 35 110 28 116 80 57 125 12 112
    73 114 118 61 53 5 119 47 7 74 124 98 43 125 13 101 49 80 59 80 49
    45 19 72 61 60 53 28 73 15 108 14 94 15 19 113 88 89 0 6 21 73 0 60
    25 109 112 110 15 71 65 99 76 3 113 10 70 90 85 17 117 73 25 114 96
    74 85 11 20 99 94 91 89 59 59 122 10 3 27 44 13 62 53 17 47 59 43 76
    103 120 1 123 114 70 89 68 47 106 98 10 0 114 17 3 72 2 9 76 13 101
    9 72 11 44 19 9 83 55 116 5 41 69 72 55 26 34 37 47 75 23 87 34 10
    102 98 50 46 107 53 37 44 103 100 98 73 83 91 6 105 110 121 121 10
    73 68 113 13 66 126 65 0 74 3 46 23 16 111 44 96 58 83 26 92 127 9
    63 79 55 1 10 3 88 79 90 90 65 19 80 66 70 95 48 82 21 22 101 27 118
    95 123 60 127 67 118 119 56 116 118 18 1 89 100 121 30 6 74 30 59 65
    13 45 125 96 67 99 100 27 28 71 42 56 60 72 72 106 15 58 74 89 43 58
    55 102 60 106 81 45 11 0 120 59 55 117 92 72 16 32 70 29 18 26 95
    105 89 46 78 123 98 115 20 68 80 90 59 95 125 115 19 86 114 105 13
    116 16 15 37 10 118 1 63 100 112 57 104 52 106 60 92 127 99 107 91
    102 93 99 40 74 63 65 42 41 42 2 78 8 2 65 63 90 27 39 126 70 80 51
    50 41 88 81 42 11 35 97 9 12 58 100 123 116 6 14 52 79 116 16 127
    111 72 91 73 52 45 82 82 39 121 86 22 3 1 121 89 27 87 86 85 9 53
    124 88 36 0 121 71 103 74 37 43 100 67 95 120 90 33 108 73 76 56 53
    95 24 33 66 64 12 103 110 119 92 117 9 19 81 97 85 88 13 0 93 117
    119 33 52 29 126 49 99 94 121 27 45 56 108 34 82 44 124 83 20 4 99
    14 47 93 4 49 102 108 58 80 106 12 8 11 68 66 27 24 32 9 32 108 80
    109 90 64 79 54 46 29 112 86 90 125 115 74 77 55 116 115 92 96 19 39
    64 31 27 76 60 106 73 76 60 125 53 18 4 64 117 114 80 13 31 53 24 3
    61 33 84 63 1 82 125 24 13 66 68 79 72 68 71 107 72 121 28 104 33 98
    20 48 18 39 119 120 56 112 114 50 28 126 72 45 42 64 27 121 75 99
    118 56 71 114 16 55 17 24 65 69 107 102 14 45 32 50 42 42 66 12 22
    126 11 35 87 13 8 101 13 118 94 65 4 38 35 29 69 11 14 55 36 3 37 1
    52 68 109 104 63 101 18 49 119 57 117 123 58 60 49 117 48 28 6 52 41
    97 29 120 46 33 98 93 36 123 26 117 115 102 23 10 64 82 53 34 23 65
    110 110 19 66 33 125 40 75 110 113 44 82 95 105 10 41 88 114 87 99
    117 67 77 15 103 50 109 107 74 117 34 79 89 107 104 50 0 55 110 31
    126 106 39 106 78 62 86 117 31 62 62 105 85 54 47 13 5 95 10 57 95
    115 75 50 1 102 70 121 121 29 13 11 23 72 75 38 69 66 51 94 4 97 21
    26 6 83 97 4 14 60 45 38 36 82 83 10 78 3 104 13 62 13 13 46 30 100
    127 57 62 101 8 127 125 20 3 25 81 103 34 118 18 10 51 62 72 65 50
    90 127 94 113 88 68 110 45 114 2 121 23 0 60 72 113 108 6 124 13 63
    44 112 63 109 70 50 85 118 102 6 112 47 37 88 79 4 72 91 24 45 98 92
    87 13 96 105 46 124 53 78 83 30 107 94 114 123 94 107 106 96 43 27
    91 44 80 86 73 94 88 40 115 42 101 32 94 95 120 4 53 26 33 102 5 19
    27 54 63 58 82 44 27 63 58 75 1 60 36 30 61 123 34 86 74 78 12 93 68
    13 44 81 52 102 76 56 82 4 55 101 103 86 78 71 53 45 122 56 116 106
    110 54 116 45 103 30 26 101 11 87 57 45 17 48 119 7 70 82 73 12 41
    75 119 7 27 15 90 48 83 67 95 81 21 63 46 41 119 4 71 48 73 7 5 127
    81 68 80 75 57 81 91 94 72 36 59 29 122 77 96 45 122 14 51 93 19 70
    35 5 57 108 35 85 77 109 20 50 29 110 24 98 60 80 62 91 31 120 122
    99 19 40 10 79 56 53 58 72 18 37 77 48 93 0 31 47 101 81 70 3 73 30
    102 96 120 119 83 118 36 3 38 10 119 101 113 99 74 109 76 61 102 46
    55 59 47 26 82 66 120 39 36 93 61 58 87 35 41 117 121 53 68 43 111
    111 96 22 123 50 80 105 38 50 63 70 94 107 86 65 45 77 83 89 76 85
    62 90 107 60 21 104 94 25 55 69 46 48 11 103 85 43 7 63 110 11 20
    115 8 6 101 97 8 93 83 11 50 58 87 81 122 98 4 82 21 98 120 60 4 2
    90 107 2 89 30 112 8 84 79 94 25 95 22 88 18 58 116 104 55 87 6 60
    24 71 127 65 86 67 106 13 6 22 3 114 32 13 33 37 69 60 123 4 101 64
    27 43 22 49 39 110 31 127 58 8 60 8 49 78 69 12 121 96 34 56 24 94 1
    35 69 122 104 54 12 15 76 79 126 10 47 43 102 37 108 83 32 80 87 103
    16 63 75 9 13 32 27 13 92 39 74 5 21 67 120 117 20 48 17 38 116 102
    106 100 13 112 65 3 28 120 41 82 79 89 75 17 107 14 29 84 14 57 7 28
    80 26 92 79 9 29 117 104 55 52 74 36 127 32 112 90 41 97 23 97 74 93
    24 106 86 42 53 48 67 73 126 19 93 54 5 105 94 110 36 38 64 60 69 82
    32 87 61 122 45 93 112 22 89 87 10 3 56 111 41 6 3 75 18 59 67 15 12
    71 85 122 32 83 20 30 8 57 67 16 124 39 113 3 115 86 25 77 29 113 11
    1 118 123 104 80 27 30 124 64 49 15 60 17 50 64 6 43 63 126 108 51
    113 125 78 107 115 28 96 21 15 7 111 30 46 118 1 48 12 32 74 5 4 101
    33 94 25 25 1 10 29 124 78 13 23 26 102 11 24 66 90 4 18 107 94 116
    110 73 108 1 116 85 61 88 48 65 122 15 100 100 19 24 111 125 101 106
    122 46 36 28 60 73 67 62 37 21 6 107 90 92 19 118 25 36 57 57 127 19
    10 1 35 24 77 124 84 30 115 10 112 119 65 10 61 23 35 70 43 44 33 69
    119 104 29 127 125 12 48 55 45 111 105 7 59 75 1 91 0 96 7 97 99 9
    41 28 61 8 6 96 75 118 11 108 7 63 68 72 2 56 40 107 26 73 109 110
    119 52 122 91 102 104 33 72 24 98 74 50 53 8 81 101 14 115 34 94 84
    35 54 103 80 43 55 106 80 119 127 86 98 10 37 61 91 53 39 40 94 81
    11 95 12 43 80 38 39 115 24 101 98 55 66 97 88 20 68 92 58 100 76 47
    26 68 121 28 108 68 35 67 59 23 8 12 15 31 105 58 60 84 121 39 107 1
    15 87 5 59 63 91 118 11 67 87 83 13 20 7 113 126 72 45 45 118 25 60
    55 114 46 10 38 71 81 48 81 25 102 46 72 3 22 95 14 17 41 17 111 36
    121 44 81 55 25 120 76 45 66 4 12 33 101 42 110 69 117 55 57 56 78
    115 78 74 112 81 123 101 88 58 59 27 30 7 109 118 82 49 108 48 68 70
    118 115 29 115 120 30 44 5 0 70 88 23 19 24 86 108 125 53 120 119
    127 71 51 4 52 113 120 99 42 114 48 8 64 85 40 9 3 88 93 42 125 11
    73 90 6 107 121 45 18 58 42 107 127 79 115 6 19 91 16 6 65 49 74 103
    35 109 8 45 26 91 80 94 92 110 38 90 61 68 108 56 114 106 9 82 62
    106 104 50 79 96 26 17 11 68 102 102 87 105 111 85 107 1 31 86 5 87
    62 80 55 8 34 112 87 11 122 33 29 87 3 86 109 112 7 81 113 56 45 65
    125 44 127 100 12 56 116 0 59 111 85 24 46 120 76 10 47 106 14 89 61
    25 96 23 18 101 3 107 42 102 82 22 105 5 8 24 126 97 53 77 29 102 70
    115 67 45 113 15 18 109 105 48 46 75 48 0 34 93 107 13 26 30 66 107
    11 52 85 62 40 6 90 97 17 102 0 58 110 96 23 17 91 64 91 10 36 49
    109 119 7 111 89 6 117 22 27 17 56 86 99 46 108 86 100 94 36 19 61
    97 36 90 42 92 25 52 97 61 46 46 38 5 34 75 3 115 65 121 57 86 34 65
    122 119 121 93 36 14 67 36 84 75 73 46 4 15 116 47 19 30 103 31 104
    5 117 24 107 62 103 63 122 88 57 53 80 12 77 66 38 40 68 61 7 4 117
    50 86 47 63 63 74 70 121 16 123 17 72 18 58 81 8 108 29 115 115 127
    74 55 67 71 110 78 125 45 116 93 102 99 40 123 103 0 67 64 11 37 49
    114 80 55 27 72 105 46 49 3 123 116 66 65 108 45 47 58 86 56 119 98
    28 68 94 43 104 126 19 8 1 55 75 101 33 65 22 48 66 69 29 51 14 83
    127 81 107 71 28 80 37 100 103 54 18 116 14 107 103 63 31 0 34 118
    20 1 126 66 23 115 81 105 50 29 115 120 110 20 57 117 83 78 51 4 10
    119 105 87 91 15 81 101 118 59 118 104 115 95 7 85 113 103 109 36 60
    34 96 76 100 89 54 12 29 1 126 86 121 33 43 82 103 67 108 94 49 101
    115 111 51 69 68 103 46 125 50 120 54 94 92 49 31 93 22 107 106 80
    97 124 122 116 6 49 88 78 37 18 34 24 117 11 12 53 95 49 79 82 25 25
    47 89 31 68 58 56 58 93 109 1 7 16 27 49 18 88 50 111 53 25 101 110
    30 27 100 51 1 66 39 45 112 39 41 16 67 44 49 113 106 83 83 127 58 5
    89 87 91 24 20 29 36 80 105 100 105 9 69 92 50 123 12 110 18 123 106
    113 8 110 51 97 76 64 3 35 119 125 74 67 27 11 71 54 119 50 119 60
    99 69 77 51 77 67 44 102 56 37 20 118 0 105 6 56 99 127 9 25 9 41
    111 31 127 81 1 66 105 105 0 29 5 84 32 51 34 80 82 119 66 98 84 120
    28 43 112 6 22 14 33 86 105 112 97 120 101 119 31 29 22 17 43 29 10
    16 22 25 115 112 6 24 124 69 43 54 42 17 49 75 61 99 24 39 41 35 120
    24 43 42 120 15 66 56 84 100 27 114 79 10 110 33 70 63 23 45 93 30
    92 21 102 119 33 82 81 35 80 30 119 118 20 123 28 106 120 106 52 28
    77 59 71 103 27 13 90 50 74 41 20 98 91 29 112 88 21 35 60 16 21 54
    46 1 4 54 115 61 98 105 36 28 72 87 97 77 118 79 49 51 100 4 9 92 6
    27 105 55 80 107 121 67 78 125 69 55 47 3 72 48 58 4 11 15 97 125 77
    116 64 32 70 5 57 54 16 1 102 25 16 5 24 13 67 34 36 68 123 71 10 42
    114 18 49 64 49 3 49 113 4 79 21 18 107 68 86 8 74 126 127 96 78 84
    79 53 102 125 43 70 26 1 127 32 125 71 116 28 121 91 40 58 104 42 83
    105 59 96 90 127 53 53 102 46 127 72 28 116 64 32 8 51 65 86 71 48
    43 49 64 93 47 109 7 105 14 13 79 91 117 68 27 116 49 114 50 112 47
    101 21 8 118 108 2 18 2 25 106 49 109 100 23 113 3 57 49 76 60 90
    124 92 42 76 24 119 34 103 13 2 80 97 99 9 83 95 94 97 22 113 74 4
    53 113 126 40 58 25 35 9 5 16 89 26 74 83 67 79 59 125 58 29 16 96
    102 42 83 123 27 31 98 28 0 103 75 38 95 23 77 33 14 82 66 92 43 63
    102 111 80 94 24 109 20 65 35 86 16 59 15 105 40 127 24 127 89 84 86
    102 18 59 63 83 65 61 0 71 89 1 104 62 9 104 82 127 27 17 74 103 23
    77 112 89 118 92 56 98 35 48 108 46 124 117 47 71 20 14 35 116 81 25
    21 84 15 94 120 54 3 92 73 44 115 10 38 13 39 55 103 17 111 37 81 1
    24 79 87 111 77 79 101 43 3 89 88 3 38 7 54 124 17 127 121 6 16 35
    59 67 60 88 27 92 48 54 84 105 105 80 50 43 51 22 42 9 124 6 48 92
    101 113 26 9 50 92 89 4 40 28 99 95 13 59 3 100 65 28 91 123 8 62
    120 12 121 5 29 69 88 16 31 14 85 59 3 53 63 76 96 118 112 111 117
    120 61 122 95 75 115 118 4 31 18 115 3 122 99 71 119 70 1 34 36 117
    125 86 36 94 90 90 107 94 70 90 73 81 3 21 17 36 99 75 14 61 46 86
    58 34 120 85 120 51 103 110 75 17 85 123 23 29 8 66 35 76 32 65 69
    93 12 63 57 107 79 69 9 8 18 22 104 55 10 103 79 81 87 40 116 62 51
    70 106 22 40 71 55 5 19 96 61 114 125 21 123 26 14 13 92 73 56 10 18
    115 95 27 105 80 50 121 126 79 68 32 100 54 36 20 86 36 126 94 23 12
    73 79 105 71 109 114 124 0 114 31 75 44 80 34 81 76 3 38 71 73 117
    37 107 17 110 103 1 122 103 1 36 18 100 117 82 9 70 84 35 54 9 45 56
    98 82 3 5 104 121 98 8 79 16 110 51 90 78 91 70 77 107 2 53 26 87 72
    119 48 110 6 70 85 41 125 124 14 41 51 66 99 105 92 84 37 124 31 118
    56 46 35 6 24 85 15 112 112 89 10 37 107 104 61 24 9 117 35 49 54 92
    126 113 10 28 5 126 62 43 52 24 57 77 57 77 82 28 75 29 121 115 115
    99 127 3 121 72 109 8 97 98 119 45 93 32 92 36 104 35 23 71 44 16 68
    111 51 47 95 42 117 68 60 4 30 81 85 78 123 101 80 25 98 51 30 51 87
    10 60 17 51 23 6 59 20 61 25 83 28 89 20 67 77 117 59 18 33 0 124 12
    74 6 100 89 46 103 122 66 55 8 85 103 23 78 31 117 66 108 127 104 16
    103 118 125 74 57 101 37 63 108 23 90 92 31 97 53 97 110 26 121 102
    64 91 123 100 14 51 89 122 95 110 79 25 16 67 0 1 22 87 13 112 24 10
    72 31 65 37 105 107 75 82 46 106 15 46 118 49 101 64 27 24 104 74 73
    96 48 84 109 20 17 4 85 118 35 48 104 66 88 101 89 50 99 93 65 44 42
    51 44 49 82 55 104 40 2 43 112 26 115 106 48 26 51 45 76 20 92 49 2
    94 0 10 85 43 86 76 16 59 10 118 88 22 10 49 120 56 72 4 124 43 108
    13 118 45 53 55 66 86 87 120 102 102 89 122 75 43 4 5 77 101 34 67
    15 54 43 68 73 14 57 72 13 85 115 19 38 29 35 95 26 124 87 96 100 30
    67 0 15 37 8 48 92 38 57 96 107 46 22 60 79 1 118 21 24 74 37 91 45
    124 120 62 80 68 2 86 89 71 75 122 33 101 40 25 59 107 101 113 41 52
    42 24 107 52 100 113 22 126 73 33 76 67 37 43 52 113 123 30 108 29
    93 6 101 89 72 107 115 80 108 9 103 73 99 46 94 114 69 77 127 79 92
    94 57 33 8 69 123 82 86 74 4 98 45 82 43 105 118 90 56 63 98 77 104
    18 28 120 8 72 16 117 82 115 107 77 71 126 47 118 99 88 92 30 33 57
    19 28 100 42 7 45 14 56 34 36 34 127 64 95 94 3 56 52 51 58 34 33 94
    44 13 43 28 14 113 24 79 26 31 113 58 70 4 12 43 85 124 36 107 68 43
    93 55 36 94 55 117 120 44 31 112 123 78 78 50 112 78 61 113 63 50 73
    118 37 98 77 18 1 88 0 103 94 5 92 117 93 23 79 114 19 57 126 123 66
    86 88 88 8 18 32 12 103 65 20 60 101 66 76 22 13 93 27 24 11 93 124
    22 39 15 12 26 124 105 91 66 17 52 35 37 59 110 87 53 72 29 56 127
    96 101 39 115 32 119 114 127 6 7 98 32 75 47 78 4 127 81 57 3 78 27
    97 9 12 101 121 87 32 27 95 26 44 82 21 118 72 8 53 31 116 16 55 76
    0 109 32 113 39 30 1 55 15 0 28 55 17 87 119 14 60 96 39 40 122 117
    45 91 9 119 39 105 79 94 48 63 2 82 102 2 28 22 119 10 87 13 25 46
    94 112 77 25 79 66 34 33 102 110 44 78 20 35 41 87 104 0 107 84 52
    75 38 45 11 78 19 19 78 71 62 95 118 127 47 125 91 11 61 108 40 92
    97 94 114 1 68 94 88 6 28 66 62 86 111 105 88 126 67 7 72 106 106 86
    119 127 82 23 104 33 76 28 127 101 58 23 7 12 11 55 113 5 6 96 16 62
    6 24 7 61 125 33 104 59 53 120 66 68 32 121 96 51 28 20 77 93 18 124
    36 107 22 102 29 58 120 99 33 31 123 78 90 106 58 75 87 92 73 48 26
    23 107 17 102 31 9 120 16 60 52 35 90 69 64 2 4 39 107 112 3 105 39
    38 24 57 52 9 84 121 88 77 29 25 43 37 11 51 54 84 108 88 77 114 98
    52 39 102 94 95 21 55 55 12 63 35 60 74 116 92 85 26 86 78 117 63 63
    59 106 90 23 85 54 120 28 41 11 106 20 117 71 45 23 54 36 75 13 36
    61 6 49 64 19 67 77 109 78 91 24 31 116 87 68 48 126 18 48 84 39 76
    124 90 118 121 60 17 123 104 111 54 7 55 14 69 37 99 89 112 72 40 99
    118 87 10 116 92 60 109 112 98 43 71 13 46 69 99 57 39 94 6 22 77 86
    57 30 124 101 108 123 22 63 111 39 106 43 5 126 100 106 117 30 34 60
    97 115 101 27 71 72 22 55 111 42 47 67 121 33 74 45 29 18 119 119
    110 116 103 15 94 59 82 20 3 99 93 79 63 106 6 62 53 79 109 93 23 96
    109 80 127 122 76 53 26 118 63 81 64 117 109 74 114 109 44 28 22 111
    75 38 14 47 113 8 7 80 55 25 75 45 6 25 41 108 120 95 42 67 99 63 52
    123 95 114 62 102 36 5 37 74 87 69 62 94 95 100 42 101 98 39 10 11
    31 19 15 53 111 106 77 46 29 4 24 94 11 40 99 17 8 3 2 54 87 15 26
    36 94 67 13 96 23 75 50 46 76 70 106 93 118 80 7 120 1 19 93 78 11
    61 60 36 21 102 71 43 82 38 104 57 54 51 10 68 104 80 123 9 35 68 33
    13 24 34 35 54 55 73 81 101 118 49 6 23 92 97 45 96 71 103 54 72 19
    65 82 29 67 38 57 83 94 90 42 31 82 39 12 51 58 3 70 12 26 42 102
    109 112 43 20 18 64 18 110 64 55 31 81 73 10 105 14 18 35 91 107 60
    90 88 43 73 80 8 53 68 49 99 30 30 100 27 117 102 110 68 46 91 23 35
    51 117 43 74 88 116 102 54 16 92 51 27 105 29 78 0 73 11 64 68 52 34
    118 59 66 17 119 60 106 88 63 2 45 68 25 24 48 79 109 106 72 108 101
    79 58 127 103 82 45 34 80 38 93 25 116 78 127 99 125 109 121 22 89
    71 43 18 114 52 22 80 114 51 5 119 2 17 126 52 107 18 106 23 83 6 28
    79 68 23 80 40 110 35 105 63 64 127 47 104 12 25 28 26 62 31 100 18
    107 55 95 106 97 60 126 124 60 19 78 27 53 63 31 68 32 15 1 96 57
    108 110 32 77 66 110 92 55 17 47 26 19 64 38 29 83 18 4 84 2 77 70
    52 35 35 122 111 3 43 123 119 5 99 68 54 102 57 69 17 9 124 28 23 49
    91 47 103 43 1 54 88 74 62 97 79 30 85 36 64 71 74 99 2 47 65 103
    121 75 50 113 92 117 69 95 1 29 83 32 48 23 61 12 20 47 84 15 49 110
    123 122 75 72 123 42 39 11 33 109 117 120 28 11 85 120 80 93 8 56
    122 63 74 92 28 121 27 120 67 40 108 70 75 82 65 88 80 32 63 99 71
    38 87 15 7 95 11 98 115 122 23 16 73 67 123 107 22 19 109 106 75 20
    100 66 33 112 107 16 25 85 48 47 10 86 53 15 23 56 25 116 97 6 71 13
    64 34 86 41 34 123 93 21 87 85 10 125 117 5 40 63 96 68 10 109 31 80
    55 2 127 98 85 118 95 101 117 25 12 56 28 118 23 124 107 65 38 115
    20 53 17 6 80 0 68 68 37 85 47 93 5 29 102 32 20 80 105 25 65 110
    108 30 124 61 8 3 64 32 111 72 64 67 55 22 106 24 86 53 41 27 107 40
    24 61 80 59 108 20 15 26 57 41 53 58 4 8 108 76 104 22 96 7 76 76 81
    86 127 26 92 16 20 104 123 66 110 24 12 3 100 38 40 118 7 65 119 122
    19 23 59 30 119 30 91 52 62 34 21 90 66 58 61 19 31 47 6 66 122 8
    110 80 40 126 77 92 37 13 84 81 35 17 27 79 17 96 43 47 44 80 93 2
    58 10 87 55 6 33 12 55 29 79 7 43 13 98 60 20 52 20 52 12 107 56 96
    6 79 68 15 44 22 89 112 30 4 85 40 47 15 94 112 90 34 106 78 84 23
    16 99 85 60 89 1 52 93 125 69 40 89 44 49 59 77 66 34 30 42 72 79 20
    44 12 98 86 76 111 11 125 83 77 25 88 23 122 101 117 107 30 120 78
    121 30 65 27 79 107 96 104 90 56 80 8 21 115 105 72 100 25 48 27 119
    64 61 96 58 16 79 4 88 13 73 23 105 105 42 86 54 19 120 54 86 96 68
    15 70 116 105 117 106 34 84 48 122 99 92 84 30 11 41 127 101 109 28
    43 89 97 48 110 82 14 63 12 48 30 95 11 29 93 69 83 48 7 56 115 42
    68 4 65 124 108 104 50 22 30 61 25 76 0 113 3 113 18 11 110 115 58
    54 25 44 108 91 42 40 85 73 91 111 125 105 28 77 121 41 70 122 117
    88 112 33 3 23 40 42 55 122 66 11 116 30 98 43 91 18 101 95 79 6 85
    121 115 117 104 98 19 122 39 34 78 95 122 103 60 22 115 7 8 15 85
    124 96 31 80 58 88 14 43 74 105 66 107 17 0 23 62 2 42 67 99 115 18
    68 1 76 123 7 82 17 119 103 22 101 30 30 25 31 93 80 37 69 6 35 25
    85 86 16 10 61 101 86 27 68 47 25 39 68 109 34 19 27 114 91 122 126
    77 6 39 36 117 50 92 60 69 43 27 27 116 111 111 124 117 16 28 42 60
    90 61 120 120 87 100 110 110 93 45 122 29 95 51 106 15 38 24 26 113
    94 12 121 110 63 85 40 118 25 126 76 37 105 61 23 57 9 9 79 94 70
    119 40 104 108 42 25 14 33 102 120 66 58 67 48 38 89 71 75 72 115 64
    68 124 77 39 81 28 35 6 32 91 17 57 78 116 62 99 44 38 120 36 120 53
    56 26 121 30 27 28 28 106 17 24 78 97 124 5 34 112 51 15 0 1 11 10
    48 88 100 69 61 72 70 24 45 32 73 95 105 65 110 76 70 74 46 26 106
    54 17 109 25 114 53 78 112 105 29 116 2 55 1 76 20 124 4 92 120 51
    73 56 55 7 12 124 29 7 14 100 19 19 16 120 30 66 80 95 14 1 58 93 90
    124 43 66 19 15 88 66 83 19 74 35 48 72 69 29 26 93 40 90 8 100 42
    120 4 68 9 109 41 38 46 27 25 127 2 106 86 72 19 85 79 17 76 77 9 79
    109 90 90 98 1 68 124 31 17 26 102 88 83 123 25 17 5 13 40 111 91
    125 23 22 52 14 66 4 127 53 102 43 81 95 17 38 68 28 43 72 4 89 99
    115 22 94 22 23 48 54 103 65 22 62 80 101 69 115 72 112 69 2 34 127
    33 66 17 119 65 27 121 90 6 99 58 126 113 110 127 94 89 112 99 30 20
    76 12 126 89 65 106 96 125 78 95 62 32 55 85 17 95 76 1 111 74 21
    119 90 31 54 110 14 37 20 109 45 49 108 38 85 10 55 116 37 57 83 13
    21 31 44 62 117 111 117 9 78 13 97 76 75 32 32 49 97 101 21 88 125
    115 49 127 20 22 23 12 11 49 83 49 100 88 70 17 79 59 123 50 108 27
    13 83 62 13 115 1 11 24 54 80 80 34 2 39 116 42 78 25 99 62 93 97 41
    99 75 51 44 97 34 120 0 89 25 53 19 7 108 109 93 79 36 23 12 2 113
    78 11 60 27 45 54 50 96 38 33 55 80 11 37 59 69 42 46 114 71 11 33
    118 102 22 42 125 63 75 75 66 67 99 61 8 82 87 101 119 118 66 24 38
    34 24 43 84 57 39 1 25 66 47 13 65 54 77 72 4 30 104 64 1 12 115 117
    90 1 41 17 56 49 70 127 108 49 101 97 54 86 62 90 68 60 79 35 111 20
    74 68 50 85 86 2 107 12 46 118 42 53 102 118 89 94 29 95 39 69 38 22
    33 105 18 10 22 9 123 33 65 45 0 126 67 2 121 111 21 43 103 74 60 66
    39 125 97 91 102 25 91 103 51 47 61 95 82 9 30 34 34 15 3 92 14 69
    108 17 19 18 113 65 39 111 26 53 100 123 46 42 35 63 40 71 122 26 47
    18 89 82 31 28 18 101 77 26 94 88 2 49 106 71 103 63 122 79 68 20 54
    41 23 82 61 53 122 81 63 111 122 114 38 119 112 10 99 30 118 37 39
    52 43 49 56 41 26 53 48 25 8 71 123 41 94 0 82 76 126 11 57 50 32 53
    7 1 123 88 56 51 114 121 5 7 123 70 7 101 5 97 79 105 85 78 8 59 49
    105 89 41 47 106 30 115 98 96 59 47 56 83 124 24 72 113 108 18 51 28
    84 51 90 12 24 115 99 127 84 87 72 64 45 117 108 81 13 43 26 126 8
    17 7 97 11 113 25 118 107 96 83 30 114 36 103 116 59 75 76 69 39 45
    29 5 84 55 7 81 78 41 79 124 123 37 118 46 4 0 35 49 86 84 60 80 32
    78 104 51 92 110 28 18 39 69 68 51 38 37 95 102 79 80 115 18 70 90
    115 31 9 96 13 33 123 69 22 64 11 26 52 49 90 4 23 20 108 61 110 33
    95 111 30 70 120 77 59 51 46 76 3 85 94 103 77 106 71 35 72 62 104
    118 86 4 100 71 91 17 95 103 121 117 61 36 32 100 121 102 4 109 45
    16 121 98 75 124 101 39 47 37 123 29 76 127 22 78 10 72 56 30 17 76
    67 89 30 9 9 85 38 96 78 123 33 103 59 12 110 113 9 113 46 7 48 77
    13 85 68 125 87 83 105 67 69 115 7 66 28 14 101 18 86 72 37 115 36
    60 64 53 53 24 104 4 67 12 64 27 9 0 38 120 90 98 36 111 51 81 30
    116 88 37 111 67 32 74 42 123 99 85 58 87 96 67 57 86 23 15 32 104
    35 0 1 124 127 46 73 13 81 26 92 116 123 5 29 95 76 108 88 98 55 78
    118 80 17 39 102 126 127 66 124 121 6 24 102 94 91 51 16 90 121 121
    109 116 0 40 89 86 41 113 95 89 4 39 126 107 84 46 92 108 49 31 109
    16 108 125 21 97 37 118 15 126 29 26 93 126 74 32 116 61 25 88 69
    107 28 87 60 121 78 25 35 47 93 64 102 42 10 88 31 125 116 14 47 83
    12 70 5 43 92 66 64 56 55 60 36 39 8 126 104 86 53 84 112 87 124 13
    119 95 96 115 43 16 61 57 4 98 57 109 52 10 117 121 125 82 91 74 20
    54 33 15 116 107 97 19 23 39 52 79 46 110 104 93 82 95 2 89 20 87 56
    91 117 20 25 3 76 12 113 44 86 15 98 79 109 13 37 72 44 42 67 38 93
    104 61 112 118 66 100 59 95 126 4 97 94 125 9 19 96 82 103 4 57 13
    22 117 45 116 27 105 29 30 112 44 103 31 18 127 122 44 79 92 36 66
    92 41 3 93 47 121 10 27 124 33 60 38 21 54 5 60 10 24 15 127 27 10
    95 111 82 103 127 107 28 23 110 97 83 22 122 26 33 20 33 87 7 51 45
    84 27 82 54 111 50 120 68 9 21 85 0 25 78 19 73 61 85 106 66 15 55 2
    70 92 53 26 31 97 64 49 22 77 107 123 5 53 41 73 11 52 38 40 116 40
    18 49 94 100 90 34 38 80 44 59 69 28 53 62 86 52 43 26 94 45 32 126
    115 66 112 101 121 24 99 110 20 31 49 19 49 73 30 6 86 65 36 1 26 96
    29 77 127 9 36 4 59 5 29 71 48 75 3 67 52 53 122 46 81 73 65 127 25
    104 58 53 105 121 28 50 59 60 56 27 30 74 72 26 96 60 117 7 48 37 6
    27 75 19 88 65 25 12 62 67 81 118 58 18 98 5 73 37 99 65 63 61 80 33
    20 26 55 52 118 17 73 18 62 33 121 102 101 72 56 91 112 103 7 93 43
    45 37 25 84 71 91 46 60 35 103 115 114 125 22 51 111 71 118 113 96
    120 58 45 70 28 126 32 92 5 36 26 19 1 33 9 27 97 54 105 113 28 95
    11 46 7 13 28 89 37 30 7 52 71 6 16 95 96 49 75 10 15 79 123 48 57
    104 67 108 11 70 76 121 12 57 62 15 55 106 13 72 31 125 32 81 26 9
    122 33 61 38 0 111 0 57 114 38 7 13 73 76 26 95 106 19 113 13 1 24
    92 71 54 127 74 2 71 106 55 69 64 9 26 70 48 15 37 125 15 19 106 90
    8 64 43 60 97 116 105 8 63 12 124 36 63 103 16 76 74 108 70 50 124
    19 75 114 3 104 114 108 80 110 104 28 81 14 69 50 102 58 100 105 121
    55 11 23 10 67 95 51 115 60 25 81 18 114 119 103 94 40 43 45 72 98
    63 93 53 81 46 99 112 46 95 23 76 14 111 55 16 31 97 10 23 3 28 83
    26 80 49 73 10 107 22 68 109 118 102 71 125 127 83 8 110 71 70 48
    100 26 86 15 102 10 26 111 44 20 52 123 97 96 56 73 29 93 4 34 84 70
    113 78 111 55 26 124 76 65 10 20 35 67 82 106 29 95 89 43 99 63 36
    86 102 19 6 50 80 74 13 87 69 83 69 37 80 2 124 14 71 33 98 87 31
    122 61 20 7 118 48 31 55 7 16 2 45 15 4 66 30 54 63 41 14 49 29 80
    47 25 46 104 95 19 108 32 24 69 112 19 43 2 21 64 21 106 69 9 15 33
    57 6 7 84 82 5 68 95 119 12 23 109 56 75 127 99 85 14 29 79 56 56 97
    47 86 72 46 2 52 0 22 107 4 30 85 37 104 98 20 88 41 113 74 33 88
    117 94 78 94 122 56 46 60 93 122 108 71 2 35 30 72 110 106 124 1 93
    12 39 102 68 42 112 87 68 67 36 117 63 18 70 46 44 82 101 21 92 44
    113 65 58 95 115 114 104 125 16 117 123 56 61 48 72 110 87 42 67 25
    47 10 16 101 67 102 87 30 89 74 70 67 29 78 110 109 123 9 26 82 22
    18 55 91 87 64 45 116 116 55 127 127 113 32 30 40 118 107 93 125 70
    15 34 116 5 85 9 120 30 29 19 1 74 49 111 80 14 37 118 18 72 53 52 6
    32 73 22 43 62 11 92 109 107 94 27 93 62 33 18 3 43 9 59 59 58 111
    106 67 59 79 1 16 90 103 58 56 105 19 29 22 85 98 51 117 8 49 50 52
    61 115 61 12 59 68 69 4 73 16 49 72 115 34 83 64 22 90 19 35 52 43 2
    21 89 16 108 31 80 46 36 36 87 105 76 12 89 24 0 45 55 35 17 41 44
    19 21 85 117 58 8 43 21 80 86 107 86 54 10 106 103 100 69 48 106 56
    82 25 41 95 113 59 104 122 95 101 37 12 82 49 15 124 80 22 113 120
    86 16 37 98 103 69 57 121 34 95 20 35 63 1 52 96 85 3 41 83 16 101
    56 31 36 38 2 100 100 71 41 66 69 31 112 17 115 24 106 117 77 2 125
    63 108 9 48 111 125 74 124 104 117 82 112 29 58 63 99 35 95 31 39 81
    51 96 12 79 100 121 115 116 89 122 105 96 12 28 25 32 92 75 119 127
    15 34 100 58 16 94 93 102 95 9 107 75 55 2 116 71 21 11 97 17 69 29
    14 67 90 68 98 80 74 119 66 8 17 0 100 17 108 53 118 48 108 36 57 35
    116 102 58 17 79 12 23 123 95 100 5 42 14 37 100 104 94 125 116 91
    106 56 97 115 90 1 3 56 12 60 95 37 2 23 8 53 70 93 23 30 40 42 35
    50 1 88 96 112 32 31 74 41 2 96 117 1 32 50 113 1 2 8 70 81 63 107
    89 89 10 55 31 31 41 101 73 0 87 18 98 83 104 85 61 40 94 103 54 50
    96 102 115 120 79 63 111 109 19 64 20 20 32 5 122 48 19 42 24 112 51
    4 2 39 22 67 69 75 50 98 17 87 73 13 32 35 109 38 78 71 58 98 76 48
    84 87 57 96 57 123 55 82 124 8 73 65 77 100 23 34 22 79 71 7 39 88 5
    105 46 8 112 44 35 79 105 89 46 87 17 119 78 39 6 51 86 122 29 64 80
    34 81 90 4 8 31 101 111 5 55 113 120 57 37 37 106 120 4 92 125 33
    121 73 109 103 90 10 34 17 103 81 116 26 60 96 46 59 98 127 19 90 46
    21 53 54 11 32 15 118 77 122 116 6 14 114 121 19 94 110 10 103 70 66
    23 91 26 120 78 17 97 121 112 114 114 47 42 4 43 92 7 56 71 78 45 95
    17 54 120 127 46 117 48 27 68 6 86 5 113 10 48 32 102 99 97 101 95
    91 69 85 81 111 91 14 116 74 94 78 62 7 37 24 51 48 32 104 40 20 88
    101 39 88 14 82 14 110 6 28 61 30 115 10 35 70 51 100 91 52 45 15 94
    61 68 30 100 126 94 71 97 103 43 26 56 63 70 46 73 84 121 93 73 13
    98 6 34 107 24 52 108 98 118 127 74 43 122 109 42 14 83 88 4 114 92
    85 29 85 13 48 41 92 7 10 32 27 106 114 102 49 110 13 117 76 22 61
    20 28 98 107 73 42 91 88 98 54 84 93 23 87 26 99 27 33 12 69 108 106
    6 67 33 114 21 90 10 58 109 113 98 88 58 77 113 109 49 46 75 84 68
    61 42 67 55 59 35 8 125 30 118 67 103 122 47 31 90 58 122 110 119 77
    108 95 123 84 81 48 7 102 38 42 4 17 9 72 17 121 125 97 17 63 20 43
    44 104 11 17 72 126 8 87 115 89 6 16 28 117 90 112 127 5 69 17 67 72
    61 3 105 123 20 70 21 75 83 99 52 95 102 45 54 83 63 43 70 44 115 41
    95 43 105 53 32 119 74 112 29 68 88 10 27 109 77 82 67 74 22 83 54
    105 52 124 92 72 20 41 41 19 9 122 17 109 53 15 80 5 106 2 86 92 65
    118 62 124 95 114 107 67 7 72 106 8 111 31 110 126 39 101 64 115 42
    42 7 101 99 28 80 106 102 43 62 9 7 105 53 109 100 36 127 22 61 4 58
    111 83 85 13 83 122 122 110 108 44 63 89 27 56 44 5 93 68 111 104
    122 66 97 43 72 30 114 109 14 126 37 101 74 125 78 41 51 50 34 44 75
    37 49 47 90 37 75 48 81 92 107 47 38 48 95 14 79 5 3 9 10 90 90 5 64
    16 62 44 53 93 34 64 56 104 116 58 69 28 41 62 12 54 84 85 10 41 11
    11 1 100 89 45 35 36 59 119 0 28 45 33 99 58 81 17 115 44 110 47 21
    125 50 96 9 27 125 22 47 117 123 49 90 86 86 111 49 58 55 120 95 115
    101 25 1 81 41 77 111 107 113 48 42 19 108 37 18 46 13 84 88 57 17 2
    37 117 4 35 95 103 99 97 88 117 86 11 9 39 8 5 100 104 108 83 41 101
    28 122 127 23 57 101 6 19 24 75 58 37 63 63 95 35 71 88 22 16 39 116
    122 8 69 118 55 56 30 13 76 68 87 20 17 72 16 39 95 72 5 23 37 7 42
    63 99 26 44 59 100 126 88 29 51 124 82 23 71 103 20 50 6 46 10 115
    73 69 60 66 119 121 79 71 95 63 110 62 35 94 9 29 56 25 109 66 16 21
    25 12 113 119 71 60 90 77 56 61 111 29 101 61 75 71 3 7 75 67 81 39
    36 7 122 106 31 73 49 70 7 17 72 17 55 82 126 105 67 100 33 9 47 8
    46 96 101 63 20 122 54 18 33 58 88 113 51 112 49 100 93 40 122 26 66
    117 62 74 126 49 83 110 28 17 27 87 127 9 58 68 19 102 42 5 112 15
    116 103 98 100 15 62 99 15 123 105 27 78 127 121 90 116 78 23 86 16
    40 59 56 71 34 58 66 101 6 7 127 25 60 36 121 57 107 42 97 104 116
    32 117 27 24 58 101 86 41 30 16 45 105 28 37 123 105 33 44 97 56 40
    2 70 52 41 39 76 109 69 84 11 115 72 75 0 100 112 99 20 91 12 62 78
    1 100 48 33 40 67 47 98 53 97 119 4 117 57 84 77 43 17 117 101 29 61
    25 4 80 34 41 38 113 89 6 97 64 83 115 122 64 100 95 14 53 81 121 27
    107 66 27 95 85 82 111 50 119 39 86 51 39 49 115 47 113 45 21 29 111
    39 6 73 0 79 126 25 41 64 72 15 20 14 35 73 83 97 46 125 114 37 113
    40 102 21 85 118 64 103 106 70 36 38 72 24 41 14 100 0 47 81 5 6 10
    48 40 74 50 25 67 20 14 29 25 90 115 67 38 82 73 64 113 126 17 70
    106 76 16 39 89 103 107 103 60 103 114 100 24 3 110 27 44 112 27 35
    26 21 124 77 4 39 120 55 65 35 7 104 15 74 101 127 89 90 42 76 111
    29 13 123 95 114 23 39 101 51 39 94 81 21 39 122 6 119 55 75 16 48
    33 38 77 103 71 33 33 26 0 96 112 95 32 76 90 109 5 124 22 32 69 117
    74 90 74 52 44 65 65 92 8 37 75 106 3 58 93 12 28 60 8 81 91 95 64
    113 92 70 120 64 82 95 17 61 53 6 57 62 80 48 104 76 15 21 73 24 59
    39 104 55 77 122 111 11 102 71 85 39 114 16 89 66 110 17 9 43 85 31
    37 120 59 54 92 113 102 38 80 97 95 116 3 52 25 34 99 25 84 103 75
    85 89 115 46 100 38 72 40 79 28 118 43 111 39 62 43 86 119 68 78 59
    4 12 93 10 48 5 70 118 29 29 77 90 119 69 53 10 73 2 34 10 7 66 47
    90 76 111 18 16 69 117 103 34 123 107 16 26 51 51 123 77 19 103 61
    98 36 31 104 120 46 19 106 1 40 61 85 112 71 125 104 121 20 107 14
    44 89 106 118 72 110 32 0 47 54 76 52 6 11 64 20 13 90 66 105 118 57
    60 26 101 60 101 0 103 20 110 75 107 26 8 78 60 107 34 33 85 102 12
    6 0 28 64 97 88 59 96 38 36 41 44 33 12 61 58 59 92 87 83 105 27 65
    66 99 71 26 40 21 68 15 16 114 43 0 121 0 8 112 0 34 20 124 100 82
    73 61 110 80 126 48 44 4 61 43 72 41 86 31 30 124 75 57 122 45 55 44
    112 105 5 0 112 34 14 99 123 104 37 116 41 52 3 13 22 23 85 89 56
    110 109 34 95 30 75 101 109 26 31 73 13 91 23 95 63 113 59 56 83 118
    11 67 118 104 78 119 30 103 3 70 8 114 54 36 120 123 55 58 53 30 48
    124 96 8 46 118 29 34 55 33 108 99 26 63 79 68 73 25 32 9 28 61 10
    20 6 73 22 17 104 95 37 88 55 95 6 98 3 55 102 119 12 23 98 84 105
    65 41 31 105 101 46 80 100 21 104 43 50 80 106 57 98 40 12 55 27 0 3
    32 23 86 52 126 63 24 60 102 62 98 24 59 114 124 4 125 121 56 95 61
    14 110 68 38 60 67 45 86 26 29 91 5 115 51 21 64 92 51 52 74 113 125
    46 28 111 91 56 102 10 85 2 9 94 29 65 102 79 83 23 77 63 103 11 20
    110 102 66 31 55 90 87 113 38 41 71 2 11 25 112 122 52 109 31 35 100
    118 28 62 55 20 62 51 91 8 51 36 112 41 112 65 90 117 64 100 15 69
    50 72 108 117 56 88 12 110 101 50 59 127 59 18 44 39 29 50 76 101 34
    99 72 32 127 10 63 126 126 72 66 44 110 104 63 93 113 79 11 60 117
    34 1 25 61 15 17 23 51 122 81 116 22 13 119 31 1 17 12 113 6 126 32
    40 10 31 113 53 82 80 30 29 101 44 113 104 45 48 79 108 92 21 48 52
    89 17 75 114 103 106 66 42 10 52 11 61 96 5 33 13 46 123 85 3 91 4
    39 30 104 35 3 34 8 99 92 111 43 26 123 84 38 15 82 63 30 23 4 49 6
    46 103 51 106 83 87 109 37 28 63 38 98 102 73 49 104 1 47 77 54 103
    23 71 7 67 72 117 56 107 3 20 126 52 55 43 96 11 100 78 62 13 115 51
    100 82 99 30 116 21 67 39 93 17 28 100 74 122 70 121 125 12 117 40
    84 119 22 70 114 15 31 118 100 32 85 84 12 19 34 48 17 110 68 125 64
    123 56 25 37 48 56 80 32 39 23 119 97 101 4 42 36 8 110 12 71 57 90
    47 8 99 105 123 115 69 114 13 60 82 76 51 36 17 18 111 50 63 38 110
    26 2 72 78 95 114 91 56 101 11 110 87 46 58 86 81 62 80 120 59 120
    77 14 28 60 7 83 44 123 31 85 39 1 54 119 92 0 79 106 36 35 72 122
    79 43 17 106 81 26 71 65 47 91 58 106 70 108 27 65 39 85 127 29 91
    79 121 50 30 64 9 48 31 68 41 28 48 51 79 59 65 80 30 39 71 127 91
    100 110 27 97 51 35 111 28 14 83 45 56 36 15 58 117 110 121 34 125
    77 100 95 110 87 47 80 42 20 14 52 85 12 13 107 122 23 126 105 88
    117 39 92 2 99 95 103 84 5 49 102 124 127 127 8 77 89 101 55 76 94
    52 44 43 20 107 5 5 29 36 57 74 32 35 106 80 35 46 107 105 65 63 63
    34 23 47 85 96 43 28 100 52 7 26 82 109 77 127 26 4 58 17 10 90 47
    79 5 43 113 77 53 28 73 86 47 26 62 6 37 101 124 47 3 41 65 52 27 61
    7 56 37 101 108 5 76 123 27 102 7 48 101 63 46 78 100 75 18 49 32
    103 70 60 124 23 56 88 53 32 107 101 66 33 90 122 97 59 47 117 33
    109 83 99 74 125 92 22 54 26 56 10 28 92 104 114 117 31 32 91 21 52
    68 1 38 118 82 115 109 3 30 124 112 85 40 11 111 66 37 4 94 12 109
    43 114 39 3 30 69 86 43 97 107 11 90 20 85 43 31 33 10 86 82 19 13
    118 99 98 52 49 48 92 65 12 58 25 109 69 19 105 90 120 100 11 123 76
    126 5 62 10 38 102 5 56 54 115 49 21 45 120 30 10 14 96 125 67 46 81
    123 1 3 119 71 39 43 41 47 126 61 50 111 31 97 27 33 42 1 71 96 120
    83 74 4 96 28 102 99 93 109 109 3 103 27 37 119 103 98 51 11 80 81
    22 111 19 88 2 56 82 55 46 75 23 30 45 24 36 25 41 46 36 76 115 122
    105 67 14 41 33 119 6 0 121 102 65 113 64 66 27 35 51 110 103 82 27
    78 96 97 91 105 32 57 29 104 121 101 102 79 10 88 122 72 28 46 126
    34 85 57 34 53 126 100 17 9 35 77 101 101 84 114 77 16 97 2 93 46 59
    70 56 101 111 41 7 121 14 63 71 82 27 26 71 111 52 49 32 10 123 115
    125 63 79 69 42 82 58 79 23 16 62 4 86 117 117 2 126 54 15 90 32 101
    65 51 64 15 53 87 54 54 58 123 42 127 23 84 89 60 110 3 32 14 105 71
    94 103 17 9 4 125 59 44 49 5 115 109 124 17 65 71 7 96 69 106 120 71
    87 78 25 14 116 96 77 76 73 66 11 67 121 39 13 1 124 41 95 113 109
    106 29 100 7 46 19 50 120 70 91 92 94 35 104 47 38 55 15 62 110 78
    16 50 71 86 106 45 67 56 96 107 61 122 12 11 113 119 6 5 83 93 23 22
    125 69 126 105 18 41 2 113 57 30 46 55 117 112 76 100 44 45 29 7 25
    125 5 124 76 66 68 0 52 87 24 36 118 86 104 72 11 57 50 26 55 74 13
    102 108 0 77 119 52 58 82 15 61 36 48 12 115 38 104 92 127 110 42 73
    28 102 100 9 52 37 65 112 32 120 40 114 97 43 26 107 22 78 17 51 99
    32 124 108 35 119 115 110 67 126 9 77 127 39 76 69 10 110 107 9 6
    108 59 63 12 32 90 15 84 25 47 52 114 21 54 28 100 116 21 36 62 107
    35 39 56 126 23 86 33 59 36 13 84 74 16 4 67 20 30 122 80 121 112 84
    23 50 28 110 101 101 40 79 34 26 34 67 108 3 18 49 55 42 54 81 55 87
    93 26 126 19 69 47 71 16 75 5 113 54 14 101 88 13 99 33 102 5 83 57
    11 51 33 106 96 95 11 65 63 29 49 34 36 110 106 79 68 27 22 44 102
    79 76 90 59 46 38 16 38 57 15 66 111 27 89 21 37 71 28 1 91 100 62 5
    90 77 105 80 26 17 66 27 121 41 72 33 53 43 67 96 15 122 83 123 100
    25 1 63 57 45 17 49 73 21 74 87 3 7 76 47 66 7 98 86 20 125 89 49 13
    25 15 54 106 102 85 106 64 87 64 98 90 56 30 29 25 123 1 61 69 118
    12 20 110 9 1 118 86 31 88 37 12 98 71 3 40 53 96 82 1 3 8 105 65 63
    76 10 47 14 110 127 124 32 91 79 77 54 8 68 109 33 85 19 57 115 43
    66 64 35 90 86 11 72 49 41 93 105 109 50 25 7 12 26 41 12 64 88 53
    19 64 93 14 65 9 84 127 29 105 122 106 60 19 43 31 30 104 85 66 115
    34 107 66 86 28 85 122 107 70 122 59 30 53 74 97 75 119 124 96 0 122
    24 106 52 96 101 81 101 90 14 39 53 38 36 70 105 67 113 111 120 109
    117 54 123 4 59 124 31 29 81 122 112 43 3 86 16 127 25 111 98 5 49
    28 78 4 48 16 9 105 15 110 30 82 115 3 127 78 122 108 108 100 110 60
    33 41 25 109 26 75 77 111 67 23 23 31 16 62 86 104 53 123 21 4 26 76
    54 61 14 122 22 119 2 66 2 91 17 74 59 61 0 49 28 45 36 4 31 25 113
    53 29 92 103 59 26 24 36 120 124 113 56 127 13 25 28 78 19 102 43 68
    33 101 22 68 63 88 11 65 22 126 76 69 27 40 106 5 3 106 50 95 81 41
    25 104 57 85 58 1 9 33 55 104 15 54 3 94 117 36 126 122 103 48 47 19
    19 93 45 45 97 67 44 95 61 121 72 42 96 119 41 37 5 115 105 11 29
    113 16 85 13 75 54 40 60 18 86 42 78 74 122 85 115 14 63 36 40 93 93
    18 31 92 73 30 15 75 67 37 103 104 56 74 86 84 70 42 101 52 45 82 80
    102 5 73 30 46 35 115 15 91 25 33 68 19 58 25 102 84 62 84 101 17 63
    15 40 44 92 105 90 66 114 33 19 20 18 27 102 53 16 11 12 100 85 19
    19 122 53 16 45 81 88 86 36 9 80 77 97 8 92 109 119 90 122 80 103
    105 25 34 57 8 87 0 105 31 3 93 107 91 30 106 93 56 98 4 102 121 104
    10 43 66 51 86 83 33 119 124 105 98 14 98 17 3 122 31 71 4 53 7 41
    116 10 15 103 87 9 41 72 102 58 67 127 89 117 69 109 89 85 12 104 88
    52 86 120 104 73 46 70 91 0 125 32 12 57 20 27 37 7 5 123 74 16 120
    38 118 49 123 29 3 6 68 113 119 95 33 13 91 3 37 59 81 108 21 126 52
    47 49 47 4 36 14 113 64 123 89 73 33 115 46 104 54 23 27 78 0 17 95
    35 126 64 57 68 43 107 23 97 85 75 26 85 27 56 90 58 115 94 8 34 63
    3 116 64 80 57 28 120 111 37 117 38 101 121 14 82 6 75 41 42 41 77
    125 84 116 38 7 109 105 39 38 101 33 94 104 5 126 118 96 59 16 114
    10 47 64 121 40 45 123 17 119 28 87 86 74 106 88 59 106 5 4 96 115
    13 20 44 91 48 27 100 100 57 2 39 98 91 23 118 103 21 83 102 28 5
    104 80 124 85 40 40 49 29 76 66 49 77 103 1 56 75 97 106 64 31 4 17
    41 53 90 48 70 63 40 41 90 61 122 10 64 94 15 36 67 17 118 76 125 56
    17 66 16 46 58 39 88 88 55 81 100 96 88 4 41 92 105 96 23 74 65 67
    53 91 13 24 60 23 65 119 102 125 30 72 92 67 59 92 40 63 30 36 72 5
    48 92 102 80 95 44 49 112 6 96 57 67 59 51 123 0 66 44 8 5 9 11 114
    76 43 24 7 92 35 46 44 8 61 123 113 57 115 12 85 54 53 62 32 51 25
    118 43 84 43 3 102 46 85 50 110 53 17 39 101 113 8 104 91 118 30 11
    92 110 97 22 94 71 27 55 10 100 77 10 61 120 28 15 42 33 111 37 71
    125 90 41 87 67 70 19 88 72 77 33 16 101 46 29 61 109 64 21 53 93 95
    113 122 1 11 39 100 54 45 25 116 60 65 96 22 65 104 12 13 98 27 123
    9 30 87 44 107 127 110 77 123 60 34 65 127 33 26 79 81 105 58 9 120
    41 116 67 91 55 41 13 32 103 115 47 110 55 52 14 34 101 65 115 127
    97 115 89 66 125 90 15 13 8 26 95 47 79 105 14 8 90 38 93 85 83 117
    68 80 116 10 69 108 104 22 82 4 94 106 39 109 18 103 32 113 81 96 7
    38 70 46 75 113 72 65 11 84 126 125 21 2 33 119 92 40 116 68 4 64 79
    81 36 39 106 7 125 87 2 94 33 64 51 13 75 108 18 118 119 70 87 29
    123 43 12 116 107 74 89 2 77 75 34 8 1 3 1 82 15 67 7 122 37 84 105
    107 108 14 110 67 8 73 106 98 118 116 100 31 104 31 113 29 101 54 57
    122 25 15 50 116 95 68 69 103 24 45 56 84 2 4 80 115 125 84 4 86 63
    90 26 123 35 98 88 21 25 0 96 14 64 56 86 89 21 35 125 90 19 35 70
    116 94 43 8 45 19 109 39 56 44 44 16 92 79 91 53 96 26 71 110 89 79
    93 48 85 97 75 36 15 47 25 94 19 40 72 123 15 74 98 5 124 26 61 40
    50 92 48 43 88 70 126 38 93 82 44 20 112 42 72 117 22 56 118 126 31
    87 24 106 102 12 53 30 109 126 42 17 127 118 47 35 95 117 53 42 108
    4 44 3 22 82 29 42 97 73 19 84 114 99 124 27 112 121 24 7 113 98 83
    95 5 84 36 100 76 107 103 37 40 14 89 93 109 125 66 21 1 34 23 14
    121 49 6 102 80 31 85 10 93 12 65 59 5 121 113 123 108 43 58 42 37
    43 42 8 38 77 98 63 86 75 71 31 107 28 17 20 115 122 119 88 36 122
    103 71 90 124 30 105 59 50 45 43 66 114 33 26 66 26 77 126 59 30 17
    91 21 45 44 97 64 90 112 69 32 34 69 66 99 93 23 124 19 85 93 91 74
    90 96 76 109 79 48 81 24 3 47 104 42 83 97 98 31 86 10 93 23 27 62
    113 47 28 74 116 125 27 95 111 60 83 50 64 69 70 108 54 94 52 86 55
    63 95 3 40 85 2 114 39 104 84 55 101 117 91 88 92 106 23 69 52 85 90
    99 20 113 23 12 43 99 101 30 49 102 61 124 49 47 120 10 108 91 77 67
    99 41 60 99 33 125 0 46 57 51 25 114 42 4 106 51 32 72 17 121 17 60
    73 91 37 90 125 57 39 1 99 74 21 121 77 39 57 96 125 56 109 72 22 10
    75 110 45 73 40 10 88 99 98 4 93 24 114 20 73 7 85 39 31 64 32 88 54
    59 6 54 15 99 22 19 47 54 113 41 95 89 33 118 20 47 31 86 114 70 24
    38 41 91 71 48 101 47 101 20 27 127 37 66 112 26 11 80 36 45 16 127
    88 112 49 125 78 18 113 7 46 23 51 16 110 50 0 102 109 85 23 57 82
    70 1 20 24 79 69 65 78 46 26 86 30 121 65 3 27 86 24 119 21 92 95 57
    104 73 52 105 64 126 123 42 79 21 60 126 57 59 89 22 126 81 83 38
    107 20 23 30 75 46 108 27 45 81 26 95 114 43 72 48 88 83 101 77 45
    126 124 121 50 117 100 80 88 74 0 104 107 36 96 6 7 12 92 62 74 97
    39 76 86 56 119 13 72 45 74 106 66 62 80 123 40 116 88 80 112 66 81
    87 101 48 46 74 55 120 44 89 74 51 46 84 79 126 35 105 55 71 114 113
    11 121 53 42 65 21 58 53 124 87 102 102 81 86 39 19 106 3 66 16 12
    25 11 73 1 61 4 31 71 27 85 27 106 83 34 109 98 24 99 49 32 110 96
    77 47 3 27 26 47 96 103 73 1 94 62 83 46 93 60 113 10 113 116 73 35
    109 58 44 69 23 118 11 9 38 45 122 100 102 108 86 38 90 15 7 32 115
    108 42 74 79 22 118 59 29 47 54 76 6 3 111 116 46 77 103 4 55 41 33
    79 42 7 15 17 45 10 14 109 85 103 108 44 37 80 121 89 32 74 60 114
    125 37 127 45 7 27 2 106 76 79 92 15 51 120 106 9 79 114 50 18 101
    51 21 61 112 18 103 118 35 96 24 115 61 66 48 34 92 106 82 42 48 69
    114 21 63 58 69 8 3 39 57 47 122 34 102 73 0 18 36 60 36 40 89 29
    126 4 79 28 81 96 23 13 107 86 48 7 36 118 35 14 78 91 56 94 100 108
    55 48 91 116 15 112 48 48 19 33 92 38 93 3 2 44 80 11 72 44 105 107
    49 56 12 16 118 113 8 11 72 17 110 121 24 36 60 44 12 4 42 106 38 31
    15 102 39 57 66 4 4 56 70 56 73 18 56 94 120 3 72 76 38 48 18 123 56
    108 120 107 30 80 0 107 90 51 105 29 72 59 97 65 120 13 77 109 41 30
    66 93 102 61 88 122 94 29 109 4 5 20 0 28 59 53 105 22 50 26 47 13
    67 116 2 101 79 84 89 39 5 60 51 20 97 48 71 2 9 41 116 72 111 61 2
    57 103 29 12 50 69 64 126 21 87 110 77 58 92 48 116 110 61 28 60 31
    60 62 22 63 52 76 79 59 53 120 91 122 8 82 25 78 28 57 11 15 30 110
    92 61 97 33 93 45 20 59 16 102 103 26 102 16 18 41 33 71 70 59 34 49
    51 31 118 88 15 22 124 100 26 127 89 52 81 77 33 51 100 29 103 67
    104 57 27 6 78 43 102 6 53 67 12 32 32 47 55 107 119 39 86 118 45 45
    94 87 121 109 121 125 119 116 74 47 114 18 4 16 29 123 6 46 1 11 9
    115 84 126 51 45 121 74 68 57 114 108 70 46 43 37 71 103 41 98 23 7
    23 101 115 99 30 115 116 77 123 57 57 38 64 110 10 9 47 35 1 92 6 0
    120 71 98 88 22 47 41 127 79 61 12 29 13 10 70 74 121 74 80 119 16
    36 14 42 94 16 85 70 46 109 99 55 25 124 34 1 73 58 83 90 49 81 92
    121 109 29 89 96 66 109 12 37 75 49 58 18 93 117 83 33 71 38 11 108
    7 60 44 14 60 104 11 33 20 116 100 54 126 45 103 5 40 127 54 101 112
    12 48 56 78 76 24 15 118 54 32 10 89 14 48 68 71 2 70 60 50 28 105
    88 85 97 20 85 103 58 104 40 17 58 35 15 93 30 79 33 27 43 19 42 1
    37 94 41 28 109 5 66 29 14 27 116 99 126 40 81 29 51 26 103 112 58
    69 81 90 2 10 87 23 22 71 14 33 29 94 29 107 29 9 111 66 75 88 122
    67 73 124 3 103 58 3 112 59 125 113 124 39 63 37 83 10 79 93 72 52
    60 73 93 20 119 60 111 105 13 71 67 95 68 97 92 88 20 1 8 43 9 34 91
    113 35 57 97 67 108 58 106 37 66 15 91 35 24 103 124 31 110 66 112
    78 72 18 96 83 63 60 81 69 45 111 10 34 64 109 127 48 114 68 77 80
    23 91 68 82 22 81 32 120 97 118 32 96 65 53 30 51 51 19 126 84 28 5
    38 6 22 58 123 123 88 66 90 114 32 101 98 6 118 25 104 67 112 39 37
    48 92 95 38 103 49 56 107 117 64 93 50 97 109 117 37 97 104 57 33 73
    81 31 108 33 100 4 84 63 104 93 49 48 48 71 96 69 122 102 114 38 122
    119 50 5 14 49 0 43 9 34 36 8 15 91 82 94 108 51 87 83 126 5 82 34
    34 45 40 1 110 121 40 66 90 2 109 79 53 46 24 66 108 72 49 19 52 52
    59 52 16 64 101 64 42 30 126 66 9 42 53 6 114 68 61 116 118 109 34
    91 18 12 38 102 70 122 35 26 2 86 65 36 92 121 38 98 9 77 17 41 46
    99 46 42 101 101 112 105 20 2 94 60 21 79 86 31 79 63 95 115 43 102
    63 104 98 22 32 115 61 50 66 113 87 118 124 61 122 17 16 47 116 86
    45 120 113 21 22 101 30 83 1 98 28 65 31 116 44 12 7 118 4 7 28 5 89
    17 99 67 75 48 20 38 1 45 119 104 33 30 64 17 119 14 53 114 32 74 0
    53 83 69 31 46 115 3 123 61 85 127 79 25 15 15 48 70 121 75 107 41
    80 94 92 88 80 4 64 42 22 23 11 4 116 3 114 112 2 16 15 85 125 98
    116 37 83 119 14 69 118 108 39 6 28 46 78 92 60 93 116 38 18 113 23
    66 87 65 10 46 66 74 97 54 3 99 26 116 41 113 33 5 15 68 94 31 114
    81 79 45 14 45 100 88 32 105 88 4 113 14 96 53 95 28 88 74 46 66 58
    86 108 122 26 90 89 35 46 83 120 120 21 39 19 105 85 91 122 27 44 3
    32 114 61 27 33 121 125 30 38 113 103 20 6 105 91 64 82 43 120 74
    123 17 41 58 89 62 6 5 6 65 126 49 57 35 109 28 38 81 58 49 18 35 69
    2 105 85 14 66 24 119 38 21 20 72 6 52 109 13 68 125 14 70 77 115
    117 105 39 88 52 115 17 24 36 80 90 17 112 61 5 108 38 81 123 28 53
    49 126 29 9 111 35 58 77 127 86 114 105 38 15 16 41 12 123 100 93
    120 49 126 98 91 74 45 30 67 55 110 10 42 15 27 70 81 48 95 46 89 30
    31 91 34 82 3 25 86 98 63 116 61 30 110 95 8 17 56 79 86 97 105 66
    115 47 20 55 6 93 13 28 22 34 103 94 61 55 89 23 36 85 3 114 109 43
    95 68 44 0 10 93 73 38 72 18 39 24 125 59 109 119 62 35 34 96 85 15
    35 38 64 124 34 94 9 36 84 13 64 72 88 1 125 56 98 88 108 3 65 38 36
    60 66 113 60 15 26 125 102 38 46 100 15 97 103 81 52 60 23 20 122 68
    108 73 69 118 56 17 107 43 59 56 80 9 39 50 81 39 84 20 104 105 42
    45 112 53 90 33 60 125 95 85 9 17 18 113 52 124 112 85 16 67 122 54
    97 14 1 110 11 125 77 112 94 5 63 51 88 37 104 123 21 60 19 17 44 11
    1 84 63 85 112 63 11 56 39 12 79 117 115 10 17 117 103 34 118 103 66
    89 110 24 33 19 29 61 126 35 120 103 119 58 81 53 64 74 103 19 120
    96 5 123 39 12 20 68 0 54 96 38 16 25 126 13 23 18 27 109 64 108 30
    81 6 102 63 47 79 42 46 19 83 3 12 58 52 82 67 59 96 42 83 122 2 95
    17 101 7 83 8 114 53 4 0 23 121 17 60 60 102 84 97 6 76 117 117 105
    124 36 115 16 101 24 127 40 126 32 52 41 49 74 19 76 68 8 123 6 11
    119 79 40 108 3 66 123 2 125 68 72 115 83 95 71 9 39 5 12 105 56 10
    42 82 76 108 19 115 78 77 6 79 19 26 106 12 70 59 40 31 110 112 102
    107 125 58 69 90 51 34 91 50 84 74 0 14 114 37 116 35 115 125 69 2
    72 1 59 50 32 98 53 96 35 115 75 93 68 18 97 114 17 5 48 105 36 79
    15 80 89 69 48 72 99 71 61 19 91 58 20 3 88 26 26 45 81 16 12 107 42
    103 115 5 6 22 12 4 79 84 119 107 67 47 79 72 105 23 19 27 42 62 62
    50 3 16 52 76 56 2 53 92 79 39 23 48 116 73 44 52 6 18 8 29 21 90 12
    88 50 119 68 4 115 62 117 68 40 107 39 78 101 47 53 50 103 67 40 81
    115 112 93 113 74 72 67 33 83 58 16 7 79 71 100 33 117 123 104 44 63
    0 54 84 70 99 97 107 87 33 75 60 53 20 52 26 75 123 97 107 75 20 40
    30 26 40 82 14 2 11 10 37 98 45 84 41 121 50 96 27 5 7 39 71 44 78
    50 49 84 30 1 2 108 26 93 95 120 46 124 89 28 56 120 67 28 27 66 55
    63 10 103 124 47 29 70 78 17 62 91 14 80 26 67 95 67 110 30 4 21 76
    50 89 110 104 40 6 26 68 84 19 127 98 4 6 119 1 112 107 43 39 98 122
    91 114 95 113 50 43 2 31 71 51 54 49 89 19 74 2 4 99 54 61 81 90 27
    45 38 50 73 68 46 3 125 121 111 59 88 86 92 20 65 110 101 54 73 111
    91 61 0 33 37 100 94 92 82 28 11 112 127 60 31 110 127 49 91 11 41
    52 108 123 21 94 32 118 16 123 33 75 69 102 126 30 111 13 37 49 30
    15 4 52 81 70 60 49 106 98 112 106 122 56 104 100 16 25 44 104 121
    43 88 44 91 32 9 41 55 126 113 16 80 5 46 4 48 41 124 84 123 0 118
    19 115 122 29 121 12 26 126 90 48 52 107 124 70 44 33 37 124 21 71
    122 121 117 109 36 41 83 42 84 116 90 94 44 104 14 39 127 101 121 83
    10 107 116 42 126 83 16 87 81 117 58 125 118 29 80 71 20 113 53 31
    65 30 59 41 112 4 22 29 48 41 67 19 125 97 54 43 26 72 101 14 47 60
    36 83 45 58 109 121 69 11 27 99 9 125 42 25 100 22 85 76 107 15 0 16
    124 1 35 127 120 13 42 45 110 4 80 69 124 66 98 25 37 113 29 15 45 6
    110 99 40 63 56 59 73 117 125 61 0 77 120 7 106 115 58 123 59 100 67
    58 75 90 110 86 120 89 43 43 119 10 117 94 3 111 22 70 59 119 122 81
    73 48 19 32 37 33 60 98 118 30 101 108 91 55 90 87 48 72 30 34 45 8
    26 41 9 38 9 58 48 89 35 10 109 71 123 109 103 46 24 41 105 45 103
    18 103 127 121 74 7 8 6 58 27 0 26 113 95 36 125 17 28 7 34 121 105
    97 67 34 91 12 64 57 98 106 107 6 90 121 78 109 26 46 99 98 76 109
    30 91 107 53 13 62 126 37 16 127 14 8 111 60 49 116 29 5 17 54 21 47
    16 121 102 7 15 27 111 20 23 40 2 78 41 72 67 108 70 71 22 38 72 40
    69 11 52 111 37 84 60 89 45 12 86 78 91 64 127 22 35 23 106 50 87 69
    10 101 61 56 5 38 81 110 17 83 85 63 87 16 62 122 3 82 104 35 86 15
    46 72 96 78 54 95 15 82 63 30 3 82 104 102 24 3 120 8 46 86 74 67 23
    9 117 82 99 12 124 65 101 70 70 103 75 55 9 118 44 108 90 11 14 55
    117 54 120 126 4 65 34 51 8 88 27 30 52 0 38 92 48 15 19 7 50 74 123
    91 25 37 81 39 54 48 97 28 58 33 17 86 126 21 117 34 68 43 44 110 82
    67 54 6 28 104 48 87 54 50 98 5 74 120 73 5 21 104 4 68 76 121 88 9
    4 89 7 7 94 39 67 32 19 114 34 84 53 38 8 50 32 103 10 71 33 97 77
    94 115 15 101 96 74 3 44 32 91 81 78 86 91 70 62 40 94 123 86 112 62
    40 94 100 50 86 14 53 118 118 43 88 124 100 123 107 104 85 104 107
    123 98 12 57 124 101 30 127 2 61 27 86 46 66 16 7 60 48 8 61 48 27
    77 104 12 121 33 82 89 53 87 36 97 63 26 127 29 121 92 34 69 84 87 0
    74 103 26 32 84 118 0 24 121 115 48 56 66 49 25 40 26 81 121 106 68
    92 3 18 28 23 109 47 23 19 60 16 45 98 1 57 39 65 119 70 93 103 13
    57 41 22 56 108 113 39 127 32 91 122 121 61 114 83 43 27 119 91 29
    11 90 111 88 127 70 6 22 1 116 37 51 55 20 27 58 58 83 34 95 35 122
    74 14 95 30 52 83 17 61 0 124 75 44 127 118 111 75 122 117 99 32 2
    63 80 106 5 78 56 92 25 11 50 82 23 0 5 1 118 12 52 24 9 8 2 35 61
    104 48 12 55 126 77 69 24 106 82 67 109 117 119 27 98 112 83 54 114
    34 75 105 50 9 80 23 45 64 110 72 52 10 28 13 92 113 50 0 121 27 78
    67 40 73 86 117 34 122 102 35 116 11 99 120 116 125 89 117 20 54 113
    18 93 25 63 69 50 87 61 89 36 32 19 20 85 127 51 0 69 42 118 0 26 98
    31 118 61 42 39 71 45 54 57 125 10 101 98 105 60 16 34 127 87 115 98
    73 95 64 37 72 53 126 58 45 35 19 106 43 7 92 85 33 105 38 12 9 91
    94 25 86 65 104 92 102 32 72 10 48 72 51 27 34 127 5 83 26 94 108 83
    83 60 8 5 125 73 79 69 30 66 123 94 81 85 26 117 80 75 96 48 17 20
    70 77 91 63 69 90 80 85 59 47 68 80 5 33 50 81 25 66 76 11 13 61 64
    12 123 49 71 45 35 118 103 123 119 2 95 119 81 23 66 112 61 86 0 107
    75 117 96 63 69 8 11 11 103 119 99 30 34 103 35 18 13 48 72 122 83
    81 44 46 93 123 52 9 1 71 25 109 51 104 26 9 107 28 72 4 37 83 119
    60 101 42 50 85 118 30 37 88 125 53 7 27 70 105 5 16 118 123 92 60
    68 92 69 46 123 113 90 16 36 43 64 127 109 124 57 114 19 102 102 4
    81 32 11 105 24 13 66 84 36 75 58 80 110 53 107 14 25 114 61 59 82
    14 90 13 71 45 4 86 26 121 110 64 80 79 21 10 15 2 44 101 16 10 45
    48 73 26 4 123 37 31 35 118 84 17 76 44 77 111 108 109 70 73 96 123
    20 73 69 34 127 11 53 26 62 75 2 62 22 24 120 121 83 55 44 37 32 50
    13 94 105 123 78 70 124 30 86 60 14 71 47 96 107 47 117 113 88 94 59
    65 55 81 123 108 21 64 54 66 113 32 105 73 71 11 89 94 43 60 27 118
    59 107 8 37 34 79 120 50 77 53 71 99 31 53 101</data></input>
<my_img type_id="opencv-matrix">
  <rows>256</rows>
  <cols>256</cols>
  <dt>u</dt>
  <data>
    75 73 68 62 58 58 61 65 69 70 68 65 62 59 57 56 56 56 58 59 60 60 61
    62 63 65 67 69 70 69 67 65 65 67 70 72 73 73 69 63 58 57 58 61 62 61
    59 57 56 55 56 56 55 55 56 58 60 62 63 64 67 69 70 68 66 65 64 64 64
    64 62 60 60 62 66 69 71 71 71 72 73 75 76 76 74 72 70 69 68 68 68 69
    69 69 70 71 72 73 73 73 73 73 72 71 70 69 69 67 66 64 63 61 61 64 68
    70 70 66 58 51 48 51 55 60 63 65 65 64 64 65 68 69 69 66 65 64 65 66
    65 62 57 54 54 57 61 65 68 67 64 60 56 53 54 57 62 66 68 67 63 58 54
    52 54 59 64 67 69 69 69 68 66 63 61 60 59 60 61 62 62 62 64 66 69 72
    73 71 67 64 62 61 61 61 61 62 63 63 62 59 56 54 52 52 53 56 58 60 62
    62 61 59 55 52 51 50 50 50 51 51 53 57 61 64 65 64 61 59 58 60 62 65
    67 66 63 60 57 57 59 63 67 69 70 68 65 62 59 58 59 61 61 59 56 54 55
    57 59 60 73 71 66 61 57 57 60 64 68 68 66 63 60 58 57 57 57 58 59 60
    60 60 61 61 62 64 66 68 69 68 67 65 65 67 70 72 73 72 68 63 59 57 59
    61 63 62 60 58 56 56 56 56 55 55 56 58 60 62 63 64 67 69 69 68 66 65
    65 65 65 64 63 60 59 62 66 69 71 71 71 72 73 75 76 76 75 73 71 70 69
    68 68 68 68 68 69 70 71 72 73 72 72 72 72 71 70 69 69 67 66 64 63 61
    61 63 67 70 69 65 58 51 49 51 56 60 64 65 65 65 65 66 68 69 68 67 65
    64 65 66 65 62 58 54 54 56 60 63 66 66 63 59 56 53 54 58 62 66 68 68
    64 59 55 53 55 59 65 68 69 69 69 68 66 64 62 60 60 61 62 63 63 64 64
    66 69 71 72 70 67 63 61 61 61 61 62 63 63 64 63 60 57 55 53 53 54 56
    58 60 61 62 61 59 56 53 52 51 51 51 51 52 54 57 61 64 64 63 60 57 57
    58 61 65 67 66 63 60 58 58 60 64 67 70 70 68 65 62 59 59 60 62 62 61
    58 56 56 58 59 60 71 69 64 59 55 54 57 61 64 64 62 59 57 57 57 59 60
    60 60 60 60 59 60 60 60 62 64 65 66 66 65 65 66 68 70 70 70 69 66 63
    60 59 60 62 63 63 61 60 58 57 56 56 55 55 56 58 61 62 64 65 66 68 68
    67 65 65 66 66 66 65 63 60 59 61 65 68 70 71 71 72 72 74 75 76 76 74
    73 71 69 68 67 67 67 67 68 68 69 70 70 70 70 71 71 72 71 70 69 67 65
    64 62 61 60 62 65 67 66 63 56 51 49 52 56 61 64 66 67 67 67 67 68 69
    69 67 66 65 65 66 66 63 59 56 54 55 57 59 61 61 59 57 54 53 55 58 63
    66 68 68 65 61 57 55 56 61 66 69 70 70 70 69 66 64 63 62 62 63 65 66
    67 66 66 67 69 70 71 69 66 63 61 61 62 62 62 63 64 65 64 62 59 57 55
    55 56 58 59 61 62 62 61 59 57 55 54 53 53 53 53 53 55 58 61 63 63 60
    57 55 54 56 59 63 66 66 64 61 59 60 62 66 68 70 70 68 66 63 60 59 61
    63 64 63 62 61 60 59 60 60 69 68 63 58 54 53 55 58 61 60 58 55 54 55
    57 61 63 63 62 60 59 58 58 59 59 60 61 62 63 62 62 63 64 66 68 68 67
    67 65 63 61 60 61 63 64 64 63 61 60 58 57 56 55 55 56 58 61 63 64 65
    66 67 67 66 64 65 66 66 66 65 62 59 58 59 63 66 68 69 69 70 71 72 74
    75 76 75 73 71 69 67 66 66 66 66 66 66 66 67 68 68 68 69 70 71 71 70
    68 66 64 62 61 59 59 60 62 63 63 59 55 51 50 52 56 61 64 67 68 69 69
    68 68 68 68 67 66 65 65 66 66 64 61 57 55 54 54 55 56 57 56 55 54 54
    56 59 63 66 68 69 67 64 61 59 60 63 67 70 71 71 70 69 67 65 64 63 64
    66 68 69 70 69 69 68 68 70 70 69 67 64 62 62 62 62 62 63 64 65 65 64
    62 60 58 58 59 61 62 62 62 62 61 59 57 56 56 56 56 56 56 56 56 59 61
    62 61 57 54 52 51 53 57 62 65 66 64 62 61 62 65 67 69 69 69 68 66 63
    61 60 62 64 65 66 65 64 63 61 60 60 69 68 64 59 55 54 55 57 60 59 57
    55 53 54 57 62 65 65 63 61 59 58 58 58 59 59 60 60 61 60 59 59 60 63
    65 66 65 65 65 64 63 62 62 62 63 62 62 61 60 58 56 55 54 54 55 58 61
    64 65 66 66 66 65 64 63 64 65 65 65 64 61 59 57 58 61 63 65 65 65 66
    67 69 71 73 75 74 72 70 67 66 65 65 65 65 65 65 65 66 66 66 66 67 68
    69 69 68 66 64 62 61 59 58 57 58 60 60 59 57 54 51 51 53 56 59 63 66
    68 70 70 69 68 68 68 67 66 65 65 65 65 64 61 58 55 54 52 52 53 55 55
    55 55 55 57 60 64 67 69 70 70 69 67 65 65 66 68 69 70 70 70 70 68 66
    65 64 65 67 69 71 72 72 71 69 69 69 70 70 69 66 64 63 62 62 61 61 62
    64 65 65 63 62 61 61 61 62 63 64 64 63 61 59 57 56 57 57 58 59 58 57
    57 58 60 60 58 55 52 50 50 52 56 60 63 65 64 62 62 63 66 68 68 68 67
    66 65 63 61 61 62 64 65 66 66 66 65 63 61 61 69 68 66 62 58 56 56 58
    60 60 58 55 54 54 58 63 66 66 64 62 61 60 60 60 60 61 61 61 60 59 58
    57 57 59 61 63 64 65 65 65 64 63 62 61 60 60 60 60 59 57 55 54 53 53
    55 58 61 64 66 67 67 67 65 64 63 63 64 64 64 62 60 58 57 58 59 60 61
    61 61 62 64 66 69 71 72 71 69 66 64 63 63 63 64 65 65 66 66 66 66 65
    65 65 66 66 66 65 64 63 61 60 58 56 56 57 58 58 57 56 54 53 53 54 55
    58 61 64 67 70 70 70 69 68 67 66 65 64 64 64 64 63 60 58 56 54 52 52
    53 55 56 56 56 57 59 61 64 67 70 72 73 74 72 71 70 69 69 69 68 68 69
    69 68 66 65 65 66 68 70 71 73 73 72 70 69 69 70 72 72 70 67 64 62 60
    59 59 60 62 64 64 64 63 62 62 62 63 65 66 66 64 62 59 57 56 57 58 60
    60 59 57 56 56 57 58 57 54 51 50 50 52 56 60 62 63 63 62 62 63 66 67
    68 67 65 64 63 62 61 61 62 63 63 64 65 66 65 64 62 61 69 69 67 64 61
    59 59 61 62 62 60 57 55 55 58 63 66 67 66 64 64 64 64 64 64 63 62 62
    61 60 58 56 55 57 60 63 64 65 65 66 65 64 62 60 59 59 60 60 59 57 55
    54 53 53 55 58 61 64 66 68 68 68 67 65 64 63 63 63 62 62 60 59 58 58
    58 59 59 59 59 60 62 64 66 68 68 67 64 62 60 60 61 62 64 65 67 67 67
    67 66 65 65 65 64 64 63 62 62 62 61 60 58 56 55 56 57 57 57 57 57 57
    56 55 56 57 60 63 67 70 71 71 71 69 68 66 65 63 63 63 62 60 58 56 55
    54 53 53 54 56 58 58 58 58 60 62 65 68 70 73 76 77 77 76 75 73 71 69
    66 65 66 66 65 64 64 65 67 69 70 71 72 73 73 71 69 68 70 73 74 72 69
    66 62 59 58 58 59 61 63 64 63 63 63 64 64 65 67 69 69 67 63 60 58 57
    57 59 60 61 60 57 55 55 56 56 57 55 54 53 53 54 57 60 62 62 62 61 62
    64 66 67 67 66 64 63 62 62 61 61 61 61 60 61 63 65 65 64 63 62 70 70
    69 66 65 63 63 64 65 65 63 59 57 57 59 63 66 67 66 66 67 68 69 69 68
    66 64 63 63 63 61 58 57 58 60 63 64 65 66 67 67 66 63 61 59 59 60 61
    60 58 56 55 53 54 56 58 61 64 66 68 69 69 68 66 64 63 62 62 61 61 60
    59 57 57 57 58 59 59 59 60 62 63 65 66 65 63 60 58 57 58 59 61 63 66
    67 68 68 67 66 66 66 66 65 63 61 61 61 62 62 61 59 57 56 56 57 57 58
    59 60 60 59 58 57 57 59 62 66 70 72 73 73 72 70 67 64 63 62 62 61 59
    57 55 55 54 53 54 55 57 59 59 59 59 60 62 64 67 70 74 77 79 80 79 77
    75 73 69 66 64 63 63 62 61 62 64 67 69 70 71 72 73 73 71 69 68 69 72
    74 74 71 67 63 60 58 58 59 61 63 64 63 63 65 66 66 67 69 71 71 69 65
    62 59 58 58 59 61 62 61 58 56 54 55 56 58 58 58 57 56 57 59 60 62 63
    62 62 63 64 67 68 67 65 64 62 62 62 61 60 59 58 58 59 62 64 65 65 64
    63 71 71 70 68 67 67 67 67 67 66 64 60 58 58 59 62 64 65 66 68 70 71
    72 72 71 69 66 65 65 66 65 62 60 60 62 63 64 65 66 68 69 68 65 63 61
    60 62 62 61 59 57 55 54 54 56 58 61 63 65 67 68 69 68 67 65 63 62 61
    61 60 59 58 56 55 57 59 60 61 61 62 62 63 63 63 61 58 55 54 54 56 58
    60 63 66 67 67 66 65 65 65 67 68 66 64 62 61 61 62 62 61 60 58 57 56
    56 57 58 60 62 63 62 60 58 58 59 62 66 70 73 75 76 74 71 67 64 62 62
    62 61 60 58 56 55 54 54 54 55 57 58 59 59 60 61 62 65 67 70 73 76 79
    80 80 78 76 74 71 68 65 62 60 59 59 60 62 65 68 69 69 70 72 72 71 68
    67 68 71 74 75 73 69 65 62 60 59 60 62 64 64 63 64 66 67 69 70 71 73
    73 71 68 65 62 60 60 60 62 63 62 60 57 55 55 57 59 61 62 61 60 60 60
    61 63 64 64 63 63 65 67 68 67 65 64 63 63 64 63 61 59 57 57 59 62 65
    66 65 63 63 72 72 71 69 69 69 69 69 68 66 63 60 58 57 58 60 62 64 66
    68 71 73 74 73 72 69 67 66 67 69 69 67 64 63 63 64 64 65 67 69 71 70
    68 66 64 63 64 64 63 61 59 57 55 55 56 58 60 63 65 66 67 67 67 66 64
    62 62 61 61 60 59 57 54 54 55 59 62 64 65 64 63 63 61 60 57 54 52 51
    52 54 57 60 64 66 67 65 64 62 62 63 66 68 67 65 63 61 60 60 61 60 59
    58 56 55 55 56 58 61 63 64 63 61 59 58 58 60 64 69 73 76 77 75 71 66
    62 60 61 62 62 62 60 58 57 56 55 55 55 56 57 58 59 60 61 63 65 67 69
    72 74 76 78 78 77 75 73 71 68 66 62 59 58 57 58 61 64 66 67 67 69 71
    71 70 68 67 67 70 73 74 72 69 66 63 61 61 61 63 64 64 63 64 66 68 70
    71 72 73 73 72 70 67 65 63 62 62 63 64 63 61 58 55 55 57 60 62 64 65
    64 63 62 63 64 65 65 64 63 65 66 67 66 65 64 65 66 67 65 62 59 57 57
    59 63 66 66 64 62 61 73 73 71 70 70 70 70 70 68 65 62 59 57 56 56 57
    59 61 64 68 71 73 73 72 71 68 66 66 68 70 71 70 67 66 65 64 64 65 67
    70 72 72 71 69 68 67 67 67 66 64 61 59 56 55 56 57 60 63 65 66 66 66
    65 64 63 61 61 61 61 61 60 57 54 53 54 58 62 66 67 67 65 63 60 58 55
    51 49 49 50 53 56 60 64 66 65 63 60 58 58 60 63 66 67 65 63 60 58 58
    58 58 58 56 55 54 54 55 58 62 64 64 63 61 59 57 56 58 62 66 71 75 76
    74 70 65 61 60 61 63 64 64 62 60 59 57 57 57 57 58 58 59 60 61 62 64
    66 67 68 70 71 73 75 74 73 71 69 69 68 66 63 60 58 57 58 60 62 64 65
    65 67 69 70 70 68 67 67 68 71 72 71 68 65 63 61 61 62 63 65 65 64 65
    66 69 70 71 72 73 73 73 71 70 67 65 64 63 64 64 64 62 59 57 57 58 61
    63 65 66 66 65 64 64 65 66 65 64 63 63 64 65 65 64 65 66 68 68 67 64
    60 59 59 62 65 67 67 64 61 59 73 73 72 71 71 71 71 70 68 65 62 59 57
    56 56 56 57 60 64 68 71 72 72 71 68 66 64 64 67 70 72 71 69 67 65 64
    64 65 68 70 72 73 73 72 71 70 69 69 68 67 65 62 59 58 57 59 61 64 66
    66 65 64 63 62 60 59 60 61 62 62 62 59 55 52 52 56 61 66 69 69 67 64
    60 57 54 51 49 49 50 52 56 60 64 65 64 61 57 55 55 57 60 64 65 65 63
    60 58 56 56 56 56 55 54 53 54 56 60 63 65 65 63 60 58 56 54 55 58 63
    68 71 72 70 67 63 60 60 62 64 66 66 64 62 60 59 59 60 61 62 63 63 63
    63 64 65 65 66 66 67 68 70 71 70 68 66 65 65 65 65 63 61 60 59 59 61
    62 63 63 63 64 66 68 68 68 67 66 67 68 68 67 66 63 61 60 60 61 63 65
    66 66 67 68 69 70 71 71 71 72 72 72 71 69 67 65 64 64 64 64 63 61 60
    60 61 63 65 66 67 67 66 66 65 65 65 64 62 61 61 62 63 64 64 64 65 67
    68 67 65 62 61 63 66 69 70 68 64 61 59 73 73 72 71 71 71 71 70 67 65
    63 60 58 57 56 56 58 61 64 68 72 73 72 70 67 64 62 63 66 69 72 72 69
    67 65 64 64 66 68 70 72 74 74 74 73 72 71 70 70 69 68 65 63 61 60 61
    63 66 67 67 65 63 62 60 59 58 60 62 64 65 65 62 57 52 51 54 59 65 69
    70 68 65 62 59 56 53 52 51 51 53 56 60 63 64 62 59 56 54 53 55 59 62
    64 64 63 61 58 56 55 56 57 57 56 55 56 58 62 65 66 66 63 60 57 55 54
    54 56 60 65 68 69 67 65 62 61 61 64 67 68 68 65 63 60 60 61 64 67 68
    69 68 67 66 66 66 65 65 65 65 66 67 68 67 65 62 61 61 62 62 62 62 62
    62 62 63 64 64 63 63 63 65 66 66 67 67 66 66 66 65 63 62 60 59 58 58
    60 63 66 68 69 69 69 69 70 70 70 70 71 72 73 73 71 68 65 63 62 62 63
    64 63 63 63 64 66 67 67 67 67 67 67 66 65 64 63 60 59 59 60 62 63 63
    63 64 65 66 66 65 64 64 66 70 73 74 71 67 63 62 73 72 72 71 70 70 69
    68 67 65 63 61 59 58 57 58 59 62 66 70 73 74 73 70 66 63 61 62 65 68
    71 71 68 66 64 63 65 67 69 71 72 73 74 74 75 74 73 73 72 71 70 67 65
    63 63 64 66 67 68 67 65 63 61 60 59 60 61 64 66 68 68 65 59 54 51 53
    58 64 68 70 70 68 64 62 59 57 56 55 54 54 57 59 62 62 61 58 56 55 55
    56 59 62 64 65 64 62 59 58 57 59 60 61 60 59 59 61 64 66 67 66 63 60
    58 56 54 54 56 59 63 65 66 65 63 62 62 63 66 69 70 69 66 62 60 60 63
    67 71 73 73 72 70 69 68 67 65 64 64 65 66 66 67 66 64 61 58 58 59 60
    61 62 63 65 66 67 67 67 66 64 64 64 65 65 66 67 67 67 65 62 60 58 56
    56 57 58 60 63 67 70 71 71 70 69 69 69 69 69 70 72 73 74 72 68 64 60
    59 60 62 63 63 64 65 66 68 68 67 66 66 67 68 68 66 64 62 59 57 57 59
    61 63 64 64 63 63 64 65 65 65 66 69 73 76 76 74 71 68 67 72 72 71 70
    69 67 66 65 64 64 63 61 60 58 58 58 60 63 67 71 74 75 73 70 66 63 61
    62 64 67 69 69 66 63 62 63 65 67 70 71 72 73 73 74 75 75 74 74 73 72
    70 67 65 64 64 65 67 68 67 66 64 62 60 60 60 61 63 66 69 71 71 68 62
    56 53 53 57 62 67 70 71 70 67 65 64 62 60 59 57 57 58 59 60 60 60 58
    58 57 57 59 61 63 65 66 66 65 63 61 61 63 66 67 66 65 63 64 65 66 67
    66 64 62 60 58 57 56 57 59 62 64 64 63 62 61 62 64 67 70 71 69 66 62
    59 59 63 68 73 75 74 73 72 71 69 67 65 64 64 64 66 66 67 66 64 61 58
    56 57 58 60 63 66 68 70 71 71 70 69 67 66 65 65 65 65 66 67 66 64 61
    58 56 55 56 57 58 61 64 68 70 71 71 69 68 68 68 67 67 68 70 72 73 71
    67 61 57 55 56 59 62 63 64 65 66 67 67 65 63 63 65 68 69 68 66 62 59
    56 56 58 61 64 65 64 63 62 62 63 64 65 67 70 74 77 78 77 75 73 72 71
    71 70 69 67 65 64 63 62 62 62 60 58 57 56 57 60 63 67 71 73 74 72 70
    66 64 63 63 65 67 68 66 63 60 59 60 63 66 68 69 70 71 72 73 74 74 74
    73 72 70 68 65 63 63 63 65 66 66 66 65 63 62 61 61 61 63 65 68 70 72
    72 69 64 58 55 55 57 61 66 69 71 71 70 69 68 67 65 63 60 59 59 59 59
    59 59 58 58 58 58 59 61 63 65 67 69 68 67 65 65 68 71 72 72 70 67 65
    65 66 66 66 65 64 62 60 59 58 58 60 62 63 63 61 60 59 60 62 66 69 70
    69 65 61 58 59 62 68 72 73 73 71 71 71 70 68 66 64 64 64 65 66 67 66
    64 61 58 56 56 58 61 65 69 72 74 75 74 73 72 70 68 67 66 65 64 65 65
    66 64 62 60 58 57 58 59 60 62 64 67 68 69 68 67 66 66 66 65 66 67 69
    71 71 70 65 59 54 52 54 58 61 62 63 63 64 65 65 63 61 62 64 67 69 70
    68 64 61 58 57 59 62 64 65 65 64 62 62 62 62 63 65 69 72 75 76 76 76
    75 75 68 68 67 66 65 63 62 62 62 62 61 59 57 55 55 56 59 63 66 69 72
    73 72 69 67 66 66 66 67 67 66 64 60 57 56 57 59 62 64 66 67 69 70 72
    73 72 71 71 69 67 64 62 61 60 61 62 64 64 65 65 64 63 62 62 62 63 65
    68 71 72 73 70 66 62 59 58 59 61 64 67 69 70 71 71 70 69 68 66 63 61
    60 59 58 58 59 59 59 58 57 58 60 63 65 68 70 71 70 69 69 71 74 76 75
    72 68 65 64 64 66 66 66 66 64 62 60 59 59 61 63 63 63 61 59 57 58 60
    64 68 70 68 65 61 58 58 61 66 69 70 70 69 69 70 70 68 66 64 63 63 64
    64 65 65 64 61 59 57 57 59 63 68 72 75 77 76 76 75 74 72 70 68 66 64
    63 63 63 64 65 64 63 62 62 62 63 63 64 65 65 65 64 64 64 64 65 65 64
    64 65 67 68 68 67 62 57 53 53 56 60 62 63 63 62 63 63 63 62 61 62 63
    66 69 70 69 66 63 59 58 59 61 64 65 66 65 64 63 63 62 62 63 66 69 72
    73 74 73 73 73 64 64 63 62 62 61 62 62 62 62 61 59 57 55 54 56 58 61
    65 68 71 71 71 70 68 68 68 69 68 67 65 61 58 55 53 54 56 59 60 62 65
    67 69 71 71 70 69 67 65 63 61 60 59 58 59 60 62 63 65 66 67 66 65 64
    63 63 65 67 69 71 72 71 69 66 63 62 61 61 62 64 66 68 69 70 70 71 70
    68 65 63 61 60 59 59 60 60 59 58 56 57 59 62 65 69 72 73 72 71 71 73
    76 78 77 73 68 64 63 64 65 67 68 67 65 63 61 60 61 62 63 64 63 61 58
    57 57 59 63 67 69 69 66 62 59 58 60 64 67 68 67 67 68 70 70 68 66 64
    63 63 63 62 62 63 62 61 59 57 57 60 65 70 74 77 77 76 75 75 75 72 69
    66 64 62 61 61 62 64 65 66 67 67 67 67 67 67 66 65 64 63 62 62 63 64
    64 64 64 64 64 65 65 65 64 61 57 55 56 59 63 65 65 64 63 62 63 64 64
    63 63 64 65 68 69 69 68 65 61 59 60 61 63 65 66 67 67 66 65 62 60 60
    62 65 67 69 69 69 68 68 60 59 58 58 58 60 62 63 63 62 61 58 56 54 54
    55 58 61 64 67 70 71 71 70 69 69 70 70 69 67 64 60 56 54 52 53 54 56
    58 60 63 66 69 70 70 69 67 66 63 61 59 58 57 57 57 59 61 63 66 68 69
    68 68 66 65 65 66 67 69 71 72 72 71 70 68 66 63 62 61 61 63 64 66 67
    69 70 70 69 66 64 61 59 59 60 61 62 60 57 55 55 58 62 66 69 72 73 72
    70 70 72 76 77 76 73 68 65 63 64 66 68 69 69 66 64 62 61 62 63 64 64
    63 61 59 58 59 61 64 68 70 70 67 63 60 59 60 63 66 67 67 67 68 69 69
    68 66 65 64 63 62 60 60 60 61 61 60 58 58 60 64 69 73 75 75 74 73 73
    73 70 67 63 61 60 59 60 61 63 65 68 69 70 70 70 70 69 68 67 65 63 62
    63 65 66 66 66 65 65 65 64 64 63 62 60 58 57 59 63 66 67 66 64 62 62
    63 65 66 66 66 65 64 66 67 68 67 65 63 60 60 61 63 65 68 69 70 69 66
    63 59 58 59 62 64 65 65 64 63 63 57 57 56 55 56 59 61 63 64 62 60 57
    55 54 55 56 58 61 64 68 70 71 71 70 70 70 70 71 69 66 63 60 58 55 55
    55 55 56 57 59 63 66 69 71 70 69 67 65 63 61 59 58 57 57 58 60 62 65
    68 70 71 70 70 69 69 69 69 69 69 70 71 72 73 72 71 68 65 62 60 59 59
    61 62 64 66 68 69 69 67 65 62 60 59 61 63 63 61 58 56 57 60 64 67 70
    72 72 70 69 68 71 74 76 75 72 68 65 64 65 67 68 69 69 67 65 63 62 63
    63 64 63 62 61 60 60 61 63 66 68 70 70 68 65 62 61 62 64 67 67 67 68
    68 69 69 68 67 66 65 64 62 60 59 59 60 61 60 59 57 59 62 66 69 71 71
    70 70 71 70 68 64 61 58 58 58 59 61 63 65 68 70 71 71 71 70 70 69 69
    67 65 65 67 69 69 69 68 68 67 65 64 62 61 61 60 59 60 62 65 67 68 67
    65 63 62 63 65 67 68 67 65 63 63 64 65 67 66 64 62 61 62 65 68 70 72
    72 70 67 63 59 57 58 60 63 63 62 60 59 58 58 57 56 55 56 59 61 63 62
    61 58 56 54 54 55 56 59 62 66 70 71 71 70 69 69 69 69 69 68 66 64 62
    61 60 59 58 57 57 57 59 62 66 69 71 70 69 67 66 64 62 61 60 60 60 60
    62 65 68 70 71 72 71 71 72 72 72 72 71 70 70 71 72 73 73 71 68 65 62
    59 58 58 59 60 61 63 65 66 68 67 66 64 61 61 62 65 65 63 60 59 60 63
    67 70 71 72 70 68 67 67 69 72 73 72 70 67 66 65 66 67 68 68 68 67 65
    64 63 63 63 63 62 61 60 60 61 62 65 67 69 70 69 68 67 65 64 65 66 67
    68 68 68 68 69 69 69 68 67 66 65 63 60 59 59 60 61 61 59 57 57 59 62
    64 66 67 67 68 69 68 66 63 60 57 57 57 59 61 63 66 69 71 72 71 70 69
    69 69 70 69 68 68 70 72 73 73 72 71 69 66 64 62 61 60 60 60 61 63 65
    67 67 66 65 64 63 63 65 67 68 67 64 62 61 62 64 66 67 65 63 64 66 69
    72 74 75 73 70 67 62 59 58 58 60 62 62 61 59 57 56 60 59 57 56 57 58
    60 60 60 58 56 54 54 54 55 57 60 64 68 71 72 71 69 67 65 65 66 66 66
    66 65 65 65 65 64 63 61 59 58 58 61 64 68 70 70 69 68 66 65 64 64 64
    64 63 63 64 67 69 71 72 72 72 72 73 74 74 73 72 71 70 70 70 71 70 69
    67 65 62 61 60 59 59 59 59 60 62 64 66 67 67 65 63 62 64 66 67 65 63
    62 64 68 72 74 74 72 69 67 66 66 68 70 71 69 67 65 65 65 66 67 67 68
    68 68 67 66 64 64 64 63 62 60 59 58 60 62 65 67 69 69 68 68 67 67 66
    66 67 67 67 67 68 68 69 69 69 69 68 67 66 64 61 60 59 60 61 61 59 58
    57 58 59 61 63 64 65 67 67 67 65 63 60 58 57 57 59 60 63 66 70 72 73
    71 68 67 67 68 69 70 69 69 72 75 76 76 75 73 71 67 64 62 61 61 61 61
    62 63 64 65 65 65 65 65 64 63 64 66 67 66 64 62 61 62 65 67 67 66 65
    66 69 73 76 77 76 74 70 67 63 61 60 60 61 62 62 61 59 57 56 61 60 59
    57 57 57 57 57 57 55 54 53 53 54 56 59 62 66 70 73 72 70 66 63 61 61
    62 63 64 66 67 69 69 69 68 66 63 60 58 57 58 62 66 69 69 69 68 66 65
    65 66 67 67 66 65 65 67 69 71 71 71 71 71 72 73 73 73 71 70 69 69 68
    68 67 67 66 65 64 63 62 61 60 59 59 59 60 62 64 67 67 66 65 64 66 68
    68 67 65 65 67 72 76 77 76 73 69 66 66 67 69 70 70 67 64 62 62 63 64
    65 66 67 68 69 69 68 66 66 65 64 62 60 58 57 59 61 65 67 68 68 67 67
    67 67 67 67 67 66 66 66 67 67 68 69 70 70 69 68 67 65 63 61 60 59 59
    59 59 58 58 58 59 60 61 62 64 65 66 66 65 64 62 60 59 58 58 59 62 66
    70 73 73 71 67 65 64 65 68 69 69 69 71 75 77 78 77 75 71 67 64 62 61
    62 62 62 62 62 62 62 62 63 65 65 65 64 64 64 65 65 64 63 63 65 67 69
    68 67 66 68 71 75 78 78 76 73 70 67 65 63 62 62 62 62 62 61 60 59 58
    59 59 58 57 56 55 54 54 53 52 52 52 54 55 58 61 64 68 71 72 71 68 63
    60 58 59 60 61 63 65 68 70 71 70 69 67 65 62 59 57 56 59 63 66 68 68
    68 66 66 66 67 68 68 67 64 63 64 67 69 70 70 69 69 70 70 71 71 71 70
    68 67 66 65 65 65 66 66 66 66 64 62 60 59 59 58 58 60 63 66 67 66 65
    65 67 69 69 68 66 66 69 73 77 78 76 72 69 67 66 68 70 71 69 65 62 59
    59 60 61 63 64 66 68 69 69 69 68 67 66 65 63 61 59 58 59 61 65 67 68
    67 65 65 66 67 67 67 66 65 65 65 65 66 67 68 70 71 70 69 68 67 65 62
    60 58 57 56 56 57 58 59 60 60 60 61 62 63 64 64 64 65 64 63 61 59 58
    58 60 64 69 72 73 70 66 63 62 63 66 68 68 68 70 73 77 78 77 74 70 65
    62 61 62 63 63 63 62 61 60 59 59 61 63 65 65 65 64 64 64 64 64 64 66
    68 70 71 70 68 67 68 71 74 77 77 75 72 70 68 67 66 65 64 63 62 62 62
    62 61 61 57 57 56 56 55 54 52 51 50 50 51 52 55 57 61 64 67 70 71 71
    69 65 61 59 58 58 59 60 62 64 67 69 69 69 69 68 67 64 61 57 56 57 60
    64 66 67 67 67 67 66 67 68 68 65 62 60 60 63 66 67 68 68 68 68 68 69
    70 69 69 67 65 64 62 63 64 66 68 68 68 65 63 61 59 59 58 58 60 62 65
    65 65 64 64 66 68 68 67 65 66 68 72 75 75 74 71 68 66 67 68 71 71 68
    64 60 57 56 57 59 61 63 65 67 68 69 69 69 68 67 66 65 63 61 60 60 62
    65 67 67 66 64 63 64 65 66 65 64 63 63 64 65 65 66 67 69 70 70 70 69
    68 66 63 61 57 55 53 54 56 58 60 61 60 60 60 61 61 62 62 63 64 65 64
    62 59 57 56 57 61 66 69 70 68 64 62 61 62 65 66 66 66 68 71 75 76 75
    71 67 62 60 61 62 64 64 63 62 61 60 58 57 58 60 62 64 64 64 63 63 63
    64 65 68 71 73 73 72 69 68 67 69 72 74 75 73 72 70 70 69 67 66 64 63
    61 61 62 62 62 62 55 55 55 55 54 53 51 50 49 48 49 52 56 59 64 67 70
    71 71 69 67 64 61 59 59 60 60 61 62 63 64 65 66 67 68 69 69 67 64 60
    57 57 59 62 64 66 67 68 68 68 68 68 67 64 60 58 58 60 63 65 66 67 66
    66 67 68 68 68 68 66 63 61 60 61 63 66 68 69 69 67 64 61 60 59 58 58
    59 61 63 63 62 62 63 65 67 67 65 64 64 66 69 71 71 69 68 66 66 66 68
    70 70 68 64 60 57 55 56 58 61 62 64 66 68 68 69 69 68 67 66 65 63 62
    61 61 62 64 66 66 64 62 61 61 63 63 63 61 61 62 64 64 64 65 66 67 69
    70 69 69 68 66 64 61 57 54 52 52 55 58 60 61 60 59 58 58 59 60 61 62
    63 64 64 62 59 57 55 56 59 63 66 67 65 62 61 60 62 64 65 65 65 67 69
    72 73 71 68 63 60 59 61 63 64 63 62 61 61 60 59 57 57 58 59 61 62 62
    61 60 61 63 66 70 73 75 75 73 70 68 66 67 69 71 72 71 70 70 69 68 67
    65 63 61 60 59 60 60 61 62 57 57 57 56 55 54 52 50 49 48 49 52 56 61
    65 69 72 72 70 68 66 64 62 60 61 61 61 61 61 61 61 62 62 64 66 69 71
    70 67 63 60 59 61 63 65 66 68 69 70 70 69 68 67 64 61 58 58 59 61 63
    65 66 66 66 66 67 68 68 67 64 60 58 57 58 62 65 68 69 69 68 65 63 61
    60 59 58 59 60 61 61 61 61 62 64 65 65 64 62 61 63 65 67 66 65 64 64
    64 65 67 68 69 67 65 62 59 57 57 59 61 63 65 66 68 68 68 68 67 66 65
    64 63 62 61 61 61 63 64 64 63 61 59 59 60 61 60 60 60 61 63 64 64 64
    65 66 67 68 68 67 67 66 64 61 58 54 52 52 54 57 60 61 60 58 56 55 56
    58 59 61 63 64 64 62 59 57 55 56 58 61 63 63 62 60 60 60 61 62 63 63
    63 65 67 69 69 68 65 61 59 59 61 64 64 62 60 60 60 60 59 57 56 57 58
    59 61 61 60 58 58 60 64 68 72 74 74 73 70 67 65 65 66 67 68 68 68 68
    68 66 64 62 60 59 57 57 57 58 59 60 62 62 61 59 58 56 54 52 50 50 50
    52 56 61 66 70 72 72 70 68 66 65 63 62 62 63 63 63 62 61 60 59 60 61
    65 69 71 71 69 65 62 61 63 64 66 67 69 71 72 72 71 70 69 67 64 62 61
    61 62 63 65 66 66 66 66 67 67 67 66 62 57 54 53 55 59 64 67 69 70 69
    67 65 63 61 59 59 59 59 60 60 60 60 62 63 64 64 62 60 60 61 62 63 62
    61 61 62 62 63 65 66 67 66 65 63 61 59 59 60 61 63 65 67 68 68 68 67
    66 65 64 63 63 62 61 60 61 61 63 63 62 60 58 58 59 59 59 59 60 62 64
    65 64 64 64 64 64 64 64 65 65 65 64 63 60 57 54 53 54 57 60 61 59 56
    54 53 53 55 58 60 63 64 64 63 60 57 57 57 59 61 62 62 61 60 59 60 60
    61 61 61 62 63 65 66 66 65 63 60 59 60 62 64 64 61 59 58 59 60 59 58
    57 57 58 60 61 61 59 56 55 57 60 65 69 71 72 71 69 66 64 63 63 64 64
    64 65 66 65 64 61 59 58 57 56 55 55 56 58 59 68 68 66 64 62 59 57 55
    53 52 52 53 56 60 64 69 71 71 70 69 68 67 65 64 64 64 64 64 63 61 59
    58 58 60 63 67 70 71 70 67 65 64 64 66 66 68 70 71 72 72 72 71 71 70
    69 68 66 65 64 64 65 66 66 66 66 67 67 67 66 61 55 50 49 52 57 62 67
    70 71 71 69 67 64 61 60 59 58 58 58 58 58 59 60 62 62 62 60 59 58 58
    59 59 58 58 59 60 61 62 63 64 64 65 64 63 61 59 59 59 61 63 65 66 67
    67 67 66 66 65 64 63 62 62 61 60 60 61 63 63 62 60 57 56 56 57 58 59
    61 63 64 65 64 63 62 61 60 60 60 61 63 65 65 65 63 60 57 55 55 58 60
    61 59 56 53 52 52 54 57 60 63 64 64 62 60 59 59 60 61 63 64 63 62 60
    60 60 60 61 61 61 61 62 63 64 64 63 61 60 60 61 63 64 63 60 58 57 58
    59 59 59 58 58 59 61 63 62 60 56 54 55 58 61 65 67 67 67 67 65 63 62
    61 60 60 60 61 62 62 61 60 58 58 57 56 55 56 57 58 59 73 72 71 68 65
    62 60 58 55 54 53 53 55 58 63 66 69 70 70 70 70 69 67 65 64 65 65 65
    63 62 60 59 59 60 63 66 68 70 70 68 66 65 65 66 66 67 69 71 72 72 72
    72 73 73 74 73 72 70 67 66 65 65 65 65 65 66 67 68 66 60 54 49 47 50
    56 62 66 70 73 73 72 69 65 62 60 58 57 56 56 56 57 58 59 60 60 59 58
    56 56 56 56 56 56 56 58 60 62 63 63 62 62 62 62 61 59 58 57 58 60 62
    64 65 66 65 65 65 64 64 63 63 62 61 60 60 60 61 63 64 63 60 57 54 54
    55 57 59 62 63 65 65 63 61 59 57 55 55 55 57 60 64 66 67 66 63 59 56
    55 57 59 60 60 57 54 53 52 54 56 60 62 63 62 61 60 60 62 63 64 66 66
    66 64 62 60 59 59 60 61 61 61 62 62 62 62 61 60 60 61 62 63 63 62 59
    58 57 57 58 58 58 58 58 60 63 65 65 62 58 55 55 56 59 61 63 64 64 65
    64 63 62 60 58 56 56 57 59 60 60 60 59 59 58 57 57 57 58 59 60 76 76
    74 71 67 64 62 59 57 55 54 54 55 57 60 63 66 68 69 71 71 70 68 66 64
    65 66 66 65 63 61 60 60 61 63 65 67 68 68 68 66 65 65 64 64 65 67 69
    71 72 73 73 74 75 76 77 76 73 70 67 64 64 63 63 64 66 68 68 66 60 54
    49 47 50 55 61 66 70 73 74 73 70 66 62 60 58 57 55 55 55 56 57 58 59
    58 57 55 54 53 54 55 55 55 56 59 62 64 64 64 63 62 61 60 59 57 56 56
    57 59 61 63 64 64 63 62 62 62 62 62 62 61 61 60 60 61 62 64 65 64 60
    56 53 52 54 56 60 62 63 64 63 62 60 57 55 52 51 52 54 58 62 66 67 67
    63 59 55 54 55 58 60 60 59 57 55 53 54 56 58 60 61 61 61 61 61 63 65
    67 68 69 68 66 63 61 59 59 60 62 63 63 63 62 62 61 60 60 60 62 63 64
    63 62 60 58 57 57 57 56 56 56 57 60 64 67 68 66 62 58 57 57 59 61 61
    62 63 64 64 64 63 60 57 54 53 54 57 59 61 61 61 61 60 59 58 58 58 58
    58 78 77 75 71 67 64 61 59 57 56 55 55 56 57 58 61 63 65 68 71 71 71
    68 66 65 66 67 66 65 65 64 63 63 63 63 64 65 66 67 67 66 65 64 62 61
    61 63 66 70 73 74 74 74 74 76 77 78 76 72 68 64 62 61 61 63 65 67 68
    66 61 56 52 50 52 57 61 65 68 71 72 72 69 65 61 59 58 56 55 55 55 56
    58 59 59 58 56 53 51 51 52 54 55 56 58 62 65 67 67 66 64 62 60 59 57
    55 54 55 56 58 61 64 65 64 62 61 60 60 59 59 60 61 61 60 60 62 64 66
    67 65 62 57 53 52 53 56 60 62 63 63 62 61 59 57 54 52 50 51 53 57 62
    65 67 66 62 57 53 51 52 55 58 61 61 59 57 55 54 55 57 59 60 60 60 61
    62 64 66 69 71 71 70 67 63 60 57 57 59 62 63 64 63 62 61 60 60 61 62
    64 65 65 64 63 61 59 58 56 55 54 53 54 56 59 63 67 70 69 66 62 59 59
    60 61 62 62 63 64 65 65 64 62 58 55 53 54 56 59 61 63 63 63 61 59 58
    58 56 55 55 78 77 75 71 66 62 59 57 56 56 56 56 56 57 58 59 61 63 67
    70 71 71 69 68 67 67 67 66 65 65 65 66 65 65 65 65 65 65 66 67 66 65
    63 60 58 58 59 64 69 73 75 75 73 72 74 76 77 76 73 69 64 61 59 58 60
    63 66 67 66 62 58 55 54 55 59 62 65 67 68 69 68 66 63 60 59 58 56 55
    55 55 57 59 60 60 59 56 53 50 50 51 54 56 58 61 64 68 70 70 68 65 63
    61 59 57 55 54 55 56 58 61 64 65 64 62 59 58 57 57 57 59 60 61 61 61
    63 66 69 69 67 63 59 55 53 53 56 60 62 62 61 61 60 58 57 55 53 51 51
    53 57 61 64 65 63 59 55 51 49 50 53 57 60 62 62 60 58 56 56 57 59 60
    61 61 62 62 64 67 70 72 73 71 67 62 58 56 56 58 61 63 63 63 62 61 61
    61 62 64 66 67 67 66 64 62 61 58 56 54 53 52 53 54 58 62 66 69 70 67
    64 61 61 62 63 63 63 64 64 65 65 65 64 61 57 56 57 59 61 63 64 64 63
    61 59 57 56 54 51 50 76 76 74 70 65 60 57 56 56 56 56 57 57 58 59 60
    61 63 66 69 71 71 70 70 69 69 68 65 64 64 66 67 67 67 66 66 65 65 66
    66 67 66 63 60 56 56 58 62 68 73 76 75 73 71 71 73 75 76 74 70 65 60
    58 57 58 61 64 66 66 63 61 58 57 58 61 63 65 66 67 66 65 63 60 59 58
    58 58 57 56 57 59 61 62 63 61 58 53 50 50 52 55 58 61 63 66 68 70 71
    69 66 64 62 60 58 56 55 55 56 57 60 63 64 64 61 58 56 55 55 56 59 61
    61 61 62 65 69 71 71 68 65 61 57 55 55 57 60 61 61 60 60 59 59 58 57
    55 54 53 54 56 60 63 63 61 57 53 50 48 48 51 55 60 63 64 64 62 60 59
    60 60 62 62 63 63 63 65 67 70 72 72 70 65 61 57 54 54 57 59 61 62 62
    61 61 61 62 63 65 67 68 68 67 65 64 62 60 57 55 54 53 54 55 57 61 65
    67 68 66 64 62 62 63 64 64 64 64 64 64 65 66 66 65 63 62 62 63 64 65
    65 65 63 60 58 56 55 51 48 47 73 72 71 67 63 59 57 56 56 56 57 58 58
    59 60 61 63 64 66 68 69 70 70 70 70 69 68 64 62 63 65 67 68 68 67 67
    66 65 65 66 67 67 64 61 58 56 57 62 67 72 75 75 72 70 70 72 74 75 73
    70 65 61 58 56 57 59 62 64 65 64 62 60 59 60 62 64 65 66 65 63 61 59
    57 56 57 58 59 59 58 59 61 63 64 64 63 59 54 51 51 54 58 61 64 65 66
    68 69 69 68 66 65 64 62 60 58 57 56 55 55 57 60 62 62 60 58 57 56 57
    58 61 63 63 62 63 66 71 74 74 71 67 63 60 57 56 58 61 61 61 59 59 59
    59 59 59 58 56 54 54 56 59 61 62 60 56 53 51 49 49 51 54 58 63 65 66
    65 64 63 63 63 64 64 64 64 63 64 66 68 70 69 67 63 59 56 54 54 55 57
    58 60 60 61 61 61 61 62 64 66 67 68 67 66 65 63 60 58 56 55 55 55 56
    58 60 63 65 65 65 63 63 64 65 65 64 63 63 62 62 64 66 69 70 69 68 68
    67 66 65 65 64 62 60 58 57 55 51 48 47 68 68 67 65 62 59 58 57 57 57
    57 58 59 60 62 63 64 65 66 66 67 67 68 68 69 68 67 63 61 62 65 67 68
    69 68 68 66 65 65 66 68 68 67 64 60 59 59 62 66 70 73 74 73 71 71 72
    73 73 72 69 65 61 59 57 57 59 61 63 64 64 63 61 61 61 63 65 66 65 63
    61 59 57 55 55 57 58 60 60 60 61 62 63 64 63 61 59 55 53 54 57 61 64
    66 66 66 66 67 67 66 66 66 66 65 63 61 59 56 54 52 54 57 60 61 61 60
    60 60 61 62 64 65 64 63 64 67 71 75 75 73 69 65 61 58 58 60 62 62 60
    59 58 58 58 59 61 61 59 56 55 56 59 61 61 60 57 55 53 52 51 52 54 58
    62 65 66 66 66 65 64 64 64 64 64 64 63 63 64 65 66 65 63 60 58 56 55
    55 56 56 57 57 58 60 60 60 60 60 61 63 65 66 66 66 65 63 60 58 57 56
    56 55 56 58 60 62 63 63 63 63 64 65 65 65 64 62 61 60 59 61 66 70 73
    75 74 73 70 67 65 64 63 62 61 60 59 57 54 52 51 64 64 64 63 62 60 60
    60 59 58 58 59 60 61 63 64 65 65 64 64 63 63 64 65 66 66 65 62 61 62
    65 67 67 68 68 67 66 65 64 65 67 69 69 67 64 62 61 63 65 68 70 72 72
    72 73 73 73 72 71 68 65 62 60 58 58 58 59 61 63 64 64 63 63 64 65 66
    65 64 62 60 58 56 54 55 56 59 61 62 62 62 62 62 61 60 58 57 55 55 57
    60 64 66 67 66 64 64 64 64 65 66 67 68 67 66 64 61 56 53 50 51 54 58
    61 63 63 64 64 65 66 67 67 65 63 64 66 71 75 76 74 70 65 61 57 57 60
    62 62 60 58 57 57 58 60 62 62 61 59 58 58 60 62 62 61 60 59 57 55 54
    54 55 57 60 63 64 65 65 64 63 63 63 63 64 64 63 63 62 62 62 60 59 57
    57 57 57 57 56 56 55 56 57 58 58 58 58 58 59 61 64 65 66 66 65 63 60
    58 57 56 56 56 56 58 60 62 63 63 62 63 64 65 65 64 63 61 59 57 57 59
    64 70 75 78 78 75 70 66 63 61 62 62 63 63 63 62 59 58 57 60 61 61 62
    62 63 63 62 61 60 60 60 61 62 63 64 65 64 63 62 61 61 61 62 63 63 62
    61 61 62 64 65 66 66 66 66 65 64 63 64 67 69 70 69 67 65 64 64 64 65
    66 68 70 72 73 73 72 71 69 67 64 63 61 60 58 58 58 59 62 64 65 65 65
    65 66 66 65 63 61 60 58 56 55 55 57 59 61 63 63 63 62 61 59 57 55 56
    57 59 61 64 66 67 66 64 62 61 61 61 63 65 68 69 68 66 64 61 57 53 50
    51 55 59 63 66 67 68 68 68 69 69 69 66 64 64 66 70 74 75 73 69 64 59
    56 56 59 61 62 61 59 58 58 58 60 62 64 63 62 61 61 62 63 64 64 63 62
    61 59 58 57 56 57 58 60 62 62 63 62 62 61 61 62 63 64 64 63 62 61 60
    58 56 56 56 58 59 59 58 57 56 55 56 56 57 57 57 58 59 61 64 66 67 67
    66 63 60 58 57 57 56 56 57 59 62 63 63 63 62 62 63 64 64 64 63 61 58
    56 56 58 63 70 75 78 78 75 70 64 61 60 61 63 65 67 68 67 65 64 64 58
    59 60 61 63 64 65 65 64 62 62 62 62 63 63 64 64 64 62 61 60 60 60 60
    60 60 60 60 61 63 64 64 63 63 64 64 64 63 63 64 66 69 70 70 69 67 65
    64 63 62 62 64 66 69 71 72 71 69 68 66 64 63 62 61 59 58 58 59 61 64
    67 67 67 67 67 66 64 63 62 61 60 58 56 56 57 59 61 63 63 63 62 60 57
    54 54 56 59 63 66 68 69 68 65 62 60 58 58 59 61 64 67 68 67 65 63 61
    58 54 52 53 57 62 66 68 70 70 69 69 70 70 69 67 66 65 67 69 72 73 72
    68 63 57 54 54 57 60 62 62 61 60 60 59 61 62 64 65 64 64 64 64 66 66
    66 65 65 63 61 60 58 56 56 57 59 60 61 62 62 61 60 60 61 62 63 64 64
    64 62 60 58 56 55 56 58 61 62 61 60 58 57 56 56 57 57 57 59 61 63 65
    66 67 68 67 64 62 60 58 59 59 59 60 62 64 64 64 62 61 61 61 62 63 63
    63 62 60 58 58 60 63 69 74 77 77 74 69 63 60 59 61 64 68 70 71 70 68
    68 67 57 58 59 61 62 65 66 67 66 65 65 65 64 64 65 65 64 64 62 61 60
    60 60 59 59 58 59 60 62 63 63 63 61 61 62 62 63 64 64 65 66 69 70 70
    69 67 66 64 62 61 60 61 63 66 69 69 68 67 66 65 64 64 63 62 61 59 58
    60 63 66 69 70 70 70 69 67 65 63 63 62 62 60 58 57 58 59 61 62 63 63
    62 59 56 54 54 58 63 67 70 71 71 68 65 61 58 57 57 58 59 62 64 65 64
    63 61 60 58 56 55 57 61 64 67 69 70 70 69 69 68 68 67 67 66 66 67 68
    70 70 69 66 61 56 53 53 56 60 64 65 65 64 63 62 61 62 64 65 66 66 66
    67 67 67 67 66 65 64 62 59 56 54 53 55 58 61 62 63 63 62 61 60 60 61
    63 64 65 65 64 62 59 57 56 57 59 63 65 65 64 62 61 59 57 57 57 58 60
    63 65 65 66 67 68 67 66 64 62 61 61 63 63 64 65 66 66 64 62 60 60 60
    61 63 64 65 65 64 63 62 63 65 68 72 75 75 72 67 63 60 60 62 65 69 71
    71 70 69 68 68 56 56 58 59 61 64 66 68 69 69 68 68 67 67 66 66 66 65
    63 62 61 61 61 60 59 59 60 61 63 63 62 61 60 59 60 61 63 65 66 67 68
    69 70 70 68 66 65 64 62 60 59 60 61 64 66 67 66 65 65 64 64 64 64 64
    63 61 61 63 65 69 72 73 73 72 70 68 66 64 64 64 63 62 59 59 60 61 61
    62 63 63 62 59 56 55 56 60 65 69 72 72 71 68 64 61 59 58 58 58 59 60
    62 62 62 60 59 59 58 58 58 61 63 66 68 69 69 68 67 66 66 65 65 66 66
    66 66 66 66 66 66 64 60 57 54 55 58 62 67 69 70 69 67 65 63 63 63 65
    66 67 67 68 67 67 66 65 64 63 61 58 54 51 51 53 58 62 65 66 65 65 63
    61 59 59 61 63 64 65 65 63 61 59 57 58 61 65 68 69 68 66 64 61 59 57
    57 58 61 63 65 65 65 65 66 66 66 64 63 63 64 66 67 69 69 69 67 64 62
    60 60 60 62 63 65 66 67 68 68 67 66 66 67 70 72 72 69 65 63 61 62 64
    66 68 70 70 68 66 66 66 55 55 57 59 61 63 66 68 70 71 71 70 69 68 68
    67 67 66 64 63 62 61 61 60 59 60 62 63 64 63 62 61 59 59 59 61 63 66
    68 69 70 70 70 69 67 65 65 64 62 60 59 59 60 62 64 65 64 63 63 64 64
    65 65 65 65 64 65 66 68 71 73 75 75 74 71 69 67 66 66 66 65 63 61 60
    61 62 62 62 62 63 62 60 58 57 58 61 65 68 70 70 69 67 64 61 60 60 60
    59 59 60 60 61 61 60 59 58 59 59 61 62 64 66 67 67 67 66 65 64 63 63
    63 65 66 66 66 64 63 62 62 61 60 58 57 58 61 64 69 73 74 74 71 68 65
    64 64 65 66 67 67 67 67 65 64 63 62 61 59 56 52 49 49 52 58 64 66 67
    67 65 63 60 58 58 59 61 64 65 66 65 63 61 59 60 62 66 69 70 69 68 65
    62 59 57 56 58 60 63 64 64 64 64 64 65 65 64 63 63 65 68 70 72 72 71
    69 65 63 61 61 62 63 64 66 67 69 70 71 70 69 68 67 68 69 68 66 63 62
    62 63 65 66 67 68 67 66 64 63 63 55 55 57 59 61 63 65 67 69 71 71 71
    69 68 68 68 67 67 65 63 61 60 60 60 60 62 64 65 65 64 62 61 60 59 60
    62 65 68 70 71 72 72 71 70 68 66 65 65 63 61 59 59 60 61 63 63 63 62
    62 62 63 64 65 66 66 66 67 67 69 71 73 74 74 73 71 70 69 68 68 67 66
    64 62 62 63 63 62 62 62 62 61 60 59 58 59 61 63 66 67 67 66 65 64 63
    63 63 63 61 60 59 60 60 60 59 58 58 59 60 61 62 62 63 64 65 65 64 63
    62 61 60 61 63 65 66 65 63 61 60 60 60 59 59 60 61 63 66 70 74 76 76
    74 70 67 65 65 65 66 67 67 66 66 64 63 62 61 60 58 55 51 48 49 53 60
    65 67 67 66 65 63 60 58 57 58 61 63 66 67 66 65 63 62 62 64 67 69 69
    68 66 64 61 58 56 55 57 59 62 64 64 63 63 63 63 63 63 62 63 65 68 71
    73 73 73 70 67 65 64 64 65 65 65 66 67 69 71 72 72 70 68 67 66 66 65
    63 62 62 63 64 65 66 66 65 65 64 63 63 63 55 56 58 59 61 63 65 66 68
    70 71 71 69 68 67 67 67 66 65 62 60 59 58 59 61 63 66 67 66 65 63 62
    62 62 62 64 66 69 71 73 74 74 73 71 70 68 68 67 65 63 61 60 60 61 62
    62 62 61 61 61 62 63 64 65 66 67 67 67 68 69 70 71 71 71 71 71 71 70
    70 68 66 64 62 62 64 65 64 63 62 61 61 60 59 59 59 60 61 63 64 65 65
    64 64 65 66 66 66 64 61 60 60 60 60 59 59 59 60 60 60 59 59 59 60 62
    63 63 61 60 58 58 60 63 65 66 66 64 62 60 59 59 59 60 61 62 63 65 68
    72 74 75 73 71 68 66 66 66 66 66 66 65 65 64 63 62 61 60 59 56 52 50
    51 55 61 66 67 66 64 63 62 61 60 59 60 62 65 66 67 67 67 66 65 64 65
    67 67 67 66 64 62 59 56 54 55 57 59 61 63 63 63 63 63 62 62 62 62 63
    65 68 70 72 73 73 72 70 68 67 67 67 67 66 65 66 68 70 71 72 71 68 66
    64 63 63 62 61 62 63 64 65 64 64 63 63 64 63 64 64 57 58 59 60 62 63
    65 65 66 68 69 69 68 67 66 66 65 65 64 62 59 58 57 58 60 64 66 67 67
    66 65 64 64 64 64 65 67 68 70 72 74 75 74 73 72 71 71 71 69 66 63 61
    61 61 61 61 60 59 59 60 62 62 63 64 65 66 66 66 66 67 67 68 68 68 69
    70 71 71 70 67 65 62 61 62 64 67 67 66 64 62 61 60 59 59 59 60 61 63
    64 64 64 64 64 65 67 67 67 65 63 61 61 60 60 59 59 60 61 60 58 56 55
    56 58 61 63 62 61 59 57 57 59 62 65 66 67 66 63 61 59 58 58 60 61 62
    63 64 66 68 70 71 71 69 68 67 66 66 66 66 66 65 65 65 64 64 62 61 60
    58 55 53 54 58 63 66 66 65 63 63 63 63 62 62 63 65 66 67 67 68 68 68
    67 67 67 66 65 64 63 61 59 57 55 54 55 58 61 62 63 63 63 63 62 62 61
    61 62 63 65 67 68 70 72 73 74 72 71 70 69 69 68 66 65 65 67 69 70 70
    70 68 65 64 63 62 62 62 62 63 64 63 62 62 61 63 64 65 66 67 58 59 60
    61 63 64 65 65 65 66 67 67 67 66 66 66 65 65 64 62 60 58 57 58 60 63
    66 68 68 68 67 66 65 65 64 64 64 65 67 69 72 73 74 73 72 72 74 74 73
    69 66 63 62 61 61 60 59 58 59 60 62 62 63 63 65 66 66 66 65 65 65 65
    65 65 66 69 70 70 69 66 64 62 61 62 66 69 70 69 66 64 61 60 60 60 61
    61 63 64 65 65 64 63 63 65 66 66 66 65 64 63 62 61 61 61 61 62 62 61
    58 55 54 55 58 61 63 63 61 58 56 56 58 61 65 67 68 67 65 62 60 58 58
    60 61 62 62 62 63 66 67 68 68 67 67 67 67 67 67 67 67 67 66 66 66 65
    64 62 61 59 57 55 57 60 64 66 66 64 63 63 64 65 65 66 66 67 67 67 67
    67 69 70 70 69 68 66 64 62 61 59 57 56 54 54 56 59 62 63 63 63 63 62
    62 61 60 60 61 63 64 65 66 68 70 73 74 74 72 70 69 68 67 66 65 65 65
    67 68 68 68 67 65 64 63 62 62 63 63 64 63 62 61 60 60 63 65 67 69 70
    58 58 60 61 62 64 64 64 63 63 64 64 65 66 66 67 67 66 65 63 62 60 58
    58 59 62 65 68 69 69 68 67 65 64 62 61 61 61 62 64 68 70 72 71 71 72
    74 76 76 73 69 66 63 62 60 59 58 58 59 61 62 63 63 64 65 67 67 65 64
    64 64 63 62 62 63 66 68 69 67 65 63 62 62 64 68 71 72 71 68 65 62 60
    61 62 62 64 65 66 66 66 64 63 63 64 65 65 65 65 64 64 63 63 63 63 63
    64 64 62 59 55 54 55 58 61 64 64 62 58 56 56 58 61 64 67 68 67 65 63
    61 59 59 61 62 63 62 62 63 65 66 66 66 65 64 65 66 68 68 68 68 67 67
    67 66 65 64 63 62 61 59 57 58 62 65 66 66 64 64 64 66 67 68 68 68 68
    68 67 66 66 68 70 71 70 68 66 63 61 60 59 57 56 55 56 58 60 63 64 63
    63 62 62 61 60 59 60 61 63 64 64 65 66 68 72 74 74 72 69 67 66 65 64
    64 64 64 64 65 66 66 66 66 65 64 63 63 63 63 63 62 61 59 59 60 63 67
    70 72 73 57 57 59 60 61 62 62 61 60 60 60 62 63 66 67 69 69 68 67 65
    64 63 61 59 59 61 64 67 69 69 69 67 65 62 60 59 58 57 58 60 64 67 69
    69 69 71 74 77 78 75 72 68 64 62 60 58 58 58 59 61 63 63 63 64 66 67
    67 66 63 62 62 61 60 59 60 62 65 66 66 65 64 63 64 67 70 72 72 71 68
    65 63 62 62 63 64 66 66 67 66 65 64 64 64 64 64 64 65 65 66 66 66 66
    66 65 65 65 63 62 59 56 55 55 58 61 64 65 63 60 58 57 58 61 64 66 67
    66 65 64 62 61 61 62 64 64 63 62 63 65 67 67 65 64 63 63 65 67 68 68
    68 67 66 66 65 65 64 63 62 62 60 59 60 63 66 67 66 65 64 65 67 69 69
    69 69 68 67 66 65 65 66 69 70 70 68 66 63 61 61 60 60 59 59 58 59 61
    63 64 64 64 63 62 60 59 59 60 62 63 64 64 63 64 66 70 73 73 71 67 65
    64 64 63 62 62 62 62 63 64 65 67 68 68 67 65 63 63 62 61 60 59 58 59
    60 64 68 71 74 74 56 57 58 58 59 59 58 57 56 56 57 59 62 66 68 70 70
    69 68 67 66 65 63 61 60 60 62 64 67 68 67 66 64 62 59 58 57 57 56 57
    60 63 65 66 66 69 72 76 77 75 72 67 64 61 59 58 57 57 58 60 62 63 63
    64 66 68 68 66 63 61 61 60 59 57 57 59 62 64 65 65 64 65 67 69 71 72
    71 69 67 65 63 63 64 65 66 66 66 66 64 63 63 63 63 64 64 64 65 67 68
    69 69 69 69 68 67 65 63 62 60 58 56 56 57 60 63 64 64 62 60 59 60 61
    63 65 65 65 64 64 63 62 63 64 65 65 64 63 64 65 67 66 64 62 61 61 63
    66 67 67 67 66 65 65 64 64 63 63 62 62 62 61 62 64 67 68 67 66 65 66
    67 68 69 69 68 66 65 65 64 64 65 67 68 68 67 65 63 61 61 62 62 63 63
    62 62 62 64 66 66 65 63 62 60 58 59 60 62 64 64 63 62 62 64 68 71 72
    70 67 65 64 63 62 62 61 61 62 62 63 65 68 70 70 68 66 63 61 59 58 57
    56 57 58 60 64 68 72 74 75 55 56 57 57 57 56 55 53 52 52 54 57 61 65
    68 70 70 69 68 67 67 66 65 62 60 58 59 61 64 65 65 64 63 62 61 60 60
    59 58 57 58 60 62 63 65 67 71 74 75 73 69 65 61 58 57 56 55 56 57 59
    61 62 63 64 66 68 68 66 63 61 60 60 58 57 56 57 60 62 64 64 65 66 67
    69 70 70 68 66 64 63 63 63 64 65 66 66 65 64 62 61 60 60 61 61 61 62
    64 67 70 71 72 72 71 70 68 66 64 63 62 60 58 56 56 58 61 63 64 64 62
    61 61 62 63 63 63 63 63 63 63 63 63 65 66 66 64 63 62 63 64 64 63 61
    60 61 63 65 66 66 66 65 64 63 63 63 62 62 63 63 63 62 63 66 68 69 68
    67 65 65 66 67 67 67 66 65 64 64 63 63 63 64 65 66 65 63 61 60 61 62
    64 65 66 65 64 64 66 68 69 67 64 62 59 58 59 60 62 64 64 63 62 62 64
    67 70 71 70 68 66 65 64 63 63 63 63 63 64 65 67 69 71 71 69 66 62 60
    58 56 56 55 56 58 60 63 67 71 74 74 55 55 56 57 56 55 53 50 49 49 51
    55 60 64 67 68 69 68 67 67 68 68 67 64 60 57 56 58 61 63 64 64 63 63
    63 64 65 64 62 59 59 60 61 63 65 67 69 70 71 68 65 60 57 55 55 54 54
    55 56 58 61 62 62 64 66 68 69 67 64 63 62 61 59 58 57 58 60 62 64 64
    64 65 67 69 69 68 66 64 62 62 62 62 63 64 64 65 64 63 61 59 57 57 57
    58 58 60 62 66 69 71 72 73 72 70 68 66 66 66 66 64 61 59 57 57 59 62
    64 65 64 63 63 62 62 62 62 61 62 63 64 64 64 64 66 66 64 62 60 59 60
    60 60 61 61 62 63 65 65 65 65 64 64 63 63 62 62 62 64 64 64 63 64 66
    68 69 69 67 65 65 65 65 65 65 64 64 64 64 63 62 62 62 62 63 63 61 60
    58 59 61 64 66 67 67 67 67 69 71 71 69 65 62 59 58 58 60 62 63 63 63
    62 63 64 67 69 70 69 68 67 66 65 64 64 65 66 67 67 67 68 70 71 70 68
    66 62 60 58 56 56 56 57 58 60 63 66 70 73 74 55 56 57 58 58 56 54 51
    49 48 50 54 58 62 65 67 67 67 66 66 67 68 68 66 61 57 54 56 58 61 62
    63 63 64 66 68 69 69 66 63 62 62 63 65 66 66 67 67 67 64 60 56 53 53
    53 54 53 54 56 59 61 63 64 66 68 69 70 69 67 65 64 63 62 60 60 61 62
    63 64 64 64 64 66 68 68 67 65 63 61 61 61 60 60 60 61 62 63 62 61 58
    56 54 54 54 55 57 60 64 67 70 71 72 71 68 65 65 66 68 70 69 66 62 59
    58 59 62 64 65 65 64 64 63 61 61 61 61 62 63 63 63 62 63 64 64 63 61
    58 57 56 57 59 61 62 64 64 65 65 64 64 64 64 64 63 62 62 63 65 66 65
    64 63 65 67 68 68 67 65 65 65 64 64 64 64 64 64 64 63 62 60 60 59 60
    60 59 58 57 57 59 62 65 67 68 68 69 71 72 72 70 66 62 59 58 58 59 60
    61 61 62 62 63 64 66 68 68 68 67 66 66 65 65 66 68 69 70 70 69 69 69
    70 69 67 65 63 61 60 59 59 59 59 59 59 61 64 68 71 72 56 57 58 59 60
    59 57 54 51 51 52 55 58 61 64 66 67 66 66 66 67 68 68 66 62 57 55 55
    57 59 61 62 63 64 66 69 71 71 69 66 65 66 67 68 68 67 66 65 64 61 57
    53 51 52 53 53 53 54 56 60 63 65 67 68 70 71 70 69 68 67 66 66 64 63
    64 64 65 65 65 64 63 64 65 67 67 66 64 62 61 60 59 58 57 57 57 59 61
    63 61 58 55 52 51 51 52 54 58 61 64 67 69 70 69 66 63 62 65 69 72 73
    70 66 62 60 60 62 64 65 65 65 64 62 61 60 61 61 62 63 63 62 60 60 61
    62 62 60 58 55 54 56 59 62 65 66 66 66 64 64 64 64 65 64 63 62 62 64
    65 66 65 64 63 63 64 66 67 66 66 66 65 64 63 63 63 64 65 64 63 62 60
    58 58 58 58 58 57 56 56 58 61 64 66 67 68 69 71 71 71 69 66 63 61 59
    59 59 59 59 59 60 61 63 64 65 66 66 66 65 64 64 64 64 66 68 71 72 72
    71 70 70 69 68 67 65 64 63 63 63 63 62 61 60 59 60 62 66 69 70 57 58
    59 61 62 62 60 58 55 54 55 58 60 63 65 66 67 66 65 65 66 67 68 67 63
    59 56 56 57 59 61 61 61 62 64 68 70 71 69 68 67 69 70 71 70 69 67 64
    62 59 56 53 51 52 53 54 53 53 56 60 64 67 68 69 70 70 69 68 67 67 67
    67 67 66 67 67 68 67 66 64 63 62 63 64 65 65 63 61 60 59 58 56 55 54
    55 57 60 63 63 60 55 51 49 48 50 52 56 59 62 65 67 68 67 64 60 59 63
    68 72 74 73 70 66 63 63 64 65 66 66 65 64 61 59 59 59 61 62 63 62 60
    59 59 60 61 62 61 58 56 55 56 60 64 68 69 68 66 65 63 63 64 65 65 64
    63 62 64 65 66 65 64 62 62 63 65 66 66 66 66 65 64 63 62 63 64 65 65
    64 62 60 58 57 57 58 58 58 57 57 59 61 63 64 65 66 67 68 68 68 67 66
    65 63 61 61 60 60 58 58 58 60 62 64 65 65 64 63 62 62 62 61 62 64 67
    70 72 73 73 72 71 69 68 67 66 66 66 66 67 67 66 64 61 59 59 61 64 66
    67 57 58 60 62 63 63 62 60 59 59 60 62 64 66 67 67 66 65 64 64 65 67
    68 67 65 62 59 59 60 61 61 60 59 59 61 64 67 69 69 68 69 71 72 73 71
    70 67 64 61 58 56 53 52 53 55 55 54 53 55 59 64 67 69 69 68 68 66 65
    64 65 67 68 68 69 69 69 69 68 67 65 62 61 61 62 62 62 61 60 58 57 56
    54 53 52 53 56 61 64 64 61 57 52 49 48 49 51 54 57 60 63 66 67 66 63
    59 58 61 66 71 73 73 71 67 65 64 66 67 67 67 66 64 61 58 57 58 60 62
    63 62 60 59 59 60 62 63 63 61 58 56 57 61 65 68 69 69 67 65 63 63 65
    66 66 65 64 63 64 65 65 64 63 63 62 63 64 66 66 66 66 65 63 61 61 62
    64 65 65 64 63 61 60 59 59 59 60 60 59 59 61 62 63 63 63 63 63 63 63
    64 65 66 66 65 64 63 62 61 60 58 58 60 62 64 64 64 64 63 61 60 59 59
    60 62 65 68 70 71 72 72 71 70 69 68 67 67 67 69 70 70 69 66 64 61 60
    60 61 63 64 58 59 60 62 63 64 63 63 63 63 64 66 68 69 69 67 66 64 63
    63 65 67 68 68 66 65 63 63 63 63 62 59 57 56 58 61 64 66 67 68 69 71
    72 73 72 70 68 64 61 58 56 54 54 55 57 57 55 53 55 59 64 68 69 68 67
    65 63 62 62 63 66 68 70 71 72 71 70 68 67 64 62 60 59 60 60 60 59 58
    56 55 54 53 52 52 53 57 61 65 66 63 59 54 51 50 50 51 53 55 58 62 64
    66 66 64 61 60 62 65 70 72 72 70 66 64 64 66 68 69 69 68 65 62 58 57
    58 60 62 63 62 61 60 61 62 64 65 65 63 60 58 58 60 63 66 67 67 65 64
    63 63 64 66 66 66 64 63 63 63 63 63 64 64 64 64 65 66 67 67 66 65 63
    61 60 61 63 64 65 64 64 63 63 62 62 62 62 62 62 62 63 63 63 61 60 59
    58 57 57 59 63 65 67 66 65 65 65 64 62 60 60 61 63 64 65 65 65 63 61
    59 59 59 60 61 63 64 66 67 69 71 71 70 69 68 67 68 69 70 72 72 71 70
    68 65 62 60 59 60 60 60 61 62 63 64 65 65 65 66 66 68 70 71 71 69 67
    64 63 63 63 66 68 69 69 68 68 67 67 67 65 62 59 56 55 56 59 62 65 66
    67 68 69 71 71 71 70 68 65 61 58 56 55 55 57 59 58 57 56 57 61 66 70
    70 69 67 65 62 60 60 62 65 69 71 73 73 72 71 69 67 64 62 59 59 58 58
    58 57 55 54 53 52 52 52 53 55 58 62 65 66 64 60 57 55 54 53 53 54 56
    58 61 64 66 67 66 64 63 64 66 69 70 70 67 64 62 63 65 68 71 71 70 67
    63 59 58 58 59 61 63 63 62 62 63 64 66 68 69 67 63 59 58 58 60 62 64
    64 63 62 62 61 62 63 64 64 62 61 60 60 61 63 65 67 67 67 67 67 68 67
    67 66 64 62 61 61 62 63 64 65 65 65 65 66 65 65 65 64 63 63 63 63 62
    60 58 56 54 52 52 55 60 64 67 67 67 67 66 65 63 61 61 62 63 65 66 66
    66 65 62 60 60 60 61 62 62 62 62 63 66 69 70 70 69 68 68 68 69 71 72
    73 74 73 72 69 65 60 58 56 56 64 65 65 66 66 67 67 68 69 70 71 72 72
    71 68 66 63 62 62 64 66 68 69 69 69 69 70 71 70 67 63 59 56 55 56 59
    62 64 65 66 67 67 68 69 70 69 67 64 60 57 56 56 57 59 60 61 60 59 61
    65 70 73 73 72 69 67 64 62 61 63 65 69 71 74 74 74 72 70 68 65 62 60
    59 59 58 57 55 53 51 51 51 52 54 55 56 59 62 64 64 63 61 60 59 59 58
    58 58 58 60 62 64 66 68 67 66 65 65 66 68 68 68 65 62 60 61 64 68 72
    74 73 70 66 61 59 58 59 61 62 63 63 64 65 66 68 70 71 69 65 61 58 58
    59 61 62 63 62 61 60 59 59 59 60 60 59 57 56 57 59 62 66 69 69 69 68
    69 69 69 69 68 66 64 62 62 63 64 66 66 66 67 67 67 67 66 65 64 63 62
    63 63 62 60 57 55 52 50 50 53 59 64 67 69 69 69 68 66 64 61 61 62 63
    65 66 66 66 66 64 62 62 64 65 65 63 61 59 60 63 66 68 69 69 68 68 69
    70 71 72 73 74 75 74 71 66 60 55 53 52 70 70 70 69 69 69 69 71 73 74
    75 74 72 70 67 65 63 63 64 65 66 68 68 68 68 70 71 72 71 68 64 61 58
    57 58 60 62 64 65 66 65 65 65 66 67 67 66 63 59 57 56 56 58 60 61 62
    62 62 65 69 74 77 77 75 74 72 69 66 64 64 65 67 70 72 74 74 73 71 68
    65 62 61 60 60 59 57 54 51 50 50 51 53 55 57 58 59 61 62 61 61 61 62
    64 65 64 63 63 63 63 64 64 66 67 68 67 66 66 66 66 66 65 63 60 59 60
    63 68 73 76 75 72 68 63 60 59 60 61 63 63 64 64 65 66 68 70 72 71 67
    63 60 60 60 62 63 63 62 61 59 56 55 55 56 56 55 54 53 54 57 62 66 69
    70 69 69 69 69 70 70 69 68 66 65 65 66 67 68 68 68 67 67 67 67 66 65
    63 61 61 62 62 62 60 58 55 52 50 51 54 59 65 69 71 72 71 70 67 64 61
    60 60 62 63 65 66 67 67 66 65 65 67 68 68 66 62 59 58 60 64 67 68 69
    69 69 70 70 70 70 70 71 73 73 71 65 59 52 49 48 75 75 73 72 70 70 71
    73 76 78 78 76 72 69 66 64 64 65 66 67 68 68 68 68 68 69 70 71 70 68
    65 62 60 59 60 62 64 66 66 66 65 64 63 63 64 64 63 61 59 57 57 58 59
    60 61 61 62 64 67 71 75 78 78 78 77 76 74 71 68 66 65 65 67 70 72 74
    73 71 68 64 62 61 61 62 61 58 54 51 49 50 52 54 56 57 58 59 59 59 58
    59 61 64 67 68 69 68 68 67 66 65 65 65 66 67 67 66 65 64 64 63 63 61
    59 58 59 62 68 73 76 76 74 69 64 61 60 62 63 64 64 64 64 65 65 67 69
    71 71 69 66 64 64 64 65 66 66 64 62 59 55 53 52 52 53 53 52 52 53 56
    61 65 68 69 68 68 68 69 69 69 69 68 68 68 68 69 70 71 71 69 67 66 66
    66 65 63 61 60 60 61 62 63 62 60 57 54 53 54 57 62 66 70 73 75 74 72
    68 64 60 59 59 60 62 64 65 66 67 67 66 67 68 70 70 67 62 58 57 58 61
    65 67 69 69 70 71 70 69 68 67 66 68 68 67 62 56 50 46 45 78 78 76 74
    72 72 73 76 79 80 79 76 71 67 64 63 64 66 68 69 70 70 69 68 68 69 69
    69 69 67 65 63 63 62 62 64 66 68 68 67 66 64 62 61 61 61 60 59 59 59
    60 60 60 60 60 60 62 64 67 71 74 76 78 78 79 79 78 75 72 68 65 64 64
    67 70 72 72 70 66 63 61 60 62 63 62 59 55 52 50 50 51 54 56 57 58 58
    58 57 56 57 59 63 67 70 71 72 72 71 69 66 65 64 65 65 66 65 63 62 62
    62 62 60 58 58 59 62 68 73 76 76 74 70 66 63 63 64 65 65 65 64 63 63
    63 64 66 68 70 69 69 68 69 70 70 70 68 67 64 60 57 54 52 52 52 53 53
    54 55 57 60 64 66 67 66 66 67 67 67 67 67 68 69 69 70 71 72 72 72 69
    66 64 64 64 63 61 59 58 58 60 63 64 64 62 59 57 55 57 60 64 67 71 74
    75 75 73 70 65 61 58 58 59 61 63 65 66 67 67 67 67 68 69 69 67 62 58
    57 57 60 63 66 68 70 71 71 70 68 65 62 61 62 62 61 57 52 48 45 45 78
    78 76 74 73 72 74 77 80 81 80 76 70 65 62 62 64 67 70 72 73 72 71 70
    69 69 69 68 67 66 65 64 64 64 64 66 68 70 71 69 67 65 63 61 60 59 58
    58 60 62 63 63 62 60 59 59 61 64 67 70 72 74 76 78 79 80 80 78 74 70
    65 63 63 65 68 70 70 68 64 61 59 60 62 64 64 62 58 55 52 52 53 54 55
    56 58 58 58 57 55 56 58 62 66 70 72 73 74 73 71 67 65 63 63 64 64 63
    62 61 61 62 62 61 59 59 60 63 67 72 74 74 72 69 66 65 65 66 68 67 66
    65 63 62 61 61 62 65 67 69 70 71 73 74 74 73 71 69 67 63 60 57 55 54
    54 55 56 56 57 57 59 62 64 65 65 65 65 66 65 65 65 66 68 69 70 71 72
    72 71 68 65 63 63 63 62 60 57 56 57 59 63 65 66 64 61 59 57 58 61 63
    66 69 72 75 75 74 71 67 63 60 59 61 63 65 66 67 68 67 67 67 67 67 68
    66 63 59 57 57 60 62 65 68 70 72 72 70 66 63 59 57 57 57 57 54 51 48
    47 47 77 76 75 74 73 73 74 78 81 81 80 75 70 64 61 61 64 68 73 75 76
    75 73 72 71 70 69 68 66 65 64 64 64 64 64 66 68 71 72 71 69 66 64 62
    60 58 57 58 60 63 65 65 63 60 59 59 61 64 66 68 70 73 75 78 79 80 80
    78 75 70 66 64 63 65 67 69 68 66 62 59 58 59 62 65 67 65 62 59 57 56
    56 56 55 56 57 58 58 57 55 55 58 61 65 69 72 74 75 74 71 67 64 62 62
    62 62 61 60 60 61 62 62 62 61 60 61 63 67 70 72 72 71 69 67 67 67 69
    70 69 67 65 64 62 61 60 60 62 64 67 70 73 75 76 76 74 72 71 69 67 64
    62 59 58 58 59 59 59 58 58 59 61 63 64 65 65 65 65 64 64 64 65 67 68
    68 69 70 71 70 67 64 63 63 64 63 60 56 54 55 58 63 66 67 65 62 60 58
    58 60 61 63 66 69 72 74 74 72 69 65 62 62 62 64 66 67 68 68 67 66 66
    66 67 67 67 65 62 59 59 60 62 64 67 70 72 72 69 65 61 57 55 55 56 56
    54 52 51 51 51 73 73 72 72 72 72 74 77 79 80 78 75 69 64 61 61 64 69
    74 77 78 76 74 72 71 70 69 67 66 64 63 63 64 64 64 66 68 71 73 72 71
    68 66 63 61 59 57 58 61 64 66 66 64 61 60 61 63 65 67 68 70 73 76 77
    79 79 78 76 73 69 66 64 63 64 66 67 66 64 60 57 57 59 63 66 69 68 66
    64 62 61 60 58 56 55 56 57 58 57 56 56 58 61 64 69 72 75 76 74 70 66
    63 61 60 60 59 58 58 58 59 60 61 61 61 61 62 64 65 67 68 69 68 68 67
    68 68 70 71 70 68 66 64 64 63 61 60 60 62 65 69 73 76 77 76 74 72 71
    70 69 67 65 63 62 62 63 62 61 60 59 60 62 63 65 65 65 65 65 64 63 63
    64 65 65 65 66 68 68 68 66 64 63 65 65 64 60 56 53 54 58 63 68 69 67
    64 61 59 58 58 58 59 62 65 68 70 72 71 69 67 64 63 63 64 65 66 67 67
    66 66 65 66 67 69 70 68 65 62 60 60 61 64 67 70 72 71 69 65 61 58 56
    57 59 59 58 56 55 54 54 71 70 70 70 71 71 73 75 77 77 76 73 68 64 62
    62 65 70 75 78 79 77 75 72 70 69 68 68 66 65 64 64 64 64 64 66 67 70
    72 72 71 70 68 66 64 62 60 61 63 65 66 66 65 64 64 64 66 67 68 69 70
    73 75 77 77 76 74 72 69 66 65 64 64 65 66 66 65 63 60 57 57 59 63 67
    70 70 69 67 65 64 63 61 58 56 56 57 58 58 57 57 59 61 64 68 72 74 75
    72 67 63 61 59 59 58 57 56 56 56 56 57 58 59 60 62 63 63 64 64 64 65
    66 66 67 68 69 70 71 70 68 66 66 65 65 63 61 60 61 63 68 72 76 77 76
    74 72 71 70 69 68 67 65 64 64 64 63 62 60 60 61 63 65 66 66 65 65 64
    63 63 62 62 62 62 63 64 65 66 66 64 63 63 65 66 65 60 55 52 53 57 63
    68 71 69 66 63 60 57 56 56 57 59 61 64 66 68 68 68 66 64 63 62 62 63
    64 65 66 66 66 66 67 70 72 73 72 69 64 61 60 61 64 67 70 71 71 69 66
    63 61 60 62 64 64 63 60 58 57 57 70 70 70 70 70 70 71 72 73 72 72 70
    67 64 62 63 65 69 74 77 78 76 73 71 68 67 67 68 68 67 66 65 65 65 65
    66 67 69 70 71 72 71 71 69 68 66 64 64 65 66 67 67 68 68 68 69 69 69
    69 69 70 72 74 75 74 73 70 68 66 64 64 65 65 65 66 66 65 63 60 58 58
    61 64 68 70 70 69 67 66 65 65 63 60 57 57 58 58 58 58 59 60 61 63 66
    70 72 72 70 65 62 61 61 60 59 57 56 55 54 55 55 55 57 59 61 63 62 61
    60 61 62 64 66 67 68 68 70 70 69 67 66 66 66 66 65 62 61 60 62 66 71
    75 76 75 73 70 69 69 68 69 68 67 66 65 64 62 61 60 61 63 66 68 68 68
    67 65 64 62 61 60 59 59 60 61 63 64 64 63 62 61 63 65 67 65 61 56 52
    52 56 63 69 72 71 68 65 61 58 57 57 57 59 60 61 63 64 65 65 64 63 62
    61 61 61 62 63 64 65 67 68 70 72 75 77 76 72 68 63 61 61 63 66 69 70
    70 69 68 67 66 67 69 70 69 67 63 61 59 58 71 71 70 70 70 69 69 68 68
    67 66 66 64 63 63 63 65 68 71 74 75 73 70 68 66 66 67 69 69 69 68 66
    65 65 66 67 68 70 70 71 72 73 73 73 72 70 68 67 67 68 68 68 70 71 73
    74 73 71 69 68 68 70 72 72 71 69 67 64 64 64 65 66 66 66 66 65 64 62
    60 59 60 62 66 68 69 69 67 65 64 64 65 64 62 60 60 60 60 60 60 61 61
    61 61 63 66 69 69 67 64 63 64 64 64 62 60 58 56 55 55 55 55 56 58 60
    62 61 59 58 59 61 64 66 67 68 68 68 68 68 67 66 65 65 65 64 62 60 60
    62 66 70 74 75 74 71 68 67 67 67 69 69 68 66 64 62 60 59 59 61 64 68
    70 71 71 69 67 64 62 60 57 56 56 57 59 62 64 63 62 60 60 62 65 67 66
    62 57 54 53 57 63 68 72 72 69 66 63 60 59 59 59 60 61 61 61 61 62 62
    62 62 62 61 61 61 61 62 64 66 68 69 71 73 76 78 77 75 70 66 63 62 63
    65 67 68 68 69 70 71 71 73 74 74 72 68 64 61 59 58 72 72 71 71 70 69
    67 65 63 62 62 62 63 63 63 63 64 66 68 70 70 68 66 65 64 65 67 70 72
    72 71 68 65 65 65 67 69 70 71 71 72 73 74 74 73 72 70 69 68 68 68 69
    71 73 76 76 75 72 69 67 66 67 68 68 67 65 64 63 63 65 66 67 66 65 64
    63 62 61 60 61 62 64 66 67 67 66 64 63 62 63 65 66 66 65 65 65 64 64
    63 63 63 61 60 61 63 65 66 65 65 65 68 69 68 66 63 61 58 58 57 56 56
    56 57 59 60 59 58 57 59 61 64 67 68 68 68 68 68 67 66 65 64 64 63 62
    61 60 60 62 66 70 74 74 72 69 66 65 65 66 69 70 70 67 64 61 59 58 59
    61 65 69 73 74 74 72 69 65 62 58 55 54 54 56 59 62 63 62 60 59 59 62
    66 68 68 65 61 57 56 59 63 68 70 70 68 66 63 61 60 61 62 64 64 63 61
    60 60 60 61 61 62 62 62 62 61 62 64 67 69 70 71 73 75 77 77 76 73 69
    65 63 63 64 65 65 66 69 71 73 75 75 76 74 70 66 62 60 59 59 72 71 71
    70 69 67 65 62 60 59 59 61 63 64 65 65 65 65 66 66 66 64 62 62 63 65
    68 72 75 75 73 68 65 63 63 65 68 70 70 70 71 72 73 73 72 70 69 68 68
    68 68 69 71 73 76 77 75 72 69 66 64 64 64 64 63 61 60 61 63 65 67 67
    66 64 62 61 60 59 60 61 63 64 65 65 64 62 61 60 60 62 65 68 69 70 70
    70 70 69 68 67 65 63 60 60 61 62 64 64 65 68 71 72 71 68 65 63 61 60
    60 59 58 57 57 58 58 57 56 57 59 62 65 68 69 69 69 69 69 68 67 66 64
    62 61 60 59 59 60 64 67 71 73 73 70 67 64 63 63 65 68 70 71 68 65 61
    58 57 58 61 65 70 74 76 76 74 70 66 62 57 54 52 53 55 58 61 61 61 59
    59 60 63 67 69 70 68 65 62 60 61 64 67 68 68 66 64 62 61 61 63 66 68
    68 66 64 62 60 60 60 61 62 63 63 64 64 65 67 68 69 70 70 72 73 75 77
    77 75 72 68 66 64 64 63 63 65 68 71 73 74 75 73 70 66 62 58 58 58 58
    71 70 69 68 67 66 63 61 59 58 59 61 63 65 66 66 66 66 65 64 63 60 58
    59 62 65 70 74 77 77 74 69 64 61 60 62 65 67 68 68 69 70 70 69 68 67
    67 67 68 68 68 68 70 71 74 75 74 71 68 65 63 62 61 60 59 57 57 58 61
    64 66 66 65 63 61 59 57 57 59 61 62 63 62 61 60 59 57 57 59 61 65 69
    72 75 76 76 76 75 73 71 68 65 61 59 59 59 61 63 65 69 72 72 70 68 65
    63 61 61 61 61 60 59 57 56 55 55 55 57 60 63 66 68 70 70 71 70 70 69
    68 66 64 62 60 58 58 59 62 66 70 73 74 73 70 67 64 62 61 63 66 69 70
    69 66 62 59 57 57 59 63 69 74 77 76 74 71 67 62 57 54 53 54 56 58 60
    59 58 58 58 61 64 67 69 70 69 67 64 63 63 64 66 66 66 64 63 61 61 62
    65 68 71 72 71 67 64 62 60 60 60 61 63 65 67 68 69 70 70 69 69 68 69
    71 73 75 77 76 74 71 68 66 64 62 62 63 66 69 71 72 71 69 66 61 57 54
    55 56 57 68 68 67 66 66 64 62 60 59 58 59 61 64 66 67 68 68 68 66 64
    61 58 57 58 61 66 71 76 79 78 75 69 64 60 58 59 61 64 65 66 66 66 65
    65 64 64 65 67 68 69 69 68 68 69 71 72 72 69 66 63 61 60 59 57 56 55
    54 56 58 61 63 64 63 62 59 57 55 55 57 59 61 61 60 58 57 56 56 57 59
    61 65 70 74 77 79 80 79 78 76 73 70 66 62 59 57 57 58 61 65 68 70 69
    67 64 63 61 60 61 62 62 62 61 59 57 55 54 55 57 61 64 66 69 70 71 72
    72 72 71 69 67 64 61 59 58 59 61 65 70 74 76 76 74 72 69 66 63 60 60
    63 67 69 69 67 63 60 57 55 57 60 66 72 75 75 73 70 66 62 58 56 55 56
    57 59 59 58 57 56 58 61 64 66 68 69 69 67 66 65 65 65 65 65 64 63 61
    60 61 63 66 70 74 75 74 71 68 65 62 60 60 61 64 67 71 73 74 73 72 69
    67 66 66 67 69 72 75 76 76 73 70 67 65 63 63 64 66 68 69 69 68 66 61
    56 53 51 52 55 56 65 65 65 65 64 63 61 59 58 57 58 60 63 65 67 68 69
    69 67 65 62 59 57 58 62 67 72 77 79 78 75 69 64 60 58 58 59 61 62 63
    63 62 61 61 61 63 65 68 69 69 69 68 67 67 69 70 69 68 65 63 61 59 58
    57 56 55 54 55 56 58 60 61 62 61 58 55 53 53 54 57 59 60 59 58 56 55
    56 57 59 62 66 70 75 78 80 81 80 79 76 73 69 65 60 57 55 54 56 59 62
    65 66 65 62 61 61 61 61 61 62 63 63 62 60 58 57 56 57 59 62 65 67 69
    70 71 72 73 73 72 69 67 64 61 59 59 61 64 69 73 77 79 79 77 75 72 68
    64 60 59 60 63 66 68 67 64 60 55 53 53 57 62 68 72 73 71 69 66 63 60
    58 58 59 59 60 59 57 56 56 58 60 62 64 65 66 67 67 66 66 66 66 66 66
    64 62 61 60 61 63 66 70 74 76 76 74 71 68 64 61 60 62 65 70 74 77 78
    77 74 70 66 64 62 63 65 68 72 75 75 74 72 69 67 65 64 65 67 67 68 67
    66 63 59 55 51 49 51 54 55 63 63 63 63 63 63 60 58 57 56 56 57 60 63
    65 67 69 69 68 66 63 61 60 61 64 68 73 77 78 77 73 69 65 62 60 59 59
    60 61 61 61 60 59 59 60 63 66 68 69 69 69 67 67 67 68 68 67 66 64 62
    61 60 59 59 58 58 57 56 55 56 57 60 61 61 58 55 52 51 53 56 60 62 62
    60 58 57 57 59 61 63 66 70 73 77 79 79 78 76 73 70 66 63 59 56 53 53
    54 57 60 62 63 61 59 59 60 62 62 62 63 63 63 62 61 59 59 59 59 61 63
    65 67 68 70 70 72 73 73 71 69 66 63 61 61 62 65 68 72 75 78 80 80 79
    77 73 70 65 60 58 58 61 64 66 66 63 59 54 51 51 54 59 64 68 69 69 67
    66 64 63 62 62 61 61 60 59 57 56 56 57 59 60 61 62 64 65 65 66 66 67
    67 67 67 65 62 61 60 61 63 66 69 72 74 76 75 73 70 66 62 60 62 66 72
    76 79 79 78 75 71 66 62 59 58 60 63 68 72 74 74 72 70 68 66 66 67 68
    68 68 67 66 64 61 56 52 50 51 53 54 61 61 61 62 62 62 60 58 56 55 54
    55 58 61 63 66 68 68 68 67 65 64 63 64 66 70 73 75 75 74 71 68 66 65
    63 61 60 60 60 61 61 60 59 59 60 63 66 68 69 68 68 68 68 67 68 67 66
    64 62 61 60 60 61 62 63 62 61 59 56 55 56 59 61 61 58 54 51 50 52 57
    61 65 65 64 61 60 60 62 64 65 66 68 71 73 75 75 74 72 70 68 65 62 58
    56 54 53 54 56 58 60 60 59 58 59 62 64 65 65 64 63 61 60 59 59 60 61
    62 63 64 66 68 69 70 71 72 72 72 70 67 64 62 61 61 64 67 70 73 75 78
    80 80 79 77 73 70 65 61 59 58 60 62 64 65 62 58 54 51 50 52 56 60 64
    65 66 66 66 66 65 65 64 63 61 59 58 57 56 57 58 59 60 60 61 62 63 64
    65 66 67 67 67 66 65 63 61 61 62 63 66 68 70 72 74 75 74 72 68 63 61
    63 66 71 75 78 78 77 75 71 66 62 58 56 56 59 63 68 70 71 70 69 67 65
    65 66 68 68 68 68 68 67 64 59 55 52 52 53 54 60 60 60 61 62 62 61 59
    57 56 55 56 58 61 63 65 67 67 66 66 66 67 66 67 68 70 72 73 72 70 69
    67 67 67 65 63 61 60 61 62 62 62 61 61 62 63 65 67 67 68 69 70 70 69
    69 67 64 62 60 59 59 61 63 66 67 67 65 62 57 55 56 59 61 60 58 54 51
    51 53 58 63 67 68 67 64 62 62 64 66 67 66 67 68 69 70 70 69 68 67 66
    64 62 60 58 56 55 55 56 57 59 59 59 60 62 65 68 69 68 65 62 59 57 57
    57 59 61 63 64 65 67 69 71 71 72 72 71 69 67 64 62 60 60 62 65 68 71
    73 75 77 79 79 77 74 71 67 64 61 59 59 60 62 64 64 62 59 55 52 51 53
    55 58 60 62 63 64 66 67 67 68 66 64 61 58 57 57 57 58 60 61 61 60 60
    62 63 63 64 65 65 66 65 64 63 62 61 62 62 64 65 67 68 70 72 75 75 74
    70 65 63 63 65 69 72 74 75 74 73 70 66 62 58 55 55 56 60 63 66 67 66
    65 64 62 62 64 65 67 68 69 70 69 67 62 57 54 53 54 54 59 59 60 61 62
    63 63 62 61 59 59 59 61 63 65 67 67 67 66 66 67 68 69 69 70 70 71 70
    68 67 67 67 68 68 67 64 61 60 61 62 63 63 63 63 63 64 64 65 66 67 69
    71 72 71 69 66 63 60 58 57 58 61 65 68 70 70 68 64 59 56 57 60 61 60
    57 54 52 52 55 59 64 68 70 69 67 64 64 65 67 68 67 66 66 66 66 66 65
    65 65 65 65 64 63 61 59 57 56 56 57 58 59 59 61 64 68 71 72 71 67 63
    58 55 55 56 58 60 62 63 65 67 70 72 73 72 71 70 67 64 61 59 59 60 62
    66 69 70 72 73 75 77 76 74 71 67 64 61 59 58 59 60 62 63 63 62 60 57
    54 53 53 55 57 58 59 61 63 65 67 69 69 67 64 60 57 56 57 58 61 62 63
    62 61 61 62 62 62 62 62 63 63 63 62 61 60 61 61 62 64 65 67 67 69 71
    74 76 75 72 67 64 64 65 67 68 70 71 71 70 69 66 64 60 58 56 56 58 61
    62 63 63 62 60 59 58 60 61 63 65 68 70 70 68 64 59 55 54 54 54 60 60
    60 62 64 65 65 65 65 64 63 64 65 67 68 69 70 69 68 67 68 69 70 70 70
    70 69 67 65 65 66 68 69 69 68 65 62 61 61 63 64 65 65 65 65 65 64 64
    64 66 69 72 73 72 68 64 60 57 55 55 56 59 63 68 70 71 69 65 61 59 59
    61 61 59 56 53 51 52 56 60 65 68 69 69 67 65 64 66 68 69 68 66 65 63
    63 62 62 63 64 65 65 66 66 65 63 60 57 56 56 57 58 60 62 66 70 74 75
    74 70 64 59 55 54 55 56 58 60 62 64 67 70 72 73 73 71 68 64 61 59 58
    58 59 62 65 68 69 70 71 73 73 72 70 67 64 61 59 57 57 58 59 61 62 62
    61 60 57 55 54 54 55 55 56 57 59 62 65 67 69 69 67 63 59 57 57 58 61
    63 65 66 64 63 62 61 61 60 59 59 60 61 61 60 60 60 60 61 63 64 66 67
    67 69 71 73 75 75 72 68 65 64 64 65 66 67 68 68 69 68 66 65 63 61 59
    58 59 59 60 61 61 60 59 57 56 56 58 60 63 66 69 69 67 63 58 55 53 53
    53 61 61 62 64 65 67 67 68 68 68 68 69 70 70 71 72 73 72 71 70 70 70
    70 70 70 70 69 66 65 65 67 69 70 70 69 66 63 62 62 63 64 66 67 68 68
    67 66 64 64 66 69 72 73 71 66 62 57 54 53 52 54 56 60 65 68 69 68 66
    63 61 61 62 60 57 53 50 50 52 56 60 64 66 68 68 67 65 65 67 70 71 70
    67 65 62 61 61 61 62 64 65 67 68 68 68 65 61 57 55 54 55 57 59 63 67
    72 75 77 76 72 66 61 57 55 54 55 55 57 59 62 66 70 73 74 73 71 67 63
    59 58 58 58 60 62 65 67 68 68 69 69 70 68 66 64 62 60 58 57 56 57 59
    60 61 61 60 59 56 54 52 52 53 54 55 56 59 62 65 67 69 69 67 63 60 59
    59 61 63 66 68 68 66 64 62 61 59 57 56 57 59 61 61 61 60 60 60 61 62
    65 67 68 68 69 70 72 74 74 72 69 66 65 65 65 66 66 66 66 66 66 66 66
    65 64 63 61 60 59 60 60 61 61 59 57 55 55 56 58 61 64 66 66 64 60 56
    53 51 51 51 63 63 64 65 66 67 68 68 69 71 72 74 74 73 74 74 75 75 75
    73 71 70 70 70 70 70 69 67 66 66 67 69 70 70 69 67 65 63 63 64 65 66
    68 70 71 70 68 66 65 67 69 72 72 70 65 60 56 53 52 51 52 54 57 61 65
    67 67 66 65 64 63 62 59 55 51 48 48 50 54 58 62 64 65 65 65 65 65 68
    71 72 71 68 65 63 62 62 63 64 66 67 68 69 69 68 65 61 56 53 53 54 56
    59 63 67 72 76 78 77 74 68 63 60 58 57 55 54 55 58 62 66 70 73 74 74
    71 67 63 60 58 59 60 61 62 64 65 66 66 66 66 66 65 64 63 62 61 60 58
    56 57 58 59 60 59 58 57 54 51 50 50 50 51 53 55 59 63 66 67 68 67 66
    63 61 61 61 62 64 66 68 68 67 64 62 59 57 55 55 56 59 62 63 63 62 61
    60 61 63 65 67 68 69 69 70 71 72 71 70 69 68 67 68 68 67 66 66 65 65
    65 65 66 66 66 65 63 61 60 60 61 61 62 61 59 57 56 57 59 61 63 64 63
    61 58 55 52 51 51 50 65 65 65 65 65 66 66 67 69 72 74 76 76 75 75 75
    76 77 77 75 72 70 69 68 69 70 70 69 68 67 68 69 69 69 68 67 66 65 64
    64 64 66 68 71 72 72 70 67 67 67 70 71 71 69 65 60 56 53 52 51 52 53
    56 60 64 66 67 67 66 65 64 63 59 54 49 47 47 49 52 56 59 60 61 62 63
    64 65 68 71 72 71 68 65 63 62 64 65 67 68 68 68 69 68 67 64 59 54 52
    52 55 57 59 62 66 70 74 76 76 73 69 65 63 62 60 58 56 56 58 62 66 70
    73 75 74 72 67 63 60 59 60 61 62 63 64 65 65 64 64 64 64 64 64 64 64
    64 62 60 58 57 58 58 58 58 57 56 53 50 48 48 48 49 52 56 60 65 67 67
    67 66 65 63 62 62 62 63 64 66 66 66 65 62 60 57 55 54 54 56 60 63 65
    65 64 62 61 61 62 65 66 68 68 69 69 68 69 68 68 68 68 69 70 70 69 67
    66 65 64 64 65 66 67 67 67 65 63 61 61 61 61 62 63 61 59 59 59 60 61
    61 61 61 59 57 55 53 52 51 51 66 66 65 65 64 64 65 66 68 71 74 76 76
    75 75 75 77 78 77 75 72 68 66 66 66 68 70 69 69 68 68 68 69 69 68 68
    67 66 65 64 64 65 68 70 72 71 69 67 66 67 69 71 71 69 65 61 57 55 53
    52 53 54 57 61 65 68 69 68 67 66 65 62 58 53 50 48 47 48 50 53 56 58
    59 61 62 64 65 67 69 70 68 66 63 62 62 65 67 70 71 70 69 69 68 66 63
    59 54 53 54 56 58 59 61 64 67 71 73 73 71 68 65 65 65 64 62 60 59 61
    63 67 70 73 74 74 71 67 63 60 60 61 63 64 64 65 64 64 64 63 63 64 65
    66 67 68 67 66 63 60 58 57 58 58 58 57 56 53 50 48 47 47 49 52 57 62
    66 67 67 66 65 63 62 61 61 62 62 63 64 63 62 60 58 56 55 53 53 55 57
    60 63 65 66 65 63 61 61 62 64 65 66 67 68 67 66 65 65 65 66 68 69 71
    71 69 67 65 64 64 64 65 66 67 68 68 67 65 63 62 61 60 61 62 62 61 60
    60 60 60 60 60 60 60 59 58 56 54 54 53 66 66 65 64 64 64 64 65 66 69
    72 74 75 74 74 74 75 76 76 74 70 66 64 63 64 66 67 68 68 67 67 68 69
    69 69 68 67 66 65 65 64 65 67 70 70 69 67 65 65 67 69 70 70 68 64 61
    58 56 55 54 55 57 60 63 67 69 70 70 68 67 65 62 58 54 51 49 48 48 49
    51 53 56 58 61 64 66 67 68 68 67 65 63 60 59 60 63 67 70 72 71 70 69
    68 66 63 59 56 55 56 58 59 59 59 60 63 66 69 68 66 64 63 64 66 67 66
    64 63 64 65 67 69 71 72 71 69 65 62 60 60 62 63 65 65 65 65 65 64 64
    64 65 67 68 70 71 70 68 65 61 59 58 58 59 59 59 58 56 53 51 49 49 50
    54 58 63 65 66 66 65 64 63 61 60 60 61 62 62 62 60 58 56 54 53 52 53
    54 57 59 61 63 65 65 65 64 62 62 62 64 64 65 66 67 65 64 62 61 61 63
    66 68 70 70 68 66 64 62 63 64 65 66 67 69 70 70 68 65 62 60 59 59 61
    61 61 61 60 60 59 59 60 61 62 62 61 59 57 56 56 65 65 64 64 63 63 64
    64 64 66 69 71 72 71 72 72 73 74 74 72 68 64 61 61 61 63 65 65 66 66
    66 68 69 70 69 68 67 65 65 65 65 66 68 69 69 67 65 63 63 64 66 68 67
    66 63 61 59 58 57 57 58 60 63 66 69 70 71 70 69 68 65 62 59 55 52 51
    50 50 50 51 52 55 59 64 68 70 70 70 67 65 62 59 57 56 56 59 64 68 70
    70 70 69 68 66 63 60 58 58 59 61 61 59 57 57 59 61 63 62 61 59 60 63
    66 68 68 66 65 65 65 65 66 67 68 67 65 62 60 59 60 61 63 64 65 66 66
    66 66 66 67 68 69 71 72 72 71 68 65 62 60 58 58 59 60 60 60 59 56 54
    52 52 53 55 59 62 64 65 65 64 63 62 60 59 59 60 61 62 61 58 55 51 50
    50 51 53 56 59 61 62 62 63 64 64 63 62 62 63 64 64 65 66 66 65 62 60
    59 59 61 64 67 69 69 67 64 62 60 61 62 64 65 67 70 72 72 70 66 62 59
    57 58 59 60 61 61 61 60 59 59 60 62 64 65 65 62 60 58 57 62 62 63 63
    62 63 63 63 62 62 64 66 68 69 69 70 71 71 71 68 65 61 59 59 60 62 63
    63 64 64 65 68 70 70 69 67 66 65 65 65 66 67 68 69 69 66 64 62 61 62
    63 63 63 62 61 60 60 60 59 60 61 63 66 68 70 71 71 70 70 68 66 63 59
    56 54 54 53 52 52 52 53 56 61 66 70 73 73 70 66 62 59 56 54 53 53 56
    60 65 67 69 69 68 68 66 64 61 60 60 62 64 64 61 57 55 56 57 58 57 56
    56 58 62 65 66 66 65 64 64 63 63 62 63 63 63 62 60 59 59 59 60 62 63
    64 65 66 67 68 68 69 70 72 73 74 73 72 69 66 64 61 59 58 59 60 61 61
    60 58 56 55 54 55 57 60 62 64 64 65 64 63 62 60 58 58 60 62 63 62 58
    53 50 48 48 50 53 58 61 63 62 62 62 62 63 62 62 62 63 65 65 65 66 66
    64 61 59 58 58 61 64 67 69 68 66 63 60 58 59 61 62 63 66 70 73 73 71
    67 62 58 56 56 58 60 61 61 61 60 60 60 61 63 65 67 66 64 61 58 58 60
    60 61 61 61 61 61 60 59 59 61 63 65 66 68 69 69 69 68 65 62 59 58 59
    60 62 63 63 63 63 65 67 69 69 68 67 65 65 65 65 66 67 68 69 68 66 63
    61 60 59 59 59 59 59 59 59 60 61 61 62 63 65 67 69 70 70 70 69 69 68
    66 63 60 58 57 57 56 56 55 55 56 58 62 67 71 72 72 68 63 59 56 54 52
    50 50 53 57 62 65 66 66 67 66 65 63 61 60 61 64 66 66 63 59 56 55 55
    55 55 54 55 58 61 63 64 63 62 62 61 60 59 58 58 59 60 60 59 59 59 59
    60 61 63 64 65 66 67 68 70 71 72 73 74 74 73 71 69 67 65 63 61 60 60
    61 62 62 61 59 57 56 56 57 58 61 63 64 65 66 65 64 62 59 58 59 61 64
    65 63 59 54 50 48 48 50 54 59 62 63 62 61 60 60 61 61 62 63 64 66 66
    67 67 66 64 61 58 58 59 63 66 69 70 68 66 62 59 57 57 59 60 61 64 69
    72 73 71 67 61 57 55 55 57 59 60 61 62 61 61 61 62 63 65 66 65 63 60
    58 57 58 58 59 60 60 59 58 58 57 57 59 62 64 66 68 68 68 68 66 64 61
    59 58 59 61 62 63 64 64 64 64 66 68 68 68 66 66 66 66 67 67 67 67 68
    66 64 63 60 59 58 57 56 56 56 57 58 59 60 61 62 64 66 68 70 70 69 68
    67 67 67 65 63 61 60 60 60 60 59 58 58 59 61 64 67 69 69 68 65 60 57
    55 54 52 50 50 52 56 60 63 64 64 64 63 62 61 60 60 61 64 67 68 66 61
    58 57 57 56 55 55 56 59 61 61 60 59 59 59 59 57 56 55 55 56 58 59 60
    60 59 59 60 61 63 64 65 65 67 68 69 70 71 71 71 71 71 70 69 68 67 65
    62 61 62 63 63 63 61 59 57 56 56 57 59 61 63 65 67 67 66 63 61 59 58
    60 63 66 67 65 62 57 53 51 51 52 55 59 62 62 62 60 60 59 60 61 62 64
    66 68 68 68 68 66 63 60 58 59 62 66 69 71 71 69 65 62 58 57 56 57 58
    59 62 66 70 72 70 66 60 56 54 55 56 58 60 61 62 63 64 64 63 64 64 64
    64 62 59 57 57 58 58 59 59 58 58 57 56 56 57 60 63 66 68 69 68 68 67
    66 64 62 61 60 60 61 63 64 66 66 65 65 65 66 67 66 66 67 68 69 69 68
    68 67 67 65 63 62 60 59 57 57 56 55 55 56 57 58 59 61 63 65 66 68 70
    70 69 67 66 65 65 64 63 63 63 63 63 63 62 61 61 62 64 65 66 66 66 64
    61 58 57 56 55 54 52 51 53 56 60 62 63 62 61 61 60 59 58 59 60 63 67
    68 67 63 61 60 60 59 58 58 59 60 60 59 57 55 55 56 57 55 54 53 53 55
    57 59 60 60 60 59 60 62 63 64 65 65 66 68 69 68 68 67 67 66 66 67 67
    68 67 66 63 62 62 63 63 63 61 59 57 56 57 58 60 62 65 67 68 68 67 63
    61 59 58 60 64 67 68 67 64 61 58 55 55 55 57 59 61 61 61 60 60 59 60
    61 63 65 67 69 70 69 68 66 63 59 58 60 63 68 71 72 71 68 65 62 59 56
    56 56 56 57 58 62 66 69 68 65 60 56 55 55 57 59 60 62 64 65 66 65 64
    63 63 63 62 61 59 58 58 62 61 61 60 59 57 56 56 57 60 63 66 69 70 69
    68 67 67 66 65 64 63 63 63 63 65 67 68 69 67 66 65 65 65 65 66 68 70
    71 71 70 69 68 67 64 62 61 60 59 58 58 57 57 57 57 57 57 59 61 63 65
    67 69 71 72 70 68 65 64 63 63 63 64 65 66 66 66 65 63 63 63 64 65 65
    64 62 60 58 57 58 59 58 57 54 53 55 57 60 62 63 63 61 60 58 57 57 57
    59 62 65 67 66 64 63 63 63 63 62 62 62 62 61 58 55 53 54 55 56 55 54
    53 54 56 58 60 60 60 59 58 59 61 63 64 65 66 67 69 69 67 65 63 61 60
    61 63 65 66 67 65 63 62 62 62 63 62 60 58 56 56 57 58 60 63 65 68 69
    69 67 63 60 58 58 61 63 66 68 67 66 65 62 60 59 58 58 59 59 59 60 61
    60 60 60 61 63 65 68 69 70 70 68 66 62 59 58 60 64 68 70 70 68 66 64
    62 59 56 55 55 55 55 56 59 63 66 66 64 60 58 57 58 59 60 62 63 65 67
    68 67 65 63 62 62 62 61 60 60 59 66 65 64 62 61 59 58 59 60 63 67 69
    71 71 69 67 65 65 65 65 65 65 66 66 67 68 70 72 72 70 67 65 65 65 65
    66 69 71 72 72 71 71 69 67 64 62 61 60 61 61 61 62 62 61 60 59 59 60
    62 63 65 67 70 73 74 72 69 66 63 61 62 63 64 66 68 69 69 67 65 63 63
    63 64 63 62 60 57 57 57 59 61 61 59 57 56 56 59 62 64 66 65 64 61 58
    57 56 57 59 62 64 65 65 63 63 64 65 65 64 64 63 63 61 57 54 54 55 57
    58 57 56 56 57 58 60 61 61 59 57 57 57 59 61 63 65 67 69 70 69 66 63
    59 57 56 57 60 63 65 66 65 63 61 61 61 62 62 60 58 57 57 59 60 62 64
    66 68 69 69 67 63 60 59 59 61 63 64 66 66 67 67 66 64 61 60 59 58 57
    57 59 60 60 60 60 61 62 64 66 68 69 69 68 65 62 59 59 61 65 67 67 66
    65 64 63 61 58 56 54 54 53 53 54 56 60 64 65 64 61 60 60 60 61 62 63
    64 67 69 69 68 65 63 62 62 62 62 61 60 60 69 68 67 65 64 63 62 63 64
    67 70 72 73 72 69 66 64 63 63 63 64 65 67 69 70 72 73 74 74 71 68 65
    64 64 65 67 70 72 72 72 72 72 71 69 66 63 62 62 63 64 66 67 67 66 64
    63 63 62 63 64 65 67 70 73 75 73 70 66 62 60 61 62 65 67 69 71 70 68
    65 63 62 62 62 62 61 59 56 56 57 60 62 62 60 58 57 57 60 63 67 69 69
    67 64 61 59 58 59 60 62 63 63 62 61 62 64 65 66 65 64 63 62 61 58 56
    56 57 59 60 60 60 61 62 63 64 63 61 58 56 55 56 57 60 63 66 69 71 71
    70 66 62 58 55 55 57 60 64 66 66 64 62 61 61 61 62 62 61 59 58 59 61
    63 64 65 67 68 69 69 67 65 62 60 60 61 61 62 63 64 66 67 67 64 61 59
    57 56 55 56 57 59 60 60 60 60 60 61 63 64 66 67 67 66 63 61 61 63 65
    66 64 63 62 61 61 59 57 56 54 54 53 52 53 55 59 63 65 64 62 61 61 61
    62 63 64 65 67 69 69 68 65 64 63 62 62 62 62 61 61 69 69 68 67 67 66
    66 67 68 70 73 74 74 72 69 65 62 61 60 60 61 64 66 69 72 74 75 76 75
    72 68 65 64 64 66 68 71 72 72 72 72 72 71 69 67 65 64 65 66 68 70 71
    70 69 67 66 66 65 65 64 64 66 69 72 74 73 70 65 62 60 60 62 65 67 69
    70 70 68 65 62 61 61 61 61 60 58 56 56 57 60 61 61 60 58 56 57 59 63
    68 72 73 71 69 65 62 60 60 61 62 62 62 60 59 61 63 65 65 64 62 61 61
    60 59 58 58 60 62 63 63 64 65 67 68 67 65 62 58 55 54 54 56 59 63 67
    69 70 70 69 66 63 59 57 57 59 63 66 68 67 65 62 62 62 62 63 63 62 60
    60 61 63 65 66 67 68 68 68 68 67 66 64 62 62 61 60 59 59 61 64 66 65
    63 59 57 55 54 53 54 56 58 59 60 60 59 58 58 59 60 63 65 68 68 66 65
    65 65 65 63 61 59 58 58 58 58 56 55 55 55 55 54 53 55 59 63 65 65 63
    61 61 61 62 63 64 66 67 69 69 68 66 64 64 64 64 64 63 62 62 68 68 68
    68 68 68 69 70 72 73 75 75 75 73 69 65 61 59 57 57 58 61 64 68 71 74
    76 76 75 71 66 63 63 64 66 69 71 71 71 70 70 70 69 68 66 65 65 66 68
    70 72 72 71 69 68 68 67 66 65 64 63 65 67 70 72 71 68 65 62 60 60 61
    63 66 67 68 67 65 63 61 61 62 62 62 60 58 55 55 56 58 59 59 58 56 56
    56 59 63 68 73 75 74 72 69 65 63 62 61 62 61 60 58 58 59 62 63 63 62
    60 59 59 59 60 59 60 62 63 65 65 67 69 70 71 69 65 61 57 54 53 53 56
    59 64 67 68 68 68 67 65 63 61 60 61 63 67 70 71 69 66 64 64 64 65 65
    65 63 61 61 63 65 67 67 68 68 68 68 68 67 66 65 64 64 62 60 58 58 60
    63 65 64 60 57 54 53 52 53 54 56 57 59 60 60 59 57 56 56 57 60 64 68
    70 70 69 68 66 64 61 58 56 56 56 56 56 55 55 56 57 57 56 55 56 59 63
    65 65 64 62 60 59 60 62 64 66 67 68 68 67 65 65 65 65 65 65 64 63 63
    65 65 66 67 68 70 71 72 73 74 75 75 75 72 69 65 60 57 55 55 56 58 62
    66 70 72 74 75 73 69 64 61 61 63 66 70 71 71 70 68 68 67 67 66 65 64
    64 65 68 69 70 70 68 67 67 67 67 65 63 61 61 62 65 68 70 69 67 65 62
    60 60 60 61 63 63 64 63 61 60 60 62 64 64 63 61 58 56 55 56 57 58 57
    57 56 56 56 58 62 67 72 75 75 74 70 67 63 61 60 59 59 58 56 56 59 61
    63 62 61 58 57 57 58 59 59 59 61 63 64 66 68 70 71 71 68 64 59 56 53
    53 55 58 62 65 67 67 65 64 64 64 64 63 63 64 67 70 74 74 71 68 65 65
    67 68 68 67 65 63 63 65 66 68 68 68 68 68 68 67 66 65 65 65 65 64 61
    59 58 59 62 63 62 58 54 52 51 51 52 54 56 57 59 60 61 60 57 55 55 56
    59 64 68 71 72 72 70 67 64 60 57 55 54 55 54 54 54 55 56 58 59 58 57
    57 59 63 65 66 64 62 59 58 59 61 63 65 67 67 66 65 64 64 65 66 66 66
    65 64 63 60 61 62 65 67 69 71 73 73 74 74 74 73 71 68 64 60 56 54 54
    54 56 60 64 67 70 72 73 71 66 61 59 59 61 66 69 70 70 68 66 65 65 64
    64 63 62 62 64 66 67 67 66 64 64 64 65 64 62 60 58 58 60 63 66 68 68
    66 65 63 62 60 59 59 59 59 59 58 58 58 60 64 66 67 65 63 59 57 56 57
    57 57 56 56 57 57 57 58 61 65 70 73 74 73 70 66 61 57 55 55 55 55 55
    56 58 61 62 62 59 56 55 55 56 57 57 57 59 61 63 66 69 70 71 70 67 63
    59 55 54 54 57 61 64 66 67 65 63 62 62 64 64 65 64 65 68 72 75 75 72
    68 66 66 67 69 69 69 67 66 66 67 67 67 67 66 67 68 67 67 66 65 64 65
    66 66 64 61 59 60 62 62 60 57 53 51 50 51 53 55 56 58 59 60 61 61 59
    57 56 56 59 63 68 72 73 73 72 69 65 61 57 55 54 54 54 54 53 54 56 59
    60 60 59 59 60 62 65 66 65 62 60 58 58 60 63 65 66 65 64 63 62 62 64
    66 66 66 65 63 63 55 56 58 62 64 67 69 71 72 72 72 71 71 69 67 63 59
    56 55 54 55 57 59 63 66 68 70 70 67 63 58 55 56 59 63 67 68 68 66 65
    64 63 63 62 62 61 61 63 64 64 64 62 61 61 62 63 62 60 58 57 57 59 62
    65 67 68 67 67 66 64 61 58 56 55 55 56 56 56 57 60 65 67 68 66 64 61
    59 58 58 57 56 56 57 58 58 58 59 61 64 68 71 72 71 68 63 57 53 50 50
    51 52 53 55 57 59 61 60 58 56 54 54 55 55 55 56 57 60 63 66 69 70 70
    69 66 63 59 56 54 55 58 62 64 66 65 64 62 61 62 64 65 66 66 66 69 72
    75 74 71 67 65 66 67 69 70 70 70 69 68 68 68 67 65 64 65 66 67 66 65
    64 64 65 66 68 67 64 62 62 62 62 60 56 53 51 51 52 54 56 57 58 59 61
    62 63 62 61 59 59 60 64 68 72 74 74 74 71 68 64 61 58 56 55 55 54 54
    55 57 59 61 62 61 60 60 62 64 65 64 63 61 59 59 61 63 65 66 65 64 62
    60 61 63 65 66 66 65 63 63 51 52 55 59 62 65 67 69 69 69 69 68 68 67
    66 63 59 57 56 56 57 59 61 64 66 68 69 68 64 60 55 52 53 56 60 64 66
    66 65 64 64 64 64 63 63 62 62 63 64 64 63 62 61 60 61 63 63 61 59 58
    57 58 61 64 67 68 68 68 68 65 61 57 54 53 54 54 55 56 58 61 65 67 67
    65 63 61 60 60 60 58 57 56 57 58 59 59 60 62 65 67 70 70 69 65 60 54
    49 47 47 49 51 53 54 55 57 58 59 57 56 54 55 55 55 56 57 58 61 64 67
    70 70 69 68 66 64 61 58 55 55 58 61 63 64 64 63 62 62 62 63 65 66 66
    68 70 73 74 73 69 66 64 65 66 68 69 71 71 70 70 69 67 65 63 62 62 64
    65 66 65 64 63 64 67 69 70 68 66 64 63 61 60 57 55 54 54 55 57 58 59
    60 60 62 64 65 66 65 63 62 63 65 69 72 74 75 75 74 71 68 65 61 59 57
    57 56 56 56 57 59 61 62 62 61 61 62 64 64 64 63 62 61 61 62 64 65 66
    65 64 63 61 62 64 66 67 66 65 64 64 48 49 53 57 60 63 65 67 68 67 67
    66 66 65 64 62 59 58 58 58 59 61 64 67 69 70 69 67 62 56 51 49 50 54
    58 62 64 65 66 66 67 68 68 67 66 65 65 65 66 65 64 63 62 62 63 64 64
    63 62 60 59 59 61 64 67 69 70 70 69 65 60 56 53 53 54 56 58 59 60 63
    65 66 65 63 61 61 61 62 62 60 59 57 57 57 58 59 61 64 67 69 71 70 68
    64 59 53 49 47 47 50 53 54 55 55 55 56 57 57 56 55 56 56 57 58 59 61
    63 65 68 70 69 68 67 67 66 64 60 57 56 57 59 61 62 62 63 63 62 61 62
    63 65 67 69 71 72 73 71 68 65 64 64 65 67 68 70 71 70 69 68 66 63 61
    60 60 62 64 64 64 64 63 64 67 70 72 71 69 66 64 61 60 58 57 57 58 59
    60 61 61 61 62 63 65 67 68 68 66 65 65 67 69 72 74 75 75 75 74 71 68
    65 62 60 59 59 59 59 59 60 61 62 62 62 62 63 63 63 63 63 63 63 63 64
    64 65 66 66 66 65 64 64 66 67 68 67 66 65 65 47 49 52 56 59 63 65 67
    67 67 67 66 65 64 63 61 59 59 59 59 61 63 67 70 73 73 71 67 61 55 50
    49 50 54 58 61 64 66 69 71 73 74 74 72 71 69 69 69 68 68 67 66 65 64
    63 64 65 65 64 63 61 61 61 64 68 71 72 71 69 64 59 55 53 54 57 60 62
    63 64 65 65 65 63 61 60 61 63 64 64 63 60 58 57 58 58 60 62 66 70 72
    73 71 68 63 59 55 52 50 51 53 56 57 57 55 55 55 57 57 57 56 57 58 59
    60 62 64 65 67 68 68 67 65 65 66 67 66 62 59 56 56 57 59 61 62 62 62
    61 60 60 61 64 67 69 71 71 70 68 66 64 64 65 65 66 67 68 69 69 68 66
    64 62 60 58 58 60 62 63 63 63 63 64 66 70 72 72 71 67 64 61 59 58 59
    60 61 61 62 62 62 62 63 64 65 67 68 67 66 65 65 67 70 72 73 74 74 74
    74 73 71 68 65 63 63 63 63 62 62 61 61 62 63 64 64 64 63 62 62 63 64
    65 65 65 65 65 66 67 67 67 66 66 67 69 69 69 68 68 68 48 49 52 56 60
    63 66 67 69 69 69 68 66 63 61 60 59 59 60 60 61 64 68 73 75 75 73 68
    62 55 51 51 53 56 60 63 65 69 72 76 78 80 79 77 75 73 72 71 71 70 69
    68 66 64 63 63 65 66 66 65 64 63 63 65 69 72 73 72 69 64 58 54 54 57
    61 65 66 67 66 66 65 64 61 60 60 62 65 67 67 65 63 60 59 59 60 61 65
    69 73 75 75 72 68 64 61 59 57 56 56 57 60 60 59 57 56 56 57 57 57 57
    57 58 60 63 65 66 67 68 68 67 65 63 63 65 67 66 63 60 57 56 57 58 60
    62 62 62 61 59 59 60 63 67 69 70 70 68 66 64 64 65 65 65 65 66 67 68
    68 67 65 63 61 58 56 56 58 60 61 62 62 62 63 65 68 71 72 71 68 64 61
    59 58 59 61 62 62 62 63 63 63 64 64 65 65 65 64 63 63 64 66 69 70 71
    71 71 72 73 74 73 71 69 67 66 66 66 66 64 62 62 63 64 65 65 64 63 62
    61 63 64 66 66 65 65 66 67 68 69 68 68 68 68 70 71 71 71 71 71 51 52
    54 57 61 64 67 69 70 72 72 71 68 63 60 58 57 58 60 60 61 64 69 73 76
    76 74 69 63 57 54 55 57 59 63 65 68 71 75 79 82 83 82 80 77 75 73 72
    71 70 69 67 64 62 60 61 63 65 67 68 67 66 66 68 71 74 75 74 70 64 59
    56 56 60 64 68 69 69 68 66 65 63 61 60 61 63 66 68 68 66 64 62 62 62
    63 64 67 71 75 77 76 73 69 65 63 62 62 61 61 61 62 63 61 59 57 57 57
    58 57 57 57 59 61 64 67 68 69 69 68 67 64 62 62 63 65 65 63 59 57 56
    56 57 59 61 62 63 62 61 60 61 64 66 68 69 68 66 64 63 64 65 65 65 64
    64 65 66 66 66 64 62 60 58 55 55 56 58 59 60 60 61 62 64 67 69 71 70
    68 65 61 58 57 58 60 61 62 63 64 65 65 65 64 64 63 62 60 60 60 62 65
    67 69 69 68 69 70 71 72 72 72 71 70 70 70 70 68 66 63 62 63 65 67 67
    65 62 60 60 61 63 65 66 66 66 67 69 69 69 69 68 68 68 70 72 73 74 74
    75 54 55 56 58 61 64 67 69 71 73 75 74 70 65 60 58 57 58 60 61 62 64
    68 72 74 75 73 69 64 59 57 58 59 62 64 67 69 72 76 79 83 84 84 82 79
    76 73 71 70 68 66 63 61 59 58 60 62 66 69 70 71 70 71 72 75 77 77 75
    71 66 61 59 60 63 67 70 70 69 68 67 65 63 62 61 62 64 66 68 67 66 64
    64 64 65 66 66 68 71 74 76 75 72 69 66 64 65 65 65 65 65 64 64 62 61
    59 58 58 58 57 57 57 59 62 66 68 69 69 69 68 67 64 62 61 62 64 64 62
    59 57 56 56 57 58 60 62 64 64 64 63 63 64 65 66 66 66 64 63 62 63 64
    64 63 62 62 63 64 65 66 65 63 62 59 56 54 55 56 58 59 60 61 62 64 66
    68 69 69 68 65 62 58 56 56 58 60 62 64 66 68 69 68 66 63 61 59 57 58
    59 62 65 66 66 66 65 65 66 68 69 70 71 72 72 73 73 72 70 67 63 62 63
    65 67 67 65 62 59 58 59 61 63 65 66 67 69 70 70 69 68 67 67 68 71 73
    74 75 75 76 56 57 57 59 61 63 65 66 69 73 76 76 72 66 61 58 58 59 61
    63 64 66 69 71 73 73 71 68 64 61 59 60 61 62 64 67 69 72 75 78 81 84
    85 83 79 75 71 69 67 64 62 59 57 57 58 61 64 67 71 73 74 74 75 76 78
    79 79 77 72 68 64 63 63 66 69 71 70 69 67 66 65 64 63 63 64 65 66 66
    65 64 63 64 65 67 67 67 66 68 70 72 72 71 68 65 65 66 67 67 66 66 65
    64 63 62 61 60 59 58 57 57 58 61 64 67 69 69 69 68 68 67 65 63 62 62
    63 63 62 60 58 57 56 56 56 58 61 64 66 67 66 65 64 63 64 65 64 63 62
    62 62 63 63 61 60 60 62 63 65 66 66 65 64 61 58 56 56 56 57 58 60 62
    64 65 66 67 68 68 67 65 62 58 55 54 56 59 62 66 69 72 74 72 69 64 60
    57 56 57 59 63 65 65 65 64 63 62 63 64 66 68 70 72 73 74 74 73 70 67
    64 62 63 65 67 67 65 62 58 57 57 59 61 64 66 68 69 71 70 68 67 66 66
    68 71 73 74 75 75 76 58 58 58 59 59 60 61 62 66 70 74 75 73 68 63 60
    59 61 63 65 66 68 69 70 70 70 68 66 63 62 61 61 61 61 63 66 68 70 72
    75 79 82 83 82 79 74 69 66 64 60 57 55 55 56 59 63 66 69 72 73 75 76
    77 79 80 81 81 78 74 70 67 66 66 68 70 71 69 68 66 65 64 64 65 65 66
    66 65 64 63 62 62 63 65 67 67 65 64 63 65 67 69 69 68 66 65 66 67 67
    66 66 65 65 64 63 62 61 59 57 56 56 58 62 65 69 70 69 68 67 67 67 66
    64 63 63 63 63 62 60 59 57 56 55 55 56 60 64 67 68 67 65 63 62 63 64
    64 62 61 61 61 62 61 60 59 60 61 63 65 66 67 67 66 64 61 59 58 58 58
    59 61 63 64 65 65 66 67 67 66 64 62 59 56 54 55 58 62 67 72 76 77 76
    71 66 61 57 56 57 60 63 65 65 63 62 62 62 62 63 64 66 69 71 73 74 75
    74 71 68 65 63 64 66 68 68 65 62 58 56 55 56 59 62 65 68 70 71 70 67
    65 64 65 67 70 73 74 74 74 74 60 60 59 59 59 59 58 59 62 67 72 74 72
    68 63 61 60 62 65 68 69 69 69 69 67 66 64 63 63 63 63 63 62 62 62 64
    66 68 70 73 76 80 81 81 77 72 68 65 62 58 55 54 54 57 62 66 68 70 71
    72 74 76 77 79 81 82 81 79 76 72 69 67 67 68 69 69 68 66 64 64 64 64
    66 67 67 66 65 64 63 62 63 64 65 66 65 63 61 60 61 64 67 69 69 68 67
    67 67 67 66 66 66 66 66 65 64 62 60 57 55 56 58 62 66 68 69 68 66 66
    66 67 66 65 64 64 64 64 63 62 60 58 56 54 53 54 58 62 66 67 66 63 61
    61 62 63 63 62 60 59 59 60 60 60 60 61 62 64 65 66 67 67 66 65 64 62
    61 60 59 59 61 62 63 64 64 64 65 65 64 63 62 59 57 55 55 58 62 67 72
    77 79 77 73 68 62 58 57 58 61 64 66 65 63 62 62 62 63 63 63 65 68 70
    72 74 75 74 72 69 66 65 66 67 68 68 65 61 58 55 54 55 57 60 64 67 70
    71 70 67 65 64 64 66 69 71 72 72 72 72 61 61 61 60 60 58 58 58 60 65
    69 71 70 66 62 60 60 63 67 69 70 70 68 66 63 62 61 62 63 65 66 66 65
    64 64 64 65 66 68 71 75 78 79 79 76 72 69 67 63 60 56 56 57 60 64 67
    69 69 69 69 71 73 76 78 80 81 80 78 75 72 69 67 65 65 65 66 65 64 63
    63 63 65 66 67 67 66 64 63 63 63 63 64 64 64 63 61 60 60 61 63 66 69
    70 70 70 70 69 68 67 66 66 67 67 67 66 64 61 57 55 55 57 60 64 66 67
    65 64 64 65 66 66 66 65 65 64 64 63 63 61 60 57 54 53 54 57 61 64 65
    63 61 59 59 59 61 61 60 58 57 57 57 58 59 60 62 64 65 65 65 65 65 65
    65 65 65 64 62 60 59 59 60 61 61 61 62 63 64 63 62 62 61 59 58 58 59
    63 67 72 76 78 77 74 69 64 60 58 59 61 64 65 65 63 63 64 65 65 64 64
    65 66 68 71 73 74 74 72 70 68 67 67 68 69 67 64 60 57 54 53 52 54 57
    62 66 69 71 70 68 66 64 64 65 68 70 70 70 69 69 63 63 62 61 60 59 59
    59 60 64 67 68 66 63 60 58 59 62 66 69 70 69 66 63 59 58 58 60 63 66
    68 69 69 68 66 65 65 65 66 69 73 75 77 77 75 74 72 71 68 64 61 60 61
    64 67 69 69 68 67 66 67 69 72 76 77 77 76 75 72 70 67 64 61 61 61 62
    62 62 62 62 63 65 66 67 66 65 64 64 64 64 64 63 62 61 60 59 60 61 62
    64 66 68 70 71 72 72 72 71 70 68 67 68 68 69 68 66 63 59 55 54 55 58
    61 63 63 62 62 62 64 66 67 67 67 66 64 63 63 63 63 61 58 55 54 54 57
    61 63 64 62 60 58 57 57 59 59 59 57 56 56 56 56 58 60 63 65 66 66 65
    64 63 63 64 65 65 64 63 60 59 58 58 58 58 58 59 61 62 62 62 63 63 63
    62 62 63 65 68 71 74 76 76 74 70 66 63 61 60 61 63 64 64 63 63 65 67
    67 67 66 65 66 67 68 70 72 72 71 70 69 68 68 69 68 65 62 58 55 52 50
    50 51 55 60 65 69 71 71 69 67 65 65 65 67 68 69 68 66 66 65 64 63 62
    61 60 60 60 61 63 64 64 62 59 57 55 56 59 64 68 69 69 65 61 57 56 56
    59 63 67 70 72 72 71 68 66 63 62 64 67 70 73 74 75 75 75 75 74 72 69
    66 65 65 67 68 69 69 67 65 64 64 66 69 72 74 73 72 70 68 66 64 61 58
    57 58 60 62 63 63 63 63 65 66 66 66 65 65 65 65 65 65 63 61 59 58 58
    60 63 65 66 67 69 71 72 73 74 74 74 72 70 69 69 69 70 70 68 65 61 57
    55 55 56 57 59 59 59 59 60 62 65 68 69 68 67 64 62 61 62 63 63 61 58
    57 57 60 63 65 64 62 60 59 57 57 57 58 58 57 56 55 55 55 57 60 63 66
    67 66 65 63 62 61 62 63 64 63 62 60 58 57 56 56 55 56 58 60 62 63 63
    64 65 66 67 67 67 68 69 71 73 74 74 73 71 69 66 63 61 60 60 61 61 62
    63 66 69 70 70 68 67 65 65 65 66 67 67 67 67 67 67 67 68 66 63 60 57
    54 51 49 48 49 52 58 64 68 71 71 69 68 66 66 66 67 68 67 66 65 65 67
    66 64 62 61 61 61 62 62 62 62 60 58 56 54 53 53 57 62 66 69 69 66 61
    57 55 55 58 62 66 70 73 73 72 69 65 62 60 61 64 67 69 71 72 73 75 76
    76 75 72 69 68 67 68 68 69 68 66 65 63 62 63 66 70 71 70 68 65 63 62
    61 58 56 55 56 59 61 63 63 63 64 64 66 66 66 66 67 68 67 66 65 63 60
    58 57 58 61 64 67 68 69 70 71 72 73 74 75 76 74 72 70 70 70 71 72 70
    67 63 60 57 56 55 55 56 56 57 57 57 60 64 67 68 68 66 63 60 60 62 64
    64 63 62 61 62 65 67 67 65 63 62 60 59 58 58 59 59 58 57 56 55 55 56
    59 62 65 67 67 65 62 60 59 60 61 61 61 60 59 58 57 56 55 55 56 58 60
    62 63 63 64 67 69 71 71 71 71 71 72 73 73 73 72 71 70 68 64 61 58 57
    58 59 60 62 66 70 72 72 71 68 66 64 62 62 62 62 63 63 64 64 65 65 64
    62 59 56 53 50 48 47 48 51 57 63 67 70 69 68 67 67 68 68 69 68 67 66
    65 65 68 67 65 63 62 61 61 61 61 60 59 58 56 54 53 52 53 56 61 66 69
    70 67 62 58 55 55 57 60 65 69 72 73 72 69 65 62 60 60 63 65 67 68 69
    70 73 74 75 74 72 70 68 68 67 67 67 67 65 64 63 61 62 65 68 70 69 67
    64 62 61 59 57 55 53 54 57 60 62 63 63 63 64 66 67 68 68 69 69 68 66
    65 62 59 57 57 58 61 65 68 70 70 70 71 71 72 73 75 76 75 73 72 71 71
    73 73 73 70 67 63 60 57 56 55 55 55 55 55 56 58 61 64 66 66 64 61 59
    59 62 64 66 65 65 65 66 68 69 67 65 63 62 61 61 61 61 61 61 60 58 57
    56 55 56 58 61 64 66 66 64 62 59 58 58 59 60 60 59 57 56 56 55 55 55
    56 58 60 61 62 62 64 66 69 72 73 73 73 73 73 73 72 71 70 70 69 67 65
    61 58 56 56 57 58 61 66 70 73 74 73 70 67 64 61 59 59 59 59 60 61 62
    63 63 63 61 59 57 54 51 49 47 48 51 56 62 65 67 66 65 65 66 68 69 69
    68 67 66 65 65 67 67 66 64 62 60 60 59 59 58 58 57 56 55 54 53 54 57
    62 66 70 70 68 63 58 55 55 56 59 63 68 71 73 72 69 66 63 61 61 63 64
    65 65 66 67 69 71 71 71 70 68 68 67 67 66 65 65 64 63 62 62 62 65 68
    70 69 67 64 62 61 59 57 54 53 53 55 59 61 63 63 63 64 66 67 68 69 69
    69 68 66 64 61 59 57 57 59 62 66 68 70 70 70 70 69 70 71 73 75 75 74
    73 72 72 73 73 73 71 68 65 62 59 57 55 55 55 55 54 54 55 57 60 61 62
    61 60 60 61 63 66 67 67 67 68 69 70 70 66 63 61 61 62 63 64 64 64 63
    62 60 58 57 56 56 56 59 61 63 64 63 60 58 57 57 59 60 59 58 56 54 53
    53 54 54 56 57 59 59 60 61 62 65 68 71 72 73 73 74 74 73 71 68 67 66
    66 65 64 62 59 58 57 57 58 61 64 68 72 73 73 71 68 65 62 60 59 58 58
    58 59 60 61 62 62 61 60 58 56 54 51 50 49 52 56 60 63 63 63 62 63 64
    66 68 68 67 66 66 65 65 66 66 65 63 61 59 58 57 57 57 58 58 58 57 56
    55 56 59 64 68 71 71 69 64 59 56 56 57 60 63 67 70 72 71 70 67 64 63
    63 64 64 64 63 63 64 66 67 67 67 67 67 67 67 66 65 63 62 62 62 63 63
    64 66 68 70 69 67 64 62 60 59 57 54 53 53 55 58 60 62 62 63 64 65 66
    67 68 69 69 67 65 63 61 59 58 58 60 62 65 67 68 69 68 67 67 68 70 73
    75 75 75 74 72 71 71 70 70 69 67 65 62 60 58 57 56 56 56 55 54 54 55
    57 58 59 60 60 61 64 66 68 68 68 68 70 71 71 69 64 60 59 60 62 65 67
    67 67 65 64 62 60 59 57 55 55 56 58 59 60 60 59 58 57 57 59 60 59 57
    54 52 51 51 52 53 54 56 57 58 58 59 60 63 66 68 69 70 71 73 73 71 68
    64 63 62 63 64 64 63 62 61 60 60 60 61 63 66 68 70 70 69 67 65 63 61
    60 59 59 58 59 60 61 62 62 61 60 59 58 57 55 54 53 55 58 60 61 61 60
    59 59 61 63 64 65 64 64 64 64 64 64 64 64 62 60 57 56 55 55 57 59 60
    60 59 58 57 59 62 66 70 73 73 70 65 61 59 59 60 62 64 67 69 70 70 68
    66 66 65 65 65 65 63 62 61 61 62 63 64 63 64 65 67 68 67 64 62 60 61
    62 64 66 67 68 70 70 68 65 62 59 58 58 57 56 55 55 56 59 61 62 62 63
    63 63 64 65 66 67 67 66 64 62 61 59 59 60 61 63 64 65 66 66 65 64 64
    66 69 72 75 76 75 74 72 69 67 65 65 64 64 62 61 60 59 59 59 59 59 57
    56 55 55 56 57 58 59 61 63 67 69 70 70 69 70 71 71 70 67 62 58 57 59
    63 66 69 70 69 67 66 64 63 61 59 56 55 54 55 56 57 58 59 58 58 58 59
    60 59 56 53 51 49 50 50 51 53 55 56 57 57 58 59 61 63 64 65 66 68 70
    71 68 64 60 58 58 59 62 64 65 65 65 65 65 64 63 64 65 65 65 65 65 65
    65 64 64 63 61 60 59 59 59 60 61 62 62 61 60 60 59 59 58 59 59 60 61
    60 59 58 56 56 57 58 60 60 60 61 62 62 62 62 62 61 60 57 55 54 54 56
    59 62 63 62 61 59 59 60 64 68 72 74 74 72 68 65 63 63 63 64 65 66 67
    67 66 65 65 66 67 67 67 66 63 61 59 59 60 61 62 62 63 65 67 68 67 63
    60 59 59 62 65 68 70 71 70 69 66 62 58 56 56 57 58 58 59 59 60 62 63
    63 63 62 62 61 61 61 63 65 66 65 64 62 61 60 61 62 63 64 63 63 62 61
    60 60 61 64 68 72 75 76 75 73 69 65 62 60 60 60 60 60 60 60 60 61 62
    63 62 60 58 57 57 57 58 59 60 61 64 68 71 71 70 70 70 70 70 68 64 60
    57 57 59 63 67 70 70 69 68 67 66 65 64 61 58 55 53 53 54 55 58 60 60
    60 60 60 61 60 58 55 53 51 51 52 52 53 55 56 57 58 58 59 60 61 60 61
    62 65 68 69 67 62 58 56 56 58 61 64 66 68 70 71 70 69 67 65 64 63 62
    62 62 63 65 65 65 64 63 61 59 58 59 60 61 62 62 61 61 60 61 62 63 64
    64 63 62 60 58 55 54 53 54 55 56 57 58 58 59 59 60 59 59 58 57 56 55
    54 55 57 61 64 65 64 62 59 59 61 64 68 72 75 75 74 72 69 68 67 67 66
    66 65 64 63 62 62 63 65 68 68 68 66 64 61 59 59 60 61 61 61 63 65 68
    68 66 62 59 58 59 61 65 69 71 71 70 68 64 59 55 54 55 57 60 62 63 64
    65 66 65 65 63 62 60 58 58 58 60 62 64 63 62 61 60 60 61 62 64 64 63
    61 59 57 56 57 59 63 68 72 74 74 73 71 67 63 59 58 57 58 59 59 59 61
    62 64 65 66 64 62 60 58 58 58 59 59 60 61 64 68 71 71 70 69 69 69 67
    65 62 58 57 57 60 64 67 69 69 69 68 68 68 68 66 64 60 56 53 52 53 55
    58 61 63 63 63 63 63 63 61 59 57 56 55 55 55 55 56 58 59 59 59 60 60
    60 59 59 61 64 68 69 67 63 59 57 56 58 61 64 67 70 73 75 75 73 70 68
    65 62 60 60 61 63 64 65 66 65 63 61 59 58 58 59 61 62 62 61 60 60 61
    63 65 66 66 65 62 59 56 54 52 52 53 54 56 57 57 57 57 57 58 56 56 57
    57 56 56 56 57 60 63 66 67 66 63 59 58 59 62 66 70 73 75 75 74 73 71
    70 69 68 66 64 61 59 58 59 61 65 67 68 67 65 63 61 60 60 60 61 61 61
    63 66 68 68 65 62 59 58 59 61 64 68 70 70 69 67 63 58 54 53 54 58 62
    65 67 69 70 69 68 66 63 61 58 56 55 56 58 61 62 62 61 60 59 59 60 62
    63 63 62 59 57 54 53 54 57 62 67 71 73 72 71 69 65 62 59 58 58 59 59
    60 60 62 64 66 68 68 66 63 61 59 58 58 59 59 59 60 63 67 70 70 69 68
    68 67 65 63 61 58 57 58 61 64 66 68 68 68 68 69 70 70 69 66 63 58 55
    53 53 55 59 62 64 65 65 65 66 66 66 65 63 61 60 59 59 59 59 60 61 61
    60 60 60 60 59 59 61 65 68 70 68 65 62 59 58 59 61 64 67 70 73 76 77
    75 72 69 65 62 61 60 61 63 64 65 65 64 63 60 58 57 57 58 60 61 61 60
    59 59 61 63 65 66 66 65 62 59 55 53 52 53 55 56 58 58 58 57 56 56 56
    55 56 57 58 59 59 59 59 61 64 67 68 67 63 59 57 58 60 64 67 71 73 75
    75 75 73 72 71 70 67 64 61 58 57 58 60 64 67 68 67 65 63 62 61 61 61
    60 60 61 63 65 68 68 65 63 60 60 60 61 64 66 68 69 69 67 63 58 54 53
    54 58 62 66 69 71 72 71 69 67 64 60 57 55 54 55 57 59 61 61 60 60 59
    59 59 61 62 63 61 58 55 53 52 53 56 60 66 70 71 70 68 67 64 62 61 60
    61 61 62 62 62 64 66 68 69 68 66 63 61 59 58 58 58 58 59 60 62 65 68
    68 68 67 66 66 64 62 61 60 59 60 63 65 67 68 68 68 68 70 70 70 69 67
    64 61 57 56 56 58 60 63 64 66 67 68 69 70 70 69 67 65 64 63 63 63 63
    63 63 62 60 60 60 60 60 60 62 65 68 70 69 67 65 63 61 60 61 63 65 68
    72 75 76 75 73 70 66 64 63 63 64 65 65 64 63 63 62 59 57 56 56 57 59
    60 60 59 58 58 60 62 64 65 65 64 62 59 55 53 53 55 57 59 60 60 59 58
    57 57 57 56 57 59 61 61 61 59 59 60 62 65 67 67 64 60 57 57 59 62 65
    68 71 73 74 75 74 74 73 72 69 65 62 59 58 57 59 62 65 66 65 64 63 63
    63 62 61 60 59 59 61 63 66 67 66 64 63 63 63 63 64 65 66 67 67 66 63
    58 55 53 54 57 61 65 68 71 72 72 70 67 64 61 57 55 55 55 57 58 60 60
    61 61 60 59 59 61 62 62 61 57 54 51 50 51 55 60 65 68 69 68 66 65 63
    63 62 63 63 64 64 63 64 65 66 68 68 67 66 63 61 59 59 59 59 60 60 61
    62 64 66 67 67 67 67 66 65 64 64 63 63 63 65 66 68 68 68 68 68 69 69
    69 68 67 65 63 61 60 60 61 62 63 64 65 67 69 71 72 72 71 69 67 66 66
    66 65 65 64 63 61 60 59 59 59 60 60 61 64 67 69 69 68 67 66 63 61 61
    62 63 65 69 72 73 73 72 69 67 65 65 66 66 66 65 63 62 62 61 59 57 56
    56 57 58 59 59 59 59 59 60 61 62 63 64 63 62 60 57 55 55 58 61 63 63
    63 61 60 59 58 58 58 59 61 63 63 62 60 58 59 61 64 67 67 64 60 57 57
    58 60 63 66 69 71 73 74 74 74 74 73 71 68 64 62 60 58 59 60 61 62 63
    62 62 62 63 62 61 59 57 57 58 60 63 64 65 65 65 65 65 65 65 65 66 66
    66 65 62 58 55 53 53 56 59 63 67 70 72 71 70 68 65 63 59 57 56 56 57
    59 60 62 62 63 62 61 61 61 62 62 60 57 53 50 49 51 54 59 64 68 68 67
    64 63 62 62 63 64 65 66 66 65 65 65 65 66 66 65 64 63 62 61 60 61 62
    63 64 64 64 65 66 66 67 68 69 69 69 68 68 67 67 67 68 68 69 68 67 67
    67 67 67 66 65 65 65 65 65 65 65 65 65 64 64 65 67 69 71 71 71 70 68
    67 67 67 67 66 65 64 63 61 59 59 59 59 59 59 61 63 65 67 68 68 68 67
    64 62 61 61 62 63 66 68 70 70 70 69 67 66 67 68 68 67 65 63 62 62 62
    61 59 58 57 57 58 59 60 60 61 62 62 62 62 62 63 63 63 62 60 59 60 62
    64 65 65 65 63 62 61 61 61 59 60 62 64 65 63 60 58 58 60 64 66 66 64
    61 58 58 58 60 63 66 68 69 70 71 71 72 73 72 71 69 67 65 63 61 59 58
    58 59 60 60 60 61 61 61 60 58 57 56 56 57 59 61 63 64 65 66 67 67 66
    66 66 66 64 63 60 57 54 52 53 56 59 63 67 69 70 70 69 68 67 65 62 60
    58 58 59 60 62 64 65 66 65 63 62 62 62 62 59 56 53 51 50 51 54 59 64
    67 68 66 64 62 61 61 63 65 66 67 67 67 66 65 65 64 64 64 63 63 63 62
    62 64 65 67 68 69 68 67 67 67 68 70 71 72 72 72 72 71 70 70 70 70 70
    69 67 66 65 65 64 63 63 63 64 65 66 67 67 68 67 66 65 65 66 67 68 69
    68 67 66 66 66 67 67 66 65 64 62 60 60 60 59 59 59 59 60 62 64 66 67
    67 67 66 64 63 62 61 61 62 64 66 68 68 68 67 66 66 68 69 69 67 64 62
    61 62 63 63 62 60 58 57 57 58 60 63 64 64 64 63 61 61 62 63 64 64 64
    64 64 66 67 68 67 66 65 65 65 64 64 60 61 63 65 65 64 62 60 59 61 63
    65 65 64 61 59 58 59 61 64 66 67 67 66 66 67 68 69 69 69 68 68 67 66
    64 61 59 57 57 57 58 58 59 60 60 60 59 58 56 55 55 56 58 60 62 64 66
    66 67 67 67 67 66 64 61 57 54 52 52 53 57 60 63 66 67 68 68 67 68 68
    68 66 63 61 60 61 62 64 66 67 68 66 65 63 63 62 61 58 56 54 52 52 52
    55 58 62 66 66 65 63 61 60 60 62 64 66 68 68 68 67 66 64 63 62 62 62
    63 63 63 64 66 68 71 73 73 72 70 69 68 69 71 73 74 75 75 74 73 71 71
    72 72 71 69 67 65 64 64 63 62 62 62 63 64 65 66 67 68 68 66 65 65 65
    65 66 66 65 65 65 65 66 66 66 66 65 63 62 61 61 61 61 61 60 59 60 62
    64 65 65 65 65 65 64 63 62 62 62 62 63 65 66 66 66 65 64 65 67 69 69
    66 63 61 61 63 64 65 64 62 59 57 56 58 61 64 66 67 66 64 61 60 60 62
    64 65 65 66 67 68 69 69 68 68 67 67 67 67 67 61 62 64 66 66 65 64 62
    61 61 62 63 63 62 60 59 58 59 61 63 65 65 63 61 60 61 62 64 65 65 66
    68 69 70 68 65 62 59 58 57 57 57 58 60 61 61 61 60 59 57 55 55 57 58
    61 62 63 64 66 67 68 68 66 63 59 55 52 50 51 54 58 61 64 65 65 65 65
    65 67 69 70 69 66 64 62 62 63 65 67 67 67 66 65 64 63 63 61 59 57 56
    55 54 54 56 58 62 64 65 64 62 60 59 59 61 63 66 67 68 68 67 66 64 63
    61 61 61 62 62 63 65 67 71 74 76 77 75 73 71 69 69 71 72 75 76 76 75
    72 71 71 71 72 71 69 67 65 64 64 62 62 62 63 63 64 64 65 66 66 66 65
    65 64 64 63 63 63 63 63 63 64 65 65 65 65 65 64 62 61 61 63 63 63 62
    61 62 63 64 64 64 64 63 63 63 63 63 63 63 63 64 65 65 64 63 63 63 65
    67 69 68 66 63 61 61 63 66 67 66 64 61 57 56 58 61 65 68 69 68 65 62
    59 59 61 62 64 65 65 66 67 68 68 68 68 68 68 68 68 68 63 64 66 68 69
    68 67 65 63 62 61 61 61 60 59 58 57 59 60 62 63 61 59 56 55 56 57 59
    60 61 63 67 71 74 73 70 66 62 60 58 57 57 58 60 61 62 63 63 62 60 58
    57 57 58 59 60 61 62 64 66 68 68 66 62 58 53 50 50 52 56 60 62 64 64
    63 62 62 63 66 70 72 71 69 66 64 63 64 65 66 65 65 63 63 63 64 64 63
    61 60 59 58 58 57 57 59 61 63 63 62 60 58 58 58 60 62 64 66 66 66 66
    65 64 62 61 60 60 61 62 63 65 68 72 75 78 79 78 76 73 70 69 69 70 73
    74 75 73 70 68 68 69 69 69 68 66 66 65 65 64 63 63 64 64 64 64 64 63
    63 64 64 64 63 62 61 60 61 61 61 61 62 63 63 64 65 65 64 62 61 62 63
    64 64 64 63 63 64 65 64 63 63 62 62 62 62 62 63 64 65 66 65 63 62 61
    61 62 65 67 69 68 66 64 62 63 65 68 69 68 66 62 59 57 58 61 66 69 70
    69 67 63 59 58 58 60 61 62 63 64 66 66 67 68 68 68 69 69 69 69 65 66
    68 70 71 70 68 66 63 61 60 60 59 58 58 57 57 59 60 61 61 59 55 52 51
    52 53 55 57 59 62 67 73 77 77 74 69 65 62 59 57 56 57 58 60 62 64 64
    64 62 61 59 59 59 59 59 60 61 62 65 67 67 65 61 57 53 51 51 54 58 61
    63 63 62 61 59 60 62 67 71 74 74 72 68 65 64 63 64 63 62 61 60 60 62
    63 65 65 64 63 62 62 61 59 59 60 61 62 61 60 58 57 57 58 60 61 63 63
    63 63 63 63 63 62 61 60 61 61 62 63 65 68 71 74 78 79 79 77 74 70 68
    67 68 69 71 71 70 68 66 65 65 65 65 65 66 67 68 68 67 66 65 65 64 64
    64 63 62 62 62 63 63 63 61 59 58 57 58 58 57 58 59 60 61 63 64 63 61
    61 61 63 64 65 65 65 66 66 65 64 63 62 61 61 60 61 62 63 65 66 67 65
    63 60 59 60 62 65 67 69 68 67 65 64 65 67 70 71 71 68 64 60 59 59 61
    65 68 70 70 68 64 60 58 57 58 59 60 61 62 64 65 66 67 68 68 69 69 69
    69 65 66 68 70 71 70 68 66 63 62 61 61 60 59 58 57 58 60 61 62 61 58
    54 51 49 50 51 53 55 58 62 69 76 79 79 76 71 67 64 61 57 55 55 55 57
    59 62 63 64 64 63 63 62 62 62 61 60 60 62 64 66 66 64 60 56 53 52 53
    56 59 62 63 63 61 59 59 60 63 68 73 76 76 73 69 66 64 63 63 61 59 58
    57 58 60 63 65 66 66 65 65 64 62 61 60 61 62 62 61 59 57 57 57 58 60
    61 62 62 61 61 61 61 61 61 61 62 62 63 63 63 64 66 69 72 76 78 78 76
    73 70 67 66 65 66 66 66 66 65 64 63 63 62 62 63 65 68 70 71 71 69 68
    66 66 66 66 65 63 62 62 63 63 62 60 57 55 54 54 54 54 54 55 56 57 59
    60 60 59 58 59 61 62 64 66 68 68 68 67 65 63 62 61 60 59 60 61 64 66
    68 68 66 63 60 59 60 62 65 67 68 68 67 66 66 66 68 71 73 73 70 66 63
    61 60 61 64 67 69 70 68 65 61 59 58 57 57 58 59 61 62 64 65 66 67 68
    69 69 69 69 62 63 66 68 70 70 68 66 64 64 64 63 63 61 59 58 59 61 63
    64 63 60 56 52 50 50 51 54 56 59 64 71 78 81 79 76 72 69 66 63 59 55
    53 53 54 56 58 60 62 63 64 65 65 64 63 62 61 60 61 63 65 65 63 59 56
    55 54 55 57 60 61 62 62 61 60 60 63 66 71 75 77 76 73 69 66 65 64 63
    61 59 57 57 58 61 63 65 66 66 66 65 63 62 60 60 61 62 62 60 59 57 57
    58 59 60 61 61 61 61 60 59 59 60 62 63 64 64 64 64 62 62 63 66 70 73
    75 76 75 72 69 67 65 64 63 62 62 62 62 62 62 61 60 59 60 63 67 71 73
    72 71 69 68 68 69 68 67 65 64 64 65 65 63 60 56 53 52 52 52 51 51 52
    53 54 56 57 56 55 55 57 59 61 64 67 69 70 69 67 65 63 61 60 58 58 59
    61 64 67 69 69 67 64 62 61 61 63 64 65 66 67 67 67 67 68 69 72 74 75
    73 69 65 62 60 60 62 65 67 68 67 65 63 61 60 59 58 58 59 61 63 64 65
    66 67 67 68 68 68 68 57 58 61 64 67 68 68 68 68 68 68 68 67 64 61 60
    60 61 63 65 65 63 59 55 52 52 53 55 57 61 66 73 79 81 79 75 72 70 68
    65 61 57 53 51 51 52 54 56 59 62 64 64 65 64 63 62 61 60 61 63 65 66
    64 61 58 57 57 57 57 59 60 61 62 62 63 65 67 71 74 76 77 75 71 68 65
    65 65 64 62 60 58 58 60 62 64 65 66 66 65 64 62 60 59 59 61 62 61 60
    59 58 58 59 60 61 61 61 61 61 61 60 60 62 64 66 67 67 66 64 61 59 60
    63 68 72 74 75 74 72 70 68 66 64 62 61 60 59 60 61 61 60 59 57 58 61
    65 69 71 72 71 70 70 70 71 71 70 68 67 67 68 68 66 62 58 55 53 53 52
    51 51 51 52 53 54 54 53 52 53 55 58 61 64 67 69 70 69 66 64 62 61 59
    58 57 58 61 64 67 69 69 67 65 63 63 63 63 63 64 65 66 67 68 69 70 70
    72 74 75 74 71 67 63 60 58 59 62 64 65 64 63 63 63 62 60 58 58 60 62
    64 66 67 67 66 66 66 65 65 66 53 54 57 61 64 67 69 70 72 73 73 73 71
    67 64 62 61 61 63 65 66 65 62 58 55 54 55 56 59 62 68 75 80 81 79 74
    71 70 69 66 62 58 53 51 50 51 52 55 58 61 62 62 62 61 61 60 60 61 62
    64 67 68 67 64 62 60 59 57 57 57 59 61 62 64 66 69 72 75 77 77 75 72
    68 65 64 65 66 66 64 62 60 61 62 64 64 64 64 64 63 62 60 58 58 58 60
    61 61 60 60 59 60 60 61 61 61 61 61 62 62 62 63 65 68 70 71 70 67 63
    59 57 58 61 66 71 73 74 74 73 71 69 68 66 63 61 59 58 59 61 61 60 59
    57 57 59 62 65 68 70 71 71 71 72 73 73 72 70 69 69 70 70 69 66 62 59
    57 57 56 54 53 53 54 54 54 54 53 51 52 54 57 60 64 67 69 69 67 65 63
    62 61 59 58 58 59 61 64 67 68 68 66 65 64 63 63 63 63 63 64 65 67 69
    71 71 71 71 72 73 73 71 68 64 60 57 57 59 60 61 61 61 62 63 63 62 60
    60 62 64 66 68 68 67 66 64 63 62 62 63 52 53 56 59 63 66 69 71 73 75
    76 75 72 69 65 63 62 61 63 65 67 66 64 60 57 56 56 58 59 63 69 76 80
    81 79 74 70 69 67 66 62 58 55 53 52 53 54 57 60 61 61 60 59 58 58 59
    60 62 64 66 69 71 71 69 66 63 61 59 57 58 60 63 65 68 70 73 75 77 78
    77 74 69 65 63 63 66 67 67 66 64 62 62 63 64 64 63 62 61 61 60 59 58
    58 59 60 60 60 60 60 61 61 62 62 62 61 61 63 64 65 65 67 69 72 73 73
    71 67 63 58 56 57 61 66 70 73 74 74 74 73 72 71 68 66 63 60 59 59 61
    62 61 60 58 57 58 59 62 64 67 69 71 72 73 73 73 72 70 69 69 70 72 72
    70 66 64 62 62 61 59 58 58 58 58 57 55 54 52 53 55 58 60 63 65 67 67
    65 63 61 61 61 60 60 60 61 63 66 67 67 66 65 64 63 62 62 62 62 63 64
    65 67 70 72 72 71 70 70 70 71 70 68 65 61 58 57 57 58 58 58 59 61 63
    64 63 61 61 62 65 67 68 68 67 65 63 61 60 60 61 53 54 56 59 62 65 67
    69 72 74 75 74 71 68 65 63 62 61 62 65 67 67 65 62 59 57 57 58 60 64
    70 76 80 81 78 74 70 67 65 64 61 58 57 56 56 57 59 62 64 64 62 59 56
    55 55 57 60 63 65 68 72 74 75 73 70 67 64 61 60 61 64 67 70 72 74 76
    77 78 78 75 71 66 62 61 62 65 67 68 67 65 64 63 64 64 63 62 60 58 58
    59 59 59 60 61 60 60 59 60 60 61 63 64 64 64 63 64 65 67 68 68 70 72
    74 75 73 71 67 63 58 56 58 62 67 70 72 73 74 75 75 74 73 71 68 65 62
    61 61 62 63 63 63 61 60 59 59 60 61 64 67 70 72 73 74 73 71 69 68 68
    70 72 73 72 70 68 67 66 65 64 63 63 63 62 60 58 56 54 54 56 58 60 61
    63 64 64 62 60 59 59 61 62 62 63 64 65 66 66 65 64 62 61 61 60 60 61
    62 64 64 66 67 70 72 72 71 69 68 68 68 68 67 65 63 60 58 58 57 57 56
    57 60 63 65 64 62 61 62 63 64 66 66 66 64 62 60 60 61 61 54 55 57 60
    61 63 64 66 68 69 70 70 68 66 64 63 62 61 62 64 66 67 65 62 59 57 57
    58 60 64 70 76 80 81 78 74 70 66 64 61 60 58 58 59 61 63 65 67 67 66
    62 58 55 53 54 56 59 63 66 69 72 75 76 75 73 70 67 65 64 66 69 72 74
    76 76 77 78 77 76 73 68 63 60 59 60 63 65 67 67 66 64 63 63 62 61 59
    57 56 56 58 60 61 62 63 62 60 59 59 60 61 63 65 66 66 66 67 68 69 70
    70 72 74 75 75 73 71 67 63 59 58 59 63 67 70 71 72 73 75 76 75 74 72
    70 67 65 64 63 64 65 66 66 65 63 61 60 59 59 61 64 67 70 72 73 73 71
    69 67 67 68 70 72 72 71 70 68 68 67 68 67 67 67 66 63 61 59 57 57 58
    60 61 61 61 61 60 59 57 56 57 60 62 64 65 65 66 66 64 62 61 60 59 59
    58 59 60 63 65 66 67 67 69 71 72 71 69 67 66 66 67 67 66 64 62 60 60
    59 58 57 58 60 64 66 66 63 61 60 60 60 62 63 63 63 61 61 61 62 63 54
    55 57 58 59 59 60 61 63 64 65 65 64 63 63 62 61 60 61 62 65 65 64 61
    58 57 57 58 60 64 69 74 78 79 77 74 70 67 63 61 59 59 60 63 66 68 69
    70 69 67 62 58 54 53 53 55 59 63 66 69 71 73 74 74 73 71 69 68 68 70
    73 75 76 76 76 76 76 75 73 69 65 61 58 57 59 62 65 67 67 66 64 62 61
    60 59 57 56 55 56 58 60 62 63 64 63 61 59 58 59 61 64 67 68 68 69 70
    71 71 71 71 72 74 75 74 72 69 66 63 60 60 61 64 67 68 69 69 71 74 75
    76 75 73 71 70 68 67 66 67 67 68 68 68 67 64 62 60 59 59 61 64 68 71
    72 72 70 68 66 65 65 67 69 70 70 69 67 67 67 68 69 70 69 68 66 64 63
    62 62 62 63 62 62 61 59 58 56 55 55 57 59 62 65 66 66 65 64 62 60 58
    58 57 57 56 57 59 62 66 67 68 67 68 69 70 71 70 68 66 66 66 67 66 65
    64 62 62 61 60 59 60 62 65 67 67 64 61 58 57 57 59 60 62 62 62 62 64
    65 65 53 53 54 55 55 55 56 57 58 59 60 61 62 62 63 63 62 61 60 62 63
    64 63 60 58 57 57 59 61 64 67 71 75 76 75 73 70 67 64 61 59 60 62 66
    69 71 72 72 70 67 63 58 55 53 53 55 58 62 66 68 69 70 70 70 69 69 69
    70 71 73 75 75 74 73 73 73 73 71 69 65 60 57 55 55 58 61 64 66 67 66
    64 61 60 58 57 56 55 55 56 58 59 60 62 63 63 61 59 59 60 63 66 69 70
    70 70 71 72 72 71 70 70 72 73 71 69 66 64 62 61 61 62 65 66 67 67 67
    70 72 74 75 74 73 72 71 70 69 69 68 68 69 70 70 69 67 65 62 60 59 59
    62 65 67 69 70 69 67 65 63 63 63 65 66 67 66 65 64 65 67 69 69 69 68
    67 67 67 67 68 67 66 65 63 60 58 56 55 55 55 57 60 63 65 65 65 63 61
    59 57 56 56 55 55 55 56 58 61 65 67 67 66 65 66 68 69 70 68 67 66 66
    66 65 64 63 63 63 64 63 63 63 64 67 68 68 65 61 58 57 57 58 60 62 63
    64 65 66 67 67 52 52 53 53 53 53 54 54 54 55 57 59 61 63 64 65 64 63
    62 62 63 63 62 60 58 57 58 59 61 64 66 69 72 73 73 72 70 68 64 61 60
    61 64 68 72 73 74 73 71 68 64 60 56 53 53 55 58 62 65 67 67 66 66 66
    66 67 68 70 72 74 74 72 70 68 68 68 69 67 64 60 56 53 52 53 56 60 63
    66 67 66 64 62 60 59 58 57 57 58 58 58 58 58 59 61 62 61 60 61 62 65
    69 71 71 70 70 70 71 70 69 68 69 70 70 69 66 63 61 60 61 62 62 64 65
    65 65 66 67 70 71 72 72 72 72 72 71 70 69 68 68 69 70 71 71 70 67 65
    62 60 59 60 61 63 65 66 66 64 62 61 60 61 62 63 64 63 62 63 64 67 68
    68 67 66 66 67 69 71 72 71 69 66 63 60 58 57 56 57 58 59 62 64 65 65
    63 61 59 58 56 56 55 55 55 54 55 56 60 63 65 65 63 62 63 65 67 69 69
    67 66 65 64 63 62 62 62 64 65 66 66 66 67 69 69 68 65 61 59 58 59 61
    63 65 67 67 68 68 68 68 53 53 53 52 52 53 53 52 52 52 54 57 61 64 66
    67 67 66 65 64 64 63 62 60 58 58 58 59 61 63 65 67 69 70 71 71 69 67
    64 61 60 61 65 69 73 74 73 72 71 69 66 62 57 54 53 55 59 63 66 66 65
    64 63 62 63 64 67 69 72 73 72 69 66 64 63 64 65 64 60 56 53 51 50 51
    53 57 61 65 67 67 65 63 62 61 60 59 59 60 59 58 56 55 56 58 60 61 61
    62 65 68 71 72 72 70 69 68 68 68 67 67 68 69 69 66 63 60 58 59 60 61
    62 63 64 64 64 64 65 67 69 69 70 70 71 71 70 69 67 66 65 66 68 70 71
    71 70 67 64 62 60 58 57 58 59 61 62 61 59 58 57 58 59 61 61 61 61 63
    65 67 67 66 64 63 64 67 70 73 73 72 70 67 64 61 59 58 59 59 61 62 64
    65 65 63 62 60 58 57 57 57 56 56 55 55 55 56 58 61 62 62 61 60 61 63
    66 69 69 67 66 64 61 59 58 58 60 62 65 67 68 69 69 69 69 67 65 62 60
    60 62 65 67 69 70 70 69 68 66 66 54 54 54 53 53 54 53 52 50 50 52 56
    60 64 67 69 69 68 68 67 66 64 62 61 59 58 58 59 60 62 64 65 66 67 68
    68 67 65 62 60 59 61 65 70 73 73 72 70 69 68 66 62 58 55 55 58 62 66
    67 66 64 61 60 59 60 62 65 68 71 72 70 66 63 61 61 63 64 62 58 54 51
    49 49 50 53 56 60 64 67 67 67 66 64 63 63 61 61 61 59 57 55 54 54 56
    58 60 61 63 66 69 72 73 72 69 67 66 65 65 65 66 67 68 68 64 60 57 56
    57 59 61 62 63 64 64 63 63 64 65 67 68 69 69 69 69 68 67 65 63 62 63
    65 68 70 71 71 69 66 64 60 57 54 53 54 56 58 58 56 55 55 55 57 58 59
    60 61 64 66 67 66 64 62 62 63 67 70 73 73 71 69 67 64 62 60 60 60 61
    62 64 65 66 65 62 60 58 57 57 57 57 57 57 57 56 56 56 57 59 60 60 59
    59 60 63 66 69 69 67 65 62 59 56 55 55 57 60 63 66 68 69 69 69 68 66
    65 63 62 63 65 69 71 72 72 71 68 66 63 62 55 55 55 55 55 55 54 52 50
    49 51 55 60 64 67 69 70 70 70 69 68 66 64 62 61 59 59 59 59 60 61 62
    63 63 63 64 64 63 61 59 59 61 65 69 71 71 68 67 66 66 64 61 58 56 58
    62 66 69 69 66 63 60 57 56 57 59 63 67 69 70 69 65 62 61 62 64 65 62
    58 53 50 49 50 51 53 56 60 64 67 68 69 68 67 65 64 63 62 61 59 57 54
    54 55 56 58 59 61 64 66 69 72 73 72 69 67 65 64 64 64 65 67 68 67 63
    58 55 54 56 58 60 61 62 63 64 63 63 63 64 65 67 68 68 68 68 66 65 62
    60 59 59 62 65 68 70 70 69 68 66 62 57 52 50 51 53 56 56 55 54 53 52
    53 55 57 59 62 65 67 68 66 63 61 61 63 67 70 71 71 68 66 65 64 62 61
    60 61 62 63 64 66 66 64 62 59 57 56 56 57 57 58 58 58 58 58 58 58 59
    59 59 59 59 61 64 67 69 69 66 63 60 58 56 55 55 56 58 62 65 67 67 67
    67 67 66 65 65 64 65 68 71 74 74 72 70 66 63 60 59 55 56 57 57 57 57
    56 53 51 49 51 54 59 63 65 68 69 71 71 71 70 68 66 64 62 61 60 59 58
    58 58 59 60 59 59 59 59 60 59 58 59 62 65 68 69 67 65 63 63 63 62 60
    57 57 60 65 70 72 71 67 63 59 56 54 55 57 61 65 68 70 69 66 63 62 64
    66 66 64 58 53 50 49 51 53 56 58 61 64 67 70 71 70 69 67 65 64 62 61
    59 56 54 54 56 57 58 59 62 64 66 69 71 72 72 70 68 66 64 63 63 64 66
    67 66 62 57 54 54 55 57 59 60 61 63 64 64 64 64 64 65 65 66 66 66 66
    65 63 61 58 57 57 60 63 66 68 69 69 69 68 64 58 53 49 50 53 56 57 56
    54 52 51 51 53 56 59 63 66 68 67 65 62 60 61 63 66 68 68 67 65 63 63
    63 62 61 60 60 61 62 64 65 66 64 61 58 56 56 56 56 57 57 57 58 58 59
    59 59 59 59 58 58 59 62 66 69 71 69 66 62 60 59 59 59 59 60 61 62 64
    66 66 66 66 65 65 66 66 66 67 69 72 74 74 71 68 65 61 58 57 56 56 58
    59 59 59 57 55 54 52 53 55 58 61 64 66 68 70 71 70 69 68 67 65 64 63
    61 60 58 57 57 58 58 57 56 55 55 57 58 58 59 62 65 66 66 64 62 61 61
    61 60 58 57 58 63 68 73 74 72 68 63 59 56 54 54 56 59 63 67 69 69 66
    64 63 65 67 68 64 59 53 50 50 53 56 59 62 64 66 69 71 73 73 71 68 66
    64 62 61 59 56 54 55 56 57 58 60 62 65 67 69 71 72 72 71 68 66 64 63
    62 64 66 67 66 62 58 55 54 56 58 59 59 60 62 64 64 64 64 64 63 63 63
    63 63 63 63 61 59 57 56 57 60 63 65 66 67 68 69 69 65 59 53 50 50 53
    57 59 59 57 54 52 51 53 56 60 64 67 68 67 64 61 60 61 63 65 65 65 63
    62 61 62 63 63 62 60 60 61 63 64 65 65 64 62 60 58 57 56 56 56 56 56
    56 58 59 60 60 60 58 57 57 59 63 67 71 72 69 64 61 59 60 62 65 66 66
    66 66 66 66 65 65 65 65 66 67 69 69 69 70 72 73 72 70 67 63 60 57 57
    56 56 58 59 59 60 59 59 58 57 57 58 60 61 63 65 67 69 70 69 68 67 66
    66 65 65 63 62 60 58 58 59 59 58 55 53 52 54 55 57 59 62 63 64 63 61
    60 60 60 60 59 58 57 59 64 70 74 74 72 67 63 59 56 55 55 56 58 61 65
    67 67 65 63 62 64 67 67 64 58 52 49 50 54 59 62 65 66 68 70 73 75 74
    72 69 67 65 63 61 58 56 54 54 55 55 56 59 62 65 68 69 71 71 71 70 68
    66 64 63 63 64 66 67 66 62 58 55 55 56 58 58 58 59 61 64 65 66 65 64
    62 60 59 58 59 61 61 61 59 57 57 58 60 63 64 64 65 66 67 68 65 60 54
    50 51 54 59 62 63 61 58 54 53 54 57 62 66 67 67 65 63 61 60 61 62 63
    63 62 61 60 61 64 65 65 65 63 63 63 64 65 65 65 65 64 63 61 60 59 58
    56 55 54 56 58 60 62 62 61 59 57 58 60 65 69 72 72 69 64 60 59 61 65
    69 72 72 72 70 69 66 65 64 65 66 67 70 72 72 71 71 71 71 70 68 66 63
    60 58 57 56 56 57 58 59 60 61 61 62 62 62 62 62 62 63 64 66 68 68 67
    66 66 66 67 67 67 66 64 62 61 61 62 62 61 57 53 50 51 52 55 57 61 62
    62 61 60 60 60 61 61 61 60 59 61 65 70 73 73 70 66 62 58 56 55 55 56
    57 59 61 64 64 63 61 60 62 65 66 64 58 52 49 50 55 60 63 65 66 68 70
    72 74 74 73 71 69 66 64 62 59 56 54 54 54 54 55 57 61 65 68 70 71 71
    71 70 68 65 64 63 63 65 67 67 66 62 58 55 55 56 57 57 57 58 60 63 66
    67 67 65 62 58 55 54 56 58 60 60 59 58 58 59 62 63 64 63 63 64 65 65
    63 59 54 51 52 55 60 63 65 64 61 58 56 56 59 63 66 67 66 64 62 60 60
    61 61 61 61 60 59 61 63 66 68 68 68 67 66 66 66 66 66 66 67 67 67 65
    64 62 60 58 56 55 56 58 61 63 63 61 59 58 59 62 66 70 72 72 69 64 60
    59 61 66 71 75 76 76 74 71 67 64 63 65 67 69 72 74 74 72 70 69 68 68
    67 65 64 62 59 59 57 57 57 57 58 60 62 64 65 66 66 66 65 65 64 65 66
    66 66 64 64 64 66 68 69 69 67 66 64 64 65 66 65 63 58 53 50 49 50 53
    56 60 62 62 61 60 61 62 63 64 64 63 62 63 66 69 71 70 68 64 60 57 56
    56 56 56 56 56 58 60 62 61 60 59 61 63 65 64 60 54 51 52 55 60 63 65
    65 67 69 71 72 73 73 73 71 69 66 63 60 57 55 54 54 53 54 57 61 65 69
    71 72 72 71 70 68 66 64 63 64 65 67 68 67 63 59 56 55 55 56 56 56 57
    60 63 67 69 70 68 63 57 53 52 54 57 59 60 60 59 59 61 63 64 64 63 62
    61 62 62 61 58 54 53 53 56 60 64 66 67 65 62 59 59 61 63 65 66 64 62
    60 60 60 60 60 60 59 59 59 61 65 67 69 69 69 69 69 68 67 67 67 68 69
    70 69 68 66 65 63 61 58 57 57 59 61 63 63 61 59 58 60 63 66 69 71 71
    69 64 60 58 60 65 71 75 78 78 76 72 67 64 63 65 67 70 73 74 73 71 68
    66 65 65 65 65 64 63 61 60 58 58 58 58 58 60 62 65 67 68 68 68 67 66
    66 65 65 64 63 62 62 63 66 69 70 69 67 66 66 67 68 69 67 64 58 53 50
    49 49 53 57 61 63 63 62 61 63 65 66 68 68 67 66 66 67 69 69 68 66 62
    59 57 56 57 58 57 56 55 56 59 61 61 61 60 60 63 65 65 63 59 56 55 58
    61 63 64 65 66 67 68 70 71 73 74 73 71 67 64 60 58 56 55 54 53 53 56
    60 65 70 72 74 73 72 70 68 66 65 65 65 66 67 68 67 64 60 57 57 57 57
    56 56 57 59 64 68 72 74 72 67 60 55 53 54 57 59 61 61 60 61 63 65 66
    65 63 61 60 60 60 59 57 55 54 55 57 59 62 65 67 67 65 63 62 62 62 63
    63 62 60 59 60 61 60 60 59 59 59 60 62 66 68 68 68 69 70 70 68 67 66
    67 68 70 71 70 68 66 65 64 62 60 57 57 58 60 61 62 61 60 60 62 64 66
    68 70 70 69 65 61 58 59 62 68 73 77 78 76 71 67 63 62 64 66 68 70 71
    70 68 65 64 63 63 64 64 64 64 63 62 60 59 59 59 59 60 61 63 65 67 68
    68 67 67 66 65 63 61 60 59 60 63 66 68 68 67 66 65 66 68 70 70 68 63
    58 53 50 50 52 55 59 63 65 64 63 63 65 67 70 71 71 71 69 68 68 68 68
    67 65 62 60 58 58 59 60 59 57 56 56 58 61 63 62 61 61 63 66 68 67 65
    62 61 63 65 66 66 66 66 66 67 68 70 72 73 73 70 66 62 59 58 57 57 55
    54 54 56 61 66 71 74 74 73 71 69 68 67 67 67 67 67 67 67 66 64 62 60
    60 60 59 57 56 57 59 64 69 74 76 75 70 64 59 56 56 59 61 62 62 61 62
    64 67 68 66 64 62 61 60 59 58 57 57 57 57 57 58 60 63 66 67 66 64 62
    61 60 59 58 58 57 58 59 61 60 60 59 60 60 61 63 65 67 67 67 68 69 69
    68 66 65 66 68 70 71 70 67 65 64 63 62 60 57 56 57 58 59 60 61 62 62
    64 66 67 68 69 69 68 65 61 58 57 59 64 70 74 76 74 70 66 62 61 63 65
    66 67 67 66 64 62 61 61 62 64 64 64 64 64 64 60 60 60 60 59 59 59 60
    63 65 67 67 66 65 65 64 62 60 58 59 60 63 65 66 66 64 63 63 64 67 69
    69 66 61 56 51 51 52 55 59 63 65 66 65 64 64 66 69 72 73 73 72 70 69
    67 66 66 65 64 63 62 62 62 63 64 62 60 58 57 59 62 64 64 63 62 64 67
    70 71 70 68 68 69 70 70 69 68 68 68 68 69 69 70 71 70 67 63 60 58 58
    58 58 57 55 55 57 61 66 71 74 74 72 70 68 67 68 69 69 69 68 67 66 65
    64 63 63 63 63 62 59 57 57 59 64 69 74 77 76 73 68 63 61 61 62 63 63
    62 62 63 65 68 69 68 66 64 62 61 60 59 59 59 60 59 58 57 57 60 63 65
    65 64 62 60 57 55 54 54 55 57 59 61 61 60 60 61 61 62 64 65 66 66 66
    67 68 69 68 66 64 65 66 68 69 68 66 64 63 62 61 59 58 57 57 57 58 60
    62 63 65 66 67 67 67 67 68 67 65 61 57 56 57 62 67 71 73 72 68 64 61
    60 62 64 65 65 65 64 62 61 61 62 63 65 65 65 65 65 65 59 59 60 60 60
    59 58 59 61 64 65 65 64 63 64 64 63 61 59 59 61 63 65 65 63 61 59 59
    61 63 66 66 63 58 53 50 51 54 58 62 65 66 66 65 65 65 68 71 74 75 74
    73 71 69 67 65 63 63 63 64 64 66 67 68 67 65 63 60 59 60 62 64 64 63
    63 64 67 71 73 73 73 72 73 74 73 72 70 71 71 71 71 70 69 67 65 62 59
    57 57 59 61 61 60 58 56 58 61 66 71 73 73 70 68 67 67 68 69 70 70 68
    66 64 63 63 64 65 66 66 65 62 59 58 59 63 68 73 75 76 74 70 67 65 64
    65 65 65 64 63 64 66 69 70 69 67 64 63 61 60 60 61 62 63 62 59 57 56
    57 59 62 64 64 62 59 55 52 51 51 53 57 60 62 62 61 61 62 63 63 64 65
    66 65 66 67 69 69 67 65 64 63 65 67 68 67 66 64 63 61 60 59 59 58 58
    58 58 60 63 66 68 69 69 68 67 66 66 65 64 60 57 56 57 60 65 69 71 70
    66 63 60 60 61 63 65 65 65 64 63 62 63 64 66 67 66 66 65 65 65 58 58
    59 60 60 59 59 60 61 63 64 63 61 61 62 63 64 63 62 62 63 64 65 63 61
    58 55 55 56 59 62 62 60 56 51 50 52 56 60 63 65 66 66 65 65 66 68 72
    74 75 74 72 70 68 66 64 62 61 62 64 66 69 70 71 70 67 64 61 60 60 61
    63 63 63 63 64 67 70 73 74 74 74 75 75 74 73 72 73 74 74 73 70 67 63
    60 57 55 56 58 61 64 66 64 61 59 58 61 65 69 71 70 68 66 65 65 67 69
    70 69 67 64 62 62 63 65 67 68 69 67 64 61 60 61 64 68 71 73 73 72 70
    68 67 67 68 68 67 66 65 65 67 68 69 68 66 64 62 61 60 61 63 66 66 64
    61 58 56 56 57 60 63 64 63 60 56 52 50 51 54 58 62 64 64 63 63 65 65
    65 66 66 66 66 66 67 68 68 66 64 62 62 63 65 67 67 67 66 65 62 61 60
    60 60 59 58 59 62 66 69 70 71 70 68 67 65 64 63 62 60 58 57 58 61 64
    67 69 68 66 63 61 61 62 64 65 66 66 65 64 64 65 67 68 68 67 65 64 64
    64 57 57 58 59 60 60 61 62 62 63 63 61 59 59 61 63 65 65 64 64 65 65
    64 62 58 54 51 51 53 56 59 59 58 55 52 51 53 57 60 63 64 65 65 65 65
    66 68 71 73 74 74 72 71 69 66 64 62 62 63 65 67 70 71 71 70 67 64 62
    61 60 60 61 61 62 63 65 67 69 71 73 74 74 74 74 73 73 73 74 75 75 73
    69 64 59 56 54 53 56 60 65 69 71 69 65 60 58 60 63 67 69 68 65 63 63
    63 64 66 67 67 65 62 60 61 63 65 67 69 69 68 66 64 62 63 65 67 70 70
    70 69 69 68 68 69 69 69 68 67 66 66 67 67 67 66 64 62 60 59 60 63 66
    69 69 67 64 61 58 57 57 60 62 64 65 63 59 56 53 53 55 59 63 65 66 65
    65 66 67 68 68 67 66 66 65 66 67 66 64 62 60 61 63 65 67 68 69 69 67
    65 63 61 61 60 59 58 59 63 67 71 72 72 71 69 67 64 63 61 60 59 59 60
    61 63 65 66 67 67 66 64 63 62 63 64 65 66 66 65 65 65 66 68 69 69 67
    65 64 63 63 57 58 58 59 60 62 63 63 63 63 61 60 59 59 60 63 65 66 66
    66 67 66 64 61 56 51 49 48 51 54 58 59 58 56 54 53 55 58 60 61 63 63
    64 65 65 64 65 68 71 73 74 73 72 70 67 64 63 62 63 65 67 69 69 68 67
    65 64 63 62 61 60 60 60 62 64 65 67 68 70 71 72 72 72 72 72 71 72 73
    73 73 70 66 61 57 54 53 54 58 63 68 73 75 73 68 62 58 58 61 65 66 65
    63 61 60 60 61 63 64 64 62 59 58 59 62 65 68 69 69 69 68 67 66 65 66
    67 68 68 67 66 67 67 68 69 70 69 67 66 66 67 67 66 65 63 61 59 62 19
    96 95 10 76 49 38 96 39 122 39 31 1 92 116 2 119 61 49 84 19 22 41
    91 123 120 70 60 63 74 54 19 119 39 27 103 17 64 10 57 37 9 84 86 80
    14 10 79 62 104 80 88 8 124 87 20 119 4 25 61 102 26 56 59 70 67 64
    61 59 59 59 61 63 64 65 66 66 66 66 67 67 66 65 64 64 65 65 65 64 64
    65 65 67 68 68 66 64 63 62 62 59 59 59 60 61 62 64 64 64 63 61 60 60
    60 61 63 65 67 68 68 68 67 64 60 55 51 48 48 51 55 59 61 61 59 58 57
    57 58 59 60 62 63 64 65 63 62 62 64 67 71 73 73 72 69 67 64 63 63 63
    65 65 66 66 65 64 63 64 64 64 63 61 60 60 62 64 67 68 68 68 68 69 69
    70 69 69 69 70 70 70 68 66 63 59 56 54 54 56 59 65 70 74 76 74 69 62
    58 58 61 64 65 63 61 59 58 59 60 61 62 61 59 56 55 57 61 65 68 69 69
    68 69 69 68 67 66 66 66 65 64 63 64 65 67 69 69 68 66 66 66 67 67 66
    64 62 60 58 5 3 3 45 105 117 95 95 5 19 114 63 33 101 52 26 81 115 3
    56 124 101 96 20 21 88 46 48 89 122 77 102 94 55 22 121 14 56 62 19
    31 23 126 87 27 64 122 70 118 117 100 29 94 54 55 124 14 18 86 115
    123 93 112 99 21 70 67 63 60 58 58 60 63 65 66 66 66 65 65 66 67 69
    69 68 66 65 64 64 64 63 63 63 64 65 66 66 64 63 62 62 62 60 60 60 61
    62 63 65 65 65 63 62 62 63 63 64 65 66 68 69 70 70 68 65 61 57 53 51
    51 54 58 62 63 64 62 61 59 59 58 58 59 61 63 65 64 62 59 57 59 63 68
    71 72 71 68 65 62 61 61 62 63 64 64 63 62 62 62 64 65 66 65 62 60 60
    61 64 66 67 67 66 65 66 66 66 66 66 66 66 66 65 64 62 61 59 56 56 56
    58 62 65 69 72 74 73 68 62 58 58 61 64 65 63 60 59 59 60 62 63 63 61
    59 56 54 56 60 65 67 67 67 68 69 70 70 69 67 65 64 62 60 59 61 63 65
    68 69 68 66 66 66 66 66 65 64 63 62 60 21 67 42 89 84 122 13 112 42
    72 120 108 1 124 21 37 58 114 11 117 35 100 17 65 64 55 91 15 18 90
    71 60 84 123 61 61 24 126 106 112 92 33 13 104 68 47 50 26 76 109
    123 81 67 121 7 86 6 23 7 33 39 21 98 114 86 70 66 62 59 58 59 61 65
    67 67 67 65 65 64 66 68 71 72 72 70 68 66 65 64 63 62 62 63 64 64 63
    62 61 60 60 60 61 61 61 62 62 64 65 66 66 66 65 65 66 67 67 67 68 69
    70 70 70 69 66 63 59 56 55 55 58 62 65 66 66 65 63 62 60 59 58 59 61
    63 64 63 60 56 54 55 59 65 69 70 69 66 62 60 59 59 61 62 62 62 61 61
    61 62 64 66 67 66 63 60 59 60 62 64 65 64 63 62 61 61 61 61 61 62 63
    62 61 60 60 60 59 58 58 60 61 63 65 67 69 71 71 68 63 60 61 63 65 65
    64 62 61 62 64 66 67 66 64 61 58 56 57 61 65 66 66 66 66 68 70 70 69
    66 64 61 59 57 57 58 60 63 66 68 69 68 67 66 66 66 65 65 65 64 64
    125 13 54 97 92 81 106 118 18 48 11 115 35 90 26 37 52 19 52 87 81
    15 61 78 3 22 74 61 64 11 3 42 68 34 44 3 51 47 68 68 72 77 47 63 90
    77 44 123 23 76 66 7 95 77 79 9 63 31 66 116 85 82 47 94 91 68 64 61
    58 58 60 63 67 68 68 68 66 65 65 67 70 72 74 74 73 71 69 68 66 64 62
    62 62 63 63 62 60 59 58 57 57 61 61 61 62 63 64 66 68 68 68 68 68 69
    69 69 69 69 69 69 69 69 69 67 64 61 60 59 60 63 66 68 68 68 67 66 64
    63 61 59 59 60 62 63 62 59 54 52 53 57 63 67 68 67 63 60 58 57 58 59
    60 60 60 60 60 61 62 65 67 68 67 65 61 58 58 59 61 62 61 60 59 58 57
    56 56 57 59 60 61 60 59 59 59 60 59 60 62 63 64 64 65 66 68 70 69 66
    64 64 66 67 67 65 63 63 65 68 71 72 71 69 65 62 59 60 63 65 66 65 64
    65 68 70 70 69 66 63 60 58 56 56 57 59 62 66 69 71 71 69 68 66 65 65
    66 67 68 68 40 117 85 102 90 5 61 120 84 122 35 81 51 119 17 79 31
    91 57 58 96 44 118 85 38 92 14 82 75 15 104 23 49 42 79 4 19 88 87
    89 63 17 10 46 120 115 83 79 97 54 73 7 124 27 52 118 45 93 64 97 15
    70 63 41 80 66 63 60 59 60 62 65 67 69 70 69 69 68 67 68 71 73 75 76
    76 74 73 71 69 66 63 62 63 63 62 61 60 58 56 55 54 60 60 60 61 62 65
    67 69 70 70 70 70 70 70 70 69 68 68 68 68 67 67 65 64 62 62 62 63 66
    69 70 70 69 68 68 66 65 63 61 60 60 61 62 61 59 55 53 53 56 61 65 66
    64 61 59 57 57 57 58 58 58 58 59 60 61 63 65 67 68 68 66 62 58 57 58
    59 60 60 60 58 57 56 55 55 56 58 60 61 61 60 59 60 60 61 62 64 65 64
    63 63 65 68 70 71 69 68 68 68 68 67 65 64 64 67 71 74 76 75 73 70 66
    64 63 64 65 65 64 63 64 67 68 69 68 65 62 59 58 57 57 57 59 63 67 71
    74 74 72 69 67 66 66 67 69 70 71 39 79 58 1 47 111 66 15 36 107 85
    52 20 20 63 51 42 12 57 54 13 5 40 50 124 10 77 49 83 90 83 25 116
    40 16 62 41 22 15 57 72 111 19 43 99 15 6 45 26 102 3 21 86 70 3 108
    88 1 16 79 44 55 97 22 90 64 61 59 59 60 63 65 67 69 71 72 72 71 70
    70 71 73 75 76 77 76 76 74 72 68 65 63 63 63 62 61 59 57 54 52 51 59
    59 59 60 62 65 68 71 72 72 71 70 69 69 69 68 67 66 66 66 65 64 63 62
    61 61 62 64 67 69 70 70 69 68 68 67 66 65 63 61 61 62 63 62 60 57 55
    55 57 61 63 63 61 60 58 58 58 58 57 57 57 57 59 61 62 64 66 68 69 69
    67 63 59 57 58 60 61 61 61 60 58 57 56 56 57 59 61 62 62 61 60 60 61
    61 63 64 65 64 63 63 65 69 72 73 72 71 70 69 68 66 64 63 63 66 70 74
    77 77 76 73 70 66 65 65 65 64 64 63 65 66 68 68 67 64 61 59 58 58 58
    59 61 64 68 73 76 76 74 70 68 66 66 68 69 71 72 115 2 78 33 122 62 9
    93 88 113 9 10 104 19 15 15 73 109 12 46 1 113 77 75 126 14 60 89 76
    75 72 60 81 82 126 105 53 0 45 35 8 32 97 104 127 71 112 12 121 40
    34 27 15 58 10 85 127 1 9 83 32 89 119 14 7 63 61 59 58 60 62 63 65
    68 71 74 75 74 72 71 71 72 74 76 77 77 76 75 73 69 65 64 64 64 63 61
    59 56 52 50 49 60 60 59 60 62 65 68 71 73 73 71 69 67 66 66 65 65 65
    65 65 64 63 61 59 58 58 59 62 65 68 68 68 67 66 66 66 66 65 63 63 63
    64 65 65 63 61 59 58 58 60 61 60 59 58 58 58 59 59 58 57 57 58 61 63
    65 66 67 69 69 69 67 63 60 59 60 62 63 63 63 61 60 59 59 59 59 60 61
    62 62 61 60 60 61 61 63 65 66 65 65 65 67 70 73 74 74 72 70 68 66 63
    61 60 60 62 67 71 74 76 75 73 70 67 65 64 64 64 64 65 66 68 68 68 65
    62 60 59 60 60 61 61 62 66 70 74 77 77 75 71 68 67 66 67 68 70 72
    101 115 120 104 102 13 109 27 34 34 86 69 120 59 34 114 70 91 80 41
    13 66 45 50 81 92 55 42 10 5 71 61 99 34 31 114 115 75 113 70 67 4
    50 121 9 101 98 81 99 57 117 102 37 86 91 77 52 58 83 70 104 59 104
    62 117 64 60 58 57 58 60 61 63 66 70 74 75 74 72 70 70 71 73 75 77
    77 77 75 72 69 66 64 64 64 63 61 59 55 51 47 46 62 61 60 60 62 65 68
    71 73 72 70 67 65 63 62 62 63 64 65 65 64 63 60 58 57 56 56 58 61 64
    65 65 64 63 63 63 63 64 64 64 65 66 67 67 65 63 60 59 59 59 59 57 56
    55 56 58 59 59 58 58 58 61 64 66 68 68 69 69 70 69 66 63 60 60 62 64
    66 66 65 63 61 61 61 62 62 62 62 63 63 63 61 60 60 60 61 63 65 66 67
    68 69 72 74 75 74 72 69 66 63 61 59 58 58 60 64 67 70 72 72 70 67 65
    63 63 63 64 65 66 67 69 69 67 64 61 59 60 61 63 63 63 64 66 70 74 76
    76 74 71 68 67 66 65 65 67 69 112 8 93 32 104 73 2 98 76 108 74 120
    93 54 9 87 55 25 30 58 14 87 89 63 15 124 113 59 106 102 57 34 59 38
    19 38 103 26 19 104 83 37 91 19 26 112 84 125 28 60 34 6 40 88 84 49
    106 107 123 36 21 110 99 114 93 64 60 57 56 57 58 59 61 64 68 71 73
    72 70 68 68 69 72 75 77 78 77 75 72 68 65 63 63 64 63 62 59 54 49 46
    45 63 62 61 61 62 64 67 70 71 71 69 66 62 60 60 60 61 63 65 66 66 64
    62 59 57 56 54 55 57 60 61 61 60 59 59 59 60 62 63 65 67 68 68 67 66
    63 61 59 58 58 57 56 55 54 55 57 59 60 60 59 60 63 66 68 69 69 69 70
    70 68 65 62 60 60 62 66 68 68 67 64 63 63 63 64 63 62 63 64 65 64 63
    61 59 59 59 61 64 67 69 70 71 72 74 74 72 70 67 64 61 60 59 59 59 61
    63 66 68 69 68 66 64 62 61 61 62 63 65 67 69 70 70 67 64 60 60 62 64
    65 65 64 64 66 69 71 72 72 70 68 67 66 64 63 62 63 65 95 4 72 76 118
    53 98 10 101 123 6 91 66 105 56 34 59 16 104 91 22 50 7 29 68 57 84
    25 4 3 36 118 123 89 113 14 103 52 15 42 99 25 3 98 88 66 104 41 4 1
    111 25 108 114 95 101 123 18 106 100 14 44 120 9 25 65 60 57 56 56
    58 59 60 62 66 68 70 69 68 67 67 68 71 74 76 78 77 75 71 67 64 63 63
    64 64 62 59 54 49 45 44 62 62 61 61 61 63 65 67 69 69 68 65 62 59 58
    59 61 64 66 68 67 65 63 61 59 57 54 53 54 56 57 57 56 55 55 55 57 60
    63 65 68 69 69 68 65 62 60 58 57 57 56 55 54 54 54 56 58 59 60 60 62
    64 67 69 69 69 69 70 69 67 63 60 58 59 62 66 69 69 68 65 64 63 64 63
    62 61 62 64 66 66 64 61 59 57 57 58 62 66 69 70 71 72 72 71 70 67 65
    63 62 62 63 63 64 65 66 67 68 68 67 64 61 59 59 59 60 62 65 67 69 70
    69 66 62 60 60 63 67 68 67 66 65 66 68 69 69 67 66 65 65 64 63 60 58
    59 61 90 45 78 23 2 63 58 60 23 16 14 59 101 42 119 105 40 17 40 57
    121 7 35 108 31 46 36 43 105 54 14 24 14 27 120 11 98 4 59 86 54 104
    106 96 57 122 98 100 74 70 84 79 16 117 89 91 66 7 38 124 39 55 81
    113 18 66 61 58 56 56 58 59 61 62 64 66 67 67 66 66 66 67 69 72 75
    76 76 73 69 65 63 63 63 64 63 61 57 52 48 46 45 60 60 60 60 60 61 63
    64 66 67 67 65 62 59 58 59 62 65 68 70 69 68 66 63 61 58 55 53 52 52
    52 52 52 51 51 53 55 58 62 65 67 68 69 68 65 62 59 57 56 56 56 54 53
    53 53 54 56 58 59 59 61 64 67 68 68 68 68 69 68 65 61 57 56 57 61 66
    69 69 68 66 64 63 63 61 59 59 61 64 66 67 65 61 58 56 55 56 59 64 67
    69 70 70 69 69 67 65 63 63 63 66 68 69 69 69 70 70 70 69 67 64 60 58
    58 59 60 62 64 66 67 68 66 63 59 58 59 63 68 69 68 66 66 66 67 67 66
    63 62 62 63 63 62 59 56 56 58 60 119 11 44 38 17 69 102 122 92 105
    29 66 38 70 16 70 127 122 95 13 94 80 104 100 52 107 61 44 29 12 82
    63 106 122 63 63 49 34 32 51 75 71 48 89 89 16 3 67 67 54 113 94 39
    72 0 120 2 44 105 76 117 122 124 101 67 63 59 57 57 59 60 62 63 64
    65 65 65 64 64 64 65 66 69 71 72 72 70 66 63 62 62 63 63 62 59 55 51
    49 48 48 60 60 59 60 60 60 60 61 63 66 67 67 64 61 59 59 62 66 69 71
    72 71 69 66 64 61 57 53 51 50 50 50 50 50 51 52 55 58 62 65 66 67 68
    67 65 61 58 56 55 55 55 54 53 52 52 53 54 56 57 58 59 62 65 67 67 67
    67 68 66 62 58 55 54 56 60 65 69 70 69 67 65 64 62 59 57 56 59 63 66
    67 65 61 58 56 55 56 59 62 65 67 68 68 67 66 64 63 63 64 66 69 71 72
    72 72 72 72 72 71 69 65 61 59 59 60 60 61 63 64 65 65 63 60 56 55 57
    62 67 69 68 67 67 67 68 67 64 62 61 62 64 64 62 59 56 55 56 51 100
    122 103 75 0 114 69 66 48 99 28 109 61 117 93 57 121 80 124 93 122
    50 24 77 78 13 114 118 104 86 15 14 119 105 41 22 68 81 31 71 24 69
    4 11 57 64 21 109 76 56 1 62 111 75 78 0 123 3 46 80 100 33 103 21
    66 63 61 59 58 60 61 62 63 64 64 64 64 64 63 63 62 63 64 65 66 66 64
    62 60 60 62 63 63 60 57 53 51 51 52 52 62 62 61 61 60 60 59 60 63 66
    68 69 67 63 60 59 62 66 70 72 74 74 72 70 67 64 59 55 52 50 49 49 50
    51 52 55 57 60 62 64 66 66 67 66 64 61 58 55 54 55 55 54 52 51 51 51
    53 54 55 56 58 60 63 66 67 67 67 66 64 60 55 53 53 55 60 65 69 71 70
    68 66 64 62 59 56 56 59 63 67 68 65 61 58 57 57 58 60 62 64 65 66 66
    65 63 62 62 63 65 67 70 72 72 72 71 71 72 72 72 69 66 62 60 60 61 61
    61 62 63 63 62 60 57 54 53 55 60 65 67 68 67 67 68 68 66 64 62 62 64
    66 66 63 60 56 55 56 6 58 56 62 98 112 28 2 14 38 11 26 96 43 123 21
    66 100 73 17 6 48 55 113 59 20 46 76 2 54 111 13 34 21 111 94 4 37
    100 91 54 82 27 113 20 62 119 4 26 120 22 44 91 17 100 121 30 59 100
    4 19 109 22 87 51 64 63 62 60 60 61 63 64 64 65 65 65 65 65 64 63 61
    59 59 59 59 59 58 57 57 59 61 62 62 59 56 53 53 53 55 55 67 67 66 64
    62 61 60 61 63 67 70 71 69 64 60 59 61 64 69 72 74 74 74 72 70 66 62
    58 55 53 51 51 52 54 56 58 60 61 63 65 66 66 66 66 64 61 58 55 53 53
    54 53 53 52 52 52 52 53 54 55 57 60 63 66 67 67 66 64 61 57 54 53 53
    56 61 66 70 72 71 69 67 65 62 58 56 56 60 65 68 68 65 61 58 58 59 61
    63 64 65 65 66 65 63 61 59 60 62 64 67 69 70 70 69 68 68 69 70 70 68
    65 62 61 62 62 62 61 61 62 62 61 59 56 53 52 54 58 62 65 66 66 67 68
    67 66 64 64 66 68 69 68 65 61 57 56 56 77 37 117 1 25 43 91 82 38 96
    107 73 8 41 23 50 127 59 61 43 125 24 86 55 81 82 6 66 50 118 72 119
    125 17 12 21 94 115 74 82 63 116 48 11 24 56 66 28 83 101 90 111 2 5
    39 67 70 114 60 106 44 45 55 82 103 63 62 62 61 61 62 63 64 65 66 66
    67 67 67 66 64 61 58 56 55 55 54 54 54 56 58 60 62 61 59 57 56 56 57
    58 58 74 73 71 69 66 63 62 63 66 69 72 73 70 65 60 58 59 62 66 70 72
    73 74 73 71 68 64 61 58 57 56 56 57 58 59 61 62 62 63 64 66 66 67 67
    65 62 59 55 52 52 52 53 53 53 53 53 52 53 54 56 58 60 63 66 68 68 66
    62 58 55 54 53 55 58 62 67 70 72 72 70 67 64 60 57 56 58 62 67 70 69
    66 62 59 59 61 64 65 66 66 66 66 65 62 59 57 58 60 63 65 67 67 66 65
    64 65 66 67 67 65 63 62 62 63 64 62 61 60 60 61 61 60 57 55 53 55 58
    61 63 64 65 67 67 66 66 66 67 70 71 71 69 66 62 58 57 57 71 56 33 58
    107 107 71 47 89 38 13 120 12 2 105 60 122 79 68 68 76 69 30 11 52
    94 1 21 33 52 98 64 31 79 124 99 122 76 54 6 31 103 86 77 53 90 57
    126 89 53 124 68 34 35 23 42 69 36 18 11 55 38 89 1 54 61 62 62 61
    60 61 62 63 64 66 67 68 70 70 69 67 63 59 57 55 54 53 53 54 56 59 60
    61 60 59 59 59 60 62 63 63 79 78 76 73 69 66 64 65 67 71 73 73 71 65
    60 57 58 60 64 66 68 70 71 72 71 69 66 64 62 62 61 61 61 61 61 62 62
    62 63 64 65 66 67 67 66 63 60 55 52 51 51 52 54 55 54 53 53 53 54 56
    58 60 63 65 67 67 65 61 58 56 55 55 57 60 64 68 71 73 73 70 66 62 58
    56 56 59 64 68 70 70 67 63 60 60 62 64 66 67 67 67 67 64 61 58 55 55
    58 60 63 64 65 65 64 63 62 63 64 64 62 61 61 62 64 64 62 59 58 58 60
    61 61 60 57 56 56 59 61 62 64 65 67 67 67 67 69 72 74 74 73 70 66 62
    59 58 58 123 26 76 61 48 42 45 87 116 34 11 77 94 57 124 50 111 65 2
    42 35 84 97 39 49 22 80 115 77 127 39 100 37 48 39 13 115 22 45 89
    95 67 36 25 95 65 1 20 34 92 103 27 98 15 33 17 113 60 65 21 48 85 9
    28 103 62 63 63 61 59 59 59 60 62 65 67 69 71 72 72 70 66 63 60 57
    56 55 55 56 58 59 60 59 59 59 61 63 65 67 67 67 81 80 78 75 71 67 65
    66 68 71 73 74 71 66 61 58 58 60 62 63 64 65 68 69 69 68 67 66 66 67
    67 66 64 62 62 61 61 61 62 63 64 66 67 67 66 63 60 56 53 51 51 52 54
    55 54 53 52 53 54 56 58 59 61 63 65 65 63 60 58 58 58 59 60 63 67 70
    73 74 73 70 65 60 55 54 55 59 64 68 70 69 67 65 62 61 63 64 66 67 68
    68 67 65 61 58 55 54 55 57 59 62 63 64 64 63 62 62 62 62 61 60 61 63
    64 64 61 58 56 56 59 62 63 63 61 60 60 61 63 64 65 67 68 69 70 71 73
    76 78 77 74 70 66 63 60 59 58 38 13 20 69 23 107 100 126 107 23 124
    47 63 47 104 63 64 82 22 108 17 74 65 40 117 123 94 13 115 78 121 65
    31 93 92 108 8 8 98 88 3 4 29 46 92 93 114 91 119 119 67 101 111 108
    109 64 126 69 88 111 4 5 79 27 24 64 65 65 62 59 57 55 56 59 62 66
    69 71 73 73 72 69 66 63 60 59 58 58 58 59 59 58 57 57 59 63 66 69 70
    70 70 81 80 78 74 70 66 64 64 66 69 71 73 71 68 64 61 60 61 61 61 61
    62 64 67 68 67 67 67 69 71 71 69 66 63 61 60 60 61 61 62 63 64 65 64
    64 62 59 56 54 52 52 53 54 54 53 52 51 51 52 54 56 57 59 60 62 62 62
    61 61 62 64 65 66 68 71 73 75 75 73 70 65 58 54 52 55 59 64 68 69 69
    67 66 63 63 63 65 65 66 68 69 68 66 62 59 55 53 52 54 56 59 62 65 66
    65 64 63 63 62 61 60 61 62 64 63 60 56 54 55 59 63 66 66 65 64 63 64
    64 65 66 68 69 70 71 73 77 80 80 78 74 69 65 62 61 60 59 31 115 43 9
    126 67 106 126 44 58 38 66 90 39 104 123 126 65 75 9 7 63 40 115 35
    124 47 21 1 95 42 75 127 115 43 69 50 109 51 21 24 110 31 123 56 89
    22 4 104 100 40 118 24 4 77 3 125 1 52 26 21 88 67 59 46 66 67 66 63
    59 55 53 53 56 61 65 68 71 72 73 72 70 67 64 62 61 60 60 60 59 58 56
    55 56 59 63 67 70 71 70 70 80 79 77 73 68 64 61 60 62 65 68 70 71 69
    66 64 62 61 60 58 58 59 62 65 67 67 67 69 71 73 73 70 66 63 61 61 62
    62 62 62 62 62 62 62 61 60 59 58 57 56 55 55 55 54 52 51 50 49 49 51
    53 54 55 56 58 59 60 62 65 67 69 70 71 72 74 75 75 74 72 69 64 58 53
    52 54 59 64 68 69 69 68 67 65 64 65 65 65 66 67 68 68 66 64 60 56 53
    51 52 54 57 62 65 67 67 66 66 65 64 62 62 62 63 64 63 59 55 53 55 60
    65 68 70 69 68 66 66 66 66 67 68 69 70 71 74 77 80 81 78 74 69 65 62
    61 61 61 75 84 41 63 28 122 60 89 124 121 10 106 62 51 17 64 8 125
    15 64 42 37 64 18 125 66 39 57 105 56 48 113 77 52 76 48 113 66 59
    91 1 20 39 0 127 123 21 92 54 116 0 11 121 41 62 47 77 65 9 86 71
    117 54 21 58 68 68 67 63 59 55 52 53 56 60 64 67 69 70 70 70 68 66
    63 61 60 60 60 59 58 56 54 54 55 60 64 68 71 70 69 68 78 77 75 71 66
    62 58 56 57 60 64 67 70 70 68 66 64 62 59 56 56 58 62 65 67 68 69 71
    73 75 74 71 67 64 64 64 65 65 65 63 62 61 60 61 61 60 61 61 61 61 60
    60 59 57 54 51 49 48 48 49 51 52 52 53 54 56 60 63 67 71 72 73 73 73
    74 73 72 70 69 66 62 57 53 52 54 59 64 68 69 69 69 68 66 65 65 65 65
    65 66 67 68 67 65 62 58 55 52 52 54 58 62 66 68 68 68 68 67 67 65 64
    63 63 63 62 59 56 55 57 62 67 71 72 72 70 68 67 66 66 67 67 67 67 68
    72 75 78 79 77 73 68 64 62 61 62 62 28 28 77 25 116 110 78 20 3 41
    18 29 25 19 33 106 12 48 5 119 42 91 93 82 35 122 71 101 55 72 47 4
    112 58 38 21 109 65 4 35 40 81 26 102 11 32 86 1 7 77 42 105 8 45 26
    99 39 91 99 57 110 9 84 64 65 68 69 67 63 58 54 52 54 58 62 66 67 67
    67 67 66 65 63 60 58 57 57 57 57 57 56 54 54 57 61 66 69 71 70 67 66
    76 75 73 70 65 60 56 53 53 55 59 64 68 69 69 67 65 62 59 56 55 58 62
    66 68 70 71 72 75 76 75 71 68 66 66 67 68 67 66 64 62 61 60 61 62 63
    64 65 65 65 65 65 64 61 57 54 51 49 48 49 50 51 52 51 52 55 59 64 69
    72 73 72 71 71 71 70 68 66 65 63 60 56 53 52 55 60 65 68 70 71 70 69
    67 65 64 64 64 64 65 66 66 67 66 63 60 57 55 54 56 59 63 66 68 69 69
    69 69 69 66 64 63 62 62 61 59 57 57 60 65 69 72 73 72 71 69 67 67 67
    67 66 65 65 66 69 72 75 76 74 71 67 63 61 61 62 63 50 59 123 76 25
    23 15 54 57 104 13 117 86 31 121 115 105 42 86 114 35 7 103 47 5 76
    28 23 111 32 83 20 20 120 54 97 87 79 4 43 94 66 44 51 92 70 116 125
    52 13 41 45 119 85 91 97 54 32 78 29 61 94 98 23 40 68 68 66 62 57
    54 53 56 60 65 68 68 67 65 63 62 61 60 58 56 55 55 55 55 55 55 55 56
    59 63 67 69 70 68 66 64 74 73 71 68 64 59 55 51 50 52 56 61 65 67 68
    67 65 63 59 56 55 58 62 66 68 70 72 73 75 76 74 71 68 67 67 68 69 68
    66 64 62 61 61 63 65 66 67 68 68 68 69 70 69 67 63 58 54 51 50 51 53
    54 53 52 52 54 58 64 69 71 71 70 67 66 66 65 64 63 62 61 59 56 54 54
    57 61 66 69 71 72 71 69 66 63 62 62 62 62 63 64 66 67 66 64 62 60 58
    57 58 61 64 66 68 68 69 70 71 70 67 64 62 62 61 61 60 60 61 64 68 71
    72 72 71 70 69 68 68 67 67 65 64 63 64 66 70 72 72 71 69 66 62 60 61
    62 63 126 37 17 90 94 77 21 26 96 105 108 4 36 87 25 69 19 72 35 119
    83 40 65 1 120 12 106 39 116 120 99 4 34 47 61 5 8 61 89 103 14 17
    89 44 111 108 94 1 20 26 17 117 78 102 82 73 112 105 86 59 110 10
    126 26 92 67 67 65 61 56 53 54 58 63 68 71 70 67 63 61 59 59 59 57
    56 54 54 54 55 56 57 58 59 61 64 67 68 68 67 64 63 71 71 69 66 63 59
    55 51 50 52 56 60 63 65 66 66 65 63 60 57 56 58 61 64 66 69 71 73 74
    74 72 70 68 67 67 68 68 67 66 64 62 61 63 65 68 70 71 71 71 70 72 73
    74 72 68 63 58 55 54 55 58 59 57 55 53 54 58 63 67 69 68 66 63 61 60
    60 61 61 62 61 59 57 56 57 60 64 68 70 71 71 69 67 63 60 59 58 59 60
    62 64 66 67 66 65 63 62 62 61 61 63 64 66 68 68 69 70 71 70 66 63 61
    61 61 61 62 63 65 67 70 71 71 70 69 69 68 68 68 68 67 64 62 61 62 65
    68 70 70 68 67 65 62 61 61 61 62 26 107 8 74 89 81 94 116 114 70 117
    5 3 60 15 26 35 19 82 27 90 52 78 33 84 86 71 5 61 94 85 41 24 53 31
    69 13 24 89 58 93 80 7 51 19 10 117 106 84 21 28 5 62 101 18 100 21
    99 21 5 36 28 19 100 59 67 67 65 61 57 54 55 60 66 71 74 72 67 62 59
    58 58 59 58 57 55 54 55 56 58 59 61 62 63 65 67 67 67 65 63 62 69 68
    67 65 62 60 57 53 52 53 56 59 61 62 63 63 63 62 61 58 57 57 59 61 63
    65 68 70 71 71 70 69 67 67 66 67 67 67 66 64 63 63 65 68 70 72 73 72
    72 72 73 75 77 76 72 67 62 59 58 60 63 64 63 59 56 56 58 62 66 67 65
    62 59 57 56 57 58 61 62 62 61 59 59 61 64 67 70 71 70 69 67 63 59 57
    55 56 57 59 62 64 65 66 65 64 63 64 65 65 65 65 66 67 68 69 69 70 70
    69 66 62 61 60 61 63 64 66 68 70 71 70 68 66 66 66 67 68 68 68 65 62
    60 60 62 65 68 69 68 67 66 65 63 62 61 61 61 39 22 0 72 31 99 107 93
    61 106 39 0 123 24 89 83 124 67 20 53 86 6 59 122 120 24 0 41 36 78
    6 95 127 60 75 63 70 62 111 42 120 61 40 10 84 70 37 123 46 108 81
    31 99 75 96 93 4 124 38 45 83 108 49 59 36 66 66 65 61 58 56 57 62
    69 74 75 73 68 62 59 58 58 59 59 59 58 57 57 58 60 62 63 64 64 65 65
    65 65 63 62 61 68 68 66 64 63 61 59 56 55 56 58 59 60 60 60 60 60 60
    59 58 57 56 57 58 60 62 64 66 68 69 69 68 67 66 66 66 67 66 66 65 65
    66 67 70 71 72 72 71 70 71 73 76 78 78 75 71 67 63 62 64 68 70 68 65
    61 59 60 62 64 64 63 59 56 54 53 55 58 61 64 64 63 62 63 65 67 70 71
    71 70 67 64 61 57 55 54 55 57 59 62 63 64 63 62 61 62 64 67 68 68 68
    69 70 70 70 69 69 69 68 65 62 61 61 63 65 67 69 70 71 70 68 65 64 64
    65 67 68 68 67 64 60 57 58 61 65 68 68 67 66 65 65 64 63 62 62 61
    108 12 45 111 33 104 84 120 30 81 31 14 54 34 74 87 46 46 79 51 70
    88 56 3 125 18 4 119 30 115 104 50 60 127 100 52 23 13 29 87 68 61
    91 118 49 30 77 125 30 79 10 71 49 8 96 69 20 93 15 57 49 75 27 87
    35 65 65 64 62 59 57 59 64 69 74 75 73 68 64 61 58 58 59 60 60 60 60
    60 60 62 63 63 63 62 62 62 62 61 60 59 59 67 67 65 64 63 63 62 60 59
    59 59 60 59 59 58 57 57 58 58 57 56 55 56 56 57 59 61 64 66 68 69 68
    67 66 65 66 66 66 66 66 67 68 69 71 71 71 70 68 68 68 71 74 77 78 77
    73 70 67 67 69 72 74 73 70 65 63 62 63 63 62 60 57 54 53 53 55 59 63
    66 67 66 66 66 67 69 71 72 72 70 67 63 60 57 56 56 57 58 60 62 62 61
    60 58 57 59 63 66 69 69 70 70 71 71 70 69 68 68 67 64 62 61 62 64 67
    69 71 72 71 69 66 64 62 63 64 66 67 68 66 62 58 55 56 60 65 68 68 67
    66 65 65 65 64 63 61 60 30 84 112 19 71 20 36 26 105 102 68 118 106
    44 36 55 108 75 18 11 72 4 112 29 0 76 74 113 72 102 82 126 62 125
    90 88 71 116 62 0 50 60 96 0 17 114 51 119 83 11 80 74 91 49 34 125
    126 70 50 77 17 72 51 88 99 64 64 63 62 60 59 60 64 68 72 73 72 69
    66 63 60 58 58 59 60 61 62 62 62 62 62 61 59 58 58 58 58 58 57 58 58
    66 66 65 64 65 65 65 64 62 62 61 60 59 58 56 55 55 55 56 56 55 54 54
    55 56 58 60 63 66 68 69 69 67 65 65 65 65 65 65 66 67 68 69 70 70 69
    67 66 65 65 68 72 75 77 77 75 73 71 70 72 75 77 75 72 68 65 63 62 61
    59 58 56 54 53 55 58 62 66 69 70 70 69 69 70 71 72 73 72 70 67 64 61
    59 59 59 60 61 62 62 62 60 58 55 54 56 59 63 65 67 68 69 70 70 68 67
    66 66 66 64 62 61 62 64 68 70 72 73 72 70 67 64 63 63 64 65 66 67 65
    62 57 54 54 58 64 67 69 68 67 66 66 66 64 62 60 59 105 121 32 104 2
    55 42 61 122 91 7 67 59 76 54 54 75 50 67 118 61 127 80 46 50 12 12
    125 17 68 30 121 109 90 115 37 55 79 91 98 87 56 95 95 69 41 2 103
    104 67 3 111 62 20 96 42 70 6 127 120 6 21 6 116 49 63 64 63 62 60
    60 61 63 65 68 69 69 69 68 66 63 60 58 57 59 60 61 61 61 60 60 58 56
    54 54 54 55 56 57 57 58 65 65 65 66 67 68 69 67 65 64 63 62 60 58 56
    55 54 54 54 54 53 52 52 54 56 58 60 64 66 69 70 70 67 65 63 63 63 63
    64 65 66 67 67 67 67 67 65 64 64 64 67 70 73 75 75 74 73 72 72 73 75
    76 75 72 69 65 63 60 58 57 55 55 54 55 57 61 65 69 71 72 72 71 71 71
    72 72 72 72 70 68 65 63 62 62 63 63 63 63 62 61 60 58 56 54 54 56 58
    60 62 64 65 67 66 65 64 64 64 64 63 61 61 62 64 67 70 72 73 73 71 69
    67 65 64 64 64 65 66 65 62 58 55 55 58 62 67 69 70 69 68 67 66 64 61
    58 58 31 69 20 2 107 111 110 73 65 47 92 42 70 124 97 74 23 105 75
    37 19 17 49 39 10 4 45 93 44 122 31 46 99 37 72 0 80 45 20 7 7 126
    19 92 18 63 49 118 108 113 90 74 124 120 50 95 117 5 124 103 11 35
    97 40 71 63 64 64 63 61 61 60 61 62 63 64 66 67 69 68 66 62 59 58 58
    59 60 60 59 58 57 56 53 52 52 53 55 57 59 59 60 65 65 66 68 70 72 71
    70 67 65 64 63 61 59 57 55 54 54 54 53 52 51 51 53 56 58 61 64 66 68
    69 69 66 63 61 60 60 60 60 62 63 63 64 64 65 65 64 64 65 65 67 70 72
    73 73 72 71 70 70 71 72 73 72 70 67 65 62 60 57 56 55 55 55 56 60 64
    67 70 72 73 73 73 73 73 73 72 72 71 69 67 65 63 62 63 64 64 63 63 62
    61 61 60 59 56 55 55 56 57 59 61 63 64 63 62 61 61 62 62 61 60 60 61
    64 67 70 72 73 74 73 71 70 68 66 64 63 63 65 66 64 61 58 57 59 62 66
    70 71 71 71 70 68 64 60 57 57 20 102 85 84 113 95 21 69 63 38 81 61
    104 42 121 49 31 76 98 11 18 106 52 59 93 115 37 44 99 12 13 10 104
    0 47 101 118 121 86 59 13 68 35 6 9 34 111 118 10 84 125 6 41 85 10
    87 122 52 111 105 27 125 98 46 63 64 65 65 63 61 60 59 59 59 59 60
    62 64 67 68 67 65 62 61 60 60 60 59 58 57 56 55 53 52 52 54 57 60 62
    63 63 64 65 67 70 73 74 73 71 68 66 65 64 63 61 59 58 57 56 56 55 53
    52 52 54 57 59 61 63 65 67 68 67 65 62 59 58 57 56 57 59 60 60 60 62
    63 64 65 65 66 67 69 70 70 71 70 69 68 67 67 67 68 68 68 67 65 64 62
    60 58 57 56 56 56 57 60 64 67 69 71 71 72 73 73 74 74 73 71 69 67 65
    63 61 61 62 63 63 62 62 61 62 63 63 63 60 58 56 55 56 58 60 62 62 61
    60 58 58 58 58 58 58 60 61 64 67 70 71 73 74 74 73 72 69 66 63 61 62
    64 66 66 64 62 60 61 63 67 71 73 74 74 73 70 66 62 59 59 30 51 97 7
    123 65 77 116 76 115 22 10 59 91 64 37 32 114 52 121 102 24 78 63 9
    87 27 115 50 53 84 119 61 60 22 77 79 71 58 72 94 41 93 86 6 84 5 65
    115 93 32 60 119 99 115 40 21 74 61 80 53 85 38 102 67 65 67 66 64
    61 59 58 57 57 57 57 59 61 65 67 68 67 66 65 64 63 62 60 59 58 57 55
    54 53 54 57 60 63 65 66 66 62 63 66 70 73 75 74 72 69 67 66 66 65 63
    62 61 60 60 60 58 55 54 54 56 58 60 61 63 64 66 67 66 64 61 59 57 56
    55 55 56 57 58 59 61 63 64 65 66 68 69 69 69 69 68 67 66 65 65 65 65
    65 65 65 64 63 63 63 62 61 60 59 58 58 58 60 64 66 67 68 69 70 72 73
    74 74 73 71 68 66 63 61 59 58 59 61 62 61 61 61 62 64 65 65 63 60 58
    56 56 57 59 61 61 60 58 56 55 55 55 56 57 59 62 64 66 68 70 72 73 73
    73 71 68 64 60 59 60 63 66 67 67 65 64 64 65 68 72 75 77 78 77 73 69
    64 61 62 104 74 76 62 43 76 45 88 112 16 107 111 57 76 73 71 77 42
    59 90 69 50 64 95 68 79 36 112 78 71 40 47 89 3 24 43 12 17 43 77 71
    61 4 39 66 100 123 108 21 103 79 105 30 88 117 31 113 11 97 18 111
    25 8 38 110 66 68 67 64 61 58 57 57 57 57 57 58 60 63 66 68 70 70 70
    69 68 66 64 62 60 58 57 56 55 56 59 62 66 68 69 70 63 63 65 69 72 73
    72 71 68 67 66 66 66 65 64 63 63 64 63 62 59 57 56 57 59 60 61 62 64
    66 67 67 65 63 61 59 57 56 56 56 57 58 60 62 64 65 66 67 68 69 70 69
    68 67 65 64 64 64 64 65 65 64 63 62 62 62 63 63 63 63 62 61 60 59 60
    62 64 64 64 65 67 70 72 74 73 72 70 68 66 62 59 56 56 57 59 60 60 61
    62 63 65 67 66 64 62 59 57 56 57 58 60 60 59 58 56 54 54 54 55 57 60
    63 64 66 67 69 71 72 72 71 69 65 61 58 58 59 62 65 67 68 68 67 67 67
    69 72 75 78 80 79 76 71 67 64 65 85 100 40 91 24 10 53 75 5 5 122 93
    108 67 12 89 120 17 98 71 126 58 78 102 52 50 25 30 57 1 8 60 11 65
    28 20 6 59 73 27 44 25 38 82 48 8 80 121 103 38 117 40 67 11 28 101
    105 92 98 113 35 108 46 32 18 66 67 66 63 59 57 56 56 57 58 59 60 61
    63 66 70 73 74 75 74 73 70 68 65 63 61 59 58 58 59 61 64 67 69 71 72
    64 65 66 67 69 70 69 68 66 65 65 66 66 66 65 64 64 65 65 64 61 59 58
    58 59 60 61 63 65 67 68 68 67 65 63 61 59 57 57 57 58 60 62 64 65 66
    67 67 68 69 70 69 68 66 64 63 64 65 66 66 66 64 62 61 60 61 62 64 65
    65 65 65 62 61 61 62 62 62 61 61 64 67 70 71 71 70 69 68 66 63 59 55
    54 55 57 60 61 63 64 65 67 67 66 64 62 59 57 56 56 57 58 58 59 58 56
    55 54 54 55 58 61 64 65 65 66 68 70 71 71 70 66 62 59 57 58 60 63 65
    68 70 70 70 69 69 70 72 74 78 80 80 77 72 68 66 66 87 88 121 15 10
    33 21 79 82 65 98 62 2 7 77 17 127 123 85 10 6 83 38 41 62 65 103 87
    97 119 109 80 92 5 55 84 108 64 12 117 53 15 35 82 29 67 30 30 19 63
    109 3 45 54 61 67 95 84 112 14 102 41 57 9 115 66 66 65 62 59 57 56
    57 59 60 61 63 63 65 68 71 75 78 79 78 76 74 71 68 66 64 62 61 61 62
    63 66 68 70 72 72 68 67 66 66 66 66 65 65 64 63 64 65 66 66 65 64 63
    64 64 63 61 59 58 58 58 59 60 62 65 67 69 69 68 67 65 63 61 60 59 59
    60 61 64 66 67 68 69 69 69 70 70 69 68 66 64 63 64 65 67 68 67 64 61
    59 58 60 61 63 65 66 68 67 65 63 62 62 61 60 58 58 60 64 67 68 68 68
    68 69 68 65 60 56 54 54 57 60 63 65 67 67 68 66 65 63 60 59 57 56 56
    56 57 58 59 59 58 56 54 54 55 58 61 64 65 65 65 67 70 72 72 69 65 61
    58 57 58 61 63 65 68 70 71 71 70 70 69 70 71 74 77 78 76 72 68 66 66
    36 100 123 60 63 39 54 21 88 100 119 97 34 92 8 83 109 43 4 21 50 56
    34 84 79 121 23 48 76 97 87 41 99 13 55 117 64 95 103 58 15 120 124
    122 50 52 26 61 120 103 75 118 123 40 15 85 94 51 16 18 84 54 30 54
    91 65 65 63 61 59 58 58 59 61 63 64 65 66 67 69 72 76 79 80 80 78 75
    73 71 68 66 64 63 63 63 64 67 69 71 72 73 71 70 68 65 63 63 62 62 62
    62 63 64 65 65 64 62 61 61 61 60 59 57 56 56 57 58 60 62 64 67 69 69
    69 68 67 65 64 62 61 60 61 63 65 67 68 69 70 70 70 70 69 68 67 66 64
    63 63 65 67 68 67 64 61 58 58 58 60 62 64 67 69 69 67 65 64 63 62 59
    56 55 57 61 64 65 65 65 67 68 68 66 62 58 55 55 57 61 65 68 69 69 68
    66 63 61 59 58 57 56 56 57 58 59 61 62 61 58 55 53 53 56 60 63 64 63
    63 66 69 73 73 71 66 61 58 57 59 61 63 65 67 70 71 71 70 69 68 67 67
    69 72 74 73 69 66 64 64 0 121 125 65 49 17 110 95 90 26 89 15 123 51
    93 78 4 78 53 46 103 69 58 79 79 112 102 88 111 2 102 41 12 87 22 4
    120 83 120 77 52 78 121 98 42 14 25 125 122 95 109 81 94 67 8 89 107
    107 74 114 62 114 112 121 31 65 62 61 59 59 60 61 62 64 65 66 68 68
    69 70 73 76 79 80 79 78 76 73 71 69 67 65 63 62 63 64 66 68 71 73 73
    73 72 68 63 61 60 59 60 60 61 62 63 64 64 63 61 59 58 57 56 55 55 55
    55 57 58 61 62 64 66 67 67 68 68 67 66 65 63 62 61 61 63 65 66 68 69
    70 70 69 69 68 66 65 64 63 62 63 65 67 68 67 65 61 59 58 59 60 62 65
    67 69 69 68 66 64 63 61 59 55 54 55 59 62 63 63 63 65 66 67 67 64 61
    58 57 59 63 67 70 71 70 67 64 61 59 58 58 58 58 59 60 61 63 65 66 64
    60 55 52 51 53 57 60 61 60 60 63 68 72 74 72 68 63 59 58 59 61 63 64
    67 70 71 71 69 68 66 64 63 64 66 67 67 65 63 62 63 93 4 35 9 36 7 80
    23 78 20 64 57 4 15 68 38 63 98 124 80 96 60 36 57 45 26 20 27 28
    127 55 99 124 122 42 120 1 17 70 117 72 39 103 100 98 75 46 99 114
    111 12 34 68 9 117 14 122 35 31 109 67 57 76 98 94 63 60 59 59 60 63
    65 66 67 67 68 69 70 70 71 72 75 77 78 77 76 74 72 70 68 66 63 61 60
    60 62 65 67 70 72 72 73 71 67 62 59 58 57 58 58 59 60 61 62 63 63 61
    59 56 54 52 52 53 55 56 58 61 63 64 64 64 65 65 65 66 65 65 64 62 61
    61 62 63 65 66 67 68 68 68 68 67 66 64 63 62 62 62 63 65 67 68 67 65
    62 60 60 61 62 63 65 67 69 69 67 65 63 62 60 57 55 54 55 59 62 62 62
    62 63 64 66 66 66 63 61 60 61 64 68 70 71 69 66 62 60 58 58 59 60 61
    62 64 65 66 68 69 67 62 56 51 49 51 55 57 57 57 57 60 65 71 74 74 70
    65 61 59 60 61 63 64 67 69 71 70 68 66 64 61 59 59 60 61 61 61 61 61
    62 33 73 41 67 93 17 85 59 62 69 63 117 34 127 91 0 9 66 110 67 1 22
    4 64 114 23 27 84 7 80 65 59 98 6 73 15 127 73 55 50 53 40 91 91 31
    93 117 60 117 63 112 6 19 21 120 90 11 87 15 51 103 25 8 38 124 63
    60 58 59 62 66 69 70 69 68 68 69 70 71 71 72 73 74 75 75 73 71 70 68
    65 63 60 58 57 58 60 63 65 67 69 69 72 70 66 61 58 57 57 57 57 57 58
    59 61 63 63 62 59 55 52 50 51 53 56 59 61 64 66 67 65 64 62 62 63 63
    63 62 61 60 60 60 62 63 65 65 66 66 67 67 67 66 64 63 62 62 62 63 65
    66 68 68 67 65 63 62 62 62 63 64 65 67 67 67 65 63 61 59 57 55 54 55
    57 61 64 64 63 62 61 62 63 64 65 64 63 62 62 64 67 68 68 66 63 60 59
    58 59 60 61 62 64 66 67 69 70 70 68 63 56 51 49 50 52 54 55 54 54 57
    63 69 73 73 71 67 63 61 61 63 64 66 68 70 71 70 68 65 62 60 58 57 57
    58 58 59 59 60 62 93 86 63 36 121 36 116 109 86 90 45 2 36 24 39 66
    12 83 85 11 72 116 45 115 119 117 117 51 91 68 121 15 47 26 77 121
    126 3 108 108 2 101 85 22 84 1 40 72 106 70 109 68 79 94 64 93 92 91
    99 5 101 73 108 69 28 64 61 60 62 66 70 73 73 71 69 68 68 69 70 70
    71 71 72 72 72 70 69 67 65 63 61 58 56 55 56 58 60 62 63 64 64 69 68
    64 61 58 58 57 57 56 56 56 57 60 62 64 63 60 56 52 51 53 56 59 62 65
    67 69 69 67 64 62 61 62 63 62 61 60 59 58 59 60 63 64 65 65 65 65 65
    65 65 64 62 62 62 63 65 67 69 70 69 68 66 64 63 63 64 65 65 65 65 65
    64 63 61 59 56 54 53 54 56 60 64 66 66 64 62 60 59 60 62 63 64 63 63
    62 63 64 64 63 62 61 59 59 60 60 61 61 62 64 66 68 69 69 69 67 62 56
    51 48 49 51 53 54 54 54 56 61 67 71 72 71 68 65 64 64 66 68 69 71 71
    71 69 67 64 62 60 59 58 57 57 58 59 60 60 61 52 108 12 92 104 24 113
    118 100 81 8 74 2 94 118 76 106 118 117 115 62 10 112 96 3 99 60 61
    109 35 12 20 12 83 15 42 53 64 73 90 67 26 82 68 66 65 108 87 126 83
    17 10 76 38 114 95 85 119 88 114 112 68 69 95 120 66 63 62 64 68 73
    75 75 72 69 67 67 67 68 69 69 69 69 69 68 67 66 64 62 60 59 58 56 56
    56 58 59 59 59 59 59 67 66 63 61 60 60 60 60 59 57 56 56 59 62 64 63
    61 57 54 54 57 61 64 66 68 69 70 70 67 65 63 62 63 63 63 62 60 58 57
    57 58 61 63 64 64 64 63 63 64 64 64 63 63 63 64 66 68 70 71 70 68 66
    64 63 64 65 66 66 65 64 62 62 61 60 57 54 52 51 53 57 61 65 67 66 64
    60 58 57 57 59 61 63 63 63 62 61 61 60 59 58 59 59 60 61 61 61 61 61
    63 65 66 67 67 67 65 61 56 51 48 48 51 53 54 55 55 57 61 65 69 71 71
    70 67 67 68 70 71 72 72 71 69 67 65 63 61 60 59 58 58 58 59 60 60 59
    59 94 64 31 62 44 30 118 59 108 85 90 73 5 69 126 75 10 83 50 52 41
    78 100 22 69 72 43 108 63 57 85 50 42 111 89 116 11 32 82 125 32 121
    83 66 120 55 50 76 109 45 94 8 90 39 75 33 61 66 108 118 5 103 68
    127 87 68 65 64 66 70 74 76 75 72 68 66 65 65 66 67 68 67 67 66 65
    63 62 60 59 59 59 60 60 60 59 59 59 58 57 56 56 65 64 63 62 62 63 64
    64 63 60 58 57 59 62 64 64 62 60 58 59 62 66 68 69 69 69 69 68 67 65
    64 64 64 65 65 64 61 57 55 54 56 58 61 63 64 63 63 62 63 64 64 64 63
    63 63 64 66 69 70 69 67 64 62 61 63 65 67 67 65 63 62 61 61 60 58 55
    52 51 53 57 62 65 67 66 63 59 56 55 56 57 59 61 62 62 61 60 59 57 57
    57 58 59 61 63 62 61 60 60 62 63 65 65 65 64 62 59 54 50 48 48 51 54
    56 57 58 59 61 64 67 69 70 70 69 69 70 72 72 72 70 68 65 63 62 61 60
    59 58 57 57 58 60 61 60 59 58 3 48 53 37 98 18 99 68 4 127 90 59 0
    65 70 2 100 104 38 80 88 0 98 101 88 102 120 45 65 68 17 68 105 105
    126 19 111 0 99 93 59 110 18 70 106 120 13 46 55 25 119 106 65 2 58
    14 23 119 17 15 10 105 99 77 3 68 66 65 66 70 73 75 74 71 67 65 63
    63 64 65 66 66 64 63 61 60 59 58 57 59 61 64 65 65 64 62 60 59 57 56
    56 62 62 62 63 64 66 68 69 68 65 62 60 60 63 65 66 65 64 63 64 67 71
    72 71 68 67 66 65 64 64 64 64 65 66 67 65 62 58 55 53 53 56 59 61 62
    62 62 62 62 63 64 64 63 61 60 61 63 65 67 67 64 61 59 59 61 64 66 66
    65 63 62 62 63 63 60 57 54 53 55 58 62 66 67 66 63 59 56 55 56 57 59
    60 61 61 60 59 58 56 56 56 57 59 61 63 62 60 59 59 60 62 63 63 63 62
    60 57 53 50 49 49 52 56 59 60 61 61 62 64 66 68 69 69 69 69 70 71 71
    69 66 63 61 59 59 59 59 58 56 55 55 57 59 61 61 60 59 112 29 24 86
    109 82 94 12 6 68 48 74 67 10 37 47 73 15 89 18 74 20 105 35 9 13 66
    97 18 68 125 2 51 53 44 111 7 102 113 18 47 12 111 19 87 14 0 82 66
    110 31 110 7 126 65 9 67 37 106 104 30 112 87 10 106 68 65 65 66 68
    72 73 73 71 67 65 64 63 64 65 66 65 63 61 59 58 57 56 56 59 63 67 70
    70 69 66 63 61 59 58 58 61 61 62 63 65 67 69 70 70 68 65 63 63 64 67
    68 69 68 68 69 71 73 73 71 67 64 62 61 61 62 63 63 64 66 67 67 64 59
    55 53 52 54 56 59 61 62 62 62 63 64 64 63 61 59 57 57 59 61 63 63 61
    57 55 56 58 62 64 65 64 63 63 64 66 66 65 62 59 58 58 60 63 66 67 66
    63 59 57 56 57 58 59 59 59 59 59 58 57 56 56 55 56 58 60 61 61 59 58
    58 59 60 62 63 63 63 61 58 54 51 50 51 55 59 62 63 62 61 62 63 65 66
    68 68 68 69 70 69 67 65 62 60 58 58 59 60 61 59 57 54 54 55 57 60 62
    63 63 16 72 87 89 65 114 67 15 55 25 65 54 87 17 65 87 12 35 96 84
    64 119 0 65 18 10 49 99 2 29 23 28 67 121 76 124 75 52 114 26 29 9
    91 86 78 102 10 41 98 13 3 45 101 89 90 5 101 71 72 78 7 88 45 72 84
    66 64 63 65 67 70 72 72 71 69 67 66 66 66 67 67 66 64 61 59 58 57 56
    57 60 65 70 73 74 72 69 65 63 61 61 61 60 60 61 63 64 66 67 68 68 68
    67 66 65 66 68 70 71 71 72 73 74 75 73 70 65 61 59 58 58 60 61 61 62
    64 66 66 64 61 57 54 52 53 55 57 60 62 63 64 64 65 65 63 60 57 55 55
    57 59 61 60 58 54 52 53 56 60 63 64 64 64 64 66 68 69 69 67 65 62 61
    62 64 66 67 66 63 60 59 59 60 61 61 60 59 58 57 57 56 56 55 55 55 56
    58 60 60 59 59 58 58 59 61 64 65 66 64 61 57 54 52 54 57 61 64 65 63
    62 61 62 63 64 66 67 67 67 67 66 63 60 59 57 57 59 61 63 64 62 59 55
    54 54 57 61 64 67 68 115 98 19 87 127 76 103 50 103 114 6 107 40 86
    56 81 24 106 114 114 94 65 92 51 126 22 54 26 31 78 28 60 120 30 124
    34 28 29 74 31 27 59 124 82 79 28 78 18 89 36 62 87 54 60 71 89 125
    5 122 53 30 120 90 61 90 65 63 63 65 67 70 72 72 71 70 69 69 69 70
    70 70 69 66 63 61 60 59 59 60 62 67 71 75 76 74 71 66 63 62 61 61 60
    61 62 63 63 63 63 63 64 65 66 67 67 67 68 69 70 71 73 74 75 75 73 68
    64 59 57 56 56 58 60 60 60 61 63 64 64 61 58 55 53 53 54 57 60 63 64
    65 65 65 65 63 60 57 55 56 57 59 60 59 56 52 50 51 55 58 61 63 64 64
    65 68 70 72 73 72 69 66 64 63 64 65 64 63 62 60 60 61 63 64 63 61 59
    57 56 56 56 56 56 56 55 56 57 59 60 61 60 59 58 58 61 65 68 69 69 66
    61 57 56 57 60 64 66 66 65 63 61 61 61 62 64 66 66 65 64 61 59 57 57
    58 59 61 64 67 68 65 62 58 55 55 58 62 67 70 72 110 15 34 58 12 60
    94 63 32 45 86 11 82 66 86 115 85 106 3 125 56 65 0 39 103 124 115
    59 40 52 75 56 36 77 107 56 102 90 121 119 18 97 8 16 124 97 39 37
    42 10 108 87 42 51 90 83 1 14 29 100 63 74 114 46 5 63 63 64 66 69
    71 72 72 71 70 71 71 72 73 73 73 71 68 65 63 62 62 62 62 64 68 72 76
    77 76 72 67 63 61 61 61 62 62 62 62 62 61 59 58 59 61 63 65 66 67 68
    68 69 70 71 73 75 74 71 67 62 59 56 56 57 59 60 61 60 60 61 63 63 61
    59 56 54 53 54 57 61 64 66 66 66 65 65 63 60 57 57 58 59 61 61 59 55
    52 50 51 54 58 62 63 64 65 66 69 73 76 77 76 73 69 66 64 63 62 60 59
    58 59 60 62 65 66 66 63 60 57 56 56 57 58 58 57 56 56 58 60 63 63 62
    60 58 58 60 65 69 72 72 70 65 61 59 60 63 66 68 68 67 65 62 60 60 61
    63 64 64 62 60 57 55 56 57 59 62 65 68 70 71 68 65 60 58 57 60 65 69
    72 74 122 72 63 13 1 23 5 4 117 21 6 32 119 35 104 99 4 17 108 101
    26 103 83 94 122 20 50 2 88 70 16 96 64 119 82 111 108 119 116 68 54
    94 72 87 22 9 64 71 103 107 94 14 84 84 42 64 68 123 3 65 104 34 118
    45 78 62 63 65 68 71 73 74 73 71 70 71 71 72 73 74 73 71 69 67 65 65
    65 65 64 65 68 72 75 77 76 73 67 62 60 59 59 62 62 62 62 61 59 57 55
    55 56 60 63 65 66 67 67 68 68 70 72 74 73 70 66 62 59 57 57 59 61 62
    62 61 60 61 61 62 61 60 57 55 54 55 58 61 65 66 66 66 65 65 64 61 59
    59 60 62 63 62 60 56 53 51 52 55 59 63 65 65 66 67 71 76 79 80 79 76
    71 67 64 61 59 56 55 55 57 59 63 66 68 67 65 61 58 57 57 59 60 60 59
    58 58 60 63 66 66 64 60 57 56 59 65 70 73 74 72 69 65 63 63 66 69 70
    70 69 67 63 61 60 60 62 63 62 59 56 54 53 56 59 62 65 67 70 72 72 69
    66 62 60 60 62 67 70 72 72 105 106 77 122 91 61 53 10 7 15 113 98 99
    102 16 103 117 98 96 115 44 49 56 113 70 1 26 113 124 23 6 7 60 17 8
    45 33 32 11 70 100 123 37 21 94 28 59 10 110 34 30 51 100 42 124 62
    37 82 25 21 58 70 121 31 14 62 64 67 70 73 75 75 74 72 71 70 70 71
    72 72 72 71 70 68 67 66 65 65 64 64 67 70 73 76 76 72 67 62 59 57 57
    61 61 60 60 59 58 56 54 53 54 58 62 64 65 66 66 66 66 67 70 72 73 70
    66 63 61 60 61 62 64 64 64 62 61 61 61 61 62 61 59 56 55 55 58 61 64
    65 65 65 65 66 65 63 61 61 62 64 65 64 61 58 55 53 54 57 61 65 67 67
    66 68 72 77 81 82 80 76 72 67 63 59 56 53 52 53 56 60 64 67 69 69 67
    64 60 59 60 62 63 63 61 60 61 63 66 68 68 64 60 56 55 58 64 69 73 74
    73 71 68 66 66 68 71 72 72 71 69 66 63 61 60 61 61 59 56 53 52 53 56
    61 65 67 69 71 72 71 68 65 63 61 62 64 67 69 70 69 0 106 4 22 103 4
    94 96 113 110 105 100 107 65 50 49 124 37 72 30 76 104 5 36 119 48
    106 3 112 23 76 47 122 67 9 65 80 89 89 74 14 125 77 96 118 113 19 6
    58 39 48 92 8 35 4 50 80 117 73 28 64 55 9 15 48 64 66 69 71 74 75
    75 74 72 71 70 69 69 70 70 71 71 70 69 68 66 65 64 62 62 64 67 70 73
    74 72 67 62 59 58 58 57 57 57 57 57 56 55 54 53 54 57 61 63 64 64 64
    64 64 65 68 71 72 70 67 65 63 64 65 67 67 67 65 63 62 61 61 61 62 62
    60 58 57 56 59 62 64 65 65 65 65 66 66 65 64 63 64 65 66 65 63 60 57
    56 57 60 64 67 68 68 67 68 71 76 79 80 79 76 72 67 63 59 55 52 52 53
    57 61 65 69 72 73 71 67 64 63 64 65 66 65 63 62 63 66 68 69 68 64 58
    55 55 58 63 68 72 74 74 71 69 67 68 69 71 72 73 73 71 68 65 62 60 60
    59 57 54 52 51 53 57 61 65 67 69 69 70 69 66 63 61 61 63 65 68 68 67
    64 43 124 27 47 99 71 64 119 68 89 46 92 104 66 89 4 114 86 71 79 20
    53 83 54 92 8 25 64 88 67 36 15 127 77 119 77 119 5 17 87 67 78 74
    104 127 84 54 1 64 10 2 21 78 22 42 66 28 109 39 30 86 99 118 75 27
    69 71 72 73 74 75 75 74 72 70 69 68 68 69 70 70 71 72 71 69 67 64 62
    60 60 62 64 67 70 72 71 68 64 61 59 58 53 53 54 55 56 56 56 55 54 53
    56 59 62 62 62 62 62 62 64 67 70 72 71 68 66 65 67 69 71 71 69 66 64
    62 62 62 62 62 63 62 60 59 58 60 63 66 67 67 66 66 66 66 66 65 65 65
    66 67 65 63 61 59 59 60 63 66 69 70 69 67 67 69 72 75 77 77 75 72 68
    64 60 57 54 54 56 59 62 66 71 75 76 74 71 68 66 67 68 68 66 64 63 65
    67 70 70 68 63 58 55 55 57 61 66 70 73 73 72 69 68 68 69 71 72 72 72
    72 70 66 63 61 60 58 56 54 53 52 54 57 60 63 65 66 66 66 64 62 60 59
    60 62 65 67 66 64 61 10 3 27 44 13 62 53 17 47 59 43 76 103 120 1
    123 114 70 89 68 47 106 98 10 0 114 17 3 72 2 9 76 13 101 9 72 11 44
    19 9 83 55 116 5 41 69 72 55 26 34 37 47 75 23 87 34 10 102 98 50 46
    107 53 37 44 73 74 74 73 72 72 72 72 71 70 69 68 68 69 70 71 72 72
    72 70 67 64 61 59 59 60 62 64 67 69 69 67 64 62 60 59 51 52 53 55 57
    58 58 56 54 53 55 58 60 60 60 59 59 60 63 66 70 72 70 68 66 65 67 70
    72 72 70 67 65 64 63 63 62 62 62 62 61 60 60 62 65 68 70 70 68 66 65
    65 64 64 64 66 67 67 65 64 62 61 61 63 66 68 70 70 68 66 65 66 68 71
    73 74 73 71 69 66 62 59 57 58 59 62 65 68 72 77 78 76 73 70 69 69 70
    69 68 65 65 66 69 71 71 69 64 60 58 57 58 61 64 68 72 73 72 70 69 69
    69 70 70 71 70 70 69 66 63 61 59 58 57 56 56 55 56 57 59 62 63 63 62
    61 59 57 56 55 57 60 63 65 64 61 58 97 9 12 58 100 123 116 6 14 52
    79 116 16 127 111 72 91 73 52 45 82 82 39 121 86 22 3 1 121 89 27 87
    86 85 9 53 124 88 36 0 121 71 103 74 37 43 100 67 95 120 90 33 108
    73 76 56 53 95 24 33 66 64 12 103 110 76 76 74 72 70 69 69 69 68 68
    68 68 69 70 71 71 72 73 72 70 67 64 61 59 58 58 60 62 65 67 67 66 64
    62 60 59 53 53 55 58 60 60 59 58 55 54 54 56 58 58 58 58 58 59 62 66
    69 70 68 65 62 62 64 68 71 71 70 67 65 64 64 63 62 61 62 62 62 62 61
    63 67 70 73 73 70 67 65 63 62 62 64 66 68 68 66 64 63 63 64 66 68 69
    69 69 68 66 64 64 65 67 69 71 72 71 70 67 65 62 61 61 63 65 66 69 72
    76 78 76 73 71 69 69 70 69 67 65 64 66 69 71 72 70 66 63 61 60 60 61
    64 67 70 72 72 71 70 69 69 69 68 67 67 66 65 63 61 59 58 58 59 59 60
    60 59 60 61 62 62 61 59 57 55 53 52 52 55 58 61 63 62 59 56 18 49
    119 57 117 123 58 60 49 117 48 28 6 52 41 97 29 120 46 33 98 93 36
    123 26 117 115 102 23 10 64 82 53 34 23 65 110 110 19 66 33 125 40
    75 110 113 44 82 95 105 10 41 88 114 87 99 117 67 77 15 103 50 109
    107 74 77 76 73 69 67 66 66 66 66 66 67 68 70 71 72 72 72 72 70 68
    66 63 61 58 57 57 59 61 64 65 66 65 64 63 62 61 55 56 58 60 62 62 60
    58 56 54 54 56 57 58 58 58 58 60 62 65 68 68 65 61 58 58 60 64 67 69
    68 66 65 65 65 64 62 61 62 62 63 63 63 65 68 72 75 75 73 69 65 62 60
    60 63 66 68 69 67 66 66 67 68 70 70 70 68 67 66 65 64 63 64 65 67 69
    70 71 70 68 66 64 63 63 65 66 67 69 71 74 75 74 71 69 68 68 69 68 67
    64 63 64 67 70 71 70 68 65 64 63 62 62 64 67 69 71 71 71 70 70 69 68
    66 65 64 63 62 61 59 58 58 58 60 62 64 64 64 63 64 64 64 61 58 55 52
    50 50 51 53 56 59 60 59 57 55 58 75 1 60 36 30 61 123 34 86 74 78 12
    93 68 13 44 81 52 102 76 56 82 4 55 101 103 86 78 71 53 45 122 56
    116 106 110 54 116 45 103 30 26 101 11 87 57 45 17 48 119 7 70 82 73
    12 41 75 119 7 27 15 90 48 83 74 73 70 66 63 63 63 64 64 65 66 68 70
    71 72 71 70 69 67 65 63 61 59 58 57 57 59 61 64 65 64 64 64 64 64 64
    57 58 60 62 63 63 61 59 57 55 55 56 58 59 59 59 60 61 63 66 67 66 63
    58 55 55 57 61 65 66 66 65 66 66 67 66 64 63 63 63 64 64 64 66 69 72
    76 76 74 70 66 62 60 60 62 66 69 70 69 69 69 70 72 72 71 68 66 65 65
    65 64 64 64 65 66 68 69 70 69 68 67 65 64 64 66 67 67 68 69 70 71 70
    68 67 66 67 67 67 65 63 62 62 65 67 69 69 67 66 64 63 63 63 64 66 68
    69 70 70 70 69 68 67 65 63 62 61 60 59 58 57 57 58 61 64 67 68 67 67
    67 68 67 64 60 56 52 50 50 52 54 56 57 58 57 55 53 30 112 8 84 79 94
    25 95 22 88 18 58 116 104 55 87 6 60 24 71 127 65 86 67 106 13 6 22
    3 114 32 13 33 37 69 60 123 4 101 64 27 43 22 49 39 110 31 127 58 8
    60 8 49 78 69 12 121 96 34 56 24 94 1 35 69 71 71 67 63 61 61 62 63
    63 65 66 69 71 72 72 70 67 65 63 61 59 58 57 57 57 58 60 62 64 64 63
    63 64 65 66 66 61 61 62 63 63 62 61 59 57 56 56 57 59 61 61 62 62 64
    65 67 67 66 63 59 56 55 57 61 64 66 66 66 67 69 70 69 67 66 65 64 64
    64 65 67 69 72 75 76 75 71 66 62 60 60 62 66 69 70 69 70 71 73 74 73
    70 66 63 62 63 64 65 65 65 65 66 67 68 69 68 68 66 64 63 64 66 67 67
    67 67 68 67 66 65 64 64 64 64 64 62 61 60 60 62 65 66 67 65 64 62 62
    62 62 64 66 68 68 68 68 68 68 67 66 64 63 62 62 61 60 59 57 56 57 61
    65 69 70 70 69 69 69 68 66 62 57 53 51 52 54 55 57 58 58 57 55 53 74
    5 4 101 33 94 25 25 1 10 29 124 78 13 23 26 102 11 24 66 90 4 18 107
    94 116 110 73 108 1 116 85 61 88 48 65 122 15 100 100 19 24 111 125
    101 106 122 46 36 28 60 73 67 62 37 21 6 107 90 92 19 118 25 36 57
    68 68 65 62 61 61 62 63 64 65 67 69 71 72 71 68 64 61 59 57 56 56 56
    57 58 60 61 63 64 64 63 62 63 64 66 66 65 65 64 64 62 60 59 58 57 57
    58 60 62 64 64 64 64 65 67 69 69 69 66 62 60 59 60 63 66 68 68 68 69
    71 72 72 70 68 66 65 64 64 65 67 69 72 75 76 74 70 66 62 60 60 63 66
    68 69 69 70 71 73 73 71 67 62 59 59 61 64 65 65 66 66 66 67 67 68 68
    68 66 64 63 64 66 67 68 68 67 67 66 65 63 62 61 61 60 60 59 58 58 59
    61 63 65 65 64 62 60 60 60 62 64 67 68 68 67 66 66 66 66 65 65 64 64
    63 63 63 61 60 58 58 61 65 69 71 70 69 69 68 68 66 63 60 56 54 54 56
    57 59 60 60 58 57 56 22 95 14 17 41 17 111 36 121 44 81 55 25 120 76
    45 66 4 12 33 101 42 110 69 117 55 57 56 78 115 78 74 112 81 123 101
    88 58 59 27 30 7 109 118 82 49 108 48 68 70 118 115 29 115 120 30 44
    5 0 70 88 23 19 24 86 65 66 64 62 62 62 63 63 63 64 66 69 70 71 69
    65 62 59 56 55 54 55 56 58 59 60 61 62 63 63 62 61 61 62 64 64 69 68
    66 64 61 59 57 57 57 59 61 64 67 69 68 67 67 67 68 70 72 72 70 67 64
    63 65 67 70 71 71 70 70 71 72 72 72 70 67 65 64 64 65 66 69 72 74 75
    73 70 65 61 59 59 62 65 68 68 68 68 70 72 71 67 62 58 56 57 60 63 65
    65 66 67 67 67 67 68 68 69 67 65 64 64 66 68 70 70 69 68 67 64 62 60
    59 57 56 56 56 57 58 60 62 63 65 65 64 62 60 59 60 62 65 68 69 68 66
    64 63 64 65 65 65 65 65 66 66 66 65 63 61 60 61 64 68 69 69 67 66 66
    66 66 64 62 59 56 56 57 59 61 62 62 61 60 60 23 17 91 64 91 10 36 49
    109 119 7 111 89 6 117 22 27 17 56 86 99 46 108 86 100 94 36 19 61
    97 36 90 42 92 25 52 97 61 46 46 38 5 34 75 3 115 65 121 57 86 34 65
    122 119 121 93 36 14 67 36 84 75 73 46 4 63 64 63 62 62 63 63 63 63
    63 65 66 68 68 66 63 60 57 55 54 54 55 57 58 59 60 61 62 62 62 60 59
    58 59 61 62 71 70 67 64 61 58 57 57 58 60 64 69 72 74 73 71 69 68 69
    71 73 73 72 70 68 67 68 70 73 74 73 71 70 69 70 70 71 70 68 66 65 65
    65 66 68 70 72 72 71 68 64 60 58 58 61 65 67 67 67 67 69 70 68 63 58
    55 54 55 58 61 64 65 66 67 67 66 67 68 69 69 67 65 64 66 68 70 72 73
    72 71 68 65 62 58 56 54 53 54 55 57 59 61 63 64 66 66 65 63 61 60 61
    63 66 69 69 67 65 62 61 62 64 65 66 66 66 67 68 68 67 65 63 62 62 64
    66 68 67 66 65 64 64 64 64 63 61 60 59 60 61 62 64 64 64 63 63 103
    67 108 94 49 101 115 111 51 69 68 103 46 125 50 120 54 94 92 49 31
    93 22 107 106 80 97 124 122 116 6 49 88 78 37 18 34 24 117 11 12 53
    95 49 79 82 25 25 47 89 31 68 58 56 58 93 109 1 7 16 27 49 18 88 50
    62 63 62 61 61 62 63 63 63 62 62 63 64 64 63 61 58 56 55 55 55 55 56
    57 58 60 61 62 62 61 59 57 56 57 59 60 71 70 67 63 60 58 58 58 59 61
    66 71 76 78 77 74 70 68 68 69 71 73 72 70 68 67 69 71 74 75 74 72 69
    67 67 68 69 69 69 68 68 67 67 66 66 68 69 69 68 66 63 60 57 57 60 63
    66 67 66 66 67 67 65 61 57 54 53 54 57 60 62 64 66 66 66 66 67 68 69
    70 68 66 66 67 70 73 75 75 75 73 70 66 61 58 55 53 53 54 56 59 61 63
    64 65 66 66 66 63 62 61 62 65 68 70 70 67 64 61 60 61 63 65 66 67 67
    68 68 68 67 65 64 62 62 63 64 65 65 64 63 62 62 62 63 63 63 62 61 61
    62 63 64 65 65 64 64 28 106 120 106 52 28 77 59 71 103 27 13 90 50
    74 41 20 98 91 29 112 88 21 35 60 16 21 54 46 1 4 54 115 61 98 105
    36 28 72 87 97 77 118 79 49 51 100 4 9 92 6 27 105 55 80 107 121 67
    78 125 69 55 47 3 72 63 63 62 61 61 61 62 62 62 61 60 60 61 62 61 60
    58 57 57 56 56 55 54 54 56 58 61 62 62 61 59 56 55 56 57 58 69 68 65
    62 60 59 59 59 59 61 65 71 76 79 79 75 71 67 66 67 69 70 70 69 67 67
    68 71 74 75 74 71 67 64 63 65 67 68 69 70 70 70 69 67 65 65 66 66 65
    64 63 60 58 58 59 63 66 67 66 66 66 65 63 60 57 55 54 54 55 57 60 62
    63 64 63 64 65 67 69 70 69 68 68 70 73 75 77 77 76 74 71 66 61 58 56
    56 57 59 61 63 64 65 65 64 65 66 65 64 63 63 64 67 70 71 70 67 63 60
    59 60 63 66 67 68 68 67 67 66 65 64 63 62 61 62 62 62 62 62 62 61 60
    60 60 61 62 62 62 62 62 62 63 64 64 64 63 75 38 95 23 77 33 14 82 66
    92 43 63 102 111 80 94 24 109 20 65 35 86 16 59 15 105 40 127 24 127
    89 84 86 102 18 59 63 83 65 61 0 71 89 1 104 62 9 104 82 127 27 17
    74 103 23 77 112 89 118 92 56 98 35 48 108 64 65 63 62 60 60 61 61
    61 60 60 60 60 61 61 61 60 60 60 59 58 56 53 52 54 58 62 64 63 62 59
    57 56 56 57 58 66 65 63 61 60 60 60 59 59 60 63 69 74 78 78 75 71 67
    64 65 66 68 69 68 66 66 67 69 72 74 73 69 65 61 60 62 64 67 69 70 71
    72 70 67 65 64 63 63 63 64 64 62 61 59 60 63 66 67 67 66 65 64 62 60
    58 57 56 55 54 55 57 59 60 60 60 60 62 65 68 70 69 68 69 71 74 77 78
    79 77 75 70 65 61 58 58 60 62 64 65 67 67 66 64 63 63 64 63 63 63 64
    66 69 71 72 71 68 63 59 58 60 64 67 68 68 68 66 65 64 63 63 63 62 61
    61 60 59 59 60 60 60 59 58 58 59 60 60 61 61 61 61 62 63 64 63 62 9
    8 18 22 104 55 10 103 79 81 87 40 116 62 51 70 106 22 40 71 55 5 19
    96 61 114 125 21 123 26 14 13 92 73 56 10 18 115 95 27 105 80 50 121
    126 79 68 32 100 54 36 20 86 36 126 94 23 12 73 79 105 71 109 114
    124 65 66 65 63 61 60 60 60 61 61 61 61 61 62 62 63 64 64 64 62 60
    56 53 52 54 59 63 65 65 63 61 59 58 58 59 59 63 62 61 60 60 60 60 60
    59 59 61 66 71 75 76 75 72 68 65 64 65 67 68 68 67 66 66 67 69 71 70
    68 63 59 58 60 63 66 68 69 71 72 70 67 65 63 63 63 64 65 66 65 64 62
    61 63 66 68 68 67 65 63 61 59 58 58 58 56 54 53 54 57 58 57 56 55 57
    61 65 68 68 67 68 70 73 76 78 78 76 73 68 63 60 59 60 63 65 68 69 69
    69 67 64 61 61 61 61 61 62 63 66 69 71 72 71 68 63 60 59 61 65 68 70
    69 68 66 64 62 61 62 63 62 61 60 58 57 56 58 59 59 59 57 56 56 56 57
    58 58 59 60 61 63 64 63 62 6 100 89 46 103 122 66 55 8 85 103 23 78
    31 117 66 108 127 104 16 103 118 125 74 57 101 37 63 108 23 90 92 31
    97 53 97 110 26 121 102 64 91 123 100 14 51 89 122 95 110 79 25 16
    67 0 1 22 87 13 112 24 10 72 31 65 65 67 66 65 63 61 60 60 61 62 62
    62 62 62 63 65 66 67 67 65 62 58 54 53 56 61 65 68 67 65 63 62 61 61
    61 61 60 60 59 59 60 60 60 59 59 59 60 63 68 72 75 75 73 70 67 66 67
    68 69 69 68 67 66 66 67 68 68 66 63 59 58 59 62 64 66 67 69 70 69 67
    65 64 64 65 67 69 69 68 66 64 62 64 66 68 68 67 64 61 59 58 58 58 58
    56 54 53 54 56 57 56 53 52 53 57 61 64 65 65 66 68 71 73 74 74 72 68
    64 60 58 59 61 64 67 69 70 70 70 67 64 61 59 58 58 59 60 62 65 69 71
    71 70 67 63 60 60 62 66 69 69 68 67 65 63 62 61 62 63 63 61 59 57 56
    55 57 58 59 58 57 55 53 52 52 54 55 57 59 62 64 65 64 63 93 6 101 89
    72 107 115 80 108 9 103 73 99 46 94 114 69 77 127 79 92 94 57 33 8
    69 123 82 86 74 4 98 45 82 43 105 118 90 56 63 98 77 104 18 28 120 8
    72 16 117 82 115 107 77 71 126 47 118 99 88 92 30 33 57 19 65 68 68
    67 65 63 62 62 62 63 63 63 63 63 64 67 69 70 69 67 63 59 56 56 59 64
    68 70 69 67 65 64 63 63 63 63 59 59 59 59 59 59 59 59 58 58 59 61 66
    70 74 75 75 72 70 69 70 71 71 71 70 69 68 67 67 67 67 66 64 61 59 60
    61 63 64 65 67 68 68 67 66 66 66 68 70 71 71 70 68 65 63 63 66 67 67
    65 63 60 57 57 57 58 59 58 56 55 56 58 58 56 52 49 49 53 57 61 63 64
    65 67 68 69 69 69 67 64 60 58 57 58 61 64 66 68 69 69 69 68 64 61 58
    57 57 57 59 61 65 68 70 70 68 65 62 60 60 63 65 67 67 66 65 63 63 62
    62 62 63 63 62 60 58 56 56 57 58 58 57 55 52 50 49 49 50 53 56 59 63
    65 66 65 64 96 39 40 122 117 45 91 9 119 39 105 79 94 48 63 2 82 102
    2 28 22 119 10 87 13 25 46 94 112 77 25 79 66 34 33 102 110 44 78 20
    35 41 87 104 0 107 84 52 75 38 45 11 78 19 19 78 71 62 95 118 127 47
    125 91 11 66 69 70 70 68 66 64 64 64 64 64 63 62 63 65 68 70 71 71
    68 64 60 58 59 63 67 71 72 71 68 66 64 64 64 64 64 59 59 59 58 58 58
    58 57 57 57 58 61 65 70 74 76 76 75 73 72 73 73 74 74 73 72 70 69 68
    68 68 68 67 64 62 61 61 62 62 63 65 66 66 66 67 67 68 70 71 72 72 70
    68 66 64 64 66 66 66 64 61 58 56 56 57 59 60 60 59 59 60 61 60 57 52
    48 47 50 54 59 62 65 67 68 68 66 65 64 62 59 57 56 55 57 59 61 63 64
    65 66 67 67 65 62 59 58 57 58 59 61 63 66 68 67 65 62 60 59 59 61 63
    64 64 63 62 62 63 63 63 63 63 63 63 62 60 58 58 58 59 58 56 54 51 49
    47 48 50 53 57 60 64 66 67 66 65 64 65 67 69 71 71 71 70 70 71 72 73
    73 73 73 74 75 74 71 66 62 58 56 56 56 58 60 61 62 62 62 64 66 70 73
    74 74 72 68 65 62 60 60 61 63 63 62 60 58 58 60 62 64 65 68 71 73 74
    73 72 70 68 65 64 64 67 70 72 72 70 68 66 65 65 65 64 63 62 62 64 68
    70 72 71 68 64 61 60 62 65 69 71 72 70 68 66 64 64 64 63 63 61 61 60
    59 58 57 56 56 56 57 58 61 66 71 75 77 77 76 75 74 74 75 75 75 75 74
    72 71 70 70 71 71 70 68 66 63 62 61 61 61 63 64 65 66 67 68 69 70 71
    70 70 68 67 66 65 66 67 67 65 63 60 57 55 56 58 60 62 63 63 64 64 64
    63 58 53 49 48 50 54 58 63 67 69 70 69 66 63 61 60 58 56 55 54 54 55
    57 58 59 60 61 63 65 64 63 60 59 59 59 59 60 61 63 64 64 62 59 57 56
    57 59 60 61 60 60 60 61 63 65 65 64 64 64 64 63 62 61 60 60 60 59 57
    55 53 50 50 51 53 56 59 62 64 66 67 66 65 64 64 65 67 68 68 68 67 67
    67 68 70 71 72 72 74 75 76 73 68 63 58 55 54 54 54 56 57 58 58 60 62
    65 68 71 73 72 70 66 63 59 57 57 58 60 61 60 58 56 56 58 60 62 64 67
    69 71 72 71 69 67 66 64 63 64 66 70 72 72 70 68 66 65 65 65 64 63 62
    62 63 66 69 70 70 67 64 62 61 63 66 68 69 69 68 67 65 64 63 63 63 62
    63 62 61 59 58 56 56 56 56 57 58 62 67 72 76 77 77 76 74 74 74 75 75
    75 75 74 73 72 72 73 74 74 73 71 68 65 63 62 61 61 62 63 65 67 69 71
    71 70 69 67 66 65 65 65 66 67 67 66 65 62 59 57 57 57 59 62 63 64 66
    67 68 68 65 61 56 52 51 53 56 60 64 68 72 73 71 67 63 61 60 58 57 56
    54 53 53 54 55 56 57 58 61 63 64 63 62 61 61 60 59 58 58 59 61 61 60
    57 55 54 55 57 58 58 57 57 57 59 62 65 66 66 65 65 65 65 64 63 61 61
    61 60 60 59 57 55 55 56 58 61 62 63 64 65 65 65 64 63 62 63 64 65 65
    64 63 62 62 64 66 69 71 72 74 76 77 75 71 65 59 55 53 52 52 53 54 55
    56 58 60 63 65 68 70 70 68 65 61 57 54 54 55 58 60 59 57 55 55 56 58
    59 60 63 66 68 69 68 66 65 64 63 62 63 65 68 70 70 68 66 64 63 64 65
    64 63 62 61 62 64 66 68 68 66 64 62 62 63 65 66 66 66 66 65 64 63 62
    62 61 61 64 63 61 59 57 56 56 56 56 57 58 62 68 73 76 77 76 74 73 72
    73 73 75 76 76 75 74 73 74 75 76 75 74 71 69 66 64 63 62 62 63 64 66
    68 71 72 72 70 68 65 63 63 63 64 65 67 67 67 65 63 61 60 60 61 62 63
    64 65 66 69 71 71 69 65 61 58 57 59 60 63 66 69 73 74 72 69 64 61 60
    59 58 57 55 53 52 52 54 55 56 57 60 62 64 64 63 62 62 61 58 56 55 57
    59 60 59 56 54 54 55 56 57 56 55 54 55 57 61 65 67 68 67 66 66 66 64
    62 61 61 61 63 64 64 63 62 61 62 64 66 66 66 65 64 64 63 62 61 61 61
    62 62 62 61 59 58 58 61 64 68 71 72 74 75 77 76 72 67 61 56 54 52 52
    52 54 55 57 58 59 61 62 64 66 66 66 64 60 57 53 52 54 57 59 59 57 55
    54 54 55 55 57 59 63 66 67 66 64 63 62 61 61 62 64 66 67 66 64 63 61
    61 63 64 65 64 63 62 62 63 64 66 66 65 63 62 62 62 63 62 62 62 63 64
    63 62 62 61 60 59 65 64 62 60 58 57 57 57 57 57 59 63 68 73 76 76 75
    73 71 70 71 72 74 75 76 75 74 73 74 75 76 75 73 70 68 65 64 64 64 64
    65 66 67 69 72 73 72 69 66 64 62 62 62 63 64 66 66 66 65 64 64 64 65
    65 65 64 64 64 66 69 71 73 72 70 67 65 64 64 65 65 67 69 72 73 72 69
    65 62 61 60 59 57 55 53 52 53 55 57 58 59 60 62 64 64 64 63 62 60 58
    55 54 56 59 61 60 58 56 55 56 57 57 56 54 53 53 55 59 64 68 70 69 68
    67 65 62 59 58 59 61 65 68 69 69 68 67 68 69 70 70 68 66 64 63 61 60
    60 59 59 60 59 59 58 56 56 57 59 63 67 70 71 72 74 75 74 72 67 61 57
    54 52 52 53 55 57 58 59 59 59 59 60 62 63 63 62 60 57 55 53 54 56 58
    58 57 56 54 53 53 53 54 57 61 64 65 65 63 62 61 61 61 61 62 64 64 63
    62 61 60 61 63 65 66 66 65 64 63 63 64 64 64 64 63 62 61 61 60 58 58
    59 61 63 63 63 62 60 58 58 66 65 63 61 60 59 58 58 57 57 59 63 68 72
    75 76 74 72 70 69 69 70 72 74 74 74 72 72 72 73 74 73 71 69 67 65 65
    65 66 66 67 68 69 69 71 72 71 68 66 63 62 62 62 63 63 64 65 66 66 66
    67 68 68 68 67 65 63 62 64 67 70 73 74 74 72 70 69 68 67 67 67 68 70
    71 70 68 64 62 61 60 59 58 56 55 54 55 58 60 61 61 62 63 64 65 66 65
    63 61 57 55 54 57 61 63 62 60 58 57 58 58 58 57 55 53 52 54 58 64 69
    72 72 70 67 63 59 56 54 56 60 65 69 71 71 71 70 72 73 73 72 70 67 64
    62 61 60 59 58 58 58 58 57 56 55 55 57 60 63 67 70 71 71 71 71 71 69
    66 61 57 54 53 53 54 56 59 60 60 60 59 59 58 59 60 61 60 60 59 57 56
    56 57 58 58 58 58 56 55 54 53 54 57 61 63 65 64 63 62 61 61 61 61 61
    62 62 61 60 60 61 62 64 66 67 68 68 67 66 65 64 64 63 62 62 61 60 59
    57 55 55 56 60 63 64 64 63 61 58 57 67 66 65 64 62 61 60 58 57 57 59
    63 67 71 73 74 73 71 70 69 68 69 70 71 71 70 69 69 69 70 70 70 69 67
    66 66 66 67 67 67 68 69 69 69 69 69 69 67 65 64 63 63 63 62 63 64 65
    65 66 67 69 70 70 68 66 64 62 61 62 65 68 71 74 75 75 74 72 70 69 67
    67 66 67 67 66 65 63 61 61 60 60 59 59 58 58 59 61 63 64 63 63 64 65
    67 68 67 65 62 59 56 57 60 64 65 64 61 60 59 60 60 60 59 57 54 54 55
    59 65 70 74 74 72 67 62 57 53 52 54 58 63 67 69 70 70 71 73 75 75 74
    71 67 64 62 61 60 59 57 56 56 57 57 57 56 57 59 61 65 68 70 70 69 68
    68 68 67 65 61 57 55 54 54 55 58 60 61 61 61 60 59 58 57 57 57 58 59
    60 60 59 58 58 58 59 60 60 59 57 56 55 56 58 61 63 64 64 63 62 61 61
    61 61 61 60 60 60 60 61 62 64 66 68 69 70 71 70 70 68 66 64 62 61 61
    60 60 58 56 54 54 56 59 63 65 66 65 62 60 58 66 66 66 66 65 64 61 59
    58 58 59 62 65 68 70 71 71 71 70 70 70 69 69 69 68 66 65 65 65 66 67
    67 67 67 66 66 67 67 67 67 68 68 69 68 68 68 67 66 65 64 64 64 63 63
    63 64 65 65 66 67 69 69 68 66 64 62 61 60 61 62 64 67 70 72 73 73 73
    71 69 67 65 63 63 62 62 62 61 61 62 62 63 63 63 62 63 64 65 66 66 65
    64 65 66 68 70 70 68 64 62 60 61 64 66 66 64 62 60 60 61 61 61 60 58
    56 55 57 61 66 71 75 75 72 68 62 57 53 52 54 58 61 63 65 66 68 70 72
    74 75 74 71 67 64 62 62 61 60 58 57 57 58 59 60 60 61 62 64 66 68 69
    69 67 66 65 65 65 64 62 59 56 55 56 58 61 63 63 62 62 61 59 57 56 55
    55 56 58 61 62 62 61 59 59 60 61 63 62 61 59 58 58 60 61 63 63 62 62
    61 60 60 60 60 59 58 59 59 60 62 63 65 67 69 70 71 72 72 71 69 66 63
    61 60 60 60 59 58 57 55 56 57 60 63 66 67 66 64 61 60 64 64 66 67 67
    65 62 60 59 59 61 62 64 65 66 68 69 70 71 71 71 70 68 66 64 62 61 61
    62 63 64 65 66 66 67 67 67 67 66 65 66 67 68 68 68 67 67 66 65 65 65
    65 65 66 66 66 66 66 66 67 68 68 65 63 61 60 60 61 61 61 61 62 65 67
    69 71 71 71 69 66 63 60 58 58 59 60 62 63 64 66 67 68 68 68 69 69 70
    69 68 66 65 65 66 68 70 70 69 67 65 64 65 67 68 67 64 61 60 60 61 61
    61 60 58 56 57 58 62 66 71 75 75 73 68 63 59 56 56 57 59 60 60 61 62
    64 66 69 71 72 71 69 65 63 62 62 62 62 60 59 60 61 63 64 64 65 66 67
    68 69 69 68 66 64 62 62 64 64 63 61 59 58 59 61 64 65 65 64 63 61 59
    57 56 55 54 55 58 61 62 62 61 59 59 60 62 64 65 64 62 60 59 59 60 60
    60 59 58 57 56 56 56 57 56 56 58 59 61 62 64 66 67 68 69 70 71 70 70
    68 65 62 59 58 58 59 59 59 58 57 58 59 61 63 65 66 65 62 59 58 61 62
    65 67 67 65 62 61 61 62 63 64 63 62 62 64 66 69 71 72 72 70 67 64 61
    59 58 58 59 60 61 63 64 65 67 67 67 66 65 64 64 66 68 69 69 68 67 66
    65 65 66 67 67 68 68 68 68 68 68 68 68 66 63 60 59 60 61 62 62 61 59
    59 60 62 64 67 69 70 68 65 61 57 55 55 57 60 63 66 67 69 71 73 74 74
    74 74 73 71 69 67 66 66 66 68 69 69 69 68 67 67 68 69 69 67 64 61 59
    59 59 59 58 57 56 56 57 59 62 66 70 74 75 73 70 67 64 62 61 61 61 61
    60 59 60 61 62 65 66 68 67 65 63 61 61 62 64 64 63 63 63 64 66 67 68
    68 68 68 68 68 68 67 66 63 61 61 64 66 66 65 62 61 62 64 66 67 66 65
    64 62 60 59 58 57 56 56 58 60 61 60 59 58 58 59 62 64 65 65 63 60 58
    56 56 56 56 55 54 52 51 51 51 52 53 54 57 59 61 62 64 65 66 66 67 67
    67 67 67 66 63 60 57 57 57 57 58 58 58 59 60 61 61 61 61 61 59 57 54
    53 59 60 63 66 66 64 61 60 62 64 66 65 63 61 60 61 63 67 70 71 71 69
    65 62 59 57 56 56 57 58 60 61 62 64 65 66 66 65 64 64 65 67 69 70 71
    70 68 66 65 66 67 68 69 69 69 69 70 70 70 69 68 65 62 59 58 60 62 64
    63 62 60 58 57 58 61 64 67 69 68 65 61 56 54 54 57 62 65 68 70 72 74
    77 78 79 78 76 74 71 69 68 67 67 67 67 67 67 68 68 69 69 70 71 70 68
    66 63 60 59 58 56 55 54 54 55 57 58 61 64 69 72 74 75 74 72 70 68 66
    65 64 63 62 61 61 60 60 61 62 63 63 62 61 60 61 62 65 66 66 65 65 66
    67 67 68 69 69 68 67 66 66 66 64 62 60 61 64 67 69 68 66 65 64 65 66
    67 67 66 65 64 63 62 61 60 58 58 58 58 58 58 57 57 57 58 60 63 65 65
    63 59 56 53 52 52 53 52 50 49 48 47 48 49 50 52 55 58 60 61 62 62 62
    62 62 62 63 64 64 64 62 59 56 55 55 56 56 57 58 59 61 61 61 59 58 56
    54 52 49 48 58 59 62 65 66 64 61 60 62 65 68 68 65 61 59 60 62 65 68
    70 69 67 63 59 57 55 56 56 57 58 59 60 60 62 63 63 64 65 65 65 66 69
    71 72 73 72 70 67 67 67 69 69 69 68 68 68 69 71 71 70 67 64 60 58 58
    60 62 64 65 64 61 59 57 58 60 63 67 69 69 67 62 58 56 56 59 64 67 70
    72 74 77 79 81 81 79 76 73 70 69 68 68 68 67 65 64 64 66 68 70 71 72
    73 73 72 69 66 63 59 57 55 53 53 54 55 57 59 61 64 68 71 74 76 76 75
    74 72 70 67 65 65 65 65 63 61 59 58 59 59 60 60 60 60 60 62 64 66 66
    65 65 65 66 67 68 69 69 68 66 64 63 63 63 61 59 60 63 67 70 71 70 68
    66 65 64 65 65 65 65 65 65 65 64 63 62 61 59 58 58 58 57 57 57 58 59
    61 63 64 62 59 55 51 50 50 51 51 49 48 47 47 47 48 49 51 54 57 59 59
    59 59 58 57 57 57 59 60 62 63 62 59 56 55 54 55 55 56 58 60 61 62 61
    58 55 53 51 49 47 47 59 60 63 66 67 64 61 61 63 66 69 69 66 63 61 61
    63 66 68 68 67 64 61 57 55 56 57 58 59 60 60 60 59 60 60 61 62 64 66
    68 69 71 73 73 73 72 70 68 68 69 70 71 69 67 66 66 68 70 70 69 65 62
    59 57 57 58 60 63 64 64 63 60 59 59 60 63 66 69 70 69 66 63 61 60 63
    66 69 71 73 76 78 79 80 79 77 73 70 68 68 69 69 69 67 64 62 62 65 68
    71 74 76 77 78 77 75 71 66 61 57 55 53 53 55 56 59 60 62 65 68 71 73
    75 76 76 75 73 70 67 65 66 68 68 66 63 60 58 58 59 60 61 61 61 61 62
    63 64 64 63 63 63 64 66 68 70 70 68 65 63 61 61 61 60 59 59 62 66 70
    72 72 69 66 63 61 62 63 64 66 66 67 67 67 67 66 64 62 60 59 59 59 59
    59 59 58 59 61 62 61 58 54 50 48 49 50 50 50 50 50 49 49 50 51 53 55
    58 59 59 58 56 55 53 53 54 56 59 62 64 63 61 58 55 54 54 55 57 59 62
    63 63 62 59 56 53 51 50 49 49 62 63 66 68 68 65 62 62 64 67 69 69 68
    65 64 64 66 67 67 67 65 62 59 56 56 57 60 62 63 62 62 60 59 58 58 58
    60 64 67 70 72 73 73 72 71 70 69 68 68 70 71 71 69 67 65 65 66 68 69
    67 63 60 57 55 54 55 57 60 62 64 63 61 60 60 61 63 66 69 71 71 70 68
    66 64 65 67 69 70 72 75 76 76 76 74 72 69 66 66 67 69 70 70 67 64 62
    62 65 69 73 77 80 82 83 82 80 75 69 63 58 55 54 54 56 58 60 62 64 67
    69 71 71 72 73 73 72 70 67 65 65 67 69 70 68 65 61 59 59 59 61 62 62
    62 61 62 62 63 62 61 61 61 63 66 69 71 71 69 66 63 61 60 60 59 58 58
    61 65 70 73 73 71 66 63 60 60 62 64 65 66 67 67 68 69 69 68 66 63 62
    61 61 62 62 61 59 59 60 60 60 57 53 50 48 49 50 51 52 52 53 54 54 54
    55 55 57 59 60 60 58 56 54 53 53 54 57 61 65 67 66 63 60 57 55 55 56
    58 61 64 66 66 65 62 58 56 55 54 55 55 66 67 68 69 68 65 63 63 64 66
    68 68 68 68 68 68 69 69 68 66 63 61 58 57 58 60 63 64 65 63 62 60 58
    57 55 55 58 63 68 72 73 73 71 69 67 67 66 66 67 70 71 72 70 67 65 65
    66 68 68 65 62 58 55 53 52 51 53 57 61 62 62 61 60 60 61 63 66 69 72
    73 74 72 70 67 66 66 67 68 70 71 72 71 70 68 65 63 62 63 66 68 70 71
    69 65 62 63 66 70 74 78 82 84 86 85 82 77 70 63 57 54 54 55 57 59 61
    64 66 69 71 71 70 69 69 69 69 67 65 64 64 67 69 71 69 66 63 61 61 62
    62 63 63 62 61 61 61 61 60 59 59 60 63 66 70 72 73 72 69 66 63 61 59
    58 57 57 60 65 70 73 73 71 67 63 61 61 62 63 64 64 64 65 67 69 71 71
    69 66 65 64 64 65 65 64 62 60 60 59 58 56 53 50 50 51 52 53 54 55 57
    58 59 59 59 59 59 61 62 61 60 57 56 55 56 58 61 65 68 70 69 66 62 59
    57 56 57 59 63 66 68 68 67 63 60 58 58 59 60 60 69 69 69 68 66 64 62
    62 64 66 66 68 69 70 71 72 73 71 69 66 63 61 60 59 61 64 66 66 65 63
    60 59 57 56 54 54 57 62 68 71 72 70 67 64 62 62 63 64 66 69 72 72 70
    68 66 66 67 68 67 65 62 59 56 53 51 50 52 56 60 61 61 60 60 60 61 63
    65 68 72 75 76 75 72 69 66 64 64 64 66 67 67 66 64 61 59 58 59 61 64
    67 70 71 69 66 63 63 66 70 74 78 81 84 85 85 82 76 69 62 57 54 54 55
    57 59 61 63 66 69 70 70 69 67 66 67 67 66 65 64 64 67 69 71 70 68 65
    64 63 63 63 63 62 60 59 59 60 60 59 58 58 59 61 65 69 72 74 74 72 70
    67 63 60 57 56 57 60 65 70 73 73 71 67 64 62 62 62 62 62 61 62 63 65
    68 71 71 70 68 66 66 65 66 66 66 64 62 60 58 57 55 53 52 53 54 56 56
    57 58 60 62 63 63 62 61 61 62 63 64 62 61 59 59 61 63 66 69 71 72 71
    68 64 61 59 58 58 60 63 65 67 68 66 63 60 59 60 61 62 63 69 69 67 65
    63 61 61 62 63 65 65 66 67 69 72 74 74 73 70 67 65 63 62 63 65 67 67
    66 63 61 59 58 57 55 54 54 56 61 67 69 69 66 62 58 57 57 60 63 67 70
    73 73 71 69 67 66 67 68 68 66 63 61 58 55 52 51 53 57 60 60 60 59 60
    61 62 63 65 68 71 74 76 75 72 69 65 62 61 61 63 64 64 62 61 58 57 57
    58 60 63 66 69 70 69 66 63 64 66 69 73 75 78 80 82 81 79 74 67 61 57
    55 55 57 58 59 61 62 64 66 68 69 67 66 65 66 67 67 66 65 65 67 69 71
    71 69 67 66 65 64 63 62 60 58 58 58 59 59 58 57 56 58 60 63 67 71 74
    75 75 73 69 65 60 57 56 57 61 66 70 73 72 69 65 63 61 61 61 61 60 60
    60 61 64 67 70 71 71 69 67 66 65 65 66 66 65 62 59 57 56 55 55 55 57
    59 61 60 60 61 63 64 66 65 64 62 62 63 64 65 65 64 63 64 66 68 70 72
    72 72 70 68 65 63 61 59 59 59 61 63 65 65 63 60 58 58 59 61 62 62 67
    66 64 62 60 59 59 61 62 63 63 63 64 67 70 72 73 73 71 69 67 66 66 67
    67 68 67 64 61 59 58 57 56 55 53 53 55 59 63 65 64 61 57 54 53 55 59
    64 68 72 74 75 73 70 68 67 67 68 69 67 65 63 61 58 55 55 56 58 60 59
    58 58 59 61 63 64 65 67 70 73 75 74 72 68 65 62 60 59 60 61 61 61 60
    59 58 57 58 60 62 64 67 69 68 66 64 64 65 67 69 71 73 75 76 76 74 70
    65 60 57 56 57 58 59 60 60 60 61 62 65 66 65 65 65 65 66 66 66 65 65
    67 70 71 72 70 69 67 66 65 63 61 59 58 58 59 60 60 58 57 56 58 60 62
    66 70 73 75 76 74 70 66 61 58 57 59 63 67 71 72 70 66 63 60 59 59 60
    60 60 60 61 62 64 67 69 70 70 69 67 66 64 64 64 64 63 61 58 57 57 57
    57 59 62 65 66 65 64 64 65 66 67 66 65 63 63 64 65 67 67 67 67 68 70
    72 73 73 72 70 69 67 65 63 61 60 59 59 60 60 61 61 59 56 54 55 56 57
    58 59 64 63 61 60 59 59 59 60 61 62 62 61 61 63 66 69 71 71 70 69 69
    69 70 70 69 68 66 63 60 59 59 59 58 55 53 52 53 56 59 61 60 57 54 52
    52 55 60 65 70 73 75 76 74 71 69 68 68 69 70 69 67 66 64 61 59 58 59
    59 58 57 57 57 59 62 64 65 66 67 69 71 73 72 71 68 65 63 60 60 60 60
    60 61 61 61 60 59 60 60 60 62 65 67 67 66 65 64 64 65 66 67 67 69 70
    70 69 66 63 60 59 58 59 60 61 61 60 59 58 59 62 64 64 64 64 64 65 65
    64 64 65 67 70 72 72 71 70 68 67 66 65 62 60 59 59 59 60 60 59 58 58
    59 61 63 66 69 73 75 75 73 69 65 61 59 60 62 66 69 71 70 68 64 61 58
    57 58 59 60 61 62 62 63 64 65 67 68 69 68 67 65 63 63 63 62 61 59 57
    57 58 59 61 63 66 69 70 68 66 65 65 65 66 65 65 64 64 65 67 68 68 68
    69 70 72 73 73 72 70 68 66 64 63 62 61 60 59 58 58 58 58 58 56 54 52
    52 53 54 55 55 61 60 60 60 60 60 60 60 60 60 60 59 59 60 63 66 68 68
    68 68 70 71 72 72 71 69 66 63 61 61 62 62 61 58 55 52 52 53 55 57 57
    55 53 52 53 56 61 66 70 73 75 75 74 72 70 69 69 70 70 70 69 68 66 63
    61 60 60 58 57 55 55 57 60 63 65 66 67 67 69 71 72 71 70 68 67 65 63
    61 60 60 60 61 61 62 61 61 60 60 59 60 62 64 65 65 65 64 64 63 63 63
    64 64 65 65 65 63 61 60 60 61 62 62 62 62 60 59 58 59 61 63 64 64 63
    63 63 63 63 63 64 66 69 72 72 72 70 69 69 69 68 66 63 61 60 60 61 61
    61 60 61 61 63 64 66 69 71 73 73 71 67 63 61 61 63 66 69 71 71 70 67
    64 60 58 57 57 59 60 62 63 63 62 62 62 64 66 67 67 66 64 63 62 62 61
    59 57 57 58 60 62 64 66 69 71 71 69 66 64 63 63 63 64 64 64 65 67 68
    69 68 68 69 71 73 73 73 71 69 66 63 62 61 60 60 59 58 57 56 56 56 57
    56 54 53 52 53 54 54 55 59 59 59 60 61 61 61 61 60 60 60 59 58 59 61
    64 66 66 66 67 70 72 74 74 72 70 68 65 64 65 66 66 65 62 58 54 52 52
    53 54 54 54 53 53 54 57 61 65 68 70 71 72 72 70 69 69 69 69 69 69 68
    68 67 65 63 61 59 57 55 55 56 58 61 64 65 66 67 68 69 70 71 71 70 69
    68 67 64 62 61 60 60 61 62 62 62 61 61 60 58 59 61 63 64 64 64 63 63
    63 62 62 62 63 63 64 63 62 61 60 61 62 63 63 62 62 61 60 60 60 62 63
    64 64 63 62 62 62 62 63 64 66 69 71 72 72 71 70 70 70 71 69 67 64 62
    61 61 61 62 63 64 64 65 65 66 68 70 71 70 68 65 62 62 63 65 68 71 72
    71 69 66 64 62 60 58 58 59 60 62 63 63 61 60 59 60 63 65 66 65 64 63
    62 62 60 58 56 56 59 61 64 66 68 70 71 70 68 65 62 60 60 61 61 63 64
    66 68 69 69 68 68 69 71 73 73 73 71 68 64 61 59 58 58 58 58 57 56 54
    54 56 58 59 58 56 56 56 56 56 56 58 58 58 60 61 62 62 61 61 60 60 59
    59 59 61 63 64 65 65 66 69 72 74 74 73 71 69 68 67 68 69 70 69 66 61
    57 54 52 52 53 54 54 53 53 55 57 60 63 64 66 67 68 68 68 67 67 67 67
    67 67 67 68 67 65 63 61 59 57 55 55 58 60 62 64 65 65 66 67 69 70 71
    70 69 69 69 68 65 63 61 61 61 62 63 63 63 62 62 60 59 59 61 62 63 63
    63 63 63 63 63 63 63 63 63 64 64 63 62 61 61 62 63 62 61 61 61 61 62
    62 64 64 64 64 62 61 61 61 62 63 64 66 68 70 71 71 71 71 71 72 72 71
    69 66 63 60 59 60 62 65 66 67 67 67 67 68 69 69 68 65 63 62 63 64 67
    69 71 71 70 68 66 64 63 61 59 58 58 59 62 64 64 62 59 58 59 61 63 65
    64 63 63 63 63 61 58 56 57 59 62 65 68 70 71 70 68 65 63 61 59 58 58
    59 60 62 65 68 69 69 68 68 69 72 74 75 73 70 67 62 59 57 57 57 58 58
    58 56 54 54 56 59 61 62 61 61 60 59 58 58 59 59 59 59 61 62 63 62 61
    60 60 59 59 60 61 63 65 65 66 67 69 71 72 72 71 70 70 69 69 69 70 71
    71 69 65 60 56 54 53 53 54 54 53 53 54 56 58 60 61 62 64 65 65 65 65
    65 64 64 64 65 66 66 66 64 62 60 59 56 56 57 60 62 63 63 62 62 64 66
    68 70 70 69 69 69 69 68 66 63 61 62 62 64 65 65 65 65 64 62 60 60 61
    62 62 62 62 63 64 65 66 65 64 64 65 66 66 65 63 62 62 63 63 62 61 60
    60 61 62 63 63 63 63 62 61 61 61 61 62 63 65 66 68 69 70 72 72 72 71
    72 72 72 70 66 62 59 57 58 61 65 67 69 69 68 68 68 68 67 66 64 63 64
    65 67 68 69 70 70 69 67 66 65 64 62 59 57 57 58 61 63 64 63 60 59 59
    61 63 64 63 62 62 63 63 62 60 58 58 59 62 65 68 70 71 69 67 64 62 61
    60 58 57 57 58 60 63 66 68 69 68 68 70 73 76 76 74 70 66 61 57 55 56
    58 59 60 59 58 56 55 56 59 62 63 64 64 63 60 59 58 61 60 60 60 61 62
    63 63 62 60 59 59 58 59 61 63 66 67 67 67 68 68 69 68 68 68 69 69 68
    68 69 70 71 71 68 63 58 55 54 54 55 55 54 53 53 55 57 59 60 61 63 64
    64 64 63 62 61 61 61 63 64 65 64 63 62 60 59 57 57 59 61 63 62 61 59
    59 61 64 67 69 70 69 68 68 69 68 65 62 61 61 63 65 67 68 69 68 67 65
    63 61 61 62 62 63 63 64 65 67 68 67 66 66 66 67 67 66 65 63 63 63 63
    62 61 60 60 61 61 61 61 61 61 60 60 59 60 60 61 62 65 67 68 69 70 72
    72 71 71 70 71 71 69 66 62 58 57 57 60 63 66 69 69 69 68 68 68 67 66
    64 64 66 68 69 69 69 68 67 67 66 66 65 64 62 59 57 56 57 59 63 65 65
    63 62 61 62 63 63 62 61 62 63 64 64 62 61 60 60 62 65 67 69 69 68 66
    64 63 63 62 59 57 56 56 57 60 64 66 67 67 68 70 74 77 78 76 72 66 61
    56 55 56 59 61 62 62 60 58 56 56 58 61 64 66 66 65 61 58 57 63 62 60
    60 60 62 63 63 61 59 58 57 57 58 60 63 66 68 68 68 67 66 65 64 64 65
    66 66 66 66 67 68 70 71 69 65 60 57 55 55 55 55 54 52 52 53 56 58 60
    62 63 64 64 64 62 60 59 58 59 60 62 62 62 62 61 61 60 59 59 60 62 62
    60 58 55 56 58 62 66 68 69 69 68 68 68 67 64 61 59 60 61 64 67 70 72
    71 70 68 65 64 63 62 63 63 63 64 66 68 69 68 68 67 66 66 66 65 64 63
    63 64 64 63 61 60 60 60 60 59 58 58 58 58 58 58 59 59 60 62 65 68 69
    70 71 72 71 70 68 68 69 69 68 66 63 60 58 58 59 61 64 67 68 69 69 68
    68 67 66 66 67 69 71 72 71 68 66 65 65 65 65 65 64 62 60 58 56 56 58
    61 64 66 66 65 64 64 64 63 61 60 61 64 65 66 65 64 62 61 61 63 65 67
    67 66 65 65 65 66 64 61 58 55 54 55 58 62 65 66 66 67 70 74 77 79 77
    73 68 61 57 55 57 60 62 64 64 62 59 56 55 57 60 64 67 68 66 62 59 57
    63 62 60 59 59 61 62 62 60 58 56 56 56 57 60 63 67 69 69 68 66 64 62
    62 62 62 64 65 65 65 65 67 69 71 70 67 63 59 57 55 55 54 53 51 51 52
    55 58 60 62 63 64 64 64 62 60 58 57 58 59 60 60 60 61 62 62 62 61 61
    61 62 61 58 54 52 53 56 60 64 66 68 68 68 68 68 66 64 61 58 57 59 62
    66 70 73 73 72 70 68 66 65 64 64 64 63 63 65 67 68 68 67 66 65 64 63
    63 63 63 64 65 66 65 63 62 61 60 59 58 57 56 56 57 57 57 58 59 60 63
    66 69 70 71 71 71 70 68 66 66 67 68 69 68 66 63 61 60 59 60 62 65 67
    68 68 68 67 67 67 68 70 72 74 74 71 68 65 63 63 64 64 65 65 64 62 60
    58 57 57 59 62 66 68 68 67 66 65 63 62 61 62 65 67 68 68 67 64 62 60
    61 62 64 64 65 65 66 68 68 67 63 58 55 53 54 57 61 64 65 65 66 69 73
    77 79 77 74 69 63 59 58 60 63 65 65 64 62 58 55 55 57 61 65 68 69 67
    64 60 59 61 60 59 59 59 61 62 61 59 56 55 54 54 56 59 63 67 70 70 68
    66 63 62 61 61 61 63 64 65 65 66 67 69 71 72 70 66 62 58 55 54 53 51
    50 50 51 54 57 59 61 62 63 64 63 62 60 58 58 58 59 59 59 60 62 63 65
    65 64 63 63 63 60 57 53 51 52 55 59 62 65 67 68 69 68 68 66 64 60 57
    56 57 61 65 69 72 72 72 71 70 69 67 66 66 64 63 62 63 64 66 66 66 65
    63 61 60 61 61 63 65 66 67 66 65 64 63 62 61 59 57 56 56 57 58 58 59
    60 62 65 68 71 72 72 71 70 68 66 64 64 66 67 69 69 68 66 64 61 60 59
    61 64 66 67 67 67 67 67 69 70 72 74 75 74 71 68 64 62 62 62 63 64 65
    65 64 63 61 58 57 57 60 64 67 69 69 67 65 64 62 61 63 67 70 71 71 69
    66 62 60 59 59 60 62 63 65 68 70 71 69 65 60 56 54 55 58 61 64 65 65
    65 68 72 75 77 75 72 68 63 60 60 63 67 68 67 64 61 57 55 55 58 63 67
    70 70 69 66 64 63 57 58 58 59 61 62 62 61 59 56 54 53 53 55 59 64 68
    71 71 70 67 64 62 61 61 62 63 65 67 67 68 69 71 73 73 72 68 64 59 55
    53 51 50 48 48 50 52 55 56 58 60 61 62 62 62 60 59 59 60 60 60 60 61
    64 66 68 68 67 66 65 64 61 58 54 53 53 56 59 63 66 68 68 68 67 67 65
    63 59 56 56 58 61 65 68 70 70 70 70 71 70 69 68 67 65 62 61 61 63 64
    65 65 64 61 60 59 60 61 63 66 67 67 66 65 65 64 64 63 61 59 58 58 59
    60 61 61 63 64 67 71 73 74 72 71 68 66 64 62 63 64 66 68 70 70 68 66
    63 61 60 61 63 65 65 65 66 67 68 70 72 74 75 75 73 70 67 63 62 62 62
    63 63 65 66 66 65 63 60 57 56 58 62 66 68 69 68 66 65 63 63 66 70 73
    74 73 70 66 62 59 57 57 57 58 61 64 68 71 72 70 66 62 58 57 57 60 63
    65 65 65 65 66 69 72 73 71 69 66 62 61 63 66 70 71 69 64 59 55 53 55
    59 64 68 70 70 69 68 67 67 54 55 57 60 63 64 65 63 60 57 54 52 52 54
    58 64 69 72 72 70 67 64 62 61 61 62 64 67 69 70 70 71 73 74 74 73 70
    66 61 56 53 51 49 48 48 49 50 52 54 56 57 59 60 62 62 61 60 60 61 62
    62 62 64 67 70 72 72 71 68 67 65 63 61 58 57 58 60 62 65 67 68 68 66
    65 64 63 61 58 57 58 61 63 66 67 67 67 68 69 70 71 71 70 69 66 63 61
    61 62 64 65 65 64 62 60 59 60 61 64 66 68 67 65 64 64 64 64 64 62 61
    60 61 62 64 64 65 66 67 70 73 75 75 73 70 67 64 62 61 61 62 65 67 69
    69 69 67 65 63 62 62 64 64 64 64 65 67 69 71 72 73 73 72 71 68 66 63
    62 62 63 63 63 64 66 66 66 64 61 58 57 58 60 64 67 68 68 66 65 65 66
    69 73 76 77 75 71 66 62 59 57 55 54 56 59 63 68 72 73 71 67 64 61 59
    60 61 64 66 66 65 65 65 67 68 68 67 65 62 60 61 64 69 72 73 70 64 58
    53 52 54 58 63 67 69 69 69 69 69 70 52 53 57 61 65 67 67 66 62 58 55
    53 52 53 58 63 69 71 71 68 65 62 60 59 59 61 64 68 71 72 73 73 74 75
    74 74 71 67 61 56 53 51 50 49 49 49 50 52 53 55 57 58 60 61 62 62 61
    62 63 64 65 66 68 71 74 75 75 72 70 68 66 65 64 63 63 63 64 66 67 68
    68 66 64 62 60 59 59 58 58 61 63 65 66 66 64 64 65 67 70 71 72 72 71
    68 65 64 64 64 65 65 66 65 63 62 61 61 61 63 66 67 67 65 63 62 63 64
    64 63 62 62 64 66 68 69 69 69 69 71 74 76 75 73 70 67 64 61 60 60 61
    64 66 68 69 69 68 67 65 65 64 65 64 64 64 65 66 67 69 69 69 69 68 67
    66 65 64 63 63 63 63 63 63 64 64 63 62 60 59 58 58 60 63 65 66 66 66
    66 67 68 71 75 78 77 75 70 65 61 59 57 54 53 54 58 63 69 72 73 72 69
    66 63 61 60 61 64 65 66 66 65 64 65 65 64 63 61 59 58 59 64 69 73 74
    70 64 58 53 52 54 58 62 65 67 67 68 69 70 70 52 53 56 60 64 67 68 67
    64 60 56 53 52 53 57 63 68 69 68 66 63 60 58 57 58 60 64 69 72 73 74
    75 75 74 74 73 70 66 61 56 53 51 51 51 51 52 52 53 54 56 57 58 59 61
    62 62 62 62 64 65 67 68 70 73 75 76 75 73 70 67 67 66 67 67 68 68 68
    69 69 69 67 64 61 58 57 57 57 58 60 62 65 66 65 63 61 61 62 65 68 71
    73 74 73 71 69 68 67 67 67 68 68 68 67 65 64 62 61 62 65 66 66 64 63
    62 62 63 63 63 64 64 67 69 71 71 71 70 70 71 73 74 74 72 70 67 64 61
    59 59 61 63 66 67 68 68 69 69 69 68 67 66 64 63 63 63 64 65 65 65 64
    64 64 64 65 65 64 64 64 63 63 62 62 62 61 60 59 58 58 58 59 60 62 63
    64 64 64 65 67 69 73 76 78 76 73 69 65 62 60 58 56 54 55 59 64 70 73
    74 72 70 67 64 61 60 60 62 63 65 66 65 64 63 62 60 59 58 56 56 58 63
    68 72 72 69 64 59 55 54 55 58 61 63 65 66 68 69 70 70 53 54 56 58 62
    65 67 67 65 61 58 55 53 55 58 63 66 67 65 62 59 57 56 56 57 60 64 69
    72 73 74 74 74 72 71 70 68 64 59 54 51 51 51 53 54 55 55 55 56 57 58
    58 59 61 63 63 62 62 63 64 66 69 71 73 75 76 74 71 68 66 65 66 67 69
    69 70 69 69 69 68 65 62 59 57 56 56 57 58 60 63 65 65 64 61 59 58 60
    64 67 70 72 74 74 73 72 71 71 70 70 71 71 71 70 69 66 63 61 62 64 65
    66 65 64 62 61 60 61 62 63 65 68 70 71 72 72 71 70 70 71 71 71 70 69
    67 65 62 60 59 61 63 65 67 68 69 70 71 71 70 67 65 63 62 61 61 62 62
    61 60 60 60 60 62 63 64 64 64 64 63 63 62 62 60 58 56 55 56 57 59 60
    61 62 62 62 61 62 64 67 70 73 76 76 75 72 68 65 63 61 59 57 56 57 61
    66 71 74 75 74 72 69 65 61 59 58 59 62 64 66 66 64 62 60 59 57 57 56
    55 57 61 66 69 69 67 63 60 58 57 57 58 60 62 64 67 69 70 71 71 55 55
    55 56 58 61 63 64 63 61 58 56 55 57 60 63 65 64 62 59 57 56 55 56 58
    61 65 69 72 73 74 73 72 69 68 67 65 62 57 53 50 50 52 54 56 57 57 57
    57 57 58 59 60 62 64 63 62 61 61 62 65 68 71 73 74 74 72 69 66 63 63
    65 66 68 68 68 68 68 67 66 64 61 59 58 57 57 58 58 60 63 64 64 62 59
    58 58 60 62 65 68 70 72 73 73 72 72 72 72 72 74 75 75 74 73 69 65 62
    62 63 65 67 67 66 62 59 57 57 59 62 66 68 70 71 71 71 70 69 68 68 68
    67 67 67 66 65 62 59 58 59 62 65 67 68 69 71 73 73 70 67 63 61 59 59
    59 58 58 58 57 57 58 59 61 62 63 63 63 63 63 63 63 62 60 57 56 55 56
    57 59 61 62 63 62 61 59 60 62 66 70 73 75 75 73 70 67 64 62 61 60 60
    59 61 63 67 71 74 75 75 73 70 66 62 58 57 59 61 64 65 66 65 63 61 59
    58 58 57 56 57 60 63 65 65 63 62 61 60 60 59 59 59 61 64 68 71 72 72
    72 58 57 56 55 55 57 59 60 60 59 58 57 57 59 62 64 65 63 61 59 57 57
    57 57 59 62 66 69 72 73 72 71 69 66 65 64 63 59 55 52 50 50 53 55 57
    58 58 57 57 57 58 59 60 63 65 64 62 60 59 60 62 66 70 73 74 73 71 67
    63 60 60 62 64 64 64 64 64 65 65 64 63 62 61 60 60 59 59 59 60 61 62
    62 61 59 59 59 60 62 64 65 67 68 69 70 71 72 72 73 74 76 78 79 78 76
    72 68 64 62 63 65 67 69 67 63 59 55 54 57 61 66 69 71 71 71 70 69 68
    67 66 65 64 64 65 65 64 61 59 57 58 61 64 66 68 70 73 74 73 70 66 62
    59 58 57 57 56 56 56 56 57 58 59 61 62 63 62 62 62 62 63 64 63 62 59
    57 57 57 58 59 60 61 62 61 60 59 59 61 65 70 74 75 74 71 68 65 62 60
    60 60 61 62 63 65 67 70 72 74 75 75 72 68 64 60 59 60 62 64 65 66 65
    64 63 62 62 61 60 59 58 59 61 61 61 60 60 61 63 63 62 61 60 62 65 69
    72 73 73 73 61 60 58 55 54 54 55 57 57 57 57 57 58 61 64 65 65 64 62
    61 60 59 59 59 60 62 66 69 72 73 71 69 66 64 63 62 61 59 55 52 51 52
    54 56 57 58 57 56 56 57 58 59 61 64 66 66 64 61 59 58 61 65 70 73 74
    73 70 65 61 58 58 59 60 60 60 59 60 62 63 63 63 62 63 63 62 62 61 59
    59 59 60 60 60 60 60 61 62 62 62 62 62 63 64 66 68 70 72 73 75 77 80
    81 80 78 74 69 65 63 63 65 68 71 70 66 60 55 54 56 61 66 70 71 71 70
    69 67 66 65 64 63 62 63 64 65 63 61 58 56 56 58 62 65 68 70 73 74 73
    69 65 60 58 57 57 56 55 55 55 56 58 60 61 62 63 62 61 61 61 61 63 64
    65 64 63 61 60 59 58 58 58 59 60 61 60 60 61 63 67 71 74 75 73 69 65
    61 59 57 58 60 62 64 65 65 65 65 68 71 74 75 73 70 65 62 61 62 64 64
    64 65 65 65 65 66 67 66 64 62 60 59 59 58 58 57 58 60 64 65 64 62 61
    62 65 69 72 73 72 71 63 62 60 57 55 54 54 55 56 57 57 58 60 63 65 67
    67 66 65 64 63 63 62 61 60 62 65 69 72 73 71 68 65 62 62 63 62 60 57
    55 54 55 56 57 58 58 56 56 56 58 59 60 63 66 68 68 65 62 60 58 60 65
    70 73 74 73 69 65 61 58 57 58 58 58 57 56 57 60 61 62 62 62 63 64 64
    64 62 59 58 57 57 58 59 60 62 62 62 62 60 58 57 58 60 62 66 68 70 71
    74 77 80 81 81 78 73 68 64 61 61 64 68 72 72 69 64 58 57 58 63 67 71
    72 71 69 67 65 64 62 61 61 62 64 66 66 64 60 57 54 54 55 59 63 67 70
    73 74 72 69 64 60 58 57 57 56 55 55 55 57 60 62 63 64 63 62 60 60 60
    61 62 64 65 66 65 65 63 61 58 56 55 56 57 59 61 63 65 67 70 73 75 74
    71 66 61 57 55 55 56 59 63 64 64 62 60 60 63 68 72 75 74 71 67 64 63
    63 64 64 63 62 62 64 67 69 71 71 68 64 61 58 57 56 55 55 57 60 63 65
    64 62 60 61 63 67 69 70 69 68 64 63 61 59 57 57 57 57 58 59 60 61 62
    64 66 68 68 67 67 67 66 65 64 62 61 62 65 69 72 72 69 66 63 61 62 63
    63 62 60 58 58 58 59 59 59 58 57 57 58 60 61 63 65 68 70 70 68 65 62
    60 60 64 68 71 72 71 69 65 62 59 58 58 57 57 56 56 57 59 60 60 59 60
    62 64 66 65 63 60 57 56 55 56 57 59 61 63 62 61 57 54 53 53 56 59 63
    65 67 69 71 75 78 81 80 77 72 66 61 58 58 61 66 71 73 72 68 63 61 62
    65 69 71 72 71 69 66 64 61 60 60 61 63 66 68 68 66 62 58 55 54 55 58
    62 66 70 72 73 72 69 66 62 59 57 56 55 55 55 56 59 61 63 64 64 63 62
    61 60 60 61 62 64 66 67 67 66 64 61 57 55 53 53 55 58 62 66 68 70 72
    74 75 73 69 64 59 55 53 53 56 60 62 63 61 58 55 55 59 64 70 73 73 70
    66 64 63 63 64 63 61 60 60 63 67 71 74 74 71 66 61 57 55 54 53 54 56
    59 63 65 64 61 59 60 62 64 66 66 65 65 62 62 61 61 60 60 61 61 62 62
    63 63 63 65 67 68 68 69 69 69 69 67 66 63 61 62 65 68 70 70 67 64 62
    61 61 63 64 64 63 62 62 61 61 61 60 59 58 58 60 63 64 65 67 69 71 71
    70 68 64 61 60 63 66 68 69 68 67 65 63 61 60 59 58 58 58 58 59 60 59
    57 56 57 60 64 67 67 65 61 58 56 55 55 56 58 60 62 62 60 56 52 50 51
    53 56 60 62 63 65 68 72 76 79 79 75 70 64 58 55 55 59 65 71 74 74 71
    67 65 65 67 70 72 72 71 69 66 63 60 59 59 61 65 69 71 72 69 65 61 58
    56 56 58 61 65 68 71 72 72 70 67 63 60 58 56 55 55 57 59 61 63 64 64
    64 63 62 61 61 61 61 63 65 67 68 68 66 63 59 56 54 53 53 54 57 62 66
    70 72 74 75 75 73 69 63 58 54 52 53 56 60 61 61 58 54 52 52 56 62 68
    71 72 69 66 63 62 62 62 61 59 58 59 62 66 71 75 75 72 67 61 57 54 53
    52 54 56 60 63 64 63 61 59 59 60 62 64 64 63 62 60 60 61 62 63 65 66
    66 65 65 65 64 64 65 66 67 68 69 70 71 71 70 67 64 62 61 63 66 67 67
    64 62 60 59 61 63 65 66 66 66 66 65 64 62 61 60 59 60 63 65 66 67 67
    69 71 72 71 69 65 62 60 61 63 64 64 64 64 64 64 63 62 60 60 60 61 61
    61 60 58 55 53 55 59 63 67 68 66 62 60 58 57 57 58 59 60 62 62 60 56
    52 50 51 52 55 57 58 59 61 64 68 73 76 77 74 69 63 57 53 53 57 64 71
    75 75 73 69 67 67 68 71 72 73 72 70 66 63 60 58 60 63 68 72 75 75 74
    70 67 63 61 59 59 61 64 66 69 71 72 71 68 64 60 57 55 55 57 60 63 64
    65 64 64 63 63 63 62 62 62 63 65 67 69 70 69 66 62 59 56 55 54 54 55
    58 62 66 70 72 73 74 74 72 68 63 58 55 54 55 57 59 60 58 55 51 50 51
    56 61 67 70 70 68 65 63 61 61 61 59 58 57 59 61 66 71 74 74 71 66 61
    57 54 52 53 55 58 61 64 64 63 61 59 59 60 62 63 63 62 61 58 59 60 63
    66 69 69 68 66 65 64 63 63 64 65 66 68 69 71 72 72 72 69 65 62 61 62
    63 64 64 62 60 59 59 60 62 65 67 69 70 70 68 66 63 61 60 60 62 65 66
    67 67 67 69 70 71 70 67 64 60 59 59 60 60 60 60 61 63 65 65 64 63 62
    63 63 63 62 60 57 54 53 54 58 63 67 68 66 63 61 61 61 61 60 60 61 62
    62 61 58 54 52 51 52 54 56 56 57 58 61 65 70 74 75 73 69 63 57 54 54
    58 65 72 76 76 74 71 69 68 69 71 73 73 72 70 67 63 60 59 61 65 70 74
    77 77 77 74 71 68 65 63 62 62 63 65 67 70 71 70 67 62 58 55 55 56 58
    62 65 66 65 63 62 63 63 64 64 64 64 64 66 68 70 71 69 65 61 59 57 57
    57 58 58 60 63 66 68 69 71 72 72 71 69 65 61 58 56 57 58 58 58 56 53
    51 51 53 57 62 67 69 68 66 63 61 60 60 60 59 58 58 59 62 65 70 73 73
    71 67 62 58 55 53 54 56 60 64 66 65 64 62 61 61 62 62 63 62 60 60 58
    58 61 65 69 71 71 69 66 63 61 61 61 62 63 65 66 68 70 72 73 73 71 67
    63 60 60 60 61 61 60 59 58 59 60 62 65 69 72 74 74 72 68 63 60 60 60
    63 65 66 66 65 65 66 68 68 66 63 59 57 57 57 58 57 56 55 57 60 63 65
    65 65 64 65 65 64 63 61 58 56 55 56 60 64 67 67 65 62 62 62 63 64 63
    62 61 62 63 62 60 57 54 53 53 55 56 57 57 57 60 64 68 71 73 72 69 64
    59 56 56 61 67 73 77 78 76 74 71 70 71 72 73 73 71 69 67 64 61 61 63
    67 71 74 76 78 78 77 74 70 67 65 64 63 63 63 65 68 69 68 64 60 56 54
    54 56 59 63 65 65 63 61 61 63 64 66 66 66 66 66 67 69 70 70 67 64 60
    58 58 59 60 61 61 62 64 64 65 65 67 68 69 70 69 67 64 62 60 59 58 57
    56 54 52 52 54 57 61 65 68 68 67 64 62 60 59 60 59 58 58 59 60 63 66
    69 72 73 71 68 64 59 55 54 54 58 63 66 68 67 66 65 64 64 64 64 63 60
    58 57 58 59 62 66 70 73 72 68 64 60 59 59 59 61 62 63 64 66 68 71 73
    74 72 68 63 60 58 58 59 59 59 58 58 59 60 62 66 70 74 76 77 74 69 63
    59 58 60 63 65 65 64 62 62 63 64 63 60 57 54 53 54 55 55 53 51 51 52
    56 61 64 65 66 66 67 66 66 64 62 60 59 60 61 63 66 67 67 65 62 62 63
    65 66 64 62 61 61 63 64 62 59 55 53 53 56 58 59 59 59 61 64 67 69 71
    71 69 65 61 59 59 63 69 74 78 80 79 77 75 73 72 73 73 72 70 68 66 64
    62 62 63 66 69 72 74 77 78 77 74 70 67 65 64 62 62 62 64 66 66 65 61
    57 54 53 55 57 60 63 64 63 61 60 62 65 68 70 70 69 68 68 68 69 70 69
    66 62 59 57 58 59 60 62 63 64 64 63 62 61 62 64 66 69 70 70 69 67 64
    62 59 57 54 53 53 54 58 62 65 68 69 69 66 63 60 59 59 60 60 59 59 60
    62 64 67 70 72 73 72 70 66 61 56 54 55 59 64 68 69 69 69 69 69 68 67
    65 62 58 56 55 58 59 62 66 71 72 71 67 62 58 57 57 58 60 61 62 63 64
    67 71 73 74 73 69 64 60 58 57 58 59 58 58 58 59 60 63 67 72 76 79 79
    76 69 62 57 57 59 63 64 65 63 61 60 60 61 59 55 52 50 50 52 53 53 51
    48 47 48 53 58 62 65 66 67 68 67 67 66 65 63 64 65 66 67 68 68 67 65
    63 63 65 66 67 65 62 60 61 63 65 64 60 55 52 53 56 60 62 62 62 63 65
    67 68 69 70 68 66 63 61 62 65 70 75 79 82 82 80 78 75 73 72 72 70 68
    67 65 63 62 62 63 65 67 69 72 75 77 76 73 68 65 63 62 61 60 61 62 64
    64 62 59 55 54 54 56 59 61 63 63 62 61 60 63 68 71 74 74 73 71 69 68
    69 69 68 64 60 57 56 57 58 60 63 64 65 65 62 59 58 59 61 64 68 71 73
    73 71 68 63 59 56 53 52 53 56 61 65 69 71 72 70 67 63 60 59 59 61 61
    60 60 61 64 66 69 71 72 73 73 71 67 62 57 55 56 60 65 69 70 71 71 72
    72 71 69 66 62 57 54 53 58 59 62 66 71 72 71 66 61 57 56 57 58 60 61
    62 63 64 67 70 73 74 73 69 65 60 58 57 58 59 59 58 58 59 60 63 67 72
    77 80 80 76 69 61 57 56 59 62 64 64 62 60 59 59 59 58 53 50 48 49 51
    52 52 50 47 46 47 51 57 62 64 66 68 68 68 67 66 65 65 65 67 68 68 68
    68 67 65 63 63 65 67 67 65 62 60 61 63 66 65 61 55 52 53 57 61 63 63
    63 64 65 67 68 68 69 68 66 63 62 63 66 70 75 79 82 83 81 79 76 73 72
    71 70 68 66 64 63 62 62 63 64 66 68 71 74 77 76 72 67 64 62 61 60 60
    60 61 63 63 61 58 55 53 54 56 59 61 63 63 62 61 61 64 69 73 75 75 74
    72 69 68 68 68 67 64 60 57 56 57 58 60 62 65 66 65 62 58 57 58 60 63
    67 71 74 74 72 69 64 59 56 53 52 53 57 62 66 70 72 73 71 67 63 60 59
    59 61 61 61 61 62 65 67 69 71 73 73 73 72 68 62 57 55 56 61 65 69 70
    71 72 73 73 72 69 66 62 57 53 53</data></my_img>
<your_img type_id="opencv-matrix">
  <rows>256</rows>
  <cols>256</cols>
  <dt>u</dt>
  <data>
    97 95 87 70 56 55 62 75 91 96 91 81 72 64 53 41 36 40 54 64 60 54 58
    62 62 67 79 83 79 76 71 54 42 47 61 76 88 94 85 63 44 44 55 61 62 62
    57 47 44 50 57 60 56 50 53 60 62 63 58 56 66 77 74 61 58 66 64 51 48
    60 65 55 48 61 76 75 68 66 60 59 71 84 86 79 69 59 57 63 68 72 76 74
    67 65 73 83 84 80 77 73 74 80 79 64 55 64 71 64 57 60 65 61 55 60 70
    81 86 77 55 37 31 42 57 61 59 64 62 50 45 59 78 83 73 57 52 57 64 74
    75 60 45 40 44 55 70 87 94 85 75 71 63 49 43 51 61 67 75 77 65 51 47
    47 52 63 70 67 63 61 67 78 80 66 55 51 52 54 56 54 49 50 59 68 73 77
    82 83 73 62 64 71 67 56 52 56 58 60 56 48 49 54 49 42 49 59 59 59 63
    66 66 60 48 38 38 42 45 51 50 43 47 58 61 62 70 73 66 59 63 69 69 70
    73 71 66 60 50 46 49 54 63 77 78 64 55 54 54 57 62 63 60 51 36 25 33
    54 70 75 85 82 73 59 50 52 59 71 82 81 74 68 66 62 56 52 47 47 57 66
    63 58 62 64 61 63 72 78 76 75 71 61 53 59 69 75 80 85 81 63 45 45 57
    65 66 63 57 49 47 52 57 58 54 49 53 60 63 64 61 57 66 79 79 67 60 65
    66 58 59 68 68 55 48 60 75 75 71 69 66 66 73 79 80 78 72 65 65 68 67
    66 70 72 67 64 70 76 78 78 77 73 73 78 76 66 60 67 73 68 62 65 68 61
    53 58 70 80 84 78 58 39 34 45 60 64 63 66 66 59 53 58 70 78 74 61 56
    59 62 71 75 64 49 43 47 55 65 76 83 77 67 62 57 47 44 54 65 71 76 77
    66 53 47 43 47 61 72 71 64 62 67 75 72 62 57 55 54 58 60 59 57 56 59
    64 70 77 82 80 69 57 57 63 63 58 57 59 63 67 63 53 50 53 48 42 47 54
    55 58 63 66 66 62 53 44 45 48 47 50 49 43 45 55 62 66 70 71 62 54 56
    62 64 68 73 70 63 56 49 48 54 60 66 76 78 70 63 59 53 52 59 65 66 60
    48 39 43 57 66 69 69 64 55 47 42 44 52 64 68 57 46 46 52 54 59 69 69
    60 61 67 63 60 66 66 58 55 59 65 69 68 70 71 74 81 83 72 64 68 71 62
    49 47 58 70 73 68 61 59 58 58 58 57 54 50 53 60 63 66 64 59 64 79 85
    73 61 64 69 69 74 80 74 55 46 57 73 77 76 77 77 78 77 72 73 78 79 77
    79 78 67 59 63 69 69 67 66 63 65 72 74 70 68 71 75 74 71 73 77 72 67
    69 71 61 50 55 68 76 80 76 59 41 38 50 65 71 69 67 73 76 69 62 62 70
    75 71 67 63 60 65 75 72 58 49 50 55 53 54 62 64 56 50 47 45 48 58 67
    70 72 74 68 58 48 39 40 55 74 80 73 68 70 68 58 56 62 62 61 65 69 72
    74 69 59 57 65 75 77 71 61 51 49 55 63 64 62 64 71 77 76 65 56 53 50
    49 53 56 56 59 64 65 65 64 59 56 58 57 52 53 54 47 45 56 69 73 69 65
    58 49 47 51 55 64 75 73 62 52 49 56 67 72 70 70 74 77 76 68 53 46 55
    68 73 72 70 65 60 59 57 56 71 67 59 50 42 39 47 62 67 54 42 42 45 44
    54 74 80 69 64 60 53 53 62 63 57 53 53 56 59 59 61 67 77 87 86 70 56
    57 63 65 59 53 58 71 77 72 67 69 69 63 58 59 60 55 53 58 63 68 67 58
    59 72 77 66 57 64 71 71 75 81 74 54 42 51 69 77 77 77 79 80 75 70 75
    82 84 83 85 82 70 62 64 68 71 72 66 55 55 66 71 66 61 65 76 83 82 77
    75 69 62 64 68 61 52 56 64 68 71 68 53 40 40 50 63 72 71 68 74 82 79
    70 64 68 75 77 72 65 58 61 73 76 63 51 52 55 47 39 47 57 55 50 48 49
    53 59 63 63 67 71 71 64 55 45 43 55 75 84 80 75 75 68 57 59 66 66 66
    69 71 78 84 77 63 58 65 71 69 64 58 52 51 62 73 70 62 63 70 75 77 75
    66 57 56 62 68 70 66 61 59 62 63 61 60 60 61 59 55 59 63 57 53 62 75
    75 64 56 54 50 44 43 47 60 75 78 69 58 56 63 74 80 75 65 65 73 78 71
    55 47 58 69 71 73 80 80 71 61 54 50 78 77 70 59 46 40 48 62 68 63 56
    51 47 41 49 70 79 73 63 53 46 49 54 54 54 58 60 58 57 55 51 51 57 68
    73 67 58 57 64 71 69 61 60 68 70 64 64 69 67 58 53 59 62 54 49 55 66
    73 69 58 57 65 64 54 52 65 71 65 65 70 65 51 42 48 61 68 68 67 67 66
    64 66 73 80 82 82 80 74 69 70 69 63 64 70 65 55 55 65 70 64 58 60 71
    83 83 74 66 62 56 57 62 59 56 59 60 57 57 55 46 41 43 49 55 64 67 66
    69 74 74 71 66 66 70 72 69 63 60 66 74 76 66 54 55 57 48 38 43 52 54
    53 53 54 57 61 65 66 67 70 74 73 67 59 56 62 73 78 73 71 77 79 73 69
    66 62 64 67 68 73 80 81 74 66 65 69 72 72 67 60 59 67 74 67 57 59 63
    61 66 75 71 61 58 64 70 73 68 59 57 62 60 56 55 56 56 56 59 66 68 61
    56 61 70 69 58 46 44 46 43 40 46 59 72 77 71 63 62 64 70 77 76 66 60
    63 70 67 56 55 67 72 66 65 73 78 73 65 59 56 72 74 74 66 53 45 47 54
    61 67 64 55 48 43 47 65 77 73 63 55 54 56 53 49 52 61 65 63 61 59 52
    41 40 48 58 62 62 62 65 68 70 66 60 58 56 53 57 62 57 49 48 54 55 45
    42 52 66 72 69 61 63 68 61 50 54 68 71 62 58 59 55 50 51 55 58 57 57
    56 54 54 56 60 64 70 76 77 68 58 59 68 67 57 57 65 65 59 63 69 68 62
    57 57 62 70 69 62 58 58 58 56 53 49 50 56 58 52 46 45 46 48 51 52 50
    54 59 61 66 71 71 68 65 61 61 65 66 61 61 69 73 71 66 60 61 60 50 43
    46 52 55 54 52 54 58 64 72 74 69 69 77 82 79 73 70 70 71 68 60 61 76
    87 82 70 60 58 62 67 68 66 70 80 83 74 61 63 77 86 83 73 65 62 62 59
    54 56 56 53 58 68 67 61 61 60 58 59 62 65 69 68 59 52 52 52 53 56 64
    70 63 53 49 52 57 60 55 42 36 40 43 47 56 63 65 65 61 58 60 61 61 65
    69 69 63 61 66 66 60 63 73 70 59 57 65 69 66 63 62 61 61 67 74 72 61
    51 49 51 60 70 66 54 46 45 50 66 77 72 61 60 67 69 61 55 58 63 63 60
    62 66 60 45 37 43 56 66 70 70 65 62 67 67 59 52 49 51 60 63 56 49 51
    53 48 42 44 54 64 68 69 70 75 79 69 57 57 66 69 64 60 59 58 59 63 65
    61 56 52 49 49 53 61 64 62 65 74 74 61 49 51 61 62 57 60 68 69 68 72
    73 66 61 60 60 60 57 50 49 55 62 64 60 50 42 42 53 62 59 50 50 56 60
    59 52 46 48 54 59 69 76 74 70 67 61 59 65 65 58 59 64 61 56 54 56 61
    59 49 49 57 63 65 62 55 54 58 62 69 71 69 72 81 86 85 82 78 77 73 61
    49 53 69 80 76 62 56 61 69 76 75 67 64 74 84 78 60 55 71 88 89 79 68
    59 54 52 51 52 52 55 64 66 59 59 66 63 50 47 60 77 83 71 58 54 54 53
    54 57 65 70 58 45 43 47 51 56 58 51 43 42 45 55 67 68 60 56 53 52 57
    61 63 65 66 68 65 59 60 61 58 63 70 63 53 54 62 66 64 62 60 59 63 67
    72 70 66 63 61 62 68 75 72 58 49 50 57 69 77 70 60 62 72 77 75 74 74
    69 58 53 61 72 69 53 40 47 64 71 70 70 65 61 67 69 62 53 48 52 65 70
    60 54 59 59 49 49 59 65 64 63 67 73 80 82 76 67 61 60 60 60 61 64 67
    69 64 59 59 59 55 48 48 57 68 69 64 68 75 70 58 51 53 59 58 57 63 71
    73 74 75 73 68 66 67 69 66 56 47 49 62 71 71 65 56 47 48 58 66 64 60
    63 69 72 65 53 48 51 54 60 70 74 70 71 75 72 69 69 65 60 63 62 54 47
    43 45 53 54 50 54 63 69 71 70 65 58 55 56 60 64 68 77 83 84 86 84 79
    80 78 65 53 52 57 63 64 57 56 66 76 81 78 70 65 71 81 79 64 53 61 78
    85 79 72 65 58 53 52 50 51 61 73 69 56 57 70 72 60 55 68 85 86 70 58
    58 57 54 53 53 61 70 64 53 48 50 53 59 66 69 63 52 49 56 64 63 60 61
    59 56 56 64 73 75 69 66 61 52 51 55 54 56 60 57 51 53 60 68 71 67 61
    59 76 74 68 64 68 75 76 72 72 76 75 64 55 57 65 72 75 69 63 66 73 78
    82 88 88 77 58 51 64 79 77 59 47 55 69 68 60 60 62 66 72 75 69 58 48
    50 64 72 63 55 60 61 52 54 67 69 62 58 62 68 73 72 73 74 70 60 55 57
    59 61 65 64 52 44 52 65 67 58 53 59 65 63 61 68 70 59 51 53 58 59 56
    55 61 70 74 73 70 67 65 67 74 77 74 66 58 57 67 75 73 68 64 60 63 65
    60 56 59 65 71 76 70 60 58 59 58 63 70 69 67 76 86 86 78 69 62 62 67
    66 61 58 52 47 49 52 53 55 58 60 62 66 67 61 57 58 62 65 69 76 79 81
    88 86 78 81 85 79 69 60 51 50 54 53 54 63 73 77 73 67 68 74 79 77 66
    55 55 70 84 85 78 70 64 62 61 56 53 65 77 70 55 56 73 83 74 67 74 84
    84 73 63 62 62 58 53 51 58 71 75 68 57 51 51 57 68 77 76 68 60 56 54
    54 61 70 70 62 57 64 78 80 70 63 59 53 56 62 61 56 56 53 49 49 58 70
    75 71 66 64 82 77 67 61 66 75 77 71 66 68 71 64 56 58 63 65 65 64 68
    73 75 75 79 84 85 79 65 56 66 82 82 67 57 65 72 65 56 58 65 73 80 81
    73 62 54 55 65 72 65 54 54 55 49 49 58 60 58 60 64 67 64 60 65 75 75
    66 62 62 60 58 59 54 43 38 50 69 77 72 66 62 59 57 60 65 60 45 39 47
    55 56 55 57 64 70 72 69 65 60 57 61 76 84 79 70 62 57 61 66 66 68 68
    67 67 62 50 46 52 57 63 70 67 62 65 63 57 62 72 73 75 86 95 92 81 65
    54 55 63 66 68 71 67 58 54 56 55 50 47 48 48 53 59 59 59 65 70 71 70
    71 72 81 91 89 78 77 83 83 79 72 57 48 51 52 51 56 65 72 68 61 66 78
    80 73 67 59 55 68 86 89 79 68 63 67 70 63 57 66 75 68 53 52 70 84 78
    69 71 78 81 79 71 69 69 66 60 57 59 68 75 70 55 43 43 50 58 66 74 78
    72 61 52 53 65 77 75 64 57 62 74 75 66 62 63 66 75 80 74 63 56 52 49
    50 60 71 73 68 63 61 81 77 69 63 64 71 73 69 62 60 60 55 50 51 53 50
    50 54 64 73 75 72 69 69 73 76 68 59 67 80 82 72 66 70 71 63 60 64 70
    76 81 79 71 67 67 67 71 76 72 61 54 51 48 48 48 48 55 65 70 67 58 57
    65 72 67 61 64 66 60 59 60 54 46 43 51 65 75 80 80 71 62 60 61 60 52
    39 35 42 48 50 53 61 68 69 68 64 60 56 49 52 71 83 76 67 61 55 52 53
    55 59 62 61 56 49 44 47 53 56 62 66 60 58 63 59 49 53 65 73 79 86 90
    86 76 60 47 47 57 64 66 69 67 61 60 62 56 48 43 43 45 48 51 55 60 66
    70 72 72 69 67 74 84 84 74 68 69 72 78 79 68 55 52 51 51 54 62 69 64
    56 62 77 79 74 73 66 57 64 78 82 77 68 63 66 68 63 61 67 72 66 53 50
    62 75 74 69 69 71 74 76 74 72 70 67 65 65 63 64 67 63 52 45 47 51 51
    53 64 74 72 63 58 60 71 80 76 62 56 61 70 70 63 62 65 72 83 88 79 65
    53 50 53 57 66 74 70 60 53 51 77 76 73 69 69 73 75 73 65 59 55 49 47
    51 50 45 46 50 55 64 72 72 66 62 65 67 60 57 67 77 79 74 70 70 67 60
    60 63 66 70 76 75 72 75 78 73 69 70 72 71 66 61 57 54 49 45 52 65 72
    66 58 61 69 65 51 46 57 63 59 61 65 60 53 47 45 50 61 75 81 77 69 63
    57 53 49 43 41 46 47 45 50 63 72 72 66 57 52 49 42 43 57 68 66 65 67
    62 52 47 47 49 51 49 42 38 43 54 63 67 71 69 60 58 62 55 43 41 49 61
    72 77 76 71 65 55 45 46 56 63 65 65 63 61 62 63 60 56 53 55 59 58 53
    56 64 66 65 67 70 67 62 62 71 74 67 59 55 60 72 79 72 62 58 55 53 55
    61 64 59 54 59 70 74 75 77 69 58 58 63 70 77 75 66 62 60 58 60 65 67
    66 63 59 60 65 72 76 72 65 66 72 75 72 65 59 64 71 69 65 65 62 58 59
    62 59 55 56 62 68 68 68 67 64 66 74 73 60 55 62 67 65 62 61 60 61 69
    79 78 64 50 48 56 65 75 80 72 56 46 43 73 74 74 73 74 77 79 77 71 67
    62 55 56 61 57 50 52 55 58 64 74 78 75 68 62 57 53 56 67 75 78 78 71
    66 63 59 59 62 61 63 70 75 76 80 81 73 62 59 63 72 77 74 66 61 55 53
    58 67 74 72 67 67 66 58 45 42 53 61 60 65 73 69 56 43 35 37 51 67 75
    75 72 65 56 53 52 49 50 53 47 42 50 66 76 76 67 53 44 43 39 39 48 58
    61 65 69 64 53 47 48 50 52 50 44 40 46 58 68 74 77 73 64 58 55 51 45
    39 41 53 67 71 66 61 61 59 54 53 61 69 72 71 67 63 59 57 62 70 73 77
    81 74 62 64 72 70 63 62 64 62 57 57 65 69 61 51 47 54 66 69 64 63 66
    65 60 58 61 63 61 58 57 61 65 66 68 67 63 62 60 62 69 70 62 57 55 53
    54 56 62 69 75 73 65 61 69 79 76 64 64 75 80 76 67 61 66 71 67 66 69
    68 65 69 70 67 70 74 70 65 67 75 76 62 53 59 66 60 54 57 60 61 63 61
    57 52 56 69 77 71 60 55 59 71 84 87 75 58 48 45 70 71 72 70 69 73 77
    76 73 71 69 64 66 68 62 57 59 64 68 75 81 84 83 76 65 56 51 54 62 71
    79 80 70 62 62 61 63 70 70 67 71 76 77 77 77 74 68 64 67 74 80 76 69
    63 65 69 70 72 77 78 73 65 58 56 55 53 57 61 63 71 81 77 60 43 36 41
    55 69 74 74 72 68 61 58 57 55 56 55 48 46 54 63 70 72 65 53 49 52 51
    51 56 61 63 66 67 60 52 48 50 58 65 65 59 52 51 57 65 72 75 73 64 53
    49 53 55 50 45 53 68 72 64 60 65 69 64 61 69 78 82 79 71 63 52 46 57
    75 86 91 92 82 71 71 75 69 60 59 61 62 62 63 67 68 61 50 46 51 58 57
    53 57 65 69 68 67 68 68 66 60 55 57 59 56 58 67 75 77 68 56 53 53 50
    52 55 54 52 53 63 76 84 82 72 64 67 75 75 66 65 74 79 81 81 75 66 59
    53 59 72 73 66 68 70 72 83 89 76 60 62 77 82 67 52 53 62 59 49 44 49
    60 68 67 62 58 56 63 72 73 70 66 69 79 90 89 77 65 61 61 72 73 72 67
    64 64 65 65 65 67 67 66 64 63 61 61 64 66 70 79 83 82 80 77 70 61 52
    48 54 67 79 79 65 57 62 64 66 76 83 80 76 74 73 73 76 79 81 83 83 81
    76 70 64 61 68 77 78 74 73 72 65 54 50 58 66 66 66 67 67 73 84 83 67
    49 43 49 60 69 75 75 74 71 66 64 63 63 64 59 53 54 56 54 57 64 63 57
    60 65 64 65 67 65 65 70 71 65 58 52 52 62 75 78 72 65 60 61 67 72 72
    67 60 55 56 62 65 58 52 57 67 68 62 60 68 72 67 65 73 83 84 76 68 63
    51 43 55 75 88 91 84 76 74 77 74 65 58 59 62 68 73 72 68 69 68 60 52
    52 54 53 51 54 60 67 73 74 75 75 69 59 58 64 64 58 59 67 80 85 70 50
    41 42 43 47 54 58 58 62 74 85 88 83 75 71 69 69 67 65 66 71 74 82 90
    81 59 42 37 49 66 69 61 59 62 68 80 86 71 50 51 69 81 78 67 62 62 57
    45 40 49 65 74 72 67 63 58 57 61 64 64 69 78 84 86 85 82 78 80 82 75
    75 74 72 70 63 54 51 54 59 63 62 55 50 51 57 62 65 67 72 77 77 74 69
    65 63 58 52 54 66 78 75 61 54 57 60 65 74 81 81 75 69 69 74 80 82 84
    86 86 79 68 61 58 57 63 73 76 69 63 61 56 47 50 62 68 69 73 77 74 74
    83 82 66 50 44 47 53 60 70 77 77 73 72 72 70 70 71 65 58 59 60 52 49
    55 56 57 65 65 61 65 69 64 63 70 75 75 71 62 57 64 76 82 81 76 71 68
    71 72 67 60 59 64 66 65 62 58 56 61 66 64 60 57 59 62 61 62 70 78 77
    68 61 61 54 48 58 77 89 83 68 63 71 78 74 66 64 64 63 68 74 75 72 73
    75 67 56 52 54 56 58 60 64 73 80 78 76 78 73 65 68 76 74 67 63 63 70
    75 66 51 46 46 46 48 52 58 63 69 78 83 79 71 67 69 71 67 61 60 66 70
    71 79 86 76 52 34 31 41 56 62 57 53 55 58 65 70 59 46 46 56 70 81 80
    72 65 57 48 48 59 70 73 71 68 64 56 50 54 57 56 65 78 79 77 81 85 84
    88 91 73 73 73 76 75 66 54 49 52 59 64 62 52 45 45 49 56 65 68 67 73
    79 75 64 57 62 70 69 65 67 72 69 60 53 50 53 62 68 67 65 65 64 69 77
    77 71 69 71 74 69 61 58 59 58 58 64 67 62 57 61 62 57 59 64 62 60 67
    75 77 77 81 76 59 49 48 48 48 52 63 75 79 77 78 78 73 73 76 68 58 62
    69 64 55 51 48 53 64 60 51 58 67 65 63 65 71 78 79 71 65 69 78 84 86
    82 72 62 60 64 63 61 66 72 67 59 57 56 55 59 65 67 66 58 49 46 47 52
    61 70 72 65 59 58 54 50 57 73 83 74 57 55 67 76 75 69 68 65 60 60 63
    65 70 74 74 66 56 50 50 56 65 70 76 85 88 80 75 80 82 78 76 76 73 68
    62 57 57 64 67 65 64 62 61 61 62 62 62 64 67 65 59 53 52 59 69 68 58
    56 63 66 66 69 72 66 51 38 35 44 58 66 65 61 58 56 57 58 53 50 52 52
    61 78 85 79 71 62 54 56 65 68 68 69 70 68 59 54 59 61 56 60 70 71 71
    76 80 78 79 82 66 67 68 67 66 62 60 61 61 64 67 62 54 50 50 50 54 64
    67 67 72 77 76 67 59 63 75 80 75 69 64 61 57 49 43 46 57 61 54 52 58
    63 70 75 70 59 56 60 62 59 56 59 62 61 57 57 57 56 59 70 75 73 70 63
    54 50 53 62 71 76 77 71 62 61 64 62 56 53 58 67 74 76 78 76 71 75 81
    72 59 60 69 70 62 56 53 58 64 57 46 49 60 65 65 67 74 81 80 72 69 76
    85 88 85 77 65 51 46 55 65 71 76 76 66 58 59 60 55 56 63 70 72 63 50
    41 39 44 55 67 75 75 69 60 52 48 50 62 72 66 54 54 64 74 76 71 64 59
    58 59 55 53 60 68 66 63 59 53 47 55 71 80 86 92 90 78 73 81 89 86 76
    66 64 63 58 52 53 61 71 78 80 77 77 78 74 67 62 59 55 50 47 46 47 55
    67 67 59 58 62 63 62 64 65 61 53 47 48 58 70 74 74 70 62 60 63 63 59
    60 62 58 60 74 82 81 77 67 57 57 61 61 61 65 68 68 66 67 71 68 56 50
    55 63 70 71 68 65 68 70 55 56 55 50 49 55 65 71 69 67 65 59 54 55 55
    53 54 58 62 66 70 69 69 70 65 63 72 80 77 69 61 57 53 44 39 42 50 53
    49 52 61 65 67 72 72 64 61 63 60 52 50 56 58 55 53 54 55 55 64 75 79
    77 73 63 56 54 54 58 65 70 71 71 74 78 79 76 69 62 57 55 59 65 68 67
    66 74 83 78 63 55 57 58 57 62 70 73 65 53 41 40 50 59 63 70 81 86 79
    67 64 74 88 91 84 74 63 53 49 58 71 78 81 77 66 60 62 63 60 61 65 68
    69 65 60 55 51 52 59 68 78 83 78 64 50 45 49 59 68 66 59 59 65 75 80
    72 60 55 63 69 61 51 52 57 57 60 66 60 49 55 74 84 88 89 81 68 66 75
    84 80 66 55 56 62 59 53 55 62 68 74 78 77 78 79 75 70 68 66 59 52 52
    56 60 63 66 63 61 65 69 65 61 65 68 62 53 52 60 73 78 74 71 65 56 57
    67 73 74 74 71 64 62 67 69 71 74 70 58 53 53 52 53 59 62 66 73 78 79
    71 55 45 46 57 68 66 56 52 58 63 49 49 44 39 44 56 65 72 72 67 61 55
    53 56 56 55 55 55 58 67 71 67 68 75 73 68 73 79 76 67 60 57 53 45 43
    47 50 51 52 57 64 67 68 73 75 73 71 70 62 52 50 53 51 46 47 55 61 63
    68 75 74 69 67 67 69 71 69 65 66 66 68 75 82 83 80 78 75 68 56 46 47
    54 57 59 62 70 79 79 70 60 54 49 47 58 77 81 67 52 43 42 52 60 61 66
    79 84 75 62 55 61 78 89 85 73 64 60 59 64 69 72 75 74 66 60 60 63 68
    70 68 65 63 64 66 68 67 66 68 71 75 77 76 65 52 52 59 67 74 74 69 66
    69 73 74 70 61 58 70 79 69 54 49 52 53 60 68 61 46 50 65 73 77 77 67
    58 60 68 72 66 54 47 51 61 62 59 61 61 60 64 69 70 70 72 74 75 77 77
    72 60 58 71 80 75 66 62 64 69 71 64 56 60 66 59 51 53 66 79 80 71 66
    61 54 54 62 73 84 86 77 63 58 57 54 57 69 74 66 54 52 52 54 60 64 71
    80 82 75 64 52 45 47 58 69 67 54 47 53 58 59 55 45 39 49 63 67 70 70
    64 56 51 51 55 57 57 57 59 63 72 76 73 74 79 78 74 77 80 73 63 58 57
    56 55 59 61 57 54 55 58 65 73 78 76 71 69 70 70 68 62 58 57 53 50 49
    57 68 72 73 76 73 65 66 75 81 84 82 75 70 69 70 75 81 81 77 71 66 60
    51 47 52 55 53 56 61 64 69 71 72 72 67 54 45 53 69 74 65 54 49 53 65
    71 66 64 70 74 69 61 54 55 69 81 79 68 64 68 70 69 66 62 65 69 67 61
    58 59 66 70 66 62 60 60 63 70 74 72 71 72 71 68 70 68 62 62 68 71 75
    76 73 72 72 68 65 66 64 62 69 76 68 54 49 55 61 66 69 59 45 45 51 53
    58 63 61 61 66 70 71 64 53 47 48 52 57 64 67 62 57 62 69 71 67 66 72
    76 76 80 79 64 60 79 93 83 68 66 72 73 68 59 50 54 62 58 54 58 65 76
    79 70 65 67 64 56 52 60 76 85 78 61 54 52 49 55 69 79 72 58 58 64 68
    72 77 83 84 77 66 57 49 47 53 64 74 73 63 54 52 53 75 70 55 46 55 67
    67 66 65 61 54 48 48 52 57 56 55 61 72 81 81 76 71 69 67 68 72 72 66
    61 61 63 64 67 75 76 66 59 57 56 61 72 82 79 68 63 64 66 69 69 67 66
    67 67 62 63 72 77 76 76 73 68 72 80 85 87 84 75 69 70 71 71 73 77 74
    64 55 51 52 58 65 63 55 57 60 57 57 62 70 78 74 59 50 55 66 70 65 57
    53 59 75 86 80 70 67 66 64 60 59 64 72 73 66 60 65 73 77 75 69 63 64
    70 72 67 60 55 59 63 61 59 56 50 51 61 67 66 66 71 70 65 70 75 71 67
    66 65 67 68 69 70 70 67 67 70 71 66 64 66 64 56 52 58 66 74 74 64 53
    50 51 49 51 59 64 69 74 76 75 72 64 55 48 44 49 62 69 64 62 70 78 79
    70 61 63 66 66 76 82 69 61 77 91 85 73 72 79 78 71 61 53 56 63 63 63
    63 60 65 71 65 63 72 74 62 48 47 58 72 74 64 56 52 53 62 73 77 67 57
    62 74 82 87 89 86 78 67 61 58 54 55 59 64 68 70 66 58 50 47 77 75 66
    57 58 61 57 54 58 59 54 50 48 50 56 56 54 61 74 85 86 77 63 51 50 55
    57 57 58 63 70 77 77 75 78 77 66 59 57 53 51 59 74 79 73 68 66 65 64
    63 68 75 81 80 70 66 73 80 77 72 70 70 75 77 78 81 78 68 63 67 71 68
    64 67 68 64 57 55 63 71 70 64 58 60 60 54 52 60 71 78 75 63 58 66 77
    79 73 63 56 62 79 94 94 83 72 65 61 58 62 73 79 72 62 60 63 67 71 73
    70 65 65 74 79 75 68 61 59 60 61 60 55 46 41 46 56 61 66 72 69 62 67
    74 72 69 67 65 64 63 64 63 62 68 76 79 78 71 64 63 66 64 57 54 58 66
    70 66 61 58 59 57 56 59 63 66 69 68 67 70 72 68 59 50 49 58 63 60 67
    80 89 88 75 58 53 53 57 74 83 70 58 67 83 86 81 79 80 79 76 69 58 58
    64 67 67 62 54 56 59 55 59 73 79 69 56 51 54 63 68 66 59 53 57 69 77
    71 60 56 65 78 88 93 90 79 66 59 60 62 63 65 63 58 56 58 61 58 50 46
    63 65 67 65 61 54 46 45 51 55 53 52 52 51 55 58 59 64 75 84 85 76 59
    44 43 50 52 52 59 67 76 85 84 75 70 67 60 57 56 49 42 47 63 76 77 74
    71 66 58 56 65 79 86 79 62 56 66 78 78 72 68 69 70 67 65 71 72 67 65
    68 71 66 57 55 61 68 68 68 73 73 63 57 58 61 58 52 54 63 72 77 74 66
    65 74 84 85 77 66 61 66 79 92 96 90 78 65 59 61 69 79 82 75 65 59 55
    52 55 63 66 62 63 72 79 79 77 74 68 65 67 69 64 55 46 45 54 65 74 76
    68 59 60 67 71 73 74 70 65 63 64 62 60 67 75 78 77 73 66 64 70 72 64
    56 52 50 51 57 62 63 62 61 59 59 60 61 61 57 54 60 73 79 75 65 57 56
    53 50 60 79 91 90 78 64 53 46 52 72 79 67 55 57 72 87 93 88 79 73 71
    65 58 58 64 68 66 62 57 56 51 46 55 72 79 75 70 68 68 65 62 60 58 59
    67 76 77 69 61 62 68 74 82 89 86 74 64 63 66 67 69 71 67 59 54 56 64
    69 63 58 49 51 57 61 58 52 49 49 49 47 47 53 57 54 57 64 68 72 77 78
    72 65 55 46 50 60 60 58 62 67 72 80 81 73 65 64 63 61 58 49 41 43 56
    67 69 68 70 69 62 56 60 73 80 71 50 40 51 69 76 72 69 68 65 58 58 65
    71 71 72 71 69 65 56 52 59 71 78 79 76 65 52 50 58 62 56 50 56 65 72
    71 65 60 62 69 75 76 68 60 64 71 77 82 84 82 74 65 61 64 72 80 81 72
    60 51 44 41 45 56 62 59 58 63 70 73 74 75 74 73 73 73 71 66 60 58 63
    72 78 77 68 58 54 61 70 73 71 65 61 62 69 70 66 63 63 67 73 74 69 66
    71 74 71 66 57 43 38 48 61 66 64 62 61 61 61 62 65 62 56 57 65 74 78
    69 60 58 53 46 51 69 82 81 74 68 58 50 55 71 75 67 58 55 64 83 93 88
    76 65 55 50 55 64 67 66 64 64 67 65 53 44 52 66 72 71 71 74 74 67 62
    61 62 71 81 82 76 69 67 66 63 63 71 80 82 74 69 74 78 76 74 75 71 66
    62 62 71 78 73 68 43 44 48 51 52 51 53 54 48 39 40 51 60 61 65 72 77
    79 76 68 59 56 54 53 60 68 66 60 60 61 62 66 69 65 63 70 76 75 68 55
    47 48 55 60 59 59 66 73 71 63 58 62 71 66 47 36 42 58 65 63 65 69 65
    60 61 67 71 71 72 70 64 62 61 61 63 68 76 81 78 65 53 53 61 64 57 51
    56 64 68 64 55 48 51 59 67 67 58 53 60 70 74 73 68 64 68 70 65 61 67
    77 79 69 56 48 42 41 47 56 60 60 59 60 62 63 64 67 73 74 70 65 64 66
    66 65 65 68 73 73 66 58 52 56 66 68 60 53 53 60 70 70 63 57 55 61 73
    77 73 69 69 68 68 69 61 47 39 45 55 63 66 65 63 62 59 59 68 72 67 57
    54 61 67 64 57 56 55 49 48 61 71 69 65 64 61 58 62 70 71 68 65 64 67
    75 77 74 69 57 40 37 56 74 73 62 56 60 68 72 61 48 49 55 57 57 60 65
    63 59 62 67 71 80 87 86 78 72 73 69 59 57 64 75 77 70 67 73 78 78 74
    70 67 65 64 62 63 67 67 66 47 47 47 49 51 50 49 49 43 36 39 50 61 67
    71 77 81 80 72 62 59 62 61 58 61 66 63 59 57 57 56 56 56 55 61 75 86
    87 77 61 51 55 61 62 60 59 63 71 77 76 67 61 66 67 55 43 42 51 57 57
    62 68 67 66 67 69 69 67 68 65 57 55 59 65 67 63 64 72 76 72 64 60 63
    64 58 53 56 62 65 65 59 51 51 60 71 73 61 50 51 60 71 72 60 53 64 73
    68 58 62 74 79 72 65 61 55 51 55 61 63 63 64 65 66 65 64 65 68 67 60
    55 59 64 64 59 55 58 66 68 64 58 52 53 62 66 58 49 49 57 67 64 58 58
    60 66 75 77 73 71 68 62 59 60 58 51 42 39 45 56 65 67 64 58 50 48 57
    67 65 57 53 59 67 65 56 50 50 48 48 56 64 63 56 53 56 60 63 65 63 62
    65 70 73 71 66 66 68 57 38 37 60 82 79 61 49 51 62 72 65 53 49 47 45
    48 55 61 57 50 54 62 67 75 82 85 82 79 78 70 58 58 66 73 72 64 64 69
    71 71 66 58 55 58 58 53 47 48 56 62 64 61 57 58 57 52 48 47 46 45 46
    52 59 65 69 74 79 76 66 60 61 66 64 58 59 64 64 63 62 60 59 55 50 51
    61 75 84 85 77 63 53 56 67 70 66 64 65 69 77 84 78 67 68 71 65 55 50
    54 58 59 64 70 70 66 65 66 68 69 68 63 52 45 47 57 66 65 60 64 69 68
    65 64 64 63 58 56 58 60 64 67 64 60 62 69 75 77 69 54 47 55 69 73 62
    54 60 65 63 59 62 70 72 71 74 76 70 63 61 65 68 67 68 72 75 74 70 67
    66 63 56 55 63 69 64 55 52 54 61 66 64 59 54 55 63 68 63 53 51 59 68
    67 63 67 70 70 71 69 66 68 70 66 58 56 59 57 45 37 44 58 67 68 62 52
    43 42 46 50 54 58 63 69 75 72 57 47 48 52 52 56 62 63 54 46 51 60 64
    62 57 54 56 63 70 69 65 69 72 63 50 52 68 81 76 61 50 49 56 64 64 57
    54 52 50 54 62 66 59 46 42 49 57 64 72 80 80 79 77 67 57 57 64 70 66
    62 67 70 66 61 55 50 51 54 53 47 41 43 54 61 82 77 71 68 65 58 53 52
    54 55 52 49 51 56 64 74 80 73 63 61 65 69 66 61 63 68 67 66 65 64 63
    58 52 53 62 70 74 76 77 69 56 57 70 76 69 67 71 75 78 80 76 70 71 74
    71 68 67 65 63 62 67 75 74 65 60 61 66 72 76 67 50 37 32 43 62 70 66
    68 71 68 65 66 64 59 57 60 59 56 57 59 58 59 65 67 67 68 68 60 51 54
    64 66 58 53 53 55 58 61 63 62 61 62 69 75 71 63 58 62 66 65 65 73 79
    76 71 68 68 67 62 60 65 67 63 57 56 57 62 66 65 58 53 55 63 64 60 56
    55 63 73 73 68 66 65 64 63 59 56 61 71 73 66 64 70 68 54 46 53 63 68
    67 59 47 44 47 45 42 51 65 70 71 74 69 55 51 60 65 62 61 67 66 56 50
    55 62 64 62 57 52 51 55 61 63 63 66 67 63 62 67 71 71 65 56 51 51 53
    59 64 63 62 61 60 64 69 70 61 45 36 44 54 58 62 66 68 69 71 66 58 55
    58 61 58 59 67 71 66 57 49 48 54 57 52 47 47 52 60 65 82 81 77 72 69
    66 63 60 58 58 53 45 45 52 63 77 83 74 65 69 78 79 72 64 65 68 67 64
    61 60 58 55 53 56 61 64 67 71 77 75 63 60 71 74 67 68 77 81 76 70 65
    67 73 78 80 80 80 76 67 60 63 73 73 65 61 61 64 74 80 69 48 32 25 36
    56 67 69 77 85 84 77 70 63 57 59 63 60 52 50 51 51 55 61 61 57 57 61
    59 55 56 59 54 46 45 50 55 60 63 60 58 56 57 62 66 61 53 52 54 58 59
    60 66 70 67 63 63 67 70 68 65 62 59 57 58 59 60 65 69 66 58 50 49 54
    54 53 57 61 66 74 75 66 56 52 53 53 49 44 48 60 69 69 72 79 76 63 55
    56 61 65 67 62 51 48 54 52 48 58 69 69 66 65 59 55 60 71 73 67 66 72
    70 63 62 64 59 56 62 64 58 54 58 63 63 59 56 53 54 63 70 67 62 58 52
    51 55 59 64 66 63 63 64 63 66 71 70 64 49 37 44 56 60 57 54 53 58 64
    66 63 59 57 54 49 49 57 65 68 62 52 52 61 63 55 52 57 63 69 70 76 78
    77 71 68 73 75 68 58 57 56 50 48 53 62 71 74 69 67 76 84 84 72 58 56
    64 70 68 64 60 53 50 54 59 62 63 64 68 73 73 65 64 70 67 61 67 75 77
    72 67 64 67 75 83 87 89 86 79 68 57 58 64 64 61 64 68 67 72 77 66 47
    33 29 37 54 64 67 74 86 93 88 75 63 58 60 62 57 51 52 55 55 57 60 57
    53 54 54 51 53 58 59 51 42 45 55 63 66 62 58 58 59 60 62 59 49 45 50
    51 53 59 61 61 59 54 54 60 66 66 66 67 64 59 56 57 58 60 66 72 71 63
    52 42 41 45 54 66 70 64 66 69 62 54 51 50 47 40 37 41 52 61 66 74 80
    76 64 54 50 55 63 67 68 60 52 54 56 53 59 68 67 62 58 55 57 64 70 69
    63 66 75 74 68 69 69 55 48 61 72 68 60 63 70 69 60 53 49 48 55 63 63
    61 60 56 54 57 62 66 61 54 55 59 62 68 73 76 74 62 47 47 56 63 62 54
    48 54 63 65 64 67 64 55 45 40 44 55 64 64 59 61 69 68 59 58 65 68 67
    68 78 80 79 70 63 67 71 65 54 53 59 60 55 53 56 58 56 57 68 78 78 74
    66 53 49 61 73 74 72 70 63 58 60 64 64 64 63 65 69 69 64 66 69 60 53
    57 62 63 68 74 76 74 73 76 82 89 90 82 70 61 60 61 57 56 66 74 73 71
    71 63 52 44 40 46 58 65 64 63 69 81 86 77 63 57 58 57 51 49 55 59 59
    58 55 52 54 56 49 42 47 57 59 53 50 56 67 74 74 67 61 58 59 63 63 55
    47 48 54 53 53 63 70 67 60 52 53 63 68 62 57 61 65 62 59 57 56 60 67
    73 73 68 58 42 35 42 58 74 75 61 56 61 60 59 59 54 46 41 43 49 56 63
    68 74 75 68 57 47 41 47 57 62 70 68 57 53 51 46 49 58 62 59 55 55 56
    59 62 64 64 68 77 77 70 67 65 53 47 59 76 77 67 63 66 66 60 58 58 56
    56 62 66 65 63 61 59 55 55 55 48 43 43 48 56 65 74 83 87 77 62 55 56
    63 68 63 56 60 66 64 64 70 71 60 45 37 39 48 56 61 64 68 72 67 57 60
    67 62 54 52 82 82 81 75 62 53 53 53 50 50 59 64 58 51 54 54 46 49 69
    80 73 65 64 60 57 66 73 70 67 71 76 75 69 63 63 65 63 62 65 66 66 68
    66 56 48 48 48 53 69 85 89 81 68 60 66 81 91 86 75 67 63 60 54 50 58
    70 73 72 68 62 59 55 51 57 67 67 61 56 58 68 77 74 63 56 58 60 54 49
    50 52 55 56 52 53 61 61 47 35 40 50 52 51 54 63 72 78 81 81 75 62 59
    62 59 51 49 55 60 57 54 62 74 79 72 60 56 61 62 53 45 50 61 65 60 55
    56 64 73 72 66 64 61 50 41 45 57 68 69 59 55 58 59 59 60 55 48 48 52
    56 60 67 71 72 66 55 49 44 37 40 49 57 69 75 68 57 48 41 40 47 53 56
    57 59 59 57 60 69 74 76 79 79 71 62 55 48 47 56 69 76 70 61 57 55 54
    60 67 69 69 71 71 66 63 63 63 59 52 43 40 43 42 42 48 56 67 82 91 82
    67 58 56 62 69 67 65 69 70 66 65 70 71 59 44 40 47 54 57 62 67 70 68
    60 51 57 65 54 41 38 80 82 84 81 65 48 45 52 54 53 57 62 58 53 58 60
    51 51 67 78 73 69 72 74 73 76 75 62 51 58 75 81 71 60 61 67 65 59 61
    67 70 68 61 52 48 47 45 52 73 90 94 83 64 52 57 71 82 83 81 74 63 56
    52 45 46 58 69 74 71 65 64 59 54 59 66 67 64 63 62 66 68 64 57 56 61
    66 63 54 47 48 57 63 64 68 74 67 47 34 38 47 52 54 55 60 65 70 78 88
    85 68 60 62 58 51 49 53 59 60 57 59 71 82 79 63 53 51 48 42 40 49 64
    69 62 54 59 75 83 72 58 58 66 62 50 46 51 58 63 61 58 61 62 59 56 56
    55 54 53 51 54 63 70 72 61 47 47 48 39 37 46 52 61 74 75 65 57 53 49
    49 53 60 65 68 65 60 63 73 81 82 82 79 68 56 47 43 46 53 59 64 64 61
    58 55 55 62 70 76 81 83 76 67 64 67 67 64 58 46 45 55 57 52 51 53 60
    74 82 74 60 52 57 66 68 63 64 69 69 64 64 71 72 61 48 51 62 67 65 68
    72 72 65 53 47 55 62 51 35 31 76 78 82 78 62 48 48 57 60 56 53 56 57
    57 61 66 64 62 67 73 75 78 80 78 78 81 78 59 42 47 66 77 73 64 64 70
    67 60 61 70 74 70 62 55 51 49 47 54 71 84 89 84 66 53 58 67 72 77 84
    80 64 56 55 48 43 52 64 70 69 67 65 58 50 51 59 66 71 72 70 66 60 51
    47 52 59 63 63 60 53 53 64 73 76 78 81 73 53 40 42 52 64 70 67 61 58
    61 71 80 76 64 60 64 62 58 54 50 53 59 56 54 63 74 72 57 48 47 45 44
    49 60 71 71 60 55 66 86 93 79 62 61 71 69 53 45 52 61 65 61 58 62 66
    61 57 62 66 59 48 43 47 57 67 70 59 48 51 51 42 41 48 48 51 67 78 75
    73 73 69 66 67 68 71 73 68 59 59 67 78 84 81 73 64 56 48 44 49 56 55
    54 57 63 67 66 64 64 64 67 75 80 76 66 66 71 67 62 61 57 56 64 66 62
    60 59 60 65 67 62 53 51 62 74 69 58 59 67 67 60 58 71 80 74 65 69 78
    75 68 67 72 74 65 51 47 56 60 48 34 29 66 68 71 68 56 48 53 60 59 54
    52 57 60 59 61 68 73 70 65 67 73 77 73 68 71 80 78 60 46 51 65 75 75
    71 72 75 73 66 62 67 75 76 72 65 56 50 50 57 66 71 80 84 74 63 64 68
    70 73 80 77 62 57 60 54 50 57 63 63 63 65 65 59 52 54 62 69 73 72 68
    63 57 49 44 48 54 56 60 66 61 56 63 70 71 70 72 70 58 46 45 55 71 82
    80 68 60 64 70 68 59 54 61 68 67 65 65 59 54 53 47 44 52 61 60 52 51
    55 56 59 64 72 74 65 53 54 67 84 95 88 72 67 71 67 53 49 63 74 70 59
    52 56 60 56 57 68 74 62 46 42 48 58 67 66 54 50 56 54 45 46 50 46 47
    64 78 79 78 80 78 77 75 70 69 71 68 59 53 56 67 74 68 61 61 60 54 51
    56 60 57 53 56 63 67 67 65 59 53 51 57 66 68 62 65 70 64 57 61 65 63
    60 58 58 63 64 61 58 56 56 57 61 70 77 70 60 61 67 64 53 50 66 83 86
    82 85 87 77 64 60 67 73 65 52 53 61 58 47 38 36 55 56 61 63 56 52 60
    63 55 51 58 65 64 60 62 69 74 68 59 59 63 62 57 56 66 78 75 59 53 61
    69 72 71 71 73 75 74 67 57 59 71 80 80 72 62 55 57 66 68 64 70 82 84
    79 76 76 74 73 74 69 58 58 63 58 57 63 63 59 62 68 69 63 59 64 71 73
    69 62 59 58 56 53 50 50 55 58 64 72 68 56 56 64 63 56 55 57 53 47 48
    55 65 75 79 71 65 69 70 62 55 58 71 78 72 67 72 70 58 46 36 36 47 56
    57 58 62 67 67 67 70 76 76 62 50 51 56 69 86 89 78 68 67 63 52 53 72
    83 72 56 49 52 52 47 53 69 76 63 48 48 54 60 67 63 52 53 61 60 52 52
    52 48 49 62 71 68 67 70 70 68 65 62 62 65 66 64 56 52 56 58 52 50 55
    58 58 59 61 57 54 52 52 55 58 62 62 55 46 43 49 59 62 60 63 67 61 54
    58 62 58 51 46 48 57 63 64 62 58 58 67 73 74 70 65 64 65 63 54 44 46
    61 79 87 89 89 85 71 58 55 59 65 61 56 62 67 63 56 54 54 51 53 60 65
    62 62 70 70 56 50 60 66 62 58 61 68 72 68 61 58 54 48 48 55 65 71 66
    54 54 65 71 68 62 63 68 69 66 61 53 52 65 77 78 73 69 65 65 70 67 59
    61 72 79 82 83 80 75 73 73 67 59 62 67 62 58 61 58 54 62 71 71 63 58
    64 73 74 66 56 53 55 56 56 53 52 58 62 64 71 70 59 60 67 62 50 45 48
    50 52 57 61 61 63 68 65 60 62 63 58 59 71 84 87 76 67 72 73 60 43 33
    36 50 62 64 70 77 76 71 68 70 77 79 69 59 55 52 60 77 84 77 71 67 60
    48 49 66 77 68 52 49 57 56 49 54 68 75 68 59 58 58 58 64 65 61 62 68
    67 62 61 61 57 55 58 60 54 53 58 58 53 51 54 57 59 64 69 65 57 54 53
    48 46 49 52 60 68 64 51 47 49 47 45 52 61 60 53 49 51 56 62 66 66 68
    68 60 52 49 50 52 50 45 44 49 60 72 72 62 60 69 74 68 61 60 62 60 52
    42 38 46 60 72 82 87 86 78 66 56 51 52 56 60 66 73 75 70 67 71 74 56
    58 63 66 64 68 78 77 61 50 55 61 59 57 58 61 65 67 66 61 53 48 52 59
    61 59 54 50 56 66 71 65 56 55 64 65 61 60 58 55 60 68 73 75 74 69 67
    66 60 53 53 57 61 70 81 78 70 70 73 66 60 62 68 66 58 54 50 47 55 68
    70 63 57 61 70 70 62 54 56 62 64 61 52 48 56 59 58 62 65 63 67 67 55
    43 41 47 56 63 69 73 70 66 65 59 51 52 54 53 57 69 81 81 69 62 68 73
    64 49 38 40 56 66 68 76 83 78 72 70 72 76 78 74 68 65 61 66 77 80 78
    75 66 52 39 38 51 64 63 54 54 61 60 55 58 65 70 72 72 68 60 59 67 73
    73 72 72 67 63 66 68 65 58 55 56 54 50 51 52 51 51 53 57 60 65 70 70
    66 63 61 56 52 48 49 59 70 68 54 49 53 49 46 54 59 53 50 57 67 67 66
    71 78 79 72 63 56 49 47 56 60 54 51 52 63 75 73 60 56 61 62 58 56 60
    62 58 53 46 43 51 60 67 77 85 85 78 69 58 49 47 53 63 75 85 84 74 70
    78 84 58 60 63 60 59 66 76 77 67 58 57 61 64 65 60 56 58 62 62 58 57
    61 65 63 55 49 50 56 63 67 67 65 56 54 63 66 63 68 69 61 59 64 74 81
    77 66 66 69 63 55 52 52 52 63 78 75 63 62 67 64 59 58 63 66 58 48 44
    45 53 65 73 71 67 68 71 66 58 56 62 69 73 67 51 45 54 59 56 57 62 67
    69 60 45 38 40 51 66 77 81 83 83 77 66 56 51 52 52 49 50 60 69 66 56
    50 57 67 65 55 46 48 62 70 70 74 76 72 69 71 72 71 69 67 67 68 70 74
    77 77 78 77 62 43 33 36 47 59 66 65 62 61 59 58 60 59 59 67 75 72 64
    65 73 76 74 73 71 64 60 63 64 59 51 50 60 65 59 57 61 64 63 58 59 65
    70 72 71 71 70 65 61 58 51 48 55 67 73 67 63 65 61 56 57 55 48 50 65
    78 75 63 65 78 81 72 68 69 62 58 66 70 66 62 62 68 73 67 57 54 55 55
    54 57 64 68 67 66 63 58 60 60 62 72 84 87 79 70 61 53 50 54 63 76 87
    86 72 65 73 80 53 56 59 55 53 61 68 72 73 72 70 69 71 74 70 63 63 63
    56 53 60 73 76 64 50 47 54 65 69 65 62 64 60 56 59 61 64 70 70 63 61
    67 77 81 71 59 64 75 70 59 54 54 55 64 75 71 59 58 64 66 63 61 64 68
    64 53 51 57 62 70 78 81 80 79 76 69 60 59 64 68 71 66 50 47 60 66 63
    61 66 73 69 56 47 46 50 62 78 87 86 84 84 78 61 49 52 60 61 53 50 57
    65 63 54 48 50 58 61 55 52 61 72 75 73 73 68 62 63 68 70 65 60 61 64
    69 71 69 66 65 70 73 61 45 41 47 54 61 71 76 72 68 66 63 60 56 55 61
    69 70 68 71 73 69 65 64 66 66 64 61 54 46 40 44 62 75 72 69 73 77 73
    61 56 62 68 68 66 67 70 66 63 59 51 46 52 66 80 81 78 77 73 66 60 56
    55 58 66 77 77 61 53 61 69 70 73 74 68 64 68 73 74 71 71 75 72 61 55
    54 54 55 60 64 70 74 73 76 77 73 68 61 59 68 82 84 72 61 60 62 61 62
    64 70 77 76 67 59 63 69 47 52 58 58 58 61 64 68 76 82 81 72 67 71 73
    73 75 72 62 56 62 73 72 60 50 52 61 69 70 64 60 60 58 53 51 53 59 65
    67 66 66 70 74 72 60 51 59 70 68 57 53 56 58 62 66 65 60 59 64 66 67
    68 68 70 71 67 68 73 75 78 84 86 85 82 76 68 62 61 65 66 66 62 52 55
    67 70 63 58 64 73 69 60 56 56 60 70 82 84 77 71 71 71 58 45 48 62 67
    59 52 56 63 65 64 61 55 56 60 59 63 74 79 74 71 72 68 62 62 65 64 58
    57 63 69 72 67 57 51 53 60 65 62 57 57 60 61 64 74 83 85 83 79 70 60
    58 61 66 69 70 72 74 69 63 60 56 58 65 67 60 44 31 29 39 59 76 78 75
    75 76 73 60 49 48 52 56 60 65 69 69 65 60 55 51 56 69 79 80 78 76 74
    70 62 57 60 60 59 68 74 63 51 50 56 66 73 70 60 56 63 74 79 77 78 81
    72 59 54 55 54 58 65 69 71 71 72 78 83 80 73 65 61 65 75 76 63 54 57
    66 72 72 70 66 64 65 63 55 56 60 42 48 58 62 63 63 62 64 72 80 82 73
    62 61 67 74 78 77 72 63 61 63 61 54 55 62 68 72 70 64 59 56 56 52 48
    54 61 66 71 77 75 71 70 67 57 52 56 62 61 57 56 59 60 59 60 64 64 61
    62 64 66 69 68 66 71 74 75 73 73 78 82 81 80 79 71 64 64 67 71 71 67
    63 60 66 74 70 56 49 56 65 66 64 60 56 56 63 69 67 60 58 63 69 66 58
    57 66 68 59 51 53 57 61 68 68 59 55 59 64 70 76 73 62 60 67 70 66 63
    63 58 51 54 66 73 72 65 54 47 51 57 58 60 65 68 65 62 64 75 88 96 95
    85 70 59 59 66 71 71 69 70 70 65 62 60 54 52 57 62 58 42 27 26 41 62
    75 74 68 64 66 68 61 48 40 40 51 63 68 68 68 65 62 59 58 65 74 75 70
    67 66 67 68 59 50 50 49 48 58 68 67 61 57 55 61 67 62 51 50 61 74 78
    78 81 83 72 59 57 59 60 64 69 67 61 60 68 76 78 77 75 70 64 62 66 66
    59 54 57 64 72 75 71 65 61 65 65 56 55 60 45 50 57 59 60 62 63 64 65
    69 76 77 69 61 63 68 69 72 73 64 55 53 54 57 65 70 72 74 69 60 55 58
    63 62 58 63 70 74 79 84 81 75 72 71 68 66 67 64 61 60 60 60 59 60 63
    68 67 61 59 61 64 67 65 63 68 72 70 63 61 67 71 67 68 74 71 69 72 74
    75 77 74 67 61 64 73 72 58 50 54 58 61 62 61 57 54 52 51 50 52 57 62
    66 70 73 75 79 76 64 56 56 57 59 63 62 53 49 53 59 62 60 55 49 51 61
    66 61 60 63 58 49 54 66 71 69 68 62 55 58 60 55 56 66 69 65 61 62 70
    80 88 90 83 72 65 64 65 65 64 62 61 60 61 62 62 59 56 56 59 61 53 39
    36 52 72 77 68 59 55 57 62 65 58 48 47 58 69 72 67 67 68 65 58 58 67
    76 74 65 61 61 64 64 54 42 43 49 50 55 65 69 68 66 62 60 62 61 56 56
    64 70 70 72 78 81 72 61 63 67 70 75 75 65 54 52 63 73 73 73 75 71 63
    60 62 61 57 55 56 60 65 69 68 63 62 68 67 59 60 66 58 60 62 59 57 62
    67 65 60 60 71 81 77 68 63 60 57 61 67 61 52 49 51 58 66 70 73 72 65
    56 55 62 71 73 69 69 74 78 78 79 82 81 79 77 76 79 81 77 69 62 57 53
    55 61 67 70 65 55 52 56 60 61 59 59 66 70 64 59 60 64 65 60 59 66 72
    78 81 74 70 75 76 63 48 49 65 73 68 62 62 60 56 56 60 64 60 51 47 52
    62 66 63 58 62 70 78 82 81 73 65 62 61 61 60 55 49 51 58 60 54 45 40
    43 53 63 64 58 57 62 59 51 56 67 67 64 69 71 66 65 61 51 51 61 65 65
    63 59 60 64 67 69 73 76 75 71 66 61 57 59 60 57 60 65 67 68 65 59 60
    65 62 50 47 63 80 78 67 59 55 55 59 66 67 62 62 69 74 72 65 67 76 75
    63 57 65 73 70 62 60 63 64 60 50 43 51 65 67 63 65 65 64 67 68 62 60
    63 65 65 68 67 64 63 69 77 77 72 73 76 79 82 78 67 58 58 64 69 73 76
    76 70 60 58 62 63 60 58 57 59 64 64 60 56 58 64 63 61 67 72 63 63 65
    65 62 66 71 66 58 60 71 76 71 66 64 59 55 58 64 60 54 53 51 50 54 63
    71 71 67 64 66 68 70 71 69 67 71 72 67 66 76 83 82 75 70 74 84 87 79
    66 56 54 58 61 62 63 58 49 49 57 63 59 53 54 65 69 62 59 64 68 69 65
    60 60 66 77 82 72 62 65 69 57 41 43 62 77 77 73 72 65 54 50 58 66 62
    56 59 67 76 75 63 52 52 60 66 68 68 68 66 64 63 60 57 54 59 69 77 73
    56 42 37 44 58 68 69 64 58 53 49 50 57 64 65 65 71 75 72 66 56 47 48
    56 60 63 63 56 53 57 57 54 59 71 74 71 70 67 64 69 72 67 67 71 72 72
    66 58 60 66 62 49 48 65 77 75 68 63 59 58 61 64 66 69 72 75 76 70 61
    63 77 83 74 65 66 68 61 53 56 60 57 51 46 46 58 74 77 69 61 56 58 67
    70 61 55 58 63 67 69 68 64 61 64 77 87 84 77 76 78 77 70 65 66 69 69
    68 71 76 76 70 60 56 59 61 64 65 65 68 70 63 54 50 53 59 62 66 73 77
    56 56 61 65 65 70 74 68 60 62 67 63 58 61 66 66 65 68 68 60 60 64 57
    45 45 58 70 73 74 76 77 73 67 64 61 59 62 61 53 54 67 79 81 73 62 62
    76 89 86 73 66 66 66 59 54 56 56 51 54 66 72 66 56 54 64 72 69 63 61
    65 71 70 63 57 58 68 78 76 63 55 58 57 49 51 68 83 83 79 76 69 55 50
    57 61 58 63 73 77 78 75 64 54 55 60 60 56 54 57 59 60 61 59 56 57 65
    76 81 76 63 50 44 49 60 69 75 74 62 47 41 47 55 59 64 71 76 73 68 65
    59 53 54 59 63 65 60 53 53 63 67 59 55 60 62 64 72 75 73 75 75 72 73
    72 70 68 64 59 64 68 60 46 46 61 72 69 63 60 60 65 70 68 67 70 73 73
    72 68 59 56 67 80 82 74 70 65 54 49 56 58 49 43 45 48 55 66 73 69 59
    53 58 67 67 57 50 52 59 66 67 67 67 64 63 77 91 86 69 62 64 64 62 64
    68 71 70 67 64 65 66 66 64 62 58 57 65 72 73 73 70 63 57 55 56 62 68
    74 78 79 50 53 58 60 61 68 72 67 63 62 61 55 53 61 69 73 76 78 71 62
    66 73 66 52 49 61 71 74 76 78 76 71 65 60 53 51 53 50 43 48 64 76 82
    76 61 56 71 89 90 80 76 76 71 61 56 59 60 56 58 69 75 73 65 58 64 77
    82 70 56 57 67 70 63 54 50 56 72 81 72 56 54 63 66 66 76 86 84 76 73
    70 60 55 60 62 59 68 78 75 70 70 67 64 69 72 67 60 57 61 63 62 62 63
    63 63 64 64 63 63 64 60 53 54 59 67 76 78 68 54 47 50 54 58 66 76 76
    67 63 68 67 60 59 65 72 70 59 54 61 75 82 75 64 57 53 57 68 74 73 71
    68 67 69 68 67 68 66 63 66 70 62 49 48 61 71 67 60 57 60 69 78 78 74
    74 71 65 66 69 63 55 59 73 82 80 76 66 54 55 67 67 54 50 55 56 53 55
    64 69 63 57 60 65 62 54 51 55 63 65 60 60 64 60 56 69 86 83 64 50 50
    56 62 63 61 60 61 61 56 54 56 60 69 76 69 60 62 69 69 66 61 58 60 60
    58 64 73 79 79 77 52 57 61 58 57 62 62 59 58 59 58 57 60 68 74 78 79
    75 68 66 69 71 67 61 57 62 67 69 72 72 67 64 64 59 49 46 51 49 43 48
    61 71 75 69 57 56 72 89 92 85 79 74 68 63 62 62 60 56 57 64 70 71 68
    62 65 79 85 71 52 49 59 65 62 53 45 48 61 76 76 64 60 70 76 76 79 80
    75 69 67 67 62 61 68 71 67 68 70 66 62 64 65 66 73 77 72 66 67 74 76
    72 69 69 72 74 69 58 50 50 57 61 57 52 53 61 70 73 70 64 60 56 56 60
    67 73 69 61 61 69 69 60 54 61 74 74 61 56 65 80 86 82 74 62 51 50 58
    67 72 70 65 61 60 61 63 66 63 58 60 67 66 57 55 66 76 72 65 62 62 67
    74 77 78 78 70 60 63 70 65 57 58 67 75 76 75 68 59 61 72 72 64 66 72
    69 56 49 57 69 69 63 62 63 60 54 55 62 68 67 60 59 59 52 48 61 81 83
    68 54 53 62 66 59 53 51 52 55 54 55 59 64 76 86 79 64 57 58 59 59 55
    52 54 55 55 62 73 78 75 72 51 57 62 56 53 55 52 47 47 48 50 57 67 75
    80 80 75 65 63 70 71 64 63 63 58 53 53 59 67 68 62 60 65 61 51 50 58
    59 50 47 52 57 58 56 56 64 75 83 86 83 76 64 57 58 60 56 53 53 54 57
    61 63 62 59 63 73 75 64 50 46 53 62 61 52 45 44 51 64 72 68 65 69 71
    71 73 70 64 61 61 63 63 65 73 77 73 68 62 56 55 55 56 60 65 67 63 60
    66 78 83 79 75 75 77 80 76 65 56 53 53 55 54 49 46 51 60 66 70 69 65
    59 59 61 64 65 61 55 56 63 68 64 55 60 75 78 64 54 59 70 73 72 70 64
    54 51 57 67 72 70 64 60 58 59 62 63 57 51 55 65 69 61 57 68 80 81 75
    68 62 61 63 65 70 73 66 59 64 69 63 59 60 63 65 66 67 67 61 59 64 66
    67 75 80 74 59 49 57 70 75 69 64 65 60 54 56 63 68 71 72 69 61 51 49
    62 78 81 71 63 66 74 68 58 56 56 57 61 62 63 68 76 84 85 77 66 55 49
    50 53 51 46 48 55 59 62 68 75 75 73 46 53 59 53 49 51 47 39 35 36 42
    54 66 72 72 72 69 59 58 69 72 66 67 70 59 43 39 51 67 71 64 61 66 67
    61 61 72 74 61 49 46 48 50 55 62 68 69 70 74 75 67 54 47 51 55 52 50
    51 51 53 57 57 52 51 58 67 71 65 56 53 58 63 59 53 49 47 48 56 65 66
    62 61 62 67 73 67 57 56 59 59 60 63 67 70 72 71 66 60 54 49 50 58 62
    57 50 48 57 73 81 76 75 79 80 76 71 68 70 69 64 59 57 52 45 45 52 63
    72 72 65 60 61 61 60 62 59 52 50 59 71 73 62 63 78 81 67 54 53 57 57
    56 59 62 59 58 62 69 70 66 63 62 63 64 66 65 60 56 60 69 70 59 53 64
    80 84 77 66 58 57 59 58 60 63 61 58 62 65 61 62 62 58 60 64 65 65 59
    54 55 60 68 76 77 71 62 59 68 82 84 74 65 63 58 53 55 61 66 71 76 73
    64 57 58 67 76 78 73 68 73 78 69 60 64 68 68 70 68 63 67 78 82 76 69
    67 62 52 47 49 48 46 51 62 66 62 63 73 79 80 43 51 59 54 52 55 51 41
    34 33 41 53 59 59 58 62 68 64 59 64 70 74 80 80 64 42 36 49 66 71 64
    59 63 68 68 74 85 86 73 58 52 55 60 65 68 65 60 61 67 66 57 46 41 47
    56 56 51 48 50 56 63 60 52 53 63 72 77 73 67 65 70 67 58 55 59 60 58
    59 64 64 59 57 63 74 79 68 57 57 60 59 60 59 56 55 61 68 72 70 62 51
    49 55 59 54 47 47 54 64 69 69 72 80 79 67 58 62 75 84 81 75 69 61 50
    43 48 62 73 71 65 66 68 63 60 65 67 59 55 62 73 72 60 58 72 78 67 57
    54 49 44 45 52 58 59 59 62 65 65 63 63 67 68 65 64 64 63 64 70 74 72
    60 54 62 73 76 71 62 59 61 64 64 61 59 60 62 63 62 62 64 60 54 58 64
    65 62 56 50 49 54 64 72 72 68 66 70 80 90 88 75 63 57 53 50 53 59 62
    61 63 66 65 64 66 71 74 75 72 68 70 74 68 61 68 76 78 74 68 61 62 69
    70 65 61 66 69 61 53 53 55 56 61 65 60 54 60 72 80 81 49 54 61 63 65
    66 62 53 45 41 45 53 54 53 55 63 71 73 66 61 64 75 84 80 65 49 42 48
    57 59 57 57 63 66 69 78 88 88 78 66 62 68 73 73 71 65 60 64 66 61 53
    43 38 45 58 59 49 45 54 68 76 72 66 69 78 82 81 75 70 73 78 72 61 60
    67 73 73 69 66 63 57 57 67 77 80 71 62 60 59 60 63 61 53 48 48 54 65
    73 70 59 50 46 47 49 52 56 58 59 59 63 69 76 77 65 50 51 67 84 90 86
    80 72 60 48 50 62 67 62 62 70 74 65 57 63 69 65 63 66 69 64 52 48 58
    66 64 61 57 48 40 43 53 61 65 66 64 64 62 58 60 67 70 65 58 53 56 65
    73 75 71 64 60 61 63 65 65 63 66 70 72 73 68 60 62 68 68 64 63 64 59
    53 53 56 58 59 55 45 42 48 57 64 66 66 69 75 79 79 76 71 64 56 52 51
    55 58 56 49 49 56 63 66 68 69 69 66 62 62 67 70 64 58 64 77 84 81 74
    69 67 65 62 61 60 63 68 66 62 65 67 68 70 64 50 47 59 71 75 74 58 60
    63 68 73 74 71 63 56 51 51 53 52 56 64 69 72 76 71 57 54 66 75 73 65
    56 48 47 50 54 57 63 67 64 64 72 81 80 71 63 64 74 81 78 72 67 66 67
    63 59 57 50 40 45 61 65 51 44 55 73 83 81 74 76 82 82 77 72 67 70 76
    74 65 62 67 74 78 75 70 64 59 60 66 69 70 70 67 60 56 60 66 63 54 49
    45 46 57 68 70 63 51 38 35 41 50 57 62 62 60 62 65 72 78 66 44 37 51
    74 87 86 82 78 68 58 61 68 64 56 57 66 71 63 50 51 60 63 64 67 65 56
    48 47 52 56 59 63 62 52 43 48 62 73 80 81 74 68 63 55 54 63 71 69 60
    50 49 60 72 71 66 65 62 56 55 62 67 68 71 73 70 69 65 58 61 70 71 67
    65 65 61 53 46 45 51 60 59 48 42 49 59 64 63 63 70 75 72 65 63 68 70
    65 59 58 61 62 56 47 45 50 57 64 65 64 62 58 54 54 63 68 61 52 58 72
    82 85 83 81 76 68 66 67 66 64 64 64 68 75 75 71 68 60 49 48 58 67 70
    69 59 60 61 63 67 70 68 64 61 59 60 61 62 67 73 71 68 71 68 54 50 61
    69 69 66 60 51 48 56 64 68 68 61 53 53 61 70 72 66 58 61 76 86 81 72
    68 69 66 57 55 61 55 42 45 63 70 56 41 43 58 72 76 71 70 72 71 67 64
    61 62 68 70 67 65 67 70 72 72 72 69 62 60 62 60 60 66 67 61 57 61 63
    58 50 47 47 48 56 68 73 68 53 38 36 42 44 48 56 61 63 63 61 69 77 65
    41 33 46 63 75 79 81 78 69 65 71 76 72 65 62 65 68 59 46 46 53 58 64
    70 66 53 49 54 58 58 61 65 64 55 47 55 72 82 87 85 78 72 66 60 57 62
    72 75 68 57 55 63 71 67 60 62 60 51 53 66 71 68 69 69 62 56 55 55 62
    72 74 70 65 63 61 55 47 46 54 63 64 56 53 61 71 70 62 58 65 73 70 59
    58 68 77 76 69 64 65 69 66 58 51 48 54 63 64 59 60 64 61 54 55 61 58
    51 54 65 74 77 78 79 77 73 71 74 73 69 63 62 71 79 74 65 59 56 54 53
    55 60 65 67 51 53 56 58 59 59 58 60 62 62 66 73 78 80 79 70 63 64 63
    58 62 70 72 69 67 64 57 57 65 73 73 62 46 40 47 56 64 69 68 62 64 78
    85 77 70 71 70 63 54 54 59 54 43 46 61 67 55 38 32 42 58 68 65 61 61
    61 57 53 51 57 64 67 68 71 74 71 64 64 70 69 60 54 54 54 56 61 63 60
    58 57 54 49 45 45 48 52 61 74 81 76 60 45 45 50 45 42 46 51 57 61 62
    69 76 66 48 46 55 60 63 72 80 75 63 61 66 73 76 74 70 70 68 58 48 51
    55 57 65 73 68 54 52 62 65 63 67 72 69 57 49 57 70 74 73 73 73 69 64
    63 62 63 73 80 74 65 65 71 73 66 58 60 61 56 57 67 69 63 62 64 61 56
    52 52 60 69 73 70 61 58 63 65 62 61 64 68 68 64 62 71 78 71 59 53 56
    62 59 51 53 67 78 78 69 60 62 72 76 69 59 51 55 67 68 61 61 70 72 59
    48 49 54 54 54 60 64 63 64 71 76 75 72 73 74 71 65 64 73 80 75 67 62
    62 62 58 53 55 62 65 47 50 55 60 62 60 57 61 64 62 65 73 80 81 76 66
    59 57 56 60 73 82 76 68 68 70 70 69 69 70 68 55 40 41 51 58 62 67 70
    68 67 73 77 71 70 75 73 64 58 59 60 55 51 55 63 64 55 42 39 48 65 73
    66 55 55 60 55 46 46 58 68 70 72 80 82 73 61 60 65 65 59 52 50 51 54
    58 57 55 53 47 43 47 49 48 49 53 65 78 82 76 63 51 51 55 50 44 43 45
    52 60 64 69 76 71 61 61 67 67 65 71 78 72 57 51 55 64 73 75 72 71 69
    60 54 57 58 58 66 71 66 57 58 67 68 63 69 80 77 61 50 52 56 54 54 60
    63 60 59 64 64 61 70 78 74 67 68 69 67 62 59 65 73 69 63 65 68 64 60
    61 69 71 60 50 50 56 62 62 59 61 70 75 74 71 68 68 70 67 63 68 71 64
    56 56 54 49 42 36 44 61 72 71 64 57 59 68 75 70 62 57 59 69 75 69 65
    70 73 62 48 47 56 60 56 56 55 50 53 67 77 75 71 67 65 65 65 66 73 78
    77 78 80 79 73 64 55 52 59 64 57 59 63 67 71 71 66 65 67 67 67 68 72
    75 69 61 58 55 52 56 71 81 77 67 66 74 82 82 74 66 61 56 51 50 54 57
    61 64 66 68 66 65 66 68 74 80 76 68 62 59 58 57 58 63 69 70 62 52 55
    68 83 86 74 60 61 68 62 49 49 61 72 75 79 86 85 74 66 66 68 66 61 58
    56 56 59 58 51 47 47 43 43 52 58 56 52 54 66 75 70 62 58 56 58 59 56
    51 50 51 55 60 64 68 75 75 69 68 71 72 74 77 77 69 58 50 50 60 72 77
    76 75 73 68 60 55 54 57 63 65 62 62 67 70 66 61 68 83 82 64 49 46 45
    45 49 56 57 54 59 66 62 54 60 69 66 60 57 53 50 51 58 74 84 79 68 68
    75 74 66 65 75 79 66 53 50 53 55 59 64 68 70 72 75 74 68 65 66 63 60
    64 63 56 53 58 58 47 34 31 41 56 65 66 66 66 64 67 69 64 60 62 65 69
    73 71 68 70 72 65 55 56 67 72 67 60 52 43 49 66 73 73 72 66 58 60 66
    71 73 72 74 82 92 95 87 73 56 48 54 60 71 74 74 70 72 76 72 68 72 78
    77 73 73 74 66 59 61 63 60 58 63 71 71 63 62 71 82 88 83 69 58 57 59
    56 51 54 63 65 63 65 66 63 58 62 73 80 77 68 57 48 47 51 56 63 69 72
    65 57 61 77 92 95 86 78 78 79 72 61 56 61 68 72 76 82 82 77 76 79 76
    67 59 58 63 68 68 61 48 43 47 51 53 59 65 62 54 55 66 70 59 51 56 66
    73 73 67 63 63 65 64 62 62 67 73 73 71 69 67 67 72 73 70 63 60 56 51
    56 71 82 85 85 81 72 60 51 49 54 60 60 58 64 72 72 67 66 72 84 84 68
    53 49 50 52 57 62 59 57 63 64 53 42 48 58 57 49 43 39 38 43 58 77 87
    80 68 68 76 78 74 74 78 73 64 60 62 64 64 69 74 69 62 64 73 75 70 66
    60 55 58 65 65 58 52 54 58 51 38 36 45 56 61 67 76 79 74 70 66 58 56
    64 68 64 62 63 66 73 75 69 62 65 74 82 82 76 63 50 50 59 64 69 76 72
    63 64 70 74 74 71 69 71 83 95 95 81 58 42 43 48 82 84 80 68 66 72 71
    69 78 88 88 81 75 72 66 61 64 69 70 66 62 63 64 61 60 64 72 79 81 73
    61 58 61 56 51 58 70 70 62 61 67 65 54 53 64 70 66 59 52 45 41 46 56
    64 66 66 63 58 62 77 89 94 90 85 85 85 80 73 66 61 60 61 62 68 77 80
    80 80 75 64 56 56 64 70 70 62 51 43 47 54 56 59 65 65 57 55 62 64 53
    47 56 72 82 82 77 73 74 75 72 63 59 64 68 67 69 69 63 59 59 61 59 54
    55 56 52 55 67 79 87 89 83 71 59 52 53 60 66 62 57 61 67 69 69 70 74
    82 84 74 63 62 63 63 67 70 68 66 65 57 44 37 40 50 55 49 42 41 43 49
    60 74 83 77 65 62 67 73 77 79 76 69 66 69 71 72 75 83 83 70 58 61 69
    71 71 69 59 52 57 64 67 66 62 58 58 54 46 46 56 63 65 74 84 85 79 75
    68 56 51 55 59 56 54 56 60 68 73 69 64 65 70 81 90 84 69 55 50 52 57
    66 75 73 69 72 74 71 70 68 63 56 62 78 86 78 58 38 33 35 86 86 80 69
    64 67 69 74 84 92 91 81 69 63 62 61 63 68 70 69 69 68 67 65 63 62 63
    66 70 71 66 65 66 61 58 66 74 72 62 59 67 67 55 52 59 60 54 52 57 59
    55 55 63 65 58 56 62 66 71 75 77 78 78 77 80 86 86 82 75 65 56 51 51
    57 69 77 77 72 67 63 57 56 61 66 65 58 50 43 41 44 47 51 60 62 57 55
    58 58 49 45 55 69 78 79 76 74 76 79 73 62 56 59 63 63 65 67 63 56 51
    54 60 55 50 53 55 57 66 76 83 84 78 69 60 56 61 71 75 67 60 60 61 61
    62 61 65 76 81 75 69 70 73 75 75 75 74 72 64 52 45 43 41 43 50 53 52
    52 55 59 61 66 72 69 61 57 60 67 71 69 65 67 73 77 73 70 75 85 85 71
    59 59 61 63 65 64 58 53 57 59 62 72 76 70 62 56 52 58 69 72 71 78 85
    83 78 76 73 62 48 42 46 53 58 57 56 61 67 67 66 65 64 73 83 75 58 48
    48 49 55 65 70 68 71 80 80 70 65 65 59 49 50 60 65 60 49 37 33 34 87
    86 81 77 71 65 67 78 88 91 87 78 65 55 53 56 64 71 71 72 76 77 75 72
    70 69 65 62 64 65 64 69 74 69 64 67 72 76 73 67 67 66 60 60 62 58 51
    52 64 76 76 72 68 58 47 49 60 69 73 70 64 64 68 71 76 83 88 89 83 71
    60 54 54 58 67 76 77 70 62 58 57 56 60 67 69 60 50 45 41 40 42 48 55
    58 58 60 62 57 46 45 56 66 70 69 66 67 75 80 75 66 60 59 61 66 69 67
    62 57 55 62 71 67 55 51 52 56 67 79 81 76 72 69 63 57 60 72 77 71 67
    67 64 58 53 48 52 65 75 73 67 68 77 84 82 74 72 74 67 59 58 58 51 42
    43 53 61 62 60 59 56 58 62 62 59 59 62 66 61 53 52 63 75 79 74 69 72
    79 81 69 58 54 57 62 62 55 51 52 53 51 58 73 78 69 60 55 54 63 74 74
    70 73 78 80 80 79 78 71 54 41 46 61 69 67 63 66 68 69 72 70 63 63 69
    65 54 49 50 52 59 65 64 61 68 82 82 71 67 68 59 48 48 55 52 42 37 39
    45 50 83 81 79 81 77 68 67 79 89 87 82 78 68 55 48 51 62 72 77 79 79
    77 75 72 73 75 71 68 65 58 55 63 74 71 62 59 68 83 89 80 67 61 64 65
    62 56 49 48 60 77 83 80 69 53 44 50 59 64 65 61 59 68 75 75 76 80 87
    92 86 75 67 64 62 62 68 77 78 68 56 50 49 53 62 74 79 70 58 54 52 50
    52 54 51 51 58 66 67 59 48 48 56 61 63 64 61 65 77 85 80 71 66 63 64
    71 73 65 59 60 63 70 79 76 62 53 52 57 68 79 80 73 71 73 70 63 60 68
    75 74 71 67 62 59 56 49 45 53 66 71 68 70 80 88 83 71 67 74 75 73 74
    72 64 53 49 57 67 67 57 50 51 56 61 63 65 67 69 71 63 52 50 60 73 75
    70 67 69 76 78 68 55 51 59 70 69 55 47 50 50 52 63 74 72 62 55 54 55
    61 67 65 61 63 68 75 83 83 81 78 67 56 60 71 74 74 76 76 70 67 70 69
    59 56 62 65 63 58 55 58 65 66 60 57 65 77 78 67 66 66 55 45 49 58 54
    41 36 45 59 67 72 70 70 76 78 72 71 81 88 85 81 80 71 57 49 51 57 67
    82 87 79 73 72 72 73 73 73 72 68 58 52 58 68 67 57 53 65 83 92 86 70
    60 63 65 60 53 46 44 53 66 72 72 65 53 49 55 61 65 67 62 63 77 85 81
    78 81 85 87 82 70 65 66 63 60 65 71 69 62 54 49 47 50 61 75 81 77 71
    68 65 64 68 65 51 44 53 65 67 60 50 49 53 55 62 71 73 76 85 86 76 65
    62 62 61 63 64 59 57 60 63 66 73 72 63 60 64 66 69 73 74 71 71 73 72
    69 67 71 77 76 68 59 56 63 69 62 49 47 58 66 70 77 84 86 80 69 66 74
    77 77 76 72 66 65 67 69 70 66 57 50 54 60 63 65 69 70 70 73 71 64 60
    65 71 67 60 60 64 71 77 73 59 55 65 78 78 64 51 48 51 59 72 77 71 63
    59 57 56 55 54 51 51 55 58 67 78 81 80 79 75 71 72 71 67 68 77 80 72
    64 62 61 56 56 66 74 71 62 56 58 63 63 60 61 69 77 75 67 62 55 44 39
    47 59 62 54 48 51 61 67 65 62 61 65 69 68 71 81 85 83 84 84 74 61 57
    57 58 68 86 93 84 76 76 75 71 69 71 72 68 63 59 59 64 65 58 55 60 70
    77 80 75 67 65 64 61 56 49 49 57 62 63 64 60 56 56 59 63 71 76 70 66
    76 87 85 81 81 78 74 68 61 59 61 59 59 65 68 66 62 59 56 52 52 60 71
    76 76 76 74 71 72 79 74 53 40 46 59 65 61 53 52 56 57 64 76 84 88 89
    81 65 52 51 54 52 49 49 50 53 55 55 54 56 58 59 66 73 71 64 63 63 62
    62 63 66 68 71 77 81 75 65 60 63 73 79 73 58 51 54 59 67 78 84 82 75
    70 70 74 73 69 68 64 59 64 76 79 72 65 58 56 62 67 66 65 65 63 60 62
    68 69 67 69 70 61 53 57 61 64 72 73 63 60 70 80 78 66 52 44 46 57 70
    78 79 72 65 61 56 49 45 45 51 54 54 59 67 72 73 72 70 69 66 60 53 55
    65 72 70 64 61 61 62 66 78 85 80 69 59 54 55 58 65 73 79 79 76 72 66
    54 42 42 52 64 72 70 64 58 55 55 68 65 61 62 63 62 67 76 78 76 80 80
    71 65 65 63 62 72 87 93 88 82 79 74 66 63 67 68 66 66 66 63 63 65 66
    63 60 59 60 69 77 77 70 67 67 66 61 61 68 70 66 65 65 67 68 67 67 70
    74 71 66 71 82 83 77 73 66 59 56 55 59 62 61 64 69 71 71 67 59 55 53
    55 62 69 71 72 73 70 65 68 78 75 54 40 44 57 64 60 55 59 67 66 64 67
    76 87 87 71 53 46 51 55 53 48 47 49 46 46 50 48 42 44 54 66 71 63 53
    52 54 53 55 61 66 66 68 76 79 71 62 64 73 77 78 75 67 60 55 52 58 73
    84 82 74 71 73 73 68 64 68 67 58 58 70 76 68 60 56 59 67 72 72 68 64
    60 55 54 60 63 61 63 62 56 55 63 65 62 63 60 54 59 71 77 69 57 47 38
    36 44 59 78 87 81 70 64 59 53 50 53 55 55 55 56 59 62 64 63 60 58 55
    51 48 51 58 61 61 62 65 69 70 76 87 93 90 81 66 52 48 53 63 75 80 76
    72 72 73 66 57 60 71 79 82 80 73 63 53 49 75 73 72 73 71 68 68 68 66
    66 68 65 61 63 63 59 59 67 76 83 84 79 74 68 59 56 62 66 69 71 68 64
    65 69 72 73 70 65 60 63 72 76 75 75 78 79 75 72 76 76 71 67 72 79 83
    82 77 71 67 65 64 68 77 77 71 67 61 54 51 55 63 71 69 67 69 70 70 66
    56 49 51 60 68 72 72 72 70 64 57 59 70 71 57 48 52 59 60 54 52 60 70
    68 57 51 60 78 81 64 47 49 61 68 67 60 57 54 45 46 54 51 41 42 55 68
    72 60 47 48 55 58 62 70 72 65 61 66 72 69 61 60 66 67 67 70 71 66 58
    52 56 71 86 86 77 70 68 67 63 63 72 77 67 59 61 64 60 52 50 57 67 72
    74 73 70 67 63 59 60 59 55 53 52 49 54 68 75 70 60 48 43 54 70 74 65
    55 49 40 34 41 57 78 88 81 72 70 67 61 60 61 59 60 60 56 54 56 60 61
    58 57 59 59 57 59 58 53 54 63 72 74 70 72 82 89 90 84 70 57 52 51 57
    67 70 66 65 69 76 78 76 81 90 92 85 76 67 62 56 54 78 76 76 78 79 78
    71 60 54 55 55 54 55 60 61 58 57 57 62 71 75 69 65 64 58 55 62 72 79
    80 72 64 65 69 72 75 79 80 73 65 66 73 80 84 85 84 78 72 72 73 69 66
    70 82 91 91 84 74 66 62 61 67 73 73 70 69 65 60 59 63 71 77 72 64 65
    67 63 60 58 56 59 68 75 77 76 72 66 59 53 55 67 71 65 61 64 65 59 50
    51 60 65 58 47 43 54 72 77 64 50 58 75 83 80 72 66 62 56 57 64 59 51
    51 59 71 78 68 52 51 59 64 68 76 74 64 59 61 66 70 67 60 55 55 60 65
    65 61 59 58 60 70 82 86 78 65 58 60 60 62 74 84 79 66 56 53 54 52 52
    59 66 71 76 79 78 77 74 68 62 58 52 48 46 47 54 68 80 78 62 46 43 53
    68 75 72 67 61 51 46 52 64 76 80 74 69 71 68 61 58 61 64 69 67 56 51
    56 61 60 59 63 71 74 68 63 56 50 58 72 79 76 69 68 73 77 80 81 76 69
    62 55 57 65 66 59 59 69 78 82 82 85 91 90 79 63 56 59 62 62 80 76 70
    69 72 75 70 57 50 48 47 52 59 63 65 65 62 56 57 66 69 61 55 60 63 63
    67 76 85 88 79 64 58 60 63 68 78 86 81 71 68 75 84 85 79 74 68 63 62
    63 64 64 66 75 87 89 81 74 68 62 60 64 67 69 67 64 63 64 69 76 79 77
    67 59 62 64 57 54 62 67 68 71 74 75 73 67 58 54 53 57 68 74 73 74 76
    73 67 61 63 69 66 55 47 47 57 68 71 63 56 66 83 90 85 77 71 69 67 67
    70 67 59 52 52 61 69 64 55 54 58 60 64 73 74 68 66 64 62 68 75 69 56
    56 64 63 54 49 54 62 64 68 74 77 72 60 55 59 58 60 73 85 84 71 56 49
    51 55 60 64 67 71 81 85 83 81 80 73 62 54 49 43 42 49 61 68 70 68 59
    52 52 61 70 76 79 77 72 64 59 62 68 72 72 68 66 67 63 56 53 58 68 77
    74 61 55 57 59 57 58 63 70 72 69 64 55 54 67 78 77 72 72 74 71 67 73
    83 84 77 68 61 64 70 67 56 55 69 80 81 79 78 80 78 69 55 50 56 63 65
    78 74 68 63 62 65 64 59 56 51 51 60 69 71 70 70 67 62 60 64 67 57 46
    53 67 69 67 73 84 91 84 65 51 49 50 55 69 80 77 68 67 76 83 78 66 58
    59 62 64 63 66 66 64 67 78 82 77 72 68 62 60 59 59 60 59 51 49 55 68
    78 79 70 61 58 58 56 52 52 61 70 70 67 62 60 62 57 51 53 55 59 67 73
    75 80 81 80 81 80 81 81 76 67 61 58 58 62 63 60 62 73 86 88 81 73 69
    66 61 61 67 70 62 51 44 45 48 47 47 54 61 61 62 70 74 73 75 73 64 63
    74 74 63 63 66 59 46 43 51 64 71 74 73 68 62 58 60 62 57 55 68 83 84
    73 62 55 53 55 60 62 63 71 84 88 81 76 76 72 63 53 48 43 43 55 67 65
    54 49 52 58 64 71 74 76 78 75 72 69 65 63 64 66 65 62 62 63 61 57 56
    59 70 82 82 73 65 59 54 55 58 60 57 57 62 66 63 65 72 74 66 61 68 78
    75 66 71 85 88 79 69 66 68 67 59 49 52 65 76 78 75 72 71 66 59 51 45
    50 59 63 70 69 68 65 63 62 60 61 63 60 61 70 78 78 74 70 71 71 65 62
    62 52 40 47 63 66 65 73 85 90 83 69 57 49 42 43 58 70 66 59 62 70 71
    65 56 52 58 67 72 73 74 70 63 63 72 77 75 71 64 59 57 55 54 56 53 44
    38 45 58 66 66 61 61 62 57 52 51 52 57 65 66 59 49 46 49 49 49 55 58
    58 62 69 77 84 82 82 89 92 89 85 80 76 71 63 57 56 55 57 68 80 85 79
    65 58 60 58 50 49 60 68 67 62 56 49 43 39 41 53 67 71 68 70 75 76 78
    79 74 68 68 69 66 62 58 50 45 49 60 74 84 85 78 67 61 65 70 65 52 47
    59 76 80 76 72 70 64 57 54 53 54 67 85 89 79 68 64 67 63 54 50 50 51
    59 67 62 49 43 49 60 69 72 72 74 76 73 69 67 65 61 58 60 62 60 58 58
    58 60 62 65 74 84 90 85 76 66 60 59 60 59 54 53 62 71 75 77 78 73 63
    54 58 69 73 71 75 84 86 79 70 66 65 60 51 49 56 63 68 70 68 67 66 57
    48 43 40 45 59 66 63 62 61 64 68 67 61 60 62 61 62 66 70 75 72 67 74
    80 74 63 57 48 40 47 59 63 67 81 91 89 80 72 66 58 45 40 53 64 59 56
    63 64 55 48 50 56 65 72 74 75 76 72 63 61 67 73 73 70 64 61 59 58 57
    56 52 46 41 45 52 55 55 59 68 69 59 54 53 48 49 57 59 55 48 45 46 45
    48 55 58 57 60 70 82 90 87 84 89 90 82 75 71 68 64 57 52 50 47 52 67
    78 76 63 47 45 57 61 51 50 60 66 69 74 73 63 56 52 48 53 66 72 68 68
    71 71 72 77 83 79 69 67 65 60 52 49 54 64 75 84 88 90 84 76 72 76 78
    67 49 42 52 64 69 73 78 77 68 56 47 43 45 61 82 88 79 68 62 64 62 55
    53 56 58 61 66 64 54 47 49 59 65 62 59 64 71 71 67 66 66 63 61 64 68
    66 58 53 55 58 63 67 71 80 91 91 81 76 73 67 59 55 56 63 74 83 87 87
    83 79 70 60 55 57 63 69 74 79 82 80 75 68 67 66 60 61 68 67 63 60 58
    61 64 55 42 36 36 47 63 71 65 61 57 62 71 71 61 55 54 55 54 51 53 62
    64 62 72 83 79 68 61 55 50 54 62 67 76 89 93 86 73 65 66 68 60 51 56
    61 56 56 65 61 45 40 51 64 73 76 71 68 69 68 61 56 63 70 69 67 66 65
    63 60 58 55 53 54 54 53 51 50 51 60 71 70 59 53 49 39 41 53 61 64 63
    59 53 50 53 60 61 58 60 69 82 89 87 84 84 80 70 62 60 59 54 48 46 44
    44 50 60 66 64 53 39 43 64 72 61 56 63 66 68 72 70 64 63 66 61 57 61
    65 64 64 66 65 65 72 82 80 72 69 65 58 53 57 68 77 82 80 78 83 88 87
    83 83 81 69 51 44 48 54 60 68 73 68 57 47 40 36 38 54 72 78 75 71 70
    69 65 58 57 63 65 62 66 66 57 49 50 56 60 56 51 53 59 63 64 66 67 66
    69 75 78 72 60 54 57 58 61 66 67 70 81 83 77 76 76 66 52 47 55 70 83
    91 94 91 85 81 76 70 62 51 49 54 62 69 78 85 84 79 77 76 71 72 78 75
    66 60 59 62 66 62 51 40 36 45 59 66 64 61 57 62 69 68 58 49 49 49 46
    42 48 57 59 60 68 75 75 71 71 70 63 61 64 72 81 86 83 76 65 57 61 74
    74 64 59 59 57 60 66 60 48 48 58 69 77 76 69 65 66 65 58 56 66 70 64
    59 61 63 60 57 58 58 58 63 68 66 55 44 45 57 68 66 57 51 44 37 40 54
    69 78 78 70 60 55 61 71 71 64 61 64 72 78 80 77 74 72 67 62 60 58 52
    48 46 46 50 56 58 58 62 56 42 47 69 78 68 58 59 64 66 63 55 52 60 69
    67 61 60 61 66 70 68 65 68 74 77 71 69 68 63 57 56 63 75 80 77 72 70
    78 89 90 83 79 79 73 60 54 51 51 59 68 68 59 50 45 40 38 42 52 61 63
    63 66 71 73 69 64 64 70 69 62 62 64 58 54 55 55 58 61 58 54 54 58 63
    67 68 69 74 80 80 71 61 59 63 60 62 69 69 63 66 72 74 76 75 66 52 46
    54 68 79 86 88 85 83 80 73 69 65 51 40 40 48 59 72 83 85 83 80 73 65
    67 76 81 76 71 70 70 70 71 65 51 38 40 52 59 59 58 57 59 63 62 55 51
    51 50 45 45 53 59 60 62 65 63 61 65 74 79 71 63 63 72 81 79 71 69 64
    58 62 74 76 64 55 57 63 67 69 63 58 61 65 68 71 73 70 66 68 70 66 67
    75 76 64 54 56 60 58 56 64 71 70 72 78 74 56 39 42 59 68 66 59 53 47
    42 44 55 70 80 80 74 63 55 62 76 80 71 62 61 65 70 74 70 64 66 70 70
    66 60 56 55 52 51 54 57 56 57 65 64 53 53 66 76 75 66 59 61 62 55 46
    48 61 68 68 65 62 64 74 79 73 68 73 79 75 66 64 63 57 56 60 67 74 73
    69 70 76 84 87 83 73 68 71 71 66 64 59 55 59 67 69 64 58 52 49 48 50
    54 56 55 53 57 64 67 66 69 74 75 70 59 53 57 58 57 57 57 61 66 62 57
    60 65 67 68 69 70 71 72 69 63 60 63 64 60 62 72 72 61 58 68 79 84 83
    74 62 56 59 66 72 75 75 73 75 76 67 63 64 54 40 37 43 55 64 68 67 68
    69 62 54 57 69 78 78 75 74 73 75 79 74 59 44 44 56 63 61 59 56 54 58
    61 59 59 62 58 51 53 59 61 63 69 69 58 49 53 68 78 74 66 65 72 79 72
    63 66 68 63 64 71 72 60 50 54 64 68 67 64 65 67 62 57 60 67 67 63 68
    79 82 80 80 77 69 58 55 59 58 59 73 84 82 81 82 73 51 36 46 68 74 67
    62 56 51 50 52 56 64 73 78 78 69 54 52 67 78 73 62 60 61 65 69 66 58
    61 69 71 66 62 62 62 57 54 54 56 56 58 64 66 65 63 63 71 82 81 69 59
    52 46 45 55 66 68 68 69 66 67 77 82 75 69 74 78 71 61 58 56 51 53 62
    72 77 69 63 70 84 88 84 77 67 59 58 59 61 64 63 59 61 66 69 69 64 58
    55 55 54 54 58 58 54 57 63 64 63 72 79 76 66 53 43 46 53 53 57 63 67
    63 55 54 65 72 67 64 65 66 62 57 54 54 60 66 64 58 59 68 69 61 59 69
    79 86 88 80 67 62 65 66 65 66 65 64 70 75 67 62 67 64 51 44 49 58 62
    56 49 52 59 57 49 51 60 65 64 63 67 73 81 84 76 62 53 55 63 67 62 59
    54 54 62 70 71 70 72 67 59 61 65 66 70 76 75 65 54 52 61 72 73 70 69
    73 73 61 52 59 67 68 70 75 75 63 51 53 61 63 63 64 66 66 60 53 54 59
    58 56 67 84 88 81 71 66 63 56 51 52 52 57 72 84 87 85 79 67 49 41 53
    71 72 64 60 55 51 54 60 63 64 67 74 81 76 56 45 56 72 74 65 60 58 58
    62 62 57 58 63 65 64 65 69 70 67 62 57 56 59 59 56 57 67 73 69 71 83
    88 77 59 45 39 44 56 65 64 63 66 66 64 71 80 79 73 73 71 60 50 51 55
    52 50 59 73 80 72 63 68 81 84 78 72 65 59 55 52 51 53 58 63 66 66 63
    65 66 61 57 56 55 58 63 62 55 58 67 68 65 72 79 74 63 49 41 46 55 58
    64 73 71 59 50 56 69 70 59 52 54 57 58 53 47 50 59 64 62 58 60 67 68
    64 63 68 73 81 86 78 62 57 63 63 57 56 61 65 71 76 70 66 72 74 66 57
    57 62 64 58 50 50 58 57 48 44 48 50 48 50 62 76 84 81 68 57 54 56 58
    57 56 56 58 63 71 77 76 74 75 71 67 71 74 72 73 75 76 77 75 67 62 66
    71 72 71 73 69 55 44 52 66 75 79 81 78 67 56 55 60 63 65 68 68 69 69
    65 61 56 52 55 70 83 83 73 60 52 50 48 48 48 47 50 59 69 76 74 67 64
    60 55 61 69 65 55 51 48 45 49 59 70 71 66 69 79 79 63 51 59 76 82 73
    64 60 56 55 55 54 54 59 64 67 70 74 79 81 72 56 49 56 59 49 45 58 74
    79 80 85 87 78 62 49 44 46 50 53 51 51 57 62 62 65 75 78 75 72 66 54
    46 51 61 60 54 58 69 74 72 65 64 72 74 68 62 59 60 61 56 46 43 51 62
    68 64 58 62 69 64 54 52 57 62 64 57 48 51 62 67 66 71 77 72 61 53 51
    58 64 67 72 80 77 65 60 64 69 62 51 46 47 54 63 63 54 53 58 58 57 61
    67 73 72 68 68 68 70 78 83 76 61 53 58 61 57 57 62 64 66 68 66 64 68
    73 74 68 60 57 59 62 61 59 62 63 52 40 40 47 49 53 66 76 74 67 57 50
    47 47 47 46 58 60 66 72 73 72 71 71 72 73 78 82 78 72 71 73 76 84 88
    81 72 71 73 72 70 75 75 63 52 56 69 79 79 74 70 68 63 59 63 67 68 69
    70 75 83 82 73 64 59 61 70 78 78 70 58 49 45 45 50 52 49 46 47 52 57
    59 60 67 70 67 68 72 64 48 40 38 37 42 54 68 72 64 60 68 76 70 63 69
    85 91 82 70 65 61 55 52 53 57 63 66 68 71 75 80 82 69 46 37 49 58 51
    47 56 70 79 83 85 85 80 69 61 60 59 51 42 38 42 50 59 64 67 71 74 75
    73 68 59 52 55 63 63 58 58 62 65 70 66 60 64 67 60 52 53 60 64 59 49
    44 51 61 63 57 52 59 66 57 43 43 52 57 52 45 43 49 60 66 66 69 73 70
    62 60 64 67 64 64 70 79 82 77 72 68 61 53 50 50 50 56 69 74 68 64 60
    54 55 63 72 76 73 71 71 69 69 76 79 76 70 62 62 68 71 70 66 61 61 61
    61 60 59 65 75 74 61 50 50 61 68 65 69 74 64 47 45 54 60 65 69 67 58
    53 53 50 44 42 45 46 68 67 68 69 66 62 63 65 67 74 84 88 82 74 71 74
    79 84 86 83 75 71 71 69 68 78 84 75 67 68 71 72 67 61 63 70 68 61 63
    67 62 60 66 79 90 88 77 71 68 65 66 70 74 72 64 56 50 49 52 53 49 47
    49 52 56 62 68 70 68 67 71 74 64 46 37 36 37 42 53 64 66 60 53 55 64
    66 64 68 80 86 81 71 66 65 63 62 65 72 73 66 63 67 70 72 72 59 38 32
    45 59 61 60 64 67 71 77 81 83 83 75 66 70 75 64 46 37 40 49 60 69 74
    77 78 79 77 70 62 57 56 58 59 61 62 58 59 68 68 59 61 66 61 56 57 63
    67 65 58 53 55 59 58 53 51 54 56 45 34 34 42 45 41 40 49 61 73 75 69
    64 66 65 61 63 69 68 62 60 64 70 74 75 71 63 54 49 49 52 53 59 71 78
    75 70 61 53 54 62 69 71 70 71 73 69 67 72 70 69 75 75 72 77 83 79 69
    63 64 64 62 61 60 63 71 73 65 55 54 62 66 63 69 79 73 60 60 64 67 68
    64 57 54 52 52 52 48 46 50 52 74 70 65 62 59 59 61 59 60 69 81 87 85
    75 69 73 80 83 82 79 69 61 62 62 63 75 85 79 75 75 70 65 62 60 64 73
    71 63 66 67 56 50 60 76 85 80 70 66 68 69 69 70 74 75 69 63 58 55 54
    50 45 47 54 60 67 75 77 70 62 62 68 69 59 47 46 48 45 44 49 54 60 61
    53 47 51 55 55 59 68 74 71 65 62 64 68 74 80 85 82 70 64 65 64 64 65
    57 43 38 48 60 65 64 64 64 66 74 81 85 84 71 60 68 80 78 64 51 49 56
    65 70 74 79 85 86 81 71 61 57 59 61 63 69 70 61 57 64 64 58 59 65 66
    66 68 71 76 76 70 61 56 55 57 59 60 57 53 45 38 38 40 38 37 44 59 74
    83 81 70 64 64 62 58 61 68 68 64 64 65 64 62 61 60 56 53 50 48 49 53
    59 68 73 71 69 64 57 54 59 64 63 63 69 72 66 63 66 62 58 68 76 76 78
    80 75 69 67 66 65 66 68 66 65 68 69 69 69 66 63 58 53 61 72 69 63 64
    65 65 64 58 57 62 60 54 53 53 52 53 54 72 70 66 62 60 62 64 60 56 64
    77 85 83 74 70 73 77 79 82 80 69 61 59 56 54 65 76 74 71 71 66 64 68
    68 70 75 72 67 70 71 60 52 59 71 73 67 60 58 63 72 78 80 81 77 69 62
    58 56 54 51 48 51 57 63 71 78 78 70 64 61 62 63 57 51 53 54 48 43 42
    44 52 59 57 53 55 56 56 59 66 69 64 59 57 56 59 70 80 84 83 76 72 69
    63 60 61 58 51 49 53 60 63 57 53 56 63 72 81 84 76 58 50 60 74 81 79
    70 65 67 70 68 67 72 81 85 79 68 58 55 61 68 71 74 73 68 64 62 58 55
    57 61 64 68 74 77 79 77 72 63 54 52 58 67 68 63 59 59 56 53 49 41 39
    49 65 75 77 72 65 61 63 63 59 58 61 61 59 62 65 60 52 49 51 52 51 49
    49 53 57 58 60 65 69 71 68 59 56 63 65 59 58 67 71 64 58 60 58 54 59
    68 73 75 73 68 66 65 60 62 70 72 68 67 70 71 72 73 68 59 51 47 53 62
    61 56 56 59 60 58 55 57 64 65 62 62 60 57 57 57 67 67 66 63 60 63 70
    68 60 62 75 82 76 71 74 75 71 75 83 82 72 65 61 55 50 54 62 64 64 63
    61 67 76 77 74 72 66 63 68 71 68 62 66 73 69 60 56 55 59 67 75 80 79
    70 60 54 55 55 53 54 57 60 63 66 71 76 76 72 70 66 63 64 60 51 49 51
    49 46 44 41 44 52 60 69 76 77 74 73 71 68 63 58 56 50 46 54 66 74 77
    74 72 72 70 67 63 59 56 54 56 64 66 53 42 48 58 64 69 71 59 44 44 57
    69 76 79 75 71 71 70 67 65 65 70 74 69 59 52 51 59 67 68 65 65 70 74
    69 61 59 62 64 64 69 77 79 72 66 63 61 55 51 56 63 63 60 64 70 68 61
    56 49 46 54 64 66 62 60 58 56 61 67 64 55 51 51 53 61 65 59 46 41 47
    52 49 47 54 64 67 61 56 60 69 73 69 58 58 68 70 60 57 67 73 67 57 55
    58 55 51 57 67 71 68 66 64 58 53 58 68 70 63 64 73 78 76 71 65 60 55
    50 52 60 61 58 57 59 58 55 52 51 57 69 77 75 67 61 61 62 63 64 66 63
    57 61 73 75 62 57 67 72 65 62 70 71 65 70 80 78 67 58 56 58 58 56 55
    57 60 59 60 70 81 81 73 64 57 56 62 68 69 68 74 82 76 64 59 56 54 56
    61 65 66 61 54 54 62 64 58 57 63 68 72 73 72 75 75 73 74 75 71 68 59
    48 48 53 53 53 51 45 41 45 58 78 91 93 91 85 70 60 58 59 58 49 39 42
    54 65 70 68 68 73 77 75 70 63 57 56 61 72 75 59 41 41 51 55 54 53 44
    39 49 64 71 72 70 66 65 68 68 66 64 60 61 64 59 51 49 53 58 60 60 57
    58 65 72 73 71 71 75 74 72 75 80 79 70 60 60 65 59 50 51 56 56 57 63
    68 63 56 55 56 55 58 62 59 55 58 61 61 64 68 64 52 46 51 61 69 70 61
    45 36 41 48 47 49 62 74 75 66 57 57 64 70 66 57 57 68 72 62 57 66 75
    71 59 54 56 53 46 51 64 70 68 68 63 53 48 55 66 65 56 59 75 85 81 72
    66 65 62 56 55 60 65 68 68 63 59 58 55 50 56 73 86 82 70 61 59 59 54
    59 66 65 59 62 70 70 56 47 53 59 58 58 64 66 61 66 73 66 53 44 48 63
    74 69 60 60 62 58 57 69 79 76 68 62 59 57 59 62 63 63 73 83 78 69 65
    59 53 54 55 55 58 58 55 62 72 72 62 58 64 69 73 75 73 72 71 68 72 78
    74 65 56 50 53 58 58 58 57 54 48 44 53 72 84 87 89 81 60 45 48 57 58
    47 37 41 54 65 68 66 67 72 74 71 69 64 57 57 66 78 83 71 50 40 46 52
    51 46 39 41 58 73 74 68 63 58 60 65 63 56 53 55 59 59 53 51 56 62 60
    55 55 58 61 63 65 69 74 78 81 78 77 81 83 80 71 63 66 72 65 52 52 57
    60 63 66 62 54 50 53 59 59 59 61 61 60 64 68 69 68 65 57 50 50 60 72
    74 70 62 48 36 37 42 43 49 65 77 75 65 55 54 58 62 62 57 55 64 70 65
    59 65 74 71 59 53 54 53 53 61 71 73 71 69 62 50 46 54 65 63 53 56 76
    89 87 76 67 61 57 54 54 57 61 69 70 62 58 61 63 59 61 71 78 75 65 56
    51 50 42 49 61 66 63 62 62 59 49 43 47 55 61 64 68 68 65 66 67 57 47
    44 48 61 73 71 65 66 66 58 56 65 73 72 67 65 65 63 63 64 62 58 64 71
    69 67 69 63 58 60 57 52 52 53 55 63 69 66 60 61 65 64 66 72 73 68 62
    61 67 74 68 58 55 60 61 59 60 61 60 61 63 58 57 64 69 71 76 71 50 39
    44 54 55 44 37 45 61 69 67 63 63 65 63 61 63 61 57 58 65 76 85 80 61
    45 47 57 58 50 41 46 62 72 67 58 54 54 59 63 57 46 44 53 60 57 55 61
    68 68 61 53 56 65 69 65 61 64 68 73 75 73 73 81 84 80 72 68 72 77 70
    58 58 64 66 69 71 65 57 54 55 58 60 60 61 63 66 71 74 71 66 62 57 53
    56 67 77 77 68 60 52 44 42 43 42 48 63 72 68 59 53 52 53 55 59 59 57
    61 70 71 66 66 72 69 56 52 54 59 70 82 85 79 72 68 62 52 49 54 63 62
    52 51 68 86 90 82 66 51 45 46 48 52 55 58 61 59 57 63 68 66 62 62 64
    62 55 50 49 50 44 46 53 59 59 54 51 49 47 49 55 60 66 73 76 73 70 70
    68 62 58 59 55 51 53 57 62 70 70 60 56 63 70 71 66 63 67 71 75 75 69
    61 61 64 61 62 67 63 59 60 56 49 45 46 51 55 55 53 58 68 68 61 60 71
    72 62 56 57 64 69 68 61 60 67 67 64 66 64 58 60 73 78 71 64 61 61 65
    61 49 46 53 56 52 43 39 49 62 66 60 56 56 54 53 57 62 59 56 55 60 71
    81 79 66 53 55 65 65 55 49 56 66 68 58 47 45 50 58 62 55 45 44 51 56
    56 62 71 71 63 57 56 63 74 74 64 59 60 65 67 67 66 67 71 76 74 69 67
    73 77 72 63 62 66 66 67 70 66 60 57 55 54 57 59 62 65 70 77 78 70 61
    60 59 56 57 66 76 79 73 63 58 54 53 51 48 53 64 66 60 58 61 59 53 53
    62 65 63 67 75 77 71 69 72 68 55 51 56 66 81 91 89 78 68 66 64 57 53
    53 58 63 56 46 52 71 84 81 66 48 41 44 47 52 55 53 55 61 67 70 69 65
    61 58 59 60 57 55 57 59 64 59 53 53 53 49 45 46 50 59 66 67 71 77 76
    69 67 72 73 68 68 71 66 52 46 52 62 74 76 65 56 60 70 70 62 57 64 76
    82 77 72 68 68 67 59 55 59 59 56 55 54 50 47 48 51 51 46 47 59 70 69
    63 65 75 76 67 60 59 59 63 69 66 62 65 68 71 71 64 54 55 69 81 78 66
    60 58 55 50 50 58 67 67 58 47 44 51 59 59 56 58 58 53 51 55 59 56 52
    49 54 67 77 73 62 60 67 74 71 61 59 68 73 67 55 43 41 47 57 60 56 51
    46 44 45 52 65 70 61 51 52 60 69 74 68 59 57 61 68 70 64 61 59 55 54
    57 60 63 69 75 71 63 63 66 64 64 65 59 51 50 52 52 52 55 61 66 71 76
    77 68 56 53 54 54 58 64 70 76 75 69 67 68 65 59 57 63 68 60 53 61 73
    70 59 56 64 68 69 77 81 78 73 73 73 64 50 45 54 67 77 80 75 68 63 65
    66 61 54 50 55 63 59 46 44 57 70 72 65 54 50 54 57 61 64 59 56 66 79
    80 71 62 61 61 62 65 66 65 64 63 83 76 63 58 59 56 52 53 59 68 73 72
    76 80 70 56 57 69 73 68 65 73 76 69 62 63 68 77 82 71 59 61 68 67 58
    57 67 78 77 68 68 75 77 71 58 49 51 58 57 54 56 60 62 62 59 56 50 50
    59 65 63 64 72 82 87 83 74 64 56 56 63 63 58 59 67 74 74 66 59 56 59
    67 70 66 63 58 50 47 53 63 73 76 68 57 52 55 60 61 64 69 68 62 55 51
    50 51 52 52 56 67 75 67 58 63 72 77 75 67 65 71 72 65 54 44 41 48 57
    59 56 53 48 43 45 53 64 64 52 46 53 61 64 64 62 60 61 67 76 76 65 58
    53 42 36 42 53 60 65 69 66 60 60 61 57 60 67 59 46 45 54 59 58 56 60
    66 69 70 71 68 57 48 47 53 61 66 66 68 70 70 76 80 74 65 64 69 65 51
    47 60 73 71 60 58 61 62 68 78 78 69 69 75 70 55 42 40 52 68 72 65 59
    59 62 65 66 62 54 48 50 56 54 48 49 56 63 66 65 61 62 66 66 68 70 65
    59 66 79 82 70 59 59 60 60 63 65 64 61 60 82 78 70 68 70 65 59 61 65
    69 72 75 81 81 67 51 52 66 70 64 62 69 77 78 75 73 73 80 85 78 68 65
    66 59 55 64 76 80 73 66 70 80 82 75 62 54 55 61 62 59 64 73 78 75 66
    62 60 58 62 63 57 59 71 82 89 88 79 67 55 51 57 63 63 64 71 78 79 75
    70 62 54 53 59 65 67 62 53 50 56 66 73 74 69 62 57 58 61 66 75 80 76
    70 63 52 45 49 57 61 60 65 70 61 52 60 69 72 72 68 63 64 67 65 56 45
    43 53 64 63 57 56 58 59 62 66 67 63 54 53 57 58 54 55 62 69 72 79 85
    80 69 63 55 42 36 41 52 60 66 66 58 53 55 53 49 58 73 70 55 52 62 70
    68 62 62 68 68 67 72 75 68 56 51 55 63 68 65 59 59 65 76 81 72 62 62
    64 55 44 46 58 65 59 54 56 59 57 59 67 66 58 63 73 68 52 45 50 64 76
    74 63 54 57 63 66 66 61 52 46 47 49 46 46 52 60 66 69 66 62 65 68 66
    67 69 65 61 64 73 78 69 58 57 58 56 58 60 59 56 55 71 69 69 73 73 66
    62 65 67 66 70 77 81 77 67 57 57 63 61 57 59 62 68 76 77 75 77 84 87
    78 69 67 65 58 59 70 79 79 74 69 72 79 80 74 69 67 67 68 68 69 76 83
    84 76 66 66 70 70 71 68 59 58 68 78 80 76 72 68 59 51 56 67 71 72 76
    80 81 79 73 64 53 49 54 62 67 64 55 50 56 67 69 64 61 58 56 56 55 62
    79 86 80 76 73 62 52 55 64 65 61 64 64 53 47 56 66 67 68 66 56 54 62
    69 63 50 51 66 76 71 61 60 70 79 83 80 72 65 58 55 55 50 44 48 63 75
    77 82 85 78 71 66 57 49 50 55 59 65 72 68 57 53 56 54 51 61 73 70 59
    57 64 71 70 64 64 70 70 67 71 77 76 68 62 61 62 62 58 50 49 61 74 73
    61 51 52 55 50 45 50 57 56 53 55 60 60 55 52 54 55 54 62 75 73 61 59
    68 78 81 74 62 53 55 60 63 63 57 50 51 55 54 47 43 48 59 71 75 67 57
    57 60 61 65 66 63 61 65 72 77 71 62 61 63 61 63 67 64 57 55 68 68 70
    73 71 68 69 73 73 70 75 82 80 73 68 65 62 58 52 49 52 56 64 76 79 75
    78 86 85 71 58 59 63 63 67 73 73 71 71 68 69 73 72 68 69 72 72 70 71
    77 85 87 80 70 64 71 79 79 77 72 65 64 69 74 75 72 69 67 59 51 54 64
    69 71 73 75 74 69 61 58 58 57 57 60 60 57 50 45 52 64 64 54 51 50 51
    52 48 55 75 87 83 80 79 74 66 65 67 65 65 71 67 50 44 55 64 64 65 64
    53 49 58 68 68 61 62 74 81 73 63 63 75 86 90 82 70 62 57 51 47 42 38
    43 63 77 75 70 69 69 67 63 58 59 66 72 74 77 81 76 63 60 65 66 65 68
    69 60 51 51 59 69 72 68 67 71 70 64 63 68 71 70 68 68 64 56 49 43 49
    67 78 69 53 45 49 56 54 51 54 57 54 57 67 70 63 54 49 49 52 56 66 79
    79 72 71 75 75 69 60 53 50 53 57 58 55 51 51 60 67 65 54 45 45 56 72
    77 69 59 54 52 54 60 63 63 65 67 71 75 71 65 68 73 69 68 72 70 65 63
    70 70 71 69 67 71 77 80 80 77 80 84 81 74 72 69 61 55 51 50 49 51 61
    74 77 75 77 83 82 68 52 50 56 63 73 77 71 68 69 67 67 70 67 63 64 66
    66 66 69 76 85 82 69 61 66 75 79 75 68 63 59 60 63 69 75 74 68 63 56
    51 53 60 65 65 64 66 66 56 46 52 66 71 67 63 57 49 43 43 53 63 60 51
    49 51 52 51 48 52 69 83 84 82 81 78 75 70 63 62 69 75 66 49 45 58 65
    63 65 62 53 50 56 64 68 65 62 67 72 68 63 66 72 78 81 74 60 53 54 51
    48 49 49 54 71 80 71 55 50 58 64 63 63 65 67 73 80 88 89 79 64 60 69
    78 78 73 66 59 51 49 58 71 75 71 70 74 74 64 59 62 64 62 66 72 70 60
    49 44 53 72 79 68 53 47 51 56 54 51 54 57 57 62 71 72 63 53 47 46 50
    56 66 76 79 78 76 73 64 52 45 45 48 52 55 52 48 46 50 60 69 71 63 52
    47 54 66 73 72 68 62 53 49 54 60 65 70 71 68 68 66 63 69 76 71 65 67
    68 67 66 60 62 64 63 63 70 77 81 80 76 76 80 79 74 72 67 58 52 53 54
    49 44 52 63 66 68 73 78 80 71 55 49 53 61 73 81 77 73 71 67 66 68 65
    63 64 58 56 61 66 69 74 69 54 52 66 75 70 57 50 48 49 52 58 67 75 70
    60 58 60 58 57 57 59 58 57 60 62 54 44 50 70 79 76 73 66 55 49 51 58
    62 56 51 56 61 59 54 51 54 63 73 79 81 80 78 75 65 51 52 63 66 56 47
    53 65 69 69 69 62 50 47 53 58 59 56 51 51 55 57 63 69 67 65 69 67 55
    48 49 49 54 64 69 74 81 80 66 48 41 51 64 70 70 63 55 56 70 87 91 76
    60 56 66 80 80 70 66 68 64 59 66 75 75 67 64 70 77 71 64 64 62 57 61
    72 76 68 54 46 53 67 72 65 52 45 45 46 46 48 53 58 58 57 60 63 60 55
    49 45 45 51 60 70 77 79 77 74 66 53 47 47 48 52 56 54 49 47 49 54 62
    69 71 63 52 51 61 69 70 72 70 58 48 50 58 65 72 71 63 62 59 54 58 68
    69 64 63 64 61 58 44 48 56 61 64 69 72 76 76 72 70 71 73 73 70 61 52
    48 52 56 50 45 51 59 58 60 68 74 77 73 60 51 53 60 68 77 78 74 68 61
    58 59 59 62 62 51 47 58 66 62 59 54 45 47 62 69 58 43 39 46 52 54 60
    70 75 64 54 62 74 74 63 53 50 50 51 53 56 52 47 54 72 79 78 77 74 65
    59 61 64 59 49 47 59 70 68 60 58 59 60 62 68 74 75 72 67 53 39 40 48
    50 46 47 55 63 67 71 72 60 47 44 50 53 50 46 45 45 47 54 67 75 70 64
    66 67 62 53 45 44 53 67 76 79 78 71 63 54 49 55 69 77 76 64 51 50 66
    87 89 72 58 57 65 73 73 68 71 78 76 72 75 76 71 60 52 60 73 76 70 68
    63 56 56 67 77 73 59 51 55 62 65 63 53 42 38 41 45 50 56 57 54 50 53
    59 62 63 60 53 48 48 55 68 77 77 75 77 75 69 64 59 53 52 57 59 55 50
    49 51 56 65 73 69 54 51 62 69 67 68 70 62 49 49 57 64 69 67 61 61 57
    44 45 59 68 68 68 67 59 54 37 42 54 64 67 66 65 68 71 69 64 62 67 74
    72 61 49 47 53 58 56 55 60 63 60 61 67 70 71 66 55 45 46 54 63 69 70
    66 59 53 51 53 55 59 58 49 48 60 68 61 53 52 50 48 56 65 61 49 47 54
    58 56 58 67 73 66 59 68 83 84 70 54 45 45 46 46 47 46 47 58 72 76 70
    67 66 60 59 63 65 59 49 47 59 69 69 63 62 63 60 58 65 71 70 66 59 44
    33 31 35 42 46 48 48 49 53 65 69 57 46 48 55 54 49 49 52 53 53 61 75
    84 82 74 67 67 69 64 51 42 47 60 68 69 64 58 60 66 67 67 71 74 73 67
    61 63 76 89 85 68 58 60 63 63 63 70 81 83 75 73 75 71 64 56 50 55 66
    71 70 69 64 57 54 63 77 79 68 60 63 63 63 65 60 48 44 48 52 58 63 62
    56 54 59 66 70 73 73 69 62 57 58 67 75 76 74 77 81 81 76 70 60 53 54
    58 58 54 51 52 54 61 70 67 53 51 65 72 65 60 64 62 54 54 60 66 68 66
    64 68 62 45 44 60 71 71 69 66 62 59 36 42 54 63 64 61 59 63 68 67 61
    55 60 71 75 65 54 54 58 61 62 63 66 69 67 67 68 67 61 52 41 33 34 46
    59 62 61 61 59 55 56 63 67 65 60 57 62 69 70 62 57 61 63 56 57 69 75
    70 63 60 58 54 54 61 73 76 71 71 76 77 68 55 45 45 51 53 52 50 51 61
    73 74 63 57 54 54 58 63 63 60 55 53 56 58 57 56 60 65 64 63 72 75 68
    61 55 47 38 31 32 44 56 58 50 40 41 55 64 58 50 54 62 61 56 58 63 63
    59 64 74 82 82 73 64 65 74 76 62 46 44 54 61 58 53 50 60 75 76 67 61
    61 63 66 69 74 82 84 74 62 59 61 60 57 59 70 79 77 67 66 68 66 62 58
    56 58 61 62 65 68 66 60 58 66 82 88 79 70 68 65 62 62 62 59 59 59 59
    63 69 67 63 64 66 68 72 78 82 80 73 67 67 72 75 77 77 80 81 79 78 74
    63 53 54 58 59 58 58 57 55 58 64 63 56 55 64 69 63 56 59 65 65 64 65
    68 70 69 68 73 70 57 56 69 76 71 62 59 62 64 35 42 52 56 57 58 61 64
    67 68 63 55 56 66 70 65 61 62 63 62 61 63 71 80 80 75 73 69 58 43 32
    30 36 47 57 57 56 63 70 71 73 82 86 79 71 71 76 76 70 64 66 74 75 67
    64 73 81 80 73 64 60 57 53 57 72 81 78 72 68 61 55 47 41 48 62 68 68
    65 62 67 75 71 61 54 52 55 63 66 64 63 60 55 52 50 46 47 57 67 70 72
    80 77 65 56 55 56 51 40 38 50 66 72 62 46 40 48 59 62 56 53 60 64 61
    63 69 68 62 62 69 72 66 58 56 67 81 83 71 53 47 53 57 56 55 56 64 72
    66 52 46 51 60 67 71 75 78 72 62 58 62 66 64 60 61 65 69 68 66 67 67
    67 67 63 57 58 61 61 62 66 68 63 60 66 79 87 84 76 67 61 57 54 55 63
    72 71 64 64 68 66 64 65 65 64 69 77 81 75 66 66 74 78 75 74 76 77 76
    73 75 77 68 59 58 60 61 63 66 62 56 59 63 62 62 63 64 63 60 58 63 71
    74 72 65 61 64 66 66 72 75 69 68 76 78 70 61 60 65 68 38 43 49 50 53
    61 67 67 65 68 70 64 60 61 61 59 60 64 65 61 53 57 75 90 91 85 82 77
    61 43 36 43 53 59 62 58 55 64 78 86 89 91 90 82 76 78 79 73 67 69 76
    83 79 67 60 65 71 74 72 67 66 61 52 52 65 76 77 75 69 59 48 40 39 52
    70 79 78 74 69 69 70 65 57 52 51 59 70 74 73 71 64 55 52 52 52 50 57
    69 77 82 86 78 64 56 58 64 62 50 45 53 68 76 70 55 45 47 56 64 61 51
    53 60 61 63 70 71 67 66 71 69 56 48 51 67 81 82 71 59 53 53 53 58 65
    68 67 63 54 43 41 53 67 73 74 77 77 68 58 57 64 73 74 69 65 63 65 69
    72 69 64 63 66 61 49 49 61 69 67 65 66 62 56 59 67 75 81 79 68 59 56
    52 50 59 73 75 67 61 60 59 60 62 61 63 68 72 69 59 50 55 68 75 74 72
    69 69 73 76 78 79 77 70 64 62 63 69 73 65 57 61 66 67 69 70 67 63 59
    60 65 71 76 75 63 52 56 62 64 69 75 72 69 71 72 72 72 73 74 74 45 48
    51 54 60 70 75 70 65 71 80 80 70 56 50 51 52 59 66 62 49 51 70 85 85
    83 85 80 63 47 48 59 65 66 69 67 62 65 79 91 94 90 83 75 72 76 77 73
    71 75 79 79 72 59 48 48 55 62 65 67 67 62 56 57 66 75 79 79 76 67 56
    45 42 54 74 82 77 71 68 66 63 60 56 52 52 60 74 80 80 78 69 59 59 66
    67 61 63 75 87 92 90 80 69 64 66 68 68 64 57 57 66 74 70 59 52 52 57
    65 64 53 50 54 57 63 70 72 69 70 77 73 59 50 51 61 73 73 64 57 55 53
    51 57 67 69 65 62 58 52 48 55 69 74 74 76 75 68 60 56 61 72 79 73 63
    61 67 73 74 65 55 53 60 57 43 40 55 70 68 58 56 56 54 58 63 65 73 78
    70 61 60 56 50 53 64 68 62 55 52 55 61 62 59 61 68 66 56 47 46 53 61
    67 74 76 66 61 70 82 83 79 78 76 70 67 70 76 79 69 58 58 64 72 77 73
    67 64 60 56 59 65 72 74 64 55 62 72 71 69 72 69 62 59 64 74 80 80 80
    81 55 55 57 62 70 78 80 74 70 78 90 93 78 55 46 48 47 53 66 65 53 50
    62 72 71 74 83 82 66 52 55 64 66 65 71 77 75 74 79 88 92 90 87 81 76
    73 72 75 79 77 71 66 61 54 47 44 47 58 69 74 72 68 68 73 77 81 83 80
    74 68 61 53 47 55 72 78 70 64 67 68 64 62 61 57 57 63 73 78 75 71 66
    62 68 79 78 68 67 79 92 94 87 75 65 64 66 68 76 81 73 64 65 67 64 62
    61 60 62 65 63 56 51 51 57 65 71 72 68 68 75 74 64 56 51 54 65 67 58
    53 55 56 54 55 59 60 61 67 71 66 59 59 64 64 64 66 66 63 59 55 57 67
    73 66 56 57 65 68 69 64 55 55 62 59 45 38 46 58 58 50 50 55 58 61 65
    66 69 71 70 68 65 56 48 49 55 59 61 58 55 62 73 71 59 57 61 57 48 48
    57 66 66 64 70 74 64 56 63 74 75 70 73 77 75 74 78 81 80 73 61 52 53
    66 79 75 64 60 55 51 53 59 67 72 68 63 71 82 80 72 70 67 61 60 67 77
    78 74 78 83 63 60 57 57 63 70 72 70 73 81 90 92 79 60 54 54 49 52 64
    65 57 56 65 71 70 72 79 78 64 52 55 64 64 62 69 80 81 76 73 77 83 88
    95 96 87 73 65 72 79 73 62 54 51 52 57 58 56 65 79 84 80 76 76 80 82
    85 86 79 68 62 60 58 58 65 74 76 66 62 69 72 67 64 63 61 62 66 68 67
    63 57 54 57 67 79 78 68 63 69 79 82 77 66 57 55 58 66 78 82 76 69 64
    59 57 61 63 60 61 60 57 54 53 55 61 69 75 75 68 63 69 74 71 64 55 54
    64 66 59 53 55 60 61 55 51 52 58 70 78 76 72 70 64 56 54 59 60 59 59
    61 63 66 65 55 48 53 60 60 63 69 69 69 72 66 54 45 46 50 52 52 58 65
    67 63 64 69 69 65 67 74 73 57 46 46 51 59 69 71 70 79 88 82 65 56 56
    53 46 50 63 73 72 64 62 64 60 55 56 59 58 59 69 78 78 77 78 76 71 67
    62 53 50 61 74 73 62 55 52 50 51 55 61 67 68 65 70 81 82 70 62 63 66
    72 79 81 75 69 75 82 64 61 53 48 51 56 56 56 62 71 81 86 79 68 64 62
    54 56 65 65 61 66 75 79 76 72 70 65 56 52 59 65 60 53 57 68 72 68 64
    66 72 81 94 99 90 70 59 62 67 62 52 45 41 48 65 75 74 75 79 81 82 81
    80 79 80 85 88 80 67 61 61 64 72 79 82 81 73 66 70 72 66 60 62 64 66
    69 66 60 57 54 52 54 61 70 74 68 57 51 54 61 68 71 64 53 52 62 69 66
    64 68 68 61 58 61 59 57 56 51 49 53 60 63 70 78 81 75 64 59 65 73 72
    67 61 62 68 69 62 53 52 59 62 54 47 49 59 72 79 79 78 75 66 58 59 67
    67 62 61 64 67 68 66 54 46 51 60 59 61 71 78 77 75 71 62 57 57 55 53
    59 69 76 76 68 63 68 73 69 65 70 73 61 47 45 50 59 68 75 80 89 94 88
    73 62 59 54 47 50 60 69 72 64 56 56 58 57 57 55 52 56 68 77 78 74 73
    71 64 60 60 57 56 64 74 73 65 59 56 51 49 53 57 63 67 66 69 77 75 61
    52 55 65 74 80 81 76 71 76 81 61 60 56 55 56 54 49 44 47 59 76 86 81
    69 62 60 59 64 71 72 70 76 81 78 74 70 63 56 54 60 68 68 54 42 44 55
    63 66 65 66 69 77 87 90 80 64 55 55 53 47 41 39 38 46 63 77 79 76 71
    70 78 85 84 80 80 86 91 85 74 70 69 71 75 78 81 82 75 66 65 66 62 60
    66 72 74 73 66 60 60 63 64 64 65 70 74 68 55 41 38 49 70 84 79 63 57
    64 62 53 54 64 69 68 66 64 62 65 61 48 44 53 63 67 74 83 82 69 58 59
    68 73 67 60 61 65 70 72 68 61 55 56 58 53 46 48 58 67 73 76 73 65 58
    58 67 78 77 65 57 56 59 66 70 61 54 57 63 63 63 69 73 71 69 68 64 64
    67 62 55 58 66 73 75 70 63 65 74 74 61 57 64 63 52 45 46 51 57 65 76
    87 91 88 81 71 60 52 48 51 59 68 74 67 54 51 58 64 65 60 58 64 71 72
    72 72 75 77 72 64 59 58 60 69 77 76 69 65 62 55 52 54 56 61 66 69 73
    75 69 60 55 55 60 65 72 77 75 71 73 76 61 61 62 67 69 62 51 43 42 56
    78 87 79 65 56 55 61 69 76 78 78 78 75 65 60 62 60 57 61 69 73 70 59
    49 51 61 67 68 70 72 74 80 85 84 72 60 60 62 57 47 41 44 49 55 63 70
    71 68 65 65 71 78 80 82 83 87 90 89 85 82 79 71 63 61 66 69 63 55 54
    56 57 62 73 79 77 69 62 60 61 63 67 70 71 72 69 63 58 51 46 52 70 84
    82 72 68 73 70 61 58 60 64 71 73 69 71 78 71 53 46 50 55 60 69 77 76
    65 57 61 72 75 64 55 57 61 64 67 71 72 64 57 56 52 44 45 53 58 63 68
    63 52 48 51 61 73 74 62 51 46 50 60 63 61 64 69 68 64 64 65 64 62 63
    64 65 71 75 67 55 53 56 60 64 64 60 59 67 70 58 50 58 64 59 50 46 47
    52 60 69 80 85 86 83 73 57 49 50 54 62 73 81 74 57 52 64 75 73 62 59
    68 71 67 69 76 85 88 84 76 67 63 65 71 77 74 67 64 62 58 55 50 50 58
    65 69 73 74 69 69 69 63 57 57 65 74 75 70 66 65 64 61 59 64 69 65 59
    51 47 58 76 81 73 65 58 52 56 66 73 76 75 71 62 49 46 52 55 58 66 72
    72 73 74 72 74 77 71 63 66 73 77 82 86 83 72 66 73 81 77 62 51 55 65
    71 73 73 67 62 63 62 59 61 71 82 84 81 83 86 84 82 77 64 49 46 55 60
    56 53 53 55 57 64 73 74 67 58 55 59 61 59 61 64 64 62 56 54 60 69 67
    60 61 68 73 74 74 78 79 75 69 61 60 70 76 71 70 74 69 57 49 47 50 56
    60 65 68 65 58 56 65 73 67 61 63 64 61 59 64 71 69 62 57 50 40 40 49
    55 61 63 56 48 47 47 49 56 61 57 51 49 52 53 50 52 64 72 71 67 63 61
    61 61 62 63 68 76 80 69 56 52 52 52 53 53 52 51 58 65 61 54 60 66 65
    62 57 55 60 65 68 73 79 80 77 69 58 54 58 60 61 69 78 76 62 55 68 79
    73 60 56 64 66 65 69 79 86 84 80 78 75 74 73 75 74 66 60 58 55 52 50
    45 42 50 59 64 70 75 73 74 76 67 54 51 60 72 75 68 59 55 67 64 58 57
    58 61 66 64 59 64 73 69 62 63 59 48 46 56 67 71 71 69 62 49 43 46 52
    57 65 70 73 79 85 84 80 76 64 54 58 69 74 76 77 77 76 77 83 90 87 74
    63 65 73 76 78 78 70 62 63 62 51 51 67 82 80 70 65 66 65 66 67 57 45
    45 55 64 65 63 63 64 64 66 69 66 56 52 58 66 67 64 64 62 55 51 49 46
    56 74 78 65 55 58 70 76 75 76 80 84 80 67 61 68 73 69 65 64 61 56 50
    46 50 56 55 54 59 62 55 47 56 70 75 75 78 76 67 55 52 61 70 69 63 53
    44 43 54 66 69 65 57 57 59 53 47 48 54 58 57 56 56 51 43 47 59 67 71
    71 66 60 60 60 61 62 65 70 72 64 56 57 57 53 48 45 45 48 55 65 67 62
    62 66 72 77 74 68 69 71 68 68 74 74 70 69 70 71 71 63 53 55 65 70 62
    56 66 76 73 65 61 62 62 61 63 68 73 69 64 68 74 74 74 76 71 59 53 52
    47 44 47 45 40 44 54 64 75 82 78 74 72 66 59 57 63 71 72 65 58 54 74
    72 66 57 51 55 66 72 70 71 69 56 48 54 55 44 39 47 61 69 73 75 71 61
    50 47 51 56 62 69 76 82 83 76 68 60 51 46 52 65 72 69 65 66 74 81 85
    86 85 80 72 71 71 70 71 74 71 65 68 66 55 54 67 77 75 64 52 45 44 52
    60 57 50 51 57 65 70 69 67 67 67 66 68 66 59 57 69 77 74 70 74 70 56
    50 50 47 53 71 79 69 59 63 75 79 74 72 79 89 86 73 63 64 68 71 72 69
    64 59 51 48 51 54 52 49 53 58 55 48 55 71 81 84 84 80 68 50 43 55 73
    78 70 63 57 57 68 80 79 68 64 71 72 63 53 50 55 64 63 58 57 53 47 49
    57 64 71 75 73 67 61 57 56 58 57 56 57 55 57 64 64 59 52 47 51 57 62
    68 69 64 62 66 76 83 80 73 71 71 70 69 73 73 70 75 83 84 75 58 46 46
    54 59 56 56 66 78 81 78 71 65 62 59 53 52 57 58 54 58 64 62 63 71 69
    57 51 52 47 43 46 46 40 43 57 70 80 83 75 68 66 66 70 74 72 68 65 64
    63 63 79 78 72 61 53 54 63 68 67 66 60 47 42 49 50 45 42 46 56 67 76
    79 76 69 58 50 50 56 61 66 72 76 74 69 64 57 50 46 50 61 71 70 62 61
    68 78 81 78 79 79 72 68 67 64 64 69 70 70 71 68 58 54 61 72 77 70 58
    49 48 53 62 62 55 51 50 56 66 71 69 64 59 58 66 72 69 67 75 81 72 66
    72 74 63 55 53 54 60 73 79 72 67 71 76 73 67 68 78 86 84 75 67 62 65
    77 86 84 78 69 62 59 57 53 51 50 52 57 58 55 57 67 76 76 75 73 62 46
    41 54 72 76 69 65 65 68 79 86 77 64 64 72 72 62 55 54 59 67 64 57 57
    58 55 54 58 64 68 74 79 76 65 53 50 53 55 55 55 56 59 63 64 63 59 55
    59 66 68 69 68 63 62 67 74 79 77 72 70 72 76 77 75 73 72 76 79 77 68
    54 46 47 50 52 52 56 67 79 87 89 80 71 68 62 50 47 52 55 53 54 55 54
    55 64 68 61 56 58 55 49 46 42 37 42 58 71 75 72 66 60 60 66 78 86 79
    66 62 66 67 67 69 70 69 64 60 60 62 62 56 54 53 49 50 54 51 48 49 51
    54 64 76 80 76 69 59 51 50 54 56 58 64 70 72 73 73 67 59 56 54 58 68
    70 64 61 66 74 76 73 74 73 65 63 64 62 60 64 69 70 66 61 53 48 53 67
    79 79 73 69 66 66 68 63 52 45 44 48 60 71 70 60 51 54 68 78 76 70 75
    77 66 56 61 66 62 55 54 58 65 71 74 74 75 77 74 67 62 65 74 79 75 72
    72 67 68 78 87 88 85 80 73 69 63 56 51 51 53 56 54 51 51 55 58 56 58
    63 57 48 49 59 69 68 62 61 64 70 82 84 68 53 53 60 61 59 60 63 65 67
    61 53 56 61 58 53 54 59 62 67 75 74 63 51 49 54 61 65 65 61 56 54 54
    58 59 57 60 63 62 61 61 60 60 64 71 77 79 76 73 77 83 83 75 70 71 70
    65 64 65 61 55 52 49 50 53 56 62 70 80 88 87 80 74 67 56 52 54 56 56
    54 54 56 58 62 66 64 59 60 63 60 49 38 34 40 55 65 63 60 60 55 55 64
    77 86 81 67 64 70 68 64 57 60 65 68 67 64 63 58 50 49 55 60 63 63 57
    52 53 55 59 67 77 78 71 61 52 47 47 50 51 54 62 73 78 80 79 71 65 64
    61 59 64 64 59 59 64 69 70 68 66 63 61 67 70 65 60 58 60 61 60 59 56
    50 53 67 77 79 77 73 70 70 68 59 48 44 43 45 55 66 66 56 53 60 72 78
    72 67 73 75 64 55 56 56 50 48 51 57 59 61 67 76 79 76 72 68 63 65 72
    75 71 72 76 76 77 78 75 74 78 78 72 67 65 60 53 52 56 55 49 43 43 45
    46 45 49 55 56 58 66 72 71 65 60 62 66 72 81 80 63 47 45 51 59 67 74
    74 71 69 62 54 57 62 58 48 45 52 56 59 63 61 54 51 51 56 64 70 68 59
    49 42 40 46 51 52 54 57 55 52 51 51 52 59 69 77 79 77 75 80 84 79 68
    62 63 61 56 60 68 69 65 58 54 54 56 56 57 62 68 76 80 77 72 69 64 59
    57 58 59 58 58 63 63 61 61 61 59 58 64 66 55 42 40 45 54 61 58 57 60
    57 55 61 69 74 72 64 65 72 68 62 61 64 70 70 64 58 55 51 48 52 61 66
    66 65 59 55 56 61 67 75 81 76 65 54 48 49 53 55 55 61 70 78 81 81 75
    68 66 67 66 66 67 64 56 54 57 60 62 61 55 51 60 75 80 75 66 58 53 54
    59 68 72 67 66 74 78 75 70 63 58 59 59 52 49 50 47 44 52 61 59 56 63
    70 71 69 62 60 71 75 67 64 65 58 50 50 57 62 60 57 64 74 74 67 64 64
    63 66 72 76 77 79 80 79 77 71 63 58 62 66 62 59 63 61 54 55 62 62 54
    47 45 48 51 53 55 56 57 65 78 83 76 66 64 71 76 75 76 74 62 48 45 50
    62 77 84 79 73 71 67 60 60 66 62 49 43 51 55 54 52 51 52 55 53 52 59
    65 63 54 45 38 35 40 47 47 48 56 59 55 51 49 49 57 66 67 64 62 67 76
    79 70 58 51 50 50 51 60 68 69 67 65 66 63 57 54 58 62 61 62 63 62 63
    68 69 65 62 62 61 58 58 62 63 60 60 61 59 57 60 64 60 56 58 60 61 63
    61 60 59 56 55 55 54 55 55 54 58 67 65 61 68 71 73 66 53 46 45 44 45
    55 66 67 63 58 56 57 63 68 71 79 85 81 70 59 55 60 67 68 66 69 74 75
    74 72 64 61 66 70 70 73 76 71 60 52 50 54 62 63 52 47 59 75 81 77 69
    60 54 53 60 75 86 83 76 76 74 67 61 54 47 47 50 53 58 60 55 51 57 63
    59 60 71 71 61 56 52 54 68 74 67 67 71 68 62 64 71 73 68 62 61 64 61
    54 51 52 59 69 76 80 83 84 81 74 62 54 50 49 53 56 53 53 59 58 53 59
    69 70 65 61 58 57 61 67 68 62 56 61 77 87 79 67 67 76 82 78 71 64 55
    49 51 58 65 75 82 78 71 68 67 64 63 66 65 56 50 53 55 51 48 54 64 65
    55 49 55 63 62 55 46 42 43 49 51 44 42 51 59 59 55 55 60 65 62 51 43
    45 57 70 72 63 52 44 43 46 52 62 68 66 65 71 81 78 65 59 65 67 61 56
    51 49 57 67 71 72 70 66 61 56 54 57 59 63 68 67 62 59 56 58 65 72 76
    73 68 65 64 61 55 51 49 46 43 45 49 50 51 57 61 61 60 62 62 55 47 46
    46 43 47 61 74 75 65 55 52 58 67 69 68 74 85 88 81 72 68 71 74 74 71
    70 68 62 59 58 52 52 66 74 71 71 74 71 59 50 48 58 70 71 58 52 62 72
    72 68 60 54 53 53 57 71 86 84 71 68 69 61 51 44 42 47 55 64 69 68 64
    66 72 70 63 64 70 62 50 48 50 54 66 71 64 59 63 65 64 66 72 72 69 65
    60 54 49 46 47 50 59 73 82 82 78 77 77 67 48 39 43 48 53 55 52 51 56
    58 57 66 74 70 66 68 66 59 61 71 72 62 53 56 74 87 81 67 64 73 79 76
    68 59 50 48 56 65 66 67 71 70 64 64 68 70 68 66 67 65 56 50 49 45 47
    63 77 76 63 56 58 62 62 58 52 52 55 58 55 47 42 48 56 58 57 60 67 70
    61 47 40 44 59 73 75 66 54 47 47 51 55 64 72 69 65 76 92 94 78 69 73
    71 60 54 48 48 59 68 69 72 75 70 63 58 57 56 55 62 74 74 66 62 58 58
    69 79 80 74 66 63 62 58 52 48 46 45 45 51 58 57 50 48 57 63 50 49 46
    45 51 59 58 53 58 71 81 82 73 60 52 54 61 63 62 67 79 86 86 81 77 74
    71 69 69 67 59 51 50 51 47 52 68 76 69 63 63 61 55 50 53 62 70 67 59
    61 71 76 71 61 50 46 48 51 54 64 75 74 65 67 74 64 46 37 41 54 66 72
    74 72 74 81 83 74 66 67 65 52 44 49 55 59 66 68 62 55 55 57 55 55 60
    64 65 65 61 53 49 52 55 56 59 71 82 78 68 69 74 66 50 44 50 57 60 60
    57 55 61 67 69 76 79 67 58 62 61 53 55 64 63 55 52 56 71 84 77 63 61
    68 69 63 61 61 55 48 54 63 64 64 65 62 59 64 74 80 77 71 71 70 56 43
    41 41 47 63 76 77 73 67 62 61 62 64 68 68 63 59 59 58 55 56 63 65 63
    61 62 64 62 58 55 55 66 81 86 75 61 56 58 55 53 62 73 71 66 76 93 96
    83 75 75 68 56 51 50 58 68 68 61 64 72 69 61 58 58 56 53 58 68 68 62
    58 57 58 65 73 74 69 65 63 60 53 47 47 52 55 55 59 66 65 53 46 54 61
    49 49 47 48 57 68 69 65 66 68 72 77 77 66 51 46 53 61 63 65 71 77 82
    83 78 72 67 67 70 67 57 51 52 51 48 56 73 80 72 65 60 57 58 60 64 65
    61 56 57 65 76 81 76 64 54 50 53 55 56 59 63 64 67 76 81 70 51 42 46
    58 67 70 70 71 78 84 78 67 65 66 59 47 46 55 60 60 61 63 60 56 56 55
    51 48 53 62 66 64 58 52 52 55 55 53 55 66 77 73 63 65 73 70 63 59 61
    66 69 67 62 61 67 73 77 81 80 67 56 56 52 47 53 59 53 49 50 54 65 76
    71 60 61 65 59 49 51 63 60 49 50 60 66 71 71 67 62 64 74 81 80 75 74
    71 57 44 42 45 51 59 64 67 71 71 69 70 73 78 85 81 66 60 68 73 67 65
    71 74 67 58 56 58 65 71 67 60 66 81 86 76 65 67 70 59 50 56 68 69 65
    71 84 86 78 75 72 63 55 55 59 66 72 66 55 57 66 65 54 49 50 52 57 61
    59 56 52 49 50 54 57 60 65 68 67 65 59 47 38 42 55 65 65 64 66 65 56
    51 55 59 50 55 62 64 65 65 63 63 61 56 58 70 79 70 50 41 49 61 65 64
    63 64 73 80 78 72 71 75 77 70 60 56 58 55 50 56 71 78 79 75 65 59 64
    72 76 68 55 51 56 60 69 77 77 70 64 64 66 65 62 59 57 59 69 77 77 69
    60 52 50 53 57 60 61 68 77 79 71 64 64 66 59 48 48 54 55 53 56 59 57
    56 59 62 56 50 55 66 71 65 54 46 46 46 45 47 54 67 76 71 61 61 65 67
    69 68 63 67 72 67 60 61 66 71 75 74 71 66 62 59 51 48 56 58 51 50 54
    55 61 69 66 60 65 70 64 52 52 62 63 55 55 62 68 74 77 73 68 66 70 74
    73 71 71 72 68 60 58 58 59 59 55 55 61 67 75 83 86 87 89 81 65 62 75
    80 70 61 67 73 64 53 50 55 66 73 65 57 60 70 73 69 68 76 79 67 53 54
    62 64 61 65 74 77 74 73 70 63 61 67 70 70 70 67 58 55 60 62 56 46 42
    48 60 65 62 56 49 46 52 60 58 55 58 64 66 64 59 48 38 38 51 66 70 67
    63 60 55 54 56 56 51 60 74 79 74 62 52 51 52 53 60 71 78 69 52 45 52
    57 57 58 57 58 66 76 80 78 78 83 84 76 67 64 62 58 55 54 58 64 71 74
    66 59 65 74 76 66 54 51 54 52 57 69 73 68 65 70 73 71 67 63 59 60 66
    68 66 66 65 58 48 45 48 52 56 66 76 78 73 68 67 68 64 56 51 47 47 51
    56 60 58 57 64 68 61 54 58 70 76 70 57 48 44 41 40 47 59 72 79 73 62
    58 56 57 66 70 64 65 70 65 58 58 62 67 70 65 58 61 68 67 57 55 62 63
    59 63 67 63 61 64 63 63 69 75 75 68 64 69 72 69 67 66 65 68 71 68 66
    70 71 66 61 60 63 69 73 75 75 71 69 66 59 54 56 64 75 82 81 76 73 68
    61 62 70 76 70 61 62 67 62 53 50 52 58 60 54 53 58 62 65 67 71 78 80
    69 56 57 62 59 54 60 69 71 69 72 72 65 67 76 78 75 72 69 61 56 59 65
    65 58 50 51 57 63 66 64 56 53 62 72 69 60 57 60 62 63 64 60 53 50 56
    67 71 67 63 61 59 59 57 55 51 58 72 80 78 65 51 43 44 56 70 75 73 67
    60 57 57 55 54 59 65 66 68 73 77 78 77 79 84 81 74 71 67 62 58 53 46
    45 52 61 60 57 61 64 62 58 54 54 52 46 47 58 65 63 62 67 71 72 71 71
    68 65 63 60 60 63 64 58 48 44 50 56 59 66 74 76 75 71 67 68 69 66 58
    51 53 60 60 59 61 67 72 71 62 56 58 67 72 67 57 54 52 46 44 50 60 71
    80 77 67 61 54 51 61 68 65 63 67 69 66 62 59 62 65 60 55 61 72 73 64
    62 67 68 69 76 78 68 61 62 64 69 73 74 77 76 75 77 79 77 76 71 66 68
    66 58 59 69 73 64 54 53 58 63 66 72 76 75 76 78 71 61 61 66 69 71 69
    60 55 58 62 63 63 67 69 66 63 61 59 58 58 56 53 50 47 54 64 65 65 66
    68 72 73 63 55 60 65 56 50 57 67 65 64 72 73 63 63 74 79 78 74 67 60
    60 66 69 70 69 65 59 52 51 58 67 68 64 67 73 70 59 55 62 65 65 69 71
    71 71 73 75 73 65 63 66 69 70 66 63 52 54 60 67 68 64 56 47 45 56 70
    74 70 68 68 64 58 57 63 72 79 78 71 65 67 71 68 70 78 78 71 71 73 68
    61 54 45 40 44 51 52 52 55 55 51 51 55 58 55 47 43 49 57 60 64 69 71
    71 71 72 72 70 65 60 60 58 55 52 47 47 58 66 65 65 68 71 72 67 66 71
    73 71 65 61 63 67 62 59 67 78 79 73 65 60 58 60 59 52 47 50 53 52 50
    52 55 62 73 76 72 66 58 51 57 66 65 64 68 75 78 72 62 58 59 59 61 65
    69 70 65 63 66 69 71 79 81 70 63 62 65 74 78 75 75 79 80 79 74 72 77
    80 79 77 69 59 57 65 71 66 55 53 61 63 59 62 68 71 77 82 75 65 65 67
    62 61 63 59 54 59 68 70 66 62 62 65 64 56 52 58 66 67 61 52 49 59 72
    71 65 60 60 65 68 62 59 66 68 59 54 61 68 65 64 73 72 57 53 65 75 76
    67 55 50 59 68 67 65 69 71 64 49 41 48 65 77 73 67 68 65 52 50 64 73
    70 68 71 75 77 77 76 73 69 65 65 70 75 74 73 54 54 55 58 61 62 64 63
    60 59 63 67 67 66 65 58 53 58 65 73 81 82 69 54 54 60 60 62 70 67 60
    65 76 78 71 63 55 53 57 57 51 51 57 60 58 58 62 64 60 52 46 47 52 58
    63 67 67 67 64 64 69 73 70 65 61 53 44 41 41 49 63 71 69 68 68 67 64
    60 64 74 78 71 64 60 62 64 63 65 72 80 79 73 70 68 65 62 56 48 44 47
    52 53 52 53 54 57 64 70 70 68 61 54 55 61 66 70 75 77 78 76 67 61 59
    59 63 63 61 60 58 59 66 72 75 82 84 77 70 66 64 70 76 76 79 86 87 81
    69 63 71 83 87 84 74 64 61 61 61 59 56 59 66 66 60 60 63 66 70 72 66
    62 66 67 60 58 64 67 64 65 72 76 71 62 59 65 65 55 48 56 70 78 73 60
    52 59 70 71 64 59 57 61 64 64 67 71 68 61 61 68 72 67 65 71 70 56 49
    60 74 76 62 48 45 54 64 65 63 65 70 65 51 42 46 62 78 76 67 70 68 51
    45 59 73 72 65 64 67 68 68 68 71 74 71 66 66 68 71 73 56 59 64 68 68
    69 75 78 73 63 57 59 60 58 56 52 50 54 56 59 66 70 60 47 46 50 51 57
    62 55 50 60 75 83 84 77 66 64 70 67 57 54 62 70 70 68 70 69 66 61 53
    48 50 53 56 55 55 58 60 63 69 74 74 69 63 50 37 35 43 54 63 64 66 71
    70 62 55 54 63 78 82 73 62 57 58 60 63 70 74 73 70 65 63 67 72 72 65
    57 55 57 58 56 51 51 56 61 62 62 63 62 60 57 54 54 61 72 76 69 66 69
    71 70 66 60 58 57 56 56 56 60 69 77 81 87 89 86 81 75 68 64 64 68 79
    88 88 81 68 55 58 72 81 81 71 63 63 61 54 51 56 65 69 64 60 62 62 61
    60 60 59 62 68 66 59 59 67 70 67 64 68 72 69 63 67 76 74 62 56 61 71
    78 75 65 55 54 62 67 64 61 61 61 59 60 64 65 60 57 62 71 71 63 58 60
    61 58 58 67 77 77 66 57 55 58 65 71 71 69 68 63 55 51 49 57 72 74 69
    75 77 61 45 46 58 63 62 61 61 63 65 65 67 74 75 70 66 64 66 69 61 67
    78 81 76 73 77 78 71 60 55 56 54 53 56 56 53 53 53 52 53 52 47 44 46
    46 46 53 58 49 44 56 76 88 91 84 70 64 66 62 55 55 60 66 66 66 69 71
    73 71 60 52 51 54 54 50 48 52 60 68 74 75 70 64 59 48 37 39 53 65 65
    60 63 68 62 52 48 52 63 78 85 80 71 66 63 58 60 68 70 63 56 50 48 56
    69 75 71 64 65 69 70 67 58 51 56 66 65 58 55 54 56 58 55 51 56 65 65
    56 53 61 71 74 67 58 54 54 57 61 63 66 71 75 78 84 88 87 85 83 75 63
    56 60 71 78 80 77 67 56 55 61 66 68 62 60 67 72 66 61 64 68 68 63 61
    63 61 56 53 55 59 64 68 63 56 56 63 67 62 54 55 62 62 60 70 82 78 66
    62 65 66 65 66 68 66 60 61 66 66 62 64 65 58 56 59 58 56 59 67 72 68
    56 47 46 51 60 70 77 78 73 69 68 66 64 66 76 81 76 66 56 55 60 59 57
    65 70 72 78 82 71 50 39 43 51 58 62 59 60 66 65 61 65 69 69 69 67 65
    66 64 72 85 85 76 71 69 65 57 53 55 56 55 55 59 57 56 62 67 63 56 48
    41 40 45 48 48 55 58 48 44 62 85 94 90 81 71 65 60 51 47 50 51 52 56
    62 68 71 73 74 68 62 62 64 64 61 56 54 60 69 75 73 62 53 52 49 44 46
    60 71 69 66 67 62 50 42 46 52 61 73 83 87 85 77 66 59 60 64 61 52 46
    42 43 52 64 70 68 65 68 73 76 76 68 57 60 70 69 60 54 49 50 55 57 60
    63 61 55 52 52 56 62 64 60 56 57 59 62 67 68 68 70 69 70 76 81 81 82
    80 71 62 59 61 62 64 69 71 66 62 64 60 56 55 56 62 74 84 84 79 74 69
    63 63 67 68 62 54 50 53 59 65 67 60 52 48 51 57 54 44 44 55 57 53 59
    71 68 59 58 61 60 55 57 69 77 73 68 69 69 63 63 65 60 57 60 60 62 69
    77 80 72 57 48 45 50 62 74 79 73 66 66 69 67 61 62 74 84 83 69 55 55
    65 66 61 62 69 75 79 79 71 56 48 49 50 54 58 57 57 62 62 57 59 64 68
    74 75 70 68 60 66 77 81 77 71 66 56 46 48 57 62 62 60 55 51 55 67 76
    76 72 65 51 39 41 48 51 55 57 52 54 75 96 98 83 69 67 71 67 56 50 49
    44 43 51 60 67 65 62 65 71 74 74 73 75 73 65 55 55 63 71 71 60 48 49
    56 57 56 61 67 70 71 67 57 48 48 55 61 66 74 83 89 85 72 61 62 66 62
    55 49 48 49 54 61 64 65 66 67 70 70 68 67 64 60 65 72 69 63 58 52 50
    52 59 68 71 64 59 61 60 54 49 50 54 58 62 65 68 71 65 59 61 64 68 75
    76 74 75 71 62 60 65 63 56 53 58 60 59 65 70 63 52 49 54 65 76 86 88
    82 75 67 58 60 72 77 70 60 53 56 65 70 66 55 46 40 40 46 47 41 43 51
    50 43 47 56 54 47 47 55 60 56 55 66 79 80 73 69 68 62 60 60 58 58 60
    61 65 72 80 82 72 61 58 58 58 63 67 68 65 63 65 68 65 59 60 72 84 88
    78 64 60 62 59 57 62 71 77 77 70 64 63 68 70 61 51 51 53 54 59 62 62
    62 66 71 76 79 75 72 51 52 56 65 71 73 71 62 54 58 69 75 72 63 54 51
    56 62 65 71 80 82 67 45 40 46 51 55 57 57 64 81 96 96 80 62 61 74 81
    75 65 55 45 42 46 51 52 50 48 56 69 77 76 71 71 71 64 54 50 56 68 73
    63 49 48 60 66 63 57 57 64 67 62 55 57 66 73 76 79 81 84 86 76 58 52
    63 71 65 58 56 57 58 64 69 66 62 65 73 73 64 54 49 51 56 63 67 63 60
    59 58 56 56 62 67 65 60 63 69 67 55 46 49 62 70 70 69 71 71 61 49 48
    56 69 77 75 71 73 71 64 64 68 63 56 52 50 49 54 65 71 63 53 48 51 62
    72 79 80 75 71 69 61 62 75 84 82 73 64 66 74 77 69 54 43 41 43 47 48
    46 47 47 43 42 49 54 49 39 37 49 60 60 60 68 77 80 73 65 62 60 58 55
    54 55 53 54 61 68 74 75 67 62 66 70 69 66 60 57 59 65 70 73 71 65 65
    74 83 86 84 77 70 59 49 47 57 67 72 70 62 57 64 77 80 67 51 49 54 57
    63 69 69 66 66 67 69 69 68 68 45 41 39 47 61 71 75 77 77 79 85 86 79
    68 60 59 60 57 54 59 73 81 72 53 44 50 57 61 59 58 65 76 85 91 84 66
    59 72 86 87 74 56 46 45 45 39 35 37 43 54 63 65 63 58 58 61 60 57 53
    54 67 76 68 53 48 58 66 60 48 46 53 57 55 55 66 77 80 82 86 84 79 77
    68 55 54 68 76 73 66 62 58 59 66 70 66 61 64 71 72 64 53 45 46 54 61
    62 60 57 56 59 59 60 65 62 53 51 59 67 66 58 52 60 76 82 78 73 69 67
    59 46 42 54 69 76 74 71 74 74 68 67 71 68 63 60 54 48 54 65 68 63 56
    49 47 54 60 66 71 72 73 74 70 69 77 84 82 75 71 72 75 80 77 64 53 51
    55 59 57 50 47 46 45 50 59 61 52 40 39 52 61 63 67 72 75 76 70 59 57
    63 63 55 50 49 47 51 62 69 70 70 66 64 68 72 72 68 59 54 59 67 72 77
    78 75 71 71 73 77 83 86 80 66 50 43 48 56 63 64 57 53 59 69 73 63 51
    54 64 69 72 76 74 66 64 63 57 53 57 62 47 44 41 45 56 67 72 80 89 92
    89 87 83 74 66 62 61 58 56 60 67 71 68 58 54 59 65 62 55 54 65 75 81
    86 84 69 61 67 76 80 72 56 48 51 48 40 38 46 57 64 60 54 51 50 51 57
    61 63 60 59 70 80 76 65 58 60 63 54 43 43 50 55 57 60 70 77 75 76 84
    84 73 65 59 56 62 73 80 79 73 63 54 56 66 71 68 62 60 60 62 65 60 51
    51 58 61 60 61 61 60 60 59 63 68 62 51 50 59 67 65 59 61 74 82 81 78
    75 69 61 53 42 42 58 73 77 75 73 76 78 71 68 73 75 71 67 61 53 54 61
    63 64 64 55 46 47 49 52 62 70 75 78 76 73 76 76 70 67 69 67 69 80 86
    76 64 61 65 71 67 53 47 52 58 61 61 60 55 47 50 62 65 61 62 66 71 75
    69 56 56 68 72 62 54 53 53 59 71 74 70 66 65 65 64 62 63 63 61 59 59
    61 64 71 81 81 73 62 59 66 77 80 76 70 59 48 46 50 55 57 53 51 55 63
    66 58 50 58 74 80 78 79 77 70 67 62 51 47 56 62 50 53 59 62 64 65 66
    71 81 86 83 82 80 74 67 66 65 61 61 67 71 71 67 62 60 61 63 59 52 54
    70 85 89 89 82 70 62 59 59 64 66 59 54 56 55 51 57 69 79 79 67 52 48
    51 51 53 61 69 69 68 75 85 89 83 73 67 64 55 48 51 61 69 73 72 75 78
    74 74 84 84 72 59 51 52 60 69 72 74 74 66 58 60 68 72 70 67 60 50 52
    63 64 55 56 62 60 55 58 65 68 65 64 68 69 62 55 57 64 71 69 62 68 82
    82 72 70 76 74 62 47 39 46 64 77 78 75 75 79 83 77 71 74 76 70 66 61
    55 54 57 60 66 68 62 54 51 50 51 57 64 72 77 76 75 76 71 64 64 66 61
    64 81 92 83 70 66 70 77 77 65 57 63 71 67 58 54 52 47 51 61 63 56 51
    54 66 76 71 57 53 62 70 69 66 64 63 70 79 78 67 58 59 63 60 53 52 57
    65 68 62 56 55 64 77 80 71 58 54 62 69 65 63 67 65 56 52 54 55 53 49
    50 58 67 71 64 53 56 69 73 70 71 75 76 73 61 49 50 61 66 50 58 73 79
    74 67 63 63 68 71 73 73 68 62 63 70 68 58 57 67 77 78 70 62 56 54 56
    58 55 58 74 91 98 95 85 74 67 59 53 54 55 55 55 60 65 66 71 79 82 80
    70 55 49 51 50 49 59 70 73 71 74 85 96 95 83 74 69 62 57 61 72 84 88
    84 83 85 80 77 83 84 74 62 51 48 57 62 60 62 68 69 66 64 67 68 69 68
    59 45 45 59 65 61 65 70 64 53 52 61 64 61 65 72 69 62 61 63 67 74 74
    70 75 86 86 75 70 76 79 67 51 45 53 69 78 74 69 69 75 82 81 75 74 74
    68 62 59 58 59 62 63 65 67 68 66 62 61 60 55 54 63 71 74 77 77 72 67
    67 66 61 60 73 86 84 76 72 73 75 80 79 72 71 76 72 61 56 51 44 44 51
    59 60 55 54 61 69 64 52 47 51 59 67 72 70 67 72 77 73 62 55 59 64 61
    54 52 57 67 73 68 62 61 68 77 79 74 66 61 63 63 57 60 70 71 63 58 62
    64 56 48 49 57 70 81 77 61 53 55 56 53 55 63 71 69 57 51 59 66 68 47
    55 69 73 66 59 57 58 58 60 65 65 56 49 55 65 62 50 49 61 75 77 67 57
    52 50 54 59 56 55 67 84 92 89 82 75 71 67 62 56 49 49 56 64 73 75 74
    72 70 68 63 55 50 51 50 51 58 65 69 70 69 75 84 87 82 77 73 70 69 73
    80 86 87 84 83 85 81 77 77 78 73 62 53 53 62 66 61 61 67 71 68 60 57
    59 60 57 51 43 44 56 64 67 72 77 72 58 49 51 52 51 60 70 70 67 69 72
    75 78 77 72 73 82 88 80 71 71 73 68 60 54 57 71 78 70 61 59 67 79 84
    81 78 76 71 65 63 67 70 70 66 66 69 72 71 67 67 65 52 44 50 61 70 78
    80 76 70 68 69 65 58 60 69 75 77 76 70 63 67 77 80 75 73 74 72 69 64
    56 52 55 63 68 67 63 59 57 52 46 46 48 52 61 70 71 67 67 67 61 54 54
    59 63 61 55 53 56 65 74 76 72 70 74 78 78 80 77 69 63 60 61 69 76 75
    64 57 64 69 61 50 47 50 62 79 82 68 54 50 48 44 46 54 61 58 51 55 65
    69 68 44 48 53 52 47 47 51 52 52 56 63 63 54 49 56 64 61 50 46 54 67
    71 65 56 52 52 57 62 59 54 58 69 76 76 73 71 71 72 69 60 52 53 60 68
    76 78 73 69 67 62 56 50 48 51 53 54 57 61 68 72 66 62 64 66 68 70 69
    71 76 81 84 83 78 73 72 76 80 77 71 66 60 54 51 53 61 69 70 68 70 71
    64 53 49 52 51 45 44 49 53 57 62 65 67 74 76 65 50 46 49 52 62 72 72
    70 74 81 84 83 74 63 60 71 82 77 66 62 61 63 65 60 57 69 78 69 58 57
    65 78 86 83 79 78 77 75 75 77 78 74 68 70 78 79 72 66 66 64 52 45 48
    55 64 75 81 80 73 68 70 68 59 54 57 63 71 72 62 49 48 65 79 77 70 71
    75 77 76 75 73 71 69 68 67 62 53 48 48 48 48 49 54 63 68 70 68 64 57
    51 49 51 52 55 56 54 51 53 60 75 84 77 67 64 66 68 76 80 71 61 61 68
    74 75 72 64 57 62 68 64 56 52 54 63 75 78 69 58 54 54 50 48 52 57 57
    56 63 70 70 68 48 47 45 41 39 47 54 53 50 52 58 62 59 59 68 74 69 59
    50 52 61 67 65 59 54 54 57 64 67 64 60 62 65 69 73 73 73 73 70 62 57
    60 64 70 78 79 74 76 78 70 60 52 49 50 50 50 54 61 71 74 66 60 58 55
    58 64 65 66 71 79 83 80 71 62 57 65 78 77 64 53 48 48 48 47 51 64 72
    72 71 67 59 52 53 57 56 48 48 62 69 65 60 55 53 63 75 71 58 54 58 65
    75 80 75 68 71 79 83 79 67 54 53 65 76 73 63 57 55 58 66 63 56 63 72
    67 60 62 67 74 79 74 68 70 78 82 79 76 74 69 67 74 83 82 72 66 67 65
    58 58 60 59 61 66 72 77 74 65 65 67 61 55 56 62 65 64 58 49 48 60 75
    76 66 62 64 67 73 82 85 78 69 64 63 56 47 46 54 55 51 53 64 70 66 65
    68 63 53 49 52 53 49 48 51 51 50 49 54 71 82 73 54 46 49 58 70 76 69
    62 66 73 70 66 67 67 65 67 73 74 69 67 69 74 76 74 65 57 56 57 57 56
    58 63 67 69 74 77 74 72 54 54 51 45 44 53 60 57 49 45 50 59 62 65 76
    81 72 64 60 58 60 60 61 62 59 54 54 59 68 72 70 68 69 72 77 78 75 70
    65 60 59 61 63 70 80 79 75 79 84 80 74 67 58 48 43 45 53 62 68 69 65
    65 65 60 58 65 69 67 70 77 79 72 61 52 49 57 70 69 54 45 46 48 47 45
    47 57 65 69 72 70 61 58 63 69 66 55 55 69 75 65 52 43 43 54 64 67 65
    64 67 74 82 85 77 65 63 67 69 68 64 60 63 70 75 70 60 57 56 56 64 67
    60 59 65 65 64 65 65 65 68 64 58 61 71 75 72 68 64 62 64 70 75 74 72
    73 75 70 65 66 66 62 57 52 54 64 68 59 55 60 59 55 62 69 65 57 55 60
    66 69 71 68 59 51 49 55 67 80 86 79 71 69 67 59 51 53 63 66 61 63 72
    73 62 59 65 63 55 54 59 60 55 51 50 50 49 46 49 62 70 63 48 42 48 59
    68 73 70 67 70 71 60 51 55 60 63 69 78 83 80 76 77 78 73 67 61 56 54
    54 60 69 71 71 76 79 78 75 71 68 59 60 59 53 49 56 61 55 45 37 44 59
    65 66 73 74 69 69 73 71 65 56 55 60 60 56 53 53 59 67 72 74 74 71 73
    77 74 65 59 55 54 55 60 72 84 82 71 68 71 75 79 76 64 48 41 49 63 70
    68 65 64 65 64 60 58 63 69 72 76 78 72 59 48 46 49 57 64 61 48 44 49
    51 49 47 46 50 56 67 77 76 67 63 66 72 69 58 56 66 68 56 41 37 45 51
    52 55 61 64 68 75 82 82 73 61 54 55 58 62 65 68 73 78 77 65 52 51 55
    55 61 67 63 60 64 65 62 60 59 60 64 65 63 65 68 67 64 65 64 59 57 59
    60 64 73 82 82 71 64 64 59 52 47 40 40 53 63 55 47 50 52 53 64 71 63
    51 50 65 81 80 68 60 56 51 51 61 72 81 83 79 73 73 71 65 60 63 72 74
    68 67 71 71 64 58 59 58 56 61 64 62 59 59 59 57 53 49 50 56 62 61 57
    57 60 61 65 71 73 69 68 66 52 39 38 43 48 56 68 76 76 71 71 72 69 65
    65 63 57 53 65 82 85 77 77 79 74 65 56 53 56 57 58 54 51 56 60 53 41
    34 40 58 70 70 68 66 68 77 83 80 73 64 59 60 59 58 57 57 57 59 63 68
    67 61 61 69 72 67 59 50 46 52 63 76 85 81 66 54 55 64 72 70 60 48 46
    58 74 79 73 66 61 57 54 51 53 57 61 68 76 76 67 54 46 49 57 64 69 66
    54 48 50 51 49 46 43 44 51 65 74 72 67 65 66 69 68 60 59 65 64 54 43
    44 55 56 50 52 57 59 64 72 76 76 72 63 55 56 62 65 62 60 68 81 81 62
    44 42 48 52 57 62 60 60 66 67 61 56 58 62 66 70 74 75 73 67 64 68 68
    59 49 49 54 61 73 83 80 67 62 65 60 50 41 35 38 52 62 55 44 43 44 47
    56 60 55 49 50 64 82 83 66 55 55 59 64 72 79 82 78 69 63 64 68 66 62
    65 69 68 64 62 66 73 73 63 52 48 53 61 65 62 60 64 68 67 63 59 56 56
    60 65 66 65 62 59 64 74 76 67 61 61 54 42 38 40 40 42 50 62 67 62 61
    66 68 67 72 72 61 56 69 86 87 76 72 76 72 57 47 45 50 51 56 57 55 57
    59 54 45 36 36 50 67 71 68 67 71 77 78 77 76 74 72 69 62 58 60 62 58
    51 51 58 58 51 48 53 63 72 65 48 44 57 73 79 80 73 58 49 56 67 70 61
    50 48 55 68 81 85 77 64 56 52 48 45 47 53 56 61 69 75 74 66 57 59 68
    75 80 76 61 49 45 46 47 48 48 49 54 59 62 66 71 70 65 65 67 65 65 67
    64 57 52 58 67 65 58 59 61 60 61 65 68 75 81 77 68 67 70 66 55 50 60
    77 81 64 45 41 45 49 55 58 56 60 68 68 63 61 63 64 64 69 77 76 72 68
    65 66 66 57 46 45 55 64 70 74 70 63 67 78 76 60 44 37 41 53 62 59 51
    46 44 44 46 46 47 56 64 68 75 78 66 52 52 61 69 73 75 75 68 56 48 55
    64 63 56 53 52 54 59 61 66 74 76 64 48 44 48 52 57 61 60 60 65 66 64
    62 56 55 59 61 59 55 54 60 71 81 78 63 54 59 62 57 56 58 53 44 46 59
    67 64 62 64 63 63 69 72 63 57 66 78 82 75 68 68 66 57 50 50 50 53 62
    68 65 63 61 57 52 44 39 47 58 61 63 69 72 70 67 68 73 75 74 70 63 59
    62 64 56 44 44 54 59 52 41 37 50 68 69 54 52 67 75 74 71 64 52 51 64
    73 67 52 43 48 65 78 87 88 78 64 57 56 52 45 45 52 59 62 68 80 85 77
    65 64 73 81 83 77 61 46 40 44 53 61 65 68 66 59 59 71 84 81 68 61 63
    64 65 65 60 52 49 61 72 68 60 63 68 67 63 62 66 76 84 82 74 69 67 61
    55 53 60 72 76 64 52 51 52 56 63 63 55 58 67 68 66 66 66 64 62 66 71
    67 62 64 65 62 58 53 49 50 58 65 66 62 59 63 75 89 86 65 45 38 43 54
    63 68 65 58 52 46 42 41 50 67 76 71 68 72 67 55 52 60 68 70 68 66 62
    51 45 54 65 63 54 45 40 47 61 66 64 65 67 60 50 49 52 47 47 55 55 50
    51 54 56 57 57 60 60 54 47 45 52 67 82 86 76 57 48 54 64 69 74 77 71
    61 60 68 71 70 70 66 57 53 61 69 67 60 62 73 82 81 69 58 58 57 55 54
    51 55 65 71 68 63 60 58 59 54 50 55 57 53 53 60 66 69 68 66 67 67 64
    61 60 60 64 68 59 45 45 57 67 64 48 33 39 58 66 62 62 69 68 62 61 58
    53 56 63 63 56 48 42 47 65 83 90 85 77 70 66 64 60 51 48 55 61 63 69
    79 83 73 59 56 65 76 81 73 56 41 36 46 62 74 80 80 74 67 67 79 92 91
    77 63 59 58 58 60 56 45 40 51 62 58 49 55 68 73 70 68 70 71 72 71 67
    63 61 60 62 64 67 71 71 63 56 55 58 65 74 68 52 51 64 71 69 65 65 64
    62 61 59 53 54 63 67 60 53 52 53 58 63 66 65 58 56 63 77 87 82 63 45
    39 44 54 65 73 73 68 59 48 41 45 56 69 76 72 66 65 64 59 57 59 63 67
    65 62 59 52 52 64 71 69 63 55 50 55 66 71 63 56 58 61 60 62 65 56 47
    48 48 43 43 49 55 61 67 69 62 51 48 53 63 77 88 87 74 55 45 47 58 74
    83 83 79 77 78 76 65 61 67 67 58 55 66 76 75 68 67 73 80 81 69 58 58
    61 57 53 52 52 56 61 58 53 53 59 64 63 63 66 63 56 52 54 64 77 79 67
    59 60 62 63 65 65 68 72 63 51 52 63 74 77 63 42 37 48 56 58 60 63 62
    57 53 51 56 61 59 54 54 56 51 48 60 78 84 77 69 71 70 63 59 57 56 58
    57 56 62 70 72 61 48 45 52 66 77 72 55 39 32 41 59 73 77 73 69 71 74
    78 84 86 79 68 62 59 58 62 62 51 41 45 51 47 41 47 63 74 75 73 70 64
    64 67 64 60 60 61 64 70 72 72 70 63 53 48 51 61 69 62 48 46 59 70 69
    64 65 65 58 49 42 42 51 63 67 62 58 54 53 57 65 70 69 62 56 59 68 76
    73 61 48 44 46 53 62 70 74 73 65 50 41 48 59 64 69 73 68 59 55 59 61
    59 58 61 62 58 53 51 62 77 78 73 73 74 71 70 72 72 66 59 61 69 74 74
    74 69 60 55 50 45 49 59 68 73 76 69 54 45 52 67 77 80 81 80 74 62 49
    45 57 75 84 82 81 85 87 77 58 49 57 66 66 69 82 91 85 76 72 68 66 70
    69 66 69 68 57 50 57 53 49 51 52 53 60 69 73 72 73 73 70 66 62 61 69
    83 83 64 51 57 70 78 78 73 71 71 63 57 61 68 73 77 68 51 42 43 43 43
    49 58 64 63 55 51 58 65 61 59 66 68 58 52 60 73 76 69 61 62 59 50 48
    57 65 62 50 44 51 62 65 57 47 46 50 60 73 74 59 41 31 35 49 61 64 59
    57 66 74 75 73 73 72 73 74 69 66 71 71 60 52 52 53 49 44 48 61 72 74
    71 69 67 72 77 71 62 60 60 59 63 69 73 74 66 51 42 43 51 55 52 49 49
    55 63 66 67 73 73 61 44 33 36 50 60 61 63 65 60 52 54 63 70 72 66 56
    52 56 63 65 57 49 46 48 53 60 66 73 77 71 57 48 55 63 63 65 75 74 59
    50 58 65 61 56 58 59 53 48 54 72 82 76 70 76 83 83 77 71 68 68 68 71
    77 79 74 70 72 74 71 62 52 56 69 75 75 72 62 49 45 54 68 75 71 67 70
    74 69 55 47 55 71 80 82 82 85 85 76 60 50 57 70 74 76 87 96 90 79 72
    63 57 61 67 70 74 70 56 48 67 60 50 48 53 64 75 80 78 76 76 76 74 71
    69 67 67 73 72 59 50 56 73 83 83 78 72 66 63 69 76 74 71 69 62 52 48
    43 35 34 47 64 71 68 59 56 64 69 66 68 78 76 64 60 66 72 72 69 64 58
    50 42 41 55 69 64 47 38 43 56 63 62 58 57 55 57 68 75 67 50 39 41 51
    57 57 55 54 59 66 69 67 66 70 81 87 78 70 70 65 57 59 63 59 53 51 51
    58 66 70 71 75 78 79 80 73 64 62 61 58 58 64 75 80 69 53 44 45 51 52
    51 53 56 57 61 67 75 85 86 72 50 35 36 47 55 59 64 67 63 56 59 66 67
    67 65 59 52 51 55 59 55 50 47 51 57 59 62 71 79 78 69 62 65 69 67 66
    73 74 61 52 60 69 64 59 60 58 52 51 63 77 78 67 62 70 79 79 70 62 61
    66 73 79 82 78 66 60 66 76 79 68 53 52 62 65 63 65 63 57 54 58 64 64
    62 64 71 77 72 58 49 49 57 71 80 84 84 81 77 68 56 59 73 74 68 72 80
    79 72 68 63 56 58 64 66 68 65 58 54 70 66 59 53 55 65 71 70 67 68 71
    72 69 68 71 68 58 51 52 55 56 59 68 74 74 71 64 58 64 80 85 79 73 66
    55 48 50 47 38 39 57 75 76 67 60 59 65 71 70 74 81 79 72 70 69 69 71
    74 71 61 53 48 44 53 66 64 51 44 45 53 63 69 69 64 54 51 65 80 80 65
    52 53 62 66 64 62 61 60 61 62 60 59 69 87 94 83 70 61 52 50 60 67 59
    48 49 53 56 63 72 80 85 82 74 70 66 63 64 66 65 64 67 75 78 69 59 56
    58 62 60 54 54 58 60 64 72 83 92 92 80 60 47 45 49 56 64 67 65 59 57
    66 76 71 61 58 60 59 56 56 58 56 52 54 59 60 56 56 66 77 80 76 70 67
    67 66 65 65 62 53 50 61 70 65 58 60 61 56 56 67 76 73 62 54 59 69 71
    63 57 57 61 70 78 82 75 62 53 58 69 73 63 48 44 48 50 52 62 67 62 60
    66 67 63 63 69 76 78 72 62 53 46 48 61 73 82 84 80 77 70 57 55 66 68
    59 57 62 62 56 56 56 53 56 63 64 60 60 65 68 63 65 67 64 59 57 53 48
    52 62 70 68 62 64 73 73 58 42 40 52 61 63 65 66 64 62 58 54 63 77 83
    80 77 68 50 42 50 56 54 57 70 79 74 63 59 59 63 71 75 78 80 79 76 74
    68 66 69 70 68 65 62 59 54 56 65 65 59 57 54 57 68 77 76 65 51 51 66
    83 88 78 66 64 74 82 79 70 65 66 66 63 58 55 65 83 88 78 64 54 48 50
    58 64 56 43 44 54 59 67 78 86 85 75 65 63 61 63 70 75 73 69 67 69 67
    63 63 67 71 74 67 56 51 53 55 59 70 83 90 89 84 74 64 59 58 62 67 66
    58 51 53 68 84 82 65 56 60 65 65 61 59 55 55 62 66 60 50 48 57 68 73
    70 64 58 54 54 54 51 46 43 48 61 67 59 50 56 67 64 56 60 69 71 63 52
    53 65 71 68 63 60 61 67 72 75 71 62 53 54 60 63 58 50 48 51 48 48 58
    63 58 60 70 74 70 66 69 74 75 71 65 56 48 49 55 64 78 84 76 69 63 53
    50 58 63 59 55 59 59 52 47 49 52 59 68 67 60 61 72 78 53 57 67 72 66
    53 41 38 50 68 76 68 57 59 69 73 67 53 45 52 61 65 67 66 64 63 59 54
    56 65 73 75 75 65 45 36 46 60 68 72 76 76 69 63 60 60 65 75 81 78 74
    71 71 69 65 64 61 57 59 65 68 68 67 68 73 72 68 62 56 57 69 79 78 65
    56 60 71 81 86 83 75 72 81 90 87 73 64 69 74 73 70 67 68 71 68 60 53
    50 51 53 57 62 59 49 45 53 63 72 81 84 78 65 58 61 63 67 78 85 80 68
    60 58 58 58 61 67 75 78 71 59 51 48 50 57 68 77 81 80 82 81 72 65 66
    67 67 67 59 51 52 65 81 86 76 65 63 68 68 61 55 56 63 70 68 56 45 41
    46 56 64 65 60 54 48 42 39 38 39 46 56 64 65 55 46 54 70 68 55 53 62
    68 64 57 62 75 80 76 69 62 61 65 68 68 68 66 61 58 57 55 55 59 65 67
    58 49 53 61 64 67 74 77 70 60 59 66 69 69 63 52 47 49 52 58 73 82 73
    59 52 48 51 60 66 65 62 64 66 61 54 55 63 71 76 71 62 63 72 77 49 51
    59 68 68 57 47 46 57 75 80 66 50 50 59 68 74 69 58 57 64 68 68 65 64
    62 59 54 50 54 62 65 63 54 38 31 41 58 71 74 71 68 68 67 63 60 67 80
    85 78 69 63 63 66 67 60 50 47 55 65 70 77 82 84 83 77 69 60 51 52 63
    71 70 62 60 63 67 72 78 82 80 77 80 84 82 73 68 73 80 84 87 82 73 60
    50 44 43 48 54 59 63 67 67 61 54 52 59 69 79 80 71 62 59 64 69 72 77
    84 81 69 58 55 59 62 61 62 70 77 76 66 53 46 51 64 73 73 68 69 76 77
    67 62 69 73 72 73 71 63 59 61 68 77 79 75 70 68 65 58 54 60 73 78 70
    59 50 43 42 49 59 66 69 68 60 47 36 34 41 52 63 71 70 61 52 57 70 70
    60 58 65 69 64 63 74 85 85 76 65 57 55 60 65 67 67 68 69 67 59 49 52
    64 72 72 62 51 55 69 77 76 74 74 69 58 55 62 66 67 61 50 47 51 53 55
    65 76 74 61 51 50 56 67 73 73 72 71 68 66 65 68 75 80 78 69 61 60 65
    67 53 51 51 57 63 64 63 62 64 71 73 62 48 45 53 66 78 78 64 58 67 75
    71 63 56 49 47 48 49 52 58 58 52 44 37 36 45 60 70 69 62 58 64 70 67
    61 65 77 85 82 73 65 65 70 70 60 52 52 59 63 68 78 87 88 81 70 62 59
    55 55 57 57 56 57 60 59 57 60 68 74 75 74 74 74 72 68 71 79 85 89 88
    79 65 53 46 44 45 51 59 67 74 79 78 70 58 50 51 62 75 75 67 64 66 69
    69 66 65 71 77 73 63 56 62 69 67 63 66 75 79 72 59 51 56 67 73 72 66
    65 71 71 62 60 71 77 75 75 75 71 66 64 62 63 68 69 68 63 60 59 59 65
    76 79 72 65 62 58 49 47 54 66 76 81 76 63 49 44 45 50 60 74 82 75 63
    61 70 74 68 69 74 72 66 65 71 75 73 64 56 52 52 57 66 67 65 67 71 72
    63 51 52 63 68 63 56 52 60 77 84 77 68 69 72 68 62 60 63 65 60 54 57
    63 66 63 62 68 74 71 64 59 57 63 70 75 78 74 67 66 70 72 74 76 74 68
    61 57 57 59 59 57 52 52 58 66 74 74 66 62 60 57 53 50 54 65 74 75 63
    56 65 76 73 64 51 38 34 40 46 51 59 63 56 50 47 47 55 65 67 63 55 50
    58 69 70 63 62 72 81 81 76 73 74 75 70 65 65 66 66 63 65 73 77 75 68
    58 55 62 67 64 54 47 51 60 65 63 60 61 65 68 71 70 70 72 68 64 70 82
    87 85 76 62 52 50 50 50 50 55 62 72 85 94 91 76 57 47 47 59 72 72 62
    60 64 64 60 53 52 59 68 69 59 50 56 69 75 72 68 70 73 72 68 67 65 62
    66 74 73 69 67 67 64 64 73 78 71 66 66 66 69 74 68 58 54 54 53 62 19
    96 95 10 76 49 38 96 39 122 39 31 1 92 116 2 119 61 49 84 19 22 41
    91 123 120 70 60 63 74 54 19 119 39 27 103 17 64 10 57 37 9 84 86 80
    14 10 79 62 104 80 88 8 124 87 20 119 4 25 61 102 26 56 59 75 77 68
    58 55 56 55 59 68 74 77 76 68 63 66 73 74 69 59 55 58 65 70 69 65 65
    65 64 67 72 74 71 64 59 59 60 60 60 59 56 56 62 71 71 63 56 52 54 59
    59 56 57 62 68 68 64 66 69 66 62 53 41 33 35 41 50 61 68 69 66 60 56
    61 63 58 56 56 56 62 71 70 60 56 64 73 74 73 77 82 79 69 66 70 70 67
    66 67 67 62 57 55 53 58 69 74 70 57 48 56 67 72 75 77 75 72 69 72 73
    72 75 72 67 72 78 77 72 65 56 52 49 48 48 49 55 65 74 87 98 96 77 54
    44 48 60 72 72 60 52 52 52 48 47 51 57 61 60 51 41 45 60 74 77 72 66
    62 67 76 80 71 60 63 75 77 66 58 62 69 71 77 78 65 53 55 61 70 79 74
    61 55 52 47 5 3 3 45 105 117 95 95 5 19 114 63 33 101 52 26 81 115 3
    56 124 101 96 20 21 88 46 48 89 122 77 102 94 55 22 121 14 56 62 19
    31 23 126 87 27 64 122 70 118 117 100 29 94 54 55 124 14 18 86 115
    123 93 112 99 21 76 77 67 55 49 46 51 64 72 71 71 74 71 62 58 66 74
    76 70 59 52 55 59 59 61 63 60 57 62 70 73 67 62 66 68 67 59 61 63 60
    56 58 65 67 63 57 54 57 65 67 60 54 57 69 78 77 73 67 59 56 55 50 41
    39 46 58 65 67 68 69 65 61 61 57 49 51 64 73 76 74 66 52 44 50 62 71
    75 77 79 74 64 60 62 62 63 66 66 62 55 51 51 55 65 73 75 71 62 55 59
    66 71 77 82 79 71 66 70 75 75 74 71 69 73 69 57 54 58 63 62 54 48 49
    52 60 71 74 75 84 88 73 49 41 48 59 70 73 63 50 45 47 49 54 60 62 61
    56 46 38 40 53 69 76 72 64 59 65 77 80 70 60 64 72 68 54 46 55 68 73
    77 77 63 50 54 64 72 74 66 61 64 64 58 21 67 42 89 84 122 13 112 42
    72 120 108 1 124 21 37 58 114 11 117 35 100 17 65 64 55 91 15 18 90
    71 60 84 123 61 61 24 126 106 112 92 33 13 104 68 47 50 26 76 109
    123 81 67 121 7 86 6 23 7 33 39 21 98 114 86 75 69 61 54 48 47 57 71
    74 67 61 61 61 58 57 64 73 81 82 70 58 55 57 56 58 62 60 56 61 68 64
    55 56 66 67 63 61 63 66 65 61 61 65 70 69 62 60 65 72 72 66 62 64 73
    80 80 78 75 66 57 57 57 49 45 56 71 73 66 61 63 62 59 57 55 49 52 66
    77 78 73 63 48 38 39 53 71 80 76 69 63 56 51 52 57 62 64 62 61 62 61
    58 59 66 72 73 69 62 56 56 60 63 68 71 66 57 53 58 65 65 59 57 61 65
    58 46 43 53 66 68 58 54 61 65 69 74 66 56 64 79 72 49 40 50 60 68 72
    66 54 51 57 64 70 70 65 63 59 48 40 44 59 73 74 67 62 63 71 79 77 68
    61 61 61 55 46 44 51 62 64 67 72 69 61 63 68 71 65 55 57 68 71 68
    125 13 54 97 92 81 106 118 18 48 11 115 35 90 26 37 52 19 52 87 81
    15 61 78 3 22 74 61 64 11 3 42 68 34 44 3 51 47 68 68 72 77 47 63 90
    77 44 123 23 76 66 7 95 77 79 9 63 31 66 116 85 82 47 94 91 72 61 53
    50 51 56 66 75 75 70 62 54 51 54 61 69 75 81 86 78 68 66 66 62 58 59
    61 61 64 64 57 51 54 59 56 52 59 62 68 69 65 62 66 73 73 66 62 69 77
    77 73 73 71 69 69 69 74 81 77 66 63 65 59 54 62 76 79 70 64 66 65 60
    59 61 58 54 57 62 66 66 59 48 39 37 46 65 79 75 66 60 52 44 46 56 64
    63 60 65 69 67 63 62 65 68 72 72 65 56 50 51 55 60 62 57 49 46 50 53
    47 42 47 55 58 57 53 50 55 64 64 54 55 69 75 73 67 55 48 59 79 79 60
    50 59 70 72 71 67 60 60 70 80 85 78 67 65 66 58 48 53 69 78 72 61 56
    61 72 77 76 73 66 58 51 50 52 52 51 53 54 56 66 76 77 72 67 65 62 57
    61 70 73 71 40 117 85 102 90 5 61 120 84 122 35 81 51 119 17 79 31
    91 57 58 96 44 118 85 38 92 14 82 75 15 104 23 49 42 79 4 19 88 87
    89 63 17 10 46 120 115 83 79 97 54 73 7 124 27 52 118 45 93 64 97 15
    70 63 41 80 69 58 51 52 59 67 72 74 72 69 67 64 60 59 66 74 76 79 83
    82 79 81 82 75 63 55 58 66 68 62 58 60 59 55 50 47 57 59 62 62 62 62
    66 73 75 71 69 73 77 78 78 78 73 66 62 61 66 74 77 71 68 72 71 63 66
    77 80 74 71 74 74 69 68 69 64 54 50 53 59 61 56 48 43 40 44 60 74 74
    68 63 56 49 49 55 61 60 58 61 61 57 56 60 63 63 69 78 75 60 45 42 50
    59 60 57 54 54 56 52 40 37 48 59 63 67 68 62 59 63 62 53 54 69 75 68
    58 52 56 67 78 80 71 65 71 79 76 71 69 66 63 71 86 93 87 76 75 79 72
    57 57 70 76 68 57 52 57 66 69 73 78 74 62 54 55 60 59 53 50 54 58 68
    80 85 75 63 61 65 65 67 73 76 75 39 79 58 1 47 111 66 15 36 107 85
    52 20 20 63 51 42 12 57 54 13 5 40 50 124 10 77 49 83 90 83 25 116
    40 16 62 41 22 15 57 72 111 19 43 99 15 6 45 26 102 3 21 86 70 3 108
    88 1 16 79 44 55 97 22 90 64 60 55 54 64 74 75 70 67 68 75 82 78 70
    71 76 78 77 78 77 78 85 90 86 71 53 54 69 72 62 61 67 62 52 47 46 58
    56 52 51 58 66 72 76 76 76 77 74 69 70 75 74 69 66 65 64 62 60 60 60
    63 69 71 68 72 79 77 70 68 72 75 74 74 72 64 56 53 57 63 65 59 53 51
    48 50 64 74 69 62 60 61 63 62 57 55 55 52 49 48 49 54 61 65 62 66 78
    81 66 47 43 55 63 58 55 62 67 64 57 49 45 52 61 67 74 73 61 55 60 65
    60 58 67 70 61 52 55 64 72 75 75 73 72 76 79 75 70 71 70 62 63 79 90
    91 88 88 89 80 65 60 66 68 65 59 56 60 64 65 68 75 72 64 61 59 59 61
    57 55 61 68 78 86 87 77 63 60 65 68 68 71 77 80 115 2 78 33 122 62 9
    93 88 113 9 10 104 19 15 15 73 109 12 46 1 113 77 75 126 14 60 89 76
    75 72 60 81 82 126 105 53 0 45 35 8 32 97 104 127 71 112 12 121 40
    34 27 15 58 10 85 127 1 9 83 32 89 119 14 7 64 63 58 53 60 71 70 63
    63 72 86 93 87 76 71 73 75 78 77 72 70 75 82 85 74 56 53 69 74 62 56
    61 58 50 46 46 60 55 48 49 57 65 72 78 78 76 76 70 61 61 67 66 61 62
    66 67 64 55 47 47 51 55 57 63 72 77 72 65 62 64 67 70 73 70 62 58 61
    66 70 72 68 65 62 56 57 69 71 59 51 51 58 70 72 60 51 50 47 46 53 62
    67 69 70 67 66 74 79 69 54 51 62 68 59 58 68 69 59 57 61 59 57 57 59
    66 66 55 48 58 69 66 61 69 72 63 53 54 64 74 79 78 74 74 74 72 67 64
    64 62 54 53 64 76 82 87 89 86 78 69 65 65 66 66 63 61 63 67 68 68 66
    58 54 57 57 58 63 62 60 66 76 87 93 90 80 68 63 64 68 69 67 72 83
    101 115 120 104 102 13 109 27 34 34 86 69 120 59 34 114 70 91 80 41
    13 66 45 50 81 92 55 42 10 5 71 61 99 34 31 114 115 75 113 70 67 4
    50 121 9 101 98 81 99 57 117 102 37 86 91 77 52 58 83 70 104 59 104
    62 117 64 62 58 53 57 62 57 53 61 76 89 93 84 70 62 61 67 76 81 77
    71 70 72 76 74 63 57 66 71 62 55 57 55 49 45 45 70 64 56 54 58 61 67
    76 78 75 72 66 58 58 63 63 57 58 64 68 69 63 55 51 48 44 43 52 64 71
    72 67 62 61 62 65 68 65 59 61 67 71 72 73 73 72 68 60 59 65 62 52 47
    44 49 62 70 64 55 50 48 56 70 79 78 71 69 70 69 71 74 68 55 52 63 73
    71 69 72 63 51 55 67 72 66 58 53 57 62 58 53 57 65 63 60 69 76 72 63
    59 63 73 84 85 79 76 73 64 57 55 52 46 40 44 55 61 65 72 77 75 70 68
    66 64 66 68 66 63 65 72 74 71 62 48 45 53 57 60 65 65 61 64 73 84 89
    88 82 73 68 67 71 70 61 64 79 112 8 93 32 104 73 2 98 76 108 74 120
    93 54 9 87 55 25 30 58 14 87 89 63 15 124 113 59 106 102 57 34 59 38
    19 38 103 26 19 104 83 37 91 19 26 112 84 125 28 60 34 6 40 88 84 49
    106 107 123 36 21 110 99 114 93 59 54 53 53 56 58 52 47 56 69 78 81
    77 64 54 56 62 71 81 84 80 76 72 70 70 67 61 61 63 64 65 66 59 47 40
    40 78 73 63 58 61 65 68 75 80 77 71 63 56 57 60 59 56 58 66 71 71 69
    66 63 59 49 41 45 55 64 70 69 64 60 59 60 61 60 60 65 71 72 68 67 67
    65 62 59 58 58 56 53 52 49 47 54 63 68 65 57 53 65 79 82 75 66 65 72
    74 70 66 61 54 53 64 77 81 77 71 61 53 59 73 79 73 63 57 62 70 71 63
    58 57 55 55 61 71 78 79 74 70 71 80 84 78 73 71 61 52 50 48 42 40 49
    58 58 56 60 66 63 58 57 57 57 60 65 68 68 71 79 81 77 66 51 48 60 68
    70 68 64 60 60 64 69 77 81 76 70 68 70 72 66 52 54 71 95 4 72 76 118
    53 98 10 101 123 6 91 66 105 56 34 59 16 104 91 22 50 7 29 68 57 84
    25 4 3 36 118 123 89 113 14 103 52 15 42 99 25 3 98 88 66 104 41 4 1
    111 25 108 114 95 101 123 18 106 100 14 44 120 9 25 58 52 48 48 54
    62 60 51 51 60 66 70 72 67 62 66 68 67 73 82 84 84 81 71 63 61 60 59
    60 66 75 75 60 42 33 32 73 70 63 58 62 68 68 72 78 77 70 60 55 55 54
    53 55 61 69 73 68 62 61 65 69 62 47 43 51 57 60 62 59 54 50 52 56 59
    63 70 75 73 68 67 62 56 55 55 53 55 56 54 55 57 55 54 58 65 68 63 61
    69 78 79 70 61 64 77 81 71 59 55 57 60 65 74 79 75 69 63 59 64 74 77
    69 62 63 71 79 79 70 60 54 51 48 48 58 77 87 83 75 70 73 76 70 65 64
    57 51 56 61 59 59 66 70 65 60 62 63 57 49 48 52 55 55 59 66 70 73 81
    84 78 66 53 54 69 83 82 71 61 58 61 63 63 66 66 62 60 64 68 67 56 43
    45 62 90 45 78 23 2 63 58 60 23 16 14 59 101 42 119 105 40 17 40 57
    121 7 35 108 31 46 36 43 105 54 14 24 14 27 120 11 98 4 59 86 54 104
    106 96 57 122 98 100 74 70 84 79 16 117 89 91 66 7 38 124 39 55 81
    113 18 69 62 51 45 50 64 72 64 57 62 68 69 69 69 70 74 72 68 70 79
    85 89 87 74 59 54 58 63 63 67 72 67 51 38 34 35 61 60 58 58 61 63 60
    60 67 70 67 63 58 53 50 52 61 68 71 73 69 59 53 57 68 68 52 43 47 50
    51 52 51 46 41 42 49 57 64 71 74 72 73 76 68 57 54 53 51 56 59 52 51
    59 60 53 53 61 63 60 62 69 77 77 67 57 63 80 84 71 55 51 54 54 55 63
    71 71 67 63 59 60 65 63 55 52 59 67 76 78 70 61 58 55 47 39 47 68 78
    75 72 69 68 69 66 62 58 52 54 69 83 83 77 78 78 75 73 73 69 60 50 48
    56 62 58 57 62 66 69 75 78 70 57 49 54 70 85 86 70 55 54 64 73 73 63
    51 46 51 61 68 64 52 41 41 52 60 119 11 44 38 17 69 102 122 92 105
    29 66 38 70 16 70 127 122 95 13 94 80 104 100 52 107 61 44 29 12 82
    63 106 122 63 63 49 34 32 51 75 71 48 89 89 16 3 67 67 54 113 94 39
    72 0 120 2 44 105 76 117 122 124 101 73 68 59 48 46 58 69 68 63 65
    68 66 61 60 62 64 66 68 73 81 85 84 80 71 60 57 63 68 68 68 63 49 40
    42 49 52 48 49 53 57 61 60 54 50 55 63 70 72 67 55 48 55 70 75 72 75
    78 72 60 56 64 67 54 45 47 48 45 46 47 44 41 41 44 52 62 69 66 63 71
    80 74 60 55 53 53 60 64 54 46 52 55 49 51 61 61 53 51 59 71 74 62 52
    61 79 82 66 52 47 45 42 47 62 75 74 67 63 60 60 60 54 43 40 48 59 72
    75 65 56 58 61 51 38 44 59 63 63 66 67 64 65 66 65 62 56 59 78 95 93
    80 75 77 79 81 82 78 69 57 50 57 67 62 56 61 66 65 65 66 59 46 42 49
    64 80 83 70 55 55 69 81 82 67 47 41 50 63 70 68 58 49 47 49 51 100
    122 103 75 0 114 69 66 48 99 28 109 61 117 93 57 121 80 124 93 122
    50 24 77 78 13 114 118 104 86 15 14 119 105 41 22 68 81 31 71 24 69
    4 11 57 64 21 109 76 56 1 62 111 75 78 0 123 3 46 80 100 33 103 21
    65 66 67 59 50 52 59 60 62 65 63 58 54 55 57 57 59 61 66 73 75 72 67
    61 57 59 66 70 71 67 53 38 38 54 65 67 48 48 51 56 60 62 57 50 51 62
    75 80 76 62 49 52 69 77 73 74 83 86 77 68 69 68 56 49 51 49 41 39 44
    47 48 52 51 53 63 69 62 56 63 74 71 59 51 48 52 63 69 59 43 41 45 46
    51 57 57 50 44 49 63 71 64 55 62 76 75 58 47 45 43 43 55 73 84 80 68
    63 66 70 70 58 42 37 44 59 74 76 61 48 54 61 55 47 53 60 56 56 64 67
    66 64 60 61 67 66 66 77 88 85 74 70 73 76 77 81 82 74 61 51 57 66 60
    55 62 68 63 56 55 51 42 39 45 59 74 79 73 65 66 75 80 77 66 54 51 61
    71 73 68 60 55 53 52 6 58 56 62 98 112 28 2 14 38 11 26 96 43 123 21
    66 100 73 17 6 48 55 113 59 20 46 76 2 54 111 13 34 21 111 94 4 37
    100 91 54 82 27 113 20 62 119 4 26 120 22 44 91 17 100 121 30 59 100
    4 19 109 22 87 51 60 63 70 66 58 58 61 59 60 65 65 61 59 62 66 64 55
    49 50 54 55 57 56 51 47 50 60 68 70 61 47 38 43 56 63 63 71 66 59 58
    59 58 56 54 55 65 76 82 80 69 52 48 60 72 74 74 81 87 85 78 76 72 59
    52 54 51 41 38 46 51 57 64 65 62 66 69 64 59 60 65 66 60 50 45 48 58
    64 58 45 41 44 47 49 49 51 53 51 52 61 69 72 67 65 68 64 51 46 50 52
    56 65 74 82 81 71 64 69 77 77 63 47 43 52 66 80 81 63 46 47 57 63 66
    71 69 61 59 66 72 71 61 50 52 65 72 71 68 68 69 67 65 67 70 71 76 78
    69 57 55 64 67 59 58 65 67 62 57 56 54 47 42 45 56 67 70 68 69 74 77
    72 64 60 60 64 73 81 78 66 55 51 53 55 77 37 117 1 25 43 91 82 38 96
    107 73 8 41 23 50 127 59 61 43 125 24 86 55 81 82 6 66 50 118 72 119
    125 17 12 21 94 115 74 82 63 116 48 11 24 56 66 28 83 101 90 111 2 5
    39 67 70 114 60 106 44 45 55 82 103 61 61 65 63 60 68 76 70 62 64 70
    70 67 70 77 71 54 42 43 45 44 45 46 44 43 49 60 68 66 55 48 47 48 50
    51 51 93 87 76 68 63 54 51 57 64 70 75 80 79 70 55 45 49 61 70 75 76
    77 80 80 78 73 64 57 56 55 49 49 56 61 64 70 73 68 64 66 69 70 66 62
    63 66 61 52 46 45 49 54 55 56 55 53 49 46 50 58 59 58 61 69 80 82 69
    58 52 49 51 54 56 60 63 64 69 77 75 68 68 73 71 60 51 54 64 75 84 84
    70 53 45 53 69 81 82 73 66 67 71 70 65 55 46 49 61 72 73 63 55 58 61
    57 56 62 69 73 71 60 53 60 72 71 62 61 63 62 62 64 65 61 52 45 47 57
    62 57 54 60 69 69 60 52 53 61 70 78 84 81 68 54 49 52 59 71 56 33 58
    107 107 71 47 89 38 13 120 12 2 105 60 122 79 68 68 76 69 30 11 52
    94 1 21 33 52 98 64 31 79 124 99 122 76 54 6 31 103 86 77 53 90 57
    126 89 53 124 68 34 35 23 42 69 36 18 11 55 38 89 1 54 60 59 60 55
    54 67 79 77 68 66 71 72 71 72 76 71 55 47 50 51 46 41 41 44 53 64 71
    70 62 52 54 62 62 57 55 56 90 89 85 82 76 65 57 62 73 77 76 79 76 65
    53 44 43 51 64 71 66 63 72 81 78 71 68 64 61 60 59 60 65 70 69 69 69
    65 59 62 72 77 73 67 68 74 70 57 46 40 42 51 63 71 66 58 52 49 55 63
    64 59 59 67 81 86 71 52 45 48 52 51 49 53 59 61 65 74 77 71 65 61 56
    51 52 61 71 76 78 78 74 65 50 48 63 78 76 64 62 71 73 64 56 51 47 49
    58 70 74 66 59 63 63 53 47 56 68 70 61 53 53 65 76 73 64 59 56 53 60
    69 70 64 53 45 49 61 65 56 48 53 65 67 57 50 55 69 79 81 78 74 69 63
    55 54 61 123 26 76 61 48 42 45 87 116 34 11 77 94 57 124 50 111 65 2
    42 35 84 97 39 49 22 80 115 77 127 39 100 37 48 39 13 115 22 45 89
    95 67 36 25 95 65 1 20 34 92 103 27 98 15 33 17 113 60 65 21 48 85 9
    28 103 61 63 63 55 49 55 63 67 67 69 70 71 74 75 73 70 64 61 62 59
    53 47 47 52 64 74 72 64 56 53 62 74 77 75 75 76 78 82 86 84 82 77 68
    66 76 81 80 82 77 62 51 47 48 55 65 67 58 54 67 80 76 66 65 67 67 70
    74 71 67 68 67 62 58 58 57 59 66 71 73 74 77 76 68 55 47 45 43 47 60
    69 64 55 52 51 58 68 68 59 56 62 74 80 68 51 46 51 53 49 44 50 63 70
    73 77 78 74 63 50 40 41 50 62 70 70 67 70 76 73 57 47 56 68 66 58 62
    74 74 64 58 56 49 46 54 64 66 64 67 73 69 57 51 56 64 62 52 48 52 64
    75 74 63 52 45 46 59 70 70 65 57 47 50 64 71 63 56 63 77 79 68 62 71
    86 91 82 68 62 66 67 60 56 61 38 13 20 69 23 107 100 126 107 23 124
    47 63 47 104 63 64 82 22 108 17 74 65 40 117 123 94 13 115 78 121 65
    31 93 92 108 8 8 98 88 3 4 29 46 92 93 114 91 119 119 67 101 111 108
    109 64 126 69 88 111 4 5 79 27 24 68 72 71 61 53 48 45 45 53 65 69
    71 76 80 79 78 78 75 68 64 62 60 60 61 65 65 56 50 53 58 65 74 79 81
    82 83 79 83 83 74 70 71 67 62 69 77 80 83 79 65 55 53 58 67 71 64 55
    53 62 72 69 62 61 64 70 80 87 80 64 55 55 52 48 52 57 57 58 61 67 72
    72 67 57 49 48 47 43 43 51 55 52 51 51 48 52 63 65 59 56 58 65 71 62
    51 55 65 68 62 58 63 76 82 82 83 85 80 67 49 37 37 49 63 71 69 63 65
    73 72 61 55 61 64 60 59 70 78 74 67 64 59 49 44 48 51 49 52 64 75 74
    66 61 62 61 56 52 50 51 57 70 74 62 46 38 43 58 70 70 68 65 58 59 69
    72 66 66 76 85 85 76 73 86 99 97 81 65 58 62 65 60 57 59 31 115 43 9
    126 67 106 126 44 58 38 66 90 39 104 123 126 65 75 9 7 63 40 115 35
    124 47 21 1 95 42 75 127 115 43 69 50 109 51 21 24 110 31 123 56 89
    22 4 104 100 40 118 24 4 77 3 125 1 52 26 21 88 67 59 46 74 78 74 67
    62 53 38 32 41 58 68 69 72 80 84 84 84 76 67 65 69 69 68 66 65 58 45
    40 49 58 61 66 73 75 70 67 82 84 82 69 59 58 57 54 58 65 71 77 78 72
    65 60 62 72 71 58 49 49 55 65 68 63 58 61 70 82 89 81 60 45 47 52 51
    55 61 61 59 59 58 59 58 53 49 50 55 54 47 47 50 46 43 49 50 42 41 50
    56 56 56 54 56 60 55 52 63 77 83 81 78 79 84 86 83 81 84 84 74 59 46
    41 48 63 74 75 66 60 63 65 62 65 70 66 58 62 75 79 73 69 66 60 52 46
    44 40 37 43 58 71 73 70 69 67 62 61 63 63 58 58 67 75 66 45 36 44 59
    68 70 73 75 72 70 71 69 65 69 73 74 72 70 76 89 97 94 84 73 66 62 61
    61 60 59 75 84 41 63 28 122 60 89 124 121 10 106 62 51 17 64 8 125
    15 64 42 37 64 18 125 66 39 57 105 56 48 113 77 52 76 48 113 66 59
    91 1 20 39 0 127 123 21 92 54 116 0 11 121 41 62 47 77 65 9 86 71
    117 54 21 58 76 77 73 70 68 58 42 37 46 61 68 64 63 72 78 77 74 68
    61 60 64 66 64 63 66 63 50 39 43 56 63 69 77 75 59 50 76 78 81 74 61
    53 52 50 50 54 62 72 78 79 76 66 63 69 64 47 43 49 57 69 75 67 58 60
    72 82 83 74 57 50 58 69 71 69 68 67 66 62 54 52 53 50 52 62 70 68 62
    62 61 49 41 46 48 40 35 40 47 49 50 48 48 52 56 60 71 80 84 83 82 82
    83 82 74 65 65 74 74 65 52 43 46 60 74 77 69 61 64 67 63 65 73 70 63
    64 71 73 71 71 68 65 62 54 46 41 43 51 63 71 71 70 72 71 67 69 73 72
    67 62 65 73 68 48 38 48 62 69 74 79 81 78 71 65 60 62 67 65 61 59 62
    71 81 85 86 83 80 74 62 56 61 66 63 28 28 77 25 116 110 78 20 3 41
    18 29 25 19 33 106 12 48 5 119 42 91 93 82 35 122 71 101 55 72 47 4
    112 58 38 21 109 65 4 35 40 81 26 102 11 32 86 1 7 77 42 105 8 45 26
    99 39 91 99 57 110 9 84 64 65 74 75 71 68 65 55 46 51 60 67 70 64 59
    62 66 65 63 60 56 53 54 58 57 56 61 62 53 43 48 63 71 77 85 80 61 49
    73 76 82 79 65 56 52 47 44 46 53 66 75 78 77 70 64 64 55 39 40 57 70
    77 79 71 63 66 79 86 80 67 59 64 76 83 83 78 72 68 67 62 55 58 60 57
    60 71 75 72 71 75 74 60 47 48 53 46 37 38 44 47 45 42 44 53 62 71 81
    84 79 73 70 75 81 78 65 51 48 59 66 60 48 41 45 57 67 72 72 73 77 75
    66 64 69 73 69 65 63 61 64 68 68 67 66 60 50 47 54 66 74 75 72 68 70
    73 73 75 72 66 64 62 62 67 64 51 43 52 66 74 78 81 79 73 67 61 58 64
    70 67 62 58 56 62 71 76 78 76 76 74 60 49 57 72 76 50 59 123 76 25
    23 15 54 57 104 13 117 86 31 121 115 105 42 86 114 35 7 103 47 5 76
    28 23 111 32 83 20 20 120 54 97 87 79 4 43 94 66 44 51 92 70 116 125
    52 13 41 45 119 85 91 97 54 32 78 29 61 94 98 23 40 70 71 68 62 53
    44 45 57 64 66 72 72 63 57 57 60 60 57 53 49 48 53 55 51 50 51 49 49
    58 70 73 74 80 78 62 53 77 79 80 73 64 60 54 45 40 40 47 61 70 70 70
    70 67 65 55 41 41 59 74 77 74 74 72 75 85 89 82 69 62 69 78 77 75 75
    69 63 60 54 56 67 70 66 69 72 67 62 65 75 80 72 59 55 58 51 43 44 53
    57 51 42 44 53 60 69 81 84 77 65 58 64 73 71 62 56 54 57 58 52 44 40
    47 61 66 66 72 82 84 78 69 64 64 67 67 62 55 52 58 67 68 63 62 59 55
    52 56 66 72 75 72 64 63 71 79 78 66 55 59 64 63 61 58 54 52 60 74 81
    79 77 75 74 71 65 63 69 76 73 66 59 54 57 68 75 73 67 68 68 57 46 52
    70 79 126 37 17 90 94 77 21 26 96 105 108 4 36 87 25 69 19 72 35 119
    83 40 65 1 120 12 106 39 116 120 99 4 34 47 61 5 8 61 89 103 14 17
    89 44 111 108 94 1 20 26 17 117 78 102 82 73 112 105 86 59 110 10
    126 26 92 70 71 66 56 44 37 45 58 63 66 77 82 70 58 54 57 60 57 53
    50 46 49 53 51 48 48 50 53 61 66 66 65 69 69 57 49 71 72 70 62 62 64
    54 42 39 42 51 62 66 64 65 68 71 73 68 55 46 55 68 70 67 72 78 82 84
    82 78 72 66 67 68 64 64 68 66 60 55 48 55 72 75 73 77 76 67 59 61 72
    83 83 72 62 56 50 47 55 68 72 62 46 41 46 50 58 70 76 73 63 52 54 61
    59 57 64 69 64 56 50 47 46 54 70 74 69 71 80 81 75 65 57 53 55 57 58
    57 57 66 77 75 66 61 61 61 58 53 53 58 66 68 60 58 71 84 81 64 51 55
    63 61 57 56 58 63 72 83 83 73 67 69 73 72 66 65 72 78 70 59 56 56 60
    68 74 70 64 66 65 57 49 51 61 67 26 107 8 74 89 81 94 116 114 70 117
    5 3 60 15 26 35 19 82 27 90 52 78 33 84 86 71 5 61 94 85 41 24 53 31
    69 13 24 89 58 93 80 7 51 19 10 117 106 84 21 28 5 62 101 18 100 21
    99 21 5 36 28 19 100 59 71 75 71 60 48 42 46 58 68 77 86 85 72 58 52
    52 58 63 62 56 46 43 48 52 58 63 64 63 62 63 65 67 71 69 58 51 64 64
    60 55 62 69 58 42 40 50 60 66 65 59 59 64 70 75 74 63 51 51 59 60 58
    65 76 80 75 67 65 69 68 64 62 60 63 68 66 61 58 52 57 71 76 76 82 82
    76 72 72 78 87 89 81 69 59 50 48 58 73 78 69 54 42 40 47 57 65 68 68
    61 52 51 52 48 51 64 74 69 57 54 58 60 65 75 78 71 68 72 72 66 55 47
    45 48 51 57 65 70 77 82 77 65 62 66 68 65 59 53 52 59 66 63 62 72 83
    81 65 53 54 58 58 59 60 62 70 79 84 79 66 57 58 63 66 66 68 73 72 61
    51 54 62 68 72 70 66 66 71 68 61 57 57 59 61 39 22 0 72 31 99 107 93
    61 106 39 0 123 24 89 83 124 67 20 53 86 6 59 122 120 24 0 41 36 78
    6 95 127 60 75 63 70 62 111 42 120 61 40 10 84 70 37 123 46 108 81
    31 99 75 96 93 4 124 38 45 83 108 49 59 36 65 74 77 69 58 49 47 57
    75 90 92 81 63 53 49 49 57 71 75 65 51 46 50 55 63 73 77 75 70 69 73
    76 76 71 63 60 71 71 64 56 63 73 65 48 45 54 62 65 63 57 54 57 61 64
    64 59 52 52 55 52 50 56 65 68 63 58 60 68 69 62 61 64 68 68 65 64 67
    65 65 71 75 76 77 77 77 78 80 84 88 88 81 73 65 56 49 53 69 80 77 66
    52 48 57 68 71 69 66 61 53 50 46 43 48 62 72 69 57 55 65 71 72 76 77
    70 64 63 61 55 46 42 45 50 53 57 64 70 72 72 64 55 59 73 79 79 76 69
    63 68 76 75 69 67 73 74 64 55 54 56 62 70 72 70 73 76 74 69 61 55 56
    61 67 73 76 75 66 53 47 54 69 79 77 66 60 62 67 69 67 68 66 62 61
    108 12 45 111 33 104 84 120 30 81 31 14 54 34 74 87 46 46 79 51 70
    88 56 3 125 18 4 119 30 115 104 50 60 127 100 52 23 13 29 87 68 61
    91 118 49 30 77 125 30 79 10 71 49 8 96 69 20 93 15 57 49 75 27 87
    35 61 67 73 70 60 50 48 59 78 93 91 73 56 52 53 51 54 66 73 69 63 61
    59 59 62 69 73 72 69 71 71 69 64 58 60 64 80 79 69 58 59 69 68 56 51
    57 60 59 59 59 54 52 52 53 55 57 56 58 59 55 50 51 55 57 57 60 68 71
    66 59 61 69 72 68 63 66 72 75 74 73 75 75 70 66 66 66 70 79 85 85 80
    74 70 64 56 57 71 87 88 76 63 60 68 73 74 72 65 57 51 46 42 42 52 63
    71 71 61 57 65 71 72 74 76 74 68 61 55 51 47 46 50 54 54 56 59 61 61
    57 47 42 54 74 87 88 85 80 78 84 89 83 69 61 65 69 63 57 57 60 67 77
    78 75 75 71 64 58 54 54 59 67 72 74 75 75 65 49 40 47 65 82 82 69 59
    56 58 65 72 74 69 62 61 30 84 112 19 71 20 36 26 105 102 68 118 106
    44 36 55 108 75 18 11 72 4 112 29 0 76 74 113 72 102 82 126 62 125
    90 88 71 116 62 0 50 60 96 0 17 114 51 119 83 11 80 74 91 49 34 125
    126 70 50 77 17 72 51 88 99 63 62 62 60 55 51 54 65 75 84 85 72 61
    64 66 57 48 49 56 65 74 76 70 66 64 65 63 57 56 58 56 52 47 43 53 61
    72 70 63 54 54 64 70 67 63 64 62 58 58 60 56 51 51 54 58 60 59 59 60
    59 56 52 51 56 62 71 79 77 65 59 64 73 75 68 64 67 72 75 76 73 74 74
    67 59 54 49 55 69 79 82 81 77 76 76 70 68 81 95 94 80 67 66 68 65 64
    64 59 53 48 46 48 53 61 67 72 73 70 66 68 70 69 70 76 82 79 68 59 56
    56 57 59 60 59 61 64 63 61 52 39 33 44 64 77 77 72 71 76 86 87 75 61
    58 67 74 68 61 61 62 65 71 74 76 78 73 65 59 54 53 59 65 65 63 67 73
    66 46 35 38 52 70 79 77 70 62 58 64 72 71 65 59 58 105 121 32 104 2
    55 42 61 122 91 7 67 59 76 54 54 75 50 67 118 61 127 80 46 50 12 12
    125 17 68 30 121 109 90 115 37 55 79 91 98 87 56 95 95 69 41 2 103
    104 67 3 111 62 20 96 42 70 6 127 120 6 21 6 116 49 62 60 60 58 57
    58 63 68 66 70 78 76 72 78 81 67 48 38 42 56 70 74 71 67 64 63 57 46
    42 44 44 45 46 47 54 60 60 60 59 57 57 66 75 75 71 68 65 60 59 59 56
    50 50 55 59 59 53 47 47 53 60 59 58 65 71 77 84 83 70 60 64 74 73 64
    62 68 72 72 71 69 71 70 62 55 50 47 54 69 76 76 77 78 82 84 79 77 87
    95 90 76 66 67 65 56 50 50 52 53 50 50 60 69 72 72 77 80 79 75 74 71
    65 65 74 82 82 75 68 65 65 69 74 73 68 68 68 64 62 57 45 36 38 49 58
    55 50 52 60 70 70 58 51 60 75 79 69 59 59 60 58 63 70 75 79 77 70 66
    63 61 63 63 59 56 63 72 66 49 39 39 46 57 69 78 78 69 61 64 68 63 56
    51 50 31 69 20 2 107 111 110 73 65 47 92 42 70 124 97 74 23 105 75
    37 19 17 49 39 10 4 45 93 44 122 31 46 99 37 72 0 80 45 20 7 7 126
    19 92 18 63 49 118 108 113 90 74 124 120 50 95 117 5 124 103 11 35
    97 40 71 57 64 67 64 62 65 67 63 54 55 66 71 74 82 86 76 59 47 45 51
    57 59 58 56 53 56 56 45 38 41 47 53 59 61 60 59 63 64 68 72 73 76 77
    71 64 62 64 62 58 57 55 50 45 47 54 55 45 37 38 49 59 62 65 71 72 72
    78 81 72 56 55 63 62 53 56 68 74 67 59 58 65 66 58 58 62 62 65 74 76
    73 72 76 78 77 73 74 80 82 75 66 64 68 65 53 43 42 51 58 54 52 63 75
    75 73 79 84 81 75 73 72 68 68 70 72 73 73 70 64 62 70 78 76 70 67 62
    58 60 64 62 53 44 44 48 47 45 48 54 58 56 50 51 62 75 74 63 54 55 58
    59 67 73 72 76 79 74 73 75 76 72 66 60 61 68 75 71 59 51 49 51 57 66
    73 73 66 63 68 70 63 51 43 42 20 102 85 84 113 95 21 69 63 38 81 61
    104 42 121 49 31 76 98 11 18 106 52 59 93 115 37 44 99 12 13 10 104
    0 47 101 118 121 86 59 13 68 35 6 9 34 111 118 10 84 125 6 41 85 10
    87 122 52 111 105 27 125 98 46 63 59 70 72 64 59 60 61 57 50 47 49
    55 64 75 80 76 68 62 57 54 52 50 49 46 46 54 60 53 45 48 56 61 67 67
    60 55 65 66 71 79 85 87 81 67 56 58 67 68 62 58 59 55 45 45 52 53 45
    40 43 51 57 58 63 67 65 63 67 71 65 53 47 50 47 43 50 63 66 57 46 50
    64 68 63 69 78 76 72 74 75 72 71 71 68 61 59 63 64 63 60 59 64 70 66
    56 47 44 54 62 55 48 58 74 76 70 72 76 73 69 71 77 81 78 69 62 63 67
    65 57 55 62 70 68 62 59 55 56 63 71 77 72 58 49 47 51 55 60 66 65 58
    54 55 60 63 59 52 52 58 61 64 74 76 70 73 79 78 77 82 84 77 63 57 60
    70 78 79 71 61 58 59 61 66 73 73 70 72 78 79 70 54 43 45 30 51 97 7
    123 65 77 116 76 115 22 10 59 91 64 37 32 114 52 121 102 24 78 63 9
    87 27 115 50 53 84 119 61 60 22 77 79 71 58 72 94 41 93 86 6 84 5 65
    115 93 32 60 119 99 115 40 21 74 61 80 53 85 38 102 67 67 76 76 66
    57 53 54 60 60 51 41 42 54 66 70 69 67 65 64 61 58 55 54 53 53 58 64
    60 51 52 58 63 68 69 65 62 57 57 62 74 84 88 85 75 64 64 72 75 69 63
    63 63 59 60 63 59 51 47 51 56 57 54 56 59 58 59 62 63 61 56 54 54 48
    45 51 55 52 46 45 55 67 69 67 72 79 77 71 68 70 70 67 63 59 53 52 55
    57 59 60 60 62 65 65 64 60 56 59 61 52 45 56 72 75 68 65 65 66 69 74
    82 88 83 70 61 59 62 61 54 52 57 62 60 56 52 51 56 66 74 79 75 66 56
    51 55 63 68 73 75 67 58 54 52 49 46 44 51 61 62 63 70 73 70 71 76 77
    77 79 80 70 53 45 50 61 73 78 72 66 64 62 59 65 77 81 82 85 86 81 72
    59 52 57 104 74 76 62 43 76 45 88 112 16 107 111 57 76 73 71 77 42
    59 90 69 50 64 95 68 79 36 112 78 71 40 47 89 3 24 43 12 17 43 77 71
    61 4 39 66 100 123 108 21 103 79 105 30 88 117 31 113 11 97 18 111
    25 8 38 110 70 79 78 68 58 51 52 62 68 61 49 45 51 59 63 66 67 67 69
    70 69 67 66 66 61 56 57 56 47 46 55 64 69 74 76 77 54 53 55 67 77 79
    81 80 73 68 69 72 71 65 64 67 71 76 78 70 56 51 55 62 65 62 58 58 60
    65 67 64 62 63 65 64 57 53 55 55 49 49 56 63 66 63 59 60 67 71 68 63
    64 66 59 54 59 60 59 60 63 67 67 63 59 61 66 71 73 70 67 63 53 48 57
    68 67 63 63 62 64 72 77 79 80 76 69 65 62 59 56 52 52 57 63 62 57 53
    52 58 68 72 70 67 65 62 57 57 62 63 64 70 69 58 50 47 46 47 48 53 62
    62 59 62 67 70 69 68 71 73 72 68 57 44 42 50 58 63 67 70 70 67 62 60
    67 76 81 88 92 86 74 67 64 62 66 85 100 40 91 24 10 53 75 5 5 122 93
    108 67 12 89 120 17 98 71 126 58 78 102 52 50 25 30 57 1 8 60 11 65
    28 20 6 59 73 27 44 25 38 82 48 8 80 121 103 38 117 40 67 11 28 101
    105 92 98 113 35 108 46 32 18 70 76 73 63 54 49 50 55 61 63 60 58 56
    57 63 71 76 79 80 80 79 77 73 70 62 51 52 55 48 46 59 69 70 70 77 82
    60 58 57 64 72 72 70 70 67 61 60 66 70 67 64 65 69 75 81 75 61 55 59
    66 72 71 64 61 65 75 78 71 65 66 66 61 54 52 56 58 59 62 67 69 66 63
    57 53 61 72 70 65 67 67 56 54 66 74 72 70 70 68 64 60 60 64 68 69 71
    71 72 70 61 54 56 60 59 58 59 56 61 74 78 74 70 68 69 74 72 62 51 46
    45 52 62 66 63 61 61 65 71 71 65 61 63 64 59 55 56 54 51 58 63 56 49
    50 52 55 57 60 67 68 63 59 61 67 69 67 68 68 65 60 51 46 53 66 68 61
    61 72 77 73 68 69 70 69 72 84 93 87 75 69 69 67 66 87 88 121 15 10
    33 21 79 82 65 98 62 2 7 77 17 127 123 85 10 6 83 38 41 62 65 103 87
    97 119 109 80 92 5 55 84 108 64 12 117 53 15 35 82 29 67 30 30 19 63
    109 3 45 54 61 67 95 84 112 14 102 41 57 9 115 71 73 68 59 52 51 51
    48 50 59 66 68 64 60 64 73 83 89 89 84 81 76 71 69 65 57 58 64 61 60
    67 72 69 65 70 74 71 69 64 65 69 68 63 62 58 53 56 66 73 71 64 60 61
    65 73 73 64 60 59 59 63 65 60 56 62 77 84 75 68 67 65 59 54 52 55 60
    62 66 70 72 73 75 70 63 66 75 77 75 74 71 61 59 68 74 75 77 73 63 54
    51 54 61 63 61 60 63 73 78 69 59 56 59 62 61 52 45 55 74 81 73 63 61
    70 81 82 70 53 42 41 46 55 62 66 67 67 70 73 69 63 62 63 60 54 50 50
    49 47 50 54 54 55 57 56 55 56 61 73 78 72 62 59 65 74 78 75 66 59 55
    51 52 61 74 72 62 64 76 81 77 75 75 73 65 63 77 92 94 86 76 70 65 61
    36 100 123 60 63 39 54 21 88 100 119 97 34 92 8 83 109 43 4 21 50 56
    34 84 79 121 23 48 76 97 87 41 99 13 55 117 64 95 103 58 15 120 124
    122 50 52 26 61 120 103 75 118 123 40 15 85 94 51 16 18 84 54 30 54
    91 69 71 71 63 54 56 58 53 53 62 69 74 70 62 61 69 82 90 89 82 79 76
    72 72 73 69 67 72 73 70 67 69 70 68 70 73 82 79 71 64 61 59 60 62 59
    55 60 69 74 72 64 56 53 56 64 67 65 61 54 47 48 54 56 53 58 74 81 73
    69 70 70 70 69 65 61 59 59 61 65 69 73 79 82 75 69 72 77 78 74 71 67
    62 58 62 71 80 76 64 52 45 47 53 56 56 55 61 76 81 71 61 59 64 72 68
    49 38 50 70 78 70 57 56 68 77 79 76 63 48 45 48 50 55 66 72 70 70 71
    67 62 60 58 55 52 49 48 50 51 50 53 61 66 64 55 48 47 53 66 77 76 67
    59 63 75 86 85 72 57 50 49 52 62 70 66 62 69 80 80 73 70 74 75 66 59
    68 84 93 92 79 64 57 55 0 121 125 65 49 17 110 95 90 26 89 15 123 51
    93 78 4 78 53 46 103 69 58 79 79 112 102 88 111 2 102 41 12 87 22 4
    120 83 120 77 52 78 121 98 42 14 25 125 122 95 109 81 94 67 8 89 107
    107 74 114 62 114 112 121 31 63 64 67 60 53 58 65 63 62 66 70 73 73
    66 63 69 79 87 88 82 80 81 79 74 74 74 71 71 69 64 61 65 71 73 76 78
    89 83 70 58 52 53 58 62 61 61 66 66 65 67 66 56 47 48 56 60 59 57 51
    44 44 53 60 57 58 68 74 71 70 72 72 77 82 76 63 55 56 62 65 64 65 73
    79 76 69 68 70 67 65 67 68 61 51 55 69 79 78 68 56 50 52 57 59 60 60
    67 77 78 69 60 61 69 76 70 49 36 42 58 66 60 50 51 63 69 72 78 73 60
    54 53 51 56 71 81 78 73 71 66 59 55 52 55 59 57 56 60 60 56 63 77 79
    66 50 42 41 46 57 67 70 65 55 54 67 84 92 84 67 54 51 53 63 68 60 55
    65 77 77 67 62 69 74 64 52 52 64 77 80 68 53 51 56 93 4 35 9 36 7 80
    23 78 20 64 57 4 15 68 38 63 98 124 80 96 60 36 57 45 26 20 27 28
    127 55 99 124 122 42 120 1 17 70 117 72 39 103 100 98 75 46 99 114
    111 12 34 68 9 117 14 122 35 31 109 67 57 76 98 94 58 51 52 51 51 60
    69 68 66 69 68 68 72 75 74 70 72 81 85 80 76 77 77 72 69 70 68 62 56
    54 59 66 69 72 79 84 92 83 63 52 53 57 58 60 60 63 66 61 55 59 67 65
    54 48 48 47 47 52 53 52 52 56 64 65 61 61 63 65 69 70 65 67 73 70 57
    52 59 68 68 63 62 68 71 70 71 69 62 56 56 60 63 59 53 56 66 72 72 66
    58 57 63 65 63 63 65 72 77 75 70 64 64 68 71 65 50 37 38 51 60 57 50
    51 59 62 65 74 79 71 61 56 54 62 79 88 83 77 72 63 53 50 53 60 64 64
    66 73 71 65 72 86 85 66 45 36 37 45 55 61 61 54 45 46 61 80 92 90 76
    63 55 54 61 66 55 48 56 69 73 67 61 64 66 56 45 42 48 56 57 50 47 57
    68 33 73 41 67 93 17 85 59 62 69 63 117 34 127 91 0 9 66 110 67 1 22
    4 64 114 23 27 84 7 80 65 59 98 6 73 15 127 73 55 50 53 40 91 91 31
    93 117 60 117 63 112 6 19 21 120 90 11 87 15 51 103 25 8 38 124 60
    44 42 50 58 68 74 71 68 69 67 64 70 80 79 67 63 72 80 76 69 65 66 68
    67 66 62 52 46 51 63 68 66 70 80 85 90 79 58 50 56 59 56 55 55 59 61
    57 54 60 70 74 68 56 44 35 37 46 54 61 62 61 69 76 69 56 50 53 63 66
    58 54 57 58 55 56 65 71 68 61 62 66 64 64 70 70 60 52 53 55 57 60 60
    61 64 65 67 65 58 60 69 67 59 59 65 73 76 72 69 67 64 61 58 57 55 49
    50 61 71 71 64 62 62 59 59 68 76 72 63 57 57 67 81 84 76 72 67 56 48
    51 60 66 65 62 67 76 75 69 73 82 80 67 49 37 38 47 57 60 54 44 38 44
    61 77 86 85 74 64 55 49 55 62 57 52 59 71 75 73 66 61 58 54 50 49 46
    45 46 47 52 65 77 93 86 63 36 121 36 116 109 86 90 45 2 36 24 39 66
    12 83 85 11 72 116 45 115 119 117 117 51 91 68 121 15 47 26 77 121
    126 3 108 108 2 101 85 22 84 1 40 72 106 70 109 68 79 94 64 93 92 91
    99 5 101 73 108 69 28 63 49 46 56 69 79 83 79 71 67 67 69 71 74 73
    66 64 69 76 76 71 64 63 66 66 61 54 45 41 50 63 66 60 62 69 73 81 73
    58 52 54 55 53 50 49 51 52 53 60 69 73 73 69 58 44 37 40 48 56 65 69
    70 79 84 73 56 47 48 58 63 59 53 51 54 59 62 67 70 65 61 63 65 60 59
    67 71 62 55 56 58 61 67 72 73 69 67 70 70 61 60 68 66 58 59 66 69 66
    62 62 62 58 52 46 48 56 63 67 74 80 81 76 71 64 58 57 59 64 69 66 60
    59 66 72 68 59 57 59 52 49 56 64 67 63 58 63 72 72 69 71 73 73 72 61
    45 41 48 57 59 54 45 39 45 60 70 76 76 73 69 61 52 55 67 70 68 74 82
    82 78 72 65 61 61 64 64 56 49 52 60 61 62 68 52 108 12 92 104 24 113
    118 100 81 8 74 2 94 118 76 106 118 117 115 62 10 112 96 3 99 60 61
    109 35 12 20 12 83 15 42 53 64 73 90 67 26 82 68 66 65 108 87 126 83
    17 10 76 38 114 95 85 119 88 114 112 68 69 95 120 67 56 54 60 72 84
    91 87 72 61 66 73 72 68 69 70 71 73 75 73 71 71 68 63 58 52 50 46 44
    49 57 59 54 50 51 52 74 69 61 56 55 56 56 53 50 45 42 47 60 70 70 66
    60 51 46 47 53 62 67 68 68 73 84 85 72 61 58 57 59 65 65 60 54 55 60
    60 60 64 66 68 69 65 58 59 68 74 67 62 64 66 68 74 81 84 79 73 73 72
    64 60 66 69 67 70 70 61 51 50 56 58 54 48 41 37 48 64 72 71 72 74 70
    62 54 53 54 51 54 68 73 64 57 59 58 51 46 47 54 56 58 63 66 62 56 55
    62 69 69 67 67 68 72 76 67 47 39 45 51 55 57 54 49 50 56 61 64 69 78
    80 71 62 66 78 82 81 83 83 78 75 72 67 65 66 70 71 64 59 65 72 65 52
    50 94 64 31 62 44 30 118 59 108 85 90 73 5 69 126 75 10 83 50 52 41
    78 100 22 69 72 43 108 63 57 85 50 42 111 89 116 11 32 82 125 32 121
    83 66 120 55 50 76 109 45 94 8 90 39 75 33 61 66 108 118 5 103 68
    127 87 70 64 61 62 71 82 89 86 70 57 62 69 66 65 71 75 72 70 67 63
    63 68 67 59 52 53 57 58 54 52 54 56 56 49 44 43 69 66 61 59 63 65 65
    66 64 55 45 45 53 60 65 65 58 48 46 54 65 77 81 73 65 69 79 78 68 67
    72 68 61 65 73 69 57 53 52 48 49 57 66 73 72 64 57 57 63 69 68 67 69
    68 66 69 75 80 82 77 71 68 62 57 62 71 77 79 71 57 48 51 60 62 55 49
    39 33 42 57 66 64 64 66 59 48 44 49 54 50 53 68 75 64 57 55 51 49 51
    52 54 62 70 74 71 59 49 54 66 69 66 63 61 62 66 68 58 44 39 42 44 49
    57 63 62 58 58 60 61 68 79 79 69 65 74 83 84 82 79 69 59 61 64 61 56
    57 59 61 60 63 72 77 66 48 39 3 48 53 37 98 18 99 68 4 127 90 59 0
    65 70 2 100 104 38 80 88 0 98 101 88 102 120 45 65 68 17 68 105 105
    126 19 111 0 99 93 59 110 18 70 106 120 13 46 55 25 119 106 65 2 58
    14 23 119 17 15 10 105 99 77 3 71 69 66 67 73 78 81 79 69 58 58 59
    55 58 69 71 66 61 56 56 58 57 55 53 54 63 71 71 68 63 59 59 60 55 49
    47 64 63 61 63 67 72 78 84 84 72 57 49 49 56 66 72 67 55 50 57 70 84
    89 77 62 62 69 66 61 67 77 72 62 68 80 77 63 53 45 38 40 52 62 68 68
    63 59 56 55 58 63 66 66 63 57 55 58 66 76 76 67 61 54 50 56 67 76 78
    68 56 54 62 70 70 63 53 44 42 47 54 60 65 70 70 58 45 44 51 56 56 55
    63 67 63 62 61 55 56 62 59 55 61 73 78 73 58 47 53 65 65 61 60 58 55
    53 51 46 43 44 45 46 50 60 69 69 62 62 67 71 73 75 70 61 62 73 80 78
    75 69 56 45 48 54 53 49 49 49 46 47 55 66 71 66 53 46 112 29 24 86
    109 82 94 12 6 68 48 74 67 10 37 47 73 15 89 18 74 20 105 35 9 13 66
    97 18 68 125 2 51 53 44 111 7 102 113 18 47 12 111 19 87 14 0 82 66
    110 31 110 7 126 65 9 67 37 106 104 30 112 87 10 106 70 65 62 65 69
    73 76 76 71 63 59 54 49 53 60 62 61 57 53 56 59 52 43 44 55 70 79 81
    81 77 69 61 59 60 58 57 57 59 63 64 62 69 82 91 90 80 67 57 54 60 72
    80 79 70 64 65 72 83 87 75 59 56 59 56 55 63 71 67 62 70 83 81 68 57
    49 41 42 52 58 59 60 63 65 62 55 57 65 66 61 56 50 44 44 53 66 69 62
    53 45 46 56 65 69 71 64 57 60 68 74 75 71 63 56 56 56 55 60 70 78 78
    65 52 50 52 56 58 56 54 54 57 66 70 61 56 59 56 52 56 65 70 66 57 50
    53 59 60 60 63 62 55 50 47 44 44 45 48 55 62 69 72 65 54 56 67 74 74
    70 65 61 65 76 77 69 64 62 54 45 45 53 59 59 56 51 44 40 46 54 59 62
    63 63 16 72 87 89 65 114 67 15 55 25 65 54 87 17 65 87 12 35 96 84
    64 119 0 65 18 10 49 99 2 29 23 28 67 121 76 124 75 52 114 26 29 9
    91 86 78 102 10 41 98 13 3 45 101 89 90 5 101 71 72 78 7 88 45 72 84
    70 57 53 56 60 68 76 78 75 70 66 61 57 57 60 63 66 62 55 55 58 53 42
    41 53 68 78 84 87 81 70 61 60 65 66 65 52 55 61 63 58 63 73 76 77 79
    76 69 63 66 73 78 81 82 80 76 76 80 81 72 60 55 53 50 53 59 61 56 54
    62 74 78 71 63 57 51 49 54 55 50 51 59 66 65 59 64 76 74 60 50 47 44
    43 49 59 64 60 49 42 48 60 64 61 62 64 63 65 69 70 71 72 73 69 63 59
    60 66 72 77 79 74 61 54 55 60 62 61 54 47 49 63 69 59 49 50 53 51 51
    55 60 58 54 53 56 57 57 61 68 69 68 65 60 54 49 45 48 60 70 74 70 58
    49 53 62 64 63 64 65 65 72 80 73 58 53 55 55 51 51 60 71 73 66 57 49
    45 46 48 53 61 71 78 115 98 19 87 127 76 103 50 103 114 6 107 40 86
    56 81 24 106 114 114 94 65 92 51 126 22 54 26 31 78 28 60 120 30 124
    34 28 29 74 31 27 59 124 82 79 28 78 18 89 36 62 87 54 60 71 89 125
    5 122 53 30 120 90 61 90 67 58 53 54 58 67 75 75 73 73 74 72 70 71
    73 77 77 68 57 53 57 60 55 50 55 64 73 81 83 75 66 62 64 69 69 67 51
    53 59 64 63 61 59 55 59 73 81 77 70 69 70 69 71 77 79 79 80 79 75 70
    66 60 51 47 52 58 59 53 46 46 58 71 73 67 61 54 52 54 52 48 51 63 69
    64 59 68 80 74 57 48 51 54 54 55 61 66 60 46 38 48 60 61 56 57 61 66
    68 67 65 64 70 77 75 64 57 62 70 70 67 70 72 64 57 62 70 72 71 64 53
    50 54 55 49 47 53 58 54 47 47 53 55 54 59 61 55 53 60 69 73 80 82 74
    64 54 46 46 59 71 73 67 61 60 61 60 55 54 61 68 68 71 74 65 49 45 51
    56 58 59 65 76 81 74 63 54 51 50 52 59 67 77 86 110 15 34 58 12 60
    94 63 32 45 86 11 82 66 86 115 85 106 3 125 56 65 0 39 103 124 115
    59 40 52 75 56 36 77 107 56 102 90 121 119 18 97 8 16 124 97 39 37
    42 10 108 87 42 51 90 83 1 14 29 100 63 74 114 46 5 64 66 63 62 66
    75 75 67 63 69 76 78 80 82 85 87 82 70 59 57 63 72 72 64 59 64 74 80
    81 77 72 66 62 64 65 64 61 60 61 66 69 64 52 42 45 59 71 72 68 65 65
    64 65 67 69 74 81 80 70 65 65 60 49 45 51 61 66 63 53 45 52 65 69 65
    59 53 51 53 51 52 63 77 79 68 60 67 73 64 50 47 56 63 65 65 66 65 55
    40 34 42 54 60 62 63 62 61 62 65 69 73 78 83 79 69 61 63 69 68 60 56
    58 57 58 65 72 74 76 73 63 52 46 47 50 56 61 61 54 45 47 57 62 64 69
    66 52 48 56 65 71 81 87 80 68 57 47 47 60 73 71 66 70 71 65 57 52 54
    66 73 69 64 62 53 44 46 53 57 59 63 68 76 83 80 68 59 53 50 56 69 75
    79 87 122 72 63 13 1 23 5 4 117 21 6 32 119 35 104 99 4 17 108 101
    26 103 83 94 122 20 50 2 88 70 16 96 64 119 82 111 108 119 116 68 54
    94 72 87 22 9 64 71 103 107 94 14 84 84 42 64 68 123 3 65 104 34 118
    45 78 58 67 68 68 77 87 81 65 58 65 73 78 80 82 84 84 77 68 64 63 66
    74 78 70 61 66 77 82 86 88 82 66 52 50 56 59 74 70 64 66 71 68 55 42
    37 42 56 67 65 60 61 66 68 64 62 72 84 83 70 58 57 57 51 47 52 62 71
    74 67 58 57 62 64 64 60 52 49 51 51 54 68 81 78 67 62 66 67 59 50 48
    56 63 68 71 68 59 51 44 39 40 48 60 71 75 68 58 57 68 81 91 94 88 80
    74 67 62 64 63 54 45 43 50 59 64 66 67 70 72 64 49 42 51 64 70 66 60
    55 54 56 65 75 80 79 67 50 43 52 66 74 79 82 80 71 62 56 57 67 78 75
    70 72 69 59 52 50 55 68 77 69 58 51 44 43 53 63 62 61 65 71 76 80 76
    69 63 55 49 59 75 78 76 81 105 106 77 122 91 61 53 10 7 15 113 98 99
    102 16 103 117 98 96 115 44 49 56 113 70 1 26 113 124 23 6 7 60 17 8
    45 33 32 11 70 100 123 37 21 94 28 59 10 110 34 30 51 100 42 124 62
    37 82 25 21 58 70 121 31 14 51 61 65 67 77 90 87 72 64 67 71 72 71
    70 73 74 69 65 67 67 65 68 73 67 60 66 74 78 85 92 84 61 42 41 51 57
    77 72 64 63 66 63 56 50 43 40 52 68 69 62 63 70 71 61 57 69 83 84 69
    56 54 57 56 55 58 61 65 71 72 65 59 57 59 65 66 57 49 48 49 53 64 70
    64 59 61 65 69 70 64 54 51 58 67 72 66 58 56 57 53 47 49 60 72 76 69
    58 59 75 91 99 98 88 76 72 69 60 53 50 45 39 39 49 62 65 63 65 67 68
    61 50 46 57 72 75 67 58 58 63 64 68 81 86 78 61 46 41 53 72 80 76 76
    77 73 70 70 69 74 78 77 74 72 67 61 57 52 51 61 73 66 53 45 40 44 61
    76 75 69 70 74 77 75 68 67 66 57 53 63 74 75 71 70 0 106 4 22 103 4
    94 96 113 110 105 100 107 65 50 49 124 37 72 30 76 104 5 36 119 48
    106 3 112 23 76 47 122 67 9 65 80 89 89 74 14 125 77 96 118 113 19 6
    58 39 48 92 8 35 4 50 80 117 73 28 64 55 9 15 48 53 61 66 67 72 82
    85 78 71 71 70 65 59 60 66 69 67 67 71 70 65 66 66 60 58 63 66 66 75
    84 81 65 50 49 58 63 65 61 55 52 52 52 56 59 52 46 55 70 73 67 66 74
    73 60 53 62 76 78 70 62 59 58 61 66 70 66 59 60 64 60 54 52 55 64 72
    68 59 51 47 53 62 64 58 57 58 62 73 84 80 64 55 59 67 71 68 66 65 63
    59 54 56 64 72 75 68 59 64 78 88 91 90 83 72 68 68 60 51 46 41 40 44
    55 63 63 67 76 76 70 64 57 56 63 70 72 65 56 56 62 64 68 77 79 66 50
    42 43 57 73 76 72 74 76 72 68 69 71 72 73 74 75 76 76 74 69 60 53 57
    64 59 48 41 39 47 63 77 81 78 74 75 78 75 66 63 65 61 61 69 73 71 67
    61 43 124 27 47 99 71 64 119 68 89 46 92 104 66 89 4 114 86 71 79 20
    53 83 54 92 8 25 64 88 67 36 15 127 77 119 77 119 5 17 87 67 78 74
    104 127 84 54 1 64 10 2 21 78 22 42 66 28 109 39 30 86 99 118 75 27
    67 74 77 74 71 74 79 80 76 74 70 61 57 61 67 68 70 76 77 71 64 61 57
    52 54 61 61 60 68 77 79 73 65 62 64 66 47 45 41 41 44 52 61 63 53 45
    54 68 71 64 62 70 70 61 55 60 72 78 76 73 69 65 68 77 83 80 69 58 56
    57 60 60 57 61 72 74 68 57 50 56 66 68 66 64 60 59 69 80 80 70 63 65
    70 71 69 69 67 61 55 56 62 69 75 79 74 63 59 67 76 80 82 81 75 68 65
    63 61 55 47 45 54 63 62 59 71 88 89 78 68 64 66 69 71 73 70 60 54 60
    68 71 72 68 55 43 41 47 56 62 63 68 78 81 72 61 58 63 68 70 72 76 81
    86 84 74 64 59 60 59 53 47 43 45 50 54 61 71 74 70 70 74 75 67 58 57
    61 67 74 74 67 62 58 10 3 27 44 13 62 53 17 47 59 43 76 103 120 1
    123 114 70 89 68 47 106 98 10 0 114 17 3 72 2 9 76 13 101 9 72 11 44
    19 9 83 55 116 5 41 69 72 55 26 34 37 47 75 23 87 34 10 102 98 50 46
    107 53 37 44 84 88 84 75 70 71 75 79 78 73 68 65 68 72 70 65 71 81
    79 69 63 59 52 49 54 62 62 61 67 74 74 72 69 63 58 57 40 38 40 47 55
    62 67 64 49 40 49 64 67 59 54 55 56 56 60 67 77 83 81 77 73 69 73 82
    89 91 83 66 58 63 72 74 65 61 64 65 64 58 51 57 69 75 76 74 66 59 62
    67 65 62 65 71 74 69 62 61 61 55 51 55 65 72 74 77 77 65 51 52 65 72
    75 79 78 71 66 67 67 60 51 53 63 69 62 57 72 93 97 84 74 70 70 71 75
    78 75 66 58 63 76 79 75 68 56 48 49 52 53 51 54 68 81 85 76 62 57 61
    68 72 73 73 75 81 80 70 62 61 60 55 53 52 53 54 52 45 46 55 61 58 55
    61 67 61 49 46 51 63 74 76 66 59 56 97 9 12 58 100 123 116 6 14 52
    79 116 16 127 111 72 91 73 52 45 82 82 39 121 86 22 3 1 121 89 27 87
    86 85 9 53 124 88 36 0 121 71 103 74 37 43 100 67 95 120 90 33 108
    73 76 56 53 95 24 33 66 64 12 103 110 91 89 81 71 68 70 71 71 71 66
    64 72 80 79 71 65 70 80 78 70 69 67 60 55 57 59 57 59 66 70 69 67 66
    60 51 46 49 49 55 65 67 63 63 61 50 41 46 58 62 56 50 46 45 49 58 69
    81 83 73 65 62 60 65 76 83 86 82 69 61 65 72 73 66 58 56 57 61 61 54
    57 67 77 85 83 69 59 60 60 53 53 63 72 73 66 57 55 56 54 55 63 71 75
    71 70 74 68 54 50 59 63 64 71 77 77 72 71 70 62 56 60 69 71 65 59 70
    90 97 87 78 73 67 67 75 76 70 64 60 64 76 84 83 75 65 62 63 61 56 51
    55 67 77 84 81 71 66 67 72 75 70 62 60 67 70 64 61 61 58 56 58 61 65
    64 56 48 49 54 54 50 44 47 54 49 40 39 43 54 68 75 68 59 57 18 49
    119 57 117 123 58 60 49 117 48 28 6 52 41 97 29 120 46 33 98 93 36
    123 26 117 115 102 23 10 64 82 53 34 23 65 110 110 19 66 33 125 40
    75 110 113 44 82 95 105 10 41 88 114 87 99 117 67 77 15 103 50 109
    107 74 89 83 74 66 66 69 66 62 59 59 63 72 75 74 73 71 73 79 77 71
    71 75 71 63 56 51 50 57 65 66 66 67 67 63 53 46 58 59 66 74 69 58 56
    59 57 48 46 55 61 59 56 53 51 52 54 64 78 79 63 49 46 47 53 63 71 73
    67 59 57 62 65 61 53 48 52 61 69 68 60 58 65 76 89 90 74 62 62 60 51
    49 59 69 72 69 65 63 62 62 68 76 78 75 68 65 69 71 65 60 59 57 57 64
    74 79 74 71 73 67 60 63 71 75 72 65 68 82 89 82 73 68 62 64 73 73 66
    63 59 59 68 81 85 78 71 73 76 73 65 60 62 67 69 74 78 77 73 74 77 76
    65 54 53 59 60 59 61 59 58 61 64 67 72 70 60 59 65 67 63 57 49 46 47
    43 42 46 46 48 59 68 64 56 55 58 75 1 60 36 30 61 123 34 86 74 78 12
    93 68 13 44 81 52 102 76 56 82 4 55 101 103 86 78 71 53 45 122 56
    116 106 110 54 116 45 103 30 26 101 11 87 57 45 17 48 119 7 70 82 73
    12 41 75 119 7 27 15 90 48 83 85 80 66 54 55 61 65 63 57 56 62 66 64
    68 76 75 73 76 73 66 67 71 66 57 50 46 50 62 69 65 60 62 67 70 65 60
    52 52 60 72 73 65 61 64 65 55 46 52 62 64 63 64 65 61 57 61 71 73 60
    45 38 38 46 56 62 64 58 50 54 66 68 59 49 47 57 69 75 72 64 60 63 72
    86 91 80 70 68 62 51 48 56 68 77 79 75 72 70 69 78 86 81 69 61 59 63
    69 70 67 62 61 62 66 73 74 68 68 73 66 58 62 72 76 71 64 63 70 75 71
    64 59 60 67 74 73 69 63 56 53 61 72 77 75 71 71 75 75 69 64 66 67 63
    62 67 74 75 75 75 69 60 56 59 58 51 52 56 54 52 57 62 70 78 74 65 68
    78 80 78 74 63 52 45 43 51 60 55 48 53 60 56 48 49 30 112 8 84 79 94
    25 95 22 88 18 58 116 104 55 87 6 60 24 71 127 65 86 67 106 13 6 22
    3 114 32 13 33 37 69 60 123 4 101 64 27 43 22 49 39 110 31 127 58 8
    60 8 49 78 69 12 121 96 34 56 24 94 1 35 69 84 81 60 42 42 54 65 69
    62 58 63 65 65 72 78 71 65 67 64 57 57 58 53 48 49 53 58 67 73 66 55
    54 62 73 77 76 46 47 55 67 73 70 65 65 67 58 45 48 59 61 59 63 69 69
    65 63 64 64 59 50 41 38 45 56 62 65 61 57 65 78 80 72 63 62 67 70 69
    68 67 65 64 66 76 84 80 73 71 65 56 51 56 69 81 80 72 70 71 74 84 91
    81 64 52 52 61 69 68 63 64 69 70 68 70 67 63 66 67 59 54 62 71 70 62
    58 60 62 63 62 57 56 64 72 72 68 67 62 53 52 57 62 66 68 64 58 58 63
    62 61 64 68 66 60 61 69 72 70 66 59 56 63 68 60 50 51 54 51 44 43 52
    71 85 80 68 71 80 81 81 80 70 55 42 40 54 65 60 53 54 56 51 45 44 74
    5 4 101 33 94 25 25 1 10 29 124 78 13 23 26 102 11 24 66 90 4 18 107
    94 116 110 73 108 1 116 85 61 88 48 65 122 15 100 100 19 24 111 125
    101 106 122 46 36 28 60 73 67 62 37 21 6 107 90 92 19 118 25 36 57
    82 82 63 47 49 58 65 67 64 64 71 75 75 80 80 66 55 57 55 49 46 48 48
    51 59 66 65 67 73 69 60 56 59 67 75 78 60 61 64 65 62 59 57 56 59 57
    49 51 60 60 55 55 62 69 71 70 67 65 64 60 54 49 53 63 70 72 69 68 74
    83 85 83 79 77 72 62 55 59 68 71 69 67 73 80 79 71 65 62 60 58 59 69
    77 70 60 64 73 79 85 88 76 59 48 51 64 73 67 58 63 73 70 64 64 65 66
    70 66 57 57 63 68 68 65 62 62 62 62 61 58 61 67 68 63 59 62 60 54 54
    57 58 62 65 59 50 46 51 54 55 61 71 76 70 64 64 64 65 64 59 60 67 68
    63 60 62 62 57 47 39 45 68 87 81 66 65 70 71 71 72 69 59 46 40 50 62
    63 60 59 57 55 52 48 22 95 14 17 41 17 111 36 121 44 81 55 25 120 76
    45 66 4 12 33 101 42 110 69 117 55 57 56 78 115 78 74 112 81 123 101
    88 58 59 27 30 7 109 118 82 49 108 48 68 70 118 115 29 115 120 30 44
    5 0 70 88 23 19 24 86 75 80 68 61 65 69 66 61 59 64 75 81 81 81 80
    67 55 54 55 48 44 48 56 61 66 69 62 59 65 68 68 64 58 57 65 70 83 80
    74 65 54 49 50 49 51 55 58 64 71 72 65 57 57 65 72 76 78 79 77 74 69
    65 66 72 79 78 71 67 70 73 77 81 82 79 69 55 49 54 63 69 72 76 81 82
    80 71 59 54 57 59 64 73 74 63 55 61 75 82 81 72 57 47 47 55 67 73 65
    57 63 72 67 59 60 64 72 80 74 62 60 62 63 70 77 74 66 65 68 64 61 64
    64 56 50 51 56 55 53 59 61 59 65 71 66 55 50 55 57 54 59 74 82 76 65
    58 55 62 71 70 69 67 62 63 73 78 74 69 64 54 49 61 79 80 67 58 59 61
    63 65 68 68 58 46 46 54 61 65 67 64 62 64 61 23 17 91 64 91 10 36 49
    109 119 7 111 89 6 117 22 27 17 56 86 99 46 108 86 100 94 36 19 61
    97 36 90 42 92 25 52 97 61 46 46 38 5 34 75 3 115 65 121 57 86 34 65
    122 119 121 93 36 14 67 36 84 75 73 46 4 66 70 64 63 69 70 66 61 56
    58 67 73 75 76 74 65 57 56 56 52 52 58 64 67 67 63 55 54 60 65 65 60
    53 53 62 68 90 84 73 65 57 52 53 53 53 58 67 78 84 85 80 70 64 66 70
    74 81 88 86 80 75 70 68 74 82 81 71 66 65 64 66 73 77 75 65 57 58 61
    60 60 67 77 82 78 77 75 64 51 48 53 64 76 76 66 58 60 72 82 76 55 37
    37 47 56 63 67 65 63 67 72 69 64 62 63 73 82 74 60 55 57 63 73 82 81
    73 72 73 66 60 60 54 43 38 43 48 47 53 67 67 60 66 77 74 62 56 60 62
    59 61 73 79 73 62 53 51 61 72 74 72 67 60 64 78 83 78 76 76 68 57 58
    71 77 71 60 56 59 62 64 69 76 71 57 48 51 58 67 74 74 68 67 70 103
    67 108 94 49 101 115 111 51 69 68 103 46 125 50 120 54 94 92 49 31
    93 22 107 106 80 97 124 122 116 6 49 88 78 37 18 34 24 117 11 12 53
    95 49 79 82 25 25 47 89 31 68 58 56 58 93 109 1 7 16 27 49 18 88 50
    62 61 54 55 61 65 68 69 63 56 55 57 62 66 63 55 51 53 52 52 56 61 63
    64 63 58 56 61 64 61 57 51 47 51 63 70 79 75 67 62 59 56 58 61 61 61
    69 83 91 91 87 79 72 68 65 68 77 85 82 73 66 63 64 72 83 82 75 73 70
    64 63 67 71 72 67 66 71 73 65 58 61 70 74 71 70 74 70 55 42 42 56 71
    76 71 62 57 66 78 73 54 38 39 48 51 53 60 68 72 72 73 73 72 68 65 71
    76 67 52 50 61 70 73 75 75 76 80 78 67 58 53 48 40 37 42 47 49 61 76
    72 60 64 76 75 64 57 56 57 63 69 72 72 67 61 56 54 60 67 67 65 65 65
    69 74 74 69 68 69 64 57 59 66 71 70 64 61 63 64 62 63 71 76 67 59 60
    62 64 70 75 69 64 69 28 106 120 106 52 28 77 59 71 103 27 13 90 50
    74 41 20 98 91 29 112 88 21 35 60 16 21 54 46 1 4 54 115 61 98 105
    36 28 72 87 97 77 118 79 49 51 100 4 9 92 6 27 105 55 80 107 121 67
    78 125 69 55 47 3 72 66 63 55 51 54 59 66 73 72 60 49 47 52 58 58 52
    48 51 51 50 53 55 52 51 52 54 63 71 67 59 55 50 43 46 60 68 71 69 65
    60 56 55 59 64 60 55 60 76 89 91 89 82 71 62 59 65 73 76 71 62 58 60
    64 75 85 85 80 76 69 61 58 61 66 71 70 70 79 84 75 61 57 63 69 67 61
    63 68 62 48 40 47 61 72 71 62 57 63 70 70 62 54 52 51 47 48 57 66 70
    68 67 68 68 68 69 73 77 70 60 62 75 81 74 69 69 76 83 81 68 56 52 52
    51 52 57 60 63 69 74 68 60 66 76 74 66 61 57 57 69 77 75 70 67 64 57
    53 57 63 64 60 62 69 72 68 62 58 59 59 56 56 63 66 65 64 65 66 65 61
    55 52 60 69 69 68 71 67 57 58 67 67 62 62 75 38 95 23 77 33 14 82 66
    92 43 63 102 111 80 94 24 109 20 65 35 86 16 59 15 105 40 127 24 127
    89 84 86 102 18 59 63 83 65 61 0 71 89 1 104 62 9 104 82 127 27 17
    74 103 23 77 112 89 118 92 56 98 35 48 108 71 71 66 57 54 55 59 67
    71 60 49 49 55 60 64 62 57 58 59 58 60 57 44 36 41 56 71 72 64 60 60
    54 44 44 56 63 73 70 62 58 57 59 62 61 54 48 52 67 81 87 88 82 67 54
    51 57 65 69 68 63 61 61 63 72 82 84 82 75 61 51 50 56 67 73 70 68 78
    87 80 64 54 58 63 59 51 52 62 70 65 51 46 57 72 73 64 60 63 64 64 62
    62 65 63 54 49 51 56 60 60 59 56 54 59 67 75 80 78 71 73 84 89 84 80
    79 81 83 79 67 54 53 59 65 70 73 73 73 70 65 59 58 66 73 69 63 65 67
    67 74 80 78 76 73 63 50 45 51 64 71 69 67 68 69 65 57 54 60 64 61 59
    63 63 56 54 61 65 60 53 50 50 54 60 64 69 74 66 51 50 61 66 63 56 9
    8 18 22 104 55 10 103 79 81 87 40 116 62 51 70 106 22 40 71 55 5 19
    96 61 114 125 21 123 26 14 13 92 73 56 10 18 115 95 27 105 80 50 121
    126 79 68 32 100 54 36 20 86 36 126 94 23 12 73 79 105 71 109 114
    124 69 75 74 65 58 55 55 59 62 59 56 60 64 64 66 68 67 68 68 66 70
    65 44 30 39 61 75 69 61 63 66 61 53 51 56 60 75 68 56 54 61 67 66 60
    55 53 53 60 72 80 84 81 71 58 49 50 57 65 70 70 66 60 57 60 68 76 81
    74 57 45 45 56 71 77 67 61 72 83 78 64 57 57 57 52 51 55 63 73 75 63
    53 61 77 80 72 66 66 65 58 53 57 69 73 63 49 41 46 56 60 54 47 44 51
    61 73 79 74 65 64 73 83 89 93 94 88 80 73 62 51 50 59 68 75 76 73 73
    73 66 56 52 59 64 60 57 62 67 69 71 74 77 82 78 63 46 42 53 69 80 80
    76 70 66 63 56 53 63 71 69 62 59 55 47 46 56 62 60 56 56 58 57 55 58
    66 67 58 50 53 64 69 64 55 6 100 89 46 103 122 66 55 8 85 103 23 78
    31 117 66 108 127 104 16 103 118 125 74 57 101 37 63 108 23 90 92 31
    97 53 97 110 26 121 102 64 91 123 100 14 51 89 122 95 110 79 25 16
    67 0 1 22 87 13 112 24 10 72 31 65 62 72 72 64 59 57 55 53 55 62 68
    71 69 61 59 65 70 72 69 67 70 66 47 33 41 61 73 68 62 63 66 66 67 64
    61 61 64 60 54 55 62 68 66 62 61 60 55 55 65 76 79 78 75 68 60 57 59
    65 71 72 67 62 56 52 57 68 76 74 59 45 43 55 70 74 63 56 69 82 76 64
    63 65 62 60 66 71 71 73 74 66 57 61 73 79 76 70 68 66 57 48 50 61 69
    62 46 35 42 59 66 56 44 40 45 56 72 78 67 53 50 58 68 77 86 91 85 73
    63 55 51 55 62 67 71 72 71 75 81 76 58 48 52 56 54 54 55 59 65 68 68
    70 78 78 65 52 49 61 75 81 78 75 70 65 62 56 54 63 71 69 62 58 52 45
    46 54 60 65 65 64 62 55 49 51 54 52 50 53 63 71 70 63 59 93 6 101 89
    72 107 115 80 108 9 103 73 99 46 94 114 69 77 127 79 92 94 57 33 8
    69 123 82 86 74 4 98 45 82 43 105 118 90 56 63 98 77 104 18 28 120 8
    72 16 117 82 115 107 77 71 126 47 118 99 88 92 30 33 57 19 58 71 70
    62 60 60 57 52 56 68 73 69 64 58 57 64 72 74 72 68 65 60 51 46 51 65
    76 76 69 63 61 65 70 70 66 65 51 52 53 55 58 63 64 59 60 61 55 53 60
    69 72 74 76 77 74 69 68 72 74 72 71 73 67 58 56 62 68 70 63 51 47 53
    64 68 59 57 72 82 71 62 68 72 69 71 81 84 80 76 73 63 52 52 61 70 72
    67 63 63 59 52 50 54 60 60 47 35 41 61 73 62 46 39 40 48 65 72 64 53
    53 59 62 61 66 73 71 61 52 50 55 65 71 70 72 75 73 76 84 81 63 51 52
    53 53 52 51 55 66 73 72 69 70 69 65 58 58 68 77 76 70 67 64 61 62 60
    57 60 64 63 61 62 58 49 48 54 60 63 63 61 55 45 40 42 41 42 49 60 69
    75 70 64 64 96 39 40 122 117 45 91 9 119 39 105 79 94 48 63 2 82 102
    2 28 22 119 10 87 13 25 46 94 112 77 25 79 66 34 33 102 110 44 78 20
    35 41 87 104 0 107 84 52 75 38 45 11 78 19 19 78 71 62 95 118 127 47
    125 91 11 62 76 76 71 68 66 63 61 66 71 68 61 57 57 61 71 76 77 77
    73 64 56 55 57 64 76 87 89 79 66 60 62 66 68 66 65 54 54 54 54 55 58
    58 54 57 61 57 54 58 65 71 78 83 81 76 72 75 79 77 73 77 83 80 69 62
    59 62 67 69 64 57 55 60 63 56 56 71 75 63 59 66 68 66 72 83 87 82 77
    73 62 51 52 62 69 69 63 58 57 53 52 55 58 63 64 57 47 48 64 77 68 49
    38 36 39 49 57 60 62 69 72 66 55 50 55 57 50 45 48 54 62 66 66 71 73
    67 64 72 77 70 59 54 53 53 52 52 57 68 78 80 75 67 61 61 59 61 68 71
    67 65 62 56 57 65 67 60 56 58 62 63 64 60 51 51 58 63 60 53 49 47 38
    34 37 39 44 56 65 71 73 71 68 68 64 61 70 78 73 69 69 70 73 77 80 85
    81 67 60 68 80 80 66 52 48 50 52 52 53 60 66 66 65 65 65 65 68 74 79
    79 78 74 66 59 55 54 56 62 67 67 64 56 45 44 56 66 66 64 73 83 84 79
    74 73 75 74 72 62 55 67 80 84 82 77 72 69 70 73 70 61 57 57 57 64 76
    80 78 77 74 63 55 54 60 68 78 85 86 79 69 62 61 64 66 62 58 67 66 63
    63 60 54 50 51 57 60 56 55 64 75 81 87 89 81 71 71 80 83 77 72 77 82
    81 76 69 64 65 70 78 78 70 61 61 62 54 51 61 65 59 58 64 63 60 66 76
    77 73 72 72 67 60 63 71 73 68 62 59 52 45 49 59 65 68 70 69 66 65 70
    73 64 47 35 33 36 42 48 59 72 81 81 72 57 49 55 58 51 48 51 50 47 48
    52 59 60 51 47 59 72 74 65 57 56 59 61 60 58 62 70 75 73 63 55 54 53
    54 60 60 57 59 59 52 55 68 75 66 56 59 68 69 65 60 56 59 67 68 59 46
    44 47 41 35 40 47 54 60 62 63 69 75 74 68 61 59 66 70 67 67 71 72 69
    64 64 73 78 71 64 69 80 85 79 66 53 46 48 51 52 53 53 49 47 49 55 60
    68 79 85 80 71 67 65 64 59 51 47 56 69 72 65 52 42 45 62 73 70 66 73
    80 79 74 66 62 64 69 70 63 57 66 78 82 82 80 75 70 68 70 66 60 61 61
    58 62 72 77 77 77 72 61 53 54 62 71 72 68 67 71 70 63 61 65 67 61 57
    70 68 68 69 63 51 45 51 56 52 49 55 71 84 86 83 81 76 69 72 80 80 75
    73 73 72 72 72 72 75 77 76 80 84 79 66 61 63 59 52 55 60 62 65 71 72
    67 68 70 62 57 62 69 69 67 72 76 71 63 60 58 50 42 47 58 64 66 69 72
    76 78 73 65 55 44 37 39 47 52 54 62 75 83 84 79 66 55 60 65 60 57 58
    52 45 42 45 51 50 43 42 53 68 74 67 58 58 67 73 68 55 48 53 59 61 56
    49 44 45 49 56 56 53 55 56 53 55 69 81 76 61 59 67 69 69 69 67 67 67
    63 55 49 51 56 50 44 51 64 67 62 55 54 64 73 72 66 60 58 59 62 63 66
    70 68 60 50 49 61 76 78 70 70 79 88 90 82 64 48 47 52 51 46 43 43 43
    44 50 56 60 70 80 79 70 64 64 66 59 46 39 47 65 74 67 51 42 51 67 72
    64 56 61 69 72 72 67 60 60 66 68 60 55 63 74 77 73 71 70 63 57 61 68
    69 66 62 57 58 63 66 72 77 72 61 52 54 66 78 74 59 56 66 70 62 59 64
    67 62 59 64 62 60 60 56 49 51 59 59 50 47 56 71 81 79 71 70 72 72 74
    76 74 75 79 76 68 65 66 73 85 87 79 75 78 75 63 59 66 67 61 57 59 64
    72 81 84 80 76 68 53 46 54 62 64 66 73 77 69 60 58 56 51 49 53 60 63
    62 62 66 75 81 77 65 55 51 50 55 65 68 63 62 70 78 85 86 73 56 56 64
    66 66 66 60 51 46 46 51 53 49 46 51 64 72 66 55 55 67 75 69 50 39 45
    57 62 58 47 39 43 53 58 57 55 54 54 53 54 64 80 81 67 58 58 64 74 78
    72 66 61 56 59 64 68 68 61 57 65 76 77 69 61 59 64 65 61 58 59 58 58
    61 63 63 63 61 54 47 46 56 73 80 72 69 77 87 93 90 75 56 50 57 55 46
    44 52 57 57 57 56 54 54 61 67 69 68 67 65 56 44 38 42 57 68 67 55 46
    49 57 58 49 43 49 60 68 72 67 59 57 63 64 55 51 60 74 74 63 58 59 53
    48 56 71 75 68 60 55 55 56 57 63 70 69 64 59 56 64 76 73 58 55 66 70
    61 56 61 65 63 62 67 63 55 50 49 52 60 67 66 58 53 59 70 77 77 73 73
    74 72 70 68 68 75 85 85 76 69 69 78 88 88 80 74 71 65 58 58 66 68 64
    62 62 64 70 82 87 82 76 67 56 52 56 61 61 63 69 72 68 60 59 60 62 65
    68 69 69 63 56 58 69 80 84 77 67 63 64 68 74 75 68 61 64 74 84 88 78
    60 55 62 65 63 63 60 52 46 47 56 62 61 55 53 62 70 67 58 54 61 69 64
    47 37 46 65 73 65 51 45 52 58 58 56 57 54 48 45 44 51 67 77 73 64 57
    62 73 73 62 55 55 61 72 82 85 79 70 67 71 74 76 77 72 68 66 60 53 53
    58 61 63 65 63 58 56 53 52 53 54 58 72 80 71 66 72 80 83 85 79 61 51
    57 57 48 48 61 71 68 62 60 57 47 44 54 68 75 72 63 56 48 43 45 54 62
    65 60 53 47 46 46 41 39 46 59 68 69 65 59 56 58 59 55 53 59 68 68 58
    54 54 50 50 59 68 70 66 59 54 55 56 56 59 62 64 67 66 60 61 66 60 48
    52 66 71 63 56 56 58 58 57 76 70 59 52 52 57 62 63 62 59 58 61 69 79
    83 82 79 74 65 59 59 63 71 83 90 86 76 73 76 79 78 77 75 67 60 59 63
    67 66 65 69 72 66 63 74 82 76 67 64 63 63 65 66 62 60 63 68 68 64 65
    71 77 81 81 78 73 63 53 53 64 76 86 88 82 77 74 71 70 70 68 63 64 72
    78 80 77 66 59 63 60 53 53 55 51 45 49 60 68 69 64 59 61 66 69 67 61
    59 61 57 44 38 48 67 77 71 59 56 61 61 56 57 60 53 42 40 41 43 55 72
    82 78 70 68 67 57 45 41 47 62 77 86 89 84 74 69 70 71 74 78 74 66 62
    59 56 57 61 62 60 61 60 56 50 46 47 55 60 62 70 77 72 67 69 70 69 73
    73 59 49 53 56 49 48 59 69 64 58 62 65 54 46 54 66 71 66 60 58 53 49
    51 55 58 59 61 58 51 47 48 45 43 51 62 66 63 63 64 61 55 56 61 63 60
    61 61 58 59 60 57 60 66 66 63 66 66 64 66 65 61 61 62 62 63 63 60 60
    57 44 38 48 62 68 67 64 58 51 45 42 79 73 64 60 62 63 59 52 48 51 56
    62 71 80 84 82 76 69 61 57 59 62 65 74 82 80 72 68 66 65 66 71 71 64
    58 60 68 71 68 68 77 83 72 60 65 73 69 61 59 63 65 67 66 59 54 58 66
    71 69 70 78 84 83 80 77 68 57 53 57 65 71 78 86 91 89 83 74 67 66 68
    66 65 70 71 68 65 60 57 60 56 49 51 55 53 48 50 58 66 70 69 64 61 60
    67 76 73 63 57 49 41 42 54 70 76 71 63 61 62 59 56 61 65 56 46 48 52
    50 55 73 88 87 80 74 63 48 36 33 40 55 69 76 80 81 74 69 73 79 81 80
    74 63 57 60 63 63 61 54 48 49 54 55 50 43 44 53 59 60 67 74 72 67 66
    65 66 69 65 55 49 53 54 48 47 57 63 56 54 64 71 63 57 60 60 54 49 54
    63 64 60 58 56 52 54 61 65 60 54 55 54 51 58 68 68 63 63 70 68 59 58
    69 74 63 56 58 60 62 63 62 65 69 68 67 73 77 79 81 76 67 64 64 60 55
    56 60 61 50 36 37 48 56 61 69 75 72 60 47 41 73 69 66 68 73 71 62 50
    44 47 52 59 68 75 76 74 72 70 70 71 70 68 68 67 64 61 61 61 61 62 64
    67 68 64 61 62 70 74 67 64 74 81 75 63 60 65 68 64 60 62 64 63 60 56
    52 55 63 66 63 65 74 78 71 66 65 60 54 57 63 63 60 64 76 87 89 84 77
    70 67 70 69 65 65 64 60 54 51 55 60 59 58 61 61 58 57 57 61 68 69 66
    65 64 59 64 79 84 75 63 53 48 53 69 79 74 64 60 59 60 61 63 68 72 64
    54 57 62 60 63 78 88 84 77 72 63 49 38 37 44 55 61 60 62 68 70 71 80
    89 86 81 77 66 58 62 67 65 59 48 41 45 53 56 56 54 56 60 61 62 69 74
    72 65 59 59 65 68 63 56 53 54 52 47 50 62 64 56 57 66 68 59 56 59 52
    40 41 54 71 78 74 67 61 54 53 63 73 70 62 62 62 60 65 74 75 69 65 69
    72 67 63 71 75 62 50 54 61 61 59 60 65 70 72 74 77 79 80 83 81 71 65
    64 61 55 57 65 65 52 43 49 55 55 59 72 84 87 77 66 61 60 62 69 77 79
    73 64 58 57 58 58 58 59 62 66 69 72 74 79 81 76 73 74 67 54 49 55 61
    64 65 66 66 67 69 69 68 73 73 62 57 61 70 73 68 60 63 70 70 65 66 68
    64 61 64 65 63 61 58 53 58 70 73 62 52 50 51 55 64 65 54 48 54 64 71
    72 73 75 73 69 69 69 63 57 54 55 56 58 61 66 69 73 76 70 65 67 72 76
    77 68 60 62 64 61 65 79 86 80 71 65 63 69 81 84 71 57 55 54 58 68 74
    73 71 63 55 57 62 64 69 81 85 79 69 62 58 52 46 48 58 64 59 47 44 52
    61 68 77 83 81 78 77 67 57 62 67 65 60 52 48 54 61 64 68 73 75 73 70
    71 73 75 73 67 57 51 57 67 68 64 57 53 51 51 59 69 69 63 61 63 59 54
    55 56 48 40 46 61 74 80 75 68 64 59 56 62 74 76 68 63 62 61 63 68 72
    68 61 60 64 63 58 63 67 56 47 55 65 62 58 65 73 72 71 74 76 72 71 76
    77 67 57 57 60 59 62 69 68 59 59 66 66 60 63 73 82 83 78 71 68 48 55
    70 80 78 68 61 62 66 69 70 65 55 51 58 65 69 71 76 78 75 73 73 68 58
    52 56 60 60 62 65 63 64 71 74 73 73 68 60 56 54 59 68 70 65 66 71 67
    62 66 70 66 66 74 80 78 71 64 57 61 72 74 61 47 43 49 60 70 64 51 47
    51 51 50 53 61 71 75 71 64 58 52 45 42 50 63 69 68 67 71 78 82 79 73
    76 82 86 82 67 57 60 63 65 69 74 76 73 70 70 72 74 79 79 67 57 55 52
    54 65 70 64 57 52 51 56 60 61 67 77 81 79 71 61 56 55 55 60 69 71 60
    46 42 47 53 58 63 67 69 72 72 63 53 55 64 69 70 64 60 66 73 77 78 79
    79 76 73 73 72 71 74 75 64 50 51 67 78 76 65 54 52 60 71 79 78 73 68
    62 56 55 58 59 52 47 54 63 66 65 61 56 56 58 57 61 72 77 70 60 56 55
    52 51 56 58 52 46 46 47 45 48 54 52 51 61 67 63 62 74 78 70 66 73 75
    67 64 70 72 61 49 49 54 55 60 65 62 58 64 72 71 65 63 64 65 64 60 52
    48 46 51 63 75 73 61 53 56 61 67 74 73 60 50 50 55 60 64 69 75 78 72
    64 62 61 57 55 53 50 53 59 56 55 65 73 71 68 65 62 57 54 57 67 73 73
    71 67 59 55 62 68 68 69 75 81 83 81 77 72 71 74 73 61 49 50 59 68 73
    68 58 55 53 46 42 49 59 69 77 77 65 50 40 35 36 49 66 73 69 64 64 71
    78 83 84 83 82 79 73 66 64 66 68 71 72 67 64 66 68 69 68 66 68 68 64
    60 57 54 53 54 52 45 43 46 50 56 57 54 58 67 74 79 81 74 67 67 70 72
    71 69 64 59 57 57 55 52 51 56 61 63 63 58 50 49 60 75 80 76 70 70 76
    77 72 68 70 71 69 68 66 65 71 76 68 52 49 64 81 85 75 61 59 68 77 82
    82 78 72 65 59 56 58 63 61 55 54 55 55 54 50 46 47 54 58 61 69 74 71
    62 56 53 45 38 45 54 50 40 35 36 35 36 43 48 53 59 61 57 60 69 70 61
    60 69 70 62 59 66 69 62 52 48 49 52 58 58 51 49 57 66 67 64 56 49 48
    49 45 34 27 52 51 57 68 70 57 47 49 57 64 76 81 72 56 45 45 55 63 67
    74 80 72 58 54 57 55 51 48 47 49 55 53 51 62 70 64 61 67 67 60 58 64
    73 79 81 79 69 58 55 64 72 74 72 68 65 69 75 80 81 78 74 68 59 53 59
    71 74 75 74 70 64 57 51 51 56 62 67 75 79 73 57 43 38 44 58 69 73 73
    70 70 73 77 85 93 91 81 69 63 65 72 74 71 70 65 57 55 64 71 70 67 64
    63 66 69 65 59 57 58 55 49 42 41 47 53 56 54 52 56 63 67 76 88 90 84
    85 89 84 69 61 66 73 74 71 65 55 48 52 57 54 54 58 55 50 57 70 77 75
    70 67 67 63 58 59 64 68 69 65 60 58 63 70 66 52 47 58 74 83 81 70 66
    68 68 66 66 66 65 67 65 60 61 68 69 62 54 49 51 55 55 50 50 55 56 53
    57 67 72 69 62 55 45 38 46 59 57 45 38 38 37 34 36 41 45 52 57 57 56
    58 57 53 54 57 56 52 53 60 65 64 58 52 50 54 57 52 46 47 54 58 60 60
    51 40 40 44 40 31 25 53 50 54 69 76 63 47 48 59 69 80 86 78 59 45 48
    62 68 68 71 76 71 58 49 48 52 53 55 58 59 61 59 55 61 65 57 57 69 72
    66 67 76 80 79 80 83 78 66 63 70 77 80 73 60 50 50 61 74 81 77 68 60
    56 55 60 67 66 66 72 76 71 62 58 61 61 61 65 69 73 75 70 61 54 56 67
    74 74 75 79 84 86 85 88 96 94 80 66 60 66 75 76 70 64 56 49 51 62 70
    72 73 74 74 78 81 77 70 67 65 61 56 50 48 53 61 62 58 55 61 68 65 70
    85 93 90 90 91 83 65 53 63 79 82 75 68 58 51 52 53 50 54 62 64 59 57
    61 66 65 61 59 56 54 57 64 69 71 69 62 52 50 57 65 64 53 48 55 67 76
    81 78 71 62 51 45 48 54 61 69 74 73 74 75 74 71 64 53 50 56 60 58 59
    61 53 42 44 57 69 73 67 55 44 40 47 58 59 51 48 52 52 45 41 41 41 48
    61 65 57 51 51 51 47 42 41 46 52 57 64 66 62 54 51 53 53 51 52 57 60
    59 58 62 57 47 46 47 45 43 42 52 52 60 78 86 73 54 52 63 72 77 79 71
    55 48 59 73 72 65 64 68 68 58 44 42 51 59 65 71 73 71 65 58 58 57 49
    51 66 74 71 75 82 80 72 72 79 80 72 69 73 79 79 71 60 51 47 56 71 76
    68 58 52 53 56 56 52 50 53 62 72 70 62 61 63 61 62 67 68 69 73 77 77
    67 61 66 73 74 72 75 85 89 85 86 88 81 70 63 63 67 70 73 74 69 57 49
    53 65 70 71 78 86 89 91 93 92 87 77 64 54 53 55 57 61 66 69 65 60 66
    75 70 65 73 80 78 75 73 66 55 51 63 80 83 72 59 54 55 57 56 56 62 68
    71 67 61 61 63 61 56 53 53 59 68 77 81 78 70 58 49 49 56 63 64 58 53
    56 60 67 78 85 78 62 49 41 45 56 64 71 78 80 77 73 74 79 80 67 56 56
    60 62 67 70 60 45 42 52 66 72 66 51 40 40 45 50 51 51 57 64 63 57 54
    52 48 52 65 69 58 49 50 51 46 38 38 47 57 64 73 74 64 53 50 51 51 53
    61 69 70 67 67 71 69 60 53 52 54 59 62 59 63 75 86 86 75 62 59 67 71
    67 66 66 61 62 71 76 72 64 61 60 61 55 44 43 56 67 70 73 72 68 61 57
    57 51 41 44 60 74 78 80 80 74 68 68 71 71 67 64 69 77 79 72 66 64 61
    64 72 73 64 53 48 52 56 50 39 40 50 62 68 62 56 59 61 59 63 68 70 73
    76 81 82 72 62 63 70 71 67 68 75 77 73 72 70 60 52 56 64 67 65 71 81
    81 67 53 56 70 75 75 83 91 93 95 97 97 92 78 57 44 47 56 60 59 58 64
    66 64 73 84 78 64 61 61 60 61 59 51 47 53 66 79 83 74 58 51 57 63 64
    70 75 72 67 64 60 61 64 61 57 57 60 66 74 80 86 85 74 61 56 58 59 59
    61 59 56 57 60 64 76 85 82 70 59 55 58 64 66 67 69 68 61 60 69 81 85
    78 67 63 64 67 71 76 75 64 54 55 62 66 59 48 42 42 47 48 47 49 57 61
    60 63 67 65 59 59 67 71 65 56 51 50 51 49 48 54 64 74 82 80 68 57 55
    55 51 53 64 73 75 76 78 80 74 62 53 54 62 69 72 71 76 83 82 71 62 60
    63 68 68 60 62 73 79 82 83 77 71 69 64 56 53 54 53 57 69 79 77 70 63
    57 55 59 62 53 41 45 61 78 86 84 76 67 63 63 61 58 56 56 62 74 79 72
    67 69 71 73 74 72 64 55 52 54 53 42 30 34 53 69 68 56 50 56 60 59 61
    64 68 75 82 86 85 75 66 65 65 62 60 64 70 67 58 54 50 44 42 51 62 65
    63 70 82 84 69 53 54 67 78 81 85 88 89 92 94 91 84 73 57 46 48 55 57
    50 48 59 66 69 78 89 83 67 56 52 56 65 66 58 52 57 65 71 78 79 68 59
    60 64 66 74 78 70 57 51 52 61 65 58 53 58 64 64 63 68 79 85 80 73 73
    73 64 54 53 53 50 54 66 75 79 80 77 72 68 68 71 70 65 60 56 51 47 52
    65 75 79 77 71 66 67 69 67 70 80 80 67 56 57 59 54 47 45 49 55 56 50
    48 52 54 55 65 74 72 64 60 64 69 71 67 58 51 55 62 66 69 72 77 82 81
    72 64 63 60 52 50 58 65 69 77 83 79 69 59 55 61 70 73 74 77 78 76 67
    54 47 53 62 69 67 61 63 74 82 87 87 80 74 73 68 59 53 57 62 69 79 84
    79 68 56 49 52 61 65 56 46 52 67 80 83 80 70 58 50 50 51 52 55 59 65
    75 77 70 63 62 65 70 72 71 64 59 59 60 54 39 30 38 59 74 70 57 53 58
    61 62 61 60 63 73 82 87 85 76 70 66 57 48 50 63 70 63 53 48 45 42 44
    54 62 63 64 72 82 78 61 50 53 64 76 81 78 79 86 91 90 83 75 68 59 49
    47 52 56 52 51 62 70 68 70 79 81 70 58 56 66 77 79 73 67 64 64 66 71
    74 72 70 69 64 59 61 64 60 52 46 51 66 69 56 46 52 59 56 51 56 70 79
    81 82 86 83 68 53 50 49 44 49 70 85 83 74 68 65 65 70 72 68 62 55 49
    46 49 59 68 71 72 71 69 67 68 66 58 59 74 81 69 54 52 55 53 49 47 53
    65 66 57 51 54 59 64 70 75 70 59 52 55 63 71 73 66 57 59 70 80 83 78
    74 77 78 72 65 65 64 57 52 54 55 58 69 76 69 58 56 62 71 74 70 67 75
    71 62 52 46 44 51 62 68 70 66 62 62 66 73 80 80 77 76 73 68 65 65 66
    69 74 74 67 58 48 45 53 61 59 49 44 52 67 74 72 68 60 47 37 37 44 55
    64 71 76 79 78 73 65 58 55 60 70 72 66 62 66 70 63 49 45 55 70 74 66
    58 58 61 65 67 64 58 59 68 77 81 77 72 71 66 53 42 47 62 68 62 60 60
    58 53 52 59 64 60 63 76 84 75 58 53 58 64 73 75 68 68 79 86 84 79 71
    64 57 49 45 52 61 62 59 62 63 56 54 65 75 70 60 63 74 80 78 75 71 67
    67 71 73 71 68 70 72 67 59 52 49 51 54 51 55 68 70 54 45 49 54 54 54
    59 68 73 77 84 88 82 68 57 54 52 46 49 68 84 81 70 63 57 54 57 60 59
    57 55 54 55 62 71 73 72 73 72 70 68 68 63 55 58 71 72 60 50 49 52 56
    55 53 61 75 78 67 60 63 72 78 78 73 65 55 50 54 63 70 74 72 67 68 75
    82 83 78 70 69 70 68 65 65 66 64 60 59 57 57 64 66 56 45 47 56 65 65
    57 52 71 63 51 48 51 55 58 61 63 66 67 59 50 52 61 72 77 79 77 72 71
    75 74 68 66 68 64 53 47 46 50 59 60 50 42 43 50 58 62 63 61 54 45 37
    36 44 61 75 80 81 83 84 81 75 64 55 60 73 77 70 67 71 73 66 59 61 70
    74 65 53 50 54 58 64 70 68 61 57 62 72 75 69 66 69 67 57 50 55 62 59
    57 66 75 73 64 60 66 66 54 52 66 76 72 63 63 67 66 65 65 61 59 65 70
    71 72 68 62 58 55 53 56 64 69 66 59 51 43 43 56 66 65 61 64 70 70 65
    63 62 60 64 74 81 77 69 66 69 71 70 62 51 49 54 55 57 65 65 54 47 51
    57 61 65 69 70 71 76 83 83 72 64 61 56 55 58 62 70 76 75 68 61 51 43
    44 50 55 59 62 66 67 71 75 73 71 74 74 69 66 64 59 58 64 69 63 53 52
    54 57 61 62 61 70 83 86 77 69 69 73 77 75 67 60 57 60 66 69 71 72 70
    72 78 78 74 73 73 67 62 61 63 67 67 65 64 64 64 62 59 59 57 47 37 36
    41 47 49 44 40 68 61 52 56 66 68 64 58 55 59 62 56 45 46 58 68 73 74
    69 63 67 77 80 75 71 71 64 50 46 54 64 71 65 51 45 47 47 45 49 58 61
    56 53 51 46 49 65 79 81 79 81 85 86 79 69 64 69 79 80 73 71 73 68 60
    59 64 69 64 50 42 44 48 53 62 69 73 71 63 61 70 76 73 66 65 67 67 65
    65 62 53 49 60 73 72 64 63 70 65 49 44 55 64 65 66 72 73 65 57 57 59
    57 56 55 59 62 59 56 60 67 68 64 65 68 68 63 53 43 44 53 58 60 63 60
    58 57 55 57 58 55 58 72 85 84 73 65 65 71 78 77 66 56 55 57 61 65 64
    60 57 56 59 63 67 69 69 71 76 82 77 62 57 59 55 58 73 81 77 71 70 68
    63 53 46 47 51 57 63 69 71 67 65 64 60 60 68 72 69 66 62 56 58 65 64
    56 51 54 60 66 68 63 62 70 81 85 79 70 64 60 61 65 65 64 65 70 74 73
    72 67 60 66 77 75 66 69 75 70 62 57 58 63 62 58 60 62 59 54 51 53 56
    51 42 37 36 39 45 46 45 63 58 55 64 74 72 62 55 54 58 62 57 48 49 58
    65 66 62 55 56 68 79 82 80 76 73 66 56 55 64 75 79 71 59 51 49 45 41
    43 52 57 56 57 60 59 58 67 74 71 70 74 79 80 75 70 71 77 79 74 68 68
    72 68 61 60 63 64 56 45 44 48 50 56 64 69 75 77 72 67 71 80 78 68 65
    70 73 71 65 60 55 50 53 62 62 57 60 65 59 49 51 60 65 64 66 71 69 60
    54 56 62 62 57 55 59 61 53 48 55 67 73 69 64 61 65 68 61 53 55 62 63
    65 68 61 52 53 58 62 61 57 58 69 82 81 71 64 63 66 72 81 80 72 64 63
    67 67 64 67 69 64 61 62 62 63 67 72 77 78 70 56 54 58 56 62 81 89 81
    70 64 64 66 66 62 59 58 60 64 68 68 63 56 50 47 52 61 67 71 71 65 57
    59 66 62 52 46 51 61 71 71 63 60 67 75 76 70 64 56 49 49 57 63 66 67
    69 72 75 75 66 54 58 73 75 69 73 79 77 68 59 55 56 53 49 55 59 52 41
    40 52 69 70 59 51 48 50 56 61 63 54 52 54 62 68 65 59 56 58 61 65 62
    58 59 62 63 62 56 50 55 70 81 83 80 75 73 71 69 69 72 75 78 77 69 60
    53 50 48 49 51 53 52 50 53 58 63 67 65 58 59 68 70 67 66 69 73 76 73
    65 60 63 70 73 69 63 62 62 53 45 50 59 62 66 70 67 67 70 70 69 71 75
    72 66 68 73 75 69 59 59 64 60 56 58 55 52 58 63 56 50 57 68 70 66 63
    61 56 55 60 63 62 61 60 61 67 67 58 51 51 58 66 68 62 55 59 66 65 62
    69 75 74 73 72 64 56 60 67 66 63 62 63 68 73 73 69 68 68 66 67 77 85
    82 72 66 64 60 57 65 75 75 72 69 63 60 66 71 73 71 62 53 56 61 62 66
    73 79 79 73 63 57 64 74 71 61 58 59 58 62 68 68 58 45 43 52 59 65 71
    71 64 60 64 70 65 52 43 47 59 70 69 65 68 76 76 68 59 56 54 49 48 53
    59 62 62 63 70 77 77 68 57 61 76 82 76 73 73 71 66 57 53 56 55 50 53
    58 53 40 37 54 79 85 74 66 68 67 65 68 72 54 53 52 55 59 62 62 61 60
    60 65 65 62 62 64 67 70 66 58 58 69 79 81 76 71 73 80 82 79 72 68 74
    82 82 71 60 55 55 53 52 54 53 45 42 50 59 62 58 51 51 61 62 56 57 64
    66 66 64 61 62 66 71 73 67 59 60 62 52 44 55 69 74 76 73 62 54 56 62
    69 74 71 63 62 70 79 78 66 55 57 67 69 67 65 59 56 62 68 61 52 54 64
    67 64 59 53 51 60 72 71 60 56 61 67 72 72 70 66 59 56 61 66 61 53 54
    62 67 71 74 74 70 69 68 62 61 67 68 63 62 68 71 67 62 64 73 80 79 73
    71 76 81 78 69 59 51 46 45 56 73 83 82 74 65 61 63 66 68 65 56 52 59
    66 71 69 63 66 76 78 68 57 61 71 69 58 54 53 51 58 71 76 65 49 43 50
    58 66 70 65 57 58 68 74 68 54 46 47 58 66 66 69 79 85 78 63 52 55 63
    61 54 54 57 58 56 61 71 76 73 66 62 69 81 87 80 70 63 60 56 48 49 59
    65 60 58 64 63 51 43 53 71 78 70 69 77 73 60 58 63 65 62 55 52 58 67
    71 69 64 58 60 64 60 53 55 68 78 76 69 66 69 75 76 69 64 70 81 80 71
    64 63 71 85 88 77 61 53 52 51 54 60 60 52 47 49 53 55 56 54 51 56 60
    59 58 59 57 54 54 59 67 72 72 69 61 53 59 64 53 47 59 71 75 73 66 55
    49 53 63 75 82 75 63 60 69 78 77 65 54 55 64 73 76 75 73 70 70 72 68
    59 54 57 60 61 60 58 59 69 81 80 66 60 65 71 74 76 78 76 66 58 61 68
    64 52 50 58 66 69 66 60 58 60 59 56 60 66 63 56 59 71 76 67 56 60 76
    86 81 73 71 74 74 70 63 53 44 41 44 51 64 77 78 70 66 66 67 69 70 66
    57 55 62 70 76 72 62 60 69 73 70 66 64 64 61 57 52 47 46 56 71 79 74
    62 52 50 57 67 67 58 50 55 70 76 68 60 55 53 57 63 66 71 80 80 71 58
    51 60 73 71 61 56 57 54 51 58 70 73 68 65 65 68 76 84 84 76 67 62 53
    43 42 54 65 64 63 71 72 61 51 49 55 58 55 61 76 73 55 48 51 77 73 61
    53 58 69 75 75 67 55 53 61 59 50 50 63 74 75 73 71 67 66 65 59 54 59
    68 67 59 57 60 66 76 82 75 60 51 50 49 55 65 67 61 54 50 48 52 60 63
    60 62 68 70 67 63 57 51 48 51 62 67 65 64 63 58 60 64 57 51 58 67 67
    62 55 49 51 60 68 75 79 75 68 62 61 67 69 64 56 54 60 66 70 74 81 85
    79 71 69 67 60 55 55 62 67 66 66 71 79 83 75 68 68 70 71 74 75 71 63
    58 63 74 70 54 47 53 58 56 50 48 53 57 55 52 56 62 58 51 53 66 76 71
    62 67 78 79 68 60 63 68 69 68 64 58 51 51 56 55 55 64 69 67 70 75 74
    72 73 70 62 61 69 79 80 73 65 62 61 62 66 71 70 64 58 54 52 48 47 54
    67 76 78 75 69 62 64 69 67 57 48 56 69 69 63 66 70 65 58 57 61 67 72
    70 63 57 55 63 74 71 59 54 51 48 47 54 64 70 71 68 64 63 71 83 90 86
    81 73 59 45 40 49 60 61 62 72 75 66 54 46 45 47 51 61 75 75 59 45 41
    78 75 63 51 51 62 71 72 63 50 49 56 57 54 55 60 66 69 72 69 58 52 54
    54 51 51 58 63 60 59 57 55 61 74 76 66 59 57 52 52 62 65 59 51 46 46
    54 67 71 70 71 73 72 70 68 65 57 49 47 57 60 53 55 65 64 61 62 58 52
    57 66 66 55 45 41 47 60 65 62 62 68 72 67 58 60 68 68 61 54 51 52 55
    63 78 89 83 71 70 73 69 59 56 66 74 67 60 62 72 78 73 68 68 66 64 63
    62 60 57 57 65 76 74 60 53 55 56 52 45 45 52 58 57 53 53 57 58 52 51
    62 73 72 71 79 82 71 59 55 59 65 70 71 70 67 64 66 66 58 52 58 67 71
    74 76 71 65 65 66 64 66 77 87 83 73 69 64 58 58 62 68 71 70 65 58 56
    55 50 49 55 65 74 80 79 72 68 69 70 62 50 56 68 63 57 67 79 74 60 51
    52 61 69 68 64 63 63 69 75 71 61 54 48 44 46 51 58 65 70 67 60 61 73
    87 91 88 87 81 65 50 45 55 66 65 61 67 71 64 53 46 46 55 65 74 78 75
    63 46 36 69 67 59 49 47 54 63 65 55 47 51 53 51 54 60 62 62 67 72 69
    58 51 54 60 59 55 59 67 68 66 60 55 60 74 82 75 68 65 54 46 51 55 50
    46 43 47 59 67 67 68 70 69 66 65 64 61 57 54 57 64 61 46 46 59 64 62
    62 61 57 62 70 67 53 40 34 39 52 59 56 56 65 75 72 65 69 77 75 61 49
    44 44 46 54 70 82 79 71 70 75 75 66 62 72 76 64 52 54 66 70 65 65 67
    62 54 52 52 55 58 61 65 69 71 70 69 68 68 63 57 53 53 56 58 55 52 54
    58 59 59 66 72 69 70 81 81 68 61 61 63 67 71 73 75 76 74 72 66 57 50
    55 66 72 71 69 65 59 59 63 65 69 78 86 81 74 70 61 54 58 61 58 61 70
    73 67 64 66 58 45 41 50 65 76 75 69 64 64 69 64 50 54 69 70 64 69 76
    73 60 50 51 59 66 67 64 65 70 78 82 78 68 58 49 43 46 53 57 61 64 62
    55 58 76 88 84 77 79 77 66 53 52 64 78 76 67 63 61 57 53 50 54 67 81
    85 78 72 68 57 49 55 56 58 56 52 52 60 62 53 50 56 53 46 49 60 67 71
    76 78 74 68 65 66 68 66 61 62 67 69 68 65 65 69 77 81 76 70 67 55 44
    46 49 46 43 43 49 58 60 56 55 57 58 62 66 61 51 48 55 67 71 61 46 44
    58 67 69 69 68 65 67 70 65 53 42 37 40 49 57 60 62 68 75 74 71 76 80
    72 55 45 48 51 51 58 70 76 71 67 70 76 75 69 68 72 69 56 49 54 60 61
    63 69 68 57 47 49 53 56 65 72 70 65 67 73 74 73 74 72 67 59 53 54 56
    55 55 57 60 63 69 77 79 73 68 70 69 64 63 64 63 66 70 72 76 79 75 69
    62 53 48 53 64 69 63 60 63 64 68 72 74 77 81 81 77 74 69 55 50 61 66
    58 53 62 73 72 71 74 68 51 38 42 59 73 75 72 66 62 65 61 50 56 74 84
    83 79 74 68 61 57 56 55 55 57 59 61 69 80 85 78 66 57 51 49 53 61 67
    67 67 62 54 58 75 83 75 66 67 69 63 56 57 68 81 83 75 64 54 48 47 51
    59 71 83 83 72 68 74 77 75 40 46 60 69 67 62 65 64 55 55 60 53 44 46
    56 68 81 85 80 73 71 70 68 67 65 62 62 68 72 70 66 69 75 77 76 76 74
    70 60 51 52 53 47 42 41 44 49 50 47 44 46 50 59 70 69 56 48 55 67 68
    58 51 55 68 80 82 78 73 68 67 67 64 57 52 51 53 55 58 64 69 71 73 71
    68 68 69 63 51 46 55 64 66 71 75 70 63 62 69 76 74 69 70 70 59 47 48
    57 58 56 64 72 65 52 49 57 61 59 67 79 79 69 62 62 61 63 69 71 66 57
    51 55 59 61 65 67 63 61 70 83 88 83 72 62 59 61 62 58 54 58 65 67 70
    73 72 68 62 54 51 57 67 66 57 55 62 69 75 80 83 84 83 76 71 71 66 53
    52 65 73 66 55 60 74 76 74 74 72 61 49 45 55 70 79 80 71 64 65 62 55
    61 80 93 93 85 75 64 58 59 58 50 44 46 55 60 66 76 82 74 63 59 60 61
    61 67 75 78 75 66 56 60 73 77 71 64 63 63 58 57 63 72 81 85 78 64 49
    40 40 50 61 69 75 73 65 62 72 83 87 33 40 57 72 78 79 79 71 58 55 58
    52 45 45 51 64 80 84 75 69 67 64 60 59 58 56 60 74 84 79 68 70 79 77
    74 79 81 74 63 55 55 55 50 45 42 39 40 45 47 49 52 53 56 66 72 66 57
    59 67 67 62 64 69 76 85 88 83 75 69 66 67 66 65 65 67 68 65 63 69 76
    74 70 65 59 54 58 60 54 51 60 71 78 79 73 62 56 59 69 76 72 68 74 76
    63 50 54 64 62 59 64 69 65 57 60 69 67 59 62 75 80 71 57 49 49 56 65
    68 64 57 55 63 72 75 76 77 69 61 67 81 89 88 77 65 62 62 58 52 52 56
    60 63 65 68 71 70 65 61 60 65 71 68 60 58 63 68 73 76 78 77 73 68 65
    68 65 57 58 67 72 66 57 62 74 75 69 67 67 67 63 55 52 60 72 77 69 65
    72 71 62 66 83 93 88 81 70 56 50 56 58 51 43 43 53 63 69 75 77 72 67
    67 69 67 61 63 72 76 75 68 59 60 66 67 66 66 64 57 49 51 64 77 85 86
    77 62 49 39 38 49 63 69 68 65 60 58 66 73 75 43 47 54 63 75 84 85 77
    64 54 52 50 45 42 47 62 78 80 73 70 66 59 55 53 50 48 56 76 88 81 71
    75 84 79 72 78 82 73 60 52 51 53 52 54 52 45 43 48 54 63 66 57 51 58
    67 66 60 64 71 72 73 75 74 74 79 85 84 77 69 65 68 70 71 74 75 75 74
    73 76 79 74 63 55 48 45 53 61 59 58 64 72 78 75 64 55 53 59 70 75 70
    68 81 89 78 65 70 76 71 65 64 65 67 67 69 70 61 51 55 68 75 71 58 51
    52 59 68 70 66 62 62 71 81 82 81 81 75 65 66 77 84 84 77 71 71 65 54
    52 58 63 64 65 66 68 70 69 69 72 70 71 74 70 67 67 67 68 69 68 65 61
    58 58 62 67 68 65 65 69 67 58 55 61 67 63 56 55 56 60 64 61 53 50 59
    67 63 63 73 76 67 69 83 87 80 74 65 53 52 61 64 56 45 41 50 65 76 77
    72 68 69 70 68 62 56 57 62 65 69 70 65 61 59 56 56 60 61 53 42 44 60
    76 86 87 78 67 57 48 43 47 58 65 66 63 59 61 64 65 64 55 55 53 54 62
    70 75 77 72 60 54 53 47 42 48 65 76 73 65 62 58 53 49 49 50 52 60 72
    77 72 71 81 86 75 66 72 79 71 57 49 47 48 52 59 63 59 55 55 59 68 71
    58 50 58 65 62 58 63 68 70 74 76 72 73 78 82 81 75 68 63 66 70 71 75
    78 77 76 76 76 75 67 56 49 45 44 50 57 57 60 67 71 74 68 55 48 50 57
    66 71 69 72 84 90 83 75 79 81 73 68 67 67 69 70 71 67 53 44 52 64 70
    71 68 64 61 64 70 70 66 65 67 70 74 74 76 79 74 64 63 71 76 75 71 72
    77 72 58 52 55 63 70 71 67 64 63 66 76 81 75 69 68 64 63 66 66 65 63
    58 54 52 50 52 59 65 68 69 70 70 63 54 55 62 60 50 45 45 46 50 58 63
    58 55 59 62 59 58 66 73 72 72 79 79 73 70 66 62 64 69 69 60 46 41 49
    68 82 82 73 69 70 70 65 55 49 50 51 55 65 72 70 63 57 51 47 51 58 56
    45 44 57 72 80 80 73 68 63 57 53 50 50 55 61 64 65 69 70 65 61 59 56
    51 49 52 55 63 75 76 67 65 62 53 49 56 68 73 63 51 47 47 47 46 48 56
    64 71 73 68 66 74 85 82 66 59 66 74 69 56 47 42 42 49 59 67 68 65 60
    57 61 65 59 57 65 70 64 56 57 57 58 66 70 69 71 74 74 74 73 67 59 61
    67 69 74 78 75 70 70 71 67 61 55 54 53 52 53 54 52 57 65 69 69 61 48
    43 47 53 59 64 68 75 81 79 75 74 76 74 69 70 77 78 75 74 76 73 58 49
    55 61 61 66 74 73 63 57 58 58 58 64 70 68 64 65 71 75 69 61 63 69 68
    62 60 66 77 77 66 55 48 53 69 77 69 60 59 69 83 86 75 64 59 55 54 56
    56 57 55 49 48 51 49 51 59 62 64 66 66 63 61 60 64 67 58 45 41 43 46
    51 61 68 70 71 68 59 51 50 57 66 72 74 77 76 72 69 69 71 68 64 65 64
    55 51 59 74 85 86 80 76 75 73 67 54 44 44 47 51 60 69 73 70 61 53 47
    48 56 59 52 51 57 66 71 67 58 56 59 64 66 61 53 51 54 61 71 79 79 72
    67 60 57 51 48 48 49 58 70 70 64 65 63 56 56 64 71 69 59 48 45 48 52
    54 55 60 67 73 74 70 70 75 78 70 57 54 61 65 61 51 43 39 41 48 55 64
    68 65 60 54 52 55 55 57 67 74 70 59 52 48 50 58 65 69 72 71 67 69 69
    60 50 54 63 66 68 70 66 62 64 66 63 58 59 63 66 65 64 60 55 57 64 67
    65 56 49 50 53 56 61 64 67 73 74 68 67 71 73 70 68 74 84 87 84 83 86
    84 70 60 60 60 57 62 74 76 62 46 37 37 46 61 72 73 68 65 70 73 70 67
    70 72 64 54 51 58 68 72 69 61 50 49 64 77 74 64 62 74 86 85 74 63 56
    53 54 52 48 51 55 53 53 57 54 55 62 64 64 64 59 56 60 68 74 73 61 49
    46 50 54 59 64 68 73 77 70 53 43 44 48 57 70 79 82 80 74 71 70 70 63
    56 59 65 66 66 71 76 78 79 80 80 79 77 71 60 50 51 57 60 60 65 74 78
    70 60 57 56 58 59 56 55 57 61 64 60 48 47 58 72 77 70 62 56 56 61 73
    86 87 80 76 66 63 55 49 47 46 51 57 54 50 52 52 52 60 69 72 68 62 59
    58 59 62 64 62 59 58 64 71 77 77 71 66 60 52 54 61 61 54 46 43 45 48
    49 50 56 61 57 53 51 52 53 50 51 64 77 76 63 53 48 48 55 65 74 80 77
    72 71 65 50 40 48 61 65 63 55 47 50 60 65 62 60 64 69 69 69 70 65 58
    60 64 63 62 61 63 67 67 65 67 68 64 63 65 62 62 68 73 73 73 75 81 85
    87 87 85 82 76 66 62 63 65 71 81 83 69 47 30 28 41 58 71 79 77 70 67
    69 71 71 72 70 62 54 53 59 64 63 63 62 56 50 56 68 72 66 65 75 83 79
    69 60 52 52 58 60 54 53 58 60 61 63 61 61 66 66 63 60 56 56 60 66 74
    75 68 61 61 64 65 62 58 55 59 68 68 57 49 48 49 56 72 85 86 78 70 67
    64 59 53 49 54 64 70 74 75 67 60 62 72 83 85 80 74 68 62 64 71 75 69
    63 67 74 72 68 70 70 68 64 59 56 58 60 63 60 49 47 60 76 79 71 60 57
    60 66 75 86 87 77 71 73 71 62 52 49 48 46 45 42 43 48 48 50 63 73 73
    68 65 67 70 69 67 66 62 55 52 56 69 83 83 71 64 60 54 59 68 69 59 49
    48 54 58 56 54 57 56 50 47 51 59 60 53 52 67 79 74 64 60 54 48 53 67
    79 87 86 81 76 67 51 42 49 61 66 60 44 33 41 60 69 66 63 67 69 65 62
    64 62 55 55 58 56 58 66 72 74 70 66 66 64 54 50 54 56 59 67 72 75 75
    73 75 82 88 87 78 74 74 68 62 62 66 76 86 86 77 62 44 37 49 63 73 79
    79 70 64 64 65 64 63 60 58 59 62 68 71 62 52 50 50 45 46 57 66 69 70
    76 81 76 66 56 47 47 58 67 63 54 52 52 57 63 64 66 68 65 59 54 55 60
    59 58 62 67 70 72 75 77 73 62 53 46 45 54 65 69 69 67 64 67 77 83 79
    68 60 58 53 45 42 45 56 66 70 74 70 55 44 49 66 84 88 80 73 69 63 60
    68 78 74 60 54 56 61 68 77 81 82 77 64 55 57 61 61 57 49 48 59 72 76
    67 55 52 59 65 72 78 75 63 56 73 73 69 60 56 55 51 46 46 55 62 57 54
    65 75 73 67 65 68 71 70 69 67 62 54 51 58 74 87 85 73 69 66 58 60 72
    76 67 55 51 56 62 65 66 65 57 48 47 56 64 65 59 60 72 77 70 68 72 63
    47 47 63 77 84 85 82 77 69 61 54 55 61 62 55 43 37 47 66 73 66 58 61
    65 62 62 66 63 52 47 48 47 49 56 63 65 64 65 65 56 44 42 46 49 59 70
    71 69 69 70 73 82 91 90 77 70 69 63 55 50 54 68 80 83 81 76 63 55 61
    69 75 78 74 68 68 67 61 58 56 52 53 60 68 77 79 66 47 43 45 40 40 52
    65 73 76 78 80 75 68 61 54 51 58 65 60 50 42 40 47 59 65 68 69 66 60
    54 57 62 59 54 54 59 66 71 74 76 68 54 49 47 43 44 57 71 81 82 76 73
    78 80 75 66 59 54 48 41 40 50 64 72 71 68 60 46 42 48 62 78 83 76 70
    64 55 52 61 72 70 56 49 49 54 65 77 85 91 86 69 55 52 54 53 50 48 48
    55 66 72 68 57 53 58 62 64 66 63 54 49 65 68 69 64 57 58 62 61 62 72
    78 68 60 66 73 70 66 66 68 67 66 68 69 64 56 55 66 80 83 76 67 66 64
    56 57 69 74 69 62 58 57 60 64 67 69 61 50 51 62 69 67 63 65 72 73 69
    74 81 72 52 45 57 71 74 72 72 69 64 63 64 61 55 51 52 54 57 63 69 69
    58 46 49 60 68 74 79 72 57 50 49 46 42 41 46 55 63 69 65 50 38 40 44
    45 55 69 71 63 60 64 72 82 89 86 75 66 60 52 44 39 44 59 74 80 83 81
    73 68 69 70 72 74 72 69 73 71 60 56 54 51 52 59 68 79 83 72 57 54 54
    47 43 50 61 68 72 74 75 73 71 72 69 63 60 57 51 48 49 49 53 64 70 70
    67 67 64 60 61 62 58 58 61 65 69 67 65 63 54 44 45 51 47 40 45 60 75
    82 77 72 76 82 81 73 63 53 47 45 49 58 69 73 69 60 48 39 43 51 59 71
    77 75 70 62 55 56 63 69 64 53 51 55 57 64 75 85 90 82 68 56 49 47 46
    48 51 51 53 62 72 71 62 55 55 57 59 61 62 59 56 54 55 59 60 57 62 73
    76 71 75 79 70 64 67 67 67 70 74 75 70 66 68 70 63 55 56 69 78 73 64
    59 58 55 50 53 64 70 69 70 69 65 61 59 61 68 64 51 52 68 76 73 67 67
    72 73 70 74 81 76 61 53 60 67 63 55 55 59 61 65 69 63 50 48 60 70 71
    70 66 60 49 39 40 54 71 84 86 74 61 59 61 59 51 44 46 56 68 71 64 49
    39 43 48 46 47 57 64 59 54 57 67 78 84 82 74 64 56 48 41 38 43 59 75
    82 82 76 70 68 67 65 66 73 76 74 72 69 59 52 51 53 58 66 75 82 82 77
    71 71 69 60 52 51 54 60 63 66 71 75 77 80 76 66 59 53 47 54 67 74 76
    76 72 67 64 64 65 65 63 61 60 64 70 76 79 73 64 56 48 46 51 56 54 44
    41 52 69 78 75 73 77 81 81 74 62 50 45 47 53 59 64 66 64 54 40 33 40
    51 59 69 79 80 73 65 60 61 67 68 59 51 53 58 59 63 73 84 83 69 60 57
    53 50 49 50 53 54 57 65 71 67 58 50 49 52 58 67 70 66 63 50 48 51 59
    65 72 82 78 65 65 69 64 63 64 62 66 74 78 78 76 73 76 75 64 51 51 64
    70 64 61 61 58 54 51 54 63 66 67 73 77 73 68 61 58 64 64 54 56 72 80
    75 67 66 74 78 75 75 78 73 61 57 62 66 60 52 51 57 67 75 75 66 54 55
    68 74 69 64 60 54 47 40 37 45 63 80 81 68 58 60 67 71 69 64 60 61 67
    70 66 56 47 48 54 55 51 49 51 51 50 52 59 69 78 83 81 73 63 54 44 39
    46 66 82 86 78 68 63 61 60 61 67 77 81 75 71 69 61 51 48 55 69 80 86
    84 80 79 80 78 74 70 65 58 57 62 60 60 70 80 82 78 65 52 51 52 49 56
    74 87 87 73 60 58 59 59 61 64 63 61 62 66 71 78 84 79 68 56 53 58 62
    63 63 56 51 57 70 75 73 74 76 76 75 71 61 52 47 50 56 59 60 60 58 50
    41 36 41 52 61 69 77 77 71 64 60 60 64 62 55 53 56 59 57 59 70 82 78
    63 57 59 58 57 54 50 52 60 69 73 66 56 50 49 51 54 63 71 69 62 59 59
    55 54 65 77 83 84 75 61 57 59 57 57 59 61 66 67 66 70 75 79 84 84 70
    52 47 55 61 60 62 63 60 56 57 61 63 60 62 69 77 82 82 71 58 58 62 59
    63 71 73 68 61 59 68 80 82 76 70 61 52 52 58 63 63 59 54 55 67 80 79
    69 62 63 69 67 62 60 57 49 46 45 42 45 59 73 73 60 51 54 61 70 77 76
    67 58 58 65 69 65 56 51 55 62 61 54 45 42 46 52 57 62 71 80 84 81 70
    55 44 42 55 74 87 87 78 69 63 61 62 68 77 84 80 71 72 75 70 58 50 59
    77 86 85 80 79 84 87 80 73 75 77 70 67 67 59 59 73 80 78 70 53 40 44
    51 51 53 63 77 75 57 44 49 56 57 58 61 61 63 64 66 70 76 79 74 65 57
    57 64 66 66 68 66 63 66 69 66 65 67 69 70 74 73 64 57 57 59 61 60 59
    56 51 49 48 49 53 60 67 68 65 63 61 59 57 56 57 56 52 54 60 61 56 55
    64 77 78 71 67 64 59 56 50 44 52 69 81 78 65 55 57 62 65 67 71 69 58
    52 53 66 60 57 69 82 86 83 72 59 54 53 54 56 59 63 63 56 54 62 72 78
    84 84 73 58 50 51 54 57 59 58 53 53 61 65 62 60 63 69 77 88 92 77 55
    48 56 62 65 66 65 62 55 49 56 73 77 65 53 46 45 50 55 59 59 55 46 43
    55 70 74 67 63 67 69 65 62 65 61 51 52 59 60 58 64 74 73 59 50 52 57
    66 74 71 60 51 51 60 70 72 62 49 46 53 62 64 57 48 50 59 64 66 68 71
    77 79 70 56 50 53 64 76 82 84 84 80 74 71 73 76 81 83 73 65 69 74 71
    62 56 63 77 78 72 71 78 89 92 80 68 70 77 76 71 64 56 61 75 76 69 61
    50 42 46 55 57 54 56 64 64 50 41 50 63 66 68 68 67 67 66 65 70 75 75
    67 58 53 57 63 63 63 67 68 69 71 63 53 54 61 61 63 71 75 70 67 71 70
    63 58 57 53 47 46 54 63 68 70 73 71 63 58 56 55 54 54 57 58 54 54 59
    63 62 60 64 72 78 79 78 72 60 51 44 43 56 75 82 76 68 67 73 78 76 74
    75 65 50 48 52 60 55 55 67 77 79 77 66 53 49 52 57 58 60 64 64 58 56
    62 71 77 77 75 72 66 58 53 53 58 62 59 54 54 60 60 57 65 78 82 83 87
    89 75 50 39 48 62 68 67 67 64 56 48 52 65 63 46 33 34 44 55 58 55 47
    40 35 34 43 57 65 64 63 69 75 69 65 70 70 63 64 77 82 72 65 72 77 66
    56 58 64 73 74 65 55 52 53 61 75 81 68 47 35 40 57 75 77 66 61 66 69
    71 68 63 67 72 69 62 60 62 67 71 72 79 89 93 90 84 77 69 71 75 69 62
    62 64 63 60 59 62 66 63 58 61 73 86 88 72 55 53 60 63 60 56 53 58 69
    68 59 52 51 51 53 58 63 64 64 67 65 55 50 63 79 84 84 82 80 75 67 62
    66 73 74 64 52 47 53 59 55 54 60 65 73 75 62 45 46 56 57 56 65 76 81
    83 81 74 63 55 54 53 46 45 57 71 74 72 76 80 77 69 62 54 50 57 69 70
    61 55 57 68 74 74 73 72 72 76 80 76 64 50 43 48 63 75 73 67 68 75 82
    81 74 70 71 63 49 47 52 54 51 53 64 71 74 73 62 49 46 52 58 58 59 65
    66 64 62 64 71 77 74 70 73 71 63 55 54 60 66 64 58 57 60 57 54 69 87
    93 88 85 85 73 48 34 44 61 70 70 70 67 58 50 54 64 57 37 24 29 44 59
    61 53 41 33 31 33 40 52 61 63 64 71 78 72 66 71 75 69 70 85 92 77 63
    68 77 71 60 61 71 80 78 64 56 56 56 62 79 86 71 47 33 36 56 81 87 75
    67 68 69 71 67 60 62 68 68 66 65 65 67 67 67 76 90 97 96 89 76 62 63
    71 68 61 58 58 58 58 59 60 59 55 52 58 70 82 83 66 46 42 49 52 52 52
    51 55 63 63 54 48 50 55 56 59 66 70 71 71 68 59 56 71 88 93 91 88 86
    79 67 60 63 72 74 63 48 44 52 57 51 48 55 64 75 79 63 44 44 54 56 53
    61 77 88 91 85 75 63 55 54 53 47 46 59 72 74 71 77 85 86 78 67 55 50
    61 77 78 65 56 58 70 81 81 78 73 68 72 79 78 66 51 45 52 67 73 67 61
    66 77 83 79 70 66 69 62 49 47 51</data></your_img>
</opencv_storage>
