<?xml version="1.0"?>
<opencv_storage>
<norm_v>8.2357149052161833e+02</norm_v>
<input type_id="opencv-matrix">
  <rows>256</rows>
  <cols>256</cols>
  <dt>u</dt>
  <data>
    160 39 239 238 95 88 0 0 160 39 239 238 95 88 0 0 79 60 0 63 107 69
    27 98 40 108 12 49 76 53 107 40 30 116 49 37 115 124 111 15 42 116
    11 8 73 63 90 56 3 33 17 14 34 38 109 103 124 104 41 77 77 15 117 66
    124 105 100 55 1 10 41 85 94 68 115 7 8 89 45 74 33 103 50 59 97 22
    108 37 86 49 116 18 31 91 54 109 98 91 7 2 12 70 39 122 109 83 93 39
    92 6 2 5 61 46 48 30 28 76 120 31 58 15 72 61 120 127 48 39 46 122
    38 85 5 109 56 41 29 58 74 110 70 127 45 98 19 62 49 44 87 41 6 41
    18 53 26 24 36 46 115 90 19 21 24 23 108 83 26 34 127 18 67 70 41 25
    52 97 53 59 51 117 49 38 84 90 88 24 123 50 56 12 25 41 74 1 108 66
    124 59 68 11 16 122 20 88 102 88 93 112 93 60 125 21 13 101 99 70 76
    62 123 59 18 60 2 98 10 27 13 36 63 122 121 103 37 99 41 101 72 1 30
    109 123 37 120 85 91 110 101 75 86 96 60 28 2 117 26 24 125 111 41
    53 49 71 94 56 51 58 119 12 78 22 1 55 60 77 24 93 86 49 13 19 127
    103 54 71 91 44 23 54 98 117 83 6 106 88 111 94 115 94 121 8 48 101
    41 124 86 81 122 33 104 99 72 105 110 25 42 63 64 54 37 124 37 33 60
    117 93 4 41 4 59 55 125 85 19 10 111 57 116 86 125 9 4 44 63 90 26
    41 46 105 110 84 74 63 93 111 107 21 98 35 56 118 61 69 69 63 85 116
    83 123 30 1 38 0 112 39 18 39 12 90 88 96 61 107 29 98 88 15 92 43 2
    114 10 2 0 83 46 121 36 48 48 54 75 0 127 28 4 30 75 127 5 112 86 4
    125 25 98 46 127 82 77 84 14 123 85 84 28 55 117 81 24 90 47 0 53 55
    59 63 100 45 95 77 113 45 3 57 58 91 63 55 65 94 112 4 19 127 100 0
    113 122 98 101 52 16 17 69 22 68 60 47 44 35 101 77 27 69 75 25 39
    108 14 100 25 79 86 72 35 52 117 95 52 24 0 21 6 17 7 46 7 29 5 106
    112 72 30 10 24 38 50 3 27 29 31 4 86 20 106 92 32 9 121 24 2 55 12
    120 40 65 47 76 109 69 35 74 28 47 13 2 109 7 86 123 16 108 98 81 80
    70 44 77 9 96 43 109 93 104 7 92 51 24 24 75 56 120 100 18 25 74 9
    98 108 31 33 115 104 104 73 90 82 23 81 29 42 101 12 57 94 79 123 51
    81 76 71 34 126 34 40 18 127 110 72 23 108 0 66 3 52 56 28 78 67 95
    29 124 91 2 15 44 99 20 60 64 26 89 109 86 24 68 102 10 80 22 44 125
    30 70 109 20 17 66 119 116 100 68 82 122 2 86 54 111 6 26 3 30 19
    127 6 52 120 108 81 3 41 4 114 20 83 5 0 83 98 4 33 44 77 122 104 32
    16 121 85 88 118 35 5 107 24 54 83 96 71 44 119 106 34 124 117 101
    62 0 88 123 45 62 127 45 49 109 83 11 98 90 43 110 86 46 109 111 98
    120 42 58 104 70 125 47 85 40 81 111 12 94 88 48 75 85 10 14 25 107
    112 53 102 36 52 99 105 78 42 54 105 11 32 90 115 40 88 69 122 14
    123 87 75 31 72 1 26 74 89 78 56 85 31 87 20 48 17 56 102 55 75 91
    123 36 90 6 35 67 9 19 95 68 111 20 1 26 82 97 11 65 83 127 126 30
    28 47 51 79 47 100 96 10 81 69 101 92 24 40 103 4 102 7 91 35 108
    115 110 110 72 87 126 80 9 74 30 39 85 86 67 33 84 28 43 48 87 15 22
    56 58 33 59 17 66 51 40 112 78 96 116 7 2 90 15 28 20 5 83 124 105
    92 88 104 93 13 68 77 70 30 10 79 35 107 66 69 25 101 106 36 13 73
    49 105 56 124 97 5 117 113 79 64 124 41 83 87 125 22 94 119 109 99
    85 56 55 15 47 10 99 9 25 39 60 68 15 72 90 0 0 22 93 116 96 57 24
    119 46 122 21 21 111 58 54 81 37 115 80 116 35 64 35 38 109 28 104
    14 110 92 15 46 8 69 7 77 74 96 57 56 96 52 51 43 99 50 29 104 12 60
    1 85 112 44 48 74 97 120 47 69 101 64 56 111 7 98 43 9 12 72 126 17
    42 114 72 27 25 127 117 14 118 67 121 22 63 49 20 93 85 83 33 51 56
    18 2 51 98 80 125 56 61 94 47 16 120 89 53 116 24 107 100 0 50 112
    37 54 49 75 90 64 69 70 1 105 67 87 82 79 115 91 103 107 76 15 33 18
    44 54 65 110 93 74 26 99 34 42 100 122 96 35 122 83 68 47 16 75 117
    66 20 4 103 76 50 118 120 120 6 124 106 28 52 2 7 17 97 99 127 23 97
    19 106 44 50 35 126 107 85 69 5 64 66 58 126 44 29 94 74 72 42 76 17
    7 70 77 67 125 35 75 110 19 92 48 36 109 56 69 75 45 75 31 120 64 40
    88 49 54 55 11 2 22 127 63 83 56 42 88 57 112 15 122 32 117 34 106
    51 119 46 94 1 60 1 70 99 16 89 4 51 16 13 81 124 103 42 33 82 14 23
    57 107 97 99 56 85 89 95 119 124 74 126 15 13 123 34 91 116 89 117
    112 119 87 74 33 45 124 71 30 124 81 71 23 119 19 81 122 123 116 96
    29 61 14 46 60 83 92 82 16 75 102 89 5 25 1 118 40 37 41 17 89 47 64
    108 60 101 18 77 3 82 64 69 95 17 80 114 72 100 23 80 45 35 117 45
    88 22 12 84 68 112 117 93 75 51 66 20 94 107 51 43 48 8 33 112 98 18
    73 81 69 97 85 3 15 98 65 60 30 43 107 6 98 39 41 30 43 41 73 59 33
    23 82 88 105 89 113 57 19 79 25 36 49 77 63 100 50 113 25 80 56 21
    110 86 111 68 18 58 29 68 74 13 26 68 81 3 66 69 30 96 35 104 31 75
    101 86 83 44 67 35 126 85 125 48 45 12 78 70 83 127 43 84 36 109 92
    112 87 119 104 43 93 96 106 76 114 4 57 102 40 56 26 93 114 53 59
    109 120 77 113 23 75 91 13 71 15 81 36 35 77 127 91 42 22 88 37 51
    18 24 57 109 85 16 99 52 19 16 91 111 82 102 69 81 99 0 35 50 53 121
    81 123 25 59 87 48 94 65 32 13 110 46 40 78 40 11 119 78 79 92 62 23
    98 53 70 14 29 93 92 122 34 103 24 20 75 19 88 6 80 127 84 74 118
    127 127 107 3 17 3 115 20 38 82 96 89 120 3 100 125 63 82 69 87 63
    31 25 119 122 10 82 103 80 27 101 118 117 70 53 119 101 103 27 4 106
    62 56 80 68 49 61 68 76 51 42 120 121 95 125 56 34 122 113 41 35 94
    6 12 114 3 113 41 94 98 39 76 8 21 24 115 94 105 105 60 81 103 23 14
    13 111 103 106 115 57 43 66 95 99 95 68 75 5 96 112 81 93 47 112 60
    34 37 48 123 88 112 8 93 29 102 53 16 42 29 68 46 76 109 26 15 103
    80 47 34 115 33 11 67 119 106 31 82 104 47 46 24 57 13 52 85 123 70
    31 10 25 40 127 3 53 92 67 61 43 34 62 47 109 16 70 89 13 48 112 54
    79 94 65 123 31 6 111 42 84 18 96 74 19 68 91 58 102 126 48 3 120 62
    119 9 127 65 30 62 125 63 66 112 125 34 36 44 112 73 17 6 93 31 40
    122 1 30 23 32 64 81 104 88 121 95 89 110 1 29 30 66 4 8 34 70 112
    11 53 31 34 29 66 116 54 6 123 12 106 71 14 38 100 64 51 30 116 31
    15 16 11 4 55 98 122 60 84 37 10 118 18 40 75 0 39 17 89 8 74 111 26
    71 89 112 97 82 35 82 55 5 14 14 30 44 114 42 56 95 13 122 22 48 32
    21 57 12 32 102 25 14 122 53 104 49 21 2 32 70 16 8 80 78 83 4 92 98
    12 103 120 126 124 87 3 93 108 114 26 15 76 55 95 20 89 9 117 31 45
    45 84 22 73 85 91 114 23 36 92 56 111 106 60 33 25 109 48 107 107 49
    40 59 61 67 121 69 40 78 84 74 12 96 96 110 79 120 34 63 14 40 42
    123 47 38 123 101 37 1 25 50 87 21 11 31 11 27 45 61 13 13 35 68 48
    50 17 116 82 122 37 107 118 20 31 36 73 73 71 5 25 70 81 123 47 120
    95 93 33 72 8 68 87 102 56 65 111 30 38 21 28 29 35 118 81 65 3 21
    108 117 124 19 31 90 108 79 61 99 28 78 69 61 49 125 60 65 42 121 13
    20 57 90 123 117 3 99 79 125 42 106 46 126 51 83 111 123 47 47 33 96
    72 68 27 79 98 39 13 59 111 34 100 110 19 89 31 95 116 97 59 103 41
    100 103 56 65 122 120 35 122 55 82 113 104 36 50 46 102 15 86 118 42
    97 87 92 36 49 25 35 104 13 54 15 32 118 104 46 113 84 57 35 35 98 6
    25 27 119 69 68 14 30 98 105 16 124 108 98 41 100 41 91 67 18 47 107
    22 75 79 84 62 71 78 67 76 37 63 76 79 9 124 117 115 27 0 80 42 112
    11 23 81 10 110 15 64 90 99 14 44 96 35 110 79 71 49 33 45 98 112
    126 1 3 63 117 88 47 44 71 100 25 21 8 79 69 106 11 33 47 60 46 49 0
    64 49 73 107 77 42 120 80 19 56 92 88 58 0 50 118 73 122 77 41 77 7
    1 82 10 15 51 120 62 93 76 85 51 10 45 116 80 14 74 4 87 6 121 27
    115 78 60 60 16 70 66 121 73 121 89 118 37 3 15 65 113 14 90 14 1 10
    124 45 112 55 14 91 44 103 41 94 38 98 90 98 90 16 39 85 53 118 96
    54 23 11 80 0 81 112 31 74 54 85 107 96 42 82 108 82 104 82 8 6 98
    109 105 34 88 86 95 126 40 14 36 116 69 1 19 77 56 34 39 21 29 78
    105 31 106 10 38 121 98 103 101 29 66 74 59 83 11 117 126 81 68 96
    80 1 94 98 83 83 88 21 6 103 47 24 15 51 21 87 5 54 105 105 12 37 50
    119 29 74 21 44 127 100 86 62 68 106 15 20 5 65 6 47 82 96 73 3 57
    78 19 115 94 48 87 109 61 38 43 49 32 77 40 52 20 10 25 119 60 72 54
    53 43 19 113 31 108 63 127 8 71 17 21 22 117 52 14 96 42 90 44 22 79
    110 17 66 114 7 25 54 88 63 123 1 93 33 114 121 55 40 98 7 92 76 126
    126 18 44 99 59 99 127 47 15 114 59 54 30 17 97 57 25 28 48 99 83 33
    6 90 94 53 106 126 70 42 55 17 49 63 35 1 55 32 67 98 118 121 105 34
    91 115 59 81 122 101 55 8 50 90 101 85 19 70 114 4 103 6 14 9 96 94
    47 38 104 40 114 54 24 73 98 60 62 103 115 2 25 72 64 30 124 21 66
    80 82 15 116 8 112 52 46 15 90 4 6 11 60 30 69 19 83 39 47 100 27 94
    91 109 127 31 115 113 24 20 39 70 45 96 92 39 27 100 25 110 98 103
    32 17 88 112 78 31 45 13 70 4 1 45 117 90 100 98 122 105 12 62 73 20
    12 16 101 5 117 112 107 31 51 93 59 2 39 53 97 1 77 110 115 81 21 76
    69 44 25 71 103 99 93 14 83 5 125 49 70 121 126 99 27 78 65 122 116
    66 94 78 71 78 22 49 43 64 82 51 25 103 108 72 14 104 88 86 63 27 3
    52 67 64 5 122 11 1 82 4 75 25 85 97 71 6 119 108 123 58 111 122 85
    34 106 120 7 104 63 33 62 30 3 68 39 81 85 47 6 25 73 16 122 70 106
    68 29 104 102 2 53 77 63 93 47 76 51 126 121 47 117 29 80 105 106 38
    123 12 67 47 18 70 115 38 20 95 18 66 3 37 104 107 111 118 7 14 45
    37 12 10 120 100 89 48 48 23 85 73 4 6 2 95 63 127 51 119 88 114 8
    103 123 107 2 115 31 119 9 12 109 40 55 106 91 50 100 18 25 58 26 61
    86 47 40 66 105 73 125 39 67 27 20 40 11 113 60 78 28 51 89 96 95
    109 33 62 120 125 63 119 8 70 25 51 81 46 77 103 85 18 10 36 124 60
    52 63 93 76 1 82 58 83 62 90 0 15 6 24 97 83 61 112 23 27 5 127 75
    40 95 110 14 127 31 78 96 3 83 0 6 115 59 90 11 80 24 34 106 6 109
    14 14 19 53 113 126 43 51 19 16 50 104 92 117 23 125 2 76 77 46 67
    62 86 4 1 81 8 62 98 90 63 65 47 37 79 120 108 76 124 92 63 59 93 98
    121 127 116 49 108 14 4 41 84 10 66 8 30 121 4 116 86 43 8 87 77 3
    113 30 89 3 55 65 68 72 46 22 44 65 95 94 9 54 16 97 108 60 71 37
    113 47 39 127 25 28 118 21 106 104 69 115 13 27 30 125 122 15 111 83
    74 36 3 123 31 123 23 16 60 3 72 78 64 66 69 53 118 78 79 73 68 73
    63 92 61 67 29 72 80 125 24 32 98 58 40 82 43 94 26 2 13 82 4 12 55
    108 31 116 15 121 95 38 69 93 5 84 2 40 69 104 67 8 73 29 18 89 66
    58 57 66 121 99 102 5 126 127 123 119 99 92 18 57 80 107 72 105 57
    17 13 94 62 34 111 66 85 67 66 65 93 111 69 115 107 92 18 22 68 125
    49 72 68 34 35 63 79 24 11 71 13 2 77 114 115 18 101 83 124 101 90
    108 49 77 119 55 97 93 36 45 99 124 97 32 107 44 13 94 8 100 63 72
    25 64 38 43 112 42 35 108 56 99 80 106 79 17 76 126 62 105 51 16 119
    44 113 38 37 14 29 13 67 58 78 88 62 107 23 32 117 112 71 75 67 65
    54 102 104 0 47 12 124 59 98 3 1 84 43 115 87 74 53 26 30 11 35 123
    67 116 19 63 43 21 61 116 5 29 118 118 5 33 74 113 10 76 23 85 70 6
    117 124 90 16 62 125 47 78 58 70 57 121 8 59 28 34 92 28 69 29 27 32
    16 58 88 101 18 49 42 28 96 34 116 81 67 117 113 72 126 42 70 125 77
    9 10 84 30 120 61 83 75 1 91 114 37 104 90 116 7 122 78 27 18 11 116
    93 29 73 53 75 17 37 84 77 84 118 13 11 82 123 71 63 58 111 20 67
    105 50 36 114 86 44 112 3 99 82 23 124 92 2 120 20 93 78 51 16 4 8
    48 32 77 96 76 112 98 87 4 9 46 55 118 107 51 1 6 73 60 103 43 25 93
    80 87 69 97 125 68 118 37 78 120 2 37 49 12 119 3 4 46 33 105 72 44
    34 120 90 114 113 15 78 81 107 67 111 97 110 113 55 100 102 55 104 6
    23 67 117 0 45 21 23 83 123 66 60 40 74 70 13 103 2 84 27 113 123 19
    45 78 76 124 94 94 100 27 23 10 54 82 66 123 92 118 122 60 93 116 57
    117 10 112 98 67 82 62 111 21 46 99 78 48 120 111 92 13 91 42 73 70
    39 5 55 94 23 94 6 121 50 78 41 45 34 57 91 50 10 97 109 107 98 85
    105 14 108 76 35 125 64 47 79 89 116 20 19 51 93 44 110 26 108 10 49
    120 59 68 67 116 46 17 49 118 36 58 64 5 48 80 68 77 60 8 54 99 17
    40 74 88 0 44 73 6 88 108 47 89 51 6 28 63 32 125 11 68 49 5 110 83
    103 34 16 32 8 24 79 15 59 112 67 70 21 25 108 89 114 85 107 56 32
    105 2 59 26 59 113 78 76 5 60 33 66 9 124 9 120 112 10 96 43 106 29
    70 13 80 30 20 85 127 85 22 78 80 126 49 25 94 40 76 2 46 115 120
    116 86 62 72 17 85 92 54 85 45 112 38 41 49 57 54 122 124 77 87 35
    49 96 99 81 84 44 22 7 22 72 77 72 82 97 124 102 8 127 26 95 86 109
    2 97 109 94 68 5 36 3 54 11 21 103 29 76 31 109 45 21 65 25 27 49 32
    22 44 69 99 93 27 47 5 65 37 68 68 88 84 51 41 53 62 122 62 16 48 33
    34 33 122 25 91 52 39 34 48 92 23 120 65 58 49 92 46 122 61 51 36 66
    127 61 62 113 56 114 27 104 99 115 86 124 66 126 30 29 112 84 34 10
    35 124 71 16 14 93 14 98 46 85 71 104 105 79 34 19 59 114 30 40 21
    70 33 83 44 105 122 13 21 114 22 79 12 50 96 111 113 57 94 76 95 6
    80 111 28 99 92 124 39 124 22 33 95 57 21 80 3 25 40 60 98 7 39 111
    9 58 118 24 60 21 66 61 82 112 99 101 115 30 52 91 45 62 32 82 126
    21 119 24 2 80 60 39 44 86 52 56 109 43 113 59 120 115 10 25 76 105
    110 63 100 112 6 6 113 86 82 0 53 78 75 30 55 22 47 19 79 73 41 110
    26 77 51 9 76 87 11 76 10 102 79 0 43 48 122 30 81 47 104 117 102
    103 123 72 7 46 25 20 40 33 121 7 28 34 99 35 27 127 96 105 97 10 52
    78 17 48 113 108 21 92 53 58 50 106 36 79 84 72 98 36 98 92 90 104
    90 89 35 85 35 98 28 94 49 95 96 58 55 73 56 31 125 68 117 34 112 23
    59 118 64 42 117 90 125 107 85 102 117 12 100 34 38 31 93 81 123 94
    19 108 91 29 123 30 78 15 50 105 97 47 34 32 115 8 56 37 106 0 103
    64 53 33 88 71 60 5 76 87 30 19 36 79 90 78 45 118 85 9 36 8 25 26
    94 36 37 25 86 50 74 71 67 10 107 119 87 88 118 103 20 45 32 118 35
    67 34 10 36 25 45 91 25 55 40 31 106 102 13 102 46 0 64 123 107 62
    43 42 70 91 99 48 118 20 77 118 4 70 100 39 91 108 82 95 3 34 83 19
    118 70 96 38 0 102 105 117 126 101 116 60 70 126 36 97 72 90 28 56
    83 71 39 79 4 113 74 65 38 30 17 36 45 85 35 52 115 94 12 9 13 114
    11 33 58 84 7 27 127 47 3 64 30 100 39 100 13 64 87 73 70 79 82 42
    116 39 84 17 117 29 33 124 106 12 26 30 122 120 107 35 126 69 82 5
    124 36 13 84 42 5 72 125 60 124 43 60 91 121 49 40 127 113 32 42 17
    9 96 78 101 73 74 20 96 2 87 10 28 99 62 55 5 94 74 88 37 10 44 98 1
    77 2 61 6 48 30 44 125 8 99 71 24 118 50 33 75 52 28 55 102 71 39 86
    99 57 97 69 9 27 10 87 86 98 93 39 12 67 12 31 31 25 4 64 103 90 61
    24 71 92 104 114 10 86 10 10 109 121 53 93 46 18 59 81 43 24 97 58
    15 5 127 111 26 4 111 74 107 96 39 70 97 32 13 120 83 108 29 29 123
    22 125 5 69 94 107 48 2 26 69 21 16 1 10 101 91 17 11 77 85 101 37
    76 123 65 116 39 84 6 26 61 60 77 5 4 5 15 23 23 18 75 9 49 120 116
    104 38 89 57 53 53 48 124 21 67 25 43 119 85 51 107 57 87 116 86 110
    85 67 44 48 24 15 47 89 104 3 25 117 119 92 44 77 27 45 111 39 25
    105 69 76 32 10 91 10 39 106 5 53 95 47 56 60 18 27 1 79 5 125 9 41
    93 111 15 46 122 97 47 62 18 116 61 81 43 107 55 126 72 120 47 9 108
    72 23 8 123 95 29 30 110 92 97 92 94 97 114 97 64 38 119 28 126 73
    50 47 33 46 0 67 111 18 61 97 33 27 36 15 30 98 30 45 52 96 8 25 81
    21 17 117 81 73 58 126 5 10 49 110 29 97 63 97 87 109 51 88 51 27 87
    49 83 36 87 89 58 31 107 88 114 53 92 54 71 14 103 7 19 105 56 37 81
    85 2 43 62 55 60 49 123 42 42 8 48 69 72 11 12 35 79 119 91 33 37 11
    36 56 39 109 71 84 105 46 59 105 52 32 6 75 17 93 5 5 27 14 112 9
    123 37 41 117 51 29 42 21 102 110 112 115 111 72 54 12 29 65 100 72
    20 3 65 99 10 24 121 104 74 19 18 54 56 90 80 28 99 65 99 8 80 81 41
    118 86 46 51 112 31 91 97 44 103 10 39 104 31 92 10 46 103 3 68 104
    87 55 19 39 74 57 124 97 12 119 60 118 96 65 104 124 87 53 66 50 10
    57 104 36 31 73 80 41 101 119 6 120 51 95 5 55 92 17 37 41 27 58 85
    44 101 84 14 30 125 19 43 0 125 12 28 43 114 74 126 101 120 41 98 85
    35 0 87 89 12 103 15 55 47 19 65 68 14 23 104 75 18 115 60 45 84 118
    110 101 115 126 79 47 89 42 93 81 120 126 34 84 58 64 97 110 78 53
    53 12 3 70 114 93 100 23 75 38 125 109 57 54 118 83 123 7 123 24 100
    42 99 89 107 73 110 89 60 36 91 98 90 71 47 116 25 66 45 66 79 127
    74 48 1 115 24 33 48 34 47 83 28 126 72 36 44 35 41 36 26 103 84 57
    52 99 38 74 45 13 66 113 35 41 126 98 80 45 121 60 78 117 33 100 91
    109 34 53 1 125 115 40 79 104 77 81 115 86 40 42 98 74 115 88 76 82
    73 34 67 95 74 105 88 70 119 90 71 23 62 31 119 111 33 76 103 20 76
    93 93 3 54 72 56 29 27 73 73 125 42 14 29 126 119 79 112 79 79 4 105
    42 17 94 94 42 78 82 44 9 70 74 92 48 66 123 15 49 121 105 8 87 108
    14 120 8 89 93 11 95 70 41 72 85 114 10 72 18 98 40 73 12 114 33 31
    88 7 32 58 51 36 64 112 123 64 16 108 103 31 45 117 75 20 66 67 106
    51 35 66 26 97 102 28 101 37 104 91 4 14 58 33 19 112 112 25 22 45
    33 22 118 52 38 5 86 26 104 118 51 19 31 3 10 37 57 14 43 3 94 69 60
    35 119 50 21 43 34 109 25 83 22 29 92 58 28 91 14 6 87 96 104 60 41
    76 30 60 1 29 31 98 59 24 71 79 6 101 112 16 101 118 116 71 43 112
    61 91 51 56 75 13 100 34 47 49 6 99 122 86 73 8 113 55 13 94 62 23 0
    63 101 44 69 67 14 81 35 48 59 114 61 31 119 59 25 65 82 59 61 122
    97 60 86 19 112 66 60 97 18 60 97 60 89 20 13 46 35 1 8 33 62 85 37
    64 119 92 55 77 95 96 58 85 123 23 27 14 2 85 50 118 24 7 89 80 52
    54 113 84 6 17 111 102 103 63 104 66 122 68 74 95 45 119 109 60 110
    56 83 127 71 22 16 35 74 117 47 91 48 27 31 107 21 96 72 91 62 13 62
    73 110 86 0 38 55 47 57 94 92 43 1 5 124 123 88 126 50 39 70 79 55
    94 56 73 18 64 97 63 127 5 85 94 23 61 91 84 86 82 110 65 88 16 62
    80 123 95 12 121 21 120 34 43 3 97 82 94 30 5 77 1 28 26 3 36 126 77
    21 122 9 96 12 103 24 106 84 33 20 18 91 8 13 75 29 81 120 92 116 28
    45 31 49 67 72 5 82 30 26 120 67 103 93 81 99 50 95 100 43 3 38 126
    114 42 109 18 97 31 43 77 30 95 47 38 91 78 90 73 114 57 115 53 72
    76 57 82 82 1 28 107 80 61 6 72 96 41 34 57 67 111 105 103 103 35 55
    113 68 44 74 61 79 126 58 102 107 9 56 71 24 54 76 80 103 80 93 112
    68 96 19 90 45 107 91 32 30 47 39 67 81 32 127 19 32 76 5 80 51 112
    105 0 54 94 72 79 63 28 20 72 12 1 52 92 43 7 127 52 119 63 109 67
    69 10 1 123 42 83 49 113 112 43 10 107 123 78 6 59 76 124 41 35 25
    78 115 45 1 62 34 16 41 122 120 18 114 76 101 125 105 46 79 55 103
    53 119 101 94 86 123 86 44 122 112 29 5 125 117 88 62 13 60 78 80
    105 87 60 28 21 55 22 74 102 102 87 121 126 0 26 7 105 71 47 27 109
    46 125 70 19 0 12 122 106 14 12 80 56 56 78 74 50 91 101 41 106 73
    103 26 37 30 67 95 51 21 125 9 17 40 3 63 89 78 46 44 110 35 29 95
    47 61 114 14 28 93 29 80 18 109 99 102 114 78 79 54 82 83 125 60 85
    58 123 48 30 86 19 40 99 89 43 76 47 33 78 108 62 120 125 14 51 100
    5 116 23 121 97 88 42 19 77 42 32 82 44 8 120 6 4 7 39 112 107 85 49
    112 69 103 13 66 29 70 65 35 39 71 95 110 119 110 7 71 89 119 4 40
    72 99 82 119 35 35 67 87 1 117 39 92 92 31 94 73 32 38 107 118 95 85
    111 57 83 54 68 105 17 2 33 73 110 127 48 76 88 76 122 14 122 1 4 85
    25 108 75 43 109 4 41 33 120 65 81 82 1 101 51 86 36 64 113 2 110 52
    91 0 65 25 102 67 27 48 25 127 92 29 109 65 50 70 38 72 97 28 23 102
    59 12 55 38 123 122 23 122 41 73 73 106 69 98 72 96 11 113 93 47 49
    38 34 115 58 54 73 95 54 85 95 1 61 11 126 67 62 89 79 16 12 73 8
    107 94 99 87 17 19 98 68 22 93 83 109 62 99 28 48 58 79 112 97 2 34
    24 77 0 84 52 56 12 18 23 1 121 38 122 112 32 6 125 9 110 25 84 85
    80 45 4 50 125 127 61 12 90 100 42 60 4 8 77 77 71 36 11 95 108 89
    59 83 124 23 91 2 99 117 99 64 67 83 27 104 57 43 7 19 4 46 80 22
    122 77 126 84 90 26 96 23 84 28 7 18 1 127 67 3 49 56 49 86 110 88
    18 90 94 36 13 73 100 120 9 74 39 99 4 8 114 17 106 42 80 1 106 20
    55 99 36 102 99 105 85 44 70 68 78 25 124 117 50 64 95 110 17 36 71
    83 3 71 21 57 31 75 23 73 1 75 109 25 82 127 28 71 57 14 1 75 74 38
    89 33 19 104 13 72 46 58 104 32 80 26 25 12 127 67 97 67 84 65 2 112
    98 71 47 66 34 78 1 104 53 100 80 123 81 109 74 82 113 82 77 87 46
    59 84 47 24 82 126 46 112 1 77 104 118 65 59 19 114 74 111 124 27
    127 41 13 1 36 18 125 48 17 69 122 113 24 62 81 11 123 115 120 36 39
    99 60 77 74 89 79 99 6 13 15 82 74 70 108 33 75 16 83 44 112 27 11
    83 95 84 72 26 89 49 46 105 79 31 29 60 15 13 52 117 45 58 95 74 12
    36 35 53 5 55 103 39 35 105 68 96 34 49 67 38 116 76 89 22 73 10 98
    93 5 45 118 27 64 23 113 63 35 17 120 46 118 78 64 61 111 91 70 97
    48 67 115 120 60 64 110 79 24 9 4 66 58 109 59 27 60 116 16 51 30 47
    119 2 53 57 24 37 124 82 55 21 101 33 40 75 99 6 5 21 49 59 58 39 38
    122 72 79 7 110 71 120 111 38 19 41 46 26 98 16 36 63 108 88 60 0 27
    32 41 25 86 91 18 23 126 10 76 52 121 79 13 92 123 53 21 5 75 84 11
    17 109 25 114 40 108 88 86 67 65 100 89 15 127 100 68 102 87 61 77
    118 119 62 4 24 43 102 38 124 40 96 51 50 6 97 62 87 33 111 25 105
    103 88 2 55 71 23 56 34 120 24 84 17 26 127 72 108 113 20 81 122 102
    11 20 42 17 107 12 44 61 51 93 5 101 43 92 63 20 100 33 73 127 31 99
    52 16 122 93 34 35 65 57 109 59 64 89 126 118 43 21 38 0 102 127 74
    63 66 44 58 14 82 73 32 32 24 24 74 24 115 117 119 6 115 95 34 126
    89 44 1 73 96 78 101 106 67 23 84 24 121 31 63 29 96 57 82 55 19 66
    103 102 71 104 27 37 29 12 90 6 110 13 78 73 43 16 29 35 19 34 15 56
    73 52 35 37 102 81 34 46 70 105 116 64 6 7 89 106 82 10 125 121 16
    99 83 45 60 18 108 92 16 16 48 6 113 0 40 88 8 33 88 36 99 77 126 9
    112 124 19 74 30 18 75 68 81 57 126 77 61 101 18 72 117 57 93 8 42
    41 61 66 124 114 18 50 98 19 62 40 92 66 101 26 101 106 117 113 15
    42 79 37 18 68 23 19 125 13 14 105 61 62 11 56 44 33 106 9 27 71 119
    9 33 125 111 102 6 88 39 107 54 69 21 26 87 9 108 44 107 64 46 100
    81 41 29 122 58 67 3 49 100 42 81 16 108 32 106 90 95 84 72 19 9 14
    85 47 43 45 70 121 10 52 80 79 86 105 81 22 99 84 126 21 57 44 105
    69 52 71 53 68 109 18 58 31 92 91 97 70 34 67 65 118 82 36 78 58 58
    66 116 3 93 35 124 3 14 111 68 37 83 96 35 120 72 56 4 110 107 16 93
    77 110 12 82 59 10 8 58 119 73 43 120 121 17 95 84 42 88 108 59 113
    121 22 105 127 83 28 45 103 44 64 86 8 127 96 13 125 20 5 95 2 28 0
    10 21 3 74 64 7 120 32 102 89 53 95 23 65 62 78 45 7 100 102 105 20
    114 119 118 72 123 27 74 9 58 10 52 105 9 7 65 126 122 13 80 64 59
    23 126 69 18 102 28 51 28 78 107 2 14 44 8 71 60 84 83 121 4 54 75
    50 48 113 39 77 44 3 59 29 14 34 82 86 19 34 48 102 45 112 67 12 115
    88 92 69 2 125 37 81 114 75 70 119 126 62 70 41 43 34 103 121 21 61
    11 120 69 44 20 96 74 87 103 59 111 13 81 3 33 97 68 14 63 54 50 21
    56 98 122 4 30 53 103 34 90 120 72 104 46 1 98 13 66 1 104 80 55 37
    101 91 99 3 12 68 120 41 120 58 18 81 91 115 22 52 48 32 86 99 32 74
    112 111 60 109 61 101 107 9 24 36 123 113 23 71 32 89 64 48 113 48
    124 24 62 101 101 95 126 78 79 33 88 41 41 90 15 89 9 3 87 26 110 55
    75 40 124 55 78 23 87 72 53 24 28 35 18 112 119 107 35 64 0 59 7 87
    35 127 75 117 125 68 112 104 2 100 127 100 44 29 12 80 122 37 91 31
    40 83 47 53 31 103 61 54 2 57 31 44 105 60 45 70 49 31 70 46 87 94
    32 39 103 106 89 83 1 14 31 23 11 81 52 91 107 12 81 28 12 119 11 35
    25 40 51 113 48 54 67 104 26 73 96 42 53 36 42 36 31 91 104 32 93 41
    85 9 110 84 85 8 61 66 28 101 5 99 80 77 111 59 103 88 34 100 79 5
    34 112 107 82 113 119 100 114 17 44 121 49 44 14 100 64 47 80 50 57
    111 123 28 97 43 84 64 106 86 13 85 122 38 8 96 124 74 101 56 20 37
    104 99 78 70 54 126 14 33 55 73 10 90 102 13 32 12 117 95 6 114 29 7
    60 126 105 103 127 11 22 14 61 14 124 1 5 126 55 78 24 30 104 50 66
    98 22 98 44 85 49 34 47 35 34 49 5 107 38 118 97 121 63 87 37 107
    124 57 109 71 33 104 32 11 75 111 108 6 53 1 60 27 96 123 54 34 15
    35 45 123 65 34 6 91 95 52 36 33 113 22 35 93 125 87 127 82 79 0 2
    115 74 126 85 1 73 120 32 34 92 22 66 8 108 87 118 34 86 68 58 30 83
    104 106 39 31 72 93 94 54 37 98 48 112 22 59 125 108 109 28 32 18 70
    113 70 32 48 28 13 98 106 101 10 39 59 111 1 97 82 103 41 86 114 41
    9 114 99 115 26 114 105 29 107 12 55 70 57 108 79 17 73 23 14 7 33 2
    1 20 88 95 1 81 125 97 26 120 113 58 43 69 85 120 47 53 91 68 6 90
    52 37 84 62 27 109 68 93 28 70 116 15 7 19 48 35 27 61 63 30 33 115
    48 68 97 53 47 113 77 15 46 97 114 116 57 1 50 86 71 16 45 75 79 55
    106 27 58 76 124 15 29 78 7 6 43 0 38 116 44 84 118 121 97 49 61 69
    113 37 41 36 61 67 41 70 124 93 3 71 99 116 7 29 110 3 89 40 106 49
    2 4 127 86 12 52 66 105 51 81 48 39 18 69 9 125 112 92 32 9 113 97 9
    110 71 112 2 5 14 95 85 37 123 54 107 35 119 37 108 49 49 61 89 21
    17 89 84 46 38 74 31 106 36 107 95 81 75 78 106 62 102 118 103 68 36
    7 38 126 3 94 112 6 55 30 33 85 95 29 19 0 68 93 36 123 9 30 126 9
    29 50 121 89 30 83 112 83 45 26 82 64 10 56 30 57 83 10 102 121 93 7
    71 99 108 122 91 100 98 34 26 58 100 104 23 117 65 39 14 5 55 87 70
    62 29 35 105 101 11 92 12 105 91 112 77 56 21 53 111 43 29 41 85 114
    54 79 123 70 32 73 27 45 30 85 53 70 4 84 64 58 6 98 72 73 30 18 88
    48 113 64 4 59 88 6 125 70 90 127 57 40 100 121 123 26 2 68 1 43 84
    80 91 67 106 32 52 22 79 51 26 37 62 90 119 0 19 63 113 72 9 45 31
    46 85 103 79 64 23 58 6 70 109 57 12 23 91 21 5 32 78 55 102 8 0 96
    113 71 46 48 5 24 114 50 33 71 101 94 116 43 125 4 97 10 71 6 35 31
    80 99 8 119 49 66 57 112 61 39 8 13 31 93 89 12 28 18 23 92 96 75
    120 124 107 6 98 68 117 123 92 122 2 41 76 89 25 17 28 34 80 90 39
    69 102 27 108 101 106 116 26 23 61 55 74 118 29 79 3 107 121 30 63
    24 22 102 34 77 30 120 18 37 124 51 91 6 74 45 29 20 39 85 61 62 124
    85 18 36 39 76 74 19 110 59 110 36 81 33 66 116 34 20 104 16 13 26
    16 58 48 69 34 98 87 89 50 90 4 70 73 120 74 5 17 32 124 104 49 122
    97 23 32 124 35 93 73 31 15 123 93 104 47 62 97 42 32 33 26 3 3 125
    73 10 86 36 39 32 8 33 14 2 104 22 76 89 118 120 89 43 27 90 85 18
    16 16 1 106 84 37 116 24 83 14 66 35 20 104 103 31 46 6 24 123 101
    32 76 30 24 65 94 26 24 51 82 125 101 84 67 55 41 54 69 68 79 97 88
    102 85 27 91 28 69 51 108 127 103 68 36 96 29 100 121 0 6 71 36 42
    67 84 3 28 89 30 95 80 118 21 32 52 3 4 12 9 24 79 5 104 99 60 121
    98 64 97 36 50 11 93 74 6 30 13 110 21 88 82 92 103 36 38 99 90 19
    21 105 93 97 108 98 84 53 99 6 123 33 110 29 8 48 55 90 96 36 19 94
    22 43 63 49 2 40 115 68 24 94 101 82 49 27 79 53 101 83 97 70 15 75
    76 70 41 115 41 86 106 89 9 52 61 121 25 97 64 96 91 119 109 104 88
    59 74 74 103 64 69 91 10 89 31 67 89 89 59 45 107 101 97 95 118 4 61
    94 94 121 122 94 74 87 88 88 95 98 41 87 2 37 54 45 108 17 22 71 57
    106 82 1 11 94 102 58 64 20 96 98 57 120 24 103 98 126 44 71 53 72
    10 56 25 7 99 12 40 126 113 66 59 24 106 33 67 42 41 84 33 84 40 63
    109 117 124 64 111 18 5 1 44 101 3 34 11 117 96 76 29 41 57 17 109
    45 12 29 35 99 95 79 78 60 37 8 119 101 17 26 7 69 107 34 112 103 7
    100 76 29 8 124 95 25 90 105 105 31 79 1 57 48 61 4 84 6 87 29 81 10
    33 63 20 2 0 47 39 71 68 68 85 126 91 15 40 122 12 94 7 41 124 20 98
    79 81 49 64 48 45 62 80 112 82 73 93 76 62 32 78 77 70 81 112 1 27
    23 56 106 24 126 47 97 87 89 61 46 36 81 26 97 66 20 28 52 11 123 8
    1 60 38 44 37 39 44 126 102 28 100 34 22 17 88 86 80 49 6 101 92 11
    59 77 126 58 109 40 8 117 74 67 31 121 86 37 34 39 76 79 4 100 0 98
    47 51 96 101 106 113 34 46 85 13 107 109 81 79 44 25 66 111 66 33 17
    62 23 3 38 24 88 122 6 107 37 78 72 85 77 117 60 98 1 55 4 46 47 110
    35 109 114 122 96 109 80 87 126 22 127 4 112 35 87 64 46 114 57 18
    114 24 28 90 119 10 25 54 55 113 54 48 0 89 25 104 59 94 122 20 55
    121 93 1 38 62 103 105 39 89 16 117 11 97 62 36 74 126 44 10 120 19
    112 56 59 106 123 69 71 90 120 65 12 59 124 18 48 96 78 80 127 21 81
    125 32 113 64 19 89 49 124 74 1 61 83 123 53 11 3 101 94 82 103 76
    88 7 121 44 105 120 2 58 2 50 83 15 98 125 12 13 78 93 20 50 84 72
    103 7 10 112 66 78 19 116 93 42 27 112 59 67 53 120 20 36 80 34 92
    83 101 88 44 42 109 3 24 59 85 6 73 77 101 3 6 98 120 72 42 65 15
    117 63 90 104 125 82 75 44 16 85 125 69 49 114 51 122 48 58 110 28
    108 115 85 86 82 26 81 45 115 23 94 97 50 126 29 56 30 7 100 70 5 11
    76 71 62 83 102 40 18 44 22 46 126 34 86 34 52 19 104 18 18 123 58
    96 42 39 95 124 23 61 3 88 100 114 40 44 65 50 121 16 50 88 42 36 82
    74 59 29 10 23 83 37 27 18 41 101 16 126 115 77 57 19 122 56 61 12
    117 36 107 6 107 79 14 8 94 14 115 19 118 27 81 52 43 23 44 19 50
    101 81 40 70 65 103 27 24 70 58 58 0 113 89 111 123 25 68 116 98 125
    19 85 61 19 83 110 92 106 96 54 87 12 55 64 52 53 97 109 92 106 112
    24 22 82 8 64 0 48 96 119 9 33 55 11 104 84 3 16 43 82 57 127 39 44
    82 105 69 36 98 56 65 100 117 83 41 72 38 127 102 15 113 65 37 80 23
    125 47 75 116 60 77 80 42 124 7 43 67 81 53 63 101 52 10 67 58 104
    79 15 47 82 126 6 115 63 78 16 103 64 81 31 51 93 98 3 30 85 127 70
    44 100 96 82 101 62 99 41 16 70 67 51 33 76 75 106 12 30 109 1 49
    102 54 73 111 55 108 82 39 103 122 4 67 17 3 30 26 23 65 53 58 88
    122 65 122 111 112 43 3 18 38 63 108 87 113 95 28 101 99 61 59 99 13
    48 119 51 35 1 92 55 73 124 100 108 36 26 67 28 42 64 47 75 32 17 2
    72 32 116 50 109 80 58 26 87 30 115 116 107 82 73 64 65 16 127 112
    107 52 27 117 13 45 93 16 79 84 118 121 34 91 95 37 62 29 117 123
    111 91 94 3 68 59 101 63 117 49 50 107 57 13 87 95 44 16 80 23 41 99
    69 83 126 20 119 28 98 94 12 107 76 31 98 97 14 107 13 125 103 25 32
    39 6 75 98 23 20 90 101 7 82 68 27 110 101 24 40 64 35 2 60 72 98
    120 0 102 60 26 61 0 11 117 103 63 39 57 107 23 19 93 96 41 51 85 68
    68 97 37 79 80 50 69 116 125 3 53 125 89 34 59 101 84 35 31 73 97 56
    110 42 24 47 52 7 70 7 78 45 82 126 51 65 31 33 30 85 32 2 46 58 124
    84 5 105 59 63 1 113 73 74 46 85 116 36 104 122 42 10 30 90 30 123
    81 111 121 36 44 12 30 60 68 122 47 54 26 22 97 1 105 112 73 32 16
    96 9 62 53 16 72 1 21 64 109 41 96 60 123 50 20 102 67 70 78 59 119
    127 57 93 16 48 117 60 88 15 87 41 86 33 80 46 87 121 19 20 81 122 1
    39 119 20 112 93 20 110 29 75 40 13 92 35 56 104 121 65 118 76 80 96
    20 19 106 86 18 111 119 2 94 39 47 52 108 79 19 9 38 125 92 1 76 6
    47 45 79 46 72 38 115 107 23 3 36 100 4 95 75 22 98 30 109 90 99 113
    13 87 31 80 108 64 15 104 24 72 105 113 50 117 33 90 98 29 23 80 36
    107 118 51 12 11 102 122 3 95 111 21 101 4 11 95 1 14 120 76 103 86
    90 125 89 36 72 124 53 5 3 9 81 45 82 80 66 97 22 55 116 113 25 1 67
    65 8 52 87 15 61 51 122 63 48 16 25 123 36 75 32 112 55 107 40 48 69
    1 83 75 67 76 111 23 59 15 91 111 90 89 81 65 20 53 16 114 110 106
    25 13 8 122 38 89 11 91 16 8 104 68 2 60 12 110 75 35 36 44 70 119
    59 122 22 79 45 108 116 43 30 24 39 110 13 18 101 70 64 19 72 28 102
    121 120 76 107 127 51 21 90 82 19 45 7 122 111 114 94 91 49 97 56
    109 125 89 115 82 92 30 69 92 18 113 63 15 110 48 78 93 84 42 35 112
    63 82 55 114 83 59 4 46 107 27 102 96 53 66 39 86 68 52 123 90 106
    97 109 58 30 68 27 99 49 100 73 67 21 127 102 3 48 41 49 87 93 27 22
    68 46 96 21 47 55 0 0 25 126 68 66 2 4 105 116 109 2 3 82 5 78 72 49
    40 97 102 107 38 53 6 62 86 16 125 62 91 73 52 4 3 84 25 38 72 36
    125 0 45 109 52 61 22 36 82 87 5 125 27 63 84 35 85 59 50 26 91 12
    26 61 93 36 106 20 121 18 43 108 26 19 11 103 123 75 33 76 11 111 83
    43 4 83 110 12 39 6 14 76 7 67 25 110 64 107 6 80 94 45 116 60 61 86
    118 127 111 117 27 73 85 103 12 22 114 60 111 85 31 113 94 17 82 5
    59 0 66 103 2 38 10 111 43 104 106 67 16 7 101 30 79 115 78 91 14 42
    99 14 16 79 82 124 113 99 46 55 18 112 111 34 123 21 79 79 81 57 97
    19 108 113 123 95 88 78 15 75 120 30 64 58 100 7 81 112 10 28 32 90
    66 96 117 115 7 107 72 48 102 124 8 38 2 60 42 124 96 70 108 44 2 95
    70 6 73 49 48 37 121 51 75 18 57 105 4 32 78 59 120 112 16 48 17 79
    90 3 67 52 59 119 93 114 104 2 21 80 2 81 113 88 43 32 30 74 20 93
    18 112 13 25 38 61 100 93 96 27 86 17 27 13 86 98 20 43 25 103 4 110
    13 74 29 115 89 8 39 20 38 67 118 55 122 85 76 108 97 8 41 74 72 76
    91 53 111 64 78 51 10 62 58 44 6 73 0 29 29 94 107 77 43 11 121 105
    112 16 80 34 0 38 111 59 108 60 111 74 23 85 8 33 32 31 99 36 49 119
    81 64 90 68 81 75 60 31 65 77 82 77 35 29 1 37 54 94 53 96 32 36 126
    36 91 84 66 26 105 10 31 110 31 97 12 97 41 26 117 114 121 10 22 25
    71 125 100 17 90 11 95 21 35 3 26 40 60 92 99 53 26 11 48 124 121
    123 13 99 38 4 119 45 115 71 122 85 54 36 30 23 30 25 1 78 110 34 60
    109 20 117 4 13 8 105 109 3 3 111 82 100 58 87 104 45 21 46 11 77 67
    16 17 50 8 69 67 61 35 55 87 90 48 43 114 77 6 105 53 83 65 52 121
    127 80 87 60 0 22 115 104 80 98 9 108 79 83 45 12 112 92 7 63 19 7
    13 77 83 41 38 107 28 110 83 37 75 110 67 12 100 1 35 85 100 50 105
    87 36 111 100 95 13 77 12 86 34 65 23 5 74 106 103 0 101 95 107 18
    86 50 3 48 83 127 61 98 20 95 59 12 123 47 24 99 98 37 21 74 66 0 30
    17 41 97 16 99 40 21 26 60 93 126 55 69 126 49 102 107 23 92 99 107
    97 103 31 70 33 24 13 0 104 121 118 65 95 77 107 86 32 11 21 50 61
    76 122 77 100 127 8 52 39 33 41 41 122 80 73 66 111 18 61 55 42 58
    78 110 51 119 116 124 20 21 43 65 53 96 17 57 83 86 112 87 127 69 86
    90 61 110 75 18 57 36 77 111 46 65 105 98 37 113 50 69 98 43 63 74
    80 55 119 107 66 122 92 95 51 103 15 65 103 65 37 43 39 15 93 87 63
    41 63 46 83 71 90 20 117 83 125 88 115 32 52 24 65 92 78 86 92 95 97
    16 36 76 89 4 55 123 3 46 50 88 46 113 30 62 46 118 110 37 72 98 20
    70 77 72 36 5 38 79 74 25 72 7 39 37 11 102 70 78 119 113 22 94 60 4
    119 17 1 4 76 109 79 38 51 47 121 113 98 49 6 68 98 83 53 99 35 50
    58 87 84 92 45 90 7 18 110 29 64 52 34 102 113 103 116 43 118 41 102
    11 125 29 1 62 27 122 98 64 20 73 9 91 82 111 44 100 51 111 16 25 84
    6 87 46 95 92 9 79 75 33 30 118 103 114 88 14 17 97 72 124 28 59 35
    97 1 7 42 70 94 120 120 45 115 85 17 3 40 103 80 63 103 9 95 109 13
    96 25 14 118 26 5 126 92 66 86 106 106 113 92 119 124 112 40 106 41
    38 119 7 24 78 113 97 34 81 27 108 49 104 35 92 43 65 72 37 71 107
    34 22 74 0 113 127 89 115 51 10 16 23 71 2 118 122 60 28 116 7 29 37
    79 8 14 127 5 1 77 28 17 88 114 119 63 62 39 84 63 32 117 117 30 39
    76 88 82 96 57 90 77 56 71 53 14 55 31 29 17 18 113 83 14 60 10 84
    72 40 82 51 39 82 37 111 62 18 24 124 103 51 85 66 79 2 101 34 35 27
    76 102 114 27 33 118 39 56 96 80 22 76 113 1 10 74 84 50 10 95 72
    121 89 104 46 80 20 67 96 65 112 93 54 68 115 99 60 36 24 10 119 62
    123 120 102 121 57 52 34 64 109 5 74 117 56 14 33 93 14 44 37 106 29
    106 15 104 57 125 6 112 47 35 84 38 103 101 106 120 119 29 48 92 84
    46 85 100 121 109 33 24 100 37 7 4 7 47 100 73 33 23 104 26 102 26
    35 11 7 123 119 16 121 107 118 68 74 82 37 4 67 46 6 120 63 103 90
    56 13 104 123 65 106 108 3 46 42 52 123 14 29 25 109 110 77 120 121
    34 4 3 126 20 27 5 51 30 60 23 29 20 44 54 125 30 94 28 77 88 20 111
    92 13 98 40 79 116 12 43 21 54 68 31 87 35 30 107 99 41 46 113 39 67
    62 22 100 37 18 79 22 75 38 101 86 111 108 122 85 100 61 38 12 121
    34 88 14 80 54 6 4 62 126 92 44 68 25 61 83 0 96 26 67 56 62 4 117
    117 97 66 44 86 67 8 44 64 88 17 115 77 31 119 108 22 108 125 90 17
    126 124 0 114 57 45 50 57 46 48 43 29 103 12 28 49 109 1 52 85 45 60
    44 68 61 8 78 0 34 68 91 67 70 45 106 110 93 106 51 26 13 39 102 52
    83 94 105 43 23 57 6 103 50 68 52 32 124 91 114 98 92 85 104 112 111
    18 54 111 80 14 65 100 3 60 60 50 103 85 4 84 33 75 20 69 106 5 62
    110 37 41 59 69 113 29 14 70 58 79 19 75 89 11 25 94 55 76 68 126 7
    33 63 15 22 63 58 56 29 58 44 58 82 85 97 45 3 76 26 98 104 86 74 74
    86 45 44 55 63 29 22 121 25 123 100 14 102 2 72 4 4 119 125 24 92 53
    52 85 98 119 102 48 39 15 60 117 63 26 93 0 120 56 117 121 97 59 31
    7 112 114 85 101 92 3 102 3 125 52 94 11 16 69 95 51 42 119 21 3 89
    110 73 114 5 119 15 59 97 9 97 127 113 77 48 46 73 64 42 3 83 29 118
    126 63 113 120 118 50 88 112 54 80 107 42 47 124 66 67 10 34 0 55 20
    121 43 37 68 7 99 38 62 60 66 53 48 118 125 59 85 44 62 65 53 22 127
    45 16 118 45 27 55 4 79 49 7 85 78 57 124 74 44 12 42 33 67 116 13
    40 109 50 62 101 49 23 78 127 15 0 20 14 83 21 110 80 48 1 118 56 89
    39 96 116 57 17 65 11 89 78 66 37 58 35 6 113 1 64 73 127 60 35 72
    69 113 97 118 47 55 7 82 9 42 125 63 119 25 7 67 110 33 44 120 64 78
    61 4 19 29 17 68 102 109 105 43 82 84 45 40 67 53 117 15 125 90 36
    79 31 91 43 68 15 88 83 96 6 32 82 74 35 119 22 53 96 87 65 64 59
    119 40 81 53 124 37 66 69 119 16 31 36 37 96 7 5 4 31 75 80 10 38 79
    104 33 52 113 36 117 82 16 59 89 117 73 18 94 34 63 18 52 57 108 83
    109 55 123 84 102 113 42 81 75 37 14 86 114 72 37 43 127 26 26 46 8
    41 45 56 58 107 127 77 88 76 103 109 121 113 126 59 14 94 53 121 64
    2 111 27 64 9 127 8 83 66 0 83 70 18 36 59 87 54 44 98 91 90 5 6 101
    46 12 46 28 12 33 124 126 51 91 58 28 25 87 70 54 109 51 113 21 113
    61 67 17 99 23 51 47 106 56 38 6 70 19 124 96 40 95 125 89 73 106 71
    35 3 53 121 2 111 89 0 47 45 69 113 51 74 16 84 27 51 111 3 74 91 18
    81 70 98 16 37 94 95 126 77 21 114 49 46 70 53 19 116 102 126 22 101
    7 92 25 38 11 68 6 114 98 60 8 58 2 12 98 95 50 68 93 66 79 62 3 15
    104 114 36 118 57 48 4 125 92 47 57 42 99 21 25 36 36 126 64 21 113
    59 87 115 48 67 84 28 49 110 20 87 83 97 113 3 102 101 28 80 51 106
    99 17 84 51 53 46 44 54 119 42 58 56 63 22 39 78 79 46 77 16 35 65
    75 103 89 126 14 89 96 112 123 78 93 63 113 112 106 25 25 76 97 9
    110 11 7 9 28 71 45 24 97 42 110 83 125 36 53 43 111 38 12 69 40 64
    59 49 45 124 26 72 55 124 12 6 87 39 44 79 38 120 86 40 73 99 115 50
    33 98 50 55 3 12 22 111 116 81 22 11 14 104 35 108 115 41 114 83 41
    70 40 35 120 44 9 18 126 42 79 71 14 94 51 29 68 112 126 45 85 40
    104 73 80 105 4 50 55 33 69 95 76 94 66 62 54 115 70 125 55 106 69
    38 17 97 114 105 24 73 30 118 102 13 33 40 17 10 30 104 82 29 73 68
    38 115 44 74 105 106 91 53 26 81 43 63 62 48 81 18 77 72 120 119 116
    119 126 31 101 33 13 14 25 41 88 0 30 117 29 126 85 92 77 97 113 57
    113 71 60 31 127 99 80 26 56 79 78 109 41 32 126 106 29 96 69 78 89
    83 100 5 118 116 24 59 119 2 100 117 48 61 15 92 74 108 30 79 41 21
    44 6 27 67 110 89 23 109 17 121 86 111 91 107 43 119 54 111 99 13 99
    81 116 108 92 23 93 57 59 93 77 84 42 6 89 3 34 127 17 17 1 47 123
    92 64 24 27 122 78 19 11 54 37 56 33 89 104 24 6 54 77 16 97 52 64 8
    60 5 31 55 65 75 51 110 99 20 42 88 61 96 92 11 30 35 121 116 45 116
    91 87 119 61 1 104 4 87 117 117 94 98 19 38 73 115 84 50 42 34 105
    14 106 38 23 47 84 27 35 29 28 117 103 49 76 60 118 126 2 101 43 81
    58 104 51 12 1 68 127 86 46 126 11 47 71 63 68 7 43 100 90 49 27 38
    10 101 19 101 66 24 112 68 87 0 90 34 68 78 109 119 12 8 26 101 3
    107 27 100 15 74 13 63 60 65 62 88 66 115 98 17 106 84 104 3 60 120
    46 51 65 125 6 96 101 106 40 12 41 122 3 31 5 28 98 21 59 96 26 80
    125 106 49 95 23 25 99 59 40 82 61 26 110 56 102 10 29 42 11 82 76
    72 63 38 116 46 126 77 109 120 61 28 24 100 114 28 120 92 42 45 33
    46 41 112 105 123 47 109 126 55 43 36 108 30 40 67 77 107 46 52 113
    114 97 67 42 51 43 119 46 6 125 50 58 22 121 118 10 107 14 82 63 79
    78 121 73 11 105 11 115 18 66 42 94 108 71 7 121 96 28 109 76 100 18
    7 64 3 90 105 14 37 56 13 55 34 33 84 43 100 98 11 43 43 16 63 9 69
    14 11 62 20 27 107 72 115 94 111 37 26 12 11 34 12 93 116 22 58 21
    35 53 90 12 87 116 101 33 49 117 42 77 29 17 108 94 123 80 114 65 39
    117 16 67 17 23 8 9 70 2 116 102 71 12 6 115 73 49 0 42 105 30 19 54
    123 51 102 48 49 25 24 119 95 61 72 79 36 46 66 107 107 87 93 116 91
    77 24 89 110 68 58 49 79 81 102 81 68 19 116 75 102 116 90 25 53 59
    77 55 102 59 65 90 94 121 16 5 98 120 13 37 12 3 114 10 89 125 58 84
    39 7 111 54 69 51 51 58 35 103 60 107 70 15 81 63 36 105 105 77 92
    17 91 20 120 61 81 6 24 46 51 30 113 10 0 73 42 70 30 10 51 56 114
    12 42 18 92 10 3 102 92 9 52 53 121 83 87 0 47 40 65 94 83 31 27 78
    98 24 27 127 17 124 14 3 110 64 125 106 13 116 89 61 67 95 82 17 124
    31 60 110 53 65 86 3 58 107 88 30 66 29 111 41 19 82 88 8 26 34 43
    63 52 84 125 112 62 84 57 3 124 54 77 54 33 6 60 61 101 95 44 110 10
    111 41 37 12 74 119 100 29 95 72 11 23 99 97 32 83 39 63 84 90 127
    49 11 59 87 61 62 76 110 1 81 37 13 118 93 47 26 39 76 68 57 16 67
    104 97 88 38 127 9 100 89 58 57 50 81 38 59 67 5 83 113 54 93 32 122
    49 88 75 19 105 1 58 43 62 68 46 16 101 6 101 60 88 80 23 105 13 29
    48 95 65 123 9 24 7 65 87 118 115 20 104 89 63 80 89 60 123 45 10 36
    13 111 71 34 85 65 99 60 15 61 0 34 119 107 13 85 4 21 40 122 116
    109 39 36 8 108 48 10 11 45 3 57 31 18 34 115 5 49 98 15 77 88 43
    106 33 95 11 29 101 15 107 76 35 94 39 38 103 42 73 65 80 64 63 103
    72 26 83 17 37 103 95 109 65 65 1 118 64 53 8 41 41 68 29 5 58 78 1
    43 44 63 59 123 66 1 72 65 44 45 92 55 107 105 4 109 61 86 70 19 102
    108 41 1 25 56 7 114 66 121 23 19 108 126 87 94 44 121 2 86 106 2
    114 62 101 76 23 116 27 117 14 12 54 6 55 44 30 112 85 5 4 92 117 72
    45 86 79 70 1 11 118 87 12 54 121 34 5 122 55 22 53 41 8 4 38 85 92
    24 74 13 127 66 34 31 33 103 45 105 51 102 77 116 21 16 105 59 127
    57 28 3 52 44 1 18 20 68 20 31 50 79 82 13 6 62 78 22 2 122 65 98 58
    124 88 53 22 10 18 32 62 85 113 94 55 94 114 127 72 78 37 4 9 64 9
    22 126 92 45 10 62 66 106 88 36 56 9 37 69 68 125 92 0 65 81 5 100
    125 86 71 10 22 35 124 62 50 57 113 33 1 31 62 115 60 16 23 69 113
    49 101 126 44 71 50 19 108 86 56 34 74 103 108 19 60 106 104 55 58
    91 104 21 33 126 9 42 34 71 43 25 111 40 7 41 111 74 86 68 68 32 24
    88 17 64 17 11 66 99 61 76 44 17 19 59 123 58 68 83 51 68 118 22 75
    71 111 80 33 57 68 119 18 7 124 97 44 123 42 24 110 30 94 3 58 126
    32 81 99 4 82 81 35 2 111 47 72 102 70 56 95 64 56 87 0 95 10 68 35
    113 107 50 103 12 92 34 15 99 38 40 43 85 86 37 68 72 41 106 118 124
    5 27 125 115 116 1 72 12 81 98 9 0 66 76 13 37 70 72 105 71 60 36 92
    107 10 125 118 117 1 58 64 29 24 83 56 89 101 47 113 96 115 67 118
    52 96 67 52 71 122 85 78 27 63 104 98 48 105 54 87 18 84 39 49 65 62
    44 23 100 39 18 122 22 5 92 63 87 55 43 50 125 90 65 107 11 91 25 54
    124 78 28 57 8 72 16 5 62 69 115 49 98 11 69 111 3 62 43 121 51 54
    115 56 59 110 89 72 78 82 94 109 11 63 121 88 97 75 98 31 18 127 71
    24 70 65 30 63 32 1 46 39 10 123 81 13 76 62 84 33 94 14 0 104 92 23
    30 75 67 80 105 44 4 109 46 62 79 111 7 115 81 114 51 3 89 47 3 42
    27 107 39 23 72 111 37 115 104 65 93 9 114 90 81 100 8 117 111 73
    104 126 124 103 120 111 9 88 7 83 41 69 37 21 112 59 5 33 12 76 15
    33 30 18 81 126 51 108 25 111 92 72 23 0 71 56 100 88 40 114 19 36
    18 21 23 28 59 45 114 77 117 10 104 105 63 17 51 97 26 32 56 10 51
    117 68 70 44 79 113 1 78 9 89 18 3 122 121 29 32 57 117 38 117 107
    114 78 68 57 115 17 17 110 33 33 59 86 48 46 76 24 47 28 65 31 113
    104 50 40 38 56 44 49 112 127 24 27 78 123 28 21 53 16 114 126 101
    73 10 18 31 60 65 22 4 100 108 47 52 91 80 41 68 61 4 3 18 101 85
    125 68 117 107 112 104 112 109 36 31 61 127 66 70 23 47 4 51 11 95
    125 12 109 35 85 58 53 52 114 21 31 75 15 6 45 94 23 118 116 6 123
    71 5 75 126 122 55 11 26 48 75 103 93 20 81 95 86 90 61 69 65 60 9
    87 34 49 73 13 86 53 78 78 29 59 90 75 9 77 112 75 48 96 23 9 37 102
    16 95 23 81 12 23 91 33 93 103 65 115 99 2 121 73 1 25 26 107 97 27
    124 78 12 2 43 94 10 15 45 106 8 34 49 30 45 11 34 54 54 58 33 107
    102 60 110 45 33 56 120 29 47 30 16 25 55 83 67 100 14 14 119 106 6
    52 102 71 118 13 11 38 105 6 10 36 21 0 75 89 108 71 74 79 109 5 2
    120 104 38 3 52 117 53 18 22 82 113 61 21 3 62 78 4 109 124 91 49
    119 54 126 42 121 30 32 92 51 28 83 7 66 17 37 27 47 11 46 113 127
    11 31 30 32 7 124 75 1 125 80 117 74 29 32 94 97 30 91 16 41 66 33
    82 123 25 40 116 40 58 81 77 68 42 70 34 55 99 72 11 36 81 72 94 47
    3 6 63 12 1 18 119 33 109 72 56 77 119 84 81 32 42 36 39 69 82 68
    126 45 82 61 51 27 21 98 34 16 97 9 34 30 127 51 47 3 98 48 110 8 93
    105 57 3 56 60 95 47 62 105 111 121 91 96 96 38 13 38 127 52 103 102
    78 41 78 84 61 106 39 80 100 7 53 15 60 84 17 53 108 33 67 52 84 85
    104 96 51 107 26 79 33 17 93 71 17 111 100 100 115 93 62 85 36 75
    112 17 21 52 74 25 32 112 62 106 113 6 47 124 5 112 73 127 68 110
    115 61 126 67 81 8 113 24 127 35 9 33 106 14 60 83 60 54 6 91 123 64
    100 21 100 69 22 75 109 72 20 69 39 88 65 95 21 108 108 11 66 60 73
    3 53 16 73 99 107 3 91 49 22 1 43 31 43 34 127 30 17 124 46 91 122
    79 50 90 125 5 83 50 35 32 23 91 21 50 117 87 52 91 63 97 108 50 44
    70 28 3 105 88 115 41 111 87 14 104 12 11 52 113 34 91 37 78 88 120
    120 125 124 23 1 121 112 114 107 8 103 108 91 55 108 15 84 79 66 37
    51 97 18 51 69 77 29 64 72 84 45 17 84 24 19 11 55 26 123 62 56 58
    93 127 44 36 7 92 12 24 54 95 17 109 72 39 23 85 59 12 102 110 71
    108 114 21 19 15 4 28 56 25 40 1 78 34 64 29 80 89 108 70 66 104 84
    111 38 49 119 122 6 74 75 7 98 78 105 102 21 83 25 123 78 115 110 20
    5 97 79 60 73 105 87 126 103 126 52 75 58 87 77 81 12 107 112 11 43
    54 103 0 26 46 121 17 13 40 43 48 65 1 113 18 29 34 108 125 76 72 15
    66 38 6 98 102 13 106 57 125 105 76 93 90 10 51 119 32 7 67 46 70 56
    83 111 7 45 75 125 87 88 38 65 48 17 14 95 24 8 97 64 84 116 32 37
    26 28 8 95 16 0 108 105 105 47 82 71 61 5 106 123 79 55 9 80 76 22
    95 126 108 47 76 82 114 83 12 112 0 56 60 105 61 21 123 59 93 38 98
    64 4 36 13 87 94 127 18 72 26 79 88 80 83 110 5 87 44 90 54 92 25 88
    58 117 1 25 29 8 70 14 109 121 15 111 97 119 89 91 99 78 109 64 0 86
    89 117 118 5 85 6 79 114 68 63 113 18 114 32 125 21 95 33 22 14 13
    53 47 69 8 40 107 127 104 82 85 73 57 33 45 45 9 41 114 3 32 47 121
    65 110 41 49 57 62 113 37 115 30 2 76 109 68 37 116 47 100 23 94 17
    69 39 117 92 64 97 102 30 82 20 54 97 127 100 70 118 102 76 62 117
    113 30 28 14 107 102 13 116 13 79 68 34 34 38 26 108 31 121 2 119 8
    82 22 122 77 96 78 23 85 18 68 117 107 72 73 15 96 80 24 1 8 48 40
    104 22 125 81 97 100 62 39 115 124 119 63 66 126 38 99 74 16 75 34 5
    29 77 65 83 72 111 82 101 103 13 58 0 38 26 46 26 125 53 82 102 76
    15 17 91 107 18 126 115 31 76 49 3 20 76 121 105 21 101 90 67 46 104
    103 2 34 23 123 59 70 5 74 93 14 60 91 81 76 94 83 85 56 71 118 104
    98 116 98 66 37 5 115 68 22 88 39 35 34 9 58 40 68 37 20 40 44 66 62
    42 69 10 60 123 22 92 116 47 62 77 73 33 114 74 80 2 52 113 97 2 83
    20 68 50 116 14 102 98 11 78 94 115 83 94 74 87 99 11 1 7 109 95 116
    60 120 118 98 69 68 57 86 34 85 107 85 6 78 79 101 125 81 98 18 42
    116 12 106 22 106 100 27 29 44 9 6 88 50 116 40 17 125 5 95 82 56 35
    110 79 14 23 22 35 86 122 91 116 102 68 68 79 83 40 15 76 78 60 22
    115 73 58 72 118 105 61 68 95 108 21 66 0 94 3 36 110 70 17 28 85 73
    3 80 95 60 59 102 58 109 110 51 98 27 71 75 106 4 46 34 24 76 19 49
    67 80 108 27 13 105 15 35 89 44 82 2 72 98 67 84 4 94 82 28 45 10
    106 124 97 59 80 105 50 47 112 127 19 124 65 111 91 114 1 110 59 119
    98 97 28 30 88 107 2 56 58 77 41 62 87 118 44 74 109 43 53 113 90
    101 32 66 77 26 4 94 22 98 58 102 6 52 72 97 44 57 12 57 5 72 64 9
    95 12 55 34 20 31 22 88 9 69 45 74 40 11 21 119 125 113 9 68 71 114
    31 118 124 102 100 38 83 120 57 27 22 17 115 36 62 68 15 61 54 68 74
    31 102 16 68 70 119 125 66 36 116 70 64 94 24 51 77 53 70 2 71 116
    39 70 63 56 93 7 112 44 30 25 40 95 53 79 23 117 104 81 46 22 113
    122 36 87 15 116 25 105 53 96 64 127 105 116 95 104 92 11 45 118 56
    91 55 48 81 112 35 61 112 121 88 52 97 89 23 51 66 72 24 48 50 84
    126 79 55 46 113 126 45 36 28 73 77 123 23 87 118 70 18 101 94 4 71
    82 85 97 78 4 125 10 57 50 29 68 111 7 99 68 88 121 29 77 72 63 14
    122 24 36 39 96 120 54 64 1 46 103 10 61 39 114 88 15 71 55 105 30
    97 57 5 119 44 91 110 127 35 77 116 93 124 84 97 77 122 61 66 28 32
    3 108 84 10 47 107 66 68 59 52 37 3 53 58 16 25 43 74 14 11 67 37 64
    114 72 40 113 126 97 94 51 112 70 114 24 104 55 20 50 23 117 31 61
    113 37 96 4 97 114 112 64 106 57 115 115 44 77 108 83 50 15 41 83 87
    87 123 58 98 108 42 73 60 58 20 56 18 49 6 68 124 0 58 24 84 76 111
    101 28 125 84 98 89 75 34 33 30 16 109 85 31 122 34 89 86 12 11 57
    39 108 30 75 63 34 109 84 126 27 40 96 81 68 96 6 91 40 96 80 4 23
    118 38 88 77 12 0 50 43 124 93 18 33 13 111 23 81 16 125 78 103 89
    17 87 70 6 50 49 76 46 14 37 3 83 99 89 33 35 117 124 55 125 118 33
    94 69 98 51 75 115 90 70 104 63 8 38 12 89 37 81 89 87 86 72 88 80
    15 88 75 112 73 73 76 89 69 17 83 88 40 12 31 2 26 109 26 1 14 12 97
    32 76 117 73 111 10 1 85 99 93 118 102 58 126 57 33 46 10 100 125 53
    79 51 99 17 63 106 52 7 74 107 4 125 37 17 51 3 114 51 118 104 94 91
    48 29 84 107 85 104 120 69 3 38 62 5 78 127 114 25 4 114 23 43 1 56
    48 126 68 71 96 25 26 59 16 80 98 11 50 13 46 18 61 101 63 63 8 40
    68 16 117 64 40 38 6 78 17 88 14 32 111 70 123 114 107 84 71 116 87
    19 117 29 57 124 92 26 125 59 113 8 1 28 19 70 26 96 3 60 75 121 70
    110 51 91 85 1 86 41 51 85 114 58 62 59 58 39 49 11 85 59 107 127 63
    19 108 32 68 62 17 29 13 113 109 31 86 9 6 70 73 13 42 108 121 38
    124 15 29 30 1 56 41 85 36 75 56 83 100 13 88 104 22 35 9 25 95 3 11
    17 116 12 18 1 22 60 24 11 121 63 80 13 94 31 51 116 69 110 76 87
    116 22 102 95 117 27 53 66 45 36 32 68 42 36 6 86 120 90 63 21 58 1
    5 45 111 114 89 95 40 105 105 82 4 45 105 70 123 1 11 49 59 23 58 26
    30 89 117 63 117 39 121 112 85 46 82 10 95 101 28 91 85 20 9 92 94
    56 125 76 58 84 49 46 77 45 72 99 57 71 70 84 68 84 28 78 99 91 116
    12 50 90 79 72 113 96 50 3 30 17 4 104 9 121 63 108 49 29 47 77 93
    56 117 104 95 29 64 88 55 124 46 24 92 98 19 23 62 39 51 114 26 82
    111 63 35 101 94 13 46 86 9 12 45 105 121 107 105 90 74 95 68 121
    105 90 103 40 44 23 20 39 4 63 18 98 39 38 123 33 81 35 64 121 103 1
    97 116 27 48 116 118 112 74 73 49 55 55 16 9 98 82 117 96 39 100 38
    3 51 40 94 122 4 22 39 78 61 25 80 109 71 32 125 121 108 55 37 103
    123 16 24 115 43 79 81 56 52 4 1 110 87 29 65 117 116 35 117 46 92
    12 41 36 67 65 100 65 92 77 49 115 127 63 50 22 27 23 75 0 7 59 90
    21 60 89 18 95 80 53 0 27 12 123 46 61 25 86 14 22 26 81 82 11 1 68
    2 52 16 51 25 40 46 65 26 19 127 94 15 35 122 41 11 45 89 126 0 76
    121 127 22 37 88 49 35 12 6 65 47 26 106 38 97 90 53 97 83 45 122 27
    91 114 80 18 124 31 4 60 52 75 74 1 64 103 122 104 84 50 55 11 42 6
    73 21 127 96 32 118 85 54 21 0 47 113 32 44 85 44 102 120 38 35 120
    35 89 123 95 72 7 61 12 72 17 30 125 85 124 18 62 2 8 94 29 74 51 70
    122 116 29 119 41 104 71 41 74 37 74 8 9 24 15 59 63 104 36 6 32 79
    53 12 47 62 8 72 116 65 75 19 74 56 43 78 109 49 55 46 70 80 23 88
    70 111 26 52 8 38 9 28 19 56 61 21 97 41 12 82 27 2 13 37 23 117 89
    73 71 90 94 100 56 79 105 0 77 3 19 47 116 52 126 21 36 50 58 55 20
    119 93 117 15 33 77 26 95 104 29 19 97 17 27 64 40 23 84 124 50 74
    18 100 0 73 98 34 29 10 65 100 46 40 60 105 16 85 26 84 18 15 63 31
    110 126 67 18 1 77 102 32 99 113 104 117 90 124 104 63 73 5 40 30 16
    96 69 64 16 78 61 105 59 93 10 106 104 7 4 43 38 114 31 91 120 90 29
    110 117 72 34 4 59 107 33 89 91 16 27 24 82 102 49 114 58 4 10 75
    106 94 54 28 110 72 24 82 14 6 104 72 23 46 21 108 23 54 39 2 101
    106 25 101 1 92 16 80 126 83 37 37 100 123 50 104 85 89 81 126 72 53
    97 111 89 126 34 122 63 76 111 115 27 54 28 33 69 22 74 60 94 70 55
    117 127 113 42 102 97 58 116 84 108 5 48 43 94 28 32 41 116 99 18 13
    38 86 60 83 59 61 97 74 125 100 50 18 25 6 101 109 69 113 112 115 22
    49 112 64 109 33 88 55 90 30 100 36 76 46 120 56 109 0 56 4 40 15
    117 114 52 124 12 92 78 101 110 77 63 38 31 47 58 48 111 108 87 91
    71 24 33 24 76 105 17 37 25 61 82 107 24 26 112 99 98 10 114 85 91
    42 54 32 93 45 17 60 35 84 3 3 117 122 57 21 93 33 4 94 63 98 40 35
    44 0 112 50 29 121 88 26 17 20 9 44 71 100 121 106 32 69 8 13 72 87
    79 77 0 43 85 119 125 51 35 74 70 105 118 89 113 36 116 73 43 45 85
    60 27 25 82 46 111 45 45 32 127 9 95 62 56 92 4 83 26 27 107 105 39
    102 66 90 25 15 109 55 82 106 71 34 78 92 81 74 19 21 125 102 107
    105 120 95 8 62 84 117 33 74 89 64 82 109 9 51 103 27 94 107 84 121
    56 79 61 74 10 70 73 113 36 50 2 116 35 32 2 34 89 41 80 7 75 58 81
    106 12 113 104 74 97 50 7 74 120 57 119 114 104 42 9 18 42 88 7 3 34
    45 103 63 9 20 107 33 85 60 110 59 48 92 119 123 71 120 93 102 106
    127 15 80 95 94 113 94 15 118 70 100 14 28 52 77 44 21 18 3 28 34 54
    62 112 15 40 106 0 103 31 3 47 63 46 36 15 8 117 95 44 101 45 121 19
    72 103 45 5 118 50 82 50 118 95 127 81 81 38 17 66 82 0 112 107 26
    55 112 107 33 111 66 63 94 32 49 3 90 116 10 23 4 92 83 102 87 121
    47 13 122 75 61 58 103 3 18 106 61 68 92 41 124 69 126 67 72 70 109
    94 6 118 111 13 90 45 65 41 27 15 99 51 2 25 45 116 121 38 23 17 32
    115 14 12 118 53 40 117 13 89 44 122 81 19 119 101 83 32 84 78 0 92
    81 44 31 24 51 39 55 14 59 9 67 62 43 60 122 86 52 86 5 15 49 27 79
    18 67 55 91 57 89 14 0 101 66 13 68 14 13 27 125 43 111 38 94 98 44
    21 39 105 95 12 28 14 1 36 107 126 99 39 46 115 91 56 25 110 88 112
    121 5 7 65 73 29 29 118 96 25 79 89 23 13 17 69 127 42 47 65 16 22
    38 60 112 2 89 97 96 50 79 13 45 113 74 9 52 14 126 114 49 17 57 37
    51 103 22 86 60 110 19 38 72 57 116 48 26 90 6 116 86 47 48 89 57 43
    2 55 68 26 77 51 9 43 59 99 84 95 6 68 35 111 80 118 72 4 47 62 11
    63 34 124 48 41 62 54 60 103 93 17 40 21 70 86 103 71 112 75 69 14
    39 62 5 126 73 45 100 101 59 123 105 43 65 25 62 8 76 15 0 5 58 2
    107 68 54 117 87 116 68 98 124 68 61 47 32 28 124 4 33 43 27 28 29
    102 50 52 126 44 121 92 34 91 61 83 57 79 78 100 34 80 36 18 116 27
    57 106 30 76 28 107 111 100 13 79 127 121 48 25 72 26 28 17 44 22 25
    126 105 46 75 19 38 110 6 40 58 55 101 16 64 11 1 51 70 126 46 103
    63 37 12 109 115 9 35 98 13 56 19 57 101 34 106 103 14 44 92 113 80
    92 126 17 46 57 18 0 56 119 114 13 57 42 13 93 23 105 104 103 64 28
    61 28 88 104 119 71 27 26 47 47 81 2 7 22 109 59 13 110 109 87 47
    110 121 67 102 121 5 96 87 58 3 112 50 87 3 65 76 108 98 40 33 69 20
    38 12 84 5 71 73 43 55 69 15 43 58 50 22 98 92 11 35 60 42 6 91 126
    42 5 105 50 19 14 36 37 25 80 13 34 122 103 47 62 116 63 59 38 124
    40 51 38 97 10 113 88 45 11 84 91 15 21 67 18 59 67 6 105 108 37 74
    103 1 82 0 66 32 44 71 107 115 114 10 115 111 25 45 40 124 87 20 57
    32 7 75 6 24 48 14 109 14 2 38 96 8 20 71 16 9 33 59 97 93 68 23 74
    30 25 1 46 79 46 82 12 25 77 49 14 116 83 87 96 9 9 49 86 66 106 58
    72 113 86 78 79 44 12 86 109 28 41 127 73 125 11 109 97 15 40 60 44
    67 86 88 18 37 35 95 78 90 3 10 55 103 2 7 121 57 23 62 87 108 7 30
    34 18 33 11 13 78 29 15 82 127 127 105 18 39 96 14 88 32 75 87 53 87
    87 86 43 125 115 68 15 7 112 117 17 53 73 108 1 69 35 40 14 39 35 95
    54 8 88 34 107 1 77 70 108 10 4 124 16 123 12 89 50 34 120 51 95 116
    64 77 126 13 125 115 21 114 1 17 10 118 7 107 37 51 101 15 41 5 37
    73 88 53 23 102 125 68 63 31 118 102 51 6 35 91 29 113 76 104 4 38
    116 63 56 54 126 51 70 2 104 70 57 45 26 15 122 86 29 112 88 40 65
    64 83 123 42 125 88 110 22 81 73 124 20 56 35 105 39 94 52 54 126 5
    126 56 2 73 66 61 105 100 111 114 120 27 62 81 33 63 67 115 62 48 17
    83 106 48 14 21 90 22 106 57 14 40 17 95 82 19 68 1 51 68 50 68 70
    120 107 104 10 95 66 110 65 61 53 36 107 65 93 27 79 25 94 11 48 76
    35 9 69 85 123 104 53 126 83 72 37 24 14 23 93 7 38 31 58 57 21 33
    37 5 12 101 25 98 38 6 39 92 100 116 20 58 112 36 105 57 71 33 102
    55 86 116 1 16 0 66 15 5 96 116 90 55 7 98 54 127 1 127 33 116 103
    40 58 3 87 30 18 30 103 25 46 66 29 79 34 20 103 42 91 90 102 58 6
    56 33 15 58 68 68 24 94 38 50 56 70 80 67 80 47 10 55 69 5 73 42 116
    99 117 19 73 65 53 39 34 8 122 23 90 117 113 100 88 61 8 22 26 12
    103 98 123 124 46 66 16 27 38 62 121 0 95 52 11 61 108 91 12 90 36
    106 24 39 94 7 83 123 70 38 67 116 53 40 57 53 44 30 103 46 33 90 31
    118 15 1 0 49 126 22 33 45 25 93 4 9 3 59 109 41 44 9 14 83 75 114
    29 103 6 34 10 40 70 90 56 96 73 80 42 64 28 25 25 100 59 49 4 123
    40 4 111 65 6 89 101 85 98 17 7 85 89 3 105 29 42 68 97 77 59 103 4
    59 103 91 34 93 118 126 21 8 38 28 56 102 105 35 123 71 90 85 23 55
    71 37 24 121 85 123 19 14 12 94 110 106 80 40 73 46 67 104 83 108 20
    80 120 112 14 78 112 5 59 98 70 123 87 112 53 7 64 98 41 124 114 73
    7 52 12 27 69 8 97 117 99 84 83 74 124 64 21 113 127 76 45 5 106 98
    99 125 107 49 43 62 124 39 111 61 7 105 9 119 87 88 122 124 80 75 69
    43 42 93 103 30 97 62 19 65 89 29 108 15 4 40 102 108 118 75 26 87
    20 16 2 11 46 104 102 52 63 17 73 105 18 14 36 116 28 93 101 120 39
    39 45 6 109 67 110 51 44 15 50 92 22 90 37 127 16 16 115 16 26 73 17
    65 98 111 80 40 50 23 115 124 16 65 94 97 97 37 119 115 5 49 7 77 6
    88 117 88 28 109 121 62 37 75 28 108 3 121 13 19 6 94 2 14 89 103 21
    33 62 92 119 107 72 38 95 16 64 71 69 31 82 67 98 27 100 104 54 3 57
    11 118 118 42 33 74 27 54 7 15 59 96 9 66 125 109 89 57 114 13 39 83
    8 13 97 80 30 11 32 22 116 20 98 13 100 96 15 18 55 100 119 3 29 41
    121 3 21 4 65 51 79 8 94 82 127 63 89 122 50 58 88 104 112 124 103
    28 122 45 59 70 115 93 115 34 126 45 90 66 94 28 35 87 32 118 39 20
    49 16 25 114 96 3 41 78 108 105 40 50 8 78 10 70 29 3 76 94 13 78
    104 89 104 97 1 121 116 102 40 4 94 68 23 12 75 81 54 49 44 51 62 34
    96 81 68 80 23 96 74 8 102 80 12 87 75 6 4 103 7 114 70 57 51 22 46
    7 20 55 75 81 27 33 64 102 127 54 73 103 95 47 87 50 44 54 68 117 47
    60 98 23 120 36 100 48 59 122 93 27 37 72 47 68 32 26 17 70 40 76 21
    42 99 45 46 36 92 64 52 38 31 31 122 31 0 105 41 106 98 106 16 63
    125 20 84 90 18 77 82 60 81 120 42 111 28 80 30 68 64 77 127 87 66
    82 121 56 52 54 41 84 12 57 34 39 46 38 40 94 27 37 75 116 11 107 92
    109 1 52 33 33 106 7 102 112 3 93 97 23 97 124 55 31 52 23 81 14 18
    27 50 36 99 111 88 115 35 121 80 118 74 50 70 6 0 123 79 7 104 92 65
    80 27 39 42 18 98 77 106 61 79 23 33 92 25 89 36 55 42 82 122 53 114
    34 120 3 14 125 8 55 9 91 33 123 55 48 51 11 97 19 17 94 31 70 18 47
    16 16 45 12 67 44 19 63 80 28 69 53 37 109 36 54 79 87 23 109 86 36
    36 52 8 122 10 42 21 77 83 80 15 86 45 120 3 96 30 62 35 22 28 91 2
    49 7 52 83 34 56 85 67 119 125 72 120 40 34 115 91 76 112 99 6 97
    113 55 6 91 39 48 16 118 48 87 63 7 84 15 30 42 35 66 126 22 27 124
    23 58 6 45 16 66 51 55 90 114 37 104 123 29 19 103 55 118 8 58 1 62
    41 0 106 0 79 61 56 33 48 19 18 125 67 33 35 62 59 79 2 75 12 38 84
    4 113 34 2 23 36 40 31 5 5 15 5 24 109 24 53 43 41 16 31 107 16 80
    24 60 3 33 11 119 101 98 59 108 14 118 75 102 44 118 124 57 108 47
    23 42 54 31 99 64 56 28 8 0 58 57 114 24 78 44 24 55 41 22 123 19
    122 108 18 99 66 76 49 112 7 102 108 38 43 64 102 91 16 91 75 103 38
    59 86 107 53 26 121 29 63 80 30 48 64 60 78 48 112 99 118 70 43 115
    123 48 103 67 74 23 95 61 116 47 2 41 88 3 127 64 6 69 127 43 75 4
    52 39 17 56 89 55 111 10 3 71 86 19 33 66 53 65 28 87 52 21 126 47
    49 51 55 87 119 86 22 49 53 37 75 115 9 15 24 110 30 106 124 70 92
    81 60 26 118 97 125 104 25 126 13 124 93 18 114 90 72 24 62 113 123
    77 63 56 65 22 33 81 117 120 65 59 42 73 58 105 95 55 20 103 113 7
    33 29 63 107 60 59 63 99 22 104 72 29 88 25 19 69 62 61 103 74 98
    121 116 62 10 56 116 105 32 40 93 117 20 86 33 47 29 26 36 93 35 83
    85 76 26 3 10 51 71 91 3 82 83 46 56 62 85 115 16 70 24 58 53 96 109
    82 106 93 49 15 66 3 68 75 21 65 21 46 7 6 121 124 52 68 74 109 28
    114 72 80 94 120 116 70 76 60 17 77 53 91 81 9 56 123 103 8 45 78 83
    16 84 73 58 105 121 69 72 79 113 2 2 71 94 20 105 66 78 78 38 51 80
    118 100 22 87 7 73 41 25 35 30 40 59 83 11 56 62 55 67 50 87 73 57 1
    12 63 96 57 72 11 117 64 120 17 29 84 119 107 109 81 73 106 5 93 49
    44 107 9 47 121 64 83 70 18 71 55 98 123 72 74 25 97 69 35 57 63 18
    22 3 122 21 121 18 49 43 63 39 43 52 68 34 114 56 40 123 4 94 96 119
    15 82 54 8 12 113 0 38 53 8 66 30 101 39 42 107 126 60 57 81 16 35
    46 42 110 66 66 67 66 19 97 5 20 63 103 0 4 15 17 92 88 114 120 68 3
    35 124 48 91 119 39 97 30 107 56 70 74 50 53 95 108 117 33 64 15 76
    112 33 3 67 4 7 0 11 21 63 79 126 55 40 38 80 115 48 44 7 90 44 124
    5 75 67 72 125 20 127 117 96 85 58 86 120 86 0 20 115 119 108 23 98
    7 29 61 81 65 113 117 81 119 51 123 12 100 117 3 25 58 78 59 37 58
    93 102 13 63 20 59 125 34 40 84 114 32 75 106 104 14 42 35 63 19 56
    40 50 99 15 118 17 122 68 16 56 0 67 99 54 53 98 40 109 72 66 115 21
    31 26 102 7 67 26 1 81 110 95 124 120 89 100 98 45 86 71 95 49 93 79
    81 34 23 56 84 111 99 44 62 111 33 95 59 68 78 96 27 36 12 40 122 32
    122 97 10 65 94 126 31 12 113 110 77 20 124 92 30 60 95 72 76 58 46
    15 123 42 9 88 58 27 25 121 14 121 67 42 37 23 1 51 95 97 98 62 80
    90 82 43 76 55 83 5 51 100 38 101 22 23 40 6 47 74 44 68 37 70 65 54
    23 7 8 103 7 88 10 50 76 60 53 125 125 122 114 111 114 47 10 7 7 107
    95 68 41 36 93 14 5 62 0 117 52 41 88 119 29 17 84 13 56 120 119 27
    56 20 98 90 81 41 54 119 127 2 76 21 38 3 107 5 48 12 52 100 9 44 81
    70 12 15 67 55 1 29 102 2 82 120 43 20 1 27 92 35 26 12 88 53 55 34
    79 37 126 55 23 45 80 29 96 108 88 89 2 123 9 115 100 97 72 11 59
    114 72 99 116 49 41 89 32 101 91 113 75 0 40 49 20 113 92 45 32 105
    59 5 25 123 39 84 119 5 127 23 99 34 19 120 3 127 49 17 73 8 104 14
    54 67 103 29 84 12 109 47 4 26 9 94 27 69 49 66 93 62 0 95 33 33 48
    127 4 80 111 20 126 110 79 59 15 66 117 121 26 9 11 112 45 102 115
    90 113 116 113 41 23 17 46 71 72 105 102 111 20 7 72 53 101 32 77 21
    38 2 102 127 100 97 84 10 0 83 28 97 82 97 5 82 39 49 86 60 50 83 35
    19 118 83 127 63 36 39 117 33 41 10 87 123 71 7 93 87 114 62 52 18
    96 103 114 18 86 103 53 121 80 103 106 78 64 56 90 78 113 67 100 105
    62 112 101 66 107 103 111 100 17 32 16 93 31 35 77 60 59 6 120 54 41
    110 104 17 60 107 27 80 80 127 98 33 91 75 120 61 92 109 29 118 80
    109 126 100 52 71 11 44 29 100 107 45 14 40 24 6 86 94 109 93 22 91
    10 85 32 121 118 54 17 96 116 64 96 66 81 82 100 111 46 14 90 60 84
    78 123 85 44 104 114 25 90 1 27 5 69 74 3 68 87 88 21 46 116 36 13
    117 50 22 46 122 101 103 55 33 46 123 124 126 40 80 35 17 123 56 49
    104 122 16 121 12 53 106 42 35 70 127 99 127 78 9 64 84 30 39 120 17
    42 2 103 39 98 67 121 123 82 47 27 99 23 32 125 69 19 34 12 40 1 25
    59 6 93 90 92 123 80 0 81 48 63 41 111 19 50 4 40 83 26 32 4 105 70
    79 74 62 44 124 58 101 29 24 42 43 32 14 101 97 93 9 82 38 89 88 40
    125 20 6 109 20 61 61 10 0 83 67 104 106 107 72 64 24 103 52 59 6 47
    68 109 109 70 97 113 51 80 109 95 10 91 103 14 109 41 20 78 67 18 22
    54 33 83 109 116 82 72 1 38 83 120 111 122 32 15 44 63 60 69 94 80
    72 114 76 32 96 89 113 125 69 48 33 121 47 117 71 104 83 55 67 55 81
    73 22 67 83 47 21 67 81 34 33 80 76 72 18 78 2 85 52 83 87 84 61 32
    82 60 32 5 25 119 57 54 1 118 26 8 59 110 76 100 119 20 25 75 66 8
    67 39 116 10 125 50 56 109 11 108 30 14 113 43 104 26 59 51 43 35 58
    74 86 71 111 4 39 21 97 119 55 79 94 53 60 42 66 123 66 9 113 81 21
    1 117 51 30 12 120 122 13 88 72 110 43 22 86 7 41 51 17 29 81 103
    123 109 80 52 101 0 112 39 64 71 106 31 98 108 46 3 41 99 5 31 92
    121 59 114 49 14 76 100 34 53 107 108 106 88 94 72 16 34 25 43 3 7
    105 60 25 112 93 123 82 13 93 47 91 24 52 6 102 89 25 5 105 114 95
    123 24 5 67 81 29 122 33 21 49 39 121 107 68 87 65 90 5 97 101 58 96
    12 91 13 126 24 57 45 33 95 73 125 65 28 29 87 111 40 41 11 19 70 9
    42 97 110 70 7 52 60 72 38 110 80 71 115 80 36 71 57 99 82 25 64 100
    63 111 86 114 99 109 62 92 68 27 49 82 77 91 74 80 115 118 51 17 105
    4 49 64 76 23 117 112 31 46 13 125 112 99 90 23 74 106 85 6 81 57 72
    54 31 18 52 88 84 54 80 126 23 127 90 58 66 88 6 111 12 72 89 93 77
    56 42 73 49 49 97 2 88 2 80 8 115 20 80 53 44 8 5 6 19 115 52 87 12
    3 44 113 78 122 10 88 110 58 88 107 61 19 30 68 95 17 88 7 81 65 105
    59 84 80 14 70 22 122 8 37 4 78 0 85 92 48 101 71 84 32 84 70 94 73
    3 47 3 34 12 84 125 113 34 14 86 8 31 50 68 36 110 97 121 5 119 127
    36 90 60 71 34 28 74 38 17 90 61 122 23 90 10 76 64 110 17 22 20 60
    32 88 60 60 113 89 104 103 17 68 57 108 81 58 33 120 22 22 12 102 47
    115 24 2 98 120 38 123 98 123 84 62 20 49 99 44 88 27 93 122 98 74
    101 116 67 108 0 30 66 17 62 88 92 45 33 17 90 6 99 108 97 34 103
    115 58 31 76 64 79 120 13 16 19 29 41 83 82 51 60 119 127 116 82 115
    77 38 89 92 97 54 68 46 61 125 30 26 17 37 51 56 52 8 10 73 69 22
    123 87 21 44 91 81 89 95 73 21 20 28 13 105 66 79 34 91 65 81 26 48
    55 60 83 15 19 8 106 54 42 55 73 21 32 77 28 57 115 71 23 106 100 83
    106 121 97 64 104 95 7 51 21 2 90 3 36 77 70 30 13 22 49 111 95 121
    0 123 97 97 73 125 55 104 76 39 4 120 1 33 77 28 17 28 7 118 17 106
    115 124 118 42 124 80 5 107 47 9 57 42 86 1 110 8 84 86 7 40 105 2 9
    68 87 88 35 108 97 44 36 2 52 100 2 49 98 70 87 93 115 30 123 45 17
    110 103 86 46 105 27 107 105 121 90 14 50 34 6 95 54 50 2 80 79 108
    113 55 15 10 42 87 45 110 47 50 45 0 20 13 106 21 56 69 33 67 11 7
    80 49 114 2 90 86 40 108 12 57 25 71 27 16 47 55 5 28 40 62 58 77 86
    7 6 8 27 105 114 91 92 97 65 52 64 120 2 71 81 88 1 5 60 68 54 6 125
    59 110 70 63 124 105 62 120 40 78 109 122 110 98 30 35 121 108 92 44
    65 42 27 91 89 33 56 58 10 106 114 65 63 30 0 80 96 103 76 18 45 72
    123 33 119 105 62 63 41 125 39 24 26 15 1 39 116 98 106 62 30 96 30
    11 54 44 101 80 37 119 62 124 70 102 75 75 57 5 84 14 47 19 10 41 62
    17 28 27 126 64 118 18 87 65 92 46 62 84 102 65 41 58 70 25 50 120
    116 61 119 83 15 100 83 116 111 3 22 122 28 70 124 62 63 68 113 40
    68 18 15 36 28 92 23 72 36 20 96 71 70 48 79 17 55 5 79 63 30 47 66
    123 124 125 103 33 68 30 74 108 24 7 112 45 54 122 42 52 120 60 97 2
    55 85 81 60 106 52 76 100 88 101 0 89 119 119 64 97 0 73 111 59 57
    98 98 48 83 103 125 18 10 61 79 56 0 85 72 67 29 93 31 14 28 49 26
    114 127 86 106 117 33 85 87 66 73 41 80 63 49 48 5 72 65 43 2 57 47
    125 65 117 10 25 114 35 73 4 32 110 25 11 12 51 30 25 5 37 81 8 126
    49 96 98 43 37 20 77 96 86 116 26 60 112 35 101 48 115 49 0 115 111
    93 97 9 24 88 65 0 65 52 113 12 48 57 4 69 80 56 77 37 21 114 27 71
    33 108 35 112 18 51 124 62 41 6 75 24 117 16 36 28 11 67 63 9 89 24
    5 68 55 31 33 18 31 96 88 61 34 3 122 1 18 64 117 42 91 61 9 87 26 6
    117 127 98 80 108 101 11 77 85 41 51 5 0 54 30 125 73 35 59 98 50
    122 59 21 54 111 121 8 41 104 66 59 37 87 78 98 80 87 85 88 123 16
    35 1 48 66 93 75 27 60 121 26 105 126 11 121 53 39 85 26 53 88 58 4
    47 121 41 5 117 31 84 65 94 63 91 44 31 4 68 66 9 85 0 28 106 57 96
    85 64 25 48 120 84 23 47 90 69 100 66 110 66 18 127 119 49 91 47 40
    31 100 49 108 102 108 21 120 74 109 66 101 88 48 37 92 117 88 49 39
    103 97 21 52 52 74 13 10 26 58 6 20 101 125 119 56 57 67 15 95 25 26
    55 105 111 35 66 16 16 99 79 1 50 71 25 54 45 47 101 123 14 65 60 13
    8 53 61 92 122 116 102 118 53 47 81 14 106 110 127 51 49 27 34 53 46
    108 41 58 19 59 125 81 106 84 2 29 4 101 89 4 12 10 40 27 52 90 81
    122 59 38 99 9 4 109 123 97 103 83 67 24 84 72 72 95 89 37 123 113
    54 52 94 111 1 8 10 44 127 10 113 75 11 115 16 36 108 11 123 11 92
    51 71 76 6 78 10 83 55 90 6 63 54 119 96 87 116 126 101 23 21 20 73
    42 122 1 127 127 97 28 17 5 30 85 34 69 7 102 64 88 63 100 9 29 71 9
    110 30 10 29 54 10 60 84 111 66 62 113 28 60 68 101 103 35 26 54 107
    3 62 25 87 63 64 1 10 19 23 50 89 69 113 120 75 125 57 50 102 20 33
    73 30 127 125 93 2 102 123 79 120 26 108 106 68 92 103 84 52 40 71
    60 1 53 120 122 7 39 54 85 104 79 82 81 123 124 34 36 41 35 106 121
    86 58 18 34 85 62 122 35 51 56 114 117 52 81 69 29 10 57 34 14 18 49
    15 59 86 13 102 95 119 30 20 2 28 104 45 33 11 6 114 77 107 50 93 8
    60 28 19 107 123 37 11 50 122 45 4 18 95 73 122 8 118 115 82 20 49
    99 65 113 29 90 46 92 65 32 86 15 53 60 53 46 40 101 103 79 52 65 34
    53 77 119 89 16 90 107 77 53 15 106 92 81 111 73 46 96 77 41 16 63
    100 57 114 81 80 96 10 24 9 42 4 77 84 110 14 66 88 23 53 123 30 103
    81 77 90 94 6 105 18 84 46 22 28 12 75 37 82 77 54 124 117 93 52 71
    50 99 28 125 26 50 78 1 49 29 39 122 87 87 73 59 52 100 82 11 84 18
    98 62 34 78 23 124 126 84 28 63 96 10 117 12 31 77 63 87 126 116 1
    119 45 5 89 115 34 119 116 68 17 57 88 30 14 102 103 101 26 52 46 94
    65 47 75 114 8 97 36 123 84 54 99 30 5 4 29 113 31 59 25 108 83 55
    75 48 98 73 104 53 63 73 56 52 98 48 34 44 83 68 3 83 108 30 103 18
    116 40 95 10 49 4 61 32 63 46 58 97 2 72 34 43 34 83 23 38 86 74 115
    48 91 48 90 63 96 104 71 55 77 116 85 52 75 0 127 49 4 111 103 122
    14 2 70 119 8 47 81 118 126 100 121 75 65 73 125 79 28 123 57 119 82
    85 6 109 93 114 90 56 52 53 17 43 52 16 77 1 120 24 7 0 91 8 45 56
    90 56 55 110 110 60 50 110 79 78 67 26 86 101 8 25 64 13 89 100 7 22
    33 59 10 78 83 53 113 64 110 59 65 27 63 1 73 93 84 49 17 114 57 91
    98 47 49 34 112 33 0 109 29 114 125 119 86 75 20 27 79 108 119 103
    41 33 69 57 71 72 69 16 100 59 70 56 119 71 75 58 88 73 37 78 17 20
    84 80 114 38 79 124 92 68 59 120 4 49 112 13 49 118 5 79 108 106 79
    111 79 103 119 94 110 71 85 11 112 18 70 25 23 33 16 88 104 84 79 3
    68 115 108 78 104 29 116 19 93 85 13 114 56 26 72 78 0 39 118 65 14
    66 82 117 86 43 101 75 77 125 69 48 101 43 14 76 105 34 124 40 13 2
    68 65 45 95 109 75 95 87 22 47 39 117 78 72 102 44 119 65 99 68 43
    41 58 66 41 115 24 82 10 20 77 120 63 96 42 66 53 98 42 83 118 64 92
    24 122 73 56 30 87 115 66 79 31 41 106 18 118 23 9 62 104 73 37 107
    89 19 102 67 57 10 23 31 88 36 57 29 15 41 55 14 91 35 61 66 104 62
    19 113 29 119 91 106 99 29 105 92 111 22 73 109 26 35 118 38 90 28
    99 59 21 94 72 117 43 53 23 70 6 11 103 97 23 77 17 68 108 116 27 42
    29 110 95 112 41 96 25 115 87 99 115 111 116 78 73 113 105 123 115
    92 121 125 110 78 41 26 114 98 93 117 52 109 41 44 26 2 113 117 76
    10 69 124 18 39 101 86 100 81 36 49 51 56 72 55 123 100 67 52 13 82
    126 51 89 21 7 89 120 95 99 19 50 61 123 101 24 29 54 95 111 106 51
    39 125 53 126 31 80 35 3 114 102 55 83 76 96 125 87 65 67 86 38 4 99
    59 107 47 21 71 65 49 99 33 50 102 42 33 123 48 91 108 72 16 94 104
    122 115 100 81 98 67 81 61 57 31 117 75 103 80 80 0 69 30 69 30 29
    114 2 80 46 82 86 93 29 127 47 81 106 5 42 118 5 4 99 3 82 92 89 53
    120 51 36 85 119 2 49 110 91 73 104 23 35 3 85 12 76 45 47 109 79 19
    55 115 77 11 117 53 40 53 26 42 4 97 25 29 0 40 4 1 42 122 85 26 83
    1 56 114 81 43 78 38 60 46 45 105 94 106 50 109 22 109 59 24 51 83
    116 45 75 6 74 109 98 100 45 97 104 23 53 30 105 125 70 100 40 24 7
    18 8 89 6 83 16 27 114 13 65 74 49 115 92 53 73 87 62 37 40 5 99 124
    16 109 127 111 24 49 108 71 99 97 112 56 1 99 72 80 22 111 105 122
    69 7 120 3 84 64 124 66 54 89 26 43 86 47 74 100 113 77 47 108 115
    109 13 17 48 124 11 33 0 68 78 97 28 27 24 63 123 78 99 68 9 73 83
    123 29 74 90 71 52 85 28 37 85 55 57 42 94 80 55 0 50 17 113 103 51
    74 66 15 122 68 36 79 19 48 10 4 64 34 9 35 91 75 18 121 60 122 85
    36 97 77 67 41 2 39 73 119 53 105 68 69 53 83 46 85 37 98 9 37 54 56
    3 106 4 123 67 2 61 11 81 14 87 18 57 123 26 56 62 110 86 88 37 7
    125 104 94 80 107 16 105 124 108 0 52 3 78 125 107 33 30 59 39 104
    109 86 96 30 39 114 3 106 11 54 35 18 98 37 104 47 15 26 109 43 23
    69 83 85 29 92 11 29 68 114 67 106 8 113 62 13 13 123 119 62 1 76
    112 63 112 18 75 117 97 93 118 49 29 111 15 111 41 20 46 37 83 51 94
    100 48 23 52 93 109 97 69 18 112 76 56 37 6 10 65 113 91 69 24 123
    27 36 33 11 40 120 119 24 83 88 23 87 80 120 107 0 110 114 11 41 35
    89 46 115 15 119 3 7 100 100 70 55 29 76 120 2 73 48 91 39 42 122
    105 5 23 80 46 2 72 11 48 6 90 6 101 45 124 115 90 62 25 50 59 88 18
    2 32 114 61 93 61 111 11 45 66 13 27 87 103 19 60 106 89 89 47 118
    71 101 87 58 89 57 77 109 124 96 45 97 85 70 55 33 63 67 3 104 98 16
    122 58 90 65 49 91 67 103 45 77 42 10 65 106 90 110 124 26 71 10 53
    108 66 75 1 66 111 40 5 23 75 112 118 60 72 77 38 38 31 18 59 81 116
    99 34 125 94 103 113 42 55 2 52 79 107 90 71 8 17 9 23 113 37 72 62
    15 93 66 54 54 113 79 33 58 58 27 2 98 27 76 115 17 121 58 85 92 102
    101 69 112 41 34 44 88 15 13 50 44 35 107 105 122 15 84 37 121 50 59
    45 117 109 78 117 57 49 13 20 72 74 113 37 6 47 112 98 65 77 86 65
    72 52 51 76 97 1 25 69 55 91 97 120 21 123 62 10 14 95 67 121 109 77
    70 127 38 19 28 123 94 98 19 72 63 96 84 66 58 91 107 108 63 67 13
    41 101 122 92 15 10 123 73 32 87 53 1 10 120 9 24 58 84 8 82 47 93
    49 63 83 46 20 90 77 4 27 48 84 127 86 109 49 16 34 65 12 68 73 23
    110 17 120 124 66 40 52 56 47 108 48 92 15 11 34 127 25 38 87 105
    101 74 50 96 19 47 19 20 53 90 28 96 74 70 87 40 62 60 125 50 75 2
    62 17 32 107 62 71 61 51 23 7 53 52 3 93 91 21 92 74 61 123 68 21 33
    51 25 50 103 16 82 113 31 74 122 43 40 39 70 76 69 64 25 127 51 43
    124 127 68 10 45 32 95 18 72 46 44 19 49 127 90 97 92 68 0 87 16 38
    49 40 96 26 31 102 64 61 58 122 87 66 15 93 87 107 47 32 30 78 54
    118 99 11 109 11 85 64 86 106 78 43 90 59 109 93 21 6 51 38 121 2
    110 11 34 103 14 123 110 101 6 112 45 8 92 87 110 39 123 57 78 16 46
    74 29 36 43 47 22 31 111 26 86 95 41 88 98 127 21 109 122 122 90 100
    127 25 80 35 57 82 95 38 73 24 79 36 115 56 126 37 41 120 106 104 44
    60 65 84 102 1 20 121 105 20 82 16 53 67 89 25 13 82 11 70 127 119
    116 126 84 28 33 83 83 12 44 19 80 88 7 64 40 32 10 120 4 4 22 85 11
    93 0 126 117 105 100 21 56 15 92 16 87 9 88 35 115 11 111 13 97 121
    13 41 58 122 42 85 58 12 3 100 105 114 86 72 3 70 114 7 109 99 57 0
    18 21 65 1 17 65 41 37 53 44 126 127 30 105 75 71 12 33 29 19 71 117
    84 92 44 80 118 28 9 37 29 69 119 55 121 58 11 10 52 48 111 91 116
    14 92 37 24 117 5 87 62 104 34 110 46 2 123 76 14 80 17 47 1 42 117
    103 48 34 85 81 114 53 83 26 79 105 10 108 33 76 80 33 125 96 24 37
    104 33 90 13 57 32 34 48 65 7 70 120 101 102 109 13 15 0 41 112 98
    33 12 43 48 127 100 38 44 12 44 5 41 13 83 82 9 110 108 84 25 116 39
    41 62 120 71 76 83 54 40 63 116 10 75 48 121 97 117 60 51 23 48 65
    51 6 93 74 38 100 34 92 72 86 90 63 109 88 122 111 53 74 60 67 120 9
    100 23 105 89 126 19 31 114 54 20 36 76 70 9 46 42 93 13 14 82 68 12
    51 78 74 53 10 0 23 3 17 61 44 107 69 87 88 27 85 47 109 16 43 18 1
    123 120 3 97 4 32 14 39 24 123 31 79 91 18 74 20 42 49 65 27 82 13
    19 90 60 62 2 107 25 0 70 11 14 41 127 68 55 36 106 51 105 43 105 35
    96 123 19 39 103 73 20 60 25 114 60 75 83 89 10 4 103 115 116 86 92
    125 114 77 35 95 13 22 115 86 12 91 75 100 71 60 34 60 110 38 23 107
    46 57 89 56 121 73 17 96 19 99 84 65 120 115 67 114 49 88 43 118 25
    57 77 41 108 33 92 99 35 28 94 85 124 47 87 11 70 34 66 106 21 100
    101 86 53 9 18 71 7 43 109 2 115 71 89 15 124 85 22 64 43 107 38 47
    22 115 95 74 123 97 95 33 19 120 33 57 17 101 103 66 5 60 98 71 106
    2 45 91 105 58 28 6 1 98 13 25 38 100 56 118 63 19 53 45 110 86 118
    34 49 88 21 80 111 94 6 44 7 80 98 111 123 104 106 84 57 116 92 110
    110 62 22 98 118 95 80 24 30 47 59 102 122 0 35 84 93 37 87 49 98 43
    6 97 65 13 23 118 36 89 59 33 77 25 38 2 83 124 114 72 44 59 92 57
    88 44 22 16 75 3 29 49 14 25 118 42 96 40 100 111 39 82 42 0 52 52
    38 76 74 79 31 126 9 106 61 34 38 52 34 50 45 49 20 39 54 91 127 61
    12 0 10 12 124 112 35 98 34 0 24 26 77 100 7 91 121 58 34 107 32 24
    27 97 123 86 121 111 55 93 76 58 23 52 87 24 63 41 95 49 30 22 67 6
    92 54 60 125 117 116 103 84 45 71 125 109 99 36 41 117 30 42 60 116
    127 29 89 3 87 117 9 120 96 8 21 36 49 8 54 16 97 101 111 34 75 84
    37 108 22 14 8 95 48 45 49 49 101 37 93 112 12 118 36 37 22 84 46 70
    16 1 103 0 121 78 59 124 68 117 37 114 3 55 5 93 106 124 21 39 48
    117 116 79 112 79 52 28 77 109 22 4 13 81 110 115 47 14 77 63 95 127
    26 55 104 8 19 58 28 125 51 77 17 40 26 65 6 35 71 29 126 120 59 118
    98 106 114 31 14 109 97 10 115 126 10 22 34 93 50 45 15 101 57 46 48
    58 92 73 25 2 113 88 13 117 85 71 13 127 71 98 40 30 108 31 116 98
    58 102 35 108 53 29 119 66 89 11 40 59 127 7 106 11 55 10 77 63 66 3
    49 72 12 113 82 119 110 5 98 67 72 90 84 95 68 8 123 103 14 13 47 22
    2 105 82 104 8 37 43 28 74 54 90 92 99 126 11 38 104 49 20 23 45 103
    56 21 87 3 43 56 39 124 17 127 24 56 19 102 90 4 68 75 97 127 43 53
    120 0 86 49 1 104 70 110 94 118 20 122 14 47 118 107 46 31 64 126 10
    27 23 95 61 126 94 116 13 120 113 108 52 64 12 100 7 0 64 64 98 120
    60 114 44 88 35 72 29 42 103 16 123 67 9 119 39 85 80 51 108 44 52
    67 12 93 96 96 37 22 12 111 17 105 79 124 46 16 63 2 9 61 18 126 106
    3 58 107 39 126 114 82 55 67 7 90 106 62 121 75 49 20 21 12 61 52 51
    38 106 7 115 0 118 37 30 86 107 81 72 64 6 55 90 85 19 14 26 87 123
    62 3 40 13 80 5 51 2 89 92 79 72 4 4 15 73 59 126 117 29 67 99 119
    53 56 30 108 79 102 59 9 82 73 80 37 88 52 59 7 91 60 23 69 61 46 45
    106 108 127 40 90 53 77 101 22 13 49 74 110 5 28 73 63 35 53 95 107
    51 113 13 93 30 22 117 6 86 43 108 3 21 127 26 28 113 15 120 21 108
    31 88 37 62 116 79 76 81 111 40 55 48 92 93 18 47 30 21 61 106 119
    91 21 58 115 99 30 58 10 63 102 77 87 86 81 120 19 59 8 122 114 66
    53 121 108 21 1 98 50 55 35 63 22 32 43 118 108 7 114 19 116 101 26
    67 0 58 39 63 66 37 40 38 90 29 117 92 69 0 105 66 84 12 15 71 52 79
    13 61 43 96 90 47 4 54 29 92 19 19 28 94 97 56 47 76 49 51 76 38 118
    91 86 127 106 52 66 40 16 86 104 62 69 44 12 116 48 13 20 60 93 107
    91 124 108 71 10 16 87 31 2 103 6 35 120 2 116 64 26 96 0 16 4 40 70
    126 55 15 51 94 57 60 15 63 21 48 121 22 33 50 115 68 95 47 76 33 81
    120 95 8 125 46 119 120 98 13 86 47 31 2 21 77 43 44 93 125 53 80 67
    21 28 60 94 103 22 38 111 127 123 55 11 87 124 36 93 8 57 107 39 77
    108 45 87 54 63 81 94 115 39 67 105 50 19 36 13 112 106 7 39 34 2 15
    63 89 25 81 0 35 70 91 95 29 108 82 1 10 122 89 82 57 107 107 16 6
    109 7 31 22 84 85 74 83 97 48 83 22 42 95 107 9 63 70 76 48 57 43 30
    15 14 103 20 25 82 27 19 122 117 23 29 11 42 55 124 63 88 11 34 36
    84 84 16 15 119 6 72 120 81 5 11 77 125 50 16 56 94 49 84 21 99 8 1
    77 42 116 84 117 79 93 108 110 71 21 58 77 64 109 45 24 110 21 73 44
    43 99 94 65 92 101 67 31 123 74 10 58 46 51 106 85 117 87 92 105 2
    81 8 4 79 49 38 119 121 41 28 113 74 6 118 102 19 66 113 0 37 35 57
    53 77 35 14 125 80 49 122 38 74 2 82 20 117 109 106 3 81 5 45 74 105
    76 48 76 88 45 49 117 87 43 79 107 114 30 105 105 65 43 44 64 92 98
    43 75 86 75 112 27 53 120 70 121 26 102 22 86 90 9 51 30 17 2 11 92
    42 100 78 115 44 114 48 29 41 41 84 59 61 64 76 36 12 0 2 54 39 45
    100 85 20 36 93 98 12 34 114 35 55 47 41 55 10 113 75 84 113 40 111
    124 53 61 63 103 90 99 11 2 127 35 30 8 127 41 37 118 56 12 28 67 66
    25 1 121 100 77 88 101 66 89 1 28 126 92 108 57 97 98 75 66 107 57
    48 81 79 17 108 44 24 13 72 68 47 82 41 77 89 55 46 52 60 56 33 42 7
    73 13 90 11 77 9 99 100 106 48 108 37 97 100 50 100 71 7 41 8 79 12
    45 31 100 76 100 108 30 49 114 125 111 56 68 63 64 34 15 65 38 40 16
    62 52 59 111 105 5 109 61 6 12 96 90 100 111 63 78 90 72 26 89 2 76
    90 60 56 64 86 120 53 54 53 40 44 115 76 123 1 6 10 32 33 104 37 6
    125 42 16 30 46 15 101 1 67 33 120 44 55 117 101 74 40 109 18 108 93
    117 33 15 90 91 55 55 105 9 6 32 98 102 117 42 36 127 39 113 22 71
    107 41 51 48 83 13 30 27 109 112 80 95 96 44 94 95 117 99 27 67 110
    21 74 101 94 60 41 127 117 16 6 13 55 32 85 109 118 109 19 38 98 18
    89 123 125 94 87 52 34 125 6 124 106 67 119 26 18 82 108 52 54 62 16
    44 13 58 86 4 118 35 16 43 64 81 59 45 77 89 109 125 81 31 61 105 33
    63 101 56 48 32 61 20 96 95 12 97 105 16 35 86 108 16 75 58 50 48
    105 2 52 122 16 80 64 55 91 66 11 101 40 22 96 27 49 72 92 33 62 79
    69 1 30 109 76 93 79 37 26 59 46 38 93 124 66 111 40 12 26 107 40 55
    20 30 1 1 5 15 99 17 1 17 51 35 46 82 45 92 37 79 125 17 21 114 25
    76 30 126 97 126 53 38 117 93 116 7 15 42 8 76 86 41 51 96 84 55 98
    2 66 8 99 18 115 53 25 4 43 44 74 59 100 124 90 43 16 54 107 5 44 99
    55 86 105 100 53 88 90 44 10 121 14 81 13 58 11 57 75 95 48 70 49 89
    4 124 26 77 123 12 74 74 108 123 102 60 102 51 95 118 66 44 69 38 78
    26 116 2 70 100 89 122 89 14 101 10 18 91 16 100 35 43 126 32 6 119
    61 118 36 61 111 83 106 115 79 70 57 66 13 51 28 84 35 8 118 111 31
    82 60 91 118 116 116 59 110 54 80 3 26 1 4 81 68 36 104 5 95 121 49
    51 18 107 78 46 113 100 61 111 117 10 116 114 9 98 19 1 31 49 18 39
    49 70 46 80 69 29 103 33 112 79 48 9 57 51 16 110 118 112 51 63 26
    26 120 21 46 10 121 39 40 48 27 28 125 19 110 88 25 102 90 9 94 1 7
    2 41 28 29 58 33 99 66 84 100 89 104 62 4 4 22 120 20 67 32 31 40
    108 73 88 34 36 57 88 10 93 75 54 77 9 61 80 100 110 97 111 119 123
    110 22 121 106 92 98 88 54 112 18 97 14 38 109 79 6 113 65 114 125
    68 113 82 47 106 72 8 39 77 57 27 11 127 10 83 111 42 124 32 58 81
    76 55 50 69 120 26 127 73 94 56 85 17 61 56 85 121 93 116 1 51 61
    109 53 64 106 54 110 4 25 115 87 80 93 89 50 82 93 67 40 95 6 108 14
    23 5 60 69 97 125 26 46 102 51 57 70 127 89 12 46 36 22 17 97 123 93
    20 56 80 106 84 24 105 101 26 121 126 52 123 85 48 117 15 35 116 123
    110 35 32 40 54 1 112 94 89 0 11 68 68 3 43 15 12 31 72 37 22 76 50
    1 110 97 21 96 42 126 113 98 17 46 109 117 98 50 62 46 101 99 11 81
    24 82 57 63 56 104 78 51 105 28 70 18 55 18 118 104 30 105 105 23 0
    69 19 52 38 60 86 100 9 110 77 103 123 119 51 36 113 3 72 69 12 126
    96 84 33 23 40 59 31 91 65 108 17 90 105 97 61 3 60 74 22 50 51 12
    28 124 118 81 112 1 46 4 100 83 32 116 10 41 90 19 10 15 45 42 115
    73 31 41 42 70 32 122 26 75 60 10 77 122 57 94 70 80 11 81 111 56 71
    27 112 126 80 118 78 37 59 29 75 5 43 102 14 59 8 55 0 3 73 82 56 87
    97 23 10 88 64 66 2 102 99 14 7 80 45 71 36 102 53 118 81 69 73 90
    29 54 96 3 100 87 127 24 2 69 89 106 41 98 113 97 48 124 27 115 67 6
    26 101 5 100 8 102 76 76 29 95 8 113 107 86 109 21 79 43 66 43 82 24
    64 99 122 26 60 17 32 15 0 49 45 22 30 94 20 71 120 63 102 17 92 55
    127 96 47 112 49 105 77 2 16 56 18 5 79 61 44 9 88 94 125 58 64 93
    32 100 92 88 124 61 79 81 117 14 46 106 78 6 40 94 72 109 42 94 87
    96 22 67 67 84 12 67 22 29 29 127 71 81 4 73 24 107 82 78 46 94 11
    39 110 85 80 21 108 14 32 83 30 111 74 60 126 48 91 93 53 40 73 34
    32 55 31 107 73 127 37 121 23 72 35 43 78 13 27 32 93 7 64 109 111
    58 44 47 49 32 98 102 86 91 22 59 30 93 87 115 36 53 58 122 65 98 44
    90 70 78 101 121 95 33 10 8 65 89 103 38 74 9 90 32 69 23 16 51 94
    88 44 13 27 41 10 48 98 21 82 29 60 125 94 100 27 22 40 86 67 82 68
    125 104 111 54 28 35 66 76 124 63 9 88 67 16 0 14 38 114 88 38 121
    74 8 95 57 1 68 65 96 125 28 86 104 21 57 81 37 22 28 78 125 98 40
    54 78 14 126 46 39 98 94 48 49 44 1 37 30 59 75 67 99 81 18 48 5 84
    33 116 70 11 73 83 19 41 10 7 97 7 88 9 5 52 25 57 81 46 96 45 11 79
    121 67 87 97 54 42 59 72 29 98 34 97 4 69 40 58 58 26 117 67 45 16
    57 26 103 123 26 31 56 63 86 80 74 45 98 107 34 116 114 81 25 1 98
    20 126 19 53 81 80 71 3 80 28 64 91 22 67 36 36 122 80 72 75 73 103
    54 45 105 26 54 95 60 95 84 85 53 28 14 52 104 18 65 80 86 76 87 67
    65 38 112 124 38 92 121 94 72 64 101 21 4 2 74 24 69 48 7 6 116 102
    119 89 22 118 90 108 72 17 96 36 58 72 86 120 57 87 10 79 41 122 13
    16 11 5 29 109 3 76 124 31 0 117 29 110 105 121 18 77 34 115 103 44
    1 69 89 114 99 107 118 32 34 23 3 86 70 32 5 75 51 80 117 48 97 55
    51 81 76 40 20 94 36 102 38 36 27 93 73 114 12 55 23 65 64 68 122 81
    88 6 65 88 124 56 118 82 36 56 101 30 109 43 121 90 1 14 84 0 68 5
    79 121 90 30 41 125 52 106 114 58 76 98 86 54 118 92 18 50 75 7 98
    116 101 43 73 20 41 9 90 18 53 111 114 67 88 77 39 125 63 111 79 65
    40 101 121 44 92 97 91 96 76 44 34 13 100 83 105 63 125 105 49 45 85
    3 22 39 40 15 100 100 10 97 31 64 64 72 98 100 37 90 108 68 22 24 97
    77 37 46 50 100 110 34 14 81 83 31 58 63 69 98 5 91 83 50 82 3 124 2
    1 59 65 50 19 63 33 49 23 18 26 28 7 70 114 71 54 41 54 58 50 99 36
    35 89 19 14 53 68 82 89 110 127 73 51 125 116 9 1 99 125 59 71 36
    107 74 15 73 49 98 100 22 90 75 78 81 82 42 61 106 30 46 25 68 116
    41 15 8 14 88 54 58 95 37 108 13 104 65 1 80 73 51 65 35 39 98 105
    60 105 5 45 74 122 93 69 27 127 37 34 42 63 8 58 91 47 9 35 7 7 5 24
    41 100 110 89 67 104 64 114 5 19 62 101 65 14 109 107 26 5 110 64
    111 81 115 102 77 85 106 101 105 53 33 51 86 38 117 99 47 73 119 65
    118 70 117 32 98 70 86 5 1 80 95 24 55 64 103 79 92 115 42 104 63 96
    101 77 123 64 3 114 107 117 98 12 68 41 65 7 115 17 16 48 125 56 104
    35 118 49 110 10 83 121 110 36 1 75 66 120 16 45 71 98 37 35 98 105
    85 28 7 69 23 64 89 96 30 1 17 105 27 120 31 56 69 59 54 43 38 15 17
    73 119 5 76 94 32 44 11 74 88 20 86 31 52 119 53 62 43 107 16 15 99
    53 34 97 46 125 121 86 84 127 88 56 99 16 62 44 28 55 69 24 50 97 28
    51 113 86 59 61 117 108 116 19 54 29 46 62 127 77 101 3 79 104 80
    119 53 54 56 47 98 45 21 88 109 86 122 9 4 17 66 1 86 55 3 82 18 65
    31 56 38 58 116 6 114 90 30 41 21 33 21 18 8 86 123 82 42 99 23 104
    67 54 57 54 12 72 120 51 52 74 24 22 87 75 16 103 106 19 33 114 88
    91 112 23 10 102 10 7 30 55 100 124 111 64 21 114 36 79 53 58 81 90
    99 125 20 101 53 109 91 118 48 40 20 102 17 3 28 62 8 4 37 3 103 26
    1 6 67 55 119 20 120 63 87 32 26 114 11 68 23 12 7 30 70 31 52 102
    76 13 121 69 38 108 4 29 42 18 92 54 89 103 29 48 103 78 17 110 80
    24 33 110 16 26 116 77 10 10 15 18 73 106 64 79 17 13 75 68 63 29 60
    3 85 113 48 120 47 91 124 2 89 9 62 84 49 122 86 79 88 95 1 103 0
    126 31 19 63 97 88 4 81 21 64 20 31 117 102 4 72 73 61 94 99 94 88
    97 55 78 102 78 80 86 78 52 12 7 120 123 26 115 59 126 124 56 68 8
    127 33 107 53 43 19 26 119 86 8 126 111 104 85 78 109 123 101 121
    101 73 32 115 74 24 84 85 127 15 93 70 5 35 115 58 39 46 29 6 107 22
    99 94 112 14 3 5 26 57 80 123 81 125 48 106 9 121 16 81 119 80 112
    18 127 81 103 66 5 120 75 49 72 88 32 107 89 28 35 49 57 53 113 102
    120 123 78 73 111 99 43 66 80 29 9 37 63 49 43 107 115 122 69 47 124
    70 125 122 118 57 51 6 73 49 11 42 42 126 30 5 13 26 54 95 55 90 94
    91 40 67 117 28 88 63 45 58 10 70 0 56 106 13 74 11 59 92 73 104 18
    25 50 40 15 81 59 40 18 15 82 41 21 30 39 74 76 87 6 32 62 42 31 78
    71 0 127 97 104 28 72 22 127 31 113 20 47 10 72 60 102 85 37 6 6 123
    15 109 39 76 35 18 5 47 93 107 45 43 117 82 67 119 44 121 73 122 78
    4 108 108 37 23 70 20 37 56 32 120 118 29 92 100 29 19 82 48 94 98
    91 111 71 1 103 64 36 82 74 126 27 51 77 84 25 7 49 125 76 113 97
    112 116 80 112 94 90 59 56 93 84 33 124 11 96 119 74 98 12 19 117 10
    119 97 107 52 71 34 108 93 107 3 26 2 82 6 63 3 108 77 32 55 113 115
    14 4 86 84 30 3 119 59 5 107 5 4 57 114 25 37 75 68 78 115 78 3 24
    127 15 47 112 102 43 0 50 26 126 45 116 40 87 14 61 47 86 114 54 25
    50 68 39 120 127 42 73 50 99 102 92 85 45 61 85 14 85 113 13 80 55
    109 93 60 51 102 61 23 86 1 84 66 74 94 82 33 82 54 50 76 58 23 76
    37 7 117 26 24 31 89 42 106 33 103 108 53 76 63 93 98 57 77 69 124
    49 109 32 109 123 26 20 83 25 41 81 113 10 36 21 23 50 26 73 48 1 64
    81 78 54 37 127 97 104 112 23 67 80 11 2 125 111 87 97 86 42 120 70
    6 56 31 87 70 125 51 14 59 25 120 17 7 9 15 89 40 110 20 47 73 49 54
    108 79 26 80 103 39 96 100 62 82 50 8 73 2 126 36 57 75 9 19 19 77
    52 7 18 52 42 20 3 119 100 2 59 53 116 13 17 30 19 55 14 89 58 119
    97 49 63 13 57 28 14 62 19 119 41 102 49 54 37 116 127 12 59 67 58
    13 51 34 107 2 101 98 70 107 17 105 124 122 83 30 83 28 8 34 45 26
    76 20 88 53 43 104 17 2 90 13 103 124 40 97 119 45 124 101 59 68 19
    5 2 53 51 46 56 22 55 56 5 68 120 17 38 92 63 1 114 113 2 29 3 11 13
    62 115 32 40 99 4 107 59 50 121 84 125 52 20 19 13 55 72 26 12 71
    112 88 93 93 82 75 31 104 38 88 62 31 107 60 93 108 37 17 116 10 89
    88 48 17 83 24 105 126 14 72 77 96 46 120 28 61 124 46 75 107 28 26
    49 65 66 64 42 84 127 11 18 28 49 11 86 97 8 118 42 62 73 74 87 40
    100 122 126 18 44 82 27 73 71 37 60 9 57 77 111 123 100 65 95 63 93
    83 33 91 109 54 23 29 21 29 43 35 35 110 84 94 18 112 73 31 94 83
    105 32 25 31 84 99 82 114 27 62 66 95 73 46 64 104 2 30 17 47 94 65
    46 127 119 69 15 5 97 86 47 119 3 64 35 54 69 88 18 14 37 80 7 65 60
    127 40 43 22 14 115 84 100 123 102 96 55 124 57 44 4 102 127 125 90
    40 76 86 117 48 13 24 111 118 96 85 43 22 81 100 46 21 34 108 95 79
    59 16 42 114 91 12 31 3 25 82 74 24 30 7 118 82 53 5 123 106 28 70
    111 40 28 32 76 4 6 105 52 26 93 110 31 24 28 96 6 65 47 125 56 17
    79 10 15 54 109 34 86 11 97 42 66 88 11 56 119 39 14 23 118 63 69
    103 12 41 82 116 108 107 100 69 6 41 115 8 97 20 70 54 73 35 79 61 8
    20 2 64 94 93 114 13 39 125 116 45 4 110 104 71 121 64 76 72 33 40
    111 42 0 80 104 99 88 34 69 19 72 91 36 18 63 71 33 69 49 41 15 48
    94 105 29 32 29 100 116 32 44 46 7 34 108 77 15 51 97 43 29 61 6 2
    26 29 17 79 59 97 118 53 121 101 102 64 65 94 1 52 70 17 111 125 49
    23 95 110 29 127 101 109 88 78 110 3 51 28 90 115 45 41 123 86 97 15
    79 89 23 9 27 114 106 112 91 118 94 79 72 68 93 91 29 81 110 84 102
    41 5 89 101 7 84 120 103 22 41 4 62 53 105 78 10 3 122 115 104 40 61
    9 50 23 27 91 10 98 76 105 101 0 102 111 117 91 112 112 72 101 51 25
    16 124 109 122 90 102 110 96 48 78 63 82 50 17 4 77 29 100 3 66 109
    116 120 10 76 121 67 83 64 10 25 46 115 84 69 31 12 36 53 55 67 71
    24 115 39 120 8 64 96 102 2 71 87 1 53 63 36 76 123 89 106 59 55 40
    16 59 25 21 7 26 117 27 47 49 115 77 29 87 109 37 105 53 1 51 20 56
    35 24 64 16 63 10 86 44 7 98 76 116 83 121 29 94 85 115 19 104 50 91
    7 49 114 88 21 37 16 84 89 104 8 3 5 116 80 103 39 10 83 59 79 0 43
    112 33 5 18 116 13 101 25 90 112 39 83 61 101 121 68 107 36 43 36
    117 45 83 76 72 24 127 108 90 118 58 25 28 11 28 40 50 65 64 15 71
    40 17 70 118 46 48 68 39 60 113 80 124 83 53 98 23 89 21 19 18 127
    91 57 83 116 39 25 44 124 68 34 7 113 102 26 45 115 41 95 45 50 12
    31 39 53 106 91 33 46 26 63 68 27 82 97 52 16 3 46 105 93 19 104 127
    79 45 60 23 65 98 1 10 13 39 66 78 20 127 18 103 97 122 72 28 83 59
    127 77 56 79 104 5 19 46 41 72 100 54 125 47 55 15 57 37 89 62 5 12
    118 121 3 10 69 65 27 24 24 75 80 8 53 72 21 51 125 72 88 100 6 15
    67 48 6 125 12 2 19 31 79 80 103 79 114 112 88 28 24 16 75 89 71 58
    13 7 6 66 116 44 127 67 127 68 64 19 20 102 6 91 99 63 80 30 61 36
    122 98 95 60 49 58 47 36 119 96 20 96 68 0 48 27 107 9 56 64 23 72
    40 111 77 24 52 80 113 101 45 120 109 125 71 28 51 0 127 119 36 121
    3 93 75 28 5 58 33 51 112 100 12 65 42 17 120 62 39 11 116 88 126
    122 42 74 87 38 29 127 104 126 29 10 47 17 59 113 24 31 42 93 9 66
    23 24 47 16 52 24 44 27 84 48 73 87 105 35 100 104 5 83 105 94 40 59
    127 55 34 7 16 87 7 105 22 50 111 96 41 70 25 79 125 81 53 55 49 73
    47 53 86 33 63 13 127 58 56 39 28 122 24 97 70 126 106 48 31 120 53
    38 72 118 81 72 108 90 100 43 33 59 25 89 3 54 50 30 101 97 121 39 5
    81 88 4 50 44 27 98 9 87 94 125 106 123 49 99 44 63 86 65 42 72 109
    117 14 27 122 7 72 110 66 126 18 76 109 96 13 95 91 71 105 54 89 25
    116 10 17 21 87 69 114 118 16 51 26 62 62 58 66 55 10 39 73 56 30
    110 86 75 97 54 35 15 125 1 90 9 58 111 45 99 80 26 111 38 105 14 18
    113 78 7 52 107 51 39 9 102 117 47 6 124 69 64 11 118 77 19 48 74 6
    68 63 72 124 33 3 59 63 117 86 71 1 77 72 33 27 82 61 73 36 60 50 62
    4 125 57 75 88 126 104 61 107 73 61 15 13 101 123 92 29 80 4 7 81
    122 78 108 90 37 73 77 58 82 75 52 86 35 117 98 77 68 115 44 123 26
    120 68 41 70 5 71 104 103 4 51 0 74 114 124 81 28 91 18 33 45 117 46
    12 113 111 70 4 73 105 69 116 77 84 41 8 72 112 55 54 125 105 52 120
    69 28 95 93 124 36 77 48 121 120 123 78 113 7 89 42 123 5 74 100 31
    31 90 108 95 11 12 36 117 85 2 110 0 100 57 3 8 105 73 120 11 29 70
    82 67 74 82 22 91 76 83 44 103 28 119 39 73 79 73 38 111 125 66 62
    48 114 8 54 13 48 122 82 24 119 115 29 45 15 65 77 35 123 88 63 42
    86 103 77 55 57 117 112 81 20 105 93 119 60 67 78 7 32 1 70 126 20 8
    33 79 115 33 78 102 47 96 55 69 8 116 33 58 23 13 119 23 34 54 112
    82 21 62 61 18 65 42 7 11 37 111 110 81 13 0 61 77 1 90 54 56 77 63
    65 64 78 87 46 64 74 104 100 83 48 122 56 101 49 92 31 46 92 9 109
    74 74 17 17 123 49 86 65 83 30 0 109 87 21 0 113 47 107 42 0 65 30
    101 113 50 15 75 120 53 27 64 117 73 20 110 46 116 36 84 64 18 61 71
    96 61 124 7 38 6 34 3 6 34 81 39 120 2 88 77 114 81 18 70 67 127 18
    57 80 31 13 4 61 7 72 90 90 104 91 102 92 40 76 51 117 44 124 29 19
    23 66 70 66 88 74 54 54 49 9 121 13 119 41 59 23 96 13 5 37 69 82 2
    77 105 25 118 66 38 111 43 94 45 8 41 4 15 79 71 127 104 79 72 94 17
    29 94 12 10 64 57 45 31 72 25 20 122 41 51 80 66 114 45 100 23 62 70
    122 52 75 65 51 102 17 87 102 93 68 64 16 3 9 105 29 69 30 104 65 72
    20 107 107 97 82 89 61 11 102 52 100 15 114 53 45 31 10 96 10 7 127
    79 98 108 29 85 119 0 115 66 3 116 75 101 16 19 51 46 18 56 4 34 29
    17 25 16 70 101 106 102 99 112 85 17 68 32 48 124 95 26 108 14 44 68
    104 124 116 48 17 63 89 16 24 97 11 88 8 106 18 89 93 66 104 25 37
    15 1 69 93 99 117 97 68 44 38 80 30 93 90 7 117 16 37 8 14 95 56 24
    116 49 123 91 92 23 29 7 91 46 87 96 70 23 77 49 95 124 77 87 31 24
    81 101 41 24 73 29 36 40 90 22 84 99 31 104 33 112 82 105 38 2 81 33
    69 57 49 47 54 34 97 39 71 50 16 8 63 105 105 6 120 127 118 76 99
    105 121 21 75 119 84 62 8 108 4 83 122 100 120 2 33 113 21 103 103
    16 77 116 97 70 91 50 86 8 15 44 28 117 83 77 59 0 93 57 81 83 107
    90 37 5 43 16 90 127 39 15 42 72 113 66 52 16 93 104 10 33 69 91 2
    85 73 53 63 118 88 38 43 92 14 92 118 25 29 79 48 7 33 23 34 114 103
    95 12 116 117 93 24 39 28 62 103 59 69 59 127 0 23 6 22 93 87 57 44
    11 55 69 25 122 11 66 63 98 117 66 116 121 60 111 83 119 119 113 39
    53 104 116 29 78 97 81 115 55 44 62 56 14 21 8 9 71 49 13 113 94 72
    31 67 0 117 46 91 24 76 71 65 29 87 64 66 71 7 73 114 114 26 16 39
    49 91 96 84 114 26 74 107 71 14 86 111 117 43 1 81 44 23 114 96 19
    74 108 6 70 74 65 70 83 73 86 24 118 76 103 5 80 114 15 125 54 6 14
    30 10 69 84 10 43 55 20 73 75 127 111 66 63 85 7 122 33 126 0 43 4
    48 96 83 26 12 2 79 122 11 39 9 47 45 76 105 77 94 49 94 63 89 37 24
    105 54 39 10 52 96 84 66 81 99 85 115 123 47 32 99 125 127 86 21 39
    16 71 113 45 71 85 116 13 96 99 17 43 3 37 68 106 88 78 30 92 81 29
    6 13 73 86 40 8 127 17 37 109 83 4 98 41 46 97 100 99 35 122 19 87
    97 126 74 98 19 102 73 43 9 8 116 122 61 66 7 85 57 26 121 29 66 71
    91 44 79 104 114 29 66 58 98 68 99 61 74 57 20 115 117 101 79 86 72
    33 6 116 53 19 57 125 85 23 86 117 112 74 13 11 17 99 119 118 0 51
    18 1 79 46 38 102 53 15 2 99 47 44 48 81 1 101 16 70 59 27 100 6 103
    24 103 26 52 125 52 12 20 55 127 66 7 93 8 124 127 93 79 29 33 75 31
    43 15 36 115 8 96 52 37 17 124 36 84 27 13 79 55 107 79 10 28 95 111
    52 122 13 54 84 70 57 100 59 121 38 33 115 7 61 61 12 95 100 0 19 67
    127 25 93 113 41 113 107 43 55 59 81 16 81 12 100 49 81 10 114 100
    36 124 71 111 36 63 62 108 75 49 30 34 80 62 123 85 48 54 92 22 32
    66 121 7 100 111 95 60 82 83 41 25 38 2 66 121 104 44 87 83 72 108
    65 26 12 95 77 92 109 87 45 36 26 22 63 58 48 31 80 61 116 82 51 23
    79 20 54 71 68 32 8 3 7 97 54 6 84 31 6 71 98 63 90 97 87 9 57 83 72
    7 45 120 105 24 123 119 58 116 86 68 15 0 71 121 19 31 116 81 76 91
    85 25 46 84 42 56 95 92 106 66 53 99 107 10 63 45 79 14 3 62 55 19
    29 6 23 40 10 91 59 117 24 41 19 29 106 55 91 8 10 108 124 90 97 51
    89 34 57 39 79 29 11 31 70 97 63 30 53 37 63 93 59 4 91 41 124 116
    115 120 83 106 44 82 79 66 103 55 112 49 109 66 44 84 126 5 124 41
    104 72 26 2 25 41 48 75 52 98 37 7 74 110 118 43 122 110 28 127 62
    28 125 0 35 79 37 1 54 36 69 87 107 111 112 45 37 83 39 122 66 109
    45 21 61 71 102 83 76 113 56 55 60 40 21 79 90 32 51 1 80 86 119 69
    58 120 54 105 59 112 115 90 20 91 71 44 59 87 114 16 55 85 89 75 85
    21 32 31 29 99 125 5 115 53 89 106 121 104 120 96 76 119 84 119 66
    67 84 95 112 83 99 110 70 74 44 79 86 2 58 63 14 50 105 56 58 88 53
    1 120 69 95 110 110 56 70 6 111 2 88 105 99 57 67 83 89 52 40 123
    116 102 70 98 74 4 46 107 25 83 46 111 57 36 4 85 36 93 7 48 57 59
    29 14 48 47 65 86 24 87 76 112 52 98 7 7 31 58 44 106 2 85 70 24 93
    107 49 105 97 114 18 37 67 99 90 79 36 35 119 3 3 6 63 44 127 79 16
    37 28 17 87 32 114 121 94 31 72 79 64 85 90 113 32 48 29 41 29 116 7
    48 9 89 101 102 97 69 4 83 102 93 43 10 51 27 56 99 21 7 117 8 47 31
    82 58 106 9 46 120 112 118 16 62 8 33 94 55 106 84 77 127 90 93 22
    58 50 99 67 47 94 121 118 70 68 65 39 46 87 53 3 85 86 0 12 83 91 32
    5 54 115 37 35 6 127 70 15 95 25 65 94 34 79 66 1 0 38 44 76 68 36
    37 25 114 10 106 65 66 79 27 43 25 16 22 15 41 31 42 115 118 46 106
    59 60 118 116 12 121 101 39 125 112 73 30 98 123 117 3 73 1 120 27
    34 36 32 8 109 66 110 4 35 51 79 74 66 17 67 10 96 3 61 123 17 70
    117 102 33 32 2 59 124 31 47 53 110 86 65 106 41 96 76 24 55 14 25
    102 46 116 19 67 12 2 55 5 20 122 12 93 3 58 90 10 37 95 14 8 49 76
    28 40 66 9 16 62 100 108 124 48 38 106 19 2 52 52 123 86 31 24 75 65
    20 105 22 48 0 61 69 56 9 1 31 74 66 57 4 19 21 69 105 52 97 67 29
    81 18 58 97 65 69 122 115 44 49 12 126 51 45 35 26 6 53 121 115 24
    18 62 125 123 31 74 9 21 38 27 8 85 92 36 54 58 26 3 66 27 26 64 118
    21 34 20 11 67 7 36 51 1 36 73 119 90 9 62 120 65 101 46 115 53 73
    99 27 113 110 110 116 1 40 4 2 119 19 100 114 102 109 46 113 93 48
    119 43 6 44 32 106 18 22 59 51 116 119 0 64 121 68 17 83 114 69 48
    96 94 105 121 119 96 94 56 71 14 49 83 116 55 46 55 36 92 73 121 85
    117 93 93 19 63 51 42 94 68 55 60 55 34 93 22 98 15 3 40 94 21 45 42
    75 15 117 13 10 56 87 100 110 27 55 96 52 64 67 118 58 32 42 39 68
    35 65 2 102 101 59 77 95 94 110 63 117 76 101 80 46 97 5 91 19 64 14
    112 29 57 71 31 102 76 76 4 22 89 21 105 6 77 43 57 110 12 12 68 44
    38 127 125 90 35 12 16 39 11 127 101 77 13 11 48 14 81 19 21 98 97
    115 23 67 84 93 55 67 21 18 121 34 97 76 49 51 117 2 104 35 37 121
    68 91 27 17 118 85 18 15 22 11 55 105 80 65 69 26 31 20 127 104 94
    126 85 79 98 123 125 83 119 47 42 99 91 27 64 124 121 77 31 105 23
    102 72 68 116 111 62 74 120 93 78 77 94 109 114 44 10 97 51 20 5 86
    102 1 38 23 70 87 6 22 107 61 2 126 106 97 57 68 113 92 80 122 82 0
    49 34 118 93 5 99 54 106 48 21 25 91 72 18 27 92 65 105 47 41 16 126
    47 69 50 111 26 64 62 34 14 125 73 29 9 104 47 41 29 78 83 13 36 100
    64 11 14 40 83 10 117 123 106 83 113 43 53 56 46 84 20 114 12 78 72
    80 89 64 22 19 70 45 84 8 65 108 41 21 123 43 95 29 60 71 5 53 96 34
    32 93 23 103 59 103 66 24 39 2 6 69 102 45 80 109 114 69 107 87 16
    11 81 40 58 43 44 41 43 79 38 125 40 80 27 0 26 56 118 35 106 59 80
    29 3 116 103 112 21 127 100 68 67 36 111 56 25 67 90 107 119 14 86
    11 106 76 119 121 105 75 119 10 123 100 23 117 105 83 85 56 31 5 48
    57 33 30 111 28 77 31 72 4 93 2 68 73 42 24 29 12 34 55 20 121 103
    74 85 21 69 126 1 16 91 88 97 6 62 41 95 91 112 125 82 108 57 52 11
    6 20 77 52 17 41 56 30 73 2 75 71 34 58 70 84 66 97 108 77 26 11 29
    61 88 44 25 116 124 57 44 43 32 43 96 77 39 69 81 47 61 109 94 49 1
    27 117 71 83 37 90 55 48 127 72 95 34 21 56 21 90 77 82 40 50 63 44
    7 16 87 101 91 85 13 83 82 114 50 114 82 89 5 87 17 15 124 109 41
    100 66 115 58 65 108 71 7 118 49 43 14 50 97 55 102 45 82 24 110 24
    73 66 54 60 113 11 26 21 71 80 67 100 115 61 59 17 84 62 109 80 97
    101 14 71 39 60 82 48 69 47 80 88 7 92 17 58 120 10 69 108 56 53 108
    70 86 27 57 13 28 50 67 26 94 98 105 36 106 1 19 39 118 94 0 45 116
    8 117 32 60 85 57 125 49 14 109 78 59 44 62 99 17 110 104 94 54 100
    97 28 119 8 10 77 3 12 70 120 24 30 120 35 46 106 43 15 61 76 79 2
    109 15 109 44 60 123 28 29 113 94 111 97 19 98 8 46 86 49 111 36 93
    48 58 18 25 105 77 85 56 89 30 108 68 23 125 30 16 0 119 69 99 30 3
    42 50 112 30 53 63 118 108 41 50 86 80 55 11 86 19 55 63 80 0 39 98
    98 38 70 105 88 41 6 44 66 89 29 31 127 124 26 89 6 111 104 35 7 50
    6 113 16 107 115 37 88 18 68 0 63 38 90 107 59 16 105 82 96 126 51
    57 82 59 108 20 32 56 3 57 92 117 7 19 38 56 109 39 1 1 105 118 16 3
    41 61 114 47 94 70 122 113 22 86 66 117 42 25 118 37 58 10 26 70 84
    54 100 72 101 80 15 24 67 106 15 95 21 17 85 115 2 103 116 111 47
    122 12 101 0 76 103 124 39 15 111 26 4 44 33 77 50 7 34 119 52 91
    108 38 68 62 84 94 47 105 51 109 47 92 58 34 115 63 22 96 51 18 103
    51 64 121 33 112 47 49 121 123 107 0 95 96 25 4 35 17 94 11 92 110
    17 27 112 43 88 109 45 71 45 42 8 75 103 96 94 7 66 99 47 15 12 39
    31 84 90 116 127 86 99 45 5 33 60 69 76 83 15 107 42 55 76 44 43 115
    72 123 5 32 7 124 74 101 117 123 69 43 66 4 74 76 55 13 16 14 34 20
    18 53 51 23 123 2 127 126 28 36 94 14 94 62 96 26 20 98 62 83 19 85
    98 46 111 56 85 30 102 17 23 111 51 3 120 69 28 53 101 97 77 47 96
    25 93 100 110 79 35 125 75 83 43 45 45 73 2 71 73 65 21 60 98 16 108
    80 49 47 16 29 126 100 109 71 98 56 115 0 115 19 75 37 37 123 103 0
    76 22 33 114 100 82 83 126 123 88 24 20 77 38 35 109 25 82 31 120 37
    18 113 41 90 62 51 60 112 15 41 44 73 115 8 88 85 63 84 36 68 80 22
    121 29 38 97 86 11 110 74 54 123 41 107 125 108 96 87 58 103 98 102
    106 56 26 76 74 45 87 64 21 84 63 116 6 74 12 84 117 46 33 84 37 20
    48 100 74 19 13 69 45 97 81 17 96 118 79 33 116 44 110 104 70 83 9
    64 76 110 70 32 81 24 102 33 86 48 68 15 77 36 54 105 1 9 104 33 64
    110 112 31 119 114 126 73 22 82 40 124 126 62 77 88 103 47 109 8 93
    14 50 86 102 56 99 53 94 28 18 75 125 77 75 127 120 1 46 96 90 60
    119 87 79 88 5 107 60 47 84 40 56 59 80 31 22 80 13 104 59 74 106 7
    11 97 121 90 16 48 120 43 53 95 15 85 7 105 34 107 3 95 39 113 71 59
    104 91 121 18 100 3 125 113 74 68 5 48 11 79 1 4 27 8 54 15 124 4 70
    44 23 19 9 57 72 14 85 20 58 81 22 124 6 60 23 87 109 52 17 30 113
    65 62 93 103 48 7 58 35 108 96 25 44 60 37 36 2 15 46 13 85 2 83 61
    125 41 120 36 112 65 78 64 18 33 24 32 56 124 4 108 69 121 80 59 63
    80 96 10 99 73 3 121 115 52 20 51 7 71 53 26 8 5 105 17 95 100 115
    18 79 98 53 37 13 99 34 59 20 116 27 88 15 62 112 10 2 86 90 64 120
    112 103 28 84 94 121 122 77 105 33 10 36 1 15 101 16 14 7 18 56 34
    115 103 51 106 127 4 85 87 55 3 127 42 9 47 14 97 123 125 44 114 62
    15 116 45 27 40 56 8 43 3 8 57 8 53 77 28 11 63 34 72 98 55 53 36 88
    26 66 117 50 75 90 31 28 10 67 53 111 34 114 56 65 29 19 95 32 116
    125 78 47 116 102 54 50 47 78 74 64 108 19 54 81 26 109 16 109 51 2
    77 16 104 58 48 125 73 112 0 109 18 40 27 93 62 113 47 89 118 116 85
    79 84 6 2 118 10 127 115 114 122 30 5 14 59 61 49 119 31 32 56 126
    115 20 79 11 114 4 51 34 62 93 13 68 54 89 77 24 65 123 109 16 6 103
    55 53 65 75 60 14 99 63 92 44 31 100 109 36 27 59 35 21 65 98 102 32
    114 119 43 59 16 76 42 52 32 60 125 87 56 66 77 46 108 7 91 12 76 98
    29 38 36 21 90 104 64 89 85 67 51 119 70 127 1 64 99 87 25 97 28 27
    51 63 18 44 44 24 80 114 120 12 10 51 59 110 75 115 59 49 104 66 62
    97 31 56 115 94 82 95 66 35 23 113 112 29 88 10 76 124 10 39 44 48
    103 121 3 10 121 121 118 51 67 51 56 45 50 63 55 83 113 40 17 103 31
    62 34 56 79 92 16 88 58 86 55 108 109 33 82 11 107 9 11 33 126 111
    47 52 57 20 6 57 111 7 126 20 120 57 110 83 43 35 60 124 111 16 112
    110 100 23 60 3 61 122 29 32 107 51 101 42 25 51 108 53 29 100 95 99
    36 2 52 2 113 51 58 39 68 31 29 50 46 60 124 112 40 121 96 77 21 22
    48 0 126 21 36 94 93 100 58 23 61 44 123 121 73 112 21 32 41 55 93
    45 100 11 127 9 113 40 46 48 53 2 23 94 100 103 36 37 77 112 110 89
    49 119 7 96 28 106 79 121 99 77 120 95 112 104 83 0 53 96 101 81 102
    39 60 56 59 90 85 28 85 38 68 53 105 98 124 83 79 77 27 82 112 57 93
    35 64 90 58 0 69 14 15 61 101 38 33 99 107 16 86 101 2 47 98 33 122
    15 75 91 1 43 7 8 115 21 1 28 57 20 57 91 73 118 110 70 21 88 120 41
    9 34 55 119 8 78 108 95 43 99 22 5 15 99 41 26 112 58 9 117 36 42
    100 30 22 51 96 61 69 48 103 75 63 35 82 74 74 95 118 40 0 85 114
    102 25 53 55 119 60 11 85 91 29 37 59 112 122 0 48 39 127 105 24 115
    102 39 82 47 57 83 76 66 66 107 103 78 111 45 9 41 61 35 24 124 85
    32 97 76 12 113 99 29 95 61 68 9 104 12 99 123 101 26 63 123 68 60
    91 38 108 81 79 19 97 89 18 18 117 59 93 92 96 39 65 81 3 95 40 8 55
    33 11 43 123 3 90 43 49 69 18 4 3 50 14 104 105 118 66 104 72 68 83
    43 105 12 72 120 51 82 68 32 122 84 70 120 8 122 8 32 43 102 27 68
    96 67 62 99 39 119 73 126 84 60 69 83 37 71 43 58 41 125 95 72 47 73
    119 80 99 22 99 59 109 73 30 50 32 5 26 16 112 36 21 38 48 63 51 45
    28 113 50 125 61 98 16 58 37 29 90 122 74 82 47 93 34 108 12 14 20
    28 86 93 8 10 100 68 85 53 99 111 84 30 93 31 25 9 50 49 63 76 43 12
    112 31 17 83 27 49 80 39 14 40 127 58 12 107 55 38 46 2 116 115 57
    39 111 61 9 12 126 54 47 40 126 119 56 89 23 102 4 36 99 72 86 16 31
    29 117 125 17 98 74 120 113 61 76 61 25 62 83 31 75 65 10 70 50 42
    77 39 80 72 63 22 46 63 65 122 44 68 49 84 117 77 93 11 28 116 10
    114 33 67 10 89 119 113 49 90 44 34 16 43 56 70 66 77 35 2 100 83 23
    115 72 94 45 62 47 113 97 42 5 36 65 17 57 114 35 9 117 15 113 113
    123 120 61 117 126 21 105 72 113 64 30 122 109 18 84 99 123 107 89
    32 120 36 115 111 86 41 32 59 86 34 119 44 99 9 28 112 84 55 98 64
    83 53 81 59 7 70 89 30 94 3 33 14 58 50 120 115 81 48 56 75 100 94
    124 72 64 108 27 112 19 105 121 106 108 102 63 82 70 94 106 40 0 10
    79 95 118 67 120 57 108 16 109 44 25 123 61 25 11 80 93 114 69 80 68
    1 114 8 23 127 4 104 119 26 125 4 80 0 24 17 28 20 108 88 11 71 23
    100 110 112 113 100 68 104 55 7 85 34 36 81 102 95 108 18 3 69 105
    57 90 24 7 106 46 24 49 109 89 45 8 93 16 27 119 105 98 6 24 127 68
    33 76 41 113 13 34 57 8 83 99 12 39 75 42 103 51 0 115 54 84 16 69
    110 92 52 27 30 72 38 2 83 55 115 110 9 5 21 6 9 91 108 16 15 4 14
    98 112 44 97 10 2 3 29 75 19 79 48 44 124 86 81 92 10 20 52 116 8
    124 100 33 0 41 11 101 127 91 89 31 50 36 29 109 6 52 10 80 79 76 31
    58 41 18 23 30 101 107 18 83 119 15 0 18 119 5 83 37 82 21 107 20 49
    9 27 42 0 58 116 104 88 97 76 122 89 32 101 61 54 71 71 115 55 8 124
    117 19 75 89 125 81 57 118 14 126 72 101 81 35 43 5 78 7 47 18 14 37
    95 120 90 104 37 117 59 40 77 95 30 70 94 47 125 52 74 33 3 18 96 48
    32 52 19 79 42 118 99 38 117 65 106 35 96 91 27 14 8 23 127 65 60 83
    82 73 70 124 78 15 53 38 15 33 105 32 97 34 71 110 16 6 124 90 25 41
    66 12 19 37 123 62 75 61 86 86 41 124 112 5 104 65 107 38 115 105 44
    43 111 84 100 42 64 35 23 64 53 31 6 119 90 45 32 73 127 25 89 30 76
    7 47 94 8 88 23 8 23 59 98 75 51 127 81 69 19 9 61 9 115 82 123 125
    92 28 123 4 1 103 57 89 11 72 42 4 97 123 19 15 103 110 99 42 76 65
    66 110 101 63 43 127 127 82 23 10 61 105 2 59 36 111 68 105 116 90
    105 43 118 23 11 75 72 41 64 122 127 108 40 25 37 72 8 116 110 90 11
    59 57 84 55 74 74 70 86 68 107 83 64 3 71 112 0 32 81 36 48 89 34
    104 127 29 98 38 112 32 21 29 114 33 44 32 120 65 59 58 24 5 47 127
    70 105 42 96 113 62 35 50 92 86 55 119 76 52 35 64 17 102 53 50 1 93
    16 31 27 47 60 54 51 10 39 94 108 12 60 97 39 19 44 65 69 52 50 25 2
    102 39 118 77 34 110 51 18 87 56 67 15 75 99 74 106 113 77 65 49 4
    27 97 27 78 20 46 116 49 79 106 59 48 14 1 11 15 113 34 51 6 28 32 8
    37 31 76 80 72 82 37 79 30 124 125 6 6 1 41 99 52 85 101 127 25 50
    98 24 20 40 52 17 102 119 26 44 82 22 29 52 114 41 109 50 6 119 6 55
    19 85 91 72 63 97 78 78 85 19 8 64 74 23 82 37 93 52 9 20 39 103 93
    22 64 2 71 18 99 46 103 34 106 60 97 117 26 33 56 97 19 64 101 104
    61 3 0 98 63 39 4 85 85 72 97 46 96 65 39 28 11 53 6 13 2 115 68 107
    44 46 101 116 43 85 90 99 119 121 10 91 88 17 39 85 8 98 49 2 125
    118 99 24 48 39 52 42 24 46 76 59 48 10 34 7 55 113 26 99 125 60 96
    64 109 12 40 72 72 32 113 6 114 23 106 69 43 44 8 42 122 82 2 104
    116 103 100 27 111 11 8 119 47 62 112 3 13 96 30 115 52 20 51 74 56
    7 19 60 42 121 105 53 101 21 50 78 72 30 52 14 107 4 71 58 12 96 55
    60 28 108 97 65 66 58 102 97 51 94 97 50 23 96 9 48 24 115 10 36 28
    96 99 52 27 38 26 58 47 72 48 29 47 104 90 6 66 90 45 126 54 57 74
    117 33 72 48 89 122 2 41 3 44 79 50 26 111 35 43 57 13 58 59 64 22
    116 55 30 7 4 98 59 18 22 26 65 96 26 18 107 97 62 0 62 5 27 81 62
    49 74 78 84 68 85 66 57 14 11 95 49 78 104 113 52 112 45 4 115 31 38
    120 24 61 6 74 105 11 27 44 36 17 69 29 42 59 38 60 13 59 73 34 46
    99 53 8 123 60 47 54 101 4 73 66 64 27 69 16 96 40 99 82 42 126 4 62
    39 34 99 84 89 81 117 64 108 39 121 67 118 24 53 60 88 42 50 29 44
    44 18 71 46 50 33 58 47 38 71 28 105 89 46 22 38 3 38 30 27 103 52
    63 118 20 31 46 115 85 122 30 36 36 117 29 76 53 24 4 84 59 83 95
    121 117 122 25 97 62 32 41 54 17 27 43 7 44 51 123 123 35 45 20 13
    90 6 58 121 100 87 68 79 15 30 66 16 13 106 69 37 1 96 94 50 121 109
    79 52 40 77 92 61 20 6 49 39 119 26 98 55 63 64 91 11 48 81 62 68
    119 113 39 78 58 92 20 27 115 106 83 61 1 52 41 1 24 14 34 76 3 10 2
    125 27 27 85 117 81 68 126 25 95 122 21 62 116 34 72 47 51 3 23 43
    55 11 11 43 102 76 68 77 101 105 14 103 76 38 63 89 33 11 15 11 76
    69 47 126 12 9 69 68 95 90 85 4 46 46 16 6 39 8 35 113 77 100 32 117
    107 38 104 110 34 116 122 82 9 29 118 80 2 43 64 80 7 127 126 19 104
    102 109 39 121 59 13 127 23 97 56 58 30 77 106 87 34 92 33 105 49 4
    68 73 95 67 100 17 13 11 24 46 122 6 117 26 57 85 107 58 14 124 121
    71 117 1 114 67 113 93 62 51 43 34 123 40 0 68 29 17 18 46 8 45 3 86
    41 67 46 24 77 11 107 21 116 56 73 5 110 94 35 13 50 42 106 30 52 5
    52 66 127 7 35 21 108 99 87 0 121 112 112 49 4 64 81 34 55 83 92 74
    64 86 27 54 112 69 100 50 78 61 26 43 42 81 120 75 42 56 14 31 102
    123 108 52 58 91 95 34 22 50 80 100 82 39 91 52 118 106 107 32 54 98
    122 37 102 110 125 23 99 70 46 57 101 88 48 40 122 81 51 103 42 120
    79 96 33 107 82 119 86 21 70 55 27 44 124 71 18 15 66 9 87 47 91 41
    35 100 62 93 97 86 124 123 107 14 64 78 87 121 89 31 99 85 108 25 98
    98 81 14 62 77 31 117 108 98 115 31 43 107 57 35 28 24 21 91 89 61
    51 31 25 31 65 78 19 68 48 12 71 121 124 105 108 121 63 18 83 91 0 1
    95 122 20 78 77 74 30 81 30 117 17 15 2 81 85 35 38 26 122 35 109 57
    123 1 19 77 17 101 24 108 106 82 18 70 100 77 30 52 20 28 71 114 17
    60 75 67 52 72 80 26 23 26 74 30 118 88 91 117 114 97 103 113 85 13
    17 70 9 31 53 98 18 15 65 54 39 116 59 34 109 53 33 11 85 111 118 43
    68 123 49 100 121 82 76 13 71 19 112 27 62 35 10 79 24 84 96 94 93
    75 35 75 77 24 109 20 74 60 78 42 1 5 5 53 103 38 3 97 80 114 56 113
    34 121 44 64 67 29 111 1 57 12 17 0 117 4 84 5 70 38 51 113 107 116
    86 33 67 2 50 29 69 88 119 95 25 75 23 15 74 90 45 40 59 40 94 100
    76 24 10 93 68 53 110 7 94 86 14 16 102 2 113 54 54 3 5 2 31 19 1 84
    91 72 42 30 119 92 51 37 36 98 31 74 81 90 79 4 63 24 92 11 120 91
    36 19 60 7 13 109 106 110 39 125 92 14 70 58 74 80 75 5 72 44 55 49
    76 84 34 114 50 34 122 70 56 53 43 105 85 82 5 33 9 73 15 91 100 78
    65 110 83 59 116 50 106 49 41 42 10 37 105 61 49 41 70 10 36 112 104
    18 100 34 18 58 90 68 46 6 16 13 97 1 76 44 71 9 91 27 33 16 69 88
    21 41 49 47 28 46 55 82 100 29 68 47 123 88 45 60 6 8 56 45 9 36 68
    32 8 89 46 21 79 100 82 86 16 80 79 35 122 51 84 21 51 100 113 103
    11 78 10 60 66 16 54 23 41 88 42 23 36 29 120 68 55 7 26 94 105 98
    110 46 104 45 71 103 3 114 38 72 15 36 0 65 63 30 55 66 19 75 25 112
    90 69 57 107 4 102 105 58 60 43 9 36 6 22 42 21 3 83 103 75 82 55 2
    78 56 40 126 14 34 94 8 77 35 69 89 56 12 29 91 16 101 90 16 124 81
    104 84 8 23 67 2 71 74 38 97 117 105 98 48 58 40 83 115 42 109 123
    111 53 85 10 96 117 45 38 46 34 107 123 118 29 67 16 117 28 65 80 11
    104 83 10 45 64 6 57 23 122 124 95 71 88 58 8 27 35 1 119 115 44 90
    102 87 120 14 93 17 39 64 4 78 40 14 26 120 34 70 30 122 16 16 116
    60 63 102 80 127 75 21 33 74 33 64 40 103 15 126 46 65 52 103 119 29
    2 40 102 38 115 79 62 55 95 58 82 92 25 96 87 4 44 21 115 126 26 12
    62 2 26 37 109 86 98 92 78 101 17 41 109 19 63 41 17 115 81 40 119
    25 45 31 68 29 84 46 79 44 95 36 12 61 61 12 52 91 103 23 39 44 38
    96 94 108 0 110 46 12 107 15 34 14 20 75 16 102 54 92 34 3 36 38 69
    4 57 26 7 78 84 29 27 50 111 112 57 85 83 47 64 106 69 49 101 15 66
    52 6 77 79 21 68 113 46 41 95 31 32 103 126 70 47 97 78 65 26 97 22
    74 8 19 90 50 45 15 2 36 10 15 44 11 90 48 56 33 115 117 123 36 3 61
    120 107 5 91 8 66 41 57 38 27 20 90 84 93 17 1 97 105 74 112 99 54
    21 72 6 109 80 13 35 123 95 46 32 100 49 76 22 69 53 58 74 12 71 31
    32 66 92 65 57 13 24 112 103 76 22 103 80 126 114 45 52 36 43 93 117
    77 15 126 30 62 45 31 117 97 10 56 17 27 85 124 33 94 114 74 51 89
    51 107 64 107 67 96 42 103 117 84 49 12 88 68 104 18 34 51 27 41 3
    91 59 87 59 62 29 82 88 15 34 109 49 124 48 115 6 4 37 127 43 38 83
    50 5 35 2 40 81 38 122 88 57 122 118 107 66 10 61 92 12 33 32 97 62
    21 15 84 29 26 59 75 35 77 60 71 126 19 110 102 8 11 108 55 27 42
    123 35 19 27 41 94 13 2 45 125 29 11 48 115 118 16 5 47 95 88 127 60
    75 14 59 18 122 12 39 74 5 55 96 37 98 97 40 90 117 78 75 5 12 19 83
    32 47 89 9 6 94 82 100 111 52 30 66 5 82 100 97 34 115 32 14 71 110
    31 116 19 78 8 42 64 79 29 10 36 35 31 55 28 77 122 115 63 40 39 111
    10 126 25 13 41 113 77 26 13 110 106 105 43 120 104 18 117 43 9 100
    3 11 28 49 90 99 70 98 22 53 21 15 24 72 55 60 61 124 14 77 81 7 5
    52 5 58 96 41 33 116 99 87 83 112 46 65 43 42 66 52 118 57 124 9 41
    64 23 49 48 50 47 20 58 57 97 100 111 16 107 16 95 104 82 46 122 75
    56 66 47 111 6 107 110 42 88 107 123 110 57 105 115 122 86 68 1 37
    99 40 99 57 87 115 19 96 60 103 113 89 45 16 31 16 26 93 25 97 95 98
    8 117 85 50 26 11 113 117 22 97 29 59 122 101 47 118 24 94 114 11
    119 111 122 3 102 54 23 94 31 47 24 125 1 34 64 15 91 112 2 81 47 51
    16 75 113 102 45 79 43 40 34 79 16 27 8 69 61 13 118 1 30 46 93 114
    30 82 101 108 55 9 50 112 50 82 124 81 76 35 12 123 106 51 116 27
    109 57 84 80 77 121 66 42 36 86 44 110 114 115 126 43 117 4 25 89 91
    53 98 24 77 46 64 19 126 103 47 76 50 91 58 9 86 47 58 29 84 17 99
    122 21 17 55 5 123 66 108 35 26 114 118 26 100 86 32 62 11 46 62 76
    75 99 48 113 116 123 51 53 16 67 47 40 121 90 83 62 3 61 34 0 58 11
    105 8 7 55 11 56 97 97 61 20 96 91 103 90 42 93 113 44 19 27 75 85
    55 110 3 111 46 65 33 23 46 70 45 27 46 117 40 125 117 42 104 91 68
    55 84 67 123 86 86 38 81 4 124 16 6 37 81 108 125 29 111 25 36 29 42
    53 46 49 20 52 71 76 97 7 36 102 124 123 58 45 5 38 58 68 54 69 16
    11 92 37 39 112 105 15 10 1 82 24 18 90 3 42 81 34 25 30 5 7 67 69
    97 126 69 1 1 9 81 97 12 96 37 5 104 126 30 109 121 72 91 69 57 124
    75 118 59 4 119 1 47 60 81 91 125 6 65 39 84 52 126 101 97 57 103 43
    83 91 89 104 83 5 79 50 73 6 94 36 29 27 91 110 18 16 73 68 104 121
    31 61 57 74 43 18 60 72 2 70 111 39 13 73 76 85 69 13 40 14 65 106 3
    117 63 78 72 98 83 1 48 54 1 53 62 69 31 23 14 72 68 78 123 16 2 85
    49 60 30 32 70 94 41 99 59 76 19 47 82 30 59 56 49 100 10 72 73 96
    93 89 124 18 90 124 125 99 5 84 17 120 39 102 101 123 70 68 35 22 8
    51 79 67 87 105 104 83 2 84 36 75 109 40 100 101 44 57 92 6 115 1 88
    126 13 35 28 111 23 34 48 7 69 48 28 42 126 44 14 25 5 52 81 114 27
    25 34 60 86 9 61 36 40 94 70 119 39 113 68 111 100 88 99 54 10 45
    104 100 35 8 7 2 78 117 52 50 110 15 19 52 123 58 68 21 69 85 13 45
    47 1 71 115 34 75 1 38 48 28 20 117 48 5 122 106 109 65 79 48 125 71
    126 88 75 49 125 74 50 3 11 64 113 43 57 117 35 30 72 105 49 113 20
    18 56 0 16 40 44 19 52 64 90 47 32 36 62 4 43 16 45 73 82 88 2 17
    119 69 53 83 122 56 107 106 88 29 111 37 49 107 59 110 39 12 39 119
    65 106 105 22 55 116 12 82 51 49 8 74 3 57 76 47 12 41 68 96 14 104
    92 61 42 37 65 39 109 108 119 27 22 57 51 4 60 8 60 113 18 84 16 37
    16 17 21 35 9 91 3 44 63 30 23 124 82 77 74 31 83 86 81 105 59 82 80
    86 49 102 21 62 109 68 79 123 92 59 55 86 110 5 112 110 118 107 71
    15 0 4 72 0 25 87 3 57 124 8 107 81 75 121 16 28 126 77 75 26 41 124
    116 48 124 38 39 85 63 34 60 12 115 105 2 86 6 46 38 46 66 64 43 13
    27 18 9 92 47 124 106 118 13 108 77 91 80 63 8 67 46 55 39 61 74 39
    50 37 71 73 97 64 50 80 127 56 120 76 107 45 44 57 70 44 71 34 94
    115 104 27 36 103 13 17 48 66 43 8 3 45 112 7 57 126 32 84 126 28 78
    46 111 69 41 31 105 19 75 122 74 96 26 105 0 26 103 116 16 69 37 100
    88 23 49 25 15 116 56 9 44 83 6 2 74 97 96 120 110 62 102 110 35 72
    35 18 5 89 110 115 125 101 41 125 116 127 101 52 17 107 49 57 56 91
    112 93 105 23 53 37 115 32 20 3 65 94 60 38 116 102 28 81 30 125 127
    20 28 54 26 26 109 88 5 73 59 40 42 91 8 37 8 55 36 74 85 84 102 35
    86 28 30 117 112 121 118 112 39 59 107 46 7 84 83 8 114 19 82 124 54
    79 127 12 15 102 38 81 29 100 103 50 94 33 102 30 72 107 104 87 39 1
    117 52 41 62 0 95 115 81 88 87 88 55 123 92 99 18 55 41 108 17 106
    44 8 5 35 40 71 43 13 27 24 36 83 91 18 87 119 117 44 90 36 65 3 111
    93 42 59 84 2 116 90 24 68 122 22 110 93 104 34 8 51 19 93 7 12 31
    28 115 4 119 46 42 47 117 41 13 53 8 54 52 22 19 100 122 124 43 8 2
    107 99 86 7 31 100 112 110 32 30 48 76 110 103 50 60 104 16 34 119
    15 20 37 87 120 75 61 74 40 43 57 62 0 33 24 126 15 16 11 29 70 11
    82 48 97 25 25 2 106 14 7 102 8 127 121 43 77 72 122 107 23 45 84 10
    29 58 32 111 38 23 25 14 80 87 66 0 74 33 55 52 102 68 51 19 82 70 3
    62 85 51 108 29 58 103 38 101 32 18 107 37 8 38 72 105 4 50 117 99
    120 123 53 32 67 4 3 69 117 94 51 70 118 63 97 40 60 98 34 1 92 68
    114 111 91 45 118 81 81 93 27 32 51 31 26 69 49 25 28 84 26 117 100
    21 101 99 1 79 127 10 29 56 121 14 61 123 109 7 95 60 28 78 59 31 54
    3 118 113 69 77 105 79 116 111 32 80 92 53 62 20 45 26 13 27 105 84
    4 92 34 75 103 19 21 48 94 26 4 100 115 88 80 11 89 44 83 53 125 105
    70 30 22 106 41 88 55 93 28 35 106 45 74 97 7 38 110 77 119 69 65 70
    58 60 68 40 82 31 49 9 12 48 103 89 75 46 22 99 38 14 30 39 64 115
    58 4 19 91 37 73 32 100 16 32 120 26 92 33 32 121 70 111 41 105 109
    5 91 122 15 7 117 83 69 44 32 64 36 36 110 45 37 93 82 102 84 4 103
    123 3 122 105 24 100 71 53 36 2 52 42 50 9 7 11 76 52 52 48 5 45 127
    109 40 84 13 103 34 51 69 46 2 69 102 118 11 118 10 74 119 23 102
    101 90 21 74 116 57 33 38 59 120 57 111 0 32 60 122 86 27 71 36 19 4
    44 103 66 100 87 56 70 87 79 81 124 100 87 15 54 49 112 47 19 105 70
    15 51 48 49 115 37 21 109 88 78 78 63 36 76 32 0 45 111 43 42 32 18
    21 5 112 26 25 124 76 85 82 71 22 96 64 109 41 79 109 4 76 14 15 60
    106 34 110 116 28 112 34 92 97 86 123 23 58 101 61 81 21 5 100 59 26
    9 78 108 57 39 60 47 34 125 22 26 56 34 36 114 42 107 89 47 87 49
    116 112 64 65 68 64 51 85 96 8 16 108 103 5 106 111 17 117 90 95 28
    34 39 105 94 60 96 59 3 45 107 43 97 12 58 117 18 68 44 103 43 51
    118 105 33 101 91 69 96 2 49 80 66 68 9 60 19 2 68 124 17 106 7 113
    41 126 127 9 62 70 68 127 99 102 109 117 74 61 65 119 110 17 85 26
    98 36 102 54 86 63 59 84 31 121 6 107 61 42 11 5 93 53 103 53 92 25
    119 116 47 24 53 127 18 119 33 67 59 89 63 74 19 41 58 119 86 1 113
    115 72 81 99 109 21 69 30 17 36 63 87 120 57 65 101 108 29 8 99 35
    98 71 93 42 69 20 78 94 104 37 15 96 23 75 21 113 61 26 79 121 111
    89 100 84 88 58 39 108 12 30 109 31 29 75 8 123 115 121 72 87 24 13
    58 0 83 80 50 94 78 57 76 80 102 72 73 36 4 36 1 81 94 32 73 40 83
    116 51 98 4 71 79 62 82 78 19 109 31 49 68 40 9 35 70 80 25 125 9 65
    64 22 15 32 49 33 89 33 99 104 115 7 96 45 101 69 91 92 117 4 71 53
    78 85 12 44 65 29 7 22 19 117 31 64 124 114 47 38 111 66 83 97 49
    117 123 42 23 109 65 57 113 28 107 38 43 49 86 105 21 1 88 85 111
    116 124 123 16 19 77 72 37 96 45 70 90 38 93 53 43 121 120 32 26 39
    55 91 105 112 37 88 9 39 108 124 93 58 54 46 5 38 8 85 40 54 49 12
    34 90 120 4 32 19 16 125 107 8 18 37 89 96 63 68 28 38 49 64 32 60
    59 120 56 55 53 91 92 68 111 29 29 21 48 25 83 111 84 124 124 25 5
    54 50 53 71 32 113 109 97 90 67 15 57 59 20 68 72 24 91 39 78 96 98
    22 4 12 32 116 78 97 72 125 45 104 112 117 73 33 111 98 95 55 96 77
    22 69 83 21 107 47 103 41 11 77 93 114 120 30 121 119 52 108 110 48
    24 119 32 40 45 23 81 94 91 7 112 75 20 22 101 56 92 36 93 4 96 53
    34 123 76 86 118 99 12 4 72 31 94 103 26 95 12 20 25 12 23 49 22 60
    94 112 11 114 112 84 30 115 93 68 75 12 112 60 54 12 99 83 30 17 83
    109 112 127 78 82 4 39 63 43 19 32 13 61 34 74 40 26 96 97 6 90 103
    11 103 61 96 64 70 81 27 1 33 61 121 124 122 4 64 104 39 64 113 28
    36 10 109 16 13 19 86 31 87 75 41 124 91 12 39 63 66 34 111 9 51 80
    23 37 82 7 69 87 82 22 122 23 8 16 58 26 97 110 97 104 115 103 29 74
    105 108 81 57 12 78 3 57 80 63 94 68 107 86 32 106 45 45 111 86 47
    106 127 77 7 27 12 70 122 103 2 123 89 24 48 85 6 41 50 107 62 73 8
    82 44 29 13 56 19 49 2 50 61 43 101 32 125 109 96 33 84 88 26 98 43
    61 53 66 52 6 23 116 82 109 77 73 111 58 100 99 67 90 110 6 124 81
    59 25 19 84 102 65 61 46 116 109 76 61 16 67 5 66 124 34 1 95 87 94
    107 52 118 111 60 35 10 77 35 81 18 119 109 76 64 56 65 48 41 11 93
    14 108 109 7 85 41 91 24 82 10 0 18 108 66 107 119 85 13 63 1 22 49
    41 80 98 77 60 38 44 90 65 26 3 12 85 116 85 108 47 22 9 126 79 120
    91 119 69 25 15 72 33 39 54 89 2 117 21 25 111 97 23 94 98 11 87 78
    100 0 127 35 124 59 3 18 87 71 49 91 123 37 96 6 87 10 19 41 13 27
    35 109 22 51 92 67 30 45 77 108 59 47 120 27 105 111 31 57 16 53 0
    119 48 119 93 50 3 21 69 5 63 31 104 103 49 29 96 8 80 15 96 10 81
    110 81 39 72 117 44 1 60 45 35 81 123 2 101 9 99 37 123 51 21 13 113
    29 16 78 62 64 126 16 82 67 13 117 54 8 91 119 49 41 53 73 32 113
    123 30 61 16 34 98 114 124 92 86 4 63 116 18 98 124 35 103 85 70 82
    49 70 91 38 101 47 13 89 67 5 9 109 16 66 13 28 115 83 15 50 55 7 17
    19 83 28 41 65 113 30 80 54 0 39 2 81 111 103 113 78 46 59 73 54 70
    24 115 125 68 12 115 61 89 35 59 63 119 45 78 74 9 113 19 42 52 85
    90 124 79 1 47 71 124 29 53 26 11 18 33 56 102 6 101 100 34 66 33 55
    54 117 29 77 85 7 12 97 112 74 0 98 123 102 124 81 11 80 33 92 43
    100 77 114 49 83 5 95 5 21 68 37 97 39 122 73 1 91 3 32 126 25 0 81
    71 102 110 90 116 27 25 77 96 71 13 3 118 79 2 28 52 96 7 52 55 38
    116 60 105 75 4 122 56 56 112 33 87 6 86 60 111 24 124 105 80 122
    108 3 83 50 54 103 92 124 88 124 65 44 102 51 23 127 47 11 108 17 51
    51 13 17 122 1 95 84 59 117 40 66 62 88 113 50 56 31 120 11 102 75
    36 43 103 62 122 70 98 110 50 85 88 102 62 102 15 27 125 51 69 82 2
    25 81 46 30 69 24 19 70 85 126 23 99 113 67 33 45 28 69 117 49 15
    114 39 53 3 33 126 66 20 36 26 78 93 29 50 120 87 71 38 2 78 112 99
    123 10 93 105 23 97 103 107 7 4 108 118 35 60 89 101 75 6 86 76 123
    75 57 123 77 18 89 43 7 126 4 106 2 66 45 13 32 70 101 58 28 93 108
    23 93 91 20 98 44 76 63 21 127 26 95 62 49 109 40 43 112 23 117 97
    82 74 94 37 27 77 24 10 109 98 115 49 10 96 124 9 114 73 23 26 70
    124 48 19 103 22 40 35 119 63 80 113 39 87 42 122 28 122 117 78 107
    46 75 85 19 58 110 118 90 62 75 115 93 11 98 103 118 117 102 72 62
    76 55 15 112 40 82 106 8 87 43 33 118 100 112 81 11 66 40 36 56 2
    126 9 93 78 28 9 124 35 32 51 64 9 5 118 61 7 27 57 98 43 33 29 23
    33 103 24 125 59 13 127 112 60 110 109 27 24 36 20 45 65 3 113 109
    25 70 47 12 118 33 105 73 11 97 103 79 61 13 123 27 100 55 17 3 119
    121 7 3 55 52 11 104 42 26 54 6 60 97 122 101 57 15 45 21 34 31 53
    72 0 112 41 56 80 100 19 15 63 12 101 78 90 88 83 111 50 15 78 31 64
    111 5 84 93 69 120 20 22 11 4 121 55 56 7 4 53 10 8 7 15 7 99 97 45
    82 113 50 64 37 61 44 39 39 21 55 75 126 27 29 49 45 69 55 78 63 27
    74 96 8 40 100 117 105 27 88 69 114 68 55 48 9 127 67 31 60 57 88
    121 34 71 122 75 111 39 40 112 43 74 120 32 121 82 108 117 11 55 17
    61 101 106 13 103 114 35 108 24 50 50 60 115 13 113 13 75 53 106 44
    123 115 118 114 97 41 113 33 20 61 0 120 72 57 81 34 69 39 28 95 15
    104 61 93 91 98 47 95 12 27 50 70 110 79 94 25 74 49 61 40 120 44 72
    87 52 16 54 93 122 23 35 11 112 14 14 119 66 114 31 97 107 103 104
    23 97 63 54 113 94 31 9 96 10 119 8 48 4 111 16 0 86 30 80 97 44 55
    104 93 20 99 80 91 85 126 21 119 64 28 124 11 91 42 50 125 22 17 12
    15 89 101 102 112 118 125 6 7 76 93 106 98 83 15 69 72 4 77 77 48
    113 95 20 51 92 115 127 48 121 42 21 4 74 13 11 56 4 75 107 20 33
    102 85 119 113 95 60 99 63 5 108 79 75 33 50 105 36 107 111 83 86
    101 76 42 127 125 99 112 107 123 53 39 14 54 67 89 16 7 4 47 53 95
    57 74 101 99 95 46 53 55 31 124 28 93 103 84 104 30 108 67 91 112
    113 48 83 127 40 87 117 75 6 30 72 38 106 126 65 4 123 28 116 11 10
    96 22 58 78 11 22 0 97 74 116 110 5 30 21 93 53 25 75 37 1 42 34 19
    126 127 125 108 34 91 96 73 104 123 97 3 111 18 121 94 97 65 65 56
    48 21 30 122 59 95 8 118 45 65 106 52 89 69 99 60 60 41 110 114 39
    65 96 46 86 51 59 30 104 26 73 55 69 103 26 126 126 6 48 72 95 73
    100 93 17 78 77 125 100 56 66 116 54 111 53 50 36 88 63 59 56 15 27
    17 21 78 99 43 120 76 121 102 45 87 33 118 117 99 71 13 111 95 56 96
    105 79 30 65 89 123 87 0 16 107 74 38 77 101 51 27 90 78 72 81 40 54
    116 86 103 19 65 53 63 100 91 84 54 84 73 38 91 74 37 54 48 60 55 40
    57 22 115 68 80 19 111 32 113 38 16 96 52 44 20 95 54 101 3 71 96 66
    16 71 29 73 106 38 110 106 121 122 86 80 102 67 53 93 52 16 71 31 35
    25 94 24 71 22 92 67 11 87 35 108 14 88 45 53 103 98 88 23 97 18 8
    71 107 88 63 21 117 111 5 53 90 85 55 61 45 90 14 1 12 81 12 65 114
    24 78 18 73 21 85 66 8 17 97 1 9 32 93 109 115 64 65 4 61 73 88 75
    87 83 101 56 57 21 41 118 55 126 6 45 57 102 96 101 86 71 29 124 38
    36 53 30 112 47 67 104 40 37 9 46 53 32 78 77 69 48 81 46 62 59 21
    85 22 27 14 7 9 97 18 9 2 0 104 18 29 83 95 31 49 18 123 103 88 97
    79 56 19 83 109 35 11 15 41 63 54 42 46 40 84 110 42 92 25 45 70 80
    34 0 104 71 42 81 111 68 125 87 80 44 24 96 106 124 55 88 104 102 95
    96 0 126 23 109 125 106 111 10 60 97 17 53 123 54 79 21 32 71 97 64
    122 0 37 84 5 23 107 114 109 4 32 7 73 103 116 23 103 62 46 57 0 46
    90 37 16 66 116 3 7 55 17 76 89 9 93 68 15 72 106 116 124 43 5 98 41
    16 31 111 57 101 77 61 32 23 121 17 50 107 126 110 111 89 72 73 91
    90 97 126 126 38 10 19 28 118 10 5 13 30 35 88 64 54 66 40 91 109 30
    42 23 15 111 83 62 100 95 124 34 41 89 107 3 118 97 101 20 108 30 83
    34 71 83 95 99 75 91 98 120 34 56 78 10 45 33 48 119 97 61 24 49 16
    44 30 86 61 43 63 21 1 121 104 35 77 19 107 60 31 2 115 112 70 112
    44 84 61 100 17 5 75 19 57 46 108 9 53 127 39 127 75 62 29 67 101
    124 26 103 38 2 65 32 19 23 53 83 113 104 68 29 57 38 97 104 93 46
    42 2 116 114 127 103 43 113 56 46 23 87 64 85 105 103 49 75 109 71
    68 85 80 30 94 3 111 51 19 108 39 119 106 120 94 30 84 8 22 79 15 7
    84 39 94 32 97 25 103 65 20 63 80 20 43 120 48 20 102 73 73 9 121 17
    14 86 26 115 59 8 87 42 83 89 14 59 37 16 59 21 123 114 113 103 86
    48 52 0 83 42 107 27 30 10 82 3 76 71 59 53 21 75 34 2 96 74 87 3
    110 103 94 100 62 121 53 75 0 82 49 19 91 83 99 106 60 26 27 79 50
    79 84 50 82 106 28 113 82 37 104 4 16 48 99 53 110 44 90 110 30 107
    88 2 71 28 120 118 3 104 92 88 24 14 33 72 77 95 7 126 5 52 92 101
    56 3 123 93 42 83 27 43 105 36 4 99 63 76 94 85 69 48 76 117 80 64
    12 69 36 73 77 102 15 58 36 54 46 119 20 117 26 72 8 104 27 81 81 73
    94 4 18 4 62 111 36 60 78 123 124 49 40 39 16 58 124 124 77 104 87 5
    29 1 111 111 96 61 26 97 18 71 36 78 1 1 31 14 49 24 68 64 81 63 18
    110 57 95 19 34 41 99 120 101 126 14 43 69 98 60 80 94 112 105 77
    120 108 30 83 39 69 92 109 100 8 98 99 55 24 110 124 44 24 52 59 9
    109 17 37 44 2 38 27 39 78 75 101 78 123 55 101 75 31 71 101 86 54
    34 97 124 92 107 55 119 66 42 111 26 93 23 94 33 117 62 110 120 22
    103 56 47 77 120 95 71 6 79 2 76 51 44 88 27 86 34 121 92 117 123 85
    5 66 29 40 84 71 81 2 70 44 2 58 60 83 4 37 8 63 45 14 86 27 38 38
    97 120 25 5 58 47 107 123 63 50 43 25 86 56 82 67 56 37 19 105 96 59
    80 45 98 83 61 1 113 53 52 27 25 78 88 19 117 85 80 37 72 56 89 117
    78 31 88 115 104 101 64 33 5 105 73 89 92 125 65 82 30 83 67 12 50
    86 16 5 110 35 80 104 29 78 108 95 63 11 86 79 52 94 117 89 108 124
    21 16 70 27 118 37 72 32 32 102 111 126 31 18 89 19 21 104 57 48 126
    20 8 31 64 106 80 60 85 110 67 87 91 9 107 11 29 79 35 115 71 37 124
    99 83 69 22 27 6 103 101 31 87 37 61 85 73 33 96 48 13 22 22 25 65
    44 32 58 65 74 77 44 7 106 52 17 99 98 91 124 89 0 119 2 22 18 103
    23 70 104 116 57 81 124 28 115 64 126 113 76 48 29 116 47 80 70 21
    86 87 34 11 51 59 9 22 97 69 107 14 108 36 116 75 100 45 46 6 40 72
    85 63 102 14 68 32 13 115 112 3 2 67 50 116 42 96 5 6 98 44 63 109
    113 117 73 107 10 92 86 126 64 98 22 15 80 62 119 57 121 24 52 110
    80 44 32 101 74 108 119 104 123 9 81 123 8 53 61 92 120 1 20 61 38
    107 38 104 67 126 0 87 47 15 43 67 11 75 46 4 102 44 94 67 82 66 82
    105 112 59 20 70 106 7 43 109 29 93 74 0 63 13 106 48 25 52 94 82 81
    18 27 4 92 86 32 11 24 104 25 113 88 115 34 70 74 89 108 82 15 116
    125 66 121 1 3 6 115 125 30 91 125 119 117 34 43 32 28 66 90 86 10
    96 126 107 59 21 116 93 58 1 28 81 14 23 45 40 34 58 29 95 32 90 15
    102 14 66 15 123 84 121 96 60 117 71 77 90 58 35 35 63 22 58 39 97
    66 68 67 2 104 95 40 89 80 2 16 118 45 8 70 55 79 27 35 107 28 38
    121 61 84 122 60 46 2 42 20 27 49 64 125 124 49 100 95 120 49 7 114
    79 6 41 86 5 46 47 64 115 31 7 60 9 3 81 74 108 10 104 26 126 64 19
    10 115 15 84 16 58 52 84 105 114 72 106 21 38 63 124 22 28 114 26 45
    39 52 96 126 87 3 68 31 28 68 31 108 74 81 22 109 102 12 2 49 68 92
    99 41 71 55 40 33 108 63 65 53 31 28 32 71 76 0 24 126 78 67 103 76
    7 123 94 87 64 19 17 81 109 78 67 123 43 38 0 13 26 119 97 70 46 19
    22 83 54 48 117 81 68 57 25 47 91 104 0 17 76 42 12 88 116 123 87 11
    49 119 108 47 64 124 53 114 29 104 101 24 125 18 115 30 68 5 48 105
    47 54 81 36 24 9 82 23 41 109 84 72 80 125 51 37 39 57 108 123 45 7
    124 41 6 76 55 54 99 100 99 47 80 9 118 104 71 78 95 100 97 59 122 8
    4 127 118 70 91 37 34 94 6 27 82 27 64 117 10 31 117 34 126 59 110 8
    38 66 18 24 35 85 114 27 65 7 10 97 119 75 106 3 53 103 93 35 72 84
    106 65 123 22 24 31 59 71 9 73 38 30 26 112 38 115 12 28 126 114 55
    46 53 80 39 78 83 101 107 58 48 75 51 112 21 50 47 31 85 63 5 93 37
    119 122 54 74 106 125 83 89 51 39 81 82 104 92 1 52 49 33 86 15 53
    12 45 62 90 58 22 97 124 80 4 89 7 39 122 40 15 20 22 43 30 40 102
    36 86 103 75 7 36 106 11 120 17 12 110 87 19 33 43 90 87 101 110 19
    112 53 94 57 13 73 115 60 116 117 17 60 19 79 27 104 48 108 99 89 44
    87 29 35 56 12 3 85 71 13 73 96 69 48 60 47 101 47 16 85 76 27 62 64
    70 55 98 7 35 32 15 59 18 114 106 0 26 81 121 32 50 13 105 11 65 11
    46 6 73 2 8 34 27 34 76 104 7 118 5 8 56 56 10 115 26 79 88 66 86 84
    26 81 100 12 91 1 68 90 23 127 23 97 15 54 62 76 67 13 123 94 121 50
    87 60 104 98 8 105 21 71 30 61 43 39 100 43 112 64 22 20 66 79 67 54
    92 39 55 1 60 99 80 4 0 80 122 4 108 94 7 97 94 46 103 36 127 5 79
    43 18 29 96 66 59 100 29 36 72 71 80 11 66 56 17 102 73 1 117 25 65
    92 3 92 18 18 29 37 0 52 76 35 86 2 70 26 64 106 62 117 122 12 20 68
    6 43 5 66 69 103 81 60 53 72 111 120 41 65 123 57 53 43 22 117 22 36
    46 42 70 3 105 114 121 88 54 44 33 2 97 75 45 66 55 32 13 64 103 75
    45 14 116 43 4 89 12 63 95 55 57 83 13 30 88 107 31 19 68 47 11 95
    107 126 30 31 47 79 15 35 94 53 27 26 86 110 85 99 17 58 73 28 47 83
    84 69 99 43 17 111 61 39 43 1 60 61 24 25 13 49 61 94 33 86 59 109
    32 94 79 92 13 75 34 45 17 103 106 66 19 27 115 63 119 114 66 33 97
    99 76 43 102 4 64 30 28 120 125 85 29 35 15 46 34 109 54 104 3 119
    92 22 13 86 115 105 84 1 92 56 5 50 42 16 14 122 17 112 32 16 6 2
    119 74 2 86 61 114 79 1 9 49 51 0 57 97 73 106 53 28 93 81 28 37 90
    54 29 65 92 94 103 7 38 97 111 92 100 21 111 110 53 1 49 21 40 33 54
    40 30 42 121 43 80 81 10 85 102 19 4 74 83 116 11 1 90 10 35 122 18
    67 90 48 73 100 80 51 63 20 125 2 13 94 40 82 11 34 66 99 94 4 32 76
    83 47 9 47 110 125 12 109 112 77 127 5 115 17 109 59 24 5 73 107 125
    118 87 40 80 118 40 16 61 107 86 93 80 123 61 114 53 104 28 67 46 55
    87 3 52 25 91 23 16 60 42 9 32 63 22 11 96 11 65 113 124 43 114 25
    84 98 61 98 94 107 105 113 96 40 92 91 54 22 113 19 113 74 17 67 123
    79 109 71 27 12 1 40 23 53 119 44 120 100 90 43 122 37 91 29 111 63
    63 43 68 74 22 3 105 100 25 91 86 95 40 86 81 66 111 30 123 0 39 116
    53 25 29 3 68 37 17 19 66 87 3 20 121 20 60 60 114 73 36 16 18 105
    27 53 40 101 105 3 41 81 51 61 17 74 106 35 110 34 116 29 63 113 22
    9 102 18 61 11 64 89 9 111 101 78 8 44 123 71 40 2 6 110 43 24 108
    80 125 71 5 28 53 25 103 60 120 63 78 2 12 9 85 37 108 126 53 10 39
    116 112 27 78 78 28 24 15 75 126 111 57 37 57 105 35 115 74 57 4 19
    67 75 42 25 8 88 84 9 52 9 82 122 50 51 108 73 98 74 22 99 26 123 24
    53 54 25 13 29 68 13 92 56 44 96 70 63 88 7 31 3 8 92 98 6 66 10 36
    8 54 107 124 98 62 37 51 7 78 117 42 91 31 15 56 33 49 73 73 105 3
    120 30 47 70 111 33 27 103 57 61 93 11 51 117 42 122 70 35 95 28 41
    121 58 123 42 121 93 13 25 83 118 37 62 28 49 62 42 46 62 52 83 42
    31 48 27 26 81 38 41 50 64 63 45 16 75 51 117 52 107 43 92 87 52 107
    56 75 105 9 122 121 30 102 93 98 82 22 118 74 75 103 84 23 66 44 9
    23 17 76 8 125 49 40 121 47 32 0 26 60 126 2 43 60 45 101 115 25 95
    56 47 5 24 4 52 118 49 41 49 53 58 88 54 68 90 93 56 73 113 33 70 51
    13 111 32 76 81 27 30 34 50 95 84 70 89 125 82 49 121 23 122 72 6 91
    42 16 92 53 25 5 42 3 16 114 34 13 88 115 17 108 48 72 47 89 87 7 95
    118 41 118 36 30 5 5 31 2 82 27 60 65 5 95 92 76 3 89 42 123 13 9 20
    32 28 3 103 74 57 126 93 110 127 49 91 93 68 63 23 12 92 94 80 103
    122 29 81 84 63 23 20 32 71 95 61 105 70 72 36 82 13 62 114 93 105
    21 2 88 72 92 82 71 61 67 46 68 113 69 120 119 85 82 75 26 101 51 62
    86 107 66 126 80 64 18 26 3 95 80 94 0 7 29 120 106 120 81 48 45 65
    38 125 121 35 61 1 105 15 11 57 127 116 68 87 0 83 30 31 73 125 53
    79 68 102 82 32 117 57 6 73 13 4 112 47 65 109 34 47 20 124 51 45 89
    75 63 63 91 36 41 2 70 54 101 8 10 22 122 118 59 87 106 45 40 85 125
    23 80 69 12 22 91 1 110 96 60 28 74 6 54 101 68 120 35 98 82 96 70
    103 109 83 124 117 41 73 74 5 69 95 100 63 24 4 45 54 118 22 9 33 25
    9 34 16 23 79 42 14 116 111 11 56 15 102 116 120 68 20 91 53 115 76
    107 32 51 29 34 124 33 9 110 93 123 103 87 20 127 82 82 72 108 93
    107 100 50 101 90 39 13 119 122 106 84 30 93 47 114 98 27 54 20 21
    118 89 115 41 71 105 26 89 50 97 5 7 111 121 38 58 41 26 23 23 52 17
    49 91 48 50 93 56 106 89 32 61 33 103 58 0 91 21 98 122 13 92 6 59
    42 114 56 126 109 75 14 119 106 85 15 76 74 44 92 51 3 46 95 43 70
    73 46 32 84 124 111 92 63 83 112 77 31 55 9 112 113 38 28 42 63 49
    61 53 57 24 71 63 59 33 113 11 22 117 71 115 113 126 25 0 43 21 34
    16 28 46 105 126 86 37 43 69 77 110 21 47 42 127 4 32 124 32 88 43
    56 38 68 85 61 111 97 125 47 66 36 90 26 104 127 40 64 99 89 28 96
    75 54 92 94 96 2 66 113 97 54 65 18 76 82 24 87 112 113 91 97 72 21
    76 54 1 17 38 7 17 83 114 92 69 124 101 98 12 46 43 15 10 80 46 58 0
    75 68 114 63 84 74 94 61 28 125 68 114 48 110 21 20 40 56 98 63 13
    60 49 109 103 83 80 33 101 36 114 104 51 44 100 119 95 21 45 98 0 96
    4 80 100 61 54 38 62 59 17 120 87 103 102 85 31 77 36 109 98 39 80
    80 87 78 117 95 47 10 76 40 93 43 93 46 110 127 53 20 126 19 57 102
    45 36 45 28 56 107 116 117 116 99 106 123 48 109 48 112 70 111 27
    114 84 27 36 102 79 52 27 29 41 46 99 116 114 14 92 100 55 9 31 42
    113 68 30 25 120 125 73 40 40 94 126 13 21 109 62 120 95 85 4 70 21
    115 93 62 0 116 84 2 78 37 80 45 78 84 30 5 34 118 30 63 67 55 85
    121 79 2 6 30 45 106 95 64 109 27 22 65 55 105 83 47 8 14 70 38 20
    92 42 42 66 121 109 104 90 14 31 40 116 121 3 126 58 77 51 97 94 85
    41 28 83 117 59 87 35 96 13 69 104 125 108 122 4 72 70 28 57 119 112
    10 17 22 14 18 18 29 17 60 58 13 43 114 51 51 114 122 99 83 56 52 13
    122 17 104 122 75 111 119 44 80 122 97 32 41 105 106 58 27 110 6 125
    9 29 114 42 69 110 81 69 6 94 23 5 15 56 29 32 9 22 68 7 121 106 42
    14 68 54 89 12 102 40 35 21 101 2 73 15 54 19 84 41 112 83 120 108
    123 92 23 118 58 75 70 38 112 111 113 116 9 98 102 77 102 59 97 57
    102 57 110 66 76 68 100 18 56 101 111 50 85 107 29 126 35 73 73 92
    92 35 63 120 97 36 24 29 109 49 74 117 47 50 67 122 39 41 82 22 122
    19 126 90 74 48 83 44 103 13 21 117 26 11 82 123 43 4 28 13 3 110 96
    53 117 42 21 58 89 87 109 37 27 83 72 101 96 124 99 45 66 86 36 88
    29 57 89 117 111 74 79 69 92 32 26 38 8 81 103 39 38 28 75 11 120 68
    20 50 112 81 101 29 49 8 74 96 56 47 37 51 110 97 43 57 119 13 64 15
    111 54 116 94 47 14 82 30 108 8 39 109 21 110 16 72 76 72 107 35 10
    43 96 66 90 96 104 3 42 39 90 42 46 90 79 18 32 67 16 35 85 99 57 63
    106 52 73 102 15 75 61 119 64 27 123 101 27 87 53 59 2 64 8 60 31 73
    32 32 30 102 56 80 52 32 87 67 22 47 13 111 62 12 113 73 99 102 61
    66 22 125 73 12 22 99 101 117 49 56 29 64 22 15 115 48 125 24 11 91
    96 98 83 70 105 66 59 66 114 4 54 122 49 103 110 63 103 19 123 36
    102 17 76 127 78 95 45 31 99 74 104 112 17 11 21 64 50 122 70 66 42
    19 69 57 46 77 55 76 41 20 2 85 72 50 92 29 116 47 83 109 111 126
    116 103 46 6 125 124 75 82 61 2 38 74 19 83 92 94 15 71 6 91 23 2 30
    50 81 107 59 6 73 76 119 75 16 39 120 58 66 24 108 87 64 6 43 89 35
    44 64 48 83 37 86 115 40 125 31 25 60 126 77 42 69 45 20 105 34 80
    108 64 35 42 78 67 52 61 20 14 69 21 87 45 107 82 24 97 98 93 68 1
    15 120 91 103 11 45 30 79 92 106 94 54 17 42 48 115 78 119 91 67 51
    1 32 14 72 64 102 126 77 96 123 107 115 101 70 78 59 72 88 92 82 106
    36 76 110 92 69 52 91 122 50 67 4 73 4 79 114 66 90 115 76 102 107
    54 126 126 77 101 6 102 15 37 92 67 96 49 15 82 25 80 61 126 2 43
    107 47 54 29 108 112 43 53 70 98 24 125 61 117 95 54 77 95 95 122 77
    20 111 15 87 25 27 57 97 71 18 22 53 45 17 51 120 69 102 81 37 7 106
    123 56 114 36 18 64 0 15 88 116 42 3 95 13 17 76 56 90 105 98 68 8
    12 83 14 17 11 4 114 104 2 53 104 21 76 117 116 4 118 15 44 105 82
    122 47 123 12 4 116 74 116 120 38 10 111 100 6 50 103 38 113 90 113
    63 110 87 33 84 7 25 53 54 15 35 97 59 49 85 61 114 23 103 72 120
    106 113 67 118 1 6 88 61 72 110 84 2 38 30 93 46 32 108 13 61 116
    118 76 93 101 63 57 24 24 59 70 6 125 43 122 79 13 119 60 71 116 103
    80 14 36 106 98 62 116 5 83 43 49 97 22 96 100 24 39 113 67 74 99
    122 118 79 81 123 117 54 32 28 118 76 50 123 125 106 11 86 80 13 45
    93 53 37 91 124 103 70 90 44 114 120 76 53 8 63 87 55 15 3 21 16 94
    118 41 91 3 85 85 47 20 11 44 83 15 10 84 15 85 116 4 112 99 112 13
    34 54 16 71 37 37 23 87 94 20 127 108 44 80 18 119 82 26 66 127 118
    44 62 56 105 11 63 31 110 11 14 115 117 2 45 61 111 66 96 79 36 101
    19 112 41 76 101 22 100 126 42 111 76 127 46 119 18 100 89 35 70 67
    126 24 8 44 117 123 44 100 36 108 122 56 11 88 54 108 93 101 33 72
    41 98 4 78 109 24 79 17 61 44 58 0 2 91 96 94 119 112 125 105 55 64
    46 114 71 106 120 89 64 5 77 10 49 72 62 113 108 111 101 72 79 47 22
    53 36 73 32 53 61 33 51 67 111 35 2 18 116 72 96 10 17 9 107 28 97
    102 28 99 26 14 66 78 44 91 92 62 102 114 20 2 41 83 33 103 25 58 50
    73 67 66 77 6 97 104 79 115 64 81 64 5 120 56 33 53 20 84 62 28 104
    122 101 43 108 18 26 7 12 10 77 46 127 61 96 108 103 110 4 24 82 55
    1 40 55 65 22 77 5 29 65 102 72 56 113 24 48 16 17 108 87 110 39 54
    50 63 33 11 77 10 60 33 106 123 100 2 14 81 115 40 120 84 62 95 97
    33 45 36 1 30 52 10 40 97 36 43 104 126 17 65 111 17 127 83 74 91 67
    42 44 21 75 80 66 47 106 43 38 46 43 79 81 25 1 81 68 108 46 73 33
    120 74 112 4 8 116 3 3 36 79 99 71 10 108 100 65 116 69 5 29 85 8 6
    104 82 28 5 24 32 108 107 13 15 77 73 64 118 50 99 29 124 40 114 32
    53 63 115 111 61 51 112 118 73 116 68 41 29 111 40 53 107 105 1 107
    82 84 56 56 55 16 23 96 14 102 112 121 59 55 27 60 85 31 88 71 29 37
    100 83 107 96 58 46 92 106 69 70 95 60 1 53 54 15 11 98 12 127 87 42
    124 69 51 60 91 32 73 98 20 36 32 124 86 113 113 30 20 96 24 88 66
    113 62 32 56 101 25 44 59 22 52 9 2 2 6 77 48 54 110 3 106 50 118 51
    49 21 61 36 96 56 97 60 39 76 48 74 62 126 24 80 77 66 25 127 87 30
    99 31 36 70 122 31 35 16 52 119 53 106 27 105 29 30 121 67 111 43 15
    92 112 90 71 34 35 40 102 42 0 8 121 20 31 107 34 18 120 25 61 2 36
    96 7 114 40 17 50 48 115 82 30 34 21 33 32 38 44 88 73 12 30 38 68 6
    53 75 47 28 103 82 45 114 17 6 118 84 113 120 92 90 52 75 20 93 31
    87 25 81 14 25 18 79 64 42 41 68 126 34 96 126 48 38 5 58 115 123 11
    115 79 34 65 117 52 36 126 82 86 76 27 96 22 52 12 90 99 104 54 59
    47 49 3 28 21 74 116 2 101 39 2 69 121 123 14 69 61 75 57 0 25 118
    112 55 50 4 20 30 28 45 42 56 52 115 87 119 87 17 95 29 8 105 92 10
    13 49 41 95 51 39 84 11 22 57 120 10 27 54 94 36 75 57 104 20 111 80
    15 123 103 76 37 116 31 64 93 34 88 25 3 72 122 125 103 87 70 60 62
    25 101 32 90 53 16 11 7 12 37 63 54 30 17 74 36 104 50 77 43 28 62
    107 9 3 21 105 55 115 98 63 28 123 35 49 119 107 42 105 35 66 43 30
    62 110 1 47 33 68 48 55 81 23 29 97 18 72 22 118 5 6 14 22 74 122 35
    69 11 67 20 101 92 92 120 56 88 45 97 25 98 25 16 77 126 2 81 54 32
    77 121 108 79 117 78 38 58 125 20 92 90 107 39 98 84 119 76 41 39
    121 73 109 25 67 16 65 80 3 60 43 108 106 104 117 113 117 92 109 33
    2 48 92 81 34 17 105 2 33 115 35 93 77 31 94 45 125 11 58 114 103 57
    40 32 34 72 7 84 103 102 108 13 97 81 43 112 1 52 50 96 63 72 69 2
    28 122 59 42 127 71 40 12 17 72 10 83 11 112 111 23 98 44 32 100 46
    49 100 123 23 94 47 105 11 43 13 89 36 52 48 10 31 17 95 22 57 5 5
    17 10 2 113 99 105 51 75 88 18 12 100 99 45 92 113 108 7 58 39 54
    113 90 43 98 105 73 48 94 47 21 108 3 125 107 108 9 11 104 2 14 52
    79 95 23 118 51 18 3 40 21 35 7 54 99 54 29 33 49 83 110 71 57 51 93
    91 108 110 17 7 114 74 43 43 42 119 48 82 25 11 99 119 118 57 81 86
    104 104 101 79 29 13 71 73 73 109 21 114 105 42 68 84 51 101 54 98
    33 51 2 6 108 27 10 80 58 118 25 14 68 40 26 123 109 61 86 21 38 45
    110 88 125 122 114 67 72 19 45 72 94 96 124 45 3 90 17 14 92 13 81
    125 1 105 83 10 54 42 85 72 40 5 34 32 97 26 0 84 23 43 18 52 27 45
    84 21 56 78 91 92 11 46 117 31 99 100 87 1 124 58 112 97 58 55 86
    108 97 33 83 5 8 43 71 23 88 64 9 80 91 17 26 14 65 39 110 1 103 10
    40 8 86 73 87 87 17 111 14 101 76 107 55 119 87 73 50 77 59 101 119
    63 79 106 81 49 55 22 121 119 60 56 46 114 19 109 89 101 119 126 100
    6 36 44 107 28 118 98 108 82 111 118 105 127 24 17 38 69 33 123 47
    15 74 45 34 2 109 73 118 80 90 40 109 69 51 5 62 42 111 15 32 54 40
    55 50 82 120 67 68 86 108 55 31 107 65 112 19 120 86 78 65 11 42 52
    69 11 22 3 69 114 104 113 64 122 20 30 25 28 26 61 72 99 7 9 58 88
    120 59 62 69 94 125 35 121 99 46 37 39 28 24 58 98 115 124 40 83 65
    107 67 84 109 71 108 42 91 85 57 87 28 9 68 108 89 35 72 106 14 5 18
    5 87 111 43 18 81 53 75 6 90 125 82 78 55 26 120 54 83 75 39 103 101
    19 58 0 49 62 72 44 108 127 66 114 18 81 101 11 7 114 11 36 76 84 34
    89 95 87 75 21 111 40 43 82 66 67 78 44 121 110 48 34 27 56 40 68
    102 36 18 6 112 1 23 68 120 40 56 15 72 120 57 26 12 9 10 68 73 96
    28 79 54 43 70 65 43 74 34 19 61 79 20 79 69 117 28 24 18 59 113 19
    82 115 70 115 29 90 15 72 123 88 127 40 20 88 83 8 1 22 52 103 70 49
    10 55 71 2 71 29 116 57 32 35 10 41 27 26 68 57 70 63 78 75 117 99
    109 127 24 97 41 100 51 61 86 92 24 124 55 77 43 14 76 65 31 95 4 98
    106 12 108 107 31 77 122 101 127 70 29 3 85 26 62 90 51 40 13 18 87
    122 62 112 66 67 43 50 4 116 78 81 52 54 49 79 84 14 93 119 87 116
    82 126 14 59 44 80 24 0 126 84 62 32 73 63 99 93 54 104 98 13 122
    106 29 101 79 32 6 22 56 11 17 101 37 46 118 66 73 74 64 6 12 106
    116 124 95 110 46 34 111 67 11 117 109 55 81 124 68 99 14 109 111 39
    110 56 55 104 31 120 0 92 22 28 92 25 61 115 19 52 67 57 105 32 102
    56 16 117 5 74 25 37 29 6 97 108 10 31 73 52 111 8 30 101 115 92 65
    122 40 55 46 78 87 8 86 82 117 80 32 62 91 62 127 102 45 117 102 18
    35 82 109 91 8 42 122 9 45 120 70 14 103 110 48 90 28 19 117 97 87
    88 1 101 26 68 29 91 5 61 41 7 114 13 25 11 121 85 45 101 53 43 14
    103 44 89 15 11 20 107 125 1 89 7 43 37 71 64 3 77 124 91 54 87 2 96
    101 50 31 99 40 67 78 57 8 87 3 89 113 50 37 72 47 67 49 104 68 55
    37 75 126 76 102 83 100 54 70 80 64 40 68 15 43 106 35 69 91 71 120
    111 52 53 87 85 103 0 4 32 43 114 106 5 34 4 113 113 92 114 65 29 3
    116 63 121 33 119 38 41 83 27 22 86 10 80 103 96 64 103 13 106 66 60
    52 75 18 81 67 27 40 13 45 23 9 64 61 108 93 46 116 124 79 9 77 52
    61 71 60 37 78 73 111 55 127 122 76 19 2 69 48 5 37 87 126 45 74 67
    119 22 51 61 84 56 89 105 28 117 124 103 0 25 83 5 84 1 17 127 4 13
    40 117 26 25 73 37 5 46 100 86 9 67 25 109 7 64 55 46 32 55 38 117
    14 27 125 29 94 31 97 55 74 100 71 80 113 34 29 5 4 54 80 13 121 65
    115 63 35 126 52 64 80 85 47 80 47 1 79 94 75 32 52 42 34 90 69 17
    102 75 0 120 94 122 55 18 3 66 48 34 47 81 30 89 17 48 77 10 95 95
    58 20 102 119 39 104 71 0 65 109 69 80 108 66 55 87 50 126 67 18 90
    53 109 31 119 1 19 121 11 76 63 124 16 116 75 69 108 78 69 28 45 66
    116 74 10 65 77 122 106 46 37 65 44 68 104 81 92 33 12 40 124 48 34
    6 32 4 116 92 33 41 120 58 107 66 97 99 91 8 36 51 77 14 56 38 111
    12 117 75 102 96 24 69 84 106 52 68 6 10 119 56 12 23 122 25 31 115
    101 106 21 68 34 116 117 103 7 0 52 93 99 64 73 68 13 98 52 112 33
    86 94 31 19 44 29 112 58 16 20 41 55 103 45 43 4 4 16 71 42 19 95 76
    24 77 48 8 111 78 47 52 51 80 33 82 74 27 125 31 46 70 80 9 5 39 84
    50 92 85 68 48 105 50 65 85 31 11 125 117 15 54 51 95 99 68 53 114
    89 72 98 77 50 69 42 78 75 23 102 86 59 51 69 59 11 29 8 1 82 59 105
    84 61 86 90 9 25 114 113 65 122 112 71 66 13 100 22 117 100 95 42
    102 117 48 46 44 111 123 109 111 92 111 93 104 107 106 53 74 28 9
    121 34 88 111 77 30 126 39 43 110 71 31 44 49 98 68 81 0 127 2 34 58
    33 32 87 23 71 49 36 1 0 67 106 86 50 119 92 26 30 121 1 57 107 66
    42 22 59 32 111 114 85 81 109 26 47 63 109 53 61 28 22 35 38 115 63
    93 49 26 126 114 44 56 46 52 66 10 47 103 11 36 92 55 42 100 74 59
    88 63 37 39 105 96 22 127 70 37 117 58 4 2 66 46 105 103 35 110 99
    42 14 91 20 88 105 107 65 72 55 34 121 73 102 12 54 94 2 43 19 85 88
    85 90 25 60 4 102 80 43 41 48 49 75 26 7 67 45 94 25 50 31 96 28 125
    99 84 122 65 16 49 70 40 125 114 38 60 105 122 110 112 90 8 4 84 123
    80 48 53 59 56 97 61 14 29 87 7 3 64 104 7 12 21 5 29 83 28 71 10 24
    85 125 7 13 96 127 80 124 45 67 73 98 69 27 23 119 37 42 62 58 112
    116 3 82 91 78 85 24 15 105 69 1 2 14 38 21 67 50 110 10 61 48 19 51
    13 34 85 7 53 24 61 22 41 86 104 9 7 60 90 90 60 21 22 53 76 127 25
    1 90 51 9 60 41 73 32 96 4 35 15 2 70 122 85 79 95 41 6 49 96 83 67
    32 107 121 9 5 54 43 67 82 36 45 39 90 117 108 58 116 87 120 65 30
    76 57 59 7 125 7 9 61 25 25 34 83 17 2 96 20 57 101 90 105 97 58 22
    67 95 36 26 116 103 30 33 99 82 109 73 126 41 83 68 39 112 51 6 76
    22 105 102 40 38 40 23 69 76 26 118 54 32 66 29 91 50 45 52 123 41
    83 77 24 53 67 63 50 53 62 104 57 125 72 24 55 30 91 110 103 0 116
    14 64 67 95 6 36 86 48 86 36 75 106 72 20 11 92 113 91 19 61 60 24
    75 45 82 11 125 69 97 111 125 42 64 1 91 125 84 86 52 96 3 65 127
    100 117 58 91 62 12 77 103 83 49 41 96 8 117 25 59 108 97 120 17 57
    98 117 46 121 88 59 79 107 23 88 54 37 108 95 62 35 112 91 55 16 104
    10 117 76 11 118 9 32 22 82 16 57 16 3 51 127 15 13 20 88 118 102 4
    30 23 127 108 97 8 46 40 33 114 26 85 121 98 65 121 9 117 35 29 96
    29 67 117 83 44 42 124 22 24 62 6 51 17 64 28 56 110 20 88 44 56 106
    115 75 38 111 43 68 40 39 51 32 30 16 24 97 70 62 77 113 116 86 123
    77 56 85 124 105 70 89 90 51 51 31 18 37 69 83 76 97 107 125 61 121
    101 75 22 103 0 73 24 52 58 21 33 72 29 47 79 110 20 68 6 23 103 6
    115 99 35 43 64 81 11 107 111 52 18 101 99 35 114 38 17 39 82 63 106
    98 103 121 101 62 72 53 127 81 10 95 108 122 9 34 39 56 33 64 81 57
    112 103 94 109 71 62 90 37 42 26 72 14 71 29 35 104 53 24 0 48 92 62
    105 81 121 74 6 10 63 38 18 74 10 38 10 0 13 71 106 119 48 64 90 93
    64 60 35 108 126 43 37 39 72 86 36 25 110 9 115 42 18 12 104 64 64 2
    84 4 87 21 18 69 9 112 71 19 127 27 2 69 91 120 75 15 8 1 78 86 28
    94 17 108 123 17 85 44 10 90 92 85 59 24 46 44 73 15 28 44 104 25
    112 52 87 80 23 72 56 47 11 49 38 33 2 99 43 78 34 43 108 94 37 61
    73 52 51 48 127 106 27 46 1 2 22 37 29 67 106 107 41 41 2 38 79 5
    114 55 101 25 32 16 103 93 101 47 16 51 62 1 101 79 55 6 83 53 114
    59 2 26 37 7 87 42 91 1 30 53 28 91 115 117 10 114 117 63 23 36 16
    78 37 102 74 104 101 100 100 68 64 50 87 109 113 24 13 75 127 96 114
    23 60 116 109 50 16 11 90 25 49 90 115 90 76 76 34 99 57 3 71 23 64
    17 97 24 104 28 119 119 69 6 91 21 112 5 80 17 60 122 0 15 55 26 115
    12 46 24 56 123 117 78 116 71 73 69 43 21 63 73 66 75 16 16 23 99 34
    38 13 61 60 81 83 44 91 12 68 122 7 89 80 121 123 0 91 45 24 72 121
    5 38 24 126 71 79 50 61 117 89 4 80 68 110 2 98 88 38 71 107 24 116
    106 63 25 83 46 3 90 94 24 41 124 116 77 37 118 105 30 0 32 43 92 81
    31 45 69 33 74 92 82 44 31 122 19 59 9 60 105 51 74 82 89 29 123 52
    50 110 88 106 124 102 67 27 0 121 30 50 6 71 29 63 88 56 84 114 2
    102 21 17 62 40 86 15 81 88 18 64 101 10 100 49 27 59 24 104 7 5 84
    83 73 88 3 42 85 84 11 100 12 75 60 61 72 77 88 46 11 116 37 70 16
    74 2 83 59 13 126 63 110 113 96 70 0 106 66 72 15 80 112 93 68 72 29
    73 37 60 15 45 114 37 13 55 25 77 16 97 22 45 48 85 110 101 119 61 0
    26 94 7 110 24 122 1 80 22 112 23 58 16 29 66 8 115 105 28 116 65 92
    82 106 76 40 46 111 94 65 86 80 58 88 105 49 20 121 27 49 102 60 65
    24 46 70 114 37 64 114 66 48 26 103 45 36 84 99 87 54 84 78 25 22 95
    117 65 126 94 79 70 112 120 77 33 34 86 14 123 15 75 13 83 122 55 63
    122 98 0 77 1 31 67 30 111 10 57 44 70 126 26 32 126 108 75 41 45 25
    60 78 19 82 97 99 93 74 66 11 11 115 63 6 73 115 105 102 81 68 107 4
    103 6 12 114 76 28 69 31 110 7 35 73 108 2 35 110 11 56 105 88 50 69
    125 83 115 93 98 38 90 125 16 16 54 123 125 47 86 92 64 96 21 43 117
    19 42 29 113 56 10 81 99 99 85 71 9 30 61 49 15 42 23 66 102 5 60 23
    5 44 112 35 93 50 93 88 56 13 126 30 75 122 51 24 41 115 11 9 59 101
    42 111 101 107 51 88 42 42 82 57 75 92 52 55 77 25 25 25 42 90 94 56
    64 33 12 119 0 23 99 106 101 77 90 67 106 29 76 121 24 30 91 87 28
    107 89 63 125 31 90 48 118 2 18 120 50 83 48 62 57 72 3 77 98 16 100
    1 101 73 15 52 31 98 84 13 13 87 40 40 47 80 42 93 84 38 76 30 60 38
    76 75 111 119 108 59 99 51 24 71 97 72 36 55 41 17 93 105 27 80 90
    120 41 109 84 23 29 101 79 25 52 108 27 111 117 49 97 12 87 23 71 79
    33 67 61 90 48 99 11 38 18 65 32 86 116 33 95 106 88 115 8 1 28 90
    94 11 34 102 110 115 14 119 47 81 80 24 75 9 94 20 65 104 30 78 17
    16 17 31 95 55 39 85 26 28 115 68 69 107 122 74 90 86 86 22 50 9 113
    28 45 125 107 28 124 91 121 0 47 95 81 46 3 24 58 13 97 102 103 24
    115 21 5 76 60 42 40 8 105 76 52 68 16 60 40 13 100 22 101 78 53 68
    122 22 119 127 55 27 57 88 88 94 97 3 46 6 49 104 23 100 61 109 94
    25 4 34 29 94 58 65 92 78 2 87 47 35 106 32 31 1 86 2 21 98 17 25 21
    85 16 98 116 48 86 38 28 44 90 1 74 96 119 90 119 63 17 68 110 7 59
    18 91 100 65 48 90 0 15 20 127 34 96 96 19 67 110 60 108 22 15 108
    99 16 30 18 78 34 118 79 2 66 87 51 114 74 78 9 88 62 98 55 109 79
    64 68 71 85 97 99 36 33 34 99 61 112 51 72 94 67 51 123 35 94 88 58
    13 19 71 80 88 37 57 60 114 111 3 127 31 100 79 98 90 76 30 104 101
    42 100 120 120 43 110 61 42 19 101 26 65 105 68 65 48 56 41 25 110
    98 16 0 77 48 95 14 61 91 4 92 95 62 7 15 106 91 40 80 122 104 18 0
    122 10 50 32 42 30 62 18 102 48 120 74 90 40 103 127 106 115 80 101
    27 81 58 119 41 67 54 85 34 127 81 57 12 21 117 73 92 26 63 48 109
    14 90 123 30 121 89 38 40 26 90 32 96 37 48 39 24 2 3 24 40 108 38
    36 82 95 21 109 61 55 107 20 97 21 83 92 22 73 101 97 9 87 92 112 94
    26 114 81 127 67 64 122 60 38 42 52 10 15 12 119 47 10 39 52 10 61
    47 112 38 120 1 69 117 14 87 49 7 4 83 66 124 10 90 44 12 6 8 53 67
    49 25 122 40 97 37 15 89 25 24 76 91 53 39 28 23 115 94 7 64 84 45
    60 108 42 96 87 28 9 57 19 73 123 21 82 66 16 86 123 90 108 43 121
    42 37 120 89 93 98 103 113 117 12 16 95 127 68 81 62 71 22 107 60
    107 28 47 75 46 80 65 58 38 90 105 29 124 63 31 61 41 107 124 116
    108 119 90 33 100 114 115 15 100 60 4 7 79 8 111 7 43 10 25 118 32
    63 84 41 24 9 107 77 3 82 123 48 102 94 10 78 87 54 8 123 54 35 30
    14 96 100 52 66 58 61 50 75 34 116 34 21 106 20 7 121 126 10 115 19
    95 119 29 121 50 47 68 113 0 83 39 83 8 40 20 76 22 14 48 74 10 30
    40 63 98 18 18 88 60 30 50 82 75 46 82 2 17 13 20 92 80 106 114 48 4
    117 65 120 44 39 28 43 87 105 85 120 20 54 0 106 2 95 13 19 93 60 45
    80 122 48 74 70 23 22 61 41 113 54 96 51 77 54 28 65 3 41 44 60 13
    13 67 72 100 110 13 27 79 113 98 22 3 1 114 114 69 27 79 2 88 89 102
    76 101 90 109 84 116 121 76 42 126 13 92 79 72 1 118 62 116 9 104 35
    76 30 87 68 62 65 91 105 120 37 111 73 82 45 35 58 122 39 102 58 87
    99 71 105 17 18 64 98 8 78 95 106 29 64 122 35 113 94 96 33 122 76
    86 55 3 125 39 76 12 42 101 28 70 27 84 30 12 125 56 10 41 80 14 117
    106 94 66 105 54 4 52 36 33 103 5 76 94 73 127 43 82 125 8 33 15 93
    71 5 19 45 82 42 27 9 112 115 85 19 52 96 100 116 52 65 126 79 72 9
    29 103 74 56 61 104 7 118 97 99 3 16 116 33 54 28 119 28 114 84 120
    51 73 119 54 48 74 48 34 60 55 10 75 32 60 96 17 32 6 122 71 3 33 92
    13 59 96 32 73 114 116 70 22 66 109 18 79 37 48 3 118 55 63 57 44 8
    45 91 120 91 68 6 21 47 47 104 46 109 107 70 10 101 17 59 83 87 54
    43 98 42 62 5 90 50 115 67 108 1 5 100 109 30 64 68 47 117 71 11 0
    123 49 6 70 115 34 2 23 61 126 105 0 98 31 16 48 108 17 123 28 124
    19 55 82 56 28 83 59 12 121 92 27 99 55 21 24 122 0 68 69 123 104 92
    19 108 40 116 36 97 126 82 25 31 6 7 111 15 55 116 98 4 96 99 32 124
    94 116 23 15 64 34 30 38 115 13 0 64 86 82 28 20 0 49 122 42 0 90
    106 43 117 104 43 88 11 54 120 119 27 100 127 67 87 17 84 82 119 109
    95 62 77 63 97 48 75 86 7 8 26 102 89 12 84 68 92 60 69 114 90 107
    36 75 93 16 60 97 119 25 106 110 107 125 98 99 91 6 60 105 61 122 72
    60 39 69 0 71 103 8 75 109 67 81 1 21 33 86 41 124 72 109 60 98 22
    20 94 77 26 44 79 44 65 105 100 1 54 56 51 105 88 104 49 45 46 75 42
    4 39 122 48 92 92 96 118 89 51 70 26 22 22 2 80 88 3 50 108 127 79
    24 115 15 26 16 56 60 12 34 77 116 122 76 3 32 107 84 52 75 18 73 17
    58 121 82 105 36 65 89 110 48 13 45 83 66 89 46 90 85 21 7 75 67 20
    23 113 95 113 28 56 28 89 77 41 30 66 72 74 2 87 88 12 124 98 109 98
    39 38 41 46 32 63 58 21 5 117 32 44 97 48 91 53 12 18 11 101 29 10
    72 36 28 122 89 111 71 95 124 104 92 68 116 112 110 81 70 0 64 52 18
    12 104 119 111 99 5 33 80 49 123 41 96 16 56 56 52 124 96 71 71 3
    112 14 16 60 6 98 38 112 9 65 64 100 87 29 83 59 27 93 110 40 3 124
    83 90 57 106 47 26 48 65 90 48 71 88 12 112 9 111 119 92 115 41 39
    100 53 53 56 40 73 116 28 64 75 101 98 76 127 103 86 124 86 105 106
    47 126 14 69 99 31 31 1 53 71 97 74 50 98 28 19 75 6 90 104 16 40 21
    93 21 31 69 101 44 51 121 85 33 14 69 37 15 5 89 19 93 63 64 25 114
    46 122 56 24 4 71 29 126 124 94 97 77 31 60 39 8 36 82 114 28 122 94
    85 62 27 92 76 26 53 99 2 57 69 18 82 34 32 115 4 40 30 5 12 16 98 1
    40 118 73 100 25 58 96 86 113 112 87 81 24 79 121 44 48 5 56 40 20
    125 70 96 120 116 13 11 73 102 66 5 70 54 43 35 5 31 29 66 8 104 23
    117 82 19 7 91 57 66 117 114 24 37 121 50 108 78 39 71 44 84 16 56
    96 5 53 65 45 41 37 77 19 82 74 88 36 94 118 99 126 35 38 55 91 100
    49 69 72 55 83 46 21 47 72 109 25 89 63 125 114 67 60 19 81 75 17 13
    71 109 25 23 40 56 28 75 107 36 67 87 103 15 45 104 73 103 79 19 74
    50 13 52 76 22 2 71 68 14 99 26 15 22 40 35 43 72 97 33 40 42 2 117
    89 80 57 41 84 118 122 86 95 39 81 22 65 115 85 31 101 73 61 79 59
    124 58 35 69 87 84 51 54 38 84 64 100 75 87 77 82 44 15 37 68 41 32
    74 119 105 16 33 51 43 78 120 30 50 49 56 0 100 116 14 102 127 107
    59 106 14 55 79 86 58 60 121 55 78 0 0 26 1 119 28 15 9 44 110 64 30
    50 83 61 16 98 48 7 1 127 14 40 86 1 24 16 35 101 114 57 125 94 122
    123 105 51 70 59 60 12 79 73 91 98 70 33 11 17 102 86 8 84 13 82 93
    37 73 84 102 116 99 91 106 52 65 5 13 36 52 122 89 108 119 16 48 16
    38 81 70 27 52 15 46 81 86 101 63 1 112 113 62 68 83 73 53 106 12 7
    42 115 52 90 6 84 98 15 108 96 118 26 119 106 9 103 13 100 124 68 4
    54 93 52 81 81 62 32 45 68 28 64 41 7 81 31 7 96 49 77 122 11 122
    113 111 64 53 112 26 27 45 25 21 47 69 81 103 100 125 116 25 102 102
    8 79 38 62 100 22 6 38 12 13 120 21 95 45 96 90 52 82 36 46 67 12 74
    121 42 124 94 120 47 13 72 114 34 38 53 70 97 14 80 41 122 35 72 6 6
    12 118 4 106 104 116 31 71 94 35 70 112 9 35 87 94 29 52 12 88 35 7
    114 14 108 33 85 41 127 114 35 13 73 1 80 49 16 96 88 41 116 67 93
    85 39 116 90 8 88 26 89 53 74 19 58 106 118 107 98 20 1 50 15 6 119
    17 68 68 72 104 19 28 27 25 78 103 101 76 29 46 115 76 105 74 14 116
    86 51 111 98 19 41 2 56 108 12 30 31 12 8 44 92 29 106 35 122 109 8
    15 2 6 8 33 55 9 98 125 57 75 75 78 28 82 119 47 101 94 113 113 88
    69 113 2 44 39 103 41 105 6 18 31 65 37 45 85 84 64 2 91 10 79 65 42
    79 120 112 101 69 31 8 19 70 123 120 31 4 42 102 93 57 5 11 26 54 10
    49 80 21 100 104 10 127 4 55 63 70 44 97 30 108 13 14 56 125 67 98
    39 13 46 100 65 106 70 83 48 85 46 81 40 85 83 21 55 104 110 50 99
    94 10 3 79 11 95 69 92 75 48 32 20 103 35 52 109 32 99 78 80 59 72
    43 71 103 70 32 61 52 88 42 95 1 26 3 13 103 28 54 33 35 44 66 47 57
    7 117 89 67 114 83 110 60 59 1 68 19 122 80 66 116 118 25 25 96 95
    94 107 27 105 45 116 7 47 97 88 88 123 2 7 108 124 36 44 13 122 59
    59 71 55 57 115 93 2 7 110 118 4 6 117 3 42 127 85 46 27 115 106 47
    86 111 21 122 9 38 46 37 13 72 111 41 107 14 24 81 59 83 84 118 67
    74 117 123 104 122 45 125 65 50 36 34 94 89 12 69 44 51 26 118 39 15
    30 107 96 126 126 17 102 103 38 104 107 87 13 67 72 109 90 46 11 118
    86 73 125 40 0 79 17 119 6 1 47 16 24 78 75 79 66 95 61 63 117 10 53
    52 62 23 9 86 0 3 91 14 96 12 115 110 29 6 115 99 42 70 74 6 6 41 80
    3 60 15 64 52 74 28 49 6 115 10 15 98 2 43 20 88 40 110 46 71 113 67
    88 13 25 34 1 48 3 107 84 43 36 0 24 63 34 38 52 31 100 127 90 35 96
    96 48 111 113 34 95 3 52 34 74 69 34 39 1 79 54 125 14 42 122 112
    104 98 60 83 3 112 57 44 35 37 53 94 77 57 34 72 79 111 73 32 35 64
    27 119 68 94 105 1 69 3 0 42 75 88 30 3 47 47 86 57 94 2 7 7 98 35
    30 120 12 80 74 9 88 5 107 20 52 90 60 22 19 11 118 92 70 101 84 80
    26 20 117 93 47 78 69 16 30 23 63 17 117 80 62 7 92 29 94 56 95 57
    127 21 32 78 81 104 43 80 60 1 91 91 80 120 37 0 65 10 69 37 3 18 35
    115 22 39 92 55 32 55 25 75 105 83 120 119 117 7 76 90 48 47 4 70 20
    61 28 28 62 48 42 49 28 82 4 29 13 98 30 5 46 7 13 74 111 105 68 25
    70 51 99 79 120 26 115 46 32 101 21 54 3 35 125 37 23 65 30 76 110
    13 90 34 117 14 106 37 91 91 119 47 66 69 97 32 35 105 123 61 62 4
    49 94 64 62 60 21 25 125 8 4 41 126 70 84 12 3 66 38 68 24 15 56 89
    79 124 41 21 87 105 40 11 9 81 109 126 91 96 64 103 100 90 100 66 10
    34 33 32 45 39 105 94 81 1 46 90 55 112 107 36 66 8 20 58 7 72 86 64
    95 32 96 28 78 36 6 11 65 12 30 28 78 103 26 112 80 65 118 100 98
    110 71 94 103 119 81 102 4 60 64 2 118 37 113 39 18 15 65 82 30 30
    43 39 27 48 48 78 26 75 83 43 12 90 86 44 24 21 96 100 46 57 85 97
    90 34 57 66 10 78 12 49 89 46 13 34 53 121 7 62 26 63 86 25 70 35 3
    112 17 102 16 95 21 3 10 18 58 0 66 87 78 28 32 99 113 112 3 88 58
    107 49 118 60 112 91 112 55 59 12 17 90 50 52 122 24 89 98 57 87 71
    89 28 115 60 111 76 12 9 40 18 25 47 84 116 31 123 103 44 96 72 69
    43 94 3 125 114 19 80 71 100 70 68 64 38 35 39 97 92 85 28 67 10 7
    37 57 55 6 86 103 85 58 8 117 43 55 46 125 43 96 104 65 9 40 111 91
    47 127 36 5 7 28 10 84 65 15 31 9 99 44 108 54 114 11 62 0 70 127 4
    68 75 54 13 39 38 9 62 9 36 92 0 99 106 4 121 73 106 2 11 3 63 4 105
    64 80 37 9 9 83 102 65 35 112 82 3 33 14 108 94 123 4 56 19 74 113
    115 94 70 100 120 21 107 53 81 111 101 27 77 67 113 51 53 21 42 99
    43 124 28 58 68 26 124 92 117 4 104 69 82 16 122 16 75 31 94 44 36
    19 104 49 58 123 7 19 54 108 29 91 102 103 10 21 1 99 38 15 101 11
    116 10 73 109 1 52 84 78 12 106 63 78 22 22 51 58 43 127 111 20 97
    80 46 68 116 53 21 107 93 81 37 49 70 10 120 50 19 24 45 25 104 69 1
    18 103 121 102 85 91 95 67 103 60 113 56 63 22 67 6 97 57 22 27 23
    103 1 123 68 117 122 71 26 100 119 121 22 107 18 7 102 17 3 43 49 14
    28 30 88 69 7 70 57 96 121 48 26 75 95 127 90 18 48 95 36 18 122 80
    37 102 32 50 95 27 106 119 44 72 92 90 93 82 87 95 83 112 70 55 30 5
    95 112 103 16 122 70 88 10 13 52 84 71 47 72 83 106 20 113 61 63 41
    123 117 114 61 10 70 89 3 37 106 111 107 12 69 69 116 102 91 16 12
    12 22 118 6 53 90 123 40 42 41 53 43 44 13 59 106 59 7 66 50 87 78
    58 113 21 29 56 61 15 107 21 42 110 37 121 46 66 125 49 21 39 122 82
    26 16 39 29 10 21 79 90 20 22 66 50 12 23 79 75 17 51 80 127 28 12
    110 33 92 32 81 115 87 63 111 60 0 99 15 48 35 80 78 12 90 79 22 97
    79 127 72 92 39 90 76 12 6 48 32 114 26 58 113 107 105 100 40 56 114
    4 70 120 55 30 74 87 5 43 59 68 43 44 5 32 113 63 44 59 46 57 32 87
    95 92 101 6 95 80 44 11 79 76 18 13 95 11 28 114 99 73 57 78 111 73
    120 109 24 74 119 7 85 107 97 9 41 21 117 83 51 18 17 1 78 91 124
    116 76 63 59 122 50 41 121 10 122 109 82 32 94 58 88 75 4 124 3 78
    52 55 118 46 50 117 105 78 54 70 31 26 10 53 101 37 104 10 15 12 83
    36 73 94 94 55 51 124 87 110 79 1 77 79 36 94 20 34 83 6 21 9 41 58
    19 97 6 59 41 124 1 119 44 1 29 14 53 19 82 88 31 119 15 39 124 38
    37 1 74 74 90 40 116 106 15 125 5 26 115 68 36 7 53 21 12 35 18 63
    85 70 117 110 35 0 123 15 79 81 54 58 81 4 33 98 3 43 5 127 21 118 8
    116 25 2 114 44 93 99 64 32 25 113 31 54 92 14 102 41 38 32 88 18 8
    72 48 78 107 119 45 101 24 95 59 97 38 55 30 125 122 35 119 110 4 81
    57 76 75 80 126 50 80 43 14 88 35 124 121 118 0 102 70 23 34 47 53
    43 121 120 111 0 45 56 30 44 66 85 25 43 83 96 73 45 59 19 91 28 82
    89 110 104 104 18 3 72 43 104 111 122 60 2 67 63 43 59 80 83 107 1
    114 60 126 122 63 70 115 65 70 86 118 33 75 114 92 1 65 4 51 60 59
    87 38 107 96 9 38 19 123 124 113 76 86 36 106 115 68 44 43 57 34 31
    26 85 69 120 11 94 54 121 71 123 80 4 44 37 116 90 31 5 35 19 25 59
    95 12 119 85 104 38 81 81 22 85 122 26 48 57 33 12 89 46 2 123 68 28
    81 4 0 20 26 85 3 114 38 47 39 64 124 44 82 52 77 41 81 67 13 121 10
    74 36 9 51 20 106 115 84 32 53 62 55 24 98 20 105 49 10 53 22 33 83
    78 14 112 17 125 87 55 110 65 69 93 60 95 17 26 119 29 106 75 119 69
    54 25 124 57 23 71 109 36 27 82 73 41 105 7 26 41 72 38 121 47 104
    60 78 44 1 87 62 30 70 94 24 119 61 71 36 89 122 73 19 19 55 117 65
    75 117 70 33 74 37 39 82 109 54 32 45 25 39 72 5 27 68 121 26 64 5
    40 126 66 78 36 127 40 99 99 92 31 127 19 126 25 79 122 115 0 126
    121 74 7 46 25 4 49 86 11 101 74 112 31 39 120 82 121 22 41 102 76
    83 88 13 97 117 68 125 3 37 6 120 116 17 114 50 8 13 113 86 125 56
    88 112 100 120 23 37 110 90 88 15 15 53 71 90 12 100 91 54 86 19 97
    9 82 56 123 1 71 20 122 7 59 124 9 121 6 118 83 84 99 73 22 53 43
    126 100 44 112 125 24 28 3 64 56 77 89 120 29 46 103 12 21 80 52 77
    101 23 86 11 27 22 111 61 71 8 61 80 102 28 83 110 67 98 117 91 95
    21 69 79 126 65 90 64 108 9 17 56 24 78 107 37 24 106 1 113 21 38
    120 21 43 39 80 36 73 48 0 29 95 98 14 72 19 68 109 12 66 105 87 2
    11 99 60 27 35 47 63 113 59 85 14 69 117 19 0 122 6 43 110 98 35 21
    85 81 116 75 97 93 5 91 106 55 1 11 72 22 37 45 10 35 43 55 94 120
    39 118 69 87 5 103 108 103 36 9 20 42 5 104 41 13 117 36 1 79 68 61
    9 50 110 88 107 120 103 81 0 113 2 109 30 5 18 36 56 73 116 60 5 109
    79 97 79 112 25 107 100 121 63 69 55 52 22 62 122 63 96 26 44 93 87
    108 72 13 85 49 46 114 61 113 77 87 60 58 49 115 50 57 95 4 44 73 15
    72 14 80 119 17 50 50 40 50 109 80 53 92 51 93 123 29 0 121 6 99 95
    86 67 117 43 57 66 27 29 111 30 6 124 113 58 12 87 98 35 94 73 110
    74 96 63 37 0 98 90 68 78 40 98 46 77 107 60 85 117 44 123 48 120 26
    121 83 119 119 84 43 22 126 86 87 36 125 17 93 37 107 69 25 78 22 2
    23 84 11 26 127 123 74 20 27 120 41 30 95 79 104 55 65 27 19 83 54
    29 53 91 44 109 10 62 50 31 7 121 109 49 116 2 46 116 8 94 53 127
    122 81 101 16 99 47 84 16 69 120 97 4 66 123 83 2 120 47 61 124 87
    81 5 117 1 96 62 5 103 72 122 124 105 25 11 23 75 125 80 89 7 45 52
    82 54 100 21 56 13 87 74 17 45 60 120 66 20 68 37 98 47 112 37 32
    109 122 76 20 104 124 33 87 9 3 83 126 35 56 28 90 77 17 26 71 96 58
    6 13 111 67 100 18 39 113 108 43 35 47 114 5 29 97 58 43 47 25 66
    121 32 103 78 48 88 39 12 62 36 23 45 61 9 40 92 34 58 127 31 127 91
    124 39 121 19 87 105 58 77 127 114 84 24 25 29 11 110 100 68 28 54
    25 45 0 94 117 3 46 63 48 5 57 2 84 73 113 90 9 112 56 66 71 53 68
    39 77 33 38 45 26 18 4 115 82 5 9 56 10 120 82 45 13 45 35 63 82 56
    13 104 115 80 88 105 97 75 63 94 54 24 43 69 80 40 90 122 119 25 53
    38 7 66 92 59 106 48 27 80 120 75 60 25 120 88 92 111 29 91 31 74 33
    84 76 70 19 117 35 56 112 22 34 22 14 12 127 77 109 2 4 70 51 57 103
    18 12 96 111 47 3 116 1 23 62 34 73 75 103 61 125 31 36 6 26 83 106
    122 104 81 86 47 24 109 125 71 124 16 11 64 50 123 69 60 35 15 22 11
    111 125 116 119 101 16 28 45 8 69 78 23 64 119 23 68 76 46 7 94 109
    102 103 58 69 21 71 104 123 91 111 125 113 35 57 3 125 59 56 53 89
    30 51 19 63 18 90 105 21 48 127 43 25 119 101 44 5 32 40 75 106 74
    87 89 83 50 67 9 18 95 33 127 73 97 27 112 47 40 66 110 126 40 26 19
    28 0 56 75 38 108 86 113 121 125 29 11 34 44 123 94 34 81 2 42 114 8
    116 81 17 52 68 90 101 52 46 84 105 84 21 106 113 52 73 6 72 73 78
    85 16 51 103 9 94 37 117 96 2 106 99 94 35 30 53 39 57 9 18 18 74 63
    113 82 120 95 116 38 95 62 113 15 59 32 91 30 104 103 32 20 43 99 27
    111 62 19 86 45 56 124 35 20 46 76 80 45 77 83 67 86 76 91 92 89 59
    10 123 118 94 34 66 6 84 108 60 28 24 40 81 84 77 13 22 104 39 33 10
    21 60 54 17 51 70 120 76 57 117 53 59 106 23 80 40 100 8 84 107 54
    50 109 25 17 6 99 30 87 54 96 87 2 58 93 57 5 47 104 87 61 26 56 87
    26 5 105 29 42 88 63 90 106 49 114 58 94 61 40 39 120 46 106 27 94 6
    27 120 113 113 91 92 56 67 14 29 110 56 101 74 42 70 55 64 50 71 97
    32 17 53 22 54 22 103 120 89 40 117 36 71 121 119 8 35 5 6 127 89 46
    8 3 74 84 110 100 44 53 10 13 18 124 96 98 23 58 111 46 28 84 43 99
    49 93 35 33 108 30 37 63 10 28 13 16 36 100 89 34 126 7 91 78 84 27
    69 81 114 71 30 34 50 69 127 49 36 31 64 109 8 49 25 106 7 95 127 75
    42 74 43 19 93 58 34 13 90 14 16 103 11 76 65 37 85 108 23 125 46
    102 118 19 108 40 20 86 97 14 3 0 7 11 57 90 72 103 86 21 34 31 52
    102 20 122 30 89 0 109 106 23 111 120 54 65 100 93 11 44 87 106 13
    107 6 82 65 125 124 61 96 42 88 87 35 22 21 48 25 20 96 87 55 0 31
    11 68 78 42 19 76 40 38 26 62 100 51 54 69 118 17 119 25 34 113 20
    27 10 107 109 114 0 64 8 24 4 86 58 111 120 89 89 64 56 21 46 19 90
    118 48 73 90 3 8 120 105 1 64 74 19 64 68 44 22 66 85 106 39 76 109
    47 74 40 14 12 32 39 35 91 27 58 13 89 20 43 84 55 21 100 58 61 125
    96 79 89 4 82 18 120 13 16 34 40 108 33 44 66 100 87 114 67 59 62 59
    27 46 55 82 105 8 102 25 122 17 32 95 39 32 93 10 115 17 102 121 17
    111 26 37 70 90 26 69 3 55 120 92 102 111 56 83 84 70 10 44 122 33
    116 54 40 125 104 114 63 84 38 88 127 80 7 45 114 4 71 118 126 75 87
    119 22 67 5 83 70 113 32 95 113 71 1 26 60 21 56 113 36 7 126 11 21
    16 90 117 4 80 63 24 26 22 52 40 79 98 49 64 127 123 127 119 47 49
    116 115 52 93 33 4 113 101 25 80 3 6 63 55 65 7 9 5 91 40 113 124 18
    21 27 91 124 14 33 115 125 29 98 126 60 56 122 124 65 90 89 72 17
    126 21 13 74 74 10 24 21 101 40 35 117 79 115 106 10 103 116 21 14
    35 53 73 80 92 97 45 0 87 82 29 72 65 127 68 10 57 122 81 36 117 56
    37 25 96 124 77 119 42 17 67 2 127 54 31 48 25 121 15 7 68 94 92 119
    57 13 114 28 34 61 5 73 104 103 25 25 6 64 47 99 91 42 34 37 102 0
    24 63 120 96 47 81 26 98 49 11 87 3 44 81 29 57 19 114 27 101 6 43
    18 21 107 59 91 34 123 9 0 27 29 5 96 44 70 34 17 3 28 107 96 77 96
    3 59 115 95 40 18 14 18 9 34 30 103 8 28 97 120 74 59 57 126 90 29
    61 127 53 120 23 26 66 103 84 5 24 96 70 2 30 63 47 15 72 33 37 25
    40 126 100 4 80 69 16 110 123 102 3 88 46 72 26 94 68 78 24 0 116 29
    52 101 99 69 48 55 102 64 9 76 107 104 24 60 99 114 60 58 99 67 65
    37 108 55 68 58 71 125 78 65 106 88 2 115 107 121 0 52 104 16 116 43
    113 104 60 99 1 71 78 15 122 69 47 79 56 4 25 110 24 6 78 62 107 49
    56 115 8 0 46 74 78 96 34 15 57 92 109 67 35 78 37 28 11 7 72 108 99
    66 10 70 115 41 71 45 59 0 53 78 42 30 72 65 74 84 126 37 63 30 49
    49 7 81 118 13 104 120 51 3 48 1 108 71 8 64 24 97 93 8 113 41 8 32
    77 91 117 63 59 78 104 66 5 24 48 53 5 1 121 83 19 18 59 123 123 22
    24 116 2 52 29 82 83 16 120 95 107 45 92 6 40 63 64 55 49 84 40 35
    100 36 69 93 126 98 48 46 19 71 28 80 33 69 96 117 106 3 31 108 8 70
    67 126 54 83 38 83 91 17 108 12 26 99 22 56 17 126 69 38 5 69 96 101
    13 64 30 119 105 18 21 24 96 63 71 79 72 25 65 91 26 32 24 40 7 73
    90 80 87 18 53 71 69 6 27 105 73 74 30 51 61 86 81 77 56 35 60 120
    46 42 89 37 59 119 58 13 101 102 61 64 122 47 127 121 26 12 33 12 80
    82 52 18 76 39 88 117 118 112 81 92 23 77 83 91 109 123 13 126 65 73
    36 120 103 22 22 52 29 108 124 84 30 96 126 117 99 111 102 127 14 89
    4 13 69 71 26 88 50 104 98 45 62 127 1 113 121 81 36 7 26 25 110 50
    69 125 6 21 75 93 71 3 37 87 7 7 36 41 74 32 43 125 124 46 29 40 74
    56 34 101 86 85 87 14 21 123 124 84 36 18 9 37 39 67 41 84 126 123
    101 77 50 19 40 38 125 20 15 66 59 28 24 82 25 2 108 98 9 37 27 73
    61 68 92 97 12 122 51 71 32 6 15 56 55 78 127 66 125 115 66 68 7 69
    46 70 23 83 29 0 33 37 26 83 11 38 33 45 81 114 109 24 72 65 83 58
    17 116 103 102 38 83 44 121 86 87 88 42 96 60 96 26 49 98 29 17 107
    62 24 22 122 82 31 78 68 18 103 13 79 0 54 63 43 8 71 4 112 63 29 39
    105 46 20 23 95 117 50 30 13 23 35 99 111 69 73 9 121 73 43 99 61
    109 104 36 51 89 50 72 27 25 34 101 70 24 104 15 46 20 69 61 58 9
    100 95 36 93 47 80 52 105 8 60 30 21 18 97 56 61 20 71 88 62 19 27
    85 40 114 92 109 79 108 64 44 65 28 9 107 21 73 80 76 9 109 93 117
    19 28 90 41 65 3 93 61 26 107 120 80 2 96 88 74 58 72 64 37 31 24 29
    48 28 63 83 57 65 21 84 70 14 36 100 74 6 54 49 117 18 98 31 31 121
    123 57 94 127 62 37 65 40 18 63 60 48 57 82 3 103 81 70 11 18 48 34
    72 13 14 102 85 101 14 17 37 108 114 7 116 10 66 93 114 113 100 45
    26 58 118 115 51 21 82 127 7 44 107 70 68 125 28 33 63 64 52 122 120
    125 82 69 98 1 21 79 0 62 3 92 28 17 27 8 59 11 75 46 3 78 122 26 50
    44 47 25 100 75 14 81 50 9 68 110 51 106 58 28 78 21 89 93 10 47 70
    2 22 79 9 90 70 75 67 56 25 0 107 19 95 125 68 106 116 58 12 56 111
    83 95 57 90 58 67 94 4 84 30 31 87 126 98 122 125 123 107 15 51 52
    50 57 6 52 43 44 31 120 17 17 112 121 79 4 119 7 124 123 55 48 78
    104 45 97 122 113 65 105 71 0 0 8 54 13 34 16 121 102 45 4 38 121
    119 101 48 31 11 75 101 36 56 124 13 87 27 119 63 15 105 103 57 107
    1 108 13 65 1 100 127 52 85 6 123 90 45 39 71 12 121 37 113 105 66 7
    57 10 41 57 93 101 114 43 92 87 45 80 60 18 88 42 119 76 3 88 52 33
    89 21 121 27 77 123 55 50 116 4 62 17 12 55 104 7 8 68 54 121 89 97
    97 89 29 83 27 31 78 59 33 39 83 44 73 76 48 86 90 61 85 52 42 11 30
    108 109 100 56 39 112 32 85 10 60 34 72 21 106 98 115 77 74 124 73
    34 27 31 101 0 116 3 127 16 107 94 90 48 123 82 18 28 88 1 23 109 55
    122 107 89 2 124 117 115 5 18 100 111 63 92 100 17 64 122 34 91 27
    42 62 66 16 90 92 43 119 85 78 119 24 97 13 107 47 49 75 111 32 71
    38 24 35 45 77 93 45 14 87 106 96 115 28 102 57 113 43 32 83 29 40
    52 48 71 12 2 43 107 7 57 26 106 30 67 103 33 108 23 98 57 74 82 46
    126 7 18 47 36 103 93 49 108 19 65 82 5 92 46 24 90 38 53 77 26 88
    46 105 31 81 124 3 118 52 86 27 35 127 73 117 27 118 72 73 46 75 103
    62 10 68 79 85 69 11 103 88 62 5 23 67 23 4 106 103 61 42 66 53 36
    94 87 58 91 15 115 75 88 22 56 53 83 62 70 73 72 16 23 79 32 72 122
    60 107 26 61 56 65 41 53 100 13 95 70 36 32 41 98 53 0 67 125 36 115
    14 64 46 88 34 23 78 74 50 81 18 103 38 97 76 34 84 93 87 125 122 83
    64 67 44 83 51 2 17 105 86 73 106 22 0 61 11 61 100 28 26 33 3 118
    109 119 90 71 118 103 77 6 127 77 17 90 91 84 53 44 8 46 30 64 117
    81 114 30 55 43 29 45 38 94 106 68 31 122 73 118 70 20 100 51 53 34
    74 119 106 38 51 26 77 11 111 6 32 103 66 124 36 64 59 34 10 33 123
    19 127 58 15 111 74 6 19 11 102 75 53 115 66 97 48 1 79 122 118 21
    93 29 1 75 25 101 61 112 86 64 102 56 42 92 51 35 70 42 78 4 24 82
    113 99 125 24 93 46 119 82 72 84 105 7 119 57 59 37 99 68 48 116 54
    94 104 17 48 23 120 122 20 20 121 123 50 95 81 26 29 30 94 38 98 15
    77 77 34 91 109 98 112 77 115 76 88 69 118 51 13 12 95 7 83 76 127 2
    127 77 93 44 95 52 75 31 13 85 55 96 96 42 106 109 46 6 18 28 83 46
    85 44 8 8 52 49 74 108 79 70 80 16 21 28 67 114 54 87 19 56 9 24 23
    18 106 6 79 45 64 69 87 87 80 59 18 4 45 67 85 68 117 82 85 122 53
    41 108 88 102 14 7 95 109 0 76 35 108 89 60 2 30 33 112 80 0 106 65
    107 107 42 18 18 21 119 37 91 97 15 11 17 62 118 35 15 84 39 97 13
    32 112 123 98 15 48 63 11 75 38 112 58 95 127 18 125 89 38 84 63 80
    127 114 82 28 29 0 54 46 113 71 102 24 86 113 15 87 42 79 70 92 10
    91 85 33 98 126 124 114 17 116 82 117 38 16 6 69 109 14 54 71 75 77
    115 73 97 6 31 57 22 88 24 39 66 43 3 74 57 75 34 12 98 50 8 91 87
    78 1 60 31 84 53 102 81 10 33 101 110 51 5 63 8 30 113 100 103 101
    29 12 85 112 59 113 122 60 114 34 37 37 50 60 74 16 86 13 32 56 68
    112 52 16 123 66 82 119 9 22 105 62 77 64 49 94 51 93 21 47 116 103
    118 108 75 115 117 5 69 66 115 69 61 57 58 67 113 96 22 49 53 59 124
    39 45 68 101 102 71 76 48 96 127 22 125 50 66 58 80 24 76 119 98 39
    95 102 68 99 100 14 117 47 81 19 2 111 119 89 125 10 81 7 30 63 112
    122 109 48 97 76 106 79 106 93 83 73 50 104 118 25 6 114 80 41 96 26
    3 51 52 34 35 5 58 66 125 65 9 88 115 37 89 26 70 101 66 118 92 58
    36 35 125 21 78 3 14 118 56 8 123 120 2 77 117 87 64 31 125 59 74 72
    62 17 75 47 106 41 71 21 80 92 89 106 52 17 35 48 56 42 120 42 108
    82 41 19 32 32 17 109 91 7 8 93 26 73 39 107 61 108 60 9 1 8 31 93
    86 10 57 114 24 21 77 60 100 123 35 38 37 74 84 91 28 56 100 56 82
    23 50 107 42 45 13 68 35 15 73 39 85 112 38 127 124 16 17 121 2 118
    8 35 72 53 124 65 106 126 124 104 118 20 83 69 34 109 54 57 24 47
    104 87 48 8 92 98 111 116 90 120 28 41 98 62 109 50 34 52 92 46 89
    36 58 67 104 68 93 24 74 51 52 41 38 126 54 55 38 4 52 67 44 39 89
    27 92 102 115 94 49 101 96 56 4 21 17 103 87 49 115 100 90 90 64 100
    7 126 39 77 67 29 5 23 116 15 5 29 93 107 39 92 74 21 99 25 110 20
    46 71 69 73 8 124 46 112 92 3 110 22 60 50 37 77 11 107 102 42 60 63
    9 10 44 26 8 30 63 119 4 26 13 79 33 18 126 3 123 92 55 80 94 40 26
    47 60 12 64 19 61 98 3 35 14 58 77 4 24 33 98 58 42 15 55 85 15 91
    41 103 120 112 85 110 47 62 51 71 2 104 113 43 71 60 99 49 17 65 23
    55 73 76 65 76 108 96 112 115 98 80 97 60 9 125 114 37 13 72 55 117
    126 37 5 114 93 105 13 77 86 126 88 39 60 99 51 43 17 90 105 61 45
    67 42 34 8 29 15 42 53 114 6 4 97 39 108 103 68 33 12 88 15 40 2 67
    1 29 119 72 78 106 110 14 31 84 3 63 120 6 31 86 1 42 121 114 121 62
    14 67 34 113 5 94 29 20 87 79 113 13 2 99 92 7 39 107 12 90 10 72 77
    50 109 84 118 55 3 70 100 51 76 94 4 83 126 29 82 39 77 124 109 14
    51 65 58 88 107 109 57 31 2 64 13 90 124 71 61 68 15 98 18 16 127 9
    51 127 127 97 2 84 18 14 60 7 16 113 1 12 40 96 87 98 78 110 103 100
    91 116 70 54 7 103 3 64 37 13 2 77 13 73 120 82 96 65 37 103 39 83
    44 40 64 67 30 90 56 25 50 9 34 75 23 89 70 18 101 32 88 105 84 36
    57 57 72 124 28 67 11 6 126 44 77 56 66 53 105 102 65 106 7 119 91
    102 1 83 121 89 43 106 36 83 67 77 37 70 102 102 116 29 119 19 115
    17 100 12 48 121 86 43 4 111 69 87 103 126 35 36 34 122 16 41 27 66
    0 108 112 85 42 103 121 117 24 82 88 33 83 48 60 44 9 123 108 105 23
    17 36 18 100 15 5 7 97 101 121 119 90 65 77 46 83 60 112 26 81 20 87
    126 33 9 7 127 103 117 66 1 113 1 34 100 3 36 15 17 63 78 13 80 90
    116 0 64 11 21 0 30 37 11 14 117 26 110 51 102 95 13 123 32 67 3 119
    71 60 101 102 87 21 83 92 4 57 79 36 4 80 76 2 65 9 81 31 85 0 47 39
    37 64 60 64 126 17 121 108 10 75 76 92 61 30 70 45 65 45 32 106 77
    92 67 90 83 84 52 122 71 0 83 88 112 57 111 93 116 38 101 84 8 12 26
    78 109 14 124 89 41 74 46 8 59 77 43 40 98 88 48 34 88 117 116 122
    48 33 14 52 68 31 110 38 30 61 72 122 105 47 32 44 59 9 80 38 104
    109 51 92 33 0 22 5 112 55 12 16 25 99 59 81 1 85 91 78 25 16 75 96
    62 96 33 22 17 25 73 21 126 126 100 35 14 110 29 5 57 42 76 47 99 74
    24 10 76 53 35 82 28 82 22 28 97 81 119 123 50 118 97 62 16 79 98
    112 12 68 11 112 13 47 126 40 63 92 70 27 118 13 82 87 119 14 102 94
    41 54 65 41 18 9 109 93 97 5 79 32 14 0 89 77 1 25 116 72 29 13 16
    33 122 89 110 101 87 23 31 116 122 18 7 41 19 66 18 57 23 61 86 30
    50 111 76 45 20 65 103 94 87 64 93 73 92 20 49 60 19 51 96 95 7 28
    46 84 41 110 44 123 125 126 92 69 99 35 87 39 0 119 108 109 18 124
    12 90 89 71 35 105 52 20 50 94 6 82 86 102 20 14 9 56 20 68 38 10 80
    10 26 63 60 13 55 65 90 99 85 118 79 78 82 44 78 70 99 33 107 26 62
    58 39 16 43 47 112 125 32 117 94 32 75 1 32 74 123 46 26 21 114 15
    115 116 73 29 78 42 79 95 26 12 95 57 118 82 104 42 30 121 117 37
    112 6 29 12 29 86 34 104 51 50 6 50 88 90 48 56 67 19 49 98 103 29
    41 77 109 122 56 109 55 21 4 64 21 0 125 30 33 110 45 89 62 85 63 19
    23 7 95 117 84 24 104 33 72 91 23 17 62 33 85 60 85 35 53 53 81 90
    73 102 68 87 31 94 71 73 9 59 71 78 68 100 48 66 92 107 111 83 94 6
    50 36 96 50 122 106 12 32 119 120 63 115 92 44 110 29 49 122 8 92
    100 111 83 51 24 2 49 109 115 55 7 91 115 34 110 6 5 122 101 99 68
    120 30 10 0 63 31 40 31 82 50 77 112 107 120 52 0 50 127 39 32 22 48
    60 69 66 77 42 59 66 2 26 6 107 20 83 86 115 47 5 98 66 97 97 95 108
    66 104 114 105 81 6 62 90 34 52 50 28 69 80 81 64 36 15 6 47 70 12
    36 84 50 12 0 110 99 18 84 104 18 23 14 34 99 63 19 1 45 115 40 80
    117 2 14 88 79 54 87 105 28 63 19 100 57 121 52 31 39 1 28 109 119
    97 10 121 47 20 44 108 40 52 78 12 30 26 115 61 102 13 106 36 2 44 9
    125 15 96 92 123 11 55 78 44 119 38 125 65 94 117 39 12 50 96 22 36
    98 111 43 106 27 93 24 63 89 36 101 40 48 17 74 60 77 14 83 2 105 85
    80 64 29 27 118 36 34 2 26 32 117 76 17 32 75 45 75 108 122 25 52 11
    43 127 17 38 86 115 80 118 103 63 79 19 83 10 54 109 71 59 102 92
    120 87 107 110 54 97 84 19 124 56 18 38 63 53 2 65 101 60 106 76 107
    120 7 56 59 61 24 73 44 40 76 125 26 120 89 80 70 8 88 116 47 118 71
    66 61 50 2 123 107 81 127 46 27 88 100 81 60 60 62 54 55 61 61 63
    105 94 56 101 21 116 5 36 33 116 27 116 56 81 36 87 14 81 96 69 19
    40 47 122 115 24 28 38 50 15 118 57 76 21 63 56 126 3 68 95 40 2 16
    95 91 40 98 98 41 108 1 64 111 62 49 99 104 55 116 64 46 83 100 102
    39 71 63 96 4 105 18 8 97 72 37 9 95 75 38 77 91 49 18 16 88 3 33 62
    119 122 35 111 13 93 107 105 54 90 71 64 71 32 50 54 55 61 63 120 61
    90 12 80 65 39 4 90 23 113 118 18 119 63 80 49 85 28 127 27 65 110
    90 96 21 9 7 66 68 108 100 67 113 6 91 88 22 35 6 23 98 65 2 10 61
    25 86 23 119 88 83 13 85 95 55 49 81 85 53 3 125 29 106 6 98 116 112
    92 83 34 94 102 67 17 32 28 85 68 97 97 35 95 11 93 76 24 126 14 64
    50 97 119 77 117 63 125 102 21 64 120 45 69 85 8 72 117 72 17 41 25
    51 40 88 76 19 78 112 119 111 106 26 34 127 19 85 107 99 105 102 94
    82 102 106 91 38 126 67 77 37 85 112 3 71 39 10 79 105 74 96 121 58
    107 10 5 82 15 90 121 110 120 85 30 13 42 86 5 115 49 20 104 77 83
    17 29 83 2 114 119 32 75 115 93 123 42 15 73 24 19 31 5 105 33 44 63
    86 73 42 79 39 55 65 44 72 109 57 26 105 68 89 97 17 53 87 40 49 54
    8 100 3 10 43 91 118 121 33 70 126 114 90 110 75 80 37 29 30 99 27
    26 65 40 89 73 98 57 19 34 69 95 1 59 97 23 103 65 63 93 45 15 104
    13 66 97 31 23 70 73 102 67 59 16 50 117 86 86 24 88 62 42 92 49 111
    37 82 46 37 97 94 1 88 43 120 30 0 85 66 104 39 99 3 116 38 8 100 60
    93 6 27 108 126 23 40 52 61 60 48 34 125 83 114 58 82 75 47 122 37 1
    8 19 110 109 10 18 107 108 109 109 56 52 61 80 22 72 0 3 50 41 60 17
    5 118 3 56 51 19 61 44 120 50 100 1 10 1 19 122 76 31 21 63 6 109 39
    25 72 42 11 65 15 60 6 74 26 68 18 41 123 17 64 27 123 61 15 75 89
    105 62 87 84 19 2 38 19 78 11 22 124 114 88 31 70 91 85 32 36 17 65
    47 14 26 3 103 18 43 41 5 61 76 67 44 56 63 87 119 12 26 93 124 91
    113 52 122 3 108 1 66 61 114 67 51 105 119 116 11 101 113 116 110
    106 125 47 113 125 7 13 65 90 46 35 72 119 42 85 95 26 36 46 78 49
    105 104 117 43 66 83 116 0 16 121 113 56 67 93 83 56 122 66 39 127
    112 44 7 22 70 67 38 46 64 58 21 13 118 54 123 59 5 48 21 66 123 5
    80 91 58 44 74 100 20 74 87 54 77 76 59 93 75 124 77 115 35 22 76 99
    65 36 35 56 33 16 127 40 67 86 66 94 50 23 85 32 6 46 78 77 90 100
    123 31 65 81 19 114 26 64 53 52 66 55 53 39 46 3 109 89 73 81 1 74
    13 121 75 36 90 8 94 114 11 110 21 3 4 115 6 74 16 98 2 53 120 110 9
    4 73 94 92 62 97 63 68 51 125 31 91 4 60 51 4 19 35 52 37 67 22 43
    71 78 5 13 23 60 60 68 23 76 0 21 12 115 17 79 93 36 47 127 42 52 68
    38 41 118 50 5 103 36 94 90 16 31 118 82 50 31 95 8 55 56 45 56 36
    49 90 115 58 64 1 67 8 50 82 41 113 121 1 105 61 127 60 1 82 30 27
    17 113 75 42 15 20 39 57 12 36 125 120 32 14 52 85 75 83 3 0 96 77
    29 104 113 4 98 16 88 10 81 5 106 67 81 100 41 115 124 36 60 28 99
    121 43 24 20 122 51 64 110 81 106 57 45 120 125 106 86 111 83 98 118
    7 112 93 60 106 70 44 111 54 11 103 8 13 16 71 121 27 61 121 120 39
    96 66 113 0 112 5 76 110 107 49 93 40 80 68 15 11 44 93 88 81 37 5
    86 19 26 97 87 34 70 115 29 74 23 62 115 55 121 56 60 55 99 53 15 24
    17 127 43 74 69 7 123 58 80 121 60 23 50 5 76 95 15 49 113 31 8 71
    81 74 46 33 109 124 125 108 76 51 56 108 124 0 17 32 115 7 107 119
    18 94 20 107 44 52 8 76 27 109 92 89 90 71 73 8 57 102 116 21 105 97
    69 117 100 23 3 47 60 12 80 60 34 113 50 32 54 12 19 74 74 3 22 52
    66 46 90 120 7 100 118 52 88 120 97 93 106 28 50 3 88 87 53 10 58
    108 75 109 39 45 20 77 104 29 7 117 100 32 48 112 56 111 45 109 2 61
    45 52 16 7 12 51 45 99 92 21 1 49 5 71 79 54 30 22 111 74 48 86 113
    69 15 117 69 63 39 125 49 15 0 35 26 41 73 23 123 1 19 40 89 25 124
    88 101 95 28 101 19 6 42 69 97 28 110 18 19 17 52 9 45 16 75 45 94
    101 93 13 4 94 99 82 2 6 96 84 124 98 75 122 66 4 127 79 48 82 62 72
    0 1 35 41 57 109 2 0 7 9 110 86 92 9 6 32 127 35 37 41 58 20 29 14 7
    3 84 116 78 80 47 111 118 25 100 109 65 34 74 27 42 63 13 94 110 100
    63 88 115 53 73 111 83 115 26 95 56 71 79 116 82 24 42 8 84 67 54 21
    88 111 112 110 107 9 122 34 109 8 12 69 14 95 47 119 125 93 3 54 114
    58 108 18 64 55 25 107 52 35 69 59 95 19 37 31 67 87 106 15 20 41
    109 11 65 72 1 57 79 46 68 90 69 5 103 10 121 27 47 60 103 93 80 22
    8 59 73 18 104 24 103 102 10 73 125 8 83 15 99 85 29 43 121 11 8 47
    120 86 13 120 21 53 25 19 7 45 107 40 102 30 9 26 80 78 58 80 54 20
    32 59 1 56 126 32 54 24 76 60 31 34 39 94 87 115 88 46 88 49 19 38
    96 85 63 22 3 50 90 31 1 122 49 29 33 107 118 57 69 109 73 23 91 28
    42 20 75 83 68 107 12 17 21 124 38 46 100 111 1 66 29 91 122 24 115
    56 126 92 41 19 109 126 70 117 24 26 99 113 116 110 56 12 49 66 34
    31 85 86 84 74 33 122 28 7 16 81 42 25 105 9 40 37 26 5 64 49 15 20
    52 101 4 108 62 113 46 71 12 56 56 22 86 22 7 108 18 29 81 122 92 59
    79 118 42 113 109 118 33 7 58 29 75 99 51 18 8 87 102 104 49 122 101
    101 3 8 31 32 54 20 4 50 20 93 14 30 92 103 81 0 9 117 112 42 40 52
    126 75 54 21 21 5 29 123 33 45 8 84 119 31 71 1 26 75 83 98 4 102 19
    103 18 13 16 24 5 27 94 77 26 4 103 80 104 60 90 24 49 26 14 70 70
    60 118 46 51 32 54 116 43 87 71 118 39 67 123 23 22 54 21 14 38 121
    32 72 45 36 69 64 85 66 104 91 17 46 69 105 110 2 87 4 45 55 125 96
    52 113 57 50 60 54 99 75 69 7 77 121 80 62 108 40 99 89 118 9 36 83
    101 95 105 42 92 25 24 12 11 70 0 82 27 84 8 63 51 80 52 125 21 45
    110 87 32 44 78 111 97 44 102 69 12 90 17 10 43 35 92 40 75 36 88 42
    70 44 23 49 72 76 3 22 56 64 70 37 6 76 53 71 89 50 22 19 123 74 125
    11 63 2 22 119 27 125 123 70 56 34 84 108 60 55 83 84 23 53 35 112
    84 73 36 74 117 10 76 71 111 123 79 101 122 97 107 13 57 19 95 109
    98 32 48 10 41 94 74 37 94 42 79 91 111 100 65 85 97 69 66 104 72 47
    40 48 44 102 81 102 92 124 101 13 49 87 64 48 45 42 109 107 89 84 34
    54 117 103 86 98 41 115 43 67 34 104 51 18 99 12 68 105 112 19 123
    36 120 10 119 56 29 56 77 11 55 86 78 61 3 113 59 8 62 33 60 115 91
    19 18 8 90 12 112 42 8 107 33 118 27 38 36 23 71 15 10 2 55 109 55
    75 91 123 64 87 52 85 64 68 41 57 47 83 93 79 62 68 37 59 123 84 67
    50 19 30 35 2 107 4 62 119 105 71 41 96 75 54 4 23 43 62 121 106 110
    39 78 68 50 19 68 66 33 81 28 86 70 78 13 31 24 98 9 121 99 126 114
    11 45 117 58 94 109 59 119 103 74 20 9 11 112 10 112 40 59 17 78 50
    71 56 18 53 85 92 54 118 17 27 8 54 85 12 31 4 16 22 125 95 79 92 48
    94 1 77 109 30 1 98 66 110 32 67 108 83 92 59 124 65 46 28 125 88 12
    65 60 72 28 107 120 109 47 102 62 63 67 13 41 50 110 14 62 94 40 124
    86 119 70 74 86 26 68 105 7 118 58 42 120 49 7 29 110 18 23 81 89 29
    17 109 15 30 10 33 108 20 43 43 29 61 82 27 61 60 41 70 102 23 58 86
    84 127 21 89 63 67 126 85 71 48 111 18 22 10 58 1 65 97 70 124 63 23
    12 44 50 53 127 84 83 85 48 99 27 104 13 107 46 53 56 6 15 1 23 90
    120 3 40 60 113 115 103 65 101 93 88 92 47 81 47 40 101 77 97 107
    104 90 14 98 56 62 108 110 106 101 36 27 70 39 78 55 33 58 119 27 41
    65 127 43 24 10 50 97 54 107 17 8 78 28 46 29 86 90 26 90 56 79 26
    125 7 28 8 124 49 101 95 66 8 120 49 83 127 38 96 11 22 36 18 114 55
    97 27 58 101 2 82 48 119 12 85 70 9 10 74 93 53 96 2 87 28 70 109 44
    11 105 42 106 62 88 63 89 50 125 110 37 14 53 70 107 51 33 78 54 39
    24 119 81 113 95 22 120 63 117 23 32 20 121 50 47 63 71 3 77 29 90
    116 54 96 123 108 5 18 119 51 9 33 13 118 86 120 106 109 104 26 39
    110 40 1 38 103 125 44 73 82 117 69 43 63 36 107 121 69 21 76 125
    119 127 25 0 38 17 97 25 73 73 126 11 49 26 126 85 64 73 112 48 124
    34 125 38 46 23 108 1 127 111 89 123 103 85 95 15 100 90 109 12 40
    94 112 24 11 127 127 124 65 86 85 79 90 46 55 96 65 115 90 34 108 11
    99 9 34 40 73 61 29 83 38 42 103 38 98 95 72 28 57 46 14 38 97 123
    24 2 26 75 13 3 96 62 52 65 21 96 100 74 121 78 25 113 74 9 119 90
    50 28 29 120 62 39 18 48 21 68 58 15 103 73 20 8 54 33 33 93 119 3
    99 120 50 110 73 123 69 20 88 85 51 40 6 3 115 115 111 108 64 96 91
    38 56 83 54 32 102 31 25 64 112 120 26 15 107 103 121 98 86 73 55
    122 54 61 41 104 60 55 18 96 72 62 5 14 38 91 94 85 41 124 1 32 93
    22 68 57 69 48 64 127 27 2 81 110 41 87 51 112 111 50 116 114 76 106
    46 124 9 64 56 6 2 3 57 31 125 104 111 46 57 125 72 83 84 96 6 80 71
    74 69 79 108 122 52 19 6 0 41 52 41 106 53 77 27 121 33 9 55 37 41
    68 19 54 4 63 32 4 44 98 95 10 26 61 56 110 104 10 118 113 56 107 82
    32 82 70 2 101 0 0 37 126 99 105 54 58 72 49 103 111 109 102 120 49
    80 2 76 101 67 23 38 23 70 63 4 71 71 76 80 21 59 85 74 80 54 104 49
    74 89 115 98 123 33 122 26 99 123 122 62 112 70 38 47 106 84 15 87 5
    16 67 73 13 42 78 54 1 122 101 99 83 110 9 88 13 114 89 59 26 61 121
    8 40 105 76 42 94 36 108 50 8 23 67 73 119 94 18 10 81 14 101 110 75
    2 124 8 93 88 115 62 67 40 1 60 100 93 78 5 14 127 79 102 119 23 90
    72 5 122 104 55 19 105 95 12 107 52 18 124 106 16 125 29 103 47 70
    100 65 81 41 75 43 84 22 99 87 95 4 87 100 4 10 53 2 37 70 95 126 46
    118 29 27 103 25 52 25 114 56 50 22 62 2 0 7 40 50 38 126 40 1 87 36
    40 97 55 101 72 63 40 125 5 35 102 41 88 121 69 58 36 115 118 31 106
    71 51 28 52 35 83 81 112 73 46 30 20 123 34 39 29 92 88 122 79 53 74
    10 11 57 106 82 77 107 100 7 80 125 31 65 115 18 58 59 2 120 8 28 90
    51 70 13 57 43 64 52 100 56 62 68 122 25 5 95 64 6 96 103 100 26 66
    99 49 84 86 88 88 43 89 98 112 112 102 101 46 67 56 63 87 98 79 58
    122 68 89 100 64 46 14 106 113 125 1 21 98 70 88 36 10 106 40 23 123
    7 124 19 112 112 27 2 5 124 30 108 53 19 17 21 93 40 125 25 55 72 80
    5 32 124 34 58 83 108 97 94 22 29 4 87 110 22 47 30 67 115 40 113 74
    37 28 73 21 104 36 45 90 100 9 53 120 2 107 15 88 56 30 65 114 82 16
    109 91 89 102 43 35 49 85 86 31 48 84 28 96 23 95 11 49 78 48 97 120
    113 103 90 104 56 105 105 56 32 43 77 51 23 87 27 121 31 67 94 12
    123 98 86 31 117 125 10 50 9 55 23 94 5 83 32 113 114 73 41 95 103
    99 70 86 119 102 4 8 119 101 12 120 75 12 100 64 61 110 89 115 79 67
    19 14 8 18 57 58 11 63 110 23 41 11 86 113 99 22 33 111 88 65 92 40
    99 35 80 55 78 36 82 34 68 5 22 2 113 15 111 23 98 84 68 32 52 71 68
    118 24 73 27 39 122 71 61 95 109 72 31 10 63 9 106 124 14 37 11 104
    90 95 91 6 109 76 82 115 102 13 16 99 17 96 57 32 112 25 67 106 12
    15 100 124 109 47 108 26 54 106 35 23 103 101 20 119 48 86 2 51 4
    122 86 60 27 98 35 102 19 33 39 83 2 108 96 34 57 25 38 119 99 114
    26 113 69 46 98 125 24 112 53 84 10 83 36 21 87 104 75 126 22 38 108
    115 118 77 86 126 75 56 33 113 99 51 5 70 14 77 69 109 9 31 39 120
    80 98 57 73 109 110 45 4 15 44 79 76 13 54 18 78 77 55 80 75 68 63
    122 23 78 113 29 104 6 11 68 79 83 41 88 84 90 119 13 22 46 99 76 18
    64 43 16 5 70 25 8 79 68 75 85 65 58 88 116 110 72 123 102 112 42
    110 87 89 25 117 122 57 25 48 14 75 101 106 61 85 68 92 74 101 3 37
    40 67 42 94 5 44 87 112 21 105 125 88 50 25 38 71 121 52 89 1 59 2
    58 19 25 45 38 9 7 3 54 8 28 100 0 115 30 20 26 33 98 112 9 33 39 60
    17 90 31 61 18 105 67 4 127 55 37 99 120 36 77 120 123 32 111 79 78
    8 116 42 24 79 124 38 71 106 55 69 1 67 96 82 101 83 9 47 32 77 44
    109 41 68 92 41 113 124 33 10 116 80 12 106 95 33 23 26 53 58 6 28
    52 89 105 96 76 71 107 66 110 109 71 112 73 125 55 115 50 58 114 116
    63 9 50 65 77 83 117 91 81 65 121 127 116 123 58 68 40 85 43 5 119
    14 119 62 33 37 44 10 27 86 20 113 0 55 27 92 79 6 29 23 101 28 2 47
    32 2 90 72 76 118 25 119 94 117 109 80 57 25 124 125 123 44 62 32 10
    110 103 52 20 52 37 61 61 31 117 38 37 125 117 78 109 100 56 27 21
    36 64 27 50 11 51 82 61 95 99 12 51 25 116 114 37 56 125 56 6 107 46
    58 80 1 75 99 93 15 93 14 122 38 13 105 24 100 88 102 22 118 33 21
    45 73 65 7 71 57 10 105 95 14 97 72 44 9 105 38 90 31 70 67 28 75 71
    124 100 7 21 75 125 107 78 108 99 1 106 57 4 110 50 19 114 110 76
    103 94 1 99 121 20 57 4 114 33 64 127 42 18 100 21 64 108 119 77 51
    14 87 64 5 71 67 54 22 76 4 80 55 73 68 53 127 22 33 72 108 86 29 56
    97 91 51 48 118 27 114 10 25 9 14 27 84 89 42 28 55 27 109 61 29 86
    89 3 106 29 44 87 5 36 111 30 27 118 41 99 56 116 73 11 71 107 119
    104 32 108 100 79 72 72 24 17 121 28 27 101 86 41 113 111 16 121 62
    46 120 111 95 47 114 17 3 62 115 68 119 6 90 79 98 42 79 57 23 23 44
    6 78 82 21 79 121 108 115 46 4 21 13 88 61 48 92 88 7 42 125 51 1 55
    44 96 48 90 77 65 22 13 70 34 4 37 63 6 113 83 5 125 11 78 10 79 67
    56 39 22 118 42 35 107 40 19 114 84 30 107 22 73 121 57 67 100 70 90
    5 63 94 12 73 65 110 33 24 123 85 20 97 91 100 1 113 108 88 101 44 5
    67 38 10 21 53 55 105 103 102 95 7 62 20 10 98 66 36 84 30 52 119 31
    116 29 123 40 8 126 19 11 79 5 10 127 68 25 118 9 55 14 81 84 47 101
    45 16 46 62 12 17 110 83 9 5 68 93 59 123 106 88 125 30 70 119 44 19
    12 107 120 90 19 124 119 114 48 60 19 39 98 2 14 12 79 31 72 43 126
    89 63 1 108 115 66 34 79 70 82 51 48 76 67 26 50 116 98 84 77 101 96
    83 69 79 84 93 79 78 71 106 64 27 89 52 89 2 117 74 51 125 123 121
    48 57 76 28 14 56 6 57 41 42 36 107 76 70 77 76 74 102 36 4 85 121
    42 99 121 106 58 90 98 72 19 14 116 121 124 76 46 23 84 13 47 105 97
    70 68 13 48 52 97 73 29 3 45 16 86 121 98 91 86 23 36 20 29 50 105
    68 107 86 121 123 66 58 80 115 35 60 68 115 73 36 96 62 80 102 8 106
    98 31 19 5 94 86 32 68 64 51 87 124 123 119 59 23 55 80 123 112 54
    104 20 86 96 21 18 32 13 60 49 81 19 90 40 5 13 39 82 52 104 60 30
    11 12 67 17 66 86 74 91 34 116 11 44 51 36 13 36 14 117 102 43 29 64
    46 9 95 10 32 105 111 93 61 111 11 38 0 81 53 110 34 118 109 46 46
    52 105 99 63 94 88 118 119 20 127 10 46 17 63 31 17 39 27 117 32 69
    121 25 104 45 3 85 58 76 49 104 62 91 107 3 55 79 23 43 69 59 22 33
    5 101 64 77 126 24 107 113 36 45 19 58 94 9 67 111 100 72 45 92 5 2
    117 88 34 107 77 55 27 50 27 110 105 24 104 40 28 75 26 122 125 27
    37 56 17 116 17 43 66 118 99 76 117 60 86 124 123 45 58 57 105 1 1
    42 32 103 60 107 25 76 10 58 109 11 70 59 42 72 16 35 98 78 44 119 2
    65 123 115 33 58 8 70 23 40 22 70 7 23 12 52 46 108 21 34 8 62 36 36
    68 7 13 69 125 112 58 60 41 20 52 79 93 44 10 117 63 117 16 114 107
    29 73 66 114 109 125 76 24 81 100 111 62 56 46 119 22 61 118 8 116
    46 108 126 66 117 30 66 74 85 96 84 47 79 19 122 79 0 117 50 66 4 52
    105 50 57 121 98 20 2 45 40 85 120 70 88 112 31 47 0 21 88 73 78 40
    19 103 31 95 84 81 85 78 96 120 127 105 83 101 84 44 87 70 50 28 127
    81 47 78 20 32 40 98 108 75 55 33 123 53 105 15 34 14 71 114 78 16
    59 10 112 37 118 17 125 84 47 33 45 10 56 63 55 95 23 46 93 106 24 1
    70 77 89 13 49 3 41 104 27 8 4 97 54 108 35 54 29 60 111 113 114 27
    13 93 69 78 74 79 2 127 19 111 15 48 20 45 6 68 29 38 84 101 122 84
    65 105 57 23 56 13 120 78 118 46 77 102 108 46 79 7 127 4 33 121 114
    31 122 38 76 79 40 51 44 115 116 53 18 14 84 105 75 46 121 62 48 118
    109 17 82 12 23 43 51 90 90 35 119 93 64 72 16 117 107 69 40 82 24
    12 27 73 52 110 33 45 2 10 111 68 39 108 77 124 38 5 32 20 20 77 34
    111 69 17 104 84 110 77 84 91 103 72 95 113 106 18 80 88 19 23 70 21
    37 79 117 91 76 66 17 4 4 70 102 67 102 83 27 74 19 46 29 96 64 74
    81 94 33 106 46 15 83 4 34 28 86 125 37 72 77 23 23 101 49 17 41 77
    21 38 10 76 10 1 79 6 52 67 84 58 61 112 46 77 78 66 28 9 68 43 100
    118 16 67 105 60 25 37 74 9 111 98 76 111 107 2 92 50 22 39 75 111
    37 63 73 13 14 66 75 43 20 98 125 78 56 86 109 17 57 8 3 108 11 76
    16 5 59 4 122 76 39 87 117 22 19 109 44 121 14 120 17 17 34 38 70 78
    36 75 25 50 101 99 115 20 125 11 56 55 28 85 16 38 46 63 43 58 48 87
    39 92 59 123 79 79 108 92 64 44 14 89 16 23 43 97 15 95 28 74 59 82
    0 122 44 16 4 44 42 92 48 9 118 46 67 105 122 64 47 18 89 115 98 33
    63 102 78 45 7 31 124 31 118 54 47 113 101 3 75 36 79 69 118 5 102
    32 101 122 116 31 97 49 44 18 2 50 101 96 36 87 4 56 62 94 97 45 16
    65 10 54 17 120 33 62 37 74 36 56 54 40 36 95 55 48 86 76 111 61 5
    35 101 58 4 38 109 68 53 42 101 113 55 83 43 10 82 80 52 41 61 36 70
    72 83 126 58 79 54 19 119 28 59 60 83 46 96 63 79 67 38 103 125 89 8
    38 105 113 56 56 21 60 104 76 5 49 122 40 83 15 41 4 118 28 107 53
    125 90 100 5 32 16 80 98 77 11 125 0 52 108 38 33 35 60 75 72 116 85
    37 100 115 32 90 93 2 80 125 124 32 115 8 110 62 29 35 126 21 13 40
    96 54 93 33 122 123 84 51 106 67 63 1 27 127 2 121 111 49 63 79 6 62
    118 6 35 49 106 91 13 31 57 72 23 64 21 3 49 111 112 88 12 32 113 71
    22 108 87 126 99 57 62 58 25 46 32 84 107 43 60 58 30 48 9 52 23 98
    118 104 57 30 47 44 108 70 12 36 93 63 85 29 36 15 78 34 116 46 8 16
    1 23 53 54 66 51 116 123 19 1 44 54 102 52 43 115 112 4 27 80 114 92
    53 58 101 102 54 25 126 119 34 69 66 86 3 29 71 55 97 86 98 13 121
    22 52 125 77 113 31 3 46 87 12 105 33 110 66 56 7 9 94 127 69 41 13
    16 18 68 68 79 35 10 28 59 76 98 30 86 15 7 57 44 76 122 86 0 116 14
    98 84 112 126 28 66 40 90 55 37 37 40 26 8 78 59 116 28 35 6 88 96
    28 16 55 37 21 23 100 88 13 57 74 36 83 77 49 55 127 38 36 34 40 44
    70 88 17 44 118 121 14 120 67 101 112 91 28 57 114 81 58 21 27 102
    103 51 6 96 96 92 45 28 107 90 9 89 61 11 83 110 6 68 31 63 62 112
    28 3 117 120 27 7 2 74 45 55 104 60 28 43 18 107 49 27 126 89 50 32
    11 37 15 108 42 23 11 79 97 101 81 77 56 110 21 92 5 26 101 45 90 8
    64 72 75 126 6 1 109 123 24 16 25 4 6 67 112 58 107 8 98 50 120 111
    76 42 67 80 124 71 102 17 29 0 29 116 31 110 2 62 2 85 57 10 85 82
    115 127 14 123 122 89 49 85 58 126 126 23 68 20 64 101 40 114 91 47
    39 68 94 113 39 101 97 112 104 8 113 40 0 62 110 45 73 20 45 118 76
    54 82 69 60 18 53 65 26 58 83 67 24 21 48 89 97 20 95 120 102 74 70
    29 127 100 11 62 123 52 65 80 116 4 71 40 119 18 94 79 10 52 72 118
    89 5 44 114 103 92 99 124 107 49 127 10 102 11 45 16 94 98 23 104 96
    118 120 66 45 46 67 6 103 94 53 14 55 88 34 60 114 69 23 122 60 114
    34 11 75 65 74 113 97 51 25 8 38 51 53 22 24 28 16 100 98 64 60 127
    52 76 107 31 25 35 124 7 46 95 7 70 62 30 44 30 58 67 22 57 105 95
    103 102 27 41 85 53 43 62 125 77 69 104 105 67 107 23 44 46 54 25
    123 7 7 53 62 18 104 19 14 83 30 93 88 127 98 17 16 16 8 54 121 64
    40 17 127 77 78 57 77 52 62 2 83 121 41 88 76 125 112 98 126 106 12
    86 54 110 115 105 32 60 50 87 6 73 11 89 47 111 109 69 110 45 79 68
    3 91 96 24 38 81 117 125 33 17 71 114 112 83 78 28 93 86 48 93 53
    107 67 119 83 67 37 125 121 63 54 103 45 9 113 0 44 12 69 38 62 72
    73 82 52 73 39 15 25 44 60 29 26 83 65 65 48 39 61 43 53 58 71 109
    33 88 113 69 119 72 79 110 105 11 21 43 75 76 62 21 112 11 94 40 8
    48 94 88 89 54 11 62 13 79 63 6 57 120 22 39 123 61 112 16 34 64 39
    78 49 66 69 49 16 106 92 25 40 60 89 54 125 27 48 72 37 86 42 28 83
    39 24 0 89 108 127 10 63 50 96 67 124 11 127 69 116 101 66 68 32 59
    114 18 68 109 22 89 92 112 110 28 106 64 75 115 92 45 52 23 107 109
    51 111 113 35 76 20 60 34 41 43 18 116 121 93 98 94 55 101 84 21 12
    94 0 4 11 95 54 74 90 117 41 83 0 61 62 79 47 36 97 78 8 47 82 94 74
    17 96 72 74 63 34 120 108 64 90 43 70 6 81 40 78 32 9 19 92 56 63
    108 0 85 98 116 89 126 92 11 62 68 9 24 46 101 89 62 74 76 109 52 53
    72 36 85 67 42 57 43 116 0 119 57 100 40 26 11 16 20 26 67 28 16 50
    0 9 9 119 86 8 1 8 96 5 50 89 123 114 25 78 80 21 7 20 51 98 113 65
    65 93 101 67 53 110 124 54 63 80 14 24 105 8 115 39 75 61 111 25 69
    27 116 6 75 6 16 27 7 80 70 123 72 14 46 76 38 43 67 36 33 14 40 29
    93 45 113 105 70 99 77 97 84 100 8 12 68 115 39 43 72 57 37 104 6 46
    2 75 123 24 13 37 63 81 120 122 64 23 50 40 87 55 21 28 82 127 116
    44 57 126 79 43 33 123 59 7 21 31 43 52 15 118 51 92 43 58 115 127
    56 103 74 125 97 4 95 109 17 122 106 55 63 43 109 95 92 30 90 80 75
    87 20 32 59 29 36 97 101 28 14 12 87 54 77 118 88 8 30 51 10 18 66
    98 90 40 104 3 101 106 113 52 25 114 60 114 62 0 47 122 56 37 23 47
    103 23 102 118 31 7 99 37 34 73 49 43 53 100 42 32 94 91 12 34 59
    112 41 125 93 103 42 83 48 116 3 85 67 115 43 62 15 124 87 0 30 35
    22 122 81 107 37 14 14 80 69 98 103 33 33 23 90 111 123 68 26 118
    118 27 115 83 23 101 51 124 60 5 97 83 122 36 36 37 121 65 27 57 111
    16 100 20 98 111 71 22 100 106 102 30 88 89 119 107 125 116 125 102
    51 63 31 6 43 54 21 49 40 44 126 114 90 102 35 54 85 56 117 106 66
    115 108 25 5 62 106 81 5 105 86 19 109 79 74 44 112 101 100 127 89
    55 41 115 109 1 116 121 104 115 53 42 32 96 108 64 86 125 105 15 52
    75 11 109 13 46 69 67 120 118 69 84 86 58 124 111 78 55 125 6 118 23
    49 71 53 26 0 0 104 52 55 31 43 2 55 8 61 26 119 103 100 15 67 52 96
    27 80 35 94 30 59 33 99 53 64 34 82 12 99 4 25 97 56 50 125 49 77 23
    17 116 75 94 80 122 56 125 83 121 61 45 25 68 2 20 64 22 41 36 23 23
    42 123 59 50 127 6 0 95 38 14 45 97 91 30 7 45 19 68 74 52 36 41 13
    24 92 107 2 107 29 123 69 101 84 46 86 27 84 50 95 100 63 86 10 57
    122 0 60 15 68 35 126 127 108 64 55 17 17 39 73 55 38 4 11 106 84
    102 127 118 58 8 14 18 110 84 60 24 81 104 71 84 91 120 17 85 105
    107 94 98 62 28 92 117 114 7 44 78 56 125 67 103 124 64 69 127 103
    11 71 40 119 0 116 84 25 35 42 54 87 115 64 27 112 50 42 93 53 28 82
    30 14 93 28 16 85 75 16 41 46 71 84 10 80 56 71 91 4 40 95 2 62 89
    94 26 56 13 93 14 70 107 52 34 4 39 84 18 12 36 90 43 50 79 1 58 80
    125 10 14 64 36 110 42 32 31 80 108 52 103 49 64 36 102 121 103 93
    42 89 67 46 125 74 87 118 105 18 88 49 93 2 118 80 105 61 112 68 16
    113 30 51 60 126 13 39 69 123 127 65 29 15 33 93 99 1 74 0 94 12 21
    64 8 57 5 119 25 97 127 96 51 48 110 101 93 19 55 98 84 71 52 1 69
    17 6 22 87 35 93 106 32 91 23 109 50 50 125 63 98 64 0 27 6 15 74
    126 56 87 14 79 84 74 95 32 0 92 126 57 40 17 26 49 39 119 100 98
    100 114 88 47 118 38 4 16 4 60 33 93 66 97 55 86 26 57 6 89 10 22
    112 111 46 76 53 92 46 67 63 63 127 92 53 23 101 76 30 56 92 82 104
    118 18 39 125 73 73 121 65 124 68 58 126 32 87 118 80 69 49 105 111
    91 99 1 27 98 12 105 35 21 64 127 57 12 72 67 102 59 120 100 53 52 3
    32 72 57 27 93 49 74 26 35 82 106 61 62 28 11 114 59 105 94 85 87 64
    75 117 72 97 4 86 91 54 115 1 67 92 10 78 125 29 45 2 83 39 60 96 18
    1 70 66 7 113 51 86 47 16 6 55 83 124 43 12 9 70 98 78 84 9 16 13 40
    39 15 91 62 114 94 91 6 123 14 75 36 113 9 24 99 69 100 69 56 25 35
    101 63 67 78 63 95 94 113 84 73 15 94 71 10 102 65 73 66 70 97 10
    126 112 100 52 16 110 54 2 105 16 16 30 75 33 114 44 31 37 62 114 64
    56 89 33 16 113 119 57 39 112 87 2 47 24 65 51 58 8 105 79 56 37 117
    118 7 39 111 72 42 44 8 93 36 48 118 32 54 119 31 40 101 73 111 79
    83 5 30 46 123 126 5 64 4 85 112 98 106 7 90 9 11 22 111 71 57 114
    63 95 63 115 37 44 52 23 6 119 47 16 30 94 93 95 15 114 68 80 120 30
    15 18 75 29 16 109 122 17 9 110 127 30 24 11 127 118 95 91 105 127
    62 93 106 84 86 96 51 17 51 22 74 19 66 81 7 114 72 112 71 75 41 99
    83 52 98 52 100 4 67 43 13 36 93 112 29 19 114 90 19 49 18 96 9 1 95
    57 11 37 83 30 30 114 27 120 114 115 80 99 12 63 29 108 53 65 73 67
    125 69 41 24 106 79 44 127 35 47 118 35 61 23 100 21 17 27 25 25 18
    100 95 107 1 12 100 15 27 91 28 67 112 96 27 15 96 70 125 47 120 120
    52 123 44 60 106 77 1 107 9 34 27 70 17 72 4 92 34 90 84 102 112 71
    100 67 47 85 123 14 107 86 95 39 85 118 50 2 60 80 37 87 114 26 52 9
    97 121 0 105 75 51 101 86 102 41 104 125 29 127 39 33 95 40 35 16 25
    32 86 31 23 118 20 53 84 105 84 19 115 102 126 50 105 59 112 93 75 2
    93 107 13 16 18 66 94 45 11 82 86 119 52 50 113 66 61 94 14 95 53 20
    68 106 41 67 99 71 7 62 124 82 97 124 0 108 47 117 22 72 64 40 29 72
    39 67 46 24 101 111 123 10 57 60 106 79 51 63 70 113 83 70 117 42 47
    110 17 93 22 103 35 48 23 27 28 113 102 76 24 16 26 123 99 13 60 104
    48 46 117 71 19 8 116 95 47 49 64 113 68 31 45 117 59 90 106 56 39
    18 100 66 112 123 91 66 119 40 110 57 107 94 102 113 49 1 14 82 22
    108 40 76 58 78 124 80 99 5 109 16 93 88 64 91 58 61 50 48 83 18 57
    55 50 29 81 32 57 113 2 27 44 98 12 80 112 108 41 114 49 52 10 20 79
    98 93 42 14 111 91 50 85 90 62 50 4 32 62 88 36 68 4 28 126 75 23
    107 36 90 73 39 5 39 28 125 65 68 58 52 120 41 126 6 49 57 119 4 115
    35 79 126 41 76 59 75 69 74 14 37 122 73 100 6 63 49 75 35 107 6 97
    65 7 59 5 17 42 104 125 16 5 106 83 35 85 42 44 66 52 25 118 46 3
    122 41 34 101 41 102 28 63 112 124 125 6 18 29 106 87 118 101 79 103
    6 87 65 91 58 91 10 25 34 8 37 73 12 47 67 103 102 41 5 31 62 8 14
    27 3 81 101 126 38 76 98 17 3 111 85 103 109 2 98 15 114 75 34 99
    124 70 125 50 57 121 76 67 95 40 12 22 46 53 103 109 27 58 77 34 29
    105 102 51 47 33 17 101 96 100 110 45 7 75 117 94 98 2 5 37 11 126
    85 67 80 99 79 2 3 116 47 83 20 121 83 62 39 9 94 88 38 92 59 22 51
    124 85 120 70 49 119 80 36 31 82 70 77 94 112 117 19 110 4 77 83 66
    108 42 122 98 79 88 51 27 42 92 74 95 117 77 71 41 86 7 35 74 55 120
    19 92 60 97 46 124 8 74 37 85 36 74 122 102 20 83 1 107 120 83 43 6
    102 35 105 94 5 85 19 9 16 28 102 121 120 19 53 94 73 64 87 58 106
    32 73 60 17 60 63 36 99 98 119 90 91 45 85 113 63 9 46 43 98 109 72
    112 40 67 58 107 124 46 122 34 10 94 59 22 11 71 97 106 107 43 11 54
    111 121 5 78 60 127 97 73 3 75 116 126 102 104 73 96 4 76 19 35 78
    24 2 126 82 25 50 31 89 64 108 94 26 2 101 103 42 16 88 37 14 5 111
    68 42 120 15 15 7 19 115 59 3 124 73 89 21 5 88 65 103 57 36 6 99 5
    83 108 122 113 119 101 115 15 111 73 20 27 38 22 29 12 29 33 38 104
    60 80 91 63 75 102 45 91 69 88 11 76 57 53 48 22 20 36 13 57 70 87
    108 87 34 3 40 77 92 100 33 93 32 121 15 43 61 58 119 32 82 50 23 41
    87 83 8 60 22 89 112 48 3 24 29 0 37 64 111 93 106 56 2 123 115 77
    110 99 99 23 93 47 88 126 73 49 117 19 34 122 27 104 118 117 41 67
    40 66 60 27 92 43 54 72 63 53 16 89 96 127 18 67 72 12 24 118 108 47
    69 62 85 41 85 13 93 109 28 57 123 46 106 30 41 93 103 66 93 53 115
    116 53 118 60 103 121 47 61 27 43 68 40 59 21 112 28 11 35 40 125 20
    67 24 108 7 113 3 67 45 18 3 117 56 41 54 75 40 9 28 84 104 107 105
    111 16 6 80 80 93 80 23 50 23 31 62 38 94 24 47 35 95 120 44 111 55
    29 22 112 50 5 1 82 20 104 43 62 1 110 48 31 27 82 22 58 77 110 53
    51 31 20 10 80 38 51 123 105 61 98 16 46 96 0 111 4 28 61 25 48 75
    116 75 87 36 12 50 44 100 32 95 23 49 94 108 7 90 19 19 20 0 51 52
    81 90 30 90 125 96 78 89 7 116 57 76 54 122 70 43 69 99 14 113 122
    41 103 33 7 87 54 11 122 33 0 67 78 30 42 67 28 48 4 53 126 72 119 8
    19 112 65 66 107 124 68 111 46 41 96 13 90 71 102 83 63 15 58 82 90
    126 38 64 104 9 101 41 98 67 20 36 127 77 78 61 79 103 22 11 89 112
    83 69 92 70 13 2 74 4 61 24 61 40 112 106 106 70 117 35 24 95 24 40
    59 103 58 29 61 4 77 66 45 14 6 80 23 124 71 113 66 17 61 7 2 27 35
    8 87 29 33 34 7 117 30 81 63 37 17 68 50 110 110 111 68 58 62 22 3
    69 111 49 119 42 9 20 53 12 78 91 56 7 15 72 12 89 82 123 15 59 81
    75 33 12 125 57 111 47 61 14 107 71 122 72 96 28 54 12 63 72 49 127
    74 61 50 103 109 16 83 55 29 35 122 84 26 23 112 27 120 3 61 25 74
    29 124 69 8 35 18 10 106 3 28 60 15 44 73 117 96 93 51 77 35 0 22 79
    7 15 17 116 102 48 100 109 91 111 21 79 25 84 18 49 6 110 66 88 52
    56 84 50 28 3 104 19 66 49 26 61 82 127 39 92 82 80 100 5 29 68 83
    42 57 26 70 91 65 91 37 88 83 4 98 92 71 21 8 127 115 25 31 43 14 97
    61 46 42 48 86 84 77 59 124 119 47 24 5 110 102 46 47 10 8 16 65 111
    2 73 104 16 124 6 125 103 17 76 81 49 118 26 61 115 25 120 72 69 110
    108 127 67 21 67 88 17 8 60 80 7 55 61 35 103 101 100 76 3 87 89 82
    79 18 66 124 53 52 117 64 40 5 31 34 30 2 96 101 33 98 96 26 81 98
    72 123 70 13 97 72 82 9 84 26 73 86 19 91 18 85 63 68 105 18 85 54
    78 47 120 57 118 97 16 65 59 30 79 58 57 27 24 9 43 94 42 77 6 32 74
    95 57 57 21 95 96 95 8 72 3 21 56 2 109 109 103 31 70 83 11 23 37
    103 84 107 34 36 86 119 43 25 26 81 14 83 100 98 13 83 66 33 89 83 3
    122 27 46 58 57 109 46 71 9 52 77 46 78 61 93 122 15 112 109 46 121
    30 22 104 127 26 116 53 81 90 42 14 18 16 89 89 75 68 14 50 23 20 72
    28 60 6 119 4 125 120 95 121 39 70 11 26 87 10 125 98 108 60 45 83
    114 114 83 29 3 74 91 8 53 121 47 42 20 57 101 103 83 98 91 67 119
    74 109 41 73 116 120 95 28 62 34 32 37 104 33 102 44 83 116 125 87
    106 18 93 39 62 13 97 102 5 21 124 45 41 82 82 124 102 36 49 4 69 51
    67 101 44 84 4 29 62 44 16 35 62 26 84 83 1 127 99 69 50 16 15 108
    118 59 67 87 76 83 35 99 92 98 111 46 122 93 74 20 115 113 108 6 47
    125 71 59 28 12 77 116 18 97 62 75 95 48 52 5 90 98 104 59 110 84 27
    58 114 1 56 58 65 34 84 18 59 42 45 126 68 7 26 89 81 102 56 81 66
    57 23 120 4 51 50 52 35 24 110 119 9 90 125 118 40 53 67 37 74 109
    110 107 124 101 17 82 70 31 76 21 66 23 97 77 42 14 48 6 81 35 104
    111 77 32 118 111 37 88 99 33 33 31 123 123 39 125 10 86 114 40 115
    19 18 83 64 126 64 25 36 25 115 112 8 66 12 21 48 41 57 78 33 112 7
    19 91 47 61 119 100 43 94 79 121 96 3 33 38 39 127 123 57 80 43 104
    10 66 77 91 18 101 44 121 90 41 106 65 13 10 76 37 81 17 122 50 65
    60 94 45 21 15 9 53 33 96 6 114 83 17 44 21 90 80 25 29 3 0 58 125
    40 57 7 115 71 106 91 56 31 109 125 8 116 67 96 116 27 112 114 21 57
    101 3 103 70 48 80 93 23 66 34 14 27 64 16 100 31 79 107 96 87 57 38
    119 98 105 106 126 2 63 99 10 113 63 78 53 106 22 29 41 81 43 54 112
    17 97 93 66 12 64 42 124 40 14 112 41 88 78 27 95 19 3 48 118 43 46
    77 7 5 8 98 102 94 0 94 66 99 5 8 24 10 48 61 7 19 22 60 61 72 121
    106 80 122 20 92 123 95 42 51 26 28 73 16 97 17 14 85 1 94 15 69 15
    91 47 66 75 5 89 26 30 79 123 124 52 21 11 5 123 88 87 93 39 48 106
    96 10 80 93 86 42 97 64 7 42 78 45 27 107 117 93 8 16 21 62 31 33 85
    116 67 92 19 99 95 31 9 10 98 22 62 40 90 79 68 94 45 50 39 115 105
    96 107 121 25 127 46 119 97 57 14 60 42 32 81 22 72 65 42 19 18 7
    120 83 15 12 30 13 64 55 120 119 88 104 53 109 63 38 119 3 70 112
    117 14 120 110 60 29 23 68 115 28 26 13 46 35 123 116 127 97 16 108
    104 13 18 60 48 43 98 69 12 33 80 93 28 87 83 76 27 27 127 64 119 34
    32 123 67 121 27 99 57 99 86 54 82 73 50 38 29 105 80 33 2 35 37 33
    22 123 104 81 65 54 18 34 79 110 66 51 32 17 111 86 28 101 39 57 122
    119 120 73 6 46 12 99 8 8 53 80 82 60 104 15 49 0 50 76 23 110 38
    100 20 81 64 29 71 27 8 58 45 99 79 126 38 54 35 40 19 122 44 126 4
    43 61 95 90 51 10 112 18 38 66 6 0 55 20 101 98 99 34 5 80 101 27
    102 86 123 106 13 113 5 5 70 1 52 58 10 84 67 53 21 35 89 80 106 30
    52 28 115 9 73 60 54 2 72 108 20 88 10 37 14 112 3 105 118 76 112 55
    89 73 38 108 67 127 87 35 29 101 44 122 32 95 94 9 106 15 35 87 38
    13 86 76 15 92 77 90 89 68 83 107 38 26 120 102 104 70 91 77 110 125
    97 118 9 54 60 94 121 43 21 65 44 117 104 125 57 55 85 0 118 113 82
    64 53 56 39 65 36 124 47 33 60 28 56 117 79 38 10 127 73 13 83 1 114
    86 43 81 107 113 71 70 48 58 4 13 38 37 115 91 33 77 35 55 122 124
    56 107 33 18 118 11 71 115 8 18 7 4 81 125 78 37 33 98 126 80 21 17
    5 20 60 35 12 78 56 68 26 112 83 53 123 91 42 98 22 94 34 18 98 5 90
    7 23 23 35 64 111 32 56 68 120 49 109 64 81 81 101 8 95 60 85 114
    124 111 46 89 9 48 85 37 25 13 71 108 29 68 82 125 8 86 3 71 40 97
    54 22 97 52 104 10 57 10 89 34 36 119 12 12 2 91 112 115 11 54 21 41
    58 24 125 52 110 61 11 96 9 63 43 49 26 56 103 61 63 85 127 35 37 9
    47 48 52 75 108 3 113 93 35 48 63 77 68 4 84 64 94 0 105 10 44 75 67
    31 66 96 77 13 65 13 27 81 40 13 70 58 11 66 86 95 75 109 65 105 91
    62 86 80 70 67 22 17 23 86 90 69 123 91 46 91 105 5 7 7 101 82 86 56
    111 114 26 17 4 75 14 32 113 113 36 96 37 23 85 8 38 5 110 67 69 53
    84 71 88 15 115 46 93 21 23 109 27 17 52 56 84 32 66 65 27 108 93 38
    106 19 6 85 5 92 10 122 3 120 93 53 7 81 118 61 48 84 13 21 123 1 25
    111 123 95 60 78 127 3 78 43 53 23 10 67 58 84 26 15 70 20 103 34 75
    78 19 94 96 30 126 95 94 74 11 7 52 21 38 47 48 27 81 48 7 49 55 31
    67 40 49 23 74 95 95 90 45 5 98 31 6 17 47 10 85 82 81 56 85 52 79
    79 23 117 120 43 124 38 41 42 61 110 95 35 54 52 115 74 14 38 121
    101 122 70 105 88 1 13 120 57 31 23 83 95 108 56 44 126 72 99 98 57
    120 105 80 37 108 57 59 118 35 92 25 7 76 72 98 28 55 15 25 101 39
    54 104 75 65 87 119 10 110 45 61 26 90 0 46 124 108 57 52 35 109 3
    94 77 13 61 35 19 102 86 85 69 52 55 25 123 14 76 124 68 96 1 107 74
    31 9 69 20 79 28 36 8 70 63 25 9 87 55 51 4 110 9 89 61 112 44 65 63
    89 29 68 93 58 1 115 123 43 65 0 68 28 76 46 15 70 2 20 83 17 23 105
    5 112 31 106 2 127 80 74 4 115 41 37 115 16 88 71 75 20 32 117 84
    106 107 11 88 13 94 25 127 70 93 17 7 104 116 16 10 10 88 77 82 76
    14 101 5 88 23 79 17 17 123 34 122 70 22 4 105 54 76 69 66 32 110 79
    17 23 88 2 95 79 23 76 68 66 115 46 52 84 92 49 98 92 35 27 9 72 24
    74 49 114 123 2 119 72 22 84 74 45 18 12 76 111 39 71 125 12 78 50
    112 92 121 103 119 79 39 60 102 113 23 30 55 118 48 53 27 44 79 83
    74 25 123 22 12 63 49 55 39 16 65 62 51 73 62 97 10 35 42 60 96 35
    122 9 40 85 103 9 19 40 37 68 36 37 90 87 115 19 37 89 15 50 49 46
    92 12 7 1 22 94 78 55 120 122 44 11 5 4 20 93 78 72 52 92 92 114 38
    44 96 87 104 99 52 56 127 11 125 31 103 113 108 123 107 83 39 49 117
    64 80 71 24 62 86 87 107 114 62 44 85 5 54 10 87 44 44 66 1 14 75 98
    124 82 20 40 22 94 51 93 120 28 76 82 94 45 55 20 37 14 113 75 121
    118 69 54 34 118 72 119 3 76 35 19 42 88 52 44 47 63 54 18 109 29 29
    30 125 93 50 118 48 44 71 115 61 125 121 126 0 80 76 19 67 30 16 115
    19 34 91 122 92 27 75 92 95 108 114 38 13 67 102 122 38 127 109 71
    75 91 75 84 98 38 25 7 67 18 75 49 66 117 51 47 108 5 107 111 18 81
    65 19 60 49 1 5 62 125 88 75 43 22 83 94 16 14 23 55 60 52 58 104 37
    92 91 22 82 76 55 107 59 110 95 50 33 94 6 53 63 50 107 119 55 37 65
    13 53 63 66 31 122 127 31 32 50 52 16 115 109 120 115 79 0 48 46 62
    114 27 64 52 124 77 42 103 30 92 26 100 16 107 51 54 20 54 29 90 32
    70 40 48 49 57 120 68 53 64 69 54 40 105 121 77 82 75 5 2 62 15 38
    27 79 5 103 58 107 48 37 49 120 89 69 70 98 25 49 36 61 126 47 121
    10 12 77 28 23 44 114 30 122 122 110 53 13 109 85 61 9 60 42 67 21
    23 92 74 93 67 119 126 62 84 48 4 117 29 97 81 81 65 60 124 71 113
    67 34 36 90 48 45 45 104 2 76 41 82 103 123 37 51 27 0 53 121 83 65
    39 55 68 6 120 28 61 91 7 126 83 71 76 104 50 60 105 88 126 53 118
    121 118 40 66 91 85 27 47 15 59 28 83 57 64 80 104 15 44 55 110 104
    23 10 110 44 53 56 61 116 79 106 61 20 68 111 89 81 68 70 94 30 30
    119 39 62 50 81 65 79 73 65 3 3 63 46 49 118 44 17 64 64 120 25 71
    58 37 49 23 54 73 10 57 98 74 79 64 7 9 125 115 90 126 76 110 3 24
    43 65 55 84 75 31 90 114 111 63 113 80 45 7 91 34 52 6 58 86 96 92
    103 4 6 71 5 106 46 113 30 84 55 52 68 0 85 82 27 3 107 58 71 111 10
    11 101 20 66 44 54 101 94 125 97 2 90 101 14 24 102 2 8 65 1 113 43
    33 126 46 102 67 24 119 32 71 55 77 59 88 93 43 125 10 43 38 58 107
    67 74 105 113 7 100 35 14 83 127 95 18 10 49 109 62 116 89 51 34 66
    109 0 31 55 2 100 42 100 19 10 107 66 32 60 21 23 94 47 47 124 101
    79 0 53 30 81 80 43 89 86 118 31 66 119 29 113 38 79 92 10 85 120
    111 114 52 16 90 18 83 65 49 10 11 67 59 77 99 30 7 64 67 1 73 115
    69 90 24 82 120 122 34 30 100 32 10 90 94 113 115 59 50 53 25 97 49
    42 39 121 92 60 53 70 26 97 61 105 110 109 110 100 78 86 120 85 55
    15 73 15 34 58 40 106 71 22 63 51 46 22 53 97 91 35 79 61 13 100 62
    7 16 68 77 13 89 71 30 73 20 11 56 18 67 27 126 98 49 126 117 30 73
    60 22 57 30 14 48 49 65 85 74 24 95 79 18 6 34 10 125 43 105 27 92
    35 54 101 86 79 39 127 55 89 12 26 53 31 110 127 34 82 80 93 26 68
    123 4 24 84 96 114 28 69 41 42 4 42 36 49 68 64 53 103 70 52 113 1
    56 96 115 24 99 34 55 34 33 74 83 63 27 97 10 89 42 54 4 123 91 35
    106 69 40 28 6 75 27 52 118 92 88 126 96 103 98 91 114 11 119 10 48
    51 16 44 2 81 53 114 0 39 35 80 108 33 84 66 94 72 32 117 15 77 9 1
    65 50 112 69 1 90 86 34 82 69 72 79 13 15 28 44 35 115 30 40 112 89
    112 13 15 107 17 30 20 38 78 91 27 42 87 43 49 6 96 117 11 89 64 22
    78 30 27 119 18 82 59 99 125 18 41 12 19 112 16 46 24 52 19 49 23
    123 74 105 97 22 117 126 52 24 57 73 18 76 53 100 58 54 65 72 37 26
    120 42 81 50 26 91 76 67 26 101 7 112 30 89 92 47 116 33 73 81 60 40
    101 113 3 96 76 51 124 41 117 51 86 21 47 117 70 90 88 42 79 62 111
    33 124 98 68 39 37 6 87 42 54 87 67 108 88 20 52 52 97 94 10 93 52
    51 102 64 83 76 81 15 9 9 72 78 6 126 92 111 54 63 14 16 88 35 73 36
    53 76 60 54 93 0 51 89 108 4 110 57 84 69 103 36 125 43 90 53 92 57
    21 8 64 51 127 120 33 33 124 11 18 116 110 40 125 104 96 88 88 14 32
    50 19 99 94 78 61 1 22 38 106 49 46 3 75 76 33 81 56 88 43 80 123 14
    64 41 115 125 78 12 108 73 15 106 0 88 124 75 112 51 97 74 68 69 15
    109 52 75 20 43 49 89 36 41 64 21 17 17 18 23 9 95 105 62 67 31 74
    51 16 70 0 56 79 9 68 59 54 66 82 68 73 14 20 84 92 4 2 14 28 80 16
    6 92 93 28 33 47 3 65 25 98 26 32 49 47 96 97 124 127 8 1 8 108 105
    3 33 27 127 112 6 103 95 58 7 38 62 64 41 71 71 8 69 100 94 124 92
    56 42 14 64 41 93 120 121 118 56 33 127 25 50 27 45 95 27 49 33 49
    110 27 63 12 48 32 26 2 101 33 90 125 48 4 39 37 57 97 31 8 72 12 50
    88 89 65 126 62 125 106 29 108 33 109 94 66 0 75 95 14 115 114 18 31
    46 2 87 122 108 20 100 118 51 88 86 12 50 111 91 37 60 2 5 75 5 80
    49 92 66 42 126 48 61 19 11 13 65 14 105 77 119 88 98 46 121 59 3 45
    19 95 97 9 22 13</data></input>
<my_img type_id="opencv-matrix">
  <rows>256</rows>
  <cols>256</cols>
  <dt>u</dt>
  <data>
    69 69 70 68 67 67 66 66 66 64 65 65 64 63 63 64 64 64 64 64 65 65 65
    65 65 65 65 65 66 66 67 66 66 67 67 67 66 67 67 67 66 64 64 64 64 66
    67 67 66 66 67 67 67 67 67 67 67 68 68 66 66 66 66 65 65 66 64 64 65
    64 65 64 63 62 62 62 63 63 62 61 62 63 63 63 63 63 63 63 63 63 64 63
    63 63 64 64 63 63 63 63 64 64 64 64 64 65 65 65 64 63 63 63 64 64 64
    64 64 65 65 64 66 65 65 65 65 65 65 65 65 66 67 67 66 66 66 66 65 65
    63 62 62 61 60 60 60 60 61 60 60 60 61 61 60 61 62 62 62 61 63 63 64
    66 64 66 67 67 66 67 68 67 67 65 66 67 68 67 67 68 68 66 67 66 65 65
    66 65 65 66 65 65 66 66 67 67 67 67 67 66 66 67 67 67 68 69 68 68 68
    69 68 68 68 67 67 67 65 64 63 64 63 63 64 64 65 65 66 65 64 64 63 64
    64 63 62 62 63 64 64 65 65 64 64 62 62 61 60 59 60 58 58 57 57 57 57
    58 59 57 69 69 69 68 67 66 66 66 65 64 65 64 63 62 63 63 63 63 63 63
    64 64 64 64 64 64 64 64 65 66 66 66 66 67 66 66 66 66 67 67 66 65 64
    65 65 67 68 68 68 68 68 68 68 69 68 68 68 69 69 67 67 66 66 65 65 65
    64 63 63 63 64 63 62 62 61 61 62 62 62 61 62 62 63 63 63 63 63 63 63
    63 64 63 63 63 64 64 63 63 63 63 64 64 63 64 64 65 65 64 63 63 62 62
    63 64 64 64 64 65 65 64 65 65 65 65 65 65 65 65 66 67 67 68 66 66 66
    66 66 65 64 63 62 62 61 61 61 60 61 60 60 60 60 60 60 61 61 61 61 61
    63 63 64 65 63 65 66 66 66 66 68 67 67 65 66 67 68 67 67 68 67 66 67
    66 65 66 66 66 66 67 66 65 67 67 68 67 68 68 68 67 67 67 67 67 68 69
    69 68 68 69 68 68 68 67 67 67 65 64 64 64 64 64 65 65 65 65 66 65 65
    64 63 64 64 63 62 62 63 64 65 65 65 65 65 63 62 61 61 59 60 59 59 59
    58 58 58 59 60 58 69 69 69 68 67 67 66 66 66 64 65 64 63 62 63 64 63
    63 63 63 64 65 65 65 65 65 65 65 65 66 67 66 66 67 66 66 66 66 67 67
    67 65 65 65 65 67 68 69 68 68 68 68 68 69 69 69 68 69 69 67 67 66 66
    65 65 65 64 63 63 63 64 63 62 61 61 61 61 62 62 61 61 62 62 62 62 62
    62 62 62 62 64 62 63 63 64 64 63 63 63 63 64 64 64 64 64 65 65 65 63
    63 62 62 63 64 64 64 64 65 64 64 65 64 64 65 64 64 64 65 65 67 67 68
    67 66 66 66 65 65 63 63 62 62 61 61 61 61 62 61 60 60 61 61 60 61 61
    62 62 61 63 63 64 65 64 65 66 66 66 66 68 67 67 65 66 67 68 67 68 68
    68 67 68 67 66 67 67 66 67 68 67 66 68 68 68 68 69 68 67 67 67 67 67
    67 68 69 68 67 68 68 67 67 67 67 67 66 64 64 64 65 64 64 65 65 65 66
    66 65 65 64 63 64 64 63 62 62 64 65 65 65 65 65 64 62 62 61 61 59 60
    60 60 59 58 58 58 59 59 58 69 69 70 68 68 67 66 67 66 65 65 64 64 63
    63 64 63 63 63 63 64 65 64 64 64 64 64 65 64 65 66 66 66 67 67 66 66
    67 67 67 67 65 65 66 66 68 69 69 69 70 69 69 69 70 70 69 69 69 70 68
    68 67 67 66 66 66 65 64 64 64 64 63 62 62 61 61 62 62 62 61 62 62 63
    63 63 62 62 62 62 63 64 62 63 63 64 64 63 64 63 63 65 65 65 65 65 65
    66 65 64 64 63 62 63 64 65 64 64 65 65 64 65 64 64 65 65 65 64 65 65
    66 67 67 66 66 66 65 65 64 63 62 62 62 61 61 61 60 61 61 60 60 60 61
    59 61 61 61 61 61 63 63 63 64 63 64 65 65 65 65 67 66 66 65 65 66 67
    67 68 68 67 66 67 67 66 66 67 66 67 67 67 66 67 67 68 68 68 68 67 67
    66 67 67 67 68 69 68 67 68 68 67 67 68 67 67 67 65 64 64 65 63 64 65
    65 65 65 66 65 65 64 63 64 63 63 62 62 64 65 65 65 65 65 65 63 62 62
    61 60 61 60 60 60 59 59 60 60 61 60 70 70 70 69 68 68 67 67 67 65 66
    65 64 63 64 64 64 64 63 63 64 64 64 63 64 64 64 64 64 64 65 65 65 66
    66 66 66 66 66 67 66 65 65 65 65 67 68 69 68 69 69 69 69 69 69 68 68
    69 69 68 67 66 66 65 65 65 64 63 63 63 64 63 62 62 61 61 62 62 62 61
    62 62 63 63 63 62 63 63 64 64 65 64 64 64 65 66 65 65 65 65 66 66 66
    65 66 66 66 66 65 64 63 63 64 64 65 64 64 65 64 64 64 64 64 65 65 64
    64 64 65 66 67 67 66 66 66 65 65 65 63 63 62 62 61 62 61 61 62 61 60
    61 61 61 60 61 60 61 61 61 62 62 63 64 63 64 65 64 64 64 66 66 65 64
    65 66 67 67 67 67 67 66 67 67 65 66 67 66 66 67 67 66 67 67 67 67 68
    67 67 67 67 67 67 67 67 69 68 67 68 68 67 67 67 67 67 66 64 64 63 64
    63 63 64 64 64 65 65 64 64 63 63 63 63 62 62 62 63 65 64 65 64 65 65
    63 62 62 62 60 62 61 61 60 60 60 60 61 61 60 68 68 69 67 67 67 66 67
    67 65 65 64 63 62 63 63 63 64 64 63 64 64 64 64 64 64 64 64 64 64 65
    65 65 66 66 66 66 66 66 66 66 65 65 65 65 67 69 69 68 69 69 69 68 69
    69 68 68 68 69 68 68 67 67 66 66 66 65 64 64 64 64 63 63 62 62 62 63
    63 63 62 63 63 63 63 63 63 63 64 64 64 65 64 65 65 66 66 65 65 65 65
    66 66 66 66 66 66 66 66 65 64 63 63 64 64 65 64 63 64 64 63 64 64 63
    64 64 64 64 64 64 65 66 66 66 66 65 65 65 64 63 63 62 62 61 61 61 60
    61 60 60 60 60 60 59 60 60 60 60 60 62 62 63 63 63 64 65 64 64 64 66
    66 66 65 65 66 67 67 68 68 68 66 67 67 65 67 67 66 67 68 68 67 68 68
    68 69 69 68 68 67 68 68 68 68 69 70 69 68 69 68 68 68 69 68 68 67 65
    64 64 64 63 63 64 64 64 64 65 63 64 63 62 63 62 62 61 61 63 64 64 64
    64 64 64 63 62 62 62 61 62 62 62 61 61 61 61 61 62 60 68 68 68 67 67
    67 66 67 67 65 65 65 64 63 63 64 63 64 64 64 64 65 65 64 64 64 65 65
    64 65 66 66 66 66 67 66 66 67 67 67 67 65 65 65 65 67 68 69 68 68 68
    68 68 69 68 68 68 68 68 67 67 66 66 65 66 66 65 64 64 64 64 63 62 62
    62 62 63 63 63 62 62 63 63 63 63 62 63 63 63 64 65 64 64 64 65 65 64
    64 64 64 65 65 64 64 65 65 65 64 63 63 62 62 63 64 64 63 63 64 63 63
    63 63 63 64 64 64 64 64 64 65 65 66 66 65 65 65 65 65 63 63 63 62 61
    62 61 61 62 61 60 61 61 61 59 60 60 60 60 59 61 61 62 62 62 63 64 63
    63 64 66 65 65 64 65 66 67 67 67 68 68 66 66 67 65 66 67 66 66 67 67
    66 67 67 68 68 68 68 67 67 67 67 67 68 68 70 69 68 69 69 69 69 69 68
    67 66 64 64 63 64 63 63 64 64 65 65 65 63 63 63 62 62 62 61 60 61 63
    63 64 63 63 64 63 62 61 61 61 60 61 61 61 61 60 60 60 61 61 60 67 67
    67 66 66 66 65 66 66 65 65 64 64 63 63 64 64 64 64 64 64 64 64 64 64
    64 65 65 65 65 66 66 66 67 67 67 67 67 67 67 67 66 66 66 66 67 68 68
    68 68 68 68 68 68 68 67 67 67 67 66 66 65 66 65 65 65 64 63 63 63 63
    62 62 62 61 61 62 63 63 62 63 63 63 63 63 62 63 63 63 64 65 64 64 64
    65 65 65 64 64 64 65 65 64 64 65 65 65 65 64 63 62 61 63 63 64 63 62
    63 63 63 63 63 62 63 63 63 63 63 63 64 65 66 65 65 65 64 65 64 63 63
    63 62 61 62 61 61 61 60 60 60 60 60 59 60 60 60 60 59 61 61 61 62 61
    63 64 63 63 63 65 65 65 64 65 65 66 66 66 66 66 65 66 66 64 65 66 64
    65 66 66 65 66 66 67 67 67 67 66 66 67 67 67 67 68 69 69 68 69 69 68
    68 69 68 67 66 64 64 64 64 64 63 64 64 65 65 65 64 64 63 63 63 62 62
    61 61 63 64 64 63 64 64 64 62 62 61 61 61 62 61 61 61 60 60 61 61 61
    60 67 67 67 66 66 66 65 66 66 65 65 64 63 63 63 64 63 64 64 64 65 65
    65 65 65 65 65 65 65 65 66 66 66 67 67 67 66 67 67 67 66 65 65 66 65
    67 68 68 67 68 68 68 67 68 68 67 67 67 68 67 66 66 66 66 66 66 65 64
    64 64 64 63 63 63 62 62 63 63 63 63 63 64 64 64 64 63 64 64 64 65 66
    65 65 65 66 66 65 65 65 65 66 66 65 65 65 65 66 65 64 64 62 62 63 63
    63 63 62 63 63 62 63 62 62 63 62 62 62 62 62 63 63 64 64 64 64 63 64
    63 63 62 62 62 61 62 61 62 62 61 61 61 62 62 60 61 61 61 61 60 62 62
    62 63 62 63 64 64 63 63 65 65 66 65 65 66 67 67 67 67 67 66 67 67 65
    66 66 65 66 67 66 66 67 67 67 67 68 68 67 67 67 67 67 67 68 69 69 68
    68 69 68 68 69 68 68 66 65 64 64 64 64 63 64 65 65 65 65 64 64 64 63
    63 62 62 61 61 63 64 64 64 64 64 64 63 62 61 61 61 62 61 61 61 61 61
    61 61 61 60 67 67 68 66 66 66 65 66 66 65 65 64 64 63 63 64 64 64 65
    64 65 65 65 65 65 65 65 66 65 66 66 66 66 67 67 66 66 66 67 66 66 65
    65 65 65 66 68 68 67 68 67 67 67 67 67 66 66 67 67 66 66 65 65 65 64
    65 64 63 63 63 63 62 62 62 61 61 62 62 62 62 63 63 64 63 64 63 63 64
    64 65 65 65 65 65 66 66 65 65 65 65 66 65 65 65 65 65 66 65 64 64 63
    62 63 63 64 63 63 63 63 62 63 62 62 63 62 62 62 62 62 63 64 64 64 63
    63 63 63 63 63 62 62 62 61 62 62 62 62 62 61 61 62 61 61 61 61 61 61
    61 62 62 63 63 63 64 65 64 63 64 65 65 65 64 64 65 66 66 66 66 66 65
    66 65 64 65 65 64 65 66 66 65 66 66 66 67 67 67 67 66 66 67 66 67 67
    68 68 67 68 68 67 68 68 68 67 66 65 64 64 65 64 64 65 65 66 66 66 65
    65 64 63 63 63 62 62 61 63 64 64 63 64 64 63 62 61 61 61 61 62 62 61
    61 61 61 61 61 62 60 67 67 67 66 66 66 65 66 66 65 65 65 64 63 64 65
    64 64 65 65 65 65 65 65 65 65 65 66 65 66 66 66 66 66 67 66 66 66 67
    66 65 65 65 65 64 65 66 66 66 66 66 66 66 66 66 65 66 65 66 65 65 65
    65 64 64 64 63 62 63 63 62 62 62 62 61 61 62 62 62 62 63 63 63 63 63
    63 63 64 64 65 65 65 65 65 65 65 65 65 65 65 65 65 64 64 65 65 66 65
    64 64 63 62 63 64 64 64 63 64 63 63 63 63 62 63 63 63 63 63 63 63 64
    65 64 64 64 63 64 64 63 63 63 63 62 63 63 63 63 62 62 62 62 62 61 62
    61 61 61 61 62 62 63 63 63 64 65 64 64 64 65 65 65 64 64 65 66 66 66
    66 66 65 66 65 64 65 65 64 65 66 65 65 65 65 66 66 67 67 66 66 66 66
    66 66 67 68 68 67 67 67 67 67 68 68 68 67 66 65 65 65 65 65 65 66 66
    66 66 65 65 65 64 64 64 63 62 62 64 64 64 64 64 65 65 64 63 63 63 62
    64 63 63 63 63 63 63 64 64 63 66 65 66 65 65 65 64 65 65 64 64 64 64
    63 64 65 64 64 65 65 65 65 66 66 66 65 65 66 65 65 66 66 66 66 67 66
    66 66 67 66 65 65 65 65 64 66 66 66 66 67 66 67 66 66 66 65 65 65 66
    65 65 65 64 63 63 63 63 62 62 62 62 62 61 61 61 61 62 62 62 62 62 62
    63 62 63 63 63 64 64 65 66 65 66 66 66 66 66 66 65 65 66 66 65 65 66
    66 67 66 65 65 64 63 64 64 65 64 64 64 63 63 64 63 63 64 63 63 63 63
    63 63 64 64 63 63 63 63 63 64 63 63 63 63 62 63 63 63 63 62 62 62 63
    63 62 63 63 63 63 62 63 63 64 64 64 65 66 65 64 65 66 66 66 65 65 65
    66 66 67 66 66 66 66 66 65 65 66 65 65 66 65 65 66 66 66 67 67 67 66
    66 66 66 66 66 67 68 67 67 67 67 67 67 67 67 68 66 65 65 65 65 65 65
    65 66 66 66 66 65 65 65 64 64 64 63 62 62 63 64 64 63 64 64 64 63 63
    62 63 62 63 63 63 63 62 63 63 64 64 63 65 65 66 65 65 65 64 65 66 65
    65 65 64 64 64 65 65 65 65 65 66 66 67 66 66 65 65 66 65 65 66 65 65
    66 66 66 65 65 66 65 64 64 64 63 63 65 65 65 65 66 66 66 66 66 66 65
    65 65 65 64 65 65 64 63 63 63 62 62 62 62 62 61 60 61 60 60 61 62 62
    62 62 62 62 62 63 63 63 64 64 65 65 65 65 65 65 65 65 65 65 65 65 65
    65 65 66 66 66 66 65 65 64 64 65 64 65 65 64 64 64 63 64 63 63 64 63
    64 64 64 64 64 64 64 64 63 63 63 63 64 63 64 64 63 63 63 63 63 63 62
    62 62 62 62 62 62 63 62 62 62 62 63 63 63 63 64 65 65 64 64 66 65 66
    65 65 65 66 66 67 66 67 66 66 67 65 66 66 65 66 67 66 65 66 65 66 66
    67 67 66 66 66 66 66 66 67 68 67 66 67 66 66 67 67 67 68 66 66 65 65
    65 65 65 65 65 66 65 65 65 65 65 65 65 64 64 63 62 64 64 65 64 65 65
    65 65 64 64 64 64 65 65 65 65 64 64 65 65 66 65 67 66 67 66 66 66 65
    66 66 66 65 66 65 65 65 66 66 65 66 66 66 67 67 66 66 65 66 66 65 65
    66 65 65 66 65 66 65 65 66 65 64 64 64 64 64 65 66 66 66 66 66 66 66
    66 66 65 65 64 65 64 64 65 64 63 62 62 62 62 61 62 62 61 60 60 60 60
    61 61 61 61 62 62 62 62 62 63 63 63 63 64 65 64 65 65 65 65 65 65 65
    65 65 65 64 65 66 66 66 66 66 65 64 64 65 64 65 65 64 64 63 63 63 63
    63 64 63 64 64 64 64 64 65 65 64 64 64 63 64 64 64 64 64 64 63 64 64
    64 64 63 62 62 63 62 62 62 62 62 62 62 62 63 63 63 63 64 64 64 63 64
    65 64 64 64 64 64 65 65 66 65 66 65 66 66 64 64 65 64 65 66 65 65 66
    65 65 65 66 66 65 64 65 65 64 64 65 66 66 65 65 65 65 66 66 66 67 66
    65 64 64 65 64 64 65 65 65 65 65 65 65 65 65 65 64 64 64 63 64 64 65
    65 65 65 65 65 65 64 65 64 66 65 65 65 65 65 65 65 66 66 67 67 67 66
    66 66 65 65 66 66 66 66 65 65 66 67 66 66 67 67 67 67 67 67 66 66 66
    66 66 65 66 65 65 66 65 65 65 65 66 64 63 63 64 64 64 65 65 65 65 66
    65 66 66 66 66 65 65 64 65 64 64 64 64 63 62 62 62 62 62 62 62 62 61
    61 60 60 61 61 61 62 62 62 62 62 63 64 64 63 64 65 65 64 65 66 65 66
    66 66 65 66 65 65 65 65 66 66 65 66 66 65 64 64 65 64 65 65 64 64 63
    63 63 62 63 63 62 63 63 63 62 62 63 63 62 62 62 62 62 63 63 64 64 63
    63 63 64 64 64 63 63 63 63 63 63 63 63 63 63 63 63 63 63 63 63 64 64
    63 63 63 64 63 64 63 63 64 64 65 65 65 66 65 66 66 64 65 65 65 66 66
    66 65 66 65 66 66 66 66 66 65 65 65 65 65 65 66 66 65 65 65 65 65 66
    66 67 66 66 65 65 65 64 64 64 65 65 65 65 65 65 65 65 65 64 64 63 62
    63 64 64 64 64 65 65 65 64 64 65 64 65 65 65 65 65 65 66 66 67 66 66
    66 66 66 66 66 65 65 66 65 65 65 65 65 65 67 66 66 67 67 66 66 66 66
    66 65 65 66 65 65 65 65 65 65 65 65 65 64 65 64 63 63 64 64 64 65 65
    65 65 66 65 66 66 66 65 64 65 64 65 64 64 64 64 63 62 62 62 62 62 62
    62 62 61 61 61 60 61 61 62 62 63 63 62 62 63 64 63 63 64 65 65 65 66
    66 65 66 66 66 66 66 66 65 65 65 66 66 66 66 66 66 65 64 65 65 65 65
    65 65 64 64 63 63 63 63 63 63 63 63 63 62 63 63 62 61 61 61 61 62 62
    63 63 63 62 62 63 63 63 63 63 63 63 63 63 63 64 64 64 64 64 64 63 63
    64 64 64 63 62 63 63 63 64 63 63 64 64 64 64 64 64 64 64 64 63 64 64
    63 64 65 65 64 65 64 65 64 65 65 64 64 64 64 64 64 65 65 65 64 64 65
    65 65 65 65 66 65 65 65 65 65 64 64 64 65 65 65 65 65 65 66 66 66 65
    64 64 62 64 64 65 65 65 65 65 65 65 64 65 65 65 65 65 65 65 65 66 66
    67 67 66 66 66 65 65 65 64 65 65 65 65 65 65 65 65 67 66 66 67 67 66
    66 66 66 66 66 66 66 66 65 66 65 66 66 65 65 65 64 65 64 64 64 64 64
    64 65 65 65 65 66 65 66 66 66 66 65 65 65 65 64 64 65 64 64 63 63 62
    63 62 63 62 62 61 61 61 61 61 62 62 63 63 63 63 62 63 64 63 63 63 65
    64 65 65 65 65 65 65 65 65 65 65 64 64 64 65 65 65 65 65 65 64 63 64
    64 64 64 64 64 63 63 63 63 64 64 64 64 63 63 63 62 63 63 63 62 62 62
    62 63 63 63 63 63 62 63 63 63 63 63 63 63 63 63 62 63 63 63 64 63 63
    63 63 63 63 64 64 63 62 62 63 63 63 63 63 63 63 63 64 63 63 63 63 64
    63 63 64 63 64 65 64 64 64 64 64 64 65 65 64 64 64 64 63 64 64 65 64
    64 64 64 64 65 65 65 66 65 65 64 64 65 64 64 64 65 65 65 65 65 66 66
    66 66 65 65 64 63 63 64 64 64 65 65 65 65 65 64 65 65 65 65 65 65 65
    65 66 66 67 67 66 65 65 65 65 65 64 65 65 65 65 65 65 65 65 67 66 66
    67 67 67 66 66 66 66 66 66 66 65 65 65 65 65 65 65 65 64 64 64 63 63
    63 64 64 63 64 65 64 64 65 64 65 65 65 65 64 64 64 64 63 64 64 64 63
    63 63 62 63 63 63 63 62 62 62 62 62 62 62 63 63 64 63 63 62 64 64 63
    64 63 65 64 64 65 65 65 65 64 65 65 65 64 64 64 64 65 65 65 65 66 65
    64 64 65 64 64 64 64 64 64 64 63 63 64 64 64 64 64 63 63 62 63 63 63
    62 62 62 62 63 63 63 63 63 62 62 63 63 63 63 62 62 63 63 63 63 64 64
    64 64 64 64 63 63 64 64 64 63 62 62 63 63 63 63 63 63 64 64 64 63 64
    63 64 64 64 64 65 64 65 66 65 65 65 65 65 65 65 65 64 64 64 64 63 64
    64 65 64 64 64 64 64 65 65 65 66 65 65 65 65 65 65 65 65 66 66 66 66
    66 66 66 66 66 65 65 64 63 64 64 64 64 64 64 65 65 65 64 65 65 66 65
    66 65 65 65 66 66 67 67 66 66 66 66 66 66 65 66 66 66 65 66 65 65 65
    66 66 66 67 67 66 65 66 65 65 65 65 65 65 65 65 65 65 65 65 65 64 64
    64 63 63 63 64 64 64 65 65 65 64 65 64 65 65 64 64 64 64 63 64 63 63
    64 63 63 62 62 62 62 62 63 62 62 61 62 61 61 62 62 63 63 64 63 63 62
    63 64 64 65 64 66 65 65 66 66 66 66 66 66 66 66 65 65 65 65 66 65 66
    66 66 66 65 64 65 65 65 65 64 65 64 64 64 63 64 64 65 64 64 63 63 62
    63 63 62 61 62 61 62 63 62 63 63 62 62 62 62 62 63 62 62 62 62 62 62
    63 63 63 63 63 63 63 63 63 64 64 64 63 62 62 63 63 63 63 63 63 64 64
    64 63 64 64 64 64 63 64 64 64 65 65 65 65 65 64 65 64 65 65 64 63 64
    64 63 63 64 64 64 63 63 64 64 64 64 64 65 64 64 64 64 64 64 64 64 65
    65 65 65 65 65 66 66 65 65 65 64 63 63 64 64 64 64 64 65 65 65 65 66
    66 66 66 67 66 66 66 67 67 68 68 66 66 66 65 65 65 64 66 65 65 65 65
    65 65 64 66 65 65 66 66 65 65 65 65 64 64 65 65 64 64 64 64 64 64 64
    64 64 63 64 63 63 63 64 64 63 64 65 64 64 65 64 65 65 64 64 64 64 63
    64 63 63 63 63 62 62 63 62 62 62 63 62 62 61 62 61 61 61 62 63 63 64
    63 63 62 64 64 64 65 65 66 65 66 66 67 66 66 66 66 66 66 66 65 65 65
    66 66 66 66 67 66 65 65 65 65 65 65 65 65 64 64 64 64 65 65 65 65 64
    64 63 62 62 62 62 61 61 61 61 62 62 63 63 62 61 62 62 62 63 62 62 62
    62 63 62 63 63 63 63 63 63 63 63 63 63 64 64 62 61 62 62 63 63 63 62
    63 63 64 64 63 63 63 63 63 63 63 64 63 64 65 65 64 64 64 64 64 65 65
    64 63 64 64 63 64 64 65 64 64 64 64 64 64 65 64 65 64 64 64 63 64 64
    63 63 64 64 63 63 64 64 65 65 64 64 64 63 62 63 63 63 63 64 64 64 65
    65 65 66 66 66 66 66 66 66 66 67 67 68 68 65 65 65 65 65 65 64 66 66
    65 65 65 65 65 65 66 65 65 66 66 66 65 66 65 65 65 65 65 65 65 65 65
    65 65 65 65 65 64 65 64 63 64 64 64 64 65 65 65 64 65 64 65 65 64 64
    63 63 62 63 62 62 63 62 62 62 63 62 62 62 62 62 62 60 61 61 61 61 62
    62 63 63 63 63 62 63 63 63 64 64 65 65 65 66 67 66 66 66 67 66 67 66
    66 66 66 67 66 66 67 67 66 65 65 65 64 65 65 65 65 64 64 64 63 64 64
    64 64 64 63 63 62 62 62 62 61 61 61 61 62 62 62 62 62 61 62 62 63 63
    63 63 63 63 63 63 64 64 64 64 64 63 64 64 64 64 64 64 63 62 62 63 63
    63 63 63 63 64 64 65 64 64 64 64 65 64 65 65 65 66 66 66 66 65 65 65
    65 65 65 64 63 64 64 63 63 64 64 63 63 63 63 64 64 64 64 65 64 64 64
    64 64 64 64 63 64 64 64 64 64 64 64 65 64 64 64 63 62 63 63 63 63 64
    64 65 65 65 65 66 66 66 66 66 66 66 67 67 67 68 69 65 65 64 64 64 64
    63 65 65 65 64 65 64 64 64 66 65 64 65 65 65 64 65 65 64 64 65 65 64
    64 64 64 64 65 65 65 64 64 64 64 63 64 64 64 64 64 65 64 64 65 64 64
    64 64 63 63 62 62 62 62 62 62 62 62 62 62 61 61 61 62 61 61 60 61 61
    61 61 61 62 63 64 63 63 62 63 64 64 64 65 66 66 66 67 67 66 66 66 67
    66 67 66 65 66 65 66 65 66 66 66 66 65 64 64 64 65 65 64 64 63 63 63
    63 64 64 64 64 63 63 62 62 62 62 61 61 61 61 61 62 62 63 63 62 62 62
    63 63 63 63 63 63 63 63 63 63 64 64 64 64 63 64 63 63 63 64 64 63 62
    62 63 63 63 63 63 64 64 65 65 64 64 65 65 65 65 65 65 64 66 66 66 66
    65 64 65 65 65 65 64 63 64 63 63 63 63 64 63 63 63 63 64 64 65 65 66
    65 65 64 64 64 65 64 64 65 65 65 65 65 65 65 65 64 64 64 63 63 63 63
    63 63 64 64 65 65 65 65 66 66 66 66 67 67 67 67 68 67 68 69 65 65 65
    65 65 64 63 65 65 65 65 65 65 65 65 66 66 65 66 66 65 65 65 65 64 65
    65 66 65 65 65 65 65 65 66 66 65 64 65 64 63 64 65 64 64 64 64 64 63
    64 63 64 64 63 63 62 62 62 62 61 62 62 61 62 62 62 62 61 61 62 61 61
    60 61 61 61 61 61 62 63 64 64 64 63 64 64 64 65 65 66 66 66 67 67 66
    67 67 67 66 67 66 65 65 65 66 65 65 66 66 65 64 64 64 64 64 64 64 64
    63 64 63 63 64 64 64 64 64 64 63 62 63 62 62 62 62 61 62 62 62 63 63
    62 62 63 63 63 64 63 64 64 64 64 64 64 64 64 65 64 63 64 63 63 64 64
    64 63 62 62 63 63 63 63 63 63 64 64 65 64 64 65 65 65 64 65 65 64 65
    65 65 65 65 64 64 64 64 64 63 62 63 62 62 62 63 63 62 62 63 63 63 63
    63 64 64 64 64 64 64 64 64 64 64 64 64 64 64 64 65 65 66 65 65 64 64
    63 63 63 63 63 64 64 64 65 65 64 65 65 66 65 65 65 66 66 66 66 67 67
    64 65 64 65 65 64 63 65 65 66 65 66 65 65 65 67 66 66 66 67 65 65 66
    65 65 65 65 66 65 66 65 65 65 66 66 66 65 64 65 64 63 64 64 64 64 64
    64 63 63 64 63 63 63 63 62 62 62 62 62 61 62 62 62 62 62 63 62 62 62
    63 62 62 61 62 61 62 62 62 63 64 64 64 64 63 64 64 64 65 66 67 66 66
    67 67 66 67 67 67 66 67 66 65 65 65 66 65 65 66 66 65 65 64 64 64 65
    65 65 65 64 64 64 64 65 65 65 65 64 64 63 62 62 62 62 61 62 61 61 62
    62 62 63 62 62 62 62 63 63 63 64 64 64 64 64 64 64 64 64 64 63 64 63
    63 64 64 64 63 62 62 63 63 63 64 63 63 64 65 65 65 65 65 65 65 64 65
    64 64 65 65 65 65 65 64 64 64 64 64 63 62 63 62 62 62 62 63 62 62 63
    63 63 63 63 64 65 64 65 64 64 64 64 64 64 65 65 65 65 65 65 65 66 65
    65 65 64 63 63 63 63 63 64 64 65 65 65 65 66 65 66 66 66 66 67 67 67
    66 67 68 64 64 63 64 64 63 63 65 65 66 65 66 65 65 65 67 66 66 66 67
    66 65 66 66 65 66 66 67 66 66 65 65 65 65 65 65 64 64 65 63 63 63 64
    63 63 63 62 62 62 62 62 62 62 62 62 61 61 60 61 60 61 61 61 61 61 62
    61 61 62 62 61 61 61 62 61 61 62 62 63 64 65 65 64 64 65 65 65 66 66
    67 67 66 67 67 67 67 67 66 66 66 65 64 64 64 65 64 65 65 65 64 64 64
    64 64 64 64 64 64 64 64 64 64 65 65 64 64 64 63 63 62 62 63 62 62 62
    62 62 62 62 63 64 63 63 63 63 64 64 64 64 65 64 64 64 64 64 64 64 64
    63 64 63 63 64 64 64 63 62 62 62 63 63 64 63 64 64 65 65 64 65 65 65
    65 65 65 64 64 65 66 66 66 65 64 64 64 64 64 64 63 63 63 63 62 62 63
    62 63 63 63 63 63 63 64 64 64 64 64 64 64 64 64 65 65 65 65 65 65 65
    65 65 65 65 65 64 63 63 63 64 63 64 64 64 65 65 65 65 65 65 65 65 66
    66 66 66 65 66 67 64 64 63 64 64 63 63 64 64 65 65 65 64 65 64 66 66
    65 66 67 66 66 67 66 66 67 67 67 67 67 66 66 66 67 67 67 65 65 65 64
    64 64 65 64 63 63 63 63 62 63 62 62 62 62 62 62 62 61 61 61 61 61 61
    61 61 62 62 62 62 63 62 62 61 62 61 61 62 62 63 64 64 64 64 63 64 65
    64 65 65 66 65 65 66 66 65 66 66 66 65 65 65 64 64 64 65 64 64 65 65
    64 64 64 64 64 64 64 64 64 64 64 64 64 65 65 64 65 64 64 63 62 63 63
    62 61 61 61 61 62 62 63 63 62 62 62 62 63 63 63 64 64 64 64 63 64 64
    64 64 64 64 64 64 63 64 65 64 63 63 63 63 63 64 64 64 64 64 65 65 65
    65 65 66 65 65 65 65 65 66 66 67 66 66 65 65 65 65 65 64 64 64 63 63
    63 63 63 63 63 63 63 64 63 63 63 64 64 64 64 64 64 65 64 65 65 65 65
    66 65 66 66 66 65 65 66 65 64 64 64 65 65 65 64 65 65 66 65 66 65 65
    65 65 65 66 65 66 65 66 67 64 63 63 64 64 63 63 64 64 65 64 65 64 65
    64 66 66 65 66 67 66 65 66 66 65 66 66 67 66 67 66 66 65 66 66 66 65
    64 64 63 63 63 64 63 62 62 62 62 61 61 61 61 61 61 61 61 61 61 61 60
    60 60 60 60 60 61 61 61 61 62 61 61 60 61 60 60 60 61 62 63 63 63 63
    63 64 64 63 64 65 65 65 65 65 66 65 65 65 65 65 65 65 64 64 64 65 65
    65 66 66 65 65 65 65 65 65 65 65 65 65 66 66 65 66 66 65 65 65 64 63
    63 63 63 62 61 62 61 61 62 61 62 62 62 62 62 62 63 63 63 64 64 64 64
    64 64 65 65 65 65 64 65 64 64 64 65 65 64 63 64 64 64 64 65 64 64 65
    65 65 65 65 66 66 66 66 65 65 65 66 66 67 66 66 64 64 64 65 64 64 63
    63 63 62 62 62 62 62 63 63 63 63 62 62 63 64 64 64 64 64 64 65 64 65
    65 66 66 66 66 66 67 66 66 66 66 66 65 65 65 65 65 66 65 66 66 66 66
    66 65 66 65 65 65 66 65 66 65 66 67 63 62 63 63 63 62 62 63 63 64 63
    64 64 64 64 65 65 64 65 66 65 65 65 65 65 66 66 66 65 66 65 65 65 66
    65 66 64 64 64 63 63 64 65 63 63 63 62 62 62 62 61 62 62 61 61 61 61
    61 61 60 61 61 60 60 60 61 61 61 61 62 61 61 61 62 61 61 61 61 62 63
    63 63 63 63 64 64 63 64 65 66 65 65 65 66 65 65 66 66 66 66 65 64 65
    65 65 65 65 66 66 66 65 65 65 65 65 65 65 65 65 65 66 65 66 66 66 66
    65 64 63 63 63 63 62 62 61 61 61 62 61 62 62 61 61 62 62 62 62 62 63
    64 64 64 63 64 64 65 65 66 64 66 65 65 65 66 65 64 64 64 64 64 65 65
    65 64 65 66 65 64 65 66 66 66 65 66 65 65 66 67 68 67 67 65 65 65 65
    65 64 64 64 63 62 62 62 62 62 62 62 62 62 61 61 62 63 63 64 64 64 64
    65 65 65 65 66 66 66 66 67 67 67 66 67 67 66 66 65 65 65 65 65 65 65
    66 66 66 66 65 66 65 65 65 66 65 66 65 66 67 63 63 63 64 64 63 63 64
    64 64 64 64 64 64 63 64 65 64 65 66 65 65 65 65 64 65 65 65 65 66 65
    65 65 65 65 65 64 63 63 63 63 63 64 63 62 62 62 62 61 62 61 61 61 61
    61 61 61 61 61 61 61 61 61 61 61 62 62 62 62 63 62 62 62 62 62 62 62
    62 63 63 64 63 63 63 64 64 63 64 65 65 65 65 65 66 65 65 66 66 66 65
    65 64 65 65 65 65 65 66 66 66 66 66 65 65 65 65 66 66 66 66 66 66 66
    66 66 66 65 65 64 64 64 64 63 63 62 62 62 62 62 62 62 62 62 63 62 63
    63 64 64 65 65 64 64 65 65 66 66 67 66 67 67 66 67 67 66 65 64 64 65
    64 65 65 65 65 65 66 65 65 65 65 65 65 66 66 66 66 67 68 68 67 67 66
    66 65 66 65 65 64 64 63 63 62 62 62 61 62 62 62 62 61 61 62 63 63 64
    64 64 64 65 65 65 65 65 66 66 66 66 67 66 66 66 66 65 65 64 64 64 64
    65 64 65 65 65 65 65 65 65 64 64 64 65 65 65 65 66 67 64 64 64 65 64
    63 63 65 64 65 65 65 64 65 64 65 65 64 65 66 65 65 65 65 64 66 66 65
    65 66 65 65 64 65 65 65 64 64 64 63 63 64 64 63 63 63 62 61 61 61 60
    61 61 61 61 60 60 60 60 60 60 60 60 60 60 61 61 61 62 62 62 62 61 62
    61 61 61 61 63 63 64 63 63 63 63 64 63 64 64 64 64 64 64 65 64 65 65
    65 65 64 64 63 64 64 65 65 65 66 66 66 66 66 65 66 66 66 66 66 67 67
    67 67 67 67 67 67 66 66 65 65 65 64 63 63 63 63 62 62 62 63 63 62 62
    63 62 63 62 63 64 64 64 64 64 64 65 65 66 66 65 66 65 65 65 65 65 64
    63 64 64 63 64 64 64 64 64 65 65 64 64 65 65 65 65 66 66 66 67 67 68
    67 67 65 65 65 65 64 64 63 63 62 62 62 62 61 60 61 61 61 61 61 61 61
    63 63 64 63 64 64 65 65 65 65 65 65 66 66 66 66 66 65 66 66 65 64 64
    64 64 64 65 64 64 65 65 65 65 64 65 64 64 65 65 65 65 65 66 66 65 64
    64 65 65 64 64 65 64 65 65 66 65 66 65 66 66 65 65 66 66 65 65 65 65
    66 66 66 65 65 64 64 64 65 65 65 64 64 64 63 63 64 64 64 64 64 62 62
    62 62 62 62 62 62 62 62 61 61 61 61 61 61 61 61 61 61 61 62 62 63 62
    62 61 62 61 61 62 62 63 64 64 64 63 63 64 64 63 64 65 65 64 65 65 66
    65 66 66 66 65 65 64 64 65 65 66 65 65 66 66 66 67 66 66 66 65 66 66
    66 66 67 67 67 67 66 66 66 66 65 64 64 64 63 62 63 63 62 62 62 62 63
    63 62 62 63 63 63 63 63 64 64 64 64 64 65 65 65 65 66 65 66 65 64 64
    65 64 63 63 63 64 64 64 64 64 64 65 65 65 65 65 65 65 65 66 66 66 66
    67 68 68 67 67 65 65 64 65 64 63 63 63 62 62 62 62 61 61 61 61 61 62
    60 61 61 62 62 63 63 64 63 65 64 65 64 64 65 66 65 66 66 66 65 66 66
    65 64 64 64 64 64 64 63 64 64 65 65 65 64 64 64 63 64 65 64 65 65 65
    66 65 65 65 65 65 63 64 65 64 65 65 66 65 66 65 65 66 65 65 66 66 65
    65 65 65 66 66 66 65 66 65 65 64 65 65 66 65 64 64 64 64 64 64 64 64
    64 63 62 62 62 62 62 63 63 62 62 62 62 61 61 61 61 61 61 61 61 61 62
    63 63 63 63 61 62 61 61 62 62 63 64 64 64 63 63 64 64 63 64 64 64 64
    64 64 66 65 66 66 66 65 65 64 63 64 64 65 65 65 66 66 66 67 66 65 65
    65 65 65 65 65 66 66 66 67 67 66 66 65 65 64 64 64 63 63 63 63 62 62
    62 62 63 63 63 63 63 63 63 63 63 64 64 64 64 64 64 64 64 65 65 65 66
    64 64 64 64 63 63 62 63 64 63 64 64 64 64 65 65 65 65 65 66 66 66 66
    67 67 67 68 69 69 68 68 66 66 65 66 65 65 64 64 63 63 62 62 62 61 62
    61 62 62 61 61 61 62 62 63 63 63 63 64 64 64 64 64 65 66 65 66 66 66
    65 66 66 65 65 64 64 64 63 64 63 64 64 64 64 64 63 63 63 63 63 63 63
    63 63 64 64 64 64 63 64 63 62 62 64 63 64 64 65 64 65 64 65 66 64 65
    65 65 64 64 64 64 66 66 65 65 65 64 64 64 65 64 65 64 63 64 64 64 64
    65 64 64 64 63 63 63 62 62 63 63 63 62 62 62 62 61 61 61 61 61 61 61
    61 62 62 63 63 63 63 62 62 62 62 62 62 63 64 65 64 64 64 64 64 63 64
    64 64 63 64 64 65 65 65 66 65 65 64 64 63 64 64 65 64 65 66 66 66 67
    66 65 65 65 65 65 65 65 66 66 66 66 66 65 65 64 64 63 63 63 63 62 63
    63 62 63 62 62 63 63 63 63 64 63 63 64 63 64 65 65 64 64 64 64 64 65
    65 65 66 64 65 64 64 64 63 62 62 63 63 63 63 64 64 65 65 65 65 65 66
    66 66 66 67 67 67 68 69 69 68 68 67 66 65 66 65 64 64 63 62 62 62 62
    61 61 61 61 61 61 60 60 61 61 61 62 62 63 63 64 64 64 64 64 65 65 65
    65 66 65 65 66 66 65 65 64 64 64 64 64 63 64 64 64 64 64 63 63 63 63
    63 63 63 63 63 63 64 64 64 63 64 63 62 62 64 63 64 64 64 64 64 64 64
    65 64 64 65 65 63 64 64 64 66 66 65 65 65 64 65 64 65 65 65 65 64 64
    64 65 65 65 65 64 64 63 63 62 62 62 62 62 62 61 62 61 61 61 61 61 60
    61 61 61 61 62 62 64 64 63 63 62 63 62 63 62 63 64 64 65 65 64 64 64
    64 63 63 64 64 63 64 64 65 65 65 66 65 65 64 64 63 64 64 65 65 65 67
    67 67 67 66 65 65 65 65 65 65 65 66 66 66 66 66 66 65 64 64 63 63 63
    63 63 64 64 63 63 63 63 64 64 63 64 64 64 64 65 65 66 66 66 65 65 65
    65 64 65 65 65 66 64 65 64 64 63 63 62 62 63 62 63 63 64 64 65 65 65
    65 65 65 65 65 65 66 66 67 67 68 68 68 68 67 66 65 66 65 65 64 63 62
    62 62 62 62 62 61 62 62 61 61 61 61 62 62 62 62 63 63 64 64 65 64 64
    65 66 66 66 66 66 65 66 66 65 65 64 64 64 64 64 64 64 64 64 64 64 63
    63 62 62 62 63 62 62 62 63 64 64 64 63 64 63 62 62 63 63 64 64 64 64
    64 63 64 64 63 63 64 64 63 63 64 63 65 65 65 65 65 64 64 64 65 65 66
    65 64 64 64 65 65 66 65 64 64 63 62 62 62 62 62 62 62 61 62 62 62 61
    61 61 61 61 61 61 62 62 63 64 64 63 64 63 63 64 64 63 63 65 65 65 65
    65 65 65 65 64 65 65 65 64 65 65 66 66 66 66 66 66 65 65 64 65 65 65
    65 65 67 66 66 67 66 65 65 65 65 65 65 65 66 66 66 66 66 66 65 65 64
    63 63 63 63 63 64 64 64 64 64 63 64 64 63 64 64 64 64 64 65 65 66 66
    65 65 65 65 64 65 65 64 65 64 65 64 64 63 63 62 62 63 63 62 63 63 63
    64 65 65 65 65 65 65 65 65 66 66 67 67 68 68 67 68 67 66 66 67 66 66
    64 64 63 63 63 63 63 63 62 62 62 62 62 62 62 62 62 63 63 63 63 64 64
    65 64 64 65 65 65 66 66 65 65 65 66 65 64 64 63 63 63 63 63 63 63 64
    64 64 63 63 62 62 62 63 62 62 62 63 63 64 63 63 64 63 62 62 63 63 64
    64 64 64 64 63 64 64 63 63 63 64 62 64 63 64 65 65 65 65 65 64 64 64
    65 65 66 65 64 64 65 65 65 66 65 65 64 63 63 63 63 62 63 62 62 61 61
    61 61 61 61 61 61 60 61 60 61 62 63 64 64 63 63 63 63 64 64 64 64 65
    65 66 65 65 65 65 65 64 64 65 64 64 65 65 66 66 65 66 66 65 65 65 64
    65 65 65 65 66 67 66 67 67 66 65 66 66 65 66 65 66 66 66 66 67 66 66
    66 66 65 65 65 65 64 64 65 65 64 65 64 64 65 65 64 65 65 64 65 65 65
    65 66 66 65 65 65 65 64 64 65 65 66 64 65 64 64 64 64 63 63 64 63 63
    63 64 64 64 65 65 65 65 65 65 65 65 65 66 66 66 67 67 66 66 65 65 65
    66 65 65 64 63 62 63 63 63 62 62 61 61 62 62 61 61 61 62 62 62 62 62
    63 64 64 64 64 63 64 65 65 66 66 66 65 66 66 66 66 65 64 64 64 64 63
    63 63 64 64 64 63 63 62 62 62 62 61 61 61 62 62 64 63 63 64 63 61 62
    64 63 64 63 64 64 64 63 63 64 63 63 64 64 63 64 64 64 66 66 66 65 65
    65 65 65 65 65 66 65 65 65 65 66 66 66 66 65 64 63 63 63 63 63 63 63
    62 61 61 61 61 61 60 60 60 60 60 60 61 62 62 64 63 62 62 62 63 63 63
    64 64 65 65 65 65 65 65 65 65 64 64 65 64 64 65 65 66 66 65 66 65 65
    64 64 64 64 64 65 64 65 66 65 65 66 65 63 64 64 64 64 64 65 65 66 65
    65 65 65 65 65 65 64 64 65 64 64 66 66 65 65 65 65 65 65 65 66 66 65
    66 66 66 67 67 67 66 65 66 65 64 64 65 65 66 65 65 64 64 64 63 63 63
    63 63 62 63 64 63 64 64 65 65 65 65 65 65 65 65 66 66 66 67 67 66 67
    66 65 65 66 66 65 64 63 63 63 63 63 62 62 62 62 62 62 62 62 62 62 62
    63 63 63 63 64 64 65 64 64 65 65 65 66 66 65 65 66 66 65 65 64 64 63
    63 63 63 63 63 64 64 63 62 63 62 62 62 62 62 62 62 62 62 64 63 63 64
    63 62 62 63 63 64 64 64 64 64 63 63 64 63 63 64 64 63 64 64 64 66 66
    66 65 65 64 65 64 65 65 66 66 65 65 65 66 66 67 66 65 65 63 63 63 63
    63 63 62 62 61 61 61 61 60 60 60 60 60 60 60 60 61 61 63 63 62 62 62
    63 62 63 63 63 64 64 65 64 63 64 63 64 63 64 64 63 63 64 64 65 65 65
    66 65 65 64 64 64 65 64 65 65 65 66 65 65 66 65 64 65 65 64 64 64 65
    65 65 65 65 65 65 65 65 64 64 64 64 63 63 65 65 64 64 64 64 65 64 64
    65 66 65 65 66 65 66 67 67 66 66 66 65 65 65 65 65 66 65 65 64 64 64
    64 64 63 64 63 63 63 64 64 64 65 66 66 66 66 66 66 66 67 67 67 67 68
    68 67 67 66 66 66 66 66 65 64 63 62 63 63 63 62 62 62 61 62 62 62 62
    62 62 62 62 62 63 63 64 64 64 63 63 64 64 64 65 65 64 64 64 64 64 64
    63 63 62 63 62 62 63 62 63 63 63 62 63 62 62 62 62 62 62 62 62 62 62
    61 61 62 62 60 60 62 62 63 62 63 63 63 62 63 64 62 63 63 64 63 64 64
    64 66 66 67 66 65 64 65 64 65 65 66 66 65 65 66 66 66 66 66 65 64 63
    63 63 63 62 63 62 62 62 62 61 61 61 60 60 60 60 60 60 60 61 61 63 63
    62 62 61 62 62 62 62 62 63 64 64 64 63 63 63 64 63 63 64 63 63 65 64
    66 66 65 67 66 65 65 65 65 65 65 65 65 65 66 65 65 65 65 64 64 64 63
    64 63 64 64 65 64 64 64 64 64 64 64 63 63 64 63 63 64 64 63 64 64 64
    64 64 64 65 66 65 65 65 65 66 67 67 66 66 66 65 65 65 65 65 66 65 65
    65 64 64 64 64 63 64 63 63 63 64 64 64 65 66 66 66 66 66 65 65 66 66
    67 67 67 67 67 67 66 65 65 66 65 65 64 63 63 63 63 63 63 63 62 62 63
    63 62 62 62 63 63 63 63 63 63 64 63 64 63 63 64 64 63 64 64 64 63 64
    64 64 64 63 63 63 63 63 63 63 63 64 64 63 63 63 63 63 63 64 63 63 63
    63 63 63 61 62 62 62 61 61 62 62 63 63 64 63 63 63 63 64 62 63 64 64
    63 64 64 65 66 66 66 66 65 64 65 64 65 65 66 66 65 66 66 66 66 66 65
    65 64 63 62 63 62 62 62 62 62 62 61 61 61 61 60 60 61 60 60 60 61 62
    62 64 63 62 62 62 63 63 63 63 63 64 64 65 64 63 64 64 64 63 63 63 63
    63 64 64 65 65 65 66 66 65 64 64 64 64 64 64 64 65 65 65 65 65 65 63
    64 64 63 63 63 64 64 64 64 63 64 63 64 64 63 63 63 63 63 63 65 64 64
    64 65 64 65 65 65 66 66 66 66 66 66 67 69 69 67 67 67 66 66 66 66 66
    66 65 65 65 64 64 64 63 62 63 62 62 62 63 63 63 64 65 65 65 65 65 65
    65 65 66 66 67 67 67 67 67 65 65 65 66 65 65 64 64 62 63 63 63 63 62
    62 61 62 62 62 62 62 63 63 63 62 63 63 63 63 64 63 62 63 64 63 65 65
    64 64 64 65 64 64 64 64 63 63 63 63 64 63 64 64 63 63 63 62 62 62 63
    62 62 61 62 61 63 62 62 63 62 61 61 63 63 64 63 64 64 64 63 63 64 63
    63 64 64 63 64 65 65 66 66 66 66 66 65 65 64 65 65 66 66 66 66 66 67
    67 67 66 66 65 64 64 64 63 63 63 63 63 62 62 61 61 61 60 61 61 60 60
    60 61 62 62 63 62 62 62 62 63 63 63 63 63 64 65 65 65 64 64 63 64 63
    63 64 63 64 64 64 65 65 65 66 65 64 64 64 63 64 64 64 64 65 65 65 65
    65 64 63 64 64 63 63 62 63 64 64 63 63 63 63 63 63 63 62 63 63 63 63
    65 64 64 64 65 64 65 65 65 66 67 66 67 66 67 68 69 69 67 67 67 66 66
    65 65 65 66 64 65 64 63 63 63 63 62 63 62 61 63 63 63 63 64 64 65 65
    65 65 65 65 66 66 67 66 67 67 66 66 65 64 65 65 64 64 63 63 62 62 62
    63 62 62 61 61 61 62 62 62 62 62 63 63 62 63 63 64 64 65 64 63 64 64
    64 65 65 65 64 65 65 65 65 65 64 64 64 64 63 64 63 64 64 63 63 64 63
    62 62 63 62 62 61 61 61 63 61 61 62 63 62 62 63 63 63 63 64 64 64 63
    63 64 63 63 64 64 63 64 64 64 65 65 66 65 65 64 65 63 64 65 66 66 65
    66 66 67 66 67 66 65 64 64 63 63 63 63 63 63 63 62 62 62 62 61 61 61
    61 61 61 61 61 62 62 63 63 62 62 62 63 64 63 63 63 64 64 65 64 63 64
    63 63 63 63 63 63 63 64 64 65 65 64 66 65 64 64 64 64 64 64 64 65 65
    65 65 65 66 65 64 65 64 63 63 63 64 64 65 64 63 63 63 63 63 63 63 63
    63 63 63 64 64 63 64 64 64 65 65 65 66 67 67 67 67 67 67 68 68 66 66
    66 65 65 65 65 65 65 64 64 63 63 62 63 62 62 63 62 62 63 64 63 63 64
    64 64 65 65 65 65 64 65 65 66 65 66 66 66 66 65 64 64 65 64 64 63 63
    62 62 62 63 63 62 61 61 62 62 62 61 61 62 62 62 62 63 63 63 63 64 63
    63 63 64 63 64 65 64 64 64 65 65 65 65 64 64 64 64 63 63 63 63 63 63
    63 64 63 63 63 63 62 61 61 61 60 63 62 62 63 63 63 63 64 63 64 63 64
    64 64 63 63 64 63 64 65 65 64 65 65 65 66 66 66 66 66 65 66 65 65 65
    67 67 66 66 66 67 67 67 66 66 65 64 63 64 63 63 64 63 63 63 63 63 62
    62 61 62 62 61 62 61 61 62 62 63 63 62 62 62 63 63 63 63 63 64 64 64
    64 63 63 63 63 63 62 63 62 62 63 63 64 64 64 65 64 64 63 63 63 63 64
    64 64 65 65 65 66 66 66 65 65 65 64 64 64 65 65 66 65 65 65 64 64 64
    64 64 64 64 64 65 65 65 65 65 65 65 66 66 66 67 68 67 67 67 67 68 68
    68 67 66 66 65 65 64 65 64 65 63 63 63 62 61 62 62 61 62 61 61 62 63
    63 63 64 64 64 65 65 65 65 65 65 66 66 66 67 66 66 66 65 64 65 65 64
    64 64 63 62 62 63 63 62 62 61 61 61 61 62 61 60 61 61 61 61 61 62 62
    62 63 62 62 62 63 62 64 64 64 63 64 65 65 65 65 65 65 65 64 64 64 64
    64 64 64 63 64 63 63 62 62 61 61 61 60 60 63 62 62 63 63 63 63 64 63
    64 63 64 64 64 63 62 64 63 63 64 65 64 65 65 65 66 65 65 65 65 64 65
    64 64 65 66 67 66 66 66 67 66 67 66 66 65 64 64 64 64 64 64 64 64 63
    63 63 63 62 62 62 62 62 62 61 61 62 62 63 62 62 62 62 63 63 63 63 63
    63 64 64 64 63 63 62 63 63 62 63 62 62 63 63 64 64 63 64 64 63 63 63
    63 63 64 64 65 65 66 65 66 66 66 65 66 65 64 65 64 65 66 66 65 65 65
    64 65 65 64 64 64 64 64 65 65 65 64 65 65 65 65 65 65 67 67 67 67 67
    66 67 67 67 66 66 65 64 64 64 64 64 65 64 64 63 62 62 63 62 62 62 62
    62 62 63 63 63 64 64 64 65 65 65 65 65 66 66 67 66 67 67 67 67 66 65
    65 65 65 64 64 64 63 63 63 63 62 62 61 60 61 61 62 61 61 62 62 62 61
    62 62 63 63 63 62 62 63 63 63 64 65 64 64 64 65 65 66 66 65 65 65 64
    64 64 64 64 64 64 64 64 63 63 63 62 62 61 61 60 60 64 63 63 64 64 64
    64 64 64 64 64 64 64 64 62 62 63 62 62 63 64 62 64 64 64 64 64 64 64
    64 63 64 63 63 64 66 66 66 66 67 67 67 67 66 66 66 65 65 65 64 65 64
    64 64 64 64 63 63 62 62 62 62 61 62 61 61 62 62 63 63 63 62 63 63 64
    63 63 63 63 64 64 64 63 63 63 64 63 63 63 63 62 63 63 64 64 63 64 64
    63 63 63 63 63 64 64 64 65 65 65 66 66 66 65 65 65 64 64 64 65 66 66
    65 65 65 64 65 65 64 64 64 64 64 65 65 65 65 65 66 65 66 66 66 67 67
    67 66 67 66 67 67 68 66 66 66 65 64 64 64 64 65 63 64 63 62 62 63 63
    62 63 62 62 62 63 63 62 64 64 64 64 65 64 64 65 66 66 66 66 66 66 66
    66 65 64 65 65 64 64 64 64 63 63 63 63 63 62 62 61 62 62 63 62 62 62
    62 62 62 63 63 63 63 63 63 62 63 63 63 64 65 64 64 64 65 65 66 66 65
    65 65 64 64 64 64 64 64 64 64 64 63 63 62 61 61 60 60 60 60 63 62 63
    63 64 63 63 63 63 63 63 63 63 63 61 61 62 61 61 62 63 62 63 63 63 63
    63 64 64 64 64 64 63 64 65 67 67 66 67 67 68 67 67 67 66 66 66 65 66
    64 64 64 64 64 64 64 63 64 63 63 62 62 62 62 61 62 62 62 63 63 63 63
    63 63 64 63 63 63 63 63 63 63 63 63 63 63 63 62 62 63 62 63 63 64 64
    63 64 64 63 63 64 64 64 65 65 65 66 66 66 67 67 67 66 66 66 65 66 65
    66 67 67 66 65 66 65 65 65 65 64 65 64 64 65 66 65 65 66 66 65 66 65
    66 66 67 67 67 67 66 67 68 68 67 66 66 65 65 64 64 65 65 64 64 63 63
    63 63 63 63 63 62 62 63 63 63 63 64 64 64 65 65 65 64 65 65 66 66 65
    66 65 65 65 65 64 64 65 64 64 63 64 62 63 63 64 63 63 62 61 62 63 63
    63 63 63 63 63 63 63 64 64 64 64 63 62 63 63 63 63 64 64 63 63 64 64
    65 64 64 64 64 63 63 63 63 63 64 64 64 64 63 63 62 62 62 61 61 61 61
    64 63 63 63 64 63 63 64 63 64 63 64 63 63 62 61 62 61 62 62 63 62 63
    63 63 64 64 64 64 64 64 64 64 64 65 66 67 66 67 67 68 67 67 66 66 66
    66 65 66 65 65 65 64 64 64 64 63 64 63 63 62 62 62 63 62 62 62 62 63
    62 62 62 62 63 64 63 63 63 63 64 64 64 63 63 63 64 63 63 63 63 63 63
    63 64 64 63 64 64 63 63 63 64 64 64 64 65 65 66 66 67 67 66 65 66 66
    65 66 65 66 66 66 66 65 65 64 65 65 65 64 65 64 64 65 66 66 66 66 66
    66 67 67 67 67 68 68 67 67 67 67 68 68 67 67 66 65 65 65 65 65 66 64
    65 64 63 63 64 64 63 63 62 62 62 63 62 62 63 63 63 64 64 63 63 63 64
    64 64 64 64 64 65 65 64 63 63 64 64 63 63 63 62 62 63 64 63 63 62 61
    62 63 63 63 63 63 63 63 62 63 64 64 63 63 63 62 62 62 63 63 64 64 63
    63 64 64 65 64 64 64 64 63 63 63 63 63 63 63 64 64 63 63 62 62 62 61
    61 60 61 63 62 63 64 64 63 63 63 63 63 63 64 63 63 62 61 62 61 61 62
    63 62 63 63 63 63 64 64 64 65 64 65 64 65 66 67 68 67 68 68 68 68 67
    67 67 66 66 65 66 65 65 65 65 65 64 64 63 64 63 63 63 63 63 63 62 62
    62 63 63 63 63 63 63 63 64 64 63 63 63 64 64 64 63 63 63 63 63 63 63
    63 63 64 63 64 64 63 64 64 63 63 64 64 63 64 64 64 65 66 65 66 66 65
    64 65 64 64 64 64 64 65 65 64 64 64 63 64 64 64 63 64 64 64 65 66 66
    66 66 67 66 67 67 67 68 68 68 68 68 67 68 68 68 67 67 66 65 65 64 64
    64 65 63 64 63 63 63 63 63 62 62 61 61 62 62 62 62 62 62 62 63 63 63
    62 62 63 64 64 63 64 64 64 64 64 63 63 64 63 63 63 63 62 63 63 64 64
    63 62 61 62 63 63 63 63 63 63 63 63 63 64 64 64 64 63 62 63 63 63 64
    64 64 64 64 64 65 65 65 64 64 64 63 62 63 63 63 63 63 63 64 63 63 62
    62 61 61 61 60 60 65 64 64 65 65 64 64 64 64 64 64 64 64 63 62 62 62
    62 62 62 63 62 63 63 64 64 65 65 66 65 65 66 65 66 66 68 68 68 68 68
    69 68 68 67 67 66 66 65 65 65 65 65 64 64 64 64 63 64 63 63 63 64 64
    64 63 63 63 63 64 64 64 63 63 63 64 64 63 63 64 64 63 64 63 63 63 63
    63 63 63 63 63 64 63 64 64 64 65 64 64 63 64 64 64 64 64 65 65 66 66
    66 66 65 64 65 65 64 64 64 65 65 65 64 64 64 63 64 64 65 64 64 64 64
    65 66 66 65 66 67 66 67 68 68 68 68 68 68 68 67 67 68 67 67 66 66 65
    64 64 64 63 64 62 63 62 61 61 62 62 61 61 60 60 61 61 61 61 62 62 62
    62 63 63 63 62 64 64 64 64 64 64 64 65 64 63 63 64 64 63 63 64 63 63
    63 64 64 63 62 62 63 63 64 63 63 63 64 64 63 63 64 64 64 64 63 62 63
    63 63 63 64 63 63 63 64 64 65 64 64 64 64 63 63 63 63 63 63 63 63 64
    64 64 63 63 62 62 61 61 61 65 64 64 65 65 65 64 64 64 64 63 64 63 63
    62 62 62 61 61 62 63 62 63 63 64 64 65 65 66 65 65 65 65 66 66 67 67
    67 67 67 68 67 67 66 66 65 65 65 65 64 65 65 65 65 64 64 64 64 63 64
    64 64 64 64 63 63 62 63 63 63 63 62 62 62 63 63 62 62 62 62 62 62 61
    62 62 62 63 63 63 63 63 63 63 64 64 63 64 64 63 63 64 64 64 64 64 65
    65 66 65 66 66 65 64 65 64 64 64 63 64 64 64 64 64 64 63 64 64 64 63
    64 63 63 64 64 65 65 65 66 66 67 67 67 67 67 67 67 67 66 67 67 66 66
    66 66 65 64 64 63 63 63 62 62 62 61 61 62 62 61 61 60 60 61 61 61 61
    62 62 62 63 63 63 62 62 63 63 64 63 64 64 64 64 64 63 63 63 63 63 63
    63 62 63 63 64 64 63 62 62 63 63 63 63 63 63 63 64 63 63 64 64 63 63
    63 62 63 62 62 63 63 63 63 63 64 64 65 64 63 64 63 63 63 63 63 63 63
    64 64 65 64 64 64 63 63 63 62 62 61 66 65 65 66 66 66 65 65 65 65 64
    65 64 63 62 62 63 62 62 63 63 63 64 63 64 64 65 66 66 65 66 66 65 66
    66 68 67 67 68 67 67 67 67 66 66 65 65 65 65 65 65 65 64 64 64 64 64
    64 64 64 64 64 64 64 63 63 63 63 63 63 63 63 63 63 64 63 62 62 62 62
    62 62 61 62 62 62 62 63 63 63 63 63 63 64 64 63 64 64 64 64 65 65 64
    65 64 64 65 65 65 65 65 64 63 64 64 63 63 63 63 63 63 63 63 63 62 63
    63 63 63 63 63 63 64 64 64 65 65 66 65 66 66 66 67 66 67 66 66 66 66
    66 66 66 65 65 64 63 63 63 63 63 62 63 62 62 62 62 62 61 61 60 60 61
    61 62 61 62 62 62 63 63 64 62 62 63 63 64 63 64 64 64 65 64 63 64 64
    64 63 64 64 63 63 63 64 64 64 63 62 63 63 64 64 63 63 64 63 63 63 64
    64 64 63 64 63 63 63 62 63 64 64 63 64 64 65 65 65 64 65 64 64 63 64
    64 64 64 64 64 65 64 65 64 63 63 63 62 62 62 66 65 66 66 66 66 65 65
    65 64 63 64 63 62 61 61 61 61 61 62 62 62 63 63 64 64 65 65 65 65 66
    67 66 66 67 68 68 67 68 67 68 67 66 66 65 65 64 64 64 64 64 63 63 63
    63 64 63 64 64 64 65 65 65 65 64 65 64 64 64 64 64 64 64 65 65 65 64
    63 62 62 61 61 61 62 62 62 62 62 62 63 62 62 62 62 62 62 62 62 63 63
    64 65 64 64 63 64 65 64 64 64 64 64 63 64 64 64 64 64 64 64 64 63 63
    64 63 64 64 64 64 65 64 64 65 65 65 66 66 66 66 66 66 66 67 67 67 67
    67 66 67 67 66 66 66 65 64 64 63 63 63 63 63 63 63 62 62 62 63 62 62
    60 60 61 62 62 62 62 63 62 63 63 63 62 62 63 63 63 63 64 64 64 64 64
    63 64 63 63 63 64 64 63 63 63 64 64 64 63 63 64 63 64 64 64 64 64 63
    63 63 63 63 63 63 63 62 62 62 62 63 63 63 62 63 63 64 64 64 64 64 64
    64 63 63 64 64 64 64 64 65 64 64 64 63 63 62 62 62 62 65 65 66 66 66
    66 65 65 65 64 63 64 63 62 61 61 61 61 61 62 63 62 63 63 63 64 64 65
    65 65 66 66 66 66 66 67 67 67 67 67 66 65 65 65 64 64 64 64 64 64 64
    63 63 63 63 64 63 63 64 64 65 65 65 65 65 65 64 64 64 64 64 64 64 65
    65 65 64 63 63 62 62 62 61 62 62 62 62 62 62 63 62 62 62 62 62 61 62
    62 62 63 64 64 64 64 63 63 64 64 64 64 64 64 63 64 64 64 64 64 64 64
    64 63 63 63 63 64 64 64 64 65 64 64 64 65 65 65 65 66 65 66 66 66 67
    67 67 66 66 66 66 66 65 65 65 65 64 63 63 63 63 63 63 63 63 62 62 62
    63 62 61 61 61 61 61 62 61 62 62 62 63 63 63 62 61 62 63 63 62 63 63
    64 64 63 63 63 63 63 63 63 63 62 62 63 64 64 64 63 63 64 64 64 64 64
    64 64 64 63 63 64 64 63 63 63 61 62 61 61 62 62 62 62 62 62 63 64 64
    64 64 64 63 63 63 64 64 64 64 64 65 64 65 64 64 63 63 62 62 62 66 65
    66 66 67 67 66 65 65 64 64 64 63 62 61 61 61 61 62 62 63 63 63 63 63
    64 64 65 66 66 66 66 66 66 66 67 67 67 67 66 66 65 65 65 64 64 64 64
    64 64 64 63 63 63 64 64 64 63 64 65 66 66 66 66 65 65 64 64 64 64 64
    63 64 65 65 64 63 63 62 62 61 61 60 61 61 61 61 62 62 62 62 62 62 62
    61 61 61 62 62 62 63 63 63 63 63 63 64 64 63 63 63 63 63 64 64 64 64
    64 64 64 64 64 63 64 63 64 64 64 64 65 64 64 65 65 65 65 65 66 65 66
    66 66 67 67 67 66 66 65 66 66 65 65 64 64 63 63 63 63 62 63 62 62 61
    61 61 61 62 61 61 60 59 60 60 61 60 61 61 60 61 62 61 60 60 61 61 61
    61 61 62 62 62 62 62 62 62 62 62 63 63 62 63 63 64 65 64 63 63 64 65
    65 65 65 65 65 65 65 64 65 64 64 63 63 62 62 62 61 62 63 62 62 62 62
    63 64 63 63 63 63 63 63 63 63 63 63 64 64 64 63 64 63 63 63 62 61 61
    62 65 65 66 66 66 66 65 65 64 64 63 64 64 63 62 62 62 62 62 62 63 63
    64 63 64 64 64 65 65 66 66 66 65 65 65 66 67 66 66 66 65 64 64 64 64
    63 63 64 63 64 64 63 63 64 64 65 64 64 65 66 66 67 67 66 66 65 65 65
    64 65 65 64 64 64 64 64 63 62 62 61 61 61 60 61 61 61 61 62 62 62 61
    62 62 62 61 61 61 62 62 62 63 63 63 63 62 62 63 63 63 63 63 63 63 63
    63 64 64 64 64 64 65 64 64 64 64 64 65 65 65 66 65 65 65 65 65 65 65
    66 65 66 66 66 66 66 66 66 66 65 65 65 65 64 64 64 63 63 63 63 62 63
    63 62 62 62 62 61 62 61 61 60 60 60 60 61 60 61 61 60 61 61 61 60 60
    61 61 62 61 61 62 62 63 62 62 62 62 63 62 63 64 63 63 63 64 64 64 63
    63 64 65 65 65 65 65 65 64 65 64 64 64 63 63 63 62 62 61 61 62 62 61
    61 61 61 62 63 63 62 62 62 62 62 63 63 63 63 63 64 64 63 64 63 63 63
    63 62 62 62 64 63 65 64 64 64 64 63 63 63 63 64 63 63 62 62 62 62 62
    62 63 63 64 63 64 64 64 65 65 65 66 66 65 65 65 66 66 66 65 65 64 63
    63 63 63 63 63 63 63 63 63 63 62 63 64 65 64 64 64 65 66 66 66 66 66
    65 64 65 64 64 64 64 64 64 64 63 62 62 61 61 60 60 60 61 61 61 61 61
    61 62 61 61 61 61 61 61 60 61 61 62 62 62 62 63 62 62 63 63 63 63 63
    63 63 63 63 64 63 64 64 64 65 64 63 63 63 63 64 64 63 64 64 63 63 63
    63 64 63 64 63 64 65 65 65 65 66 65 65 64 65 65 64 64 64 64 64 63 63
    63 63 64 63 62 62 62 62 61 62 61 61 60 60 60 61 61 60 61 61 60 61 61
    61 60 61 62 61 62 61 62 62 63 63 62 62 62 62 62 62 63 63 63 63 63 64
    64 63 63 63 64 65 64 64 65 65 64 64 64 64 64 64 64 63 63 62 62 62 61
    62 62 62 61 61 62 63 63 63 63 63 63 63 63 63 63 63 63 63 64 64 63 63
    63 63 63 63 62 62 62 64 64 65 65 65 65 65 64 64 64 64 64 64 63 62 62
    62 63 63 64 65 64 64 64 65 65 65 66 66 66 67 66 66 66 66 67 67 67 66
    65 65 64 64 63 63 63 63 63 63 63 63 62 62 63 64 64 64 64 65 66 66 66
    66 66 66 65 64 64 63 64 64 64 64 64 63 63 62 61 61 60 60 60 60 61 61
    61 61 61 61 62 61 61 61 61 60 60 60 61 61 61 62 62 61 62 62 62 63 63
    63 63 62 62 62 63 63 64 63 64 64 64 64 64 63 63 63 63 64 63 63 64 63
    63 63 63 63 64 63 64 63 64 64 64 64 65 65 65 64 64 64 64 64 64 64 64
    63 63 63 63 62 63 63 62 62 62 62 61 62 61 61 60 60 60 61 61 60 61 61
    60 61 61 61 60 61 62 62 62 62 62 63 63 63 63 63 63 62 63 62 63 63 63
    63 63 64 64 64 63 63 65 65 64 64 65 65 64 64 64 64 64 63 64 63 63 62
    62 62 61 62 62 61 61 61 62 62 63 63 63 63 63 64 64 65 65 64 64 65 65
    65 64 64 64 64 65 64 64 64 64 63 64 65 64 65 65 65 64 64 63 63 64 63
    63 62 61 61 62 63 63 64 64 64 63 64 64 64 65 65 66 66 66 65 65 65 66
    67 66 65 65 64 63 63 63 63 62 62 62 62 62 62 62 62 62 63 64 63 64 64
    66 66 66 66 65 65 64 64 64 63 64 64 63 63 64 63 63 62 61 61 60 60 60
    60 61 61 61 61 61 61 62 61 61 61 61 61 61 61 61 61 62 62 62 62 63 62
    62 63 63 63 63 63 63 63 63 63 64 64 64 64 64 64 63 63 63 63 63 64 63
    63 64 63 64 64 63 63 64 63 64 63 64 64 65 65 65 65 65 65 64 64 64 64
    64 64 64 63 63 63 63 62 63 63 62 61 62 61 61 62 61 61 60 60 60 61 61
    60 61 61 60 61 61 61 60 61 62 62 62 62 63 63 64 63 63 62 62 62 62 62
    63 64 63 63 63 64 64 64 64 64 65 64 64 64 65 65 64 64 64 64 65 64 64
    63 63 62 62 62 61 62 62 61 61 61 62 62 63 63 63 63 64 64 64 65 65 64
    64 64 65 65 64 64 64 63 64 64 63 63 63 63 63 64 64 64 65 65 64 63 63
    63 63 63 62 61 61 61 61 62 62 63 63 63 63 64 64 64 65 65 66 66 66 65
    65 65 66 66 66 65 64 64 63 63 62 62 62 61 62 61 62 62 61 61 62 62 63
    63 63 64 66 66 66 66 65 65 65 64 64 63 64 65 64 64 64 64 64 63 62 62
    61 61 61 61 61 62 61 61 62 61 62 61 61 62 61 61 61 61 61 61 61 62 62
    61 62 62 62 63 63 63 63 63 63 63 63 63 64 63 64 63 64 64 63 63 63 62
    62 63 63 63 64 63 63 63 63 63 64 63 64 63 64 64 64 65 65 65 65 64 63
    64 63 63 63 63 63 62 62 61 61 61 61 61 61 60 61 60 59 60 60 60 59 60
    60 60 60 60 61 60 60 61 61 61 60 61 62 61 62 63 63 63 64 63 63 63 62
    62 62 62 63 63 63 63 63 64 64 64 64 64 65 64 64 64 65 65 64 64 65 64
    65 64 64 64 64 63 63 63 62 62 62 62 62 62 62 63 64 64 64 64 64 64 65
    65 65 65 64 65 65 65 65 64 64 64 65 64 64 64 64 64 64 66 66 65 66 66
    65 64 63 63 64 63 62 61 61 61 62 62 62 63 63 63 62 63 63 64 64 64 65
    65 65 65 65 65 66 66 66 65 64 64 63 63 62 62 62 61 62 62 62 62 61 61
    62 62 63 63 63 64 66 66 66 66 66 66 65 65 65 65 65 66 65 65 66 65 65
    64 63 62 62 61 61 61 62 62 62 62 62 62 62 62 62 62 62 61 61 60 61 61
    61 62 62 61 62 62 62 63 63 63 63 63 63 63 63 63 64 64 65 64 64 64 64
    64 63 63 63 64 64 64 64 64 64 64 64 64 64 64 64 63 64 64 64 64 64 65
    64 64 63 63 63 62 62 62 62 62 61 61 60 60 61 61 61 61 61 60 59 60 60
    60 59 60 60 60 60 60 60 60 60 61 61 61 60 61 62 61 62 63 63 64 64 64
    63 63 63 63 63 63 64 64 64 63 64 64 64 64 64 64 65 64 64 64 65 65 65
    64 65 64 65 64 64 64 64 64 63 63 63 63 63 62 63 62 62 63 63 63 63 64
    64 64 64 64 64 64 64 64 64 64 63 63 63 63 64 63 63 63 63 63 63 65 64
    64 65 65 64 64 63 63 63 63 62 61 61 61 62 62 62 64 64 64 63 64 64 64
    65 65 65 66 65 65 65 65 66 66 66 65 64 64 62 62 62 62 62 61 61 61 61
    62 61 61 62 62 63 63 63 64 66 67 66 66 65 65 65 64 64 64 65 65 64 64
    65 64 64 63 62 61 61 60 60 61 61 62 61 62 62 62 62 61 62 62 62 61 61
    60 61 61 61 62 62 62 62 62 62 63 63 63 63 63 63 63 63 63 64 64 65 65
    65 65 64 64 64 63 63 64 64 64 64 63 63 63 63 63 64 63 64 63 63 63 63
    63 63 63 62 62 61 61 61 61 61 61 61 61 61 60 60 60 61 61 60 61 61 61
    60 61 61 61 60 61 61 61 61 61 61 61 61 62 62 62 61 62 62 62 62 63 63
    64 64 64 64 64 63 63 64 63 64 64 64 64 64 64 65 64 65 65 65 64 64 64
    65 65 65 64 65 64 65 65 65 64 64 64 63 62 62 63 62 62 62 62 62 63 63
    63 63 63 63 63 64 64 64 64 64 64 65 65 64 64 64 64 65 64 64 64 64 63
    64 65 65 65 65 65 64 64 64 64 64 63 62 62 62 61 62 62 62 64 64 64 63
    64 64 65 65 65 66 66 66 66 66 66 66 66 66 65 64 64 62 62 62 62 62 61
    61 61 61 61 60 60 61 61 62 62 62 64 65 66 65 66 65 66 65 64 65 64 65
    65 64 64 65 64 64 63 62 61 60 60 59 60 61 62 61 61 61 61 61 60 61 61
    61 60 59 59 60 60 61 62 62 62 62 62 62 63 63 63 63 63 63 63 63 64 64
    64 66 65 65 65 64 64 63 63 63 64 64 64 64 63 63 63 63 63 64 63 64 63
    64 64 64 63 63 63 62 62 61 61 60 61 61 61 62 61 60 60 60 60 61 61 60
    61 61 61 60 61 61 61 60 61 60 61 61 60 61 61 60 62 62 62 60 61 62 61
    62 63 64 64 64 64 64 64 64 64 64 64 64 65 65 65 65 65 66 65 66 65 66
    65 65 65 66 65 65 65 65 65 66 65 65 63 64 64 64 63 63 63 63 62 62 62
    62 63 63 63 63 63 63 63 63 64 64 64 63 64 64 65 64 64 64 64 65 65 65
    65 64 63 63 65 64 64 64 64 64 64 63 63 63 63 62 62 62 61 62 63 63 64
    64 64 63 64 65 65 65 65 66 67 66 67 67 66 67 66 67 66 65 65 63 63 63
    63 63 62 62 61 61 61 60 61 61 62 63 63 63 64 66 66 65 66 65 65 64 64
    65 64 65 65 65 65 65 64 64 63 63 62 61 60 60 61 62 62 62 62 62 62 62
    61 61 61 61 60 59 59 60 60 61 62 62 62 63 62 62 63 63 63 64 63 64 64
    64 64 65 65 67 66 66 66 65 65 64 64 64 65 65 65 64 64 63 63 63 64 64
    63 64 63 63 63 63 63 62 63 62 62 61 61 61 61 62 62 62 62 61 61 61 60
    61 62 61 61 62 62 61 61 61 61 59 60 60 60 60 59 60 60 60 61 61 61 60
    61 61 61 62 63 64 65 65 65 65 65 65 64 65 65 65 65 65 65 65 66 66 65
    65 65 66 65 65 65 66 66 65 65 65 65 66 65 65 63 64 64 64 63 63 64 63
    63 63 63 63 63 63 63 63 63 64 63 64 65 65 64 64 64 65 65 64 64 64 64
    65 65 65 65 65 64 64 65 65 64 64 64 64 64 64 64 63 63 62 62 62 61 62
    62 62 63 63 63 63 63 64 64 64 64 65 66 65 66 66 65 65 65 65 65 63 64
    62 62 62 63 62 61 61 61 61 61 60 61 62 62 63 63 63 64 65 66 65 66 65
    66 65 64 65 65 66 66 65 65 65 64 64 63 63 62 61 60 60 61 62 62 62 62
    62 62 62 61 61 62 61 60 60 60 61 61 62 63 63 63 64 63 63 63 63 64 64
    63 64 64 64 64 65 65 66 66 66 65 64 64 64 64 63 64 64 64 64 63 63 63
    63 63 63 63 64 62 63 63 63 63 62 63 62 62 61 62 61 62 62 63 63 63 62
    62 62 61 62 63 62 62 62 62 61 62 61 61 60 60 60 60 60 59 59 60 59 61
    61 61 59 60 61 61 62 63 63 64 65 64 64 65 64 64 64 64 65 65 65 65 65
    66 66 66 65 66 66 65 65 65 66 66 65 65 66 65 66 65 65 64 64 64 64 63
    63 63 63 63 63 63 63 63 63 63 63 63 63 63 64 64 65 64 64 64 64 64 64
    64 64 64 65 65 65 65 65 64 64 65 64 64 64 64 64 64 64 64 63 63 62 62
    62 61 62 62 62 63 63 63 63 64 64 65 65 65 65 66 65 66 66 65 65 65 65
    65 63 63 62 62 62 62 62 61 61 60 60 60 59 60 61 62 62 62 63 64 65 66
    65 65 65 65 65 64 65 65 66 66 65 65 65 64 64 63 63 62 61 60 60 61 62
    63 62 63 62 62 62 61 61 62 62 61 60 60 61 62 62 63 63 64 64 63 63 63
    63 64 64 63 63 63 63 63 64 64 66 65 65 64 63 63 63 63 63 63 63 63 63
    63 62 62 62 63 63 63 63 62 63 63 64 63 63 64 63 63 62 62 62 62 63 64
    64 64 63 63 63 62 62 63 62 62 62 62 61 62 62 61 60 61 61 61 60 60 59
    60 60 61 61 61 59 60 60 61 62 63 63 64 64 64 64 64 64 63 64 64 64 65
    65 65 66 66 67 66 66 67 66 66 65 65 66 66 65 65 66 65 66 65 64 63 64
    64 64 63 62 62 62 62 62 62 62 63 62 62 62 63 63 63 63 65 65 64 64 64
    64 65 65 64 64 64 65 65 64 65 65 62 63 63 63 63 63 63 63 63 63 63 63
    62 62 62 62 61 62 62 62 64 64 64 63 64 64 65 65 65 66 66 65 66 66 65
    65 65 65 65 64 64 62 62 62 62 61 61 61 60 60 60 59 60 61 61 62 62 62
    63 64 65 64 65 64 65 64 64 65 65 66 66 65 64 65 64 63 63 63 62 61 60
    60 60 61 62 61 62 62 62 62 61 61 61 61 60 60 60 62 62 63 64 64 65 65
    64 64 64 64 65 64 64 64 64 64 64 65 65 66 65 65 64 63 63 62 62 62 63
    63 63 63 62 62 62 62 63 63 62 63 62 63 63 64 64 63 64 63 63 62 63 63
    63 64 64 65 64 63 64 64 62 63 63 61 62 62 62 61 61 61 61 60 60 60 60
    60 59 59 59 59 60 61 61 60 61 61 61 62 63 64 64 64 64 63 64 64 63 64
    64 64 64 64 64 65 66 66 65 65 66 66 65 65 65 65 65 65 64 65 64 65 64
    64 62 63 63 63 62 62 62 61 61 62 62 62 62 62 62 62 62 62 63 63 64 65
    64 63 64 64 65 65 64 64 64 65 65 65 65 65 63 64 64 64 64 63 64 64 64
    64 64 64 63 63 63 63 62 63 63 63 64 64 64 63 64 65 65 65 65 65 65 65
    65 65 64 65 65 65 64 63 63 62 62 62 62 61 61 61 61 61 61 60 60 62 62
    62 62 62 63 64 65 65 65 64 65 64 64 64 64 65 65 64 64 64 63 63 62 62
    61 61 60 59 60 61 61 60 61 61 61 61 60 60 61 61 60 60 60 61 61 62 62
    63 63 63 63 62 63 62 63 62 62 62 62 62 63 64 64 65 64 64 63 63 62 62
    62 62 63 63 63 63 62 62 62 62 62 62 62 63 62 63 63 64 64 64 64 63 63
    63 63 63 63 64 65 65 65 64 64 64 63 63 63 62 62 62 62 60 61 61 61 60
    60 60 60 60 59 59 60 60 61 61 61 60 61 61 61 62 63 64 64 64 64 64 64
    64 63 64 64 64 64 64 64 64 65 66 65 65 66 65 65 64 64 64 65 64 63 64
    64 64 63 63 61 62 63 62 61 61 61 61 61 62 62 62 62 62 63 63 63 63 64
    64 65 66 65 64 65 65 66 66 65 65 64 65 65 65 65 65 64 64 64 64 63 63
    63 63 63 63 63 63 63 62 62 62 61 61 61 61 63 63 62 62 63 64 64 64 64
    64 65 64 65 64 63 65 65 65 65 64 63 62 63 63 63 62 61 61 61 61 61 61
    61 62 62 63 62 62 63 64 65 65 65 65 65 65 64 65 65 66 66 65 65 65 63
    63 63 62 62 61 60 59 60 61 61 60 61 61 61 61 60 60 60 61 60 60 60 61
    62 62 63 63 64 63 63 63 64 63 63 63 62 62 63 62 63 63 63 65 64 64 63
    62 62 61 62 61 62 62 62 62 61 61 61 61 61 61 60 61 61 61 62 63 63 63
    64 62 63 62 63 63 63 64 65 65 65 64 64 64 63 63 63 62 62 62 61 60 61
    60 61 59 60 60 60 60 59 59 60 60 61 61 61 60 61 61 61 62 63 64 64 64
    64 63 64 63 62 63 63 63 63 63 63 63 64 64 64 64 64 64 64 63 63 64 64
    63 63 64 63 63 62 62 61 62 62 62 61 60 61 61 61 62 62 62 62 62 62 62
    63 63 64 65 65 66 65 65 65 65 66 66 65 64 64 65 65 65 66 66 65 65 65
    65 65 64 65 64 65 64 64 64 64 63 63 63 62 62 62 62 64 63 63 63 64 64
    64 64 64 64 65 64 65 64 63 64 64 64 64 63 63 62 62 62 62 62 61 61 61
    61 61 60 60 62 63 63 62 62 63 64 65 64 65 64 65 65 64 65 65 67 66 66
    65 65 64 63 63 63 62 62 61 60 61 62 62 61 62 62 62 62 61 61 61 61 61
    61 61 62 63 63 64 64 64 64 63 63 64 63 63 63 62 63 63 62 63 64 64 65
    64 64 63 63 62 62 63 62 63 63 63 62 62 62 61 61 62 61 61 61 60 61 61
    62 62 63 63 62 63 62 63 63 63 64 65 66 65 64 64 64 64 64 64 63 63 62
    62 60 61 60 61 59 60 60 60 59 59 59 59 59 60 61 61 60 61 61 61 62 63
    63 64 64 64 63 64 63 62 63 63 63 63 63 64 64 64 64 64 64 65 65 64 63
    63 64 64 63 63 64 63 63 62 62 61 61 61 61 60 60 60 60 60 61 61 61 62
    61 62 62 62 63 64 65 66 66 65 65 65 65 66 66 65 65 64 66 65 66 66 66
    64 64 64 64 64 64 65 64 64 63 64 63 63 63 62 62 61 62 62 62 63 63 62
    63 63 63 64 63 63 63 64 63 64 63 62 63 64 64 64 63 62 61 61 61 62 61
    61 61 60 61 61 60 61 62 63 63 62 62 63 64 64 64 65 65 65 65 65 66 66
    67 66 66 66 65 64 64 64 63 63 62 61 61 62 62 62 62 62 62 62 62 61 61
    61 62 61 61 61 63 63 63 63 64 64 64 63 63 64 63 64 63 62 63 63 62 63
    64 63 65 64 64 63 62 62 62 62 62 62 62 62 61 61 61 60 60 61 61 60 61
    60 61 61 62 62 62 63 62 63 62 63 64 64 65 66 66 66 65 65 65 64 64 65
    64 64 64 63 62 62 62 62 61 61 61 61 60 60 59 60 60 61 61 61 61 61 61
    61 62 63 63 64 64 64 63 64 64 63 64 64 64 64 64 64 64 64 64 65 65 65
    65 64 64 64 64 64 63 62 63 63 63 62 62 60 60 61 61 60 60 60 60 60 61
    61 61 61 61 62 62 62 63 63 65 66 66 65 65 65 65 66 66 65 65 65 66 65
    66 66 66 64 64 64 64 64 64 64 64 64 63 64 63 64 63 62 62 61 62 62 62
    64 63 63 63 63 63 64 63 63 64 64 63 64 63 63 64 64 64 65 64 63 62 62
    63 63 62 62 62 61 62 62 61 61 62 63 63 63 63 64 64 64 65 65 65 66 66
    66 66 66 67 67 66 66 66 65 64 64 64 63 63 62 62 63 63 63 62 63 62 62
    63 61 62 62 62 62 62 62 62 63 63 63 64 65 64 63 63 63 63 63 63 62 62
    63 62 63 63 63 64 63 64 63 62 62 61 62 62 62 62 62 62 61 61 61 61 62
    62 61 62 61 61 62 62 63 63 64 63 63 63 64 64 64 66 66 67 67 65 65 65
    65 65 65 64 64 64 63 62 62 62 62 62 62 62 61 61 60 60 60 60 61 61 61
    61 62 62 61 62 62 63 63 63 63 62 63 63 62 63 63 64 63 63 64 64 64 64
    64 64 65 65 65 64 64 64 64 63 62 63 62 63 62 61 60 60 60 60 60 60 60
    60 60 61 61 62 62 62 62 63 63 64 64 65 66 66 66 66 66 66 66 66 65 65
    65 66 66 66 67 67 63 63 63 63 63 63 63 63 63 63 63 63 63 63 62 62 61
    61 61 62 63 63 62 62 63 63 64 63 63 63 64 63 64 63 62 63 64 64 65 65
    64 63 63 63 64 63 63 63 62 62 62 62 62 63 63 64 63 63 64 64 64 64 64
    64 65 65 65 66 66 67 66 66 66 65 64 64 64 64 64 64 62 62 63 63 63 62
    63 62 63 63 61 62 62 62 62 62 62 63 63 63 63 63 64 64 63 63 63 63 64
    63 62 63 63 62 63 63 63 64 64 64 63 62 62 62 62 62 62 63 62 62 61 61
    61 61 62 62 62 62 61 62 62 63 63 64 65 63 64 64 64 65 65 66 67 67 67
    66 66 66 66 65 65 64 64 65 64 62 63 62 63 62 62 62 62 61 60 59 60 60
    61 60 61 60 61 61 60 61 61 62 62 62 62 61 62 62 62 63 63 63 63 64 64
    65 65 65 65 65 66 66 65 64 64 64 64 63 63 63 63 63 62 61 60 60 60 60
    60 59 60 60 60 61 61 61 61 62 61 62 62 63 63 65 66 66 66 66 66 66 67
    66 66 66 66 67 67 67 68 68 64 64 64 64 64 64 64 64 64 64 64 64 64 64
    63 63 62 62 62 63 64 64 63 63 64 63 64 63 63 64 64 63 64 63 62 63 64
    64 65 65 64 63 64 64 64 63 63 63 63 63 63 62 63 64 64 64 63 63 64 64
    64 64 64 64 65 64 65 65 65 66 66 66 65 65 64 64 64 64 64 64 63 63 63
    64 64 63 64 63 63 63 62 62 63 63 63 63 63 64 64 64 64 65 65 65 64 64
    64 64 64 64 63 64 64 63 63 63 63 64 64 64 63 62 62 61 62 62 62 62 62
    61 61 60 60 61 62 62 62 62 61 62 62 63 63 64 65 63 64 64 64 65 65 66
    67 68 67 66 66 66 66 65 65 64 64 64 63 62 63 62 62 61 62 62 61 60 59
    58 59 59 60 60 60 60 60 60 59 60 61 61 62 62 62 61 62 62 62 63 63 63
    63 64 64 65 65 65 65 65 66 66 65 65 64 64 64 64 63 64 63 63 62 62 61
    61 61 61 60 60 61 61 61 61 61 62 62 62 62 62 62 63 63 65 66 66 66 66
    66 67 67 67 66 66 66 68 67 68 68 68 64 64 64 64 64 65 65 65 65 64 65
    64 65 64 64 64 62 63 63 63 64 64 63 63 64 64 64 63 63 64 64 63 64 63
    63 64 64 65 66 65 65 64 64 64 65 64 64 64 63 63 63 63 63 64 64 64 63
    63 64 64 64 64 64 64 65 65 65 65 65 67 66 66 66 65 64 64 64 64 64 64
    63 63 63 64 64 63 64 63 63 63 62 62 63 63 62 63 63 64 64 64 64 65 65
    65 64 64 64 64 64 64 63 64 64 63 63 64 64 64 64 64 63 63 62 62 62 62
    62 62 62 61 61 60 60 61 61 61 61 61 60 61 61 62 62 63 64 63 64 64 64
    65 65 67 68 68 68 67 67 66 67 66 65 65 64 65 64 63 63 62 63 62 62 62
    61 60 59 59 59 59 60 59 60 60 60 60 59 60 60 61 61 61 61 61 61 62 61
    62 62 63 63 63 64 65 65 64 65 65 66 65 65 64 64 64 64 64 63 64 64 64
    63 62 61 61 61 62 61 61 62 61 61 62 62 63 63 63 62 63 63 64 64 65 66
    67 66 66 66 67 67 67 66 67 67 68 67 68 68 69 63 64 64 64 64 65 65 65
    65 64 65 64 65 65 64 64 63 63 63 63 64 65 64 64 64 64 64 63 63 64 64
    63 64 63 63 64 64 65 66 66 65 64 64 64 64 63 63 63 63 62 62 62 63 63
    63 63 62 63 63 63 63 63 63 63 65 64 65 65 66 67 67 67 66 65 64 64 64
    64 64 64 63 64 64 65 65 64 65 64 64 64 63 63 64 65 64 64 65 65 66 66
    65 66 66 66 65 64 65 64 65 65 64 64 64 64 63 64 64 65 64 64 64 63 63
    62 63 62 63 63 62 62 61 61 60 61 61 62 62 62 61 62 62 62 62 63 64 63
    64 64 64 65 65 67 68 69 69 67 67 67 67 66 66 65 65 65 65 64 64 63 64
    63 63 63 62 61 60 59 60 60 61 60 60 60 61 60 60 60 61 62 62 62 62 61
    62 63 62 63 63 63 63 64 64 65 65 64 65 65 66 65 65 65 64 64 64 64 63
    63 63 64 63 62 61 62 61 62 62 62 61 62 62 63 63 63 63 64 63 63 64 65
    64 65 66 67 67 67 67 67 68 68 68 68 68 69 68 69 69 69 64 64 64 64 65
    65 65 65 65 65 65 65 65 65 64 64 63 63 63 63 64 65 64 64 65 64 64 64
    64 64 64 63 64 64 63 64 65 65 66 66 65 65 65 64 64 63 63 63 62 62 62
    61 62 63 63 63 62 62 63 63 62 63 62 63 64 64 65 65 66 66 67 67 66 66
    65 64 64 64 65 65 64 64 65 65 65 64 65 64 64 64 63 63 64 64 64 64 64
    65 65 65 65 66 67 66 65 64 65 64 65 64 63 64 64 63 63 63 63 64 64 64
    63 62 62 61 62 62 62 62 61 61 60 60 59 60 61 61 61 61 61 62 61 62 62
    63 63 62 63 63 64 65 65 67 68 68 68 67 67 66 67 66 65 65 65 65 64 64
    64 64 64 64 64 63 62 60 60 59 60 60 61 60 61 60 61 61 60 60 61 62 62
    61 61 61 62 63 62 62 63 63 63 64 64 65 65 65 65 65 66 66 65 65 64 64
    64 64 63 63 64 64 63 62 62 62 62 63 62 62 62 62 62 64 64 65 65 65 64
    64 64 65 65 66 67 67 67 67 67 67 68 68 68 68 67 68 67 68 68 69 66 66
    66 66 66 67 67 67 67 66 66 66 66 65 65 65 64 63 63 64 65 65 64 65 66
    65 65 64 64 65 65 64 65 64 64 65 65 66 66 66 65 65 65 65 65 64 64 63
    63 62 62 62 63 64 63 63 62 62 62 63 62 62 62 62 63 63 64 64 65 66 66
    66 66 65 64 64 64 64 64 64 63 63 64 65 65 64 65 64 64 64 63 63 64 64
    63 64 64 65 66 66 65 66 67 66 65 64 65 64 64 64 63 64 64 63 63 63 63
    64 63 63 62 62 62 61 62 61 62 61 61 61 61 60 60 61 61 62 62 62 62 62
    62 62 63 63 64 63 64 64 64 65 66 67 69 68 69 67 67 67 67 66 65 65 66
    65 65 64 64 64 65 64 63 63 61 61 60 60 60 60 61 60 61 61 61 61 60 60
    61 62 62 61 61 61 62 63 62 62 63 64 63 63 64 65 65 64 64 65 66 65 65
    64 64 63 63 63 63 63 63 63 62 62 61 62 61 62 62 62 61 61 61 63 63 64
    64 64 63 63 64 64 64 65 66 66 66 66 66 67 67 68 68 68 67 68 67 68 68
    69 67 67 66 67 67 67 66 66 66 65 66 65 66 65 65 65 63 63 63 64 64 65
    64 65 66 65 65 64 65 65 65 64 65 64 64 64 65 65 66 65 65 64 64 64 64
    63 63 62 62 61 61 61 62 63 62 62 61 61 62 62 62 62 62 62 63 63 64 64
    65 65 66 66 66 65 64 64 64 64 64 64 63 63 64 64 64 63 64 64 64 64 63
    63 63 63 63 63 64 64 66 65 65 66 66 65 65 64 64 64 64 64 63 64 63 63
    63 63 63 63 63 63 62 62 62 61 62 61 62 61 61 61 61 60 60 61 62 62 63
    63 63 63 63 63 64 64 64 64 65 65 65 66 66 68 69 69 69 68 67 67 67 66
    66 65 65 65 65 64 64 64 65 64 64 63 62 61 61 60 61 61 62 61 62 61 62
    61 61 61 61 63 62 62 62 62 63 63 63 63 63 64 64 64 64 65 65 65 65 65
    66 66 65 65 64 64 64 64 64 64 64 64 63 62 61 62 62 63 63 62 62 62 62
    63 63 63 64 64 63 63 63 64 63 64 65 65 65 66 65 66 66 67 67 67 66 67
    66 67 67 68 67 67 66 67 67 67 66 66 66 65 66 66 66 66 65 65 64 64 63
    64 65 65 65 65 66 65 65 65 66 66 66 65 66 65 65 65 65 66 66 66 65 65
    65 65 65 63 63 63 63 61 62 61 62 62 62 62 61 62 62 62 62 62 62 62 63
    64 64 65 65 66 66 66 66 65 65 64 64 64 64 64 62 63 64 64 64 63 63 63
    63 63 62 62 62 62 62 62 63 64 65 65 65 66 66 65 65 64 64 64 64 63 63
    63 63 63 63 63 63 63 63 63 62 62 62 61 62 61 61 61 60 60 60 60 60 60
    61 62 62 62 62 63 62 63 63 63 64 64 65 65 65 66 67 68 69 69 69 67 67
    67 67 66 65 65 65 65 65 65 64 64 65 65 65 64 63 62 62 61 62 62 63 63
    63 63 63 62 62 61 62 63 62 62 62 62 63 63 63 63 64 64 64 64 64 65 65
    64 64 65 66 65 65 64 64 63 63 64 63 63 63 63 62 61 61 62 61 62 62 62
    62 62 62 63 62 63 64 64 63 62 63 63 63 64 65 65 65 66 66 66 67 68 67
    67 67 68 67 67 68 68 67 67 67 67 67 67 67 67 67 66 67 67 67 67 66 66
    65 64 64 65 66 66 65 66 66 65 65 65 66 65 66 65 66 65 65 65 66 66 67
    67 66 66 65 65 65 64 64 64 63 62 62 62 62 63 62 62 62 62 62 62 62 62
    62 62 63 63 64 64 64 66 66 66 66 65 64 64 64 64 63 64 63 63 64 64 64
    63 64 63 63 64 62 62 62 63 62 62 63 64 65 65 65 66 66 65 65 64 64 64
    64 64 63 64 64 64 63 63 63 63 63 63 63 62 62 61 62 61 61 61 61 61 61
    61 60 61 62 62 63 62 63 63 63 63 64 64 65 64 66 66 66 67 67 68 70 70
    70 68 68 68 68 67 67 67 67 66 66 66 66 65 66 65 65 65 64 63 62 62 62
    62 63 62 63 63 62 62 62 61 62 63 63 63 63 62 63 64 64 64 64 65 65 65
    65 65 66 65 65 66 67 66 65 65 64 63 63 63 63 63 63 63 62 61 61 62 61
    62 62 62 61 61 62 62 62 63 64 64 63 62 63 63 63 64 65 65 65 65 65 66
    67 67 67 66 66 67 66 66 67 67 67 67 67 68 68 68 67 67 67 66 67 67 67
    67 66 66 65 64 64 65 66 66 65 66 66 65 65 66 66 66 67 66 66 66 65 66
    66 66 67 66 66 65 65 65 65 64 64 64 63 62 62 61 62 62 62 62 61 62 62
    62 61 61 61 62 63 63 63 64 64 65 66 66 65 64 64 63 63 63 63 63 62 63
    63 64 63 63 64 63 63 64 62 62 62 62 62 62 63 64 65 65 65 66 66 65 65
    64 64 64 64 64 63 64 64 63 63 63 63 63 63 63 62 62 62 61 61 61 61 61
    60 60 61 61 60 61 62 62 63 63 63 63 63 64 65 65 65 65 66 67 67 68 68
    69 70 70 70 69 68 69 69 68 67 67 67 66 66 66 66 66 66 66 66 65 64 63
    63 62 62 63 63 63 63 63 63 62 62 61 61 62 62 62 62 62 63 63 63 62 64
    64 64 64 64 65 65 65 65 65 66 66 65 64 63 63 63 63 63 63 63 62 61 61
    60 61 60 61 61 61 60 60 61 62 62 63 63 64 63 63 64 64 63 64 66 66 65
    66 66 66 67 68 68 67 67 68 67 66 67 67 68 68 68 68 68 68 67 67 67 66
    67 67 67 67 66 66 64 63 63 64 65 65 65 65 65 65 64 65 65 65 66 65 65
    65 65 65 66 66 67 66 65 65 65 65 65 64 65 65 64 63 63 62 63 63 62 62
    62 62 62 62 62 62 62 62 63 63 64 64 64 65 66 66 66 65 64 64 64 63 64
    64 63 64 64 64 64 64 64 64 63 64 63 62 63 63 63 63 64 65 66 66 66 66
    67 66 65 64 64 64 63 63 62 63 63 63 63 62 62 62 62 62 61 61 61 60 61
    61 61 61 60 61 61 61 61 61 62 63 63 63 64 64 64 64 65 65 66 66 67 67
    68 68 68 68 70 70 69 68 68 68 68 67 66 66 66 65 65 65 65 64 65 65 64
    64 63 62 62 61 62 62 62 62 62 62 62 61 61 61 61 61 61 61 61 61 62 62
    62 62 63 64 64 64 64 65 65 65 65 65 66 66 65 65 64 63 63 63 63 63 64
    63 62 61 61 62 61 62 62 61 61 61 61 62 62 63 64 64 64 64 64 65 64 65
    66 66 65 66 66 66 67 68 67 67 67 67 66 66 66 66 68 68 68 68 68 68 66
    66 67 65 66 66 67 66 66 65 64 63 63 64 65 65 64 65 65 64 64 65 65 65
    66 65 65 65 65 65 66 66 66 66 65 65 65 65 65 64 65 65 64 63 63 63 64
    64 63 63 63 63 63 63 62 63 62 63 63 63 64 64 64 65 66 66 66 65 64 64
    63 63 63 64 63 63 64 64 64 64 64 64 64 64 63 63 63 63 63 63 65 65 66
    65 65 66 66 65 64 63 64 63 63 63 62 63 63 63 63 62 62 62 62 62 62 62
    62 61 62 62 61 61 61 61 61 61 61 61 62 62 63 63 63 64 64 64 65 65 66
    66 67 67 68 69 69 69 71 71 70 69 69 69 69 68 67 68 67 66 66 66 66 65
    66 65 65 65 64 63 62 62 62 62 62 62 62 62 62 61 62 61 61 61 61 61 61
    61 62 62 62 62 63 64 63 63 64 64 65 65 65 64 66 65 65 64 64 63 63 63
    63 63 63 63 62 61 61 62 61 62 62 61 61 61 61 62 62 63 64 64 64 64 64
    65 64 65 66 66 66 66 66 66 67 68 68 67 67 68 66 66 66 67 69 69 69 68
    68 68 67 67 67 66 66 66 66 65 65 64 63 63 62 63 63 64 64 64 65 64 64
    64 65 64 65 64 65 65 65 65 66 66 66 66 65 65 65 65 65 64 65 65 64 63
    64 63 64 64 63 63 63 62 63 63 63 63 63 63 64 64 64 65 64 65 66 66 66
    65 65 64 64 64 64 64 63 64 64 64 64 64 65 64 64 64 63 63 63 63 63 64
    65 65 66 65 65 65 66 65 64 64 64 63 63 63 62 63 62 62 62 61 61 61 61
    61 61 60 61 60 60 60 60 60 60 60 61 61 60 61 62 62 63 63 63 64 64 64
    65 65 66 66 67 67 68 68 68 69 70 70 69 68 68 68 68 67 66 67 66 65 65
    65 65 65 66 65 65 64 64 63 62 62 62 62 62 62 62 62 61 61 61 60 60 61
    60 60 60 61 61 62 61 61 62 63 63 63 63 63 64 63 63 63 65 64 64 64 63
    62 62 62 62 62 62 62 61 61 61 61 61 61 61 61 61 61 61 61 61 63 64 64
    63 64 64 64 64 65 66 65 65 66 66 66 67 68 67 67 67 68 66 66 66 66 67
    67 68 68 67 68 66 66 66 65 65 66 66 65 65 64 63 63 63 63 64 65 64 65
    65 64 64 64 65 64 65 65 65 65 65 66 66 66 66 66 66 66 66 66 66 65 65
    66 65 64 65 64 65 64 64 64 64 63 64 64 64 64 64 63 64 64 64 65 64 65
    66 66 66 66 65 65 64 64 65 65 64 64 65 64 65 64 65 65 64 65 64 63 63
    63 63 64 65 65 65 65 65 65 66 65 65 63 63 63 63 63 62 63 62 62 62 61
    61 61 61 61 61 60 60 59 60 60 60 60 60 60 61 61 60 61 62 62 63 62 63
    64 63 64 65 65 65 65 66 66 67 67 67 67 68 68 68 67 67 67 68 67 66 67
    66 65 65 65 65 65 66 65 65 64 64 63 62 62 62 62 62 62 62 62 61 61 61
    60 60 60 60 60 60 60 61 61 61 61 62 63 62 62 62 63 63 63 63 63 64 65
    64 63 63 62 62 62 61 61 62 62 61 61 61 61 61 62 62 62 62 62 62 62 62
    64 65 65 65 65 65 65 65 66 66 66 66 66 67 67 68 68 68 68 68 68 67 66
    66 67 67 67 68 67 67 68 66 66 66 65 65 65 66 65 65 64 63 63 63 63 64
    65 65 65 65 65 64 65 65 65 66 65 66 66 66 66 66 67 67 66 66 66 66 66
    66 65 66 66 65 65 65 65 65 64 64 64 63 63 64 64 64 64 64 64 64 64 65
    65 64 65 65 66 66 65 65 65 65 64 65 65 64 64 65 64 65 65 65 65 64 65
    64 64 64 63 64 65 65 65 66 65 65 65 66 65 65 64 64 63 62 62 62 62 62
    62 62 61 60 60 60 60 60 60 60 59 60 60 60 60 60 60 61 61 60 61 62 62
    63 63 63 63 63 63 64 64 65 65 66 66 66 67 67 67 68 67 67 66 66 66 67
    67 66 66 66 65 65 65 65 64 65 64 64 64 64 63 63 62 62 62 62 61 61 62
    61 61 61 61 60 60 60 60 60 60 61 61 61 61 62 63 62 62 62 63 63 62 62
    63 64 64 64 63 63 62 62 62 62 61 62 61 61 61 61 62 61 62 63 63 62 62
    62 62 62 64 65 65 64 64 65 65 65 65 66 66 66 67 67 67 68 68 68 68 68
    69 67 67 67 67 68 68 68 68 68 69 67 66 66 64 65 65 66 65 65 64 63 62
    63 63 63 64 64 64 65 64 64 65 65 65 66 65 66 66 66 66 66 67 66 66 65
    66 66 66 66 66 66 66 66 65 66 65 65 65 64 65 64 64 64 65 65 65 64 64
    65 64 65 65 64 65 66 66 66 65 65 65 65 64 65 65 64 65 65 65 65 65 65
    65 64 65 63 63 63 62 63 64 65 64 65 64 64 64 65 64 64 63 63 63 62 62
    61 62 61 62 62 61 60 60 60 60 60 60 60 59 60 59 60 60 60 60 61 61 61
    62 62 63 64 63 63 64 63 63 64 65 65 65 66 66 66 67 67 66 67 67 66 66
    66 66 67 67 66 67 66 65 65 65 65 65 65 65 65 64 64 63 63 63 62 62 62
    62 62 62 62 61 62 61 60 61 60 60 60 61 62 62 62 62 62 63 63 63 63 63
    63 62 63 63 64 64 64 63 63 62 61 61 61 61 62 61 61 61 61 61 61 62 63
    63 63 62 62 62 63 64 65 66 65 65 65 65 65 66 66 66 66 67 67 67 68 68
    68 68 69 69 67 67 67 67 67 67 67 67 67 68 66 65 66 64 65 65 65 64 64
    64 62 62 63 63 64 65 65 65 65 65 64 66 66 66 67 66 66 66 66 66 66 67
    66 65 65 66 65 65 65 65 65 66 65 64 65 64 65 64 64 64 64 64 64 65 65
    64 64 64 65 65 65 66 64 65 66 66 66 65 65 65 65 65 65 65 64 65 65 65
    65 65 65 65 64 65 64 63 63 62 63 64 64 64 65 64 64 64 65 64 64 63 63
    62 62 63 62 63 62 62 62 61 60 60 60 60 60 60 60 59 60 60 60 60 60 60
    61 61 60 61 62 62 63 63 63 63 63 63 64 64 65 65 65 66 66 66 65 65 66
    66 66 65 66 66 67 66 65 66 66 65 65 65 65 64 65 64 65 64 64 63 63 63
    62 62 62 61 61 62 62 62 62 61 61 61 60 60 60 61 62 62 62 62 63 64 63
    63 63 64 64 63 63 63 64 64 64 63 63 62 61 62 61 61 62 61 61 61 61 62
    61 62 63 63 63 63 62 63 64 65 66 66 66 66 66 66 65 65 66 66 66 66 66
    66 67 67 67 67 67 67 65 65 65 65 67 67 68 67 68 68 66 66 66 65 66 66
    66 65 65 64 63 63 63 64 64 66 66 66 66 65 64 66 66 66 66 66 66 66 66
    66 66 66 66 65 65 65 65 65 65 65 65 66 65 64 65 64 64 64 64 64 64 63
    64 65 65 64 64 64 65 64 65 65 64 65 66 65 66 65 65 65 64 64 65 65 64
    65 65 65 66 66 66 66 65 65 64 64 64 63 63 64 65 65 65 64 64 64 64 64
    64 63 62 63 62 63 62 63 62 62 63 62 61 61 61 61 62 61 61 60 61 61 61
    61 61 62 62 62 62 63 63 63 64 63 64 64 63 63 64 64 65 65 65 65 65 65
    65 65 66 65 65 65 65 65 66 66 65 66 66 65 65 65 65 65 65 65 65 64 64
    63 63 63 63 62 62 62 61 62 61 62 62 61 60 60 60 60 60 61 61 61 62 62
    63 63 63 63 63 64 64 63 63 63 64 65 64 64 64 63 62 63 62 62 62 62 62
    62 62 62 62 63 64 64 64 63 63 63 64 65 66 66 66 66 66 66 65 65 66 66
    66 66 66 66 67 67 67 67 67 67 65 65 65 64 66 66 67 67 67 67 66 65 65
    65 66 65 65 65 65 64 63 63 63 63 64 65 66 65 65 65 64 66 66 65 66 65
    65 65 65 65 65 66 65 65 65 65 65 64 65 65 65 66 65 64 65 64 65 65 64
    65 65 64 64 66 65 65 65 65 65 65 65 66 64 65 66 66 66 66 65 65 65 65
    66 65 64 65 65 65 65 65 65 65 64 65 64 64 63 63 63 64 64 64 65 64 64
    64 65 65 65 64 64 64 63 64 63 63 63 63 63 63 62 61 61 62 62 62 62 61
    61 61 61 62 62 62 63 63 63 63 64 63 65 64 64 65 64 64 64 64 65 65 65
    65 65 65 65 64 65 65 65 64 65 64 65 65 64 65 65 64 64 64 65 64 64 64
    64 63 64 63 63 63 63 62 62 62 62 62 61 61 62 61 61 61 61 60 60 61 62
    62 62 62 63 63 63 63 63 63 63 63 63 63 64 64 64 64 64 63 62 62 62 61
    62 62 62 62 62 63 63 64 65 65 65 64 64 64 64 66 66 67 67 67 67 67 65
    65 65 65 66 66 65 65 66 66 67 67 66 66 64 63 63 63 66 66 67 67 66 67
    65 64 65 64 65 65 65 65 65 65 63 63 63 64 64 65 66 65 66 65 65 66 66
    65 66 65 65 66 66 66 66 66 65 65 65 65 65 65 65 65 65 66 66 64 65 65
    65 65 65 65 65 64 65 66 66 65 65 65 65 65 65 65 64 64 65 65 65 65 64
    64 63 63 64 64 63 63 64 63 64 64 64 64 63 64 63 63 63 62 62 63 63 63
    64 63 63 64 64 64 64 63 62 62 62 63 62 63 62 62 63 63 62 62 62 62 62
    62 62 61 61 61 61 62 62 63 63 64 63 64 64 64 65 64 64 64 63 64 64 64
    65 65 65 65 65 65 65 65 65 65 64 64 65 65 66 66 65 66 65 65 64 65 65
    64 64 64 64 63 63 63 63 63 63 62 62 61 61 62 61 61 62 61 61 61 61 60
    60 61 62 62 63 62 63 63 63 63 63 63 64 63 63 63 64 64 64 64 64 63 62
    62 62 62 62 63 63 63 63 64 64 64 65 65 65 65 65 65 65 66 67 68 68 67
    68 68 66 66 66 66 66 66 66 65 66 66 66 66 66 66 64 63 62 62 66 66 67
    67 67 67 65 65 65 64 66 66 66 65 66 65 64 64 64 64 65 66 66 66 66 66
    65 67 67 66 66 65 65 66 66 66 66 66 66 65 65 65 65 65 65 65 65 66 66
    64 65 65 65 65 65 65 65 65 65 66 66 66 66 65 65 65 65 65 64 64 65 65
    65 65 64 64 63 63 64 63 63 63 63 63 64 64 64 64 63 63 63 62 62 62 62
    62 63 63 64 63 63 63 64 63 63 63 62 62 62 62 62 62 62 62 63 62 62 61
    62 62 62 62 62 60 60 61 61 62 62 62 63 63 63 64 64 63 64 63 64 64 63
    63 63 63 64 64 65 64 64 64 65 64 64 64 63 63 64 64 65 65 64 65 64 64
    64 64 64 63 64 64 63 63 63 62 63 63 63 62 62 62 61 62 61 62 62 62 62
    62 61 61 61 62 63 63 63 63 63 63 63 64 63 64 64 64 63 63 64 65 64 65
    65 64 63 63 63 63 63 64 64 64 64 65 65 66 67 66 66 66 66 65 66 67 68
    68 68 68 68 68 67 66 67 66 66 66 65 65 65 65 65 65 65 64 62 61 61 61
    66 66 67 67 66 66 64 64 65 64 65 65 65 64 65 64 63 64 64 64 64 65 66
    65 65 65 65 66 66 66 66 65 65 65 66 65 66 66 65 64 64 65 64 64 65 65
    65 65 65 64 65 65 65 65 65 65 65 65 65 66 67 66 66 65 65 65 65 66 64
    64 65 65 65 65 64 64 63 63 64 63 62 62 63 63 63 64 64 64 62 63 62 62
    62 61 61 62 62 63 63 62 63 63 64 63 64 63 63 63 62 63 62 63 62 62 63
    62 62 61 61 61 62 61 61 60 59 60 60 61 61 62 62 63 63 63 63 63 63 63
    64 64 63 63 63 64 64 65 65 64 65 64 65 64 64 63 63 63 64 64 64 64 64
    64 64 64 63 63 63 63 63 63 63 62 63 62 63 63 63 62 62 62 62 62 62 62
    63 62 62 62 62 61 62 62 63 63 63 62 62 62 62 62 62 62 63 62 62 62 63
    63 63 63 63 63 62 63 62 62 63 64 64 63 63 65 65 66 66 66 66 66 66 66
    66 67 68 68 68 67 68 68 66 66 66 66 65 65 64 64 65 65 65 64 64 63 62
    61 61 60 63 63 64 64 63 63 62 62 63 62 63 63 64 63 64 64 63 64 64 64
    64 65 66 65 65 65 65 66 66 65 65 64 64 65 65 64 65 65 64 63 63 64 63
    63 64 64 64 64 64 63 64 64 65 65 65 65 64 64 64 65 66 65 65 65 65 65
    65 65 64 64 65 65 65 64 64 63 63 63 64 63 62 62 63 63 63 64 64 64 62
    63 62 62 62 61 61 62 62 63 63 62 62 63 63 63 63 63 62 62 61 62 62 62
    62 62 62 62 61 60 60 61 61 61 61 59 59 59 60 60 61 62 62 63 63 63 63
    63 64 64 64 64 63 63 63 64 65 65 65 65 65 65 65 64 64 64 63 64 64 64
    64 64 64 64 64 64 64 63 63 63 63 63 63 62 63 62 63 63 63 63 63 63 63
    63 63 63 64 63 63 63 63 62 62 63 63 64 64 63 63 63 62 63 62 62 63 62
    61 62 62 63 62 63 63 63 62 62 62 61 62 63 63 63 62 64 64 65 66 66 66
    66 66 66 66 67 68 68 69 69 69 69 68 67 67 67 66 66 66 65 66 66 66 65
    65 64 62 61 61 60 63 63 64 64 63 63 62 62 62 61 63 63 63 62 63 63 62
    62 63 63 63 64 65 64 64 64 64 65 65 64 65 63 63 64 64 64 64 64 63 63
    62 63 62 62 63 63 63 64 64 63 64 63 64 64 64 65 64 64 64 65 65 65 65
    65 65 64 64 65 64 64 65 64 65 64 64 63 63 63 64 64 63 63 63 63 64 64
    64 64 62 63 63 62 62 61 61 63 63 63 63 62 63 63 64 64 64 63 62 63 62
    63 62 62 62 62 63 62 61 60 60 61 61 61 60 59 59 59 60 60 61 61 62 63
    63 63 63 63 64 64 64 64 63 63 64 64 65 65 65 64 65 65 65 63 63 63 62
    62 63 63 63 63 63 63 63 63 63 63 63 62 62 62 62 62 63 62 63 63 64 64
    64 64 64 64 64 64 64 64 63 64 64 63 63 64 64 65 65 64 64 63 63 63 63
    63 63 63 62 62 63 64 63 63 63 63 62 63 62 62 62 63 63 63 63 64 65 65
    66 66 65 66 66 66 66 67 68 68 69 68 69 69 68 67 67 67 66 65 65 65 66
    66 66 65 65 64 63 61 61 60 64 64 65 64 64 63 62 62 63 62 63 63 64 63
    64 63 63 63 63 63 63 64 65 65 64 64 64 65 65 65 65 63 63 64 64 64 64
    64 63 63 63 63 63 62 63 63 63 64 64 63 64 64 65 64 64 65 64 64 64 65
    66 65 66 65 65 64 64 65 64 64 64 64 64 64 64 63 63 63 64 63 63 62 63
    63 63 63 63 63 62 62 61 61 61 60 60 61 61 61 62 61 62 62 63 63 63 63
    62 62 62 63 62 62 62 62 63 62 61 60 61 61 61 60 60 59 59 59 59 60 61
    61 62 63 63 63 63 62 63 63 64 63 63 63 64 64 65 65 65 64 65 65 64 63
    63 62 62 62 63 63 63 63 63 64 64 64 63 63 63 62 62 62 62 62 63 63 63
    63 64 64 64 64 64 64 64 64 64 64 63 64 64 63 63 64 64 64 65 64 64 63
    63 63 63 63 63 63 62 62 62 63 63 63 63 63 63 63 63 62 62 62 63 62 62
    64 64 64 65 65 65 65 65 65 66 66 67 67 68 68 69 69 68 67 67 66 66 65
    65 65 66 66 65 64 64 63 62 61 61 60 64 64 64 64 64 64 62 63 63 62 63
    63 64 63 63 63 62 63 63 63 63 63 64 64 63 63 63 65 65 64 64 63 63 63
    64 63 64 64 63 62 62 62 63 62 63 63 64 64 64 63 64 64 64 64 64 64 64
    63 64 65 66 66 66 65 65 64 64 65 64 64 64 64 64 64 64 63 63 64 64 64
    63 62 63 62 62 63 63 63 62 62 62 62 62 60 61 62 62 62 62 61 62 62 63
    63 63 63 62 62 62 63 62 62 62 62 63 62 61 61 61 61 61 61 60 59 59 60
    60 61 61 61 62 64 64 64 64 63 64 64 64 64 63 63 64 65 65 65 65 64 65
    64 64 62 62 62 61 62 63 63 63 64 63 64 64 64 64 63 63 62 63 63 62 63
    64 64 63 64 63 64 63 64 63 63 63 63 63 63 63 63 63 62 63 63 63 63 64
    64 63 63 63 63 62 62 63 63 62 62 62 63 63 63 63 63 62 62 62 62 61 62
    63 62 62 63 64 64 65 65 65 65 65 65 65 66 66 67 68 68 68 69 68 67 67
    67 66 66 66 65 66 66 66 65 65 65 63 62 62 61 62 62 63 63 63 63 61 62
    62 61 62 62 63 62 62 62 62 62 62 62 62 63 64 64 63 63 63 65 65 64 64
    63 63 64 64 64 64 64 63 63 63 63 63 62 63 64 64 64 64 63 64 65 65 64
    64 64 64 64 64 65 66 66 67 66 66 65 65 65 64 64 64 64 64 64 64 64 64
    64 64 64 63 62 62 62 62 63 63 62 62 62 62 62 62 61 61 62 62 62 62 61
    62 62 63 63 63 63 62 62 62 63 62 62 62 62 63 62 61 61 61 62 62 61 60
    60 59 60 61 61 62 61 62 64 64 64 63 63 63 64 64 64 63 63 64 65 65 65
    65 65 65 64 64 63 62 63 62 63 63 63 63 64 64 65 65 65 64 64 63 62 63
    63 63 63 64 64 64 64 64 64 64 64 64 64 64 63 63 63 63 64 64 63 63 63
    63 64 64 64 63 63 63 63 63 62 63 63 62 62 62 63 63 63 64 64 63 63 63
    62 62 63 63 63 63 64 65 65 65 66 66 67 67 66 66 67 67 68 69 69 70 70
    69 68 68 68 67 66 66 66 66 66 66 65 65 65 63 62 62 60 62 62 62 62 62
    62 61 61 62 61 62 62 62 61 62 62 61 62 62 62 62 63 64 64 63 63 63 64
    64 63 64 63 63 64 64 64 64 64 64 63 63 63 63 63 64 64 64 65 65 64 65
    65 66 65 65 66 65 65 65 66 67 67 68 67 67 66 66 66 65 65 65 65 65 64
    64 64 64 64 65 64 64 63 63 63 62 63 63 63 62 62 62 63 62 61 62 63 62
    62 62 61 62 62 63 63 63 63 62 62 62 63 62 62 62 62 63 62 61 61 61 61
    61 60 60 59 59 60 60 61 62 62 62 64 64 64 63 63 63 63 64 64 63 63 63
    65 65 65 65 64 65 64 64 62 62 62 61 62 63 63 63 64 63 64 65 65 64 63
    63 62 62 62 62 63 64 64 63 64 64 64 64 64 64 64 63 63 63 63 63 63 63
    62 62 62 63 63 63 63 63 62 62 62 62 62 63 63 62 61 62 63 62 63 64 63
    63 63 63 62 62 63 64 63 63 64 65 65 65 66 66 66 66 66 66 67 68 69 69
    69 70 70 68 68 68 67 67 66 66 66 66 66 65 65 64 64 63 61 61 60 63 62
    63 63 63 63 61 61 62 61 62 62 62 61 62 62 61 61 61 61 61 62 63 62 62
    62 62 63 63 62 63 61 62 62 63 63 63 63 63 62 62 63 63 63 63 64 64 65
    65 65 65 65 66 65 66 66 65 65 66 66 67 67 68 68 67 67 66 66 65 65 65
    65 65 65 65 64 65 65 65 64 64 63 63 63 63 63 63 63 62 62 63 63 63 62
    62 63 63 62 62 61 62 62 63 63 62 62 62 62 62 63 62 62 62 62 62 62 61
    61 61 62 62 61 60 60 60 61 62 62 63 63 63 64 64 64 64 64 64 64 64 63
    63 63 63 65 65 64 64 63 64 63 63 62 62 62 61 62 63 63 63 63 63 64 65
    64 63 63 63 62 62 62 62 62 63 63 63 63 63 63 63 63 63 63 62 62 62 63
    63 63 63 62 62 63 63 63 64 64 63 62 62 62 62 62 63 63 62 62 62 63 63
    63 64 63 63 63 62 62 62 63 64 63 63 64 65 65 65 66 66 66 66 66 67 67
    68 69 70 70 70 70 69 69 68 68 67 67 67 66 67 66 66 65 64 64 63 62 61
    60 63 63 63 63 63 63 61 61 61 61 62 62 62 62 62 62 61 62 62 62 61 62
    63 62 62 62 62 63 63 63 63 61 62 62 62 63 63 63 62 62 61 62 62 62 63
    64 64 64 65 64 65 65 66 65 66 66 65 65 66 66 67 67 68 68 67 67 66 66
    65 65 65 64 65 64 64 64 64 64 65 64 63 63 63 63 62 63 63 62 62 62 62
    63 62 62 62 63 63 63 62 62 63 63 64 63 63 63 63 63 63 64 63 63 63 63
    63 62 62 62 62 62 62 61 60 60 60 61 62 62 63 62 63 64 64 64 63 63 64
    63 63 63 63 63 63 65 65 64 64 63 64 63 63 62 62 62 62 63 63 63 63 64
    64 65 65 65 63 63 63 62 62 62 62 62 63 63 62 63 63 63 63 63 63 62 62
    62 62 63 63 63 63 62 62 62 62 63 63 63 62 62 62 62 62 62 62 62 61 61
    62 62 62 63 64 63 63 63 62 62 62 63 64 63 63 64 65 65 65 65 65 65 65
    66 66 66 67 68 69 69 69 70 69 68 68 68 67 67 67 66 67 67 66 66 65 65
    63 62 61 60 64 63 64 63 63 63 61 62 62 61 63 62 63 62 62 62 61 62 62
    62 61 62 63 63 62 62 62 63 63 63 63 61 62 62 62 62 63 63 62 62 62 63
    63 63 63 64 65 65 66 66 66 66 67 66 67 66 66 66 66 67 67 68 68 68 67
    67 66 66 65 64 64 64 65 64 64 64 65 65 65 64 64 63 63 63 63 63 63 63
    62 62 63 63 63 62 63 64 63 63 63 62 63 63 64 64 63 63 63 63 64 64 64
    63 63 63 63 63 62 61 61 61 61 61 60 59 60 61 61 62 62 62 62 63 63 63
    63 63 63 63 63 63 63 63 63 64 64 64 63 63 64 63 64 62 62 62 62 63 63
    63 63 63 63 64 64 64 63 62 62 61 62 61 61 61 62 62 62 62 62 62 63 63
    63 62 62 62 63 63 63 63 63 62 63 63 63 63 63 64 62 61 62 62 62 62 62
    63 62 62 62 63 63 63 64 63 63 63 63 62 62 63 64 64 64 65 66 66 65 66
    66 66 66 66 66 67 68 69 70 70 70 70 69 68 68 68 67 67 67 66 67 67 66
    66 65 65 63 63 62 61 64 63 63 63 63 63 62 62 63 62 63 63 63 62 62 62
    62 63 63 63 62 63 64 63 63 62 63 64 64 63 63 62 62 62 62 62 62 62 62
    62 61 62 62 62 62 63 64 65 65 65 65 65 66 65 66 66 66 66 66 67 67 68
    68 68 67 67 67 66 65 65 65 65 65 65 65 64 65 65 65 64 64 63 63 63 62
    63 63 63 62 62 63 63 62 61 62 63 63 62 62 61 62 62 63 63 62 63 62 63
    63 63 63 63 63 63 63 63 62 62 62 62 62 61 60 59 60 61 61 62 62 61 62
    63 63 63 62 62 62 63 63 63 63 63 63 65 65 65 64 64 64 64 64 63 63 63
    63 64 64 65 64 65 64 65 65 65 64 63 63 62 62 62 62 62 62 62 62 63 63
    63 63 63 63 63 63 62 63 63 63 64 63 63 63 63 63 64 64 64 63 62 62 62
    62 62 62 62 62 62 62 63 63 63 64 64 63 63 62 62 62 63 64 63 63 64 65
    65 65 66 66 66 66 66 67 67 68 69 70 69 69 70 69 69 68 68 67 67 67 67
    67 67 66 66 65 65 63 63 62 61 65 64 64 64 64 64 63 63 63 63 64 64 64
    64 64 64 64 64 64 64 63 64 65 64 63 63 63 64 64 63 63 62 62 62 62 62
    62 62 61 61 61 62 62 62 62 63 64 65 64 65 65 65 66 66 66 66 66 66 66
    67 67 68 69 68 68 68 67 67 66 65 65 65 65 64 64 64 64 64 65 64 64 63
    63 63 62 63 63 62 62 62 63 63 62 62 62 63 63 63 63 62 63 63 64 64 63
    63 63 63 63 64 63 63 63 63 63 63 62 61 61 61 61 60 59 59 59 60 61 61
    61 61 62 63 64 64 63 63 62 63 63 63 63 63 63 65 65 65 64 63 64 64 64
    63 62 62 62 63 64 64 63 64 64 65 65 64 63 63 62 61 62 62 61 62 62 62
    62 63 63 63 64 64 64 64 64 63 64 64 64 64 64 63 63 64 64 64 65 65 64
    62 63 62 63 62 62 62 62 62 62 63 63 63 64 63 62 62 62 62 61 62 63 63
    63 64 65 65 65 65 65 65 66 66 66 66 68 69 69 69 69 70 69 68 68 67 66
    66 66 66 66 66 65 64 63 63 62 62 61 60 65 65 65 65 65 65 64 65 65 64
    65 65 66 65 65 65 65 65 65 65 64 65 65 64 63 63 63 64 63 63 62 61 61
    61 61 61 61 62 61 61 60 61 61 61 62 63 63 64 64 64 65 65 66 66 66 66
    66 66 66 67 67 68 69 68 67 67 67 66 65 64 64 64 64 63 63 63 63 63 63
    62 62 62 62 61 61 62 62 61 61 61 62 62 62 61 61 62 62 62 62 62 62 62
    63 63 62 62 62 63 62 63 62 61 62 62 62 62 61 61 60 60 60 60 59 58 59
    60 60 60 61 61 61 63 64 64 63 63 62 63 63 63 63 63 63 65 65 65 63 63
    64 64 64 63 63 62 61 63 63 64 63 63 63 64 65 64 63 62 61 61 61 61 61
    61 61 61 61 62 62 62 63 63 63 63 63 62 63 63 64 64 64 63 63 64 64 64
    65 65 64 63 63 63 63 63 63 63 63 63 64 64 64 65 65 65 64 64 64 63 62
    64 64 64 64 65 66 66 66 66 66 66 66 66 66 66 67 68 69 69 69 70 69 69
    68 68 67 66 66 66 67 66 66 65 64 64 63 63 62 61 67 66 66 66 66 65 65
    65 65 65 66 66 66 65 65 65 65 65 64 64 64 64 64 64 63 62 63 63 63 62
    62 61 61 60 61 61 61 62 61 61 60 61 61 61 61 62 63 64 64 64 64 65 66
    66 66 66 66 66 66 67 67 67 68 68 67 67 67 66 65 64 64 64 64 63 63 62
    63 62 62 61 62 61 61 61 61 61 61 61 61 61 62 61 61 60 61 61 62 62 62
    61 61 61 62 62 61 62 61 62 62 62 62 61 61 61 62 62 61 60 60 60 60 60
    59 59 59 61 61 61 61 61 61 62 63 63 62 62 62 62 63 63 62 63 63 64 64
    64 63 63 64 64 64 64 63 63 63 64 64 65 64 64 64 65 65 65 64 64 63 62
    63 63 62 62 62 63 62 63 63 63 64 64 64 64 64 64 64 65 65 65 65 65 64
    65 64 64 65 66 65 63 64 63 63 63 63 63 63 63 64 64 64 65 66 65 65 64
    64 64 63 65 65 64 64 65 66 66 66 65 65 65 65 66 65 65 66 67 68 68 68
    69 68 68 67 67 66 66 65 65 66 66 65 64 63 63 62 62 61 61 66 66 65 65
    65 64 64 65 65 64 66 66 66 65 65 66 65 65 64 64 63 63 64 64 63 62 63
    63 62 62 61 60 60 60 60 60 61 61 61 61 60 61 60 60 60 62 62 63 63 63
    64 65 65 65 66 65 65 65 66 66 66 67 68 68 67 67 67 66 65 64 64 64 64
    63 63 62 63 62 62 61 61 61 61 60 60 61 60 60 60 60 61 61 60 60 60 61
    61 61 61 60 61 61 62 62 61 62 62 62 62 63 62 62 63 63 63 63 63 62 62
    62 62 62 61 60 61 62 62 62 62 62 62 62 63 63 62 62 61 61 62 62 61 62
    62 63 63 63 62 62 63 63 64 63 63 63 62 63 64 64 64 64 64 65 65 65 64
    64 63 63 63 63 63 62 62 62 62 63 63 63 64 64 64 64 64 63 63 64 64 65
    65 64 64 64 64 64 65 65 64 63 64 63 63 63 63 63 63 64 64 64 64 65 65
    65 65 65 65 64 63 65 65 65 65 66 67 67 66 66 66 66 66 66 66 65 66 68
    68 68 69 70 68 68 67 67 66 65 65 65 65 65 64 64 63 63 62 62 61 60 66
    66 65 65 65 65 64 65 66 66 66 67 67 66 66 66 66 66 65 65 64 64 65 64
    64 63 63 63 63 62 61 60 60 60 60 60 61 61 61 61 60 60 60 60 61 62 62
    63 63 63 64 64 65 65 66 65 65 65 65 66 66 67 68 68 67 67 66 66 65 64
    64 64 63 63 63 62 62 62 62 61 61 60 60 60 60 60 60 60 60 60 61 61 61
    60 61 62 62 61 61 61 62 62 62 62 62 62 62 63 63 63 63 62 63 63 63 63
    63 62 62 62 62 61 61 61 61 62 62 61 61 62 61 62 62 62 61 61 60 61 61
    61 61 61 62 62 63 62 62 62 63 63 64 63 63 63 63 63 64 64 64 64 64 65
    65 65 64 64 64 63 63 63 63 62 62 62 62 62 63 63 63 63 63 63 64 63 63
    63 64 64 64 64 64 64 64 64 64 65 64 63 63 63 63 63 63 63 63 64 64 64
    64 65 65 65 65 65 65 64 64 65 66 65 65 66 66 66 66 66 66 65 66 66 65
    65 66 67 68 68 68 69 68 68 67 67 66 65 65 65 65 65 64 64 63 63 62 62
    61 61 67 66 65 65 65 65 65 65 65 66 66 67 67 67 66 66 66 66 66 65 64
    64 65 64 63 62 63 63 63 62 61 60 60 60 60 60 61 61 61 61 59 60 60 60
    61 62 63 63 63 64 64 64 65 65 66 65 65 65 66 66 66 67 68 68 67 66 66
    65 65 64 64 63 63 63 63 62 62 62 62 61 62 61 61 60 60 61 61 60 61 61
    62 62 62 61 62 62 62 62 63 62 63 63 64 64 63 63 63 64 63 64 64 63 64
    64 63 64 63 62 62 62 61 61 60 60 61 62 62 61 61 62 62 62 63 62 61 61
    60 61 62 62 61 61 62 63 63 62 61 61 63 63 64 63 63 63 63 64 64 64 63
    64 64 65 66 65 65 65 64 64 64 64 63 63 63 62 62 62 62 63 63 63 63 63
    63 62 62 63 63 63 63 63 63 63 63 63 64 64 63 63 63 63 63 63 63 63 63
    64 63 63 63 65 65 65 65 65 65 65 64 65 66 65 65 66 67 66 66 66 66 66
    66 66 65 65 66 67 68 67 68 69 68 68 67 67 66 66 65 65 65 65 65 64 63
    63 63 63 62 61 67 66 65 66 66 66 65 66 66 65 66 67 67 66 66 66 66 67
    66 66 65 64 65 65 64 62 63 63 63 62 62 61 60 60 60 60 61 61 60 60 59
    60 60 60 61 62 63 63 63 64 64 64 65 65 66 65 65 65 65 66 66 67 68 68
    67 67 66 66 65 65 64 64 64 64 64 63 64 63 63 62 62 61 61 61 60 61 61
    60 61 60 61 61 61 61 61 62 62 61 62 62 63 63 63 63 62 63 63 63 63 64
    63 63 63 64 63 63 63 62 62 62 61 61 60 60 60 62 62 61 61 61 61 61 62
    61 60 61 60 61 61 62 62 62 62 63 63 63 62 62 63 64 64 64 64 64 64 64
    65 65 64 64 64 65 66 66 65 65 64 64 64 64 64 63 63 63 62 63 63 64 64
    64 64 64 64 63 63 64 64 64 64 64 64 64 64 64 65 65 64 63 64 63 64 64
    64 63 64 64 64 64 64 65 65 65 64 65 65 65 64 65 65 65 65 66 66 66 66
    66 66 66 66 66 65 65 66 67 67 67 67 68 67 67 67 66 65 65 65 64 64 64
    63 63 62 63 62 62 61 61 67 66 65 65 65 66 65 65 65 65 66 66 67 66 66
    66 66 66 66 66 64 64 65 65 63 62 62 63 63 62 62 61 61 60 61 60 61 61
    61 61 59 60 60 61 61 62 63 63 64 64 65 65 65 65 65 65 64 65 65 65 66
    67 68 67 66 66 66 65 65 64 63 63 63 63 62 61 62 62 62 61 61 61 60 60
    59 60 60 60 60 60 61 60 60 60 60 61 61 61 61 61 62 62 62 63 62 63 62
    63 63 64 63 63 63 64 63 63 63 62 61 61 60 60 60 59 60 61 61 60 60 60
    60 60 61 61 60 61 60 61 62 62 62 62 62 63 63 63 62 62 63 64 64 63 64
    64 63 64 64 64 64 64 64 64 65 65 65 65 64 64 64 64 64 63 63 63 62 63
    63 64 64 64 64 64 64 63 64 64 64 65 64 64 64 64 64 64 65 65 64 63 64
    63 64 64 64 64 64 64 63 63 63 64 65 64 64 65 65 65 64 65 65 64 65 65
    66 66 66 66 66 66 66 66 65 65 66 67 68 67 67 68 68 67 67 67 66 65 65
    65 65 65 64 64 63 63 63 62 62 61 67 66 65 65 66 66 65 66 66 66 66 67
    67 66 66 66 66 67 66 66 65 64 65 65 64 62 62 63 63 62 61 61 61 60 60
    60 61 61 60 61 60 61 60 61 61 62 63 63 64 64 65 65 65 65 65 65 64 64
    64 65 65 66 67 67 66 66 65 65 64 64 64 63 63 63 63 62 63 63 63 62 62
    62 61 61 60 61 61 61 61 60 61 60 61 61 61 61 62 61 62 62 63 62 63 64
    63 64 64 64 64 65 64 64 64 64 64 63 63 62 61 61 61 60 60 60 60 61 61
    60 60 61 61 61 61 61 61 61 61 61 62 63 63 63 63 63 63 63 62 62 63 63
    64 63 64 64 64 64 64 64 63 63 64 64 65 65 64 65 64 64 64 64 64 63 63
    63 62 63 63 64 64 64 64 64 64 63 64 65 64 65 64 64 64 64 63 64 64 65
    64 63 63 63 63 64 63 63 63 63 63 63 63 64 64 64 64 64 65 64 63 64 64
    63 64 65 65 65 65 65 64 65 65 65 64 64 65 66 66 66 66 67 67 67 67 66
    65 65 65 64 65 65 64 64 64 64 64 63 62 62 67 66 65 65 66 66 65 65 66
    66 66 66 66 66 66 66 65 66 65 65 64 64 65 65 64 62 63 63 63 62 62 62
    61 61 61 61 62 62 61 61 60 61 60 61 61 62 63 64 64 64 65 65 65 65 65
    65 64 64 64 65 65 66 67 66 66 66 65 64 64 63 63 63 63 63 63 62 63 63
    63 62 62 62 61 61 60 61 61 60 61 60 60 60 60 60 61 61 62 61 62 62 63
    63 63 64 63 64 64 65 65 65 65 65 65 65 64 64 64 63 62 62 61 61 61 61
    61 62 61 60 60 61 61 60 61 61 61 61 61 62 62 63 63 63 63 64 64 64 63
    63 64 64 65 64 65 65 64 65 65 65 64 64 64 64 65 65 64 65 64 64 64 64
    63 63 63 62 62 63 63 64 64 64 64 65 64 63 64 65 64 65 64 64 64 64 63
    64 64 65 64 63 63 63 63 64 63 63 63 63 63 63 62 64 64 64 64 64 64 63
    63 63 64 63 64 64 64 64 64 64 64 65 64 65 64 63 64 65 66 65 65 67 66
    66 66 65 64 64 64 64 64 64 63 64 63 64 63 63 62 62 68 67 66 66 66 67
    66 66 67 67 67 67 67 67 66 66 66 67 66 66 65 64 65 66 65 63 63 64 64
    63 62 62 61 61 61 61 62 62 61 61 61 61 61 61 61 62 63 64 64 64 65 64
    64 64 65 64 64 63 64 64 64 65 65 65 65 65 64 63 63 63 62 62 63 63 62
    62 63 63 63 62 62 62 62 61 60 61 61 60 61 60 60 60 60 60 61 61 62 61
    61 61 62 62 63 63 63 63 63 64 64 64 64 64 64 64 63 63 63 62 62 62 61
    61 61 61 61 62 62 61 61 61 61 60 61 61 61 62 61 62 63 63 63 63 63 63
    63 63 62 62 63 64 64 64 65 65 64 65 65 65 64 64 64 65 66 65 65 65 65
    64 65 64 64 64 63 63 62 63 63 64 64 64 64 65 64 63 64 65 64 65 65 65
    65 64 64 64 65 66 65 64 64 64 64 65 64 64 64 64 64 64 63 64 65 64 64
    64 65 64 63 63 64 64 64 64 65 65 65 64 64 65 64 65 63 63 64 66 66 66
    66 67 67 67 66 65 65 65 65 64 65 64 64 64 64 64 64 64 62 62 70 69 68
    68 68 69 68 68 68 68 68 68 68 68 67 67 66 67 66 66 65 65 65 66 65 64
    63 64 64 63 62 62 62 62 62 62 63 63 62 62 61 62 62 62 62 63 64 65 65
    66 66 66 66 66 66 65 65 65 65 65 65 66 67 66 66 66 65 64 64 63 63 62
    63 63 62 62 63 63 63 62 62 62 61 60 60 61 60 60 60 60 60 60 60 60 60
    61 61 60 61 61 62 61 62 63 62 63 63 64 64 64 64 64 64 64 63 63 63 63
    63 62 62 61 62 61 62 62 62 61 61 61 60 60 61 61 61 61 61 61 62 62 63
    62 63 63 63 63 62 62 63 63 64 64 64 64 64 65 64 65 64 64 64 64 66 65
    65 65 64 64 64 64 64 63 63 63 62 63 63 64 64 63 63 64 63 63 64 64 64
    64 64 64 64 64 64 63 64 65 64 63 63 63 63 64 63 64 64 64 63 63 63 64
    64 64 64 64 65 64 63 64 64 65 65 65 65 65 65 64 64 64 64 64 63 63 64
    64 65 65 65 66 65 66 65 64 64 63 63 63 63 63 63 63 62 63 63 63 61 61
    69 68 67 67 68 69 67 68 68 68 68 68 68 68 67 67 66 68 67 67 66 66 66
    67 66 65 64 65 65 64 63 63 63 62 63 63 64 64 63 63 62 63 62 63 63 64
    65 65 66 66 67 67 66 66 66 66 65 65 65 65 66 66 67 67 66 66 65 64 64
    63 63 62 62 62 62 62 63 63 63 62 62 62 61 60 60 60 60 60 61 61 61 60
    60 61 61 61 61 60 61 61 61 61 62 63 62 63 63 64 63 64 63 63 63 63 62
    63 63 63 62 62 61 62 62 61 62 63 62 62 61 61 61 61 62 62 62 62 62 62
    63 63 64 63 63 64 63 63 62 62 63 63 64 64 65 65 64 65 65 65 64 64 64
    64 65 65 65 65 64 64 64 64 63 63 63 62 62 62 63 63 63 63 63 63 63 62
    63 64 63 63 63 63 63 63 63 63 63 64 64 63 63 63 64 64 63 64 64 64 63
    63 63 64 64 64 64 64 64 64 63 64 64 64 65 64 65 65 64 64 64 64 64 65
    64 63 64 65 65 66 65 67 66 66 65 64 65 64 64 64 64 63 63 63 63 63 63
    63 62 62 68 67 66 66 67 68 66 67 67 67 67 67 67 67 66 66 66 67 66 66
    66 65 66 66 66 64 64 65 64 63 63 63 63 63 63 63 64 64 63 63 62 63 62
    63 63 64 65 65 66 66 66 66 66 65 66 65 65 65 65 65 65 66 66 66 65 65
    65 63 63 62 62 62 62 62 62 62 63 63 63 62 62 62 61 60 60 61 61 61 62
    61 62 61 61 61 61 61 61 61 61 61 62 62 62 63 62 63 63 63 62 63 62 62
    62 62 61 61 62 62 61 60 60 61 61 61 61 62 62 61 61 61 61 61 62 62 62
    63 63 62 63 63 64 63 63 64 63 63 62 62 63 63 64 64 65 64 64 64 64 64
    63 63 63 63 65 64 64 64 64 64 64 64 63 63 63 62 62 62 63 63 63 63 63
    64 63 62 63 63 63 63 63 63 63 63 63 63 63 63 63 62 62 63 63 64 63 63
    64 64 63 63 63 64 64 64 64 64 64 64 63 64 64 64 64 64 64 64 64 64 64
    64 64 65 64 64 64 65 66 66 66 67 66 66 65 65 65 65 64 64 64 63 63 64
    63 64 63 63 62 62 67 67 66 66 66 67 66 67 67 67 67 67 66 66 66 66 65
    66 66 66 66 65 65 66 66 65 64 65 65 64 63 63 63 63 63 63 65 65 64 64
    63 63 63 64 64 65 65 66 66 67 67 67 66 66 66 66 65 65 65 65 65 65 66
    66 65 65 65 63 63 62 62 62 62 63 62 62 63 63 62 62 62 61 61 60 60 61
    61 61 62 62 62 61 61 61 61 61 61 61 61 61 62 62 62 63 62 62 62 63 62
    62 62 62 62 62 61 61 61 62 61 61 60 61 61 61 61 62 62 61 61 61 60 60
    61 62 62 62 62 62 62 63 63 62 62 63 63 63 62 62 62 63 63 64 64 63 63
    63 63 63 63 62 62 62 63 63 63 63 63 63 63 63 63 62 62 62 62 62 63 63
    63 63 63 64 64 64 64 64 64 63 63 64 64 63 63 63 63 64 63 62 62 62 63
    63 62 62 63 63 62 62 62 63 63 63 63 63 63 63 63 63 64 64 64 64 64 64
    64 63 63 64 64 65 64 63 64 65 66 66 65 67 66 66 65 65 65 65 64 64 64
    64 63 64 63 64 63 63 62 62 67 66 65 65 66 66 65 66 66 66 66 67 66 66
    65 65 64 65 65 65 65 64 65 65 65 64 64 65 64 63 63 63 62 62 62 63 64
    64 63 63 63 63 63 64 64 65 65 66 66 66 67 66 66 66 66 65 65 65 65 65
    65 65 66 65 65 65 64 63 63 62 62 62 62 62 62 62 63 63 62 62 62 61 61
    61 61 61 61 61 62 62 62 61 61 61 61 61 61 61 61 62 62 62 62 62 62 62
    62 63 62 62 62 62 62 62 61 62 62 62 61 61 60 61 61 61 61 62 61 61 60
    60 60 60 61 61 62 62 61 61 62 63 63 62 62 63 62 62 62 61 62 63 63 63
    64 63 63 63 63 63 62 62 61 62 63 62 62 63 62 63 63 62 62 61 62 62 61
    61 62 62 62 62 62 63 63 63 64 63 62 62 62 63 63 63 63 63 63 63 63 62
    62 62 63 63 63 62 63 63 63 63 63 63 63 63 63 63 63 64 63 64 64 64 64
    64 64 64 64 63 63 64 64 65 64 63 64 65 65 65 65 66 65 65 65 65 64 64
    64 63 63 63 62 63 62 62 62 63 62 61 68 67 66 66 66 67 66 67 67 67 67
    67 67 67 66 66 65 66 65 65 65 64 64 64 64 64 63 63 63 62 61 61 61 61
    61 61 63 63 63 63 62 62 62 63 63 64 64 65 65 66 67 66 65 65 65 64 64
    64 64 64 64 65 65 65 64 64 64 63 63 62 62 62 63 62 62 62 63 63 62 62
    62 61 61 61 61 62 62 61 62 62 62 61 62 61 61 61 61 61 61 62 63 62 63
    63 63 63 63 64 63 63 63 63 63 63 63 63 63 63 63 62 62 62 62 62 62 62
    62 61 61 61 60 60 61 61 62 62 62 62 62 63 63 62 62 63 63 62 62 61 62
    63 63 63 64 63 63 63 63 63 62 62 62 62 63 62 62 63 63 63 64 63 63 62
    63 63 62 62 63 63 63 63 63 64 63 63 64 64 63 63 63 63 63 63 63 63 63
    63 63 63 62 63 63 63 62 62 63 63 63 63 63 64 64 63 64 64 64 64 63 64
    64 64 64 64 64 64 64 64 63 64 63 64 63 63 63 64 64 64 65 65 65 65 64
    64 64 64 63 64 63 63 63 63 62 62 63 63 62 62 67 67 65 66 67 67 66 67
    67 67 67 67 67 66 66 65 65 66 65 66 65 65 65 65 65 64 64 64 63 62 61
    62 62 61 62 62 63 63 63 63 62 62 62 62 63 64 64 65 65 66 66 66 66 66
    66 65 65 65 65 64 64 65 66 65 64 64 64 63 63 62 62 61 62 62 62 62 63
    63 62 61 61 61 61 61 61 61 61 61 61 62 62 61 61 61 61 61 61 60 61 62
    63 62 63 63 63 63 64 64 63 64 63 63 63 63 63 63 63 63 62 62 62 62 62
    61 62 62 61 61 60 60 60 60 61 61 62 62 61 61 62 63 63 62 62 63 62 62
    62 62 62 63 63 63 63 62 62 62 62 62 62 61 61 61 63 62 62 63 63 63 63
    63 62 62 62 62 62 62 63 63 63 63 63 64 64 63 63 63 62 62 62 63 63 63
    63 63 63 63 64 63 62 63 63 63 62 62 63 63 63 63 63 64 64 63 64 64 64
    64 63 64 64 65 64 64 64 64 64 64 64 64 64 65 63 63 63 64 64 64 64 65
    64 64 64 64 63 63 63 63 62 62 61 62 61 61 62 62 61 61 66 65 64 65 66
    66 66 66 67 67 66 66 66 65 65 64 64 64 64 65 65 64 64 65 65 64 64 64
    63 62 61 61 61 61 61 61 63 63 62 62 62 61 61 62 62 63 63 64 65 65 66
    66 66 66 66 65 65 65 65 65 65 65 66 65 64 64 64 63 63 62 62 61 62 62
    61 61 62 62 61 61 61 61 61 61 61 62 61 62 62 62 62 61 61 61 61 61 61
    60 61 61 62 61 62 62 62 62 62 63 62 62 62 62 62 61 61 62 62 62 61 61
    61 61 61 61 61 61 61 60 60 60 59 59 60 61 62 62 62 62 62 63 63 62 62
    63 62 62 62 62 62 63 63 63 63 62 62 62 62 62 62 61 61 61 62 62 62 63
    63 63 63 63 62 62 63 63 63 63 63 64 64 63 63 64 64 63 64 63 62 62 62
    63 63 63 63 63 63 63 64 63 62 63 63 63 63 62 63 63 63 63 63 64 64 64
    64 64 64 64 63 64 64 65 64 64 64 64 65 65 64 65 64 65 63 63 63 64 64
    64 64 65 65 65 64 64 64 63 63 63 62 62 61 62 62 62 62 62 61 61 65 64
    63 64 65 66 65 66 66 66 66 66 65 65 65 64 64 64 64 65 64 64 64 65 65
    64 64 64 63 62 61 62 62 61 61 62 63 63 63 63 62 61 62 62 63 63 63 63
    64 64 65 65 65 65 65 65 64 64 64 64 64 65 65 64 64 64 63 63 62 61 62
    61 61 61 61 61 61 61 61 60 60 60 60 59 60 60 60 60 60 61 61 60 60 60
    61 61 60 60 60 61 61 61 62 62 62 62 62 63 62 62 62 62 62 61 61 61 62
    62 62 61 61 62 62 62 62 62 62 61 60 61 60 60 61 61 62 62 62 61 62 62
    63 61 61 62 62 62 62 61 61 62 62 62 63 62 62 62 62 62 62 61 61 61 63
    62 62 63 63 63 63 64 63 62 63 63 63 63 63 64 64 64 64 64 64 63 64 64
    62 62 62 62 63 63 63 63 63 63 64 63 62 63 63 63 62 62 62 63 63 63 63
    64 64 64 64 65 65 65 64 64 64 65 64 64 64 64 65 65 64 64 64 65 63 63
    63 63 63 64 64 65 65 65 64 64 64 64 63 63 63 62 62 63 62 62 63 62 62
    62 65 64 63 64 65 65 65 66 65 66 65 65 65 65 64 64 63 64 64 65 65 64
    64 64 65 64 64 63 62 62 61 61 62 62 62 62 63 64 63 63 62 62 62 63 63
    64 63 64 65 65 66 65 65 65 65 64 64 64 63 63 64 64 65 63 63 63 63 62
    62 61 61 60 61 60 60 60 60 60 60 60 60 59 59 59 59 59 59 60 60 60 60
    60 60 60 61 61 60 60 60 61 62 61 62 63 63 63 63 63 62 63 63 63 62 62
    61 61 62 62 62 61 61 62 62 62 62 62 61 61 60 61 60 60 61 62 62 62 62
    62 62 62 62 61 60 61 61 61 61 60 60 61 62 61 61 61 60 60 60 61 60 60
    60 60 62 62 62 63 63 63 64 64 63 63 64 63 63 63 63 64 63 64 64 64 64
    63 63 63 62 62 62 62 62 62 62 62 62 62 63 63 62 62 62 62 62 61 62 62
    62 63 63 64 64 63 64 64 64 64 64 64 64 65 64 64 64 64 65 64 64 64 63
    64 63 63 63 63 63 63 64 64 64 64 64 64 64 64 63 63 63 63 62 63 62 62
    63 62 62 62 65 64 63 64 65 65 65 65 65 66 65 65 64 64 64 63 62 63 63
    64 63 63 63 64 64 64 63 63 62 62 61 61 62 62 62 62 63 63 63 63 63 62
    62 63 63 63 63 64 65 65 66 65 65 65 65 64 64 64 63 63 63 63 64 63 63
    63 63 62 61 60 61 60 60 60 60 60 61 61 60 60 60 59 59 59 59 59 59 59
    60 60 60 60 60 60 61 60 60 60 60 61 62 61 63 63 63 63 64 64 63 63 63
    63 63 62 62 62 63 63 63 62 62 63 63 63 63 63 63 62 61 62 61 61 61 62
    63 63 63 62 62 62 63 61 61 62 61 60 61 60 60 61 61 61 61 61 61 60 60
    60 61 60 60 60 62 62 62 63 64 64 64 64 63 63 64 64 64 63 63 64 64 64
    64 64 64 63 63 63 62 61 61 62 62 62 61 62 61 62 62 62 61 61 61 61 61
    61 61 62 62 62 62 63 63 63 64 65 65 65 64 64 64 66 65 64 65 65 65 65
    64 64 64 64 63 63 63 63 63 64 64 64 65 65 64 65 65 65 64 64 64 64 64
    65 64 64 65 65 64 64 64 63 62 63 63 64 64 64 64 64 64 63 63 63 63 62
    62 63 63 63 63 62 63 63 64 64 63 63 62 62 61 61 62 62 62 62 63 63 63
    62 62 62 62 62 63 63 63 63 64 64 65 64 64 64 64 63 63 63 62 62 62 63
    63 63 62 63 63 62 62 61 62 61 61 61 61 61 62 62 61 61 61 61 61 60 60
    61 60 60 61 61 61 61 61 61 62 61 61 61 61 62 62 62 63 64 63 64 64 64
    63 64 63 64 63 63 63 62 63 64 63 63 63 63 64 63 63 63 63 62 62 62 61
    61 61 62 62 62 62 62 62 62 62 61 61 62 61 60 61 60 60 61 61 61 61 61
    60 60 60 61 61 61 60 60 62 62 62 63 64 64 64 64 64 64 64 64 64 64 64
    65 65 65 65 65 65 64 64 63 62 62 62 62 63 62 62 62 62 62 62 62 61 61
    61 62 61 61 61 62 62 62 62 63 63 63 64 64 64 65 64 65 65 66 65 64 65
    65 65 65 64 65 64 64 63 63 63 63 63 63 64 63 64 63 63 63 64 64 63 62
    62 62 62 63 63 63 63 63 62 62 63 62 61 62 63 63 63 64 64 64 64 63 63
    63 63 63 62 63 63 64 63 63 64 64 65 64 64 63 63 62 62 61 62 62 62 62
    62 62 62 62 62 62 62 62 62 62 62 63 63 63 64 64 63 63 63 62 62 63 62
    62 62 63 63 63 62 63 63 62 62 61 62 61 62 62 62 62 63 63 62 62 61 61
    61 60 60 61 60 60 60 61 61 60 61 61 61 61 60 60 60 61 62 62 63 64 63
    64 64 64 64 64 64 64 64 63 63 63 64 64 64 64 63 64 64 64 64 64 64 63
    62 62 62 61 61 62 62 62 62 62 62 62 62 61 60 62 61 60 60 59 60 60 61
    60 60 60 60 60 60 60 60 59 59 59 61 61 60 61 62 62 63 62 62 62 62 62
    62 62 62 63 63 63 63 63 63 62 63 62 61 61 61 62 62 62 62 62 62 62 63
    63 62 62 62 63 63 62 62 63 63 63 63 64 63 63 64 65 64 64 64 64 64 65
    64 64 64 65 65 64 64 64 64 64 63 63 63 63 64 64 64 64 64 64 64 64 64
    64 63 63 63 62 63 63 63 63 63 63 62 62 62 61 61 62 62 64 63 64 64 64
    64 63 63 63 63 63 62 63 63 63 64 63 63 64 65 64 63 63 63 62 62 62 63
    63 63 62 63 63 63 62 62 63 63 63 63 63 62 63 64 63 64 64 63 63 63 62
    62 63 62 62 62 62 63 62 62 63 62 62 62 61 62 61 62 62 62 62 63 63 62
    62 62 61 61 61 61 61 60 61 61 61 61 60 61 60 61 60 59 59 60 61 61 61
    63 63 63 63 64 63 63 63 63 64 63 63 63 63 64 65 64 64 63 63 64 63 63
    64 64 63 63 63 62 62 62 62 63 63 62 62 62 62 62 62 61 63 62 62 62 60
    60 61 61 61 61 61 60 60 60 60 60 60 59 59 60 60 60 60 61 61 62 62 62
    61 62 62 62 62 62 63 63 63 64 64 63 63 63 63 62 62 62 63 63 63 63 63
    63 63 63 63 62 62 63 63 63 62 63 63 63 64 64 64 64 64 64 64 64 65 64
    64 64 66 65 64 65 65 65 65 65 65 64 64 63 63 64 63 64 64 64 64 65 64
    64 64 64 63 63 63 62 62 62 62 62 62 63 62 62 61 62 62 61 62 62 63 63
    64 63 63 63 63 63 63 63 63 62 63 63 63 63 63 63 63 64 64 63 63 62 62
    62 62 62 62 62 61 62 62 62 62 62 62 62 62 63 62 62 63 63 63 64 63 63
    62 62 62 62 63 63 62 62 62 63 62 62 63 62 62 62 61 62 62 62 62 62 62
    63 63 61 62 61 61 61 61 60 60 60 60 60 61 60 60 60 59 60 59 58 59 59
    60 61 61 62 63 62 63 63 63 62 63 62 63 63 62 62 63 64 65 64 63 63 63
    63 63 63 63 63 63 62 63 62 62 62 62 63 63 63 62 62 62 62 61 61 62 62
    61 61 60 60 60 60 60 61 61 60 60 60 60 60 59 59 59 60 60 60 61 61 61
    62 62 62 62 62 62 62 62 63 63 64 64 65 65 64 64 64 63 63 62 63 63 63
    63 63 64 63 63 63 63 62 62 62 62 62 62 63 63 63 64 64 64 64 64 64 65
    64 64 64 64 64 66 65 64 65 65 66 65 65 65 65 64 64 64 64 64 64 64 65
    64 65 64 63 63 64 63 62 62 62 61 61 61 61 61 61 61 61 60 63 62 62 62
    63 64 64 64 64 64 64 64 64 63 63 63 62 63 63 63 63 63 63 63 64 64 63
    63 62 62 62 61 62 62 62 61 61 62 62 62 62 62 62 62 62 62 61 62 63 62
    63 63 62 62 62 61 62 62 62 62 62 62 62 62 62 63 63 62 62 61 62 62 63
    63 63 63 63 63 62 62 61 61 61 60 60 60 59 60 60 60 60 59 59 59 60 59
    58 59 59 60 60 61 62 63 62 63 63 63 62 62 62 63 62 62 62 62 63 64 63
    63 63 63 63 62 62 63 63 62 62 62 62 62 62 63 63 63 63 62 62 62 63 62
    61 63 62 61 62 60 60 61 61 61 61 61 60 60 59 60 60 59 59 59 60 60 59
    60 61 61 62 62 62 62 62 62 63 63 64 64 65 65 65 65 65 64 65 64 63 63
    63 63 63 64 63 64 63 63 63 63 62 62 62 61 62 61 62 62 62 63 64 64 64
    64 64 65 64 64 64 64 64 65 65 64 65 65 66 65 65 65 64 64 64 64 64 64
    64 64 64 64 65 64 64 64 63 63 62 62 62 62 62 61 61 61 61 61 61 60 62
    61 61 61 62 63 63 64 64 64 64 63 63 63 63 63 62 63 63 63 63 63 63 63
    64 64 63 63 62 62 61 61 62 62 62 61 62 62 63 63 63 63 62 62 62 62 61
    62 62 62 63 63 62 62 62 62 62 63 62 62 62 62 62 61 61 62 62 61 62 61
    61 61 62 62 62 62 62 62 61 61 61 60 61 61 60 61 60 61 61 61 61 61 60
    60 60 60 59 60 60 61 61 61 63 63 63 63 63 63 62 62 62 62 62 62 62 62
    63 63 63 62 62 62 63 62 62 63 63 63 62 63 62 63 62 63 64 64 63 63 63
    62 63 62 61 63 62 61 61 60 60 60 61 60 60 60 59 59 59 59 59 59 58 59
    60 60 59 60 61 61 62 62 61 61 62 62 62 63 63 64 64 65 65 65 65 64 64
    64 63 63 63 63 64 64 64 64 64 64 63 63 62 62 62 61 62 62 62 62 63 64
    64 64 64 64 64 64 64 64 63 64 64 65 64 64 65 65 65 65 65 64 64 64 63
    63 64 64 64 64 64 65 65 65 64 64 64 64 63 63 63 62 62 62 62 62 62 61
    61 61 62 61 61 62 63 64 63 64 64 65 65 64 64 63 63 63 62 62 63 63 63
    63 63 63 64 65 64 63 63 62 62 62 63 63 63 62 62 63 64 64 64 64 63 63
    63 62 62 62 63 63 63 63 63 62 62 62 62 63 62 62 62 62 62 62 62 62 62
    62 62 61 62 62 62 62 62 63 63 62 61 62 61 61 62 61 61 61 61 61 61 61
    61 61 60 60 60 60 59 59 60 60 61 61 62 62 61 61 62 62 61 61 61 62 61
    61 61 61 62 63 63 62 63 63 62 62 63 63 64 63 62 63 62 63 63 64 64 63
    63 63 62 62 62 61 61 63 62 62 62 60 60 61 62 61 60 61 59 60 60 60 60
    60 59 60 61 61 60 61 61 61 62 62 62 62 62 63 63 64 64 65 65 65 66 66
    66 65 65 65 64 63 63 63 64 64 64 65 64 64 64 64 62 62 62 61 62 62 63
    63 63 64 65 65 65 64 64 64 64 64 64 64 64 65 64 64 65 65 65 65 65 64
    63 63 63 63 64 63 64 63 64 64 64 64 63 63 63 63 62 62 62 62 62 62 62
    61 61 61 61 60 63 62 62 63 64 64 64 65 64 65 65 64 64 64 64 63 63 62
    63 63 63 63 63 63 64 64 63 63 63 62 62 62 62 62 63 62 62 63 63 63 63
    64 64 64 64 63 62 62 63 63 63 63 62 62 62 62 62 63 62 62 62 62 62 61
    61 62 62 62 62 61 61 61 62 61 61 62 62 62 61 61 61 61 61 61 61 61 60
    60 61 61 61 61 61 60 60 60 59 60 60 61 61 61 62 62 61 61 62 62 61 61
    61 61 61 61 61 61 62 63 63 62 63 63 62 63 63 63 64 63 63 63 62 63 63
    64 64 63 63 62 62 62 62 61 61 63 62 61 61 60 60 61 61 60 60 60 59 59
    60 60 60 60 59 60 61 61 60 60 61 62 63 63 63 63 63 63 63 64 64 65 66
    66 66 66 66 65 65 65 64 63 64 64 64 65 64 65 64 63 63 64 62 62 62 61
    62 62 63 63 64 65 65 65 65 64 64 64 64 64 65 65 64 66 65 65 65 65 65
    65 65 64 63 63 63 63 64 63 64 63 63 63 64 63 63 63 62 62 62 62 62 61
    61 61 61 60 60 60 61 60 63 62 62 63 64 64 64 65 64 65 65 64 65 64 64
    63 63 62 63 63 63 63 63 63 63 63 62 62 62 62 61 61 61 61 61 61 61 62
    62 62 63 63 63 63 63 62 62 62 63 62 63 62 62 61 61 61 61 62 61 61 61
    61 61 61 60 61 62 61 61 60 61 61 61 61 62 62 62 62 61 62 61 61 62 61
    61 61 60 61 61 61 62 61 61 60 61 60 59 60 60 61 61 61 62 62 61 61 62
    62 61 61 60 61 60 60 61 61 63 64 63 63 63 63 62 62 63 63 64 63 63 63
    63 63 63 64 64 63 63 62 61 61 62 61 61 62 61 61 61 59 59 61 61 60 60
    60 59 59 60 60 60 60 60 60 61 61 60 61 62 62 63 63 63 62 63 63 63 64
    64 64 65 65 66 66 65 65 64 64 63 62 62 62 63 64 63 64 64 62 63 63 61
    61 61 61 61 61 62 63 63 64 65 65 65 64 64 64 64 64 65 64 64 66 65 64
    65 65 65 65 65 64 64 64 64 64 64 64 64 63 64 64 64 64 63 63 63 63 63
    63 62 62 62 61 61 60 60 60 61 60 62 61 61 63 63 64 63 64 64 65 65 64
    64 64 64 64 63 62 63 63 63 63 63 63 63 63 62 62 61 62 61 60 61 61 61
    60 60 61 61 61 62 62 62 63 63 62 61 62 62 62 62 62 62 61 61 61 61 62
    62 61 61 61 61 61 61 61 62 62 62 61 61 61 61 61 62 62 62 62 61 62 62
    62 62 62 61 61 61 61 62 62 63 62 62 61 62 61 60 61 61 62 62 62 62 62
    62 62 62 62 61 61 61 61 61 61 62 62 63 64 64 63 63 63 63 63 63 64 65
    64 63 64 64 64 64 64 65 64 63 62 62 62 62 61 61 63 62 61 61 60 60 61
    61 60 59 60 59 58 59 59 60 60 59 60 60 60 60 61 62 62 63 63 63 63 63
    63 63 64 64 64 65 65 66 66 65 64 64 64 63 62 62 63 63 64 63 64 64 63
    63 63 62 62 61 61 62 61 62 63 64 65 65 65 65 65 64 65 64 64 65 65 65
    66 65 65 65 64 65 65 65 64 64 63 64 64 64 63 64 63 63 63 63 63 63 63
    62 63 62 62 61 61 61 60 60 59 59 59 60 59 61 61 61 62 63 63 63 64 63
    64 65 64 64 64 64 63 63 62 63 63 63 63 63 63 63 63 62 62 62 62 61 61
    61 61 61 61 61 62 62 62 62 62 63 63 63 62 62 62 62 62 62 62 62 61 61
    61 61 62 62 61 62 62 62 61 60 61 62 61 62 61 62 62 62 61 61 62 62 62
    61 62 62 61 62 62 61 61 61 61 62 62 62 62 61 61 61 61 60 61 61 62 62
    61 62 62 61 61 62 62 61 61 61 61 61 61 61 62 63 63 63 63 63 63 63 62
    63 64 65 64 63 64 63 64 64 64 65 64 64 63 62 62 62 62 61 63 62 61 61
    59 60 60 60 60 59 60 59 58 59 59 59 60 59 59 60 60 59 60 61 62 62 62
    63 62 62 63 63 63 64 64 64 66 66 66 66 65 64 64 64 63 63 64 64 64 64
    65 65 64 64 64 63 62 62 61 62 61 62 63 63 65 65 65 65 64 64 64 64 64
    65 64 64 65 64 64 64 64 65 65 65 64 63 63 63 63 64 63 63 63 63 63 64
    64 63 63 63 63 63 62 62 62 62 61 61 60 60 60 61 60 62 62 62 63 64 64
    64 64 64 65 65 65 65 64 64 64 63 62 63 63 63 63 63 63 62 62 62 62 61
    62 61 60 60 60 61 60 61 62 62 62 62 63 63 64 63 63 62 63 63 62 63 62
    63 62 61 61 61 62 62 61 61 61 61 61 60 61 62 62 62 61 62 62 62 62 62
    62 62 62 61 62 62 62 62 62 61 61 61 61 61 61 61 61 61 61 61 61 61 61
    61 62 62 62 62 62 62 61 62 62 62 62 62 62 61 61 62 62 63 63 63 63 63
    62 62 62 63 63 64 64 63 64 63 63 64 64 65 64 64 63 62 62 62 62 62 62
    62 61 61 59 60 61 61 60 59 60 59 59 60 60 60 60 60 60 60 61 60 61 62
    62 63 63 63 63 63 63 63 64 64 64 64 65 66 66 66 65 64 64 64 63 63 64
    64 64 64 64 64 64 64 64 63 62 62 61 62 61 62 63 64 65 65 65 65 65 64
    65 65 65 65 65 64 65 65 65 64 64 65 65 65 64 63 63 63 63 63 63 63 62
    63 63 64 64 63 63 63 63 63 63 62 63 63 61 61 61 61 61 62 61 63 62 62
    64 65 64 64 65 64 65 65 65 65 65 64 64 63 62 62 63 63 63 63 63 62 62
    62 61 61 61 60 60 60 59 60 60 60 61 62 62 62 63 63 64 63 63 63 63 63
    63 64 63 64 63 63 62 62 63 63 62 62 63 62 62 61 62 62 63 63 62 63 62
    62 62 62 63 63 63 62 63 63 62 63 62 62 62 61 61 61 61 61 61 61 61 61
    61 61 62 62 62 62 62 62 63 62 62 63 63 63 63 63 63 63 63 63 63 64 64
    64 64 64 63 63 63 63 64 65 64 63 64 64 64 64 64 65 64 64 63 63 63 63
    63 63 63 63 62 62 60 61 62 61 60 60 60 60 60 60 60 61 61 60 60 61 61
    61 61 62 63 64 64 64 64 64 64 64 64 64 64 65 66 66 66 66 65 64 65 64
    64 64 64 64 64 64 64 64 64 64 64 63 62 61 61 62 61 62 63 63 64 65 65
    65 65 64 65 65 65 65 65 65 66 66 66 66 65 66 66 66 64 64 63 64 63 63
    63 62 62 62 62 63 63 63 63 62 63 63 62 62 62 62 61 62 61 61 61 62 61
    63 63 63 65 65 65 65 65 64 65 65 65 65 65 64 64 63 62 62 62 62 62 62
    62 61 61 61 60 61 60 60 59 59 59 60 59 60 61 62 62 62 63 63 64 63 63
    63 63 64 63 64 64 64 64 63 63 63 64 63 63 63 63 63 62 62 62 63 63 63
    63 63 63 62 62 62 63 63 63 62 63 62 62 62 62 61 61 60 60 60 60 60 60
    60 60 60 60 60 60 61 61 61 61 62 62 62 62 63 64 63 63 64 63 63 63 64
    63 64 64 64 64 64 63 63 63 63 63 64 64 63 64 64 64 64 64 65 64 64 64
    64 64 64 64 64 64 64 63 63 62 62 63 63 62 62 62 62 61 62 62 62 62 61
    62 62 62 62 62 63 64 64 64 64 64 64 64 64 64 64 64 65 66 66 66 66 65
    64 65 64 63 64 64 64 64 64 64 64 63 63 63 63 62 61 61 62 61 62 63 64
    65 66 66 66 65 65 66 66 66 66 66 66 67 66 66 66 66 67 66 66 65 64 64
    64 64 64 64 64 63 63 63 63 63 63 63 63 63 63 62 62 61 61 60 60 60 59
    59 60 59 64 63 63 65 66 66 66 65 65 66 66 66 66 66 66 65 64 63 63 63
    63 63 63 63 62 62 62 61 62 61 61 60 60 59 60 60 61 61 62 62 62 63 63
    63 63 63 62 62 63 63 63 63 64 64 64 63 63 63 63 63 63 63 63 63 62 63
    63 63 64 63 63 63 63 62 63 63 63 64 62 63 63 62 62 62 61 61 60 60 60
    60 60 60 60 60 60 60 60 60 60 61 61 61 62 62 62 62 63 64 63 64 64 64
    64 64 64 63 64 64 64 64 64 64 64 64 64 64 65 65 64 65 65 65 65 65 66
    66 66 65 65 65 65 65 64 65 64 63 63 62 62 63 63 62 62 62 62 61 62 62
    62 62 61 62 62 62 62 63 63 64 64 64 65 64 64 64 64 64 64 64 65 66 66
    66 66 65 65 65 65 64 65 64 64 65 64 64 64 63 63 63 62 62 61 61 62 61
    62 63 63 64 64 65 65 64 64 65 65 65 66 66 65 66 66 66 66 65 66 66 66
    65 64 64 64 64 64 64 63 63 63 63 63 64 63 63 63 63 63 62 62 61 62 61
    61 60 60 60 60 60 64 63 64 65 66 66 66 65 65 66 65 66 66 65 65 64 64
    63 63 64 63 64 64 64 63 62 62 62 62 62 62 61 61 60 61 61 61 62 63 63
    63 63 63 63 63 63 63 63 63 63 64 64 65 64 64 63 63 63 63 63 63 63 63
    63 62 63 62 63 63 62 63 62 62 62 62 63 63 63 62 63 63 62 62 62 61 60
    60 61 61 60 61 60 60 60 60 60 60 60 60 61 60 60 61 61 61 61 62 63 62
    63 63 63 62 62 62 62 63 63 63 63 63 63 63 63 63 64 65 65 64 65 65 65
    66 65 66 66 66 65 65 65 65 65 65 65 64 64 63 62 62 63 63 62 62 62 62
    61 62 61 62 61 61 61 61 62 61 62 62 63 64 64 64 63 63 63 64 64 64 64
    65 66 66 66 65 65 64 65 65 65 65 65 65 65 65 65 65 64 64 64 63 62 62
    62 62 62 63 63 64 65 65 65 65 65 64 65 65 65 66 65 65 66 66 65 65 65
    66 66 66 65 64 63 64 63 64 63 63 62 63 63 63 63 63 62 63 63 63 62 62
    61 62 61 61 61 60 60 60 60 64 63 64 65 66 66 66 65 65 66 66 66 66 66
    66 65 64 63 63 63 63 63 64 63 63 62 62 62 63 63 62 61 61 61 62 61 62
    63 64 64 64 65 65 64 64 64 64 63 63 63 63 64 64 64 64 63 62 63 63 62
    62 63 63 63 63 63 63 63 64 63 63 63 63 63 63 63 63 64 63 64 64 63 63
    62 61 61 61 61 61 60 61 60 60 60 60 60 60 61 61 61 61 61 61 62 61 62
    63 63 63 63 64 63 63 63 63 63 63 64 64 64 63 63 63 63 64 64 65 65 64
    65 65 65 65 65 66 66 66 65 64 65 64 64 64 65 64 64 63 62 62 64 63 62
    62 63 62 62 63 62 62 62 61 62 63 63 63 63 64 64 65 65 65 65 64 64 65
    65 65 65 65 66 66 66 66 65 65 65 65 65 65 65 65 65 64 65 65 64 63 64
    63 62 62 62 62 62 63 63 63 64 64 64 65 64 64 65 65 65 65 65 65 66 66
    66 66 65 66 66 67 65 64 64 64 63 64 64 64 63 63 63 63 63 63 63 63 63
    63 63 63 62 63 62 62 62 61 61 62 61 64 64 64 66 67 67 67 66 66 67 66
    67 67 66 66 65 65 64 64 64 63 64 64 64 63 63 62 62 63 63 62 62 62 61
    62 62 63 63 64 64 65 65 65 65 64 64 64 63 64 63 63 64 64 63 63 63 62
    62 62 62 62 63 63 63 63 63 63 63 64 64 64 64 63 63 64 64 64 65 64 65
    65 64 63 62 61 61 61 61 61 61 61 61 61 61 61 61 61 61 61 61 61 61 61
    62 62 62 63 63 63 63 64 63 63 63 63 63 64 64 64 64 64 64 64 64 64 65
    66 66 65 65 66 65 66 66 67 66 66 65 65 65 65 65 64 64 64 63 63 62 62
    63 63 62 62 63 62 62 63 62 62 62 61 62 62 62 62 63 63 64 64 64 64 64
    64 64 64 65 64 64 65 65 65 66 65 65 64 65 64 64 64 64 64 64 64 64 65
    63 63 63 62 62 61 62 62 62 62 63 63 64 65 65 65 64 64 65 65 64 65 65
    65 66 67 66 66 66 66 66 67 65 64 64 64 64 64 64 64 63 63 63 63 63 63
    63 63 63 63 63 62 62 63 62 62 62 61 61 61 61 63 63 64 66 66 66 66 66
    66 67 66 67 67 66 66 65 65 64 64 64 64 64 64 64 63 63 62 62 63 63 62
    61 62 61 62 62 63 63 64 64 64 65 65 65 64 64 64 64 64 63 64 64 65 64
    63 63 62 63 63 63 63 63 64 64 64 64 64 64 65 64 65 64 64 64 64 64 64
    65 64 65 65 64 64 63 62 62 62 62 62 62 62 62 61 61 61 61 61 62 62 62
    61 61 62 62 62 62 63 63 64 64 64 63 63 63 63 63 64 65 65 64 64 64 64
    64 65 65 66 66 65 65 66 65 66 66 67 67 67 66 65 66 65 65 65 65 65 64
    63 63 63 64 64 63 63 63 62 62 63 62 62 62 61 62 62 62 62 63 64 64 64
    64 64 64 64 64 64 64 64 64 64 65 65 65 65 65 64 65 64 64 65 64 65 65
    65 65 65 64 63 63 62 62 62 62 62 63 63 63 63 65 65 65 65 64 64 65 65
    65 65 66 65 66 67 66 66 65 66 66 66 65 64 64 64 63 64 64 63 63 63 63
    62 62 62 62 62 62 62 62 61 61 61 61 60 60 59 59 60 59 64 64 64 66 66
    66 66 66 66 67 67 67 67 66 66 66 65 64 65 65 64 64 65 65 64 64 63 63
    64 64 63 62 62 62 63 62 63 63 63 64 64 65 65 65 64 64 64 63 64 63 63
    64 65 64 64 63 63 63 63 63 63 63 64 64 64 64 63 64 65 64 64 64 64 64
    64 64 64 65 64 65 65 64 64 63 62 61 61 61 61 61 61 61 60 61 60 61 61
    61 61 61 61 61 61 62 61 62 63 63 64 64 64 63 64 63 63 64 64 65 65 64
    65 64 65 65 65 66 67 66 66 66 66 65 66 66 67 67 67 66 65 66 65 65 65
    65 65 64 64 63 63 64 64 63 63 63 63 62 63 62 62 62 62 62 62 62 62 63
    63 64 64 64 64 64 64 64 64 64 65 64 64 65 65 65 64 64 64 65 64 64 65
    65 65 65 65 65 65 64 63 63 62 62 62 62 62 62 63 63 63 64 65 64 65 64
    63 64 64 64 65 65 65 66 66 66 66 65 66 67 67 65 64 64 64 64 64 64 63
    63 63 63 62 62 63 62 62 62 62 61 60 60 60 60 60 60 59 59 59 59 62 62
    62 64 65 65 65 65 65 66 65 66 66 65 65 64 64 64 64 64 64 64 65 64 64
    63 63 63 63 63 62 62 62 61 62 62 63 63 63 64 64 64 64 64 63 64 63 62
    63 63 63 63 64 63 63 63 62 62 62 62 62 62 63 63 63 63 63 64 65 64 64
    64 64 64 64 64 64 65 64 65 65 64 64 63 62 62 62 62 62 61 62 61 61 61
    61 62 62 62 62 62 61 61 61 62 61 61 63 63 63 63 63 63 63 63 63 63 64
    64 64 64 64 64 64 64 64 65 65 65 64 64 65 64 65 65 66 66 66 65 64 64
    64 64 65 64 64 64 63 63 63 64 63 62 63 63 62 62 62 62 62 63 62 63 63
    63 62 63 64 64 64 64 64 64 64 64 64 64 64 64 64 64 64 64 64 64 63 64
    64 63 64 64 65 65 64 64 64 63 63 63 62 63 62 63 63 63 63 64 63 64 65
    64 65 64 63 64 64 64 65 65 65 65 66 65 65 65 66 66 66 65 64 64 64 64
    64 64 64 63 63 63 63 63 63 62 62 62 62 61 61 60 60 59 60 60 59 59 59
    59 63 63 63 65 66 66 66 65 65 67 66 66 66 65 66 64 64 63 63 63 63 64
    64 64 63 63 62 63 63 63 62 62 62 62 63 63 64 64 65 65 66 66 66 66 65
    65 65 64 65 64 64 64 65 64 64 63 63 63 63 63 63 63 64 64 64 64 63 64
    65 64 64 64 63 64 64 64 64 65 64 65 65 64 64 63 62 61 62 62 62 61 62
    61 61 61 61 61 61 61 61 61 60 60 60 61 60 60 61 62 62 62 63 62 62 62
    62 62 63 64 64 64 64 64 64 64 64 65 65 65 64 64 65 64 65 65 66 66 66
    65 64 65 64 64 65 64 64 64 63 63 63 64 63 62 63 63 62 62 63 62 63 63
    62 63 63 63 63 64 64 65 64 64 64 64 64 64 64 65 64 64 64 64 64 64 64
    64 63 64 63 63 64 64 64 64 64 64 64 63 62 62 61 62 61 61 62 62 62 63
    63 64 64 63 64 63 63 64 64 64 64 64 64 65 66 65 65 65 66 66 66 65 64
    64 64 64 64 64 64 63 62 63 62 62 63 62 62 62 62 61 61 60 60 60 60 60
    59 59 59 59 64 64 64 66 66 66 66 65 65 66 66 66 66 65 65 64 63 63 63
    63 63 63 64 64 63 63 62 63 63 63 63 62 62 62 63 64 65 65 66 66 66 66
    67 66 66 66 66 65 65 65 65 65 65 65 64 64 62 62 62 62 62 63 63 63 63
    62 62 63 64 63 63 63 63 63 63 64 64 64 64 65 65 65 64 64 63 63 64 63
    63 62 63 62 62 62 62 63 63 62 62 62 61 61 61 61 61 61 62 62 62 62 62
    62 62 62 62 62 62 63 63 63 63 63 63 63 63 64 64 64 63 64 64 64 65 65
    66 66 66 65 65 65 64 64 65 65 65 64 63 63 63 64 63 63 63 63 63 62 63
    63 63 63 62 63 64 64 63 64 65 65 65 65 65 65 65 65 65 65 65 65 64 65
    65 65 64 64 63 64 63 63 64 64 64 64 64 64 64 62 62 61 60 61 60 60 61
    61 61 62 62 63 62 62 63 62 61 62 63 63 64 64 64 65 66 65 65 65 66 66
    66 65 64 64 65 64 65 65 64 64 63 63 62 62 63 62 62 62 62 61 61 60 61
    60 60 60 59 59 59 59 65 65 65 67 67 67 67 66 66 67 66 67 67 66 66 64
    64 63 63 64 64 64 65 64 63 63 63 63 64 64 63 62 62 62 63 63 65 65 66
    66 66 66 66 66 65 66 65 65 65 65 65 65 66 66 65 64 63 63 62 62 63 63
    64 64 63 63 63 63 64 64 64 63 62 63 63 63 63 64 64 65 65 64 64 64 63
    63 63 63 63 62 63 62 62 62 62 63 63 63 62 62 62 61 61 61 61 61 62 62
    62 62 62 61 61 61 61 61 61 62 62 62 62 62 62 62 63 63 64 63 62 63 64
    64 65 65 66 67 67 65 65 66 65 65 65 65 65 64 63 63 64 64 63 62 62 62
    62 62 62 62 63 62 62 63 63 63 63 64 65 65 65 65 65 65 65 66 66 65 65
    65 64 64 65 65 65 64 63 64 63 63 64 64 64 64 64 64 64 63 63 62 61 62
    61 61 61 61 61 63 62 63 63 62 63 62 62 63 63 63 64 64 64 65 66 65 65
    65 65 66 66 64 64 64 64 64 64 64 63 63 62 62 62 62 63 62 62 62 62 61
    61 61 61 61 61 61 60 60 60 60 65 64 65 67 67 67 66 66 66 67 66 67 67
    66 66 64 64 63 63 64 64 64 65 64 64 64 64 64 64 64 64 63 63 63 64 65
    66 67 67 67 66 66 67 67 66 66 66 65 65 65 65 65 66 66 65 64 63 62 62
    62 62 63 63 63 62 62 63 63 64 63 63 63 63 63 63 63 63 64 64 65 65 65
    65 64 64 63 64 64 63 63 64 64 64 63 64 64 64 64 63 63 63 62 62 62 61
    62 62 63 63 62 63 62 62 62 62 61 62 62 62 63 63 63 63 63 64 64 65 64
    63 63 64 64 65 65 67 67 67 66 66 66 65 65 65 65 65 64 63 63 63 64 63
    62 62 62 62 62 62 62 63 62 62 63 63 64 63 64 64 65 65 65 65 65 65 66
    66 66 65 65 64 64 64 64 64 64 63 64 63 63 64 64 65 65 64 64 64 63 63
    62 62 62 61 62 62 62 62 63 62 63 63 62 63 62 62 63 64 64 65 65 65 65
    66 66 65 65 65 66 66 64 64 64 64 64 64 64 64 63 62 62 62 62 63 62 62
    63 63 63 62 62 63 63 63 63 62 62 62 62 65 65 65 67 67 67 67 66 66 67
    66 67 67 66 66 64 64 63 63 64 64 64 65 64 64 64 64 64 65 64 64 63 63
    63 65 65 66 67 67 67 67 67 67 67 67 67 66 66 66 66 66 65 66 66 66 64
    63 63 62 62 62 63 64 63 62 62 62 63 64 63 63 62 62 62 62 63 63 64 63
    64 65 64 64 64 63 63 64 64 63 63 63 63 63 63 63 64 64 63 63 63 63 62
    62 62 62 62 63 63 64 63 64 63 63 63 63 63 64 63 64 64 64 64 64 65 65
    65 65 65 63 63 64 64 65 65 66 66 66 65 65 65 65 64 65 64 64 63 63 63
    63 64 63 62 63 62 63 63 63 63 64 63 63 63 64 64 64 65 65 65 65 65 65
    66 65 66 66 65 65 64 63 64 64 63 63 63 62 63 62 63 64 63 64 64 64 63
    63 62 62 62 61 62 61 62 62 62 62 63 63 63 63 63 63 63 62 63 64 64 65
    65 66 66 67 66 66 65 66 67 67 65 65 65 65 64 65 65 64 64 63 62 62 63
    63 63 63 64 64 63 63 63 63 63 63 64 63 63 63 63 66 66 66 67 68 67 67
    66 66 67 66 67 67 66 66 64 64 63 63 64 64 64 65 64 64 63 64 64 64 64
    64 63 63 62 64 65 66 66 66 67 66 66 67 67 66 67 66 65 66 66 65 65 67
    66 66 65 63 63 62 62 63 64 64 64 63 63 63 64 64 64 63 63 63 62 63 63
    63 64 63 64 65 64 63 63 62 62 63 62 62 62 62 62 62 62 63 63 63 63 8
    31 64 106 80 60 85 110 67 87 91 9 107 11 29 79 35 115 71 37 124 99
    83 69 22 27 6 103 101 31 87 37 61 85 73 33 96 48 13 22 22 25 65 44
    32 58 65 74 77 44 7 106 52 17 99 98 91 124 89 0 119 2 22 18 103 64
    63 65 65 65 65 65 65 66 65 66 66 65 64 63 62 63 63 62 62 62 61 63 62
    63 63 63 64 64 63 63 63 62 62 62 62 62 62 62 62 62 62 63 63 63 62 62
    63 63 62 64 65 65 65 66 66 66 67 67 66 66 67 67 67 66 65 66 66 65 65
    66 65 65 64 63 63 63 64 64 64 65 64 64 63 63 64 64 64 64 64 64 63 63
    65 65 66 67 67 67 67 66 66 67 66 66 66 66 65 64 65 64 64 64 65 65 65
    65 65 64 64 65 65 65 64 63 63 63 64 65 66 65 65 66 65 65 66 66 65 66
    65 65 65 65 65 65 66 65 65 64 63 63 62 62 63 63 64 63 63 63 63 63 64
    64 63 63 62 62 63 62 63 63 63 64 64 64 63 63 62 62 63 62 62 62 62 62
    62 62 63 63 63 63 96 126 107 59 21 116 93 58 1 28 81 14 23 45 40 34
    58 29 95 32 90 15 102 14 66 15 123 84 121 96 60 117 71 77 90 58 35
    35 63 22 58 39 97 66 68 67 2 104 95 40 89 80 2 16 118 45 8 70 55 79
    27 35 107 28 38 65 64 65 65 66 66 65 65 66 66 66 66 65 64 63 62 63
    63 62 62 62 61 62 61 62 63 63 63 63 63 62 62 61 62 61 61 62 61 62 62
    62 62 63 63 63 63 62 63 63 63 64 65 65 66 66 67 67 67 67 66 66 67 67
    67 66 65 65 66 65 65 65 64 64 64 63 63 63 64 64 64 65 65 64 64 63 64
    64 64 64 64 64 63 64 64 64 65 66 67 66 66 65 65 66 65 66 66 65 65 63
    64 64 64 64 65 65 66 66 65 65 65 65 65 66 65 64 64 64 65 65 67 66 66
    66 66 66 66 66 65 66 65 65 65 65 65 64 66 65 66 65 63 63 63 62 63 63
    64 64 63 63 63 64 65 65 64 64 63 63 63 63 64 64 63 64 65 64 64 63 63
    63 63 63 62 62 62 62 62 63 63 63 63 63 108 123 45 7 124 41 6 76 55
    54 99 100 99 47 80 9 118 104 71 78 95 100 97 59 122 8 4 127 118 70
    91 37 34 94 6 27 82 27 64 117 10 31 117 34 126 59 110 8 38 66 18 24
    35 85 114 27 65 7 10 97 119 75 106 3 53 65 65 66 66 66 65 65 65 65
    65 65 65 63 63 62 61 62 61 61 61 61 60 61 60 61 62 62 62 62 61 61 61
    61 61 61 61 62 61 62 62 62 62 62 63 63 63 62 63 63 63 64 65 65 66 66
    67 66 67 67 66 66 67 67 67 66 65 66 66 65 65 66 65 65 64 64 64 64 65
    65 65 66 66 65 65 65 65 65 65 66 65 65 64 65 65 65 66 67 67 66 66 66
    66 66 66 66 66 65 65 64 65 64 64 65 65 65 66 65 65 65 65 65 65 65 65
    64 64 64 65 66 67 67 67 67 67 66 67 67 66 67 66 65 65 66 65 65 66 66
    66 66 64 64 63 63 63 64 65 64 64 64 63 64 65 65 64 63 63 63 63 62 63
    63 63 64 64 63 63 63 63 63 63 63 63 63 62 62 63 63 63 63 64 63 8 56
    56 10 115 26 79 88 66 86 84 26 81 100 12 91 1 68 90 23 127 23 97 15
    54 62 76 67 13 123 94 121 50 87 60 104 98 8 105 21 71 30 61 43 39
    100 43 112 64 22 20 66 79 67 54 92 39 55 1 60 99 80 4 0 80 64 64 65
    65 65 64 64 64 65 64 65 64 63 62 62 61 62 62 61 61 62 61 62 61 62 63
    63 63 62 62 62 62 61 62 62 62 62 61 62 62 62 62 62 63 63 63 62 63 63
    64 64 65 65 66 66 66 66 67 66 65 65 66 67 67 66 65 65 65 65 65 65 65
    65 64 63 63 64 65 65 65 66 66 65 65 65 65 66 66 67 66 66 65 65 64 64
    65 66 66 65 66 65 65 65 65 65 65 65 64 63 64 64 64 64 65 65 65 65 65
    65 66 66 66 66 66 65 65 65 66 67 68 68 68 68 68 67 68 67 66 67 66 65
    66 66 66 65 67 66 66 66 64 64 63 63 63 64 65 64 65 64 64 65 65 65 65
    63 63 63 63 62 63 63 63 64 64 63 63 63 62 62 63 63 62 62 61 61 62 62
    63 63 63 62 43 102 4 64 30 28 120 125 85 29 35 15 46 34 109 54 104 3
    119 92 22 13 86 115 105 84 1 92 56 5 50 42 16 14 122 17 112 32 16 6
    2 119 74 2 86 61 114 79 1 9 49 51 0 57 97 73 106 53 28 93 81 28 37
    90 54 65 64 65 65 65 64 65 64 65 65 65 65 64 63 63 62 62 62 61 61 62
    61 62 61 62 63 62 62 62 61 61 60 60 61 61 61 61 61 61 61 61 60 61 61
    62 62 61 62 62 62 63 64 64 65 65 65 65 66 66 65 65 66 67 67 66 65 65
    66 65 66 66 65 65 64 64 64 64 65 65 65 66 66 65 65 65 65 65 66 66 66
    65 64 64 64 64 65 66 66 65 65 65 65 65 65 65 65 65 64 63 64 64 64 65
    65 65 66 65 65 65 65 66 66 66 66 65 64 64 65 66 67 67 67 67 67 66 66
    66 66 66 65 64 64 65 64 64 65 65 65 64 63 63 62 62 62 63 64 64 63 63
    63 64 65 64 64 63 63 63 63 62 63 62 62 63 63 62 63 62 62 62 63 62 62
    62 62 62 62 63 63 64 64 63 0 39 116 53 25 29 3 68 37 17 19 66 87 3
    20 121 20 60 60 114 73 36 16 18 105 27 53 40 101 105 3 41 81 51 61
    17 74 106 35 110 34 116 29 63 113 22 9 102 18 61 11 64 89 9 111 101
    78 8 44 123 71 40 2 6 110 65 64 65 65 65 64 64 64 65 64 64 65 63 63
    62 61 62 61 61 61 62 61 62 61 61 63 62 62 62 61 61 61 60 61 61 61 62
    62 62 62 62 62 63 63 63 63 62 63 64 64 65 66 65 66 67 67 67 67 67 66
    66 67 67 67 66 66 66 67 66 67 67 66 66 65 64 64 64 66 65 66 67 66 66
    65 65 65 65 65 65 65 65 63 63 64 64 65 65 65 64 65 65 65 65 65 65 65
    64 64 63 64 63 63 64 65 65 65 64 65 65 65 66 65 66 65 64 64 64 65 66
    66 66 66 66 66 65 66 65 65 65 64 64 64 64 64 63 65 65 65 64 63 63 62
    61 62 62 64 63 63 63 63 63 64 63 62 62 62 62 62 61 62 61 61 62 62 62
    62 62 62 62 63 62 62 63 63 62 63 63 64 64 64 63 118 74 75 103 84 23
    66 44 9 23 17 76 8 125 49 40 121 47 32 0 26 60 126 2 43 60 45 101
    115 25 95 56 47 5 24 4 52 118 49 41 49 53 58 88 54 68 90 93 56 73
    113 33 70 51 13 111 32 76 81 27 30 34 50 95 84 65 64 65 65 65 65 64
    64 65 64 64 65 63 63 62 61 62 62 61 61 62 61 62 61 61 62 61 62 62 61
    61 60 60 61 61 61 62 62 62 62 61 61 62 62 63 63 62 63 63 63 64 65 65
    66 66 66 66 66 66 65 66 67 67 67 66 65 65 66 66 66 66 66 66 65 64 63
    63 65 64 64 65 65 64 64 64 64 64 64 64 64 63 62 62 64 64 65 65 65 65
    65 65 65 65 65 65 65 64 64 63 64 64 64 64 65 64 65 64 64 65 65 65 65
    65 65 64 64 64 65 65 66 66 66 66 66 65 66 65 65 65 64 64 64 64 64 63
    64 64 64 64 63 63 62 62 62 62 64 64 64 63 63 64 64 64 63 62 62 62 62
    62 62 62 62 63 63 62 63 63 62 62 63 63 62 63 63 62 63 63 64 64 64 63
    36 41 2 70 54 101 8 10 22 122 118 59 87 106 45 40 85 125 23 80 69 12
    22 91 1 110 96 60 28 74 6 54 101 68 120 35 98 82 96 70 103 109 83
    124 117 41 73 74 5 69 95 100 63 24 4 45 54 118 22 9 33 25 9 34 16 65
    64 65 65 65 64 64 64 65 64 65 64 63 63 63 62 62 62 61 62 63 62 62 61
    62 63 62 62 62 62 61 61 60 61 62 61 62 62 62 62 61 61 62 62 63 63 62
    63 63 63 63 64 64 66 66 66 65 66 65 64 65 66 67 66 65 65 65 66 66 66
    67 67 66 65 64 64 64 65 65 65 66 65 65 64 64 64 64 64 64 64 63 62 61
    64 64 65 65 65 65 65 65 65 65 65 65 65 64 64 63 64 64 64 64 65 64 65
    64 65 65 65 65 65 65 65 64 64 65 65 65 66 66 66 66 65 65 65 65 64 64
    63 63 63 64 63 63 64 64 64 63 63 63 62 62 62 62 64 63 63 63 63 64 64
    64 63 62 62 62 62 62 62 62 62 63 63 62 63 63 62 62 63 63 63 63 63 63
    64 64 65 65 65 64 111 97 125 47 66 36 90 26 104 127 40 64 99 89 28
    96 75 54 92 94 96 2 66 113 97 54 65 18 76 82 24 87 112 113 91 97 72
    21 76 54 1 17 38 7 17 83 114 92 69 124 101 98 12 46 43 15 10 80 46
    58 0 75 68 114 63 65 64 65 65 65 64 64 64 65 65 65 65 64 63 63 62 62
    62 62 62 63 62 63 61 62 63 62 62 62 62 62 61 60 61 62 61 62 62 62 62
    62 61 62 63 64 64 63 64 64 64 64 65 65 66 66 67 66 66 66 65 66 67 67
    67 66 65 65 66 65 66 66 66 65 64 63 63 63 64 64 64 65 64 64 64 64 64
    64 64 65 65 64 63 63 64 64 65 65 65 64 65 65 64 65 64 65 64 64 64 63
    64 64 64 64 64 64 65 64 65 65 65 65 65 65 65 64 64 65 65 65 66 66 66
    66 66 65 66 65 65 65 64 64 64 64 64 63 64 64 64 64 64 63 62 62 62 62
    63 63 63 63 63 64 63 63 63 62 62 61 62 61 62 61 61 63 62 62 62 62 62
    62 63 62 62 63 63 63 64 64 65 65 65 64 104 90 14 31 40 116 121 3 126
    58 77 51 97 94 85 41 28 83 117 59 87 35 96 13 69 104 125 108 122 4
    72 70 28 57 119 112 10 17 22 14 18 18 29 17 60 58 13 43 114 51 51
    114 122 99 83 56 52 13 122 17 104 122 75 111 119 65 65 65 65 65 65
    64 65 66 66 66 65 64 64 63 63 63 63 62 63 63 62 62 61 62 63 62 62 62
    62 61 61 60 61 62 61 62 62 62 62 62 61 63 63 65 64 64 65 65 65 65 66
    65 66 66 66 66 66 66 65 66 67 67 66 65 64 65 66 65 66 66 66 65 64 64
    63 63 64 64 64 65 64 64 63 63 64 64 64 64 64 63 62 61 63 63 64 64 63
    63 64 64 64 64 64 64 63 64 63 63 64 64 64 64 64 64 65 64 65 65 65 65
    65 65 65 64 64 65 65 65 66 66 66 66 66 65 66 65 64 64 64 64 64 64 64
    63 64 64 64 64 64 63 62 62 63 62 63 63 63 63 63 64 63 63 63 62 61 61
    61 61 62 61 61 62 62 61 62 62 61 61 63 62 62 63 63 62 64 64 65 66 66
    65 74 96 56 47 37 51 110 97 43 57 119 13 64 15 111 54 116 94 47 14
    82 30 108 8 39 109 21 110 16 72 76 72 107 35 10 43 96 66 90 96 104 3
    42 39 90 42 46 90 79 18 32 67 16 35 85 99 57 63 106 52 73 102 15 75
    61 65 65 66 66 65 65 65 65 66 65 65 64 63 63 62 62 62 62 61 62 63 62
    62 60 61 62 62 62 61 61 60 60 60 61 62 61 62 62 62 62 62 61 63 63 64
    64 63 64 64 64 65 65 65 66 66 66 66 66 65 65 65 66 66 66 64 64 65 65
    65 66 66 66 65 64 64 63 64 64 64 65 65 64 64 64 63 64 64 64 64 64 63
    62 61 63 63 64 64 63 63 63 63 63 64 64 64 64 64 64 63 64 64 64 64 64
    64 65 65 65 65 65 65 65 65 65 64 64 65 64 64 65 65 65 65 65 64 65 64
    64 64 63 64 64 65 64 63 64 64 64 64 64 64 63 63 63 63 64 63 64 64 64
    64 64 64 63 62 62 62 62 62 62 62 62 63 62 62 63 63 62 62 63 63 63 63
    63 63 64 64 65 66 65 65 52 61 20 14 69 21 87 45 107 82 24 97 98 93
    68 1 15 120 91 103 11 45 30 79 92 106 94 54 17 42 48 115 78 119 91
    67 51 1 32 14 72 64 102 126 77 96 123 107 115 101 70 78 59 72 88 92
    82 106 36 76 110 92 69 52 91 65 64 65 65 65 64 64 64 65 65 65 64 63
    62 62 61 62 62 61 62 63 62 62 61 61 62 62 62 62 61 61 60 60 61 62 62
    63 62 62 63 61 61 63 64 65 65 64 65 65 65 65 65 65 66 66 66 65 65 65
    64 64 65 65 65 63 63 64 65 65 65 65 65 65 64 63 63 63 64 64 65 65 64
    64 64 64 64 64 64 64 64 63 62 61 63 63 63 63 63 62 63 63 62 63 63 63
    63 64 63 63 64 64 64 64 64 63 64 64 64 65 65 65 64 65 65 64 64 65 64
    64 65 65 65 65 65 65 65 65 64 64 64 65 65 65 64 63 65 64 64 64 64 63
    63 63 63 62 63 62 63 63 63 63 62 62 62 61 61 61 61 61 61 60 60 61 61
    61 62 62 62 61 62 62 62 63 62 62 63 63 64 65 64 64 59 70 6 125 43
    122 79 13 119 60 71 116 103 80 14 36 106 98 62 116 5 83 43 49 97 22
    96 100 24 39 113 67 74 99 122 118 79 81 123 117 54 32 28 118 76 50
    123 125 106 11 86 80 13 45 93 53 37 91 124 103 70 90 44 114 120 65
    65 66 66 65 65 64 64 65 65 65 64 63 63 63 62 62 62 62 62 63 62 62 61
    61 62 62 62 62 61 61 61 61 62 62 62 63 62 63 63 62 62 63 64 65 65 64
    64 65 65 65 65 66 66 66 66 66 65 64 64 64 65 65 65 64 63 64 65 65 65
    65 65 65 64 63 63 63 64 64 65 65 65 65 64 64 64 64 64 65 65 63 63 62
    64 64 64 64 64 63 64 64 63 63 64 64 64 64 64 63 64 64 64 64 64 64 65
    64 64 65 65 65 65 66 66 65 64 65 65 65 66 66 66 66 66 66 66 65 65 65
    64 65 65 65 64 63 64 64 64 64 64 63 62 62 62 61 61 61 61 61 62 62 61
    61 61 60 61 60 60 60 61 60 60 62 61 61 62 63 62 62 63 63 62 63 63 62
    63 63 64 65 65 64 102 114 20 2 41 83 33 103 25 58 50 73 67 66 77 6
    97 104 79 115 64 81 64 5 120 56 33 53 20 84 62 28 104 122 101 43 108
    18 26 7 12 10 77 46 127 61 96 108 103 110 4 24 82 55 1 40 55 65 22
    77 5 29 65 102 72 66 65 66 66 65 65 64 64 65 64 64 64 63 62 62 61 62
    62 62 62 63 62 62 61 61 62 62 62 61 61 61 61 61 61 63 63 63 63 63 63
    62 62 63 64 65 65 64 65 65 65 65 65 66 66 66 66 65 65 64 64 65 65 65
    65 64 64 64 65 65 65 65 66 65 64 63 63 64 64 65 65 65 65 65 65 64 64
    64 65 65 65 64 64 63 64 63 64 64 63 63 63 63 63 63 63 64 64 64 64 63
    64 64 63 63 63 64 64 64 64 65 65 65 64 65 65 64 64 65 64 64 65 65 66
    66 66 65 66 65 65 64 64 65 65 65 64 64 64 64 64 64 64 63 62 62 62 62
    62 61 62 62 62 62 61 61 61 61 61 61 61 61 61 61 61 62 61 61 62 63 62
    62 63 63 63 64 63 63 64 64 65 65 65 64 98 20 36 32 124 86 113 113 30
    20 96 24 88 66 113 62 32 56 101 25 44 59 22 52 9 2 2 6 77 48 54 110
    3 106 50 118 51 49 21 61 36 96 56 97 60 39 76 48 74 62 126 24 80 77
    66 25 127 87 30 99 31 36 70 122 31 66 66 66 66 66 65 65 65 66 65 64
    64 63 63 63 62 63 63 63 63 63 63 62 61 62 62 62 62 62 62 62 62 61 62
    63 63 64 64 64 64 63 63 64 65 66 65 65 65 65 65 65 66 66 66 66 66 65
    65 64 64 64 65 65 64 64 64 64 65 65 65 65 65 65 64 63 63 63 64 64 65
    65 65 65 65 64 64 64 64 65 64 63 63 62 64 64 65 65 64 63 64 64 63 64
    64 64 64 65 64 63 64 64 64 64 64 64 65 64 64 65 65 65 65 65 66 65 65
    65 64 65 66 66 66 66 66 66 66 66 65 65 64 66 65 65 65 64 65 64 64 64
    64 63 63 63 63 62 62 61 62 62 62 62 61 62 61 61 61 61 61 61 61 61 61
    62 62 62 62 63 63 62 63 63 63 64 63 63 64 64 65 65 65 64 123 103 76
    37 116 31 64 93 34 88 25 3 72 122 125 103 87 70 60 62 25 101 32 90
    53 16 11 7 12 37 63 54 30 17 74 36 104 50 77 43 28 62 107 9 3 21 105
    55 115 98 63 28 123 35 49 119 107 42 105 35 66 43 30 62 110 66 66 67
    66 66 65 65 65 65 64 64 64 63 63 63 62 63 63 63 63 63 63 63 62 62 62
    63 63 62 62 62 62 62 62 63 63 64 63 63 63 63 63 64 65 66 66 65 65 66
    66 66 66 66 67 67 67 66 66 65 65 65 66 66 65 64 64 64 65 65 65 65 65
    65 64 63 63 63 63 64 64 65 64 64 64 63 64 64 64 64 64 63 62 62 65 64
    64 65 64 63 64 64 64 64 64 65 65 65 65 64 65 65 65 65 65 65 65 64 64
    65 65 65 65 65 66 65 64 65 64 64 65 65 65 65 65 65 66 65 65 64 64 65
    64 64 64 63 64 64 64 64 65 64 63 63 63 62 62 61 62 62 62 62 61 61 62
    61 61 61 61 60 61 60 61 62 61 61 62 63 63 62 63 63 64 64 64 63 64 65
    65 66 66 65 113 90 43 98 105 73 48 94 47 21 108 3 125 107 108 9 11
    104 2 14 52 79 95 23 118 51 18 3 40 21 35 7 54 99 54 29 33 49 83 110
    71 57 51 93 91 108 110 17 7 114 74 43 43 42 119 48 82 25 11 99 119
    118 57 81 86 66 66 67 66 66 66 65 65 65 64 64 63 63 63 63 62 63 63
    63 63 63 63 63 62 62 63 63 63 62 62 63 62 62 63 63 64 64 64 64 64 63
    63 64 65 66 66 66 66 66 66 66 66 66 67 67 67 66 66 65 64 65 65 65 65
    64 64 64 65 65 65 65 65 65 64 64 64 64 64 65 65 66 65 65 65 65 65 65
    65 65 65 64 64 63 64 64 64 64 64 63 64 64 64 64 64 65 65 66 66 65 66
    66 65 65 65 65 66 65 65 66 65 65 65 65 66 65 64 65 64 64 64 65 65 64
    65 64 65 64 64 64 64 65 64 65 64 63 64 64 65 65 65 64 63 64 64 63 63
    61 62 62 63 62 61 62 62 61 61 61 61 60 61 60 61 62 61 61 62 62 62 62
    63 63 63 64 63 63 64 65 65 66 66 65 15 74 45 34 2 109 73 118 80 90
    40 109 69 51 5 62 42 111 15 32 54 40 55 50 82 120 67 68 86 108 55 31
    107 65 112 19 120 86 78 65 11 42 52 69 11 22 3 69 114 104 113 64 122
    20 30 25 28 26 61 72 99 7 9 58 88 65 66 66 66 65 65 64 64 65 64 63
    63 63 63 63 62 63 63 63 63 63 63 63 62 62 63 63 63 63 63 63 63 63 63
    64 64 65 65 64 64 63 64 65 66 67 67 66 67 67 67 67 67 67 67 67 67 66
    66 65 64 65 65 65 65 64 64 64 65 64 65 64 64 64 63 63 63 63 64 65 66
    66 66 66 65 65 65 65 65 66 65 65 65 64 65 65 65 65 64 63 64 64 64 64
    64 65 65 66 65 65 65 66 65 65 65 65 65 64 64 65 65 65 65 65 66 66 65
    65 64 64 65 65 65 65 65 65 66 65 64 64 64 65 64 64 64 63 64 64 64 64
    65 64 63 63 63 62 62 61 62 62 62 62 61 61 61 61 61 60 60 60 60 60 60
    62 61 61 62 62 63 62 63 63 64 64 64 64 65 65 66 67 67 66 63 78 75
    117 99 109 127 24 97 41 100 51 61 86 92 24 124 55 77 43 14 76 65 31
    95 4 98 106 12 108 107 31 77 122 101 127 70 29 3 85 26 62 90 51 40
    13 18 87 122 62 112 66 67 43 50 4 116 78 81 52 54 49 79 84 14 67 67
    67 67 66 65 65 64 65 63 63 62 62 62 62 61 62 62 62 62 62 62 62 61 61
    62 62 62 62 62 62 62 61 62 63 63 63 63 63 63 62 63 63 65 65 66 65 65
    66 66 66 66 66 66 66 66 65 65 64 64 64 65 64 65 64 64 64 65 64 65 64
    65 64 64 64 64 64 65 65 66 66 66 67 66 66 66 66 66 66 66 66 66 65 66
    66 66 65 64 64 64 64 64 64 64 65 65 65 65 65 66 66 65 65 64 65 65 65
    65 66 66 66 66 66 66 66 66 66 65 64 65 65 65 65 65 65 66 64 64 64 64
    65 64 64 64 63 63 63 63 64 65 64 63 63 63 63 62 62 62 62 62 61 61 61
    61 61 61 60 60 60 61 60 61 62 61 61 62 62 63 62 63 63 64 64 64 64 65
    65 66 67 67 66 91 54 87 2 96 101 50 31 99 40 67 78 57 8 87 3 89 113
    50 37 72 47 67 49 104 68 55 37 75 126 76 102 83 100 54 70 80 64 40
    68 15 43 106 35 69 91 71 120 111 52 53 87 85 103 0 4 32 43 114 106 5
    34 4 113 113 66 66 67 66 66 65 64 64 64 63 62 62 62 62 61 61 61 61
    61 62 61 61 61 61 61 61 61 61 61 61 61 61 61 61 62 63 63 63 63 63 62
    63 64 65 66 66 65 66 66 66 66 66 66 67 66 66 66 65 64 64 64 65 64 64
    63 64 64 65 64 65 64 65 64 65 64 64 64 65 66 66 66 66 66 66 65 66 65
    65 65 65 65 65 64 65 66 66 65 64 64 64 65 64 64 64 65 65 65 65 65 66
    66 65 65 64 65 65 64 64 65 65 65 65 66 66 66 66 66 65 64 64 65 65 64
    65 65 65 64 64 64 64 65 64 64 63 63 63 63 63 64 64 63 63 63 63 62 62
    62 63 62 62 61 61 62 62 61 61 61 61 60 61 61 61 62 62 62 63 63 63 62
    63 63 64 64 64 64 65 66 66 67 67 67 80 108 66 55 87 50 126 67 18 90
    53 109 31 119 1 19 121 11 76 63 124 16 116 75 69 108 78 69 28 45 66
    116 74 10 65 77 122 106 46 37 65 44 68 104 81 92 33 12 40 124 48 34
    6 32 4 116 92 33 41 120 58 107 66 97 99 65 66 66 66 66 64 64 63 64
    63 62 62 61 62 61 61 61 62 61 62 62 62 62 61 61 61 61 61 62 61 62 62
    61 62 63 63 63 63 63 63 62 63 64 65 66 66 65 66 66 66 66 66 66 67 66
    66 65 64 63 63 64 64 63 63 62 63 63 64 64 64 64 64 63 64 64 63 64 65
    65 66 66 65 66 65 65 65 65 65 65 64 64 65 64 64 65 65 64 64 63 63 64
    63 64 63 64 64 65 65 65 65 65 65 64 64 65 65 64 64 65 65 65 66 66 67
    67 67 67 66 65 65 66 66 65 66 66 66 65 65 65 64 65 64 64 64 63 63 63
    63 63 64 63 62 63 63 62 62 62 63 63 63 62 61 62 62 62 62 62 61 61 62
    62 62 63 63 62 63 64 64 63 64 64 64 64 64 64 65 66 66 67 67 66 31 44
    49 98 68 81 0 127 2 34 58 33 32 87 23 71 49 36 1 0 67 106 86 50 119
    92 26 30 121 1 57 107 66 42 22 59 32 111 114 85 81 109 26 47 63 109
    53 61 28 22 35 38 115 63 93 49 26 126 114 44 56 46 52 66 10 65 65 66
    66 66 65 64 64 64 63 62 62 62 62 62 61 62 62 62 63 63 62 62 61 61 61
    61 61 61 61 62 62 61 61 63 62 63 63 63 63 62 63 64 65 66 67 65 66 66
    66 66 65 66 66 66 65 65 64 63 63 63 63 62 62 61 61 62 63 63 63 62 63
    63 63 63 63 63 64 64 66 66 66 66 66 66 66 66 66 66 66 66 66 65 64 65
    65 64 64 63 63 63 63 63 64 64 64 65 65 65 65 65 64 64 63 64 64 63 63
    64 65 65 65 66 66 66 66 66 65 64 65 66 66 66 66 66 66 66 66 65 65 65
    65 65 64 63 64 64 63 64 65 63 63 63 63 62 62 62 63 63 63 62 62 62 63
    62 62 62 62 62 62 63 63 64 64 63 64 65 65 64 64 64 65 65 65 65 66 66
    67 68 67 67 9 60 41 73 32 96 4 35 15 2 70 122 85 79 95 41 6 49 96 83
    67 32 107 121 9 5 54 43 67 82 36 45 39 90 117 108 58 116 87 120 65
    30 76 57 59 7 125 7 9 61 25 25 34 83 17 2 96 20 57 101 90 105 97 58
    22 64 64 65 65 64 63 63 62 63 62 60 61 61 61 61 60 61 62 61 62 62 62
    62 61 61 61 61 62 62 62 62 62 61 62 63 63 63 63 62 63 62 62 64 64 65
    65 64 65 65 65 65 64 64 65 65 64 64 64 63 63 63 63 62 62 61 62 62 63
    63 63 63 63 63 63 63 63 64 64 64 66 66 65 66 66 66 67 66 66 66 66 66
    67 66 65 66 66 66 64 64 64 64 64 64 64 65 65 65 65 66 66 66 65 64 63
    64 64 63 63 64 64 64 64 65 65 66 65 66 65 64 64 65 66 65 66 66 66 65
    65 65 64 65 65 64 64 63 63 63 63 63 64 63 62 62 62 61 61 61 62 62 62
    61 61 61 62 62 62 62 62 62 62 63 63 64 64 64 64 65 65 64 65 65 66 65
    66 66 66 67 67 68 67 67 29 67 117 83 44 42 124 22 24 62 6 51 17 64
    28 56 110 20 88 44 56 106 115 75 38 111 43 68 40 39 51 32 30 16 24
    97 70 62 77 113 116 86 123 77 56 85 124 105 70 89 90 51 51 31 18 37
    69 83 76 97 107 125 61 121 101 63 63 64 64 64 63 62 62 63 62 61 61
    62 62 62 62 62 62 62 63 63 63 63 62 62 62 62 63 63 62 63 63 62 62 63
    63 63 63 63 63 62 63 64 64 65 65 64 65 65 65 65 65 64 65 65 64 64 63
    62 62 62 62 62 62 61 62 62 63 63 63 62 63 62 63 63 63 63 63 64 65 65
    65 66 66 65 66 66 65 65 65 65 66 65 66 66 66 66 65 65 64 64 64 64 64
    64 64 65 65 65 65 65 64 63 63 63 64 63 63 64 64 64 64 65 65 65 65 65
    64 63 64 65 65 65 65 66 66 65 65 64 64 64 64 64 63 62 63 62 62 62 64
    62 62 62 62 61 61 61 62 61 61 61 61 61 62 62 63 63 63 63 63 63 64 65
    64 64 65 66 66 65 65 65 66 65 66 66 66 66 66 68 67 67 108 94 37 61
    73 52 51 48 127 106 27 46 1 2 22 37 29 67 106 107 41 41 2 38 79 5
    114 55 101 25 32 16 103 93 101 47 16 51 62 1 101 79 55 6 83 53 114
    59 2 26 37 7 87 42 91 1 30 53 28 91 115 117 10 114 117 63 63 64 64
    64 63 62 62 63 62 61 62 62 62 62 62 62 62 62 63 63 63 63 62 62 62 62
    63 62 62 62 62 62 62 62 62 62 62 62 62 61 62 63 64 65 65 64 65 64 64
    65 64 64 65 65 64 64 64 63 63 63 63 63 63 62 62 63 64 63 64 63 63 63
    63 63 63 63 63 63 65 65 65 66 66 65 66 66 65 65 66 65 66 65 67 67 67
    66 65 65 65 65 65 64 64 64 64 65 65 65 65 65 63 63 62 62 63 62 62 63
    63 63 63 64 65 65 65 64 63 62 63 64 64 64 65 65 65 65 65 65 64 65 64
    64 63 63 63 62 62 63 64 62 62 63 62 61 60 60 61 61 61 60 60 61 62 62
    62 63 63 63 63 63 64 64 64 64 65 66 66 64 65 65 66 65 65 66 66 66 66
    67 66 66 71 29 63 88 56 84 114 2 102 21 17 62 40 86 15 81 88 18 64
    101 10 100 49 27 59 24 104 7 5 84 83 73 88 3 42 85 84 11 100 12 75
    60 61 72 77 88 46 11 116 37 70 16 74 2 83 59 13 126 63 110 113 96 70
    0 106 63 63 64 64 64 62 62 62 63 62 61 61 62 62 62 62 63 63 63 63 63
    64 64 63 63 63 63 64 64 63 63 64 63 63 63 63 63 63 63 63 62 63 64 65
    65 66 65 65 65 66 66 65 65 66 66 66 65 65 64 64 64 64 64 63 63 63 63
    63 63 63 62 62 62 63 63 63 63 63 63 64 64 64 65 65 65 66 66 65 66 66
    66 66 66 66 66 66 65 64 64 64 64 63 63 63 63 63 64 64 64 64 64 63 62
    61 61 62 61 61 62 62 62 63 63 64 64 64 64 63 62 63 64 64 64 65 65 65
    64 64 64 64 64 64 63 63 62 62 62 62 62 63 62 62 62 62 61 61 61 62 61
    61 61 61 61 62 62 62 63 63 63 64 64 65 65 65 65 65 66 66 65 65 65 66
    65 65 66 66 66 66 67 66 66 16 16 54 123 125 47 86 92 64 96 21 43 117
    19 42 29 113 56 10 81 99 99 85 71 9 30 61 49 15 42 23 66 102 5 60 23
    5 44 112 35 93 50 93 88 56 13 126 30 75 122 51 24 41 115 11 9 59 101
    42 111 101 107 51 88 42 63 63 64 64 64 63 62 63 63 63 62 62 62 63 63
    63 63 63 63 64 64 64 64 64 63 63 63 64 63 63 63 63 63 62 62 62 62 62
    62 62 61 62 63 64 65 65 64 65 65 65 65 64 64 65 65 65 65 64 64 64 64
    63 63 62 61 62 62 62 61 61 61 60 61 62 61 61 62 62 63 64 63 64 64 65
    65 66 66 66 66 67 66 67 67 64 65 65 64 64 63 63 63 63 63 63 63 63 64
    64 64 64 64 63 62 62 62 62 61 62 62 62 62 63 63 64 65 64 64 63 62 63
    64 64 64 64 65 65 64 64 64 63 64 64 63 63 62 62 62 62 62 63 62 62 63
    63 62 61 61 63 63 63 62 62 62 63 63 64 64 64 64 65 65 66 66 66 65 66
    66 66 64 65 65 65 65 65 65 65 65 65 66 65 65 107 28 124 91 121 0 47
    95 81 46 3 24 58 13 97 102 103 24 115 21 5 76 60 42 40 8 105 76 52
    68 16 60 40 13 100 22 101 78 53 68 122 22 119 127 55 27 57 88 88 94
    97 3 46 6 49 104 23 100 61 109 94 25 4 34 29 63 63 63 63 63 62 62 62
    62 62 61 61 62 62 62 62 62 63 62 63 63 63 63 63 63 63 63 63 62 62 63
    63 62 62 62 62 61 61 61 61 61 61 63 64 64 65 64 65 65 65 65 64 64 65
    65 65 65 64 64 64 64 64 63 63 62 62 62 62 62 62 61 61 61 62 62 62 62
    63 64 64 64 64 65 65 65 66 66 66 67 67 67 68 68 63 64 65 64 63 63 63
    62 62 62 62 62 62 63 64 64 64 63 62 62 62 62 63 62 62 63 63 63 64 64
    65 66 65 65 64 63 63 64 64 64 64 64 64 63 63 63 62 63 63 62 61 61 61
    60 60 61 62 60 60 61 62 61 60 60 61 61 61 60 61 61 62 62 62 63 63 63
    63 64 64 64 64 64 64 65 65 64 64 64 65 64 63 64 64 65 65 66 65 65 27
    81 58 119 41 67 54 85 34 127 81 57 12 21 117 73 92 26 63 48 109 14
    90 123 30 121 89 38 40 26 90 32 96 37 48 39 24 2 3 24 40 108 38 36
    82 95 21 109 61 55 107 20 97 21 83 92 22 73 101 97 9 87 92 112 94 62
    63 63 63 63 62 61 61 61 61 60 60 61 61 61 61 62 62 62 63 63 63 63 63
    62 62 62 63 62 62 63 63 63 62 62 62 61 61 61 62 61 62 63 64 64 65 64
    65 65 65 66 65 65 65 65 65 65 65 64 64 64 64 63 63 62 62 62 62 62 62
    61 61 62 63 63 63 63 63 63 64 64 64 65 65 65 66 66 66 66 66 67 67 67
    63 64 64 64 63 63 62 63 63 62 62 63 63 64 64 65 64 64 63 63 62 63 64
    63 63 64 64 64 65 65 66 67 66 66 65 64 65 65 65 65 65 66 65 64 64 64
    63 63 63 62 61 61 61 61 61 61 62 60 61 61 61 61 60 60 61 61 62 61 61
    61 63 63 63 63 63 63 64 64 64 65 65 65 65 66 66 64 64 64 65 64 64 64
    64 64 64 65 64 64 95 119 29 121 50 47 68 113 0 83 39 83 8 40 20 76
    22 14 48 74 10 30 40 63 98 18 18 88 60 30 50 82 75 46 82 2 17 13 20
    92 80 106 114 48 4 117 65 120 44 39 28 43 87 105 85 120 20 54 0 106
    2 95 13 19 93 62 63 63 62 63 62 61 61 61 60 60 60 60 61 61 61 62 62
    62 63 63 63 63 63 62 62 62 63 62 62 63 63 63 63 62 62 62 61 61 61 60
    61 62 63 64 64 64 64 64 65 65 64 64 64 63 64 64 64 64 64 64 63 63 62
    61 62 62 62 61 62 61 61 62 63 63 63 63 64 64 65 65 65 65 65 65 66 66
    66 66 66 66 67 67 65 65 66 66 65 64 64 64 64 63 63 63 64 64 64 65 64
    64 63 63 63 63 63 62 63 63 63 64 64 65 66 66 65 65 64 63 64 65 65 65
    65 65 64 63 64 63 63 63 63 62 61 61 61 60 61 61 62 60 60 61 61 61 60
    60 61 61 61 60 61 61 62 63 63 63 63 63 63 64 64 64 64 64 65 66 66 64
    64 64 65 64 64 64 64 65 64 65 64 64 119 28 114 84 120 51 73 119 54
    48 74 48 34 60 55 10 75 32 60 96 17 32 6 122 71 3 33 92 13 59 96 32
    73 114 116 70 22 66 109 18 79 37 48 3 118 55 63 57 44 8 45 91 120 91
    68 6 21 47 47 104 46 109 107 70 10 62 63 63 62 63 62 61 61 61 61 60
    60 61 61 61 61 62 62 63 63 64 64 63 63 63 63 63 64 63 63 63 63 63 63
    63 62 62 61 61 61 61 61 62 63 63 64 63 63 63 64 64 64 64 64 64 64 64
    64 64 64 64 63 63 62 61 62 62 63 62 62 61 61 62 63 63 63 63 64 65 65
    65 66 66 66 66 67 67 67 67 68 68 69 69 65 65 66 66 65 64 64 64 64 64
    64 64 65 65 65 65 65 64 63 63 63 63 64 63 63 64 64 64 65 65 66 66 66
    65 64 63 64 64 65 65 64 65 64 63 64 63 63 63 62 62 61 61 60 60 60 61
    62 60 60 61 61 61 60 60 61 60 61 60 60 61 62 62 62 62 63 63 63 63 64
    64 64 64 65 66 66 64 64 64 64 64 63 64 64 64 64 64 64 63 33 86 41
    124 72 109 60 98 22 20 94 77 26 44 79 44 65 105 100 1 54 56 51 105
    88 104 49 45 46 75 42 4 39 122 48 92 92 96 118 89 51 70 26 22 22 2
    80 88 3 50 108 127 79 24 115 15 26 16 56 60 12 34 77 116 122 62 63
    63 62 63 62 61 61 61 61 61 60 61 62 62 62 63 63 63 63 63 63 63 63 63
    63 63 63 63 63 63 63 63 62 62 62 61 61 61 61 60 61 62 63 64 64 64 64
    64 65 65 65 65 65 64 65 65 65 65 65 65 64 64 63 62 63 63 63 63 63 62
    62 63 64 64 64 64 66 66 66 66 66 67 67 67 67 67 68 68 68 68 69 70 66
    66 67 66 66 65 64 65 65 64 64 64 65 65 65 66 65 64 63 63 63 63 63 62
    63 63 63 64 64 64 66 66 66 65 64 64 64 65 65 65 65 65 65 64 64 64 63
    64 63 62 61 61 61 60 60 60 61 60 60 60 60 60 60 59 60 59 60 58 59 60
    60 61 60 61 61 62 62 62 63 63 63 64 64 65 65 64 64 64 64 64 64 64 64
    65 64 65 64 64 97 74 50 98 28 19 75 6 90 104 16 40 21 93 21 31 69
    101 44 51 121 85 33 14 69 37 15 5 89 19 93 63 64 25 114 46 122 56 24
    4 71 29 126 124 94 97 77 31 60 39 8 36 82 114 28 122 94 85 62 27 92
    76 26 53 99 62 63 63 62 63 62 61 61 61 60 60 60 61 61 61 62 62 62 63
    63 63 63 63 63 63 62 62 63 62 62 62 62 62 62 61 61 61 60 60 61 60 62
    62 63 63 64 63 64 64 65 65 65 65 65 65 65 65 65 65 65 65 65 64 64 63
    64 64 64 63 63 62 63 63 64 65 65 65 66 65 66 65 66 66 66 66 67 67 67
    67 68 68 69 69 66 66 67 66 66 65 65 65 66 65 64 65 65 65 66 66 66 65
    64 64 64 64 64 63 64 64 64 64 65 65 66 66 66 65 64 64 64 65 65 65 65
    65 64 64 64 64 64 64 63 62 62 62 61 61 61 61 62 61 61 61 62 61 61 61
    61 61 61 60 61 62 63 63 62 62 63 63 64 64 65 65 65 65 65 66 66 65 65
    65 65 65 64 65 65 65 65 65 64 64 35 69 87 84 51 54 38 84 64 100 75
    87 77 82 44 15 37 68 41 32 74 119 105 16 33 51 43 78 120 30 50 49 56
    0 100 116 14 102 127 107 59 106 14 55 79 86 58 60 121 55 78 0 0 26 1
    119 28 15 9 44 110 64 30 50 83 62 63 62 62 62 62 61 61 60 60 60 60
    61 61 61 61 62 62 62 63 62 63 63 63 63 62 62 63 63 63 62 62 62 62 62
    62 61 61 61 61 60 62 62 63 63 64 63 64 64 65 65 65 65 65 64 65 64 65
    65 65 65 65 64 64 63 64 64 64 63 63 62 63 63 64 65 65 65 66 65 66 65
    65 66 66 66 66 66 66 67 67 67 68 69 65 65 66 65 65 64 64 64 65 65 64
    65 65 65 66 66 66 65 64 64 64 64 64 63 63 63 63 64 64 64 65 65 65 63
    63 62 63 64 64 64 64 64 63 63 63 63 63 63 62 61 61 61 61 60 61 61 62
    61 60 61 62 61 61 61 61 61 61 60 61 61 62 63 62 63 63 64 64 64 65 65
    65 65 65 66 66 65 65 65 65 65 64 65 65 65 65 65 64 64 6 6 12 118 4
    106 104 116 31 71 94 35 70 112 9 35 87 94 29 52 12 88 35 7 114 14
    108 33 85 41 127 114 35 13 73 1 80 49 16 96 88 41 116 67 93 85 39
    116 90 8 88 26 89 53 74 19 58 106 118 107 98 20 1 50 15 63 63 63 62
    62 62 61 61 61 61 61 61 61 62 62 62 63 63 63 63 63 63 63 63 63 62 62
    63 62 62 62 62 62 62 61 61 61 60 60 60 60 61 62 63 63 64 64 65 64 65
    65 65 65 65 65 65 65 64 65 65 65 65 64 63 63 64 64 64 63 63 62 62 63
    64 65 65 65 66 66 66 66 66 66 66 66 66 66 67 67 67 68 69 69 66 66 67
    67 66 65 65 65 66 65 64 65 65 66 66 67 66 65 64 64 64 64 64 63 63 64
    64 65 65 65 66 66 66 64 63 63 63 64 65 64 64 64 64 64 64 64 64 64 63
    62 62 62 61 61 61 62 62 61 61 61 62 62 61 61 61 61 61 60 61 61 62 62
    62 63 64 64 64 64 65 66 66 66 66 66 66 66 66 66 66 66 65 65 66 66 65
    65 64 64 28 54 33 35 44 66 47 57 7 117 89 67 114 83 110 60 59 1 68
    19 122 80 66 116 118 25 25 96 95 94 107 27 105 45 116 7 47 97 88 88
    123 2 7 108 124 36 44 13 122 59 59 71 55 57 115 93 2 7 110 118 4 6
    117 3 42 62 62 62 62 62 61 61 61 61 60 60 60 61 61 61 61 62 62 62 62
    62 62 62 62 62 62 62 62 62 62 62 62 62 62 62 62 61 61 61 60 60 62 62
    63 64 64 64 65 65 65 65 66 66 66 65 66 65 65 65 65 66 66 65 64 63 63
    63 64 63 63 62 62 63 64 65 65 65 66 66 66 66 66 66 66 67 67 67 67 67
    68 68 69 69 66 66 67 66 66 65 65 65 65 64 64 65 65 66 66 66 66 65 64
    64 64 64 63 62 63 63 63 64 64 65 65 65 65 63 63 62 63 64 64 64 64 64
    64 64 64 64 64 64 62 62 62 61 61 61 61 62 62 61 61 61 62 61 61 61 61
    61 61 60 61 61 62 62 62 63 63 64 64 64 65 65 65 65 65 66 66 66 65 65
    65 65 65 65 65 65 65 65 63 64 35 37 53 94 77 57 34 72 79 111 73 32
    35 64 27 119 68 94 105 1 69 3 0 42 75 88 30 3 47 47 86 57 94 2 7 7
    98 35 30 120 12 80 74 9 88 5 107 20 52 90 60 22 19 11 118 92 70 101
    84 80 26 20 117 93 47 62 62 62 62 62 61 61 61 61 60 61 60 61 61 61
    61 62 62 62 62 62 63 62 62 62 62 62 63 62 62 62 62 62 62 61 61 61 61
    61 61 61 62 62 63 63 64 64 65 64 64 65 65 65 65 64 65 64 64 64 64 65
    64 63 63 62 63 63 63 62 63 62 62 62 64 65 65 65 66 65 66 66 66 66 66
    67 67 67 67 67 68 68 69 69 64 65 66 65 65 64 64 64 64 64 64 64 65 65
    65 66 65 64 63 64 64 64 63 63 63 63 63 65 65 65 66 66 65 63 63 63 64
    64 65 65 65 64 64 64 64 64 64 64 63 62 62 62 62 61 62 62 62 61 61 61
    62 62 61 62 61 62 61 60 61 61 62 62 63 63 63 64 64 64 65 65 65 65 65
    66 65 65 64 64 64 64 64 64 64 64 64 64 63 63 72 86 64 95 32 96 28 78
    36 6 11 65 12 30 28 78 103 26 112 80 65 118 100 98 110 71 94 103 119
    81 102 4 60 64 2 118 37 113 39 18 15 65 82 30 30 43 39 27 48 48 78
    26 75 83 43 12 90 86 44 24 21 96 100 46 57 61 62 62 61 61 61 61 61
    61 61 61 61 61 61 61 62 62 62 62 63 63 63 62 62 62 62 62 63 62 62 62
    61 61 61 61 61 61 60 60 61 60 62 62 63 63 64 64 64 64 64 65 65 65 65
    64 65 64 64 64 64 65 65 64 63 62 63 63 63 63 63 62 62 63 64 64 64 65
    65 65 65 65 65 65 65 66 66 66 66 66 66 67 67 68 64 64 65 65 64 63 63
    63 64 63 63 63 63 64 64 65 64 63 62 63 63 63 62 62 62 63 63 64 64 64
    65 65 65 63 63 63 63 64 65 65 65 64 64 64 65 65 65 64 63 62 62 62 61
    61 62 62 62 61 61 61 62 61 61 61 61 61 61 60 61 61 62 63 63 63 64 64
    64 64 65 65 65 65 65 66 65 65 64 64 64 64 63 63 63 64 63 63 62 63 3
    33 14 108 94 123 4 56 19 74 113 115 94 70 100 120 21 107 53 81 111
    101 27 77 67 113 51 53 21 42 99 43 124 28 58 68 26 124 92 117 4 104
    69 82 16 122 16 75 31 94 44 36 19 104 49 58 123 7 19 54 108 29 91
    102 103 61 62 62 61 61 61 61 62 61 61 62 61 62 62 61 62 62 62 62 63
    63 63 62 62 63 62 62 63 62 62 61 61 61 61 61 61 61 60 60 60 60 61 62
    63 63 64 64 64 64 64 64 65 65 64 64 64 64 64 65 64 65 65 63 63 62 62
    62 63 62 62 62 62 62 64 64 64 64 65 64 64 64 64 65 65 65 66 66 65 65
    66 66 67 67 63 63 64 64 64 63 63 63 64 63 63 63 63 63 64 64 64 63 62
    63 63 63 62 62 62 62 62 63 63 64 64 64 64 63 62 62 63 63 64 64 64 64
    64 64 64 64 64 64 63 62 62 62 61 61 61 62 62 61 61 61 62 61 61 61 61
    61 61 59 60 61 62 62 62 63 64 64 64 64 65 65 65 64 65 65 64 64 64 64
    64 63 63 63 63 63 63 63 62 62 13 59 106 59 7 66 50 87 78 58 113 21
    29 56 61 15 107 21 42 110 37 121 46 66 125 49 21 39 122 82 26 16 39
    29 10 21 79 90 20 22 66 50 12 23 79 75 17 51 80 127 28 12 110 33 92
    32 81 115 87 63 111 60 0 99 15 61 62 62 61 62 62 61 62 61 61 62 62
    62 62 62 63 63 63 63 63 63 64 63 63 63 62 62 62 62 62 61 61 61 61 61
    61 61 60 60 60 61 62 62 63 64 64 65 65 64 65 65 65 65 65 65 65 64 64
    65 65 65 65 64 63 62 62 62 63 62 62 62 62 62 63 63 63 63 64 63 63 64
    63 64 64 64 65 65 65 64 65 65 65 66 63 63 63 63 63 62 62 63 63 63 62
    62 63 63 63 64 64 63 62 62 62 62 61 61 61 61 61 62 62 62 63 63 63 62
    61 61 63 63 64 64 64 64 64 64 65 65 65 65 64 63 63 63 62 62 62 63 63
    61 61 61 62 61 61 61 61 61 61 59 60 61 62 62 62 63 63 64 63 64 64 65
    64 64 64 65 64 64 63 63 63 63 63 62 62 63 63 62 62 62 15 125 5 26
    115 68 36 7 53 21 12 35 18 63 85 70 117 110 35 0 123 15 79 81 54 58
    81 4 33 98 3 43 5 127 21 118 8 116 25 2 114 44 93 99 64 32 25 113 31
    54 92 14 102 41 38 32 88 18 8 72 48 78 107 119 45 61 62 62 61 62 62
    61 62 61 62 62 62 63 63 63 63 64 63 63 63 63 64 63 63 63 62 62 62 62
    62 61 61 61 60 60 61 61 60 60 60 60 61 62 63 63 64 64 64 64 64 64 64
    64 64 64 64 64 64 65 64 64 64 63 62 61 61 62 62 61 61 61 61 62 62 63
    63 62 63 62 63 63 63 63 63 64 65 65 65 64 65 65 65 66 62 63 63 63 63
    62 62 63 64 63 62 63 63 63 63 64 64 63 62 62 63 62 61 61 61 61 61 62
    62 62 62 62 62 61 61 61 62 62 63 63 64 63 63 63 64 64 65 64 63 63 63
    63 62 62 62 63 63 61 61 61 62 61 61 61 61 61 60 59 59 60 61 62 62 62
    63 63 63 63 64 64 64 64 64 65 64 64 64 64 63 64 63 63 63 63 63 63 62
    63 51 20 106 115 84 32 53 62 55 24 98 20 105 49 10 53 22 33 83 78 14
    112 17 125 87 55 110 65 69 93 60 95 17 26 119 29 106 75 119 69 54 25
    124 57 23 71 109 36 27 82 73 41 105 7 26 41 72 38 121 47 104 60 78
    44 1 62 62 62 61 62 62 61 62 62 62 63 62 63 63 63 63 64 64 63 63 64
    64 63 63 63 62 63 63 62 62 62 61 61 61 61 61 61 60 60 60 61 61 62 63
    64 64 64 64 64 64 64 64 64 64 64 64 64 63 64 64 64 63 63 62 61 61 61
    61 61 61 61 61 62 62 62 62 62 62 62 63 63 63 63 63 64 65 65 65 64 65
    65 65 66 63 63 64 64 63 62 62 63 64 63 63 63 64 64 64 64 64 63 62 63
    63 62 61 61 61 61 61 62 62 62 62 62 61 60 60 60 61 62 63 63 63 63 64
    63 64 64 65 64 63 63 63 63 63 63 63 63 63 62 61 61 62 61 60 60 60 60
    60 58 58 59 61 61 61 61 62 63 62 63 64 64 64 64 64 64 63 63 64 64 63
    64 63 63 63 63 63 63 62 63 65 90 64 108 9 17 56 24 78 107 37 24 106
    1 113 21 38 120 21 43 39 80 36 73 48 0 29 95 98 14 72 19 68 109 12
    66 105 87 2 11 99 60 27 35 47 63 113 59 85 14 69 117 19 0 122 6 43
    110 98 35 21 85 81 116 75 63 63 62 62 62 62 61 62 62 62 63 62 63 62
    62 63 63 63 63 63 63 63 63 63 63 62 62 63 62 62 61 61 62 61 61 62 62
    61 60 60 61 61 62 63 64 64 64 64 64 64 64 65 64 64 64 64 64 63 64 64
    64 64 63 63 61 62 62 62 61 61 61 61 62 62 62 62 61 62 62 62 63 63 63
    62 63 64 63 63 63 63 64 64 64 64 64 64 64 64 63 63 64 64 63 63 63 64
    63 63 63 64 62 62 63 63 62 62 61 61 62 61 62 63 62 63 62 62 61 60 61
    62 63 63 63 63 63 64 63 63 64 64 64 63 63 63 63 63 63 63 63 63 62 61
    61 62 61 60 60 60 60 60 58 58 59 60 60 60 61 62 62 61 62 62 63 63 63
    62 63 62 63 63 63 62 63 63 62 62 63 63 63 62 63 23 84 11 26 127 123
    74 20 27 120 41 30 95 79 104 55 65 27 19 83 54 29 53 91 44 109 10 62
    50 31 7 121 109 49 116 2 46 116 8 94 53 127 122 81 101 16 99 47 84
    16 69 120 97 4 66 123 83 2 120 47 61 124 87 81 5 63 63 63 62 63 63
    63 63 63 63 64 64 64 63 63 63 64 64 64 64 63 64 63 63 63 63 63 63 62
    62 61 61 61 61 61 61 62 61 60 61 61 62 62 63 64 64 65 64 64 64 64 65
    65 64 64 65 64 63 64 64 64 63 63 62 61 61 61 61 61 60 60 60 61 61 62
    62 61 62 62 62 62 62 62 62 62 63 63 63 63 63 64 64 65 64 64 64 64 64
    64 63 64 64 63 63 63 64 63 63 63 63 62 62 63 63 62 62 61 61 61 61 62
    62 62 62 62 61 60 60 61 62 62 63 63 63 63 63 63 63 64 64 64 63 62 63
    63 63 63 64 64 64 63 62 62 63 62 62 62 61 61 61 59 59 60 61 61 61 61
    62 62 62 62 62 63 63 62 62 62 61 62 62 62 62 63 63 62 63 63 63 63 62
    62 25 53 38 7 66 92 59 106 48 27 80 120 75 60 25 120 88 92 111 29 91
    31 74 33 84 76 70 19 117 35 56 112 22 34 22 14 12 127 77 109 2 4 70
    51 57 103 18 12 96 111 47 3 116 1 23 62 34 73 75 103 61 125 31 36 6
    64 65 64 63 63 63 63 64 63 63 64 64 64 63 63 63 63 63 63 63 63 63 63
    62 63 62 63 63 62 63 62 61 62 61 61 62 62 61 61 61 62 62 63 64 65 65
    65 65 64 64 64 65 65 64 64 65 64 64 64 65 65 64 64 63 62 62 62 62 61
    61 61 61 62 62 62 62 62 62 62 62 62 62 63 63 63 63 63 64 63 64 64 64
    65 64 64 64 64 64 63 63 64 64 63 64 64 64 64 64 64 65 63 62 63 63 63
    62 61 61 61 61 62 62 62 62 62 61 60 60 61 62 62 63 62 62 62 63 63 63
    64 64 64 63 62 63 63 63 63 64 64 64 63 62 62 63 62 63 62 62 62 62 60
    59 60 61 61 61 61 62 62 61 61 62 62 62 62 62 62 61 62 62 62 62 63 63
    62 63 63 63 62 62 62 20 43 99 27 111 62 19 86 45 56 124 35 20 46 76
    80 45 77 83 67 86 76 91 92 89 59 10 123 118 94 34 66 6 84 108 60 28
    24 40 81 84 77 13 22 104 39 33 10 21 60 54 17 51 70 120 76 57 117 53
    59 106 23 80 40 100 65 65 65 64 64 64 65 65 64 64 65 64 64 64 63 63
    63 64 64 63 63 63 63 63 63 63 63 63 63 64 63 62 62 62 62 63 63 62 62
    62 62 63 64 65 65 65 65 65 64 64 64 65 65 64 65 65 64 64 64 64 64 64
    63 62 61 62 62 62 61 61 62 62 62 62 63 63 62 63 62 63 63 63 63 63 63
    63 63 63 62 63 64 64 64 64 64 64 64 64 64 64 64 65 64 64 64 65 64 64
    64 65 63 63 64 64 63 62 61 61 61 61 62 62 61 61 61 60 60 60 60 61 61
    62 62 62 62 62 62 63 63 64 63 62 62 62 62 62 62 63 63 63 62 61 61 62
    61 62 62 61 61 61 59 59 60 61 61 61 61 62 62 61 61 62 62 63 62 62 63
    62 62 62 62 62 63 63 62 63 64 64 63 63 64 11 57 90 72 103 86 21 34
    31 52 102 20 122 30 89 0 109 106 23 111 120 54 65 100 93 11 44 87
    106 13 107 6 82 65 125 124 61 96 42 88 87 35 22 21 48 25 20 96 87 55
    0 31 11 68 78 42 19 76 40 38 26 62 100 51 54 64 65 64 63 64 64 64 64
    64 64 65 64 64 64 63 63 63 64 63 63 63 63 62 62 63 62 62 63 62 63 62
    61 61 61 61 62 62 62 61 62 62 63 64 65 65 65 65 65 64 64 64 65 65 65
    64 65 64 63 63 63 63 63 63 62 61 61 61 62 61 61 62 62 62 62 63 63 62
    63 63 63 63 63 63 63 63 64 64 64 63 63 64 63 64 64 64 64 64 64 64 64
    64 65 65 65 65 65 65 65 65 65 64 64 65 64 64 63 62 62 62 62 63 63 62
    62 62 61 60 60 60 61 62 62 62 62 62 63 62 63 63 64 64 62 62 62 63 62
    63 64 64 64 63 62 61 62 62 62 61 61 61 61 59 59 60 61 62 61 62 62 62
    62 62 63 63 63 63 63 63 62 63 63 63 63 64 64 63 63 64 64 64 63 64 40
    79 98 49 64 127 123 127 119 47 49 116 115 52 93 33 4 113 101 25 80 3
    6 63 55 65 7 9 5 91 40 113 124 18 21 27 91 124 14 33 115 125 29 98
    126 60 56 122 124 65 90 89 72 17 126 21 13 74 74 10 24 21 101 40 35
    65 65 65 63 64 64 64 64 63 64 65 64 64 63 63 63 63 63 63 62 62 62 61
    61 62 61 62 62 62 63 62 61 61 61 61 62 62 62 62 62 63 64 64 65 66 66
    65 65 64 64 64 65 65 64 64 65 64 63 63 63 63 63 62 62 61 61 62 63 62
    62 63 63 63 63 63 63 63 63 63 64 64 64 64 63 64 64 64 64 63 63 63 63
    64 65 65 65 66 65 66 65 65 66 65 66 66 66 65 65 65 65 64 64 65 64 63
    62 62 61 62 61 62 62 62 62 62 61 60 60 60 61 62 63 62 63 63 63 63 64
    64 65 64 63 62 63 63 63 63 64 64 64 63 62 61 62 61 61 60 60 60 60 58
    58 59 61 61 61 61 61 61 61 61 62 62 62 62 62 63 63 63 63 63 63 64 64
    63 63 64 64 64 63 64 55 102 64 9 76 107 104 24 60 99 114 60 58 99 67
    65 37 108 55 68 58 71 125 78 65 106 88 2 115 107 121 0 52 104 16 116
    43 113 104 60 99 1 71 78 15 122 69 47 79 56 4 25 110 24 6 78 62 107
    49 56 115 8 0 46 74 64 65 65 64 64 64 64 64 64 64 65 64 64 64 63 63
    63 63 63 62 62 62 61 61 62 62 62 63 63 63 62 62 62 62 62 62 63 62 62
    63 63 64 64 65 65 65 65 65 64 64 64 64 65 64 64 65 64 63 63 63 63 63
    63 63 62 62 63 63 63 63 63 63 63 63 63 64 63 63 63 64 63 63 63 63 63
    64 63 63 61 62 62 62 63 65 65 64 65 65 65 65 65 66 66 66 67 66 66 66
    66 66 65 64 65 65 64 63 63 62 62 61 62 62 61 62 61 60 60 60 60 62 62
    63 63 63 63 64 64 64 64 65 65 63 63 63 63 64 65 65 65 65 63 62 62 63
    62 62 61 61 61 60 59 59 60 61 61 61 61 62 62 61 62 62 63 63 63 63 63
    63 64 64 64 63 64 64 63 64 64 64 64 63 64 35 60 120 46 42 89 37 59
    119 58 13 101 102 61 64 122 47 127 121 26 12 33 12 80 82 52 18 76 39
    88 117 118 112 81 92 23 77 83 91 109 123 13 126 65 73 36 120 103 22
    22 52 29 108 124 84 30 96 126 117 99 111 102 127 14 89 65 66 66 65
    65 64 65 65 64 65 66 65 65 64 64 63 63 63 63 63 62 63 62 61 62 61 62
    62 62 63 62 62 62 61 61 62 63 62 62 63 63 64 64 64 65 65 65 65 64 64
    63 64 64 64 64 64 63 62 62 62 62 63 62 62 62 62 63 63 63 63 64 63 64
    63 64 64 63 64 63 64 64 64 64 64 63 64 64 63 62 62 62 62 63 64 64 63
    64 64 64 64 64 65 65 65 66 65 65 65 65 65 64 64 64 64 63 62 62 61 61
    60 61 61 61 61 61 60 60 59 59 61 62 62 62 63 63 64 63 63 64 64 65 63
    63 63 63 63 64 65 65 64 63 61 61 62 61 61 60 60 60 60 58 58 59 60 61
    61 61 61 62 61 62 63 63 63 63 63 64 63 64 64 64 64 65 65 64 64 65 65
    64 63 64 9 121 73 43 99 61 109 104 36 51 89 50 72 27 25 34 101 70 24
    104 15 46 20 69 61 58 9 100 95 36 93 47 80 52 105 8 60 30 21 18 97
    56 61 20 71 88 62 19 27 85 40 114 92 109 79 108 64 44 65 28 9 107 21
    73 80 65 66 66 65 65 64 65 65 64 65 66 65 65 64 64 63 63 64 63 63 62
    63 62 61 62 62 62 62 62 63 62 62 62 62 62 63 64 63 63 64 64 65 64 65
    66 66 66 65 65 65 64 65 64 64 64 64 63 63 63 63 63 63 62 62 62 62 63
    63 63 63 63 63 63 63 63 63 63 63 62 63 63 63 63 64 64 64 64 64 62 63
    63 62 63 63 63 62 63 63 63 63 63 64 64 64 65 65 65 65 65 65 64 64 65
    64 63 62 62 61 61 61 62 61 61 61 61 60 60 60 59 61 61 62 62 62 62 64
    63 63 64 64 64 63 63 63 63 64 64 65 65 65 63 62 62 63 62 62 61 61 61
    60 59 59 60 61 62 61 62 62 62 62 62 63 64 64 64 64 64 64 64 65 65 64
    65 65 64 64 65 65 64 64 65 31 87 126 98 122 125 123 107 15 51 52 50
    57 6 52 43 44 31 120 17 17 112 121 79 4 119 7 124 123 55 48 78 104
    45 97 122 113 65 105 71 0 0 8 54 13 34 16 121 102 45 4 38 121 119
    101 48 31 11 75 101 36 56 124 13 87 66 66 66 65 65 64 65 65 64 65 65
    65 64 64 64 63 63 63 63 62 62 62 62 61 62 62 63 63 63 63 63 63 63 63
    63 64 64 64 64 65 65 66 65 66 67 66 66 66 65 65 65 65 65 64 64 64 63
    63 63 63 63 63 62 63 62 62 62 63 62 63 63 63 63 62 63 63 62 62 62 63
    63 63 63 63 63 64 63 63 62 62 63 62 63 62 62 62 62 63 63 62 63 64 64
    64 65 64 64 65 65 65 64 64 64 64 63 62 61 61 61 60 61 61 61 61 61 60
    60 60 60 61 62 62 62 63 63 64 63 64 64 65 65 64 63 63 64 64 64 65 65
    64 63 62 62 63 62 62 61 61 61 61 60 59 60 62 63 62 62 63 63 62 63 64
    64 65 64 64 65 65 65 65 65 65 66 66 65 64 65 65 65 64 65 115 28 102
    57 113 43 32 83 29 40 52 48 71 12 2 43 107 7 57 26 106 30 67 103 33
    108 23 98 57 74 82 46 126 7 18 47 36 103 93 49 108 19 65 82 5 92 46
    24 90 38 53 77 26 88 46 105 31 81 124 3 118 52 86 27 35 65 65 65 64
    64 64 64 64 64 64 64 64 63 63 63 62 62 62 62 61 61 61 61 61 61 61 62
    62 62 63 63 63 63 63 63 64 64 64 64 65 65 65 65 66 66 66 66 65 65 65
    64 64 64 64 63 63 63 63 62 62 62 62 62 62 62 61 62 62 62 62 62 62 62
    62 62 62 61 61 61 62 63 63 62 63 63 64 64 64 62 62 63 62 63 62 63 62
    63 63 63 63 63 64 64 65 65 65 65 65 65 65 65 64 65 65 63 62 62 61 61
    60 61 62 61 61 61 60 61 60 60 62 62 62 62 63 63 64 64 64 65 65 65 64
    63 64 64 64 64 65 65 64 63 62 62 63 62 61 61 61 61 61 59 59 60 62 62
    62 63 63 63 62 63 64 64 65 64 64 65 65 65 65 65 65 66 66 64 64 65 65
    65 64 64 11 102 75 53 115 66 97 48 1 79 122 118 21 93 29 1 75 25 101
    61 112 86 64 102 56 42 92 51 35 70 42 78 4 24 82 113 99 125 24 93 46
    119 82 72 84 105 7 119 57 59 37 99 68 48 116 54 94 104 17 48 23 120
    122 20 20 65 65 65 64 65 64 64 64 64 64 64 64 64 63 63 62 62 62 62
    61 61 61 60 60 60 60 61 61 61 62 62 63 62 62 62 63 64 64 64 64 65 65
    65 65 66 65 66 65 65 64 64 64 64 63 63 63 63 62 62 61 61 61 61 61 61
    61 61 61 61 61 62 61 61 61 61 61 61 61 61 62 62 62 62 62 62 63 63 63
    62 62 63 62 63 61 62 62 62 62 63 63 63 64 64 64 65 65 65 65 65 65 64
    64 65 64 63 62 61 60 61 60 61 61 61 61 61 60 61 60 60 61 62 63 63 63
    63 64 64 64 65 66 66 65 64 64 64 64 65 65 66 65 63 63 62 63 63 62 61
    62 61 61 59 59 60 61 62 61 62 62 62 61 62 63 64 64 63 63 64 64 65 65
    65 65 66 66 65 65 65 65 65 64 65 124 114 17 116 82 117 38 16 6 69
    109 14 54 71 75 77 115 73 97 6 31 57 22 88 24 39 66 43 3 74 57 75 34
    12 98 50 8 91 87 78 1 60 31 84 53 102 81 10 33 101 110 51 5 63 8 30
    113 100 103 101 29 12 85 112 59 65 65 65 64 64 64 64 64 64 64 64 64
    63 63 63 62 62 62 62 62 61 61 61 61 61 61 62 62 62 62 63 63 62 62 63
    63 63 63 63 63 64 64 64 64 65 65 65 64 64 64 64 63 64 64 64 64 63 63
    62 62 62 62 62 62 62 62 62 62 61 61 62 61 61 61 61 61 60 61 61 62 62
    63 63 63 63 63 63 64 62 63 63 63 64 61 61 61 61 62 62 62 62 63 63 63
    64 63 63 64 64 64 64 64 64 64 63 62 61 60 60 60 61 61 61 61 61 60 61
    60 60 62 62 62 63 63 63 64 64 64 65 66 66 65 64 64 64 64 65 65 65 65
    63 63 63 63 62 62 62 62 62 61 60 59 60 61 62 62 63 62 63 62 63 64 64
    64 63 64 64 64 64 65 64 65 65 65 64 64 65 64 64 63 64 17 109 91 7 8
    93 26 73 39 107 61 108 60 9 1 8 31 93 86 10 57 114 24 21 77 60 100
    123 35 38 37 74 84 91 28 56 100 56 82 23 50 107 42 45 13 68 35 15 73
    39 85 112 38 127 124 16 17 121 2 118 8 35 72 53 124 64 65 65 64 64
    64 64 64 64 64 64 64 63 63 63 62 62 62 62 61 61 61 61 61 61 61 62 62
    62 62 62 63 62 62 62 62 63 63 63 63 64 63 63 64 64 64 64 64 64 63 63
    62 63 63 63 63 63 62 62 62 62 61 62 62 62 62 62 62 61 61 62 61 62 61
    61 61 60 60 60 61 62 62 62 63 63 63 63 63 62 62 62 62 63 60 60 60 60
    60 61 61 62 62 63 63 63 62 63 63 63 64 64 63 64 63 62 62 61 60 60 60
    60 61 61 60 60 60 61 60 60 61 62 62 62 63 63 64 64 64 64 65 65 64 64
    64 64 64 65 65 65 64 63 63 62 63 62 62 61 62 61 61 60 60 61 62 62 63
    63 63 63 62 63 64 64 64 64 64 65 65 65 65 64 65 65 65 64 64 64 64 64
    63 64 73 76 65 76 108 96 112 115 98 80 97 60 9 125 114 37 13 72 55
    117 126 37 5 114 93 105 13 77 86 126 88 39 60 99 51 43 17 90 105 61
    45 67 42 34 8 29 15 42 53 114 6 4 97 39 108 103 68 33 12 88 15 40 2
    67 1 64 64 65 64 64 63 63 64 63 63 63 63 63 62 63 61 62 62 61 61 61
    61 61 61 61 61 61 61 61 61 62 62 62 61 61 61 62 62 62 62 63 62 62 62
    62 62 62 62 63 63 62 62 62 62 62 62 62 62 61 61 61 61 61 62 62 62 62
    62 61 61 62 61 62 61 61 61 60 61 61 61 62 62 62 63 62 62 62 63 62 62
    62 61 62 61 61 60 60 60 61 61 62 63 63 63 63 63 63 64 64 64 64 64 64
    63 63 62 62 61 62 61 61 61 61 61 61 61 62 61 61 62 62 62 62 63 63 64
    63 63 64 64 65 64 64 63 64 64 64 64 65 64 63 63 62 63 62 62 62 62 62
    62 61 60 61 62 63 62 63 63 63 62 63 64 64 64 63 64 64 64 64 64 64 64
    65 64 64 64 64 63 64 64 64 119 19 115 17 100 12 48 121 86 43 4 111
    69 87 103 126 35 36 34 122 16 41 27 66 0 108 112 85 42 103 121 117
    24 82 88 33 83 48 60 44 9 123 108 105 23 17 36 18 100 15 5 7 97 101
    121 119 90 65 77 46 83 60 112 26 81 65 65 65 65 65 64 64 64 64 64 64
    63 63 63 63 62 62 63 62 62 62 62 61 61 61 61 62 62 62 62 62 62 62 62
    62 62 63 63 63 63 63 62 62 63 63 62 63 63 63 63 62 62 62 62 62 62 62
    62 62 61 61 61 62 62 62 62 62 62 61 61 61 61 61 61 61 61 60 60 60 61
    61 61 62 62 62 62 62 62 61 61 61 61 62 61 61 61 61 61 62 62 62 64 64
    64 64 63 63 63 64 64 64 64 64 64 63 63 62 61 61 60 60 61 61 60 61 61
    62 61 61 62 62 62 62 62 62 63 62 63 63 63 64 64 63 63 63 63 64 63 64
    63 63 62 62 63 62 62 62 62 62 61 61 60 61 62 63 62 63 63 63 62 63 64
    64 64 64 64 64 64 64 65 65 65 65 64 63 63 64 63 63 63 64 110 29 5 57
    42 76 47 99 74 24 10 76 53 35 82 28 82 22 28 97 81 119 123 50 118 97
    62 16 79 98 112 12 68 11 112 13 47 126 40 63 92 70 27 118 13 82 87
    119 14 102 94 41 54 65 41 18 9 109 93 97 5 79 32 14 0 65 65 65 65 65
    64 64 64 64 63 63 62 62 62 63 61 62 62 62 61 61 61 61 61 61 61 61 61
    61 61 62 62 62 62 62 62 63 63 63 63 63 63 62 63 63 62 62 63 64 63 62
    62 62 62 62 62 62 62 62 61 61 61 62 62 62 62 62 63 61 61 61 61 61 61
    61 61 60 60 60 61 61 62 62 62 62 63 62 63 62 62 62 62 63 62 63 63 62
    63 63 64 64 65 65 65 65 64 64 64 64 65 65 64 65 64 64 63 62 62 62 61
    61 61 61 61 61 61 61 61 61 62 62 62 62 62 62 63 62 62 63 63 64 64 63
    63 63 63 63 63 63 64 63 63 62 64 63 63 62 63 62 62 61 61 61 62 63 62
    63 63 63 63 63 64 64 64 63 64 64 64 64 64 64 64 65 64 64 64 64 63 63
    63 64 0 125 30 33 110 45 89 62 85 63 19 23 7 95 117 84 24 104 33 72
    91 23 17 62 33 85 60 85 35 53 53 81 90 73 102 68 87 31 94 71 73 9 59
    71 78 68 100 48 66 92 107 111 83 94 6 50 36 96 50 122 106 12 32 119
    120 65 66 66 66 66 64 64 64 64 64 63 63 63 62 63 62 62 63 63 62 62
    62 61 61 61 61 62 61 62 62 63 63 63 63 63 63 64 64 64 64 64 63 63 63
    63 63 64 64 65 64 64 63 63 63 63 63 63 63 63 62 62 62 63 62 63 63 63
    63 62 61 62 61 61 61 61 61 60 61 60 61 62 62 62 62 62 62 62 63 62 62
    62 62 63 61 62 62 62 62 63 63 63 64 65 65 65 64 64 64 64 65 65 65 64
    64 64 63 62 61 61 60 60 61 61 60 61 60 61 60 60 61 62 62 62 62 62 63
    63 63 63 63 64 64 64 63 63 64 64 64 64 64 63 63 63 64 63 63 63 63 62
    63 62 61 62 63 64 63 64 64 64 63 64 65 64 64 64 64 65 65 65 65 65 65
    65 65 64 64 64 63 63 63 63 63 89 36 101 40 48 17 74 60 77 14 83 2
    105 85 80 64 29 27 118 36 34 2 26 32 117 76 17 32 75 45 75 108 122
    25 52 11 43 127 17 38 86 115 80 118 103 63 79 19 83 10 54 109 71 59
    102 92 120 87 107 110 54 97 84 19 65 65 65 65 64 63 63 63 63 63 63
    62 62 61 62 61 61 62 62 62 61 62 61 61 61 62 63 62 63 62 63 64 64 64
    64 64 64 64 65 64 64 64 64 64 64 63 64 65 65 65 64 64 64 64 63 63 63
    63 63 62 62 62 62 62 63 63 63 63 62 62 62 62 62 61 62 62 62 62 62 63
    63 63 64 64 63 64 63 64 63 64 64 63 64 61 62 61 61 62 63 63 63 64 65
    64 65 64 65 65 65 65 65 65 65 65 64 64 63 62 62 61 61 61 61 61 61 60
    61 60 60 61 61 61 61 62 61 62 62 62 62 63 64 64 63 63 63 64 64 64 64
    64 63 64 63 64 64 64 63 64 63 63 63 62 63 64 64 64 64 65 65 65 65 65
    65 65 65 65 66 66 66 66 65 65 65 65 65 64 65 64 63 63 63 66 68 108
    100 67 113 6 91 88 22 35 6 23 98 65 2 10 61 25 86 23 119 88 83 13 85
    95 55 49 81 85 53 3 125 29 106 6 98 116 112 92 83 34 94 102 67 17 32
    28 85 68 97 97 35 95 11 93 76 24 126 14 64 50 97 119 65 65 65 65 65
    63 63 63 63 63 63 62 61 61 62 61 61 62 62 62 62 62 62 62 61 62 63 63
    63 63 64 64 64 64 64 64 64 64 65 64 64 64 64 63 63 63 63 64 65 65 64
    64 64 64 63 63 63 63 63 62 63 63 63 63 64 65 65 65 63 63 63 63 63 63
    63 64 63 64 63 64 64 64 64 64 64 64 63 64 63 64 64 63 64 60 61 61 61
    61 62 63 63 64 64 64 64 64 64 64 64 65 65 64 65 64 64 64 63 62 62 61
    61 61 62 62 62 61 61 61 61 62 62 62 62 62 62 63 63 63 63 63 64 64 63
    63 63 64 64 64 65 64 64 64 64 65 64 64 63 64 63 64 63 63 64 64 65 64
    65 65 65 65 65 65 65 65 65 65 65 65 65 65 65 65 65 65 65 64 64 64 63
    63 63 46 37 97 94 1 88 43 120 30 0 85 66 104 39 99 3 116 38 8 100 60
    93 6 27 108 126 23 40 52 61 60 48 34 125 83 114 58 82 75 47 122 37 1
    8 19 110 109 10 18 107 108 109 109 56 52 61 80 22 72 0 3 50 41 60 17
    65 65 65 64 64 62 62 63 63 63 63 62 61 61 62 61 61 62 62 62 62 62 61
    62 61 62 63 62 63 63 63 64 64 64 64 63 64 64 65 64 64 64 64 63 63 63
    63 64 65 65 64 64 64 64 63 64 63 64 64 63 63 63 63 63 64 65 65 65 63
    63 64 64 64 63 63 64 63 64 63 64 64 64 64 64 64 64 64 64 64 64 64 63
    64 60 61 61 61 61 63 63 63 64 64 63 64 63 63 63 64 64 64 64 64 64 64
    64 63 62 62 60 60 61 62 62 62 61 62 62 61 62 62 62 62 63 61 62 63 63
    63 63 64 64 64 63 63 64 64 64 65 64 64 64 64 65 64 64 64 64 63 63 63
    63 64 64 65 64 64 65 65 64 65 65 65 65 65 65 65 65 65 65 65 65 65 64
    64 64 64 63 63 63 63 76 99 65 36 35 56 33 16 127 40 67 86 66 94 50
    23 85 32 6 46 78 77 90 100 123 31 65 81 19 114 26 64 53 52 66 55 53
    39 46 3 109 89 73 81 1 74 13 121 75 36 90 8 94 114 11 110 21 3 4 115
    6 74 16 98 2 64 65 65 64 64 62 62 63 62 62 62 61 61 61 62 61 61 62
    61 61 61 61 61 61 60 61 61 61 62 62 62 63 63 63 63 62 63 63 64 64 64
    63 63 63 62 63 63 64 65 65 64 64 64 64 64 64 64 64 65 63 64 64 64 64
    65 65 66 66 64 64 64 64 64 64 64 64 64 64 64 64 64 64 64 65 64 64 64
    65 64 65 64 64 64 59 60 59 60 60 61 62 62 63 63 63 64 63 63 64 65 65
    65 65 65 65 65 64 64 63 63 61 61 61 62 62 62 62 62 62 62 62 63 63 63
    63 62 63 63 64 64 64 65 65 64 63 64 64 64 64 64 64 63 63 63 64 63 63
    63 63 62 62 62 62 63 63 64 63 64 64 65 64 65 65 65 65 65 66 66 66 66
    66 66 66 66 65 66 64 65 64 64 63 63 68 15 11 44 93 88 81 37 5 86 19
    26 97 87 34 70 115 29 74 23 62 115 55 121 56 60 55 99 53 15 24 17
    127 43 74 69 7 123 58 80 121 60 23 50 5 76 95 15 49 113 31 8 71 81
    74 46 33 109 124 125 108 76 51 56 108 64 65 64 64 63 61 61 62 62 62
    61 61 61 61 61 60 60 61 61 61 61 61 60 61 60 60 61 61 61 62 62 63 63
    63 63 63 63 64 64 63 64 63 63 63 63 63 63 64 66 66 65 65 65 64 64 64
    64 65 65 64 65 65 64 64 65 65 66 66 65 64 65 64 64 64 64 64 64 65 64
    64 64 65 65 66 66 66 65 66 65 65 65 64 65 57 58 58 58 59 60 60 61 62
    62 62 63 62 63 63 64 65 65 64 65 65 65 64 64 63 63 62 62 62 62 63 63
    63 63 63 63 63 63 63 64 64 63 64 64 65 64 65 66 66 65 64 64 65 65 64
    65 64 64 64 64 64 63 63 63 63 62 62 62 62 62 63 63 62 63 64 65 64 65
    65 64 64 64 65 66 66 65 66 66 65 65 65 65 64 64 63 63 63 62 62 61 61
    61 61 60 60 60 59 59 60 61 61 60 61 62 61 61 61 61 62 62 62 63 63 63
    63 63 64 65 66 66 66 67 67 66 66 66 66 67 66 66 67 68 68 68 67 68 67
    68 68 67 66 66 65 66 66 66 66 66 65 65 65 64 64 64 64 64 64 64 62 61
    61 62 61 61 60 60 60 61 60 60 61 61 61 61 61 60 60 59 60 60 60 61 61
    62 62 63 63 62 62 62 63 63 62 62 62 62 62 61 62 62 63 65 65 64 64 64
    64 64 64 64 64 65 63 64 64 64 64 65 65 66 66 65 65 64 64 64 64 64 64
    63 64 63 64 64 64 65 65 65 65 65 65 65 65 64 64 64 57 58 57 58 58 60
    60 61 62 62 62 63 62 63 63 64 64 65 65 65 66 65 65 65 64 64 63 62 63
    63 64 64 64 64 63 63 64 64 63 63 64 63 64 64 65 64 65 66 66 65 64 64
    64 64 64 65 64 64 64 64 65 64 63 63 63 63 63 62 62 62 63 63 63 63 64
    65 64 65 65 65 65 64 65 66 66 65 66 66 65 66 65 65 64 64 63 63 63 63
    62 62 61 62 62 62 61 61 60 60 61 62 61 61 62 63 62 62 62 62 63 63 63
    63 63 63 63 63 64 65 66 66 67 67 67 66 66 66 66 67 67 66 68 69 68 68
    68 69 68 68 68 67 66 66 65 66 66 65 65 65 64 63 64 62 62 62 63 63 63
    63 61 60 60 61 60 60 59 59 59 60 59 60 60 60 60 60 61 59 59 58 59 59
    60 60 60 61 61 62 62 62 62 62 63 63 62 62 62 62 62 62 62 63 64 65 65
    65 65 65 64 64 64 64 64 65 64 64 64 64 64 65 65 65 65 64 64 63 64 64
    63 63 64 64 64 63 64 64 64 64 65 65 65 65 65 65 65 64 64 65 57 58 58
    58 59 60 61 61 62 62 62 63 63 63 63 64 65 65 64 65 66 66 65 65 65 65
    63 63 63 64 65 65 65 65 64 64 64 64 64 64 65 64 65 65 65 65 66 67 67
    66 65 65 65 65 64 66 65 65 65 65 66 65 64 64 64 63 63 63 62 62 63 63
    62 63 64 65 64 65 64 64 64 64 64 65 65 64 65 65 64 65 64 64 63 64 62
    62 62 61 60 60 59 60 60 60 60 60 59 59 60 60 60 60 60 61 61 62 61 62
    62 62 63 63 63 63 63 63 64 65 66 67 67 68 68 67 67 67 67 68 68 67 69
    70 70 69 69 69 69 70 70 69 67 67 66 67 67 66 66 66 65 64 65 63 63 63
    64 64 64 63 61 61 60 61 60 60 59 59 59 60 59 60 60 61 61 60 60 59 59
    58 59 60 60 60 60 61 62 63 63 63 63 63 63 64 63 63 63 63 63 63 63 64
    64 66 66 65 65 65 64 64 64 64 64 64 63 64 64 64 64 64 65 65 65 64 64
    63 63 63 63 63 63 63 64 63 63 64 64 64 65 65 65 65 65 65 64 64 64 64
    57 58 58 58 59 60 60 61 61 62 61 62 62 62 63 64 65 65 64 65 65 66 65
    65 65 65 63 63 63 64 65 65 65 65 64 64 65 64 64 64 65 64 65 65 66 66
    66 67 68 67 65 65 66 65 65 66 66 66 65 66 66 65 65 64 64 64 63 63 62
    62 63 63 62 63 64 65 64 65 64 64 64 63 64 65 65 64 64 64 64 65 64 64
    63 63 62 62 62 61 60 60 59 60 60 60 60 59 59 58 59 60 60 60 60 61 61
    61 60 61 62 61 62 62 62 62 63 63 64 65 66 67 67 67 67 67 67 68 68 69
    68 68 70 71 70 70 69 70 69 70 70 68 67 67 66 67 67 66 65 65 64 63 64
    62 62 62 63 64 64 63 61 61 61 61 60 60 59 59 60 60 59 60 61 61 61 61
    61 60 60 58 59 60 60 60 60 61 62 62 63 63 62 63 63 64 62 63 63 62 62
    62 62 63 64 66 66 65 65 65 64 64 64 64 64 65 64 65 65 65 64 65 66 65
    65 65 64 63 64 63 63 63 63 64 64 63 63 64 64 64 64 64 65 64 64 65 64
    64 64 65 56 57 57 57 57 58 59 60 60 61 61 62 62 62 62 63 64 64 64 65
    65 65 65 65 65 65 63 63 63 64 64 64 64 65 64 64 64 64 64 64 64 64 65
    65 65 65 66 67 68 67 66 66 66 65 65 66 66 66 66 66 67 65 65 65 65 64
    63 62 62 62 62 63 62 64 64 65 64 65 64 64 64 64 64 65 65 64 64 65 64
    65 64 65 64 64 63 62 62 61 60 60 59 60 60 60 60 60 59 59 60 61 61 60
    60 61 61 61 60 61 61 61 62 62 62 62 62 63 64 64 65 66 66 67 67 67 67
    67 67 68 68 68 70 70 70 70 69 70 69 69 69 68 67 67 66 67 67 66 66 66
    65 64 64 63 63 63 64 64 64 63 61 61 61 61 60 60 60 59 60 61 60 60 61
    61 61 61 61 60 60 59 60 61 60 61 61 62 62 63 63 63 62 63 64 64 62 63
    63 62 63 62 62 63 64 65 65 65 65 65 64 64 64 64 64 64 63 64 64 64 64
    64 65 65 64 64 63 63 63 63 63 63 63 64 64 63 63 64 64 65 65 66 66 66
    66 67 66 65 65 66 56 57 57 57 58 58 59 60 61 61 61 61 62 61 62 63 64
    64 64 65 65 65 65 65 65 65 64 63 63 64 64 64 64 65 64 64 64 63 63 63
    64 63 64 64 65 65 66 67 67 67 66 66 66 65 64 66 66 66 66 66 67 65 65
    65 64 64 63 63 62 62 62 63 62 64 65 65 65 65 64 64 64 63 64 64 65 64
    64 64 64 64 64 64 63 63 62 62 62 61 60 60 59 60 60 60 60 60 59 59 60
    61 61 61 61 62 61 61 61 62 62 62 62 63 62 63 63 63 64 65 66 66 67 67
    67 67 67 67 68 68 67 67 69 70 69 70 69 69 69 69 69 68 67 66 65 66 66
    65 64 65 64 63 63 62 62 62 62 62 62 62 60 60 60 60 59 60 59 59 59 60
    59 60 61 61 61 61 61 60 60 59 60 60 61 61 61 62 62 62 63 63 62 63 63
    63 62 62 62 62 62 62 62 62 63 65 65 65 65 65 64 64 64 64 64 64 64 65
    64 64 63 64 65 65 65 64 63 63 63 63 62 63 63 63 64 63 63 64 65 65 65
    66 66 66 66 67 66 66 66 66 57 58 58 58 58 59 60 61 62 61 62 62 62 62
    62 63 64 64 64 65 65 65 65 65 65 65 64 63 63 63 63 64 64 64 63 64 64
    63 63 63 63 63 64 64 65 65 66 67 67 67 66 66 66 65 65 66 66 66 67 67
    67 66 65 64 64 64 63 62 62 62 62 62 62 64 64 65 65 65 64 64 64 63 64
    64 64 64 64 64 64 64 64 64 63 63 62 62 62 61 60 60 59 60 60 61 61 60
    60 60 61 62 62 62 62 63 62 62 62 63 63 63 63 63 63 64 64 64 65 65 67
    67 67 67 67 67 67 67 68 68 67 67 69 69 69 69 68 69 68 68 68 67 66 65
    65 65 65 64 64 64 63 63 63 62 62 62 62 62 62 62 61 61 60 60 60 60 60
    59 60 60 60 60 61 61 61 61 61 60 61 60 60 61 61 61 61 62 62 62 63 63
    62 63 63 64 62 62 63 62 62 62 62 62 63 65 64 65 65 65 64 64 64 64 64
    64 63 64 64 64 64 64 64 65 65 64 63 63 63 63 62 63 62 63 64 63 63 64
    65 65 65 66 66 66 66 67 67 66 66 67 56 57 57 57 58 59 60 60 61 61 61
    61 62 61 61 62 64 64 64 65 65 65 65 65 65 65 64 63 63 63 63 64 64 64
    63 64 64 63 63 63 64 63 64 64 65 65 65 66 67 66 65 65 65 65 64 66 66
    66 66 66 66 65 64 64 64 64 63 63 62 62 63 63 63 64 65 66 66 66 65 65
    64 64 64 65 65 65 65 65 64 64 64 64 63 63 62 62 61 60 60 60 60 60 61
    62 62 61 61 61 61 62 62 62 63 64 63 63 63 64 64 64 64 64 64 65 65 64
    65 65 67 67 67 67 67 66 67 67 67 68 67 67 68 68 68 68 67 68 67 67 67
    66 65 64 64 65 64 64 63 63 62 62 62 61 61 62 62 62 62 61 61 60 60 60
    60 60 60 60 60 60 60 60 60 61 61 60 61 59 60 59 60 60 60 60 60 60 61
    61 61 62 61 62 62 62 61 61 61 61 61 61 61 61 62 64 64 64 64 64 64 64
    63 64 63 64 63 64 63 64 63 64 64 64 64 64 63 63 63 63 62 63 62 63 64
    64 64 64 65 65 66 66 66 66 66 67 67 66 67 67 58 59 59 59 59 60 61 62
    63 62 62 62 63 62 62 63 64 64 64 65 65 66 66 66 66 66 64 64 63 63 63
    63 64 64 63 64 63 63 63 63 63 63 64 64 64 64 65 65 66 66 65 65 65 65
    65 66 66 66 67 67 66 65 65 64 64 64 64 63 63 63 63 63 63 64 65 66 66
    66 65 65 64 64 64 65 65 64 64 64 64 64 64 64 63 63 62 62 61 61 60 60
    60 60 61 61 62 62 61 61 62 62 62 62 63 63 63 62 63 64 63 63 63 63 63
    64 63 63 64 64 65 66 66 66 66 66 66 67 67 67 66 66 68 68 67 68 67 68
    67 68 68 67 66 65 64 65 65 64 64 64 63 63 63 62 62 63 63 63 63 62 61
    60 60 60 61 61 60 60 60 61 60 60 60 61 61 60 61 60 60 59 60 60 61 61
    61 61 61 62 62 62 61 62 62 63 61 62 62 62 62 61 61 61 62 64 64 64 64
    64 64 64 64 64 63 64 63 64 64 64 64 64 65 65 65 65 64 64 64 64 63 63
    63 64 65 64 64 64 65 65 65 65 66 65 65 66 65 65 65 65 59 59 59 59 60
    61 61 62 63 62 62 63 62 62 61 62 63 63 64 64 64 65 66 65 66 65 64 63
    63 63 63 63 63 63 62 63 63 62 62 62 62 62 63 63 64 63 64 65 66 66 65
    65 65 65 65 66 66 67 67 67 67 66 65 64 64 64 64 64 63 63 63 63 63 64
    65 66 65 65 64 65 64 64 64 65 64 64 64 64 64 64 64 64 63 63 62 62 61
    61 60 60 60 60 61 61 62 62 62 61 62 63 63 62 63 63 63 62 62 63 63 63
    64 64 64 64 64 63 64 64 66 66 67 67 67 67 67 67 68 67 67 67 68 68 68
    68 68 68 68 68 68 68 67 65 65 66 66 65 65 65 65 65 65 64 63 64 64 64
    64 62 61 61 61 61 61 61 60 61 60 61 60 60 61 62 62 62 62 61 61 61 62
    62 62 63 62 62 63 63 63 63 63 63 63 64 62 63 63 63 63 62 63 63 64 65
    65 65 65 65 65 65 64 64 64 65 64 65 64 65 64 65 65 65 66 66 65 65 65
    65 64 64 64 65 65 64 64 65 65 66 66 66 66 65 66 66 65 65 65 65 59 59
    59 60 60 61 61 62 63 63 62 63 62 62 61 62 63 64 64 65 64 66 66 65 66
    65 64 63 63 63 62 62 62 63 62 63 63 62 62 62 63 63 63 63 64 63 63 64
    65 65 64 64 64 64 64 65 65 65 65 65 65 64 63 63 63 62 63 62 62 61 62
    62 62 64 64 65 64 64 64 64 64 63 64 64 64 64 63 64 63 64 64 64 63 63
    63 63 62 61 61 60 60 60 61 62 62 62 62 62 62 63 63 62 62 63 62 62 62
    63 63 63 64 64 64 64 64 63 64 64 65 65 66 67 67 67 67 68 68 68 68 68
    69 69 68 69 69 69 69 68 69 68 67 66 66 67 66 66 66 66 66 65 65 64 63
    64 64 64 63 63 62 61 61 61 62 62 61 61 61 61 60 60 61 61 61 61 61 60
    61 60 61 62 62 62 62 62 62 62 63 63 62 63 63 63 62 63 63 64 63 63 63
    63 64 65 65 64 64 65 64 64 64 64 63 64 63 64 63 64 63 64 64 65 65 65
    64 64 64 64 64 64 64 65 65 64 64 65 65 66 66 66 66 66 66 66 66 65 65
    65 60 61 61 61 62 63 63 64 65 64 64 64 64 63 62 63 64 64 64 65 65 66
    66 66 66 66 64 64 63 63 62 63 62 63 62 63 62 62 62 62 63 63 63 63 64
    63 64 64 65 65 65 65 65 64 64 65 65 66 66 66 66 64 63 63 63 63 63 63
    62 62 62 62 62 63 64 64 64 64 63 63 63 63 63 64 64 64 63 63 63 64 64
    64 63 63 63 63 63 62 62 61 61 62 62 63 63 63 63 63 63 64 63 63 63 64
    63 62 62 63 63 63 63 64 64 63 63 63 63 64 64 65 66 66 67 67 67 67 68
    68 67 68 69 68 68 68 69 69 68 69 69 69 68 66 66 67 66 66 66 66 66 66
    66 65 64 65 65 64 64 63 62 61 61 61 62 62 61 61 61 61 60 60 61 61 61
    61 61 60 61 60 61 62 62 62 62 62 62 63 63 63 63 63 63 63 63 64 64 64
    64 64 64 64 64 65 65 65 65 65 65 65 64 64 64 64 64 64 63 64 64 64 64
    64 65 64 64 64 64 64 63 63 63 64 65 64 64 65 65 66 66 66 66 66 66 67
    66 65 65 65 60 61 61 61 62 62 63 64 65 64 64 64 64 63 63 64 64 64 64
    65 65 66 66 66 66 66 65 64 64 63 63 63 63 63 63 63 63 63 63 63 63 63
    64 63 64 64 64 65 65 65 65 65 65 65 64 65 65 66 66 66 66 65 63 63 63
    63 63 62 62 62 62 62 62 62 63 63 63 63 63 63 63 62 63 63 63 63 63 63
    63 63 63 63 62 63 63 63 63 62 62 62 62 62 63 64 64 64 64 64 64 64 64
    64 64 65 64 63 63 64 64 64 64 65 64 64 64 63 64 64 65 65 66 67 67 67
    67 67 67 67 67 67 69 68 68 68 68 69 68 68 68 68 67 65 65 66 66 66 66
    67 67 66 66 65 65 66 66 65 64 64 63 63 62 63 64 63 62 62 62 62 61 61
    62 62 62 62 62 61 61 61 62 62 62 63 62 63 63 63 64 64 63 64 64 64 63
    65 65 65 64 64 65 64 65 65 65 65 65 65 65 65 65 65 64 65 64 64 63 63
    64 64 64 64 65 65 64 64 65 65 64 64 64 65 65 64 64 65 66 66 66 66 67
    67 67 67 67 66 66 66 59 59 60 60 61 61 62 63 64 63 63 64 63 63 62 63
    64 64 64 65 66 66 66 66 66 65 65 64 64 63 63 63 63 63 62 63 62 63 63
    63 63 63 64 64 65 64 65 65 66 66 65 65 66 66 66 66 66 67 66 66 66 65
    63 63 63 63 63 63 62 62 62 63 62 63 63 64 64 64 64 64 64 63 63 64 64
    64 63 63 63 63 64 64 63 63 63 63 63 63 62 62 62 63 63 64 65 64 64 64
    64 65 64 64 64 65 64 64 63 64 64 64 64 64 64 64 63 63 64 64 64 65 66
    66 66 66 66 67 67 67 67 67 68 68 68 68 68 69 68 68 68 68 67 65 65 66
    66 66 66 66 66 66 66 65 64 65 65 64 63 63 62 62 62 62 64 64 63 62 62
    62 61 61 62 62 61 61 61 60 61 60 61 61 62 62 62 62 62 63 63 63 63 64
    64 63 63 64 65 65 64 64 65 64 65 65 65 65 65 65 65 66 65 65 65 65 65
    65 65 65 65 65 65 65 65 65 65 65 66 66 65 65 65 66 66 66 65 66 67 67
    67 67 68 67 67 68 68 68 67 67 59 59 59 59 60 61 61 62 63 63 62 63 63
    62 62 63 64 64 64 65 65 66 66 66 66 66 65 65 64 63 63 63 63 63 62 62
    62 62 62 63 63 63 64 64 65 65 65 65 65 65 65 65 66 65 66 66 66 66 66
    66 65 64 63 62 63 62 63 62 62 62 62 63 62 63 64 64 64 65 64 64 64 63
    64 65 65 64 64 63 64 64 64 64 63 64 63 63 63 63 62 62 62 63 64 64 65
    64 64 64 64 64 64 64 64 64 63 63 63 64 64 63 63 64 64 64 63 63 63 64
    64 64 66 66 66 67 67 67 67 67 67 67 68 68 67 67 68 68 67 67 67 67 66
    64 64 65 65 65 65 65 66 65 65 64 64 65 65 64 64 63 63 63 63 63 65 65
    64 63 63 63 62 62 63 63 63 62 62 61 61 61 62 62 62 62 62 62 62 62 63
    63 62 63 63 63 63 64 65 64 65 64 65 65 65 65 65 66 65 66 65 66 66 66
    65 65 65 65 65 65 66 65 65 65 65 66 66 65 66 66 65 65 65 66 67 66 66
    67 67 67 67 67 67 67 67 68 68 67 67 67 58 58 59 59 60 61 61 62 63 63
    62 63 63 63 63 64 64 65 65 66 66 67 67 66 67 66 66 65 65 64 64 64 63
    63 62 63 63 63 63 64 64 64 64 64 65 65 65 65 65 65 65 65 66 66 66 66
    66 67 66 66 65 64 63 62 63 62 63 62 62 62 62 63 62 63 64 64 65 65 64
    65 64 64 64 65 65 65 64 64 64 64 64 64 64 64 64 64 64 63 62 62 62 63
    63 64 65 64 64 64 64 64 64 64 64 64 63 63 63 64 64 64 64 64 64 64 64
    64 64 64 65 65 66 67 66 67 67 68 67 67 66 67 68 67 67 67 67 68 67 67
    67 67 65 64 63 64 64 64 64 65 65 64 64 64 63 64 64 63 62 62 62 62 62
    63 64 64 64 63 62 62 62 62 63 63 63 62 62 61 61 61 62 62 62 62 61 61
    62 62 62 62 62 62 63 62 62 63 64 63 64 64 64 64 64 64 64 65 64 65 64
    65 65 65 64 64 64 64 63 64 65 65 64 64 65 65 65 65 66 66 65 65 65 66
    66 66 66 67 67 67 67 67 67 67 68 68 68 67 67 67 59 59 59 59 60 61 61
    62 63 63 63 64 63 63 63 64 65 65 65 66 66 67 67 67 68 67 66 66 66 65
    65 64 64 64 63 63 63 63 63 64 64 64 64 64 65 65 65 65 66 65 65 65 65
    65 65 66 65 66 66 66 65 64 63 62 63 63 63 62 62 62 62 63 62 63 64 65
    65 66 64 65 64 64 64 65 65 64 64 63 64 64 64 64 63 64 64 63 63 63 62
    62 62 63 63 64 64 64 64 64 64 64 63 64 64 64 63 63 63 63 63 63 63 64
    63 63 63 63 64 64 64 65 66 66 66 66 67 67 67 66 66 66 67 67 66 66 67
    67 66 66 66 66 65 63 62 63 63 64 64 64 64 64 64 63 63 64 64 64 63 63
    63 63 63 63 65 64 64 63 62 63 62 63 64 64 63 63 62 61 61 61 61 61 62
    61 61 61 62 61 61 61 61 62 62 61 61 62 63 63 63 63 64 63 63 64 64 64
    64 64 64 65 65 65 65 64 64 64 64 65 65 65 64 64 65 65 65 65 65 65 64
    64 64 65 65 65 65 65 66 66 65 65 66 66 66 67 66 66 66 66 60 60 60 61
    61 62 62 63 64 63 63 64 64 64 64 65 65 65 65 66 66 67 67 67 68 67 67
    66 66 65 65 65 64 64 64 64 63 63 63 64 64 64 64 64 65 65 65 65 66 65
    65 64 65 65 65 65 65 66 65 66 65 64 62 61 62 62 63 62 62 61 61 62 62
    62 63 63 64 64 63 64 63 63 63 64 64 63 63 62 63 63 63 63 63 63 63 63
    63 62 62 62 62 63 63 64 64 64 64 64 64 64 63 63 63 63 63 63 63 63 63
    63 63 63 63 64 64 64 64 64 65 65 67 67 67 68 67 68 67 67 66 66 67 67
    66 66 67 67 66 66 66 65 65 63 62 63 63 63 64 64 64 64 64 63 63 64 64
    63 63 62 62 62 62 63 64 64 63 62 62 62 62 62 63 63 62 61 61 60 60 60
    61 61 61 61 61 61 62 61 61 61 61 62 62 61 61 63 63 63 64 64 64 64 64
    64 63 64 63 64 64 65 65 65 64 64 64 64 63 64 64 64 64 63 64 65 65 64
    65 65 64 63 63 64 64 64 64 64 65 65 65 65 65 65 66 67 66 65 65 65 60
    60 60 60 61 62 62 63 64 63 63 64 64 64 64 65 65 65 66 66 67 67 68 67
    68 67 67 67 66 65 65 65 65 65 64 64 64 64 64 65 65 65 65 65 65 65 65
    65 66 66 65 65 65 65 65 66 66 66 65 65 64 64 62 62 62 63 63 62 62 61
    61 62 61 62 63 63 63 64 63 63 63 63 63 64 64 63 63 62 62 62 62 62 62
    63 63 63 62 62 61 62 62 63 63 63 63 63 63 63 64 63 63 63 63 63 63 63
    63 63 63 63 63 63 63 63 63 64 64 64 64 64 66 66 66 67 67 67 67 66 65
    65 66 66 65 66 66 66 65 65 65 65 64 62 62 63 63 63 64 64 64 64 64 63
    63 64 64 63 63 62 63 63 63 63 64 64 63 62 62 62 62 62 63 63 62 61 61
    60 60 60 61 61 62 62 61 62 62 62 62 62 62 63 62 62 62 63 63 63 64 64
    64 64 64 63 63 64 63 63 63 64 64 64 64 64 64 63 63 64 64 64 63 63 64
    65 65 64 65 65 64 64 63 64 64 64 63 64 65 65 65 65 66 65 66 66 65 65
    65 65 61 61 61 61 62 63 63 64 65 64 64 65 65 65 65 66 66 66 67 67 67
    68 68 68 68 67 67 66 66 65 65 64 65 65 64 64 64 64 64 64 64 64 65 64
    64 64 64 64 65 65 64 64 64 64 64 64 64 65 65 65 64 63 62 61 62 62 62
    62 61 61 61 62 62 63 63 64 64 65 64 64 64 64 64 65 65 64 63 63 63 63
    63 63 63 63 63 63 63 62 61 62 62 62 63 63 63 63 63 64 64 64 64 64 64
    64 63 63 63 64 64 63 63 63 64 63 63 63 64 63 64 64 66 65 65 66 66 66
    65 65 64 64 65 65 65 65 66 65 65 64 64 64 64 62 62 63 64 64 64 65 65
    64 64 64 63 64 64 63 63 63 63 63 63 63 64 64 63 62 62 62 62 63 64 64
    63 63 62 62 62 62 63 63 64 63 63 63 64 63 63 63 63 64 64 63 63 63 64
    63 64 64 64 63 63 63 63 63 62 62 63 64 63 64 63 63 63 63 62 63 64 63
    63 63 64 64 65 65 65 65 65 64 63 64 65 64 63 65 65 65 65 65 66 65 66
    66 65 65 65 65 62 61 61 61 62 63 63 63 65 64 64 65 64 64 64 65 65 65
    65 65 66 66 67 66 66 66 66 65 65 64 64 63 63 64 63 63 63 63 63 64 64
    64 65 64 64 65 64 64 65 65 64 64 64 64 64 64 64 65 65 65 64 64 62 61
    62 63 63 63 63 62 62 63 63 64 65 65 66 66 65 64 64 64 64 65 65 64 63
    62 63 62 62 62 62 63 62 63 62 62 61 62 62 62 62 63 63 63 63 63 63 63
    63 64 63 63 63 63 63 63 63 63 63 63 63 63 63 63 63 63 63 63 65 65 65
    66 65 65 65 64 64 64 65 65 65 65 66 65 65 64 64 64 64 62 62 63 63 64
    64 64 64 63 63 63 63 64 64 63 63 62 63 63 63 63 64 64 64 62 62 63 63
    63 64 64 64 62 62 61 61 62 63 63 64 63 62 63 63 63 62 63 62 63 63 62
    62 63 64 63 63 64 64 63 63 62 62 62 62 62 63 64 63 64 63 63 63 63 63
    63 64 64 64 64 65 65 65 65 66 66 65 65 64 65 64 64 63 64 65 65 64 64
    64 64 65 65 64 64 64 63 64 63 63 63 64 64 65 65 66 66 65 66 65 65 65
    65 65 66 66 66 66 66 67 67 66 66 66 65 65 63 63 63 63 63 63 63 63 63
    63 64 64 64 64 63 64 64 64 64 64 64 64 64 64 64 64 64 65 65 65 65 64
    63 62 61 62 63 63 63 63 62 63 63 63 64 64 64 65 65 64 64 64 64 64 65
    65 64 63 62 63 62 63 63 63 63 63 63 63 62 61 62 62 63 63 64 64 64 63
    64 64 63 63 64 63 63 63 63 63 64 63 63 63 63 63 63 63 62 63 63 63 63
    65 65 65 65 65 65 65 64 64 64 65 65 65 64 65 65 64 63 64 64 64 62 61
    62 63 63 64 64 64 63 63 63 63 64 64 63 62 62 63 63 63 63 64 64 64 63
    62 62 63 63 63 64 63 62 61 61 61 62 63 64 64 63 62 63 63 62 63 63 62
    63 63 63 63 63 64 64 64 65 64 64 63 63 63 64 63 63 63 64 64 64 63 63
    64 63 63 63 64 64 64 63 64 64 64 65 65 65 65 65 64 65 65 65 64 65 65
    65 65 65 65 65 66 66 65 65 65 65 64 64 63 63 64 65 65 65 66 66 65 66
    65 65 65 65 65 65 65 65 65 66 66 66 66 65 65 64 64 63 62 62 62 63 62
    62 62 63 63 64 63 63 64 63 64 64 64 63 64 64 64 65 65 64 64 64 64 65
    64 64 63 63 62 61 61 62 62 62 62 62 62 63 62 63 63 63 64 65 64 64 64
    64 64 65 64 64 63 62 63 62 63 62 63 63 63 63 63 62 61 61 62 62 62 63
    63 63 62 63 63 63 63 63 63 62 62 62 63 63 63 63 63 63 63 63 63 63 63
    63 63 63 65 65 65 65 64 65 64 63 63 63 64 64 64 64 65 64 63 63 63 63
    64 62 61 62 62 63 64 64 64 63 63 63 63 64 64 63 63 62 63 63 63 63 64
    64 64 63 62 63 63 63 64 64 63 62 61 61 61 62 63 64 64 63 62 63 64 63
    63 63 62 63 63 62 62 63 64 64 64 64 64 63 62 62 62 63 62 62 62 63 63
    63 63 63 63 63 62 63 64 64 64 64 64 65 65 65 65 66 65 65 65 66 66 65
    65 66 66 66 65 65 65 65 66 66 66 66 66 66 64 63 63 63 64 65 65 65 66
    65 65 65 65 64 64 65 64 65 65 65 65 66 66 66 65 65 65 64 64 62 62 62
    62 63 62 62 62 63 63 64 63 63 63 63 63 63 63 63 64 64 64 64 64 64 64
    64 64 64 64 63 62 63 62 61 62 62 63 62 63 62 62 63 62 63 63 63 64 64
    64 63 64 64 64 65 64 64 63 62 63 62 63 63 63 64 64 63 63 63 62 62 63
    63 63 63 63 63 63 63 63 63 62 62 63 62 62 62 62 63 62 63 62 62 62 62
    62 62 62 62 62 62 64 64 64 64 64 64 63 63 62 63 64 63 63 63 64 64 63
    62 63 63 64 62 61 62 62 63 63 64 64 63 63 63 64 64 64 63 63 63 64 64
    64 64 65 64 64 63 63 64 64 64 65 65 64 63 62 62 62 63 64 64 64 63 62
    62 63 62 62 62 62 62 62 61 62 62 63 63 63 63 63 62 62 62 62 62 62 61
    62 62 63 63 63 63 63 63 62 63 64 64 64 64 64 65 65 65 65 66 66 65 65
    66 66 65 65 65 65 65 64 64 64 64 65 65 65 65 65 65 65 64 64 64 65 65
    65 65 67 66 65 65 65 65 65 65 65 65 65 65 65 65 66 65 65 65 64 64 64
    62 61 62 62 62 62 62 62 62 63 64 63 63 63 63 63 63 63 62 64 63 63 63
    64 64 64 64 64 64 64 63 62 62 61 61 61 62 62 62 63 62 62 63 62 62 62
    62 63 64 63 63 63 64 64 64 64 64 63 62 63 62 63 62 63 63 63 63 63 63
    62 62 63 63 63 63 63 63 63 63 63 63 62 63 63 62 62 62 63 64 63 63 63
    62 63 62 62 62 62 62 62 62 63 64 64 64 64 64 63 63 62 63 64 64 64 63
    64 64 63 63 63 64 64 62 62 62 63 64 64 64 64 63 63 63 63 64 64 63 63
    63 63 63 63 64 65 64 64 63 62 63 64 64 64 64 64 63 62 62 62 63 64 64
    64 63 62 63 64 63 62 62 62 62 62 61 62 62 63 63 63 63 63 62 61 61 61
    62 61 61 62 62 62 63 63 63 63 63 62 63 64 64 64 64 65 65 66 66 66 67
    67 66 66 67 67 66 66 66 66 66 65 65 65 65 65 66 65 65 65 65 65 65 65
    64 65 66 66 66 67 67 65 65 65 65 65 65 65 65 65 65 65 65 66 65 65 65
    64 64 64 62 62 62 63 63 63 62 62 63 63 64 63 63 63 63 63 63 63 62 63
    63 63 63 64 64 64 63 63 63 64 63 62 62 61 61 62 63 63 63 64 63 63 64
    63 63 63 63 64 64 64 63 63 64 64 65 64 64 63 62 63 62 63 63 63 64 64
    64 64 63 62 63 63 63 63 63 64 63 63 63 63 62 62 62 62 62 62 62 63 63
    62 63 63 62 63 62 62 62 62 62 62 62 63 64 64 64 63 64 63 63 62 63 64
    64 64 63 65 64 64 63 64 64 64 63 62 63 63 64 64 64 64 63 63 63 63 64
    64 63 63 63 63 63 64 64 65 64 64 63 62 63 64 64 65 65 64 63 62 62 62
    63 64 64 64 63 62 63 63 62 62 62 62 61 61 61 61 62 62 63 63 63 63 62
    61 61 61 62 61 61 62 62 62 63 63 63 63 63 62 63 64 63 63 64 65 65 66
    66 66 67 67 66 66 66 66 66 66 66 66 66 65 64 64 64 65 65 64 64 64 64
    66 65 65 65 65 66 66 66 67 66 65 65 65 65 65 65 65 65 65 65 65 65 65
    65 65 65 65 64 65 63 63 63 64 64 63 63 63 64 64 64 64 64 64 63 64 64
    63 62 63 63 63 63 64 63 64 63 63 63 63 63 62 62 61 61 62 63 63 64 64
    63 64 65 64 64 64 64 64 65 65 64 64 65 65 65 65 64 64 63 64 63 64 64
    64 64 64 64 64 64 63 63 64 64 63 64 64 64 64 64 63 62 62 63 62 62 62
    62 63 63 62 63 63 62 63 62 62 61 62 61 61 61 63 63 63 63 63 63 62 62
    62 63 64 63 63 63 64 64 63 63 63 64 64 63 62 63 64 65 65 65 64 64 64
    64 64 64 65 64 64 64 64 64 65 65 66 65 64 64 63 63 64 64 65 65 64 63
    62 62 62 63 64 64 64 63 62 63 63 62 62 62 62 62 61 61 62 62 63 63 64
    64 63 62 62 61 62 62 61 61 62 63 63 63 63 63 63 63 62 63 64 63 63 64
    64 65 66 66 66 66 66 65 66 66 66 66 66 66 66 66 64 64 64 64 64 65 64
    64 64 64 67 66 66 65 66 66 66 66 67 67 65 66 65 65 65 65 65 65 65 65
    65 65 65 65 65 65 65 64 64 63 63 63 64 64 63 63 63 64 64 64 64 64 64
    63 64 64 63 63 64 64 63 63 64 64 64 64 63 63 64 64 63 63 62 62 63 63
    64 64 65 64 64 64 64 64 64 63 64 65 64 64 64 65 64 65 64 64 64 63 64
    64 64 64 65 65 65 64 64 64 63 63 64 64 63 64 64 64 64 64 63 62 62 62
    62 62 62 63 63 63 63 63 62 62 62 62 62 62 62 61 61 61 62 63 63 63 62
    62 61 62 62 62 63 63 63 62 64 64 63 63 63 63 64 62 62 63 63 64 65 65
    64 64 64 64 64 64 65 63 63 63 64 64 64 64 65 65 64 63 62 63 63 64 64
    64 63 62 61 61 62 62 63 63 63 62 62 62 62 62 62 62 62 61 61 60 61 62
    62 63 63 63 63 62 62 61 61 62 61 61 62 62 63 62 62 63 63 63 62 63 63
    63 63 63 64 64 65 65 66 66 67 66 66 66 66 66 66 66 65 66 65 64 64 63
    64 64 64 63 64 63 67 66 66 66 67 67 67 67 68 68 66 67 66 66 66 66 65
    65 65 65 65 65 65 64 64 64 64 64 64 63 63 63 63 63 63 63 63 64 64 64
    64 64 64 64 64 65 64 63 64 64 63 63 64 63 64 64 63 63 64 63 63 63 62
    62 63 62 63 63 63 63 63 63 62 62 63 62 63 64 63 63 63 63 64 64 64 63
    63 63 63 63 64 63 64 65 64 64 64 64 62 63 63 63 63 63 63 63 63 63 63
    62 62 62 62 61 62 62 62 63 62 62 62 61 62 61 61 61 61 60 60 60 62 62
    62 62 62 62 61 62 62 62 64 64 64 63 65 65 64 64 64 64 65 63 63 64 64
    65 66 66 65 64 64 64 64 64 65 63 63 63 64 64 64 65 65 64 64 63 62 63
    63 64 64 64 63 62 62 62 62 63 63 64 64 63 62 62 63 62 62 61 62 61 61
    61 62 62 63 63 63 63 63 62 62 61 61 62 61 61 62 62 63 62 62 63 63 63
    62 63 64 64 64 64 64 65 65 66 66 67 67 66 66 66 66 66 66 66 65 66 64
    64 64 63 64 64 64 63 63 63 66 66 65 65 66 66 66 67 67 67 65 66 65 65
    65 65 65 65 65 65 64 64 64 64 64 64 64 63 64 63 63 64 64 64 64 63 64
    64 64 65 65 65 65 64 65 65 64 64 64 64 63 63 64 63 63 63 63 63 63 63
    62 62 61 61 62 62 62 62 63 62 62 63 62 62 62 62 63 63 63 62 62 63 63
    63 63 62 62 62 63 62 63 62 63 63 63 62 63 62 61 61 62 63 62 63 63 62
    63 63 62 61 62 62 62 62 62 63 63 63 63 63 63 62 62 62 61 62 62 62 61
    61 63 63 63 63 63 63 62 63 62 63 64 64 65 64 65 65 64 64 64 64 64 63
    63 63 64 65 65 65 64 63 63 63 63 63 64 63 63 63 64 64 64 64 64 64 63
    63 62 63 63 64 65 65 64 63 63 63 63 64 64 64 64 63 62 63 63 63 63 62
    62 62 62 61 62 62 62 63 63 63 63 62 62 61 62 62 61 61 62 62 63 63 63
    62 63 63 62 63 63 63 63 63 64 64 65 65 65 66 67 66 66 66 66 66 66 65
    65 65 64 63 63 63 64 64 64 63 63 64 65 64 64 63 65 65 66 66 66 66 65
    65 64 64 64 65 65 65 65 65 64 64 64 64 64 64 64 63 63 63 63 64 64 64
    64 63 64 64 65 65 65 65 65 64 65 65 64 64 64 63 63 62 63 62 62 62 62
    62 63 62 62 61 61 60 61 61 62 62 62 62 62 63 62 62 62 62 62 63 62 62
    62 62 62 63 63 62 62 62 62 62 62 62 62 63 63 62 62 61 60 61 61 62 62
    63 62 62 63 63 62 61 61 62 62 62 62 63 63 64 63 63 63 62 62 62 61 61
    61 61 61 61 63 63 63 62 62 62 62 62 62 63 64 64 64 64 65 65 64 64 64
    64 64 63 63 63 64 64 65 64 63 63 63 62 63 63 64 63 63 63 64 64 64 64
    64 64 63 62 62 63 63 64 65 65 64 63 63 62 62 63 63 63 64 63 62 63 63
    62 62 61 61 61 61 61 61 62 62 62 62 62 62 61 61 60 60 61 60 60 61 61
    62 62 62 62 62 63 62 63 63 63 63 63 63 64 64 64 65 66 67 66 66 66 66
    66 65 65 64 65 64 63 64 63 64 64 64 63 64 64 67 66 65 64 65 66 66 67
    67 67 65 66 65 65 65 65 65 65 65 65 64 64 64 64 64 64 64 63 63 62 63
    64 64 64 64 63 64 64 64 64 64 65 65 64 64 65 64 64 64 64 63 63 63 63
    63 63 63 63 63 63 63 63 62 61 62 62 62 62 63 63 62 63 62 62 63 62 63
    63 63 63 62 63 63 63 63 62 62 62 63 62 62 62 63 63 63 62 62 61 60 61
    62 62 62 63 62 62 63 63 62 61 62 62 63 63 63 64 64 65 64 64 63 62 63
    62 62 62 62 62 61 61 63 62 63 62 62 61 61 62 61 62 63 64 64 63 64 63
    63 63 62 63 63 62 61 62 63 63 64 63 62 62 62 61 62 62 63 62 62 62 63
    63 63 64 64 63 63 62 62 62 63 64 64 64 64 63 63 62 62 63 64 64 64 63
    62 63 63 62 63 62 62 62 62 61 62 62 62 62 63 63 62 62 61 60 61 61 60
    61 61 61 62 62 62 62 63 63 62 63 63 63 63 63 64 64 64 65 65 66 67 66
    66 66 66 66 65 65 64 65 63 63 63 62 63 63 63 63 63 63 66 65 65 64 65
    66 66 66 66 66 65 65 64 65 65 65 65 65 65 64 64 63 64 64 64 64 64 63
    64 63 64 64 65 65 64 64 65 64 65 65 65 66 65 65 65 65 64 64 64 64 63
    62 63 63 63 63 63 63 63 63 63 63 62 61 62 62 63 63 63 63 63 64 63 63
    64 64 64 64 63 63 63 64 63 63 63 63 63 63 63 63 63 63 63 64 63 62 62
    61 60 61 61 62 62 62 62 62 63 63 63 62 62 63 63 63 63 64 65 65 65 65
    64 63 63 63 62 62 62 62 61 61 62 62 62 62 61 61 60 61 60 61 62 63 63
    62 63 63 63 62 61 61 62 61 61 61 62 62 63 62 61 61 61 61 61 62 62 61
    62 62 63 64 64 64 64 63 63 62 61 62 63 64 65 64 64 63 63 63 62 63 63
    63 64 63 62 63 63 62 63 62 62 62 62 61 62 62 62 62 62 62 61 61 60 60
    60 61 60 60 61 61 62 62 61 61 62 63 62 63 63 63 63 64 64 64 65 65 65
    66 67 67 67 67 67 66 66 66 64 65 64 63 63 63 63 64 63 63 64 64 67 66
    65 64 65 66 66 67 67 66 65 65 64 64 64 65 64 64 65 64 63 63 64 64 64
    64 64 63 64 63 64 64 65 65 65 64 65 64 64 64 64 65 65 64 64 65 64 64
    64 63 63 62 63 62 63 63 63 63 63 63 63 63 63 62 63 63 63 64 64 63 63
    64 63 63 64 64 64 65 64 64 64 64 63 64 64 63 63 63 63 64 64 64 64 65
    64 63 62 61 61 61 62 62 62 63 63 63 64 64 63 62 62 63 63 62 63 64 64
    64 64 64 64 63 63 63 62 62 62 61 60 60 62 61 62 61 61 60 60 61 60 61
    62 62 63 62 63 63 63 62 62 62 62 62 61 62 62 63 63 62 61 61 61 61 61
    62 62 61 62 62 63 63 63 63 63 63 62 61 61 62 62 64 64 64 64 63 62 62
    62 63 64 64 64 63 63 63 63 62 62 62 62 62 62 61 61 62 61 62 62 62 61
    61 61 60 61 61 61 61 62 62 62 62 62 62 62 63 62 63 63 63 63 64 64 64
    64 64 65 66 67 66 66 66 66 66 66 65 64 65 64 63 63 63 63 63 63 63 63
    64 67 67 66 65 66 67 67 68 67 67 66 66 65 65 65 65 64 64 64 64 63 63
    63 63 63 63 63 62 63 62 63 64 64 64 64 63 64 64 64 64 64 65 65 64 64
    65 64 64 64 63 62 62 62 62 62 62 62 62 63 63 63 63 62 62 63 63 63 63
    64 63 63 64 63 63 63 63 63 64 63 63 63 63 63 63 63 63 63 63 63 63 64
    64 64 64 64 63 62 61 60 61 61 62 61 62 62 62 63 63 62 61 62 62 62 62
    63 63 64 64 64 64 64 63 63 63 62 62 62 61 60 60 61 61 61 61 61 60 60
    61 60 61 62 62 63 62 63 63 63 62 62 62 62 62 61 62 63 63 63 62 61 61
    61 61 61 61 62 61 61 61 62 62 62 62 62 62 61 60 60 61 62 63 64 64 63
    62 62 62 62 63 63 63 64 63 63 62 62 62 62 61 61 61 61 60 61 61 61 61
    62 62 61 60 60 59 60 60 60 60 61 61 62 61 61 61 62 62 61 62 62 62 63
    63 64 64 65 65 65 66 67 66 66 66 67 66 67 66 65 66 64 64 63 63 63 64
    63 63 63 64 68 67 66 66 67 68 68 68 68 67 66 66 65 65 64 64 64 64 64
    64 63 63 63 63 63 63 62 62 62 62 62 63 64 64 64 63 64 64 64 64 64 65
    64 64 64 65 64 64 64 63 63 62 62 62 62 63 62 62 63 62 63 63 62 62 63
    63 63 63 64 63 63 64 62 62 63 63 63 64 63 62 63 63 63 63 63 62 62 63
    63 63 64 64 65 65 64 63 62 61 61 61 62 62 61 62 62 62 63 63 62 61 61
    61 62 62 63 63 63 64 64 63 63 62 63 62 61 61 61 60 59 60 61 60 61 61
    60 60 60 61 60 61 63 63 63 62 64 63 64 63 63 63 64 63 63 64 64 64 64
    63 62 62 62 61 61 62 62 61 62 62 63 63 63 63 62 62 61 60 60 61 62 64
    64 63 63 63 62 62 62 63 63 63 64 63 62 62 62 62 62 61 61 61 61 60 61
    61 61 61 62 62 61 60 60 59 60 60 60 60 60 60 61 61 61 61 62 62 61 62
    62 62 63 64 64 64 65 64 65 66 67 66 66 66 66 66 66 65 64 65 64 63 63
    62 62 62 62 61 62 62 68 67 66 66 66 67 67 68 68 67 66 66 65 64 64 64
    64 64 64 63 62 62 63 63 63 62 62 61 62 61 62 63 64 64 64 63 64 64 64
    64 64 64 64 64 64 64 64 63 64 63 63 62 63 62 63 63 62 62 63 62 63 62
    62 62 63 63 63 63 64 63 63 63 62 62 63 62 62 62 62 62 62 62 62 62 62
    62 62 62 63 63 63 63 64 64 63 62 61 61 60 60 61 61 61 62 62 62 62 62
    61 61 61 61 61 61 63 63 63 64 64 64 64 62 63 62 61 60 61 60 59 59 60
    60 61 60 60 60 60 61 60 61 62 62 63 62 64 63 64 63 63 63 64 63 63 63
    64 64 64 63 62 62 62 61 62 62 62 61 62 62 63 63 62 63 62 62 61 61 60
    61 62 63 63 63 62 62 62 62 61 62 62 63 63 63 62 62 62 62 62 61 61 61
    61 60 61 61 61 61 62 62 61 60 60 59 60 60 60 60 60 60 61 60 61 61 62
    63 62 63 62 62 63 64 64 64 65 65 65 66 67 66 67 67 67 66 67 66 64 65
    64 63 63 62 62 62 62 61 62 63 69 68 68 67 68 69 68 69 68 68 66 66 65
    65 64 64 63 63 63 63 62 62 62 62 62 62 61 61 62 61 61 63 64 64 63 63
    64 64 64 64 64 64 64 64 64 64 64 63 64 63 63 62 63 62 63 63 63 62 63
    63 63 63 63 63 63 63 63 63 63 62 62 63 61 61 62 61 61 61 61 61 61 61
    61 61 62 61 62 62 62 63 64 64 64 64 64 63 62 61 61 61 62 62 62 63 62
    62 63 63 62 61 61 61 61 61 62 63 63 64 64 63 63 62 62 62 61 60 61 60
    59 59 60 60 61 60 60 60 60 61 60 61 63 63 63 62 64 63 64 63 63 63 64
    64 63 63 64 64 64 63 62 62 62 62 62 62 62 62 62 62 63 63 62 62 62 62
    61 61 61 61 62 63 63 62 62 61 62 61 61 62 62 63 63 62 62 62 62 62 62
    61 62 61 61 61 61 62 61 62 63 62 61 61 60 59 61 61 60 60 61 60 60 60
    60 60 61 62 61 62 62 62 63 64 64 64 65 65 65 67 68 67 67 68 68 68 68
    67 66 66 65 64 64 63 63 64 63 63 64 64 68 68 67 66 67 68 67 68 67 67
    65 65 64 64 63 63 62 62 62 62 61 61 61 61 61 61 61 60 61 60 61 62 63
    64 63 63 65 64 65 64 64 65 64 64 65 65 64 64 65 64 63 63 63 62 63 63
    63 62 63 63 63 63 63 63 63 63 63 64 64 62 63 63 62 62 63 63 62 63 62
    62 62 63 63 62 63 62 63 63 63 64 64 64 65 65 64 63 62 62 61 61 61 62
    62 62 63 62 63 63 61 61 61 61 61 61 63 63 63 64 64 63 63 62 62 62 60
    59 60 59 58 58 60 59 60 60 59 59 59 61 60 61 62 63 63 62 63 63 64 63
    63 63 64 63 62 63 63 63 64 63 61 61 61 61 62 62 62 61 62 62 63 63 63
    63 63 63 62 62 61 62 63 63 63 63 63 62 62 62 62 63 63 64 64 63 62 62
    62 61 62 61 62 61 61 61 61 61 61 61 62 62 61 60 59 59 60 61 61 61 61
    60 61 60 60 60 61 62 62 63 63 63 64 65 65 65 65 65 65 67 68 67 68 68
    68 68 68 67 65 66 64 63 63 62 62 62 62 62 62 63 70 69 68 67 68 69 68
    69 68 67 66 66 65 65 64 64 63 63 63 63 61 62 62 61 62 62 61 60 61 61
    61 63 64 64 63 63 65 64 64 64 64 64 64 64 64 65 64 63 64 63 63 62 62
    62 63 62 62 62 62 62 63 62 62 62 63 62 63 63 64 62 63 64 63 63 64 63
    63 64 63 63 63 64 63 63 64 63 64 64 64 64 65 65 65 65 64 63 62 62 61
    61 62 62 62 63 63 62 63 63 61 61 61 60 61 61 62 63 63 64 64 63 63 62
    62 62 60 59 60 59 59 59 60 60 61 60 60 60 60 61 61 61 62 63 64 63 63
    63 64 63 63 64 64 64 63 64 64 64 64 63 62 62 62 62 62 62 62 62 62 62
    63 63 63 63 62 63 62 62 61 62 63 64 63 64 63 62 63 62 63 63 64 65 64
    63 63 62 62 61 62 61 61 61 61 61 61 61 61 61 62 61 61 60 59 59 60 61
    61 61 61 60 61 60 60 60 62 62 62 63 63 64 64 65 65 65 66 65 65 67 68
    67 68 68 68 68 68 67 65 66 64 63 63 62 63 63 63 62 63 64</data></my_img>
<your_img type_id="opencv-matrix">
  <rows>256</rows>
  <cols>256</cols>
  <dt>u</dt>
  <data>
    74 74 74 72 71 69 69 68 67 65 64 63 63 64 62 62 61 59 56 54 57 58 59
    60 62 63 63 65 71 73 70 67 66 67 68 69 70 69 66 67 68 71 71 71 71 68
    69 65 66 65 65 68 74 72 69 70 69 73 72 76 77 73 68 70 72 70 65 61 61
    56 59 59 59 55 57 56 61 64 65 63 61 64 66 68 66 66 62 64 64 65 61 59
    60 63 64 66 68 65 64 66 70 71 70 66 65 66 66 71 69 68 65 62 64 62 61
    60 58 57 60 61 63 66 65 69 70 70 74 72 69 70 69 67 63 63 62 66 61 63
    63 61 62 62 66 62 60 54 55 53 54 53 52 49 49 47 51 54 59 60 60 62 61
    67 65 69 72 70 67 67 66 68 71 69 70 70 68 69 69 68 71 71 73 71 71 73
    70 72 71 70 67 68 67 65 68 68 69 66 68 70 71 73 71 75 71 70 71 73 72
    72 72 68 69 67 68 69 69 68 64 66 63 61 56 58 59 58 56 58 63 62 64 66
    70 65 65 64 64 63 60 59 59 60 64 67 67 68 67 66 65 63 60 58 55 54 54
    54 54 52 74 74 74 72 71 69 69 68 67 65 64 63 63 64 62 62 61 59 56 54
    57 58 59 60 62 63 63 65 71 73 70 67 66 67 68 69 70 69 66 67 68 71 71
    71 71 68 69 65 66 65 65 68 74 72 69 70 69 73 72 76 77 73 68 70 72 70
    65 61 61 56 59 59 59 55 57 56 61 64 65 63 61 64 66 68 66 66 62 64 64
    65 61 59 60 63 64 66 68 65 64 66 70 71 70 66 65 66 66 71 69 68 65 62
    64 62 61 60 58 57 60 61 63 66 65 69 70 70 74 72 69 70 69 67 63 63 62
    66 61 63 63 61 62 62 66 62 60 54 55 53 54 53 52 49 49 47 51 54 59 60
    60 62 61 67 65 69 72 70 67 67 66 68 71 69 70 70 68 69 69 68 71 71 73
    71 71 73 70 72 71 70 67 68 67 65 68 68 69 66 68 70 71 73 71 75 71 70
    71 73 72 72 72 68 69 67 68 69 69 68 64 66 63 61 56 58 59 58 56 58 63
    62 64 66 70 65 65 64 64 63 60 59 59 60 64 67 67 68 67 66 65 63 60 58
    55 54 54 54 54 52 74 74 75 73 72 70 69 70 70 66 66 65 64 65 61 61 61
    58 55 54 56 57 58 59 60 62 61 64 68 71 69 67 67 67 69 70 71 70 68 68
    69 72 71 71 72 69 69 64 65 65 66 68 74 72 70 71 70 75 74 77 77 72 68
    69 71 68 64 60 60 56 58 59 58 55 56 56 61 63 64 63 60 62 64 67 67 65
    62 64 63 64 61 60 60 62 62 66 68 65 64 65 70 71 70 66 65 65 65 69 68
    67 64 61 63 61 61 59 57 57 59 61 63 66 66 70 71 72 76 74 70 71 70 68
    63 63 62 65 62 63 63 61 61 62 66 62 60 54 55 55 55 54 54 52 52 51 54
    58 61 61 61 63 61 66 66 69 70 67 64 65 64 66 69 68 67 68 67 68 68 67
    71 69 71 68 68 69 66 67 66 65 62 64 64 63 65 65 67 65 67 69 70 72 69
    72 69 68 69 70 70 69 69 65 67 67 68 67 67 67 64 66 64 62 57 57 59 57
    56 58 62 61 63 66 70 66 66 65 65 63 61 59 59 59 62 65 64 66 65 63 63
    61 60 58 55 53 53 53 52 51 73 73 75 73 71 70 69 70 68 65 64 63 62 62
    60 60 61 58 55 55 60 61 61 61 63 65 64 67 70 72 69 67 66 68 68 68 69
    70 68 67 68 70 70 70 72 69 69 65 65 66 68 70 74 71 69 69 69 73 73 75
    75 71 68 70 71 69 65 61 61 57 59 61 60 58 59 59 65 66 66 65 63 64 64
    67 66 65 62 63 63 65 61 60 60 61 61 63 65 62 60 61 65 66 65 63 63 64
    64 69 69 69 65 62 64 62 61 59 56 56 58 59 62 65 66 70 71 71 75 73 69
    70 69 66 62 61 60 63 59 60 61 58 60 61 65 61 59 55 57 57 58 57 55 54
    55 54 58 60 62 62 63 64 63 66 66 68 70 67 64 65 64 67 69 67 67 68 67
    69 70 68 72 71 72 70 71 72 68 69 69 68 64 65 65 65 65 65 67 65 66 68
    70 72 70 73 71 71 71 72 73 71 70 67 68 68 69 68 68 68 65 67 65 65 60
    60 60 59 57 59 63 63 64 66 70 67 67 64 64 63 59 58 57 57 60 63 63 66
    67 64 65 63 61 59 56 53 52 51 49 48 73 73 75 74 73 72 71 71 70 68 67
    65 63 64 60 60 60 59 56 57 61 63 63 63 64 66 65 67 69 71 69 67 66 67
    68 68 69 69 68 67 66 68 69 70 71 69 68 64 66 67 69 70 74 71 69 69 69
    73 73 74 73 69 67 69 71 69 65 62 60 57 59 60 59 56 57 58 62 63 64 63
    62 61 62 65 64 64 61 64 64 65 62 62 63 63 62 64 65 62 61 62 66 67 66
    63 64 65 64 67 67 67 64 61 63 63 61 59 57 57 58 59 62 65 65 68 69 70
    73 71 68 68 67 64 61 61 62 65 62 63 63 61 62 64 65 62 59 54 54 56 57
    57 57 55 56 55 59 62 65 63 64 64 64 67 66 68 69 66 64 65 65 67 68 66
    66 67 67 68 68 66 69 68 70 69 70 71 68 69 69 68 65 65 65 65 65 65 67
    65 67 69 70 71 69 70 69 68 68 69 68 66 66 64 64 65 66 66 66 65 64 66
    66 66 62 61 61 60 59 61 65 64 65 66 70 67 67 64 65 65 60 59 57 57 59
    62 62 64 64 61 62 60 59 58 55 51 51 51 50 49 72 72 73 73 72 72 71 72
    71 69 68 66 65 64 60 60 60 59 55 57 60 61 63 63 64 66 66 68 69 70 69
    67 66 66 66 66 65 63 64 63 63 65 65 66 68 66 66 63 64 65 67 68 71 69
    67 67 68 71 72 72 72 68 67 69 71 68 65 63 61 58 58 60 59 58 57 58 61
    61 63 63 63 63 62 64 66 66 65 66 65 66 63 63 64 64 62 63 64 61 61 61
    65 66 63 61 62 62 62 64 64 65 63 61 63 64 63 61 60 60 61 61 63 64 64
    66 66 68 71 70 69 69 69 67 65 66 68 69 67 67 65 64 64 66 66 63 61 56
    55 57 58 56 56 54 56 54 57 60 63 62 62 64 64 66 65 67 69 66 63 64 65
    66 67 66 66 68 67 68 69 67 69 69 69 68 70 70 66 67 66 66 62 62 63 63
    62 63 64 64 66 68 70 71 70 72 70 69 70 70 69 68 68 66 65 65 66 67 67
    67 66 67 67 67 64 63 62 60 59 59 62 62 63 64 69 68 69 68 68 69 66 65
    63 60 62 64 63 65 66 63 63 62 61 61 58 55 54 53 52 51 65 65 66 68 68
    68 66 66 66 65 65 63 62 60 58 58 60 61 58 59 62 63 64 67 66 69 69 70
    71 72 70 69 67 65 65 64 63 62 63 63 63 65 66 68 70 68 68 66 66 66 68
    69 70 67 65 65 66 68 68 68 69 65 64 68 70 69 67 65 63 59 60 64 63 62
    60 60 63 62 63 64 62 62 61 63 63 64 62 64 65 65 63 62 63 63 62 64 65
    63 62 62 64 66 64 62 63 63 64 66 66 68 67 65 68 68 66 64 61 62 63 62
    62 63 62 65 64 66 69 69 68 68 68 67 66 66 67 69 66 65 64 62 63 64 65
    62 60 55 54 57 58 57 57 57 58 57 60 63 67 66 66 68 67 68 67 68 71 68
    64 64 66 66 69 67 66 68 67 67 69 66 68 67 68 67 70 69 66 68 66 66 62
    63 63 63 61 62 64 64 67 69 71 71 70 73 71 71 71 70 67 67 67 65 64 64
    65 66 65 65 66 66 66 67 64 63 63 62 61 62 63 63 63 64 67 64 66 65 66
    67 64 63 60 59 60 62 62 63 62 60 61 60 62 60 58 55 55 52 53 52 64 64
    65 67 67 66 65 65 64 63 64 63 63 60 59 58 60 60 59 61 63 63 64 66 65
    69 70 72 71 71 68 68 65 63 63 62 60 58 59 60 60 62 65 67 70 68 67 66
    67 67 68 70 70 69 66 66 67 69 69 69 69 65 64 66 68 67 66 65 63 59 60
    63 63 63 60 61 62 59 60 62 62 62 61 61 62 63 63 64 65 64 62 61 62 62
    60 62 63 61 61 61 63 65 63 61 63 62 64 65 64 67 67 66 69 69 67 66 63
    64 65 64 64 63 62 64 62 64 67 67 67 67 68 68 68 68 71 71 69 68 66 65
    66 66 65 63 61 58 56 58 59 58 57 57 59 57 58 61 65 64 62 64 64 65 64
    64 69 67 62 63 66 66 68 67 66 69 68 67 69 67 67 66 66 66 69 68 64 67
    67 66 63 64 65 66 65 65 66 67 68 70 73 72 72 73 71 70 71 70 68 68 68
    67 65 64 66 68 67 67 69 69 69 68 66 65 65 63 63 63 63 62 61 63 67 64
    66 66 66 67 66 66 63 62 63 65 65 67 67 65 65 64 66 65 64 61 61 58 58
    58 67 67 67 68 69 67 68 66 66 64 65 62 63 61 58 57 59 60 60 63 64 65
    67 68 68 72 72 73 72 71 68 68 65 64 62 60 58 56 58 58 59 61 64 66 69
    68 68 68 68 68 70 71 71 70 68 67 67 68 68 68 67 63 62 63 67 66 66 66
    63 58 59 62 62 62 59 60 59 57 58 61 62 61 59 60 61 63 62 64 66 64 62
    62 64 62 60 62 63 62 62 62 64 66 64 63 66 64 66 65 65 67 66 66 68 68
    66 64 61 63 63 62 64 61 61 61 59 62 65 65 67 66 66 67 68 70 74 74 74
    73 70 69 68 68 66 64 62 59 55 58 59 59 60 61 62 60 61 64 69 65 63 65
    65 64 63 63 66 64 60 62 67 66 67 66 65 69 68 67 69 66 66 64 63 65 68
    67 63 66 65 66 62 64 65 65 64 65 66 66 68 69 72 71 70 70 67 66 67 65
    64 64 65 65 64 63 65 66 66 67 69 68 68 67 65 65 64 63 63 62 62 62 60
    63 67 65 67 67 69 69 67 67 64 62 62 64 62 64 63 61 63 62 65 65 63 61
    62 60 60 61 69 69 69 71 71 71 70 69 68 67 67 64 64 61 60 58 60 60 59
    63 65 66 68 68 68 72 72 74 72 71 67 67 65 64 61 59 57 57 60 60 61 61
    63 66 68 69 69 69 69 69 71 72 72 72 70 68 68 68 69 68 67 63 63 63 67
    67 68 67 64 61 61 64 64 65 62 62 62 59 59 62 63 62 58 60 60 62 62 64
    66 64 63 63 65 63 62 63 64 63 62 63 64 66 64 64 67 65 67 67 67 69 68
    66 69 68 66 64 62 62 62 62 63 62 61 61 58 60 62 64 65 64 64 64 65 67
    71 71 71 69 66 66 66 66 65 64 62 59 56 59 61 60 61 62 64 61 62 64 68
    66 63 64 64 62 61 62 65 63 60 61 65 64 65 64 63 66 65 65 66 64 65 64
    64 66 70 68 65 68 67 68 64 65 66 66 65 65 65 65 67 68 72 70 70 70 68
    68 67 66 65 65 65 65 63 61 63 65 65 64 68 67 69 68 67 67 66 64 63 63
    63 63 62 64 67 66 67 67 69 70 67 67 64 62 62 63 63 64 64 63 65 65 66
    66 65 64 64 62 60 60 66 66 67 69 70 69 69 69 68 66 68 66 65 63 62 60
    61 61 61 65 66 67 67 67 65 70 69 69 66 66 64 64 63 62 60 58 56 56 59
    58 59 59 62 63 66 66 66 66 66 68 70 70 69 70 69 68 68 69 69 68 65 61
    61 62 65 64 65 65 62 60 61 64 64 65 63 63 62 59 60 63 62 61 58 60 61
    62 63 65 66 63 64 65 67 65 64 65 67 66 65 66 67 68 65 65 67 66 66 65
    66 67 66 65 68 68 66 64 62 63 62 62 63 62 61 61 58 60 62 64 66 65 64
    64 66 67 70 70 70 68 66 65 65 66 65 64 62 60 58 61 62 62 63 65 67 64
    65 67 70 67 64 65 64 61 60 61 64 61 58 59 63 63 64 62 59 62 61 63 65
    63 64 64 63 66 70 68 64 66 65 67 61 62 64 64 62 63 64 65 66 66 70 69
    68 68 66 67 67 66 65 65 65 66 64 63 66 66 64 65 69 69 69 69 68 68 66
    65 65 64 62 62 61 63 66 65 66 66 68 69 68 66 64 60 60 62 61 62 63 62
    63 64 65 67 66 65 66 65 64 63 64 64 65 67 67 67 66 66 66 65 67 64 65
    63 63 60 62 61 61 65 66 68 68 67 66 69 70 71 68 67 66 66 65 64 61 61
    59 59 61 61 61 60 63 64 67 67 67 67 67 69 71 72 70 71 69 69 69 70 69
    67 65 61 62 63 66 65 67 67 66 63 65 69 68 69 66 66 64 60 61 64 63 61
    58 60 61 62 64 64 65 62 64 66 67 64 62 64 65 65 64 65 64 65 62 62 65
    63 63 61 62 63 64 62 65 66 64 63 61 61 62 63 62 60 59 59 55 57 58 62
    62 62 62 63 65 67 70 69 71 69 67 67 68 68 66 66 65 63 60 62 62 62 62
    63 66 62 63 65 66 65 63 63 63 60 59 60 63 61 59 60 62 62 62 62 60 63
    63 63 66 64 66 66 64 66 71 68 66 66 65 67 61 63 65 65 62 63 62 65 67
    68 73 71 70 71 69 70 71 68 66 64 63 64 62 62 65 65 64 65 69 69 69 68
    66 65 64 63 61 61 59 59 60 61 64 63 64 64 66 67 65 63 60 57 57 58 57
    58 60 59 61 62 64 66 65 65 67 66 64 64 64 64 65 65 66 66 65 64 63 63
    65 63 65 65 64 62 62 64 64 66 66 68 68 67 67 69 71 70 67 68 66 67 65
    65 62 62 59 59 61 60 60 60 62 62 63 65 64 66 66 67 69 69 68 68 67 67
    68 68 68 66 63 59 60 62 64 62 64 65 64 63 65 68 67 69 67 67 64 61 61
    63 62 61 59 59 60 62 64 64 65 63 64 65 67 65 63 64 65 65 64 65 64 64
    61 60 63 61 62 61 61 62 63 63 66 67 66 64 61 62 63 63 63 61 58 58 55
    56 58 61 61 61 60 62 66 67 68 68 70 68 67 67 68 67 66 65 65 63 61 61
    60 61 61 62 64 62 63 64 65 64 63 62 63 60 57 58 62 60 58 59 61 61 62
    60 60 63 61 63 65 64 66 66 65 68 73 69 67 66 64 65 60 62 63 62 59 61
    62 65 67 68 74 71 71 72 71 71 71 69 67 66 65 67 65 64 66 67 67 69 72
    72 71 70 68 67 66 65 64 61 59 60 61 62 64 64 64 64 65 66 65 64 61 58
    59 59 59 59 60 61 61 61 63 65 65 66 67 67 66 65 63 63 63 63 65 66 65
    64 65 65 68 65 66 68 67 64 64 66 65 66 66 68 68 66 66 68 69 67 66 67
    65 65 65 65 63 63 61 62 63 63 63 64 65 65 65 67 66 67 66 66 66 67 66
    67 65 66 66 66 65 64 61 58 58 59 62 60 61 62 62 61 62 66 65 67 65 65
    62 60 60 62 62 61 59 59 61 63 65 66 67 63 66 67 69 67 67 67 68 68 68
    70 69 68 65 64 66 63 64 62 61 61 62 62 65 65 64 63 61 61 63 64 63 61
    56 56 53 55 56 59 58 58 57 60 65 66 67 67 69 67 67 68 69 68 66 66 67
    65 62 61 60 61 60 62 62 59 59 60 62 61 61 59 60 58 56 57 60 59 58 59
    61 61 63 61 60 63 61 63 65 63 64 63 62 65 69 65 65 64 62 63 58 60 61
    61 60 61 62 64 67 68 74 72 71 73 72 71 70 69 65 66 65 66 65 63 64 65
    65 66 70 69 68 66 64 65 65 63 62 59 57 59 60 62 64 63 63 64 66 68 68
    67 64 62 63 61 61 60 61 61 60 60 62 64 64 67 69 70 69 69 63 63 63 62
    64 64 63 62 63 62 65 63 64 66 66 63 64 65 65 65 64 66 66 65 65 67 70
    68 67 68 67 66 66 67 63 63 60 61 62 61 63 65 65 64 65 66 66 67 66 66
    66 67 67 68 67 69 69 67 66 65 65 61 61 61 63 61 62 64 64 64 65 68 67
    68 66 66 63 62 62 63 63 61 61 63 63 65 67 67 68 65 68 68 70 67 68 69
    69 69 69 71 69 69 67 67 68 65 67 65 63 63 64 64 66 66 65 64 60 61 63
    64 63 61 57 55 52 54 56 59 58 58 56 59 63 64 66 65 66 65 66 67 68 66
    66 66 67 66 65 63 62 61 62 65 65 62 61 62 63 63 62 61 60 57 56 57 61
    60 58 59 62 62 66 63 62 65 63 65 67 66 66 64 62 66 69 66 65 64 62 63
    59 61 62 60 60 62 62 64 66 66 72 71 72 74 72 71 70 69 66 67 66 67 66
    64 64 66 67 69 72 71 69 65 64 65 65 63 61 59 56 57 59 61 62 61 63 63
    64 66 66 65 64 63 63 62 62 61 63 63 63 64 64 65 66 69 70 70 68 69 64
    64 65 62 64 63 62 60 61 60 64 62 63 65 66 64 64 66 67 66 66 68 67 65
    67 69 70 68 67 69 67 65 66 67 63 64 62 64 64 63 65 66 66 65 66 65 66
    66 65 64 64 65 66 68 67 69 68 66 66 66 65 62 62 61 61 60 61 61 63 62
    62 65 64 65 65 65 63 61 61 61 62 60 60 62 62 62 64 65 67 63 65 66 66
    65 67 68 68 68 67 70 69 68 67 67 67 65 66 65 63 63 64 65 67 66 66 64
    61 62 65 65 65 63 59 58 54 56 56 57 56 57 55 57 61 62 63 62 64 65 65
    64 65 64 64 64 66 65 64 62 61 62 63 65 65 63 62 63 63 64 62 61 60 58
    57 57 60 60 60 60 63 64 66 64 63 66 65 65 66 66 64 62 60 64 67 64 64
    64 63 64 62 65 66 64 64 66 66 66 67 66 71 70 70 70 68 68 68 67 65 67
    66 67 66 64 66 66 67 69 73 72 70 66 66 67 66 66 64 62 60 61 62 65 65
    63 63 62 64 65 64 64 62 62 63 63 63 63 63 63 63 64 63 65 67 69 71 73
    71 71 62 62 64 61 62 61 63 60 61 61 64 62 63 67 68 65 64 65 65 65 65
    67 66 63 65 66 67 66 66 68 66 65 66 68 64 65 64 66 66 64 66 66 67 64
    66 65 66 66 66 65 64 66 65 68 67 69 67 66 65 65 65 62 61 59 60 58 60
    59 60 60 59 61 61 61 61 62 60 60 60 62 63 61 61 63 64 65 66 67 67 62
    64 65 67 66 67 68 69 68 69 72 69 69 68 67 67 65 65 64 61 62 62 63 64
    64 64 63 61 62 64 66 67 65 61 60 58 59 58 59 57 57 55 58 61 62 62 62
    64 64 65 66 66 65 65 66 67 67 67 65 65 65 65 66 66 64 63 64 62 62 61
    59 58 57 56 58 60 60 61 61 64 65 67 66 65 68 66 66 66 66 64 63 61 64
    66 62 63 63 63 64 62 65 66 64 65 68 67 67 67 65 69 68 67 67 65 63 63
    63 62 66 65 66 66 65 66 67 69 70 73 72 71 67 66 67 68 68 65 63 61 61
    63 66 66 66 64 63 65 66 65 65 62 61 62 63 63 61 63 64 64 65 64 68 69
    70 73 76 73 74 65 65 67 65 65 65 65 63 64 65 68 65 64 68 69 66 66 68
    66 65 64 67 66 63 65 66 67 66 66 68 68 66 69 71 66 66 65 66 66 65 67
    66 65 62 64 63 63 63 63 61 60 62 62 65 64 66 65 65 65 65 65 62 63 62
    61 60 62 59 59 60 57 60 60 60 60 60 60 60 60 62 64 62 62 64 64 66 65
    67 67 63 65 66 67 67 68 69 71 70 71 74 72 71 70 69 67 66 64 63 62 62
    61 63 63 63 63 62 62 63 65 65 67 66 62 62 60 61 61 61 58 57 57 58 61
    61 61 60 62 62 62 62 63 63 64 64 65 66 66 65 65 66 66 67 66 64 64 64
    62 63 64 63 61 60 59 61 62 61 63 62 63 65 68 67 66 68 67 68 67 67 66
    64 62 66 66 62 65 64 64 65 63 65 66 62 64 67 65 65 64 62 66 65 65 66
    64 64 65 64 64 67 65 66 66 66 65 66 67 68 70 69 69 65 65 65 66 67 64
    62 61 62 65 66 67 66 66 65 67 67 67 65 63 61 61 61 61 59 60 62 62 63
    62 65 67 69 71 74 71 71 62 62 64 64 65 65 65 63 65 67 70 69 67 70 71
    67 69 70 68 65 63 66 65 62 64 64 65 64 66 67 68 64 68 70 66 67 67 67
    66 66 67 67 66 63 65 62 61 62 62 60 60 62 62 63 63 66 67 66 65 66 67
    64 64 63 61 59 60 58 59 59 56 59 57 58 58 60 60 60 60 62 63 62 63 65
    65 67 65 67 66 63 66 67 67 67 70 69 71 70 71 73 70 69 68 66 64 64 63
    63 62 63 63 64 64 65 66 65 65 67 69 67 69 69 65 64 61 61 60 59 56 56
    55 56 59 59 60 59 60 60 61 61 61 61 62 63 63 63 65 64 63 65 65 66 64
    63 63 63 61 63 66 62 61 60 60 61 62 63 63 62 62 65 66 66 65 67 67 66
    67 67 66 64 64 66 66 63 65 65 65 65 64 66 67 63 64 66 66 64 64 61 64
    63 63 65 65 64 64 66 64 67 66 67 66 66 65 65 66 67 68 67 68 65 65 65
    65 66 63 62 61 62 64 64 64 64 64 63 65 64 65 64 62 62 63 63 63 61 62
    64 63 64 63 66 68 69 72 74 72 73 64 64 65 64 65 65 64 60 62 65 67 67
    66 69 71 69 70 72 70 67 66 68 68 65 67 66 66 64 67 67 69 64 66 69 65
    66 66 67 65 65 65 67 67 65 66 62 62 63 62 61 60 62 60 60 60 62 64 63
    63 63 64 60 61 62 61 59 58 57 57 57 54 57 57 57 56 59 60 60 60 62 63
    62 63 64 65 66 65 66 66 62 66 67 67 66 69 68 69 67 68 71 68 66 66 64
    62 63 63 63 61 61 62 64 63 65 66 64 64 66 69 68 68 67 64 63 61 61 61
    59 56 57 56 59 61 62 62 62 62 64 64 64 64 62 63 64 64 64 66 64 63 65
    65 65 64 63 64 63 61 62 65 61 61 61 61 61 61 62 63 63 64 67 66 65 65
    67 67 66 66 67 65 63 62 65 65 63 65 65 65 64 64 65 67 63 63 65 65 64
    64 61 63 63 62 63 64 63 63 63 62 65 66 65 67 68 65 65 67 69 69 68 67
    64 64 62 63 65 63 61 61 62 64 64 63 65 65 64 65 65 65 65 63 64 64 65
    65 64 64 64 63 64 63 66 68 68 69 72 71 73 65 65 66 64 65 65 65 61 63
    65 66 65 64 66 69 67 68 69 68 65 65 67 69 66 69 69 69 68 70 70 70 66
    66 69 65 66 66 67 66 66 67 68 68 66 66 64 63 65 64 62 60 63 62 62 61
    63 63 63 63 63 66 63 64 63 63 60 60 59 59 60 56 58 56 57 56 60 61 60
    58 60 61 59 61 62 64 65 63 65 65 62 66 67 67 65 67 66 67 65 68 70 66
    65 66 65 63 64 64 64 61 62 64 65 63 64 66 65 65 66 69 67 67 66 64 63
    60 61 61 59 55 55 56 58 60 59 60 60 60 61 62 62 62 60 61 62 63 63 65
    63 62 64 63 64 63 63 64 61 60 63 66 63 62 63 64 62 61 64 63 63 64 65
    66 64 64 67 66 65 66 66 63 63 62 64 65 62 64 64 65 63 64 65 67 64 64
    66 66 66 65 64 65 64 62 63 63 62 62 61 61 64 64 64 65 67 64 65 66 68
    68 67 68 66 65 64 65 65 64 62 61 63 63 63 63 65 64 63 64 64 64 64 62
    63 64 65 65 64 64 64 65 64 64 66 68 68 69 72 69 71 63 63 65 63 64 65
    67 64 66 67 69 68 66 67 68 66 67 68 66 65 64 66 68 67 70 70 70 68 70
    69 69 64 65 67 64 63 63 64 64 64 66 67 67 66 65 64 63 65 64 63 61 63
    63 61 61 62 62 61 62 62 65 62 63 63 62 59 59 58 58 59 54 55 54 55 54
    59 60 60 58 58 60 59 60 61 64 63 62 64 65 63 66 67 67 66 68 67 68 67
    69 70 66 65 66 66 63 64 65 64 62 64 65 67 66 67 69 67 66 69 71 69 69
    68 66 65 62 63 63 61 58 58 59 60 60 60 60 59 59 58 58 57 56 55 56 58
    58 60 63 62 62 65 66 66 65 65 66 63 63 65 66 64 64 65 67 66 64 66 63
    64 65 66 66 62 61 63 64 64 64 65 63 62 61 64 65 62 63 63 64 61 63 65
    66 61 63 65 65 64 63 62 62 60 59 60 60 59 59 59 59 62 62 63 63 64 62
    63 65 66 66 65 67 66 66 65 66 66 65 64 64 65 65 65 64 67 67 66 67 68
    69 68 65 66 67 67 68 66 66 64 65 65 65 66 68 67 68 70 69 70 64 64 65
    64 64 65 66 64 66 66 67 65 64 65 66 64 65 66 64 64 64 67 69 68 70 72
    70 68 70 68 68 62 62 64 62 62 62 63 64 64 66 68 67 66 66 65 65 66 65
    64 61 63 64 63 62 64 63 63 64 64 68 66 66 65 64 62 63 62 61 60 56 56
    55 57 56 60 60 60 58 60 61 61 62 63 66 65 64 65 66 63 67 67 66 65 67
    66 67 67 69 71 67 66 68 68 67 67 67 65 63 64 65 66 65 66 67 66 66 68
    70 68 69 68 66 66 63 64 65 63 61 62 63 63 62 61 62 60 59 59 57 56 54
    53 56 57 57 59 61 60 61 63 64 65 64 63 64 61 61 64 66 65 65 67 68 68
    67 69 67 67 67 67 66 62 60 61 62 62 61 62 61 60 60 64 63 62 63 63 66
    63 65 67 68 65 67 68 67 65 63 61 61 58 58 59 58 58 58 59 59 63 62 64
    63 63 62 62 63 63 63 63 65 64 66 65 67 68 66 67 66 66 67 66 65 67 68
    68 69 69 70 70 67 68 68 69 68 67 66 65 66 66 67 68 71 68 70 72 70 73
    68 68 70 68 66 67 68 66 67 66 67 66 64 65 67 65 65 66 64 63 63 66 67
    67 69 70 68 66 68 68 67 63 62 62 60 61 61 62 63 63 64 65 64 64 64 62
    62 64 62 62 61 62 64 64 63 65 64 64 65 66 70 67 67 66 65 62 63 62 61
    61 57 58 57 59 57 62 63 62 62 63 63 63 64 64 66 65 64 63 64 61 65 64
    64 65 66 65 65 66 67 70 66 65 66 66 64 65 65 64 63 63 64 66 67 67 70
    68 69 70 71 70 70 70 68 68 64 66 65 65 63 64 66 64 62 62 63 62 61 61
    59 57 55 55 58 59 57 58 61 60 62 64 65 66 66 65 67 66 65 68 68 68 67
    68 70 70 68 69 67 65 66 66 65 61 58 58 61 59 60 61 61 61 62 66 66 64
    64 65 68 65 67 70 70 66 67 70 68 66 64 63 61 58 57 57 56 55 56 55 55
    58 58 59 58 61 61 60 63 64 65 64 67 67 69 67 68 70 68 68 67 67 67 65
    64 66 68 66 67 67 68 68 65 66 65 67 66 64 64 63 64 64 65 67 70 67 69
    71 70 72 68 68 70 69 68 69 69 68 68 68 68 66 65 66 66 65 65 67 64 64
    65 68 68 67 68 68 65 62 65 63 63 60 60 61 61 61 64 65 66 66 67 66 66
    66 65 64 64 64 63 63 62 63 63 63 61 62 60 62 62 62 65 64 65 62 62 60
    62 60 59 58 55 55 54 58 57 62 63 62 61 63 64 64 64 64 66 64 61 61 62
    59 62 63 62 64 64 64 64 66 67 69 65 64 65 63 62 63 64 61 62 62 63 65
    66 67 69 68 70 72 72 72 73 74 72 71 67 67 67 66 65 65 66 64 62 62 63
    63 61 61 58 55 54 54 57 58 56 58 59 59 61 64 64 64 64 64 66 63 63 67
    68 66 66 67 68 68 65 67 66 64 64 64 63 60 59 59 61 60 60 61 61 62 63
    66 66 63 63 63 66 63 65 68 68 65 64 67 67 65 63 62 60 57 56 57 57 56
    56 57 56 59 59 60 59 62 62 61 64 64 64 63 66 66 68 66 67 67 66 67 66
    66 66 65 64 65 66 66 67 67 68 68 64 64 63 66 65 64 64 63 63 64 67 70
    72 69 70 72 71 73 67 67 69 68 67 69 69 69 70 68 69 67 66 66 67 65 66
    67 63 64 64 66 66 65 66 66 64 62 64 61 62 61 60 61 60 60 62 63 64 64
    65 64 64 63 64 64 64 64 63 64 63 63 64 63 61 62 62 64 65 65 66 65 65
    64 64 61 62 60 60 59 58 57 56 59 59 64 64 63 61 63 63 64 64 63 64 62
    60 61 62 60 64 65 64 66 66 67 67 69 71 72 67 66 68 66 65 65 64 61 62
    61 63 64 64 65 68 68 71 71 71 72 72 73 73 72 68 67 67 68 66 66 66 64
    62 61 62 62 61 59 56 55 55 56 57 59 57 58 59 59 61 63 63 64 64 64 65
    63 63 67 67 66 65 66 66 67 65 66 65 64 63 63 62 59 57 56 59 59 58 60
    62 62 64 68 68 66 66 65 68 65 65 66 65 63 63 65 66 65 63 62 62 59 58
    59 59 58 57 58 58 60 59 61 61 62 61 61 62 61 61 61 62 62 63 61 62 63
    62 63 61 61 61 60 60 63 65 66 66 67 69 70 66 66 63 65 63 62 62 62 63
    63 66 68 71 68 68 70 69 71 65 65 69 69 69 70 68 67 67 67 68 66 64 64
    64 64 65 67 65 64 64 66 67 65 67 67 65 62 64 61 62 61 60 60 60 60 62
    62 63 64 65 66 64 63 64 63 62 64 63 62 62 62 64 64 62 64 64 66 66 66
    66 65 64 62 62 58 59 58 58 58 59 58 59 62 62 66 67 65 62 62 61 63 62
    61 63 62 60 61 63 63 66 66 64 66 66 67 67 69 71 71 67 66 69 66 66 65
    64 60 61 60 62 63 63 65 67 68 70 71 69 69 70 70 70 69 65 65 65 66 66
    67 66 64 63 63 63 63 62 61 57 57 56 56 58 58 57 58 58 58 60 62 63 64
    64 64 66 63 65 68 69 68 68 68 68 69 65 67 65 63 62 62 61 57 56 55 59
    60 61 62 64 64 66 70 72 70 69 68 70 69 69 70 68 66 64 65 66 64 63 62
    61 59 58 59 60 59 58 59 59 60 60 60 60 61 60 62 62 62 62 63 64 64 65
    63 63 61 61 61 59 58 58 58 59 62 65 65 67 68 69 71 69 68 63 64 63 62
    62 62 62 62 65 67 70 66 66 67 67 68 60 60 65 66 65 66 65 64 65 64 65
    63 62 61 63 63 64 65 63 63 65 68 68 65 66 65 64 60 62 61 60 60 59 59
    60 61 62 63 64 65 66 67 66 64 64 63 63 64 63 62 61 60 62 62 60 62 61
    63 61 63 62 62 61 60 60 57 58 58 59 60 61 60 60 63 64 67 68 66 63 62
    61 63 62 62 64 62 62 62 64 64 67 66 65 66 66 67 66 68 67 68 64 65 67
    64 65 63 62 61 62 61 63 64 64 66 68 68 69 68 66 68 68 67 68 65 62 62
    62 62 65 65 65 64 62 62 62 63 63 63 59 57 58 58 58 59 58 59 58 58 60
    61 62 63 64 65 68 65 66 69 68 67 67 67 67 66 63 64 62 61 61 62 61 58
    56 57 60 60 62 63 65 65 66 70 72 71 69 68 68 66 66 66 65 63 61 61 63
    62 62 61 61 59 60 61 61 60 58 58 57 58 59 59 59 60 60 63 64 65 66 67
    66 68 67 66 65 63 63 61 60 58 58 59 59 61 64 66 67 68 68 70 69 67 64
    64 63 61 61 61 62 63 65 66 69 67 67 68 68 70 62 62 65 64 65 65 64 64
    65 63 64 61 59 60 61 62 62 64 62 64 66 68 70 68 68 67 66 62 63 61 60
    61 59 60 60 62 63 64 67 67 68 68 67 65 65 64 64 64 64 63 61 59 61 62
    60 62 61 63 61 62 62 64 63 61 62 58 59 58 60 62 64 62 61 64 65 67 68
    67 65 63 61 61 61 62 63 62 62 63 65 64 67 66 65 66 66 67 66 67 67 69
    65 66 68 66 66 65 63 60 61 60 61 62 63 64 66 64 66 67 65 67 67 65 67
    65 63 65 65 66 68 68 67 66 64 64 63 64 62 63 59 58 60 61 60 62 62 63
    63 62 63 63 63 64 66 66 68 66 66 69 67 67 67 67 66 65 63 62 61 60 62
    62 61 57 56 57 60 61 62 62 63 63 64 68 70 69 67 66 66 64 64 66 63 62
    60 60 62 63 63 63 62 60 62 62 62 62 60 58 58 59 59 59 58 59 60 62 63
    63 64 66 65 68 68 67 66 63 64 63 62 59 60 60 61 61 65 67 67 67 68 70
    69 66 62 63 62 60 60 61 62 62 63 65 68 65 65 66 66 67 58 58 62 63 62
    63 63 64 65 62 64 62 61 62 63 63 63 64 62 65 66 69 69 67 67 66 66 63
    63 62 61 62 61 62 62 64 65 65 67 67 68 66 64 63 63 62 62 61 61 60 59
    57 59 60 59 62 61 63 60 62 63 65 65 63 62 58 61 61 62 63 65 64 63 65
    68 68 68 67 65 64 63 63 63 64 64 64 65 65 67 65 68 68 66 68 67 69 67
    68 68 69 66 66 67 66 66 64 63 61 62 60 61 62 64 65 65 65 68 67 65 67
    67 67 67 65 64 66 66 66 70 69 67 65 64 62 61 61 60 61 56 56 59 59 59
    61 62 63 63 62 65 65 65 67 68 68 69 68 67 69 67 67 66 65 63 64 62 62
    62 62 64 64 64 60 59 59 62 63 64 64 64 64 66 69 72 70 67 65 66 64 65
    66 62 62 61 61 64 65 64 64 64 61 64 64 64 63 60 58 57 59 58 59 57 58
    60 62 62 62 64 66 67 69 70 70 68 66 66 66 65 61 61 60 62 60 64 66 66
    66 66 68 68 65 61 62 61 58 60 62 63 63 65 67 68 66 66 67 67 67 61 61
    65 65 64 64 64 63 64 62 63 61 60 62 63 64 64 66 64 66 68 70 70 67 68
    65 65 62 63 62 61 64 63 63 64 65 66 67 68 67 67 65 64 62 63 61 61 61
    61 60 59 56 57 58 57 61 61 61 60 62 61 64 63 60 60 57 59 60 60 61 64
    63 64 67 68 68 67 67 66 66 65 66 66 65 65 65 67 66 67 65 68 67 65 68
    68 69 66 67 68 68 66 66 67 65 64 62 62 60 61 59 59 62 63 65 64 64 66
    67 64 66 67 65 66 65 64 66 67 67 71 71 69 68 66 65 65 64 63 65 60 58
    60 61 61 63 62 64 64 62 65 66 65 66 69 67 68 67 66 66 64 65 65 65 62
    63 62 62 63 63 64 66 64 60 59 58 63 62 64 63 64 64 65 69 71 71 67 66
    67 66 66 67 63 63 62 62 64 65 63 62 63 61 65 65 64 63 59 58 57 59 58
    58 57 57 59 61 62 63 64 65 65 67 68 69 66 65 66 66 67 63 65 64 64 63
    67 69 68 68 68 70 69 66 62 63 62 60 61 61 61 63 64 65 67 65 64 64 65
    67 62 62 66 66 64 64 63 63 62 61 62 60 59 61 62 65 65 67 66 67 70 71
    71 68 67 65 65 62 64 63 63 66 65 65 66 68 68 69 68 68 67 65 63 60 61
    60 60 60 61 59 58 55 56 58 56 59 60 61 59 61 61 64 64 61 62 60 61 60
    59 60 63 61 62 65 67 66 66 66 67 68 65 66 66 66 64 64 66 65 65 63 66
    65 63 66 66 67 65 67 67 68 66 67 67 65 65 62 62 59 61 58 58 59 61 63
    62 63 65 66 63 65 65 64 65 64 64 67 67 66 69 70 68 67 66 65 64 63 63
    66 62 60 62 63 63 64 64 65 64 62 65 66 66 66 68 68 70 69 67 66 65 64
    64 62 60 60 58 58 60 61 63 65 64 62 62 63 66 65 66 66 66 64 66 69 71
    70 68 68 68 68 68 69 67 67 66 67 69 68 67 65 65 64 67 65 65 63 59 58
    57 60 59 59 58 60 62 64 65 66 66 68 67 69 69 69 67 65 66 65 66 63 65
    65 65 64 67 70 68 68 67 69 69 65 62 63 60 59 61 62 61 63 64 65 67 65
    64 64 65 67 59 59 65 64 62 61 62 62 62 61 61 60 58 61 63 65 65 66 65
    66 69 69 69 67 67 65 64 62 64 63 63 67 66 66 66 67 68 69 67 66 66 63
    61 59 60 58 58 58 59 58 57 54 56 57 56 59 59 59 57 60 59 62 62 60 60
    58 58 59 58 59 62 61 62 63 66 65 65 64 65 66 64 63 64 63 62 63 64 64
    64 62 65 65 64 66 66 66 64 66 66 66 66 66 66 65 64 63 62 61 62 61 61
    63 64 65 65 66 69 69 65 66 66 65 65 64 65 66 65 65 68 67 64 64 64 63
    62 60 61 63 61 60 63 63 62 64 63 66 65 64 67 67 67 67 69 68 71 70 68
    67 66 65 65 63 62 62 59 59 60 61 63 66 66 65 63 65 69 68 71 70 69 67
    68 71 74 73 70 71 69 70 69 70 68 67 66 66 69 68 68 66 66 66 69 68 68
    65 60 59 57 59 59 59 59 60 61 64 65 67 67 68 67 68 68 68 65 64 64 62
    65 62 63 64 64 62 66 67 66 66 65 66 66 63 61 61 59 59 62 64 62 63 64
    65 66 65 64 63 63 63 57 57 61 61 60 59 59 59 60 59 59 60 58 60 61 64
    64 65 65 66 67 67 68 65 66 64 65 62 64 63 63 67 65 66 66 67 67 68 66
    66 67 65 62 60 60 60 61 60 62 60 59 56 57 58 57 59 59 59 56 58 57 59
    60 59 60 58 58 59 59 61 63 62 62 62 64 64 63 62 62 63 63 61 63 63 61
    62 63 63 63 62 65 66 64 66 67 68 67 68 69 67 66 66 68 66 65 62 62 60
    61 61 62 62 62 64 63 65 68 68 64 66 64 63 64 63 65 65 65 64 66 67 64
    66 65 63 61 60 61 64 62 60 62 61 60 63 62 64 62 61 65 64 65 65 67 66
    70 69 68 67 66 64 64 63 63 63 60 61 62 64 65 67 66 65 64 64 67 67 69
    67 67 66 67 70 72 72 69 69 66 67 67 67 65 65 65 65 68 67 68 65 66 66
    68 67 67 64 60 59 59 61 60 60 60 62 61 65 65 66 65 68 67 67 66 67 65
    63 64 64 66 62 64 65 66 64 66 68 66 66 66 67 67 65 62 61 61 60 63 64
    63 65 64 65 65 64 63 63 62 63 58 58 62 60 59 58 59 59 60 59 59 60 58
    62 63 65 64 66 65 65 67 66 66 64 67 65 66 64 66 66 65 69 66 66 65 67
    65 66 64 64 66 64 63 62 61 59 61 61 62 60 58 55 56 55 55 58 57 56 55
    57 56 58 59 60 60 58 59 61 61 63 65 65 65 65 67 66 64 64 64 64 63 60
    61 62 60 61 64 64 64 64 67 68 65 66 67 67 66 66 67 67 65 66 68 67 65
    63 62 61 62 61 62 63 62 64 63 65 67 67 63 64 62 62 63 62 65 65 64 64
    65 66 64 66 66 65 63 62 64 66 66 65 66 64 62 64 64 66 64 63 66 65 65
    67 68 67 70 70 69 67 66 65 66 65 65 66 63 64 64 67 68 69 68 65 63 63
    64 63 66 65 65 63 64 67 70 70 69 69 68 68 68 69 68 68 69 68 70 70 69
    67 67 67 69 67 66 64 61 59 59 61 59 60 59 61 61 64 64 65 64 67 67 67
    67 68 66 65 66 66 67 63 63 64 66 63 67 67 65 64 64 65 66 64 62 62 60
    60 62 64 64 64 62 62 62 62 62 60 59 59 59 59 63 61 59 58 60 59 60 61
    60 61 59 63 65 68 66 67 66 65 67 66 67 65 66 64 66 65 68 68 68 71 68
    68 69 70 68 68 65 66 67 65 64 64 61 60 62 62 63 61 59 57 57 55 57 58
    57 56 54 55 54 56 58 59 59 59 61 63 63 65 66 67 66 67 68 67 64 64 64
    64 63 60 62 62 62 64 67 66 65 64 68 68 65 65 65 64 63 63 64 65 65 65
    66 66 63 63 63 62 63 62 64 66 65 67 67 68 68 69 66 66 64 63 63 62 65
    66 65 64 65 66 64 67 68 67 64 62 65 67 67 66 67 63 62 63 64 66 66 65
    67 66 66 67 68 67 71 71 69 65 65 64 65 64 65 65 62 63 62 64 65 67 66
    65 63 64 66 64 68 68 67 66 67 70 71 71 69 70 68 68 69 71 71 69 70 69
    70 69 69 66 65 64 65 64 64 62 59 57 57 59 58 58 58 60 60 64 65 67 65
    68 69 70 70 71 69 67 68 68 71 65 65 67 68 64 66 67 64 63 63 65 66 64
    62 63 61 61 64 64 64 64 63 63 62 63 64 63 63 64 60 60 63 61 60 59 62
    62 63 63 62 62 60 65 66 69 67 67 66 67 68 67 68 66 66 64 66 64 66 66
    66 69 65 66 66 68 65 67 64 65 65 64 64 63 62 61 63 63 65 63 63 60 60
    58 60 60 59 58 57 58 57 59 62 63 62 63 63 64 63 64 64 65 63 64 66 65
    62 63 62 63 64 61 63 64 64 65 68 68 68 65 67 69 65 65 64 63 62 62 61
    64 64 65 66 66 63 63 63 62 65 63 64 65 65 66 68 70 70 71 67 68 67 65
    64 62 64 64 62 61 62 63 60 64 64 64 62 60 63 66 66 65 67 63 62 63 64
    67 66 64 67 65 64 66 67 66 68 67 65 62 62 62 62 62 63 63 62 62 61 63
    63 65 64 64 62 64 65 64 68 68 68 66 67 69 70 69 67 67 65 64 64 67 67
    66 68 67 68 68 68 66 66 65 66 64 63 61 60 58 57 60 58 59 58 61 60 64
    64 65 64 66 67 68 68 70 70 68 70 71 73 69 69 70 70 67 68 68 64 63 62
    63 65 62 61 62 61 59 62 62 62 62 60 60 61 62 63 63 62 64 61 61 63 60
    59 60 63 65 66 65 62 64 63 67 68 70 67 67 67 67 68 67 68 66 67 64 66
    64 67 67 68 71 68 69 69 70 67 69 66 66 65 65 63 63 60 60 64 64 65 65
    64 61 61 59 62 62 61 60 60 60 59 61 65 65 63 64 63 64 62 63 63 63 61
    63 65 65 63 63 62 63 63 60 62 62 63 63 66 65 65 62 65 67 64 63 62 62
    60 61 62 66 66 65 67 67 64 63 64 62 64 62 62 64 65 66 68 70 71 72 68
    68 68 66 65 64 65 66 65 65 65 66 62 65 65 66 64 61 64 65 66 66 68 65
    64 64 64 67 66 65 68 67 65 66 66 65 68 67 66 63 62 60 62 62 62 64 62
    62 60 63 64 65 63 63 62 62 65 64 67 68 68 66 68 70 70 70 67 68 66 64
    65 68 69 68 71 71 72 72 72 70 69 67 67 65 64 62 61 58 58 60 58 58 58
    60 59 61 60 61 59 62 64 64 65 66 68 67 70 71 73 70 70 71 70 69 68 67
    64 63 63 64 64 62 61 61 60 60 61 62 62 61 60 60 59 60 60 60 60 59 61
    61 63 61 59 61 63 65 65 63 61 62 61 65 67 68 65 65 65 66 67 66 67 65
    65 63 65 62 66 67 68 70 66 66 68 68 64 67 64 64 64 63 62 63 60 62 66
    65 65 65 64 62 62 60 62 60 59 58 60 59 58 60 63 64 62 63 63 63 61 62
    62 63 63 63 65 65 64 64 63 64 65 61 63 63 64 63 66 66 66 63 64 67 63
    63 61 60 60 61 62 65 65 64 66 66 65 63 64 63 65 62 64 67 67 67 69 73
    73 72 68 68 68 65 63 62 62 62 61 61 61 62 59 61 62 64 63 60 63 64 66
    66 67 65 64 63 63 65 64 64 66 66 64 65 66 65 68 68 68 65 64 63 64 63
    64 67 64 64 62 65 64 65 64 64 62 61 63 63 66 68 69 68 70 72 73 73 72
    72 71 68 68 70 72 70 72 73 72 71 71 70 68 68 65 63 63 60 60 58 57 59
    57 58 59 61 60 62 61 63 62 63 65 64 63 64 66 67 68 69 72 69 68 70 71
    70 69 66 65 64 63 65 65 63 62 61 60 61 62 62 62 61 60 60 59 61 62 61
    60 59 64 64 66 63 61 62 64 65 65 63 59 60 58 61 65 66 62 64 64 63 65
    64 65 63 63 61 63 61 65 66 67 69 66 66 68 67 65 67 63 64 65 64 64 64
    62 64 68 67 66 66 65 63 63 60 62 60 58 57 59 58 56 58 61 63 60 62 61
    61 60 61 61 61 61 62 64 64 63 62 62 63 65 61 62 63 63 62 64 64 64 62
    62 66 63 62 61 61 61 63 63 65 66 65 67 66 65 65 64 63 65 64 65 67 67
    68 70 73 73 73 68 68 67 65 63 61 61 60 59 59 58 60 58 60 60 62 62 59
    63 64 67 67 67 67 67 66 66 69 66 67 68 68 66 65 65 65 68 68 69 65 64
    62 63 64 65 67 64 63 60 64 63 63 63 64 62 61 63 62 65 66 68 67 68 69
    70 70 71 71 69 67 67 70 72 70 72 73 70 70 71 70 69 68 66 64 64 61 60
    59 59 60 59 58 59 60 59 61 62 64 61 62 64 63 62 63 65 67 68 67 69 66
    65 69 69 68 68 65 64 63 64 65 65 63 62 61 60 61 63 62 61 59 58 57 58
    60 62 60 58 58 64 64 65 63 62 63 65 65 66 65 62 62 60 62 65 67 63 65
    63 62 62 62 62 61 60 59 60 59 64 65 67 68 66 67 69 69 67 68 65 66 67
    66 64 64 62 65 68 68 68 68 68 66 67 64 65 61 58 58 58 56 55 56 60 63
    60 63 63 63 62 64 64 65 63 63 66 67 65 63 63 64 66 62 62 64 63 61 64
    64 64 63 62 66 63 62 61 62 63 64 63 66 67 65 68 67 66 66 66 65 68 65
    66 67 67 67 70 72 73 71 68 67 68 68 66 64 65 62 61 61 62 63 60 61 62
    64 63 62 64 65 67 67 69 68 68 67 65 67 64 66 68 67 64 63 62 63 67 68
    69 65 64 63 63 63 64 66 63 62 60 64 62 62 62 65 63 62 64 63 65 65 67
    65 67 67 68 68 69 70 67 64 66 69 71 70 71 72 68 68 71 71 70 70 67 66
    66 62 63 60 60 61 60 60 60 61 59 63 63 65 63 63 64 63 62 64 66 67 67
    66 67 64 63 65 67 66 65 63 63 62 64 66 66 64 63 62 61 62 63 62 61 60
    59 58 59 61 63 62 60 60 63 63 65 62 62 63 64 64 66 64 61 62 59 63 65
    66 62 64 62 61 61 61 62 60 59 57 60 59 63 64 65 66 64 65 66 67 64 66
    64 65 65 66 64 66 64 66 69 69 69 70 68 67 68 64 66 63 60 60 59 56 56
    56 58 61 57 58 58 60 61 63 63 65 64 64 68 68 67 65 64 64 66 61 62 64
    63 63 64 64 65 64 62 66 63 62 61 61 63 65 64 67 70 67 70 68 67 68 67
    66 69 67 66 68 67 68 70 72 73 71 67 68 70 69 67 65 65 62 61 62 63 63
    60 62 63 65 65 65 67 67 69 70 71 70 69 68 66 68 66 67 68 66 65 63 63
    63 67 67 68 66 64 64 64 64 65 67 64 63 61 65 63 62 62 65 63 61 62 61
    62 62 65 64 66 65 66 66 66 66 65 61 63 66 67 66 67 67 64 65 67 67 65
    65 63 62 63 60 61 59 59 61 60 59 59 60 57 61 61 63 61 61 61 61 61 62
    65 67 67 66 66 64 63 64 65 65 64 61 61 62 64 65 66 65 64 63 62 62 61
    61 58 57 57 56 58 59 61 61 61 60 63 63 66 64 63 64 66 65 67 66 64 63
    59 63 66 67 63 66 63 61 61 62 65 62 60 58 62 61 65 66 68 68 65 66 68
    68 66 68 66 67 67 68 67 69 68 70 71 71 70 72 70 69 69 65 66 65 62 61
    61 57 56 56 58 60 57 57 58 60 61 63 63 65 65 66 68 69 67 66 63 63 66
    63 62 64 64 63 64 64 66 65 64 67 65 64 64 64 66 67 65 69 70 68 70 67
    65 66 64 63 66 63 62 63 62 64 66 67 69 67 64 65 68 67 65 63 63 61 60
    61 62 62 59 63 64 67 66 67 68 68 69 70 71 70 70 67 66 68 66 67 68 67
    66 63 64 65 69 69 70 66 65 65 64 65 64 65 63 62 60 65 63 61 62 63 62
    61 61 59 59 59 61 61 62 62 63 64 65 66 66 62 64 67 68 68 68 67 64 64
    65 67 64 64 61 60 61 58 60 59 60 61 61 59 60 59 57 61 62 62 60 60 61
    62 62 64 67 67 67 68 66 65 64 66 66 65 63 61 62 62 65 65 66 64 64 63
    62 62 60 59 58 57 57 56 58 59 62 63 63 63 64 64 67 64 63 65 67 67 68
    67 65 64 61 64 68 68 64 66 63 61 62 63 65 63 60 59 62 62 66 66 69 68
    66 67 69 69 66 67 64 65 65 67 67 68 67 69 71 71 72 73 72 70 69 66 66
    65 62 61 61 59 58 58 60 61 58 57 59 61 61 62 61 62 62 65 69 70 67 65
    63 63 65 63 61 62 61 60 62 62 64 64 62 65 64 62 62 62 64 66 64 68 69
    67 69 66 65 67 65 64 67 63 63 65 64 65 67 67 69 66 64 65 69 67 64 64
    63 62 62 62 63 64 59 62 64 66 66 66 66 65 67 68 69 68 68 66 65 68 67
    69 69 68 67 65 65 67 70 68 68 66 65 65 65 65 64 65 62 60 59 63 62 60
    60 63 62 61 61 61 62 62 64 64 64 63 66 66 67 67 68 64 66 68 70 70 68
    66 63 63 64 65 63 62 61 59 60 60 62 61 61 63 63 61 60 59 58 61 61 62
    60 59 59 61 61 63 65 65 65 64 63 63 62 62 62 62 62 60 60 61 64 63 64
    63 64 64 63 64 62 61 60 59 60 59 60 60 63 62 62 63 60 60 63 61 61 62
    65 64 65 65 64 61 58 61 65 66 62 65 63 62 62 64 67 64 60 59 62 61 64
    66 68 68 68 70 72 70 66 66 64 64 64 66 64 64 65 67 70 71 72 73 72 69
    69 67 68 67 64 62 62 60 60 61 62 62 58 57 58 61 60 60 59 60 60 62 66
    67 65 63 61 62 64 62 61 63 62 62 62 62 64 63 61 64 64 62 62 63 64 66
    65 68 70 67 69 68 66 67 67 65 67 63 62 64 62 64 66 65 66 65 63 64 68
    65 63 62 62 61 61 60 61 62 58 61 63 65 63 63 62 63 64 65 66 66 66 65
    65 68 68 69 69 68 67 64 66 66 68 68 68 65 64 65 64 65 63 63 61 58 57
    61 59 58 58 62 61 60 61 62 62 63 64 64 65 65 66 67 68 67 68 64 64 66
    68 68 66 65 61 62 63 64 62 62 60 58 59 58 60 60 61 62 63 63 63 61 60
    62 63 64 62 61 59 60 61 62 64 64 63 61 60 62 62 62 62 62 62 61 63 64
    67 66 67 65 65 65 64 63 62 61 59 58 60 60 62 63 65 66 67 68 61 61 64
    62 63 64 66 64 65 65 64 63 60 62 65 65 62 65 63 62 62 63 66 63 60 59
    62 60 62 64 66 67 65 68 70 68 66 68 66 65 65 66 66 66 67 68 69 69 71
    71 70 67 68 65 66 65 63 62 62 60 61 63 63 63 59 57 58 60 60 61 61 60
    61 63 66 67 67 64 64 64 67 65 62 65 64 63 62 62 63 62 60 61 62 60 60
    62 63 64 64 66 68 66 69 67 66 66 66 65 66 62 60 61 60 61 62 62 63 61
    60 62 65 64 62 62 63 61 61 61 61 61 58 60 61 62 61 62 61 62 64 65 67
    67 67 68 67 69 69 70 70 70 69 67 69 69 72 72 72 70 67 68 66 66 63 63
    62 58 58 61 60 58 59 61 60 58 58 61 61 61 63 63 64 64 66 67 68 67 67
    63 63 65 66 66 64 64 60 60 61 63 62 62 61 58 61 60 63 62 63 65 64 63
    63 61 59 61 62 64 62 60 59 60 60 62 63 63 61 60 60 62 61 62 61 63 63
    62 65 66 68 67 69 67 66 67 65 64 61 61 59 58 59 59 62 60 62 63 64 64
    62 62 64 62 62 63 65 63 64 62 63 63 60 62 64 64 61 63 63 62 60 60 63
    61 58 58 60 59 61 62 66 67 66 68 70 69 68 67 64 64 64 65 65 66 67 69
    71 72 73 73 71 68 69 66 66 64 62 60 59 57 59 61 60 61 57 57 58 62 62
    64 63 62 63 64 65 66 67 64 65 65 66 65 63 64 64 63 62 62 61 61 59 60
    62 61 61 62 63 65 65 67 69 67 68 65 66 65 65 64 64 61 59 61 60 61 61
    61 61 59 60 63 65 63 62 63 64 62 64 63 63 62 60 61 61 62 61 62 61 62
    65 66 66 68 69 68 68 68 68 70 70 70 71 67 68 69 73 73 71 69 67 66 64
    64 61 61 58 56 57 60 58 57 58 61 60 57 58 60 59 60 61 62 62 61 63 64
    67 66 67 62 63 65 66 67 64 65 61 62 61 63 62 62 60 58 60 60 61 59 60
    62 63 61 62 61 59 60 63 66 63 60 59 60 59 60 61 61 59 57 57 58 59 59
    58 60 62 62 65 65 69 70 71 71 70 70 67 66 64 62 60 59 59 58 60 60 61
    61 62 62 63 63 66 63 61 61 64 61 61 60 62 63 59 62 65 64 61 65 63 62
    60 59 63 61 58 58 61 59 61 62 64 66 65 65 67 66 65 65 62 61 62 63 64
    66 67 69 69 70 72 71 69 66 67 64 64 64 63 61 60 59 60 63 59 61 59 57
    59 62 62 65 63 63 65 65 66 66 66 62 63 63 66 65 63 63 63 63 63 63 63
    63 61 60 62 61 62 63 63 66 66 67 69 68 70 67 66 66 67 66 66 62 61 62
    61 62 62 63 63 61 62 64 64 64 63 63 64 61 63 61 60 59 59 61 61 61 61
    63 61 64 66 67 66 67 67 67 67 68 68 69 69 70 70 68 70 71 73 72 70 67
    66 66 64 64 62 61 59 57 58 61 59 58 60 62 61 60 61 61 61 61 62 62 63
    61 62 63 66 64 66 63 63 64 65 65 63 63 59 59 59 60 59 60 59 57 59 59
    59 59 60 63 64 63 63 62 61 62 66 67 64 60 59 59 60 60 61 60 57 55 55
    56 56 56 56 57 60 61 63 65 70 72 73 73 72 73 71 68 66 63 60 58 59 57
    60 59 62 62 63 65 65 65 67 64 62 61 64 61 62 61 64 65 62 64 66 66 63
    66 64 62 59 58 62 61 60 60 63 61 62 64 67 69 69 69 70 69 68 68 65 64
    64 65 65 66 66 67 67 68 71 71 68 66 66 64 64 64 63 61 59 58 59 60 58
    59 57 57 58 63 64 67 64 64 65 65 66 66 64 60 61 61 64 64 62 62 63 63
    63 63 63 63 62 60 61 61 61 62 61 63 63 64 66 66 68 66 65 65 66 66 66
    63 62 62 62 64 63 63 63 61 63 64 65 66 65 66 67 65 66 66 64 63 61 63
    63 62 62 64 62 65 67 68 68 68 68 69 69 70 71 71 71 70 71 68 70 70 71
    69 67 64 61 62 60 61 59 57 56 56 56 58 58 58 60 62 62 62 62 62 62 63
    62 62 62 60 61 61 64 62 63 61 62 63 62 62 61 61 58 59 60 60 59 59 61
    59 60 60 61 60 61 64 65 64 62 60 59 62 66 66 64 60 59 59 61 61 61 60
    56 55 54 56 57 56 55 57 61 62 64 66 70 71 72 73 73 74 71 69 67 65 63
    61 62 60 61 60 62 61 63 64 63 63 65 62 62 61 62 60 62 60 64 65 63 64
    65 66 64 68 66 64 60 58 63 62 61 62 65 61 63 64 67 69 67 67 67 67 66
    66 64 63 64 66 67 68 69 69 69 70 72 72 70 68 68 66 66 64 65 64 62 61
    61 61 59 60 59 59 59 63 64 65 63 62 63 63 63 63 63 60 61 61 64 64 63
    62 64 64 64 63 63 62 61 59 61 61 60 61 60 61 63 64 66 66 67 65 65 64
    66 66 64 63 61 62 61 63 62 63 63 61 64 65 67 67 66 67 68 67 68 68 66
    65 64 66 67 67 66 67 63 66 67 68 68 67 66 66 66 66 68 67 67 66 67 65
    68 67 69 67 66 65 63 65 62 63 61 60 59 59 58 59 58 58 61 62 61 61 60
    61 61 62 63 62 61 61 62 62 65 65 67 64 65 67 66 65 64 64 60 60 59 58
    57 57 59 57 59 61 62 62 62 66 66 65 64 61 59 62 64 64 63 59 58 58 60
    61 61 59 56 56 55 57 58 57 55 58 62 63 65 66 69 71 72 74 74 73 70 68
    65 64 61 60 62 59 60 59 61 60 63 64 64 64 65 63 62 61 63 62 63 61 64
    66 64 64 66 65 63 66 64 63 60 58 62 61 60 61 64 61 62 63 65 67 65 65
    65 67 65 65 64 62 64 67 68 70 70 69 69 69 70 70 68 65 64 64 64 64 65
    64 63 63 64 65 62 62 61 60 59 63 62 63 61 60 62 61 62 62 63 62 62 63
    64 65 64 63 64 64 63 63 63 62 62 59 60 61 60 61 60 60 63 63 64 65 66
    63 64 62 64 64 61 62 60 61 62 64 63 64 64 62 65 65 66 66 64 65 67 66
    67 67 66 64 64 65 67 66 64 64 62 64 66 67 67 67 66 66 67 69 69 69 68
    68 68 67 70 68 69 66 66 65 63 64 62 64 60 61 61 62 60 60 61 61 63 64
    64 63 62 61 62 63 63 62 61 61 62 63 65 65 66 64 65 66 64 63 62 63 61
    60 58 57 56 55 57 55 57 59 60 61 63 66 65 64 63 64 61 63 64 64 63 61
    60 60 63 62 63 61 59 58 57 59 60 59 57 59 62 62 65 67 69 70 72 73 73
    73 70 69 66 65 64 61 62 59 60 59 60 59 61 60 65 65 65 63 62 61 63 62
    63 61 63 64 63 63 64 63 61 63 61 61 58 56 59 58 58 61 63 62 62 63 65
    68 67 68 69 70 68 67 66 65 67 68 70 70 69 67 67 68 68 67 66 63 62 63
    63 63 63 62 63 64 64 66 64 64 64 64 63 66 64 65 63 61 61 61 60 61 62
    61 62 62 64 65 64 62 64 63 62 63 62 63 62 60 61 62 62 63 62 61 63 63
    63 63 65 63 63 62 64 65 62 63 63 64 64 67 65 66 65 63 65 65 65 65 64
    64 67 66 68 68 67 65 65 66 66 65 62 62 61 63 65 66 67 68 67 67 69 70
    69 70 69 69 69 67 70 68 69 66 67 64 64 64 63 63 61 61 60 62 60 60 60
    60 62 63 62 62 62 62 63 64 63 64 63 63 64 64 67 67 68 65 66 66 65 64
    63 64 61 60 58 59 59 58 60 59 59 61 61 62 63 67 66 65 65 66 65 66 69
    68 69 66 65 65 65 64 64 62 59 57 57 58 59 58 56 59 61 61 63 65 65 67
    69 69 69 69 67 67 65 66 65 63 64 62 63 63 64 62 63 63 67 67 66 64 63
    63 63 62 63 61 63 64 64 64 65 63 63 64 63 63 60 58 60 59 59 60 62 61
    60 61 64 67 67 68 69 71 69 67 66 65 66 66 67 66 66 63 64 65 66 64 64
    62 62 64 63 63 64 63 64 64 64 65 65 66 65 66 64 66 65 65 63 62 60 60
    59 59 62 60 62 62 65 65 65 63 65 64 63 63 62 63 61 60 60 61 61 62 60
    61 63 62 62 63 65 64 64 63 65 65 63 65 64 66 65 68 67 68 67 65 67 66
    66 66 65 64 66 64 66 67 66 65 65 65 65 65 64 65 63 66 67 68 70 70 70
    71 71 72 71 70 69 68 68 66 68 66 67 64 65 64 64 64 63 64 62 62 62 62
    61 60 60 62 63 64 62 62 61 61 63 64 63 62 61 61 62 62 66 66 66 63 64
    65 64 63 64 66 63 63 60 60 61 59 62 60 60 61 61 62 63 67 66 66 65 66
    66 66 68 68 68 66 63 64 65 63 63 62 60 57 57 58 60 59 58 61 63 62 64
    65 65 67 70 71 69 68 67 67 65 65 64 63 62 60 62 62 62 61 63 63 67 67
    64 63 61 61 61 60 62 60 62 61 62 61 62 62 62 64 62 62 59 58 60 59 59
    59 61 60 61 63 66 69 69 70 72 73 72 70 69 68 67 68 67 67 66 63 63 64
    63 61 61 59 59 60 62 62 64 64 66 66 65 67 67 67 65 68 65 66 66 66 65
    63 61 60 59 58 62 61 62 63 65 66 66 64 67 66 65 66 64 64 63 61 61 62
    61 62 60 60 62 62 62 63 65 64 64 62 64 64 62 64 63 65 65 68 67 68 66
    64 66 65 64 64 63 62 63 61 62 63 63 60 61 62 63 63 63 65 63 67 68 70
    73 73 73 74 74 74 74 74 71 71 70 68 69 66 66 63 64 61 62 62 61 62 60
    60 60 61 60 61 61 62 63 63 63 64 63 62 63 64 62 62 61 61 60 59 63 64
    64 61 62 62 62 62 63 66 65 65 63 64 64 62 65 63 64 64 62 62 63 67 66
    67 66 67 66 65 69 69 69 67 66 65 65 64 64 64 62 60 61 61 62 62 61 64
    65 64 65 67 68 69 71 71 69 67 66 65 64 63 62 61 60 59 61 63 63 63 63
    63 72 72 70 69 66 65 64 64 65 62 63 63 63 62 63 62 63 64 61 61 59 58
    60 60 60 60 61 59 61 63 65 68 68 69 71 73 74 73 72 73 71 71 70 70 68
    64 63 62 61 58 59 58 59 60 61 61 65 66 66 68 67 66 66 66 67 71 67 67
    68 67 66 64 62 62 60 59 62 61 63 64 66 67 67 65 67 64 63 64 62 62 61
    60 60 61 60 62 61 62 63 62 64 65 65 63 65 63 64 63 62 65 63 64 65 69
    67 69 68 66 66 65 65 65 64 63 63 61 62 64 65 62 63 63 65 65 66 68 66
    68 69 70 73 72 72 71 71 71 71 71 69 69 68 66 66 64 65 62 62 60 60 60
    59 60 59 59 58 59 57 58 59 59 61 61 60 61 61 59 61 62 61 61 59 60 59
    58 60 63 64 60 61 63 64 63 64 67 66 65 63 63 63 60 63 62 63 63 62 62
    63 68 67 67 66 67 67 66 68 69 68 65 65 64 65 63 63 63 62 61 63 64 64
    64 63 65 65 65 64 66 66 66 69 69 68 66 65 64 65 63 61 60 59 57 60 62
    62 62 62 61 73 73 70 68 65 64 64 62 63 61 61 61 61 60 61 61 62 63 61
    61 59 58 61 61 62 62 63 62 64 66 67 69 69 69 69 72 71 69 70 70 68 68
    67 67 66 63 62 61 59 58 59 59 59 61 61 62 65 67 67 67 66 65 67 66 67
    70 67 67 66 65 63 62 59 58 56 55 56 57 59 60 62 63 64 61 63 60 61 62
    61 61 61 61 62 64 64 66 64 65 65 64 64 65 64 63 64 62 63 63 62 65 64
    64 66 68 67 69 69 66 67 65 65 65 63 61 61 60 60 62 64 62 63 63 66 67
    67 69 68 68 67 68 70 71 69 69 69 68 69 69 68 67 65 62 62 60 61 58 58
    56 57 57 57 59 60 61 59 61 61 63 64 64 65 65 64 64 64 61 62 62 60 60
    58 59 59 58 60 64 64 60 61 63 63 63 64 68 67 66 65 67 67 64 64 65 64
    63 61 62 63 65 65 67 66 68 68 67 69 68 68 66 66 65 65 64 62 64 64 62
    62 64 65 64 62 63 64 62 60 63 63 63 65 66 67 64 64 63 64 63 62 61 60
    59 61 64 65 66 65 64 75 75 72 70 69 67 66 64 66 64 64 63 64 63 63 62
    62 64 60 59 58 59 60 61 62 63 66 65 67 70 71 72 72 73 71 73 72 71 72
    71 69 68 67 66 65 61 59 56 55 55 57 57 56 59 61 63 66 68 68 69 68 66
    69 68 69 72 69 69 68 66 65 64 60 60 58 58 59 59 60 61 63 64 65 62 62
    58 58 59 60 61 61 60 62 64 65 67 66 67 65 64 63 64 64 64 64 62 64 64
    64 66 65 65 68 69 67 68 67 65 66 64 64 64 62 61 62 62 62 64 65 64 65
    65 68 68 69 69 68 67 65 66 70 69 66 68 68 67 68 68 69 67 64 62 62 60
    61 58 59 57 57 58 58 60 61 61 61 64 63 64 66 66 66 66 65 64 64 60 60
    60 59 60 59 60 60 60 62 67 67 64 64 65 66 65 66 70 69 66 65 67 66 64
    65 65 65 64 63 65 65 67 66 67 67 67 68 67 68 66 68 66 66 65 65 65 64
    64 65 64 63 65 66 66 65 64 64 62 61 64 64 63 66 66 66 64 65 64 65 64
    64 63 62 62 64 67 68 68 68 67 78 78 74 73 72 69 68 66 68 66 64 62 63
    62 61 60 60 61 57 58 56 58 59 59 61 64 66 66 68 71 72 72 72 74 72 75
    74 73 74 72 70 69 68 66 65 60 58 56 55 55 56 57 56 60 61 64 66 67 66
    68 69 67 71 70 72 74 72 72 72 69 67 67 63 61 60 60 61 62 63 64 65 65
    65 63 61 57 56 57 58 59 59 58 61 62 64 67 66 65 63 61 60 60 58 60 61
    60 61 62 63 65 64 66 69 68 66 66 66 64 65 65 65 66 64 64 63 64 64 66
    67 66 65 64 68 68 68 69 68 67 65 66 70 69 67 68 67 66 66 66 66 64 62
    61 60 57 60 59 61 59 59 60 58 59 61 62 61 63 63 64 65 66 67 66 65 65
    62 60 59 59 58 59 58 60 60 59 63 67 66 63 63 64 67 65 65 68 67 65 63
    65 66 62 62 63 64 64 63 65 66 67 67 68 68 68 69 68 68 67 68 68 67 65
    64 65 63 63 65 63 62 64 65 66 66 65 66 64 62 64 63 62 64 63 63 61 62
    62 64 63 63 63 62 62 64 66 67 67 66 66 76 76 73 73 71 69 68 66 68 66
    63 61 61 59 59 59 60 60 57 58 58 60 60 61 62 63 65 66 67 69 69 69 69
    72 70 72 71 71 71 69 67 67 67 64 63 59 57 54 54 53 57 57 55 59 61 64
    67 68 68 71 71 69 73 71 73 76 73 72 72 68 66 66 63 63 61 60 62 63 64
    65 67 66 65 63 61 56 56 57 57 58 58 58 61 61 64 67 66 67 65 62 61 62
    60 61 61 60 61 61 62 64 64 65 67 66 64 65 64 63 64 64 63 63 62 63 64
    63 63 63 64 64 65 64 67 67 67 68 67 66 64 64 67 66 64 66 65 65 66 66
    67 65 63 62 60 57 60 58 58 57 59 59 58 60 62 64 63 66 68 69 69 68 69
    67 67 65 63 60 57 56 56 58 57 58 58 57 61 65 65 63 62 64 67 67 66 70
    68 66 64 66 67 63 61 62 62 63 62 64 67 69 67 69 71 71 72 70 70 69 69
    68 68 65 63 64 64 63 65 63 62 64 65 65 67 64 63 61 60 63 61 59 63 62
    61 59 61 60 62 61 62 62 60 61 63 65 65 66 66 66 76 76 72 72 70 69 69
    69 70 68 64 62 62 60 59 59 60 59 54 56 56 59 59 60 61 63 64 65 67 69
    70 70 72 75 73 73 72 72 72 70 65 64 63 60 58 55 54 52 51 52 56 57 56
    60 63 66 68 69 68 71 71 70 72 70 72 74 73 72 72 69 67 67 63 65 62 61
    61 62 62 62 64 63 63 61 58 55 55 57 57 59 59 58 60 61 65 66 65 67 63
    60 58 60 58 59 58 57 59 58 61 63 64 65 67 65 66 66 64 63 63 63 62 63
    62 63 62 62 61 61 62 62 62 61 62 63 64 65 65 65 62 64 66 66 64 65 64
    65 66 67 68 66 65 64 62 60 63 60 59 57 58 57 57 58 60 62 59 62 64 65
    66 66 65 64 65 63 61 58 56 56 55 57 56 57 56 55 58 62 62 59 58 59 63
    62 62 66 66 65 64 66 67 63 61 63 63 63 62 63 66 68 67 70 72 72 75 72
    73 71 70 69 69 66 64 65 64 63 65 63 62 64 64 65 66 63 62 61 60 62 60
    58 60 59 58 58 60 58 60 60 63 62 59 61 63 64 63 65 64 63 71 71 69 70
    68 66 67 67 67 66 63 61 60 59 58 59 61 60 57 59 59 62 61 63 65 66 67
    68 69 70 71 71 73 75 71 71 70 71 69 68 63 62 61 58 57 55 53 50 51 51
    56 56 56 60 63 65 68 70 69 72 71 70 71 70 72 74 74 72 72 68 67 66 63
    63 59 59 58 58 58 59 60 61 60 57 56 54 55 56 56 58 58 57 60 61 64 64
    64 66 64 60 58 60 59 62 60 60 60 60 62 64 67 66 67 65 65 65 64 62 64
    64 63 64 62 63 63 62 62 62 62 61 61 61 64 64 64 66 66 65 63 65 66 65
    62 65 63 63 64 66 67 65 66 65 64 62 65 64 62 60 61 60 59 59 61 61 59
    61 63 64 63 64 63 62 62 61 59 57 55 56 56 57 56 57 55 55 58 62 62 60
    60 60 64 65 65 69 68 67 65 67 68 65 62 64 63 63 61 62 65 66 65 68 70
    69 73 70 72 70 70 68 69 65 62 64 61 60 61 59 58 61 61 62 63 59 60 60
    59 59 58 56 58 57 57 57 58 57 58 60 62 62 60 62 63 65 64 67 66 65 68
    68 65 67 66 66 66 66 67 67 65 63 64 62 61 62 64 63 60 62 61 63 62 65
    66 65 65 66 68 68 69 70 71 72 68 69 68 69 67 65 60 59 59 56 55 53 52
    49 50 52 58 57 57 60 63 66 68 70 68 70 69 69 70 68 72 73 73 72 72 68
    67 65 63 63 60 60 59 59 59 60 61 61 60 58 58 55 55 56 57 58 58 58 61
    60 63 62 62 63 62 59 57 60 58 61 58 58 58 58 59 62 64 63 65 63 64 63
    62 62 63 63 62 63 61 61 60 61 60 58 59 58 59 58 62 62 63 64 64 63 60
    63 63 62 59 61 60 59 62 64 66 64 64 63 62 59 63 63 60 58 60 58 57 59
    60 61 59 61 63 63 62 64 62 61 62 60 58 55 54 55 56 56 55 57 56 55 59
    62 61 59 59 60 65 66 65 69 69 68 67 68 68 67 63 64 63 63 61 62 65 64
    64 66 69 68 71 69 70 68 66 66 66 63 61 62 60 59 61 61 60 62 62 63 63
    60 62 63 60 61 61 60 61 61 62 61 61 59 61 62 65 64 62 61 62 65 64 65
    63 62 68 68 65 67 66 64 66 66 67 67 65 64 65 63 61 64 65 64 60 61 61
    62 61 64 67 66 66 66 69 70 70 71 71 72 67 68 67 69 67 66 62 62 63 60
    58 57 55 52 53 53 58 57 57 59 63 64 65 66 65 68 69 70 69 69 72 72 73
    71 71 67 66 63 62 62 59 61 59 60 59 60 59 59 59 58 57 54 54 55 57 58
    59 58 61 60 62 62 62 63 62 60 58 60 58 60 58 58 59 58 60 61 64 63 65
    62 64 64 62 63 64 63 62 64 62 65 63 63 62 61 59 59 60 59 61 61 62 62
    63 62 60 62 61 60 58 58 56 56 58 61 63 63 62 61 61 59 63 63 61 59 60
    57 57 59 60 60 58 59 61 62 61 63 62 60 62 60 60 57 55 57 58 58 58 59
    57 56 59 60 60 59 59 60 64 66 65 68 68 67 66 67 66 65 61 60 60 62 58
    60 64 63 63 64 67 67 70 69 70 67 66 66 66 63 60 61 58 56 58 59 58 60
    59 61 62 59 62 63 62 63 63 62 63 63 64 64 64 62 64 66 67 67 64 64 65
    67 66 67 64 62 69 69 66 67 67 64 67 68 67 67 65 65 67 64 63 64 65 63
    61 62 61 62 60 64 67 67 67 67 69 69 71 71 71 71 66 66 66 67 65 65 61
    59 60 57 56 56 54 52 54 55 59 59 59 62 64 65 66 66 64 67 68 68 68 66
    71 71 72 70 69 66 64 62 61 60 58 59 57 58 58 59 58 60 59 59 58 56 57
    57 59 59 61 60 62 61 63 63 63 65 63 61 59 62 59 61 60 59 60 60 61 63
    64 62 64 61 61 62 61 61 64 63 63 65 64 66 65 65 65 62 61 61 62 61 64
    63 65 64 64 65 61 62 60 60 57 58 56 55 58 58 62 62 62 61 61 60 64 65
    63 63 63 60 59 60 62 61 59 60 62 61 59 62 61 59 60 58 57 55 53 56 58
    57 57 59 58 57 59 61 61 60 60 62 65 66 66 69 68 66 63 65 64 62 58 58
    56 58 57 60 64 63 63 64 69 69 72 71 70 67 66 67 65 62 59 60 57 55 57
    58 57 58 59 60 61 58 60 62 62 61 62 60 62 63 63 64 64 64 65 68 68 68
    66 66 65 65 65 64 63 60 67 67 64 66 64 62 65 66 65 65 63 63 65 62 61
    63 63 61 58 60 58 59 58 62 66 66 66 68 70 68 71 71 71 70 64 64 63 63
    60 60 57 56 58 55 55 56 54 53 56 57 61 60 59 62 64 64 63 63 61 64 64
    65 66 64 68 69 70 71 69 65 65 64 63 63 60 61 58 60 60 61 60 60 59 59
    57 56 58 58 59 60 61 60 61 60 63 62 60 61 61 58 56 58 57 59 57 56 58
    58 59 61 64 64 66 61 63 64 63 62 64 63 62 62 61 65 63 63 62 61 59 60
    60 60 62 60 62 61 62 63 60 61 60 60 57 58 57 56 58 59 61 61 60 59 59
    59 61 61 60 60 61 59 58 59 60 59 59 61 63 61 61 62 61 59 61 60 59 57
    56 57 60 59 60 61 60 60 62 64 62 63 62 63 64 67 66 67 66 64 62 63 63
    62 59 58 56 58 56 60 63 62 62 62 68 67 71 70 70 66 66 67 66 64 59 61
    59 57 59 59 57 58 59 59 61 59 62 62 62 63 63 62 63 63 63 64 64 64 64
    68 70 69 68 68 67 67 66 65 65 61 66 66 63 66 64 62 65 66 65 65 64 62
    65 62 61 64 63 60 58 59 58 60 57 61 64 63 64 65 68 66 69 69 70 68 65
    65 64 64 62 62 58 58 60 57 57 58 56 55 58 59 62 61 60 62 63 63 63 62
    61 65 65 66 66 66 70 71 72 72 71 67 67 67 66 67 64 64 62 63 63 65 63
    63 63 62 60 59 60 61 62 62 62 60 61 60 62 62 61 61 61 59 57 59 57 59
    57 57 59 59 60 61 64 65 65 63 63 63 63 62 62 62 62 62 63 67 65 66 65
    64 63 62 62 62 63 61 63 62 62 63 60 61 61 60 57 58 56 57 58 58 59 60
    60 59 59 58 60 60 60 61 63 59 58 59 59 57 58 60 61 59 58 61 59 58 60
    61 59 56 56 57 59 58 58 60 59 59 61 63 62 63 63 65 67 69 69 69 68 67
    63 64 63 62 60 58 55 57 56 59 63 63 63 64 68 67 71 70 71 67 68 68 67
    65 61 61 60 58 58 59 57 59 59 59 62 61 64 65 65 65 65 64 64 64 63 64
    63 63 63 66 67 67 67 66 65 66 64 62 62 60 60 60 59 62 60 59 61 64 62
    62 62 61 63 61 61 65 65 61 60 61 59 62 59 62 64 62 62 64 65 63 66 66
    68 67 63 64 64 64 62 63 60 58 59 57 57 57 56 55 57 57 61 59 59 60 61
    60 61 61 61 65 63 66 66 67 70 72 72 71 69 65 65 64 64 63 62 61 59 61
    61 63 63 62 63 63 60 60 61 61 62 63 62 61 61 58 61 59 58 58 60 57 55
    56 54 56 55 55 58 59 58 59 64 65 66 64 65 66 64 64 64 64 63 64 64 67
    66 66 65 64 63 62 62 62 63 62 62 61 60 61 60 60 58 58 56 57 55 56 58
    58 59 60 61 59 60 59 61 60 60 62 63 61 61 63 62 61 61 63 65 61 60 63
    61 59 61 62 60 57 57 59 60 58 58 60 60 60 62 63 62 63 63 64 65 68 67
    67 66 67 64 63 63 62 60 59 56 57 57 60 62 63 63 66 69 68 72 71 70 67
    67 67 65 63 61 60 59 58 58 58 56 58 58 58 60 61 63 64 65 65 64 63 62
    62 63 62 60 60 60 63 64 65 66 66 65 66 66 65 66 64 59 59 57 61 59 59
    60 63 61 63 63 62 64 62 62 67 68 63 63 64 62 63 60 62 65 62 62 64 64
    61 65 66 68 66 63 64 63 62 62 64 60 58 59 59 59 60 59 57 59 59 63 61
    61 61 60 60 60 61 60 63 61 63 62 63 66 68 68 67 65 62 63 62 62 63 61
    59 58 60 60 63 61 62 63 62 60 62 63 62 63 62 63 62 61 59 60 59 57 58
    59 57 54 56 55 58 57 58 60 61 61 63 67 66 66 65 66 66 64 62 63 61 60
    61 61 64 64 63 62 62 61 60 62 61 63 61 62 60 60 59 58 59 57 59 56 57
    56 58 61 60 61 60 61 57 59 57 58 58 56 58 60 60 59 61 60 59 59 61 63
    59 57 60 58 56 57 57 57 54 53 55 57 55 55 57 59 60 61 63 63 64 65 65
    66 69 68 69 67 68 65 65 64 65 63 61 57 58 59 61 64 64 64 66 68 68 72
    72 71 67 67 66 65 64 62 61 59 59 58 59 58 60 60 60 61 61 64 63 65 65
    65 64 62 64 64 63 61 61 60 63 65 65 66 66 65 67 67 66 67 65 56 56 55
    59 58 58 58 61 59 62 63 62 65 64 63 67 67 63 65 65 62 64 60 61 65 62
    61 64 63 61 64 66 69 67 64 65 66 65 64 66 63 60 60 60 61 61 60 59 61
    61 64 62 62 61 59 58 58 61 60 63 61 63 61 64 67 69 69 67 65 62 63 61
    63 62 62 60 58 59 60 63 62 63 63 62 62 62 63 62 63 62 63 61 61 60 60
    60 59 60 61 60 58 58 57 59 58 59 63 64 63 64 67 68 68 68 69 68 66 65
    65 65 64 65 65 67 66 67 65 65 63 62 62 61 62 60 61 57 58 57 57 59 58
    59 57 57 56 58 59 60 60 60 61 58 61 59 61 62 61 63 65 64 64 65 64 62
    61 60 62 57 56 58 55 54 54 55 56 53 55 57 59 56 56 58 60 62 63 63 63
    63 64 64 66 69 69 69 68 69 66 67 65 66 64 62 59 61 60 62 65 64 65 66
    67 67 69 70 68 65 65 66 64 63 64 63 60 60 60 60 58 60 61 61 61 62 65
    65 68 69 70 68 65 65 66 65 63 63 62 63 65 64 67 67 66 68 68 67 67 66
    58 58 58 61 60 58 59 60 57 59 61 60 64 64 64 68 68 65 67 68 65 66 62
    62 64 61 60 62 61 58 61 63 65 63 62 65 66 64 64 66 64 63 63 62 63 61
    59 58 60 59 60 59 59 57 56 55 56 59 59 62 62 63 61 64 66 67 68 66 64
    60 62 61 63 63 63 63 60 60 62 64 63 64 63 62 61 62 63 64 64 64 64 63
    63 62 62 62 60 60 62 61 59 60 60 62 62 64 68 68 67 67 68 69 68 68 68
    67 65 64 63 63 63 63 65 68 67 66 65 66 65 64 66 64 65 61 61 59 60 58
    58 59 58 60 58 60 59 60 62 62 62 61 61 59 62 60 62 63 61 65 66 67 67
    68 66 64 63 62 64 60 59 59 57 56 56 56 57 56 57 58 60 58 58 59 61 63
    64 65 63 64 66 66 67 70 70 70 67 68 66 67 65 67 65 62 59 60 60 62 64
    64 63 64 65 66 69 68 68 64 64 65 63 63 63 61 58 59 58 59 58 59 61 61
    61 63 65 65 68 70 71 70 67 66 68 66 66 66 64 65 65 65 67 68 67 69 70
    69 69 68 62 62 61 64 61 59 59 58 56 57 58 58 62 63 64 68 68 66 67 68
    65 66 63 62 63 61 60 62 61 59 62 63 64 64 64 66 68 66 67 68 66 64 65
    64 64 62 61 61 62 61 61 60 59 57 55 54 54 56 56 60 61 61 60 63 64 67
    67 66 63 61 62 61 62 63 65 63 63 62 64 65 65 65 66 64 62 62 61 63 64
    64 63 63 63 61 62 64 61 61 61 62 60 61 59 62 62 62 67 66 68 66 68 68
    68 69 69 68 65 64 62 61 61 62 64 66 64 64 63 64 62 63 64 63 63 60 61
    59 60 59 60 59 59 60 58 60 59 62 64 64 64 64 63 60 62 60 62 62 60 63
    65 67 67 68 67 66 64 62 64 60 59 59 58 57 55 57 59 59 60 60 61 60 60
    62 64 65 66 66 63 64 64 65 65 68 68 68 65 67 67 67 67 67 65 63 60 60
    62 63 65 65 65 65 66 66 69 68 67 62 62 62 61 61 62 60 58 59 58 59 58
    60 62 62 62 63 65 66 69 72 74 72 69 67 69 68 68 66 65 64 65 64 67 67
    66 68 68 67 68 67 66 66 65 67 63 60 59 59 55 55 57 56 60 61 63 66 67
    65 68 68 65 66 63 61 63 61 61 64 61 59 63 63 64 64 64 65 67 65 67 68
    67 66 67 67 67 66 64 63 64 63 61 60 59 57 55 54 54 56 57 61 62 61 59
    62 63 65 66 64 62 60 62 63 64 64 66 64 63 63 64 65 65 65 65 64 62 61
    61 62 63 63 63 63 64 63 65 66 64 65 64 63 62 61 61 62 63 63 68 69 70
    69 69 70 70 69 68 68 65 63 61 60 61 61 63 67 65 64 63 66 65 66 67 66
    65 63 64 62 62 60 61 60 60 61 59 61 62 65 68 68 68 66 66 64 67 64 64
    64 62 66 66 68 67 67 66 65 63 61 62 58 58 58 58 58 55 56 59 60 61 61
    61 61 61 61 64 66 65 65 63 63 64 65 65 67 69 68 65 66 65 65 64 64 63
    61 58 58 60 62 63 64 64 65 65 65 68 68 67 63 65 64 63 63 64 62 60 60
    58 57 55 58 59 59 59 60 61 63 67 71 72 70 68 67 68 70 70 68 66 64 66
    64 66 66 66 65 66 65 66 65 63 63 63 66 63 61 62 62 58 58 59 57 59 59
    62 63 64 61 65 66 63 64 61 58 58 58 59 62 58 56 61 61 63 62 64 65 65
    62 65 65 64 64 65 66 67 65 62 63 64 64 62 61 59 58 55 56 57 59 59 63
    61 61 60 61 62 64 64 64 63 61 64 64 65 66 67 65 64 62 63 64 64 64 64
    61 60 59 59 60 60 60 60 61 62 63 64 66 64 64 64 63 62 62 60 62 62 62
    67 67 68 67 67 68 69 68 66 64 62 60 59 59 60 61 62 65 65 65 65 66 66
    67 67 65 65 63 62 59 60 58 59 58 60 62 60 63 66 69 71 72 72 71 71 69
    70 67 66 66 63 66 66 68 66 67 66 64 63 60 62 58 59 58 57 57 55 57 60
    60 61 61 61 62 62 63 66 68 67 68 66 66 66 65 65 65 66 66 63 65 64 64
    64 65 64 64 61 60 62 62 64 65 65 67 68 67 70 69 68 65 65 65 63 63 63
    62 59 59 57 56 54 58 59 59 57 59 60 62 66 70 70 68 66 65 66 67 68 67
    64 63 65 63 65 65 66 66 67 66 67 66 63 63 64 67 64 64 63 63 59 59 60
    57 58 58 60 61 62 60 64 66 63 65 62 59 59 58 59 61 56 54 59 59 61 62
    64 65 65 64 68 67 65 66 66 66 68 66 64 64 64 65 63 62 60 59 55 57 58
    60 60 63 64 63 62 65 64 66 68 66 66 64 66 67 68 68 69 68 67 67 66 65
    65 64 64 59 59 57 56 57 59 59 58 58 60 61 63 65 63 64 64 63 63 63 61
    64 63 64 68 68 68 68 68 69 69 68 66 64 62 61 60 59 60 61 62 66 65 66
    65 67 65 66 66 62 62 59 59 56 56 54 56 56 58 61 60 62 64 69 71 72 72
    70 71 69 70 67 67 66 63 65 66 68 66 67 65 65 63 60 63 59 60 59 57 58
    56 57 59 60 61 60 59 61 61 62 66 68 67 68 66 66 67 65 65 64 65 64 62
    63 63 62 62 64 63 64 61 60 60 61 62 64 63 63 63 63 66 66 66 63 64 62
    62 61 63 61 58 58 56 56 53 57 58 59 58 59 61 64 67 71 71 70 68 66 66
    67 66 65 63 60 63 62 63 65 67 67 68 68 69 69 64 64 66 68 66 65 65 65
    61 62 64 60 62 62 64 64 65 63 67 68 65 66 63 60 59 60 60 62 57 55 60
    60 61 62 65 64 64 64 68 67 66 66 66 67 68 67 65 65 64 65 62 62 60 59
    55 56 58 60 61 65 66 64 63 66 66 67 67 65 64 63 65 66 67 66 68 68 67
    67 66 65 64 64 64 61 60 58 57 58 61 61 61 62 64 64 66 67 67 67 66 65
    65 65 63 66 65 66 69 68 68 68 67 65 66 66 65 62 60 60 60 59 61 63 64
    66 67 67 67 68 66 67 68 64 62 60 58 56 56 54 56 57 58 61 61 62 65 69
    71 74 74 72 74 72 74 72 73 73 70 71 72 73 71 70 68 68 65 63 64 61 60
    59 59 60 58 58 61 61 60 60 59 60 58 58 61 62 63 63 63 63 65 63 65 63
    64 65 64 66 67 65 65 66 65 66 65 64 63 63 64 66 65 66 65 66 67 66 65
    62 62 61 60 60 62 59 57 57 56 55 53 56 57 58 58 58 59 63 66 70 70 69
    67 65 65 66 67 65 65 62 65 63 64 65 67 66 66 66 65 64 66 66 66 67 64
    65 64 65 60 61 62 60 62 63 65 63 65 63 67 69 65 65 62 58 58 60 61 62
    57 56 61 61 63 65 67 66 66 65 70 67 66 66 66 66 67 65 63 63 62 62 60
    60 59 60 55 58 59 61 63 66 67 65 63 64 65 65 65 64 63 63 65 66 68 66
    68 69 69 69 67 64 64 64 63 60 60 59 56 56 59 61 61 62 65 65 66 67 67
    68 67 65 65 67 64 67 66 66 69 68 69 69 67 65 66 66 66 64 62 61 60 59
    61 62 62 63 63 63 63 63 62 64 66 62 61 59 57 55 54 54 56 56 56 60 62
    63 66 69 72 75 75 73 75 73 74 73 74 74 70 70 71 73 70 69 68 69 65 62
    64 61 61 60 59 61 58 58 61 62 62 61 61 62 60 59 61 62 63 64 62 64 64
    61 63 62 64 63 62 64 66 64 64 66 65 66 66 66 65 64 65 67 66 66 66 66
    67 66 66 63 61 60 59 58 59 58 55 55 54 53 52 55 56 59 58 58 59 62 66
    70 70 70 68 65 66 67 68 66 65 63 66 63 64 66 68 67 68 69 68 67 68 68
    69 69 66 65 65 64 59 60 61 59 61 61 62 62 63 62 67 67 64 64 61 58 57
    60 61 63 58 57 61 61 63 64 67 66 65 64 69 67 65 68 68 68 69 68 65 66
    64 65 62 62 61 61 57 59 61 63 63 66 67 65 62 63 66 64 64 64 63 65 67
    67 70 70 70 70 71 70 68 65 62 63 61 58 59 59 57 57 59 61 63 63 66 67
    67 68 68 69 67 66 67 68 67 69 68 67 69 68 70 70 67 63 63 63 63 61 60
    60 57 56 58 60 59 62 60 60 60 61 61 63 65 62 61 59 59 59 59 59 60 61
    61 65 65 66 69 71 72 75 75 74 76 74 74 74 73 73 71 70 72 72 70 70 69
    69 66 63 64 63 61 61 59 61 59 59 61 64 65 63 62 62 60 59 60 61 61 60
    59 59 60 58 60 60 61 61 61 63 64 64 65 67 65 67 68 68 66 65 67 68 66
    64 65 65 66 65 65 63 60 59 58 59 59 58 54 54 54 54 53 56 58 59 59 58
    60 62 65 69 68 70 68 66 66 67 69 67 67 64 67 64 65 66 68 67 67 68 67
    66 68 68 68 68 64 64 65 65 60 59 60 58 60 61 62 62 63 62 66 67 64 64
    62 59 57 61 61 63 58 58 62 61 63 66 68 66 65 64 68 66 64 67 67 66 68
    68 66 67 67 67 66 65 65 65 61 62 64 64 64 66 66 64 62 64 65 64 63 64
    65 66 68 68 71 69 69 72 72 71 68 65 63 64 62 59 61 59 58 57 60 64 65
    64 68 69 70 71 72 72 71 70 69 71 70 70 68 66 67 65 66 66 64 61 62 61
    62 61 60 61 59 59 61 62 62 63 63 62 63 63 64 65 66 63 62 60 58 59 58
    58 59 60 61 64 65 65 69 70 72 75 77 76 77 75 76 77 77 76 74 74 74 74
    73 72 71 70 68 66 65 64 63 62 60 62 60 61 62 65 67 65 63 63 62 60 60
    61 59 59 57 57 58 56 59 57 59 59 60 62 63 63 64 66 65 68 69 69 67 65
    67 68 66 64 65 65 66 64 63 62 60 58 58 60 58 58 55 55 54 53 54 55 57
    58 57 57 59 63 65 69 67 69 69 67 68 69 70 69 69 67 70 68 68 70 72 71
    72 72 71 70 76 76 76 74 70 69 70 69 64 63 63 61 63 62 64 63 64 63 67
    66 63 63 60 59 56 60 61 62 59 59 63 61 62 65 68 65 63 62 66 65 64 67
    68 66 67 67 66 69 68 68 65 65 65 66 63 65 66 64 64 66 67 65 64 64 67
    65 64 65 65 67 70 70 71 70 70 73 74 74 71 67 64 64 62 60 61 59 57 57
    60 62 65 65 68 69 69 70 72 72 71 70 69 71 70 70 69 67 68 66 66 66 64
    62 62 61 61 61 59 61 58 57 59 60 59 61 59 59 59 60 61 63 65 63 61 61
    60 61 60 60 60 61 61 63 65 63 68 69 70 74 75 75 76 74 75 77 76 74 73
    73 73 72 71 69 68 67 66 64 63 62 60 60 59 64 62 63 64 67 68 65 63 63
    61 59 59 58 55 55 54 53 54 53 55 53 55 55 57 59 61 62 63 65 64 66 66
    68 67 65 66 68 65 64 66 66 67 65 65 64 63 59 60 61 59 60 57 57 55 55
    55 57 58 59 58 58 59 62 63 66 64 67 66 64 64 65 66 65 65 65 68 67 67
    68 72 71 72 73 73 72 72 72 71 71 68 69 69 70 66 66 66 63 66 65 65 63
    65 64 67 66 63 63 60 58 58 61 63 65 62 63 66 64 65 68 69 67 64 64 67
    65 64 67 69 68 69 70 69 71 70 69 67 66 65 66 63 64 65 62 63 65 66 65
    64 64 68 67 66 67 67 69 71 71 72 70 70 72 74 74 71 67 64 63 62 61 62
    61 58 57 60 61 64 66 68 69 68 69 71 70 69 68 66 67 66 67 65 63 64 64
    65 64 64 62 62 62 61 61 60 61 59 59 60 61 59 61 60 60 60 60 60 61 62
    61 60 60 59 60 59 57 58 60 59 61 63 60 65 66 66 70 72 73 75 74 73 75
    75 73 73 73 74 72 71 70 70 69 68 65 64 63 62 62 61 64 61 64 66 69 70
    67 64 64 62 60 60 58 55 53 53 53 54 53 55 53 55 56 58 60 60 62 63 64
    63 65 66 67 67 65 66 68 66 65 66 67 68 66 65 64 63 59 61 62 61 61 58
    58 59 58 57 59 59 61 60 59 60 62 61 65 63 66 65 64 63 64 65 65 66 65
    69 67 69 69 72 71 71 71 71 72 72 72 71 70 68 68 68 69 66 66 68 64 67
    66 65 64 66 64 67 66 63 63 60 58 58 61 62 65 61 61 65 64 66 69 69 67
    65 63 67 66 64 66 67 68 69 69 67 69 68 67 65 64 63 64 62 63 65 62 64
    66 66 66 64 64 67 67 66 66 66 68 70 71 72 71 70 71 72 73 70 66 64 62
    60 59 62 62 60 59 61 63 65 67 69 70 69 69 72 71 71 70 68 68 68 68 67
    65 64 64 65 64 64 62 63 62 61 61 62 63 61 63 62 62 60 62 62 63 63 61
    62 61 62 62 61 61 58 58 57 55 56 58 58 59 63 59 64 65 64 68 70 71 72
    71 71 73 73 72 73 74 75 72 72 70 69 68 68 66 64 63 61 61 59 63 61 63
    63 66 67 64 62 63 61 59 58 57 54 53 53 53 54 53 55 52 55 55 58 60 61
    62 63 65 64 66 66 68 67 65 65 66 64 63 65 67 67 66 65 65 65 62 63 64
    63 63 62 61 63 61 60 61 62 63 62 62 61 63 62 65 64 67 66 64 63 63 65
    65 66 65 67 67 68 69 73 72 73 73 73 75 71 71 70 70 69 69 70 71 69 70
    70 67 69 67 66 65 66 64 67 66 64 63 62 61 61 64 63 66 64 65 67 66 67
    70 69 68 66 64 65 65 63 64 64 64 66 65 64 68 67 66 65 65 64 64 63 63
    65 61 63 65 66 66 66 66 68 69 66 68 66 68 70 68 71 70 69 70 71 72 69
    66 64 64 61 58 61 62 60 59 61 63 66 66 68 70 68 68 70 69 69 68 65 67
    67 66 66 64 63 62 64 62 63 60 61 61 60 60 61 64 61 64 62 62 59 61 60
    61 62 59 59 58 60 61 60 59 58 58 57 56 57 58 58 60 63 60 65 64 63 66
    67 69 70 68 68 71 70 70 72 74 76 73 72 71 71 69 70 67 66 64 61 62 60
    64 63 65 64 66 66 63 61 61 60 59 57 56 54 52 53 54 55 54 56 53 56 57
    59 62 62 64 64 66 66 67 68 69 69 66 67 68 66 64 66 68 68 67 64 64 63
    59 60 61 60 60 59 60 61 61 62 64 64 67 65 64 65 65 65 66 65 67 67 63
    62 61 62 62 63 63 64 63 66 68 72 72 73 73 76 76 75 75 74 74 72 72 72
    72 70 69 70 68 70 68 67 66 67 65 68 67 66 65 62 62 64 67 66 68 66 67
    68 66 69 71 70 68 67 65 66 65 63 64 63 63 63 63 63 67 66 65 65 65 65
    65 64 63 63 60 62 64 64 65 64 64 66 69 66 67 64 65 67 67 69 69 68 69
    72 73 72 68 66 66 63 60 62 63 61 60 63 64 67 68 69 71 69 69 71 70 69
    68 65 66 68 68 68 66 65 65 67 65 67 64 64 62 61 61 63 64 59 62 60 58
    56 58 58 59 59 57 59 58 60 62 61 60 58 59 58 57 57 58 59 59 62 59 62
    61 61 63 65 66 66 65 65 68 68 68 70 72 74 72 72 71 70 70 70 69 66 64
    61 61 61 65 64 65 64 64 65 62 61 61 59 56 55 54 53 52 53 54 55 55 56
    56 59 59 60 62 64 66 65 67 68 67 68 69 69 67 66 66 65 62 62 65 65 65
    64 63 63 58 60 63 63 62 61 61 62 63 64 65 65 66 64 63 63 63 62 63 61
    65 65 62 61 62 62 62 62 62 64 63 65 67 70 70 70 71 73 74 76 76 75 75
    73 72 72 72 70 69 70 69 70 69 67 68 69 68 69 69 68 67 66 65 68 70 69
    72 70 70 71 68 69 71 70 67 67 64 64 64 62 64 64 63 61 62 62 64 64 63
    64 63 62 62 63 61 60 57 59 61 59 61 60 60 62 65 63 64 62 64 67 66 68
    67 66 67 70 70 69 66 64 63 61 59 62 62 60 61 62 64 67 69 70 72 68 69
    70 68 67 66 62 62 65 64 65 63 62 62 64 63 65 64 63 63 62 63 64 66 61
    63 62 60 58 58 59 59 60 58 61 60 61 65 64 63 60 61 61 61 60 61 62 62
    64 62 66 63 61 63 66 66 65 64 64 67 67 67 71 73 74 71 71 70 70 69 70
    70 66 65 62 63 63 67 66 68 67 66 67 65 64 64 63 59 57 55 54 53 53 55
    55 55 56 56 60 60 61 64 65 68 67 69 70 69 70 71 72 69 68 68 67 64 64
    67 66 65 64 64 63 60 62 65 64 63 63 62 63 62 65 66 65 67 65 64 63 62
    62 64 61 63 64 62 62 62 63 63 63 64 66 64 67 67 70 70 70 71 73 73 72
    72 71 71 70 70 70 71 69 68 69 69 68 68 66 67 69 69 71 70 69 67 66 66
    68 70 70 72 70 72 72 70 72 74 73 70 69 67 67 68 65 66 65 63 62 63 61
    64 64 63 64 63 63 64 65 62 62 59 60 60 59 61 60 59 60 64 62 62 61 63
    66 65 66 67 66 65 69 69 69 66 63 62 59 56 59 58 56 57 59 60 63 65 67
    70 67 68 68 66 65 64 61 60 63 62 63 61 62 64 66 64 67 66 64 64 61 62
    63 64 59 62 61 58 56 57 57 59 60 58 62 59 60 63 63 63 62 62 62 62 60
    60 63 63 65 62 66 65 63 65 67 68 66 65 66 68 66 67 69 70 70 69 69 68
    68 68 69 68 65 64 63 64 64 69 67 69 69 69 71 69 67 66 66 62 61 59 58
    57 55 56 57 57 57 57 61 62 61 63 64 66 65 67 68 67 67 68 69 68 67 66
    66 63 63 64 64 64 63 63 62 60 61 64 65 64 64 63 63 62 65 66 65 66 63
    63 61 61 63 63 62 64 66 64 65 64 65 63 62 63 64 63 64 65 68 70 71 73
    76 76 70 70 71 72 71 70 70 70 70 70 71 70 68 68 67 69 70 71 71 70 70
    68 68 69 70 71 70 70 70 71 71 69 70 71 70 68 69 68 68 70 67 68 68 66
    64 66 65 67 67 64 66 65 64 64 65 61 60 57 57 58 58 59 58 59 59 63 62
    62 60 61 64 63 65 65 64 65 66 67 68 66 63 61 59 57 60 59 58 59 60 61
    63 66 66 69 66 66 65 63 63 63 58 57 60 58 62 61 63 64 65 64 68 68 65
    65 62 63 62 63 61 63 61 59 57 58 58 60 62 60 61 59 59 62 62 64 62 62
    63 62 61 64 66 65 66 63 66 65 62 65 67 66 64 64 66 68 67 66 69 70 70
    69 69 69 68 67 68 68 65 64 62 63 64 67 67 68 68 69 72 69 68 67 67 64
    63 62 59 57 56 57 56 57 57 56 60 61 62 63 63 67 67 68 69 68 67 67 68
    67 66 65 65 62 62 64 64 64 63 63 62 61 61 65 66 65 65 64 64 65 67 68
    67 67 63 63 61 61 62 62 61 61 64 63 64 64 66 65 63 65 65 64 64 65 67
    68 69 69 73 72 71 71 72 73 72 70 72 73 72 73 73 71 69 68 67 68 69 69
    68 69 67 66 66 68 70 70 69 70 70 70 71 68 69 70 70 69 69 67 66 69 67
    66 66 64 61 63 62 64 64 62 63 64 62 61 63 59 57 56 57 57 57 58 59 60
    60 63 63 63 62 61 63 63 64 65 64 66 67 68 68 67 65 62 60 58 60 58 57
    59 60 60 62 66 66 70 66 66 65 63 63 62 58 57 59 57 61 61 62 64 64 64
    68 68 66 67 64 64 63 65 62 64 62 59 58 58 59 61 63 61 61 60 58 62 63
    64 62 61 63 62 61 62 66 65 65 62 65 64 61 63 66 65 64 63 67 68 68 68
    70 70 70 69 68 68 66 66 66 65 62 62 61 62 63 67 67 67 67 68 70 68 66
    66 66 63 61 61 60 58 57 58 58 60 59 59 63 63 63 64 64 67 66 66 67 65
    65 65 66 65 64 64 65 62 61 65 64 64 63 63 62 62 62 66 67 65 65 64 63
    63 65 66 65 65 62 62 60 60 63 63 62 62 64 63 65 66 67 66 64 67 67 65
    65 64 65 67 67 66 69 68 69 69 70 73 73 71 72 72 73 73 73 72 68 66 65
    65 67 67 66 67 66 64 65 66 68 70 68 68 69 68 69 67 67 68 68 66 67 66
    64 67 66 65 66 64 61 62 61 63 62 60 61 61 60 61 62 59 58 56 58 59 58
    60 60 59 59 64 63 63 61 60 61 62 63 65 63 64 66 67 68 68 66 63 63 59
    62 60 58 61 60 60 63 67 66 69 66 66 65 62 63 62 59 57 59 57 60 61 63
    64 65 64 67 66 65 65 63 62 60 61 59 61 60 58 57 57 58 60 62 60 60 60
    58 63 63 63 63 62 63 62 62 62 65 64 64 62 65 64 60 63 66 65 62 63 65
    67 66 67 68 67 67 67 66 65 63 64 63 63 62 62 61 61 62 65 66 67 68 67
    68 66 66 67 66 63 61 61 61 60 60 60 59 61 61 61 63 64 64 63 64 66 66
    64 64 62 63 63 63 64 62 62 64 63 63 66 65 65 65 65 64 63 62 64 66 64
    65 64 64 64 66 68 66 67 65 65 62 61 63 62 63 62 65 63 65 66 68 67 64
    65 64 63 62 61 62 63 64 64 67 66 65 65 65 69 70 68 69 69 69 70 70 68
    65 64 63 64 66 67 66 67 66 64 66 67 69 69 67 67 68 67 68 68 67 67 67
    65 67 66 66 67 66 65 66 65 63 64 63 63 62 61 62 62 60 60 62 59 58 57
    58 59 58 60 60 60 58 63 62 62 61 60 60 59 60 62 61 61 63 64 65 66 65
    62 62 58 61 60 59 60 61 60 62 65 64 67 64 64 62 60 60 59 56 56 58 55
    58 58 60 60 61 61 63 62 62 63 61 61 59 61 60 62 62 60 59 59 60 61 64
    61 62 60 59 62 62 61 62 61 60 61 60 61 63 63 64 63 65 65 62 65 66 65
    64 63 66 67 67 67 69 67 68 69 67 67 65 65 64 64 63 63 61 61 63 64 65
    66 66 66 67 66 66 67 66 64 62 61 61 61 61 62 60 61 62 63 65 67 66 65
    66 67 67 66 65 63 63 62 62 62 60 60 62 61 62 65 64 65 65 66 66 65 64
    66 67 64 64 63 62 61 63 65 63 64 63 63 61 61 63 62 64 63 67 66 67 70
    71 71 67 69 66 64 62 61 62 62 63 62 66 64 66 66 68 70 71 69 69 67 67
    67 66 66 62 60 60 61 63 63 63 64 64 60 63 65 65 67 64 66 66 67 68 69
    68 68 68 67 68 66 66 68 66 65 66 62 60 61 61 62 62 60 62 64 61 62 64
    61 61 60 59 60 58 59 59 59 57 62 61 61 61 59 60 60 62 64 63 63 65 66
    66 67 67 65 64 60 64 61 59 61 61 60 61 64 64 66 63 64 64 62 62 62 61
    61 62 59 62 62 63 63 64 63 64 62 61 63 62 61 61 62 60 61 60 58 58 57
    58 58 61 58 60 59 59 62 63 62 63 63 63 64 63 63 65 66 66 66 67 66 63
    65 66 65 64 62 65 66 65 66 68 66 66 67 66 65 63 63 62 64 62 62 60 60
    62 65 65 66 66 64 66 65 66 66 65 62 61 61 62 62 61 62 61 63 63 65 66
    67 66 65 67 68 68 67 66 63 64 63 62 62 60 59 60 58 59 61 60 61 62 62
    61 61 60 62 63 61 61 60 60 59 61 63 62 62 61 62 61 62 65 64 66 65 69
    69 69 70 70 69 65 68 64 62 60 60 61 62 65 65 68 67 64 64 65 68 68 67
    68 67 66 68 66 66 62 60 61 60 61 63 62 62 62 60 63 66 66 68 66 66 68
    69 68 68 66 67 67 66 67 66 65 66 65 65 67 63 60 61 62 62 63 62 65 66
    65 67 68 67 66 64 63 61 59 59 60 58 57 60 60 62 63 61 62 62 62 65 63
    64 65 65 66 67 65 65 65 61 64 61 60 61 60 60 62 64 64 66 63 63 61 60
    60 59 58 58 59 57 60 61 64 64 65 66 66 64 63 64 63 61 59 60 57 58 58
    56 56 56 56 57 60 58 60 59 59 62 62 62 65 64 65 66 65 66 67 67 66 65
    65 64 61 63 64 63 62 61 65 65 65 67 68 65 64 65 63 63 62 63 61 63 61
    62 62 62 65 65 66 66 66 65 66 65 65 65 64 62 60 60 62 62 62 63 61 62
    62 64 64 65 63 62 63 64 65 65 65 62 64 62 61 62 60 60 61 58 57 59 60
    61 62 61 59 60 58 61 62 60 59 57 57 58 61 63 63 63 63 66 66 66 69 68
    69 67 72 71 72 71 71 69 66 69 65 63 61 60 61 63 65 66 69 66 67 67 66
    68 68 67 66 65 64 65 64 63 60 60 60 59 61 63 62 61 62 59 62 65 65 68
    67 67 67 68 68 69 68 68 68 66 67 66 67 69 67 68 69 65 62 63 65 64 64
    65 67 67 66 68 69 69 68 66 64 61 59 58 58 57 56 60 59 61 62 62 63 64
    65 66 64 64 64 64 64 66 65 64 64 61 65 61 61 62 62 63 63 65 66 67 64
    65 63 63 62 60 62 61 62 59 61 62 64 63 65 66 66 63 61 64 63 60 58 59
    56 56 56 55 55 55 55 56 59 58 60 60 59 62 63 63 65 66 67 68 68 69 70
    69 69 67 65 65 61 63 64 62 61 62 65 65 66 67 68 63 63 63 63 63 61 63
    61 63 61 64 64 62 64 64 65 65 64 63 66 65 66 67 67 65 64 63 65 64 64
    64 61 62 62 63 62 63 61 61 62 64 65 64 64 63 64 63 62 62 59 58 59 57
    55 57 58 59 61 60 59 60 58 62 63 61 60 58 58 57 60 61 61 60 62 64 63
    64 65 66 67 67 70 71 71 69 70 70 67 70 68 65 63 62 63 65 67 68 70 67
    68 68 66 67 66 65 64 63 62 63 60 60 56 57 57 56 59 62 60 59 60 57 61
    63 63 66 64 65 66 66 65 67 66 66 67 66 66 66 68 69 69 69 70 67 65 65
    66 65 64 64 65 65 65 67 67 68 68 67 65 64 62 61 61 59 60 62 61 63 64
    64 65 65 66 68 64 64 65 65 65 67 65 65 64 62 67 63 62 63 63 63 63 64
    65 66 63 63 61 60 59 58 59 60 60 58 60 61 64 64 65 67 66 64 62 65 65
    63 59 61 58 56 57 56 57 55 54 55 59 58 59 60 59 62 64 65 68 68 69 70
    71 71 71 70 70 67 65 66 62 63 63 63 63 64 66 66 67 68 68 63 63 63 62
    61 60 62 60 62 61 62 64 63 64 64 64 64 65 64 68 67 68 67 67 66 64 64
    64 64 63 63 61 62 63 63 63 63 61 61 61 63 64 64 63 63 63 63 63 63 61
    59 60 57 56 56 57 58 60 59 58 59 59 61 62 62 62 60 60 58 60 61 62 62
    64 66 65 66 67 69 71 70 73 72 73 71 72 71 68 69 67 65 62 62 62 64 66
    66 69 67 65 65 64 66 65 63 62 60 59 61 59 59 56 56 56 56 59 62 60 58
    58 56 59 61 62 64 63 63 65 66 65 67 66 67 67 65 66 65 67 68 68 67 69
    66 65 65 66 65 66 65 67 68 67 68 69 69 70 70 67 67 66 65 64 61 61 64
    63 63 64 64 64 65 66 69 66 65 65 65 66 67 66 65 64 63 66 63 63 63 63
    63 64 65 66 66 63 63 62 61 59 58 59 60 59 57 60 61 63 63 65 67 66 63
    62 64 64 63 59 60 58 56 57 56 56 55 54 55 59 58 58 59 58 61 62 65 68
    68 67 68 68 69 69 68 68 64 61 63 60 62 63 62 63 64 67 67 69 69 68 63
    63 64 61 61 60 62 60 60 60 62 63 62 63 63 62 61 62 63 66 65 66 66 66
    64 64 64 64 63 63 64 61 62 64 63 62 62 60 59 60 62 64 63 62 63 64 63
    63 64 63 61 62 59 59 58 61 61 62 60 59 59 57 59 59 59 58 58 59 59 59
    62 63 63 65 66 66 67 66 67 71 71 73 73 73 72 73 71 68 69 66 63 60 60
    60 61 63 63 66 65 68 68 67 68 67 65 63 62 62 63 60 58 55 55 57 57 60
    62 59 58 59 58 60 61 60 62 59 60 63 63 63 63 63 64 64 63 64 63 64 66
    66 66 68 65 64 64 66 65 66 65 66 67 67 68 69 70 70 70 69 69 69 67 66
    63 63 66 65 66 67 66 65 65 67 69 65 64 63 64 64 65 65 66 65 65 69 67
    67 67 67 67 68 68 68 68 64 63 62 63 60 60 60 61 60 58 60 61 62 62 64
    66 66 64 63 67 67 67 63 64 61 59 59 58 60 58 58 58 62 60 60 61 61 64
    65 67 70 70 70 69 71 71 70 68 67 63 60 61 58 60 60 60 61 62 65 66 68
    68 68 64 65 64 63 63 62 62 61 61 61 63 63 62 63 61 60 59 60 61 62 61
    64 64 64 63 63 63 62 61 62 62 59 60 61 61 58 58 58 57 57 60 62 63 62
    63 64 64 63 65 63 61 60 58 57 57 60 61 63 60 61 61 60 62 62 62 60 60
    61 61 60 63 64 64 66 67 69 69 68 68 71 72 73 72 73 72 72 72 68 69 65
    62 61 60 60 59 60 59 63 63 67 67 65 66 67 66 63 62 62 63 60 58 55 55
    55 56 60 61 59 58 59 60 61 62 62 63 60 63 64 64 63 64 64 64 63 62 61
    59 59 60 61 61 63 61 62 62 65 65 67 66 67 67 67 70 70 70 70 71 70 70
    70 69 69 65 65 69 68 69 69 68 66 66 66 69 66 64 64 64 64 65 66 67 66
    66 70 68 67 66 67 67 68 66 68 67 63 63 64 65 62 61 62 65 64 62 64 64
    64 63 67 69 67 65 63 65 65 66 63 63 58 57 58 58 60 60 60 59 62 62 64
    65 64 66 66 67 71 70 70 70 71 70 68 67 67 64 60 61 60 61 60 61 63 63
    65 65 67 68 68 65 64 63 62 63 62 62 60 60 59 60 61 61 61 59 58 58 59
    60 60 60 62 62 62 61 61 61 61 60 61 61 59 60 60 61 58 58 57 58 59 60
    62 63 62 63 64 63 64 65 62 61 60 57 56 56 59 61 61 60 62 62 61 63 63
    63 60 61 62 61 59 62 63 65 68 69 70 69 68 68 72 73 73 74 73 73 72 72
    69 68 65 62 61 59 59 57 58 58 62 63 65 65 63 65 66 65 62 60 60 60 57
    55 53 54 54 54 60 61 60 60 62 62 63 62 62 64 61 63 64 63 62 63 63 64
    63 61 61 60 60 61 62 63 65 64 64 63 66 66 67 67 68 68 68 71 72 72 73
    73 72 72 71 70 69 65 64 69 68 69 71 69 67 66 66 70 66 62 62 62 61 62
    63 65 64 63 67 66 65 64 64 65 66 65 66 65 63 62 64 64 62 60 61 63 62
    62 63 63 61 62 66 68 67 64 63 64 64 65 63 62 58 57 58 58 61 60 61 60
    63 63 64 64 64 66 65 67 68 68 66 67 68 68 66 64 64 62 59 61 60 61 58
    59 62 63 64 64 67 67 68 66 65 64 61 62 61 62 60 59 59 59 61 60 61 59
    57 57 59 59 58 59 61 62 62 61 63 62 60 59 61 61 59 60 61 62 59 60 60
    60 62 63 66 67 65 66 64 64 65 66 63 61 60 58 58 58 62 63 64 63 65 64
    62 63 64 63 61 62 64 63 62 64 67 69 71 73 75 74 71 72 75 75 75 74 73
    72 71 71 68 66 64 62 60 59 58 56 57 56 60 61 67 67 64 65 64 63 60 59
    58 59 56 55 54 57 57 58 63 64 63 62 64 65 67 65 66 67 64 66 66 67 63
    65 64 64 64 63 62 60 61 63 64 65 66 66 66 66 69 68 68 68 68 67 67 69
    69 69 71 72 71 71 73 72 73 70 70 73 72 72 73 71 68 66 65 68 64 61 60
    59 58 59 60 63 62 61 64 65 65 64 66 66 66 65 65 64 62 60 62 62 59 57
    58 61 61 61 63 62 60 62 66 69 68 65 63 63 63 65 63 62 58 56 56 57 59
    59 60 60 61 61 63 62 63 64 65 67 68 67 67 68 70 70 67 65 64 62 59 62
    60 59 55 58 61 63 64 64 66 66 66 65 66 64 62 63 63 64 62 62 61 62 63
    64 65 62 59 59 60 61 61 60 61 61 61 61 63 63 62 60 61 62 61 62 62 62
    60 61 61 61 63 65 66 68 67 68 66 65 65 66 63 60 59 56 55 56 60 63 64
    63 66 67 65 66 67 66 64 63 66 65 62 65 67 70 71 72 75 74 71 73 76 75
    75 73 73 73 71 71 68 66 63 61 60 58 57 55 55 54 58 59 66 66 65 64 62
    62 60 60 58 58 56 55 54 56 57 58 61 62 62 61 65 65 66 65 65 67 64 67
    67 66 62 63 64 64 65 63 62 59 59 61 64 65 65 64 64 64 66 67 68 68 67
    65 67 69 70 71 72 72 71 71 73 72 72 68 69 72 72 72 72 73 70 69 68 70
    66 63 62 60 59 59 60 63 61 62 64 64 65 64 65 66 67 65 66 64 63 62 63
    63 62 59 60 62 63 63 64 63 62 65 68 71 71 68 66 65 64 66 63 61 57 55
    54 54 55 55 57 57 59 59 60 60 60 63 65 67 68 68 69 71 72 72 70 67 64
    64 61 62 60 59 56 59 61 63 64 64 65 65 66 64 64 61 60 61 61 62 60 60
    59 60 63 63 64 61 59 59 61 62 61 61 62 62 62 63 66 65 64 62 63 63 63
    63 63 62 59 59 58 59 60 62 62 64 64 65 63 63 64 65 63 59 60 56 54 55
    59 61 60 59 62 64 62 64 66 65 63 63 66 66 63 65 68 70 71 72 74 73 72
    74 77 75 75 72 73 71 71 69 66 63 62 60 59 58 58 57 58 58 61 61 63 63
    63 61 59 59 57 59 57 58 56 54 54 57 58 60 63 64 65 63 67 70 70 69 68
    69 65 67 66 64 60 59 61 59 61 59 59 56 57 60 62 64 63 64 65 65 65 65
    66 66 66 64 65 66 67 68 69 71 72 71 73 74 73 70 70 72 72 71 70 70 67
    66 65 67 65 62 60 60 60 59 59 62 61 61 63 64 66 64 66 67 68 66 66 64
    63 62 62 63 61 58 58 60 61 63 64 62 62 63 66 71 70 67 66 64 63 65 61
    60 57 55 55 55 55 55 57 57 59 61 60 60 61 63 66 67 69 68 70 71 72 72
    70 66 64 63 60 61 59 58 56 60 62 64 66 65 68 67 67 66 66 63 60 62 61
    62 59 58 58 59 61 62 63 60 60 58 61 63 63 62 63 62 63 64 66 67 65 63
    64 64 64 64 64 63 60 59 58 59 60 61 60 63 64 65 63 62 65 66 64 62 62
    59 57 57 61 65 63 62 65 66 64 65 67 66 64 63 65 65 63 65 68 71 72 73
    74 74 74 76 76 76 75 72 73 72 73 71 68 66 65 62 61 60 59 59 59 60 62
    62 63 63 63 62 61 60 59 60 58 58 56 55 54 56 55 58 61 62 63 61 65 68
    68 66 67 67 64 65 66 64 60 59 62 61 61 58 59 56 56 59 62 63 61 63 63
    64 64 65 65 63 63 61 62 62 64 64 66 67 68 69 71 73 72 69 69 72 71 69
    69 69 66 65 65 66 64 62 61 63 62 61 62 63 62 62 64 64 65 62 64 64 65
    64 62 61 60 59 60 62 61 58 58 60 63 65 65 63 63 63 65 70 69 67 64 62
    63 66 62 61 59 57 57 57 58 56 58 58 60 60 60 59 59 61 64 65 66 65 66
    68 69 68 68 65 63 63 62 63 60 59 57 62 63 64 65 65 66 66 66 65 64 61
    58 60 58 59 57 56 58 60 62 63 64 63 62 61 63 65 64 64 64 63 63 64 68
    69 66 65 66 65 67 68 67 66 63 63 62 61 63 64 62 64 64 65 63 62 64 66
    64 62 64 62 61 61 64 67 67 66 67 68 67 67 68 68 65 65 66 65 64 65 68
    70 70 69 71 71 70 72 72 70 70 69 70 71 71 70 66 64 63 62 60 59 57 57
    57 58 59 61 63 63 64 63 61 63 61 63 60 60 59 58 57 57 58 60 63 64 66
    63 66 68 68 66 65 65 61 63 64 63 60 59 61 61 61 59 60 57 55 58 60 62
    61 62 62 62 62 63 64 62 60 59 59 61 62 62 65 67 68 69 72 73 73 70 70
    72 72 70 70 70 66 65 64 65 63 62 60 61 61 60 59 60 62 62 63 64 65 62
    63 63 64 63 60 59 57 55 56 57 56 54 54 56 58 61 62 62 62 64 65 70 70
    70 68 66 66 69 64 62 62 61 61 59 60 58 60 60 62 61 59 58 59 61 63 63
    64 62 65 66 67 66 65 62 60 61 59 60 58 58 57 61 63 64 66 67 67 67 67
    66 65 62 59 61 60 59 57 56 60 61 65 65 67 65 63 61 65 65 63 62 60 59
    59 60 64 67 64 63 64 64 66 67 67 68 66 64 64 63 64 65 63 64 64 65 62
    62 64 66 64 63 65 64 63 62 66 68 66 66 68 69 67 66 68 67 65 64 67 66
    64 66 68 71 70 70 72 72 72 73 72 69 69 68 71 71 72 70 66 63 63 63 61
    59 57 56 54 55 57 58 60 60 61 61 60 62 61 63 61 61 62 61 61 61 62 64
    66 66 67 65 67 69 69 67 64 64 62 63 64 63 60 59 60 61 61 59 59 56 54
    56 58 60 59 59 59 61 59 60 62 61 61 60 59 60 62 61 63 66 66 66 68 68
    69 67 68 70 72 70 71 72 67 66 66 66 64 62 58 59 57 57 57 59 61 61 62
    64 65 63 63 64 65 64 61 60 58 56 57 59 60 57 58 60 61 63 63 63 63 65
    65 69 69 67 66 63 64 67 63 60 61 61 60 60 61 60 62 62 63 62 60 58 60
    62 64 64 64 61 64 65 66 66 64 60 59 61 59 60 57 56 57 60 61 62 64 64
    66 66 66 66 64 63 61 63 61 61 59 59 62 64 67 67 67 65 63 62 64 65 62
    62 59 57 58 59 63 65 62 61 62 61 63 63 64 64 62 62 63 62 65 66 64 65
    66 66 63 62 64 67 64 63 65 66 63 63 66 68 65 65 68 69 67 66 69 67 65
    65 67 66 65 65 68 70 69 69 72 71 71 71 70 68 67 67 69 70 70 69 66 65
    64 63 61 60 58 58 56 58 59 59 63 63 63 63 61 63 62 64 62 63 63 62 62
    63 64 64 66 65 66 64 66 67 68 66 64 65 62 64 65 64 61 60 61 61 61 59
    60 57 56 57 59 62 61 61 61 61 61 63 63 62 62 61 61 61 63 62 64 66 66
    65 67 67 68 68 68 70 71 70 71 72 68 66 65 64 62 60 57 58 57 57 58 60
    62 62 64 65 67 64 64 65 64 64 61 60 59 57 59 60 61 58 61 60 62 65 64
    65 64 68 68 71 69 69 68 65 65 67 64 60 60 60 59 59 59 59 61 61 61 62
    60 59 62 63 65 64 64 61 65 66 67 66 63 60 59 61 58 60 56 56 56 60 62
    63 65 64 66 66 67 66 65 63 62 63 61 61 59 60 63 66 68 68 69 66 65 65
    67 66 64 62 59 58 58 60 63 65 64 62 63 62 64 63 64 64 63 63 63 63 64
    65 64 66 67 66 63 61 64 65 63 62 63 63 61 61 63 66 64 66 69 71 70 69
    71 70 69 68 68 67 66 66 69 70 68 69 71 72 73 72 70 68 68 69 72 72 72
    70 67 67 67 66 65 62 60 60 59 60 61 61 62 62 62 62 61 62 61 62 59 60
    62 60 61 62 62 62 63 63 65 64 65 67 68 67 66 67 65 66 66 65 62 61 62
    61 61 60 61 57 57 58 60 62 62 62 62 61 61 65 63 63 63 62 61 60 63 63
    65 65 65 65 66 66 68 69 69 70 70 70 72 73 70 68 67 65 63 61 58 59 57
    57 57 58 61 60 62 63 65 62 63 64 62 63 59 59 58 56 58 59 59 56 60 60
    61 65 64 65 64 68 67 70 67 67 66 63 63 64 60 57 57 58 57 57 56 55 58
    59 59 60 59 58 61 63 65 64 64 62 66 67 67 67 64 60 60 62 61 62 59 57
    57 60 63 64 65 64 66 65 65 65 65 61 60 62 61 60 58 59 62 65 68 68 68
    66 65 65 67 66 66 63 58 58 59 61 63 66 65 64 64 63 66 65 67 66 66 65
    64 64 65 66 64 65 66 65 62 61 64 65 63 63 64 65 62 63 65 67 64 65 67
    69 68 65 67 67 67 66 67 66 66 67 70 71 71 70 71 71 72 72 70 68 67 68
    70 71 71 69 66 66 67 66 64 62 60 59 59 61 61 60 62 62 61 62 61 61 62
    62 59 61 62 60 61 60 60 61 61 63 65 64 65 66 67 67 65 67 64 65 64 63
    61 60 61 60 62 61 63 59 61 61 63 65 64 64 64 62 61 65 63 63 62 62 62
    62 63 64 66 65 64 63 65 64 65 66 66 66 66 67 70 71 69 68 67 64 63 61
    60 59 57 55 55 55 58 58 59 60 62 61 61 64 62 64 61 60 59 58 58 58 58
    56 59 58 58 62 60 62 61 63 62 64 62 62 62 60 61 61 59 58 60 60 59 59
    58 57 59 59 60 59 56 57 60 64 66 65 63 63 66 67 68 68 64 59 58 60 60
    61 58 57 59 60 63 63 65 65 67 66 65 66 65 62 62 63 62 62 61 61 64 66
    69 68 67 66 66 65 66 66 65 64 59 60 60 61 64 66 65 65 64 63 66 65 67
    68 67 66 64 63 63 65 62 63 64 62 59 59 63 64 63 63 64 67 63 64 66 68
    65 65 66 66 67 63 66 66 65 63 65 64 65 66 68 68 68 67 69 70 71 72 69
    68 68 71 73 73 73 73 70 70 69 68 65 65 62 64 63 64 64 63 62 62 62 62
    61 62 63 64 62 63 66 64 63 62 62 63 62 63 65 62 63 64 66 68 67 67 65
    64 64 64 62 61 61 60 61 60 63 60 61 61 62 64 63 63 63 62 60 64 63 64
    62 62 62 62 63 64 65 64 64 63 64 64 63 64 64 63 63 64 66 68 66 66 67
    65 64 63 62 61 60 59 59 58 61 61 62 62 65 63 62 64 62 63 59 59 57 57
    57 58 58 57 61 61 62 66 65 66 66 68 67 68 65 65 65 63 65 65 62 61 62
    62 61 60 59 57 58 58 57 57 54 54 59 62 65 64 63 63 68 69 69 70 65 61
    59 61 60 62 58 57 59 61 64 65 65 65 66 64 65 65 65 63 62 63 62 62 61
    62 64 67 69 67 67 66 65 65 67 66 66 64 60 60 62 63 65 66 66 67 65 64
    67 66 67 67 67 65 64 62 62 62 59 59 61 60 57 56 59 61 60 61 62 66 62
    62 65 67 65 65 67 66 67 63 65 65 65 63 62 62 62 64 64 64 63 62 62 64
    67 69 66 65 66 69 72 73 72 73 70 70 68 67 64 64 63 65 65 66 66 65 63
    63 65 65 65 66 67 66 63 64 67 65 64 61 61 61 60 63 64 62 61 63 63 66
    65 65 63 63 63 62 61 59 60 59 59 58 62 59 59 59 60 62 62 61 60 60 57
    62 61 63 62 63 64 65 67 68 67 65 65 64 64 62 61 61 61 60 60 62 64 66
    66 67 68 65 65 64 64 64 64 62 61 60 63 63 64 63 65 62 61 64 62 64 61
    61 59 60 59 61 61 59 62 62 63 66 65 67 69 70 69 69 66 66 67 67 67 66
    63 61 63 63 63 61 59 56 58 57 57 57 53 54 58 62 63 63 63 62 66 67 68
    67 64 60 60 62 60 61 57 58 61 62 64 64 65 65 67 67 68 68 66 64 63 64
    63 62 60 59 61 64 66 64 64 63 63 63 64 64 64 63 60 61 62 63 64 67 68
    67 65 64 66 66 67 67 67 65 63 62 61 61 58 58 60 59 56 55 58 59 59 61
    63 66 62 63 65 67 65 64 65 64 63 61 62 62 61 61 61 60 62 63 65 64 63
    62 64 65 67 68 65 65 65 70 72 71 71 71 69 70 69 69 66 66 65 67 68 69
    68 68 62 62 63 64 65 67 66 66 64 65 69 67 67 63 63 62 62 65 66 64 61
    62 63 66 65 65 61 60 61 62 61 60 60 60 58 58 62 59 59 58 58 58 59 58
    58 58 56 59 58 60 60 63 63 63 65 65 65 64 65 63 63 61 60 61 62 61 61
    63 66 66 66 67 68 65 65 64 64 64 63 63 62 61 63 63 64 64 66 64 63 65
    64 67 63 63 62 61 60 60 59 59 60 59 59 61 60 62 64 66 66 65 63 62 63
    65 65 65 62 60 62 62 63 63 62 59 60 60 60 60 56 57 59 62 63 63 62 60
    65 64 66 65 62 59 59 60 60 62 59 59 62 63 66 66 66 67 69 69 69 69 67
    66 65 66 64 64 63 62 65 66 67 65 65 63 64 62 63 62 62 61 59 61 61 63
    65 67 68 68 67 67 68 67 68 67 67 66 63 62 62 61 61 61 63 62 60 58 61
    63 63 64 64 67 64 65 67 70 68 67 67 65 65 62 63 63 61 61 60 60 62 64
    66 65 65 63 66 66 69 71 67 66 67 72 74 73 72 74 71 71 69 70 67 66 64
    65 65 65 66 66 64 64 66 67 68 71 71 71 69 69 74 72 72 68 67 65 66 68
    68 66 63 63 63 66 65 67 62 62 63 62 62 62 61 62 60 59 62 61 61 60 60
    61 61 60 59 60 59 61 61 64 62 65 66 66 68 67 68 67 66 63 65 62 60 62
    63 63 62 63 67 68 67 67 68 65 63 63 63 61 60 59 59 58 61 61 62 61 64
    63 62 64 64 67 63 63 61 62 60 58 58 57 58 57 58 60 60 62 64 66 66 65
    63 64 64 66 66 66 62 60 60 62 62 62 62 59 60 58 59 59 57 57 60 62 62
    62 62 60 64 65 67 66 62 58 58 59 60 62 59 59 61 62 64 65 66 66 67 67
    68 69 66 65 64 65 64 64 63 63 64 66 67 65 65 63 63 61 63 61 61 61 60
    61 61 62 65 67 68 68 67 67 68 67 69 68 69 68 65 64 63 63 63 63 65 64
    61 59 62 63 63 63 62 66 63 65 67 68 67 67 67 65 65 63 63 62 61 62 60
    61 62 64 66 63 62 61 63 63 65 66 63 62 63 68 71 71 70 73 69 68 67 68
    64 63 60 61 61 60 60 60 68 68 69 70 71 72 73 73 71 71 76 74 74 71 71
    70 69 71 70 70 65 64 65 66 64 65 62 61 61 60 61 61 61 62 61 60 62 61
    61 60 61 61 62 60 60 61 60 61 61 66 63 66 66 67 68 68 69 69 68 65 66
    63 61 62 63 62 62 64 67 67 66 66 67 63 62 61 60 57 56 56 56 56 58 59
    58 59 62 62 61 63 63 64 62 62 63 63 61 59 59 58 59 58 58 60 59 60 62
    65 63 62 61 62 63 64 62 63 61 58 58 60 59 60 59 57 57 55 55 58 56 57
    60 62 62 62 63 63 66 65 68 68 64 60 58 61 61 63 61 60 60 60 64 66 67
    65 67 68 69 71 69 68 66 66 66 65 63 63 63 63 63 61 61 59 59 58 60 59
    59 58 57 59 59 60 62 64 64 62 62 63 64 63 66 66 67 67 65 66 64 64 64
    63 65 64 62 62 64 63 64 62 62 64 62 64 65 65 64 65 67 66 65 64 63 61
    61 61 59 59 60 62 64 62 62 61 63 64 65 66 65 65 65 69 72 73 71 75 72
    73 70 70 67 66 64 64 63 60 60 60 65 65 66 68 70 71 72 72 71 71 76 74
    73 70 69 67 66 68 67 67 63 62 63 65 63 64 61 60 60 59 59 60 59 59 59
    58 60 59 61 59 61 61 63 61 61 62 61 62 61 66 63 66 67 67 68 68 69 70
    70 67 68 66 64 65 66 64 64 65 67 66 66 64 66 62 61 61 60 59 58 58 58
    58 59 59 59 59 60 60 59 62 61 63 61 63 63 65 63 61 61 60 60 60 61 62
    60 58 60 62 62 59 59 58 60 61 59 61 60 58 57 60 60 61 60 57 58 56 56
    58 58 58 62 63 62 64 64 64 66 65 68 69 64 61 60 60 61 62 61 60 59 60
    62 64 65 65 66 67 69 70 70 69 69 69 69 68 66 66 64 64 63 62 61 60 60
    60 61 61 62 61 62 64 63 63 66 66 68 65 65 67 68 66 67 67 67 67 63 65
    63 62 61 62 64 63 61 60 63 62 62 61 61 63 62 65 66 67 66 68 70 67 66
    65 64 63 62 63 61 60 60 63 65 64 63 61 63 63 65 66 66 66 66 69 72 74
    72 75 72 72 70 69 66 65 64 63 64 62 62 61 65 65 67 68 69 69 71 69 68
    68 73 70 69 68 67 67 67 69 68 69 64 64 64 66 64 65 61 61 60 59 60 60
    60 59 60 59 60 59 61 60 62 62 64 64 63 63 63 63 62 66 61 65 66 67 68
    68 70 70 70 68 69 68 66 65 66 64 64 65 67 67 66 65 66 62 61 60 60 60
    58 58 58 58 59 59 58 57 58 58 58 59 61 62 60 61 62 66 64 62 61 61 60
    60 61 62 62 60 60 61 63 60 60 59 61 62 60 62 63 62 61 63 64 64 63 61
    61 59 58 60 59 59 61 62 60 61 62 62 64 62 65 65 62 60 59 58 60 61 60
    60 58 58 61 63 64 64 65 66 68 70 70 70 69 68 69 67 65 64 63 62 61 59
    60 61 61 62 63 63 63 63 64 65 64 63 65 66 67 65 65 68 69 67 68 68 68
    67 64 65 64 62 61 61 63 62 59 58 61 60 61 61 61 64 63 65 67 68 68 69
    70 67 67 66 64 62 60 62 60 60 60 63 64 63 64 63 65 64 65 67 66 66 67
    70 71 72 70 73 71 69 67 68 64 63 61 62 62 60 60 61 67 67 68 68 70 70
    72 71 70 70 73 71 71 69 69 69 68 70 70 70 66 65 64 66 63 63 60 58 58
    57 58 59 58 58 59 57 59 58 59 59 62 61 63 63 62 63 62 62 62 66 61 65
    65 66 67 68 70 70 70 68 70 68 65 65 66 64 65 65 67 67 66 64 67 64 63
    62 62 61 59 57 57 57 57 58 57 57 57 58 58 59 62 63 60 61 62 65 63 61
    61 61 60 61 63 62 62 61 62 62 63 61 61 59 61 63 61 63 63 63 64 64 65
    65 63 60 60 59 58 59 58 58 59 60 60 61 62 62 64 62 65 65 63 60 59 60
    61 61 61 61 59 59 60 63 63 63 63 66 68 69 69 69 68 66 68 68 66 64 62
    61 60 59 60 61 61 61 61 61 61 62 63 64 62 61 62 63 64 63 62 65 67 66
    68 69 69 67 64 66 66 62 60 60 61 60 58 58 61 60 60 61 62 64 63 65 68
    68 66 68 69 65 65 65 65 63 60 61 60 58 58 61 62 62 62 61 63 62 62 65
    64 64 65 67 68 68 68 72 70 68 67 68 64 64 63 63 62 61 60 62 67 67 67
    67 68 70 72 71 69 69 72 71 70 68 68 69 67 71 70 70 67 65 66 67 65 63
    61 59 59 57 56 57 57 57 57 56 57 57 58 58 61 61 64 62 62 63 61 60 62
    65 61 65 65 67 68 68 71 71 70 69 70 68 65 64 64 62 63 62 64 63 62 60
    64 61 62 62 61 61 59 59 60 60 60 60 59 57 58 60 59 60 62 63 60 61 62
    66 63 62 63 63 60 62 64 64 65 64 64 65 65 64 63 62 62 64 61 63 64 63
    63 64 64 66 65 62 62 59 57 58 58 58 59 60 58 60 61 60 62 60 62 62 60
    58 57 60 61 62 61 63 61 61 61 64 63 61 63 65 68 69 69 70 69 67 69 69
    67 64 63 62 61 60 62 63 62 62 62 62 62 62 64 62 59 58 59 60 60 60 59
    63 63 64 66 68 68 68 66 68 68 65 63 62 63 62 60 59 62 60 60 61 62 63
    63 65 67 68 68 69 70 67 66 66 66 63 61 62 60 58 58 60 61 62 61 60 64
    63 65 66 66 65 66 67 68 69 68 70 69 67 66 68 65 65 64 64 63 62 61 63
    71 71 71 70 70 72 73 72 70 69 72 71 71 70 70 69 68 71 72 71 68 66 68
    68 66 65 63 60 61 59 58 58 58 58 57 56 58 58 58 58 60 62 63 62 61 62
    61 59 61 64 62 64 63 66 67 68 71 72 71 70 71 68 66 65 66 65 64 64 65
    65 63 61 64 63 64 64 63 63 60 61 61 62 62 62 60 59 59 61 60 60 62 62
    59 61 60 64 62 60 61 61 60 62 63 63 65 64 65 66 68 67 67 65 67 67 64
    66 66 65 63 64 64 66 65 61 61 58 57 58 59 58 59 58 56 58 59 59 61 58
    61 60 59 58 59 61 63 63 64 66 62 63 63 67 66 65 66 68 69 70 71 71 71
    67 69 68 66 64 63 63 62 62 63 65 64 65 64 65 64 64 64 63 60 60 61 61
    62 61 59 65 66 66 67 68 67 66 64 67 67 63 61 61 62 62 61 60 62 60 61
    62 63 64 64 65 67 67 68 69 69 66 66 66 65 64 61 63 61 58 59 62 64 64
    65 62 66 66 67 68 66 64 63 64 64 65 63 64 63 61 62 63 61 62 61 60 59
    58 58 60 70 70 69 70 69 70 72 70 66 67 70 71 70 68 70 68 69 72 73 73
    68 67 67 68 65 64 62 60 60 58 57 56 57 56 56 55 56 56 56 56 60 62 64
    63 62 63 62 60 61 63 61 64 62 65 66 67 71 72 71 70 72 69 68 67 67 67
    66 66 67 66 63 62 64 61 61 61 60 60 58 59 60 61 61 62 62 61 60 62 61
    61 62 64 61 61 61 64 63 60 61 61 60 61 62 62 64 63 63 64 67 66 67 65
    66 66 63 64 63 63 60 60 59 60 60 58 58 58 57 59 61 61 62 61 59 60 62
    61 61 58 59 59 59 59 60 62 63 63 65 67 64 64 63 65 65 63 63 66 66 67
    67 67 67 65 65 65 64 61 60 60 60 60 62 64 65 65 64 65 64 63 64 63 60
    59 60 60 61 60 58 64 64 65 67 68 66 67 65 68 69 65 64 64 64 64 64 62
    64 63 63 64 64 63 63 64 65 66 66 67 67 66 66 67 67 65 62 63 63 60 62
    63 65 66 67 66 70 70 70 69 67 66 64 65 64 66 64 63 63 62 63 64 63 62
    60 58 57 57 58 59 68 68 67 67 66 67 69 67 65 65 69 69 69 67 70 70 68
    71 73 73 69 67 68 68 65 63 62 61 60 58 57 57 57 56 57 56 56 56 57 58
    60 62 65 65 64 63 63 60 61 62 60 63 60 63 64 65 70 71 70 70 72 69 68
    67 67 66 66 65 67 66 63 61 63 62 63 63 62 61 58 59 61 60 61 62 60 59
    58 61 60 58 58 60 58 59 59 61 61 58 60 61 61 61 62 62 65 64 63 65 67
    67 67 67 67 66 63 65 65 66 63 62 60 61 62 60 61 59 58 59 63 61 63 63
    61 63 63 64 63 60 60 61 60 60 60 63 63 63 66 67 64 64 64 65 66 63 63
    65 65 66 68 68 68 66 65 67 65 63 61 61 61 62 63 64 65 64 64 65 65 64
    63 62 61 59 61 61 61 60 59 66 66 65 67 69 67 67 66 67 69 65 64 65 63
    64 65 63 65 64 64 64 64 63 63 64 63 65 64 66 65 65 65 65 65 63 62 62
    62 60 61 62 64 66 67 66 69 70 69 68 67 65 64 63 62 65 63 63 63 62 64
    65 64 63 60 58 56 55 57 57 69 69 68 68 67 67 69 67 64 63 67 66 67 66
    68 69 67 70 73 74 70 68 69 69 67 66 65 64 63 61 60 60 61 60 60 59 58
    59 60 61 64 65 67 67 67 67 66 64 63 64 61 64 61 64 65 67 71 72 71 73
    74 70 70 67 66 65 64 63 65 62 60 60 61 60 62 62 61 60 58 59 60 60 61
    62 59 58 58 59 58 57 56 57 55 55 55 58 58 56 58 60 62 63 64 65 69 69
    68 68 69 69 70 68 69 67 64 64 66 68 64 62 60 60 60 58 59 58 56 57 62
    62 63 63 61 63 64 65 64 61 61 61 61 61 62 63 64 63 66 65 62 63 63 63
    63 60 61 63 63 65 67 67 65 64 64 66 63 61 60 61 61 62 64 68 66 66 66
    68 68 66 64 63 62 59 61 62 61 59 58 64 65 64 67 68 67 67 67 69 70 67
    65 65 64 64 64 62 63 63 62 63 65 63 64 64 64 65 64 67 66 65 65 66 66
    63 62 63 64 62 63 63 65 66 67 66 69 69 66 65 63 61 60 60 59 62 60 59
    61 60 62 62 62 59 58 56 55 54 55 55 71 71 69 70 68 67 68 65 62 62 64
    64 64 63 67 67 66 68 71 71 68 66 67 67 64 63 63 63 64 62 62 63 63 62
    63 61 60 60 61 61 63 64 66 66 67 67 67 64 64 64 62 65 62 65 65 66 69
    68 68 70 70 66 66 64 62 62 61 61 63 61 60 61 62 60 62 62 62 62 60 61
    63 62 63 64 62 60 59 60 58 56 54 56 53 54 54 57 57 57 60 62 64 65 66
    66 68 67 66 66 67 67 66 65 66 64 63 63 66 67 64 61 60 60 60 59 59 59
    58 57 61 62 64 63 61 64 63 64 61 60 59 59 59 61 62 64 64 64 68 67 64
    65 64 64 63 59 60 62 62 63 67 67 67 66 66 69 67 64 62 65 64 64 66 67
    67 66 65 67 67 65 62 62 61 59 60 60 61 59 58 62 63 63 66 69 66 66 66
    68 70 66 64 63 61 62 64 62 62 63 62 63 65 65 65 64 64 65 64 66 66 66
    67 67 67 65 63 64 65 63 64 64 64 67 67 66 71 70 66 66 63 63 62 62 61
    64 62 62 65 64 66 67 66 63 62 61 60 59 61 61 72 72 69 69 67 67 69 65
    63 61 62 62 63 62 66 65 64 66 69 70 68 66 68 68 66 66 66 65 65 64 63
    64 63 61 61 60 59 61 62 61 63 65 67 67 68 69 69 67 66 65 64 67 64 67
    68 69 71 70 68 71 72 68 68 66 63 62 62 63 65 63 63 63 64 64 66 66 66
    65 63 62 64 63 65 65 65 63 61 62 60 58 57 58 56 56 55 57 58 58 60 62
    63 64 64 63 66 65 65 64 66 67 67 66 68 68 67 66 68 71 67 64 63 62 63
    61 62 62 61 59 63 64 65 64 62 63 63 63 61 60 58 57 58 59 61 62 63 64
    67 66 65 67 65 65 63 61 61 61 61 62 65 65 66 65 66 68 67 64 63 66 65
    66 67 69 69 68 67 69 68 66 64 63 62 60 61 62 63 61 60 63 62 64 66 68
    64 62 62 64 67 63 63 61 57 58 59 58 59 61 60 61 63 64 65 65 64 65 64
    65 64 64 65 64 64 63 61 63 66 65 66 65 65 67 68 67 71 69 65 64 60 61
    60 61 59 61 59 58 60 60 62 63 64 60 59 58 57 57 60 60 71 71 69 68 65
    65 65 62 59 57 59 60 61 61 66 66 66 68 72 73 71 69 71 71 69 67 68 68
    67 67 66 67 66 64 64 62 61 63 64 64 64 65 66 66 67 69 67 65 64 63 64
    66 65 67 69 69 71 70 69 71 70 66 66 65 61 62 61 62 63 63 62 63 64 62
    65 64 65 65 64 63 65 65 66 68 67 66 63 62 60 59 58 58 57 56 54 57 59
    60 62 63 64 64 63 63 67 67 65 64 67 68 67 68 70 68 67 66 68 69 65 63
    62 61 61 61 61 61 61 61 64 65 66 65 63 64 64 64 62 61 60 58 60 61 63
    64 65 66 68 65 65 68 66 65 63 61 60 60 60 61 63 62 62 61 62 63 62 59
    59 62 62 63 65 67 68 66 65 68 67 65 62 62 61 60 59 61 61 59 59 61 61
    61 64 64 61 60 62 63 66 64 64 63 59 60 62 61 61 63 64 63 65 65 67 66
    64 65 63 63 61 63 64 63 63 61 62 64 67 67 68 66 66 68 69 68 72 71 67
    65 61 62 61 61 61 62 60 57 60 60 62 63 64 62 60 59 58 58 61 61 72 72
    71 70 66 65 65 63 59 57 60 62 62 61 66 66 66 67 71 72 70 66 69 70 69
    67 68 68 66 65 66 67 67 65 64 64 63 64 66 67 66 66 67 68 68 69 68 66
    65 64 65 66 66 67 68 68 69 69 68 70 69 66 64 65 61 62 61 61 62 61 60
    61 62 60 64 62 64 64 65 65 66 65 66 68 68 67 64 64 60 60 58 59 58 59
    56 58 58 59 62 62 63 62 60 61 63 64 65 64 66 67 65 66 68 67 65 64 63
    64 60 57 57 57 57 56 57 56 57 58 61 64 66 64 63 64 63 64 62 62 62 60
    60 62 64 66 66 66 69 66 67 69 67 66 65 61 60 61 60 62 63 60 61 60 60
    62 61 59 59 62 62 63 64 65 67 65 64 66 66 63 61 61 61 60 60 62 63 61
    61 62 61 62 64 64 61 60 62 62 64 63 64 64 60 61 63 62 61 64 65 65 66
    65 66 66 64 63 62 63 61 62 63 62 62 62 63 64 66 66 67 64 64 67 66 66
    68 68 66 65 62 63 63 63 63 65 63 61 63 63 64 65 65 62 60 58 58 57 59
    59 71 71 70 70 65 65 64 61 57 55 58 59 58 59 63 63 65 65 70 72 71 68
    70 70 70 68 68 68 66 65 65 67 67 64 63 63 63 65 66 68 67 67 68 69 70
    71 68 66 65 63 64 64 64 65 66 66 68 67 67 69 68 65 64 64 60 61 60 61
    62 60 60 62 62 60 63 61 64 63 64 64 65 65 66 68 67 68 64 64 60 60 59
    59 59 61 59 60 60 60 63 62 63 62 59 59 61 62 64 63 64 65 63 64 66 64
    64 61 60 61 57 55 55 56 57 57 58 58 60 61 63 66 67 66 65 64 64 65 62
    61 62 60 60 61 63 64 64 65 68 64 64 67 65 64 62 59 58 59 58 60 61 58
    59 59 59 61 61 58 58 61 61 61 63 64 65 63 63 66 65 63 62 62 62 61 61
    63 63 61 62 62 62 62 64 64 61 60 62 62 64 63 64 64 60 61 63 62 59 63
    62 62 63 62 64 64 62 62 61 61 60 61 61 61 61 60 62 63 65 67 67 65 64
    66 65 65 68 68 66 65 63 63 63 63 64 66 63 61 62 62 63 65 65 63 61 59
    60 60 61 61 71 71 70 70 65 64 63 60 57 54 57 58 58 59 62 64 65 65 68
    70 69 66 67 67 67 64 65 65 64 63 64 67 68 66 65 64 63 65 66 68 67 66
    66 67 69 70 69 67 66 65 65 66 66 66 66 67 67 66 65 65 64 61 62 62 59
    60 60 60 62 60 61 64 63 62 64 61 64 63 64 64 64 63 64 65 64 65 62 62
    59 60 60 59 59 61 61 61 61 61 62 61 62 60 58 58 58 59 62 61 63 64 63
    64 67 65 66 64 61 64 60 57 57 57 57 57 57 57 60 60 62 65 65 63 62 61
    60 62 59 59 60 60 61 62 63 64 66 66 69 65 65 67 65 64 62 60 58 58 57
    58 58 56 56 57 56 60 60 59 57 62 62 61 62 64 65 62 61 62 63 61 60 62
    63 61 62 64 65 64 66 65 64 63 64 64 60 58 60 59 60 61 62 64 61 62 64
    65 61 65 65 65 65 63 65 64 62 62 61 61 59 61 62 62 62 61 63 64 67 68
    68 66 64 66 65 65 67 67 65 64 62 62 63 64 65 65 64 62 63 63 65 65 65
    62 60 59 59 58 59 58 67 67 68 68 63 63 62 61 58 56 59 59 60 61 65 66
    66 65 68 70 68 65 64 63 63 60 61 62 59 60 62 66 66 64 63 62 62 63 66
    68 67 65 66 68 69 71 68 67 66 64 64 65 64 64 65 66 66 64 64 65 63 62
    62 62 60 60 60 61 61 59 59 62 61 59 61 58 61 60 62 63 63 63 64 65 64
    65 62 62 60 60 60 60 58 60 61 62 62 63 63 62 63 61 61 60 60 61 63 62
    63 64 63 65 67 66 66 64 61 64 61 58 59 58 58 58 59 59 61 62 63 65 65
    65 64 63 62 63 61 61 62 63 63 64 66 66 67 67 68 62 65 65 63 60 58 56
    55 55 55 56 55 53 54 56 56 60 61 61 60 64 64 63 65 66 66 63 62 62 63
    61 61 63 63 60 61 64 64 63 66 65 64 63 63 65 61 59 61 60 60 61 62 64
    61 61 62 63 61 64 64 63 63 61 63 63 62 62 62 62 62 63 64 65 64 63 64
    65 67 67 67 65 62 64 63 65 65 64 62 61 60 60 62 62 65 65 65 65 67 67
    67 68 67 65 62 61 61 60 59 59 70 70 70 69 65 63 62 61 59 56 58 59 60
    62 65 67 66 64 67 69 67 65 64 63 64 62 63 66 64 64 65 69 69 67 66 64
    63 64 65 67 66 63 65 66 67 68 67 66 66 65 66 65 66 66 67 67 67 66 65
    65 63 62 62 62 60 59 58 58 59 57 59 62 62 60 62 61 64 63 65 65 64 64
    64 64 63 63 60 59 57 59 59 58 57 60 61 63 63 65 65 64 65 63 62 60 59
    59 61 58 59 59 58 60 62 63 63 62 61 64 62 61 62 62 62 62 62 61 62 63
    62 65 64 63 62 62 61 63 60 60 63 63 64 64 65 64 66 66 67 61 63 64 63
    61 60 57 57 57 58 59 55 53 54 56 56 60 60 60 58 62 64 64 65 66 66 63
    62 62 63 63 62 63 62 60 61 63 65 64 66 64 63 61 61 63 60 59 59 58 59
    60 60 63 62 61 62 63 61 64 62 62 62 60 63 64 63 62 63 63 63 63 64 65
    65 63 64 66 66 66 65 65 62 63 61 63 63 62 62 61 61 61 62 62 64 63 64
    64 66 65 65 66 65 64 63 63 62 62 60 59 69 69 68 67 63 62 61 60 58 55
    57 57 58 60 63 65 64 63 65 67 65 63 62 61 63 61 63 64 63 63 65 69 69
    68 66 64 63 64 64 65 64 61 61 63 65 66 64 64 65 65 66 65 67 67 67 68
    68 66 65 64 63 63 62 63 60 60 59 60 59 57 57 60 60 58 59 57 60 61 63
    63 62 62 62 64 63 64 62 61 59 62 63 61 59 61 61 64 62 65 64 62 62 60
    59 58 57 56 59 56 58 58 57 59 62 62 63 62 60 62 60 58 60 60 58 59 59
    58 61 62 60 65 64 63 63 61 59 61 58 58 62 62 62 64 64 63 66 65 66 61
    63 64 63 61 61 59 58 58 58 58 55 51 53 55 55 59 60 60 59 64 65 66 67
    68 69 66 65 64 66 65 65 65 64 60 61 63 65 65 66 62 63 61 60 62 59 57
    58 57 57 59 59 62 61 60 63 64 61 65 64 63 62 60 62 64 63 62 63 63 63
    65 66 68 68 66 65 67 67 66 64 62 60 60 58 60 61 60 60 60 62 62 63 63
    66 65 65 65 67 65 64 65 64 62 62 62 62 62 60 60 68 68 68 67 62 62 61
    61 59 57 58 59 60 62 65 66 64 62 63 65 64 62 60 60 60 58 59 62 61 61
    62 66 67 64 63 63 62 62 62 63 63 60 60 63 63 64 62 63 64 66 65 64 65
    64 65 65 66 64 62 61 60 61 60 61 58 58 58 59 60 58 59 61 61 60 60 58
    60 60 61 61 60 60 61 61 62 62 60 60 58 61 62 60 58 61 62 64 64 66 65
    63 63 62 60 58 57 56 59 57 58 58 57 59 62 62 62 61 60 61 59 59 60 59
    59 60 61 60 63 64 62 65 65 64 64 61 59 60 57 57 60 60 60 60 60 59 62
    61 62 58 60 62 60 60 60 59 57 58 59 58 56 52 53 54 54 58 60 59 58 62
    64 64 64 66 67 66 64 64 65 65 65 64 64 60 59 61 63 64 65 61 63 61 60
    62 60 59 58 57 56 58 57 59 59 59 62 63 61 62 62 62 62 60 61 63 62 62
    63 64 63 64 66 68 69 66 66 67 66 66 64 63 60 59 57 59 59 59 60 60 63
    64 65 65 69 67 68 69 70 68 68 68 67 67 66 66 65 66 63 64 66 66 67 64
    60 59 59 59 57 54 56 57 58 61 63 65 63 61 63 65 64 63 60 59 61 58 59
    62 60 58 59 62 63 61 59 60 60 60 61 63 64 62 61 64 65 64 62 61 63 63
    62 61 63 61 62 63 65 64 62 60 61 63 62 63 61 61 60 61 61 60 59 61 61
    59 58 57 60 58 58 58 58 58 59 59 60 61 58 59 59 62 62 61 61 64 64 65
    64 67 65 62 62 59 57 56 56 56 60 57 59 61 59 62 65 64 63 62 60 61 60
    58 59 58 58 61 62 61 63 65 63 65 66 66 65 61 59 60 58 57 60 61 60 60
    58 58 60 60 60 56 58 59 57 57 59 57 57 58 59 58 55 52 53 54 54 56 57
    57 57 60 62 63 64 66 68 68 67 65 67 67 67 66 65 60 59 60 61 63 63 61
    62 60 58 60 58 57 57 55 54 57 55 59 59 59 60 61 58 60 61 60 60 58 60
    63 64 64 66 67 65 66 67 69 69 66 67 66 65 64 63 62 60 59 57 59 57 58
    60 61 65 64 65 64 67 67 68 67 69 67 65 66 65 67 65 64 63 65 61 62 66
    66 67 64 61 61 60 59 58 55 57 57 58 61 62 65 63 62 64 66 65 64 61 60
    61 57 58 61 59 57 58 61 63 62 61 63 63 60 62 64 64 62 61 63 64 62 60
    61 62 62 62 60 62 62 62 63 64 63 61 59 59 60 59 62 60 60 59 59 59 58
    57 60 60 56 55 55 58 57 58 58 59 58 58 58 59 60 57 57 57 60 60 59 59
    61 63 64 63 66 65 63 64 61 60 59 58 59 63 61 62 62 59 62 64 63 63 61
    59 60 59 59 61 60 59 61 63 63 64 66 64 66 68 68 67 64 61 62 60 59 62
    62 61 61 59 58 61 60 60 57 58 59 58 57 58 58 58 58 59 58 55 53 53 55
    54 57 57 58 58 61 62 63 65 67 69 69 68 66 67 67 67 67 65 61 60 60 63
    66 66 65 66 62 60 62 62 62 61 58 55 57 56 59 60 60 61 60 57 59 60 59
    60 58 59 62 62 64 67 67 66 67 68 70 71 69 69 67 65 65 62 62 60 59 57
    58 56 57 61 60 65 64 65 64 68 69 71 70 71 69 69 68 67 70 68 67 66 68
    65 65 65 65 66 65 61 61 62 61 59 57 59 58 59 61 61 62 59 59 60 62 62
    62 59 59 60 58 58 59 58 57 57 59 60 59 58 59 59 58 60 61 61 59 60 61
    63 61 60 61 62 63 61 59 60 59 59 59 62 60 58 56 56 58 58 60 58 59 57
    57 58 58 57 61 62 59 59 58 60 60 60 61 61 59 59 58 58 59 57 58 58 60
    60 60 59 62 64 66 64 66 65 63 65 63 62 62 61 61 65 63 63 63 61 62 63
    62 61 61 59 60 60 59 60 61 61 62 63 63 63 65 63 65 66 65 65 61 58 59
    58 58 60 60 59 58 57 57 60 60 60 58 58 60 60 59 60 57 58 57 58 56 55
    51 51 53 52 57 58 59 58 61 62 63 65 66 68 69 67 65 67 67 67 66 64 60
    59 58 61 64 64 62 64 62 61 63 64 64 62 59 59 61 58 61 62 61 61 61 58
    59 60 59 60 57 57 60 61 63 66 66 66 67 68 71 72 69 69 67 65 64 60 61
    60 58 58 58 56 57 59 59 64 63 64 64 66 66 68 68 70 68 68 66 65 67 65
    65 63 65 61 62 64 64 64 63 61 61 61 61 59 58 59 58 60 61 62 63 61 61
    62 62 64 64 61 59 60 57 57 58 58 57 57 58 58 58 58 59 59 57 58 60 59
    58 58 59 60 60 58 60 60 60 60 58 59 60 60 59 63 61 60 59 59 61 62 63
    62 63 60 59 62 61 60 63 63 60 60 60 62 62 60 60 61 59 60 59 58 58 57
    56 57 58 58 58 56 57 61 63 61 63 62 62 63 62 62 61 60 60 63 60 61 62
    61 63 65 64 64 64 64 65 65 64 65 66 64 67 66 65 65 66 64 66 66 64 66
    63 59 61 60 59 59 59 58 58 55 55 58 58 58 57 58 60 60 60 60 58 59 58
    58 56 56 53 52 53 53 57 59 59 58 60 61 62 63 64 65 66 64 63 65 65 64
    63 62 58 58 58 61 65 64 62 65 64 63 67 67 66 64 62 60 63 59 61 62 61
    61 62 60 60 61 59 61 59 60 62 64 66 68 69 68 68 69 71 70 68 67 64 62
    61 60 62 62 61 60 60 59 60 61 61 64 63 63 63 66 66 67 67 68 67 68 65
    65 67 64 66 63 65 63 63 61 61 61 60 58 58 59 60 59 58 60 60 61 63 64
    66 64 63 64 63 63 63 60 58 58 56 55 57 57 57 57 57 57 58 59 60 61 58
    61 62 60 58 59 59 59 59 58 60 59 60 59 59 60 60 61 59 62 60 58 57 59
    59 61 63 62 63 60 60 62 62 61 64 63 60 60 61 62 64 62 62 62 61 61 60
    59 59 57 56 57 58 57 56 55 56 58 60 60 61 61 60 61 59 60 61 62 61 64
    62 64 65 64 67 68 66 65 66 66 67 66 66 66 67 66 70 70 68 67 68 65 66
    67 65 65 63 60 62 61 60 61 61 59 58 56 55 58 58 58 58 58 60 61 62 63
    61 61 60 60 58 58 55 53 55 54 57 59 59 58 60 60 61 63 63 65 66 65 63
    65 65 63 63 63 60 60 61 63 67 66 65 66 65 64 66 67 65 63 62 61 64 62
    62 63 64 63 64 62 62 63 61 63 62 63 65 67 68 72 72 70 70 71 73 71 68
    67 64 63 61 61 63 63 62 63 63 63 63 63 62 65 64 64 64 65 64 65 65 66
    65 65 61 60 62 59 62 60 61 59 58 64 64 64 63 60 60 61 62 61 60 61 62
    64 65 66 67 65 65 65 65 66 65 62 60 60 57 56 57 56 56 55 56 55 55 57
    59 60 58 61 60 58 57 58 58 58 58 57 59 58 58 58 58 58 59 59 58 61 61
    60 60 61 62 63 66 64 65 63 61 63 64 62 64 63 60 60 60 61 64 63 61 63
    61 62 61 60 60 57 55 54 55 53 52 52 53 55 56 57 59 60 60 60 59 59 61
    62 61 64 63 64 66 66 68 70 66 64 65 65 66 65 64 64 64 63 68 69 67 66
    67 65 66 68 67 68 66 63 65 63 62 63 62 60 59 55 55 56 56 57 57 57 59
    59 60 62 60 60 60 60 59 61 59 57 58 57 58 59 59 59 60 58 59 62 63 64
    67 67 67 67 66 66 64 65 64 62 63 65 67 67 68 69 68 66 67 68 67 64 63
    61 63 61 62 62 62 62 62 60 60 62 59 62 61 62 63 66 68 72 72 71 71 71
    73 71 68 65 61 60 60 59 61 63 61 63 64 65 66 65 63 66 65 64 63 64 63
    63 63 64 63 62 60 60 62 60 63 60 61 61 61 64 64 64 61 60 60 61 61 61
    61 61 61 62 64 64 66 64 65 65 63 65 65 63 62 62 58 59 59 60 60 59 60
    59 58 59 62 62 60 61 59 57 56 57 57 58 57 56 59 57 58 58 58 59 60 59
    57 60 60 60 60 60 62 61 63 63 63 62 59 61 63 62 63 62 61 62 61 62 65
    64 61 62 61 62 61 59 60 56 53 54 54 53 52 53 54 56 56 57 59 60 60 61
    60 59 61 62 62 64 62 64 65 63 65 65 61 60 60 61 61 60 59 60 61 62 65
    67 65 64 66 64 65 66 65 67 65 62 63 62 61 62 61 60 58 53 55 56 57 58
    57 56 59 59 62 64 61 61 61 61 60 63 60 57 57 56 56 57 56 56 57 55 57
    60 61 64 67 67 67 66 66 65 63 64 63 62 61 63 66 66 66 66 66 66 65 66
    66 64 63 62 64 62 62 62 63 62 62 59 59 60 59 61 61 62 62 64 67 71 71
    70 70 70 72 70 69 65 61 60 60 58 61 62 62 64 62 65 67 67 66 69 68 67
    66 66 66 65 65 64 64 63 59 59 61 60 62 60 62 63 61 63 63 62 60 59 59
    61 61 61 61 61 62 63 65 66 68 66 68 67 65 67 66 64 62 61 57 56 56 57
    57 57 58 59 60 61 63 65 63 63 62 60 58 57 58 58 58 57 59 58 57 57 57
    59 58 58 56 59 58 58 59 61 62 61 63 63 64 63 60 63 63 61 61 62 59 61
    59 60 64 62 61 63 62 62 62 61 64 61 58 58 58 58 56 58 59 59 58 58 59
    60 60 60 60 59 61 62 63 66 64 66 67 66 66 67 63 61 61 60 60 58 58 60
    62 62 65 68 65 65 66 65 65 67 66 68 65 61 63 63 63 63 62 60 59 54 57
    58 59 59 58 57 60 60 62 64 62 60 61 63 62 65 63 61 60 59 60 61 59 58
    60 58 58 61 61 64 66 68 66 67 65 64 63 64 65 63 64 65 68 68 69 70 69
    68 67 67 65 64 62 61 64 62 62 62 62 62 63 59 60 61 59 61 60 62 62 65
    68 72 71 70 69 70 70 68 67 64 59 59 59 59 61 63 63 65 63 65 67 66 65
    67 67 65 66 66 65 65 64 63 63 63 60 60 61 59 61 59 60 61 59 63 63 63
    61 60 61 63 64 64 64 65 66 66 67 69 71 69 70 69 67 69 66 64 62 61 56
    55 56 58 58 57 59 59 61 62 65 68 66 66 65 64 62 62 62 61 62 59 60 58
    58 58 58 58 58 57 55 59 60 60 61 60 62 62 64 65 65 64 61 62 64 64 63
    64 63 64 62 62 65 64 63 65 64 64 62 60 63 61 59 59 57 57 55 56 58 59
    57 57 59 59 60 59 61 59 62 62 62 65 64 66 66 64 64 65 61 60 61 59 59
    59 59 61 63 65 68 70 67 67 68 67 67 69 67 67 64 61 63 64 64 64 63 61
    59 56 58 60 61 59 58 58 59 60 63 64 62 61 61 64 63 64 64 60 59 60 59
    60 58 56 57 55 56 59 60 62 64 66 67 67 66 65 64 66 68 65 66 66 68 68
    70 70 69 68 66 67 65 63 62 63 65 64 64 65 65 64 66 62 61 63 60 62 61
    61 62 65 68 72 72 70 68 68 69 67 67 64 59 59 60 60 63 65 65 67 66 67
    68 68 66 67 67 66 65 65 63 62 62 61 61 61 57 57 59 57 59 58 60 61 59
    65 65 65 64 62 62 64 64 64 65 65 65 64 66 68 70 70 71 71 68 68 67 66
    62 62 57 54 55 55 56 55 57 57 59 60 64 66 65 66 66 65 63 63 63 61 62
    60 61 59 58 59 58 59 59 59 58 61 61 61 61 61 62 61 64 64 64 63 60 61
    64 63 63 65 63 64 62 62 66 65 63 66 65 64 62 61 64 62 60 60 58 58 56
    58 59 60 59 60 60 60 61 61 62 62 64 64 62 65 63 65 66 64 65 65 61 61
    62 60 61 60 61 63 64 66 69 71 68 67 68 67 67 68 66 67 65 62 63 65 66
    66 65 63 62 59 60 62 63 61 60 60 60 59 60 60 59 58 58 60 61 63 64 60
    61 62 61 62 61 59 59 57 57 61 59 62 64 65 65 66 66 66 65 67 69 67 68
    68 71 71 72 71 69 68 67 67 64 64 63 64 66 66 67 68 65 65 67 64 62 62
    59 62 61 61 63 66 68 71 71 70 68 68 67 65 66 63 59 59 60 60 63 64 66
    67 65 69 68 68 66 67 67 66 64 63 60 59 59 58 59 59 56 55 57 55 57 55
    56 56 54 66 66 65 65 64 64 64 64 63 66 65 66 65 66 67 70 71 73 72 69
    69 67 67 64 63 57 55 54 55 56 56 57 59 60 62 65 68 66 67 66 64 61 62
    62 60 62 59 61 59 59 60 61 60 61 61 59 63 63 62 62 61 60 59 62 61 61
    61 58 59 62 62 64 65 63 66 64 63 69 68 66 68 67 65 64 61 65 63 60 60
    57 58 55 56 57 59 59 59 58 59 61 61 63 63 65 64 62 65 63 65 66 64 64
    63 61 60 62 61 61 61 61 65 66 68 70 71 67 66 67 66 67 67 65 66 63 62
    64 65 65 66 64 63 63 60 61 63 63 62 62 62 63 62 62 62 61 60 60 63 63
    63 64 61 61 62 63 64 62 60 60 59 59 61 61 63 64 65 65 65 65 63 63 66
    68 67 68 68 70 71 71 71 70 67 66 66 63 63 62 63 66 66 66 67 65 64 66
    64 63 63 61 64 63 62 64 67 68 71 71 70 68 67 67 65 67 62 60 60 61 61
    64 65 66 68 67 71 70 69 66 67 67 66 64 63 60 58 58 57 57 56 52 53 54
    52 55 53 53 55 53 62 62 62 62 61 61 60 59 60 64 64 65 63 65 67 71 73
    74 73 69 69 67 67 64 64 58 55 55 56 57 56 58 59 59 60 64 66 66 66 64
    64 61 62 61 59 60 57 59 58 59 59 60 59 60 60 59 61 62 60 60 59 59 59
    60 60 61 61 58 59 63 64 64 66 65 68 66 65 69 68 67 67 69 65 65 62 66
    66 64 64 61 61 58 61 61 63 61 61 60 61 62 63 65 65 66 64 63 63 61 63
    64 62 62 60 59 58 59 60 60 60 60 64 65 68 70 70 67 66 67 65 65 64 63
    64 62 61 63 65 65 66 65 66 65 63 63 63 64 62 62 63 62 61 62 61 60 59
    59 61 62 62 63 61 62 64 64 65 63 61 61 60 60 61 61 61 61 63 63 65 65
    62 62 65 67 66 67 66 69 69 69 69 68 66 66 65 64 64 63 65 67 67 69 70
    67 66 69 68 67 66 65 67 65 63 66 69 70 71 71 71 68 66 67 66 66 63 59
    60 61 60 62 65 65 67 66 70 69 69 68 68 68 68 66 63 60 57 58 55 56 55
    51 50 52 51 53 52 52 54 51 66 66 65 64 63 62 61 59 61 65 64 66 63 66
    69 73 75 77 76 71 70 67 68 64 63 57 55 54 56 57 56 58 60 62 63 66 69
    67 68 67 67 65 64 64 63 63 60 63 63 63 63 63 64 65 64 63 65 65 64 64
    63 63 62 62 63 63 64 61 62 63 64 64 64 64 67 66 65 67 66 65 65 67 64
    64 61 65 65 63 61 61 61 57 60 59 61 58 58 58 59 58 59 61 61 61 60 60
    59 59 61 63 61 60 60 60 60 61 63 63 62 61 65 65 68 68 69 66 64 65 64
    64 65 64 65 64 62 64 66 66 67 67 67 66 65 65 65 64 62 63 63 62 59 60
    58 59 58 59 61 60 61 64 63 64 66 66 65 63 61 61 61 59 60 60 60 61 63
    63 65 64 62 61 65 66 66 68 67 70 70 70 71 69 67 66 64 63 63 61 62 64
    65 67 68 65 65 66 65 63 62 61 63 61 60 62 65 67 69 69 69 67 65 66 66
    66 62 58 58 59 58 62 62 63 65 65 69 68 68 68 68 67 68 66 64 61 59 61
    58 58 56 54 53 56 55 56 55 54 57 54 67 67 67 65 64 64 64 62 63 66 66
    67 64 66 69 73 74 76 76 72 70 67 67 65 65 59 57 56 56 58 57 61 63 63
    63 66 69 67 68 66 68 66 66 66 66 66 64 66 67 68 66 67 67 67 66 65 66
    66 63 63 62 62 60 60 60 60 61 60 60 62 63 62 64 64 68 66 66 67 67 66
    66 67 64 64 61 65 65 64 62 62 63 60 63 62 63 59 59 59 60 60 60 63 64
    64 63 63 64 62 64 65 64 62 60 60 59 61 61 60 59 59 61 62 65 64 67 65
    63 64 64 63 63 65 65 65 63 65 66 68 68 68 71 69 67 67 67 66 65 64 63
    61 58 60 58 59 59 60 61 60 61 65 66 66 68 67 65 64 63 63 64 61 61 62
    62 63 66 66 69 69 67 66 69 69 70 70 68 70 68 69 68 66 64 64 61 61 62
    61 63 64 65 67 69 66 66 66 63 62 61 60 61 61 60 62 64 66 69 70 71 70
    69 70 70 70 66 63 62 62 60 62 61 60 62 63 66 65 67 66 68 67 68 66 63
    60 59 61 58 58 56 55 54 57 58 58 58 57 59 56 70 70 71 69 68 68 67 65
    66 68 68 67 65 65 69 72 71 75 75 70 69 66 66 63 63 58 58 57 57 58 56
    60 62 63 63 64 66 63 64 62 65 64 64 66 66 67 65 68 70 71 70 68 69 68
    68 68 69 69 67 66 64 65 62 62 62 61 61 60 59 61 63 62 64 65 68 67 67
    67 67 66 66 68 65 64 62 65 65 65 63 63 63 60 62 62 64 60 61 61 62 62
    63 66 67 67 65 64 64 63 64 66 64 62 59 61 60 62 62 61 59 59 61 60 62
    59 61 59 59 59 61 61 62 64 64 65 64 66 68 70 70 69 72 71 70 70 70 70
    67 64 65 64 60 59 57 59 59 59 61 62 61 65 65 67 70 69 67 65 64 64 67
    64 64 64 64 64 67 68 71 70 68 67 69 69 69 68 66 68 66 66 65 63 61 63
    60 61 62 60 63 64 64 67 69 64 64 65 62 62 60 59 61 60 58 61 63 65 68
    68 71 70 69 71 72 72 70 66 65 66 62 62 62 60 60 60 62 62 64 63 65 65
    65 64 62 61 60 62 59 59 59 57 59 60 61 60 60 59 61 59 69 69 70 69 68
    67 66 65 66 68 68 68 64 64 67 70 70 72 72 67 66 63 64 62 62 58 58 58
    58 59 56 60 62 63 64 64 66 63 63 63 67 66 67 68 68 69 66 69 71 73 70
    69 68 68 68 68 70 70 68 66 65 66 63 62 61 61 60 60 59 60 62 61 64 65
    67 66 66 66 66 65 66 67 65 65 63 66 66 66 64 63 63 61 62 61 61 58 59
    60 60 61 63 65 67 66 65 65 64 64 65 65 62 61 59 62 61 62 62 60 59 59
    61 60 62 59 61 61 60 61 63 62 62 64 65 66 64 66 69 71 71 71 73 73 71
    71 73 72 68 66 67 66 63 63 60 62 62 63 65 64 64 66 65 67 70 69 68 66
    64 64 66 65 64 64 64 64 65 66 69 69 67 67 69 68 67 66 64 66 65 64 64
    62 60 62 60 62 64 61 64 65 65 67 68 63 63 63 61 60 57 58 59 59 58 61
    65 66 67 69 72 70 69 71 72 72 69 67 66 65 63 62 61 59 59 59 62 60 63
    64 65 67 68 68 67 66 63 64 61 62 61 58 58 58 59 57 59 58 60 56 69 69
    70 70 67 66 66 65 65 67 68 68 65 64 68 71 70 72 74 69 67 64 64 63 63
    59 60 59 58 58 57 60 63 65 64 65 66 64 64 64 69 68 68 69 68 68 67 69
    71 73 70 69 67 66 67 69 71 71 69 67 66 66 63 64 63 62 61 61 61 61 63
    62 64 64 66 65 64 63 63 63 64 65 64 65 64 66 67 68 66 64 64 63 62 61
    60 58 58 57 57 59 60 63 65 65 64 64 65 66 67 67 64 63 62 66 66 66 66
    64 63 62 64 62 63 61 62 62 61 61 64 65 65 66 66 67 65 67 69 71 71 69
    72 72 72 71 73 72 68 67 67 65 62 62 58 61 61 61 63 63 62 65 66 68 71
    69 69 66 65 64 66 65 63 62 62 61 62 64 67 67 64 64 68 66 66 66 64 66
    64 63 64 62 60 63 61 62 64 62 64 67 67 68 68 64 62 63 61 60 59 58 59
    59 58 61 65 65 66 69 69 69 68 70 72 71 71 68 68 66 65 63 62 59 59 60
    62 61 63 62 63 65 67 67 66 64 62 63 62 63 62 60 60 59 59 58 59 58 58
    56 71 71 73 73 69 68 67 66 66 67 69 69 65 63 66 69 69 71 72 68 66 62
    62 62 63 59 60 59 57 59 57 60 62 63 63 64 65 62 63 63 68 69 69 69 69
    69 68 70 72 74 71 69 68 67 67 68 69 70 68 65 64 64 62 63 61 61 61 61
    61 63 64 63 64 64 66 66 64 63 63 62 63 65 65 64 63 65 66 67 65 63 62
    61 59 58 59 57 57 56 57 57 59 62 66 64 62 62 62 63 63 64 61 62 61 64
    66 66 67 64 63 62 64 62 63 62 61 62 60 62 64 66 67 68 67 68 67 70 72
    73 73 71 74 74 74 71 72 71 68 67 67 67 63 62 58 62 61 61 62 62 61 62
    63 65 68 66 66 64 64 64 65 65 64 64 63 64 64 66 68 68 66 67 69 67 68
    67 64 66 64 63 62 61 59 63 61 63 66 64 66 68 68 69 69 65 64 63 62 60
    59 59 60 60 58 61 63 64 65 68 70 70 69 72 74 73 73 70 70 67 65 62 61
    58 58 59 60 58 59 60 61 63 66 65 64 63 61 63 62 63 61 61 60 61 61 60
    60 59 60 59 72 72 72 72 68 68 67 66 65 66 67 67 65 63 66 69 68 70 71
    68 66 63 63 65 65 61 62 60 59 61 58 61 62 63 64 65 65 62 62 63 67 69
    69 69 69 69 68 71 74 75 71 69 68 66 66 66 67 68 65 63 64 63 60 62 60
    61 61 62 63 65 66 65 65 65 66 66 66 64 63 62 61 63 64 66 64 65 65 65
    63 63 63 61 60 58 58 56 57 57 59 60 62 64 67 66 65 65 65 65 64 65 62
    63 62 65 66 67 68 66 65 63 64 63 64 63 62 62 59 61 63 65 67 67 67 68
    67 69 71 71 71 68 71 72 72 69 70 70 67 66 67 67 63 62 59 61 62 61 61
    62 62 62 63 65 68 66 66 65 66 67 67 68 67 67 65 66 66 65 67 66 65 65
    67 64 65 64 61 63 61 60 60 59 57 61 60 64 67 65 67 67 67 67 67 63 62
    60 58 57 56 56 58 60 58 60 62 63 65 67 70 70 69 71 73 72 73 71 71 68
    66 64 62 59 60 61 61 59 59 60 61 63 66 66 64 64 63 66 65 65 64 64 64
    64 65 65 64 63 64 63 69 69 70 71 66 65 65 64 65 65 67 68 66 63 66 69
    67 69 69 66 65 61 60 63 63 61 63 63 61 63 61 64 65 66 66 66 67 62 63
    62 66 68 68 68 68 69 68 71 72 73 70 69 67 65 64 64 65 67 64 62 63 61
    61 63 63 63 62 64 65 67 68 67 66 67 68 68 68 65 64 63 63 64 66 67 66
    67 68 67 66 65 64 63 62 59 59 57 57 58 59 60 62 63 64 64 63 63 62 63
    63 63 60 61 61 63 64 64 66 64 63 61 62 62 63 62 61 62 60 63 65 67 68
    68 67 68 67 68 70 70 70 68 70 71 72 70 71 71 68 66 68 68 65 64 60 63
    63 61 63 63 61 61 63 64 67 65 65 65 65 66 66 67 66 67 65 65 66 66 69
    67 66 66 67 63 63 62 59 60 58 57 59 58 55 59 58 62 65 63 65 65 64 64
    66 63 62 60 58 57 56 56 58 58 56 57 60 63 64 67 69 70 69 72 73 72 73
    71 70 67 66 64 62 58 61 61 60 60 59 61 61 63 65 66 65 65 65 66 66 65
    64 64 65 64 64 64 64 64 66 65 67 67 69 69 66 64 64 64 65 65 67 68 66
    64 68 71 68 68 68 65 63 61 60 63 63 61 62 62 61 64 63 65 66 65 64 65
    65 62 63 62 65 67 66 67 68 68 68 70 71 72 69 67 67 65 64 63 64 67 66
    64 66 65 65 66 66 67 67 66 68 70 70 67 67 67 67 68 67 64 62 62 61 63
    65 66 65 65 67 67 66 66 65 65 63 60 61 59 60 60 60 61 62 63 65 64 64
    64 62 64 63 62 60 62 62 64 66 67 68 66 66 64 64 63 65 64 63 64 61 64
    66 67 69 68 67 68 66 67 70 69 69 69 71 71 72 70 71 71 67 66 66 66 63
    63 59 62 62 60 62 61 60 61 62 64 67 64 65 65 65 66 66 66 65 65 64 64
    63 64 66 65 65 66 67 62 64 64 62 62 60 59 60 59 58 63 61 64 67 66 69
    68 67 67 67 64 62 61 58 57 55 56 58 59 57 58 61 63 66 68 70 71 71 73
    74 73 73 70 68 66 65 63 60 56 58 60 59 58 58 61 61 62 65 66 65 65 64
    66 65 64 64 64 64 64 64 64 65 64 66 65 67 67 69 69 65 64 64 64 65 64
    66 68 66 64 68 70 67 67 67 65 63 60 60 63 63 61 63 62 61 64 64 65 67
    66 66 66 67 64 64 64 65 66 66 67 66 68 68 69 70 70 67 67 66 63 63 63
    64 67 66 65 67 66 65 67 67 66 67 66 68 69 69 65 66 66 66 66 65 64 61
    60 60 61 63 63 61 62 62 61 61 61 61 61 59 57 57 55 56 56 57 57 58 61
    61 62 64 63 63 66 64 64 62 62 64 65 66 68 68 66 66 63 63 62 62 63 62
    63 61 64 66 68 71 70 69 68 66 66 68 67 67 66 67 69 69 68 69 69 66 65
    65 66 63 63 59 61 63 62 63 61 60 60 61 63 67 63 65 64 64 67 66 67 66
    66 64 64 64 65 66 65 66 66 67 63 64 65 62 61 59 59 59 58 57 62 60 61
    66 65 67 67 65 63 64 60 60 59 54 54 52 53 54 56 56 57 60 62 65 67 69
    70 70 72 72 71 70 69 67 65 65 64 62 60 61 62 62 61 60 62 62 63 64 65
    63 63 62 64 64 64 64 64 64 64 64 64 64 63 64 63 64 64 66 67 63 62 62
    63 64 63 65 67 65 64 67 69 66 65 64 64 63 61 59 61 62 60 62 62 63 65
    63 65 67 65 65 66 66 62 60 60 63 64 64 65 65 66 67 67 69 69 66 66 64
    60 62 61 62 64 63 62 63 62 61 64 62 62 63 63 65 68 68 65 66 66 66 66
    64 63 61 59 59 61 63 63 61 63 63 63 63 63 63 63 61 59 60 59 59 58 8
    31 64 106 80 60 85 110 67 87 91 9 107 11 29 79 35 115 71 37 124 99
    83 69 22 27 6 103 101 31 87 37 61 85 73 33 96 48 13 22 22 25 65 44
    32 58 65 74 77 44 7 106 52 17 99 98 91 124 89 0 119 2 22 18 103 64
    65 64 65 68 67 69 69 69 68 67 66 67 67 65 66 66 66 62 62 63 60 60 58
    57 58 57 56 60 60 61 66 65 66 66 64 61 64 60 59 58 54 56 55 56 58 60
    59 62 64 65 68 68 70 69 69 70 71 69 69 69 67 66 66 64 63 61 62 63 63
    62 62 63 64 66 66 68 65 65 61 63 64 64 64 64 64 63 64 65 67 67 66 65
    66 66 67 68 64 62 63 64 64 63 65 67 64 62 65 66 63 62 60 60 59 57 56
    58 58 57 58 60 62 63 62 64 66 65 66 67 67 65 63 63 65 66 66 67 66 67
    66 67 67 68 65 64 63 60 62 62 63 65 64 62 63 61 60 63 62 61 62 62 65
    68 68 67 67 68 67 67 64 64 62 60 59 60 63 61 60 62 63 63 64 64 64 64
    62 62 61 61 61 59 96 126 107 59 21 116 93 58 1 28 81 14 23 45 40 34
    58 29 95 32 90 15 102 14 66 15 123 84 121 96 60 117 71 77 90 58 35
    35 63 22 58 39 97 66 68 67 2 104 95 40 89 80 2 16 118 45 8 70 55 79
    27 35 107 28 38 63 64 64 65 68 66 69 69 69 69 67 65 65 64 63 63 64
    65 61 60 61 61 62 61 60 61 60 58 61 61 62 65 63 64 64 62 60 62 60 59
    58 53 55 55 55 56 57 56 59 60 62 64 64 66 65 65 67 68 67 68 67 67 65
    66 65 65 63 64 64 63 63 60 63 62 64 64 65 64 63 60 61 62 61 62 62 61
    60 60 60 62 62 62 61 66 66 66 67 62 61 64 65 64 62 63 66 63 61 63 65
    63 60 60 60 60 57 58 60 60 59 59 60 62 64 63 65 66 66 67 68 70 67 65
    66 68 68 67 67 67 67 65 66 66 65 62 62 61 58 59 59 61 63 61 60 61 59
    59 60 60 59 61 60 63 67 66 64 65 66 66 65 63 63 61 58 58 60 63 62 61
    62 64 64 65 66 66 66 64 63 63 63 62 60 108 123 45 7 124 41 6 76 55
    54 99 100 99 47 80 9 118 104 71 78 95 100 97 59 122 8 4 127 118 70
    91 37 34 94 6 27 82 27 64 117 10 31 117 34 126 59 110 8 38 66 18 24
    35 85 114 27 65 7 10 97 119 75 106 3 53 63 65 65 67 69 66 69 69 69
    68 66 63 63 61 60 60 61 62 58 57 59 59 61 61 61 63 61 59 62 62 63 66
    64 64 64 62 58 61 59 58 55 52 52 53 53 54 56 55 59 60 62 64 64 64 63
    62 63 64 63 63 62 63 63 65 65 66 66 67 67 66 65 63 66 64 65 67 67 65
    64 63 63 63 62 62 62 60 60 59 60 61 63 62 62 66 66 65 65 62 61 63 64
    65 63 63 65 63 63 66 67 66 64 63 64 63 61 62 64 63 61 61 63 65 67 67
    69 69 67 68 69 70 67 64 64 65 66 66 67 67 66 64 65 67 66 63 62 61 58
    59 59 60 62 60 58 60 58 58 59 59 59 62 61 64 66 66 66 66 68 68 67 65
    64 61 60 58 60 63 61 60 61 64 65 67 68 69 68 67 67 67 67 64 63 8 56
    56 10 115 26 79 88 66 86 84 26 81 100 12 91 1 68 90 23 127 23 97 15
    54 62 76 67 13 123 94 121 50 87 60 104 98 8 105 21 71 30 61 43 39
    100 43 112 64 22 20 66 79 67 54 92 39 55 1 60 99 80 4 0 80 60 62 62
    64 68 66 70 70 70 68 67 64 64 64 63 62 61 62 58 59 60 59 61 60 60 63
    62 60 64 64 65 69 68 69 68 66 62 66 63 62 58 55 56 56 56 58 59 57 60
    60 63 65 63 63 63 62 63 64 63 64 63 64 64 67 66 65 65 67 66 64 63 60
    62 60 61 62 62 60 60 59 60 61 60 62 62 62 62 62 63 64 65 65 66 66 66
    66 65 62 61 64 64 66 64 63 65 63 64 67 67 67 65 62 63 63 60 60 62 61
    61 59 61 63 65 66 68 68 67 68 69 71 68 66 66 66 68 67 68 67 67 64 66
    67 66 63 62 61 60 60 59 60 61 60 58 61 60 61 60 59 59 61 61 62 65 63
    63 63 66 67 67 65 65 63 62 60 61 63 60 59 61 63 64 64 66 67 67 66 67
    68 68 67 66 43 102 4 64 30 28 120 125 85 29 35 15 46 34 109 54 104 3
    119 92 22 13 86 115 105 84 1 92 56 5 50 42 16 14 122 17 112 32 16 6
    2 119 74 2 86 61 114 79 1 9 49 51 0 57 97 73 106 53 28 93 81 28 37
    90 54 61 64 64 67 69 68 71 71 70 69 68 65 64 62 62 62 62 63 59 60 61
    60 63 63 63 65 64 62 66 65 65 69 67 68 67 64 61 65 63 63 59 56 57 56
    58 59 62 59 62 63 66 67 66 66 65 64 63 64 64 64 63 63 64 66 66 66 66
    67 66 65 63 61 63 61 62 63 62 60 59 58 59 61 59 62 62 62 64 65 66 69
    70 71 71 66 66 66 65 62 62 64 65 65 64 62 64 61 63 67 68 66 65 63 64
    63 62 62 63 61 59 59 60 63 65 66 68 69 67 69 70 72 69 67 67 68 68 68
    68 67 67 64 65 66 66 62 62 60 60 60 59 60 61 59 57 60 59 61 60 59 59
    61 61 62 64 63 63 64 67 68 68 66 65 63 62 61 62 62 59 58 59 60 62 62
    64 65 65 65 66 67 68 67 66 0 39 116 53 25 29 3 68 37 17 19 66 87 3
    20 121 20 60 60 114 73 36 16 18 105 27 53 40 101 105 3 41 81 51 61
    17 74 106 35 110 34 116 29 63 113 22 9 102 18 61 11 64 89 9 111 101
    78 8 44 123 71 40 2 6 110 66 67 67 70 71 69 72 70 69 67 66 63 63 61
    62 61 61 61 57 57 59 57 60 60 59 61 60 59 61 62 62 66 65 65 64 63 59
    63 61 60 57 55 55 55 56 58 60 58 61 63 65 67 66 66 65 64 65 66 66 65
    64 64 67 68 69 69 69 70 69 69 68 66 67 65 66 67 66 64 64 61 61 62 61
    64 65 64 66 66 67 69 72 72 71 67 67 67 67 65 63 65 65 66 64 62 64 62
    63 65 68 67 66 64 65 64 63 63 64 62 60 60 61 63 64 64 68 67 65 66 68
    69 67 64 64 65 65 65 65 65 65 62 63 64 66 63 62 61 62 61 61 63 64 62
    59 61 60 62 61 60 59 61 61 62 64 63 62 64 67 68 68 64 63 62 61 60 61
    61 57 57 58 60 61 62 63 65 65 65 67 68 69 69 67 118 74 75 103 84 23
    66 44 9 23 17 76 8 125 49 40 121 47 32 0 26 60 126 2 43 60 45 101
    115 25 95 56 47 5 24 4 52 118 49 41 49 53 58 88 54 68 90 93 56 73
    113 33 70 51 13 111 32 76 81 27 30 34 50 95 84 67 68 67 70 70 68 69
    66 66 63 63 60 59 57 58 59 59 60 56 57 59 57 60 61 60 62 60 60 62 62
    63 67 64 65 64 64 61 63 62 61 58 56 57 57 58 57 59 59 62 65 66 66 66
    66 65 66 67 68 67 66 65 66 67 68 69 68 68 69 67 68 68 66 68 67 65 67
    66 65 65 62 61 62 62 64 66 64 65 64 64 66 68 67 66 68 68 68 66 65 63
    65 65 66 63 60 63 60 62 64 66 66 65 64 66 67 66 68 68 66 64 63 64 67
    67 66 68 66 64 65 67 69 66 63 63 63 64 65 64 65 64 60 62 64 65 63 62
    61 63 62 62 64 65 63 61 64 63 63 61 59 59 61 60 60 61 60 59 62 65 67
    66 63 63 62 62 61 62 61 56 55 56 58 59 60 62 64 64 64 67 68 69 68 66
    36 41 2 70 54 101 8 10 22 122 118 59 87 106 45 40 85 125 23 80 69 12
    22 91 1 110 96 60 28 74 6 54 101 68 120 35 98 82 96 70 103 109 83
    124 117 41 73 74 5 69 95 100 63 24 4 45 54 118 22 9 33 25 9 34 16 68
    68 67 71 71 69 70 68 68 66 65 63 62 58 60 60 59 60 56 58 59 59 61 62
    61 61 60 62 64 64 64 68 65 66 65 65 63 64 62 61 59 56 58 58 60 60 61
    61 65 66 68 68 67 68 66 66 67 68 67 66 65 66 67 67 67 66 67 68 67 68
    67 67 67 67 67 69 68 65 66 62 61 61 62 64 66 63 64 63 63 64 67 65 65
    71 71 70 67 66 64 66 65 65 62 59 60 58 60 62 64 64 65 65 66 67 66 68
    68 67 65 65 65 68 67 67 70 68 67 67 69 70 67 63 64 64 65 66 66 66 65
    62 64 67 67 65 63 61 62 60 61 62 62 61 59 62 61 62 60 60 59 61 61 61
    62 60 60 62 66 68 67 63 62 61 62 62 63 62 57 55 57 59 61 62 64 65 65
    65 67 68 68 66 65 111 97 125 47 66 36 90 26 104 127 40 64 99 89 28
    96 75 54 92 94 96 2 66 113 97 54 65 18 76 82 24 87 112 113 91 97 72
    21 76 54 1 17 38 7 17 83 114 92 69 124 101 98 12 46 43 15 10 80 46
    58 0 75 68 114 63 68 67 66 70 69 66 68 67 66 66 64 63 63 61 61 61 59
    60 56 56 58 56 59 60 59 60 60 61 62 63 64 68 64 64 64 63 61 62 61 61
    59 57 59 59 62 61 62 61 65 66 67 67 65 67 65 65 66 66 65 64 64 66 66
    66 67 67 69 70 69 70 70 67 69 68 68 70 68 66 66 63 62 64 66 69 70 67
    68 67 66 68 70 67 67 71 71 71 69 67 66 67 67 66 64 61 62 59 61 63 64
    65 65 64 66 66 65 68 67 66 63 64 65 67 65 65 68 66 66 66 69 71 68 65
    65 67 69 70 70 71 69 65 66 69 69 67 63 62 63 60 62 64 64 63 61 64 62
    63 61 61 60 61 61 61 62 60 62 62 65 67 66 64 62 61 62 62 62 63 59 57
    59 61 63 65 67 67 67 66 69 71 70 68 67 104 90 14 31 40 116 121 3 126
    58 77 51 97 94 85 41 28 83 117 59 87 35 96 13 69 104 125 108 122 4
    72 70 28 57 119 112 10 17 22 14 18 18 29 17 60 58 13 43 114 51 51
    114 122 99 83 56 52 13 122 17 104 122 75 111 119 67 67 66 69 68 65
    67 65 66 65 63 63 63 60 60 60 60 60 57 56 57 56 60 61 61 62 61 63 64
    65 66 68 65 63 62 62 61 61 61 61 60 59 60 62 64 65 65 64 67 68 67 67
    66 67 66 65 66 67 66 65 65 67 67 67 66 65 67 67 67 68 68 66 68 66 69
    71 69 68 67 64 62 63 64 67 67 65 67 66 66 69 72 71 70 69 69 70 68 65
    64 66 65 66 64 60 61 59 60 62 65 66 67 65 67 67 67 70 69 67 65 66 66
    67 67 68 70 68 69 69 70 72 70 68 68 69 70 70 70 72 70 66 67 69 68 66
    63 61 63 60 62 64 64 64 63 65 65 66 63 62 62 63 64 63 64 62 63 64 66
    68 68 65 62 62 62 62 61 62 58 57 58 60 63 64 65 66 68 66 69 70 69 67
    66 74 96 56 47 37 51 110 97 43 57 119 13 64 15 111 54 116 94 47 14
    82 30 108 8 39 109 21 110 16 72 76 72 107 35 10 43 96 66 90 96 104 3
    42 39 90 42 46 90 79 18 32 67 16 35 85 99 57 63 106 52 73 102 15 75
    61 66 67 66 69 66 63 65 65 65 64 62 62 62 60 62 62 61 61 59 58 59 57
    60 60 60 62 60 61 63 64 65 66 64 64 62 62 61 60 60 61 60 60 61 61 63
    62 62 63 65 66 66 65 64 65 65 64 66 67 66 64 64 67 67 68 67 65 67 68
    68 69 69 67 68 67 68 72 69 68 67 64 62 62 62 65 65 63 65 63 64 65 68
    68 68 68 68 68 67 65 63 65 64 64 62 60 62 60 62 64 68 68 69 68 69 70
    69 72 72 70 68 69 68 69 67 67 69 68 67 66 68 69 66 64 66 67 67 68 67
    70 68 64 65 68 67 65 62 60 61 58 59 61 62 61 61 64 65 67 64 64 64 65
    64 64 64 61 61 61 63 66 65 63 61 59 60 61 61 61 58 56 57 58 61 63 65
    64 66 65 67 70 69 68 66 52 61 20 14 69 21 87 45 107 82 24 97 98 93
    68 1 15 120 91 103 11 45 30 79 92 106 94 54 17 42 48 115 78 119 91
    67 51 1 32 14 72 64 102 126 77 96 123 107 115 101 70 78 59 72 88 92
    82 106 36 76 110 92 69 52 91 65 66 66 69 65 62 64 63 64 63 61 61 61
    59 61 61 61 60 58 57 59 56 59 60 60 61 60 63 65 65 67 67 64 64 62 62
    61 59 57 59 59 61 63 63 65 65 65 66 69 70 69 68 67 68 67 67 68 68 67
    65 65 67 67 68 67 64 67 68 69 70 69 68 70 70 71 75 72 72 70 67 65 65
    66 67 66 64 65 63 66 67 70 69 68 66 66 68 67 65 63 65 64 63 63 61 63
    60 62 65 68 69 70 69 71 71 71 73 72 71 68 69 68 69 66 67 68 68 67 65
    68 68 65 63 64 65 65 65 65 67 65 63 63 66 66 64 62 61 62 59 60 61 64
    63 62 65 66 68 65 64 64 64 63 64 63 61 60 59 61 63 62 60 59 57 58 59
    58 59 55 55 58 58 60 62 64 63 64 63 66 69 68 67 65 59 70 6 125 43
    122 79 13 119 60 71 116 103 80 14 36 106 98 62 116 5 83 43 49 97 22
    96 100 24 39 113 67 74 99 122 118 79 81 123 117 54 32 28 118 76 50
    123 125 106 11 86 80 13 45 93 53 37 91 124 103 70 90 44 114 120 67
    66 65 67 64 62 63 63 65 63 62 64 63 62 64 65 64 63 59 59 60 57 59 59
    59 59 59 60 64 64 65 66 63 63 62 62 61 60 59 61 64 65 67 68 69 69 68
    70 71 73 71 70 68 68 68 69 71 69 68 66 65 67 67 66 65 62 64 65 67 67
    67 65 68 68 68 73 69 69 66 63 61 62 63 64 64 63 64 63 65 67 69 69 66
    68 68 68 68 67 65 66 65 64 63 62 64 62 64 65 67 67 68 67 68 68 67 69
    68 68 65 66 66 66 64 63 66 66 64 63 66 67 65 64 65 67 65 65 65 68 66
    64 65 66 65 64 63 63 65 61 63 64 65 64 64 66 68 69 67 65 64 64 63 65
    64 63 61 61 62 63 63 61 61 59 60 61 61 61 58 59 62 62 63 65 66 64 65
    65 67 68 67 66 64 102 114 20 2 41 83 33 103 25 58 50 73 67 66 77 6
    97 104 79 115 64 81 64 5 120 56 33 53 20 84 62 28 104 122 101 43 108
    18 26 7 12 10 77 46 127 61 96 108 103 110 4 24 82 55 1 40 55 65 22
    77 5 29 65 102 72 69 68 68 71 68 65 64 63 64 62 61 63 62 61 62 63 63
    64 61 60 63 60 61 61 61 60 60 61 63 63 63 63 61 61 60 59 59 57 55 58
    61 63 64 64 66 65 65 67 69 72 69 69 68 69 69 69 71 70 69 67 66 67 67
    64 64 62 63 64 66 67 67 67 69 71 71 75 72 72 68 65 62 62 63 64 64 63
    64 62 65 66 69 69 68 67 67 68 69 68 66 67 65 63 62 61 64 61 61 61 64
    64 64 64 67 66 65 68 68 69 65 66 66 65 62 62 63 63 62 60 63 63 62 62
    64 65 64 63 63 67 65 64 64 67 65 64 63 63 65 61 63 65 67 65 65 66 68
    68 66 66 66 65 64 66 67 65 63 62 62 63 62 60 59 56 57 58 59 59 58 58
    60 61 61 64 64 63 63 64 65 66 65 64 63 98 20 36 32 124 86 113 113 30
    20 96 24 88 66 113 62 32 56 101 25 44 59 22 52 9 2 2 6 77 48 54 110
    3 106 50 118 51 49 21 61 36 96 56 97 60 39 76 48 74 62 126 24 80 77
    66 25 127 87 30 99 31 36 70 122 31 70 69 68 70 68 65 64 63 65 62 60
    62 62 62 63 64 64 65 62 60 63 61 61 61 61 60 59 59 61 61 60 60 59 58
    58 58 58 57 56 58 61 63 65 66 66 66 65 67 69 73 70 69 68 69 69 69 71
    71 69 66 67 67 68 65 64 62 64 65 67 67 67 66 67 69 70 73 70 70 68 65
    63 62 63 63 62 61 62 59 62 62 64 64 62 64 64 64 65 65 65 65 63 62 62
    62 65 64 63 62 64 65 66 65 66 66 66 68 68 69 67 67 67 68 64 63 65 64
    62 61 64 64 62 61 64 64 62 62 64 67 64 63 65 67 64 65 64 64 66 63 64
    66 67 66 66 67 68 68 66 65 66 64 62 63 65 64 63 62 62 63 61 60 61 58
    57 56 57 57 57 58 61 61 61 63 64 64 64 64 64 65 63 63 62 123 103 76
    37 116 31 64 93 34 88 25 3 72 122 125 103 87 70 60 62 25 101 32 90
    53 16 11 7 12 37 63 54 30 17 74 36 104 50 77 43 28 62 107 9 3 21 105
    55 115 98 63 28 123 35 49 119 107 42 105 35 66 43 30 62 110 67 67 67
    70 67 66 63 62 64 63 61 61 62 61 62 63 64 65 62 61 64 63 63 63 63 63
    63 61 64 62 60 60 58 57 57 56 57 55 55 59 64 65 68 68 69 69 67 69 71
    73 71 70 68 70 69 69 69 70 66 64 64 65 65 62 61 60 62 63 65 65 65 64
    66 68 69 72 70 71 68 64 63 62 63 61 60 59 59 56 58 59 59 60 58 62 62
    62 63 63 63 62 61 61 60 61 63 63 62 60 62 63 64 62 65 64 65 67 67 68
    67 67 67 68 64 65 64 64 62 61 63 63 62 62 64 65 63 64 66 68 66 67 66
    69 64 63 64 64 65 63 63 63 64 63 64 66 66 66 63 63 65 64 62 63 64 63
    61 60 60 61 59 58 59 56 57 56 57 59 59 58 62 61 63 65 65 64 64 64 64
    66 65 64 63 113 90 43 98 105 73 48 94 47 21 108 3 125 107 108 9 11
    104 2 14 52 79 95 23 118 51 18 3 40 21 35 7 54 99 54 29 33 49 83 110
    71 57 51 93 91 108 110 17 7 114 74 43 43 42 119 48 82 25 11 99 119
    118 57 81 86 66 67 66 68 66 64 62 62 65 65 62 64 65 65 66 66 66 66
    63 61 64 63 63 62 62 63 64 63 64 62 60 60 59 58 58 55 56 55 55 59 64
    65 67 67 69 70 69 70 72 74 71 71 68 70 69 67 67 67 63 62 62 62 63 59
    57 57 59 59 62 62 62 61 63 65 68 70 68 69 66 63 61 61 61 60 58 58 58
    56 59 60 60 62 60 59 59 60 61 61 62 62 62 63 62 62 65 64 63 61 62 64
    65 63 66 64 65 65 65 67 66 66 65 66 63 63 64 64 63 61 63 63 62 62 64
    65 62 63 66 68 66 67 68 69 66 65 66 66 66 65 65 64 65 65 65 67 67 68
    64 64 66 65 64 64 66 66 65 63 63 64 61 61 62 60 60 58 59 59 61 59 63
    62 63 64 66 65 65 66 65 67 65 64 64 15 74 45 34 2 109 73 118 80 90
    40 109 69 51 5 62 42 111 15 32 54 40 55 50 82 120 67 68 86 108 55 31
    107 65 112 19 120 86 78 65 11 42 52 69 11 22 3 69 114 104 113 64 122
    20 30 25 28 26 61 72 99 7 9 58 88 64 65 65 68 65 63 62 61 64 63 61
    61 62 63 63 64 64 65 62 60 63 61 63 63 62 63 64 63 63 63 61 61 60 59
    59 56 56 55 57 60 65 66 66 67 67 68 67 68 70 71 68 67 66 66 67 66 66
    67 62 61 61 62 62 60 57 57 59 59 61 61 60 61 64 65 68 70 67 69 66 63
    64 63 62 61 60 60 62 60 64 66 65 67 66 57 57 58 60 60 62 64 64 65 64
    63 66 65 63 62 61 62 62 59 62 61 62 61 61 63 63 63 63 65 62 62 63 64
    63 62 63 64 63 62 64 65 61 62 65 67 65 66 66 68 65 65 67 66 68 66 65
    65 65 64 64 64 65 66 61 60 63 61 60 60 62 63 61 59 59 60 57 59 61 61
    59 56 58 58 61 60 63 61 61 61 64 63 63 64 63 64 64 63 63 63 78 75
    117 99 109 127 24 97 41 100 51 61 86 92 24 124 55 77 43 14 76 65 31
    95 4 98 106 12 108 107 31 77 122 101 127 70 29 3 85 26 62 90 51 40
    13 18 87 122 62 112 66 67 43 50 4 116 78 81 52 54 49 79 84 14 64 66
    65 67 66 66 66 64 67 66 64 64 64 65 65 65 65 66 63 63 64 63 65 63 63
    64 64 63 63 61 60 60 59 59 59 57 57 56 58 61 65 66 66 67 66 67 65 68
    68 70 68 67 65 64 67 66 67 66 64 62 61 62 63 61 57 57 58 58 59 60 60
    61 62 64 67 69 67 69 66 62 62 61 60 59 57 58 59 58 63 65 65 68 66 58
    58 58 59 60 63 63 63 65 65 64 66 66 63 61 61 62 63 60 62 61 62 61 61
    63 65 64 65 66 64 64 66 66 66 65 64 64 63 62 63 63 59 61 63 65 63 64
    66 68 65 65 67 67 68 66 66 64 62 62 61 61 63 63 58 58 61 60 60 59 62
    63 61 59 60 60 57 59 62 62 60 57 58 59 60 61 64 63 62 63 65 65 64 65
    65 65 63 63 64 91 54 87 2 96 101 50 31 99 40 67 78 57 8 87 3 89 113
    50 37 72 47 67 49 104 68 55 37 75 126 76 102 83 100 54 70 80 64 40
    68 15 43 106 35 69 91 71 120 111 52 53 87 85 103 0 4 32 43 114 106 5
    34 4 113 113 67 67 65 67 65 65 64 63 65 65 64 63 64 65 65 66 64 65
    64 63 63 62 64 61 61 63 64 62 62 61 59 61 60 61 61 58 59 59 61 64 67
    68 68 69 68 69 67 68 68 70 70 67 66 65 66 66 67 66 64 62 62 63 64 63
    59 60 61 61 61 61 60 61 61 62 65 67 65 66 64 62 62 61 61 61 59 59 59
    59 63 64 62 64 63 58 58 56 58 60 63 64 64 66 66 66 68 68 67 64 62 63
    62 60 62 61 60 60 59 62 63 61 63 64 62 62 64 63 62 61 61 61 61 58 61
    61 57 60 62 62 61 63 65 68 65 65 66 66 68 65 65 63 61 61 60 61 62 62
    58 60 62 61 59 58 60 61 59 57 57 57 53 56 61 62 60 57 59 60 62 61 65
    63 61 61 63 63 61 63 62 63 63 63 64 80 108 66 55 87 50 126 67 18 90
    53 109 31 119 1 19 121 11 76 63 124 16 116 75 69 108 78 69 28 45 66
    116 74 10 65 77 122 106 46 37 65 44 68 104 81 92 33 12 40 124 48 34
    6 32 4 116 92 33 41 120 58 107 66 97 99 68 67 65 67 66 65 64 63 65
    66 65 65 65 67 66 66 65 66 65 65 65 64 66 64 65 66 66 64 63 61 60 63
    62 62 62 60 61 61 63 66 69 68 67 69 68 69 68 69 70 72 71 70 69 67 69
    68 68 67 65 63 62 63 64 61 59 59 59 59 59 59 58 60 60 62 65 66 65 66
    65 62 63 61 61 61 59 59 59 59 61 62 60 62 62 58 58 56 58 59 63 64 64
    67 66 66 67 68 65 65 61 61 61 58 61 60 60 60 60 62 63 62 64 65 63 63
    65 64 63 63 63 64 64 61 62 61 57 59 62 62 61 63 65 68 66 66 67 68 70
    67 68 65 63 62 62 62 63 61 56 59 61 61 58 57 59 61 59 58 59 58 54 58
    62 63 63 59 61 62 65 65 68 67 65 64 64 65 63 63 61 62 60 60 62 31 44
    49 98 68 81 0 127 2 34 58 33 32 87 23 71 49 36 1 0 67 106 86 50 119
    92 26 30 121 1 57 107 66 42 22 59 32 111 114 85 81 109 26 47 63 109
    53 61 28 22 35 38 115 63 93 49 26 126 114 44 56 46 52 66 10 70 69 66
    69 68 67 66 64 66 67 66 66 66 68 66 66 64 66 65 66 65 64 66 64 65 66
    65 63 62 60 59 62 62 61 61 58 61 61 64 66 67 66 64 66 66 67 66 67 68
    70 71 70 69 68 69 68 68 67 65 63 62 63 64 61 59 60 60 60 59 61 59 60
    60 61 63 64 63 63 62 59 61 60 60 60 59 60 60 61 63 64 62 64 65 59 59
    57 59 60 64 65 66 69 68 68 68 70 66 65 60 61 61 58 60 60 60 59 60 61
    63 63 63 65 63 62 64 63 62 62 62 64 65 63 63 62 58 61 63 63 63 64 66
    69 66 66 68 67 70 68 67 64 62 62 62 63 64 63 58 61 64 63 62 59 61 62
    61 60 61 60 57 61 63 63 64 59 60 62 65 64 67 66 65 65 64 67 65 65 63
    63 61 60 62 9 60 41 73 32 96 4 35 15 2 70 122 85 79 95 41 6 49 96 83
    67 32 107 121 9 5 54 43 67 82 36 45 39 90 117 108 58 116 87 120 65
    30 76 57 59 7 125 7 9 61 25 25 34 83 17 2 96 20 57 101 90 105 97 58
    22 69 68 66 68 66 66 65 63 65 66 65 64 64 65 64 64 62 65 66 66 65 65
    68 67 67 69 69 67 64 62 62 63 62 61 61 60 62 62 65 67 66 65 63 65 64
    65 64 64 66 67 69 69 68 67 68 68 67 67 64 62 63 63 63 61 59 59 59 59
    59 61 59 61 61 63 65 65 65 65 64 62 64 63 63 63 63 63 63 64 66 66 63
    64 65 56 56 55 57 58 63 64 66 69 68 67 67 69 65 64 60 61 61 59 62 63
    62 61 62 63 65 65 64 66 64 63 65 64 64 63 63 64 65 63 64 62 59 62 64
    63 62 63 65 68 65 64 65 65 67 66 66 64 61 61 61 63 62 62 56 60 63 62
    61 57 58 58 57 57 58 56 54 58 58 61 62 58 60 62 65 64 65 65 64 63 63
    67 65 63 63 64 62 61 64 29 67 117 83 44 42 124 22 24 62 6 51 17 64
    28 56 110 20 88 44 56 106 115 75 38 111 43 68 40 39 51 32 30 16 24
    97 70 62 77 113 116 86 123 77 56 85 124 105 70 89 90 51 51 31 18 37
    69 83 76 97 107 125 61 121 101 68 66 64 66 64 64 63 61 63 64 63 62
    62 62 62 61 59 62 62 63 62 63 65 65 65 67 67 65 62 61 62 63 63 62 62
    61 64 64 66 68 67 66 64 66 65 66 64 65 66 66 68 68 67 66 67 68 67 65
    64 62 62 62 62 60 59 59 59 59 58 60 59 60 61 62 63 64 65 65 65 64 66
    65 65 65 65 65 64 65 66 66 63 64 65 57 57 56 57 58 64 64 67 70 69 68
    67 69 66 67 61 63 62 60 63 64 65 63 64 64 67 67 67 68 67 67 68 67 67
    68 66 67 68 65 65 63 61 64 65 63 64 64 65 68 65 65 67 66 66 66 65 63
    60 60 61 61 60 60 56 58 60 60 60 56 57 59 58 57 58 58 56 59 59 62 63
    58 58 61 64 64 66 66 66 66 67 71 70 68 68 68 66 65 67 108 94 37 61
    73 52 51 48 127 106 27 46 1 2 22 37 29 67 106 107 41 41 2 38 79 5
    114 55 101 25 32 16 103 93 101 47 16 51 62 1 101 79 55 6 83 53 114
    59 2 26 37 7 87 42 91 1 30 53 28 91 115 117 10 114 117 68 66 65 66
    64 63 63 62 62 63 62 62 60 60 60 58 56 58 60 61 60 59 63 63 63 66 66
    65 62 61 62 65 64 63 64 61 63 63 65 67 66 63 61 63 63 63 62 64 64 63
    65 66 65 64 65 65 65 63 62 60 59 60 60 58 57 58 58 58 57 59 58 60 61
    62 64 64 64 65 66 65 68 66 66 66 66 66 67 67 68 68 66 67 68 59 59 60
    62 62 66 67 68 71 69 69 68 68 66 66 61 61 61 59 62 63 64 64 64 64 66
    66 66 67 67 67 69 68 68 69 68 69 70 68 66 65 61 63 64 63 63 62 63 64
    63 63 65 64 64 62 63 61 59 59 60 60 60 61 57 60 62 62 62 59 59 61 59
    57 57 58 56 59 59 61 62 58 60 62 66 65 66 67 66 66 68 72 70 69 69 68
    67 65 69 71 29 63 88 56 84 114 2 102 21 17 62 40 86 15 81 88 18 64
    101 10 100 49 27 59 24 104 7 5 84 83 73 88 3 42 85 84 11 100 12 75
    60 61 72 77 88 46 11 116 37 70 16 74 2 83 59 13 126 63 110 113 96 70
    0 106 68 66 64 64 63 62 62 62 62 62 61 62 60 61 60 58 56 56 59 59 56
    56 59 60 61 65 65 65 62 63 64 66 66 65 65 63 64 64 65 65 65 63 61 63
    62 63 63 66 68 67 68 68 66 65 65 66 66 63 62 61 60 61 61 60 59 59 59
    58 57 58 58 60 62 63 65 65 64 65 66 66 68 67 66 67 68 68 70 71 72 70
    70 69 71 62 62 62 64 64 68 69 71 73 72 72 70 70 69 68 64 63 63 61 63
    64 64 64 63 64 65 64 64 65 65 64 67 66 68 69 69 72 72 69 68 66 62 63
    64 61 61 59 61 63 62 64 66 65 65 63 64 62 60 59 59 59 58 59 56 59 61
    60 60 58 59 61 61 59 60 60 59 62 62 64 65 61 61 63 67 65 66 67 67 66
    67 71 70 69 67 68 66 64 67 16 16 54 123 125 47 86 92 64 96 21 43 117
    19 42 29 113 56 10 81 99 99 85 71 9 30 61 49 15 42 23 66 102 5 60 23
    5 44 112 35 93 50 93 88 56 13 126 30 75 122 51 24 41 115 11 9 59 101
    42 111 101 107 51 88 42 68 66 64 65 63 63 62 62 62 62 61 62 60 58 59
    56 56 57 59 59 57 57 60 61 63 66 65 63 62 63 63 63 63 63 63 62 64 64
    63 63 64 62 62 63 62 62 62 65 67 67 68 69 66 65 65 67 67 64 63 62 61
    61 62 61 61 62 61 61 60 62 61 64 65 66 68 66 65 65 66 66 68 66 66 66
    66 67 70 72 73 71 71 71 72 63 63 63 64 66 68 68 68 71 71 71 68 68 67
    66 63 62 61 60 61 62 63 64 63 62 63 64 65 65 65 66 68 67 69 71 71 73
    74 73 72 69 66 67 67 65 64 61 61 62 62 62 64 63 62 61 61 61 60 58 59
    59 58 59 56 59 61 61 59 58 59 61 61 59 60 61 59 61 61 62 63 60 60 63
    66 64 65 67 66 66 66 71 69 67 65 66 65 63 67 107 28 124 91 121 0 47
    95 81 46 3 24 58 13 97 102 103 24 115 21 5 76 60 42 40 8 105 76 52
    68 16 60 40 13 100 22 101 78 53 68 122 22 119 127 55 27 57 88 88 94
    97 3 46 6 49 104 23 100 61 109 94 25 4 34 29 70 68 66 66 64 62 61 62
    62 62 61 61 59 59 59 57 56 56 59 59 58 58 60 61 63 66 65 63 61 61 62
    63 62 62 62 61 64 64 62 62 61 60 61 62 62 62 62 65 69 69 70 70 67 67
    65 67 67 64 62 61 60 60 63 61 62 62 62 61 60 61 62 63 63 64 64 63 63
    64 65 66 67 67 68 68 69 70 72 72 73 71 70 71 71 61 61 62 65 67 67 67
    67 71 72 73 71 70 68 67 65 65 65 64 64 65 66 66 66 65 64 65 65 65 64
    64 66 66 67 69 70 72 72 72 71 70 66 67 68 65 64 62 62 62 62 62 64 63
    62 61 61 61 61 61 62 63 62 62 60 63 64 64 63 61 61 63 62 62 63 64 63
    64 65 65 67 64 65 67 70 68 70 71 70 70 68 72 70 67 66 67 65 63 68 27
    81 58 119 41 67 54 85 34 127 81 57 12 21 117 73 92 26 63 48 109 14
    90 123 30 121 89 38 40 26 90 32 96 37 48 39 24 2 3 24 40 108 38 36
    82 95 21 109 61 55 107 20 97 21 83 92 22 73 101 97 9 87 92 112 94 68
    66 65 66 63 60 59 60 58 58 57 57 55 54 56 55 54 56 59 59 59 61 63 65
    65 67 68 65 63 63 63 63 61 61 62 62 64 65 62 62 62 61 62 62 63 62 62
    64 67 67 67 67 64 65 63 64 64 62 60 61 60 60 63 62 63 63 63 61 63 63
    63 64 64 65 64 63 63 64 64 65 67 66 67 67 68 69 71 72 72 69 69 69 69
    63 63 64 66 69 68 69 68 70 70 71 69 68 66 66 64 63 63 63 64 65 67 67
    67 66 64 65 64 64 62 62 62 63 64 65 67 70 70 69 69 68 65 67 67 66 64
    62 62 61 61 61 64 62 60 59 59 60 60 60 61 62 61 62 60 63 65 65 63 61
    61 63 63 62 63 64 63 64 65 66 69 67 67 69 71 69 71 71 71 70 68 71 69
    68 66 67 65 64 68 95 119 29 121 50 47 68 113 0 83 39 83 8 40 20 76
    22 14 48 74 10 30 40 63 98 18 18 88 60 30 50 82 75 46 82 2 17 13 20
    92 80 106 114 48 4 117 65 120 44 39 28 43 87 105 85 120 20 54 0 106
    2 95 13 19 93 66 64 63 65 62 60 58 59 58 57 56 58 55 55 57 56 57 59
    62 63 63 64 65 66 66 68 68 65 63 62 62 62 61 60 62 61 63 64 61 61 61
    60 61 62 62 62 61 64 67 66 65 66 63 65 62 65 65 61 60 61 61 60 61 59
    60 58 59 59 61 62 62 64 66 67 66 66 66 67 66 67 69 67 67 66 68 68 71
    71 71 69 70 71 71 69 69 70 72 73 71 72 71 71 71 71 68 67 65 65 63 62
    61 62 64 65 66 66 66 64 63 64 64 65 62 63 64 66 66 68 71 73 73 72 72
    69 66 66 67 66 65 63 63 61 62 64 67 65 62 61 60 61 60 60 60 59 59 60
    59 61 63 63 62 62 62 64 63 63 64 66 65 66 67 68 71 68 68 70 73 71 72
    73 72 71 69 72 71 69 68 68 65 63 67 119 28 114 84 120 51 73 119 54
    48 74 48 34 60 55 10 75 32 60 96 17 32 6 122 71 3 33 92 13 59 96 32
    73 114 116 70 22 66 109 18 79 37 48 3 118 55 63 57 44 8 45 91 120 91
    68 6 21 47 47 104 46 109 107 70 10 64 62 63 63 61 59 57 57 56 54 54
    55 52 52 56 56 58 59 62 62 62 64 66 66 65 66 66 65 63 62 61 59 58 58
    59 59 60 61 59 60 60 60 62 61 62 60 60 62 64 63 63 64 62 64 62 65 66
    63 62 63 64 64 65 63 64 62 63 62 64 64 63 63 64 65 63 64 63 65 64 66
    66 66 67 67 69 69 72 73 73 72 74 75 74 67 67 68 71 73 70 70 70 70 71
    71 67 65 63 61 61 60 60 61 62 63 66 65 65 63 63 63 63 63 62 62 62 64
    66 68 71 72 71 70 70 68 66 67 67 67 65 64 64 62 62 64 66 63 61 61 60
    61 61 61 61 60 60 62 60 61 63 62 62 61 62 63 64 64 64 66 65 66 67 69
    70 68 69 70 72 69 70 71 70 69 68 70 68 66 66 66 64 62 66 33 86 41
    124 72 109 60 98 22 20 94 77 26 44 79 44 65 105 100 1 54 56 51 105
    88 104 49 45 46 75 42 4 39 122 48 92 92 96 118 89 51 70 26 22 22 2
    80 88 3 50 108 127 79 24 115 15 26 16 56 60 12 34 77 116 122 62 62
    63 63 62 60 58 57 56 55 55 55 52 53 56 57 59 59 63 63 64 66 68 67 65
    66 68 68 66 65 64 62 60 61 62 62 62 61 59 60 61 60 63 62 62 60 60 62
    64 63 62 64 61 64 63 66 67 64 62 63 65 64 64 63 64 62 63 63 65 64 63
    63 65 65 62 62 60 61 62 64 64 65 65 66 68 69 72 73 73 71 73 74 72 63
    63 65 67 70 66 66 65 67 67 68 66 64 63 61 61 60 59 60 61 61 62 63 62
    61 61 61 62 62 61 62 63 64 65 66 70 71 69 68 68 67 65 67 67 67 64 63
    63 60 61 62 64 61 58 58 58 60 59 59 58 57 57 59 59 60 62 62 62 63 64
    66 66 65 65 68 66 66 67 69 69 67 69 70 71 69 70 71 70 69 68 69 67 66
    65 65 63 61 64 97 74 50 98 28 19 75 6 90 104 16 40 21 93 21 31 69
    101 44 51 121 85 33 14 69 37 15 5 89 19 93 63 64 25 114 46 122 56 24
    4 71 29 126 124 94 97 77 31 60 39 8 36 82 114 28 122 94 85 62 27 92
    76 26 53 99 60 60 62 62 61 60 57 57 56 56 55 56 54 56 57 58 60 60 64
    64 64 66 67 65 65 66 67 67 64 64 62 61 59 59 60 58 59 58 56 57 59 57
    61 60 60 60 59 62 65 66 64 65 64 66 66 68 68 64 62 62 63 63 63 62 62
    62 62 62 64 62 62 62 63 62 60 60 58 60 61 63 62 63 63 65 67 69 72 73
    71 71 73 75 74 61 61 65 67 69 65 64 63 65 65 67 65 63 62 61 61 61 60
    60 62 61 63 63 62 61 62 62 63 63 61 62 63 64 66 68 70 70 69 67 68 67
    65 66 66 65 62 62 60 59 60 62 62 59 57 57 57 58 58 59 57 56 57 58 60
    60 63 64 64 65 67 70 71 70 68 70 68 68 69 69 69 67 67 67 69 66 68 69
    69 69 68 67 65 66 64 63 62 59 62 35 69 87 84 51 54 38 84 64 100 75
    87 77 82 44 15 37 68 41 32 74 119 105 16 33 51 43 78 120 30 50 49 56
    0 100 116 14 102 127 107 59 106 14 55 79 86 58 60 121 55 78 0 0 26 1
    119 28 15 9 44 110 64 30 50 83 61 63 63 63 61 59 57 57 55 55 56 56
    54 56 58 60 61 61 65 64 64 65 66 65 64 65 66 66 62 62 60 58 56 56 57
    54 55 55 55 57 58 59 62 61 61 63 62 65 67 68 66 68 66 67 66 67 67 64
    61 60 63 62 64 64 64 63 64 63 67 65 64 62 62 61 58 58 56 58 58 61 60
    62 63 65 67 69 71 72 72 70 73 74 73 61 61 64 66 68 63 62 62 63 64 67
    65 62 60 59 61 60 58 59 60 59 60 61 61 60 60 60 62 63 61 61 62 63 63
    66 69 69 68 66 67 64 62 64 64 63 60 60 57 56 58 60 61 59 57 58 57 58
    59 59 57 57 58 57 58 59 62 63 61 63 65 67 67 68 67 69 67 68 70 69 69
    68 68 67 70 66 67 67 67 66 66 65 62 63 61 60 59 56 60 6 6 12 118 4
    106 104 116 31 71 94 35 70 112 9 35 87 94 29 52 12 88 35 7 114 14
    108 33 85 41 127 114 35 13 73 1 80 49 16 96 88 41 116 67 93 85 39
    116 90 8 88 26 89 53 74 19 58 106 118 107 98 20 1 50 15 59 59 60 59
    58 56 54 56 55 55 56 58 56 59 60 63 64 62 66 64 64 66 68 64 65 64 66
    67 65 64 62 59 57 58 58 56 57 57 57 59 60 60 63 61 62 63 62 64 66 68
    67 69 68 70 69 70 70 68 64 63 65 64 65 64 64 62 63 62 65 63 63 61 62
    62 59 59 59 61 60 63 61 62 63 64 66 68 68 68 67 66 68 68 68 59 59 61
    63 65 62 61 62 63 65 67 65 63 61 60 60 61 59 59 60 59 60 61 60 60 61
    61 62 62 60 61 61 62 64 65 68 68 67 65 65 64 63 65 65 65 62 62 60 59
    60 63 62 60 58 59 59 58 60 61 59 57 59 59 60 61 62 64 62 63 65 67 68
    69 68 69 68 69 71 71 72 70 68 67 69 66 67 66 66 66 65 64 62 62 60 59
    57 55 57 28 54 33 35 44 66 47 57 7 117 89 67 114 83 110 60 59 1 68
    19 122 80 66 116 118 25 25 96 95 94 107 27 105 45 116 7 47 97 88 88
    123 2 7 108 124 36 44 13 122 59 59 71 55 57 115 93 2 7 110 118 4 6
    117 3 42 59 58 59 58 57 56 56 57 56 57 58 59 57 60 60 63 64 62 65 66
    66 68 71 67 67 67 68 69 67 65 62 59 58 58 58 55 57 56 56 58 59 59 60
    59 60 61 58 60 62 65 65 66 65 68 68 69 69 68 64 62 63 63 63 62 63 61
    62 61 65 64 64 62 63 63 59 60 59 61 61 63 61 62 61 64 66 67 67 66 65
    64 65 66 66 61 61 64 66 66 63 62 62 63 64 66 65 62 60 60 60 60 60 60
    60 59 61 62 62 60 62 63 64 64 62 63 63 63 64 66 67 66 65 63 62 62 61
    64 64 65 62 62 61 60 62 64 62 60 59 59 59 59 60 62 60 57 59 59 60 60
    61 62 61 61 63 65 66 68 65 66 64 66 68 69 69 67 67 64 66 66 67 65 65
    64 64 63 61 62 62 58 58 56 58 35 37 53 94 77 57 34 72 79 111 73 32
    35 64 27 119 68 94 105 1 69 3 0 42 75 88 30 3 47 47 86 57 94 2 7 7
    98 35 30 120 12 80 74 9 88 5 107 20 52 90 60 22 19 11 118 92 70 101
    84 80 26 20 117 93 47 60 59 60 59 58 57 57 58 58 57 59 60 58 62 61
    64 65 63 65 67 66 69 72 68 69 68 70 70 68 66 64 61 59 58 58 57 57 56
    58 59 59 59 60 59 59 59 58 60 61 64 64 65 65 67 68 70 69 69 65 62 64
    64 64 64 65 61 61 61 64 63 63 61 62 61 56 59 59 62 63 65 64 65 64 67
    70 70 69 68 65 65 65 66 67 59 59 63 65 65 63 63 64 64 65 68 67 65 63
    63 63 63 63 63 64 61 62 61 60 59 62 61 62 62 60 61 62 62 65 66 67 65
    64 61 61 61 59 61 60 60 58 60 59 59 61 64 62 61 61 60 61 60 61 61 58
    56 57 57 58 58 59 59 58 59 61 62 62 63 60 61 60 62 63 64 64 64 65 64
    66 66 66 65 65 65 65 63 61 62 62 58 57 56 57 72 86 64 95 32 96 28 78
    36 6 11 65 12 30 28 78 103 26 112 80 65 118 100 98 110 71 94 103 119
    81 102 4 60 64 2 118 37 113 39 18 15 65 82 30 30 43 39 27 48 48 78
    26 75 83 43 12 90 86 44 24 21 96 100 46 57 59 57 59 58 58 58 58 59
    59 58 59 60 58 62 61 64 65 63 65 67 67 69 72 70 70 68 69 70 68 65 63
    60 58 57 57 55 55 55 56 59 59 60 60 60 60 62 60 61 61 65 65 66 66 69
    69 70 72 71 69 65 67 65 65 64 65 61 61 61 64 63 64 63 65 64 60 62 61
    63 64 65 64 64 62 66 68 67 66 65 62 64 63 63 63 60 60 63 66 65 64 64
    65 66 66 69 68 67 65 66 64 62 62 62 63 61 61 60 60 59 63 62 63 63 62
    62 63 62 64 66 65 65 63 62 60 60 60 62 61 61 59 59 59 60 63 64 63 63
    61 61 62 61 62 61 57 55 56 55 57 56 57 58 57 58 60 60 62 62 59 59 59
    60 61 61 60 61 61 59 62 64 63 63 64 65 66 64 62 64 65 60 60 58 59 3
    33 14 108 94 123 4 56 19 74 113 115 94 70 100 120 21 107 53 81 111
    101 27 77 67 113 51 53 21 42 99 43 124 28 58 68 26 124 92 117 4 104
    69 82 16 122 16 75 31 94 44 36 19 104 49 58 123 7 19 54 108 29 91
    102 103 61 60 61 59 59 59 58 59 59 58 58 60 59 63 61 65 66 64 66 67
    67 69 71 68 69 66 65 67 66 63 61 58 57 56 56 54 54 53 55 59 58 60 61
    61 60 63 63 65 64 67 66 67 67 69 71 71 72 71 69 66 68 67 65 65 65 63
    63 62 64 63 64 63 66 64 61 61 61 63 65 67 66 66 64 67 69 69 68 67 64
    65 64 64 64 58 58 61 64 63 62 63 63 65 65 67 67 66 64 65 63 61 62 61
    62 60 60 60 60 59 63 63 63 63 64 64 66 65 66 68 67 66 64 63 60 60 60
    61 60 59 58 59 59 60 64 66 64 65 64 64 64 63 65 63 60 57 58 57 59 59
    60 61 60 61 64 63 65 64 61 61 62 63 62 61 59 61 61 61 62 64 62 62 64
    65 67 63 62 62 63 58 58 55 56 13 59 106 59 7 66 50 87 78 58 113 21
    29 56 61 15 107 21 42 110 37 121 46 66 125 49 21 39 122 82 26 16 39
    29 10 21 79 90 20 22 66 50 12 23 79 75 17 51 80 127 28 12 110 33 92
    32 81 115 87 63 111 60 0 99 15 62 62 62 60 61 62 61 62 62 61 62 62
    62 64 61 64 64 61 63 64 64 66 68 66 67 64 63 66 65 63 62 58 56 56 57
    56 56 54 57 60 59 61 61 61 60 62 61 63 63 65 66 66 66 68 69 70 72 72
    69 65 66 66 65 65 66 65 65 63 65 64 65 64 66 63 60 60 59 61 63 66 65
    66 64 68 69 70 69 67 65 65 62 64 63 53 53 57 60 59 59 60 62 65 65 68
    70 67 65 66 64 64 65 64 64 63 62 62 62 61 65 65 64 63 64 63 63 63 65
    65 64 63 62 61 58 58 60 61 60 60 58 58 57 59 63 65 63 63 62 62 63 62
    64 63 59 58 58 57 58 58 59 60 60 60 63 61 63 63 60 60 61 62 61 60 59
    62 62 61 63 66 64 64 64 66 68 64 62 63 64 58 60 57 57 15 125 5 26
    115 68 36 7 53 21 12 35 18 63 85 70 117 110 35 0 123 15 79 81 54 58
    81 4 33 98 3 43 5 127 21 118 8 116 25 2 114 44 93 99 64 32 25 113 31
    54 92 14 102 41 38 32 88 18 8 72 48 78 107 119 45 64 65 64 62 63 65
    64 66 65 63 62 63 63 65 62 63 62 60 61 61 63 64 66 65 67 65 64 66 66
    65 63 60 59 58 58 57 57 56 57 60 59 62 63 63 63 64 64 67 68 70 71 70
    70 71 72 71 73 72 69 64 65 64 62 62 62 62 62 61 62 62 64 63 66 65 62
    62 60 61 64 67 67 67 66 69 70 71 70 67 65 64 60 62 60 56 56 60 61 59
    61 62 64 66 65 68 70 67 66 68 65 64 65 65 66 66 63 64 64 62 67 67 65
    64 63 62 64 63 65 66 63 62 62 61 59 59 59 61 60 60 58 59 58 60 63 64
    63 64 62 62 63 61 63 61 59 58 59 57 57 58 60 62 61 62 63 62 63 62 60
    59 59 59 59 58 58 61 62 61 64 67 66 66 66 67 69 65 63 66 66 60 60 59
    59 51 20 106 115 84 32 53 62 55 24 98 20 105 49 10 53 22 33 83 78 14
    112 17 125 87 55 110 65 69 93 60 95 17 26 119 29 106 75 119 69 54 25
    124 57 23 71 109 36 27 82 73 41 105 7 26 41 72 38 121 47 104 60 78
    44 1 65 65 63 61 60 63 63 65 64 61 62 62 62 65 63 63 63 61 62 62 62
    63 65 64 64 64 62 62 62 61 60 57 56 56 57 56 57 57 58 62 61 64 65 64
    63 65 65 68 69 70 72 70 70 70 70 70 71 71 68 64 63 62 60 61 62 62 62
    59 60 60 62 62 64 64 63 63 62 64 67 70 71 70 69 70 69 71 69 66 64 62
    59 61 60 61 61 63 64 61 62 64 66 67 66 67 69 67 65 68 66 66 67 66 67
    67 66 66 66 64 68 67 65 63 62 62 63 63 66 67 64 63 63 63 60 60 60 62
    60 60 59 60 60 62 65 66 64 66 64 64 64 63 64 62 61 60 60 58 58 58 60
    61 60 59 60 58 60 60 57 57 58 58 59 60 58 63 63 63 66 69 68 67 66 66
    69 63 62 63 62 57 57 57 58 65 90 64 108 9 17 56 24 78 107 37 24 106
    1 113 21 38 120 21 43 39 80 36 73 48 0 29 95 98 14 72 19 68 109 12
    66 105 87 2 11 99 60 27 35 47 63 113 59 85 14 69 117 19 0 122 6 43
    110 98 35 21 85 81 116 75 66 66 65 62 61 63 64 65 65 61 62 62 60 63
    62 63 62 60 60 61 61 63 66 66 65 64 61 62 62 61 60 57 56 58 59 58 59
    58 60 63 62 65 65 64 64 64 65 68 68 69 71 69 68 67 67 68 69 69 67 63
    62 62 61 62 63 62 62 60 61 63 64 65 68 67 67 67 66 67 68 70 71 70 67
    69 67 68 67 65 64 63 60 61 60 62 62 63 65 61 63 65 67 67 67 68 69 67
    65 67 65 64 65 66 66 67 64 65 64 64 67 66 63 61 62 61 63 64 67 67 66
    66 65 66 63 62 62 63 61 62 61 62 63 65 67 69 68 70 68 66 66 64 64 62
    62 62 61 59 60 60 60 61 61 60 59 57 58 57 55 56 57 57 59 60 59 63 63
    63 66 68 67 66 64 64 67 63 61 62 61 56 57 57 58 23 84 11 26 127 123
    74 20 27 120 41 30 95 79 104 55 65 27 19 83 54 29 53 91 44 109 10 62
    50 31 7 121 109 49 116 2 46 116 8 94 53 127 122 81 101 16 99 47 84
    16 69 120 97 4 66 123 83 2 120 47 61 124 87 81 5 66 66 67 63 62 64
    64 67 67 63 64 63 60 64 63 64 64 61 61 63 62 65 68 67 66 66 64 64 64
    63 63 61 60 61 62 61 61 61 61 63 62 64 64 62 62 62 63 65 67 68 68 68
    66 67 67 67 69 69 67 63 62 60 59 60 61 62 61 58 58 60 62 64 67 68 68
    67 68 68 70 71 71 70 67 67 64 66 64 63 61 61 58 59 59 58 58 61 63 61
    62 65 66 66 65 66 68 66 65 66 64 62 64 65 66 67 65 66 64 63 66 67 63
    61 61 60 61 61 65 65 62 62 62 63 62 62 63 65 63 64 64 66 68 70 71 71
    70 71 70 67 67 64 63 61 61 61 61 59 59 59 60 60 60 60 60 58 59 58 56
    56 58 59 59 61 60 64 64 64 68 70 68 67 66 65 67 63 62 62 61 57 58 59
    58 25 53 38 7 66 92 59 106 48 27 80 120 75 60 25 120 88 92 111 29 91
    31 74 33 84 76 70 19 117 35 56 112 22 34 22 14 12 127 77 109 2 4 70
    51 57 103 18 12 96 111 47 3 116 1 23 62 34 73 75 103 61 125 31 36 6
    65 66 67 64 64 67 66 66 66 62 64 62 60 63 63 62 63 62 62 64 64 65 67
    67 65 65 62 62 61 61 62 60 60 60 61 61 60 60 61 62 61 65 65 63 63 62
    65 67 67 68 67 66 64 64 65 66 66 64 63 60 61 59 58 60 61 63 62 61 60
    62 62 63 66 66 65 64 64 64 67 67 68 69 66 65 64 66 65 64 63 62 61 62
    62 60 60 62 64 61 62 65 65 64 63 64 66 65 64 67 65 62 64 65 66 67 65
    65 63 63 65 66 63 60 60 58 59 60 63 63 60 60 60 61 62 62 62 64 62 62
    62 65 67 69 69 70 70 71 69 67 67 64 63 60 60 60 59 56 56 57 59 58 58
    60 60 57 57 56 55 55 56 57 58 58 57 62 64 65 67 70 69 68 66 65 68 64
    62 63 63 58 59 60 60 20 43 99 27 111 62 19 86 45 56 124 35 20 46 76
    80 45 77 83 67 86 76 91 92 89 59 10 123 118 94 34 66 6 84 108 60 28
    24 40 81 84 77 13 22 104 39 33 10 21 60 54 17 51 70 120 76 57 117 53
    59 106 23 80 40 100 66 67 67 64 64 66 65 66 66 63 64 62 61 63 62 62
    64 63 63 65 63 63 65 65 64 63 60 61 58 57 59 58 58 58 59 61 59 60 62
    63 62 66 66 65 65 63 66 68 68 69 68 66 65 64 64 64 64 63 62 60 61 60
    60 62 64 65 63 62 62 63 61 61 63 62 62 61 61 61 63 64 66 67 64 63 62
    65 65 65 64 64 63 65 65 55 55 58 60 58 59 62 63 63 63 64 67 65 65 67
    64 62 61 63 64 65 63 63 61 60 63 62 59 58 59 57 58 60 64 63 61 61 63
    64 65 64 64 66 64 65 65 68 69 69 68 69 70 70 68 66 65 64 63 59 61 62
    61 58 58 60 61 60 60 62 60 57 57 55 54 54 56 57 58 58 58 63 64 65 68
    71 68 67 65 65 67 62 63 63 62 57 58 60 60 11 57 90 72 103 86 21 34
    31 52 102 20 122 30 89 0 109 106 23 111 120 54 65 100 93 11 44 87
    106 13 107 6 82 65 125 124 61 96 42 88 87 35 22 21 48 25 20 96 87 55
    0 31 11 68 78 42 19 76 40 38 26 62 100 51 54 65 66 66 64 64 65 64 65
    64 61 62 61 61 61 61 62 64 62 64 65 63 62 63 64 62 61 58 58 56 55 57
    56 57 57 58 59 59 59 61 62 62 65 65 65 66 65 67 69 69 71 69 68 67 66
    65 64 63 62 61 58 59 59 58 61 62 63 62 61 60 60 59 59 60 60 61 59 59
    59 61 62 64 64 62 61 60 64 64 65 63 63 63 65 65 58 58 63 63 61 61 63
    64 65 64 64 66 63 64 66 64 63 61 62 63 65 63 64 62 61 62 62 58 57 56
    54 56 56 60 59 57 58 61 61 62 62 63 66 65 66 67 69 69 69 69 69 70 71
    68 65 65 62 61 59 61 62 61 57 58 59 60 60 60 61 61 58 57 56 56 55 58
    59 60 61 61 64 65 67 69 72 71 68 67 66 66 64 63 65 63 58 59 61 61 40
    79 98 49 64 127 123 127 119 47 49 116 115 52 93 33 4 113 101 25 80 3
    6 63 55 65 7 9 5 91 40 113 124 18 21 27 91 124 14 33 115 125 29 98
    126 60 56 122 124 65 90 89 72 17 126 21 13 74 74 10 24 21 101 40 35
    65 68 67 66 65 66 64 64 62 60 63 61 60 60 61 61 63 63 65 65 63 62 63
    64 62 61 59 59 56 56 58 58 59 58 59 62 61 61 63 63 63 65 66 65 65 63
    65 67 68 69 68 67 65 64 64 63 62 61 60 58 57 58 58 60 61 62 61 61 60
    61 60 59 59 60 61 59 59 59 60 60 63 62 60 59 58 63 64 64 63 62 63 66
    67 59 59 62 62 60 61 62 63 63 63 62 64 60 61 65 63 63 62 64 65 67 65
    66 64 62 62 61 58 56 55 54 57 58 61 61 58 58 62 62 63 62 62 65 64 65
    65 69 70 71 69 70 70 71 68 66 66 63 61 60 62 63 62 58 58 60 59 60 60
    61 61 59 58 58 58 57 60 61 61 63 63 66 67 67 69 71 70 67 65 64 63 60
    61 62 61 57 57 61 60 55 102 64 9 76 107 104 24 60 99 114 60 58 99 67
    65 37 108 55 68 58 71 125 78 65 106 88 2 115 107 121 0 52 104 16 116
    43 113 104 60 99 1 71 78 15 122 69 47 79 56 4 25 110 24 6 78 62 107
    49 56 115 8 0 46 74 65 67 67 66 66 68 67 67 64 63 66 64 62 61 63 61
    63 62 64 63 59 58 61 63 61 60 59 59 57 58 60 61 61 60 61 64 63 63 64
    64 64 64 65 64 63 60 63 64 66 68 68 69 66 65 65 65 63 62 61 57 56 56
    57 58 58 59 58 58 57 59 58 58 57 59 60 59 59 59 59 59 61 60 59 58 58
    62 63 63 62 61 62 64 65 62 62 65 64 62 63 63 64 64 63 63 64 60 62 65
    63 63 62 63 64 65 62 63 62 61 62 61 59 57 56 55 59 59 62 62 59 60 62
    61 63 63 62 64 64 65 66 68 69 70 68 68 69 70 67 64 65 62 60 60 62 64
    63 60 59 59 59 60 60 60 59 58 56 56 56 55 57 58 58 60 61 64 64 65 67
    68 69 65 64 62 61 60 60 62 61 58 58 62 61 35 60 120 46 42 89 37 59
    119 58 13 101 102 61 64 122 47 127 121 26 12 33 12 80 82 52 18 76 39
    88 117 118 112 81 92 23 77 83 91 109 123 13 126 65 73 36 120 103 22
    22 52 29 108 124 84 30 96 126 117 99 111 102 127 14 89 67 68 68 65
    66 67 67 65 63 62 63 63 61 62 65 64 65 64 66 65 63 62 64 64 62 61 60
    59 58 58 60 61 62 62 61 65 64 64 63 63 63 63 63 62 62 60 63 64 66 68
    68 69 67 65 65 63 61 60 60 57 57 56 57 58 58 59 58 58 57 59 57 57 56
    58 58 57 59 57 59 57 59 59 58 57 58 62 63 63 61 60 61 63 65 67 67 70
    68 66 66 67 67 65 63 63 63 59 60 62 61 61 59 60 61 62 60 62 61 60 61
    60 59 59 58 57 60 60 62 63 60 61 62 61 63 64 62 64 65 64 65 67 68 70
    68 67 68 70 67 64 65 63 62 62 64 66 65 63 62 63 63 63 63 63 63 61 60
    58 57 56 57 59 59 60 60 62 63 63 66 67 67 64 64 61 61 60 60 62 61 59
    59 63 63 9 121 73 43 99 61 109 104 36 51 89 50 72 27 25 34 101 70 24
    104 15 46 20 69 61 58 9 100 95 36 93 47 80 52 105 8 60 30 21 18 97
    56 61 20 71 88 62 19 27 85 40 114 92 109 79 108 64 44 65 28 9 107 21
    73 80 67 68 69 66 66 66 64 62 60 59 61 61 60 60 63 62 65 65 68 68 64
    63 63 64 62 61 60 59 57 57 60 62 63 64 65 68 67 68 66 66 66 65 64 64
    62 61 63 64 65 67 67 66 64 63 63 61 59 58 59 57 57 57 59 60 60 62 61
    60 59 61 58 58 58 59 59 57 60 59 61 60 61 62 59 58 59 62 62 63 62 61
    64 65 66 63 63 67 67 66 66 66 66 66 64 66 67 63 64 65 65 65 63 62 63
    62 60 62 60 59 58 57 57 57 56 56 58 59 61 61 60 61 62 62 63 64 63 64
    65 65 66 67 67 69 68 67 67 68 66 63 63 62 63 62 64 66 66 63 63 64 64
    63 63 64 63 61 60 60 58 58 59 61 60 61 61 63 62 61 64 64 65 62 62 60
    60 59 60 61 60 59 60 63 62 31 87 126 98 122 125 123 107 15 51 52 50
    57 6 52 43 44 31 120 17 17 112 121 79 4 119 7 124 123 55 48 78 104
    45 97 122 113 65 105 71 0 0 8 54 13 34 16 121 102 45 4 38 121 119
    101 48 31 11 75 101 36 56 124 13 87 69 71 71 69 70 69 67 65 62 60 61
    62 62 60 62 63 65 65 69 70 67 65 65 67 66 64 62 61 59 59 60 62 64 63
    64 67 66 67 65 65 65 64 64 63 63 61 63 62 63 65 64 64 62 62 60 58 57
    57 59 58 59 59 61 61 61 62 61 61 60 62 59 60 59 60 61 60 62 61 62 59
    60 59 56 57 58 60 60 62 61 62 65 64 66 62 62 66 67 66 67 66 66 64 65
    66 67 64 64 65 64 65 63 62 62 61 59 61 60 59 59 57 58 58 57 56 58 58
    60 60 58 59 60 59 59 62 61 62 63 64 66 67 67 69 68 68 68 68 65 62 63
    61 62 61 62 63 64 61 61 63 61 61 61 62 63 61 61 60 60 59 61 64 63 63
    63 64 64 62 63 64 64 61 61 60 59 59 60 62 62 60 63 65 64 115 28 102
    57 113 43 32 83 29 40 52 48 71 12 2 43 107 7 57 26 106 30 67 103 33
    108 23 98 57 74 82 46 126 7 18 47 36 103 93 49 108 19 65 82 5 92 46
    24 90 38 53 77 26 88 46 105 31 81 124 3 118 52 86 27 35 68 71 70 69
    70 70 68 66 61 60 61 60 62 61 62 64 67 66 70 70 68 65 65 66 65 62 61
    61 58 58 60 63 63 62 63 66 66 66 65 65 65 64 65 65 63 62 64 63 64 65
    65 64 62 63 62 61 59 60 62 62 62 62 64 62 63 64 64 63 61 62 59 58 58
    60 60 59 60 59 62 60 61 61 58 58 59 61 62 62 60 60 64 63 66 60 60 64
    64 64 65 65 65 64 66 67 68 66 68 69 67 67 66 63 63 61 58 60 58 56 57
    56 57 59 57 56 58 58 60 60 57 57 58 57 58 61 59 60 62 62 64 64 63 66
    65 64 65 65 63 62 61 61 62 60 62 63 64 60 58 61 60 60 59 61 61 60 60
    60 61 60 62 65 65 65 65 67 66 65 66 68 66 62 63 62 61 61 62 65 64 63
    65 68 66 11 102 75 53 115 66 97 48 1 79 122 118 21 93 29 1 75 25 101
    61 112 86 64 102 56 42 92 51 35 70 42 78 4 24 82 113 99 125 24 93 46
    119 82 72 84 105 7 119 57 59 37 99 68 48 116 54 94 104 17 48 23 120
    122 20 20 68 69 68 68 70 70 68 66 61 60 60 61 62 60 60 62 65 63 68
    68 67 64 63 64 63 59 58 58 56 55 55 59 59 59 61 65 65 66 65 66 65 66
    66 67 65 64 65 64 64 66 66 64 63 64 61 60 58 59 61 61 61 62 63 61 62
    62 62 62 61 61 59 58 58 61 61 60 61 61 63 61 61 61 58 58 60 62 63 63
    62 62 65 66 68 65 65 67 67 65 67 66 67 67 69 70 72 70 71 72 70 71 69
    66 65 63 59 60 59 57 57 55 55 58 57 57 59 59 61 62 61 62 63 61 59 63
    60 60 61 61 62 61 60 64 65 64 64 64 62 61 61 61 62 61 63 63 64 61 60
    61 61 62 60 60 59 59 59 59 61 59 60 63 64 64 65 66 66 65 66 67 66 62
    62 62 61 61 62 65 64 64 65 67 66 124 114 17 116 82 117 38 16 6 69
    109 14 54 71 75 77 115 73 97 6 31 57 22 88 24 39 66 43 3 74 57 75 34
    12 98 50 8 91 87 78 1 60 31 84 53 102 81 10 33 101 110 51 5 63 8 30
    113 100 103 101 29 12 85 112 59 67 69 67 66 68 68 67 66 62 61 62 61
    63 62 63 65 66 63 67 67 65 63 63 63 62 58 57 58 57 55 55 58 59 59 62
    66 67 67 66 68 67 67 66 67 66 65 64 63 64 66 66 65 64 65 62 61 61 63
    65 63 63 64 65 63 63 63 62 63 61 62 61 61 61 64 64 62 63 61 63 62 61
    60 58 58 59 61 61 62 61 62 64 64 66 63 63 64 64 63 66 66 68 68 71 72
    73 72 72 73 71 71 70 66 65 62 58 59 58 56 56 56 55 58 57 57 59 58 61
    63 62 62 62 59 58 61 59 61 63 63 63 61 62 66 67 65 64 64 63 62 62 62
    63 62 64 66 67 64 60 61 60 62 61 59 58 58 58 59 61 61 62 64 64 64 65
    66 67 66 66 66 66 63 64 64 63 62 62 65 63 63 64 65 64 17 109 91 7 8
    93 26 73 39 107 61 108 60 9 1 8 31 93 86 10 57 114 24 21 77 60 100
    123 35 38 37 74 84 91 28 56 100 56 82 23 50 107 42 45 13 68 35 15 73
    39 85 112 38 127 124 16 17 121 2 118 8 35 72 53 124 69 70 69 69 69
    70 68 66 63 62 60 60 62 62 64 66 65 63 67 66 66 65 64 64 62 58 59 60
    58 57 56 60 61 61 63 66 66 66 65 68 68 67 67 67 66 66 65 63 64 64 64
    62 62 64 61 61 61 62 64 63 62 63 64 61 61 61 60 62 60 62 63 64 64 67
    68 67 68 66 67 65 64 63 61 59 60 62 61 62 61 62 63 64 65 61 61 62 62
    61 63 65 66 66 69 70 71 69 70 70 70 70 69 66 65 63 59 60 61 58 57 57
    57 59 58 58 60 59 60 62 62 62 61 59 57 59 57 59 61 61 60 60 60 64 64
    65 64 64 62 61 62 60 62 62 65 65 67 64 59 60 59 62 60 59 58 59 58 60
    63 63 65 65 68 67 67 69 69 68 67 67 67 64 65 66 65 63 63 65 63 64 65
    66 64 73 76 65 76 108 96 112 115 98 80 97 60 9 125 114 37 13 72 55
    117 126 37 5 114 93 105 13 77 86 126 88 39 60 99 51 43 17 90 105 61
    45 67 42 34 8 29 15 42 53 114 6 4 97 39 108 103 68 33 12 88 15 40 2
    67 1 68 69 68 67 68 69 68 65 63 64 62 60 62 63 64 66 64 62 65 64 65
    66 66 65 64 61 62 64 61 60 59 62 63 63 64 67 68 68 68 70 69 69 69 69
    69 67 66 63 63 63 63 61 61 63 60 61 62 63 65 64 64 65 64 62 62 61 61
    63 61 64 66 66 66 68 68 68 70 66 67 65 62 62 61 59 59 59 58 59 61 61
    62 62 62 58 58 59 60 59 61 64 66 66 68 70 72 70 70 70 70 69 69 65 64
    63 59 61 61 59 59 60 59 62 62 60 62 61 62 64 64 63 62 59 58 60 58 59
    62 61 59 58 60 65 65 65 64 64 63 63 63 63 64 63 66 66 68 66 61 61 61
    64 61 61 59 60 60 61 63 64 65 65 67 66 67 68 69 67 67 66 67 64 63 66
    65 64 62 64 63 64 65 65 64 119 19 115 17 100 12 48 121 86 43 4 111
    69 87 103 126 35 36 34 122 16 41 27 66 0 108 112 85 42 103 121 117
    24 82 88 33 83 48 60 44 9 123 108 105 23 17 36 18 100 15 5 7 97 101
    121 119 90 65 77 46 83 60 112 26 81 70 71 70 69 70 70 69 66 65 64 62
    61 62 63 63 65 63 61 63 63 64 66 66 65 65 62 64 65 64 63 62 64 64 65
    66 70 70 70 69 72 71 71 70 70 71 69 67 64 63 62 63 61 62 64 60 62 62
    63 66 65 65 66 66 64 65 63 64 65 63 65 66 65 65 66 66 67 69 65 67 65
    63 63 62 60 60 60 59 61 61 61 63 62 63 56 56 57 58 57 59 62 64 65 67
    69 72 71 70 71 70 68 69 64 63 62 58 60 61 59 59 61 58 63 61 58 60 59
    60 61 63 62 62 60 60 63 62 62 64 62 61 59 60 62 62 63 61 61 61 62 61
    61 63 62 65 64 67 65 60 61 61 64 61 61 59 60 59 60 62 62 63 62 66 65
    66 67 68 67 68 68 68 66 64 66 66 66 65 65 63 63 64 64 63 110 29 5 57
    42 76 47 99 74 24 10 76 53 35 82 28 82 22 28 97 81 119 123 50 118 97
    62 16 79 98 112 12 68 11 112 13 47 126 40 63 92 70 27 118 13 82 87
    119 14 102 94 41 54 65 41 18 9 109 93 97 5 79 32 14 0 66 67 66 67 67
    67 68 64 63 62 59 59 62 62 61 63 60 60 62 62 65 66 65 64 64 62 63 64
    62 60 59 61 63 63 65 67 69 69 68 71 70 72 70 71 72 70 67 64 63 62 62
    59 61 63 59 61 61 63 66 65 66 67 66 64 64 62 62 64 62 62 64 63 62 64
    65 65 68 64 66 65 63 64 63 61 62 62 61 63 62 63 65 65 65 53 53 54 56
    56 59 62 65 67 70 73 75 75 74 75 75 72 71 67 67 65 61 62 62 59 58 61
    58 62 59 57 57 57 58 61 62 61 62 61 62 64 64 64 65 63 62 61 61 64 64
    65 63 63 63 63 62 61 63 61 63 62 64 61 57 59 60 63 60 60 58 59 58 61
    62 61 63 62 66 65 67 67 69 67 69 69 68 67 65 67 68 68 67 68 65 65 67
    66 65 0 125 30 33 110 45 89 62 85 63 19 23 7 95 117 84 24 104 33 72
    91 23 17 62 33 85 60 85 35 53 53 81 90 73 102 68 87 31 94 71 73 9 59
    71 78 68 100 48 66 92 107 111 83 94 6 50 36 96 50 122 106 12 32 119
    120 64 65 65 67 67 67 68 65 64 64 62 61 62 61 59 60 57 56 58 58 60
    60 60 61 61 59 61 62 60 59 57 59 61 59 61 63 66 66 67 69 69 70 69 70
    72 70 66 64 63 62 62 59 61 63 61 63 63 65 68 66 67 68 66 64 64 62 63
    63 60 61 64 63 64 65 66 66 68 66 68 67 64 65 64 62 62 63 62 64 64 64
    65 66 67 50 50 50 52 52 55 58 62 64 68 70 73 75 74 75 75 72 71 66 66
    66 63 61 63 58 58 61 57 60 58 56 57 58 58 62 63 63 65 64 65 66 66 66
    66 65 63 62 63 65 65 65 64 64 65 65 65 65 65 64 66 65 67 64 58 60 60
    63 60 59 56 58 56 59 60 60 62 61 65 64 68 68 69 68 70 69 68 67 66 69
    68 68 68 68 64 65 65 65 63 63 89 36 101 40 48 17 74 60 77 14 83 2
    105 85 80 64 29 27 118 36 34 2 26 32 117 76 17 32 75 45 75 108 122
    25 52 11 43 127 17 38 86 115 80 118 103 63 79 19 83 10 54 109 71 59
    102 92 120 87 107 110 54 97 84 19 63 64 64 67 66 66 68 66 65 66 63
    63 62 61 60 61 58 57 58 57 60 60 62 61 61 60 61 63 61 61 58 59 60 58
    59 60 62 62 64 65 65 67 65 67 70 67 64 61 59 59 59 58 60 62 60 63 64
    67 69 68 68 69 67 64 64 62 62 61 58 60 63 62 63 64 64 65 67 65 66 66
    63 62 62 61 62 63 62 64 64 64 64 67 68 48 48 48 49 50 53 55 59 60 63
    65 68 71 70 71 71 68 68 64 65 65 62 61 64 60 59 63 60 62 60 57 58 58
    57 61 62 61 62 62 63 64 64 65 65 64 61 62 63 65 64 64 64 64 65 65 66
    63 63 63 65 63 64 60 55 57 58 61 58 57 56 58 56 59 60 59 62 62 66 66
    68 67 70 71 73 72 69 68 66 68 67 68 67 67 63 63 62 62 62 66 68 108
    100 67 113 6 91 88 22 35 6 23 98 65 2 10 61 25 86 23 119 88 83 13 85
    95 55 49 81 85 53 3 125 29 106 6 98 116 112 92 83 34 94 102 67 17 32
    28 85 68 97 97 35 95 11 93 76 24 126 14 64 50 97 119 63 62 62 64 63
    64 64 64 64 66 63 63 62 62 63 62 59 57 56 55 58 59 60 59 58 57 58 61
    60 59 58 58 59 57 58 59 62 61 62 64 64 65 64 67 69 67 64 61 61 60 60
    59 61 63 62 65 64 67 68 66 67 66 65 63 62 61 62 61 59 60 63 63 62 62
    63 63 64 63 63 64 61 62 62 61 62 63 63 65 64 64 63 65 67 46 46 47 49
    49 53 54 57 60 62 65 67 69 69 69 69 67 67 63 64 65 62 61 64 61 60 65
    61 63 62 60 61 60 58 62 64 62 63 63 64 63 63 65 66 64 61 62 64 65 64
    65 65 65 66 66 67 65 64 64 65 64 65 62 58 59 60 62 59 59 58 60 58 60
    61 60 63 62 66 66 68 68 70 70 72 72 71 70 69 68 68 68 68 67 64 64 62
    62 61 46 37 97 94 1 88 43 120 30 0 85 66 104 39 99 3 116 38 8 100 60
    93 6 27 108 126 23 40 52 61 60 48 34 125 83 114 58 82 75 47 122 37 1
    8 19 110 109 10 18 107 108 109 109 56 52 61 80 22 72 0 3 50 41 60 17
    64 61 61 62 60 60 60 60 62 65 62 64 63 62 64 61 59 57 56 55 57 58 59
    58 57 58 58 59 58 58 57 57 59 57 57 59 61 62 63 64 63 65 63 65 67 65
    61 57 58 57 56 56 58 61 61 63 64 67 67 64 66 65 64 62 60 59 59 59 58
    60 63 64 63 63 63 63 65 65 64 65 62 61 61 61 61 62 60 63 62 62 61 63
    64 51 51 51 52 54 56 57 59 61 61 63 66 68 67 66 66 65 65 62 64 66 63
    63 66 64 63 67 64 65 64 61 62 61 59 62 65 63 64 65 66 64 64 66 68 66
    61 62 63 64 63 64 64 64 65 65 66 64 64 64 65 64 65 63 60 60 61 63 60
    60 59 60 57 59 58 58 61 59 63 63 65 66 68 68 70 69 68 68 66 66 66 66
    65 64 61 61 60 59 59 76 99 65 36 35 56 33 16 127 40 67 86 66 94 50
    23 85 32 6 46 78 77 90 100 123 31 65 81 19 114 26 64 53 52 66 55 53
    39 46 3 109 89 73 81 1 74 13 121 75 36 90 8 94 114 11 110 21 3 4 115
    6 74 16 98 2 66 64 62 63 59 60 60 61 63 67 63 64 64 65 68 65 61 60
    59 57 59 60 61 60 59 61 62 64 63 63 62 61 63 61 59 59 62 62 62 63 64
    64 63 65 67 65 61 58 58 56 55 55 57 61 61 64 64 67 68 66 66 66 64 64
    62 60 61 59 58 60 63 64 62 61 61 62 64 63 62 63 60 58 60 59 59 60 58
    61 61 61 60 62 63 50 50 51 52 53 55 56 58 59 59 62 65 66 66 66 67 66
    65 62 64 65 63 63 65 63 62 66 64 65 65 63 63 62 59 61 63 62 63 64 65
    64 64 66 68 66 62 64 63 64 62 63 63 63 64 65 65 63 64 65 66 64 66 64
    62 63 64 66 64 64 63 65 61 60 61 59 62 59 63 62 64 64 67 68 68 69 68
    69 67 67 66 66 64 64 62 60 59 57 57 68 15 11 44 93 88 81 37 5 86 19
    26 97 87 34 70 115 29 74 23 62 115 55 121 56 60 55 99 53 15 24 17
    127 43 74 69 7 123 58 80 121 60 23 50 5 76 95 15 49 113 31 8 71 81
    74 46 33 109 124 125 108 76 51 56 108 68 64 63 64 61 61 60 60 62 65
    61 63 63 62 64 61 59 58 58 56 59 61 61 61 61 62 64 65 63 65 63 63 64
    61 60 60 63 62 63 62 63 63 63 64 66 64 60 58 58 56 55 55 57 60 61 63
    62 65 65 64 64 65 64 63 61 60 61 57 57 58 61 61 60 58 58 60 62 63 63
    64 62 60 61 62 63 64 62 64 64 63 62 65 66 55 55 56 57 57 59 59 61 61
    60 61 65 65 65 65 65 64 63 61 63 64 63 63 65 63 62 65 64 65 64 62 61
    60 58 59 61 61 62 63 65 65 64 66 67 66 61 63 62 62 61 63 63 63 64 65
    66 63 66 65 64 62 63 63 61 63 64 65 63 64 64 66 64 62 62 59 61 59 62
    63 65 65 66 68 68 68 68 68 66 66 64 65 64 64 62 61 60 60 61 58 60 57
    58 59 59 58 57 57 57 58 55 57 56 54 54 57 60 61 60 62 65 65 66 67 68
    67 63 62 64 62 61 60 62 66 65 69 72 72 71 71 71 72 71 68 69 66 65 67
    67 68 68 67 66 66 66 67 67 66 68 68 69 70 69 69 68 65 63 63 60 61 60
    62 63 66 61 62 63 62 63 60 59 57 57 55 59 61 61 61 62 62 63 64 64 66
    65 63 64 62 62 63 65 66 65 65 65 65 65 67 68 64 61 59 60 58 56 57 58
    62 63 66 66 68 68 67 68 69 67 65 63 62 62 58 57 57 59 59 58 55 54 56
    57 59 60 61 61 60 61 62 64 64 62 64 64 64 61 63 64 55 55 55 57 58 60
    58 60 61 61 61 66 67 67 68 67 66 66 64 66 67 65 65 66 63 63 66 63 63
    62 60 60 59 57 57 59 58 60 62 64 65 64 66 66 66 62 65 65 64 63 64 63
    64 65 65 66 65 67 66 65 64 65 64 64 66 67 67 65 64 65 65 64 63 62 59
    60 59 61 63 66 66 66 68 69 70 69 70 67 66 64 65 65 63 61 60 58 58 59
    58 59 58 58 58 59 58 58 58 58 58 55 57 56 54 54 58 61 62 61 64 67 67
    68 71 72 71 67 65 66 63 62 61 63 64 64 66 70 70 71 69 69 70 70 68 70
    68 65 67 67 69 69 68 66 66 66 65 65 63 64 65 66 67 67 66 65 64 63 63
    61 61 60 61 61 63 59 59 60 59 60 57 57 55 55 54 58 60 60 60 62 63 63
    64 65 67 65 63 64 63 62 61 63 64 63 63 64 64 64 65 66 65 62 61 62 59
    58 59 60 64 64 66 65 67 67 66 67 68 66 64 62 61 62 58 57 57 59 59 58
    56 56 58 59 61 61 64 64 63 64 66 66 68 66 67 66 65 63 65 65 56 56 56
    57 58 60 57 58 59 59 60 65 67 67 67 67 66 66 65 66 66 64 63 64 62 62
    65 63 62 61 61 60 59 57 58 60 59 61 62 64 64 64 67 67 68 63 67 65 64
    65 65 65 64 65 63 65 63 66 66 64 62 63 63 64 68 69 67 66 64 67 67 65
    63 63 59 61 60 62 65 66 66 66 69 68 70 69 70 68 66 64 65 65 63 63 60
    59 59 59 58 59 59 58 57 58 57 56 57 57 58 56 58 58 57 56 60 62 62 63
    65 67 65 67 69 69 67 64 63 63 61 59 59 60 61 61 64 68 69 70 67 67 69
    68 68 70 68 66 67 68 70 71 68 67 67 67 66 66 64 65 65 65 66 66 64 63
    61 60 60 59 59 58 60 60 62 59 59 61 59 60 58 59 56 57 55 59 60 59 60
    62 63 63 64 64 65 62 62 62 60 59 57 59 59 59 59 60 59 61 63 64 63 62
    60 62 60 58 58 59 63 65 65 64 67 66 66 67 68 67 64 62 62 63 59 59 59
    60 61 61 59 59 60 61 63 63 66 66 65 66 67 67 69 66 67 66 65 63 65 64
    59 59 59 59 60 61 58 59 60 60 61 66 67 67 67 66 66 66 65 64 63 62 62
    63 61 61 64 62 62 62 63 62 60 57 59 61 60 61 62 62 61 61 64 65 66 61
    64 63 65 66 67 66 65 65 64 65 63 66 66 63 61 64 64 66 68 69 67 65 64
    66 67 65 64 64 61 63 62 63 65 67 67 67 70 68 68 68 68 67 66 63 63 64
    62 62 61 60 60 61 60 62 62 61 60 60 58 57 57 58 58 56 57 58 57 56 60
    63 64 64 67 68 67 69 69 70 67 64 63 62 59 58 58 59 60 60 64 68 69 72
    70 71 71 70 71 73 70 67 68 67 69 69 67 68 66 67 69 69 67 67 67 68 68
    67 65 63 61 60 60 58 59 57 61 60 63 61 60 62 61 63 61 62 58 59 58 60
    61 62 61 63 63 63 65 64 65 63 63 62 61 60 58 60 60 60 60 61 59 61 62
    63 63 63 62 63 61 59 61 60 64 66 66 64 65 64 65 67 68 67 66 63 65 67
    64 63 63 64 64 64 62 60 62 61 64 64 66 65 65 66 67 67 68 65 66 65 65
    62 64 62 59 59 60 59 58 59 56 58 57 57 58 63 62 63 64 63 63 63 62 62
    62 61 61 61 60 61 64 63 62 63 64 62 61 59 60 62 62 61 61 62 61 60 62
    64 66 60 63 62 64 65 67 66 66 66 65 67 65 69 69 66 63 66 66 67 69 70
    67 65 63 66 68 66 64 64 63 64 64 65 66 66 67 67 69 67 66 65 66 65 64
    62 61 61 61 61 61 60 59 61 60 62 63 62 60 60 59 58 58 58 58 57 57 58
    59 57 61 63 64 62 65 66 64 66 66 67 65 62 61 61 60 59 60 62 63 65 68
    72 73 75 74 74 75 73 73 73 70 68 69 67 70 70 67 69 69 70 72 71 69 69
    69 70 69 66 64 64 61 60 61 59 59 57 61 61 64 60 60 62 61 62 61 62 58
    59 58 59 60 60 60 61 61 62 63 64 64 63 62 62 61 62 60 60 60 60 59 61
    59 61 61 61 61 62 62 62 61 60 61 62 65 67 68 67 66 66 68 68 70 69 67
    65 66 68 65 65 64 65 64 64 64 62 64 63 64 64 66 65 66 67 67 66 66 64
    65 66 66 65 66 64 59 59 61 61 59 60 58 58 57 56 58 62 61 62 63 63 64
    64 64 65 64 63 64 64 63 65 66 65 66 66 67 65 62 60 60 62 61 61 61 61
    60 61 65 67 69 64 66 64 65 66 68 66 65 63 63 63 61 64 64 62 58 62 61
    63 64 66 64 62 61 64 66 64 63 63 62 62 63 64 66 66 66 66 68 66 67 67
    68 66 66 63 63 63 63 63 60 60 60 63 61 62 62 62 60 61 61 59 58 58 59
    59 59 60 60 59 62 63 64 61 64 64 62 63 63 65 64 62 60 61 60 60 62 63
    65 66 66 71 74 76 75 74 75 74 73 73 72 69 70 68 69 70 68 69 68 69 70
    70 67 67 67 67 67 64 63 62 60 59 59 58 59 57 61 61 63 60 60 62 61 62
    60 61 57 59 58 59 59 59 60 61 62 63 64 63 64 63 63 63 62 62 61 61 62
    63 61 62 62 64 63 64 63 64 64 64 63 62 62 62 65 67 68 66 66 65 65 66
    69 66 66 64 64 66 64 64 63 64 63 64 62 62 64 63 64 65 66 65 67 68 68
    66 66 65 65 65 66 65 66 63 59 59 61 60 59 59 57 59 58 58 60 63 62 63
    65 64 65 64 64 65 63 62 63 62 62 64 65 65 66 66 68 67 65 63 64 65 66
    66 66 65 63 63 65 67 68 64 65 63 65 66 69 67 66 65 66 67 65 68 67 65
    61 65 64 67 66 67 66 63 62 65 67 65 63 63 62 61 61 61 63 63 65 64 67
    64 65 65 66 66 67 64 64 63 63 64 63 63 63 64 62 62 63 64 63 61 61 59
    58 58 59 59 59 60 61 60 63 63 65 62 64 63 62 61 60 63 61 60 59 60 59
    61 62 63 66 66 66 71 73 75 74 72 73 72 72 72 71 68 68 67 68 69 68 69
    68 70 72 71 68 68 68 68 67 64 63 61 59 57 58 57 58 57 59 60 62 61 60
    61 60 60 59 59 56 58 57 58 58 59 60 62 63 63 66 64 64 63 63 62 63 62
    61 62 60 63 62 63 62 65 63 64 64 63 64 63 62 61 61 60 63 65 67 66 65
    66 67 67 70 68 69 68 66 66 65 65 64 64 63 65 64 63 66 66 66 67 66 66
    66 67 66 65 65 65 65 66 67 68 70 67 61 61 63 62 60 60 59 62 59 59 61
    64 63 65 68 67 68 67 67 68 66 65 66 64 63 65 66 66 67 67 68 67 66 65
    65 67 69 69 68 67 66 66 67 68 67 63 62 60 63 64 67 65 66 66 67 67 65
    70 69 67 62 67 66 68 67 69 69 66 62 66 68 66 64 63 62 61 60 60 62 63
    63 63 65 63 64 63 64 64 65 62 61 60 61 63 63 64 64 65 62 62 63 65 63
    62 62 60 60 61 63 64 64 65 65 64 68 68 68 66 67 66 63 62 61 65 62 60
    60 60 60 62 63 65 67 66 67 73 75 77 74 72 73 72 72 72 72 68 68 67 68
    69 69 70 68 69 70 70 66 65 64 65 64 62 61 60 59 58 59 58 59 59 61 61
    63 61 60 62 60 60 59 59 55 56 55 57 57 57 60 63 62 63 66 65 65 63 63
    63 63 63 62 63 60 63 62 64 63 66 64 65 65 65 69 66 66 65 66 65 67 67
    70 67 67 67 68 68 69 67 67 67 65 66 65 65 64 64 62 65 64 62 65 65 64
    66 67 66 67 68 67 66 66 66 66 66 66 68 69 66 61 61 64 63 60 60 59 61
    60 59 61 64 63 64 67 67 68 66 66 67 65 64 66 64 63 64 65 65 66 65 67
    66 64 63 64 66 69 68 67 66 65 66 67 68 68 64 63 62 66 67 71 69 70 70
    70 70 68 71 69 66 62 66 64 66 66 67 66 64 62 65 68 66 64 63 62 61 62
    61 62 64 63 63 66 64 65 66 66 66 66 63 62 61 61 62 62 61 62 64 61 61
    61 62 61 59 60 59 58 59 61 63 63 64 65 64 66 66 67 64 65 65 63 62 60
    65 63 61 60 60 62 63 64 65 68 66 67 72 75 76 73 71 72 71 71 71 71 68
    69 70 70 71 70 71 70 72 72 72 66 64 63 64 63 60 60 58 57 56 58 57 59
    58 60 61 62 59 58 60 58 58 58 59 55 56 55 57 56 57 59 62 60 60 62 62
    63 62 63 62 62 63 63 65 63 67 66 67 66 68 67 67 66 66 69 66 66 65 66
    65 67 68 70 69 67 68 69 70 71 69 68 67 65 66 66 65 64 63 62 66 65 65
    66 66 65 67 67 67 68 69 70 67 67 68 68 66 67 69 70 66 59 59 62 61 58
    57 58 59 58 56 60 63 62 62 65 66 67 67 68 68 66 65 67 67 65 65 66 65
    66 65 66 65 63 62 63 65 67 66 65 65 64 65 67 68 68 65 64 65 68 69 72
    71 71 72 72 73 71 73 69 66 62 66 63 65 65 65 65 62 61 64 68 65 65 63
    62 60 62 62 64 67 65 64 67 67 67 68 67 66 66 62 62 62 61 62 63 63 64
    67 66 65 65 64 63 61 60 59 58 57 59 62 62 63 62 62 65 65 66 64 64 63
    60 60 60 62 60 59 58 59 60 62 64 65 67 67 67 73 75 77 76 73 74 73 74
    73 73 69 70 69 68 69 69 70 68 70 70 69 64 63 63 63 63 60 59 57 58 57
    59 58 59 59 61 62 63 61 60 62 59 60 59 60 57 57 55 57 56 57 60 62 61
    59 61 61 60 59 60 59 59 59 59 61 59 63 63 65 65 67 68 68 68 68 69 67
    67 66 67 65 66 68 70 68 67 68 68 69 69 68 67 67 65 67 68 67 67 66 65
    67 67 66 68 66 64 66 66 64 65 67 67 64 64 67 67 66 67 70 71 66 54 54
    56 56 53 53 54 55 54 55 58 61 61 61 65 65 68 68 68 68 66 65 67 66 65
    65 65 65 66 66 67 67 64 64 64 66 68 67 65 65 63 64 66 67 67 65 64 64
    68 69 73 72 73 74 73 72 71 72 69 65 62 65 62 64 63 65 65 62 62 65 67
    63 64 61 61 60 61 62 63 66 65 66 68 69 69 69 68 68 67 64 64 63 62 61
    62 63 63 65 65 64 64 64 62 61 61 59 59 59 61 62 62 62 63 63 65 65 66
    63 63 62 60 60 59 61 60 58 58 59 60 62 65 64 65 65 65 71 73 75 74 72
    73 72 74 73 71 67 67 67 66 66 66 69 68 70 69 69 65 63 61 62 61 57 57
    56 57 55 58 57 59 58 59 60 62 60 60 61 58 59 60 60 59 58 57 58 57 58
    60 61 60 59 60 59 59 58 60 60 60 59 59 61 59 63 62 64 63 65 65 65 66
    67 67 66 66 66 65 63 64 66 68 66 65 67 67 67 68 66 66 65 64 65 66 64
    66 65 65 67 67 67 68 67 66 68 67 65 66 68 69 65 66 68 69 68 69 74 75
    70 56 56 60 59 54 54 55 57 55 54 59 61 60 61 65 66 69 67 67 68 65 65
    67 66 65 65 64 67 69 67 69 68 65 65 66 67 69 68 65 65 63 64 64 65 65
    64 61 61 66 68 71 72 74 75 75 73 73 74 68 65 62 65 62 62 60 63 63 60
    60 64 66 63 62 61 61 59 59 61 62 64 63 64 66 66 66 66 66 66 65 62 63
    62 60 60 60 62 62 63 63 62 62 63 62 60 60 58 59 59 61 63 62 61 63 64
    66 67 66 63 64 62 60 59 59 60 59 57 57 58 58 61 64 65 67 66 68 73 75
    75 75 74 74 73 73 71 68 66 65 67 65 65 65 67 65 67 68 69 65 63 62 61
    60 57 57 58 57 54 56 56 58 58 59 61 62 60 60 62 60 61 62 61 61 59 58
    60 59 60 62 62 59 60 59 58 58 56 58 57 57 58 59 60 58 61 61 63 62 64
    64 63 62 62 64 62 62 62 62 60 60 64 67 65 66 67 67 68 68 67 67 66 64
    65 66 65 65 65 65 68 68 68 69 67 66 68 67 64 65 66 66 62 63 66 68 66
    69 73 74 69 57 57 60 59 54 56 56 59 56 55 59 61 60 60 64 65 69 66 64
    66 64 63 65 66 64 63 62 66 68 67 68 67 65 65 65 67 69 67 65 64 62 63
    63 63 64 64 62 62 67 68 70 70 73 74 75 72 72 72 67 65 63 65 62 62 59
    62 62 58 58 60 63 60 61 58 59 57 59 61 63 65 64 65 66 68 67 67 66 65
    63 61 62 61 59 58 58 59 60 62 62 61 61 63 62 61 63 62 62 63 64 67 66
    64 65 65 66 67 67 64 65 63 61 61 60 64 63 61 61 63 63 65 68 69 70 68
    70 74 76 74 74 74 72 72 73 71 68 65 64 66 64 64 64 65 63 64 65 66 64
    62 61 61 61 58 58 59 59 57 57 57 60 59 60 62 63 61 60 61 61 62 63 61
    60 59 57 60 59 60 60 61 58 59 60 60 60 58 60 60 61 60 61 62 60 63 62
    64 64 66 66 65 64 64 65 63 63 63 63 61 59 63 66 65 66 67 67 67 66 66
    67 65 63 64 64 62 64 63 63 65 65 65 66 65 63 64 62 60 61 63 63 61 61
    65 67 66 69 73 74 70 56 56 59 58 53 54 56 58 55 54 57 58 59 60 64 66
    69 66 65 68 67 66 68 67 66 65 64 68 71 69 70 69 66 66 66 66 66 65 62
    62 61 60 60 62 63 64 62 63 67 68 70 71 73 74 75 72 72 70 66 65 64 65
    63 63 60 61 62 60 59 60 62 62 62 59 60 60 60 63 65 67 66 67 68 69 69
    69 67 65 64 62 62 61 59 58 58 59 59 61 61 59 60 61 60 60 62 62 62 63
    65 68 68 66 68 67 67 67 67 65 66 63 60 61 62 65 64 63 64 65 66 68 71
    70 71 68 69 72 73 71 70 70 69 71 70 69 67 64 62 65 63 62 61 62 60 61
    61 64 62 60 60 61 61 58 59 61 62 60 61 61 63 62 63 64 65 62 61 61 61
    61 61 59 59 57 55 59 58 59 60 61 59 60 60 61 61 59 60 60 61 59 61 61
    61 62 61 64 64 66 66 65 63 62 62 62 63 62 62 60 59 62 66 66 67 68 67
    67 66 66 66 65 61 61 60 60 63 62 62 64 64 65 67 66 65 65 63 63 63 65
    64 61 62 65 67 67 69 72 73 70 58 58 60 60 55 57 59 59 56 55 58 60 61
    62 66 67 70 68 67 70 67 66 67 68 66 65 64 68 71 70 71 70 67 65 64 63
    63 62 60 60 59 59 60 61 62 63 62 64 67 67 68 68 69 70 72 70 70 67 63
    63 63 64 63 64 61 62 63 62 62 62 63 62 62 58 58 57 58 60 62 67 65 66
    68 70 71 73 71 68 66 63 64 62 59 58 57 57 58 59 61 59 60 62 61 60 62
    62 62 63 64 67 68 65 68 67 67 67 67 66 65 63 60 60 61 63 62 60 62 63
    63 64 66 65 65 63 65 68 69 67 67 68 67 68 69 68 66 63 61 64 62 62 62
    62 61 62 62 64 64 61 61 62 62 60 60 61 62 60 59 60 62 62 63 63 63 60
    58 58 59 60 61 59 59 57 57 61 61 63 63 64 61 61 61 62 62 61 62 62 62
    60 63 65 64 65 65 66 66 67 67 67 64 63 62 62 63 62 60 59 58 59 63 62
    64 66 65 67 65 64 65 65 61 60 59 59 62 61 62 64 65 66 67 66 67 67 64
    63 62 64 63 60 61 65 65 64 66 70 71 68 62 62 63 63 59 60 62 62 59 59
    61 63 63 64 68 69 70 69 67 68 66 64 66 65 63 61 61 66 68 66 67 67 64
    63 63 63 62 60 58 58 57 56 56 57 57 59 58 61 65 66 68 68 70 71 74 72
    72 69 66 64 65 65 64 66 62 63 65 64 62 63 64 64 63 60 60 59 59 61 63
    67 66 66 67 68 69 70 69 67 65 62 61 61 58 58 58 57 58 59 61 60 62 63
    62 61 62 62 63 63 64 66 65 62 65 65 67 67 66 66 64 64 62 64 64 65 63
    62 64 66 66 65 67 66 66 64 66 68 69 67 67 69 67 69 69 68 66 64 61 64
    62 62 63 63 61 62 63 64 65 62 63 64 63 63 65 66 67 65 64 64 65 64 64
    64 63 59 56 57 58 60 63 60 60 58 57 63 64 65 65 65 61 60 60 62 63 60
    61 61 61 60 63 65 65 65 65 67 67 68 69 67 66 65 64 64 65 63 63 61 60
    62 64 63 65 67 67 68 65 65 66 65 63 62 61 60 63 62 64 65 66 67 69 69
    70 69 66 65 64 65 63 61 62 64 64 62 64 67 69 65 65 65 65 65 60 60 63
    61 59 59 60 63 64 65 69 70 70 70 68 68 66 65 66 65 63 61 60 64 66 64
    65 64 62 61 61 61 60 57 55 57 56 56 57 58 58 60 61 64 67 68 68 68 69
    69 71 68 67 64 61 60 62 62 62 64 61 61 63 63 61 61 61 63 63 59 59 59
    58 62 64 66 65 63 63 66 68 69 68 65 64 62 62 63 61 59 58 59 59 61 62
    61 64 64 62 63 63 63 63 63 64 67 67 65 68 67 68 69 67 67 66 64 61 62
    63 64 63 63 66 67 67 66 67 67 66 65 66 67 68 66 66 69 68 69 70 68 68
    67 63 65 64 64 65 65 63 64 63 64 65 63 63 64 63 63 66 68 69 68 66 67
    67 66 67 65 62 58 55 57 59 59 62 61 60 59 60 64 66 65 64 64 60 59 59
    61 62 59 60 61 61 61 63 65 66 65 65 68 66 68 68 66 66 66 64 65 65 64
    63 62 62 63 64 63 64 65 64 65 63 62 61 61 59 59 58 58 61 61 62 63 64
    65 66 66 68 67 65 64 65 67 66 62 64 67 66 65 67 68 70 67 65 65 65 65
    61 61 64 62 61 61 61 64 65 65 69 70 70 70 66 67 64 64 64 63 60 59 60
    64 66 64 65 63 62 61 61 58 56 53 52 54 53 53 54 56 56 60 62 66 68 69
    70 70 72 70 72 69 68 64 61 60 61 60 59 61 58 58 59 59 59 59 58 60 61
    58 59 59 59 62 63 65 64 62 63 67 67 68 66 64 64 63 65 66 62 59 58 59
    60 61 61 61 62 63 62 63 64 63 63 64 65 67 66 63 66 65 65 66 65 65 63
    62 59 61 61 62 62 62 65 67 67 65 67 67 67 66 67 67 67 65 66 68 68 68
    68 67 67 67 63 65 64 64 66 67 66 67 67 68 69 66 68 68 67 67 70 71 72
    70 70 72 71 69 69 67 64 60 57 57 59 59 62 60 61 60 62 65 67 68 67 66
    61 61 60 62 62 59 60 60 59 59 62 64 66 65 65 66 66 67 68 68 67 67 64
    64 65 65 63 61 62 63 63 62 64 65 64 65 63 64 64 62 61 60 59 58 61 61
    62 61 62 64 65 65 68 66 63 63 63 65 65 62 63 65 66 65 68 69 71 67 61
    61 61 61 58 59 61 60 60 60 62 64 65 66 70 70 69 70 66 66 64 64 63 63
    60 60 61 63 66 64 65 65 64 64 62 60 57 54 53 54 54 53 54 57 57 61 64
    68 69 69 70 70 69 68 70 67 65 61 59 59 60 59 59 60 59 58 61 61 59 58
    58 62 63 59 61 61 60 62 64 65 64 62 61 65 65 66 65 63 65 64 65 67 65
    63 62 62 62 62 62 63 64 64 64 65 65 66 66 67 68 69 67 64 66 66 67 66
    65 64 63 62 60 62 63 62 61 60 64 66 65 63 65 65 65 64 66 65 66 63 64
    66 67 67 65 64 64 65 62 63 62 63 64 66 66 66 65 65 67 64 66 67 65 65
    68 71 72 70 69 72 71 70 70 68 66 62 60 61 63 63 65 62 62 61 62 66 67
    67 66 65 61 61 61 63 63 60 61 60 60 60 62 63 64 62 61 63 63 64 65 64
    64 64 62 63 64 64 63 61 60 62 62 60 62 63 62 62 60 62 64 63 62 61 61
    60 63 63 64 62 63 64 65 66 68 67 63 64 64 67 67 64 65 67 66 66 68 69
    70 67 60 60 60 60 58 59 62 61 60 61 62 64 65 66 71 70 68 68 64 65 64
    65 63 63 61 61 63 66 68 66 67 66 67 66 64 61 58 54 54 53 52 51 51 54
    56 60 63 68 69 70 71 72 71 69 70 67 64 61 60 61 60 58 59 59 58 58 60
    60 57 57 58 61 62 60 61 62 61 63 65 66 65 64 63 66 65 66 65 64 65 64
    64 66 64 61 60 60 60 61 61 61 63 64 64 66 66 68 69 70 71 72 71 68 70
    68 68 67 65 64 62 60 59 61 62 63 61 62 65 68 68 66 67 65 64 63 65 63
    64 61 61 63 64 65 64 64 65 66 63 64 64 65 66 67 67 66 65 66 67 64 65
    67 65 66 68 72 72 71 70 73 73 71 71 69 67 64 62 61 64 64 67 64 64 62
    63 65 67 67 65 64 60 61 61 63 64 62 63 62 63 62 64 66 67 65 63 64 64
    65 65 64 64 64 62 63 65 65 64 63 62 63 62 61 62 64 64 64 62 64 64 64
    64 63 62 62 65 65 65 63 64 64 66 67 69 67 63 65 66 69 68 66 65 67 67
    67 69 69 70 67 61 61 62 62 60 60 62 61 60 60 62 63 64 65 68 69 66 67
    65 66 65 66 65 65 62 62 65 67 68 65 66 65 66 66 65 61 58 54 54 54 53
    52 52 55 55 60 63 67 69 69 70 70 69 67 68 64 63 60 60 61 60 59 60 62
    60 60 61 62 57 57 59 62 64 61 63 64 64 65 68 67 66 64 62 65 65 65 64
    62 63 63 63 65 63 60 59 58 59 59 59 60 62 61 62 65 65 68 68 69 70 71
    70 68 69 66 67 64 63 63 61 61 60 61 62 65 63 65 68 69 69 66 68 68 67
    65 66 65 66 64 64 67 66 66 64 63 64 65 62 63 63 64 65 66 65 65 64 65
    65 63 63 65 63 65 68 71 71 71 69 73 73 73 73 69 68 64 63 63 66 66 68
    65 64 63 64 67 68 69 67 66 61 61 60 63 64 62 61 61 60 60 62 65 67 65
    62 62 63 64 64 65 65 64 63 63 66 67 67 64 63 63 60 60 62 64 63 63 61
    63 63 64 65 63 63 64 66 65 64 63 66 66 66 67 69 66 62 64 66 68 67 66
    66 67 66 67 69 68 68 66 65 65 64 64 63 62 64 62 62 62 64 63 65 65 69
    68 66 67 65 66 66 67 65 65 63 63 66 67 67 65 66 65 66 66 65 63 59 55
    56 56 55 54 55 57 56 61 64 69 70 71 71 70 68 65 68 64 62 58 59 59 58
    57 58 62 61 59 61 63 58 59 62 64 67 62 64 65 65 65 67 66 65 64 63 67
    67 67 66 65 67 66 65 66 65 62 62 62 62 61 62 63 65 65 66 68 66 69 69
    70 71 70 69 69 69 65 66 63 62 63 60 61 60 61 61 64 63 65 68 69 71 68
    70 70 68 67 68 67 67 65 63 65 64 63 62 62 64 64 63 63 64 63 65 67 66
    66 65 65 64 61 62 66 64 66 68 70 70 71 71 75 73 72 73 69 68 65 64 64
    67 66 68 65 64 63 63 66 67 68 67 66 63 63 62 65 66 64 63 63 61 60 60
    64 65 64 61 61 62 64 65 67 68 68 66 65 69 69 69 66 64 62 60 59 60 62
    61 62 61 63 63 63 64 63 64 64 67 65 63 62 64 64 65 66 67 64 60 63 65
    67 66 66 66 66 65 66 67 65 66 64 62 62 60 62 62 61 64 61 62 63 65 65
    68 69 71 70 67 69 69 70 69 70 68 66 64 66 69 70 69 68 67 67 67 68 67
    65 61 56 57 56 56 56 56 58 56 61 64 69 70 69 70 70 68 66 68 64 63 59
    59 60 59 58 58 61 62 60 63 65 60 63 64 66 69 66 66 68 66 66 68 67 67
    65 63 67 66 66 65 65 67 66 64 65 64 62 64 62 62 61 62 63 65 64 65 67
    63 66 66 66 67 66 65 66 65 62 64 62 61 62 60 60 60 61 62 64 63 64 66
    67 68 66 67 67 66 65 64 65 66 65 64 65 65 63 62 61 64 64 62 62 62 62
    64 66 66 66 65 64 63 61 61 64 63 65 66 68 67 67 68 72 70 71 71 67 66
    63 64 65 66 66 68 64 63 62 62 65 66 66 67 65 62 61 60 63 63 62 60 59
    57 58 59 64 65 63 61 59 61 62 62 63 65 64 63 65 68 70 69 68 66 64 62
    61 61 62 62 63 62 63 63 64 66 63 64 64 66 64 64 62 63 63 64 65 68 65
    62 64 64 66 66 66 66 66 63 64 64 63 65 63 66 66 64 64 65 63 66 64 65
    65 67 67 69 70 72 71 68 69 69 69 68 70 68 66 64 65 68 69 67 67 66 66
    67 68 67 66 63 59 60 59 58 57 58 59 58 61 63 67 68 68 70 70 70 68 69
    66 65 62 61 61 59 58 57 59 61 59 62 62 58 60 62 64 67 64 63 64 63 63
    64 63 62 60 59 62 61 62 61 62 64 64 63 64 62 60 62 61 61 60 61 62 64
    64 65 67 64 65 66 66 65 64 62 63 62 60 62 59 57 58 56 57 57 59 60 61
    61 63 64 64 66 64 66 66 65 64 64 66 68 68 67 68 67 63 63 63 64 65 63
    63 63 64 67 69 69 69 68 66 64 62 63 65 63 65 67 68 67 67 66 69 68 68
    67 65 63 60 62 63 64 65 66 62 61 61 62 66 66 67 68 65 63 62 60 62 61
    61 60 58 57 59 60 65 65 64 63 61 62 63 62 63 65 64 64 65 68 69 69 68
    67 64 61 60 59 61 61 62 61 63 64 66 68 66 66 66 66 65 64 62 62 63 62
    64 66 64 61 62 63 65 66 64 64 64 63 63 64 65 65 63 62 62 60 61 62 61
    63 62 64 66 67 66 68 69 71 71 67 69 67 66 66 69 68 66 63 63 67 67 67
    67 65 65 66 67 68 68 65 62 62 61 61 58 60 61 61 64 64 68 70 69 70 71
    70 68 67 64 63 62 60 61 59 58 56 59 60 60 62 62 58 60 62 65 67 65 64
    65 64 64 64 62 63 59 58 61 60 59 59 61 65 65 63 65 63 61 62 62 63 61
    61 62 64 62 64 65 63 65 66 66 65 65 62 64 62 61 63 61 59 60 59 59 61
    62 63 64 63 65 65 64 67 65 67 67 67 66 65 65 68 69 67 67 66 63 63 62
    63 64 63 62 62 63 66 68 66 66 66 64 63 61 62 64 63 65 67 69 67 66 66
    69 69 68 67 64 63 62 64 65 67 66 66 63 62 62 63 66 66 67 67 65 64 64
    63 64 63 62 61 60 59 60 59 65 64 63 63 61 62 63 63 63 65 64 64 65 68
    70 69 67 66 64 62 60 60 59 59 59 59 63 64 66 68 67 67 68 68 65 65 62
    62 62 61 63 66 65 63 65 64 66 68 67 65 66 64 64 64 65 65 62 61 61 59
    59 61 60 63 62 65 66 68 67 69 70 71 70 66 68 66 65 64 68 67 66 65 66
    69 69 69 69 68 67 68 68 67 67 65 62 62 62 63 61 61 63 63 65 66 69 71
    68 69 69 68 66 65 62 60 59 57 59 57 56 56 59 61 60 61 61 59 61 62 66
    68 66 65 66 66 67 66 65 64 62 61 64 61 62 62 63 65 65 64 65 62 60 62
    61 61 59 61 62 63 61 64 66 64 66 67 68 66 66 64 66 64 63 64 60 60 61
    60 60 59 60 60 61 62 63 63 61 64 63 66 66 66 65 64 64 67 68 67 66 66
    62 61 61 62 63 62 63 63 64 66 68 68 66 66 65 64 62 62 63 63 64 66 67
    65 63 62 66 66 66 65 63 62 62 64 66 67 67 65 62 63 62 64 66 65 66 66
    64 65 64 62 63 62 63 62 61 61 61 59 64 64 64 62 59 59 60 60 61 63 61
    61 61 64 66 66 63 62 60 58 58 56 56 57 57 58 63 63 67 69 68 68 69 69
    66 66 62 62 60 61 61 63 63 61 63 63 64 67 66 64 67 66 66 65 68 67 65
    61 61 60 59 63 62 65 64 65 65 68 66 68 68 69 68 64 66 65 65 64 67 66
    65 63 64 68 68 69 69 67 67 69 69 68 68 66 64 63 63 64 62 61 63 63 66
    65 67 70 67 68 69 69 67 67 63 63 62 59 61 59 56 56 58 60 61 61 61 60
    63 64 69 70 70 70 70 70 70 69 68 68 65 65 66 62 63 62 64 66 65 63 63
    61 59 62 60 61 57 60 61 61 61 64 65 63 66 67 68 66 65 64 65 62 62 62
    59 57 59 59 60 59 62 62 63 62 63 62 59 62 61 63 62 61 60 61 62 67 68
    66 66 64 62 62 62 62 63 61 61 62 62 65 65 64 63 62 63 61 59 58 60 59
    62 63 63 62 60 60 62 65 65 64 62 62 62 65 67 68 68 65 62 63 63 64 67
    66 67 67 65 66 65 64 64 63 64 63 63 63 62 60 65 64 63 62 59 59 60 60
    62 64 62 62 62 65 67 66 63 61 60 58 58 57 57 59 59 61 65 67 70 73 71
    72 72 72 70 69 65 65 61 61 62 64 63 62 62 61 62 64 65 63 64 62 61 61
    62 62 62 62 62 61 59 62 63 65 65 65 65 69 66 67 69 69 67 65 65 65 66
    64 66 66 64 62 63 66 68 69 68 67 69 70 70 69 70 67 66 64 64 64 62 63
    64 65 67 66 67 69 67 68 69 67 66 66 62 63 62 60 61 60 58 59 61 63 64
    63 63 63 64 65 68 69 68 67 66 67 69 68 67 67 66 65 66 64 65 64 65 65
    64 62 62 61 59 61 60 61 59 63 63 64 63 64 65 63 64 65 65 61 62 61 63
    61 61 63 59 58 59 60 59 59 62 62 63 62 63 61 59 61 61 64 61 61 59 60
    61 66 67 66 65 62 60 61 61 62 62 61 60 60 60 63 63 61 58 59 59 58 57
    54 56 57 59 61 62 61 59 58 61 64 64 63 61 61 61 62 65 67 66 63 60 62
    63 63 66 65 65 65 64 66 65 63 63 63 63 63 64 63 62 59 63 63 63 62 59
    60 60 61 62 64 63 63 64 65 66 65 63 60 59 58 58 58 57 59 59 61 64 66
    69 73 72 71 72 71 71 71 67 67 65 63 64 66 66 65 65 63 65 67 67 67 69
    66 65 62 65 65 65 65 65 64 63 65 66 68 67 67 67 69 68 69 70 69 68 65
    65 65 66 65 65 65 64 61 62 66 67 68 68 67 68 68 67 69 68 65 65 64 64
    64 63 64 65 65 66 65 64 67 66 65 66 65 64 65 64 65 66 63 62 63 60 61
    64 64 63 62 61 61 64 65 66 67 66 66 66 67 69 68 66 66 66 65 65 62 64
    63 64 64 64 63 63 61 60 61 61 62 60 65 63 64 62 63 63 61 61 63 63 58
    60 60 62 61 61 63 60 59 60 62 61 60 62 63 64 64 65 63 60 63 62 65 62
    60 59 58 59 64 67 65 65 62 61 62 63 63 63 61 60 60 59 62 61 59 57 57
    59 57 56 52 55 57 61 61 61 60 58 57 60 64 64 62 59 58 59 59 61 63 62
    59 57 59 60 62 65 66 65 66 65 67 66 63 62 62 62 61 62 61 60 58 62 63
    62 61 60 61 60 61 62 64 63 62 64 65 66 64 63 61 60 58 59 59 57 59 59
    60 64 65 69 72 70 69 72 71 71 72 68 68 66 64 64 65 65 65 64 63 65 65
    67 67 69 67 64 61 63 63 63 70 70 68 66 67 68 69 68 68 68 70 68 69 69
    70 68 66 65 65 66 64 63 64 62 59 61 65 66 67 65 64 67 66 66 68 68 65
    65 64 65 65 64 66 66 66 66 64 63 65 63 63 63 62 61 63 62 63 64 62 61
    62 60 61 64 64 62 61 61 62 65 64 67 68 67 67 67 68 69 66 63 64 63 61
    62 59 60 60 62 63 64 63 63 63 62 63 64 65 63 66 64 64 62 61 60 59 57
    59 58 53 56 56 58 58 59 60 59 57 59 62 63 60 62 63 64 64 64 61 58 60
    59 62 60 59 58 57 59 64 67 66 66 64 62 62 62 62 62 61 60 59 58 61 60
    59 57 59 60 59 58 56 58 58 61 62 62 61 57 56 59 62 62 61 59 57 58 59
    62 64 64 60 58 61 62 64 68 68 68 68 65 67 67 64 63 62 61 60 61 60 60
    58 62 61 61 62 60 61 60 62 63 64 63 62 64 64 66 64 62 60 59 58 59 59
    56 57 56 58 62 63 67 70 67 66 70 69 69 71 68 67 66 64 64 67 65 66 64
    62 62 63 64 65 66 63 61 57 59 60 60 69 69 67 66 68 69 70 69 70 69 70
    70 71 71 71 70 67 66 65 66 64 62 63 61 58 58 62 64 65 64 63 65 65 64
    65 65 64 65 64 65 66 65 66 68 68 68 65 63 65 64 63 64 63 62 64 63 64
    65 63 63 64 61 61 62 63 62 62 59 61 63 63 66 67 66 66 64 66 68 64 63
    62 61 60 61 58 60 59 62 63 63 64 63 63 63 64 66 67 65 67 64 65 63 62
    60 59 57 59 58 54 57 57 59 59 61 61 59 58 59 62 62 60 63 62 63 63 63
    61 58 60 59 60 57 57 55 56 58 62 65 64 65 64 64 64 66 66 66 65 64 64
    62 63 62 61 58 59 61 60 59 57 60 60 63 63 62 61 57 56 58 60 59 58 57
    55 57 59 61 62 62 58 56 59 60 62 65 65 67 65 63 66 65 64 62 61 60 59
    60 60 60 59 61 60 60 62 61 61 59 60 60 61 60 61 63 63 64 61 60 59 58
    58 59 58 54 55 55 58 63 64 68 70 68 68 71 70 71 72 70 69 67 66 66 68
    68 70 66 64 63 65 65 65 66 63 60 56 59 59 60 68 68 67 66 67 68 68 67
    67 66 67 67 68 69 69 68 65 64 63 64 63 62 62 60 57 58 62 64 65 63 63
    64 65 64 66 65 64 65 65 67 68 67 67 68 67 67 64 63 63 61 60 62 61 62
    62 62 62 63 63 64 66 63 63 62 64 64 64 62 63 65 63 66 67 67 66 64 66
    67 63 62 62 61 59 60 58 60 59 62 63 63 63 63 64 64 65 66 68 66 69 65
    65 63 62 60 58 57 57 57 53 57 57 58 58 61 61 59 59 59 62 61 59 62 61
    61 60 60 58 56 57 55 56 54 55 54 55 56 60 64 64 64 65 64 64 67 67 66
    66 64 64 64 65 63 62 59 61 62 61 61 58 61 62 64 64 64 62 59 57 58 61
    60 59 58 56 58 59 60 62 62 59 59 60 62 64 66 66 67 65 62 63 63 61 59
    59 59 59 60 62 62 62 64 63 63 64 62 62 59 59 59 59 57 58 61 62 63 60
    60 59 59 60 62 61 58 58 57 60 63 65 68 70 67 66 69 67 69 72 69 68 67
    66 67 69 70 70 67 64 65 66 66 67 67 64 60 57 59 60 61 71 71 70 69 69
    69 71 70 70 67 67 66 65 65 65 65 63 62 60 62 62 61 61 61 58 59 62 64
    65 63 62 63 65 64 67 66 65 65 67 68 69 68 68 68 66 66 64 63 63 62 61
    62 59 61 62 63 62 63 62 63 64 62 63 62 64 63 63 62 63 64 64 66 67 67
    67 65 67 67 63 63 62 61 60 61 59 61 59 62 63 62 64 64 65 65 65 67 68
    67 70 67 66 64 62 60 59 58 59 58 55 58 59 59 61 64 64 61 60 60 62 61
    61 63 61 59 59 60 58 57 58 56 55 53 55 54 56 57 59 62 62 63 64 64 64
    67 66 66 66 65 65 63 65 64 63 60 61 62 62 62 61 64 64 66 66 65 64 62
    59 60 62 60 59 58 57 59 61 61 63 62 60 60 62 63 65 66 65 68 65 62 63
    62 61 59 59 59 59 61 62 62 63 63 63 64 64 62 63 60 60 60 60 59 58 60
    61 61 58 57 57 58 59 60 61 58 59 57 60 63 63 66 66 65 64 66 66 69 70
    69 69 69 68 68 70 72 72 68 67 67 68 67 67 67 65 61 58 60 60 59 70 70
    70 68 68 69 70 69 68 65 67 66 66 66 66 64 62 62 60 62 61 60 59 58 57
    58 60 62 64 61 61 61 63 63 65 64 64 64 66 67 68 68 68 69 67 67 66 65
    64 64 63 63 60 61 63 63 62 62 63 64 66 64 65 65 65 64 65 64 65 65 64
    66 67 67 66 64 66 66 62 63 63 63 62 63 62 65 64 66 66 66 66 65 67 67
    68 69 68 68 70 67 66 65 63 60 59 58 59 58 56 60 61 61 63 66 67 64 65
    64 66 66 65 66 64 62 61 60 58 57 57 55 53 52 54 53 55 56 57 61 60 62
    63 63 63 66 65 65 65 64 64 62 63 62 61 57 59 61 60 60 59 63 63 66 66
    66 65 63 61 62 64 61 59 58 57 59 61 61 64 63 62 63 64 64 64 65 65 66
    64 62 62 61 61 61 62 61 62 63 64 62 62 62 62 62 63 61 62 59 61 61 61
    61 60 61 61 62 59 59 57 59 60 60 61 59 59 57 59 61 61 64 64 65 63 65
    65 70 70 70 70 70 69 68 70 72 72 67 67 65 67 66 67 66 64 61 57 58 58
    59 70 70 70 69 68 69 71 69 67 65 67 67 68 68 68 66 63 63 62 65 63 59
    59 58 57 58 60 61 62 59 59 61 62 62 64 63 65 64 66 66 66 66 66 66 64
    64 62 63 61 62 63 63 60 61 63 64 62 62 63 63 64 63 64 64 64 63 65 63
    63 64 63 63 65 64 64 64 65 65 63 64 64 64 63 64 62 64 63 64 65 63 64
    63 66 66 67 68 68 67 70 67 65 65 61 58 56 55 57 57 56 59 60 61 63 66
    66 66 65 64 66 65 65 66 64 63 63 62 59 59 59 58 55 54 55 54 55 56 59
    60 60 61 63 64 65 68 67 66 66 66 65 63 65 63 62 58 59 62 61 62 60 64
    64 66 66 67 66 65 63 63 64 62 61 61 59 60 62 62 63 64 63 62 64 63 64
    65 65 66 65 63 63 62 61 61 62 61 61 63 63 62 61 61 59 60 61 59 60 57
    60 60 60 61 60 61 61 63 60 59 58 59 59 61 62 60 60 59 59 61 61 63 63
    64 63 66 66 70 71 71 71 70 69 67 69 69 70 65 65 64 66 65 68 67 65 62
    59 59 60 60 69 69 70 68 67 68 68 66 64 61 63 64 65 66 65 64 62 61 60
    64 63 59 58 57 56 56 58 60 61 59 59 61 62 63 65 64 66 66 67 67 67 66
    67 67 65 65 64 63 61 62 63 63 61 62 63 65 62 62 63 63 63 62 62 63 62
    61 63 62 62 62 62 62 63 62 62 62 62 62 59 61 61 62 60 60 60 62 60 60
    61 60 60 59 62 64 64 65 65 66 67 65 63 63 60 56 54 53 56 55 55 59 60
    60 62 66 66 65 64 63 65 65 65 67 66 65 63 62 60 61 59 57 55 52 53 52
    55 57 59 61 61 62 64 66 67 70 69 68 68 66 66 64 65 63 61 58 58 59 57
    59 57 61 61 63 63 63 63 62 62 61 63 61 61 61 60 60 62 63 63 63 62 60
    61 61 61 63 64 65 65 64 62 63 62 62 64 62 61 62 62 61 62 61 60 59 60
    58 61 58 60 60 60 62 62 64 64 66 62 62 60 62 62 62 62 60 58 57 58 59
    59 60 60 62 62 64 65 68 69 69 69 69 68 66 68 69 70 66 66 66 66 65 68
    65 62 60 56 55 57 58 68 68 70 68 67 67 68 66 65 63 66 68 69 71 70 68
    66 64 63 65 63 59 58 57 58 56 57 60 61 61 60 62 62 62 64 63 66 65 67
    65 65 64 64 65 62 61 61 62 58 61 62 63 61 61 62 64 61 60 63 62 62 63
    62 64 64 62 64 63 61 61 60 59 60 58 57 59 59 59 57 58 60 60 59 59 60
    61 60 60 61 60 59 59 62 64 65 65 65 66 67 64 63 62 59 54 52 50 54 54
    55 60 59 61 64 68 69 69 68 66 66 65 67 68 66 65 63 62 60 62 61 60 57
    55 56 56 58 60 61 61 61 61 63 65 65 68 67 67 67 67 66 66 67 64 64 60
    60 62 60 62 61 64 63 65 65 66 65 64 64 63 64 62 62 63 62 63 63 63 62
    62 62 60 61 60 60 61 62 64 65 63 62 63 63 63 63 62 62 63 63 62 63 62
    59 60 61 57 60 58 60 60 60 61 62 64 64 66 62 62 61 62 62 62 62 59 58
    58 57 59 57 59 59 61 61 64 64 66 68 68 69 69 68 65 68 69 71 68 68 67
    68 66 69 68 65 63 59 59 61 60 68 68 70 67 65 66 67 65 63 61 64 66 69
    71 70 67 64 65 63 64 63 58 58 56 59 57 56 57 59 60 58 60 59 60 61 61
    66 65 67 65 65 65 65 66 62 62 60 62 59 61 62 63 62 61 62 65 61 59 62
    62 62 63 62 64 63 61 65 63 61 59 59 58 60 58 59 59 58 58 56 59 60 60
    59 58 59 61 61 61 64 62 60 60 62 65 66 66 65 65 65 63 63 62 59 53 52
    51 55 56 57 61 61 62 67 71 71 71 71 69 70 70 72 72 68 67 65 63 61 63
    62 60 56 54 56 55 57 59 60 60 60 61 64 65 65 67 66 66 66 66 66 65 66
    64 64 61 61 62 60 61 61 64 62 64 64 65 65 64 65 63 64 62 61 62 61 62
    64 64 62 64 64 61 62 60 59 61 61 64 64 63 61 62 63 65 66 63 64 64 66
    64 65 64 61 60 61 58 60 58 60 59 60 61 61 62 62 65 62 61 60 60 61 60
    60 58 56 56 55 57 56 59 58 62 62 64 65 67 68 69 68 68 67 64 67 67 69
    65 65 64 65 63 66 63 62 61 58 57 59 57 67 67 69 66 64 65 67 65 64 61
    64 65 66 68 67 66 63 63 62 63 63 60 60 59 61 58 57 59 61 61 58 61 60
    62 63 63 68 66 67 65 65 64 64 64 61 61 60 63 60 62 64 64 63 62 62 64
    60 57 60 62 60 63 61 62 63 61 66 66 63 60 61 59 62 61 60 61 60 60 59
    63 64 64 63 63 63 65 64 63 64 62 59 58 60 63 64 64 63 64 66 63 63 64
    60 55 54 54 57 58 59 63 62 63 68 72 71 71 71 69 69 69 72 71 67 65 63
    61 60 61 61 59 54 53 56 55 58 60 59 59 59 60 64 65 65 68 65 65 66 66
    64 64 66 64 64 61 61 61 60 62 64 67 64 66 66 66 67 67 67 64 64 61 61
    62 63 63 66 66 65 65 66 64 64 61 59 61 60 63 64 63 60 62 63 65 66 64
    65 63 65 63 65 63 60 60 61 56 59 58 59 60 60 61 61 61 62 65 62 61 61
    61 62 62 62 61 59 59 59 59 57 58 56 61 60 61 63 65 65 66 66 66 67 64
    67 68 69 66 66 64 66 63 65 62 61 61 59 58 60 58 66 66 69 66 64 65 67
    65 63 59 63 64 66 69 67 66 63 63 62 64 65 62 61 59 61 59 58 59 60 61
    58 60 60 63 65 64 70 67 70 67 69 66 66 64 60 60 60 63 60 61 63 64 63
    62 62 64 59 57 59 61 60 62 61 63 64 63 69 68 65 62 63 61 63 62 60 61
    59 58 58 63 64 65 65 65 66 68 67 67 67 64 61 60 62 65 66 65 64 64 67
    66 65 66 63 57 56 56 59 60 61 64 64 64 68 73 73 73 74 71 70 70 72 71
    67 64 63 60 59 63 62 60 55 54 57 56 58 59 58 56 56 58 62 62 63 66 64
    65 65 66 65 65 66 65 65 62 62 61 60 62 62 65 64 66 64 65 65 67 67 64
    64 62 61 61 62 62 65 64 62 63 65 63 62 59 58 60 59 63 64 64 60 61 63
    66 67 66 67 65 67 64 66 63 61 60 60 55 57 57 57 58 58 60 60 61 62 65
    62 62 60 61 63 62 63 62 61 60 60 59 57 58 55 60 58 59 60 63 63 65 65
    66 67 64 68 70 70 66 67 66 69 65 68 65 63 63 61 60 62 60</data></your_img>
</opencv_storage>
