<?xml version="1.0"?>
<opencv_storage>
<norm_v>7.0214029937043210e+02</norm_v>
<input type_id="opencv-matrix">
  <rows>256</rows>
  <cols>256</cols>
  <dt>u</dt>
  <data>
    160 55 90 49 21 95 0 0 160 55 90 49 21 95 0 0 69 100 103 4 27 26 115
    8 87 59 51 21 123 96 41 11 26 60 114 10 119 64 114 76 43 119 110 86
    82 105 83 52 23 16 73 24 52 122 25 32 4 99 111 119 8 44 116 113 39
    108 8 5 37 113 68 76 115 115 10 90 73 120 113 93 112 43 8 77 118 18
    75 59 55 40 107 123 114 68 118 73 8 82 119 8 74 65 109 125 32 14 70
    66 59 32 85 79 3 12 101 124 46 19 16 53 105 63 47 47 93 33 124 118
    68 11 50 57 89 88 39 5 40 85 100 101 111 49 99 33 114 122 60 59 44
    58 42 23 67 12 28 11 1 40 75 124 61 96 30 107 106 64 18 92 106 113
    26 75 71 98 72 76 84 3 84 93 2 113 87 81 108 1 106 52 43 44 42 4 17
    52 72 100 66 26 42 40 75 36 101 34 123 125 49 83 92 72 48 15 54 23
    97 89 73 32 106 81 37 0 23 12 41 22 35 60 52 123 70 84 10 123 34 116
    54 3 65 90 14 120 81 104 105 59 47 9 7 4 36 41 29 97 24 92 6 108 87
    77 36 71 20 20 47 47 92 35 85 112 126 65 28 34 55 65 126 94 112 71
    118 75 78 125 16 28 19 5 30 91 98 69 34 106 103 113 73 116 13 94 48
    90 9 38 112 62 20 117 100 104 7 23 75 90 127 101 75 31 127 73 3 114
    72 19 72 36 19 48 45 51 50 13 104 125 36 30 58 55 33 15 97 102 45 5
    118 33 58 27 37 89 114 65 96 120 115 91 54 1 125 102 33 108 87 126
    127 113 65 108 112 87 10 72 113 28 98 57 9 42 127 113 118 54 103 49
    37 10 54 51 9 8 13 36 27 116 48 40 31 53 10 90 73 112 16 106 72 72
    88 49 43 95 42 33 1 28 21 22 43 93 16 58 98 1 125 17 47 48 9 37 53
    46 36 117 13 53 10 13 44 76 103 99 125 110 73 13 46 4 101 70 98 51
    23 66 20 46 40 108 12 54 56 8 120 34 19 18 47 63 75 52 64 117 19 76
    39 81 66 94 112 108 93 15 103 34 63 106 47 33 50 127 78 34 2 112 66
    70 57 2 126 95 101 17 22 43 45 112 11 57 108 37 79 49 102 111 44 107
    23 79 105 109 105 98 106 89 72 47 84 28 109 26 86 48 89 66 18 3 120
    21 74 27 123 3 2 100 23 17 122 26 17 67 9 81 82 28 41 9 31 118 83 42
    110 51 37 48 37 19 25 83 44 5 100 127 54 67 113 90 5 119 110 74 39
    51 70 31 4 92 30 83 55 18 58 77 10 117 115 18 107 34 58 35 29 36 83
    68 63 119 30 108 87 0 71 117 90 109 41 80 48 106 121 81 5 104 43 46
    120 124 77 4 37 109 22 49 121 9 47 34 70 44 15 99 50 85 22 19 102 99
    51 90 10 99 101 16 12 40 77 60 58 45 122 61 23 48 30 46 21 17 99 37
    0 65 126 44 9 119 41 0 60 34 35 58 31 100 59 58 31 86 61 65 85 78 76
    59 71 37 34 86 14 41 103 100 16 17 14 116 78 75 32 45 108 125 79 109
    65 63 115 98 53 78 35 2 127 105 116 0 90 115 49 64 91 83 79 85 74 63
    122 107 42 20 97 51 80 99 70 78 68 98 75 23 24 53 76 64 4 121 83 53
    11 88 55 22 36 95 34 125 9 61 10 18 21 69 12 102 36 84 87 37 84 92
    68 50 59 116 115 71 50 44 102 8 73 57 45 35 96 39 58 12 78 1 15 29 9
    53 82 126 13 127 115 104 29 27 40 49 13 56 30 69 78 107 94 35 43 108
    7 28 13 20 5 22 77 67 34 22 102 24 75 13 4 100 65 72 56 31 78 124
    108 62 44 28 25 119 24 44 115 126 78 36 69 85 35 115 19 66 92 65 73
    124 23 82 90 36 83 87 121 3 101 79 81 75 21 95 54 68 103 114 61 106
    57 120 36 82 24 51 37 37 36 114 74 42 18 80 68 89 22 92 50 49 75 20
    51 99 53 113 33 115 50 40 119 47 10 125 74 101 86 11 66 29 83 17 13
    2 30 82 79 6 120 48 16 0 84 103 88 23 113 9 65 104 3 83 112 59 77 15
    37 80 94 4 117 61 62 64 33 78 16 98 81 86 18 52 0 28 114 7 26 19 21
    35 72 80 85 33 56 66 62 112 11 73 82 66 84 109 89 69 15 96 66 82 90
    17 127 113 110 125 105 37 101 31 66 29 105 116 44 13 73 20 120 101
    127 38 103 92 60 50 68 53 102 38 22 70 10 56 41 105 90 47 85 120 65
    32 122 55 64 9 64 20 17 73 83 97 10 77 34 37 79 40 120 63 56 49 110
    96 41 78 39 124 57 63 45 122 39 6 72 50 81 26 22 47 79 74 12 33 57 6
    86 64 87 0 10 126 73 13 5 61 57 120 83 105 116 111 19 111 123 75 56
    46 4 94 21 16 81 79 123 25 106 58 6 109 83 55 65 79 11 78 72 100 106
    63 67 97 35 121 46 76 22 0 73 40 27 106 98 62 76 73 77 59 56 6 16 31
    94 74 35 61 123 70 5 50 79 33 10 112 89 38 85 55 76 73 85 94 76 18
    55 47 40 103 8 78 59 6 95 83 84 82 107 121 122 28 98 4 54 111 29 123
    90 119 51 26 118 68 84 38 90 66 56 15 61 87 122 31 102 123 26 69 73
    69 1 57 42 106 34 96 83 13 36 75 22 21 8 59 87 10 101 101 71 127 75
    53 94 112 40 99 39 19 94 36 7 97 35 72 14 85 4 72 40 95 117 65 104
    104 52 16 20 49 3 78 109 65 16 25 102 75 9 66 66 124 26 72 34 96 16
    37 57 107 76 69 58 124 60 34 116 79 45 92 126 9 67 95 83 76 47 105 0
    114 119 20 121 34 97 31 26 108 113 54 39 124 98 51 85 70 64 39 103
    100 39 14 69 57 71 108 33 27 84 104 93 65 97 40 121 83 38 116 63 119
    12 24 127 4 62 69 122 82 115 64 121 65 63 1 30 39 18 77 124 4 10 54
    6 81 18 33 111 18 109 84 38 69 107 94 42 23 85 114 10 119 94 61 125
    66 19 14 2 65 57 53 99 69 32 50 6 40 67 62 74 69 0 98 122 34 55 54
    123 15 61 27 59 2 55 89 98 126 17 13 16 104 79 35 108 116 42 16 87
    119 5 39 2 113 37 121 29 37 127 27 49 115 32 13 72 115 58 32 37 40
    81 58 30 45 95 29 26 35 106 119 48 11 76 124 127 4 27 73 58 105 57
    28 100 34 108 119 5 82 87 63 37 68 70 58 28 16 65 0 73 66 72 124 67
    9 39 90 99 43 25 70 83 30 12 106 71 37 22 124 95 58 50 65 72 50 67 7
    17 24 3 41 111 57 67 52 71 87 29 123 45 32 49 79 127 94 115 68 45 28
    26 23 3 9 49 23 99 8 60 52 31 92 117 1 113 41 3 14 107 122 91 113 11
    104 43 118 49 29 17 73 58 103 82 104 88 111 96 80 74 96 114 27 72 5
    119 127 18 119 39 87 17 39 63 95 114 105 74 68 1 19 27 104 66 114 50
    62 9 122 95 25 90 86 65 7 64 74 0 55 56 99 48 47 115 110 96 115 124
    46 87 44 55 120 29 69 24 3 46 83 2 12 108 80 25 32 90 116 29 29 20 4
    16 43 84 62 93 15 117 25 95 40 83 101 113 41 31 127 80 42 37 99 113
    14 103 86 63 35 98 115 11 20 66 47 125 46 36 67 37 123 124 5 1 121
    82 66 73 47 22 119 93 55 60 119 38 59 29 34 71 46 25 118 46 88 15 89
    85 127 61 118 71 95 110 28 33 4 74 125 113 2 47 78 62 50 53 67 27 91
    75 60 109 46 48 120 21 55 60 20 93 6 127 33 123 91 15 89 80 126 113
    7 23 73 85 31 68 46 39 32 19 50 91 106 87 15 26 19 32 26 36 123 64
    49 55 98 86 85 124 64 44 18 104 118 15 32 116 59 77 80 115 75 73 79
    73 27 59 105 71 106 59 106 71 13 30 22 116 8 107 107 94 120 22 83 19
    119 103 38 7 14 39 42 32 31 107 82 102 10 25 120 25 89 33 11 45 41
    21 68 104 101 112 111 77 37 58 122 36 55 103 20 31 43 66 80 17 105 3
    63 97 40 120 8 75 48 109 30 10 22 115 78 30 43 42 113 100 4 99 47 86
    59 27 38 76 64 81 65 23 14 4 99 70 39 105 15 94 44 6 36 69 26 71 113
    35 83 42 126 81 86 68 78 63 11 85 94 77 99 73 124 111 98 49 31 45 40
    12 97 40 92 35 51 6 18 24 121 54 66 26 41 119 65 94 4 76 94 68 44
    125 77 96 32 43 15 111 7 29 58 5 18 91 60 83 71 79 105 72 91 62 119
    90 104 15 99 113 6 14 65 27 109 25 9 29 55 11 36 109 97 100 15 86 63
    95 37 28 31 32 14 122 68 60 1 71 42 46 110 112 125 114 89 8 13 48 47
    74 78 82 15 107 59 67 43 49 58 80 61 19 49 84 127 16 48 23 100 82 71
    104 97 86 107 4 1 126 59 0 42 3 67 34 108 19 29 14 85 14 38 43 13 52
    30 84 120 77 126 53 54 6 48 53 34 11 17 100 15 103 29 55 20 62 105
    112 96 32 73 20 117 82 52 77 20 113 102 45 62 65 38 16 94 2 52 91 55
    37 107 6 52 85 59 29 29 120 119 25 67 63 21 118 58 113 48 55 23 90
    26 22 46 34 63 8 55 33 34 112 47 27 3 45 71 22 33 58 74 45 44 50 113
    34 110 26 68 99 17 66 89 105 110 58 49 13 33 92 63 105 83 39 86 32
    27 47 16 71 46 91 91 25 7 33 65 59 24 24 65 52 52 29 109 116 104 96
    52 38 114 90 31 70 1 87 4 5 28 2 16 10 26 44 78 59 100 75 117 68 2
    94 40 81 36 43 124 60 80 5 110 0 46 10 95 57 43 96 103 70 118 123 68
    23 65 36 55 91 127 44 114 46 12 92 17 112 86 46 22 89 73 80 68 96 79
    23 55 43 11 118 117 36 123 14 91 110 124 19 118 6 44 22 122 97 85 3
    34 119 91 4 17 9 94 80 118 60 18 57 37 52 103 20 50 33 37 25 66 41
    101 60 112 38 91 125 104 101 59 117 54 10 103 16 31 122 31 103 124
    72 48 42 102 81 32 81 22 120 65 93 45 25 75 120 21 2 46 20 90 62 34
    53 74 124 79 31 29 31 58 66 9 2 32 65 56 95 117 105 113 88 41 67 42
    70 5 109 26 38 78 1 118 42 25 100 116 35 81 106 76 62 75 30 102 69
    11 122 100 95 15 62 33 59 18 42 3 6 1 116 96 74 2 117 52 62 119 55
    32 17 76 58 35 25 93 31 109 67 1 65 120 94 15 44 73 56 84 22 87 103
    100 96 32 30 64 0 94 102 86 98 87 3 92 56 53 32 68 68 120 41 107 123
    16 114 42 75 11 50 3 95 121 33 50 53 119 14 35 21 26 83 7 17 8 85 30
    88 99 95 63 64 25 83 41 59 85 54 57 106 55 127 86 87 35 23 26 95 96
    123 65 65 18 100 30 79 102 18 26 89 40 95 21 53 125 87 46 116 89 27
    102 122 52 33 38 89 38 83 40 15 84 21 54 108 26 40 108 119 12 32 49
    35 67 62 73 39 122 33 14 56 78 48 79 95 81 62 84 52 118 68 21 23 22
    19 109 73 116 14 118 86 105 119 68 94 78 98 91 106 89 72 46 27 88 27
    83 103 36 123 113 67 9 41 105 51 38 61 73 95 2 98 86 21 57 86 74 41
    102 54 73 46 105 1 96 76 7 45 56 43 108 94 100 21 20 51 109 94 90 62
    52 40 56 4 96 91 32 95 38 41 2 91 69 101 60 94 113 118 23 115 120 93
    63 88 86 74 121 116 69 19 89 102 80 107 14 74 107 63 0 73 8 78 91 29
    9 117 5 102 27 24 117 86 64 32 29 80 62 86 56 89 115 97 127 97 29 23
    45 29 54 37 103 107 7 107 32 43 115 11 53 95 87 55 112 63 19 27 82
    62 4 4 126 127 106 2 55 34 43 92 122 4 126 84 1 73 91 72 16 61 127
    19 110 108 97 100 74 98 109 59 94 99 39 1 0 64 7 38 21 22 84 43 77
    113 20 115 118 101 75 91 12 19 113 113 89 88 95 82 86 36 127 81 25
    62 43 103 4 34 7 66 48 112 36 30 78 89 83 69 14 60 88 75 54 71 84 43
    38 76 46 109 47 92 64 16 98 86 63 90 19 70 116 24 14 120 121 23 34
    72 90 72 58 116 63 41 13 47 41 83 41 13 5 50 34 9 42 96 125 100 8
    104 125 29 79 0 66 50 68 13 19 7 114 78 84 121 58 96 65 114 68 57 4
    101 120 73 10 81 27 47 105 92 78 111 15 14 39 28 66 115 73 116 0 118
    46 44 89 60 91 94 34 90 88 11 17 56 77 68 66 92 56 36 110 89 17 109
    41 27 43 3 6 8 44 79 51 78 13 11 55 9 22 12 38 102 90 53 126 6 32 64
    26 22 79 97 44 114 56 120 19 124 45 75 95 37 53 16 98 54 33 5 52 88
    119 14 18 81 38 78 35 9 36 29 45 94 13 92 18 2 98 38 13 31 37 5 78
    126 124 108 70 6 9 57 83 72 102 32 73 110 101 20 108 70 44 33 106 10
    40 64 51 2 10 2 116 82 83 118 55 100 43 59 36 0 91 46 102 111 43 117
    64 10 81 76 38 19 77 101 94 94 124 105 51 23 84 100 10 12 53 112 101
    85 26 110 68 53 101 105 40 125 91 73 6 32 1 50 101 14 47 14 105 56
    110 120 74 8 51 1 119 90 77 115 57 123 19 120 51 119 65 107 115 72
    65 48 19 76 17 101 37 8 71 72 82 54 37 7 59 42 59 118 47 22 56 70 98
    111 29 13 111 37 20 48 46 39 126 21 31 116 86 35 58 101 19 83 2 127
    110 127 63 55 120 60 47 66 80 27 8 8 65 116 96 25 63 55 84 7 81 99
    113 51 58 31 23 34 27 14 113 115 43 85 18 124 88 70 4 79 71 16 115
    70 65 29 3 9 56 3 18 75 100 4 120 126 49 1 76 73 65 15 33 4 115 39
    113 18 125 16 123 27 20 43 84 103 98 65 32 44 113 55 10 62 68 64 65
    67 99 71 29 101 48 117 6 32 87 15 33 24 99 115 97 7 52 125 85 11 70
    55 54 60 41 48 8 25 22 76 26 22 105 109 63 43 12 42 93 19 123 15 70
    108 116 60 123 45 73 25 18 107 36 126 64 29 104 23 83 53 15 92 120
    39 119 70 89 39 93 82 108 81 28 26 64 17 11 119 36 114 40 70 101 19
    4 81 79 3 63 113 84 44 63 113 78 81 74 53 7 57 14 41 63 65 48 63 19
    91 110 95 69 81 49 71 28 97 101 69 82 39 36 7 47 32 24 35 22 62 18
    77 14 53 1 28 77 95 109 29 60 108 87 26 41 75 14 59 95 87 20 116 127
    27 59 40 4 34 66 42 103 29 114 117 107 85 122 55 1 38 36 26 18 111
    71 59 94 28 88 29 101 88 62 78 18 31 110 95 114 113 35 104 104 37 44
    75 26 0 27 46 6 62 4 107 112 76 91 72 62 58 73 44 60 57 80 105 16 5
    26 5 64 82 59 57 105 28 119 34 87 123 45 39 45 95 78 103 73 1 112 51
    110 68 4 69 51 19 16 114 8 55 62 97 31 61 106 22 43 10 82 99 58 53
    74 38 92 65 54 13 13 33 93 48 28 116 15 97 15 42 72 43 29 23 19 126
    15 94 70 65 115 52 72 60 74 86 57 8 111 15 24 65 58 78 87 98 114 101
    20 0 21 21 110 47 92 15 5 71 66 44 66 86 100 19 29 43 108 100 99 102
    91 62 112 66 59 17 79 18 47 95 9 62 46 7 49 50 76 7 93 27 100 30 6
    76 39 24 112 108 15 103 5 25 10 118 13 17 20 53 7 103 92 50 114 112
    33 15 45 22 42 83 74 26 28 79 12 47 63 111 44 32 33 100 94 12 39 5
    13 5 43 124 105 116 2 125 75 55 10 75 44 53 71 63 7 104 66 78 107 30
    63 46 97 103 33 71 42 43 49 108 57 56 13 5 86 118 84 116 45 29 69 86
    84 93 46 112 33 72 13 78 80 102 4 38 24 83 110 68 84 57 109 4 57 89
    24 85 0 29 107 33 42 102 108 97 42 115 28 47 49 54 66 94 104 28 101
    70 4 111 106 120 124 99 87 5 75 63 44 17 97 116 87 8 35 49 35 118 9
    99 70 23 30 77 84 97 70 98 95 41 10 3 36 122 20 89 122 106 5 120 24
    114 28 30 87 57 56 26 65 5 119 70 22 3 107 63 124 101 84 9 6 28 97
    37 14 47 121 93 15 71 63 77 89 61 69 97 124 19 10 80 32 5 119 38 95
    67 32 74 125 100 84 110 101 13 114 58 95 40 44 18 90 75 26 74 33 8
    39 51 63 52 66 84 59 97 101 121 83 83 31 44 44 109 56 99 88 9 15 17
    73 60 15 109 106 49 6 71 50 0 77 106 88 36 25 1 6 43 98 94 69 119 85
    91 40 76 125 98 74 123 111 67 23 52 69 92 45 59 99 57 114 30 1 63
    104 84 86 38 49 51 57 86 103 69 21 79 9 78 38 50 10 56 69 30 77 26
    46 111 38 87 70 95 3 111 79 108 87 104 78 54 4 126 12 116 61 54 43
    22 28 43 49 117 94 19 81 59 45 94 107 113 107 79 53 119 109 100 56
    99 111 65 39 22 17 78 95 64 104 31 25 84 48 99 73 102 41 75 109 108
    37 9 107 59 72 4 115 61 49 9 125 26 72 36 108 39 93 37 127 112 70 37
    94 82 11 47 27 96 101 126 118 125 3 28 20 64 25 110 87 91 118 82 127
    69 113 120 22 100 5 121 89 24 28 59 70 46 65 93 81 12 29 116 60 6 72
    80 120 82 27 77 84 99 88 31 90 104 84 53 62 69 100 90 24 77 88 65 87
    111 78 73 73 91 24 113 0 33 31 109 97 57 120 39 63 111 68 41 99 115
    125 83 22 124 12 110 33 42 86 80 91 22 76 82 40 31 10 27 127 27 101
    79 26 103 95 53 60 48 1 13 48 11 11 125 58 0 97 70 83 71 13 45 97 99
    66 31 26 27 58 43 88 38 118 34 60 60 90 48 2 8 6 14 119 122 104 29 3
    112 110 2 93 57 7 21 26 24 87 8 81 84 49 89 94 95 41 81 54 73 113 87
    53 25 91 93 101 0 33 70 29 66 111 77 118 65 10 46 3 86 119 123 21 49
    33 11 21 83 40 41 88 75 96 94 18 92 42 54 52 82 49 115 26 68 14 24
    48 86 81 41 125 7 120 49 51 118 10 31 17 11 73 35 23 38 56 11 64 19
    113 35 101 121 30 18 71 80 50 42 48 59 64 12 39 44 34 66 57 49 22 79
    31 32 47 66 38 114 22 61 109 50 63 93 49 84 85 109 101 67 48 107 79
    30 120 95 88 8 126 51 76 19 51 6 127 46 60 61 63 114 79 127 83 28
    126 101 6 82 112 60 44 36 33 97 5 85 107 47 25 23 29 122 25 74 57 80
    23 72 18 54 3 50 8 2 95 59 6 79 41 81 46 88 10 66 24 126 57 120 21
    66 25 35 71 93 33 5 105 16 3 44 122 114 73 96 22 50 119 44 22 117 84
    12 60 43 25 112 83 72 30 17 93 47 68 2 75 26 72 102 38 69 36 53 100
    19 104 39 51 7 86 85 121 98 4 111 20 64 122 37 7 76 116 27 11 95 7
    100 40 63 50 59 120 42 8 6 37 29 3 36 60 118 90 88 102 61 114 74 119
    90 124 92 65 126 30 40 66 65 83 114 64 89 62 81 33 82 17 96 43 42
    119 113 93 119 52 27 89 87 69 114 98 49 97 26 111 33 36 113 105 108
    115 22 116 124 47 40 70 70 114 55 89 101 3 67 83 32 31 123 79 63 87
    71 77 38 58 26 105 117 54 82 91 36 74 124 0 57 18 113 17 10 30 67 62
    76 5 30 58 76 9 127 47 38 95 75 66 83 14 71 88 115 104 84 56 3 118
    110 22 127 42 112 66 92 44 36 89 50 26 71 118 39 70 72 4 72 126 117
    114 9 40 109 110 6 98 20 4 32 115 20 1 75 33 38 76 104 97 99 68 72
    82 46 60 19 68 47 60 115 104 98 36 92 117 60 30 47 125 43 52 26 36
    53 37 126 80 39 116 3 67 23 14 81 28 51 98 66 116 11 23 20 100 95 68
    85 22 101 125 4 104 27 51 47 72 5 56 67 96 95 57 59 126 16 11 59 16
    115 12 15 89 42 95 71 33 120 24 0 46 30 90 70 114 8 109 100 49 31 77
    94 76 95 90 90 120 122 41 28 10 105 61 96 89 118 23 72 71 46 5 21 23
    88 122 73 84 46 100 106 75 52 23 70 114 67 20 113 17 60 5 15 115 93
    102 120 109 28 82 91 11 62 76 20 82 113 56 12 113 55 3 54 6 99 90 49
    70 91 77 64 5 28 12 22 94 53 50 35 85 87 114 95 26 31 79 27 78 44 68
    2 105 36 75 88 127 116 96 127 3 0 81 80 47 67 110 17 44 72 107 80 42
    125 6 57 68 74 21 9 72 112 103 71 85 109 79 2 77 53 48 6 52 45 75 23
    109 32 109 82 43 5 110 102 113 113 79 73 36 68 59 93 110 8 112 73 18
    90 29 47 95 104 117 95 7 103 4 12 102 58 74 43 11 46 14 65 55 127 39
    41 110 75 45 88 96 70 56 90 22 77 92 12 75 17 118 122 63 90 15 7 88
    109 19 61 50 58 45 72 32 90 105 78 101 106 39 15 32 50 74 126 52 18
    123 55 6 24 79 110 113 11 118 117 1 53 76 118 84 54 59 9 39 62 108
    68 104 36 80 41 19 22 90 105 4 48 71 120 46 24 31 127 125 123 60 75
    113 95 35 80 58 69 10 18 37 20 122 6 87 85 123 39 68 121 48 48 34
    111 1 85 45 125 34 15 126 12 21 116 40 18 45 43 98 2 3 103 100 125
    51 0 80 47 37 56 121 56 88 13 60 8 3 46 62 107 53 2 63 32 29 4 13 61
    97 25 83 65 26 108 65 30 83 121 81 86 102 98 125 61 118 27 120 20
    102 56 72 46 67 99 48 126 115 108 123 115 2 2 14 81 98 39 122 24 71
    106 10 116 66 29 51 28 52 83 102 63 121 88 86 55 96 96 116 74 79 92
    22 87 105 11 7 53 107 24 27 85 32 119 97 39 5 11 103 90 82 8 52 21
    54 67 78 29 123 70 103 9 35 96 127 33 4 75 21 124 51 44 6 97 58 26
    82 111 90 75 2 61 101 42 116 26 60 12 42 72 93 114 106 76 64 8 69 95
    98 111 10 94 93 8 28 25 33 93 13 2 38 115 38 104 110 88 54 106 103
    35 95 103 94 127 18 12 45 50 86 113 20 27 95 18 69 46 86 68 18 90 46
    77 94 7 4 109 45 44 50 82 98 88 34 26 66 84 14 30 95 11 64 51 78 29
    105 54 43 60 116 63 51 25 72 71 20 51 69 127 3 57 0 119 20 70 3 72
    73 71 8 44 25 36 44 117 32 49 40 102 106 22 71 103 114 53 25 79 61
    24 97 8 77 93 47 88 28 15 1 89 69 84 110 61 39 11 103 82 97 56 126
    83 84 112 2 63 121 40 126 15 88 36 17 81 102 81 8 58 107 0 86 67 54
    114 28 94 63 11 51 44 86 119 60 77 10 76 14 113 102 55 119 80 12 33
    117 81 113 42 41 88 101 49 35 49 78 105 40 47 95 37 39 84 14 56 104
    112 114 19 34 49 50 69 27 16 75 51 75 10 62 60 44 32 54 55 68 79 126
    123 124 127 97 116 34 18 50 83 90 81 85 33 60 73 116 35 94 69 21 84
    74 80 121 99 87 46 9 16 4 27 38 66 57 77 74 53 127 13 71 23 72 77
    109 112 101 38 18 5 107 30 60 16 1 57 125 62 102 0 27 13 52 112 7 22
    34 101 52 119 5 112 7 6 127 48 113 48 123 6 20 67 94 124 62 34 33 89
    106 67 55 15 15 71 68 70 6 20 105 85 11 37 123 43 95 87 1 61 12 4
    126 21 11 57 79 66 122 125 53 55 3 17 62 74 96 117 116 84 54 56 20
    50 70 80 104 93 6 50 109 112 110 112 42 24 32 18 113 89 67 74 56 70
    26 126 40 57 30 24 40 1 28 67 6 22 24 97 81 110 57 110 79 84 80 77
    92 120 104 26 69 16 11 20 58 71 33 35 47 4 10 9 30 75 85 11 44 127
    61 83 120 108 29 85 11 34 117 119 95 73 120 87 113 120 102 117 116
    77 6 72 11 10 56 79 6 72 113 75 21 46 64 55 36 93 93 72 10 56 59 35
    105 7 32 57 60 42 63 76 56 87 17 32 37 39 86 76 111 97 85 19 30 20
    96 72 94 126 43 72 36 27 48 52 33 28 52 120 28 103 85 20 89 62 92 24
    96 82 44 16 103 106 117 35 52 63 100 4 10 54 11 55 83 0 97 79 115 53
    52 84 20 84 41 119 125 35 89 51 59 69 55 97 120 27 112 46 120 78 31
    44 13 105 110 50 127 56 62 21 10 119 70 86 121 96 38 80 118 1 96 112
    42 100 51 122 40 124 17 26 42 10 47 62 32 36 99 31 12 92 6 99 33 14
    110 88 81 126 104 90 92 27 112 39 117 94 65 24 113 4 116 73 49 80 21
    21 84 91 120 94 44 12 81 74 88 127 0 89 105 113 51 91 33 10 4 108 25
    24 84 54 14 69 0 51 32 57 119 92 35 30 21 47 40 109 20 123 71 85 8
    54 127 95 110 45 9 125 8 95 58 10 43 126 12 54 67 116 104 98 42 66
    62 23 58 2 73 5 77 17 12 122 126 29 106 110 90 79 31 115 6 7 33 61
    94 36 116 112 98 26 89 90 65 69 94 9 31 58 105 122 65 26 30 116 21
    105 12 67 53 36 22 52 15 95 58 60 118 50 16 90 121 17 73 93 108 124
    106 98 56 57 38 108 33 25 123 104 78 90 38 109 59 76 116 125 69 21
    95 52 51 61 24 21 19 82 33 125 40 116 75 113 51 118 49 23 16 42 51
    39 29 79 4 20 118 102 55 74 60 100 56 109 114 41 56 92 6 51 126 123
    94 14 16 88 116 112 54 105 74 56 11 17 32 58 109 113 34 65 92 96 56
    101 66 82 69 87 122 32 59 99 72 104 41 115 8 96 101 126 56 38 93 118
    71 125 22 26 86 51 53 121 48 79 0 92 73 89 46 122 87 72 10 115 103
    113 18 32 37 108 75 35 115 40 26 78 30 14 2 69 127 85 45 4 119 3 7
    56 94 28 37 49 32 114 125 8 23 69 49 75 66 102 46 1 11 121 0 97 94
    62 95 11 15 68 14 63 124 56 56 78 101 104 84 66 20 24 14 53 11 53
    104 52 115 111 88 62 76 64 49 92 118 53 73 34 75 63 126 41 37 16 66
    123 1 5 92 122 81 107 109 59 85 66 126 40 89 90 65 73 121 78 90 93
    45 0 85 14 67 52 78 7 66 15 125 43 21 76 25 77 101 39 109 43 97 86
    80 19 112 52 89 9 26 20 10 87 98 23 88 77 65 60 125 33 1 81 3 34 81
    88 77 32 29 104 23 1 56 58 84 14 60 18 73 100 35 11 22 9 116 68 44
    21 104 80 52 102 71 29 113 119 21 72 119 117 95 68 39 65 14 98 16 41
    85 15 93 6 104 39 123 34 72 46 112 109 39 48 15 110 4 13 11 57 86 91
    127 81 15 68 67 118 38 85 70 53 62 41 90 44 121 23 4 127 12 58 37 54
    12 119 56 56 112 112 88 91 47 37 87 116 126 30 63 102 20 74 71 63 54
    56 52 95 56 33 59 104 79 34 120 15 119 77 76 60 11 67 112 21 53 102
    29 30 113 17 56 117 29 114 32 72 90 40 97 28 117 93 34 64 45 12 126
    94 12 18 23 100 83 90 123 119 113 93 61 25 80 15 98 66 4 109 14 14
    115 111 106 103 100 100 49 72 55 124 74 18 34 11 78 64 14 69 122 33
    10 36 122 8 2 40 84 22 33 99 43 13 6 99 36 11 38 124 40 92 41 19 113
    78 47 118 100 15 19 65 66 98 26 42 13 66 0 105 80 100 53 104 34 109
    53 32 73 61 87 73 79 92 0 43 122 116 65 88 106 57 87 124 11 32 122
    19 113 24 19 51 93 100 97 117 123 93 85 88 101 38 70 49 49 87 107 73
    108 8 114 34 47 103 41 11 94 57 51 86 117 73 119 56 108 103 64 54 67
    125 10 39 114 65 37 91 78 75 0 123 51 17 83 93 76 71 102 127 41 65
    73 68 119 89 3 9 84 95 64 106 25 1 29 60 19 2 113 75 5 60 2 25 85 29
    79 57 49 95 31 52 73 32 89 103 117 0 80 47 17 83 126 71 71 41 27 60
    125 37 83 20 5 86 24 32 9 49 67 61 28 33 67 27 35 3 103 39 126 112
    78 94 100 125 22 11 90 13 27 88 76 97 85 65 114 82 22 121 4 104 0 40
    43 88 83 75 51 4 103 82 60 103 58 77 86 15 92 119 79 46 21 86 107 70
    17 33 96 18 51 78 57 21 107 33 126 99 100 38 26 109 112 49 70 46 55
    78 14 90 10 22 88 116 92 47 93 12 34 22 28 93 109 15 84 9 35 59 51
    111 110 105 85 71 100 114 126 68 95 92 22 13 69 78 22 78 59 37 84 6
    115 50 114 24 92 57 63 67 35 124 127 109 51 109 1 32 78 103 37 50
    104 83 119 85 90 34 85 18 64 25 66 27 4 100 18 63 64 15 30 76 127
    103 119 23 20 31 70 19 38 33 65 23 79 99 7 31 62 121 78 33 42 99 30
    125 24 3 94 44 126 83 81 105 10 90 32 5 45 108 76 117 36 19 42 0 22
    17 71 124 119 39 26 13 22 73 17 28 79 71 97 115 82 90 86 113 15 98
    48 58 75 90 26 51 84 84 6 104 126 123 71 121 24 16 106 63 70 84 19 0
    72 34 99 23 16 64 62 66 21 32 84 58 37 53 71 114 120 119 45 69 105
    16 41 43 102 109 22 108 1 125 63 71 96 120 50 26 55 30 111 69 35 34
    24 51 47 2 51 98 29 74 115 87 124 123 52 89 6 62 27 37 123 75 3 107
    36 60 68 42 15 72 96 108 31 98 36 49 64 106 28 74 86 108 22 61 42 47
    110 125 99 28 62 10 101 80 98 73 49 108 105 50 20 109 122 56 6 27 74
    39 6 40 109 43 123 25 40 10 11 48 123 35 28 84 63 44 91 97 126 126
    93 127 57 107 78 3 95 36 49 62 0 68 100 59 127 42 60 97 29 79 120 25
    12 125 6 21 69 56 16 111 18 17 104 20 126 119 121 57 115 72 118 25
    46 80 45 103 66 112 124 72 31 123 68 58 60 77 103 124 4 47 75 42 57
    98 62 86 67 43 118 16 46 8 42 10 73 87 54 70 13 96 55 48 62 124 60
    121 101 23 17 32 61 67 71 25 73 55 27 37 27 80 30 54 75 82 32 43 59
    29 57 29 75 32 0 63 77 121 119 89 51 110 61 93 4 112 9 25 108 87 100
    13 113 92 98 43 124 6 7 51 52 93 17 106 105 94 32 89 51 101 41 122
    103 80 17 59 30 84 70 40 46 123 15 62 45 52 34 34 8 74 74 108 26 14
    26 14 110 25 50 82 1 100 10 44 35 123 36 34 14 34 121 82 60 91 16 37
    68 90 69 38 104 88 74 11 97 85 81 9 61 87 35 83 60 79 0 80 83 27 10
    52 61 23 24 14 30 90 7 92 22 36 79 60 68 120 102 82 13 70 90 7 29
    116 110 45 91 34 125 102 34 22 65 91 46 25 91 6 65 11 23 26 1 6 106
    104 5 8 53 113 32 2 126 118 43 126 24 38 105 69 93 75 61 39 100 113
    60 40 100 3 123 97 104 35 90 58 90 25 117 116 24 71 114 72 122 81 80
    103 110 52 66 105 23 40 67 63 89 86 123 125 7 84 22 1 41 93 19 62 25
    5 105 16 6 48 16 36 3 50 110 41 47 54 96 75 68 26 16 46 51 7 111 116
    84 126 92 7 68 1 93 22 89 23 31 65 15 19 86 79 49 119 55 13 18 67
    115 98 15 68 84 28 90 76 102 6 69 107 41 27 38 92 106 11 108 69 46
    125 47 88 127 40 104 39 89 41 50 125 104 4 99 34 2 120 23 40 86 6 88
    94 99 48 31 95 38 79 76 41 44 96 1 20 67 104 31 67 92 73 32 8 76 52
    50 9 65 103 105 127 115 98 23 85 101 39 119 119 126 81 66 32 87 65
    67 22 34 115 71 124 70 85 123 40 10 96 14 61 40 81 65 56 94 48 51 63
    115 63 4 31 10 99 32 111 57 85 59 62 120 21 99 74 14 80 45 127 51 18
    75 9 107 3 120 67 19 41 91 75 6 62 94 69 62 100 92 49 41 94 29 125
    93 21 82 110 124 108 77 97 34 87 25 46 117 120 59 44 96 55 3 96 49
    95 64 105 122 14 125 72 65 0 100 37 3 113 33 61 17 104 88 0 89 126
    118 31 43 26 112 46 5 61 78 55 102 6 103 121 117 127 86 42 28 77 6
    24 15 113 80 68 79 101 91 106 122 7 15 57 67 41 68 43 116 86 30 120
    49 27 27 66 80 117 56 47 109 123 47 31 100 46 1 86 54 57 7 94 74 51
    75 5 74 57 119 21 85 85 72 110 22 5 70 5 30 73 96 100 18 106 41 110
    97 87 99 66 17 40 48 57 68 35 66 61 19 42 14 112 56 13 58 38 101 32
    83 99 5 38 47 2 39 47 69 5 79 85 70 86 84 58 0 115 110 21 57 117 39
    46 23 114 96 90 56 87 27 120 106 22 9 115 7 105 47 39 59 29 116 62
    124 24 18 45 56 41 98 88 29 21 113 26 107 59 62 127 45 76 97 106 97
    93 93 72 79 61 79 122 41 2 61 108 81 46 9 5 43 63 0 83 94 62 25 51
    55 52 53 1 62 10 92 36 48 51 1 75 40 109 64 115 68 19 75 80 88 4 18
    93 81 116 25 16 34 48 119 12 52 3 13 8 77 73 33 19 31 93 104 127 33
    55 65 91 121 21 59 114 42 7 93 41 45 16 57 74 52 98 48 105 70 54 37
    86 29 73 76 83 100 18 105 48 109 15 76 15 74 53 89 67 24 44 90 78 50
    76 27 101 45 72 39 80 58 1 45 12 98 18 91 40 83 108 54 73 19 12 24
    86 60 120 104 127 100 4 11 60 126 20 79 60 61 18 113 105 57 41 18 41
    58 34 63 54 98 90 32 31 80 33 108 34 97 110 44 75 29 71 81 20 107
    115 81 23 111 39 94 61 91 87 49 111 71 4 84 32 43 113 60 7 51 17 10
    73 81 115 114 59 93 75 6 11 80 33 31 17 64 50 45 73 91 56 9 69 47
    125 38 62 13 69 18 23 113 19 2 70 59 99 126 49 87 11 106 75 122 25
    10 51 6 20 107 90 123 83 6 19 95 63 28 105 37 64 65 91 33 84 100 5
    111 13 98 34 30 44 54 81 116 37 57 121 38 28 90 14 8 72 80 77 116
    110 5 70 26 24 41 5 68 102 85 123 79 0 32 30 52 117 27 119 41 71 27
    108 27 104 76 112 7 51 61 80 4 57 21 94 82 27 76 19 20 88 68 84 36 5
    48 43 121 127 12 52 65 50 66 58 58 29 46 8 67 37 21 18 18 62 77 43
    37 11 78 115 82 80 37 20 3 87 85 41 4 51 115 34 109 119 1 81 40 19
    44 47 71 4 84 68 106 5 93 2 50 36 69 41 34 38 34 6 45 114 116 113 48
    76 6 79 54 21 61 5 38 93 2 40 23 83 66 17 4 36 74 53 93 75 44 65 52
    14 30 41 85 86 37 94 19 42 35 14 33 38 66 119 2 35 123 114 15 115 83
    106 106 64 67 85 121 3 13 26 125 3 29 19 53 40 125 9 50 62 86 103 50
    42 9 44 31 111 80 45 51 61 37 61 19 61 29 109 89 119 113 18 90 13
    122 63 100 33 23 103 15 111 49 31 30 20 65 103 26 124 116 89 40 40
    63 78 66 89 49 112 75 22 71 123 19 36 70 96 56 69 106 89 122 114 43
    62 72 19 0 15 35 57 36 120 90 19 98 15 16 2 116 116 39 59 92 26 27
    28 5 43 102 28 29 38 106 73 30 91 66 81 58 40 103 25 77 103 45 121
    85 54 110 99 119 49 15 73 97 13 62 48 100 124 3 61 110 73 115 2 64
    105 84 42 112 44 81 89 46 31 24 45 55 15 11 38 61 106 69 26 61 4 101
    18 45 52 105 82 115 92 100 7 75 104 104 72 98 111 37 10 23 4 126 127
    34 116 124 15 81 121 119 13 106 36 45 74 108 42 34 59 109 6 118 52
    113 64 68 73 26 12 123 25 54 119 19 51 30 63 50 23 3 51 123 113 53
    20 124 117 7 9 97 4 45 44 60 70 66 87 61 127 90 29 125 94 94 97 74
    41 19 61 87 115 125 53 15 118 81 37 22 6 56 13 83 104 91 115 37 52
    46 45 70 40 66 95 76 104 78 52 85 122 70 37 18 47 47 97 43 109 32
    102 33 93 32 12 60 107 10 64 61 112 11 69 64 31 72 47 62 38 32 103
    18 89 67 25 20 80 33 72 33 45 81 19 78 122 126 31 106 46 70 97 37
    119 30 76 3 91 78 75 46 51 80 7 1 83 69 67 102 120 119 41 23 115 16
    9 44 4 1 127 117 0 120 96 81 127 108 30 40 20 39 33 123 97 43 64 119
    21 125 50 72 23 78 40 30 13 60 35 41 63 25 97 5 90 94 69 68 111 99
    15 112 111 59 51 73 31 2 121 119 8 116 91 33 43 16 119 67 81 112 39
    67 13 16 118 112 81 24 32 89 75 52 118 102 16 11 11 97 36 51 88 126
    53 115 75 91 51 57 20 33 78 67 127 39 13 47 66 7 0 14 68 56 99 70 56
    126 40 59 37 67 33 94 46 80 110 65 110 115 111 15 14 30 53 11 70 23
    109 26 62 59 17 35 92 86 74 25 24 117 32 95 46 83 26 106 5 14 121 8
    110 111 106 9 73 16 37 13 89 31 120 73 26 0 72 111 17 112 31 92 40
    61 41 62 55 117 66 89 106 3 11 41 17 28 100 58 15 0 68 56 37 112 84
    16 29 0 12 67 127 66 82 67 73 66 5 106 92 78 73 71 63 47 111 18 44 0
    64 87 27 72 69 101 57 92 92 44 115 8 87 12 91 117 82 29 60 70 42 111
    75 68 35 55 24 124 88 73 24 119 3 52 74 85 106 89 106 84 118 33 57
    66 48 17 99 39 117 122 16 11 40 92 126 32 39 70 87 63 37 108 87 59
    48 100 118 36 61 15 16 100 79 21 9 71 40 106 99 17 26 33 38 74 66 71
    40 7 60 76 107 73 51 38 1 71 94 44 93 110 28 108 123 110 0 69 56 81
    90 79 41 7 115 39 99 108 122 110 96 106 117 16 67 105 27 38 37 41 85
    119 30 57 108 104 126 46 12 46 105 57 57 109 42 94 14 30 111 51 91
    47 89 76 33 61 45 123 88 19 12 33 35 60 15 34 125 63 3 13 17 8 41 65
    46 98 7 28 10 126 67 112 96 51 37 127 53 107 80 29 84 102 70 70 19
    70 30 117 126 48 81 4 45 116 55 82 126 37 96 17 66 23 75 23 118 0 1
    45 38 91 119 41 77 47 8 100 15 87 19 19 33 24 61 11 69 41 91 60 19
    68 24 76 52 26 71 90 96 123 4 89 96 78 60 10 76 18 28 88 50 15 82 45
    125 17 2 36 86 111 45 66 62 6 105 5 65 67 37 3 89 43 2 52 50 29 78
    118 57 112 20 43 50 9 37 48 121 37 21 22 22 100 26 119 9 18 98 3 21
    15 32 39 61 18 58 30 1 17 119 125 45 80 127 12 95 14 52 11 67 11 55
    93 79 14 18 119 54 5 73 91 22 12 36 11 86 127 41 47 101 27 38 53 112
    38 94 106 44 54 119 7 104 96 107 13 97 78 79 18 126 10 76 99 19 123
    74 127 8 109 46 46 112 83 3 5 28 28 108 85 97 53 116 54 94 26 95 127
    12 113 94 52 81 53 96 126 46 98 73 18 49 62 48 81 95 80 85 40 67 104
    42 93 51 31 69 97 122 73 77 37 71 70 109 41 8 75 23 24 80 41 71 35
    121 17 83 89 8 34 2 117 92 127 90 18 49 100 0 28 43 24 84 70 120 3
    17 81 83 62 10 58 35 27 59 103 57 26 9 127 27 100 82 43 89 86 25 33
    31 8 34 6 3 13 100 50 105 76 77 111 0 35 120 74 104 107 42 30 41 88
    124 12 72 14 111 71 70 111 53 67 90 81 75 97 114 99 62 26 70 88 25
    10 22 43 35 39 82 95 113 102 93 100 61 4 53 107 66 100 40 49 53 88
    13 19 94 15 116 37 121 56 17 72 91 84 28 114 55 80 35 77 83 108 100
    59 120 35 15 57 39 26 65 28 2 56 104 4 122 7 86 30 124 7 62 36 44 62
    114 77 93 126 127 122 65 96 8 105 5 94 8 77 117 7 102 77 40 106 46
    20 10 112 95 100 118 57 71 73 115 47 101 115 90 24 87 36 52 127 16
    14 112 64 0 114 108 107 84 71 106 112 41 17 70 37 116 82 48 60 114
    98 72 121 52 124 35 109 67 75 120 16 10 109 64 125 76 115 110 127
    101 87 70 0 113 83 26 58 36 94 48 16 47 125 4 75 83 111 11 48 32 95
    48 25 80 44 32 72 114 117 38 117 5 79 103 16 66 72 109 83 102 1 14
    109 35 11 72 69 88 15 51 118 15 53 114 75 113 108 107 89 109 92 22
    122 92 46 125 106 43 105 7 49 25 17 110 52 44 94 108 90 85 109 83 34
    83 4 86 81 116 22 67 65 44 80 58 101 90 72 106 81 3 75 114 95 45 86
    92 107 27 82 97 49 122 83 1 39 120 115 111 19 117 97 19 2 46 113 18
    127 121 36 0 42 63 44 24 95 20 33 78 90 51 25 124 84 4 93 56 116 33
    31 49 109 109 122 72 11 16 47 16 64 32 95 8 48 56 30 29 73 45 118 42
    124 123 89 11 15 24 62 90 82 19 63 86 85 36 69 121 13 65 127 53 31
    20 113 19 15 104 53 94 18 103 4 62 107 40 77 78 76 56 80 13 8 108 91
    114 113 41 7 81 75 51 7 63 6 79 66 86 70 33 108 39 45 77 73 1 40 15
    49 71 15 53 122 57 103 61 86 120 61 11 82 42 92 52 19 0 40 22 100
    106 38 118 27 102 10 62 123 60 105 73 73 20 63 114 63 87 26 11 39 75
    66 95 115 123 85 77 36 63 115 16 70 43 24 56 66 45 45 48 84 61 21 73
    15 51 107 56 127 119 3 58 70 71 111 62 80 69 9 57 91 21 6 23 13 33
    51 102 75 9 74 20 17 52 12 70 115 43 20 77 9 91 2 76 54 41 70 1 26
    57 95 67 5 95 16 97 34 20 41 113 71 33 3 63 79 68 4 46 122 17 114 34
    76 21 124 31 3 23 125 87 37 52 64 76 122 49 85 38 98 81 27 61 59 62
    1 53 52 46 54 14 66 108 78 117 98 19 15 7 99 44 121 120 103 122 28
    30 19 85 85 93 22 56 82 112 47 26 5 120 119 42 6 102 1 115 86 64 74
    25 13 75 23 68 105 93 121 116 20 127 87 111 56 82 63 98 104 105 86
    86 79 56 82 122 16 40 66 75 114 6 116 43 119 48 61 0 62 23 63 43 2
    62 39 48 117 2 118 28 18 117 49 14 67 104 109 45 94 8 89 106 2 60 56
    51 15 6 88 45 50 0 69 58 93 37 45 76 125 95 58 109 46 97 44 11 58 74
    15 47 76 68 14 114 41 33 75 21 107 108 68 83 59 1 98 61 95 73 67 55
    119 21 53 28 44 107 95 99 125 33 12 3 35 98 44 1 122 100 114 107 99
    9 42 127 30 100 111 90 5 15 22 24 55 0 57 91 36 65 97 45 28 102 75
    34 53 118 115 109 6 119 38 43 38 26 69 21 42 123 29 115 53 67 62 126
    94 78 20 89 34 33 84 77 103 2 43 78 16 96 18 13 30 72 109 91 108 113
    60 98 120 47 123 78 67 63 114 7 121 69 6 112 38 57 109 69 94 20 44
    19 20 66 10 34 71 67 124 55 76 20 13 7 126 105 95 91 39 63 99 58 98
    108 83 39 88 14 54 61 42 42 41 10 33 107 82 114 127 115 27 59 119 23
    122 125 72 38 119 27 120 124 123 126 15 76 64 97 78 83 70 22 77 69
    119 127 34 32 2 86 32 7 45 34 46 52 106 79 6 26 110 103 118 3 13 116
    9 6 47 36 4 101 62 11 52 47 51 113 79 4 65 97 98 122 29 72 60 59 109
    85 51 27 127 9 79 70 17 23 17 104 127 120 41 108 24 119 53 37 84 101
    38 106 85 33 21 32 36 84 54 13 116 81 120 7 39 36 96 107 33 61 102
    98 31 97 18 108 36 49 88 88 41 53 55 112 77 15 26 17 88 113 79 9 1
    70 127 24 31 22 35 9 6 8 107 122 90 25 112 31 48 28 38 116 47 16 102
    42 71 74 18 71 74 86 8 73 46 32 33 97 46 53 97 92 56 51 126 56 16 83
    26 110 121 72 96 84 100 100 7 37 33 98 6 53 53 35 16 25 84 43 53 114
    63 40 1 126 6 11 47 15 15 51 119 32 10 115 30 33 60 101 85 1 52 87
    94 66 83 55 45 10 30 71 17 41 7 88 32 53 106 14 12 78 111 65 119 70
    36 33 36 109 99 54 28 40 23 38 43 123 45 83 29 0 63 14 84 22 30 124
    27 65 25 4 24 93 42 24 1 10 60 82 27 78 22 19 82 9 45 101 11 10 64 2
    124 111 53 20 10 57 56 83 125 16 38 29 121 42 84 10 46 88 98 105 75
    6 30 69 38 107 93 107 103 52 119 122 47 67 126 115 86 80 13 127 96
    116 113 115 34 53 105 46 70 51 121 119 68 82 24 70 14 33 91 105 120
    32 121 34 1 7 1 10 117 42 31 115 71 124 34 19 65 52 90 47 111 84 127
    120 70 113 88 112 0 101 43 9 19 109 55 34 33 11 29 95 117 15 15 105
    126 95 100 16 114 101 14 61 84 42 12 12 102 88 102 82 38 97 77 59
    125 43 12 23 23 43 16 37 34 55 123 81 17 73 35 76 7 121 11 50 78 121
    5 16 22 106 11 120 103 108 107 26 61 120 96 46 46 102 28 61 67 84
    108 114 91 84 17 65 82 20 66 25 19 56 88 103 27 1 30 21 63 41 118
    113 58 114 49 17 87 38 57 33 98 3 117 73 95 36 109 90 6 2 13 124 80
    5 116 12 121 21 18 83 94 29 20 32 93 50 81 35 113 92 36 99 94 104 89
    74 57 83 28 26 25 81 106 121 98 14 24 30 7 9 18 64 23 35 103 57 17
    112 53 23 96 71 28 35 19 27 123 40 63 31 51 53 70 11 124 107 124 85
    51 21 92 24 0 95 58 2 36 41 117 66 93 114 29 102 8 99 53 93 90 69 95
    80 93 37 101 100 119 31 112 119 101 106 2 60 91 22 15 111 20 113 119
    65 116 17 31 91 81 39 35 48 79 82 123 120 36 93 69 15 63 9 17 95 125
    84 59 74 75 47 117 77 111 2 112 25 21 53 63 59 21 0 85 71 110 92 70
    96 23 126 9 41 125 87 88 18 59 29 87 45 23 57 49 6 95 99 83 25 39 4
    50 59 33 2 8 41 2 122 95 64 73 17 46 19 41 39 123 73 76 103 82 12 37
    35 113 76 61 52 62 108 10 127 18 34 48 27 24 116 42 123 78 45 83 38
    33 64 6 88 43 117 80 69 28 95 0 39 105 74 25 71 12 58 62 93 118 40
    116 2 60 71 73 86 101 58 10 96 94 54 57 16 6 38 6 21 116 99 89 68 80
    9 22 1 59 31 10 31 98 125 88 21 22 123 77 36 1 6 20 99 49 71 10 51 2
    95 98 112 78 25 72 71 24 25 26 52 19 99 110 119 84 56 116 9 115 77
    75 6 3 13 93 16 65 90 39 111 4 14 31 105 72 111 12 10 84 73 45 60 8
    103 65 35 103 17 89 1 68 62 108 86 34 121 85 117 105 67 87 59 23 105
    52 82 84 90 101 15 32 113 99 55 89 106 107 9 46 112 16 53 56 43 119
    34 111 109 76 41 16 127 43 113 12 107 9 124 44 46 71 126 59 89 99 24
    8 7 14 23 32 44 25 55 10 98 71 85 42 107 60 35 82 95 117 27 5 53 2
    84 93 84 64 61 11 106 78 18 98 51 72 2 117 24 52 92 86 3 28 27 11 47
    117 95 16 39 26 52 69 0 80 63 29 110 59 9 74 7 66 25 16 100 61 41 54
    2 43 69 109 71 126 120 58 65 42 79 116 65 122 38 112 19 104 66 102
    54 21 65 30 86 92 55 123 114 8 13 4 96 46 81 101 6 44 42 121 117 70
    23 55 38 122 114 125 108 90 82 13 98 112 9 57 15 47 121 7 15 57 10
    120 104 120 11 113 33 89 35 94 34 11 110 122 107 80 98 96 32 70 75
    78 32 62 28 27 27 24 114 71 3 71 9 104 81 85 120 78 47 7 127 122 38
    21 103 56 110 54 121 58 30 43 44 80 95 102 82 109 48 51 60 75 81 70
    20 55 50 54 127 13 17 91 37 107 2 81 116 70 71 122 17 36 85 45 95 80
    58 37 82 53 46 2 2 32 53 89 23 6 102 44 75 80 47 110 30 47 63 1 8 43
    104 20 47 111 16 13 9 1 53 39 73 96 44 41 18 62 19 81 89 67 65 39 90
    113 61 96 56 126 19 110 126 29 83 54 107 86 52 28 53 62 48 78 102
    111 35 25 17 54 126 54 62 14 7 1 66 102 94 16 57 113 74 14 118 121
    78 78 69 54 20 92 73 82 45 110 55 119 11 119 63 30 31 67 6 114 118
    22 96 96 27 29 46 96 100 52 72 66 41 52 122 86 105 115 32 13 38 105
    29 52 122 126 27 119 34 0 12 75 55 126 52 31 119 57 71 33 105 92 62
    7 95 74 21 24 94 94 53 95 24 115 94 88 84 63 13 101 54 86 100 19 33
    54 6 126 54 55 108 125 117 112 51 33 109 93 55 75 49 91 84 64 68 65
    20 11 123 75 65 110 82 23 23 39 95 127 81 41 24 72 112 120 127 122
    14 103 53 30 124 115 75 52 7 100 64 46 20 86 70 0 62 9 80 35 89 7 63
    97 31 73 15 87 45 76 105 49 10 67 72 35 83 54 32 50 30 122 25 114 31
    52 7 62 26 21 50 0 76 104 73 121 85 62 110 61 38 15 110 45 68 80 69
    59 122 82 63 65 80 85 95 117 42 101 95 8 122 110 83 12 29 46 113 71
    40 59 42 95 7 57 34 33 79 26 10 98 55 29 68 90 18 42 48 49 49 117 78
    82 59 2 82 50 41 111 19 82 106 76 70 47 51 109 26 4 65 126 121 114
    103 47 11 2 4 62 86 31 113 34 31 84 88 11 91 100 52 27 90 34 110 93
    84 67 25 124 83 34 112 28 8 113 12 127 0 123 95 37 8 113 45 71 26
    103 95 52 110 16 87 23 61 100 106 3 116 119 93 65 87 65 85 46 58 14
    19 8 38 44 111 17 70 5 70 6 73 111 26 86 107 23 81 13 32 11 91 65 57
    79 83 44 50 54 107 106 16 120 60 43 48 77 62 38 121 1 51 100 83 3 63
    43 29 33 118 37 29 116 34 59 102 114 59 35 120 33 88 91 97 3 26 118
    97 80 106 4 126 106 116 73 74 38 42 90 68 70 54 86 47 88 40 52 107
    39 90 100 86 107 94 123 64 121 126 62 19 46 91 85 38 87 126 101 103
    94 99 26 32 38 41 18 47 74 3 108 7 107 3 15 18 36 79 66 92 51 40 68
    124 76 18 11 120 63 108 104 49 86 10 90 111 14 68 104 87 122 3 126
    23 39 124 67 92 80 37 84 60 47 35 22 63 40 47 42 109 5 18 7 45 53 89
    113 43 48 127 83 36 49 110 48 72 60 89 27 102 30 32 6 17 7 66 10 104
    49 64 75 83 125 121 3 32 81 82 124 51 58 8 1 66 83 11 109 20 37 20
    104 54 67 75 123 17 108 88 1 81 9 30 122 121 0 86 116 127 33 66 80
    104 43 77 62 119 7 94 48 107 127 116 63 113 17 61 95 63 19 117 86 59
    91 95 76 103 83 94 2 60 1 6 74 65 55 75 93 42 17 67 52 70 23 102 11
    55 23 54 69 60 24 82 91 61 75 119 92 4 44 4 83 40 63 12 59 121 59 17
    66 70 75 85 78 38 21 109 70 102 93 97 109 48 48 81 2 83 126 98 20
    110 111 127 95 76 95 25 50 58 109 125 7 4 74 123 14 60 81 97 124 121
    107 55 73 121 16 35 36 36 19 82 38 44 103 30 119 127 97 96 46 123 16
    91 11 107 15 49 61 18 4 107 127 21 30 33 10 23 36 40 32 60 97 7 49
    113 117 83 119 22 51 3 126 85 102 6 53 42 71 113 67 51 39 84 10 61
    126 6 116 102 103 58 113 25 78 2 99 119 2 99 77 82 15 116 101 56 53
    1 38 115 75 124 83 63 81 75 110 112 35 9 29 28 70 48 75 104 27 11 24
    120 98 95 80 98 115 44 80 26 86 23 21 65 11 48 89 40 9 96 56 24 16
    33 96 96 99 23 124 92 118 43 54 32 21 118 91 102 9 2 119 55 44 84 54
    104 113 10 26 61 33 11 112 21 19 9 19 76 8 64 9 46 107 48 120 45 126
    69 23 82 26 35 20 42 83 2 46 50 46 116 63 49 106 0 3 79 13 81 81 15
    9 120 114 99 5 14 22 43 118 76 20 16 106 35 47 69 109 5 55 101 115
    90 72 104 114 94 70 75 94 93 19 59 82 36 80 113 19 37 82 41 47 84
    108 41 71 19 13 29 84 9 78 54 60 8 82 98 52 14 86 29 91 118 126 42
    92 35 50 40 38 75 23 111 38 89 108 74 127 63 78 44 103 124 58 13 112
    45 10 5 52 38 15 47 33 104 94 25 61 95 7 102 124 44 55 124 21 56 76
    38 17 54 105 18 23 51 118 79 74 95 104 110 91 50 81 25 68 32 81 44
    88 42 14 0 78 63 20 3 56 18 87 51 44 63 54 108 45 61 78 63 75 31 57
    78 39 3 78 113 122 4 57 36 122 124 17 5 115 96 43 60 120 29 85 74 74
    75 58 58 68 103 47 85 45 9 29 94 65 24 42 48 125 58 30 70 50 39 23
    108 123 31 89 6 79 46 93 7 48 27 119 24 82 83 32 115 34 9 17 40 6 84
    57 124 23 34 12 47 45 91 25 126 70 127 37 71 99 112 45 105 28 61 19
    9 9 107 118 44 104 13 63 118 101 20 93 106 86 100 43 114 49 101 30
    65 120 107 109 108 49 77 49 30 103 6 76 63 81 40 95 121 62 88 32 93
    121 41 9 7 102 36 77 102 63 125 53 63 73 8 12 6 0 87 15 17 121 63
    114 85 126 92 6 12 17 50 19 51 125 93 25 115 47 87 107 30 99 125 104
    113 80 79 112 110 4 41 6 78 92 2 127 108 9 39 81 13 48 4 50 90 33 68
    127 72 94 8 58 114 92 56 12 78 99 30 123 84 89 66 28 78 54 83 73 47
    97 44 97 102 57 125 51 87 98 25 99 107 43 88 98 57 88 92 126 90 19
    113 64 57 1 103 77 105 59 49 63 21 23 29 63 113 19 83 27 13 27 24
    125 119 80 30 70 4 79 55 87 4 47 0 3 65 101 12 19 76 58 98 60 27 18
    46 100 71 24 82 100 54 115 56 4 118 97 2 42 59 44 111 22 96 92 48 18
    35 124 2 108 106 61 17 10 30 93 18 24 28 16 13 47 30 53 126 67 81
    124 44 97 75 89 86 126 12 88 110 37 103 36 1 13 34 11 64 85 108 26
    109 0 100 32 95 86 36 56 68 2 33 94 78 24 84 22 77 28 121 107 17 1
    72 100 71 41 29 103 87 88 113 27 122 22 79 113 9 77 24 122 26 73 81
    75 13 83 107 36 121 97 92 90 43 23 106 74 113 20 116 84 19 78 106 47
    26 99 24 7 36 43 94 71 68 126 75 93 105 69 106 101 101 41 79 104 50
    56 77 26 105 66 5 41 53 5 59 76 17 115 40 70 94 81 5 71 11 50 88 101
    91 18 19 37 63 18 49 1 73 109 18 98 98 112 22 19 44 113 68 57 81 52
    104 115 34 39 97 95 4 4 81 73 96 116 98 15 36 37 100 106 33 48 64 70
    46 1 32 30 56 60 116 77 10 25 78 41 81 81 114 34 63 99 24 85 95 40
    107 124 121 89 127 50 89 25 32 111 57 103 110 24 81 98 86 81 118 74
    1 92 74 51 15 43 35 125 45 5 16 81 64 126 94 1 115 120 53 75 98 47
    127 124 101 94 40 15 126 109 92 17 70 89 41 124 73 27 4 81 57 61 70
    121 36 44 89 80 57 84 0 82 4 29 6 25 68 30 23 94 69 57 73 40 23 34
    113 5 73 68 2 105 83 9 92 6 74 126 70 67 91 27 75 123 102 104 118 33
    94 33 73 68 54 65 89 16 47 1 4 98 78 110 40 68 75 62 118 96 27 0 121
    19 31 125 112 26 32 106 74 110 95 15 44 30 28 57 4 41 81 82 98 12 28
    26 2 22 37 74 71 27 18 82 21 116 83 77 20 50 7 0 54 101 99 19 4 77
    92 32 123 64 41 97 92 89 127 6 123 59 22 78 85 95 39 72 64 42 98 119
    66 9 18 108 91 65 33 42 98 123 122 125 109 121 121 113 73 63 103 45
    104 40 39 31 42 43 72 107 24 15 20 61 90 43 93 36 103 95 99 11 59 35
    3 115 59 117 116 69 5 5 107 54 124 73 102 44 57 44 9 2 101 8 48 19
    117 71 37 93 110 87 51 100 8 62 55 106 58 44 73 26 43 117 65 125 88
    71 16 77 52 94 89 72 28 81 18 56 86 1 88 120 116 61 26 19 16 6 90
    116 126 24 9 66 67 80 38 38 88 6 43 51 97 87 72 28 8 23 60 114 6 52
    84 89 3 95 90 62 121 47 30 3 39 88 29 60 66 11 18 0 16 72 79 59 27
    124 120 58 8 29 46 31 34 63 0 76 16 88 84 68 60 52 46 94 84 100 57
    109 99 77 38 99 34 19 48 18 75 94 102 79 90 116 46 26 75 100 69 60
    99 8 83 37 29 98 76 123 114 85 67 110 36 37 28 99 101 108 117 1 83
    76 73 120 50 50 61 110 27 68 96 56 27 127 64 69 58 68 42 108 17 107
    22 75 2 124 90 89 15 13 72 57 14 23 52 47 23 81 34 16 76 54 39 7 12
    18 46 31 47 113 125 110 89 32 25 80 61 20 59 22 23 100 30 52 33 16
    83 26 5 107 68 69 119 74 117 31 26 14 44 66 81 56 101 1 70 72 122
    121 15 103 74 35 48 98 118 87 127 9 116 76 46 1 102 11 34 45 102 8
    124 12 93 114 39 37 82 4 16 31 65 112 46 44 43 59 92 27 67 121 106
    85 14 23 96 126 114 65 36 121 111 1 84 75 56 62 82 23 0 27 31 65 46
    46 106 0 31 117 123 119 14 40 83 100 25 42 17 36 46 50 100 6 120 31
    57 8 115 126 114 9 57 0 119 84 60 110 104 33 5 57 19 99 29 80 62 106
    106 4 87 63 81 9 9 110 10 75 80 125 85 77 8 85 93 48 48 24 78 20 28
    6 31 83 57 59 40 115 111 2 76 73 42 57 59 37 93 94 86 21 34 107 0 99
    18 106 47 14 18 38 74 83 79 4 74 79 33 76 64 33 90 18 118 42 121 60
    57 39 47 44 20 31 77 16 44 54 127 125 105 125 10 30 117 1 17 69 68
    108 93 109 75 103 86 42 29 36 6 51 10 33 1 4 82 98 117 108 42 81 75
    67 60 123 91 10 97 118 19 75 77 84 38 57 6 53 121 41 119 98 115 50
    17 51 73 25 73 36 83 7 85 40 17 75 69 127 105 89 13 19 110 88 87 33
    67 73 85 31 96 118 23 65 85 32 52 93 120 49 101 121 24 59 26 35 59
    50 55 26 100 2 82 42 120 95 86 14 16 65 124 89 106 120 17 115 43 90
    74 9 34 22 34 5 14 93 117 113 15 41 31 0 84 77 75 31 70 56 39 113
    104 120 20 47 29 107 52 66 39 100 116 28 73 43 24 3 93 5 90 115 103
    127 39 99 50 101 37 107 70 59 59 125 104 36 93 26 2 12 113 91 121 55
    116 21 42 26 113 127 76 90 81 26 25 61 56 30 68 94 4 127 49 13 43 8
    18 33 8 96 19 77 71 83 60 36 23 98 98 76 112 35 19 22 46 28 53 71 23
    59 5 52 114 123 21 70 74 0 70 101 46 103 6 68 77 81 42 121 91 127 1
    117 26 46 105 108 39 122 34 48 36 69 116 36 121 108 86 44 66 3 65 80
    22 17 95 1 99 84 48 81 120 5 105 46 112 92 22 86 43 71 44 111 9 99
    80 123 101 100 113 106 96 104 102 92 101 4 55 4 83 108 74 55 48 98
    37 87 87 125 125 110 69 34 102 78 113 23 16 24 97 20 8 100 105 8 12
    78 89 35 13 95 76 121 100 125 61 21 85 23 82 113 82 65 113 45 38 117
    61 4 60 110 62 59 30 79 72 7 91 83 65 1 80 81 111 33 108 58 105 52
    31 75 98 3 40 124 5 1 8 50 118 123 12 115 57 58 119 89 27 55 100 72
    64 12 65 86 95 93 109 38 66 94 99 38 1 74 82 58 94 97 32 59 78 3 109
    47 56 127 48 24 22 43 1 29 5 37 25 78 71 3 122 36 43 123 19 75 26 40
    94 72 2 103 48 53 75 68 55 46 8 14 104 115 112 32 75 86 10 17 117 14
    1 73 79 66 73 12 102 89 57 112 0 120 10 61 67 54 68 95 15 73 84 28 2
    36 58 15 15 88 40 124 42 90 76 7 9 74 108 117 113 83 71 111 104 15
    55 97 0 125 77 45 18 80 89 46 0 97 7 0 77 23 91 99 78 87 11 111 121
    112 117 123 91 71 12 69 126 108 44 38 127 74 122 4 17 36 9 26 42 65
    121 23 7 24 55 65 78 108 109 34 33 32 110 113 71 94 9 39 21 58 102
    16 65 70 44 76 33 71 109 24 86 70 67 126 82 64 0 124 12 74 46 84 126
    26 37 56 110 19 8 72 34 114 121 44 38 118 106 27 38 48 42 30 18 77
    80 67 24 116 81 10 52 98 67 44 45 27 64 43 58 97 34 111 80 96 122 55
    102 51 27 30 16 98 9 52 15 116 25 13 57 32 40 88 79 84 112 72 68 16
    29 6 45 85 21 70 59 55 98 18 96 34 90 86 10 97 26 20 26 46 15 3 126
    52 108 21 1 66 49 81 124 60 42 85 109 36 1 75 77 21 60 101 74 32 22
    29 27 84 96 99 45 15 117 52 100 34 51 38 105 57 98 79 121 119 103 20
    63 118 36 104 46 69 40 54 110 108 112 76 96 3 5 107 62 110 13 94 7
    117 77 120 117 51 49 28 61 52 71 78 16 98 81 38 14 18 23 24 60 68 74
    36 8 5 55 70 105 93 115 123 123 17 66 63 63 52 0 18 34 73 101 59 66
    69 12 126 89 63 57 97 12 34 16 10 43 46 44 51 88 46 30 122 39 29 2
    125 104 82 18 117 2 67 57 119 82 29 43 44 85 89 85 50 17 62 70 37 78
    32 61 13 102 106 14 33 68 102 71 28 103 62 60 99 81 65 98 30 44 33
    16 54 106 5 69 119 127 4 105 15 86 47 69 4 87 68 31 35 14 97 51 20
    13 98 47 106 34 84 101 23 92 66 2 74 67 64 21 1 60 28 16 63 63 46 14
    101 45 22 61 66 74 52 40 38 58 97 105 120 20 86 83 4 30 50 17 54 90
    94 88 2 9 87 32 98 31 98 9 42 23 37 111 36 89 37 56 117 96 67 126 87
    74 75 68 74 75 96 35 125 26 34 57 98 16 82 74 120 57 15 88 51 45 108
    50 26 6 43 92 19 69 44 107 2 13 48 52 7 89 6 124 4 91 83 75 115 39
    84 108 8 64 53 127 120 67 46 77 92 114 27 16 1 26 123 36 29 28 105
    21 55 26 125 39 63 60 115 106 11 49 74 90 86 91 112 6 52 59 19 3 77
    15 1 34 69 68 104 82 64 108 32 34 73 101 1 36 2 13 122 87 121 67 5 5
    104 36 8 17 74 124 13 42 65 74 39 4 91 86 89 20 17 68 75 73 100 34
    73 69 107 51 88 81 29 0 86 97 85 31 7 122 64 2 56 35 117 33 73 58 78
    53 93 69 51 42 43 126 52 120 127 81 11 51 110 60 20 6 68 1 63 98 44
    34 57 23 21 50 17 26 29 95 11 8 116 16 90 37 98 30 60 117 55 103 61
    126 60 72 89 110 123 26 109 5 19 29 25 26 90 60 122 112 35 20 19 4
    63 50 52 88 111 112 104 16 44 93 27 98 81 23 40 35 25 14 93 74 90 21
    39 9 42 5 94 127 29 69 51 116 58 45 14 24 120 71 45 83 126 57 17 76
    124 37 99 73 99 16 39 10 24 33 100 61 17 63 22 59 61 62 48 120 34 1
    95 120 126 52 71 115 69 63 126 25 39 46 47 97 21 77 35 122 19 52 58
    72 0 0 39 4 105 100 12 10 0 118 42 33 53 26 9 80 96 46 77 13 88 23
    102 102 28 126 18 6 119 51 77 112 110 72 105 8 108 73 106 45 90 81
    73 81 52 3 81 4 86 26 87 24 69 39 16 37 97 64 25 29 65 91 104 43 124
    95 75 108 10 89 72 75 9 4 9 15 56 125 34 68 65 2 84 62 50 51 88 53
    30 75 42 23 29 103 38 80 103 33 26 6 96 47 2 38 102 76 114 2 36 43
    78 96 75 17 38 30 56 119 86 72 122 89 31 120 60 47 76 109 105 127 80
    61 1 116 112 34 124 26 38 57 102 20 37 116 113 105 92 35 18 81 37 76
    19 9 53 18 30 11 107 120 97 62 82 24 48 77 76 90 66 98 59 86 97 62
    33 125 24 6 59 127 113 58 31 91 99 119 29 116 108 72 66 102 89 0 66
    4 7 40 107 15 37 113 41 94 51 8 14 111 63 50 57 62 41 61 42 122 105
    15 59 28 7 22 99 11 87 106 47 100 34 29 31 94 70 56 36 95 44 105 3
    16 66 102 18 112 0 123 45 85 23 19 87 60 102 32 88 118 115 87 99 83
    86 21 116 49 118 30 125 83 123 60 127 118 58 34 105 3 81 122 7 11 35
    71 91 30 78 28 48 12 39 54 117 62 54 40 61 8 16 125 124 10 82 13 76
    9 50 31 74 40 89 45 117 3 7 42 53 119 102 110 61 39 2 72 1 15 38 35
    67 49 121 2 35 25 123 33 22 95 87 31 113 67 21 16 126 14 111 91 3
    124 13 108 50 8 127 54 104 24 56 80 120 59 72 27 76 29 73 93 14 113
    120 92 52 102 2 13 121 99 102 112 10 94 14 18 61 48 21 91 78 126 51
    26 91 91 5 32 15 111 115 11 80 115 82 19 68 107 59 61 65 38 125 13
    22 40 42 6 112 43 91 27 69 1 20 47 121 115 72 7 55 88 33 116 123 2
    32 111 101 56 23 114 110 26 117 66 104 76 5 19 87 76 33 102 48 121
    100 82 41 10 117 105 77 83 79 55 21 52 38 80 112 55 38 28 15 35 83
    84 77 122 107 104 95 25 106 125 86 85 69 62 68 63 30 59 76 118 64 53
    73 68 108 38 11 9 116 105 50 125 4 54 53 113 121 30 14 123 63 49 23
    59 49 29 109 23 2 76 106 46 106 108 102 89 58 4 83 65 18 116 92 106
    31 24 125 121 46 7 77 25 117 12 64 99 19 63 88 120 19 112 121 114 63
    54 71 1 104 73 102 21 66 100 105 85 37 11 51 105 58 29 56 71 9 103
    21 100 53 37 35 40 91 119 91 9 76 8 43 108 107 67 43 67 71 119 1 57
    9 73 125 5 30 127 84 100 2 127 0 67 113 107 112 24 80 19 58 73 121
    83 68 92 96 18 111 103 109 2 62 47 4 114 124 104 16 118 100 127 64
    59 9 102 93 110 14 35 126 76 52 74 69 0 78 68 92 64 77 92 71 50 118
    83 83 34 64 79 37 105 68 63 73 88 111 31 38 31 0 29 64 47 99 125 66
    55 87 80 23 30 61 19 80 65 51 98 121 70 59 123 58 4 68 80 122 44 67
    115 66 48 96 15 124 87 15 58 92 9 0 28 102 79 67 24 55 81 50 108 4
    45 38 92 51 5 110 58 92 10 83 94 6 94 95 4 5 30 85 120 114 69 12 11
    46 58 52 37 94 52 68 50 72 102 63 106 75 13 35 117 93 109 31 114 121
    99 30 12 20 24 111 40 113 75 120 16 94 117 4 91 109 44 38 74 68 62
    70 57 102 13 123 18 95 51 88 120 113 89 106 46 36 70 13 1 98 127 35
    47 69 31 124 50 95 19 30 49 20 61 5 59 24 24 0 109 108 13 40 9 19 49
    91 125 65 86 74 82 50 8 126 70 82 43 51 121 63 20 120 3 101 60 13 11
    116 26 28 123 99 15 25 81 90 51 41 10 45 1 15 18 21 18 28 32 117 118
    119 79 56 32 105 29 53 83 31 25 41 12 23 8 85 10 59 41 99 27 21 13
    123 62 72 48 104 77 109 104 17 96 61 80 115 22 53 54 6 127 48 47 38
    85 96 0 105 79 78 109 66 64 44 39 94 18 77 84 41 66 60 6 25 123 125
    46 112 19 89 19 84 113 69 87 41 49 74 58 112 121 65 80 37 47 105 48
    115 68 97 82 121 44 49 105 5 72 73 80 105 59 15 114 46 29 100 48 11
    9 32 122 51 64 6 103 2 2 67 109 70 103 79 50 21 64 93 125 4 46 1 68
    97 93 18 110 37 68 33 33 52 35 123 48 13 111 10 82 89 72 12 89 93 47
    33 97 77 63 90 54 34 119 85 52 22 6 78 97 90 32 62 27 62 68 40 113
    100 51 81 24 102 11 53 32 124 96 69 119 102 26 123 80 125 5 104 53
    58 10 31 67 41 110 55 8 34 15 67 119 16 79 27 106 32 27 13 107 57 43
    119 115 33 111 52 91 40 40 83 105 9 24 53 109 23 15 111 42 77 22 106
    40 13 99 11 126 13 3 113 15 4 104 54 64 98 111 5 106 32 119 40 91 51
    43 81 109 30 46 88 65 32 108 120 22 101 57 120 35 82 34 11 37 115 26
    100 70 1 22 93 59 93 120 121 69 116 61 16 60 100 40 2 8 90 122 15 98
    101 41 12 123 10 65 15 23 55 36 8 122 6 75 52 55 57 127 11 67 84 40
    86 123 112 126 119 76 94 120 11 99 34 63 71 76 73 22 110 47 47 48
    127 24 3 32 73 50 19 53 113 111 79 55 20 111 44 80 2 6 92 56 35 108
    89 38 86 51 97 112 35 3 124 23 53 118 70 40 92 67 25 121 53 17 60 12
    4 28 127 116 40 125 83 42 64 40 26 33 124 79 15 30 71 105 20 27 125
    120 79 97 95 61 14 47 68 101 45 6 119 101 30 102 125 29 47 5 47 106
    44 86 33 65 27 15 57 71 108 121 21 78 64 7 114 83 62 44 108 15 75 11
    84 79 98 69 97 51 32 43 44 116 126 89 108 63 81 98 125 108 65 121 8
    70 74 88 25 96 54 66 116 18 96 35 109 71 87 10 73 24 123 67 34 71 54
    47 23 47 16 59 64 34 119 66 33 4 104 82 0 74 64 95 26 16 65 113 45
    45 54 56 43 66 50 31 83 62 87 37 26 68 2 93 107 123 63 106 77 110
    109 52 72 100 104 1 97 69 33 99 126 5 43 106 89 92 35 105 71 80 64
    66 80 51 28 19 122 34 102 57 115 65 0 120 64 96 108 49 9 43 105 77
    53 49 0 50 78 72 70 121 109 46 17 22 0 26 67 82 16 109 52 83 70 83
    32 76 124 104 5 75 61 78 112 38 122 44 61 93 45 55 104 74 78 58 56 9
    16 1 61 126 84 23 40 87 95 17 77 46 10 3 69 114 111 110 8 95 122 21
    78 79 104 83 5 38 122 18 17 27 27 48 10 92 115 93 5 80 85 68 108 37
    69 58 75 71 9 82 20 1 1 56 16 51 111 61 102 38 4 83 72 51 75 89 88
    11 126 114 74 112 69 110 3 67 123 107 92 42 7 97 68 19 85 37 44 41
    70 124 117 26 82 21 35 82 90 106 42 96 48 69 26 11 93 70 90 45 11
    101 105 88 44 3 15 13 108 65 92 14 15 79 118 35 103 118 125 82 31
    121 104 80 106 5 93 4 25 115 119 23 78 18 96 76 56 62 26 24 61 68 68
    67 67 115 17 47 49 97 30 79 101 105 117 108 101 8 62 11 57 73 84 114
    80 26 87 120 54 13 35 2 105 47 115 40 90 113 62 9 39 38 70 113 24
    123 65 24 73 52 101 67 74 86 41 36 42 101 49 70 55 77 117 66 22 0 17
    51 93 27 64 76 85 69 127 124 63 66 118 98 25 23 41 2 85 8 98 17 70
    60 98 25 36 56 108 85 125 98 5 123 36 76 97 11 65 73 55 66 39 68 41
    47 91 101 29 104 22 74 121 54 20 95 20 20 123 33 116 86 8 98 85 67
    119 116 13 17 4 66 70 63 4 94 75 83 96 114 41 93 111 12 18 111 2 84
    125 94 5 16 70 85 44 47 107 63 29 11 68 28 113 1 56 47 51 121 18 112
    34 7 111 37 118 46 37 59 36 98 67 69 23 25 113 54 43 105 115 70 6
    117 50 83 23 68 56 117 127 59 47 81 76 29 121 100 117 50 30 21 70 26
    15 87 9 48 118 80 4 39 81 56 108 46 100 89 75 85 45 123 40 54 10 1
    37 50 115 41 6 65 83 40 83 107 104 16 37 59 57 122 123 7 63 95 42 53
    88 95 91 114 52 124 88 92 77 112 91 83 81 64 127 50 53 14 33 125 90
    85 125 83 78 37 105 22 5 99 80 25 19 90 23 54 16 85 74 29 48 52 85
    57 57 125 108 123 59 77 124 88 48 44 18 90 90 106 11 116 122 47 99
    120 82 38 28 49 124 54 88 87 54 30 41 117 53 70 117 51 118 52 95 109
    100 13 35 38 38 33 56 88 39 4 11 22 53 41 5 15 113 61 64 75 28 40
    114 9 11 116 116 76 58 91 125 27 61 15 100 27 113 68 74 9 56 105 15
    77 125 49 58 88 65 21 2 5 38 6 44 91 89 127 111 33 91 57 103 84 81
    106 39 25 73 100 32 77 67 20 30 89 47 47 124 112 10 11 49 103 100 69
    85 85 78 66 115 35 74 51 103 68 48 19 42 92 62 12 8 45 83 37 42 76 1
    0 49 58 40 20 60 81 117 111 6 83 84 32 61 107 119 64 99 25 45 115 71
    67 71 41 89 29 68 14 37 87 34 30 41 114 76 109 84 92 13 68 47 12 53
    35 6 32 124 95 13 123 122 65 86 84 43 96 91 11 37 116 27 113 51 126
    59 52 92 19 47 62 79 99 30 56 123 110 85 43 105 8 92 70 112 30 85 70
    105 69 2 109 117 6 75 1 44 99 68 59 67 54 104 104 111 121 58 46 12
    123 0 90 99 65 51 105 47 55 110 118 34 54 95 116 17 41 121 20 65 90
    38 93 47 23 64 63 112 108 94 10 51 72 5 88 79 70 96 100 51 86 109
    113 29 54 126 59 31 117 120 121 53 15 81 104 48 18 56 69 6 34 99 97
    106 32 87 108 126 58 73 72 0 16 90 30 40 45 30 90 43 85 61 125 4 34
    123 54 104 30 6 37 5 47 30 101 45 52 76 73 92 105 104 39 119 0 88 91
    36 114 29 42 16 17 91 5 98 124 14 74 14 31 27 62 98 123 84 102 29 94
    91 52 10 23 6 37 74 62 102 12 40 31 100 82 10 110 79 108 76 96 36 53
    42 24 5 92 113 26 27 11 91 19 79 61 35 121 115 69 25 41 104 86 78
    122 40 23 62 11 126 57 120 15 83 58 41 39 30 41 29 1 78 37 2 35 2 87
    104 109 74 107 46 81 0 22 29 87 21 9 95 22 84 11 49 86 64 54 73 21
    26 10 76 5 41 114 11 12 75 119 119 104 36 110 65 114 74 9 33 69 24
    126 48 126 76 89 79 10 124 22 57 97 47 92 113 68 103 40 35 106 79 41
    55 57 117 50 35 93 35 31 70 54 113 109 103 77 7 46 26 61 51 20 113
    54 70 2 58 27 95 79 38 24 106 102 116 114 3 103 72 37 102 118 9 88
    91 67 55 76 37 123 24 107 127 92 100 50 51 123 2 81 29 10 68 6 111
    23 121 72 31 28 80 41 101 4 14 127 2 13 47 45 70 31 50 71 60 92 57
    11 86 30 101 86 44 124 90 77 33 8 69 7 120 8 38 99 15 59 120 31 39
    46 127 38 0 38 115 35 11 107 87 5 77 122 58 115 101 12 59 5 4 58 99
    126 57 6 52 72 90 54 61 1 26 2 52 60 91 107 22 95 4 127 125 125 23
    115 86 110 18 46 110 35 73 2 49 98 36 33 59 48 48 56 5 72 100 76 31
    84 124 16 109 39 57 109 89 51 74 58 2 12 105 10 67 65 21 69 84 35
    116 13 36 52 10 106 24 113 37 120 119 92 32 76 26 120 108 124 51 22
    20 119 44 49 105 15 94 15 18 40 122 71 54 116 25 104 85 21 5 29 38
    116 112 68 70 10 36 120 3 88 121 58 112 115 40 109 112 122 47 96 54
    34 113 119 58 4 54 3 117 68 92 99 88 56 33 113 6 57 74 102 117 15 61
    122 88 52 90 35 17 76 17 88 64 47 19 42 85 68 45 56 60 56 14 50 15
    92 97 115 59 45 36 63 102 19 76 51 88 56 27 97 127 115 92 29 80 9 50
    61 81 70 100 73 90 87 21 125 1 36 107 26 83 33 70 64 54 64 93 123 49
    99 68 93 76 107 13 61 21 110 96 70 80 60 12 2 91 85 13 7 70 104 31
    112 59 106 26 7 114 93 45 83 25 27 11 96 89 118 93 114 111 53 39 35
    92 13 15 84 59 69 124 38 125 32 122 46 109 61 59 99 69 16 27 89 80
    121 95 76 56 75 15 102 92 0 57 24 104 127 21 19 85 27 81 66 29 29 37
    25 58 88 44 14 38 42 126 55 11 111 83 105 24 41 58 68 106 75 102 15
    86 81 26 1 95 43 103 105 4 48 64 57 91 40 106 83 41 82 123 62 69 52
    68 52 112 87 18 88 4 67 125 21 69 11 79 124 115 106 63 36 42 77 29
    54 59 119 25 117 10 20 108 114 73 35 74 117 84 117 18 19 22 115 50
    51 114 77 2 51 47 90 93 19 96 101 90 103 71 34 68 55 12 66 57 26 88
    31 36 93 41 105 61 39 105 59 80 13 19 62 124 14 98 111 36 42 69 101
    122 63 90 95 79 110 113 126 77 97 127 92 106 27 120 5 55 2 65 18 93
    21 109 82 87 2 114 37 38 36 5 6 109 6 46 101 44 124 115 36 14 47 25
    39 19 120 25 63 125 111 87 56 126 127 49 30 16 42 2 44 80 93 18 55
    19 70 1 52 68 31 55 103 47 114 4 31 86 104 24 112 18 87 60 17 84 99
    41 126 74 67 15 127 64 70 125 50 27 116 86 80 39 123 20 84 40 42 27
    62 34 29 16 45 125 119 125 90 55 23 45 54 79 87 92 49 62 11 89 92 82
    23 120 64 96 114 66 24 88 22 23 5 122 76 111 72 48 126 56 56 50 13
    43 91 95 49 64 78 45 14 95 104 45 54 75 105 20 14 41 10 57 8 47 4 24
    75 19 71 75 38 15 24 104 79 121 69 51 38 126 126 38 111 35 125 24 17
    24 13 91 68 5 22 104 7 56 109 24 16 0 23 44 108 42 8 63 53 117 91
    118 17 73 53 24 33 86 125 23 64 20 26 70 12 103 92 101 36 123 8 36 6
    37 59 110 51 26 98 10 43 82 109 78 93 36 9 20 72 86 9 72 6 13 23 82
    78 8 23 55 57 88 63 71 98 31 47 24 18 29 52 79 101 14 123 64 96 83
    10 2 67 97 26 114 52 56 28 2 99 28 72 34 24 119 5 60 115 126 60 65
    111 67 100 45 123 2 50 108 15 40 47 6 94 107 13 72 44 98 40 8 26 80
    62 53 8 116 107 109 115 41 43 85 49 121 67 60 117 49 40 71 59 68 9
    13 35 9 74 5 32 107 123 43 17 105 97 2 116 29 69 65 58 40 22 22 47
    31 52 26 27 112 16 120 58 77 17 26 46 53 63 18 69 48 35 25 120 4 14
    52 40 50 75 98 123 106 89 90 26 9 62 87 37 24 20 44 127 73 33 56 86
    93 56 89 119 17 21 107 34 5 98 118 45 102 56 116 66 43 72 46 26 114
    30 107 54 94 24 107 74 106 89 35 73 59 123 8 83 57 24 106 72 81 67
    19 16 18 74 35 57 50 81 93 109 82 42 15 32 81 120 49 20 108 35 1 80
    98 14 103 123 100 21 31 70 68 56 21 48 118 25 5 105 62 51 50 86 120
    107 100 11 44 70 112 26 20 15 55 4 81 116 43 82 24 109 83 32 81 82
    86 16 17 125 120 94 120 32 25 29 66 32 123 15 118 84 62 57 87 47 83
    36 103 99 76 10 5 72 127 82 70 76 15 67 15 99 78 115 96 60 68 32 79
    79 70 63 123 107 69 81 107 16 30 47 111 97 42 120 99 55 124 119 126
    93 37 55 17 113 47 119 17 116 62 51 27 16 22 35 48 66 109 55 0 108 4
    114 111 73 47 120 95 37 114 86 73 96 87 106 109 70 13 49 95 5 96 0
    47 43 28 2 35 71 87 31 120 86 101 1 54 74 113 96 91 76 73 90 66 73
    79 47 9 118 9 109 31 29 32 14 49 75 24 107 80 76 100 23 102 41 28 16
    69 5 28 114 72 123 9 27 119 69 65 11 123 30 28 77 54 24 50 73 58 118
    3 121 125 52 77 68 72 6 13 49 103 107 22 88 28 29 37 85 15 76 37 123
    124 79 87 31 116 47 75 117 69 65 16 33 45 74 62 32 25 92 111 114 36
    78 51 38 74 53 67 48 26 93 51 35 122 114 12 87 10 115 55 86 53 25 8
    85 40 57 86 84 22 107 102 121 101 53 24 91 12 16 95 46 6 121 6 31 75
    68 50 78 101 77 10 15 58 40 58 19 57 103 6 48 19 96 40 39 102 99 30
    18 123 117 5 52 99 48 125 126 123 42 60 43 8 79 53 11 5 93 41 107
    104 32 98 76 29 56 19 97 85 93 40 111 45 2 11 116 111 106 68 10 94
    27 91 37 19 67 113 93 109 22 69 51 103 16 111 43 22 29 112 77 21 84
    123 81 40 50 74 89 17 52 35 21 19 73 103 16 61 96 68 41 108 120 83
    27 20 58 9 64 14 38 111 118 86 55 75 108 24 61 117 46 116 88 32 94
    60 9 63 33 100 52 19 110 63 58 45 58 3 5 59 48 92 51 97 17 34 51 22
    109 11 61 15 69 110 72 100 5 57 13 69 64 37 16 66 84 24 68 119 60 65
    32 104 107 60 104 48 79 21 94 81 85 43 31 88 107 40 104 76 108 120
    123 51 17 79 70 32 60 7 37 99 86 19 79 61 7 14 91 108 52 64 126 54
    15 41 83 41 107 57 95 110 9 24 121 70 109 31 120 120 109 118 79 98
    17 75 44 113 31 6 29 47 112 123 50 90 127 56 22 77 50 92 11 94 127
    62 76 41 20 84 25 98 71 113 70 122 22 85 36 17 115 47 33 66 81 18 51
    62 1 12 36 109 32 12 56 89 126 1 109 91 27 90 124 127 105 3 29 59 81
    74 28 54 40 24 22 14 37 92 50 35 110 30 126 31 105 7 6 94 109 95 49
    123 103 1 12 45 20 89 0 31 7 54 98 107 34 90 53 3 15 6 108 72 70 9
    20 121 1 31 79 94 2 83 15 36 46 0 37 19 37 104 31 31 116 67 77 27 7
    114 34 38 51 124 116 93 49 20 65 125 45 58 58 126 125 13 111 8 57 35
    58 92 7 68 57 2 25 91 0 55 81 70 67 63 104 54 60 42 13 0 35 113 13
    118 56 93 30 52 114 49 44 10 97 91 34 111 50 64 60 109 14 83 101 102
    115 14 120 79 81 45 18 56 70 97 92 87 30 120 79 26 117 33 125 3 72
    10 39 106 47 112 27 64 73 69 119 94 107 49 49 85 105 15 25 53 47 34
    4 21 127 37 65 49 103 110 91 20 112 37 0 75 107 52 101 72 49 72 118
    110 28 110 113 62 4 67 86 13 103 57 40 78 40 68 95 94 106 111 59 15
    117 82 84 88 39 127 99 115 37 55 81 22 96 103 127 33 75 98 110 107
    126 16 122 44 127 26 43 69 80 28 39 105 123 58 89 119 64 28 36 62
    124 46 31 109 81 72 37 63 23 18 81 61 47 86 14 61 63 25 60 52 54 87
    87 120 97 18 71 68 116 81 24 76 15 104 54 64 15 113 121 117 37 9 62
    71 124 6 119 80 8 113 70 91 35 62 44 126 36 123 6 71 31 118 72 70 97
    19 5 90 15 127 101 27 107 120 26 44 46 3 83 45 90 71 43 95 15 64 24
    48 78 126 9 60 123 27 9 88 62 106 73 60 11 17 53 119 94 115 90 120
    45 105 14 54 83 111 9 79 60 125 26 16 100 106 92 35 48 75 22 57 98
    121 44 126 115 53 116 67 88 20 1 74 14 77 80 36 121 29 119 20 80 109
    97 75 59 120 56 22 87 20 8 13 126 83 67 2 95 91 48 118 41 24 3 46 16
    54 70 23 24 53 102 46 74 121 77 95 32 45 62 97 52 123 80 1 2 9 126
    62 113 10 45 9 117 41 58 62 113 65 127 5 45 83 9 62 75 106 112 78
    108 8 29 27 106 65 85 100 107 99 6 120 125 95 114 42 101 30 62 65 37
    65 9 91 12 93 13 67 69 108 106 71 12 123 56 84 95 16 81 33 51 19 63
    94 126 97 109 116 125 126 17 103 119 55 112 20 94 89 53 49 18 74 56
    48 40 14 80 83 38 80 2 66 79 39 103 120 8 125 79 58 1 107 0 31 119
    34 44 101 103 114 102 107 32 108 78 30 87 116 28 88 76 93 61 70 95
    103 31 100 99 78 86 125 74 48 81 121 10 38 30 96 58 56 30 104 62 88
    56 64 24 123 17 42 71 64 23 44 25 86 62 79 88 75 118 20 121 46 19 63
    59 75 13 110 14 113 81 15 23 17 13 106 26 17 67 112 34 68 38 67 2 57
    69 99 76 0 120 95 89 91 96 55 114 54 100 74 49 65 57 52 30 53 123 75
    113 101 46 14 24 7 44 106 110 31 32 107 56 103 70 27 29 8 38 122 52
    78 81 40 2 69 91 62 31 92 9 31 70 36 109 23 28 16 107 22 41 47 36
    118 113 72 27 50 86 81 121 118 116 102 32 53 49 89 77 36 54 43 59 37
    110 74 36 30 118 78 50 14 28 109 20 112 25 88 93 36 93 66 10 93 59
    78 82 38 29 89 58 76 86 56 43 105 91 119 11 74 116 67 123 64 32 111
    68 39 49 56 64 109 107 124 45 45 98 82 75 62 94 43 86 110 35 33 82
    72 101 33 83 48 62 7 74 12 13 62 85 89 85 2 13 90 120 45 43 31 29 72
    113 77 95 69 81 125 58 126 40 88 111 31 49 89 103 6 125 17 18 70 100
    89 113 87 6 5 69 52 47 44 58 61 23 90 79 84 1 10 117 42 122 55 22 89
    84 112 85 46 118 37 123 98 6 9 22 73 106 91 83 72 25 51 48 1 13 4 19
    115 38 77 87 22 73 63 43 99 105 115 125 80 56 44 6 40 1 93 94 2 93
    105 53 28 21 102 36 125 68 113 109 59 11 121 91 125 16 56 60 39 59
    90 90 101 57 97 2 26 58 36 37 41 107 55 39 2 34 87 100 9 82 102 100
    97 62 89 72 127 63 114 11 15 71 14 61 68 23 11 78 115 122 44 71 112
    83 23 7 81 21 94 27 44 39 109 3 61 37 103 50 5 34 72 87 120 74 71 7
    69 79 119 24 5 120 45 76 30 95 33 8 26 58 92 49 86 70 87 33 33 50 31
    98 4 87 47 2 123 114 34 13 30 34 38 94 115 42 74 116 16 51 5 107 125
    87 89 87 59 33 42 26 83 80 110 75 13 53 80 19 125 113 31 104 83 19
    110 32 80 25 93 3 124 78 96 29 71 92 4 6 127 29 86 55 97 123 13 102
    114 122 123 19 25 0 82 43 87 62 124 9 10 59 97 57 61 51 106 70 89 43
    67 107 29 105 18 81 44 41 91 121 63 41 27 52 104 122 100 127 125 105
    56 57 76 42 30 105 1 42 86 2 27 71 74 29 96 118 110 9 112 20 32 6 7
    39 47 81 82 88 74 117 56 71 68 108 104 5 108 122 58 103 21 43 116 29
    99 54 73 5 19 62 86 29 29 125 45 51 92 32 16 49 71 21 105 116 67 46
    99 21 69 9 117 7 46 113 17 102 41 70 82 127 83 96 107 96 13 100 114
    94 13 84 91 6 81 39 14 10 83 9 9 46 102 0 112 36 14 79 101 78 29 56
    110 97 122 117 46 82 22 93 22 119 50 33 40 117 48 73 53 88 96 123
    115 52 58 58 48 3 1 66 41 126 62 30 39 64 0 125 78 35 117 127 106 88
    32 6 49 81 112 73 103 47 31 20 87 46 78 49 67 38 106 34 41 39 95 21
    59 57 88 79 12 2 83 14 8 38 9 24 118 46 31 122 77 100 54 79 34 117
    100 95 56 44 25 122 27 32 127 45 120 125 18 35 77 58 22 113 45 93 53
    104 71 102 45 123 79 65 118 56 48 52 63 2 28 90 13 99 47 35 34 124
    105 39 60 61 29 42 36 93 33 30 5 108 1 14 124 19 121 121 19 98 47 93
    59 90 91 115 7 81 93 66 28 10 13 92 113 100 124 78 35 8 70 52 42 1
    113 38 78 96 0 97 13 15 104 124 25 36 88 26 30 3 4 3 84 62 76 75 25
    59 77 34 64 123 15 119 93 45 100 26 25 86 72 0 123 65 11 30 27 69 78
    76 102 50 96 34 56 83 124 57 28 29 94 5 89 63 19 78 14 23 45 115 14
    33 34 20 6 109 118 111 13 29 74 94 104 45 10 3 35 121 73 119 60 50
    98 73 109 101 106 29 72 10 11 69 79 62 89 50 75 25 71 55 61 27 123
    103 100 56 44 121 64 116 79 22 96 39 1 74 14 90 44 74 64 18 27 91
    118 71 75 76 50 58 39 122 107 62 116 48 78 98 68 111 95 83 52 13 36
    29 98 6 74 56 26 23 88 110 54 76 0 36 0 55 24 29 86 16 113 76 14 101
    110 121 18 115 41 126 17 69 110 95 119 74 61 34 62 20 91 79 0 32 10
    30 53 39 111 25 1 20 78 72 13 114 83 52 105 88 123 96 17 44 55 87 79
    72 114 34 110 61 63 83 127 127 78 6 111 23 91 5 64 37 95 93 45 71 16
    38 19 25 72 112 12 1 31 51 71 38 65 108 96 69 96 86 112 96 49 77 2
    86 13 93 36 21 83 84 47 90 49 127 21 98 63 26 60 97 107 54 110 2 0
    83 47 120 26 111 27 10 13 5 44 33 122 109 45 104 41 34 27 5 82 35 15
    91 32 68 98 70 65 12 125 10 24 111 53 82 64 93 87 82 47 127 113 66 7
    47 62 119 107 19 120 33 77 21 74 29 82 56 9 65 102 110 56 8 48 28 49
    18 54 121 27 93 41 51 23 79 32 88 100 6 64 19 99 43 56 107 68 119 32
    13 126 106 24 51 7 27 22 19 87 68 103 7 105 38 6 19 58 40 61 78 94
    92 74 89 123 74 113 118 79 63 22 117 16 22 43 110 95 69 86 4 111 115
    109 62 23 67 21 107 38 78 21 107 35 92 62 100 117 26 38 50 21 4 106
    18 104 60 5 115 95 4 41 102 90 72 3 6 17 123 110 99 26 94 7 100 27
    50 32 45 12 105 67 25 21 64 42 10 69 124 58 37 108 28 92 41 103 119
    21 27 59 42 28 92 97 37 92 81 105 61 95 85 41 15 98 110 11 90 17 1
    116 24 68 50 67 4 97 86 48 29 39 15 125 55 22 12 70 89 30 44 67 69
    126 22 63 114 51 42 40 6 35 116 89 123 4 6 52 61 1 125 38 116 90 4
    21 21 87 32 74 88 17 126 120 64 0 40 66 113 56 64 23 74 45 126 43
    122 92 106 64 81 108 75 98 89 65 17 45 32 19 1 109 15 77 32 14 67 40
    16 117 101 27 53 126 87 119 97 76 118 46 97 73 71 126 47 28 68 84 82
    81 106 96 127 105 35 89 11 108 64 86 112 91 40 51 22 116 68 34 123
    105 24 20 2 47 16 25 62 13 102 78 41 23 124 13 92 9 112 108 109 44
    86 6 94 119 42 53 53 93 58 36 90 113 30 23 44 67 127 9 41 49 127 117
    93 64 20 61 5 124 38 75 123 32 105 106 126 62 1 94 105 91 105 4 2 77
    36 28 69 34 23 12 85 121 13 123 3 0 28 122 106 123 74 44 26 77 85 95
    42 94 31 11 108 122 7 75 40 80 0 80 43 25 65 47 124 58 38 125 34 125
    120 20 37 92 111 27 116 4 12 56 86 102 124 27 34 98 111 105 104 108
    78 98 84 118 82 3 83 11 119 104 42 16 78 0 114 17 34 103 35 73 9 113
    67 63 96 73 1 20 41 79 56 97 94 88 35 38 117 31 77 40 111 73 34 65
    93 1 84 46 105 19 44 25 56 8 31 102 101 9 67 123 9 70 34 77 84 82 93
    1 8 46 20 19 71 120 46 62 51 115 3 43 28 31 14 56 5 91 124 52 123 17
    91 105 127 56 50 83 94 61 60 56 68 27 97 121 47 41 81 104 59 28 47
    55 59 49 16 13 62 56 84 65 89 55 115 24 39 124 85 57 117 80 126 6 49
    25 71 72 66 4 92 8 34 27 69 125 117 25 74 63 88 101 38 104 40 68 11
    43 78 107 63 118 49 13 101 71 61 95 101 3 39 102 63 121 94 112 44 76
    32 51 28 39 36 123 115 26 29 61 33 91 102 88 10 115 59 43 70 62 80
    80 42 122 2 43 27 67 65 3 66 30 17 4 9 106 100 40 115 54 27 115 99
    45 51 124 9 16 54 71 120 38 77 37 97 11 45 25 26 28 84 76 93 10 40
    84 22 119 79 6 34 23 79 29 7 102 33 95 1 67 12 79 11 23 3 39 39 113
    49 116 52 89 66 33 27 21 98 12 120 98 96 100 20 12 51 85 59 37 66 25
    36 83 85 6 34 125 91 94 113 63 126 3 71 39 75 28 125 122 78 110 0 34
    120 82 120 125 33 73 107 104 113 64 117 38 60 38 62 54 52 32 102 8
    43 29 88 5 103 117 23 89 89 58 12 16 20 46 40 102 52 127 12 110 16
    81 64 3 29 55 58 51 13 23 98 101 92 29 27 96 122 126 16 75 48 98 23
    24 1 40 33 33 18 99 50 83 16 90 39 73 44 35 49 100 65 65 124 74 19
    21 67 20 43 24 46 82 71 96 1 106 41 10 70 72 6 118 58 39 66 50 51 27
    76 40 5 114 122 29 126 69 79 11 107 96 65 127 94 66 90 127 1 75 107
    97 76 74 117 102 93 8 28 31 34 122 54 75 47 104 23 111 67 33 58 15
    31 49 117 18 34 2 46 14 50 118 22 50 116 54 68 57 39 124 36 54 101
    81 13 71 41 46 122 125 61 93 115 76 82 43 114 65 49 105 39 75 34 42
    95 122 88 103 15 77 50 47 95 34 93 78 1 49 56 108 50 105 98 77 85 3
    19 109 100 49 29 14 3 7 31 72 33 103 120 1 80 84 37 111 95 105 82 58
    105 91 110 41 57 74 91 87 121 82 79 40 0 22 45 61 53 5 41 0 39 61 76
    90 103 95 98 14 76 24 115 80 38 51 16 6 78 110 20 81 111 97 93 25 56
    76 27 61 44 1 25 49 28 121 85 9 2 35 3 86 40 66 107 122 38 22 88 57
    86 126 98 40 92 89 122 0 41 28 86 107 23 76 37 119 50 126 78 29 113
    23 90 36 41 59 34 105 39 115 69 24 65 19 103 84 69 82 46 21 90 38
    120 87 110 108 109 108 45 38 102 61 46 117 78 26 77 57 20 77 36 60
    58 65 100 18 31 9 65 43 1 38 54 79 25 22 0 10 117 57 4 19 126 8 101
    28 76 124 96 57 39 40 74 49 124 85 91 27 16 8 16 57 5 115 85 0 7 22
    98 108 96 31 5 90 40 53 15 38 66 29 101 6 11 82 110 88 114 31 37 83
    29 104 56 62 20 117 59 125 105 119 92 0 58 92 23 16 40 83 97 49 20
    43 58 37 1 111 115 109 24 71 77 14 15 73 47 72 39 65 122 76 15 37 99
    40 1 81 101 41 24 76 3 118 88 39 26 9 80 32 7 48 5 24 107 76 117 38
    71 86 66 111 61 27 53 46 11 72 30 12 73 43 96 90 69 66 54 35 66 80
    93 90 64 112 22 33 81 26 0 66 8 105 102 1 126 86 104 34 29 123 127 8
    110 80 55 35 62 121 50 35 24 59 26 63 64 1 6 10 84 38 73 117 47 26
    101 9 42 104 124 99 60 101 50 92 18 37 40 29 85 20 115 104 49 98 14
    65 45 115 46 67 69 22 54 23 77 49 17 56 0 7 82 35 47 79 71 9 120 127
    111 104 36 64 51 11 96 122 16 81 12 37 16 47 112 31 5 33 114 85 14
    52 35 47 46 97 32 71 83 50 45 22 13 48 82 57 18 42 4 56 71 107 41 31
    85 14 23 69 49 28 102 109 1 26 116 31 109 105 30 13 94 45 118 19 15
    39 31 57 43 82 7 49 26 74 55 124 16 78 62 88 18 19 53 88 77 27 18
    112 98 111 18 89 100 43 68 6 1 25 14 50 24 21 57 50 44 72 81 48 83
    49 25 102 90 58 91 38 36 119 31 8 7 20 9 120 70 82 5 67 28 105 35 54
    63 0 5 10 119 70 111 81 85 102 58 18 74 112 58 39 41 104 51 2 118
    118 65 68 32 23 11 121 60 110 61 24 1 16 126 60 33 34 95 83 9 83 96
    73 66 39 107 27 78 41 68 20 46 96 34 81 58 52 127 74 123 0 75 24 52
    103 82 84 118 81 50 87 24 7 125 97 74 50 56 42 100 9 53 108 75 37 23
    98 13 35 104 43 117 64 35 96 19 19 85 116 95 39 27 31 115 31 44 55
    39 86 12 77 77 91 28 74 107 96 75 8 104 42 63 63 54 115 5 79 88 110
    57 102 23 99 9 58 71 82 123 42 94 116 48 53 38 103 111 3 5 119 89 61
    89 91 26 85 43 6 96 115 76 74 90 36 104 6 5 84 0 21 55 2 14 127 118
    48 110 124 44 47 125 2 13 24 68 105 75 118 20 41 90 90 102 79 61 37
    8 68 8 50 7 127 100 104 13 17 74 49 101 54 6 61 72 90 68 6 115 27
    119 96 50 85 86 40 95 64 75 105 61 18 42 10 32 121 38 120 7 47 52 25
    48 12 123 42 43 7 23 119 102 119 68 118 125 58 65 12 73 106 66 81
    110 23 12 71 15 27 6 23 118 127 28 11 9 91 115 88 37 28 4 91 108 47
    109 118 6 62 109 2 14 123 68 52 66 71 61 1 88 28 23 60 40 125 88 127
    116 31 125 47 40 42 105 36 79 18 78 106 21 77 19 86 6 73 39 93 67 75
    57 34 48 117 47 124 118 107 72 45 13 45 85 6 42 126 46 87 83 110 53
    38 84 45 101 42 19 122 57 43 69 65 107 43 5 116 37 12 58 32 97 85 52
    40 111 16 97 13 40 88 111 78 66 23 15 63 103 92 21 24 124 127 94 23
    34 104 120 8 32 17 50 43 10 123 74 76 58 48 114 107 127 122 94 101
    126 81 83 48 11 14 74 109 52 46 54 79 32 60 116 89 47 41 72 38 77 64
    95 8 39 76 41 112 84 57 26 58 110 83 111 114 119 104 34 87 85 103
    123 39 105 38 127 122 90 36 67 98 105 114 115 56 46 64 2 76 51 61 43
    58 65 80 110 96 38 48 64 15 84 127 34 36 113 6 9 10 109 112 45 24 75
    106 124 112 97 91 125 106 28 71 80 56 124 5 71 70 70 97 4 102 54 18
    47 99 8 75 106 98 23 84 3 97 30 33 64 30 33 81 101 16 13 48 119 3 19
    116 35 86 41 5 107 16 80 17 25 121 126 122 68 63 54 76 45 67 72 2 15
    19 67 115 89 78 9 89 41 0 13 89 15 58 28 27 22 86 21 39 64 62 116 14
    105 57 26 78 109 92 98 57 62 83 70 24 126 53 88 104 66 116 45 6 48
    43 74 118 101 112 20 20 72 28 10 122 80 6 34 115 62 99 108 39 121 8
    90 50 30 53 31 15 82 126 43 82 126 59 97 33 123 39 122 112 121 48 46
    88 93 0 25 56 101 92 31 93 39 76 108 96 103 44 52 1 65 95 69 34 41
    84 104 102 86 3 23 21 79 76 41 67 85 43 0 1 26 9 28 127 31 41 78 10
    54 54 88 71 97 27 3 106 112 1 101 4 127 60 90 2 27 9 107 108 70 80
    87 94 41 16 30 15 8 19 50 22 88 103 67 89 118 50 67 87 14 87 10 19
    60 54 66 11 23 18 123 54 23 63 55 76 106 64 49 13 46 56 33 5 26 27
    85 77 58 67 4 33 47 71 27 27 123 25 127 26 73 0 1 106 103 64 28 12
    60 48 39 32 4 39 8 65 19 123 18 74 57 94 95 27 87 23 1 40 110 93 51
    66 84 70 124 40 16 24 60 46 125 16 16 117 43 66 22 29 106 116 46 28
    121 77 32 8 13 35 33 79 35 52 109 44 77 21 103 51 106 51 103 97 62
    109 42 18 34 36 62 33 114 68 99 113 109 76 36 107 123 92 69 68 16 49
    118 29 79 53 114 1 53 105 22 1 23 112 83 64 98 115 40 120 35 75 101
    64 99 4 34 10 127 12 7 108 51 98 75 24 82 66 59 76 26 116 47 63 86
    95 23 15 25 70 92 86 67 27 82 104 114 91 125 118 13 8 44 22 119 67
    28 11 89 82 49 38 50 64 115 23 36 25 92 125 3 97 33 123 67 104 117
    70 15 80 2 1 90 25 22 32 40 69 80 113 74 33 88 13 26 61 26 14 75 68
    48 74 41 67 18 71 45 104 88 11 116 117 18 116 107 52 77 123 110 61
    76 39 72 71 21 123 101 56 112 80 44 44 53 86 24 22 78 91 88 32 26
    126 55 89 85 18 56 0 125 60 82 95 12 74 106 78 74 73 45 101 84 51 42
    24 19 27 104 40 101 105 82 31 110 63 90 89 25 56 124 46 56 26 120 56
    77 93 125 35 76 65 52 89 64 72 106 55 69 122 46 47 100 37 8 76 94 41
    113 124 76 52 126 120 41 18 89 22 114 90 20 36 61 113 49 47 116 47
    106 47 36 76 79 37 90 0 97 111 107 4 115 24 23 27 65 111 62 10 96 21
    113 79 118 124 111 70 19 8 48 78 86 109 76 28 19 57 97 96 60 59 126
    29 125 62 48 10 117 47 10 81 11 93 30 79 117 35 17 46 79 89 59 25 22
    9 125 80 94 22 77 85 1 73 10 40 96 96 102 109 49 22 84 61 2 102 35
    112 36 20 112 5 114 69 123 32 71 102 36 47 74 60 68 80 120 4 105 112
    70 92 83 91 55 90 45 114 2 37 70 5 110 109 122 32 20 69 26 60 125 74
    126 78 38 66 104 10 24 20 85 115 1 65 25 86 47 99 54 8 85 85 9 30
    124 30 99 90 67 108 110 77 89 92 36 108 24 45 81 37 48 61 1 28 48 38
    86 120 32 125 59 56 86 86 21 15 122 96 9 30 47 127 5 27 90 88 60 77
    45 115 5 21 102 23 54 46 58 124 83 127 32 87 52 82 20 78 17 96 94 92
    51 125 105 39 50 9 42 29 68 65 53 68 98 105 81 78 17 53 7 126 100 4
    112 63 41 35 102 113 77 70 4 93 97 40 65 28 110 66 59 20 24 22 70 85
    48 21 5 9 81 2 98 91 115 72 56 39 50 101 88 50 69 7 30 67 118 71 31
    97 84 116 72 39 73 23 1 58 52 65 113 22 104 20 102 33 105 124 13 68
    23 69 16 39 50 48 33 93 50 70 31 29 118 74 50 29 52 63 91 113 82 12
    84 23 16 117 66 76 69 122 35 105 71 6 54 14 83 63 36 76 26 109 33 58
    92 73 109 42 51 14 115 109 90 44 100 42 64 107 38 10 51 31 8 37 19
    77 116 90 120 10 34 92 69 125 28 116 13 125 93 19 75 71 127 87 19 93
    29 55 28 38 123 66 75 105 103 32 4 14 79 15 42 2 59 62 75 10 37 90
    114 72 87 65 106 30 101 110 75 59 68 87 46 60 27 45 32 43 26 77 85
    74 117 23 126 56 58 10 44 122 92 120 63 106 63 95 72 20 105 92 50 44
    57 125 99 93 57 47 105 36 71 23 71 102 122 71 15 39 23 0 62 58 54 53
    80 6 79 68 77 55 35 78 77 4 117 88 75 4 113 45 79 14 75 7 35 93 47
    95 87 3 91 127 28 108 51 85 81 92 54 31 35 88 18 96 60 99 100 96 9
    86 16 81 73 22 71 98 66 36 37 124 92 72 54 67 127 33 88 91 57 66 80
    46 52 36 11 85 86 67 86 54 20 111 42 49 117 55 54 63 41 104 89 61 77
    57 42 71 124 30 92 5 76 97 58 91 113 24 33 13 39 31 82 69 32 110 54
    36 21 97 79 88 26 64 32 91 16 116 67 121 28 88 110 55 16 90 46 54 22
    10 42 60 76 11 82 110 47 66 58 40 39 14 111 7 42 9 34 125 91 39 25
    42 106 5 62 81 113 85 58 114 91 110 8 84 22 29 76 120 127 75 63 104
    105 26 74 110 65 64 10 25 57 98 95 68 43 8 54 42 62 72 44 46 71 51
    88 115 59 32 83 76 75 25 70 75 86 65 79 10 10 124 56 17 123 44 80
    100 3 74 77 28 117 95 67 123 66 17 26 107 83 51 72 11 126 127 111 78
    70 118 81 122 39 83 11 81 70 36 81 119 63 39 49 59 104 43 79 40 57
    98 48 116 87 19 52 33 54 43 70 10 126 66 33 64 52 125 46 43 62 53 52
    29 13 109 117 127 13 107 20 10 93 56 35 104 26 62 113 50 68 7 5 114
    84 116 71 65 93 65 5 85 123 2 40 72 84 4 19 46 19 122 96 126 35 73
    39 49 21 115 23 123 96 9 96 59 87 5 48 9 55 74 63 91 51 40 61 31 117
    87 42 90 120 114 48 20 13 6 65 124 120 127 73 86 68 82 80 99 78 51
    88 99 115 67 105 14 7 70 81 44 79 77 15 55 18 71 110 1 0 127 57 83
    11 37 63 62 78 6 101 20 64 85 67 9 47 77 60 118 69 86 60 5 62 94 91
    65 126 104 16 122 29 52 65 68 82 48 80 63 36 42 47 23 40 62 5 79 27
    6 104 17 116 37 0 127 117 12 24 77 6 9 5 79 13 65 16 14 102 80 63
    111 67 108 74 0 81 36 32 72 42 14 49 76 80 106 44 27 54 27 30 7 93 1
    120 54 77 31 33 122 111 66 92 52 11 94 60 53 109 105 98 17 3 69 98
    71 77 0 81 99 92 0 70 119 11 67 79 82 43 110 53 21 119 30 72 49 54
    57 120 98 69 124 2 108 3 57 108 27 26 91 97 119 78 95 52 43 36 20
    120 101 91 85 96 18 4 44 102 86 124 118 35 124 91 16 2 99 104 7 47 8
    9 38 1 70 101 64 57 101 36 5 97 17 64 124 24 90 71 54 60 79 42 77 5
    46 4 7 6 116 55 48 92 68 3 15 29 59 72 72 20 100 101 42 26 36 96 123
    36 2 13 9 97 45 86 64 22 82 47 3 29 64 102 101 89 122 49 3 118 92
    122 120 16 41 75 22 112 90 57 50 29 122 6 41 111 45 34 18 71 71 51
    28 87 5 69 5 81 80 32 22 93 33 98 78 19 9 25 28 90 72 45 110 44 36
    70 24 57 70 55 32 104 63 97 57 45 105 75 5 34 14 9 103 32 45 78 118
    7 108 80 15 85 65 121 4 103 112 96 13 25 34 62 20 103 106 92 123 100
    7 14 108 65 36 37 5 70 6 115 51 74 51 80 3 91 106 18 88 103 9 26 21
    73 89 25 114 4 48 40 89 35 55 73 87 104 100 23 86 100 97 76 83 112
    69 89 119 112 73 91 54 74 104 98 116 57 58 75 122 27 116 87 96 127
    115 45 116 91 47 35 37 105 35 95 1 83 101 113 16 43 52 12 119 22 28
    95 17 39 62 60 67 15 68 112 18 84 28 75 125 21 102 113 91 56 106 68
    125 89 77 52 22 45 64 6 114 34 24 92 119 39 24 52 99 90 72 61 100 65
    86 88 119 3 104 87 56 100 117 28 39 25 99 119 83 118 120 53 97 25 74
    89 22 67 60 48 103 37 72 94 55 110 3 66 83 37 5 71 103 112 100 54
    105 75 27 50 114 113 81 53 109 121 46 37 5 30 78 76 74 8 68 43 57 52
    49 5 111 88 71 23 7 85 86 80 6 31 94 109 111 64 45 104 98 106 100 44
    81 93 88 65 65 111 91 37 69 101 40 64 58 19 111 14 88 9 16 74 125 68
    9 101 90 4 28 103 105 24 99 6 76 90 31 48 121 4 60 4 59 19 32 98 66
    19 108 32 21 86 53 78 116 7 73 118 1 6 108 122 122 40 2 37 44 102 30
    18 104 62 111 16 40 24 91 44 14 97 97 14 84 11 72 86 84 87 1 18 94
    68 123 10 68 25 116 10 126 28 85 30 35 98 125 54 43 6 0 70 48 83 78
    31 112 47 34 22 39 108 76 50 16 105 21 81 69 68 51 47 65 88 35 32 68
    69 20 102 74 106 75 127 38 78 59 94 71 9 42 118 85 59 71 33 48 126
    13 16 21 10 10 52 56 16 56 113 65 61 7 93 39 124 62 109 84 26 63 30
    50 24 65 95 98 6 5 103 35 75 38 86 36 88 21 39 23 125 40 126 123 117
    81 109 111 61 57 8 82 32 36 83 29 41 98 63 1 25 30 119 61 75 59 76
    75 127 15 43 56 107 105 67 26 56 112 83 27 97 116 105 126 63 90 80
    15 66 42 60 96 57 5 26 12 102 45 126 104 88 66 31 9 19 91 93 33 13
    14 101 121 116 19 11 124 122 23 111 22 33 43 104 101 9 36 86 63 77
    10 8 103 76 111 38 1 73 14 89 111 20 5 107 89 106 103 61 62 30 12 6
    121 94 70 74 11 10 8 23 6 102 18 29 44 108 46 24 33 100 93 23 46 116
    62 87 83 76 41 105 102 52 94 106 97 6 11 98 2 88 106 13 24 74 66 84
    100 86 118 23 75 119 38 62 83 78 119 104 8 37 119 117 68 29 109 12
    77 36 88 48 5 122 127 61 102 60 108 115 44 34 79 75 54 104 11 9 9 20
    49 53 115 90 66 58 20 111 73 26 98 67 67 17 126 78 121 115 32 12 115
    90 86 38 40 110 105 26 73 28 97 124 95 53 37 126 66 96 58 38 15 44
    20 99 84 87 50 45 66 120 1 43 50 91 71 33 20 121 65 15 12 90 73 12
    20 121 107 53 8 98 124 16 10 95 6 88 15 126 69 88 99 50 53 85 57 115
    60 91 52 46 74 44 33 50 55 39 30 44 24 90 125 6 33 64 8 78 109 83 63
    84 58 108 17 5 22 48 78 52 34 37 123 40 52 103 67 49 78 67 57 24 81
    119 96 25 38 16 82 61 82 52 22 40 118 65 95 101 27 109 14 96 83 57
    102 15 116 57 111 84 73 115 60 1 13 26 31 40 89 10 99 108 4 22 127
    15 121 48 22 38 115 36 28 102 33 83 114 21 39 10 70 19 78 38 11 51
    19 72 34 99 8 63 16 23 109 1 60 83 116 126 98 25 99 59 39 17 14 79
    44 26 12 102 15 93 17 13 23 18 126 48 19 122 92 106 18 114 36 13 21
    45 109 87 52 63 61 82 54 25 106 95 16 93 15 68 50 60 68 46 89 26 95
    48 124 1 49 61 28 26 105 3 68 126 36 101 111 0 77 61 26 36 51 95 58
    57 82 3 121 99 112 64 79 35 91 53 59 103 87 33 98 122 70 2 107 64 53
    43 41 13 35 78 5 76 37 12 109 103 44 90 73 11 43 27 41 37 39 98 117
    9 114 108 50 8 53 98 84 31 103 7 96 103 67 113 115 102 27 21 7 86 9
    73 10 88 4 30 68 111 5 50 118 26 99 9 24 8 119 80 20 110 78 37 43 65
    26 64 45 96 1 47 70 115 0 22 63 39 105 22 97 67 32 80 91 20 29 93 64
    21 26 95 23 110 67 98 55 52 59 88 58 18 85 15 95 115 53 51 92 112
    120 88 114 105 121 49 79 118 2 78 24 92 22 35 114 21 65 11 91 71 33
    70 79 77 52 94 8 44 99 58 5 83 106 50 89 107 108 53 69 111 92 42 92
    23 9 81 11 61 113 4 66 127 86 36 108 71 41 90 46 38 45 6 88 51 73 50
    17 0 46 74 96 39 22 120 86 78 119 91 29 90 99 15 97 114 21 85 29 5
    93 74 33 71 119 99 57 94 7 114 28 25 6 55 0 5 60 12 57 54 40 82 55 8
    64 122 92 21 1 35 32 104 34 79 101 86 14 35 107 13 48 82 46 74 0 100
    28 54 51 38 60 45 110 75 69 6 32 38 111 82 82 61 47 78 56 126 73 43
    41 90 117 88 49 75 4 104 96 42 53 9 27 8 66 90 61 11 73 63 103 88 65
    29 126 51 117 48 123 122 125 11 71 99 11 43 22 10 21 5 34 69 0 76
    117 78 43 57 35 96 6 107 37 102 127 35 99 70 122 11 31 20 21 58 28
    50 94 36 94 18 70 6 119 83 61 16 34 104 42 46 15 42 60 115 67 43 100
    115 114 65 45 93 91 18 40 77 68 78 106 9 38 71 121 103 32 123 91 77
    68 33 52 56 14 127 39 108 41 108 77 47 114 112 114 59 104 82 20 52
    117 33 99 43 62 66 28 0 40 4 45 114 64 63 39 113 103 71 22 25 114
    126 91 1 3 40 45 104 121 4 24 107 26 83 24 98 2 54 4 109 55 19 120
    29 97 105 122 3 18 16 28 48 20 42 75 67 90 122 72 27 79 15 13 42 56
    116 33 57 46 98 75 51 105 82 79 56 29 63 49 68 23 24 64 44 11 31 64
    41 78 54 114 122 88 30 40 13 55 77 51 108 88 53 68 103 107 63 18 9
    101 28 50 22 24 109 100 56 94 76 91 89 22 103 11 12 1 28 18 6 91 2
    118 37 125 89 3 45 78 107 88 1 31 108 112 16 17 52 90 20 15 73 26 33
    26 75 6 44 68 119 101 116 47 24 48 77 97 115 1 92 56 85 98 79 105 43
    76 55 72 13 98 114 47 125 1 116 98 124 112 97 93 29 63 120 39 104 8
    29 83 45 80 119 71 0 94 9 100 79 38 86 10 36 105 87 100 10 94 66 36
    65 53 107 28 33 48 71 21 94 5 19 72 12 80 71 66 55 10 22 67 103 96
    111 81 127 96 36 127 68 118 39 67 116 67 73 93 1 43 62 103 87 112 96
    124 3 40 10 21 78 40 9 21 111 78 60 12 71 72 56 82 81 64 46 55 83 61
    9 70 72 40 34 0 28 103 48 82 56 40 105 105 72 119 36 67 37 79 74 86
    116 16 15 1 50 45 127 107 35 40 29 68 91 57 37 78 28 61 102 26 59 69
    121 44 14 58 29 110 46 94 73 27 90 61 7 70 125 4 35 30 85 11 107 92
    23 101 6 92 117 114 80 56 96 4 16 89 87 40 18 45 90 101 23 6 32 4 40
    53 8 59 39 109 10 33 124 102 123 102 69 10 30 51 48 32 2 22 79 52 23
    113 0 113 61 46 68 19 100 78 84 36 107 19 29 25 57 106 49 76 109 69
    3 11 3 107 75 43 39 13 91 32 5 23 10 68 94 62 11 94 103 105 98 6 101
    65 84 7 108 44 78 116 31 117 28 0 45 110 30 111 114 109 118 81 41 90
    66 69 78 124 92 53 54 73 87 96 112 62 102 58 50 92 113 40 46 119 58
    26 122 25 60 123 93 75 40 33 126 117 60 47 126 48 35 116 102 20 21
    127 45 23 38 57 44 83 112 98 90 34 104 25 2 117 113 71 85 58 32 26
    56 64 8 42 13 123 120 82 85 14 19 44 98 50 91 102 117 111 11 114 11
    70 30 64 45 32 100 87 122 94 76 3 100 51 110 27 32 118 124 61 122 95
    86 7 112 7 68 109 73 101 87 34 99 69 47 82 73 96 41 59 45 71 48 41
    28 33 49 111 42 51 10 70 82 93 93 18 5 71 39 30 92 83 5 71 112 47 37
    105 56 10 110 63 20 25 126 54 3 91 96 0 89 48 88 106 51 16 4 98 99
    111 57 96 27 88 113 121 110 90 43 29 84 18 46 83 4 17 6 53 32 66 18
    72 67 40 51 85 13 4 119 105 102 36 37 11 0 71 102 124 109 84 94 110
    7 122 119 70 44 0 60 98 106 87 64 30 70 44 69 36 43 117 52 75 65 96
    66 7 45 87 111 9 83 8 41 0 67 80 5 94 14 39 127 100 45 125 49 82 99
    91 16 69 73 75 57 96 83 111 106 26 32 71 40 45 35 0 104 62 67 63 59
    26 74 49 74 92 56 15 73 91 24 80 86 124 76 28 19 44 26 60 73 121 80
    7 15 85 121 83 56 22 10 40 62 64 109 85 56 77 96 65 14 123 90 91 88
    51 118 43 120 32 88 86 38 13 41 97 57 21 70 61 71 51 98 114 123 92
    96 102 56 116 10 106 58 24 58 13 38 20 94 54 3 55 74 6 41 54 62 21
    24 108 16 117 110 12 36 127 10 66 32 75 75 117 9 90 31 70 86 23 124
    47 114 24 45 87 24 4 8 80 62 82 83 85 9 27 58 74 56 6 92 48 97 22
    116 46 89 39 34 126 46 107 127 54 30 75 20 3 17 115 18 62 85 83 53
    41 116 95 34 34 116 38 21 70 88 60 84 103 56 17 11 27 8 36 19 110
    127 11 19 61 69 93 97 43 83 11 65 5 10 108 10 101 6 98 62 74 67 25
    31 42 122 9 74 102 125 55 110 0 0 60 92 116 43 58 112 76 37 62 108
    72 2 24 78 57 108 6 69 96 126 9 116 92 96 82 66 95 65 37 57 125 3
    114 56 83 9 77 73 82 4 122 104 90 73 96 43 39 117 108 98 93 73 53 71
    53 96 68 105 82 56 78 37 22 101 61 20 58 116 20 98 88 70 70 73 34 93
    55 125 84 83 53 113 68 0 104 24 109 123 51 60 45 64 60 82 73 53 81
    64 38 11 125 15 121 57 106 66 74 7 98 110 57 14 100 34 62 97 127 93
    64 52 48 14 111 40 34 22 115 100 43 29 88 77 32 111 87 2 111 85 64
    16 27 48 86 106 61 71 92 15 7 82 68 85 33 59 126 76 68 52 103 65 21
    22 94 84 116 68 74 53 60 67 96 5 50 38 84 75 96 27 51 83 31 15 97 10
    54 1 14 126 41 11 21 83 74 51 37 120 51 52 12 57 7 93 89 90 60 106
    48 31 22 112 7 50 116 89 29 43 26 14 78 78 56 105 12 99 39 97 96 28
    89 35 76 13 71 49 21 51 55 15 110 75 10 48 115 11 6 56 84 124 99 64
    86 45 115 49 104 47 116 125 22 18 16 29 9 86 98 54 19 77 39 85 121
    67 97 22 2 27 112 70 60 105 32 71 10 0 54 63 7 50 42 78 14 37 58 5
    67 69 120 38 94 115 91 28 110 5 28 24 58 125 63 73 68 33 47 126 115
    110 23 127 89 1 107 74 58 63 90 3 87 42 10 16 90 45 106 74 110 9 22
    55 120 3 11 115 16 62 9 44 48 73 18 87 33 26 86 66 97 64 37 31 43 46
    45 93 104 104 12 114 74 117 28 41 55 39 107 69 83 58 96 61 44 47 47
    85 119 103 28 42 102 93 2 55 49 41 39 55 97 116 92 28 48 88 29 96 41
    52 13 111 33 62 119 93 13 43 30 109 51 99 90 29 9 41 98 3 45 102 103
    54 30 0 8 94 92 20 81 94 47 27 52 85 28 31 19 14 60 84 32 94 111 33
    115 108 33 46 87 50 69 15 9 32 38 0 47 63 61 59 34 107 37 17 7 85 57
    92 11 56 74 39 19 87 103 40 124 96 124 6 66 91 15 127 43 97 11 83 55
    98 81 104 6 82 108 38 22 127 55 123 46 62 74 35 107 29 65 29 119 44
    126 16 78 48 72 124 99 42 81 123 88 119 68 86 1 46 94 11 98 16 3 41
    29 73 111 25 65 100 88 102 70 77 20 60 79 16 93 64 1 14 114 98 37 56
    44 79 1 48 85 7 13 53 27 116 2 71 53 14 104 121 114 85 72 106 24 102
    40 62 70 86 44 6 119 68 58 93 93 126 83 117 11 19 30 60 100 112 54
    99 127 21 4 103 116 14 11 73 60 25 77 69 38 79 43 67 101 66 91 35 21
    94 110 114 20 17 34 77 12 76 5 9 10 82 90 13 17 70 67 125 59 111 123
    94 4 117 84 36 40 50 41 83 25 16 103 54 124 72 12 127 15 106 99 94 0
    126 110 108 90 26 73 37 84 58 14 37 7 108 114 8 111 3 21 59 23 31 36
    88 69 78 52 45 79 69 20 10 66 36 21 84 105 51 16 45 17 107 21 91 17
    65 82 42 50 7 95 79 75 103 82 56 3 113 59 31 96 90 19 67 114 42 61
    114 55 30 29 23 86 80 117 29 94 1 95 98 26 43 67 106 20 62 17 80 99
    91 70 12 16 47 52 100 111 15 102 11 87 0 114 86 49 122 63 48 94 67
    112 109 8 67 40 31 7 17 27 41 125 50 21 91 21 104 80 64 2 25 48 5 16
    18 104 35 55 119 41 69 20 127 23 2 114 79 45 71 120 19 21 126 122 97
    57 3 74 118 6 25 100 113 118 124 22 42 87 10 6 108 26 97 40 97 33 69
    21 3 99 84 6 51 122 73 9 60 81 2 103 103 18 29 100 113 105 121 95 87
    22 9 45 46 98 126 32 106 47 98 15 35 41 17 41 107 67 64 1 73 123 97
    0 77 110 124 20 48 31 7 72 66 101 9 8 63 8 107 52 40 108 88 44 89
    124 112 3 93 9 95 31 27 44 63 8 89 81 55 15 17 82 10 120 73 62 16
    103 85 103 77 37 85 69 89 63 7 78 26 97 55 8 92 103 29 107 25 122 90
    33 72 118 119 27 118 53 74 15 89 115 21 43 19 71 81 86 64 51 80 51
    13 121 105 44 16 67 96 26 8 0 105 62 72 93 46 29 37 73 77 35 127 83
    107 9 27 126 46 108 76 72 94 32 18 56 96 9 120 0 66 111 79 117 102
    118 119 76 87 68 38 97 53 40 33 46 29 126 52 55 28 101 1 99 61 35
    102 114 77 34 68 73 42 100 1 82 41 114 89 0 98 23 66 108 49 13 70 26
    50 81 22 20 117 45 47 29 35 80 3 25 74 24 8 4 58 78 127 89 122 1 8
    47 50 89 50 9 94 84 96 28 88 78 114 106 126 34 65 27 34 92 60 54 8
    105 105 90 7 26 126 61 30 95 16 87 104 5 16 34 61 121 111 70 11 105
    123 60 43 70 116 97 108 55 4 105 3 51 50 20 74 94 118 96 26 28 2 4 5
    11 49 13 127 24 107 9 79 88 51 100 85 75 17 100 23 43 0 88 94 77 2
    119 82 111 123 43 98 61 122 104 3 86 29 48 67 116 35 86 121 26 25 72
    25 32 7 71 86 69 103 30 1 16 96 69 103 75 124 125 3 59 121 94 104
    110 123 126 83 51 6 21 53 85 125 9 16 6 71 64 96 80 67 51 28 41 75
    10 96 12 64 8 65 78 55 122 23 74 29 16 71 64 116 111 125 89 53 73 1
    64 94 89 1 0 77 34 38 31 7 110 108 80 11 42 104 49 3 48 88 82 57 96
    122 91 127 117 48 105 75 105 1 122 45 55 61 126 32 67 80 14 55 11 99
    29 41 33 27 12 53 96 120 116 18 58 80 38 27 96 22 50 23 56 114 12
    104 91 1 106 83 5 21 43 116 121 27 37 89 67 11 32 60 90 99 64 23 101
    112 54 127 86 49 123 29 90 107 106 58 13 90 57 67 76 81 63 21 117
    115 109 47 33 91 87 58 66 101 96 36 31 49 107 102 26 3 103 86 77 50
    17 64 33 59 120 112 9 24 79 38 64 111 78 87 104 1 24 64 111 17 97
    105 61 8 34 102 18 60 8 71 20 71 91 99 73 52 14 34 56 78 72 109 48 7
    93 97 106 23 96 22 38 35 84 11 29 96 13 8 124 25 113 116 1 20 57 55
    77 48 28 21 3 115 104 29 85 75 64 85 81 76 74 1 19 102 91 40 17 30
    121 115 44 122 76 95 5 86 10 36 14 22 81 121 2 100 60 102 117 65 43
    96 15 62 112 4 126 35 43 17 47 14 58 97 80 23 74 40 18 75 20 43 105
    65 79 29 46 28 125 75 51 12 8 34 104 24 123 71 57 54 115 68 86 82 33
    43 58 58 78 104 33 0 126 84 26 124 57 108 91 25 104 83 25 71 51 87
    30 17 4 74 29 90 84 14 95 54 95 86 81 87 86 73 92 123 80 15 4 9 104
    23 97 40 103 2 127 75 105 81 55 106 55 87 127 48 53 22 110 109 86 91
    113 92 3 103 89 116 94 100 108 15 77 3 84 11 47 87 120 28 109 19 20
    42 94 59 90 100 103 46 25 74 67 57 50 56 33 3 116 23 124 111 91 59 4
    55 71 33 64 38 63 40 87 43 25 36 18 49 127 89 85 56 23 43 26 64 6
    104 79 11 10 110 74 27 54 18 4 42 71 20 112 29 49 74 20 26 39 50 23
    52 127 93 1 86 105 89 75 59 74 105 98 1 52 57 97 112 127 86 42 115
    126 86 39 112 126 67 94 50 100 63 67 85 21 108 24 5 117 62 71 13 116
    108 71 79 107 60 116 113 127 70 115 2 25 12 15 45 59 30 29 105 86 91
    6 39 48 96 74 94 91 118 20 22 87 4 7 29 121 103 103 122 52 114 40 53
    69 99 15 119 117 105 54 51 23 114 76 119 99 63 31 107 14 45 105 103
    54 116 91 73 87 10 17 14 15 110 49 67 110 59 5 63 101 52 61 64 2 26
    108 67 65 46 53 55 66 46 42 39 40 87 30 123 100 116 103 8 34 106 45
    0 112 70 122 85 20 72 101 40 4 120 64 43 9 95 71 78 56 18 8 64 103 0
    14 89 19 51 73 49 40 113 42 66 112 28 10 72 14 34 116 75 71 51 80 47
    5 38 26 12 110 5 122 41 21 97 77 110 76 22 70 64 110 95 83 70 54 101
    47 117 104 5 49 58 105 120 56 70 33 6 43 90 81 51 64 103 23 12 15 31
    46 110 45 92 90 88 82 118 28 72 15 113 16 9 111 119 73 115 107 122
    122 122 17 18 101 16 26 98 22 113 9 125 73 28 83 44 27 35 6 7 65 108
    109 33 120 49 31 103 24 62 76 86 19 40 60 20 40 32 53 38 4 8 48 24
    74 119 39 48 122 121 123 121 1 98 38 117 113 54 15 121 81 35 11 108
    0 33 60 70 116 38 2 53 24 124 33 51 94 8 109 11 106 125 6 9 1 15 65
    66 64 49 46 62 78 77 42 74 97 42 92 102 26 85 26 36 45 85 102 61 84
    77 6 97 12 120 10 125 120 44 53 74 66 12 48 79 20 100 8 58 57 77 116
    33 82 65 12 12 102 9 42 117 114 92 47 2 109 18 115 40 77 80 65 87 79
    109 125 125 80 47 63 97 69 42 64 91 101 68 85 84 79 73 59 75 38 10
    21 24 0 72 64 2 33 73 99 102 104 23 36 3 33 80 5 31 61 66 88 124 7
    82 72 51 22 84 12 58 18 9 37 65 88 70 90 97 11 123 46 6 43 116 79 38
    104 16 109 80 76 30 117 60 81 41 50 96 12 48 82 83 42 111 56 121 33
    91 10 65 22 79 109 103 12 96 4 122 44 10 61 65 62 46 24 113 96 99 43
    72 14 16 30 77 6 115 6 62 33 4 3 5 109 8 50 107 61 65 103 106 120 83
    89 37 45 96 72 78 14 40 33 20 3 75 64 79 99 104 24 7 55 22 37 30 61
    96 65 103 50 111 40 103 14 102 81 125 83 115 109 13 33 51 35 56 32
    34 0 62 123 7 86 104 52 41 120 97 113 23 107 75 29 94 105 68 1 2 26
    22 74 31 14 73 118 38 121 110 86 12 42 88 40 122 106 78 69 111 111
    57 101 102 8 10 7 105 31 25 60 10 72 75 14 114 5 11 7 29 101 33 3 11
    103 0 61 33 8 73 53 2 105 23 89 88 114 98 85 0 62 84 115 35 107 17
    42 76 25 97 50 83 93 50 3 40 121 117 38 26 77 25 83 77 23 81 119 65
    102 49 42 58 59 49 7 115 57 36 63 118 80 100 12 27 0 77 33 123 54
    108 31 94 54 123 68 110 58 35 57 26 118 69 92 1 115 103 64 89 0 66
    85 103 74 104 57 105 28 44 25 10 118 60 41 38 36 56 37 125 49 31 4
    35 17 85 31 26 40 101 15 72 70 67 27 89 50 16 49 92 115 35 54 113
    104 60 55 123 57 96 5 102 34 78 116 31 118 39 15 66 23 34 100 21 110
    116 116 40 98 21 58 54 15 68 52 15 65 71 31 80 104 117 49 105 73 40
    118 0 72 22 120 95 70 107 122 25 115 105 50 101 102 126 65 102 49 70
    44 36 65 75 100 75 27 12 25 13 115 112 59 58 112 95 79 99 119 15 59
    108 60 59 97 62 12 35 105 43 32 124 103 120 17 36 36 29 26 62 35 55
    65 104 99 47 2 29 38 33 95 112 43 123 35 67 100 65 99 10 11 58 24 84
    84 64 94 65 2 1 24 39 20 31 86 113 32 52 4 3 103 25 62 50 15 114 38
    56 64 40 39 13 4 69 103 66 101 37 76 66 54 29 48 12 10 80 66 12 21
    113 37 96 57 113 109 25 93 48 5 21 50 40 115 107 59 89 17 113 72 42
    56 65 65 76 104 94 63 81 123 37 51 19 70 14 67 13 92 15 42 126 64 61
    49 34 10 37 101 18 69 81 54 17 55 24 53 105 53 58 88 23 121 97 1 30
    18 43 69 1 75 58 3 38 124 53 88 61 85 75 82 17 70 70 97 75 74 79 0
    65 72 115 72 65 85 62 46 32 58 85 71 68 81 88 12 92 5 27 21 113 99
    66 122 60 24 84 42 117 105 31 103 62 81 16 120 7 107 108 110 118 29
    102 81 104 125 77 71 108 8 90 77 15 40 81 28 117 106 124 40 78 14
    126 41 22 116 14 72 106 111 77 21 59 6 95 73 55 126 126 51 16 109 38
    98 63 94 58 95 61 100 9 22 58 110 24 31 108 27 90 61 48 97 123 55 90
    92 103 44 44 76 47 85 76 34 103 121 123 87 112 80 2 34 87 60 73 126
    58 74 22 53 57 7 85 86 121 48 77 24 63 69 14 103 127 1 26 12 58 36
    123 35 104 10 11 121 75 48 117 113 19 69 103 91 63 42 118 13 120 80
    74 85 57 45 110 127 68 12 53 97 98 70 112 80 13 64 41 85 35 13 103
    62 37 70 114 109 76 85 103 115 21 93 40 33 53 15 39 73 38 25 113 126
    110 66 28 25 27 83 26 127 106 21 74 12 35 26 37 63 62 16 104 83 0 7
    35 110 74 92 117 20 11 31 32 82 116 12 28 34 123 29 52 106 120 90
    126 45 118 90 35 101 63 114 6 16 17 75 35 39 82 92 79 78 65 105 64
    41 73 10 89 84 83 16 8 36 114 0 85 69 49 86 124 67 22 84 127 90 48
    112 94 63 127 79 33 120 23 5 59 105 26 77 17 26 79 72 116 118 62 19
    63 54 14 98 39 67 105 29 84 14 101 59 112 104 42 111 75 30 53 93 48
    126 93 82 92 57 69 72 104 104 102 92 113 92 14 32 33 97 61 17 108 26
    1 52 50 3 15 43 39 62 91 9 39 87 116 26 32 77 108 0 92 69 72 81 114
    28 83 127 0 87 86 50 18 12 121 63 53 14 85 8 73 45 22 108 70 39 17
    100 50 122 19 14 107 6 18 73 108 41 75 30 91 70 49 116 98 65 103 50
    70 70 55 95 51 36 17 23 84 94 9 58 47 28 99 66 30 102 66 78 94 43 11
    127 82 59 59 85 83 36 110 92 68 50 17 18 7 116 123 37 85 17 65 55 28
    35 83 51 116 15 126 114 119 50 61 78 69 67 83 92 32 73 62 51 119 13
    63 29 68 19 87 112 9 22 72 23 4 4 52 43 92 78 92 23 77 91 31 78 40
    13 39 10 68 79 56 127 70 15 60 70 26 105 125 56 26 14 90 34 14 71 74
    55 78 34 121 98 90 66 80 25 76 83 69 60 29 119 76 21 11 69 116 87
    125 78 81 108 82 46 25 111 93 113 106 111 48 125 61 105 4 94 1 113
    21 121 32 122 112 45 14 60 55 101 31 43 3 80 36 62 25 18 10 55 119
    112 77 115 120 125 81 80 36 45 40 56 71 40 115 41 75 0 46 52 5 40 48
    100 33 40 85 31 2 28 108 2 54 63 111 11 109 92 13 89 2 46 78 58 44
    49 95 59 23 78 62 70 63 120 95 70 116 33 39 48 112 106 19 49 44 123
    77 73 24 73 19 115 52 15 88 69 60 15 90 126 55 116 11 98 116 86 115
    35 15 64 61 34 108 85 109 24 70 15 67 40 5 71 35 125 50 82 61 125 94
    102 122 108 119 63 115 76 109 37 87 126 91 80 82 59 39 63 4 43 21 49
    7 122 44 83 86 70 108 18 46 53 118 88 86 127 126 95 49 43 83 65 84
    83 28 49 19 82 43 83 66 117 92 120 17 87 121 17 74 46 33 72 46 31 45
    25 87 53 103 12 111 49 50 60 7 60 57 34 123 52 12 119 30 91 13 101
    96 23 67 44 99 127 75 5 119 87 50 42 124 3 100 17 70 83 97 31 111 9
    79 13 58 12 77 42 125 69 106 49 18 92 114 20 33 16 62 28 37 63 83
    111 101 18 74 9 99 77 108 73 3 98 61 13 64 23 116 101 127 57 107 61
    79 35 46 106 111 2 122 34 30 52 78 48 19 4 57 124 119 86 78 3 97 3
    63 43 109 117 89 16 105 48 1 54 5 3 18 64 76 68 29 112 66 17 53 123
    77 84 102 17 117 51 92 92 67 46 43 86 99 108 82 84 33 53 64 50 51 66
    17 41 102 19 10 43 64 23 82 81 108 19 47 83 25 79 69 48 64 21 25 48
    96 94 97 126 84 86 44 1 71 74 120 120 101 26 58 105 24 120 93 54 81
    113 61 74 43 117 49 89 122 65 126 6 33 92 69 110 30 99 66 2 125 69
    94 85 111 8 126 126 96 60 127 114 49 56 104 31 4 120 57 21 55 71 58
    67 100 118 111 12 68 28 65 123 68 26 119 53 17 61 94 21 73 57 6 76
    19 10 21 70 51 73 66 57 43 82 26 51 60 91 101 69 49 107 15 45 22 2
    109 11 68 124 77 76 62 48 103 35 4 82 33 39 41 32 8 114 49 48 70 97
    52 38 90 1 60 48 29 47 12 65 99 82 58 32 99 58 53 112 81 44 116 2
    111 56 7 79 79 76 126 110 23 29 59 21 66 63 20 98 87 82 54 114 113
    15 29 16 97 103 124 50 85 2 118 59 66 45 57 94 3 4 72 74 77 37 122
    50 127 17 82 112 84 82 3 121 47 32 11 24 107 60 76 88 10 43 84 94 42
    17 32 85 11 83 105 84 47 69 41 22 10 112 74 106 117 81 49 127 98 45
    24 113 18 118 42 49 44 32 25 99 19 75 62 113 28 77 111 27 68 91 18
    123 41 22 86 93 91 80 43 52 4 40 71 20 15 78 116 104 85 73 27 22 74
    101 80 88 96 32 35 98 5 117 67 52 49 11 31 118 102 78 117 47 92 37
    44 115 106 32 44 100 19 88 35 16 71 13 23 20 92 3 73 2 61 86 24 40
    30 111 44 123 92 36 74 41 80 16 60 119 63 63 93 19 94 47 109 51 47
    117 44 43 42 103 42 22 1 94 19 83 75 65 7 17 20 3 14 52 13 71 76 39
    69 99 30 79 5 102 123 100 33 18 54 101 92 105 96 81 81 116 103 98
    113 106 99 119 113 13 68 37 47 24 112 5 55 101 107 47 73 95 118 56
    91 96 25 121 8 114 51 65 115 116 84 9 43 78 120 82 103 5 96 72 68 52
    72 94 5 71 120 79 55 50 35 103 71 114 26 106 77 96 9 125 24 65 64 85
    23 126 82 113 114 76 81 40 94 7 47 49 90 23 64 117 19 71 51 74 32
    108 125 13 115 91 91 12 6 58 35 20 51 34 70 12 41 48 65 81 94 106 0
    77 106 72 69 91 65 106 120 95 94 28 72 66 44 69 54 55 105 74 21 12 6
    97 120 119 109 94 29 70 51 11 9 1 83 47 11 19 57 45 124 59 50 19 38
    100 8 110 6 57 92 96 4 26 122 94 127 63 66 13 72 119 34 35 71 40 49
    8 12 76 47 90 18 94 35 52 29 31 119 119 118 103 125 42 73 44 2 56 46
    19 93 78 107 57 5 95 78 126 92 126 87 48 125 90 26 67 89 104 69 88
    26 85 46 30 122 38 87 16 0 96 101 111 93 11 60 90 46 105 119 42 127
    31 122 59 45 59 7 49 39 96 24 56 21 124 75 112 74 116 4 98 115 105
    18 22 75 91 126 99 76 12 58 113 4 32 6 2 37 22 24 65 65 82 104 117
    59 0 87 53 99 17 93 20 67 112 119 98 15 27 82 92 36 13 85 108 15 12
    32 98 73 43 72 30 103 116 81 8 69 28 59 43 90 116 32 51 127 35 35 41
    31 62 28 77 91 122 114 4 6 35 75 83 118 81 119 19 97 109 79 102 108
    127 71 90 110 1 92 11 71 103 103 122 8 65 74 80 75 80 8 45 64 116 53
    104 22 81 73 83 19 113 80 64 20 27 111 44 55 118 53 120 106 5 109
    110 4 103 52 68 15 3 116 23 97 104 88 115 14 109 33 71 88 2 117 42
    85 79 59 2 7 44 104 90 50 108 123 117 104 124 35 112 9 14 86 60 79
    121 96 110 10 106 111 92 13 35 40 7 24 87 113 95 10 91 37 100 16 96
    100 37 15 9 27 81 2 70 3 61 51 104 10 118 11 101 61 56 54 127 42 26
    124 60 51 123 77 41 30 9 1 54 54 113 81 20 24 96 67 93 90 67 3 41 69
    81 116 26 25 45 57 3 17 41 122 44 93 2 41 98 75 102 8 14 123 39 9 54
    55 89 46 56 59 32 64 70 48 3 38 120 15 107 120 13 4 64 110 105 60 64
    109 10 73 81 60 126 49 114 89 5 92 79 118 38 105 40 85 13 118 87 77
    25 44 117 81 122 105 117 123 86 44 8 97 9 31 44 114 118 36 58 94 53
    67 68 20 121 103 69 68 75 78 122 22 124 1 88 14 78 43 84 98 2 69 37
    92 104 91 46 109 56 59 77 109 16 9 15 101 122 16 51 8 89 32 52 77 42
    46 107 19 76 41 111 48 66 73 11 20 123 49 41 113 123 10 33 98 40 24
    120 71 6 14 91 26 120 21 99 71 23 81 16 94 101 11 125 127 31 107 125
    5 120 92 21 23 120 17 18 49 43 85 50 93 86 61 68 57 106 121 113 25
    88 87 83 118 116 94 51 3 65 104 32 48 31 21 74 9 77 36 18 61 108 118
    10 73 71 50 2 24 120 86 43 5 90 14 67 48 116 82 121 64 109 30 39 110
    28 118 31 66 84 78 65 9 43 18 66 0 60 27 0 11 27 119 59 113 106 66
    127 14 42 12 39 63 26 59 77 109 83 89 52 64 119 23 125 14 108 66 87
    10 120 79 94 95 88 103 21 7 12 66 70 107 106 3 56 64 106 63 30 31 74
    120 98 69 33 32 97 101 54 55 82 127 45 14 124 90 93 78 126 19 25 64
    12 121 49 0 0 40 91 2 85 42 106 6 55 6 58 74 26 69 58 77 54 120 97
    61 22 66 117 71 12 54 23 40 79 37 15 116 123 12 9 19 52 36 35 22 87
    1 88 37 124 89 3 85 108 24 36 7 32 53 3 100 95 80 43 22 122 13 63 74
    98 89 81 96 81 122 92 33 46 116 22 82 66 78 40 80 27 122 74 59 3 108
    28 29 45 53 34 8 70 57 102 122 2 76 14 97 69 106 117 63 51 88 117
    100 16 69 122 126 33 66 36 54 56 83 19 119 32 34 88 16 99 9 120 18
    112 19 8 107 44 36 31 73 31 102 0 117 53 114 42 38 98 1 120 121 82
    56 43 52 68 15 12 127 14 100 3 16 118 45 78 108 95 68 53 61 53 22 27
    98 20 36 60 120 102 50 18 106 13 14 98 95 15 78 31 53 55 117 29 127
    92 38 85 75 15 23 17 112 10 119 79 122 74 87 124 64 99 103 106 60
    122 62 13 80 76 73 124 96 6 4 9 3 121 96 116 124 85 44 65 123 67 127
    24 95 119 41 42 102 119 59 79 87 9 28 37 44 93 38 2 83 29 84 34 125
    65 67 51 23 3 52 43 85 89 25 14 5 17 85 93 36 123 32 115 61 97 116
    109 2 120 73 67 122 36 59 58 63 108 53 71 50 110 30 38 36 57 122 53
    19 55 100 70 42 70 114 124 4 45 81 66 101 82 66 25 85 3 67 52 13 34
    4 9 19 101 90 76 92 9 59 101 120 11 28 55 72 105 91 39 124 23 63 93
    11 44 63 78 25 74 29 91 39 71 6 116 100 121 91 75 22 90 86 83 59 73
    51 106 17 124 94 79 29 2 83 16 126 81 118 67 56 15 30 63 121 20 116
    123 123 40 16 104 77 125 18 7 41 105 42 115 23 60 71 56 104 5 124 60
    20 95 26 30 117 72 48 124 81 69 8 125 109 64 84 102 35 118 20 33 77
    113 33 51 124 13 115 41 80 96 32 13 43 25 9 23 89 90 25 35 30 120 93
    86 127 16 55 107 111 7 86 2 90 77 36 33 2 16 95 67 22 97 10 28 36 51
    96 54 15 65 99 5 5 37 34 124 104 125 27 62 48 64 92 113 68 21 46 115
    1 18 97 0 56 96 50 21 79 62 37 94 19 41 8 7 49 87 44 77 111 5 5 61
    14 52 120 45 71 103 113 98 17 87 33 99 80 50 35 63 93 12 71 3 22 41
    43 127 77 22 125 106 110 19 117 61 20 46 57 13 100 1 95 52 110 59 0
    96 27 43 122 108 41 108 74 29 27 27 32 45 50 47 22 63 69 75 123 96
    68 60 25 63 98 45 108 29 40 16 103 38 86 79 89 8 8 86 64 120 97 65
    47 90 79 120 56 76 113 91 32 75 94 15 42 86 118 11 63 98 47 91 33 96
    77 112 8 45 94 72 31 66 36 38 48 94 120 54 24 80 108 4 18 32 111 112
    122 93 41 13 123 110 77 33 34 59 126 116 103 56 44 81 62 75 13 54 38
    123 68 72 65 27 99 115 121 61 24 74 90 101 100 63 87 74 116 3 114 46
    76 104 109 110 13 59 117 19 54 96 3 68 100 93 81 89 19 60 119 14 80
    83 82 97 104 117 70 51 96 76 77 99 43 65 6 63 28 42 9 68 65 31 38
    114 31 107 94 113 85 122 107 68 53 97 0 80 86 44 82 25 52 93 106 107
    46 69 63 19 31 61 49 55 63 111 95 9 68 15 70 99 9 42 123 89 31 101
    95 99 47 54 87 3 56 84 0 111 65 21 109 70 116 97 26 14 54 71 14 101
    45 7 48 15 49 91 11 54 44 78 48 29 113 19 91 21 114 124 103 60 23 37
    14 2 75 13 38 97 66 56 25 40 61 112 76 121 81 43 27 125 111 58 18 77
    3 52 67 13 9 38 8 34 22 122 22 28 101 79 82 103 80 53 35 9 100 83
    100 45 101 122 72 46 32 114 41 117 16 6 52 125 49 27 31 17 8 27 83
    86 38 87 97 118 5 123 16 95 17 126 112 125 121 28 5 120 103 67 115
    48 26 62 78 124 11 36 43 21 16 112 48 34 12 107 82 108 3 3 85 53 57
    71 22 82 79 95 40 69 82 46 127 77 94 110 63 80 5 51 35 0 97 64 94 35
    10 37 21 36 34 101 30 92 49 87 122 30 34 74 2 67 55 77 82 122 19 20
    28 86 67 88 125 85 107 20 91 17 55 66 53 25 46 95 13 57 82 9 61 40
    101 35 126 36 70 94 79 55 80 47 2 78 126 90 57 117 74 82 22 52 33
    103 25 67 120 112 52 79 105 2 36 14 31 78 32 68 6 26 117 41 10 33 96
    50 17 90 55 84 34 76 3 10 122 61 72 77 98 97 80 84 64 113 87 24 116
    65 11 66 74 35 103 6 80 101 32 24 121 1 89 36 127 80 52 3 90 0 99 43
    110 24 94 69 0 118 100 9 122 12 84 54 20 126 98 29 99 36 50 93 83 54
    127 2 21 3 116 11 52 30 6 66 81 80 115 126 79 14 88 87 126 66 60 80
    95 111 102 50 54 38 93 84 103 54 16 63 75 53 80 57 10 25 122 64 110
    65 47 109 12 14 15 14 59 55 48 48 92 43 19 116 28 27 2 110 106 87 54
    42 28 93 85 122 76 48 93 78 33 113 75 69 42 46 28 25 29 0 82 125 34
    111 18 37 103 22 69 118 17 112 72 70 81 78 55 102 113 76 91 49 17 64
    46 99 77 116 118 123 111 48 113 14 56 64 50 120 99 49 54 106 18 41
    89 117 70 121 75 52 1 106 3 7 43 105 99 122 26 109 29 106 54 30 11 2
    30 14 37 89 74 64 19 124 90 62 114 72 54 60 11 53 76 11 26 31 55 7
    44 23 90 28 98 59 79 127 14 49 75 65 88 77 115 113 16 93 127 9 82 28
    106 121 17 50 47 15 1 49 60 20 13 121 106 89 117 101 24 66 85 85 2
    120 74 48 31 101 101 76 77 92 83 108 40 38 124 71 56 42 49 49 41 98
    90 10 70 50 31 56 52 86 13 124 86 105 47 74 37 2 12 117 13 80 83 94
    82 73 32 122 17 118 17 52 100 106 68 102 108 121 60 7 2 105 50 67 58
    18 100 9 97 34 22 30 54 86 116 78 124 41 10 87 10 10 91 67 93 36 78
    88 3 97 77 119 65 58 57 83 106 59 19 86 49 41 37 31 88 77 9 56 91
    100 84 1 15 124 92 119 103 86 14 127 41 17 98 28 121 101 122 74 73
    23 111 11 77 120 35 37 11 62 18 23 49 61 36 86 15 103 34 127 82 25
    62 80 4 79 79 122 35 42 42 104 13 104 42 84 82 86 28 122 31 2 123 89
    13 116 74 21 43 50 93 31 92 33 119 42 95 106 33 101 23 113 45 94 71
    62 115 16 14 60 20 76 27 48 58 79 38 121 33 46 48 29 45 126 32 41 21
    65 34 18 35 115 15 42 1 98 115 110 88 61 35 0 34 59 124 97 123 38
    111 45 50 92 34 61 47 14 0 44 19 72 9 80 37 74 52 2 9 58 64 84 25 68
    105 31 30 31 34 13 6 96 86 63 45 124 57 16 42 29 121 23 41 55 71 4
    16 121 68 56 108 28 70 78 57 32 100 50 112 76 36 111 91 120 57 2 55
    56 35 34 59 54 0 51 36 51 58 53 107 101 11 98 85 56 56 15 5 52 26 24
    30 51 83 102 82 120 119 12 123 47 103 59 24 112 100 79 37 38 27 78
    25 116 57 53 2 125 54 7 117 30 15 66 95 1 45 124 29 76 107 4 70 95
    127 67 55 2 122 93 56 22 74 15 56 52 60 36 47 14 67 92 115 42 1 8 64
    66 13 74 79 15 40 12 82 1 92 12 74 57 69 53 106 89 42 48 122 91 117
    44 39 10 3 78 90 96 18 76 117 116 71 124 51 60 4 122 75 45 4 79 80
    50 118 46 107 31 100 102 27 25 115 72 62 68 35 16 25 26 126 55 30 85
    87 84 20 85 55 105 88 11 74 85 77 34 46 57 88 37 89 106 36 87 7 78
    96 85 20 24 47 26 112 110 42 125 25 91 82 69 120 5 80 120 39 63 30
    125 20 13 3 10 116 57 68 117 38 87 63 5 126 94 112 61 73 102 89 3 35
    30 106 38 14 71 87 127 56 50 53 108 122 8 17 5 18 45 51 20 14 122 69
    32 30 71 36 114 44 82 70 81 96 65 5 43 81 67 63 110 60 78 36 125 125
    45 38 90 51 107 95 49 7 9 72 35 90 102 7 105 35 82 64 42 30 29 14 43
    25 40 93 93 29 45 9 113 60 45 71 36 55 121 39 87 91 61 67 30 64 58
    17 97 51 95 28 8 101 74 27 47 106 113 14 24 88 37 49 4 124 16 11 5
    93 113 57 121 103 15 51 72 51 102 118 21 111 68 7 16 69 34 18 8 40
    40 120 47 15 107 0 125 29 72 81 63 1 53 11 102 11 14 53 19 53 12 38
    73 96 118 45 31 107 88 24 53 27 24 58 60 15 57 58 77 40 52 116 11 97
    90 67 22 43 65 48 89 12 107 71 34 76 71 78 104 47 126 69 124 87 22 7
    81 83 77 122 90 75 44 92 50 113 84 61 35 48 25 4 91 58 125 126 122
    20 115 103 62 65 75 22 108 114 12 29 68 122 10 77 83 4 56 35 68 29
    122 82 115 17 44 121 105 97 113 110 104 58 114 1 47 48 111 101 18 19
    119 12 33 59 35 40 96 8 37 103 109 86 87 12 100 118 95 39 20 22 19 3
    50 83 98 122 112 39 109 104 40 22 102 35 45 28 79 35 42 43 21 66 17
    1 56 50 70 45 125 21 0 61 35 5 40 29 0 61 113 50 64 17 32 47 22 30
    72 82 95 15 67 81 11 21 109 91 68 91 12 19 98 40 48 106 120 69 23
    111 14 44 72 72 49 98 93 92 114 71 106 78 111 99 12 54 47 97 28 79
    32 18 1 5 30 88 73 12 14 78 45 28 59 64 117 29 29 94 99 17 82 27 72
    21 16 15 61 13 14 107 127 59 106 57 122 47 103 7 67 91 59 117 3 119
    29 63 74 119 75 86 44 69 76 114 62 104 14 16 26 92 116 89 66 26 83 7
    7 113 20 78 49 71 39 98 70 16 45 28 120 66 76 4 19 80 46 18 98 11 81
    17 112 50 86 4 48 66 90 124 87 15 113 45 83 126 9 38 126 79 59 4 121
    115 42 48 24 125 81 111 103 105 80 65 116 112 55 0 4 110 10 117 35
    59 88 100 28 64 63 68 61 121 72 54 22 50 58 113 38 84 3 102 84 54
    110 58 77 109 54 37 90 72 1 55 54 72 20 99 72 22 15 82 50 97 1 43 54
    103 82 125 59 102 31 40 63 79 1 81 91 81 77 127 41 82 110 18 7 74 63
    123 74 54 87 14 51 99 110 105 21 35 33 46 95 8 73 47 87 73 10 45 25
    69 35 64 45 32 27 47 94 90 115 53 58 83 67 50 17 73 108 16 114 74 63
    122 15 73 16 101 101 10 65 102 121 113 16 28 125 9 118 124 54 22 65
    11 5 33 115 41 50 12 105 39 79 32 8 19 27 82 120 9 110 17 95 35 56
    33 108 89 71 2 120 126 91 65 98 58 15 35 115 32 94 38 42 72 2 109 21
    68 64 12 18 120 55 92 109 66 4 23 25 112 27 13 25 0 19 36 97 127 36
    12 4 88 59 47 105 126 74 0 63 108 20 1 3 2 18 24 109 74 68 84 36 22
    25 52 110 5 116 46 52 34 89 67 86 9 45 13 124 37 87 80 72 32 82 112
    120 7 78 37 37 67 2 38 3 98 86 21 62 51 97 26 2 110 16 100 9 99 61
    100 99 96 68 114 4 41 81 10 68 5 32 82 9 78 2 77 26 103 85 120 75 47
    100 16 98 102 15 120 113 30 54 14 39 41 81 55 112 36 45 88 111 92 48
    71 50 103 17 21 113 87 108 39 86 103 31 83 78 80 49 74 60 114 117 59
    118 84 48 24 0 60 91 118 73 120 89 118 14 107 96 43 1 20 23 44 15
    108 115 106 9 30 17 104 113 33 86 52 51 44 33 110 85 88 48 33 31 16
    21 80 83 71 91 107 55 66 104 97 62 20 40 104 10 17 60 124 90 69 98
    91 99 45 24 109 69 2 123 58 113 53 38 75 3 37 126 41 95 113 48 1 70
    33 90 94 113 23 68 11 89 0 93 48 32 2 107 1 75 3 71 36 100 92 50 122
    73 46 120 4 55 57 59 94 125 95 33 68 120 121 48 32 64 90 119 103 14
    52 7 7 96 53 98 119 94 63 6 79 109 38 39 83 23 19 121 111 68 117 9
    43 100 96 9 4 46 102 41 43 7 93 98 28 74 84 59 78 0 91 89 96 87 57
    89 30 83 127 31 115 52 91 37 91 120 81 87 99 123 93 11 28 66 105 105
    88 100 19 67 42 10 33 22 14 9 31 71 58 110 62 35 54 31 31 59 18 116
    114 74 20 69 35 22 81 58 58 95 37 92 54 41 77 4 54 58 110 33 125 20
    72 77 43 5 62 117 75 126 67 105 60 44 28 106 60 55 89 15 48 31 38
    102 103 126 68 40 66 122 118 90 45 112 78 8 16 75 11 84 3 0 67 72 78
    14 14 76 83 83 122 118 77 104 47 84 74 49 56 116 44 7 112 58 16 30
    47 33 96 92 68 71 124 61 96 57 103 89 37 124 124 121 85 107 95 117
    10 16 67 80 68 48 62 83 96 1 46 18 85 41 96 121 34 65 27 31 127 24
    113 42 77 49 5 99 30 121 54 21 82 125 91 40 92 119 22 114 83 46 112
    121 41 108 17 51 99 37 46 90 4 23 120 120 58 124 56 43 107 68 115 64
    92 74 80 65 99 108 35 70 37 74 32 119 29 127 10 127 3 38 88 90 47
    105 69 45 111 63 102 48 34 119 63 117 123 114 86 21 104 94 57 6 127
    111 8 126 118 71 97 91 20 73 49 16 82 42 9 6 23 117 109 4 79 37 46
    27 48 85 22 36 21 119 46 110 110 10 94 97 5 95 77 87 29 13 10 110 54
    29 99 9 50 79 70 25 76 118 103 36 119 6 46 105 120 35 94 107 124 34
    65 71 10 67 40 43 5 54 14 54 62 64 61 57 74 86 59 32 11 81 3 90 74 1
    107 5 10 48 94 20 68 16 25 115 23 10 20 114 118 18 39 12 33 40 1 4
    43 85 42 85 53 100 96 33 18 48 74 26 64 72 105 79 85 69 30 0 19 111
    65 56 3 7 82 111 58 110 89 28 38 16 121 32 21 77 30 23 78 121 92 95
    63 41 72 47 118 120 91 77 85 73 89 36 113 5 121 65 121 109 20 109 29
    60 60 99 55 120 4 47 106 4 33 37 54 112 73 40 96 118 63 42 30 21 73
    71 107 90 95 119 56 13 75 100 13 27 71 10 72 118 126 35 0 22 2 99 65
    73 53 10 76 54 10 97 49 77 50 26 95 3 40 116 46 59 83 24 90 81 61
    102 15 67 69 38 55 72 43 10 73 119 100 3 5 87 24 106 106 50 113 111
    123 6 52 64 75 50 92 82 16 26 17 66 98 106 17 29 125 40 38 106 25
    121 25 23 89 74 23 77 0 106 22 27 21 74 31 26 1 116 4 34 106 83 79 1
    20 30 33 100 57 17 30 0 69 72 26 37 120 92 99 94 56 124 66 67 110 66
    110 9 54 81 70 44 63 57 71 102 62 78 92 5 30 13 36 105 99 15 97 124
    82 46 98 78 107 121 56 123 55 68 124 1 14 125 20 121 23 46 58 31 106
    6 43 77 48 86 12 59 44 101 20 16 29 59 39 117 56 21 109 20 33 86 39
    2 25 13 106 55 18 4 73 109 14 71 110 121 15 73 81 91 64 99 44 26 79
    82 61 67 101 59 12 58 73 115 55 7 119 118 55 95 23 116 100 79 69 61
    1 72 25 62 90 54 80 64 55 29 32 81 108 10 121 126 115 12 33 64 5 89
    45 106 83 79 79 77 51 107 41 5 73 19 55 72 100 103 74 112 102 68 89
    19 56 82 64 38 8 86 48 63 105 10 89 104 110 41 67 53 74 60 108 102
    72 58 30 102 27 3 98 41 40 70 101 42 1 4 17 48 115 34 18 18 44 101
    21 123 98 84 34 127 6 7 37 59 57 81 113 88 38 55 61 102 101 2 86 103
    46 100 68 35 121 114 66 65 19 14 120 119 14 9 25 109 67 66 67 48 66
    72 58 37 122 121 116 4 4 76 75 35 11 21 82 56 61 66 75 31 19 68 97
    69 87 74 88 112 108 21 22 53 63 65 71 113 102 68 27 65 18 99 22 42
    20 47 97 16 94 74 57 93 57 21 127 57 116 37 62 93 60 44 104 27 122
    62 18 14 46 32 26 120 18 85 33 43 23 34 52 99 56 104 10 49 62 30 126
    82 108 19 20 98 78 114 43 108 59 98 106 104 52 52 51 35 106 66 19 24
    11 100 45 68 35 104 49 53 85 43 67 76 67 107 52 119 66 64 73 37 47
    121 62 83 92 109 89 53 46 120 43 59 52 111 54 123 60 86 79 11 121 34
    127 11 39 76 15 18 125 98 29 2 59 77 85 43 17 111 65 90 65 120 85 71
    45 72 50 16 48 80 82 10 66 56 95 58 84 32 59 35 29 13 24 2 115 91
    125 118 104 93 28 56 124 82 94 6 42 62 89 41 90 82 91 67 101 8 68 16
    115 39 20 78 77 37 116 82 5 69 69 98 112 16 71 100 73 105 51 34 48
    55 68 7 93 122 1 17 86 78 111 121 14 71 108 31 110 17 110 77 20 23
    107 92 81 113 84 53 115 46 72 110 51 125 112 112 16 6 115 52 56 57
    79 119 95 31 126 6 29 97 80 96 69 34 110 121 82 115 63 21 120 126 56
    123 15 102 13 57 46 56 80 56 96 105 83 38 1 2 63 24 30 112 74 25 37
    51 78 50 73 47 40 96 77 27 59 5 8 22 65 97 2 34 27 96 97 92 54 61 51
    53 28 31 62 112 49 92 33 3 63 6 96 81 7 0 86 18 21 20 82 50 73 98
    108 70 74 38 2 122 86 44 23 75 79 123 93 97 107 22 61 80 37 62 32 26
    94 123 11 64 61 45 60 120 54 44 67 12 63 50 81 107 44 113 49 45 23
    124 51 70 102 42 73 64 8 14 14 82 117 15 68 27 15 109 50 46 46 12 99
    72 108 50 96 2 24 110 35 27 23 45 71 30 124 8 127 81 111 96 76 67 84
    116 80 92 9 101 96 21 16 112 104 93 81 16 99 83 67 21 77 100 16 91
    21 46 4 114 95 90 39 62 48 94 9 86 44 114 127 97 19 17 53 69 28 62
    97 52 120 81 8 36 41 63 40 31 3 82 56 77 63 22 20 87 114 10 121 73
    62 5 117 35 66 83 63 119 125 11 122 90 116 127 104 54 47 126 93 116
    100 28 104 48 3 124 76 21 38 126 82 91 1 75 31 100 96 92 57 109 11
    45 123 48 120 69 8 84 23 69 87 127 62 105 70 83 24 46 98 12 108 105
    86 18 36 48 110 22 55 96 93 99 16 89 90 95 19 8 101 35 69 72 54 53
    24 86 126 81 101 108 114 126 19 93 123 90 33 69 78 89 109 92 39 25
    64 4 85 20 75 19 60 3 44 121 77 36 19 109 126 8 14 71 50 109 61 114
    68 124 39 108 115 72 106 3 34 39 117 93 3 45 3 10 53 49 19 26 7 80
    85 10 66 19 105 121 79 81 34 101 51 66 26 107 38 57 114 65 85 48 103
    53 115 107 54 123 21 44 100 27 74 50 79 78 42 58 30 118 38 87 67 58
    37 65 58 61 82 81 51 50 118 119 6 46 16 109 48 105 17 60 86 48 59 2
    119 2 108 27 7 3 81 92 85 64 38 16 108 106 111 115 106 75 90 122 7
    69 88 15 3 45 53 28 88 12 54 49 16 52 4 57 30 104 39 43 79 93 43 120
    5 46 18 81 95 127 118 113 34 29 50 17 122 126 62 73 75 8 14 31 124
    33 112 110 121 62 71 73 42 84 76 114 60 85 26 73 98 125 104 46 43 31
    105 23 108 12 68 72 45 47 90 101 127 20 28 111 13 96 20 95 19 31 16
    95 24 9 42 10 105 75 118 81 81 125 81 11 116 121 19 23 20 42 92 62
    90 25 89 10 72 91 57 83 110 124 33 1 92 95 84 49 39 88 59 116 92 118
    92 93 97 20 62 74 114 123 54 67 104 63 6 76 70 111 36 0 83 28 8 66
    47 5 86 28 7 103 18 111 36 101 94 52 104 88 16 14 41 67 89 64 90 126
    1 118 35 119 19 51 75 90 101 99 4 10 20 119 38 106 38 26 53 110 4
    113 30 48 3 77 60 66 53 18 9 114 40 60 1 92 95 42 10 43 100 16 6 25
    64 3 61 0 15 41 126 81 37 51 104 64 121 83 123 67 38 18 8 44 32 104
    109 124 91 96 110 17 126 119 113 85 95 116 46 110 23 15 95 99 100 22
    41 15 15 93 61 117 18 26 67 77 79 116 87 117 99 104 98 85 123 84 124
    111 96 123 74 6 109 127 17 38 43 10 57 13 123 57 123 46 107 89 84
    113 39 65 71 103 118 60 75 35 84 25 57 95 33 26 35 97 9 127 61 61 99
    54 65 33 68 92 42 92 15 112 127 85 63 95 46 48 113 58 64 64 111 44
    113 2 75 106 53 23 124 59 86 53 62 102 23 31 52 83 112 98 2 103 34
    60 104 1 87 38 103 75 122 37 70 60 27 112 54 122 18 97 55 127 77 91
    38 94 3 127 80 50 32 105 104 30 72 60 1 34 83 54 99 79 58 4 105 91
    10 14 30 50 55 127 5 45 5 68 16 96 10 93 117 121 24 62 127 52 36 75
    76 114 0 64 124 45 124 7 12 4 55 127 125 36 12 102 69 101 7 10 36 94
    58 57 9 18 19 4 60 6 106 109 71 13 65 120 109 107 109 118 84 73 110
    13 25 99 3 88 123 98 70 26 2 24 117 42 23 104 6 2 103 26 117 30 106
    49 25 117 118 26 13 21 23 18 13 121 7 53 102 57 11 59 55 11 46 127
    44 79 110 64 116 1 54 119 31 87 52 54 39 54 119 76 119 114 67 29 93
    54 114 120 39 125 91 118 27 70 43 38 22 30 61 75 7 91 15 113 67 62
    41 114 77 54 85 71 122 112 72 61 108 78 60 92 88 91 80 21 33 0 61 33
    122 8 107 78 21 40 9 45 3 108 68 36 114 52 123 59 71 1 83 42 58 55
    17 51 79 49 46 100 48 73 91 89 26 71 112 43 121 21 14 32 11 40 65 93
    30 23 114 121 69 91 99 29 84 125 26 118 6 26 75 43 91 66 54 60 81 20
    123 73 57 74 78 74 78 126 7 118 40 123 16 20 27 104 68 0 124 18 54
    113 30 3 14 51 78 31 107 48 123 107 31 122 11 35 0 54 7 76 48 108 92
    4 45 58 42 115 0 1 73 14 106 114 111 47 107 89 60 43 108 66 105 11
    17 58 36 27 34 63 27 100 48 18 88 43 37 25 10 59 3 14 18 9 123 64 79
    59 117 5 111 88 78 57 98 122 3 7 19 69 88 8 12 71 36 27 44 75 12 60
    43 117 96 120 111 32 17 94 89 71 20 18 29 24 56 127 93 117 79 67 53
    3 58 81 97 121 40 76 58 67 122 97 67 36 23 64 56 12 35 125 32 62 89
    67 114 15 9 9 91 40 3 39 90 68 99 98 49 7 23 4 77 102 88 3 12 107 59
    59 77 105 107 119 94 31 0 20 3 5 46 12 75 30 126 125 9 31 54 118 118
    17 2 97 63 53 32 38 28 23 109 41 48 44 48 113 71 108 74 98 90 20 90
    71 97 54 122 44 76 71 46 63 33 107 8 7 3 63 120 103 82 50 63 124 15
    109 36 88 70 94 19 123 116 20 64 114 94 19 111 26 122 42 96 59 28 51
    40 96 20 6 27 92 17 94 64 104 82 65 21 19 46 14 94 17 85 91 82 122
    13 9 108 127 19 115 9 10 106 67 109 97 2 105 85 5 37 121 106 20 97
    22 78 92 16 50 97 18 17 114 54 118 54 115 20 21 95 24 29 42 85 11 47
    34 21 63 26 5 107 59 62 10 94 17 80 68 52 122 105 56 83 42 12 102 58
    2 122 112 14 45 93 105 20 10 98 90 82 81 31 84 61 99 49 2 11 80 9 50
    50 69 93 65 114 20 109 24 86 105 32 17 71 51 91 57 11 21 126 47 14
    65 22 1 35 124 57 56 101 55 34 52 53 86 84 20 84 34 17 124 55 43 81
    100 84 28 7 83 33 102 1 6 60 101 0 77 111 5 119 9 108 68 97 65 65 49
    5 93 45 118 42 44 92 16 40 94 65 124 50 74 77 75 120 5 89 81 5 69 83
    33 18 84 42 32 116 46 31 55 35 70 30 117 121 29 100 94 68 23 123 36
    48 99 96 24 78 55 79 70 78 109 117 82 113 22 109 0 77 17 86 52 20 93
    29 5 69 86 126 40 19 118 97 58 100 123 101 27 14 1 26 29 117 45 29
    67 109 16 110 98 66 123 42 73 45 7 41 27 18 33 7 17 116 93 3 63 27
    120 33 79 76 53 87 78 126 79 66 116 5 13 28 60 51 73 53 48 117 67 54
    40 117 65 96 97 43 33 120 35 37 104 8 57 1 54 58 23 71 25 8 50 3 19
    23 50 37 66 126 39 112 92 1 79 0 85 73 48 24 102 47 72 80 96 17 108
    111 25 30 28 94 48 63 113 74 124 19 32 64 103 122 126 83 112 98 33
    31 125 92 24 79 51 87 120 28 98 33 72 82 37 43 65 122 95 112 63 65
    14 89 126 104 104 46 55 44 12 114 56 115 61 51 122 2 35 105 81 126 9
    40 12 89 72 80 38 64 64 31 56 39 10 42 96 88 75 68 38 5 84 82 17 126
    126 57 78 67 54 119 11 17 29 50 113 83 91 82 69 34 63 113 46 3 62 13
    89 84 27 102 36 98 9 23 10 40 100 66 80 103 82 117 117 70 10 60 84
    18 90 36 29 33 1 20 111 95 62 80 68 5 92 117 1 2 4 114 81 94 77 9
    103 112 25 102 58 30 7 36 55 42 109 81 81 13 48 98 18 117 66 70 6 98
    3 16 52 30 74 85 86 40 25 46 123 115 74 105 58 47 87 72 100 78 93 18
    108 109 10 16 13 77 110 26 22 56 93 4 48 57 19 70 40 1 55 95 79 51
    53 102 16 112 103 102 23 23 18 42 95 40 58 43 111 66 70 36 72 49 89
    65 127 7 70 97 65 75 94 2 98 86 105 11 8 90 28 3 86 45 26 54 103 113
    92 56 2 36 67 93 52 1 77 32 54 111 103 98 89 0 78 83 97 50 83 52 14
    93 7 20 55 76 71 102 87 92 104 77 89 87 5 121 102 101 16 73 61 16 1
    16 24 88 92 7 27 55 30 46 28 18 28 13 20 12 9 114 27 70 86 126 75 4
    7 118 70 90 57 86 27 113 39 88 72 97 6 9 104 127 46 84 99 77 14 105
    127 86 40 12 69 1 90 32 113 31 99 71 1 70 99 19 126 82 112 78 80 30
    111 66 84 119 81 4 86 107 17 93 4 62 38 26 110 99 58 126 11 31 78 81
    25 123 124 73 110 32 72 39 106 51 50 113 37 76 87 115 25 67 86 72 11
    10 82 12 69 32 40 109 125 121 43 60 59 1 124 53 44 55 2 14 108 44 75
    111 34 79 107 52 16 81 108 51 71 107 7 43 86 80 29 114 120 13 54 6
    96 26 52 73 51 101 47 34 49 120 37 60 87 10 93 90 37 16 49 94 109
    110 100 79 110 7 32 99 6 26 1 65 75 27 11 92 43 61 50 83 23 63 20 61
    102 69 57 45 9 50 4 6 49 83 102 43 64 119 96 86 17 127 14 3 43 46 66
    71 7 59 1 25 122 69 100 44 26 108 64 53 76 22 105 38 124 40 51 34 79
    6 11 86 37 9 75 119 65 125 79 53 5 116 92 62 94 89 12 124 67 116 39
    27 88 34 122 114 122 34 38 3 24 6 40 27 36 20 51 26 70 54 49 12 70
    118 39 67 36 103 5 121 40 79 24 5 70 112 103 124 48 96 33 4 94 1 24
    104 124 99 77 26 38 122 117 38 52 116 96 12 89 75 108 20 56 16 28 78
    9 94 117 111 1 74 106 28 117 46 22 86 27 53 91 120 0 114 58 56 20 24
    21 79 91 60 70 98 38 17 47 0 103 106 67 79 28 66 1 121 58 116 95 26
    14 39 1 2 119 35 124 108 56 41 125 25 98 53 34 1 13 62 34 18 71 53
    111 114 6 10 78 17 47 25 127 63 23 57 50 26 72 38 102 5 84 80 55 24
    20 112 88 81 53 95 83 105 97 12 54 65 106 10 62 42 70 100 75 85 14 8
    106 34 66 24 59 88 120 90 123 118 89 14 22 77 76 80 57 115 111 27
    114 46 32 95 107 69 98 88 59 31 95 15 32 62 1 21 19 24 40 71 9 81
    103 50 22 81 109 39 107 113 60 102 17 25 74 76 72 7 107 95 41 109 95
    23 27 68 97 21 39 40 69 66 86 89 47 15 111 93 36 20 27 6 52 112 6 54
    45 57 92 33 39 17 78 4 36 86 33 124 102 127 92 42 118 20 8 52 91 44
    11 1 81 112 12 30 74 75 98 74 1 8 83 112 21 9 14 10 73 12 116 111 0
    126 36 48 52 108 59 113 100 64 83 54 41 124 48 120 51 31 73 110 101
    80 56 113 117 5 55 64 84 98 42 52 16 3 32 67 47 109 34 25 89 100 90
    33 18 101 34 118 47 61 101 121 107 84 97 32 38 112 50 29 95 15 60 91
    53 32 82 9 87 40 91 93 107 72 64 82 116 79 5 21 116 22 67 78 16 18
    60 0 96 20 74 41 68 89 64 66 30 124 31 25 80 2 124 54 43 18 23 97 55
    72 120 58 29 119 84 105 111 90 56 30 25 42 61 42 92 57 114 76 97 4
    68 69 91 95 86 93 11 75 34 65 126 74 97 105 117 82 25 52 64 112 9 2
    114 53 63 94 111 5 124 89 78 85 40 101 73 25 42 36 100 40 73 37 111
    33 85 88 18 123 108 23 83 24 112 30 89 113 35 86 7 39 72 122 69 23
    123 127 13 74 20 115 123 8 92 37 69 93 88 60 58 13 91 37 91 43 27 10
    17 36 19 12 99 79 100 23 125 7 50 104 92 102 108 36 74 120 50 95 109
    85 10 91 46 33 57 58 35 68 88 16 20 117 99 97 43 47 65 81 97 29 116
    54 76 58 44 6 24 84 103 1 48 117 36 32 125 59 24 83 81 34 1 117 108
    109 41 10 35 74 30 23 36 66 114 79 86 99 109 3 79 53 53 31 62 24 40
    76 13 5 68 60 84 30 72 73 108 27 41 8 9 43 44 48 126 29 0 4 116 101
    66 103 4 58 98 63 90 47 100 1 106 6 8 0 49 36 58 101 78 73 13 34 52
    29 16 65 30 64 15 23 76 42 43 4 117 88 55 118 72 12 52 43 13 90 85
    90 14 93 23 70 15 103 13 21 75 117 55 79 104 25 1 33 1 67 29 81 82
    112 36 99 127 40 101 48 106 93 84 47 30 82 65 118 112 19 50 81 64 33
    53 68 22 96 65 5 86 63 119 10 99 48 60 68 108 101 15 76 77 115 72 21
    26 53 64 28 126 107 97 97 20 36 125 106 48 84 8 127 36 69 67 111 91
    123 54 87 36 113 111 9 60 87 10 58 92 53 47 24 112 90 3 42 16 66 62
    69 81 112 89 82 65 43 7 94 91 14 45 127 76 81 53 66 120 80 9 87 95
    55 51 78 38 48 7 43 73 42 23 34 63 77 14 16 86 116 34 6 62 66 68 103
    70 23 48 40 122 122 95 71 82 124 27 98 21 61 65 25 76 58 26 41 73 63
    118 39 1 28 56 84 51 83 58 31 127 46 44 121 126 46 111 13 106 47 39
    78 11 125 124 83 14 15 51 38 84 22 84 78 59 125 115 56 28 53 24 67
    45 116 61 101 81 37 36 72 124 103 41 43 26 124 29 66 71 47 102 96 84
    60 92 114 10 106 102 89 121 127 126 3 21 108 81 120 75 69 58 68 52
    102 101 124 97 119 39 49 46 81 54 55 126 120 1 21 106 58 106 38 45
    52 83 103 126 9 97 70 112 127 123 49 92 88 102 82 21 112 1 44 28 63
    74 31 15 76 52 15 54 110 2 97 42 30 118 9 42 126 6 89 101 17 60 98
    48 23 115 43 54 82 91 27 2 117 68 24 76 71 22 111 46 124 45 60 4 95
    10 82 64 6 25 53 13 49 5 103 100 3 1 24 101 36 125 32 27 58 107 96
    123 24 75 85 122 106 93 60 17 49 20 105 126 65 78 125 47 89 79 109
    41 49 124 9 127 90 33 65 77 84 113 103 21 52 71 33 10 60 6 100 117
    63 82 27 72 35 7 55 30 96 115 13 98 106 34 103 87 72 83 38 1 126 83
    82 30 26 103 87 120 53 42 100 78 55 115 70 24 0 60 18 113 120 77 75
    32 44 70 52 33 2 5 110 3 69 84 113 48 68 8 5 34 8 104 81 47 84 118
    16 111 98 47 117 96 127 104 14 109 82 59 113 17 45 47 112 29 40 93
    30 4 25 101 108 3 23 46 45 124 118 63 99 17 108 87 48 17 91 83 71 68
    28 41 67 33 125 20 82 23 59 35 119 5 97 45 9 52 17 94 47 62 53 42 17
    102 59 64 41 106 58 12 64 15 51 45 36 22 124 79 64 34 57 23 110 30
    123 91 6 10 1 32 8 85 108 103 92 47 107 92 81 27 112 109 81 78 80 71
    15 76 81 76 112 108 64 17 69 88 55 97 97 81 56 43 90 51 35 34 11 14
    75 116 61 127 94 32 14 18 101 125 104 123 95 30 39 81 69 98 114 65
    41 57 123 109 102 77 79 67 38 111 81 72 86 39 119 97 64 109 122 121
    112 53 126 46 40 103 71 14 51 20 61 46 92 5 57 14 102 3 73 112 12 41
    93 116 89 103 85 57 47 4 16 18 125 18 9 96 52 90 105 43 37 79 104
    101 67 6 3 119 85 2 47 66 46 19 97 61 55 119 58 47 51 124 62 106 37
    31 40 73 17 43 90 69 3 61 82 29 0 62 108 34 103 47 112 51 56 54 35
    79 112 126 34 45 78 113 12 4 1 96 99 23 32 81 47 38 102 72 102 83 3
    66 68 72 2 26 124 84 118 115 44 62 85 106 8 74 38 123 40 105 107 83
    38 74 78 4 12 82 43 113 55 70 67 87 101 82 92 11 118 51 36 106 44 18
    4 93 92 52 31 85 48 75 110 61 59 127 93 92 13 93 35 27 52 109 61 21
    18 122 63 38 42 76 82 27 2 78 25 42 84 125 68 39 94 81 35 101 33 26
    14 93 32 41 91 16 40 48 69 2 93 7 40 48 80 88 54 23 94 68 78 9 102
    11 81 59 15 4 56 1 42 91 73 18 81 95 40 108 108 63 23 85 85 34 101
    121 29 30 68 121 112 16 92 92 90 43 109 87 7 95 94 9 71 115 29 1 97
    10 28 108 64 53 16 24 76 121 32 84 92 0 13 59 113 2 12 3 124 39 41
    46 89 25 47 100 4 81 75 71 65 68 100 31 85 15 31 46 117 54 77 45 28
    56 106 95 46 42 89 8 49 123 85 65 32 90 79 13 104 19 83 79 49 87 22
    31 43 76 101 103 126 68 113 87 37 84 83 52 32 122 104 124 86 38 63
    86 80 97 26 57 125 101 42 85 57 5 59 33 105 104 117 41 92 50 3 16 44
    12 118 63 82 95 127 34 107 84 92 89 56 78 41 67 116 103 72 111 121
    65 83 16 127 48 117 103 82 103 65 53 90 0 0 38 0 125 110 44 92 102
    125 99 66 65 104 51 105 2 85 84 11 18 31 77 80 99 76 109 27 52 1 61
    47 92 39 16 9 95 54 110 69 114 66 49 103 28 86 37 79 39 36 87 61 114
    98 60 73 120 37 116 33 113 31 15 121 65 112 85 54 47 88 121 4 61 89
    79 91 8 106 26 0 61 55 67 62 118 47 108 111 18 82 27 108 32 101 21
    121 123 52 89 35 51 32 19 101 123 92 93 28 112 110 3 30 103 29 26
    109 36 92 88 52 92 39 16 0 45 127 19 21 49 42 66 97 13 52 101 81 74
    66 78 103 81 99 90 82 113 101 45 39 96 80 2 34 123 31 106 34 101 117
    17 111 21 74 106 117 6 63 77 98 108 31 86 124 2 79 24 4 77 20 22 32
    110 61 30 102 84 124 117 73 89 104 94 41 69 48 77 73 10 123 24 51 3
    80 101 85 72 76 98 36 29 107 122 73 3 115 59 74 112 117 123 0 32 95
    77 35 59 2 125 3 68 21 5 3 14 25 60 84 13 17 105 69 40 69 20 115 74
    35 53 20 54 65 53 69 50 27 78 61 51 63 125 47 107 59 38 28 76 33 45
    37 117 96 67 85 7 70 25 110 27 38 70 10 99 76 99 49 91 23 17 101 107
    84 29 89 115 20 116 112 19 60 41 20 86 83 94 117 2 42 113 22 33 49
    75 41 32 90 82 90 9 71 24 55 16 10 107 107 13 16 61 103 85 23 39 111
    40 77 53 34 32 50 95 110 43 62 71 69 2 73 20 79 72 121 87 71 69 125
    93 48 112 124 120 77 19 101 111 26 15 101 19 1 114 86 93 97 93 82 72
    30 53 85 123 24 54 52 0 103 71 23 104 123 65 72 66 70 15 87 50 29 69
    110 117 6 87 125 60 18 63 25 88 19 38 73 55 118 104 81 60 2 69 108
    53 87 22 2 28 71 114 11 99 117 5 115 115 27 100 17 59 117 10 34 117
    127 65 37 56 27 116 59 46 101 125 6 14 17 46 15 112 96 115 76 28 46
    102 5 48 38 122 47 25 124 18 8 23 63 26 56 107 113 9 47 40 69 36 101
    113 119 34 30 22 7 114 113 90 85 38 83 2 81 37 55 20 127 58 19 99 2
    10 17 28 107 84 76 26 27 66 41 26 124 26 78 5 95 64 78 90 117 86 117
    46 36 123 6 90 89 58 22 125 50 118 70 20 124 34 53 55 45 71 109 54
    103 111 99 57 30 42 74 111 17 106 101 81 115 62 22 22 81 80 114 43
    42 0 18 93 21 17 87 126 33 22 14 52 118 97 108 4 85 30 30 57 76 74
    79 10 42 57 109 103 111 114 49 24 76 117 121 70 92 15 100 79 19 106
    85 41 21 17 5 122 77 21 46 28 39 109 38 5 8 42 116 112 51 19 19 59
    110 7 106 112 72 65 44 30 25 40 10 91 27 102 30 75 27 85 75 118 48
    112 83 35 37 109 1 6 34 66 28 37 110 62 17 110 72 7 96 13 79 53 1 35
    41 79 96 42 67 105 100 59 107 1 90 81 40 10 48 13 97 6 92 121 96 94
    84 103 7 2 31 10 16 27 29 51 80 111 8 24 122 116 60 75 43 126 110 20
    28 66 87 36 102 2 50 84 52 68 15 120 88 13 111 72 8 50 71 26 101 49
    4 5 22 124 80 64 124 73 27 88 10 89 16 68 2 70 29 23 81 51 109 123
    110 10 35 97 84 29 74 36 109 109 54 6 120 108 75 69 80 54 15 89 73
    25 23 122 47 56 83 22 65 44 15 97 76 84 122 72 68 23 88 13 28 91 75
    72 71 35 126 21 62 97 88 44 16 71 40 1 109 52 49 24 22 47 68 122 84
    87 17 112 22 53 47 110 70 69 40 51 58 29 66 39 53 110 105 90 119 13
    90 106 90 71 0 11 17 0 47 81 74 55 105 49 14 23 13 52 35 43 110 55
    102 28 96 25 81 1 28 93 68 69 86 122 89 97 82 28 117 54 25 113 104
    82 123 37 72 15 19 25 127 53 110 81 67 92 21 78 103 67 69 87 90 126
    86 91 35 36 36 34 27 43 46 113 47 77 10 71 63 39 104 3 98 42 117 127
    122 107 95 43 119 117 26 91 58 31 32 119 30 120 32 112 28 58 63 48
    121 126 53 98 16 10 12 13 83 105 45 49 32 28 71 123 124 86 87 104 77
    111 10 54 44 72 101 34 1 83 30 75 79 68 20 84 55 3 26 65 13 47 33 26
    55 97 113 70 56 0 6 26 86 13 106 26 66 54 88 106 117 30 26 68 125
    106 91 46 74 43 68 9 23 85 22 116 8 90 13 27 70 126 23 103 6 112 86
    72 95 45 123 83 26 42 25 47 48 47 30 111 19 114 105 82 16 46 37 107
    46 97 112 3 34 30 54 48 70 44 43 4 55 119 101 60 76 126 117 87 71 24
    106 26 0 16 113 38 16 67 83 68 4 122 103 59 93 4 43 81 100 23 14 82
    27 96 27 60 27 79 37 100 115 11 124 98 44 88 53 34 70 80 31 38 9 17
    123 103 14 108 24 98 3 40 45 0 98 39 31 73 101 58 110 45 59 69 84 4
    16 14 35 36 76 17 114 40 9 75 54 8 33 15 70 126 86 73 72 60 33 115
    107 33 114 59 2 57 45 20 43 123 73 69 115 64 93 123 83 2 46 106 17
    104 18 48 109 1 78 30 102 71 92 76 23 111 98 79 126 46 49 56 44 96
    127 6 81 37 24 1 49 78 77 46 111 92 0 103 5 100 121 34 100 2 41 86
    84 6 68 40 88 29 33 63 95 17 14 59 8 110 126 125 68 69 103 125 28 95
    96 110 113 67 56 54 121 60 117 41 3 73 35 95 24 11 50 18 77 38 63 52
    61 117 48 45 112 25 9 89 50 66 97 9 68 77 60 47 11 50 94 56 24 36 39
    68 104 102 13 37 7 3 84 8 60 119 27 123 49 0 38 106 79 16 48 114 44
    78 69 84 88 53 32 22 37 58 63 9 77 103 54 99 75 40 30 37 102 84 114
    64 108 38 101 24 63 81 47 6 49 54 27 72 41 33 51 44 104 51 34 67 91
    57 98 59 90 44 3 89 107 4 3 63 46 75 44 7 78 60 63 103 50 103 71 61
    46 77 32 109 48 83 127 56 116 82 24 112 81 28 80 92 54 91 51 120 41
    8 18 42 31 102 83 109 7 51 127 37 39 67 66 9 114 86 0 112 106 40 75
    92 72 38 116 89 43 55 96 15 40 69 7 94 34 52 121 111 126 57 71 38
    125 121 36 98 64 98 23 52 86 10 112 34 36 91 58 90 81 62 108 52 94
    79 97 9 123 124 26 125 27 82 43 34 48 73 25 17 121 126 106 54 120 40
    13 51 120 32 118 4 19 47 54 124 29 59 4 112 32 119 65 77 10 10 64 15
    75 83 116 111 81 73 81 40 27 43 42 114 96 127 60 84 64 9 16 115 95
    24 85 111 84 8 80 53 109 6 81 46 66 31 44 5 41 52 124 67 98 29 119
    11 41 66 56 29 118 89 29 109 90 92 34 62 61 93 58 97 42 58 108 114
    13 29 92 98 102 9 84 118 39 3 99 30 22 106 109 0 64 105 78 11 125
    114 115 92 35 14 3 17 116 86 11 57 66 58 7 85 98 7 91 32 34 98 40 48
    20 82 119 6 6 126 60 125 111 61 121 80 98 107 70 93 33 25 28 48 105
    46 100 119 74 45 8 90 45 5 8 77 76 31 83 127 98 112 64 65 14 123 66
    98 82 110 26 117 106 115 127 19 32 59 111 53 120 44 29 54 8 87 5 24
    30 41 1 0 19 84 31 56 97 120 59 8 91 71 76 78 35 78 19 74 14 99 57
    27 71 6 37 26 22 96 12 102 93 107 4 81 67 32 90 98 11 8 67 42 5 60 1
    52 86 100 73 105 32 22 21 0 91 105 17 81 81 66 23 32 18 49 108 42
    105 45 14 67 91 86 69 72 118 108 55 108 70 111 58 112 79 108 49 103
    79 91 54 66 74 48 31 32 88 69 32 63 78 104 102 19 59 84 21 34 43 26
    66 59 86 65 12 107 2 6 22 95 31 53 78 96 15 68 60 20 15 67 101 112
    127 112 102 122 111 112 119 95 46 126 85 58 62 97 40 127 100 11 57
    29 89 52 13 92 96 44 81 10 1 17 52 21 48 98 14 126 47 105 58 13 17
    10 69 54 95 116 71 117 32 63 127 109 62 59 42 23 60 44 127 74 28 74
    35 2 94 127 94 54 71 39 35 26 41 80 98 119 64 85 25 13 92 52 71 89
    120 104 100 75 74 51 27 55 38 47 56 123 5 85 88 88 126 50 67 41 79
    33 84 107 5 97 117 110 126 104 102 90 57 3 53 121 78 98 2 78 113 49
    42 124 11 111 89 26 113 90 57 49 45 101 24 36 89 59 17 38 113 78 7
    28 101 24 41 119 65 39 15 0 103 50 35 18 1 85 18 29 8 81 34 4 56 83
    87 114 17 127 52 78 79 14 66 57 0 2 4 29 69 63 121 26 46 6 110 115
    98 92 78 112 93 72 88 3 51 80 85 26 79 84 37 100 76 85 87 86 15 47
    59 85 60 27 115 94 78 1 14 87 81 82 39 42 15 96 9 9 4 108 103 33 82
    50 11 80 105 66 121 25 50 94 18 96 120 80 93 104 109 61 113 20 18 1
    11 4 79 17 53 50 28 57 110 107 6 11 37 81 59 38 19 62 26 75 116 9 21
    5 42 68 11 113 114 65 102 19 76 45 45 23 38 2 81 111 68 105 5 108 88
    111 25 8 64 47 22 105 19 94 108 124 83 95 126 90 97 109 2 108 99 79
    86 126 55 50 125 74 95 113 123 36 78 5 122 49 122 126 21 69 64 57
    115 84 43 24 2 49 43 27 103 42 72 43 63 16 27 15 61 113 108 65 87 78
    125 30 21 122 60 25 6 121 124 5 83 7 74 42 62 5 29 53 106 121 105 79
    104 4 96 126 46 14 97 6 105 116 64 81 99 96 16 52 64 60 68 35 94 46
    6 29 76 82 83 111 68 117 18 60 20 42 121 121 124 111 74 16 34 25 34
    18 38 28 4 53 112 39 77 74 120 23 112 123 109 18 6 127 6 43 16 13
    107 39 13 83 9 126 97 56 109 108 34 70 118 103 71 65 22 48 117 53 33
    15 54 26 1 26 108 87 85 98 114 102 64 53 94 65 61 88 43 22 115 46 87
    48 105 99 38 6 70 32 127 69 48 93 112 72 125 53 84 81 40 5 23 66 17
    103 80 37 55 22 24 117 5 101 110 103 109 58 89 0 79 47 88 20 25 8 6
    73 55 69 18 76 8 7 2 65 70 103 8 23 55 96 94 113 122 0 114 29 60 82
    20 126 119 118 10 112 55 9 74 7 117 125 35 99 9 49 122 45 76 37 100
    82 81 32 81 12 77 1 127 22 11 120 91 116 42 62 36 47 122 72 63 73 92
    33 15 92 5 111 37 15 90 56 106 75 116 37 122 116 16 24 64 69 9 3 8
    45 8 114 92 71 69 118 10 42 51 44 1 8 100 3 38 90 73 17 93 71 126 59
    89 74 4 46 80 95 8 105 83 81 0 42 101 101 116 106 91 86 84 37 82 127
    108 99 69 119 39 98 102 98 47 89 91 5 6 2 44 22 6 10 127 4 54 87 2
    79 5 74 24 123 36 72 25 52 100 100 79 62 121 29 60 15 77 104 110 13
    68 18 48 38 18 2 4 28 125 17 112 114 7 115 14 85 71 112 11 16 94 56
    109 69 124 76 102 31 80 113 27 31 7 62 12 6 117 102 90 39 52 63 2
    101 98 24 78 5 99 96 94 8 95 1 120 120 12 74 59 53 15 31 107 111 125
    33 6 89 15 3 54 108 27 26 33 88 41 20 124 109 65 9 104 23 23 125 115
    124 37 88 67 94 86 36 88 13 24 99 63 93 48 41 64 84 17 97 1 101 15
    94 126 88 40 83 41 57 86 89 15 113 88 33 15 126 50 9 25 123 18 94 53
    94 55 127 118 48 120 64 55 46 8 87 30 47 15 23 83 65 106 16 45 63 83
    73 10 99 94 98 115 64 94 74 53 73 80 47 24 15 32 64 65 47 51 89 125
    24 20 31 118 28 49 22 123 8 27 2 93 19 28 93 85 36 89 46 85 93 16 62
    48 122 70 98 6 101 77 7 43 49 126 112 11 86 82 80 112 88 118 97 62
    16 121 117 13 18 103 86 50 106 63 106 18 12 117 96 102 45 106 40 109
    48 41 30 52 63 39 97 60 120 54 40 126 25 22 61 19 72 6 8 127 55 62
    111 10 92 31 63 1 121 70 91 9 68 51 31 86 126 15 16 75 103 47 69 6
    38 80 44 59 96 24 72 126 54 89 95 5 82 127 41 115 44 20 100 8 42 82
    82 15 65 26 119 22 35 85 91 62 110 123 8 96 127 72 81 10 24 62 51 20
    97 87 58 73 90 17 7 120 94 88 123 122 122 44 32 60 34 109 101 16 56
    120 8 7 105 1 78 19 17 114 13 36 101 50 43 107 5 22 122 75 81 3 66
    34 95 23 33 29 12 22 37 47 88 24 122 116 37 21 19 97 71 115 80 118
    35 46 43 13 62 68 49 12 10 18 37 16 5 118 98 72 60 74 49 45 59 59
    106 76 118 68 55 20 51 90 28 106 93 125 118 101 12 81 53 66 2 87 69
    95 37 88 64 121 117 31 20 9 102 121 0 83 26 14 91 43 10 61 97 97 64
    104 62 21 93 85 64 24 53 54 39 52 81 62 47 45 87 117 15 6 101 101 11
    88 101 44 3 43 64 120 88 85 64 121 12 123 109 5 53 107 18 10 77 27
    50 25 24 79 110 12 73 121 9 21 28 8 76 80 96 40 19 93 93 66 16 31 74
    124 67 21 84 24 46 127 42 65 32 61 115 14 28 22 102 10 62 109 39 87
    78 9 110 68 126 35 109 54 30 90 49 48 25 6 66 10 68 124 31 119 122
    125 73 32 28 66 20 101 16 102 42 78 121 41 103 64 98 88 86 70 1 19
    113 95 64 95 93 16 123 64 69 18 21 55 67 21 101 98 84 124 55 117 119
    78 117 98 74 123 97 112 124 116 99 83 17 22 58 11 64 37 47 112 86 15
    3 1 24 124 37 105 16 84 87 106 116 34 114 48 62 85 73 27 116 44 50
    89 8 0 37 78 59 78 29 25 90 48 46 10 108 113 46 17 94 45 118 2 65 12
    25 68 43 104 112 41 93 111 71 35 61 120 109 45 53 10 27 110 66 85 70
    110 106 38 13 37 81 107 105 77 68 9 120 84 52 24 64 80 103 97 19 68
    111 70 55 54 127 115 108 116 18 53 60 87 118 25 84 34 77 99 16 98 40
    87 29 33 87 9 1 12 47 111 72 15 78 53 94 94 76 79 80 13 108 31 59
    100 20 69 19 44 17 56 53 105 102 9 79 32 75 15 6 127 41 80 29 121 13
    1 14 44 97 33 57 110 76 79 113 21 84 109 79 105 25 118 6 86 95 30 83
    56 34 46 28 72 0 34 62 88 57 77 33 80 105 53 63 22 82 28 75 40 59 11
    41 83 38 76 38 46 35 5 112 122 111 121 11 19 109 38 34 52 73 77 24
    95 93 19 40 40 66 84 94 31 14 103 65 35 7 77 22 87 5 115 68 55 31 70
    117 23 98 106 16 118 8 70 65 44 72 22 24 25 119 104 98 81 90 43 19
    40 61 73 49 33 31 35 62 28 39 4 120 28 100 111 121 14 118 91 58 16
    51 68 11 102 14 67 108 106 48 4 48 44 120 21 53 17 117 79 62 103 27
    63 117 51 79 12 16 9 125 12 90 81 117 66 19 89 122 93 79 15 90 61 75
    127 38 92 41 105 51 106 91 51 78 26 44 3 28 19 97 105 45 71 69 123
    109 80 3 79 23 32 105 84 51 35 34 59 60 4 122 98 62 75 84 8 35 1 36
    96 57 77 14 23 6 108 77 0 1 76 70 34 50 60 78 96 68 66 101 28 76 33
    54 2 54 126 90 115 65 34 25 47 85 102 103 5 23 6 97 12 68 117 44 124
    93 28 115 78 60 25 21 64 46 69 25 112 103 113 102 81 115 77 4 106 63
    4 92 75 102 68 89 29 103 33 116 107 110 52 16 84 74 50 50 34 7 101
    68 84 105 17 109 31 105 31 98 12 69 98 76 54 102 114 26 106 28 87 12
    60 30 77 24 71 37 11 95 118 89 57 95 93 40 97 99 92 41 34 87 18 34
    40 108 22 76 120 1 18 41 28 43 72 73 119 77 90 86 37 27 7 15 81 17
    107 80 57 113 52 40 68 58 11 14 105 86 99 102 107 117 61 116 119 67
    62 91 122 121 11 41 99 8 68 69 97 18 54 81 25 119 98 87 51 111 74 84
    109 72 87 91 9 119 49 101 34 105 66 34 23 60 118 12 37 43 57 110 73
    116 109 57 125 37 111 37 126 42 70 123 18 89 49 114 37 61 121 17 101
    25 6 0 67 84 96 59 16 107 125 100 19 17 113 0 101 9 87 17 78 100 30
    31 116 81 125 126 14 125 63 36 12 38 32 105 68 77 50 38 30 46 37 55
    46 28 103 59 39 97 84 99 51 47 98 8 74 108 44 8 83 43 34 126 57 89
    112 61 108 18 18 77 46 10 46 8 27 29 29 78 55 85 38 78 104 73 105 12
    68 23 23 38 77 25 121 44 120 66 6 9 107 42 104 45 77 39 47 98 35 68
    33 3 62 6 75 91 38 6 68 94 117 106 64 123 10 70 22 113 42 2 117 34
    10 8 22 94 30 71 41 30 118 41 105 52 2 90 32 47 56 119 48 63 21 4 31
    45 1 1 106 120 22 92 88 49 125 28 67 56 18 119 22 67 99 47 28 25 0
    36 11 10 97 59 86 90 28 56 109 4 123 12 118 97 96 112 0 52 24 6 77
    89 8 9 9 6 84 41 105 10 28 10 66 82 41 41 122 103 125 127 43 109 90
    77 76 22 40 85 58 86 57 14 123 88 34 76 64 56 82 15 64 64 43 2 40 52
    36 51 123 16 9 73 38 115 72 104 29 47 10 54 123 11 97 38 13 103 25
    13 46 100 21 66 69 91 53 27 19 90 39 17 114 125 68 98 86 124 19 9 15
    104 73 49 9 29 22 2 1 63 53 43 107 78 109 24 86 85 80 93 94 39 121
    30 59 2 56 83 44 82 85 12 119 19 40 85 42 42 123 30 110 77 62 11 12
    9 3 118 77 84 74 73 46 114 58 50 56 99 84 0 34 77 125 83 42 76 10 81
    31 66 39 106 24 115 35 62 85 20 66 78 52 96 35 99 104 116 27 51 115
    72 40 53 24 42 112 21 26 28 29 11 98 67 94 0 5 45 71 53 112 26 121
    39 25 2 96 52 42 14 79 47 67 28 126 107 70 112 52 7 114 14 10 106 32
    18 82 46 108 52 108 26 5 75 48 56 2 91 65 125 49 34 54 60 80 60 92
    86 125 32 6 83 60 121 125 44 36 64 43 5 119 48 30 66 31 55 57 51 1
    15 104 117 91 75 26 79 76 40 23 12 62 87 6 120 39 112 42 9 41 6 91
    109 16 72 6 58 77 66 29 14 33 109 124 4 100 51 44 72 124 5 47 111
    114 17 71 103 13 48 50 71 87 83 100 4 9 69 21 13 48 74 77 18 14 5 11
    54 32 1 25 118 26 71 82 113 18 72 38 23 2 88 80 125 107 52 66 88 2
    106 99 57 121 12 34 49 73 29 53 69 119 56 89 45 48 35 5 83 16 30 79
    96 52 102 90 54 16 61 113 79 54 55 43 38 15 8 89 103 121 115 2 118
    58 64 64 76 52 41 65 26 98 37 89 58 70 73 32 122 123 110 7 78 123
    106 103 95 12 21 121 45 23 70 13 26 0 3 47 123 108 18 112 121 12 89
    36 50 97 65 17 3 102 54 42 96 14 40 63 80 7 78 40 9 79 1 32 13 113 6
    21 126 115 80 90 90 83 97 89 85 50 16 72 26 119 6 115 69 112 104 95
    39 85 59 87 1 54 15 19 98 73 33 83 68 111 29 125 58 39 38 88 101 20
    67 58 70 113 120 23 47 26 18 57 29 126 73 126 89 106 32 101 60 60 19
    118 116 127 100 24 34 7 21 79 25 6 112 78 68 88 24 30 75 76 94 124
    23 54 115 90 33 44 100 124 86 26 81 123 51 60 32 119 98 3 126 33 125
    14 127 112 70 120 31 113 61 90 65 67 53 61 86 70 74 48 31 16 59 115
    79 7 127 5 86 71 29 77 42 68 85 58 0 46 111 52 103 115 47 27 114 88
    72 71 114 61 119 66 35 52 25 14 42 97 8 28 28 14 106 46 64 108 49 62
    15 3 46 9 82 101 81 126 93 81 18 127 79 70 70 122 101 84 103 101 91
    7 53 0 43 79 37 20 65 69 14 49 2 26 13 43 91 25 111 97 29 9 73 89
    113 35 32 30 103 36 43 62 109 10 119 36 86 113 33 45 42 42 87 41 33
    40 111 15 70 33 14 28 38 49 56 32 62 95 67 50 120 78 72 68 45 5 67
    52 79 97 59 99 108 57 68 40 43 58 41 28 94 27 105 74 17 7 70 39 38
    52 75 32 115 112 60 117 35 101 27 85 45 62 32 86 7 109 104 12 67 11
    50 36 10 55 2 35 76 21 111 73 0 10 113 41 46 80 44 50 82 53 112 48
    95 74 3 46 101 118 62 72 63 118 4 61 118 97 123 57 51 49 5 30 53 56
    38 23 69 90 51 26 48 23 89 57 56 53 92 31 68 111 55 32 41 61 13 99
    31 26 37 20 96 46 9 20 124 15 19 83 126 63 127 115 19 16 106 6 92 89
    58 53 109 12 101 31 25 42 127 68 3 127 9 44 50 124 119 113 17 33 1
    107 73 104 48 84 47 96 115 80 15 2 54 105 118 55 74 118 21 44 105 51
    69 39 4 82 44 85 46 8 53 76 28 84 69 94 18 13 43 72 92 39 53 123 124
    1 7 117 106 39 9 19 97 103 44 84 109 115 93 62 2 6 115 58 83 28 124
    65 72 55 100 39 38 36 40 19 17 115 74 64 117 51 47 95 13 104 98 111
    29 126 22 46 15 46 127 99 109 105 38 28 43 28 20 99 89 13 60 124 56
    25 47 75 72 97 121 65 12 100 51 79 54 117 37 40 118 8 7 48 8 50 54
    73 4 18 29 12 78 23 107 31 42 15 113 24 54 92 21 55 25 65 27 126 95
    15 5 64 23 74 28 92 74 11 4 125 98 65 19 116 68 0 7 46 123 5 126 48
    52 119 40 32 57 87 5 126 58 30 88 106 80 125 32 12 18 84 43 117 110
    107 59 83 14 6 43 46 35 119 91 111 47 126 38 27 92 127 48 65 113 62
    61 91 115 71 70 37 118 48 94 78 88 119 72 125 93 93 88 43 95 35 16
    28 126 16 53 61 4 116 43 35 95 35 107 12 56 13 12 27 59 6 104 68 15
    32 93 94 79 63 16 102 71 112 93 89 24 17 90 57 98 25 99 2 112 46 61
    31 104 102 94 126 80 53 50 57 73 15 112 114 82 115 5 34 10 60 114 48
    33 28 65 37 84 54 42 99 23 105 38 53 73 36 27 32 76 0 25 30 111 123
    63 124 57 7 57 35 79 55 54 10 113 127 59 87 32 7 110 69 25 105 54
    125 3 95 91 67 72 76 73 91 25 86 6 94 95 81 92 18 100 40 116 39 97 8
    46 85 73 84 79 124 101 98 103 3 8 41 43 73 18 81 83 31 50 47 48 114
    111 115 108 69 73 7 31 87 85 69 2 82 106 12 31 31 57 41 69 116 15
    113 11 100 1 2 28 37 76 35 61 32 96 104 85 92 40 9 23 35 10 105 87
    88 82 26 57 62 70 120 97 63 97 52 51 108 76 50 77 118 121 92 20 104
    105 26 9 98 39 70 8 77 25 61 112 109 98 33 98 112 80 85 29 22 56 37
    78 32 28 0 49 48 50 41 90 59 63 94 51 66 32 18 8 29 36 10 6 37 79 79
    48 121 9 70 104 81 69 38 18 16 101 48 59 83 53 52 28 39 14 78 89 13
    51 42 43 118 69 98 31 34 106 24 81 40 26 30 27 16 85 71 104 51 48 11
    101 28 35 65 33 70 60 31 36 91 19 28 63 32 93 87 51 38 36 28 111 16
    116 55 32 14 126 59 47 24 14 115 51 37 73 40 24 113 89 91 20 58 83
    101 104 21 83 36 2 74 17 24 3 119 30 102 102 53 111 64 25 117 77 2
    51 63 13 79 103 2 20 0 106 39 5 6 105 116 76 61 93 40 96 121 112 122
    81 43 25 82 124 111 24 90 100 50 87 4 103 31 16 38 40 64 7 22 122 32
    85 89 62 35 27 121 0 114 68 113 94 12 83 22 107 93 36 51 97 47 39 75
    60 23 30 10 41 127 110 91 63 27 18 127 104 109 9 63 105 81 81 22 31
    84 60 76 57 24 95 113 47 2 91 71 18 38 7 124 4 108 77 79 67 108 67
    77 80 20 5 31 29 46 92 23 12 35 88 62 89 29 75 123 56 98 41 60 114
    124 66 89 12 111 29 2 34 83 108 15 20 107 81 23 16 46 46 127 10 80
    79 114 107 10 42 83 67 13 8 78 109 21 97 65 72 83 99 99 111 117 48
    73 104 92 49 12 68 59 13 40 88 20 44 80 22 16 26 71 14 44 107 36 94
    29 76 47 3 45 20 87 70 2 127 47 31 119 83 72 8 113 8 82 91 71 87 115
    11 24 110 78 94 30 72 84 11 79 17 31 53 69 77 86 35 122 20 114 34 35
    82 42 82 31 123 19 6 82 113 74 102 36 53 109 29 25 34 126 57 110 106
    26 96 79 118 80 13 96 64 39 33 86 24 72 126 99 22 56 98 55 101 39
    113 89 49 17 52 5 61 56 70 1 16 90 94 123 51 94 2 71 81 13 11 17 71
    84 92 116 1 99 3 119 30 89 82 9 23 3 30 85 58 21 17 2 24 26 85 25 33
    88 83 20 84 33 92 20 41 66 48 47 108 59 77 26 40 91 39 32 107 93 90
    19 61 80 124 19 29 69 0 18 76 76 115 27 117 72 74 34 44 54 8 42 17
    18 90 103 108 36 114 113 99 58 124 58 70 104 115 58 85 74 19 56 91
    67 111 79 29 97 42 19 4 45 54 59 48 23 29 0 15 111 40 2 19 39 112 17
    35 69 103 71 98 84 121 91 10 60 86 116 98 107 118 4 89 30 58 120 54
    58 93 19 36 91 58 56 92 69 73 37 55 15 122 96 108 15 93 89 35 33 110
    26 21 56 100 55 100 56 11 88 121 95 104 10 74 50 89 117 69 106 105
    83 112 108 126 40 46 5 36 26 78 29 123 113 10 50 102 59 27 94 121 70
    96 36 124 59 62 54 20 99 6 55 99 119 72 107 2 100 107 12 101 63 6 38
    48 38 95 58 86 33 45 85 48 2 58 32 55 122 54 50 48 93 95 83 59 23
    105 116 31 92 118 23 110 83 63 85 67 118 51 46 38 41 11 55 55 25 50
    57 59 87 81 31 76 103 101 4 27 127 44 49 122 17 26 54 13 69 120 94
    77 17 48 127 66 44 60 64 101 0 43 24 45 106 39 98 14 49 33 21 56 3
    54 75 64 1 114 69 84 17 113 50 11 127 120 102 47 112 70 82 54 96 103
    72 16 60 86 76 103 28 117 56 73 47 15 65 89 34 74 77 76 21 98 108 4
    96 14 32 119 40 126 10 59 36 18 16 83 97 60 15 39 39 83 120 11 97 66
    89 21 53 35 89 9 108 110 120 31 50 90 14 90 18 36 17 110 117 68 0 22
    2 103 126 23 48 82 58 89 124 6 40 95 7 113 79 23 5 17 76 28 121 42
    48 64 94 38 11 32 82 3 35 80 3 19 103 11 116 46 10 8 7 123 37 58 101
    15 47 86 89 98 57 15 126 85 114 95 2 9 78 76 26 55 102 72 121 105 2
    0 66 92 98 24 43 24 120 115 82 19 105 83 119 102 108 42 49 78 84 0
    65 5 63 46 73 25 6 66 115 52 84 13 8 76 23 74 46 16 49 111 10 117 83
    41 94 86 27 110 71 32 77 6 105 36 98 105 32 27 126 115 22 72 32 13
    49 99 45 42 101 84 107 37 60 26 104 16 80 74 17 59 3 119 83 120 100
    84 127 59 28 108 7 93 10 111 80 35 16 111 115 126 89 2 64 8 102 37
    110 89 52 117 98 89 72 36 50 81 73 71 20 57 115 3 48 82 63 94 97 113
    14 27 74 107 77 12 101 50 77 111 127 46 70 126 86 74 30 78 84 11 62
    43 20 30 113 117 97 107 62 19 84 17 10 86 30 23 13 120 106 47 64 89
    106 17 121 81 55 15 21 80 90 3 100 77 61 75 48 41 92 52 6 48 82 76
    55 35 90 56 26 78 92 112 79 55 44 7 65 70 86 69 25 80 80 41 56 62 82
    121 9 80 61 63 77 86 107 95 57 103 45 28 74 93 100 81 27 102 45 113
    116 33 34 46 100 48 71 90 43 14 14 90 83 77 67 108 68 13 127 94 85
    31 113 13 31 20 72 83 77 2 99 92 70 108 120 17 55 68 9 61 15 108 105
    57 12 34 127 51 27 108 67 28 21 101 88 116 101 52 108 47 85 98 119
    124 10 71 29 114 78 30 120 11 52 119 67 90 104 46 125 43 44 62 39 67
    1 82 101 54 53 88 10 104 34 62 115 127 51 87 78 97 43 116 31 67 48
    40 74 10 77 94 4 94 89 121 17 106 24 71 48 13 37 91 32 90 3 61 58 46
    17 7 79 51 121 55 84 114 94 56 75 79 52 68 10 47 1 108 36 100 87 100
    49 107 13 69 115 122 35 62 13 49 82 69 52 79 36 27 110 74 45 60 45
    45 62 122 119 22 6 20 34 20 101 22 123 119 41 28 126 101 38 21 97 82
    17 82 61 41 106 57 56 3 1 122 39 124 112 65 105 113 29 118 97 108 36
    50 102 31 59 39 13 53 122 60 40 77 94 56 14 11 84 67 1 127 124 115
    77 61 31 31 92 95 98 27 90 115 42 78 51 99 120 42 30 56 23 121 6 65
    77 113 127 35 49 65 108 96 74 112 16 121 83 13 100 71 30 86 126 28
    88 66 121 122 122 21 95 1 117 38 33 16 107 52 124 103 2 46 70 86 40
    86 124 37 72 46 46 88 23 56 18 55 100 77 69 111 41 41 70 66 45 38 38
    2 64 27 101 52 103 36 36 47 96 72 38 115 74 85 41 29 71 45 38 92 86
    125 69 28 21 16 49 124 76 66 92 105 75 67 23 5 59 26 65 116 94 67 32
    89 20 86 50 64 72 7 28 21 62 101 94 120 59 111 13 68 51 26 104 82 98
    33 111 59 99 20 67 67 12 121 54 13 18 84 112 18 74 106 87 44 105 72
    74 24 111 106 89 99 91 46 7 120 57 58 35 12 9 80 107 26 81 92 33 53
    37 15 65 21 64 92 11 116 7 32 0 108 37 83 82 126 74 29 89 46 99 102
    0 43 76 54 103 29 100 16 32 86 68 25 104 104 58 49 72 96 65 62 127
    97 117 46 58 121 5 116 24 19 16 11 114 91 9 6 53 46 84 114 77 19 95
    93 52 100 126 53 113 94 3 96 127 105 35 24 32 23 38 0 51 47 50 5 83
    0 109 83 120 53 47 56 54 64 42 126 94 10 120 105 54 32 126 61 124 11
    119 7 50 112 111 84 95 101 127 78 74 48 34 115 113 13 46 99 66 91 37
    10 0 25 125 106 39 91 9 109 16 5 77 76 6 111 35 108 33 91 109 12 61
    57 32 66 2 88 43 27 92 31 42 126 90 87 21 119 46 68 77 53 107 65 92
    102 16 82 57 62 74 33 93 77 13 96 70 125 109 117 57 30 24 111 117 98
    56 100 68 45 35 4 81 51 30 68 66 115 41 24 70 124 79 91 62 49 0 107
    46 3 90 71 118 73 120 11 73 43 114 28 15 79 127 3 108 36 84 40 29 99
    9 92 103 58 30 125 112 4 14 52 77 113 76 50 5 45 108 87 108 4 69 15
    29 51 16 118 125 127 5 59 11 63 68 93 85 126 73 15 120 84 54 124 55
    98 123 66 8 49 27 87 7 5 39 33 92 33 73 105 9 22 98 44 56 20 125 7
    43 66 34 11 114 65 123 119 107 73 80 61 112 88 53 31 127 107 114 5
    123 101 46 17 108 10 60 118 105 123 30 78 8 121 106 23 104 82 93 11
    20 19 117 89 75 83 18 2 81 88 88 122 70 6 12 39 93 54 121 84 20 4 4
    2 70 87 14 90 37 3 48 46 125 77 43 2 61 76 58 92 22 64 54 85 16 37
    19 11 40 125 119 104 36 69 39 19 29 113 69 10 3 57 75 117 19 79 48
    87 1 12 57 56 17 95 88 34 17 126 28 60 126 115 44 80 30 85 52 58 39
    9 104 115 19 99 118 81 46 97 39 94 18 36 70 3 68 113 104 113 87 76
    102 22 101 2 99 111 66 126 126 36 96 36 37 66 85 85 94 86 102 17 112
    23 117 10 40 126 46 2 38 33 103 7 47 104 34 116 77 125 23 91 112 67
    39 89 26 20 85 105 33 38 68 24 112 69 98 99 70 46 119 53 80 84 84
    102 37 18 28 47 115 12 120 26 5 114 42 64 60 14 71 31 104 22 18 51
    35 126 108 18 31 110 67 77 60 121 109 33 79 0 86 106 30 58 35 65 66
    9 11 20 114 117 6 0 106 5 78 23 36 115 64 31 15 106 51 67 53 81 86
    93 115 29 1 82 89 44 12 69 52 95 89 122 102 14 98 53 43 15 69 84 32
    68 54 51 12 4 101 95 62 14 82 58 23 3 122 117 42 72 122 37 24 94 33
    68 113 105 70 111 117 80 8 110 61 89 116 52 31 5 119 90 99 127 28 13
    35 44 72 66 10 66 100 113 9 71 53 21 126 112 62 70 95 28 55 9 86 59
    80 19 122 117 4 8 19 72 13 90 108 23 83 84 42 14 11 117 8 94 85 119
    55 26 93 88 56 38 4 41 96 93 22 87 87 18 99 102 99 105 32 12 29 59
    43 60 101 108 118 119 113 50 114 12 26 75 108 23 78 105 19 85 86 79
    54 51 44 54 124 90 101 31 33 10 82 82 37 31 103 91 24 3 47 106 11 69
    101 125 52 124 38 56 91 79 13 122 23 43 50 125 105 99 117 68 83 109
    19 86 109 59 120 114 113 63 43 89 40 32 55 94 92 4 2 124 67 127 122
    3 29 43 112 10 59 64 99 78 87 69 45 14 97 32 83 79 19 37 99 65 114
    22 75 58 21 105 100 33 26 29 18 48 31 96 112 45 22 100 31 53 50 13
    31 42 2 61 112 43 127 124 108 50 2 40 98 66 26 60 77 8 83 62 40 26
    84 27 125 41 79 49 30 47 107 40 61 119 78 54 88 56 16 46 65 49 61
    105 32 82 76 96 15 62 125 53 124 34 42 2 27 13 126 50 98 36 9 56 16
    116 56 31 109 38 47 116 93 105 26 13 101 6 84 48 27 90 39 38 60 80
    100 61 69 7 55 107 50 43 71 118 50 1 62 35 68 60 94 9 53 118 27 119
    101 108 64 11 104 95 74 82 71 41 4 21 35 26 103 101 88 28 110 92 93
    87 22 26 20 29 77 27 51 24 118 4 56 88 80 111 30 110 120 102 42 108
    25 46 74 33 2 84 73 39 3 86 64 29 68 127 109 90 29 86 23 46 95 65 96
    70 3 113 75 100 88 63 34 19 73 113 112 90 57 50 57 97 70 1 7 9 101
    53 71 64 10 93 91 44 126 102 92 26 9 11 18 88 66 19 60 121 121 52 30
    26 14 15 80 79 28 95 102 17 67 19 98 58 92 73 81 16 39 14 127 79 58
    57 124 62 36 33 47 95 105 90 105 87 84 46 89 42 60 123 86 63 19 28
    47 40 23 8 71 93 114 29 35 6 97 86 104 8 117 104 82 35 127 23 17 11
    106 60 112 34 22 125 98 38 117 84 44 125 122 35 13 1 66 78 68 49 54
    13 55 64 32 23 32 45 35 84 120 78 118 98 56 94 27 43 9 79 73 74 91
    97 36 103 2 105 55 79 91 41 122 85 62 62 44 13 107 11 37 42 72 69 69
    30 126 48 54 28 113 107 17 120 64 93 106 39 35 27 103 74 119 50 124
    49 56 72 82 35 109 57 14 22 71 7 119 57 39 81 32 15 71 111 37 52 95
    123 30 61 106 109 125 113 114 27 49 68 62 117 67 71 44 40 9 48 37 52
    84 105 9 110 118 91 36 15 59 104 85 4 106 45 121 66 32 47 23 13 30
    99 68 116 75 126 52 49 20 21 25 24 53 25 123 52 24 59 125 1 69 118
    56 26 87 52 52 34 85 46 58 74 81 15 20 103 72 123 58 79 41 66 80 80
    15 54 35 126 49 49 13 5 18 4 6 91 65 75 85 45 122 13 52 77 8 92 86
    83 66 17 30 42 13 76 8 121 61 41 72 25 12 54 87 60 35 11 67 32 57 5
    9 16 4 96 83 112 117 34 31 3 43 41 66 110 31 75 30 99 44 3 26 33 72
    12 97 70 69 93 14 4 6 18 120 67 55 40 99 112 62 93 98 48 121 87 118
    42 28 41 74 12 57 100 125 66 96 120 76 91 57 100 86 85 22 38 104 73
    90 4 77 121 67 89 39 61 92 56 76 108 105 10 55 110 90 42 8 77 127 98
    89 95 114 36 95 44 15 82 85 2 79 118 101 119 0 30 60 42 66 7 64 109
    102 124 1 105 9 103 107 90 44 63 54 56 23 29 96 75 51 55 2 22 74 67
    21 53 67 36 4 29 19 22 87 99 25 109 118 87 11 55 31 123 108 22 40 24
    123 94 103 45 62 73 22 96 34 93 40 65 108 43 40 22 107 127 59 118
    106 23 61 12 72 36 123 28 69 48 67 66 75 24 9 25 51 64 18 99 37 93
    95 108 20 36 108 64 110 18 6 82 22 26 27 59 67 5 54 86 30 38 32 84
    29 22 27 43 36 14 10 84 76 22 87 81 90 33 84 69 9 78 90 36 6 4 116
    40 81 76 30 127 68 109 44 49 58 22 35 11 106 80 8 90 79 1 80 119 51
    64 125 71 28 71 120 103 118 68 101 120 81 17 79 33 82 60 74 99 37 55
    86 44 53 36 53 94 14 8 25 39 42 63 58 110 13 118 70 3 78 14 80 17 55
    33 85 87 105 31 79 118 0 109 72 49 75 52 108 5 11 28 4 101 126 40 38
    66 96 35 106 92 119 16 111 105 102 95 77 101 65 48 93 13 49 20 62 31
    17 111 65 110 103 101 126 57 5 41 10 72 121 87 63 29 39 127 108 40
    42 44 16 88 41 71 94 99 116 76 84 21 66 122 26 77 64 64 111 122 68 0
    54 109 86 10 90 50 86 36 17 20 52 126 50 92 59 83 89 62 42 6 112 73
    45 21 60 70 104 70 37 98 86 44 95 28 108 60 0 35 63 126 41 102 106 3
    54 18 73 26 22 8 54 109 116 63 82 53 23 94 97 107 57 115 14 124 97
    121 120 14 36 29 3 77 10 118 73 7 4 98 123 6 9 11 24 25 41 16 102 97
    29 84 123 94 50 127 32 43 83 44 98 94 91 83 6 61 44 30 6 92 89 63 10
    113 38 109 87 37 29 18 55 90 85 92 5 58 40 124 35 13 104 19 88 15 68
    28 126 18 94 39 43 51 95 81 30 47 99 96 43 7 57 99 39 10 45 56 21
    106 124 68 126 4 88 20 123 7 70 98 49 96 113 31 24 6 41 54 44 40 17
    42 76 111 100 80 52 25 67 72 94 29 64 90 96 0 14 98 100 24 85 50 93
    77 69 114 122 3 5 104 26 114 49 22 89 32 83 38 68 19 46 104 75 71
    119 65 62 111 7 104 89 53 9 37 3 22 65 69 22 60 54 8 30 10 109 44 25
    49 5 51 29 88 31 79 8 36 55 75 0 44 25 73 20 116 20 102 56 19 76 62
    88 31 45 111 50 124 116 47 14 110 104 40 53 33 104 107 55 77 112 62
    0 120 64 42 26 39 79 43 72 32 67 106 26 39 5 78 61 57 96 66 105 71
    61 103 101 12 60 124 118 19 24 97 38 120 39 82 6 18 35 102 64 27 50
    114 104 48 75 37 74 8 126 82 87 4 56 42 41 118 115 30 26 86 105 108
    46 1 123 35 55 107 12 10 29 58 49 27 109 1 71 8 53 82 36 80 38 65 24
    105 62 106 103 115 74 83 112 77 58 60 57 76 100 23 50 11 1 13 57 12
    124 95 1 110 90 39 121 123 110 31 23 18 2 103 124 106 110 126 86 33
    23 123 22 85 20 118 72 83 123 99 17 53 95 65 51 118 53 98 32 121 19
    19 59 4 87 34 113 18 68 25 8 11 57 64 85 103 22 34 27 104 90 80 120
    35 126 6 17 100 20 81 25 0 74 76 123 32 53 92 113 5 100 76 113 81 56
    87 17 2 53 47 123 106 35 93 115 22 105 0 24 10 8 35 6 48 7 109 97
    122 26 110 112 101 34 47 61 1 8 52 127 83 84 80 63 8 124 37 41 73 37
    33 112 121 2 103 13 126 68 47 60 91 57 44 102 115 82 0 106 74 40 25
    39 118 60 22 116 25 57 84 117 115 101 105 120 110 69 12 72 75 79 92
    0 99 117 74 126 87 126 5 56 108 124 41 123 62 78 41 1 117 101 47 73
    124 2 6 55 108 54 97 83 54 41 21 48 4 2 8 81 105 57 83 76 96 43 99 8
    49 115 74 86 58 70 74 48 48 37 8 25 126 109 8 27 80 60 38 60 91 89
    14 103 119 62 9 68 56 98 115 28 30 25 96 28 16 53 17 77 53 93 42 11
    92 53 76 50 67 42 107 9 39 10 28 106 119 37 119 35 65 62 32 126 19
    23 89 4 25 87 21 6 66 70 53 118 48 37 54 25 117 9 29 38 46 6 94 73
    117 26 14 69 53 54 93 123 52 123 29 1 90 118 15 109 97 22 104 47 30
    126 85 3 5 112 68 25 102 70 16 98 85 17 23 9 27 70 66 116 96 20 74
    75 24 22 67 7 14 67 101 78 70 9 54 34 68 62 14 33 94 48 57 69 123 15
    109 10 55 13 119 29 33 1 104 67 73 115 103 7 63 96 74 113 19 46 6 64
    61 110 56 12 84 109 14 69 103 72 42 54 53 115 76 38 96 122 28 40 28
    116 106 40 76 16 121 20 78 90 12 105 62 47 38 16 49 73 104 45 120
    121 56 33 83 112 116 68 70 109 87 54 125 50 68 106 121 26 88 22 85
    85 47 52 76 77 64 102 38 79 50 53 68 28 101 81 76 1 88 2 16 89 46 98
    36 32 119 97 50 95 43 57 65 68 120 111 99 75 89 43 8 41 108 104 56
    34 106 11 34 65 108 69 84 113 91 71 5 43 58 127 101 127 8 1 117 127
    85 50 30 100 12 63 95 30 5 88 122 87 23 92 86 38 63 95 80 125 20 10
    67 25 6 90 71 11 102 60 100 57 81 9 112 103 43 1 72 41 108 5 120 107
    56 20 102 113 99 32 105 6 120 58 75 3 6 32 3 51 74 113 77 105 33 9
    81 110 87 109 63 99 11 97 83 40 9 48 56 60 0 84 104 97 42 81 20 14
    18 62 39 16 67 14 30 18 44 45 124 1 71 47 83 96 48 41 22 8 9 23 9 20
    122 12 35 88 68 64 70 2 28 72 30 104 56 21 70 41 120 57 44 26 44 20
    34 90 6 33 14 57 90 67 1 26 66 22 100 78 0 47 45 25 33 54 39 118 91
    1 124 47 16 82 35 91 85 126 111 106 18 56 47 45 53 53 80 92 79 34 63
    96 66 19 50 54 108 17 27 57 1 50 64 30 72 53 41 36 111 58 69 5 53 22
    102 87 92 56 59 61 65 34 28 32 24 33 52 68 124 120 0 83 35 66 21 17
    82 87 83 126 25 114 68 39 120 90 73 25 15 20 114 9 70 62 63 95 55 40
    12 86 104 103 66 108 32 37 63 28 70 113 51 72 1 123 60 30 90 108 98
    57 111 66 100 106 107 101 50 52 4 125 85 62 82 72 74 7 23 74 53 76
    43 15 45 118 90 88 78 14 82 71 122 114 109 11 106 4 12 2 103 55 119
    12 62 68 107 53 101 106 62 20 32 18 19 122 80 43 68 101 112 38 72 12
    75 36 67 90 95 45 34 28 85 24 105 91 72 59 9 121 111 109 115 28 11
    61 0 49 13 32 101 75 40 41 70 9 75 104 110 68 41 14 105 85 68 84 61
    67 18 35 61 25 18 23 108 64 25 88 62 43 7 102 28 118 98 107 57 93 42
    117 109 90 2 52 114 56 1 64 119 67 121 0 27 5 123 43 35 18 47 76 101
    47 38 104 50 96 63 65 10 101 43 47 108 15 32 109 62 103 36 68 42 54
    110 81 26 123 42 19 29 75 37 46 19 40 59 18 41 115 64 57 45 95 40 28
    39 14 76 63 42 52 94 119 95 61 14 97 77 19 104 98 3 91 24 82 54 61
    29 110 54 87 99 112 97 1 46 54 10 110 75 37 52 74 50 112 113 35 114
    105 53 67 101 91 79 126 98 53 74 87 113 71 87 122 69 127 52 63 4 33
    21 60 31 116 95 120 121 43 40 38 30 22 48 7 29 121 3 88 77 125 52 54
    111 115 73 46 33 107 57 40 53 12 51 127 97 96 17 82 95 62 92 55 28
    11 5 89 112 112 18 49 113 34 77 95 120 16 113 127 3 91 59 98 100 113
    8 106 1 63 89 48 47 30 61 20 43 123 89 99 29 123 35 40 22 116 38 51
    21 44 92 25 94 15 7 7 22 92 62 14 48 47 75 93 21 10 38 53 110 20 51
    23 126 10 38 33 98 94 62 92 46 87 82 4 123 69 79 93 50 30 109 18 99
    27 90 31 31 81 119 74 66 12 93 70 87 57 120 37 10 32 40 75 37 89 70
    92 19 115 85 92 34 8 30 54 15 32 111 85 102 13 31 65 17 116 124 41
    32 3 107 89 43 113 122 77 39 18 45 11 22 101 30 101 92 98 12 33 67
    25 14 24 94 70 49 118 57 88 75 118 90 121 56 84 110 5 85 110 119 3 0
    53 37 4 62 33 6 113 83 121 18 98 0 21 120 70 2 5 32 17 10 96 54 78
    91 98 11 78 8 47 57 82 109 26 101 68 1 18 104 82 45 73 52 33 104 81
    37 60 70 71 114 1 45 20 52 85 51 18 108 9 8 81 60 127 93 110 121 42
    96 86 50 17 81 116 74 15 24 53 32 63 50 18 39 126 13 124 22 104 100
    71 47 120 94 9 54 39 73 20 10 110 5 21 113 100 51 101 41 54 7 24 57
    7 69 73 114 98 77 37 72 118 100 114 41 97 95 114 88 113 3 60 100 41
    13 114 101 124 10 38 8 27 73 14 81 16 125 50 49 36 73 1 54 42 12 7
    39 53 90 96 66 44 8 64 92 27 25 91 69 28 107 95 86 0 61 103 1 46 102
    5 4 46 113 9 35 75 107 91 120 36 41 49 17 9 18 12 81 21 18 7 46 26
    23 7 34 20 52 67 79 54 61 79 104 122 86 56 6 25 75 126 4 7 106 77
    111 41 106 23 50 30 51 48 29 122 124 55 30 39 76 116 95 21 125 53
    114 37 5 7 116 74 104 63 125 79 89 59 6 73 118 64 45 99 104 123 98
    32 32 107 86 93 66 32 71 94 87 25 7 33 113 125 101 110 51 120 107 2
    51 23 122 51 4 40 68 12 110 115 87 98 66 65 55 126 24 87 86 125 99
    18 92 36 26 47 78 14 10 24 114 103 107 18 22 82 16 66 87 35 73 44 85
    3 77 95 94 118 86 118 52 51 100 60 67 93 104 53 99 69 8 90 98 37 29
    7 24 74 0 12 69 75 121 78 6 50 68 126 88 58 75 15 90 118 108 25 69
    51 120 79 101 68 126 114 12 86 77 71 24 49 120 12 102 70 58 22 36 87
    50 77 92 105 71 57 22 97 36 52 91 73 109 61 12 81 25 72 7 53 44 59
    55 73 18 89 23 55 110 24 127 38 114 92 105 38 27 123 110 57 25 38
    108 13 37 103 82 90 72 111 108 75 117 19 51 92 116 16 65 102 76 111
    87 115 49 108 35 6 124 113 83 23 59 57 29 70 3 123 5 96 23 116 31 77
    16 3 101 99 47 22 49 80 107 30 111 123 70 121 50 66 126 40 125 12 17
    75 22 120 34 90 99 108 122 0 19 113 72 100 10 123 50 42 19 101 19 37
    93 69 113 21 79 87 109 63 16 125 69 92 38 51 5 126 116 17 38 1 112
    26 74 6 26 57 33 55 109 79 5 113 52 19 58 7 83 24 24 124 64 57 123
    103 28 15 60 96 102 111 30 93 79 110 49 49 41 25 43 99 123 53 81 36
    93 71 101 5 49 59 73 94 101 8 88 48 124 126 25 97 120 33 78 22 15
    116 52 34 125 7 65 76 121 32 47 77 125 39 112 88 78 87 98 111 79 67
    60 99 117 61 44 5 82 107 82 67 34 65 60 127 82 11 126 31 8 39 94 95
    32 56 25 61 78 4 7 80 72 21 6 100 125 106 125 94 77 37 86 94 22 32
    99 87 7 101 122 113 61 113 76 61 70 51 6 125 40 31 89 115 87 124 105
    120 37 24 29 3 67 93 84 29 100 51 3 86 51 125 90 92 5 40 22 69 119 6
    38 0 57 88 117 124 21 2 18 2 29 78 90 100 24 15 46 76 91 10 45 111
    24 16 13 119 97 50 38 44 121 111 24 108 4 71 70 126 49 19 36 18 45
    39 88 6 100 17 25 113 29 83 41 111 25 22 94 104 44 77 124 42 91 91 9
    95 10 4 101 29 123 80 69 115 73 38 55 99 47 59 80 68 98 127 125 74
    82 8 61 77 106 15 54 7 77 46 92 23 55 99 32 51 53 59 82 83 37 41 86
    43 125 6 79 122 86 70 98 49 105 93 0 36 4 48 93 117 91 80 27 42 62
    119 121 67 108 55 73 122 92 1 31 56 25 92 39 58 31 51 58 27 79 35 12
    108 40 45 122 115 100 11 119 9 23 54 82 37 96 45 124 23 40 21 88 109
    74 100 61 97 93 112 113 3 36 99 22 84 83 43 23 95 0 108 33 70 76 7
    22 59 33 16 18 40 86 46 120 55 32 28 30 8 99 120 9 101 70 39 46 98
    24 103 51 66 36 117 43 21 11 97 45 18 81 25 90 124 92 70 99 41 6 103
    7 60 114 69 111 44 0 39 24 51 121 77 34 80 14 48 114 50 88 126 101
    35 60 65 6 43 32 44 93 10 79 116 122 26 120 66 14 49 58 48 120 40 86
    101 44 77 85 97 37 55 115 111 13 4 114 95 6 102 125 116 37 27 51 116
    104 2 48 114 4 25 75 37 72 106 83 40 20 124 116 50 127 13 52 66 126
    44 69 15 7 74 84 114 32 50 15 27 117 125 92 97 123 62 78 17 106 105
    61 40 108 77 4 4 10 117 11 121 79 59 62 74 25 112 52 62 29 106 98 29
    0 44 83 43 25 38 94 77 6 25 65 80 63 96 9 51 115 46 107 90 30 84 62
    36 58 109 39 78 61 9 56 50 71 44 52 126 66 8 8 75 67 86 115 23 33 85
    60 113 1 69 81 99 42 67 9 44 111 97 26 97 56 27 63 93 66 82 38 46 41
    119 42 71 15 16 26 34 82 75 106 42 99 14 93 42 3 84 104 21 37 48 94
    113 0 101 123 114 123 94 81 48 31 69 51 8 71 72 83 96 61 75 65 68
    123 47 68 58 120 52 41 99 47 16 112 103 124 98 88 73 79 29 14 35 113
    77 70 39 116 16 127 97 12 85 122 54 5 46 42 92 68 63 55 26 98 116
    109 83 8 26 0 100 70 127 16 103 42 102 15 107 99 114 57 40 45 92 78
    114 27 106 101 47 96 3 82 18 119 106 56 114 98 78 26 116 5 106 110
    52 87 33 111 59 17 22 28 119 83 5 73 117 106 34 5 34 82 66 1 10 121
    105 51 22 117 61 121 71 29 33 120 109 126 117 13 59 111 125 68 25 39
    73 95 26 98 97 110 15 117 11 96 32 88 19 35 119 4 38 8 13 117 84 86
    115 110 47 40 54 45 107 32 112 13 36 36 100 82 77 26 104 113 46 101
    53 18 124 124 29 61 12 18 40 62 119 60 103 102 47 73 80 31 11 104 0
    83 52 11 114 67 9 126 23 96 124 17 71 89 28 1 88 63 16 83 84 67 14
    126 72 29 117 101 34 37 9 80 64 45 120 31 53 99 45 32 40 21 55 102
    31 13 52 45 111 94 44 38 90 114 61 105 125 80 70 94 48 54 93 76 33
    85 120 107 21 108 126 66 27 52 62 82 30 32 10 77 98 119 120 101 97
    31 87 86 125 66 37 113 60 56 89 60 46 8 110 17 53 41 109 10 3 40 87
    125 10 15 113 58 105 62 10 127 77 96 94 11 118 61 95 88 52 107 63 21
    83 36 68 63 13 101 93 64 40 120 98 86 9 51 14 10 25 97 71 47 114 98
    93 22 96 73 35 6 96 122 22 56 8 78 25 38 75 36 83 17 43 3 93 52 51
    108 10 37 99 42 70 12 103 3 11 69 58 118 4 85 76 107 27 28 52 74 3
    47 71 44 14 122 35 9 110 58 121 9 114 33 99 59 69 126 44 10 23 91 90
    16 60 70 25 109 39 57 106 47 34 125 68 44 51 100 63 114 4 69 6 8 89
    62 86 58 77 10 88 94 101 2 62 49 24 4 7 127 50 98 35 26 79 34 45 28
    91 113 114 78 113 4 93 77 16 119 87 86 64 31 28 111 114 57 91 13 67
    72 106 24 127 107 64 33 94 109 0 79 56 104 98 49 27 80 11 96 123 78
    20 48 16 53 89 44 61 91 71 78 51 47 68 3 103 51 97 2 106 47 49 32 76
    79 119 64 114 27 68 28 50 52 9 5 111 48 20 120 111 77 10 69 79 112
    113 11 38 36 116 16 65 8 72 111 52 98 71 22 28 100 117 117 27 8 76
    11 52 93 71 35 73 84 72 43 39 5 70 97 57 72 34 105 98 105 77 94 26
    19 121 22 117 69 36 23 67 34 120 112 77 79 3 116 107 71 116 11 5 58
    44 54 106 51 50 2 44 71 39 43 60 47 90 83 67 74 24 43 77 81 0 68 57
    35 54 65 48 49 103 119 94 97 59 26 14 93 4 115 39 72 96 11 95 73 107
    34 53 49 126 45 47 0 20 123 68 51 58 106 96 93 5 106 113 113 116 29
    108 101 42 43 124 110 1 71 63 61 121 110 3 16 21 52 57 104 125 110
    23 32 13 124 122 53 16 87 97 79 30 125 68 95 45 113 107 92 50 116 11
    115 74 87 78 83 121 64 73 121 108 2 123 115 37 17 64 94 63 110 88
    118 126 54 42 119 70 10 84 51 32 91 10 81 111 51 120 106 4 58 33 81
    102 81 77 96 92 99 70 80 64 102 82 72 39 0 127 85 123 4 22 94 22 13
    70 119 36 38 41 121 68 106 98 18 113 33 120 100 100 60 16 66 56 73 6
    127 117 107 3 102 49 124 40 19 82 95 28 9 58 51 86 72 29 44 78 46 25
    8 5 68 20 4 52 80 123 56 127 20 58 51 123 87 61 113 101 111 98 92
    102 0 74 46 121 51 109 79 55 116 90 22 66 118 94 86 46 74 92 56 36
    22 20 95 27 115 125 55 12 17 112 43 4 101 87 13 14 80 21 55 24 51 81
    103 93 48 110 29 67 62 71 119 20 92 104 67 28 52 24 72 47 85 127 14
    79 122 9 70 100 23 126 99 110 29 49 48 40 25 85 15 78 123 87 114 102
    56 92 103 96 90 18 120 68 103 33 109 95 123 22 12 45 117 124 29 41
    101 38 98 39 100 30 4 115 47 86 100 54 74 52 120 27 85 42 49 31 75
    66 94 79 113 68 83 64 6 87 3 5 10 76 35 117 116 80 32 91 8 0 31 46
    44 76 97 50 90 36 33 63 58 117 90 32 70 16 124 51 51 85 66 31 89 41
    41 30 19 59 33 60 75 81 49 117 111 15 66 56 53 5 89 81 44 78 54 114
    91 68 49 80 117 59 2 24 117 93 116 53 53 82 94 2 109 48 17 41 34 2
    55 106 9 50 87 42 8 11 46 32 59 124 78 1 102 107 117 60 44 53 78 37
    63 38 96 64 35 97 107 103 120 106 76 35 107 81 118 75 122 120 88 39
    111 49 68 21 97 27 92 13 98 8 47 36 1 95 35 44 109 62 112 104 68 104
    39 83 121 23 18 60 59 44 4 72 106 22 55 82 97 116 19 75 127 122 51
    45 37 87 34 71 119 23 22 1 16 7 10 59 4 67 75 18 1 86 100 5 12 48 47
    104 47 9 27 78 3 97 6 4 48 28 108 83 124 8 123 50 44 94 86 97 96 20
    100 82 18 86 123 109 110 45 109 108 20 7 19 79 59 27 12 121 111 105
    101 53 57 16 10 63 45 67 122 118 118 99 39 101 24 76 110 112 79 20
    55 109 39 94 75 83 34 92 45 95 81 20 47 98 56 60 105 95 117 30 3 89
    61 56 13 52 101 117 20 112 7 40 35 53 106 8 98 54 38 63 8 76 105 26
    11 9 84 112 60 88 61 11 99 17 12 63 24 78 40 50 113 62 78 65 105 75
    70 81 29 10 69 6 27 117 10 91 123 68 12 71 43 102 4 100 61 105 68 46
    84 94 17 121 73 56 127 81 89 114 112 59 42 28 39 118 21 3 27 102 17
    16 34 46 30 71 112 31 74 31 84 48 48 102 76 67 104 81 74 125 101 18
    61 49 67 112 7 3 0 39 112 54 70 44 11 78 3 58 47 69 120 73 3 13 72
    90 77 17 38 98 71 82 125 96 13 122 93 84 7 69 67 30 71 85 91 72 109
    36 125 8 9 24 115 15 56 64 60 71 74 51 73 127 30 78 32 9 62 22 0 116
    97 2 51 40 114 63 18 102 94 32 109 113 115 99 55 94 104 118 6 106 51
    37 27 100 0 85 2 53 68 53 37 70 76 20 81 3 47 52 63 16 92 21 32 27
    42 79 27 58 84 30 82 31 98 84 21 56 46 46 20 63 125 36 95 25 34 28
    98 25 26 87 92 8 105 110 123 102 35 67 19 37 90 27 53 54 35 54 64 59
    30 91 113 103 37 37 2 72 65 48 20 91 54 15 116 27 11 22 6 91 94 14
    109 101 89 90 110 101 20 50 2 121 57 103 91 41 74 73 88 16 24 26 104
    69 126 22 64 1 72 37 53 81 87 50 113 88 39 97 49 103 46 16 10 76 47
    32 42 122 12 53 59 26 104 115 99 66 125 47 13 4 45 76 82 107 70 121
    77 13 109 23 62 65 74 55 86 43 113 98 91 65 26 121 24 60 45 53 102
    94 38 50 27 117 126 93 38 59 46 88 57 96 7 94 87 57 42 112 115 2 65
    66 116 108 46 42 64 80 89 11 125 114 95 58 76 65 70 55 68 119 79 117
    108 5 93 91 47 7 71 72 33 77 56 33 80 123 115 33 95 88 103 12 9 10
    39 87 54 69 119 88 41 51 11 93 54 77 25 28 113 127 45 40 81 92 116
    103 121 112 36 97 81 11 54 76 40 36 80 36 125 59 93 10 78 70 31 89
    82 112 90 81 78 68 46 14 28 72 115 77 67 118 8 13 0 2 36 22 49 5 8
    38 99 5 11 10 17 52 120 93 77 19 93 118 98 62 44 81 57 84 113 36 112
    75 61 0 116 17 120 111 0 81 5 17 17 21 32 24 56 98 18 22 9 98 50 78
    99 99 32 42 79 114 101 11 116 110 119 54 117 97 118 106 13 110 16 38
    98 16 122 61 8 52 111 89 52 106 45 119 12 84 47 45 31 110 100 5 103
    1 20 86 6 53 11 108 118 67 4 63 58 0 13 111 17 93 25 90 61 113 12
    112 68 23 127 79 23 83 44 26 70 18 80 3 95 53 127 32 98 59 100 67
    105 54 88 99 48 82 78 14 17 33 31 38 105 99 11 48 16 76 8 110 31 50
    64 104 1 63 110 4 12 44 85 122 117 67 83 8 89 1 16 16 61 3 64 20 119
    46 87 127 100 18 34 72 63 98 59 5 68 99 95 35 126 48 16 69 94 74 104
    108 44 88 17 100 47 113 54 90 65 94 36 5 28 102 15 22 120 5 78 105
    64 77 50 115 66 35 5 125 10 71 74 34 127 51 63 90 1 55 22 30 0 29 24
    65 23 108 112 31 78 55 122 11 104 37 11 87 117 7 28 59 107 2 47 90
    75 68 30 77 55 11 0 5 23 31 45 66 11 54 25 24 66 40 99 102 44 77 41
    73 114 70 95 118 92 27 41 91 102 19 112 22 50 107 47 66 3 94 47 116
    111 121 64 84 41 5 77 97 80 98 125 9 102 27 113 108 69 11 39 94 39
    58 42 0 80 74 42 124 65 28 15 76 21 112 112 102 117 121 90 82 116
    121 70 1 119 81 69 14 69 75 114 8 127 107 101 42 23 60 123 22 5 121
    88 122 63 61 119 84 78 115 33 40 12 75 81 94 106 106 21 20 39 93 10
    3 125 61 33 27 48 91 28 121 112 88 26 63 66 15 9 124 39 123 6 26 88
    47 93 17 104 26 92 104 56 0 99 47 111 54 111 90 112 85 87 74 36 108
    99 48 27 77 84 64 46 101 96 68 114 35 52 36 43 127 112 76 119 14 72
    69 57 122 86 106 23 98 92 89 93 7 35 43 42 49 98 39 53 72 58 76 107
    126 16 117 27 89 26 34 18 57 116 45 98 77 73 122 122 105 46 24 53 69
    85 1 57 69 23 48 106 97 81 67 54 95 14 119 62 64 32 85 61 99 84 80
    28 74 114 109 52 16 64 113 103 11 51 121 76 102 67 34 42 42 13 87 53
    38 103 101 43 30 17 14 2 41 91 35 39 16 14 110 50 25 0 115 118 4 25
    104 86 124 62 27 78 68 84 95 55 61 5 27 16 25 44 101 45 32 50 121 89
    14 72 85 122 13 1 57 5 78 30 35 48 30 20 48 82 30 33 84 1 124 118 95
    109 64 106 12 31 73 76 47 47 86 114 34 20 117 86 119 65 75 26 107 30
    50 117 71 123 17 101 9 89 48 22 79 25 48 70 36 122 28 48 106 47 118
    54 18 93 98 3 120 55 70 9 121 52 51 18 7 0 98 0 13 110 55 124 34 41
    103 115 40 103 102 33 67 30 38 44 81 62 54 36 66 57 120 19 36 24 0
    12 49 125 97 6 42 61 56 98 98 94 48 117 108 20 101 127 9 34 98 68 77
    125 16 83 73 125 120 80 32 74 39 32 25 11 29 49 4 28 66 56 19 33 43
    106 60 61 103 108 95 75 33 19 1 55 23 74 75 57 80 69 106 97 52 65 52
    45 4 58 4 67 48 82 16 70 98 67 84 3 18 48 109 54 87 29 86 116 55 88
    2 10 70 118 63 95 82 21 84 88 59 32 68 34 79 108 125 63 2 99 117 3
    68 47 60 47 77 110 13 113 2 73 69 84 26 79 52 24 10 79 101 88 24 108
    16 89 40 63 103 81 99 98 48 110 19 74 61 113 23 101 22 95 44 66 34
    22 116 13 72 125 29 19 56 43 16 26 85 88 123 86 65 34 75 62 113 18
    42 51 53 82 29 127 26 88 105 46 13 23 42 2 62 42 104 0 73 66 16 96
    18 6 69 64 53 61 87 80 105 39 119 60 67 40 33 47 57 56 74 81 33 62
    48 56 116 60 13 10 85 21 68 76 90 81 47 109 118 8 59 43 74 91 48 115
    88 74 36 32 83 77 6 69 33 64 111 85 33 27 102 48 116 65 36 125 87
    112 54 69 73 86 38 68 87 127 40 5 106 79 119 106 27 77 76 94 92 51
    75 59 62 121 98 54 68 108 34 7 52 127 43 81 37 49 32 100 103 114 20
    27 74 76 49 24 91 74 11 69 69 115 9 33 105 92 14 16 14 50 95 21 108
    62 23 28 30 8 122 85 91 101 62 3 32 5 107 50 67 36 74 34 30 28 77 63
    38 81 38 21 80 57 29 47 16 89 33 6 98 69 12 96 98 64 0 59 10 49 38
    17 88 66 34 34 75 121 73 107 122 20 39 89 92 106 33 54 15 97 88 77
    124 47 76 0 48 65 123 15 62 124 36 6 54 49 113 98 32 77 96 48 89 107
    113 50 108 125 62 39 40 57 15 93 37 38 61 47 103 99 29 65 109 39 117
    42 71 101 75 56 15 56 98 107 94 74 30 10 4 76 86 20 104 47 94 101 80
    107 36 1 32 29 27 61 57 21 0 48 110 100 122 20 119 35 13 56 46 97 49
    41 51 100 0 1 59 94 103 22 123 27 120 55 104 41 34 113 6 58 92 117
    37 50 107 105 116 2 80 6 20 3 85 17 74 114 68 6 32 104 3 25 115 35
    44 63 2 8 34 112 88 120 50 102 73 73 58 31 55 24 75 104 72 58 62 39
    62 99 36 49 98 17 110 64 34 80 102 125 101 50 39 43 96 45 122 21 32
    100 28 56 49 115 13 27 113 37 39 70 72 104 62 73 92 108 84 77 2 62
    43 89 64 82 74 95 85 111 36 97 122 34 31 74 71 97 124 79 80 102 6 11
    6 61 72 57 3 112 50 8 44 51 23 53 117 21 30 121 4 48 64 48 52 19 52
    0 48 29 8 110 100 100 60 31 113 87 48 105 106 118 73 105 117 52 22
    13 58 59 98 13 57 123 52 82 116 84 58 80 112 123 97 73 17 2 103 62
    31 66 47 61 10 34 92 85 114 114 46 117 113 13 104 45 98 14 7 14 89
    78 24 110 68 110 115 23 115 54 65 120 80 113 123 28 14 77 113 53 105
    47 75 64 31 15 108 45 9 7 43 11 43 47 41 50 103 107 71 103 24 37 113
    65 85 30 5 102 11 12 116 55 97 67 33 46 43 34 82 58 24 24 66 126 38
    13 42 0 108 0 3 80 21 96 37 55 61 56 13 6 0 93 22 80 97 12 54 97 126
    121 115 58 36 2 70 123 115 120 77 89 73 38 32 27 89 57 114 75 75 87
    38 42 74 118 48 1 47 86 111 20 35 27 51 58 87 40 30 9 26 113 60 116
    61 22 4 24 71 80 51 92 106 27 76 24 107 112 94 70 95 53 51 92 57 110
    19 119 102 31 31 120 30 49 63 83 53 111 5 112 22 75 125 50 105 35 80
    118 3 127 77 92 102 18 83 5 28 52 121 60 66 117 17 103 25 31 28 30
    94 126 94 2 53 78 49 10 87 82 53 98 88 39 106 41 83 65 17 26 47 93 6
    6 19 125 87 24 54 5 1 80 89 12 19 49 63 100 32 84 30 19 63 47 78 19
    8 36 122 57 124 37 97 48 65 74 38 8 49 113 63 59 12 124 109 5 73 80
    121 9 13 75 53 103 78 10 79 94 126 22 39 89 89 56 79 14 18 52 107 67
    5 26 61 98 26 127 14 120 72 58 1 30 122 26 11 82 86 38 102 82 45 120
    60 25 5 113 80 89 71 99 99 43 111 51 41 79 111 21 96 102 35 29 108
    95 99 76 5 46 67 79 73 23 90 4 39 10 121 67 33 116 121 111 40 117 10
    109 48 79 95 36 110 106 19 83 60 90 98 83 125 23 21 33 103 92 44 86
    27 94 1 39 83 109 39 54 12 48 94 115 53 63 59 71 18 116 76 8 69 38
    97 96 123 108 82 114 46 73 24 46 98 82 36 8 90 97 101 97 28 33 71 93
    45 32 16 125 62 74 76 83 63 19 59 66 2 33 8 4 98 53 126 60 94 18 107
    94 90 1 52 100 53 44 20 3 110 111 73 37 72 100 40 12 24 111 93 93 17
    21 28 6 99 7 124 81 94 107 43 5 92 96 93 73 74 47 21 7 62 68 29 64
    85 24 73 48 112 17 12 95 75 98 26 12 48 18 98 55 19 117 23 65 25 73
    69 97 43 43 91 8 45 5 46 113 21 75 27 81 67 73 51 25 116 2 79 92 124
    93 10 114 49 28 18 119 87 115 66 48 91 46 69 82 76 83 82 59 113 94
    54 56 127 121 40 72 21 36 116 25 102 32 83 7 90 6 15 80 54 27 33 9
    60 116 112 79 52 97 18 87 15 53 67 28 45 19 18 31 30 66 31 86 13 48
    105 99 23 57 61 32 25 64 9 91 35 18 13 69 43 21 56 19 48 105 10 18
    80 98 9 98 53 2 54 107 98 63 52 3 97 112 115 97 75 1 23 67 13 49 123
    93 18 124 55 86 53 125 89 34 70 1 71 63 120 127 109 48 18 118 114 29
    16 72 56 110 99 0 93 6 40 29 7 39 123 107 62 89 98 87 84 55 35 125
    64 64 83 1 78 93 100 44 120 105 119 24 36 94 8 57 68 40 36 103 27 76
    87 30 94 44 37 107 117 124 124 117 71 89 6 110 64 111 72 111 35 46
    112 89 86 48 110 51 118 77 49 76 33 72 120 60 108 58 79 56 105 88 8
    69 76 97 40 110 1 17 48 18 39 19 51 126 93 23 71 113 106 108 102 10
    57 88 45 112 46 27 33 22 40 91 3 84 31 70 84 11 47 21 30 32 105 36
    11 41 116 31 0 54 108 11 4 114 82 4 32 42 22 93 124 67 90 74 112 55
    100 101 58 89 58 122 46 109 51 44 126 89 74 83 14 121 103 115 98 70
    18 54 108 76 66 124 83 9 76 78 74 117 54 120 58 96 77 63 127 7 48 57
    104 41 107 35 27 83 91 119 62 74 104 14 98 2 74 100 78 55 25 116 48
    45 36 41 96 28 74 95 46 73 49 33 101 64 68 106 125 41 24 98 93 8 127
    51 89 47 6 69 69 75 58 116 102 54 126 90 100 114 71 50 126 108 101
    45 23 60 43 115 5 65 77 21 27 22 100 24 77 34 19 118 48 111 61 86 79
    73 55 38 30 21 48 71 75 72 78 21 100 59 87 31 15 28 92 93 3 70 4 88
    76 15 36 66 5 104 97 69 48 31 2 15 122 8 13 116 80 127 51 52 13 66
    120 62 103 11 16 48 106 108 27 21 96 89 80 123 98 8 76 45 58 102 9
    87 113 103 26 63 14 97 67 31 74 105 4 77 105 17 56 10 120 33 119 22
    31 43 11 48 122 113 34 105 101 10 45 6 35 89 27 39 9 47 86 23 12 127
    49 51 119 126 33 36 103 58 87 71 98 47 0 80 47 64 115 99 14 126 69
    49 17 83 41 99 36 45 5 65 10 120 3 57 90 76 68 92 87 118 119 7 49 25
    35 17 38 36 23 16 36 90 95 16 41 121 57 66 58 53 53 22 12 72 126 77
    10 77 100 73 67 28 39 106 38 45 112 59 92 61 30 12 32 1 94 67 5 13 9
    107 119 53 35 27 103 23 119 87 73 52 16 111 70 73 39 55 124 78 113
    74 117 60 120 127 74 5 101 72 121 89 80 93 56 24 105 95 106 48 112
    64 1 4 8 121 124 101 105 39 51 70 58 91 125 88 103 68 88 36 29 8 47
    125 46 15 12 110 42 34 50 105 3 3 111 88 18 50 97 28 71 87 88 74 50
    62 86 28 38 115 40 78 63 20 62 16 48 54 67 68 45 10 118 46 102 33
    113 4 52 109 80 116 68 95 22 102 66 113 14 2 91 107 80 45 59 95 12
    121 86 122 97 67 2 53 123 80 39 39 68 3 90 27 72 1 28 103 7 126 7 93
    25 107 112 14 52 70 90 23 5 85 121 7 116 2 48 49 38 10 62 122 52 76
    23 104 30 75 4 71 1 19 46 14 119 91 72 122 6 106 91 27 43 44 115 23
    26 93 80 17 56 23 126 71 45 1 27 67 16 78 27 92 17 85 95 32 91 120
    63 21 68 99 2 23 56 31 35 85 5 3 11 36 86 67 95 24 34 31 19 38 60 80
    119 55 30 111 18 41 5 95 93 11 105 89 24 34 88 126 22 85 93 45 21
    122 123 24 68 14 104 21 105 59 96 41 76 13 6 101 99 1 53 9 119 100
    20 42 57 19 14 54 12 78 35 124 69 86 28 47 50 35 6 41 86 80 92 119
    39 27 27 26 62 37 24 10 0 89 15 65 67 48 33 61 27 19 38 66 82 30 122
    5 40 41 82 27 82 13 99 62 14 54 50 70 76 64 33 21 44 58 17 25 47 92
    42 73 28 44 50 67 118 6 46 27 2 110 32 55 127 3 86 115 9 39 62 49 84
    4 72 10 18 65 58 124 26 7 45 49 64 39 12 93 125 75 109 0 56 103 16
    75 97 49 114 13 93 28 87 19 70 11 2 98 66 99 66 25 57 66 63 106 47
    82 22 63 95 74 91 61 63 25 56 24 9 77 66 58 120 90 75 0 76 70 20 95
    74 102 27 40 99 76 64 56 10 17 33 57 27 110 8 74 109 103 121 85 116
    81 8 61 44 2 102 10 32 23 41 17 73 77 47 111 46 115 9 71 36 114 45
    112 112 77 78 94 45 81 121 110 8 71 39 40 12 68 80 62 72 107 5 31 25
    111 41 82 107 21 126 13 124 4 87 57 46 106 92 89 93 106 29 90 32 102
    5 82 0 46 46 26 76 114 29 3 6 19 118 18 63 41 19 101 77 68 109 105
    105 54 69 41 41 6 31 4 126 125 48 13 30 52 109 58 76 18 60 33 15 89
    77 18 24 97 6 97 121 59 74 69 0 83 117 71 99 38 44 118 71 35 63 1 43
    89 45 101 17 58 57 56 90 10 78 19 23 18 56 102 75 27 18 50 29 78 84
    61 29 10 126 29 68 124 39 6 125 15 37 106 47 6 76 22 38 22 92 57 84
    108 66 52 78 113 99 119 14 101 73 20 20 67 92 51 73 81 112 70 27 82
    56 72 86 19 7 60 101 20 111 109 36 18 79 3 118 86 76 76 57 15 88 58
    75 45 124 72 61 34 99 101 14 80 23 60 3 83 84 89 122 48 53 69 123 97
    125 112 114 42 45 32 21 93 109 9 56 75 63 10 30 4 41 76 16 35 58 73
    126 115 59 68 56 85 46 11 26 43 86 81 82 21 102 87 83 77 118 2 81 39
    56 78 67 15 61 30 104 65 37 114 55 28 1 33 115 54 46 96 94 88 42 15
    0 104 112 117 5 5 118 98 47 71 74 3 13 1 71 103 51 119 13 97 33 92
    83 83 68 29 67 45 77 1 31 80 57 90 42 49 34 39 21 34 46 24 87 17 58
    88 63 124 90 60 83 126 68 70 57 34 122 121 91 114 76 16 99 14 30 70
    96 114 25 3 104 99 120 18 42 87 17 83 4 122 79 77 45 78 84 47 68 100
    50 70 68 59 18 76 38 107 113 113 112 97 46 98 117 26 65 82 15 87 103
    80 97 62 37 100 91 28 24 21 23 126 10 92 77 56 28 94 38 15 66 3 98
    36 94 45 7 81 37 22 111 109 3 98 52 86 112 87 1 103 99 36 83 4 111
    34 18 68 88 99 63 7 101 118 66 23 100 3 114 62 112 120 31 115 97 31
    11 12 113 95 70 55 81 43 37 101 9 54 15 119 56 87 27 15 10 30 85 117
    35 100 14 85 110 117 95 1 61 38 103 17 70 98 46 74 59 119 56 7 77
    102 69 23 83 68 112 97 63 16 105 4 127 19 0 47 67 63 23 108 10 101
    17 16 13 102 36 82 26 46 120 46 75 20 15 40 86 94 39 10 91 43 89 109
    61 41 121 35 83 77 109 60 9 99 123 51 9 50 115 61 50 55 46 76 13 4
    97 108 32 115 32 115 27 95 103 119 59 21 31 84 55 7 96 86 58 30 89
    52 110 57 10 67 100 65 22 42 85 13 20 21 106 95 48 14 69 94 2 34 1
    62 73 87 31 55 53 68 50 54 92 80 3 5 3 7 11 67 88 94 67 58 6 50 26
    40 60 124 14 96 22 42 95 53 34 28 64 66 120 72 52 67 117 59 93 95 67
    92 74 34 15 41 98 94 36 107 45 32 43 45 20 108 30 18 91 6 49 35 119
    59 40 109 24 14 49 48 72 82 37 45 83 48 90 97 81 39 60 121 35 119 23
    84 74 41 74 12 79 104 31 5 55 127 113 78 57 10 35 66 99 3 65 119 23
    57 94 0 34 67 61 97 36 68 21 37 71 47 118 43 99 76 38 17 13 11 61
    121 18 0 28 52 86 35 84 29 72 70 39 21 56 93 17 80 81 102 33 30 111
    77 64 44 3 105 43 113 64 40 34 64 51 23 4 8 52 30 17 101 79 14 7 105
    95 8 93 69 35 12 75 3 2 112 51 37 102 125 80 120 12 20 112 31 78 53
    114 58 100 59 66 113 98 22 92 118 80 71 84 74 104 111 38 26 33 36
    120 38 107 15 69 104 33 105 125 127 11 28 123 91 35 8 121 57 57 73
    105 31 61 94 48 102 97 16 4 107 32 76 122 84 41 118 2 110 119 42 110
    16 26 105 44 106 80 19 55 33 23 46 100 65 53 106 72 43 40 104 17 66
    81 4 67 97 31 8 101 123 3 79 13 0 108 126 70 24 66 114 18 19 120 110
    98 93 24 113 74 10 106 46 77 63 124 125 56 28 125 29 67 100 21 85 85
    121 99 27 61 99 64 65 31 25 124 71 70 77 19 64 118 38 97 98 29 52 14
    69 46 12 17 73 31 77 78 114 30 78 47 36 92 79 72 109 110 45 20 83 92
    104 107 106 7 102 116 39 71 57 31 42 33 54 26 68 120 94 13 109 12 91
    82 79 115 38 33 100 38 106 19 6 29 69 120 96 51 54 116 103 98 115
    111 100 17 22 106 68 107 106 110 26 30 63 41 7 73 20 58 17 29 23 88
    49 16 120 6 120 123 69 69 13 87 21 93 55 58 49 120 90 69 110 85 52
    22 80 54 25 25 8 97 49 46 92 60 19 64 80 7 40 75 117 6 83 118 75 51
    5 116 27 18 15 19 10 29 15 59 5 4 104 65 54 118 26 86 108 44 76 17
    98 66 91 55 30 45 34 125 127 39 120 118 125 68 71 39 94 13 6 127 120
    116 60 79 118 105 73 126 121 38 93 48 114 97 19 52 10 64 18 70 98 46
    34 71 73 16 41 107 88 69 125 61 108 64 30 94 31 89 82 76 80 102 97
    70 111 64 68 56 115 85 34 68 48 50 18 105 73 122 78 92 21 39 53 42
    84 56 3 49 45 33 52 51 71 74 74 104 41 11 114 46 44 21 3 120 48 83
    94 8 64 40 62 17 92 24 41 71 64 85 3 9 99 48 127 22 20 62 74 27 77
    36 118 36 44 49 49 108 53 28 118 106 76 61 76 35 9 22 86 74 66 108
    84 125 20 100 74 3 109 39 53 18 28 51 4 56 23 120 44 108 106 39 86
    24 70 23 60 62 46 37 76 73 53 93 10 115 83 58 55 66 110 56 127 63 3
    91 104 51 123 124 54 22 43 60 104 34 23 100 41 10 115 105 85 114 23
    102 105 22 31 11 34 48 14 97 31 20 119 71 1 9 46 54 45 106 79 96 74
    65 107 20 45 110 11 101 82 96 62 66 83 22 16 18 90 26 9 16 28 21 85
    100 71 71 63 1 27 48 114 107 127 59 12 9 96 86 14 38 107 77 50 31 60
    101 72 56 33 106 31 13 69 21 121 39 112 51 96 84 94 50 25 80 8 62 60
    116 108 112 32 85 64 121 46 76 37 30 47 65 126 126 118 81 117 42 20
    18 119 125 127 81 18 65 35 9 121 125 33 110 30 78 73 126 19 20 22 73
    114 29 26 10 106 84 82 116 0 28 111 6 55 71 120 62 64 117 40 123 19
    114 110 49 28 30 4 23 104 60 38 104 74 118 21 42 30 72 32 117 33 61
    84 7 110 34 114 114 67 115 37 125 113 77 6 74 6 30 15 38 14 111 39
    112 15 82 91 92 104 44 22 96 95 75 104 44 120 112 71 2 13 89 18 116
    26 108 61 74 97 106 41 25 48 95 113 59 119 35 37 79 67 37 60 93 91
    113 53 29 88 75 13 4 85 40 72 102 124 38 17 75 63 97 96 13 56 46 71
    7 79 85 7 120 54 90 28 102 80 13 0 57 33 104 44 9 110 30 103 14 124
    81 95 3 75 79 8 85 29 76 109 13 54 24 109 35 65 41 34 54 44 103 116
    53 59 97 22 32 53 80 43 4 2 20 44 58 9 12 126 49 27 68 10 102 47 24
    14 52 126 116 108 17 75 36 19 41 56 127 71 86 18 83 26 64 34 38 96
    23 102 30 9 91 70 67 56 68 65 15 56 34 120 82 97 49 81 4 106 116 114
    77 61 64 67 35 73 39 26 75 28 114 123 13 42 110 1 20 21 21 14 47 39
    122 100 101 79 69 101 8 4 97 37 114 125 54 63 100 16 67 75 109 110 2
    56 19 45 28 101 82 39 88 97 57 48 93 100 44 109 54 105 50 109 48 44
    125 0 116 91 82 105 43 29 60 6 111 83 41 90 122 27 107 55 37 83 25
    45 126 60 83 100 115 107 21 12 5 83 31 41 92 108 120 46 80 118 33 12
    12 12 29 81 4 58 39 55 0 55 60 68 50 78 26 55 37 62 62 117 28 89 6
    53 79 112 102 7 47 87 76 125 6 66 109 110 116 101 121 62 71 39 72 69
    27 66 52 125 123 47 112 0 123 89 14 101 52 85 92 49 14 50 38 125 22
    47 91 16 120 114 12 125 99 94 38 101 4 31 83 55 71 117 80 50 46 71
    79 14 41 126 114 77 54 29 58 36 40 61 118 96 82 77 94 111 15 77 123
    70 68 67 4 43 12 1 99 7 5 22 108 31 110 8 38 2 7 9 110 62 115 11 26
    55 73 21 69 52 93 15 85 35 75 10 83 89 106 14 113 108 26 30 55 62 23
    104 117 60 55 116 121 24 22 32 86 9 82 44 11 117 24 48 79 69 103 118
    24 97 28 121 127 64 125 77 19 115 85 116 52 126 36 33 66 112 114 68
    36 124 116 61 77 75 32 116 8 26 63 47 67 89 114 42 119 7 107 28 84
    70 40 117 120 111 5 34 50 123 71 47 35 45 8 124 25 114 91 47 56 120
    117 72 45 88 109 115 73 23 108 45 114 34 37 44 0 0 92 49 76 56 2 41
    58 38 67 109 83 54 114 1 67 119 11 59 10 69 76 82 100 102 97 33 28
    69 35 45 121 71 11 78 127 13 29 105 92 8 119 29 125 74 74 16 73 88
    11 108 74 78 84 29 2 107 18 83 85 126 5 64 39 60 60 4 58 113 29 23
    28 66 8 44 25 91 3 6 68 65 50 86 20 71 100 67 106 46 23 64 114 116
    102 81 107 117 60 40 98 4 60 33 38 72 76 46 18 51 22 46 109 3 72 99
    84 85 85 118 55 42 71 100 72 2 96 14 9 101 55 98 119 84 49 6 86 114
    75 103 102 43 86 97 102 79 28 34 96 32 82 49 116 62 110 77 102 104
    39 100 46 123 25 120 23 100 51 123 22 59 8 45 35 77 45 68 64 75 98
    111 95 117 4 122 54 114 65 112 26 101 12 100 77 52 8 86 98 62 49 5
    127 108 100 125 51 119 44 51 40 8 72 5 73 63 69 80 34 76 122 16 8 49
    110 28 46 62 91 71 14 47 37 62 46 29 102 52 24 8 0 54 114 75 117 17
    99 19 96 17 52 49 92 52 91 13 121 16 75 43 48 26 58 42 10 6 49 63 22
    125 86 98 57 58 17 32 114 68 47 87 55 57 68 50 82 24 53 92 48 5 53
    91 46 63 31 82 86 84 103 63 6 40 115 85 27 0 11 66 58 41 127 13 113
    40 54 73 99 0 75 121 3 0 113 55 4 12 29 9 14 105 93 110 125 28 101
    52 41 24 19 126 45 7 25 45 85 5 17 76 18 29 97 24 82 61 13 49 83 107
    94 67 99 121 5 120 112 78 7 124 114 55 45 106 57 10 9 47 37 9 75 125
    118 49 48 97 12 117 44 96 93 40 82 64 98 61 24 91 45 125 76 52 115
    10 36 43 113 32 77 25 58 67 10 64 68 37 49 81 70 49 93 77 41 8 117
    111 102 109 119 84 33 81 85 73 4 47 111 110 57 50 81 40 93 69 7 20
    90 86 72 13 114 127 106 52 98 64 52 104 25 93 126 62 10 112 121 34
    124 79 71 123 58 61 42 90 52 68 114 48 33 54 54 66 89 18 93 92 49 89
    120 67 115 120 3 22 80 74 13 3 101 120 102 29 104 21 0 67 0 112 47
    104 91 48 85 17 91 39 70 101 100 94 124 75 27 24 127 40 124 51 79 64
    86 110 101 19 32 110 126 126 59 107 85 126 15 4 83 75 121 126 52 45
    55 83 126 7 97 50 42 56 17 86 69 31 107 10 118 51 84 52 2 80 112 27
    107 35 102 38 63 120 33 48 20 31 14 78 118 28 120 88 22 18 9 1 61 43
    50 83 41 83 100 3 6 5 41 9 78 61 116 122 94 49 1 16 61 6 37 118 3 20
    18 63 118 21 113 96 11 107 11 3 124 94 67 5 9 39 72 88 81 51 105 82
    95 22 4 7 87 27 59 48 75 109 73 102 26 127 18 118 91 72 23 81 60 71
    73 75 91 63 2 20 11 25 30 98 112 47 75 43 28 26 126 84 3 61 50 105
    84 118 12 21 20 5 68 86 59 57 43 50 119 124 30 58 35 45 66 41 115
    106 34 108 119 116 86 124 55 92 52 82 127 27 39 53 29 119 114 106
    113 106 59 62 126 103 37 44 14 88 83 122 72 41 61 8 111 1 104 46 99
    19 8 116 4 27 78 53 39 117 28 60 10 5 52 47 90 90 13 112 72 56 3 87
    80 6 102 94 113 38 26 3 41 105 60 5 122 16 32 45 13 86 89 104 81 31
    57 21 24 68 73 80 89 36 43 15 8 54 49 94 3 120 79 108 4 10 60 112 0
    58 65 11 11 101 112 93 56 81 67 83 15 126 32 50 39 10 116 100 13 20
    123 96 63 30 98 23 33 88 60 96 104 12 115 40 37 48 6 89 110 95 6 4 8
    124 50 52 52 55 75 90 82 79 9 19 65 54 103 32 10 125 119 23 20 98
    104 102 5 34 102 77 81 94 92 68 96 66 68 51 30 110 97 49 113 6 25
    115 49 65 73 102 87 65 111 101 40 52 12 9 24 99 95 65 73 82 59 78 60
    10 54 12 62 67 0 114 15 81 106 82 97 115 61 62 98 28 111 95 127 23
    119 127 107 30 42 104 97 27 85 0 34 126 102 8 36 108 25 31 50 0 82
    21 50 75 57 43 67 34 126 47 105 34 57 85 11 52 16 120 112 106 59 63
    113 54 25 70 65 56 79 74 113 106 110 31 89 36 5 127 109 76 121 13 51
    100 29 36 102 28 49 4 62 120 10 78 117 106 110 26 32 123 112 23 121
    81 127 80 64 62 1 115 60 70 65 107 69 110 27 72 125 103 52 6 44 112
    115 46 18 79 61 103 100 20 68 113 54 12 64 9 117 17 47 50 11 101 13
    45 41 7 20 35 55 68 89 122 102 33 103 5 21 86 81 73 119 91 13 3 25
    42 71 12 50 52 2 100 27 92 50 108 44 66 3 8 97 82 41 59 25 123 30 66
    118 35 81 27 113 111 64 13 105 108 27 14 12 66 0 59 101 25 80 9 40
    54 33 36 123 124 29 99 28 44 20 52 78 89 126 94 4 24 93 105 78 72 10
    71 45 103 104 38 4 82 67 115 118 7 65 98 107 4 15 101 58 1 22 127 82
    17 76 120 122 98 108 25 106 2 48 104 13 19 49 54 78 97 32 66 17 30
    67 77 123 125 19 78 40 58 119 106 31 116 51 36 75 52 106 5 105 118
    107 119 47 25 66 58 45 90 98 36 114 103 121 21 19 106 26 8 122 61 91
    64 87 77 52 42 127 28 65 116 75 46 11 9 10 94 44 88 34 79 38 19 114
    13 120 78 115 123 52 116 24 43 97 60 7 71 100 13 30 99 118 102 83
    111 82 79 58 32 15 93 58 98 21 52 87 41 44 86 69 123 34 79 73 107 43
    112 16 11 100 73 72 34 10 102 92 97 11 21 28 68 80 100 49 6 103 31
    70 106 110 21 111 30 55 82 18 3 56 114 42 87 62 118 99 76 62 3 59 66
    82 44 5 66 84 84 17 122 36 36 50 47 100 121 88 23 0 50 120 45 104 35
    75 34 44 76 80 13 120 106 90 50 101 88 74 33 35 45 66 92 94 52 29
    118 92 94 46 84 49 82 49 89 27 13 21 55 0 118 52 40 93 73 70 59 106
    77 29 72 113 72 37 28 5 69 58 76 65 88 48 73 8 4 112 57 42 103 54
    103 35 35 65 46 60 44 7 21 124 28 125 77 79 9 112 77 18 78 65 28 115
    14 17 105 28 81 37 105 34 95 107 88 17 46 3 11 21 118 125 72 3 65 58
    108 27 80 116 33 98 127 111 44 1 13 126 100 64 9 70 7 48 58 127 11
    25 82 35 32 77 74 14 20 1 45 58 34 25 16 96 38 65 34 9 70 63 55 112
    80 51 12 120 15 114 36 17 58 82 89 39 47 127 75 18 100 10 87 105 124
    15 101 116 53 119 80 76 70 124 41 111 92 97 101 18 51 24 12 110 96
    111 56 104 62 112 29 56 6 91 18 76 31 32 28 32 4 1 29 44 63 123 124
    1 116 83 124 94 80 57 75 85 76 35 107 20 32 63 64 93 53 47 24 25 33
    97 1 120 124 83 69 1 80 69 19 32 59 62 118 73 80 49 28 81 33 112 101
    29 15 46 76 16 40 39 46 55 105 117 19 121 115 97 36 65 2 78 34 22 81
    86 93 89 15 59 63 52 18 122 118 1 45 113 31 49 111 71 24 9 105 118 7
    60 112 46 94 32 92 9 5 89 121 81 84 122 125 27 56 25 100 25 6 34 77
    25 113 53 97 26 92 28 28 120 44 3 69 68 19 33 111 13 8 57 85 27 7
    124 1 93 72 50 91 30 6 23 11 33 120 103 13 72 2 17 65 8 83 21 73 2
    32 88 85 42 117 83 46 127 127 79 32 67 60 100 50 51 121 41 24 58 41
    105 25 96 96 97 22 24 51 4 125 25 71 9 33 53 69 89 18 58 47 117 112
    50 104 100 23 12 70 23 113 79 29 71 12 17 113 14 116 112 26 6 40 46
    46 13 95 101 106 6 21 82 0 109 48 1 91 68 63 106 61 98 20 71 107 56
    42 39 48 64 12 120 46 44 78 53 66 110 49 1 89 62 6 38 64 91 55 19 39
    121 55 116 76 78 60 46 36 27 59 76 73 123 50 103 0 124 42 20 109 122
    79 32 86 53 80 81 54 117 61 65 121 80 15 108 86 119 20 60 50 31 104
    16 40 93 46 69 119 95 105 44 50 126 57 33 14 9 11 45 77 53 74 22 30
    10 113 15 51 30 36 16 18 65 83 79 56 43 36 1 56 63 86 105 10 32 84
    72 83 17 105 7 73 78 17 47 119 105 75 42 117 69 126 12 124 79 108 61
    87 22 22 5 86 88 25 60 104 93 63 61 81 108 116 92 117 81 20 30 31
    108 89 71 116 124 76 112 2 50 127 111 63 110 78 51 93 48 119 24 59
    60 81 93 34 81 49 39 118 62 42 14 38 59 121 52 100 33 87 13 41 5 76
    2 13 68 125 6 31 28 121 93 75 94 84 23 86 121 124 115 85 83 101 59
    122 111 69 107 105 24 17 95 52 20 24 118 92 31 57 34 71 94 4 55 120
    41 27 20 20 56 72 16 103 55 109 80 112 51 37 123 60 96 51 74 43 84
    52 38 67 70 119 51 35 28 122 118 50 113 93 4 75 57 107 45 121 46 91
    85 125 91 8 17 16 51 94 7 56 26 94 89 52 121 14 56 43 84 9 6 42 109
    92 35 32 37 0 56 36 116 89 86 96 24 64 66 42 30 79 105 126 55 114 19
    18 115 89 45 70 16 122 2 96 19 73 0 84 90 92 17 91 49 24 1 56 51 99
    114 0 94 61 1 105 75 125 121 114 32 58 41 119 76 47 120 90 55 78 62
    113 97 116 19 18 89 39 69 96 1 121 120 117 112 34 62 119 86 38 15
    109 114 21 51 86 57 107 53 65 35 102 120 68 75 11 8 6 126 13 63 96
    127 92 92 95 22 69 36 58 18 75 10 42 49 31 16 98 34 99 81 122 116 29
    30 39 65 113 91 117 116 56 104 112 93 11 19 59 72 2 35 121 93 2 70 4
    36 19 125 101 69 44 75 33 108 98 24 44 33 96 55 109 83 60 88 117 63
    41 77 126 4 52 103 24 73 53 24 10 70 121 91 78 56 121 82 110 32 22 2
    71 122 20 49 72 124 49 57 125 84 124 4 23 116 17 119 16 1 76 26 68
    113 26 116 99 42 46 29 54 109 33 74 9 111 109 64 60 46 76 41 68 121
    29 8 125 47 7 109 13 99 116 126 40 44 103 2 53 61 24 77 1 59 30 123
    63 68 56 25 82 122 27 5 108 66 57 76 70 17 71 106 74 68 57 120 59
    119 27 97 62 88 73 21 18 47 107 9 30 77 27 25 107 67 104 29 81 50 4
    111 3 69 50 109 14 63 88 32 6 79 79 15 50 21 32 39 36 104 21 43 47
    24 59 106 68 3 2 43 112 74 50 6 45 86 59 2 114 38 104 123 98 36 89
    37 36 28 36 107 61 113 122 24 45 42 41 81 61 95 104 76 114 104 27 53
    44 8 105 54 50 59 59 71 27 44 103 20 41 42 78 121 28 5 114 121 108
    27 65 74 51 98 52 58 106 5 75 56 0 47 91 20 47 74 32 119 97 68 98 52
    6 67 72 72 114 76 35 66 38 42 59 111 117 28 111 123 81 4 33 61 116
    50 77 120 29 38 48 101 95 25 61 83 111 9 48 10 39 29 64 68 110 121
    101 33 88 70 50 118 77 44 8 18 14 22 1 79 120 94 81 49 21 12 45 126
    18 84 62 123 124 69 104 37 79 66 29 44 95 55 28 9 105 79 94 105 81
    77 72 51 49 127 39 119 116 90 36 101 66 72 122 29 126 108 38 12 34
    10 40 54 77 28 116 102 110 53 32 75 109 48 40 25 4 16 79 31 77 82 41
    53 28 7 101 56 101 30 113 117 4 75 8 122 97 90 5 98 100 111 11 50 52
    49 5 91 112 82 97 15 91 108 79 122 77 3 85 21 45 116 121 102 116 97
    15 111 109 83 103 94 61 29 115 99 120 79 88 17 7 125 120 85 6 61 58
    63 105 105 14 120 80 104 119 41 65 100 60 109 55 35 3 11 96 55 106
    87 56 96 48 118 102 118 92 107 32 79 29 16 19 108 91 5 125 38 1 115
    116 88 100 55 55 99 50 17 40 54 67 48 55 45 77 91 32 53 82 1 94 82
    47 116 0 5 35 99 57 27 20 23 61 56 39 29 79 31 89 120 49 83 31 86 15
    35 68 92 53 92 35 70 76 15 10 82 88 114 88 13 21 11 104 35 86 38 114
    61 106 1 104 109 91 46 21 100 6 121 57 25 73 42 52 98 85 27 109 60
    84 27 22 123 125 53 56 102 59 115 46 20 1 70 36 35 110 84 36 121 62
    42 56 70 59 34 94 93 60 36 43 24 33 64 83 83 125 57 65 125 12 121 84
    44 48 72 87 106 71 2 65 5 115 111 53 54 60 76 52 35 32 3 14 7 106 46
    97 26 10 64 40 64 126 60 0 26 53 46 118 30 24 20 58 58 67 56 125 61
    6 70 26 76 92 71 85 106 13 127 42 55 63 116 81 48 42 9 63 56 126 120
    50 56 73 67 107 64 58 43 48 46 100 118 92 49 33 102 125 3 2 49 15 11
    59 58 11 82 126 43 52 74 39 57 110 88 83 59 40 84 115 72 80 48 30 66
    66 83 27 8 101 27 117 92 23 73 7 54 93 105 48 94 112 32 108 87 29
    104 39 23 51 3 4 77 3 115 5 83 5 82 109 122 64 30 108 61 11 116 5 76
    64 105 123 7 93 28 48 6 125 40 34 37 105 48 116 20 107 21 56 125 21
    91 85 58 3 90 116 33 106 84 90 52 102 74 51 16 67 3 68 74 75 18 112
    75 97 81 58 91 121 65 102 19 90 33 101 76 111 75 28 49 73 19 77 108
    9 64 101 2 52 24 34 67 106 109 116 83 19 108 61 70 41 6 81 7 104 25
    60 31 77 3 97 47 30 93 4 53 46 117 56 64 105 6 98 36 45 15 105 94 47
    40 115 73 33 60 122 123 26 9 0 36 80 5 36 86 18 60 65 14 43 59 20 39
    63 70 16 31 96 102 100 29 5 107 20 28 70 122 61 22 104 16 37 44 118
    66 65 10 48 17 25 121 78 47 1 45 55 76 45 55 0 92 62 47 112 36 55
    111 27 93 80 112 116 63 116 16 113 5 59 35 93 75 81 63 47 80 16 84 6
    93 29 74 18 19 84 28 10 83 72 85 37 69 48 40 92 85 27 16 52 118 2 78
    124 82 108 92 112 1 121 93 100 2 20 35 67 83 20 105 110 64 53 79 56
    64 124 55 43 121 67 18 116 41 6 48 108 42 35 105 42 109 31 69 49 73
    96 0 123 43 72 44 50 80 105 44 23 85 100 3 6 10 46 5 125 91 114 3 62
    103 30 125 11 92 7 60 86 122 15 43 102 84 107 3 78 56 126 126 7 48
    55 52 7 127 56 114 26 65 84 63 1 105 65 96 119 75 8 113 7 120 67 5
    71 108 20 43 45 90 63 7 88 96 50 59 48 118 104 71 6 85 37 49 102 82
    43 94 68 80 113 104 100 88 55 52 16 62 65 40 56 90 112 102 30 127 74
    100 44 19 107 40 81 100 91 90 103 31 48 5 116 24 49 123 110 106 69
    86 104 103 20 20 78 2 55 88 48 35 103 62 102 63 35 126 61 124 83 86
    121 35 67 123 38 111 11 100 97 102 107 114 124 96 98 97 5 58 83 125
    95 107 118 14 99 22 19 0 112 22 125 49 28 0 84 2 98 68 102 9 3 60 33
    81 88 12 14 18 118 25 72 105 34 54 103 72 42 127 13 25 80 59 65 43
    37 36 121 77 85 77 98 66 36 31 111 121 3 111 75 33 29 104 3 91 117
    108 36 4 28 127 10 33 108 63 38 106 107 105 68 126 106 112 49 105 41
    66 60 43 95 19 41 96 97 68 6 22 99 127 31 18 90 105 55 113 5 57 66
    54 81 91 40 13 98 31 30 105 2 76 76 120 70 68 104 64 97 20 14 58 29
    64 66 112 81 109 117 75 88 95 67 36 115 99 121 37 28 77 1 63 33 4 54
    49 47 77 30 45 93 10 31 82 4 60 41 40 73 107 108 120 45 84 83 12 35
    47 91 74 81 85 123 52 9 103 89 125 40 122 113 67 17 7 68 31 33 124
    48 84 75 19 36 72 43 24 41 34 86 2 121 31 75 61 108 65 124 61 59 24
    121 5 9 97 111 4 58 117 28 51 55 79 33 15 47 54 4 118 81 110 92 96
    47 60 66 15 60 114 16 10 86 33 19 49 36 28 12 95 105 101 109 93 34
    11 81 30 86 8 61 42 78 26 43 64 45 102 3 17 76 5 119 39 126 27 29 97
    61 13 44 3 64 94 55 0 102 27 70 114 77 81 33 39 52 73 2 36 70 33 117
    116 82 37 73 82 35 71 2 13 92 12 6 78 57 121 74 80 53 66 27 123 59
    105 46 76 126 33 3 110 66 96 43 107 123 65 41 28 50 96 64 60 38 89
    111 115 88 44 112 94 47 4 65 94 65 4 0 16 42 33 65 82 21 55 15 28
    109 105 115 49 111 75 34 8 78 8 68 93 53 57 120 72 21 109 36 102 121
    76 62 46 15 124 86 9 53 14 96 17 92 123 37 79 57 114 72 35 69 14 117
    42 1 73 69 111 78 119 118 61 21 80 125 65 38 87 30 83 110 85 63 46
    125 11 5 5 109 57 114 20 95 34 94 110 50 30 122 100 30 64 29 61 122
    119 97 103 62 2 108 14 87 52 20 87 64 27 62 10 90 115 39 116 41 3 64
    25 30 113 115 50 115 104 27 28 0 97 47 4 4 30 63 41 62 116 57 77 47
    4 38 102 67 63 65 93 39 2 64 92 109 119 97 54 109 88 101 39 49 79 87
    120 98 117 76 23 72 1 95 98 87 59 9 110 56 13 115 109 32 94 73 79 50
    28 70 17 20 118 117 36 45 56 17 11 127 60 38 120 52 2 92 118 56 28
    66 69 102 96 45 107 20 7 76 8 81 51 52 114 71 86 121 67 9 94 114 125
    102 103 122 62 66 91 53 34 6 40 106 107 34 62 28 87 100 127 46 44 17
    47 38 67 28 106 105 64 62 60 91 23 47 98 20 88 101 3 77 109 121 17
    105 99 19 120 115 64 29 30 42 46 115 99 18 9 58 100 90 6 91 56 125
    74 48 90 11 126 27 13 47 107 46 122 98 58 10 51 17 55 52 106 78 102
    49 51 2 42 41 63 38 119 46 122 58 94 125 34 27 49 56 89 45 12 24 50
    46 25 93 43 100 125 118 68 125 53 29 55 83 125 76 68 46 113 9 10 65
    84 49 110 52 48 112 117 62 94 73 34 91 10 111 105 49 95 82 55 93 121
    2 111 7 101 47 119 24 46 125 98 98 29 47 82 21 88 1 30 95 95 22 2 0
    99 90 90 107 100 41 40 101 61 24 110 32 37 43 103 73 67 77 69 16 4
    40 66 84 127 115 119 86 58 20 124 119 1 16 32 119 50 104 15 27 20 41
    9 44 41 23 105 16 6 87 118 90 98 22 47 72 96 81 12 34 14 71 24 27
    107 95 49 60 122 12 64 75 32 103 61 99 85 17 32 73 63 76 64 107 15
    127 105 37 117 64 38 72 57 104 30 118 48 40 120 8 60 44 100 67 77 14
    123 111 75 97 67 125 87 80 40 75 127 51 52 45 75 0 104 17 85 108 37
    113 28 74 35 123 55 29 34 69 117 58 64 116 4 105 72 49 100 117 72 68
    39 23 38 85 30 23 115 106 102 2 21 98 21 53 47 63 67 90 88 37 72 112
    25 124 113 17 94 107 75 13 46 79 53 97 48 92 107 52 115 18 61 63 46
    82 89 18 119 115 28 26 120 72 124 124 119 95 60 77 56 116 76 82 62
    32 105 13 93 4 118 79 59 104 44 118 80 100 34 28 21 112 12 54 121 68
    72 121 120 5 122 117 57 45 55 121 51 113 100 126 116 65 121 37 2 85
    68 82 5 123 18 122 125 111 123 120 86 4 50 107 90 91 87 46 32 12 118
    43 94 23 79 88 26 53 58 86 26 107 115 116 41 43 21 59 117 98 94 24
    65 86 90 118 100 26 54 47 73 33 47 22 127 38 39 78 100 123 127 99 14
    69 28 111 67 95 112 11 71 90 68 72 37 95 69 77 96 66 44 97 99 13 116
    9 39 67 127 117 104 79 1 71 18 83 75 54 11 10 95 23 23 66 74 82 92
    113 73 66 95 127 74 5 17 98 79 42 33 2 88 43 81 53 105 97 44 23 86
    108 18 114 29 56 64 36 63 4 40 53 39 110 45 100 63 38 86 101 110 126
    32 102 93 8 50 66 76 46 24 121 126 19 111 126 63 10 2 8 57 95 125
    111 93 58 53 37 89 78 43 28 39 111 25 121 127 11 4 75 69 97 105 76
    90 121 121 126 93 14 34 24 81 33 108 106 112 69 17 55 116 81 110 4
    44 9 116 77 79 37 85 122 34 70 114 99 101 87 57 111 82 25 117 109 34
    75 24 70 1 32 8 43 16 57 64 60 104 36 15 1 113 70 53 7 118 20 127
    126 96 1 8 114 77 82 115 121 110 45 0 81 59 103 12 34 4 52 39 35 16
    43 83 123 117 99 63 8 74 15 37 114 85 70 14 70 110 121 124 83 12 122
    4 59 10 92 109 53 96 5 11 118 53 82 13 98 40 33 4 37 28 73 54 116 64
    43 73 70 37 77 11 86 92 60 60 42 51 76 71 113 64 3 121 38 2 81 103
    90 55 4 124 78 34 105 99 5 30 39 86 21 95 96 27 19 102 17 54 69 117
    96 120 76 56 93 54 126 83 94 82 64 93 47 3 118 42 9 51 90 40 7 81 93
    54 38 108 117 22 49 30 72 12 115 17 80 95 110 46 23 38 29 87 41 105
    15 51 0 70 7 6 25 115 16 78 59 6 121 76 96 37 46 25 122 21 87 109 19
    44 124 81 104 47 57 90 93 59 82 15 91 33 8 119 107 18 121 105 47 37
    110 48 73 58 38 13 56 51 123 65 118 18 85 59 98 33 81 109 22 84 108
    42 39 70 76 38 51 114 120 46 10 19 64 49 86 35 49 92 33 25 33 77 126
    2 90 35 19 74 105 86 28 45 55 92 49 124 77 52 52 99 42 22 124 76 37
    64 38 34 57 22 15 17 47 11 79 81 50 42 91 105 127 76 9 55 94 83 43
    28 93 112 14 37 43 30 89 21 66 69 70 1 4 15 74 101 5 11 29 75 40 103
    42 59 32 91 55 38 51 78 84 49 96 47 64 84 8 124 74 44 106 22 12 82
    98 121 50 118 24 124 101 98 91 111 39 120 125 92 28 55 69 58 121 59
    52 22 104 110 36 114 59 34 117 94 126 54 59 81 15 57 52 56 0 47 54
    115 4 10 34 9 52 118 26 107 38 40 10 29 66 11 85 122 85 49 106 78 78
    71 102 65 111 57 83 58 51 13 52 18 82 0 17 83 84 40 30 103 105 24 4
    4 77 111 29 0 106 103 36 100 119 105 110 115 85 79 127 4 118 53 88 3
    42 93 86 91 28 78 45 105 16 92 70 36 112 83 73 101 58 82 91 124 83
    70 13 26 120 26 59 90 90 100 4 99 78 41 109 107 89 94 20 54 65 65
    119 86 17 110 85 113 3 34 65 38 62 125 123 21 10 66 106 64 25 10 41
    70 56 73 109 43 51 42 24 30 26 4 30 25 125 69 123 24 76 39 111 29
    110 53 28 57 114 101 1 36 96 0 62 71 29 4 24 125 85 69 95 13 83 39
    20 17 90 15 49 57 91 77 61 97 82 56 74 29 47 45 72 49 35 69 104 70
    28 14 8 79 43 41 61 45 100 33 57 33 88 31 63 35 56 5 21 97 106 92 77
    77 67 78 30 111 109 90 2 1 6 14 35 60 127 10 114 2 66 45 49 11 121
    48 42 61 82 57 52 5 49 124 100 76 75 51 64 4 2 74 18 52 100 9 116
    124 16 66 65 35 30 30 52 93 21 11 92 99 97 30 115 28 116 73 69 20
    122 112 108 74 3 8 10 119 51 38 60 2 25 54 60 78 125 103 56 15 0 22
    17 26 83 102 29 57 89 75 11 69 111 0 20 97 36 77 10 59 106 90 114 85
    96 82 22 84 6 72 59 57 96 47 44 9 119 105 120 115 42 8 76 6 61 78 33
    109 35 46 77 49 51 27 81 40 23 21 89 91 1 23 5 82 91 52 30 74 5 80
    40 14 57 2 114 72 114 81 63 93 49 88 107 15 30 5 25 68 43 60 75 110
    121 97 116 77 88 120 24 41 42 76 117 11 70 71 89 102 3 114 95 107 58
    118 127 25 113 111 106 71 74 84 74 117 93 88 36 44 34 23 51 16 121
    98 65 98 75 64 32 90 67 1 47 37 86 55 7 81 55 78 20 39 93 102 92 8
    33 76 127 47 13 77 41 3 21 31 98 37 122 78 54 106 51 100 11 103 117
    16 116 54 106 113 79 112 105 46 39 6 117 48 63 38 50 76 23 58 117 80
    101 74 55 83 55 41 36 105 87 94 103 34 8 24 58 4 16 45 101 108 91
    119 9 120 60 84 9 1 19 53 110 66 44 101 34 48 38 77 56 43 107 68 93
    18 44 112 10 67 47 127 66 65 30 87 97 15 79 53 86 35 21 20 41 59 122
    89 110 25 61 79 109 26 65 6 72 80 8 83 17 106 72 43 64 2 44 16 82 52
    84 20 73 5 21 18 114 88 44 28 94 98 56 42 88 70 95 116 108 91 10 83
    43 64 80 126 11 55 20 108 90 25 101 57 82 72 103 126 121 93 123 2 64
    126 40 78 0 1 97 107 52 117 73 13 11 109 67 63 7 73 50 55 40 48 121
    110 86 87 54 3 73 61 76 89 24 70 19 105 80 83 41 6 31 51 5 33 48 92
    52 29 25 19 89 84 37 126 82 69 4 32 56 113 45 50 104 87 57 17 120 71
    33 30 113 31 45 42 80 60 116 28 33 111 115 21 6 96 51 25 56 49 112
    17 63 73 121 88 77 86 118 0 60 49 112 73 13 2 81 31 53 127 16 18 78
    8 13 118 85 40 64 116 108 109 123 17 14 122 113 109 97 52 9 5 112 67
    61 3 90 82 65 65 127 126 125 98 16 53 48 27 122 5 122 85 100 37 24
    125 28 34 25 113 72 57 53 115 25 16 77 0 86 51 60 33 91 30 87 38 113
    114 117 21 74 96 112 5 123 46 123 111 121 69 121 77 4 18 47 0 20 6
    108 1 3 31 98 9 118 44 18 14 63 96 61 47 19 100 105 12 51 59 27 16
    42 58 60 83 25 2 78 76 125 97 89 51 84 65 37 72 99 114 43 100 109 89
    116 97 81 42 68 109 79 119 41 51 60 73 40 87 113 29 28 32 26 113 79
    48 23 127 50 19 7 21 66 50 100 101 94 44 41 61 112 23 10 123 71 117
    42 2 49 117 113 79 39 4 55 104 49 84 99 115 80 8 51 46 101 10 74 5
    115 13 103 60 39 91 122 69 21 15 102 74 62 37 51 3 60 85 74 111 117
    48 87 49 2 102 0 3 54 30 109 0 103 2 70 44 37 10 9 42 38 51 33 65 78
    18 7 62 19 44 103 29 100 108 19 41 90 34 81 120 85 84 64 123 25 19
    110 15 76 65 13 51 53 10 29 127 82 101 82 99 28 29 42 102 20 15 64
    35 53 56 116 82 107 71 33 39 65 40 58 39 100 112 104 62 53 57 50 57
    33 41 70 126 87 92 96 17 46 29 3 18 94 52 20 110 125 0 87 120 126
    125 52 118 93 58 122 117 7 125 87 72 14 103 4 36 48 32 85 31 86 125
    8 106 109 124 85 51 78 47 63 96 82 86 88 25 2 68 10 4 96 123 27 51
    85 96 89 49 127 101 57 65 21 50 53 109 1 89 19 18 1 113 4 25 5 60
    119 38 114 120 123 78 82 82 65 9 39 47 2 112 59 27 97 36 90 58 117
    65 99 96 104 96 45 79 49 6 84 76 55 61 9 118 122 118 71 113 125 124
    28 11 54 40 2 78 91 31 5 116 5 110 95 101 13 62 80 85 76 49 70 74
    122 95 19 109 41 122 95 106 97 7 3 102 68 39 53 41 32 2 107 22 80 44
    12 70 126 126 11 33 17 74 77 49 86 122 3 31 53 30 107 41 112 57 123
    111 5 21 69 3 33 8 75 118 11 81 15 62 4 102 96 22 23 106 1 95 77 22
    114 114 51 43 86 40 116 123 112 43 77 38 126 63 73 85 29 15 18 52
    122 125 96 44 53 73 107 81 65 34 47 47 92 22 64 24 66 121 43 5 106
    15 47 52 28 30 25 19 30 86 108 82 23 44 29 17 91 122 75 27 103 69 98
    68 85 25 35 81 86 43 11 66 18 61 91 74 125 59 125 57 22 73 22 3 95
    56 104 66 104 28 90 81 52 91 122 9 105 114 14 35 14 66 115 95 54 124
    24 61 105 60 40 52 25 7 86 10 71 40 113 87 8 63 30 22 39 1 119 89
    103 8 82 79 60 106 42 127 92 123 29 16 33 121 84 48 104 12 27 54 5
    47 112 11 78 94 72 36 65 92 71 92 107 121 82 34 81 80 79 63 11 0 13
    39 109 105 82 76 104 36 43 10 5 22 47 48 5 82 72 49 98 92 31 27 93
    27 46 94 36 61 14 118 104 33 53 51 25 63 104 68 91 123 25 9 73 112
    114 44 73 59 83 19 83 60 17 57 62 91 43 56 51 15 51 45 73 62 21 3 78
    118 104 100 32 115 86 79 10 33 122 16 49 46 36 79 117 33 85 49 45 5
    32 12 2 102 38 110 96 29 5 16 112 95 45 96 70 123 125 42 44 41 66 87
    35 84 10 32 28 38 94 6 87 93 97 127 73 101 78 53 32 9 61 56 105 92 0
    113 87 64 32 58 63 51 119 22 83 124 93 7 14 48 66 39 10 4 20 94 62
    48 45 96 86 43 105 55 12 11 2 3 18 78 60 76 100 9 6 41 53 40 53 5 8
    68 18 40 14 46 61 122 64 112 125 0 40 80 70 66 11 93 12 71 55 14 30
    1 3 59 103 88 101 0 95 32 88 42 72 20 90 110 20 80 119 94 23 20 61
    121 20 126 61 67 0 39 71 114 110 107 48 86 126 26 5 88 98 48 45 127
    109 2 115 35 37 40 66 45 126 49 19 59 75 25 118 68 117 104 71 37 113
    75 95 24 107 41 87 123 41 10 8 37 9 109 65 89 1 105 46 77 31 75 10
    106 83 122 114 32 50 27 58 18 47 12 95 16 59 70 75 44 122 94 30 88
    40 98 51 1 120 38 68 95 52 23 56 76 108 36 14 115 79 56 110 120 10
    21 69 71 41 127 106 31 43 102 59 81 54 17 96 15 38 108 78 109 13 108
    83 58 10 105 62 85 77 103 52 53 31 23 108 74 69 11 57 110 24 69 110
    104 59 90 109 97 76 55 19 86 1 77 117 18 67 83 69 120 107 52 24 26
    33 52 127 54 109 81 15 110 118 41 62 21 8 124 108 30 31 30 28 81 40
    24 125 22 11 65 107 97 77 12 91 7 26 77 113 82 124 51 71 112 38 112
    72 58 35 123 27 64 100 37 119 66 20 60 101 47 41 119 65 14 64 34 81
    70 48 10 47 63 103 29 116 19 23 82 7 34 82 52 42 57 99 106 65 80 46
    41 35 111 88 113 18 30 27 6 0 21 89 25 44 81 86 66 125 20 76 89 17
    93 33 121 109 51 50 89 47 25 30 27 4 96 126 122 73 125 43 17 124 20
    60 78 48 80 20 51 106 119 76 125 22 45 109 105 122 17 117 5 58 105
    54 96 85 30 3 26 48 50 14 106 77 82 77 54 89 82 63 66 67 50 55 17 60
    81 36 39 68 33 124 96 106 125 29 81 16 91 31 80 16 2 11 43 46 119 92
    63 40 73 121 31 22 51 77 37 119 32 2 114 68 38 101 76 57 21 15 4 94
    66 104 61 58 101 27 66 39 60 60 83 3 83 81 102 27 2 110 106 50 82 25
    63 67 41 110 0 3 46 33 15 16 26 95 90 14 101 8 117 73 95 46 60 69 48
    30 23 82 96 47 7 91 39 8 34 111 26 61 39 62 69 109 83 68 72 127 118
    56 66 59 120 10 8 79 114 112 124 114 119 118 60 82 31 62 81 72 126
    44 96 0 65 51 21 3 38 6 126 108 61 92 37 1 115 32 89 55 46 87 114 56
    51 57 44 38 113 105 120 23 27 79 36 88 11 49 64 4 103 71 40 67 75
    119 41 72 79 112 3 68 120 80 73 15 88 10 19 63 94 111 93 91 108 118
    90 59 69 85 29 103 36 88 45 30 68 2 7 71 93 78 87 44 53 7 118 41 86
    38 17 63 68 46 43 33 24 122 37 30 51 29 118 109 122 116 3 123 69 98
    7 13 39 121 60 0 66 81 115 65 65 41 52 50 113 43 116 5 90 44 117 42
    108 110 92 60 36 108 43 17 49 115 9 97 82 100 77 115 42 6 111 63 72
    34 12 46 39 40 71 6 5 84 69 111 90 1 33 53 59 104 41 100 76 54 27 28
    2 105 105 51 17 78 122 90 88 116 6 102 74 114 40 107 121 52 110 56
    127 60 105 93 118 6 28 40 96 119 104 77 31 48 100 38 84 88 56 32 62
    76 99 124 119 54 52 2 45 37 52 14 58 50 113 25 78 62 0 91 108 63 24
    37 14 89 25 3 80 67 120 11 7 3 104 13 58 1 97 114 46 101 91 83 55 10
    38 80 9 12 31 15 26 38 82 75 0 42 34 3 105 17 116 65 10 91 123 71
    114 51 40 39 68 72 86 118 63 19 38 127 82 82 2 54 5 77 30 0 5 13 19
    62 1 115 27 92 12 84 125 110 21 110 44 39 42 126 63 67 54 54 52 18
    43 77 46 111 18 64 25 77 48 43 79 3 121 82 21 123 111 3 55 25 79 7
    115 59 99 127 55 109 96 107 35 85 18 82 16 88 97 15 98 107 50 86 13
    107 93 22 102 97 85 72 11 31 28 8 26 105 70 21 120 59 123 119 98 7
    71 102 126 93 109 71 33 58 110 38 101 42 48 93 96 4 29 6 7 36 77 105
    54 92 25 79 91 74 68 35 7 97 51 42 66 20 19 80 66 95 11 56 14 51 95
    22 112 123 97 8 29 5 73 125 113 113 73 35 79 26 91 68 104 77 49 43
    29 62 94 2 72 52 53 26 78 27 34 7 14 113 32 85 44 84 121 73 90 115
    88 19 83 15 39 117 112 2 117 60 68 66 101 120 79 54 35 106 121 106
    94 62 68 41 49 120 124 113 69 30 24 106 93 93 78 100 65 90 107 55 74
    64 46 11 75 85 36 60 15 27 5 50 109 41 3 43 103 103 21 94 19 26 19
    119 16 107 110 92 84 123 32 78 19 90 21 76 108 50 81 106 70 67 57
    127 50 101 100 3 35 26 13 21 8 36 11 116 81 3 61 10 52 127 82 87 57
    111 116 40 61 63 100 58 65 123 30 13 47 2 122 87 7 91 1 52 66 30 83
    72 8 1 27 13 15 16 19 109 113 2 0 88 1 119 87 8 112 90 59 14 10 87
    67 103 30 1 94 93 54 68 64 104 18 60 105 5 33 55 47 83 21 53 63 102
    89 85 112 42 53 113 36 7 108 65 29 13 63 18 18 21 83 0 78 47 37 3 40
    21</data></input>
<my_img type_id="opencv-matrix">
  <rows>256</rows>
  <cols>256</cols>
  <dt>u</dt>
  <data>
    68 67 68 66 66 66 66 65 66 65 65 66 65 65 65 65 64 63 62 62 62 62 62
    62 62 62 62 63 63 63 63 64 63 63 63 62 62 61 62 62 62 63 64 65 65 64
    64 64 63 63 63 63 62 62 62 62 63 63 63 64 64 64 64 64 63 63 62 62 62
    62 62 62 63 63 64 63 63 63 63 63 63 63 63 62 62 62 62 62 62 63 63 63
    63 64 64 63 63 62 62 62 62 62 62 63 63 63 63 63 63 62 63 63 63 64 65
    64 63 63 63 63 62 63 63 63 62 62 62 62 62 62 62 62 62 63 63 62 62 61
    59 58 58 60 59 59 59 60 59 60 60 60 59 59 59 58 58 58 57 57 57 58 58
    58 59 60 60 61 61 61 62 62 63 63 63 63 63 63 63 63 64 64 64 64 64 64
    64 64 64 64 64 64 63 62 63 62 62 62 63 63 63 63 64 65 65 65 66 65 65
    65 65 66 65 64 64 64 64 65 67 66 67 67 67 65 64 64 63 63 62 62 62 61
    62 62 63 63 62 63 63 63 64 64 63 62 62 62 61 61 62 63 63 64 63 63 64
    64 64 64 67 66 66 65 65 65 64 64 65 65 65 65 65 65 64 64 64 63 62 62
    62 62 62 62 62 62 62 63 63 63 63 64 63 63 63 62 63 62 62 62 62 63 64
    65 64 64 64 64 63 63 63 63 62 62 62 62 63 63 63 64 64 63 64 64 63 63
    62 62 62 62 62 62 63 64 64 63 63 63 63 63 63 63 63 62 62 62 62 62 62
    63 63 63 63 64 64 63 63 62 62 62 63 63 62 63 64 64 63 63 63 63 63 63
    63 64 65 64 64 63 63 63 62 63 63 63 62 62 62 62 62 61 61 62 62 62 63
    62 61 61 59 58 58 59 59 58 59 60 59 60 59 59 59 59 59 58 58 58 57 57
    57 58 58 58 59 60 60 61 61 61 62 62 63 63 63 63 64 64 63 63 64 64 64
    64 64 64 64 64 64 63 63 64 62 62 62 62 62 62 63 62 62 63 63 65 65 65
    65 65 65 65 65 65 65 64 64 64 64 65 67 66 67 67 67 65 64 63 62 63 62
    62 61 61 62 62 62 62 62 62 62 63 63 63 62 61 61 61 61 60 61 62 63 64
    63 63 63 64 64 64 67 66 66 65 65 64 64 64 64 64 65 65 65 64 64 64 63
    63 62 62 62 62 62 62 62 62 62 63 63 63 63 63 63 63 63 62 62 62 62 62
    62 63 63 64 64 64 64 64 63 63 63 63 62 62 62 62 63 63 63 64 64 64 64
    64 63 63 62 63 62 62 62 62 63 63 64 63 63 63 63 63 63 63 63 62 62 63
    63 63 63 63 64 64 64 64 64 64 64 63 63 63 64 64 64 65 65 65 64 64 64
    63 64 64 64 64 65 64 64 64 63 63 63 63 63 63 63 62 61 62 61 61 61 62
    62 63 63 62 62 61 60 59 59 60 60 59 60 60 60 60 60 60 59 59 59 58 59
    58 58 58 57 58 58 58 59 60 60 61 61 61 62 62 63 63 63 64 64 64 63 63
    64 64 64 64 64 64 64 64 64 64 64 64 63 62 62 62 62 62 63 62 62 63 63
    65 65 65 65 65 65 65 65 65 64 64 64 64 64 65 66 66 66 66 66 64 63 63
    62 63 62 62 61 61 62 62 62 62 61 62 62 63 63 63 62 61 61 61 60 60 60
    61 62 63 62 62 62 63 63 62 67 66 66 65 65 64 64 64 64 64 65 65 65 64
    64 64 63 63 62 62 62 62 62 62 62 62 62 63 63 63 63 63 63 63 62 62 62
    61 62 62 62 63 63 64 64 64 64 64 63 63 63 63 62 62 62 62 63 63 63 64
    64 64 64 64 63 63 63 63 63 62 62 62 63 63 64 63 63 63 62 63 63 63 63
    62 62 62 62 62 63 63 64 64 64 64 64 64 64 63 63 63 64 64 64 65 65 65
    64 64 64 64 64 64 64 65 65 65 64 64 63 64 63 63 63 63 62 62 62 62 62
    61 61 62 62 63 63 62 62 62 60 59 60 61 60 60 60 61 60 61 60 60 60 60
    59 59 59 59 58 58 58 58 58 58 59 60 60 61 60 61 62 62 62 63 63 64 64
    64 64 63 64 64 64 65 64 65 64 65 65 64 64 64 63 63 63 62 63 62 63 63
    62 63 63 65 65 65 65 65 65 65 65 65 65 64 64 64 64 65 66 66 67 67 66
    65 64 63 63 63 62 62 62 61 62 62 62 62 61 62 62 62 62 62 61 61 60 60
    60 59 60 61 61 62 61 61 62 62 62 62 66 65 65 64 64 64 63 63 64 64 64
    64 64 64 64 63 63 62 62 61 62 62 62 62 62 61 62 62 62 62 63 63 63 63
    63 62 63 62 62 62 62 63 63 64 64 64 64 64 63 63 63 63 62 63 62 63 63
    63 63 64 64 64 64 64 63 63 62 63 62 62 62 62 63 63 64 62 62 63 63 63
    63 63 63 62 62 62 62 62 63 63 64 64 64 65 64 64 64 63 63 63 64 64 63
    64 64 65 64 64 64 63 64 64 63 64 65 64 63 63 63 63 62 62 62 62 62 62
    61 62 61 61 61 61 62 62 62 62 61 61 60 59 59 60 60 59 60 61 60 61 60
    60 60 60 60 59 60 59 59 59 59 59 59 59 60 61 61 61 61 61 62 62 63 63
    63 64 64 64 64 63 64 64 64 65 64 65 64 65 65 64 64 64 63 62 63 62 62
    62 62 62 62 62 62 64 64 64 64 65 64 64 64 65 64 64 64 63 64 65 66 65
    67 66 66 65 64 63 62 63 62 62 62 61 62 62 62 62 61 62 62 62 62 62 61
    61 61 60 60 60 60 61 62 63 61 61 62 62 62 62 66 65 66 65 64 64 63 64
    64 64 64 64 64 64 64 64 63 63 62 62 62 62 62 62 62 61 62 62 62 63 63
    63 63 63 62 62 62 61 62 62 62 63 63 64 64 64 64 64 63 63 64 64 63 63
    63 63 64 64 64 64 65 65 65 64 63 63 63 63 63 63 63 63 64 64 65 63 63
    64 64 64 64 64 64 63 63 63 63 64 64 64 65 66 65 66 65 65 65 64 64 64
    65 64 64 65 65 65 64 64 64 64 64 64 64 65 65 64 64 64 63 63 63 63 63
    63 62 62 61 62 62 61 61 61 61 62 62 61 61 61 60 59 59 60 60 60 60 61
    61 61 61 60 60 61 60 60 60 60 60 60 60 60 60 60 60 61 61 62 62 62 63
    63 63 63 63 64 65 64 64 64 64 64 64 64 64 65 64 64 64 64 64 64 63 62
    62 62 62 62 62 62 61 62 62 63 63 64 64 64 64 64 64 64 64 64 64 64 64
    64 65 65 66 66 66 65 64 63 62 63 62 62 62 61 62 62 62 62 61 62 62 62
    62 62 62 61 61 61 60 60 60 61 62 63 62 62 62 62 62 62 66 65 65 64 64
    63 63 63 63 63 63 63 64 64 63 63 63 63 62 61 62 62 62 62 62 61 62 62
    62 63 63 64 63 63 63 62 63 62 62 62 63 63 64 64 64 64 64 64 64 64 64
    64 63 64 63 63 64 64 64 64 65 65 65 64 64 64 63 63 63 63 64 63 64 64
    65 64 64 64 64 64 64 64 64 63 63 64 64 64 64 65 65 66 66 66 66 65 65
    64 64 64 65 65 64 64 65 65 64 64 64 64 64 64 63 64 65 64 63 63 63 63
    63 63 63 63 62 62 61 62 62 61 61 61 62 62 62 62 62 61 60 60 60 61 61
    60 61 61 61 61 61 61 60 61 61 60 60 60 60 60 60 60 60 60 60 61 61 62
    61 62 63 63 63 63 63 64 65 65 64 64 64 64 64 65 64 65 64 65 65 64 64
    64 63 63 63 62 62 62 63 62 62 62 62 64 63 64 64 64 64 64 64 65 64 64
    64 64 64 64 65 65 66 66 66 65 64 63 63 63 62 62 62 61 62 62 62 62 61
    62 62 62 62 62 62 61 61 61 60 60 61 62 62 63 62 62 63 63 63 62 66 66
    66 65 65 64 64 64 64 64 64 64 64 64 64 64 63 63 62 62 62 62 62 61 61
    61 61 62 62 62 62 63 63 63 63 62 62 61 62 62 62 63 63 64 64 64 64 64
    64 64 64 64 63 63 63 63 64 64 64 64 65 64 65 64 64 63 63 64 63 63 63
    63 64 64 65 63 63 64 63 64 64 64 63 63 63 63 63 63 64 64 65 66 65 65
    65 65 64 64 64 64 65 64 64 65 65 65 64 64 64 64 64 64 64 64 65 64 64
    63 63 63 63 63 63 63 62 62 62 63 62 62 62 62 62 62 62 62 62 62 60 60
    60 61 61 60 61 61 61 61 61 61 61 61 61 60 60 60 60 60 60 60 60 60 61
    61 61 62 62 62 63 63 63 64 64 64 64 65 64 64 64 64 64 64 64 64 64 64
    64 64 64 64 63 63 63 62 62 62 62 62 61 62 62 63 63 63 64 64 64 64 64
    65 64 64 64 64 64 64 65 65 66 67 66 65 64 64 63 63 63 63 63 62 63 62
    62 62 61 62 62 62 62 62 62 61 61 61 60 60 61 62 62 63 62 62 62 62 62
    62 66 66 66 65 65 64 64 64 63 63 64 64 64 64 63 63 62 62 61 61 61 61
    61 61 61 60 61 61 61 62 62 63 63 63 62 62 62 61 61 62 62 63 63 63 63
    63 63 63 63 63 64 63 63 63 62 63 63 63 63 63 64 63 64 64 63 63 62 63
    63 63 63 63 64 64 64 63 63 64 63 64 64 64 64 63 63 63 64 63 64 64 65
    66 65 65 65 65 64 64 64 64 65 65 64 65 65 65 65 65 65 64 64 64 64 65
    66 65 64 64 64 64 64 64 63 63 63 63 62 63 62 62 62 62 62 62 62 62 62
    62 61 60 60 61 61 61 61 61 61 61 61 61 61 61 61 60 61 61 61 61 60 61
    61 61 61 62 62 62 62 62 63 63 63 64 64 64 64 64 64 64 64 64 64 64 64
    64 64 64 64 64 64 64 63 63 63 62 63 62 63 62 62 62 63 64 64 64 65 65
    65 65 65 65 65 64 65 64 64 65 65 65 66 67 66 65 64 64 63 63 63 63 63
    62 63 63 63 62 61 62 62 62 62 62 62 61 61 61 60 60 61 62 61 62 61 62
    62 62 61 61 66 65 65 64 64 64 63 63 63 63 63 64 64 64 63 63 62 62 61
    61 61 61 61 61 61 60 61 61 61 62 62 63 62 63 62 62 62 61 61 61 62 62
    62 63 63 63 64 64 64 63 64 64 63 63 63 63 63 63 63 63 64 63 64 64 63
    63 62 63 63 63 64 63 64 64 64 63 64 64 63 64 64 63 64 63 64 64 64 63
    64 64 65 65 65 65 64 64 64 63 64 64 65 64 64 65 65 65 65 65 64 64 64
    64 64 65 66 65 64 64 64 64 64 64 63 63 63 62 62 63 62 62 61 61 61 62
    62 62 62 62 61 60 61 62 62 61 62 62 61 62 62 62 61 61 61 61 61 61 61
    61 60 60 60 61 61 61 61 61 61 62 62 62 63 63 63 64 64 64 63 63 63 63
    63 63 63 64 63 64 64 64 64 64 63 63 63 63 63 63 63 62 62 62 63 64 63
    64 65 65 65 65 65 65 65 64 65 64 64 64 65 65 66 66 66 65 64 64 64 64
    63 63 63 63 63 63 63 62 61 62 62 62 62 62 62 61 61 61 61 60 61 62 62
    62 62 62 62 62 62 62 66 65 65 65 64 64 63 63 63 63 64 64 64 64 64 64
    63 63 62 62 62 62 62 61 62 61 61 62 62 62 62 63 63 63 63 62 62 61 61
    61 62 62 62 63 63 64 64 64 64 64 64 64 64 64 64 64 64 64 64 64 65 64
    65 64 64 64 63 64 64 64 64 63 64 64 65 63 64 64 63 64 64 63 64 63 63
    63 63 63 64 64 64 65 64 64 64 63 63 63 63 63 64 63 63 64 64 64 64 64
    64 64 64 64 64 65 65 65 64 64 64 64 63 63 63 63 63 63 62 63 62 62 62
    61 61 62 62 62 62 62 61 60 61 62 62 61 62 62 62 62 62 62 61 61 61 61
    61 61 61 61 61 61 61 61 61 62 62 62 62 62 62 62 63 63 63 64 64 64 63
    63 63 63 63 63 63 63 63 64 64 64 64 64 63 63 64 63 63 63 64 63 62 63
    64 64 64 65 66 66 66 66 66 66 66 65 66 65 65 65 65 65 66 66 66 65 64
    64 64 63 63 63 63 62 62 62 62 61 61 61 61 61 61 61 61 61 61 61 60 60
    61 62 62 62 61 62 62 61 61 61 65 64 65 64 64 64 63 63 63 63 64 64 64
    64 63 64 63 63 63 62 62 62 63 62 62 62 62 63 63 63 63 64 64 64 64 63
    63 62 62 63 63 63 63 64 64 65 65 65 65 64 65 65 64 64 64 64 65 64 65
    65 65 65 65 65 64 64 64 64 64 64 64 64 64 64 65 64 64 64 64 64 64 63
    63 63 63 63 63 63 63 63 64 64 63 63 63 63 63 62 62 62 63 62 62 63 63
    64 63 63 63 63 63 64 64 65 65 65 64 64 64 64 63 63 63 63 63 63 62 63
    63 62 62 62 62 62 62 62 62 62 61 61 61 62 62 62 62 62 62 62 62 63 62
    62 62 62 62 62 62 62 62 62 62 62 62 63 63 63 62 63 63 63 64 64 64 65
    64 65 64 63 64 63 63 63 63 63 63 64 64 64 64 64 63 63 63 63 63 63 63
    62 62 62 63 64 64 64 65 65 65 65 65 66 65 65 65 64 64 64 64 64 65 65
    65 64 63 63 63 63 63 62 62 61 62 62 62 61 60 61 60 60 61 61 61 61 61
    61 61 61 61 62 62 63 62 62 63 62 62 62 65 65 65 64 64 64 64 63 63 63
    64 64 64 64 63 63 62 62 62 62 62 62 62 62 62 61 62 62 62 63 63 63 64
    64 64 63 63 61 62 62 63 63 63 64 64 64 64 64 64 64 65 64 64 64 64 64
    65 64 65 65 65 65 66 65 65 64 64 65 64 64 65 64 65 65 65 64 65 65 64
    65 64 64 64 63 63 63 63 63 63 63 64 64 63 63 63 62 62 62 62 62 62 61
    61 62 62 63 62 63 63 62 63 63 63 64 65 64 64 64 64 64 63 63 63 63 63
    63 63 63 63 63 62 63 63 63 63 63 63 63 62 62 62 63 62 62 63 63 63 63
    63 63 62 63 62 62 62 62 62 62 62 62 62 62 62 63 63 63 63 63 63 63 64
    64 64 65 64 64 64 64 64 63 63 63 63 63 63 64 64 64 64 64 63 63 63 63
    63 63 63 63 62 63 63 64 64 65 66 66 66 66 66 66 65 65 65 65 64 64 64
    64 65 65 65 64 63 64 63 63 63 63 62 61 62 62 62 61 61 61 61 61 61 62
    61 62 61 61 61 61 61 62 62 63 62 62 62 62 62 62 66 65 66 65 65 65 64
    64 64 64 64 65 65 65 64 64 63 63 63 62 62 63 63 62 63 62 62 63 63 63
    63 63 64 64 63 63 63 61 62 62 62 62 63 63 63 64 63 63 63 63 64 64 63
    63 64 64 64 64 65 65 65 65 65 65 64 64 64 64 64 64 64 64 64 64 65 64
    64 64 64 64 63 63 63 62 62 62 62 62 62 62 63 63 62 63 62 62 62 61 61
    61 62 61 61 62 62 63 63 63 63 63 63 63 63 64 64 64 64 64 64 64 64 64
    64 63 64 63 63 63 63 63 62 62 62 63 63 63 63 63 62 62 62 63 63 62 63
    63 63 63 63 63 63 63 62 62 62 62 62 62 62 62 62 62 62 63 63 63 62 63
    63 63 63 63 63 64 64 64 64 63 63 63 63 64 63 64 63 64 64 64 65 64 64
    64 64 64 64 63 64 63 63 63 64 65 65 65 66 66 66 66 66 66 65 65 65 65
    65 65 65 65 66 66 66 65 64 64 64 64 64 63 63 62 62 62 62 61 61 61 61
    61 61 62 61 61 61 61 61 61 61 62 62 63 62 62 63 63 62 63 66 65 66 65
    65 65 64 64 64 64 64 64 64 64 63 63 63 63 63 62 62 62 63 62 62 61 62
    62 62 62 62 63 63 63 62 62 62 61 61 62 62 62 62 63 63 63 63 63 63 63
    64 63 63 63 63 64 65 64 65 65 66 65 66 65 65 64 64 64 64 64 64 64 65
    64 65 64 64 64 64 64 63 63 63 62 62 62 62 62 62 62 63 63 62 62 62 61
    61 61 61 61 61 61 61 61 62 62 62 63 62 62 62 63 63 63 64 63 63 63 63
    63 64 64 64 64 64 63 63 64 64 63 63 63 63 63 63 63 63 63 62 62 62 63
    63 63 63 63 64 64 64 63 63 63 63 62 63 63 63 63 63 63 63 63 63 64 64
    64 64 64 64 64 64 64 64 65 64 64 64 64 64 64 63 64 63 64 63 64 64 64
    65 64 64 64 64 63 63 63 64 64 63 64 64 65 65 65 66 67 66 66 67 67 66
    66 66 65 65 65 65 65 66 66 66 65 64 64 63 63 63 63 62 61 62 62 62 61
    61 62 61 61 62 62 62 62 62 61 61 61 61 62 63 63 63 63 63 63 63 63 65
    65 65 65 65 65 64 64 64 64 64 64 64 64 63 63 63 62 62 62 62 62 63 62
    62 62 62 63 63 63 62 63 63 63 62 62 62 61 62 62 62 62 63 63 63 63 63
    63 63 63 63 63 63 63 63 64 64 64 65 65 66 65 66 65 65 64 64 64 64 64
    64 64 65 65 65 65 65 65 65 64 64 63 63 62 62 62 62 62 62 62 63 63 62
    62 62 61 61 61 61 60 61 61 60 61 61 62 62 62 62 62 62 62 62 63 63 63
    63 63 63 63 63 63 63 63 63 63 63 63 63 63 63 63 62 63 63 63 63 63 62
    62 63 63 63 63 64 64 64 64 64 64 64 64 63 63 63 63 63 63 63 63 63 63
    63 63 63 64 63 63 64 64 64 64 64 64 64 64 64 64 64 63 63 64 63 63 63
    64 64 64 65 64 63 64 64 63 63 63 63 63 63 63 64 64 64 64 65 65 65 65
    66 66 65 65 65 65 64 64 64 64 65 65 65 65 64 64 63 63 63 63 62 62 62
    62 62 62 61 62 62 62 62 63 62 63 63 62 63 63 63 64 64 65 64 64 65 65
    65 65 65 65 65 65 65 64 63 63 63 64 63 63 64 63 63 62 62 62 62 62 62
    62 63 62 62 61 62 62 62 62 62 63 63 63 62 62 62 61 62 62 62 62 63 63
    63 63 63 63 63 63 64 63 63 63 64 64 65 64 65 66 66 66 66 65 65 65 64
    65 64 64 64 64 65 65 65 65 65 65 65 64 64 63 63 62 62 62 62 62 62 62
    63 63 62 62 62 61 61 61 61 60 61 60 60 61 61 61 61 62 61 61 61 62 62
    63 63 62 62 63 63 63 63 63 63 63 63 63 63 63 64 63 63 63 63 63 64 63
    64 64 63 63 63 64 64 64 64 65 65 65 65 65 64 64 64 64 64 64 64 64 64
    64 64 64 64 64 64 64 64 64 64 64 64 64 64 64 64 64 64 64 64 63 63 64
    63 63 63 64 64 64 65 64 64 64 64 64 64 63 64 64 63 64 64 65 65 65 66
    66 65 66 66 66 65 65 65 65 65 65 64 65 65 65 65 65 64 64 63 63 63 63
    62 62 62 63 62 62 61 62 61 61 62 62 62 62 62 62 62 62 62 63 64 65 64
    64 64 64 64 64 65 65 65 65 65 65 64 64 64 64 64 64 64 64 63 63 62 62
    62 62 62 62 63 62 62 62 62 63 62 62 62 63 63 63 63 62 62 61 62 62 63
    63 63 64 64 64 64 63 64 64 64 64 64 64 64 64 65 65 65 66 66 66 66 65
    65 65 64 64 63 64 64 64 65 64 65 64 65 65 64 64 63 63 63 62 62 62 62
    62 62 62 62 62 62 62 61 61 61 60 60 60 61 60 60 60 60 61 61 61 61 60
    61 62 61 62 63 62 63 63 63 63 63 63 63 63 63 63 63 63 64 63 63 63 63
    64 64 63 64 64 63 63 63 64 64 64 64 64 65 65 65 64 64 64 63 63 64 63
    63 63 63 63 63 63 63 63 63 64 64 64 64 64 65 64 64 64 64 64 64 64 64
    64 64 64 63 64 64 64 64 64 65 64 63 64 64 64 63 63 63 63 63 63 64 64
    64 64 65 65 65 66 66 66 65 65 65 65 64 65 64 64 65 65 65 64 63 63 63
    63 63 62 62 61 62 62 62 62 61 62 61 61 62 62 62 62 62 62 62 63 63 64
    64 65 64 64 65 65 64 64 65 64 65 64 64 64 64 64 64 64 64 63 63 63 63
    62 62 62 62 62 62 62 63 62 62 61 62 62 62 62 62 62 62 63 62 62 62 61
    62 62 62 62 63 63 63 63 63 63 63 63 64 63 63 64 64 64 64 64 65 65 66
    65 66 65 65 64 64 64 64 64 64 64 64 64 65 65 65 65 64 64 64 63 63 62
    63 62 62 62 62 62 63 62 62 62 62 61 61 61 60 60 61 60 60 60 60 61 61
    61 61 61 61 62 62 63 63 62 63 63 63 63 63 63 63 63 63 63 63 63 64 63
    63 63 63 63 63 63 64 63 63 63 63 64 64 64 64 64 65 65 65 64 64 64 63
    63 63 63 63 63 63 63 63 63 63 64 64 64 64 64 64 64 65 64 64 65 64 64
    64 64 64 64 63 64 63 63 63 64 64 64 64 64 63 64 64 64 63 63 63 63 62
    63 64 64 64 65 65 65 65 66 66 66 65 65 66 65 64 65 64 64 65 65 65 64
    64 64 63 63 63 62 62 62 62 62 62 61 61 62 61 61 61 62 62 62 62 62 62
    62 62 63 64 64 63 64 64 64 64 64 65 64 65 64 65 65 64 64 64 64 64 63
    63 63 62 62 61 61 62 62 61 61 62 61 61 61 61 62 61 61 61 62 62 62 61
    61 61 60 61 61 61 61 62 62 62 62 62 62 63 63 63 63 63 63 63 64 64 64
    64 65 65 65 65 64 64 64 64 64 63 64 64 63 64 63 64 64 64 64 64 63 63
    62 62 62 62 61 61 61 62 61 62 62 62 62 61 61 61 61 61 61 61 61 60 61
    61 61 61 62 61 61 61 62 62 63 63 62 63 63 62 62 62 62 62 62 62 62 62
    63 63 63 63 63 63 63 63 63 63 63 62 63 63 63 64 64 64 64 64 64 64 64
    64 63 63 63 64 63 63 63 63 63 63 63 64 64 64 64 64 64 64 64 64 64 64
    65 64 64 65 64 64 64 64 64 63 63 63 64 64 64 64 64 63 64 64 64 63 63
    63 63 62 63 63 63 64 64 64 65 65 65 66 65 65 65 65 65 64 64 64 64 65
    64 64 64 64 64 64 64 64 63 63 62 62 63 63 62 62 62 61 61 62 62 62 62
    63 62 63 63 62 63 64 64 63 64 64 64 63 64 63 63 64 64 64 64 63 63 63
    63 63 62 63 63 62 61 61 61 61 62 61 61 62 61 62 61 61 62 61 61 61 62
    62 63 62 62 62 61 62 62 62 62 62 62 62 62 62 62 63 63 64 63 63 63 64
    64 64 64 64 65 65 65 65 64 64 64 63 64 64 64 64 64 64 63 64 64 64 64
    64 63 63 62 62 61 62 62 62 62 62 62 63 63 62 62 62 61 61 62 62 62 62
    61 61 61 61 62 62 62 62 61 62 62 62 63 63 62 62 62 62 62 62 62 62 62
    62 62 62 62 63 63 63 63 63 63 63 63 63 63 63 63 63 64 64 64 64 64 64
    64 64 64 64 63 63 63 64 63 63 63 63 63 63 63 63 63 63 64 63 63 63 64
    64 64 64 65 64 64 65 64 64 64 64 64 63 63 63 64 64 64 64 64 64 64 64
    64 64 63 64 63 62 63 63 63 64 64 64 64 64 65 66 66 65 65 65 65 64 65
    64 64 64 64 64 64 64 64 64 64 64 63 63 63 63 63 62 62 61 62 61 61 62
    62 62 62 63 62 63 63 63 64 64 64 64 64 65 65 64 64 64 64 65 64 64 65
    64 64 64 64 63 63 63 63 62 62 61 61 62 62 62 62 62 61 62 61 61 62 62
    62 61 63 62 63 62 62 62 61 62 62 62 62 62 62 62 62 62 62 63 63 64 63
    63 63 63 64 63 64 64 65 65 65 65 64 64 64 64 64 64 64 64 64 64 64 64
    64 64 64 64 64 63 63 63 62 63 62 62 62 62 62 63 63 62 62 62 61 62 62
    62 62 62 61 61 61 61 62 61 62 62 61 61 62 62 63 62 62 62 62 62 62 62
    62 62 62 63 62 62 62 63 63 63 63 63 63 63 63 63 63 63 63 63 64 64 64
    64 64 64 64 64 64 64 64 63 63 64 64 64 64 64 63 63 63 64 64 64 64 64
    63 63 64 64 64 64 64 64 64 65 64 64 63 63 63 63 63 63 64 64 64 64 64
    63 64 64 64 64 63 64 64 63 63 64 63 64 64 64 64 65 65 66 66 65 65 66
    65 64 65 64 64 64 64 65 65 64 64 64 64 64 63 63 63 63 63 63 62 62 62
    61 61 62 62 62 62 63 62 63 63 62 63 64 64 64 64 64 64 64 64 64 63 64
    64 64 64 63 63 63 63 63 63 63 63 62 62 61 62 62 62 62 62 63 62 62 62
    62 63 62 63 62 63 63 64 63 63 63 62 63 63 63 63 63 62 62 63 63 62 63
    63 64 64 64 64 64 64 64 64 64 65 65 64 65 64 64 64 63 64 64 64 64 64
    64 63 63 63 64 63 64 63 62 62 62 62 62 62 62 62 62 62 63 63 62 62 62
    62 62 62 62 62 63 62 61 61 61 62 62 62 62 62 62 62 62 63 63 62 63 63
    62 62 62 62 62 62 62 62 62 62 63 63 63 62 62 62 62 62 62 63 62 62 62
    63 63 64 64 63 64 64 64 64 63 63 63 63 64 64 64 64 64 64 64 64 64 64
    64 64 64 63 63 64 64 64 64 64 64 64 64 64 63 63 63 63 62 63 63 63 63
    63 64 64 63 64 64 64 63 63 63 63 62 62 63 63 63 63 64 64 64 64 65 65
    64 65 65 64 63 64 63 63 64 64 64 64 63 64 64 63 64 63 63 62 63 63 63
    61 61 61 61 61 62 62 62 62 63 62 62 62 62 63 63 63 63 63 64 64 63 64
    63 63 63 63 63 64 63 63 63 63 63 62 63 63 62 61 61 61 62 62 62 62 63
    62 63 62 62 63 62 62 62 63 63 64 63 63 63 62 63 63 63 63 63 62 62 63
    63 63 63 63 64 64 64 64 64 65 64 64 65 65 66 65 65 64 64 64 64 64 64
    64 64 63 63 63 63 63 64 63 63 63 62 62 61 61 62 61 61 61 61 61 62 62
    62 62 62 61 62 62 62 62 62 61 61 61 61 62 62 62 62 62 62 62 62 63 62
    62 62 62 62 61 62 61 61 61 62 61 61 62 62 62 62 62 61 61 61 61 62 62
    62 62 62 62 63 63 64 63 64 63 64 63 63 63 63 63 64 64 64 64 64 64 64
    64 64 64 64 64 64 63 64 64 64 64 63 64 64 64 64 64 63 63 63 63 63 63
    63 63 63 63 64 64 63 64 64 63 63 62 63 63 62 62 62 62 63 63 63 63 63
    64 65 65 64 65 65 64 63 64 63 63 64 64 64 64 64 64 64 64 64 63 63 63
    62 63 62 61 61 61 61 60 61 62 62 63 63 62 62 63 62 63 64 64 64 64 64
    64 64 64 63 63 63 63 64 64 63 64 63 63 63 63 63 63 62 62 62 62 63 63
    63 63 64 63 63 63 63 63 63 63 62 63 63 64 64 63 63 62 63 63 63 63 63
    63 63 63 63 63 64 64 65 64 64 65 65 65 65 65 65 66 66 66 66 65 65 65
    64 65 65 65 64 64 64 63 63 63 64 64 63 63 62 62 62 61 62 61 61 61 62
    62 62 63 62 62 62 62 62 62 63 63 63 62 62 62 62 63 62 63 63 62 62 63
    62 63 62 62 62 62 62 62 62 62 62 62 62 62 62 62 63 63 63 62 62 62 62
    62 63 63 63 63 63 64 64 65 65 64 65 64 64 64 64 64 64 64 64 64 65 65
    65 65 65 64 64 64 64 65 64 64 64 64 65 64 64 65 64 64 65 64 64 63 64
    64 63 64 63 64 64 64 64 64 63 64 64 64 63 63 63 62 62 62 62 62 62 63
    63 63 63 64 64 64 64 64 64 64 63 63 62 63 63 63 64 64 63 63 63 63 64
    63 62 62 62 62 62 61 61 61 60 60 61 61 61 62 62 62 62 63 62 63 63 64
    64 63 64 64 63 64 62 62 63 63 63 63 63 63 63 63 63 63 63 63 62 62 62
    62 63 64 63 63 64 63 64 63 63 63 63 63 63 63 63 64 64 63 63 62 63 63
    63 63 63 62 62 63 63 63 63 64 65 64 64 64 64 65 65 64 65 65 66 65 65
    64 65 65 64 65 65 65 65 64 64 64 63 63 64 64 64 63 62 62 62 61 62 62
    62 62 62 62 63 63 63 63 63 62 63 63 63 63 64 63 62 62 63 63 63 63 63
    63 62 63 62 63 62 62 62 62 62 62 62 62 62 62 62 61 62 62 63 63 62 62
    62 62 62 62 62 63 63 63 63 63 64 64 64 64 64 64 64 63 63 63 63 63 64
    64 65 65 65 64 65 64 64 64 64 64 64 63 64 64 64 64 64 65 64 64 65 64
    64 63 63 63 63 63 63 64 63 64 64 64 63 64 64 63 63 62 62 62 61 62 62
    62 62 63 63 63 63 63 64 64 63 64 64 64 63 63 62 63 63 63 64 64 63 64
    64 64 64 63 63 63 62 63 62 61 61 61 61 60 61 61 61 62 62 62 62 62 62
    63 63 63 63 63 64 63 63 63 64 64 65 65 65 65 65 65 64 65 65 64 64 65
    64 63 63 63 64 64 64 64 64 64 64 63 63 64 63 63 63 63 63 64 63 63 63
    62 63 63 63 63 63 62 62 62 63 62 63 63 64 64 64 64 64 65 64 64 64 65
    66 65 65 64 65 65 64 64 65 65 64 64 64 63 63 63 64 64 63 63 62 62 62
    62 62 62 62 62 63 63 63 64 63 63 63 62 63 63 63 63 64 63 63 63 63 63
    63 63 63 63 63 63 62 62 62 62 62 62 62 62 62 62 62 62 62 61 62 62 63
    63 63 62 62 62 62 62 62 63 63 63 63 63 64 64 64 64 64 64 64 64 64 64
    64 64 65 65 65 65 65 65 65 64 64 64 64 64 64 64 64 64 65 64 64 65 64
    64 65 64 64 63 63 63 63 64 64 64 64 64 65 64 64 64 64 64 63 63 63 63
    62 62 62 62 62 62 63 63 63 63 64 64 63 64 64 64 64 63 62 63 63 64 64
    64 64 64 64 64 65 64 63 63 63 63 63 62 62 62 61 61 62 62 62 63 63 63
    63 63 63 63 64 64 64 64 65 64 64 65 66 66 66 66 66 67 66 66 66 66 66
    65 65 65 64 64 63 64 64 64 64 64 65 64 64 63 63 63 63 63 62 62 62 63
    62 62 62 62 62 63 62 62 62 62 61 62 62 62 63 63 64 64 63 64 64 64 64
    64 64 65 66 65 65 64 65 65 64 64 65 65 65 64 64 64 63 63 64 64 64 63
    62 62 62 62 62 62 62 62 63 63 63 64 63 63 63 62 63 63 63 63 64 63 62
    62 62 63 62 63 63 62 62 63 62 62 62 62 62 62 62 62 62 62 61 61 62 61
    61 62 63 62 62 62 62 62 61 61 62 63 63 63 63 63 63 64 64 64 64 64 64
    64 64 64 64 64 64 65 65 65 65 65 65 65 65 64 65 65 65 64 64 64 65 64
    64 65 64 64 64 64 64 63 64 63 63 63 64 64 63 64 64 63 63 63 63 63 62
    62 62 62 61 62 61 61 61 62 62 62 62 63 63 63 63 64 64 63 63 63 62 62
    63 63 63 64 64 64 64 64 65 63 63 63 62 63 62 62 62 62 61 61 62 62 62
    63 63 63 63 64 63 64 64 64 64 64 65 64 64 65 64 64 64 65 65 65 65 65
    64 64 64 64 64 64 63 62 62 63 63 63 63 63 64 63 63 63 63 63 62 63 62
    62 62 63 63 62 62 62 62 63 62 63 63 62 62 63 63 62 63 64 64 64 64 64
    64 65 65 65 65 66 66 66 66 65 66 66 65 65 65 65 65 65 64 64 64 64 64
    64 64 63 62 62 62 61 62 61 61 62 62 62 63 63 63 62 62 62 62 63 63 63
    64 63 62 62 62 63 63 63 63 63 63 63 62 62 62 62 62 62 62 62 62 62 62
    61 62 61 61 61 62 62 62 62 62 61 61 61 62 63 63 63 62 63 63 63 63 63
    63 63 63 63 63 63 63 63 64 64 65 65 64 64 65 64 64 64 64 64 64 64 64
    64 65 64 64 65 64 64 64 64 64 63 63 63 63 63 64 64 63 63 64 63 63 63
    63 63 62 62 62 61 61 61 61 60 61 62 62 62 62 62 63 62 62 63 63 63 63
    62 61 62 63 63 63 63 64 64 64 64 64 63 63 63 62 63 62 62 62 62 61 61
    62 62 62 63 63 63 63 64 63 64 64 64 64 65 65 65 65 65 64 64 65 65 65
    65 65 65 64 64 65 64 64 64 63 62 62 62 63 63 63 63 63 63 63 62 63 63
    62 63 62 62 62 63 62 62 62 62 62 63 62 62 62 62 62 63 63 62 63 63 64
    64 64 64 64 65 65 65 65 66 66 66 67 66 66 67 66 66 66 66 66 65 65 64
    64 64 65 65 64 64 63 63 62 62 62 62 62 62 63 62 63 63 63 63 62 62 63
    63 63 64 64 63 63 63 63 64 63 64 63 63 63 63 63 62 62 62 62 62 62 62
    63 62 62 62 62 61 62 62 63 62 62 62 62 62 62 61 62 63 63 63 63 63 63
    63 63 63 63 62 62 62 62 62 62 62 63 63 64 64 63 63 64 64 63 63 63 63
    63 63 63 64 64 64 64 64 64 64 64 64 63 63 63 63 63 63 63 64 63 63 64
    63 63 63 63 63 62 62 62 62 61 61 61 61 62 62 62 62 62 63 63 63 62 63
    63 63 63 63 62 62 63 63 64 64 64 64 64 64 64 63 63 63 62 63 62 61 61
    62 61 61 61 62 62 63 63 63 63 63 63 64 64 64 64 65 65 65 64 65 64 64
    65 65 65 65 65 65 64 64 64 64 63 64 62 62 62 62 63 63 63 63 63 63 63
    62 63 63 62 62 62 62 62 63 63 63 63 62 62 63 62 62 62 61 61 62 62 62
    62 63 64 63 63 64 64 64 64 64 64 65 66 66 66 65 66 66 66 66 66 66 65
    65 65 65 64 65 65 65 64 64 63 62 62 62 62 62 61 62 63 62 62 62 62 62
    62 62 62 63 63 63 64 63 63 63 63 64 63 63 63 63 63 63 62 62 61 62 62
    62 62 62 62 62 62 61 62 61 61 61 62 62 62 62 62 62 62 62 62 63 63 63
    63 63 63 63 63 63 63 62 62 62 62 62 62 62 62 63 63 63 63 63 63 63 62
    62 62 63 63 62 62 63 63 63 63 63 63 63 63 63 62 62 63 63 63 63 63 64
    63 63 64 63 63 63 63 63 63 62 63 62 62 62 62 62 62 63 63 63 62 63 63
    63 62 63 63 63 63 63 62 63 63 63 63 64 64 64 65 64 64 63 63 63 63 63
    63 62 62 62 62 61 62 62 62 63 63 63 63 64 63 64 64 64 64 64 65 64 64
    64 65 64 65 65 65 65 65 65 65 64 65 64 64 64 63 62 62 63 63 63 63 63
    64 63 63 63 63 63 62 62 62 62 62 63 63 63 63 62 63 63 62 62 62 61 61
    62 62 62 62 63 64 63 63 64 64 64 64 64 65 65 65 66 66 65 66 66 66 66
    66 66 65 65 65 64 64 64 64 65 64 64 62 62 62 62 61 61 61 62 62 62 62
    62 62 61 61 61 62 62 62 63 63 63 62 63 63 63 63 63 62 62 62 63 62 61
    61 62 62 62 62 62 62 62 61 61 62 61 61 62 62 62 62 62 62 62 62 62 62
    63 63 63 63 63 63 63 63 63 62 62 62 61 62 62 61 62 62 63 63 63 63 63
    63 63 62 62 62 63 63 62 62 63 63 63 63 63 63 63 63 63 63 62 62 62 63
    63 63 63 63 63 63 63 63 63 63 63 63 62 63 62 62 62 62 62 63 63 63 63
    63 63 63 63 62 64 63 63 63 63 62 63 63 63 63 64 64 64 64 64 64 63 63
    63 63 63 63 62 62 63 62 61 62 62 62 63 63 63 63 64 63 64 64 64 64 64
    64 64 63 64 65 65 66 66 66 66 66 66 65 65 65 64 64 64 63 63 63 63 63
    64 63 63 64 64 64 63 63 63 62 63 62 62 62 63 63 63 63 62 63 63 63 62
    62 61 61 62 62 62 62 63 63 63 62 63 63 64 64 64 64 65 65 65 66 65 66
    66 66 66 66 66 65 65 64 64 64 64 64 65 64 63 62 62 62 62 62 62 61 62
    62 62 62 62 62 62 62 62 63 63 63 64 64 64 63 64 64 64 64 64 63 63 63
    63 62 61 62 62 62 62 62 61 62 61 61 61 61 60 60 61 61 61 61 61 61 61
    61 61 61 62 63 63 62 62 63 63 63 62 62 62 62 61 61 61 61 61 62 62 63
    63 63 62 63 62 62 62 62 62 62 62 62 63 63 62 63 63 63 63 63 63 63 62
    63 63 63 63 63 64 63 63 64 63 63 63 63 64 63 63 63 63 62 62 62 62 63
    63 63 63 63 63 63 63 63 63 63 63 63 63 63 63 63 63 63 64 64 64 64 64
    64 63 63 63 62 63 63 62 62 62 62 61 62 62 62 62 62 63 63 63 62 63 63
    63 63 64 64 64 63 64 65 65 66 66 66 66 66 66 65 65 65 64 64 64 63 63
    63 63 64 64 64 63 64 64 64 63 63 63 63 63 63 63 63 64 63 63 64 63 64
    64 63 63 63 62 62 63 63 63 63 63 64 64 63 64 64 65 65 65 65 66 66 66
    67 66 66 67 67 67 67 67 66 66 65 65 65 65 65 66 65 64 63 63 62 62 62
    62 61 62 62 62 62 62 62 62 62 62 62 63 63 63 64 63 63 63 64 64 63 63
    63 63 62 63 62 61 62 62 62 62 62 62 62 61 61 61 61 61 61 61 61 61 61
    61 61 61 61 61 61 62 62 62 62 62 62 62 62 62 62 61 61 61 61 61 61 61
    62 62 62 62 62 62 62 62 62 62 62 62 62 62 62 62 63 62 63 63 63 62 63
    63 63 62 63 63 63 63 64 64 63 63 63 63 63 63 63 63 63 62 63 62 62 62
    62 62 63 63 63 63 62 63 63 63 62 63 63 63 64 64 63 64 64 64 64 64 65
    65 65 65 65 64 63 63 63 64 63 63 62 63 63 62 62 62 62 62 62 63 63 63
    62 63 64 63 63 64 64 64 63 64 65 65 66 66 66 66 66 66 65 65 65 64 64
    64 63 62 62 63 64 64 63 63 64 64 64 64 63 63 63 63 63 63 63 64 64 64
    64 64 65 65 64 64 64 63 63 64 64 63 63 64 64 64 64 64 65 65 65 65 66
    67 67 67 67 66 66 67 67 67 67 67 66 65 65 65 65 65 65 66 65 64 63 63
    62 62 62 61 61 62 62 62 62 62 62 62 62 62 62 63 63 63 63 63 63 63 64
    64 63 63 63 63 63 63 62 61 61 62 62 62 62 62 62 62 62 61 62 61 61 61
    61 61 61 62 62 61 61 61 62 62 62 62 62 62 62 62 62 61 61 61 61 60 61
    61 61 61 61 62 62 62 62 62 62 62 62 61 62 62 63 62 62 63 64 63 63 64
    63 63 63 62 63 63 63 63 63 63 63 64 63 64 64 63 63 63 63 63 62 62 63
    62 61 62 62 62 63 63 63 63 62 63 63 63 63 63 63 63 64 64 63 63 63 63
    64 64 64 64 64 64 64 64 63 63 63 63 63 62 62 62 62 62 62 62 62 62 62
    62 63 63 62 63 63 63 63 63 63 63 62 63 64 65 65 65 65 65 65 65 64 64
    64 64 63 63 62 61 62 62 63 63 63 63 64 63 63 63 63 63 63 63 63 63 63
    64 64 64 65 64 65 66 65 65 64 63 63 64 64 63 63 64 64 64 63 64 64 65
    65 65 65 66 66 67 67 66 66 66 66 66 66 66 66 65 65 65 65 65 65 66 65
    64 63 63 62 62 62 61 61 61 62 62 62 62 62 62 62 62 63 63 63 63 64 63
    63 63 64 64 63 63 63 63 62 63 62 61 62 62 62 62 62 62 62 62 61 61 62
    61 61 61 61 61 61 62 62 61 62 61 62 62 62 62 62 61 61 61 61 61 61 61
    61 60 60 60 61 61 61 61 62 61 62 62 62 62 62 61 62 62 63 62 62 63 64
    63 63 64 63 63 64 63 63 63 63 63 63 63 64 64 63 64 64 63 63 63 63 63
    62 62 62 62 61 62 62 61 62 62 62 62 62 62 62 62 62 62 62 62 63 63 63
    63 63 63 63 63 64 63 63 64 64 63 63 63 63 63 63 62 62 63 62 62 62 62
    62 62 62 62 62 63 62 63 63 63 63 63 63 63 62 63 65 65 65 65 65 65 66
    65 65 65 65 64 63 63 62 62 62 63 63 63 63 63 64 63 63 63 63 63 63 63
    63 63 63 64 63 63 64 64 64 65 64 64 64 63 63 63 63 63 63 63 64 63 62
    63 63 64 64 64 64 66 66 66 67 66 66 66 66 66 67 67 66 65 65 66 65 65
    66 66 65 65 64 64 63 62 62 62 61 62 62 62 62 62 62 62 62 62 63 63 63
    63 64 64 64 64 64 64 63 64 63 63 63 63 62 62 62 63 63 63 63 63 63 63
    62 62 63 62 62 62 62 62 62 62 62 62 62 62 62 62 63 62 62 61 62 61 61
    61 61 61 61 60 60 60 60 60 61 61 61 61 61 61 61 61 61 60 61 61 62 61
    61 62 63 62 62 63 63 62 63 62 62 62 63 63 63 63 63 64 63 63 64 63 63
    63 63 63 62 62 62 62 61 62 62 61 62 63 62 62 61 62 62 62 61 62 62 62
    63 63 63 63 63 63 63 63 64 64 64 64 64 63 63 64 63 63 63 63 63 63 63
    62 63 62 62 62 62 62 63 63 62 63 63 63 63 63 63 62 62 62 64 64 65 65
    65 65 65 65 64 64 64 63 63 63 62 62 63 63 64 64 63 64 64 64 64 63 63
    63 63 63 63 63 63 64 64 64 64 64 65 65 64 64 64 63 63 64 64 63 63 63
    64 63 63 63 63 64 64 64 64 66 66 67 67 66 66 66 66 66 67 66 66 65 65
    66 66 65 66 66 65 65 64 63 63 63 62 62 61 62 62 62 62 62 62 62 62 62
    62 63 63 63 64 63 63 64 64 64 63 63 63 63 63 63 62 62 62 62 62 62 62
    62 63 63 62 62 63 62 62 62 62 62 62 62 62 62 61 61 61 62 62 62 62 61
    61 61 61 60 60 60 60 59 60 60 60 60 61 61 61 61 62 62 62 62 62 61 62
    62 62 62 63 63 64 63 63 63 64 63 64 63 63 63 64 64 64 64 64 64 63 63
    64 64 63 63 63 63 62 62 62 62 62 62 62 62 62 63 62 62 62 62 62 62 62
    62 62 62 63 63 63 63 63 63 63 63 63 64 63 63 63 63 63 63 63 63 63 62
    62 62 62 61 62 62 61 61 61 62 62 62 62 62 62 62 62 62 62 62 61 61 64
    64 64 64 64 64 65 64 64 64 64 63 63 63 62 62 62 63 63 63 63 63 64 64
    64 63 63 63 63 63 63 63 63 64 64 64 64 64 65 65 65 65 64 64 63 64 64
    64 63 64 64 64 63 64 64 64 64 64 64 65 66 66 66 65 66 66 65 65 66 66
    65 65 65 65 65 65 65 66 65 65 64 64 63 63 63 62 62 62 63 62 62 62 62
    62 62 62 63 63 63 63 64 64 63 64 64 64 63 63 63 63 63 63 63 62 63 63
    63 63 63 63 63 63 62 63 63 62 62 62 62 62 62 63 62 62 61 61 61 62 62
    62 61 61 61 61 61 60 60 60 60 59 60 60 60 60 61 61 62 61 62 61 62 61
    62 61 61 62 62 62 63 63 64 64 64 64 64 64 64 63 63 63 63 64 64 64 64
    64 63 63 64 64 63 63 63 63 62 62 62 62 61 62 62 61 62 62 62 62 61 62
    62 62 62 62 62 62 62 63 63 63 62 62 62 63 63 63 62 63 63 63 62 63 62
    62 63 62 62 62 62 61 62 61 61 61 61 62 62 62 62 62 63 62 62 62 62 62
    61 61 64 64 64 64 64 64 64 64 63 63 63 63 62 63 62 62 62 63 63 63 63
    63 64 64 64 63 63 64 63 63 64 64 64 65 65 65 65 65 65 66 65 65 64 64
    64 65 64 64 64 64 64 64 63 64 64 64 64 64 64 65 66 66 66 65 66 66 66
    66 66 66 65 65 65 66 65 65 66 66 66 65 64 64 63 63 63 63 62 62 63 62
    62 62 62 62 62 62 62 62 62 63 63 63 62 63 63 62 62 62 62 63 63 63 62
    62 62 62 63 63 63 62 63 62 62 62 63 62 62 62 62 62 62 63 62 61 61 61
    61 61 61 61 61 60 60 61 61 60 60 60 60 59 60 60 61 61 61 61 62 61 62
    61 62 61 62 61 61 62 62 62 63 63 63 63 63 64 64 63 64 63 63 63 63 63
    63 63 64 64 63 64 64 64 63 63 63 63 62 62 62 62 61 62 62 61 62 63 62
    62 61 61 61 62 61 62 61 62 62 62 62 62 62 62 62 62 63 63 62 62 63 62
    62 63 62 62 62 62 62 62 62 61 61 61 61 61 61 61 61 62 61 62 62 62 62
    62 62 61 61 61 63 63 64 63 63 63 64 63 63 63 63 63 62 63 62 62 62 63
    63 63 63 63 64 63 63 63 63 64 63 63 64 64 64 65 65 65 65 65 65 66 65
    65 64 64 64 65 64 64 64 64 65 64 63 64 64 64 64 64 64 65 65 66 66 65
    66 66 66 66 66 66 65 65 65 65 65 65 65 66 65 65 64 64 63 63 63 63 62
    62 62 62 62 62 62 62 62 62 62 62 62 62 63 62 62 63 63 62 62 63 63 63
    63 63 62 62 62 63 63 63 63 63 63 63 63 63 64 63 63 63 63 63 63 63 63
    62 62 61 61 61 61 61 61 61 60 61 61 60 60 60 60 59 59 60 60 61 61 62
    62 61 62 62 62 62 62 62 62 63 63 63 63 64 64 64 64 64 64 64 64 63 63
    63 63 63 64 63 64 64 63 64 64 64 63 63 63 63 62 62 62 62 62 62 62 62
    63 63 62 62 62 62 62 62 61 62 61 62 62 63 62 62 62 62 62 62 62 62 62
    62 62 62 62 62 62 61 62 61 61 62 61 61 61 61 60 61 61 61 61 61 61 61
    62 61 61 61 62 61 61 61 64 63 64 63 63 64 64 64 64 63 63 63 63 63 62
    63 63 63 64 64 64 64 64 64 64 63 64 64 64 64 64 64 64 64 65 64 65 65
    65 65 65 65 64 64 64 65 64 64 64 64 65 64 63 64 64 64 64 64 64 65 65
    66 66 65 66 66 66 66 66 66 65 65 65 66 65 65 65 66 65 65 64 64 63 63
    63 63 62 62 62 62 62 62 62 62 62 62 62 62 62 62 63 62 62 63 63 62 62
    63 63 63 63 64 63 63 63 64 64 64 64 64 64 64 64 64 64 64 64 64 63 63
    63 64 63 62 62 62 62 61 62 61 61 61 60 60 60 60 60 60 60 59 59 60 60
    60 61 61 62 61 62 62 62 62 62 62 62 63 63 63 64 64 64 64 64 64 65 64
    64 63 63 63 64 64 64 63 64 64 64 64 64 64 63 63 63 63 63 62 62 62 62
    62 62 62 62 63 62 62 62 62 62 62 61 62 61 61 62 62 62 62 61 61 62 62
    62 62 62 62 62 62 61 62 62 61 62 61 61 61 61 61 61 61 60 61 61 61 61
    61 61 61 62 61 61 61 62 61 61 61 63 62 63 62 62 62 63 63 62 62 62 63
    62 63 62 62 63 63 63 64 64 63 64 63 63 63 63 63 63 63 63 63 63 64 64
    64 65 65 65 65 65 64 64 64 63 64 64 64 63 64 65 64 63 64 63 64 64 64
    64 65 65 65 65 65 65 66 66 66 66 66 65 65 65 66 65 65 66 66 66 65 64
    64 63 63 63 62 62 62 63 62 62 62 62 62 62 62 63 63 63 63 63 63 63 63
    64 63 63 64 64 64 64 65 64 64 64 64 65 65 64 64 64 64 64 64 64 64 64
    63 63 63 63 63 63 62 61 61 61 61 61 61 61 60 60 60 60 60 60 60 60 59
    59 60 60 61 61 61 62 61 62 62 62 62 62 62 62 62 63 63 63 64 64 64 64
    64 64 64 64 63 63 63 63 63 63 63 64 64 63 64 64 64 63 63 63 63 63 63
    63 62 62 63 63 63 63 63 63 62 62 62 62 62 61 62 61 61 62 62 62 61 61
    61 62 62 62 62 62 62 62 62 61 62 62 61 62 61 61 61 61 61 61 61 60 61
    61 61 61 61 60 61 61 61 61 61 61 61 61 61 62 62 63 62 62 62 63 62 62
    62 62 62 62 62 62 62 62 63 63 63 64 63 64 63 63 63 63 63 63 63 64 64
    64 65 65 65 65 65 65 66 65 65 64 64 64 65 65 64 64 65 65 65 64 64 64
    64 64 64 65 65 65 66 66 65 65 66 66 66 66 66 65 65 65 66 65 65 65 66
    65 65 64 64 63 63 63 62 62 62 62 62 62 62 61 61 61 61 62 62 62 63 62
    63 63 64 64 64 63 64 64 64 64 64 63 63 63 64 64 64 64 64 64 64 64 64
    64 64 64 63 63 63 63 63 63 62 62 62 62 62 62 62 61 61 60 60 61 60 60
    60 60 59 59 60 61 61 61 61 62 61 63 62 62 62 62 62 62 62 63 63 63 64
    64 64 64 64 64 64 64 63 63 63 63 63 63 63 63 63 63 64 64 64 63 63 63
    63 63 63 63 62 62 63 63 62 63 63 62 62 62 62 62 62 61 62 61 61 62 62
    61 61 61 61 61 62 62 62 62 62 62 62 61 62 61 61 62 61 61 61 61 61 61
    61 60 61 61 61 61 61 60 61 61 60 60 60 61 60 60 60 64 64 64 64 63 63
    64 63 63 63 63 63 63 63 63 63 63 64 64 64 64 64 64 64 63 63 63 63 63
    63 64 64 64 65 65 65 65 65 65 66 65 65 65 65 64 65 65 64 64 65 66 65
    64 64 64 65 65 65 65 66 66 66 66 66 66 67 66 67 67 66 66 66 66 66 65
    66 66 67 66 66 64 64 64 64 63 63 62 62 62 62 62 62 62 61 62 61 62 62
    62 62 62 62 62 63 63 63 63 63 63 64 64 64 63 63 63 64 64 64 64 64 64
    64 64 64 64 64 64 63 63 63 63 63 63 62 62 61 62 62 62 61 61 61 60 60
    60 60 60 60 60 59 59 60 61 61 61 61 62 61 62 62 62 61 62 62 62 62 63
    63 64 64 64 64 64 64 64 63 63 62 62 63 63 63 63 62 63 63 62 63 63 63
    62 63 63 63 62 62 62 62 62 63 63 63 63 63 63 63 63 62 62 62 62 62 61
    62 62 62 62 61 61 61 62 62 62 62 61 62 62 61 61 61 61 61 61 61 60 61
    61 61 61 60 60 60 60 60 60 60 59 60 60 60 60 60 60 59 59 59 65 64 64
    64 64 64 64 64 63 63 64 64 64 64 63 63 64 64 64 64 64 64 64 63 63 63
    63 63 63 63 63 63 64 64 64 64 64 64 65 65 65 65 64 64 64 65 65 65 64
    65 65 64 64 64 64 64 64 64 65 65 66 66 66 65 66 66 66 66 66 66 65 65
    66 66 65 65 66 67 66 66 64 64 64 64 63 63 62 62 63 62 62 62 62 62 62
    62 62 62 62 62 62 62 62 63 63 63 62 63 63 63 63 63 63 63 63 64 64 64
    64 64 64 64 64 64 64 64 63 63 63 63 62 63 62 61 61 61 62 62 62 61 61
    60 60 59 60 60 59 59 59 59 59 60 60 60 60 61 61 61 62 62 62 62 62 62
    62 62 63 63 64 64 64 64 64 64 64 64 63 62 63 63 63 63 63 63 63 63 63
    64 64 64 63 63 63 63 63 63 63 62 63 63 64 63 64 64 63 63 62 62 62 62
    61 62 61 62 62 62 62 61 61 61 61 61 62 62 61 61 61 61 61 61 61 61 62
    62 61 62 62 61 61 61 60 61 61 61 61 61 60 61 61 60 60 60 60 60 60 60
    64 64 64 63 63 63 64 63 63 63 63 63 63 64 63 63 63 64 64 64 64 63 64
    63 63 62 63 63 63 63 63 63 63 64 64 63 64 64 64 65 65 65 64 64 64 65
    65 64 64 65 65 65 64 64 65 65 65 65 65 66 66 66 66 66 66 67 67 67 67
    67 66 66 66 67 66 66 66 67 66 66 65 65 64 64 63 63 62 63 63 62 62 62
    62 62 62 61 62 62 62 62 62 62 62 63 63 63 62 63 63 63 63 63 63 62 63
    63 64 64 64 63 64 64 63 64 64 64 63 63 62 62 62 63 62 61 62 61 61 62
    61 61 61 60 60 60 60 60 60 60 60 59 59 60 61 61 61 61 61 62 62 62 62
    62 62 62 62 62 63 63 64 64 64 64 64 64 64 64 63 62 63 63 63 63 63 63
    63 63 63 64 63 63 63 63 63 63 63 63 62 62 62 63 63 63 63 64 63 63 62
    62 61 61 61 61 61 61 62 62 61 61 61 61 61 61 61 61 61 61 61 61 60 61
    61 61 62 62 61 62 62 61 61 61 61 61 61 61 61 61 61 61 61 61 61 61 61
    61 61 60 65 64 65 64 64 63 64 63 63 63 63 63 63 63 63 63 63 64 64 64
    64 63 63 63 62 62 63 62 62 62 63 63 63 64 64 64 64 64 64 65 65 65 64
    64 64 65 65 64 64 65 65 65 64 65 64 64 65 65 65 65 66 66 66 66 66 67
    67 67 67 67 66 66 67 67 67 66 67 68 67 67 66 66 65 65 64 64 63 63 63
    63 62 62 62 62 62 62 62 62 62 62 62 62 62 63 63 63 62 63 63 63 63 63
    63 63 63 63 64 64 64 64 64 64 63 64 64 64 63 63 62 62 62 63 62 62 62
    62 62 62 62 62 62 61 60 60 61 61 60 61 61 60 60 61 61 61 61 62 62 62
    63 62 63 62 63 63 63 63 64 64 64 64 65 65 65 65 65 65 64 63 64 64 64
    64 64 64 64 64 64 64 64 64 64 63 63 64 63 64 63 63 63 64 64 64 64 64
    64 63 63 63 62 62 62 62 62 62 63 63 62 62 62 61 62 62 62 62 62 62 62
    61 61 61 61 61 62 62 62 62 62 62 62 61 61 61 62 62 62 62 62 62 62 62
    62 62 62 62 62 61 65 64 64 64 64 63 63 63 63 63 63 63 62 63 62 62 63
    63 63 63 63 62 63 62 62 61 62 62 62 62 63 63 63 63 63 63 64 64 64 64
    64 64 63 64 64 64 64 64 64 65 65 64 64 64 64 64 64 64 65 65 65 66 66
    66 66 67 67 67 67 67 66 66 67 67 67 66 67 68 67 67 66 66 65 65 64 64
    64 64 64 63 63 63 62 62 62 62 63 62 62 62 62 62 62 63 63 63 62 63 63
    63 63 63 63 62 63 63 64 64 64 64 64 63 63 63 64 64 63 63 62 62 62 63
    63 62 63 62 62 63 62 62 62 61 61 60 61 61 61 61 61 60 60 61 61 61 61
    62 61 61 62 61 62 61 62 62 62 62 63 63 63 64 64 64 64 64 64 64 63 62
    62 63 63 63 63 63 64 64 63 64 64 64 63 63 63 63 63 63 63 62 63 63 64
    64 64 64 64 64 63 63 62 62 62 63 62 62 63 63 62 62 61 61 61 62 62 62
    62 62 62 61 61 62 62 62 62 62 62 63 62 62 62 62 61 61 62 62 62 62 61
    61 62 61 61 62 62 61 61 61 65 65 65 64 64 64 64 64 63 63 63 63 63 63
    62 62 62 63 63 63 63 62 62 62 61 61 61 61 61 61 62 62 62 63 63 63 63
    63 63 64 64 64 63 63 63 64 64 63 63 64 64 63 63 64 63 64 64 64 64 64
    64 65 65 65 65 66 66 67 67 66 66 66 66 67 66 66 67 67 67 67 65 65 65
    65 64 65 64 64 64 63 63 63 62 62 62 62 63 63 62 63 62 63 62 63 63 63
    63 63 63 63 63 63 63 62 63 63 64 64 64 63 63 63 62 63 63 63 62 62 61
    62 62 62 62 62 62 62 62 62 62 61 61 61 60 60 61 61 60 60 60 60 59 60
    61 61 61 61 61 61 61 61 61 61 61 61 61 61 62 63 63 63 64 64 64 63 64
    64 63 62 62 63 63 63 63 63 64 63 63 64 63 63 63 63 63 63 63 63 63 63
    63 64 64 64 64 65 64 64 63 63 62 62 62 63 62 63 63 63 63 62 62 62 62
    62 62 62 61 61 61 61 61 61 61 62 62 62 62 63 63 63 62 62 62 62 62 62
    62 62 62 62 62 62 62 62 63 62 62 62 65 65 65 64 64 64 64 64 63 63 63
    63 63 63 62 62 62 63 63 63 62 62 62 61 61 61 61 61 61 62 62 62 62 63
    63 63 63 63 63 64 64 64 63 63 64 64 64 64 63 64 64 64 63 64 64 64 64
    64 64 64 65 65 65 66 66 66 67 67 67 66 66 66 66 67 66 66 67 68 67 67
    66 66 65 65 65 65 64 64 63 63 62 62 62 62 62 62 62 63 62 62 62 63 62
    63 63 63 63 63 63 63 63 63 63 63 63 64 64 64 64 64 63 63 63 63 63 64
    63 63 62 62 62 63 63 63 63 63 63 63 63 63 62 62 61 61 62 61 61 61 61
    60 60 61 61 62 61 61 61 61 61 61 61 61 61 61 61 62 62 63 63 63 64 64
    64 63 64 64 63 62 62 63 63 63 63 63 64 63 63 64 63 63 63 63 63 63 63
    64 64 63 64 64 65 65 65 65 64 64 64 64 63 63 63 63 62 63 63 63 63 63
    62 62 62 62 62 62 61 61 61 61 61 61 62 62 62 62 62 62 62 62 62 62 62
    62 62 63 62 63 62 62 63 62 62 63 63 62 63 62 64 64 64 63 63 62 62 62
    62 62 62 62 62 62 62 62 62 63 63 63 62 62 62 61 61 61 62 61 62 62 62
    62 63 63 63 63 63 63 64 64 64 64 63 63 64 64 64 64 64 64 65 64 64 64
    64 64 64 64 64 64 65 65 65 66 66 66 67 67 67 66 66 66 66 67 66 66 67
    67 67 67 66 65 65 65 64 64 64 64 63 63 62 62 62 62 62 62 62 63 63 63
    62 63 63 64 63 64 63 64 63 63 63 63 63 63 63 64 64 64 64 63 63 63 63
    63 64 64 63 63 62 62 62 63 63 63 63 63 63 63 63 63 62 62 61 61 62 61
    62 61 61 60 60 61 61 62 61 61 61 61 61 61 62 61 61 62 62 62 63 63 63
    64 64 64 64 63 64 63 63 62 62 63 63 63 63 63 63 63 63 63 63 63 63 63
    63 63 63 63 63 63 63 64 65 65 65 65 65 64 64 64 63 63 63 64 63 63 64
    64 63 63 62 62 62 62 62 62 61 61 61 61 61 61 62 62 62 62 62 62 62 62
    62 62 62 62 62 62 62 62 62 62 62 62 62 62 62 61 61 61 62 63 63 62 62
    61 61 62 61 62 62 62 62 62 62 62 62 62 62 63 63 62 62 61 61 62 62 62
    62 62 63 63 63 63 64 63 64 64 64 64 64 64 64 64 64 65 65 64 64 65 65
    64 64 64 64 64 64 64 65 64 65 65 65 66 66 66 67 67 67 66 66 65 66 66
    66 66 67 67 67 67 66 65 64 64 64 64 63 63 63 63 62 62 62 62 62 62 62
    63 62 62 62 62 62 63 63 63 63 64 63 63 63 63 63 63 63 64 64 64 64 64
    64 64 64 64 64 65 64 64 63 63 63 64 64 63 64 64 64 63 63 63 63 62 61
    61 62 62 62 62 62 61 60 61 61 62 61 61 61 61 61 61 61 61 61 62 62 62
    62 63 63 63 64 63 64 63 64 63 63 62 62 63 63 63 63 64 64 64 64 65 64
    64 64 64 64 65 64 65 65 64 65 65 66 66 66 66 66 65 65 64 64 64 64 64
    63 64 64 64 63 63 62 62 62 62 62 62 61 62 62 62 62 62 62 62 63 63 62
    63 63 63 63 63 62 63 63 63 63 63 63 63 63 63 63 63 63 62 63 63 64 64
    64 63 63 63 62 62 62 63 63 63 63 63 62 62 62 63 63 63 63 62 62 61 61
    62 62 61 62 62 63 63 63 63 63 63 64 64 64 64 65 64 64 64 64 64 64 64
    64 64 64 64 63 63 63 63 62 63 63 63 64 64 64 65 65 65 65 66 66 66 65
    65 65 66 65 65 66 67 66 66 65 65 65 65 64 64 63 64 63 63 62 62 62 62
    62 62 62 63 63 63 62 62 62 64 63 63 63 63 63 63 63 63 63 63 63 63 63
    64 63 63 63 63 63 64 64 64 64 64 63 63 63 64 63 63 64 64 64 63 63 63
    63 62 61 61 62 62 62 62 62 61 61 61 62 62 61 61 61 61 61 61 61 61 62
    62 62 62 63 63 63 64 64 63 64 63 64 63 63 62 62 63 63 63 63 64 64 64
    64 64 64 64 64 64 64 65 64 65 65 65 65 66 67 67 66 67 66 66 65 65 65
    64 64 65 64 64 64 64 64 63 63 63 62 62 63 62 62 62 62 62 62 62 63 63
    64 63 63 63 63 63 63 63 63 63 63 64 63 63 63 63 63 63 63 63 63 63 63
    62 64 64 64 64 63 63 63 63 63 63 63 63 63 63 63 63 63 64 64 64 64 63
    63 62 62 63 63 62 63 63 63 64 64 64 64 64 64 64 64 65 65 65 64 64 64
    64 65 64 64 65 64 64 63 63 63 62 62 62 63 63 63 64 63 64 64 64 65 65
    65 65 65 64 65 65 65 65 65 66 66 66 65 65 65 64 64 64 63 63 63 62 62
    62 62 62 62 62 62 62 62 62 62 62 62 63 62 63 62 63 62 63 63 63 63 63
    63 63 63 63 63 63 63 63 63 63 63 64 63 63 62 63 64 64 64 63 64 64 64
    63 63 63 63 62 62 62 62 62 63 63 63 62 61 62 62 62 62 62 61 61 61 61
    62 61 62 62 62 63 63 63 63 63 63 63 63 62 63 63 62 62 62 63 63 63 63
    63 63 63 63 64 63 64 63 64 64 64 64 65 65 65 65 66 67 67 66 67 66 66
    66 65 65 65 65 65 64 65 65 65 64 64 63 63 63 63 63 62 62 62 63 63 62
    63 63 63 64 64 64 64 64 64 64 64 63 63 64 64 64 64 63 63 63 63 63 63
    63 63 63 63 65 65 65 64 64 64 64 64 63 64 64 64 64 64 64 64 64 64 64
    65 64 64 64 63 63 63 63 63 63 63 64 64 64 64 64 64 64 64 64 65 65 65
    64 64 64 64 65 64 64 64 64 63 63 63 63 62 62 62 62 62 63 63 63 64 64
    64 64 65 65 64 64 64 64 65 64 64 65 65 65 65 64 64 64 64 63 63 63 63
    62 62 62 62 61 61 62 62 61 62 62 62 61 62 62 63 62 62 62 62 62 62 63
    62 63 63 63 63 64 63 63 63 63 63 63 64 64 64 64 64 63 64 64 64 64 64
    64 64 64 63 63 63 62 62 62 62 62 62 63 63 63 62 62 62 62 63 62 62 61
    61 62 62 62 61 62 62 63 63 63 63 64 64 64 64 64 63 64 63 63 63 63 64
    63 64 63 64 64 63 64 64 64 64 64 64 64 64 64 65 65 65 65 66 66 66 66
    66 65 65 65 65 65 64 64 65 64 65 65 65 64 64 63 63 63 63 63 63 62 63
    63 63 63 63 63 63 64 64 64 64 64 64 64 64 64 64 64 64 64 63 63 63 64
    63 63 63 63 63 64 64 64 64 64 63 63 63 63 63 63 64 64 64 64 64 64 63
    63 64 64 64 64 64 64 63 63 63 63 63 63 63 64 64 64 64 64 64 64 64 64
    64 65 65 64 64 64 64 64 64 64 64 64 63 63 63 63 62 62 62 63 63 63 63
    63 64 64 64 64 65 65 64 64 64 64 65 64 64 65 65 65 65 64 64 64 64 63
    63 63 63 62 62 62 62 62 62 63 62 62 63 62 62 62 63 63 64 62 63 63 63
    63 63 64 63 64 64 64 64 64 64 64 64 64 64 63 64 64 65 64 64 63 64 64
    64 64 64 64 63 64 63 63 62 62 62 61 61 62 62 62 62 62 62 61 62 62 63
    61 61 61 61 61 62 62 61 62 62 62 63 63 63 63 63 64 63 63 63 63 63 63
    62 62 64 63 64 64 64 64 63 64 64 64 64 64 64 64 64 64 65 65 65 65 66
    66 66 66 66 65 65 65 65 65 64 64 65 64 65 65 65 64 64 64 64 63 63 63
    63 62 63 63 63 63 63 63 63 64 64 64 65 65 64 64 64 64 64 64 64 64 63
    63 63 63 63 63 63 64 64 64 64 63 63 63 63 62 62 63 63 63 63 63 63 63
    64 64 63 63 64 64 65 65 64 64 63 63 63 64 63 63 64 64 64 64 64 64 64
    64 64 64 64 65 64 63 64 64 64 64 63 64 64 64 63 63 63 62 62 62 62 63
    63 63 64 63 64 64 65 65 66 65 65 64 64 65 65 65 65 65 65 65 66 65 65
    64 64 63 63 63 63 62 62 62 62 62 62 62 62 62 62 62 62 62 62 62 63 62
    63 62 63 63 63 64 63 64 64 64 64 64 64 64 64 64 64 63 64 64 65 64 64
    63 64 65 65 64 64 64 64 64 63 63 63 62 62 62 62 63 62 63 63 63 62 61
    62 62 63 62 62 61 61 61 62 62 61 62 63 62 63 63 63 63 63 63 63 63 63
    64 63 63 63 62 63 63 63 63 63 63 63 63 63 63 63 63 63 64 63 63 64 64
    64 65 65 66 65 65 65 65 65 65 65 65 64 64 65 64 64 65 65 64 63 63 63
    63 62 62 62 62 62 63 62 62 62 63 63 64 63 64 64 64 64 64 64 64 64 64
    64 64 64 64 64 64 63 63 63 64 64 64 64 62 62 62 62 62 62 62 62 62 62
    63 63 63 63 63 63 63 64 64 64 64 64 64 63 63 63 63 63 63 63 63 63 64
    64 64 63 63 64 63 63 64 64 63 63 63 63 63 63 63 63 63 62 62 62 62 62
    61 62 62 62 62 63 62 63 64 64 64 65 65 64 64 64 64 64 64 64 64 65 65
    65 64 64 64 64 63 63 62 63 62 62 62 62 62 62 63 62 63 63 63 63 62 63
    62 63 62 63 62 63 63 63 64 63 63 63 63 63 64 63 63 63 63 63 63 63 63
    64 63 63 63 64 64 64 64 64 64 63 64 63 63 62 62 62 61 61 62 62 62 63
    62 62 61 62 62 63 62 62 61 61 61 62 62 61 62 62 62 63 63 63 64 63 64
    64 64 63 64 64 63 63 62 64 63 63 63 63 63 63 63 64 63 63 63 64 64 64
    64 64 64 65 65 66 66 66 66 66 65 65 65 65 65 64 64 64 63 64 64 64 63
    63 62 62 62 62 62 61 61 62 62 62 61 62 62 62 63 63 63 64 64 64 64 64
    64 64 64 64 64 64 64 63 64 63 63 63 64 64 65 65 63 63 63 63 62 62 62
    62 62 63 63 63 63 63 63 63 63 64 64 64 64 64 64 63 63 63 63 63 62 63
    63 63 64 64 64 63 63 63 63 63 63 63 62 63 63 63 63 62 63 63 63 62 62
    62 62 61 61 61 62 62 62 62 62 63 64 65 65 65 65 64 64 64 64 64 64 64
    64 65 65 66 65 65 65 64 64 63 63 63 63 63 62 62 62 63 63 63 63 64 63
    64 63 63 63 64 63 63 63 63 63 63 64 64 64 63 64 63 64 64 63 63 63 63
    63 63 63 64 63 63 63 64 64 64 64 64 64 63 63 63 62 62 62 62 61 61 62
    62 62 62 62 61 61 62 62 63 62 62 61 61 61 61 62 61 62 63 62 63 63 63
    63 63 63 63 63 62 64 63 63 63 62 63 63 64 63 63 63 63 63 63 63 63 63
    64 64 64 64 65 65 65 66 65 66 66 66 65 65 65 65 64 64 64 63 64 63 64
    64 64 63 63 63 63 63 62 62 62 62 62 63 62 62 62 62 63 64 64 64 65 65
    65 65 64 64 65 65 65 64 64 64 63 64 64 63 63 64 65 65 65 63 63 63 63
    63 63 63 63 63 63 64 64 64 64 64 64 64 64 64 64 64 64 64 63 62 63 63
    63 62 62 63 63 63 63 63 62 62 62 62 62 62 62 62 62 62 62 63 62 63 63
    63 62 62 62 62 62 61 62 62 62 62 62 62 63 64 65 65 66 65 65 64 64 64
    64 64 64 64 65 64 65 64 64 64 64 64 64 63 63 63 63 62 62 62 63 63 63
    63 64 64 64 63 63 63 64 63 64 63 63 63 64 64 64 64 64 64 63 64 63 63
    63 63 63 63 63 63 64 63 64 63 64 64 64 64 64 64 63 63 63 63 62 62 62
    62 62 62 62 63 63 63 62 62 62 62 63 62 62 62 61 61 62 62 61 62 62 62
    63 62 63 63 62 62 62 63 62 63 62 62 62 62 63 63 63 63 63 63 63 63 63
    63 63 63 63 64 64 64 64 65 65 66 66 66 66 66 66 65 65 65 65 65 64 64
    65 64 65 65 65 64 64 64 64 64 63 63 62 62 63 63 62 62 62 62 63 64 64
    65 65 65 65 65 64 64 64 64 65 64 64 64 63 64 64 64 64 65 65 66 66 63
    63 63 63 63 62 63 63 63 63 64 64 64 64 64 64 63 64 64 64 64 63 63 62
    62 63 63 63 62 63 63 63 63 63 63 62 63 63 63 62 63 63 62 63 62 62 63
    62 62 63 63 62 63 62 62 62 61 62 62 62 62 62 62 63 64 64 64 65 64 64
    64 63 63 64 63 63 64 64 64 64 64 64 64 64 63 63 63 63 63 63 62 62 62
    63 63 63 63 63 63 64 63 63 63 64 63 63 63 63 63 63 63 63 63 62 63 62
    63 62 62 62 62 62 62 62 62 63 62 62 62 63 63 63 63 63 62 62 62 62 62
    61 62 61 61 61 62 62 63 63 63 62 62 63 63 63 62 62 62 62 62 62 62 62
    62 63 63 63 63 63 63 63 63 63 63 62 63 62 62 62 62 63 63 63 63 63 63
    63 63 63 63 63 63 63 63 64 64 64 65 65 66 66 66 66 66 66 65 66 65 65
    65 65 65 66 65 66 66 66 65 65 64 64 64 64 63 63 63 63 63 62 62 62 63
    63 64 64 65 65 65 65 64 64 64 64 64 64 64 64 64 63 64 64 63 63 64 65
    66 66 64 64 64 64 63 63 63 63 64 64 64 64 64 64 64 64 64 64 64 64 64
    64 64 63 62 63 63 63 62 63 63 63 63 63 63 63 63 63 63 63 63 63 63 63
    63 63 63 62 63 63 63 63 63 63 62 62 62 62 63 62 62 63 62 63 64 64 65
    65 65 64 64 63 64 64 63 63 63 64 64 64 64 64 64 63 63 63 63 63 63 63
    62 63 62 63 63 64 64 64 64 64 64 63 63 64 63 63 63 63 63 64 64 63 63
    63 63 63 63 63 62 62 62 62 62 62 62 63 62 62 62 63 63 63 63 63 62 62
    62 62 62 62 62 62 61 62 62 62 63 63 63 63 62 63 63 63 62 62 62 62 62
    62 62 61 62 62 62 62 62 62 62 62 62 62 62 61 62 62 62 62 62 63 62 63
    63 63 63 63 63 64 63 63 63 64 64 64 64 65 65 65 66 66 66 66 67 66 65
    66 65 65 65 64 65 65 64 65 66 66 64 65 64 64 64 64 63 62 63 63 63 62
    62 62 63 64 64 65 66 66 65 65 65 64 64 64 64 64 64 64 64 63 64 64 63
    63 64 65 65 65 64 64 64 64 63 63 63 63 64 64 64 64 64 64 64 64 63 64
    64 64 64 63 63 62 62 63 63 63 62 63 63 63 63 63 63 63 63 63 63 63 63
    63 63 63 63 63 64 63 63 64 64 63 63 63 63 63 62 63 63 63 63 63 63 64
    65 65 65 66 65 65 65 64 64 64 64 64 64 65 65 65 65 64 64 64 64 64 63
    64 64 63 63 63 63 64 63 64 64 64 63 64 63 63 63 63 63 63 63 63 62 63
    63 63 62 62 62 62 62 62 62 62 61 62 62 62 62 62 62 62 62 63 63 63 63
    63 63 62 63 63 63 63 63 63 62 62 63 63 63 64 64 63 63 63 63 63 62 62
    62 62 62 62 62 61 62 62 62 62 62 62 62 62 62 62 62 61 62 62 62 62 62
    63 62 62 63 63 63 62 63 63 62 62 62 63 63 63 63 64 65 65 66 65 66 66
    66 66 65 65 65 65 65 65 65 65 65 66 66 66 65 65 65 65 65 64 64 63 63
    63 64 63 63 63 63 64 65 65 66 66 65 65 65 64 64 64 64 64 64 64 64 63
    64 64 64 63 64 65 65 65 64 64 64 64 63 63 64 64 64 64 64 64 64 64 64
    64 64 64 64 64 64 63 64 63 63 63 64 63 62 63 63 63 63 63 63 63 63 63
    63 63 63 63 63 63 63 63 63 63 63 63 63 63 63 63 63 63 62 62 63 63 63
    63 63 64 64 65 65 65 65 65 65 64 64 64 64 64 65 65 65 65 65 65 65 64
    64 64 64 64 64 64 63 63 63 64 64 64 64 64 64 64 64 64 63 64 63 64 64
    63 63 63 63 63 63 62 62 62 63 62 62 62 62 62 62 63 62 63 63 63 62 63
    63 63 63 64 64 64 64 64 64 63 63 63 62 63 63 63 63 64 63 63 62 63 63
    63 62 62 62 62 61 62 61 61 61 62 62 62 62 62 62 62 62 62 62 62 63 62
    62 62 62 63 62 63 63 63 63 62 62 63 62 62 62 63 63 63 63 64 64 64 65
    65 65 66 66 66 65 65 65 65 65 65 65 66 65 66 66 66 65 65 65 65 65 65
    64 64 64 64 64 63 63 63 64 65 65 65 65 65 65 65 65 64 64 64 64 64 64
    64 64 63 63 64 63 63 64 64 65 65 64 64 64 64 64 64 64 64 64 64 65 64
    64 64 64 64 63 64 64 64 64 64 64 63 63 63 64 63 62 63 63 63 63 63 63
    63 63 63 63 63 63 63 63 63 63 63 63 63 63 64 63 63 63 63 63 63 62 62
    63 63 63 63 63 64 64 64 65 65 65 65 65 64 64 64 64 64 65 65 65 65 65
    65 65 65 64 64 64 64 64 64 63 63 63 64 64 64 64 65 64 64 64 64 64 64
    63 64 64 63 63 63 63 63 63 62 63 63 63 63 62 62 62 63 62 63 62 63 62
    63 62 63 63 63 63 64 64 64 64 64 64 64 64 63 63 63 63 63 63 63 63 63
    63 63 63 63 62 62 62 62 62 62 62 61 62 62 62 62 62 62 62 62 62 62 62
    62 63 62 62 62 62 64 63 63 63 63 62 62 62 62 62 62 62 63 63 63 63 64
    64 65 66 65 66 66 66 66 65 66 65 65 66 65 66 67 66 66 67 66 65 66 65
    65 65 65 64 63 64 64 64 63 63 63 63 65 65 65 65 65 65 65 65 64 64 64
    64 64 64 64 64 63 64 64 63 63 64 64 64 65 63 64 64 64 63 63 63 64 64
    64 64 64 64 64 64 63 63 63 63 64 64 63 64 63 63 64 64 64 63 63 63 64
    64 64 64 64 64 64 64 64 64 64 63 64 63 63 64 63 63 63 63 63 63 63 63
    63 62 63 63 63 63 64 63 64 64 64 65 65 65 65 65 64 64 64 64 64 64 65
    65 65 64 64 64 64 63 63 63 63 63 63 62 63 63 63 64 64 64 64 64 64 64
    64 63 64 63 64 64 63 63 63 63 63 63 62 63 62 63 62 62 62 62 62 62 63
    62 63 62 63 62 63 63 63 63 63 63 63 63 63 64 63 63 63 62 62 63 63 63
    63 63 63 62 62 62 62 61 62 61 61 61 62 62 61 61 62 62 62 62 62 62 62
    62 62 62 62 62 62 62 62 62 63 63 63 63 63 62 62 62 62 61 62 62 63 63
    63 63 64 64 64 65 65 66 66 66 66 64 65 65 65 65 65 65 66 65 66 66 66
    65 66 65 65 65 64 64 63 63 63 64 63 62 63 63 64 64 64 65 65 64 65 64
    64 64 64 64 64 64 63 63 63 63 64 63 63 64 64 65 65 64 64 64 64 64 64
    64 64 64 64 64 64 64 64 64 63 63 63 64 64 64 64 64 63 63 64 65 64 63
    64 64 64 64 65 64 64 64 64 64 64 64 64 64 64 64 64 64 64 64 64 64 64
    64 64 64 63 63 63 63 63 64 64 64 65 65 65 65 65 65 65 65 64 64 64 64
    64 65 65 65 65 64 64 65 64 64 64 63 63 63 63 63 63 63 64 64 64 63 64
    63 63 63 63 62 63 62 63 63 62 62 63 63 62 62 62 62 62 62 62 62 62 62
    63 62 63 62 63 62 63 62 63 63 63 63 63 63 63 63 63 63 63 63 63 62 62
    62 62 63 63 62 63 62 63 62 63 62 62 62 62 61 62 62 62 62 63 62 62 62
    62 62 62 62 62 62 62 62 62 61 62 62 63 62 62 62 63 62 62 62 62 61 62
    62 63 63 63 63 64 64 65 66 65 66 66 66 66 65 65 65 65 65 65 65 66 66
    66 67 66 65 66 66 65 65 64 63 63 63 64 64 63 63 63 63 64 65 64 65 65
    64 64 64 64 64 64 63 64 64 64 64 64 64 64 64 63 64 64 65 65 64 64 64
    64 64 64 64 64 64 64 65 64 64 64 64 64 63 64 64 64 64 64 64 63 63 64
    65 64 63 63 63 64 64 64 64 63 63 63 63 63 64 63 63 63 63 63 63 63 63
    63 63 63 63 63 63 63 62 62 62 63 63 63 63 64 64 64 65 65 65 65 65 64
    64 64 65 64 65 65 66 66 65 65 65 65 64 64 64 64 64 64 63 64 64 64 64
    64 64 64 64 63 63 63 63 63 62 63 63 62 62 63 63 63 63 62 63 63 63 62
    62 62 62 63 63 63 62 63 63 63 63 63 63 63 63 63 63 63 63 63 63 63 62
    62 62 62 62 62 62 63 63 62 62 62 62 62 61 62 62 62 61 62 62 62 62 63
    62 63 62 62 62 62 62 62 62 62 62 62 61 62 62 63 62 63 63 63 62 62 62
    62 62 62 62 63 63 63 63 63 64 65 66 65 66 66 66 66 65 66 65 65 66 65
    66 66 66 66 67 66 66 66 66 66 65 64 63 63 63 64 64 63 63 63 63 64 64
    64 65 65 64 64 65 64 64 64 64 64 65 65 65 65 65 65 65 64 65 65 66 66
    63 63 63 64 64 64 64 64 64 64 64 64 64 64 64 63 63 63 64 64 64 64 64
    64 63 64 65 65 64 64 64 65 65 65 65 65 64 65 65 64 65 64 64 64 64 64
    64 64 64 64 64 63 63 63 63 62 62 62 62 62 63 63 63 64 64 64 65 65 65
    64 64 64 64 64 65 64 65 65 66 66 65 65 65 65 65 65 64 64 64 64 64 64
    64 64 65 64 64 64 64 64 64 64 63 64 63 64 64 63 63 63 63 64 63 63 63
    63 63 62 62 63 63 63 63 63 62 63 63 63 63 63 63 63 63 63 63 63 63 63
    63 63 62 62 62 62 62 62 62 63 63 63 62 62 62 62 61 62 62 62 61 62 62
    62 62 62 62 62 62 62 62 63 62 62 62 62 63 62 62 62 62 64 63 63 64 64
    63 63 63 63 63 63 63 64 64 64 64 64 65 65 66 65 66 66 66 66 64 65 65
    65 66 65 65 66 66 66 66 66 66 66 66 66 65 64 63 63 63 63 64 63 63 63
    63 64 65 64 65 65 64 64 65 64 64 64 64 64 65 65 65 65 65 65 65 65 65
    66 66 67 63 63 63 63 63 63 63 63 63 63 63 63 63 63 63 63 63 63 64 64
    64 64 64 64 64 65 65 65 65 65 65 66 65 65 65 65 65 65 64 64 65 64 64
    64 63 64 64 64 64 64 64 63 63 63 63 63 62 63 63 63 63 64 64 64 65 65
    65 65 65 65 65 65 64 65 65 65 65 66 66 66 66 65 65 65 65 65 65 64 64
    64 64 64 64 64 64 64 64 64 64 64 64 64 64 64 63 64 64 63 63 64 64 64
    64 63 63 63 63 62 62 63 63 63 63 63 63 63 63 63 63 63 63 63 63 63 63
    63 62 63 63 63 62 62 62 62 62 62 63 63 63 63 63 62 62 63 62 62 62 62
    61 62 62 62 62 62 62 63 62 62 62 62 62 62 62 62 62 61 61 62 62 63 62
    62 63 63 62 62 62 62 62 62 62 62 63 63 63 64 64 65 65 65 65 66 66 65
    64 65 65 65 66 65 65 66 66 66 67 66 66 66 66 66 65 65 64 63 64 64 64
    63 64 64 64 65 65 64 65 65 65 65 65 64 64 64 64 64 65 65 65 65 65 65
    65 64 65 66 66 67 63 63 63 63 63 63 63 63 64 64 64 63 63 63 64 63 63
    63 64 64 64 64 64 64 64 65 65 65 65 65 65 66 65 66 65 65 65 65 64 64
    64 64 64 64 63 64 64 64 64 63 63 63 63 62 62 62 62 62 62 62 62 63 63
    63 64 64 64 64 64 64 64 63 63 64 64 64 65 65 66 65 65 65 65 65 65 64
    64 64 64 64 64 64 65 65 65 65 65 65 64 64 64 65 65 65 64 65 65 64 64
    65 65 65 65 64 64 64 64 63 63 64 64 64 63 64 63 64 63 63 63 63 63 63
    63 63 63 63 63 63 63 63 62 63 62 62 62 62 62 63 63 63 63 62 62 63 62
    62 62 62 62 63 63 62 62 63 62 63 63 63 62 63 62 62 62 62 62 62 61 62
    62 63 62 62 63 63 62 62 62 63 62 62 62 62 62 62 62 63 64 65 65 65 65
    66 65 65 64 65 65 65 66 65 65 66 66 66 67 66 67 67 67 67 66 65 64 64
    64 64 65 64 64 64 64 65 65 64 65 65 65 64 65 63 64 63 63 64 64 64 65
    64 65 65 65 64 65 65 66 66 63 63 63 63 62 63 63 63 63 63 63 63 63 63
    63 63 63 63 63 63 63 63 63 63 63 64 65 65 65 65 65 65 65 65 65 65 64
    64 64 64 64 64 64 64 63 64 64 64 64 64 63 63 63 62 62 62 62 62 62 62
    63 63 63 63 64 64 64 65 65 64 64 64 64 64 64 64 65 65 66 66 65 65 65
    65 65 64 64 64 64 64 64 64 64 64 64 64 64 64 64 64 63 64 64 64 63 64
    64 64 64 64 64 64 64 63 63 64 63 63 63 64 64 64 63 63 63 64 63 63 63
    63 63 63 62 63 63 63 62 62 63 63 62 62 62 62 61 61 62 63 62 62 62 62
    62 62 61 62 62 62 62 63 62 62 62 62 62 62 62 62 62 63 62 62 62 61 62
    61 61 62 61 63 62 62 62 62 61 61 61 62 61 62 62 62 62 62 62 63 63 64
    65 64 65 65 65 65 63 64 64 64 65 65 65 65 65 65 66 66 66 66 66 66 66
    65 64 63 64 64 64 63 64 63 64 65 64 64 65 65 65 64 65 63 64 63 63 63
    63 63 64 64 65 65 65 64 65 65 66 66 63 63 63 63 62 62 63 63 63 63 63
    63 63 63 63 63 63 63 63 63 63 63 63 63 63 64 65 64 64 65 65 65 65 65
    65 65 64 65 64 64 64 64 64 64 64 64 64 64 64 64 63 63 63 62 62 62 61
    62 62 62 62 62 62 63 63 63 64 64 64 64 64 64 63 64 64 64 64 65 65 65
    65 64 65 64 64 64 64 64 64 63 63 64 64 64 64 63 63 63 63 63 63 63 63
    63 62 63 63 63 63 63 63 64 64 63 63 63 63 63 63 64 64 64 63 63 63 63
    63 63 63 63 63 63 62 63 62 62 62 62 63 62 61 62 61 61 61 61 62 62 62
    62 62 62 62 62 61 62 62 62 62 63 63 63 63 63 63 63 63 62 62 63 62 62
    62 61 62 61 61 62 62 63 62 62 62 62 61 61 61 62 61 61 62 62 62 62 62
    63 63 64 64 64 64 65 65 64 63 64 63 64 65 64 64 65 64 64 65 65 66 66
    66 66 65 65 64 63 64 64 64 63 63 63 64 65 65 64 65 64 64 64 64 63 64
    63 63 63 63 63 64 64 64 64 64 63 64 65 65 66 62 62 62 62 62 62 63 62
    63 63 63 63 63 63 63 63 63 63 63 63 64 64 64 64 64 65 65 65 65 65 65
    66 65 66 65 65 65 65 65 64 64 64 64 64 64 64 64 64 64 64 63 63 63 62
    62 62 61 62 62 62 62 62 62 63 63 63 64 64 64 64 64 63 63 64 64 64 64
    65 66 65 65 65 65 64 65 64 64 64 64 64 64 64 64 64 64 64 63 63 63 63
    63 63 63 63 62 63 63 63 63 63 64 64 64 63 63 63 63 63 63 64 64 64 64
    64 63 64 63 63 63 63 63 63 62 63 62 62 62 62 62 63 62 62 61 62 61 61
    61 62 62 62 62 62 62 62 62 62 62 62 62 63 63 63 63 63 62 63 62 63 63
    63 62 62 62 62 62 61 61 62 62 63 62 62 62 62 61 61 61 61 61 61 61 62
    62 61 61 63 63 64 64 64 64 64 65 64 63 64 64 64 65 64 64 65 64 64 65
    65 66 66 66 66 66 65 64 63 64 64 64 63 64 64 64 65 65 64 65 64 64 64
    64 63 63 63 62 63 63 62 63 63 63 64 63 62 63 63 64 64 63 63 63 63 63
    63 63 63 63 63 63 63 63 63 63 64 64 63 64 63 64 64 64 64 64 65 65 65
    65 65 65 66 65 66 65 66 65 65 65 65 65 64 64 64 64 64 64 64 64 64 63
    63 63 62 62 62 62 62 62 62 62 62 62 62 63 63 63 64 64 64 63 63 63 63
    64 64 64 65 65 65 65 65 65 64 64 64 64 64 64 64 64 64 64 64 64 64 63
    64 63 63 63 63 63 63 63 63 64 63 64 63 64 64 64 63 63 64 63 63 63 64
    64 64 63 63 63 63 63 63 62 63 62 62 62 62 62 62 62 62 62 62 62 62 62
    62 61 61 62 63 63 63 63 63 63 63 63 63 63 63 63 64 64 64 64 64 63 64
    63 63 63 63 63 62 62 62 62 62 62 62 62 63 62 62 62 62 61 61 61 62 61
    62 62 62 62 62 62 63 63 64 64 64 64 64 64 64 63 64 63 64 64 64 64 65
    64 64 65 65 66 66 66 66 65 64 63 63 63 63 64 63 63 63 63 64 64 64 64
    64 64 64 64 63 63 62 62 62 63 62 63 63 63 64 63 62 63 64 64 64 63 63
    62 63 62 62 63 63 63 63 62 63 62 62 63 63 63 62 63 63 63 63 64 64 64
    64 65 65 65 65 65 66 65 66 66 66 65 66 65 65 65 65 65 65 64 65 65 64
    64 64 63 63 63 62 63 62 62 62 62 62 62 62 62 63 63 63 63 64 64 64 64
    64 63 64 64 64 65 66 66 66 66 65 65 65 65 64 65 64 65 65 64 65 64 65
    64 64 64 64 63 63 63 63 63 63 63 63 64 63 63 63 64 64 64 63 63 63 63
    63 62 63 63 63 63 63 62 62 62 62 62 62 62 61 61 61 62 61 61 61 62 62
    61 62 62 62 61 61 62 63 63 63 63 62 63 63 62 63 63 63 63 64 63 63 63
    63 63 63 63 63 63 63 62 62 62 62 61 61 61 62 61 63 62 62 62 62 61 61
    61 61 61 61 61 61 61 61 61 62 62 63 63 63 64 63 64 64 62 63 63 63 64
    63 64 64 64 63 64 65 65 65 65 65 64 64 63 63 63 63 63 62 62 62 63 64
    63 63 64 64 63 63 63 63 63 62 62 62 62 62 63 63 63 63 63 62 63 64 64
    64 63 63 63 63 62 62 63 62 62 62 62 62 62 62 62 62 63 62 63 62 63 63
    64 64 64 64 65 64 64 64 64 65 65 66 66 67 66 66 66 65 66 65 65 65 65
    65 65 64 64 64 64 63 63 63 63 63 62 62 62 62 62 62 62 62 63 63 63 64
    63 64 64 64 63 64 64 64 65 65 66 66 66 65 66 65 65 65 65 65 65 65 64
    64 65 65 65 64 64 64 64 64 64 64 64 63 63 63 64 63 63 63 64 64 64 63
    63 63 63 62 62 63 63 63 62 62 62 62 62 61 62 62 62 61 61 61 62 61 61
    61 62 62 61 61 62 62 61 61 61 62 62 63 63 62 62 62 62 62 62 63 62 63
    63 63 63 63 63 63 63 63 63 63 63 62 62 62 62 62 62 62 62 63 62 62 62
    62 61 61 60 61 61 61 60 60 60 60 60 61 62 62 63 62 63 63 63 63 62 62
    62 63 63 63 64 64 64 63 65 65 65 66 65 65 64 64 63 63 63 63 63 62 62
    63 63 64 63 63 64 63 63 63 63 62 62 62 62 62 62 62 63 63 63 63 63 62
    63 64 64 64 63 63 62 62 63 63 63 63 63 63 62 62 62 63 63 63 63 63 63
    63 64 64 64 65 65 65 66 65 65 65 65 66 66 67 66 67 66 66 66 66 66 65
    65 65 65 65 65 64 64 64 64 63 63 63 63 63 63 63 62 62 62 63 63 63 64
    63 64 64 64 64 64 64 63 64 64 64 65 66 66 66 66 65 65 65 65 64 65 64
    65 64 64 64 64 64 64 64 63 64 63 63 64 64 63 63 63 63 64 63 63 63 63
    64 64 63 64 64 64 63 63 64 63 64 63 63 62 62 62 62 62 62 62 62 61 62
    62 62 61 61 62 62 61 61 62 62 61 62 62 63 62 63 63 62 63 63 62 63 63
    63 63 63 63 63 63 63 63 63 63 63 63 62 62 62 62 62 62 62 61 62 61 63
    62 62 62 61 60 61 60 60 61 60 60 60 60 60 60 61 61 62 62 62 63 63 63
    63 62 62 62 63 63 63 63 64 63 63 64 64 65 65 65 65 64 64 63 62 63 62
    63 62 62 62 63 63 63 63 63 63 62 62 63 62 62 62 62 62 62 62 63 63 64
    64 63 63 64 64 64 64 62 62 62 62 62 62 62 62 62 62 61 62 62 62 62 62
    63 63 63 63 63 63 64 64 64 65 65 65 65 65 64 65 65 66 66 67 66 66 66
    65 66 65 65 65 65 65 64 64 64 64 64 63 63 63 63 64 63 63 63 63 63 63
    63 63 64 63 64 64 64 64 64 64 63 64 64 64 65 66 66 66 65 64 65 65 65
    64 65 64 65 64 64 64 64 64 64 64 63 64 63 63 64 64 64 63 63 64 64 64
    64 63 63 64 64 63 64 64 64 63 63 64 64 64 63 63 63 63 62 62 62 62 62
    62 61 62 62 62 61 61 62 62 62 61 61 61 61 62 62 63 62 62 63 62 63 63
    63 63 63 64 63 64 64 64 64 64 63 63 64 64 64 63 63 63 63 63 62 62 62
    62 61 62 62 62 62 61 61 61 61 61 61 61 61 61 60 60 61 61 61 62 63 62
    63 63 63 63 62 62 62 62 63 63 63 64 63 63 64 64 65 65 65 65 64 64 63
    63 63 63 63 62 62 63 63 63 63 63 63 63 62 62 63 62 62 62 62 62 62 62
    63 63 63 64 63 63 63 64 64 64 62 62 62 62 62 62 62 62 62 61 61 62 62
    62 62 62 63 62 62 62 63 63 63 64 64 64 65 65 65 64 65 65 65 66 66 67
    66 66 66 66 66 65 65 65 65 65 65 64 64 64 64 64 64 64 64 64 64 64 63
    63 63 63 64 63 64 64 64 64 64 64 64 64 64 64 64 64 65 66 66 66 65 65
    65 65 65 65 65 64 65 64 64 64 64 64 64 64 63 64 63 63 64 64 63 63 63
    64 64 64 64 63 63 64 64 64 64 64 64 63 63 64 63 64 63 63 63 62 62 62
    62 62 62 61 61 61 61 61 61 61 61 61 61 61 61 61 61 61 61 62 62 62 63
    62 63 63 63 63 63 64 63 64 64 64 64 64 64 64 64 64 64 64 64 63 63 63
    63 62 62 62 61 62 62 62 62 61 61 61 61 61 61 61 61 60 60 60 60 61 61
    62 62 62 63 63 63 63 62 62 62 63 63 63 63 64 63 63 64 64 65 65 64 65
    64 63 63 62 62 62 63 62 62 63 63 63 63 63 63 63 63 62 63 62 62 62 62
    62 62 62 63 64 64 64 63 63 63 64 63 64 63 62 62 62 63 62 62 62 62 62
    61 62 62 62 62 62 63 62 62 62 63 63 64 64 64 64 65 65 65 64 64 65 65
    66 65 66 65 65 66 66 66 65 65 65 65 65 65 64 64 64 64 64 63 63 64 64
    63 64 63 63 63 63 63 63 64 63 64 64 64 64 64 64 63 64 64 64 65 66 66
    66 65 65 65 65 66 65 65 65 65 64 64 64 64 64 64 64 64 64 64 64 64 64
    64 63 64 64 64 64 64 63 63 64 64 64 64 64 64 64 63 64 63 64 63 63 62
    62 62 61 62 61 61 61 61 61 61 61 60 61 61 61 61 61 61 61 61 62 62 63
    62 63 63 63 63 63 63 64 64 64 64 64 65 65 65 65 64 64 64 64 64 64 64
    63 63 63 62 62 62 61 61 62 61 61 61 61 60 60 60 60 60 60 60 60 59 60
    60 60 61 61 62 61 62 62 63 63 62 62 62 62 63 63 63 64 63 62 63 64 64
    64 63 64 63 63 62 62 62 62 62 62 62 63 63 63 63 63 63 63 62 62 63 62
    62 62 62 63 62 62 63 64 64 64 64 63 63 63 63 64 63 62 62 62 63 62 62
    63 62 62 62 62 62 62 62 62 63 62 62 62 63 62 63 63 63 64 65 64 64 63
    64 65 65 65 65 66 66 65 66 66 66 65 65 65 65 65 65 64 65 64 64 64 64
    64 64 64 64 64 63 63 63 63 63 63 63 63 63 64 64 63 64 64 63 63 64 64
    65 66 66 65 65 65 65 65 65 65 65 64 65 64 64 64 64 64 64 64 63 64 63
    64 64 64 63 63 63 63 64 64 64 63 63 64 64 63 64 64 64 63 63 64 63 64
    63 63 62 62 62 62 62 62 61 61 60 61 61 61 60 60 61 61 61 60 61 60 61
    61 61 62 62 62 63 62 63 63 63 63 63 63 63 64 64 64 64 64 63 64 64 64
    64 63 63 63 63 62 62 62 61 61 61 62 61 61 61 61 60 60 60 61 61 61 60
    60 60 60 60 61 61 62 62 62 62 63 63 63 62 62 62 62 63 63 63 63 63 62
    63 63 64 64 64 64 64 63 62 62 62 62 63 62 62 63 63 63 63 63 63 63 63
    62 63 63 63 62 63 63 63 63 64 64 64 65 64 64 64 64 64 64 64 64 64 64
    64 64 64 64 64 63 63 63 63 63 64 64 64 63 63 63 64 63 64 64 64 64 65
    65 65 64 65 65 65 66 65 66 66 65 66 66 66 65 65 65 65 65 65 65 65 65
    65 64 64 64 65 64 64 64 63 63 63 63 64 63 63 63 64 64 64 64 64 64 63
    64 64 64 65 65 66 66 65 65 65 65 66 66 66 65 66 65 65 65 65 65 65 64
    64 64 63 64 64 64 64 63 63 64 64 64 64 63 63 64 64 64 64 65 64 64 64
    64 64 65 64 64 63 63 62 62 63 62 62 61 61 61 62 61 61 61 61 61 61 61
    61 61 61 61 61 62 62 63 63 63 63 63 63 63 63 64 64 64 65 65 65 65 64
    64 65 65 65 64 64 63 63 63 62 62 61 62 61 62 61 62 61 61 60 60 60 60
    60 60 60 60 59 59 60 60 61 61 62 62 62 62 62 62 61 61 61 62 62 62 62
    63 63 62 63 63 64 64 64 64 63 63 62 62 62 63 63 62 62 63 63 63 63 63
    63 63 63 62 63 62 63 62 62 62 63 63 64 64 64 65 64 64 64 64 64 65 64
    64 63 64 64 64 64 64 64 64 63 63 63 63 64 63 63 63 63 63 63 63 64 64
    64 64 65 65 65 64 64 65 65 65 65 66 65 65 65 65 66 65 65 65 65 65 65
    65 65 65 65 64 64 64 65 64 64 64 63 63 63 63 63 63 63 62 63 63 63 63
    63 63 63 63 63 64 64 65 65 65 64 64 64 65 65 65 65 65 65 64 64 64 64
    64 64 64 63 64 63 64 64 64 64 64 64 64 64 65 64 63 63 64 64 64 64 64
    64 64 64 64 64 64 64 63 63 62 62 62 62 62 62 61 61 61 62 62 61 61 62
    62 62 62 62 61 61 62 62 62 62 63 63 63 63 63 63 64 64 64 64 65 65 65
    65 64 64 64 65 65 65 64 64 64 63 63 62 62 62 62 61 62 61 62 61 61 60
    60 60 61 61 61 60 60 59 59 60 60 60 61 62 62 62 62 62 62 61 61 61 62
    62 62 62 63 62 61 62 63 64 64 63 64 63 62 62 62 62 62 62 62 62 63 63
    63 63 63 63 63 62 62 63 62 63 62 63 63 63 63 65 65 65 65 64 64 65 64
    64 65 64 64 64 64 64 64 64 64 64 64 63 63 63 64 64 64 64 63 63 63 64
    64 64 65 64 65 65 65 65 64 65 66 65 66 65 66 66 66 66 66 66 65 66 66
    66 65 65 65 65 65 65 65 65 64 65 64 64 64 63 63 63 63 63 63 63 62 63
    63 63 63 63 64 63 64 64 64 64 65 66 65 65 64 64 65 65 65 65 64 65 65
    64 64 64 64 64 63 63 63 63 63 63 64 64 63 63 64 64 64 64 63 63 64 64
    64 64 64 64 64 64 64 64 64 64 64 63 62 62 62 62 62 62 61 61 62 62 62
    61 61 62 62 62 61 61 61 61 61 61 62 62 62 63 62 63 62 62 63 63 64 64
    64 64 64 65 64 64 64 65 65 65 64 64 64 64 64 63 62 62 62 62 62 62 62
    62 62 61 61 61 61 61 61 61 60 60 60 60 61 61 61 62 62 62 62 62 62 61
    61 61 62 62 62 62 62 62 61 62 62 63 63 63 63 62 62 61 61 61 61 61 61
    62 62 62 62 62 62 62 62 62 62 63 62 62 62 62 62 62 63 64 64 64 65 64
    64 64 64 64 64 63 62 62 62 63 63 63 63 63 63 62 62 62 63 63 63 63 63
    63 63 63 63 64 64 64 64 65 65 65 64 65 65 65 65 65 66 65 65 66 66 66
    65 66 65 65 66 65 65 65 65 65 65 65 64 65 64 64 64 63 63 63 63 63 63
    63 63 64 64 64 63 64 64 64 64 64 64 64 65 66 66 65 65 65 65 66 66 65
    65 65 65 64 64 64 64 64 64 63 63 63 63 63 64 64 63 63 64 64 64 64 63
    63 64 64 64 64 65 65 64 65 65 65 65 65 64 64 63 63 63 63 63 62 62 62
    62 63 62 62 62 62 62 62 61 61 61 61 61 61 61 61 62 62 62 62 62 62 63
    63 63 63 64 64 64 64 64 64 64 65 65 65 64 64 64 64 64 63 63 63 62 62
    63 62 62 62 62 61 61 61 61 61 61 61 60 60 60 61 61 61 62 62 62 63 63
    62 62 62 61 62 62 62 62 62 63 62 60 61 62 63 63 63 63 62 61 61 61 61
    61 61 61 61 62 62 62 62 62 62 62 62 62 63 62 63 62 62 63 62 63 64 64
    65 65 64 64 64 64 64 65 62 62 62 62 62 62 62 63 62 62 62 62 62 62 63
    62 62 62 62 63 63 63 64 64 64 64 65 64 65 64 65 65 65 65 65 66 65 65
    65 65 65 65 64 64 64 64 64 64 64 64 64 64 64 63 64 63 63 63 62 62 62
    62 62 62 62 62 63 63 63 62 63 64 63 63 63 64 64 65 65 65 65 64 64 65
    66 66 65 65 65 65 64 64 64 64 64 64 63 64 63 63 63 64 64 63 63 64 64
    64 64 63 63 64 64 64 64 65 64 64 64 65 64 65 65 64 64 63 63 63 63 63
    62 62 62 62 62 62 61 62 62 62 61 61 61 61 61 61 60 61 61 61 62 61 62
    62 62 63 63 63 63 64 64 64 64 64 64 64 65 65 65 64 64 63 63 63 62 62
    62 62 61 62 62 62 62 62 61 61 60 61 61 61 61 60 60 60 60 61 61 62 62
    62 63 63 62 63 62 61 62 62 62 62 62 63 62 61 62 62 63 63 63 63 62 62
    61 61 61 62 62 61 62 62 62 62 62 62 62 62 62 62 63 62 63 62 63 63 63
    64 65 65 65 66 65 65 65 65 65 66 61 61 61 61 62 62 62 62 61 61 61 62
    61 62 62 62 62 62 62 62 63 63 64 64 63 64 64 64 64 64 64 65 64 65 64
    65 64 64 64 64 65 64 64 64 64 64 63 63 63 63 63 63 63 62 63 62 62 62
    62 62 61 62 61 61 62 62 63 63 63 63 63 64 63 63 63 63 63 64 65 65 64
    64 64 64 65 65 65 64 64 64 64 63 63 63 63 63 62 63 63 63 63 64 64 63
    63 63 64 64 64 62 62 63 64 64 64 64 64 63 64 64 64 64 64 64 63 63 62
    62 62 62 61 61 61 61 62 61 61 61 61 61 61 61 61 60 61 61 61 61 61 61
    62 62 62 62 62 63 63 63 64 64 65 65 65 65 64 65 65 66 65 64 64 64 64
    63 63 62 62 62 61 62 62 62 62 62 61 61 61 61 61 61 61 60 60 60 61 61
    61 62 62 62 63 62 62 62 62 61 62 62 62 62 62 63 62 61 62 62 63 63 63
    63 62 62 61 62 62 62 62 62 62 62 62 62 62 62 62 62 62 62 63 62 62 62
    63 63 64 64 65 65 65 66 65 65 66 66 66 66 61 61 61 61 62 62 62 62 62
    62 61 62 61 62 62 62 62 62 62 62 63 63 63 64 63 64 64 64 64 64 64 64
    64 64 64 65 64 64 64 64 64 64 64 64 64 64 63 63 63 63 63 63 63 62 63
    62 62 62 61 61 61 61 61 61 61 61 62 62 63 62 63 63 62 63 63 63 63 64
    64 64 64 63 63 64 65 64 64 64 63 63 63 63 63 62 63 62 62 63 62 62 62
    63 63 63 63 63 64 64 64 62 63 63 64 64 64 64 64 63 64 64 63 64 63 63
    63 62 62 61 62 62 61 60 60 60 61 60 59 60 60 60 60 60 61 60 60 60 60
    60 60 61 62 62 62 62 62 63 63 63 64 64 65 65 65 65 65 65 66 66 66 64
    65 64 64 64 63 62 63 63 62 63 63 63 63 63 62 62 62 62 62 62 61 61 60
    61 61 62 62 62 63 63 63 63 62 63 62 61 62 62 62 62 62 63 62 61 62 62
    63 63 63 63 62 62 61 61 61 62 62 62 62 62 62 62 62 62 62 62 62 62 63
    63 63 63 63 63 63 64 65 65 65 65 65 65 66 65 65 66 62 62 62 62 62 62
    62 62 62 62 62 62 62 62 63 62 63 62 62 62 63 63 64 64 64 64 65 64 65
    64 65 65 65 65 65 65 65 65 65 64 64 64 64 64 64 64 63 63 63 63 63 63
    63 62 63 62 62 62 61 61 61 61 61 61 62 62 62 62 63 62 63 63 62 63 63
    63 63 64 64 64 63 63 63 64 64 64 64 63 63 63 63 63 63 62 63 62 62 63
    62 62 62 63 63 63 62 63 64 64 63 62 62 63 64 63 63 63 63 62 63 63 63
    63 63 63 63 62 62 61 62 62 61 60 60 60 61 61 60 60 60 60 60 60 61 60
    61 61 61 61 61 61 62 62 62 62 62 63 63 63 63 64 64 64 64 64 64 65 65
    66 65 64 64 64 64 63 63 62 62 62 62 62 63 63 63 63 63 63 62 63 63 62
    62 61 60 61 61 62 62 62 63 63 63 63 62 62 62 61 62 62 62 62 61 62 61
    60 62 62 63 63 63 63 62 62 61 62 61 62 62 62 62 62 63 62 62 62 62 63
    63 63 64 63 63 63 63 63 63 64 65 65 65 66 65 65 66 66 66 66 62 62 62
    62 62 62 62 63 62 62 62 62 62 63 63 63 63 63 62 63 63 63 64 64 64 64
    64 64 64 63 64 64 64 64 64 64 64 64 64 64 64 64 64 64 64 64 63 63 63
    63 63 63 63 62 62 62 62 62 61 61 61 61 61 61 61 61 62 62 62 62 62 63
    62 62 62 62 63 64 64 64 63 63 63 64 65 64 64 64 64 64 64 63 64 63 63
    63 62 63 62 62 63 63 63 63 62 63 63 64 63 62 62 63 63 63 63 63 62 62
    62 62 62 62 62 62 62 61 61 60 61 61 60 60 60 60 60 60 59 60 60 60 60
    60 60 60 60 61 60 61 61 61 62 62 63 63 63 63 64 63 64 64 64 65 64 64
    64 65 65 66 66 65 65 64 64 64 63 63 63 63 62 63 63 63 63 63 63 63 63
    63 63 62 62 61 61 62 62 62 63 63 63 63 64 63 63 63 63 62 63 63 63 63
    62 63 62 61 63 63 64 64 63 63 63 62 62 62 62 63 62 62 62 63 63 62 62
    63 62 63 63 63 64 63 63 63 64 63 64 64 65 65 65 65 65 65 66 66 65 65
    63 63 63 63 63 63 63 64 63 63 63 63 63 63 64 63 63 63 63 63 63 63 64
    64 64 64 64 64 64 63 64 64 64 64 64 64 64 64 64 63 63 64 64 64 64 63
    63 63 63 63 63 63 63 62 62 62 62 62 61 61 61 61 61 61 61 62 62 62 62
    62 62 62 62 62 62 62 62 63 63 63 63 62 62 63 64 64 64 63 63 63 63 63
    63 62 63 62 62 63 63 63 63 63 64 63 63 63 64 64 63 62 62 63 63 63 63
    62 62 61 62 62 62 62 62 62 61 61 60 60 61 61 60 60 60 60 61 60 60 60
    60 60 60 60 60 60 61 61 61 61 61 61 62 62 63 62 63 63 63 63 63 64 64
    64 64 64 64 64 65 66 65 64 64 64 64 63 63 62 63 62 62 62 63 63 63 63
    63 63 63 63 63 62 62 61 60 61 62 62 63 63 63 63 63 63 63 63 63 62 63
    63 63 63 62 63 62 62 63 63 64 64 63 63 63 63 62 62 63 63 62 62 62 62
    63 62 62 62 63 63 63 63 64 63 63 63 64 64 64 64 65 65 65 65 65 65 66
    66 65 65 63 63 63 63 63 63 63 64 63 63 62 63 63 63 64 64 63 63 63 63
    64 64 64 64 64 64 65 64 64 64 64 65 64 65 64 64 64 64 64 64 64 64 64
    64 64 64 63 63 63 63 63 63 63 62 63 62 62 62 61 61 61 61 61 61 62 62
    62 62 62 62 62 62 61 62 61 61 61 62 63 63 62 62 61 62 64 63 63 62 63
    62 62 62 62 62 62 62 62 62 62 62 63 63 63 63 62 62 63 63 62 61 62 62
    63 63 63 62 62 61 62 62 62 62 62 62 62 61 61 60 61 61 60 60 60 60 61
    61 60 60 60 61 61 61 61 61 61 62 61 61 61 62 62 62 63 63 63 64 64 64
    64 64 64 64 64 64 64 64 65 66 65 64 64 64 64 63 63 62 63 63 62 62 63
    63 63 63 62 63 63 63 63 62 62 61 61 62 62 62 63 63 63 63 63 63 63 63
    63 62 63 63 63 63 62 63 62 62 63 63 64 64 64 64 63 63 63 63 63 64 63
    63 63 63 63 63 63 63 63 63 64 64 64 63 63 64 64 64 64 64 65 64 64 64
    64 65 65 65 65 65 63 63 63 63 63 63 63 63 62 62 62 63 63 63 64 63 63
    63 63 63 63 63 64 64 64 64 64 63 63 63 63 63 63 64 63 64 63 63 63 63
    63 63 64 63 64 63 63 63 63 63 63 63 63 62 63 63 62 62 62 61 61 61 61
    61 62 62 62 62 62 62 62 62 61 61 61 61 61 62 62 62 61 61 61 62 63 63
    62 62 62 61 61 61 62 61 62 61 61 62 62 62 62 62 62 62 62 62 62 62 62
    61 62 62 62 62 63 63 62 62 62 62 62 62 62 62 62 61 61 60 61 61 61 60
    60 60 61 61 60 61 60 61 61 60 60 61 61 62 62 61 61 62 62 63 63 63 63
    64 64 64 64 64 64 64 64 64 64 64 65 66 65 64 63 63 63 62 62 61 62 61
    61 61 61 62 62 62 62 62 62 62 62 62 61 61 60 61 62 62 62 63 63 63 63
    63 63 64 64 63 63 63 63 63 63 63 63 62 63 63 64 64 63 63 63 63 63 63
    63 64 63 63 63 63 63 63 63 63 63 63 64 64 64 64 64 64 64 64 64 64 65
    64 64 65 64 65 66 66 65 65 64 63 63 63 64 64 64 64 63 63 63 63 63 63
    63 63 63 62 62 62 63 63 64 64 63 63 64 63 63 62 63 63 63 63 63 63 63
    63 63 63 63 63 64 63 64 63 63 63 62 63 63 63 62 62 63 62 62 62 61 61
    61 61 61 61 61 62 62 62 62 62 62 62 61 62 62 61 61 62 63 62 62 61 61
    62 63 63 62 62 62 62 61 61 61 61 62 61 61 62 62 62 62 62 62 62 61 62
    62 62 62 61 61 62 62 62 62 62 62 62 62 62 62 62 62 62 62 61 61 61 62
    62 61 61 61 61 62 61 61 61 61 61 61 61 61 61 62 62 62 62 62 62 63 63
    64 64 64 64 64 64 64 64 64 65 64 64 64 65 65 66 65 64 64 64 63 63 62
    62 62 62 61 62 62 62 63 62 62 62 62 62 62 62 61 61 60 61 61 61 62 62
    63 63 63 63 63 63 63 62 63 63 63 63 63 63 63 62 63 63 64 64 63 64 63
    63 63 63 63 64 63 63 62 63 63 62 62 63 63 63 63 63 63 63 63 63 63 64
    63 64 64 64 64 64 64 64 65 65 64 64 64 63 64 64 65 64 64 65 64 63 63
    63 63 63 63 63 63 62 62 62 63 63 64 64 63 63 64 63 63 62 62 63 63 63
    63 63 64 64 64 64 64 64 64 64 64 64 63 63 63 63 63 63 63 63 63 63 63
    63 62 62 62 61 62 61 62 61 62 62 62 62 62 62 61 62 62 62 62 63 63 63
    62 62 62 63 64 63 63 62 63 62 62 61 62 61 61 61 61 62 61 61 61 61 61
    61 60 61 61 61 61 60 60 61 61 62 62 62 62 61 61 61 62 62 62 62 62 61
    61 61 62 62 61 61 61 61 62 62 61 61 61 61 61 61 61 62 63 63 62 62 62
    63 63 63 64 64 64 64 64 64 65 64 64 65 64 64 64 64 65 65 65 63 63 63
    63 62 62 61 61 61 61 61 61 62 62 62 61 62 62 62 62 61 61 61 60 61 62
    62 62 62 63 63 63 63 63 63 63 62 63 63 63 63 63 63 63 62 63 64 64 64
    63 63 63 63 63 63 63 64 64 63 63 63 64 63 63 63 63 64 64 64 64 63 63
    64 64 64 64 64 65 65 65 65 64 65 65 65 64 64 63 63 63 64 65 64 64 64
    64 63 63 63 63 63 64 63 63 63 62 62 63 63 64 64 63 64 64 63 62 61 62
    62 62 63 63 63 63 63 63 63 64 64 64 64 64 63 63 63 62 63 63 63 63 62
    63 62 62 62 62 62 61 61 61 61 61 61 62 61 62 62 62 62 61 61 61 61 61
    62 63 63 62 62 62 62 63 63 63 62 63 62 62 62 62 61 62 61 62 62 62 62
    62 62 62 62 61 62 62 61 61 60 61 61 62 62 62 62 62 61 62 61 62 62 62
    62 62 61 61 61 61 62 61 61 61 61 62 62 61 62 61 62 62 62 62 62 63 63
    62 63 63 63 63 64 64 64 64 64 65 65 65 65 64 65 64 64 64 64 65 65 64
    63 63 63 62 62 62 62 62 61 61 61 61 62 62 62 62 62 62 62 62 61 61 61
    60 62 62 62 63 63 63 63 64 63 63 64 64 63 64 64 64 64 64 64 64 63 64
    65 65 65 64 64 64 64 64 64 64 65 64 64 64 64 64 64 63 64 64 64 64 64
    64 63 63 64 64 64 64 64 65 65 65 64 64 64 65 65 64 64 64 63 63 64 65
    65 64 65 64 63 63 63 63 63 63 63 63 62 62 62 63 63 64 64 63 63 63 63
    62 61 62 62 62 63 62 63 63 63 63 63 63 63 63 63 63 63 63 62 62 62 62
    63 63 62 63 63 62 63 62 62 62 62 62 62 62 62 63 63 63 63 63 62 62 62
    62 62 62 63 63 63 63 63 62 63 64 64 63 63 63 63 63 62 63 62 62 62 62
    63 63 62 63 63 63 62 62 62 62 62 62 61 61 61 62 62 62 62 62 61 62 62
    62 62 62 63 62 62 62 61 62 63 62 61 62 62 63 62 62 63 62 63 63 63 63
    63 64 64 63 63 63 64 64 64 65 65 65 65 65 65 65 65 65 65 64 64 64 64
    65 65 65 63 63 63 63 62 62 62 62 61 61 61 62 62 63 62 62 63 62 63 62
    62 62 62 61 62 63 63 63 63 64 64 64 64 64 64 64 64 64 64 64 64 64 64
    64 64 65 65 65 65 64 64 64 64 64 63 64 64 64 64 64 63 64 63 63 63 63
    64 64 64 64 63 63 63 64 64 64 64 64 65 65 65 64 64 65 65 64 64 64 64
    64 64 65 65 65 65 64 64 63 63 63 63 64 63 63 62 62 62 62 62 63 63 63
    63 63 63 62 61 62 62 62 62 62 62 63 63 63 63 64 64 64 64 64 63 63 63
    63 63 63 63 63 63 63 63 63 63 62 62 62 62 62 62 62 62 62 62 63 62 63
    62 62 62 62 62 62 62 63 63 62 62 62 62 63 63 63 62 62 62 62 62 62 62
    62 61 62 63 62 62 62 63 63 62 62 62 62 62 62 61 62 61 62 63 63 62 62
    61 62 62 62 62 62 62 62 61 61 61 62 62 62 61 61 61 62 62 62 62 62 62
    62 62 63 63 63 63 63 63 63 64 64 65 65 65 65 65 66 66 66 65 65 65 65
    65 64 65 65 65 64 63 63 63 62 62 62 61 61 61 61 61 62 62 62 62 62 63
    62 63 62 62 62 62 61 62 63 63 63 64 64 64 64 64 64 65 65 64 65 64 64
    65 65 65 64 64 65 65 65 65 64 64 64 63 63 63 64 64 64 64 63 63 64 63
    62 63 63 63 63 63 63 63 63 63 64 64 64 64 64 65 64 64 64 64 65 65 64
    64 64 63 63 64 64 64 64 64 63 63 63 63 63 63 63 63 63 62 62 62 63 62
    63 63 63 63 63 63 62 61 62 62 62 62 62 62 63 63 63 63 63 63 64 63 63
    63 63 63 63 63 63 63 63 62 63 63 63 63 62 62 62 62 61 61 62 62 62 62
    62 62 62 62 62 62 62 62 62 62 63 62 62 62 61 62 63 63 63 63 63 62 62
    62 62 61 62 61 61 62 62 61 62 62 62 62 61 62 62 62 61 61 61 61 62 62
    62 62 61 61 62 61 62 62 62 62 62 62 61 61 62 62 62 61 61 61 62 62 62
    62 61 62 62 62 62 62 63 63 63 62 62 63 63 64 64 64 64 64 65 65 65 65
    64 65 64 65 64 64 64 65 64 63 63 63 62 62 61 61 61 61 60 61 61 61 62
    61 61 62 61 62 61 61 61 61 61 62 62 62 62 63 64 64 64 64 64 64 64 64
    64 64 64 64 64 65 64 64 65 65 65 65 64 64 64 64 64 64 64 65 64 64 64
    64 64 63 63 63 63 64 64 63 64 63 63 63 64 64 64 64 64 64 64 64 63 64
    64 65 64 63 64 64 64 64 65 65 65 65 64 64 64 64 64 64 65 64 64 63 63
    63 63 63 64 64 63 63 64 63 62 61 62 62 62 62 61 61 62 62 62 62 62 62
    63 62 63 62 62 62 62 62 62 63 63 62 63 63 63 63 62 62 62 62 62 62 62
    62 62 62 63 63 63 62 62 62 62 62 62 62 62 62 62 61 61 62 63 63 62 62
    62 62 61 61 62 61 61 61 61 62 61 61 61 62 62 62 62 62 62 63 62 61 62
    62 62 63 63 62 62 62 62 62 63 63 63 63 63 63 62 62 63 63 63 62 62 62
    63 62 62 63 62 62 63 63 62 63 63 63 63 63 63 63 63 64 65 64 64 64 65
    65 66 65 64 65 64 64 64 64 65 65 64 63 63 63 62 62 62 61 61 61 61 61
    61 61 61 61 61 62 61 62 61 61 61 61 61 62 62 62 62 63 64 64 64 64 64
    64 64 63 64 64 64 65 64 65 64 65 65 65 65 65 64 65 64 64 64 64 64 65
    64 65 64 64 64 63 63 63 63 64 64 64 64 63 63 64 64 64 64 64 65 64 64
    64 63 64 64 65 64 64 64 64 64 65 66 66 65 65 65 64 64 64 64 64 65 64
    64 63 63 63 63 62 63 63 63 63 63 63 62 61 61 61 61 61 61 61 61 61 61
    61 62 62 62 62 62 62 62 62 62 62 62 62 62 62 63 62 62 62 62 62 62 62
    62 62 62 62 62 62 63 63 63 62 62 62 62 62 62 62 62 62 62 61 61 62 63
    63 62 62 62 62 62 62 62 61 61 61 61 62 62 61 62 62 62 62 62 63 63 63
    62 62 62 62 63 63 63 63 62 62 63 63 63 63 63 64 64 63 63 62 63 63 63
    63 63 62 63 63 63 63 62 63 63 63 63 63 64 64 64 63 63 63 64 65 65 65
    65 65 66 66 66 65 65 65 65 65 65 65 65 65 64 63 63 63 63 62 62 62 61
    61 61 61 61 61 61 61 61 61 61 62 62 61 61 61 61 62 62 62 62 63 63 63
    64 63 63 64 64 63 64 64 64 64 64 65 64 64 65 65 65 65 65 65 64 64 64
    64 64 65 65 65 65 64 65 64 63 64 64 64 64 64 64 63 63 63 64 64 64 64
    64 64 64 63 63 64 64 64 64 63 65 64 64 65 66 66 65 65 65 64 64 64 64
    64 64 64 64 63 62 62 62 62 63 62 62 63 63 63 62 61 61 61 61 61 60 60
    61 61 60 61 61 61 62 61 61 61 61 61 61 62 62 62 62 62 63 62 62 63 62
    62 62 61 61 62 62 62 62 62 63 63 63 63 62 62 62 62 62 62 62 62 61 61
    60 62 63 63 63 63 63 62 62 62 63 62 62 62 62 63 63 62 62 62 63 63 63
    63 63 63 63 62 63 63 63 64 63 63 62 63 63 63 63 63 63 63 64 63 63 62
    63 63 63 62 63 62 63 63 62 63 62 63 63 63 63 63 64 64 64 64 64 64 64
    65 65 65 65 65 66 66 66 66 65 65 64 64 64 64 64 65 64 63 63 63 62 62
    61 61 61 61 61 61 61 61 61 61 61 61 61 62 61 61 61 61 61 62 62 62 62
    62 63 63 63 63 63 63 63 63 63 64 64 64 64 64 64 64 65 65 65 65 64 64
    64 64 64 64 65 66 65 65 65 64 65 64 63 64 64 64 64 64 64 63 63 63 64
    64 64 64 64 64 63 63 62 63 63 64 64 63 65 65 65 65 66 66 66 66 65 65
    64 64 64 64 64 64 63 63 62 62 62 62 63 63 62 63 63 63 62 61 61 62 61
    61 61 61 61 61 61 61 62 61 62 61 61 61 61 61 61 61 61 62 62 61 62 62
    62 62 61 61 61 61 61 61 61 61 62 62 63 63 62 62 62 62 62 62 61 62 62
    62 62 61 61 62 63 63 63 63 63 63 62 63 63 62 62 62 63 63 63 62 63 63
    63 63 63 63 64 64 63 63 63 63 64 64 64 64 63 63 63 64 64 64 64 64 64
    63 63 63 63 64 63 63 63 62 63 62 62 62 62 63 63 63 63 64 64 64 64 64
    64 64 64 65 65 65 65 65 66 66 66 65 65 65 64 64 64 64 64 64 63 62 62
    62 62 61 61 61 61 61 61 61 61 61 61 60 61 61 60 61 61 61 61 61 61 62
    62 62 62 62 63 63 63 63 63 63 63 63 63 64 64 64 64 64 64 64 65 65 65
    65 64 64 64 64 64 64 64 65 65 65 64 64 64 64 63 63 64 64 64 64 64 63
    63 63 64 64 64 64 64 64 63 63 63 63 63 64 64 63 66 66 66 67 68 68 67
    67 66 66 65 65 64 65 65 64 64 63 63 62 62 62 62 63 63 63 63 63 62 61
    61 61 61 61 61 61 61 62 61 61 62 62 62 61 62 62 62 62 61 62 61 62 61
    61 62 61 62 62 61 61 61 61 61 61 61 61 61 61 62 62 62 62 62 62 62 62
    61 62 62 62 61 61 61 62 63 63 63 63 63 63 62 63 63 62 62 62 63 63 63
    63 63 63 63 63 63 64 64 64 63 63 64 63 64 64 64 63 63 63 63 63 64 63
    64 64 64 63 63 63 63 64 63 63 63 62 63 63 63 63 63 63 63 64 64 64 65
    65 65 64 64 64 65 65 65 65 65 65 66 66 67 66 65 65 64 64 64 64 63 63
    63 62 62 62 61 61 61 60 60 60 60 60 61 60 60 60 60 61 60 61 61 61 61
    61 61 62 62 62 62 63 64 64 64 64 63 64 64 63 64 64 64 64 64 64 64 64
    65 64 64 64 64 64 64 64 63 63 64 64 64 64 63 63 63 63 63 63 63 63 64
    63 63 63 63 63 63 63 64 64 64 64 63 63 63 64 64 64 64 64 67 67 67 67
    68 68 68 68 67 67 66 65 65 65 65 65 65 63 63 63 63 62 63 63 63 64 64
    64 63 62 62 62 62 62 61 61 62 62 62 62 62 62 62 62 62 62 62 62 61 62
    62 62 62 61 62 61 62 62 61 61 61 61 61 61 61 61 61 61 62 62 62 62 61
    62 61 61 61 61 62 61 61 61 61 62 63 63 63 63 63 63 62 63 63 62 62 61
    62 62 62 62 62 62 63 62 62 63 63 63 62 62 63 62 63 63 63 63 62 62 63
    63 64 63 64 64 64 63 63 63 64 64 63 63 63 63 63 63 63 63 63 64 64 64
    64 65 65 65 65 64 64 64 65 65 66 65 65 65 66 66 66 65 65 65 64 64 64
    64 64 63 63 62 62 62 61 61 61 61 61 61 61 61 61 61 61 61 61 62 61 62
    62 61 61 61 61 62 62 62 62 63 64 64 64 64 64 64 64 64 64 64 64 65 64
    65 65 65 65 65 65 65 65 65 64 64 64 64 64 65 64 64 63 63 63 63 63 63
    63 63 64 63 63 63 63 63 63 63 63 64 63 64 63 62 62 63 63 64 64 64 67
    67 67 68 68 68 68 68 67 67 66 66 65 65 65 65 64 63 63 63 63 63 63 63
    63 63 64 63 62 62 62 62 62 61 61 61 61 61 61 61 61 61 62 61 61 61 62
    62 61 61 62 62 62 61 62 62 62 62 62 61 61 61 61 61 61 62 61 61 62 62
    62 62 62 62 61 61 61 61 61 61 61 61 61 62 63 63 62 63 63 63 62 63 63
    62 62 61 62 63 63 62 63 63 64 63 63 64 64 64 63 63 64 63 64 64 64 63
    63 63 63 64 64 64 64 64 64 64 63 63 64 64 63 63 64 63 64 64 64 64 64
    64 65 65 65 66 66 65 66 65 65 65 66 66 66 66 66 66 67 67 67 66 65 66
    64 64 64 64 64 64 63 63 63 63 62 62 62 61 61 61 61 61 61 61 61 61 61
    62 61 62 62 62 62 62 62 62 62 62 62 62 63 63 64 64 63 64 64 63 64 64
    64 65 64 65 65 65 65 65 65 65 65 65 64 64 64 64 65 65 65 65 64 64 64
    63 63 63 64 64 64 64 63 63 63 63 63 63 63 63 63 63 62 61 61 62 62 63
    63 63 66 66 66 66 67 67 66 66 66 65 65 64 64 65 65 64 64 63 63 62 62
    62 62 63 63 63 63 63 62 61 62 62 62 61 61 61 62 61 61 61 62 61 62 61
    62 62 62 62 61 61 62 62 62 62 62 62 62 62 62 61 62 62 61 61 61 62 62
    62 62 63 62 62 62 62 62 61 61 61 61 61 61 61 61 62 62 62 62 62 62 62
    62 62 62 62 61 61 62 62 63 62 63 63 63 64 63 64 64 63 63 63 64 63 64
    64 64 63 63 63 63 63 64 63 64 63 64 63 63 63 63 64 63 63 63 62 63 63
    64 64 64 64 65 65 65 66 66 66 66 66 66 65 66 66 66 65 66 66 67 67 67
    66 65 65 64 64 64 64 63 63 63 62 62 62 62 61 61 61 61 61 61 61 61 61
    61 61 62 62 61 62 62 62 62 62 63 63 63 63 63 63 64 64 64 64 64 65 65
    65 65 65 65 65 65 66 65 65 66 65 65 65 65 65 65 65 65 64 65 65 65 65
    64 64 64 64 63 64 64 64 64 64 64 63 63 63 63 63 63 63 63 63 62 62 62
    62 62 63 63 63 66 66 66 66 67 67 67 66 66 66 65 65 65 65 65 64 64 63
    63 62 63 63 63 63 63 64 64 64 63 62 62 62 62 62 61 61 62 62 61 61 62
    61 62 61 61 61 62 61 60 61 61 61 61 61 62 62 62 62 61 61 61 61 61 62
    61 62 62 62 63 63 63 62 62 62 62 62 61 61 62 61 61 61 61 62 62 62 62
    62 62 62 62 62 62 61 61 61 62 62 62 62 62 62 63 63 63 63 63 63 63 63
    63 63 63 63 63 63 62 63 62 63 63 63 63 63 63 63 63 62 63 64 63 63 63
    62 63 63 63 64 64 64 64 65 65 66 66 66 66 66 66 66 66 66 66 66 66 66
    67 67 68 67 65 66 64 64 65 64 64 64 64 63 63 63 62 62 62 62 61 61 62
    62 62 61 61 61 62 62 62 62 62 62 63 63 63 63 63 63 63 64 65 65 64 65
    65 65 65 65 65 65 65 65 65 66 66 66 66 66 65 66 65 65 65 65 65 65 66
    66 65 65 64 64 64 64 63 64 64 64 64 64 63 63 63 63 63 63 63 63 62 63
    62 61 61 62 62 63 63 62 66 66 66 66 66 66 66 66 66 65 65 65 64 65 65
    64 64 63 63 62 63 63 63 63 63 63 64 64 63 62 62 62 62 62 62 62 62 62
    61 61 62 61 62 61 62 61 62 61 61 61 61 61 61 61 61 61 61 61 61 61 61
    61 61 61 61 61 62 62 62 62 62 62 61 62 62 61 61 61 61 61 61 61 61 61
    62 62 62 62 62 62 61 62 62 61 61 61 62 62 62 62 62 62 63 63 63 63 64
    63 63 63 64 63 64 64 64 63 63 63 63 63 63 63 64 63 63 63 63 63 63 64
    63 63 63 63 63 63 63 64 64 64 64 65 65 66 66 66 67 66 66 67 67 67 67
    66 66 66 67 67 68 67 66 66 64 64 65 64 64 64 63 62 63 63 62 61 61 61
    61 61 61 61 61 61 61 61 61 62 61 62 62 62 62 62 62 63 63 63 63 63 64
    64 64 64 64 65 64 64 64 65 64 65 65 65 65 65 66 65 65 66 65 65 65 65
    65 65 66 66 65 66 65 64 65 64 64 65 65 65 65 65 64 64 64 64 63 64 64
    63 63 63 62 61 62 62 62 63 63 62 66 66 66 67 67 67 67 67 66 66 65 65
    65 65 65 65 65 64 64 63 63 63 63 64 64 64 64 64 63 62 62 62 62 62 62
    62 62 62 61 61 62 61 62 61 62 61 62 62 61 61 61 61 61 61 61 61 61 61
    61 61 61 61 61 61 61 62 62 61 62 62 62 61 61 61 61 61 61 61 61 61 61
    60 60 61 62 62 62 62 61 61 61 62 62 61 61 61 62 62 63 62 63 63 63 63
    63 64 64 64 64 64 64 64 64 65 64 64 63 64 63 64 64 63 64 64 64 63 63
    63 64 64 64 64 64 63 64 64 64 65 65 65 65 66 66 67 67 67 67 67 67 68
    67 68 68 67 67 67 68 68 68 67 66 66 65 64 65 64 64 63 63 62 62 62 62
    61 61 61 61 61 61 61 61 61 61 61 62 62 62 62 62 62 63 63 63 63 63 63
    63 63 64 64 63 64 64 64 64 64 64 65 64 64 64 65 65 65 65 65 65 65 65
    65 65 65 65 65 66 66 65 65 65 64 65 64 64 64 65 64 65 64 64 63 64 63
    63 64 64 63 63 63 62 62 62 62 62 63 63 63 66 66 66 67 67 67 67 67 67
    66 66 65 65 66 66 65 65 64 64 63 64 63 64 64 64 64 64 64 63 62 62 62
    62 62 62 62 62 62 61 61 62 62 62 62 62 62 62 62 61 61 62 62 61 61 62
    62 62 62 61 61 61 61 61 62 62 62 62 62 63 63 62 62 62 62 62 62 61 61
    62 61 61 61 61 61 62 62 62 62 62 62 61 61 61 61 60 61 62 62 62 62 63
    62 63 63 63 64 64 64 64 63 64 64 64 64 64 64 63 63 63 63 64 63 63 63
    63 63 63 62 63 64 63 63 63 63 64 64 64 64 64 65 65 66 66 67 67 67 68
    67 67 68 68 68 68 67 67 67 67 68 68 67 66 65 64 64 64 64 63 63 63 62
    62 62 62 61 61 62 61 61 62 61 62 61 61 61 61 62 61 62 62 62 63 63 63
    63 63 63 62 63 63 63 63 63 64 64 64 64 64 64 64 64 64 65 65 65 65 65
    65 65 64 64 64 65 64 64 65 65 65 65 64 64 64 64 63 64 64 64 64 64 64
    63 64 63 63 64 63 63 63 63 63 62 62 62 62 63 63 62 67 67 67 68 68 68
    68 68 68 67 66 66 66 66 66 66 66 65 65 64 64 64 64 65 64 64 64 65 63
    62 62 62 63 62 62 62 63 62 62 62 62 62 62 62 63 62 62 62 62 62 62 62
    62 62 63 63 63 62 62 62 62 62 62 62 63 63 63 63 63 63 63 62 62 62 62
    62 62 62 62 62 62 61 61 62 62 63 62 62 62 62 62 62 62 62 62 62 63 63
    63 63 63 63 63 63 64 64 64 64 64 64 65 65 65 65 65 64 64 64 63 64 64
    63 64 63 63 63 63 63 64 64 64 64 64 64 64 64 64 64 64 65 65 66 66 67
    67 67 68 67 67 68 67 68 67 66 66 66 67 67 67 66 65 65 64 63 64 63 63
    62 62 62 62 62 61 61 61 61 61 61 62 61 62 62 61 61 61 62 62 62 62 62
    63 63 63 63 63 63 62 63 63 63 63 63 64 64 64 64 64 64 64 64 64 65 64
    64 64 64 64 64 63 64 64 64 64 64 65 65 64 64 64 64 64 63 63 64 64 64
    64 64 63 63 63 63 63 63 63 63 62 62 62 61 61 61 61 62 62 61 68 68 68
    69 69 69 69 69 68 68 67 67 66 67 66 66 66 65 65 64 64 64 64 65 64 64
    64 64 63 62 63 63 63 63 62 62 63 63 62 62 63 62 63 63 63 63 63 63 62
    62 63 63 62 62 63 63 63 62 62 62 62 62 62 62 62 62 63 62 63 63 63 62
    62 63 62 62 62 62 62 62 62 62 62 63 63 63 63 63 63 63 62 62 62 62 62
    62 63 63 63 63 63 63 63 64 64 64 64 64 64 64 65 65 65 66 65 65 64 65
    64 64 64 63 64 64 63 63 63 63 64 64 64 64 64 64 64 64 64 65 65 65 66
    66 67 68 68 68 68 68 68 68 68 68 68 67 67 66 67 67 67 66 65 64 64 63
    63 63 62 62 62 61 61 61 61 61 60 61 61 60 61 60 60 60 60 60 60 61 61
    61 62 62 62 62 63 63 63 62 62 62 63 63 62 63 63 63 64 63 63 64 64 64
    64 64 64 64 64 64 64 63 63 63 63 64 64 63 64 64 64 64 64 63 64 64 63
    64 64 64 64 64 64 63 63 63 63 63 63 63 62 62 62 61 61 61 61 62 62 61
    69 69 68 69 69 69 69 68 68 67 67 67 66 67 67 66 66 65 65 64 64 64 64
    64 64 64 64 64 63 62 62 62 62 62 62 62 62 62 62 62 62 62 62 62 63 63
    63 63 62 62 62 63 62 62 63 63 63 62 62 63 63 62 62 62 62 62 63 63 63
    63 63 63 63 63 63 62 62 62 62 62 62 62 62 63 63 63 63 63 63 63 62 62
    62 62 62 62 63 63 63 63 64 64 64 64 65 65 65 65 65 65 66 66 66 67 66
    66 65 66 65 65 65 64 64 64 63 63 63 63 64 64 64 64 64 63 64 63 64 64
    64 64 65 66 66 67 67 68 68 67 67 68 67 67 67 66 66 66 67 67 67 66 65
    65 64 63 63 63 62 62 61 61 61 61 61 61 60 61 61 60 61 60 61 60 60 60
    60 61 60 61 61 62 62 62 63 63 63 62 62 62 63 63 62 63 63 64 64 64 64
    65 64 64 65 65 65 65 65 64 64 64 63 64 63 64 64 64 65 65 64 64 64 64
    64 64 63 64 64 64 64 63 63 63 63 63 63 63 63 62 62 62 62 61 61 61 61
    61 61 61 69 69 69 69 69 69 69 68 68 67 66 67 66 67 66 66 66 65 65 64
    64 63 64 64 64 64 64 64 63 62 62 62 63 63 62 62 63 63 62 62 63 62 63
    62 63 63 63 63 62 62 62 63 62 63 63 63 63 62 62 63 63 63 62 63 63 63
    63 64 64 64 63 63 63 64 63 63 62 62 62 62 62 62 62 63 63 63 63 63 63
    63 62 62 62 62 62 62 63 63 63 63 63 63 64 64 65 65 65 65 65 65 66 66
    66 67 66 66 66 66 65 65 65 64 65 64 64 64 64 64 64 65 64 64 64 64 64
    64 64 64 64 65 65 66 66 67 68 68 68 67 67 68 67 67 67 66 66 66 66 66
    66 66 65 64 63 63 63 62 62 61 61 60 60 60 60 60 60 60 60 60 61 60 60
    60 60 59 60 60 60 61 61 61 62 61 62 62 62 62 61 62 62 62 61 62 62 62
    62 63 62 63 63 63 64 64 64 64 64 63 63 63 63 63 63 63 63 63 64 64 63
    64 64 63 63 63 63 63 64 63 63 63 63 63 63 62 62 63 63 62 62 62 62 61
    61 61 61 61 61 61 68 68 68 68 68 68 68 67 67 66 66 66 65 66 66 66 66
    65 65 64 64 63 64 64 64 64 64 64 63 62 62 62 63 63 62 63 63 63 62 63
    63 62 63 62 62 63 63 62 62 62 62 63 62 63 63 63 63 62 62 63 63 62 62
    62 62 63 63 63 64 64 64 63 63 63 63 63 62 62 62 62 62 62 62 62 63 63
    63 63 63 63 62 62 62 62 62 62 63 63 63 63 63 63 64 64 65 65 65 66 66
    66 66 66 67 67 67 67 66 66 66 65 65 65 65 65 65 65 65 64 65 65 65 65
    65 64 64 64 64 65 64 65 65 66 67 67 67 68 68 67 67 68 67 67 67 66 66
    65 66 66 66 66 65 64 63 63 63 62 62 61 61 61 60 61 60 60 60 61 61 61
    61 61 61 61 60 60 60 61 60 61 61 61 62 62 62 62 62 62 62 62 62 62 62
    62 62 62 62 62 62 63 63 63 63 64 64 64 64 63 63 63 63 63 63 63 63 62
    63 63 63 64 63 63 63 63 63 63 64 64 63 63 63 63 63 62 62 63 63 63 62
    62 62 62 62 62 61 62 62 62 68 68 68 68 68 68 68 68 67 66 66 66 65 66
    65 65 66 64 64 64 63 63 63 64 63 64 63 64 63 62 62 62 63 62 62 62 63
    63 62 62 63 62 63 62 62 63 63 62 62 62 62 63 62 63 63 63 63 62 62 63
    63 62 62 62 62 63 63 63 64 64 64 64 64 64 64 63 63 62 62 62 62 62 62
    62 63 63 63 63 63 63 62 62 62 62 62 62 63 62 63 63 63 63 64 64 65 66
    66 66 66 66 67 66 67 67 67 66 65 66 65 65 65 64 65 64 64 64 64 64 64
    65 64 64 64 64 64 63 64 64 64 64 65 66 66 68 68 68 68 67 67 68 67 67
    67 66 66 65 66 66 66 66 65 64 63 63 63 62 62 61 61 61 61 61 61 61 60
    61 61 61 61 61 61 61 61 61 61 61 60 61 61 62 62 62 63 62 62 62 62 62
    63 63 62 63 63 63 63 63 63 63 63 63 64 65 65 64 64 64 64 63 63 63 63
    63 62 62 63 63 63 63 63 63 63 63 62 63 63 64 63 63 63 63 63 62 62 63
    63 63 62 63 62 62 62 62 62 62 62 62 67 68 67 68 68 67 67 67 67 66 65
    65 65 66 65 65 65 64 64 63 63 63 62 63 63 63 63 63 62 62 62 62 62 62
    62 62 62 62 62 62 62 62 62 62 62 62 62 62 62 62 62 63 63 63 63 63 63
    62 62 63 63 63 62 63 63 63 63 64 64 64 64 64 64 64 64 63 63 62 62 62
    62 62 62 62 62 62 62 63 62 62 62 62 62 62 62 62 63 63 63 63 63 63 64
    64 65 66 66 66 66 66 67 67 67 67 67 67 66 66 65 65 65 64 65 65 64 64
    65 64 65 65 64 64 64 64 64 64 64 64 64 64 65 66 66 67 67 68 67 66 67
    67 67 67 66 65 65 65 66 66 66 66 65 64 63 63 63 62 62 61 61 61 61 62
    61 62 61 62 62 62 62 62 63 62 62 62 62 62 61 62 62 62 63 63 63 63 63
    63 62 63 63 63 63 63 63 63 63 62 63 63 63 63 63 65 65 64 64 64 64 63
    63 63 63 63 62 62 63 63 63 63 63 63 63 63 63 63 63 63 63 63 63 63 63
    62 62 63 63 62 62 63 62 62 62 62 61 62 62 62 67 68 68 68 68 68 67 67
    67 66 65 66 65 66 65 65 65 64 64 63 63 63 62 63 63 63 63 63 62 61 61
    62 62 62 61 62 62 62 62 62 62 62 62 62 62 62 62 62 62 62 62 63 63 63
    64 64 64 63 63 63 63 63 63 63 63 63 64 64 64 64 64 64 64 64 63 63 62
    62 62 61 61 61 61 62 62 62 62 62 61 62 61 62 61 61 61 62 63 63 63 63
    63 63 64 65 66 66 66 66 66 66 67 67 67 68 67 67 66 66 65 65 65 64 65
    64 64 64 64 64 64 64 64 64 63 63 63 63 63 63 63 63 64 65 66 66 67 67
    66 65 66 66 66 66 66 65 65 64 65 65 65 65 64 64 63 63 63 62 62 61 61
    61 61 61 61 61 61 62 62 62 62 62 63 62 62 62 62 62 61 62 62 63 63 63
    64 64 63 63 63 63 63 63 63 63 64 63 63 63 63 63 63 63 64 65 65 64 64
    63 63 63 63 63 63 63 63 62 63 63 63 63 63 63 63 62 62 63 63 63 63 63
    63 63 63 62 63 63 63 63 62 63 62 62 62 62 62 62 62 62 68 68 68 68 68
    68 67 67 67 66 66 66 66 67 66 66 66 65 65 64 64 64 63 64 64 64 63 64
    63 62 62 62 63 62 62 62 62 62 61 62 62 61 62 62 62 62 62 62 61 61 62
    62 62 63 63 63 64 62 62 63 63 63 63 63 63 63 64 64 64 64 64 64 64 64
    63 63 62 62 61 61 61 61 61 62 61 62 61 62 61 61 61 62 61 61 61 62 63
    63 63 63 63 64 64 65 66 66 66 66 66 67 67 67 67 67 67 66 66 66 65 65
    65 64 65 64 64 64 64 64 64 64 64 64 64 63 63 63 63 64 64 64 65 66 66
    67 67 67 67 66 66 66 66 66 65 64 64 64 65 65 65 65 64 63 62 62 62 62
    62 61 61 60 61 61 61 61 61 62 62 62 62 62 63 63 62 62 62 62 62 62 63
    63 64 64 64 64 64 64 63 64 64 64 64 64 64 64 64 63 63 64 63 64 64 65
    65 64 63 63 63 63 62 62 62 62 62 61 62 62 62 62 62 62 62 61 61 62 62
    62 62 62 63 62 63 62 62 62 63 62 62 62 62 62 62 62 61 62 62 62 68 69
    68 69 68 68 68 67 67 67 66 66 66 67 66 66 66 65 65 65 65 64 64 64 64
    64 63 64 63 62 62 62 63 62 62 62 62 62 62 62 62 61 62 62 62 62 62 62
    62 62 62 63 62 63 63 64 64 63 63 64 64 64 64 64 64 64 64 64 64 65 64
    64 65 65 64 64 63 63 62 62 62 62 62 62 62 62 62 62 62 62 62 62 61 62
    62 62 63 63 63 63 63 64 64 65 66 66 66 66 66 67 67 68 67 68 67 66 66
    67 66 66 65 65 65 65 65 65 65 65 65 65 65 65 65 64 64 64 64 65 65 65
    65 66 66 67 67 67 67 66 66 67 66 66 66 65 65 64 65 65 65 65 64 63 62
    62 62 62 62 61 61 61 61 62 62 62 62 62 63 63 63 63 63 63 62 62 63 63
    62 63 63 64 64 64 64 64 64 64 63 63 64 64 64 63 64 64 64 63 63 64 63
    63 63 64 64 63 62 62 62 61 61 62 61 61 61 61 61 61 61 61 61 61 61 61
    61 62 62 62 62 62 62 62 63 62 62 62 63 62 62 63 62 62 62 62 62 62 62
    62 67 68 68 68 67 67 67 67 67 66 66 66 66 66 66 66 66 65 65 65 65 64
    64 64 64 64 63 64 63 62 62 62 63 62 62 62 62 62 61 62 62 61 62 62 62
    62 62 62 61 61 62 62 62 63 63 63 63 62 62 63 63 63 63 63 63 63 63 63
    63 64 64 64 64 64 63 63 62 62 61 61 61 61 61 62 61 62 61 62 61 61 62
    62 61 62 62 62 63 63 63 63 64 64 65 65 66 66 66 67 67 67 68 68 67 68
    68 67 67 67 66 66 65 64 65 65 64 65 64 65 65 64 64 65 64 64 64 63 64
    64 64 64 65 66 66 66 67 67 67 66 66 66 65 65 65 64 64 64 64 64 65 64
    63 63 62 62 62 62 62 61 61 61 61 62 62 62 62 62 63 63 63 63 63 63 62
    62 63 63 63 63 64 64 64 64 64 64 64 64 63 63 64 64 64 63 64 63 63 63
    63 64 63 63 63 64 64 63 62 62 62 62 62 62 61 61 61 61 61 61 61 61 61
    61 61 61 61 61 62 62 62 62 62 62 62 62 62 62 62 62 62 62 62 62 62 62
    62 62 62 62 67 68 68 68 68 67 67 67 67 67 66 66 66 66 66 66 66 65 65
    65 65 64 64 64 65 65 64 64 63 63 63 63 63 63 62 62 62 62 62 62 62 61
    62 62 62 61 61 61 61 61 61 62 61 62 62 62 63 62 62 63 63 63 62 63 63
    63 63 63 63 63 63 63 63 63 63 63 62 62 61 61 62 61 62 62 62 62 62 62
    62 62 62 62 61 62 62 63 63 63 63 64 64 64 65 66 66 67 66 66 67 67 67
    68 67 68 68 67 67 67 67 66 66 65 65 65 65 65 65 65 65 65 65 65 65 64
    64 64 64 65 65 64 65 66 66 67 67 67 67 66 66 66 66 66 65 65 64 64 64
    64 64 64 63 63 62 62 62 62 62 62 61 61 61 62 62 62 62 62 63 63 63 63
    64 63 63 62 63 63 63 63 64 64 64 64 64 64 63 63 63 63 63 63 63 62 63
    62 63 62 62 63 62 62 63 63 63 62 62 62 62 62 62 62 62 62 61 61 62 62
    62 62 62 61 62 61 61 62 62 63 62 62 63 62 63 62 62 62 62 62 62 62 62
    62 62 62 62 62 62 62 67 68 68 68 68 67 67 67 67 67 66 66 66 66 66 66
    66 65 65 65 65 64 64 64 65 64 63 64 63 63 63 62 63 63 62 62 62 62 62
    62 62 61 62 62 61 61 61 61 61 61 62 62 62 62 62 62 63 62 62 63 63 63
    63 63 63 63 63 63 63 63 63 63 64 64 63 63 62 62 62 62 62 62 62 62 62
    62 62 62 62 62 62 62 62 62 63 63 64 64 63 64 64 65 65 66 66 66 66 66
    66 67 67 68 68 68 68 68 67 68 67 67 66 65 66 66 65 66 65 65 65 65 65
    66 65 65 65 65 64 65 65 65 65 66 66 67 67 67 67 66 66 67 66 66 65 65
    64 64 64 64 64 64 63 63 62 62 62 62 62 61 61 61 61 61 62 62 62 63 63
    63 64 64 65 64 64 64 64 64 64 64 65 65 65 65 65 65 64 64 63 63 63 63
    63 63 63 63 63 62 62 63 62 63 63 63 63 62 62 62 62 62 62 62 62 62 61
    61 62 62 62 62 62 62 62 61 62 62 62 62 62 62 63 63 63 63 63 63 63 62
    63 63 63 63 63 63 63 63 63 63 67 68 68 68 68 67 67 68 67 67 66 66 66
    66 66 66 66 65 65 65 65 65 64 65 65 65 64 64 64 63 63 63 63 63 63 63
    63 63 62 63 62 62 62 62 62 62 61 61 61 61 62 62 62 62 62 62 62 61 61
    62 62 62 62 62 62 62 63 63 62 62 63 63 63 63 62 62 62 62 61 61 62 62
    62 62 62 62 61 62 61 62 62 62 61 62 62 63 63 64 63 64 64 64 65 65 66
    66 66 66 66 66 67 67 67 68 68 67 67 67 66 66 66 65 66 65 65 65 65 65
    65 65 65 65 65 65 64 64 64 65 64 65 65 66 66 67 67 67 66 65 66 66 65
    65 65 64 64 63 64 64 64 64 63 63 62 62 62 62 62 61 61 60 61 61 62 63
    62 63 64 63 64 64 65 65 64 64 64 64 64 65 65 65 66 66 66 66 66 65 64
    64 64 64 64 64 64 63 63 63 63 64 63 63 63 64 64 63 63 62 62 62 62 62
    62 62 62 62 62 62 62 62 62 62 62 61 62 63 62 63 62 62 63 63 63 62 62
    63 62 62 62 63 63 63 62 62 62 62 63 63 68 69 69 69 68 68 68 68 68 68
    67 67 67 67 67 67 67 66 66 66 66 66 65 66 66 66 65 65 64 64 64 64 64
    64 63 63 63 64 63 63 63 63 63 63 62 62 62 62 61 62 62 62 62 63 62 62
    62 61 61 62 62 63 62 62 62 62 63 63 62 62 63 63 63 63 62 62 62 62 62
    62 62 62 62 62 62 62 62 62 62 62 62 62 62 62 62 63 63 63 63 63 63 64
    64 65 65 65 65 65 65 66 66 67 66 67 67 67 66 67 66 66 65 65 66 65 65
    65 65 65 65 65 65 65 64 64 64 64 64 64 64 64 64 65 65 66 66 66 66 65
    65 66 65 65 65 64 64 63 64 64 64 64 63 63 62 62 62 62 62 61 61 60 60
    61 62 62 62 63 63 63 64 64 64 64 64 64 64 64 64 64 65 65 66 65 65 65
    66 65 64 64 64 64 64 64 64 63 63 63 63 64 63 63 63 63 64 63 63 62 62
    62 62 62 62 62 62 61 62 62 62 62 62 61 61 61 61 62 62 62 62 61 62 62
    62 62 61 62 61 61 62 62 62 62 62 62 62 62 62 62 69 69 69 69 68 68 68
    68 68 68 67 67 67 67 67 67 67 66 66 67 67 67 66 67 67 66 65 65 65 64
    65 65 65 65 64 64 64 64 64 64 64 63 63 63 63 63 62 62 61 62 62 62 62
    62 62 61 62 61 61 62 62 62 62 62 62 62 62 62 62 62 62 62 63 63 62 62
    62 62 62 62 63 63 63 63 62 62 62 62 62 62 62 62 62 62 63 63 64 63 63
    64 63 64 64 65 65 65 65 65 66 66 66 67 66 67 67 66 66 67 66 66 65 65
    66 65 64 65 65 65 64 64 64 64 64 63 64 63 63 64 63 64 64 64 65 65 66
    66 65 64 64 65 64 64 64 63 63 63 64 64 64 64 63 63 62 62 62 62 62 61
    61 60 60 61 62 63 62 63 63 63 63 64 64 64 63 63 63 64 63 64 64 64 65
    65 65 65 65 65 64 64 64 64 64 63 64 63 64 64 64 64 64 64 64 64 64 64
    64 63 63 63 63 63 63 63 62 62 62 62 62 62 62 62 61 61 61 62 62 62 62
    62 62 62 63 62 62 62 62 62 63 63 63 64 63 63 63 63 64 64 68 69 69 69
    68 68 68 69 68 68 67 68 67 68 67 67 67 67 66 67 67 67 66 67 67 66 65
    65 65 65 65 64 65 65 64 64 64 64 64 64 64 64 64 64 63 63 63 63 62 62
    62 63 62 63 63 62 63 62 62 63 63 63 63 63 63 62 63 63 62 62 62 63 63
    63 63 63 63 62 62 63 63 63 63 63 62 62 62 62 62 62 63 62 62 63 63 63
    64 63 63 64 63 64 64 65 65 65 65 65 65 65 66 66 66 67 66 66 65 66 65
    65 64 64 64 64 64 64 64 64 64 64 64 64 63 63 63 63 64 64 63 64 64 65
    65 65 65 66 65 64 64 65 64 65 64 64 63 63 63 64 64 64 62 62 62 61 61
    61 61 61 61 61 61 62 62 63 62 63 64 64 64 64 64 64 64 63 63 64 64 64
    65 65 66 65 65 65 66 65 64 64 64 63 63 63 63 63 63 63 63 64 63 63 63
    64 64 63 63 63 63 62 62 62 62 62 62 61 62 62 62 62 62 61 61 61 61 62
    62 62 62 62 62 62 63 62 62 63 63 62 63 63 64 64 64 64 64 64 64 64 67
    68 68 67 67 67 67 68 67 67 67 67 67 67 67 67 67 66 66 67 67 67 66 67
    67 67 65 65 65 65 65 65 65 65 64 64 63 64 63 63 63 63 63 63 63 62 62
    62 61 62 62 62 62 62 62 62 62 62 62 63 63 63 62 63 63 63 63 63 62 62
    62 63 63 64 63 63 63 63 63 63 63 63 63 63 62 62 62 62 62 62 62 62 62
    63 63 63 64 64 63 64 64 64 65 65 65 65 65 65 65 66 66 66 66 67 66 66
    66 66 66 65 64 64 64 64 64 64 64 64 63 64 63 64 63 63 63 63 63 64 63
    63 63 64 64 65 65 65 65 64 64 65 64 64 64 63 63 63 63 63 64 63 62 62
    62 61 61 61 61 61 61 60 61 62 62 63 62 63 63 63 63 64 64 64 63 63 63
    64 64 64 64 65 65 65 65 65 65 65 64 64 63 63 63 63 63 62 63 63 63 64
    63 63 63 63 63 63 63 63 62 62 62 62 62 62 62 62 62 62 62 62 62 62 61
    61 61 62 62 62 62 62 62 62 62 62 62 63 63 62 63 63 63 64 63 63 64 64
    64 64 66 67 67 67 67 67 67 67 67 66 66 67 66 66 66 66 66 66 65 66 66
    66 66 67 66 66 65 65 64 64 64 64 64 64 63 63 63 63 63 63 62 62 63 62
    62 62 61 61 60 61 61 62 62 62 62 62 63 62 62 63 63 63 63 63 63 63 64
    63 63 63 63 63 64 64 63 63 63 63 63 63 64 63 63 63 62 63 62 62 62 62
    63 62 62 63 63 64 64 64 64 64 65 65 65 66 66 66 65 66 66 66 66 67 66
    67 67 66 66 66 65 65 64 64 64 64 63 64 63 64 63 63 63 64 63 63 63 63
    63 64 63 63 63 64 64 65 65 66 65 64 64 65 64 64 64 63 63 63 63 63 64
    64 62 62 62 61 61 61 61 61 60 60 60 61 62 62 62 62 63 63 63 63 64 63
    63 63 62 63 63 64 64 64 65 65 65 65 65 65 64 64 64 63 63 63 63 63 63
    63 63 64 63 63 63 63 63 63 63 62 62 62 62 62 62 62 61 61 62 62 62 62
    62 62 61 61 61 62 62 62 61 62 62 62 62 62 62 62 63 62 63 63 64 64 64
    64 64 64 64 64 66 66 66 66 66 66 67 67 66 66 65 66 66 66 66 66 66 65
    65 65 66 66 66 66 66 66 64 64 64 64 64 64 64 64 64 63 63 64 63 64 63
    63 63 63 63 62 62 62 61 62 62 62 62 62 62 62 62 62 61 63 63 63 63 63
    63 63 64 63 63 63 63 63 64 64 64 64 64 64 64 64 65 64 64 64 64 63 63
    63 63 63 63 63 63 64 64 64 65 64 64 65 65 65 65 65 65 65 64 65 65 65
    65 66 66 67 66 66 65 66 65 64 64 63 63 63 63 63 62 62 62 63 62 63 62
    62 62 63 63 63 62 62 63 63 63 64 64 65 64 63 63 64 63 64 64 63 62 62
    63 63 64 63 62 62 62 61 61 61 61 61 60 59 59 61 61 62 61 62 62 62 62
    62 63 62 62 62 62 62 63 63 63 64 64 64 64 64 65 64 64 64 63 63 63 63
    63 63 63 63 63 64 63 63 63 63 63 63 63 63 63 63 62 62 62 62 62 62 62
    62 62 62 62 62 62 61 61 62 61 62 62 62 62 62 63 62 63 63 63 63 63 64
    64 65 65 65 64 64 64 64 66 67 67 67 67 67 67 67 67 66 66 66 66 66 65
    66 66 65 65 65 66 66 66 66 66 66 64 64 64 64 64 64 64 64 64 63 63 63
    63 64 63 63 64 63 63 62 62 62 61 61 61 62 62 62 62 61 62 61 61 62 62
    63 62 62 62 62 63 63 62 62 63 63 63 64 63 63 64 64 64 64 64 64 64 64
    63 63 63 63 63 62 63 62 62 63 64 64 64 64 64 64 64 64 64 65 65 65 64
    65 65 65 65 65 65 66 66 65 65 66 65 64 63 63 63 63 63 63 62 63 62 63
    63 63 62 63 63 63 63 63 62 63 63 63 63 64 64 65 64 63 63 64 64 64 64
    63 62 62 63 63 63 63 62 62 61 61 60 60 61 61 59 59 59 60 61 62 61 62
    62 62 62 62 63 63 62 62 62 62 62 63 63 63 64 64 63 64 64 64 63 63 63
    62 62 62 62 62 63 62 62 63 62 62 63 63 62 63 62 62 62 62 62 62 62 62
    61 62 62 62 62 62 62 62 61 61 61 61 61 61 62 62 63 63 63 63 63 63 63
    63 64 64 65 65 65 65 65 65 65 65 65 66 66 66 66 66 66 66 65 65 65 65
    65 65 64 65 65 64 64 64 65 65 65 65 65 65 63 63 64 63 63 63 64 64 64
    63 63 63 64 64 63 63 64 64 63 63 62 62 62 62 62 62 62 62 62 62 62 62
    62 63 63 63 63 63 63 63 63 63 63 63 63 63 64 64 63 63 64 64 64 64 65
    64 64 64 64 64 63 63 63 63 63 63 63 64 64 64 65 65 64 65 65 65 65 65
    65 65 65 65 65 65 65 66 66 67 67 66 66 66 65 64 64 63 63 63 63 63 62
    63 62 63 63 63 62 63 63 63 63 63 62 62 63 63 63 64 64 65 64 63 63 64
    63 64 64 63 62 62 62 62 62 62 61 61 61 61 60 60 60 60 59 59 59 60 61
    61 61 61 62 61 61 62 62 62 62 61 61 62 62 62 63 63 63 63 63 64 64 63
    62 62 62 61 62 61 62 61 62 62 62 63 62 62 62 62 62 62 62 62 62 62 62
    62 62 62 61 62 62 62 62 62 62 62 61 61 61 61 61 61 61 62 62 62 63 62
    63 63 63 63 64 64 65 65 65 65 65 65 65 65 65 66 66 66 66 66 66 66 66
    65 65 65 65 64 64 65 64 63 63 64 65 64 64 65 65 64 63 62 63 62 62 62
    63 63 63 62 62 63 63 63 63 63 64 64 63 62 62 62 62 62 63 63 63 63 63
    62 63 63 62 64 64 64 63 63 63 63 63 63 63 63 64 64 64 64 63 64 64 64
    64 64 65 64 64 64 64 64 63 64 63 63 64 63 63 64 65 64 65 65 65 65 65
    65 65 65 65 65 65 65 65 65 65 66 66 67 66 65 65 65 65 64 63 63 63 63
    62 63 62 62 62 63 62 63 62 62 63 62 62 62 62 62 62 63 62 63 63 64 63
    62 62 63 62 63 63 62 61 61 61 62 62 62 61 61 61 61 60 60 60 60 59 59
    59 61 61 62 61 62 62 62 62 62 63 62 62 62 62 62 63 63 63 63 64 64 63
    64 64 64 63 63 62 62 62 62 62 62 63 63 63 64 63 63 63 63 63 63 63 62
    62 62 62 62 62 62 61 61 62 62 62 62 62 61 60 60 60 61 60 61 61 61 62
    62 63 62 63 63 63 63 63 64 65 65 65 65 65 65 65 65 66 66 66 66 66 66
    66 66 65 65 64 64 64 64 63 64 64 63 62 63 64 64 64 64 64 63 62 62 63
    62 62 62 63 63 62 62 62 63 63 64 63 63 64 64 63 62 62 62 61 62 62 62
    62 62 62 62 63 62 62 64 64 64 63 63 63 63 63 63 63 63 64 64 64 65 64
    64 65 65 65 65 65 65 65 65 64 64 64 64 63 63 64 64 63 64 65 64 65 65
    65 65 65 65 65 65 65 65 64 65 65 65 65 65 65 66 66 65 65 65 64 64 63
    62 63 63 62 63 62 62 62 62 62 63 62 62 62 62 62 62 61 62 62 62 62 63
    63 63 63 62 62 62 62 62 62 62 61 61 61 62 62 62 61 61 61 61 60 60 61
    61 60 60 60 61 62 62 62 62 62 62 62 63 63 63 62 62 62 63 63 63 63 63
    64 64 63 64 64 64 63 63 63 62 63 63 62 63 63 63 64 64 63 63 63 63 63
    63 63 63 62 62 62 62 62 62 61 62 63 62 62 62 62 62 61 61 61 61 61 61
    61 62 63 63 63 62 63 63 63 63 64 64 65 65 65 65 65 65 65 65 66 66 67
    66 66 66 66 66 65 65 64 64 64 63 63 63 63 62 62 63 63 63 63 63 63 63
    62 62 62 62 62 62 62 63 62 62 62 63 63 64 64 63 64 63 62 62 62 62 61
    62 62 62 62 62 62 62 63 62 62 63 63 64 63 62 63 62 63 63 63 63 64 64
    64 64 64 64 65 65 64 65 65 64 64 64 64 64 63 64 64 63 64 64 64 65 65
    64 65 65 65 65 64 65 65 65 65 65 64 65 65 65 65 65 65 66 65 65 64 65
    64 63 63 62 63 63 63 63 62 62 62 62 62 63 62 62 62 62 62 62 61 62 62
    62 62 63 63 63 62 62 61 62 61 62 62 61 60 60 61 61 62 62 61 61 61 61
    60 60 61 61 60 60 60 61 62 62 62 62 62 62 62 63 63 62 62 62 62 63 63
    63 63 63 63 63 63 63 64 64 63 63 63 62 63 63 63 63 64 64 64 64 64 64
    64 63 63 63 63 63 63 62 62 62 62 62 62 62 63 63 63 62 62 62 61 61 61
    61 61 61 62 62 63 63 63 63 64 64 64 64 64 64 65 65 65 65 65 65 65 66
    66 66 66 66 66 66 66 66 65 64 64 64 64 63 63 63 63 62 62 62 63 63 63
    63 63 63 62 62 62 62 62 62 62 63 62 62 63 63 64 64 64 64 64 64 62 62
    62 62 61 61 61 61 62 62 62 61 62 62 62 62 62 63 62 62 62 62 62 62 62
    62 63 63 64 64 63 64 64 64 64 64 64 64 64 64 63 64 63 63 63 63 64 64
    63 64 64 64 64 64 64 65 64 65 64 65 65 64 64 64 65 65 65 65 65 65 65
    65 64 64 64 63 63 63 63 63 63 63 62 62 62 62 62 63 62 61 62 62 62 62
    61 62 62 62 62 62 63 63 62 61 61 62 61 62 62 61 60 61 61 62 62 62 61
    62 62 62 61 61 61 62 61 61 61 62 63 63 63 63 63 63 63 63 63 63 62 62
    62 63 63 63 63 63 64 64 64 64 64 64 64 64 64 63 64 64 64 64 64 64 65
    65 64 64 64 64 64 64 64 63 63 63 63 63 62 62 62 62 63 62 62 62 62 62
    61 61 61 61 61 61 62 62 63 63 63 63 64 64 64 64 64 65 65 66 66 66 66
    66 66 66 65 66 66 65 65 65 66 65 64 64 63 63 63 62 62 62 62 61 61 62
    63 63 63 63 63 63 62 62 62 62 62 62 62 63 63 63 63 63 64 64 64 64 64
    64 62 62 62 62 61 62 62 62 62 62 62 62 63 62 62 63 63 63 63 62 63 62
    62 63 62 63 63 63 64 64 63 64 64 64 64 64 65 64 64 64 63 64 63 64 63
    63 64 64 64 65 65 64 65 65 65 65 65 65 65 65 65 65 65 65 65 65 65 65
    64 65 65 64 64 64 63 63 62 62 63 62 62 63 62 62 62 62 62 63 62 62 62
    62 62 62 62 62 62 62 62 63 63 63 62 61 61 62 61 62 62 61 60 61 61 62
    62 62 61 62 62 61 61 61 61 62 61 61 61 62 63 63 63 63 63 63 63 64 64
    63 63 62 62 63 63 63 63 63 63 64 63 64 64 64 64 63 63 62 63 63 63 63
    64 64 64 65 64 64 64 64 64 64 64 63 62 63 62 62 62 62 61 62 62 62 62
    62 62 62 61 61 61 62 61 62 62 62 63 64 64 64 64 65 65 64 65 66 66 66
    66 67 67 67 67 67 65 65 65 65 65 65 65 65 64 64 63 63 63 62 62 62 62
    61 61 62 63 63 63 63 64 63 62 62 63 62 63 63 63 64 64 64 64 64 65 65
    65 65 66 65 64 63 63 63 62 62 63 62 63 63 63 62 63 62 62 63 63 63 63
    62 63 62 62 62 62 62 63 63 63 63 63 63 64 64 64 64 65 64 64 64 63 64
    63 63 63 63 64 63 63 64 64 64 64 64 64 65 64 65 64 65 64 64 64 64 64
    64 64 64 64 64 64 64 63 63 63 63 62 62 62 62 62 62 61 61 61 62 62 63
    62 62 62 62 62 63 62 62 62 62 62 63 63 63 62 62 62 62 61 62 62 61 60
    61 61 62 62 62 62 62 62 62 61 62 62 62 62 62 62 63 64 64 63 63 63 63
    64 64 64 63 63 62 63 63 63 63 63 63 63 64 63 64 64 64 64 63 63 63 63
    63 63 63 64 64 64 64 63 64 63 63 63 63 63 63 62 62 62 62 62 62 61 62
    62 62 62 62 62 61 61 61 61 62 61 62 62 62 63 63 64 63 64 64 64 64 65
    65 65 66 66 66 66 66 66 67 64 64 65 64 64 64 64 64 63 63 63 63 62 62
    61 61 61 61 61 62 62 63 63 63 64 63 63 62 63 62 63 63 64 64 64 64 64
    65 65 66 66 66 66 65 64 64 64 63 62 63 63 63 63 63 63 62 63 62 62 62
    62 63 62 62 62 61 61 61 61 62 62 62 62 63 62 63 63 63 64 64 64 63 64
    64 63 63 63 63 63 63 64 63 64 64 64 64 64 64 64 65 64 65 65 65 64 64
    64 64 64 64 64 64 64 64 64 64 63 63 63 63 62 62 63 62 62 62 61 61 61
    62 62 63 62 62 62 63 63 63 63 63 63 63 63 63 63 63 63 62 62 63 62 63
    63 62 61 61 62 63 63 63 62 63 63 62 62 62 62 63 62 62 62 64 64 64 64
    64 64 64 64 65 65 64 63 63 63 64 64 64 64 64 64 64 64 64 65 65 64 64
    64 64 64 64 64 64 65 65 65 65 64 64 64 63 64 64 64 64 63 63 63 63 62
    62 61 62 62 62 62 62 62 61 61 61 61 62 61 62 62 62 63 63 63 63 64 64
    64 64 65 65 66 66 66 66 66 66 66 67 65 65 65 65 65 65 65 65 64 64 64
    63 63 62 62 62 62 61 61 62 63 63 63 63 64 63 63 62 63 63 63 63 64 64
    64 64 64 65 65 66 66 66 66 66 64 64 64 63 63 63 63 63 63 63 63 62 63
    62 62 62 62 63 62 62 62 61 61 61 61 61 62 62 63 63 62 63 64 64 64 65
    65 64 64 65 64 65 64 64 64 64 65 64 64 65 65 65 65 65 65 65 65 65 65
    65 65 64 64 64 64 64 64 64 63 64 64 63 63 63 63 63 63 62 63 62 62 62
    61 61 61 62 62 63 62 62 63 63 63 63 64 64 63 63 63 63 63 63 63 62 62
    63 63 63 63 62 61 62 62 63 63 63 62 63 63 62 62 62 62 63 62 62 62 63
    64 64 63 63 63 63 63 64 64 63 63 63 63 63 64 63 64 64 64 64 64 64 65
    65 64 64 64 63 64 64 64 64 65 65 65 65 64 64 64 63 63 64 64 64 63 63
    62 63 62 62 62 62 63 63 63 63 62 62 61 61 61 62 62 62 62 63 63 64 64
    64 65 65 65 64 65 65 65 66 66 66 66 66 66 66 64 64 65 64 64 64 65 64
    64 63 63 63 63 62 62 62 62 61 62 62 63 63 63 64 64 64 63 63 64 63 64
    63 64 65 65 65 65 66 66 66 67 67 66 66 65 64 65 64 63 64 64 64 64 63
    63 62 63 63 62 63 63 63 63 62 62 61 62 62 61 62 62 62 63 63 62 63 64
    64 64 65 65 65 65 65 64 65 64 64 64 64 65 65 65 66 66 65 65 65 65 66
    65 66 66 66 65 65 64 65 64 65 64 64 64 64 64 64 64 64 63 63 63 63 63
    63 62 62 61 61 61 62 62 63 62 63 63 63 63 64 64 63 63 63 63 63 63 63
    62 62 62 63 62 63 63 62 61 61 61 62 62 62 62 62 62 61 61 61 62 62 62
    61 62 62 63 63 63 63 63 63 63 64 63 63 62 62 62 63 63 63 63 63 63 63
    63 64 64 64 64 63 63 63 64 64 64 64 65 65 65 65 64 64 64 63 63 64 64
    64 63 63 63 63 63 62 62 63 63 63 63 63 63 62 62 62 62 63 62 63 63 63
    63 64 64 64 65 65 65 64 65 65 66 66 66 66 66 66 66 66 65 65 65 65 65
    65 66 65 65 64 64 64 63 63 62 63 63 62 62 63 64 64 64 64 65 65 64 64
    64 64 64 64 65 65 65 65 65 66 66 67 67 67 66 66 65 64 65 64 63 63 63
    63 63 62 62 62 63 62 62 62 62 62 62 62 62 61 62 62 61 62 62 62 63 63
    63 64 65 64 65 65 66 65 65 65 65 65 65 65 65 64 65 65 65 65 66 65 65
    65 65 66 65 66 66 66 65 65 65 64 64 64 64 63 63 63 64 64 63 64 63 63
    63 63 63 63 62 62 61 61 61 62 62 63 62 63 63 63 64 64 64 63 63 63 63
    63 63 63 63 62 62 63 63 63 63 62 61 61 62 62 63 63 62 62 62 61 61 61
    62 62 61 61 61 62 63 63 62 62 62 62 62 63 63 62 61 61 61 62 63 63 63
    63 63 63 63 63 64 64 64 63 63 63 63 64 64 64 65 65 65 65 64 64 64 63
    63 64 64 64 63 63 63 63 62 62 62 63 63 63 63 63 63 62 62 62 62 63 62
    63 63 63 63 64 64 64 65 65 65 64 65 65 65 65 65 65 65 65 65 65 65 65
    65 65 65 65 66 65 65 64 64 64 63 63 63 63 63 62 62 63 64 64 64 65 65
    65 64 64 65 64 65 64 65 65 65 65 65 66 66 66 66 66 66 66 65 64 64 64
    63 63 63 63 63 63 62 62 63 62 62 62 62 62 62 62 62 61 62 62 62 62 62
    62 63 64 63 64 65 65 65 66 66 65 66 65 65 66 66 66 66 65 66 65 65 66
    66 65 65 65 65 66 65 66 66 66 65 65 65 65 64 65 64 64 64 64 64 64 64
    64 64 64 64 64 64 63 62 62 61 61 61 3 16 52 30 74 85 86 40 25 46 123
    115 74 105 58 47 87 72 100 78 93 18 108 109 10 16 13 77 110 26 22 56
    93 4 48 57 19 70 40 1 55 95 79 51 53 102 16 112 103 102 23 23 18 42
    95 40 58 43 111 66 70 36 72 49 89 64 64 64 64 63 63 64 64 64 64 65
    65 65 65 64 64 64 63 63 64 64 64 63 63 63 63 62 62 62 63 63 63 63 63
    63 63 62 62 62 63 62 62 63 63 63 64 64 64 64 64 64 64 64 65 65 65 65
    65 65 65 65 65 65 64 64 64 64 64 65 65 64 64 64 63 63 62 62 62 62 61
    62 62 63 63 64 64 64 64 64 64 64 64 64 64 64 65 65 65 65 66 66 66 66
    66 66 66 65 64 64 64 63 63 63 63 63 62 62 62 63 62 62 62 61 62 62 61
    61 61 61 62 61 61 62 62 63 63 63 63 64 64 65 65 66 65 65 65 65 66 65
    65 65 65 65 65 65 66 66 65 66 65 65 66 66 66 66 66 66 65 65 65 65 65
    64 64 64 65 65 65 64 64 64 64 64 64 64 64 63 62 61 61 61 124 53 44
    55 2 14 108 44 75 111 34 79 107 52 16 81 108 51 71 107 7 43 86 80 29
    114 120 13 54 6 96 26 52 73 51 101 47 34 49 120 37 60 87 10 93 90 37
    16 49 94 109 110 100 79 110 7 32 99 6 26 1 65 75 27 11 63 63 63 63
    62 62 63 63 63 63 64 64 64 64 64 64 63 63 63 64 64 64 63 62 62 63 62
    62 62 63 63 63 63 63 63 63 62 62 62 63 62 63 63 63 63 63 64 64 64 65
    64 64 64 65 65 65 65 65 65 65 65 66 65 64 65 64 65 64 65 65 64 64 63
    63 63 62 62 62 62 61 61 62 62 63 63 63 64 64 63 63 64 63 64 63 64 65
    65 65 65 65 66 66 66 66 66 66 65 64 64 63 63 63 63 63 63 62 62 62 63
    62 62 62 62 62 62 61 61 61 61 62 61 61 62 62 62 63 62 63 64 64 64 65
    65 64 64 64 64 65 65 65 65 64 65 65 65 65 66 65 65 65 65 66 66 66 66
    66 66 66 65 65 65 65 65 65 64 65 65 65 65 64 64 64 64 64 64 64 63 62
    61 61 62 124 108 56 41 125 25 98 53 34 1 13 62 34 18 71 53 111 114 6
    10 78 17 47 25 127 63 23 57 50 26 72 38 102 5 84 80 55 24 20 112 88
    81 53 95 83 105 97 12 54 65 106 10 62 42 70 100 75 85 14 8 106 34 66
    24 59 63 63 63 63 63 62 63 63 63 63 64 65 65 64 64 64 63 63 63 64 64
    64 63 62 62 62 62 62 62 63 63 63 63 63 63 63 62 62 63 63 63 63 63 63
    63 64 64 64 65 65 65 64 65 65 65 65 65 65 65 65 65 65 65 65 65 65 65
    65 66 65 65 64 64 64 63 63 62 62 62 62 62 62 63 63 64 64 64 64 64 63
    64 64 64 64 65 65 65 66 66 66 67 67 67 67 67 66 65 65 65 64 64 64 64
    63 64 63 63 63 63 62 62 62 62 62 62 62 61 61 62 62 62 62 62 62 63 63
    63 64 65 65 65 65 66 65 65 65 64 65 65 65 65 64 65 64 64 65 65 65 65
    64 64 65 65 65 65 65 65 64 64 64 64 65 64 64 64 64 64 64 64 64 63 63
    64 64 64 64 62 62 61 61 61 82 9 87 40 91 93 107 72 64 82 116 79 5 21
    116 22 67 78 16 18 60 0 96 20 74 41 68 89 64 66 30 124 31 25 80 2
    124 54 43 18 23 97 55 72 120 58 29 119 84 105 111 90 56 30 25 42 61
    42 92 57 114 76 97 4 68 63 63 63 63 63 62 63 63 63 63 64 64 64 64 63
    63 63 63 63 64 64 63 62 62 62 62 62 62 62 63 64 64 64 64 64 64 63 63
    64 65 64 64 64 64 65 65 66 66 66 66 66 66 66 66 66 66 66 66 66 66 66
    66 64 64 64 64 64 63 64 64 63 63 63 63 62 62 62 62 62 62 62 62 63 63
    64 64 64 64 63 63 64 63 64 64 65 65 65 65 66 66 66 67 66 66 66 66 65
    65 65 64 64 64 64 64 64 64 63 63 64 63 63 63 63 63 63 62 62 62 62 63
    63 63 63 63 64 64 64 64 65 65 66 66 67 65 66 66 65 66 65 65 65 65 65
    65 65 65 65 65 65 65 65 65 65 65 65 65 65 64 64 64 64 64 64 64 64 64
    64 64 64 64 63 63 63 63 63 63 62 61 61 60 61 0 4 116 101 66 103 4 58
    98 63 90 47 100 1 106 6 8 0 49 36 58 101 78 73 13 34 52 29 16 65 30
    64 15 23 76 42 43 4 117 88 55 118 72 12 52 43 13 90 85 90 14 93 23
    70 15 103 13 21 75 117 55 79 104 25 1 63 64 63 63 63 62 63 63 63 63
    64 64 64 64 63 63 63 63 63 64 64 63 62 62 62 62 62 62 62 63 64 63 63
    64 64 63 63 63 63 64 64 64 64 64 64 64 65 65 66 66 66 65 65 66 66 65
    65 65 65 65 65 66 64 64 64 64 64 63 64 63 63 63 63 63 62 62 62 62 62
    61 61 62 63 63 64 64 64 64 64 64 64 64 65 65 66 66 66 66 66 67 67 68
    68 68 67 67 66 66 66 65 65 65 65 64 65 65 64 64 64 64 63 63 63 63 63
    63 63 62 62 63 63 63 63 63 63 64 64 64 65 65 65 66 66 65 65 66 65 66
    65 65 65 64 65 65 65 65 65 65 65 64 65 65 65 65 65 65 65 64 64 64 64
    65 64 64 63 64 64 64 64 64 63 63 63 63 63 63 61 61 60 60 60 84 78 59
    125 115 56 28 53 24 67 45 116 61 101 81 37 36 72 124 103 41 43 26
    124 29 66 71 47 102 96 84 60 92 114 10 106 102 89 121 127 126 3 21
    108 81 120 75 69 58 68 52 102 101 124 97 119 39 49 46 81 54 55 126
    120 1 63 64 63 63 63 62 63 63 63 63 64 64 65 64 63 63 63 63 63 64 64
    64 63 62 62 63 63 63 62 63 64 63 64 64 64 63 63 63 63 64 64 64 64 64
    64 64 64 64 65 65 65 65 65 65 65 65 65 65 65 65 65 66 63 63 63 62 62
    62 63 62 62 62 62 62 61 61 61 61 61 61 61 61 62 62 63 63 64 64 64 64
    64 64 65 64 65 65 66 66 66 67 67 68 68 68 67 67 66 66 66 66 65 65 65
    65 65 65 65 65 65 64 64 64 64 64 64 63 63 62 63 63 63 64 64 64 64 64
    64 65 66 65 65 66 66 65 66 66 65 66 66 65 65 65 65 65 65 65 65 65 65
    64 65 65 65 65 65 65 65 64 64 64 64 64 63 63 63 63 64 64 64 64 63 63
    63 63 63 63 62 62 61 61 61 8 5 34 8 104 81 47 84 118 16 111 98 47
    117 96 127 104 14 109 82 59 113 17 45 47 112 29 40 93 30 4 25 101
    108 3 23 46 45 124 118 63 99 17 108 87 48 17 91 83 71 68 28 41 67 33
    125 20 82 23 59 35 119 5 97 45 62 63 63 62 63 62 63 63 63 63 64 64
    65 64 63 63 63 63 63 64 64 63 63 62 62 62 63 62 62 63 63 63 64 64 64
    63 63 63 64 64 64 65 65 64 64 64 65 64 65 65 65 65 65 65 65 65 65 65
    64 65 64 65 62 62 62 61 61 61 62 62 62 61 61 61 61 61 60 60 61 60 61
    61 62 62 63 63 64 64 63 63 64 64 64 64 65 65 66 66 66 67 67 68 67 67
    67 67 66 66 66 66 65 65 65 65 65 65 65 65 65 64 63 64 63 63 63 63 63
    62 63 63 63 64 64 64 64 64 64 64 65 65 65 65 65 65 65 65 65 66 65 65
    65 64 64 64 64 64 65 64 64 63 64 64 64 64 65 64 64 64 64 64 64 64 63
    63 63 63 64 64 64 64 63 62 63 63 63 63 62 62 61 61 61 62 108 34 103
    47 112 51 56 54 35 79 112 126 34 45 78 113 12 4 1 96 99 23 32 81 47
    38 102 72 102 83 3 66 68 72 2 26 124 84 118 115 44 62 85 106 8 74 38
    123 40 105 107 83 38 74 78 4 12 82 43 113 55 70 67 87 62 63 63 62 62
    62 63 63 63 63 64 64 65 64 64 63 63 63 63 64 64 63 63 62 62 62 62 62
    62 63 63 63 64 64 64 63 63 64 64 64 64 65 65 65 65 65 65 65 66 66 66
    65 65 66 66 65 65 65 65 65 65 66 62 62 62 62 62 62 62 61 61 61 61 61
    60 60 60 60 60 60 60 60 61 61 62 62 63 63 62 63 63 63 63 63 64 64 65
    65 65 66 66 67 67 67 66 66 66 66 66 65 65 65 65 65 65 65 65 65 65 64
    63 63 63 63 63 63 63 62 63 63 63 63 64 63 64 64 64 64 65 64 64 65 65
    65 66 66 65 66 65 65 65 64 64 64 64 64 65 64 64 63 64 64 64 64 64 64
    64 64 63 63 63 64 63 63 63 63 63 64 64 64 63 62 63 63 63 63 62 62 61
    61 61 103 126 68 113 87 37 84 83 52 32 122 104 124 86 38 63 86 80 97
    26 57 125 101 42 85 57 5 59 33 105 104 117 41 92 50 3 16 44 12 118
    63 82 95 127 34 107 84 92 89 56 78 41 67 116 103 72 111 121 65 83 16
    127 48 117 103 62 63 63 63 63 62 63 63 63 63 64 64 64 64 63 63 63 62
    62 63 63 62 62 62 61 62 62 62 62 63 63 63 63 63 63 63 62 63 64 64 64
    65 65 65 65 65 65 65 65 65 66 65 65 65 65 64 64 64 64 64 64 65 62 62
    62 62 62 62 62 61 61 61 61 61 61 61 61 61 61 61 61 61 61 62 63 63 63
    63 63 63 63 63 63 63 64 64 65 65 65 66 66 67 66 66 66 66 66 66 66 65
    65 65 64 64 65 65 65 64 64 63 63 63 62 63 63 62 62 62 62 63 63 63 63
    63 63 63 63 64 65 64 64 65 65 65 66 66 65 66 65 65 65 64 64 64 64 64
    65 64 64 63 64 64 64 64 64 64 64 64 64 63 63 64 63 63 63 63 64 64 64
    64 63 63 64 64 64 63 63 63 62 62 62 117 73 89 104 94 41 69 48 77 73
    10 123 24 51 3 80 101 85 72 76 98 36 29 107 122 73 3 115 59 74 112
    117 123 0 32 95 77 35 59 2 125 3 68 21 5 3 14 25 60 84 13 17 105 69
    40 69 20 115 74 35 53 20 54 65 53 62 62 63 63 63 63 63 63 64 64 64
    64 65 64 64 63 63 63 63 63 63 63 62 62 62 62 62 62 62 63 63 62 63 63
    63 63 62 63 64 64 64 64 65 65 64 65 65 64 65 65 65 65 64 65 64 64 64
    64 63 63 64 65 62 62 62 61 61 61 61 61 61 61 61 61 60 60 60 60 61 60
    61 61 61 62 62 62 62 63 62 63 63 62 63 63 64 64 65 65 65 66 66 67 66
    66 66 66 65 65 66 65 65 65 65 65 65 65 65 64 65 63 63 63 63 63 63 62
    62 62 62 63 63 63 63 63 63 63 63 64 65 64 64 64 65 64 65 65 65 66 65
    65 65 64 64 64 64 65 65 64 64 63 64 64 63 64 64 64 64 64 64 63 63 64
    63 63 63 63 64 64 64 64 64 63 64 64 64 64 63 63 62 62 62 56 27 116
    59 46 101 125 6 14 17 46 15 112 96 115 76 28 46 102 5 48 38 122 47
    25 124 18 8 23 63 26 56 107 113 9 47 40 69 36 101 113 119 34 30 22 7
    114 113 90 85 38 83 2 81 37 55 20 127 58 19 99 2 10 17 28 62 63 63
    63 63 63 64 64 64 64 65 65 65 65 64 64 63 63 63 64 63 63 63 63 63 63
    63 63 62 63 63 63 63 63 64 63 62 63 64 64 64 65 65 64 64 65 65 64 65
    65 65 64 64 65 65 64 64 64 64 63 64 65 62 62 61 61 61 61 61 61 61 61
    61 61 61 61 61 61 61 61 61 61 61 62 62 62 63 63 62 63 63 63 64 64 64
    64 64 65 65 66 66 67 66 66 66 66 65 66 66 66 66 66 65 65 65 65 65 65
    65 64 64 64 63 63 63 63 62 62 62 63 63 64 64 63 63 64 64 65 65 64 64
    65 65 65 66 66 65 66 66 65 65 65 64 64 65 65 65 64 64 63 63 64 63 64
    64 64 64 64 64 63 63 64 63 63 63 63 64 64 65 65 64 64 64 64 64 64 63
    63 62 62 63 103 7 2 31 10 16 27 29 51 80 111 8 24 122 116 60 75 43
    126 110 20 28 66 87 36 102 2 50 84 52 68 15 120 88 13 111 72 8 50 71
    26 101 49 4 5 22 124 80 64 124 73 27 88 10 89 16 68 2 70 29 23 81 51
    109 123 62 62 63 63 63 63 63 64 64 64 64 65 65 64 64 63 63 63 63 64
    63 63 63 62 63 63 63 63 62 63 63 63 63 63 63 63 62 63 64 64 64 64 65
    64 64 65 65 64 65 65 65 65 65 65 65 65 64 64 64 64 64 65 61 61 61 61
    61 60 61 61 61 61 61 61 61 60 60 60 61 61 61 61 61 61 62 62 62 63 63
    63 63 63 63 63 64 64 64 64 65 65 65 66 66 65 65 65 65 65 66 66 66 65
    65 65 65 65 65 65 65 63 64 63 63 63 63 62 62 62 62 63 63 63 63 63 63
    63 63 64 64 64 64 64 64 64 65 65 65 66 65 65 65 64 65 65 65 65 65 64
    64 63 64 64 63 64 64 64 64 64 64 63 63 64 63 63 63 63 64 64 64 64 64
    63 64 64 64 64 63 63 62 62 63 48 121 126 53 98 16 10 12 13 83 105 45
    49 32 28 71 123 124 86 87 104 77 111 10 54 44 72 101 34 1 83 30 75
    79 68 20 84 55 3 26 65 13 47 33 26 55 97 113 70 56 0 6 26 86 13 106
    26 66 54 88 106 117 30 26 68 62 63 63 63 63 63 63 64 64 64 64 65 65
    64 64 63 63 63 63 63 63 63 62 62 62 63 63 63 62 62 62 62 62 63 63 62
    62 63 63 64 64 64 64 64 64 64 64 64 65 65 65 64 64 65 64 64 64 64 64
    64 64 65 61 60 60 60 60 60 60 60 60 60 60 60 60 60 60 60 61 61 61 60
    61 61 62 62 63 62 63 63 63 63 63 63 64 63 64 64 65 65 65 66 65 65 65
    65 65 65 65 65 66 65 65 65 65 65 65 65 65 64 64 64 63 63 63 63 62 62
    62 63 63 63 63 63 63 63 63 64 64 64 64 64 64 64 65 65 65 65 65 64 65
    64 64 65 65 65 65 64 64 63 63 64 63 63 64 64 64 64 64 63 63 64 63 63
    63 63 64 64 64 64 64 63 64 64 65 64 64 64 63 62 63 46 49 56 44 96
    127 6 81 37 24 1 49 78 77 46 111 92 0 103 5 100 121 34 100 2 41 86
    84 6 68 40 88 29 33 63 95 17 14 59 8 110 126 125 68 69 103 125 28 95
    96 110 113 67 56 54 121 60 117 41 3 73 35 95 24 11 62 62 63 63 63 63
    63 64 64 64 64 65 65 64 64 63 63 63 63 64 63 63 63 63 63 63 63 63 62
    63 63 62 63 63 63 62 62 63 63 64 64 64 64 64 64 64 64 64 65 65 64 64
    64 64 64 64 63 63 63 63 63 64 61 61 61 60 60 60 61 61 61 60 60 61 61
    60 60 61 61 61 61 61 61 62 62 62 63 63 63 63 63 63 64 64 64 64 64 65
    65 65 65 66 65 65 64 65 65 65 66 66 66 65 65 65 65 65 65 64 65 64 64
    63 63 63 63 62 62 62 62 63 63 63 63 63 63 63 63 64 64 64 64 64 64 64
    64 65 64 65 65 64 65 64 64 64 65 65 65 64 64 63 63 63 63 63 64 64 64
    64 64 63 63 64 63 63 63 63 64 65 65 65 64 64 65 65 65 65 64 64 63 63
    63 10 112 34 36 91 58 90 81 62 108 52 94 79 97 9 123 124 26 125 27
    82 43 34 48 73 25 17 121 126 106 54 120 40 13 51 120 32 118 4 19 47
    54 124 29 59 4 112 32 119 65 77 10 10 64 15 75 83 116 111 81 73 81
    40 27 43 62 63 64 63 64 64 64 65 65 65 65 65 65 65 64 64 64 64 64 64
    63 63 63 63 63 63 63 63 62 62 62 62 62 62 63 62 62 63 63 64 64 64 64
    64 64 64 64 64 65 65 64 64 64 64 64 64 64 64 63 63 63 65 60 59 59 59
    59 59 60 60 60 60 60 60 60 60 60 61 61 61 61 61 62 62 63 63 63 63 63
    63 64 64 64 64 65 64 65 65 65 65 65 66 65 65 64 64 65 65 66 65 65 65
    65 65 65 65 64 64 64 63 63 63 62 62 62 62 61 61 62 62 62 62 62 62 62
    62 63 63 64 64 63 63 63 63 64 65 64 65 65 65 65 65 65 65 65 65 65 64
    64 63 64 64 63 63 64 64 64 64 64 63 63 64 63 63 63 63 64 65 65 64 64
    64 65 65 65 65 64 64 63 63 63 96 12 102 93 107 4 81 67 32 90 98 11 8
    67 42 5 60 1 52 86 100 73 105 32 22 21 0 91 105 17 81 81 66 23 32 18
    49 108 42 105 45 14 67 91 86 69 72 118 108 55 108 70 111 58 112 79
    108 49 103 79 91 54 66 74 48 62 62 63 63 64 64 64 64 64 64 64 64 64
    64 63 63 64 63 64 64 63 63 63 63 63 64 64 63 62 63 62 62 63 63 63 63
    63 63 64 65 64 64 64 64 64 64 64 64 64 64 64 64 64 64 64 64 63 63 63
    63 63 64 60 60 60 60 60 60 61 60 60 60 60 60 60 61 61 61 62 62 62 61
    62 62 63 63 64 64 64 64 64 64 65 65 65 64 65 65 65 65 65 66 65 65 64
    64 65 65 66 65 65 65 65 64 64 65 64 64 64 63 63 62 62 62 62 61 61 61
    61 62 62 61 62 61 62 61 62 62 63 63 62 62 62 63 64 64 64 65 65 64 65
    64 65 65 65 65 65 65 64 64 64 64 63 63 64 64 64 64 64 64 63 64 63 63
    63 63 64 64 65 64 64 64 65 65 65 65 64 64 63 63 63 39 15 0 103 50 35
    18 1 85 18 29 8 81 34 4 56 83 87 114 17 127 52 78 79 14 66 57 0 2 4
    29 69 63 121 26 46 6 110 115 98 92 78 112 93 72 88 3 51 80 85 26 79
    84 37 100 76 85 87 86 15 47 59 85 60 27 62 62 63 63 63 64 63 64 64
    64 64 64 64 64 63 63 63 63 63 63 63 63 63 63 63 63 64 63 62 62 62 62
    62 62 62 62 62 62 63 64 64 64 64 63 63 64 64 64 64 64 64 63 63 63 63
    63 63 63 62 63 63 64 60 60 60 59 60 60 61 60 60 60 60 61 61 61 61 62
    62 62 62 62 63 63 64 63 64 64 64 64 65 64 65 65 65 64 65 65 65 65 65
    66 65 64 64 64 65 65 66 65 65 65 65 64 64 64 64 64 64 63 63 62 62 62
    62 62 61 61 61 62 61 61 61 61 61 61 62 62 62 62 62 62 62 62 63 64 64
    65 64 64 64 64 64 64 65 65 65 65 64 64 64 64 63 64 64 64 65 65 65 64
    64 64 64 64 64 64 65 65 66 65 65 65 66 65 66 66 65 65 64 63 63 46 6
    29 76 82 83 111 68 117 18 60 20 42 121 121 124 111 74 16 34 25 34 18
    38 28 4 53 112 39 77 74 120 23 112 123 109 18 6 127 6 43 16 13 107
    39 13 83 9 126 97 56 109 108 34 70 118 103 71 65 22 48 117 53 33 15
    62 62 63 62 63 63 63 64 64 63 64 64 64 63 62 62 62 62 63 63 62 62 62
    62 62 63 63 63 62 62 62 62 62 62 62 61 61 62 63 64 64 64 63 63 63 63
    64 64 64 64 63 62 63 63 63 63 62 62 62 63 63 64 59 59 59 59 59 59 60
    59 60 59 60 60 60 60 61 61 62 62 62 62 62 63 63 63 64 64 64 64 65 65
    65 65 65 65 66 65 65 66 65 66 65 65 64 64 65 65 66 66 66 65 65 64 64
    64 64 64 64 63 63 63 62 62 62 62 61 61 62 62 62 61 61 61 61 61 61 62
    62 62 62 62 62 62 63 64 64 65 64 64 65 64 64 64 65 65 66 65 65 64 64
    65 64 64 64 64 65 65 65 64 64 64 63 64 64 64 65 65 65 65 65 64 65 65
    65 65 64 65 64 63 63 106 91 86 84 37 82 127 108 99 69 119 39 98 102
    98 47 89 91 5 6 2 44 22 6 10 127 4 54 87 2 79 5 74 24 123 36 72 25
    52 100 100 79 62 121 29 60 15 77 104 110 13 68 18 48 38 18 2 4 28
    125 17 112 114 7 115 61 61 62 62 62 62 62 63 63 62 62 62 62 62 61 61
    62 62 62 62 62 62 62 62 62 62 63 63 62 62 62 62 62 62 62 62 62 63 63
    64 64 64 63 63 63 64 64 64 64 64 63 62 63 63 63 63 62 63 62 63 63 64
    59 59 59 59 59 59 60 60 60 60 60 61 61 61 62 62 62 63 63 62 63 63 64
    64 64 65 65 64 65 65 65 65 65 65 65 65 65 65 65 65 64 64 63 63 64 65
    65 65 65 64 64 64 64 64 63 63 63 62 63 62 62 62 62 62 61 61 62 62 61
    61 61 61 60 61 61 61 62 62 62 62 61 62 63 63 63 64 64 63 64 63 63 63
    64 64 65 64 64 64 64 64 63 63 64 64 64 65 64 64 63 64 63 64 64 64 65
    65 66 65 65 65 66 65 65 65 64 65 64 63 63 7 43 49 126 112 11 86 82
    80 112 88 118 97 62 16 121 117 13 18 103 86 50 106 63 106 18 12 117
    96 102 45 106 40 109 48 41 30 52 63 39 97 60 120 54 40 126 25 22 61
    19 72 6 8 127 55 62 111 10 92 31 63 1 121 70 91 62 62 62 62 63 63 63
    63 63 63 63 63 63 62 62 62 62 62 62 62 62 62 62 62 63 63 64 64 62 63
    62 62 62 62 63 62 62 63 64 64 64 64 64 63 63 64 64 64 64 64 63 62 63
    63 63 63 62 62 62 62 62 63 60 59 60 59 60 59 60 60 60 60 60 61 61 61
    62 62 62 63 63 62 63 63 63 63 64 64 64 64 64 64 64 64 64 64 64 64 64
    64 64 64 63 63 62 63 63 64 65 64 65 64 64 64 63 63 63 63 63 62 62 62
    62 62 62 62 61 61 62 62 61 61 61 61 61 61 61 61 61 62 62 62 61 62 63
    63 63 64 64 63 64 63 63 64 64 64 65 64 64 64 64 64 63 63 64 64 64 64
    64 64 63 64 63 63 64 64 65 65 66 66 65 65 66 65 65 65 65 65 65 64 64
    64 24 53 54 39 52 81 62 47 45 87 117 15 6 101 101 11 88 101 44 3 43
    64 120 88 85 64 121 12 123 109 5 53 107 18 10 77 27 50 25 24 79 110
    12 73 121 9 21 28 8 76 80 96 40 19 93 93 66 16 31 74 124 67 21 84 62
    62 63 62 63 63 62 63 63 62 62 62 62 62 61 61 61 62 62 62 62 62 62 62
    62 63 63 63 62 62 62 62 62 62 62 62 62 63 63 64 64 64 63 63 63 63 64
    64 64 64 63 63 63 64 64 63 63 63 63 63 63 64 60 60 60 60 60 59 61 60
    61 61 61 61 61 62 63 63 63 64 63 63 63 63 64 63 64 64 64 64 64 64 65
    64 64 63 64 64 63 64 63 63 62 62 62 62 63 63 64 64 64 64 64 63 63 63
    63 63 63 62 62 62 62 62 62 62 62 62 62 62 62 62 62 61 61 61 61 62 62
    62 62 62 61 62 63 63 63 64 64 64 64 64 64 64 64 65 65 64 64 64 64 64
    64 63 64 64 64 65 64 64 63 64 63 64 64 65 65 66 66 66 66 65 66 66 65
    65 65 65 65 64 64 127 115 108 116 18 53 60 87 118 25 84 34 77 99 16
    98 40 87 29 33 87 9 1 12 47 111 72 15 78 53 94 94 76 79 80 13 108 31
    59 100 20 69 19 44 17 56 53 105 102 9 79 32 75 15 6 127 41 80 29 121
    13 1 14 44 97 62 61 62 62 62 62 62 63 62 62 62 62 62 62 61 61 61 62
    62 62 62 61 62 62 62 63 63 63 62 63 62 62 62 62 62 62 62 63 64 64 64
    64 64 64 64 64 64 64 64 64 64 63 63 64 63 63 63 63 63 63 63 64 60 59
    60 59 60 59 60 60 60 60 60 61 61 62 63 63 63 64 63 63 63 63 64 63 64
    64 64 63 64 64 64 64 64 63 64 63 63 63 63 63 62 62 62 62 63 64 64 64
    65 64 64 64 64 64 63 64 64 63 63 63 63 63 63 63 62 62 63 63 62 62 62
    62 61 61 61 62 62 62 62 62 61 62 63 63 63 64 64 63 64 63 63 64 64 64
    65 64 64 64 64 64 63 63 64 64 64 64 64 64 63 63 63 63 64 65 65 66 66
    66 65 65 65 65 65 65 64 65 64 64 63 109 80 3 79 23 32 105 84 51 35
    34 59 60 4 122 98 62 75 84 8 35 1 36 96 57 77 14 23 6 108 77 0 1 76
    70 34 50 60 78 96 68 66 101 28 76 33 54 2 54 126 90 115 65 34 25 47
    85 102 103 5 23 6 97 12 68 62 62 62 62 62 63 62 63 63 62 62 63 63 62
    62 61 61 62 62 62 62 61 62 62 62 63 63 63 63 63 62 63 62 62 62 63 63
    63 64 64 64 64 64 64 64 64 64 64 64 64 64 63 64 64 64 64 63 64 63 64
    64 65 60 60 61 60 60 60 61 61 61 61 61 62 62 63 63 64 64 64 63 63 64
    64 64 64 64 64 64 64 64 64 64 64 64 63 63 63 63 63 62 62 62 61 61 62
    62 63 63 63 64 63 63 63 63 63 63 63 63 63 63 63 63 63 62 62 62 62 62
    62 62 62 62 62 61 61 61 62 62 62 62 62 61 62 63 63 63 64 64 63 64 63
    63 64 64 64 65 64 63 64 64 64 63 63 64 64 64 64 64 63 63 63 63 63 64
    65 65 65 66 66 65 65 65 65 65 64 64 65 64 64 64 17 101 25 6 0 67 84
    96 59 16 107 125 100 19 17 113 0 101 9 87 17 78 100 30 31 116 81 125
    126 14 125 63 36 12 38 32 105 68 77 50 38 30 46 37 55 46 28 103 59
    39 97 84 99 51 47 98 8 74 108 44 8 83 43 34 126 63 62 63 63 63 63 63
    63 63 62 62 62 62 62 62 61 61 61 61 62 61 61 61 62 62 62 63 63 62 63
    62 62 62 62 62 62 63 63 64 64 64 64 64 63 63 63 64 64 64 64 64 63 64
    64 64 63 63 63 63 63 63 64 61 60 61 61 61 60 61 61 61 62 62 62 63 63
    64 64 64 65 64 64 64 64 64 64 65 64 64 64 64 64 64 64 64 63 63 63 62
    62 62 62 61 62 61 62 62 63 63 64 64 63 63 63 63 63 63 63 63 63 63 63
    63 63 63 62 62 63 63 62 62 62 62 62 61 61 62 62 62 63 63 63 62 63 63
    64 64 64 64 64 64 64 64 64 65 65 65 65 64 64 65 64 64 64 64 64 64 65
    64 64 63 63 63 64 64 65 65 65 66 65 65 65 66 65 65 65 64 65 65 64 64
    47 10 54 123 11 97 38 13 103 25 13 46 100 21 66 69 91 53 27 19 90 39
    17 114 125 68 98 86 124 19 9 15 104 73 49 9 29 22 2 1 63 53 43 107
    78 109 24 86 85 80 93 94 39 121 30 59 2 56 83 44 82 85 12 119 19 63
    62 63 62 62 63 62 63 62 62 62 62 62 62 61 61 61 61 61 62 62 61 61 62
    62 63 63 63 63 63 63 63 62 63 63 63 63 64 64 65 64 65 65 64 64 64 64
    64 64 65 65 64 64 64 64 64 64 64 64 64 64 65 60 60 61 61 61 60 61 61
    61 61 61 62 62 62 63 64 64 64 64 63 63 64 64 64 64 64 64 63 64 63 64
    64 64 63 63 63 62 63 62 63 62 62 61 62 62 63 63 63 63 63 63 63 63 62
    62 62 62 62 62 62 62 62 62 62 61 62 62 62 62 61 61 61 61 60 61 61 62
    62 62 62 62 63 63 64 64 64 64 64 64 64 64 64 65 65 66 65 64 65 65 65
    64 64 64 64 64 65 64 64 63 63 63 64 65 65 65 65 66 65 65 64 65 65 65
    65 65 65 65 64 64 48 50 71 87 83 100 4 9 69 21 13 48 74 77 18 14 5
    11 54 32 1 25 118 26 71 82 113 18 72 38 23 2 88 80 125 107 52 66 88
    2 106 99 57 121 12 34 49 73 29 53 69 119 56 89 45 48 35 5 83 16 30
    79 96 52 102 63 62 63 62 62 63 62 63 62 62 62 61 62 62 61 61 61 61
    61 62 61 61 61 61 62 62 63 63 63 63 62 63 62 63 63 63 63 64 64 65 65
    65 65 64 64 64 65 64 65 65 65 64 64 64 64 64 64 64 64 64 64 65 60 60
    61 61 61 60 61 60 61 61 61 62 62 63 64 64 64 65 64 64 64 64 64 64 65
    64 64 64 64 64 64 64 64 63 64 64 63 63 63 63 62 62 62 62 63 63 63 64
    64 64 63 63 63 63 62 63 63 62 63 63 62 63 62 62 62 62 63 62 62 62 62
    62 61 61 61 62 62 62 63 63 62 63 64 64 64 65 64 64 64 64 64 65 65 65
    65 65 64 64 65 64 64 64 65 64 65 65 65 64 64 64 64 64 65 65 65 65 66
    65 65 64 66 65 65 65 65 65 65 64 64 127 112 70 120 31 113 61 90 65
    67 53 61 86 70 74 48 31 16 59 115 79 7 127 5 86 71 29 77 42 68 85 58
    0 46 111 52 103 115 47 27 114 88 72 71 114 61 119 66 35 52 25 14 42
    97 8 28 28 14 106 46 64 108 49 62 15 63 62 63 63 63 63 63 63 63 62
    62 62 62 62 61 61 61 61 61 62 61 61 61 62 62 62 63 63 63 63 62 63 63
    63 63 63 63 64 64 65 65 65 65 64 64 64 65 64 64 65 65 64 64 64 64 64
    64 64 64 64 64 65 60 60 61 60 61 60 61 60 60 60 61 62 62 63 64 64 65
    65 65 64 64 64 64 65 65 64 65 64 64 64 65 64 64 64 64 64 63 63 63 63
    62 62 62 62 62 63 63 64 64 63 63 63 63 62 62 63 62 62 62 62 62 62 62
    61 61 62 62 62 62 61 61 61 61 60 61 62 62 62 63 63 62 63 64 64 64 65
    64 64 64 64 64 64 65 65 65 65 64 64 65 64 64 64 64 64 64 64 64 64 63
    63 63 64 65 65 65 65 65 65 65 64 65 65 65 64 64 65 64 64 64 41 61 13
    99 31 26 37 20 96 46 9 20 124 15 19 83 126 63 127 115 19 16 106 6 92
    89 58 53 109 12 101 31 25 42 127 68 3 127 9 44 50 124 119 113 17 33
    1 107 73 104 48 84 47 96 115 80 15 2 54 105 118 55 74 118 21 62 62
    62 62 62 63 62 63 62 62 62 61 62 62 61 61 61 61 61 62 61 61 62 62 63
    63 64 63 63 63 63 63 63 63 63 63 63 64 64 65 65 65 65 64 64 64 64 64
    64 64 64 64 64 63 64 64 64 64 63 64 64 65 60 60 61 60 61 60 61 60 60
    60 61 62 63 63 64 64 65 65 65 64 64 64 64 65 65 65 65 64 64 64 64 64
    64 64 64 64 63 63 63 63 62 62 62 62 62 63 63 64 64 63 63 63 62 62 62
    62 62 62 62 62 62 62 62 62 61 62 62 62 61 61 61 61 60 60 61 61 62 62
    63 62 62 63 64 64 64 64 64 64 64 64 64 65 65 65 66 65 65 65 65 65 64
    64 65 64 65 65 65 64 64 64 64 65 66 65 66 66 66 66 65 65 66 65 66 65
    65 65 65 64 64 38 27 92 127 48 65 113 62 61 91 115 71 70 37 118 48
    94 78 88 119 72 125 93 93 88 43 95 35 16 28 126 16 53 61 4 116 43 35
    95 35 107 12 56 13 12 27 59 6 104 68 15 32 93 94 79 63 16 102 71 112
    93 89 24 17 90 62 61 62 62 62 63 62 62 62 62 61 61 62 62 61 61 61 61
    61 62 61 61 62 62 63 63 64 63 63 63 62 62 62 62 62 62 62 62 62 63 63
    63 63 63 63 63 63 62 63 63 63 63 63 62 63 63 63 63 63 64 63 64 60 60
    61 60 61 60 61 61 61 60 61 62 62 63 64 64 65 65 65 64 64 64 65 64 65
    64 65 65 65 64 65 64 64 64 64 64 63 63 63 63 62 62 62 62 63 63 64 64
    64 63 63 63 62 62 62 63 62 62 63 62 62 62 62 62 61 62 62 62 61 61 61
    61 60 60 61 62 62 62 63 62 61 62 63 64 64 64 64 63 64 64 64 64 65 65
    65 65 64 64 65 65 64 64 64 64 64 65 65 64 64 64 63 64 65 65 65 66 65
    65 65 65 65 65 66 65 65 66 65 64 65 112 109 98 33 98 112 80 85 29 22
    56 37 78 32 28 0 49 48 50 41 90 59 63 94 51 66 32 18 8 29 36 10 6 37
    79 79 48 121 9 70 104 81 69 38 18 16 101 48 59 83 53 52 28 39 14 78
    89 13 51 42 43 118 69 98 31 61 61 61 61 62 62 62 62 62 61 61 61 61
    62 61 61 61 61 61 61 61 61 61 62 62 62 63 63 63 63 62 62 62 62 62 62
    62 62 62 63 63 63 63 63 63 63 63 63 63 64 64 63 63 63 63 64 64 64 64
    64 64 65 61 60 61 61 62 61 62 61 61 61 61 62 63 63 64 64 64 65 65 64
    64 64 64 64 64 64 64 64 64 63 64 64 63 63 64 64 63 63 62 62 61 61 61
    61 62 62 63 63 63 63 63 62 62 61 62 62 62 62 62 62 62 62 62 62 62 62
    63 62 62 62 61 61 61 61 62 62 62 63 63 63 62 63 63 64 64 64 64 63 64
    64 64 64 65 65 65 65 64 64 65 65 64 64 65 64 65 65 65 64 64 64 63 64
    65 65 65 66 65 65 65 65 65 65 66 65 65 65 65 64 65 5 31 29 46 92 23
    12 35 88 62 89 29 75 123 56 98 41 60 114 124 66 89 12 111 29 2 34 83
    108 15 20 107 81 23 16 46 46 127 10 80 79 114 107 10 42 83 67 13 8
    78 109 21 97 65 72 83 99 99 111 117 48 73 104 92 49 61 60 61 61 61
    62 61 61 61 61 61 60 61 61 61 60 61 61 60 61 60 60 61 62 62 62 63 63
    63 63 62 62 62 62 62 62 62 62 62 63 63 63 63 63 63 63 63 63 63 64 64
    63 63 63 63 63 64 64 64 64 64 64 62 61 62 62 62 61 62 62 62 61 61 62
    63 63 64 64 64 65 65 64 64 64 64 64 64 63 64 63 63 63 63 63 63 63 63
    63 62 62 62 62 61 61 60 61 62 62 62 62 63 62 63 62 62 61 62 62 62 62
    62 62 62 63 62 62 62 62 63 62 62 61 61 61 61 61 62 62 63 63 63 63 62
    63 63 64 64 64 64 63 64 64 64 65 65 65 66 65 65 64 65 64 64 64 64 64
    64 64 64 64 63 63 63 63 64 65 64 65 65 64 64 64 64 65 65 64 64 65 64
    64 64 44 54 8 42 17 18 90 103 108 36 114 113 99 58 124 58 70 104 115
    58 85 74 19 56 91 67 111 79 29 97 42 19 4 45 54 59 48 23 29 0 15 111
    40 2 19 39 112 17 35 69 103 71 98 84 121 91 10 60 86 116 98 107 118
    4 89 61 60 61 61 61 61 61 61 61 61 61 60 61 61 61 60 61 61 60 61 60
    60 61 61 62 62 63 63 63 63 62 62 62 61 61 62 62 62 62 63 63 63 63 63
    63 63 64 63 64 64 64 64 64 63 64 64 64 64 64 65 64 65 62 61 62 62 62
    61 62 61 61 61 61 62 63 63 64 64 65 65 65 64 64 64 64 64 64 63 64 64
    64 64 64 64 63 63 63 63 62 62 62 62 61 61 60 60 61 62 62 62 63 62 62
    62 61 61 61 62 62 62 62 62 62 62 62 62 62 62 63 62 62 61 61 61 61 61
    62 63 63 63 63 63 62 63 63 64 64 64 64 63 64 64 64 64 65 65 65 65 65
    65 65 65 64 64 64 64 64 64 64 64 63 63 63 63 64 64 64 65 65 65 65 64
    65 65 65 64 64 65 64 63 63 70 82 54 96 103 72 16 60 86 76 103 28 117
    56 73 47 15 65 89 34 74 77 76 21 98 108 4 96 14 32 119 40 126 10 59
    36 18 16 83 97 60 15 39 39 83 120 11 97 66 89 21 53 35 89 9 108 110
    120 31 50 90 14 90 18 36 61 60 61 60 61 61 61 61 61 61 61 60 61 61
    60 60 61 60 60 60 60 60 61 61 62 62 63 63 63 63 62 62 61 61 61 62 62
    62 62 62 63 63 63 63 63 63 63 63 64 64 64 63 63 63 63 64 64 64 64 65
    64 65 61 60 61 61 61 60 61 61 61 61 61 62 63 63 64 64 65 65 65 64 64
    64 64 64 64 63 64 64 64 64 64 64 63 63 63 63 62 62 62 61 61 61 60 60
    61 61 62 62 63 62 62 62 61 61 62 62 62 63 63 62 62 63 62 62 62 62 63
    63 62 62 62 62 61 61 62 63 63 63 64 63 62 62 63 63 63 63 63 63 64 64
    64 64 64 64 65 64 64 64 64 64 63 64 64 64 64 64 64 64 63 63 63 63 64
    64 64 64 64 64 64 64 65 65 65 64 64 65 64 64 63 71 20 57 115 3 48 82
    63 94 97 113 14 27 74 107 77 12 101 50 77 111 127 46 70 126 86 74 30
    78 84 11 62 43 20 30 113 117 97 107 62 19 84 17 10 86 30 23 13 120
    106 47 64 89 106 17 121 81 55 15 21 80 90 3 100 77 62 61 61 61 61 62
    61 61 61 61 61 60 61 61 60 60 61 60 60 60 60 60 61 61 62 62 62 63 63
    63 62 62 61 61 61 62 62 62 62 63 63 63 63 63 63 63 63 63 64 64 64 63
    64 63 63 64 64 64 64 65 64 65 61 61 62 61 61 60 61 61 61 60 61 62 62
    62 64 64 64 64 64 64 64 63 63 63 63 62 63 63 64 64 64 64 63 63 63 63
    62 62 62 62 61 61 60 60 61 62 62 62 63 62 62 62 62 61 61 62 62 62 63
    62 62 63 63 62 62 63 64 63 63 62 62 62 62 61 62 63 63 63 63 63 62 62
    63 63 63 63 63 63 63 63 63 63 63 63 64 64 63 63 63 63 62 63 63 63 63
    63 63 62 62 62 62 62 63 63 63 64 63 63 63 63 64 64 64 63 63 64 63 62
    62 56 75 79 52 68 10 47 1 108 36 100 87 100 49 107 13 69 115 122 35
    62 13 49 82 69 52 79 36 27 110 74 45 60 45 45 62 122 119 22 6 20 34
    20 101 22 123 119 41 28 126 101 38 21 97 82 17 82 61 41 106 57 56 3
    1 122 61 61 61 61 61 61 61 61 61 61 60 60 61 61 60 60 60 60 60 60 60
    60 61 61 62 62 62 63 63 63 62 62 62 61 61 62 62 62 62 63 63 63 63 63
    63 63 64 64 64 64 64 64 64 63 63 64 64 64 64 64 63 64 62 61 62 62 62
    60 61 61 62 61 61 62 63 63 64 64 64 64 65 64 64 64 64 64 64 63 64 63
    64 64 64 64 64 63 64 63 62 62 62 62 62 61 61 61 62 62 62 62 63 62 63
    62 62 61 62 63 63 63 63 63 63 63 63 62 62 63 63 63 63 62 62 62 62 62
    63 63 63 63 63 63 62 62 63 63 63 63 63 63 64 64 63 63 63 63 64 63 62
    63 63 63 62 62 62 62 62 62 62 62 61 62 61 62 62 63 63 63 63 63 63 63
    63 64 64 63 63 64 63 62 62 121 54 13 18 84 112 18 74 106 87 44 105
    72 74 24 111 106 89 99 91 46 7 120 57 58 35 12 9 80 107 26 81 92 33
    53 37 15 65 21 64 92 11 116 7 32 0 108 37 83 82 126 74 29 89 46 99
    102 0 43 76 54 103 29 100 16 61 61 61 60 60 61 60 60 60 60 60 59 60
    60 59 59 60 59 59 60 60 59 60 60 61 61 62 62 62 62 62 62 62 62 61 62
    63 62 62 63 63 63 63 63 63 63 64 64 64 64 64 64 64 63 63 64 64 64 64
    64 63 64 63 63 63 63 63 62 62 62 62 62 62 63 63 64 65 65 65 65 65 65
    65 64 64 64 64 63 64 63 64 64 64 64 64 64 64 64 63 63 62 62 62 61 61
    61 62 62 62 63 63 62 63 62 62 61 62 63 63 62 62 62 62 63 62 62 62 62
    63 63 62 61 62 62 61 61 62 63 63 63 63 63 62 62 63 63 63 63 63 63 63
    63 63 63 63 63 63 63 62 62 63 62 61 62 62 62 61 62 62 61 60 61 61 61
    62 62 62 62 62 62 62 62 62 63 63 62 62 63 62 62 62 73 120 11 73 43
    114 28 15 79 127 3 108 36 84 40 29 99 9 92 103 58 30 125 112 4 14 52
    77 113 76 50 5 45 108 87 108 4 69 15 29 51 16 118 125 127 5 59 11 63
    68 93 85 126 73 15 120 84 54 124 55 98 123 66 8 49 61 61 61 61 61 61
    61 61 60 60 60 59 60 60 59 59 60 60 60 60 60 60 60 61 61 62 62 62 63
    63 62 62 62 62 61 63 63 63 63 63 63 63 64 64 63 63 64 63 64 64 63 63
    63 62 62 63 63 63 63 64 63 63 64 63 64 63 63 62 63 62 63 62 62 63 64
    64 65 65 65 65 65 65 65 64 64 64 64 63 64 63 64 64 64 64 64 64 64 64
    63 63 63 62 62 62 61 62 62 62 63 63 63 63 63 63 62 61 62 63 63 63 63
    62 62 63 62 62 62 63 63 63 62 61 62 62 62 62 63 63 63 63 64 63 62 62
    63 63 63 63 63 63 63 63 63 63 63 63 63 63 62 62 62 62 61 62 62 62 62
    63 63 62 61 61 61 62 62 62 62 62 62 62 62 62 62 63 62 62 62 63 62 62
    62 10 40 126 46 2 38 33 103 7 47 104 34 116 77 125 23 91 112 67 39
    89 26 20 85 105 33 38 68 24 112 69 98 99 70 46 119 53 80 84 84 102
    37 18 28 47 115 12 120 26 5 114 42 64 60 14 71 31 104 22 18 51 35
    126 108 18 62 61 61 61 61 61 61 61 61 61 60 59 60 60 59 60 60 60 60
    60 60 60 61 61 61 62 62 63 63 63 63 62 62 62 62 63 64 63 63 63 63 64
    64 64 64 64 64 64 64 64 63 63 64 63 63 63 63 64 64 64 63 63 65 64 65
    64 64 63 64 63 64 63 63 64 65 65 66 66 66 66 66 66 65 65 65 64 64 63
    64 64 64 64 64 64 64 64 64 64 63 63 63 62 62 62 61 62 62 63 63 63 63
    63 63 63 62 62 62 63 63 63 63 63 63 63 63 62 62 63 63 63 62 62 62 62
    62 62 63 63 63 63 64 63 62 62 63 63 63 63 63 63 64 64 64 63 64 63 64
    64 63 63 63 63 62 63 63 63 63 63 63 62 62 62 62 62 62 62 62 62 62 62
    62 62 62 63 62 62 62 62 62 62 62 51 44 54 124 90 101 31 33 10 82 82
    37 31 103 91 24 3 47 106 11 69 101 125 52 124 38 56 91 79 13 122 23
    43 50 125 105 99 117 68 83 109 19 86 109 59 120 114 113 63 43 89 40
    32 55 94 92 4 2 124 67 127 122 3 29 43 62 61 61 61 61 61 61 61 61 61
    60 59 60 60 59 60 60 60 60 60 60 60 61 61 61 62 62 63 63 63 63 62 62
    62 62 63 63 63 63 63 64 64 64 64 64 63 64 64 64 64 64 64 64 63 63 63
    64 64 64 64 63 64 65 64 65 65 65 63 64 64 64 64 64 64 64 65 66 66 66
    66 66 65 65 64 65 64 64 64 64 64 64 64 64 64 64 64 64 64 63 63 63 62
    62 62 62 62 63 63 63 63 63 63 63 63 63 62 62 64 64 63 63 63 63 63 63
    63 63 63 63 63 62 62 62 62 62 62 63 63 63 63 64 63 62 62 63 64 63 63
    63 63 64 64 64 64 64 64 64 64 63 64 64 63 63 63 63 63 63 63 63 62 61
    61 61 62 62 62 61 62 62 62 62 61 61 62 62 62 61 62 62 62 62 46 74 33
    2 84 73 39 3 86 64 29 68 127 109 90 29 86 23 46 95 65 96 70 3 113 75
    100 88 63 34 19 73 113 112 90 57 50 57 97 70 1 7 9 101 53 71 64 10
    93 91 44 126 102 92 26 9 11 18 88 66 19 60 121 121 52 61 61 61 60 60
    60 60 60 60 60 59 59 59 60 59 59 60 60 59 60 60 60 61 61 62 62 62 63
    63 63 63 63 63 62 62 63 64 64 63 64 64 64 64 64 64 64 65 64 64 64 64
    64 65 64 64 64 64 64 65 64 63 64 66 65 66 66 66 64 64 64 64 64 64 64
    65 65 67 66 66 66 66 66 65 64 64 64 64 63 64 64 64 64 64 64 64 64 64
    64 63 63 63 63 62 62 62 62 63 63 63 64 64 64 64 63 63 62 63 64 64 63
    64 64 63 64 63 63 63 63 64 63 63 62 62 63 62 62 63 63 63 63 64 64 63
    63 63 64 63 63 63 63 64 64 64 64 64 64 64 64 63 64 64 63 63 63 63 63
    63 63 63 63 61 62 62 62 62 62 61 62 62 62 62 61 61 62 62 61 61 62 62
    62 62 48 37 52 84 105 9 110 118 91 36 15 59 104 85 4 106 45 121 66
    32 47 23 13 30 99 68 116 75 126 52 49 20 21 25 24 53 25 123 52 24 59
    125 1 69 118 56 26 87 52 52 34 85 46 58 74 81 15 20 103 72 123 58 79
    41 66 62 61 61 61 60 60 60 60 60 61 60 60 60 60 60 60 60 60 60 61 61
    61 61 62 62 62 62 63 63 64 63 63 63 62 62 63 64 64 64 64 64 64 64 64
    64 64 65 64 64 64 64 64 65 64 64 64 64 64 65 64 64 64 66 66 66 66 66
    64 65 64 64 64 64 64 65 65 67 66 66 66 66 66 65 64 64 64 64 63 64 64
    64 64 64 64 64 64 64 64 63 63 63 63 62 62 62 62 63 64 64 64 64 64 64
    64 64 63 63 65 65 64 64 64 64 65 64 63 63 64 64 64 63 63 63 63 62 62
    63 63 64 64 64 64 63 63 63 64 63 63 63 64 64 65 64 64 64 64 64 64 63
    63 64 63 63 63 63 63 63 63 63 62 61 61 61 62 62 61 61 61 61 61 61 61
    61 62 62 61 61 62 62 61 61 109 118 87 11 55 31 123 108 22 40 24 123
    94 103 45 62 73 22 96 34 93 40 65 108 43 40 22 107 127 59 118 106 23
    61 12 72 36 123 28 69 48 67 66 75 24 9 25 51 64 18 99 37 93 95 108
    20 36 108 64 110 18 6 82 22 26 61 61 61 60 60 60 60 60 60 61 60 59
    60 60 60 60 60 60 60 61 61 61 62 62 62 63 63 63 64 64 64 63 63 63 63
    64 64 64 64 64 64 65 65 65 64 64 65 64 65 64 64 64 65 64 64 64 65 65
    65 64 64 64 67 66 67 67 66 65 65 65 65 65 65 64 65 66 67 66 66 66 66
    66 65 64 64 64 64 63 63 63 63 64 64 64 64 64 64 64 63 63 63 63 62 62
    62 62 63 63 64 64 64 64 65 64 64 63 63 65 64 64 64 64 64 65 64 64 63
    64 64 64 64 63 63 64 63 63 64 64 64 64 64 64 63 63 64 64 64 64 63 64
    64 65 65 64 64 64 64 64 63 63 63 63 62 63 63 62 62 63 62 61 61 61 61
    61 61 61 60 61 61 61 61 60 61 61 61 61 60 61 61 61 62 36 17 20 52
    126 50 92 59 83 89 62 42 6 112 73 45 21 60 70 104 70 37 98 86 44 95
    28 108 60 0 35 63 126 41 102 106 3 54 18 73 26 22 8 54 109 116 63 82
    53 23 94 97 107 57 115 14 124 97 121 120 14 36 29 3 77 62 62 62 61
    61 61 61 61 61 61 61 60 61 61 61 61 61 61 61 61 62 61 62 62 63 63 63
    64 65 64 64 64 64 63 63 64 64 64 64 64 64 64 65 65 64 64 64 64 64 64
    64 64 64 63 63 64 64 64 64 64 63 63 67 66 67 67 66 65 65 65 65 65 64
    65 66 66 67 67 66 66 66 66 65 64 64 64 64 63 63 63 63 63 63 63 63 63
    63 63 63 63 62 62 62 62 62 62 63 63 64 64 64 64 64 64 64 63 63 65 65
    64 64 64 64 65 64 64 63 64 64 64 63 63 63 63 62 62 64 64 64 64 64 64
    63 63 64 64 64 64 63 64 64 65 65 65 65 64 65 64 64 63 64 63 63 63 63
    63 63 63 62 62 61 61 61 61 61 61 60 61 61 61 61 61 61 61 61 61 61 62
    62 62 62 19 76 62 88 31 45 111 50 124 116 47 14 110 104 40 53 33 104
    107 55 77 112 62 0 120 64 42 26 39 79 43 72 32 67 106 26 39 5 78 61
    57 96 66 105 71 61 103 101 12 60 124 118 19 24 97 38 120 39 82 6 18
    35 102 64 27 62 62 62 61 61 61 61 61 61 62 61 61 62 62 62 61 62 61
    61 62 62 62 63 63 64 63 64 64 65 65 64 64 64 63 63 64 64 64 64 64 64
    64 65 65 64 64 64 64 64 64 64 64 64 63 63 63 64 63 64 64 63 63 67 66
    67 67 66 65 65 65 65 64 64 64 65 65 67 66 66 66 66 66 65 64 64 64 63
    62 63 63 63 63 63 63 63 63 64 64 63 63 63 63 62 62 62 62 63 64 64 64
    64 64 65 65 65 64 64 65 65 65 65 65 64 65 64 64 63 64 64 64 64 63 63
    64 63 64 65 65 65 65 65 65 65 65 65 65 65 65 65 65 66 66 66 66 66 66
    66 66 65 65 64 64 64 64 63 63 63 63 63 63 62 62 62 62 62 61 61 61 62
    62 62 61 61 62 62 62 61 62 62 62 62 37 41 73 37 33 112 121 2 103 13
    126 68 47 60 91 57 44 102 115 82 0 106 74 40 25 39 118 60 22 116 25
    57 84 117 115 101 105 120 110 69 12 72 75 79 92 0 99 117 74 126 87
    126 5 56 108 124 41 123 62 78 41 1 117 101 47 61 61 61 61 61 61 61
    61 62 62 61 61 62 62 62 62 62 62 62 62 63 62 63 64 64 64 65 65 65 65
    64 64 64 63 63 64 64 64 64 64 64 64 64 64 64 63 63 63 63 63 63 63 63
    62 62 63 63 63 63 63 62 63 67 67 67 67 66 65 64 65 65 64 64 65 65 66
    67 66 67 66 67 66 65 65 64 64 63 62 63 63 63 64 64 64 64 64 64 64 64
    64 63 63 63 63 63 63 64 64 64 65 65 64 65 65 65 64 64 65 65 65 65 65
    65 65 65 64 64 64 65 65 64 63 63 64 64 64 65 66 65 65 65 65 65 65 65
    65 65 65 65 65 66 67 66 66 66 66 66 66 65 65 64 64 63 63 63 63 64 64
    63 63 62 62 62 62 62 61 61 61 61 62 62 61 61 62 62 62 61 62 62 62 62
    103 7 63 96 74 113 19 46 6 64 61 110 56 12 84 109 14 69 103 72 42 54
    53 115 76 38 96 122 28 40 28 116 106 40 76 16 121 20 78 90 12 105 62
    47 38 16 49 73 104 45 120 121 56 33 83 112 116 68 70 109 87 54 125
    50 68 62 62 62 61 61 62 62 62 62 63 62 62 63 63 63 63 63 63 63 63 63
    63 64 64 65 64 65 66 66 66 65 64 64 64 64 64 64 64 64 64 64 64 65 65
    64 64 64 63 64 63 63 63 63 62 62 62 63 63 63 63 62 63 67 66 66 66 65
    64 64 64 64 64 64 64 64 64 65 65 65 65 65 65 64 63 63 63 62 62 62 63
    62 63 63 64 64 64 64 64 64 64 64 64 63 63 63 63 64 65 65 66 65 65 66
    66 65 65 65 66 66 66 66 65 65 65 65 64 64 64 65 65 64 64 64 64 64 64
    66 66 66 65 66 66 65 65 65 65 65 65 65 65 66 67 66 66 66 66 66 66 65
    65 64 64 63 63 63 63 63 63 63 63 62 62 62 62 62 61 61 61 61 61 61 61
    61 61 61 61 61 61 62 61 61 28 72 30 104 56 21 70 41 120 57 44 26 44
    20 34 90 6 33 14 57 90 67 1 26 66 22 100 78 0 47 45 25 33 54 39 118
    91 1 124 47 16 82 35 91 85 126 111 106 18 56 47 45 53 53 80 92 79 34
    63 96 66 19 50 54 108 62 62 62 61 61 61 61 61 62 62 62 62 63 63 63
    63 64 63 63 63 63 63 64 64 65 64 65 65 66 65 65 64 64 63 63 64 64 64
    63 63 64 64 64 64 64 63 64 63 63 63 63 63 63 62 62 63 63 63 63 63 62
    63 66 66 66 66 65 65 64 64 64 64 64 64 65 64 65 65 65 64 65 65 64 63
    62 62 62 62 62 63 62 63 63 64 64 64 64 64 64 64 64 64 63 63 63 63 64
    65 65 65 65 65 65 66 65 64 64 65 65 65 65 64 64 64 64 63 63 64 64 64
    63 63 63 63 63 64 65 65 65 65 65 65 65 65 65 65 65 65 65 65 66 66 66
    66 65 65 66 65 65 64 64 64 63 63 63 63 64 63 63 63 62 62 62 62 62 61
    61 61 61 61 61 61 60 61 61 61 60 61 61 61 61 61 25 18 23 108 64 25
    88 62 43 7 102 28 118 98 107 57 93 42 117 109 90 2 52 114 56 1 64
    119 67 121 0 27 5 123 43 35 18 47 76 101 47 38 104 50 96 63 65 10
    101 43 47 108 15 32 109 62 103 36 68 42 54 110 81 26 61 61 61 61 61
    61 61 62 62 63 62 62 63 63 63 63 64 63 63 63 64 63 64 64 65 65 65 66
    66 65 65 64 64 63 63 64 64 63 63 63 63 63 64 64 64 63 64 63 63 63 63
    62 63 62 62 63 63 63 63 63 62 63 67 67 66 67 66 65 64 64 64 64 64 64
    64 64 65 65 65 64 65 65 64 63 62 62 62 61 61 63 62 63 63 64 64 64 64
    64 64 64 64 64 63 63 63 63 65 65 65 66 66 66 66 66 65 65 65 66 65 65
    65 65 64 65 64 64 63 64 64 64 64 63 63 64 63 64 65 65 65 65 65 65 65
    65 65 65 64 65 64 64 65 66 66 65 64 64 65 65 64 64 63 63 63 63 63 62
    63 63 62 62 62 62 62 62 62 61 61 61 61 61 61 61 60 61 61 61 60 61 61
    61 61 51 23 126 10 38 33 98 94 62 92 46 87 82 4 123 69 79 93 50 30
    109 18 99 27 90 31 31 81 119 74 66 12 93 70 87 57 120 37 10 32 40 75
    37 89 70 92 19 115 85 92 34 8 30 54 15 32 111 85 102 13 31 65 17 116
    124 61 61 61 61 61 61 61 61 62 62 62 62 62 63 62 63 63 63 63 63 63
    63 64 64 65 65 65 66 66 65 65 64 64 63 63 63 63 63 63 63 63 63 64 64
    64 63 63 63 63 62 62 62 62 62 62 62 63 63 63 63 62 63 66 66 66 66 65
    64 64 64 64 63 64 63 64 64 64 64 64 64 64 64 63 62 61 61 61 61 61 63
    62 63 63 64 64 64 64 64 64 64 65 64 64 64 64 64 65 65 66 66 66 66 66
    66 66 65 65 66 66 65 65 65 64 65 64 63 63 64 64 64 63 63 63 63 63 63
    64 65 64 64 65 65 64 64 64 64 64 64 64 64 64 65 65 64 64 64 64 64 64
    63 63 63 62 62 62 62 62 62 61 61 61 61 61 62 61 61 60 60 61 61 61 60
    60 60 60 61 60 61 61 61 60 73 1 54 42 12 7 39 53 90 96 66 44 8 64 92
    27 25 91 69 28 107 95 86 0 61 103 1 46 102 5 4 46 113 9 35 75 107 91
    120 36 41 49 17 9 18 12 81 21 18 7 46 26 23 7 34 20 52 67 79 54 61
    79 104 122 86 62 62 61 61 61 62 62 62 63 63 63 63 63 63 63 63 64 64
    63 63 64 64 64 64 65 65 65 65 66 65 64 63 63 62 62 63 63 63 62 63 63
    63 63 63 63 63 63 62 62 62 62 62 62 61 62 62 63 62 63 63 62 62 67 67
    66 66 65 65 64 65 65 64 64 64 64 64 65 65 65 64 65 65 64 63 62 62 62
    62 62 64 63 64 64 65 65 65 65 65 65 65 65 65 64 64 64 64 65 66 66 67
    67 67 67 67 66 66 66 66 66 65 65 65 65 65 64 64 64 64 65 65 64 63 63
    64 63 64 65 65 64 64 65 64 64 64 64 64 64 64 64 64 64 65 65 64 64 64
    64 64 64 64 63 63 62 62 62 62 62 62 61 61 61 61 61 61 61 60 60 60 60
    60 60 60 59 60 59 60 60 60 61 60 60 109 61 12 81 25 72 7 53 44 59 55
    73 18 89 23 55 110 24 127 38 114 92 105 38 27 123 110 57 25 38 108
    13 37 103 82 90 72 111 108 75 117 19 51 92 116 16 65 102 76 111 87
    115 49 108 35 6 124 113 83 23 59 57 29 70 3 62 62 62 62 62 62 62 62
    63 64 63 63 63 64 63 64 64 64 64 64 64 64 65 65 65 65 65 66 66 65 64
    63 64 63 62 63 63 63 62 62 62 62 63 63 63 62 62 62 62 62 62 62 62 61
    62 62 62 62 62 62 62 61 67 67 67 67 65 65 65 65 65 64 64 64 64 64 65
    64 64 64 64 64 63 63 62 62 62 61 62 63 63 64 64 64 64 64 65 65 65 65
    66 65 65 65 65 65 66 66 66 67 67 66 67 67 66 66 66 66 66 65 65 65 65
    65 64 63 63 64 64 64 64 63 63 64 63 64 65 65 65 64 65 65 65 64 64 64
    64 64 63 64 64 65 64 64 63 63 64 64 64 63 63 62 61 61 61 61 61 61 61
    61 61 61 61 61 60 60 59 60 61 60 60 60 59 59 59 60 59 60 61 61 60
    125 94 77 37 86 94 22 32 99 87 7 101 122 113 61 113 76 61 70 51 6
    125 40 31 89 115 87 124 105 120 37 24 29 3 67 93 84 29 100 51 3 86
    51 125 90 92 5 40 22 69 119 6 38 0 57 88 117 124 21 2 18 2 29 78 90
    62 62 62 62 61 62 62 62 63 63 63 63 63 64 63 63 64 64 64 64 64 64 64
    65 65 65 65 66 66 65 65 64 64 63 63 63 63 63 63 63 63 62 63 63 63 62
    63 62 62 62 62 62 62 61 62 62 62 62 62 62 62 62 67 67 66 67 65 65 65
    65 65 64 64 64 64 64 65 65 65 64 64 64 63 63 62 62 62 62 62 63 63 64
    64 65 65 65 66 66 66 66 66 66 65 65 66 66 66 67 67 67 67 67 67 67 67
    66 66 66 66 65 66 65 65 65 64 64 63 64 64 65 64 63 63 64 63 64 65 65
    64 64 64 64 64 64 64 63 63 63 63 63 64 64 64 63 63 63 63 63 63 63 62
    62 61 61 61 61 61 61 61 61 60 61 60 60 60 59 59 59 60 60 60 59 59 59
    59 59 59 60 60 60 60 120 55 32 28 30 8 99 120 9 101 70 39 46 98 24
    103 51 66 36 117 43 21 11 97 45 18 81 25 90 124 92 70 99 41 6 103 7
    60 114 69 111 44 0 39 24 51 121 77 34 80 14 48 114 50 88 126 101 35
    60 65 6 43 32 44 93 62 62 62 62 61 62 62 62 63 64 63 63 63 64 63 63
    64 64 64 64 64 64 64 64 65 65 65 65 65 65 64 63 63 62 62 63 62 62 62
    62 62 62 62 63 62 62 62 62 62 62 62 62 62 61 62 62 62 62 62 61 61 61
    67 67 67 67 66 65 65 65 65 64 64 63 64 64 65 65 64 64 64 64 63 63 62
    62 62 61 62 63 63 64 64 65 65 65 66 66 66 66 66 66 65 65 65 65 66 66
    67 67 67 67 68 68 67 66 66 66 66 66 66 65 65 65 65 64 64 64 64 65 64
    63 63 64 64 64 64 65 64 64 64 64 64 64 63 63 63 63 63 63 64 64 64 63
    63 63 63 64 64 63 63 63 62 62 62 62 62 62 61 61 60 61 60 60 59 59 58
    59 60 60 59 59 59 58 58 59 58 59 59 59 59 0 101 123 114 123 94 81 48
    31 69 51 8 71 72 83 96 61 75 65 68 123 47 68 58 120 52 41 99 47 16
    112 103 124 98 88 73 79 29 14 35 113 77 70 39 116 16 127 97 12 85
    122 54 5 46 42 92 68 63 55 26 98 116 109 83 8 63 63 62 62 62 62 63
    63 64 64 64 64 64 64 64 64 65 65 65 65 65 65 65 65 65 65 66 66 66 65
    64 63 63 63 63 63 63 63 63 63 63 62 63 63 63 62 62 62 62 62 62 62 62
    62 62 62 62 62 62 62 61 61 67 67 67 67 66 66 65 65 65 64 64 63 64 64
    65 64 64 63 63 63 62 62 61 61 61 61 61 63 63 63 64 64 64 65 65 65 65
    65 66 65 65 65 65 66 66 66 67 67 67 67 67 67 66 66 66 66 66 65 65 65
    65 65 64 63 63 64 64 64 63 63 63 63 63 63 64 64 63 63 64 63 63 63 63
    63 63 63 63 63 64 65 64 63 63 63 64 64 64 63 63 63 62 62 62 62 62 62
    61 61 61 61 61 61 60 60 59 60 61 60 60 60 59 59 59 59 59 60 60 60 59
    94 44 38 90 114 61 105 125 80 70 94 48 54 93 76 33 85 120 107 21 108
    126 66 27 52 62 82 30 32 10 77 98 119 120 101 97 31 87 86 125 66 37
    113 60 56 89 60 46 8 110 17 53 41 109 10 3 40 87 125 10 15 113 58
    105 62 63 63 63 63 63 63 64 64 65 65 65 65 65 65 64 65 65 65 65 65
    66 65 66 66 66 66 66 66 66 65 64 63 63 63 63 63 63 63 63 63 63 62 63
    63 62 62 62 62 62 62 62 62 62 62 62 62 62 62 62 61 61 61 67 67 67 67
    66 66 65 65 65 64 64 64 64 64 65 65 64 64 64 64 63 62 62 62 61 61 62
    63 63 64 64 64 65 65 65 65 66 66 66 66 65 66 66 66 67 67 67 68 67 68
    68 68 67 66 66 66 66 65 65 65 65 65 64 63 63 63 63 63 63 62 62 62 63
    63 63 63 63 63 64 64 64 64 63 63 63 63 63 63 64 65 64 64 63 63 64 64
    64 64 63 63 62 62 62 62 62 62 61 61 60 61 61 60 60 59 59 59 60 60 60
    59 59 59 58 59 59 59 60 59 59 48 16 53 89 44 61 91 71 78 51 47 68 3
    103 51 97 2 106 47 49 32 76 79 119 64 114 27 68 28 50 52 9 5 111 48
    20 120 111 77 10 69 79 112 113 11 38 36 116 16 65 8 72 111 52 98 71
    22 28 100 117 117 27 8 76 11 63 63 63 63 63 63 64 64 65 65 65 65 65
    65 65 65 65 65 65 65 66 65 66 66 66 66 66 66 66 65 64 64 64 63 63 64
    64 64 64 64 64 63 63 63 63 63 63 62 63 62 62 62 62 62 63 63 63 62 62
    62 61 61 67 67 66 66 65 65 65 65 65 64 64 63 64 64 65 64 64 63 64 64
    62 62 61 61 61 61 61 63 63 63 63 64 64 64 65 65 65 65 66 65 65 65 65
    66 66 67 67 67 67 67 67 67 66 66 66 66 66 65 65 65 64 64 64 63 63 64
    63 64 63 63 63 63 63 63 63 63 63 63 64 64 64 64 64 63 63 63 63 64 65
    65 65 64 64 64 64 64 64 64 64 64 63 63 63 63 63 63 62 62 61 61 61 61
    61 60 60 60 61 61 61 60 60 60 59 60 59 60 60 60 59 81 77 96 92 99 70
    80 64 102 82 72 39 0 127 85 123 4 22 94 22 13 70 119 36 38 41 121 68
    106 98 18 113 33 120 100 100 60 16 66 56 73 6 127 117 107 3 102 49
    124 40 19 82 95 28 9 58 51 86 72 29 44 78 46 25 8 63 63 63 63 62 63
    64 64 65 65 65 65 64 64 64 64 65 65 65 65 65 65 65 65 65 65 65 65 66
    65 64 63 63 63 63 64 63 63 64 64 64 63 63 63 63 63 63 63 63 62 62 62
    63 62 63 63 63 62 63 62 62 62 67 67 67 67 66 66 65 66 65 65 64 64 64
    64 65 65 64 64 64 64 62 62 61 61 61 61 61 63 62 63 63 64 64 64 65 65
    65 66 66 65 65 65 66 66 67 67 67 68 67 68 68 68 66 66 66 66 66 65 65
    65 65 65 64 64 63 64 64 64 63 63 63 63 63 63 63 63 64 64 64 64 64 65
    64 64 64 64 64 64 65 66 65 65 64 64 64 65 65 64 64 64 64 63 63 63 63
    63 62 62 62 62 61 61 61 60 60 60 61 61 61 60 60 59 59 60 59 59 60 59
    59 41 30 19 59 33 60 75 81 49 117 111 15 66 56 53 5 89 81 44 78 54
    114 91 68 49 80 117 59 2 24 117 93 116 53 53 82 94 2 109 48 17 41 34
    2 55 106 9 50 87 42 8 11 46 32 59 124 78 1 102 107 117 60 44 53 78
    63 63 63 63 62 63 64 64 65 65 65 65 64 64 64 64 65 64 65 65 65 65 65
    65 65 65 65 65 65 65 64 63 63 63 63 64 63 64 64 64 64 63 63 63 63 63
    63 63 63 62 63 62 63 62 63 63 63 62 62 62 62 62 68 68 68 68 67 67 66
    66 65 65 64 64 64 64 65 65 64 64 64 63 62 62 61 61 61 61 61 63 63 63
    63 64 65 65 65 66 66 66 66 66 65 66 66 66 67 67 67 67 67 68 68 67 66
    66 66 66 66 65 65 65 64 64 63 63 63 64 64 64 63 63 63 64 64 63 64 64
    64 65 65 65 65 65 65 65 65 65 65 66 66 66 66 65 65 65 65 66 66 65 65
    65 64 64 64 63 64 64 63 62 62 62 62 62 61 61 60 61 61 61 61 60 60 59
    59 60 59 59 59 59 59 8 76 105 26 11 9 84 112 60 88 61 11 99 17 12 63
    24 78 40 50 113 62 78 65 105 75 70 81 29 10 69 6 27 117 10 91 123 68
    12 71 43 102 4 100 61 105 68 46 84 94 17 121 73 56 127 81 89 114 112
    59 42 28 39 118 21 62 63 62 62 62 63 64 64 64 64 65 64 64 64 64 64
    65 64 64 64 65 65 65 65 65 65 65 65 65 64 63 62 63 62 63 63 63 63 63
    63 64 63 63 63 63 62 62 62 62 62 62 62 62 62 63 63 62 62 62 62 61 61
    67 67 67 67 66 66 65 65 65 64 64 63 63 64 64 64 63 63 63 63 62 61 61
    61 60 61 61 62 62 62 63 63 64 64 65 65 65 66 66 65 65 65 66 66 66 67
    67 67 67 67 67 67 66 66 66 66 66 65 65 65 64 64 64 63 63 64 64 64 63
    63 63 64 64 63 64 64 64 64 65 65 64 65 65 65 65 65 65 65 66 66 66 66
    65 66 66 66 66 66 65 65 64 64 64 63 64 64 63 63 63 62 62 62 61 61 60
    61 61 61 61 60 60 59 59 60 59 59 60 59 59 20 91 54 15 116 27 11 22 6
    91 94 14 109 101 89 90 110 101 20 50 2 121 57 103 91 41 74 73 88 16
    24 26 104 69 126 22 64 1 72 37 53 81 87 50 113 88 39 97 49 103 46 16
    10 76 47 32 42 122 12 53 59 26 104 115 99 62 63 63 63 62 63 64 64 65
    64 65 64 64 65 64 64 65 64 65 64 65 65 65 65 65 65 65 65 65 64 63 62
    63 62 63 63 63 63 63 63 64 63 63 63 63 62 62 62 62 62 62 62 62 62 62
    62 62 62 62 62 61 61 67 67 67 67 66 66 65 65 64 64 63 63 63 63 64 63
    63 62 63 62 61 61 60 60 60 60 60 62 62 62 63 63 64 64 65 65 65 66 66
    65 65 65 66 66 66 67 67 67 67 67 67 67 66 66 66 66 66 65 65 65 64 64
    64 63 63 64 64 64 63 63 63 63 63 63 63 64 64 64 65 64 64 65 65 64 64
    64 64 65 65 66 65 65 65 65 66 66 66 65 65 65 65 64 64 63 64 64 63 63
    62 62 62 62 61 61 61 61 62 61 61 60 60 59 59 60 59 59 60 60 59 0 81
    5 17 17 21 32 24 56 98 18 22 9 98 50 78 99 99 32 42 79 114 101 11
    116 110 119 54 117 97 118 106 13 110 16 38 98 16 122 61 8 52 111 89
    52 106 45 119 12 84 47 45 31 110 100 5 103 1 20 86 6 53 11 108 118
    63 63 63 63 63 63 64 65 65 65 65 65 65 65 65 65 65 65 65 65 65 65 65
    65 65 65 65 66 65 64 64 63 63 62 63 63 63 63 63 63 64 63 63 63 63 63
    62 62 62 62 62 62 62 61 62 62 62 62 62 62 62 62 65 65 65 66 65 65 64
    64 63 63 62 62 62 62 63 62 62 62 62 62 61 61 60 61 60 61 61 62 62 62
    63 63 64 64 65 65 65 66 66 65 65 65 66 66 66 66 66 67 66 67 67 67 66
    66 66 66 66 65 65 64 64 64 64 63 63 64 63 63 63 63 63 63 63 63 63 63
    63 63 64 64 64 64 64 64 64 64 64 64 65 65 65 65 65 65 65 65 66 66 65
    65 65 64 64 64 64 64 63 63 63 63 63 63 62 62 62 62 63 62 62 61 61 60
    60 61 60 60 60 60 59 114 70 95 118 92 27 41 91 102 19 112 22 50 107
    47 66 3 94 47 116 111 121 64 84 41 5 77 97 80 98 125 9 102 27 113
    108 69 11 39 94 39 58 42 0 80 74 42 124 65 28 15 76 21 112 112 102
    117 121 90 82 116 121 70 1 119 63 63 63 63 63 63 64 65 65 65 65 65
    65 66 65 65 65 65 65 65 65 65 65 66 65 65 65 65 65 64 64 63 63 62 63
    63 63 63 63 63 64 63 63 63 63 63 62 62 62 62 62 62 62 62 62 63 63 62
    63 62 62 62 65 66 65 66 65 65 64 64 64 63 63 62 62 63 63 63 62 62 62
    62 61 61 60 61 60 61 61 62 62 62 63 63 64 64 64 65 65 65 65 65 64 65
    65 65 66 66 66 66 66 66 66 66 66 66 66 66 66 65 65 65 64 64 64 63 63
    64 63 64 63 63 63 63 63 63 63 63 63 64 64 64 64 65 65 64 64 64 64 64
    65 65 65 65 64 65 65 65 66 65 65 65 64 64 64 63 63 63 62 62 62 62 62
    62 61 61 61 61 62 62 62 61 61 60 60 61 60 60 60 60 59 43 30 17 14 2
    41 91 35 39 16 14 110 50 25 0 115 118 4 25 104 86 124 62 27 78 68 84
    95 55 61 5 27 16 25 44 101 45 32 50 121 89 14 72 85 122 13 1 57 5 78
    30 35 48 30 20 48 82 30 33 84 1 124 118 95 109 62 63 63 63 63 63 64
    64 65 65 65 65 65 66 65 65 65 65 65 65 65 65 65 66 65 65 65 65 65 64
    63 63 62 62 62 63 62 62 62 63 63 62 62 62 62 62 61 61 61 62 62 62 62
    62 62 62 62 62 62 62 62 62 64 64 64 65 64 63 63 63 63 62 62 61 61 62
    62 62 62 61 62 61 61 61 60 60 60 61 61 62 61 62 62 63 63 63 64 64 64
    65 65 64 64 65 65 65 65 65 65 65 65 66 65 65 65 65 65 65 65 65 64 64
    64 64 64 63 63 64 64 64 63 63 63 64 64 64 64 64 64 64 65 65 65 65 65
    65 65 65 64 65 65 65 65 65 64 65 65 65 66 65 65 65 64 64 64 63 63 63
    63 62 62 62 62 62 62 62 61 62 62 62 62 61 61 60 60 61 60 61 61 60 60
    63 2 99 117 3 68 47 60 47 77 110 13 113 2 73 69 84 26 79 52 24 10 79
    101 88 24 108 16 89 40 63 103 81 99 98 48 110 19 74 61 113 23 101 22
    95 44 66 34 22 116 13 72 125 29 19 56 43 16 26 85 88 123 86 65 34 63
    63 63 63 63 64 65 65 65 65 65 65 65 66 65 64 65 65 65 64 65 65 65 65
    65 65 65 65 64 64 63 62 62 62 62 62 62 62 62 63 63 63 63 63 63 62 61
    61 61 62 62 62 62 61 62 62 62 61 62 62 61 61 65 65 65 65 64 64 63 63
    63 62 62 62 62 62 63 63 62 62 62 62 62 61 61 61 61 61 61 62 62 62 62
    63 63 64 64 64 64 64 64 64 64 64 65 64 65 65 65 65 65 65 65 65 65 65
    65 65 65 64 64 64 64 64 63 63 63 64 63 63 63 63 63 63 64 63 63 63 63
    64 64 64 64 64 64 64 64 64 64 63 64 64 63 63 63 64 64 64 65 64 64 64
    63 63 63 63 63 63 62 62 62 62 62 62 62 62 62 62 63 62 62 61 62 61 61
    61 61 61 61 61 60 69 12 96 98 64 0 59 10 49 38 17 88 66 34 34 75 121
    73 107 122 20 39 89 92 106 33 54 15 97 88 77 124 47 76 0 48 65 123
    15 62 124 36 6 54 49 113 98 32 77 96 48 89 107 113 50 108 125 62 39
    40 57 15 93 37 38 63 64 63 63 63 64 65 65 65 65 65 65 65 65 65 64 65
    65 65 64 65 65 65 65 65 64 64 64 64 63 63 62 62 62 62 62 62 62 62 63
    63 62 62 62 62 62 61 61 61 61 62 62 61 61 62 62 62 61 62 62 61 61 64
    65 64 65 64 63 63 63 62 62 62 62 62 62 63 63 62 62 62 62 61 61 61 61
    60 61 61 62 62 62 62 63 63 63 64 64 64 64 64 64 64 64 65 65 65 65 65
    65 65 65 65 65 65 65 65 65 65 65 64 64 64 64 64 63 63 64 63 63 63 63
    63 63 63 63 63 63 64 64 64 64 64 64 64 64 64 63 63 63 64 64 63 63 63
    63 63 64 65 64 64 64 63 63 62 62 62 62 62 61 62 62 62 62 62 62 62 62
    63 62 62 62 62 61 61 62 61 62 62 62 61 60 60 60 61 61 62 62 61 62 62
    62 62 62 62 62 63 63 63 63 64 64 64 64 65 65 65 66 66 66 65 66 66 66
    66 66 66 66 66 65 65 65 65 65 65 64 64 64 64 63 64 63 64 64 63 63 63
    63 63 62 63 62 63 63 63 63 63 63 63 63 63 64 65 65 65 64 65 65 65 65
    65 64 65 64 64 64 65 64 64 65 65 64 64 64 64 63 63 62 62 62 62 62 62
    62 62 62 63 62 62 62 62 62 62 62 61 61 62 62 62 62 62 62 62 62 62 62
    61 62 64 64 64 64 63 63 62 62 63 62 61 62 62 62 63 63 62 62 62 62 62
    61 61 61 61 61 61 62 62 62 63 63 63 64 64 65 65 65 65 64 64 65 65 65
    65 65 65 65 65 65 65 65 65 65 65 65 65 65 64 64 64 64 63 63 63 64 63
    63 63 63 63 63 63 63 63 63 63 64 64 64 64 64 64 64 63 63 63 63 64 64
    63 63 63 63 63 63 64 64 63 64 63 63 62 62 63 62 62 61 62 62 62 62 62
    62 62 62 62 62 62 61 61 61 60 61 61 61 61 61 60 60 59 59 60 61 61 61
    61 61 61 62 61 61 61 62 62 62 63 63 63 63 64 64 64 64 65 65 65 66 65
    65 65 66 66 66 66 65 65 65 65 65 65 65 65 64 64 64 64 63 64 64 64 64
    63 64 63 63 62 62 62 62 62 63 63 63 63 63 63 63 63 64 64 64 65 64 64
    64 64 65 64 64 64 64 64 64 64 64 64 64 64 64 64 64 64 63 63 62 62 62
    62 62 62 62 62 62 63 62 63 63 63 63 62 62 62 62 62 62 62 62 62 62 62
    62 63 62 62 62 63 64 63 63 63 63 62 62 62 61 61 61 62 62 63 63 62 61
    62 61 61 61 61 61 61 61 61 62 62 62 62 63 63 63 64 64 64 64 64 64 64
    64 65 65 65 65 64 65 65 65 65 65 64 65 65 65 66 65 65 64 64 64 64 63
    63 64 64 64 63 63 64 64 64 63 63 64 64 64 64 64 64 64 64 64 64 63 64
    64 64 64 63 63 63 63 63 63 64 64 64 64 63 63 62 63 63 62 62 62 62 62
    62 62 62 62 62 62 63 62 62 62 62 61 61 61 61 61 61 61 60 60 59 59 60
    60 60 60 60 61 60 61 61 60 60 61 61 61 62 62 62 62 62 63 63 63 63 64
    64 64 64 64 64 65 65 65 65 65 65 65 65 65 64 64 64 64 64 64 64 64 64
    64 64 64 64 64 63 63 62 62 62 61 62 63 63 63 63 63 63 63 63 64 64 64
    64 64 65 64 65 65 65 64 65 65 65 65 65 65 65 65 65 65 64 64 64 63 63
    62 62 62 62 63 62 62 62 63 63 63 63 63 63 63 63 62 62 63 63 63 63 63
    63 63 63 63 64 63 63 63 64 64 64 64 64 63 63 63 63 62 62 62 62 62 63
    63 63 62 62 62 61 61 61 61 60 61 61 62 61 62 62 63 63 63 64 64 64 64
    64 64 63 64 65 65 65 65 64 65 65 65 65 65 65 65 65 65 66 65 65 65 64
    64 64 63 63 64 64 64 64 64 64 64 64 64 64 64 64 64 64 64 64 64 64 64
    63 63 63 63 63 64 63 62 62 63 62 63 63 63 62 63 62 62 62 62 62 62 61
    61 61 62 62 62 62 62 62 62 63 63 62 62 62 61 61 61 61 61 61 61 60 60
    60 59 60 60 60 60 60 60 61 61 61 60 60 60 61 62 62 62 63 63 63 63 63
    64 64 64 65 65 64 64 65 65 65 65 65 65 65 66 65 65 65 65 65 65 64 64
    65 64 64 64 64 64 64 64 64 63 63 62 62 62 63 63 63 63 63 63 63 63 63
    64 64 65 65 64 65 65 65 65 65 65 65 65 65 65 65 65 65 65 65 65 64 64
    64 63 63 62 62 62 62 63 63 63 62 63 63 63 63 63 63 63 62 62 62 62 63
    63 63 63 63 63 63 63 63 63 62 62 64 64 64 64 63 63 63 63 63 62 62 61
    62 62 63 63 62 62 61 61 61 61 60 60 60 61 61 61 61 61 62 62 62 62 63
    63 63 64 64 63 63 63 64 64 64 64 64 64 65 65 64 64 64 65 65 65 66 65
    64 64 64 64 63 63 63 64 64 64 63 63 64 64 64 63 63 64 64 64 63 63 63
    63 63 63 62 62 62 62 63 63 62 61 61 62 62 62 62 62 61 62 61 61 60 61
    61 61 60 60 61 61 61 61 61 61 61 61 62 62 62 61 62 61 61 61 61 61 61
    61 60 60 59 59 59 60 60 60 60 60 60 61 60 60 60 60 61 61 62 62 63 63
    63 63 63 64 64 64 65 65 64 64 65 65 65 65 65 65 65 65 65 65 64 64 65
    65 64 64 65 64 64 64 65 65 64 64 64 64 63 63 63 63 63 64 64 64 64 64
    64 64 64 64 65 65 65 65 65 65 64 65 65 65 65 65 65 65 65 65 65 65 65
    65 64 64 64 64 63 63 62 62 62 63 63 63 63 63 63 63 63 64 64 63 63 63
    63 63 64 64 64 64 64 64 64 64 65 64 64 63 63 63 63 63 63 62 62 62 62
    61 61 61 61 62 63 63 62 62 61 61 61 61 61 60 60 61 61 62 61 61 62 62
    62 63 63 63 64 64 64 63 63 63 64 64 65 64 64 64 65 65 64 64 64 65 65
    65 66 65 64 64 64 63 63 63 63 64 64 63 63 63 64 64 64 63 63 63 63 63
    63 63 63 63 63 63 62 62 62 62 62 62 61 61 61 62 61 61 62 61 61 61 61
    61 60 61 61 61 60 60 60 61 61 61 61 61 61 61 62 62 61 61 61 61 61 61
    61 61 61 61 60 59 59 59 59 60 60 60 60 61 60 60 60 60 60 60 61 61 62
    62 62 62 62 63 63 64 64 64 65 65 64 64 65 65 65 65 65 65 65 65 65 65
    65 65 65 65 65 65 65 64 64 64 65 65 65 64 64 64 63 63 63 62 63 63 63
    63 63 63 63 63 63 63 64 64 64 64 64 64 64 64 64 64 65 65 65 65 65 65
    65 65 65 65 65 65 65 64 64 64 63 63 63 63 63 63 63 64 64 64 64 64 64
    64 63 63 63 63 63 63 64 63 64 64 64 64 64 64 63 63 63 63 63 63 63 63
    62 62 62 62 61 61 62 62 63 63 63 62 62 62 62 61 61 61 61 62 62 62 62
    61 62 62 62 63 63 63 64 64 64 63 63 63 63 64 64 63 63 63 64 64 63 63
    63 64 64 64 65 64 64 64 63 63 63 62 63 64 64 63 63 63 63 63 63 63 63
    63 63 63 62 62 62 62 63 62 62 62 62 61 62 62 61 61 61 61 61 61 61 61
    61 61 61 60 60 61 61 61 60 60 60 60 60 61 61 61 61 61 62 61 61 61 61
    61 61 61 61 61 61 61 60 60 59 59 60 61 61 61 61 61 61 61 61 61 60 60
    61 62 62 62 63 63 63 63 64 64 64 64 65 65 64 64 65 65 65 65 65 65 65
    65 65 65 65 64 64 64 64 64 64 63 64 64 65 65 64 65 64 64 63 63 64 63
    64 64 64 64 64 64 64 64 63 64 65 64 65 64 64 64 64 64 64 64 64 64 65
    64 65 65 65 65 65 65 64 65 65 64 64 64 63 63 64 64 64 64 64 64 65 64
    65 65 64 64 64 64 64 64 64 64 64 64 64 64 64 64 64 64 64 64 63 63 63
    63 63 62 62 62 62 62 62 62 62 63 64 64 63 63 63 62 63 62 62 62 62 63
    62 63 62 62 63 63 62 63 63 63 64 64 64 63 63 63 63 63 64 63 63 63 64
    64 63 63 63 63 64 64 64 64 64 64 63 63 63 63 63 64 64 63 63 63 64 64
    63 63 63 63 63 63 63 63 63 63 63 63 62 62 62 61 62 62 61 60 61 61 61
    60 61 61 60 61 60 61 60 61 61 61 60 60 60 60 60 60 61 61 61 61 61 62
    61 61 62 61 61 61 61 62 61 61 60 60 59 59 60 61 61 61 62 62 61 61 61
    61 60 60 61 62 62 63 63 63 63 63 64 64 64 64 65 65 65 65 65 65 65 65
    65 65 65 65 66 66 65 65 65 64 64 64 64 64 64 64 65 65 64 65 64 64 64
    63 64 63 64 64 64 64 64 64 63 64 63 64 65 64 65 64 64 64 64 64 64 64
    64 64 65 64 65 65 65 65 65 64 64 65 65 64 64 64 63 63 64 64 64 64 64
    65 65 64 65 64 64 64 63 63 63 63 64 63 63 63 63 63 63 63 64 63 63 63
    62 63 63 63 62 62 62 62 62 62 62 62 62 63 64 64 63 63 62 62 62 62 62
    62 62 63 63 63 63 63 63 63 63 63 63 63 64 64 63 63 63 63 63 64 64 63
    63 63 63 63 62 62 63 63 64 63 64 64 63 63 63 62 62 62 62 63 63 63 63
    63 64 64 63 63 63 63 63 63 62 62 62 63 63 63 62 62 62 62 62 62 61 61
    61 62 61 61 62 61 61 61 61 61 61 62 62 62 61 60 60 60 60 60 61 61 61
    61 61 61 61 61 62 62 61 62 62 62 61 61 61 60 60 60 60 61 61 62 62 62
    61 61 61 61 61 61 61 61 62 62 62 62 62 63 63 63 63 64 64 65 64 64 64
    64 64 64 65 65 64 65 65 65 64 64 64 64 64 64 64 64 64 64 65 65 64 65
    64 64 64 64 64 63 64 65 64 64 64 64 64 64 64 64 65 64 64 64 64 64 64
    64 64 64 65 65 65 65 65 65 65 65 65 64 64 65 65 64 64 64 63 64 64 64
    64 64 64 64 65 64 64 64 64 63 63 63 63 63 63 63 63 63 63 63 63 63 63
    63 62 62 63 63 63 63 63 62 63 63 63 62 62 62 63 63 64 64 64 63 63 63
    63 63 63 63 63 64 63 63 63 63 63 63 63 63 64 64 64 64 64 63 63 63 63
    64 64 63 63 63 63 63 62 62 62 63 63 63 64 64 63 63 63 62 62 62 62 63
    63 63 63 63 64 64 64 64 63 63 64 64 63 63 63 63 63 63 63 62 62 62 62
    62 61 61 61 62 62 61 62 61 61 61 62 62 61 62 63 62 61 61 61 61 61 61
    61 61 61 62 62 62 62 62 62 62 62 62 62 62 61 61 61 60 59 60 60 61 61
    61 62 62 61 61 61 61 60 60 61 61 61 62 62 62 62 62 63 63 63 64 64 65
    64 64 64 64 64 64 65 65 64 65 65 65 64 64 64 64 64 64 64 63 64 64 64
    64 63 64 63 63 63 62 63 62 63 63 63 63 63 63 63 63 62 63 64 64 64 63
    63 63 63 63 63 63 63 64 64 64 64 64 64 64 64 64 64 64 64 64 64 64 63
    64 64 64 64 64 64 64 65 64 65 64 64 64 63 63 63 63 63 63 63 63 63 62
    63 62 63 63 62 63 62 63 63 63 62 62 62 62 62 61 61 61 62 63 63 63 63
    63 62 62 62 62 62 62 62 63 63 63 62 62 62 62 62 62 63 63 63 63 63 63
    63 63 63 63 64 63 62 62 63 62 62 62 62 62 63 63 64 64 63 63 63 62 62
    62 62 63 63 63 63 63 64 63 63 63 63 63 64 63 63 62 63 63 63 63 63 62
    62 62 62 63 62 61 62 62 62 61 62 61 61 62 62 61 61 62 63 62 61 61 61
    61 61 61 61 62 62 62 62 62 62 62 62 62 62 62 62 62 62 61 61 60 60 60
    60 61 61 61 62 61 61 60 60 60 60 60 60 61 61 61 62 62 61 62 62 63 63
    63 64 64 64 64 64 64 64 65 65 65 65 65 66 66 65 65 65 65 64 65 65 64
    64 64 65 64 64 64 64 64 63 63 64 63 63 64 63 64 63 63 63 63 63 63 64
    64 64 64 64 63 64 64 64 64 64 64 64 64 64 65 64 65 64 64 64 65 65 64
    65 64 63 64 64 64 64 64 64 64 65 64 65 64 64 64 63 63 63 63 63 63 63
    63 63 63 63 63 63 63 62 63 64 64 64 64 63 63 63 63 63 62 62 62 63 64
    64 64 64 63 63 63 63 62 62 62 62 62 62 62 62 62 62 62 62 62 63 63 63
    63 62 62 62 62 63 63 63 62 62 62 63 63 62 62 63 63 63 64 64 64 64 63
    63 63 63 63 63 64 64 64 64 64 64 64 64 63 63 63 64 63 63 62 63 63 63
    63 63 62 63 62 62 62 61 61 61 62 61 61 62 61 61 62 62 61 62 62 63 62
    61 61 61 61 61 61 61 62 62 62 62 62 62 61 62 62 62 62 62 62 61 61 60
    60 60 60 60 61 61 61 61 61 61 61 61 60 60 60 60 61 61 62 62 62 62 62
    63 63 63 64 64 65 64 64 64 64 64 65 65 66 65 66 66 66 66 66 66 65 65
    65 65 65 65 65 65 65 65 65 65 64 64 64 64 63 64 64 63 64 63 64 63 63
    63 63 64 64 64 64 64 64 64 64 64 64 64 64 65 64 65 65 65 65 64 65 65
    65 65 65 65 65 64 64 64 64 65 65 65 65 65 64 65 64 64 64 64 63 63 63
    63 63 63 63 63 62 63 63 63 63 62 63 64 64 64 64 63 63 63 63 63 62 62
    63 63 64 64 64 64 63 63 63 63 62 62 62 61 62 62 62 61 62 62 62 62 62
    63 62 63 63 62 62 62 62 62 62 63 62 62 62 62 62 62 62 62 63 63 64 64
    64 63 63 63 62 63 63 63 63 64 64 64 64 64 64 64 63 64 64 64 64 63 63
    63 63 63 63 63 63 63 62 62 62 61 61 62 62 62 62 62 62 62 62 62 62 62
    62 63 63 62 61 61 61 62 62 62 63 63 63 63 63 62 62 62 62 62 63 63 63
    62 62 61 60 60 60 60 61 61 61 61 61 61 60 60 60 60 60 60 61 61 61 61
    61 61 62 62 62 63 63 63 64 63 63 64 64 64 64 65 65 64 65 65 66 65 65
    65 65 64 65 65 64 64 64 65 65 65 65 64 64 64 63 64 63 63 64 64 64 64
    64 63 63 63 63 64 64 64 64 64 64 63 64 64 64 64 64 65 64 65 65 65 65
    65 65 65 65 65 65 65 65 64 64 64 65 65 65 65 65 65 65 65 65 64 64 64
    64 63 63 63 63 63 63 63 63 63 63 63 63 63 63 64 64 64 64 63 63 63 63
    63 62 62 63 63 64 64 65 64 64 63 63 63 63 63 62 62 63 63 62 62 62 62
    62 62 62 63 63 63 63 62 62 62 62 62 62 63 62 62 62 62 62 61 62 62 63
    63 63 63 64 63 63 63 62 62 63 63 63 64 64 64 64 65 64 64 64 64 64 64
    64 63 63 63 64 64 64 64 63 63 63 63 62 62 61 62 62 62 62 62 62 62 62
    62 61 61 62 62 62 61 61 61 61 61 61 62 62 62 63 62 63 62 62 62 62 62
    63 63 63 62 62 61 61 61 61 61 61 62 62 62 62 61 61 61 61 60 60 61 61
    61 61 61 61 61 62 63 63 63 63 64 64 64 64 64 64 64 64 65 65 64 65 66
    66 66 66 66 65 65 65 65 64 65 65 65 65 65 65 64 64 64 64 64 63 64 65
    64 64 64 64 63 63 63 64 64 64 64 64 64 64 63 63 64 64 64 64 64 64 65
    65 65 65 65 65 65 65 65 65 66 65 64 64 65 65 65 65 65 65 65 65 65 65
    65 65 64 64 63 63 63 63 63 63 63 62 63 63 63 63 63 63 64 64 64 64 63
    63 63 63 63 62 62 63 63 64 65 65 65 64 64 64 64 63 63 62 62 63 63 63
    62 63 63 62 62 62 63 62 62 62 62 62 61 61 62 62 62 61 62 62 62 62 61
    62 62 63 63 63 63 64 63 63 63 63 63 63 63 64 64 64 64 64 65 64 64 64
    65 65 65 64 64 63 64 64 63 64 64 63 64 63 63 62 62 61 61 62 62 61 62
    61 61 61 61 61 61 62 62 62 61 61 61 60 60 61 61 62 62 62 62 62 62 61
    62 62 62 62 62 62 61 61 61 60 60 60 61 61 61 61 62 62 61 61 61 61 60
    60 60 61 61 61 61 62 61 62 63 63 63 64 64 64 64 64 64 65 65 65 65 66
    65 66 66 67 66 66 67 66 66 66 66 65 66 66 66 65 65 65 65 65 64 64 64
    64 64 65 64 64 64 64 63 63 63 64 64 64 64 64 64 64 63 64 64 64 64 64
    64 64 64 65 65 65 65 65 65 66 66 66 66 65 64 64 65 64 65 65 65 65 65
    65 65 65 65 65 64 64 63 63 63 63 63 63 62 62 62 63 63 63 63 63 64 64
    64 64 63 62 63 63 63 62 62 63 63 64 64 65 65 64 64 64 64 64 63 63 62
    63 63 63 62 63 63 62 62 62 63 62 63 62 62 62 61 61 61 62 62 61 61 62
    62 62 61 62 62 63 63 63 64 64 63 63 63 63 63 63 63 64 64 64 65 64 65
    64 64 64 65 65 64 64 63 63 63 63 63 63 63 63 63 63 62 62 61 61 61 61
    61 61 61 61 61 61 61 61 61 62 62 62 61 60 60 60 61 61 61 62 61 62 62
    62 61 61 61 61 61 62 61 62 61 61 60 60 60 60 60 60 61 61 61 61 60 60
    60 61 60 60 60 61 61 61 61 62 61 62 62 62 63 63 64 64 64 64 64 64 64
    65 65 66 65 66 66 67 66 67 67 67 66 66 66 66 66 66 66 66 66 66 65 65
    64 64 65 64 64 65 64 65 64 64 63 63 63 64 64 64 64 64 64 63 63 63 64
    64 64 64 64 64 65 65 65 65 65 65 65 65 66 65 66 65 64 64 64 64 65 65
    65 65 65 65 65 65 65 65 64 64 63 63 63 63 63 62 62 62 62 63 63 63 63
    63 64 64 64 64 63 63 64 63 63 63 63 63 63 64 65 65 65 65 64 64 64 64
    63 63 63 64 63 63 62 63 63 63 63 63 63 63 64 63 63 63 62 62 62 62 63
    62 62 63 62 62 62 62 63 63 64 64 64 64 64 63 63 63 63 63 63 64 64 64
    64 64 65 64 64 64 65 65 64 64 63 62 63 63 63 63 63 62 63 62 62 62 61
    61 61 62 62 61 62 61 61 61 61 61 61 62 63 62 61 61 61 61 61 61 61 62
    62 62 61 62 61 61 61 61 62 62 62 62 62 61 60 60 60 60 60 60 61 61 61
    61 60 60 60 61 60 60 61 61 61 61 61 61 61 61 62 62 63 63 64 64 64 64
    64 65 65 65 66 66 65 66 67 67 67 67 67 67 66 67 67 66 67 67 67 66 66
    66 65 65 64 64 64 64 64 65 64 64 63 63 63 63 63 64 64 64 64 64 63 63
    63 63 64 64 64 64 65 65 65 66 66 66 65 66 66 66 66 66 66 66 65 65 65
    65 65 66 65 65 65 65 65 65 65 64 64 63 63 63 63 62 63 62 62 62 62 62
    63 63 62 62 64 64 64 64 63 63 63 63 63 62 63 63 63 64 64 65 64 64 64
    63 63 63 63 62 62 63 63 62 62 63 63 63 62 63 63 63 63 63 63 63 62 62
    62 62 63 62 62 63 63 62 62 63 64 64 64 64 64 64 63 63 63 63 63 63 63
    64 64 64 64 64 64 64 63 63 64 64 63 63 62 62 62 62 62 62 62 62 62 62
    62 61 61 60 61 61 62 62 62 62 61 61 61 61 61 62 63 63 62 61 61 61 61
    61 62 62 62 62 61 62 61 61 61 61 62 62 62 62 62 61 61 60 60 60 61 61
    61 61 61 61 60 61 61 61 61 61 61 61 61 61 62 61 61 61 62 62 63 63 64
    64 64 64 64 64 64 65 65 66 65 66 66 67 66 67 66 66 66 66 66 66 66 66
    66 65 66 65 65 65 64 64 64 63 63 64 63 64 63 63 63 63 63 63 63 64 64
    64 63 63 63 63 64 64 64 64 65 65 65 66 66 66 66 66 66 66 66 66 66 66
    65 65 65 65 65 66 65 65 65 65 65 65 65 64 63 63 63 63 63 63 63 63 62
    62 63 63 64 63 63 63 63 64 64 64 63 63 64 64 64 63 63 63 64 64 64 65
    64 64 64 64 64 64 63 63 63 64 63 63 62 63 63 62 62 62 63 63 63 63 63
    63 62 62 63 63 63 63 63 63 63 63 62 63 64 64 64 64 64 65 64 64 64 63
    63 63 63 64 64 64 64 63 64 63 63 63 64 63 63 62 62 61 62 62 62 62 62
    61 62 61 61 61 60 60 61 61 61 61 62 61 61 61 61 61 61 62 63 62 61 61
    61 61 61 61 62 62 62 62 62 62 61 61 61 62 62 62 62 62 62 62 61 61 60
    61 61 61 61 61 61 61 60 61 61 61 61 60 61 61 61 61 61 61 61 61 62 62
    62 63 64 63 63 64 64 64 64 65 65 66 65 66 66 67 67 67 66 66 66 66 66
    66 66 66 66 66 66 66 65 65 65 64 64 64 64 65 64 64 63 63 63 63 63 63
    64 64 64 64 64 64 63 64 64 64 64 65 65 65 65 66 66 66 66 66 66 66 67
    67 67 66 65 65 65 65 65 66 65 65 65 65 66 65 65 65 64 64 64 64 64 63
    64 63 63 63 64 64 65 64 64 64 64 64 64 64 63 63 64 64 64 63 63 64 64
    64 65 65 65 65 64 64 64 64 64 63 63 64 64 63 63 64 64 63 63 63 64 63
    64 63 63 63 63 63 63 63 63 63 63 64 64 63 63 63 64 64 64 64 64 65 64
    64 64 63 63 63 63 64 64 64 64 63 64 63 63 63 64 63 63 63 62 62 62 62
    62 62 62 62 62 62 62 61 61 60 61 61 62 62 62 62 62 62 62 61 62 63 63
    63 62 62 62 62 62 62 63 63 63 63 63 63 63 62 62 63 63 63 63 63 63 62
    62 61 61 61 62 62 62 62 62 62 61 62 62 62 62 61 62 62 62 62 62 62 62
    62 62 63 63 64 64 64 64 64 64 64 64 65 66 66 65 66 67 67 67 67 67 67
    66 66 67 66 67 67 67 66 67 66 65 66 65 65 65 64 64 65 64 64 64 64 63
    63 63 63 64 64 64 64 64 63 63 63 64 64 64 64 65 65 65 66 65 66 65 66
    66 66 66 66 67 66 65 65 65 65 65 66 65 65 65 65 65 66 65 65 64 64 64
    64 64 64 64 64 64 64 65 65 65 65 65 65 64 64 64 64 63 63 64 64 64 63
    64 64 64 65 65 66 65 65 65 65 65 64 64 64 64 64 64 63 63 64 64 63 63
    63 64 63 64 63 63 63 63 63 63 63 64 63 64 64 64 63 63 63 64 64 64 64
    64 65 64 64 64 63 63 63 63 64 64 64 64 63 64 63 63 64 64 64 64 63 62
    62 63 62 62 62 63 62 63 62 62 62 61 61 61 62 62 62 63 62 62 62 62 62
    63 63 64 64 63 63 63 63 63 63 64 64 63 64 63 64 63 63 63 63 63 63 63
    64 64 63 62 62 61 61 62 62 62 63 63 63 62 62 62 63 63 62 63 63 63 63
    63 63 63 63 63 64 64 65 65 65 65 66 65 65 65 66 67 67 67 67 67 68 68
    68 68 67 67 67 67 67 67 67 67 66 67 66 66 66 65 65 65 64 64 65 64 64
    64 64 63 63 63 64 64 64 64 64 64 64 63 63 64 64 64 65 65 65 65 66 66
    66 66 66 66 66 67 67 67 67 66 66 66 65 66 66 66 65 66 65 65 65 65 65
    64 64 64 64 64 64 65 64 64 64 65 64 65 65 64 64 64 65 65 64 64 64 64
    64 64 64 64 64 65 65 65 66 65 65 65 65 65 64 64 64 64 64 64 63 63 64
    64 63 62 63 63 63 63 63 63 63 63 63 63 63 64 64 64 64 64 63 63 64 64
    64 64 64 64 65 65 64 64 63 63 63 64 64 65 64 64 64 64 63 63 64 64 64
    64 64 63 63 63 63 62 63 63 63 63 63 63 63 62 62 62 63 63 63 63 63 63
    63 63 62 63 64 64 64 63 63 63 63 63 63 63 64 63 64 63 64 63 63 63 64
    64 63 64 64 64 63 62 62 61 62 62 62 62 62 63 63 62 62 62 63 62 62 62
    62 62 62 62 62 62 62 62 63 63 64 65 64 65 65 65 65 65 66 66 67 66 67
    67 68 68 67 68 67 67 67 67 67 67 67 67 67 67 67 66 66 65 65 65 64 64
    65 64 64 64 64 64 64 63 64 64 64 65 64 64 64 63 63 63 64 64 65 65 65
    65 65 65 66 65 66 66 66 66 66 66 66 65 65 65 65 65 66 66 65 65 65 65
    65 65 65 65 65 65 64 64 64 65 64 64 65 65 65 66 65 65 65 64 64 64 64
    63 63 64 64 64 63 64 64 65 65 65 66 66 66 65 65 65 65 64 64 64 65 64
    64 64 64 64 63 63 63 63 63 63 64 64 63 63 63 63 64 64 64 65 65 64 64
    63 63 64 64 64 64 64 65 64 64 64 63 63 63 63 63 64 64 64 63 63 63 63
    64 64 64 64 64 63 63 63 63 62 63 63 63 63 64 63 63 62 62 62 63 63 63
    63 63 63 63 63 63 63 64 65 65 64 64 64 63 64 64 64 64 63 64 64 64 64
    64 64 64 64 64 64 64 64 63 63 62 62 62 63 62 63 63 63 63 62 63 62 63
    63 62 62 62 63 63 63 63 62 63 63 63 63 64 65 65 65 65 65 65 65 65 66
    66 66 66 67 67 67 67 67 67 66 67 67 67 67 67 67 67 67 67 66 66 65 65
    65 65 64 65 64 65 64 64 64 63 63 63 63 64 64 64 63 63 63 63 63 64 63
    64 64 64 64 65 65 65 65 65 66 65 66 66 66 66 65 65 66 66 66 66 66 66
    66 66 66 66 66 66 66 66 65 65 65 65 65 65 65 65 66 66 66 66 66 65 65
    65 66 65 64 65 65 65 65 64 65 65 65 65 66 66 66 66 65 65 65 64 64 63
    64 64 64 63 63 64 64 64 63 63 64 64 64 64 64 64 64 64 64 64 65 65 65
    65 65 64 64 64 64 64 64 64 64 64 64 64 63 62 62 63 63 63 64 64 64 63
    63 63 62 63 64 64 64 64 63 63 63 63 62 63 63 63 64 64 63 63 62 62 62
    63 63 63 63 63 63 63 63 63 63 64 65 65 64 64 64 64 64 64 64 64 64 64
    64 64 64 64 64 64 64 64 64 65 64 64 63 62 62 63 63 62 63 63 63 63 62
    63 62 63 63 62 62 62 62 62 63 63 62 63 63 63 63 64 64 64 65 65 65 65
    65 65 66 66 66 66 67 67 67 67 67 67 66 66 66 66 66 66 66 66 66 66 65
    65 64 64 64 64 64 64 64 64 63 64 63 63 63 63 63 63 63 63 63 63 62 62
    62 63 63 64 64 64 64 65 64 65 64 65 65 65 66 66 66 66 65 65 66 66 66
    66 66 65 65 65 65 66 65 65 65 65 65 65 65 65 65 65 65 65 66 66 66 65
    65 65 65 65 65 65 64 64 65 64 64 64 64 65 65 65 65 65 65 65 65 64 64
    64 63 63 63 63 63 63 63 64 64 63 63 63 64 64 64 64 64 64 64 64 64 64
    65 65 66 66 65 65 64 64 64 64 63 63 63 64 63 63 63 62 62 63 63 63 64
    64 63 63 63 62 62 63 64 64 64 64 64 63 63 63 63 63 64 64 64 64 64 64
    63 63 63 64 64 64 64 64 63 63 63 63 64 64 65 65 64 64 64 64 64 63 63
    64 63 63 63 63 63 63 63 64 63 63 63 63 63 62 62 61 61 61 62 61 61 62
    62 62 62 62 62 62 62 61 61 62 62 62 62 63 63 63 63 63 63 64 65 65 65
    65 65 65 65 65 66 66 66 66 67 67 67 67 67 67 66 66 67 67 67 67 66 66
    66 66 65 65 65 65 65 65 64 65 64 65 64 64 63 63 63 63 63 63 63 63 63
    63 62 62 63 64 64 64 64 64 64 65 64 65 64 65 65 65 66 66 66 66 65 65
    66 66 66 67 67 66 66 66 66 66 66 66 65 66 66 65 65 65 65 65 65 65 66
    66 66 65 65 65 65 65 65 65 64 65 65 65 65 64 65 65 65 65 65 65 65 65
    65 64 64 64 63 63 63 64 63 63 63 64 63 63 63 63 63 64 64 64 64 64 64
    63 63 64 64 65 65 65 65 65 64 64 64 63 63 63 63 63 63 63 62 62 62 62
    63 63 64 64 64 63 63 62 63 63 64 64 64 64 64 63 63 63 63 63 64 64 64
    64 63 63 62 62 63 63 64 63 63 63 63 63 64 63 64 64 65 65 65 65 65 64
    64 64 64 64 64 64 64 64 63 64 64 64 64 64 64 64 63 63 62 62 61 62 62
    61 62 62 63 62 62 62 62 62 62 62 62 62 62 62 62 63 63 63 62 63 63 64
    64 64 65 65 65 64 65 65 65 66 66 66 66 66 66 66 66 66 65 65 66 66 66
    66 66 65 65 65 64 65 64 64 65 64 64 65 64 65 64 64 63 63 63 63 63 63
    64 63 63 63 62 63 63 63 63 64 64 64 64 64 64 65 64 65 65 65 66 66 66
    66 66 65 66 66 66 67 67 66 66 66 66 66 65 65 65 65 65 65 65 65 65 65
    65 65 65 65 66 65 65 64 66 65 66 66 65 65 66 65 65 65 65 65 65 65 65
    65 65 65 65 64 64 64 63 63 63 63 63 63 63 64 63 63 63 63 63 63 64 64
    64 64 63 63 63 63 64 65 65 65 65 65 64 64 64 64 63 63 63 64 64 63 63
    62 62 63 63 64 64 64 64 63 63 63 63 63 64 64 64 64 63 63 63 63 62 63
    63 63 63 63 63 63 62 62 62 63 63 63 63 63 63 63 64 63 64 64 65 66 65
    65 65 65 65 65 65 65 65 65 65 65 65 65 65 65 65 65 65 65 65 64 63 63
    62 63 63 62 63 63 63 63 62 62 62 62 62 62 62 62 62 62 62 63 63 63 62
    63 63 64 65 64 65 65 65 65 65 65 66 66 66 66 66 66 66 66 66 66 65 65
    66 66 66 66 66 65 65 65 64 65 64 64 65 64 64 65 64 65 64 64 64 63 63
    63 63 63 63 63 63 63 62 62 62 63 63 63 63 63 63 64 63 64 63 64 64 64
    65 65 65 65 65 64 65 65 65 66 66 65 65 65 65 65 65 65 65 65 65 65 65
    65 65 65 65 65 65 65 66 65 65 64 65 65 65 65 64 65 65 65 65 65 65 65
    65 65 65 65 65 65 65 64 64 64 63 63 63 64 64 64 64 65 64 64 63 64 64
    64 64 64 64 64 64 64 64 64 64 65 66 66 65 65 64 65 64 64 64 63 63 64
    64 63 63 62 62 63 63 64 64 64 64 63 63 62 63 63 63 63 63 63 63 63 63
    63 62 63 63 63 63 63 63 63 62 62 62 63 63 63 63 63 63 63 64 63 64 64
    65 65 65 65 65 64 64 64 65 65 65 65 65 65 65 65 64 65 65 65 64 64 64
    63 63 62 62 63 63 63 63 63 63 63 62 63 62 63 63 62 62 62 63 63 63 64
    64 64 64 64 65 65 66 65 66 66 65 65 65 66 66 67 66 66 66 67 67 67 66
    66 65 65 65 66 66 66 66 65 65 65 65 65 65 65 65 65 64 65 64 65 64 64
    63 63 63 63 63 63 63 62 62 62 61 62 62 62 62 62 62 62 62 63 63 63 63
    63 64 64 64 64 65 64 64 64 65 65 65 65 65 65 65 65 65 65 64 65 64 65
    64 64 64 64 64 64 65 65 65 64 65 64 64 64 66 65 65 65 64 65 65 65 65
    65 65 65 65 65 65 65 65 65 65 65 64 64 63 63 63 64 64 64 64 65 64 64
    63 64 64 64 64 64 64 64 63 64 63 63 64 65 65 65 65 65 64 64 64 64 64
    63 63 64 63 63 63 62 62 63 63 64 64 64 63 63 63 62 62 63 63 63 63 64
    63 63 63 63 63 63 63 64 64 64 63 63 63 63 63 64 64 64 64 64 64 64 64
    64 64 64 65 65 65 64 64 64 64 64 64 65 64 65 64 64 64 64 64 65 65 65
    64 64 64 63 63 62 62 62 63 63 63 64 64 63 62 63 63 63 63 62 62 62 63
    63 63 64 64 64 64 64 64 65 65 65 66 66 65 65 65 66 66 66 66 65 66 66
    66 66 65 65 64 64 64 65 65 65 65 65 65 65 64 64 64 64 64 64 64 64 64
    65 64 64 63 63 63 63 63 63 63 62 62 62 61 61 61 61 61 62 62 62 62 62
    62 63 62 63 63 63 64 64 64 64 64 64 64 65 64 65 65 65 65 64 64 65 64
    65 64 65 65 64 65 65 65 65 64 65 65 65 65 64 64 64 66 65 66 66 65 65
    66 66 65 65 65 65 65 65 65 66 66 65 65 65 64 64 64 64 64 64 64 64 64
    65 65 64 64 64 64 64 64 64 64 64 64 64 64 64 64 65 65 65 65 65 64 64
    64 63 63 63 63 63 63 63 63 62 62 63 63 63 63 63 63 63 62 62 62 62 63
    63 63 63 63 63 63 63 63 63 63 63 63 63 63 63 62 63 63 64 64 64 64 64
    64 64 64 63 64 65 65 65 65 64 65 64 64 64 64 65 64 65 64 64 64 64 64
    64 64 64 64 64 64 63 63 62 62 63 63 63 63 64 64 63 63 63 63 63 63 63
    62 63 63 63 63 64 64 64 64 64 64 65 65 65 65 66 65 65 65 66 66 66 66
    66 66 66 66 66 66 65 65 65 65 65 65 65 65 65 65 65 64 64 64 64 64 64
    63 64 63 64 63 63 62 62 62 62 62 62 62 62 62 62 61 61 61 61 61 62 61
    61 61 62 61 62 62 62 62 63 63 64 64 64 64 63 64 64 64 65 65 64 65 64
    64 65 64 64 64 65 64 64 64 64 64 64 64 64 64 64 64 64 64 64 67 66 66
    66 65 66 67 66 66 65 66 66 65 65 65 66 66 65 65 65 65 65 64 64 64 64
    64 64 64 65 65 64 63 64 64 63 64 64 64 64 63 64 63 63 64 64 65 64 64
    64 63 64 63 63 63 62 62 63 63 63 62 62 62 63 63 63 63 63 62 62 62 62
    62 62 63 63 63 63 63 63 63 63 63 63 63 63 63 64 63 64 63 63 64 65 65
    65 65 65 65 65 65 64 65 65 66 66 65 65 65 64 64 64 64 65 65 65 65 64
    64 64 64 64 64 65 64 64 64 63 63 62 62 63 63 63 63 64 64 63 63 63 63
    63 63 63 63 63 63 63 63 64 64 64 63 64 64 65 65 65 66 66 65 65 66 66
    66 67 66 66 66 66 66 66 66 66 65 65 65 66 66 66 66 65 65 65 65 65 65
    65 65 64 64 64 64 64 64 63 63 62 62 63 62 62 62 62 61 61 61 61 61 61
    60 61 61 61 61 61 61 62 61 62 62 62 63 63 63 63 63 62 63 63 63 64 64
    64 64 64 64 64 64 64 63 64 64 64 64 64 64 64 64 64 64 64 65 64 64 64
    67 66 67 66 65 66 67 66 66 65 66 66 66 65 65 66 66 66 65 65 65 65 64
    64 64 64 63 63 64 65 64 64 63 64 63 63 64 64 64 64 63 64 63 63 63 64
    65 64 64 64 64 64 64 63 63 62 62 63 63 63 63 62 62 63 63 63 63 63 63
    63 63 62 63 63 63 64 64 64 64 64 64 64 63 64 64 64 64 64 64 64 63 64
    64 65 65 65 65 65 65 65 65 64 65 65 65 66 65 65 65 65 65 65 65 65 65
    65 65 65 64 64 64 64 64 65 64 64 64 63 63 62 62 62 63 62 63 63 63 63
    62 63 62 63 63 62 63 63 63 63 63 64 64 64 64 64 64 65 65 65 66 66 65
    66 66 66 67 67 66 66 66 66 66 66 66 65 65 65 65 65 65 66 65 65 65 65
    64 65 64 64 64 64 63 63 63 64 63 63 62 62 62 62 62 62 62 62 62 62 61
    61 61 61 61 61 61 61 61 62 62 62 62 62 62 62 63 63 63 63 63 63 63 63
    63 64 64 64 64 64 63 64 63 63 63 63 63 63 63 63 63 63 63 63 64 63 63
    62 63 63 67 66 66 66 65 66 66 66 65 65 65 66 65 65 65 66 66 66 65 65
    65 64 64 64 64 64 63 63 64 65 65 64 64 64 64 64 64 64 64 64 63 64 64
    64 64 64 65 64 64 65 64 64 64 64 64 63 63 64 63 63 63 63 63 63 63 64
    63 63 62 62 62 62 63 63 63 63 64 64 64 63 64 63 63 64 64 64 64 64 64
    64 63 64 64 65 65 65 65 65 64 64 64 64 64 64 65 65 65 64 65 64 64 64
    64 65 65 65 65 65 65 65 64 65 65 65 64 65 65 64 63 62 62 62 63 62 62
    63 63 63 62 62 62 62 62 62 62 62 62 62 63 63 63 64 63 64 64 65 65 65
    65 66 65 66 66 66 66 66 66 66 66 66 66 66 66 65 64 64 65 65 65 66 65
    65 65 65 64 65 64 64 64 64 63 64 63 64 63 63 63 62 62 63 63 63 62 62
    61 61 61 60 61 61 60 61 61 61 61 62 61 62 62 62 62 62 63 63 63 63 63
    63 63 64 64 64 65 64 64 64 64 64 63 63 63 63 63 63 63 63 63 63 63 64
    64 63 64 63 63 63 66 65 65 65 64 65 65 65 65 64 64 65 64 64 65 65 66
    65 65 65 65 64 64 64 64 64 63 63 64 65 65 64 63 64 64 64 64 64 64 63
    63 63 63 63 64 64 65 64 64 64 64 64 64 63 64 63 63 64 63 63 63 63 63
    64 64 64 64 64 63 63 63 62 63 63 64 64 65 65 65 64 65 64 64 64 65 65
    64 65 64 64 64 64 65 65 65 65 65 65 65 64 64 64 64 64 65 65 64 64 64
    64 64 64 64 65 64 65 65 64 64 64 64 64 64 64 64 64 64 64 63 63 62 63
    63 63 63 63 63 63 62 63 62 62 62 62 62 62 62 62 63 63 63 64 63 63 64
    65 65 65 65 65 65 66 66 66 66 66 66 66 66 66 66 66 66 65 64 65 65 65
    65 65 65 64 64 64 64 64 64 63 64 63 63 63 63 63 62 62 62 62 62 62 62
    62 62 61 61 61 61 61 60 60 60 61 60 61 61 61 61 62 61 62 62 62 63 63
    63 63 63 63 63 64 64 64 64 64 64 64 64 64 64 64 63 64 63 63 63 63 63
    63 63 64 64 63 64 63 63 62 65 65 65 65 64 65 65 65 64 64 64 65 64 64
    65 66 66 66 65 65 65 64 64 64 64 64 63 63 64 65 65 64 64 64 64 64 64
    64 64 63 63 63 63 64 64 65 65 64 65 65 64 65 65 64 64 63 63 64 63 63
    64 64 63 64 64 64 64 63 63 62 62 62 62 63 63 63 64 64 64 63 64 64 64
    64 64 64 64 65 64 64 64 64 65 65 65 65 64 65 64 64 64 63 64 64 64 64
    64 64 64 63 63 63 63 64 64 64 64 64 64 64 64 65 64 65 64 64 64 64 63
    63 62 62 63 62 62 63 62 62 62 62 62 62 61 61 61 62 62 62 62 63 63 63
    63 63 63 65 65 65 65 65 65 65 66 66 66 66 66 66 66 66 66 66 66 65 64
    64 65 65 65 66 65 65 65 65 65 65 64 64 64 64 64 64 63 64 63 63 63 63
    63 63 63 63 63 62 62 62 61 61 61 61 61 62 61 62 62 62 62 62 62 63 63
    63 63 63 63 63 63 63 64 64 64 65 65 64 64 63 64 64 64 63 63 64 63 63
    63 63 63 63 63 64 64 63 64 63 63 62 65 65 65 65 64 64 65 65 64 64 64
    65 65 64 65 65 66 66 65 65 65 64 64 64 64 64 63 63 64 65 65 64 64 64
    63 64 64 64 63 63 63 63 63 63 64 64 65 64 64 65 64 65 64 64 64 63 63
    64 63 63 64 64 63 64 64 65 64 63 63 63 63 62 63 63 64 64 65 65 65 64
    65 64 64 65 65 65 64 65 64 64 64 64 65 65 65 64 64 64 64 63 63 62 63
    64 64 64 64 63 64 63 63 63 63 64 64 64 64 64 64 64 64 65 64 65 64 65
    65 64 63 63 62 62 63 63 63 63 63 63 62 63 62 62 63 62 63 63 63 63 63
    64 64 64 64 64 64 65 66 65 65 66 65 66 66 66 66 66 66 66 66 66 65 65
    65 65 64 64 64 65 65 65 64 64 64 64 64 64 64 64 64 64 63 63 63 63 63
    63 63 62 63 63 63 63 62 62 61 61 61 61 60 60 60 61 61 61 61 62 61 62
    62 62 63 63 63 63 63 63 63 63 64 64 65 65 65 64 65 64 64 64 64 64 63
    64 63 63 64 64 63 63 63 64 64 63 63 62 62 62 64 64 64 64 63 64 64 64
    64 64 64 64 64 64 64 65 65 66 65 65 65 65 64 64 64 64 64 64 64 65 65
    65 64 64 64 64 64 64 64 63 63 63 63 64 64 64 65 64 64 65 64 64 64 63
    64 62 63 63 63 63 63 63 63 64 64 64 64 63 62 62 62 62 63 63 64 64 65
    65 65 64 65 65 65 65 65 65 65 65 65 65 65 65 65 66 65 65 64 64 64 63
    63 63 64 64 64 64 63 63 64 63 63 63 63 63 63 64 64 64 64 64 64 64 64
    65 64 65 65 64 63 63 62 62 63 62 63 63 63 63 62 63 62 62 62 62 62 62
    63 62 63 64 63 63 63 63 64 65 65 65 65 65 65 65 66 66 66 66 66 65 65
    65 65 65 65 64 63 64 64 65 65 65 64 64 64 64 64 64 64 64 64 64 63 63
    63 63 63 63 62 62 63 63 63 63 62 62 61 61 61 61 60 60 60 61 61 61 62
    62 62 63 62 62 63 63 63 63 62 62 63 63 64 64 64 64 65 64 64 64 64 65
    64 63 63 63 63 63 63 64 63 63 63 64 64 63 64 63 63 62 64 63 64 63 63
    63 64 64 64 63 64 64 64 64 64 65 65 65 65 65 65 65 65 64 64 64 64 64
    64 65 65 65 64 64 64 64 64 64 63 63 63 63 64 64 64 64 65 64 64 64 64
    64 64 63 63 62 63 63 63 63 63 63 63 63 63 63 63 62 61 62 62 62 62 62
    63 63 64 64 64 63 64 64 64 64 65 64 64 65 64 64 64 65 65 65 65 64 64
    64 64 63 63 62 63 63 63 64 63 63 63 62 62 62 62 63 63 63 63 63 63 63
    64 64 64 64 64 65 65 64 63 63 62 63 63 63 63 64 64 63 63 63 63 63 63
    63 63 63 63 63 64 64 64 64 64 64 64 66 66 65 66 66 65 66 66 67 67 67
    67 66 66 66 66 65 65 65 64 64 64 65 65 65 65 64 64 64 64 64 64 64 64
    64 63 63 63 63 62 62 62 62 62 63 63 62 62 61 61 61 61 61 61 60 60 61
    61 61 61 62 62 63 62 63 63 63 63 63 62 63 63 63 64 64 65 64 65 64 64
    64 64 64 64 63 63 64 63 63 63 64 63 63 63 64 64 63 63 62 62 62 64 64
    64 64 63 64 64 65 64 64 64 64 64 64 64 65 65 65 65 65 65 65 65 64 64
    64 64 63 64 65 65 64 63 63 63 63 64 64 63 63 63 63 63 64 64 64 65 64
    64 64 64 64 63 63 63 62 63 63 63 63 63 63 63 63 63 63 63 62 61 61 61
    61 62 62 62 63 64 64 64 63 64 63 64 64 64 64 64 64 64 64 64 65 65 65
    65 64 64 64 63 63 63 62 63 63 63 64 63 63 63 63 62 62 62 63 63 63 63
    63 63 63 64 64 64 65 65 65 65 64 63 63 62 63 63 63 63 64 63 63 63 63
    62 62 63 62 63 63 63 63 63 64 64 64 63 64 64 65 65 65 65 65 65 66 66
    66 66 66 66 65 65 65 64 64 64 64 63 63 63 64 64 64 64 63 63 63 63 63
    63 63 63 63 63 63 62 63 62 62 62 61 62 62 62 62 61 61 61 61 61 61 60
    60 60 61 60 61 61 61 61 62 62 62 62 62 63 62 62 62 63 63 64 64 64 64
    65 64 64 64 64 64 63 63 63 64 63 63 63 64 63 63 63 64 64 63 63 62 62
    62 64 64 64 64 64 64 65 65 64 64 64 64 64 64 65 65 65 65 65 65 65 65
    65 65 65 64 64 64 64 65 65 64 63 63 63 63 63 64 63 63 63 63 63 64 64
    64 65 64 64 65 64 64 64 63 63 62 63 63 63 63 63 64 63 64 63 64 63 62
    61 62 62 62 62 62 62 63 64 64 64 64 64 64 64 64 64 64 64 64 64 64 64
    65 65 66 65 64 64 64 63 63 63 62 63 63 63 63 63 62 63 63 62 62 62 63
    63 63 63 64 64 64 64 65 65 65 65 65 65 64 64 63 63 63 64 64 64 65 64
    64 63 64 63 63 63 63 63 63 63 63 64 64 64 65 64 64 64 66 65 65 65 66
    65 65 66 66 66 66 66 66 65 65 64 64 64 63 63 63 63 64 64 64 64 64 64
    64 64 64 63 63 64 63 63 63 62 63 62 62 62 61 62 62 62 62 61 61 61 61
    61 60 60 60 60 60 60 61 61 61 61 62 61 62 62 62 62 62 62 62 63 63 64
    64 64 64 65 64 64 64 64 64 63 63 63 64 63 63 63 64 64 64 64 64 64 63
    63 62 62 62 65 64 64 64 64 64 65 65 65 64 65 65 65 65 65 65 66 65 65
    65 65 65 65 65 65 64 64 64 65 65 66 65 63 63 63 63 63 63 63 62 62 63
    63 63 63 64 64 63 64 64 64 64 64 63 64 62 63 64 64 64 64 64 63 64 64
    64 63 62 61 62 62 62 62 62 62 63 64 64 64 63 64 63 63 63 64 63 63 64
    64 64 64 64 65 66 65 64 64 64 63 63 63 62 63 63 63 63 63 63 63 63 63
    63 63 64 64 64 65 65 65 65 65 66 66 66 66 66 66 65 65 65 64 64 65 64
    65 65 65 64 64 64 63 63 63 63 63 63 64 63 64 64 65 65 64 65 64 66 66
    65 66 66 65 66 66 66 66 66 66 66 65 65 65 64 64 63 63 63 63 64 64 64
    64 64 63 64 63 64 63 63 63 63 63 63 62 63 63 63 62 62 62 63 62 62 61
    61 61 61 61 60 60 59 59 60 60 60 60 60 60 61 60 61 61 61 61 61 61 61
    62 62 63 63 63 63 64 63 63 63 63 64 63 63 63 64 63 63 63 64 64 64 64
    64 64 63 63 62 62 62 65 64 65 64 64 65 65 65 65 64 65 65 65 65 65 65
    66 66 66 66 65 65 65 65 65 64 64 64 65 65 65 64 63 63 63 63 63 63 62
    62 62 62 63 63 63 64 64 63 64 64 64 64 63 63 63 62 63 64 63 63 64 64
    63 64 64 64 63 62 61 62 61 62 62 62 62 63 63 64 64 63 64 63 63 63 63
    63 63 63 63 63 63 64 64 65 64 64 63 63 63 62 62 62 62 62 62 63 63 62
    63 63 62 63 62 64 64 64 65 65 65 65 65 66 66 66 66 66 66 65 65 65 64
    64 65 64 65 65 65 64 64 64 63 63 63 62 62 63 63 63 63 64 64 65 64 64
    64 65 65 64 65 65 64 65 66 65 65 65 65 65 64 64 64 63 63 62 62 62 62
    63 64 64 63 63 63 63 63 63 63 63 63 63 63 63 63 64 63 63 62 62 63 63
    63 62 61 61 61 61 61 61 61 60 59 60 59 60 60 60 60 61 60 61 60 61 61
    61 61 61 62 62 63 63 63 63 64 63 63 63 63 64 63 63 63 64 63 63 63 64
    63 64 63 64 64 62 62 62 62 62 65 64 64 64 64 64 64 65 64 64 64 64 64
    65 65 65 66 66 65 65 65 64 65 64 64 64 64 64 64 65 65 64 63 63 63 63
    63 63 62 62 62 62 62 63 63 63 64 63 63 64 63 63 63 62 63 61 62 63 63
    63 63 63 63 63 63 64 63 62 61 62 62 62 62 62 62 63 64 64 64 63 64 64
    64 63 63 63 63 63 63 63 63 64 64 65 64 63 63 63 63 62 62 62 62 62 62
    62 62 62 63 62 62 63 63 64 64 64 64 65 65 65 65 65 65 66 66 66 66 65
    64 64 64 64 65 64 65 65 65 64 64 64 63 62 63 62 62 63 63 63 64 64 65
    65 64 64 64 66 65 65 65 65 65 65 66 66 66 66 66 66 65 65 65 64 64 63
    63 63 63 64 65 65 64 64 64 64 64 64 64 64 64 64 64 64 64 65 64 64 63
    63 63 63 63 63 61 61 61 61 61 61 61 60 60 60 60 60 60 60 60 60 60 60
    60 61 61 61 61 61 62 63 63 63 63 63 64 64 63 63 63 64 63 63 63 64 63
    63 63 64 63 64 64 64 64 62 62 62 62 62 65 65 64 64 64 64 64 64 64 64
    64 64 64 64 65 65 66 65 65 65 65 64 64 64 64 64 63 64 64 65 65 65 64
    63 63 64 64 64 63 62 62 62 62 62 62 63 64 62 63 64 63 63 63 62 62 61
    61 62 62 62 62 63 62 63 63 64 63 62 61 62 62 62 63 62 62 63 64 64 64
    64 64 64 64 64 64 63 63 63 63 63 63 64 64 65 64 63 63 63 63 62 62 62
    62 62 62 62 63 62 63 63 62 63 63 64 64 64 64 65 65 65 65 66 66 66 66
    66 66 65 65 65 64 64 65 64 65 65 65 64 64 64 63 63 63 62 62 63 63 63
    63 64 65 65 64 64 64 66 65 65 65 65 65 66 67 66 66 66 66 65 65 64 64
    64 64 63 62 62 62 64 64 64 63 63 63 63 63 63 63 63 63 63 63 63 63 64
    63 63 63 62 63 63 63 62 61 61 61 61 61 61 61 60 59 60 60 60 60 60 59
    60 60 60 60 61 61 61 61 61 62 63 63 63 63 63 64 63 63 63 63 63 63 63
    62 63 63 63 63 64 62 63 62 63 63 61 61 60 61 60 65 64 64 64 64 64 64
    65 64 64 64 64 64 65 65 66 66 66 65 65 65 64 65 64 64 64 63 64 64 65
    65 64 63 63 63 63 63 63 62 62 62 62 62 62 62 63 63 62 63 64 62 63 62
    62 62 61 61 62 62 62 62 63 62 63 62 63 62 62 61 62 62 62 63 62 62 63
    64 64 64 64 64 64 64 64 64 64 63 63 63 64 64 64 65 65 64 64 63 63 62
    62 62 62 62 62 62 63 62 62 63 63 62 63 63 63 63 63 64 64 64 64 65 66
    66 66 66 65 65 65 65 64 63 64 64 64 64 65 64 63 63 64 63 62 62 62 62
    62 63 63 63 64 65 65 64 64 64 66 65 65 65 65 65 66 67 66 65 66 66 65
    65 64 64 64 64 63 62 62 62 63 63 64 63 63 63 63 63 63 62 62 63 63 63
    63 63 64 63 63 62 62 63 63 62 62 61 60 60 60 61 60 60 60 59 60 60 60
    60 60 60 61 60 60 60 61 61 61 61 61 63 63 63 63 63 64 64 64 63 63 64
    64 63 63 63 64 63 63 63 64 63 63 63 63 63 61 61 61 61 61 64 64 64 64
    64 64 64 64 64 63 64 64 64 64 64 65 66 65 65 65 65 64 65 64 64 64 63
    63 64 64 65 64 63 63 62 63 63 63 62 62 62 62 62 62 62 62 63 62 63 64
    62 63 62 61 62 61 61 62 62 62 62 63 62 63 63 64 63 62 61 62 62 62 63
    62 62 63 64 64 65 64 64 64 64 64 63 64 63 64 63 64 64 64 65 65 65 64
    63 63 63 62 62 62 62 62 62 62 62 62 63 63 62 63 62 63 63 63 64 64 64
    64 65 65 66 66 66 66 66 65 65 64 63 64 64 64 64 65 63 63 63 63 62 61
    61 61 61 61 62 62 62 63 64 64 63 63 63 65 65 64 64 65 64 65 66 65 65
    65 65 65 64 64 63 63 63 62 62 62 62 63 63 63 63 62 62 62 62 62 62 62
    63 63 63 63 63 64 63 63 62 62 63 63 62 62 61 60 60 60 61 60 60 60 59
    59 59 59 59 59 59 60 59 60 59 60 61 60 60 61 62 62 62 63 63 63 64 63
    63 63 64 64 63 63 62 63 63 63 63 64 63 63 62 62 63 61 61 60 61 60</data></my_img>
<your_img type_id="opencv-matrix">
  <rows>256</rows>
  <cols>256</cols>
  <dt>u</dt>
  <data>
    65 65 64 65 65 68 66 70 69 72 69 69 67 65 67 66 65 65 65 64 62 61 62
    61 63 61 59 59 62 59 62 61 64 65 66 66 66 67 68 67 67 67 65 65 63 61
    61 60 61 61 59 58 59 60 61 60 60 63 62 62 62 62 65 67 65 64 64 65 66
    64 64 64 64 64 64 62 60 60 60 62 60 61 61 62 62 63 63 64 68 68 67 65
    70 70 72 72 72 74 74 74 73 71 72 72 68 68 69 70 69 66 66 66 65 68 66
    63 63 64 62 60 61 65 63 60 59 59 60 60 62 59 60 60 58 54 55 58 60 60
    61 64 62 62 64 62 63 63 62 63 63 61 59 59 58 58 56 57 56 57 57 57 56
    57 58 57 58 59 58 60 60 61 62 61 62 63 62 62 62 64 65 65 67 68 65 63
    63 63 64 63 64 63 64 61 61 58 59 61 61 60 57 58 55 57 56 59 58 61 62
    61 63 64 67 67 68 68 68 67 69 67 65 65 63 64 64 65 67 68 70 69 65 64
    65 64 63 64 64 62 61 60 58 57 60 62 63 64 66 65 64 64 63 62 63 63 62
    62 61 62 65 65 64 65 65 68 66 70 69 72 69 69 67 65 67 66 65 65 65 64
    62 61 62 61 63 61 59 59 62 59 62 61 64 65 66 66 66 67 68 67 67 67 65
    65 63 61 61 60 61 61 59 58 59 60 61 60 60 63 62 62 62 62 65 67 65 64
    64 65 66 64 64 64 64 64 64 62 60 60 60 62 60 61 61 62 62 63 63 64 68
    68 67 65 70 70 72 72 72 74 74 74 73 71 72 72 68 68 69 70 69 66 66 66
    65 68 66 63 63 64 62 60 61 65 63 60 59 59 60 60 62 59 60 60 58 54 55
    58 60 60 61 64 62 62 64 62 63 63 62 63 63 61 59 59 58 58 56 57 56 57
    57 57 56 57 58 57 58 59 58 60 60 61 62 61 62 63 62 62 62 64 65 65 67
    68 65 63 63 63 64 63 64 63 64 61 61 58 59 61 61 60 57 58 55 57 56 59
    58 61 62 61 63 64 67 67 68 68 68 67 69 67 65 65 63 64 64 65 67 68 70
    69 65 64 65 64 63 64 64 62 61 60 58 57 60 62 63 64 66 65 64 64 63 62
    63 63 62 62 61 62 65 65 64 65 66 68 66 70 68 71 68 68 66 65 66 66 64
    65 64 62 62 62 63 61 63 60 58 58 59 58 60 60 62 62 64 64 65 66 67 66
    66 66 64 64 62 60 61 60 60 61 59 58 59 60 61 59 59 62 61 61 61 61 64
    65 64 63 63 64 65 64 63 63 63 63 64 62 60 61 61 64 62 62 62 63 63 64
    63 64 68 68 67 64 68 68 70 70 70 72 72 73 72 70 70 71 68 67 69 69 69
    66 67 67 66 69 67 65 64 66 63 61 63 66 65 62 61 61 61 62 64 61 60 61
    59 55 55 57 59 58 59 62 61 62 63 62 62 63 62 63 62 61 59 60 59 59 57
    58 57 57 58 57 56 57 57 56 57 58 58 60 60 61 63 62 63 64 64 64 64 65
    66 66 67 68 64 63 62 62 62 61 62 61 62 60 60 57 58 60 61 60 57 59 56
    57 57 59 58 61 62 60 63 64 67 68 70 68 68 68 70 68 66 67 64 65 64 65
    66 68 69 69 65 64 65 64 65 65 65 63 62 61 59 58 61 64 65 64 65 65 64
    63 62 61 62 62 60 59 57 59 64 64 63 64 64 67 64 68 66 69 67 67 65 65
    66 66 65 65 64 63 62 62 62 60 61 58 57 57 59 57 60 59 62 61 63 65 65
    66 68 67 66 66 65 65 63 61 61 61 61 61 60 58 59 61 61 60 59 62 62 62
    62 62 63 66 64 63 62 63 64 63 61 61 61 61 63 60 59 59 60 62 61 60 60
    62 62 62 62 63 66 66 65 63 66 67 69 69 68 72 71 72 71 69 71 71 68 68
    69 70 70 67 68 68 67 69 66 65 64 65 63 62 63 66 64 61 60 60 61 61 63
    59 59 59 58 55 55 57 59 57 60 62 62 63 64 63 63 62 61 62 61 60 57 57
    56 55 55 54 54 55 55 55 54 55 56 55 57 58 57 59 59 59 62 60 62 63 64
    63 63 64 65 66 67 68 65 64 62 62 64 62 62 62 63 61 60 58 59 62 62 61
    58 60 57 58 58 59 58 60 60 59 62 63 67 67 69 68 69 69 71 69 68 68 66
    67 66 66 67 68 69 68 65 63 65 64 65 64 64 63 62 61 59 59 62 64 65 63
    64 64 63 63 62 61 62 61 60 59 59 60 65 65 65 65 65 68 65 67 66 68 67
    67 65 65 66 66 65 66 65 65 63 63 63 62 63 60 58 58 60 58 60 59 61 61
    63 64 64 66 67 67 66 65 64 64 63 60 60 61 62 62 61 60 61 63 64 63 62
    65 65 63 64 63 64 66 65 63 64 64 65 64 61 62 61 62 63 61 60 60 60 62
    60 60 60 62 60 60 60 60 63 64 63 61 65 65 69 68 68 70 71 71 70 67 70
    70 67 67 67 68 68 66 67 67 65 68 65 64 63 65 63 63 64 66 64 62 61 61
    62 62 64 60 60 59 58 56 56 58 59 58 60 63 62 63 64 64 62 62 60 61 61
    60 57 56 56 55 55 54 54 55 56 55 54 55 56 56 57 57 57 58 59 59 62 61
    63 63 63 63 63 65 65 67 68 68 65 64 63 64 65 64 63 62 63 61 60 60 61
    63 63 62 59 61 59 60 60 61 60 62 62 62 64 65 68 68 70 68 69 68 70 68
    66 67 64 65 65 65 65 66 67 66 62 61 63 62 63 63 61 60 60 60 59 59 61
    64 64 63 63 63 63 62 61 59 60 59 58 58 57 59 66 66 65 66 65 68 65 68
    67 69 67 67 65 65 66 67 67 67 67 66 64 63 64 64 64 62 60 59 61 60 61
    60 62 63 65 65 66 67 68 68 68 66 64 65 63 61 60 61 62 63 62 61 60 64
    64 63 63 65 65 63 63 62 62 65 64 64 63 64 64 63 61 62 62 63 64 62 61
    61 61 63 63 63 62 64 63 63 62 62 65 66 65 63 66 65 69 68 67 70 70 70
    69 66 68 68 66 65 65 65 67 65 66 66 65 67 65 63 63 65 65 65 66 68 66
    64 63 63 63 63 65 61 60 59 58 55 56 58 59 58 61 63 63 64 65 64 63 63
    61 61 62 61 58 57 56 56 55 55 56 56 57 58 55 56 56 57 58 58 59 59 59
    60 62 61 64 64 65 65 65 68 68 69 69 69 66 65 63 63 64 63 62 61 61 60
    60 59 60 62 62 61 59 61 59 60 60 61 61 62 62 62 65 65 69 68 68 67 67
    66 68 66 65 64 62 63 63 63 63 64 66 65 62 61 63 62 63 63 61 60 61 61
    60 60 62 65 65 64 63 64 65 63 62 61 62 62 61 60 59 61 66 66 65 66 65
    67 65 68 67 68 66 66 64 63 64 64 64 65 64 63 62 62 63 63 62 61 60 59
    60 58 60 59 61 63 64 65 66 67 68 67 67 66 65 65 63 61 61 61 62 62 62
    61 61 63 62 61 61 64 64 63 62 61 61 64 64 64 64 66 66 65 63 63 63 64
    65 63 62 61 62 63 63 63 62 64 64 64 63 63 65 65 63 61 64 63 66 65 64
    66 65 65 65 63 64 64 62 62 61 62 63 62 63 63 63 65 63 63 62 64 64 65
    66 67 66 63 63 63 63 62 65 61 61 60 58 56 57 60 60 59 62 64 62 63 63
    63 62 61 59 59 60 59 56 55 56 55 56 56 57 58 58 59 57 58 59 59 60 60
    61 60 61 62 64 63 66 66 67 67 67 68 67 68 67 67 65 64 62 62 63 61 61
    60 61 61 61 61 61 63 63 62 60 62 61 62 62 63 63 63 65 64 67 67 70 70
    70 68 68 66 67 66 64 63 62 63 63 62 63 65 66 66 63 62 63 62 63 62 61
    59 60 59 59 59 62 64 65 64 64 64 65 65 63 63 63 62 60 60 60 62 68 68
    68 67 66 68 66 69 68 69 67 66 64 62 63 64 65 64 65 63 62 62 63 62 62
    61 61 60 60 59 61 59 61 62 64 64 65 66 66 65 65 64 63 64 62 61 60 61
    63 63 64 64 63 65 64 63 63 64 63 62 62 60 60 62 63 63 64 65 65 65 64
    63 62 62 63 60 59 60 60 62 61 62 61 63 64 63 63 63 65 63 62 61 62 60
    63 62 61 63 63 63 63 62 63 62 62 62 61 62 63 62 63 64 63 64 64 63 62
    65 64 64 66 68 66 64 63 63 63 62 64 61 61 61 58 56 57 59 59 59 61 63
    62 62 62 61 60 60 58 59 60 59 56 56 58 57 57 58 59 60 59 59 56 57 57
    57 56 57 58 58 59 60 62 61 65 65 66 66 66 68 66 67 67 67 65 65 62 63
    64 63 63 61 62 62 62 62 62 64 65 63 61 62 61 62 62 64 63 64 65 65 67
    67 69 70 70 68 67 66 68 66 64 64 62 63 64 64 65 66 68 68 64 63 63 62
    63 63 60 58 59 58 58 58 61 62 64 64 64 65 66 66 65 64 65 65 63 63 63
    64 66 66 66 66 65 67 65 67 66 67 65 64 63 61 62 62 63 63 63 61 61 61
    61 61 61 60 59 60 61 59 61 60 61 62 64 64 64 64 65 64 63 64 63 63 62
    61 61 62 62 64 64 63 63 63 62 61 61 62 62 62 62 59 59 62 63 64 65 67
    67 67 66 65 63 64 64 61 59 59 60 61 60 61 60 63 64 64 64 64 66 64 62
    61 62 59 61 60 59 61 60 60 60 59 61 59 59 60 59 60 60 60 62 62 61 63
    63 63 63 64 64 64 66 66 65 63 62 62 62 62 63 61 62 62 59 57 59 61 61
    61 63 64 62 63 61 61 60 59 58 58 58 57 55 56 58 57 57 58 59 61 60 59
    57 57 58 57 57 58 59 59 60 61 63 63 66 67 67 68 68 68 67 67 67 67 66
    65 62 62 63 62 62 61 61 62 61 62 61 64 65 63 62 62 61 63 64 66 65 66
    68 67 68 69 70 72 71 69 67 65 66 64 62 61 60 61 61 62 63 64 65 66 62
    62 62 62 62 62 60 58 57 57 57 57 60 61 62 62 63 63 65 66 65 64 64 64
    62 62 63 63 64 64 64 63 62 64 62 65 63 64 62 62 61 59 60 61 62 61 63
    61 60 61 61 62 61 62 61 61 62 61 61 61 62 63 65 64 65 66 66 66 64 64
    64 64 62 62 62 63 63 63 65 64 63 64 63 61 62 62 62 61 61 60 59 62 62
    64 65 68 68 67 66 65 64 65 64 61 60 59 60 61 60 62 61 63 64 63 63 64
    65 64 63 62 62 58 60 59 58 60 60 59 59 59 59 58 58 60 60 60 62 60 62
    63 63 63 64 64 64 65 65 65 65 67 65 63 63 63 62 61 62 61 62 62 60 58
    60 61 60 61 63 64 63 63 62 62 60 60 59 59 60 59 57 57 59 57 58 59 60
    60 60 60 58 58 59 58 58 59 60 60 60 62 63 62 66 65 66 67 67 69 67 67
    68 68 67 66 63 63 64 62 63 61 60 61 61 61 61 64 65 63 62 62 62 63 65
    65 65 66 67 66 67 68 68 69 68 67 65 63 63 62 60 60 60 61 61 61 63 64
    65 66 63 62 62 61 61 62 59 57 57 57 57 57 59 61 61 63 63 63 65 66 65
    64 65 64 62 62 63 63 65 65 65 65 64 66 64 66 64 64 63 62 62 59 60 61
    62 61 62 61 62 62 63 63 63 64 63 63 63 63 63 62 62 63 65 64 64 65 65
    65 64 63 63 63 62 62 61 63 63 64 66 66 65 67 66 64 65 65 65 64 65 62
    61 63 63 64 65 68 68 67 66 64 64 64 64 62 62 60 60 61 62 64 63 65 66
    65 64 64 65 64 63 62 62 58 60 58 57 59 59 59 59 58 59 58 58 60 60 60
    61 60 61 62 62 62 63 62 63 64 64 64 65 67 65 64 64 65 63 63 63 62 63
    62 61 60 61 62 61 62 63 64 63 64 63 63 61 60 59 58 61 60 59 59 61 60
    61 61 62 62 62 62 59 60 61 60 59 59 60 59 61 62 63 63 66 65 66 68 69
    69 68 69 70 69 67 67 64 65 65 63 63 61 61 62 62 63 63 66 67 65 64 64
    64 65 67 67 67 67 68 68 68 68 70 71 70 68 66 64 64 63 61 60 60 61 62
    61 61 63 64 64 61 59 60 59 60 60 56 55 56 56 57 57 59 60 60 61 60 61
    64 64 62 61 62 62 61 61 62 63 65 65 66 64 63 64 63 64 64 63 62 61 61
    59 60 61 62 61 62 62 62 62 62 63 63 63 63 63 63 63 62 60 60 61 63 62
    62 63 64 64 64 63 64 64 64 64 63 64 65 66 68 67 67 68 67 65 66 66 67
    66 66 63 61 63 63 65 65 68 67 65 63 61 61 62 62 60 61 60 60 60 61 64
    63 66 67 66 64 64 64 63 62 62 61 57 59 57 56 58 58 58 58 58 59 57 57
    60 59 59 60 58 60 60 60 60 62 62 63 63 64 65 66 67 65 65 65 65 63 62
    62 61 62 61 60 59 60 60 59 60 62 63 62 63 62 63 61 60 59 59 62 62 60
    60 61 60 62 61 62 63 62 62 59 59 60 59 59 59 59 59 59 60 62 63 66 65
    66 68 69 71 68 69 71 70 68 67 64 65 64 64 63 61 61 62 61 63 63 66 68
    65 65 65 63 65 66 66 66 65 66 65 65 65 66 68 67 66 64 63 63 63 61 61
    61 62 62 61 61 62 63 63 61 58 59 57 59 59 56 56 57 56 58 58 59 61 61
    62 61 61 64 64 62 62 62 62 61 62 62 64 64 64 64 63 61 63 62 63 62 61
    61 60 59 58 59 59 61 60 61 61 61 62 62 63 62 62 63 63 62 61 60 59 58
    59 61 61 62 62 62 63 62 62 62 62 62 63 62 63 64 65 67 67 67 68 68 67
    67 68 68 68 67 65 62 63 64 65 65 68 67 65 63 62 61 62 63 62 63 63 63
    63 64 66 66 68 69 69 67 65 65 63 63 62 62 58 60 57 57 58 58 59 59 59
    60 59 59 61 59 61 62 60 62 62 62 61 63 64 64 64 65 65 66 68 66 66 66
    66 64 64 62 62 62 62 60 60 60 60 58 59 60 60 60 61 60 61 59 59 59 59
    61 62 61 60 61 61 63 62 64 63 63 63 60 61 62 61 61 60 61 60 61 62 64
    64 67 66 67 68 69 70 68 70 71 70 68 68 65 65 65 64 63 61 61 61 59 62
    62 64 65 64 64 65 65 67 67 67 68 65 67 66 66 66 67 69 67 67 65 65 64
    64 63 63 63 63 62 61 61 62 63 62 62 59 59 58 59 60 57 57 58 57 58 59
    59 60 61 61 60 61 63 63 62 61 61 61 62 62 62 63 65 65 65 66 63 64 64
    64 63 62 60 61 60 59 58 58 60 59 59 61 60 61 61 61 60 62 62 62 61 60
    60 57 57 58 60 60 61 62 62 63 62 61 62 63 62 63 63 65 64 65 66 66 66
    67 68 67 68 68 68 67 67 65 62 64 65 66 66 68 67 65 63 63 61 61 63 62
    63 63 63 63 64 65 65 67 69 68 66 65 64 62 62 62 61 58 60 58 57 59 59
    60 60 60 60 59 60 61 60 61 62 60 62 62 63 62 63 64 64 63 64 65 66 67
    65 65 64 64 63 63 62 63 62 62 60 60 61 61 59 60 60 60 61 61 60 62 60
    60 59 59 61 61 60 60 61 60 63 62 64 63 63 63 61 61 62 61 60 60 61 59
    60 62 63 62 65 65 67 68 69 70 68 71 71 70 69 69 66 66 65 65 64 62 61
    61 60 63 62 65 65 64 64 65 65 67 67 67 66 64 66 65 65 65 66 67 66 66
    64 65 64 65 64 63 64 64 64 62 62 63 64 63 63 60 61 59 60 61 57 58 59
    57 58 58 58 60 60 61 60 60 63 62 61 61 61 62 62 62 61 62 64 64 64 64
    63 64 63 63 63 62 62 62 61 59 58 58 59 59 59 61 60 60 60 60 59 62 62
    62 62 61 60 57 57 59 61 62 62 63 64 66 64 64 64 66 64 64 63 64 64 64
    64 64 65 65 66 66 67 68 68 68 67 66 63 65 65 66 67 68 66 65 63 62 62
    61 63 62 62 64 62 63 64 65 65 66 68 68 66 65 65 62 62 62 61 59 60 58
    58 59 59 59 59 59 60 58 60 61 59 60 61 60 61 61 62 61 63 64 64 64 65
    66 67 67 66 66 65 65 63 64 62 63 62 62 61 62 63 64 63 63 61 62 63 63
    63 63 61 60 59 59 60 61 61 60 60 59 62 62 64 63 63 63 62 63 65 64 64
    64 63 62 62 64 63 63 65 64 64 66 66 68 67 69 69 68 68 68 66 67 66 65
    65 63 61 61 61 63 63 65 65 64 65 66 66 67 67 68 67 65 66 66 66 65 65
    66 65 65 64 64 63 65 64 62 64 64 64 62 63 63 65 64 63 60 61 60 60 62
    59 60 60 58 58 57 57 59 59 59 59 58 61 60 60 61 62 63 64 65 64 65 68
    68 68 67 65 67 65 66 64 63 62 61 61 58 58 58 59 59 59 61 61 60 60 61
    61 63 63 63 63 61 60 57 56 59 60 60 61 61 63 64 63 62 63 65 64 64 63
    64 64 65 65 65 65 66 66 67 68 68 67 68 66 66 63 64 64 65 65 66 65 63
    63 61 61 60 62 62 63 64 64 64 66 67 67 68 70 70 69 67 66 64 64 64 61
    59 60 58 57 58 58 59 58 58 58 56 59 61 61 61 62 61 61 61 62 63 65 66
    66 65 66 66 67 68 68 67 66 66 64 65 63 65 64 64 62 62 63 63 62 63 61
    61 62 62 62 62 61 61 61 61 63 63 64 63 64 63 65 65 66 65 65 64 63 64
    65 64 63 63 63 62 62 64 64 64 67 65 65 66 67 68 67 68 69 68 67 66 64
    65 64 63 62 60 60 60 61 63 63 66 66 66 67 67 68 69 69 70 69 66 67 67
    66 65 64 66 65 66 64 64 63 65 64 63 64 63 63 61 62 63 64 63 63 60 61
    59 59 62 59 60 61 60 60 59 58 59 59 60 60 60 61 61 60 60 61 63 64 65
    63 64 64 64 64 64 62 64 63 64 63 62 61 61 60 57 58 57 58 58 59 60 61
    61 60 61 61 64 63 63 63 62 60 57 56 58 60 61 61 60 63 64 64 63 64 65
    64 64 64 64 63 63 64 64 64 65 65 65 67 67 66 68 67 67 65 66 65 66 65
    65 65 64 63 62 61 59 61 61 63 64 64 65 67 68 68 69 71 72 71 68 67 65
    65 65 62 60 60 57 56 57 56 57 57 57 56 56 58 60 61 62 63 61 62 63 65
    64 67 67 67 65 65 65 66 67 66 65 64 63 61 61 60 62 61 63 61 61 62 63
    61 64 61 61 62 62 63 62 62 62 63 63 65 65 67 67 66 66 68 67 68 66 65
    65 65 65 65 64 64 63 63 62 62 65 64 64 66 64 64 65 66 67 66 66 67 66
    66 65 63 63 61 61 61 59 60 60 61 63 63 65 66 66 68 69 68 70 69 69 68
    65 66 65 64 64 63 64 64 64 63 64 63 65 65 64 65 64 64 61 63 64 65 64
    64 60 61 59 59 61 59 60 60 59 60 58 56 59 59 59 60 60 61 61 61 61 62
    63 66 67 66 67 63 63 63 63 61 62 61 63 62 60 60 60 60 57 57 56 58 57
    59 61 62 62 61 60 61 64 64 64 64 63 61 59 57 59 60 61 60 60 62 63 62
    62 63 63 62 63 63 63 63 63 63 64 65 66 67 66 68 68 67 70 69 69 67 66
    66 66 66 67 66 65 64 62 62 60 61 61 62 64 63 64 65 66 67 68 70 71 69
    68 65 64 64 63 61 58 57 54 54 55 54 55 56 56 56 55 58 59 61 63 62 61
    62 64 65 64 67 67 67 66 65 65 66 67 66 64 63 63 60 61 59 61 62 63 62
    62 63 64 62 63 61 60 62 61 61 61 61 61 62 63 65 66 67 68 68 67 69 68
    68 67 65 64 65 65 66 64 65 64 64 63 63 64 64 64 65 63 63 64 63 65 63
    65 66 66 65 65 62 63 62 61 62 60 61 61 61 63 62 64 66 67 69 69 68 70
    69 69 67 65 66 66 64 63 62 64 64 65 65 66 66 67 67 67 67 66 65 62 63
    64 64 63 63 60 60 59 59 62 60 61 61 59 60 58 56 58 58 57 58 58 59 60
    60 61 61 62 66 67 66 68 63 63 64 64 63 64 62 63 62 62 62 62 62 61 60
    58 58 58 60 62 62 62 60 61 61 64 64 65 66 66 64 61 60 61 62 62 61 60
    62 63 63 62 62 63 63 64 64 64 64 63 64 65 65 66 68 68 69 68 67 69 69
    70 68 68 67 66 66 67 66 65 64 63 62 60 62 61 63 64 63 63 64 66 67 67
    69 70 69 67 65 64 64 63 62 59 58 56 56 57 56 57 57 57 57 57 59 60 62
    63 62 62 63 64 65 64 66 66 67 65 65 64 65 65 65 64 62 63 61 62 59 62
    61 63 63 63 63 64 63 64 62 62 63 63 64 64 64 64 65 66 68 68 70 70 70
    69 69 67 68 67 66 65 65 65 66 64 65 64 65 65 65 65 65 65 65 64 64 65
    64 66 65 66 68 67 66 64 62 62 61 61 62 60 60 59 60 62 62 65 66 67 69
    70 69 70 68 68 66 64 65 64 63 62 61 62 63 64 64 65 65 66 67 66 67 65
    64 61 61 61 61 61 61 59 59 58 57 61 60 60 60 59 60 58 55 57 57 57 58
    57 58 59 60 61 61 63 66 67 66 67 62 62 63 65 63 64 62 63 62 61 61 62
    63 61 60 58 59 60 61 63 63 63 61 61 61 63 64 65 65 66 63 61 60 61 62
    63 63 62 63 64 64 62 63 63 63 64 64 63 62 62 62 63 63 65 66 67 69 68
    68 70 70 71 71 70 69 69 68 68 67 65 64 63 63 61 62 62 63 63 64 64 65
    66 68 68 70 70 68 67 65 64 64 64 62 60 59 57 57 58 57 58 59 58 59 58
    60 61 63 65 63 63 64 64 66 65 67 66 66 66 65 64 66 66 66 65 64 63 62
    62 61 64 62 63 63 62 63 64 63 64 63 63 64 64 65 66 66 67 67 67 68 69
    70 70 69 69 69 66 67 65 64 64 65 65 66 65 66 64 65 65 64 65 65 65 65
    64 64 64 64 65 65 66 68 67 65 63 62 62 61 60 60 59 59 58 59 61 62 65
    65 67 68 69 69 70 69 68 66 64 63 63 63 62 61 63 64 65 65 67 66 67 69
    68 68 66 64 61 61 62 62 61 63 60 59 59 59 62 62 63 62 61 62 60 57 59
    58 58 58 58 58 58 60 61 60 61 65 66 64 66 67 67 67 68 67 68 66 66 65
    64 65 65 66 63 62 60 61 60 62 64 63 64 62 62 61 64 65 66 66 67 64 61
    61 62 63 64 64 63 63 63 63 60 61 62 61 62 61 60 60 60 61 62 62 65 66
    67 68 67 67 69 70 72 71 70 68 68 68 67 66 64 63 62 62 61 62 62 64 65
    64 64 65 66 68 68 69 68 66 65 63 61 61 61 61 60 59 58 58 60 59 60 60
    60 60 60 61 61 63 64 63 62 63 64 66 66 67 66 66 65 65 64 65 65 66 65
    64 64 63 64 63 65 63 65 65 64 64 65 64 65 64 63 64 64 66 66 66 67 67
    67 69 69 71 71 70 71 71 68 68 67 67 66 66 66 66 65 66 64 65 65 64 64
    63 64 64 63 64 64 64 65 64 65 66 66 65 64 64 63 61 61 61 61 62 62 63
    65 65 67 66 68 70 70 69 69 68 67 65 62 62 61 62 61 60 63 64 66 66 69
    68 69 71 71 70 68 67 64 63 64 64 63 65 62 61 59 60 63 62 63 63 60 61
    60 57 59 59 60 59 59 59 58 60 61 60 61 65 65 63 64 67 67 68 69 67 68
    66 67 66 65 65 65 66 64 63 62 62 62 63 65 64 64 62 63 62 65 65 65 65
    66 64 60 60 62 63 64 63 61 61 61 61 58 60 61 61 61 61 60 61 61 62 63
    64 66 67 68 69 68 68 69 69 70 70 70 69 69 68 67 67 66 64 64 64 61 62
    62 63 64 63 64 64 65 66 66 68 68 66 65 63 60 61 61 61 61 60 58 59 60
    59 61 61 61 60 60 61 61 62 63 62 62 63 62 65 65 66 65 64 64 64 63 64
    64 65 65 64 63 63 65 65 66 64 66 65 64 65 66 65 66 64 63 64 63 65 65
    67 67 67 66 68 69 70 71 71 72 72 69 69 69 68 66 67 67 67 66 67 65 65
    66 65 65 64 66 66 65 65 65 65 66 65 65 65 65 65 63 63 62 61 61 60 59
    61 61 62 64 64 65 64 65 67 68 68 68 68 68 65 64 64 63 64 63 63 65 66
    67 67 69 69 69 71 71 70 67 66 63 63 64 63 61 63 61 60 59 60 62 62 62
    62 60 62 61 59 61 62 61 61 61 61 61 63 64 62 65 68 68 66 68 66 66 67
    68 66 66 64 65 64 64 64 64 65 63 63 61 61 62 63 65 64 63 61 62 61 64
    64 64 64 65 63 60 61 63 64 64 64 62 62 62 62 59 61 61 60 61 60 59 60
    60 61 62 62 64 65 66 67 66 66 67 66 68 69 70 69 70 70 69 67 67 66 65
    65 63 63 61 63 63 63 62 64 63 65 65 65 66 64 63 62 60 60 61 60 61 60
    59 61 62 60 61 61 61 60 60 61 61 61 62 61 61 61 61 64 64 65 65 64 63
    63 61 63 62 64 63 62 61 61 62 62 65 63 64 63 62 63 64 64 65 63 62 63
    62 64 64 66 67 66 66 67 67 69 70 69 70 70 68 68 68 67 66 67 67 66 65
    66 64 65 65 63 63 63 64 63 63 63 63 63 65 64 64 64 63 64 62 61 61 61
    61 60 59 60 61 62 63 63 65 64 65 67 67 67 67 66 66 63 62 62 61 62 61
    60 62 62 63 65 67 67 69 70 70 69 67 66 63 63 65 64 63 64 62 61 60 61
    64 64 63 63 62 64 62 60 62 63 63 63 64 63 64 66 67 66 68 71 71 69 70
    65 65 67 69 68 69 65 67 65 64 65 65 66 64 63 60 61 61 62 63 62 61 60
    60 59 63 62 62 62 64 63 61 61 63 64 64 65 63 63 64 63 59 60 60 59 59
    59 59 59 59 59 60 60 62 63 65 67 65 64 65 66 68 70 70 69 69 69 68 67
    68 67 67 66 63 63 62 63 63 64 63 64 63 65 65 66 66 65 64 63 62 62 63
    62 62 61 61 61 62 60 61 60 60 60 60 61 61 62 63 62 62 63 64 66 67 66
    65 64 63 63 61 63 62 63 62 62 61 62 63 63 65 63 66 65 64 65 67 67 67
    66 65 67 66 67 66 68 68 68 67 67 67 69 70 68 69 70 68 67 67 65 66 66
    66 65 65 66 64 64 64 64 63 63 63 63 62 62 62 61 63 63 63 62 61 63 62
    61 61 62 61 61 59 60 61 63 63 63 65 64 65 67 67 67 68 67 67 64 64 64
    63 64 64 62 65 65 65 67 69 70 70 71 72 71 68 68 65 65 67 66 64 66 64
    62 62 62 65 65 64 64 62 64 62 61 62 63 63 63 64 64 65 65 67 66 68 70
    71 68 70 67 67 69 71 69 69 66 67 66 65 64 65 67 65 64 62 62 62 63 63
    62 62 60 60 59 62 61 62 64 65 64 62 63 64 66 65 65 63 64 65 63 61 61
    62 61 61 61 60 60 60 60 59 60 61 61 63 64 62 61 64 64 66 68 68 66 67
    68 66 66 67 67 67 66 63 62 61 62 62 62 62 63 62 63 63 64 65 64 64 63
    62 62 62 61 61 60 59 59 60 57 59 58 58 57 57 58 59 60 62 61 62 63 62
    64 65 65 63 62 62 62 60 62 61 61 61 61 60 61 63 63 65 63 65 65 65 66
    68 68 69 68 68 69 68 69 68 69 69 68 67 68 67 69 69 68 68 68 66 66 66
    64 64 65 65 63 63 64 63 63 64 63 63 64 65 64 64 63 64 63 65 64 63 62
    62 63 61 60 60 60 60 59 57 59 61 63 63 63 65 64 64 67 66 67 67 65 65
    61 62 62 61 62 63 61 64 64 65 66 68 69 70 71 71 70 67 67 64 65 66 65
    64 64 62 61 61 61 63 63 63 63 62 64 62 62 64 65 64 64 65 65 65 65 67
    65 68 70 69 67 69 69 69 70 71 70 69 66 68 67 65 66 65 67 66 65 63 64
    62 64 64 63 63 60 61 59 62 61 62 63 65 64 63 63 64 65 64 63 61 62 62
    61 58 60 60 59 60 59 58 58 59 59 59 60 62 63 64 64 62 62 65 65 66 68
    67 66 66 67 65 66 66 66 66 66 63 63 61 61 61 61 61 62 61 63 63 63 64
    63 63 63 62 62 63 63 62 61 60 60 60 59 60 59 59 59 58 60 60 61 63 62
    63 64 62 63 64 64 63 61 62 62 60 62 61 61 62 62 61 61 61 61 62 61 63
    63 63 64 67 66 68 67 67 68 67 68 66 68 68 67 65 67 67 69 69 68 68 68
    67 66 67 64 64 64 64 63 63 64 63 63 64 64 63 64 66 64 64 62 62 62 64
    63 62 62 61 62 59 59 59 60 59 58 58 59 60 62 61 62 64 64 64 66 66 66
    66 65 65 62 63 63 62 63 64 61 63 64 64 65 67 68 69 70 71 69 66 66 64
    65 66 65 64 64 63 61 60 61 63 63 62 63 62 63 62 61 62 64 62 62 64 64
    65 65 66 65 67 68 68 67 70 68 68 69 70 68 67 64 65 65 63 63 62 64 64
    64 62 63 62 63 63 62 62 60 61 60 61 60 62 63 65 64 63 63 63 64 63 62
    60 60 59 59 56 57 58 57 58 58 58 57 58 57 59 59 63 63 64 63 61 61 63
    65 66 68 66 65 65 65 64 65 65 65 65 64 62 62 61 62 61 61 60 60 61 63
    63 63 64 63 62 61 61 61 62 63 62 61 59 59 61 59 61 61 62 62 62 62 63
    64 66 65 64 66 64 64 63 62 61 60 59 58 57 59 58 58 59 59 59 58 60 60
    61 60 62 61 60 62 64 64 66 67 66 67 66 67 66 68 68 69 67 68 68 69 69
    68 68 68 66 65 66 62 63 63 63 62 61 62 61 62 63 63 63 65 66 64 64 63
    63 63 65 64 62 63 62 63 61 60 60 61 61 60 59 60 61 61 61 61 63 64 63
    64 64 65 65 65 64 62 63 63 61 62 63 61 63 63 62 64 66 67 68 69 70 68
    66 66 65 65 67 65 63 65 63 62 61 62 63 63 62 63 62 64 63 62 64 65 63
    64 65 66 66 66 67 66 68 68 67 67 70 66 66 68 69 67 65 62 63 63 62 61
    61 63 64 64 61 62 61 63 63 62 63 61 61 60 63 62 64 65 67 66 64 64 63
    65 64 63 61 61 60 60 58 59 59 59 61 59 59 59 59 58 59 60 63 63 64 64
    62 63 65 65 66 69 68 66 66 66 65 66 66 65 65 64 62 62 62 62 60 61 61
    60 60 62 62 63 64 61 61 61 60 60 62 63 63 63 61 61 63 61 63 63 64 64
    63 64 64 64 66 65 63 65 63 63 62 61 59 58 58 58 56 58 58 58 59 59 60
    59 60 61 61 60 63 62 62 62 65 65 66 67 67 67 67 68 66 68 67 68 66 68
    67 68 68 67 67 67 64 63 64 61 62 62 61 61 60 62 60 61 63 63 63 64 65
    63 63 62 62 64 65 65 63 64 63 64 63 63 62 63 63 61 60 61 62 62 60 60
    60 62 61 62 62 64 64 63 63 60 61 62 61 60 63 61 61 61 61 63 66 67 68
    68 69 69 66 67 66 66 68 66 64 66 65 64 63 64 64 64 62 62 60 62 61 60
    62 63 62 63 65 66 67 67 68 67 69 69 68 69 71 67 67 70 71 69 67 64 64
    63 63 62 62 65 64 63 61 61 61 63 64 62 62 61 61 60 62 63 65 65 67 66
    64 64 64 65 65 64 63 62 61 61 58 60 60 61 62 60 60 59 59 58 59 59 62
    62 63 63 61 63 64 64 64 68 66 65 66 66 66 66 66 65 65 64 63 62 62 61
    59 60 59 59 59 60 60 60 62 60 60 60 60 60 61 63 63 63 62 63 64 62 64
    64 66 66 65 65 65 64 66 63 62 64 61 61 60 58 57 57 57 58 56 58 58 59
    60 61 62 63 63 63 64 63 64 63 62 62 64 64 65 65 65 65 64 64 64 65 64
    65 62 64 64 64 65 64 64 64 62 62 64 62 63 63 62 62 62 63 62 61 63 63
    62 64 64 63 63 63 63 64 66 66 65 65 65 66 65 64 64 65 64 62 61 62 62
    62 60 60 61 62 61 62 62 63 63 63 63 61 63 63 62 62 64 62 63 63 63 65
    67 68 68 68 68 68 67 66 66 66 68 66 63 65 65 64 64 65 65 65 64 64 61
    63 62 61 62 63 62 62 63 64 65 65 67 66 67 67 67 66 69 66 66 68 69 68
    66 63 63 62 62 61 61 64 64 64 62 62 62 63 64 63 62 61 61 60 61 61 64
    66 67 67 65 65 65 68 66 66 65 63 62 62 60 61 62 63 64 62 61 61 61 59
    59 60 62 62 63 61 59 61 62 63 63 67 66 64 65 65 66 66 65 64 64 63 61
    61 61 61 58 58 56 56 55 57 57 58 59 58 57 58 58 59 61 63 63 64 64 65
    67 65 67 66 68 68 67 67 67 65 68 65 63 64 61 62 60 58 58 57 58 58 55
    57 58 58 61 60 60 62 62 62 63 61 63 62 61 61 62 63 65 64 64 64 63 64
    63 64 64 64 61 62 62 63 62 62 63 63 61 62 63 62 63 64 63 62 62 63 61
    60 62 61 61 62 63 61 61 61 61 64 65 65 64 65 64 66 65 65 64 65 64 62
    61 61 61 61 59 59 60 61 59 60 59 61 61 60 62 60 61 61 59 59 61 61 61
    61 61 62 64 64 65 64 65 65 64 63 63 64 65 65 63 65 65 64 64 65 65 64
    63 63 61 62 62 61 61 63 62 62 64 65 65 64 66 65 65 65 64 63 66 66 66
    68 68 67 66 63 63 61 61 61 60 64 64 64 62 63 63 63 64 63 63 62 62 60
    61 62 64 65 66 66 65 65 65 66 65 64 63 62 61 61 58 60 61 61 63 61 61
    61 62 59 60 60 62 62 63 63 61 61 63 63 63 66 65 64 65 65 65 65 65 64
    64 63 61 61 61 61 59 59 58 57 57 58 58 59 60 58 58 59 58 59 61 63 63
    65 64 65 66 66 68 67 69 68 66 67 67 65 68 65 64 64 61 61 59 58 58 57
    57 57 55 57 57 58 59 59 59 61 61 61 62 62 64 63 61 61 62 63 64 63 62
    61 60 61 60 60 61 62 59 60 61 62 63 63 63 64 63 63 64 62 64 64 63 62
    62 62 60 59 61 60 60 61 63 62 61 61 62 64 66 66 64 64 64 65 65 64 65
    66 65 63 62 62 62 62 60 61 61 61 59 60 58 59 60 60 62 61 62 61 60 59
    62 61 62 62 62 63 64 64 65 66 67 66 66 65 65 65 67 66 64 66 65 64 64
    65 64 63 64 63 61 62 62 61 62 63 62 63 64 66 66 66 66 66 66 66 66 66
    68 64 64 65 66 65 65 62 63 61 62 61 62 65 65 66 64 64 64 64 65 65 64
    63 64 62 63 64 65 66 67 67 65 65 65 67 65 64 63 62 62 62 59 60 62 63
    64 62 62 62 63 61 61 62 64 65 65 64 62 63 64 64 62 65 65 64 65 65 66
    66 66 65 66 65 63 62 63 62 60 58 58 57 57 57 57 58 60 58 57 57 57 59
    61 62 62 65 65 65 66 66 68 68 69 69 67 67 68 66 68 65 64 64 62 60 58
    58 58 57 57 57 54 56 56 56 58 59 59 61 61 62 63 62 65 65 64 64 65 65
    65 63 62 60 60 59 58 59 60 60 58 60 61 64 65 64 65 66 65 65 66 63 65
    65 65 64 63 64 63 62 62 62 63 64 65 64 63 63 64 66 67 66 66 66 65 66
    66 65 66 66 66 65 63 63 63 64 61 62 62 62 59 60 58 58 58 59 61 59 60
    60 58 58 61 61 60 60 61 62 63 64 65 64 66 66 66 65 65 66 67 66 63 64
    63 62 61 61 60 59 60 61 59 60 61 60 61 62 61 63 64 66 66 65 66 66 66
    66 66 66 69 62 62 63 64 64 62 60 62 60 60 60 61 63 64 65 63 63 64 64
    64 65 64 62 62 62 63 63 65 65 65 66 65 64 64 66 64 64 63 62 62 63 61
    61 62 64 65 64 63 64 64 61 61 62 64 66 65 64 64 63 64 64 63 66 66 64
    65 64 64 65 64 64 66 64 62 61 62 62 60 60 60 59 58 59 58 61 62 60 59
    59 60 60 62 63 64 66 65 65 66 67 68 68 69 69 66 67 67 65 67 64 63 62
    60 58 56 56 57 57 57 57 54 56 57 57 59 60 61 61 61 61 62 62 64 63 62
    62 63 62 63 61 60 58 58 58 57 58 60 60 58 58 60 61 63 63 63 64 63 63
    63 62 63 63 63 63 63 63 62 60 62 62 63 63 64 64 63 62 63 66 67 68 66
    66 65 66 66 64 64 66 65 63 61 60 60 61 60 61 61 62 59 60 58 58 60 59
    61 58 60 59 58 56 60 60 59 60 59 61 61 63 64 64 66 67 67 65 65 65 66
    65 64 64 63 62 61 61 60 59 61 62 60 61 62 62 63 63 62 63 64 66 66 64
    65 67 66 66 66 67 69 66 66 66 66 67 65 63 64 62 62 63 63 65 66 66 64
    64 64 65 64 65 65 63 63 62 62 63 65 65 66 66 66 64 63 65 63 63 63 62
    62 63 61 61 62 64 65 64 64 63 63 60 60 61 63 64 63 62 62 62 62 63 61
    64 64 62 63 63 64 64 64 63 66 64 62 61 63 63 61 61 60 59 59 60 59 61
    62 61 60 60 61 60 61 63 63 65 65 65 66 67 67 67 68 68 67 67 67 65 66
    63 62 61 60 57 55 56 57 57 58 58 55 58 59 60 61 63 64 63 61 60 61 60
    62 61 60 60 60 61 61 60 60 58 58 58 58 59 60 60 59 59 61 62 63 63 63
    64 63 62 62 61 62 63 62 62 63 63 62 61 62 62 62 63 63 63 62 62 61 64
    65 66 65 65 64 66 66 65 65 67 67 65 65 64 64 64 62 63 63 64 61 61 59
    59 59 59 60 57 58 56 55 53 56 57 57 58 58 60 60 61 62 63 65 67 67 65
    65 64 66 66 65 66 65 64 63 62 61 61 62 63 60 60 61 60 61 62 61 62 63
    66 65 64 66 68 67 68 67 68 69 68 68 68 67 67 67 64 66 63 63 64 64 65
    66 67 65 65 65 65 65 65 65 63 63 62 61 63 64 65 66 66 65 63 63 65 63
    62 62 61 62 62 60 60 62 64 65 64 64 63 64 62 61 62 64 66 65 64 64 64
    64 65 63 65 64 62 62 62 63 63 63 62 65 63 62 61 63 63 62 61 61 59 59
    60 58 61 61 61 59 60 60 60 61 63 62 64 64 64 65 66 67 67 68 67 67 67
    68 66 67 64 63 62 61 59 56 57 57 58 59 59 57 58 60 61 61 63 63 63 62
    60 59 59 61 62 61 60 60 60 60 59 60 58 58 58 58 58 59 59 58 58 61 61
    62 63 62 63 62 61 62 61 62 63 62 64 64 63 64 62 64 65 65 66 66 67 66
    64 64 66 66 67 65 65 64 64 65 63 63 65 65 64 63 62 62 63 61 62 61 61
    60 60 58 57 58 59 60 57 59 57 56 55 58 59 59 60 60 61 60 61 61 62 65
    66 65 62 62 62 63 63 63 64 64 63 62 61 60 59 61 62 60 59 61 59 59 60
    59 60 61 64 63 61 63 64 63 64 63 64 65 67 67 66 66 65 64 62 63 61 61
    62 61 63 65 66 64 64 65 66 65 66 65 64 64 63 62 63 65 66 66 66 65 63
    64 65 63 62 62 60 61 62 60 60 62 64 65 64 63 63 65 64 64 65 67 68 66
    67 67 67 68 67 65 67 66 64 64 64 65 65 64 63 66 64 65 63 65 64 63 62
    61 60 59 60 59 61 61 59 57 58 57 59 59 60 61 62 63 63 63 65 67 67 69
    68 68 69 69 68 68 66 65 63 63 61 57 58 59 59 60 59 56 57 59 61 61 62
    63 63 63 61 60 60 62 63 61 60 60 60 59 58 57 55 56 56 56 57 58 58 58
    58 60 61 61 61 60 61 59 59 60 59 60 61 61 62 63 63 63 63 65 64 64 65
    66 66 66 65 64 67 67 67 66 66 65 65 66 64 64 65 65 64 64 64 64 64 62
    63 61 62 61 61 59 58 59 58 58 57 57 55 55 54 57 59 58 59 58 60 59 60
    60 62 64 65 64 61 61 61 62 61 61 63 63 63 62 61 59 58 60 60 58 58 59
    58 58 58 58 59 60 63 62 62 63 65 64 65 64 66 66 67 67 66 65 66 65 63
    63 60 61 62 60 61 62 64 62 61 62 62 63 65 62 62 63 63 62 63 64 64 65
    66 64 61 62 63 61 61 61 61 62 63 61 60 62 64 65 63 63 63 63 62 63 64
    66 67 66 66 67 68 69 69 67 69 68 67 66 65 67 67 66 65 68 66 67 65 66
    66 64 63 62 61 60 62 60 61 60 59 56 57 57 59 59 60 61 62 64 64 65 68
    69 69 70 69 69 71 71 69 69 67 66 64 64 63 60 61 61 61 61 61 58 57 59
    61 60 61 63 63 62 61 60 60 62 63 62 60 60 60 58 57 57 55 55 55 55 56
    57 58 58 57 60 60 60 60 59 59 58 57 58 58 59 59 60 61 62 61 62 62 64
    64 64 64 63 64 63 63 62 66 66 65 65 65 64 64 65 64 64 65 65 65 66 65
    64 65 63 64 63 63 62 62 60 59 60 59 60 58 58 57 56 55 58 59 58 59 58
    60 59 60 60 61 63 64 65 62 62 62 63 62 63 64 65 64 63 62 60 59 61 61
    59 58 59 57 56 56 57 57 58 61 61 61 62 63 63 64 65 67 67 65 65 64 64
    65 64 61 61 59 60 60 60 61 62 63 61 60 62 62 62 64 62 63 63 64 62 64
    65 66 65 66 64 61 62 63 61 61 62 60 61 62 60 60 63 64 65 64 63 63 63
    62 62 64 65 66 65 66 67 67 67 67 66 68 68 67 67 66 68 69 67 67 70 68
    69 67 68 68 66 64 64 62 61 63 60 62 61 59 57 57 57 59 58 60 60 62 64
    64 65 67 68 68 70 68 70 70 71 69 68 66 67 65 66 65 61 62 61 61 60 59
    57 56 57 59 58 58 61 61 61 61 61 61 63 65 63 62 61 60 58 57 57 55 56
    55 55 57 58 58 59 58 60 60 60 60 59 59 57 56 57 56 58 59 60 60 61 60
    61 61 63 63 63 63 63 63 62 62 62 65 64 64 64 64 63 63 64 63 63 64 65
    65 66 66 65 65 64 66 64 65 64 64 61 60 61 61 61 59 60 57 56 55 58 59
    60 60 59 60 59 60 60 61 63 64 64 63 62 61 62 62 63 64 65 65 65 64 62
    60 62 63 61 61 61 58 58 57 57 57 58 61 61 61 62 63 63 65 65 67 67 65
    65 65 65 67 67 64 64 61 63 64 63 64 64 64 61 60 62 62 62 64 61 62 63
    63 63 65 66 67 66 67 65 63 64 64 63 62 63 62 63 63 62 61 64 66 67 66
    65 65 65 64 64 66 66 67 65 66 68 67 67 67 66 68 68 67 68 68 70 71 69
    69 72 70 71 69 70 69 67 65 65 62 61 62 59 62 60 58 57 57 57 60 58 60
    61 63 65 64 64 67 67 67 68 66 68 67 68 65 64 63 65 63 64 64 60 61 60
    60 60 60 58 57 57 59 58 59 62 63 63 63 62 62 65 67 66 64 63 62 59 58
    58 55 56 56 56 56 57 57 58 57 59 59 59 59 57 58 57 56 56 57 57 58 59
    60 61 62 62 62 62 63 63 63 63 64 62 63 62 65 65 64 64 64 63 62 63 62
    62 62 64 64 65 66 65 66 65 67 66 66 65 66 64 63 62 62 62 60 61 59 58
    58 60 61 61 61 60 61 60 62 61 62 63 64 64 62 62 62 62 62 63 63 65 64
    64 63 60 60 61 61 61 61 61 58 58 58 58 58 59 61 61 61 61 62 61 64 65
    65 65 68 68 67 68 69 69 67 67 65 66 66 65 66 66 66 63 62 63 63 63 64
    61 62 63 63 62 65 65 65 64 66 65 64 65 66 63 63 64 63 65 65 63 62 64
    64 65 65 64 64 63 63 63 64 65 66 64 65 66 65 65 66 65 67 67 67 67 68
    70 71 69 69 73 71 72 69 69 69 68 65 64 62 61 61 59 60 58 57 57 56 57
    60 59 60 61 63 65 63 64 66 67 66 67 66 67 66 67 65 64 64 66 64 66 65
    62 63 62 62 61 61 59 58 58 60 58 59 61 62 61 62 62 61 63 65 64 62 61
    60 58 56 56 54 54 55 56 56 57 57 57 57 59 60 59 59 59 59 58 56 57 58
    58 58 60 61 63 63 64 64 63 64 63 63 64 65 64 63 61 64 64 62 63 63 62
    62 62 61 61 62 64 64 65 66 66 66 66 69 67 68 66 66 63 62 63 62 61 60
    60 58 58 59 61 61 63 62 60 61 60 62 61 62 63 64 65 63 62 62 63 63 64
    64 65 64 63 61 59 59 60 60 60 60 60 58 58 59 59 59 59 61 60 60 60 61
    60 62 63 63 63 68 68 67 68 69 69 67 67 65 66 66 66 66 65 65 63 62 63
    62 62 62 60 61 61 63 62 63 63 65 65 66 66 65 66 66 65 63 64 63 65 65
    63 62 64 65 66 66 65 65 65 65 65 67 67 68 65 67 68 66 66 67 66 68 68
    68 68 69 71 72 71 71 74 72 73 71 70 71 70 67 66 64 63 64 62 63 60 59
    58 57 57 59 59 60 59 61 63 61 62 65 66 66 67 65 66 66 66 65 65 65 67
    65 67 66 63 65 64 63 63 63 60 59 59 61 60 60 63 62 61 63 62 62 64 65
    65 63 62 61 58 57 57 55 55 55 55 56 57 57 58 58 60 60 59 59 59 60 60
    57 57 58 58 58 59 60 62 62 62 62 62 63 62 62 63 64 64 63 62 65 64 63
    64 64 62 61 61 60 59 61 64 63 63 65 64 65 65 68 66 67 66 65 63 62 63
    62 61 59 59 57 58 58 60 61 62 62 61 62 61 62 62 62 65 65 66 64 63 63
    64 64 65 65 66 65 64 62 59 59 60 61 61 60 61 59 58 59 59 59 60 62 60
    60 59 61 61 62 63 64 63 68 68 67 67 69 68 67 67 66 66 66 65 65 64 64
    62 61 61 60 60 60 58 59 60 62 61 63 62 63 63 65 64 64 65 65 64 62 63
    63 66 66 64 63 65 66 66 67 66 67 66 66 66 67 68 69 66 68 69 66 66 67
    66 69 69 69 69 70 73 73 72 73 75 73 74 72 70 71 70 68 68 66 65 66 65
    66 63 61 62 60 60 61 59 59 59 60 62 60 60 63 63 63 63 62 64 64 64 62
    62 64 65 65 66 66 63 65 64 63 63 63 60 59 59 60 59 61 64 63 63 64 63
    63 65 67 66 64 63 62 59 59 59 57 58 57 57 58 59 59 60 60 62 61 60 61
    61 61 61 58 59 58 59 58 60 61 62 62 62 62 62 63 62 62 62 64 65 65 63
    66 65 64 65 65 64 62 62 60 60 62 64 63 64 65 65 64 65 68 66 67 67 65
    64 64 64 63 62 60 61 60 61 60 62 63 64 63 62 62 63 65 64 64 66 67 68
    66 65 65 65 64 65 64 64 63 62 60 58 58 59 61 61 61 61 60 60 60 60 60
    60 61 60 59 59 62 62 63 65 65 64 66 66 65 65 67 67 66 66 65 64 65 64
    64 63 63 61 60 60 58 58 59 57 58 59 61 61 62 63 64 64 66 65 64 67 67
    66 64 65 65 67 67 64 63 65 66 66 66 66 65 65 64 64 66 66 66 64 65 66
    64 63 65 65 68 68 68 68 71 73 73 73 73 75 73 74 71 70 70 69 67 67 66
    65 66 65 67 64 63 63 62 62 62 59 59 59 60 62 59 60 62 62 61 62 60 63
    64 64 63 63 65 66 66 67 66 64 67 65 63 63 63 60 60 60 61 61 63 66 65
    65 66 64 64 66 67 66 64 63 62 58 58 59 57 58 58 58 58 58 58 61 60 62
    61 59 59 60 60 60 58 57 58 58 58 59 60 61 62 62 62 61 63 62 61 61 63
    64 64 63 65 64 64 65 66 65 64 64 62 60 62 64 62 63 64 64 63 64 66 64
    66 65 64 64 65 65 64 62 60 61 60 61 60 61 63 63 61 61 61 62 64 63 62
    63 65 66 64 64 64 63 63 63 62 63 63 62 61 60 59 60 62 63 63 63 62 61
    61 61 60 60 61 59 57 57 59 59 60 61 62 62 68 68 68 67 68 69 67 67 66
    66 67 66 65 64 63 61 60 59 59 58 58 55 56 58 60 61 61 63 64 65 66 66
    65 67 67 65 63 64 64 66 65 63 62 63 63 64 64 63 63 62 62 62 63 65 64
    62 64 64 62 62 64 64 66 67 66 66 69 71 72 72 73 75 73 74 72 71 71 70
    68 69 67 66 67 66 67 65 63 63 62 61 62 59 59 59 60 61 59 59 61 62 61
    62 60 63 64 64 63 63 65 66 66 67 67 65 67 65 64 64 64 62 61 61 63 62
    63 66 65 65 65 64 64 64 66 65 64 63 61 59 59 60 58 59 58 59 58 59 59
    60 60 60 59 58 58 59 58 57 55 55 56 57 58 59 60 60 60 61 60 60 62 61
    59 58 60 61 61 61 63 62 62 62 63 63 63 63 60 59 61 62 61 62 63 64 64
    64 65 63 65 66 64 64 66 65 64 61 61 61 61 62 62 61 63 63 61 60 60 61
    62 61 60 60 61 63 62 62 63 63 63 64 63 65 65 65 65 63 63 63 64 64 63
    63 61 60 60 61 59 58 59 58 56 56 59 59 61 62 62 61 66 66 66 66 67 68
    67 67 66 66 67 66 66 65 64 61 61 59 59 58 58 56 57 59 61 61 62 63 65
    65 66 66 66 67 67 66 63 65 66 68 66 65 64 65 64 66 66 65 65 64 64 64
    65 66 66 63 64 63 61 61 63 63 65 66 66 67 70 73 74 75 76 77 75 76 75
    74 72 71 69 68 66 65 66 65 65 63 62 61 61 60 62 58 58 57 59 60 59 59
    60 60 59 60 58 62 62 63 63 63 65 66 67 68 68 65 68 66 65 64 65 63 62
    62 62 61 63 66 64 64 65 65 65 66 67 66 65 64 62 61 61 62 61 61 59 59
    58 59 59 61 60 60 60 58 58 59 58 58 57 57 58 58 59 61 61 61 63 63 64
    63 64 64 62 61 63 63 63 64 65 64 63 64 64 64 64 64 61 61 62 62 62 62
    64 64 63 62 64 62 64 65 63 64 66 65 64 62 62 63 64 66 65 64 65 65 63
    62 62 63 64 63 61 60 60 62 62 62 63 62 63 62 62 64 65 64 65 64 63 63
    63 63 62 62 60 58 58 59 57 57 57 56 55 56 59 59 61 62 62 62 63 63 63
    63 64 66 65 65 64 65 65 64 66 64 64 61 61 60 59 59 58 57 57 59 60 60
    61 62 64 65 67 66 67 68 69 67 65 67 67 69 67 66 65 65 64 66 66 66 66
    64 64 64 65 65 65 64 64 63 61 61 62 63 64 65 65 67 69 71 73 73 74 75
    74 75 74 72 71 69 68 68 66 65 65 65 65 63 62 61 62 61 62 59 59 59 59
    60 59 59 60 61 60 61 59 62 63 63 62 62 65 67 68 68 68 66 69 67 65 65
    67 66 64 63 64 64 65 67 65 66 66 66 66 67 68 67 66 64 63 61 61 62 60
    61 60 59 57 58 58 60 60 59 59 59 59 59 58 58 58 58 59 60 60 61 61 60
    61 62 62 62 63 62 60 59 61 63 64 64 66 65 65 65 66 66 65 64 61 60 61
    61 61 61 62 62 61 61 63 62 64 64 63 63 65 65 63 62 62 64 65 66 66 65
    65 66 63 63 63 64 65 63 61 60 59 61 61 61 62 61 62 61 60 62 62 62 64
    63 62 62 63 63 62 62 61 59 59 59 56 57 56 55 54 54 56 56 57 58 58 59
    58 58 59 60 61 63 62 62 62 63 63 62 64 62 61 59 59 58 58 58 59 57 58
    60 62 62 64 64 66 67 67 67 67 68 69 68 66 69 69 70 68 68 68 68 67 69
    68 67 68 64 64 64 65 65 65 64 65 63 61 61 62 64 66 67 66 68 70 72 74
    73 75 75 75 75 74 72 71 68 67 67 65 65 66 65 65 63 62 62 62 61 62 60
    60 60 59 60 58 59 59 59 59 60 58 60 60 61 60 60 62 64 66 66 65 64 67
    66 65 65 66 66 65 64 64 65 66 68 66 66 67 67 67 67 67 66 65 64 63 62
    62 62 60 61 60 59 58 59 59 61 60 59 59 59 59 59 59 59 59 59 60 61 62
    64 62 61 62 63 63 62 62 62 59 58 59 61 62 63 65 63 64 64 66 65 66 65
    63 61 62 61 60 61 63 62 62 62 64 63 65 66 65 66 68 67 66 65 65 65 66
    68 67 66 66 66 63 63 62 63 64 63 60 59 59 61 63 63 63 63 64 63 61 62
    62 62 63 62 61 61 62 61 60 61 61 60 60 60 57 57 57 56 56 57 58 58 59
    60 61 62 59 59 60 61 61 64 64 64 64 65 65 64 66 64 63 61 62 59 59 60
    60 60 60 62 63 63 64 64 66 67 67 66 66 67 68 68 66 69 69 70 68 68 68
    69 67 68 68 67 67 63 63 63 64 64 63 61 62 60 57 58 59 61 63 63 63 65
    67 69 71 72 74 74 73 73 72 70 69 67 66 66 64 64 64 64 65 63 63 63 63
    63 63 61 62 61 61 61 60 61 60 60 59 60 58 59 59 58 57 57 59 60 63 62
    63 62 66 65 65 66 68 68 68 67 65 67 69 69 67 67 66 67 67 66 66 66 65
    63 62 62 62 63 61 60 60 59 57 57 58 59 59 58 59 59 60 60 61 61 61 61
    62 63 64 65 64 62 64 64 63 62 63 64 61 60 62 62 63 63 64 63 63 64 64
    64 63 63 60 59 61 61 59 60 61 61 62 62 65 64 66 66 66 67 69 68 67 67
    65 66 66 69 68 66 65 64 61 62 62 62 63 62 60 58 58 61 63 63 63 63 64
    64 62 62 63 63 64 63 61 61 63 62 60 61 61 61 61 60 58 58 58 57 57 58
    59 59 60 60 61 62 59 59 60 62 62 64 63 65 64 65 66 65 67 66 66 64 64
    62 62 62 62 62 61 62 63 63 64 64 65 66 65 65 66 66 67 68 65 67 67 68
    67 67 67 69 67 68 68 66 67 63 63 63 64 62 62 60 61 59 57 57 58 59 61
    62 62 65 67 68 69 70 72 73 72 72 71 70 68 67 67 66 65 64 64 64 64 64
    63 64 64 63 63 62 61 61 61 61 60 60 59 59 58 59 57 58 58 58 56 58 59
    61 64 62 62 61 65 64 66 66 68 69 69 69 68 70 72 72 70 70 69 69 68 68
    67 66 65 63 62 62 62 63 62 62 62 62 59 59 60 62 62 61 62 61 61 61 62
    63 62 62 63 64 64 65 64 63 65 66 64 63 64 64 61 61 63 64 64 65 65 63
    64 64 65 64 65 64 60 60 62 61 60 60 60 61 61 63 65 64 67 67 66 68 70
    69 68 67 67 67 67 69 67 65 64 64 61 62 61 62 63 63 60 58 59 62 63 63
    63 63 64 64 63 63 64 64 66 65 63 62 64 64 61 62 63 62 63 62 59 58 59
    58 59 59 61 61 61 60 61 62 57 57 59 60 60 63 63 64 64 65 65 65 67 66
    66 64 64 62 62 62 62 62 61 62 62 63 63 63 64 65 65 64 65 67 68 68 66
    68 68 68 68 68 67 69 68 68 69 67 68 64 64 64 64 63 62 61 61 59 56 56
    57 58 60 60 61 63 65 66 67 67 70 71 71 72 70 69 68 68 67 66 66 65 64
    65 64 63 62 63 64 62 62 61 60 60 60 59 59 59 58 58 57 58 57 59 59 59
    59 60 61 62 65 64 63 63 66 66 67 68 70 70 71 70 69 72 74 73 70 69 68
    68 67 67 66 66 64 62 62 63 63 64 62 62 62 62 59 60 60 62 61 60 61 61
    61 62 62 63 64 63 65 66 66 66 66 64 67 68 66 65 65 65 62 61 64 65 65
    66 66 64 65 66 66 65 66 66 62 61 62 61 59 59 59 60 60 61 63 62 64 65
    64 66 68 68 66 65 66 66 67 69 68 65 65 63 62 63 62 63 63 62 59 57 58
    61 62 62 62 62 63 63 62 63 62 62 63 62 62 61 62 62 59 60 61 61 62 62
    59 59 60 59 59 59 61 59 60 59 58 59 57 57 58 59 59 61 61 63 64 64 65
    63 65 66 66 64 65 62 63 62 62 62 61 62 63 62 62 63 63 65 64 63 65 66
    67 68 65 67 69 69 68 68 69 70 69 69 69 68 68 65 64 64 65 63 62 61 61
    59 58 58 58 59 60 61 62 63 65 67 67 68 70 71 71 71 70 69 67 66 66 65
    66 64 64 65 63 63 62 62 64 62 62 62 61 62 60 60 60 61 60 59 58 59 58
    59 61 60 60 61 63 63 66 66 65 65 69 68 68 68 69 70 70 69 68 70 72 71
    68 66 66 66 66 66 65 64 63 61 61 62 62 64 62 62 62 62 59 60 61 62 60
    59 60 61 62 63 63 63 64 63 65 66 66 66 66 64 66 68 66 65 65 65 61 60
    62 64 64 65 65 63 65 65 66 65 66 65 62 61 63 61 59 58 59 58 59 59 62
    61 64 64 63 65 66 66 65 65 65 66 67 68 65 64 63 61 61 62 61 61 61 60
    57 56 57 60 62 61 60 60 62 63 62 63 63 63 63 62 61 61 61 62 58 59 59
    59 60 60 58 58 59 58 58 59 59 58 59 58 58 59 55 55 56 58 58 61 61 63
    63 64 65 64 66 67 66 64 66 62 62 62 62 62 61 62 62 62 62 63 63 64 63
    62 62 64 64 65 63 65 65 65 64 66 66 68 68 67 68 66 68 65 66 65 66 64
    64 63 64 62 60 60 60 61 62 62 62 64 66 67 67 67 70 70 71 70 70 69 67
    66 66 66 66 65 65 66 65 66 64 64 65 63 63 61 60 61 59 57 58 58 58 57
    57 58 56 59 60 59 59 60 61 61 64 64 64 63 66 65 66 66 67 68 68 69 67
    69 70 70 67 66 66 66 67 67 66 64 63 62 62 63 64 65 63 63 62 62 60 60
    61 63 61 60 60 61 62 62 62 62 63 63 64 65 66 66 66 63 65 66 65 65 65
    66 63 61 63 64 65 67 67 65 67 66 65 64 65 64 61 59 60 58 57 56 56 56
    57 56 59 59 61 62 61 63 65 65 65 65 65 67 67 69 66 65 65 62 63 63 62
    61 61 59 56 54 56 59 60 60 58 57 60 61 61 62 62 64 64 63 62 62 63 64
    61 62 61 60 60 59 57 57 59 58 58 58 58 57 58 56 58 59 56 56 57 58 58
    60 61 63 63 63 65 64 66 67 67 64 67 64 64 63 64 63 61 63 62 62 61 63
    61 62 61 60 60 63 63 63 62 64 65 65 64 66 67 68 68 67 67 66 67 64 64
    65 65 64 63 62 62 61 59 59 59 59 60 60 60 61 63 64 63 63 66 67 67 67
    66 66 64 64 64 63 64 64 64 65 64 65 64 64 65 64 64 64 62 63 62 60 61
    62 61 60 60 60 58 59 61 60 60 60 60 60 62 62 62 61 64 64 64 64 65 66
    66 67 66 69 70 70 67 66 66 66 67 67 65 63 63 61 61 62 63 64 63 63 63
    63 61 62 62 63 61 60 59 62 61 61 61 61 62 61 63 64 64 65 66 63 66 67
    65 65 65 67 64 62 64 64 64 67 66 64 66 65 65 65 65 65 63 62 63 61 59
    59 58 59 60 58 61 60 62 62 62 63 65 65 66 65 66 68 67 68 66 65 64 61
    61 61 59 58 58 57 55 53 54 56 58 58 56 57 59 61 61 62 61 63 64 63 62
    61 62 63 61 62 61 61 61 60 58 59 61 60 61 61 60 59 61 59 60 61 55 55
    55 57 57 60 60 62 62 63 65 63 65 66 67 64 66 64 65 63 64 64 62 63 62
    61 61 62 61 62 60 59 59 61 62 62 61 63 64 64 62 64 65 67 66 65 65 65
    65 63 62 62 63 62 61 60 62 61 60 60 60 60 61 60 60 62 63 64 63 64 66
    67 68 69 68 68 67 66 66 66 65 64 63 64 63 63 62 62 63 63 62 62 62 63
    62 60 61 62 60 61 61 62 60 61 61 61 61 60 60 60 62 61 60 60 62 62 62
    63 64 66 67 67 66 69 69 69 67 66 65 66 66 64 63 60 61 59 59 61 62 62
    62 62 61 62 61 61 61 63 61 59 59 62 61 59 61 61 61 61 62 62 64 64 66
    62 66 68 65 66 65 68 66 64 65 65 64 66 65 64 66 66 65 65 65 64 63 62
    63 62 61 60 59 59 61 59 61 61 62 63 63 63 64 65 66 65 65 67 67 68 67
    65 64 62 62 60 59 57 57 55 54 53 53 56 56 57 56 57 60 62 63 63 63 66
    66 65 63 64 63 64 61 62 62 62 62 61 59 60 63 62 63 63 62 60 61 60 60
    61 58 58 58 60 60 62 62 64 64 64 65 64 66 67 68 64 66 63 65 64 64 64
    63 63 63 61 61 63 62 62 60 59 59 60 61 61 60 64 64 63 62 64 65 67 67
    65 65 65 66 63 63 63 64 63 62 61 63 63 62 61 61 60 61 61 61 61 62 62
    62 62 65 67 69 69 69 68 67 67 67 66 66 65 63 64 62 62 61 61 62 61 63
    62 63 64 63 61 62 63 61 63 63 64 63 63 62 61 62 61 61 60 63 62 61 61
    62 62 63 64 65 67 67 67 65 68 67 67 65 64 63 63 64 63 62 60 61 59 60
    62 63 64 64 64 63 64 63 63 63 63 63 60 59 62 61 60 61 61 61 61 63 64
    64 65 67 63 66 67 66 67 66 69 66 65 65 66 65 67 66 65 66 66 66 65 64
    65 63 63 64 63 62 62 62 62 63 60 64 63 64 64 64 64 64 65 66 65 66 68
    67 68 68 67 65 63 64 62 60 58 58 57 56 54 56 57 58 58 57 58 61 63 64
    64 64 66 65 64 63 64 63 63 60 61 60 60 61 61 59 61 63 62 63 64 64 63
    63 61 60 61 56 56 57 60 59 61 61 63 62 61 63 62 64 65 65 62 64 62 63
    62 63 64 62 62 62 60 61 61 61 61 59 59 59 60 60 61 59 63 64 63 62 63
    65 66 67 65 66 67 67 64 63 63 64 63 63 62 63 64 63 62 62 61 63 63 63
    63 62 63 63 61 64 65 68 67 67 66 65 65 67 66 65 65 63 64 62 62 62 62
    63 63 63 63 64 65 64 63 64 65 63 64 64 64 63 63 62 61 61 59 60 59 62
    61 61 61 61 61 61 63 63 65 64 65 62 65 64 64 62 61 60 61 62 62 61 58
    59 57 59 61 63 64 64 64 63 63 62 62 63 64 63 61 59 62 61 60 61 62 62
    63 64 64 64 65 66 63 65 66 64 65 64 67 65 64 65 67 66 67 67 66 67 68
    68 67 65 64 63 62 62 62 60 60 60 59 60 58 62 62 63 63 64 64 65 66 66
    66 67 70 68 69 68 68 65 64 65 63 61 59 60 58 58 57 58 59 60 59 58 59
    62 64 63 64 63 64 64 62 61 61 62 62 60 62 61 61 62 61 61 63 66 64 65
    65 64 63 64 61 61 62 58 58 59 61 62 63 64 65 63 63 64 63 65 67 66 64
    64 63 62 62 64 63 61 61 60 59 59 60 59 59 58 57 57 59 59 60 59 62 62
    62 61 62 64 66 66 63 65 65 65 63 62 63 64 62 61 61 63 64 63 62 62 61
    63 63 63 62 62 62 61 59 62 63 66 66 65 65 65 65 66 66 65 66 64 64 63
    63 63 62 63 63 64 64 65 66 65 64 64 65 64 65 65 66 65 65 64 63 63 62
    63 62 64 62 62 62 61 61 60 61 61 63 62 63 61 64 62 63 61 59 59 60 60
    61 61 58 59 57 59 61 63 64 65 65 64 65 63 63 63 64 63 61 60 62 61 60
    61 61 61 62 63 63 64 64 65 62 63 64 62 62 62 64 63 63 63 66 65 66 67
    66 67 67 67 66 64 63 63 61 62 62 60 61 61 60 61 59 64 63 63 64 64 63
    63 65 65 65 67 69 67 68 67 67 65 64 64 61 60 58 58 57 56 56 57 59 59
    59 58 59 61 62 62 63 61 63 62 60 59 61 62 62 61 62 63 63 65 64 65 66
    69 68 68 68 67 66 66 63 63 64 59 59 59 62 62 63 63 64 63 62 63 62 63
    65 64 62 62 61 61 61 62 62 61 61 60 60 59 60 60 60 58 58 58 59 59 60
    60 62 62 62 61 62 64 66 66 63 65 65 63 62 61 62 63 63 62 61 63 65 63
    64 64 64 65 64 64 63 62 63 62 62 64 65 68 67 66 66 67 67 68 67 67 67
    66 66 65 64 64 63 63 62 64 64 64 64 63 62 61 63 62 64 64 65 64 64 63
    63 63 62 63 62 64 61 62 61 60 60 60 60 59 60 58 61 59 62 61 61 60 59
    59 61 62 63 63 61 61 60 62 63 65 66 66 65 65 64 64 64 64 65 64 61 60
    62 60 60 62 62 60 61 61 61 62 62 63 61 63 63 61 62 62 64 64 64 64 66
    65 65 66 66 66 66 66 65 63 62 62 61 62 61 59 59 59 59 60 59 63 63 63
    64 64 64 65 67 68 67 68 70 68 69 69 68 66 65 64 61 60 59 59 58 58 57
    58 60 60 59 59 60 62 63 63 64 62 64 63 62 61 62 62 64 63 64 64 63 64
    64 65 66 69 68 69 69 68 67 67 66 66 66 59 59 59 62 62 63 64 64 64 63
    64 63 64 66 67 64 64 63 63 63 63 62 62 61 61 60 59 60 58 58 57 57 57
    59 58 59 59 60 61 61 61 61 63 65 64 62 64 64 63 62 62 63 64 63 63 61
    63 64 63 63 62 62 62 61 62 61 60 61 60 60 63 64 67 67 67 67 66 67 67
    66 65 66 63 64 63 62 62 61 61 61 63 63 64 64 64 62 62 64 63 66 67 67
    67 67 67 66 66 66 66 65 67 64 64 63 62 62 60 61 60 60 59 61 59 61 61
    61 60 60 61 63 63 64 64 63 63 62 62 63 66 66 66 65 64 64 64 63 64 64
    63 61 60 62 60 60 62 62 61 62 62 62 63 62 64 62 63 62 62 62 62 64 64
    64 64 66 65 66 66 66 65 66 66 66 63 62 61 61 62 62 61 61 61 61 62 59
    63 63 64 64 65 64 65 66 67 66 68 69 67 68 68 67 66 65 65 62 61 60 59
    59 60 59 60 61 60 60 59 60 62 62 63 65 63 64 64 62 62 63 63 65 65 65
    64 62 64 63 65 65 67 67 68 67 66 65 66 65 65 65 61 61 61 62 63 63 64
    63 63 63 63 62 63 65 66 64 64 64 63 64 64 62 62 61 61 61 61 62 59 59
    58 58 58 59 58 60 59 61 61 61 61 62 63 64 64 63 64 64 63 63 62 63 65
    65 65 63 64 65 64 63 63 62 63 62 63 61 61 62 62 61 63 65 68 67 68 68
    67 67 67 67 66 66 64 64 63 62 61 59 60 60 61 61 62 63 62 61 61 62 62
    65 66 67 66 67 68 67 68 68 68 67 68 65 65 64 63 62 60 60 59 59 58 60
    58 61 61 61 60 60 62 63 64 65 66 63 64 62 62 63 65 65 65 64 64 64 63
    63 64 64 63 60 60 62 60 61 62 62 61 62 62 61 62 62 63 60 61 60 61 61
    60 62 63 64 63 65 64 65 67 66 66 67 67 66 64 64 64 63 64 64 62 63 63
    63 63 61 64 64 65 65 66 64 65 67 67 67 69 71 70 70 69 68 67 68 68 64
    62 60 59 58 59 59 59 61 59 58 58 59 61 62 63 66 63 64 64 64 64 65 65
    66 67 67 65 62 64 64 65 66 68 68 68 67 66 64 66 65 65 65 60 60 61 62
    63 62 64 63 64 64 64 64 64 65 65 63 63 64 62 63 62 60 60 59 59 59 59
    61 59 58 58 58 59 60 59 61 61 63 63 63 63 62 63 64 64 63 65 66 65 63
    62 63 65 66 67 65 65 67 65 64 63 62 62 60 61 59 59 61 61 60 62 64 67
    67 68 69 68 67 67 67 65 66 64 64 63 61 60 58 59 59 61 60 61 62 62 61
    62 63 63 67 67 68 68 68 69 68 70 68 67 66 67 64 63 62 61 61 58 58 56
    57 55 57 54 57 57 57 56 57 59 60 62 63 64 63 64 63 63 64 66 66 66 64
    63 63 63 62 62 61 61 59 58 60 59 61 61 62 61 63 63 63 64 63 64 61 61
    59 59 60 59 60 62 63 62 64 63 65 67 67 66 67 67 67 63 64 64 64 64 64
    62 63 64 64 64 61 65 65 65 65 66 65 65 67 68 67 70 72 70 71 70 70 69
    69 69 65 62 61 60 58 58 59 59 60 58 58 58 59 61 62 63 66 64 65 64 64
    64 65 65 66 67 67 65 64 65 64 66 67 69 68 68 67 66 65 66 65 65 65 65
    65 65 65 66 64 66 65 66 66 66 65 65 66 66 64 65 66 64 65 64 62 62 61
    61 61 61 62 60 59 58 58 59 60 59 61 61 63 64 64 65 64 65 65 65 64 65
    65 64 63 61 62 63 66 66 64 65 67 66 65 64 63 63 61 61 59 59 61 61 60
    62 64 66 66 68 69 68 67 67 67 64 65 62 62 61 60 59 57 58 60 60 59 61
    62 62 62 63 64 64 68 68 68 68 67 67 66 67 65 65 63 64 60 60 59 58 59
    57 58 56 57 55 58 56 58 57 58 59 59 60 60 62 62 63 62 63 63 64 64 64
    65 65 65 64 64 64 63 63 62 62 60 60 61 60 61 61 62 60 62 61 61 62 61
    61 59 58 56 57 58 58 60 62 63 62 64 63 64 67 67 65 65 66 65 62 62 63
    63 64 63 62 63 63 63 63 61 65 63 64 64 66 65 65 68 69 69 71 73 71 71
    70 70 69 69 69 65 62 61 60 59 59 61 62 62 61 61 61 61 63 64 64 66 65
    66 66 65 64 66 65 67 68 68 67 65 67 66 67 67 69 68 68 67 67 66 66 66
    65 65 65 65 64 65 66 65 67 66 65 66 66 66 66 67 67 66 66 67 65 66 66
    64 63 63 63 62 63 63 61 60 59 59 60 59 59 61 60 61 62 63 63 62 63 63
    63 62 63 64 62 61 59 60 61 63 64 62 63 65 65 62 62 62 62 61 61 59 59
    60 61 59 62 63 66 66 67 68 68 66 67 67 65 66 63 63 62 61 61 59 60 61
    60 58 60 61 61 62 63 64 63 67 68 68 67 68 68 67 67 65 65 63 64 60 59
    58 57 58 56 58 57 57 55 59 57 60 59 61 62 62 62 61 64 63 65 63 64 63
    64 63 63 63 64 64 62 63 63 62 62 61 62 60 61 61 61 62 63 64 62 63 62
    62 62 61 60 59 57 54 56 56 56 58 61 63 61 64 62 64 67 67 66 66 66 66
    62 62 64 64 66 65 63 65 64 64 65 63 67 65 64 64 66 65 66 68 69 70 72
    73 70 71 71 71 70 71 71 66 64 62 61 60 62 63 64 64 62 62 63 64 65 66
    66 68 67 67 67 66 66 66 66 67 69 68 68 67 68 67 67 68 70 70 70 69 69
    68 68 68 67 67 64 64 64 64 64 64 65 64 63 64 64 64 64 65 65 64 64 66
    64 66 65 64 63 62 63 62 63 63 62 61 59 59 61 61 61 62 62 63 64 65 65
    64 65 65 65 63 64 66 63 61 59 60 61 63 63 62 61 64 64 61 62 61 62 61
    61 60 59 62 63 62 64 65 68 68 69 69 68 66 67 66 64 65 62 62 60 59 60
    58 59 60 61 60 61 61 62 63 64 65 65 69 70 69 69 69 70 67 68 66 65 64
    65 60 59 58 58 59 57 60 59 60 58 60 58 62 61 63 63 64 64 63 64 64 66
    64 65 64 64 64 64 62 64 63 62 62 62 62 61 60 60 58 60 60 59 61 62 63
    61 62 62 62 62 61 60 59 57 55 56 56 57 58 60 61 60 63 62 64 66 66 65
    66 66 66 63 64 65 66 68 67 66 67 67 66 68 66 69 67 66 66 67 66 67 68
    69 70 72 72 71 71 71 70 68 70 69 66 63 63 60 60 62 63 64 64 64 64 65
    66 67 67 67 69 67 67 68 67 66 66 65 66 68 67 68 67 69 69 69 69 71 71
    71 71 70 70 70 69 68 67 63 63 63 63 64 64 65 63 63 64 63 63 64 66 65
    64 63 65 63 66 66 65 65 65 65 64 66 66 66 66 64 63 65 64 64 64 64 64
    64 64 64 62 64 63 62 62 62 64 61 60 59 59 59 62 62 61 61 63 64 62 62
    63 62 62 62 62 61 63 64 63 66 67 71 71 71 71 70 68 68 68 64 65 62 60
    58 58 58 56 58 58 59 58 59 59 60 62 63 64 63 67 68 67 68 68 70 68 68
    66 66 65 66 62 61 61 60 61 60 62 61 62 59 61 59 62 60 62 63 63 62 60
    63 63 66 65 66 64 65 65 65 65 67 66 64 63 62 62 62 60 62 60 62 61 61
    62 63 65 62 63 62 64 64 62 60 60 58 56 58 57 58 59 61 62 60 63 62 64
    66 66 64 65 66 65 62 63 64 64 65 64 63 64 64 63 64 63 65 64 63 63 65
    65 66 67 68 69 71 72 71 71 71 72 69 71 69 67 65 65 62 60 61 63 63 64
    63 63 64 64 65 64 64 67 65 65 66 65 65 65 65 65 67 66 68 67 69 69 68
    68 69 68 69 69 69 69 68 67 66 65 63 63 64 64 65 65 65 64 63 64 64 64
    65 66 65 64 64 65 63 65 64 64 64 64 64 63 65 65 65 65 64 64 66 64 63
    63 63 63 63 64 64 63 64 63 62 62 62 64 61 60 59 60 60 61 61 61 60 62
    62 60 60 61 59 60 60 60 60 62 63 62 65 67 70 70 71 70 68 66 66 65 63
    63 61 59 58 58 58 56 58 59 60 59 59 60 61 63 63 65 65 69 70 69 69 70
    72 70 70 68 68 66 66 62 61 61 60 60 60 62 60 60 58 60 59 62 61 63 64
    64 62 61 63 64 67 65 66 64 65 64 64 64 66 65 64 62 61 61 61 60 61 59
    60 60 59 61 62 63 60 62 62 63 63 62 60 60 57 56 58 57 59 59 60 61 59
    62 61 63 66 65 63 64 65 65 63 63 64 64 66 64 63 64 65 64 64 64 66 64
    64 64 65 65 67 68 68 69 72 73 71 72 71 72 70 71 69 68 66 66 62 61 62
    63 64 64 64 63 64 64 64 64 65 67 65 65 66 65 65 65 65 65 66 65 66 66
    67 69 68 67 67 68 68 68 69 69 68 67 66 65 62 62 62 62 64 65 65 63 62
    64 65 64 65 65 64 64 63 65 63 65 64 63 63 63 63 63 65 64 63 63 62 62
    65 64 63 63 63 62 63 64 64 63 64 62 62 62 62 64 62 61 60 61 60 61 61
    61 60 62 61 60 60 61 59 60 61 62 62 63 63 64 66 68 71 71 72 70 69 67
    66 65 63 63 61 60 59 58 59 57 59 61 61 61 60 62 63 64 65 67 67 69 69
    67 67 68 70 68 68 66 65 64 63 60 60 60 60 61 61 62 60 61 60 61 61 64
    64 66 66 66 64 63 65 65 67 65 65 63 64 63 63 62 64 64 63 61 61 60 61
    60 61 60 62 62 60 62 63 64 61 63 61 63 62 61 59 58 56 55 56 55 57 56
    58 59 58 60 59 61 64 64 62 63 64 64 62 61 62 62 65 62 62 63 63 62 63
    62 64 63 63 63 64 65 66 68 68 70 72 73 71 71 71 72 69 70 68 66 64 64
    60 60 61 62 63 63 64 63 64 65 66 66 67 69 66 66 67 66 65 65 64 65 66
    65 66 66 67 68 68 66 67 68 68 68 67 67 66 66 66 64 62 62 62 62 64 65
    64 63 62 64 65 64 65 65 65 65 65 66 65 67 65 64 64 64 64 64 65 64 62
    62 62 61 65 64 63 62 63 61 62 63 64 63 63 62 62 61 61 63 61 61 60 61
    60 60 60 61 61 61 61 60 61 61 59 60 60 61 62 63 62 63 65 67 70 70 71
    70 69 66 65 64 63 63 61 60 58 57 57 57 58 61 62 61 60 61 62 63 63 65
    67 69 69 66 67 68 69 68 69 67 66 65 64 60 59 60 61 62 62 63 61 63 62
    64 63 66 65 67 68 67 65 63 65 64 66 65 66 64 64 62 61 61 63 62 62 61
    60 60 61 60 61 60 63 63 62 64 64 65 63 64 62 63 63 62 59 59 57 56 58
    57 58 58 60 60 59 60 60 61 63 62 60 62 62 62 60 61 62 64 66 63 64 64
    65 64 64 63 65 64 63 63 63 65 66 67 68 69 72 72 71 71 71 72 70 70 69
    67 65 65 61 60 62 63 64 65 65 64 65 66 66 66 67 68 66 66 66 65 65 65
    63 64 65 64 65 66 67 67 67 65 65 68 68 68 67 67 66 66 66 64 62 62 63
    63 64 65 64 64 63 65 66 64 65 65 64 64 65 65 65 68 66 64 64 64 65 65
    66 66 64 64 63 63 66 65 64 63 63 62 64 64 64 63 63 62 62 62 61 63 61
    61 59 59 59 60 60 60 59 60 61 60 60 61 59 60 61 62 63 64 64 65 66 68
    70 70 71 70 68 65 63 62 61 61 59 59 57 57 57 57 59 61 61 61 60 61 63
    64 64 65 66 67 68 66 65 66 67 66 66 63 63 62 61 58 57 59 60 61 61 63
    62 62 62 63 63 65 66 67 67 66 65 62 63 62 65 64 64 62 62 61 60 59 61
    61 60 60 60 60 61 61 61 61 64 64 63 65 66 67 64 65 63 64 64 63 61 60
    58 57 57 56 58 57 59 59 58 59 58 60 62 61 59 61 60 61 60 60 61 63 65
    62 62 63 63 63 64 64 65 64 63 62 64 66 67 67 69 70 72 72 70 71 71 73
    70 70 68 67 66 66 62 61 63 64 65 65 66 66 66 67 67 67 69 69 68 67 67
    67 67 65 64 65 67 65 66 68 67 67 66 64 63 65 65 65 64 64 64 62 63 62
    63 63 64 63 64 65 65 65 64 66 67 66 67 66 66 66 67 67 66 68 66 65 65
    65 66 66 67 66 64 65 65 63 67 66 64 64 64 63 65 65 66 64 64 63 63 63
    63 65 63 63 61 61 61 62 62 63 61 62 63 61 61 61 59 61 62 63 64 66 66
    65 66 68 70 70 72 70 68 65 63 62 61 61 59 58 57 56 56 56 58 60 60 59
    59 60 63 64 65 67 67 67 69 66 66 67 68 66 67 64 62 61 61 60 58 59 60
    61 61 63 62 63 63 64 63 65 64 66 66 66 64 61 62 60 63 62 62 61 61 60
    59 58 60 60 60 61 60 60 61 61 61 61 63 64 63 65 66 67 65 65 63 64 64
    63 62 61 59 59 58 56 58 57 59 59 59 59 58 60 62 61 60 63 62 63 61 62
    62 64 67 64 64 65 65 64 64 64 65 64 63 62 63 65 66 66 67 68 72 72 70
    71 71 74 70 70 69 67 66 65 61 60 62 63 64 64 65 66 67 69 68 68 69 70
    69 67 67 67 66 64 63 64 66 64 66 67 67 67 66 63 63 64 64 63 63 63 61
    59 59 58 66 66 67 65 66 67 67 66 65 65 66 65 66 65 64 65 65 65 64 66
    65 65 64 64 65 64 66 65 64 65 66 65 68 67 66 64 65 64 66 66 67 66 66
    64 64 63 64 67 65 65 63 62 61 61 61 63 61 62 62 61 61 61 60 62 63 64
    66 67 67 67 66 68 70 70 71 69 68 65 63 63 63 63 63 62 60 60 60 60 62
    64 64 62 61 61 62 65 65 66 66 66 67 64 64 65 65 64 64 61 61 60 61 60
    58 59 60 61 61 64 62 63 62 64 64 65 65 66 67 66 65 62 64 62 65 63 63
    62 62 62 60 59 62 62 61 63 62 63 63 63 64 63 65 66 65 66 66 66 64 64
    62 62 61 61 60 59 57 58 57 56 57 56 58 58 58 59 58 60 62 61 61 63 63
    63 62 62 63 64 67 64 63 63 63 62 62 62 62 62 61 60 60 62 63 64 65 67
    71 72 70 71 70 74 70 71 69 68 67 67 63 62 64 64 65 64 65 66 67 70 69
    69 69 69 68 66 67 67 66 63 63 63 65 63 65 67 67 67 66 63 64 65 64 62
    62 62 60 58 58 57 64 64 65 65 66 66 66 66 64 65 65 65 67 66 65 65 64
    64 64 65 65 66 65 65 65 64 67 66 66 67 67 66 68 67 66 64 65 64 66 66
    67 65 66 64 64 63 64 67 65 65 63 62 61 61 61 62 61 62 63 61 61 61 61
    63 63 65 67 67 66 67 67 69 71 71 71 70 69 66 64 64 65 64 64 62 61 62
    61 63 63 66 66 64 63 62 64 66 66 67 67 67 68 64 65 65 65 63 63 61 61
    59 60 58 57 59 59 60 60 63 62 63 62 63 64 65 65 66 67 67 65 63 65 62
    64 63 63 62 63 62 60 60 63 63 63 64 63 64 64 63 64 63 65 65 63 64 64
    64 62 62 61 62 62 61 60 60 59 59 58 58 59 58 60 59 59 60 59 61 62 61
    61 63 62 62 61 61 61 62 65 61 61 60 60 58 58 58 59 60 59 60 60 62 63
    63 65 66 70 71 69 70 69 72 69 69 67 67 67 68 64 63 66 65 67 66 67 69
    70 72 70 70 69 69 68 66 66 65 64 62 61 61 63 62 64 66 64 65 64 61 61
    63 62 61 61 61 59 58 59 58 66 66 65 65 65 66 65 65 62 63 63 63 64 65
    65 65 65 64 65 66 67 68 67 67 67 66 68 67 67 68 67 66 68 67 67 65 64
    64 66 66 66 65 65 64 64 63 62 66 64 64 62 61 60 60 60 61 60 61 62 60
    61 62 61 64 64 65 67 67 66 67 67 69 70 69 70 67 67 65 62 62 63 63 64
    63 62 63 62 64 64 65 66 65 65 64 64 66 66 66 66 66 67 65 65 64 64 62
    63 60 61 59 60 59 59 60 60 61 62 64 63 64 63 66 66 68 66 67 69 68 68
    66 66 63 65 64 63 62 62 61 59 58 61 61 61 63 62 63 64 64 64 64 65 67
    65 65 66 65 63 63 62 62 62 61 61 60 60 61 60 61 62 61 62 61 60 61 59
    61 61 60 60 61 60 60 59 59 61 61 64 61 61 59 59 57 57 58 58 59 58 59
    58 61 62 63 65 67 70 72 69 71 70 72 70 69 68 68 67 68 64 63 66 65 66
    65 67 67 68 70 68 68 68 67 66 65 66 64 64 61 61 60 62 61 63 65 63 64
    62 60 60 62 62 62 62 62 61 60 61 60 65 65 66 65 65 66 65 64 62 61 61
    61 63 62 62 62 61 61 62 64 65 66 66 66 67 66 67 67 68 69 68 67 69 69
    68 65 65 64 65 65 66 65 65 64 64 64 64 67 64 65 63 62 61 60 60 61 59
    60 61 59 61 63 62 66 66 67 69 69 69 69 69 71 71 69 69 66 65 65 62 61
    62 62 63 62 62 63 63 64 64 65 66 66 65 64 63 64 64 63 64 64 64 63 63
    63 63 62 63 62 63 62 62 61 62 62 62 62 62 64 64 65 64 65 66 67 67 68
    69 69 68 68 68 65 67 66 65 63 64 63 61 60 62 61 61 62 61 62 63 63 63
    63 64 65 64 65 65 65 63 63 62 63 62 61 61 61 61 62 61 62 63 61 62 61
    61 62 61 62 62 61 61 62 62 62 61 61 62 62 66 62 62 61 60 58 58 58 59
    60 59 60 58 60 62 61 64 65 68 71 68 69 69 70 68 67 66 66 65 66 62 61
    64 63 63 64 65 67 68 69 68 67 67 66 65 65 65 64 63 60 60 59 61 61 63
    64 62 63 62 60 61 63 63 63 62 63 61 61 62 62 65 65 66 66 65 65 63 62
    59 59 59 60 61 60 60 60 60 60 61 63 64 65 65 65 66 66 66 66 67 68 68
    68 70 69 68 66 65 65 66 66 66 65 65 65 64 64 65 67 66 66 65 64 63 63
    62 63 62 62 62 61 62 63 63 65 66 65 67 67 68 69 69 71 71 69 69 67 67
    67 64 63 64 64 64 64 65 66 65 66 66 66 67 67 66 64 63 63 62 62 63 64
    64 62 62 62 61 61 62 61 63 61 61 60 61 63 63 64 64 66 65 67 66 67 68
    69 68 67 69 68 68 67 66 64 65 64 63 61 62 62 60 59 61 60 61 62 61 62
    63 64 63 64 65 66 64 65 66 65 63 63 63 64 63 62 63 63 64 64 64 64 65
    63 64 62 63 63 62 63 61 61 60 61 61 61 60 59 59 59 62 59 60 58 59 58
    58 58 59 61 61 62 60 62 63 62 64 65 68 71 68 69 69 70 68 66 66 66 66
    67 64 62 65 62 62 63 64 66 66 68 66 64 64 63 62 61 63 62 62 59 59 58
    59 59 61 63 62 62 61 59 59 61 61 61 62 62 61 60 62 62 65 65 66 66 65
    65 64 64 62 60 61 62 63 61 62 62 62 61 62 63 64 66 65 65 65 66 66 65
    66 67 67 67 69 68 66 65 64 63 64 64 65 64 64 63 63 63 64 66 65 66 64
    64 63 62 62 64 63 63 62 61 61 62 62 63 64 63 65 65 65 66 67 69 69 68
    68 67 66 67 65 64 66 66 67 67 67 68 67 67 67 67 68 67 66 64 64 64 63
    63 63 64 63 62 62 62 60 61 62 60 62 61 61 61 62 63 62 63 64 64 64 65
    64 66 67 67 67 66 68 67 67 66 65 63 64 64 62 61 62 61 59 59 60 60 60
    62 61 62 63 63 63 63 65 67 65 66 67 65 64 64 63 64 63 63 64 63 63 64
    63 64 64 63 64 63 64 64 62 63 63 62 61 62 61 62 60 58 58 57 61 58 58
    57 57 56 56 56 58 60 60 61 58 61 62 61 63 64 68 70 67 69 68 69 68 66
    65 65 65 67 63 62 64 61 61 62 63 66 66 67 65 63 63 61 61 60 62 61 62
    59 58 58 59 60 61 63 61 62 61 59 58 60 61 62 63 63 62 62 64 65 66 66
    68 67 66 65 64 64 61 60 59 60 61 59 61 61 61 61 61 62 63 65 65 64 65
    66 65 64 65 66 66 66 67 67 65 64 64 64 66 66 66 66 66 66 66 65 67 67
    67 67 66 66 65 65 65 65 64 63 62 61 61 61 61 62 63 62 63 63 64 65 65
    67 67 67 68 67 66 67 66 65 67 68 69 69 70 70 69 69 68 68 68 68 67 65
    64 64 64 63 63 64 64 63 62 62 60 61 62 61 62 62 61 61 62 63 63 64 64
    64 64 64 63 64 65 66 66 65 67 66 67 67 64 62 63 63 62 62 62 61 59 58
    59 59 61 63 62 62 63 63 62 63 64 65 64 65 65 64 63 63 62 63 63 62 64
    63 63 64 64 65 65 63 64 63 64 64 62 64 63 63 62 62 62 62 61 60 61 60
    64 61 61 61 61 60 60 59 61 63 62 63 59 62 62 61 63 63 67 69 66 67 67
    67 66 64 64 65 65 67 64 63 65 63 62 64 65 68 68 69 67 65 64 63 63 62
    63 62 62 59 57 57 58 59 61 62 60 60 60 58 59 61 62 63 63 63 62 63 65
    66 67 67 67 66 66 64 64 64 62 59 59 58 59 58 60 61 60 61 61 64 65 68
    68 68 68 69 68 67 67 69 68 67 68 68 67 66 66 65 66 66 68 66 66 65 65
    64 66 67 66 67 65 65 64 66 66 67 66 66 64 62 62 62 63 64 64 62 62 62
    62 63 63 65 66 65 66 66 66 67 67 66 68 69 70 70 70 71 71 70 69 69 69
    69 68 66 65 64 64 63 63 64 64 63 62 61 60 60 61 61 62 62 62 61 62 64
    64 66 66 65 66 66 64 65 66 67 66 65 67 66 67 67 65 62 64 64 62 62 62
    61 58 58 59 60 61 63 62 63 64 63 64 65 66 66 66 67 66 66 65 65 63 63
    62 61 62 63 63 63 62 63 63 61 63 62 63 65 63 64 62 61 61 61 61 60 59
    58 60 59 62 59 59 59 59 58 58 58 59 62 60 62 58 61 61 61 63 64 66 68
    65 66 66 66 65 63 64 64 64 66 62 62 64 63 62 65 66 70 70 70 68 66 65
    65 64 63 64 62 62 59 58 58 61 61 63 64 62 61 61 61 61 63 64 64 63 64
    63 63 65 67 66 66 66 66 65 62 63 63 61 58 57 57 58 57 60 61 61 61 62
    63 65 68 68 68 68 69 67 65 65 67 67 66 65 66 65 66 66 66 67 67 68 66
    65 65 65 64 65 65 64 64 63 63 63 64 65 66 65 64 63 62 62 63 63 63 62
    61 61 61 61 62 62 64 64 62 63 64 64 65 65 64 67 68 69 68 68 70 69 68
    67 66 66 67 66 64 63 63 63 62 63 64 65 65 64 63 62 62 63 63 65 65 65
    64 64 65 65 66 65 65 66 66 63 63 65 64 64 63 65 64 66 66 63 62 63 63
    62 62 62 61 58 58 59 59 61 62 62 62 64 63 63 64 65 65 65 65 65 65 65
    64 63 64 63 62 64 65 65 65 66 66 65 63 64 64 65 66 64 64 63 63 62 62
    62 61 61 59 60 59 62 59 59 59 59 58 58 58 60 63 61 63 59 61 60 59 61
    61 64 67 63 64 65 64 64 63 65 66 66 68 65 64 67 64 64 67 67 71 71 71
    69 65 64 63 63 63 64 61 60 57 56 56 59 60 63 64 61 61 60 61 62 63 64
    64 63 63 62 62 64 66 67 67 67 66 65 63 64 63 61 58 57 56 57 57 59 59
    58 58 59 60 63 66 67 67 67 67 67 66 67 70 68 68 67 67 67 67 67 67 68
    68 69 66 67 66 67 66 67 67 65 65 64 64 63 64 65 66 65 64 62 60 60 62
    62 62 62 61 60 61 61 62 63 65 67 65 66 65 65 67 68 66 68 69 69 69 69
    70 69 68 66 65 65 67 65 63 62 62 62 61 61 62 63 64 63 60 59 60 61 60
    62 63 63 63 63 64 64 66 65 64 66 66 63 63 66 66 65 64 66 65 66 66 63
    62 63 62 59 60 60 60 58 57 58 60 60 61 61 62 64 62 62 62 63 64 63 63
    64 63 64 64 63 64 63 62 65 65 66 66 67 68 67 65 66 65 66 67 65 66 65
    63 62 62 62 61 61 60 61 59 62 59 59 59 59 59 59 59 60 63 62 63 59 61
    60 59 61 61 64 66 62 62 63 63 63 62 63 64 64 66 63 62 64 62 61 64 65
    69 69 69 68 65 63 64 64 63 64 61 60 58 56 56 58 60 62 63 61 61 60 61
    63 64 65 64 63 62 61 62 64 66 65 65 63 63 62 61 62 61 60 58 56 56 57
    57 60 60 59 59 60 60 63 65 67 67 65 65 64 64 65 67 67 67 66 66 65 65
    66 67 68 68 69 67 67 66 67 65 67 67 66 66 64 65 65 66 66 67 66 66 64
    62 62 62 62 62 61 60 58 59 58 59 60 62 64 63 64 64 64 68 70 68 71 71
    71 71 72 72 71 69 67 65 64 66 64 62 60 60 60 60 59 61 62 63 63 60 60
    61 62 62 62 63 63 63 64 64 64 65 64 64 65 66 64 64 65 65 64 64 66 66
    67 66 64 64 63 63 61 62 61 61 59 59 59 60 61 60 61 61 62 60 61 61 61
    61 61 62 62 61 62 62 62 63 62 62 64 65 65 66 68 69 68 67 68 67 67 68
    66 66 64 63 60 60 61 59 59 58 60 59 62 59 59 59 60 59 59 59 61 63 62
    62 58 59 59 58 60 59 61 63 60 60 61 61 61 60 61 62 62 65 62 61 63 62
    60 63 65 69 70 69 68 65 63 64 64 63 65 62 60 57 56 56 58 59 62 61 59
    60 59 60 62 64 66 65 63 61 62 63 66 67 65 65 63 63 62 61 61 60 58 57
    55 56 57 57 59 58 57 58 59 60 63 65 67 67 66 65 64 64 66 68 66 67 66
    66 64 64 64 66 67 66 67 65 66 64 65 64 65 65 64 64 62 63 63 64 64 65
    64 64 62 60 60 60 61 61 60 58 57 58 57 58 60 62 63 62 63 63 64 67 69
    68 71 71 72 71 73 72 72 70 68 66 65 68 66 64 61 61 61 60 60 62 63 63
    62 60 60 61 62 61 63 64 63 62 64 65 64 65 65 63 65 65 63 63 64 64 63
    62 64 64 65 65 63 63 63 63 61 61 61 61 59 59 59 61 60 60 61 60 62 61
    62 61 61 61 60 60 61 61 62 62 61 63 62 62 63 65 65 66 69 69 67 67 68
    67 67 68 67 67 65 64 61 60 61 59 59 58 59 57 60 57 58 58 58 58 58 58
    59 62 60 62 57 58 57 57 59 58 61 63 60 60 60 60 62 61 62 63 63 65 62
    61 63 61 60 63 64 68 68 66 65 63 62 62 62 63 65 62 59 57 57 57 59 60
    61 61 59 61 59 61 64 65 66 66 64 62 63 65 67 68 65 65 63 63 62 61 61
    60 59 58 56 56 57 57 59 58 58 58 60 60 63 65 67 66 65 65 64 64 66 69
    67 68 66 66 64 65 65 66 67 66 67 64 64 64 64 63 64 64 63 62 61 62 62
    63 64 65 64 63 62 61 60 61 61 61 60 58 57 57 56 57 59 61 63 62 64 64
    64 66 69 67 70 70 70 70 71 71 70 67 66 65 64 66 64 63 61 60 60 59 60
    63 63 63 63 62 62 63 65 65 65 67 65 64 65 66 66 66 65 63 65 65 62 62
    64 64 62 61 63 62 64 64 61 62 61 61 60 60 60 59 58 58 58 59 60 60 61
    60 62 61 62 63 63 62 62 62 63 63 64 64 63 65 64 65 65 66 68 67 69 70
    68 69 69 68 68 68 67 67 65 64 60 60 61 59 59 58 59 57 58 57 58 59 59
    59 58 59 61 63 63 64 60 61 60 60 62 62 63 65 62 61 62 60 62 60 61 62
    61 62 61 60 61 59 58 62 64 67 67 65 64 62 61 62 62 62 64 61 58 56 56
    56 58 60 61 60 59 60 59 60 63 65 66 67 65 64 66 68 70 70 65 65 63 63
    62 61 62 60 59 59 57 56 57 56 59 58 57 56 57 58 60 61 63 64 62 63 62
    62 64 68 67 68 67 67 65 66 66 67 68 68 68 65 66 65 65 64 65 64 64 63
    62 63 62 63 63 63 64 64 62 61 60 61 60 61 60 58 56 57 56 56 58 59 61
    61 62 62 63 65 68 67 70 70 69 70 73 72 71 68 67 65 63 65 63 62 62 60
    59 58 59 62 63 63 64 63 63 64 66 66 66 68 66 66 67 67 66 66 66 64 65
    64 62 62 64 62 60 59 59 59 61 60 57 59 58 58 57 57 59 58 57 57 57 59
    59 59 61 61 62 62 62 62 62 63 62 63 64 64 66 65 64 64 64 64 65 65 66
    66 68 68 66 67 67 67 67 68 68 67 65 63 59 60 60 58 58 58 59 57 58 57
    59 59 60 60 59 60 62 62 61 62 58 59 58 58 60 60 61 62 60 59 60 60 62
    61 61 62 60 61 59 59 60 59 57 60 61 64 64 62 61 60 59 59 59 59 61 59
    57 55 56 56 58 60 60 61 60 62 60 61 64 66 67 66 64 64 65 67 68 68 63
    63 61 61 62 61 62 60 60 59 58 57 58 56 58 56 56 55 56 57 58 60 62 63
    62 64 63 64 65 69 69 70 68 68 66 66 66 67 68 68 68 66 66 65 65 66 67
    66 66 65 64 66 64 65 64 65 65 64 63 61 60 60 60 60 60 59 57 57 57 57
    59 61 63 63 63 63 63 65 68 67 70 69 68 69 71 70 70 67 66 65 63 65 62
    62 62 60 59 58 59 62 62 62 62 62 63 64 65 66 67 69 67 66 67 68 67 66
    66 64 65 64 61 61 63 62 60 58 58 58 59 58 56 57 57 57 57 58 59 59 59
    59 58 60 59 59 60 59 60 60 61 61 60 61 61 61 63 63 65 64 63 63 63 63
    64 63 64 63 65 65 64 65 65 65 66 66 67 67 66 65 62 63 63 61 60 60 60
    59 59 58 60 60 61 61 61 61 62 64 62 62 59 59 58 58 59 59 60 61 59 58
    59 59 61 61 60 61 60 60 60 60 61 60 59 61 62 64 64 62 62 61 59 60 59
    59 61 59 58 56 57 58 59 61 61 61 61 63 62 63 65 67 67 66 64 63 64 65
    67 67 64 64 61 62 62 61 62 62 60 60 60 60 59 59 61 59 59 58 58 59 61
    61 62 63 62 63 62 63 64 68 69 69 67 67 66 66 66 67 69 68 68 65 65 64
    64 64 66 66 66 65 64 65 64 65 66 67 68 67 64 62 60 60 61 61 60 59 56
    56 55 56 58 61 63 64 64 64 64 66 69 67 70 70 69 69 71 70 70 67 66 65
    64 66 63 63 62 61 61 60 60 63 64 64 63 62 63 65 66 66 67 68 66 65 65
    67 67 67 66 64 64 62 60 61 62 62 59 58 58 58 59 58 56 58 58 57 56 57
    58 58 58 59 58 61 61 60 61 60 62 61 62 62 61 62 62 61 63 63 64 64 64
    64 65 65 66 65 65 65 66 66 65 65 65 64 65 65 66 65 64 64 61 61 61 60
    60 60 59 58 58 59 61 62 62 62 63 62 63 65 63 63 60 59 58 58 59 58 59
    60 59 58 59 61 63 63 61 63 62 63 62 61 63 61 60 61 62 64 64 62 61 60
    59 60 58 58 60 59 57 57 58 59 60 62 62 62 61 63 63 64 65 67 67 67 64
    64 66 67 68 69 64 64 61 61 62 62 63 63 62 62 62 61 60 60 62 60 59 58
    58 60 62 62 63 64 62 63 62 63 65 68 67 67 65 66 65 65 65 65 67 66 66
    64 64 64 64 64 65 64 65 65 64 65 64 64 64 66 66 65 64 62 61 61 61 61
    61 60 58 57 56 57 58 61 62 64 63 63 63 66 68 66 69 68 68 67 69 67 67
    64 64 63 62 65 62 62 62 62 62 61 61 64 65 65 65 62 64 66 67 68 68 69
    68 67 66 67 67 67 65 63 63 61 58 59 60 59 58 57 57 57 58 58 56 58 59
    59 58 59 60 60 60 61 60 62 62 60 61 60 61 61 61 60 60 61 62 61 63 63
    64 64 63 64 65 66 66 65 64 65 65 65 64 64 65 64 65 65 66 65 64 64 61
    62 62 60 60 60 59 58 58 59 62 62 63 63 63 63 64 65 63 63 61 59 58 57
    59 58 59 59 58 57 59 61 62 63 61 63 62 62 61 61 63 62 61 62 63 65 65
    62 63 62 61 62 61 61 62 61 59 58 60 61 62 63 63 64 63 64 64 65 66 67
    67 67 64 63 65 66 66 67 63 63 60 61 61 61 63 62 61 61 61 60 59 59 61
    58 58 57 58 60 61 61 63 64 63 63 63 65 67 70 69 68 66 66 65 65 66 67
    69 67 67 65 65 64 65 65 66 66 66 65 64 65 64 65 65 66 67 65 65 63 63
    63 63 63 62 61 59 58 57 59 59 62 63 64 63 64 64 66 68 66 68 66 66 66
    67 65 66 64 64 63 61 65 62 63 63 62 61 61 61 63 64 63 64 61 64 65 66
    66 68 69 67 66 66 67 66 67 65 63 64 62 59 60 61 60 59 58 57 57 58 58
    56 58 58 58 58 58 59 59 60 60 60 62 61 60 61 60 62 62 61 61 60 61 62
    61 62 64 65 65 63 64 66 66 67 65 65 65 66 66 65 65 66 65 65 65 66 66
    65 64 62 61 62 60 60 60 59 58 58 59 61 62 63 63 63 63 64 65 64 64 62
    60 59 59 60 59 60 60 59 57 60 60 61 63 61 63 62 61 61 62 63 64 62 63
    65 65 65 63 64 65 62 63 62 62 63 62 59 59 62 63 64 65 65 65 65 65 64
    65 67 68 67 66 63 62 64 64 64 65 62 62 59 60 61 61 63 62 62 62 62 62
    61 61 61 59 59 58 58 59 61 60 62 61 61 61 61 63 64 67 67 66 65 65 65
    65 64 65 67 66 65 63 63 62 63 64 64 65 65 64 64 64 64 65 64 66 66 65
    65 63 63 64 64 64 63 62 61 59 59 60 61 63 63 64 63 63 64 65 67 65 67
    66 65 64 66 64 64 63 63 62 62 66 63 64 64 62 61 60 61 63 64 64 65 62
    64 65 67 67 69 70 68 68 67 67 66 66 65 63 63 62 60 61 61 60 59 59 58
    58 58 58 57 59 57 57 57 58 58 58 59 60 59 61 59 58 60 59 61 62 61 61
    60 62 62 61 64 66 67 66 65 65 66 67 68 66 65 66 66 65 63 64 65 64 64
    64 65 64 63 62 59 60 59 58 58 58 56 55 55 56 59 59 60 60 60 60 61 62
    62 63 61 60 59 60 60 60 61 61 60 57 59 60 61 63 61 63 62 60 60 61 62
    63 62 63 64 64 63 61 63 64 63 64 63 62 64 63 60 61 65 66 66 66 66 66
    66 67 65 66 68 68 67 65 63 63 63 64 64 65 63 63 60 62 62 62 64 63 63
    64 63 64 63 62 63 59 60 59 59 59 60 60 61 60 60 60 60 63 64 67 66 67
    66 66 64 64 64 65 67 66 66 64 65 65 65 65 66 67 67 65 64 64 63 63 61
    63 63 62 63 61 61 62 62 62 62 62 61 60 60 61 61 63 63 64 63 63 62 64
    64 63 65 64 63 63 64 62 62 61 63 61 61 65 62 62 62 61 60 60 60 62 62
    63 63 60 62 64 66 66 67 67 67 67 67 67 67 66 64 64 63 62 62 63 63 61
    60 59 58 59 60 58 58 59 57 58 58 59 59 60 61 61 60 62 59 58 59 58 60
    60 59 59 59 61 62 60 63 64 66 66 64 64 67 67 68 65 65 65 66 66 64 65
    65 65 64 64 66 65 64 64 60 60 60 58 58 59 57 56 56 58 60 60 62 62 62
    62 63 64 63 64 62 60 59 59 60 60 61 62 60 58 59 61 62 63 61 63 62 60
    61 61 62 62 61 61 63 62 62 60 62 63 61 62 61 60 63 61 59 60 63 64 63
    63 64 64 64 65 64 65 67 68 66 65 64 64 65 65 66 67 67 67 64 66 65 65
    66 65 65 66 66 66 65 66 66 62 63 62 62 62 62 62 63 62 61 61 61 65 65
    67 67 67 67 67 64 64 63 64 66 64 64 62 64 65 64 65 66 68 69 66 66 67
    65 65 64 65 66 65 65 63 62 63 63 62 63 62 61 60 60 61 61 63 64 65 64
    64 63 65 66 65 66 65 65 65 66 64 65 63 64 63 63 66 64 64 63 62 62 61
    60 62 61 62 62 60 61 63 65 65 65 66 65 65 66 66 66 65 64 63 63 62 62
    63 63 62 61 61 59 60 62 60 60 61 58 59 60 61 62 62 62 62 61 61 58 58
    59 58 60 60 58 57 58 60 60 59 63 64 66 65 64 64 67 67 68 65 65 66 66
    66 64 66 66 66 65 65 65 66 64 64 60 59 60 57 56 58 57 56 55 57 60 59
    60 61 61 62 63 63 62 63 62 60 60 61 62 61 62 61 60 58 60 61 61 62 59
    61 60 58 59 59 60 61 59 59 61 61 62 59 61 62 60 62 61 59 63 62 60 61
    64 65 64 64 64 64 65 65 63 64 65 66 65 65 64 65 66 67 67 68 65 65 63
    65 65 65 66 65 65 66 66 68 66 67 66 63 64 63 63 63 64 62 62 61 61 61
    62 65 64 66 66 66 65 65 63 63 62 63 64 63 64 62 63 64 63 65 66 68 69
    66 66 67 66 66 65 66 67 66 66 63 63 64 63 62 62 61 60 58 59 59 59 61
    61 62 61 62 61 63 64 63 64 63 64 64 65 63 65 64 65 63 62 65 63 64 63
    63 63 62 62 63 61 63 64 62 64 66 67 68 69 69 68 68 69 68 67 66 64 63
    63 61 60 61 60 60 59 59 59 61 62 62 61 61 59 61 63 63 64 63 63 63 62
    62 60 60 62 61 62 62 61 61 60 62 63 61 63 64 65 64 62 63 66 67 68 65
    64 64 65 65 63 65 65 64 64 64 64 64 64 65 61 61 61 59 58 59 58 56 55
    58 60 59 60 61 61 62 64 63 62 63 62 60 60 61 61 61 62 62 60 60 61 61
    62 63 60 62 61 60 60 60 61 61 58 59 61 61 60 58 59 60 58 60 59 59 62
    63 61 62 65 66 66 66 66 65 66 67 66 65 65 67 64 65 64 65 66 67 66 67
    66 66 66 66 66 65 66 66 66 66 67 68 66 66 66 64 64 63 63 64 65 64 63
    62 62 63 64 66 67 68 68 68 68 67 66 65 64 65 64 63 62 60 61 62 62 64
    65 66 68 65 66 67 66 66 66 66 67 66 66 64 63 65 65 63 64 63 62 61 62
    62 61 63 63 65 63 64 62 65 65 64 64 64 64 64 64 63 63 63 65 63 63 65
    63 64 64 64 64 63 62 64 62 64 64 62 65 65 67 68 70 70 69 68 70 69 69
    67 65 65 64 62 61 62 62 62 60 61 61 62 63 63 63 62 61 62 63 63 64 63
    63 62 61 61 60 60 61 61 62 62 61 62 61 64 64 62 64 64 64 64 63 64 66
    66 67 64 63 64 64 65 64 65 64 63 64 65 65 65 65 66 63 63 63 61 60 61
    59 57 56 59 61 60 60 61 61 62 64 64 63 65 64 62 62 63 64 64 63 63 61
    61 62 61 62 63 60 61 61 59 60 60 60 60 58 59 60 59 59 57 58 59 58 59
    59 58 61 61 60 61 64 64 63 64 64 64 66 66 65 64 64 65 64 65 66 67 68
    69 68 69 65 65 64 65 65 64 65 66 65 65 65 66 65 65 64 63 63 63 63 63
    64 62 61 61 61 63 64 66 66 67 67 67 67 67 66 66 64 64 63 63 62 60 62
    63 62 64 65 66 68 65 66 66 66 65 64 66 67 66 66 64 64 65 65 64 64 64
    63 61 62 62 60 62 63 64 64 64 63 65 65 65 65 65 65 65 64 63 63 64 65
    64 63 64 62 63 62 62 62 61 60 61 60 62 62 61 64 64 66 67 68 69 69 68
    69 68 68 66 64 65 65 63 62 62 62 63 62 63 63 65 66 65 64 63 61 62 62
    63 63 61 61 60 58 59 59 59 61 60 60 60 60 61 61 63 65 63 63 64 64 64
    64 65 66 65 67 64 63 62 63 64 64 64 64 63 63 64 65 64 64 65 62 62 61
    60 58 60 59 57 56 59 61 61 61 61 63 63 66 65 64 65 65 64 65 65 65 66
    65 65 63 62 63 63 62 63 60 60 61 59 60 60 60 60 59 59 60 59 60 60 59
    60 58 60 59 58 61 61 61 62 64 64 64 65 65 66 67 67 65 64 64 65 65 65
    66 67 68 68 68 69 64 64 64 65 64 64 64 64 63 63 64 64 63 63 63 62 62
    63 63 63 64 63 62 62 63 65 65 67 67 67 66 66 66 66 66 65 64 64 63 63
    62 61 62 63 62 63 64 64 65 63 63 63 63 63 62 64 65 65 65 63 63 64 64
    64 64 64 63 62 63 61 60 62 63 64 63 63 62 65 65 64 64 64 64 64 63 62
    63 63 64 61 62 64 62 63 62 63 63 62 61 62 62 64 63 62 63 63 64 65 67
    67 67 66 67 66 65 64 62 63 64 62 62 62 62 62 61 63 64 65 67 67 66 65
    63 64 64 64 64 61 60 60 57 57 56 56 57 56 57 57 56 58 57 61 62 61 62
    63 62 63 63 63 65 63 65 62 60 61 62 63 63 62 62 61 62 64 65 63 64 65
    62 61 60 58 57 59 59 57 56 60 62 62 62 63 65 64 67 65 63 64 64 62 63
    62 64 64 63 64 62 62 63 63 62 63 60 62 61 60 60 60 61 61 59 60 62 61
    62 62 62 61 60 61 61 60 63 63 62 63 64 64 63 65 65 66 67 67 65 65 64
    65 65 66 67 68 68 68 67 68 64 64 63 64 63 63 63 64 63 63 64 65 63 63
    63 62 64 64 65 65 66 65 63 62 63 65 65 67 66 66 65 64 65 65 64 64 63
    64 62 61 60 59 60 62 61 62 64 65 65 62 62 63 64 62 62 64 64 63 64 62
    62 63 64 63 64 63 62 60 62 61 60 62 64 65 63 64 63 66 65 64 64 64 64
    62 60 59 61 61 62 59 61 64 61 63 61 63 63 62 60 61 60 62 61 59 61 61
    62 63 66 66 67 66 67 66 66 65 62 62 64 62 61 61 61 62 62 64 64 65 66
    67 67 66 64 66 66 66 65 62 61 61 59 58 57 56 58 57 58 57 57 59 59 62
    63 62 62 63 62 64 65 66 67 66 68 65 64 64 65 65 65 64 63 62 62 64 64
    62 63 64 62 62 60 60 58 60 60 58 58 62 63 62 62 63 65 65 67 66 64 65
    64 62 63 63 64 64 64 65 63 62 63 63 62 64 61 63 63 62 62 62 63 63 62
    63 65 64 65 64 64 64 63 65 64 63 66 65 64 64 65 64 64 65 65 65 66 66
    63 64 63 64 64 66 67 68 69 69 67 68 64 64 63 64 63 62 62 63 63 62 63
    64 63 63 64 63 65 66 67 67 68 67 66 64 64 65 64 66 66 65 63 63 63 63
    63 63 63 64 62 61 59 58 59 62 60 61 62 62 63 60 61 61 62 62 62 62 63
    63 63 62 62 64 63 63 64 62 61 60 61 60 60 62 63 64 63 63 63 66 65 65
    65 64 64 62 60 59 60 60 60 58 59 61 60 61 59 61 62 62 61 61 60 62 62
    59 61 61 62 62 63 63 64 63 65 64 63 63 61 62 64 63 63 62 61 62 61 64
    65 65 66 68 67 66 63 64 64 65 64 61 59 60 58 56 55 54 58 57 58 57 57
    58 60 62 63 63 63 65 64 65 66 67 69 68 69 67 65 64 66 65 66 64 64 63
    63 64 64 62 63 64 63 63 60 60 59 60 60 59 58 62 63 63 63 64 66 66 68
    66 64 66 65 63 64 64 65 64 64 66 64 63 64 64 63 64 62 64 64 62 63 62
    62 62 61 62 64 64 66 65 64 65 63 64 65 64 67 66 65 63 64 63 63 63 64
    64 65 65 62 62 62 62 63 65 66 68 68 68 66 67 64 64 64 64 63 62 62 63
    63 62 62 64 62 63 63 63 64 65 67 67 67 67 67 65 64 66 66 67 67 66 64
    64 64 64 63 63 64 64 62 61 60 58 60 62 61 61 61 62 62 60 61 61 61 61
    61 61 61 61 62 61 60 62 61 61 62 62 61 59 61 60 59 61 63 63 62 63 63
    64 64 65 64 64 64 62 60 59 61 60 60 59 59 61 61 62 60 62 63 64 63 63
    62 64 63 61 62 61 61 61 62 61 62 60 63 62 62 61 58 60 62 62 63 63 61
    62 61 62 64 64 66 68 68 66 63 63 65 66 65 62 60 60 58 56 54 54 56 57
    57 56 57 58 60 62 63 63 64 65 64 65 65 67 68 68 68 66 64 63 65 63 64
    63 62 62 63 64 65 63 65 65 63 64 62 61 60 61 61 60 59 63 63 62 62 64
    64 65 66 65 63 65 64 62 64 64 65 65 65 66 64 63 65 64 63 64 63 64 63
    62 63 62 62 62 62 63 65 64 65 64 64 65 63 64 65 64 67 66 65 64 64 63
    63 63 64 65 66 66 63 63 62 63 63 65 66 68 68 68 66 66 64 64 64 65 62
    62 62 64 64 64 63 65 64 64 64 64 66 67 67 66 66 66 65 63 62 64 64 65
    64 64 63 62 64 63 63 64 64 64 64 63 61 59 61 63 61 61 62 62 62 60 60
    61 61 62 61 61 61 62 62 60 59 61 61 60 61 61 60 59 60 59 59 61 63 63
    62 63 62 64 64 64 64 64 65 64 62 61 62 61 61 59 61 62 61 62 60 62 62
    63 63 63 62 64 63 61 63 62 61 61 61 61 62 60 62 61 60 59 57 60 61 61
    62 62 61 62 61 62 63 64 66 66 67 65 62 62 63 64 63 61 59 59 56 56 55
    55 57 58 58 57 58 59 60 62 64 63 63 65 64 64 65 67 68 67 67 65 63 63
    64 62 64 63 62 62 63 64 66 64 67 67 65 66 64 63 63 63 64 62 61 64 64
    63 63 64 65 65 66 65 62 64 64 63 65 66 67 66 66 68 66 65 67 65 65 65
    63 64 64 62 63 61 61 61 61 62 63 63 64 64 63 64 63 64 65 64 67 66 65
    63 64 63 63 63 63 64 65 66 63 64 63 65 64 65 67 69 69 69 67 67 66 66
    65 66 64 63 62 64 64 64 63 65 65 65 66 65 67 68 68 67 67 67 65 63 61
    64 63 64 63 63 63 63 64 62 62 63 64 64 63 63 61 60 60 62 61 61 62 62
    63 60 60 60 61 62 61 60 60 61 62 60 59 60 60 60 62 61 60 59 60 59 59
    62 63 63 62 62 61 63 63 63 62 63 63 61 60 58 60 59 59 58 60 61 60 61
    59 60 62 63 63 64 62 64 63 62 63 62 62 62 62 62 61 59 61 61 60 59 57
    60 60 60 61 61 61 62 61 62 63 64 66 66 67 64 63 62 63 64 63 61 59 58
    56 56 55 56 58 60 60 59 59 61 63 65 66 65 64 65 63 63 64 66 66 65 65
    63 61 62 63 61 63 62 61 61 62 64 65 63 64 64 63 64 63 61 61 62 62 60
    60 63 63 62 62 63 65 66 67 65 63 65 64 63 65 66 66 66 66 67 65 66 67
    66 66 67 65 65 65 64 64 63 62 62 61 62 62 62 63 63 62 63 62 63 64 63
    66 64 63 63 62 61 60 60 60 61 62 63 61 61 61 63 63 64 67 69 69 69 67
    67 66 66 65 66 64 63 63 65 64 65 65 66 66 65 67 67 67 68 68 67 68 69
    66 64 62 65 62 64 63 63 63 63 64 62 62 63 63 64 64 63 62 61 60 62 60
    60 61 61 62 60 60 60 60 61 61 60 60 61 62 61 59 60 60 60 61 60 59 59
    60 58 57 60 62 62 61 61 60 62 63 62 61 62 62 61 59 58 61 60 60 58 60
    61 60 60 58 60 61 62 60 61 60 62 60 59 60 59 59 59 59 59 58 56 59 58
    58 57 56 58 60 60 61 61 61 64 62 63 65 66 67 68 68 65 64 64 64 64 65
    62 59 59 58 58 57 58 59 60 61 59 59 61 64 66 67 65 64 64 62 63 64 66
    67 66 66 64 62 63 64 63 65 63 62 62 63 64 65 63 65 64 64 65 64 63 62
    62 63 61 62 64 64 64 63 65 66 67 68 67 64 66 64 63 64 65 65 65 64 66
    63 64 66 65 66 67 65 66 66 65 66 64 65 64 63 64 64 63 65 65 63 63 63
    63 64 65 66 64 64 63 61 60 61 61 61 62 62 62 61 62 61 63 64 65 66 67
    68 68 66 65 65 65 65 65 63 63 63 65 65 64 64 66 65 65 65 65 66 66 66
    65 65 66 64 62 61 63 62 64 64 64 63 63 63 62 63 63 64 63 63 61 61 60
    58 61 60 60 61 61 61 61 61 62 63 63 65 63 63 63 64 62 61 61 62 60 61
    59 57 58 59 57 56 59 62 62 60 61 60 63 63 63 62 63 62 62 61 59 61 60
    59 58 59 61 60 60 59 60 60 60 60 61 61 62 61 60 61 60 60 60 61 62 60
    57 60 58 57 57 57 58 60 59 59 59 60 63 61 62 64 65 65 67 67 66 65 64
    63 64 65 63 60 59 58 58 58 58 61 61 62 60 60 61 64 66 68 67 65 66 63
    64 66 68 68 68 67 65 63 63 64 62 64 62 61 60 62 63 64 62 64 64 64 65
    62 62 62 62 63 61 61 63 63 63 62 63 66 66 67 66 64 65 64 63 65 65 66
    66 64 66 64 65 66 65 67 68 66 66 67 66 67 65 66 65 64 65 64 63 64 63
    62 63 63 63 64 65 65 64 64 63 62 62 61 61 61 62 62 63 63 63 61 63 63
    63 65 66 66 66 64 62 63 63 63 62 60 60 61 63 62 62 62 63 62 62 63 64
    64 64 64 62 64 65 62 60 60 62 61 62 63 63 63 63 63 62 63 65 65 65 65
    63 62 61 59 61 60 60 61 60 60 59 60 60 61 62 63 61 61 61 62 60 60 60
    61 61 61 59 58 58 59 57 57 60 62 62 60 60 60 63 62 62 62 63 62 61 61
    60 61 60 59 58 59 60 59 58 58 58 58 59 59 59 59 61 60 60 61 60 60 59
    60 60 59 57 59 57 57 57 56 57 58 59 59 59 60 62 60 61 63 64 65 66 67
    65 64 64 63 64 64 63 61 60 59 59 60 61 63 63 65 63 63 64 66 68 69 68
    66 66 63 64 65 67 66 66 65 64 62 62 62 60 63 61 59 59 61 62 64 62 63
    63 63 65 62 63 62 63 62 61 61 63 63 63 63 62 65 65 66 64 63 64 62 62
    63 63 64 65 64 66 64 65 66 65 67 68 67 68 68 67 67 65 66 65 66 67 66
    64 64 64 63 64 64 63 65 66 66 63 63 63 63 63 62 61 62 63 62 62 62 63
    62 63 63 63 66 66 66 66 64 63 65 65 64 63 61 61 62 63 62 62 62 63 62
    62 63 64 64 63 63 61 63 64 62 60 59 61 59 61 62 63 64 63 64 63 63 64
    65 65 65 63 62 61 60 62 61 61 62 61 62 60 60 60 61 62 63 60 61 62 62
    60 59 60 60 61 61 59 58 60 60 58 57 60 62 63 62 62 62 64 63 62 62 64
    64 64 64 63 63 61 60 59 62 63 61 60 58 58 57 58 59 60 60 61 59 59 59
    59 58 58 58 58 56 54 56 55 55 55 55 56 58 59 61 61 62 64 62 62 64 66
    66 67 67 66 64 62 60 62 62 62 59 58 57 58 59 59 60 61 63 61 62 62 66
    68 69 68 68 68 66 66 68 70 68 68 66 65 63 63 62 60 62 61 59 59 60 61
    62 61 62 61 63 64 62 62 61 61 62 61 61 62 62 63 62 63 65 64 65 64 63
    64 62 62 64 64 65 65 64 66 63 64 65 65 67 68 67 67 68 67 67 67 69 68
    69 70 69 67 67 67 66 67 67 65 66 68 67 64 64 63 63 64 63 61 61 63 62
    62 61 62 62 63 64 62 65 65 65 65 64 63 64 64 63 63 61 60 61 61 60 61
    61 62 62 61 62 62 63 63 62 61 62 63 61 60 58 60 58 60 61 62 62 61 62
    61 62 62 63 63 64 63 63 62 61 63 62 62 63 63 63 61 61 60 60 61 62 59
    59 60 60 59 57 59 59 59 60 58 57 58 58 56 56 59 61 61 60 61 61 63 62
    61 62 63 64 63 63 62 63 61 59 60 62 64 62 61 59 58 57 58 59 60 60 61
    59 59 60 60 59 59 59 59 58 55 57 56 55 55 55 55 57 58 61 61 61 63 61
    61 62 64 65 65 66 64 62 61 59 61 62 62 59 58 58 59 59 59 61 62 64 62
    63 63 66 69 69 68 68 69 67 67 69 70 68 69 67 66 65 65 64 61 63 62 60
    60 61 61 62 60 60 61 62 62 61 61 61 61 62 62 63 63 63 64 63 64 65 64
    65 64 63 63 61 61 63 62 63 64 64 67 65 65 67 67 69 70 69 71 71 70 70
    69 70 70 70 72 71 70 70 68 67 68 69 67 67 69 69 65 65 64 64 64 64 63
    63 65 65 64 62 64 63 64 65 63 65 65 64 63 62 61 67 67 65 64 62 62 62
    63 62 63 63 63 62 62 63 62 62 63 62 61 62 63 60 59 57 59 57 60 60 61
    61 61 62 60 60 60 62 61 63 62 62 61 59 62 60 61 62 62 62 61 60 60 60
    62 63 59 60 61 61 60 58 59 60 60 62 59 58 60 59 59 58 61 63 64 62 62
    62 64 63 62 62 63 64 63 63 62 63 60 59 59 62 64 64 62 61 61 60 61 63
    63 63 62 60 60 60 60 59 59 58 58 56 54 56 55 56 55 56 56 57 58 60 60
    60 62 61 61 62 63 63 65 66 64 63 61 61 63 64 65 62 61 60 61 61 62 63
    65 67 65 64 64 68 70 71 69 70 70 69 68 69 70 69 70 68 67 66 66 64 62
    63 62 60 61 61 60 61 60 60 60 62 62 61 61 61 61 61 62 62 63 63 64 64
    64 65 65 65 64 63 64 62 61 62 61 62 62 62 65 63 64 65 65 67 68 68 70
    69 69 70 68 69 70 70 71 70 69 69 67 67 68 68 66 67 69 68 64 65 64 63
    64 63 61 61 63 62 62 61 62 62 63 63 62 64 65 64 63 63 62 67 67 65 64
    62 63 63 64 64 64 65 66 64 64 65 64 65 63 63 62 62 63 60 58 56 57 55
    57 57 59 60 60 61 59 60 60 62 61 63 63 63 61 60 62 61 62 63 64 65 65
    64 64 64 66 66 62 63 63 62 61 59 59 61 61 62 59 58 58 59 58 58 61 63
    63 61 62 62 64 64 64 63 64 64 63 62 61 62 60 58 59 60 62 61 60 59 59
    59 61 62 63 63 63 61 61 61 61 60 60 59 59 56 54 57 56 56 56 56 57 58
    58 60 60 60 61 60 60 61 62 62 63 64 62 61 58 58 61 63 64 61 60 60 61
    62 63 65 66 69 67 66 65 69 71 71 69 70 70 68 68 68 69 68 70 67 67 67
    67 65 63 64 64 62 63 63 61 62 60 60 60 62 62 61 61 61 60 61 62 62 62
    63 64 63 63 63 63 64 63 63 63 62 62 63 62 62 64 63 66 63 64 65 66 68
    69 69 70 70 69 70 69 70 70 70 71 69 67 66 64 65 65 65 63 64 66 66 63
    64 63 63 64 63 61 61 63 63 62 60 62 62 63 63 61 62 64 62 61 61 60 66
    66 65 65 63 64 64 64 64 65 66 67 66 65 65 65 66 63 63 63 63 64 61 60
    57 59 57 58 58 61 61 61 62 60 61 61 62 61 64 64 64 62 60 63 62 61 62
    63 65 65 63 63 64 66 67 63 64 65 63 62 59 60 61 61 61 57 56 56 57 56
    56 59 61 61 60 61 62 64 65 65 63 65 66 65 64 63 62 60 57 58 59 60 61
    59 58 58 58 60 62 64 64 64 62 63 62 62 61 62 60 59 57 55 58 57 58 57
    58 58 58 59 61 61 61 61 60 60 61 63 63 63 65 62 61 59 60 62 63 64 62
    60 60 61 61 62 63 65 66 64 64 64 67 69 70 68 69 70 68 68 68 69 67 69
    67 67 67 67 65 63 64 64 62 62 62 60 60 60 58 59 61 60 60 59 60 59 60
    60 60 60 61 62 61 61 61 61 62 62 62 63 62 63 64 63 64 66 65 68 65 67
    67 68 69 69 69 70 69 69 68 67 68 69 68 68 67 65 64 63 63 64 64 63 64
    65 65 62 64 64 63 64 63 61 61 64 63 63 62 63 62 64 63 61 62 64 62 61
    60 59 68 68 67 66 65 65 66 66 66 66 68 68 67 66 65 65 65 64 63 63 63
    64 61 60 57 59 58 58 58 60 61 61 61 60 61 60 61 61 62 62 63 61 59 61
    60 60 61 62 64 64 63 62 63 66 67 63 64 65 64 63 61 61 63 63 62 59 57
    57 58 57 57 59 61 60 59 61 62 62 65 65 63 66 66 65 65 64 64 62 59 60
    61 61 61 60 59 59 59 61 63 64 64 64 62 63 63 63 62 63 62 62 59 59 61
    60 61 61 61 61 61 61 62 62 63 62 62 61 62 63 62 62 64 63 62 61 61 63
    63 65 64 62 62 64 65 65 66 67 68 67 66 65 67 70 71 69 69 69 67 66 67
    68 65 68 66 66 66 67 63 62 62 62 60 61 61 59 59 58 56 57 59 58 58 58
    59 57 58 58 59 58 58 59 58 58 59 59 60 59 60 61 60 60 61 60 61 64 64
    66 63 65 65 65 66 67 66 67 67 67 67 65 67 68 68 68 67 64 63 63 63 62
    63 62 62 63 62 60 62 63 64 65 63 62 62 64 64 64 63 63 62 64 63 61 63
    64 62 62 61 60 68 68 68 66 64 65 67 66 66 66 68 67 66 65 64 63 64 62
    61 60 61 62 58 58 56 56 56 56 55 58 59 59 60 59 60 60 60 60 60 61 62
    59 58 60 58 59 60 61 63 64 63 63 64 67 68 64 66 66 65 64 62 62 63 64
    63 60 58 59 59 58 57 59 61 61 60 61 62 63 65 64 63 66 66 66 65 64 64
    62 59 60 61 62 62 60 60 59 59 59 62 62 64 64 62 63 64 64 64 66 65 66
    63 63 64 63 64 63 63 63 63 62 64 62 63 63 63 63 64 64 63 62 64 62 61
    61 60 62 62 63 63 62 62 64 64 65 67 67 69 68 68 66 68 69 71 69 69 69
    67 67 67 67 65 67 66 67 68 68 65 65 64 64 63 63 63 61 60 59 57 57 60
    59 59 59 58 58 59 58 60 58 59 59 58 57 58 58 60 60 61 61 60 61 62 61
    62 65 64 66 63 64 64 65 66 67 65 66 66 66 66 66 68 69 68 68 68 66 65
    65 64 63 64 63 63 64 64 62 64 64 64 65 64 63 63 64 64 63 62 63 62 63
    62 60 62 62 60 59 59 58 71 71 71 69 67 67 68 66 65 65 66 65 63 63 61
    61 62 61 60 60 61 62 60 60 58 58 57 57 56 58 59 60 60 60 60 59 59 59
    59 60 62 60 58 59 58 58 59 61 63 63 63 62 63 65 66 63 66 67 66 65 64
    64 66 66 65 63 60 61 61 58 58 58 61 61 60 61 62 63 65 65 63 66 66 65
    65 63 62 62 58 60 61 62 62 61 60 59 60 61 63 63 65 65 64 65 66 66 66
    68 66 66 64 64 65 64 65 64 63 63 64 64 65 64 64 63 64 63 64 64 64 63
    63 62 61 62 62 64 63 65 64 64 64 64 66 66 69 68 70 68 68 68 69 71 72
    71 71 70 68 68 68 68 65 68 66 66 67 67 63 63 63 62 61 61 61 58 57 57
    54 55 58 57 57 58 57 57 58 58 60 58 59 60 58 57 58 58 60 60 61 60 58
    59 59 58 60 62 62 65 61 61 62 63 65 65 64 65 65 65 65 65 67 69 68 68
    67 65 65 65 64 63 64 63 63 63 64 62 63 64 63 64 63 62 61 63 62 62 61
    61 60 62 62 61 62 63 61 60 61 59 71 71 71 68 68 68 68 66 65 64 66 64
    63 62 60 61 61 59 59 59 61 62 59 60 59 58 58 58 57 60 60 61 61 61 62
    60 59 59 59 61 62 60 58 60 58 57 59 61 62 61 61 60 61 63 65 62 64 66
    65 63 63 64 65 65 64 62 59 59 60 58 57 58 61 60 61 62 63 65 66 66 64
    67 67 67 66 65 63 62 60 61 62 62 63 63 62 61 61 61 64 64 66 65 64 65
    66 67 66 68 67 68 66 66 67 66 67 66 66 65 66 66 67 66 66 64 65 64 65
    65 65 65 64 64 62 63 63 65 64 66 65 64 64 63 64 64 67 67 68 67 68 67
    69 70 71 72 72 72 70 69 69 70 67 69 66 67 67 66 62 62 62 61 60 60 59
    56 55 55 53 55 58 58 57 58 58 57 59 60 61 60 61 61 59 58 59 57 59 59
    59 60 59 59 60 58 60 63 62 66 63 62 62 63 65 65 63 64 64 64 65 64 65
    68 67 68 67 65 65 65 65 64 64 64 65 66 66 64 65 65 64 65 65 64 64 65
    63 63 62 62 61 63 63 61 62 62 61 60 60 58 75 75 74 72 71 71 70 69 67
    66 67 66 64 63 61 61 61 59 59 58 59 60 58 59 57 57 57 57 56 60 61 62
    63 63 64 61 61 61 61 62 64 61 59 60 58 57 59 60 62 62 62 61 62 64 65
    63 65 67 66 65 63 64 64 65 64 62 60 60 60 58 57 57 60 60 61 63 64 64
    66 67 65 67 68 68 67 66 64 62 60 62 62 62 63 63 62 62 62 63 67 66 67
    67 66 67 68 68 68 69 67 68 66 67 68 67 68 67 67 66 66 66 67 66 65 63
    64 62 64 64 64 63 63 63 62 62 63 65 64 66 65 64 63 62 64 64 67 67 68
    68 68 68 69 71 72 73 73 72 70 69 68 68 65 66 65 64 66 64 60 61 60 60
    59 59 60 58 57 57 54 56 59 58 57 57 57 56 57 58 59 58 59 59 58 58 59
    58 60 61 61 61 60 61 62 61 62 64 65 68 66 65 65 65 66 65 64 64 64 63
    63 62 63 66 65 65 64 64 64 64 64 63 63 63 64 64 64 63 64 63 63 64 64
    64 63 65 64 63 62 62 62 64 64 63 63 64 63 62 63 62 76 76 76 73 73 72
    71 70 68 67 68 67 65 64 63 63 63 62 60 61 62 62 60 62 59 59 59 58 57
    61 63 63 63 64 64 62 62 62 62 63 64 61 59 60 59 58 58 60 62 61 62 60
    61 63 64 63 64 66 65 65 64 63 63 64 63 61 60 59 60 58 57 57 60 60 61
    62 65 65 67 68 66 68 69 69 67 66 64 63 61 62 63 63 63 64 63 62 64 64
    67 67 67 66 65 66 67 67 67 68 66 67 65 66 67 66 67 65 65 65 65 65 66
    65 64 62 63 62 64 65 64 64 64 62 62 62 65 66 65 66 65 64 64 63 65 65
    67 68 68 67 68 69 70 72 72 73 73 73 71 69 68 68 65 65 64 64 67 65 61
    61 60 61 60 61 61 59 58 58 55 57 61 59 60 60 59 57 59 59 61 59 60 59
    58 59 59 57 59 60 60 60 60 60 60 60 62 63 64 66 65 64 65 65 65 64 64
    65 64 63 65 63 64 66 65 65 65 65 64 65 64 63 63 64 64 64 65 63 65 64
    64 64 64 65 64 65 64 63 61 61 61 63 62 62 61 62 61 60 62 60 77 77 76
    75 75 74 72 71 69 68 69 68 67 65 63 62 62 61 60 62 62 63 61 62 60 61
    61 61 59 63 64 64 64 64 64 60 61 60 60 61 61 59 58 58 58 56 58 60 63
    62 62 61 62 64 65 64 64 67 66 66 63 63 63 64 63 61 60 60 60 58 58 57
    59 60 61 62 64 64 66 66 64 65 66 65 63 63 61 60 58 60 60 61 62 63 62
    62 64 65 67 67 67 66 66 67 68 68 69 70 69 70 68 69 70 71 71 68 68 68
    67 67 66 65 64 63 63 62 63 64 64 64 64 63 64 64 66 67 66 68 67 65 64
    63 64 65 66 68 66 67 67 68 69 71 72 73 73 73 71 70 69 69 66 66 65 65
    67 65 62 61 61 61 61 61 62 59 57 58 57 58 62 61 61 61 61 58 60 60 62
    61 62 60 58 59 60 58 60 62 62 62 63 63 63 62 64 65 64 67 66 64 64 65
    64 63 62 64 63 63 65 64 64 66 65 65 65 65 65 65 65 64 64 64 64 65 65
    65 66 65 63 63 64 65 64 65 65 64 63 62 61 63 62 62 61 62 60 58 58 57
    74 74 74 73 73 72 71 70 69 68 69 67 65 65 63 63 64 63 62 64 65 65 62
    65 63 63 62 61 59 61 63 62 62 63 63 59 59 59 59 62 62 60 58 59 58 56
    57 59 61 61 61 60 61 62 63 63 64 66 66 67 65 65 65 66 65 64 63 62 62
    60 60 59 61 61 61 62 63 63 65 65 63 64 63 63 61 60 59 59 58 60 60 61
    62 63 63 64 66 66 68 67 67 66 66 67 68 69 69 71 70 72 71 71 72 73 72
    71 70 70 69 68 67 64 63 61 62 61 62 62 61 61 62 61 63 64 66 68 68 69
    68 67 66 64 65 66 67 68 67 67 67 68 68 70 71 72 71 70 68 67 66 66 63
    64 64 64 66 64 62 61 61 61 61 62 63 61 59 59 58 59 62 61 61 61 61 59
    60 59 61 60 62 60 60 61 61 60 61 62 63 65 66 66 65 65 66 67 66 68 68
    67 66 66 64 63 63 64 64 62 64 63 63 65 64 63 64 64 64 64 64 64 64 64
    64 65 64 64 66 64 63 63 63 64 64 64 65 63 63 62 60 62 61 62 62 62 60
    59 59 57 76 76 75 74 73 73 71 71 69 68 68 66 64 64 64 64 64 64 63 64
    66 67 64 66 65 65 64 63 61 63 64 64 63 64 64 61 60 60 59 62 62 60 58
    58 57 55 57 59 62 62 61 60 61 62 63 63 63 66 66 66 65 64 65 66 65 64
    63 63 64 62 61 61 62 62 62 63 64 63 64 64 63 63 62 61 60 60 58 59 58
    60 59 60 61 63 63 64 65 66 68 66 66 66 66 68 67 67 68 70 69 70 69 71
    71 71 71 70 70 71 69 68 66 64 63 61 62 61 63 62 61 61 62 61 63 64 67
    68 68 70 68 68 67 65 67 68 69 70 68 68 68 68 69 70 72 73 71 71 68 68
    67 66 64 65 65 65 66 66 63 62 62 61 62 63 63 62 60 61 59 60 62 62 62
    62 62 61 61 60 61 60 62 60 60 60 61 60 61 62 63 65 66 66 64 65 66 67
    66 68 68 66 65 65 64 63 62 63 63 61 63 61 61 62 62 61 61 60 61 62 61
    62 63 64 63 64 63 64 65 64 63 64 64 65 63 64 64 62 64 63 60 62 61 61
    61 62 60 59 58 57 74 74 74 73 73 73 72 72 71 68 69 68 67 66 66 66 66
    64 63 64 65 67 65 67 66 65 64 64 64 65 67 67 66 67 68 65 63 63 62 65
    63 62 60 60 59 56 57 59 61 61 61 60 60 61 62 62 62 64 64 64 64 63 64
    63 63 62 62 61 62 61 61 59 60 60 60 62 63 62 63 64 62 62 61 61 60 58
    57 57 57 58 57 57 58 61 61 61 63 64 65 63 65 65 66 67 67 67 69 70 70
    71 71 73 73 73 73 71 71 71 69 68 67 66 65 63 63 62 62 62 61 62 62 61
    63 63 65 66 66 68 67 68 67 65 65 66 68 69 66 67 68 69 69 70 71 72 71
    71 69 68 68 67 64 65 65 65 66 65 63 62 61 60 62 61 62 61 59 60 58 59
    62 62 62 62 62 62 62 60 62 61 62 60 59 60 61 59 59 61 63 64 63 63 62
    64 64 65 64 66 66 64 64 63 63 62 62 63 64 61 62 62 62 63 62 61 61 61
    62 62 61 62 63 64 64 65 65 65 67 66 64 66 66 66 66 66 66 64 65 64 61
    63 62 62 62 63 60 59 58 57 71 71 72 71 71 71 70 70 69 67 69 68 67 66
    66 66 66 65 65 66 67 68 66 67 67 67 66 66 65 66 67 67 66 67 68 65 63
    62 61 63 62 62 59 59 58 55 55 57 58 59 59 58 58 59 61 61 62 64 65 65
    65 64 64 64 63 63 62 61 62 61 60 60 61 61 61 62 63 62 62 63 62 62 61
    61 60 59 58 58 57 59 59 60 60 62 63 62 63 64 65 62 64 64 65 65 65 65
    67 69 68 70 71 73 73 73 74 72 73 73 72 72 71 69 67 66 65 64 64 64 62
    62 62 61 63 64 67 68 68 70 68 69 69 68 68 69 70 71 68 68 70 70 71 71
    72 72 71 71 69 68 67 67 63 64 64 64 64 64 63 61 60 59 61 60 61 60 58
    58 57 58 60 61 61 61 63 62 62 62 64 62 64 61 61 62 62 61 60 62 64 64
    63 64 63 64 64 63 63 64 65 62 62 62 61 60 60 61 63 61 61 61 61 63 62
    61 62 62 63 62 61 63 65 65 64 65 64 64 67 66 64 65 66 67 66 67 67 66
    67 65 62 64 63 63 63 63 61 61 60 59 72 72 72 71 72 71 69 71 70 68 69
    68 67 67 67 67 67 67 66 66 67 69 66 67 67 67 65 66 66 66 68 67 66 66
    67 65 64 62 62 64 63 62 60 59 59 57 56 58 59 59 60 58 58 59 60 61 61
    64 66 65 66 64 64 65 64 64 65 64 65 63 63 62 63 64 64 64 65 63 62 63
    62 61 60 60 60 59 58 59 59 60 60 61 60 62 63 62 64 64 65 62 63 64 65
    66 66 66 68 69 68 70 71 73 72 72 72 70 71 71 70 70 70 67 67 65 64 64
    64 64 62 62 61 59 60 62 64 66 67 68 67 68 68 67 69 71 72 73 70 69 70
    72 71 71 72 72 70 69 68 66 65 65 62 61 62 61 61 61 60 59 58 57 59 59
    60 60 59 59 59 60 62 62 63 64 65 65 65 64 66 65 66 63 62 63 63 62 62
    63 64 65 64 64 63 64 64 63 63 64 64 61 61 61 61 60 60 60 62 60 61 61
    62 62 63 62 62 62 63 62 61 63 64 63 62 64 62 63 66 65 64 65 65 67 67
    68 67 66 67 66 62 64 63 63 63 62 61 61 60 60 71 71 72 72 72 71 69 72
    71 69 70 69 67 67 68 68 66 66 66 66 67 67 66 67 68 68 65 65 66 67 69
    68 67 67 68 66 64 63 64 65 64 63 60 60 61 59 59 60 60 61 62 60 60 60
    62 63 63 66 66 66 67 65 64 64 64 64 65 63 64 62 62 62 63 65 65 65 66
    65 63 64 63 63 62 62 60 60 58 60 60 62 62 62 62 64 64 63 65 64 65 62
    63 63 64 66 65 65 68 69 67 70 71 72 73 71 71 69 70 70 70 69 70 67 66
    65 63 62 63 63 62 62 60 58 59 61 64 66 68 69 67 68 69 67 69 72 72 72
    70 70 70 72 72 71 72 72 70 69 68 66 65 65 63 62 61 61 61 61 61 60 58
    58 60 59 60 60 59 60 60 61 62 62 64 63 65 65 65 64 66 66 67 64 64 65
    64 64 63 64 65 65 65 65 63 64 64 63 63 64 63 61 61 62 61 61 62 62 64
    61 62 62 62 62 63 62 62 62 62 61 60 63 65 64 64 65 64 64 67 66 64 66
    67 68 67 68 67 65 65 64 61 62 61 61 60 60 58 58 58 58 71 71 71 72 72
    72 70 72 71 70 70 70 69 69 70 70 68 67 68 67 67 67 66 66 66 68 65 65
    67 67 69 68 67 67 68 66 66 64 66 67 66 65 62 63 63 63 62 63 63 63 63
    60 60 61 61 62 62 64 65 64 66 64 63 62 62 62 64 62 63 61 61 62 62 64
    64 65 66 65 64 65 65 64 63 63 61 60 59 60 61 62 61 61 59 62 61 61 63
    62 63 60 61 61 63 64 64 63 65 67 65 68 69 70 71 69 69 67 69 70 70 70
    70 67 66 64 63 62 63 63 61 61 59 57 58 60 63 65 67 68 66 67 67 67 69
    72 72 72 69 69 69 71 72 72 73 72 70 69 69 67 66 66 64 63 62 62 61 60
    60 59 57 57 58 57 58 57 57 57 57 58 59 60 61 61 63 63 63 62 63 64 66
    63 63 65 65 64 63 64 66 66 66 66 65 66 65 63 63 64 64 62 62 62 61 61
    62 63 64 62 63 62 61 62 61 61 61 61 61 60 60 61 63 63 63 64 63 63 66
    64 63 65 66 68 66 67 66 64 65 65 61 62 61 61 60 59 58 58 57 58 69 69
    69 70 70 71 69 72 72 71 72 72 72 71 72 71 69 69 69 69 68 68 66 66 66
    67 65 66 68 68 69 68 68 67 69 68 67 66 66 68 66 64 61 62 63 62 61 62
    61 61 63 60 61 62 62 62 61 63 64 64 65 64 62 61 61 61 63 63 64 62 61
    62 62 63 64 65 66 64 63 64 64 63 62 62 61 61 59 61 62 63 63 63 61 63
    63 63 64 62 63 60 60 61 63 63 63 64 65 67 66 69 70 72 72 71 70 68 70
    71 71 70 71 69 67 65 63 63 62 62 61 61 60 57 58 59 62 65 66 67 66 66
    66 65 66 69 69 69 66 67 67 69 71 71 71 70 68 68 67 66 64 64 62 60 60
    60 59 60 61 59 58 58 60 59 59 60 60 59 59 60 61 61 62 62 64 65 64 62
    63 64 64 62 62 63 63 62 62 63 64 66 67 66 66 67 67 65 65 67 65 64 64
    63 62 62 63 64 66 64 64 63 63 64 63 62 62 62 62 60 59 60 62 62 62 63
    62 62 65 64 64 66 66 69 67 67 67 64 65 66 62 62 61 60 60 59 58 58 57
    58 68 68 69 69 70 71 69 72 73 73 73 72 72 72 72 71 69 68 69 68 68 68
    66 67 66 66 65 65 66 67 68 67 66 66 68 66 66 65 66 68 66 64 62 63 64
    63 62 63 63 63 64 62 62 63 62 62 62 64 64 64 65 64 63 63 62 63 66 65
    64 63 63 64 64 66 65 65 66 65 63 64 66 65 64 63 62 60 59 60 61 62 61
    61 59 61 61 61 62 61 62 59 60 62 63 64 63 63 64 65 65 67 69 72 71 69
    68 66 68 69 70 69 69 68 66 63 62 62 60 62 61 60 59 58 59 59 63 65 67
    68 67 68 68 67 68 71 70 70 67 67 67 68 69 68 70 68 66 65 65 64 63 62
    61 59 60 60 59 60 61 59 58 58 59 59 60 62 61 60 61 61 62 62 64 64 65
    67 65 63 64 65 65 64 63 64 63 62 62 62 63 65 65 64 63 64 64 63 63 64
    63 62 62 62 60 60 61 63 64 63 63 62 63 63 62 61 62 62 61 60 58 59 61
    60 59 60 60 60 63 62 63 65 65 67 66 68 68 65 67 67 64 64 61 61 61 60
    58 58 57 59 63 63 63 64 65 67 66 68 69 70 70 70 70 70 70 70 68 67 68
    68 67 67 66 67 67 67 66 66 68 68 69 68 67 66 66 64 65 64 64 66 64 63
    61 62 62 63 62 63 62 63 63 61 62 62 61 60 61 62 63 64 66 65 64 64 64
    65 67 66 65 63 63 64 64 65 65 64 65 65 63 64 65 65 63 61 61 59 58 59
    59 59 59 59 57 59 59 59 61 60 61 58 60 61 64 64 64 64 65 66 65 68 70
    72 71 69 69 67 69 70 70 70 71 69 67 65 63 63 61 62 61 61 60 59 59 59
    62 65 67 68 68 68 68 67 67 70 69 69 66 66 66 67 68 67 68 67 65 65 65
    65 64 63 61 60 60 61 59 60 62 59 58 58 60 59 59 60 60 59 60 61 62 63
    65 66 66 68 67 66 66 67 68 65 64 64 63 60 60 60 62 63 63 63 62 62 62
    62 62 64 63 63 62 62 60 60 61 63 65 63 63 63 65 64 63 62 63 63 63 60
    58 60 61 59 58 59 59 60 62 61 62 63 64 66 65 67 68 66 66 65 62 62 60
    60 61 60 58 58 56 57 62 62 63 64 64 66 66 67 68 68 69 69 69 69 69 68
    66 65 66 67 66 66 65 65 64 65 63 63 65 64 65 64 64 63 64 63 63 62 64
    66 64 63 62 62 62 62 62 62 62 63 61 59 61 60 59 60 61 63 63 64 65 64
    64 65 64 66 67 66 65 64 64 66 65 66 66 65 66 66 64 65 65 65 63 61 61
    59 58 59 58 58 58 57 56 57 58 59 59 59 60 58 60 62 64 65 64 64 64 65
    64 66 68 71 71 69 68 68 69 70 71 70 71 70 67 64 62 62 60 60 59 60 58
    58 59 59 61 64 66 67 67 68 68 67 67 70 69 68 67 66 67 68 68 68 70 68
    66 65 65 65 64 63 62 61 60 61 59 61 63 61 59 58 60 59 60 61 61 60 61
    62 62 64 65 66 67 70 69 67 67 68 68 66 66 65 63 61 60 59 62 64 64 63
    62 63 62 63 64 67 65 65 65 63 61 61 62 64 65 63 62 62 63 62 61 60 62
    63 62 60 58 60 61 59 59 59 60 61 63 61 62 62 63 65 64 66 67 65 66 66
    63 63 62 62 62 62 61 60 57 59 60 60 61 61 61 63 63 65 66 67 67 67 67
    66 67 67 65 64 65 65 64 63 63 63 62 62 61 61 63 63 63 63 63 62 64 63
    64 64 65 67 66 65 63 64 64 65 64 64 62 63 62 60 61 60 61 61 61 63 64
    64 67 67 66 66 65 67 68 66 65 64 63 64 63 65 65 64 64 65 63 64 65 65
    64 62 62 60 59 60 60 60 60 58 57 57 58 57 57 57 59 57 59 60 63 64 63
    63 63 65 64 66 66 69 68 66 66 66 68 69 71 70 72 70 68 65 63 63 60 60
    59 59 58 57 57 57 59 62 64 66 66 66 66 65 66 68 67 66 66 65 66 66 67
    67 68 66 64 63 64 64 63 62 60 60 59 60 58 60 62 60 58 58 60 59 59 61
    62 60 61 61 61 63 65 66 66 70 69 67 67 69 69 68 68 67 65 63 62 60 62
    64 63 62 62 63 62 62 64 67 66 66 66 65 63 64 64 65 66 64 63 62 63 62
    60 60 62 62 61 59 58 59 60 58 58 59 59 60 62 60 61 62 63 64 63 65 65
    64 65 65 62 63 62 62 63 62 62 62 60 62 62 62 62 63 63 65 64 66 68 69
    68 68 68 67 68 67 64 64 66 65 63 63 62 62 60 62 61 62 64 63 63 63 63
    62 64 63 65 63 64 65 65 63 62 63 64 64 63 63 62 63 62 60 61 62 61 61
    61 62 63 63 65 65 65 65 64 65 66 65 65 64 63 65 63 65 64 63 64 65 62
    63 64 63 63 61 60 59 57 58 58 57 58 56 55 56 55 55 57 57 59 57 59 62
    64 65 65 64 64 65 65 65 66 69 68 65 64 64 66 67 70 68 69 69 67 65 64
    63 61 61 60 61 59 58 58 57 59 61 62 64 64 64 64 63 64 66 65 66 66 64
    65 66 67 67 67 64 63 63 63 63 62 62 60 58 57 58 58 59 62 60 58 58 59
    58 59 60 62 60 61 61 61 63 65 66 66 70 69 68 69 70 70 68 67 65 63 62
    61 59 60 61 60 58 58 59 59 60 62 65 64 65 65 65 62 64 64 65 66 64 63
    61 62 61 59 58 60 60 59 57 56 58 59 58 58 58 59 60 62 61 62 63 63 64
    62 64 64 63 64 64 62 63 62 63 62 62 63 63 62 64 61 61 62 62 63 65 64
    66 69 70 69 70 69 68 68 68 65 64 66 65 62 61 61 61 60 61 60 62 63 63
    63 64 63 62 63 62 64 63 64 65 64 62 61 62 64 65 63 63 62 62 62 60 62
    63 63 63 62 63 64 64 66 66 66 66 65 65 66 65 65 64 64 65 63 64 64 62
    64 65 63 64 64 64 64 63 62 61 59 60 59 57 58 57 55 55 56 55 57 58 60
    59 60 63 65 66 67 67 65 66 65 65 66 68 67 65 64 64 65 66 69 68 69 70
    67 65 65 65 62 62 61 62 60 60 60 58 60 61 63 64 65 65 65 64 65 67 65
    65 66 64 64 64 66 66 66 64 62 61 63 62 61 62 59 58 56 57 56 58 60 58
    57 57 58 57 58 59 61 59 59 60 61 63 64 65 65 69 68 67 68 70 69 68 66
    65 63 62 61 59 61 62 61 59 60 61 61 62 64 66 65 65 65 65 63 65 65 66
    67 65 63 62 62 62 59 58 59 59 57 57 56 57 58 56 57 57 59 61 62 61 62
    62 62 63 62 64 64 64 63 63 62 63 62 63 63 62 63 63 61 63 62 62 62 62
    63 64 64 66 69 69 69 69 69 68 68 68 65 65 66 64 62 61 62 62 61 62 61
    62 63 63 64 64 63 62 62 60 62 61 62 62 62 60 58 60 62 64 63 64 64 64
    64 62 64 65 65 65 65 65 65 65 66 67 66 67 65 65 67 65 64 63 64 65 63
    64 65 62 65 66 65 66 66 66 67 65 65 64 62 63 62 60 61 59 57 56 56 55
    57 58 61 59 61 62 64 66 66 67 66 66 66 65 65 68 66 64 63 62 64 66 68
    67 69 69 67 65 65 65 64 63 63 62 60 61 61 59 61 62 63 64 65 64 64 64
    65 67 65 66 66 65 65 65 66 67 67 64 63 61 62 62 61 61 60 58 56 57 56
    59 61 60 59 59 59 59 59 62 63 61 62 62 63 65 67 67 67 70 70 68 69 71
    71 69 68 67 64 63 64 61 62 63 63 61 61 62 61 62 64 67 65 66 66 65 63
    65 65 65 66 65 63 61 63 62 60 59 60 60 58 58 57 58 58 56 56 55 58 60
    60 59 61 59 59 61 61 63 63 63 63 63 62 63 62 64 64 64 64 64 63 64 63
    63 62 62 63 63 64 65 67 68 67 67 67 66 66 66 63 63 63 62 60 59 60 60
    58 59 60 61 61 61 63 64 62 60 60 60 61 60 61 61 62 59 57 58 62 63 63
    63 63 63 63 62 63 65 64 64 64 65 64 65 66 67 65 66 65 65 67 66 64 63
    63 64 63 63 64 62 64 66 64 65 67 66 67 65 64 63 62 63 63 61 61 60 58
    58 58 58 59 60 62 61 61 63 65 67 68 68 67 67 67 66 66 68 68 65 63 62
    62 64 65 65 66 67 64 63 63 64 63 61 61 62 61 62 62 60 61 62 62 64 65
    65 64 63 64 64 63 64 65 63 63 62 63 65 66 63 62 60 61 60 60 61 60 59
    57 57 56 58 61 60 60 60 59 59 59 63 64 62 64 64 64 67 67 68 67 70 70
    68 67 70 68 67 66 65 63 62 63 61 61 63 63 62 61 63 62 63 65 67 64 65
    66 65 63 64 65 64 65 64 63 61 62 61 58 58 60 58 58 58 57 58 57 56 56
    56 58 60 59 59 60 60 59 60 60 62 62 62 62 61 61 61 60 61 62 62 62 62
    60 61 66 66 65 65 66 67 67 66 68 68 67 67 66 65 66 65 63 62 62 61 58
    57 59 59 57 59 60 61 61 60 63 64 64 62 63 62 63 62 61 61 62 60 58 58
    60 62 61 62 62 61 62 62 62 64 63 63 64 64 63 63 65 65 65 65 64 64 66
    65 63 62 62 62 61 61 61 59 61 63 62 63 64 64 66 64 64 63 62 63 64 61
    62 61 60 59 59 60 61 62 64 62 63 64 66 67 68 69 67 66 67 66 67 68 68
    65 64 64 63 65 66 67 67 68 65 64 64 65 63 63 63 63 62 64 64 62 63 63
    63 65 66 65 65 63 64 64 62 64 64 63 64 62 64 65 67 65 63 62 63 62 62
    63 62 60 58 59 57 59 61 60 61 62 61 61 61 64 65 63 65 65 65 68 68 68
    67 69 69 67 67 69 68 66 65 64 62 62 63 61 60 61 62 60 60 62 61 62 64
    65 63 64 66 65 63 65 65 65 65 64 63 61 62 62 59 58 60 59 58 59 59 59
    58 57 58 58 61 61 60 59 61 60 59 59 59 61 62 61 61 61 62 63 61 61 62
    62 62 62 61 62 64 64 63 63 64 65 65 64 66 67 66 66 66 65 66 64 63 62
    62 62 59 58 60 59 57 58 60 61 60 60 62 64 63 62 62 61 63 62 60 61 63
    61 59 59 61 62 61 63 62 62 62 61 62 63 62 61 62 62 62 61 62 63 62 63
    62 63 64 63 61 62 61 62 60 61 60 59 60 62 62 62 64 64 66 63 64 63 63
    64 63 61 61 61 59 58 58 59 59 60 62 61 62 63 65 67 68 68 67 66 67 66
    66 68 67 64 64 63 63 64 65 66 66 68 65 65 65 67 65 64 65 66 65 66 65
    63 63 64 63 64 65 64 62 62 62 62 60 61 63 62 63 61 63 65 67 64 63 63
    64 63 63 64 62 61 59 60 58 60 61 60 61 61 60 60 61 64 64 62 63 63 64
    67 67 68 67 69 69 68 68 71 69 67 66 65 62 62 63 62 61 63 63 61 61 64
    63 63 66 67 65 65 67 65 64 65 66 65 65 64 63 62 64 63 59 60 61 60 60
    60 61 61 59 57 57 57 61 61 59 59 61 60 58 59 60 61 63 63 62 63 65 66
    64 64 66 65 64 66 65 65 65 65 63 64 64 65 65 64 66 67 66 66 65 65 65
    64 63 63 62 62 60 60 62 62 60 61 63 64 63 62 65 66 64 63 62 61 63 61
    59 59 61 60 57 57 59 59 59 60 60 59 59 59 60 61 61 61 62 63 62 62 62
    63 62 63 62 62 63 62 60 61 61 61 59 61 61 58 59 61 61 61 63 62 63 62
    62 61 62 62 62 60 59 60 58 57 58 59 59 61 62 62 63 63 65 68 69 69 68
    67 68 67 67 69 68 66 66 64 64 65 65 66 66 67 65 64 64 66 65 64 65 67
    65 67 66 64 64 65 64 65 66 64 63 61 63 62 61 62 63 62 62 60 61 64 65
    63 62 61 62 61 61 62 61 60 58 58 57 59 61 60 61 61 60 61 62 64 64 63
    64 63 65 68 68 69 69 71 71 71 72 72 72 70 68 65 63 63 64 62 61 62 62
    60 60 63 63 63 66 66 64 64 67 65 64 65 66 65 65 64 63 62 64 64 61 60
    61 60 60 60 60 62 59 58 58 57 59 60 59 59 60 58 57 57 59 60 61 61 60
    62 63 65 64 65 66 65 65 67 66 67 67 67 64 65 66 66 66 65 67 67 67 67
    66 65 66 65 64 63 62 62 60 60 62 62 60 61 63 64 63 63 65 66 65 63 62
    62 63 63 61 61 62 61 58 58 61 62 61 63 62 61 60 61 60 62 63 63 63 63
    62 61 61 61 61 62 62 61 62 61 60 61 61 61 60 62 62 59 59 62 62 62 64
    63 64 63 64 62 63 64 64 62 61 61 58 58 59 59 59 61 62 61 61 62 63 66
    66 66 65 64 66 64 64 67 67 65 64 63 64 65 64 65 66 67 65 65 65 67 66
    66 65 68 66 67 66 64 64 63 63 63 64 62 62 61 62 61 60 62 63 62 62 60
    61 64 65 62 62 61 63 62 62 63 62 62 61 61 60 62 64 62 63 63 61 62 63
    64 64 62 63 62 64 67 68 68 68 70 70 70 71 72 72 70 69 67 65 65 65 63
    62 63 62 61 60 63 62 62 64 64 63 64 66 64 62 64 64 63 63 62 61 60 62
    62 61 61 62 62 61 61 62 64 61 60 59 58 60 61 58 57 58 57 55 55 57 59
    59 60 59 60 62 64 64 64 65 65 64 66 65 66 69 69 66 65 65 66 67 66 68
    68 66 66 65 65 66 66 66 65 64 63 62 61 63 63 62 63 65 65 65 64 66 67
    66 65 63 64 64 64 61 61 62 61 57 57 60 62 61 62 62 61 61 61 61 63 63
    63 63 62 61 61 60 60 59 61 61 60 61 61 60 61 62 61 61 61 61 58 59 61
    61 61 62 61 63 62 63 63 65 66 65 64 62 63 61 60 60 60 61 63 63 63 63
    63 64 66 68 68 67 67 67 65 66 67 67 65 65 64 64 65 64 64 65 65 63 64
    64 66 65 64 64 66 65 67 65 64 64 63 62 63 63 62 61 60 61 61 60 62 64
    63 63 61 63 66 67 64 63 62 64 62 63 64 62 62 61 61 61 63 64 63 63 64
    62 62 62 63 63 62 62 61 63 66 67 66 66 68 69 69 69 70 69 68 66 65 63
    64 65 63 62 63 64 62 62 66 65 65 66 66 64 65 67 65 64 66 67 65 65 63
    64 63 66 66 65 64 66 64 63 63 65 66 63 61 61 58 60 61 58 58 58 56 54
    54 56 58 59 61 60 61 63 66 66 67 68 68 67 69 68 69 72 72 69 68 67 67
    67 67 68 68 66 66 65 66 67 67 68 67 67 66 65 63 66 64 63 63 65 65 64
    62 65 65 65 63 62 63 64 64 61 61 62 62 58 58 61 63 63 63 64 62 63 63
    62 64 65 65 64 63 62 61 60 60 59 60 61 60 61 61 60 61 62 62 61 63 63
    60 60 61 62 63 63 63 64 64 65 65 66 67 67 66 65 64 63 62 63 62 63 64
    64 64 65 64 65 67 67 68 68 68 68 66 66 67 66 65 65 64 64 64 62 63 63
    63 62 62 63 64 65 63 63 64 64 64 63 62 62 61 61 62 61 62 61 61 62 62
    62 64 65 64 64 63 64 66 66 63 62 62 63 62 62 63 63 61 61 60 61 63 63
    62 62 63 59 60 60 62 62 61 60 60 62 65 66 66 67 69 70 70 69 71 71 69
    67 65 64 66 66 64 62 63 64 63 63 66 65 64 65 64 62 63 65 63 63 65 66
    64 64 63 63 62 65 65 64 64 65 62 61 61 63 65 63 62 61 60 61 62 59 60
    60 58 56 56 57 59 59 61 60 62 64 67 66 67 68 68 68 70 70 71 74 74 69
    69 68 67 67 66 67 67 66 66 64 65 67 67 68 68 68 67 65 65 68 67 66 65
    68 68 67 66 68 68 67 65 63 64 64 65 61 61 62 60 57 56 59 61 62 62 63
    61 63 63 62 65 65 65 64 64 62 61 60 60 59 60 61 60 62 62 61 62 62 63
    62 64 63 60 60 60 60 61 61 61 63 63 65 64 67 69 69 68 68 67 66 65 65
    64 64 65 65 64 65 65 65 67 68 69 70 70 70 69 69 69 68 67 67 65 64 65
    63 63 63 63 61 63 64 65 64 63 64 64 64 64 62 62 63 61 61 62 61 62 61
    61 62 62 62 64 63 63 62 61 62 64 64 62 60 60 62 60 61 62 62 61 60 60
    61 63 64 62 62 63 60 60 59 60 61 59 58 57 60 63 64 63 64 65 67 68 66
    67 69 67 65 64 63 65 66 65 63 64 65 64 63 66 65 63 63 61 59 60 62 60
    60 62 63 61 62 61 63 63 65 65 65 66 66 63 63 63 64 65 63 61 61 60 60
    61 59 59 60 60 58 58 59 59 60 62 61 62 65 67 66 67 67 67 67 70 70 70
    76 76 72 71 69 69 68 67 67 68 67 66 65 66 67 67 69 69 69 69 67 66 69
    68 66 66 69 69 68 68 70 69 69 66 63 64 63 63 59 60 61 59 55 55 58 60
    61 61 64 62 64 63 61 64 63 64 63 62 60 59 58 57 57 58 59 59 62 61 62
    63 64 66 65 67 66 63 62 62 63 63 63 62 63 63 65 65 67 69 69 68 68 68
    67 67 67 66 66 68 67 66 67 67 66 69 69 69 70 70 70 68 69 69 68 66 67
    64 63 63 61 61 62 62 60 61 62 63 63 62 62 64 63 63 62 62 63 62 62 62
    62 62 62 62 63 63 63 65 64 64 62 61 63 65 65 63 62 61 63 61 62 63 63
    62 61 61 62 63 64 62 61 62 59 58 58 60 59 58 56 56 57 60 61 61 62 64
    65 65 63 65 66 65 63 63 62 64 65 63 63 64 65 64 64 66 65 64 64 61 58
    60 61 60 60 62 63 61 62 61 62 62 65 65 64 65 64 62 61 62 62 63 62 61
    61 60 61 61 59 60 61 60 59 58 59 59 59 61 60 61 64 66 65 66 66 67 66
    69 69 69 75 75 71 69 68 69 67 67 67 67 66 65 64 65 67 67 68 67 68 67
    65 65 68 68 66 66 68 70 70 70 71 70 70 67 65 65 64 65 60 61 61 59 56
    56 58 61 62 62 63 62 64 63 62 64 63 64 63 61 58 58 57 56 55 56 58 58
    61 61 60 62 64 65 64 67 67 65 64 64 64 64 65 64 65 65 68 67 70 72 71
    71 70 70 69 68 69 67 67 67 65 65 66 66 65 67 68 68 69 70 70 68 70 69
    68 65 67 64 64 63 61 61 62 62 60 61 62 64 64 63 63 64 64 63 62 62 62
    62 63 62 62 62 62 63 64 64 64 65 64 64 62 62 64 67 66 65 63 63 64 62
    63 64 64 63 62 62 63 64 65 63 62 64 61 59 59 61 60 58 56 55 57 59 60
    59 61 61 62 62 60 62 64 62 61 62 62 64 65 64 64 65 66 65 65 67 66 64
    64 61 59 60 61 59 60 61 62 61 62 61 62 63 66 65 66 67 67 65 64 65 65
    65 64 63 63 62 62 62 59 60 60 59 58 59 60 59 60 62 61 62 65 67 65 67
    67 67 66 69 69 69 75 75 71 70 68 69 68 66 66 67 65 65 64 65 66 66 66
    66 66 66 65 65 66 66 64 64 67 68 69 68 70 68 68 65 64 65 65 66 61 61
    62 60 58 57 59 61 62 62 63 62 65 63 62 63 63 64 63 62 59 58 57 56 55
    56 58 57 59 60 59 61 63 63 64 67 67 65 64 64 65 65 65 64 64 64 66 65
    67 70 69 69 68 68 69 69 68 67 66 66 65 65 66 66 65 67 67 67 69 70 70
    69 70 68 68 66 68 65 65 64 61 62 63 62 61 62 62 63 63 62 62 63 63 62
    60 60 61 61 62 61 62 61 62 62 63 63 65 65 65 65 63 63 64 66 65 64 63
    63 63 62 62 62 62 62 60 60 61 63 64 62 60 63 59 59 59 60 60 59 57 56
    57 60 61 59 61 61 61 61 60 61 63 62 61 62 61 64 65 63 63 64 66 65 65
    66 65 63 62 59 56 59 59 57 58 59 59 59 60 60 62 63 66 65 66 68 68 66
    66 67 67 67 65 65 64 64 63 63 60 61 60 59 58 59 60 59 60 61 61 63 66
    68 67 69 69 70 69 71 72 72 72 72 69 69 67 67 65 64 63 64 63 62 61 62
    63 62 62 63 64 64 64 64 65 64 62 63 66 67 68 68 68 66 67 65 63 65 66
    66 62 63 64 62 60 60 61 63 64 63 64 63 64 63 61 62 62 62 62 60 57 57
    56 55 55 57 59 59 60 61 60 62 64 65 65 68 67 65 63 63 63 63 63 62 62
    62 64 64 65 67 68 68 68 68 70 70 71 68 68 67 66 66 67 67 66 69 68 68
    69 70 70 70 71 69 68 66 67 64 63 62 61 62 62 61 60 61 61 63 61 61 61
    61 61 59 58 58 60 61 62 61 61 61 62 62 63 64 64 64 65 64 61 62 64 65
    64 63 61 61 62 61 61 61 61 61 59 60 61 63 63 61 60 62 59 58 58 59 60
    58 57 56 57 59 59 58 60 60 60 60 58 58 60 59 58 59 59 61 61 61 61 62
    64 64 65 65 64 63 62 58 56 58 59 57 58 60 60 60 61 61 63 65 67 66 67
    68 68 65 64 64 65 65 64 64 64 64 63 63 61 61 62 60 60 61 60 59 60 61
    60 62 65 66 65 67 67 68 67 69 70 71 74 74 71 70 68 69 68 66 65 66 65
    64 63 64 65 64 64 64 64 64 64 63 65 65 62 62 65 66 67 67 67 67 67 66
    64 65 66 67 63 64 65 63 62 62 63 65 67 66 67 64 66 63 62 63 63 63 63
    60 57 56 57 56 56 59 61 60 61 62 62 63 65 66 65 68 67 65 63 64 63 63
    62 62 63 63 65 65 66 67 67 68 68 68 69 69 69 66 65 65 64 64 66 65 65
    66 65 66 67 69 70 70 69 68 66 64 66 64 64 63 62 62 61 60 60 60 61 62
    61 61 61 61 61 59 58 58 58 60 61 60 59 59 60 61 62 62 63 63 64 63 61
    63 65 65 64 62 61 61 62 62 61 62 61 60 58 60 62 64 64 62 61 63 61 59
    59 60 61 59 57 56 57 60 60 58 60 60 60 59 58 59 60 60 58 59 59 61 62
    61 61 63 64 64 65 65 65 64 62 59 57 60 61 59 59 61 62 62 62 62 63 65
    67 65 66 67 66 64 62 63 64 64 64 64 64 65 65 65 64 63 64 62 62 62 62
    61 61 62 61 64 66 67 66 70 69 70 69 71 72 73 71 71 68 67 65 67 66 65
    63 65 64 63 62 62 64 62 63 63 63 63 63 63 64 63 61 62 64 66 67 67 68
    66 65 64 63 64 64 65 61 63 62 61 60 60 62 64 66 65 66 65 66 63 61 63
    63 62 62 60 57 57 57 56 56 60 62 61 63 64 64 65 67 68 68 70 70 67 66
    67 66 66 65 64 65 64 66 65 67 68 67 68 68 67 67 68 67 64 64 63 63 63
    65 64 64 66 64 65 67 69 69 69 69 67 66 65 66 65 66 64 63 63 62 61 60
    61 62 62 61 60 60 60 61 59 59 59 59 61 61 60 60 60 61 62 61 61 62 61
    63 62 60 62 63 64 62 60 60 60 61 61 60 60 60 60 58 59 61 63 64 62 61
    63 60 59 59 60 61 60 57 56 57 59 59 58 61 60 60 60 58 58 60 61 60 61
    62 64 63 63 63 65 66 67 68 67 67 65 63 60 59 61 62 60 60 61 62 62 63
    62 64 65 67 65 66 67 66 65 63 62 63 63 63 63 64 64 64 64 63 64 64 62
    63 63 64 62 61 63 63 65 66 66 66 70 69 71 70 72 72 72 73 73 71 69 68
    69 67 67 65 65 64 63 62 62 63 62 62 61 61 61 61 60 61 61 60 61 63 64
    66 66 68 67 67 67 65 66 66 66 63 65 64 62 60 60 62 64 66 64 66 64 64
    61 61 63 63 63 62 61 58 59 58 59 59 62 64 62 63 64 65 65 68 68 67 69
    69 67 65 66 66 65 63 63 64 63 65 65 65 67 66 66 66 65 67 68 67 65 65
    64 64 64 66 65 65 66 64 65 65 67 67 67 67 65 64 63 65 63 64 62 61 61
    60 59 58 59 59 59 58 57 57 58 59 58 58 58 58 60 61 60 60 59 61 61 60
    61 61 61 62 62 59 61 62 63 60 59 58 58 59 58 57 58 58 57 56 58 60 63
    64 62 61 63 60 59 59 61 62 61 58 56 57 60 59 57 60 60 59 58 57 56 57
    59 58 59 61 63 63 62 62 63 66 67 68 67 67 67 65 61 60 63 63 62 62 63
    62 63 63 62 63 65 66 65 66 66 65 64 63 62 62 63 63 64 65 65 64 65 63
    64 64 62 63 62 63 61 61 63 64 65 66 65 65 70 69 72 71 72 71 71 71 71
    70 68 68 68 67 67 66 65 65 63 63 62 63 62 61 60 60 60 59 59 59 59 58
    58 61 62 64 65 66 66 66 66 65 66 65 67 64 65 64 62 61 62 63 66 67 65
    68 65 66 63 62 64 63 63 62 59 57 58 58 58 59 62 64 62 63 65 66 66 68
    69 68 69 69 67 66 68 67 67 64 64 65 65 67 67 67 68 67 67 67 66 69 69
    68 65 65 65 64 64 65 66 65 66 63 65 66 68 68 67 68 65 64 63 64 64 64
    62 60 60 59 59 58 59 59 59 59 57 57 3 16 52 30 74 85 86 40 25 46 123
    115 74 105 58 47 87 72 100 78 93 18 108 109 10 16 13 77 110 26 22 56
    93 4 48 57 19 70 40 1 55 95 79 51 53 102 16 112 103 102 23 23 18 42
    95 40 58 43 111 66 70 36 72 49 89 62 61 62 64 66 66 68 68 68 67 66
    63 62 66 66 64 63 65 64 64 64 62 63 65 65 63 63 64 63 62 61 61 62 62
    62 62 64 65 64 65 64 64 65 63 63 63 63 62 63 64 65 65 66 66 65 69 69
    72 71 72 70 70 70 70 69 67 67 66 65 64 63 62 61 59 58 58 59 58 57 57
    57 57 57 57 57 58 57 58 60 62 64 66 67 67 67 67 66 67 66 66 64 65 64
    63 62 62 63 66 67 66 69 66 67 64 63 63 63 62 62 60 58 59 59 59 59 62
    62 62 63 65 65 65 68 68 66 68 68 67 67 68 67 67 64 64 65 64 66 66 66
    66 65 65 65 64 68 67 66 64 64 64 65 64 67 67 66 67 64 66 67 69 69 69
    68 65 64 63 64 64 63 61 59 59 57 57 56 57 57 55 56 55 56 124 53 44
    55 2 14 108 44 75 111 34 79 107 52 16 81 108 51 71 107 7 43 86 80 29
    114 120 13 54 6 96 26 52 73 51 101 47 34 49 120 37 60 87 10 93 90 37
    16 49 94 109 110 100 79 110 7 32 99 6 26 1 65 75 27 11 61 60 61 62
    64 65 68 67 67 67 66 63 62 65 65 64 64 65 64 64 64 62 63 65 65 63 63
    63 62 59 58 58 59 59 60 61 63 64 64 66 65 66 68 67 67 67 67 65 66 67
    67 68 69 68 66 70 71 73 71 73 71 71 69 69 68 66 67 65 63 62 61 60 60
    59 59 57 58 57 57 56 58 58 58 57 57 57 56 58 60 63 65 66 66 66 67 67
    67 68 67 67 65 66 65 64 64 64 65 67 69 69 70 69 69 66 65 65 64 64 64
    62 59 60 60 59 59 62 62 61 62 63 64 64 66 67 65 68 69 67 67 68 67 67
    64 64 65 64 66 65 64 65 65 65 65 64 67 67 66 64 63 63 64 63 64 64 64
    65 63 64 64 66 68 68 67 65 64 63 63 63 63 61 60 59 57 57 57 57 57 56
    56 56 57 124 108 56 41 125 25 98 53 34 1 13 62 34 18 71 53 111 114 6
    10 78 17 47 25 127 63 23 57 50 26 72 38 102 5 84 80 55 24 20 112 88
    81 53 95 83 105 97 12 54 65 106 10 62 42 70 100 75 85 14 8 106 34 66
    24 59 63 63 63 64 66 65 67 67 66 66 65 62 62 65 65 64 63 66 64 65 64
    62 62 63 63 60 60 60 59 57 56 56 56 57 59 59 62 64 63 66 65 66 68 67
    68 68 67 65 65 65 66 66 67 65 63 66 66 68 66 68 66 66 65 65 66 65 65
    64 63 62 61 59 60 59 59 57 57 55 54 54 55 55 54 54 54 54 55 58 60 62
    65 67 67 68 69 69 68 69 68 68 66 67 66 65 65 65 65 67 69 69 70 69 69
    65 64 64 63 62 62 61 58 58 58 57 57 60 61 60 61 62 63 63 65 66 64 67
    67 66 65 66 65 66 64 63 64 63 65 64 63 64 64 65 65 63 65 66 65 63 62
    62 63 62 63 63 63 64 62 63 64 65 67 67 68 65 64 63 64 63 63 61 60 59
    56 57 57 57 58 57 57 58 59 82 9 87 40 91 93 107 72 64 82 116 79 5 21
    116 22 67 78 16 18 60 0 96 20 74 41 68 89 64 66 30 124 31 25 80 2
    124 54 43 18 23 97 55 72 120 58 29 119 84 105 111 90 56 30 25 42 61
    42 92 57 114 76 97 4 68 64 64 64 64 66 65 67 67 66 67 67 63 63 67 66
    67 65 67 66 66 65 63 62 64 64 61 62 61 60 58 57 57 58 58 59 59 61 63
    62 65 65 66 68 67 67 67 67 66 65 66 66 66 66 64 63 65 66 68 66 68 67
    67 63 63 64 64 64 64 63 62 62 60 61 61 62 58 58 57 55 53 55 54 53 53
    53 52 53 56 59 61 63 66 66 67 68 69 69 70 69 68 67 68 66 66 67 67 68
    69 70 71 71 70 70 66 66 65 64 62 62 60 58 58 58 57 57 61 61 60 61 61
    61 62 63 64 63 66 66 65 65 67 67 68 66 65 66 66 67 66 65 66 65 65 64
    63 65 66 64 63 62 62 63 62 64 64 64 64 63 64 64 65 68 68 68 66 64 62
    62 62 62 60 59 58 55 56 57 57 58 59 59 61 62 0 4 116 101 66 103 4 58
    98 63 90 47 100 1 106 6 8 0 49 36 58 101 78 73 13 34 52 29 16 65 30
    64 15 23 76 42 43 4 117 88 55 118 72 12 52 43 13 90 85 90 14 93 23
    70 15 103 13 21 75 117 55 79 104 25 1 63 63 64 63 65 65 67 66 66 67
    67 63 64 68 68 69 67 69 67 67 66 63 63 64 63 61 61 59 59 57 56 56 58
    59 60 60 62 63 63 66 66 67 68 67 66 66 67 66 65 65 66 65 64 63 62 65
    66 67 66 67 66 67 62 62 63 63 64 63 63 62 62 60 61 61 61 59 59 58 56
    54 55 54 53 54 54 53 55 57 59 60 61 64 65 67 68 69 70 71 71 70 70 71
    70 70 71 70 71 71 72 73 72 70 70 67 66 66 65 63 63 62 60 60 60 59 58
    62 61 59 60 60 60 62 63 62 62 65 65 64 65 67 66 68 67 65 67 68 68 67
    66 66 66 65 64 62 63 65 63 62 61 61 61 62 63 63 64 63 62 62 63 63 66
    68 67 65 64 62 63 64 63 62 60 60 57 57 58 58 59 59 60 61 63 84 78 59
    125 115 56 28 53 24 67 45 116 61 101 81 37 36 72 124 103 41 43 26
    124 29 66 71 47 102 96 84 60 92 114 10 106 102 89 121 127 126 3 21
    108 81 120 75 69 58 68 52 102 101 124 97 119 39 49 46 81 54 55 126
    120 1 62 62 61 62 64 64 66 65 65 66 66 64 65 69 69 69 67 69 69 68 66
    64 64 65 64 62 62 61 61 59 57 57 60 61 61 61 63 63 63 66 66 68 69 68
    67 68 68 68 67 67 67 67 66 66 64 66 66 68 65 66 66 66 62 62 63 62 64
    63 63 62 62 60 61 61 61 59 59 58 57 54 55 54 55 55 55 55 56 58 60 61
    63 66 66 69 69 70 70 72 71 70 70 71 70 70 70 69 70 70 71 70 70 68 68
    65 65 64 64 62 63 62 60 60 61 61 60 63 61 60 60 60 60 61 62 61 61 63
    63 62 64 65 65 68 66 65 68 68 67 66 65 64 63 63 62 60 62 63 61 61 60
    61 62 62 63 63 63 64 61 61 63 62 65 67 65 65 64 63 64 63 63 63 60 59
    58 57 59 58 59 59 59 61 63 8 5 34 8 104 81 47 84 118 16 111 98 47
    117 96 127 104 14 109 82 59 113 17 45 47 112 29 40 93 30 4 25 101
    108 3 23 46 45 124 118 63 99 17 108 87 48 17 91 83 71 68 28 41 67 33
    125 20 82 23 59 35 119 5 97 45 63 63 62 62 65 65 66 66 66 68 67 65
    66 69 69 70 67 69 69 68 66 63 63 64 63 62 61 60 59 58 56 55 58 59 59
    59 61 62 62 65 65 67 68 68 67 67 69 68 67 66 66 65 65 64 63 65 64 65
    62 64 63 64 63 63 63 63 64 64 62 63 62 60 60 60 59 58 59 59 57 55 55
    55 55 56 57 57 58 60 60 61 62 65 66 69 69 69 69 70 69 68 68 70 69 69
    69 68 68 69 69 69 69 67 67 65 65 65 65 62 63 63 61 61 63 63 62 65 63
    62 62 61 61 61 63 62 61 63 63 62 64 65 65 68 67 66 69 69 69 68 67 66
    65 64 63 61 63 63 61 61 60 60 61 62 63 63 63 63 62 62 64 63 66 69 68
    67 67 65 66 65 65 64 62 60 59 57 59 58 59 60 61 63 64 62 108 34 103
    47 112 51 56 54 35 79 112 126 34 45 78 113 12 4 1 96 99 23 32 81 47
    38 102 72 102 83 3 66 68 72 2 26 124 84 118 115 44 62 85 106 8 74 38
    123 40 105 107 83 38 74 78 4 12 82 43 113 55 70 67 87 63 63 62 62 64
    64 65 65 66 66 66 64 66 68 70 70 68 69 70 69 66 65 65 65 64 62 62 60
    60 58 56 55 57 59 59 58 60 61 62 64 65 67 68 69 67 67 68 68 67 66 64
    64 63 62 62 63 63 63 61 63 62 64 65 65 65 64 65 65 64 64 63 60 62 61
    61 61 61 61 60 58 58 57 57 58 58 57 59 59 60 60 61 64 65 68 69 69 69
    70 69 69 69 70 69 68 67 67 67 68 68 68 68 65 65 64 64 64 64 62 61 62
    61 61 62 63 62 64 63 61 61 60 60 59 60 59 58 60 60 58 61 62 63 66 66
    65 69 69 69 67 67 67 66 66 64 61 62 62 59 59 59 60 60 61 62 62 62 64
    62 62 65 64 67 68 68 67 67 66 65 65 66 65 62 60 59 58 60 59 60 60 62
    63 65 103 126 68 113 87 37 84 83 52 32 122 104 124 86 38 63 86 80 97
    26 57 125 101 42 85 57 5 59 33 105 104 117 41 92 50 3 16 44 12 118
    63 82 95 127 34 107 84 92 89 56 78 41 67 116 103 72 111 121 65 83 16
    127 48 117 103 63 63 62 62 64 64 65 65 67 67 67 66 68 70 71 71 69 69
    69 69 66 64 64 63 63 62 61 60 59 58 56 55 57 59 59 58 60 60 60 63 64
    67 68 68 67 66 68 68 66 66 66 65 64 62 62 63 63 63 61 62 62 62 65 65
    65 64 65 65 63 64 63 61 61 61 60 60 60 60 59 57 57 56 57 57 58 57 59
    60 62 62 63 67 67 70 70 70 70 71 69 69 69 69 69 67 66 66 66 67 66 66
    67 66 65 64 64 64 64 61 61 63 62 63 63 63 63 64 62 61 61 60 60 59 60
    60 59 60 60 58 61 62 63 66 66 65 68 68 68 67 66 67 66 65 64 61 62 62
    60 61 60 61 62 62 63 64 63 65 63 63 65 64 66 68 68 68 68 67 66 66 67
    66 63 62 62 61 61 61 61 61 63 64 65 117 73 89 104 94 41 69 48 77 73
    10 123 24 51 3 80 101 85 72 76 98 36 29 107 122 73 3 115 59 74 112
    117 123 0 32 95 77 35 59 2 125 3 68 21 5 3 14 25 60 84 13 17 105 69
    40 69 20 115 74 35 53 20 54 65 53 63 63 62 61 63 64 64 64 66 66 66
    66 67 69 70 70 68 68 68 68 64 62 62 62 62 62 62 61 61 59 58 57 59 61
    61 60 62 61 61 63 64 67 68 68 68 67 68 69 67 66 65 65 64 64 63 64 63
    63 61 63 62 63 65 65 64 64 66 65 63 64 64 62 63 63 62 61 61 62 60 58
    59 58 57 57 58 58 59 60 62 61 62 66 66 68 69 69 69 69 69 68 69 70 70
    70 69 68 68 68 69 70 69 67 66 66 66 65 66 64 63 64 63 63 63 63 63 64
    61 60 59 58 59 59 60 59 59 60 60 59 62 62 64 67 66 66 68 68 69 68 67
    68 66 66 65 62 63 62 61 60 59 60 60 60 61 62 61 63 61 62 63 63 65 67
    67 67 67 66 65 65 65 65 62 61 60 60 60 60 60 60 62 64 65 56 27 116
    59 46 101 125 6 14 17 46 15 112 96 115 76 28 46 102 5 48 38 122 47
    25 124 18 8 23 63 26 56 107 113 9 47 40 69 36 101 113 119 34 30 22 7
    114 113 90 85 38 83 2 81 37 55 20 127 58 19 99 2 10 17 28 62 62 61
    61 63 62 63 63 65 65 64 65 66 67 68 68 66 66 66 66 63 61 61 61 61 60
    60 59 58 57 56 56 58 61 62 61 63 63 63 65 67 70 71 71 71 69 70 71 69
    67 66 66 64 65 64 63 63 62 60 62 61 62 62 62 61 61 63 62 61 62 62 61
    62 62 61 60 61 61 60 59 60 59 59 59 61 60 62 63 64 63 64 67 66 68 69
    68 67 67 67 67 68 69 69 68 67 67 68 68 70 70 69 67 67 67 66 66 67 65
    64 65 63 64 64 63 63 64 62 60 61 59 59 59 60 59 60 61 61 60 64 63 64
    68 68 67 68 69 70 70 69 70 68 68 67 64 65 63 62 62 60 61 61 60 61 63
    61 63 62 63 65 64 68 68 69 69 68 66 66 65 65 65 62 61 60 60 60 60 61
    62 63 64 65 103 7 2 31 10 16 27 29 51 80 111 8 24 122 116 60 75 43
    126 110 20 28 66 87 36 102 2 50 84 52 68 15 120 88 13 111 72 8 50 71
    26 101 49 4 5 22 124 80 64 124 73 27 88 10 89 16 68 2 70 29 23 81 51
    109 123 62 62 62 61 63 62 63 61 62 61 61 63 64 66 66 65 64 65 65 65
    63 62 62 60 61 60 61 61 60 59 58 58 60 62 63 61 62 62 62 63 65 67 68
    68 69 67 68 69 68 66 65 64 63 64 62 61 60 60 58 59 59 60 61 61 59 60
    61 61 60 60 60 59 60 60 59 59 60 60 60 59 60 59 60 60 62 61 63 63 64
    64 64 67 66 69 70 70 68 68 69 69 70 71 71 70 69 68 69 69 71 72 70 69
    68 68 67 68 70 67 67 68 65 66 66 66 66 65 63 61 61 59 59 59 60 59 58
    60 59 59 62 62 63 66 67 66 68 68 69 69 69 70 69 69 68 66 65 63 62 63
    60 60 60 60 62 63 62 64 63 63 65 64 67 69 69 70 69 66 66 65 65 65 62
    62 61 61 62 61 61 62 62 63 64 48 121 126 53 98 16 10 12 13 83 105 45
    49 32 28 71 123 124 86 87 104 77 111 10 54 44 72 101 34 1 83 30 75
    79 68 20 84 55 3 26 65 13 47 33 26 55 97 113 70 56 0 6 26 86 13 106
    26 66 54 88 106 117 30 26 68 60 61 62 60 62 62 62 61 62 61 62 62 63
    65 64 64 63 63 64 65 62 61 61 61 62 61 62 63 62 61 60 60 62 65 64 63
    63 63 63 64 64 67 67 67 68 66 67 69 68 67 65 64 64 64 63 63 61 61 59
    60 59 60 58 58 56 57 58 58 58 59 59 59 59 60 60 60 60 62 62 62 62 61
    61 61 64 64 65 65 65 64 64 67 66 68 70 69 68 67 68 69 69 70 70 69 69
    68 68 68 70 71 68 67 67 66 66 67 69 66 65 66 64 65 66 66 67 67 64 61
    61 59 59 60 60 59 59 60 60 59 62 63 64 67 67 67 68 68 68 68 68 68 67
    66 66 64 64 62 60 61 59 59 58 59 60 61 59 62 61 62 64 64 66 69 69 69
    69 67 67 65 67 66 64 63 62 61 62 62 63 64 65 66 66 46 49 56 44 96
    127 6 81 37 24 1 49 78 77 46 111 92 0 103 5 100 121 34 100 2 41 86
    84 6 68 40 88 29 33 63 95 17 14 59 8 110 126 125 68 69 103 125 28 95
    96 110 113 67 56 54 121 60 117 41 3 73 35 95 24 11 62 62 63 62 63 64
    64 63 63 62 63 64 65 66 65 64 63 63 64 65 62 62 61 60 62 61 62 63 63
    62 61 62 63 66 64 64 64 63 64 64 65 66 65 64 66 65 66 68 66 66 63 62
    62 62 62 61 59 59 57 58 57 58 57 57 56 57 58 59 59 60 61 61 60 61 61
    62 62 63 62 61 61 60 60 60 63 63 64 62 63 62 63 66 65 67 69 67 66 66
    67 68 68 69 69 67 68 67 66 66 68 68 66 65 64 64 64 66 68 66 66 68 65
    66 68 68 68 68 65 62 61 59 59 59 59 59 58 59 58 59 62 64 65 67 68 68
    70 70 70 70 69 69 67 66 64 63 63 61 59 59 58 59 58 59 60 61 60 62 60
    61 63 63 65 67 67 68 68 66 66 65 67 66 64 64 64 62 64 64 65 65 66 67
    67 10 112 34 36 91 58 90 81 62 108 52 94 79 97 9 123 124 26 125 27
    82 43 34 48 73 25 17 121 126 106 54 120 40 13 51 120 32 118 4 19 47
    54 124 29 59 4 112 32 119 65 77 10 10 64 15 75 83 116 111 81 73 81
    40 27 43 61 61 61 61 63 64 63 63 63 62 63 64 64 65 65 64 62 62 63 64
    62 62 61 61 62 61 62 63 63 62 62 62 64 65 64 63 64 64 64 64 66 67 65
    65 67 66 67 69 67 67 63 63 63 63 63 62 60 60 59 59 59 60 61 61 59 59
    60 60 61 62 64 62 62 63 62 62 63 64 63 62 62 60 60 60 63 62 63 62 62
    61 62 65 64 66 67 66 65 65 66 66 67 67 67 64 65 65 64 65 65 66 64 64
    63 63 64 67 68 67 67 67 66 67 69 68 68 67 63 60 59 57 58 59 59 58 58
    58 59 59 63 66 68 69 70 70 71 71 71 71 70 70 68 67 65 64 64 62 60 60
    59 60 59 60 60 61 61 62 60 61 64 63 65 67 67 67 68 65 65 64 66 65 64
    64 64 62 65 65 65 65 65 67 66 96 12 102 93 107 4 81 67 32 90 98 11 8
    67 42 5 60 1 52 86 100 73 105 32 22 21 0 91 105 17 81 81 66 23 32 18
    49 108 42 105 45 14 67 91 86 69 72 118 108 55 108 70 111 58 112 79
    108 49 103 79 91 54 66 74 48 60 61 61 61 62 63 63 62 62 62 62 63 63
    63 63 62 61 61 62 64 62 63 62 61 62 62 62 63 62 62 61 62 64 65 65 65
    65 66 66 66 67 67 66 65 68 66 67 68 67 67 64 64 63 63 63 63 60 60 59
    59 57 58 61 61 59 58 59 59 60 61 63 62 61 62 61 62 64 65 65 65 65 64
    64 64 67 66 66 64 64 63 63 64 64 65 67 64 63 62 63 64 65 66 65 64 63
    63 63 64 66 66 65 64 63 64 65 67 69 68 67 67 65 67 69 68 68 67 62 60
    58 57 58 59 60 59 58 58 59 60 63 65 66 68 68 68 69 68 69 70 69 68 67
    68 66 65 65 63 60 61 60 60 59 60 60 61 60 61 59 61 64 64 65 67 67 67
    68 65 65 65 67 67 65 65 66 64 66 66 65 66 66 67 66 39 15 0 103 50 35
    18 1 85 18 29 8 81 34 4 56 83 87 114 17 127 52 78 79 14 66 57 0 2 4
    29 69 63 121 26 46 6 110 115 98 92 78 112 93 72 88 3 51 80 85 26 79
    84 37 100 76 85 87 86 15 47 59 85 60 27 60 61 61 62 63 65 64 64 64
    63 63 64 64 64 64 62 62 61 62 63 62 62 61 61 61 61 62 63 61 62 62 62
    64 65 65 63 64 64 64 64 65 65 64 63 66 65 66 67 68 67 64 64 64 63 64
    64 61 61 59 59 58 58 61 61 59 59 59 59 61 62 63 63 61 63 61 62 63 64
    65 65 65 64 64 64 67 67 66 64 64 63 64 65 63 64 66 64 62 61 62 64 63
    64 63 61 62 62 60 62 63 63 62 62 62 62 64 66 68 67 67 67 65 67 68 68
    68 67 63 59 58 58 58 58 59 58 58 57 59 59 63 65 66 67 67 68 70 68 68
    70 68 68 67 67 65 65 66 63 59 60 60 60 60 61 60 61 61 63 60 62 65 66
    66 67 68 68 69 66 66 64 67 65 64 64 65 63 64 65 65 66 66 67 66 46 6
    29 76 82 83 111 68 117 18 60 20 42 121 121 124 111 74 16 34 25 34 18
    38 28 4 53 112 39 77 74 120 23 112 123 109 18 6 127 6 43 16 13 107
    39 13 83 9 126 97 56 109 108 34 70 118 103 71 65 22 48 117 53 33 15
    62 63 64 64 64 65 65 64 64 63 63 64 64 63 63 62 61 62 62 62 62 62 62
    61 61 61 62 62 62 62 63 64 64 65 65 63 64 64 63 64 64 64 62 62 65 64
    65 66 67 66 65 64 63 62 63 64 61 62 61 61 59 60 60 60 59 59 59 58 60
    61 63 62 61 63 62 63 65 65 66 67 67 65 64 64 67 65 66 64 63 61 61 62
    60 62 63 63 61 60 61 62 63 65 62 62 62 62 61 62 64 64 63 63 63 62 64
    67 69 68 68 68 67 68 69 69 69 68 66 63 61 61 61 61 60 60 60 59 60 60
    63 64 65 66 67 68 70 69 69 71 70 70 70 69 68 67 68 65 62 62 61 61 61
    62 61 62 61 63 61 63 66 67 67 68 69 69 69 67 67 66 69 67 66 65 67 64
    65 66 66 66 66 67 65 106 91 86 84 37 82 127 108 99 69 119 39 98 102
    98 47 89 91 5 6 2 44 22 6 10 127 4 54 87 2 79 5 74 24 123 36 72 25
    52 100 100 79 62 121 29 60 15 77 104 110 13 68 18 48 38 18 2 4 28
    125 17 112 114 7 115 62 62 64 63 62 65 64 63 62 60 61 61 61 61 61 61
    61 62 61 62 62 62 62 61 61 62 62 62 62 61 61 63 64 65 65 63 64 63 62
    63 64 64 62 61 64 62 63 65 65 65 64 64 63 63 65 66 63 64 63 63 63 63
    58 58 57 57 57 56 58 59 61 61 61 63 62 62 64 65 65 66 67 64 63 63 65
    63 64 62 61 60 61 61 60 61 63 64 63 62 63 64 65 66 63 63 63 63 62 61
    63 63 61 62 61 61 63 65 67 67 66 67 65 67 69 68 68 67 65 62 61 60 61
    60 59 58 57 57 57 59 61 62 63 63 63 65 67 67 68 70 70 70 70 70 70 70
    69 66 64 65 64 63 62 63 62 63 62 62 61 63 65 65 65 66 66 66 65 64 64
    63 66 64 64 64 65 63 65 66 66 65 65 66 64 7 43 49 126 112 11 86 82
    80 112 88 118 97 62 16 121 117 13 18 103 86 50 106 63 106 18 12 117
    96 102 45 106 40 109 48 41 30 52 63 39 97 60 120 54 40 126 25 22 61
    19 72 6 8 127 55 62 111 10 92 31 63 1 121 70 91 60 61 63 63 62 64 63
    63 62 61 62 62 61 61 61 61 61 61 62 63 62 61 60 61 61 62 62 62 62 61
    61 63 64 65 66 63 64 63 62 63 63 63 62 61 65 64 65 66 66 66 66 66 65
    65 66 67 63 64 62 62 61 61 57 57 55 55 55 55 57 59 61 62 61 63 61 61
    63 64 65 65 66 64 63 62 64 64 65 64 62 61 62 62 61 61 63 63 62 61 62
    63 64 64 62 63 63 63 62 62 64 63 61 61 61 62 64 66 68 69 68 68 66 68
    70 70 69 68 65 63 61 61 62 61 61 59 58 58 58 59 61 63 64 64 63 65 67
    67 68 70 69 69 70 69 68 68 69 66 64 64 62 62 62 63 61 62 60 61 59 61
    62 63 64 65 65 65 65 64 64 64 66 64 65 65 65 62 65 65 64 65 64 65 63
    64 24 53 54 39 52 81 62 47 45 87 117 15 6 101 101 11 88 101 44 3 43
    64 120 88 85 64 121 12 123 109 5 53 107 18 10 77 27 50 25 24 79 110
    12 73 121 9 21 28 8 76 80 96 40 19 93 93 66 16 31 74 124 67 21 84 62
    63 65 65 63 64 63 63 61 61 62 62 62 61 61 61 62 63 64 64 63 62 61 62
    62 62 63 62 63 63 64 65 67 68 68 66 66 66 65 66 66 64 63 62 64 63 64
    64 65 65 65 64 65 64 65 66 63 65 64 64 63 63 56 56 54 53 53 53 56 57
    59 60 60 61 59 59 61 63 63 64 65 64 63 63 66 65 67 66 64 63 64 64 62
    62 63 64 62 61 62 64 65 65 64 65 65 65 64 62 65 64 61 61 61 62 63 65
    67 68 68 68 66 67 70 69 69 67 65 62 60 59 60 60 59 58 58 58 59 60 61
    63 65 65 65 67 69 70 70 71 70 69 70 69 68 67 68 66 63 63 61 60 60 61
    61 61 60 61 59 62 63 63 65 67 67 66 65 65 65 64 65 63 64 64 64 62 64
    65 65 65 64 66 65 127 115 108 116 18 53 60 87 118 25 84 34 77 99 16
    98 40 87 29 33 87 9 1 12 47 111 72 15 78 53 94 94 76 79 80 13 108 31
    59 100 20 69 19 44 17 56 53 105 102 9 79 32 75 15 6 127 41 80 29 121
    13 1 14 44 97 61 62 65 65 63 64 63 63 62 62 65 64 64 63 63 62 63 64
    65 65 64 63 61 62 61 61 61 61 61 61 62 63 65 66 66 64 64 65 64 66 65
    63 62 61 63 61 63 63 64 64 64 64 64 64 65 66 63 64 63 63 61 62 55 55
    54 52 52 52 55 55 57 58 57 59 58 58 61 63 63 64 65 64 64 64 67 66 68
    67 65 64 65 65 63 63 64 64 63 62 62 64 64 64 63 63 63 62 61 61 62 62
    59 60 60 61 63 65 67 68 67 68 66 67 70 69 68 66 65 61 59 58 59 58 57
    57 55 55 56 57 58 61 62 63 63 64 67 68 69 70 69 67 69 68 68 68 69 68
    64 64 62 62 64 66 65 64 63 63 61 63 64 64 65 67 65 64 64 63 63 64 65
    63 64 64 64 62 65 66 66 66 65 67 65 109 80 3 79 23 32 105 84 51 35
    34 59 60 4 122 98 62 75 84 8 35 1 36 96 57 77 14 23 6 108 77 0 1 76
    70 34 50 60 78 96 68 66 101 28 76 33 54 2 54 126 90 115 65 34 25 47
    85 102 103 5 23 6 97 12 68 61 63 65 64 63 63 62 62 61 62 64 63 64 63
    63 62 63 65 66 66 66 64 62 63 62 63 62 61 62 63 63 63 65 67 67 64 63
    63 62 64 63 60 59 59 60 59 60 60 62 63 63 62 63 62 64 65 62 64 63 63
    62 63 58 58 57 55 54 54 56 56 58 60 60 61 60 59 62 63 63 64 65 65 64
    64 66 64 66 65 63 63 65 65 62 63 64 64 64 64 63 64 64 64 62 62 63 61
    61 60 60 59 57 58 58 59 62 64 65 66 65 65 64 65 68 67 66 65 63 60 58
    58 58 57 56 56 54 54 55 56 57 59 61 62 61 63 66 66 67 67 66 65 67 67
    66 65 67 66 62 63 62 63 63 66 64 64 63 63 61 62 63 64 64 66 66 65 64
    64 64 63 65 63 65 64 66 64 66 67 67 67 66 69 67 17 101 25 6 0 67 84
    96 59 16 107 125 100 19 17 113 0 101 9 87 17 78 100 30 31 116 81 125
    126 14 125 63 36 12 38 32 105 68 77 50 38 30 46 37 55 46 28 103 59
    39 97 84 99 51 47 98 8 74 108 44 8 83 43 34 126 62 63 64 64 63 64 62
    64 63 65 66 65 66 64 65 65 66 67 67 67 66 64 62 63 62 62 61 59 60 60
    61 61 63 65 66 63 63 63 63 65 64 61 60 59 61 59 61 61 62 63 63 63 63
    63 65 66 64 64 62 62 62 63 59 59 58 56 55 55 56 57 59 60 61 62 61 61
    63 64 63 64 66 65 65 64 66 65 67 65 65 63 65 65 62 63 63 63 63 63 62
    62 62 62 60 61 61 60 59 57 57 55 53 55 56 58 61 63 64 65 64 64 64 65
    68 67 66 65 62 59 58 58 58 58 56 56 55 55 56 56 56 58 60 61 60 61 65
    65 66 66 65 64 66 65 65 65 67 67 63 63 62 63 63 66 65 65 64 64 62 62
    63 64 65 66 67 65 65 65 65 64 64 64 65 65 66 63 64 65 67 67 67 70 69
    47 10 54 123 11 97 38 13 103 25 13 46 100 21 66 69 91 53 27 19 90 39
    17 114 125 68 98 86 124 19 9 15 104 73 49 9 29 22 2 1 63 53 43 107
    78 109 24 86 85 80 93 94 39 121 30 59 2 56 83 44 82 85 12 119 19 63
    63 64 63 62 62 61 63 61 62 63 63 64 62 63 64 65 65 65 65 64 63 61 62
    60 61 60 58 58 58 60 59 62 64 64 62 63 62 62 64 63 62 61 60 61 60 61
    61 62 62 62 62 63 63 65 65 64 63 63 63 63 64 59 59 57 56 57 57 58 59
    60 62 63 64 63 62 64 64 64 63 64 63 63 63 63 61 63 63 63 62 64 64 62
    63 63 64 64 65 64 63 64 64 61 62 62 60 60 57 58 56 54 55 56 58 61 62
    62 64 62 64 63 64 66 66 64 63 61 60 59 58 59 58 56 57 56 55 57 57 57
    57 59 60 60 60 63 64 65 66 65 65 67 67 66 67 68 68 65 65 63 64 64 67
    66 67 65 65 64 64 65 64 65 66 66 65 64 64 64 64 63 62 64 65 66 64 65
    65 66 65 65 67 67 48 50 71 87 83 100 4 9 69 21 13 48 74 77 18 14 5
    11 54 32 1 25 118 26 71 82 113 18 72 38 23 2 88 80 125 107 52 66 88
    2 106 99 57 121 12 34 49 73 29 53 69 119 56 89 45 48 35 5 83 16 30
    79 96 52 102 63 62 63 62 61 60 59 60 58 59 61 60 61 60 62 63 64 65
    64 65 64 62 61 62 60 61 60 57 58 58 60 59 62 64 65 63 63 62 62 64 64
    62 62 61 61 60 60 61 62 62 63 63 63 63 65 66 65 65 65 65 65 66 59 59
    56 56 56 57 58 58 59 61 62 63 61 61 63 64 63 63 64 64 65 64 64 63 65
    65 64 63 64 64 62 63 63 63 64 65 64 63 64 64 62 63 62 60 60 58 58 55
    53 54 55 57 60 60 61 63 61 62 61 62 65 65 64 63 61 60 59 59 59 59 58
    58 57 56 56 55 55 55 57 57 56 56 59 60 62 63 63 63 65 65 66 66 68 68
    65 65 64 64 64 67 66 67 65 65 65 66 66 66 66 68 67 66 65 65 64 64 63
    62 63 64 65 63 64 64 65 65 66 67 66 127 112 70 120 31 113 61 90 65
    67 53 61 86 70 74 48 31 16 59 115 79 7 127 5 86 71 29 77 42 68 85 58
    0 46 111 52 103 115 47 27 114 88 72 71 114 61 119 66 35 52 25 14 42
    97 8 28 28 14 106 46 64 108 49 62 15 64 63 64 62 60 60 59 61 59 60
    61 61 62 61 63 63 65 66 65 64 64 62 60 61 59 60 59 57 57 58 60 60 63
    66 66 64 64 64 63 66 65 64 64 62 62 61 61 61 62 62 63 63 63 64 64 65
    65 64 64 65 65 66 58 58 56 55 56 57 57 57 57 60 61 63 61 62 64 65 64
    64 66 65 67 65 65 64 66 65 65 63 64 64 61 63 62 63 64 65 64 64 64 64
    63 65 64 62 62 59 60 57 55 56 57 58 60 60 62 63 62 63 63 63 65 66 64
    63 62 62 61 60 60 59 58 59 58 56 57 56 56 55 56 56 55 56 58 59 61 63
    63 61 64 64 65 66 67 67 65 65 63 62 63 67 66 66 64 63 63 65 64 63 64
    66 66 65 63 64 64 64 63 62 63 65 66 65 65 65 66 66 66 68 67 41 61 13
    99 31 26 37 20 96 46 9 20 124 15 19 83 126 63 127 115 19 16 106 6 92
    89 58 53 109 12 101 31 25 42 127 68 3 127 9 44 50 124 119 113 17 33
    1 107 73 104 48 84 47 96 115 80 15 2 54 105 118 55 74 118 21 63 62
    62 62 60 60 59 61 60 60 62 61 62 62 64 64 64 65 63 63 62 60 59 60 58
    60 58 56 57 58 60 60 62 64 64 63 62 62 61 63 63 61 62 61 60 60 60 60
    61 60 61 62 62 64 64 65 65 65 65 67 67 68 56 56 54 55 56 56 57 57 58
    60 61 62 60 61 62 63 62 61 64 63 64 63 63 62 65 64 64 63 63 63 61 62
    61 62 64 66 65 64 65 64 63 64 63 61 61 59 59 55 53 54 55 58 59 59 61
    63 63 64 63 64 65 67 66 65 63 63 62 62 61 59 58 59 59 57 56 56 56 56
    57 57 56 57 59 60 62 62 63 60 63 63 64 65 67 67 66 65 64 63 64 67 66
    67 64 64 64 64 64 63 63 66 66 65 63 64 65 64 63 62 64 65 66 64 66 66
    67 65 65 67 66 38 27 92 127 48 65 113 62 61 91 115 71 70 37 118 48
    94 78 88 119 72 125 93 93 88 43 95 35 16 28 126 16 53 61 4 116 43 35
    95 35 107 12 56 13 12 27 59 6 104 68 15 32 93 94 79 63 16 102 71 112
    93 89 24 17 90 63 62 62 61 59 58 58 59 58 59 60 60 62 62 64 64 65 65
    64 64 64 61 60 61 59 60 58 57 58 58 61 60 62 64 65 64 64 63 64 65 64
    63 64 63 63 62 62 60 61 62 61 62 63 65 64 65 65 66 66 68 68 68 56 56
    54 55 56 56 57 58 60 62 63 63 61 62 63 64 62 62 64 63 65 63 63 62 65
    64 64 62 63 64 62 63 61 62 63 66 64 64 65 64 63 64 63 61 62 60 60 57
    56 58 58 61 62 61 63 65 64 65 64 65 66 66 66 65 64 65 64 62 62 60 60
    60 59 58 56 57 56 55 56 56 56 57 59 60 62 63 64 62 64 65 65 66 67 68
    67 65 64 62 63 66 65 65 63 62 63 63 63 62 62 65 64 63 61 63 63 63 62
    61 63 65 66 65 66 66 67 65 65 67 67 112 109 98 33 98 112 80 85 29 22
    56 37 78 32 28 0 49 48 50 41 90 59 63 94 51 66 32 18 8 29 36 10 6 37
    79 79 48 121 9 70 104 81 69 38 18 16 101 48 59 83 53 52 28 39 14 78
    89 13 51 42 43 118 69 98 31 64 62 62 61 61 60 59 62 60 60 61 59 61
    62 63 62 63 64 63 63 61 59 58 60 58 60 58 57 58 58 59 59 62 64 65 65
    65 64 64 65 65 64 66 65 63 62 62 60 61 62 61 62 63 65 64 65 66 66 66
    68 68 68 58 58 56 56 57 58 59 60 60 64 64 64 62 63 63 64 62 61 63 64
    65 64 63 62 65 64 65 63 65 66 64 64 62 62 63 66 65 64 65 64 64 64 63
    61 62 61 60 58 56 58 59 61 61 61 62 64 62 63 62 63 64 64 64 63 62 62
    61 59 60 58 59 59 59 58 56 56 55 55 57 56 56 57 59 60 62 62 62 60 63
    63 63 65 66 67 65 63 63 62 62 66 66 65 63 62 63 63 62 62 62 64 63 62
    60 61 62 63 60 60 62 65 64 64 66 66 67 65 65 67 67 5 31 29 46 92 23
    12 35 88 62 89 29 75 123 56 98 41 60 114 124 66 89 12 111 29 2 34 83
    108 15 20 107 81 23 16 46 46 127 10 80 79 114 107 10 42 83 67 13 8
    78 109 21 97 65 72 83 99 99 111 117 48 73 104 92 49 65 63 62 61 61
    60 60 64 62 63 64 63 64 65 66 65 64 64 63 63 61 59 58 59 57 59 57 57
    57 58 61 59 62 65 66 66 67 65 66 67 68 66 67 67 65 63 63 61 61 62 61
    61 60 63 61 63 64 66 66 69 67 67 59 59 57 58 58 60 60 62 63 67 66 67
    64 65 65 66 64 63 65 65 67 66 66 65 69 68 68 66 67 68 67 66 64 62 63
    66 64 63 64 63 64 63 62 60 62 61 62 59 58 59 60 62 62 62 63 65 63 63
    62 62 62 63 62 61 61 62 60 59 60 59 60 61 61 61 60 59 58 57 60 59 58
    60 61 61 62 62 62 60 62 63 63 64 66 66 65 63 63 63 64 67 66 66 63 62
    63 63 62 61 62 64 63 62 61 62 64 64 62 62 64 67 65 65 66 66 68 66 65
    67 68 44 54 8 42 17 18 90 103 108 36 114 113 99 58 124 58 70 104 115
    58 85 74 19 56 91 67 111 79 29 97 42 19 4 45 54 59 48 23 29 0 15 111
    40 2 19 39 112 17 35 69 103 71 98 84 121 91 10 60 86 116 98 107 118
    4 89 64 62 60 59 60 59 60 64 62 63 64 63 64 65 66 64 63 64 62 61 61
    59 58 59 58 60 59 59 59 60 63 62 64 67 67 68 68 66 67 68 69 67 68 67
    66 63 63 61 61 62 61 62 61 63 61 63 64 66 66 69 67 67 60 60 58 60 60
    61 61 62 64 67 67 68 65 65 64 64 64 62 65 65 66 65 64 63 67 67 67 64
    65 67 66 65 63 62 64 66 64 62 63 63 63 62 62 61 62 61 61 58 58 60 60
    62 61 61 62 63 62 62 62 62 60 60 60 59 59 61 59 58 59 58 59 61 62 62
    61 61 61 59 60 60 58 61 62 61 62 63 63 60 62 64 64 66 67 67 65 64 64
    64 65 68 68 67 64 63 65 65 65 64 64 66 65 64 63 63 65 65 64 64 64 67
    66 66 66 67 68 67 66 68 67 70 82 54 96 103 72 16 60 86 76 103 28 117
    56 73 47 15 65 89 34 74 77 76 21 98 108 4 96 14 32 119 40 126 10 59
    36 18 16 83 97 60 15 39 39 83 120 11 97 66 89 21 53 35 89 9 108 110
    120 31 50 90 14 90 18 36 64 62 61 60 60 60 61 65 63 63 63 64 64 63
    65 63 62 62 59 59 59 58 57 57 57 59 58 58 58 59 62 61 63 65 66 67 66
    65 66 67 68 67 68 67 66 64 64 63 63 64 63 63 61 64 62 64 65 66 65 68
    66 66 60 60 58 60 60 61 61 63 64 68 68 69 66 66 66 66 65 65 68 67 68
    67 66 64 67 67 67 65 66 67 66 65 64 62 64 66 64 62 62 62 62 61 61 60
    62 61 60 58 58 61 61 63 62 63 63 63 61 62 61 62 60 60 60 59 58 59 58
    57 59 58 59 60 62 61 59 59 60 58 59 60 58 59 60 59 60 61 62 60 62 64
    64 66 67 67 66 65 66 65 66 69 68 67 64 63 64 64 65 65 64 66 64 64 63
    64 65 65 65 64 64 67 65 65 65 66 67 66 65 67 67 71 20 57 115 3 48 82
    63 94 97 113 14 27 74 107 77 12 101 50 77 111 127 46 70 126 86 74 30
    78 84 11 62 43 20 30 113 117 97 107 62 19 84 17 10 86 30 23 13 120
    106 47 64 89 106 17 121 81 55 15 21 80 90 3 100 77 65 63 61 60 60 60
    61 64 62 61 61 61 61 61 62 61 61 61 59 59 59 58 58 57 58 60 60 59 59
    60 63 62 63 66 66 68 67 65 65 66 67 66 67 67 66 64 65 64 63 65 64 64
    61 64 62 63 64 65 65 67 65 65 61 61 59 62 62 63 63 65 66 69 70 70 67
    67 66 65 65 65 68 67 68 66 65 64 67 67 68 66 66 66 65 65 63 62 64 65
    64 61 62 62 62 62 62 61 62 61 60 58 58 61 61 62 62 61 62 62 61 61 60
    62 60 60 60 59 59 61 60 59 61 60 60 61 64 62 61 61 61 58 60 60 58 59
    61 60 61 61 63 61 63 65 65 66 66 65 64 64 65 64 64 67 67 66 64 63 64
    65 66 65 65 66 65 65 63 64 65 65 65 65 65 68 66 67 67 67 69 67 67 67
    67 56 75 79 52 68 10 47 1 108 36 100 87 100 49 107 13 69 115 122 35
    62 13 49 82 69 52 79 36 27 110 74 45 60 45 45 62 122 119 22 6 20 34
    20 101 22 123 119 41 28 126 101 38 21 97 82 17 82 61 41 106 57 56 3
    1 122 64 62 61 60 60 60 60 64 62 62 62 62 62 62 63 62 62 61 59 59 59
    58 58 57 57 60 61 60 60 61 64 62 64 66 66 69 68 66 64 65 66 65 66 65
    65 64 63 62 62 63 63 64 62 64 63 64 64 66 66 68 67 67 60 60 58 60 61
    62 63 65 66 69 70 71 68 67 66 66 66 65 68 66 67 65 64 63 67 66 67 64
    64 65 64 64 62 62 64 65 63 61 62 63 64 63 64 62 63 62 62 60 61 64 64
    66 64 64 65 65 62 63 61 63 61 61 61 59 59 61 59 59 61 61 62 63 65 64
    62 63 63 60 61 61 59 61 61 62 62 63 65 62 63 66 66 67 66 66 65 64 65
    63 64 67 66 65 63 62 63 64 66 65 64 66 65 65 64 65 66 67 67 67 67 69
    68 68 68 67 68 67 66 66 66 121 54 13 18 84 112 18 74 106 87 44 105
    72 74 24 111 106 89 99 91 46 7 120 57 58 35 12 9 80 107 26 81 92 33
    53 37 15 65 21 64 92 11 116 7 32 0 108 37 83 82 126 74 29 89 46 99
    102 0 43 76 54 103 29 100 16 64 62 61 60 59 58 58 61 59 59 60 60 59
    60 60 59 59 59 58 59 59 59 58 56 57 58 60 60 60 62 64 62 63 64 66 69
    68 65 64 65 65 65 65 65 64 62 62 61 60 63 63 63 61 62 62 63 64 67 67
    69 67 66 58 58 57 58 59 61 61 64 65 68 68 68 65 65 65 65 65 64 66 65
    66 65 64 64 68 68 68 65 64 66 64 64 63 62 64 64 63 61 62 63 64 64 65
    64 65 64 64 63 63 65 65 66 64 64 64 65 63 63 61 62 61 61 61 60 61 62
    61 60 63 62 64 64 67 65 64 64 65 62 63 63 61 63 63 63 63 64 65 63 63
    66 68 68 67 65 64 64 66 65 65 67 66 65 62 61 62 63 65 64 63 64 62 62
    62 63 63 65 65 64 64 66 65 66 67 67 67 66 66 65 65 73 120 11 73 43
    114 28 15 79 127 3 108 36 84 40 29 99 9 92 103 58 30 125 112 4 14 52
    77 113 76 50 5 45 108 87 108 4 69 15 29 51 16 118 125 127 5 59 11 63
    68 93 85 126 73 15 120 84 54 124 55 98 123 66 8 49 63 61 60 60 58 58
    57 60 59 59 59 59 58 59 59 58 58 59 59 60 60 59 59 58 58 59 60 61 61
    62 64 62 63 64 66 69 68 66 65 65 65 65 66 65 64 63 62 60 60 63 63 64
    61 63 61 64 65 68 68 70 67 67 62 62 61 62 61 63 63 65 66 69 68 67 64
    65 65 64 64 64 66 65 66 65 65 64 68 68 67 65 64 66 63 63 61 60 61 62
    61 59 61 61 63 62 64 63 64 64 64 62 62 64 64 67 65 64 64 65 63 63 62
    64 62 63 63 62 62 63 62 62 64 64 65 64 67 66 63 63 64 62 63 63 62 64
    65 65 64 64 66 65 65 67 68 67 67 64 63 63 65 65 66 66 65 65 62 62 62
    63 66 65 64 65 63 64 64 64 65 66 66 65 65 67 65 66 67 67 67 66 65 65
    65 10 40 126 46 2 38 33 103 7 47 104 34 116 77 125 23 91 112 67 39
    89 26 20 85 105 33 38 68 24 112 69 98 99 70 46 119 53 80 84 84 102
    37 18 28 47 115 12 120 26 5 114 42 64 60 14 71 31 104 22 18 51 35
    126 108 18 62 60 59 59 58 58 58 60 58 58 59 59 58 59 59 59 60 60 60
    62 62 61 61 60 61 60 61 61 61 62 64 62 63 63 65 67 67 66 64 64 64 65
    65 64 64 63 62 60 61 62 63 64 62 63 61 63 64 67 66 68 65 65 62 62 62
    62 61 63 63 64 66 68 67 67 65 64 63 63 63 63 65 64 65 64 64 63 67 68
    67 66 65 66 63 62 61 60 61 61 60 57 58 58 61 60 63 63 64 64 64 63 63
    66 66 68 66 64 64 66 63 64 63 65 63 63 64 63 63 64 64 62 66 65 65 64
    67 66 64 64 64 63 64 65 64 67 68 67 67 66 68 67 68 70 69 68 67 64 63
    63 64 64 64 65 63 63 61 61 61 61 63 63 63 63 61 62 62 62 64 65 65 64
    64 66 64 65 67 66 66 66 64 64 65 51 44 54 124 90 101 31 33 10 82 82
    37 31 103 91 24 3 47 106 11 69 101 125 52 124 38 56 91 79 13 122 23
    43 50 125 105 99 117 68 83 109 19 86 109 59 120 114 113 63 43 89 40
    32 55 94 92 4 2 124 67 127 122 3 29 43 60 59 59 60 59 59 58 60 58 58
    59 60 58 59 59 59 60 60 60 62 62 61 61 60 60 60 61 60 60 61 63 60 61
    61 63 65 65 64 62 62 62 62 63 62 63 61 61 60 61 63 64 65 63 64 63 65
    65 67 67 68 64 64 60 60 60 60 60 62 63 65 66 68 68 67 64 64 64 64 64
    64 65 64 65 65 65 65 69 69 68 67 67 67 65 64 62 61 63 62 61 59 61 59
    61 61 63 62 63 63 62 62 61 63 63 65 63 62 63 63 61 61 61 63 62 63 65
    65 65 65 65 63 67 66 65 64 67 66 63 62 63 63 63 65 64 68 70 69 69 66
    68 68 68 69 70 68 67 64 62 63 64 64 65 64 63 62 60 60 60 61 63 63 63
    64 62 64 64 65 65 66 66 65 65 66 63 64 65 65 65 64 63 63 64 46 74 33
    2 84 73 39 3 86 64 29 68 127 109 90 29 86 23 46 95 65 96 70 3 113 75
    100 88 63 34 19 73 113 112 90 57 50 57 97 70 1 7 9 101 53 71 64 10
    93 91 44 126 102 92 26 9 11 18 88 66 19 60 121 121 52 61 61 60 61 60
    59 58 59 57 57 59 59 57 57 57 58 59 59 60 62 63 63 63 61 62 61 62 62
    61 62 63 61 62 63 64 65 66 65 63 63 63 64 64 64 65 62 62 62 62 64 65
    66 63 63 63 64 62 65 65 65 61 61 60 60 60 59 59 61 63 64 66 67 68 66
    63 63 63 63 64 64 64 63 63 64 64 64 68 68 66 66 65 65 63 63 62 62 63
    62 61 59 61 60 61 61 63 62 63 63 62 62 61 63 62 65 63 62 63 63 61 61
    61 63 63 64 65 65 66 65 64 63 67 67 65 65 67 66 64 63 63 62 63 64 63
    67 69 68 68 66 67 68 68 69 69 67 66 63 60 61 62 62 63 62 61 59 58 59
    59 59 62 61 62 62 62 63 63 64 64 65 64 64 64 65 62 63 63 63 64 63 63
    63 64 48 37 52 84 105 9 110 118 91 36 15 59 104 85 4 106 45 121 66
    32 47 23 13 30 99 68 116 75 126 52 49 20 21 25 24 53 25 123 52 24 59
    125 1 69 118 56 26 87 52 52 34 85 46 58 74 81 15 20 103 72 123 58 79
    41 66 62 62 61 62 60 60 59 61 57 58 59 60 57 57 57 58 60 59 60 61 62
    62 62 61 61 61 62 62 60 62 62 61 62 63 65 66 66 65 63 63 63 63 64 64
    64 62 61 61 60 63 64 65 63 63 63 64 62 65 65 65 62 63 61 61 62 61 62
    63 64 65 66 66 67 65 63 63 64 63 64 64 64 63 63 64 64 64 68 68 66 66
    65 64 63 62 62 62 63 62 61 58 61 60 62 61 63 62 63 62 61 61 60 62 60
    63 61 61 62 63 61 61 61 62 62 64 64 63 64 63 63 62 66 65 63 64 67 66
    65 64 64 64 65 65 64 67 69 67 66 65 66 66 66 68 67 65 64 61 59 60 61
    62 61 60 58 57 56 57 57 58 61 61 61 61 61 63 63 63 63 64 65 63 63 63
    61 61 62 62 62 62 61 62 62 109 118 87 11 55 31 123 108 22 40 24 123
    94 103 45 62 73 22 96 34 93 40 65 108 43 40 22 107 127 59 118 106 23
    61 12 72 36 123 28 69 48 67 66 75 24 9 25 51 64 18 99 37 93 95 108
    20 36 108 64 110 18 6 82 22 26 60 60 59 60 57 57 56 57 55 56 58 59
    57 56 57 58 60 59 60 62 62 62 62 61 60 60 61 61 59 61 62 60 60 61 63
    64 65 65 63 62 63 62 63 64 65 63 61 61 61 62 64 64 62 63 62 63 60 62
    63 63 60 61 62 62 63 61 62 63 64 65 65 65 66 63 61 62 63 62 64 64 65
    64 64 65 65 67 70 70 68 68 66 65 63 62 62 61 63 62 61 58 61 60 61 62
    62 61 63 62 62 62 61 64 63 64 63 62 63 64 62 62 62 63 62 64 64 63 64
    64 63 63 65 65 63 64 66 66 65 64 64 64 65 65 64 67 69 67 66 64 65 66
    66 68 67 65 64 61 60 61 63 63 62 61 59 57 57 58 58 58 60 59 59 60 60
    62 63 63 63 63 64 63 63 63 61 62 62 61 61 61 60 61 61 36 17 20 52
    126 50 92 59 83 89 62 42 6 112 73 45 21 60 70 104 70 37 98 86 44 95
    28 108 60 0 35 63 126 41 102 106 3 54 18 73 26 22 8 54 109 116 63 82
    53 23 94 97 107 57 115 14 124 97 121 120 14 36 29 3 77 60 59 58 59
    56 55 54 55 53 53 55 56 54 54 55 56 59 58 60 61 61 63 63 62 62 61 63
    62 60 62 62 61 61 60 62 63 63 64 61 61 61 61 63 63 65 64 62 62 63 64
    65 66 64 65 64 64 61 63 63 64 61 62 63 63 65 63 63 64 65 66 67 66 67
    64 63 64 63 62 64 63 63 62 63 64 64 66 68 67 66 66 65 64 61 62 61 61
    62 61 60 58 61 61 62 63 65 63 65 63 63 63 62 65 63 64 63 62 64 64 63
    63 62 63 63 64 65 65 64 64 63 63 65 65 63 64 67 66 65 63 64 65 65 66
    65 67 69 67 66 64 66 66 66 66 65 63 62 61 58 60 61 61 60 59 58 57 57
    57 57 57 60 58 58 58 59 61 62 61 60 61 62 61 61 61 60 61 61 60 59 59
    60 61 60 19 76 62 88 31 45 111 50 124 116 47 14 110 104 40 53 33 104
    107 55 77 112 62 0 120 64 42 26 39 79 43 72 32 67 106 26 39 5 78 61
    57 96 66 105 71 61 103 101 12 60 124 118 19 24 97 38 120 39 82 6 18
    35 102 64 27 60 60 60 62 58 57 56 55 53 54 55 56 55 55 54 55 59 58
    59 60 60 62 62 61 60 59 61 61 59 61 61 60 61 60 62 63 64 64 62 61 60
    59 61 61 62 62 60 61 61 62 63 63 63 65 64 63 61 61 61 62 60 60 64 64
    64 63 63 63 65 66 67 66 67 63 62 63 65 63 65 64 64 63 64 66 66 67 69
    68 67 67 65 64 62 62 61 60 61 61 60 58 60 61 63 64 66 64 66 65 64 64
    64 66 65 66 64 63 64 65 63 62 62 63 63 65 64 65 65 65 64 64 66 67 65
    64 67 66 64 63 63 64 64 65 64 67 68 67 65 63 65 64 64 65 64 62 61 59
    58 60 62 62 61 60 59 58 59 59 58 58 60 58 57 57 59 61 62 61 59 59 60
    59 59 58 59 59 59 57 58 57 58 59 59 37 41 73 37 33 112 121 2 103 13
    126 68 47 60 91 57 44 102 115 82 0 106 74 40 25 39 118 60 22 116 25
    57 84 117 115 101 105 120 110 69 12 72 75 79 92 0 99 117 74 126 87
    126 5 56 108 124 41 123 62 78 41 1 117 101 47 60 59 60 61 58 56 55
    54 53 54 55 55 55 56 56 57 59 59 60 61 62 63 64 63 62 60 61 61 60 63
    62 62 62 61 63 63 64 65 63 62 61 60 62 63 63 63 61 61 62 63 64 64 64
    65 64 63 60 61 62 63 61 61 67 67 69 67 66 65 68 68 69 66 66 62 62 63
    64 64 65 64 63 63 64 66 66 68 69 68 67 66 64 63 62 61 59 59 60 59 59
    57 59 61 62 64 65 64 66 65 65 64 63 66 65 66 65 63 64 66 64 63 63 65
    65 66 66 66 66 66 66 66 67 67 66 64 66 65 64 62 62 63 63 63 63 66 68
    67 66 64 65 65 66 66 65 63 63 61 59 61 63 64 62 61 60 59 60 60 59 58
    60 58 57 56 58 59 60 59 58 58 59 58 57 58 59 59 60 58 58 58 58 59 58
    103 7 63 96 74 113 19 46 6 64 61 110 56 12 84 109 14 69 103 72 42 54
    53 115 76 38 96 122 28 40 28 116 106 40 76 16 121 20 78 90 12 105 62
    47 38 16 49 73 104 45 120 121 56 33 83 112 116 68 70 109 87 54 125
    50 68 59 58 59 60 58 56 54 53 52 53 55 55 55 56 57 58 60 60 61 63 64
    65 65 65 64 62 62 62 61 64 64 63 63 63 64 65 66 67 65 64 62 61 62 63
    64 63 61 61 61 62 63 64 64 66 66 65 62 62 63 65 63 62 67 67 69 66 65
    64 66 67 67 65 65 61 61 63 63 63 64 63 62 62 63 66 65 67 69 67 66 65
    64 63 63 62 61 60 61 61 61 59 61 62 64 64 66 65 66 66 65 64 64 65 65
    66 65 64 65 66 65 64 64 66 65 67 68 68 68 67 66 67 67 67 66 65 66 66
    64 62 63 64 64 64 64 68 68 67 67 65 66 66 66 66 66 64 64 62 61 63 64
    65 63 62 60 60 60 59 60 59 60 58 57 57 59 60 61 60 59 58 58 57 56 57
    56 57 57 57 57 57 57 59 59 28 72 30 104 56 21 70 41 120 57 44 26 44
    20 34 90 6 33 14 57 90 67 1 26 66 22 100 78 0 47 45 25 33 54 39 118
    91 1 124 47 16 82 35 91 85 126 111 106 18 56 47 45 53 53 80 92 79 34
    63 96 66 19 50 54 108 58 58 58 59 58 56 54 53 52 53 54 54 55 57 58
    59 60 60 62 63 64 65 65 66 63 60 61 60 60 62 61 61 61 61 62 62 64 65
    64 64 62 62 64 64 65 64 62 62 64 63 64 64 65 66 65 65 62 63 64 64 63
    63 67 67 70 68 67 65 68 68 68 65 65 61 61 63 63 62 63 62 61 62 63 65
    65 68 70 69 67 66 65 64 64 62 61 60 61 62 61 59 61 63 64 65 65 65 67
    66 66 64 63 64 64 65 65 64 66 67 66 65 65 67 66 69 69 69 69 67 66 67
    67 66 65 63 64 64 62 60 61 63 64 63 64 67 67 66 67 64 65 65 66 65 64
    63 63 62 62 64 65 67 64 64 62 62 62 62 61 60 61 59 58 57 58 59 58 57
    57 56 55 55 53 53 53 54 55 55 56 56 56 58 58 61 25 18 23 108 64 25
    88 62 43 7 102 28 118 98 107 57 93 42 117 109 90 2 52 114 56 1 64
    119 67 121 0 27 5 123 43 35 18 47 76 101 47 38 104 50 96 63 65 10
    101 43 47 108 15 32 109 62 103 36 68 42 54 110 81 26 58 57 58 60 59
    58 56 56 55 55 56 56 57 58 60 61 62 62 63 63 65 65 66 67 65 63 62 62
    61 63 63 63 63 63 64 64 64 65 64 65 64 63 65 66 67 67 65 65 66 65 66
    66 67 68 66 65 62 62 63 64 63 63 68 68 71 69 69 67 70 69 70 68 68 65
    64 65 64 63 63 63 61 62 63 65 64 66 67 67 65 65 64 63 64 62 60 59 60
    61 60 58 60 61 61 62 62 62 64 65 63 62 62 63 63 64 64 64 66 66 66 65
    65 67 66 68 67 68 68 67 65 66 66 64 63 61 62 62 61 59 60 62 63 63 62
    66 66 66 67 64 65 65 67 66 64 63 63 62 62 64 65 66 63 63 61 61 61 61
    61 59 60 57 57 56 59 59 59 58 58 56 55 56 55 55 55 55 56 56 57 57 57
    59 60 51 23 126 10 38 33 98 94 62 92 46 87 82 4 123 69 79 93 50 30
    109 18 99 27 90 31 31 81 119 74 66 12 93 70 87 57 120 37 10 32 40 75
    37 89 70 92 19 115 85 92 34 8 30 54 15 32 111 85 102 13 31 65 17 116
    124 59 60 60 62 61 59 58 58 58 58 59 58 60 61 63 63 65 65 65 64 66
    66 67 67 65 64 64 63 62 65 64 65 64 65 65 65 66 66 64 65 64 63 65 66
    68 67 67 66 66 65 66 66 66 67 65 64 61 61 61 62 62 62 68 68 70 69 70
    68 70 70 71 69 69 66 65 67 66 64 64 64 63 65 66 67 66 68 69 68 66 66
    65 63 64 61 60 59 60 61 61 58 60 61 61 62 62 62 64 64 63 62 62 64 64
    64 65 65 67 67 67 66 67 67 66 67 66 66 66 65 63 65 65 63 61 61 61 62
    62 60 61 62 63 63 62 65 65 65 66 64 64 64 66 65 63 62 63 62 62 64 65
    65 63 63 61 62 62 61 61 59 60 57 56 56 58 58 58 56 56 54 54 55 54 54
    54 53 54 55 56 56 57 60 60 73 1 54 42 12 7 39 53 90 96 66 44 8 64 92
    27 25 91 69 28 107 95 86 0 61 103 1 46 102 5 4 46 113 9 35 75 107 91
    120 36 41 49 17 9 18 12 81 21 18 7 46 26 23 7 34 20 52 67 79 54 61
    79 104 122 86 60 62 63 64 63 61 61 62 61 61 60 60 62 63 64 64 64 64
    64 64 65 65 66 66 64 63 64 62 62 65 64 65 64 65 65 66 66 66 65 65 65
    63 65 65 67 66 66 66 65 64 65 65 65 66 65 64 61 60 61 61 62 62 67 67
    70 68 70 68 69 70 71 69 69 65 65 67 66 65 64 64 63 64 64 65 65 67 68
    67 66 66 64 63 64 62 60 59 61 61 61 59 61 62 62 63 62 63 65 64 63 62
    63 64 63 64 66 66 68 67 66 66 66 67 65 67 65 65 64 64 62 64 64 62 60
    59 61 61 62 60 60 61 62 61 61 64 65 66 65 65 64 64 66 64 64 64 65 64
    64 65 67 67 66 66 64 64 64 63 63 62 63 60 58 59 60 60 61 59 58 57 57
    57 56 55 56 55 56 56 57 57 57 60 60 109 61 12 81 25 72 7 53 44 59 55
    73 18 89 23 55 110 24 127 38 114 92 105 38 27 123 110 57 25 38 108
    13 37 103 82 90 72 111 108 75 117 19 51 92 116 16 65 102 76 111 87
    115 49 108 35 6 124 113 83 23 59 57 29 70 3 61 62 62 63 62 60 61 61
    61 61 60 60 62 63 64 64 65 65 65 64 66 66 66 66 63 63 64 64 64 66 65
    67 66 68 68 68 68 68 66 67 65 64 65 64 65 64 64 63 63 62 63 62 63 63
    63 63 61 60 61 62 63 62 67 67 69 69 70 68 69 69 70 68 69 66 66 67 66
    64 62 62 62 63 63 65 64 67 67 66 64 64 63 63 63 61 60 59 60 60 60 59
    61 64 64 64 64 65 67 66 66 65 65 66 66 66 69 68 69 68 67 67 67 68 66
    67 65 64 63 64 62 65 65 63 61 60 61 62 64 63 62 62 64 63 62 64 65 66
    66 66 65 65 67 66 65 66 66 66 66 67 68 68 67 68 66 67 67 66 66 65 66
    63 61 61 61 60 61 58 58 56 57 58 56 55 56 55 57 57 58 58 58 60 61
    125 94 77 37 86 94 22 32 99 87 7 101 122 113 61 113 76 61 70 51 6
    125 40 31 89 115 87 124 105 120 37 24 29 3 67 93 84 29 100 51 3 86
    51 125 90 92 5 40 22 69 119 6 38 0 57 88 117 124 21 2 18 2 29 78 90
    59 61 61 61 61 59 60 62 62 63 63 62 65 66 67 67 67 68 67 66 68 67 67
    66 64 64 64 64 65 68 68 68 67 69 70 70 69 68 68 68 66 64 65 64 64 63
    63 62 62 62 62 61 62 62 62 62 60 59 60 61 62 62 69 69 71 71 73 70 71
    71 71 69 70 66 67 67 66 65 62 62 63 63 64 65 64 67 67 68 66 65 65 64
    64 62 61 60 62 61 62 60 62 65 66 66 67 67 70 69 69 67 68 69 70 69 70
    69 69 68 68 68 67 68 67 66 64 63 62 65 62 65 64 62 62 60 62 62 64 63
    63 62 64 64 63 65 66 68 67 67 65 67 68 66 65 66 66 66 66 67 68 68 67
    67 66 67 68 67 67 65 65 63 60 60 61 61 62 59 59 57 57 58 57 56 57 56
    58 57 58 58 58 60 60 120 55 32 28 30 8 99 120 9 101 70 39 46 98 24
    103 51 66 36 117 43 21 11 97 45 18 81 25 90 124 92 70 99 41 6 103 7
    60 114 69 111 44 0 39 24 51 121 77 34 80 14 48 114 50 88 126 101 35
    60 65 6 43 32 44 93 58 60 60 61 61 60 61 62 64 64 65 64 67 69 69 69
    69 70 69 69 70 69 68 67 65 64 64 64 65 66 67 67 65 68 68 69 68 67 66
    67 67 65 65 64 64 63 62 62 63 61 62 60 61 61 61 61 61 60 61 61 62 62
    67 67 70 69 71 68 69 68 68 67 67 64 66 65 63 63 60 60 60 62 62 63 63
    65 64 66 65 64 64 63 63 61 60 59 61 61 62 60 62 65 65 67 68 68 71 71
    69 68 69 70 71 70 71 70 69 69 67 67 67 69 66 66 64 64 64 65 63 65 65
    63 63 61 62 63 64 62 62 62 64 64 65 67 68 70 69 69 67 68 69 67 67 68
    67 67 67 69 69 70 70 70 68 71 71 69 69 67 67 64 62 61 62 62 63 60 60
    58 58 59 59 57 59 58 59 58 58 58 58 59 60 0 101 123 114 123 94 81 48
    31 69 51 8 71 72 83 96 61 75 65 68 123 47 68 58 120 52 41 99 47 16
    112 103 124 98 88 73 79 29 14 35 113 77 70 39 116 16 127 97 12 85
    122 54 5 46 42 92 68 63 55 26 98 116 109 83 8 57 59 59 61 61 59 61
    62 64 64 65 65 68 69 70 70 70 71 70 70 72 70 70 69 67 65 65 63 65 66
    66 67 65 68 67 67 66 65 66 67 66 64 63 62 62 61 61 61 62 62 62 61 61
    62 62 63 62 62 63 63 64 63 66 66 69 68 70 68 68 67 68 67 67 65 65 64
    61 61 58 60 59 61 59 61 61 62 62 64 63 62 61 60 61 60 59 58 61 61 62
    61 64 67 67 70 70 71 72 73 70 69 69 70 70 69 70 69 69 67 66 66 67 68
    66 65 64 63 62 63 62 64 64 62 61 59 61 61 62 61 61 62 63 63 63 66 67
    69 68 69 67 68 69 67 66 67 67 66 66 67 68 68 68 69 68 71 72 71 70 68
    69 66 63 63 63 63 62 59 59 57 58 59 58 57 58 56 58 58 58 59 59 59 60
    94 44 38 90 114 61 105 125 80 70 94 48 54 93 76 33 85 120 107 21 108
    126 66 27 52 62 82 30 32 10 77 98 119 120 101 97 31 87 86 125 66 37
    113 60 56 89 60 46 8 110 17 53 41 109 10 3 40 87 125 10 15 113 58
    105 62 57 60 60 62 63 61 63 64 65 65 66 66 70 71 72 71 71 72 71 72
    73 72 71 70 68 66 65 64 65 65 65 66 65 68 68 67 67 66 67 67 66 64 63
    62 62 61 61 61 62 62 62 62 63 63 63 64 63 62 62 63 63 63 66 66 69 68
    70 68 67 68 68 65 66 64 64 63 61 61 58 59 60 60 59 61 60 62 62 65 64
    62 62 60 61 60 60 59 62 62 63 62 63 66 66 69 69 70 71 72 69 68 69 69
    70 70 72 71 70 69 68 67 68 69 67 66 64 63 62 63 62 63 64 62 60 58 60
    60 62 62 61 61 62 62 62 65 68 68 68 69 66 68 68 66 66 66 66 65 64 64
    65 65 65 65 65 68 69 69 68 67 68 67 64 65 65 65 65 62 62 60 61 62 61
    59 60 58 60 60 60 60 59 60 60 48 16 53 89 44 61 91 71 78 51 47 68 3
    103 51 97 2 106 47 49 32 76 79 119 64 114 27 68 28 50 52 9 5 111 48
    20 120 111 77 10 69 79 112 113 11 38 36 116 16 65 8 72 111 52 98 71
    22 28 100 117 117 27 8 76 11 57 59 59 61 62 60 62 64 65 65 66 66 70
    71 73 73 72 73 72 72 73 72 71 70 68 66 65 63 64 65 65 65 64 68 67 67
    65 65 66 67 65 64 63 63 63 61 61 61 61 62 62 62 63 63 62 63 63 63 63
    64 65 65 67 67 69 68 71 68 68 67 67 65 65 62 63 62 60 61 57 59 59 60
    59 62 61 63 63 65 64 62 62 61 62 61 61 60 63 64 65 64 65 67 67 69 69
    70 72 72 69 67 67 68 69 69 71 70 70 69 68 67 68 70 69 67 66 64 62 63
    62 63 64 61 59 58 58 60 62 61 61 61 61 61 61 64 67 67 68 69 66 68 69
    67 66 67 67 66 64 64 64 63 63 63 62 65 67 67 66 65 65 64 62 62 62 62
    62 60 59 58 58 60 60 59 59 58 60 61 61 62 61 62 63 81 77 96 92 99 70
    80 64 102 82 72 39 0 127 85 123 4 22 94 22 13 70 119 36 38 41 121 68
    106 98 18 113 33 120 100 100 60 16 66 56 73 6 127 117 107 3 102 49
    124 40 19 82 95 28 9 58 51 86 72 29 44 78 46 25 8 58 59 59 61 62 62
    63 64 66 66 67 68 71 72 74 73 73 74 74 74 74 72 71 70 68 66 66 65 65
    64 64 64 63 66 67 66 65 64 64 64 63 63 62 61 61 60 60 59 59 60 61 61
    61 61 61 62 63 63 63 64 65 65 64 64 67 66 69 67 67 67 68 66 66 64 64
    64 62 62 58 60 60 61 59 61 61 62 62 65 63 62 62 61 62 62 63 62 65 65
    66 65 67 70 69 71 71 72 73 73 70 69 69 68 69 68 71 69 68 67 66 66 67
    69 67 66 64 63 62 63 62 62 64 61 60 59 60 62 65 64 63 63 64 64 63 64
    67 67 67 68 65 67 68 66 65 66 66 65 63 64 63 61 62 62 62 64 67 67 66
    65 65 64 63 63 63 63 63 61 60 58 58 60 60 59 59 58 60 60 60 60 60 61
    62 41 30 19 59 33 60 75 81 49 117 111 15 66 56 53 5 89 81 44 78 54
    114 91 68 49 80 117 59 2 24 117 93 116 53 53 82 94 2 109 48 17 41 34
    2 55 106 9 50 87 42 8 11 46 32 59 124 78 1 102 107 117 60 44 53 78
    60 61 61 63 64 63 63 65 66 67 68 69 72 73 74 72 73 74 75 73 73 71 71
    69 67 65 66 65 64 63 62 63 62 66 65 65 64 63 63 64 63 63 63 62 61 61
    61 60 59 60 60 60 60 59 58 59 61 61 61 62 62 63 66 66 68 67 70 68 68
    68 69 67 67 65 65 64 62 62 59 59 59 60 58 61 61 62 61 63 62 62 62 61
    62 62 62 62 65 65 66 66 67 70 70 72 71 72 73 74 71 70 70 69 69 68 70
    68 68 66 64 64 65 66 65 62 61 60 59 61 61 61 63 61 59 59 60 62 65 63
    63 63 62 63 62 63 66 66 65 66 64 65 66 64 62 63 63 63 61 62 61 60 61
    62 61 63 66 67 65 64 65 64 62 63 63 63 64 62 61 59 60 61 61 60 61 59
    61 62 60 60 60 61 61 8 76 105 26 11 9 84 112 60 88 61 11 99 17 12 63
    24 78 40 50 113 62 78 65 105 75 70 81 29 10 69 6 27 117 10 91 123 68
    12 71 43 102 4 100 61 105 68 46 84 94 17 121 73 56 127 81 89 114 112
    59 42 28 39 118 21 61 62 62 63 64 63 64 67 67 67 68 70 71 72 73 72
    72 73 73 71 71 69 69 68 67 65 65 65 64 64 63 65 64 67 67 66 65 64 64
    64 63 63 62 61 60 59 60 59 58 59 59 59 59 58 58 58 61 60 60 61 62 62
    66 66 67 66 69 67 66 67 68 67 66 64 64 64 62 62 58 60 60 60 59 62 62
    63 63 64 64 63 64 63 63 63 64 63 65 65 66 67 68 69 70 72 73 73 74 75
    72 71 71 71 71 69 70 68 67 65 63 63 64 65 64 61 60 59 59 61 62 62 64
    62 60 60 62 63 65 64 63 62 62 63 61 62 66 65 64 66 63 64 65 63 62 62
    62 62 60 61 61 59 59 60 58 62 64 65 64 63 63 62 60 61 62 62 64 62 60
    59 60 61 61 60 61 60 61 62 60 60 61 62 62 20 91 54 15 116 27 11 22 6
    91 94 14 109 101 89 90 110 101 20 50 2 121 57 103 91 41 74 73 88 16
    24 26 104 69 126 22 64 1 72 37 53 81 87 50 113 88 39 97 49 103 46 16
    10 76 47 32 42 122 12 53 59 26 104 115 99 61 62 62 63 64 63 64 67 67
    67 68 70 72 72 73 71 71 71 71 70 70 69 69 67 66 64 64 64 64 63 62 63
    63 66 66 65 64 63 63 63 62 63 63 61 59 59 59 59 58 59 57 58 57 56 57
    58 60 60 61 62 62 62 67 67 69 66 68 67 66 67 68 65 65 62 63 63 61 62
    59 60 60 60 59 62 62 62 62 63 62 62 63 62 62 62 62 61 64 65 66 67 68
    70 71 74 74 75 75 76 74 72 71 71 71 69 70 67 66 65 63 63 63 64 63 61
    61 61 60 62 63 63 65 64 62 62 64 64 65 64 64 62 61 62 62 62 65 64 63
    65 63 65 65 64 63 63 62 63 61 62 62 59 60 60 59 62 65 66 66 64 65 64
    63 64 64 64 66 64 61 59 61 62 61 60 61 60 60 61 59 58 59 61 59 0 81
    5 17 17 21 32 24 56 98 18 22 9 98 50 78 99 99 32 42 79 114 101 11
    116 110 119 54 117 97 118 106 13 110 16 38 98 16 122 61 8 52 111 89
    52 106 45 119 12 84 47 45 31 110 100 5 103 1 20 86 6 53 11 108 118
    62 63 63 64 64 64 64 66 66 65 67 69 71 72 73 71 71 71 72 72 71 70 69
    67 66 64 64 64 64 63 62 62 62 64 64 63 61 61 61 61 60 61 61 60 59 58
    58 59 59 60 58 58 58 57 57 58 60 60 61 61 61 61 65 65 67 64 66 64 65
    64 65 62 62 60 60 60 58 60 57 58 57 57 57 60 60 59 60 61 61 61 62 61
    62 63 63 63 66 66 66 68 69 71 73 75 76 75 76 76 74 73 73 72 72 70 70
    67 65 65 64 63 62 63 63 61 61 61 60 62 63 62 63 62 61 60 63 63 64 63
    63 61 60 62 61 62 65 65 63 65 63 64 65 64 64 64 63 64 63 63 63 61 62
    62 61 63 65 66 66 65 65 65 63 64 65 64 65 65 62 60 62 63 62 61 63 62
    62 63 61 60 61 61 59 114 70 95 118 92 27 41 91 102 19 112 22 50 107
    47 66 3 94 47 116 111 121 64 84 41 5 77 97 80 98 125 9 102 27 113
    108 69 11 39 94 39 58 42 0 80 74 42 124 65 28 15 76 21 112 112 102
    117 121 90 82 116 121 70 1 119 62 62 62 63 64 63 63 63 65 64 66 69
    70 72 73 71 71 71 72 72 70 69 69 68 67 64 65 66 65 64 62 62 63 65 64
    62 60 59 59 60 59 60 61 61 60 59 59 59 59 61 60 59 59 58 57 58 61 61
    62 63 63 63 66 66 68 65 66 65 66 65 66 65 64 62 62 61 59 61 59 60 59
    59 59 61 61 60 61 61 61 60 60 59 61 61 62 63 66 66 67 68 70 73 74 77
    78 77 77 77 75 74 73 74 73 71 71 68 65 65 65 64 64 64 64 61 61 61 60
    62 63 62 62 62 61 61 63 64 65 64 64 63 61 63 63 63 65 65 64 65 64 65
    65 65 65 64 63 64 62 63 63 61 61 61 60 62 65 66 66 64 65 64 62 63 63
    64 64 64 61 59 60 62 61 60 61 61 61 62 60 59 61 62 60 43 30 17 14 2
    41 91 35 39 16 14 110 50 25 0 115 118 4 25 104 86 124 62 27 78 68 84
    95 55 61 5 27 16 25 44 101 45 32 50 121 89 14 72 85 122 13 1 57 5 78
    30 35 48 30 20 48 82 30 33 84 1 124 118 95 109 61 62 62 63 64 63 62
    62 64 64 65 68 69 71 71 69 69 70 71 71 69 69 69 68 68 65 65 65 65 64
    62 63 63 64 63 62 60 60 61 61 60 61 63 63 62 61 62 62 62 62 61 61 60
    60 58 59 61 61 62 63 62 63 66 66 67 64 64 64 65 64 65 64 63 62 61 61
    59 60 58 59 57 57 57 59 59 57 58 59 60 59 59 59 60 61 62 61 64 66 66
    66 67 69 71 73 74 74 74 74 71 70 71 71 71 69 68 66 65 65 64 64 64 64
    63 61 61 62 62 62 63 61 61 61 61 61 63 63 63 62 63 63 61 63 62 62 64
    64 63 65 64 64 64 64 64 63 63 63 61 62 62 60 60 60 58 59 62 64 64 62
    63 62 61 62 63 63 65 65 63 60 61 62 61 60 61 62 62 63 60 59 60 61 59
    63 2 99 117 3 68 47 60 47 77 110 13 113 2 73 69 84 26 79 52 24 10 79
    101 88 24 108 16 89 40 63 103 81 99 98 48 110 19 74 61 113 23 101 22
    95 44 66 34 22 116 13 72 125 29 19 56 43 16 26 85 88 123 86 65 34 64
    64 64 65 66 65 64 63 65 64 64 65 66 68 69 67 66 67 68 68 66 65 66 66
    65 62 62 64 62 61 59 60 60 61 61 60 58 59 59 59 59 61 63 62 62 63 63
    63 63 63 63 63 63 62 61 62 64 64 64 65 65 66 66 66 67 65 65 65 65 64
    66 65 64 64 62 62 59 60 59 60 59 59 58 60 60 58 59 59 60 60 59 59 61
    61 62 62 65 66 66 67 67 69 70 72 72 73 73 72 69 69 69 69 68 67 67 65
    64 64 63 63 62 63 62 61 62 63 63 62 64 62 61 62 62 62 63 63 63 61 62
    63 61 63 62 62 64 65 65 66 65 66 66 67 67 65 66 64 63 63 63 61 61 61
    59 59 62 64 63 62 63 62 62 62 63 64 65 65 62 60 61 62 61 60 60 61 60
    62 60 59 61 61 60 69 12 96 98 64 0 59 10 49 38 17 88 66 34 34 75 121
    73 107 122 20 39 89 92 106 33 54 15 97 88 77 124 47 76 0 48 65 123
    15 62 124 36 6 54 49 113 98 32 77 96 48 89 107 113 50 108 125 62 39
    40 57 15 93 37 38 63 64 64 65 65 64 61 61 62 61 62 63 64 65 66 64 64
    65 66 66 64 63 63 64 63 60 62 63 62 61 60 61 61 62 62 60 59 60 60 59
    58 60 61 62 62 62 64 64 64 64 64 64 64 63 62 61 62 62 62 62 63 64 67
    67 67 66 66 67 67 67 68 68 66 66 64 64 61 61 60 60 59 58 59 60 60 59
    60 60 61 61 60 61 62 63 63 63 65 67 66 67 68 70 70 71 71 72 72 71 68
    67 67 67 66 65 64 61 61 61 61 61 60 62 62 61 62 63 63 63 64 62 61 62
    63 63 64 63 63 62 63 64 62 64 62 63 64 65 65 67 67 67 67 68 67 65 67
    66 65 64 63 60 60 61 59 60 61 63 63 61 63 63 63 64 65 65 66 65 64 61
    62 63 61 60 60 60 60 62 60 59 60 61 59 59 59 59 58 56 56 53 54 55 54
    54 58 59 59 62 63 65 65 65 67 65 69 69 69 69 69 69 69 69 68 68 68 68
    66 66 66 64 64 62 63 63 65 65 63 66 65 64 62 63 64 63 64 63 61 59 60
    59 60 62 65 65 64 65 62 63 64 65 64 65 66 64 62 61 62 61 62 63 64 64
    65 64 63 63 64 65 63 62 62 62 62 59 61 62 62 62 61 61 62 63 63 61 60
    60 59 58 57 60 61 62 62 62 64 64 64 64 64 65 65 62 61 60 61 61 61 60
    61 62 65 65 66 65 64 65 66 66 67 67 65 65 64 64 62 62 61 60 59 58 58
    60 60 58 59 59 59 60 59 61 62 62 62 62 64 65 65 66 67 68 69 69 68 69
    70 69 66 65 66 66 65 64 64 62 62 63 62 62 62 64 63 63 63 65 64 64 65
    64 63 64 64 63 65 64 64 62 64 65 63 64 62 62 64 65 65 66 66 66 67 67
    67 65 67 65 65 63 62 60 60 61 59 59 60 62 61 60 61 62 62 63 64 63 65
    64 63 60 60 61 59 58 59 60 59 61 60 58 59 61 59 59 60 60 59 56 56 53
    54 55 54 53 57 58 58 60 60 63 63 63 64 63 66 67 67 68 68 69 68 67 66
    67 67 68 66 66 66 63 63 62 63 63 64 65 62 63 63 62 60 62 63 62 63 62
    60 59 60 60 61 62 64 64 63 64 61 63 64 66 65 65 65 63 61 61 62 61 61
    62 62 63 64 62 62 62 63 64 62 62 61 62 61 59 61 62 62 62 61 60 61 62
    62 61 59 59 58 57 57 59 60 62 63 62 63 64 63 64 63 64 63 61 60 59 59
    59 59 58 59 59 66 66 67 65 64 64 65 65 66 66 64 63 61 62 59 60 59 59
    58 57 58 59 60 58 59 59 59 60 60 62 63 63 64 64 65 66 66 67 68 68 69
    68 69 69 68 67 65 65 66 66 64 63 63 60 60 61 61 61 61 63 63 63 64 65
    65 65 66 65 64 65 65 63 64 63 63 61 62 62 60 62 60 61 62 63 63 64 64
    65 67 69 69 67 69 68 67 66 64 64 64 64 61 60 61 63 62 61 62 62 62 62
    62 61 63 62 61 58 58 59 58 58 58 59 58 60 59 59 60 62 61 61 62 61 60
    58 58 56 56 56 55 55 57 57 58 59 60 62 61 61 62 61 64 64 64 65 65 65
    65 64 64 65 64 66 64 64 66 63 63 61 62 63 64 63 61 62 62 61 59 60 62
    62 62 62 61 60 62 62 64 65 65 65 65 66 63 65 66 67 66 66 66 64 63 62
    63 61 62 62 61 62 63 62 61 62 62 64 62 63 62 62 62 60 61 62 62 62 61
    60 60 61 61 59 59 58 58 57 57 59 61 62 64 63 64 66 66 66 66 67 66 63
    62 61 61 61 61 59 58 59 64 64 65 64 63 63 64 64 65 65 64 64 62 63 61
    61 60 59 58 58 59 58 59 57 59 58 59 61 60 62 63 64 64 64 65 65 64 65
    67 67 68 67 67 67 66 66 64 65 66 66 64 64 62 60 60 62 62 62 62 63 62
    63 64 65 65 65 66 64 63 64 64 62 64 62 62 61 63 64 63 64 63 63 63 64
    64 65 65 65 67 68 68 66 66 66 66 66 63 63 63 63 61 60 61 63 64 63 64
    64 65 65 66 65 67 66 65 63 62 62 60 60 61 61 58 61 59 59 59 60 60 60
    61 60 59 57 58 55 56 55 55 55 58 58 58 60 60 61 60 60 61 61 64 64 64
    65 64 66 65 66 65 66 64 66 64 65 66 64 64 62 63 63 65 64 62 62 62 61
    60 60 61 60 61 60 59 58 60 59 60 61 61 62 61 63 61 63 65 66 65 65 65
    63 63 63 63 61 61 62 61 61 62 61 60 61 61 62 61 62 61 62 61 60 60 61
    63 63 63 62 61 62 62 60 60 60 60 59 58 59 61 61 63 62 64 66 66 65 65
    66 64 63 62 61 61 61 61 59 58 59 65 65 66 65 63 63 64 63 64 64 62 62
    61 61 60 59 59 58 57 57 59 58 58 57 58 58 58 60 59 61 62 62 62 62 64
    63 63 63 65 64 66 65 65 65 64 64 62 63 64 65 63 64 61 60 60 61 62 62
    61 63 62 62 64 65 66 65 66 65 64 65 65 63 64 62 61 60 61 62 61 62 62
    62 63 64 64 65 65 66 67 69 69 66 66 66 66 65 62 63 63 63 60 60 60 62
    63 62 63 63 64 64 65 64 65 64 63 62 61 61 59 59 60 59 57 60 59 58 59
    60 60 60 61 61 60 58 59 56 56 56 55 55 57 58 58 59 59 59 58 59 61 60
    63 63 63 63 63 65 65 66 65 66 65 67 66 66 67 66 65 64 65 65 66 65 63
    63 63 63 62 62 63 62 62 61 60 60 61 60 60 60 60 60 59 61 61 62 63 65
    63 63 64 62 62 62 62 60 60 61 61 60 62 61 60 61 60 62 61 62 61 61 61
    60 60 61 63 64 64 62 62 62 62 60 60 60 60 58 58 58 60 60 62 62 64 65
    66 65 65 66 65 64 63 62 62 63 61 60 60 60 62 62 62 61 61 61 62 61 62
    63 62 62 60 60 60 59 59 59 59 58 60 59 59 58 60 60 59 61 60 61 61 60
    61 61 61 61 60 60 62 61 63 62 62 63 61 61 60 61 62 63 62 63 61 59 59
    62 63 62 63 65 65 65 66 67 68 67 67 66 64 66 65 63 64 63 63 61 63 64
    63 64 64 64 65 65 65 66 66 67 68 70 70 67 68 67 67 66 65 64 65 64 62
    61 61 63 63 63 64 64 64 64 65 64 65 65 64 61 61 61 59 59 60 59 57 60
    59 59 59 61 61 61 61 61 60 58 59 57 56 55 55 55 57 58 58 59 59 59 59
    59 61 61 63 63 63 63 62 64 64 65 64 65 63 66 65 65 66 65 65 63 63 64
    66 65 65 64 64 64 63 63 64 63 64 63 63 62 62 62 60 61 62 61 60 62 62
    63 63 65 64 64 65 63 63 63 63 61 61 61 62 61 63 62 62 62 62 64 63 63
    62 62 62 60 60 61 62 63 63 62 61 61 62 60 60 61 61 59 58 59 61 62 65
    63 65 67 68 67 67 68 66 64 63 62 61 62 61 58 57 58 63 63 63 62 61 62
    63 62 62 63 62 62 60 60 60 59 60 59 59 59 61 60 60 59 60 60 60 62 61
    62 61 60 60 60 60 60 60 59 60 59 60 59 59 59 59 58 57 59 61 62 60 62
    59 58 59 62 62 63 63 64 65 66 67 67 68 68 67 66 64 65 65 63 63 62 62
    60 62 64 62 63 64 63 64 66 66 66 66 68 69 71 71 68 68 67 66 64 62 62
    63 62 60 59 60 62 62 63 65 65 66 67 67 66 66 65 65 63 62 62 61 61 63
    62 60 62 62 62 61 63 63 64 64 63 62 61 61 60 59 58 59 58 60 61 60 60
    59 59 59 58 60 60 61 62 62 61 60 63 63 64 64 65 64 66 66 66 66 65 66
    65 65 66 67 67 66 65 66 65 64 64 64 63 63 62 62 61 61 62 60 61 62 61
    61 62 62 64 63 65 64 63 64 61 60 61 61 60 60 60 61 60 62 61 61 62 62
    64 63 63 61 62 61 59 59 60 62 62 63 61 60 60 61 60 61 62 61 59 58 59
    60 61 65 64 65 67 66 66 67 68 67 66 65 63 62 63 62 60 59 60 61 61 61
    62 60 61 62 61 63 64 62 61 60 59 59 58 58 58 59 59 60 60 61 61 61 61
    61 62 61 63 62 61 61 61 61 61 60 59 60 59 61 59 60 60 59 58 58 59 61
    63 62 64 60 59 60 62 63 63 63 64 65 65 66 67 68 68 67 66 64 64 64 62
    62 61 61 59 62 63 61 62 62 63 64 66 66 66 66 68 68 69 69 68 68 67 66
    65 62 62 62 62 59 59 59 60 61 60 62 62 63 63 64 63 63 63 63 61 61 62
    62 62 63 62 61 63 63 63 63 64 64 64 64 63 63 62 62 61 60 59 60 59 62
    62 62 61 60 60 60 59 60 60 61 61 60 60 59 62 62 63 63 65 64 66 66 66
    66 66 67 66 66 67 68 66 65 64 65 64 65 65 65 64 63 62 62 62 63 64 62
    62 61 62 61 61 62 63 63 63 62 61 63 61 60 61 61 60 60 59 60 60 62 61
    60 62 61 62 62 62 61 62 60 59 58 59 61 61 62 61 60 60 61 61 62 63 63
    61 60 61 61 62 65 64 65 67 67 67 67 69 68 68 66 65 63 64 62 61 61 61
    61 61 61 61 60 62 63 62 64 65 64 63 62 62 62 61 61 61 61 61 62 62 63
    63 63 63 63 64 63 64 63 62 63 62 61 60 60 59 59 58 59 58 59 59 58 58
    58 59 61 62 61 63 60 58 60 62 62 62 62 64 65 65 66 67 69 68 67 66 64
    65 65 63 62 62 62 60 62 63 62 63 63 63 63 64 66 65 66 68 69 69 68 67
    67 66 65 64 61 61 60 59 58 58 58 59 60 59 61 61 62 63 63 63 63 62 62
    61 61 61 60 61 61 60 58 59 60 61 61 62 62 62 62 61 61 61 61 61 61 59
    60 59 61 61 62 62 61 62 61 59 59 60 60 60 60 60 59 61 61 62 62 65 63
    65 67 67 66 66 67 67 68 69 69 67 67 66 67 67 68 68 67 66 65 63 63 64
    64 66 63 63 62 62 61 61 61 62 61 62 61 60 61 60 60 61 61 60 60 60 60
    60 63 62 61 62 61 61 62 63 62 62 61 59 57 58 60 60 62 61 60 60 60 62
    63 64 64 64 62 62 63 63 66 65 67 68 68 68 69 70 69 69 67 66 64 65 62
    61 60 60 62 62 62 61 61 62 62 63 64 64 64 62 61 61 62 61 60 60 60 61
    62 62 62 63 63 63 63 64 64 64 63 61 61 59 58 58 58 57 57 56 56 55 56
    57 56 57 57 58 59 60 60 61 58 58 60 62 61 62 62 64 66 67 68 70 71 70
    69 68 67 67 67 64 64 64 62 61 62 64 63 63 64 63 64 65 66 64 65 66 68
    68 67 66 65 65 64 63 61 61 61 60 59 58 58 59 61 60 61 61 62 63 64 64
    62 62 63 62 62 62 62 62 62 60 59 60 62 62 62 62 62 63 62 62 62 63 63
    62 61 59 60 59 60 60 61 61 59 60 58 57 58 59 58 59 60 60 58 59 59 60
    61 64 62 64 65 66 65 65 66 66 68 69 69 68 69 67 68 67 69 69 68 67 66
    63 64 65 65 67 64 64 63 63 62 62 62 63 61 61 60 60 62 60 61 62 62 62
    62 62 63 63 65 64 63 65 63 64 64 64 63 63 62 60 59 59 61 61 62 61 61
    60 61 61 63 64 63 62 61 61 62 62 65 64 66 67 67 68 69 70 69 68 67 66
    65 65 64 62 61 60 64 64 63 63 62 63 64 64 65 66 66 65 63 62 63 63 62
    62 62 63 63 63 63 64 64 63 62 63 63 63 63 61 62 60 59 58 59 59 59 57
    58 57 58 59 58 59 59 60 61 61 61 63 60 59 61 62 62 61 62 65 66 67 68
    69 71 70 69 68 67 68 67 64 64 64 63 61 61 63 62 62 63 63 64 64 65 62
    63 65 67 66 65 64 62 63 61 60 59 59 60 58 57 58 58 58 59 59 61 62 62
    63 63 63 62 62 62 62 64 63 63 63 63 61 59 59 61 62 61 61 60 60 60 61
    61 62 63 63 61 59 61 60 60 61 61 60 59 59 57 56 56 57 56 57 58 58 56
    57 59 59 61 64 62 64 65 66 65 65 67 67 68 69 69 67 68 67 68 68 69 69
    68 67 67 65 66 67 67 69 67 66 64 64 63 62 62 63 60 60 59 58 60 59 61
    61 62 63 63 64 66 66 68 67 65 66 65 66 66 66 65 64 63 62 60 61 63 64
    65 64 63 63 62 63 65 65 65 64 62 61 61 62 64 63 65 66 66 67 67 68 67
    66 65 63 63 64 62 60 59 58 60 60 60 60 59 61 61 62 63 64 64 62 61 62
    63 62 61 60 60 61 62 61 61 62 62 61 60 60 61 60 61 60 61 59 58 57 57
    58 59 57 58 58 58 58 57 58 59 59 61 61 60 63 60 59 60 62 61 61 62 65
    66 66 67 69 70 70 68 67 67 66 65 63 62 63 62 60 61 62 61 62 63 63 63
    62 63 59 60 61 63 61 62 61 59 61 59 59 58 58 59 59 59 60 59 59 60 60
    60 61 61 61 62 62 60 60 61 61 62 62 62 62 63 62 61 60 63 63 62 63 63
    63 62 63 63 64 64 64 63 60 61 61 60 61 61 60 59 59 58 57 57 59 58 58
    59 59 58 59 60 60 62 64 63 65 66 66 65 65 67 67 68 69 68 66 67 65 66
    66 68 67 67 66 65 64 65 67 67 69 68 68 65 65 64 64 64 64 62 61 61 60
    61 60 61 63 64 63 63 65 66 66 67 67 66 68 66 66 66 68 68 66 66 65 64
    64 65 65 66 65 65 64 63 64 65 65 65 65 62 62 63 63 64 63 64 66 65 67
    68 67 67 66 65 65 65 67 65 64 63 61 58 58 59 59 58 59 60 61 63 63 63
    62 62 63 64 63 63 62 62 64 63 64 63 64 64 62 61 62 63 62 62 62 63 60
    59 58 58 59 60 58 59 59 60 59 59 60 60 61 63 64 63 65 62 62 63 64 63
    63 65 67 67 67 67 69 69 70 67 66 66 65 64 61 61 63 62 59 59 60 60 59
    62 61 61 61 61 56 58 59 61 60 60 59 57 58 56 57 57 58 58 57 57 58 57
    57 57 58 59 58 58 58 59 60 58 58 59 60 61 60 62 63 63 61 60 60 62 63
    63 63 63 63 62 63 64 65 65 63 62 59 60 60 60 61 61 61 58 58 57 57 58
    59 58 58 59 59 59 59 60 61 63 65 64 66 67 67 65 65 66 67 67 69 66 65
    65 63 64 65 67 66 66 64 63 62 64 66 65 68 68 67 65 64 63 62 64 63 61
    61 61 60 60 60 62 63 64 65 64 65 66 66 68 67 67 69 67 67 68 70 70 69
    68 68 67 67 67 66 68 68 66 66 65 66 67 67 68 67 66 65 65 65 66 65 65
    66 66 67 67 67 66 67 65 64 65 66 65 63 63 61 58 58 58 58 57 58 59 61
    63 63 64 63 61 61 63 63 62 62 62 64 64 65 63 65 66 65 62 63 65 63 63
    61 63 61 61 60 59 59 60 57 59 60 60 60 59 60 60 59 62 63 63 65 62 61
    62 63 61 62 64 66 67 66 66 67 69 68 66 66 66 65 64 62 62 63 62 60 60
    61 60 60 62 61 62 62 61 58 59 60 62 61 61 61 58 59 57 58 58 58 59 57
    58 58 57 56 58 58 59 58 58 59 60 62 60 60 61 62 62 62 64 64 64 62 61
    60 62 65 65 64 65 64 63 64 65 67 66 66 64 61 61 62 62 63 63 63 61 59
    59 58 59 61 60 61 61 61 61 60 62 62 64 66 65 67 68 68 65 66 67 67 67
    68 67 65 66 63 65 65 67 67 66 65 65 64 66 68 67 70 69 69 67 67 65 65
    65 64 63 62 62 61 61 61 63 64 65 65 64 66 66 66 68 67 67 69 67 66 67
    68 69 68 68 68 66 66 67 66 68 68 67 67 66 67 68 68 69 68 66 66 66 65
    66 65 66 67 67 68 67 67 67 68 67 67 67 68 67 66 66 64 55 55 55 56 55
    57 58 60 62 63 65 63 64 64 66 66 64 65 65 67 66 66 64 66 66 64 63 63
    65 62 62 61 62 61 60 59 59 60 61 58 60 60 61 61 61 61 61 61 62 63 63
    65 62 61 62 61 61 61 62 63 64 63 63 64 66 66 64 65 64 64 63 62 62 64
    64 62 63 63 62 61 63 62 62 63 61 58 59 59 60 58 60 60 57 58 56 57 58
    57 58 57 58 59 57 57 58 58 59 59 58 61 62 63 61 61 62 63 63 62 64 64
    63 61 60 58 60 62 63 62 63 63 63 63 65 66 65 66 64 62 63 62 62 64 64
    64 62 61 61 60 61 62 61 62 62 62 62 62 63 64 66 68 67 67 68 68 66 65
    67 68 67 68 67 65 67 65 67 67 69 69 68 66 66 65 66 67 65 68 67 66 65
    65 64 64 65 64 63 61 62 61 62 62 64 65 65 66 64 67 67 67 69 68 69 70
    68 67 68 69 69 69 69 69 67 67 67 66 68 68 67 67 66 67 68 68 69 69 66
    67 66 66 67 66 67 67 66 66 65 64 65 65 65 65 65 65 64 64 66 64 59 59
    58 59 58 60 61 62 65 65 66 64 64 65 66 66 65 66 66 68 67 66 66 68 67
    65 63 63 64 61 61 60 62 61 60 60 60 61 62 59 60 61 62 63 62 61 62 62
    62 63 62 64 62 61 62 61 59 61 61 63 63 64 63 65 66 67 65 65 65 64 63
    63 63 64 64 63 63 63 61 60 63 62 63 63 62 58 59 59 60 59 60 61 58 59
    57 59 59 59 59 58 58 59 58 57 58 57 58 57 57 60 60 62 60 60 61 62 63
    62 64 63 63 62 61 58 61 62 63 63 64 64 63 64 66 66 65 66 64 61 62 61
    61 62 63 63 60 60 61 60 61 63 61 61 62 61 61 60 62 62 64 66 65 65 66
    66 64 64 66 67 66 68 66 65 66 66 67 67 68 69 67 67 67 65 66 68 67 68
    68 68 66 66 66 64 65 64 63 61 62 61 61 61 64 64 64 65 64 65 66 67 69
    68 68 69 67 67 67 69 69 70 70 69 68 67 67 66 67 67 67 67 66 67 66 67
    67 67 66 66 65 65 67 65 65 66 65 65 64 64 64 65 64 64 63 64 63 63 65
    63 58 58 57 58 57 60 61 62 64 65 66 64 63 65 66 66 65 65 66 68 67 66
    67 68 68 65 64 65 66 64 63 63 64 65 63 62 62 63 64 61 62 63 64 64 63
    62 63 63 63 64 63 65 63 61 62 60 58 58 59 60 61 61 62 63 64 65 64 65
    65 65 65 64 64 65 65 64 64 64 62 61 64 63 62 63 61 58 57 58 60 58 59
    59 57 58 57 58 59 58 59 59 59 59 57 57 58 57 58 58 57 60 61 62 60 60
    61 61 63 63 63 64 64 64 62 60 61 64 65 65 65 65 65 65 66 66 65 66 65
    63 64 63 62 64 64 64 63 62 63 61 61 63 61 62 63 62 62 61 63 62 64 66
    66 65 67 67 65 65 66 66 66 67 66 65 66 64 66 66 67 68 67 66 66 66 67
    68 67 69 68 68 67 66 65 64 65 63 62 61 61 61 61 61 64 63 64 64 63 64
    65 66 67 66 66 67 65 64 65 67 68 68 67 67 67 66 66 66 66 68 68 68 67
    68 68 69 68 68 68 68 67 66 67 66 66 67 65 65 65 64 64 64 64 64 63 63
    63 62 64 61 59 59 59 60 59 61 63 64 66 66 67 65 65 66 67 66 65 65 65
    67 67 66 66 68 67 64 63 63 64 63 63 63 63 64 62 63 63 64 65 62 63 64
    65 66 65 64 65 64 64 65 64 65 64 63 63 60 59 59 59 60 61 61 62 62 63
    64 62 63 64 64 63 63 63 64 64 63 63 63 61 60 62 61 61 61 60 58 57 57
    59 57 59 60 57 59 58 58 59 58 59 59 59 60 58 57 57 57 58 59 58 61 61
    62 61 60 60 61 63 63 63 64 64 64 62 61 62 64 65 63 64 64 63 64 64 63
    64 64 63 62 63 62 61 62 62 62 61 62 61 60 60 61 59 61 62 62 62 61 62
    62 64 66 66 66 66 67 65 64 65 67 67 67 66 65 65 64 67 66 68 69 68 66
    66 65 65 67 66 67 67 67 66 65 64 63 64 63 63 62 62 61 61 61 65 64 65
    65 64 65 66 66 68 68 68 68 66 66 67 68 70 70 69 70 69 68 68 67 67 68
    69 69 67 67 67 67 67 68 67 67 66 65 65 64 63 64 63 63 63 62 62 62 63
    63 63 63 64 64 66 63 61 61 60 60 60 63 64 66 68 69 70 67 67 68 68 68
    66 65 65 66 66 64 64 66 65 62 62 61 62 60 60 60 62 62 62 62 63 64 65
    63 65 67 68 69 67 67 67 66 65 66 64 66 64 63 62 59 59 59 59 60 61 61
    62 62 63 64 63 65 65 65 65 65 64 66 66 65 64 64 61 60 62 61 60 60 59
    57 56 57 59 57 59 61 59 60 59 59 60 59 60 60 60 61 60 58 57 58 58 59
    58 61 61 62 61 60 60 62 64 63 64 63 63 62 61 59 60 62 63 62 62 61 62
    63 62 61 61 61 60 60 60 60 58 59 59 60 60 62 63 62 61 62 61 63 64 65
    65 63 64 63 64 67 67 67 67 67 65 63 64 66 66 67 66 65 65 64 67 67 68
    68 68 67 66 65 66 67 66 67 67 66 66 67 65 64 65 63 63 63 62 62 62 63
    66 65 66 65 65 67 67 67 69 69 68 68 65 65 65 67 70 69 70 71 69 69 68
    68 68 70 71 72 69 70 69 69 69 69 69 69 67 66 65 64 64 64 63 62 62 62
    61 61 62 63 62 62 63 62 64 62 61 61 61 61 62 64 65 67 68 69 71 68 68
    70 69 70 68 66 66 66 66 65 64 66 66 63 62 62 62 61 61 62 63 63 63 62
    63 63 65 63 65 67 67 69 67 68 67 65 64 64 62 64 63 62 62 59 58 58 58
    61 61 62 62 62 63 63 62 64 64 65 65 65 65 67 67 66 64 65 63 62 64 64
    62 62 61 58 57 57 59 57 59 60 57 58 58 57 58 58 59 60 61 61 60 59 58
    59 60 60 60 63 63 64 62 62 62 64 65 64 64 63 64 64 61 59 61 62 63 60
    61 61 62 62 61 60 61 61 59 59 59 60 58 60 59 60 60 61 61 61 61 60 60
    61 63 63 63 61 61 61 62 64 65 64 65 65 63 62 63 64 64 64 63 63 63 62
    65 64 66 66 67 66 66 66 66 66 65 67 66 67 66 66 64 64 64 63 62 64 63
    64 64 65 67 66 67 66 65 68 68 67 69 68 67 66 65 64 64 66 68 68 68 69
    69 69 69 68 69 71 72 73 71 71 71 70 70 69 69 69 67 66 65 64 63 63 62
    61 61 61 60 60 61 61 62 62 64 63 64 62 62 62 62 62 63 65 66 67 68 69
    71 68 68 70 69 69 66 66 66 66 66 65 64 66 65 62 62 61 62 60 60 61 62
    62 61 62 62 64 66 65 66 67 66 67 65 66 65 64 63 63 61 62 61 61 61 59
    59 58 59 61 61 62 62 63 64 64 64 65 66 65 65 65 66 67 68 67 66 66 64
    63 65 66 65 64 62 61 59 59 60 58 61 62 59 59 58 57 58 57 59 60 61 61
    60 59 58 59 61 62 61 63 63 63 62 62 61 63 64 63 63 63 64 64 63 62 62
    64 64 62 63 62 63 64 63 63 62 62 60 60 60 60 58 60 59 59 60 60 61 61
    62 62 62 63 64 64 64 62 63 63 65 66 66 66 66 67 66 65 66 66 65 66 65
    65 65 63 65 64 66 66 66 66 66 66 66 66 65 67 67 68 68 67 66 66 67 66
    65 66 65 65 65 66 67 67 68 67 66 68 68 68 69 69 68 68 66 65 65 66 68
    67 67 69 68 69 69 69 70 72 73 74 72 72 71 70 70 68 68 67 65 65 63 62
    61 61 60 60 59 60 59 58 60 60 60 61 62 62 63 61 59 59 59 60 61 63 65
    66 67 68 69 67 67 70 68 69 66 65 65 65 65 64 64 66 66 61 62 60 62 60
    61 62 64 64 64 64 64 66 68 67 68 69 68 69 66 67 66 65 64 63 61 62 61
    61 62 58 58 58 60 61 61 61 61 63 63 62 62 64 65 63 63 64 64 66 67 65
    65 65 63 62 64 66 64 63 62 60 58 58 59 58 61 62 60 59 58 58 59 58 59
    60 61 62 61 59 58 59 60 61 61 63 64 63 63 61 60 62 62 61 62 61 63 63
    61 60 60 61 63 61 62 61 62 62 61 60 60 60 59 59 59 59 59 61 60 61 61
    61 63 63 64 65 64 65 66 65 65 65 66 66 67 68 67 66 67 68 67 66 67 67
    66 67 65 66 65 64 65 65 66 67 66 66 66 66 66 65 65 67 67 66 66 65 65
    65 65 65 65 66 66 66 66 66 68 68 68 66 66 67 67 67 68 68 67 65 64 62
    63 65 66 66 66 67 66 67 68 68 69 71 72 74 72 72 72 71 70 68 67 66 64
    64 62 60 59 59 58 58 57 58 59 59 59 60 60 61 62 62 63 61 60 60 60 61
    61 63 64 65 66 66 67 65 65 68 67 67 65 65 65 65 66 65 65 67 67 64 64
    63 64 62 62 63 65 65 64 64 64 65 67 67 67 69 68 69 67 68 67 66 65 65
    62 62 62 62 62 59 59 59 60 61 61 61 61 62 62 61 61 63 63 63 63 63 63
    65 66 66 65 66 64 63 64 65 63 62 61 59 57 57 58 58 61 62 60 60 59 59
    60 59 61 61 63 63 62 61 60 59 61 61 61 64 64 64 62 61 59 60 60 59 59
    59 61 60 59 57 57 59 61 60 61 61 62 62 61 60 60 60 58 59 58 58 58 60
    59 60 60 60 61 62 64 64 65 65 65 64 64 64 65 65 65 66 65 64 64 66 64
    64 66 65 65 65 64 65 64 63 64 64 67 67 66 67 66 66 65 65 64 66 66 66
    66 65 64 65 65 65 65 67 66 65 65 65 65 66 66 64 63 64 64 64 66 67 65
    64 63 62 62 63 65 66 67 68 67 66 68 69 70 71 72 74 72 72 71 70 70 69
    68 67 64 64 63 62 60 60 59 59 58 59 59 59 60 61 60 61 63 62 63 61 62
    62 63 62 63 64 65 65 66 66 68 65 66 68 66 67 64 64 65 64 65 65 65 67
    67 64 64 64 66 65 64 65 66 66 65 65 65 65 68 67 67 68 69 71 68 68 67
    66 65 65 63 64 63 63 63 59 59 60 60 62 62 62 62 62 62 61 62 63 65 64
    65 64 64 65 67 66 66 66 64 63 64 65 64 63 62 60 59 59 60 60 62 64 62
    61 60 61 62 61 62 63 63 63 63 62 61 61 63 64 63 66 66 66 65 63 61 62
    63 62 61 60 63 61 58 56 57 59 60 59 60 60 61 61 60 60 61 60 59 60 60
    59 59 60 60 60 60 60 61 62 64 65 65 65 66 65 65 66 66 66 66 66 66 64
    65 68 66 66 68 67 67 67 67 68 68 67 68 67 69 69 68 67 67 67 66 65 64
    65 64 63 63 63 62 63 62 63 62 64 64 63 63 63 64 64 64 63 63 63 64 64
    65 67 65 63 62 61 62 62 64 64 65 66 65 65 67 68 69 70 71 73 71 71 70
    70 70 68 66 66 63 64 64 61 60 60 59 58 58 59 59 59 60 60 59 60 62 62
    62 61 66 66 66 64 65 66 67 66 67 67 68 65 65 68 66 67 65 65 65 65 64
    63 64 66 66 63 64 63 65 63 62 63 64 64 63 64 64 65 66 66 66 68 67 69
    66 66 67 66 64 63 61 63 63 63 64 59 61 61 61 63 63 63 63 63 62 60 62
    63 64 63 63 63 63 63 65 65 64 64 62 61 62 64 63 63 62 61 60 60 61 61
    63 65 64 63 62 62 63 62 64 66 65 66 66 65 64 63 65 65 64 67 67 66 66
    64 61 62 62 62 60 60 63 61 59 57 57 59 60 60 60 61 62 62 61 60 60 61
    60 61 61 60 59 60 59 60 60 60 61 62 63 64 65 65 67 65 66 67 66 66 65
    66 66 63 64 66 65 64 66 64 64 65 66 68 68 68 68 67 70 70 69 69 69 67
    67 65 63 64 62 63 61 62 61 62 62 63 63 64 63 63 63 63 64 64 63 63 62
    62 63 62 64 66 63 62 61 60 60 60 61 62 62 63 63 63 65 67 68 69 70 72
    70 70 69 68 67 65 63 63 61 62 62 59 59 60 59 59 60 60 60 59 60 61 60
    62 64 63 63 62 67 67 68 66 68 68 69 68 68 69 70 66 67 70 69 68 66 66
    66 65 64 62 63 65 65 62 63 62 63 62 61 64 65 65 64 65 65 65 67 67 67
    69 68 69 66 67 67 67 65 65 63 65 64 65 65 61 63 62 62 63 64 63 63 63
    63 61 63 64 64 63 64 63 63 64 65 64 64 64 62 62 63 65 64 64 63 62 61
    61 62 62 64 65 64 63 64 63 63 62 64 65 65 66 67 66 64 64 66 66 66 69
    68 67 67 65 62 63 64 63 61 61 64 61 60 58 59 60 60 59 60 60 61 61 59
    60 59 59 59 59 59 59 58 59 58 59 60 60 60 61 62 64 64 63 65 63 63 64
    64 64 65 65 64 62 64 66 64 65 67 64 64 65 66 68 69 69 70 69 72 72 71
    71 70 69 68 66 64 64 62 61 60 61 61 61 61 62 61 62 61 62 63 64 64 63
    63 63 63 62 63 64 65 67 64 63 62 60 61 61 62 63 64 63 63 63 65 67 68
    70 70 72 70 70 69 68 66 64 62 62 60 61 61 58 59 59 58 58 60 61 61 60
    61 62 61 62 65 64 64 64 67 67 67 66 67 68 69 68 69 69 70 66 66 69 67
    67 65 64 64 62 63 61 62 64 64 61 62 61 62 61 61 63 64 64 63 65 66 65
    67 67 68 68 67 69 66 66 66 66 64 65 63 64 65 65 65 63 63 64 65 65 65
    66 65 66 65 63 64 64 64 63 64 64 64 64 64 63 62 63 61 62 63 66 65 64
    64 64 63 63 64 64 66 67 66 64 64 63 63 61 63 64 65 66 68 66 65 65 66
    67 66 70 69 68 68 66 63 64 64 64 62 62 66 62 61 60 61 62 62 61 61 61
    62 63 61 62 61 60 60 60 59 60 59 60 59 59 60 60 60 62 63 64 65 64 65
    64 63 63 64 64 64 63 62 61 63 65 64 65 67 64 65 65 66 69 70 69 70 69
    71 70 70 70 69 68 67 65 64 65 64 63 62 63 62 63 62 63 62 62 63 63 63
    63 62 61 62 61 61 60 61 62 62 63 61 60 60 59 59 60 61 62 63 61 62 62
    65 66 66 68 69 71 69 69 67 67 66 64 62 62 61 61 59 57 58 58 58 59 61
    62 62 62 62 63 63 66 68 67 67 66 66 66 65 65 66 67 68 68 68 68 69 67
    67 69 68 67 65 65 65 63 63 63 63 64 63 62 62 62 62 62 62 64 64 64 63
    64 66 65 66 67 68 68 67 69 67 67 66 66 64 65 65 66 66 67 66 63 64 65
    65 65 66 66 65 65 64 62 63 64 64 63 64 64 63 64 64 63 62 63 62 63 64
    66 65 65 65 64 64 65 65 65 67 68 66 65 65 63 63 62 64 65 66 66 68 66
    66 66 68 69 69 71 71 70 69 67 64 65 65 65 63 63 65 62 62 61 61 62 62
    62 62 61 62 62 61 62 61 61 60 61 60 61 60 62 61 62 62 61 62 63 64 65
    66 65 67 66 65 65 65 66 65 64 63 63 65 66 66 67 69 67 67 67 69 72 73
    71 72 71 73 71 71 71 70 69 68 65 63 64 63 63 62 63 63 63 63 64 62 64
    64 64 64 64 62 62 62 62 62 62 63 62 63 64 61 61 61 59 59 59 60 62 63
    61 62 62 66 66 67 69 70 72 69 70 68 68 67 65 63 64 63 63 61 59 59 60
    60 62 63 64 65 64 65 66 66 67 70 68 69 69 64 64 64 64 65 66 67 67 68
    68 69 68 69 70 68 68 66 66 66 63 62 62 62 63 61 60 61 60 60 59 60 62
    63 62 61 63 64 64 65 65 66 67 65 67 65 65 66 65 64 65 65 67 68 69 68
    66 66 68 68 68 69 69 66 67 66 63 64 64 63 61 62 63 62 63 64 62 61 63
    62 63 65 67 66 66 66 65 65 65 65 65 67 69 68 66 66 65 65 64 65 66 67
    68 69 67 68 68 69 69 69 71 72 71 71 69 66 66 66 65 64 64 65 61 61 60
    61 62 64 63 63 62 63 63 63 64 63 63 62 62 60 61 59 60 60 61 60 60 60
    62 62 63 65 64 65 66 64 65 65 67 66 64 64 63 65 66 67 67 70 67 67 66
    69 73 73 72 72 71 72 70 69 70 70 68 67 65 63 64 64 63 63 64 65 65 64
    65 64 65 67 66 66 65 64 63 64 65 65 64 63 63 63 65 62 63 63 61 60 59
    60 61 64 62 62 63 65 65 67 68 69 70 68 69 67 67 66 64 62 63 62 63 61
    60 60 60 59 61 63 65 65 66 65 66 67 68 70 70 70 70 64 64 64 64 65 65
    66 66 66 68 69 68 69 70 69 69 68 68 68 66 64 64 64 64 63 62 62 62 61
    59 59 61 64 62 62 63 65 64 66 65 66 66 66 67 65 66 65 65 63 64 64 67
    68 69 68 66 66 67 67 67 67 68 64 66 65 62 63 63 63 61 62 63 63 62 64
    62 61 62 62 64 65 67 66 66 66 66 66 65 66 66 66 68 67 65 66 65 65 64
    64 66 67 67 69 66 67 67 68 67 68 71 71 71 70 69 66 68 67 67 64 64 65
    61 62 60 61 62 64 63 64 62 63 64 64 65 64 65 63 63 60 61 60 61 62 62
    61 60 61 63 63 64 67 66 66 67 64 66 67 68 67 64 65 64 66 67 67 68 70
    66 65 65 67 71 70 69 69 68 69 67 67 69 69 68 68 66 64 65 65 64 64 65
    65 64 63 63 62 63 64 64 64 62 61 61 61 61 61 61 61 60 60 61 59 60 60
    58 58 58 59 60 63 61 61 62 65 65 67 68 69 70 68 69 68 68 66 65 63 64
    63 64 63 63 63 63 63 65 66 68 69 69 69 69 69 69 71 70 71 71 63 63 63
    63 65 65 65 65 65 65 66 66 67 69 67 68 67 66 66 64 63 63 63 63 63 62
    61 60 60 59 60 62 65 63 63 64 65 65 67 67 68 68 67 67 65 65 65 64 63
    63 63 65 66 68 66 65 65 66 65 65 65 67 63 64 63 61 61 61 61 61 62 64
    64 63 66 64 63 65 65 66 67 69 69 68 68 67 66 66 67 67 67 69 68 66 67
    67 67 66 67 69 69 69 70 68 68 68 69 68 68 71 70 70 69 68 67 68 67 67
    65 65 65 62 63 61 62 64 65 64 65 63 64 64 65 67 66 66 64 62 60 61 61
    62 62 62 60 59 59 61 62 63 64 63 63 63 61 62 64 66 65 62 62 62 64 65
    66 68 70 66 65 64 66 70 70 68 67 66 67 65 65 66 67 66 67 65 63 64 64
    63 63 63 64 63 61 62 61 62 65 64 64 62 61 60 60 61 61 60 60 60 59 60
    58 60 60 59 58 58 59 60 62 59 61 61 64 64 65 66 67 67 66 67 66 66 65
    64 61 63 63 65 64 63 63 63 63 65 67 68 69 68 67 67 68 68 71 70 70 69
    63 63 63 62 64 64 64 64 65 65 65 65 66 67 65 67 66 65 66 64 62 62 63
    62 62 61 60 59 58 58 58 60 64 62 62 63 65 65 68 67 68 68 68 68 65 65
    64 65 63 63 64 65 66 67 64 64 64 66 66 64 64 65 62 63 62 60 61 60 60
    59 60 62 63 63 65 64 63 64 65 65 66 68 68 68 67 67 67 67 67 67 68 70
    69 68 68 67 67 67 68 69 70 70 70 68 68 68 69 69 69 70 69 70 68 66 66
    67 65 65 63 62 62 60 61 59 60 63 64 64 64 63 64 64 65 66 65 65 64 62
    61 61 61 62 63 64 61 60 60 61 62 64 64 64 64 65 63 64 67 69 68 65 65
    64 67 67 69 70 71 68 66 66 68 71 72 71 69 68 69 67 67 68 69 68 68 67
    65 65 65 64 63 63 64 63 62 63 61 62 64 63 63 61 61 60 60 61 60 59 59
    59 58 60 58 60 59 59 59 58 60 60 63 60 61 61 64 64 64 64 65 65 65 66
    64 65 64 63 61 64 65 67 66 66 65 65 65 67 69 69 71 69 68 68 68 68 71
    69 70 69 63 63 63 63 64 64 63 64 65 65 65 65 66 67 65 66 66 65 65 63
    61 61 62 62 61 61 61 61 59 58 59 60 64 62 62 63 65 63 65 64 66 67 68
    69 67 66 65 65 63 64 65 67 67 68 64 64 64 66 66 63 64 65 61 61 60 59
    60 59 59 59 60 62 64 63 65 64 63 64 65 64 65 66 66 66 65 65 65 64 64
    65 65 67 67 65 66 65 66 66 67 69 70 70 70 68 68 68 69 70 69 71 70 71
    70 68 68 69 67 67 65 65 64 61 62 60 61 63 65 65 66 65 65 64 66 68 67
    66 65 63 61 62 61 62 63 64 60 59 60 61 61 63 63 62 62 63 62 63 66 68
    66 63 64 64 66 66 67 68 68 66 64 64 66 69 69 69 67 66 66 64 65 66 67
    65 66 65 64 64 63 63 62 62 62 61 60 61 60 61 63 62 62 61 61 60 60 61
    60 59 58 58 57 57 55 57 58 59 58 58 58 60 62 60 61 61 63 63 63 63 65
    65 65 66 64 66 64 64 62 64 65 67 66 66 65 65 65 66 68 68 70 69 69 68
    69 69 72 70 72 71 67 67 67 66 67 66 65 65 65 65 66 66 66 66 65 66 67
    67 66 64 63 63 63 62 62 63 62 62 59 59 60 60 63 62 62 64 65 63 64 63
    65 65 67 68 66 65 64 64 62 63 65 68 68 68 64 65 65 67 66 64 65 66 62
    61 61 61 61 60 60 60 61 62 64 62 63 62 61 61 62 62 62 63 64 65 64 64
    65 65 64 65 64 66 66 64 65 64 64 64 65 66 67 67 68 67 68 69 69 70 70
    71 71 72 71 70 70 71 70 70 68 68 67 64 65 64 65 67 67 67 67 66 67 66
    67 68 67 67 66 64 62 63 62 62 62 63 60 59 60 61 60 62 63 61 62 63 61
    63 66 68 66 63 64 64 66 67 67 68 68 66 64 63 65 69 69 69 67 65 65 64
    65 65 66 64 66 64 63 64 64 64 63 63 63 63 62 63 61 62 63 62 61 60 61
    60 60 61 59 59 57 57 56 56 55 56 57 57 56 56 58 58 60 59 60 60 61 61
    61 61 62 62 62 63 62 63 62 64 62 64 66 67 67 68 67 68 67 68 69 68 71
    69 69 69 69 68 71 69 71 70 66 66 66 65 66 65 65 66 65 65 67 66 66 65
    65 64 67 67 66 63 63 63 63 62 62 62 62 62 58 58 59 60 63 62 62 64 66
    64 65 63 66 65 67 66 65 63 62 62 61 61 62 66 66 68 65 66 67 68 69 66
    67 69 65 64 63 63 63 61 61 60 60 62 63 61 62 61 60 61 62 63 63 65 66
    67 66 67 68 67 66 65 65 66 67 65 65 64 64 64 65 66 68 69 69 68 68 69
    69 71 70 72 70 71 69 68 68 70 68 69 68 67 67 64 67 66 68 69 70 69 70
    69 69 69 69 69 67 66 66 64 62 64 63 63 64 64 61 61 62 62 61 63 63 62
    62 64 62 64 67 70 68 66 67 67 69 69 69 69 69 67 64 63 65 68 69 69 66
    64 64 63 64 64 65 64 66 65 63 63 64 65 65 64 65 64 64 64 62 62 64 63
    62 61 61 60 60 61 59 58 57 58 56 56 55 57 57 57 57 57 58 58 59 57 58
    59 60 59 59 61 61 61 62 63 62 63 62 63 61 63 65 65 65 66 65 66 65 67
    68 67 70 69 68 69 70 69 72 71 73 72 68 68 68 66 66 67 66 68 66 67 67
    66 66 66 65 65 68 68 67 65 64 64 65 64 63 63 63 62 58 58 59 59 62 61
    62 64 64 63 63 62 64 63 65 64 63 62 60 60 60 60 62 65 67 68 65 66 68
    69 69 66 66 68 64 64 62 62 62 61 60 60 60 62 64 61 62 61 61 62 63 64
    63 65 65 67 65 67 68 68 67 66 66 66 66 65 65 63 63 63 63 65 68 68 69
    68 68 69 69 69 70 70 69 70 67 66 66 68 66 66 66 65 65 63 65 65 67 68
    70 69 70 70 70 69 68 69 67 66 66 63 62 63 62 62 63 64 61 61 62 61 60
    62 62 61 62 63 62 63 67 69 68 66 66 66 67 67 67 67 66 65 62 61 62 65
    66 65 63 62 62 61 62 62 63 62 64 63 63 64 65 66 66 65 65 64 65 64 63
    63 64 63 63 62 63 62 62 61 59 59 58 59 58 57 56 57 57 57 56 57 58 58
    59 56 58 58 59 58 58 60 59 59 60 60 60 62 61 63 62 64 65 65 65 67 66
    66 65 67 68 67 70 68 68 68 68 67 69 68 71 69 66 66 65 63 64 64 64 67
    66 67 68 67 66 66 66 67 69 68 67 65 64 64 63 62 62 62 62 62 58 59 60
    60 63 62 62 64 65 64 63 61 63 63 64 64 62 62 61 60 60 60 63 65 66 66
    63 65 65 66 65 63 63 65 62 62 61 61 62 61 60 60 61 62 64 62 63 61 61
    62 62 63 63 64 64 65 64 65 66 65 64 64 63 64 64 63 64 62 62 63 63 65
    67 67 67 66 67 67 67 68 68 68 67 68 66 65 66 67 66 66 66 66 66 65 66
    67 68 70 70 70 70 70 69 69 68 69 67 66 65 63 62 64 63 63 65 64 62 62
    63 63 63 64 64 62 62 64 62 63 67 69 68 65 66 65 67 67 68 68 68 67 65
    64 64 67 67 66 65 64 63 62 62 63 63 62 63 64 63 65 65 66 66 65 65 65
    65 65 64 64 66 64 64 63 64 63 63 61 60 60 59 59 57 56 55 57 57 57 56
    58 59 59 60 57 58 59 59 58 58 59 60 58 59 61 60 62 63 65 64 65 66 66
    66 68 68 66 65 67 67 66 69 67 68 68 68 66 67 67 69 68 67 67 65 63 64
    65 65 68 66 66 68 66 65 65 65 66 68 67 66 64 64 65 65 64 64 65 65 65
    61 62 63 62 65 62 63 64 65 65 63 62 64 62 64 64 63 62 62 61 60 60 62
    64 65 66 63 65 65 66 65 63 63 65 61 61 61 61 61 59 59 59 61 62 63 61
    62 61 61 61 63 63 62 64 64 65 64 65 66 65 64 64 63 63 64 63 63 62 63
    63 64 65 67 67 67 66 67 67 67 68 66 66 66 67 65 65 65 66 63 64 64 64
    64 64 65 66 67 69 70 70 71 71 71 70 70 69 68 66 65 62 62 63 62 61 63
    62 61 62 63 63 62 64 64 63 65 66 64 66 69 70 69 66 66 65 67 67 68 68
    68 68 66 64 64 67 68 67 64 62 61 61 62 62 61 61 62 63 63 65 66 67 67
    65 64 64 66 66 64 64 65 63 63 61 62 61 62 60 59 60 59 59 57 57 56 57
    58 58 57 58 59 58 60 58 59 60 60 59 59 59 60 59 59 61 59 61 61 64 63
    65 65 65 65 68 67 66 66 67 67 64 66 65 65 65 65 63 65 65 66 65 65 65
    64 63 64 65 64 67 65 66 68 67 65 65 65 66 67 66 66 64 64 65 65 64 64
    65 65 64 61 61 61 61 62 59 60 62 62 62 60 60 62 61 63 63 63 63 62 61
    61 60 63 64 64 65 62 63 64 64 63 62 62 63 60 60 60 60 62 61 60 61 62
    63 64 61 62 63 63 64 65 65 65 66 66 67 66 68 68 68 65 65 63 63 63 63
    63 62 62 64 65 65 67 66 66 66 66 66 66 67 66 64 65 65 64 63 64 66 64
    65 64 64 65 64 65 65 66 69 69 68 69 69 69 68 68 68 66 65 64 61 62 62
    62 61 63 62 60 61 62 62 61 65 64 63 65 67 65 67 70 72 71 69 70 68 69
    68 68 67 67 67 65 64 64 66 65 66 63 62 61 61 61 61 61 60 62 62 63 63
    64 65 65 64 64 64 65 64 64 64 65 63 63 62 64 63 63 62 60 61 60 60 58
    59 58 59 59 59 58 59 60 58 59 58 60 61 61 60 61 61 61 60 61 61 61 62
    62 65 64 65 64 64 66 69 67 67 66 67 66 63 64 63 64 63 63 60 63 63 63
    62 64 64 63 61 63 64 64 65 65 65 68 66 64 65 64 65 66 65 65 64 64 65
    64 65 65 66 66 65 62 63 63 63 64 61 61 63 63 63 61 61 63 62 63 63 63
    63 62 61 61 60 62 64 64 65 62 63 64 64 63 62 61 62 60 59 60 59 61 61
    60 61 62 63 64 61 61 61 62 63 64 63 62 63 64 65 63 66 67 66 64 64 62
    62 63 62 62 61 62 62 63 63 64 64 64 63 63 63 62 63 62 61 62 62 61 60
    61 64 63 63 64 64 65 64 65 66 66 68 69 68 68 69 68 68 67 67 65 63 62
    59 59 59 59 58 60 58 57 58 60 60 60 63 62 62 63 65 64 67 70 70 69 68
    68 67 68 67 66 65 65 64 63 62 61 63 63 63 61 61 60 61 61 61 60 60 62
    63 64 65 65 66 65 65 65 64 66 65 65 65 64 63 63 61 63 62 62 61 59 61
    60 60 59 59 59 59 58 59 58 59 59 57 57 57 59 61 60 60 61 61 62 61 62
    63 62 63 62 65 65 65 65 65 65 68 66 65 64 65 65 61 63 61 62 61 62 60
    63 63 63 61 64 64 63 61 62 64 64 65 64 65 67 64 62 63 63 65 65 63 63
    63 64 65 66 66 67 67 66 65 63 65 65 64 64 61 61 63 62 63 62 61 62 62
    63 62 62 62 62 60 60 59 60 62 63 63 61 63 64 64 63 62 62 63 60 60 59
    59 61 61 62 62 63 63 65 62 62 63 64 65 65 63 62 64 65 67 65 66 68 67
    65 65 64 64 64 63 62 60 61 62 62 62 64 63 63 62 61 60 60 61 60 59 60
    60 59 58 60 62 61 62 63 62 64 64 65 66 66 68 67 67 68 68 67 68 67 66
    64 62 62 59 60 60 61 61 62 61 59 60 61 61 61 63 62 61 62 63 63 65 68
    69 69 67 68 67 68 67 65 64 65 64 63 63 61 63 62 62 61 61 62 62 62 62
    60 59 62 62 63 63 63 64 63 61 62 62 64 63 62 62 62 61 60 60 63 62 61
    59 58 60 60 60 59 59 59 59 58 58 58 60 60 59 58 57 59 61 61 60 61 61
    61 61 62 62 62 63 63 66 65 66 66 65 66 67 65 64 63 64 62 59 61 58 59
    59 59 58 60 59 60 59 65 65 63 61 63 64 64 64 64 65 66 64 61 62 63 64
    64 62 62 62 64 65 66 67 68 68 67 67 65 67 67 68 66 64 63 64 64 65 64
    62 64 63 63 63 63 63 62 60 61 59 61 63 64 63 62 64 65 65 64 64 63 64
    61 60 60 60 62 62 62 63 63 63 64 61 61 61 63 64 64 61 60 62 63 65 62
    64 66 66 64 63 63 64 64 62 62 60 61 62 61 60 61 60 60 59 59 57 57 59
    58 58 59 59 58 58 59 61 61 62 63 62 64 64 66 67 67 67 67 67 68 69 68
    68 67 66 63 61 60 58 59 59 59 59 60 59 58 59 60 61 61 63 62 62 64 64
    63 66 68 68 68 67 66 66 67 66 64 64 64 64 63 63 61 64 64 64 63 63 63
    63 62 62 60 59 62 61 63 64 63 64 63 62 64 64 66 64 64 64 63 62 62 62
    64 64 63 61 60 63 63 63 62 61 60 60 58 59 59 60 59 58 57 57 59 61 61
    60 62 63 62 63 65 64 64 64 64 66 65 66 66 65 65 65 62 61 59 60 59 56
    59 56 57 57 57 57 59 59 61 59 62 62 60 59 60 62 63 62 62 64 65 64 61
    62 63 65 65 63 63 64 66 66 67 68 69 69 69 68 66 68 68 66 64 62 61 63
    62 63 61 60 61 61 61 61 62 63 62 60 61 60 63 64 65 64 63 64 65 65 65
    64 64 64 61 61 60 60 63 63 63 64 64 63 64 61 60 60 62 64 63 61 61 63
    64 66 64 66 68 68 66 65 64 64 63 62 60 58 59 60 59 58 59 58 58 58 57
    56 56 59 58 58 59 59 58 58 59 61 61 61 63 61 64 63 65 66 66 66 66 66
    67 68 67 67 66 65 62 61 61 58 60 60 60 61 61 60 59 60 61 61 62 64 64
    64 66 66 66 68 71 71 71 70 69 68 69 67 64 63 63 63 62 62 60 63 63 63
    62 63 63 64 63 62 60 59 61 61 63 63 63 63 63 62 64 65 67 65 66 65 64
    63 63 63 66 64 63 61 60 63 63 63 62 61 62 61 59 60 60 62 60 59 58 59
    61 63 63 62 64 64 64 64 67 65 65 65 64 66 66 67 65 64 64 65 63 62 60
    61 59 57 58 55 57 57 58 57 59 59 60 59 63 63 61 60 62 63 64 63 63 64
    66 64 61 63 64 65 65 64 64 64 66 67 68 70 71 71 70 70 67 70 69 68 66
    63 62 63 62 63 60 60 61 59 60 60 62 63 62 60 61 60 63 64 66 66 65 66
    66 66 64 65 64 64 61 61 60 60 63 63 63 64 65 64 64 61 59 60 62 64 65
    63 62 64 64 66 64 66 69 69 66 65 64 64 63 62 61 59 60 61 59 58 59 58
    57 57 57 56 56 58 57 57 59 59 58 58 59 61 61 61 63 62 64 64 66 67 66
    67 67 67 68 69 69 70 68 67 63 61 60 57 59 59 59 59 59 57 57 58 60 61
    62 66 64 65 67 67 66 69 70 70 69 68 67 66 67 66 63 62 63 62 62 63 61
    63 63 63 61 61 62 62 61 61 58 58 60 60 62 62 63 63 62 63 64 66 68 66
    66 65 63 63 62 62 65 64 62 60 59 63 63 64 64 63 63 62 60 61 60 62 60
    59 58 59 62 64 63 63 65 66 66 66 68 65 66 65 63 65 66 65 63 62 63 63
    61 60 59 59 58 55 55 54 56 55 56 56 58 59 60 59 63 63 60 58 61 62 63
    62 63 64 66 63 61 63 65 66 66 65 65 65 67 67 68 69 71 70 70 69 67 70
    70 69 66 64 63 65 63 64 62 61 62 60 59 59 61 63 63 60 61 61 64 64 66
    65 65 66 66 65 63 64 63 62 59 60 60 60 62 63 63 64 64 62 62 59 58 58
    60 62 62 61 61 62 63 65 64 66 68 68 65 64 63 63 63 62 62 60 61 61 60
    59 60 59 58 58 57 55 54 55 54 54 56 56 56 56 57 58 59 59 62 61 64 65
    65 67 66 67 67 66 67 68 66 69 67 65 62 59 59 56 58 59 59 59 61 58 58
    59 62 63 63 66 66 66 68 68 67 69 70 70 69 69 67 65 66 65 62 61 63 63
    63 63 61 64 65 65 64 64 64 65 63 63 60 60 61 60 63 62 62 63 62 62 64
    65 67 65 66 65 64 64 63 62 65 63 62 59 59 63 63 63 62 61 63 62 59 60
    60 62 61 59 59 59 62 65 64 63 65 66 66 65 66 65 65 64 63 65 65 65 63
    63 63 64 63 62 60 61 60 57 56 55 57 56 56 55 57 58 58 57 63 63 60 59
    61 62 63 63 64 65 66 63 60 63 66 67 65 64 64 65 66 66 68 69 70 69 68
    68 67 70 69 68 66 63 62 64 62 63 61 60 60 59 58 59 60 62 63 60 61 61
    65 64 66 65 65 65 65 64 62 63 62 60 57 58 58 57 60 61 62 63 65 63 63
    60 60 60 63 65 65 63 63 64 64 66 65 67 70 69 66 66 64 65 63 63 63 62
    63 63 61 61 62 60 59 59 57 55 53 54 53 52 55 54 54 53 54 55 56 56 59
    59 62 62 62 64 64 65 65 66 67 69 67 69 67 66 63 60 60 57 59 59 59 59
    61 59 58 59 61 62 63 66 66 67 69 70 68 70 71 70 70 70 68 66 65 64 61
    61 62 63 63 63 61 62 62 63 63 64 63 63 61 61 58 59 60 60 63 62 61 62
    62 62 63 65 67 65 66 65 63 64 63 62 65 63 62 59 59 63 64 64 63 63 64
    64 61 62 62 64 62 61 60 61 63 66 65 64 66 67 67 66 67 66 66 65 64 66
    66 67 64 64 64 65 63 61 59 59 60 56 55 54 56 54 55 54 56 57 58 57</data></your_img>
</opencv_storage>
