<?xml version="1.0"?>
<opencv_storage>
<norm_v>1.1414661624419709e+03</norm_v>
<input type_id="opencv-matrix">
  <rows>256</rows>
  <cols>256</cols>
  <dt>u</dt>
  <data>
    160 7 98 1 116 100 0 0 160 7 98 1 116 100 0 0 25 47 51 18 57 111 79
    58 48 76 107 85 95 27 35 78 47 56 70 52 57 58 83 16 122 100 125 67
    23 71 82 107 79 87 85 65 15 16 106 22 110 71 102 36 87 118 57 79 85
    98 109 49 19 76 44 70 92 38 111 79 88 20 51 61 124 71 13 101 113 20
    93 90 84 126 83 104 120 40 14 94 75 79 104 114 38 77 56 118 105 59 6
    113 10 58 56 78 84 36 52 50 27 61 32 115 81 102 106 42 118 60 113 21
    36 51 39 32 86 62 22 35 34 83 40 12 96 35 79 61 23 53 48 119 45 108
    8 18 78 4 113 33 27 75 16 85 44 117 92 96 106 38 19 26 80 30 120 64
    118 115 53 85 27 43 34 69 35 2 121 36 117 123 98 15 58 37 92 9 19 74
    79 100 26 88 53 17 57 83 115 13 14 91 99 104 119 86 48 7 99 35 9 63
    111 116 0 36 119 64 24 3 51 53 51 118 59 16 87 63 76 6 35 89 33 91
    13 114 48 119 127 122 13 102 0 9 91 79 120 45 127 108 52 37 10 96 43
    61 71 30 95 32 38 78 59 52 100 22 109 86 59 10 42 42 125 28 14 27 74
    107 83 67 115 99 8 103 78 120 13 12 3 82 73 112 117 1 126 96 5 84 73
    28 120 94 76 6 50 31 127 24 9 102 18 116 43 123 65 19 44 87 38 78
    109 109 81 4 96 107 31 43 28 115 53 121 88 12 76 5 4 127 15 94 19 34
    11 35 25 124 49 119 123 80 97 124 108 42 121 12 115 84 33 125 61 116
    49 85 27 3 57 37 1 98 75 64 44 73 43 100 26 3 78 57 37 59 26 15 31 3
    69 48 32 16 78 28 19 2 78 63 39 66 79 119 89 28 0 106 90 7 54 2 41
    31 4 93 96 122 40 112 16 33 12 33 53 22 118 65 53 30 29 123 69 100
    83 24 70 124 10 98 31 87 74 17 65 5 29 96 104 41 36 31 27 109 88 125
    29 119 51 8 54 63 103 77 40 89 57 11 75 80 68 76 24 76 93 119 6 81
    111 1 23 113 25 115 4 33 72 42 86 77 1 78 70 114 114 91 72 74 40 16
    65 97 46 28 92 28 67 32 28 24 19 30 48 70 117 14 44 65 106 30 75 110
    83 0 50 24 125 94 21 43 98 44 106 3 125 81 85 101 121 107 65 106 122
    61 95 81 50 64 19 108 13 66 1 7 91 5 74 36 12 96 87 42 101 22 56 14
    54 93 96 63 28 97 99 11 32 42 72 40 97 65 57 58 67 69 70 115 95 32
    45 43 78 32 40 99 88 3 69 67 73 49 73 73 80 1 107 97 56 10 113 73 0
    13 111 83 30 51 21 46 95 91 20 25 121 18 78 12 43 72 23 41 63 114
    117 69 86 91 63 29 116 122 117 95 16 112 127 122 110 84 31 30 25 32
    64 74 65 55 77 31 72 122 1 111 42 2 61 49 59 17 6 118 24 118 74 6 73
    3 37 30 31 14 127 91 74 15 26 117 111 69 126 32 125 97 94 127 29 87
    123 1 97 55 85 101 28 57 50 49 15 97 83 105 4 67 2 68 20 55 118 25
    46 108 0 55 57 5 2 69 13 116 22 49 122 107 123 5 103 109 47 100 30 7
    88 44 58 79 89 115 0 121 11 24 44 111 70 55 17 31 8 38 57 98 61 116
    63 0 28 30 82 76 14 55 27 71 42 84 111 97 78 1 102 93 126 126 76 7
    17 74 27 101 95 18 29 108 33 58 70 104 72 77 124 6 60 55 19 124 84
    19 79 55 86 52 59 124 35 107 122 89 9 40 25 48 100 124 23 55 79 112
    115 7 43 85 83 1 101 29 0 108 120 72 52 120 122 72 120 21 119 109 7
    43 23 112 86 92 28 68 73 48 46 72 70 34 29 11 4 88 61 107 42 67 83
    48 84 37 42 50 9 22 79 32 71 28 42 77 17 50 19 73 66 115 85 45 47 56
    58 54 43 97 62 122 5 66 96 80 43 7 44 108 29 52 49 31 117 1 60 65 96
    94 23 64 79 74 33 85 97 72 115 21 58 125 61 83 41 81 25 66 114 10
    124 2 20 57 91 32 4 113 78 75 61 43 111 50 79 28 57 119 93 8 43 28
    92 31 111 9 84 36 17 125 121 4 61 47 38 56 75 56 33 104 37 102 26 86
    71 16 57 111 9 1 52 87 77 88 55 63 89 83 0 44 70 22 32 112 16 39 72
    118 80 92 51 12 124 63 78 82 66 99 20 65 50 75 13 54 79 90 89 62 62
    5 101 111 10 95 85 47 13 7 73 45 2 59 95 41 20 46 36 100 126 9 125
    28 7 68 121 90 63 12 105 69 11 10 102 11 77 58 21 34 20 8 2 57 2 91
    73 2 39 9 81 7 86 98 37 88 36 28 22 67 75 98 98 106 18 101 20 30 108
    61 25 71 123 126 125 27 92 93 35 36 41 76 109 125 16 87 119 64 89 56
    5 14 33 49 105 101 26 103 114 60 64 74 56 62 61 13 73 106 13 44 0 29
    111 7 110 10 120 47 29 31 32 112 91 79 65 87 119 44 98 124 43 61 106
    102 63 61 28 64 1 58 63 29 118 47 114 66 82 40 87 87 125 90 28 58 46
    116 64 18 29 0 58 127 32 100 118 55 8 26 20 24 29 90 54 17 34 93 20
    9 46 101 3 89 97 4 127 74 75 89 37 11 110 28 44 75 82 72 56 20 52 24
    15 52 114 53 86 71 65 52 73 63 110 124 107 6 24 28 62 62 111 78 61
    63 103 23 24 95 11 76 41 79 81 27 118 1 117 81 45 85 38 58 49 16 33
    35 1 80 81 117 33 93 110 8 7 10 4 115 102 31 32 122 98 97 40 94 60
    97 26 118 45 34 11 12 118 86 92 54 30 76 121 77 1 74 97 112 80 77 29
    79 15 91 2 1 123 117 56 98 33 93 2 63 52 64 75 112 86 48 79 20 42 7
    125 58 112 63 47 41 54 105 94 12 109 23 77 49 5 101 127 33 116 118
    57 36 89 95 53 75 25 24 24 98 19 116 14 107 73 85 14 62 121 104 31
    53 16 69 66 7 75 23 64 82 68 4 3 33 38 61 21 127 66 92 124 87 90 88
    35 30 88 105 57 59 95 89 97 127 109 3 99 48 46 35 65 106 84 67 53 95
    50 88 116 87 67 33 104 106 60 104 6 117 93 54 88 12 68 97 87 57 31
    60 110 58 114 1 29 66 10 104 26 117 47 6 82 84 109 3 110 83 42 28 60
    69 32 52 40 7 79 26 94 29 21 30 14 101 38 13 34 96 46 109 121 43 60
    11 83 20 126 41 4 40 63 6 62 38 92 98 119 5 7 76 63 46 91 80 24 29
    77 71 105 87 110 36 39 2 70 56 111 20 3 106 16 45 58 54 45 46 112 32
    108 83 51 108 24 64 126 121 58 81 61 37 27 34 23 31 94 24 48 44 65
    55 49 125 24 5 71 85 39 90 99 24 64 87 92 119 89 36 17 16 26 47 45 0
    88 31 35 119 110 55 127 83 102 108 37 74 107 20 121 98 103 101 88 39
    100 29 47 116 25 50 120 8 52 95 48 110 30 47 83 85 116 71 84 15 41
    92 54 126 47 10 101 8 83 46 124 29 15 43 113 127 115 75 44 28 10 64
    120 79 68 70 111 77 58 12 35 89 0 51 72 84 16 5 50 107 8 101 101 52
    1 65 73 20 63 28 14 73 84 42 124 43 125 102 114 30 23 56 91 59 107
    15 109 80 36 93 56 127 125 63 19 21 10 62 60 19 70 45 116 107 103 18
    110 88 42 48 124 115 26 116 44 102 111 47 42 14 108 81 3 118 63 40
    59 61 125 126 82 88 67 114 24 111 77 77 116 71 51 51 116 27 65 22 96
    104 87 100 43 109 41 35 82 64 5 104 62 21 17 79 101 84 39 19 35 23
    53 21 8 100 49 13 48 78 38 71 96 13 41 48 14 92 106 2 98 97 11 82
    111 118 67 91 4 5 126 68 77 104 41 121 98 27 40 17 11 17 68 85 45 91
    106 100 84 86 121 4 30 70 98 106 0 123 45 126 73 10 33 49 54 19 68
    17 100 115 55 16 64 3 33 111 106 109 33 121 30 20 19 51 120 25 49 38
    67 53 115 44 38 8 85 72 115 110 14 101 34 95 89 17 25 95 86 29 10 19
    65 106 68 62 34 104 53 25 97 13 72 21 67 90 32 91 39 126 75 69 46
    106 55 68 4 54 67 62 48 109 124 38 118 13 29 12 51 91 97 31 12 14 90
    74 28 101 86 37 114 14 37 72 24 23 80 126 71 18 32 115 6 42 118 77
    13 41 119 80 68 77 14 8 125 41 57 59 126 75 90 69 78 8 68 127 109 65
    82 93 25 65 110 65 48 1 33 78 25 111 30 87 122 88 66 43 67 80 80 90
    58 89 111 54 90 71 11 122 11 35 78 98 44 119 127 25 10 54 106 65 64
    107 110 12 25 35 117 89 13 58 13 4 13 109 32 79 50 77 103 96 76 92
    35 73 69 17 113 92 28 112 80 80 102 33 12 5 70 48 18 16 89 66 33 13
    20 78 67 28 5 24 71 97 81 18 57 94 97 32 66 56 4 101 88 21 65 32 60
    23 106 2 36 33 44 22 117 27 116 73 56 16 36 25 121 75 3 64 43 21 25
    42 21 80 110 117 0 79 18 17 37 7 36 39 72 49 2 65 58 98 2 9 46 125
    105 23 93 5 50 30 29 73 31 56 113 2 28 34 90 81 96 115 42 47 115 78
    27 22 40 40 13 82 7 27 0 34 36 88 117 114 18 4 46 48 109 67 71 18 92
    106 99 36 5 80 18 97 120 55 127 89 101 7 58 40 115 12 102 54 86 116
    105 87 71 120 88 37 90 113 53 103 119 5 22 8 11 65 124 11 28 115 91
    82 83 96 111 102 108 121 22 85 100 18 96 27 82 8 24 115 119 51 2 20
    125 28 3 50 38 6 78 86 50 85 70 15 0 30 48 6 64 27 1 32 30 72 39 59
    12 61 42 60 126 54 19 19 114 124 72 97 11 109 47 28 40 36 49 0 29 27
    53 114 115 105 98 67 7 2 76 123 110 36 31 96 88 68 29 107 21 98 70
    60 77 6 14 72 120 66 21 110 58 111 34 6 118 37 19 45 104 79 6 84 125
    12 115 83 11 100 67 19 114 20 15 100 109 38 17 26 79 92 47 53 76 89
    69 116 112 14 51 73 111 10 3 26 103 15 38 99 13 83 58 20 67 50 116
    17 92 99 75 78 116 43 61 119 29 122 41 45 105 68 32 29 106 113 122 5
    68 18 30 115 108 41 105 5 11 36 82 34 13 23 107 71 24 32 16 31 119
    71 79 90 58 31 41 98 67 112 53 24 36 21 96 90 127 80 95 92 67 8 95
    89 33 62 25 59 19 125 77 92 33 78 102 49 13 88 88 64 77 106 23 38 34
    17 90 10 83 37 73 90 85 44 93 115 26 118 115 115 33 123 115 94 126
    83 84 60 74 64 101 64 121 62 8 104 91 117 83 23 12 37 108 84 9 82 33
    42 90 44 105 94 121 68 116 62 21 64 16 42 64 11 115 104 8 126 20 81
    10 80 80 114 4 109 99 8 80 23 6 23 19 63 69 42 105 14 71 23 71 92 91
    112 53 46 126 107 107 87 28 67 67 69 124 95 15 81 103 79 80 123 48
    28 34 83 18 27 28 88 17 42 83 10 0 68 86 92 105 29 123 94 27 85 61
    64 24 63 51 98 38 45 22 50 103 10 104 5 56 32 56 80 72 93 122 37 91
    62 19 33 91 64 54 98 48 41 122 33 48 7 69 64 111 44 23 103 66 110 58
    50 58 4 120 87 54 117 27 91 21 25 83 75 18 25 72 62 57 69 33 98 122
    4 48 85 39 2 70 15 39 120 101 73 68 18 118 4 34 76 49 125 5 114 92
    65 0 37 91 95 30 43 64 88 7 86 58 29 27 67 126 47 96 107 91 119 57
    27 23 58 104 62 105 105 101 8 45 87 57 35 102 60 44 88 125 51 11 46
    5 60 110 86 33 13 28 28 32 37 59 122 118 70 109 17 11 115 76 100 32
    13 72 85 108 73 56 114 86 49 17 21 84 31 91 0 40 107 19 12 39 36 100
    76 108 126 4 11 114 83 93 95 107 105 39 84 96 4 34 51 119 34 19 95
    93 72 14 14 3 99 81 122 94 46 35 48 114 1 99 57 67 38 96 82 54 52 80
    108 53 123 52 14 24 116 120 67 2 78 123 104 101 51 103 44 126 57 102
    90 28 63 108 36 61 80 44 72 64 32 73 19 60 111 12 67 65 123 24 51 34
    102 67 50 43 52 98 29 117 3 82 79 36 79 5 67 82 113 100 115 78 49 6
    111 97 27 25 52 90 100 108 44 124 115 108 17 57 25 48 44 85 3 16 3
    84 60 0 69 85 110 22 6 59 79 0 94 98 70 65 29 52 94 55 32 21 69 71 8
    75 107 104 89 24 73 19 45 123 14 78 112 122 30 83 77 64 108 40 24 6
    88 3 84 51 7 65 73 68 48 5 33 122 7 121 37 102 127 124 62 80 14 14
    101 90 24 20 117 16 19 120 105 38 3 9 98 114 110 87 127 124 57 13
    103 81 68 12 6 45 35 100 84 108 41 38 112 72 27 8 67 61 87 118 37
    116 67 123 7 46 32 23 52 18 33 13 48 10 41 59 58 63 27 110 67 0 122
    111 94 106 109 13 71 34 118 77 12 31 20 75 87 44 46 102 44 76 119
    116 63 37 9 35 75 58 102 42 77 86 41 119 60 127 41 35 111 15 114 112
    28 65 114 115 30 53 18 68 7 119 76 27 89 117 60 125 96 44 107 21 63
    112 106 45 28 96 86 43 29 34 29 62 25 65 31 6 94 2 25 109 126 19 72
    108 102 8 73 19 81 4 49 73 60 4 56 112 24 30 62 29 62 57 32 17 0 111
    35 18 34 71 112 124 61 108 121 70 17 102 77 31 124 63 1 7 18 73 116
    36 111 24 83 120 5 47 88 4 98 65 46 87 25 66 13 4 18 83 101 26 72 94
    17 79 64 89 39 50 5 113 21 109 62 103 31 55 4 125 2 79 104 37 15 6
    86 39 68 89 43 124 32 45 51 28 32 0 61 46 78 61 67 10 72 112 43 86
    57 26 105 22 61 82 39 87 37 121 54 58 83 82 21 84 12 49 43 102 127 7
    37 58 88 97 121 118 75 31 35 84 61 71 4 3 50 87 77 60 97 65 121 98
    112 12 17 93 115 65 4 42 62 27 56 70 29 22 108 2 45 118 46 82 51 89
    33 124 52 66 47 28 3 15 107 36 119 33 15 63 118 96 116 69 71 95 96
    84 8 58 107 14 126 78 16 20 109 88 119 6 18 100 89 39 93 68 9 95 113
    39 120 93 98 95 101 44 118 74 27 101 66 57 116 83 60 91 116 35 106
    86 32 67 96 98 92 8 5 29 48 32 116 39 39 50 11 124 61 115 98 73 8
    116 86 10 55 94 55 61 34 95 41 6 57 68 36 4 24 2 31 83 15 60 66 37
    26 27 110 4 55 29 76 69 109 125 53 34 75 17 31 117 43 74 85 66 22
    113 76 32 51 70 17 52 95 58 2 32 30 87 44 103 120 50 84 77 104 96
    103 85 60 101 61 103 5 15 30 35 86 69 36 14 19 109 37 104 106 59 8
    88 83 17 54 32 3 63 113 125 125 71 96 60 10 55 107 61 51 65 49 35 17
    89 118 113 93 23 93 56 111 35 71 30 98 73 65 68 92 45 109 60 126 81
    112 65 74 67 125 91 124 97 22 57 22 16 107 90 27 74 122 8 116 113 66
    91 50 91 60 27 54 1 31 115 116 33 102 100 126 48 33 44 36 61 56 16
    83 58 75 25 68 127 38 29 75 58 78 35 70 108 0 99 75 115 90 86 10 10
    22 115 100 113 17 2 70 18 58 11 50 99 48 50 74 63 118 70 37 49 21
    112 84 16 22 26 74 53 42 12 96 53 104 101 78 110 116 62 61 10 115
    100 96 12 40 118 45 63 52 85 113 26 69 76 21 31 123 1 37 73 118 37
    13 79 36 51 42 81 86 8 18 115 1 43 78 85 54 57 85 45 53 77 73 63 34
    127 10 113 38 125 116 34 76 16 56 16 103 57 60 66 7 25 114 121 1 18
    68 47 90 104 115 35 123 7 93 65 39 29 81 86 24 57 67 67 91 73 30 97
    33 39 71 121 18 77 54 111 96 59 23 99 109 17 87 99 84 100 63 110 6
    16 24 100 97 121 38 17 21 85 96 73 57 71 23 37 94 81 89 79 17 22 92
    127 93 114 15 101 115 99 14 118 124 121 0 21 20 126 122 126 103 118
    6 28 93 30 46 48 27 39 60 22 76 96 119 74 19 15 94 81 9 83 0 117 75
    78 89 36 60 15 4 37 14 30 49 53 64 43 103 93 103 50 72 3 115 17 91
    23 18 57 106 5 51 100 34 46 81 2 24 6 93 122 78 93 87 84 79 108 47
    99 104 104 120 110 93 30 45 5 120 115 37 85 12 58 120 31 42 106 92
    75 117 121 87 107 108 41 66 10 116 106 27 3 10 85 96 8 78 81 64 99 0
    61 124 43 25 69 103 114 19 127 69 111 13 0 20 87 117 7 104 91 90 117
    46 84 106 29 28 89 120 48 7 102 52 71 28 122 16 112 50 80 32 4 123
    123 97 116 92 82 81 78 63 66 87 115 16 86 75 125 103 90 83 64 101 99
    70 22 62 112 62 113 71 67 5 114 48 83 88 19 72 119 82 35 109 119 85
    41 22 20 71 109 70 41 92 125 67 53 67 34 30 29 98 82 66 116 52 59 35
    80 63 118 5 117 29 39 121 57 78 57 79 20 80 77 75 81 48 96 102 11
    110 10 5 36 22 41 44 35 37 28 20 127 57 101 102 86 58 114 29 102 15
    124 24 86 76 22 83 108 41 108 16 4 101 54 104 93 83 30 24 86 106 52
    126 60 21 6 103 66 52 75 6 34 37 112 49 5 4 104 10 23 74 101 40 28
    70 14 31 13 95 96 113 20 67 13 30 12 70 83 29 92 91 15 79 79 74 83
    95 39 62 102 46 22 35 94 102 43 111 88 38 108 8 2 106 35 117 106 101
    60 42 48 22 20 107 37 56 112 46 80 43 41 67 30 8 51 93 68 36 122 125
    62 59 31 32 122 1 94 15 71 41 64 109 100 109 93 74 73 121 78 90 18
    100 16 111 72 13 120 72 24 16 17 0 4 85 55 67 25 107 72 118 34 57 16
    122 90 114 71 125 25 103 43 126 110 110 106 24 70 37 127 37 123 91
    104 50 54 24 26 84 9 105 68 44 22 125 43 19 69 69 28 43 75 96 114 20
    43 83 124 66 91 16 64 46 18 105 86 49 85 21 0 33 17 30 9 80 116 77
    71 38 15 40 97 84 48 65 107 52 88 27 9 104 121 81 61 17 86 60 48 8
    12 78 79 9 71 63 77 19 37 66 83 81 85 125 44 67 121 16 51 36 48 39
    77 97 7 7 76 65 43 114 118 38 17 101 51 0 112 119 50 90 2 86 33 69
    107 40 33 6 115 99 1 62 78 45 103 15 14 111 123 111 78 54 75 55 72
    36 93 25 4 117 52 55 42 79 1 55 123 35 41 54 57 83 117 85 126 42 77
    29 122 52 83 89 120 14 23 93 15 49 37 56 124 62 21 95 11 116 39 118
    26 28 37 19 8 65 75 88 56 0 68 14 125 110 91 79 122 67 54 103 125 10
    54 82 90 123 0 50 121 116 19 4 102 1 45 61 52 17 43 24 79 44 39 66
    79 121 11 66 62 30 115 43 2 64 127 47 85 41 91 29 36 1 6 24 66 61 32
    8 38 83 42 3 105 97 41 77 124 86 100 9 95 57 11 49 36 79 56 109 61
    62 15 102 124 106 50 54 17 75 84 38 83 114 52 107 41 50 96 94 13 75
    98 123 69 9 70 96 79 86 36 15 8 33 74 108 108 39 110 81 91 110 34 9
    13 0 98 125 11 33 109 33 63 57 39 97 63 29 72 85 36 20 9 112 118 52
    101 47 101 14 57 63 4 24 65 71 58 101 31 123 29 27 116 34 47 90 50
    45 83 85 127 55 120 107 111 82 116 84 117 8 16 126 63 99 103 127 17
    78 70 96 16 5 79 79 30 112 83 68 57 97 62 54 33 105 31 65 81 113 107
    93 28 115 76 30 20 56 32 64 43 79 18 20 12 108 21 63 111 17 9 15 96
    26 23 89 84 87 110 119 50 39 70 56 14 2 36 89 19 26 13 125 48 78 59
    83 19 24 116 52 100 85 59 23 28 44 38 62 9 123 78 15 33 41 82 77 56
    97 56 35 123 81 66 124 78 105 83 115 97 124 80 104 68 86 116 104 111
    120 125 54 37 3 49 51 19 126 68 107 90 63 96 0 83 76 105 112 35 14
    30 36 7 59 95 84 92 72 28 50 8 50 57 69 67 12 68 20 35 20 54 28 113
    68 97 74 114 91 107 112 119 77 61 38 92 51 66 122 59 65 76 119 75
    119 25 110 7 19 69 29 51 102 60 92 64 23 39 110 46 53 7 25 16 52 32
    7 107 7 76 122 30 111 53 94 1 92 14 104 108 68 15 54 86 115 92 50 35
    67 26 59 87 98 20 67 100 11 18 103 67 122 118 15 121 97 120 74 79 57
    92 89 110 89 112 72 107 77 83 98 78 73 70 64 108 95 68 93 55 32 40
    20 45 123 1 21 117 52 3 50 127 106 19 6 106 71 99 81 34 111 70 119
    111 3 36 127 43 115 55 106 46 123 24 73 108 57 107 75 122 83 12 22
    35 34 30 123 25 97 96 17 110 112 124 53 109 21 67 7 52 30 102 103 23
    24 51 2 125 51 15 64 65 102 29 120 17 102 110 112 36 25 18 83 68 81
    3 18 109 101 43 122 97 70 54 50 46 44 41 52 71 61 10 99 3 85 75 16
    118 25 62 43 32 68 74 120 110 29 100 38 55 108 52 25 39 52 122 113
    53 118 22 99 17 29 99 65 92 83 47 2 36 97 116 24 117 54 19 69 120 80
    3 78 50 96 68 86 7 27 89 110 123 120 75 7 27 106 85 104 0 83 105 52
    77 5 52 58 79 80 123 42 47 44 102 15 65 46 120 91 22 111 84 22 84 61
    122 1 86 101 117 20 62 33 18 70 6 63 73 13 2 55 90 19 127 124 71 39
    112 46 43 66 23 109 30 42 56 96 106 27 71 4 79 103 70 45 29 40 125
    77 96 4 68 99 49 91 75 45 71 0 61 3 80 98 57 15 118 72 19 126 97 9
    101 54 47 102 47 116 89 58 4 14 54 16 113 96 57 17 22 15 98 59 19 36
    103 85 45 69 94 110 114 75 1 85 89 52 0 99 119 26 99 122 55 117 4 71
    61 126 5 56 48 17 23 94 45 114 96 41 125 56 18 67 93 103 22 4 27 94
    66 28 77 11 110 102 17 53 87 42 0 66 30 112 109 48 113 32 55 111 77
    123 41 113 57 90 58 0 79 120 64 8 109 86 52 105 14 38 76 117 48 121
    117 119 88 28 3 93 123 54 52 127 8 110 50 20 94 78 36 59 43 100 114
    120 14 14 117 20 82 26 64 16 60 88 101 60 3 66 32 37 6 96 73 109 120
    3 127 112 93 79 2 94 19 24 117 116 93 105 53 5 88 16 119 110 44 101
    82 84 59 92 28 53 56 80 47 51 21 27 76 42 31 98 17 106 61 92 18 80
    60 76 65 113 104 28 13 90 82 82 15 111 105 104 112 81 76 92 27 29
    124 100 61 126 115 109 76 68 118 31 58 92 127 2 6 5 31 49 53 86 96
    70 52 70 24 96 40 63 86 101 11 17 32 25 57 53 127 61 85 104 113 6 48
    62 33 125 12 69 9 69 31 34 88 100 72 4 50 54 23 18 116 119 32 26 113
    79 41 108 114 10 22 78 108 75 92 47 29 19 50 2 65 79 63 58 91 124 16
    94 37 31 61 53 125 69 70 75 2 14 126 3 84 63 37 41 59 34 32 125 110
    12 106 62 106 80 0 62 68 31 84 62 31 49 114 22 113 8 93 49 106 99 30
    60 38 11 100 12 4 122 15 25 12 108 75 32 3 97 73 94 5 40 34 72 86 27
    30 65 22 121 45 27 110 7 46 55 31 56 26 42 102 10 90 86 28 99 72 85
    61 5 30 120 80 10 32 83 42 43 26 65 46 67 121 101 57 103 97 4 9 95
    120 115 0 40 28 83 9 104 56 15 98 60 11 44 16 80 93 66 58 60 111 44
    115 28 67 3 103 93 57 121 120 73 100 100 79 94 32 79 99 59 12 113 31
    41 11 41 33 34 105 32 115 99 85 110 124 108 42 8 57 8 63 37 12 120
    27 76 122 25 23 25 104 78 52 36 40 21 32 26 51 15 17 42 48 52 59 29
    64 43 21 15 38 89 70 58 63 7 53 1 127 85 95 23 4 81 90 8 33 8 39 90
    12 64 96 30 88 120 6 31 113 48 12 95 60 56 58 112 65 15 21 103 104
    25 49 127 7 31 76 89 45 122 13 4 56 3 118 20 68 36 50 49 18 109 92
    81 99 26 110 25 17 27 64 77 95 109 34 86 57 107 19 29 75 9 117 56 7
    55 30 38 25 92 32 7 24 39 36 4 55 62 38 43 56 17 59 72 97 43 24 2 24
    125 71 11 10 58 73 65 4 52 101 1 37 47 97 78 103 5 2 79 69 102 33 67
    126 50 120 10 84 95 37 67 6 20 115 15 67 37 42 103 113 95 88 18 72
    77 53 61 30 4 127 8 117 9 75 71 81 26 108 29 92 50 119 48 68 50 0
    112 39 110 127 124 21 84 121 25 60 78 39 30 35 22 71 11 30 114 103
    60 75 10 80 91 111 65 72 29 122 78 34 67 21 31 78 86 20 127 120 7 88
    12 19 90 28 78 60 79 18 40 126 58 95 66 80 39 53 12 24 77 1 21 84 5
    114 105 60 122 91 27 10 43 93 67 56 17 121 97 44 101 44 3 21 3 49 52
    45 40 91 82 85 50 22 66 5 10 28 53 1 98 109 39 81 8 34 119 25 46 87
    40 31 107 110 4 68 112 74 7 83 113 122 24 85 16 22 33 57 102 43 26
    26 104 114 74 89 36 5 69 30 108 44 111 118 102 18 69 102 51 103 20
    26 99 47 13 26 38 123 127 127 7 91 101 31 70 11 91 99 35 39 59 126
    115 120 105 106 108 61 26 24 3 53 66 12 8 81 4 65 98 19 10 18 7 117
    63 50 48 33 111 44 126 106 105 99 61 62 55 50 111 71 85 60 40 92 23
    31 24 36 24 7 122 5 117 97 28 41 19 37 24 13 12 42 114 9 22 10 91 15
    14 39 35 36 91 20 2 19 87 74 5 12 82 23 26 75 95 10 123 59 71 8 60
    23 61 103 9 120 75 54 117 101 50 116 115 121 118 44 85 37 101 23 118
    79 61 86 57 53 126 54 72 95 92 51 127 87 58 120 48 14 127 81 30 105
    16 26 4 21 48 27 28 56 72 126 114 2 107 24 65 5 37 12 85 59 71 38
    111 96 7 5 39 45 9 38 89 106 107 115 98 0 24 21 117 67 113 51 53 44
    99 8 8 1 51 58 125 31 80 86 15 96 6 29 83 12 0 106 52 109 92 102 34
    93 63 5 37 80 76 20 76 86 124 127 58 55 29 5 122 63 24 25 66 8 22 44
    63 12 38 0 21 76 80 59 55 126 21 70 92 77 102 111 101 121 90 36 69
    121 92 17 87 103 16 17 118 17 11 110 14 69 23 19 16 49 70 110 115
    123 43 80 75 102 77 84 93 117 77 18 53 3 9 119 109 98 1 87 89 4 0
    102 37 25 34 65 82 102 100 115 67 95 11 9 100 24 94 91 30 15 34 12
    110 121 90 101 0 72 89 38 114 96 107 65 54 40 87 103 120 80 97 4 46
    19 91 95 97 106 65 15 72 3 58 11 12 63 13 52 21 49 57 87 80 115 0 82
    30 114 19 58 101 113 120 99 109 89 104 19 110 74 62 56 76 124 72 93
    37 4 41 75 104 74 123 89 18 75 100 87 12 25 35 120 96 10 61 104 87
    24 38 93 113 55 4 10 31 38 94 47 39 43 118 12 64 85 3 100 48 36 115
    106 29 42 32 69 86 117 62 82 35 112 80 109 59 0 54 126 34 77 57 112
    43 62 4 21 25 0 75 124 19 78 27 48 19 116 119 57 85 58 102 73 5 26
    105 34 94 41 69 35 10 83 100 30 34 15 8 16 11 66 29 1 71 28 116 10
    51 74 7 64 37 94 79 52 9 25 10 75 111 77 59 59 54 81 10 62 35 98 90
    11 17 63 115 79 95 26 53 53 30 103 77 108 100 112 5 123 100 15 37 44
    10 78 111 98 86 17 25 15 112 89 35 9 79 2 76 25 45 119 69 0 2 38 12
    23 12 58 111 21 86 20 106 121 116 114 66 75 2 127 113 63 105 61 5 89
    29 46 7 100 123 85 100 23 31 65 63 123 103 51 28 25 0 80 124 123 74
    118 69 92 97 62 33 12 77 73 22 32 3 43 14 64 88 123 11 74 127 112 34
    127 7 115 104 71 111 65 99 97 71 121 58 24 73 39 56 10 27 110 9 55
    94 44 5 77 73 38 126 96 7 75 99 1 110 92 43 16 121 96 127 105 3 46
    58 103 60 121 27 41 44 97 4 52 80 27 112 112 44 113 50 88 105 19 111
    39 98 18 109 41 6 29 104 8 106 22 65 84 84 37 69 5 110 46 80 111 5
    86 105 15 74 40 59 106 73 50 62 6 87 106 92 1 39 57 96 105 124 82
    121 127 72 46 45 5 6 114 80 108 95 115 55 65 16 30 51 5 105 108 30
    57 82 92 84 60 34 65 99 40 121 92 38 121 0 61 83 46 106 60 119 37 68
    113 7 83 59 88 122 80 29 54 20 86 43 98 97 106 18 0 0 21 105 37 29
    45 75 68 84 64 34 97 4 56 29 1 123 124 44 126 50 52 89 110 127 90 6
    99 76 22 83 39 127 111 24 39 62 104 75 106 96 7 32 4 55 105 0 21 102
    32 20 125 117 33 22 42 127 91 48 93 27 67 39 40 38 45 35 116 85 34
    118 4 70 57 14 19 80 17 19 76 46 110 54 42 49 102 88 91 5 82 72 35
    70 100 95 110 116 105 31 120 11 9 54 67 106 72 3 50 6 34 55 74 39 51
    78 73 99 89 108 119 87 79 109 100 14 29 125 65 69 80 43 95 74 15 6
    108 29 66 87 4 109 64 42 76 114 75 79 24 86 84 102 62 48 49 122 89 6
    13 35 72 50 87 43 113 107 47 94 43 58 112 109 44 69 71 6 56 40 125
    16 79 5 38 4 91 73 78 22 123 56 121 12 104 80 26 2 38 50 107 89 97 0
    75 105 121 54 122 37 119 70 52 64 3 35 16 42 58 67 124 70 32 113 60
    5 12 110 113 48 44 27 37 47 82 66 100 93 5 104 118 96 117 16 65 87
    81 44 93 80 101 98 114 92 107 65 109 49 106 34 16 123 42 24 25 17 52
    119 36 43 18 28 2 17 10 53 102 83 1 4 72 105 36 86 41 91 57 31 97 9
    79 0 72 49 19 79 69 10 6 53 92 67 21 106 88 76 108 69 119 101 126 89
    57 23 122 3 65 69 96 59 106 122 109 68 4 62 126 93 68 116 70 15 29
    123 109 79 54 101 40 54 94 98 85 99 80 19 84 124 88 1 68 127 116 2 5
    83 5 42 54 37 30 27 22 107 81 46 30 61 123 53 16 38 96 52 127 0 24
    109 112 94 40 101 119 72 36 92 103 87 36 110 105 55 29 35 1 95 51
    118 52 110 88 24 35 73 74 51 75 22 109 112 61 92 97 11 5 7 29 77 106
    87 34 11 15 81 84 85 58 84 110 23 59 44 20 114 30 113 115 126 31 1
    98 107 86 126 35 15 65 102 46 83 86 100 59 51 37 103 18 75 71 46 101
    42 100 47 85 14 38 6 101 100 6 3 74 52 54 119 0 27 50 5 106 54 51 3
    118 63 71 8 92 35 115 86 0 44 9 25 86 75 103 4 59 101 29 71 58 9 23
    114 101 123 53 73 80 114 126 83 88 45 32 51 76 79 60 120 52 78 77 90
    53 92 44 49 106 84 0 116 104 117 35 31 104 85 100 57 100 57 57 110 9
    82 49 38 49 32 17 4 0 67 87 4 75 82 63 107 125 88 45 112 122 82 110
    81 13 82 88 19 93 97 84 1 92 79 60 2 3 97 44 99 84 27 77 5 99 107 57
    33 17 84 24 46 0 3 126 43 103 75 25 120 119 117 125 76 47 117 20 88
    61 109 44 30 5 51 61 125 115 61 61 69 63 71 104 26 47 107 102 98 18
    57 65 35 116 115 23 117 57 25 109 67 118 93 68 81 118 48 115 4 60 46
    50 64 97 100 11 112 122 70 48 78 37 59 2 82 7 100 16 104 6 53 14 29
    110 9 115 98 102 93 98 83 9 27 44 37 108 117 69 99 73 118 100 25 113
    5 2 8 13 5 29 4 22 0 95 18 79 119 120 32 117 102 22 86 18 83 20 86
    116 93 1 14 80 58 12 19 11 47 113 18 30 72 120 112 105 65 91 0 101
    40 118 98 53 66 35 37 0 27 33 20 47 109 112 4 32 80 84 78 8 5 39 11
    42 2 24 33 10 96 109 86 55 67 22 32 65 22 7 81 40 6 53 74 82 31 100
    43 12 46 91 118 61 95 10 52 14 63 38 52 36 2 27 54 16 120 84 94 29
    66 117 108 7 29 112 114 80 106 124 46 82 90 61 8 3 24 54 17 7 15 33
    117 50 21 0 104 122 98 53 45 19 13 47 103 106 114 13 56 31 51 108 81
    48 17 27 90 56 91 38 38 93 114 19 15 5 37 90 3 76 19 49 50 111 73 85
    88 60 20 88 103 74 47 7 92 116 125 122 23 55 1 27 19 8 76 10 50 89
    66 110 38 38 92 100 96 71 81 81 99 45 102 45 122 32 103 94 72 121 67
    25 77 93 3 95 46 39 42 91 100 22 70 35 82 21 28 13 28 122 86 45 64
    67 5 12 31 18 13 54 78 74 127 83 59 78 112 6 112 18 119 53 102 104
    22 50 90 83 8 38 89 71 67 29 46 84 51 107 24 33 111 18 69 119 0 49
    92 17 54 45 81 83 1 115 102 39 62 74 54 21 23 2 127 31 127 83 49 93
    26 91 53 64 106 75 104 108 48 89 100 47 61 62 116 5 2 23 21 120 108
    116 78 24 90 75 56 6 58 27 92 119 51 49 106 49 59 35 78 72 5 110 80
    100 89 39 86 88 87 85 67 62 4 81 107 108 79 41 126 74 30 24 124 0 51
    103 28 101 22 78 96 15 67 105 8 62 111 86 64 39 93 79 104 115 98 33
    109 111 35 80 57 91 125 26 19 108 23 28 50 17 18 66 77 93 60 37 72
    74 44 107 22 31 104 125 96 78 32 90 29 28 5 24 124 110 76 100 34 92
    41 15 25 33 22 101 98 68 10 31 17 10 47 116 115 80 84 107 114 19 96
    40 127 107 53 120 17 25 102 80 70 95 16 101 100 72 76 88 11 56 104
    88 80 7 102 87 101 65 91 2 42 105 17 35 98 7 29 91 46 61 78 80 10 51
    54 46 73 38 45 81 3 44 88 119 106 92 30 31 65 14 62 91 74 32 55 41
    119 58 7 63 62 10 83 53 53 1 70 36 11 54 42 38 120 43 37 57 77 110
    77 55 22 20 93 97 119 32 37 26 0 94 80 1 57 83 46 42 52 39 107 64
    100 44 98 112 78 92 101 1 45 52 89 43 123 22 24 83 50 20 118 27 110
    4 78 117 11 107 44 83 105 16 73 3 22 4 95 20 3 117 8 17 45 31 52 106
    31 90 124 62 80 76 88 90 6 124 107 86 5 51 64 80 95 32 101 44 124 21
    97 117 95 65 97 11 38 58 27 113 116 33 30 61 78 12 87 19 4 124 85 14
    23 3 59 58 76 5 66 7 85 1 26 24 53 4 74 78 18 82 110 43 121 101 23
    33 1 53 95 127 7 127 45 111 10 65 63 119 95 88 50 93 25 35 85 119 4
    104 35 28 98 35 1 92 100 98 115 22 43 103 25 69 97 32 108 76 101 30
    27 0 125 111 125 107 38 122 97 65 39 111 110 40 86 92 108 94 50 46
    34 22 54 123 22 112 117 69 76 0 42 80 38 49 30 114 27 39 70 88 68 47
    124 101 113 123 45 42 84 16 56 125 17 64 20 82 93 18 82 108 20 77
    110 23 3 96 53 1 36 62 76 75 10 17 96 107 78 92 36 80 88 104 116 22
    38 122 102 83 56 103 90 88 5 83 107 1 81 120 6 126 95 38 56 48 66 99
    67 58 94 105 41 15 25 95 85 36 105 98 42 110 107 84 105 69 71 84 7
    76 11 79 123 105 24 101 127 83 38 83 117 50 64 40 11 116 40 74 74
    115 99 12 33 76 24 127 20 114 39 79 127 83 1 108 0 1 118 24 5 71 12
    95 89 57 18 5 63 59 40 65 23 68 12 110 61 123 122 38 62 42 89 85 82
    79 104 28 59 127 86 109 32 127 83 107 19 58 9 4 68 53 69 43 18 30 15
    112 19 106 82 15 68 47 49 105 87 28 24 78 121 119 2 39 80 39 83 22
    48 6 41 121 11 104 43 10 50 48 79 12 10 110 19 17 85 36 7 26 80 9
    110 33 93 123 111 65 92 72 89 63 95 76 53 97 27 2 105 121 72 107 119
    23 124 110 28 103 93 64 28 114 62 45 90 53 100 15 19 67 54 5 43 92
    95 121 34 18 6 48 96 28 35 104 49 29 6 80 89 25 104 86 89 88 48 5 71
    109 95 93 105 10 84 16 96 52 100 28 35 66 83 33 91 53 126 123 38 92
    107 56 34 36 33 82 6 41 84 22 92 124 70 90 5 81 113 53 114 109 39 4
    1 99 111 32 18 81 59 126 51 62 50 20 77 49 71 5 110 96 102 59 62 21
    44 94 48 86 126 15 93 33 6 3 55 3 63 126 83 53 40 103 101 27 6 27 31
    112 89 23 7 26 94 94 28 75 72 127 43 27 102 19 31 112 82 45 38 22 10
    10 17 87 20 91 42 96 15 123 59 120 72 69 41 125 42 118 104 58 82 89
    45 11 119 97 83 60 37 7 18 110 111 29 51 72 103 76 32 103 8 54 48 17
    81 57 17 97 51 43 35 110 33 111 94 75 103 113 22 50 25 25 74 29 110
    111 0 2 46 31 52 88 87 61 123 11 95 0 45 35 8 42 15 31 0 56 13 74
    119 17 74 103 81 9 98 55 106 49 44 104 93 78 114 83 42 34 44 60 125
    42 85 6 112 66 96 44 72 77 117 118 53 58 57 31 70 106 72 115 78 21
    19 74 66 3 70 32 15 0 72 44 17 27 83 61 18 88 86 89 75 60 1 94 60 69
    38 82 63 47 82 53 91 27 43 7 82 70 46 38 23 53 120 117 79 110 9 13
    12 101 97 71 50 120 43 30 105 19 101 102 101 119 67 3 88 122 117 89
    46 80 6 109 4 1 79 85 16 50 47 113 63 113 16 34 125 59 4 37 4 88 18
    115 87 100 84 26 4 38 107 96 114 1 62 90 65 109 5 47 78 112 115 34
    106 120 113 46 72 11 3 92 44 81 62 43 30 103 97 60 95 52 127 37 38
    110 121 32 85 31 10 79 47 22 7 47 121 65 99 48 117 120 21 127 122 99
    63 113 31 38 80 23 48 12 78 68 62 25 92 21 10 28 86 124 69 120 102 4
    75 72 98 86 15 6 82 121 108 116 34 2 12 34 101 64 16 23 122 117 59
    84 95 85 32 120 65 57 123 64 126 12 109 52 90 45 28 31 110 82 33 90
    83 62 107 100 91 64 26 123 49 44 0 118 6 59 58 83 10 36 47 46 26 125
    17 100 107 60 99 127 3 118 83 23 44 69 120 63 78 42 1 54 59 60 69 71
    41 80 21 15 48 98 40 13 83 29 79 39 5 82 111 110 117 40 24 42 38 53
    24 53 31 106 76 47 9 8 64 64 116 44 94 74 32 95 5 3 118 18 79 48 93
    79 100 121 87 69 5 124 32 108 114 81 102 64 62 80 7 39 16 91 43 26
    20 26 46 94 124 91 43 102 99 1 106 69 98 72 80 45 106 55 11 90 67
    119 0 86 101 63 40 121 48 26 37 45 13 24 18 40 44 109 73 96 39 91 65
    77 26 29 74 16 111 84 77 61 51 65 26 76 54 124 61 6 3 85 83 76 122
    28 34 101 122 56 126 28 96 125 14 9 58 127 0 66 24 79 121 30 116 46
    65 71 29 88 29 32 15 18 34 75 69 7 88 11 113 52 73 61 84 40 69 113
    33 116 7 102 9 41 119 121 86 54 91 39 111 22 38 117 87 8 38 56 41 45
    85 47 122 46 112 81 79 113 24 127 103 113 43 36 122 104 42 24 32 110
    86 6 114 15 97 89 92 1 45 32 82 107 75 71 44 38 121 25 116 52 122 83
    77 21 5 60 3 120 118 41 11 62 124 75 2 50 67 24 44 24 67 120 77 97
    115 125 22 86 57 53 44 54 79 10 109 87 1 104 9 119 43 59 28 46 77 6
    4 25 110 106 116 48 100 28 91 21 53 47 85 115 20 55 40 80 102 19 35
    62 95 126 57 24 3 87 92 8 16 70 45 18 92 115 109 47 72 31 71 63 95 8
    58 72 31 30 68 73 48 114 26 109 91 70 9 94 105 73 20 69 26 94 54 102
    42 24 104 81 94 92 46 21 95 21 28 18 34 8 100 113 36 71 119 36 123 4
    74 121 48 9 18 94 92 90 84 12 116 91 26 82 24 51 102 83 77 90 23 11
    26 22 36 25 8 73 28 27 89 87 3 108 46 40 107 116 52 124 118 125 11
    56 90 81 68 107 68 79 59 4 71 34 62 21 112 127 19 51 24 112 89 39 24
    95 103 40 122 55 45 119 113 3 35 115 4 83 51 79 93 13 11 75 85 8 32
    48 33 120 41 119 14 11 16 57 86 7 24 79 69 92 120 13 35 116 49 31
    103 29 1 98 73 78 39 18 43 80 111 68 110 38 42 95 37 109 109 81 19
    78 44 44 106 66 47 69 69 118 36 82 27 92 109 86 2 102 7 31 117 58 56
    22 106 55 124 17 49 38 32 119 59 60 61 86 104 75 57 127 14 45 108 99
    29 127 18 91 20 110 63 68 86 46 109 46 40 28 94 84 21 118 27 48 24
    33 10 11 1 56 110 17 10 63 102 30 57 60 88 123 61 47 15 52 36 121 44
    55 13 120 67 10 67 114 67 86 2 125 25 86 16 40 23 65 1 104 6 0 87
    124 86 78 110 86 97 104 13 105 99 7 56 120 67 96 99 120 23 104 81 97
    5 92 35 68 106 83 99 127 122 14 113 9 109 126 22 9 19 15 65 125 105
    44 50 6 122 2 34 22 36 103 86 7 97 14 58 61 37 101 113 14 126 86 42
    20 61 90 112 98 50 64 8 81 72 52 22 23 94 113 102 26 87 2 20 8 115
    36 96 39 124 108 46 118 94 102 73 93 55 55 99 12 20 30 63 73 81 100
    36 25 94 42 91 34 55 33 35 78 103 105 66 93 64 116 122 14 94 5 9 94
    12 119 57 26 118 116 25 43 108 46 82 108 72 10 60 11 6 42 21 89 81
    109 36 124 7 40 4 37 47 125 94 35 122 120 102 56 76 123 6 78 105 21
    2 97 6 92 120 98 54 19 87 105 29 79 109 84 32 20 116 36 113 122 65
    53 16 123 66 72 39 110 96 6 69 4 86 80 28 10 76 78 122 118 98 50 49
    9 66 98 59 76 59 108 117 24 25 114 98 118 96 19 4 59 1 103 101 102
    70 38 106 115 104 71 38 82 23 16 77 106 121 67 41 3 25 12 67 32 89
    19 36 97 45 34 69 125 40 14 81 51 119 35 41 96 74 85 48 127 69 110
    112 47 113 127 121 76 116 123 9 77 26 4 40 11 18 76 14 2 89 44 10
    112 41 39 36 69 10 46 28 18 118 84 32 51 66 51 7 47 89 87 57 127 71
    19 7 59 88 62 24 67 7 66 70 29 52 95 21 79 109 63 87 123 45 55 20 66
    53 63 124 46 66 58 11 54 53 126 28 58 0 2 44 1 67 67 124 121 45 72
    80 17 27 43 110 9 115 96 7 78 57 35 90 102 124 48 119 60 21 80 72
    103 58 0 57 122 111 98 16 70 49 19 94 29 55 12 71 28 61 44 52 26 32
    43 74 26 49 19 97 34 110 47 119 126 52 37 57 1 62 8 50 85 32 114 22
    74 51 5 124 0 110 35 65 41 97 125 101 18 26 58 83 114 22 100 25 98 0
    7 30 57 122 73 53 70 91 26 54 119 48 95 117 28 88 103 115 19 98 35
    12 123 127 23 121 10 34 99 23 86 13 104 70 71 26 21 93 46 106 18 34
    67 9 90 127 49 17 82 64 125 0 100 110 35 123 95 35 122 41 127 116
    110 50 2 97 83 16 87 99 120 126 50 92 13 105 58 102 85 49 30 93 3 50
    83 96 1 25 69 51 17 28 39 100 90 78 122 58 15 18 10 19 105 78 19 114
    109 40 23 83 53 47 50 3 102 43 40 28 111 63 95 68 86 106 91 65 51 28
    40 37 78 71 60 91 61 47 77 82 109 61 18 66 14 10 103 68 23 91 31 110
    113 58 34 2 123 86 94 99 76 84 78 33 58 0 6 120 74 98 5 15 37 126 3
    31 78 93 59 52 109 127 94 117 18 20 40 24 107 86 23 122 38 43 24 1
    77 57 18 104 47 101 1 76 24 13 43 85 53 118 95 114 29 9 70 122 53 44
    106 34 34 120 92 77 111 4 107 107 24 122 109 80 60 78 16 51 95 95 88
    82 23 53 92 68 5 116 37 124 67 55 89 1 120 109 13 90 6 63 78 105 30
    59 109 90 89 119 69 123 115 22 22 74 5 44 25 43 93 50 48 97 87 33 60
    108 115 84 24 44 67 115 16 17 76 57 73 74 21 102 70 52 53 113 32 35
    4 65 103 77 102 59 111 76 37 67 27 103 14 25 66 63 103 38 79 35 14
    56 65 113 104 60 63 117 13 27 92 16 120 17 20 117 26 47 11 110 49 4
    53 89 16 86 35 12 113 85 109 122 0 25 50 60 61 6 116 83 61 123 37 29
    119 77 92 123 5 24 83 73 78 3 4 52 39 40 13 93 9 65 97 54 42 115 24
    33 62 30 97 23 80 64 40 53 95 9 30 47 47 20 90 49 90 86 17 118 10
    122 47 109 2 96 81 107 104 50 96 122 111 101 5 7 53 18 17 4 51 77 61
    60 99 72 62 127 65 64 1 34 107 78 105 70 53 51 109 46 50 41 53 98 24
    12 113 33 108 17 59 36 104 19 95 25 26 45 41 66 89 1 41 96 107 116 4
    60 21 18 72 115 59 28 41 106 94 30 39 104 8 116 122 85 120 107 32 22
    113 18 100 30 98 110 1 81 97 79 2 15 102 14 59 0 19 23 54 103 2 86
    11 10 99 103 99 70 15 111 42 106 60 126 59 84 37 94 45 54 68 22 121
    52 82 85 56 113 17 118 67 9 27 76 118 6 31 65 82 30 99 13 29 97 14
    51 106 37 88 21 8 56 38 53 83 17 85 43 34 35 34 40 33 68 75 9 114 18
    1 0 64 42 107 18 80 21 122 96 41 39 65 112 75 42 81 77 84 22 13 60
    113 61 71 18 127 37 26 70 58 75 37 91 74 64 30 14 49 88 90 112 108 4
    48 46 8 108 74 40 123 26 67 43 121 45 106 72 61 75 45 71 48 78 25 51
    35 62 16 125 64 78 116 10 20 7 6 66 110 101 4 22 100 1 25 87 123 64
    26 13 32 97 98 41 113 41 28 75 94 17 103 115 111 22 91 42 81 107 70
    122 47 68 120 93 15 3 89 28 11 69 84 125 17 79 44 61 75 11 92 63 102
    32 63 110 59 62 41 63 18 87 77 36 101 71 44 15 18 20 6 119 120 50 69
    34 3 15 126 5 104 64 56 104 22 9 89 63 11 87 24 90 93 109 12 97 0
    118 90 63 41 47 120 1 93 36 118 80 77 127 74 125 108 36 83 63 116 98
    31 1 103 32 18 39 66 30 127 25 39 109 76 47 0 127 36 37 16 12 53 32
    48 86 45 103 68 106 33 101 62 32 1 107 101 74 4 31 87 18 64 13 2 51
    21 53 66 79 4 76 63 76 14 121 85 87 117 118 10 82 123 109 97 56 13
    107 116 79 17 94 109 67 71 106 50 116 104 114 17 108 50 109 101 38
    53 16 102 114 98 58 90 61 53 2 85 39 14 47 59 57 114 83 24 106 62 94
    124 14 102 127 35 118 48 84 26 44 61 47 26 63 27 93 67 30 95 104 75
    93 127 45 5 35 56 10 5 120 76 20 49 42 56 104 86 52 69 110 53 81 76
    91 77 85 46 33 100 39 126 118 99 76 119 77 14 127 28 126 5 83 38 95
    49 3 87 27 49 68 39 116 123 45 126 73 72 64 109 43 44 101 30 125 82
    60 96 80 25 126 29 78 85 102 34 127 122 126 107 100 41 105 112 127
    63 18 3 115 126 38 67 97 126 97 98 10 122 39 95 95 112 30 69 27 33
    29 32 39 8 65 67 80 14 111 47 11 38 71 19 127 67 81 120 122 18 58 9
    82 102 33 51 27 114 86 99 0 61 13 11 91 53 117 38 0 119 0 77 22 87
    85 85 97 63 107 44 76 120 113 26 41 77 91 125 107 83 40 57 54 59 59
    51 70 10 32 88 80 92 116 48 92 3 96 118 24 14 41 105 84 120 96 84 89
    127 41 83 59 94 74 126 42 75 57 43 55 49 109 34 119 5 59 38 58 95
    104 96 1 126 22 55 19 102 83 54 94 25 38 110 107 104 106 45 113 122
    123 77 85 1 42 63 30 86 55 100 13 104 21 79 87 52 25 37 102 84 32 68
    64 10 31 21 100 114 121 33 92 65 51 15 95 19 19 96 6 27 122 120 98
    91 50 14 71 19 70 26 79 126 110 57 98 49 53 94 57 18 1 64 63 79 79
    75 113 116 76 104 12 11 123 63 70 67 77 0 29 111 31 28 113 49 113 77
    40 12 36 60 102 66 13 83 102 89 29 64 51 93 17 81 114 126 68 74 46 7
    58 64 97 84 24 101 44 14 106 122 65 125 23 76 113 101 47 126 25 67
    100 75 86 111 97 114 106 56 67 83 90 100 114 64 108 117 42 116 4 37
    85 88 77 26 28 31 81 118 124 125 79 53 5 89 94 76 35 61 5 108 99 113
    90 78 122 42 44 102 91 123 40 57 112 101 99 119 19 33 26 77 95 78 94
    25 3 57 84 54 66 88 77 108 100 85 102 83 36 97 89 120 102 83 29 42
    65 19 52 76 14 11 113 41 31 37 13 25 101 54 102 56 39 113 122 47 100
    82 38 89 34 68 57 120 93 35 21 2 63 73 24 3 108 87 72 20 94 42 86
    103 8 82 94 8 6 97 70 65 40 64 1 42 64 77 0 110 108 50 127 67 79 63
    55 70 94 43 95 75 17 21 100 100 111 97 80 21 104 42 120 83 44 42 13
    86 119 89 25 119 40 20 3 57 57 109 65 70 54 27 109 119 47 57 51 39
    118 3 80 51 104 70 36 62 122 102 80 90 35 7 41 68 21 102 96 91 1 92
    47 50 125 3 127 17 103 21 94 31 19 62 21 90 113 78 110 58 69 88 37
    96 61 17 57 124 76 117 117 63 120 90 106 126 121 66 81 78 120 105 94
    11 19 72 33 21 13 34 127 93 55 11 36 127 69 36 110 82 84 85 102 44
    107 36 112 80 6 60 118 77 114 9 107 31 43 44 1 50 5 120 90 45 26 36
    43 83 24 86 6 50 101 39 21 40 72 80 12 122 98 10 80 6 38 16 25 45
    101 62 78 64 57 39 23 63 79 2 70 41 99 7 18 84 110 80 68 62 102 118
    93 11 4 1 62 19 93 109 82 106 3 54 60 65 40 18 21 33 22 91 73 53 11
    45 71 109 82 69 25 110 65 110 35 27 126 52 121 108 32 119 14 3 6 124
    82 108 97 111 31 126 90 104 87 18 72 93 84 89 8 102 4 22 81 8 53 71
    82 50 100 54 41 80 77 72 45 51 127 13 14 97 23 91 75 115 26 26 36 85
    105 81 84 86 109 40 73 15 120 105 8 121 21 79 43 16 4 7 33 64 43 72
    42 117 27 114 85 77 4 122 54 63 41 115 27 87 44 121 30 77 60 109 10
    50 17 77 4 101 106 69 77 55 117 19 12 100 16 91 11 30 125 9 112 45
    87 116 13 33 67 43 28 21 29 113 95 23 73 83 57 2 22 60 69 51 48 16 4
    25 70 22 33 95 69 55 17 6 57 37 107 101 44 73 122 81 19 104 59 2 112
    44 66 26 127 71 45 47 117 53 66 21 108 0 73 29 6 52 102 78 108 88 50
    38 102 64 69 86 116 94 96 117 7 31 123 81 29 40 118 41 53 90 67 27
    67 22 17 113 78 103 47 3 20 113 72 17 24 42 46 100 4 19 95 108 13 86
    100 19 115 36 24 63 67 60 114 92 72 120 15 63 23 74 32 88 113 4 108
    0 91 39 89 92 63 39 33 110 119 114 39 92 69 45 4 108 72 78 81 71 120
    49 105 38 36 121 67 50 102 100 105 49 5 96 31 51 30 6 56 27 81 18 35
    126 31 99 21 51 16 54 74 75 46 97 29 112 43 32 70 87 63 105 23 3 43
    54 95 107 24 48 68 57 56 77 23 58 101 13 72 22 67 43 97 110 63 7 32
    61 77 55 25 56 101 107 106 51 59 51 36 119 8 38 81 114 62 66 98 31
    76 72 50 51 28 95 101 77 29 10 72 37 77 44 64 126 22 58 20 48 5 49
    24 73 16 10 102 122 125 79 3 26 21 31 9 64 1 29 115 67 93 7 42 1 94
    78 21 23 76 60 7 44 52 71 80 18 121 35 119 116 57 27 100 36 124 18
    61 75 15 88 123 16 120 85 39 7 11 113 72 123 95 98 125 113 58 73 99
    82 120 8 38 60 111 86 96 88 94 96 39 15 27 116 81 19 41 54 57 43 76
    0 78 16 107 39 67 42 120 4 7 59 100 76 90 89 31 95 12 2 83 110 57 68
    54 107 3 21 54 112 87 53 109 72 126 24 66 18 35 28 34 117 58 75 4 48
    109 14 81 127 96 69 83 73 27 2 44 86 112 116 68 86 26 11 42 37 87 70
    121 117 96 82 104 105 83 28 74 78 50 52 79 76 7 10 6 98 126 107 39
    79 13 62 75 58 41 92 101 59 104 72 105 71 113 23 0 35 106 23 65 23
    15 92 118 118 100 50 119 49 66 120 114 14 122 109 53 62 38 105 117
    75 114 22 105 71 108 20 35 41 116 17 73 55 89 54 15 116 18 31 33 111
    80 70 123 125 122 74 44 34 17 54 106 25 29 46 98 42 26 47 115 41 68
    54 12 103 71 69 27 120 4 30 62 122 35 5 42 40 57 127 104 38 103 74
    116 109 37 28 27 82 78 120 81 19 22 66 33 58 115 125 37 117 79 120
    38 23 96 100 45 94 107 43 38 11 55 125 108 101 111 28 83 41 20 113 8
    44 123 59 96 37 23 43 12 67 92 101 93 44 24 59 29 46 121 44 104 17 2
    73 116 109 4 91 42 104 119 86 127 89 97 10 3 78 0 117 123 53 120 85
    60 29 58 18 83 39 93 1 11 110 119 113 75 61 65 14 114 49 116 69 2 65
    59 115 35 100 108 75 38 15 117 6 126 36 17 11 57 71 59 70 65 81 75
    20 76 82 27 89 104 101 103 46 33 99 102 4 13 75 43 36 61 88 42 65
    114 68 47 48 99 61 93 81 37 57 25 33 45 80 51 68 83 78 91 26 26 102
    29 25 48 51 55 63 61 71 79 38 48 37 40 91 10 27 5 99 65 2 4 62 34
    125 44 18 84 24 117 47 29 59 24 45 93 59 45 69 106 104 87 17 16 59
    71 59 123 119 96 123 50 59 85 101 44 43 97 53 90 88 21 75 103 31 32
    40 55 117 60 104 0 25 66 60 120 43 117 36 33 65 43 5 88 9 126 61 82
    65 89 104 97 54 65 45 52 17 86 13 101 92 3 49 117 10 75 11 47 44 122
    48 78 27 49 50 45 77 4 56 82 108 121 113 83 40 66 51 39 10 82 120 52
    121 64 7 73 65 10 0 109 14 91 24 38 37 5 5 32 53 87 92 37 4 127 13
    70 113 50 97 113 51 55 62 123 63 30 120 111 31 38 3 65 105 71 99 51
    119 60 5 35 117 104 98 95 124 72 79 23 91 18 113 6 124 33 49 93 109
    101 33 12 13 26 84 77 100 55 115 70 97 117 54 59 16 95 6 26 34 82 94
    30 64 24 9 105 6 28 32 88 76 13 8 121 78 117 25 19 65 58 65 72 113
    74 29 30 127 93 110 12 112 24 113 8 60 99 47 114 62 110 127 120 96
    118 24 33 61 94 2 120 16 79 81 40 27 105 17 37 23 25 45 87 93 33 104
    67 22 93 50 37 95 59 112 12 90 46 71 44 118 112 27 5 42 36 46 42 34
    28 21 75 45 17 25 26 70 83 87 30 69 68 119 124 70 26 41 21 45 21 94
    24 127 78 43 14 96 45 65 16 65 46 67 48 6 114 18 104 109 115 69 102
    50 108 20 63 115 96 111 112 106 73 76 125 46 111 73 47 39 15 53 91
    105 38 16 101 32 73 105 104 95 51 102 90 123 24 46 63 46 111 105 34
    104 106 51 71 12 63 117 13 13 44 35 103 38 91 77 75 87 94 84 29 90
    111 108 95 37 84 3 89 107 68 79 45 120 7 5 93 2 103 50 4 47 97 31 71
    39 86 118 22 62 71 84 55 4 67 126 107 86 56 77 54 114 26 10 94 38 96
    12 17 75 88 3 105 101 78 113 125 27 2 28 96 102 89 50 65 75 2 4 82
    34 8 111 9 96 41 24 100 103 68 106 79 24 4 86 126 53 64 50 20 98 57
    90 10 90 127 10 106 85 117 46 23 31 52 66 75 104 115 126 47 77 76 69
    95 109 0 61 67 53 96 71 125 88 76 89 65 44 50 88 61 29 79 62 15 122
    11 35 2 85 99 29 102 3 55 18 93 102 43 64 52 100 85 91 9 66 61 17 28
    51 82 42 85 33 58 99 15 68 30 16 18 92 32 78 109 95 36 15 118 101 59
    85 121 17 72 40 77 62 124 73 65 0 117 126 101 51 108 3 31 15 104 69
    65 91 88 56 42 99 47 60 59 87 76 124 2 40 26 108 25 63 37 24 53 14
    114 2 107 109 3 31 122 118 124 110 60 124 107 22 30 125 92 96 66 44
    86 73 111 50 43 98 74 8 31 66 91 29 9 5 32 19 90 8 1 52 94 2 120 112
    66 78 42 42 28 79 57 83 65 88 83 123 21 55 71 49 60 94 120 7 34 96
    78 89 88 50 38 8 100 9 61 66 90 16 57 13 117 74 10 8 18 58 6 89 76 3
    59 65 47 24 28 36 74 117 123 87 1 124 27 43 127 127 77 64 9 22 3 14
    2 123 99 69 72 46 59 67 110 103 13 55 81 11 79 81 70 125 68 53 32 98
    7 81 46 59 73 21 91 35 114 49 38 123 74 3 38 113 81 61 99 26 44 47
    58 101 69 57 19 124 49 117 6 31 82 3 37 83 32 104 49 69 16 53 5 18
    58 98 117 96 62 24 31 51 74 60 56 60 28 98 126 39 112 40 43 33 30 59
    98 103 104 112 112 103 46 126 54 10 50 98 59 31 64 79 28 85 4 59 70
    101 87 11 53 82 14 100 50 42 100 21 9 115 48 115 76 123 118 89 28 0
    4 84 75 67 87 81 6 84 18 75 43 104 67 40 116 93 25 83 24 72 61 75 50
    12 100 31 33 124 8 86 48 110 24 29 76 4 124 43 46 68 62 70 27 125
    124 37 54 12 51 117 31 93 87 76 35 61 97 77 74 26 72 52 78 83 8 1 42
    91 33 92 28 114 55 109 99 28 93 21 34 116 127 39 52 76 117 110 46 91
    87 19 52 85 32 43 41 123 113 63 118 74 121 68 53 80 75 75 93 99 3
    106 54 68 17 69 55 20 37 96 55 20 102 24 19 127 104 94 48 95 66 53
    10 49 96 4 11 68 84 83 82 100 95 99 70 10 47 86 83 125 107 124 110 2
    38 6 124 54 88 99 15 32 80 45 48 59 10 19 101 13 88 12 39 53 112 62
    118 58 82 94 17 101 8 25 43 59 102 62 41 24 9 101 57 123 107 89 122
    96 127 41 84 99 37 34 37 14 122 100 21 59 25 66 19 58 15 22 72 30
    120 101 44 89 127 51 94 124 51 109 40 38 0 88 18 97 49 44 60 53 114
    76 61 12 43 11 34 34 19 49 111 69 119 127 57 1 15 27 126 127 82 10
    106 30 102 89 35 76 6 87 62 105 75 109 103 110 111 102 113 62 97 122
    33 73 104 105 47 83 124 50 114 90 111 33 79 65 45 19 94 19 49 28 45
    87 80 27 125 89 116 105 40 115 28 43 124 102 65 99 107 3 80 78 34 18
    3 101 87 19 17 7 30 3 53 36 42 86 85 19 88 32 112 22 0 66 1 86 55 62
    90 98 124 82 1 46 17 19 88 76 81 121 28 101 14 32 75 52 101 26 116
    27 93 3 32 35 19 126 16 121 28 46 116 71 28 21 45 93 80 5 78 123 88
    22 118 70 43 41 45 121 114 53 75 18 117 32 124 116 107 103 115 42 13
    30 76 7 36 126 117 99 73 59 32 23 63 26 26 63 101 87 80 121 7 53 73
    2 33 38 58 48 15 60 95 113 83 61 58 19 11 37 40 79 29 24 21 72 88
    120 89 110 14 36 19 13 87 81 36 68 24 31 45 95 41 59 101 79 43 35 92
    21 117 7 98 21 75 107 5 29 9 122 22 3 13 0 14 95 70 50 117 21 78 62
    109 102 4 110 98 106 37 5 56 69 61 1 19 15 20 62 49 107 75 110 43 71
    117 47 110 103 31 81 45 71 35 80 45 50 86 80 102 24 100 4 127 71 95
    54 63 17 94 34 102 113 69 5 63 4 48 8 110 32 88 82 50 122 49 48 5 96
    9 123 23 99 72 100 111 76 35 60 16 90 5 111 117 23 103 72 27 12 94
    92 92 12 3 127 47 15 77 76 101 2 111 90 113 78 29 97 41 46 124 61
    101 73 22 96 52 23 110 84 107 24 17 110 102 104 2 5 111 13 30 40 125
    6 16 61 116 81 108 104 103 96 34 81 83 53 9 121 119 18 21 37 28 119
    112 47 37 70 36 57 121 64 93 97 3 54 69 97 7 4 91 35 117 35 86 88 8
    20 94 72 41 96 45 53 45 92 89 68 44 87 24 80 116 27 100 97 38 119 63
    42 59 67 39 83 95 7 51 112 94 125 40 99 72 40 36 12 60 100 46 31 36
    71 30 54 83 42 102 79 12 123 72 84 121 70 46 40 13 70 68 42 87 61 61
    37 102 42 52 81 21 124 114 87 34 33 21 54 87 33 124 89 76 115 70 85
    28 114 126 14 80 124 120 81 55 51 88 58 96 87 111 66 68 110 9 0 104
    33 124 4 57 93 5 39 22 93 62 72 71 32 49 0 100 50 14 2 9 108 3 121
    112 118 35 14 86 106 111 49 25 96 90 63 40 25 127 75 4 50 47 30 80
    110 98 24 3 30 27 117 72 108 99 63 126 4 41 64 85 32 39 20 51 62 43
    118 61 11 86 32 127 50 0 125 54 23 88 91 11 112 29 70 28 54 68 105
    87 31 26 101 42 80 61 115 66 12 19 31 101 116 43 24 9 114 82 86 39 9
    42 69 96 0 29 4 15 74 26 110 127 106 85 61 69 0 11 26 78 69 43 15 74
    75 12 7 12 64 58 35 122 30 39 35 25 88 82 37 8 87 52 117 88 1 97 87
    74 111 81 69 122 20 96 108 16 54 15 14 41 55 58 74 86 90 80 66 86 15
    55 2 4 116 95 5 8 121 107 46 65 31 51 31 86 41 110 37 28 114 7 120
    91 115 64 29 52 115 56 45 119 0 60 10 37 34 127 125 108 110 97 127
    84 38 21 10 4 31 46 42 6 113 96 35 111 97 12 22 64 29 104 75 46 41
    35 48 63 14 108 26 79 11 23 47 97 91 8 124 61 18 106 7 19 74 28 88
    103 6 61 12 12 36 120 23 58 78 117 29 121 97 52 88 103 54 53 1 119
    15 54 114 10 39 44 113 97 60 45 107 24 119 92 34 93 29 84 99 96 127
    117 88 88 100 28 57 117 51 11 34 10 7 127 98 42 108 40 10 10 59 93
    49 14 89 77 115 25 10 72 70 3 12 96 99 4 35 106 85 0 18 64 17 50 40
    80 101 116 63 103 126 22 106 42 89 37 42 75 73 93 117 32 78 35 81 57
    93 120 29 126 43 26 93 23 37 64 112 30 114 28 15 82 53 75 74 77 105
    127 22 106 36 54 39 7 11 71 84 7 76 78 26 43 95 26 61 67 54 108 71
    34 84 116 87 121 19 104 39 126 7 92 65 38 80 7 78 41 47 57 127 13
    104 91 98 33 43 1 91 40 11 89 119 8 49 94 112 57 8 46 98 2 34 74 110
    9 38 108 76 99 60 75 36 50 114 68 72 88 120 118 43 52 60 8 85 58 43
    44 88 8 88 75 45 93 70 118 89 31 29 117 108 20 96 110 97 97 77 65 11
    58 71 120 64 71 67 32 106 76 22 118 83 37 2 43 17 19 20 8 3 66 98 57
    117 80 30 12 98 78 110 46 108 5 29 58 72 11 38 65 94 110 30 87 125
    120 123 69 44 62 86 41 54 116 66 90 100 6 60 24 99 88 69 19 104 57
    14 115 99 14 55 18 122 29 38 98 76 50 68 58 18 102 31 52 102 35 115
    16 62 39 85 99 110 80 85 24 105 26 39 127 64 34 123 7 20 20 23 82 45
    89 124 44 124 99 83 73 8 86 19 3 16 106 79 29 6 79 15 41 2 75 96 5
    119 88 65 37 68 55 63 76 94 45 83 11 123 15 126 82 108 41 38 0 93 63
    48 102 108 67 12 9 89 62 85 52 1 25 31 82 127 51 125 10 33 76 2 115
    8 31 87 86 112 34 25 52 99 112 72 51 68 67 122 99 52 126 96 70 69 28
    86 95 109 53 55 60 106 26 100 106 73 28 63 118 92 40 59 59 66 18 62
    99 70 55 97 95 100 11 31 29 76 26 92 92 9 53 108 63 85 33 9 40 46 84
    88 1 84 12 124 118 100 127 68 35 51 40 119 64 56 2 33 45 23 122 67
    95 66 126 101 76 85 31 63 103 75 8 108 27 21 88 29 113 67 88 69 5 33
    28 32 16 102 92 19 75 50 122 12 91 19 16 91 94 14 78 15 60 59 92 85
    102 35 116 21 100 108 22 25 25 107 89 122 10 27 49 40 46 46 77 48
    110 57 39 80 54 7 93 3 58 85 61 32 37 8 4 90 105 83 78 57 116 65 67
    62 118 27 15 86 71 71 87 83 4 98 55 72 27 53 17 99 101 90 126 7 43
    27 108 27 63 115 24 113 29 94 35 16 49 66 58 43 41 71 26 59 104 66
    14 93 89 29 118 23 4 66 103 4 110 45 109 126 2 29 76 103 94 121 76
    55 23 104 112 100 2 15 59 28 108 36 54 69 82 101 94 39 55 116 123 72
    64 6 48 112 78 37 86 123 40 62 20 105 31 26 28 63 48 86 11 81 54 25
    100 1 113 10 11 72 39 25 64 33 108 61 99 43 6 31 33 16 115 32 45 95
    61 115 115 112 95 13 6 13 21 19 8 106 110 34 30 91 124 21 94 43 15
    43 87 91 6 2 0 99 88 114 85 11 101 36 56 119 114 43 25 54 38 53 41
    67 127 45 39 77 69 71 83 115 94 2 34 20 120 95 7 33 32 17 67 118 88
    19 118 0 74 65 68 117 48 120 46 61 0 64 36 47 43 93 85 41 36 48 87 8
    92 13 18 109 27 64 26 102 120 66 13 79 19 9 17 82 119 36 56 12 2 114
    78 115 73 118 76 2 100 5 126 113 101 37 89 23 103 84 13 51 11 24 121
    28 7 91 58 58 24 117 29 67 48 115 0 30 34 52 117 119 83 44 52 17 114
    32 18 25 105 89 29 123 99 125 96 43 117 21 7 115 103 25 15 56 95 75
    1 86 11 3 62 67 11 35 6 114 35 89 52 97 38 3 79 82 10 106 6 54 59
    115 58 84 48 13 110 60 117 19 26 82 33 103 61 67 78 102 53 39 16 80
    66 3 88 98 53 113 52 25 20 53 97 9 109 122 98 84 12 64 111 112 20 30
    5 32 102 37 73 32 101 70 126 101 123 74 127 59 9 65 23 25 126 62 29
    30 49 53 66 7 4 38 56 43 70 125 28 77 71 47 46 91 43 30 82 33 31 37
    17 32 55 93 120 99 13 22 15 107 23 68 120 64 49 73 3 42 15 122 83 67
    59 71 102 90 121 117 38 39 19 42 127 18 121 17 20 32 16 114 18 59 25
    88 0 80 3 77 91 46 27 81 92 108 66 90 45 54 79 6 80 82 38 87 47 38
    121 83 11 44 47 91 12 56 93 106 38 73 81 120 21 3 17 91 115 24 78 51
    23 20 30 43 75 60 49 9 27 90 39 65 116 15 31 65 55 110 59 22 113 79
    87 86 59 47 28 63 94 112 56 117 71 43 125 91 99 15 27 45 75 104 19
    68 119 39 105 41 125 87 39 9 8 18 105 86 79 99 66 8 120 79 13 103
    110 21 28 30 110 123 2 68 85 86 52 44 2 33 127 38 4 8 100 6 126 49 5
    63 98 34 12 60 115 17 36 95 91 25 2 106 114 74 12 108 92 98 27 39 64
    101 38 14 126 60 38 74 65 28 112 125 88 37 107 70 14 91 66 103 114
    48 14 32 16 85 48 78 20 95 115 127 37 66 50 74 65 105 97 29 86 124
    25 43 123 93 56 16 56 69 10 61 106 49 127 84 4 28 87 17 9 126 121 20
    86 108 86 104 25 15 102 8 16 80 44 86 111 100 121 19 113 57 114 71
    30 93 99 90 98 49 11 58 43 72 105 3 64 96 52 28 87 42 116 65 71 82
    72 70 56 32 103 25 99 18 17 127 110 100 23 51 116 123 64 35 43 81 44
    17 100 123 104 68 59 90 47 94 4 4 80 109 73 19 31 112 107 53 81 102
    95 85 99 37 57 51 122 82 8 44 11 23 29 116 54 58 112 76 57 108 26 73
    34 61 86 88 34 97 118 96 14 88 60 111 110 61 56 26 79 62 0 92 21 117
    120 43 7 90 16 32 118 79 2 77 60 4 120 26 5 127 23 53 47 51 112 97
    102 57 103 43 19 88 35 57 39 10 107 123 115 121 30 104 10 121 85 60
    79 107 68 108 106 77 58 87 87 76 105 27 47 84 34 98 110 62 16 44 25
    85 35 0 87 117 126 76 50 127 14 49 4 96 56 18 35 83 53 6 28 4 5 3
    121 79 101 14 110 83 51 35 75 56 29 0 46 73 51 68 49 41 92 13 85 87
    10 39 70 48 40 106 46 72 5 94 82 116 15 17 78 93 70 98 117 83 100
    113 108 52 31 72 65 66 44 9 62 34 22 38 63 71 99 69 34 37 12 112 27
    122 46 9 94 106 117 114 121 127 97 34 114 91 95 22 115 117 77 37 6
    72 18 124 38 22 87 25 120 78 66 20 6 79 96 105 58 118 18 96 110 29
    11 69 97 46 95 124 12 81 40 116 34 32 21 45 107 14 20 5 15 19 31 37
    21 110 9 7 24 88 77 85 113 108 36 5 29 73 127 69 85 69 12 43 93 79
    107 57 39 60 127 7 7 32 57 34 20 96 56 32 82 35 68 81 26 47 67 125
    70 83 44 36 1 31 115 113 25 127 79 47 64 112 11 5 53 50 78 63 103 28
    53 10 98 94 80 41 46 49 85 5 122 76 63 48 65 32 63 22 126 37 62 16
    111 91 51 42 56 57 115 75 90 24 12 85 75 48 98 28 20 79 30 17 50 126
    103 121 81 125 59 88 16 96 68 6 110 24 118 86 65 123 11 119 5 96 117
    110 75 100 95 38 72 75 53 88 28 83 82 75 100 57 109 99 35 108 29 26
    111 49 54 28 12 80 96 90 27 64 7 58 122 118 40 116 27 101 85 114 16
    39 89 37 114 59 107 49 0 38 33 64 75 112 54 126 99 6 101 85 1 57 125
    124 78 64 121 33 113 110 5 64 31 68 103 54 32 22 105 102 85 109 111
    124 13 110 15 109 78 98 35 97 93 74 39 70 85 88 13 87 94 18 65 27 6
    46 100 122 104 53 63 118 120 68 99 112 107 55 9 89 33 90 60 113 85
    116 125 91 76 29 65 43 20 102 112 58 17 53 18 59 32 34 68 57 122 121
    3 53 63 27 48 104 33 108 5 60 80 104 100 59 15 78 76 57 115 84 37 91
    65 50 27 21 108 85 23 87 99 95 84 116 47 97 81 125 127 3 39 119 111
    57 40 82 61 19 38 24 6 66 24 84 71 104 13 113 56 90 94 97 116 127 78
    126 36 39 110 103 70 27 26 114 20 17 20 125 118 17 113 45 50 10 27
    18 71 10 21 25 107 5 84 3 54 83 53 90 0 127 121 68 61 118 12 18 111
    10 69 44 63 0 59 56 48 110 38 102 22 73 65 79 66 2 69 12 82 81 119
    22 82 24 80 55 91 112 50 118 85 95 42 116 105 58 69 3 37 5 26 60 118
    21 31 90 18 93 113 94 52 37 63 104 64 69 109 0 106 39 57 8 27 76 26
    126 32 127 56 48 97 55 44 49 82 121 116 108 61 118 84 71 63 54 80 9
    99 124 127 94 21 117 22 13 114 60 35 86 120 40 80 118 62 37 124 85
    69 14 93 2 102 49 62 19 64 73 13 68 32 86 18 1 75 123 25 103 107 7
    81 15 103 93 88 83 69 105 115 96 39 14 54 27 102 119 104 111 83 82
    63 62 92 76 27 84 85 30 58 44 50 6 81 38 14 113 61 123 1 111 52 27
    92 66 63 73 46 47 45 19 33 63 45 77 59 22 56 100 21 78 69 7 32 118
    115 87 99 32 116 124 94 97 12 72 103 37 25 70 101 33 96 14 74 48 124
    21 39 85 95 84 127 86 55 41 51 111 0 65 86 97 9 39 8 56 103 0 82 37
    2 36 60 98 23 14 20 10 72 39 40 119 107 73 64 35 59 87 109 23 8 109
    6 16 75 74 112 26 40 108 106 17 103 55 27 123 90 99 62 2 34 9 25 34
    109 50 100 7 67 114 123 75 120 74 96 14 17 20 79 95 102 5 71 101 116
    46 126 104 113 62 75 68 54 96 103 31 11 40 19 15 54 66 27 118 63 99
    65 118 51 58 74 33 72 64 79 83 9 83 21 76 50 109 14 44 20 30 17 10
    86 107 114 43 113 83 8 105 46 48 59 79 108 58 35 126 60 2 19 127 22
    70 44 120 93 36 47 44 6 9 10 74 122 26 2 26 82 27 113 113 28 97 99
    32 109 122 38 66 78 63 74 32 86 125 15 43 15 21 68 68 26 120 96 96
    75 112 28 47 79 108 73 75 57 45 6 101 47 97 95 121 113 28 9 70 30
    118 50 2 94 126 115 48 125 51 42 112 77 8 106 34 48 120 103 59 33 27
    54 60 74 69 6 74 117 69 36 122 4 15 49 86 114 86 116 123 103 84 28
    89 45 28 32 21 43 89 117 110 95 69 112 124 53 49 5 104 13 53 72 81 0
    127 100 36 33 59 123 89 83 15 24 6 78 13 99 92 72 1 80 106 127 94 32
    88 82 67 85 75 1 86 33 111 2 0 14 70 19 27 0 39 127 33 49 103 127 82
    31 25 31 82 68 31 43 63 112 43 68 2 55 113 125 50 2 126 64 111 73
    102 88 31 44 13 124 102 80 105 47 44 102 108 115 126 114 44 92 64 0
    73 73 86 118 98 29 104 68 8 15 73 13 93 127 41 31 3 88 119 19 18 32
    36 25 98 87 62 87 8 58 89 9 20 12 31 60 74 75 44 94 43 42 9 96 116
    55 98 80 120 83 39 83 78 106 29 46 111 37 68 87 103 4 2 123 109 29
    70 126 113 3 86 85 12 60 68 4 47 71 100 104 38 116 120 62 79 85 48
    85 33 96 56 26 22 16 73 107 51 15 11 127 47 42 23 106 111 48 31 49
    73 84 69 8 69 2 104 121 64 41 22 24 21 74 72 36 63 18 0 65 100 100
    96 103 95 61 59 41 95 65 89 43 51 21 69 46 96 96 46 38 125 102 70 35
    15 103 75 12 88 71 105 123 55 27 25 4 24 6 105 34 50 9 124 102 35
    113 19 82 41 78 29 89 62 21 62 51 80 72 6 121 27 52 24 92 79 84 53
    102 93 110 65 17 71 91 56 30 119 46 57 127 120 54 108 23 30 111 99
    10 79 50 111 96 110 64 34 6 86 85 123 114 52 75 37 82 115 96 11 18
    74 58 106 95 55 99 24 13 89 82 15 32 42 55 92 86 68 82 14 66 5 13 45
    94 25 90 52 103 83 119 125 52 118 3 18 109 3 75 0 72 57 13 61 10 32
    72 90 120 92 122 53 103 67 84 18 8 108 53 18 70 77 105 98 22 16 50
    23 98 40 56 63 7 10 57 71 90 76 84 42 31 79 59 86 30 7 56 42 29 125
    18 40 125 34 80 112 67 1 23 28 56 23 105 30 113 82 76 10 54 102 86
    111 112 51 127 17 86 19 105 42 25 95 82 111 48 3 24 74 115 8 111 98
    39 110 119 98 111 31 113 126 94 13 51 33 2 120 58 122 113 85 0 124
    10 17 101 37 14 92 90 97 101 50 12 113 83 71 59 113 108 44 115 59 53
    123 64 125 37 113 40 89 78 85 103 122 62 109 77 35 15 126 11 14 115
    70 64 92 4 8 3 15 10 43 127 65 87 97 70 69 11 124 126 8 90 37 33 126
    57 25 118 117 126 12 89 87 125 48 62 31 81 33 87 69 53 64 50 80 25
    26 69 29 63 89 50 85 73 96 43 3 37 93 2 39 86 17 107 106 21 3 20 27
    67 126 118 78 51 14 48 120 82 3 51 30 123 125 78 63 112 2 83 26 63
    80 66 116 111 115 93 97 127 36 125 4 75 122 77 38 35 64 79 95 107
    107 116 80 49 36 124 80 23 99 62 34 66 113 124 37 125 120 24 12 113
    55 119 115 4 54 80 106 18 14 21 72 24 46 124 25 117 38 73 126 38 13
    92 33 75 124 43 13 54 75 23 106 38 7 92 34 32 6 104 3 31 120 63 123
    21 125 1 41 78 35 80 27 70 113 90 120 107 3 9 120 59 114 104 69 115
    96 90 115 54 77 15 88 111 57 108 60 38 113 83 86 30 107 117 6 55 3
    81 63 34 17 7 52 1 40 80 86 33 41 77 97 41 105 110 46 16 78 113 43
    66 50 74 60 49 35 103 91 1 111 69 76 101 118 36 119 69 116 7 61 70
    45 120 126 108 40 28 25 25 70 23 30 30 52 38 112 73 111 81 41 83 127
    33 121 96 82 61 107 5 23 115 35 74 27 58 80 113 74 59 114 81 113 85
    119 16 121 98 52 110 9 110 91 25 124 38 7 94 97 124 100 29 58 74 100
    12 93 42 60 39 86 42 112 126 21 64 73 4 40 51 104 27 5 34 8 94 50 79
    99 31 74 28 53 64 4 1 70 77 121 111 95 117 85 24 17 33 84 87 2 77 86
    37 25 108 10 94 99 112 99 75 59 96 2 78 86 68 19 73 47 88 25 60 67
    55 87 123 91 78 44 117 101 68 13 84 103 69 116 63 102 7 10 59 99 71
    2 16 10 8 80 102 108 86 61 93 109 46 65 87 119 25 107 28 104 72 36
    62 98 119 63 66 114 74 42 97 44 2 112 127 35 61 64 82 86 124 92 51
    13 3 64 49 109 71 125 88 56 124 102 100 32 109 79 85 34 77 59 109 74
    12 89 109 124 72 125 86 46 118 71 80 80 98 78 63 120 51 62 123 12 84
    98 57 34 78 75 11 43 91 75 110 70 117 109 53 64 118 78 1 60 89 48 4
    9 83 15 38 39 107 74 54 40 96 38 78 48 116 81 48 89 83 7 103 120 93
    98 70 78 123 9 112 63 4 28 52 23 116 103 16 54 43 114 77 93 95 15 84
    58 28 37 53 117 115 120 1 74 2 92 61 33 103 80 18 48 58 33 105 93 19
    0 6 127 35 36 38 61 47 55 115 15 17 12 48 6 38 28 54 3 4 91 95 6 77
    113 51 14 74 77 33 19 74 125 48 20 124 126 32 88 71 121 72 13 54 31
    87 33 19 75 73 60 39 65 52 81 30 69 33 57 44 9 95 80 73 13 25 122 61
    109 85 91 36 97 52 97 100 50 11 96 33 116 2 11 37 32 20 102 80 92 36
    62 90 3 29 56 34 93 114 42 30 110 113 20 119 101 46 120 38 115 95 77
    126 1 35 10 101 109 49 126 63 19 62 38 13 113 20 17 7 45 0 115 14 50
    6 29 102 90 93 121 109 123 117 4 121 75 39 86 11 41 9 53 88 98 46 4
    25 20 63 92 73 30 22 96 89 120 122 84 115 7 12 10 12 5 100 54 5 0 63
    85 57 76 118 112 95 86 106 113 94 46 121 73 21 103 121 116 29 106 42
    42 14 75 76 105 110 45 115 75 10 125 94 34 33 34 45 82 29 86 58 74
    70 75 26 96 86 99 88 10 115 30 10 81 124 11 37 50 79 65 2 60 90 99
    110 56 95 91 69 24 66 84 38 55 94 31 93 111 53 10 6 13 71 79 106 112
    75 29 111 14 56 74 112 111 123 74 20 42 15 91 31 5 127 111 116 35 53
    106 127 99 121 105 24 66 119 0 55 105 52 41 54 56 93 64 54 96 114 43
    9 16 6 87 35 43 122 50 11 41 43 98 112 103 8 26 111 79 99 52 48 79
    77 78 40 86 115 72 74 116 107 1 23 34 63 45 17 99 0 119 60 0 7 4 68
    46 58 81 75 16 110 110 126 29 83 94 53 120 58 22 72 48 73 117 96 92
    78 25 104 44 36 125 86 119 10 116 82 37 100 92 122 96 95 56 34 42
    116 126 64 70 94 24 36 114 53 50 77 20 10 2 123 20 126 67 116 120
    100 53 4 33 86 3 86 100 27 122 38 67 19 125 43 77 76 67 15 28 126 93
    36 127 112 114 29 7 104 80 16 112 26 75 103 101 121 91 65 124 39 64
    90 94 121 80 31 119 99 86 26 37 35 52 33 92 96 70 18 2 55 7 5 82 81
    105 53 86 32 80 104 57 119 55 4 33 43 37 54 63 94 9 104 113 113 87
    79 105 41 81 127 87 71 77 95 95 66 26 105 59 1 83 78 7 112 36 9 104
    52 12 75 110 33 85 8 113 13 53 78 121 65 45 23 101 110 6 91 76 65
    103 87 12 3 94 94 120 31 47 64 127 100 40 22 23 102 16 49 22 27 65
    63 70 30 52 116 42 83 28 83 110 96 69 80 46 119 92 105 36 40 15 99 1
    90 123 52 77 111 64 12 125 80 61 102 32 67 119 72 11 86 35 13 124 69
    71 123 80 116 5 35 49 62 12 18 46 117 13 15 91 77 38 72 107 80 52
    125 118 47 16 88 5 74 108 47 112 37 72 64 71 61 121 0 124 73 107 39
    103 4 22 111 1 96 71 16 9 75 52 19 11 100 48 107 60 47 106 113 71 37
    63 39 65 45 118 4 5 126 2 110 121 31 3 35 45 81 114 75 93 101 16 124
    19 95 20 34 121 91 48 46 94 92 100 121 10 62 16 5 13 73 30 5 68 48
    43 51 45 101 14 48 65 125 15 65 49 22 122 83 10 15 46 75 104 10 52
    25 59 124 9 53 113 82 100 65 66 112 91 111 28 105 36 60 62 55 32 125
    44 30 79 55 18 98 108 76 3 120 6 79 15 22 30 83 58 80 40 82 82 70
    121 11 33 90 76 24 82 28 76 124 80 78 97 26 124 125 83 29 51 121 53
    92 64 53 111 37 112 27 72 12 76 99 74 66 11 42 107 118 24 17 15 83
    12 53 108 127 16 4 106 113 108 62 109 58 64 43 23 110 118 60 9 32 77
    50 14 32 95 32 60 39 113 45 90 24 100 34 69 64 61 57 85 46 74 7 104
    50 116 69 88 40 78 81 60 99 90 119 25 114 58 73 40 112 29 87 125 62
    19 60 23 96 89 54 101 42 22 14 100 19 31 55 94 100 0 16 13 2 106 68
    61 73 120 33 9 18 101 100 121 0 79 32 59 103 52 40 103 56 30 38 45
    19 116 43 58 11 34 56 88 15 21 126 25 34 89 0 114 76 58 68 96 29 61
    45 93 64 5 100 38 20 121 6 88 7 2 108 24 4 118 23 13 124 40 6 52 4
    51 64 63 86 126 39 114 62 48 24 49 77 100 69 121 125 100 10 14 65 90
    114 44 51 2 28 95 104 74 111 118 125 75 114 26 98 62 96 91 8 108 65
    47 122 81 22 116 73 113 63 70 84 50 115 81 3 114 110 102 105 5 83 82
    41 77 47 103 77 83 73 124 126 7 18 55 118 36 66 51 110 73 83 100 85
    41 109 121 122 83 20 8 70 66 16 52 8 123 1 25 41 60 55 71 10 43 16
    95 82 98 107 127 39 69 70 36 49 51 114 123 56 1 3 103 117 7 66 84 84
    116 37 101 90 96 10 19 42 98 102 9 108 9 98 97 87 68 43 105 41 56 73
    28 69 52 120 124 67 122 114 87 29 117 34 70 16 88 23 6 2 123 102 52
    2 106 78 54 93 88 2 89 66 84 1 13 50 87 7 90 66 13 8 78 102 71 78 6
    77 124 35 9 51 84 33 70 50 93 23 102 92 82 104 86 63 54 66 36 12 66
    124 104 119 83 7 93 120 83 76 93 118 77 55 31 122 97 69 3 30 70 56
    114 21 15 53 91 105 52 39 45 16 90 102 3 50 125 13 67 5 89 62 111 15
    103 106 18 49 74 74 127 43 125 52 36 71 87 70 67 113 51 70 94 122 34
    42 60 15 49 12 90 70 33 82 98 107 71 59 115 96 105 110 85 60 102 63
    3 35 80 36 114 99 95 44 36 29 37 75 94 116 27 0 32 43 100 59 122 5
    100 126 126 112 64 93 61 84 72 105 76 28 45 16 60 80 37 62 67 56 21
    119 49 37 8 125 104 72 14 105 20 98 107 92 53 102 107 16 117 5 99 60
    52 99 4 52 40 94 21 99 17 29 90 19 70 18 58 107 42 97 5 44 75 120 26
    0 14 126 87 88 71 47 91 12 62 29 28 123 113 3 37 124 78 62 28 36 91
    3 21 84 8 118 84 35 69 24 73 122 75 79 119 3 115 6 47 59 85 124 80
    78 42 35 95 43 4 72 57 82 59 95 29 37 48 52 91 105 14 12 40 91 79 83
    91 43 2 40 31 99 13 60 94 16 25 58 103 121 95 25 34 58 93 74 63 49
    29 125 33 49 109 28 76 65 81 96 37 24 4 74 23 4 82 64 28 121 57 3
    118 61 116 2 84 2 121 4 18 106 46 31 23 108 30 112 121 31 53 114 110
    111 100 23 93 61 82 44 89 120 52 113 74 67 125 104 84 77 61 5 6 91
    126 7 94 11 55 26 46 97 63 79 0 24 113 92 11 40 93 41 67 68 126 49
    118 17 32 68 35 4 6 97 57 65 126 81 113 16 69 92 8 38 54 112 16 8 27
    26 2 90 105 103 90 70 8 20 38 110 70 123 110 48 113 44 53 79 63 122
    58 94 58 67 100 108 90 42 62 56 65 31 48 67 82 33 124 27 81 68 22 46
    113 40 92 81 25 98 62 27 111 109 29 0 112 1 53 37 81 21 114 123 35
    101 86 76 16 104 32 122 56 39 26 102 10 110 98 124 3 104 90 25 70 49
    61 27 51 8 98 63 83 17 119 105 84 111 61 24 97 33 50 124 36 7 99 53
    114 31 105 1 23 28 69 54 67 46 23 11 85 26 105 105 83 62 35 70 19 24
    82 84 9 77 102 71 45 10 119 47 124 54 24 19 125 85 52 5 84 120 94 37
    2 98 66 32 13 54 6 66 115 15 33 54 62 12 25 18 72 3 36 81 9 9 13 58
    122 116 25 101 1 9 119 94 119 63 6 76 109 5 73 33 49 61 127 65 4 87
    41 10 23 31 104 30 35 121 54 105 100 96 104 79 127 112 34 35 95 68
    27 58 121 78 70 27 67 42 110 87 75 13 72 63 106 102 104 105 87 114
    39 80 53 90 25 10 91 48 33 17 77 122 1 103 70 32 10 86 114 122 78 7
    1 50 57 40 122 81 20 35 10 17 39 108 5 26 105 116 41 69 107 6 91 96
    9 107 33 22 59 51 94 103 108 94 79 34 88 27 10 75 105 32 24 68 55 58
    21 125 10 29 59 67 3 6 76 80 0 110 54 45 25 88 57 85 26 45 123 51
    114 47 33 14 1 49 68 100 121 68 93 122 65 96 87 34 124 89 107 110 6
    75 116 103 43 23 77 89 46 116 18 99 16 59 13 5 61 6 95 107 111 103
    58 54 73 32 110 110 58 82 36 102 11 75 15 102 65 127 49 55 24 51 83
    73 96 18 16 14 28 79 71 49 125 78 58 115 67 99 127 69 66 109 18 69
    48 62 109 55 22 110 33 43 14 93 60 94 72 66 74 75 120 15 67 70 30 56
    82 42 10 121 14 68 1 108 54 54 2 72 62 116 24 108 124 47 80 63 120
    104 2 89 29 41 12 73 125 50 10 113 73 123 33 36 1 111 66 120 49 76
    109 75 88 69 63 53 33 109 68 75 85 87 110 9 1 103 33 91 67 63 9 11
    55 27 75 85 44 37 51 23 53 11 59 104 82 89 42 29 32 11 64 117 47 96
    22 101 13 29 87 113 113 16 51 11 121 126 104 110 47 44 114 55 69 125
    99 117 44 23 57 30 30 11 122 8 15 120 116 71 120 109 96 113 81 106
    61 73 79 45 53 77 58 74 93 38 31 40 29 78 107 109 1 23 71 15 65 112
    7 89 12 77 54 83 24 99 52 44 39 13 23 108 4 79 36 114 95 63 125 11
    118 39 40 22 114 127 52 71 67 33 5 42 93 78 27 51 54 51 29 25 54 34
    125 56 108 85 68 30 39 2 97 24 123 0 63 9 100 111 96 106 70 43 62 19
    41 51 43 36 69 93 111 86 46 62 117 96 4 50 104 127 97 23 29 114 45
    27 56 101 60 24 19 16 117 44 11 46 23 114 2 119 7 19 11 82 16 74 34
    56 39 82 75 25 106 109 116 36 40 0 48 126 29 107 84 65 55 70 103 70
    41 73 46 123 75 103 76 5 44 51 36 109 86 46 120 28 13 41 34 105 28
    28 54 62 109 13 83 80 17 31 18 105 96 70 126 89 21 37 0 89 78 11 76
    87 112 72 92 49 112 104 90 119 122 4 16 84 125 43 62 57 102 47 39 18
    47 51 42 51 30 120 110 81 11 84 73 105 32 106 91 57 110 32 21 32 1
    103 96 1 100 31 22 121 68 65 32 4 87 71 93 88 68 52 91 54 58 103 5
    74 50 25 107 99 104 98 2 56 74 110 43 37 26 22 95 78 30 86 102 112
    31 79 1 82 111 58 102 36 63 25 9 42 84 22 16 56 98 70 4 17 78 115 43
    107 16 92 73 26 124 32 37 17 66 126 41 108 118 88 112 89 44 48 7 32
    74 97 41 126 101 116 52 0 75 111 120 19 78 106 60 46 36 80 66 77 119
    89 25 66 76 3 126 75 14 115 49 125 118 94 51 46 94 94 39 84 46 62
    124 42 26 95 115 95 73 87 1 26 127 46 2 56 101 48 64 112 126 10 96
    49 61 110 75 86 31 118 25 38 74 93 73 100 6 46 58 66 27 51 108 22 21
    50 91 56 83 23 5 94 46 111 71 0 10 9 103 107 122 34 110 20 111 33
    110 115 62 123 96 37 104 97 113 108 118 95 34 67 111 14 44 119 17 55
    84 9 74 9 86 25 50 91 54 69 109 9 117 82 61 86 89 76 106 18 112 91 6
    74 82 66 89 57 24 70 30 2 45 2 28 35 28 124 66 40 78 46 44 72 8 122
    17 85 23 54 116 35 11 81 60 112 118 103 123 72 52 56 7 14 77 122 62
    4 122 38 125 104 21 16 4 40 3 124 95 11 127 116 60 41 80 27 96 91 75
    77 47 65 22 18 105 94 79 126 89 2 34 88 44 126 114 49 67 87 60 87 40
    49 96 33 0 14 54 101 5 27 96 110 60 27 57 8 127 51 65 70 21 50 6 127
    15 86 62 24 102 75 53 58 24 126 47 42 112 18 75 81 37 121 8 108 113
    54 62 41 126 21 47 32 14 13 89 24 100 1 46 78 20 42 64 121 82 0 90
    96 75 26 55 44 93 106 8 85 102 32 89 127 3 33 104 89 80 84 66 106 4
    16 49 101 123 14 62 33 11 55 112 28 109 18 111 40 5 114 48 18 39 46
    13 1 34 113 21 94 102 110 70 92 67 10 30 123 53 96 28 53 9 87 67 58
    53 1 7 89 31 48 72 17 61 87 22 31 20 99 1 119 86 40 65 48 108 118 81
    66 0 118 89 11 109 114 111 84 122 24 116 98 84 2 25 106 89 66 82 68
    34 83 73 27 103 1 84 56 91 126 61 103 102 42 25 99 115 65 78 14 58
    37 26 8 68 88 17 6 110 70 61 100 62 107 104 90 80 116 127 63 48 10 7
    13 29 90 112 76 20 105 52 23 26 55 60 105 0 90 61 96 27 62 18 91 101
    116 0 7 87 5 87 117 26 8 97 49 77 86 24 25 8 127 36 110 83 46 40 39
    24 95 4 103 91 84 40 81 60 109 83 95 4 85 78 31 49 107 10 76 37 75
    120 27 119 123 53 57 100 3 20 125 106 73 100 99 15 5 80 18 124 117
    126 34 83 52 34 92 10 103 67 89 32 87 72 114 53 99 74 5 30 114 116
    69 35 37 2 10 37 84 59 85 110 35 43 92 103 49 64 21 117 49 36 18 38
    119 61 110 0 7 109 121 82 30 16 43 76 70 104 71 42 14 102 83 3 3 61
    79 101 112 86 76 59 126 36 51 126 98 78 80 30 73 18 13 110 76 112 21
    98 75 81 98 35 62 88 90 33 47 106 62 93 70 54 106 72 89 89 74 30 90
    109 102 11 68 63 125 100 54 3 69 90 74 88 45 100 13 120 122 85 34 24
    64 9 114 98 24 89 47 80 12 28 44 125 115 117 76 125 71 22 51 64 15
    61 50 2 70 50 1 81 25 63 93 3 111 85 63 62 59 31 60 48 14 105 75 59
    115 88 120 56 117 0 2 70 107 38 106 42 51 39 62 70 98 68 100 127 124
    125 56 118 49 53 109 38 116 88 91 11 111 77 58 60 6 66 68 88 1 71 20
    39 35 72 73 118 99 95 27 22 94 24 34 72 21 28 116 88 10 60 49 2 101
    79 49 13 65 6 29 43 80 102 92 45 87 12 126 43 32 44 57 29 45 123 10
    102 93 86 121 63 35 62 127 89 73 6 70 32 124 107 33 72 121 77 124 12
    120 14 15 84 122 22 79 119 1 122 2 104 112 1 93 36 10 1 29 39 116 88
    15 116 124 61 117 103 104 75 61 97 29 93 43 83 95 79 34 101 67 112
    16 25 20 24 79 96 67 78 32 62 42 116 30 73 67 72 4 119 65 36 29 71
    91 1 99 49 120 22 118 74 25 31 11 43 79 14 31 68 77 92 9 95 94 85 17
    107 90 109 40 113 99 102 13 96 35 116 59 40 35 82 3 32 99 104 1 84
    90 87 38 88 24 99 26 28 107 108 89 66 16 89 82 57 86 107 15 66 70 10
    88 125 22 122 8 86 20 27 56 73 13 1 90 62 45 46 77 127 13 8 13 49 28
    29 74 52 51 61 77 82 91 45 17 110 85 88 15 64 54 100 9 107 67 60 88
    40 25 2 59 40 73 57 27 29 74 101 77 35 15 125 115 91 60 58 26 73 77
    50 29 73 41 64 115 22 109 59 78 64 39 83 79 49 58 60 85 24 29 118 54
    77 125 104 14 11 106 30 110 104 81 19 48 124 29 29 17 70 10 77 48
    103 5 79 76 112 67 15 44 97 0 62 52 11 58 92 94 69 55 10 126 82 44
    61 50 55 48 33 71 96 123 95 24 87 11 93 79 121 81 98 95 3 26 99 114
    82 42 38 118 11 49 117 45 57 5 83 123 123 35 96 80 82 10 9 126 117
    89 72 79 10 53 115 26 39 36 96 86 83 120 73 118 10 41 99 124 72 111
    109 39 110 90 71 37 110 6 48 5 25 123 98 43 4 73 34 84 35 97 110 46
    73 54 101 115 103 25 66 57 119 19 90 27 127 75 124 94 54 70 116 121
    21 14 23 46 34 2 75 46 25 118 86 37 14 27 105 117 41 122 56 29 80 86
    0 50 44 65 106 111 71 123 124 103 42 125 44 53 66 10 116 37 90 48 78
    5 54 50 84 40 68 29 117 115 76 34 105 44 1 28 91 55 36 38 1 14 18 51
    113 114 95 58 78 79 8 90 73 74 71 13 63 25 73 31 64 96 36 123 94 50
    110 5 79 45 2 96 21 112 1 112 22 56 125 6 65 1 65 101 88 70 112 97
    82 87 32 75 46 58 4 88 102 3 7 97 29 28 61 82 2 116 73 90 94 52 75
    13 93 10 14 10 54 85 113 0 4 4 60 75 114 58 80 53 87 36 118 7 4 42
    103 104 4 33 45 92 80 64 61 120 22 84 40 93 98 20 59 46 65 89 86 21
    50 78 55 85 108 82 101 127 61 78 57 4 116 10 43 36 21 5 125 1 13 47
    109 112 103 6 58 71 120 53 83 82 85 89 57 50 115 12 41 67 20 115 107
    45 30 68 114 24 76 76 13 64 5 36 32 67 42 71 43 46 10 67 41 48 119
    88 118 82 98 22 40 6 42 83 83 49 55 7 89 84 127 27 30 125 47 118 13
    119 101 108 37 40 32 112 92 39 45 24 121 94 45 114 115 100 39 12 95
    79 7 69 29 39 82 71 52 10 106 59 96 115 93 23 52 18 2 48 8 66 15 36
    57 53 85 29 98 90 25 49 103 14 29 5 3 60 38 115 50 112 23 26 13 119
    100 13 16 88 123 14 124 64 81 51 109 44 94 75 52 1 73 98 3 14 101 43
    115 100 101 5 112 90 80 105 11 8 27 72 42 126 54 36 77 3 73 123 43
    96 7 106 93 114 61 123 115 112 86 110 102 3 40 73 97 39 48 55 87 110
    29 86 59 74 117 57 19 90 113 13 22 10 122 116 83 6 35 72 59 106 103
    26 67 94 20 25 49 80 87 15 119 55 108 37 66 17 91 3 60 109 118 126
    102 51 3 62 96 2 115 106 110 45 93 24 67 59 51 120 73 34 10 73 126
    114 46 98 104 75 12 76 100 120 118 24 12 75 42 16 105 5 85 49 45 27
    14 30 88 93 75 102 126 118 124 44 74 82 22 76 33 104 16 108 64 102
    81 41 14 55 22 125 113 121 121 90 24 112 80 91 44 93 34 17 69 125 97
    9 43 29 11 114 85 40 96 36 32 24 15 37 92 22 14 97 58 17 98 3 40 25
    125 86 50 74 66 103 49 87 38 81 9 41 30 33 71 4 75 103 16 44 90 33
    50 90 73 100 60 120 105 65 99 107 79 20 73 121 109 77 26 16 10 82 3
    101 26 15 37 124 126 91 36 119 56 39 3 100 10 9 23 123 95 59 118 125
    66 89 86 113 11 61 126 9 81 44 121 25 43 102 84 100 124 33 51 117 25
    2 110 61 4 109 106 85 93 104 44 15 40 106 75 94 123 26 95 99 48 56 0
    126 124 127 27 85 20 15 100 15 45 90 81 103 67 75 63 40 19 63 120 52
    26 57 121 65 126 68 24 101 29 93 15 46 49 101 126 114 88 99 28 6 17
    11 8 44 15 38 98 43 78 0 34 91 8 37 104 89 8 39 60 43 12 88 115 119
    34 92 11 55 57 21 119 58 14 2 72 50 94 34 96 76 39 2 113 21 92 7 59
    118 22 67 18 124 119 103 84 42 39 42 8 126 108 48 21 1 84 119 120 61
    83 117 68 91 69 81 101 40 4 120 3 37 68 4 98 126 74 78 59 27 96 62
    46 60 90 111 26 93 63 13 112 127 46 88 106 39 83 119 90 58 55 56 115
    48 71 45 93 123 116 83 32 39 44 106 54 104 45 92 19 5 4 37 9 13 78
    125 25 67 4 65 70 109 70 100 117 71 30 108 91 51 90 116 101 31 114
    116 54 22 69 49 40 35 127 97 91 78 124 44 27 15 24 30 67 119 21 55
    117 6 115 110 47 111 50 112 32 76 40 100 107 42 80 35 29 17 29 92 79
    105 35 121 24 79 127 52 14 93 20 39 38 46 62 17 117 6 7 64 17 29 69
    60 28 126 55 41 106 110 97 113 105 73 69 117 58 65 52 105 27 68 117
    86 27 98 17 16 8 104 22 122 93 43 71 89 95 105 116 111 28 53 92 45
    39 23 56 13 110 92 86 93 86 98 125 103 72 16 62 19 24 19 2 56 14 24
    45 48 94 109 35 36 100 97 57 28 91 95 65 23 18 49 8 56 70 115 71 122
    40 6 28 109 27 57 22 115 33 13 61 8 109 26 75 18 103 47 24 22 5 69
    121 55 35 62 102 26 55 77 111 49 9 127 5 123 39 7 53 111 86 65 55 97
    14 92 32 76 40 24 21 18 45 82 37 121 6 43 11 99 55 121 84 45 19 126
    115 62 26 81 107 102 96 63 40 16 122 104 11 95 112 60 10 26 96 19 33
    104 59 12 69 59 49 62 109 69 84 31 122 117 119 89 93 47 54 62 69 127
    52 44 77 40 21 31 114 40 108 55 103 123 11 5 122 125 21 82 100 16 68
    26 6 38 84 18 61 16 12 3 10 121 40 114 118 45 0 111 79 52 38 41 112
    18 32 2 123 60 11 82 20 93 117 58 14 50 16 117 91 55 68 29 119 57 82
    17 48 57 76 83 27 112 10 49 67 28 124 31 63 69 82 69 21 74 38 56 41
    0 10 8 40 14 79 71 125 4 84 82 117 98 32 126 13 91 125 12 125 124 57
    110 74 114 19 108 72 66 50 38 70 53 67 24 105 108 44 38 80 25 52 78
    11 64 89 97 40 74 34 85 87 106 67 116 28 29 106 2 47 70 95 41 55 3
    23 97 19 112 75 112 75 96 61 29 84 66 126 89 32 115 59 34 101 124 50
    86 38 29 84 75 95 23 49 109 120 105 93 81 39 35 16 66 119 57 108 97
    87 61 76 84 100 6 75 91 1 67 67 15 89 23 108 106 15 22 21 46 75 85
    59 81 86 98 67 17 50 86 70 45 118 65 32 52 38 96 81 54 125 27 71 121
    103 127 120 127 99 84 111 98 24 50 66 47 89 27 4 55 48 77 119 93 41
    45 49 47 10 8 110 39 124 6 83 20 41 102 77 97 47 6 42 125 76 25 118
    70 10 53 39 100 107 33 34 54 35 28 99 50 17 26 92 89 4 107 6 80 88
    101 97 36 38 5 70 74 10 20 41 83 11 49 114 10 82 45 71 77 123 49 84
    2 108 55 84 29 24 95 48 42 88 10 84 62 119 93 90 26 72 37 25 85 23
    122 45 68 68 69 81 24 86 66 28 48 17 112 82 87 31 112 59 82 121 12
    83 121 27 11 105 66 36 17 3 44 55 2 83 96 55 94 125 0 42 92 120 38
    21 24 76 29 109 75 67 51 119 45 9 2 109 73 113 124 125 28 112 120 60
    89 34 63 29 35 25 106 113 3 34 40 69 118 12 16 110 98 62 8 43 36 120
    24 47 6 120 82 8 11 5 118 99 101 7 82 121 11 110 95 55 13 92 63 64
    10 121 23 116 8 24 78 112 67 59 52 76 18 97 126 73 68 89 123 0 109
    58 115 88 120 48 16 34 15 42 0 109 6 98 76 118 99 34 94 30 97 111 68
    57 32 20 66 81 33 40 124 59 73 23 119 34 121 74 0 101 8 23 8 109 63
    123 115 80 32 35 105 74 1 38 17 4 63 87 100 96 23 21 64 72 61 28 24
    18 60 0 66 38 67 58 27 70 26 111 123 68 68 33 48 101 71 34 21 7 48
    75 73 14 61 16 108 10 69 68 93 92 67 111 66 10 21 40 77 54 114 71 70
    103 24 45 18 112 107 99 88 87 3 63 22 73 43 54 127 1 26 23 49 32 98
    71 4 58 58 55 32 66 64 102 66 11 58 36 30 9 54 25 14 77 88 41 64 86
    118 52 50 51 115 100 62 23 40 90 109 49 5 81 51 99 67 28 76 81 79 27
    55 11 124 76 75 112 102 112 54 27 10 27 72 35 48 107 80 84 114 91 84
    61 5 67 76 26 24 72 103 50 74 125 82 5 92 92 94 78 89 32 10 58 25 1
    4 127 20 50 37 102 29 50 9 10 82 4 31 98 97 70 75 98 71 107 73 29 56
    62 114 56 54 77 1 43 82 12 116 103 26 76 4 90 36 18 8 82 85 98 23 3
    85 45 53 32 4 21 55 122 80 45 31 108 119 1 22 23 94 45 66 77 61 73
    84 12 3 103 92 29 66 8 86 0 25 84 27 47 21 2 63 120 106 124 79 106
    79 88 13 89 36 32 85 1 3 72 43 105 83 70 67 31 10 34 92 7 75 24 15
    75 17 53 57 28 24 8 90 5 93 55 61 0 102 2 46 13 121 56 42 50 126 6
    48 38 63 110 61 64 37 66 14 24 105 115 54 113 122 103 35 7 23 78 81
    9 30 7 38 121 33 74 122 28 60 76 39 15 69 51 106 126 106 79 71 57 48
    20 76 57 86 57 36 10 110 94 80 11 46 89 70 45 10 112 56 43 74 58 102
    35 41 70 95 114 62 50 97 111 71 50 23 35 66 73 2 11 14 17 98 9 82 5
    12 23 2 117 31 117 73 82 77 20 115 10 99 82 104 112 19 51 106 121
    109 13 53 105 41 63 1 33 16 27 104 60 4 78 25 99 98 24 93 40 74 7
    118 4 11 76 25 15 64 43 109 71 109 83 20 7 67 92 86 39 46 39 12 69
    124 5 57 110 32 10 4 55 62 4 38 63 48 77 60 50 27 93 19 87 109 60 64
    84 13 7 117 8 111 105 104 18 15 85 49 105 43 2 125 52 112 67 32 23 8
    12 82 94 44 57 96 50 14 22 46 108 62 36 64 59 50 41 124 35 115 96 6
    57 101 36 20 70 36 122 90 88 87 11 22 35 48 78 117 78 19 127 116 105
    49 97 120 91 82 3 56 107 16 64 7 19 28 50 28 106 35 82 110 21 29 43
    103 83 70 66 68 30 72 61 102 4 6 91 71 89 22 3 114 32 63 93 84 105
    61 34 5 41 85 56 24 1 36 106 62 102 15 31 3 30 88 124 29 30 13 10 81
    43 13 22 34 91 36 112 43 110 32 57 30 62 5 74 72 51 3 46 15 110 20
    43 91 28 93 4 12 103 115 25 6 115 10 36 5 58 44 93 117 95 11 82 80
    101 50 106 36 108 9 15 47 112 44 76 97 27 22 124 13 30 44 100 122 87
    100 37 78 63 101 92 120 75 8 57 77 76 40 82 10 11 9 51 35 92 96 48 8
    8 4 36 86 9 70 14 49 110 111 99 55 34 98 79 105 45 61 114 55 27 119
    112 101 25 79 121 30 72 83 88 43 26 90 17 104 4 0 39 35 75 109 10 60
    91 24 5 44 59 78 91 18 102 6 39 72 119 45 108 15 2 37 47 42 54 85 30
    45 6 6 44 60 85 79 24 120 114 41 24 1 97 43 28 123 1 7 124 126 76 14
    47 71 12 61 12 103 12 62 67 81 47 65 28 120 32 27 42 0 81 16 45 11
    95 1 123 116 111 109 94 40 50 10 20 27 84 107 3 58 99 30 95 27 83
    119 54 40 4 1 16 80 82 75 4 73 62 40 66 124 3 106 99 83 34 77 79 124
    92 31 95 24 63 53 35 9 46 37 81 9 102 111 8 26 21 104 43 6 99 82 13
    58 113 57 103 63 119 111 47 10 13 101 7 83 72 19 114 76 74 127 74 22
    88 3 122 0 102 121 85 14 20 47 126 123 23 105 122 84 117 77 86 63 47
    70 9 24 79 84 126 67 72 67 74 92 47 21 72 2 0 3 99 47 83 35 57 104
    10 64 70 41 79 39 55 63 98 19 40 118 17 107 31 61 36 82 106 126 33
    47 13 101 32 11 32 55 64 81 65 124 75 57 47 8 26 105 33 111 79 38 26
    116 31 32 42 3 50 4 109 119 78 69 97 79 91 94 54 70 88 67 0 35 3 51
    81 69 71 51 66 83 126 127 108 36 76 74 22 67 120 65 114 28 104 76 17
    59 55 107 103 40 75 8 112 114 101 59 14 114 115 108 127 12 127 14 31
    108 106 13 3 47 68 97 116 59 51 46 124 81 92 125 107 52 111 120 12
    60 80 89 50 14 74 4 26 96 121 56 84 65 36 31 26 81 110 7 116 46 70
    110 112 125 113 72 79 6 39 87 92 73 36 96 61 42 62 104 15 51 1 119
    38 5 49 22 78 60 126 44 125 33 42 97 98 21 52 110 7 60 82 35 114 2
    90 121 79 51 65 57 18 3 83 45 28 29 1 68 13 81 117 44 125 114 100 57
    75 75 96 39 118 72 25 42 0 49 91 56 107 37 113 43 106 89 53 90 88
    118 92 3 22 44 2 26 15 34 83 62 58 127 39 102 112 90 116 127 98 24
    73 75 7 78 31 34 52 84 28 53 11 99 95 98 56 9 88 114 43 71 50 29 84
    34 38 6 55 16 92 109 97 52 42 71 119 4 119 18 38 0 77 19 94 19 4 24
    110 76 32 24 122 108 95 9 73 127 52 63 67 77 33 122 121 15 113 84 59
    55 60 48 105 100 34 115 108 32 28 59 77 119 94 112 6 115 70 62 52 70
    41 57 105 59 67 48 94 16 100 39 71 100 121 30 0 71 7 11 107 108 124
    121 50 5 81 116 107 67 74 68 120 104 26 69 81 87 102 114 58 32 7 95
    77 95 68 37 114 64 59 79 55 48 111 36 112 44 13 126 6 78 73 55 75 9
    95 123 119 67 127 58 118 100 124 11 15 1 25 80 45 7 9 117 63 10 1
    104 9 126 49 21 70 91 93 25 109 42 11 69 69 35 64 42 114 29 65 98
    114 43 71 42 37 95 10 46 25 16 73 58 8 112 5 21 65 74 3 124 64 83 85
    113 111 59 86 2 2 24 14 12 126 36 51 67 85 0 37 75 93 18 90 12 35 89
    49 82 22 85 125 46 44 51 60 121 39 22 58 14 3 26 32 100 0 121 10 79
    86 84 33 29 15 23 13 55 16 85 12 44 41 114 46 39 70 79 118 74 11 16
    86 110 66 106 0 49 77 126 6 52 2 118 97 8 91 95 126 45 31 30 38 110
    124 48 52 118 32 13 80 106 125 13 1 107 32 15 56 99 126 44 82 97 24
    36 63 116 106 100 57 39 62 94 20 48 123 125 63 126 9 104 2 53 18 116
    36 114 73 69 69 112 12 127 43 17 55 52 126 32 96 83 124 106 40 6 14
    47 65 55 90 9 37 8 4 4 1 45 77 108 76 89 48 80 21 113 37 92 113 95
    81 95 111 5 119 85 127 45 1 74 57 13 23 6 103 38 74 109 14 75 124 51
    71 66 127 37 121 52 5 45 24 54 62 13 42 53 106 0 26 89 104 31 34 39
    3 82 117 15 75 114 78 8 9 15 50 6 73 67 60 94 61 95 94 127 48 88 54
    125 81 23 14 73 9 99 29 32 89 59 51 83 101 122 81 79 88 19 68 57 12
    125 100 127 25 39 68 120 87 108 74 51 102 123 114 43 25 16 13 9 37
    35 37 65 115 51 104 111 102 72 21 36 50 73 119 48 73 68 116 64 16 70
    5 49 5 41 107 21 2 104 76 108 47 73 74 50 108 17 27 64 92 14 72 69
    64 92 95 79 68 34 35 18 102 1 33 8 6 44 50 115 8 39 89 75 53 12 93
    50 126 48 22 22 88 12 24 84 66 71 101 118 46 17 0 103 47 22 24 101
    84 33 46 123 33 121 50 56 23 101 56 71 53 72 38 77 65 104 89 1 94 98
    30 11 54 85 79 40 5 56 114 97 120 118 35 103 118 33 90 50 33 81 9
    116 2 100 79 62 91 111 79 86 107 51 73 127 123 54 74 28 127 27 48 11
    23 72 9 63 85 72 22 112 33 109 22 50 86 11 4 98 43 115 71 97 56 3 76
    26 22 18 84 85 91 97 103 6 103 67 42 120 98 102 23 10 5 74 75 53 43
    122 21 80 57 40 84 96 14 17 40 109 84 66 32 99 22 15 33 76 57 55 124
    118 15 65 52 112 29 4 124 57 32 30 46 88 123 109 17 110 37 122 77 42
    0 51 26 116 116 42 119 50 105 33 53 81 20 94 119 121 31 125 54 61 60
    72 19 113 124 68 108 3 2 115 14 9 96 127 94 99 93 9 50 27 91 45 36
    80 36 80 101 47 110 22 56 69 1 104 102 89 121 109 77 65 18 5 86 52
    100 118 65 99 105 59 97 6 78 29 124 17 54 102 48 45 37 62 74 54 44
    107 93 90 8 99 95 125 67 123 76 100 58 126 83 55 4 26 61 66 4 38 71
    88 51 69 96 22 41 85 41 101 46 32 3 82 22 40 50 29 90 54 8 52 34 108
    113 20 115 86 69 57 50 125 21 112 25 52 20 39 110 119 107 0 45 15 91
    95 53 103 57 96 14 95 96 101 52 98 26 95 91 9 74 120 117 42 37 87 8
    23 116 56 36 96 11 12 119 112 12 108 95 24 22 54 43 44 22 75 120 66
    123 110 31 64 2 18 4 20 116 110 126 73 84 20 83 54 117 34 44 105 107
    43 51 84 29 17 59 82 14 109 55 95 30 111 38 94 125 85 44 84 31 15 39
    13 52 53 114 126 125 68 27 81 23 41 68 113 114 123 98 45 122 124 43
    58 34 52 21 102 58 56 117 76 124 40 108 7 90 2 15 53 10 31 89 93 8
    111 5 36 31 6 86 70 94 54 106 94 27 59 58 73 4 51 117 113 69 57 122
    22 86 18 35 84 62 31 12 62 94 6 24 83 26 85 52 24 99 103 19 83 95 36
    65 85 117 38 8 87 8 77 122 124 90 8 111 49 106 36 61 54 92 92 48 107
    7 12 46 64 58 13 35 39 52 115 48 105 74 97 45 61 78 10 74 28 79 82
    19 54 110 80 17 124 108 31 23 54 97 1 35 6 11 50 6 107 116 122 18
    101 62 65 105 52 82 111 33 114 58 51 50 56 30 66 93 8 59 13 100 12
    12 113 76 76 88 63 125 36 73 37 45 42 77 59 40 36 64 106 7 118 3 116
    49 122 94 102 30 123 37 54 56 100 59 13 65 69 98 80 45 72 37 11 115
    32 5 49 11 80 50 39 106 78 119 35 55 5 70 71 45 90 95 52 80 62 22 22
    50 54 117 48 123 42 25 102 51 103 89 40 9 59 22 10 66 3 56 4 32 52
    47 107 115 106 73 105 64 11 115 40 26 1 50 110 127 16 55 23 73 78
    119 3 127 20 59 116 124 89 89 121 57 44 35 2 8 5 96 16 63 97 61 73
    126 91 95 36 67 10 80 76 119 81 91 50 116 85 50 56 53 61 96 70 49
    102 73 104 113 102 81 10 36 65 110 75 121 1 16 89 65 87 80 40 88 31
    111 16 8 104 8 14 47 124 115 54 34 91 6 15 76 54 91 116 110 127 86
    14 0 99 102 49 27 4 76 114 118 36 28 110 89 81 96 3 79 36 28 90 7 80
    49 47 93 22 31 104 45 71 8 20 49 102 54 74 67 109 87 119 8 14 64 58
    125 21 118 0 104 85 80 123 111 48 104 125 94 127 127 60 115 33 27 64
    123 97 114 93 47 7 30 119 54 25 121 56 44 33 103 125 75 32 41 25 17
    58 90 27 0 64 93 113 60 4 56 121 89 28 83 26 63 83 90 119 66 124 13
    82 28 111 20 21 45 58 89 125 20 48 4 22 60 73 17 118 20 15 34 61 121
    105 15 29 20 92 19 46 35 39 78 64 123 12 73 19 2 85 124 30 78 116 8
    48 74 51 16 119 111 10 20 54 51 48 55 101 121 26 110 119 127 39 19
    89 104 99 27 72 36 105 82 71 42 56 69 47 21 63 12 19 50 11 56 84 19
    8 107 54 123 5 124 7 38 31 33 120 108 58 14 126 10 18 92 20 19 50
    120 87 19 87 27 103 125 121 111 26 40 54 22 61 59 58 75 89 2 110 13
    25 45 65 119 37 6 0 13 34 10 110 116 127 105 44 21 102 41 53 38 36
    38 11 111 1 18 106 46 95 7 54 76 100 107 6 4 80 20 80 113 29 14 15
    110 12 6 17 80 12 50 52 111 34 28 78 97 47 10 71 124 70 118 81 96 92
    30 118 72 41 44 24 79 111 69 46 104 43 90 2 52 117 24 100 124 64 9
    61 78 19 98 12 57 26 42 122 17 118 114 115 80 52 76 121 43 69 43 82
    43 99 118 53 78 100 61 112 14 126 63 68 100 71 35 59 63 2 121 126
    123 102 37 93 81 74 33 113 47 10 126 6 70 91 83 26 84 41 47 17 24 3
    52 51 109 41 104 45 93 90 66 41 120 91 69 98 1 127 85 100 88 91 4 74
    37 96 110 52 91 109 0 55 118 127 57 57 28 74 23 1 10 56 111 33 86 99
    13 126 24 86 43 42 91 84 82 113 108 105 36 13 91 78 42 78 16 26 101
    8 98 92 100 80 84 8 25 76 70 66 116 20 57 92 50 98 69 113 122 77 107
    58 0 78 81 18 18 40 34 64 124 79 6 26 23 88 76 95 10 22 22 123 7 118
    103 4 127 76 64 127 45 60 63 99 15 63 8 88 10 111 113 41 13 3 100
    121 57 29 26 30 19 65 62 74 82 122 67 30 75 101 115 107 11 111 120 5
    11 46 44 46 121 100 43 24 98 19 77 46 3 0 93 11 116 106 71 48 120 31
    87 58 13 70 112 87 37 78 22 48 101 121 78 9 108 117 44 65 105 82 114
    34 79 41 14 109 98 35 127 17 60 81 32 101 51 22 63 110 95 108 42 121
    27 51 118 67 13 46 51 41 48 9 109 26 60 10 97 57 73 70 35 8 15 7 124
    126 29 64 45 106 62 76 91 54 16 48 70 90 27 121 48 5 108 1 111 113
    25 12 127 90 19 122 32 24 89 22 110 124 52 103 93 58 110 79 90 114
    120 65 14 102 62 118 34 29 41 127 25 36 21 17 49 9 109 13 46 10 33
    28 59 85 53 44 83 80 45 100 37 90 87 24 75 59 92 112 77 38 56 102 79
    17 101 44 63 14 54 49 107 127 76 4 88 30 39 64 121 100 72 2 63 36 89
    106 43 30 101 59 18 85 32 4 71 120 102 25 15 77 25 0 43 20 114 51
    107 70 65 12 78 94 5 29 99 57 67 61 23 10 6 94 9 54 98 33 126 106 68
    85 122 76 110 83 115 96 51 64 55 17 30 82 17 28 36 74 34 29 25 61 54
    33 57 82 115 63 30 60 95 116 92 98 19 29 125 79 100 104 98 16 75 71
    21 53 75 82 108 48 64 127 51 58 111 115 9 44 77 59 72 63 3 72 27 20
    115 75 36 48 68 10 59 68 111 117 81 21 103 57 20 61 102 100 53 3 79
    22 112 42 104 21 60 46 90 74 17 15 63 47 60 61 52 99 14 125 73 120
    75 28 19 43 5 104 23 71 39 82 86 64 42 14 51 96 45 117 46 107 66 66
    2 41 84 117 127 28 100 104 79 0 26 122 8 0 80 10 22 86 80 48 63 17 5
    35 4 42 11 23 69 65 33 16 15 65 93 0 116 94 67 97 119 22 11 121 91
    62 62 104 49 114 77 26 120 9 11 71 89 113 79 94 7 70 104 105 25 65
    89 6 24 37 90 57 58 101 27 38 64 14 77 55 40 73 112 114 6 76 83 123
    3 25 63 41 31 11 23 11 31 103 6 27 68 104 80 28 73 26 57 41 103 69
    82 46 33 68 54 118 3 101 34 54 6 19 122 119 76 101 21 19 46 103 99
    39 71 23 56 126 110 106 92 71 123 73 60 71 116 65 57 27 28 122 98 75
    114 27 125 124 69 58 90 88 55 123 65 127 0 20 65 13 9 12 0 105 44
    104 108 48 85 110 71 117 38 53 6 7 4 89 50 80 5 117 79 106 10 66 92
    5 15 63 99 90 88 46 125 72 7 90 30 61 5 118 58 39 34 17 113 115 88
    38 120 63 91 114 64 68 41 23 1 110 71 69 107 23 91 21 78 74 78 99 28
    107 78 18 67 113 44 102 71 12 24 39 41 27 89 5 60 9 41 93 84 85 33
    31 2 86 33 113 126 83 93 4 55 80 91 29 76 97 96 53 82 7 12 15 10 102
    94 92 104 104 83 116 102 84 29 51 37 89 53 19 4 120 55 91 24 93 80 0
    86 97 45 56 114 52 56 85 120 79 30 27 81 64 53 106 75 14 97 117 14
    37 27 4 3 69 118 100 74 98 93 99 5 4 70 64 86 40 101 2 43 52 56 82
    15 66 75 36 104 93 8 32 80 98 56 92 21 1 29 107 110 63 88 50 62 112
    11 95 103 35 65 80 116 80 64 50 25 30 44 117 97 109 16 66 67 60 70
    16 79 55 57 73 66 25 121 99 103 94 96 88 29 73 98 61 49 33 15 80 46
    40 2 94 87 123 70 20 85 80 6 10 127 83 21 37 51 126 79 38 70 31 25
    119 96 0 74 87 32 69 67 19 79 49 125 29 70 64 97 106 52 42 127 50 7
    125 94 81 47 104 55 118 48 114 30 37 40 125 125 106 59 97 113 125 34
    67 33 87 117 97 27 5 83 44 93 68 44 58 42 64 90 26 114 41 18 38 59
    122 116 64 89 60 61 118 46 50 35 84 99 116 67 115 85 117 111 70 22
    37 7 4 102 126 87 82 95 127 31 24 8 98 109 32 106 22 43 9 73 50 52
    43 10 7 37 33 88 12 52 87 94 60 72 23 95 10 120 25 49 57 122 100 119
    67 38 84 0 117 127 125 6 75 111 79 54 29 36 97 105 6 61 97 122 102
    24 47 25 97 107 67 75 94 13 116 0 103 82 81 8 58 72 121 8 41 100 30
    54 55 18 11 101 75 36 30 96 4 38 44 24 60 40 81 110 4 58 65 107 69
    69 35 32 31 66 35 54 36 8 11 78 72 35 61 2 24 65 31 21 3 27 125 97
    46 107 100 36 74 34 8 49 54 17 48 84 3 100 122 29 98 30 3 119 111 73
    96 125 21 127 51 80 92 62 52 69 22 103 68 0 2 73 65 7 98 43 90 16 32
    121 64 66 76 51 60 22 37 20 113 71 60 11 92 104 88 22 77 112 85 110
    51 124 15 79 44 73 46 46 64 20 76 116 69 126 122 76 39 30 22 13 98
    120 69 19 61 105 64 96 59 101 106 109 124 50 127 44 58 55 79 53 81 6
    49 74 123 89 78 103 3 58 2 126 99 58 61 119 89 108 11 77 19 79 51 16
    111 21 42 70 3 32 40 56 47 41 54 72 36 52 62 69 13 79 122 61 34 54
    81 126 80 47 104 117 25 92 7 5 22 26 58 44 114 99 43 41 120 2 52 115
    33 58 117 86 98 67 55 62 67 78 77 89 98 4 28 123 87 14 6 49 74 80 24
    58 98 111 95 73 17 53 119 45 66 18 36 92 14 39 114 89 24 5 41 69 121
    104 91 26 90 9 114 68 60 96 117 1 32 2 108 9 31 38 85 92 30 114 12
    77 98 106 59 113 65 98 106 75 7 18 120 91 112 32 9 52 102 12 96 53
    101 41 82 27 90 108 90 68 7 102 69 55 112 109 125 69 96 87 46 125 50
    96 29 74 68 77 88 120 114 118 65 82 57 59 62 19 25 72 77 12 29 64 12
    52 93 30 92 97 9 21 83 49 76 74 47 119 13 35 74 42 60 106 94 43 8 33
    12 39 111 53 65 71 30 19 23 43 95 119 98 33 21 108 44 116 27 4 68
    104 35 29 97 77 62 52 27 95 78 15 43 116 92 123 38 15 22 92 0 101 50
    34 59 34 4 44 117 21 71 88 103 47 94 91 39 62 72 19 26 14 51 79 72
    121 12 72 3 116 9 60 100 106 119 104 120 90 89 97 96 80 34 23 94 59
    15 79 110 40 80 92 37 42 81 11 64 72 56 19 83 51 46 114 6 20 92 34
    86 115 87 59 50 126 54 76 124 122 104 119 79 6 17 118 115 52 9 18 75
    18 66 84 24 22 26 17 4 8 99 25 102 126 60 5 13 28 40 60 90 11 103 54
    39 77 7 98 67 54 71 60 22 18 112 7 119 63 57 31 37 31 24 106 75 8
    122 21 21 124 6 119 4 79 87 31 51 2 96 121 119 70 62 65 125 8 124 82
    56 89 76 75 120 57 119 82 92 20 65 79 31 76 56 85 24 34 30 47 55 17
    9 35 119 127 14 46 30 39 62 44 10 20 25 32 55 2 60 111 125 102 125
    50 38 32 42 107 123 15 23 54 98 5 69 6 105 87 93 29 16 66 49 82 117
    68 126 29 125 125 107 45 84 11 60 27 127 73 113 35 118 59 85 56 2
    119 59 61 120 33 27 6 30 28 28 68 67 44 107 59 113 92 9 41 117 121
    61 1 27 89 40 7 111 73 19 29 8 76 27 16 68 69 111 93 68 33 33 92 27
    34 124 83 19 46 5 47 87 99 71 20 37 98 12 32 102 110 54 84 83 76 1
    35 74 37 40 96 49 127 36 76 79 66 29 10 95 12 98 121 61 55 122 106
    39 27 123 68 32 3 42 93 41 82 35 28 34 81 22 12 5 50 6 30 40 31 5 69
    40 36 107 6 86 28 22 69 92 64 103 51 105 111 47 92 16 86 77 107 22
    42 116 115 25 118 26 80 33 26 34 48 52 114 91 70 18 87 86 116 52 17
    5 44 36 113 71 91 12 125 100 48 121 7 96 122 86 32 41 73 70 48 68 76
    24 102 1 86 51 7 2 18 58 120 108 122 58 67 72 46 71 115 84 36 54 104
    59 103 36 121 121 103 7 64 20 74 45 2 79 71 110 41 44 13 17 8 28 76
    99 111 98 39 88 117 105 3 111 108 42 82 124 1 4 116 26 121 34 56 32
    5 71 69 96 96 71 123 80 37 126 19 100 67 104 82 86 39 70 64 84 97 39
    115 54 78 90 108 36 75 95 84 113 44 104 12 73 36 97 126 87 40 9 9 38
    58 104 21 85 73 125 104 22 56 63 28 41 40 55 48 31 123 70 109 9 75
    60 15 117 16 41 127 3 67 45 122 1 62 17 117 121 100 101 31 115 105
    79 119 31 104 60 90 66 43 33 30 58 74 22 9 122 108 16 16 99 19 14 19
    86 111 46 17 39 22 4 32 74 124 24 34 117 49 20 83 95 124 119 9 9 87
    54 57 7 118 45 113 73 63 27 12 47 122 17 87 5 93 115 31 39 11 41 25
    86 61 40 50 86 119 40 39 68 114 4 13 95 40 17 95 9 88 77 14 22 21 47
    12 3 110 116 98 10 103 69 19 90 66 84 84 44 3 75 46 49 114 94 12 18
    96 30 14 124 120 25 63 39 49 77 86 11 73 79 91 36 18 94 98 87 94 101
    9 97 34 94 30 99 98 43 95 54 10 95 86 108 17 97 125 10 104 19 3 119
    30 10 22 7 70 40 97 105 53 118 77 61 95 85 47 5 83 24 76 68 31 102
    43 79 8 23 12 76 18 90 111 120 101 5 96 94 8 72 72 19 97 34 124 92
    36 116 87 81 91 61 18 36 97 69 9 89 121 115 56 99 92 43 76 123 93 52
    62 36 108 38 116 56 99 124 30 92 52 73 25 112 76 125 12 97 127 63 42
    34 36 94 68 4 41 42 49 67 76 0 69 91 100 48 93 83 120 1 120 108 64
    102 81 50 103 96 94 85 52 28 109 39 95 29 18 50 118 38 73 96 22 57 5
    86 122 114 71 108 66 53 81 39 117 87 88 50 120 18 104 118 65 95 96
    119 91 53 65 23 88 51 8 2 89 23 94 57 10 120 51 26 13 14 51 4 76 62
    41 66 22 110 123 51 25 87 77 51 6 101 126 19 30 23 12 35 98 29 5 44
    99 29 74 0 81 110 1 81 73 29 112 7 9 77 57 102 98 21 34 123 22 19 15
    106 107 21 23 15 107 70 1 6 19 54 68 118 56 47 74 18 106 126 77 88
    51 83 65 127 6 59 53 15 33 107 77 49 19 72 4 97 39 21 87 98 107 25
    120 48 65 17 60 80 29 91 90 21 121 112 54 74 34 52 108 14 19 108 57
    43 69 23 97 24 113 61 75 61 127 7 120 121 82 117 76 123 80 65 85 94
    29 55 5 82 93 81 33 60 15 50 80 37 95 112 47 44 92 19 16 5 58 114
    112 74 61 84 60 59 52 94 29 64 102 102 80 41 125 22 36 41 43 113 111
    10 104 100 110 124 117 80 13 99 119 113 56 85 2 1 26 92 87 24 9 46
    30 104 30 34 35 51 71 20 29 65 98 37 91 97 127 70 71 38 27 23 8 28
    84 17 85 86 46 21 19 90 56 8 44 86 13 96 8 57 118 102 105 38 69 95
    26 50 96 1 31 77 64 116 70 90 31 58 95 95 105 120 95 108 92 45 80
    125 42 98 56 53 77 125 90 1 46 122 67 126 26 61 36 42 6 50 99 19 124
    34 93 7 106 8 28 80 35 49 102 15 10 32 106 104 25 115 36 17 39 1 119
    48 38 101 33 39 31 111 73 6 51 12 15 89 69 97 121 108 75 24 51 75
    127 106 63 20 119 5 9 40 93 42 104 119 120 23 119 63 65 35 90 31 36
    75 81 115 100 34 30 110 3 114 106 113 68 46 65 127 100 31 72 12 32 9
    120 115 41 36 0 62 88 68 14 58 34 94 100 18 2 5 125 95 76 23 115 114
    53 46 74 51 61 39 124 118 63 97 106 67 2 115 73 43 17 58 12 100 7
    101 55 16 116 22 26 66 116 23 25 30 71 111 104 23 108 12 75 75 23 88
    49 92 8 101 123 9 119 98 24 90 48 110 39 50 112 108 7 124 85 43 35
    104 78 42 36 70 43 125 15 20 51 112 77 36 5 106 56 17 122 26 84 52
    50 65 64 8 43 76 69 89 87 105 117 13 25 81 26 26 78 14 74 67 1 124
    15 33 76 79 51 50 88 95 69 99 27 0 103 33 28 17 75 127 19 9 90 45 95
    62 64 50 58 81 28 93 34 108 50 20 126 97 40 6 51 126 91 2 120 28 7
    36 4 111 108 7 105 49 22 19 102 15 54 13 78 71 95 61 14 55 73 103 85
    70 114 3 111 58 57 95 114 122 83 19 24 95 7 46 101 71 99 4 94 2 123
    93 72 85 78 56 88 29 27 108 106 34 93 54 49 13 125 48 53 38 72 99 51
    63 36 54 43 43 51 41 106 3 108 15 30 97 20 14 7 95 98 24 127 69 115
    55 41 46 125 73 90 16 81 98 25 22 7 47 127 12 126 59 79 78 60 86 63
    36 106 106 93 95 24 23 6 98 26 111 58 31 125 53 102 14 71 102 102 22
    76 8 2 49 64 72 4 21 50 126 125 109 38 84 52 2 45 0 111 15 35 89 111
    77 6 48 2 121 114 65 106 30 80 62 18 30 67 41 75 74 28 86 47 82 115
    19 53 25 91 117 77 84 86 29 100 19 16 30 76 6 1 66 88 89 116 63 88
    12 97 113 49 38 23 79 108 40 91 118 127 95 45 21 37 22 109 49 30 0
    42 79 56 56 86 106 95 37 90 1 9 68 73 39 64 82 100 117 31 48 68 101
    122 31 61 36 92 59 104 95 93 107 28 9 97 97 4 57 81 31 63 57 112 4
    78 64 54 112 9 84 73 96 106 81 58 67 38 41 52 73 109 66 31 108 29 57
    6 41 52 86 29 45 69 96 101 44 46 42 30 118 79 81 124 100 67 81 73 52
    44 6 102 78 50 64 29 45 127 69 113 72 114 3 109 113 100 52 5 84 25
    27 103 75 32 20 84 37 13 105 52 104 116 110 14 114 57 21 45 30 22 61
    70 28 44 10 16 112 116 71 28 114 98 65 15 67 45 75 75 45 29 89 80 13
    36 13 127 27 118 45 82 20 20 30 76 78 27 99 8 122 101 21 108 48 8 88
    44 72 16 95 101 98 94 104 74 100 103 127 7 33 89 58 96 5 38 86 23
    109 102 79 33 36 49 75 19 47 126 31 30 8 53 78 8 43 120 11 24 5 86
    45 30 60 96 75 38 79 123 99 103 122 127 83 45 102 120 41 80 44 63 60
    77 68 33 89 124 47 17 127 95 58 124 120 106 60 2 37 22 94 49 37 15
    31 31 88 100 13 46 111 113 123 37 41 109 73 83 21 82 82 0 15 107 49
    86 47 38 35 119 15 20 105 1 8 115 53 74 75 109 63 111 91 32 123 80
    22 36 56 77 86 63 23 63 51 92 110 37 127 45 3 26 30 104 23 112 106 2
    23 83 29 9 79 121 72 38 35 16 7 35 44 8 102 76 73 7 17 55 33 102 4
    10 87 97 47 103 80 102 116 109 28 99 14 0 102 102 56 32 61 10 40 102
    13 78 25 86 0 122 10 88 88 61 71 40 95 97 59 114 115 93 54 46 29 116
    12 0 57 120 83 46 125 112 79 106 1 48 75 5 80 11 8 23 47 62 88 34 2
    103 6 22 36 106 15 102 120 89 94 56 105 22 78 14 35 41 10 2 117 2
    111 69 91 99 101 102 57 74 28 20 16 58 114 52 66 92 17 108 7 102 34
    107 104 105 3 32 30 81 20 124 30 125 23 89 65 100 1 104 53 52 9 98
    97 31 115 121 19 31 49 79 122 89 6 77 111 48 125 70 125 11 88 57 125
    6 49 30 16 103 107 62 121 79 119 73 120 51 79 7 40 85 119 109 89 81
    11 90 84 123 25 57 90 61 77 39 17 87 99 27 33 41 11 89 78 16 42 47
    103 73 48 92 61 115 45 26 38 46 69 24 20 53 26 20 99 86 6 36 40 52
    40 76 16 44 1 63 7 109 48 39 28 52 100 82 28 22 119 66 59 43 47 43
    113 37 36 123 77 44 15 35 85 53 58 96 46 3 117 17 85 60 112 86 24 26
    102 86 14 112 5 50 46 52 66 6 10 0 78 65 72 59 55 112 1 9 83 42 70
    35 75 22 26 48 43 103 32 17 28 120 17 13 31 44 87 89 62 44 102 86
    127 102 44 82 22 84 53 18 96 88 87 89 55 17 49 99 110 47 117 10 58
    24 47 13 106 29 77 10 78 62 24 5 79 118 54 7 19 16 112 39 57 37 68
    118 70 5 42 77 114 65 60 5 24 66 44 5 86 53 106 12 30 81 71 86 26 14
    97 38 58 101 33 87 118 4 109 16 30 114 89 87 78 106 20 104 61 106 33
    86 122 28 34 12 110 78 127 49 43 75 86 100 62 39 55 70 126 73 48 77
    91 14 21 58 123 41 80 9 11 28 113 18 110 85 54 100 60 32 30 71 94
    106 76 46 111 73 60 20 111 22 24 21 117 82 15 118 8 57 18 19 118 51
    89 52 89 0 112 72 40 79 99 118 24 1 75 89 120 84 16 123 113 25 104
    127 100 45 49 32 72 114 35 4 41 7 0 99 84 31 96 17 38 59 16 6 7 14
    104 68 10 41 60 88 50 99 41 116 120 119 6 95 22 14 29 78 115 89 36
    109 2 121 69 90 2 62 13 87 116 12 93 92 38 55 111 18 127 119 19 124
    25 108 103 126 9 42 112 53 109 33 31 33 67 11 105 86 121 53 16 82 33
    91 2 92 116 83 13 103 28 48 71 70 104 111 81 34 23 69 79 101 87 81
    14 35 4 56 92 54 11 0 15 48 109 63 42 58 53 11 32 53 64 21 91 23 104
    72 60 53 71 49 26 67 42 18 41 97 122 16 10 78 96 70 126 13 97 119 36
    25 68 10 43 119 1 64 73 2 4 100 7 19 19 123 42 25 80 6 103 94 42 18
    64 82 84 120 58 79 19 27 64 1 95 91 26 49 51 61 38 70 48 31 111 47
    104 86 111 26 70 25 92 127 103 67 92 103 17 52 10 67 76 71 73 10 119
    37 38 42 64 54 92 108 125 66 57 24 45 21 74 121 83 82 38 127 58 56
    97 32 117 92 80 47 26 11 22 42 91 45 112 118 40 106 64 120 114 83 25
    59 76 51 17 58 57 48 56 59 107 24 97 42 67 32 80 56 62 94 94 86 91
    94 44 118 126 96 3 40 23 57 13 32 53 127 45 85 8 54 29 98 81 90 26 4
    89 22 59 65 88 114 81 39 19 53 107 39 74 64 40 80 66 90 96 12 102
    100 85 87 25 107 118 81 42 97 2 99 67 62 27 46 40 91 72 35 61 114 35
    105 74 15 106 40 39 58 102 22 64 64 114 71 36 87 76 16 12 96 119 109
    31 15 53 113 32 6 10 105 98 62 59 6 90 19 32 40 17 45 18 36 42 37 92
    89 16 9 106 70 5 28 98 0 112 48 96 26 125 119 104 43 101 14 110 82
    97 55 126 121 103 5 66 120 115 54 117 127 81 118 59 54 63 46 24 52
    99 83 104 1 75 15 83 2 110 3 0 84 24 105 120 84 112 82 49 76 4 79 25
    68 30 72 106 14 80 125 21 55 57 97 40 127 102 113 80 70 26 22 105 64
    126 66 110 43 30 74 78 34 52 48 52 21 95 89 111 5 34 41 91 18 9 121
    76 49 105 53 1 105 17 78 43 113 33 103 101 112 122 68 102 6 79 60 30
    113 49 17 93 88 87 7 10 68 73 42 42 66 93 115 40 28 95 79 58 122 86
    53 121 31 17 61 58 33 83 44 29 33 54 122 31 35 6 35 21 51 35 6 26 18
    21 52 43 20 126 116 9 63 1 68 41 13 23 85 127 59 34 112 77 86 28 34
    42 100 75 58 10 14 79 55 40 21 83 52 5 74 61 36 2 114 34 13 8 69 99
    23 4 64 20 56 48 33 55 116 98 125 92 93 2 44 9 34 114 107 61 76 31
    26 52 97 22 3 51 104 104 71 93 115 65 7 6 127 30 117 105 45 120 37
    29 30 124 98 51 78 77 75 112 20 112 88 79 91 51 106 74 25 59 41 51
    85 109 121 78 30 66 68 72 117 109 92 12 50 38 76 72 9 31 41 36 21 14
    14 110 4 44 11 74 82 39 96 39 89 99 118 79 22 51 88 5 27 17 125 28
    83 18 120 10 61 2 89 20 13 55 52 56 15 115 121 108 35 121 14 63 47
    76 109 6 119 27 63 37 87 71 112 62 68 28 83 41 96 116 72 32 52 24 40
    15 23 66 61 99 101 95 112 89 21 102 48 65 122 29 68 17 74 96 125 83
    95 41 77 8 119 73 118 45 115 104 51 59 41 2 75 48 45 56 17 127 49 14
    26 90 105 74 123 96 108 49 124 113 116 6 26 34 23 87 55 70 64 115 17
    1 88 100 73 65 29 108 126 20 127 5 127 63 62 22 13 93 46 32 35 29 62
    99 95 69 84 57 81 3 93 124 105 69 113 89 2 87 53 67 113 58 21 114 6
    107 101 69 58 6 69 36 115 113 126 101 44 110 104 79 1 118 37 109 81
    1 121 11 109 48 2 115 69 82 25 50 64 123 79 70 80 127 30 50 104 82
    125 125 125 53 17 23 76 12 124 110 36 23 126 89 105 45 50 12 77 94
    68 30 72 104 10 38 83 32 83 59 47 15 97 19 16 46 102 123 14 34 91 12
    42 69 91 84 123 124 119 37 8 106 5 122 36 17 37 11 123 40 68 10 46
    30 6 25 103 55 79 96 36 62 35 26 116 107 41 46 9 98 97 93 45 125 50
    10 40 19 84 127 5 117 13 48 5 22 125 107 76 12 8 32 39 47 56 66 33
    116 50 78 111 85 13 47 79 33 98 125 3 16 123 23 88 6 1 116 77 79 107
    88 127 109 25 33 20 93 86 39 65 5 49 115 47 113 54 95 68 108 70 20
    15 14 0 8 83 55 70 108 41 111 4 65 126 58 21 10 119 100 6 5 65 29 43
    104 6 101 2 27 28 79 44 67 81 13 22 20 45 108 70 116 13 72 67 68 116
    44 68 65 109 96 111 73 122 77 97 3 54 26 27 76 34 82 94 60 7 25 80
    23 4 3 68 45 30 8 106 75 9 40 60 78 120 111 50 99 92 9 39 0 12 125
    123 30 5 2 118 125 49 80 47 48 23 42 102 119 96 127 70 122 92 39 34
    44 114 80 114 89 61 99 31 113 95 40 123 23 118 60 54 65 61 76 116
    127 94 14 98 15 39 71 79 112 83 69 34 28 119 60 73 90 33 62 111 30 8
    79 39 80 88 27 16 43 101 87 54 95 47 62 63 21 2 111 107 50 112 112
    84 86 97 117 96 21 54 97 64 8 37 11 83 95 121 122 123 71 41 110 7
    113 106 123 3 57 55 27 10 21 85 40 16 58 113 37 94 126 26 81 65 63
    93 104 122 91 113 31 11 18 53 73 29 70 21 102 26 122 23 13 1 8 89 9
    121 75 5 122 33 74 60 41 27 31 121 75 72 70 22 97 111 34 38 92 119
    21 100 57 65 111 123 9 80 83 30 44 36 66 123 83 119 33 91 17 45 53
    94 115 35 43 39 102 3 40 52 74 53 40 37 7 51 74 82 125 39 127 100 32
    121 25 90 91 80 87 47 1 86 118 52 80 64 95 109 125 70 125 111 12 116
    48 121 88 86 39 47 39 95 80 89 106 98 99 32 71 80 89 66 53 101 32 32
    79 57 28 27 86 60 88 64 1 80 110 55 52 104 100 62 87 27 18 32 95 14
    45 0 20 121 112 81 50 122 28 117 112 109 73 26 99 71 82 126 63 56 99
    36 93 57 69 87 111 118 66 88 85 102 119 41 64 64 107 71 11 50 4 114
    8 29 72 114 29 38 20 100 8 120 125 82 63 98 114 101 13 94 20 57 75
    114 94 104 72 2 82 26 89 105 53 73 95 81 19 21 14 28 101 60 74 35 83
    52 34 2 40 76 60 107 35 73 93 52 73 119 3 111 112 107 38 32 92 86 72
    47 98 66 61 40 103 20 36 56 48 65 75 76 19 67 8 9 68 21 57 97 92 47
    19 50 0 127 77 33 118 119 100 91 70 62 112 66 11 122 7 82 98 86 82
    96 116 33 101 24 62 71 86 13 94 27 40 101 103 27 83 80 60 114 123 5
    56 44 36 4 17 42 110 27 29 74 124 83 60 82 18 100 52 35 107 76 108
    52 66 81 70 60 96 105 13 79 74 31 38 16 14 62 71 98 79 23 53 22 98
    125 121 60 103 12 53 6 105 41 1 4 105 120 56 43 64 67 80 50 101 123
    36 5 108 24 124 85 53 91 12 27 88 35 86 37 30 48 103 82 18 93 94 88
    60 41 90 107 56 56 110 92 122 66 115 112 109 16 11 125 7 2 125 6 106
    42 124 43 52 41 61 95 49 101 74 63 94 105 24 39 36 99 90 96 61 27 36
    40 35 55 22 8 126 109 13 86 10 8 105 60 65 85 112 69 40 46 38 43 118
    101 1 83 110 122 2 7 44 109 82 93 88 60 49 61 103 116 101 98 74 107
    78 111 7 71 1 113 46 127 45 23 35 121 92 73 65 75 98 64 90 32 48 76
    54 96 38 32 114 64 97 17 47 112 69 85 26 51 0 105 123 63 119 64 0
    115 29 107 74 48 116 57 120 19 125 75 124 68 68 21 103 82 48 76 6 38
    16 32 64 78 127 16 56 21 51 66 107 59 72 124 103 25 5 113 109 18 99
    99 88 80 33 22 113 19 53 70 48 91 14 113 59 9 57 99 64 97 20 125 47
    122 91 19 116 46 101 10 51 50 56 111 32 24 94 19 19 25 87 125 72 120
    50 104 44 33 101 23 25 2 88 84 14 53 54 35 94 32 94 70 13 15 79 33
    14 90 6 21 38 105 127 69 25 78 14 102 71 49 32 11 61 35 115 127 116
    105 35 33 112 70 35 25 46 15 86 75 65 104 27 67 68 13 17 79 124 119
    27 24 44 87 115 105 68 80 12 23 31 25 86 3 61 109 92 86 52 78 107 54
    127 22 122 22 101 60 26 95 44 97 4 39 126 119 108 30 114 34 23 97 90
    42 73 123 121 59 86 55 40 87 83 7 32 56 115 113 61 116 1 39 77 115 5
    55 21 10 51 96 87 15 24 44 31 39 63 23 59 94 119 45 110 14 43 17 49
    45 17 73 65 41 91 38 85 44 125 39 65 9 33 89 17 9 45 93 14 33 20 110
    72 53 122 35 18 78 88 35 112 74 122 7 58 37 25 91 126 98 12 86 10
    121 107 80 91 60 59 83 45 47 5 126 50 97 104 23 98 50 126 106 87 68
    64 25 71 11 26 93 70 57 119 10 59 73 34 98 47 123 36 107 42 0 79 52
    12 81 56 7 107 70 61 10 42 26 40 114 51 69 116 88 48 38 15 0 16 51
    111 29 21 53 99 84 11 108 110 73 107 43 66 35 37 16 55 55 28 106 99
    56 70 47 43 52 75 53 22 55 42 4 43 99 43 16 61 13 43 46 7 87 84 47
    91 90 114 13 68 119 5 31 36 13 33 80 32 54 113 86 115 43 65 21 92
    109 25 118 36 94 5 22 125 29 45 13 104 42 121 4 85 9 37 119 73 11 34
    112 58 59 87 43 26 42 114 30 87 69 125 90 48 48 118 17 16 85 76 23
    43 5 95 105 98 16 20 5 41 83 24 120 18 30 59 78 109 64 116 104 5 112
    82 109 83 28 43 113 88 34 24 24 22 68 27 109 21 35 45 41 87 25 114
    33 17 60 56 27 114 13 43 99 84 111 86 17 105 74 21 92 106 15 121 62
    55 51 50 18 16 53 1 59 39 28 124 51 46 36 50 30 45 92 82 55 84 13 56
    103 68 51 122 46 72 45 35 69 35 2 99 53 117 30 123 68 127 94 66 80
    71 62 34 43 6 97 6 115 42 124 73 33 84 110 99 97 12 112 86 58 81 66
    53 71 68 105 91 22 96 67 67 23 123 85 2 76 113 111 118 44 106 115 88
    52 120 111 110 52 85 9 105 121 17 80 122 101 42 50 77 19 54 127 76
    51 76 102 53 125 49 77 25 64 105 83 3 12 9 109 7 108 63 107 82 48 53
    3 38 55 114 36 113 76 115 83 94 40 83 69 20 110 28 4 121 94 85 24 74
    88 62 116 7 106 94 40 30 12 89 61 10 37 51 57 107 114 101 13 126 95
    35 119 9 14 1 18 41 125 86 56 109 62 5 92 18 84 82 124 49 24 100 43
    55 110 102 125 32 74 110 51 63 62 19 97 1 4 97 108 79 88 52 19 69 86
    109 74 10 10 110 117 43 77 112 21 28 118 92 0 123 97 73 93 107 37 48
    98 25 84 70 90 47 100 35 2 15 68 91 77 95 101 34 27 7 73 33 65 113
    75 56 120 98 81 115 59 76 23 125 119 94 97 114 113 92 104 32 41 38
    49 116 0 121 104 24 31 29 62 50 22 23 77 97 76 60 105 30 69 87 74 83
    71 72 112 16 3 17 70 73 115 120 31 75 48 51 97 63 122 39 114 17 71
    25 108 78 46 39 127 107 58 122 50 53 103 28 66 124 64 31 1 27 44 100
    97 93 13 1 43 45 42 59 118 21 56 101 34 127 24 26 66 39 82 62 10 96
    108 108 118 115 96 48 68 127 74 120 35 79 65 99 11 70 15 38 54 3 68
    37 115 58 24 6 115 126 120 10 116 21 118 59 96 55 109 74 26 25 28 44
    117 69 18 97 11 58 32 118 73 115 42 99 104 83 66 10 96 67 22 57 9 44
    0 39 79 104 82 50 45 15 83 101 100 22 24 26 113 61 41 113 115 55 78
    92 13 29 63 38 75 75 31 84 52 47 21 14 5 58 39 100 99 86 9 98 117
    122 114 27 120 94 102 7 105 108 96 81 126 37 86 18 77 109 104 33 81
    47 70 22 126 105 127 115 124 39 2 18 57 56 53 35 71 106 125 52 118
    19 65 76 92 99 56 67 23 21 13 25 37 121 3 72 0 65 47 9 65 92 76 108
    98 106 16 41 3 84 112 49 107 30 108 27 91 86 19 87 107 61 85 53 100
    14 95 92 85 36 78 78 127 64 74 9 48 111 88 98 53 40 124 70 106 105
    33 46 6 83 7 85 66 44 104 46 54 29 50 96 65 19 62 39 48 98 84 60 120
    69 83 108 106 127 75 52 45 72 40 82 51 32 97 88 83 46 68 72 53 6 103
    43 1 1 94 124 83 45 59 100 23 104 2 7 124 109 6 78 79 25 8 79 10 23
    108 23 27 92 91 91 9 18 61 111 104 1 74 115 30 44 5 32 95 65 22 73
    60 60 70 83 109 104 76 31 34 21 22 19 57 95 115 97 81 125 95 87 37
    80 113 37 89 101 97 92 29 108 103 50 1 47 67 40 108 59 58 100 94 85
    127 81 93 32 38 50 0 100 25 55 85 24 29 19 100 66 59 87 36 48 89 109
    46 2 94 108 44 90 100 75 3 109 52 122 90 126 49 67 35 27 69 85 69 0
    74 50 23 66 91 117 1 67 63 110 8 116 110 44 113 58 70 125 81 42 98
    63 44 53 61 76 22 2 59 30 36 20 16 31 87 123 24 18 2 55 48 114 72 62
    46 38 36 66 87 103 27 19 122 16 21 78 8 75 99 53 124 100 71 80 58 70
    116 126 97 99 119 91 123 89 73 69 89 15 15 20 10 113 110 126 103 123
    30 91 32 41 46 21 9 24 34 73 113 51 2 116 56 37 81 75 35 28 4 76 9
    22 85 90 39 38 125 45 98 11 118 48 102 46 16 71 34 106 71 111 64 21
    83 27 18 4 113 116 75 95 106 80 109 47 14 120 10 23 52 117 22 88 79
    14 14 63 92 91 17 74 1 0 76 37 24 6 16 79 100 1 60 82 4 120 91 64 54
    109 8 60 123 3 94 10 30 12 33 51 2 83 107 19 17 3 43 110 125 121 102
    114 96 35 16 2 107 31 21 71 89 115 37 36 56 121 103 73 88 112 92 27
    109 117 96 126 108 16 14 7 63 82 39 88 21 36 79 110 71 115 55 47 50
    12 44 91 15 111 93 8 86 48 79 44 95 90 16 74 79 38 69 117 107 59 126
    96 78 108 71 111 47 56 30 49 16 61 94 103 47 39 10 87 94 105 123 18
    115 13 108 96 19 33 42 13 123 81 75 87 79 4 28 76 10 29 123 109 62
    79 27 35 99 18 35 32 65 66 100 19 10 41 105 66 13 7 113 117 35 59 63
    23 68 7 83 73 49 55 80 57 69 99 72 73 106 67 98 85 121 101 19 21 100
    68 56 9 121 44 127 3 102 4 2 5 110 127 97 94 3 108 84 117 64 88 6
    106 27 36 104 115 64 65 52 15 14 95 108 81 54 84 74 22 98 7 8 22 6
    13 57 32 48 44 23 113 53 90 46 19 43 69 3 34 107 50 101 37 66 108 68
    73 79 66 92 43 88 98 88 1 89 32 93 121 5 90 48 61 8 101 67 62 105 40
    53 40 66 101 29 43 10 14 11 70 60 99 111 114 113 70 23 123 55 54 36
    98 10 11 117 13 71 46 125 65 26 119 84 102 78 81 113 13 123 37 121
    110 36 40 57 56 64 52 67 42 89 71 107 81 120 75 97 112 1 13 117 42
    72 74 110 6 91 124 62 101 70 47 0 57 13 33 46 38 29 109 42 66 75 84
    84 53 95 30 85 43 15 111 38 81 56 83 41 20 82 96 114 110 75 49 23
    113 66 70 88 51 76 115 92 25 59 33 104 69 93 16 4 110 126 78 96 23
    40 75 28 16 90 47 83 21 42 59 117 99 60 107 121 12 124 21 108 85 116
    55 122 101 25 99 80 99 41 67 91 71 28 14 112 101 93 34 16 92 112 26
    95 27 19 24 20 85 7 82 81 57 20 114 81 25 107 46 126 75 53 1 118 61
    108 44 37 18 54 59 110 91 85 100 59 89 127 87 97 122 126 127 57 116
    42 116 104 82 113 98 12 6 41 31 70 8 91 22 117 42 78 7 35 37 40 58
    97 87 110 122 38 105 125 38 89 34 36 89 55 68 108 74 3 84 49 48 90
    17 115 0 80 52 77 121 8 18 16 24 108 81 87 122 19 122 1 113 34 81 47
    103 98 11 77 87 34 109 109 34 56 93 82 106 91 37 10 80 72 122 44 26
    24 119 50 48 70 33 3 101 121 82 39 40 107 11 41 49 123 123 74 27 28
    84 81 106 54 3 15 13 110 62 56 4 71 61 19 100 62 19 35 54 65 86 60
    87 71 26 11 113 10 5 42 78 1 116 89 77 51 76 1 111 1 34 20 124 62
    113 88 21 119 77 120 29 0 3 91 106 45 40 28 84 104 74 121 60 20 59
    93 74 73 41 59 58 72 19 90 80 101 83 46 97 0 122 7 6 119 84 49 10 52
    50 107 98 12 99 127 98 42 59 93 27 13 11 4 108 127 58 74 47 120 69
    91 48 12 112 35 86 34 58 43 117 34 106 94 121 25 47 56 64 123 5 65 6
    81 114 1 63 97 84 67 42 122 32 86 37 110 35 115 81 55 54 118 33 81
    24 26 121 106 51 74 103 120 67 77 7 55 4 127 8 90 78 6 104 38 54 14
    125 47 45 61 27 75 40 56 10 112 67 69 70 52 23 24 124 101 36 8 41 10
    48 72 87 34 76 87 29 103 92 0 22 61 66 12 38 49 30 35 11 31 9 2 65 8
    27 9 37 81 110 39 107 12 78 44 45 4 29 107 80 74 118 81 60 121 111
    85 71 79 124 55 52 55 7 122 100 36 12 91 17 35 79 89 66 110 69 54 56
    73 82 98 76 8 17 81 80 66 108 74 55 25 44 107 9 101 122 30 20 47 3
    52 55 99 37 41 119 55 73 118 97 28 53 86 109 9 113 111 95 34 28 124
    102 46 8 72 102 99 100 82 126 54 81 77 28 34 84 86 73 49 46 5 28 10
    61 98 99 102 98 51 49 111 53 54 82 88 43 115 61 42 52 37 92 99 62 45
    63 107 101 56 20 104 33 32 112 8 91 4 13 76 92 101 18 101 30 26 79
    29 30 121 71 59 67 56 111 111 125 60 100 114 95 64 114 66 110 4 119
    54 46 47 43 48 33 10 13 118 65 112 120 34 13 48 50 115 64 78 79 34
    23 116 7 10 81 14 63 111 119 18 41 66 18 95 104 59 2 41 9 70 10 86 3
    90 24 36 30 60 11 55 6 26 14 2 58 121 120 44 15 113 91 12 0 113 82
    52 28 43 104 121 60 2 3 40 7 100 45 46 73 34 76 3 75 48 75 7 91 76
    17 11 88 118 94 111 63 72 6 108 108 69 47 97 11 84 55 86 28 59 110
    75 78 104 123 96 58 48 5 52 38 110 79 113 32 30 85 20 42 92 86 15 85
    117 18 35 111 23 3 69 29 104 2 82 75 93 106 33 77 104 51 93 2 97 3 9
    2 17 0 88 17 17 81 80 83 20 73 2 126 111 7 66 26 109 33 118 106 20
    67 38 21 62 117 52 106 55 45 67 106 62 88 70 35 52 29 78 113 30 79
    121 80 10 29 55 0 11 35 1 119 108 103 80 122 120 95 29 107 50 38 2
    92 29 0 44 93 20 49 32 87 21 116 3 90 30 107 101 109 26 7 11 71 66
    79 86 8 91 59 117 11 123 79 127 20 27 74 104 102 81 112 96 78 110 56
    109 90 45 73 122 36 124 75 40 123 67 56 122 14 28 68 32 44 67 126 61
    122 105 39 53 10 37 29 96 117 35 120 7 84 96 55 75 18 123 89 39 100
    60 70 71 14 21 94 6 8 110 23 123 37 106 61 107 67 110 6 96 62 104 17
    6 70 47 17 94 117 68 16 74 1 18 117 8 37 99 107 100 116 48 92 107
    127 83 104 51 63 64 63 13 63 120 76 49 9 75 123 94 12 78 92 111 50
    56 46 93 10 43 2 84 61 106 61 96 24 41 44 98 84 105 42 63 114 97 103
    59 47 63 53 26 86 32 48 29 116 74 77 113 80 107 69 28 32 69 27 23 92
    6 104 44 55 41 49 62 72 69 117 63 60 101 57 43 123 118 49 41 57 127
    116 109 110 65 103 34 11 19 61 127 54 43 82 65 116 112 110 19 53 84
    82 118 11 104 120 58 56 127 94 19 114 16 122 21 36 49 120 80 0 4 95
    49 7 90 23 23 80 35 6 101 82 73 39 57 125 9 13 123 85 25 2 49 42 66
    59 65 41 3 116 67 50 46 76 15 69 60 64 67 74 64 29 52 31 51 18 74
    122 58 92 14 8 113 67 58 105 58 89 123 115 123 54 68 116 29 26 79 62
    123 59 69 82 127 69 51 37 33 100 106 112 112 46 64 110 62 88 42 41 0
    24 73 123 118 89 100 114 39 120 82 99 63 76 54 14 25 10 67 6 85 92
    21 110 55 29 53 75 35 51 122 48 36 56 25 31 101 123 16 87 22 57 54
    108 117 16 37 100 75 12 92 95 15 125 12 16 47 42 85 59 70 28 22 90
    54 48 43 18 125 29 118 110 62 84 106 26 111 56 64 15 39 73 64 120 23
    13 44 107 76 25 59 83 38 109 5 121 61 8 82 29 104 85 19 19 65 104 80
    80 64 123 65 15 9 125 7 46 64 25 94 14 104 17 115 87 111 60 65 55 42
    10 60 117 107 32 51 105 121 118 58 21 102 4 26 12 40 35 26 84 9 62 8
    36 125 8 26 28 68 52 51 82 117 37 101 49 109 120 17 30 93 46 123 10
    95 82 110 92 80 2 99 61 80 79 70 63 45 120 61 107 22 49 111 12 10 57
    18 22 63 23 27 74 63 21 25 98 113 74 65 55 76 82 71 67 44 55 5 72 6
    108 32 123 120 26 0 50 24 3 80 102 19 99 109 121 80 44 123 111 81 79
    100 12 40 90 83 79 98 114 76 108 95 120 19 79 110 33 86 92 106 74 61
    37 36 5 104 3 51 9 33 32 105 99 88 105 100 14 97 26 55 113 30 97 51
    117 108 28 88 88 123 74 37 23 56 107 8 114 26 102 91 65 96 16 54 69
    108 125 119 20 78 95 46 99 18 12 8 57 34 60 100 64 68 64 41 13 75
    123 86 61 59 43 122 52 98 43 79 115 70 70 45 11 87 21 46 28 114 76
    113 49 53 3 49 109 112 64 87 91 106 6 107 71 49 3 5 28 57 30 99 60 9
    50 103 33 7 22 71 117 21 0 13 20 43 57 69 107 88 30 45 21 45 41 122
    2 117 40 114 82 27 68 82 99 13 60 83 17 90 122 24 25 102 56 9 112
    108 51 28 108 28 32 90 7 126 71 43 74 99 115 26 4 79 98 18 44 72 40
    86 50 32 90 55 57 116 9 5 30 26 59 51 42 58 3 43 111 34 71 77 67 57
    68 95 0 50 110 9 81 120 82 71 12 65 6 28 10 111 90 60 28 1 56 116
    118 16 59 41 59 111 23 102 106 59 28 97 91 33 119 9 79 8 80 125 1 83
    76 71 22 3 38 72 31 57 59 92 124 25 30 90 117 94 82 53 36 106 31 125
    75 17 87 64 26 105 124 19 77 65 108 89 32 90 115 20 63 109 41 62 50
    36 5 13 9 120 103 15 56 95 82 34 59 63 16 17 71 53 95 76 32 0 92 115
    123 56 106 57 0 18 29 85 67 118 115 91 80 105 114 51 47 94 44 1 107
    109 28 27 80 35 54 68 73 49 59 106 124 83 77 115 93 93 12 76 65 19 0
    19 15 52 98 104 73 60 22 47 38 49 17 53 52 3 7 28 4 9 124 124 111 30
    127 12 119 105 95 32 69 23 64 63 127 60 54 64 96 108 112 113 39 78
    104 35 49 80 11 87 35 18 121 29 53 102 113 80 4 51 16 32 100 111 86
    64 56 44 89 125 111 49 110 102 79 25 107 124 10 66 58 109 102 6 30
    84 10 46 48 105 86 48 52 20 8 15 5 16 77 61 23 77 34 11 75 92 66 97
    123 25 64 48 76 28 22 42 111 87 104 120 42 78 5 122 112 125 36 47 28
    21 4 104 85 99 62 68 55 76 116 76 111 54 109 19 127 83 106 99 54 120
    14 89 63 46 63 88 110 65 109 119 22 72 106 59 118 106 96 110 76 71
    56 3 45 27 83 27 31 25 20 46 52 113 118 48 69 23 7 77 19 113 65 56
    42 2 73 53 50 84 51 64 83 48 61 14 25 105 94 63 92 19 79 80 71 120
    47 15 101 114 88 80 37 66 75 27 115 69 42 75 125 38 104 21 118 8 72
    22 80 90 6 102 124 100 42 23 48 25 24 56 66 7 26 121 65 56 27 110 37
    36 60 25 61 95 101 10 36 114 70 115 116 68 86 113 41 78 49 40 79 38
    39 60 83 21 16 54 63 69 88 7 26 10 90 87 87 108 31 20 80 96 107 86
    26 81 67 41 45 41 104 116 45 62 48 50 81 20 25 74 125 99 108 64 103
    99 9 32 77 71 29 100 56 104 87 123 55 18 52 97 92 104 14 124 118 75
    0 61 114 23 85 117 55 105 79 67 127 126 77 75 70 66 122 10 76 1 85
    56 81 43 84 65 115 107 21 114 118 24 96 35 56 23 24 32 84 107 56 124
    58 119 50 52 42 5 6 95 98 116 0 78 15 83 0 122 63 127 72 73 103 49
    39 81 121 40 61 42 28 117 57 31 4 105 3 62 37 43 48 57 48 76 124 46
    34 93 22 94 107 6 113 92 5 109 73 60 75 52 25 23 16 73 69 25 67 122
    104 90 107 52 8 43 124 43 74 23 29 15 22 67 37 104 114 62 28 14 62
    59 31 122 111 33 18 11 45 112 54 119 5 69 118 37 56 47 65 124 93 47
    55 52 43 95 12 107 116 61 50 98 92 101 71 124 27 51 121 104 28 54
    122 122 43 6 7 16 52 73 89 72 12 58 35 78 88 86 32 123 18 18 57 78
    71 77 94 76 105 111 1 13 105 88 5 2 33 124 117 45 58 110 89 91 4 5
    80 117 28 77 62 125 57 7 99 8 59 103 121 101 12 10 118 46 59 64 90
    118 70 4 61 75 34 25 9 11 60 12 7 87 56 107 24 78 40 14 105 72 117
    36 90 77 66 96 83 29 52 25 9 107 33 37 7 3 91 62 99 49 21 122 119 4
    24 21 62 21 9 70 109 72 72 30 47 80 54 127 37 7 102 39 85 97 91 65
    61 119 43 40 64 16 52 71 17 17 56 98 95 75 10 43 96 30 77 80 74 62
    64 71 124 32 46 114 20 75 24 49 125 112 65 70 59 31 63 36 67 37 76
    107 110 125 10 16 118 97 5 10 26 50 122 89 83 89 118 36 68 58 88 112
    34 22 100 46 64 110 122 42 87 78 67 76 73 5 43 109 38 83 69 99 13 34
    25 22 87 57 75 19 81 5 15 83 103 4 27 58 78 64 89 55 17 106 5 69 91
    24 103 45 89 49 22 46 48 22 98 33 74 114 107 21 65 127 45 42 78 77
    93 29 13 10 117 71 89 65 66 55 41 16 63 121 24 17 57 89 82 49 5 79
    37 81 22 126 24 68 27 44 3 108 69 18 124 105 79 82 35 16 114 52 36
    80 109 122 20 46 45 43 74 64 107 122 12 104 66 33 87 55 27 41 109 21
    113 67 116 13 26 57 7 117 120 96 2 121 42 34 106 25 48 124 60 104 13
    52 120 31 56 22 27 58 52 21 69 98 84 67 97 48 42 49 27 110 1 99 4
    105 112 92 126 61 35 90 58 28 31 82 15 34 2 13 46 109 103 97 39 115
    46 72 109 105 28 27 120 64 47 97 3 122 57 119 108 68 31 5 125 68 18
    11 42 101 64 73 23 116 3 5 68 24 102 72 105 6 28 95 20 2 113 114 1
    81 127 25 72 15 92 94 28 74 68 5 66 27 10 40 5 45 124 121 97 6 127
    124 35 72 77 77 20 56 70 63 109 64 34 107 37 125 34 112 92 26 14 95
    52 127 117 6 30 104 116 12 108 20 117 54 17 28 69 71 116 15 12 28
    126 46 23 58 108 1 100 121 34 0 48 106 104 69 34 32 27 106 94 57 46
    116 87 69 50 36 126 55 117 32 126 68 123 65 49 127 127 21 16 63 16
    124 86 24 75 59 119 96 33 60 33 61 26 86 9 45 57 115 45 71 125 107
    40 27 108 80 111 51 109 74 14 56 35 70 61 35 71 1 47 24 33 105 21 86
    115 100 16 24 31 69 95 55 94 6 106 40 49 63 33 61 112 80 28 103 108
    81 63 32 1 26 38 77 48 11 48 112 32 80 117 47 117 5 13 126 31 50 65
    33 20 66 75 90 63 53 41 105 30 84 68 60 106 42 97 62 100 118 16 43
    38 96 56 107 100 70 85 109 3 23 84 126 74 15 18 35 18 16 86 122 38
    69 58 103 48 66 86 41 64 41 24 120 114 42 109 119 83 20 80 52 110 60
    111 48 15 28 40 56 98 83 56 0 64 29 91 72 12 81 118 112 88 121 26 52
    101 88 40 85 93 46 37 107 67 115 10 3 30 118 99 12 107 105 55 105 45
    12 122 5 11 106 48 104 24 77 11 63 3 127 104 68 26 92 55 41 93 78 9
    88 67 41 34 15 98 90 87 81 12 74 94 8 75 109 89 67 59 94 116 77 117
    31 113 78 26 16 33 99 3 127 28 73 89 95 61 23 113 90 72 112 50 67
    120 123 113 13 48 91 13 114 79 58 116 106 118 47 70 24 7 35 47 29 29
    106 115 120 118 118 76 72 22 9 81 117 26 45 6 17 120 43 116 69 2 4
    57 115 65 39 36 115 93 60 110 7 32 12 85 0 13 27 74 64 29 47 19 66
    63 100 37 69 53 12 33 106 63 77 27 14 44 81 14 95 86 29 117 103 74
    79 71 106 76 118 32 4 73 58 26 45 87 27 54 32 118 27 113 94 22 106
    107 27 86 27 60 25 125 76 95 54 61 32 86 25 121 88 103 89 71 71 107
    94 78 31 31 39 34 50 74 6 69 68 105 42 21 119 60 54 106 109 90 125
    125 70 56 79 28 60 70 69 101 0 88 72 25 17 59 12 6 54 15 82 50 97 41
    16 21 76 17 77 106 46 117 10 60 64 85 32 49 87 69 88 78 18 83 85 112
    62 107 120 17 17 116 121 29 120 77 18 88 30 53 101 115 125 86 68 29
    105 7 103 99 57 119 24 102 104 67 40 7 71 43 15 102 14 14 108 111 44
    110 17 17 58 53 42 67 3 32 69 29 41 106 120 27 18 56 109 55 79 76 36
    63 112 101 107 34 42 73 8 48 41 96 37 3 22 13 7 117 14 52 30 120 110
    23 15 3 116 71 6 11 61 3 100 84 105 12 19 57 32 13 88 44 16 47 13 86
    38 83 93 11 111 88 107 117 13 54 60 33 42 102 34 13 92 111 29 23 56
    2 73 125 65 50 62 80 65 7 122 123 19 10 97 18 18 12 80 106 16 127 61
    53 33 5 23 63 115 10 111 104 5 78 96 115 93 4 113 98 44 0 17 71 89
    24 86 4 0 20 70 22 38 25 122 9 108 102 18 95 29 1 26 105 122 59 67
    100 108 105 49 31 49 8 32 71 124 50 12 23 123 45 121 116 87 46 12 90
    13 5 19 45 15 37 5 108 71 117 106 13 108 105 110 16 89 4 75 113 39
    79 23 124 88 6 41 45 88 27 61 8 40 56 8 27 121 5 96 12 109 74 9 110
    39 69 121 10 31 53 104 6 80 116 1 51 108 85 16 98 33 86 12 74 33 110
    87 0 5 86 115 94 44 65 122 123 30 91 5 32 92 79 67 29 95 108 53 68
    26 31 23 117 91 60 70 57 46 34 42 12 7 121 108 76 72 22 93 39 78 56
    20 20 118 110 32 125 6 48 35 51 120 101 99 99 76 81 20 14 0 69 113
    29 11 42 100 42 42 107 31 38 25 26 79 45 97 17 4 123 99 92 2 30 25
    108 44 8 125 110 24 11 52 104 126 46 95 29 124 98 65 12 75 67 40 115
    1 84 66 34 76 49 53 103 63 91 45 121 60 8 86 75 122 73 114 0 53 57
    21 70 62 51 27 126 46 22 56 99 29 90 97 66 110 35 50 2 61 98 111 84
    50 39 125 88 87 90 90 62 103 88 101 10 7 111 26 17 50 103 66 14 83
    90 17 66 19 46 1 45 100 108 23 59 116 7 103 99 74 39 102 91 61 46 75
    0 22 47 71 8 120 22 2 14 34 76 11 0 84 62 3 62 7 49 18 18 22 81 93
    31 116 115 21 88 0 42 37 123 0 87 29 12 30 23 11 127 125 27 38 63
    126 106 47 7 98 33 108 82 66 11 102 92 28 113 29 20 97 44 6 41 9 109
    108 34 97 14 11 41 11 30 63 4 117 81 72 103 90 86 18 53 79 2 64 80
    27 89 109 99 109 31 4 93 21 28 51 28 105 107 89 117 75 80 104 11 100
    9 55 119 25 56 16 45 111 86 67 34 23 44 18 90 122 11 118 106 72 14
    33 122 70 26 69 61 42 50 86 46 32 30 37 22 33 57 63 33 127 65 118
    120 59 93 66 82 114 93 44 14 105 106 98 25 58 17 53 48 4 59 81 18 59
    87 108 7 46 38 22 46 119 69 119 122 24 63 50 76 67 57 3 38 26 98 69
    5 52 61 4 4 96 36 58 70 89 123 40 78 50 42 31 89 70 59 65 39 121 122
    112 81 54 80 108 2 63 65 127 87 66 112 19 112 68 122 112 111 63 126
    105 10 79 86 8 112 54 127 89 101 34 97 116 110 31 15 20 94 124 76 17
    113 32 76 50 58 121 72 17 21 47 94 102 77 41 33 6 99 122 0 108 58 86
    90 69 86 125 102 39 20 83 100 23 42 5 45 51 19 67 19 17 28 65 3 106
    10 62 65 33 126 7 32 53 63 17 100 3 94 9 53 80 3 31 25 6 70 28 2 2
    35 33 41 98 45 91 0 0 20 25 14 65 8 92 77 56 99 38 124 94 89 97 120
    96 65 104 22 44 107 100 92 92 68 35 93 49 58 90 47 91 41 56 126 112
    117 54 122 50 16 50 91 26 83 91 28 107 93 9 109 82 41 5 121 2 56 102
    90 52 31 31 57 107 60 66 96 0 85 78 75 55 4 24 37 21 28 78 119 43 93
    49 112 99 118 59 7 95 34 68 112 116 117 93 113 38 65 51 28 114 38 23
    52 78 15 121 26 32 22 96 17 65 68 44 2 5 85 42 95 95 127 49 47 28
    106 8 94 31 114 81 116 112 102 87 84 26 55 52 90 96 66 13 122 5 85
    31 95 22 83 98 52 110 127 109 76 65 111 17 38 87 72 108 90 50 78 62
    115 69 42 42 35 15 90 54 98 53 127 57 47 52 33 93 71 84 122 49 3 122
    38 34 51 78 104 7 4 52 82 53 14 119 48 51 76 24 53 74 14 45 38 8 120
    125 3 35 99 0 60 13 114 90 1 127 100 42 24 96 43 59 77 52 127 82 79
    48 92 108 70 52 53 35 91 17 58 55 9 29 4 49 3 42 41 75 14 62 114 22
    21 6 33 127 14 105 97 69 65 51 121 103 78 84 2 103 60 29 54 32 112
    32 73 59 76 72 84 97 115 56 114 9 109 108 121 52 53 101 89 118 119
    55 65 118 27 69 49 101 54 26 41 66 2 86 91 118 123 118 40 113 22 77
    12 86 22 13 16 2 0 112 97 119 58 16 81 64 64 86 77 81 91 52 49 95 52
    70 108 73 79 18 1 119 123 40 22 46 121 84 80 113 112 78 24 122 113
    110 90 98 35 1 68 13 93 91 49 92 26 50 2 86 12 125 20 97 115 37 90
    61 87 83 40 21 107 62 8 68 89 108 107 114 124 31 38 76 52 107 111 34
    97 71 23 40 7 113 107 105 78 71 38 24 100 30 3 115 99 30 61 114 51
    38 45 24 75 54 15 73 20 126 48 47 48 29 25 102 48 98 13 102 33 35 3
    8 80 12 106 2 8 113 97 96 22 115 80 11 86 20 34 10 12 0 38 11 118 47
    121 109 82 70 70 127 45 68 99 74 111 89 92 38 78 86 114 41 111 36
    106 109 75 0 58 122 44 110 116 10 53 120 88 111 27 15 32 12 17 31 82
    39 97 93 91 19 79 42 127 80 56 83 43 4 60 3 55 120 115 43 7 59 121
    86 118 83 16 110 107 17 28 103 30 33 106 111 119 25 83 127 120 32 60
    48 18 102 12 9 67 81 73 100 62 117 9 54 1 32 8 44 86 51 13 58 6 55
    96 46 3 116 28 57 56 2 43 94 48 36 88 0 47 34 49 88 61 50 91 4 99 28
    2 64 96 39 115 85 9 69 60 110 23 58 115 114 98 11 87 39 112 32 8 13
    43 33 19 72 42 55 106 21 15 107 104 73 64 74 108 53 84 49 55 81 35
    13 103 91 41 82 30 12 45 3 47 123 0 102 99 110 126 43 122 40 57 95
    119 80 55 86 26 106 3 48 116 83 74 83 114 33 105 69 117 55 46 117 46
    114 95 106 16 86 114 45 24 48 35 47 4 45 120 102 73 67 29 55 42 39 3
    89 42 96 14 109 106 19 103 2 12 100 53 34 52 50 101 15 33 100 9 106
    100 6 85 16 57 70 63 20 127 4 76 115 23 112 101 62 68 72 103 42 42
    114 53 3 47 18 77 62 5 25 102 97 98 54 32 39 13 49 8 77 66 8 18 43
    15 8 124 24 80 64 29 57 105 48 35 22 52 43 113 78 39 99 26 60 51 48
    47 58 33 95 30 37 78 106 37 126 91 14 113 103 57 96 93 18 44 70 4
    113 87 21 62 36 40 81 4 48 42 111 47 21 11 90 20 51 30 43 47 94 45
    88 19 124 100 120 63 122 22 86 118 79 29 113 0 7 59 68 65 73 53 91
    20 96 46 110 92 7 35 54 50 19 51 8 87 12 52 117 114 115 75 65 101 91
    26 33 30 26 98 99 83 44 56 16 85 79 111 45 15 62 126 13 5 75 51 4 58
    124 89 12 80 4 25 51 18 118 75 71 78 122 71 76 66 87 30 95 69 17 86
    69 122 82 115 22 46 23 91 15 16 26 80 127 16 110 41 104 92 82 100 68
    50 57 111 114 7 94 59 115 41 72 50 35 52 10 1 88 111 37 64 41 34 49
    85 30 82 108 50 80 5 50 69 120 62 55 7 106 116 40 94 93 42 1 125 107
    82 117 7 49 0 84 101 81 22 88 83 11 124 22 120 20 14 96 98 117 3 104
    21 9 121 54 33 75 22 9 38 70 48 113 96 73 100 9 50 27 123 62 91 18
    97 105 47 63 97 66 107 115 28 47 50 44 37 121 30 125 89 53 2 49 98
    46 19 19 4 124 83 51 48 50 56 115 15 73 85 116 60 27 2 126 78 85 94
    33 52 115 96 108 72 71 47 56 97 2 59 101 13 30 53 56 31 111 70 114
    118 6 41 103 73 111 42 12 63 11 87 15 11 104 13 27 51 39 40 43 9 113
    7 16 7 119 22 101 110 4 50 123 19 83 17 82 52 99 62 85 2 28 100 95
    36 23 10 69 52 110 107 93 118 22 43 117 41 8 32 29 112 26 67 95 19
    73 120 106 107 29 30 105 72 28 70 63 58 115 112 50 28 90 98 94 27 28
    80 9 95 81 89 102 61 84 93 33 78 118 81 104 40 35 32 20 106 104 45
    80 1 49 115 75 15 73 31 115 25 36 43 54 80 54 60 119 89 104 68 90 87
    122 64 38 90 7 70 40 51 11 8 34 59 26 115 18 104 11 41 126 38 19 82
    59 13 110 77 15 58 55 115 30 122 99 42 57 25 15 122 9 18 26 50 112
    94 95 73 83 78 18 82 72 13 98 95 32 11 65 126 87 9 55 102 88 104 77
    39 47 61 88 104 40 73 78 38 65 119 46 7 123 30 19 59 66 98 17 127 38
    8 107 88 60 127 7 33 78 114 32 114 115 67 81 78 93 76 63 34 23 44 87
    54 5 6 85 79 51 51 65 34 108 59 83 96 84 17 89 38 102 64 63 119 56
    98 87 17 115 107 76 93 17 111 67 25 45 61 93 52 62 17 4 6 9 30 125
    80 20 58 58 78 124 67 54 66 4 126 69 62 51 69 112 18 113 74 22 6 13
    60 117 51 119 126 24 98 66 101 13 30 99 31 58 53 94 115 32 30 26 6
    65 93 107 48 8 78 1 39 106 32 43 96 123 123 66 114 87 22 92 21 27
    109 72 117 59 48 97 50 105 56 83 51 92 107 71 49 101 53 57 122 54 4
    12 72 9 13 54 98 63 125 113 65 3 34 114 120 83 85 38 48 51 36 5 45
    51 55 39 15 90 126 27 33 82 23 68 73 95 19 114 127 108 79 53 120 121
    112 44 77 24 57 70 95 76 45 71 73 7 68 105 59 86 17 48 89 93 117 40
    1 113 82 88 56 85 7 113 62 52 44 83 52 59 71 54 100 118 28 109 73 61
    40 50 24 9 94 14 112 87 88 28 25 51 94 84 104 116 51 28 104 31 69 4
    4 72 123 32 108 1 70 15 99 74 97 117 6 125 15 27 84 36 61 23 100 113
    43 75 117 104 3 104 81 57 13 9 66 108 27 34 51 27 22 64 33 103 126
    72 95 23 71 109 65 19 52 39 65 109 115 1 126 42 66 51 58 21 32 61 12
    67 66 2 16 127 111 49 62 103 35 5 51 63 6 62 90 112 92 126 101 22 96
    119 65 18 106 41 71 84 66 41 23 116 117 30 116 103 88 61 42 63 65 94
    43 88 109 19 59 107 122 116 118 94 78 84 73 67 75 106 95 35 51 17 91
    122 79 54 11 69 126 48 13 27 87 97 86 102 27 29 77 112 10 107 121 55
    31 16 49 56 109 31 69 50 76 79 48 109 126 97 1 76 21 53 114 20 4 12
    1 91 111 4 28 96 34 74 13 46 52 45 96 124 38 125 3 12 93 41 123 107
    23 64 115 38 14 119 94 94 44 93 41 16 33 86 24 6 1 105 99 50 32 52
    83 94 111 98 73 19 30 91 106 21 95 89 76 84 17 67 7 58 70 58 119 121
    109 69 103 15 93 62 26 47 122 24 73 74 125 102 42 65 41 94 100 43 54
    99 75 69 81 114 126 97 85 81 25 96 7 93 6 66 126 90 71 65 76 120 34
    90 32 5 13 121 86 31 18 122 93 72 54 15 78 64 125 116 27 93 7 60 94
    117 55 84 26 64 6 28 72 117 107 24 108 25 23 109 11 3 127 92 22 117
    120 94 44 89 101 97 4 58 20 62 74 79 121 101 73 127 112 125 107 11
    77 117 97 125 102 8 7 105 110 8 86 96 34 2 92 95 17 28 89 79 100 102
    2 2 10 64 64 24 73 3 125 91 22 77 66 10 106 24 36 45 81 8 126 113 46
    124 125 9 108 8 30 15 15 2 59 33 27 57 37 91 31 98 8 120 25 32 110
    38 90 100 118 127 97 8 90 1 74 105 13 53 126 105 118 46 90 123 17
    116 84 8 59 54 82 78 19 29 105 16 111 5 43 74 106 94 85 73 2 6 119
    22 30 2 65 57 117 18 61 97 23 108 114 6 31 0 103 96 20 33 19 43 16
    100 66 17 7 75 4 89 15 12 114 19 118 79 110 84 20 90 15 20 55 56 17
    98 15 74 107 100 14 122 113 93 94 78 66 31 122 123 41 71 105 21 49 4
    122 117 97 52 86 14 37 117 107 101 18 110 2 62 99 42 16 70 72 69 0
    21 39 51 41 79 112 12 12 25 50 1 64 45 77 116 95 116 109 57 45 6 21
    92 69 97 121 14 127 92 114 67 87 10 57 7 94 60 97 57 38 111 103 70
    29 39 90 111 28 98 69 4 92 13 6 48 93 100 96 73 87 117 41 81 13 98
    12 36 77 84 31 86 126 47 90 112 35 120 63 41 87 6 125 18 13 55 58 23
    72 48 81 79 25 19 108 9 61 2 78 15 64 49 16 119 127 89 96 19 61 125
    107 88 29 108 15 48 62 114 79 22 93 99 38 43 78 113 115 91 17 114 98
    4 92 52 41 115 87 102 13 18 82 73 5 23 61 8 113 34 76 91 107 73 72
    32 76 109 53 124 53 123 120 36 44 8 46 121 40 103 116 107 49 79 33
    28 50 29 1 116 60 54 106 48 76 81 5 19 55 63 109 75 55 76 8 104 21
    111 25 20 114 70 54 8 103 21 27 122 104 68 42 9 9 42 60 110 54 4 90
    89 109 77 121 62 52 51 125 40 93 56 64 86 50 123 116 82 58 55 34 89
    45 93 35 31 69 62 108 64 58 76 82 123 121 5 12 87 58 105 37 102 84
    107 123 17 72 3 46 68 17 10 98 66 48 31 87 81 108 49 38 80 8 97 60
    36 75 12 51 96 115 32 125 3 5 80 34 73 120 72 19 82 31 54 59 56 9 23
    123 114 64 87 26 95 55 96 59 32 14 20 78 59 123 101 88 115 49 118
    118 16 80 24 12 19 88 15 84 24 9 103 37 47 126 22 25 126 100 84 3
    105 94 79 67 127 95 50 123 29 103 35 101 84 57 124 20 58 102 23 7 31
    36 50 65 117 35 10 95 37 15 117 64 43 66 105 8 52 20 123 92 124 73
    101 100 28 39 99 66 14 13 20 94 33 103 44 43 21 30 121 65 0 46 6 79
    121 118 1 17 19 30 117 7 117 88 3 34 9 125 98 116 43 57 55 97 64 60
    103 35 49 40 96 49 2 76 98 64 117 67 72 123 73 17 89 73 123 16 96 17
    116 41 60 34 125 5 108 113 104 112 123 103 88 13 48 58 64 120 96 26
    17 9 37 120 58 24 92 126 73 46 95 35 100 60 61 72 17 80 67 92 52 26
    120 66 0 98 109 4 68 36 87 40 90 116 25 74 9 15 99 100 36 64 97 105
    53 117 32 100 22 6 1 50 83 76 2 6 66 42 91 82 54 127 122 11 41 48 79
    101 26 95 113 99 121 18 10 88 109 72 95 44 3 42 32 43 50 57 120 95
    18 54 12 103 88 126 5 13 7 34 123 48 98 98 109 51 90 12 41 122 112
    29 25 104 6 76 49 24 49 106 112 17 64 46 76 38 106 121 87 8 48 41 69
    125 64 49 94 32 53 126 15 74 46 85 10 63 83 18 120 72 103 68 34 12
    15 27 60 112 77 92 97 89 111 107 121 4 120 50 72 39 54 105 86 82 28
    91 67 24 31 1 75 122 112 1 86 74 60 1 54 40 78 39 16 43 78 74 32 82
    116 0 116 107 12 26 102 17 93 113 82 28 107 60 82 66 21 107 0 57 16
    5 27 44 86 53 91 85 80 61 59 50 72 4 32 123 15 40 40 125 91 95 92 23
    70 80 117 12 125 118 6 52 123 96 15 2 111 123 88 117 47 67 125 60 71
    55 110 38 99 13 76 66 31 105 103 6 43 48 83 58 67 25 121 28 4 63 39
    75 36 127 0 76 79 0 109 32 121 124 0 86 22 103 97 55 122 122 27 82 7
    9 42 100 36 34 118 123 68 120 110 42 67 38 117 118 103 13 3 28 100
    95 86 105 119 74 14 42 48 48 123 81 127 5 43 5 32 5 56 53 78 53 46 7
    26 7 11 86 106 97 59 54 1 73 8 67 37 99 58 67 69 1 17 6 108 13 85
    107 31 113 30 54 80 19 119 74 82 53 69 106 6 22 59 120 89 37 92 96 2
    21 90 95 56 111 105 85 58 14 5 74 81 102 122 123 84 66 96 54 126 15
    36 86 53 45 86 58 20 34 105 107 16 84 20 119 67 64 51 55 33 80 33 70
    54 7 17 56 98 104 60 33 50 95 103 30 72 83 25 125 14 18 2 12 13 64
    77 64 39 7 88 26 22 76 72 92 91 29 2 79 67 112 39 116 114 9 61 68 7
    12 54 121 88 51 45 84 104 105 3 60 122 119 29 49 33 39 69 115 100 0
    76 88 13 107 83 96 115 9 77 25 26 125 95 96 111 12 97 16 113 117 126
    28 46 91 17 36 91 28 53 91 74 43 106 22 8 115 7 31 17 51 81 9 17 43
    3 12 108 11 27 72 94 65 51 70 123 20 82 1 24 11 38 102 47 101 67 81
    41 24 3 60 75 99 123 4 2 93 90 54 99 61 122 22 92 47 76 52 36 6 60
    21 26 55 103 33 42 115 33 45 11 82 50 13 1 37 43 53 88 43 92 48 21
    44 25 93 4 55 20 63 23 83 120 62 105 41 124 67 50 20 22 104 61 79 10
    69 88 125 48 2 64 30 117 55 102 23 88 58 49 58 126 33 12 88 100 111
    121 36 103 24 1 33 106 117 50 40 3 111 115 74 84 89 94 67 91 14 108
    15 124 86 48 122 124 121 0 64 107 117 32 44 118 27 100 95 7 21 19 3
    56 60 22 86 35 102 29 97 72 125 62 62 97 100 123 98 111 47 122 117
    16 100 19 24 61 63 33 35 27 37 106 22 19 76 52 88 0 105 53 47 77 23
    63 93 66 26 52 17 114 97 91 68 126 28 3 52 18 102 107 22 104 40 41
    92 93 127 18 2 101 115 14 88 1 82 91 99 116 27 64 123 3 46 41 74 81
    65 72 5 66 70 32 79 0 96 108 4 111 60 73 88 10 44 119 99 110 5 117
    43 23 38 4 8 97 3 104 13 112 83 40 70 69 121 58 62 101 124 95 31 96
    126 63 41 0 81 102 98 7 25 40 77 25 44 21 122 35 45 39 110 3 15 50
    63 58 39 118 5 57 72 119 125 28 77 101 11 121 39 122 95 100 70 93
    118 86 10 66 23 25 117 51 101 112 80 77 27 79 1 1 69 21 72 39 42 9
    49 34 92 72 95 105 117 127 124 6 103 80 64 3 87 79 58 23 100 11 37
    71 81 49 78 49 36 93 14 65 86 81 92 16 75 122 5 64 24 17 117 33 88
    60 95 29 13 49 36 57 122 74 49 52 34 30 119 113 78 54 26 40 111 75
    113 46 106 104 30 0 63 120 93 119 81 44 70 37 43 118 49 30 36 65 119
    48 110 0 47 94 77 49 19 108 62 47 75 11 88 90 105 79 106 3 119 127
    125 121 11 90 124 16 77 36 3 30 52 67 79 75 53 104 77 58 82 54 59 78
    16 99 55 32 67 106 65 90 50 99 5 51 63 59 2 65 36 57 26 49 5 27 37
    58 5 62 94 72 4 105 24 58 32 52 12 1 25 31 120 79 19 27 21 69 126 69
    91 13 101 80 61 95 19 18 125 114 92 36 105 68 126 34 7 45 74 127 41
    42 72 71 107 55 120 23 47 104 49 117 48 4 11 113 76 27 6 93 78 107
    63 114 32 0 50 107 3 82 123 24 5 10 88 32 124 11 104 50 64 105 56 20
    87 31 14 105 102 83 81 80 27 19 12 5 70 41 5 53 75 29 73 19 99 102
    10 24 56 21 48 36 110 34 46 68 79 109 126 126 71 102 118 37 51 69 1
    78 53 24 85 75 62 47 48 14 114 105 122 90 48 97 100 6 125 43 97 38 8
    43 47 103 106 58 71 62 96 53 36 106 118 38 68 41 125 84 77 70 15 6
    43 8 119 119 100 112 99 100 11 74 32 42 58 87 37 8 112 93 108 19 105
    75 1 86 127 45 53 3 60 30 120 112 21 4 21 63 1 76 66 11 50 81 107 51
    23 87 35 75 41 31 67 39 111 59 59 43 109 29 49 24 66 100 61 20 58 84
    122 61 11 5 97 97 9 47 66 19 74 28 11 3 105 113 15 68 25 45 65 124
    74 94 86 115 76 54 60 105 93 93 97 82 72 49 124 4 60 42 40 18 7 121
    90 20 58 5 80 24 70 77 40 114 106 87 24 68 49 51 16 107 63 4 51 101
    118 114 75 124 64 99 3 19 47 43 112 37 126 122 72 99 120 36 90 19
    108 115 60 88 102 4 83 114 1 38 29 3 71 58 31 75 37 99 114 118 70 54
    99 100 120 42 64 9 51 45 1 19 29 114 66 25 93 32 76 32 109 91 16 122
    87 41 72 1 14 38 99 0 8 69 116 111 103 15 22 64 69 93 16 40 10 98
    113 107 70 125 88 34 42 104 86 77 48 11 126 7 37 123 15 76 9 97 58
    80 7 76 24 57 92 61 17 66 34 121 59 3 101 62 54 28 51 26 92 70 56
    126 121 32 21 105 49 85 69 76 7 100 79 118 44 75 42 84 14 91 29 4
    120 118 16 0 13 75 27 120 126 25 127 124 116 25 30 111 89 110 75 73
    44 25 29 33 43 102 102 37 59 38 97 33 37 27 48 98 110 114 43 50 108
    30 91 92 99 72 46 83 35 110 89 56 66 100 88 33 70 43 73 116 53 124
    121 58 29 52 59 80 81 56 106 39 66 62 46 118 92 106 121 22 34 76 84
    101 12 75 106 2 75 84 26 126 85 90 109 9 112 64 100 53 113 30 59 100
    92 11 75 30 14 79 122 33 107 83 44 116 38 60 28 75 71 110 126 105 62
    86 101 105 82 36 52 80 73 56 74 96 7 123 7 82 81 65 124 59 66 60 51
    55 119 43 95 35 34 55 45 49 88 98 116 98 77 123 25 30 126 56 30 8
    110 63 94 71 107 110 85 21 33 124 47 117 9 39 42 9 31 10 78 67 68 79
    77 48 7 123 122 7 67 99 29 10 3 107 71 86 66 29 84 65 51 60 56 92
    112 106 5 4 7 100 94 125 106 8 30 76 75 4 103 109 104 29 116 33 23
    96 19 34 30 65 81 125 50 90 77 58 35 27 108 108 82 124 20 42 38 37
    100 33 63 32 64 70 49 8 93 84 60 69 124 10 1 11 48 120 118 34 89 30
    69 108 18 12 111 107 50 9 63 72 87 0 52 32 102 79 115 29 14 107 59
    87 61 74 89 99 118 38 76 31 38 13 91 6 110 7 116 28 108 82 116 6 40
    15 23 114 44 6 2 19 13 37 15 77 45 118 90 66 50 124 94 93 44 92 95
    34 8 69 116 50 122 47 59 114 120 0 113 55 12 8 107 91 83 84 39 116
    94 55 106 100 44 54 38 115 42 55 119 106 51 27 34 35 27 80 68 17 22
    116 14 111 65 27 31 17 36 47 114 80 77 121 116 115 98 13 107 77 43
    87 110 23 113 109 99 77 47 44 110 27 118 56 82 45 68 15 6 51 113 17
    111 32 116 24 48 72 80 40 38 11 21 44 105 16 57 68 121 89 69 36 16
    118 67 113 55 18 99 57 39 50 105 114 23 7 92 122 34 104 118 5 83 92
    60 35 97 122 25 126 105 79 125 50 12 106 85 40 74 95 103 50 100 63
    86 61 95 27 44 6 16 12 42 81 19 15 109 61 77 114 29 50 13 103 127
    122 4 47 113 83 105 71 18 66 100 53 76 19 70 1 115 42 77 53 109 89
    45 30 75 58 16 86 1 44 107 119 29 62 100 60 91 62 54 66 95 50 98 106
    17 38 107 5 26 40 115 52 119 68 95 126 114 15 43 110 111 23 15 72 6
    12 30 126 53 101 90 60 21 110 53 92 17 108 90 114 87 52 8 85 21 25
    92 27 34 63 30 92 50 105 31 18 8 96 93 90 73 21 33 51 78 106 84 109
    105 84 75 81 40 64 113 59 4 52 106 40 81 47 4 14 10 102 99 10 48 23
    54 83 98 122 41 59 108 92 102 107 49 85 99 49 76 9 58 78 9 59 38 62
    21 6 24 19 18 69 58 28 106 90 14 38 2 22 120 21 108 117 24 70 101 5
    121 34 40 31 69 72 58 22 56 112 56 72 87 87 61 58 30 66 75 43 106 57
    125 90 40 124 42 35 33 5 73 36 69 1 52 55 125 16 45 21 123 89 9 26
    16 118 74 21 78 73 69 121 31 33 60 4 82 33 52 43 59 1 85 124 37 70 7
    118 41 101 102 27 3 75 123 91 29 99 61 53 14 100 105 120 18 21 94 94
    88 86 55 119 30 107 105 14 65 59 40 98 121 82 26 50 82 102 94 6 123
    83 91 93 59 87 81 97 105 125 21 61 120 5 13 87 57 17 26 25 53 126 32
    16 56 55 67 77 44 73 107 31 118 58 57 41 63 64 90 70 113 37 12 119
    53 54 82 30 49 119 42 78 3 66 104 8 121 17 117 106 99 47 117 81 28
    58 82 75 40 107 67 75 87 119 43 60 6 66 117 105 109 105 33 96 96 43
    78 79 34 79 126 48 18 59 1 69 81 36 15 42 48 38 47 1 96 117 2 114 79
    100 24 29 84 103 16 10 5 119 125 93 10 19 108 9 97 123 89 22 75 120
    51 88 35 29 77 100 7 50 63 116 100 47 77 115 101 11 100 42 66 116 40
    19 86 81 53 103 118 90 76 67 69 0 73 117 117 111 51 49 125 119 36 57
    44 5 82 91 96 4 63 2 67 93 90 23 13 73 113 94 78 84 1 41 59 22 110
    72 42 32 51 96 110 65 34 105 120 71 76 126 41 106 30 92 29 94 31 79
    71 74 23 10 29 35 113 63 58 42 34 82 70 101 39 93 84 39 51 103 32 69
    103 92 10 79 56 41 91 45 113 97 31 92 1 44 52 17 29 113 80 35 116 69
    1 29 68 21 5 7 26 56 109 39 108 58 125 30 0 63 126 27 8 33 125 54 94
    25 76 55 92 46 111 57 75 127 40 124 29 7 114 59 41 72 89 56 14 96 82
    13 53 33 37 111 63 59 14 96 64 43 64 78 69 83 60 98 95 79 61 31 13
    109 13 43 52 24 80 109 84 93 59 14 86 70 22 74 25 91 36 43 71 87 73
    92 0 23 63 49 105 72 95 11 76 17 31 32 120 97 70 100 90 21 114 75 46
    89 107 3 114 74 69 114 72 117 89 13 98 119 97 91 68 58 96 110 70 76
    67 17 21 80 56 5 70 5 53 76 7 113 51 56 107 17 45 75 97 112 6 92 40
    122 28 44 67 118 64 6 54 42 5 11 21 3 97 43 112 24 82 96 58 83 22 76
    105 65 91 36 95 113 28 3 112 100 100 81 27 102 36 92 58 118 123 123
    26 64 94 4 80 62 78 49 73 98 20 59 48 65 58 118 27 41 54 101 72 70 4
    116 107 58 50 34 106 88 4 110 36 46 24 19 103 125 112 58 16 103 119
    85 51 68 29 30 127 14 63 35 16 29 7 43 114 30 39 110 82 114 71 87 12
    90 54 93 94 28 55 102 83 54 86 88 7 65 62 65 103 36 40 98 66 92 117
    46 127 114 94 91 99 30 19 27 19 110 67 79 15 49 66 120 76 70 30 101
    110 5 48 9 125 79 62 104 85 89 89 18 83 86 43 49 48 45 77 24 85 46
    77 53 122 123 27 105 113 29 59 84 17 124 114 116 113 7 86 90 42 8 20
    11 42 100 92 61 122 35 57 29 72 122 80 53 90 81 121 45 25 74 62 112
    14 39 119 76 102 46 13 92 94 81 12 4 22 20 88 91 77 107 48 20 27 106
    32 45 86 127 60 117 54 124 39 76 103 3 64 104 90 96 31 56 107 22 90
    31 38 43 109 120 54 64 6 70 126 42 123 11 20 21 73 11 88 106 97 106
    49 71 7 79 70 71 90 29 100 70 20 105 88 70 73 18 97 108 30 7 60 102
    102 23 102 65 7 33 99 122 94 23 73 74 26 57 48 119 23 77 7 1 87 84
    39 50 116 105 65 7 114 45 41 70 36 2 75 1 85 69 94 15 40 49 88 28 13
    42 102 116 25 60 108 32 20 110 127 68 83 28 63 88 89 30 123 78 55 69
    42 96 85 46 69 13 77 62 107 15 45 5 80 99 74 30 72 110 36 101 17 104
    78 56 56 122 67 32 66 121 122 54 49 76 89 22 112 92 120 7 32 23 93
    80 1 17 0 125 35 115 92 90 60 61 27 44 61 58 121 29 70 72 6 32 104
    87 86 54 86 120 37 50 106 15 13 57 4 116 92 24 13 0 123 42 52 83 124
    57 101 5 6 91 19 17 109 119 78 16 110 76 88 88 60 70 58 90 29 47 45
    106 109 11 61 34 25 41 27 119 33 127 80 80 2 53 13 117 30 59 26 72
    42 44 71 8 121 17 106 78 109 74 85 79 68 109 75 106 35 39 126 21 57
    15 66 71 81 76 4 5 111 67 82 98 118 22 122 126 87 13 8 125 30 65 12
    65 68 8 125 40 7 21 101 27 109 3 94 102 77 84 48 1 13 3 102 27 58 25
    81 122 105 6 73 90 34 80 69 7 117 22 110 50 19 73 42 62 58 4 29 88 8
    37 119 82 121 68 4 49 42 33 55 69 74 107 85 15 98 11 72 120 56 104
    101 122 118 82 96 126 14 11 20 19 40 33 45 62 22 103 114 14 72 88 97
    6 13 101 125 8 113 96 14 111 111 16 23 65 64 3 122 75 20 119 23 127
    72 121 101 33 80 25 116 82 84 32 24 80 19 62 20 76 27 123 85 104 27
    100 2 18 13 81 109 108 12 42 107 80 39 35 12 46 20 1 121 13 113 11
    52 35 115 57 11 39 28 86 24 16 84 17 78 29 103 62 57 40 88 39 34 122
    59 32 99 48 15 103 79 119 12 87 67 22 47 33 114 26 121 52 119 41 2
    16 96 42 27 65 38 8 56 5 110 41 41 66 77 92 117 25 127 81 7 30 60 76
    117 0 82 49 115 101 74 1 46 27 122 55 52 16 45 114 0 120 112 22 40
    110 32 82 49 126 73 77 99 88 47 98 22 18 92 73 67 22 9 60 96 121 100
    33 73 63 5 98 66 115 56 29 102 125 19 92 44 17 82 24 67 11 27 21 45
    123 125 68 83 117 97 76 110 56 54 85 126 67 56 59 55 24 113 71 32 52
    17 80 123 74 41 6 53 73 116 45 106 15 4 78 99 124 72 74 44 4 116 112
    112 125 88 3 71 14 16 38 93 22 15 32 32 81 8 89 57 61 91 25 106 10
    81 54 87 67 52 33 68 14 125 94 58 98 117 17 33 37 75 25 56 115 41 84
    107 55 1 54 51 60 62 77 96 81 65 126 73 110 93 35 77 106 4 39 39 96
    38 31 97 107 75 75 28 56 8 31 78 62 35 109 15 113 19 3 83 103 55 62
    16 8 41 97 17 71 79 2 92 121 22 20 15 7 3 76 66 110 1 1 67 58 83 24
    89 114 58 103 5 90 31 73 32 110 122 90 123 93 125 20 114 12 92 101
    71 24 85 34 50 44 121 99 50 4 34 1 46 5 110 97 121 90 107 8 80 41 30
    82 115 89 82 50 103 86 94 61 64 62 90 30 91 104 14 121 28 86 109 101
    67 113 117 6 102 47 92 3 60 39 76 72 63 95 43 17 46 66 40 97 1 32 40
    125 123 3 53 63 72 53 64 75 1 60 60 96 72 102 19 52 50 91 44 32 18
    23 127 28 101 81 58 80 57 28 16 76 37 38 12 75 46 116 104 70 121 127
    54 22 106 4 118 81 89 75 67 0 29 125 92 113 28 46 54 98 6 77 118 80
    55 39 80 39 3 11 49 23 88 21 10 85 74 75 112 125 18 99 95 124 78 94
    59 11 84 98 100 63 21 36 52 14 123 25 29 47 27 72 45 64 64 30 46 61
    5 2 23 107 59 39 93 85 127 89 3 96 11 48 28 63 108 115 31 99 61 54
    86 114 118 88 117 31 31 28 89 82 75 91 30 109 26 118 114 34 123 106
    40 98 50 36 115 42 93 2 24 104 38 60 104 102 74 97 60 83 32 96 123
    30 15 59 26 22 51 127 106 76 50 19 90 39 23 95 47 36 53 111 68 99 43
    3 29 77 36 38 106 92 19 74 40 50 22 43 89 88 67 113 78 11 45 60 57
    58 118 39 8 96 53 41 16 38 117 72 59 26 99 71 11 124 29 32 7 104 9
    33 80 104 119 37 85 32 8 12 66 72 49 10 19 100 107 102 117 51 25 72
    49 34 4 38 0 63 45 94 12 55 76 111 14 118 60 121 44 112 20 71 90 125
    22 16 86 21 115 82 45 93 57 47 114 18 0 52 109 100 73 83 63 10 42
    117 40 47 54 1 75 58 112 72 107 18 15 65 124 96 69 90 71 68 114 75
    11 80 19 97 125 67 74 60 14 6 7 88 88 38 52 15 23 83 6 122 25 58 105
    50 13 99 16 91 6 30 40 60 25 29 76 54 81 12 60 91 59 46 3 25 81 25
    84 104 54 50 69 22 86 88 101 77 34 66 102 11 105 14 125 126 62 18 16
    114 100 73 76 10 124 39 48 66 51 114 43 72 87 107 110 46 69 121 92
    46 40 53 86 66 10 56 59 33 99 122 70 114 76 127 120 127 67 20 38 77
    58 76 13 75 61 103 71 116 54 54 125 117 100 76 52 60 95 48 77 82 92
    56 49 11 107 29 80 121 10 23 45 46 59 10 70 64 53 80 2 40 107 55 77
    27 64 126 47 92 69 117 61 113 123 71 64 58 88 111 59 79 15 68 42 33
    91 40 53 9 84 110 115 119 82 46 72 15 83 103 63 81 1 46 123 54 89 89
    30 98 37 11 25 41 19 35 97 17 104 67 95 117 92 102 110 37 95 26 0 29
    92 78 46 114 100 34 54 48 127 33 63 22 64 82 35 19 106 110 30 61 28
    103 58 104 81 43 39 48 96 20 105 14 50 32 32 51 65 35 28 82 111 124
    109 105 46 101 12 61 46 101 48 64 82 47 87 11 37 123 83 82 110 127
    125 103 82 19 55 2 105 119 68 116 64 98 45 116 79 85 113 85 98 79 41
    79 16 32 105 89 82 15 53 86 57 73 97 110 127 92 14 32 56 114 81 91
    13 74 10 89 35 112 1 112 54 28 1 65 110 28 91 42 62 113 36 55 119 75
    62 40 67 105 101 106 63 81 46 91 62 68 26 56 110 68 61 63 106 94 34
    104 39 86 113 42 110 88 110 89 18 76 60 43 81 24 105 6 30 9 12 34 14
    91 24 85 57 101 109 120 12 0 68 23 61 65 4 73 47 124 72 87 86 113 16
    33 18 32 67 52 12 42 81 21 121 22 98 54 1 102 75 53 74 125 13 41 20
    17 127 61 45 67 127 28 42 117 41 102 101 123 56 121 127 35 122 95 29
    92 0 7 86 20 120 5 106 83 33 127 51 19 37 109 1 10 85 105 78 83 72
    15 65 51 46 35 112 2 39 55 84 45 70 44 102 84 26 59 71 48 56 116 55
    78 121 117 81 5 57 120 60 34 34 120 9 12 107 101 105 116 48 49 46 73
    102 5 3 74 7 87 97 118 97 96 36 99 12 57 46 102 114 73 35 8 33 58 16
    10 102 60 87 79 124 32 28 13 4 96 34 0 67 125 125 122 87 116 17 13
    59 108 47 117 42 76 98 71 48 81 118 126 19 31 19 40 64 26 15 3 7 10
    118 19 76 28 41 48 121 123 64 36 53 121 59 36 20 49 27 10 118 62 75
    36 116 60 10 62 75 57 6 124 84 32 1 67 2 82 73 123 75 127 93 93 112
    85 4 116 35 120 2 104 54 90 125 9 88 63 19 110 126 119 59 31 82 33
    21 54 47 17 3 92 15 8 25 17 104 44 36 105 123 60 94 83 108 55 34 112
    93 94 98 85 77 53 40 116 124 25 10 32 2 73 104 53 119 115 95 34 83
    67 122 93 52 85 63 46 46 43 16 85 35 26 82 67 99 105 24 42 113 77
    122 47 127 107 86 86 114 12 66 43 24 120 76 66 82 125 27 111 36 72
    34 124 15 97 86 39 116 64 79 38 86 104 56 57 68 69 125 47 114 117 25
    70 14 102 1 32 107 60 13 56 75 59 17 21 21 37 102 114 38 127 30 41 0
    71 120 66 100 32 53 93 1 33 1 22 46 102 16 57 21 9 33 125 25 30 79
    44 33 112 58 31 52 111 91 8 31 81 94 97 121 105 70 83 103 58 9 35 64
    35 48 21 12 112 19 18 124 56 100 33 88 23 78 94 19 26 62 52 96 121
    35 110 37 41 114 104 48 91 104 80 19 97 16 3 127 37 11 100 5 85 87
    29 115 88 58 48 52 125 92 55 60 123 73 108 76 88 48 32 112 82 68 105
    99 87 5 17 64 115 113 10 19 90 23 2 123 14 99 11 108 97 64 0 62 48
    33 90 89 71 121 0 21 121 66 60 78 71 95 6 87 17 9 112 21 88 88 75
    126 50 84 63 73 29 8 124 28 32 54 74 36 121 83 6 98 67 10 0 94 26
    104 90 79 40 66 37 90 10 104 81 72 55 125 119 16 116 31 101 102 60
    108 87 25 108 64 11 72 49 96 52 20 68 19 88 21 8 75 60 71 13 79 46
    23 105 74 91 120 89 57 37 32 23 101 67 33 45 94 69 122 113 55 119 54
    91 36 21 75 50 72 61 24 12 54 109 39 20 117 114 24 102 12 7 10 8 93
    96 18 112 9 116 96 35 54 62 45 20 67 35 30 92 110 30 21 59 35 105 29
    92 108 113 12 71 14 123 69 42 25 95 91 120 112 68 126 8 99 31 127 67
    35 113 101 21 39 81 76 67 2 5 12 71 36 62 77 6 84 22 4 100 58 96 70
    51 57 23 94 36 58 83 25 20 47 44 9 48 25 28 82 8 82 98 27 1 86 40 92
    125 101 30 112 76 105 102 90 64 50 38 30 101 36 35 68 50 41 96 124 5
    125 62 6 21 27 115 75 91 117 2 26 80 46 96 23 23 14 20 26 127 25 47
    29 84 35 107 103 15 9 114 84 79 14 38 99 106 75 122 36 95 8 81 4 26
    14 45 114 18 122 104 16 86 118 11 113 50 94 26 116 33 28 98 71 119
    93 60 43 42 21 34 18 74 119 24 14 72 73 97 36 15 55 39 20 110 1 108
    94 107 101 53 69 127 39 79 79 32 5 64 111 2 50 101 88 123 120 74 60
    95 98 28 76 75 125 80 61 118 89 93 3 85 105 112 33 21 14 106 10 118
    89 51 17 55 63 94 24 113 16 42 32 25 123 17 79 83 44 38 50 51 120
    110 39 91 126 26 108 112 109 62 47 64 51 71 85 95 62 69 36 101 117
    10 24 66 80 87 17 4 11 29 58 76 127 95 76 114 8 49 54 83 8 112 15 21
    88 73 108 58 11 63 81 60 18 99 6 39 27 121 123 15 105 86 64 114 81
    36 30 53 59 41 19 64 20 72 111 59 91 45 29 8 16 24 55 91 56 52 95 83
    10 71 38 60 122 31 72 85 107 15 119 94 106 124 91 82 13 67 0 67 27
    74 1 87 80 73 84 61 4 25 106 45 65 89 75 71 74 115 31 58 76 101 91
    25 52 2 112 78 72 36 80 59 45 126 13 69 24 94 58 105 103 113 41 12
    23 46 47 105 119 123 81 92 103 56 105 4 51 117 125 54 14 38 96 54 38
    106 66 117 61 23 103 12 31 53 9 61 18 38 60 56 12 45 85 49 58 51 56
    74 115 45 79 65 92 104 67 93 45 35 115 73 61 1 106 27 50 98 17 20 43
    121 93 4 117 45 63 126 37 89 50 101 100 119 73 74 75 43 72 120 26 98
    10 56 113 52 93 2 102 4 101 11 118 81 88 11 86 80 38 124 107 121 11
    107 36 31 82 118 22 21 60 37 86 124 72 86 76 42 93 25 81 69 17 51
    125 18 52 107 6 112 124 95 64 80 75 72 68 51 83 70 56 73 24 80 4 13
    111 45 14 28 38 27 66 118 83 112 35 77 65 110 104 60 28 127 4 85 29
    29 35 4 23 21 8 32 121 112 73 10 47 32 89 4 42 59 116 37 37 78 75
    127 45 14 100 112 107 18 21 75 50 123 63 50 7 39 65 67 4 121 50 103
    59 92 20 119 20 125 14 124 6 117 7 96 23 83 119 100 101 81 56 92 2 8
    66 63 121 44 61 113 85 37 53 123 68 33 66 9 98 50 42 45 63 6 86 117
    87 124 52 74 85 127 80 5 102 21 116 112 102 101 49 21 32 7 24 59 82
    65 35 37 55 121 64 5 79 39 13 96 110 14 22 98 24 115 117 119 125 68
    107 41 51 54 25 78 95 127 46 101 71 39 79 23 65 22 100 11 54 118 79
    78 48 72 39 65 116 17 79 72 91 107 53 4 60 53 107 72 27 19 36 57 38
    123 92 112 118 26 4 46 67 16 105 88 97 5 2 97 112 54 22 5 107 11 59
    50 7 63 47 30 30 33 116 15 60 117 31 10 77 55 82 74 97 29 51 61 117
    54 3 121 22 44 6 73 11 33 91 120 101 27 91 1 114 53 61 10 65 101 27
    74 87 35 125 60 57 55 112 0 41 108 29 19 99 28 84 67 105 84 123 63
    12 96 50 109 88 53 32 113 68 38 69 124 89 83 65 35 114 15 100 45 55
    85 82 45 25 97 58 63 36 18 28 122 121 119 73 102 23 17 104 42 111 60
    38 71 31 112 26 66 100 88 36 102 108 54 81 30 110 96 93 48 96 42 13
    22 0 100 18 62 119 81 23 86 17 21 9 36 119 26 71 103 114 28 16 73 94
    116 113 102 118 24 111 11 4 89 51 87 116 71 28 24 85 32 10 124 111 1
    105 125 117 78 98 10 114 23 77 93 71 75 52 57 63 78 22 30 99 62 27
    83 125 103 54 40 50 11 36 42 71 112 59 13 76 99 51 20 46 69 35 23 15
    67 15 107 18 30 73 103 40 14 110 100 119 64 25 105 110 51 55 102 81
    40 4 122 79 78 74 44 16 126 37 12 9 62 58 43 29 12 94 58 78 6 59 4
    53 79 87 111 83 81 47 124 63 66 3 75 11 11 99 84 59 11 73 24 83 58
    63 65 31 84 32 86 4 51 99 120 104 52 76 113 121 94 56 50 107 41 2 86
    37 55 71 110 54 44 107 55 107 62 85 11 38 42 38 31 81 63 88 5 12 120
    18 1 23 36 77 16 76 40 125 67 102 96 41 68 111 92 16 112 75 53 34 16
    46 1 101 91 50 121 20 97 28 45 76 40 107 72 70 110 88 46 122 57 14
    109 109 67 22 23 116 100 83 56 63 17 10 39 77 27 125 4 72 67 64 4 78
    126 106 115 43 104 87 11 10 30 83 122 101 42 5 93 115 56 100 122 83
    109 16 81 36 25 90 24 84 101 103 78 109 18 35 33 87 37 48 26 6 27 43
    94 17 37 47 9 94 30 94 41 56 124 122 70 106 27 88 25 21 75 117 72 15
    83 10 64 101 66 40 98 108 84 80 85 29 126 8 49 103 102 19 35 71 105
    23 92 31 45 75 30 73 18 30 89 69 70 27 40 26 60 32 23 86 114 106 123
    123 99 71 38 53 120 7 8 37 33 13 66 87 88 106 84 125 1 20 83 120 119
    44 20 82 52 45 37 6 33 90 84 36 108 109 55 54 93 113 105 63 114 39
    25 19 61 127 121 0 95 121 28 41 51 126 52 37 46 65 23 50 48 52 36 95
    62 4 1 118 8 19 79 121 5 42 85 56 55 86 109 71 32 77 23 105 2 80 123
    95 102 79 73 31 103 33 67 73 27 29 11 13 67 69 18 7 25 83 115 115 79
    20 124 26 67 84 61 46 100 22 90 26 86 59 110 14 29 49 20 54 10 79 5
    41 14 12 90 36 120 84 25 68 105 62 17 79 34 109 47 28 85 7 107 91
    113 103 17 88 103 47 37 40 103 117 4 59 37 19 127 8 65 42 84 60 37 3
    14 114 32 62 49 11 49 107 8 48 17 83 7 83 74 12 81 88 105 60 37 86
    80 120 72 52 85 46 66 37 29 122 81 84 5 111 40 28 91 51 3 106 23 9 1
    104 38 112 81 3 118 116 66 31 57 24 58 58 76 55 123 59 102 113 51 63
    54 74 119 33 97 101 34 18 24 78 95 18 82 73 28 115 61 65 21 42 8 7
    55 41 87 124 38 57 87 54 77 121 60 79 93 41 15 84 4 27 29 89 45 108
    53 71 104 48 10 44 46 127 117 60 106 45 122 115 34 16 12 95 71 12 47
    103 68 36 63 20 49 4 110 24 61 108 74 56 37 18 115 82 27 94 84 113
    42 34 124 127 10 17 29 35 9 127 124 25 26 2 23 19 98 46 6 72 54 91
    124 69 32 22 100 9 106 5 53 72 91 51 49 46 105 30 87 24 43 55 30 87
    81 2 84 28 22 20 106 73 10 77 72 65 96 2 100 107 110 113 119 4 98 31
    98 114 44 67 61 101 38 50 67 105 109 18 61 71 71 45 22 13 51 7 115
    126 49 91 50 70 25 65 110 81 52 50 2 111 60 60 98 53 124 97 97 62 39
    88 26 10 66 32 86 126 52 32 46 68 91 76 102 20 28 107 40 17 88 0 126
    42 106 32 126 118 11 89 119 16 8 15 86 3 39 50 111 62 96 15 96 52 13
    57 121 56 5 30 27 56 65 7 96 117 77 54 40 6 97 25 88 104 125 23 26
    20 36 108 17 86 123 103 17 0 121 25 10 43 73 47 72 50 38 5 78 106 51
    102 39 79 36 107 78 70 64 22 115 106 107 44 39 100 66 44 21 41 0 55
    31 28 124 6 115 88 53 31 31 17 125 8 30 65 5 11 87 30 86 103 92 115
    82 79 72 26 101 52 39 95 64 46 89 8 88 75 53 42 109 38 78 98 77 56
    48 119 30 2 111 31 54 31 116 3 114 8 93 39 26 72 127 47 127 99 26 77
    52 98 109 107 116 106 113 2 74 71 35 16 19 55 84 31 55 49 27 116 6
    40 126 21 55 30 43 12 100 120 68 36 35 91 117 13 98 25 65 15 84 106
    56 33 76 44 110 100 85 0 12 78 52 50 56 26 125 5 28 126 78 29 21 115
    62 127 69 28 94 55 20 108 45 45 18 35 80 54 97 37 28 122 123 18 78
    88 74 75 23 32 76 65 52 29 47 34 66 87 96 89 53 64 55 101 100 40 83
    78 19 44 110 11 86 87 21 27 78 11 124 91 56 78 122 30 66 94 87 40 12
    93 92 110 127 104 91 84 2 0 70 0 21 100 40 88 96 58 82 6 64 92 107
    112 96 70 17 62 4 55 7 94 74 113 109 115 36 108 118 65 62 68 115 29
    121 101 111 112 26 104 13 71 108 4 99 81 92 59 100 65 87 122 37 44
    127 100 61 13 25 103 6 2 49 37 110 77 34 32 102 100 29 30 48 91 93
    93 42 64 67 27 47 79 7 56 51 44 27 71 95 61 86 105 108 103 65 44 71
    28 102 123 46 102 6 8 48 111 95 119 60 55 78 123 111 47 12 61 3 107
    2 102 93 98 102 100 97 30 41 84 76 99 72 90 97 13 7 103 57 3 99 12
    109 53 99 122 38 54 95 111 0 57 54 119 30 55 73 15 91 81 90 28 99 75
    6 102 14 100 111 28 21 47 108 66 41 105 49 41 45 100 62 67 12 125 46
    45 19 66 8 60 31 121 42 124 123 76 45 41 116 63 38 70 5 6 4 95 87 24
    111 0 40 37 78 78 75 84 79 40 115 99 27 41 27 125 7 60 60 46 91 124
    72 69 29 43 71 95 21 19 103 99 22 104 46 123 120 38 91 16 25 93 112
    67 32 41 25 108 96 89 73 2 63 116 50 119 124 56 69 81 46 49 84 16 49
    58 61 76 70 120 119 38 89 26 3 12 116 90 54 91 68 123 72 67 119 16 5
    9 60 38 26 24 39 82 82 31 87 72 20 34 97 47 94 124 12 42 60 37 42 3
    79 92 108 48 14 102 35 101 49 43 97 46 62 116 39 16 67 84 11 87 49
    35 4 78 79 118 62 82 50 27 70 79 65 69 80 43 0 7 119 43 22 72 13 66
    109 4 113 111 105 16 55 79 113 6 57 45 4 26 119 40 109 5 67 103 13
    118 30 91 7 117 122 124 99 11 68 82 45 92 66 54 14 106 18 95 47 120
    106 52 21 100 23 7 13 121 111 76 18 45 117 82 26 86 96 118 102 89
    107 17 107 73 121 16 115 63 127 3 118 7 122 18 113 102 103 96 110
    122 97 5 121 123 54 40 6 98 17 104 2 57 92 1 71 114 91 48 53 25 19
    91 33 61 68 121 69 102 20 78 114 34 62 54 93 3 10 18 29 5 74 48 91
    75 80 15 22 108 0 58 43 79 75 60 59 31 16 118 92 29 86 29 84 101 43
    12 101 84 81 78 49 58 25 94 82 52 26 6 103 79 80 56 42 2 60 27 78 49
    28 52 119 45 23 93 53 89 27 101 8 77 125 46 70 70 96 124 42 54 62
    100 56 16 5 72 97 14 21 96 28 84 78 3 51 32 116 55 4 46 62 111 18 55
    46 35 113 50 4 42 113 70 20 72 22 29 53 26 122 33 39 5 120 14 23 124
    62 94 92 101 63 107 118 3 54 83 4 57 125 58 53 5 57 107 64 125 5 71
    46 111 18 69 40 90 3 1 12 42 40 91 89 21 96 14 92 64 0 41 124 109 26
    51 35 81 69 113 102 26 110 113 36 76 116 113 26 87 46 64 102 55 27
    26 26 27 36 92 46 72 109 87 99 2 87 90 2 105 40 32 61 14 122 32 123
    65 120 53 100 12 118 28 32 27 46 4 127 124 113 107 97 77 94 74 21 51
    44 124 98 99 117 72 104 125 62 105 99 117 112 87 24 37 90 70 73 79
    21 8 1 47 47 63 92 11 64 122 5 50 28 85 116 9 6 116 92 84 78 54 109
    20 8 14 101 117 88 50 125 63 109 114 91 122 102 37 104 71 95 28 100
    12 105 60 34 46 91 81 42 46 11 21 59 5 9 50 11 17 4 72 46 8 122 113
    97 55 104 75 120 75 2 72 90 27 106 79 12 114 100 115 78 62 29 84 100
    126 5 13 2 123 26 59 5 28 62 5 15 113 1 1 39 48 63 29 120 64 92 8 84
    20 63 86 40 56 26 44 42 81 92 111 46 60 79 55 12 120 127 102 70 69 3
    94 50 81 41 48 111 24 46 121 24 118 119 26 118 59 101 51 120 93 90 5
    55 8 44 22 2 117 31 55 115 125 120 39 26 30 117 32 124 112 57 27 3
    10 18 2 98 34 13 85 101 109 69 28 5 80 47 87 78 82 39 46 61 110 72
    77 88 60 91 27 25 94 31 58 126 54 33 51 22 67 112 95 108 73 37 118
    99 50 31 68 1 34 84 31 16 110 62 12 4 59 87 9 50 125 68 48 103 97 65
    67 82 117 17 125 89 104 111 51 80 100 20 27 53 41 90 41 11 50 112 54
    59 28 43 87 75 99 10 22 110 91 120 108 14 34 0 114 101 82 79 18 100
    61 90 118 6 23 79 55 97 17 57 49 38 37 34 23 22 67 118 100 96 20 22
    54 104 46 106 62 122 107 31 101 54 8 36 26 67 78 106 49 63 120 66 0
    46 67 5 6 62 99 120 51 114 67 123 52 85 109 42 15 72 17 113 18 10 23
    87 29 25 16 76 110 52 106 82 53 35 61 11 98 46 40 11 2 93 56 53 4 57
    41 94 56 68 17 91 49 104 119 110 28 126 41 68 121 26 57 28 77 57 42
    123 60 79 37 34 4 47 82 16 37 72 25 0 58 109 127 16 102 54 22 2 64
    111 78 16 44 120 41 119 22 59 59 115 25 53 119 8 50 117 54 85 38 43
    27 96 2 61 114 89 17 24 12 30 42 121 96 52 10 39 79 79 24 31 18 97
    11 81 61 37 62 34 20 84 18 34 55 84 14 111 107 110 88 49 97 14 51 17
    60 113 76 82 79 121 102 122 28 88 37 27 47 94 84 28 48 93 24 12 86
    114 69 111 84 8 40 0 75 36 18 38 5 63 17 109 89 6 95 18 37 6 8 122
    50 35 28 80 72 87 12 105 37 43 113 4 47 44 101 108 97 71 23 109 31
    120 26 50 75 62 108 100 86 41 124 113 55 79 55 29 67 64 23 18 24 10
    53 58 59 73 110 77 120 25 69 50 59 27 79 49 64 101 17 54 26 44 98
    113 76 9 110 121 9 60 45 86 65 79 65 113 89 9 113 26 37 74 97 50 67
    18 89 123 55 43 48 119 119 73 61 42 122 21 97 127 46 39 54 90 23 4
    24 39 26 16 127 67 81 66 45 55 82 88 77 106 68 120 125 36 55 11 91 5
    120 107 3 106 40 79 11 47 57 63 47 93 22 61 109 94 72 65 92 65 104
    80 115 2 77 28 55 44 12 79 109 77 45 12 48 60 80 114 116 33 35 86 84
    105 11 80 118 17 93 41 113 102 98 87 10 59 15 109 35 40 81 87 46 124
    16 48 14 98 95 5 32 80 9 75 29 15 66 19 52 27 37 1 99 33 16 5 76 81
    8 70 14 19 19 113 67 92 25 125 41 43 116 110 112 49 29 14 2 33 115
    30 61 87 34 115 121 72 116 65 92 20 30 5 117 11 74 101 77 26 70 101
    127 34 70 40 18 73 87 58 36 96 89 113 16 124 54 64 82 127 22 61 122
    47 94 53 72 43 30 61 84 79 126 36 77 34 49 25 97 36 56 122 118 70 70
    81 20 55 50 42 25 50 123 78 4 61 120 59 122 49 98 2 121 86 90 71 58
    99 19 108 3 42 61 75 42 42 0 13 28 66 28 107 7 123 74 15 108 62 96
    121 39 91 36 78 63 112 41 109 31 113 79 116 50 48 82 12 22 122 112 5
    65 67 24 80 110 100 12 91 9 127 102 59 7 127 84 104 7 49 118 85 24
    76 120 78 75 58 8 17 65 114 64 114 60 70 60 63 103 70 15 36 19 119
    74 74 85 94 76 98 15 105 57 82 76 112 56 126 1 19 95 112 13 69 11 21
    107 89 33 77 126 54 112 66 25 121 19 93 18 19 93 15 77 35 100 56 7
    114 4 65 115 83 81 126 89 80 113 64 83 31 22 110 102 62 9 105 51 100
    43 22 45 108 39 56 17 39 114 60 103 104 5 110 11 72 40 20 124 61 116
    38 94 20 50 106 106 29 19 10 105 33 85 74 83 104 91 82 2 44 104 114
    49 15 109 90 35 105 35 16 57 74 89 36 46 112 47 26 57 49 4 3 2 4 27
    44 118 60 5 27 52 27 27 65 116 107 25 105 15 16 104 32 21 25 24 53
    34 108 65 57 56 89 58 78 103 3 49 7 25 13 20 89 116 67 76 1 63 39 30
    92 69 61 75 20 71 79 71 118 27 121 74 48 37 10 21 24 76 5 4 103 102
    109 67 25 122 85 65 75 30 74 64 7 98 61 41 105 102 12 31 33 127 65
    104 98 59 15 66 117 44 107 29 57 57 105 65 9 99 75 40 124 127 20 53
    31 71 3 121 29 23 9 92 85 97 72 11 51 119 115 52 36 106 26 46 54 106
    126 85 65 14 56 43 57 85 81 123 45 14 50 33 65 30 106 1 16 53 45 84
    111 59 102 118 28 7 25 72 80 26 33 35 44 17 68 11 115 42 2 96 111 50
    12 73 67 119 55 1 112 74 56 4 8 65 58 65 109 103 27 89 10 24 69 18
    36 56 126 13 100 14 61 79 105 43 114 77 103 54 31 55 112 93 103 6 99
    117 49 31 108 19 103 41 50 90 124 1 89 27 99 65 35 83 1 44 94 78 6
    116 12 24 96 50 36 6 6 83 45 12 31 71 125 101 2 103 38 25 14 79 116
    87 86 65 69 79 7 81 22 76 30 105 26 65 70 79 6 26 66 22 25 83 27 111
    17 123 33 77 13 125 84 89 32 13 36 88 112 127 41 20 12 10 112 7 112
    62 117 111 60 70 50 104 105 33 48 41 111 102 46 14 123 64 51 27 71
    89 22 36 5 2 100 21 69 21 111 51 91 77 70 32 101 15 110 90 93 97 104
    16 111 99 80 25 81 121 82 35 17 58 79 86 84 28 125 24 11 50 59 57
    121 75 108 82 24 98 45 28 23 110 10 90 127 39 40 44 48 51 27 47 108
    50 30 77 94 114 70 57 27 120 1 119 93 69 1 70 17 53 92 45 15 87 95
    94 105 103 63 79 106 17 114 31 26 105 63 30 86 68 31 92 1 10 68 112
    68 0 28 44 43 50 108 102 101 34 123 7 125 56 124 113 56 125 82 0 25
    77 26 22 90 94 37 12 13 63 35 108 0 82 61 52 54 32 47 46 43 77 12 19
    91 114 1 115 99 106 38 35 80 114 53 96 62 4 49 50 64 14 55 95 23 61
    75 11 105 126 47 100 75 59 58 75 3 67 76 22 3 2 52 7 110 40 98 55 39
    22 34 38 70 69 106 110 113 57 37 106 105 113 98 93 21 98 43 100 61
    71 38 34 81 57 103 122 28 54 64 25 0 59 10 106 29 68 106 12 34 39
    118 13 22 78 41 7 45 86 71 85 91 63 70 108 58 22 39 24 4 122 4 78 76
    91 26 24 66 56 51 55 122 107 48 119 103 74 2 108 79 85 111 83 40 11
    86 91 99 28 18 85 84 15 112 44 40 104 73 38 43 25 26 32 21 53 40 124
    56 18 19 13 11 65 23 24 7 38 37 119 111 48 111 95 101 83 35 119 115
    74 58 92 49 72 11 5 103 96 118 38 98 102 32 78 58 25 75 18 124 114
    85 116 9 89 11 21 71 15 24 103 114 71 107 24 60 86 89 11 12 57 109
    32 57 6 106 105 59 64 56 79 85 86 24 86 60 43 52 93 24 106 48 8 52
    11 58 114 4 118 86 23 45 75 69 100 9 14 33 24 87 23 39 71 124 67 50
    85 103 52 70 27 13 125 70 83 22 50 116 27 18 21 100 17 109 42 82 114
    89 100 32 37 34 63 12 36 1 99 20 94 37 11 78 56 100 74 99 119 99 118
    45 66 47 86 81 41 7 78 17 98 22 26 113 69 39 73 90 96 76 84 115 11
    112 2 117 25 122 42 127 126 70 53 112 45 112 124 51 95 78 83 19 13
    76 47 28 27 78 83 121 28 23 11 109 50 126 31 35 98 48 57 34 16 44 63
    111 6 26 61 60 1 20 83 80 60 121 117 126 58 79 38 83 48 86 91 90 103
    65 83 101 37 93 4 22 79 81 59 87 28 57 46 43 6 64 13 55 86 28 60 3
    40 38 118 90 15 126 94 17 63 16 96 84 95 119 15 42 55 91 124 16 52 8
    16 28 102 44 57 110 91 41 110 19 104 47 106 110 14 54 103 99 8 12 15
    17 9 46 80 99 112 71 7 82 109 122 72 43 34 121 48 115 84 112 65 72
    27 90 99 70 14 64 34 107 50 55 75 6 98 55 48 19 90 125 60 82 71 124
    101 87 22 102 63 13 96 64 58 73 101 7 73 122 74 9 66 21 87 56 72 110
    13 53 30 124 60 47 114 21 54 65 43 82 64 96 47 5 78 24 83 88 66 108
    12 70 58 31 62 116 76 7 52 51 122 35 71 0 41 118 77 80 58 39 102 127
    94 20 109 33 75 75 2 93 16 23 101 117 79 45 81 7 12 36 76 32 121 33
    36 96 19 45 20 124 102 28 118 85 108 115 55 26 120 92 119 40 24 86
    97 10 43 76 117 116 46 43 1 117 125 113 126 43 123 54 95 98 126 16
    56 105 102 77 74 27 74 35 20 16 105 91 23 105 40 74 50 32 86 31 102
    81 94 121 31 127 70 41 59 101 114 124 23 22 74 1 104 22 29 49 83 98
    118 11 24 71 56 54 97 21 104 75 125 1 30 111 2 20 71 94 9 85 19 15
    53 55 29 99 87 62 85 77 28 62 17 120 103 44 55 66 52 32 78 103 94
    105 84 109 66 12 123 122 94 11 37 10 83 79 68 61 107 25 82 23 42 101
    108 0 84 82 33 105 64 3 10 61 34 98 124 33 46 71 99 112 67 45 0 30
    47 5 73 87 3 26 0 18 101 61 66 125 35 53 72 53 63 121 23 36 119 107
    31 60 125 23 99 125 46 102 37 5 68 115 16 121 82 78 118 11 101 92 28
    90 94 29 84 83 91 22 68 102 113 46 6 3 58 29 123 103 116 5 39 88 73
    119 61 122 36 38 45 74 52 7 10 72 27 26 105 80 3 54 5 68 20 81 110
    95 10 24 45 44 87 27 43 34 23 39 34 97 7 64 59 13 86 41 25 87 77 93
    18 44 34 124 49 58 127 9 88 49 22 117 71 16 80 21 90 70 20 57 18 54
    30 67 111 15 48 95 26 111 112 7 81 92 97 123 42 127 71 98 21 47 116
    38 114 47 106 18 86 31 88 65 101 9 72 16 18 21 39 102 84 30 27 27
    117 5 86 97 30 40 98 40 101 22 36 13 104 38 68 31 102 14 86 84 19
    123 42 40 0 30 12 80 90 120 92 38 35 13 114 15 51 78 126 43 99 18 52
    69 57 70 97 70 114 43 56 79 75 31 113 99 29 61 81 0 19 112 18 66 48
    52 98 0 45 0 7 18 34 40 123 44 46 123 95 94 45 113 3 76 70 85 43 63
    78 46 23 85 120 109 21 74 76 104 13 126 20 63 11 97 57 51 30 50 69
    115 36 5 72 12 102 83 35 63 67 81 69 48 39 108 94 12 81 59 57 48 114
    45 26 33 40 62 106 56 86 120 82 21 7 95 87 51 55 101 43 12 68 51 41
    86 56 86 125 7 114 65 23 64 93 24 46 63 45 76 66 32 37 50 26 75 42
    41 109 95 106 114 89 66 30 114 94 21 81 36 61 97 53 12 72 13 108 126
    48 57 24 111 107 107 37 98 1 13 16 86 126 67 52 74 100 52 27 27 92
    61 26 119 84 43 92 64 67 77 87 70 90 71 44 44 20 70 78 93 26 36 55
    85 118 54 31 66 68 121 69 76 42 42 45 38 6 48 90 84 40 6 24 41 64 73
    72 77 20 43 65 94 63 53 68 125 127 5 42 122 27 12 49 51 28 18 11 94
    83 103 28 104 9 87 6 16 10 127 102 105 19 114 88 26 34 127 21 74 108
    82 29 44 2 76 29 101 98 55 1 109 28 72 67 96 9 113 78 102 79 5 88
    114 74 48 37 109 14 18 61 87 84 39 44 40 94 105 102 88 78 94 123 102
    92 63 81 77 123 39 3 44 69 22 31 32 117 82 24 65 62 63 24 80 117 37
    127 54 23 41 29 0 97 120 37 99 7 79 27 113 125 85 30 22 29 72 93 76
    43 59 112 77 92 9 52 16 49 46 48 22 11 45 4 106 79 83 123 57 118 107
    104 18 57 36 108 69 69 45 78 91 66 25 124 12 54 43 1 124 36 1 40 124
    43 0 110 13 43 83 123 109 114 22 104 119 12 88 24 121 43 45 21 49
    109 119 127 117 51 124 26 68 84 71 60 113 115 74 38 112 109 116 23
    47 126 49 50 52 52 60 106 17 92 84 42 116 109 76 36 46 36 9 37 0 91
    17 103 60 22 122 106 82 7 21 14 32 84 108 32 19 6 125 9 114 69 47 16
    20 96 118 48 73 23 6 115 37 30 85 46 82 121 29 109 71 102 94 64 65 6
    11 25 18 96 64 126 46 78 50 33 64 78 68 85 18 63 100 87 31 81 104
    118 74 104 81 79 38 53 61 56 14 25 9 93 124 74 38 20 89 59 63 56 123
    127 124 8 31 63 48 14 110 74 85 111 79 105 66 95 65 18 15 24 20 19
    33 19 124 14 29 87 11 108 78 29 33 77 3 17 78 81 31 51 127 18 46 17
    8 35 105 113 92 6 104 7 121 102 86 116 123 26 72 12 6 59 32 127 24
    90 69 113 109 86 13 120 63 21 110 118 60 36 17 23 123 72 28 38 59 87
    65 2 57 15 72 81 83 44 10 0 48 116 109 60 122 41 96 99 36 2 65 3 0
    102 69 48 7 22 112 9 45 13 15 71 122 3 9 121 107 34 78 38 19 109 16
    81 88 26 64 102 7 61 25 0 65 126 123 41 58 38 63 33 84 116 109 29
    106 70 126 109 117 44 74 115 9 8 17 26 24 78 69 61 127 72 28 116 4
    116 32 52 114 90 55 42 85 68 90 116 27 111 106 66 0 59 56 45 6 91
    111 126 10 44 19 57 48 102 11 124 40 16 64 81 48 40 3 83 95 2 22 69
    5 114 39 35 40 2 123 75 5 24 19 37 24 7 23 18 17 88 124 68 106 30 68
    43 94 52 109 45 121 102 55 32 31 44 108 102 16 92 40 93 83 64 11 71
    103 75 74 8 51 65 77 41 12 125 118 38 68 69 34 14 118 75 45 21 110
    104 101 30 10 90 112 63 74 87 68 95 84 73 125 92 32 38 5 41 7 81 34
    84 15 85 72 112 69 87 49 122 35 24 61 112 32 41 1 114 24 44 0 64 71
    87 4 25 80 23 75 122 57 96 19 75 76 42 99 101 1 25 92 33 86 40 80
    114 93 33 95 2 78 103 123 26 51 113 67 64 46 68 90 69 11 102 94 5 89
    41 56 64 85 111 70 41 65 88 32 9 3 37 102 53 31 105 58 117 47 23 38
    97 98 54 100 89 113 80 18 11 89 69 34 63 101 109 103 8 124 46 29 116
    7 66 30 56 4 80 59 124 72 19 73 18 46 112 0 39 95 79 70 65 98 12 82
    19 71 95 57 88 34 68 108 29 6 105 31 10 68 28 11 116 61 39 6 52 27
    116 65 59 104 40 95 91 51 14 6 69 108 76 51 105 94 6 45 37 57 124 16
    59 46 10 21 106 39 73 17 104 108 105 65 66 108 51 109 85 25 61 31 70
    87 127 8 10 21 99 46 102 116 86 57 8 73 71 111 59 55 52 92 87 53 84
    40 17 82 98 24 0 37 122 71 39 108 94 103 52 86 30 88 4 11 14 39 57
    52 116 54 68 119 35 122 8 4 67 65 39 39 50 40 44 54 45 64 6 44 5 30
    97 11 16 67 41 56 85 2 38 101 124 119 113 108 73 83 15 90 72 93 111
    67 64 84 80 17 47 114 42 92 30 15 71 50 105 88 55 101 125 116 110 11
    0 54 121 31 21 31 84 112 85 49 44 45 68 63 83 99 77 122 23 2 8 30 77
    13 52 85 64 43 95 108 45 44 39 78 34 91 24 47 124 2 94 33 46 27 109
    20 113 83 37 48 32 105 46 50 1 17 57 26 105 70 8 66 22 111 115 31
    120 87 24 106 19 65 106 112 3 66 17 109 77 56 68 35 20 88 89 117 19
    81 121 114 39 118 98 3 3 45 33 0 30 41 106 121 48 50 47 40 110 110
    127 70 65 43 102 12 40 109 51 97 25 103 18 88 0 70 36 54 76 127 18
    89 85 8 36 74 38 48 29 52 78 45 84 22 87 62 56 122 81 71 90 64 100
    49 92 9 79 84 4 108 108 30 120 85 59 101 71 79 103 76 91 79 38 56 83
    79 92 27 65 59 94 57 75 40 86 39 88 63 46 82 4 55 76 57 100 42 14 35
    119 38 63 13 99 104 36 3 112 4 81 116 46 58 34 45 90 121 33 114 63
    102 88 63 101 11 44 78 120 41 54 21 80 62 28 7 12 110 71 112 91 93
    78 58 51 7 15 36 120 127 40 117 28 0 19 80 127 69 26 46 58 70 36 51
    5 61 95 71 114 80 72 89 61 42 106 75 121 57 96 112 111 15 100 63 43
    18 47 35 25 19 108 40 23 90 19 67 111 63 39 12 37 21 58 40 62 42 91
    86 25 45 119 94 108 64 126 29 104 32 57 116 33 61 34 29 98 100 78 6
    94 52 114 116 88 61 67 81 5 55 8 115 33 9 70 15 111 42 108 85 83 59
    116 82 0 90 67 49 25 9 22 14 72 120 82 104 36 14 61 96 71 82 97 80
    90 33 107 48 123 32 122 33 55 77 50 12 68 16 115 82 14 46 88 41 59
    110 121 58 58 74 45 78 10 114 120 116 6 91 47 46 27 5 121 124 18 15
    35 114 58 78 43 111 71 99 5 119 111 38 51 43 3 76 56 105 93 49 85 41
    11 82 35 84 104 10 6 38 26 77 31 19 76 12 37 122 21 59 20 5 113 98
    14 127 75 56 121 62 47 56 39 84 16 106 26 99 21 119 56 47 9 98 7 57
    18 88 98 64 59 81 79 127 60 106 72 42 2 13 111 4 41 108 14 10 59 71
    121 119 56 102 91 102 67 106 92 52 115 67 14 60 33 62 106 98 123 92
    9 106 59 46 38 45 103 23 105 77 121 5 74 18 90 45 48 0 56 81 4 95 45
    63 97 112 21 98 13 1 32 28 26 81 28 96 106 49 91 75 46 121 66 8 64
    11 17 4 14 35 120 44 55 127 71 20 5 79 74 96 5 0 50 42 101 68 66 87
    69 66 2 48 37 70 33 92 121 113 54 111 34 65 37 21 82 43 49 113 121 8
    125 75 53 68 52 8 70 48 123 19 7 68 87 63 96 7 84 86 83 66 47 30 22
    115 39 52 16 117 17 88 28 96 124 99 125 77 3 61 67 34 2 83 27 64 28
    36 20 48 4 21 83 34 8 27 77 0 2 31 61 19 44 93 43 39 98 78 85 105
    111 97 20 72 31 112 116 76 37 40 69 54 104 23 126 22 73 49 96 0 112
    5 74 119 11 74 113 81 52 22 67 110 39 27 76 1 53 33 30 94 77 119 77
    89 0 110 101 119 5 65 58 127 63 30 65 25 35 41 62 28 119 122 117 117
    93 49 63 12 86 25 116 27 47 85 49 99 101 24 97 90 23 89 74 3 58 34
    123 64 119 109 85 16 42 13 45 67 3 20 61 90 13 57 51 90 87 123 21
    111 89 16 29 118 6 123 16 4 112 61 17 99 1 125 16 95 118 77 109 96
    48 89 24 115 62 75 67 57 92 49 55 71 106 54 60 112 101 84 6 5 102
    121 24 96 94 17 18 12 118 8 66 95 94 21 75 4 20 58 57 20 67 0 25 54
    75 15 82 6 21 88 55 64 121 112 33 113 5 56 11 29 34 12 59 44 75 5 85
    57 1 125 51 68 123 42 127 34 119 47 108 96 113 32 8 8 37 115 72 71
    45 74 65 58 7 67 34 118 88 1 43 124 125 6 105 2 78 4 126 47 61 95
    117 10 67 115 23 127 79 57 80 119 48 48 76 109 121 89 77 48 36 122
    126 111 78 21 100 24 119 114 72 48 124 47 95 63 89 110 107 71 112 87
    10 15 84 1 64 49 122 122 22 11 93 91 42 81 58 15 87 1 107 117 97 119
    22 116 116 106 125 84 58 3 53 6 72 70 34 13 21 27 61 86 107 34 72 69
    39 19 55 60 12 89 92 25 127 98 21 29 113 88 115 101 84 23 105 14 74
    24 127 1 15 31 48 32 74 29 5 12 75 15 68 23 100 45 98 8 75 113 43
    106 78 29 24 4 21 96 17 87 95 109 25 28 69 24 57 49 76 106 119 104
    24 60 89 109 8 73 112 109 33 74 117 40 80 36 123 16 121 48 101 91 76
    101 71 60 2 84 24 121 27 87 6 45 23 1 3 117 103 103 124 111 27 119
    122 67 44 13 107 48 117 97 64 58 4 65 41 5 64 125 59 114 65 94 4 79
    58 114 52 0 102 80 31 21 69 31 66 54 26 38 72 124 55 54 54 57 55 41
    31 75 37 21 98 118 103 8 114 99 118 46 126 117 110 60 48 30 77 64
    115 85 21 126 28 39 94 44 52 90 118 21 23 33 117 12 13 122 37 102 49
    89 118 90 8 58 11 55 88 31 104 42 88 117 15 106 34 29 113 13 10 87 2
    72 88 81 108 5 99 31 77 82 17 124 23 76 101 52 3 95 12 87 53 26 66
    44 85 14 44 106 30 35 106 84 117 118 71 73 48 102 92 76 22 31 36 86
    121 113 6 73 96 39 110 80 3 1 41 89 47 42 12 31 52 59 77 48 29 59 30
    109 47 127 35 67 66 114 120 73 31 0 111 97 114 99 115 54 71 114 28 9
    74 0 48 116 31 118 57 4 66 17 93 31 26 4 39 33 27 118 62 5 71 93 9
    104 109 53 27 109 44 23 32 16 20 29 121 117 2 33 41 5 55 75 99 30
    112 120 46 5 111 114 65 63 70 0 72 49 125 64 120 99 110 84 102 96 42
    72 122 42 106 70 86 15 53 107 50 68 33 52 5 23 29 44 80 78 36 123 66
    22 43 79 59 95 18 81 57 93 91 91 2 60 99 90 60 112 78 34 3 76 56 21
    57 61 76 41 14 109 24 67 52 62 36 86 123 29 113 77 84 94 112 34 86
    67 112 74 57 119 27 87 20 7 22 47 88 49 52 31 15 35 16 117 83 38 67
    24 41 91 16 82 32 122 7 125 38 107 117 36 6 70 66 42 41 86 54 71 57
    17 40 19 111 24 75 120 79 33 107 13 29 53 118 68 35 5 74 26 101 51
    102 75 37 21 83 11 14 84 91 61 46 79 77 34 30 49 40 91 121 9 100 2
    120 93 94 40 110 64 78 85 97 28 94 79 36 44 58 69 72 46 0 15 127 115
    98 65 118 31 76 40 59 62 49 82 82 73 49 93 104 33 46 47 102 84 52 56
    69 56 10 99 51 127 91 15 40 107 119 18 113 55 83 26 114 68 21 4 84
    22 6 118 61 74 83 44 121 61 31 18 107 9 102 123 19 45 40 78 55 2 91
    68 70 115 15 79 11 119 77 2 52 72 65 26 112 62 87 57 44 44 51 114 18
    75 85 73 23 12 42 95 33 84 55 4 92 124 70 56 88 75 105 0 40 95 26 62
    86 27 46 76 69 22 15 54 50 102 46 61 71 85 70 113 125 16 39 27 38 97
    83 96 65 46 126 84 116 71 9 113 71 37 76 22 35 23 75 79 90 107 66
    127 53 97 88 52 88 119 25 122 77 101 17 33 69 80 84 2 26 0 20 61 9
    82 49 40 28 43 24 77 114 98 45 16 25 112 95 116 97 6 29 118 22 89
    109 82 23 48 126 3 83 106 63 11 92 93 26 44 14 35 78 11 15 117 35 36
    89 47 106 2 71 53 26 1 7 78 13 17 72 33 77 104 71 115 71 21 121 125
    1 56 9 74 127 39 65 74 34 34 47 65 8 28 102 105 99 33 47 37 32 113
    36 1 48 42 81 111 0 122 12 77 13 34 66 117 56 56 124 7 77 116 20 92
    111 2 0 113 77 85 99 55 99 53 97 28 23 33 37 39 86 3 27 16 101 94 24
    14 96 2 111 82 118 113 63 32 108 32 81 87 57 122 19 57 50 35 54 100
    64 103 5 88 80 11 67 112 4 110 58 18 57 55 45 101 18 30 116 3 79 79
    7 21 111 31 114 12 103 13 79 119 95 126 47 96 4 29 109 103 81 83 16
    112 113 5 68 51 45 25 57 10 31 48 23 73 110 4 43 56 102 69 87 71 73
    97 126 67 36 61 52 117 19 74 75 22 95 47 11 63 64 12 120 96 36 46 1
    23 81 8 77 37 45 121 119 89 56 48 106 110 60 33 44 34 4 50 106 36 32
    91 74 109 109 5 116 23 84 75 65 110 75 79 61 60 64 35 116 92 11 66
    35 14 32 13 99 115 23 97 84 57 79 91 23 82 99 47 117 70 117 68 127
    115 68 8 61 84 44 83 113 112 44 17 105 61 48 6 109 106 28 80 58 100
    56 32 43 81 104 57 35 25 106 82 97 78 87 46 35 122 83 69 105 45 44
    79 105 101 90 85 24 124 19 21 14 87 30 29 100 8 61 33 24 27 43 24 36
    3 109 86 65 124 27 19 121 44 14 60 70 25 96 43 11 95 78 62 11 36 104
    70 50 31 30 73 65 17 118 21 76 101 80 43 48 60 37 6 9 11 66 115 0 29
    2 5 58 75 62 59 127 71 35 32 22 113 113 16 88 11 62 75 123 71 59 92
    121 52 50 65 99 72 29 31 103 101 106 33 101 15 8 123 111 46 44 97 38
    35 124 110 107 115 55 70 2 1 69 47 101 10 44 45 80 0 111 101 56 29
    19 81 49 36 7 47 107 39 69 104 100 76 2 13 69 24 8 23 72 20 81 27 16
    0 94 97 121 36 77 102 18 105 1 4 26 82 118 15 88 81 126 22 101 118
    38 15 64 117 70 90 83 120 60 6 101 9 10 29 74 13 114 99 81 8 124 64
    56 117 68 45 88 9 113 22 17 66 103 29 88 106 88 0 59 49 100 106 92
    39 110 40 31 59 43 54 106 87 53 100 80 84 51 68 79 52 126 85 108 98
    92 79 61 91 66 0 98 30 121 55 119 10 86 113 10 31 120 68 17 48 52 20
    31 19 81 8 38 28 100 127 100 59 3 18 21 4 65 35 112 127 115 70 69 34
    62 59 112 87 122 98 72 22 31 29 15 112 94 17 56 47 20 108 102 105 45
    40 33 92 113 79 83 35 112 88 33 41 37 102 114 98 66 122 21 53 69 4 5
    102 117 3 31 38 28 87 18 44 79 55 71 59 95 49 122 93 22 35 91 125 17
    19 85 35 102 70 35 65 93 120 120 38 86 115 83 67 79 31 3 99 20 105
    113 22 97 5 46 120 41 42 52 126 29 93 47 120 68 80 0 123 3 24 11 88
    92 41 93 53 119 89 35 69 0 75 30 91 30 80 113 84 86 63 40 112 38 106
    79 73 36 81 20 16 83 77 32 77 49 68 47 0 28 0 17 84 91 47 120 34 95
    10 61 15 124 27 56 32 37 65 106 8 6 79 50 28 95 109 91 125 59 95 68
    115 110 74 65 39 43 10 79 76 96 81 120 118 20 118 111 43 96 93 0 79
    91 6 16 126 43 17 103 68 59 46 48 58 17 9 79 4 109 127 57 88 77 112
    38 39 109 90 33 76 122 107 43 90 7 10 32 115 71 24 76 49 58 19 39 43
    22 81 91 7 127 13 124 41 3 13 117 43 100 25 18 58 38 7 29 96 78 4 62
    106 122 96 120 35 126 116 11 74 113 2 52 81 110 16 99 62 93 44 14 95
    97 56 25 40 93 77 40 83 25 7 104 80 89 97 58 89 102 53 110 61 127 73
    17 85 69 26 30 45 48 51 115 59 1 1 93 85 30 108 15 112 101 97 101 40
    35 41 39 55 107 87 57 123 6 20 1 11 84 42 115 50 102 62 3 115 90 39
    25 60 117 76 46 126 30 0 36 88 116 106 2 11 23 56 76 118 5 84 38 107
    100 42 61 27 99 78 103 106 6 93 86 62 20 51 84 62 102 7 59 78 123 92
    54 114 99 55 10 104 86 4 29 33 122 108 47 23 12 104 15 66 105 52 103
    9 95 107 51 37 5 61 7 84 65 92 96 52 114 64 16 127 30 12 21 99 117
    30 104 42 0 124 57 84 45 99 114 51 84 34 45 13 106 101 79 77 53 109
    52 33 25 31 103 22 60 53 3 66 53 95 102 114 24 89 127 21 86 19 102
    101 37 85 39 54 2 33 106 56 7 96 11 49 86 111 88 62 74 120 18 85 61
    105 104 2 21 121 105 124 60 106 64 104 55 91 51 93 109 44 106 86 34
    83 4 86 35 119 23 62 68 94 35 9 94 26 121 119 60 31 66 99 5 79 72 54
    32 44 20 17 57 68 125 4 17 49 51 126 109 112 8 123 90 20 84 106 28
    116 109 117 81 68 41 4 3 31 7 125 62 1 12 104 103 125 116 62 15 27
    74 6 102 48 83 37 127 97 1 50 16 98 98 76 112 92 50 12 66 38 16 78
    94 1 31 50 26 0 14 42 19 87 104 67 42 59 107 75 96 0 106 24 71 100
    98 32 71 24 69 93 45 111 27 112 51 19 50 77 8 37 114 11 22 42 27 67
    119 102 38 120 62 20 125 125 66 101 27 65 10 106 77 42 60 71 29 36
    46 20 118 12 123 97 70 7 18 43 31 127 97 33 18 107 47 79 21 46 92
    116 85 124 22 126 74 4 92 51 125 27 9 108 15 124 99 24 93 57 3 10
    105 67 6 17 88 14 46 10 91 96 2 18 106 55 32 62 95 56 89 72 18 89 4
    121 116 109 97 47 98 116 53 108 44 70 126 117 23 82 89 107 13 51 121
    87 43 29 75 11 114 9 117 116 49 50 96 79 66 114 117 49 67 116 125
    102 124 43 38 11 77 49 99 14 5 17 52 98 14 61 81 69 40 41 119 71 36
    113 83 35 65 48 2 112 116 22 5 105 124 105 89 6 40 33 32 79 59 42
    101 14 110 52 57 45 90 71 11 26 1 54 59 112 48 127 46 41 101 127 70
    126 40 66 79 16 100 115 75 30 29 28 0 105 10 53 5 115 107 61 80 69 5
    114 115 72 20 27 95 113 73 14 94 10 16 79 53 109 31 122 92 54 126 67
    44 3 50 14 59 67 39 96 73 105 8 3 115 49 114 124 60 127 114 28 48 65
    81 34 35 96 100 107 1 82 25 49 108 107 22 73 20 69 23 70 40 118 65
    48 116 41 48 76 125 40 92 88 94 118 28 70 20 111 85 115 57 52 5 38
    40 7 69 51 73 102 3 39 60 125 53 62 47 95 107 86 22 111 5 69 13 63
    104 119 73 84 27 16 25 47 103 28 27 47 90 52 93 98 105 71 59 84 115
    56 77 14 126 35 116 10 87 21 31 49 25 56 54 89 31 112 53 43 32 76 49
    77 65 7 122 71 105 120 12 3 80 56 52 21 60 79 67 0 112 35 25 67 126
    23 125 21 23 60 7 85 114 94 5 124 45 35 95 26 46 48 90 42 121 98 66
    94 27 50 92 68 98 58 39 44 51 11 0 118 73 24 56 38 124 108 121 83
    123 48 106 97 100 93 30 125 7 34 46 119 28 111 3 37 54 126 12 50 110
    127 25 72 5 52 5 124 38 87 74 25 113 117 53 119 112 66 118 76 29 86
    117 10 100 100 70 93 119 43 115 47 33 29 12 107 56 52 100 96 108 107
    55 55 102 25 19 31 14 126 91 17 54 86 2 68 43 127 45 90 107 5 79 38
    72 76 23 17 116 88 71 88 75 79 60 59 84 19 26 85 127 2 59 68 61 92
    45 39 15 14 58 28 67 126 103 98 22 64 96 38 8 62 94 45 115 121 43 1
    2 95 113 88 24 58 30 108 56 117 113 76 114 26 127 90 6 44 49 13 88
    101 73 1 75 105 51 81 88 41 106 32 1 19 63 99 20 82 75 42 74 67 11
    17 27 75 44 115 76 38 32 117 48 2 20 122 51 75 4 2 122 22 79 75 25
    101 98 60 89 97 35 1 84 75 29 84 13 23 14 63 17 116 13 77 124 17 20
    73 8 114 25 113 119 76 62 121 85 122 18 92 84 42 50 75 35 118 73 49
    32 121 23 75 124 44 68 78 31 2 51 76 14 35 9 95 62 13 64 57 101 96
    14 97 84 58 91 84 17 84 101 49 120 117 65 51 41 99 106 46 8 122 121
    101 127 106 106 101 84 25 48 97 18 126 81 22 127 44 74 92 117 114 1
    18 120 62 105 59 101 107 19 87 11 66 20 54 16 99 26 48 58 99 83 44 8
    108 63 22 55 14 53 102 9 124 3 45 89 58 68 9 10 107 30 81 24 12 9 49
    31 79 75 18 33 51 9 34 9 63 126 6 2 104 3 117 106 94 32 114 6 37 121
    9 35 2 101 105 3 116 69 124 35 113 32 14 114 56 122 30 29 52 91 86
    51 100 12 91 121 12 43 107 54 6 105 68 96 16 14 91 103 63 116 69 19
    127 106 54 69 82 42 18 93 43 106 53 19 68 108 49 97 98 40 87 32 122
    29 3 50 94 119 7 58 14 59 49 68 126 8 75 37 79 71 12 52 80 67 91 32
    94 16 18 109 88 106 16 44 64 76 45 103 32 65 13 27 97 42 66 76 114 6
    97 50 121 118 123 30 114 95 74 54 60 73 59 13 80 100 94 30 21 50 50
    67 76 87 19 5 39 49 15 42 82 53 112 10 2 18 37 42 21 21 39 18 81 70
    60 53 95 31 108 8 94 10 13 56 111 76 39 46 98 109 122 94 2 45 38 53
    102 38 2 109 97 104 101 91 76 43 30 44 7 33 102 49 91 88 21 33 121
    111 77 84 4 55 84 81 109 18 82 43 94 19 6 99 44 124 11 86 69 69 87
    13 58 83 79 33 48 39 127 100 8 44 65 15 18 92 4 122 29 25 45 64 77
    115 15 93 99 88 96 82 99 112 44 120 23 30 66 98 102 54 60 90 12 38
    23 125 102 3 105 125 65 76 31 62 51 29 40 10 54 13 39 65 100 101 65
    69 54 61 64 99 88 116 64 87 118 19 14 74 70 61 85 65 52 111 21 97 68
    53 48 54 101 83 9 65 18 65 37 107 73 113 57 70 2 70 112 44 119 93 90
    50 71 112 13 93 9 95 112 14 105 64 23 127 30 100 117 53 40 88 63 125
    114 44 97 60 55 83 44 105 123 82 80 93 55 22 107 66 61 46 127 109 15
    22 118 78 11 50 90 109 4 36 39 108 40 30 81 80 9 89 68 108 108 64 1
    57 91 109 3 31 10 27 52 78 44 113 61 0 75 99 80 11 71 118 63 80 68
    115 123 60 20 75 32 70 58 110 2 124 56 15 36 15 93 112 7 87 105 37
    76 20 116 82 49 53 46 123 12 23 8 59 38 74 39 100 72 57 110 95 20 34
    107 21 8 79 37 49 27 120 24 115 34 63 85 9 91 82 111 19 27 105 37
    123 22 6 108 50 85 22 100 5 79 101 13 23 29 109 90 16 2 96 14 118 47
    122 38 77 63 58 73 118 91 90 1 53 64 115 23 111 95 47 39 42 59 81 43
    58 70 17 37 2 60 74 104 97 44 56 64 5 1 18 90 45 24 59 4 92 105 101
    57 4 75 20 58 57 59 14 45 14 10 124 102 91 113 126 46 42 77 58 76 60
    98 11 23 69 55 108 5 71 101 9 20 12 23 67 41 86 58 107 31 77 108 17
    55 103 124 77 19 86 80 94 88 26 98 84 102 93 80 120 120 43 93 5 127
    113 75 82 51 30 75 95 93 14 28 25 94 101 35 118 98 85 17 31 66 98 97
    2 57 6 76 121 77 55 54 101 43 30 19 26 119 57 118 45 71 63 32 90 109
    83 70 9 14 23 55 11 116 92 125 8 121 115 100 77 63 44 105 92 79 94
    102 44 53 1 61 63 31 7 64 0 15 92 7 25 115 125 4 34 39 56 116 20 127
    49 4 30 13 83 101 71 57 64 103 79 97 16 65 84 89 44 17 14 16 7 109
    41 115 57 68 100 76 25 12 32 53 3 6 118 16 67 29 103 48 123 41 29 11
    66 71 52 99 112 32 58 24 39 78 69 104 28 119 54 26 47 112 54 33 22
    112 44 59 118 125 102 91 82 93 31 62 84 120 63 74 117 36 17 88 32 61
    102 124 46 122 4 71 126 12 14 64 15 121 14 120 27 37 93 127 4 67 14
    111 108 112 45 5 57 117 10 46 119 25 111 27 56 12 80 97 75 19 115
    116 111 51 99 79 102 68 55 105 11 92 55 31 36 35 80 113 66 44 11 46
    47 40 126 1 116 24 43 113 26 23 66 120 23 63 89 46 18 91 72 18 61 37
    16 102 28 38 70 14 37 113 40 52 89 9 100 103 60 22 82 17 55 107 33
    10 74 27 107 90 7 63 106 23 94 108 110 84 15 80 70 40 53 106 66 81 3
    64 117 34 119 67 12 72 84 75 123 99 40 83 28 60 94 79 69 9 34 102 78
    125 96 74 64 31 23 47 14 10 2 115 12 121 16 4 102 118 28 6 14 46 30
    86 25 77 97 37 117 57 71 32 97 82 43 28 23 57 111 8 100 68 60 25 38
    74 24 62 43 6 19 44 84 103 31 83 79 42 58 15 105 7 124 121 121 35 77
    84 30 9 76 13 89 96 65 63 124 61 24 65 111 126 70 59 40 115 27 41
    115 112 36 95 2 63 20 61 110 69 9 1 120 46 34 125 38 39 124 126 41
    31 75 92 4 47 113 86 37 127 22 118 123 114 118 70 50 23 95 117 69 33
    118 114 25 38 71 38 70 64 73 55 22 125 70 25 87 39 40 63 88 108 10
    91 121 73 53 61 120 77 14 36 45 103 6 125 125 8 81 46 25 112 111 77
    15 9 118 62 66 26 6 82 54 10 84 47 72 0 20 45 87 47 87 80 86 36 87
    43 19 35 8 42 121 126 72 84 69 39 122 37 69 77 43 12 3 34 6 108 39
    20 28 10 71 64 98 20 62 45 42 18 116 74 75 126 21 59 102 2 122 85 81
    79 105 120 98 105 78 20 125 43 5 63 60 8 48 43 114 117 61 72 40 60
    19 101 10 113 58 87 47 22 43 60 70 98 29 39 55 13 107 61 51 117 120
    75 2 51 35 8 38 74 121 6 86 98 76 109 48 102 74 37 84 25 63 0 89 26
    101 74 86 116 104 99 43 38 96 0 16 35 85 108 9 121 79 74 101 88 127
    90 29 99 24 95 115 41 73 122 3 20 3 11 77 110 123 6 102 80 76 99 57
    122 70 36 2 44 40 38 120 60 71 31 28 79 83 12 5 2 95 10 72 106 90 40
    42 76 8 125 45 29 90 46 38 46 82 62 46 24 41 48 4 108 99 42 6 82 115
    63 111 117 74 65 111 65 70 0 52 126 3 98 35 120 34 75 12 20 72 55
    104 29 6 14 65 15 112 23 117 32 95 11 52 54 23 72 123 3 77 9 112 64
    89 10 73 61 124 79 62 43 68 83 107 80 53 36 65 76 62 75 18 63 57 11
    54 62 82 115 86 99 67 71 28 11 47 55 27 49 88 80 11 58 69 81 74 11
    105 99 111 16 80 21 54 36 4 91 124 89 117 67 67 0 41 33 73 5 108 1
    57 47 3 39 32 21 28 58 13 18 122 48 51 32 104 92 125 19 102 54 65
    118 102 13 103 61 41 17 41 111 46 21 17 5 9 30 24 1 64 75 1 77 16 79
    123 62 120 106 83 45 104 127 63 92 119 11 104 107 99 87 110 6 84 103
    58 63 75 87 120 47 126 88 12 102 37 41 108 103 49 91 4 90 26 61 22
    29 62 115 47 77 87 62 24 55 47 37 85 34 39 111 87 91 25 4 76 87 39
    88 25 125 117 72 89 47 63 72 65 57 67 2 106 42 119 29 88 117 4 126
    60 95 121 7 12 23 60 22 30 38 22 106 99 83 62 97 123 26 56 87 13 69
    86 114 82 45 11 94 11 94 9 59 78 87 63 23 126 104 91 76 16 114 62 8
    53 108 85 117 83 24 10 114 73 123 52 3 33 17 126 63 46 50 117 13 118
    25 95 4 123 79 71 70 103 46 36 15 116 69 8 50 108 127 106 95 9 82 40
    17 106 127 59 44 95 29 36 43 51 27 61 101 38 34 111 11 96 24 51 57
    113 94 67 55 96 63 68 112 79 8 105 75 6 106 77 53 1 57 115 8 58 106
    119 22 29 80 103 15 76 55 113 41 71 14 116 104 18 70 4 6 3 52 82 68
    125 83 23 79 106 44 108 88 41 4 48 102 20 53 8 116 74 83 51 90 6 41
    110 127 114 127 78 115 27 7 26 38 41 38 6 1 30 4 63 2 95 70 15 55 51
    24 16 15 108 106 9 94 115 67 107 5 27 81 100 64 58 42 80 37 70 1 73
    68 78 9 119 0 124 123 123 124 39 3 44 79 87 84 100 86 59 73 57 57
    117 21 45 55 18 13 116 111 37 37 83 57 119 103 71 82 119 113 95 27
    100 0 96 30 104 35 95 126 82 86 70 111 1 96 39 81 2 89 7 59 71 126
    23 107 33 37 40 126 2 29 102 40 96 54 46 81 115 121 62 21 36 58 27
    55 40 48 88 68 58 49 39 49 17 108 110 67 49 15 117 76 51 3 1 57 79
    127 24 77 83 107 9 62 18 79 101 122 31 55 68 68 56 19 82 81 26 0 27
    45 124 88 7 89 10 115 19 4 15 87 43 55 59 90 29 95 44 51 96 67 84 32
    24 111 78 112 15 62 77 36 70 31 30 59 62 110 5 109 83 103 15 121 95
    4 98 19 28 110 75 113 73 52 9 50 6 98 109 56 34 117 100 119 86 74
    124 29 63 60 47 116 29 31 20 19 46 113 31 60 119 17 127 35 119 49
    123 122 68 40 70 49 108 55 118 0 96 57 28 1 82 125 93 20 41 57 95 59
    100 50 41 1 47 27 126 80 10 16 79 67 103 77 36 114 43 30 47 102 93
    62 120 89 120 89 74 82 83 59 107 19 67 39 40 44 48 115 45 102 22 59
    70 103 124 114 51 112 4 45 31 29 79 13 107 68 71 41 34 121 123 55 34
    85 47 78 12 10 71 66 114 59 110 116 84 84 67 44 42 102 3 117 8 29 6
    99 21 30 99 18 71 110 87 89 17 4 125 70 19 13 75 25 92 30 91 57 86 9
    20 40 103 73 76 32 6 63 106 15 62 92 113 35 72 119 0 93 99 21 65 62
    40 71 1 82 56 3 105 95 78 5 120 81 25 95 34 115 44 5 101 57 15 87 12
    82 78 116 36 89 0 71 69 15 38 95 108 83 108 36 125 16 83 89 41 66 79
    104 68 43 22 98 60 70 32 0 78 104 36 17 53 55 51 124 107 123 36 85
    117 67 67 60 46 1 100 61 0 107 30 44 50 103 75 94 74 112 21 10 60 51
    10 16 36 69 98 5 97 122 52 0 91 37 69 4 28 65 19 20 65 6 120 22 62
    125 18 101 103 84 47 22 50 48 90 81 73 98 72 17 99 53 44 98 25 119
    35 56 51 34 107 74 81 80 107 21 68 77 7 127 91 101 76 116 42 78 111
    79 77 57 49 57 43 35 61 105 32 48 90 21 53 56 47 117 92 42 117 70 37
    43 92 10 19 118 104 102 59 7 72 2 5 89 15 64 84 114 23 51 75 127 7
    82 106 118 1 77 63 7 72 82 85 83 111 95 55 98 73 35 86 71 68 95 88
    18 116 60 53 45 79 13 112 90 93 82 83 9 59 77 81 70 58 18 108 3 126
    38 8 122 1 124 93 68 39 89 103 27 110 91 4 1 51 8 93 3 9 59 45 91 75
    90 20 7 87 13 68 126 31 84 55 88 108 27 113 45 118 121 68 58 73 83
    65 83 8 59 58 120 126 29 111 124 19 11 87 32 3 13 39 53 103 123 40
    104 82 91 2 52 48 105 24 113 42 81 97 117 3 97 77 80 82 32 108 27 25
    109 71 75 82 24 103 96 74 80 61 10 112 26 32 113 102 107 37 6 112
    101 126 51 34 58 80 92 31 29 106 22 50 10 96 72 70 98 88 124 63 99
    15 110 1 39 16 50 62 49 49 97 49 31 101 49 10 52 109 13 76 60 114 70
    69 42 34 31 30 31 25 114 73 112 55 48 119 102 3 60 103 79 127 40 115
    23 107 124 101 68 4 63 84 109 76 103 37 30 12 78 69 71 13 17 56 58
    16 22 26 59 72 104 31 44 116 82 26 51 127 32 22 79 50 10 111 2 39
    101 121 30 125 7 31 115 60 25 7 9 75 114 20 12 62 16 54 50 89 109 14
    25 109 4 40 49 10 126 101 49 65 11 118 63 95 83 50 96 4 44 33 52 42
    9 108 60 62 82 75 122 20 112 75 65 110 10 114 82 83 45 101 100 110
    67 17 61 13 8 50 74 89 98 82 95 24 53 27 0 51 22 66 1 75 44 40 76 2
    95 1 64 118 62 35 40 113 95 36 81 63 126 15 93 121 112 62 54 125 106
    20 5 99 10 83 25 9 112 98 103 120 101 68 80 63 112 46 56 86 6 66 110
    99 21 81 26 14 15 93 38 7 18 35 43 53 17 118 64 13 36 63 108 93 106
    80 49 75 105 110 85 9 17 33 24 53 117 70 68 40 22 60 2 120 0 41 109
    123 79 124 53 101 12 101 106 59 104 26 7 41 59 9 101 114 125 60 3 63
    115 30 12 114 17 7 85 108 118 42 39 19 29 79 88 50 4 79 92 61 2 38
    124 76 52 92 16 55 30 103 67 85 82 28 74 11 49 112 6 112 113 108 36
    1 55 8 78 108 113 122 43 88 44 59 52 18 70 117 96 111 43 19 27 97 29
    102 19 69 69 71 40 76 79 124 26 100 37 123 55 44 31 66 28 99 100 64
    46 74 120 107 13 15 75 116 49 116 124 102 40 80 59 36 24 47 61 9 85
    59 68 123 19 63 1 101 4 15 89 36 64 91 110 33 39 69 56 15 9 41 25
    122 101 125 6 54 114 98 78 106 32 111 96 113 10 43 88 43 122 87 31
    45 13 63 77 103 30 88 123 99 11 16 117 107 71 46 20 111 50 70 92 56
    62 88 22 32 113 118 8 100 6 65 92 7 67 5 90 36 46 5 3 67 61 102 7 21
    100 103 115 94 13 72 79 88 73 43 114 28 116 74 35 69 50 23 109 35 3
    17 75 75 68 122 107 83 112 65 91 64 43 32 84 57 109 62 104 54 78 122
    69 74 94 19 28 80 33 0 20 107 70 31 117 6 86 97 17 67 27 77 100 79
    55 19 11 66 67 9 2 45 57 48 3 78 106 44 37 91 115 79 125 85 110 44
    127 57 41 91 85 21 124 123 28 86 107 113 54 43 114 84 79 40 40 41 4
    63 121 109 52 57 124 57 118 12 27 71 82 55 95 38 12 43 63 41 13 97
    98 99 54 62 72 101 27 12 94 55 27 77 4 41 90 119 118 77 122 23 86 64
    84 38 17 22 75 111 14 61 118 32 71 57 71 32 16 71 98 82 82 19 11 91
    75 54 38 120 25 28 17 34 18 10 105 95 29 121 119 22 75 6 0 36 118 9
    46 57 90 70 53 113 79 116 15 99 88 13 110 27 93 14 100 96 19 60 15
    45 23 47 25 54 126 119 40 97 43 47 66 30 124 63 81 8 4 16 70 59 95
    34 31 111 11 84 52 106 46 82 126 42 100 83 88 0 45 1 36 59 27 57 65
    35 37 3 60 10 44 41 118 88 126 80 123 17 29 112 96 70 10 126 55 125
    21 32 35 4 37 31 95 117 69 19 101 22 78 38 105 79 97 82 43 36 32 111
    18 99 85 36 86 27 87 100 61 87 0 123 117 12 94 2 111 36 11 87 119 16
    89 8 120 126 15 32 105 50 85 69 81 11 119 60 28 69 77 107 112 119
    119 69 44 52 20 56 106 82 122 8 118 44 79 117 2 29 62 83 81 67 102
    124 102 106 78 66 47 24 114 24 50 78 77 2 65 70 102 117 11 36 0 100
    19 84 53 63 2 53 94 18 81 126 73 44 111 63 23 71 35 103 0 53 62 1 20
    118 16 11 33 65 65 10 35 44 54 40 2 53 93 84 107 103 33 48 108 53
    109 62 117 119 122 65 12 124 106 97 47 8 57 21 56 97 105 76 92 122
    68 34 119 46 87 90 2 126 48 51 123 10 111 91 61 83 30 18 111 99 90
    120 115 99 47 85 33 106 118 47 17 9 19 51 45 54 17 62 51 113 6 79 53
    48 73 74 58 125 73 50 56 29 27 48 60 21 26 85 60 87 83 22 111 19 68
    9 52 68 63 23 105 85 65 68 14 24 120 120 22 44 83 58 37 57 91 93 76
    10 84 13 101 76 48 40 62 71 108 66 125 45 34 51 67 43 111 14 2 18
    124 26 10 59 77 112 34 35 79 45 118 37 114 102 87 26 104 94 32 111
    29 21 105 117 61 14 93 69 108 32 3 116 16 118 1 77 84 64 125 99 28
    23 26 82 57 51 82 1 3 124 123 71 23 115 82 43 51 51 53 115 14 4 16
    63 1 66 87 44 0 61 7 68 95 0 96 84 7 29 116 35 52 88 79 58 17 77 99
    45 50 104 26 116 23 88 36 127 69 91 96 30 1 66 34 88 104 90 71 90 90
    16 107 117 71 11 47 11 99 48 8 38 105 85 94 53 6 107 29 18 82 31 117
    20 84 60 15 124 124 95 38 95 85 69 58 43 69 111 71 52 62 79 102 46 1
    61 73 72 28 4 100 31 79 4 28 76 83 97 36 9 120 56 23 51 36 67 81 77
    68 85 61 91 60 49 102 10 88 89 23 36 124 56 48 55 31 104 93 120 92
    69 92 76 5 70 110 126 67 114 42 114 127 6 33 5 119 18 95 10 64 37 79
    85 103 97 4 123 105 60 10 70 115 70 102 112 65 124 39 24 30 11 67 79
    28 123 15 60 84 87 37 46 24 117 68 82 20 121 77 13 101 93 98 67 16
    15 105 49 14 96 49 5 28 50 37 5 28 3 67 70 25 98 102 104 118 113 102
    108 59 80 126 72 122 4 25 125 35 98 93 114 20 98 38 74 57 6 101 97
    49 117 123 61 73 30 39 9 94 93 1 9 91 73 39 116 87 77 39 122 71 77
    25 54 38 125 108 36 1 125 114 54 71 57 46 97 29 72 94 115 110 44 19
    96 79 77 14 58 5 38 97 83 14 38 6 68 60 77 116 24 43 51 68 83 71 121
    59 120 86 97 112 35 4 35 110 62 118 65 3 68 75 9 37 15 118 97 36 61
    18 18 91 1 89 8 68 99 112 4 112 68 55 117 111 39 34 125 53 3 22 120
    54 50 51 32 51 99 45 100 7 125 54 9 122 125 89 14 1 83 26 65 43 101
    123 75 66 101 71 120 89 89 21 74 121 123 26 112 51 91 60 78 31 96 7
    94 5 104 71 84 79 8 106 57 58 15 51 73 76 26 7 24 109 84 116 97 20
    100 82 120 60 69 121 29 63 0 122 92 103 34 114 126 15 72 127 2 62 75
    70 67 86 119 56 56 52 90 102 37 105 66 105 37 64 25 103 94 59 46 35
    10 87 4 126 9 113 12 10 79 110 80 9 43 20 28 43 112 40 57 3 33 119
    14 121 116 58 15 63 85 88 116 45 25 98 101 23 118 22 28 44 86 36 3
    58 105 106 30 30 91 125 60 44 67 8 39 19 96 22 60 38 27 96 0 107 80
    17 6 72 110 73 2 1 13 31 24 121 75 11 110 104 71 76 12 7 55 23 92 45
    34 40 68 53 40 87 46 31 41 100 31 6 1 97 73 98 91 62 61 52 24 18 108
    111 109 92 73 61 33 62 81 88 106 60 97 14 79 8 101 68 108 61 13 22
    104 26 90 32 13 91 81 109 76 19 21 87 2 56 35 4 70 108 126 11 25 67
    90 108 105 32 119 9 56 41 74 42 12 9 2 25 85 28 43 116 98 37 6 117
    37 48 19 3 120 84 69 72 58 19 20 83 75 98 69 10 112 120 63 22 74 121
    101 56 120 121 35 17 127 33 101 90 123 8 76 44 60 60 45 56 109 95
    108 123 30 79 70 82 42 107 9 104 29 9 106 25 53 20 44 59 88 126 93
    114 101 127 49 99 110 57 17 33 74 1 117 38 61 47 11 56 27 111 48 1
    60 3 11 28 92 66 106 104 124 25 70 105 76 62 19 89 117 31 116 25 108
    72 96 4 62 96 12 41 73 51 53 94 84 3 97 17 28 124 81 16 11 36 12 94
    12 85 17 113 66 7 105 39 118 29 2 32 88 70 59 71 97 64 59 25 106 104
    122 77 44 5 88 10 78 78 51 67 107 95 35 9 0 64 104 32 127 35 48 20
    120 31 75 2 17 23 4 82 7 3 28 113 17 110 87 105 18 87 38 5 27 86 100
    120 122 107 49 44 15 96 72 31 22 91 10 67 42 58 2 38 2 83 13 27 100
    102 20 52 22 125 13 58 102 50 126 102 108 91 85 116 22 69 73 62 16
    47 78 10 96 18 69 25 63 66 104 71 63 117 0 43 30 113 55 127 6 83 79
    25 91 101 7 105 2 25 62 123 10 62 66 31 53 41 99 15 50 55 0 95 13 48
    103 50 22 63 108 39 82 27 10 106 58 29 47 120 63 85 20 127 126 69
    116 125 2 109 117 30 14 109 3 88 6 29 119 103 71 71 9 50 87 65 114
    18 56 70 123 21 107 70 31 29 95 21 116 25 0 17 107 78 84 66 66 13 17
    100 25 80 123 117 108 60 40 54 29 94 21 75 42 122 51 67 32 0 11 68
    21 127 1 51 121 22 90 114 112 68 41 16 42 20 57 2 7 34 10 17 86 98
    32 95 105 89 81 30 68 52 119 53 6 39 0 15 20 47 108 117 17 34 61 62
    115 118 60 90 35 109 119 101 62 4 25 61 75 117 68 18 12 73 15 62 31
    82 3 6 112 3 101 85 101 116 71 65 44 32 41 30 77 40 45 95 118 45 66
    31 54 107 81 77 58 66 11 110 20 59 108 111 127 3 86 55 15 44 4 66 67
    93 41 67 94 117 97 89 42 40 38 6 26 49 85 4 46 123 99 57 34 98 48 77
    41 44 88 13 33 48 114 127 115 14 71 50 87 82 60 104 12 118 125 85 57
    32 72 63 41 48 90 3 50 121 107 114 71 106 81 32 6 60 90 75 91 5 14
    11 15 126 70 65 51 93 10 27 8 108 77 89 60 13 48 125 21 91 13 86 24
    11 107 62 70 44 36 68 39 20 70 29 95 104 48 67 127 19 6 99 80 53 75
    73 81 108 73 39 3 98 17 118 127 120 102 2 93 100 93 16 89 17 127 97
    82 64 36 81 27 114 8 4 77 28 0 78 2 99 28 70 47 16 12 2 124 38 73 6
    72 43 111 66 8 38 4 4 127 93 117 112 124 72 21 122 1 42 64 54 8 1 21
    5 100 54 76 7 15 24 44 10 18 55 24 15 122 120 10 45 9 22 91 88 67
    116 20 121 16 22 31 34 79 125 70 99 125 34 58 35 7 14 35 80 35 125
    81 64 108 6 7 54 7 21 11 20 60 50 51 108 86 15 114 50 125 117 79 96
    111 102 56 53 46 22 84 26 124 120 74 73 108 121 89 42 76 108 26 65
    86 27 1 0 18 7 110 109 75 33 74 78 82 48 41 25 121 76 105 58 13 23 2
    85 107 1 83 35 32 88 91 106 52 122 75 3 88 80 37 93 80 77 50 54 46
    93 4 32 47 65 57 85 103 50 97 124 8 127 122 74 0 86 75 100 51 24 109
    54 123 72 14 60 76 65 121 99 60 71 27 88 31 102 119 51 37 57 112 4
    121 15 123 44 107 59 21 53 123 59 103 105 69 71 103 4 5 73 31 55 46
    59 23 67 52 60 49 108 9 20 15 59 87 95 120 100 125 21 70 34 97 88 92
    53 79 119 101 86 50 99 123 89 27 6 69 26 115 121 117 55 19 77 42 79
    21 50 11 60 92 122 11 65 26 73 115 13 7 35 63 8 42 22 71 48 82 6 127
    45 6 108 25 101 88 10 125 85 121 73 51 91 29 45 110 87 4 90 79 16 81
    40 3 1 7 29 24 100 36 84 127 42 102 43 11 94 119 34 4 38 87 47 73 79
    4 27 21 44 10 116 118 2 108 63 59 7 13 54 75 112 88 9 94 0 61 21 12
    49 5 56 15 27 92 38 45 62 25 54 26 10 78 111 21 113 125 7 91 51 64
    28 53 96 39 111 49 31 83 95 115 3 77 33 98 9 49 52 51 61 112 101 13
    96 3 36 42 87 45 38 71 40 15 26 64 100 46 110 42 31 108 81 110 97 75
    17 53 65 88 81 96 121 118 67 27 6 68 69 23 121 48 110 11 81 63 59 29
    119 123 77 43 17 30 26 64 56 59 36 62 7 37 66 6 75 67 94 116 127 66
    64 110 2 5 115 127 45 86 113 8 62 113 10 109 21 127 118 99 122 9 123
    89 1 126 40 79 107 68 80 17 86 96 47 7 73 53 65 6 107 29 73 40 17 96
    79 105 112 120 77 51 101 28 69 5 58 16 118 26 127 113 70 22 29 43 96
    72 10 95 123 105 84 91 92 96 86 80 16 96 10 11 112 48 5 100 121 78
    84 19 118 115 9 114 123 26 4 63 103 31 116 120 44 31 35 97 7 99 92
    61 51 93 40 114 7 65 2 114 73 80 127 87 35 122 92 48 6 37 27 14 7 6
    101 90 29 8 74 103 83 126 35 52 68 83 88 92 70 42 63 112 93 88 59 14
    51 25 16 18 86 102 89 24 106 119 113 109 5 24 112 0 68 101 61 90 79
    33 93 62 85 45 41 37 30 78 13 78 61 108 69 27 13 58 105 29 32 73 57
    9 20 15 107 85 26 59 15 1 54 11 74 121 11 13 92 14 108 6 123 45 48
    64 1 110 19 127 78 113 105 67 69 49 124 9 84 68 20 109 90 81 71 114
    102 86 1 124 92 85 21 53 102 10 106 12 115 46 111 53 36 59 82 23 113
    98 24 42 69 23 110 91 88 35 30 22 72 0 75 3 88 39 98 41 114 65 60 82
    87 118 89 54 118 49 9 112 125 84 109 117 52 106 7 82 105 21 84 40 63
    70 69 49 27 9 124 52 109 108 101 22 110 60 65 64 21 47 53 65 75 66
    98 74 13 103 92 117 125 73 125 100 40 106 20 81 23 12 73 3 120 10 30
    18 84 4 108 42 83 66 88 65 9 87 95 99 59 61 27 85 88 77 83 76 52 81
    117 73 2 18 112 21 90 113 68 36 118 78 67 45 126 81 0 92 29 83 31 33
    65 67 8 105 16 85 40 71 68 83 99 104 85 89 82 81 116 27 13 113 35 37
    42 31 62 72 60 2 10 46 18 125 70 111 69 31 82 0 115 93 43 59 30 71
    40 82 21 88 114 20 32 61 121 85 38 79 105 42 109 52 22 45 98 52 29
    50 37 26 61 69 122 93 0 105 108 97 37 83 42 17 54 83 99 109 12 53 81
    87 120 50 87 105 14 1 110 119 89 84 104 105 75 11 13 23 111 106 45
    117 12 27 63 38 108 2 35 77 100 36 24 108 108 108 13 92 96 89 48 83
    6 60 42 24 2 27 52 76 121 112 56 110 95 45 18 35 84 40 36 127 71 90
    53 24 62 25 63 15 101 90 70 120 79 3 15 99 82 107 12 123 31 25 59 12
    40 19 118 3 45 4 107 110 50 79 57 85 13 113 67 7 109 12 50 31 101 22
    65 110 3 82 116 37 77 83 102 121 73 78 22 9 51 126 11 62 114 4 84 46
    38 62 62 71 53 24 58 40 89 0 67 77 110 94 0 53 81 96 2 79 61 17 48
    18 119 28 49 32 86 52 16 113 75 39 93 123 97 108 13 26 51 45 34 34
    127 31 65 46 15 7 16 108 54 61 98 98 100 51 73 112 13 50 63 22 63 50
    109 91 113 96 24 21 118 17 92 127 9 116 116 65 50 66 85 120 89 35 84
    38 85 79 13 31 111 74 22 0 45 60 54 74 57 43 40 67 20 42 125 28 38
    30 6 28 15 51 22 30 63 42 49 71 39 43 70 40 106 83 49 15 107 51 5 41
    2 38 120 22 6 116 41 78 7 37 14 42 74 79 17 109 4 6 116 81 30 51 78
    35 44 38 49 18 41 55 21 44 88 83 53 101 34 70 110 86 42 110 62 59 91
    23 76 17 21 119 47 13 43 97 85 22 82 43 71 2 1 91 52 24 8 38 8 99 6
    108 37 88 97 116 62 52 113 71 125 121 10 10 127 34 14 48 35 78 51 7
    9 83 28 21 35 85 107 44 67 39 97 78 45 113 64 47 34 85 98 56 108 58
    38 34 6 23 42 40 70 8 113 16 108 29 79 12 9 120 125 0 22 97 47 46 3
    20 69 90 99 107 40 21 127 13 35 85 118 91 41 108 64 112 57 15 119 72
    107 5 11 63 67 95 32 2 46 60 90 94 4 52 83 40 123 123 6 110 120 80
    46 28 117 23 88 31 1 39 84 90 94 30 4 116 65 31 120 77 119 20 121 56
    35 126 9 41 8 98 52 20 102 108 101 56 86 18 70 84 120 3 124 9 73 79
    33 101 20 117 82 106 4 31 46 65 51 77 52 24 55 16 89 119 94 97 98 37
    24 125 14 32 34 17 108 85 28 125 30 8 3 51 122 120 119 105 109 15 60
    95 98 113 53 88 103 73 11 3 118 107 55 91 76 5 109 25 77 0 42 68 27
    79 89 43 18 74 114 29 77 113 101 0 22 82 68 85 60 26 108 26 124 89
    36 11 55 101 73 62 73 81 90 62 52 32 37 110 33 4 0 127 93 87 44 17
    23 114 11 101 22 20 19 107 75 24 9 52 57 67 37 19 34 98 38 116 84
    110 99 60 90 56 91 70 58 77 65 115 56 14 11 106 127 79 22 23 1 102 4
    34 118 51 64 53 92 120 33 85 121 86 70 100 36 95 91 66 21 55 114 29
    92 14 20 25 34 51 9 56 54 27 31 126 73 13 126 91 73 24 89 122 67 115
    69 28 52 32 108 105 14 120 54 36 68 34 91 125 22 47 69 18 0 98 51
    115 50 101 85 100 103 51 126 111 57 54 15 117 60 55 89 30 7 22 87 42
    27 48 50 34 58 97 26 51 15 82 66 21 55 87 14 107 97 79 108 13 62 57
    110 114 94 76 4 104 1 120 2 85 114 44 67 89 89 112 109 37 25 0 96 28
    59 44 18 112 78 46 86 19 107 115 33 119 58 41 6 62 23 22 40 55 85 21
    111 77 17 100 79 100 28 74 72 88 46 20 39 87 40 120 116 5 37 112 44
    8 77 126 0 46 16 105 111 8 51 74 58 67 15 32 52 93 86 92 112 122 4
    65 69 77 64 65 66 72 30 92 77 103 38 120 61 39 11 9 23 106 116 49
    117 49 125 101 86 4 101 66 125 3 84 109 83 107 116 22 20 64 126 38
    72 51 105 64 126 97 83 4 5 98 109 54 85 27 31 26 101 19 82 32 75 108
    22 92 30 22 91 83 103 29 71 91 83 45 111 98 15 14 116 113 70 58 57
    41 79 93 8 9 99 120 6 19 34 33 15 3 62 62 11 112 14 0 92 25 117 17
    103 54 70 43 123 5 43 21 62 89 85 67 48 6 84 15 125 41 122 126 125
    94 66 39 14 49 10 6 27 93 24 76 57 19 40 78 119 62 8 27 122 30 14 49
    73 67 100 75 2 79 116 46 26 40 55 44 119 103 29 124 81 35 36 61 39
    34 45 26 74 71 44 0 55 77 9 40 3 6 9 115 100 118 111 91 65 33 78 86
    95 96 96 49 7 16 31 124 74 57 37 121 102 78 92 2 127 21 55 43 43 40
    83 114 117 103 119 42 122 72 7 105 32 0 32 23 99 117 59 6 112 75 88
    107 68 26 12 14 44 16 113 121 24 11 67 82 63 29 53 71 95 36 123 47
    119 95 1 12 47 127 30 16 78 41 102 104 0 2 111 13 48 19 121 83 89 94
    28 87 44 70 71 109 110 1 10 47 70 88 46 90 99 88 74 45 99 71 1 6 6
    37 66 50 90 80 6 80 104 24 98 88 102 26 124 35 27 22 47 38 20 118 30
    19 60 10 78 81 113 121 2 105 74 73 55 106 101 92 16 93 117 39 103 18
    29 96 120 49 125 112 90 81 114 61 119 116 122 11 121 3 50 127 87 60
    1 14 117 18 36 90 21 111 7 101 120 106 120 10 13 26 46 107 87 1 16
    97 63 1 126 54 22 69 90 93 68 69 54 105 60 99 125 49 79 85 62 3 103
    64 14 67 94 5 117 74 57 78 27 110 53 11 57 60 43 88 5 33 54 12 101
    108 34 104 31 115 71 13 118 35 29 12 13 87 96 86 110 125 44 77 66 94
    105 76 50 11 83 72 67 118 30 30 51 3 58 98 98 117 112 57 103 87 117
    10 31 111 31 107 79 73 29 111 9 101 2 73 67 33 61 73 6 59 5 100 12
    76 39 57 65 109 104 92 84 114 18 94 46 123 55 48 46 99 84 18 111 89
    63 55 28 2 67 64 55 44 55 103 62 36 54 71 117 5 123 78 100 87 100 70
    116 50 36 17 112 73 14 12 29 80 114 67 39 2 19 78 93 77 56 42 107 87
    51 90 85 123 53 49 15 121 124 63 64 6 27 86 73 108 124 110 43 23 97
    64 115 30 25 82 61 45 46 53 0 42 25 25 68 60 112 109 100 112 20 22
    60 104 53 13 25 44 64 39 49 102 10 47 109 116 57 64 4 30 90 84 19
    117 4 34 34 32 29 59 46 74 29 98 67 38 123 106 123 95 89 118 95 123
    34 98 47 66 79 3 5 77 56 25 71 43 109 72 80 10 111 68 20 58 21 63 96
    37 69 112 118 23 70 93 101 3 93 117 88 125 97 68 42 69 95 101 9 8
    110 101 50 80 109 78 100 122 14 102 13 22 42 98 85 0 119 50 41 35 3
    70 65 56 16 30 114 53 70 11 68 121 80 29 46 83 58 56 10 66 99 4 21
    22 56 86 25 90 35 90 11 16 27 106 127 67 1 60 91 106 108 97 46 67 63
    102 52 71 20 57 94 44 107 13 11 120 85 97 75 55 41 63 22 53 3 47 51
    119 113 95 10 83 1 84 87 87 82 116 80 86 51 77 78 125 96 62 73 100
    73 118 84 98 53 31 71 103 33 21 15 16 41 47 9 55 30 69 66 22 110 4
    54 116 76 109 49 0 85 17 52 23 40 75 115 35 37 28 27 109 83 96 108
    43 21 72 104 115 54 42 63 70 100 78 30 80 60 39 7 100 57 116 31 24 4
    21 79 74 82 84 78 117 23 86 53 121 113 5 28 19 113 25 66 47 76 95 99
    104 123 121 118 25 73 63 109 20 89 104 19 20 64 7 5 26 110 111 101
    119 82 6 124 39 110 69 64 115 55 45 56 39 85 7 25 27 81 105 68 58 8
    102 78 93 105 25 25 7 91 87 69 1 111 127 18 45 50 4 9 80 105 74 82
    14 122 67 71 4 70 66 111 69 29 98 7 0 16 6 56 18 81 49 124 94 100 58
    37 101 126 72 69 42 25 70 86 108 59 126 80 94 8 75 59 67 6 14 25 110
    34 113 19 2 44 25 36 75 108 15 77 89 65 67 11 49 84 84 43 84 4 34 42
    9 56 99 57 88 65 116 20 115 101 35 4 39 113 13 110 80 39 55 113 60
    64 117 124 122 76 122 66 36 68 98 127 125 42 49 4 9 92 31 59 114 20
    107 31 85 21 26 85 84 87 35 37 123 91 85 78 125 72 79 1 127 102 12
    71 1 96 88 43 44 95 102 91 57 20 47 21 80 117 31 47 1 17 115 117 90
    86 48 16 108 90 83 103 39 35 55 6 60 119 42 100 17 117 66 42 45 50
    43 2 95 57 91 58 23 126 110 8 28 33 84 28 105 16 68 110 87 71 2 35
    98 80 49 33 7 111 69 87 32 64 96 30 86 96 11 5 112 127 39 13 70 93
    104 94 86 9 66 11 13 22 108 35 72 34 99 112 30 87 82 8 71 15 106 69
    76 20 110 30 7 58 43 91 29 65 93 38 102 103 52 83 119 84 13 65 52 76
    36 25 127 58 64 106 39 31 17 31 28 11 42 75 126 10 116 43 28 127 50
    86 109 19 41 46 1 126 89 49 116 58 18 125 87 65 9 2 25 41 37 81 37
    95 38 1 72 35 76 73 44 74 117 112 34 127 75 100 14 26 63 20 50 104
    112 48 65 99 108 37 15 7 23 43 58 37 56 1 35 124 38 119 87 15 83 53
    15 89 115 8 82 19 12 109 116 31 31 67 105 0 125 80 102 53 20 11 73
    19 73 38 5 110 1 67 44 0 117 64 68 36 35 6 96 82 68 13 8 100 26 65
    64 24 8 43 27 24 105 83 76 98 3 125 65 82 110 36 18 22 14 22 61 57
    14 39 21 60 56 120 6 29 74 84 70 56 99 46 79 108 26 41 119 98 87 52
    43 72 80 33 83 70 51 23 0 52 59 47 53 120 28 63 69 61 118 74 103 26
    76 108 123 46 10 90 53 66 118 17 109 66 69 9 111 71 89 120 108 23
    107 100 41 78 88 124 32 50 68 83 78 47 55 63 59 100 53 117 89 125 88
    105 11 15 126 93 22 75 72 72 28 54 111 113 72 127 65 94 77 63 1 53 5
    6 97 25 6 32 64 64 25 38 27 76 116 75 60 79 21 37 6 87 58 53 23 66
    47 30 35 49 100 4 84 104 35 90 10 86 86 103 12 16 90 114 89 26 95 72
    30 34 46 62 30 45 46 124 39 42 68 110 112 81 124 124 73 7 45 56 82
    19 99 69 56 44 31 106 38 65 51 52 14 110 74 104 20 71 13 106 96 11
    17 60 12 99 89 63 104 106 48 100 6 89 48 81 47 38 32 24 100 82 34 56
    33 2 58 102 100 127 86 70 120 71 99 1 61 27 19 41 24 94 66 71 107 39
    110 88 9 124 40 83 9 20 54 77 65 15 60 22 64 57 34 77 77 90 110 30
    18 92 27 39 61 123 34 3 16 19 113 6 54 33 117 83 18 118 38 98 29 99
    42 55 74 115 109 21 78 83 22 32 26 115 97 35 28 37 6 88 119 66 107
    103 123 125 55 34 76 82 13 90 26 117 54 50 13 121 85 52 20 19 57 81
    7 15 99 127 57 50 42 23 40 83 65 118 53 7 86 79 34 119 89 116 94 109
    11 83 24 31 100 52 85 87 53 72 118 64 70 32 116 89 105 0 61 103 13
    73 81 103 87 15 115 68 118 95 34 31 123 28 127 101 28 125 12 100 59
    1 101 90 105 106 26 27 68 43 83 56 17 28 77 25 82 48 43 101 45 65 54
    21 8 123 46 115 126 54 110 25 82 56 53 57 70 21 47 54 6 36 123 103 0
    67 116 48 106 40 77 109 7 46 60 35 4 113 16 125 75 125 49 53 10 33
    113 123 40 120 14 56 88 119 70 100 55 69 16 45 6 13 50 117 10 91 44
    86 0 64 89 42 111 78 81 112 83 34 58 32 81 49 8 50 81 13 69 126 125
    75 77 68 64 110 107 53 19 94 7 87 71 0 69 126 105 93 1 25 80 94 40
    80 28 40 45 43 104 11 10 37 19 103 96 14 74 102 52 70 57 47 61 113
    17 45 116 2 99 33 123 52 48 63 40 108 83 0 91 55 89 19 78 91 22 15
    83 73 118 36 41 9 40 46 16 38 46 19 90 16 93 85 1 56 2 61 124 2 119
    34 96 1 32 35 99 125 84 60 96 51 82 110 16 65 7 75 32 0 42 70 25 46
    118 126 101 35 36 47 114 10 50 91 22 3 21 103 52 93 1 68 100 65 13
    57 37 4 15 107 109 12 32 67 7 95 82 19 98 103 104 58 115 32 107 82
    69 37 72 68 19 115 35 23 36 32 71 24 20 113 32 84 7 98 22 83 42 103
    23 87 24 84 83 84 85 82 89 28 6 45 5 19 118 87 101 90 93 119 104 78
    101 48 123 106 81 98 6 86 20 16 21 97 97 88 102 78 108 8 99 16 45
    122 13 65 110 71 57 127 89 84 85 79 30 98 94 64 106 10 19 57 36 102
    116 54 63 125 69 15 63 1 39 44 123 34 82 102 80 34 87 98 116 97 107
    48 16 9 76 92 7 96 43 13 39 29 59 50 127 37 38 37 79 118 20 40 98 36
    32 64 0 66 110 123 45 110 85 63 54 66 91 98 48 10 14 27 3 57 45 93
    104 47 78 97 78 69 40 28 120 54 36 122 61 1 86 58 112 114 75 107 0
    43 81 64 117 7 125 22 103 51 106 39 60 62 4 109 39 116 93 47 90 89
    15 106 10 51 110 64 94 127 11 109 87 41 82 13 109 97 89 41 46 94 31
    30 71 76 66 83 99 127 22 47 119 58 58 33 5 19 112 43 59 33 80 94 66
    30 63 39 127 101 51 1 80 62 51 66 53 40 69 94 86 57 121 111 126 122
    42 40 26 44 30 37 99 53 103 34 46 107 54 17 53 127 119 26 20 37 111
    66 74 45 100 46 15 38 66 116 43 83 44 86 123 99 105 104 113 13 57
    109 75 76 125 55 21 25 97 116 13 111 78 31 91 113 97 11 59 127 23 35
    77 33 96 73 63 58 110 18 69 37 78 25 98 51 34 103 117 17 1 28 79 75
    111 91 102 18 14 77 101 62 106 40 60 84 92 94 104 62 113 7 18 28 85
    44 105 76 115 5 27 90 47 31 61 38 77 1 101 100 99 84 72 38 84 123 76
    6 91 47 76 127 106 100 28 96 4 111 23 30 81 0 41 127 117 79 36 24 38
    14 63 93 60 107 104 58 64 18 115 93 122 48 114 19 65 2 44 54 110 69
    115 114 21 104 112 103 62 99 111 20 20 9 112 109 93 15 87 31 40 0
    118 47 54 100 8 24 123 120 97 86 63 90 121 123 70 83 100 87 124 20
    22 46 40 66 48 3 81 13 87 80 42 126 20 65 48 23 44 84 31 16 74 106
    18 49 23 114 125 68 52 42 18 87 110 111 93 115 8 49 113 69 126 19 62
    115 122 35 112 84 89 9 1 51 60 84 39 12 127 28 86 64 35 122 30 57 41
    41 35 10 38 84 27 97 60 47 125 61 72 63 59 27 80 125 70 58 93 25 2
    81 57 72 70 8 39 116 65 82 51 23 107 57 14 100 120 26 72 104 6 48 64
    71 23 95 100 114 100 107 119 114 76 8 61 26 126 95 121 95 84 101 63
    2 56 42 33 24 115 121 107 55 127 83 20 115 83 4 48 33 39 115 22 124
    52 34 126 98 31 34 25 127 122 102 80 124 45 5 65 39 5 66 47 53 10
    107 2 106 96 77 39 124 45 57 98 2 29 19 102 59 79 84 84 80 9 61 17
    116 49 64 4 108 85 18 63 68 41 20 101 114 69 36 8 48 123 89 120 16
    84 115 35 11 121 94 113 23 47 103 43 114 115 82 102 70 126 33 97 120
    108 109 82 114 37 35 125 7 22 83 119 77 62 3 24 118 112 0 14 19 83
    43 25 83 125 68 67 26 55 42 25 0 13 104 34 79 62 0 18 56 78 27 111
    69 62 90 24 90 52 85 39 78 26 114 34 120 47 77 122 97 111 79 98 53
    108 91 55 41 1 80 19 41 72 89 26 2 114 59 76 74 107 20 16 44 27 57 8
    21 124 91 29 46 111 47 117 16 43 85 70 119 9 100 6 42 125 51 2 61
    114 64 36 91 75 115 10 33 65 2 113 49 27 62 35 100 41 22 0 92 82 90
    27 0 28 109 49 52 90 29 35 87 99 98 46 110 116 84 58 98 7 18 38 25
    32 98 28 107 76 86 7 61 64 99 60 52 90 42 121 40 61 27 64 17 54 96
    25 6 111 9 109 113 114 127 36 43 110 67 71 57 14 50 68 29 22 77 88
    111 66 112 15 22 47 6 109 112 108 7 59 49 63 88 24 115 12 2 37 43 71
    105 73 16 19 81 53 124 26 92 7 101 108 46 60 30 92 106 121 94 19 10
    7 51 98 97 113 122 70 121 80 108 42 18 2 48 38 86 123 112 78 38 91
    100 96 53 123 103 112 41 1 54 34 14 45 119 66 47 123 105 71 34 103
    120 82 109 43 53 17 84 100 43 83 23 49 11 77 36 66 92 54 92 62 14 96
    26 48 84 12 20 4 111 109 99 55 32 111 21 20 46 113 10 79 35 37 74 57
    42 94 41 116 88 10 104 29 76 124 51 107 25 127 108 109 63 94 26 31
    31 67 77 94 41 14 26 8 64 73 44 33 105 9 79 45 29 50 56 127 58 122
    92 29 120 33 5 45 104 49 38 14 123 100 12 56 43 49 38 12 111 19 35 8
    45 50 45 93 89 96 88 109 14 42 43 12 11 64 31 35 51 108 80 57 108
    103 29 51 32 105 126 72 111 31 13 126 42 98 27 93 105 82 103 40 114
    109 62 57 38 17 1 25 36 5 59 67 117 10 6 43 27 48 21 81 127 120 126
    86 65 104 107 71 91 41 24 24 57 12 77 57 92 0 34 17 97 12 95 17 67
    91 33 49 88 86 110 68 70 56</data></input>
<my_img type_id="opencv-matrix">
  <rows>256</rows>
  <cols>256</cols>
  <dt>u</dt>
  <data>
    61 61 62 62 63 63 63 62 63 62 63 63 63 61 60 58 57 56 57 59 61 63 66
    69 73 76 79 80 79 76 73 69 65 61 59 57 57 58 59 60 61 62 62 63 64 65
    65 65 65 63 61 59 59 59 61 63 64 66 66 67 66 66 65 64 64 65 66 68 70
    72 74 75 75 74 73 70 68 66 64 64 63 63 62 62 62 62 62 62 61 60 59 60
    62 64 67 70 73 74 74 73 72 69 67 65 63 62 60 60 59 58 56 54 52 51 51
    52 55 59 63 67 69 71 70 69 69 68 68 67 66 65 63 62 61 60 58 55 52 50
    49 49 51 54 57 60 63 65 67 67 66 64 61 58 55 54 53 52 53 56 59 62 64
    65 63 60 56 53 52 52 54 56 59 62 64 66 68 69 70 70 70 70 70 70 69 69
    68 66 64 61 59 57 56 56 56 57 58 60 61 62 61 61 60 60 59 60 62 63 64
    64 63 61 58 56 55 55 57 59 62 65 67 69 68 67 64 62 59 58 56 56 56 57
    59 60 61 62 63 65 66 67 67 67 65 63 60 59 57 58 58 60 60 59 58 56 54
    52 52 52 61 61 62 62 63 63 63 63 63 62 63 63 63 61 60 58 57 57 58 59
    61 63 66 68 72 76 78 79 78 76 72 68 64 61 58 57 57 58 59 60 61 62 62
    63 64 65 65 65 64 62 61 59 59 59 61 63 64 65 66 67 66 66 65 64 64 64
    66 68 70 72 74 75 75 74 73 70 68 66 64 64 63 63 62 62 62 62 62 62 60
    59 59 59 61 64 67 70 72 73 74 73 71 69 67 64 62 61 60 59 58 58 56 54
    53 51 51 53 55 59 63 67 69 70 70 69 69 68 68 67 66 65 63 62 61 60 58
    55 52 50 49 50 52 54 57 60 63 66 67 68 66 64 61 59 56 55 54 53 54 56
    59 63 64 65 63 60 56 53 52 52 54 56 59 61 63 65 67 68 69 70 70 70 69
    69 69 69 68 66 64 61 59 56 56 56 56 57 58 59 60 61 61 61 60 60 60 61
    62 63 64 64 63 61 58 56 55 55 56 59 62 65 67 68 68 66 64 62 59 58 56
    56 56 57 59 60 61 63 63 65 66 67 67 66 64 62 60 58 57 58 59 60 60 59
    58 56 54 52 52 52 62 62 63 63 63 63 63 62 62 62 62 62 62 61 60 58 58
    57 58 60 62 63 66 68 72 75 77 78 77 75 71 67 63 60 57 56 56 57 58 59
    59 60 61 62 63 64 65 64 63 62 60 59 59 60 62 63 65 65 66 66 66 65 65
    64 64 64 65 67 69 71 74 75 76 75 73 71 68 66 64 63 63 63 62 63 62 63
    62 62 61 59 59 59 61 63 66 69 70 72 72 71 69 67 65 63 61 60 58 58 57
    56 55 54 53 53 53 54 56 60 63 66 69 70 70 70 69 69 69 69 68 67 65 65
    64 62 60 57 54 52 51 52 54 56 59 62 65 67 68 69 68 66 63 61 58 57 55
    55 56 57 60 63 65 65 64 61 58 55 53 52 54 56 58 60 62 64 66 67 68 69
    69 69 69 68 68 68 67 66 64 61 59 57 57 56 57 57 58 59 60 61 61 61 60
    60 60 61 62 63 64 64 63 61 59 56 55 55 56 58 61 64 66 68 67 66 64 62
    59 58 56 56 57 58 59 61 62 63 63 64 65 65 65 64 62 61 59 57 57 58 59
    60 61 60 58 56 54 53 52 52 63 64 64 64 64 64 63 62 61 61 61 61 61 61
    60 59 58 58 59 61 62 64 66 68 71 74 76 77 76 73 69 64 61 58 56 55 56
    56 57 58 58 59 60 62 63 65 65 64 63 61 60 59 60 61 63 64 65 65 65 65
    65 65 65 64 63 63 65 66 68 71 73 75 76 75 74 71 68 65 64 63 63 62 62
    63 62 63 62 62 60 59 58 59 60 63 65 67 69 69 69 68 67 66 64 62 60 58
    57 56 56 55 55 54 54 54 55 56 58 61 63 66 68 69 69 69 69 70 70 70 69
    68 67 66 65 64 62 60 57 55 54 54 56 58 61 64 66 68 70 70 69 68 66 63
    61 59 58 58 58 59 61 64 65 66 65 63 59 56 55 54 55 56 58 59 61 62 64
    66 67 68 68 68 68 67 67 67 66 65 64 62 60 58 58 57 57 57 58 59 60 61
    61 61 60 60 61 62 63 64 64 64 63 61 59 57 55 55 55 57 60 63 65 67 67
    66 64 62 60 58 57 57 57 58 60 61 63 63 64 64 64 64 63 62 60 58 57 57
    57 58 59 61 61 60 59 57 55 54 53 53 66 66 66 66 65 64 62 60 59 59 59
    59 60 60 60 59 59 59 60 61 63 64 66 68 71 73 75 75 73 70 66 62 58 55
    54 54 54 55 56 56 57 58 60 62 64 65 65 64 62 60 60 60 61 62 64 65 65
    65 64 64 64 65 64 64 63 63 64 65 67 69 72 74 75 74 73 70 68 65 63 63
    62 62 62 63 62 62 62 61 60 59 58 59 60 63 65 66 67 67 67 66 65 64 63
    61 59 58 57 56 55 55 55 55 55 56 57 58 60 61 63 65 67 68 68 69 69 70
    71 70 70 69 68 68 68 67 65 63 60 58 57 57 58 60 63 65 68 70 71 72 71
    70 68 66 64 62 61 60 60 61 63 65 66 67 66 64 61 58 56 55 56 56 57 58
    59 61 63 64 66 67 67 67 67 66 66 65 65 65 64 63 61 60 59 58 58 58 59
    60 60 61 61 61 61 61 62 63 64 65 65 64 63 61 59 57 55 54 55 57 59 62
    64 66 66 65 64 62 60 58 57 57 58 59 61 62 63 64 64 64 63 62 61 59 57
    56 55 56 56 58 60 61 62 61 59 57 56 54 54 54 68 68 67 67 65 63 61 59
    58 57 58 58 59 60 60 60 60 60 61 61 63 64 66 68 70 72 73 73 71 67 63
    59 56 53 53 53 54 55 55 56 57 59 61 63 65 65 65 63 62 60 59 60 61 63
    64 65 65 64 64 63 64 64 65 64 63 63 63 64 65 68 70 72 72 72 71 68 66
    64 63 63 62 62 62 62 62 62 61 60 59 58 58 59 60 62 64 65 65 65 64 64
    64 63 62 61 60 58 57 56 56 56 56 56 57 58 59 60 61 63 63 64 65 66 67
    68 69 70 70 70 69 69 68 68 68 68 67 65 63 61 59 59 60 62 65 67 69 71
    72 73 73 72 71 69 67 65 64 63 63 63 65 66 67 68 68 66 63 60 58 57 56
    56 57 57 58 60 61 63 65 66 67 67 66 65 64 64 64 64 64 63 62 60 59 58
    58 58 59 60 61 62 62 62 62 62 63 63 64 65 65 64 63 61 59 56 55 54 55
    56 58 61 64 65 66 65 64 62 61 60 59 59 60 61 62 64 65 65 65 65 63 62
    59 57 56 55 54 55 56 58 60 61 62 61 60 58 56 55 55 55 70 70 69 68 65
    63 60 58 56 56 56 57 58 59 60 60 60 60 60 61 62 64 65 67 69 71 71 70
    68 65 61 57 54 52 52 52 53 54 55 56 57 59 61 64 65 66 65 63 61 60 59
    60 62 63 64 64 64 63 62 62 63 64 64 64 64 62 62 62 63 65 67 68 69 68
    68 66 65 63 63 63 62 62 62 61 61 60 60 60 59 58 58 59 60 62 64 65 64
    64 63 63 63 63 63 62 61 60 59 58 58 58 57 58 58 60 61 62 63 64 64 64
    65 65 66 67 68 69 70 69 69 68 68 68 69 69 68 67 65 63 61 60 61 62 65
    67 70 72 73 74 74 74 73 71 70 68 67 66 66 66 66 67 69 69 69 67 65 62
    59 58 57 56 56 56 57 58 60 62 65 66 67 66 65 64 63 62 63 63 63 63 62
    61 60 59 58 59 59 61 62 63 63 63 63 63 63 64 65 65 65 64 63 61 59 56
    55 54 55 57 59 62 64 66 66 66 64 63 62 61 60 61 61 63 64 65 66 66 66
    66 64 62 59 57 55 54 54 55 57 58 60 61 61 61 60 58 57 56 56 56 70 70
    69 68 65 63 60 57 56 56 56 57 58 59 60 60 60 60 60 61 62 63 65 67 69
    70 69 68 66 62 59 55 53 52 52 53 54 55 56 57 58 60 62 65 66 66 64 62
    60 59 59 60 62 63 64 64 63 62 61 61 62 63 64 64 63 62 61 61 62 63 64
    65 65 64 64 63 63 62 62 63 62 62 61 60 60 60 60 59 59 58 58 59 60 62
    63 64 63 62 61 61 62 62 63 62 62 62 61 61 61 60 60 60 60 61 63 64 64
    65 64 64 64 64 65 66 67 68 69 68 68 68 68 68 68 68 68 67 66 64 62 61
    61 63 65 68 71 73 75 75 75 75 74 73 71 70 69 68 68 68 69 69 70 70 69
    67 65 62 60 58 57 56 55 55 55 57 59 62 65 67 68 67 66 64 63 62 62 62
    63 63 62 61 60 59 58 59 59 61 62 64 64 64 64 64 64 64 64 65 65 64 62
    60 58 56 56 55 56 58 60 63 65 67 67 67 66 65 64 63 63 63 64 65 66 67
    68 69 68 67 65 63 60 57 56 55 55 56 57 59 59 60 60 60 59 58 58 57 57
    57 70 70 68 67 65 62 60 58 56 56 56 57 58 59 59 59 59 59 59 60 62 63
    65 67 68 68 68 66 63 60 57 55 53 52 53 54 56 57 58 59 60 61 63 65 65
    65 63 61 59 59 59 60 62 63 63 63 62 61 60 60 61 62 64 63 63 61 60 60
    60 60 61 62 62 61 61 61 62 62 63 63 62 62 61 60 59 59 59 59 59 58 58
    58 59 61 62 62 62 61 60 60 61 62 63 63 63 63 63 63 63 63 63 62 62 63
    64 65 65 66 65 64 64 64 64 65 67 67 68 68 68 67 68 68 68 68 68 68 66
    65 63 61 61 62 64 67 71 73 75 76 76 75 74 73 71 70 70 69 70 70 70 70
    71 70 69 66 64 61 59 57 55 54 53 53 54 56 58 62 65 67 69 68 67 65 63
    62 62 62 63 63 62 61 59 58 58 58 59 61 63 65 65 65 65 64 64 64 64 65
    64 64 62 61 59 57 57 56 58 59 62 64 67 68 69 69 68 67 65 65 65 65 66
    67 68 69 70 71 70 70 67 65 62 59 58 57 58 58 59 60 60 60 60 60 59 59
    58 58 58 58 68 68 67 66 64 62 60 59 58 57 57 58 59 59 59 58 59 58 59
    60 61 63 65 66 67 67 65 63 61 58 56 54 54 54 55 57 58 60 61 61 62 63
    64 64 65 64 62 60 58 58 59 60 62 63 63 63 61 60 59 59 60 62 63 63 62
    61 59 58 58 59 59 59 60 60 60 61 62 62 63 63 63 62 61 60 60 60 60 60
    60 59 58 58 58 60 60 61 60 60 59 60 60 61 62 62 63 63 64 65 66 66 65
    64 64 64 64 65 66 66 65 64 63 63 64 65 66 67 67 67 67 67 67 68 68 68
    68 67 67 65 63 62 61 62 64 68 71 74 76 76 76 75 73 72 70 70 69 70 70
    71 72 72 71 70 68 66 63 60 57 55 53 52 51 52 53 55 58 62 65 68 69 69
    68 66 64 63 62 62 62 62 61 60 58 58 57 58 59 61 63 65 66 66 66 65 64
    64 64 64 64 64 63 61 60 59 59 58 60 61 63 66 68 70 70 70 69 68 67 66
    66 67 67 68 70 71 72 73 72 71 69 67 64 62 61 60 60 61 61 61 61 61 60
    60 59 59 59 59 59 59 65 65 65 64 63 62 61 60 59 59 59 59 59 59 58 58
    58 57 58 59 61 62 64 65 65 64 63 60 58 56 55 54 55 56 57 59 61 63 63
    64 64 64 64 64 64 63 61 59 58 58 59 61 62 63 63 62 61 60 59 59 60 62
    62 62 61 60 58 57 57 57 58 58 59 59 61 62 63 64 64 64 63 62 62 61 61
    61 61 61 61 60 59 58 58 58 59 60 59 59 59 59 60 61 61 62 62 63 64 65
    67 67 67 66 65 65 65 66 66 66 65 64 63 63 64 65 66 67 67 67 68 68 68
    68 68 68 67 67 67 66 64 63 61 62 64 68 71 74 76 76 75 73 72 70 69 68
    68 69 70 71 72 72 72 70 68 65 62 59 56 53 52 50 50 50 51 54 57 61 65
    68 69 69 68 66 64 63 63 63 62 62 60 59 57 57 56 57 58 60 62 65 66 67
    67 66 66 65 65 65 65 64 64 63 62 61 61 60 61 63 64 67 68 70 70 71 70
    69 68 67 67 68 69 70 71 72 73 73 73 72 71 69 66 65 64 64 64 64 64 64
    63 62 61 61 60 59 60 59 60 59 63 64 63 63 62 62 61 61 61 61 61 61 60
    60 59 58 58 58 58 59 60 61 62 63 63 62 60 58 57 55 54 54 56 57 59 62
    64 66 67 66 66 65 65 64 64 63 61 59 58 58 59 61 63 64 64 63 61 60 59
    60 61 62 62 62 61 59 57 56 56 56 58 59 60 61 63 64 65 65 65 65 64 63
    63 62 63 62 63 62 62 60 59 58 58 58 58 59 59 59 59 59 60 60 61 60 61
    62 63 65 67 68 68 67 66 65 65 65 66 66 65 64 63 63 63 64 66 66 67 67
    67 68 68 68 68 68 68 68 68 67 66 64 63 63 65 68 71 74 75 75 73 72 70
    68 67 66 66 68 69 71 72 72 72 71 68 65 62 58 55 53 50 49 49 49 51 54
    57 61 65 67 68 69 68 66 65 64 63 62 62 61 60 58 57 56 56 57 58 60 62
    64 66 67 68 68 67 66 66 66 66 65 65 65 64 63 63 62 62 63 65 67 68 70
    70 70 70 69 68 68 68 68 69 70 71 72 72 73 73 72 71 69 68 67 66 66 66
    66 66 66 65 64 63 62 61 60 60 60 60 59 62 63 62 62 62 62 62 62 62 63
    63 62 62 61 60 59 59 58 59 59 60 60 61 60 60 59 57 56 55 54 55 55 57
    59 61 64 67 68 69 69 68 67 66 65 64 63 62 60 59 59 61 62 64 65 65 64
    62 61 60 61 61 62 62 62 61 59 57 56 56 57 58 60 62 63 65 66 67 67 67
    66 65 64 64 64 64 64 64 63 62 61 59 58 58 58 58 59 60 60 60 60 60 60
    60 60 60 60 62 64 67 68 68 68 66 65 65 65 65 65 64 63 62 62 63 64 65
    66 66 67 67 68 68 68 68 68 68 68 69 69 68 66 65 65 66 68 70 72 73 73
    71 70 68 66 65 65 65 67 68 70 71 72 72 71 69 66 63 59 56 53 50 49 48
    49 51 54 57 61 64 66 67 67 67 66 65 64 62 62 61 60 59 58 57 56 56 57
    57 59 60 63 65 67 69 69 69 69 68 68 68 67 68 67 67 65 64 63 63 64 65
    66 67 68 69 69 69 68 68 68 68 69 69 70 70 71 71 71 71 70 70 69 68 67
    67 67 67 68 68 67 67 66 65 64 63 61 61 60 60 60 62 63 63 62 62 62 62
    63 64 65 65 65 64 63 62 61 60 60 60 60 60 60 59 58 58 57 56 55 55 55
    55 56 58 60 62 65 68 70 71 70 69 68 66 66 65 64 63 62 62 62 63 64 66
    66 66 65 63 62 61 61 62 63 63 62 61 60 58 57 57 58 60 62 64 66 68 69
    69 69 68 67 66 66 66 65 66 65 65 64 62 61 59 58 57 58 58 60 61 61 61
    61 61 60 60 59 59 60 62 64 66 68 68 67 66 65 65 65 65 64 63 62 61 61
    62 63 64 65 66 66 66 67 67 68 68 68 69 69 70 70 70 68 67 66 66 68 69
    70 71 70 69 68 67 66 65 65 65 67 68 70 71 71 71 71 69 67 64 61 57 54
    51 49 49 49 51 54 57 60 63 65 66 66 66 65 64 63 62 61 60 60 59 59 58
    57 57 57 57 58 59 61 64 67 69 70 70 70 70 69 69 69 69 68 68 66 65 64
    63 64 65 66 66 67 67 67 67 67 67 67 67 68 68 69 68 68 68 68 68 68 67
    67 67 67 67 67 67 68 68 68 68 67 66 65 64 62 62 61 61 60 63 64 64 63
    63 63 63 64 65 66 66 66 66 64 63 62 62 62 62 61 61 59 58 57 56 55 55
    55 56 56 57 58 59 61 63 65 68 70 71 71 70 68 67 66 66 66 65 65 64 64
    65 66 67 67 67 65 64 62 61 62 62 63 63 63 62 61 60 59 59 60 62 64 66
    68 69 70 71 70 69 68 67 67 67 67 67 66 65 64 63 61 59 58 57 57 58 60
    61 62 62 62 61 61 60 59 59 59 61 63 65 67 67 67 66 65 65 65 64 64 63
    61 61 61 61 63 64 65 65 65 66 66 66 67 68 68 69 70 71 71 71 70 68 67
    66 67 67 68 68 68 68 67 67 66 66 66 67 68 69 70 71 71 71 70 69 67 65
    62 59 56 53 51 50 50 52 54 57 60 62 64 65 65 65 64 63 62 61 60 59 59
    59 59 59 59 58 57 56 57 58 60 63 66 68 70 71 71 71 70 70 70 70 69 68
    67 65 64 63 64 64 66 66 66 66 66 66 66 66 66 67 67 67 67 66 66 65 65
    64 65 65 65 65 65 65 66 67 68 68 68 68 68 67 66 65 63 62 62 61 61 65
    65 65 65 64 64 64 65 66 67 67 67 67 66 65 64 64 64 64 63 62 60 59 56
    55 54 55 56 57 58 60 60 61 61 63 64 67 69 70 70 69 68 66 66 66 67 67
    67 67 67 67 67 68 67 67 65 64 62 61 61 62 63 63 64 64 63 63 62 62 63
    64 66 68 70 71 72 71 71 70 69 68 68 68 68 68 67 66 65 63 61 59 57 57
    57 58 60 62 63 64 63 63 61 61 59 59 59 60 62 64 66 66 66 65 64 64 64
    64 63 62 61 60 60 61 62 63 64 65 65 65 64 65 65 66 67 68 69 71 71 71
    70 68 67 66 66 66 66 66 66 67 67 68 68 68 69 69 70 70 71 71 70 70 70
    69 68 66 64 61 59 56 53 52 52 53 55 57 59 61 62 63 64 64 64 63 62 60
    60 59 60 60 61 61 61 60 59 57 57 58 60 62 65 67 69 70 70 70 70 70 70
    69 68 67 66 64 63 63 64 65 66 66 66 65 65 65 65 65 65 65 65 65 64 63
    63 62 61 61 62 62 63 63 64 64 65 66 66 67 68 68 68 67 66 65 63 63 62
    62 62 68 67 67 67 66 66 65 66 66 67 68 68 67 67 66 66 65 66 66 65 64
    62 60 57 56 55 56 57 59 61 62 63 63 62 63 64 66 68 69 69 68 67 65 65
    66 67 68 68 68 68 67 67 67 67 66 65 63 61 60 60 60 62 63 64 65 66 66
    66 66 66 67 68 70 71 71 72 71 71 70 69 69 69 69 69 69 68 67 65 63 61
    59 58 57 57 58 60 62 63 64 64 63 62 61 60 59 59 60 62 64 65 65 65 64
    64 63 63 62 62 61 60 60 60 61 62 64 65 65 65 64 63 64 64 65 66 68 69
    70 70 70 69 68 66 66 65 65 64 65 65 66 67 68 69 70 71 71 71 71 71 71
    70 69 68 68 67 67 66 63 61 58 56 54 54 54 55 57 59 60 61 62 63 63 63
    62 62 61 60 60 60 61 62 62 63 61 60 59 59 59 61 62 65 67 68 69 70 70
    70 70 69 69 67 66 65 63 63 63 64 65 65 65 65 65 65 64 64 64 64 64 64
    63 62 61 60 59 59 59 60 60 61 62 63 63 64 65 66 66 67 67 67 66 65 64
    63 63 62 63 62 70 70 70 69 68 67 66 65 65 66 66 67 67 66 66 66 66 66
    66 66 65 64 61 59 57 57 58 59 62 63 64 64 64 63 62 63 64 66 67 67 66
    65 64 64 65 66 68 68 68 67 67 66 66 65 65 63 62 60 59 58 59 60 62 64
    66 67 68 68 69 69 69 70 71 71 71 71 71 70 70 69 69 69 69 69 69 68 67
    66 64 62 60 58 57 57 58 60 62 63 65 65 64 63 62 61 60 60 61 62 64 65
    65 65 64 63 62 62 61 61 60 60 60 61 62 64 65 66 66 65 64 63 63 63 64
    66 67 68 69 69 69 68 67 65 65 64 63 63 63 64 66 67 68 70 71 71 72 72
    72 71 70 68 67 66 66 66 66 66 65 63 61 59 57 56 56 56 57 58 59 60 61
    62 62 62 62 61 61 60 60 61 62 63 64 64 63 62 61 60 61 62 63 65 66 67
    68 68 68 68 68 67 66 65 64 63 62 62 63 64 64 65 65 64 64 64 64 64 64
    63 63 62 61 60 59 59 58 58 58 58 59 61 62 62 63 64 64 64 65 65 64 64
    64 63 62 62 62 62 62 62 72 72 71 70 69 67 66 65 65 65 65 65 65 65 65
    65 65 66 67 67 66 65 63 61 59 59 59 61 63 65 66 66 65 63 62 62 63 64
    65 66 65 63 62 63 64 65 67 67 67 66 65 63 63 63 63 62 61 59 57 57 57
    59 61 64 66 68 70 70 71 71 71 71 71 71 70 70 69 69 69 69 68 69 69 69
    68 68 67 66 65 63 61 60 58 58 58 60 62 63 65 65 65 64 63 62 61 61 62
    63 64 65 65 65 64 63 62 61 60 60 60 60 61 62 64 66 68 68 68 66 64 63
    62 63 64 65 66 67 68 68 67 66 65 64 63 62 62 61 62 63 65 66 68 69 70
    70 71 71 71 70 69 67 65 64 64 64 65 66 65 64 63 61 59 58 57 56 56 57
    58 58 59 59 60 60 61 61 60 60 60 61 62 63 64 65 64 64 63 63 63 64 65
    66 67 67 67 67 67 66 66 65 64 63 62 61 61 61 62 63 63 64 63 63 63 64
    64 64 64 63 62 61 60 60 59 58 57 57 57 58 59 61 62 63 64 64 64 64 64
    63 62 62 61 61 61 61 62 62 62 62 73 72 71 70 68 66 64 63 62 62 62 62
    62 62 62 63 63 64 65 65 65 64 63 62 61 60 61 63 64 65 66 66 65 64 62
    62 62 63 64 64 63 62 61 61 62 64 65 66 65 64 63 61 61 61 62 61 60 58
    56 56 56 58 60 63 66 68 70 71 71 71 71 71 70 69 68 67 67 67 67 67 67
    67 67 68 68 67 67 67 66 65 63 62 60 60 60 61 63 64 66 67 67 66 65 64
    64 63 64 64 65 65 65 65 64 62 61 60 59 59 60 61 62 64 66 68 70 70 69
    67 64 62 62 62 63 64 66 67 67 66 65 64 63 62 61 60 60 60 61 62 64 65
    66 67 67 68 68 69 69 68 67 65 63 61 61 62 63 64 65 65 64 63 61 59 58
    57 56 56 56 56 56 57 57 58 59 59 60 60 60 60 62 63 64 65 65 65 64 65
    65 66 66 67 67 67 67 66 65 64 63 62 62 61 60 60 60 60 60 61 61 62 61
    61 62 63 64 65 65 64 63 62 61 60 59 59 58 58 58 59 60 62 63 64 65 65
    64 63 62 61 60 59 59 59 59 60 61 62 63 63 72 72 71 69 67 65 63 61 61
    60 60 60 60 60 60 60 61 62 63 64 64 64 63 62 62 62 62 63 65 66 66 66
    65 64 63 62 62 63 63 63 62 61 60 61 62 63 64 64 63 62 60 59 60 60 61
    61 60 58 56 55 55 57 59 62 65 67 69 70 70 70 71 70 69 67 66 65 64 65
    65 65 65 65 66 67 67 67 67 67 67 66 65 64 63 62 62 63 64 66 67 68 68
    68 67 66 66 66 66 66 66 66 66 65 64 63 61 60 60 60 61 63 65 66 68 70
    71 71 70 67 64 62 61 62 63 64 66 66 66 65 64 62 61 59 59 58 58 58 59
    61 63 64 64 64 64 64 65 66 66 66 65 63 61 60 59 59 61 62 63 64 64 63
    62 60 58 57 55 54 54 54 54 55 56 57 58 58 59 59 59 60 61 63 64 65 65
    65 65 66 66 67 67 67 67 68 67 66 64 62 61 60 59 59 59 58 58 59 59 59
    59 59 59 59 60 62 64 65 66 65 64 62 62 61 60 60 60 59 60 60 62 63 65
    66 66 65 64 63 62 60 59 58 58 58 59 60 62 63 64 64 72 71 69 67 65 62
    60 59 59 58 58 57 56 56 56 57 57 59 60 61 62 62 62 62 62 62 63 64 65
    66 66 66 66 65 63 63 63 62 62 62 61 60 59 60 61 62 63 63 62 60 59 59
    59 60 61 61 60 58 57 56 56 57 58 61 63 65 67 68 69 69 69 68 67 65 63
    61 61 61 61 62 62 63 64 65 66 66 67 67 67 67 67 66 66 65 66 66 67 69
    70 71 71 70 69 69 68 68 68 67 67 66 66 65 64 63 61 61 61 62 63 65 66
    68 70 71 72 71 69 66 63 61 60 61 62 64 65 65 65 64 62 60 58 57 56 56
    56 57 59 60 62 63 63 62 61 61 62 63 64 64 64 62 60 59 57 58 59 60 62
    63 63 63 62 60 58 56 54 53 52 52 52 53 54 56 57 57 58 58 59 60 61 63
    64 65 65 65 65 66 66 67 67 67 68 68 67 66 63 61 59 58 58 57 57 57 57
    57 57 57 56 56 56 57 58 61 63 65 66 65 65 64 63 62 62 62 62 62 62 62
    64 65 66 67 67 66 64 63 61 60 58 57 57 58 59 60 62 64 65 65 70 69 67
    65 62 60 59 58 58 58 57 56 55 54 54 54 55 56 58 59 60 61 61 61 61 62
    63 64 65 65 66 66 66 65 64 64 63 63 62 61 60 59 59 59 60 61 62 62 61
    60 59 59 60 62 63 62 61 60 58 58 57 58 58 60 61 63 65 66 67 68 68 66
    65 62 60 59 58 58 58 59 59 60 62 63 65 66 67 67 68 68 68 67 68 68 69
    70 71 72 73 73 73 72 70 70 69 69 68 68 67 66 65 64 64 63 63 63 63 64
    65 67 68 69 70 71 71 70 68 66 63 61 61 61 63 64 64 64 64 62 61 59 57
    56 55 55 56 57 59 61 63 63 63 61 61 60 60 61 63 63 63 62 60 59 57 57
    58 59 61 62 63 63 63 61 59 56 54 52 51 51 52 53 54 56 57 57 58 58 59
    60 62 63 64 65 65 65 65 65 66 66 67 67 67 67 67 65 63 60 58 57 56 56
    56 56 55 55 54 55 54 54 54 55 57 60 63 65 65 65 65 64 64 64 64 64 63
    63 63 64 65 66 67 68 68 66 65 63 62 60 59 58 58 59 60 62 64 66 67 67
    68 67 65 63 60 59 58 58 58 57 56 55 53 52 52 52 53 54 56 57 59 59 60
    60 60 61 62 63 64 65 66 66 66 66 65 65 64 63 62 61 60 59 58 59 60 61
    61 61 61 60 60 60 62 63 64 64 63 61 60 59 59 59 59 59 60 61 63 65 66
    67 67 66 64 61 58 56 55 55 55 56 56 58 60 62 64 65 66 67 68 68 69 69
    70 71 72 73 75 76 76 76 74 73 71 69 68 68 67 66 65 64 63 63 63 63 63
    64 65 66 67 69 70 70 71 71 71 70 68 65 63 62 62 62 63 63 64 63 63 61
    60 58 56 55 55 55 56 58 60 62 64 64 64 62 61 60 60 61 62 63 63 62 60
    59 57 57 57 59 60 62 63 63 63 62 59 57 54 53 52 52 53 54 55 56 57 57
    58 59 60 61 63 64 65 65 65 65 64 65 65 66 66 67 67 67 67 65 63 60 58
    57 57 56 56 55 54 53 52 52 52 52 53 54 56 59 62 64 65 65 65 65 65 65
    66 65 65 64 65 65 66 67 68 68 68 67 65 64 63 61 60 59 59 60 62 63 66
    67 69 69 66 65 63 61 59 58 58 58 58 58 57 55 54 52 51 51 52 53 55 57
    58 59 60 60 60 61 62 63 64 65 66 66 66 66 65 65 65 64 63 61 60 59 58
    58 59 60 61 61 61 61 62 63 65 67 67 67 65 64 62 62 61 61 60 60 60 61
    63 64 66 67 67 66 64 61 58 55 54 53 53 54 55 56 58 61 63 65 66 67 68
    68 70 70 71 73 75 76 78 78 78 77 74 72 69 67 66 66 65 64 63 62 62 62
    62 63 64 65 66 67 69 70 71 71 71 71 70 69 67 66 64 64 64 64 64 64 64
    63 62 61 60 58 57 57 56 57 58 60 62 64 66 66 66 65 64 63 62 62 62 63
    62 61 60 59 58 57 58 59 60 62 63 64 64 63 61 58 56 54 53 53 54 55 57
    58 58 59 60 61 62 63 64 65 65 65 64 64 63 64 64 65 65 66 67 67 66 65
    63 61 59 58 58 57 56 55 53 52 51 51 51 51 52 54 56 59 61 63 63 64 65
    65 66 66 66 65 65 65 65 65 66 67 67 68 67 66 66 65 64 63 62 62 62 62
    64 66 68 70 71 71 65 64 62 60 59 58 58 59 59 59 57 56 54 52 51 50 51
    52 54 57 58 59 60 60 61 61 62 63 64 65 66 66 66 66 65 65 64 63 62 61
    60 59 58 58 59 60 61 61 62 62 64 66 68 70 71 70 68 66 64 63 63 62 61
    60 60 61 62 64 66 67 67 66 64 61 58 56 54 53 53 54 54 56 57 60 62 63
    65 66 67 68 69 70 72 74 76 78 79 79 78 76 73 70 67 65 63 63 62 62 62
    61 61 61 62 63 64 65 66 68 69 71 72 72 72 71 70 69 67 66 66 66 66 66
    66 65 65 64 63 62 61 60 59 59 59 59 60 62 64 66 68 68 68 67 66 65 64
    63 63 62 61 60 59 58 57 58 58 59 60 62 63 64 65 64 62 60 58 56 54 54
    55 57 58 59 60 61 62 63 64 64 65 65 64 64 63 63 62 63 63 64 65 66 67
    67 66 65 64 62 61 60 59 58 57 55 53 52 50 50 50 51 52 54 56 58 60 61
    63 63 65 65 67 66 66 65 65 64 65 65 65 66 66 66 66 66 65 65 65 64 64
    64 64 64 66 67 69 70 71 71 63 62 61 59 59 59 59 60 60 60 58 57 55 53
    52 51 51 53 55 57 59 60 61 61 61 62 63 64 65 66 66 66 65 65 64 64 63
    62 61 60 60 59 58 58 59 60 60 61 63 64 66 69 72 73 74 72 70 68 66 64
    63 63 62 61 61 61 63 65 66 67 68 67 65 62 59 57 55 54 54 55 55 56 57
    59 61 62 64 65 66 66 68 69 71 73 75 77 79 78 77 74 71 68 64 62 61 60
    60 60 60 61 61 61 62 63 63 64 66 67 69 71 72 72 72 71 70 68 67 67 67
    67 68 68 68 67 66 65 64 63 63 62 62 62 62 62 63 64 66 68 69 70 71 70
    69 68 66 65 63 62 60 59 58 58 57 58 58 59 60 61 63 64 65 65 64 62 60
    57 55 55 56 58 60 61 62 63 64 65 66 66 65 64 63 62 61 61 60 61 61 62
    64 65 66 66 66 65 64 63 62 61 60 59 58 56 54 52 51 50 50 52 53 55 56
    58 60 61 62 63 65 66 67 66 65 64 64 63 64 64 64 65 65 65 65 65 65 65
    66 66 66 66 66 66 67 68 70 70 71 71 60 59 59 59 59 60 60 61 61 60 59
    58 56 54 53 52 52 53 55 57 59 60 61 61 61 62 64 65 65 66 66 66 65 64
    63 62 62 61 60 60 60 59 59 59 59 60 61 62 64 66 69 72 74 76 76 74 71
    68 66 64 63 62 61 61 61 62 64 65 66 67 68 67 66 64 61 59 57 56 56 57
    57 57 58 58 60 61 62 63 64 65 66 68 70 72 74 76 76 76 74 71 68 65 62
    59 58 58 59 60 61 61 62 63 63 63 63 64 65 66 68 70 71 71 71 69 68 67
    66 67 67 68 69 69 69 68 67 66 66 65 65 64 65 65 65 65 66 67 68 70 71
    72 73 72 72 70 68 66 64 62 60 58 57 57 57 58 58 59 59 61 62 64 65 65
    65 63 61 58 56 56 57 58 60 62 64 65 67 68 68 67 65 63 61 60 59 59 59
    59 60 61 63 64 65 66 66 65 64 63 62 61 60 59 58 56 55 53 52 52 52 53
    54 55 57 58 60 61 62 64 66 66 67 66 64 63 62 62 62 63 63 64 64 64 64
    64 65 66 67 68 68 68 68 67 68 68 69 69 70 70 58 57 58 59 60 61 62 63
    62 61 60 59 57 56 55 54 54 55 56 58 59 60 61 61 62 63 64 65 66 67 67
    66 65 64 63 62 61 60 60 60 60 60 60 60 60 60 61 62 64 66 69 72 75 76
    76 74 71 68 65 63 62 61 61 61 62 63 64 65 66 67 67 67 66 65 62 61 59
    59 58 59 58 58 58 58 58 59 60 60 61 62 64 65 68 70 72 73 74 73 71 68
    65 62 60 58 57 58 59 60 62 63 64 64 64 64 63 63 64 65 66 68 69 69 68
    67 66 65 65 66 67 68 69 69 69 69 68 68 67 66 66 66 66 67 67 68 68 69
    71 72 73 74 74 74 73 72 70 67 65 63 61 59 58 58 58 58 58 59 59 60 61
    63 64 65 65 64 62 59 57 56 56 58 60 63 65 67 69 70 70 68 65 62 60 58
    57 57 57 58 59 60 61 63 64 65 65 64 64 63 62 61 60 59 58 57 55 54 53
    53 53 54 55 56 58 59 60 62 63 65 67 67 67 65 64 61 61 60 61 62 63 63
    63 63 64 64 65 66 68 69 70 70 69 68 68 67 67 68 68 68 56 56 57 59 61
    63 64 64 63 63 61 60 58 57 56 56 56 57 57 59 59 60 60 60 61 62 63 65
    66 67 67 66 65 64 63 61 60 60 60 61 62 62 62 62 61 62 62 63 64 67 69
    72 74 76 75 73 70 66 63 60 59 59 60 60 62 63 64 65 66 67 67 67 66 65
    64 62 61 61 61 61 60 60 59 58 58 58 58 58 59 60 61 63 65 67 69 70 70
    69 67 65 63 60 59 57 57 58 59 61 63 65 66 66 66 65 64 63 63 63 65 65
    66 66 65 64 63 62 63 64 66 67 68 68 68 68 68 68 67 67 66 66 66 67 68
    69 70 72 73 74 74 75 75 75 74 73 71 69 66 64 62 61 60 60 59 59 59 59
    59 60 61 62 63 64 65 64 62 59 57 56 56 58 60 63 66 69 71 72 71 68 65
    61 58 57 56 56 56 57 58 59 61 62 63 64 64 63 63 62 61 60 59 58 57 56
    56 55 55 55 55 56 57 58 59 60 61 63 65 67 68 68 68 65 63 61 60 59 60
    61 62 63 64 64 64 65 66 67 69 70 71 71 70 68 67 66 66 66 66 66 55 55
    57 59 62 64 65 66 65 64 62 61 60 59 59 59 59 59 59 60 60 60 60 59 60
    61 62 64 66 67 68 67 66 65 63 61 60 60 61 62 63 64 64 64 63 63 62 63
    64 65 67 70 72 73 73 71 68 64 61 59 58 58 59 60 62 63 65 66 67 67 67
    67 66 66 65 64 63 62 62 62 62 61 60 59 58 58 57 57 57 58 59 61 63 65
    66 67 67 66 65 63 61 60 59 58 58 59 61 62 65 67 68 68 67 66 64 63 62
    62 62 63 63 63 62 61 61 61 62 63 65 66 67 67 67 67 67 67 67 66 65 65
    65 66 67 69 71 72 74 75 75 75 75 75 74 73 71 69 68 66 65 64 63 62 61
    61 61 61 60 61 61 62 63 64 65 64 63 60 58 57 57 58 60 63 66 69 71 72
    70 67 64 60 57 56 55 55 55 56 57 58 60 61 62 63 63 62 62 62 61 60 59
    58 57 56 56 56 56 57 57 58 59 59 60 62 63 64 66 68 69 69 68 65 63 60
    59 59 59 61 62 64 65 65 66 66 67 68 70 71 72 71 70 68 67 65 65 65 65
    65 55 55 57 59 62 64 65 66 66 65 64 63 62 61 61 61 61 61 61 60 60 60
    59 58 58 59 60 62 64 66 67 67 67 65 63 61 60 60 61 63 65 66 66 66 65
    64 63 63 63 64 66 68 69 70 70 68 66 63 60 58 57 57 58 60 61 63 65 66
    67 67 67 67 66 66 65 65 64 64 64 64 63 63 62 61 60 59 58 57 56 57 58
    60 61 63 64 64 63 62 61 60 60 59 59 59 59 60 62 64 66 68 69 69 68 67
    65 63 62 61 61 61 61 61 60 60 59 59 60 62 63 65 65 66 66 66 66 66 65
    65 64 64 64 65 66 68 70 72 74 75 75 75 75 75 74 73 71 70 69 68 67 66
    65 64 63 62 62 62 62 62 62 63 63 64 65 65 63 61 59 58 58 58 60 63 66
    69 71 71 69 66 62 59 57 56 55 55 55 56 57 58 59 61 61 61 61 61 61 61
    61 61 60 59 58 57 57 57 57 58 59 59 60 61 61 63 64 66 67 68 69 69 67
    65 63 60 59 58 59 61 63 65 66 67 68 68 68 69 70 71 72 71 70 68 66 65
    65 64 64 65 55 56 57 59 61 63 65 66 66 66 65 64 63 63 63 63 63 63 62
    61 61 60 59 58 58 58 60 61 64 66 67 68 67 65 63 61 60 60 62 63 66 67
    68 68 67 66 64 63 62 63 64 65 66 67 67 66 64 62 59 58 57 58 59 60 62
    63 65 66 67 67 66 66 65 65 65 65 65 65 65 65 65 65 64 63 62 61 60 58
    57 57 58 59 60 61 61 61 61 60 59 59 59 59 59 60 61 61 63 64 66 68 69
    69 69 67 66 64 62 61 60 60 60 60 59 59 59 60 61 62 63 64 64 64 64 65
    64 65 64 63 63 62 62 63 64 67 69 71 73 74 74 75 74 74 73 72 71 70 69
    69 68 67 66 65 64 63 63 63 63 63 63 64 64 65 66 66 65 63 61 60 59 60
    61 63 66 68 69 69 67 64 60 58 56 56 55 56 56 56 57 58 59 60 61 61 60
    61 61 62 62 62 61 60 59 58 57 58 58 59 59 60 60 61 62 63 65 66 68 69
    69 68 67 65 63 60 59 58 59 61 63 66 68 69 69 69 69 69 70 71 71 70 69
    67 66 65 64 64 64 64 57 56 57 58 60 62 64 65 66 66 66 65 65 65 65 65
    65 64 63 62 61 61 60 58 58 58 59 60 63 65 67 67 66 65 62 60 59 60 61
    63 65 67 68 69 68 67 66 64 63 63 63 64 65 65 66 65 64 62 60 59 59 59
    59 60 62 63 65 66 66 66 65 65 64 64 64 64 64 65 65 65 65 65 65 65 64
    63 61 60 58 58 59 59 60 60 60 60 59 58 58 58 58 59 60 60 61 62 63 65
    66 68 69 69 69 67 66 65 63 62 61 60 60 60 60 60 60 61 61 62 63 63 63
    63 63 63 63 63 63 63 62 61 61 62 63 65 67 69 70 72 73 73 73 73 73 72
    71 70 69 68 67 67 66 65 64 63 63 63 63 63 64 65 66 67 67 67 66 64 62
    61 61 61 62 64 66 67 68 67 65 62 59 57 57 57 57 57 58 58 58 59 60 60
    60 60 60 60 61 62 63 63 63 61 60 59 59 59 59 60 60 60 61 61 62 64 65
    67 68 68 68 67 66 65 63 61 60 59 59 61 63 66 68 69 70 69 69 68 68 68
    69 68 67 66 65 65 64 65 65 65 58 58 58 58 59 61 62 64 65 66 66 66 66
    66 66 66 66 65 64 63 62 61 61 59 59 58 59 60 62 64 66 66 66 64 62 60
    59 59 61 62 65 67 68 69 69 68 67 65 64 63 63 64 64 65 65 65 64 64 63
    62 61 61 61 61 62 63 64 65 65 64 63 62 62 62 63 63 63 63 63 64 64 65
    66 66 66 65 63 61 60 60 60 61 61 61 60 59 58 58 58 58 59 59 60 61 62
    62 63 64 66 67 68 68 68 67 66 65 64 62 62 62 62 62 62 62 62 62 62 63
    63 63 62 62 61 62 62 63 62 63 62 62 61 61 62 63 64 66 68 69 70 72 72
    73 73 72 71 70 68 67 66 65 64 64 63 63 63 63 63 64 64 66 66 67 68 67
    66 64 63 61 61 61 62 63 65 66 66 64 62 60 58 58 58 59 59 60 60 60 60
    60 60 60 60 60 59 60 61 62 63 64 64 63 62 61 60 60 60 61 61 61 61 62
    63 64 66 67 67 67 67 66 65 64 63 62 60 60 60 61 64 66 68 70 70 69 68
    67 66 66 66 66 65 65 64 64 64 64 64 65 60 60 59 59 59 59 61 62 64 65
    66 66 67 67 67 67 67 65 64 63 63 62 62 60 59 58 58 59 61 62 64 65 65
    64 63 61 60 59 60 62 64 66 68 70 70 70 69 67 66 65 65 65 65 65 65 66
    66 66 66 65 64 63 62 61 62 62 63 63 63 62 61 61 60 61 61 61 61 61 61
    61 62 63 64 65 65 65 64 63 62 62 62 63 63 62 61 60 59 58 58 58 59 59
    60 60 61 62 63 64 65 66 67 67 67 66 65 64 63 63 63 63 64 64 65 65 64
    64 64 64 63 62 61 60 60 60 61 62 62 63 63 63 62 61 61 61 62 63 65 67
    69 70 72 73 73 72 71 70 68 66 65 64 63 62 62 62 63 63 63 64 65 66 67
    68 67 67 65 63 62 61 61 61 62 63 64 64 64 62 61 59 58 58 60 61 63 63
    64 63 63 62 61 61 60 60 59 60 61 63 64 65 65 64 63 62 62 62 62 62 62
    62 62 62 63 65 66 67 67 66 65 64 64 64 63 63 62 61 61 62 64 66 68 69
    70 69 67 66 64 63 63 63 63 64 64 64 65 65 65 65 62 62 61 59 59 58 59
    61 63 64 65 66 67 67 67 67 67 66 65 63 63 63 63 61 60 58 58 58 59 61
    63 65 65 65 64 62 61 60 61 62 64 67 69 70 71 71 70 69 67 67 67 66 66
    66 66 67 68 68 68 68 66 64 62 61 61 61 62 62 61 60 59 58 58 58 58 59
    59 59 59 59 60 61 63 64 65 64 64 63 63 63 64 64 64 63 62 61 60 59 59
    59 59 59 59 60 60 61 62 63 65 66 67 66 66 64 64 63 62 63 63 64 65 66
    66 66 66 65 65 65 64 63 61 60 59 59 60 61 63 64 64 64 62 61 60 59 60
    61 63 65 67 69 71 73 73 73 71 70 67 66 64 63 62 61 62 62 62 63 63 64
    65 66 66 67 66 65 63 62 60 60 60 60 61 62 62 62 62 61 60 59 59 60 62
    64 66 67 67 66 65 64 62 61 61 60 60 60 61 63 64 65 66 65 64 63 63 63
    64 64 64 63 63 64 64 66 67 67 66 65 64 63 63 63 63 63 63 63 63 64 65
    66 68 69 69 68 67 65 63 62 61 62 62 63 64 64 65 65 65 65 65 64 62 60
    59 58 59 60 62 64 65 66 67 67 67 67 66 65 64 63 64 63 63 62 61 59 58
    57 58 60 62 64 65 65 64 63 62 61 61 62 65 67 69 71 71 71 70 69 69 68
    68 67 67 67 67 68 68 69 69 69 67 65 62 61 60 61 61 61 60 58 57 56 56
    57 57 58 58 57 57 57 58 59 61 62 63 63 63 63 64 64 65 65 65 64 63 62
    61 60 60 60 59 59 59 59 60 60 61 63 64 65 66 65 64 63 62 61 61 62 63
    64 66 67 67 67 67 66 66 66 65 63 62 60 59 58 59 61 63 65 65 64 62 61
    59 58 58 60 62 64 67 69 71 73 74 73 72 70 67 65 63 62 62 61 61 61 62
    62 63 64 65 65 65 65 64 63 61 59 59 58 59 60 61 61 61 61 60 60 59 59
    60 62 64 67 68 69 69 68 67 65 64 62 62 61 61 61 62 64 65 66 67 66 66
    65 65 65 65 65 65 65 64 65 66 67 67 67 66 64 62 61 62 62 63 64 65 65
    65 65 66 67 68 69 69 68 66 64 62 61 61 61 62 63 64 65 65 66 66 66 66
    65 64 62 60 58 59 60 61 63 65 66 66 67 67 67 66 65 64 63 64 64 64 63
    61 59 58 57 57 58 60 63 64 65 65 63 62 61 62 63 65 68 69 71 71 71 70
    69 69 68 68 68 67 67 67 68 69 70 70 69 67 65 62 61 60 60 61 60 59 58
    57 56 56 56 57 57 57 57 57 57 57 59 60 61 63 63 63 63 64 64 65 65 65
    65 64 63 62 61 61 60 60 59 59 59 59 60 61 62 63 64 65 64 63 62 61 60
    60 60 61 63 65 66 66 66 66 66 66 66 65 64 62 61 59 59 60 62 64 66 66
    65 63 60 58 57 58 59 61 64 67 69 71 73 74 73 71 70 67 65 64 63 62 61
    61 61 62 62 63 64 64 65 64 64 62 61 59 58 58 58 59 60 60 60 60 60 60
    59 60 60 62 64 66 68 70 70 70 69 67 65 64 63 62 62 62 63 64 65 67 68
    68 68 67 66 66 66 66 66 66 66 65 65 66 67 67 66 64 62 61 60 60 61 63
    65 66 67 67 68 67 68 68 68 68 67 65 64 62 61 61 61 62 63 64 65 65 66
    65 66 66 66 64 62 60 59 59 60 61 63 64 65 66 66 66 66 65 64 64 63 63
    63 64 63 61 59 57 56 56 57 59 62 64 65 65 63 62 62 62 64 66 68 70 71
    71 70 69 69 68 68 68 67 67 67 67 68 68 69 69 68 66 65 62 61 60 61 61
    61 60 59 57 56 56 57 58 58 58 58 58 58 58 59 60 61 63 64 64 64 64 64
    65 65 65 65 65 64 63 62 61 61 60 60 59 59 59 60 60 61 63 63 64 63 62
    61 60 59 59 59 60 62 63 64 65 65 65 65 65 66 66 65 64 62 61 61 61 63
    64 66 66 65 63 61 59 58 59 60 62 65 67 70 71 73 73 73 71 70 67 66 64
    63 63 62 62 62 62 62 63 64 64 64 63 62 61 60 59 58 58 59 60 61 61 61
    60 60 60 60 61 62 64 66 68 69 70 70 69 68 67 66 64 63 63 63 63 64 65
    67 68 69 70 69 69 68 67 66 66 66 66 66 65 65 66 66 66 65 64 61 60 59
    60 62 64 67 68 70 70 70 69 69 69 68 68 66 65 64 63 62 62 62 62 63 64
    65 65 66 65 66 66 65 64 62 61 60 60 61 62 64 65 66 67 67 67 66 65 64
    63 63 63 63 63 62 61 58 56 55 55 56 58 61 63 64 64 63 62 62 62 64 67
    69 71 71 71 70 69 68 67 67 67 67 67 67 67 67 68 68 68 68 66 65 63 62
    61 62 62 62 62 60 59 58 58 58 59 59 60 60 59 59 59 60 61 63 64 65 65
    65 65 65 65 65 65 65 65 64 63 62 62 61 61 60 60 60 60 60 60 61 62 63
    63 63 62 61 60 59 58 58 59 60 61 62 63 63 63 64 64 65 66 66 65 65 64
    63 63 64 65 66 66 65 64 62 60 60 61 62 64 65 67 69 70 72 72 72 70 69
    67 66 65 64 63 63 63 62 63 63 63 63 64 63 63 62 61 60 60 59 59 60 61
    62 61 61 61 60 60 61 63 64 66 68 69 70 70 70 69 68 66 65 64 64 64 64
    65 66 67 69 70 71 72 71 70 69 68 67 66 65 65 64 64 64 64 65 65 64 63
    61 59 59 60 62 65 68 70 71 72 71 70 69 69 68 67 66 65 65 64 64 63 63
    62 63 63 64 64 65 64 64 65 65 64 63 62 61 62 62 64 65 66 67 67 68 67
    66 65 64 64 63 63 63 62 61 60 58 56 55 54 56 58 60 63 64 64 63 62 62
    63 65 67 70 71 71 71 69 68 67 66 65 66 66 66 66 66 66 66 67 67 67 66
    65 64 63 63 63 64 64 64 62 61 60 60 59 60 60 61 61 60 60 60 61 62 64
    66 67 67 67 67 66 65 65 65 65 65 65 64 63 62 61 61 61 61 61 61 61 61
    62 62 62 62 62 61 60 60 59 59 59 59 59 60 61 61 61 62 62 63 65 66 66
    67 66 66 65 65 65 66 66 66 65 64 63 63 63 63 64 65 66 67 68 69 69 70
    70 69 69 68 66 65 65 64 64 63 63 63 63 63 63 63 63 63 63 62 61 61 61
    61 61 62 63 62 62 61 61 62 63 64 66 68 70 70 70 70 69 68 67 66 65 64
    64 65 65 66 67 69 70 72 73 73 73 72 70 69 67 65 64 63 63 62 63 63 64
    64 64 63 61 60 60 61 63 66 69 72 73 73 72 71 70 69 68 67 66 65 65 65
    65 64 63 62 62 62 63 63 63 63 64 64 64 63 63 63 63 63 64 65 67 68 69
    69 69 69 68 66 65 64 63 63 62 61 60 59 57 55 54 54 55 58 60 62 63 64
    63 62 62 63 65 68 70 71 71 70 69 67 66 65 64 64 64 65 65 65 66 66 66
    66 66 66 66 65 65 64 65 65 65 65 64 63 62 62 61 61 61 61 61 61 61 61
    62 64 66 68 69 69 69 68 67 66 65 65 65 66 66 65 64 63 62 62 62 62 62
    62 62 62 62 62 62 61 61 61 61 60 60 60 59 59 59 60 60 60 61 61 62 63
    64 66 67 67 68 67 67 66 66 66 66 66 65 65 65 65 65 65 66 66 66 66 66
    66 67 67 68 68 68 67 67 66 65 65 65 65 64 64 64 64 64 64 64 64 63 63
    63 62 62 62 63 63 63 63 63 62 62 63 64 66 68 70 71 71 71 69 68 67 66
    65 65 64 65 65 66 67 68 70 71 73 74 74 74 73 72 69 67 65 62 61 60 59
    60 61 62 63 63 62 62 61 61 62 64 67 70 72 73 73 72 71 70 68 67 66 66
    66 66 67 66 65 64 62 61 61 61 62 62 62 62 62 62 63 63 64 65 66 67 67
    68 69 70 70 70 70 69 68 66 65 64 63 62 61 59 58 56 55 55 55 56 58 60
    62 63 63 63 63 63 64 65 68 70 71 71 70 68 66 65 64 63 63 63 64 65 65
    65 65 65 65 65 66 66 66 65 65 65 65 66 65 65 64 63 63 62 62 62 62 62
    62 62 63 64 66 68 70 71 70 70 69 67 67 66 66 67 67 67 66 65 64 63 63
    63 64 64 64 64 63 63 62 61 60 60 60 60 60 61 60 60 60 60 60 61 60 60
    60 61 62 64 65 67 68 68 68 67 67 66 66 65 65 65 65 66 66 67 67 67 66
    66 65 64 64 64 64 65 66 67 67 67 66 66 65 65 65 65 65 64 64 64 64 64
    64 64 64 63 63 63 63 63 63 63 63 63 63 63 64 65 67 69 70 71 71 70 68
    67 65 65 64 64 64 64 65 66 67 67 69 70 72 73 74 74 73 72 69 66 63 61
    59 57 57 57 59 60 61 62 62 62 62 62 64 65 67 70 71 73 73 72 70 69 68
    67 67 67 67 68 68 68 66 65 62 61 61 61 61 61 62 62 61 61 62 63 65 66
    68 69 69 70 70 71 72 72 72 71 69 67 65 64 63 62 60 59 58 56 56 55 55
    56 58 60 61 63 63 63 63 63 64 66 68 69 70 70 69 67 65 64 63 62 62 62
    63 64 64 64 64 64 64 65 65 66 66 66 66 66 66 66 66 65 65 64 64 63 62
    62 62 62 62 63 64 66 68 70 71 71 70 69 68 67 67 67 67 68 69 68 67 66
    64 63 63 64 65 66 66 66 65 63 62 61 59 59 59 60 60 61 61 61 61 61 62
    62 61 61 61 61 62 64 65 66 68 68 68 68 68 67 66 65 64 64 65 66 67 67
    67 67 66 65 64 63 62 62 62 63 64 66 66 66 66 66 66 65 66 66 66 65 65
    64 64 64 65 64 64 63 63 63 63 63 63 63 63 63 63 64 64 66 68 69 71 71
    71 69 67 66 64 64 63 63 64 64 65 65 66 66 67 68 70 71 73 73 73 71 69
    65 62 59 56 55 54 55 56 58 60 61 62 63 63 63 64 65 67 68 70 71 71 71
    69 69 68 68 67 68 68 69 69 69 67 65 62 61 60 60 61 61 61 61 60 60 62
    64 66 69 70 71 71 71 71 72 72 72 72 72 70 68 66 64 63 62 61 59 58 57
    56 56 56 57 58 59 60 62 62 63 62 63 64 66 67 69 69 69 68 66 65 63 62
    61 62 62 63 63 63 63 63 63 63 64 64 65 65 65 66 67 67 67 67 66 65 65
    64 63 62 62 62 62 63 64 65 67 69 70 71 71 70 68 67 66 66 67 68 69 70
    69 68 66 64 63 64 65 67 68 68 67 66 64 62 60 58 58 58 59 59 60 61 61
    62 62 63 63 62 62 62 62 63 64 65 66 67 68 68 68 68 67 66 65 64 64 64
    65 66 67 67 66 66 65 64 62 61 60 60 62 63 65 65 66 66 65 65 65 65 66
    66 65 65 64 64 64 64 64 63 63 63 62 62 63 63 63 63 63 63 64 65 66 68
    69 70 70 69 67 65 63 62 62 62 63 63 63 64 64 64 64 64 65 67 69 70 71
    71 70 67 64 60 57 55 53 53 53 55 57 59 61 62 63 64 64 65 65 66 67 68
    69 69 69 69 68 68 68 68 69 69 70 70 69 67 65 63 62 61 61 61 61 61 61
    60 61 63 66 69 71 72 73 73 72 72 72 72 73 73 72 70 68 66 64 63 62 61
    60 58 57 56 56 56 57 57 58 59 61 62 62 62 63 64 66 67 69 69 68 67 65
    64 62 62 61 61 62 62 63 63 62 62 62 63 63 63 64 65 66 67 68 69 68 68
    67 66 65 64 63 62 62 62 62 63 64 65 67 68 70 70 69 68 67 66 65 66 67
    68 69 70 69 67 65 64 63 64 65 67 69 69 68 67 64 61 59 57 57 57 58 59
    60 60 61 62 62 63 64 64 63 63 63 63 64 65 66 67 68 68 68 68 67 66 65
    63 63 64 65 66 66 66 66 66 65 64 62 60 60 60 61 62 63 64 64 64 64 64
    64 64 65 65 65 65 64 64 64 63 63 62 62 62 62 62 63 63 64 64 64 63 64
    64 66 67 69 69 69 67 65 63 62 61 61 61 62 62 63 63 63 63 62 63 63 65
    66 68 69 69 68 66 62 59 56 54 52 52 52 54 56 58 61 62 64 65 66 66 66
    66 66 66 67 68 68 68 68 68 69 69 70 70 70 70 69 67 65 63 62 61 61 61
    61 61 61 61 62 64 67 71 73 75 75 74 72 72 71 72 73 73 72 70 68 66 64
    63 62 61 60 58 57 56 56 56 56 57 57 58 59 60 61 62 63 64 66 67 69 69
    69 67 66 64 62 62 61 62 62 62 62 62 62 62 62 62 62 63 63 64 66 67 69
    70 70 69 68 67 65 64 63 62 62 62 63 64 64 65 66 67 68 68 67 67 66 65
    65 66 67 68 69 69 68 67 65 63 62 63 65 67 68 69 68 66 64 61 58 57 56
    56 58 59 60 60 61 62 63 64 64 64 64 64 64 64 65 66 66 68 68 69 69 68
    68 66 65 64 64 65 66 67 67 67 66 66 65 64 62 61 60 60 61 62 63 63 63
    63 62 62 62 63 64 65 64 64 64 63 63 62 61 61 60 61 61 61 62 63 64 64
    64 64 63 64 65 66 67 68 67 65 63 61 60 59 59 60 61 61 62 62 62 62 62
    62 62 63 64 66 67 67 66 64 61 59 56 54 53 52 53 54 56 59 61 63 65 66
    67 67 66 66 66 66 66 67 68 68 69 69 70 70 71 71 71 70 69 66 65 63 62
    61 61 61 61 61 61 63 64 66 70 73 75 76 76 74 73 72 71 71 72 72 72 70
    68 66 64 63 62 61 60 58 57 56 56 56 56 57 57 58 59 60 61 62 63 64 66
    68 69 70 70 68 66 64 63 62 62 62 62 62 62 62 61 61 62 62 62 63 63 65
    66 68 70 71 71 70 69 67 66 65 63 63 62 63 63 63 64 64 65 65 65 65 65
    65 65 65 65 66 66 67 68 68 67 65 64 62 61 62 64 66 67 68 67 65 63 60
    58 56 56 57 58 59 60 61 61 62 63 64 64 65 65 65 65 65 66 67 67 68 68
    69 69 68 67 66 65 64 64 65 67 68 68 68 67 66 65 64 62 61 61 61 61 62
    63 63 62 62 61 61 61 62 63 64 63 63 62 62 61 60 60 59 59 59 60 61 62
    64 65 66 65 65 64 64 64 65 66 66 65 63 61 60 59 59 59 59 60 61 61 61
    62 62 62 62 62 63 64 65 66 66 65 64 61 59 57 55 54 53 54 55 57 59 62
    64 66 67 68 67 67 66 65 65 66 67 68 68 69 69 70 70 70 70 70 69 68 66
    64 62 61 61 61 61 60 60 60 66 66 69 72 74 76 77 76 75 73 72 71 71 72
    72 72 70 68 66 65 63 62 61 59 58 57 55 55 56 56 57 58 58 59 60 61 62
    63 65 66 68 70 70 71 69 67 65 63 62 62 61 61 61 61 61 61 61 61 62 62
    63 63 65 66 68 70 71 72 71 70 68 66 65 64 63 63 63 63 63 63 63 63 63
    63 63 64 64 65 65 65 66 66 67 67 66 65 63 62 61 60 61 62 64 65 66 66
    64 62 60 58 56 56 57 59 60 61 62 62 62 63 63 64 65 65 65 66 66 67 68
    68 69 69 70 69 69 67 66 64 64 65 66 68 69 69 69 67 66 65 63 62 61 61
    61 62 62 63 63 62 61 60 60 60 61 62 63 62 62 61 60 59 59 58 58 58 58
    58 60 61 64 65 67 67 66 64 63 63 63 63 63 62 61 60 59 58 58 58 59 59
    60 60 61 62 63 64 64 64 64 65 65 66 66 65 64 61 60 58 56 54 54 54 56
    58 60 63 64 67 67 68 68 67 66 65 65 66 67 68 69 70 70 70 70 70 69 69
    69 68 66 64 62 61 61 61 61 60 60 60 68 69 71 73 75 76 76 76 74 72 71
    71 71 71 72 72 71 69 67 65 63 62 60 59 57 56 55 56 57 58 59 59 60 60
    61 61 63 64 65 67 69 70 71 71 70 68 66 64 62 61 61 60 60 59 59 59 60
    60 61 62 63 63 64 66 68 69 70 71 70 70 68 67 66 65 64 63 63 63 62 62
    62 62 61 62 62 63 64 65 66 66 66 66 66 65 64 63 62 61 60 59 59 60 62
    63 64 64 63 61 59 58 57 57 59 60 62 62 63 63 62 63 63 64 65 65 66 67
    67 68 69 69 70 70 70 70 69 67 65 64 64 65 66 68 69 70 69 67 66 64 62
    61 61 61 62 63 63 63 63 62 61 61 60 60 61 61 62 61 60 59 59 58 58 57
    57 57 57 58 59 61 64 66 68 68 67 66 64 62 61 61 60 60 59 59 59 58 58
    59 59 59 60 60 61 62 64 65 66 66 66 66 67 66 66 65 64 62 60 58 56 55
    55 55 57 59 61 63 65 67 67 68 67 66 65 65 65 66 68 69 70 70 69 69 68
    68 68 68 68 67 66 64 63 62 61 61 60 60 60 60 70 70 71 73 74 75 75 75
    73 72 71 70 70 71 71 71 71 70 68 66 64 62 60 59 57 56 56 57 57 59 60
    61 61 61 61 62 63 64 65 67 69 70 71 72 71 69 66 64 62 61 60 59 59 58
    58 58 58 59 60 61 62 63 64 65 66 68 69 69 69 69 68 67 66 65 65 64 64
    63 62 61 61 61 60 61 62 63 64 65 66 66 66 66 65 64 63 62 61 60 59 59
    58 59 61 62 63 64 63 61 59 58 57 58 59 61 63 64 64 63 63 62 62 63 64
    65 66 67 68 69 69 70 71 71 71 70 69 67 64 63 63 64 66 68 69 70 69 67
    65 63 61 60 60 61 62 64 64 64 64 63 62 61 61 61 61 61 61 60 60 59 59
    58 58 57 57 56 57 57 59 61 64 66 68 69 68 66 64 61 60 58 58 58 58 58
    58 59 59 59 59 59 60 60 61 63 64 66 67 67 68 68 68 67 67 65 64 62 60
    57 56 54 54 55 56 59 61 63 65 67 67 68 67 66 65 65 65 67 68 69 70 69
    68 67 66 66 66 67 67 68 67 65 64 63 62 61 61 61 60 60 69 70 71 71 72
    73 73 72 71 71 70 69 69 70 70 70 70 70 69 67 64 62 60 59 57 57 57 58
    59 61 62 63 63 63 63 63 64 65 66 67 69 70 71 72 71 69 67 64 62 61 60
    59 58 57 57 56 57 58 59 60 61 62 62 63 64 66 67 68 68 68 67 67 66 66
    65 65 64 63 62 61 60 60 60 61 62 64 65 66 66 66 66 65 65 64 63 62 61
    60 59 58 58 58 60 61 63 64 63 62 60 59 58 59 61 63 64 65 64 63 62 62
    62 62 63 64 65 67 68 69 69 70 70 70 70 69 68 66 63 62 61 62 64 66 68
    68 67 66 64 62 60 60 60 62 63 65 65 65 65 64 63 62 61 61 61 61 61 60
    60 59 59 59 58 58 57 57 57 57 59 61 64 66 68 69 69 67 64 61 59 57 57
    57 57 58 59 60 60 60 60 60 61 61 62 63 64 66 66 68 68 69 69 69 68 66
    65 62 60 57 55 54 54 54 56 58 61 63 65 67 67 67 66 66 65 65 66 67 69
    69 69 68 67 65 64 64 65 66 67 68 67 66 65 64 63 62 61 61 60 60 67 68
    68 69 70 70 70 70 69 69 68 68 68 68 69 69 70 70 69 68 65 63 60 59 58
    58 58 59 61 63 64 65 65 64 64 64 64 65 66 67 69 70 71 71 71 69 67 65
    63 61 60 59 57 56 55 55 55 56 57 59 60 61 61 62 63 64 65 66 66 66 66
    66 66 65 65 65 65 63 62 61 60 60 60 61 62 63 64 65 65 65 65 65 64 64
    63 62 61 60 59 58 58 58 60 61 63 64 63 62 60 59 58 59 61 63 65 65 65
    64 63 62 61 61 62 63 64 66 67 68 68 69 69 69 69 68 67 64 62 60 60 61
    62 64 65 66 66 64 63 61 60 60 61 63 65 66 67 67 66 65 63 62 61 61 61
    61 61 60 60 60 60 60 60 59 58 58 58 58 60 61 63 65 67 68 68 66 64 61
    59 57 56 57 57 58 59 60 61 62 62 62 62 62 63 64 64 65 66 67 68 69 69
    69 69 67 65 62 60 57 55 53 53 53 55 57 60 63 65 67 67 67 67 66 65 66
    66 68 69 69 68 67 65 63 62 62 63 65 66 68 68 67 66 65 64 63 62 61 60
    60 64 64 65 65 66 67 67 67 66 66 66 66 66 66 67 67 68 69 68 67 65 63
    61 59 58 59 59 61 62 64 66 66 66 66 65 65 65 66 67 68 69 70 71 71 71
    70 68 66 64 62 61 59 57 56 55 54 55 56 57 58 59 59 60 60 61 62 63 64
    65 65 65 65 66 65 65 65 65 64 63 61 61 60 61 62 63 63 64 64 65 65 65
    65 65 64 64 63 62 61 60 59 58 59 60 62 63 64 63 62 60 59 59 60 62 64
    65 65 65 64 62 61 61 61 61 62 63 64 65 66 67 67 68 68 68 67 65 63 60
    59 59 60 61 62 63 64 64 63 62 60 60 60 61 64 66 68 68 68 67 66 64 63
    62 62 61 61 61 61 61 61 62 62 61 60 60 59 60 60 61 62 63 64 66 67 67
    65 63 61 59 58 57 57 58 59 60 61 62 63 64 64 64 63 63 64 64 65 65 66
    67 69 70 70 70 68 66 63 60 57 55 53 52 53 54 56 59 62 65 67 67 67 67
    66 66 66 67 68 69 69 68 67 64 63 61 62 63 65 66 67 68 68 67 66 65 64
    62 61 60 59 60 60 61 62 63 64 64 65 64 64 63 63 63 64 65 66 67 67 67
    66 65 63 61 60 59 60 61 62 64 65 67 67 67 67 66 66 66 66 67 68 68 69
    70 70 70 69 69 67 65 63 61 59 58 56 55 54 55 55 56 57 58 59 59 59 60
    61 61 62 63 64 64 65 65 65 65 65 65 64 63 61 61 60 61 61 62 62 63 63
    63 64 64 65 65 65 65 65 64 63 61 60 59 59 60 61 62 63 62 61 60 59 59
    60 62 64 65 65 65 63 62 61 60 60 61 61 62 63 64 64 65 66 66 66 66 65
    63 61 59 58 58 59 60 61 62 62 62 62 61 60 60 60 62 65 67 69 69 69 68
    67 65 64 62 62 61 61 61 61 62 62 63 63 63 62 61 61 61 61 62 62 63 64
    65 65 66 65 63 61 60 59 58 58 58 59 60 61 63 64 65 65 65 64 64 64 64
    64 65 66 67 68 70 70 70 68 66 62 59 56 54 53 52 52 54 56 58 61 64 66
    67 67 67 66 66 66 67 68 69 69 68 66 64 63 61 61 62 63 65 66 67 67 67
    67 66 64 63 61 59 59 58 58 59 59 60 62 62 63 62 62 61 61 62 63 63 64
    65 66 66 65 64 63 61 61 60 61 61 63 64 66 67 68 68 67 67 66 66 66 67
    67 68 68 69 69 69 69 69 67 65 63 61 60 58 56 55 55 55 56 57 58 58 58
    58 59 59 59 60 61 62 63 64 64 65 65 65 65 65 64 62 61 60 60 61 61 62
    62 62 62 62 63 64 64 65 66 67 67 67 65 64 62 61 60 61 61 62 62 61 61
    60 59 60 61 62 64 65 65 64 63 61 60 60 60 61 61 61 62 62 63 63 64 65
    65 65 64 62 60 59 59 59 60 60 61 61 61 61 61 60 59 59 60 62 65 67 69
    70 70 68 67 66 65 64 63 63 62 62 62 63 63 64 64 64 64 63 63 63 62 63
    62 63 63 64 65 65 64 64 62 61 60 59 58 58 59 60 61 63 64 65 65 65 65
    64 64 64 64 65 66 67 68 70 70 69 68 65 62 59 56 54 53 53 53 55 56 59
    61 63 65 66 66 66 66 66 66 66 67 68 68 68 67 65 64 62 62 62 63 64 65
    66 66 67 67 66 65 63 61 60 60 57 57 58 58 60 61 62 62 61 61 60 60 60
    61 62 63 64 64 64 64 63 63 62 62 61 62 62 63 65 66 67 68 68 68 67 67
    66 66 66 66 66 66 67 67 68 68 68 67 65 63 61 60 58 57 57 56 57 57 57
    58 58 59 59 59 59 59 59 60 61 62 63 64 64 64 64 64 64 63 62 61 60 60
    60 61 61 61 61 61 62 62 63 64 65 66 68 68 69 68 66 64 62 61 61 61 61
    60 60 60 60 60 61 62 63 64 65 64 63 62 61 60 60 60 61 61 61 61 61 61
    62 63 63 64 64 63 62 60 60 59 60 60 61 60 60 60 61 60 60 59 60 61 62
    65 67 69 70 70 68 67 66 65 65 64 64 63 63 63 63 64 65 65 65 65 64 63
    63 62 62 62 63 63 64 65 65 65 64 63 62 61 60 59 59 59 59 61 63 64 65
    65 65 65 65 65 65 65 65 66 67 68 69 69 68 66 64 61 58 56 54 54 54 54
    56 57 59 60 62 64 65 65 65 65 65 65 65 66 66 67 68 67 67 65 64 63 62
    62 63 64 64 65 66 66 66 65 64 63 62 61 58 58 59 59 60 62 62 62 62 61
    60 60 60 61 62 62 63 63 63 63 63 63 62 62 62 62 62 63 64 65 66 67 68
    68 68 67 67 66 66 66 66 65 66 66 67 67 67 66 64 62 61 60 59 58 58 58
    58 58 58 58 59 59 59 59 59 59 59 59 60 62 63 64 64 64 64 64 63 62 61
    60 60 60 60 61 62 62 62 62 62 62 63 64 65 66 68 69 70 69 67 66 64 63
    61 61 60 60 60 60 61 61 62 63 64 65 64 63 62 61 60 60 60 61 61 62 61
    61 60 60 61 62 63 63 64 63 62 61 61 61 61 61 61 61 60 60 61 61 60 60
    60 61 62 65 67 69 69 69 68 68 67 66 66 66 65 64 64 63 63 64 65 65 66
    65 64 63 62 61 62 62 63 63 65 65 66 65 65 64 63 62 61 59 59 58 59 60
    62 63 64 65 65 65 65 66 66 66 66 66 67 67 68 68 67 65 63 60 57 56 55
    55 55 56 57 58 59 60 62 63 64 64 64 64 64 63 63 64 65 67 68 69 68 67
    66 64 63 62 62 63 63 64 64 65 65 65 64 64 64 64 61 61 61 61 62 63 64
    64 63 62 61 61 62 62 63 63 63 63 63 63 64 64 64 63 63 63 63 63 63 64
    66 67 68 68 68 67 67 66 66 66 65 65 65 65 66 66 66 65 64 62 61 60 60
    60 60 60 60 59 59 59 59 59 60 60 60 59 59 60 60 62 63 64 64 64 64 63
    63 61 61 60 59 60 61 61 62 62 63 62 63 63 64 64 65 66 68 69 70 69 68
    66 65 63 62 60 60 59 59 60 62 63 64 65 66 65 64 63 61 60 60 60 60 61
    62 62 62 61 60 60 60 61 62 63 64 63 63 62 62 62 62 61 61 60 61 61 61
    61 61 61 61 61 63 65 67 69 69 70 69 68 67 67 67 67 66 65 64 63 64 64
    65 65 65 64 63 61 60 60 60 61 63 64 66 66 66 66 65 64 63 62 61 60 59
    58 59 60 61 62 63 64 65 66 66 66 66 66 66 66 66 66 66 66 65 63 62 59
    57 56 56 56 56 57 58 58 59 60 61 62 63 64 64 64 64 63 63 63 64 66 68
    69 70 69 68 66 64 63 62 62 62 63 63 63 64 64 65 65 66 66 62 62 63 63
    64 65 65 65 65 64 64 64 64 65 64 64 64 64 64 64 65 65 65 64 64 63 63
    62 63 64 65 66 68 68 68 68 67 66 66 66 66 65 65 65 66 65 65 64 63 62
    62 62 62 62 62 62 61 60 60 59 59 59 59 59 59 59 59 59 60 62 63 64 64
    64 63 63 62 62 61 60 60 60 61 62 63 63 64 64 64 65 65 65 66 66 68 68
    69 69 68 66 65 64 62 61 60 59 60 61 63 64 66 67 67 66 64 62 60 59 59
    60 61 63 64 64 63 62 61 60 60 61 62 63 64 64 64 63 63 62 62 62 61 60
    61 61 62 63 63 62 62 62 64 66 68 70 70 70 70 69 68 68 68 68 67 66 64
    64 64 64 65 65 65 63 61 59 58 57 58 60 62 64 66 67 66 65 64 63 62 62
    61 60 60 59 60 60 61 62 63 64 64 65 66 67 67 67 66 66 66 65 65 65 64
    63 62 60 59 58 58 58 58 58 58 59 59 60 61 62 63 64 65 65 64 63 63 63
    64 66 68 69 70 70 69 67 65 64 63 62 62 62 62 62 63 64 65 67 67 68 63
    63 64 64 65 66 67 67 67 67 67 67 67 67 66 66 65 65 65 66 67 67 67 66
    65 64 63 63 63 64 65 66 68 69 69 68 67 67 66 66 66 66 66 65 65 65 64
    64 63 63 63 63 63 64 64 63 63 62 61 60 59 59 59 59 59 59 59 61 62 63
    64 65 64 64 64 63 63 62 62 61 60 60 61 62 63 63 64 64 65 66 66 66 67
    67 67 68 68 67 67 66 65 64 62 61 60 60 60 62 64 66 67 67 67 65 63 61
    60 59 59 60 62 64 65 65 65 64 62 61 61 61 62 64 64 65 65 64 63 63 62
    61 61 60 61 62 63 64 64 63 64 64 66 68 70 71 72 72 71 70 69 69 69 68
    67 66 65 64 64 65 66 65 64 62 59 57 55 55 56 58 61 64 66 66 66 64 63
    62 61 61 60 60 60 60 61 61 61 62 62 63 64 66 66 67 67 67 66 66 65 64
    64 64 63 63 62 61 60 59 59 59 59 59 59 59 60 60 61 63 64 65 66 66 66
    65 64 64 64 66 67 69 70 70 70 68 66 65 64 64 63 63 62 62 63 64 66 67
    69 69 63 63 64 64 65 67 68 68 69 69 69 70 70 70 68 68 67 67 67 68 68
    68 68 67 66 64 63 63 63 64 65 66 68 69 69 68 67 67 67 67 67 67 67 66
    65 65 64 63 63 63 63 64 65 65 65 65 64 62 61 60 59 58 58 58 58 58 59
    61 63 64 65 65 65 65 65 65 65 64 63 62 61 61 61 62 62 63 64 65 66 67
    68 68 68 68 68 67 67 66 65 64 64 63 62 61 60 60 61 63 65 67 68 68 67
    65 63 61 60 59 60 61 63 65 67 67 67 65 64 63 62 62 63 64 65 65 65 65
    64 63 63 62 61 61 62 62 64 64 64 64 64 65 67 69 71 72 73 73 72 71 70
    70 69 68 67 66 65 65 65 66 66 66 64 61 58 55 53 53 55 57 60 63 65 65
    64 63 62 60 60 59 60 60 61 62 62 62 62 62 63 64 64 66 66 67 67 67 66
    66 66 65 64 64 63 63 62 62 61 61 60 60 60 59 59 60 60 61 62 63 65 67
    68 68 68 67 66 65 65 66 67 68 69 70 70 69 68 67 66 66 65 64 63 63 63
    65 66 68 69 70 62 62 63 64 65 67 68 69 70 70 70 71 71 71 69 69 68 68
    68 69 69 69 69 68 66 65 63 62 62 63 64 66 68 69 69 69 68 68 68 68 68
    67 67 66 65 64 64 63 63 63 64 65 65 66 66 65 65 63 62 60 59 58 57 57
    58 58 60 62 64 66 66 66 66 66 66 66 66 66 65 64 62 61 61 61 62 62 63
    65 66 67 68 69 69 69 68 67 67 65 65 64 63 63 62 61 60 61 62 64 66 67
    68 68 67 65 63 61 60 60 61 63 65 67 68 69 68 67 66 65 64 63 63 64 65
    66 65 65 64 64 63 63 62 62 62 63 64 65 65 65 65 66 68 70 72 74 75 75
    74 73 71 70 69 68 67 66 65 65 66 67 68 67 65 61 58 54 53 53 54 56 59
    61 63 64 63 62 60 59 58 58 58 59 61 62 63 63 63 63 63 64 65 66 66 66
    66 67 67 67 66 65 65 64 63 62 62 61 61 61 61 61 60 60 60 61 61 62 63
    64 66 67 69 69 69 68 67 66 65 65 66 67 68 69 69 69 68 68 68 67 67 66
    65 64 64 65 67 68 69 70 61 61 62 63 65 66 68 69 69 70 70 70 70 70 70
    69 69 69 70 70 71 70 69 68 66 64 62 61 61 62 63 65 67 68 69 69 68 68
    68 68 68 67 66 65 65 64 63 63 63 63 63 64 65 66 66 66 65 63 62 60 59
    57 57 57 57 59 61 63 65 66 67 67 67 66 67 67 67 67 66 65 63 61 61 61
    61 61 62 64 65 67 68 69 70 70 69 68 67 66 65 64 63 62 62 61 61 61 63
    64 66 68 68 67 66 65 63 62 61 61 62 64 66 67 69 70 70 69 68 66 65 64
    64 64 65 65 66 65 65 65 64 64 63 63 63 63 64 64 65 65 65 66 68 70 73
    75 75 75 74 73 72 71 69 68 67 66 66 66 67 68 69 68 66 62 59 55 54 53
    54 56 58 60 62 63 62 61 59 58 56 56 57 58 60 62 63 64 64 64 64 65 66
    66 66 67 67 68 68 68 68 67 66 65 64 63 62 62 62 62 62 62 62 61 61 62
    62 63 64 65 66 68 69 70 70 69 68 67 66 65 65 66 67 68 68 69 69 69 69
    68 68 67 66 65 65 66 67 68 68 69 60 60 61 63 65 66 67 68 68 68 68 68
    68 69 69 69 69 70 71 71 71 71 70 68 66 64 62 60 60 60 62 63 66 67 69
    69 69 69 68 68 68 67 66 65 64 63 63 63 63 63 63 64 65 66 66 66 65 64
    62 60 59 58 57 57 58 60 62 64 66 68 68 67 67 66 66 66 67 66 66 64 63
    61 60 60 60 60 61 62 64 66 67 69 70 70 70 69 68 67 66 65 64 64 63 62
    62 63 64 65 67 68 68 68 66 65 64 63 63 63 64 66 67 68 70 71 71 71 69
    68 66 65 65 65 65 66 66 66 65 65 65 64 64 63 63 63 64 64 65 65 66 67
    69 71 73 75 76 76 75 74 72 71 69 68 67 66 66 67 68 69 70 69 68 65 61
    58 57 56 56 57 59 60 62 63 62 61 59 57 55 55 55 57 58 61 62 64 64 65
    66 67 67 67 67 67 68 69 69 70 69 68 67 65 64 63 62 61 61 61 62 63 63
    63 63 64 64 65 65 65 66 67 69 70 70 69 69 67 66 65 65 65 66 67 68 68
    68 68 68 68 67 66 66 66 66 66 67 67 67 67 59 60 61 63 64 65 66 66 66
    65 65 66 66 67 68 69 69 70 71 72 72 71 70 69 66 64 62 60 59 59 61 63
    65 67 68 69 69 69 68 68 67 66 65 64 63 63 63 63 63 63 63 64 64 65 65
    66 65 64 63 61 60 59 58 58 59 61 63 65 67 68 68 67 66 65 65 65 65 65
    64 63 62 61 60 60 60 60 60 61 62 64 67 69 70 71 71 70 69 68 67 66 66
    65 64 64 63 64 65 66 67 68 68 68 67 66 65 65 65 65 66 67 67 68 70 70
    71 71 71 69 68 67 66 66 66 66 66 66 66 65 65 64 64 63 62 62 63 64 65
    65 66 67 68 70 72 74 75 75 75 74 73 71 69 68 66 66 66 66 68 69 70 70
    69 67 65 62 61 60 60 60 61 62 63 63 63 62 60 58 55 55 54 55 57 60 61
    63 64 66 67 68 68 68 68 69 69 70 71 71 71 69 68 66 64 63 62 61 62 62
    63 64 65 65 66 66 66 66 66 66 66 67 68 69 70 69 69 68 67 66 65 66 66
    67 68 68 68 68 67 67 66 65 65 65 65 66 66 66 65 65 58 59 60 62 63 64
    64 64 63 63 62 63 63 64 66 67 69 70 71 72 72 72 71 70 68 65 62 60 59
    59 60 62 64 66 68 68 68 69 68 68 67 66 64 63 63 62 63 63 63 63 63 63
    64 64 65 65 65 65 64 62 61 60 60 60 61 63 65 67 68 69 68 67 66 64 63
    62 62 62 61 61 60 60 60 60 60 59 59 59 61 63 65 68 70 71 71 71 70 69
    69 68 68 67 66 66 66 66 66 67 68 68 68 68 67 67 67 67 67 67 67 67 67
    68 69 70 71 72 71 71 70 69 68 68 68 68 68 67 66 65 64 63 62 61 61 62
    63 64 65 66 66 67 68 69 71 73 74 75 75 74 73 71 69 68 66 65 65 66 67
    68 70 70 70 69 68 67 66 64 64 63 64 64 64 64 64 63 61 58 56 55 54 55
    57 59 61 63 65 66 68 69 70 70 69 70 70 71 72 72 71 70 68 66 64 63 62
    61 62 63 64 65 66 67 67 68 68 67 67 66 66 66 67 68 69 69 69 69 68 67
    67 66 67 67 68 68 67 67 66 65 64 63 63 63 63 64 64 64 64 63 58 59 60
    61 62 62 62 62 61 61 60 60 61 63 64 66 68 70 71 72 73 73 72 71 69 67
    64 62 61 61 61 63 64 66 67 67 67 67 67 67 66 65 63 62 62 62 62 63 64
    64 63 63 63 64 65 65 66 66 65 64 63 62 62 62 63 64 66 68 69 69 69 67
    65 63 61 60 59 59 59 58 59 59 59 60 59 59 59 59 60 62 64 67 69 70 71
    71 71 71 70 70 69 69 68 68 68 68 68 68 68 68 68 68 68 68 68 68 68 68
    68 67 66 66 68 69 70 71 71 71 70 70 70 70 70 70 69 68 66 65 63 62 61
    60 60 61 63 64 66 66 66 66 67 67 69 70 72 73 73 73 73 72 69 67 65 64
    63 64 65 66 68 69 70 71 71 70 70 68 68 67 67 66 66 66 66 65 63 60 58
    56 55 56 57 58 60 62 64 67 69 70 71 71 70 70 70 71 71 71 71 69 67 65
    64 63 62 62 62 64 65 67 68 69 69 69 69 68 67 66 66 66 66 67 68 69 70
    70 70 69 68 68 68 68 68 68 67 66 65 64 63 62 61 61 61 62 62 62 62 62
    58 59 59 60 60 61 61 61 60 60 59 60 60 61 63 65 67 69 71 72 73 73 73
    73 71 69 67 65 63 62 62 63 65 66 66 66 66 66 65 66 65 64 62 61 61 61
    62 63 63 64 63 63 63 64 65 66 66 66 66 66 65 64 64 64 64 66 67 69 70
    70 69 67 65 62 60 58 57 56 57 57 57 58 59 59 60 59 59 59 60 62 64 66
    68 70 71 72 72 71 71 71 71 70 70 70 69 69 69 69 69 68 68 68 68 69 69
    69 69 68 67 66 65 65 66 68 69 70 70 70 70 71 71 72 71 71 69 68 66 64
    62 60 59 58 59 61 63 65 67 67 67 66 66 66 67 68 69 70 72 72 72 71 69
    67 64 62 62 62 63 65 67 69 70 71 72 72 72 71 70 69 68 67 67 67 67 66
    63 61 59 57 57 57 57 59 60 62 64 67 69 70 71 71 70 70 70 70 70 70 69
    68 66 64 63 62 62 62 63 64 66 68 69 70 70 69 69 68 67 67 66 66 66 67
    68 69 71 71 71 70 70 69 69 69 68 68 67 66 65 64 62 61 60 60 59 60 60
    61 61 61 59 59 59 60 60 60 60 60 60 60 60 60 60 61 63 65 67 69 71 72
    73 73 73 73 72 71 69 67 65 64 64 64 65 65 65 65 64 64 63 63 63 62 60
    60 59 60 61 63 64 64 64 64 64 65 66 66 67 67 67 66 66 65 64 64 65 66
    68 69 70 70 70 68 65 62 60 58 57 56 56 56 57 58 59 60 60 60 60 60 61
    63 64 66 68 69 71 72 72 72 72 71 71 70 70 70 70 70 70 70 69 69 68 68
    68 69 69 69 68 67 66 64 64 63 65 65 67 67 68 68 69 70 71 72 71 70 69
    67 65 63 61 59 58 57 58 61 63 66 68 68 67 65 64 64 64 65 66 68 69 70
    71 70 68 66 63 62 61 61 62 64 66 68 69 71 72 72 72 71 70 69 69 68 68
    68 67 66 64 62 60 58 57 57 58 58 59 61 63 66 68 69 70 70 69 69 69 69
    69 68 67 66 64 63 62 62 62 62 63 65 66 68 69 70 70 69 69 68 68 67 67
    67 66 67 68 70 71 72 72 72 71 70 70 70 69 69 68 67 65 64 63 61 60 59
    58 59 59 60 61 61 59 59 60 60 60 60 61 62 62 62 62 62 62 62 63 65 67
    69 70 72 72 73 73 74 73 72 70 69 67 65 65 65 65 65 64 63 62 62 61 62
    61 60 59 58 59 59 61 63 64 65 65 65 65 66 66 67 67 67 67 67 66 65 64
    64 65 66 68 69 70 70 69 67 65 62 60 58 57 57 57 57 58 59 60 60 61 61
    61 61 62 63 65 66 68 69 71 72 72 72 72 71 71 70 70 70 70 71 70 70 69
    68 68 68 68 68 69 68 67 66 65 63 62 62 63 64 65 65 65 66 67 68 70 70
    70 69 67 65 64 62 60 58 57 57 58 61 64 66 68 68 67 65 63 62 62 63 64
    65 67 69 69 69 68 65 63 62 62 62 63 64 66 67 69 70 70 70 70 69 68 68
    67 67 67 67 66 65 64 62 60 58 58 57 58 58 59 60 62 64 66 68 69 69 69
    68 68 68 68 67 66 65 64 63 63 62 63 63 64 65 67 69 69 70 69 69 68 68
    68 68 68 68 67 68 69 70 72 73 73 73 72 71 71 70 70 69 68 67 67 65 64
    62 61 59 58 58 59 61 62 62 60 60 60 60 61 62 62 63 64 65 65 64 64 64
    64 66 67 69 70 71 71 72 72 73 72 72 71 70 68 66 65 65 65 64 63 62 61
    61 60 60 60 59 58 58 58 59 61 63 65 66 66 66 67 67 67 67 67 67 67 66
    65 64 63 63 64 65 67 68 69 69 68 66 65 62 61 59 59 58 59 59 59 60 61
    61 61 61 62 63 63 64 65 66 67 69 70 71 72 72 71 70 70 69 69 69 69 70
    70 70 69 68 67 67 67 68 68 67 66 64 63 61 61 60 61 62 62 62 62 63 64
    65 67 68 67 67 65 64 62 61 59 58 57 57 58 61 63 66 67 67 66 64 62 61
    61 61 62 64 65 67 68 69 67 66 64 63 63 63 64 65 66 67 67 68 67 67 66
    66 65 65 65 65 65 65 65 64 62 60 59 57 57 57 57 57 58 58 60 62 64 67
    68 68 68 68 68 67 67 67 66 65 65 64 64 63 64 64 65 66 68 69 70 70 69
    68 68 68 68 68 69 69 68 69 69 70 72 73 74 73 73 72 71 70 70 69 69 68
    67 67 66 64 62 60 59 59 60 61 62 63 60 60 61 61 62 63 64 65 67 67 67
    67 66 65 65 66 67 69 69 70 70 70 70 71 71 71 71 69 68 66 65 64 64 64
    63 62 61 61 61 61 60 59 58 58 58 60 62 64 66 67 67 67 67 67 67 67 67
    67 66 65 64 63 62 62 63 64 65 66 67 67 66 65 63 62 61 60 60 61 61 61
    61 61 62 62 62 62 63 63 64 64 65 66 67 69 70 71 71 71 70 70 69 68 68
    68 68 69 70 69 69 68 67 67 67 67 67 66 65 63 62 60 60 59 60 60 61 60
    60 60 61 63 64 65 65 64 63 62 61 61 60 59 58 58 59 61 63 65 66 66 65
    63 62 61 61 61 62 63 65 66 68 68 68 66 65 65 65 65 66 66 66 67 66 66
    65 64 62 62 61 61 62 62 63 63 63 62 60 59 57 56 56 56 56 57 57 57 59
    61 63 65 67 68 68 68 68 67 67 67 67 66 66 65 65 65 65 65 65 66 68 69
    70 70 69 68 68 68 68 69 69 70 69 69 69 70 72 73 73 73 72 72 71 70 70
    69 69 69 69 68 67 66 64 62 60 60 60 61 62 63 60 60 61 61 63 64 65 67
    68 69 69 68 67 66 65 66 67 68 68 68 68 68 68 69 69 70 69 69 67 66 65
    64 64 64 64 63 63 62 62 62 61 61 60 59 59 60 63 64 66 67 68 68 68 68
    67 67 67 66 65 64 63 62 61 61 62 63 64 64 65 64 64 62 62 61 61 61 62
    62 63 63 63 63 63 63 63 63 63 63 64 64 65 66 67 69 70 70 70 70 70 69
    68 67 67 67 67 68 69 69 69 68 67 66 66 66 66 65 63 62 60 59 59 59 59
    59 60 59 59 59 60 61 62 63 63 62 61 61 61 61 60 60 59 59 59 60 62 64
    65 65 64 62 61 61 61 61 62 63 65 67 68 69 69 68 67 67 67 67 67 67 66
    66 65 64 62 60 59 58 58 58 59 59 60 60 60 60 58 57 56 55 55 55 56 56
    56 57 58 60 62 64 66 67 68 67 67 68 68 68 68 68 68 67 66 65 65 65 65
    66 67 69 69 69 69 68 68 68 69 69 70 70 69 69 69 70 71 72 72 72 72 71
    70 69 69 69 69 69 69 69 69 68 66 63 61 60 60 61 61 62 60 60 61 61 63
    64 66 67 69 69 69 69 67 66 65 66 66 67 66 66 66 66 66 66 67 67 68 67
    66 65 65 65 65 66 66 65 65 64 64 64 63 62 61 60 60 61 63 64 66 67 68
    68 68 67 67 67 67 66 65 64 62 61 60 61 61 62 63 63 62 62 61 60 60 60
    60 61 63 63 64 64 64 63 63 63 63 63 63 63 63 64 65 66 67 68 69 69 69
    69 69 68 68 67 67 66 67 68 69 69 69 68 67 66 65 65 64 63 62 60 59 58
    58 58 59 59 60 59 59 59 59 60 61 62 62 61 61 61 61 61 62 61 61 60 60
    61 61 62 63 63 63 61 61 61 62 62 64 65 66 68 69 70 70 69 69 69 68 68
    67 66 65 65 63 62 60 58 57 56 56 56 56 57 58 58 59 58 57 56 55 55 55
    55 56 57 57 57 58 60 62 64 66 67 67 67 67 68 68 69 70 69 69 68 67 66
    65 64 64 65 67 68 68 68 68 68 68 68 69 69 70 70 69 69 68 69 70 71 71
    71 70 70 69 69 68 68 69 69 70 70 70 69 67 64 62 60 59 59 60 60 60 60
    61 62 64 65 66 67 69 69 69 68 67 65 65 65 65 65 65 64 64 63 63 64 65
    66 66 66 65 65 65 65 66 67 67 67 66 66 66 66 65 64 62 61 61 61 63 64
    65 66 67 67 67 68 68 68 67 67 66 64 63 62 61 61 62 62 62 62 61 60 59
    58 58 59 60 61 63 64 64 64 64 64 64 64 63 63 62 62 62 63 64 66 66 68
    68 68 68 68 68 68 67 67 67 66 67 67 68 69 69 68 67 66 64 63 62 61 60
    59 59 58 59 59 60 60 60 60 60 59 60 60 61 61 61 61 60 61 61 62 63 63
    63 62 62 61 61 62 62 62 62 61 61 61 62 63 65 66 68 69 70 71 71 71 70
    70 69 68 66 65 64 63 62 61 59 58 56 55 55 55 55 56 57 57 57 57 56 55
    55 55 56 56 58 58 58 59 59 61 62 64 65 66 66 66 66 67 68 69 70 70 69
    68 67 65 64 63 63 64 65 66 66 67 67 67 67 68 68 69 69 69 68 68 68 68
    69 70 70 70 69 69 68 68 68 68 68 69 70 70 70 69 67 64 62 60 58 58 58
    58 60 60 61 62 64 65 67 68 69 69 69 68 67 66 65 65 65 65 64 63 62 62
    62 63 64 64 64 64 64 64 64 65 66 68 68 68 68 67 67 66 65 64 63 62 61
    61 62 63 64 64 65 66 67 68 68 69 68 68 66 65 63 62 62 62 62 63 63 62
    60 58 57 56 57 58 59 61 62 63 64 64 64 64 64 64 63 63 62 61 61 62 63
    65 66 66 66 67 66 67 67 67 67 67 67 67 67 67 68 68 68 67 66 64 63 61
    60 59 59 59 59 59 60 61 61 61 62 61 61 60 61 61 62 62 61 61 61 61 62
    63 64 65 64 64 63 62 62 62 62 62 62 61 61 62 63 64 66 67 69 70 71 71
    71 71 70 70 69 68 66 65 64 63 62 61 60 58 57 56 56 56 56 56 57 57 57
    57 57 56 57 57 57 58 59 60 60 61 61 62 63 64 64 64 64 64 65 66 67 68
    69 69 69 68 66 65 63 63 62 63 63 64 64 65 65 66 67 67 68 69 69 68 68
    68 67 68 69 69 69 69 68 68 67 67 67 68 69 69 70 70 70 68 66 64 61 59
    58 57 57 57 61 61 62 63 65 66 67 68 68 69 68 68 67 67 67 66 66 65 64
    63 62 62 62 63 63 64 64 63 63 63 63 65 66 68 69 69 69 68 67 66 65 65
    64 62 62 61 62 62 62 63 64 65 66 68 69 70 70 69 67 66 64 64 63 63 64
    64 64 62 60 58 56 55 56 57 59 61 62 63 63 64 64 64 64 64 63 63 62 61
    61 62 63 64 65 66 66 66 65 65 66 66 67 67 67 67 67 67 67 67 67 66 65
    63 61 59 58 58 58 59 59 60 61 62 63 63 63 62 62 61 61 61 62 62 62 61
    61 62 62 64 65 66 66 65 64 63 62 62 63 63 63 63 62 63 64 65 67 68 69
    70 70 70 70 70 70 69 68 67 65 64 64 63 63 62 61 60 58 58 57 57 57 57
    57 57 57 57 57 57 58 59 59 60 61 62 62 63 63 63 63 63 63 63 63 63 64
    65 66 67 68 69 69 67 66 64 63 62 61 61 61 61 62 63 64 65 66 67 68 69
    69 68 68 67 67 67 68 68 68 68 67 67 66 66 67 67 69 69 70 70 69 68 66
    64 61 59 58 58 57 57 62 62 63 64 65 67 68 68 69 69 69 69 69 69 69 68
    68 67 65 63 62 62 62 63 64 64 64 63 62 62 62 64 65 67 68 69 69 68 67
    66 65 64 64 63 63 62 62 61 61 61 62 63 65 67 69 69 69 69 67 66 65 65
    64 65 65 65 65 63 60 58 56 55 56 58 59 61 62 62 62 63 63 63 63 63 63
    63 62 62 61 62 63 64 65 65 65 65 65 65 65 66 66 66 67 66 66 66 66 66
    65 65 63 61 59 58 57 57 57 59 60 62 63 64 65 65 64 63 62 61 61 62 62
    62 62 62 62 62 63 64 65 66 66 66 65 64 63 63 64 64 64 64 64 64 64 65
    66 67 69 69 69 69 69 69 68 68 68 67 65 65 64 64 64 63 62 61 60 60 59
    59 59 59 58 58 58 58 58 59 60 61 62 62 63 64 64 64 64 64 63 62 61 61
    61 62 63 64 65 67 68 68 68 67 66 64 63 62 61 60 60 60 60 61 62 64 66
    67 68 69 68 68 68 67 67 67 68 68 68 67 66 66 66 66 67 68 69 69 70 70
    69 67 65 63 61 60 59 59 59 59 62 62 63 64 65 67 68 68 69 69 69 70 70
    70 71 70 70 68 67 65 64 64 64 64 65 65 64 63 62 61 61 63 65 66 68 68
    68 67 66 65 64 64 64 64 64 64 63 62 61 60 60 61 63 66 67 68 68 68 67
    66 65 65 65 66 66 66 66 64 61 58 56 55 56 58 60 62 62 62 62 62 61 62
    62 62 62 63 62 62 62 63 63 65 66 66 66 65 65 65 65 65 65 66 66 66 66
    66 65 65 64 63 62 60 58 57 56 56 57 59 61 63 65 66 66 66 65 63 62 61
    61 61 61 62 62 62 62 63 63 64 65 66 66 66 65 64 63 64 65 66 66 66 65
    65 65 65 66 66 67 67 67 67 67 67 67 67 67 66 65 65 65 65 65 64 63 62
    62 61 61 61 60 60 59 59 58 59 60 61 62 63 64 64 64 65 65 66 65 64 63
    62 60 60 60 61 62 64 65 66 68 68 69 68 66 65 64 62 61 60 60 59 59 60
    62 64 66 68 69 69 68 67 67 67 67 67 67 67 66 65 65 64 65 65 66 67 68
    69 69 69 68 67 65 64 63 62 61 61 61 61 61 61 62 63 65 66 68 68 69 69
    70 70 71 72 72 72 71 70 68 67 66 65 65 66 66 66 65 64 62 61 62 63 64
    66 68 68 68 67 65 64 63 64 65 65 66 65 64 62 61 60 59 60 62 64 65 66
    66 66 66 65 65 66 66 67 67 67 66 64 61 59 57 57 57 59 61 62 62 62 61
    60 60 60 60 61 61 62 62 62 62 63 64 65 66 66 66 66 65 64 64 63 63 64
    64 64 65 65 64 64 62 62 61 60 58 57 57 57 58 60 62 64 66 67 67 67 65
    64 62 61 60 61 61 62 62 63 63 63 64 64 65 65 65 65 64 63 64 65 66 68
    68 68 66 65 65 65 65 65 66 66 66 65 65 65 65 66 66 66 66 66 66 66 66
    65 64 62 62 62 62 62 62 61 60 60 59 60 61 62 64 65 65 65 65 65 66 66
    66 65 63 61 60 60 60 61 62 64 65 67 68 69 69 68 67 66 65 63 62 61 60
    60 60 61 63 65 67 69 69 69 68 67 66 66 66 66 66 65 64 64 63 63 64 65
    66 68 69 69 70 69 68 67 66 65 64 64 63 63 63 63 60 60 61 62 64 65 66
    67 68 69 69 70 70 71 72 72 71 70 69 68 67 67 67 67 68 67 66 65 63 62
    63 63 65 67 68 68 68 66 64 63 62 63 64 66 67 66 65 63 61 60 60 60 61
    62 63 64 64 64 64 64 65 65 66 67 67 67 66 65 62 60 58 58 59 61 62 63
    63 62 61 60 59 58 58 59 60 61 61 61 61 63 64 65 67 67 67 66 66 64 64
    63 62 62 63 64 64 65 64 63 62 61 60 59 58 58 57 58 59 61 63 65 66 67
    68 67 66 64 62 60 60 60 60 62 62 63 63 64 64 64 65 65 64 63 63 63 64
    65 67 69 69 68 67 65 64 64 64 64 65 65 65 64 64 64 65 66 66 67 67 67
    67 66 66 64 63 62 61 61 62 62 62 62 61 61 60 61 62 63 65 65 66 65 65
    65 65 65 65 65 63 61 60 59 60 61 63 64 65 67 68 69 70 69 68 67 66 64
    63 62 61 60 61 62 64 66 69 70 70 69 68 66 65 65 65 64 64 63 62 61 62
    62 64 65 67 68 69 69 69 69 68 68 67 67 66 65 65 64 64 64 59 59 59 60
    62 63 65 66 67 68 68 69 70 70 71 71 70 69 69 68 67 67 68 68 68 68 67
    66 65 64 65 65 66 68 68 68 67 66 64 62 62 63 64 66 67 67 66 64 63 61
    61 61 61 61 62 62 62 63 63 64 65 65 66 67 67 67 66 65 63 61 60 60 61
    62 63 64 63 62 61 59 58 57 57 57 58 59 59 59 60 62 63 65 66 67 67 67
    66 65 64 62 61 61 62 63 64 64 64 63 61 61 60 60 59 59 59 59 61 62 64
    65 67 68 68 67 65 63 62 60 60 60 61 62 63 64 65 65 65 65 65 64 63 62
    62 62 64 66 68 69 69 68 66 64 63 63 63 64 64 65 65 65 65 65 65 66 67
    67 67 67 67 66 65 63 62 61 61 61 62 63 63 62 62 61 61 62 63 65 66 66
    66 65 65 64 64 65 65 65 64 62 60 60 60 61 63 64 65 67 68 69 70 70 70
    68 67 65 64 63 62 61 62 63 65 67 70 71 71 69 68 66 65 64 64 63 62 61
    60 59 60 62 64 66 67 68 69 69 70 69 69 68 68 67 67 66 65 65 65 65 58
    58 58 59 60 62 64 65 67 68 68 68 69 69 69 69 68 68 67 67 67 67 68 68
    68 68 68 67 67 67 67 68 69 69 69 68 67 65 63 61 61 62 64 66 67 67 66
    65 63 63 62 61 61 61 61 61 61 61 62 63 64 65 65 66 67 67 66 65 64 63
    63 63 63 64 65 65 64 63 61 59 57 56 56 56 56 57 57 58 58 60 62 64 66
    67 67 67 66 65 64 63 62 62 62 64 65 65 65 64 62 61 60 60 60 60 61 61
    62 63 64 65 67 67 68 67 65 63 61 60 60 61 62 63 64 65 65 66 65 65 64
    63 62 61 61 62 64 66 68 69 69 67 65 63 62 62 63 63 64 65 65 65 65 65
    65 66 66 67 67 67 66 65 64 62 60 60 60 61 62 63 63 63 62 62 62 63 64
    66 67 67 67 65 64 63 64 64 65 65 64 63 61 60 60 61 62 63 65 66 68 69
    70 71 71 70 68 67 65 63 62 62 62 63 65 68 70 71 71 69 67 65 64 63 62
    61 59 58 57 57 59 61 63 66 67 68 69 69 69 69 69 68 68 67 66 66 65 65
    65 64 57 57 57 58 59 61 63 64 66 67 67 68 68 68 67 67 66 66 65 65 66
    66 67 67 68 68 69 68 69 69 69 69 70 70 69 68 66 64 63 61 61 62 64 65
    66 67 66 65 64 64 63 63 62 61 60 60 60 60 62 63 64 65 65 66 66 66 66
    66 65 64 64 65 65 66 67 67 66 64 62 60 58 57 56 56 55 55 55 55 56 58
    60 62 64 66 67 67 67 66 65 64 63 63 64 65 66 67 66 65 63 62 61 62 62
    62 62 62 63 63 64 65 66 67 67 66 65 62 61 60 60 61 62 64 65 66 66 66
    66 65 64 63 62 60 60 61 63 66 68 69 67 66 63 62 61 62 62 63 64 65 66
    66 66 66 66 66 66 66 65 65 64 63 62 60 59 59 59 61 62 63 63 63 63 63
    63 65 66 67 67 67 67 65 64 63 64 64 65 65 65 63 61 60 59 59 60 61 63
    65 67 68 70 71 71 70 69 67 65 64 63 62 62 63 65 67 70 71 71 69 68 66
    64 63 61 59 57 56 55 55 57 60 63 65 67 68 68 68 68 68 68 68 67 66 66
    65 65 64 64 64 56 56 57 58 59 61 62 64 65 66 66 67 67 67 66 65 64 64
    64 64 65 65 66 66 67 67 68 69 70 70 71 71 71 70 69 68 66 64 62 61 61
    62 63 65 65 66 66 65 65 65 64 63 62 61 60 59 59 59 61 62 63 64 64 65
    65 66 66 66 66 66 66 66 67 68 68 68 68 66 64 61 59 57 57 56 55 55 54
    54 55 56 59 61 64 66 67 68 68 68 68 67 66 66 66 67 68 68 67 66 64 63
    62 63 63 63 63 63 63 63 63 64 65 66 67 66 64 62 61 60 60 62 63 65 65
    66 66 66 66 65 64 62 60 59 59 60 62 65 66 67 66 64 62 60 60 61 62 63
    64 65 66 66 66 66 65 64 64 64 63 63 62 61 60 59 58 58 59 61 63 64 64
    63 63 63 64 65 66 67 68 67 67 65 64 64 64 65 65 66 65 63 61 59 58 57
    57 59 61 63 65 67 69 71 71 71 70 68 65 64 63 62 62 63 65 67 69 70 70
    69 68 66 64 62 60 58 56 54 53 54 56 59 62 64 66 66 66 66 67 67 67 66
    66 65 65 64 64 64 64 64 56 56 57 58 60 61 62 63 64 65 65 66 66 66 65
    65 64 63 63 63 64 64 65 65 66 67 68 69 70 71 71 71 70 69 68 67 65 63
    62 61 61 62 63 64 65 65 65 65 65 65 65 64 62 61 59 58 58 59 60 62 63
    64 64 64 65 65 65 66 65 65 66 67 68 69 70 70 69 68 65 63 60 59 58 57
    56 55 53 53 53 55 58 60 63 65 67 68 69 70 70 70 69 69 68 69 69 69 68
    66 65 64 63 63 64 64 64 63 62 61 61 62 64 65 66 65 64 62 60 60 61 62
    63 65 65 66 66 65 65 64 63 61 59 58 57 58 60 63 64 65 64 62 60 59 59
    60 61 62 63 65 65 66 66 65 64 63 62 61 60 60 59 58 57 57 57 58 59 61
    63 64 64 64 64 64 64 66 67 67 68 67 67 65 65 64 65 65 66 66 65 63 60
    58 56 55 55 57 59 61 64 66 68 70 71 70 69 67 65 64 63 63 63 63 64 66
    67 68 69 68 67 66 64 62 60 57 55 53 53 53 56 58 61 63 64 65 65 65 66
    66 66 65 65 64 64 64 64 64 64 63 57 57 58 59 61 62 63 63 63 64 64 65
    66 66 65 65 64 64 63 64 64 64 64 64 65 66 67 69 70 71 71 70 69 68 67
    65 64 62 61 60 60 61 62 63 64 65 65 65 65 65 64 63 62 60 58 57 57 58
    60 61 62 63 63 63 64 65 65 65 65 65 66 67 68 70 70 71 70 69 66 64 61
    60 58 57 56 55 54 53 53 55 57 60 63 65 67 69 70 71 71 71 71 70 70 70
    69 69 68 67 65 64 64 64 64 64 64 62 61 59 59 60 61 63 65 64 63 61 60
    60 61 62 63 64 65 65 65 64 64 63 61 59 57 56 56 57 58 61 62 62 62 60
    59 58 58 59 60 61 62 64 64 65 64 64 62 61 60 59 58 58 57 56 55 56 56
    58 60 62 64 64 65 64 63 63 64 65 66 67 67 66 66 65 65 65 66 66 67 66
    64 62 59 56 54 53 53 55 57 60 62 65 67 68 69 68 68 66 65 64 63 63 63
    63 64 64 65 66 66 66 65 64 63 61 59 57 55 54 53 54 56 58 61 62 63 64
    64 64 64 64 64 64 64 63 63 63 64 64 64 63 58 58 59 60 61 62 63 62 62
    62 62 63 64 65 65 65 65 65 65 65 64 64 64 64 64 65 67 69 70 71 70 69
    68 67 66 64 63 62 60 60 59 60 61 62 63 64 65 65 65 65 64 62 60 59 57
    57 57 58 60 61 62 62 62 63 63 64 64 64 64 65 65 66 67 69 70 70 70 69
    66 64 62 60 59 58 56 55 54 54 54 55 58 60 62 64 66 68 70 71 71 71 71
    70 69 69 68 68 67 66 65 64 63 64 64 64 63 61 59 58 57 57 59 61 63 63
    62 61 60 60 61 62 63 64 64 64 64 64 63 62 60 58 56 55 55 56 57 59 60
    61 60 59 58 57 57 58 59 60 61 62 63 63 63 62 61 60 59 58 57 56 55 54
    54 54 55 57 59 62 64 65 65 64 64 63 64 64 65 65 66 66 65 65 65 66 67
    67 67 66 64 61 58 55 53 53 53 55 57 60 62 64 65 66 66 66 65 65 64 64
    64 64 64 63 63 63 63 63 64 63 63 62 61 60 59 57 55 54 54 55 56 58 60
    62 63 63 63 63 64 64 64 63 63 62 62 63 63 63 63 63 59 59 60 61 62 62
    62 62 61 60 61 62 63 64 65 66 66 66 66 66 65 64 64 64 64 65 66 68 69
    70 69 68 67 65 64 63 62 60 59 58 58 59 60 61 62 63 64 64 64 63 62 61
    58 57 56 55 56 57 59 60 61 61 61 62 62 63 63 63 64 64 64 65 66 67 68
    69 69 68 66 64 62 60 59 58 57 55 55 55 55 56 58 60 62 63 65 67 68 69
    69 69 69 69 68 68 67 67 66 65 64 63 63 63 63 63 62 60 58 56 56 56 58
    60 62 62 62 60 60 60 61 62 63 63 64 64 64 63 63 61 60 58 56 55 55 55
    57 58 60 60 60 59 58 57 57 57 58 59 60 61 62 63 62 62 61 60 59 58 57
    56 54 54 53 54 55 57 60 62 64 65 65 64 63 62 62 63 64 64 65 65 65 65
    65 66 67 67 67 65 63 60 57 55 53 53 54 56 58 60 62 63 64 64 64 63 63
    63 63 63 64 64 64 63 61 60 60 60 60 60 60 60 59 59 58 57 56 55 55 56
    58 59 60 61 62 63 63 63 64 63 63 62 62 61 61 62 62 62 62 61 60 60 61
    62 62 62 62 61 60 59 60 61 62 64 65 66 67 68 68 68 67 66 65 65 65 65
    67 68 69 69 69 67 66 64 63 62 61 60 59 58 57 58 59 61 62 63 64 64 63
    62 61 59 56 55 54 54 55 57 58 59 60 60 60 60 60 61 62 62 63 63 63 64
    64 65 66 67 67 67 65 64 62 61 59 58 57 56 56 56 56 57 58 59 61 62 63
    64 65 66 66 67 67 67 67 67 66 66 65 64 63 63 62 62 62 62 61 60 58 56
    56 56 58 59 61 61 61 60 59 60 61 62 63 64 64 64 64 64 63 62 60 58 57
    56 55 56 57 59 60 61 61 60 59 58 57 57 57 58 60 61 62 63 62 62 62 61
    60 59 58 57 55 54 54 55 56 58 60 63 65 66 66 65 64 62 62 62 63 63 64
    64 64 64 65 66 67 67 66 64 62 59 57 55 54 55 56 58 60 61 63 63 64 63
    63 62 61 61 62 63 64 64 63 61 59 58 57 57 57 58 58 58 58 58 58 57 56
    56 56 57 58 59 60 61 62 62 63 64 64 64 63 62 61 60 60 60 60 60 59 59
    61 62 62 62 63 62 62 61 60 60 60 61 63 64 65 66 67 68 69 69 68 67 66
    66 66 66 67 68 69 69 68 66 65 63 62 61 60 59 58 57 57 58 59 61 63 64
    64 64 63 61 59 57 55 54 53 53 54 56 57 58 59 59 59 59 59 60 61 62 62
    63 63 63 63 63 64 64 65 65 65 64 63 61 60 59 58 57 57 57 57 58 59 59
    60 60 61 61 62 62 63 64 65 65 66 66 66 66 65 64 63 62 62 61 61 61 61
    60 59 58 57 57 59 60 62 62 62 61 60 60 61 62 63 64 65 65 65 64 64 63
    61 59 58 57 57 58 59 60 61 62 63 62 61 60 58 57 58 59 61 62 63 64 63
    63 63 63 62 61 60 58 57 56 55 56 57 59 62 64 66 67 67 66 64 63 62 62
    62 63 64 64 65 65 65 65 66 65 65 63 61 58 57 56 57 58 59 61 62 64 64
    64 64 63 62 61 60 60 60 61 62 62 61 59 57 55 55 55 56 56 57 57 57 58
    58 57 57 57 57 57 59 59 60 60 61 62 63 64 65 64 63 62 60 59 58 58 58
    58 57 57 62 62 63 63 63 63 62 61 61 61 62 63 64 64 65 65 67 68 69 69
    69 68 68 67 67 67 67 68 68 68 67 65 64 62 61 60 59 59 58 57 57 58 60
    62 64 65 65 64 62 60 58 56 54 53 53 53 54 55 56 57 57 57 57 57 58 59
    60 61 62 63 63 62 62 61 61 62 63 64 64 64 64 63 62 61 60 59 58 58 58
    58 59 58 58 58 58 58 59 59 61 62 63 65 66 66 66 66 65 64 63 62 61 61
    61 61 61 61 60 60 59 59 60 61 63 63 62 61 61 61 62 63 64 65 66 66 65
    65 64 63 62 61 59 59 59 60 61 62 63 64 64 64 63 61 59 58 59 60 62 64
    65 65 65 64 64 64 64 63 62 60 58 57 57 58 59 61 64 66 67 68 68 67 66
    64 63 63 63 64 65 65 65 65 65 65 65 64 63 62 60 58 57 58 59 60 62 64
    65 66 67 66 66 65 63 61 59 59 59 60 60 61 59 58 55 54 54 54 55 56 57
    57 58 58 58 58 57 57 57 58 58 59 59 59 61 62 63 64 65 65 64 62 60 58
    57 57 56 56 56 56 62 62 62 63 63 63 63 63 63 64 65 65 65 65 65 64 65
    66 68 69 70 69 69 68 67 67 68 68 68 68 67 65 63 61 60 59 58 58 58 58
    58 59 61 63 65 65 65 63 61 59 57 56 55 54 54 55 55 56 56 56 55 55 55
    56 57 58 59 61 62 63 63 62 61 60 60 60 61 63 64 65 65 64 63 62 61 60
    60 59 59 59 59 58 57 56 56 56 56 57 59 61 63 65 66 67 67 67 66 65 64
    63 62 61 61 62 62 62 62 62 62 62 62 63 64 64 64 63 62 62 63 64 65 66
    67 67 66 66 64 63 62 61 60 60 60 61 62 63 64 65 65 65 64 63 61 60 61
    63 65 67 68 67 67 66 65 65 65 65 63 62 60 59 59 59 61 63 66 68 69 69
    69 69 67 66 65 64 65 65 66 66 66 65 65 64 64 63 62 61 59 58 58 59 61
    63 65 66 67 68 68 68 67 66 63 61 59 58 57 58 58 59 58 56 54 53 53 54
    56 57 58 58 58 58 58 58 58 58 58 58 58 58 58 58 59 61 63 64 66 66 64
    63 60 59 57 56 56 56 55 55 61 62 62 62 63 63 64 64 66 66 67 68 67 66
    65 64 64 66 67 69 70 69 69 68 68 68 69 69 69 68 67 65 63 61 59 58 58
    58 58 58 59 60 62 64 66 66 65 63 61 59 57 57 56 56 57 57 57 57 56 55
    54 54 54 55 56 58 59 61 63 63 63 62 61 60 60 60 61 62 64 65 66 65 64
    63 62 62 61 60 60 59 59 57 56 55 55 55 55 57 59 61 63 65 66 67 67 67
    66 65 64 63 62 62 62 62 63 64 64 64 64 63 63 64 65 65 64 64 63 63 63
    65 66 67 67 67 66 66 64 63 62 61 61 61 61 62 62 63 63 64 64 65 64 63
    62 62 63 65 68 70 70 70 68 67 66 66 66 65 64 62 61 60 60 61 63 65 68
    69 71 71 71 71 69 68 67 66 66 66 67 66 66 65 64 64 63 62 61 60 59 59
    59 60 62 64 66 68 69 69 69 69 68 66 64 61 59 57 57 57 58 58 57 56 54
    53 54 55 57 59 60 60 60 59 59 58 59 59 59 59 59 58 57 57 58 60 62 64
    66 66 65 64 61 60 58 57 56 56 56 56 59 60 60 61 62 63 65 66 68 69 70
    70 69 68 66 65 64 65 66 68 69 69 68 68 68 68 69 69 70 69 68 66 64 62
    60 59 58 58 58 58 59 60 62 64 65 65 64 62 60 58 58 58 58 59 60 60 60
    59 57 55 54 54 54 56 57 58 60 62 63 64 63 63 61 61 60 60 61 63 65 66
    66 66 65 64 63 62 62 61 61 60 59 58 56 55 55 54 55 57 59 62 64 65 66
    67 67 67 67 66 65 64 63 62 62 63 64 65 65 65 65 64 64 65 65 65 65 64
    64 64 64 65 66 67 67 67 66 65 63 62 61 60 60 60 61 61 62 62 62 62 63
    64 64 64 64 64 66 68 70 72 72 71 70 68 67 66 66 65 64 63 62 61 61 62
    64 66 69 71 72 72 72 72 71 70 69 68 68 67 67 66 66 65 64 63 63 62 61
    60 59 59 60 61 63 65 66 68 69 69 69 69 68 66 64 61 59 57 57 57 58 58
    57 56 54 54 54 56 59 61 63 62 61 60 59 59 59 60 60 60 59 58 57 56 57
    58 60 63 65 66 66 65 63 61 60 59 59 58 58 58 57 57 58 59 61 63 65 67
    69 70 71 71 70 69 67 65 65 65 66 67 68 68 67 67 67 68 69 70 71 70 69
    67 66 63 61 60 59 59 58 58 59 60 61 63 64 64 63 61 60 59 58 59 60 62
    63 63 62 60 58 56 55 55 56 57 58 59 61 62 63 64 64 63 62 61 61 61 62
    63 65 66 66 65 64 64 63 63 63 62 61 60 59 58 56 55 54 54 56 58 60 62
    64 65 66 66 66 67 67 66 66 65 64 63 63 63 64 65 65 65 65 64 64 64 65
    65 65 65 64 64 64 64 65 66 65 65 64 64 62 61 60 59 59 59 60 60 60 60
    60 60 61 62 63 64 65 67 68 70 72 74 74 73 71 69 67 67 66 66 65 64 63
    62 62 63 65 67 69 71 72 73 73 73 73 72 70 69 68 67 67 66 66 65 64 64
    63 62 61 60 60 60 60 62 63 65 66 68 68 69 69 68 67 65 63 61 59 58 58
    58 59 59 58 57 55 55 56 58 61 63 64 64 62 60 59 59 59 60 60 60 59 58
    56 55 55 57 59 62 64 65 65 65 64 63 62 62 61 61 60 60 55 55 56 58 59
    62 64 67 69 71 72 72 71 69 68 66 65 65 66 67 67 66 66 66 66 67 69 70
    71 71 70 69 67 65 64 63 62 61 59 59 58 59 59 61 62 62 61 60 59 59 59
    61 63 64 65 65 64 62 60 58 57 58 58 59 60 61 62 63 64 65 65 64 64 63
    63 63 63 64 65 66 66 65 64 63 62 63 63 63 62 61 60 58 57 55 55 55 57
    59 61 63 64 65 65 65 66 66 66 66 66 66 64 64 63 63 64 64 65 65 64 63
    63 64 64 65 65 65 64 64 63 64 64 64 64 64 63 62 60 60 58 58 58 58 58
    58 58 58 58 58 59 61 63 65 67 69 70 72 73 74 74 73 70 69 67 67 67 67
    67 66 65 64 64 65 66 68 69 71 72 72 73 73 73 72 70 68 67 66 66 65 66
    65 65 65 64 63 62 61 60 61 61 63 64 65 66 67 68 68 68 67 66 65 63 61
    60 60 60 60 61 61 60 59 57 56 57 59 62 64 65 65 63 61 60 59 59 60 60
    60 59 58 56 54 54 55 58 60 63 64 65 65 64 64 64 64 64 63 63 63 54 55
    56 57 59 62 65 67 69 71 71 71 70 69 68 66 65 65 65 66 66 65 64 64 65
    66 68 69 70 70 70 69 68 67 66 65 64 62 61 59 58 58 58 59 60 60 60 59
    59 60 61 62 64 66 66 66 65 63 61 60 60 60 61 61 62 62 63 63 64 65 65
    65 65 64 64 64 64 64 65 65 65 64 62 61 61 62 62 62 62 61 60 58 56 55
    55 56 57 59 61 62 63 64 64 64 65 66 66 66 66 65 64 63 62 62 62 63 63
    63 63 63 63 63 64 65 65 65 65 64 63 63 63 63 62 62 61 60 59 58 57 57
    56 57 57 57 57 57 57 57 58 60 63 66 68 70 72 73 74 74 73 72 70 68 67
    67 68 68 68 68 67 66 66 66 67 68 69 70 71 72 72 73 72 71 69 67 65 64
    64 65 65 65 66 66 65 65 64 63 62 62 63 64 65 66 66 67 67 67 67 66 65
    64 63 62 61 61 61 61 62 62 62 61 59 58 59 61 63 65 66 65 64 61 60 59
    59 60 60 60 59 58 56 54 54 55 57 60 62 64 65 65 65 65 65 66 66 66 65
    65 55 56 57 58 60 62 65 67 69 70 71 71 70 69 67 66 64 64 63 63 63 63
    62 62 63 64 66 67 69 69 70 69 69 68 68 67 66 65 63 61 59 58 58 58 58
    59 59 59 60 61 62 64 66 67 67 66 65 63 62 61 62 62 63 63 63 63 63 64
    65 66 66 66 66 66 65 65 64 65 65 64 64 62 61 60 59 60 61 61 61 60 59
    57 56 55 56 57 58 59 61 62 63 63 64 64 64 65 65 65 65 64 63 62 61 61
    61 62 62 62 62 62 62 64 65 66 66 66 65 64 63 63 62 62 62 61 60 59 58
    57 56 55 56 57 57 58 58 57 57 58 59 61 64 67 69 72 73 74 74 73 72 70
    68 67 66 67 68 69 70 70 69 69 69 68 69 68 69 69 69 70 71 71 70 69 67
    65 64 63 63 64 65 66 67 67 67 67 65 65 63 64 64 65 65 66 66 67 67 67
    66 66 65 64 64 63 63 62 62 62 63 63 63 62 60 60 60 62 64 65 66 65 64
    62 61 60 59 60 60 60 59 58 56 54 54 55 57 60 62 63 64 64 65 66 66 67
    67 67 67 67 58 58 59 60 62 63 65 67 69 70 70 70 68 67 65 63 62 61 61
    61 61 60 60 60 61 62 64 66 67 67 68 68 68 68 68 68 67 66 64 63 61 59
    58 58 58 58 59 60 61 62 64 65 67 67 67 66 65 63 62 62 63 64 64 64 64
    63 63 64 65 66 67 67 67 66 65 65 64 64 64 63 62 60 59 58 57 58 58 59
    58 58 57 56 55 56 57 58 59 60 61 61 62 63 63 64 64 64 64 64 63 63 61
    61 60 60 60 61 61 62 62 62 63 64 66 67 67 67 66 65 64 63 62 62 62 61
    60 59 57 56 56 55 56 57 59 59 59 59 59 59 60 62 65 67 70 72 74 74 74
    72 70 68 66 65 65 66 68 70 71 71 71 70 70 69 69 68 67 67 67 68 68 68
    67 66 64 63 62 62 62 63 65 66 68 69 69 69 67 66 65 65 65 66 66 67 66
    66 66 66 66 66 66 65 65 64 64 63 63 62 63 63 63 63 62 62 62 63 64 66
    66 65 64 62 61 60 60 60 60 60 60 58 56 55 54 55 57 60 62 63 64 64 65
    66 67 68 69 69 69 69 60 61 61 62 63 64 65 67 68 69 69 68 66 65 62 61
    59 58 58 58 58 58 58 58 59 61 63 64 65 66 66 67 67 67 67 68 68 67 66
    65 63 61 60 59 59 59 60 61 63 64 65 67 68 68 67 66 64 63 62 63 64 64
    65 64 63 63 63 64 66 67 68 68 67 67 66 65 64 64 63 62 60 58 57 55 55
    55 56 56 56 56 55 55 55 56 57 58 59 60 60 61 61 62 63 64 64 64 63 63
    61 61 60 59 59 59 60 61 62 62 62 62 63 65 66 67 67 67 66 65 64 63 63
    63 63 62 61 60 59 57 57 56 57 59 61 62 62 62 62 62 63 64 66 68 71 73
    74 74 73 71 69 66 64 63 63 65 67 69 71 72 72 71 70 69 68 67 65 65 65
    65 66 66 65 64 63 62 61 61 62 63 65 66 68 70 70 70 69 68 66 66 66 67
    67 67 66 65 65 65 66 66 66 67 67 66 66 64 63 62 62 63 63 63 63 63 63
    64 65 66 66 65 64 63 62 62 61 61 61 61 60 59 57 56 56 56 58 60 62 63
    63 64 65 66 68 69 70 70 70 70 63 63 63 64 64 65 65 66 67 68 67 66 64
    62 60 58 56 55 55 56 56 57 57 58 59 60 62 63 64 64 65 65 65 66 66 67
    67 67 66 66 64 63 62 61 61 61 62 63 64 66 67 68 68 68 67 66 64 63 63
    63 64 64 64 64 63 62 63 64 65 67 67 68 67 66 65 65 64 63 62 61 59 57
    55 54 53 53 53 54 54 54 54 54 55 56 58 59 60 60 60 60 61 62 63 64 64
    63 62 61 60 59 58 58 58 59 60 61 62 62 62 63 64 65 66 67 67 67 66 64
    64 63 63 64 64 63 63 62 60 59 58 58 59 61 63 64 64 64 64 64 64 65 67
    69 71 73 74 74 73 70 67 64 62 61 62 64 66 69 70 71 71 71 70 68 67 65
    63 63 62 62 62 63 62 61 61 61 61 61 62 63 64 66 68 70 71 71 70 69 68
    68 67 68 67 67 65 65 64 64 65 66 68 69 69 69 68 66 64 63 62 62 63 63
    64 64 64 65 66 66 66 66 65 64 64 63 62 62 62 61 61 60 59 58 57 58 60
    61 62 63 63 64 65 67 69 70 71 71 71 71 63 63 64 64 64 64 65 65 66 66
    65 64 62 60 57 55 54 53 53 55 56 56 57 58 59 60 62 62 63 64 64 65 65
    65 65 66 66 66 66 66 65 65 64 64 64 64 64 65 66 67 68 68 69 68 67 66
    65 64 63 64 64 65 64 64 63 62 63 64 65 66 67 67 67 66 65 64 63 62 61
    59 58 56 54 52 51 51 52 53 53 53 53 54 55 56 58 60 60 60 59 60 60 62
    63 64 64 63 62 61 59 58 57 57 58 59 60 61 62 62 62 62 64 65 66 66 66
    65 64 63 63 63 64 64 65 65 64 64 63 62 61 61 61 63 64 66 66 66 66 66
    66 67 68 69 71 73 74 74 72 69 66 63 61 60 61 63 65 68 69 70 70 69 68
    67 65 63 61 60 59 60 60 60 60 60 60 60 61 61 62 62 64 65 67 69 70 71
    70 69 68 68 68 68 67 66 64 63 63 63 65 67 69 70 71 71 70 68 66 64 62
    62 63 63 64 64 65 65 66 67 67 67 66 66 66 65 64 63 63 62 62 61 61 60
    60 60 61 62 63 63 63 63 65 67 68 70 71 71 71 71 63 63 64 64 64 64 64
    64 64 64 63 62 60 58 56 54 53 52 53 55 56 57 59 60 61 62 63 63 63 64
    64 64 64 64 65 65 65 65 65 65 65 65 66 66 66 66 66 66 67 68 68 68 68
    68 67 66 66 65 65 65 65 65 65 64 63 63 63 64 65 65 66 66 66 65 64 63
    62 61 60 58 56 54 53 51 51 51 51 52 53 53 54 54 55 57 59 60 60 60 59
    59 60 61 63 64 64 63 61 60 58 58 57 57 58 59 60 61 61 61 61 62 64 65
    66 66 65 64 63 62 61 62 63 64 65 65 65 65 65 64 64 63 64 65 66 67 67
    67 67 67 67 67 68 70 72 73 74 73 72 69 66 63 62 60 61 62 65 67 68 69
    69 68 67 65 63 61 59 58 57 57 57 58 58 58 59 60 61 62 62 62 63 64 66
    68 69 70 70 69 68 68 68 68 67 66 64 62 62 62 64 67 69 71 72 72 71 69
    67 65 63 63 63 64 64 65 65 66 66 67 67 67 67 68 67 67 65 64 63 63 63
    63 62 62 62 62 63 64 64 64 64 64 65 66 68 69 70 71 71 71 62 62 63 63
    63 63 63 63 62 62 61 60 59 57 55 54 53 52 54 55 57 59 60 62 63 63 64
    64 64 64 64 64 64 64 64 64 65 64 64 64 65 65 66 67 67 67 67 67 67 68
    68 68 68 67 67 67 66 66 66 66 66 66 65 64 64 63 63 64 64 64 64 64 64
    63 62 62 61 60 59 57 56 54 52 51 50 50 51 52 53 54 55 55 56 58 59 60
    60 60 59 59 60 61 63 63 63 62 61 60 58 57 57 57 57 59 60 60 60 60 61
    62 63 65 65 65 64 62 61 60 60 61 62 63 64 65 66 67 67 67 66 65 65 66
    66 67 68 68 68 67 67 68 69 70 71 72 72 72 71 68 66 64 62 61 61 62 64
    65 67 67 67 67 65 64 62 60 58 57 56 56 56 56 57 58 59 61 62 63 63 62
    62 63 65 67 68 69 69 68 68 67 67 67 66 65 63 62 61 62 64 66 69 71 72
    72 72 70 68 66 65 64 64 64 65 65 65 66 66 67 68 68 69 69 69 68 67 65
    64 63 63 63 63 63 64 64 65 65 66 65 64 64 64 65 67 68 69 70 70 70 62
    62 62 62 62 62 62 61 61 60 59 59 58 57 56 55 54 54 55 57 59 61 62 64
    65 65 66 65 65 64 64 64 64 64 64 64 64 64 64 64 64 65 67 68 68 68 67
    67 67 67 67 66 66 66 66 67 67 67 67 67 67 66 65 65 64 64 64 63 63 63
    62 62 62 61 61 60 59 59 58 56 55 54 52 51 51 51 52 53 55 56 57 57 58
    59 60 61 61 61 60 60 60 61 62 63 63 62 61 60 58 57 57 57 57 58 59 59
    60 60 61 62 64 65 65 64 63 61 59 58 58 59 60 61 63 64 66 67 67 68 67
    67 66 66 66 67 67 67 67 67 67 67 68 69 109 125 69 96 87 46 125 50 96
    29 74 68 77 88 120 114 118 65 82 57 59 62 19 25 72 77 12 29 64 12 52
    93 30 92 97 9 21 83 49 76 74 47 119 13 35 74 42 60 106 94 43 8 33 12
    39 111 53 65 71 30 19 23 43 95 119 65 65 65 65 65 65 65 66 67 68 69
    70 70 70 69 67 66 64 64 63 64 65 65 66 66 67 68 67 66 65 64 64 65 66
    67 68 69 69 69 63 63 62 62 62 62 61 60 60 59 59 59 59 58 58 57 57 56
    58 59 61 62 64 65 66 67 67 66 65 64 64 64 64 64 64 65 65 65 65 65 65
    66 68 69 69 68 68 67 67 66 65 65 64 65 65 66 67 67 67 67 66 65 65 64
    64 64 64 63 63 61 60 60 59 59 59 59 58 58 57 56 55 55 53 53 52 52 53
    55 56 58 59 60 60 61 62 62 62 61 60 60 60 60 61 62 62 61 60 59 58 57
    57 57 58 58 59 59 60 60 61 62 63 64 64 63 62 60 58 57 57 57 59 60 61
    63 65 66 67 68 67 67 66 66 66 66 66 66 66 65 66 66 66 67 82 92 20 65
    79 31 76 56 85 24 34 30 47 55 17 9 35 119 127 14 46 30 39 62 44 10
    20 25 32 55 2 60 111 125 102 125 50 38 32 42 107 123 15 23 54 98 5
    69 6 105 87 93 29 16 66 49 82 117 68 126 29 125 125 107 45 66 65 65
    65 65 64 64 65 66 68 69 70 70 70 69 68 66 65 64 64 64 65 66 67 68 69
    70 69 68 67 65 64 64 65 66 67 67 68 68 64 64 63 63 62 62 61 60 59 59
    59 60 60 60 60 59 59 59 60 61 62 63 65 66 67 67 67 66 65 64 64 63 64
    64 65 65 66 66 66 66 66 67 69 69 70 69 68 67 66 65 64 64 63 63 64 65
    66 67 67 66 65 64 63 63 63 64 64 63 62 60 59 58 58 58 58 58 58 57 57
    57 56 56 56 55 55 54 55 57 58 60 61 62 63 63 64 64 63 62 61 60 60 60
    61 61 61 61 60 59 58 57 57 57 58 59 60 60 60 61 62 63 64 65 65 64 62
    60 59 57 57 57 57 58 60 61 63 65 66 67 67 66 66 65 65 65 64 64 64 64
    64 64 64 64 86 51 7 2 18 58 120 108 122 58 67 72 46 71 115 84 36 54
    104 59 103 36 121 121 103 7 64 20 74 45 2 79 71 110 41 44 13 17 8 28
    76 99 111 98 39 88 117 105 3 111 108 42 82 124 1 4 116 26 121 34 56
    32 5 71 69 66 66 65 64 64 63 63 63 65 67 69 70 70 70 69 68 66 65 64
    65 65 66 67 69 70 71 71 71 70 68 66 64 64 64 65 66 67 67 67 65 64 64
    64 63 62 61 60 59 59 59 60 62 62 62 61 61 60 61 61 63 63 65 66 67 68
    67 66 66 64 64 63 63 64 65 66 67 68 68 68 68 69 70 70 70 69 68 67 66
    65 63 62 62 62 62 64 65 65 65 64 63 62 62 62 62 63 64 63 62 60 58 57
    57 57 57 58 58 58 58 58 58 58 58 58 58 57 58 58 60 61 63 64 65 65 65
    65 64 63 61 60 59 59 60 60 61 60 60 59 58 58 58 58 59 60 61 61 62 62
    63 64 65 65 65 64 62 61 59 58 57 57 57 57 58 60 62 63 64 65 65 65 65
    64 63 63 62 62 62 62 62 62 62 62 12 18 96 30 14 124 120 25 63 39 49
    77 86 11 73 79 91 36 18 94 98 87 94 101 9 97 34 94 30 99 98 43 95 54
    10 95 86 108 17 97 125 10 104 19 3 119 30 10 22 7 70 40 97 105 53
    118 77 61 95 85 47 5 83 24 76 66 65 64 63 62 61 61 62 64 66 68 69 69
    69 68 67 66 65 64 65 65 66 67 69 70 71 72 72 71 69 67 65 64 64 65 65
    66 67 67 65 65 65 64 63 62 61 59 59 59 60 61 63 63 63 63 62 62 61 61
    62 63 64 65 66 67 67 67 66 65 64 63 64 64 65 66 67 68 69 69 69 70 70
    70 70 69 69 68 66 65 63 62 61 61 61 63 63 63 63 62 61 60 60 60 61 62
    63 63 62 60 59 57 57 57 58 58 59 59 59 60 61 61 62 62 61 61 60 61 61
    62 64 65 67 67 67 67 65 64 62 60 59 58 59 59 60 60 60 59 59 59 59 59
    60 61 62 62 63 63 64 65 66 66 65 64 63 61 60 59 58 58 58 58 58 59 61
    62 63 64 64 63 63 62 62 61 61 60 60 60 60 60 60 59 57 102 98 21 34
    123 22 19 15 106 107 21 23 15 107 70 1 6 19 54 68 118 56 47 74 18
    106 126 77 88 51 83 65 127 6 59 53 15 33 107 77 49 19 72 4 97 39 21
    87 98 107 25 120 48 65 17 60 80 29 91 90 21 121 112 54 65 64 63 61
    60 59 59 61 63 66 68 69 69 68 67 66 65 65 64 65 65 66 67 68 69 71 72
    72 72 70 68 66 65 64 64 65 66 66 66 65 65 64 64 63 62 60 59 58 59 60
    61 63 64 65 64 63 62 61 61 60 61 61 63 64 65 66 67 67 66 65 65 64 64
    65 66 67 68 69 69 69 69 70 70 70 69 68 67 66 65 63 61 60 60 60 61 61
    61 61 60 60 59 59 59 60 61 63 64 63 62 60 59 58 58 58 59 60 60 61 62
    63 64 65 65 64 63 62 62 62 63 64 66 67 69 69 68 67 65 63 61 60 58 58
    59 59 60 60 60 60 60 60 61 62 63 64 64 64 65 65 66 66 66 66 65 63 62
    61 60 60 59 59 58 59 59 60 61 62 62 62 62 61 61 60 60 60 59 60 59 59
    58 58 58 10 32 106 104 25 115 36 17 39 1 119 48 38 101 33 39 31 111
    73 6 51 12 15 89 69 97 121 108 75 24 51 75 127 106 63 20 119 5 9 40
    93 42 104 119 120 23 119 63 65 35 90 31 36 75 81 115 100 34 30 110 3
    114 106 113 68 63 62 61 60 58 58 58 60 63 65 67 68 68 67 66 65 64 64
    63 63 63 64 65 66 68 70 72 73 72 70 68 66 65 64 64 64 65 66 66 64 64
    63 63 62 61 60 58 58 58 59 61 63 64 65 64 63 62 60 59 58 58 59 60 61
    64 65 67 68 68 67 66 66 65 65 65 66 66 67 67 68 68 68 68 68 68 68 68
    67 65 63 61 60 59 59 60 60 60 60 60 59 58 58 58 60 61 63 64 64 63 62
    61 60 60 60 61 62 62 63 64 66 67 68 68 67 66 64 63 63 63 64 66 67 69
    70 70 69 68 65 63 61 59 58 58 59 60 60 60 60 61 61 62 63 64 65 65 65
    66 66 67 67 66 66 65 63 62 62 61 60 60 59 59 59 60 61 61 62 62 62 61
    60 60 59 59 60 59 60 59 59 58 58 57 102 15 54 13 78 71 95 61 14 55
    73 103 85 70 114 3 111 58 57 95 114 122 83 19 24 95 7 46 101 71 99 4
    94 2 123 93 72 85 78 56 88 29 27 108 106 34 93 54 49 13 125 48 53 38
    72 99 51 63 36 54 43 43 51 41 106 61 61 59 58 57 57 58 60 63 66 67
    68 68 67 66 65 63 63 62 62 62 63 63 65 66 69 71 72 72 71 69 66 65 63
    63 63 64 64 64 62 62 62 61 61 60 59 58 57 57 59 61 63 64 64 64 62 61
    59 58 56 56 56 57 59 61 64 67 68 69 69 68 67 65 64 64 64 64 65 65 65
    66 66 66 66 67 67 67 66 65 63 61 59 59 59 59 59 60 60 59 59 59 58 58
    60 61 63 64 65 65 64 63 63 62 62 62 63 64 65 66 68 69 69 69 68 66 65
    63 62 63 63 65 67 69 70 71 71 70 68 65 63 60 59 58 58 60 60 62 62 63
    63 63 64 65 66 66 66 67 67 67 67 66 66 65 63 63 62 61 61 60 60 60 60
    60 62 62 62 62 62 61 60 59 59 60 60 60 60 59 59 58 58 58 54 112 9 84
    73 96 106 81 58 67 38 41 52 73 109 66 31 108 29 57 6 41 52 86 29 45
    69 96 101 44 46 42 30 118 79 81 124 100 67 81 73 52 44 6 102 78 50
    64 29 45 127 69 113 72 114 3 109 113 100 52 5 84 25 27 103 60 60 59
    58 57 58 59 61 64 66 67 68 67 66 64 63 62 61 61 61 61 61 62 63 65 68
    70 72 72 71 69 67 64 63 62 62 63 63 63 61 61 60 60 60 59 58 57 57 57
    58 60 62 63 63 63 61 60 58 56 55 54 53 54 56 59 62 65 68 69 69 68 67
    65 64 62 62 62 62 62 63 63 63 64 65 66 67 67 67 65 64 62 60 59 59 59
    60 60 60 60 60 59 59 59 60 61 63 65 66 67 67 66 65 64 64 64 65 65 67
    68 69 70 70 69 68 66 65 63 62 62 63 64 66 69 70 71 72 71 70 67 64 61
    59 58 58 60 61 63 63 64 64 64 65 65 66 67 67 67 67 67 66 66 65 64 63
    62 62 61 61 60 60 60 60 61 62 63 63 63 62 61 60 60 60 60 61 60 60 60
    59 58 58 59 36 56 77 86 63 23 63 51 92 110 37 127 45 3 26 30 104 23
    112 106 2 23 83 29 9 79 121 72 38 35 16 7 35 44 8 102 76 73 7 17 55
    33 102 4 10 87 97 47 103 80 102 116 109 28 99 14 0 102 102 56 32 61
    10 40 102 59 59 58 58 58 59 61 63 65 67 68 68 67 66 64 63 62 61 60
    60 60 61 61 63 65 67 69 71 71 71 69 66 64 63 62 62 62 62 62 59 59 59
    60 60 59 59 57 57 57 58 59 61 62 62 62 60 59 57 56 54 53 52 52 54 57
    60 63 66 68 69 68 66 64 62 61 60 60 60 60 61 61 62 63 64 65 66 67 67
    66 65 63 62 61 60 61 61 61 62 62 61 60 60 60 61 62 64 66 67 68 68 68
    67 66 65 65 65 66 67 68 69 70 69 68 66 65 63 62 61 62 62 64 66 68 70
    71 72 72 70 68 65 62 59 58 59 60 62 64 65 65 65 65 65 65 66 67 67 67
    67 66 66 65 65 64 63 63 62 62 61 60 60 59 60 61 63 64 64 64 63 62 61
    60 61 61 61 61 60 59 58 58 58 59 36 40 52 40 76 16 44 1 63 7 109 48
    39 28 52 100 82 28 22 119 66 59 43 47 43 113 37 36 123 77 44 15 35
    85 53 58 96 46 3 117 17 85 60 112 86 24 26 102 86 14 112 5 50 46 52
    66 6 10 0 78 65 72 59 55 112 59 59 59 59 59 60 62 64 65 67 67 67 66
    65 64 62 61 60 60 60 60 61 61 63 64 67 68 70 70 70 68 66 64 62 61 61
    62 62 62 59 59 59 60 60 60 59 58 58 58 59 60 61 62 62 61 60 59 57 56
    55 53 52 52 53 55 58 61 64 66 67 66 65 63 62 60 59 59 59 59 60 61 61
    62 64 65 66 67 67 67 66 65 64 63 63 63 64 64 64 64 63 62 62 61 62 63
    65 67 69 70 70 70 69 68 66 65 65 66 67 68 69 69 67 66 64 62 61 61 60
    61 62 64 66 68 69 71 71 71 70 68 65 62 59 58 59 61 63 65 66 66 66 65
    65 65 67 67 67 67 66 66 65 65 65 65 64 64 63 63 62 60 59 59 59 61 63
    64 64 64 63 62 61 61 61 62 62 61 60 59 58 58 59 60 84 16 123 113 25
    104 127 100 45 49 32 72 114 35 4 41 7 0 99 84 31 96 17 38 59 16 6 7
    14 104 68 10 41 60 88 50 99 41 116 120 119 6 95 22 14 29 78 115 89
    36 109 2 121 69 90 2 62 13 87 116 12 93 92 38 55 59 59 59 59 60 61
    63 64 66 67 67 66 65 64 63 62 61 60 60 61 61 62 62 63 64 66 68 69 69
    69 67 66 63 62 61 60 61 61 62 58 59 59 59 60 60 60 59 59 59 60 61 62
    62 61 61 59 59 58 57 56 54 53 52 52 54 56 59 62 64 65 65 64 62 61 60
    59 59 60 60 61 62 62 64 64 66 67 68 68 68 68 68 67 66 66 66 66 66 66
    66 65 64 63 63 64 65 67 68 70 70 71 70 70 68 66 65 64 65 66 67 67 66
    64 62 60 59 58 59 59 60 61 63 65 67 68 69 70 70 69 67 65 62 59 58 59
    61 63 65 66 66 66 65 66 65 66 67 67 66 66 65 65 65 65 66 66 66 65 64
    63 61 60 59 60 61 63 64 65 64 63 62 61 61 61 62 62 61 60 59 58 58 59
    61 45 112 118 40 106 64 120 114 83 25 59 76 51 17 58 57 48 56 59 107
    24 97 42 67 32 80 56 62 94 94 86 91 94 44 118 126 96 3 40 23 57 13
    32 53 127 45 85 8 54 29 98 81 90 26 4 89 22 59 65 88 114 81 39 19 53
    60 60 60 60 60 62 63 64 65 66 65 65 64 63 62 62 61 61 61 62 62 63 64
    64 65 66 68 69 69 69 67 66 63 62 61 61 61 62 62 59 59 59 60 60 60 61
    60 61 61 62 63 63 63 62 61 60 60 60 59 58 57 55 54 53 54 55 58 60 62
    62 63 62 62 61 61 61 61 61 62 63 64 64 65 66 67 67 68 68 68 69 69 70
    70 69 69 69 69 69 68 67 66 65 65 66 67 68 70 71 71 71 71 70 68 66 65
    64 64 65 66 65 64 62 60 58 57 57 57 58 60 61 63 65 66 67 68 68 68 67
    65 63 61 59 58 59 60 62 64 66 66 66 66 66 66 67 67 67 66 65 65 65 65
    66 67 67 67 66 65 64 62 61 60 61 62 63 64 64 63 62 61 61 61 61 62 62
    61 60 59 58 59 60 62 78 43 113 33 103 101 112 122 68 102 6 79 60 30
    113 49 17 93 88 87 7 10 68 73 42 42 66 93 115 40 28 95 79 58 122 86
    53 121 31 17 61 58 33 83 44 29 33 54 122 31 35 6 35 21 51 35 6 26 18
    21 52 43 20 126 116 61 61 60 60 60 61 62 63 64 64 63 63 62 62 61 61
    61 62 62 63 64 65 65 66 66 67 68 69 69 69 68 66 63 62 60 60 61 62 62
    59 59 59 60 60 60 61 61 62 63 64 64 64 64 63 62 62 62 62 62 61 59 57
    56 55 55 55 57 59 60 61 62 62 62 61 62 62 62 63 64 65 66 67 67 67 68
    67 67 67 68 69 71 72 72 72 72 72 72 71 70 69 68 67 67 68 68 69 70 71
    71 71 71 70 68 66 65 64 64 65 65 65 63 61 59 57 56 56 57 58 59 61 63
    64 65 65 66 66 66 65 64 63 61 60 59 59 60 62 64 66 66 67 67 67 67 67
    66 66 65 65 64 64 65 66 67 68 69 68 67 65 63 62 62 62 63 64 64 63 62
    61 60 60 60 61 61 61 61 60 60 60 60 61 63 23 66 61 99 101 95 112 89
    21 102 48 65 122 29 68 17 74 96 125 83 95 41 77 8 119 73 118 45 115
    104 51 59 41 2 75 48 45 56 17 127 49 14 26 90 105 74 123 96 108 49
    124 113 116 6 26 34 23 87 55 70 64 115 17 1 88 61 61 61 61 60 61 61
    62 62 62 61 61 60 60 61 61 62 62 63 65 66 67 67 68 68 69 70 71 70 70
    68 66 64 62 61 61 61 62 62 60 61 61 61 61 61 62 63 64 64 65 66 65 65
    64 64 64 64 64 64 63 62 60 58 57 56 56 57 58 59 60 61 61 62 62 63 63
    64 65 66 67 68 68 69 68 68 67 66 66 67 69 71 72 73 74 74 74 74 73 72
    71 70 69 69 69 69 69 70 70 71 71 70 69 68 67 66 65 65 66 66 65 64 61
    59 57 56 56 57 58 60 62 63 64 64 64 64 64 64 64 63 63 61 60 59 59 60
    62 63 65 66 68 68 68 68 68 67 66 66 65 65 65 65 66 67 68 69 68 67 66
    64 64 63 64 64 64 64 62 61 60 59 59 59 60 61 61 61 61 61 61 62 63 65
    50 78 111 85 13 47 79 33 98 125 3 16 123 23 88 6 1 116 77 79 107 88
    127 109 25 33 20 93 86 39 65 5 49 115 47 113 54 95 68 108 70 20 15
    14 0 8 83 55 70 108 41 111 4 65 126 58 21 10 119 100 6 5 65 29 43 62
    62 62 61 61 60 60 60 60 59 59 59 59 59 60 61 62 63 64 66 67 68 69 70
    70 71 71 72 71 71 68 66 64 62 60 60 61 61 62 62 62 61 61 61 62 63 64
    65 65 66 66 65 65 64 64 64 65 66 66 65 64 62 60 58 57 57 58 58 59 60
    60 61 62 63 64 64 65 66 67 68 68 69 69 68 67 66 65 65 66 68 70 72 74
    74 75 75 75 74 73 72 71 70 69 69 69 69 69 69 69 70 69 69 68 67 67 67
    67 67 67 66 64 62 60 58 57 57 58 59 60 62 62 63 63 62 62 62 62 63 63
    63 62 61 60 60 60 62 64 66 68 69 69 70 69 69 68 67 66 66 65 65 65 66
    67 68 68 68 67 66 66 65 65 65 65 65 64 62 61 60 59 59 59 60 61 61 61
    62 62 63 64 65 66 65 63 93 104 122 91 113 31 11 18 53 73 29 70 21
    102 26 122 23 13 1 8 89 9 121 75 5 122 33 74 60 41 27 31 121 75 72
    70 22 97 111 34 38 92 119 21 100 57 65 111 123 9 80 83 30 44 36 66
    123 83 119 33 91 17 45 64 64 64 63 62 61 61 60 59 58 58 57 58 59 60
    61 63 64 65 67 68 70 71 72 72 73 73 73 72 71 69 66 64 62 61 61 61 62
    62 63 63 63 63 63 63 64 65 66 66 66 65 65 64 64 64 64 66 66 67 66 65
    64 62 60 59 58 58 58 58 59 60 61 62 63 64 65 65 66 67 68 68 68 67 66
    65 64 63 63 64 67 69 71 73 74 74 74 74 73 73 72 71 70 69 68 68 67 67
    67 68 68 69 69 68 68 67 68 68 69 68 67 65 63 61 59 58 58 59 60 61 62
    63 62 62 61 61 61 62 62 63 63 63 62 61 61 61 63 65 67 69 70 70 70 70
    69 68 67 67 66 66 66 65 65 66 67 67 67 67 66 66 66 66 66 65 64 63 62
    60 60 59 60 60 61 61 62 62 63 63 64 65 66 67 32 92 86 72 47 98 66 61
    40 103 20 36 56 48 65 75 76 19 67 8 9 68 21 57 97 92 47 19 50 0 127
    77 33 118 119 100 91 70 62 112 66 11 122 7 82 98 86 82 96 116 33 101
    24 62 71 86 13 94 27 40 101 103 27 83 80 64 64 65 64 64 63 62 61 60
    58 58 58 58 59 60 62 63 64 65 67 69 71 72 73 73 74 73 73 72 70 68 66
    64 62 61 61 61 61 62 65 65 64 64 64 65 65 66 66 66 65 64 63 63 63 64
    64 66 66 67 67 66 65 63 62 60 59 59 58 58 58 59 61 62 63 64 65 65 66
    67 67 67 66 65 64 63 62 61 62 63 65 68 70 71 72 72 72 72 71 71 71 70
    69 68 67 66 66 65 66 67 67 68 68 68 68 68 68 69 69 68 67 65 63 61 60
    59 59 60 61 62 62 62 62 61 60 60 61 61 62 63 63 63 62 61 61 61 63 66
    69 71 71 71 71 70 68 67 67 67 67 66 66 66 65 66 66 67 67 66 66 66 66
    66 66 65 64 63 62 61 60 60 61 61 63 63 64 64 64 64 65 66 67 68 75 98
    64 90 32 48 76 54 96 38 32 114 64 97 17 47 112 69 85 26 51 0 105 123
    63 119 64 0 115 29 107 74 48 116 57 120 19 125 75 124 68 68 21 103
    82 48 76 6 38 16 32 64 78 127 16 56 21 51 66 107 59 72 124 103 25 64
    65 66 66 66 65 64 63 62 60 59 59 60 60 61 62 63 64 65 67 69 71 73 74
    74 74 73 73 72 70 68 66 64 63 62 61 62 62 62 66 66 65 65 65 66 66 66
    66 66 65 64 63 63 63 64 65 66 67 67 67 67 66 65 63 62 61 60 58 58 58
    59 60 62 63 64 65 66 66 67 67 66 65 64 63 61 60 60 60 62 64 66 68 69
    69 69 68 68 68 68 68 68 68 67 67 66 65 64 65 66 67 68 68 68 68 68 68
    68 68 68 66 65 63 61 60 59 60 61 62 63 63 63 62 61 61 61 61 62 63 63
    63 62 62 60 60 62 64 67 70 72 72 72 70 69 68 67 67 67 67 67 67 66 66
    66 67 67 66 66 66 66 66 65 65 64 62 61 61 61 61 61 62 63 64 65 65 65
    65 66 66 67 67 68 94 119 45 110 14 43 17 49 45 17 73 65 41 91 38 85
    44 125 39 65 9 33 89 17 9 45 93 14 33 20 110 72 53 122 35 18 78 88
    35 112 74 122 7 58 37 25 91 126 98 12 86 10 121 107 80 91 60 59 83
    45 47 5 126 50 97 64 65 66 66 67 67 66 65 64 62 61 61 61 62 62 63 63
    64 65 68 70 72 73 74 74 74 73 73 71 70 68 66 64 63 62 62 62 62 63 66
    66 66 66 65 65 66 66 66 65 64 63 62 62 63 64 65 66 67 67 67 67 66 65
    64 63 62 61 60 59 59 60 61 62 63 64 65 66 67 67 67 66 65 64 62 61 60
    60 60 61 63 64 66 66 66 66 65 64 64 65 65 66 66 66 65 65 64 64 64 65
    66 67 68 67 67 66 66 66 66 66 65 63 62 61 60 60 61 62 63 63 63 63 61
    61 60 61 61 62 62 63 62 62 61 60 60 62 64 67 70 72 73 72 70 68 66 65
    65 66 67 67 67 67 67 67 67 67 67 66 66 65 65 64 64 62 61 60 60 61 61
    62 63 64 66 66 67 67 67 67 68 68 68 68 24 22 68 27 109 21 35 45 41
    87 25 114 33 17 60 56 27 114 13 43 99 84 111 86 17 105 74 21 92 106
    15 121 62 55 51 50 18 16 53 1 59 39 28 124 51 46 36 50 30 45 92 82
    55 84 13 56 103 68 51 122 46 72 45 35 69 63 64 65 66 67 67 67 66 65
    64 64 63 64 64 64 64 64 65 66 68 70 73 74 75 75 75 74 73 71 70 68 66
    65 64 63 64 64 64 65 67 67 66 65 65 64 65 64 64 63 63 62 62 63 64 65
    67 68 68 68 68 67 66 66 65 64 63 62 61 60 60 61 62 63 63 64 65 66 67
    68 68 67 66 64 63 61 60 60 60 61 62 63 64 64 64 63 61 60 60 60 61 62
    63 64 64 64 64 64 64 65 66 66 67 66 65 64 64 63 63 63 63 62 61 61 60
    61 61 63 64 64 64 63 61 60 60 60 61 61 62 62 62 61 60 59 60 62 65 68
    71 73 73 72 69 66 64 63 63 64 66 66 67 68 68 69 69 69 69 68 67 66 65
    64 63 61 60 60 60 60 61 62 64 65 66 68 68 68 69 69 69 69 69 68 77
    112 21 28 118 92 0 123 97 73 93 107 37 48 98 25 84 70 90 47 100 35 2
    15 68 91 77 95 101 34 27 7 73 33 65 113 75 56 120 98 81 115 59 76 23
    125 119 94 97 114 113 92 104 32 41 38 49 116 0 121 104 24 31 29 62
    63 63 64 65 66 66 66 66 65 65 65 65 65 66 66 66 65 66 67 70 71 73 74
    75 75 75 74 73 71 70 68 67 65 65 65 65 66 66 67 67 67 66 65 64 63 62
    62 62 62 61 61 61 62 63 66 67 68 68 68 68 67 67 66 65 65 64 63 62 62
    62 62 63 63 64 64 65 67 68 69 69 69 68 66 64 62 61 60 60 61 62 63 63
    63 62 61 59 58 57 58 58 60 61 62 63 63 64 63 64 64 65 66 66 65 64 63
    62 61 61 61 61 61 61 61 61 62 62 64 64 65 64 63 61 59 59 59 59 60 60
    60 60 59 59 59 60 63 66 69 72 73 73 71 68 65 62 61 61 62 64 65 67 68
    69 70 71 71 71 70 68 67 66 64 63 62 61 60 60 60 61 62 64 65 67 68 69
    70 71 70 70 70 69 68 105 108 96 81 126 37 86 18 77 109 104 33 81 47
    70 22 126 105 127 115 124 39 2 18 57 56 53 35 71 106 125 52 118 19
    65 76 92 99 56 67 23 21 13 25 37 121 3 72 0 65 47 9 65 92 76 108 98
    106 16 41 3 84 112 49 107 63 63 63 64 64 64 64 64 64 64 65 66 67 68
    67 67 67 68 68 70 72 73 74 75 75 75 74 73 72 71 69 68 66 66 66 66 67
    68 68 66 66 65 63 62 61 61 61 61 60 60 60 60 61 63 66 67 69 69 69 68
    68 67 67 66 65 65 64 64 63 63 63 64 64 64 65 66 67 68 70 70 70 69 68
    66 64 62 61 61 61 62 63 64 63 62 60 58 56 55 56 56 58 59 61 62 62 63
    63 64 64 65 65 65 65 63 62 60 59 59 59 60 60 61 61 61 62 63 64 64 64
    63 62 60 59 58 58 58 59 59 59 59 59 59 60 61 64 66 69 72 73 72 70 67
    63 60 59 59 60 62 64 66 68 70 71 72 73 73 71 70 68 67 65 64 63 62 61
    60 60 61 62 63 65 67 69 70 71 71 71 71 71 70 68 44 90 100 75 3 109
    52 122 90 126 49 67 35 27 69 85 69 0 74 50 23 66 91 117 1 67 63 110
    8 116 110 44 113 58 70 125 81 42 98 63 44 53 61 76 22 2 59 30 36 20
    16 31 87 123 24 18 2 55 48 114 72 62 46 38 36 64 63 63 62 62 62 62
    62 62 63 64 66 68 69 69 69 69 69 69 71 72 73 73 74 74 74 74 73 72 71
    69 68 67 67 67 67 68 68 69 65 65 64 62 61 60 59 59 59 59 59 59 59 60
    62 64 66 68 69 69 69 68 68 67 67 66 66 65 65 64 64 64 65 65 65 65 66
    67 69 70 71 71 71 70 68 65 64 63 62 63 64 65 64 63 62 60 57 56 55 55
    56 57 58 59 61 61 62 62 63 64 65 65 65 64 63 61 60 58 58 58 59 59 60
    61 61 62 62 63 64 64 63 62 60 58 57 57 57 57 57 57 57 57 58 60 62 64
    66 69 71 72 71 68 65 61 58 56 56 58 60 63 65 68 70 72 73 74 74 73 71
    69 68 67 66 65 64 63 62 61 61 62 63 65 67 69 70 71 72 72 72 71 69 68
    50 12 44 91 15 111 93 8 86 48 79 44 95 90 16 74 79 38 69 117 107 59
    126 96 78 108 71 111 47 56 30 49 16 61 94 103 47 39 10 87 94 105 123
    18 115 13 108 96 19 33 42 13 123 81 75 87 79 4 28 76 10 29 123 109
    62 65 64 63 62 61 60 60 60 60 61 63 66 68 70 70 70 70 69 69 70 70 71
    72 72 73 73 73 73 72 72 70 69 68 67 67 67 67 67 67 65 64 63 62 61 59
    59 59 59 58 58 58 58 59 61 63 65 67 69 69 69 69 69 69 68 67 67 66 66
    65 65 65 66 66 66 66 67 67 69 70 71 72 72 71 69 67 65 64 63 64 65 65
    65 64 62 60 58 57 56 56 56 57 58 59 60 60 61 62 63 64 65 65 65 64 63
    62 60 59 58 58 58 59 60 60 60 61 61 62 62 63 63 61 60 58 58 57 57 57
    56 56 56 57 59 60 62 64 66 67 69 69 68 65 62 59 56 54 54 56 58 61 64
    67 69 72 73 74 74 73 71 70 68 67 67 67 66 65 64 62 62 62 64 66 67 69
    70 71 71 71 71 70 68 67 1 13 117 42 72 74 110 6 91 124 62 101 70 47
    0 57 13 33 46 38 29 109 42 66 75 84 84 53 95 30 85 43 15 111 38 81
    56 83 41 20 82 96 114 110 75 49 23 113 66 70 88 51 76 115 92 25 59
    33 104 69 93 16 4 110 126 66 65 63 62 60 59 58 58 58 60 62 66 68 70
    71 71 70 69 68 69 69 69 70 71 72 72 73 73 73 72 71 70 68 67 66 66 65
    65 65 64 63 62 61 60 59 59 59 59 58 58 58 58 58 59 61 63 66 67 69 69
    70 70 69 69 68 68 67 67 66 66 66 66 67 67 67 67 68 69 70 71 72 73 72
    71 69 67 66 65 65 66 67 66 65 63 62 60 58 58 58 58 59 59 59 60 59 60
    61 62 64 65 65 65 65 64 62 61 59 59 58 58 58 59 59 59 59 59 60 61 62
    62 62 61 59 58 58 57 57 56 56 56 57 59 60 62 63 64 65 65 65 64 62 59
    57 54 53 53 55 57 61 64 66 69 71 73 74 74 73 71 70 68 68 68 68 68 67
    65 64 63 63 65 66 68 69 70 70 71 70 70 69 67 65 74 27 28 84 81 106
    54 3 15 13 110 62 56 4 71 61 19 100 62 19 35 54 65 86 60 87 71 26 11
    113 10 5 42 78 1 116 89 77 51 76 1 111 1 34 20 124 62 113 88 21 119
    77 120 29 0 3 91 106 45 40 28 84 104 74 121 67 66 64 62 61 59 58 58
    58 59 62 65 68 70 71 70 69 68 67 66 66 67 67 69 70 71 72 73 73 73 72
    70 69 67 65 64 62 62 61 63 63 62 61 61 60 60 60 60 59 59 58 58 58 58
    60 61 64 66 67 68 69 69 70 69 69 68 67 67 67 67 67 67 67 67 67 67 67
    68 69 70 71 72 72 72 70 68 67 66 66 67 67 67 66 65 63 62 61 61 61 61
    61 62 61 61 60 61 62 63 64 65 66 66 66 65 64 63 61 60 59 59 59 59 59
    59 58 58 59 60 61 62 62 62 60 60 59 59 58 57 57 57 58 59 60 61 62 62
    62 62 62 61 59 57 54 52 52 52 54 57 60 63 66 68 71 72 73 73 72 71 69
    68 68 68 69 68 67 66 64 64 64 65 67 68 69 70 70 70 69 69 67 66 64 91
    17 35 79 89 66 110 69 54 56 73 82 98 76 8 17 81 80 66 108 74 55 25
    44 107 9 101 122 30 20 47 3 52 55 99 37 41 119 55 73 118 97 28 53 86
    109 9 113 111 95 34 28 124 102 46 8 72 102 99 100 82 126 54 81 77 68
    67 65 64 62 60 58 58 58 59 62 65 67 69 70 70 68 67 65 65 64 65 66 68
    69 70 72 73 74 73 72 70 68 66 63 62 60 59 59 63 63 62 61 61 61 61 61
    60 60 59 59 58 57 57 58 59 61 63 65 66 67 68 69 69 68 68 68 67 67 67
    67 68 68 67 67 66 66 66 67 68 70 71 72 72 70 69 68 67 67 68 68 68 67
    66 65 64 64 64 64 64 64 64 63 63 62 62 63 64 65 66 67 67 66 66 65 64
    63 62 61 60 60 59 59 59 58 58 59 60 61 62 63 63 62 62 61 61 60 59 58
    58 59 60 61 61 61 60 60 60 60 59 58 56 54 52 52 53 55 58 61 64 66 68
    70 71 72 72 72 70 69 68 68 68 68 68 67 65 64 63 63 65 66 68 69 69 69
    69 68 68 66 65 64 52 38 110 79 113 32 30 85 20 42 92 86 15 85 117 18
    35 111 23 3 69 29 104 2 82 75 93 106 33 77 104 51 93 2 97 3 9 2 17 0
    88 17 17 81 80 83 20 73 2 126 111 7 66 26 109 33 118 106 20 67 38 21
    62 117 52 70 68 67 65 63 61 59 58 58 59 61 64 66 68 68 68 66 65 63
    62 62 63 65 66 68 70 72 73 74 73 72 70 68 65 62 60 58 58 57 63 63 62
    62 61 61 62 62 61 61 60 60 58 57 56 56 56 58 60 62 63 64 66 66 67 67
    67 67 67 67 67 68 68 68 67 67 66 65 65 65 66 67 69 70 70 70 69 68 67
    67 67 68 68 68 68 67 67 67 67 67 68 67 67 66 65 64 64 64 66 66 67 68
    68 68 67 67 66 65 64 63 62 61 61 60 60 59 59 60 61 62 63 63 63 63 63
    63 62 61 60 60 60 60 61 62 61 61 60 60 59 59 58 57 55 53 52 53 54 57
    59 62 64 66 68 69 70 71 71 71 70 69 68 67 68 68 67 66 64 63 62 62 64
    65 67 68 69 69 68 68 67 66 65 65 84 61 106 61 96 24 41 44 98 84 105
    42 63 114 97 103 59 47 63 53 26 86 32 48 29 116 74 77 113 80 107 69
    28 32 69 27 23 92 6 104 44 55 41 49 62 72 69 117 63 60 101 57 43 123
    118 49 41 57 127 116 109 110 65 103 34 71 70 68 67 64 62 60 59 58 59
    61 63 65 66 67 66 65 64 63 62 62 63 65 66 68 69 71 72 73 73 72 70 67
    64 62 60 58 58 57 63 63 62 62 62 62 62 62 62 61 61 60 58 57 55 54 54
    55 57 59 60 62 63 64 65 65 66 66 66 67 67 68 68 67 67 65 64 63 63 63
    64 65 67 68 69 69 68 67 66 66 67 67 69 69 69 69 69 69 69 69 70 69 69
    68 67 66 66 66 67 68 68 68 68 68 68 68 67 67 66 65 64 63 62 62 62 62
    61 62 62 63 63 63 64 64 64 64 63 62 61 61 61 61 62 62 62 61 60 60 59
    59 59 57 56 54 54 54 56 58 61 64 65 66 67 67 68 68 69 69 69 68 68 68
    68 68 67 65 64 62 61 61 62 63 65 67 68 68 68 68 67 66 66 65 118 110
    62 84 106 26 111 56 64 15 39 73 64 120 23 13 44 107 76 25 59 83 38
    109 5 121 61 8 82 29 104 85 19 19 65 104 80 80 64 123 65 15 9 125 7
    46 64 25 94 14 104 17 115 87 111 60 65 55 42 10 60 117 107 32 51 72
    71 70 68 65 63 61 59 59 59 61 62 63 64 65 64 64 63 62 61 62 63 65 66
    68 69 70 71 72 72 71 69 67 64 62 61 59 59 58 64 64 63 63 62 62 63 63
    62 62 61 61 59 57 55 53 52 53 54 56 57 59 60 61 62 63 64 65 65 66 67
    67 67 67 66 65 64 63 63 63 63 64 65 66 67 67 67 66 66 65 65 66 68 69
    70 70 70 70 71 71 71 70 70 69 68 68 68 69 69 69 69 69 69 69 68 68 68
    68 68 67 66 65 64 64 64 64 64 64 64 63 63 63 63 63 64 64 64 63 62 62
    62 62 63 63 62 62 61 60 60 60 59 58 57 56 56 56 58 60 62 65 65 66 66
    66 66 66 67 67 68 68 68 68 68 67 66 65 63 61 60 60 61 62 64 66 67 68
    68 68 67 67 66 66 59 43 122 52 98 43 79 115 70 70 45 11 87 21 46 28
    114 76 113 49 53 3 49 109 112 64 87 91 106 6 107 71 49 3 5 28 57 30
    99 60 9 50 103 33 7 22 71 117 21 0 13 20 43 57 69 107 88 30 45 21 45
    41 122 2 117 72 72 70 68 66 64 62 60 60 61 61 62 63 63 64 63 63 62
    62 62 63 64 65 67 68 68 69 70 70 70 70 68 66 64 62 61 60 60 59 65 65
    64 63 63 63 63 63 63 62 62 61 59 57 55 53 52 52 54 55 56 58 59 60 61
    62 63 64 64 65 66 66 66 66 65 64 64 63 63 62 62 62 63 64 65 66 66 66
    65 65 65 66 68 68 69 70 70 70 70 70 70 70 69 69 69 69 70 70 70 70 69
    69 68 68 68 68 68 68 68 67 66 65 65 65 65 66 66 66 65 65 64 63 63 63
    64 64 64 64 63 63 63 63 64 63 63 62 60 60 60 59 59 59 58 58 58 59 61
    63 64 65 66 66 65 64 64 63 64 65 66 67 67 67 67 67 66 65 63 61 60 59
    60 61 63 65 66 67 68 68 68 67 67 66 94 44 1 107 109 28 27 80 35 54
    68 73 49 59 106 124 83 77 115 93 93 12 76 65 19 0 19 15 52 98 104 73
    60 22 47 38 49 17 53 52 3 7 28 4 9 124 124 111 30 127 12 119 105 95
    32 69 23 64 63 127 60 54 64 96 108 72 72 70 69 66 64 62 62 61 62 62
    63 63 63 63 63 62 62 62 62 63 64 66 67 67 67 68 68 68 68 68 67 65 64
    62 62 61 61 60 65 65 64 64 64 64 64 64 64 63 63 62 60 58 55 53 52 52
    53 54 56 57 58 59 60 61 62 63 64 64 64 65 65 64 64 64 64 64 63 63 62
    62 62 63 64 65 65 65 65 65 65 66 67 68 69 69 70 70 70 69 69 68 68 69
    69 70 71 71 71 70 69 68 68 68 67 68 68 68 68 67 66 65 65 65 66 66 67
    67 66 65 64 63 62 63 63 64 65 64 64 63 63 63 63 63 62 61 60 59 59 59
    60 59 59 60 60 62 63 64 65 66 66 66 65 64 62 62 62 63 65 66 66 67 67
    67 66 65 64 62 60 59 59 60 62 64 65 66 67 67 67 67 66 66 21 118 8 72
    22 80 90 6 102 124 100 42 23 48 25 24 56 66 7 26 121 65 56 27 110 37
    36 60 25 61 95 101 10 36 114 70 115 116 68 86 113 41 78 49 40 79 38
    39 60 83 21 16 54 63 69 88 7 26 10 90 87 87 108 31 20 71 71 70 68 66
    65 64 63 64 64 64 64 63 63 62 62 62 62 62 62 63 64 65 66 66 66 66 66
    66 66 66 65 64 63 62 62 61 61 61 64 64 64 63 64 64 64 65 65 64 64 62
    60 58 55 54 53 53 54 55 56 58 59 60 61 61 62 62 63 63 63 64 64 64 65
    65 65 65 64 63 62 61 61 61 62 63 64 65 65 65 66 66 67 68 68 68 69 69
    68 68 67 66 67 67 68 69 71 71 70 69 69 68 67 66 66 66 66 66 66 66 65
    64 64 64 65 66 67 67 67 66 64 63 63 63 64 65 65 65 64 63 63 63 63 62
    61 59 58 58 58 59 59 59 60 61 62 64 65 66 66 66 66 66 65 63 62 61 61
    62 63 64 65 66 67 67 66 65 64 62 61 60 60 60 62 63 64 65 66 66 66 66
    66 65 47 65 124 93 47 55 52 43 95 12 107 116 61 50 98 92 101 71 124
    27 51 121 104 28 54 122 122 43 6 7 16 52 73 89 72 12 58 35 78 88 86
    32 123 18 18 57 78 71 77 94 76 105 111 1 13 105 88 5 2 33 124 117 45
    58 110 69 69 68 67 66 65 65 65 66 66 66 65 64 62 62 61 61 61 61 61
    62 62 63 64 64 64 63 63 63 63 63 63 62 62 62 62 62 62 62 62 62 62 62
    63 63 64 65 65 65 64 63 61 58 55 54 53 53 54 55 57 58 59 61 61 62 62
    62 62 62 63 63 63 64 65 65 65 65 64 63 61 60 60 60 61 62 64 65 65 66
    67 67 68 67 68 68 68 67 67 66 65 65 65 66 67 69 70 70 70 69 68 67 67
    66 66 66 66 66 65 65 64 63 63 63 64 66 67 68 67 66 65 64 64 65 66 66
    66 66 64 63 62 62 61 60 59 58 57 57 58 58 59 60 61 62 64 65 66 66 66
    66 66 66 65 64 62 61 61 61 62 63 64 65 66 66 66 65 64 63 61 60 60 60
    61 62 63 64 64 65 65 65 64 64 58 78 64 89 55 17 106 5 69 91 24 103
    45 89 49 22 46 48 22 98 33 74 114 107 21 65 127 45 42 78 77 93 29 13
    10 117 71 89 65 66 55 41 16 63 121 24 17 57 89 82 49 5 79 37 81 22
    126 24 68 27 44 3 108 69 18 67 66 66 66 65 66 66 67 68 68 68 66 64
    62 61 61 61 61 61 61 60 61 61 61 61 61 61 61 61 61 62 61 61 61 61 62
    62 63 63 60 60 60 60 62 63 64 65 66 66 65 63 61 58 56 54 54 54 55 56
    58 59 60 61 61 62 61 62 62 62 63 63 64 65 66 66 66 65 63 62 60 59 59
    59 60 61 63 64 66 67 68 68 68 67 67 67 67 66 66 65 64 63 64 65 66 68
    69 70 70 69 68 67 66 66 65 65 64 64 64 64 63 62 62 62 63 65 66 67 67
    67 66 66 66 67 68 68 68 66 65 63 62 61 59 58 57 56 56 56 57 58 59 60
    61 63 64 65 66 66 66 65 65 65 64 63 62 61 60 60 61 62 64 65 65 66 66
    65 64 63 61 61 60 61 61 62 63 63 64 64 64 64 64 64 54 17 28 69 71
    116 15 12 28 126 46 23 58 108 1 100 121 34 0 48 106 104 69 34 32 27
    106 94 57 46 116 87 69 50 36 126 55 117 32 126 68 123 65 49 127 127
    21 16 63 16 124 86 24 75 59 119 96 33 60 33 61 26 86 9 45 64 64 64
    65 65 66 67 68 68 68 67 66 64 62 60 60 60 60 60 59 58 58 58 59 59 59
    59 59 59 59 60 60 60 60 61 62 63 63 64 58 58 58 59 61 62 64 65 66 66
    65 63 61 58 56 55 54 55 56 57 58 60 61 62 62 62 61 61 62 62 63 64 65
    65 66 66 65 63 62 60 59 58 58 59 60 61 63 64 66 67 68 68 68 67 67 66
    66 65 65 64 63 63 63 64 66 67 69 69 70 69 68 67 66 65 65 65 64 64 64
    64 63 62 62 62 63 65 66 67 67 67 67 67 68 70 71 71 69 67 65 62 61 59
    58 57 55 55 55 56 57 58 59 60 61 63 64 64 65 64 64 64 63 63 63 62 61
    60 60 60 61 62 63 64 64 65 64 64 63 62 61 60 60 60 61 61 62 62 63 63
    63 63 63 64 68 26 92 55 41 93 78 9 88 67 41 34 15 98 90 87 81 12 74
    94 8 75 109 89 67 59 94 116 77 117 31 113 78 26 16 33 99 3 127 28 73
    89 95 61 23 113 90 72 112 50 67 120 123 113 13 48 91 13 114 79 58
    116 106 118 47 62 62 63 64 66 67 68 69 68 68 66 65 63 61 59 59 59 59
    59 58 57 56 56 56 57 57 57 57 57 58 58 59 59 60 61 62 63 64 64 57 57
    58 59 60 62 64 65 66 66 65 63 61 59 57 55 55 56 57 58 60 61 62 62 62
    62 61 61 62 63 64 65 66 67 67 66 64 62 60 58 57 57 57 58 59 60 62 64
    65 67 68 68 68 67 66 65 65 65 64 64 63 63 63 64 66 67 69 70 71 70 69
    68 66 65 65 64 64 65 65 65 64 64 64 63 64 64 65 66 66 67 67 69 70 72
    73 72 71 68 65 63 61 59 57 56 55 55 55 56 57 57 58 59 61 61 62 62 62
    62 61 61 61 61 60 60 59 59 59 60 61 62 63 63 64 63 63 62 62 61 60 60
    60 60 60 60 61 62 62 62 63 63 63 63 30 53 101 115 125 86 68 29 105 7
    103 99 57 119 24 102 104 67 40 7 71 43 15 102 14 14 108 111 44 110
    17 17 58 53 42 67 3 32 69 29 41 106 120 27 18 56 109 55 79 76 36 63
    112 101 107 34 42 73 8 48 41 96 37 3 22 61 62 64 65 67 69 69 69 68
    66 65 63 62 60 59 59 59 59 59 58 56 55 55 55 56 56 56 56 56 56 56 57
    58 59 60 62 63 64 65 58 58 58 59 61 63 65 66 67 67 66 64 62 60 58 56
    56 57 58 59 61 62 63 63 63 62 61 61 62 63 65 66 68 68 67 66 63 60 58
    56 56 56 56 57 58 60 61 63 65 66 67 67 67 66 66 65 65 64 64 64 63 63
    63 64 66 68 70 71 72 71 70 68 67 66 65 65 66 66 67 67 67 67 66 66 65
    66 66 66 66 67 68 69 71 73 74 73 71 69 66 63 61 59 57 56 55 55 56 57
    57 58 59 60 61 61 61 61 60 59 59 58 58 58 58 58 58 58 59 60 61 62 63
    63 63 62 61 60 60 59 58 58 58 58 58 59 60 61 61 61 62 62 63 63 80
    116 1 51 108 85 16 98 33 86 12 74 33 110 87 0 5 86 115 94 44 65 122
    123 30 91 5 32 92 79 67 29 95 108 53 68 26 31 23 117 91 60 70 57 46
    34 42 12 7 121 108 76 72 22 93 39 78 56 20 20 118 110 32 125 6 62 63
    65 68 70 71 71 69 67 65 63 62 61 60 60 60 60 60 59 58 56 55 55 56 56
    56 56 55 55 55 55 56 56 57 59 60 62 64 64 59 59 59 60 61 63 65 67 67
    67 67 65 63 61 59 58 58 58 59 61 62 64 64 64 63 62 62 62 63 65 66 68
    69 69 68 65 62 59 56 54 54 54 55 56 57 59 60 62 64 65 66 67 67 67 66
    66 65 65 64 64 64 64 64 65 67 69 71 72 73 72 70 69 67 66 66 66 67 68
    68 69 69 69 69 68 67 67 66 66 66 67 68 70 72 73 74 74 72 69 66 64 62
    60 59 58 57 57 57 58 58 58 59 59 60 60 60 59 58 57 56 56 55 55 55 55
    56 57 59 60 62 63 63 63 62 61 59 58 57 57 56 57 57 57 57 58 59 60 61
    61 62 63 63 64 47 7 98 33 108 82 66 11 102 92 28 113 29 20 97 44 6
    41 9 109 108 34 97 14 11 41 11 30 63 4 117 81 72 103 90 86 18 53 79
    2 64 80 27 89 109 99 109 31 4 93 21 28 51 28 105 107 89 117 75 80
    104 11 100 9 55 64 65 68 70 72 72 72 70 67 64 62 61 61 61 61 61 61
    61 60 58 57 56 56 56 57 57 56 56 54 54 54 54 54 55 57 59 61 63 63 61
    61 61 61 62 64 66 67 68 68 67 66 64 62 60 59 58 59 60 62 63 65 65 64
    63 62 62 62 64 65 67 69 70 70 68 65 62 58 55 53 53 53 54 55 56 58 59
    61 63 64 66 67 67 67 67 66 65 65 64 64 64 64 64 65 67 69 71 72 72 72
    70 69 67 67 67 68 69 69 70 71 71 72 72 71 70 69 67 67 66 67 68 69 71
    73 74 73 72 69 67 65 63 62 60 60 59 59 59 60 60 59 60 60 60 60 60 58
    57 56 55 54 53 53 53 54 55 57 59 61 63 64 64 63 61 59 57 56 54 54 54
    55 55 56 57 58 59 60 61 61 62 63 64 64 106 10 62 65 33 126 7 32 53
    63 17 100 3 94 9 53 80 3 31 25 6 70 28 2 2 35 33 41 98 45 91 0 0 20
    25 14 65 8 92 77 56 99 38 124 94 89 97 120 96 65 104 22 44 107 100
    92 92 68 35 93 49 58 90 47 91 66 68 71 73 74 74 73 70 67 64 62 61 61
    61 62 62 62 62 60 59 57 57 57 57 58 58 57 56 54 54 53 53 53 54 55 57
    59 61 61 62 62 62 62 63 65 66 67 68 68 67 66 65 63 61 59 59 59 60 62
    64 65 65 64 63 62 62 62 64 65 67 69 70 70 68 66 62 58 55 53 53 53 53
    54 56 57 59 60 62 64 66 67 68 68 68 68 66 66 65 64 64 64 64 65 67 68
    70 71 71 70 69 68 68 68 69 70 70 71 71 72 73 74 74 73 72 70 68 67 67
    67 68 69 70 72 72 72 71 69 68 66 65 64 63 63 62 62 62 61 61 60 60 60
    60 60 60 58 57 55 54 53 52 52 52 53 55 57 60 63 65 65 65 63 61 58 56
    54 53 53 53 54 54 56 57 58 60 61 61 62 63 64 65 65 42 24 96 43 59 77
    52 127 82 79 48 92 108 70 52 53 35 91 17 58 55 9 29 4 49 3 42 41 75
    14 62 114 22 21 6 33 127 14 105 97 69 65 51 121 103 78 84 2 103 60
    29 54 32 112 32 73 59 76 72 84 97 115 56 114 9 68 70 72 74 75 75 74
    71 68 65 63 62 62 63 63 64 63 63 61 60 58 58 58 58 59 59 58 57 55 54
    52 52 52 53 54 56 58 59 60 65 65 65 65 65 66 67 68 68 68 67 66 64 62
    61 59 59 59 60 62 64 65 64 63 62 61 61 61 63 65 67 68 70 70 69 66 63
    59 57 55 54 53 54 54 56 57 58 60 62 64 66 68 69 70 69 69 67 66 64 64
    63 63 63 64 66 67 68 69 69 69 68 68 68 69 70 71 71 71 71 72 73 74 75
    74 73 72 70 68 67 67 67 68 69 70 71 71 70 69 68 67 67 66 66 65 65 64
    64 63 62 61 60 60 60 60 60 58 57 55 53 52 52 52 52 54 56 59 62 64 66
    67 66 64 61 58 55 53 51 51 52 53 54 56 57 59 60 62 62 63 64 65 66 66
    74 111 89 92 38 78 86 114 41 111 36 106 109 75 0 58 122 44 110 116
    10 53 120 88 111 27 15 32 12 17 31 82 39 97 93 91 19 79 42 127 80 56
    83 43 4 60 3 55 120 115 43 7 59 121 86 118 83 16 110 107 17 28 103
    30 33 68 70 72 74 75 74 73 71 68 66 64 63 63 64 65 65 65 64 62 60 59
    58 58 59 60 60 59 58 56 54 53 53 52 53 54 55 56 58 58 67 66 66 65 66
    66 67 68 68 67 66 65 63 62 60 59 58 59 60 61 63 63 63 61 60 59 59 60
    61 63 65 67 68 69 68 67 64 61 58 56 55 54 55 55 56 57 59 60 62 64 66
    69 71 72 71 70 68 66 64 63 62 62 62 63 64 65 66 67 67 67 67 67 68 69
    71 71 71 71 71 72 73 74 75 75 74 73 71 69 68 67 67 68 68 69 70 71 70
    70 69 69 69 68 68 67 67 66 65 64 63 61 61 60 60 60 60 58 57 55 54 53
    53 53 54 56 58 61 64 66 68 68 66 64 61 57 54 52 51 51 51 53 54 56 58
    60 61 62 63 63 64 66 67 67 20 127 4 76 115 23 112 101 62 68 72 103
    42 42 114 53 3 47 18 77 62 5 25 102 97 98 54 32 39 13 49 8 77 66 8
    18 43 15 8 124 24 80 64 29 57 105 48 35 22 52 43 113 78 39 99 26 60
    51 48 47 58 33 95 30 37 68 70 71 73 73 73 72 70 69 67 66 65 65 66 66
    67 66 65 63 61 59 59 58 59 60 61 60 59 57 56 54 54 53 54 54 55 56 57
    57 68 68 67 66 66 67 68 68 68 68 66 65 63 62 60 59 58 58 59 60 62 62
    61 60 58 56 56 57 59 61 63 65 67 68 68 67 66 63 61 59 57 56 56 56 57
    58 60 61 63 65 67 70 72 73 73 72 69 67 64 62 61 60 61 62 63 65 65 65
    65 65 65 66 67 69 70 70 70 70 69 70 72 73 74 75 75 74 72 70 68 67 66
    66 66 68 68 70 70 70 70 70 70 70 69 68 67 66 65 64 63 62 61 60 60 60
    60 58 57 56 55 54 54 55 57 59 61 64 67 68 69 69 67 64 61 57 54 52 51
    51 52 53 55 57 58 60 61 62 63 64 65 66 68 68 117 7 49 0 84 101 81 22
    88 83 11 124 22 120 20 14 96 98 117 3 104 21 9 121 54 33 75 22 9 38
    70 48 113 96 73 100 9 50 27 123 62 91 18 97 105 47 63 97 66 107 115
    28 47 50 44 37 121 30 125 89 53 2 49 98 46 68 69 70 71 71 71 71 69
    68 67 67 67 67 68 68 69 68 67 64 62 60 59 59 60 61 61 61 60 59 58 57
    56 55 55 55 56 56 57 57 67 67 66 66 66 66 67 68 69 68 67 65 63 62 60
    59 58 58 59 60 61 61 61 59 57 55 55 55 57 59 61 64 65 67 68 67 66 65
    63 61 59 58 57 57 58 59 61 62 64 66 69 72 74 75 75 73 70 68 65 62 60
    60 60 62 63 64 65 65 65 64 64 65 67 68 69 69 68 68 68 68 70 72 74 75
    75 74 72 70 68 67 65 65 65 67 68 69 70 71 71 71 71 71 70 68 67 66 65
    64 63 62 61 60 61 60 60 59 58 57 56 56 57 58 60 62 64 67 69 70 71 69
    67 64 60 57 55 53 52 52 52 53 55 57 58 60 61 62 62 63 64 66 68 69 19
    82 59 13 110 77 15 58 55 115 30 122 99 42 57 25 15 122 9 18 26 50
    112 94 95 73 83 78 18 82 72 13 98 95 32 11 65 126 87 9 55 102 88 104
    77 39 47 61 88 104 40 73 78 38 65 119 46 7 123 30 19 59 66 98 17 69
    69 70 70 70 70 69 69 68 68 68 68 69 70 70 70 69 68 65 63 61 60 60 61
    62 62 62 62 61 60 58 58 57 57 57 57 57 58 58 65 65 64 64 64 65 67 69
    70 69 68 66 65 63 61 60 59 58 59 60 61 62 61 60 57 55 54 54 56 58 60
    62 65 66 68 68 67 66 64 63 61 59 58 58 59 60 62 63 66 68 70 73 75 76
    76 74 72 69 66 63 61 60 61 62 63 64 65 65 64 64 64 64 65 66 67 67 66
    65 65 66 68 70 72 74 74 74 73 71 68 66 64 64 64 65 67 69 70 71 72 72
    72 71 69 68 66 65 64 63 62 61 61 61 61 60 60 59 59 58 58 59 60 62 64
    66 68 70 71 72 71 69 66 63 60 57 55 54 53 53 54 55 56 58 59 60 60 61
    62 63 64 66 68 69 108 79 53 120 121 112 44 77 24 57 70 95 76 45 71
    73 7 68 105 59 86 17 48 89 93 117 40 1 113 82 88 56 85 7 113 62 52
    44 83 52 59 71 54 100 118 28 109 73 61 40 50 24 9 94 14 112 87 88 28
    25 51 94 84 104 116 71 70 70 69 69 69 69 68 68 68 68 69 70 71 71 71
    70 68 66 64 62 61 61 62 63 63 63 63 62 61 60 59 59 59 58 59 59 59 59
    60 60 60 60 61 63 66 68 70 70 70 68 66 64 62 61 60 59 60 61 62 63 63
    62 59 57 55 54 55 57 59 61 64 65 66 67 66 66 65 63 62 60 59 59 59 60
    62 64 66 69 71 74 76 77 76 75 73 70 67 64 62 61 61 62 63 64 65 65 64
    64 63 63 64 65 65 65 64 63 63 65 67 69 71 73 74 74 72 70 67 65 63 63
    63 64 66 69 70 72 72 72 71 70 68 66 65 63 62 61 61 61 61 61 62 62 62
    61 61 60 61 62 64 66 67 69 70 72 72 72 71 68 65 62 59 57 56 55 54 54
    54 55 57 58 59 60 60 61 61 62 64 65 67 68 124 38 125 3 12 93 41 123
    107 23 64 115 38 14 119 94 94 44 93 41 16 33 86 24 6 1 105 99 50 32
    52 83 94 111 98 73 19 30 91 106 21 95 89 76 84 17 67 7 58 70 58 119
    121 109 69 103 15 93 62 26 47 122 24 73 74 72 71 70 69 69 68 68 68
    68 67 68 69 70 71 71 71 69 67 65 64 62 62 62 63 63 64 64 64 63 62 61
    61 60 60 61 61 62 62 62 56 56 55 56 58 61 64 68 70 71 70 69 67 65 64
    62 61 61 61 62 63 65 65 64 62 60 57 56 56 57 59 61 63 65 65 65 65 64
    64 63 62 61 60 59 59 60 62 64 66 68 71 73 75 76 76 75 73 71 68 66 64
    62 62 62 63 64 64 64 63 63 62 62 63 63 64 63 63 62 62 63 65 67 69 71
    72 73 72 70 67 65 63 63 62 64 66 68 70 71 72 71 70 68 67 65 63 62 61
    60 60 61 62 62 63 63 63 63 62 62 63 64 66 68 70 71 72 73 72 71 69 66
    63 60 58 57 56 55 55 55 55 57 58 59 59 60 60 61 62 63 64 65 66 67 16
    111 5 43 74 106 94 85 73 2 6 119 22 30 2 65 57 117 18 61 97 23 108
    114 6 31 0 103 96 20 33 19 43 16 100 66 17 7 75 4 89 15 12 114 19
    118 79 110 84 20 90 15 20 55 56 17 98 15 74 107 100 14 122 113 93 73
    72 71 69 69 68 68 67 67 66 67 67 69 70 70 69 67 66 64 63 62 62 62 63
    64 64 64 63 63 62 61 61 61 62 62 64 65 65 65 51 51 51 52 55 58 62 66
    69 71 71 70 68 66 65 64 63 62 62 63 65 67 68 67 65 63 60 58 57 58 59
    61 63 63 64 63 63 62 62 62 62 61 60 59 59 59 61 62 64 67 69 71 73 74
    74 74 72 70 68 66 64 63 62 62 63 63 63 63 62 62 61 61 62 62 62 62 62
    62 62 63 65 66 68 70 71 72 71 69 67 65 63 62 62 64 66 68 70 71 71 70
    69 67 66 64 63 61 61 60 61 62 63 64 65 66 66 65 65 64 65 66 68 70 72
    73 73 73 72 70 67 64 62 59 58 57 57 56 55 55 56 57 58 59 59 60 60 61
    62 63 64 65 66 66 123 120 36 44 8 46 121 40 103 116 107 49 79 33 28
    50 29 1 116 60 54 106 48 76 81 5 19 55 63 109 75 55 76 8 104 21 111
    25 20 114 70 54 8 103 21 27 122 104 68 42 9 9 42 60 110 54 4 90 89
    109 77 121 62 52 51 73 72 71 69 68 68 67 66 66 65 65 66 67 68 68 67
    65 64 63 62 61 62 62 63 63 64 63 63 62 61 61 61 62 63 64 66 68 69 69
    48 48 49 50 53 57 62 66 69 70 71 70 69 67 66 65 64 63 63 64 65 67 69
    69 68 65 62 59 58 58 60 61 62 62 62 61 61 60 60 60 61 61 60 59 58 58
    59 60 62 65 67 69 71 72 72 72 71 69 67 66 64 63 63 62 62 62 61 61 61
    60 60 60 60 61 61 62 62 62 63 64 65 66 67 69 70 71 70 69 66 65 63 63
    63 65 66 68 69 70 69 68 67 65 64 63 63 62 61 61 62 63 65 66 67 67 67
    66 66 65 66 67 69 71 72 73 73 72 71 69 66 63 60 59 58 57 57 57 56 56
    56 57 58 59 60 60 61 62 63 64 64 65 65 65 117 7 117 88 3 34 9 125 98
    116 43 57 55 97 64 60 103 35 49 40 96 49 2 76 98 64 117 67 72 123 73
    17 89 73 123 16 96 17 116 41 60 34 125 5 108 113 104 112 123 103 88
    13 48 58 64 120 96 26 17 9 37 120 58 24 92 72 71 70 68 67 66 65 64
    63 63 63 64 65 65 65 65 63 62 61 60 60 60 61 61 62 62 62 61 61 60 60
    61 62 63 65 68 70 71 71 46 47 48 50 53 58 62 66 69 70 70 70 69 68 67
    66 65 64 64 65 66 68 69 70 69 67 64 61 59 59 59 60 61 60 60 59 59 58
    59 59 60 60 60 59 58 57 57 58 60 62 64 67 68 69 69 69 68 67 65 64 64
    63 63 63 62 62 61 60 60 59 58 58 59 59 60 61 62 63 63 64 65 65 67 68
    69 70 70 68 66 65 63 63 64 65 67 69 69 69 68 66 65 64 63 63 63 62 62
    63 64 65 67 68 69 69 69 68 67 66 67 68 69 71 72 72 72 71 69 68 65 62
    60 59 59 59 58 58 57 56 56 57 58 59 60 60 61 62 63 65 66 66 66 66
    116 107 12 26 102 17 93 113 82 28 107 60 82 66 21 107 0 57 16 5 27
    44 86 53 91 85 80 61 59 50 72 4 32 123 15 40 40 125 91 95 92 23 70
    80 117 12 125 118 6 52 123 96 15 2 111 123 88 117 47 67 125 60 71 55
    110 71 70 68 66 65 64 63 62 61 60 60 61 62 63 63 63 62 61 60 59 59
    59 59 60 61 61 61 61 60 60 60 60 61 63 65 68 70 72 72 47 48 49 51 55
    59 63 67 70 71 70 70 69 68 67 67 66 65 65 65 66 68 69 70 70 68 65 62
    60 59 59 59 60 59 59 58 58 58 58 59 60 60 60 59 58 57 56 57 58 60 63
    65 66 67 67 67 66 65 64 64 63 64 64 64 63 62 61 59 58 57 56 56 56 57
    58 60 61 63 64 65 65 66 67 68 69 70 69 68 66 64 63 64 64 66 68 69 69
    68 67 65 63 62 62 63 63 63 64 65 66 67 69 70 70 70 70 68 67 66 67 67
    68 69 70 70 70 70 68 67 64 62 61 60 60 60 60 59 58 57 57 58 59 60 60
    61 61 62 64 66 67 68 67 66 2 12 13 64 77 64 39 7 88 26 22 76 72 92
    91 29 2 79 67 112 39 116 114 9 61 68 7 12 54 121 88 51 45 84 104 105
    3 60 122 119 29 49 33 39 69 115 100 0 76 88 13 107 83 96 115 9 77 25
    26 125 95 96 111 12 97 69 68 66 64 62 61 60 59 58 58 58 59 60 62 62
    62 61 61 59 59 58 58 58 58 59 60 60 61 60 60 60 60 61 63 65 67 69 71
    72 49 49 51 54 57 62 66 69 71 71 70 69 68 67 67 67 66 66 65 66 66 68
    69 70 70 68 65 62 60 58 58 58 59 59 59 59 59 59 60 60 61 61 61 60 59
    57 56 56 57 59 62 64 65 66 66 66 65 64 63 63 63 64 65 65 65 64 62 59
    57 55 54 54 55 56 57 59 61 62 64 65 65 66 66 67 68 69 68 67 65 64 63
    64 65 67 68 69 69 68 66 63 62 61 61 62 63 64 65 66 67 69 70 71 71 70
    70 68 67 66 67 67 67 68 68 68 68 68 67 66 65 63 62 61 62 62 62 61 59
    58 58 59 60 61 61 61 61 62 64 67 68 69 69 68 97 100 123 98 111 47
    122 117 16 100 19 24 61 63 33 35 27 37 106 22 19 76 52 88 0 105 53
    47 77 23 63 93 66 26 52 17 114 97 91 68 126 28 3 52 18 102 107 22
    104 40 41 92 93 127 18 2 101 115 14 88 1 82 91 99 116 67 66 64 62 60
    59 58 57 57 57 57 58 60 61 62 63 62 61 60 59 58 58 57 58 59 60 61 62
    61 61 61 61 61 62 64 66 68 70 70 51 52 54 57 60 65 68 71 72 72 71 69
    68 67 67 67 67 66 66 66 67 68 69 69 69 67 65 62 60 58 58 58 59 59 60
    61 62 61 62 62 63 63 63 62 61 59 57 57 58 59 62 63 65 66 66 65 65 64
    63 63 64 65 67 67 67 65 62 59 56 54 52 53 54 55 57 59 60 62 63 64 65
    66 66 67 68 68 68 66 64 63 63 64 65 67 68 69 68 67 64 62 61 60 61 61
    63 64 66 67 68 69 70 71 70 69 69 67 66 66 66 66 66 66 66 66 66 66 67
    66 65 64 63 63 63 64 64 62 61 60 60 61 62 62 62 62 62 63 64 67 68 69
    69 68 44 70 37 43 118 49 30 36 65 119 48 110 0 47 94 77 49 19 108 62
    47 75 11 88 90 105 79 106 3 119 127 125 121 11 90 124 16 77 36 3 30
    52 67 79 75 53 104 77 58 82 54 59 78 16 99 55 32 67 106 65 90 50 99
    5 51 66 65 63 61 59 58 57 57 56 56 57 58 60 62 63 64 63 62 61 60 58
    57 57 58 59 60 62 63 63 63 62 62 62 63 64 65 67 69 69 54 55 56 60 63
    67 70 73 73 72 70 69 68 67 67 67 67 67 67 68 68 69 69 69 69 67 65 62
    60 58 58 58 59 60 62 63 64 64 64 64 65 65 65 64 63 61 59 58 59 60 62
    63 65 66 66 66 65 65 64 64 65 66 68 68 68 66 63 59 56 53 52 53 54 56
    58 59 60 62 62 63 64 65 66 67 67 67 66 65 63 63 62 63 65 66 68 68 67
    66 63 61 60 60 60 61 63 64 66 67 69 69 70 70 69 68 67 66 66 65 65 66
    65 65 65 64 65 65 66 66 66 65 64 64 65 66 65 64 63 62 62 63 63 64 63
    63 62 63 64 66 68 69 69 68 100 11 74 32 42 58 87 37 8 112 93 108 19
    105 75 1 86 127 45 53 3 60 30 120 112 21 4 21 63 1 76 66 11 50 81
    107 51 23 87 35 75 41 31 67 39 111 59 59 43 109 29 49 24 66 100 61
    20 58 84 122 61 11 5 97 97 66 65 63 61 60 58 58 57 57 57 58 59 60 62
    64 64 64 64 62 61 59 58 58 58 60 61 63 64 64 64 64 64 63 63 64 65 67
    68 68 56 57 59 61 64 68 71 73 73 72 70 69 67 67 68 68 69 69 69 69 69
    69 70 69 69 67 64 62 60 59 58 59 59 61 62 63 65 65 65 65 66 67 68 67
    66 63 61 60 60 61 62 64 65 66 67 67 67 66 66 66 66 67 68 69 68 67 64
    60 57 54 53 54 55 57 59 60 61 62 62 63 64 65 65 66 67 67 66 65 63 62
    62 63 64 65 66 67 66 65 63 61 60 60 61 62 63 65 67 68 68 69 68 68 67
    66 65 65 64 65 65 65 65 64 64 63 64 64 65 66 66 65 65 65 67 67 67 66
    64 63 63 64 64 65 64 64 63 63 64 65 66 67 67 65 32 21 105 49 85 69
    76 7 100 79 118 44 75 42 84 14 91 29 4 120 118 16 0 13 75 27 120 126
    25 127 124 116 25 30 111 89 110 75 73 44 25 29 33 43 102 102 37 59
    38 97 33 37 27 48 98 110 114 43 50 108 30 91 92 99 72 67 66 64 63 61
    60 60 59 59 59 59 60 61 63 64 65 65 64 63 61 59 59 58 59 60 62 63 65
    65 66 65 65 65 65 65 66 67 68 68 59 59 61 63 65 68 71 72 72 71 69 68
    68 68 69 70 70 71 70 70 70 70 70 69 68 66 64 62 60 59 58 58 59 60 62
    63 64 65 65 66 67 68 69 69 68 66 64 62 62 62 63 64 66 67 68 68 68 68
    67 67 66 67 67 68 67 66 64 61 58 56 55 55 57 58 60 61 62 62 62 63 63
    64 65 65 66 66 65 64 63 63 63 63 64 65 66 66 65 64 62 61 61 61 61 62
    64 65 66 67 67 67 66 66 65 64 63 63 63 64 64 65 64 64 64 63 63 64 65
    65 66 65 66 67 68 68 68 67 66 65 64 65 65 66 65 64 63 63 63 64 64 64
    64 63 65 81 125 50 90 77 58 35 27 108 108 82 124 20 42 38 37 100 33
    63 32 64 70 49 8 93 84 60 69 124 10 1 11 48 120 118 34 89 30 69 108
    18 12 111 107 50 9 63 72 87 0 52 32 102 79 115 29 14 107 59 87 61 74
    89 99 67 67 66 64 64 63 63 62 62 62 62 62 63 64 65 65 65 65 63 62 60
    59 59 59 60 62 63 65 66 66 66 66 66 66 66 67 68 69 68 61 61 62 63 65
    67 69 71 70 70 68 68 68 69 70 72 72 72 72 71 70 70 69 69 68 66 64 61
    60 58 57 57 58 59 60 61 62 63 64 65 67 69 70 70 69 68 66 64 63 63 64
    65 66 68 69 69 69 69 68 67 67 67 67 67 66 66 64 62 60 58 57 57 58 60
    61 62 63 63 63 63 63 64 64 65 65 66 65 65 64 64 64 64 64 65 65 65 64
    64 63 63 62 62 62 63 64 65 66 66 66 66 65 64 63 62 62 62 63 63 64 65
    64 65 64 64 63 64 64 65 65 66 67 67 69 69 69 68 67 66 65 65 66 66 65
    65 64 64 63 63 63 62 62 61 12 42 81 19 15 109 61 77 114 29 50 13 103
    127 122 4 47 113 83 105 71 18 66 100 53 76 19 70 1 115 42 77 53 109
    89 45 30 75 58 16 86 1 44 107 119 29 62 100 60 91 62 54 66 95 50 98
    106 17 38 107 5 26 40 115 52 68 68 68 67 67 66 66 66 65 65 64 64 64
    64 65 65 65 65 63 62 61 60 59 60 61 62 63 65 65 66 66 66 66 67 67 68
    68 69 69 63 63 63 64 65 66 67 68 68 67 67 67 68 70 72 73 73 73 72 71
    70 69 68 68 67 65 63 61 59 57 56 56 56 58 59 60 60 61 62 64 66 69 71
    71 71 70 68 66 65 65 65 66 67 68 69 69 69 69 68 67 66 66 65 65 65 64
    64 63 62 60 59 59 59 60 61 62 63 63 63 63 63 64 64 65 65 66 65 65 65
    65 65 65 65 65 65 65 64 64 64 63 63 63 63 63 64 64 65 65 65 64 64 63
    62 62 62 62 62 63 64 64 64 65 64 64 64 64 64 64 65 66 67 68 69 70 70
    69 67 66 65 65 65 65 65 65 64 64 64 63 63 61 61 60 101 102 27 3 75
    123 91 29 99 61 53 14 100 105 120 18 21 94 94 88 86 55 119 30 107
    105 14 65 59 40 98 121 82 26 50 82 102 94 6 123 83 91 93 59 87 81 97
    105 125 21 61 120 5 13 87 57 17 26 25 53 126 32 16 56 55 68 68 68 68
    68 68 69 68 68 67 66 66 65 65 65 65 65 65 64 63 61 61 60 61 61 62 63
    64 64 65 65 66 66 67 68 68 69 69 69 65 64 64 64 64 65 65 66 65 65 65
    66 68 70 72 74 74 73 71 70 69 68 67 67 66 64 62 60 58 56 55 55 55 57
    58 59 59 60 60 62 65 68 70 72 72 71 70 68 67 66 66 66 67 68 69 70 70
    69 68 67 66 65 64 63 63 63 63 63 63 62 61 60 59 60 61 62 63 63 63 63
    64 64 65 66 65 66 66 67 67 67 67 67 67 66 65 65 64 64 64 64 64 64 63
    63 63 63 64 64 64 64 63 63 63 63 62 63 63 63 63 64 64 64 64 64 64 63
    63 64 65 65 67 68 70 70 70 69 68 66 65 64 64 64 64 64 64 64 64 63 63
    62 61 60 74 23 10 29 35 113 63 58 42 34 82 70 101 39 93 84 39 51 103
    32 69 103 92 10 79 56 41 91 45 113 97 31 92 1 44 52 17 29 113 80 35
    116 69 1 29 68 21 5 7 26 56 109 39 108 58 125 30 0 63 126 27 8 33
    125 54 67 68 69 69 70 70 71 70 70 69 68 67 66 65 65 65 65 65 64 64
    62 62 61 62 62 62 62 63 63 64 64 65 66 67 67 68 68 69 68 66 66 65 64
    63 63 63 63 63 62 63 65 67 70 72 73 73 71 70 68 67 66 65 65 64 63 61
    59 57 55 54 54 55 57 57 58 58 59 59 61 64 67 70 72 73 72 71 70 68 67
    66 66 67 68 69 69 70 70 69 68 66 64 63 62 61 62 62 63 63 63 61 60 59
    59 60 61 62 62 62 63 63 64 65 66 66 67 67 68 68 69 69 68 68 67 66 65
    64 64 64 64 64 63 63 62 62 63 63 64 64 65 65 65 64 64 64 64 63 63 63
    63 63 64 64 64 64 63 63 63 64 65 66 68 69 70 71 69 68 65 63 62 61 61
    61 62 63 63 64 64 64 63 63 62 118 27 41 54 101 72 70 4 116 107 58 50
    34 106 88 4 110 36 46 24 19 103 125 112 58 16 103 119 85 51 68 29 30
    127 14 63 35 16 29 7 43 114 30 39 110 82 114 71 87 12 90 54 93 94 28
    55 102 83 54 86 88 7 65 62 65 67 67 68 69 70 71 71 71 71 70 69 67 66
    65 65 65 65 65 65 64 63 63 62 62 62 62 62 62 62 63 64 65 66 67 67 67
    67 67 67 67 66 65 64 63 63 62 61 61 60 61 63 66 69 70 71 71 70 68 66
    65 64 64 63 63 62 61 59 57 55 54 55 56 57 58 58 58 58 59 60 63 66 69
    71 72 73 72 71 69 67 66 66 66 67 68 69 70 70 69 68 66 64 62 61 60 60
    62 63 63 63 61 60 59 59 60 61 61 61 62 62 63 64 65 66 66 67 67 69 69
    69 69 69 69 67 66 65 64 64 64 64 64 64 63 63 63 63 63 64 65 66 66 67
    66 66 65 64 64 63 62 62 62 63 63 64 63 63 62 62 63 64 66 67 69 70 70
    69 67 64 62 60 59 59 59 60 61 63 64 65 65 65 65 64 57 48 119 23 77 7
    1 87 84 39 50 116 105 65 7 114 45 41 70 36 2 75 1 85 69 94 15 40 49
    88 28 13 42 102 116 25 60 108 32 20 110 127 68 83 28 63 88 89 30 123
    78 55 69 42 96 85 46 69 13 77 62 107 15 45 5 66 67 68 69 70 70 71 71
    71 69 68 67 65 65 65 65 65 65 65 64 63 63 62 62 62 62 61 61 62 63 64
    65 66 66 66 66 65 66 65 67 67 66 65 64 63 62 61 60 59 60 62 64 67 68
    69 68 67 66 65 64 63 62 62 62 61 61 59 58 57 56 56 57 58 58 58 58 58
    58 59 62 65 68 70 72 73 73 72 70 68 67 66 65 66 68 69 70 71 70 69 66
    64 62 61 60 60 61 62 63 62 61 60 59 59 59 60 60 60 60 61 61 63 64 65
    66 67 68 69 69 69 69 69 69 68 67 66 65 64 64 64 64 64 63 63 63 64 64
    66 67 68 68 69 68 67 66 65 63 62 61 61 62 62 63 63 63 63 62 62 62 63
    65 67 69 70 70 69 66 63 60 58 56 56 56 57 59 61 64 65 66 66 67 66 80
    69 7 117 22 110 50 19 73 42 62 58 4 29 88 8 37 119 82 121 68 4 49 42
    33 55 69 74 107 85 15 98 11 72 120 56 104 101 122 118 82 96 126 14
    11 20 19 40 33 45 62 22 103 114 14 72 88 97 6 13 101 125 8 113 96 66
    67 68 68 69 70 70 70 69 68 66 65 64 64 64 65 65 65 64 64 63 63 63 62
    62 61 60 60 61 62 64 65 66 67 66 66 64 64 63 68 67 67 65 64 63 62 61
    59 59 59 61 63 65 67 67 66 65 65 64 63 62 62 61 62 62 62 61 60 59 58
    58 59 59 59 59 58 58 58 60 62 65 68 70 72 73 73 73 71 69 67 65 65 66
    67 69 71 72 71 70 67 65 62 61 60 60 61 62 62 62 61 60 59 59 59 59 59
    59 59 60 60 61 62 64 65 66 67 68 68 69 68 68 68 68 67 66 65 64 64 64
    64 64 64 64 65 65 66 67 68 69 69 69 69 67 66 64 63 62 61 61 61 62 63
    63 63 62 61 61 62 63 65 67 69 70 70 68 66 62 59 56 55 54 54 55 58 60
    63 65 67 68 68 68 117 97 76 110 56 54 85 126 67 56 59 55 24 113 71
    32 52 17 80 123 74 41 6 53 73 116 45 106 15 4 78 99 124 72 74 44 4
    116 112 112 125 88 3 71 14 16 38 93 22 15 32 32 81 8 89 57 61 91 25
    106 10 81 54 87 67 65 66 67 68 69 69 69 68 67 65 64 63 63 63 63 64
    64 64 63 63 63 63 63 63 62 62 61 60 61 62 64 66 67 67 66 65 63 63 62
    68 67 67 66 65 64 62 61 60 59 59 61 62 64 65 65 64 64 63 63 63 62 62
    62 62 62 62 62 62 61 61 61 60 60 59 59 58 58 59 60 63 65 68 70 72 74
    74 73 72 69 67 66 65 66 68 70 71 72 72 71 68 66 64 62 61 61 62 62 62
    61 61 60 59 59 59 59 58 58 58 58 59 59 60 61 62 64 65 66 67 67 67 68
    68 68 67 66 65 65 64 64 65 65 65 66 66 67 67 68 69 70 70 69 69 67 65
    63 62 61 61 61 62 63 63 64 64 63 61 61 62 63 65 67 69 70 69 68 65 62
    58 56 54 53 53 55 57 60 63 65 67 68 69 69 69 68 67 66 65 65 64 63 62
    62 62 62 61 61 60 60 60 60 61 63 64 65 66 67 67 67 66 66 66 66 66 66
    66 66 66 67 68 69 69 68 67 66 64 63 62 61 60 60 59 59 59 59 60 60 60
    60 60 60 61 62 62 63 63 64 64 65 66 67 68 68 69 68 67 65 63 62 62 62
    62 63 63 63 62 62 63 63 64 65 65 64 63 61 60 61 62 64 66 67 67 65 65
    63 63 62 68 68 67 66 65 64 62 61 60 59 59 61 62 63 64 64 63 63 63 63
    63 63 63 62 63 63 63 63 63 63 62 62 62 62 61 60 59 59 60 62 64 66 69
    71 73 74 74 74 72 70 68 67 66 66 68 70 72 73 73 71 69 67 65 64 62 62
    62 62 61 61 60 60 59 59 59 58 58 58 58 58 58 58 58 59 59 61 62 64 65
    66 67 67 67 67 67 66 65 65 65 65 65 66 66 66 67 67 68 68 69 69 69 68
    68 66 64 63 62 61 61 62 63 64 65 65 64 63 62 61 62 64 66 68 70 70 70
    68 65 62 59 56 54 54 54 55 58 60 63 65 67 68 69 69 70 69 68 67 66 65
    64 63 62 62 62 62 62 62 61 61 61 61 62 63 64 66 67 67 68 68 68 67 67
    67 67 67 66 66 66 66 66 66 66 66 64 63 63 62 62 62 62 62 61 60 59 59
    60 60 60 60 60 61 61 62 62 62 62 62 63 63 65 66 67 67 67 66 65 63 62
    61 61 61 62 62 62 61 61 61 62 64 66 67 67 67 65 63 62 61 62 64 65 66
    66 65 64 64 63 63 67 67 66 65 64 63 61 60 59 58 59 60 62 63 63 63 63
    63 63 63 63 63 63 63 63 63 63 63 63 63 63 63 62 62 61 61 60 61 61 63
    65 67 70 71 73 74 75 74 73 71 70 68 68 68 70 71 72 73 73 72 70 68 66
    65 64 63 63 62 62 61 60 60 59 59 58 58 58 58 58 58 57 56 56 56 57 58
    60 62 63 65 66 67 67 67 67 66 66 66 66 66 66 66 66 66 67 67 67 68 68
    68 68 67 67 66 64 63 62 62 62 63 64 66 66 66 65 64 63 62 62 64 66 68
    70 70 70 68 66 63 60 58 56 56 56 57 59 62 64 66 67 68 69 69 69 69 68
    67 66 65 64 62 62 62 62 63 63 64 63 63 62 62 63 64 65 66 67 68 69 69
    69 69 69 69 68 67 66 65 64 64 64 64 63 62 61 61 61 62 62 63 63 63 62
    61 60 60 60 60 61 61 61 62 62 62 62 62 61 61 61 62 64 65 66 66 66 65
    64 62 61 61 61 62 62 62 62 61 61 61 62 65 67 70 71 70 68 65 63 62 62
    63 64 65 65 64 64 64 64 63 66 65 64 63 62 61 60 59 58 58 59 60 62 63
    63 63 63 63 63 63 64 63 63 62 62 62 62 62 62 62 62 62 62 63 62 62 62
    62 63 65 67 69 71 72 73 74 74 74 73 72 71 70 70 70 71 72 72 72 72 70
    69 67 66 64 64 63 63 62 61 61 60 60 59 59 58 58 58 58 58 58 57 56 55
    54 55 57 58 61 63 64 66 67 67 67 67 66 66 66 66 67 67 66 66 66 66 66
    66 66 67 67 67 67 67 66 65 64 63 63 63 64 65 67 67 67 66 65 63 62 63
    64 66 68 69 70 69 68 66 63 61 59 58 58 59 60 61 63 65 67 67 68 68 68
    68 68 68 67 66 64 63 62 61 62 63 64 65 65 65 65 64 64 63 64 65 66 68
    69 70 70 71 71 71 70 70 68 66 64 63 63 62 61 61 60 59 59 60 61 63 64
    64 63 62 61 60 59 60 60 61 62 63 63 63 63 62 61 60 60 60 61 62 63 64
    64 64 63 62 61 61 61 62 63 63 62 62 60 60 60 62 65 69 72 73 73 71 68
    65 63 62 63 63 64 64 63 63 63 63 63 63 62 61 60 59 59 58 58 57 57 58
    60 62 63 64 64 63 63 63 63 63 62 61 60 60 59 60 60 60 60 60 60 61 62
    62 63 63 63 65 66 68 70 71 72 73 73 74 73 73 72 71 71 72 72 72 72 71
    70 70 69 68 66 65 64 63 63 63 63 62 62 61 61 60 60 59 58 58 58 59 58
    58 56 55 54 54 56 58 60 62 64 66 67 67 67 67 67 67 67 67 68 68 67 65
    65 64 64 65 66 67 68 68 68 68 67 66 65 64 64 64 66 66 67 67 67 66 65
    63 62 62 63 65 66 67 68 68 67 65 63 62 61 60 60 61 62 64 66 67 68 68
    68 68 68 68 67 67 66 65 64 63 62 61 62 63 65 66 67 67 67 66 65 65 65
    66 67 68 69 71 72 73 73 73 72 71 68 66 64 63 61 61 60 59 58 58 58 60
    61 63 63 64 63 62 60 59 59 59 60 61 63 64 64 64 63 62 61 60 59 60 60
    61 62 63 63 63 63 62 61 61 62 63 64 64 63 62 61 60 61 63 65 69 73 75
    75 73 70 67 64 63 63 63 63 62 62 62 62 62 62 59 59 58 58 57 57 57 57
    57 58 59 61 63 64 65 64 64 63 63 63 62 61 59 58 57 57 57 58 58 58 58
    59 59 61 62 63 63 64 66 67 68 70 71 72 72 73 73 72 72 71 71 72 72 72
    72 71 70 69 68 67 66 65 64 63 63 63 62 62 62 62 61 61 61 60 60 59 59
    60 60 60 59 57 56 55 55 56 58 60 62 64 66 66 67 67 66 66 67 67 67 68
    67 66 64 63 63 63 64 66 68 69 70 70 69 68 67 66 65 66 65 67 67 67 66
    66 65 64 63 62 62 63 64 65 66 66 66 65 64 63 62 61 61 62 62 64 65 67
    68 69 69 69 68 67 67 66 66 65 64 63 62 62 61 62 63 65 66 67 67 67 66
    65 65 65 66 67 68 70 71 72 74 74 74 73 71 69 66 64 62 61 60 59 59 58
    58 59 61 62 63 63 63 62 61 59 58 58 58 59 61 63 65 65 65 64 63 61 60
    59 59 60 60 61 62 62 63 62 62 61 62 62 63 64 64 63 62 61 60 61 62 65
    69 72 74 75 74 71 68 66 64 64 63 63 62 61 61 61 61 61 55 55 55 55 56
    57 57 58 58 59 60 62 64 65 65 65 64 63 62 61 60 59 57 55 55 54 55 56
    56 57 57 58 58 60 61 62 63 65 66 67 68 69 70 71 71 71 71 71 70 70 70
    71 72 72 71 70 69 67 66 65 65 64 63 63 63 63 63 63 63 62 62 62 62 62
    61 61 61 61 62 61 61 59 57 56 56 56 58 60 63 65 66 67 67 67 66 65 66
    66 67 67 67 66 64 62 62 63 65 67 70 71 72 72 71 70 68 67 66 67 67 68
    67 66 65 64 63 62 62 61 61 62 62 63 64 64 63 62 62 62 62 61 62 62 64
    65 67 69 70 70 70 70 69 68 67 66 65 64 64 63 62 62 62 63 64 65 66 67
    67 67 66 65 65 65 65 67 68 70 71 72 73 74 74 73 71 68 66 64 62 61 60
    59 59 59 60 61 62 63 63 63 62 61 60 58 57 57 57 58 60 63 65 66 66 65
    63 61 60 60 60 60 61 61 62 62 63 62 62 61 61 62 63 64 63 63 62 61 61
    61 63 64 68 70 72 73 72 70 68 67 65 65 64 63 62 61 61 60 60 60 52 52
    53 54 56 57 58 59 59 60 62 63 65 65 65 65 64 63 62 61 59 57 55 54 53
    53 55 56 57 57 57 58 58 60 61 63 64 65 66 67 68 68 69 69 69 70 69 69
    68 68 69 69 70 70 70 69 67 65 65 64 64 63 63 63 63 63 63 63 63 63 63
    63 63 63 63 63 63 63 64 64 63 61 59 57 57 57 58 60 63 65 66 67 67 66
    65 64 64 65 65 66 66 65 63 62 62 63 66 69 72 74 74 73 72 70 68 67 67
    68 68 68 66 65 63 61 61 60 60 60 61 61 62 62 62 62 61 61 60 61 61 61
    62 63 64 66 68 69 70 71 70 70 69 68 66 65 64 63 63 62 62 62 62 63 64
    65 66 66 66 65 65 64 63 64 64 65 67 69 70 71 72 73 73 72 71 69 67 64
    63 61 60 59 60 60 62 63 64 65 64 63 62 60 59 57 56 56 56 57 60 62 64
    66 66 65 63 62 61 61 61 61 61 61 62 62 63 62 62 61 61 62 62 63 63 63
    63 62 62 62 63 64 66 68 69 69 69 68 68 67 67 66 66 65 63 62 61 60 59
    59 51 51 52 54 56 58 59 60 61 62 63 65 65 66 65 64 63 62 61 60 58 56
    54 52 52 52 54 56 57 58 58 59 60 61 62 64 64 65 65 66 67 67 67 68 68
    67 67 67 67 67 67 68 69 68 68 67 66 64 63 63 63 63 64 63 63 63 63 63
    63 63 63 63 64 64 64 64 65 65 65 65 64 63 60 59 58 58 59 61 63 65 66
    67 67 66 65 63 63 63 64 65 66 65 64 63 63 65 67 71 73 75 75 73 71 69
    67 67 67 68 68 68 66 63 61 59 58 58 58 59 59 60 61 61 61 61 60 60 60
    60 61 62 63 64 65 66 68 70 70 71 70 70 69 67 66 64 63 62 62 62 62 63
    63 64 64 65 65 65 65 64 63 62 62 62 63 64 66 67 69 69 70 70 71 70 70
    68 67 64 63 61 60 59 60 61 63 65 66 66 65 64 62 60 58 57 55 55 55 56
    59 61 64 65 66 65 64 63 62 62 62 62 62 62 62 62 62 62 61 60 60 61 61
    62 63 63 63 64 64 64 64 64 65 65 65 65 65 65 66 67 67 67 67 66 64 63
    62 60 59 59 51 51 53 55 57 59 60 61 62 63 64 65 66 65 65 63 62 61 61
    60 58 57 55 53 52 53 55 57 58 60 60 61 62 63 64 65 65 65 64 64 65 65
    66 66 66 65 65 65 65 65 66 66 67 67 67 66 65 63 63 62 63 63 64 64 64
    63 63 63 63 63 63 63 64 64 65 65 66 66 66 66 65 64 62 60 59 59 59 61
    63 65 66 67 67 66 64 62 61 62 63 64 65 65 64 64 64 66 69 71 74 75 74
    72 70 67 66 65 66 68 68 67 65 62 59 57 56 57 57 58 59 60 60 61 61 61
    60 60 60 61 62 63 64 65 66 67 68 69 70 70 70 69 67 66 64 62 61 60 60
    61 61 63 64 64 65 65 65 65 64 63 62 61 61 61 62 63 65 66 67 68 68 68
    69 69 69 68 67 65 63 61 60 60 60 62 64 66 67 67 66 64 62 60 58 56 55
    54 55 56 59 61 64 66 67 67 65 64 63 63 63 63 63 62 62 62 62 61 60 59
    59 60 61 62 63 63 64 65 65 65 65 64 63 62 62 62 62 63 64 66 67 67 67
    67 66 64 63 61 60 59 52 52 54 55 58 59 61 62 63 64 65 66 66 66 64 63
    62 61 60 60 59 57 55 53 53 53 55 57 59 61 62 63 64 65 66 66 65 64 63
    63 64 64 65 65 65 64 64 64 64 64 65 65 65 65 65 64 63 62 62 61 62 63
    64 64 64 63 63 63 63 63 63 64 64 65 65 65 66 66 66 66 66 65 63 61 60
    60 60 62 63 65 66 67 67 66 64 62 61 61 62 64 65 65 65 65 66 67 69 71
    73 73 72 70 68 66 65 65 66 67 68 67 64 61 58 56 56 56 56 57 58 59 59
    60 61 61 60 60 61 62 63 64 65 65 66 67 68 69 69 69 69 68 66 64 62 60
    59 58 59 60 61 63 64 65 66 66 66 65 64 63 62 61 61 61 62 63 65 65 66
    66 66 66 66 67 68 68 67 65 63 61 60 59 60 62 64 66 67 67 66 64 62 60
    58 57 55 55 55 57 59 62 65 67 68 68 67 66 65 64 64 63 63 62 62 61 61
    60 59 59 58 59 60 61 62 64 65 65 66 65 65 63 62 60 59 59 59 60 62 64
    66 67 67 67 66 65 63 62 61 60 54 54 55 56 58 60 61 63 64 65 65 66 66
    66 65 63 62 61 60 60 59 58 57 55 54 54 56 58 61 62 64 65 66 66 67 66
    65 63 62 62 63 64 65 65 65 65 64 64 64 64 64 64 64 63 63 63 62 61 61
    61 62 62 63 64 64 63 63 62 63 63 63 63 64 64 65 65 65 66 66 66 66 65
    64 63 62 62 62 63 64 65 66 66 66 65 64 62 61 61 62 64 65 66 66 66 67
    68 69 70 71 71 70 68 66 65 64 64 65 67 67 66 64 61 58 57 56 57 57 57
    57 58 59 60 61 61 61 61 62 63 64 65 65 66 66 66 67 67 67 67 67 66 65
    63 61 58 57 57 57 59 61 63 65 66 67 67 67 65 64 63 62 61 61 62 63 64
    65 65 65 64 64 64 65 66 67 67 67 65 63 61 60 60 61 62 63 64 65 65 65
    64 62 61 59 58 56 56 57 58 61 64 67 69 70 70 69 69 67 66 65 64 63 62
    61 61 61 60 59 59 58 59 59 61 62 63 64 65 65 65 64 62 60 58 58 57 57
    58 60 62 64 65 66 66 66 65 64 63 62 61 55 55 56 57 58 60 62 63 64 66
    66 67 68 67 66 64 62 61 60 60 59 59 57 56 55 55 57 59 62 64 65 66 66
    67 66 65 63 62 61 61 63 64 66 66 66 66 65 64 64 64 64 63 63 63 62 62
    61 60 60 60 61 62 63 63 64 63 63 63 63 63 63 63 63 64 64 64 65 65 66
    66 66 66 65 64 63 64 64 64 64 65 65 66 66 65 64 62 62 62 62 63 65 66
    66 67 68 69 69 70 69 69 68 67 65 65 64 65 66 67 67 66 64 62 59 58 58
    58 58 58 57 57 58 59 61 61 61 62 62 63 64 65 65 65 65 65 65 65 66 66
    66 65 64 62 60 57 56 56 57 59 61 64 66 67 68 68 68 67 65 64 63 62 63
    63 64 65 66 65 65 64 63 63 63 65 66 67 66 65 63 61 60 59 60 61 62 62
    63 63 63 63 63 62 61 59 58 58 59 61 63 66 68 71 72 72 71 70 68 67 65
    64 62 62 61 60 60 59 59 58 58 58 59 60 61 63 64 64 64 63 62 60 59 57
    57 56 57 57 59 61 62 63 64 65 65 64 64 63 63 62 56 56 57 58 59 61 63
    64 65 67 67 68 68 68 66 65 63 61 60 60 60 59 58 57 56 57 59 61 64 65
    66 66 66 65 65 63 61 60 60 61 63 65 67 67 68 67 66 65 65 64 64 64 63
    63 62 61 61 60 60 61 61 62 63 63 63 63 64 64 64 63 62 62 62 62 63 64
    64 65 66 66 66 66 65 65 65 65 65 65 65 65 65 66 67 66 65 64 63 62 62
    63 64 65 66 67 69 70 70 69 69 68 67 66 65 65 65 66 66 67 67 66 65 63
    62 61 61 60 60 59 58 58 58 59 60 61 61 62 63 63 64 64 64 63 63 63 63
    63 63 64 64 64 63 62 60 58 56 56 57 59 61 64 66 68 69 69 69 68 67 65
    65 64 64 65 66 66 66 66 65 63 62 62 63 64 65 66 66 64 62 61 60 59 59
    59 60 60 60 61 62 62 63 63 62 62 61 61 62 63 65 68 70 72 73 74 73 72
    70 68 65 63 62 61 60 59 59 59 58 58 58 58 58 59 60 61 62 62 62 61 59
    58 57 57 56 56 56 57 58 59 61 61 62 63 62 63 63 63 63 63 57 57 58 59
    60 62 64 66 67 68 68 69 69 68 67 65 63 61 60 60 60 60 59 58 58 59 61
    63 65 66 66 66 65 64 62 60 59 58 59 61 63 66 68 68 68 68 67 66 65 65
    64 64 63 63 62 61 61 60 61 61 62 63 64 64 64 64 64 65 64 64 62 61 61
    61 62 63 64 64 65 65 66 66 65 65 65 65 65 65 65 65 66 66 68 67 67 65
    64 63 62 62 62 64 65 67 69 70 70 70 68 67 66 66 65 66 66 67 68 69 68
    68 66 65 64 64 64 63 62 60 59 58 58 59 60 60 61 61 62 62 63 63 62 61
    61 60 60 61 61 62 64 64 63 62 60 58 57 57 58 60 62 65 67 69 70 70 69
    68 68 67 66 66 66 66 66 66 66 66 65 64 63 62 62 63 64 64 64 63 61 60
    59 58 58 57 57 57 58 59 60 62 63 64 64 63 63 63 63 64 66 69 71 73 74
    74 74 72 70 68 65 63 61 60 59 59 58 58 57 57 56 57 57 58 59 60 61 60
    60 59 58 57 57 57 57 57 57 57 58 58 59 60 60 60 60 61 61 62 63 63 59
    59 60 61 62 65 66 68 69 69 69 69 69 68 67 65 63 61 60 60 60 60 60 59
    59 60 62 64 66 67 67 65 63 61 60 58 57 58 59 61 64 66 68 69 68 68 67
    66 66 65 65 64 63 63 62 61 61 61 61 62 63 63 64 64 64 64 65 65 65 64
    62 60 60 60 61 62 63 64 65 65 65 65 65 65 64 65 64 64 65 65 66 67 69
    69 68 66 65 62 61 60 61 62 64 67 69 71 71 70 68 67 66 65 65 66 67 68
    69 69 69 69 68 67 67 67 67 66 64 62 60 59 58 59 59 60 60 60 61 61 61
    61 61 60 59 59 58 59 60 61 63 64 64 62 61 59 58 58 59 60 63 65 68 69
    70 70 70 69 68 67 67 67 67 66 66 66 66 65 65 64 63 62 62 62 62 62 62
    61 61 60 59 58 57 56 56 55 56 57 59 62 64 65 65 65 64 64 64 65 66 68
    70 72 74 74 74 72 70 68 65 63 61 60 59 58 57 56 56 55 55 56 56 57 58
    59 60 60 59 58 57 57 57 57 58 58 58 58 58 58 58 58 58 58 58 59 60 61
    62 62 62 62 62 63 65 67 69 70 71 71 70 69 68 67 66 64 63 62 61 60 60
    60 60 60 60 61 63 65 67 67 67 65 62 60 58 57 56 57 59 62 65 66 68 68
    68 67 67 67 66 66 65 64 64 63 62 62 61 61 62 63 64 64 64 64 64 64 65
    66 66 64 62 60 59 59 60 61 62 62 63 63 64 63 63 63 63 63 63 63 64 65
    67 68 70 70 69 67 65 62 60 59 59 61 63 66 69 70 70 69 68 66 65 65 65
    66 67 69 70 70 70 70 69 69 69 69 69 68 65 63 61 59 58 58 59 59 59 59
    59 60 60 60 60 59 58 58 58 58 59 61 63 64 64 63 62 60 59 59 60 62 64
    66 68 69 70 69 69 68 68 67 67 66 66 66 66 65 65 65 65 65 64 62 62 61
    61 60 60 60 59 59 59 58 57 56 55 54 55 57 59 62 64 66 66 65 65 64 63
    64 65 68 70 72 73 73 73 71 70 67 65 63 62 60 59 57 56 55 55 54 54 55
    55 56 58 59 60 60 60 59 58 59 59 59 59 59 59 59 59 58 58 57 57 57 57
    57 58 60 61 61 65 65 65 66 67 69 71 72 72 72 70 69 68 67 65 64 63 62
    61 61 61 60 60 60 60 61 63 65 67 67 66 64 62 59 58 57 57 58 60 63 65
    66 67 67 67 66 67 66 66 66 65 65 64 63 62 61 61 61 62 63 64 64 63 63
    63 65 66 67 67 65 63 60 59 58 59 59 60 61 62 62 62 62 62 61 61 61 61
    62 63 64 67 68 70 70 69 67 64 61 59 58 58 59 62 65 67 68 68 67 66 64
    64 64 64 66 67 69 70 70 70 70 69 69 69 70 69 68 66 64 62 60 59 59 59
    58 58 58 59 59 59 60 59 59 58 58 58 59 60 61 62 63 63 63 62 61 60 60
    61 62 64 66 68 68 69 68 67 66 66 65 65 65 65 64 64 64 65 65 66 65 64
    63 62 60 59 59 59 59 59 59 59 58 57 56 55 55 55 57 59 62 64 66 66 65
    64 63 63 63 64 67 69 71 72 72 71 70 69 67 65 63 62 60 59 57 56 55 54
    54 54 55 55 56 58 60 61 61 61 61 61 61 61 61 61 60 60 59 59 59 58 57
    57 56 56 57 58 59 60 61 69 68 69 69 70 71 72 73 73 72 71 69 68 66 65
    64 63 63 62 62 61 60 59 59 59 60 62 64 66 67 66 64 62 60 58 58 58 59
    61 63 65 66 67 67 67 66 67 66 66 66 65 65 64 63 62 61 61 61 62 62 63
    63 63 63 63 65 66 68 68 67 64 61 59 58 58 58 58 59 60 60 60 60 60 60
    60 60 60 60 62 64 66 68 69 69 68 66 63 60 58 57 58 59 62 64 66 67 67
    65 64 62 62 62 63 65 67 68 69 70 69 69 69 68 68 69 69 68 66 64 62 61
    60 59 59 58 58 58 59 59 60 60 60 60 59 59 59 60 61 61 62 63 63 62 61
    61 60 61 62 63 64 66 67 67 67 66 65 63 63 62 62 62 62 62 62 63 64 65
    66 66 65 63 61 60 59 58 58 58 59 59 59 59 58 57 56 56 56 58 60 62 64
    65 65 64 63 62 62 62 64 66 67 69 70 70 69 68 67 65 64 63 62 61 60 58
    57 56 55 55 55 55 56 57 58 60 62 63 63 63 63 63 63 62 62 61 61 60 60
    59 59 58 57 57 57 57 58 59 60 61 72 71 71 71 72 72 73 73 73 72 71 69
    68 66 65 64 64 64 64 63 62 60 59 58 57 58 60 62 65 66 65 64 62 60 59
    59 60 61 62 64 65 66 67 67 67 67 67 67 67 66 66 66 65 64 62 61 61 60
    61 61 62 62 62 62 63 65 67 69 69 68 66 63 60 59 58 57 57 57 58 58 59
    59 59 59 59 59 59 60 61 63 65 66 68 67 66 64 62 60 58 58 58 60 62 63
    65 65 64 62 61 60 60 61 62 64 66 67 68 68 68 68 67 67 67 67 67 66 65
    64 62 61 61 60 60 59 59 59 60 61 61 62 62 61 61 61 61 61 62 62 62 62
    61 61 60 60 60 61 62 63 65 65 66 65 64 63 62 61 60 60 59 59 59 59 60
    61 63 64 66 66 65 63 62 60 59 59 59 59 60 60 60 60 59 58 57 57 58 59
    61 63 64 64 64 63 62 62 62 62 63 65 66 68 68 68 67 66 65 64 64 63 63
    62 61 59 58 57 56 56 56 56 57 58 60 62 63 64 65 64 64 64 63 63 62 61
    61 60 60 59 59 58 58 58 58 59 60 61 61 62 74 74 74 73 73 73 73 73 73
    72 71 69 68 66 65 65 65 65 65 64 62 60 58 56 56 56 58 61 63 64 64 63
    61 60 59 60 60 61 62 63 64 65 66 67 67 67 67 67 67 67 67 67 66 64 63
    61 60 60 61 61 61 61 61 62 63 65 68 70 70 70 67 65 62 59 58 56 56 55
    56 57 58 59 60 60 60 59 60 60 62 63 65 65 66 66 65 64 62 61 60 59 60
    61 63 64 65 64 63 61 59 58 58 59 61 63 64 66 67 67 67 66 65 65 65 65
    65 64 63 62 62 61 61 61 60 60 60 61 62 63 63 64 63 63 63 62 63 63 62
    62 61 60 60 60 59 60 60 61 62 63 64 65 65 64 62 61 59 58 57 57 56 56
    56 57 58 60 62 64 66 66 65 64 62 61 60 60 60 60 61 61 60 60 60 59 59
    59 60 61 62 64 64 64 62 62 61 61 61 62 63 64 65 66 66 65 65 64 64 63
    63 63 63 62 62 60 59 58 58 58 58 58 58 59 61 62 64 65 65 65 65 65 64
    63 62 62 61 60 60 59 59 59 59 60 60 61 62 63 63 64 76 76 75 74 74 73
    73 73 73 72 71 70 68 66 65 65 65 66 66 64 62 60 57 55 54 55 56 59 61
    62 62 61 60 59 59 59 60 61 61 62 63 65 66 67 68 68 68 67 67 67 67 67
    66 64 62 60 60 60 60 61 61 61 61 62 63 66 68 70 71 70 68 66 63 60 58
    56 55 55 56 57 59 60 61 61 61 61 61 61 62 63 64 64 65 64 64 63 62 61
    61 61 62 63 64 64 64 63 61 59 58 57 58 58 60 62 63 64 65 65 65 65 64
    64 63 63 63 63 62 61 61 61 61 61 62 62 62 62 63 64 65 65 65 64 64 64
    64 63 62 61 60 59 59 59 59 59 60 61 63 64 64 64 64 62 61 59 57 56 56
    55 55 55 55 55 57 59 62 65 66 67 66 65 63 62 61 61 62 62 62 61 61 60
    60 60 60 60 61 62 63 64 64 63 62 61 61 61 62 63 63 64 64 64 64 64 63
    63 63 63 64 64 64 63 62 61 60 59 59 59 59 59 60 61 62 63 65 65 66 65
    65 65 64 63 62 61 60 60 60 59 59 59 60 61 62 63 64 65 65 66 77 76 76
    75 74 73 73 73 73 72 72 70 68 67 66 65 66 66 66 65 63 60 57 55 54 54
    55 57 59 60 60 59 58 57 57 58 59 60 61 62 63 64 66 67 68 68 67 67 67
    67 67 67 65 63 61 59 59 59 60 61 61 61 61 62 63 66 68 70 71 70 69 66
    64 61 59 57 56 55 56 58 60 62 63 63 63 62 62 62 63 63 64 64 64 64 64
    63 63 63 63 63 64 64 65 64 64 62 60 59 58 57 57 58 60 61 63 64 64 64
    64 64 63 63 62 62 61 61 60 60 61 61 62 62 62 62 63 63 64 65 66 66 65
    65 65 65 65 64 63 61 59 58 58 58 59 59 61 62 63 64 65 65 64 62 60 59
    57 56 55 55 54 54 54 55 56 59 62 65 66 67 66 65 64 63 63 63 63 63 63
    62 61 61 60 60 61 61 62 63 64 64 64 62 61 60 60 61 62 63 63 63 63 63
    62 62 62 63 64 64 65 65 64 63 63 62 61 60 60 60 60 60 61 62 63 64 65
    66 66 66 65 65 65 64 63 62 61 60 60 60 60 60 61 62 64 65 65 66 67 67
    77 77 76 75 74 73 73 73 73 72 72 70 69 67 66 65 66 66 66 65 63 60 57
    55 54 54 54 56 56 57 57 56 56 56 56 57 58 59 60 61 62 64 65 67 67 67
    67 66 66 66 66 66 64 62 59 58 58 59 60 61 61 61 61 62 63 65 67 69 69
    69 68 66 64 62 60 58 57 57 58 60 62 63 65 65 65 64 64 63 63 64 64 64
    64 64 63 63 63 63 64 64 64 64 64 64 62 61 59 58 58 58 58 59 60 62 63
    63 64 64 64 63 63 62 62 61 60 60 60 60 61 62 62 63 63 63 63 64 64 65
    66 65 65 65 65 65 65 64 63 61 59 58 57 58 59 60 61 63 64 65 65 65 64
    63 61 59 58 57 56 55 54 54 54 55 57 60 63 65 67 68 67 66 65 64 64 65
    65 64 63 62 61 61 61 61 61 62 62 64 64 64 63 62 60 59 60 61 62 63 63
    63 62 61 61 62 62 63 64 65 65 65 65 64 63 62 61 60 60 60 61 61 62 62
    63 64 65 66 66 66 66 66 66 65 63 62 61 61 60 60 61 61 62 63 64 65 66
    67 67 67 77 76 76 74 74 73 73 73 73 73 72 70 69 67 66 65 65 65 65 64
    63 61 58 56 55 54 54 55 55 55 55 55 54 54 55 56 57 58 59 60 61 63 64
    65 66 66 65 64 64 64 64 64 62 61 59 58 58 59 60 61 61 61 61 61 63 65
    66 67 67 67 66 65 64 62 61 60 59 59 59 61 63 65 66 67 67 66 65 65 65
    64 65 65 64 64 64 63 63 63 64 64 64 64 64 63 61 60 59 58 58 59 59 60
    61 62 64 64 64 64 64 63 63 63 62 61 60 60 60 60 61 62 63 64 64 63 63
    63 64 64 64 64 64 64 64 65 65 64 63 61 59 58 57 57 59 60 62 63 64 65
    66 66 66 64 63 61 60 58 57 56 55 55 55 56 58 61 63 66 67 68 67 66 65
    65 65 65 65 64 63 62 61 61 61 61 62 62 63 64 64 64 63 61 59 58 59 60
    61 62 62 62 61 60 60 61 62 63 64 65 66 65 65 64 63 62 61 61 61 61 61
    61 62 62 64 64 65 66 66 66 67 67 67 67 65 64 62 62 61 61 62 62 63 64
    65 65 66 66 66 66 77 76 75 74 73 73 73 73 73 72 72 70 68 67 66 65 64
    64 64 64 63 62 60 58 56 56 55 55 55 54 54 54 54 54 55 56 57 58 58 60
    60 62 63 64 64 64 63 62 62 63 63 62 61 60 59 58 59 60 61 61 61 60 60
    61 62 63 64 65 65 64 63 63 62 62 61 61 61 60 61 62 64 65 67 67 68 67
    67 66 66 65 65 65 65 64 63 63 63 63 63 63 64 63 63 62 61 60 59 59 60
    60 61 62 63 63 64 64 65 64 64 64 64 63 63 62 61 60 60 61 62 63 64 64
    64 64 63 62 62 62 63 63 63 63 64 64 65 64 63 61 59 58 57 57 58 60 61
    63 64 66 67 67 67 66 65 63 62 60 59 58 56 56 56 58 60 62 65 67 68 68
    67 66 65 64 65 65 64 64 62 61 61 61 62 62 62 63 63 63 63 63 62 61 59
    59 59 60 61 62 62 61 60 60 60 60 61 62 63 64 65 65 64 63 62 62 62 61
    61 62 62 62 62 62 63 64 65 65 66 66 67 68 69 68 66 65 63 63 62 62 63
    63 64 64 65 65 65 65 65 65 76 76 75 73 73 72 73 73 73 72 71 69 68 66
    65 64 63 63 63 63 63 62 61 60 59 58 57 56 55 54 54 54 54 55 56 57 58
    58 59 59 60 60 61 61 61 61 61 61 60 61 61 61 60 60 59 59 60 61 61 61
    60 59 59 59 61 62 63 63 62 62 61 61 61 61 61 61 61 61 61 62 63 65 66
    67 68 68 68 68 67 67 66 66 65 64 63 62 62 62 62 62 63 63 63 62 61 60
    60 60 61 62 63 63 64 64 65 65 65 65 65 65 65 65 64 63 62 61 61 62 63
    64 65 65 64 63 62 61 60 60 61 61 62 62 63 64 64 64 63 61 59 58 57 57
    57 59 61 62 64 65 66 67 67 67 66 65 63 62 60 58 57 57 57 59 61 64 66
    68 68 68 66 65 64 64 64 64 64 63 62 61 61 61 62 63 63 63 63 63 63 63
    62 61 60 59 60 60 61 62 62 61 60 60 60 60 61 62 63 63 64 64 63 63 62
    62 62 62 62 62 61 61 61 61 62 62 64 64 65 66 67 69 69 69 67 65 64 63
    63 63 64 65 65 65 65 65 65 64 64 64 76 76 74 73 72 72 72 72 72 71 69
    68 66 64 63 62 62 62 62 62 63 63 62 61 61 60 59 58 57 55 55 55 56 57
    58 59 59 60 60 59 59 59 59 59 59 59 59 59 59 59 59 60 60 61 61 61 61
    62 62 61 60 59 58 59 60 60 61 60 60 59 59 58 59 60 61 61 61 61 60 61
    61 63 64 66 67 68 69 69 68 67 67 66 65 64 63 62 61 61 61 62 62 62 63
    62 62 61 62 63 64 65 65 65 65 65 65 65 65 65 65 65 66 66 65 64 63 62
    62 63 64 65 65 65 64 62 61 60 59 58 59 60 61 62 63 64 64 64 63 61 59
    57 56 56 56 58 59 61 63 65 66 67 67 67 67 66 64 62 60 58 57 57 58 60
    62 65 67 69 68 67 65 64 63 63 63 64 63 62 61 61 61 62 63 63 64 64 63
    63 63 63 63 63 62 61 61 61 62 62 62 62 61 60 60 60 60 61 62 62 63 63
    63 63 63 63 63 62 62 62 61 60 60 60 60 61 62 62 64 65 66 68 69 68 67
    65 64 63 63 63 64 65 66 66 66 65 64 63 63 63 76 75 74 72 71 71 71 71
    70 69 67 66 64 63 62 61 61 60 61 61 62 63 62 62 62 62 61 60 58 56 56
    56 57 59 61 62 62 62 61 60 59 58 57 56 56 56 57 57 57 58 58 60 60 61
    62 63 64 64 63 62 60 59 59 59 59 60 60 59 58 58 57 57 58 59 60 60 60
    60 59 59 60 61 63 65 67 69 69 69 69 68 67 66 65 64 63 62 61 61 61 61
    62 62 63 63 63 63 64 65 66 67 67 67 67 66 66 66 66 65 66 66 67 67 66
    65 64 63 63 63 64 64 65 64 63 61 60 58 57 57 58 59 60 61 62 63 64 64
    63 61 59 57 55 55 55 57 58 60 62 64 65 66 67 67 67 66 65 62 60 58 56
    57 58 61 63 67 69 70 69 68 65 63 62 62 63 64 64 63 62 61 61 62 63 64
    64 64 64 64 64 64 64 64 64 63 63 62 62 62 62 62 61 61 61 61 61 61 62
    62 62 63 63 64 63 63 63 62 62 61 60 59 58 58 58 59 60 61 62 63 65 66
    67 67 66 64 63 62 62 63 64 65 66 66 66 65 64 63 62 62 74 74 72 71 70
    69 69 69 68 67 65 64 62 62 61 61 60 60 60 61 62 63 63 63 63 62 62 61
    60 58 58 58 60 62 63 65 65 64 63 61 59 57 55 54 54 54 55 56 56 57 58
    60 61 62 63 65 65 66 65 64 62 60 60 59 60 60 59 59 58 57 56 56 57 58
    59 60 60 59 58 58 58 60 61 64 66 68 69 69 68 68 67 66 66 65 64 63 62
    61 61 61 61 62 63 63 64 65 66 67 68 69 69 69 68 67 67 66 66 66 66 66
    67 67 67 66 64 63 63 64 64 64 64 64 62 60 58 57 56 56 57 59 60 61 62
    63 64 63 63 61 59 57 55 55 55 56 58 60 62 63 65 65 67 67 67 66 64 62
    60 58 56 57 58 61 64 68 70 71 69 67 64 62 61 62 63 64 64 63 62 62 62
    63 63 64 65 65 65 65 65 65 66 66 66 65 64 63 62 62 62 62 61 61 61 62
    62 62 62 62 63 64 64 65 65 65 64 63 62 60 59 58 57 56 57 57 58 59 61
    62 64 65 65 65 64 63 62 61 61 62 63 65 66 66 66 65 64 62 61 61 72 72
    70 69 68 67 67 67 66 65 63 62 61 61 61 61 60 60 61 61 62 63 63 63 62
    62 62 61 60 59 59 60 62 64 66 67 67 66 65 63 60 57 55 53 52 53 53 54
    55 57 58 60 61 63 64 66 67 68 67 66 64 62 61 61 61 61 60 59 58 56 56
    56 56 57 58 59 59 59 59 58 59 60 61 63 65 67 68 68 68 67 67 66 65 65
    64 63 62 61 60 60 60 61 62 63 64 65 67 68 70 71 71 71 70 69 69 67 67
    66 66 67 67 67 66 65 64 64 63 64 64 64 64 63 61 59 57 55 55 55 57 59
    60 61 62 63 63 63 62 61 59 57 56 55 56 57 59 60 62 63 64 65 66 66 66
    65 63 61 59 57 56 57 58 62 65 69 71 72 70 68 64 62 61 61 63 64 64 64
    63 63 62 63 64 65 65 66 66 66 66 66 67 68 68 67 65 63 62 61 61 61 61
    61 62 62 62 62 63 63 64 65 66 67 67 66 65 63 61 59 57 56 55 55 55 56
    57 58 60 61 63 63 64 64 63 62 61 61 61 62 63 64 65 66 66 65 64 62 61
    60 69 69 68 66 66 66 66 66 65 63 61 60 60 60 60 61 60 60 61 62 62 63
    63 63 62 61 61 61 60 60 61 62 64 66 68 69 69 68 66 64 61 57 55 53 52
    52 52 54 55 57 58 60 61 63 65 66 68 68 68 67 65 64 63 63 62 62 61 59
    58 57 56 55 56 57 58 59 60 60 60 60 60 60 61 63 65 66 66 66 66 66 65
    65 65 64 64 63 62 61 60 60 60 61 62 63 64 65 67 69 70 72 73 73 72 71
    70 69 68 67 66 67 67 67 66 65 64 64 64 65 65 64 64 62 60 58 57 55 55
    55 57 59 61 62 62 63 63 62 62 61 59 58 57 57 57 59 60 62 63 64 65 65
    66 66 66 64 63 61 59 57 57 57 59 62 66 69 71 72 70 67 64 61 60 61 62
    64 65 65 64 63 63 63 64 65 66 67 67 67 66 67 67 68 68 67 65 63 61 60
    60 60 60 60 61 62 62 63 64 65 66 67 68 69 68 67 65 63 60 58 57 56 55
    54 55 55 56 57 59 60 62 62 63 63 63 62 61 61 61 62 63 64 65 65 65 65
    63 62 60 60 67 67 66 65 64 65 65 65 64 62 61 60 59 60 60 61 60 60 60
    61 62 62 62 62 62 61 61 61 61 61 62 63 65 67 68 70 70 69 67 64 61 58
    55 53 51 51 52 53 55 57 59 60 62 63 65 66 68 69 68 68 66 66 65 65 64
    63 62 60 59 57 57 56 56 57 58 59 61 61 61 61 62 62 63 64 65 66 66 66
    65 65 65 65 65 64 64 63 62 61 60 60 60 61 62 63 64 65 66 68 70 72 73
    73 73 72 71 70 68 67 66 66 66 66 65 65 65 65 65 65 65 65 64 62 60 58
    56 55 55 56 57 60 61 62 62 62 62 62 62 61 60 59 58 58 59 60 62 63 64
    65 66 66 66 66 65 64 62 60 59 57 57 58 59 62 66 69 71 72 70 67 64 61
    60 60 61 63 64 65 65 64 64 64 65 66 67 68 68 67 67 67 67 67 67 66 64
    62 60 59 59 60 60 60 60 61 62 63 64 66 67 69 70 70 69 67 65 62 59 57
    56 55 54 54 55 55 56 57 59 60 61 62 63 63 63 62 62 61 62 62 63 64 64
    65 65 64 63 61 60 60 65 65 64 63 63 64 65 65 64 62 61 60 59 60 60 61
    60 60 60 60 60 61 62 62 62 62 62 62 62 62 63 64 66 67 69 70 69 68 66
    64 61 58 55 53 52 52 53 54 56 58 60 61 62 63 65 66 67 68 68 68 67 67
    66 66 65 64 62 60 59 58 57 57 57 58 59 60 61 62 63 63 63 64 64 65 66
    67 66 66 65 65 64 64 64 64 64 63 62 61 61 61 61 61 62 62 63 64 65 67
    69 70 72 72 73 72 71 70 69 67 66 66 65 65 65 65 64 65 65 65 65 65 64
    62 60 59 57 56 56 57 59 61 62 62 62 62 62 62 62 61 60 60 59 60 60 62
    63 64 65 66 66 66 67 66 65 63 62 60 59 58 58 59 60 63 66 69 70 70 68
    66 63 61 60 60 61 63 64 65 65 65 65 65 66 67 67 68 68 67 66 66 65 66
    65 65 63 61 60 59 59 60 60 60 60 61 61 63 64 66 68 70 70 70 69 67 64
    61 58 57 56 55 55 55 55 56 56 57 58 59 60 61 63 64 64 64 63 63 63 63
    63 64 64 64 63 63 62 60 59 59 64 64 63 63 62 64 64 65 64 63 61 60 60
    60 61 61 60 60 59 59 59 60 62 63 63 63 63 63 64 64 64 65 66 67 68 69
    68 67 65 63 60 57 55 53 53 53 53 55 56 59 60 62 63 64 65 66 66 67 67
    67 67 67 67 66 66 64 63 61 60 59 58 58 58 58 59 60 61 62 63 64 64 65
    66 67 67 68 68 67 66 66 65 65 65 65 64 63 62 62 62 62 62 63 63 63 63
    63 64 65 67 69 70 70 71 71 70 69 68 67 66 65 64 64 63 63 63 64 64 65
    65 65 64 63 61 59 58 57 58 59 60 62 63 63 62 62 61 62 62 62 61 61 60
    60 61 62 64 65 66 66 66 66 66 66 65 63 61 60 59 59 59 60 61 63 66 68
    68 68 67 64 62 61 60 60 61 63 65 66 66 66 66 66 66 67 67 67 67 66 65
    65 64 64 63 63 62 61 60 60 61 62 61 61 60 60 61 62 64 66 68 70 70 70
    68 65 62 59 57 56 56 56 56 56 56 56 57 57 57 58 59 61 63 65 66 66 65
    64 64 63 63 63 63 62 62 61 60 60 59 59 63 63 62 62 62 64 65 66 65 64
    62 61 61 61 62 61 60 59 58 57 58 59 61 63 64 64 64 65 65 65 66 66 66
    67 67 68 67 66 64 61 59 57 55 54 54 54 55 56 58 60 62 63 64 65 65 66
    66 66 66 66 66 66 66 66 65 64 63 61 60 59 59 59 59 59 59 60 61 62 63
    63 64 65 66 67 68 69 69 69 68 67 66 65 65 65 64 63 62 62 62 63 64 64
    64 63 62 62 62 63 64 66 67 68 69 69 69 68 68 66 65 64 62 62 61 61 62
    62 63 63 64 64 63 63 62 61 60 59 60 61 62 64 64 64 63 62 62 62 62 62
    62 61 61 61 61 62 63 64 65 66 66 66 66 65 64 62 61 60 60 60 60 61 63
    64 66 67 67 66 64 63 61 61 60 61 62 64 65 67 67 67 66 66 66 66 66 66
    66 65 64 64 63 63 62 62 61 61 61 62 63 64 63 63 62 61 61 62 64 66 68
    69 70 69 67 63 61 58 56 56 56 57 57 57 57 57 57 56 57 57 59 61 63 66
    67 67 67 66 65 64 63 62 62 61 60 59 59 58 58 58 62 62 62 62 62 63 65
    66 66 65 64 63 62 63 63 62 61 59 58 57 57 59 61 63 64 65 65 65 65 66
    66 66 66 66 66 66 65 64 63 61 59 57 56 55 55 55 56 58 59 61 63 64 65
    66 66 66 66 66 66 66 66 66 67 67 66 65 63 62 61 60 60 59 60 59 60 60
    60 61 61 62 62 64 65 67 69 70 70 70 69 68 67 66 65 65 64 63 63 63 64
    64 65 65 64 63 62 61 61 61 62 63 64 65 66 66 67 67 67 66 65 63 61 60
    59 59 60 60 61 62 63 63 63 63 62 62 61 61 61 62 64 65 65 65 64 63 62
    62 62 62 62 61 61 61 61 62 63 64 65 66 66 66 65 65 63 62 61 60 60 61
    62 63 64 66 67 67 66 65 63 62 61 61 61 62 63 65 66 67 67 68 67 67 66
    66 66 65 65 64 64 63 62 62 62 62 61 62 63 65 66 66 66 65 63 63 62 63
    64 66 67 68 68 67 65 62 59 57 56 56 57 58 58 58 58 57 56 56 56 56 58
    61 64 67 68 68 68 67 65 64 63 62 61 60 59 59 58 58 58 58 61 61 60 61
    61 63 64 66 66 65 65 64 64 64 64 63 62 60 58 57 57 58 60 62 64 64 64
    64 65 65 66 66 66 65 65 64 64 63 62 60 59 57 57 57 57 57 58 59 61 62
    64 65 66 67 67 68 67 67 66 66 66 66 67 67 66 65 63 62 61 60 60 60 61
    61 61 61 60 60 60 61 61 63 65 67 68 70 70 70 69 68 66 65 64 63 63 62
    63 63 64 65 66 66 65 63 62 60 60 60 60 61 62 63 63 64 65 66 67 66 65
    63 61 59 58 57 58 58 59 60 61 62 62 62 63 63 63 63 63 64 65 66 66 65
    64 63 62 62 61 62 61 61 60 60 60 61 62 64 65 66 66 66 65 64 63 62 61
    61 61 62 64 65 66 68 68 68 67 65 64 62 62 62 62 63 64 65 66 67 68 68
    67 67 66 65 65 64 63 63 63 63 63 63 62 62 63 64 65 67 68 69 68 67 65
    64 63 63 64 65 66 66 66 65 63 60 57 56 55 56 58 59 60 59 58 57 56 55
    55 56 58 61 64 67 69 69 68 67 65 64 63 62 61 60 59 58 58 58 59 59 59
    59 59 60 61 63 64 66 66 66 66 66 65 65 65 64 63 60 59 57 57 58 60 62
    63 63 63 63 63 64 65 66 65 65 64 63 63 62 61 61 60 59 58 58 59 59 59
    60 61 63 64 66 67 68 68 69 69 68 68 67 67 67 68 68 67 66 64 62 61 60
    60 61 62 62 62 61 60 60 59 59 60 62 64 66 68 69 69 69 68 67 65 63 62
    61 61 61 62 64 65 66 66 66 64 63 61 59 59 59 59 60 61 61 62 63 64 65
    66 66 65 63 61 59 57 57 57 57 58 59 60 61 61 62 63 63 64 64 64 65 65
    66 66 65 64 63 62 61 61 61 60 60 59 59 59 61 62 64 66 67 68 67 67 65
    64 62 62 61 61 63 65 67 68 69 70 69 68 67 65 64 63 63 63 63 64 65 66
    67 67 67 67 66 65 64 63 63 62 62 62 63 63 64 64 64 64 65 67 69 70 70
    69 69 67 66 65 64 64 64 64 64 64 63 61 59 57 56 56 57 59 60 61 60 59
    58 56 55 55 56 59 62 65 68 69 69 67 66 65 65 64 63 62 61 60 60 60 61
    61 61 57 57 58 59 61 63 64 65 66 67 66 66 66 66 65 64 63 61 59 57 57
    58 59 60 61 61 61 61 62 64 65 65 65 64 63 62 62 62 62 61 61 61 60 61
    60 60 60 60 61 62 64 65 67 68 69 70 70 70 69 68 68 68 68 68 68 67 64
    62 60 59 60 61 63 64 64 63 62 61 60 59 60 61 63 65 66 67 68 67 66 65
    63 61 60 59 59 60 62 64 65 67 67 66 64 62 60 59 58 59 59 60 61 61 62
    62 63 65 66 66 65 64 61 59 58 57 57 57 58 59 60 61 61 62 63 64 64 65
    65 65 65 65 65 65 64 63 62 61 60 60 59 59 59 59 59 61 62 65 67 68 69
    69 68 66 64 63 62 61 62 63 65 67 69 70 70 70 69 68 67 66 65 65 64 64
    64 65 66 66 66 66 66 65 64 63 62 61 60 61 61 62 63 64 65 66 66 67 68
    70 70 71 70 70 68 67 66 64 63 63 63 63 62 61 60 58 57 56 57 58 60 61
    62 61 60 58 57 56 56 58 60 64 67 69 69 69 67 66 66 65 65 65 64 63 63
    63 63 63 63 63 56 56 57 59 61 62 64 65 66 67 67 67 67 66 66 65 63 61
    60 58 58 58 59 60 61 60 60 60 61 63 64 65 65 64 63 62 62 62 62 63 63
    63 63 63 62 61 60 59 60 61 62 64 66 68 70 71 71 71 70 69 68 68 69 69
    69 67 65 62 60 59 59 61 63 65 65 65 63 62 61 60 60 61 63 64 65 66 66
    65 64 62 61 59 58 58 58 60 62 64 66 67 67 66 64 62 60 59 58 59 60 61
    62 62 62 62 63 64 66 66 66 64 62 60 58 57 57 58 59 60 61 61 61 62 63
    64 65 65 65 65 64 64 64 64 63 63 61 61 59 59 58 59 58 59 60 61 63 65
    68 69 70 70 69 67 65 63 62 61 62 63 65 67 69 70 71 71 70 70 69 68 67
    67 66 65 65 65 65 65 65 65 64 64 63 61 60 59 59 59 60 61 62 64 65 66
    67 68 69 70 70 71 70 70 69 68 67 65 64 63 62 62 62 60 59 58 58 58 58
    60 61 62 62 62 61 60 58 58 58 60 62 65 67 69 69 68 67 66 65 65 66 66
    66 66 66 66 66 66 66 66 56 56 57 59 61 62 64 65 66 67 67 67 66 66 66
    65 64 62 61 59 59 59 59 60 60 60 60 60 61 63 64 64 64 63 62 62 62 63
    63 64 65 65 65 64 63 62 60 59 59 59 61 63 66 68 70 71 72 71 71 69 69
    69 69 69 69 68 65 62 60 58 59 61 63 66 67 67 66 64 63 62 62 62 63 64
    64 65 64 64 63 62 60 58 57 57 58 59 62 64 67 68 68 67 65 62 60 59 58
    59 60 61 62 62 62 62 63 64 65 66 66 65 63 61 59 58 58 59 60 61 62 62
    62 62 63 64 65 65 65 64 63 63 63 63 63 63 62 61 60 59 59 59 59 59 60
    62 64 66 68 70 71 70 69 67 66 63 62 61 61 62 64 66 67 69 70 70 70 70
    70 70 69 68 67 67 66 66 65 64 63 63 63 62 62 61 59 58 58 58 59 60 62
    63 65 66 67 68 69 70 70 71 70 70 69 68 66 65 64 63 62 61 61 60 59 58
    58 59 60 61 62 63 63 63 62 61 60 60 60 62 64 67 68 69 69 67 66 65 65
    65 66 67 67 67 67 67 67 67 67 67 56 56 58 59 61 63 65 66 67 68 67 67
    66 66 65 65 64 63 62 61 60 59 60 60 61 61 61 61 61 62 62 63 62 62 61
    61 62 63 64 65 66 67 66 66 64 62 60 59 58 59 61 63 66 68 70 71 72 71
    70 70 69 69 69 69 69 68 66 63 60 58 59 61 64 66 68 69 68 67 65 64 63
    63 63 63 64 64 64 64 63 62 60 59 57 57 57 59 62 64 67 68 68 67 65 63
    60 59 58 58 59 61 62 62 62 62 62 63 64 65 65 65 63 61 59 58 58 58 59
    60 61 62 62 62 63 63 64 65 64 63 62 62 62 62 63 63 62 62 61 60 59 59
    59 60 61 63 64 66 68 70 71 70 69 67 66 64 62 61 61 61 63 64 66 67 68
    68 69 70 70 70 70 69 69 68 67 66 65 63 62 62 61 61 61 60 59 58 58 59
    59 60 61 62 63 65 66 67 68 69 69 70 69 69 68 67 66 65 64 63 62 62 61
    60 60 59 60 60 61 62 63 63 63 63 63 62 62 62 62 64 66 68 69 69 68 67
    65 65 65 65 65 66 67 68 68 68 68 67 67 67 57 58 59 61 63 65 66 67 68
    68 68 67 66 65 64 64 64 64 63 62 61 60 60 61 61 62 61 61 61 61 61 61
    60 59 59 60 61 62 64 65 66 67 67 67 65 63 61 60 59 59 61 63 66 68 70
    70 71 71 70 69 69 69 69 69 69 68 66 63 61 59 59 61 64 67 69 70 70 69
    67 66 64 63 63 63 64 64 65 65 64 63 62 60 58 57 57 58 61 63 66 68 68
    67 65 63 60 59 58 58 59 60 61 62 62 61 61 62 63 64 65 65 63 62 60 58
    58 57 58 59 60 61 62 62 62 63 63 64 63 63 62 61 62 63 63 64 64 64 62
    62 60 60 60 61 61 63 65 66 68 69 70 69 69 67 65 63 62 61 60 60 61 62
    63 64 65 66 67 68 69 70 70 70 70 69 68 67 65 63 62 61 61 61 61 61 61
    60 60 60 60 61 61 62 62 63 65 66 67 68 68 69 69 68 68 67 65 64 63 62
    62 61 61 61 60 60 60 61 62 63 63 63 63 63 63 63 63 64 65 66 68 69 69
    69 68 67 66 65 64 64 65 65 66 67 67 68 67 66 66 66 59 59 61 63 65 67
    69 69 70 69 68 67 65 64 63 63 64 64 64 63 62 61 61 62 62 62 62 61 60
    59 58 58 58 57 58 58 60 61 63 64 65 67 67 67 66 65 63 61 61 61 63 64
    67 67 69 69 69 69 69 68 68 68 69 69 68 67 65 63 61 60 60 62 64 67 70
    71 71 70 68 66 64 63 62 63 64 65 65 66 66 66 64 62 60 58 57 58 60 62
    65 66 67 66 65 63 61 59 58 58 58 59 60 61 61 60 61 61 62 63 64 64 63
    62 60 58 57 56 57 58 59 60 61 61 62 62 63 63 63 63 62 62 63 64 65 65
    66 65 64 63 62 62 61 62 62 63 64 66 67 68 69 68 68 66 65 63 62 61 60
    60 60 60 61 62 63 64 66 67 68 69 70 71 70 70 69 67 65 63 61 60 60 61
    61 62 62 62 62 63 63 63 62 62 61 62 63 64 65 66 67 68 68 68 67 66 64
    63 62 62 62 62 62 61 61 61 61 62 62 63 63 63 63 63 63 63 64 65 66 67
    68 69 69 69 68 67 66 65 64 64 64 65 66 66 67 67 66 65 64 64 61 62 63
    65 68 69 70 71 71 69 68 66 64 63 62 62 63 64 64 63 62 62 62 62 63 63
    63 61 60 58 57 56 56 56 56 57 58 60 61 63 64 65 66 67 67 66 65 64 64
    64 65 66 67 68 68 68 68 68 68 68 68 67 67 67 67 66 64 63 62 61 61 62
    64 67 69 70 71 70 67 65 63 61 61 62 63 65 66 67 68 68 66 64 61 59 58
    58 59 60 62 64 65 65 64 62 60 59 58 57 58 59 59 60 60 59 60 60 62 63
    64 64 64 62 60 58 56 56 56 57 58 59 60 60 61 62 62 63 63 63 63 64 64
    65 66 67 67 67 66 65 64 63 63 63 63 63 64 65 67 67 68 67 67 65 64 63
    62 62 61 60 59 59 59 59 61 62 64 65 67 69 70 70 70 70 69 67 65 63 61
    61 61 61 62 63 63 64 65 66 65 65 63 62 62 62 62 64 64 65 66 68 68 68
    67 66 64 62 61 60 60 61 61 62 62 62 62 62 62 63 63 63 63 63 63 64 64
    65 66 68 69 69 69 69 68 68 67 66 65 64 64 65 65 65 65 65 64 63 62 62
    64 64 66 67 70 71 72 72 71 69 67 65 63 61 60 60 61 62 63 63 62 62 62
    63 63 64 63 62 60 58 57 56 56 56 56 57 58 59 60 61 62 64 65 67 67 67
    67 66 66 66 66 67 67 67 67 66 67 66 67 66 66 65 65 64 64 63 62 61 61
    61 61 62 64 66 68 69 69 68 66 63 61 59 59 60 62 64 66 68 69 69 67 65
    63 60 59 58 59 59 61 62 63 63 63 62 60 59 58 58 58 58 59 59 59 59 59
    60 61 62 64 64 64 62 61 59 57 56 56 56 57 58 59 60 61 61 62 63 64 64
    64 65 66 67 68 69 69 69 68 67 66 65 64 64 63 63 64 65 66 67 67 66 66
    64 63 62 62 62 61 60 59 58 58 58 60 61 63 65 67 68 69 70 70 69 68 67
    65 63 62 61 61 61 62 63 64 66 67 68 68 67 65 63 62 62 62 63 64 65 66
    67 68 68 67 66 64 62 60 59 59 60 61 62 62 63 62 62 62 62 63 63 63 63
    63 64 64 65 66 67 68 68 69 69 68 68 67 66 65 64 64 65 65 65 64 64 62
    61 60 60 66 66 68 69 71 72 72 72 70 68 65 63 60 58 58 58 59 61 62 62
    62 62 62 63 64 65 64 63 61 59 58 57 57 57 57 58 59 59 60 61 62 63 65
    67 68 68 69 68 67 67 67 67 67 66 66 66 66 66 66 65 65 64 63 61 61 60
    59 59 60 60 61 62 64 65 66 66 66 65 63 60 58 57 57 58 60 63 65 67 69
    69 68 67 64 62 60 59 59 59 60 60 61 62 62 61 60 59 58 58 58 59 59 59
    59 59 59 60 61 62 64 65 65 64 62 60 59 57 57 57 57 58 59 60 61 62 62
    63 64 65 65 66 67 68 69 70 70 71 70 69 68 66 65 64 63 63 63 64 65 66
    66 65 65 63 62 62 62 62 62 61 60 59 58 58 60 61 63 65 67 68 68 68 68
    68 67 65 64 63 63 62 62 62 63 63 65 67 68 69 69 68 66 64 63 62 62 62
    63 64 66 67 68 69 68 66 64 62 60 59 58 59 60 61 62 63 63 63 62 62 62
    63 63 63 63 63 63 64 65 66 67 67 68 68 68 68 67 66 65 65 65 65 65 64
    63 62 60 59 58 58 68 68 69 70 71 72 72 71 69 66 63 60 58 56 55 56 57
    59 60 60 60 61 61 63 64 65 65 64 62 61 60 59 59 59 60 60 60 61 61 61
    62 63 65 67 68 69 69 68 67 66 66 65 65 65 65 65 65 66 65 65 63 62 60
    59 58 57 57 57 59 60 61 62 63 64 64 64 63 62 60 58 56 55 55 56 58 61
    63 66 67 68 68 67 66 65 63 62 61 60 60 60 60 61 61 61 60 60 59 59 59
    59 59 59 59 59 58 59 61 62 64 65 66 65 64 63 61 60 59 59 58 59 60 61
    62 62 63 64 64 65 66 67 68 69 70 71 72 72 71 70 69 67 65 64 63 63 63
    64 65 66 66 65 64 62 62 61 61 62 62 62 61 60 60 60 61 62 64 65 67 67
    67 67 66 66 65 64 63 63 64 64 64 64 64 64 65 67 68 70 70 69 67 65 63
    62 62 62 63 64 66 67 69 69 68 67 65 62 60 59 58 58 59 61 62 63 63 63
    62 62 62 62 62 62 62 62 62 63 64 65 65 66 67 67 67 67 66 66 65 65 65
    65 64 63 62 61 59 58 57 57 69 69 69 70 71 71 71 69 67 64 61 58 56 54
    53 54 55 57 58 59 59 60 61 63 64 65 66 65 64 63 62 61 61 62 62 62 63
    63 62 62 63 64 65 66 67 68 68 67 66 65 64 63 63 64 64 65 65 66 66 65
    63 61 59 57 56 55 56 57 59 60 62 63 63 63 62 62 61 59 57 55 54 53 53
    54 56 59 61 64 66 67 68 68 68 67 66 66 64 63 62 61 61 60 60 60 60 60
    59 59 59 60 60 60 59 59 59 60 61 63 64 66 67 67 66 65 64 62 61 60 60
    60 61 62 62 63 63 64 64 65 66 67 68 69 70 72 72 73 72 70 68 66 65 63
    63 63 64 65 65 66 66 65 63 62 61 61 61 61 62 62 62 62 62 62 63 64 66
    67 68 68 67 66 64 63 62 62 62 63 65 66 66 66 65 65 66 67 68 69 69 68
    67 65 63 62 61 61 62 64 65 67 68 69 68 67 65 63 61 59 58 58 59 60 62
    63 63 63 62 62 62 62 61 61 60 61 61 62 62 64 64 65 65 66 66 66 65 65
    65 65 65 65 64 63 61 60 59 58 57 57 69 69 69 69 70 70 69 68 66 63 60
    57 54 52 52 53 54 55 57 57 58 59 61 63 64 66 66 66 66 65 64 64 64 64
    65 65 65 65 64 64 63 64 65 65 66 66 66 65 64 63 62 62 62 63 64 65 65
    66 66 65 63 61 59 57 56 55 55 57 59 61 63 64 64 63 62 61 60 58 56 54
    53 52 52 53 55 57 60 63 65 66 67 68 69 69 69 69 68 66 64 62 61 61 60
    60 60 60 59 59 60 60 60 61 60 60 59 60 61 63 64 65 67 67 67 67 66 64
    63 62 61 61 62 62 62 63 63 63 64 65 66 67 69 70 71 72 73 73 73 71 68
    66 64 63 63 63 64 65 66 66 66 65 64 62 61 60 60 61 61 62 62 63 63 64
    65 66 67 68 68 68 66 64 63 61 60 61 62 64 66 67 68 68 67 66 66 66 67
    68 68 68 67 65 63 61 61 61 62 63 65 66 68 68 68 67 65 64 62 60 59 58
    59 60 61 63 63 63 62 62 61 61 60 60 59 59 60 61 62 63 63 64 65 65 65
    65 65 65 65 65 65 64 63 61 60 59 59 59 59 59 67 67 67 67 68 68 68 67
    65 62 59 57 54 53 53 53 54 55 56 56 57 59 60 62 64 66 67 68 67 67 66
    65 65 65 66 67 67 66 65 65 64 63 63 64 64 64 64 63 62 62 62 62 62 63
    64 65 66 66 66 65 64 61 59 57 56 55 56 58 60 63 65 66 66 64 63 61 59
    57 55 54 52 51 52 53 55 57 59 62 64 65 67 68 69 71 71 71 70 68 66 64
    63 62 61 61 60 60 59 59 60 60 61 61 61 61 60 61 61 62 63 64 66 67 67
    67 67 65 64 63 62 62 62 62 62 62 63 64 65 66 67 68 69 71 72 73 74 74
    72 70 67 65 63 63 63 64 65 66 67 67 67 66 65 63 62 61 60 60 60 61 62
    63 64 66 67 68 69 69 69 68 66 64 61 60 59 60 61 64 67 69 70 70 69 68
    67 66 66 66 67 66 66 64 63 61 60 60 61 62 64 65 67 67 67 67 65 64 62
    61 60 59 59 60 61 62 62 63 62 62 61 61 60 59 58 58 58 60 61 63 64 65
    65 65 64 64 64 65 64 64 64 63 61 60 60 59 60 60 61 61 66 66 66 66 66
    66 66 66 64 62 60 57 55 54 54 54 55 55 56 56 57 58 60 62 64 66 68 69
    69 68 67 66 66 66 67 67 67 67 66 65 64 63 62 62 62 62 62 61 61 61 62
    63 64 65 66 66 67 67 67 66 64 62 59 58 56 56 57 58 61 64 66 67 67 65
    63 61 59 57 56 54 53 52 52 54 55 58 60 62 63 65 66 68 69 70 71 71 70
    69 67 65 64 63 62 62 61 60 59 59 59 60 61 62 62 62 61 61 61 62 62 63
    64 65 66 67 67 66 65 64 63 63 62 62 62 62 63 64 65 67 68 69 70 72 73
    74 74 74 72 70 67 65 63 63 64 65 66 67 67 67 67 66 65 64 63 61 60 60
    59 60 61 63 64 66 67 68 69 69 68 67 65 63 61 60 59 59 61 64 67 70 71
    71 70 68 66 65 65 64 65 65 65 63 62 61 60 59 60 61 63 65 66 67 66 66
    65 64 63 62 61 60 60 61 61 62 62 62 62 62 62 61 59 58 57 57 58 59 61
    63 64 65 65 65 65 65 64 64 64 63 63 61 60 60 59 60 61 62 63 64 62 63
    63 63 64 65 65 65 64 62 60 59 57 57 57 57 57 57 57 57 57 58 60 62 64
    67 68 70 70 69 68 67 66 66 67 67 67 67 66 65 64 63 62 61 60 60 60 60
    61 62 63 65 66 67 68 68 68 67 67 66 64 62 59 58 57 57 58 59 62 65 67
    68 67 65 63 61 59 58 57 55 55 54 54 55 57 59 61 63 64 65 65 67 67 68
    69 69 69 68 67 66 65 64 63 63 62 61 59 59 60 61 62 63 63 63 62 62 61
    61 61 61 62 63 65 66 66 66 65 64 63 63 62 61 61 61 62 64 66 68 69 70
    71 72 72 74 74 73 72 69 67 65 64 64 65 66 67 67 67 67 67 67 66 66 64
    63 61 60 59 59 60 62 64 65 66 67 67 68 68 67 66 64 62 60 59 59 61 63
    67 69 71 71 70 68 66 64 63 63 63 63 63 62 62 60 60 59 60 60 62 64 65
    66 66 66 65 64 63 62 61 61 61 62 62 62 62 63 63 63 62 61 59 58 56 56
    56 58 61 63 65 66 66 66 65 65 64 64 63 62 61 60 60 59 60 61 62 64 65
    65 59 60 61 62 63 65 65 65 65 63 62 60 59 59 59 59 59 58 58 57 58 58
    59 61 64 66 69 70 70 70 69 68 67 66 67 67 67 66 66 66 65 63 62 60 59
    58 59 60 61 63 65 67 69 70 70 70 69 68 67 65 63 61 59 58 57 57 58 60
    62 64 66 66 66 64 62 61 59 59 58 57 57 57 57 59 60 62 63 64 64 65 65
    65 65 66 66 66 67 67 66 66 66 65 64 64 63 61 60 60 61 62 63 64 63 63
    62 62 61 60 60 60 61 62 63 65 66 66 65 64 63 62 61 61 60 60 62 63 66
    68 69 70 70 71 71 72 73 72 71 69 67 66 66 66 67 68 68 68 68 67 67 67
    67 66 65 64 62 61 60 60 60 62 63 64 64 65 65 66 67 67 67 65 63 62 60
    60 61 63 66 68 70 70 69 67 65 63 62 62 62 62 63 62 62 61 60 60 60 61
    62 63 65 65 65 65 64 64 63 62 62 62 62 62 62 62 62 63 63 64 63 62 60
    57 56 55 56 58 60 63 65 66 67 66 66 65 64 63 62 61 60 59 59 60 61 62
    63 65 66 66 57 57 59 61 63 65 66 66 66 65 64 63 62 62 61 61 61 60 60
    59 59 59 60 61 64 66 68 70 70 70 69 68 67 66 66 66 66 66 66 66 65 64
    62 60 58 58 58 60 61 64 66 69 70 71 71 70 69 68 66 64 62 60 59 58 58
    58 58 60 61 63 64 64 64 62 61 60 60 60 60 60 60 60 61 62 63 64 65 65
    65 65 65 65 64 64 63 64 64 65 66 66 66 66 65 65 64 63 62 62 62 63 64
    64 64 63 62 62 61 60 59 59 60 61 62 64 65 65 65 64 63 62 61 60 59 60
    61 63 66 67 69 69 69 69 70 71 71 71 70 69 68 68 68 69 69 69 69 69 68
    67 67 67 67 67 67 65 64 62 61 60 60 61 62 62 62 63 64 65 66 68 68 67
    65 63 61 60 60 62 64 66 68 68 67 65 63 62 61 61 61 62 62 62 61 61 60
    60 60 61 61 63 64 65 65 65 64 64 63 62 62 62 62 62 62 62 62 63 64 65
    64 62 60 57 55 54 55 57 60 63 65 67 67 67 66 65 64 63 62 61 60 60 60
    61 62 63 64 65 66 66 55 56 58 61 64 66 67 67 67 66 65 64 63 63 63 63
    62 61 61 60 60 59 60 61 63 65 67 69 69 70 69 68 67 67 66 66 66 65 66
    66 65 64 62 60 58 57 58 59 62 64 67 69 71 72 72 70 69 67 66 64 62 60
    59 58 58 58 58 59 60 61 61 61 60 59 59 59 60 61 62 63 64 64 64 65 66
    66 67 67 66 66 65 65 63 62 61 61 62 63 65 66 66 66 66 66 65 65 64 64
    65 65 65 65 64 63 62 62 60 60 59 59 59 60 62 63 65 65 65 64 62 61 60
    59 59 59 61 63 65 67 68 68 68 68 68 69 69 70 69 69 69 69 70 70 71 71
    71 69 68 67 66 66 67 67 67 66 65 64 62 62 61 61 61 61 61 61 62 64 66
    68 69 68 66 64 61 60 60 61 63 64 65 65 65 64 62 61 60 61 61 61 62 62
    62 62 61 61 61 61 62 63 64 65 65 65 64 63 62 62 61 62 61 61 61 61 61
    63 64 65 64 63 60 57 55 54 55 57 60 63 65 67 67 66 66 65 64 63 62 61
    60 60 61 62 63 64 65 65 65 65 56 57 59 62 65 67 68 69 68 67 66 66 65
    65 64 64 63 62 62 61 61 60 61 62 63 65 67 68 69 69 68 68 67 66 66 65
    65 65 65 65 65 64 62 60 59 58 58 60 62 65 67 69 71 71 71 70 68 66 64
    63 61 60 59 59 59 59 59 59 59 59 59 59 58 57 58 58 61 63 65 66 67 67
    67 67 68 68 68 67 67 67 66 65 64 62 61 60 61 63 64 65 66 66 67 67 67
    66 66 66 67 67 66 65 64 63 62 61 60 59 59 59 59 60 61 62 64 64 64 63
    61 60 59 58 58 59 61 63 65 66 67 67 67 66 67 67 68 69 69 69 69 70 71
    72 72 72 71 70 68 67 66 66 66 67 67 67 67 65 64 63 62 61 60 60 59 59
    61 63 65 68 68 68 66 64 61 59 59 60 61 62 63 63 63 62 61 61 60 60 60
    61 62 63 63 63 62 62 61 61 61 62 63 64 64 64 64 63 61 61 60 61 60 60
    60 60 61 62 64 65 64 63 61 58 56 55 56 58 61 64 66 67 67 66 65 65 64
    63 62 62 61 61 62 64 65 65 65 65 64 64 57 58 60 63 66 68 69 69 69 68
    67 66 65 64 64 63 63 62 62 61 61 61 62 62 63 64 65 67 67 67 66 66 66
    66 65 65 65 64 64 65 65 64 62 61 59 59 59 61 63 65 67 69 70 71 70 69
    67 65 64 63 62 61 61 61 60 60 59 59 58 58 57 56 56 56 57 58 61 64 66
    68 69 69 69 69 70 70 69 69 69 68 68 66 64 62 60 60 60 61 63 64 65 66
    67 67 68 68 68 68 68 68 67 66 64 63 62 61 60 60 59 59 59 59 60 61 62
    63 62 61 60 58 58 58 58 60 61 63 66 67 68 67 67 66 66 67 67 68 68 68
    69 70 71 72 73 72 71 69 67 66 65 65 65 66 67 67 67 66 64 63 61 61 60
    59 59 59 60 62 65 67 68 67 65 63 60 59 58 59 60 61 62 62 62 61 61 60
    59 60 60 61 62 63 64 64 64 63 62 62 61 62 62 63 63 63 62 61 60 59 59
    59 59 59 58 58 59 61 63 64 64 63 62 59 57 56 57 59 61 64 66 67 67 66
    65 65 64 63 63 62 62 62 63 64 65 65 64 63 62 61 60 61 63 65 67 69 70
    69 69 68 66 65 64 64 63 63 63 62 62 62 62 62 63 63 64 64 65 66 66 65
    65 64 64 64 64 64 64 64 64 64 64 64 63 62 61 61 61 63 64 66 67 69 69
    70 69 68 66 64 63 63 63 63 62 62 62 61 61 59 59 57 57 56 56 56 57 59
    62 65 67 69 70 70 70 71 71 71 71 70 70 70 69 67 65 63 61 60 60 61 62
    63 64 65 67 68 69 69 70 70 70 69 68 66 64 63 62 61 60 60 59 59 58 58
    59 59 61 61 61 59 58 57 57 58 59 61 63 65 67 68 68 68 67 66 66 66 67
    68 68 68 68 69 70 71 71 71 70 68 66 65 64 64 64 65 66 66 66 65 63 62
    60 59 59 58 58 59 60 61 63 65 65 65 63 61 59 58 57 58 59 59 60 60 61
    61 60 60 59 59 60 61 62 64 65 66 65 64 63 61 60 61 61 61 61 61 60 59
    58 58 57 57 57 57 57 57 58 60 62 64 65 64 63 60 58 57 58 59 62 64 67
    67 67 66 65 65 64 64 63 63 63 63 64 64 64 64 63 61 60 59 61 62 63 65
    67 69 69 69 68 67 65 64 63 63 62 62 62 62 62 62 62 63 63 64 64 64 64
    64 64 63 62 62 62 62 62 63 63 64 64 64 65 64 64 63 62 62 63 64 65 66
    67 68 68 68 68 67 65 64 64 64 64 65 65 65 64 63 62 61 59 58 57 56 56
    57 58 60 63 65 67 69 70 71 71 72 72 72 72 72 72 71 70 68 66 63 61 59
    59 60 60 61 63 65 67 68 70 71 71 72 71 70 69 67 65 64 63 62 61 60 59
    58 58 57 57 58 59 59 59 58 57 56 57 58 60 63 65 67 69 70 70 69 68 67
    66 66 67 67 67 67 67 67 68 69 69 69 68 67 65 65 64 64 64 64 65 65 64
    62 61 59 58 58 58 58 58 59 60 61 62 64 64 63 61 60 58 57 56 57 58 58
    59 59 60 60 60 60 59 59 60 61 63 65 66 67 66 65 63 61 60 59 59 60 60
    59 58 58 56 56 56 56 55 55 55 55 56 58 61 63 65 65 64 62 60 58 58 59
    61 64 66 67 67 67 66 65 65 64 64 64 63 63 64 64 64 63 61 59 57 56 62
    62 64 65 67 68 69 68 67 66 65 64 63 62 62 62 62 61 61 62 62 63 64 64
    64 64 63 63 62 62 60 60 59 60 61 62 63 63 64 65 65 65 65 64 64 64 64
    65 66 66 66 66 66 66 66 65 64 64 63 64 65 65 66 66 65 64 63 62 61 59
    58 57 58 58 60 61 64 65 67 68 69 70 71 72 73 74 74 73 73 72 71 69 66
    63 61 60 59 59 59 60 62 64 66 68 70 71 72 72 72 71 70 68 66 65 64 63
    61 60 59 58 57 56 56 57 58 58 59 58 57 56 57 59 61 64 67 69 71 71 70
    69 67 66 66 66 66 67 67 66 66 65 65 66 66 65 65 64 64 64 64 64 63 63
    63 62 61 59 58 56 56 56 57 58 59 60 60 61 61 62 61 61 59 58 56 56 56
    56 56 57 57 58 59 59 60 60 59 59 60 62 64 66 67 68 67 66 64 61 59 58
    58 58 58 57 56 56 55 55 55 55 55 54 53 53 55 57 61 63 66 66 65 63 60
    58 58 58 60 62 65 66 67 67 66 65 65 65 64 64 64 64 64 64 63 62 60 58
    56 55 61 62 63 65 66 67 68 67 66 65 64 63 62 61 61 61 61 61 61 61 62
    63 64 65 64 64 63 62 61 60 59 58 58 58 59 61 62 63 64 65 66 66 66 65
    65 65 65 66 66 65 65 64 64 64 64 63 63 63 64 65 66 67 67 67 66 65 65
    63 62 61 60 59 59 60 61 62 64 65 66 67 68 69 71 72 73 74 74 74 74 73
    71 69 66 63 61 60 59 58 58 59 60 62 65 68 70 72 73 73 73 72 71 69 67
    66 65 63 62 61 59 58 56 56 56 56 58 59 59 58 57 57 58 60 63 66 69 72
    73 73 71 69 67 66 65 65 66 66 66 65 64 63 63 63 63 63 63 63 63 64 64
    64 63 62 61 60 58 56 55 54 54 55 57 58 60 61 61 61 61 61 60 59 58 57
    56 56 56 56 56 56 56 57 58 59 59 59 59 60 61 63 65 66 67 68 67 66 64
    62 59 58 57 57 56 56 55 55 55 56 56 55 55 54 53 53 54 57 60 63 66 67
    66 63 61 58 56 56 57 60 62 65 66 66 66 66 65 65 64 64 65 65 65 64 63
    61 59 56 54 54 62 62 63 64 66 66 67 66 65 64 64 63 62 62 61 61 60 60
    61 61 62 64 64 65 64 64 63 62 61 60 59 58 57 57 58 60 61 63 64 65 66
    66 66 66 66 66 66 65 65 64 63 62 61 61 61 61 61 62 63 64 65 66 66 66
    66 65 65 64 63 62 62 61 61 62 63 63 64 65 65 66 67 68 70 71 73 74 74
    74 74 73 71 68 66 64 62 60 59 58 57 58 59 61 64 67 69 71 72 73 73 72
    71 70 68 67 65 64 62 61 59 58 56 56 56 57 59 60 61 60 59 58 59 61 64
    68 71 74 74 73 71 69 66 65 64 64 65 65 66 65 64 62 62 61 61 61 61 62
    63 64 65 64 63 62 60 58 56 54 54 53 54 56 58 59 61 61 62 62 61 61 60
    59 58 57 56 56 56 57 56 55 55 56 57 58 59 59 60 60 62 64 65 66 67 67
    67 66 64 62 60 58 57 56 55 55 54 54 55 56 57 57 56 55 53 53 54 57 60
    63 66 67 66 63 61 58 56 55 55 57 60 62 64 65 65 65 65 64 64 65 65 65
    65 65 64 62 59 57 55 54 62 62 63 63 64 65 65 64 64 63 63 62 62 61 61
    61 60 60 60 61 63 64 65 65 65 64 63 62 61 60 59 58 57 57 58 59 61 62
    63 64 65 66 66 66 66 65 65 64 63 62 61 59 59 59 59 59 60 61 62 63 65
    66 66 66 66 65 65 65 64 64 64 63 63 64 64 64 65 64 64 65 66 67 69 70
    72 73 74 74 74 72 70 67 65 63 62 60 59 58 57 57 58 60 62 65 68 70 72
    73 73 72 71 70 68 67 66 65 63 61 60 58 57 56 57 58 61 62 63 62 62 61
    61 63 65 69 72 75 75 74 71 68 66 64 64 64 65 65 65 64 63 62 61 61 60
    60 61 62 63 65 65 64 63 61 59 57 56 54 54 54 55 57 59 60 61 62 62 62
    62 61 60 60 59 58 58 58 58 58 57 57 56 56 56 57 58 59 60 61 62 64 65
    66 66 66 66 65 64 63 61 59 58 57 56 55 54 55 56 58 59 59 58 57 55 54
    55 57 60 63 65 66 66 64 61 58 55 54 54 55 57 60 62 64 64 64 64 64 64
    64 65 66 66 65 64 62 60 58 56 55 64 64 64 64 64 64 63 62 62 61 62 62
    62 62 61 61 61 61 61 62 63 64 65 65 65 65 64 63 62 62 60 59 58 58 58
    59 60 61 62 63 64 65 66 65 65 65 64 63 62 60 59 57 57 57 57 57 58 59
    60 62 63 64 65 65 65 65 65 65 65 65 65 65 65 65 65 66 65 65 65 64 65
    66 68 69 71 72 73 73 73 71 69 67 65 63 62 61 59 58 57 57 57 59 61 63
    66 68 70 71 71 71 70 70 68 67 66 65 63 62 60 58 57 57 57 59 62 63 64
    64 63 62 62 64 66 70 73 75 75 74 71 68 65 64 63 63 64 65 66 65 64 63
    62 61 61 61 62 63 64 65 65 64 62 60 58 57 56 55 55 56 57 58 60 61 61
    62 62 62 62 62 61 61 61 61 61 61 61 61 60 59 58 57 57 58 58 58 59 60
    62 63 64 65 65 65 65 65 64 63 62 61 59 58 56 55 54 55 57 59 61 62 61
    60 58 57 57 58 60 62 65 66 66 64 62 59 57 55 54 55 56 58 61 62 63 63
    62 62 62 63 64 65 66 65 64 63 61 59 58 57 65 65 65 65 65 63 62 61 60
    60 60 61 61 61 62 61 61 61 61 62 63 64 65 66 66 65 64 64 63 62 61 60
    59 58 58 59 60 61 62 63 64 65 65 64 64 63 63 61 60 58 57 56 55 55 55
    55 56 57 59 60 62 64 64 65 65 64 64 64 65 65 65 66 66 66 66 66 66 65
    64 64 65 66 67 69 70 71 72 71 71 69 68 66 65 63 62 61 60 59 58 57 57
    58 60 62 64 66 68 69 69 70 69 69 68 67 66 65 63 62 60 59 58 58 59 60
    63 65 66 65 65 63 63 64 66 69 72 74 74 73 70 67 64 62 62 63 64 65 65
    65 64 63 62 62 62 63 63 65 65 66 65 64 62 59 58 56 56 56 57 58 59 60
    61 61 61 62 62 63 63 63 63 63 63 64 64 65 64 64 63 62 60 60 59 58 58
    58 58 59 61 62 63 63 64 64 64 64 64 63 63 62 61 59 57 56 55 56 58 61
    63 64 63 62 60 58 57 58 59 61 64 65 65 65 63 61 59 57 56 56 57 58 60
    61 62 61 61 61 61 62 63 64 65 64 64 63 61 60 59 59 68 68 67 67 66 64
    62 60 59 59 59 60 61 62 62 62 62 62 62 63 64 65 66 66 66 65 65 64 64
    63 62 61 60 60 59 59 60 61 62 63 64 64 64 64 63 62 62 60 59 58 56 55
    54 54 54 54 54 55 57 58 60 62 63 64 64 64 63 63 64 65 65 66 66 67 67
    67 66 65 64 64 64 65 67 68 69 70 70 70 69 68 67 66 65 64 63 62 61 60
    59 58 58 59 60 61 62 64 65 66 67 67 67 67 67 67 66 65 63 62 61 60 59
    58 59 61 63 64 65 65 64 64 64 64 66 69 71 73 73 71 68 65 63 61 61 62
    63 64 65 65 64 64 63 63 64 64 65 66 67 67 65 63 61 59 58 57 57 57 58
    59 60 60 60 60 61 61 62 63 64 64 64 65 65 66 66 67 67 67 66 65 63 62
    61 59 58 57 57 57 59 60 61 61 62 62 63 63 64 64 64 63 62 61 59 58 57
    57 59 61 64 65 64 63 61 60 58 58 59 60 62 64 65 65 64 63 61 59 59 58
    59 60 61 62 61 61 60 59 59 60 62 63 63 63 63 63 62 61 60 60 69 69 69
    68 67 65 63 61 59 59 59 60 61 62 63 63 63 63 63 64 65 65 66 66 65 65
    64 64 63 63 62 62 61 61 60 60 60 61 62 63 64 64 64 63 63 62 61 60 59
    58 56 55 54 53 53 53 54 55 56 57 59 61 62 63 64 63 63 63 63 64 64 65
    66 66 67 67 66 65 63 63 63 64 66 68 69 69 69 68 67 67 66 65 65 65 64
    63 62 61 60 60 60 59 60 60 61 61 62 63 64 65 65 65 66 66 65 64 63 62
    61 60 59 59 60 61 63 64 65 65 65 64 64 65 66 68 70 71 71 69 67 64 62
    60 60 61 62 63 64 64 63 63 63 64 64 65 66 67 68 67 66 63 61 59 58 57
    58 58 59 60 61 60 60 60 61 62 63 64 65 65 66 66 67 67 68 68 68 68 67
    66 65 64 62 61 59 57 56 56 57 58 59 60 61 62 63 63 64 64 64 64 64 63
    61 60 59 59 60 62 64 65 65 64 61 60 58 58 58 59 61 62 64 64 64 64 63
    62 62 61 62 62 63 63 62 61 59 59 59 59 60 61 61 62 62 62 62 62 61 61
    70 70 70 69 68 66 64 62 60 60 60 60 61 62 63 64 64 64 64 65 65 65 65
    65 65 64 63 63 62 62 62 62 62 62 61 61 61 61 62 63 64 64 64 64 63 62
    62 61 60 59 57 55 54 53 53 53 54 54 55 57 58 60 61 62 63 63 62 62 63
    63 64 64 65 66 66 66 66 64 63 62 62 64 66 67 68 68 67 66 66 65 65 66
    66 66 65 64 63 63 62 62 61 61 60 59 59 59 60 60 61 62 62 63 64 64 64
    64 63 63 62 61 60 59 60 61 62 63 64 64 64 64 65 65 66 67 69 69 69 68
    66 63 61 59 59 59 60 62 62 63 63 63 63 64 65 66 67 68 69 68 67 65 63
    61 60 59 59 59 60 60 60 60 60 60 61 62 63 65 66 66 67 67 67 67 68 68
    68 68 68 67 66 65 63 61 59 56 55 55 56 57 58 59 61 61 63 63 64 65 65
    65 65 64 63 62 60 60 61 63 64 65 65 64 62 60 59 58 57 58 60 61 62 63
    64 64 64 64 64 64 64 64 65 64 63 61 60 58 58 59 59 60 60 60 61 62 62
    62 62 62 70 70 70 70 69 68 66 64 62 61 61 61 61 62 63 63 63 64 64 65
    65 65 65 65 64 63 62 61 61 61 61 62 62 62 62 62 62 62 63 63 64 65 65
    65 64 64 63 62 61 60 58 56 55 54 54 54 55 56 56 57 59 60 61 62 62 62
    62 63 63 63 63 64 64 65 65 66 65 63 62 61 62 63 65 67 68 67 66 65 65
    65 65 66 66 66 66 65 64 64 64 64 63 62 61 59 58 58 57 57 58 59 61 62
    63 64 64 64 63 63 62 61 60 60 60 61 62 63 63 64 64 64 65 66 67 67 68
    68 68 66 64 62 60 58 58 59 59 61 61 62 62 62 62 63 64 66 67 69 70 70
    69 67 65 63 62 61 61 60 61 60 60 60 59 60 61 62 64 65 66 66 66 66 66
    66 66 67 67 68 67 67 66 65 64 61 59 57 55 55 56 57 58 59 60 61 63 63
    64 65 66 66 66 66 65 63 62 62 62 63 64 65 65 64 62 60 59 58 57 58 59
    60 61 62 63 64 65 66 66 66 67 67 67 66 64 62 60 59 59 59 59 59 59 59
    60 61 62 62 62 62 70 70 70 70 70 70 69 67 65 63 62 62 62 62 63 63 63
    64 64 64 65 65 65 65 64 63 62 61 60 60 61 61 62 62 62 62 62 63 63 64
    65 65 66 66 65 65 64 63 62 61 59 57 55 55 55 56 57 58 58 59 60 61 61
    62 62 62 62 63 63 63 63 63 63 64 64 64 64 62 61 61 62 63 65 66 66 66
    65 64 64 64 65 66 67 67 67 66 65 65 65 65 64 63 61 59 58 56 56 56 56
    58 59 61 62 63 63 64 63 63 62 61 60 60 61 61 62 63 63 63 64 65 66 67
    67 68 68 67 67 65 63 61 59 58 58 58 59 60 61 62 62 62 63 64 65 67 68
    70 72 72 72 70 68 66 64 63 63 62 62 61 60 59 59 60 60 62 63 63 64 65
    65 65 66 65 66 66 66 67 67 67 66 65 63 61 59 57 56 56 56 57 59 59 61
    62 63 64 65 65 66 66 66 66 65 64 63 62 62 63 64 65 64 64 62 61 60 59
    58 58 58 59 59 60 62 63 65 66 67 68 68 68 68 66 65 62 61 59 59 58 58
    58 58 59 60 61 62 63 62 62 70 70 70 70 71 71 70 69 66 65 63 63 62 63
    63 63 63 63 64 64 65 65 65 65 64 62 61 60 59 59 60 60 61 62 63 63 63
    64 64 65 66 66 67 67 67 66 65 65 63 62 59 58 56 56 56 58 59 61 61 62
    62 62 62 62 62 62 62 63 63 63 63 62 62 62 63 63 62 61 61 61 62 64 65
    66 66 65 65 64 64 65 66 67 68 68 67 67 66 66 65 65 64 63 61 59 57 55
    54 54 55 57 58 60 61 62 63 64 64 64 63 62 61 61 61 62 62 62 63 63 64
    65 66 67 68 68 67 67 65 64 62 60 58 58 58 59 60 61 62 62 63 63 64 65
    66 67 69 71 73 73 73 72 71 68 67 65 65 64 63 62 60 59 58 59 59 60 61
    62 62 63 63 64 64 64 65 65 66 67 67 67 66 64 63 61 59 58 57 57 57 58
    59 60 61 62 63 64 65 65 66 66 66 66 66 65 63 62 62 63 63 64 64 63 62
    61 60 59 59 58 58 58 59 60 61 63 65 66 68 69 69 70 69 67 65 63 61 59
    58 58 58 58 58 59 61 62 63 63 63 63 69 69 70 70 71 71 71 69 67 66 64
    64 63 64 63 63 63 63 64 64 65 66 66 65 64 62 61 59 59 58 59 60 61 62
    63 63 64 64 65 66 66 67 67 67 67 67 66 65 64 62 60 58 57 57 58 60 62
    64 65 65 65 64 63 62 61 61 61 62 62 62 61 60 60 60 60 60 61 61 61 62
    63 64 65 66 65 65 64 63 64 65 66 67 68 68 68 67 66 65 64 63 62 61 59
    58 56 55 53 54 54 56 57 59 60 62 63 64 64 64 64 63 62 62 62 62 62 63
    63 63 64 65 67 68 68 68 67 66 64 63 61 59 58 58 58 60 61 62 63 64 64
    65 66 67 68 69 70 71 73 74 75 74 72 70 68 67 66 65 64 62 61 59 58 58
    58 58 59 59 60 60 62 63 64 65 65 66 67 67 67 66 65 63 62 60 59 58 58
    58 59 60 61 61 62 63 63 64 65 65 65 65 65 65 65 64 62 61 61 62 63 63
    63 63 62 62 61 60 59 59 58 58 58 58 60 61 63 65 67 69 69 70 69 68 65
    63 61 59 58 58 58 58 58 60 61 63 64 64 64 64 69 69 70 70 71 72 71 70
    68 67 65 65 64 64 64 64 63 63 64 65 66 67 67 66 64 62 61 59 58 58 59
    60 61 62 63 64 64 65 66 67 67 68 68 68 68 68 67 66 64 62 60 59 58 58
    60 62 65 67 68 68 67 66 64 62 61 60 60 61 61 60 59 58 57 57 57 58 59
    60 61 63 64 65 66 66 65 65 64 63 64 64 66 67 68 68 68 67 66 65 63 62
    60 59 57 56 55 54 53 53 54 56 57 59 60 61 63 64 65 65 65 64 64 63 63
    63 62 63 63 64 64 65 66 68 68 68 67 65 63 61 60 58 58 58 59 60 62 63
    64 65 65 66 67 68 69 69 70 71 72 74 75 74 73 71 69 68 67 67 65 63 61
    59 57 56 56 56 56 57 57 58 59 61 63 65 66 67 67 68 67 66 64 62 60 59
    58 57 58 58 60 60 61 62 63 63 64 65 65 64 64 64 64 64 64 63 61 60 60
    61 62 62 62 62 62 61 61 60 60 59 58 57 57 58 59 61 63 65 67 69 70 70
    70 68 65 63 60 59 58 57 58 58 59 61 62 64 65 65 66 66 68 68 69 69 70
    71 71 70 69 67 66 66 65 65 65 64 64 64 64 65 67 68 68 67 65 62 60 59
    58 58 59 60 62 63 63 64 65 65 66 67 68 68 69 69 69 68 68 66 65 63 61
    59 59 59 61 64 67 69 71 71 70 68 65 63 61 60 59 59 59 58 57 56 55 54
    55 56 58 60 62 64 65 66 66 65 65 64 64 63 64 64 65 67 68 69 69 68 66
    65 62 60 59 57 56 55 53 53 53 53 54 56 57 58 60 61 62 63 64 65 65 65
    65 65 64 64 63 63 63 64 64 65 66 67 67 67 66 65 63 61 60 59 59 59 60
    61 63 64 65 65 66 67 68 69 70 70 70 70 71 73 74 73 72 71 69 68 68 67
    66 64 61 59 57 56 55 55 55 56 56 57 59 61 63 66 68 69 69 69 67 66 63
    61 59 57 57 57 58 59 61 62 63 64 64 65 65 65 65 64 63 63 63 62 62 61
    60 59 59 60 61 62 62 61 61 60 60 60 59 59 58 57 57 57 58 60 62 64 66
    68 69 69 69 67 65 62 60 58 57 57 58 59 60 62 63 65 66 66 66 66 67 67
    67 68 69 70 71 70 69 69 68 67 66 66 65 64 64 64 65 66 67 68 68 67 64
    62 60 58 58 59 60 61 62 63 64 64 65 65 67 68 69 69 70 70 70 69 68 67
    65 64 62 60 60 60 62 65 68 71 72 72 71 69 66 64 61 59 58 58 57 56 55
    54 53 53 54 55 57 60 62 64 66 66 66 65 65 65 64 64 64 64 65 67 68 69
    69 69 67 65 62 60 57 56 54 53 52 53 53 54 55 56 58 58 59 60 61 63 64
    65 66 66 66 66 65 64 64 64 64 64 64 64 65 66 66 67 66 65 64 62 61 60
    60 61 61 62 63 64 65 65 66 67 68 69 69 69 69 69 70 71 72 72 71 70 69
    69 69 69 67 65 62 59 57 55 55 55 55 56 56 57 58 60 63 66 68 70 70 69
    68 65 62 60 57 56 56 57 59 60 62 64 65 65 66 66 66 66 65 64 63 62 61
    61 60 59 58 58 58 59 60 61 61 60 60 60 59 59 59 59 58 57 57 57 58 60
    62 65 66 68 68 69 68 66 64 62 60 58 57 57 58 59 60 62 64 65 67 67 68
    68 66 66 67 68 69 70 70 70 70 69 68 68 67 66 65 64 64 64 65 66 67 68
    68 66 64 62 60 59 59 60 61 63 63 64 64 64 64 66 67 69 70 71 71 71 71
    70 69 67 66 64 62 61 60 61 63 66 68 71 72 72 71 69 66 64 61 59 57 56
    55 54 53 53 53 53 54 55 57 60 62 65 66 66 65 65 65 64 64 64 64 65 66
    67 69 70 71 70 69 66 63 60 57 55 53 52 52 53 53 55 56 57 58 59 59 59
    60 61 63 64 65 66 66 66 65 65 64 64 64 64 63 63 63 64 65 67 67 67 66
    65 64 63 63 63 64 64 64 64 65 65 65 66 67 68 69 68 68 68 68 69 69 69
    69 68 68 68 69 69 69 67 64 61 58 57 56 56 57 57 58 58 59 61 63 67 69
    71 71 70 68 66 62 60 57 56 57 58 60 62 64 66 67 67 68 68 67 66 65 63
    62 61 60 59 59 58 58 58 58 59 60 61 60 60 60 59 59 59 59 59 58 58 57
    58 59 61 63 64 66 67 67 67 67 65 64 61 59 58 57 57 58 59 61 63 64 66
    67 67 68 68 66 66 67 67 68 69 70 70 70 70 70 69 67 66 65 65 65 65 66
    67 68 68 68 66 64 62 60 60 61 62 63 65 65 65 64 64 64 66 67 70 71 72
    72 72 71 70 69 68 66 65 63 62 61 61 63 65 68 69 70 70 69 68 66 63 61
    58 56 55 54 53 53 53 53 54 55 56 58 60 63 65 65 66 65 65 65 65 65 65
    66 66 67 69 70 72 72 72 71 68 65 61 58 55 53 52 52 53 54 56 57 59 59
    59 59 59 60 60 62 63 64 65 66 66 65 65 64 64 64 64 63 62 63 64 65 67
    68 69 68 67 66 66 66 65 65 65 64 64 64 63 64 65 66 67 67 67 67 66 66
    67 67 67 67 66 67 68 69 70 70 68 66 63 60 59 58 58 59 60 60 60 60 61
    63 66 68 70 70 70 68 66 63 61 59 58 59 60 62 64 66 67 68 68 68 68 68
    67 65 63 62 60 60 59 59 59 58 58 59 59 60 60 60 60 60 59 60 59 60 60
    60 59 59 59 60 62 63 65 66 66 66 66 65 64 63 61 59 57 56 56 57 59 61
    63 65 66 67 68 69 69 67 68 68 68 68 68 69 70 70 70 70 69 68 67 66 66
    66 67 67 68 69 69 68 66 64 63 62 62 63 64 66 67 67 66 65 65 65 66 68
    70 72 73 73 72 72 71 70 68 67 65 63 62 61 62 63 65 66 67 68 68 67 66
    64 62 60 57 55 54 53 52 53 53 55 55 56 57 59 60 62 64 65 65 65 65 65
    66 67 67 68 68 69 71 72 74 74 74 72 70 66 62 59 55 53 52 52 53 55 57
    59 60 60 60 60 59 59 59 60 60 62 63 64 64 64 64 64 64 64 64 63 62 62
    63 65 67 69 70 70 70 69 68 68 67 67 65 64 63 63 62 63 63 64 65 66 66
    66 65 65 65 65 64 64 64 65 67 69 71 71 70 68 66 63 62 61 61 62 63 63
    62 61 61 63 65 67 69 69 69 68 67 65 63 61 61 61 63 64 66 67 68 69 69
    69 68 67 66 65 63 61 60 59 59 60 60 60 60 60 60 60 60 59 59 59 59 60
    60 61 62 62 61 61 61 62 63 64 65 65 65 64 64 64 63 62 60 58 56 56 55
    56 58 60 63 65 66 67 68 69 69 69 69 68 68 68 68 68 69 70 71 71 70 68
    67 67 67 68 69 70 70 70 70 68 67 65 64 64 64 66 67 69 69 69 68 67 66
    66 67 69 71 72 73 73 72 72 70 70 68 67 66 64 63 62 62 63 64 65 65 65
    64 64 63 62 60 58 56 54 53 52 52 53 54 56 57 58 59 60 61 62 63 64 64
    65 65 66 67 68 69 69 70 71 73 74 75 75 75 74 71 67 63 59 56 54 52 53
    54 56 58 60 62 62 62 61 60 59 58 58 58 60 61 62 63 63 63 63 64 63 63
    63 62 62 63 65 68 70 71 71 71 70 70 69 68 67 66 64 62 62 61 62 62 63
    64 65 65 65 64 63 63 62 61 61 61 63 65 68 71 72 72 70 68 66 64 63 64
    65 65 65 64 63 62 62 63 65 66 68 68 68 68 66 65 64 64 64 65 66 67 68
    69 68 68 68 67 67 66 64 63 61 60 60 61 61 62 62 62 61 61 60 59 58 58
    59 59 61 62 63 64 64 64 64 63 63 64 64 64 64 63 63 62 62 61 60 59 57
    55 55 55 56 58 60 62 64 66 68 69 69 69 71 71 70 69 68 68 67 69 70 71
    71 70 69 68 68 69 70 72 72 72 72 71 69 68 66 66 66 67 68 70 71 72 71
    70 68 67 67 67 69 71 72 73 72 72 71 70 70 69 68 66 64 63 62 63 63 64
    64 63 62 61 61 60 59 58 57 55 53 52 51 51 53 55 57 58 59 60 60 61 62
    63 64 64 65 65 67 68 70 70 71 72 73 74 75 76 76 76 74 71 68 64 60 56
    54 53 54 55 57 60 61 63 63 63 62 60 58 57 56 56 57 58 60 61 62 62 62
    63 63 63 63 62 62 63 65 67 69 71 71 71 70 70 70 69 67 66 64 62 61 60
    60 61 62 62 63 63 63 63 62 61 60 59 59 59 61 63 67 70 73 73 72 70 68
    66 65 66 67 67 67 66 64 62 61 62 63 64 66 67 68 68 68 68 67 67 67 67
    67 68 68 69 68 68 67 66 66 65 63 62 60 60 60 61 63 64 65 64 63 61 59
    58 57 57 58 59 61 63 66 67 67 67 66 65 64 64 64 63 62 62 61 61 60 60
    59 58 57 55 54 54 55 57 60 62 64 66 68 68 69 69 72 72 71 70 68 68 67
    69 70 71 71 70 69 69 69 71 72 74 74 74 73 72 71 69 68 67 68 69 70 72
    73 74 73 72 70 68 68 68 69 71 72 72 72 71 70 70 69 69 67 66 64 63 63
    63 63 63 63 62 60 59 58 58 58 57 56 54 53 51 51 51 53 55 57 59 60 60
    61 61 62 63 63 64 65 66 68 69 71 72 72 73 74 75 76 77 76 76 74 71 68
    63 60 56 54 54 54 56 58 61 63 64 64 64 62 60 58 56 55 55 56 57 59 60
    61 61 62 62 62 63 63 63 63 63 65 67 69 70 70 71 70 70 69 69 67 65 63
    61 60 59 60 60 61 61 62 62 62 61 60 59 58 57 57 57 59 62 66 70 72 73
    73 71 69 68 67 67 68 69 68 67 65 62 61 60 61 62 64 66 68 69 69 69 69
    68 68 68 68 69 68 68 67 67 66 65 64 64 63 61 60 60 61 63 65 66 67 66
    64 61 59 57 56 56 57 59 62 64 67 68 69 69 68 66 65 64 63 62 61 61 60
    60 59 59 59 57 56 54 54 53 55 57 59 61 64 65 67 68 69 69 73 73 71 70
    68 68 67 68 69 71 71 70 69 69 70 71 73 75 75 75 74 73 71 69 68 68 68
    70 71 73 74 74 73 72 70 69 68 68 69 71 72 72 72 71 70 70 70 69 68 67
    65 64 63 63 63 63 62 61 60 58 58 58 57 57 56 54 52 51 51 51 53 55 57
    59 60 60 61 61 62 62 63 64 65 66 68 69 71 72 73 73 74 75 76 77 76 76
    74 71 68 64 60 57 55 54 54 56 58 61 63 65 65 64 63 60 58 56 55 54 55
    56 58 60 60 61 61 62 62 63 63 63 63 63 65 67 68 70 70 70 70 70 69 68
    67 65 63 61 60 59 59 60 60 61 62 62 61 61 60 59 58 56 56 57 59 62 66
    70 73 74 73 72 70 68 67 67 68 69 69 67 65 63 61 60 61 62 64 66 68 69
    70 70 70 69 69 69 69 69 68 68 67 66 66 65 64 64 63 61 60 60 60 63 65
    67 67 66 64 61 59 57 55 56 57 59 62 65 68 69 70 70 69 67 65 64 63 62
    61 60 60 59 59 59 59 57 56 54 53 53 55 57 59 61 64 65 67 68 69 69</data></my_img>
<your_img type_id="opencv-matrix">
  <rows>256</rows>
  <cols>256</cols>
  <dt>u</dt>
  <data>
    63 62 61 60 61 61 60 59 61 63 63 63 65 66 63 56 48 46 50 57 62 61 60
    63 72 82 88 88 84 77 72 71 71 65 55 48 49 58 65 70 72 72 72 67 61 62
    67 74 78 74 64 53 48 51 58 62 64 67 69 72 73 71 65 61 63 67 70 72 73
    72 70 70 74 74 70 64 61 63 67 70 69 63 57 54 57 62 64 65 63 60 58 60
    64 68 72 78 83 85 84 83 79 75 71 69 69 67 66 67 66 66 64 58 51 43 41
    42 46 56 67 74 77 76 73 68 63 61 64 64 60 54 50 51 54 56 54 49 45 43
    42 42 44 49 54 56 58 64 72 76 69 59 51 50 51 49 45 41 41 46 55 67 76
    78 73 64 52 42 38 43 53 62 68 69 68 69 71 75 74 72 69 67 68 69 69 71
    74 73 66 57 51 50 52 56 57 56 55 58 63 69 69 66 63 61 57 53 57 65 73
    76 71 62 53 48 50 54 58 61 65 70 74 75 72 66 60 54 55 58 59 58 54 53
    58 62 63 59 57 61 66 73 77 78 77 71 64 58 55 55 54 57 62 64 61 55 52
    50 48 48 61 61 60 60 61 62 62 61 62 63 63 63 66 67 64 57 49 47 51 58
    63 61 60 64 72 82 88 88 84 78 74 72 70 64 55 50 51 57 63 67 68 68 68
    65 61 62 66 72 74 71 62 53 50 53 59 62 65 67 68 71 72 69 64 60 61 65
    68 72 73 72 71 72 76 77 72 65 62 63 65 68 67 63 59 55 57 62 64 64 62
    58 56 57 61 65 70 76 81 82 81 80 78 73 69 66 65 64 65 66 65 64 62 57
    50 44 41 42 47 56 67 74 77 76 72 68 63 62 66 67 64 58 53 55 59 60 57
    51 46 43 42 42 45 50 55 57 59 64 72 75 69 60 53 52 52 50 47 43 43 47
    56 67 74 75 70 62 51 42 39 44 54 61 66 66 65 67 70 75 75 73 71 69 70
    70 69 71 73 72 66 58 52 51 53 56 57 55 55 58 63 68 68 64 61 59 56 54
    58 64 71 73 68 62 54 49 50 53 57 60 63 68 74 76 73 68 62 57 57 58 58
    56 53 53 58 62 63 60 59 62 67 71 75 76 74 68 61 56 54 55 55 59 63 63
    59 53 50 49 49 50 57 58 59 60 63 66 67 65 63 63 63 64 67 68 65 58 50
    50 56 63 65 63 62 65 71 80 86 88 85 80 75 70 66 61 56 53 54 58 59 59
    58 58 60 60 60 63 66 68 66 62 57 54 54 57 61 64 66 67 67 68 68 66 62
    58 58 60 64 69 73 73 73 77 82 83 77 68 65 63 62 61 63 65 63 60 60 63
    65 65 62 57 53 52 55 60 65 71 75 76 74 73 72 69 65 60 57 57 58 60 59
    58 57 54 50 47 45 46 50 57 66 74 76 75 72 68 65 66 71 75 73 67 62 63
    68 68 63 55 48 45 44 45 48 54 59 60 62 66 72 74 69 63 58 56 56 54 53
    51 50 52 58 67 71 70 66 59 52 46 44 47 54 58 60 60 60 63 68 73 74 72
    72 72 73 72 69 70 71 71 66 59 54 53 55 56 56 55 55 58 63 66 64 59 55
    55 56 57 60 63 67 68 65 61 56 52 51 51 54 57 59 65 72 76 75 70 66 63
    60 58 54 52 52 54 59 63 65 63 63 65 67 68 69 70 68 63 56 52 52 55 58
    62 65 64 58 51 48 50 53 55 55 56 60 63 66 69 70 66 62 60 62 64 66 66
    62 56 51 54 60 66 67 65 64 64 67 75 83 86 83 78 72 65 59 55 54 56 58
    58 57 54 51 51 53 57 61 65 67 65 59 55 53 54 59 63 65 67 67 66 64 64
    66 67 65 61 58 57 60 66 71 73 75 81 88 89 82 73 69 64 59 56 59 65 68
    66 64 65 67 66 63 57 51 49 52 57 62 66 69 70 69 67 67 65 62 56 52 50
    51 52 51 51 52 53 54 53 52 52 54 59 64 70 73 73 71 68 68 70 76 80 79
    73 68 69 73 73 68 59 53 49 47 49 54 60 64 65 66 69 73 74 71 69 66 63
    60 59 60 59 57 56 59 64 68 68 66 62 57 51 47 48 51 54 55 56 57 59 63
    68 69 68 69 70 71 69 67 67 69 70 66 60 55 54 56 56 56 55 56 59 61 62
    59 54 53 55 59 61 62 63 64 65 64 63 60 57 53 50 50 53 57 63 70 74 73
    70 67 64 61 57 51 50 52 56 62 65 65 64 65 67 66 65 63 62 61 57 53 50
    52 57 61 66 68 66 59 51 49 51 56 58 58 60 64 68 70 70 67 62 57 56 59
    61 61 60 58 55 55 58 63 66 67 67 66 64 64 71 79 83 81 74 67 58 50 47
    49 54 59 60 57 52 49 48 51 56 63 69 70 65 58 53 52 55 61 67 69 70 68
    64 61 61 65 69 69 65 60 57 57 62 67 71 75 81 89 91 84 75 70 65 58 55
    57 63 68 67 65 66 69 68 64 57 50 50 56 62 65 65 65 65 65 64 65 64 61
    58 53 48 47 48 47 47 49 54 58 60 60 60 60 60 61 64 69 71 70 69 70 73
    78 80 78 73 69 70 73 74 71 65 59 54 51 54 59 66 70 70 71 72 73 74 74
    75 73 69 64 61 62 62 61 58 58 61 66 71 71 69 64 56 50 48 51 53 55 56
    56 57 61 64 64 63 65 67 66 65 64 64 67 69 67 62 58 57 58 56 55 56 58
    60 60 58 56 54 56 60 63 64 65 64 65 66 65 65 63 60 56 50 49 52 56 62
    67 69 68 66 64 62 59 55 50 50 54 60 64 66 65 63 63 65 65 63 59 55 53
    52 50 49 52 58 63 68 70 69 63 55 50 51 55 57 68 68 71 73 71 67 61 54
    51 52 56 59 58 56 56 57 61 64 64 62 64 66 68 65 64 69 77 82 79 71 62
    53 45 42 44 51 58 60 58 53 51 52 56 62 68 73 73 68 60 54 54 56 63 68
    71 72 69 64 60 59 63 69 70 68 64 59 57 60 65 69 72 77 84 86 81 73 67
    63 60 58 59 62 64 64 63 64 66 67 64 56 52 55 63 70 70 67 63 61 60 61
    63 63 63 61 57 51 48 48 48 49 50 55 60 63 65 65 64 61 58 61 65 68 68
    68 70 73 75 75 72 69 67 68 72 74 74 71 65 59 56 58 63 69 72 72 73 73
    73 74 76 78 77 72 65 61 61 62 62 60 59 62 68 75 77 74 69 60 54 53 55
    58 59 59 58 58 61 62 62 62 65 66 63 61 60 61 64 67 68 66 64 62 61 58
    55 56 59 61 61 59 58 59 62 64 66 66 67 67 68 69 67 63 60 58 55 50 48
    51 56 60 63 64 64 63 60 58 58 55 51 51 55 62 66 66 65 62 61 63 63 61
    56 50 48 49 50 51 53 58 63 68 71 71 66 58 52 51 54 56 78 77 76 74 70
    63 54 48 46 49 54 58 58 58 59 62 66 67 62 57 58 63 67 67 66 70 76 79
    75 67 58 50 43 41 42 48 55 58 56 53 53 57 64 70 75 77 74 69 60 55 54
    58 64 68 70 71 69 64 60 57 60 66 70 70 67 61 58 59 63 67 68 70 74 76
    73 66 61 60 61 63 64 63 62 60 58 58 61 62 60 54 52 56 66 73 74 71 64
    59 57 59 62 64 65 64 62 58 55 56 56 54 53 54 58 61 64 66 66 62 58 59
    62 64 64 66 68 70 70 68 65 64 64 66 71 75 76 74 69 63 58 59 63 66 69
    71 73 73 72 73 75 78 78 74 67 64 64 65 65 63 61 64 70 77 79 76 71 64
    59 59 62 63 60 58 57 58 61 62 63 65 69 69 63 59 57 58 61 65 68 69 68
    66 64 61 57 58 59 62 64 64 65 66 66 65 64 65 68 70 72 72 67 60 55 54
    54 51 49 50 54 58 61 64 65 63 59 57 59 59 57 55 57 62 65 65 64 63 63
    65 65 61 54 47 45 48 52 53 54 58 62 66 67 67 65 59 53 51 54 56 81 80
    77 73 68 61 53 47 45 48 53 58 60 62 63 65 66 65 60 54 54 59 66 69 70
    72 75 75 69 61 54 49 45 44 44 48 53 55 53 50 52 59 67 74 77 75 70 64
    57 53 54 58 63 65 65 66 65 63 59 55 57 63 69 72 69 62 57 57 60 64 65
    64 64 63 60 57 56 58 63 67 67 65 61 57 54 53 56 57 57 53 51 53 60 68
    73 74 68 61 56 57 61 65 66 67 66 64 64 66 65 61 55 53 53 58 64 69 71
    66 60 59 61 62 62 65 68 69 69 67 64 62 63 66 70 73 74 74 71 66 61 59
    59 60 63 68 73 74 73 74 75 78 79 76 73 71 71 71 70 67 65 66 71 76 77
    74 69 66 62 62 63 62 58 53 52 54 58 61 66 71 75 73 65 57 54 55 58 62
    66 67 67 65 63 61 57 56 57 61 65 69 71 70 66 61 61 64 68 70 71 70 65
    57 51 51 52 50 49 51 54 59 64 69 70 66 61 60 63 66 65 62 62 64 65 65
    67 68 68 69 68 63 55 47 44 48 53 54 55 57 60 61 60 60 60 58 54 54 57
    59 78 77 74 70 67 62 57 52 49 49 53 58 61 63 63 61 60 59 58 55 54 59
    65 70 73 74 73 69 63 57 53 50 48 48 49 50 52 52 51 51 54 59 67 73 73
    70 65 59 54 52 55 60 64 64 62 62 62 60 57 54 55 62 70 73 69 60 54 54
    58 62 63 61 57 52 50 51 55 60 65 68 67 64 60 54 51 51 55 58 58 56 52
    50 53 60 69 73 69 61 54 54 59 66 69 69 67 67 69 72 71 66 60 55 54 58
    65 72 75 71 65 62 61 60 61 64 68 70 71 69 66 64 64 65 67 68 70 71 71
    70 64 57 54 53 58 66 74 77 76 77 78 80 81 80 78 77 76 75 74 73 70 68
    70 73 73 69 65 62 60 59 59 58 54 49 47 49 53 60 69 77 80 76 67 57 52
    53 55 58 61 63 63 62 60 58 56 55 55 59 65 71 73 70 63 57 58 62 65 66
    66 66 61 55 52 50 51 51 51 55 60 66 71 75 76 72 67 64 66 69 69 68 68
    67 66 68 71 74 75 74 71 65 57 50 47 51 56 57 57 58 59 57 55 55 58 58
    57 58 63 65 70 70 70 67 65 63 60 58 54 52 53 56 60 62 61 56 53 54 56
    58 59 63 68 73 75 74 70 64 60 58 55 52 51 52 55 55 55 55 56 58 59 60
    64 68 69 67 61 56 53 54 59 63 65 65 63 61 59 57 55 53 54 61 70 72 68
    59 54 54 57 61 61 59 53 47 46 50 57 63 65 65 64 62 58 53 51 55 61 63
    63 61 57 51 50 55 64 68 65 57 52 53 59 66 69 68 66 67 70 72 73 71 67
    63 59 58 63 70 75 75 71 66 62 59 59 63 68 71 70 68 66 66 66 66 64 63
    64 67 70 70 64 56 50 49 55 66 77 82 82 81 80 79 78 78 76 75 73 73 75
    76 76 72 71 72 70 65 58 55 54 54 54 52 50 47 45 46 51 60 71 79 82 78
    70 61 57 57 58 60 63 64 63 60 57 55 54 54 56 59 65 71 73 70 62 55 54
    58 61 63 63 62 60 57 56 55 55 55 57 62 68 72 74 78 80 78 73 69 67 66
    68 71 72 70 69 71 77 81 81 79 74 67 62 56 54 56 59 60 60 59 59 56 53
    54 57 59 59 61 66 68 62 63 65 64 63 62 62 63 60 56 54 56 59 60 58 53
    51 53 56 59 62 66 71 74 75 72 64 58 56 57 57 54 52 55 61 63 62 63 66
    68 65 61 60 63 66 65 60 52 49 52 60 64 66 67 66 63 57 54 54 53 54 60
    67 69 65 58 54 54 55 57 58 58 53 49 50 56 63 68 66 64 61 59 57 55 57
    62 66 67 67 66 62 56 51 53 57 60 58 54 52 53 59 65 65 62 59 61 66 69
    73 75 75 73 66 60 60 65 71 74 72 68 62 58 58 63 68 69 67 65 65 68 71
    69 66 63 63 65 68 69 64 55 48 47 53 66 79 86 86 82 78 74 72 70 68 66
    65 68 74 78 79 77 74 73 69 61 52 49 49 50 49 47 46 46 46 47 52 60 70
    77 79 77 72 68 65 64 64 65 67 67 64 58 53 50 52 56 59 61 64 69 73 72
    66 58 55 57 61 64 63 62 61 61 62 61 61 60 62 66 70 73 73 75 78 79 77
    73 67 63 64 68 72 71 70 74 79 84 84 81 76 72 68 65 64 65 66 66 65 63
    62 59 56 55 57 59 59 60 62 64 56 58 61 62 62 61 62 65 65 61 58 58 59
    58 57 53 52 53 56 59 61 64 68 70 71 67 59 52 50 53 55 52 51 56 65 70
    71 71 74 75 70 62 59 61 65 65 59 49 44 47 57 63 66 68 68 64 58 53 54
    55 56 61 65 65 62 56 53 51 50 52 55 58 57 56 58 64 70 72 68 63 59 59
    60 61 63 67 68 66 65 65 64 59 53 52 54 55 55 54 53 55 59 63 62 56 53
    54 60 64 70 75 79 78 70 61 58 61 67 71 69 64 59 57 59 65 70 69 65 62
    65 71 75 74 70 66 64 63 66 69 67 60 51 49 55 67 80 87 86 80 74 70 66
    63 58 56 57 64 71 77 79 78 77 75 70 61 52 49 50 50 46 42 42 45 49 51
    55 60 68 72 73 73 72 71 70 68 66 67 69 68 63 56 49 47 51 57 61 62 62
    66 72 76 73 67 62 62 64 65 64 63 64 67 68 67 65 63 63 66 68 70 69 70
    74 76 77 75 68 61 61 66 70 72 72 74 78 81 81 79 76 74 72 71 71 73 74
    73 70 67 66 65 61 58 57 59 60 58 56 56 54 56 59 61 62 60 60 64 67 67
    64 62 60 58 57 55 54 55 56 58 59 60 61 62 62 61 55 49 46 47 50 50 50
    56 65 72 74 75 77 77 71 63 59 61 65 67 61 50 44 47 54 61 66 69 69 66
    60 55 56 59 60 63 64 63 60 56 51 47 45 49 55 61 63 64 67 70 74 74 70
    64 61 61 65 66 67 68 66 62 61 62 62 59 55 54 56 57 58 59 57 56 59 62
    61 55 50 50 55 61 69 75 78 75 68 60 58 62 67 68 65 59 56 58 63 70 72
    70 66 64 67 72 75 75 72 67 64 63 67 72 74 69 61 57 61 70 79 83 82 77
    72 68 64 59 54 51 53 61 68 73 75 76 76 77 74 67 59 54 54 52 46 39 39
    44 51 56 59 62 67 69 68 68 68 68 68 66 64 64 66 65 61 55 50 48 51 57
    60 60 58 61 68 76 80 77 73 70 68 66 64 64 68 73 74 70 65 61 60 62 65
    67 66 66 68 71 73 73 68 62 63 67 72 74 73 73 75 76 75 73 72 72 73 72
    73 75 78 76 72 69 69 70 67 62 60 61 62 58 54 51 58 59 60 62 61 57 57
    61 67 70 70 68 64 60 59 58 57 58 58 58 58 57 55 54 54 55 54 49 46 46
    49 50 52 56 63 69 73 74 76 77 73 66 62 63 66 69 65 57 52 52 56 61 67
    71 71 67 62 58 60 63 66 67 66 63 60 57 52 47 46 50 57 64 68 70 72 75
    76 75 70 65 63 65 69 68 68 66 64 61 59 59 59 57 55 57 61 64 66 65 61
    57 57 60 61 58 53 51 54 63 71 76 76 71 63 59 60 65 69 68 63 57 55 59
    67 72 73 69 67 67 68 70 72 73 72 67 65 66 72 79 81 77 69 64 65 70 74
    75 74 72 70 68 65 60 56 54 56 61 66 68 70 71 73 76 77 73 66 60 58 53
    45 39 38 43 51 58 61 64 66 68 66 64 63 63 62 61 59 59 58 58 57 57 55
    53 54 56 57 55 52 55 63 73 80 82 80 77 73 68 65 66 73 78 78 72 65 59
    56 58 61 66 67 64 64 65 68 70 68 65 67 71 75 75 72 70 69 69 67 66 67
    69 70 68 68 71 74 74 71 69 71 73 72 67 64 63 63 60 57 55 63 63 64 64
    61 56 55 59 65 70 72 72 69 65 63 61 60 61 60 60 59 57 53 49 49 52 54
    53 52 52 54 56 57 58 61 66 72 75 78 79 76 71 66 65 67 70 70 66 62 61
    63 66 70 74 74 69 64 60 61 66 70 71 69 65 61 59 56 53 52 54 59 64 68
    72 75 78 77 73 67 64 64 68 70 69 67 67 66 65 62 60 58 55 53 58 63 68
    71 70 64 58 57 60 63 63 59 55 56 64 72 76 72 65 60 59 63 69 71 68 63
    57 55 59 64 67 67 65 65 66 65 65 67 70 71 68 67 70 77 83 84 80 72 66
    65 66 67 66 64 65 66 66 65 63 62 61 62 64 65 66 66 67 69 73 76 74 69
    63 59 54 47 41 40 43 49 56 60 62 64 65 65 64 63 62 61 59 56 54 52 52
    55 59 61 60 57 55 52 49 47 50 59 68 76 79 78 78 76 73 70 70 75 79 79
    73 67 61 58 58 62 67 68 64 61 60 63 66 66 67 71 75 76 73 68 65 64 63
    61 61 64 67 66 62 60 62 67 68 68 68 71 74 75 72 67 64 62 61 62 63 64
    65 67 67 63 58 57 61 66 70 73 74 72 69 66 64 64 65 64 64 63 60 54 48
    46 48 52 56 59 60 62 63 63 60 59 63 69 76 81 81 77 72 66 65 67 72 76
    74 72 70 70 71 74 76 76 72 66 60 59 63 68 70 69 66 63 62 63 62 60 59
    60 64 68 71 75 79 78 72 65 63 65 69 71 69 68 69 69 68 65 61 57 52 50
    53 59 65 70 71 68 63 60 61 63 63 61 56 57 63 71 73 68 62 59 62 67 70
    70 67 64 59 55 55 56 57 58 59 62 63 61 59 60 65 69 69 69 72 77 81 80
    75 69 63 62 63 63 61 59 60 63 65 67 68 69 69 69 69 69 69 69 68 69 70
    72 72 69 66 62 57 51 48 46 46 48 53 58 60 59 60 62 65 67 67 64 60 56
    54 51 52 57 63 67 66 62 56 50 46 45 50 58 64 69 71 71 73 76 76 75 73
    73 73 72 69 65 63 61 62 64 69 70 65 61 59 61 63 64 66 70 72 71 67 62
    58 57 57 57 59 63 65 63 58 56 58 62 65 66 69 71 74 76 74 69 62 59 61
    67 69 64 65 69 69 66 63 63 65 68 70 72 73 73 70 67 66 66 68 70 70 69
    65 57 49 45 44 49 57 63 66 68 69 67 61 56 56 62 72 79 79 73 66 61 61
    65 72 78 79 77 74 72 72 72 73 74 71 65 58 55 57 62 66 66 65 65 67 70
    70 66 62 63 66 69 71 75 78 76 71 66 66 69 71 71 69 70 70 69 67 65 62
    58 51 46 47 51 57 64 70 72 69 65 63 62 60 58 54 54 60 68 70 65 60 60
    65 68 68 66 64 63 60 56 52 50 51 56 61 64 64 60 56 57 61 66 68 68 70
    72 74 73 70 66 63 62 63 64 62 59 60 62 66 71 74 76 76 76 76 75 74 74
    73 70 67 67 69 71 71 68 63 57 54 53 51 50 52 56 59 59 59 62 68 72 72
    67 62 59 58 56 56 61 67 71 71 66 59 52 48 48 53 60 63 64 64 63 67 73
    76 76 74 70 67 64 62 61 62 63 64 67 71 70 66 63 61 62 61 60 60 63 65
    63 60 57 55 53 53 53 56 60 62 60 57 57 60 63 64 66 68 70 72 72 72 67
    61 58 61 67 70 66 68 71 72 70 68 67 68 68 69 70 71 71 70 68 67 67 71
    74 75 74 70 62 54 48 46 50 58 66 70 72 72 69 62 54 50 56 67 75 74 67
    59 54 55 59 67 76 79 77 73 69 66 66 67 69 67 61 55 51 53 57 60 61 63
    67 72 77 76 71 68 69 73 74 73 73 74 73 71 69 70 71 72 72 72 73 71 68
    65 64 63 60 53 48 47 49 54 61 68 72 71 68 64 60 56 53 50 50 56 64 67
    65 62 62 65 66 63 60 60 60 60 57 53 51 54 61 69 71 67 61 57 56 59 63
    65 64 64 66 67 68 67 66 66 65 65 66 65 63 63 65 69 74 79 81 82 82 82
    80 79 78 75 70 64 64 68 73 76 75 70 63 59 57 54 52 52 56 59 61 61 63
    67 71 70 65 61 62 63 61 61 64 70 75 74 68 62 58 55 56 60 64 66 65 62
    60 63 68 72 74 73 69 62 57 56 57 59 61 65 69 72 71 68 66 65 66 63 58
    56 57 57 57 56 56 57 55 52 51 53 57 60 60 60 62 64 65 64 64 66 68 67
    65 65 63 60 59 61 64 66 73 74 76 77 75 72 69 67 66 66 68 70 70 69 68
    67 68 71 74 77 77 74 68 60 54 52 55 61 67 72 74 74 71 64 55 50 53 64
    73 72 64 55 52 53 57 64 72 76 75 69 62 57 57 61 65 65 60 53 50 51 53
    55 56 61 69 77 80 78 74 73 76 81 81 76 70 67 69 72 74 73 71 70 71 73
    73 70 66 64 64 64 63 58 53 52 53 56 59 64 69 70 67 63 58 55 52 51 52
    56 63 67 67 65 64 64 61 57 55 56 58 59 59 58 58 64 73 79 78 70 63 58
    57 60 64 65 63 63 64 66 66 66 67 69 69 67 66 64 63 65 68 71 75 77 79
    80 81 81 79 77 75 70 64 59 60 67 73 77 77 73 67 63 61 57 54 54 57 61
    63 63 62 62 63 62 60 60 64 66 63 60 61 68 74 73 68 63 62 63 65 68 70
    70 68 65 62 64 66 68 69 70 68 62 57 56 56 58 60 65 69 71 68 65 65 66
    68 66 62 58 56 55 55 55 57 59 57 53 50 50 55 59 61 62 64 67 67 65 63
    64 65 62 58 57 58 61 62 62 61 60 78 79 80 79 76 72 67 63 61 61 64 66
    66 64 65 66 66 67 68 71 74 73 69 64 62 61 62 63 66 70 73 72 70 66 58
    53 54 62 71 71 64 57 55 57 60 63 67 71 71 65 56 51 52 59 65 66 61 55
    51 51 52 52 54 62 72 79 80 77 73 74 78 83 82 75 66 62 66 73 76 73 68
    66 68 70 71 68 65 66 67 68 66 62 58 57 57 57 57 60 64 67 67 65 61 59
    59 60 60 61 64 68 69 67 65 62 58 52 50 53 56 58 60 63 68 75 83 86 82
    72 63 58 59 62 66 68 67 67 68 68 67 65 64 67 68 64 60 57 57 61 67 70
    71 70 70 72 73 74 73 71 68 62 55 51 54 61 67 71 73 71 68 67 65 60 57
    56 57 61 62 60 56 54 54 55 57 60 65 65 61 56 55 62 69 69 65 63 65 68
    71 73 73 72 69 68 67 67 66 63 61 62 64 62 61 60 59 59 61 65 68 67 62
    58 60 63 68 70 68 64 60 58 58 57 57 59 58 55 51 51 56 62 64 64 65 67
    68 65 61 60 60 56 52 52 56 62 65 63 60 58 77 78 78 77 72 67 61 57 55
    55 59 61 59 57 60 63 63 60 59 64 69 69 66 65 66 67 65 63 64 67 69 69
    67 65 61 57 56 61 66 66 62 59 59 62 64 64 64 66 67 62 53 48 51 59 65
    66 62 56 51 50 49 50 53 62 73 79 79 74 71 70 74 78 77 70 61 58 64 71
    74 70 64 62 65 68 68 66 65 68 71 71 69 65 61 60 60 57 56 57 62 67 69
    69 67 66 68 70 70 67 67 69 70 69 66 62 56 51 49 53 57 60 64 68 74 80
    86 87 81 71 61 56 57 61 66 70 71 72 72 70 66 61 59 61 62 58 52 49 51
    57 63 66 65 60 58 60 63 65 65 64 63 58 50 46 48 53 59 63 66 66 66 68
    69 64 59 55 55 57 57 53 48 46 48 52 57 61 63 61 57 53 52 58 65 66 63
    63 66 70 72 73 71 67 67 70 72 70 66 59 53 54 58 61 62 62 60 60 62 64
    64 61 55 52 54 60 68 74 74 70 64 61 60 58 56 57 59 59 56 55 59 66 70
    69 67 66 66 63 59 56 55 53 51 50 54 61 64 63 61 59 73 73 73 69 63 58
    54 52 52 53 56 55 51 49 53 58 58 54 54 58 63 63 60 61 65 66 65 63 63
    66 67 65 64 64 63 60 58 60 63 62 59 57 58 62 63 63 62 63 64 59 52 48
    52 61 66 65 62 56 52 50 49 49 52 60 69 74 73 70 66 64 67 70 70 65 57
    55 60 65 67 64 60 60 64 67 67 65 65 68 71 71 69 66 64 63 61 59 58 60
    65 71 74 74 71 71 74 78 77 73 69 69 70 69 66 62 58 53 52 56 61 65 68
    70 73 78 81 82 77 68 58 52 52 56 63 67 70 72 72 69 63 56 52 53 54 52
    48 47 51 56 62 64 60 52 48 50 54 57 59 62 65 62 55 49 46 48 52 56 59
    60 62 66 69 67 60 52 49 51 50 46 43 43 48 54 59 60 59 57 56 55 54 59
    64 65 64 64 66 67 69 70 67 62 64 71 75 73 66 56 48 48 53 59 60 58 56
    57 60 62 60 54 49 46 50 58 68 76 77 73 66 63 63 60 58 58 61 63 62 59
    61 69 74 74 69 65 65 62 58 55 52 51 51 51 54 59 63 64 63 63 72 71 67
    61 55 52 51 52 53 54 55 52 47 45 47 52 53 52 53 56 59 58 55 57 61 64
    64 64 66 67 66 64 63 65 65 63 61 62 63 61 57 53 54 57 59 62 62 64 64
    57 51 49 54 62 66 65 61 56 53 52 52 53 52 55 60 63 65 65 63 61 62 65
    64 59 53 52 55 58 59 57 56 59 63 67 67 66 65 67 70 69 69 67 66 67 67
    66 67 69 74 78 78 76 72 71 75 79 80 75 69 67 68 68 66 64 62 60 60 64
    68 71 71 67 67 70 73 74 70 63 55 49 49 53 60 64 67 69 69 66 59 52 48
    47 47 47 48 51 56 61 65 66 61 51 45 46 49 53 58 65 71 71 64 56 49 47
    49 53 56 58 60 64 67 66 58 49 44 45 45 44 44 47 52 57 59 57 55 54 55
    57 59 63 67 67 65 65 64 64 65 66 64 61 64 71 77 74 65 54 45 44 51 57
    57 53 51 53 56 58 56 50 45 43 47 56 67 75 76 71 66 64 66 66 65 64 66
    68 66 62 62 70 77 77 71 65 64 62 59 56 52 53 53 53 54 59 64 67 68 68
    78 74 66 57 51 51 54 57 59 59 57 53 48 45 45 47 50 53 55 57 58 56 54
    56 58 61 62 63 66 68 68 67 67 68 68 66 64 65 65 62 56 51 51 53 57 62
    65 66 63 55 50 50 56 64 67 65 61 56 55 57 60 60 55 51 50 53 58 63 65
    64 64 64 61 55 49 48 48 50 51 51 51 55 59 64 66 66 65 66 68 69 70 69
    70 73 76 78 80 82 84 84 80 76 71 69 71 76 77 73 67 62 62 64 66 67 67
    67 67 70 74 76 72 65 62 65 69 69 65 59 54 51 52 55 60 62 63 64 64 62
    58 53 49 47 46 47 49 55 61 66 69 69 64 57 50 48 49 53 60 69 77 77 70
    61 54 51 53 56 59 61 62 64 65 64 57 49 44 44 45 46 48 53 57 58 57 54
    52 53 56 61 64 68 72 71 66 63 62 62 64 65 64 63 65 70 74 72 64 53 46
    45 51 56 56 50 47 48 51 52 51 49 45 44 48 57 67 72 70 65 61 63 68 72
    72 70 70 70 68 63 63 70 77 77 70 65 65 64 62 60 57 56 56 55 57 61 65
    69 72 72 82 76 64 54 50 53 59 64 65 64 60 55 50 47 45 45 49 53 56 59
    60 58 56 55 55 56 58 60 62 66 69 70 70 69 69 68 68 69 68 65 60 55 54
    55 58 64 66 67 62 55 51 54 62 70 73 69 62 57 58 65 70 70 61 52 46 48
    56 65 70 72 72 69 63 56 49 45 44 45 47 47 46 48 53 60 65 68 67 66 69
    71 72 71 71 76 82 86 89 90 89 86 81 76 70 65 65 69 72 69 62 56 55 58
    63 67 68 68 69 71 75 77 73 66 63 66 70 70 65 60 58 60 61 64 64 62 60
    58 58 58 57 55 52 50 50 51 53 58 64 69 72 71 69 65 61 57 55 57 63 71
    75 72 66 60 58 58 58 60 61 65 66 66 65 63 60 55 50 47 47 49 53 59 62
    59 55 52 53 56 60 64 67 71 74 72 65 61 61 64 66 67 67 68 68 69 69 66
    60 54 51 52 56 60 58 52 47 45 45 47 48 50 50 50 53 60 66 68 63 57 56
    62 70 75 74 70 69 67 66 63 64 69 74 74 69 66 66 66 65 65 62 61 60 59
    61 66 71 75 76 77 79 73 60 51 49 55 61 64 65 64 62 58 54 52 48 45 45
    49 53 59 63 63 60 57 55 56 58 59 60 63 67 69 68 67 68 70 72 71 69 66
    62 59 59 59 60 62 63 63 61 55 55 60 69 78 80 74 64 58 61 70 76 74 66
    55 50 52 59 67 73 76 77 74 69 61 52 47 45 46 48 47 44 45 50 58 66 70
    69 68 70 73 74 72 71 74 81 87 91 91 88 84 79 74 67 60 57 60 64 63 57
    51 50 53 59 63 64 64 66 70 75 77 75 71 71 72 74 74 69 63 64 69 72 73
    70 66 61 58 56 57 58 58 57 57 56 56 57 60 65 71 73 72 71 71 71 68 63
    62 65 68 66 61 56 55 58 60 61 61 62 67 69 68 67 66 65 63 58 54 51 52
    57 64 66 62 56 53 55 60 64 66 66 69 72 70 64 60 62 65 66 66 68 71 72
    70 66 62 59 59 61 63 65 65 63 57 51 45 41 42 46 52 55 56 58 62 66 65
    59 54 55 63 71 74 71 65 63 63 65 65 65 67 69 71 70 69 68 66 66 68 68
    66 64 63 66 71 76 79 79 79 73 68 57 50 50 55 58 59 60 61 62 61 58 54
    49 44 42 44 51 61 67 67 63 59 59 62 64 64 63 63 65 66 64 63 64 67 68
    66 64 62 61 59 59 58 57 57 58 60 61 60 62 69 77 84 86 79 68 62 64 69
    73 72 67 61 58 59 62 65 69 73 76 76 72 66 58 51 49 51 53 53 50 50 52
    58 65 69 69 67 68 71 73 72 70 71 77 84 88 87 83 78 73 68 62 55 51 54
    58 60 56 51 50 54 59 61 60 60 64 69 72 74 76 79 80 79 77 75 70 66 67
    73 77 77 73 69 65 61 57 56 59 62 64 64 64 62 61 61 65 71 73 72 71 74
    77 76 70 66 64 61 55 49 48 52 59 61 59 58 60 66 69 69 69 71 72 70 64
    58 53 52 58 66 70 66 59 56 60 67 70 69 65 64 65 65 61 60 62 63 61 60
    63 69 73 72 67 63 63 66 69 69 68 66 64 61 56 49 41 40 44 51 57 58 59
    60 62 61 57 55 59 67 73 72 65 59 58 61 66 67 65 63 62 65 68 69 66 63
    65 69 69 67 64 64 69 75 78 79 77 76 68 65 58 54 55 58 58 57 57 59 62
    62 59 55 50 46 43 43 50 61 68 67 62 60 63 67 69 69 68 67 66 64 61 60
    61 62 60 57 56 57 57 55 54 54 54 55 58 61 64 66 71 78 85 89 89 83 74
    68 66 65 66 66 65 63 64 66 66 64 64 67 71 72 72 69 62 56 54 56 59 61
    60 59 57 58 62 66 67 64 63 65 69 71 70 69 73 81 85 83 76 70 65 61 57
    52 49 51 55 58 57 55 58 62 64 62 59 60 63 67 69 71 76 82 83 79 73 70
    68 66 68 74 76 76 73 72 71 66 62 61 63 67 70 71 70 67 63 61 65 71 73
    72 72 76 80 79 73 68 62 55 48 44 46 53 60 60 55 52 54 60 65 67 70 74
    77 74 67 58 51 50 55 65 71 69 64 62 68 75 77 72 64 58 56 56 56 58 60
    59 56 54 58 65 70 71 69 67 68 69 70 68 65 62 61 62 60 54 45 42 46 51
    54 55 54 55 56 57 57 59 65 72 74 70 61 55 56 61 67 68 64 59 55 58 61
    63 62 60 64 70 71 67 64 64 68 73 74 73 70 69 60 59 57 57 60 63 63 60
    58 59 61 61 58 54 52 51 48 48 53 61 66 64 61 61 64 68 71 73 73 70 67
    63 62 61 60 58 54 51 51 54 56 56 54 53 53 57 60 62 64 69 76 84 89 90
    88 84 78 72 65 59 57 59 60 61 63 66 66 65 63 63 65 68 70 70 64 59 56
    57 61 65 67 64 58 54 55 59 61 60 56 57 63 68 69 68 71 77 82 80 73 65
    59 57 55 52 50 51 54 58 61 63 67 70 69 64 60 60 62 65 67 70 75 81 79
    71 63 60 61 64 68 72 73 72 71 72 74 72 70 69 70 73 74 75 73 69 66 64
    67 72 74 74 74 77 80 79 73 67 61 54 50 47 50 56 60 59 54 49 51 55 58
    60 65 72 77 75 67 57 49 46 50 58 65 67 66 68 75 82 83 76 65 55 50 50
    51 55 57 56 53 52 56 63 67 68 68 68 69 68 65 61 58 57 58 60 61 57 50
    48 50 52 52 52 52 53 55 55 58 64 72 77 75 68 59 53 54 59 65 68 64 60
    55 54 56 58 59 60 66 73 74 71 67 66 67 68 66 64 63 63 47 48 51 56 64
    71 71 68 63 61 60 58 54 53 55 57 56 54 55 60 63 61 59 59 61 64 68 72
    73 71 67 65 65 65 62 58 52 50 53 58 63 64 61 58 57 60 63 63 63 67 75
    82 85 86 85 81 76 70 61 54 52 55 58 58 58 61 66 68 66 62 62 67 71 70
    65 59 56 57 60 65 67 64 55 49 48 53 57 57 54 53 58 64 68 68 69 73 77
    76 69 61 57 56 56 53 51 51 55 61 67 71 75 75 71 63 59 58 59 62 65 69
    73 74 69 60 53 52 58 63 68 70 69 69 69 71 73 74 74 74 74 73 72 73 73
    73 72 71 73 76 77 77 76 77 79 77 72 67 63 61 59 57 56 58 60 59 56 53
    53 55 54 54 58 66 72 72 65 56 48 44 45 51 57 61 64 70 79 86 85 78 67
    56 50 49 51 55 58 57 55 54 58 63 65 64 64 64 64 62 59 56 53 53 54 56
    57 56 55 56 57 55 55 55 56 58 58 58 61 68 77 80 74 64 57 52 53 55 60
    65 65 63 60 57 58 59 61 63 69 77 79 76 72 69 66 63 60 60 62 64 40 42
    48 56 67 76 77 73 67 64 61 57 54 54 59 63 62 59 58 59 60 58 57 56 56
    57 61 66 70 70 68 68 70 70 66 60 55 55 59 65 70 72 69 65 62 61 63 62
    61 64 69 74 77 78 80 78 72 64 55 49 50 56 60 59 57 60 66 71 70 66 64
    67 71 70 64 59 58 59 60 63 64 60 53 48 47 50 54 54 52 51 55 61 66 67
    67 68 69 69 65 60 58 59 58 55 52 53 58 64 70 75 79 78 71 63 56 55 56
    59 63 65 66 64 59 52 48 50 58 66 70 70 68 66 66 67 70 72 73 73 71 67
    65 66 70 75 78 79 80 80 80 78 76 75 76 76 72 68 67 69 70 68 63 60 59
    61 61 60 60 60 56 53 55 61 66 67 62 56 50 47 47 50 54 58 64 72 80 85
    83 75 66 57 51 51 53 56 57 57 57 58 61 65 65 62 61 60 59 58 57 55 52
    52 53 53 54 55 57 62 63 61 60 61 64 65 65 63 64 71 79 80 72 63 57 54
    54 53 55 61 64 66 65 64 64 64 65 67 72 79 81 78 74 69 65 60 57 59 65
    68 45 47 52 58 68 76 77 73 68 67 65 60 56 57 63 68 67 62 60 60 59 58
    56 55 53 51 53 59 65 68 70 72 75 74 67 61 58 59 65 70 73 74 72 69 65
    63 62 61 59 61 63 64 67 71 75 74 67 57 49 46 49 56 60 60 58 60 66 72
    73 69 65 66 69 68 65 62 62 63 63 64 64 61 57 55 54 55 54 51 48 48 52
    58 63 66 65 64 63 61 59 58 59 61 61 58 57 58 61 65 68 73 78 79 73 65
    59 57 57 58 59 58 57 56 55 52 50 51 57 65 69 68 65 63 64 64 65 66 66
    65 63 59 56 57 63 73 80 83 83 82 81 79 76 74 75 75 71 69 70 75 78 75
    70 65 62 63 65 66 68 67 62 57 56 60 64 65 62 58 55 53 53 53 54 58 66
    75 81 82 77 68 60 55 53 54 55 55 53 52 55 58 61 65 66 63 61 58 56 58
    61 60 57 54 54 53 53 54 58 63 65 64 64 65 66 68 69 69 69 72 77 77 71
    65 61 58 55 52 52 58 64 70 72 71 70 68 67 69 73 79 82 78 72 68 64 61
    59 61 66 69 56 56 57 59 65 71 73 71 68 69 69 65 60 59 64 69 68 65 63
    63 61 59 58 56 53 49 49 55 63 69 72 74 75 72 63 56 55 59 66 70 72 72
    71 72 69 65 62 59 57 57 57 58 60 65 71 70 63 53 46 45 48 54 58 59 60
    62 67 72 73 71 67 65 66 67 68 69 70 70 68 69 69 67 66 67 67 65 59 51
    46 46 51 56 60 62 62 60 58 55 54 54 57 61 62 62 61 62 64 64 64 69 74
    77 74 69 66 64 62 58 53 50 50 53 56 57 55 53 55 60 64 65 63 63 64 63
    62 62 59 57 55 53 51 52 58 67 75 80 81 80 79 77 76 74 74 73 70 68 69
    74 79 78 74 69 66 66 66 67 69 69 65 61 60 63 67 68 66 64 62 60 59 57
    56 60 67 77 81 77 69 59 54 52 53 55 55 52 49 47 51 56 60 62 64 63 60
    57 56 61 67 68 65 60 56 54 54 55 58 61 63 63 64 63 63 64 67 70 71 71
    72 72 69 66 64 61 56 51 50 56 64 73 77 76 74 70 68 69 73 79 81 77 70
    66 64 64 63 64 66 68 61 59 56 55 58 64 67 67 67 70 73 70 64 61 64 68
    68 65 64 63 62 61 60 59 55 51 49 55 64 71 73 73 71 66 58 52 51 55 62
    67 68 68 70 74 74 69 64 59 56 55 55 57 59 62 66 66 61 55 49 49 51 54
    56 58 62 66 69 70 71 70 68 65 63 64 68 73 75 73 71 72 72 71 72 75 77
    73 64 54 48 49 53 57 58 59 58 57 55 53 52 51 54 59 63 65 65 65 64 63
    63 66 70 72 72 72 72 72 68 60 52 47 49 55 59 61 59 56 57 58 61 62 63
    64 66 65 64 63 60 56 54 53 53 53 55 60 67 72 75 75 75 74 74 74 74 73
    69 67 67 71 74 74 71 68 66 65 64 63 64 66 64 63 65 68 72 73 72 70 68
    66 65 61 59 61 67 75 78 73 64 54 50 50 52 54 55 52 49 47 50 55 58 59
    60 60 59 56 57 63 70 73 70 64 59 56 55 55 57 58 59 60 61 59 57 58 62
    68 71 70 68 67 66 67 66 63 58 51 49 55 64 73 78 78 76 71 67 66 69 75
    79 77 71 65 64 65 65 66 66 66 60 58 53 49 51 58 63 65 66 69 72 71 67
    64 65 69 68 64 62 61 61 62 63 63 59 55 53 57 65 70 72 71 67 62 56 51
    49 51 57 63 66 68 70 75 77 74 67 60 55 55 57 61 63 62 62 62 62 61 59
    60 60 59 57 58 64 69 70 69 66 66 66 63 60 61 65 70 72 69 67 69 70 70
    72 76 79 76 69 61 56 56 59 60 58 57 55 54 54 53 53 52 54 58 63 67 67
    66 64 64 65 67 68 67 68 70 73 73 71 64 57 54 55 61 64 63 62 61 62 62
    61 62 63 63 65 65 66 67 64 62 60 60 60 60 59 59 61 65 68 71 70 70 71
    74 75 73 69 66 66 67 68 66 63 62 62 64 63 60 59 60 62 65 69 73 76 77
    75 72 69 66 64 62 61 62 66 72 73 69 61 52 50 51 53 56 57 58 56 54 56
    59 61 59 58 57 56 56 57 62 69 74 72 66 61 57 56 56 56 57 57 58 57 55
    54 57 63 69 71 69 66 64 64 65 66 64 59 53 51 56 64 71 74 76 76 73 68
    63 61 65 70 72 68 64 61 62 64 65 65 65 61 58 54 49 49 55 60 64 66 67
    69 69 67 67 69 71 71 67 62 61 62 64 65 64 60 56 56 59 63 66 68 68 66
    63 59 54 51 51 54 58 62 65 68 74 77 75 70 64 59 59 62 67 67 63 60 60
    64 68 70 71 70 65 59 58 63 68 70 67 63 61 63 62 60 59 60 63 62 59 58
    60 63 64 68 71 74 73 69 66 64 65 67 67 63 59 55 53 54 56 58 58 57 58
    60 63 64 64 63 65 67 68 68 66 66 66 66 67 68 68 66 64 65 68 69 67 64
    65 67 65 63 61 61 60 58 59 63 67 67 66 65 66 67 66 64 60 58 59 62 66
    66 66 68 72 76 74 70 67 66 65 63 59 56 56 60 64 64 61 59 59 63 68 72
    75 76 75 72 68 64 60 59 60 62 64 66 68 69 65 59 53 52 54 56 59 63 68
    68 65 64 64 64 62 59 57 56 56 58 62 66 70 69 65 62 60 60 60 60 61 60
    58 56 54 57 64 70 72 71 68 65 63 63 64 66 65 62 57 54 56 62 66 68 71
    75 74 69 60 54 54 58 62 62 60 58 60 63 65 65 65 67 65 61 55 51 52 56
    61 64 65 65 66 66 68 71 74 74 69 63 60 62 65 66 63 58 55 55 56 58 59
    62 67 69 69 66 61 57 56 56 57 59 62 66 72 76 76 74 71 68 67 69 72 71
    65 60 62 69 76 79 80 77 70 62 57 59 64 66 63 58 55 56 58 58 57 56 55
    53 51 49 50 53 58 62 65 67 66 65 65 66 69 73 74 71 66 61 57 56 60 64
    65 62 58 56 57 59 60 61 63 66 68 69 69 67 64 60 58 62 67 70 71 72 75
    75 71 67 67 69 68 66 63 59 55 50 50 55 61 66 68 68 67 67 66 64 59 54
    54 57 62 64 65 68 73 77 77 73 70 67 64 59 55 53 55 60 64 64 63 62 62
    66 70 73 73 72 69 65 60 57 55 55 57 62 65 65 65 64 61 56 52 54 58 62
    66 72 78 78 73 68 66 65 63 60 58 56 57 59 62 65 67 66 64 63 63 64 64
    67 69 67 63 57 57 62 71 76 75 70 65 63 61 62 64 67 68 65 60 57 58 61
    63 64 68 73 75 70 61 52 48 49 54 58 59 60 62 65 66 64 62 75 74 70 62
    54 50 51 57 63 65 65 65 66 68 71 74 74 70 63 59 62 66 68 64 58 54 52
    53 53 54 58 66 72 74 72 67 64 63 61 59 60 63 68 72 75 75 76 76 74 73
    74 75 73 67 63 66 74 81 83 82 78 70 60 54 54 59 62 59 54 50 49 52 55
    56 55 53 51 50 47 46 47 53 60 63 62 61 59 60 62 66 72 76 75 72 67 62
    58 60 65 67 64 57 53 53 56 58 58 60 64 69 72 71 68 62 55 52 56 62 66
    70 74 79 78 72 67 66 70 71 70 65 59 52 45 43 48 56 65 71 72 68 64 61
    58 54 51 52 56 61 65 67 71 75 79 79 76 72 67 62 58 55 56 59 62 62 62
    63 65 66 67 69 69 69 66 61 56 51 49 50 53 57 62 63 62 61 60 57 52 51
    54 61 67 73 79 84 83 76 69 65 63 62 61 60 57 57 59 62 65 67 67 65 64
    64 65 66 70 74 73 67 61 60 66 75 79 74 67 62 60 58 58 61 66 69 67 64
    61 61 62 63 65 68 73 75 71 64 57 52 51 54 59 62 65 68 70 68 63 60 77
    76 73 66 56 50 50 55 62 66 66 66 65 67 69 71 71 67 60 57 61 68 71 69
    63 57 53 52 53 54 58 65 72 75 73 68 64 63 62 60 63 69 73 75 74 71 71
    73 75 75 75 74 71 67 65 69 75 79 78 76 72 65 56 50 50 55 60 61 57 50
    45 46 50 54 56 55 55 55 53 49 48 52 58 62 61 59 56 56 57 60 66 71 73
    73 71 65 59 58 61 63 62 57 54 54 56 57 57 59 63 68 72 71 66 60 54 51
    53 57 61 65 71 77 76 70 64 63 68 72 73 68 61 54 47 45 47 54 66 75 76
    68 59 53 51 49 48 51 57 64 68 70 74 78 80 80 76 71 65 62 61 61 62 63
    63 59 57 60 65 67 67 66 64 62 60 56 50 47 47 50 55 61 63 61 57 55 56
    56 53 52 56 63 70 76 79 81 79 73 68 64 62 61 62 62 60 58 59 62 67 70
    69 67 65 65 64 64 69 75 76 71 64 62 66 74 77 72 63 57 55 53 54 57 63
    68 70 69 67 67 66 67 69 70 72 71 68 64 61 59 58 59 62 66 69 72 72 70
    65 62 72 72 70 65 58 53 52 55 60 64 66 66 64 64 65 67 66 62 57 56 62
    69 73 72 68 62 57 54 53 54 57 63 70 74 71 65 60 58 58 60 66 75 79 78
    72 67 64 66 69 71 72 69 66 64 64 67 71 72 70 67 65 60 54 50 51 56 63
    67 65 56 46 44 47 52 57 59 61 64 62 57 53 54 58 62 62 60 58 57 57 58
    61 63 66 69 69 66 61 58 57 59 60 59 59 59 58 58 57 59 63 67 69 67 62
    58 54 52 53 54 55 59 64 70 71 67 62 61 66 72 73 69 64 61 58 54 52 56
    67 78 79 69 56 48 47 47 48 52 60 67 71 72 76 80 82 80 74 66 61 62 65
    66 66 65 61 56 54 58 63 66 65 63 60 58 57 54 51 49 50 55 61 66 65 60
    53 52 55 58 57 56 60 66 71 74 73 72 71 69 68 66 63 62 63 64 63 61 60
    63 69 73 74 71 68 66 63 62 65 71 75 72 66 63 65 70 73 68 60 54 52 51
    51 54 60 66 72 74 74 72 70 70 72 72 71 67 62 60 61 63 63 63 64 67 69
    70 71 70 67 65 67 67 66 63 58 55 55 57 60 62 64 66 65 63 62 63 62 58
    55 57 63 68 70 70 69 64 57 52 50 51 54 59 66 69 67 61 55 53 54 58 67
    76 81 78 71 64 59 60 64 67 67 65 64 64 64 65 66 66 64 63 63 61 59 56
    54 58 65 73 73 64 52 47 50 55 59 62 65 68 66 62 57 56 58 61 64 66 65
    64 62 60 59 58 59 63 66 66 62 59 58 59 61 62 63 62 59 57 57 59 62 64
    65 62 59 57 56 55 55 54 53 53 56 60 63 63 61 61 64 68 69 67 66 68 68
    64 59 60 68 78 79 70 58 51 50 51 53 57 64 70 72 72 75 78 80 79 73 65
    60 62 67 68 66 63 60 57 57 59 64 65 64 62 59 58 57 57 56 55 57 60 66
    68 66 59 53 52 57 62 63 63 67 71 72 70 65 63 64 67 69 67 62 61 62 65
    66 64 65 67 71 75 75 73 72 68 63 60 62 66 70 69 65 62 63 68 71 67 59
    54 53 51 52 54 59 67 74 79 78 75 70 68 71 73 71 64 58 58 62 65 65 64
    63 63 65 67 68 68 66 65 66 65 64 61 58 57 59 60 61 62 64 68 69 66 63
    62 61 58 58 61 64 65 64 63 64 60 54 48 44 47 52 58 64 66 64 59 54 53
    54 59 67 75 79 76 70 64 61 61 63 64 65 65 66 66 66 66 65 65 65 65 67
    68 68 64 60 60 65 73 76 69 59 55 58 60 62 63 66 67 65 62 58 56 57 61
    66 71 73 73 70 66 61 58 57 60 65 67 66 63 60 60 61 63 64 62 59 57 58
    61 63 63 62 61 59 60 60 60 59 57 53 50 50 54 57 59 59 59 61 64 66 66
    69 73 74 70 63 61 66 72 73 69 63 60 61 62 62 65 69 72 71 69 70 73 76
    77 73 69 65 65 67 65 62 60 61 62 63 64 65 66 64 63 61 60 61 62 63 62
    63 65 68 69 66 61 57 57 60 64 67 69 74 77 75 70 63 62 64 67 68 64 61
    61 62 65 68 69 71 74 75 76 74 73 74 72 67 63 62 63 65 64 62 60 62 68
    71 67 61 57 56 55 56 59 65 72 79 83 82 76 69 66 69 72 70 63 57 59 66
    69 66 61 58 57 60 63 65 65 63 61 67 66 64 61 59 60 61 63 65 66 68 72
    74 71 67 65 64 62 62 65 66 63 59 57 57 55 51 45 43 46 53 61 67 68 65
    61 58 58 59 63 69 75 79 77 73 70 68 68 66 63 63 66 68 69 68 67 66 65
    66 68 71 74 74 70 64 62 65 72 74 69 63 62 65 66 64 62 64 64 62 59 56
    57 60 64 70 75 78 78 76 72 67 62 59 60 65 68 69 66 63 60 60 61 62 61
    58 58 60 63 64 63 62 61 61 62 64 65 63 60 56 53 53 55 57 57 57 57 59
    62 65 68 72 75 75 71 65 63 64 66 66 67 68 70 72 73 71 71 72 71 67 63
    64 66 69 72 72 72 69 67 65 62 60 63 66 68 68 66 64 64 64 64 64 65 65
    66 66 65 64 65 67 68 66 63 62 63 64 65 68 72 78 81 79 75 70 68 68 68
    65 61 60 63 67 68 71 73 76 80 80 79 77 75 76 77 73 69 64 61 60 59 58
    58 60 66 71 70 65 61 60 59 62 65 71 78 83 85 83 76 68 65 67 69 66 60
    58 64 73 76 70 61 54 52 55 60 62 62 59 57 67 66 64 62 63 64 65 67 69
    70 71 73 76 75 73 71 69 67 66 66 65 62 57 54 54 53 51 49 47 51 58 66
    71 72 68 65 63 62 63 66 71 75 77 75 73 73 72 70 65 59 59 64 68 69 68
    66 64 64 65 67 70 73 74 71 65 62 64 68 70 67 65 67 70 68 62 59 61 62
    60 57 56 61 67 72 75 76 77 77 76 74 71 66 61 61 65 69 70 68 63 59 58
    59 62 62 61 61 62 65 65 62 61 60 60 62 65 67 66 62 60 60 61 62 61 58
    55 56 59 63 67 70 72 73 72 69 66 64 63 62 61 63 69 74 77 77 74 71 70
    68 63 58 56 58 62 66 69 72 72 70 66 61 62 67 72 72 69 63 60 60 62 64
    67 69 69 68 66 64 62 63 64 65 64 63 65 67 66 63 64 69 75 79 80 78 74
    71 69 66 62 59 61 67 71 71 72 73 75 79 81 81 80 79 79 80 78 73 66 59
    56 55 55 55 57 63 68 70 66 63 62 63 66 68 72 78 82 83 80 74 68 67 68
    67 63 58 60 69 78 81 74 64 55 51 53 57 60 60 58 57 63 63 62 63 66 68
    68 69 72 73 72 71 73 76 77 77 75 70 65 63 62 60 57 55 53 54 55 56 55
    56 60 65 70 71 70 68 65 63 63 66 72 75 74 71 69 70 70 67 60 54 54 59
    63 66 65 63 62 61 62 65 67 69 69 68 64 62 63 65 65 64 65 68 71 68 60
    57 59 62 61 57 57 65 74 79 79 76 74 70 68 68 69 69 66 66 69 72 72 69
    63 58 58 61 65 68 68 67 65 65 63 60 58 57 58 61 64 66 65 62 62 65 68
    68 65 60 55 56 60 65 69 70 70 68 67 68 69 69 66 61 57 59 66 72 75 74
    71 68 67 66 62 56 52 52 54 59 63 68 71 72 69 65 66 71 74 73 68 61 57
    59 63 66 68 70 69 67 64 62 61 61 62 62 62 63 65 67 65 62 62 66 71 75
    76 74 70 67 65 63 61 61 64 68 71 69 68 68 69 72 74 78 81 81 81 80 77
    71 62 55 51 51 50 49 50 56 63 66 64 61 61 64 66 65 65 70 75 78 76 72
    70 70 69 67 63 60 64 71 78 79 74 67 58 53 54 57 59 60 61 62 55 55 56
    59 65 70 72 72 74 73 70 68 70 75 79 79 77 71 64 60 60 61 60 57 56 57
    59 60 61 59 58 59 62 65 66 67 64 60 58 62 70 73 70 66 64 66 66 61 55
    52 53 57 61 64 65 64 61 59 60 62 64 64 64 64 63 63 64 63 62 61 63 67
    69 65 58 57 61 65 63 59 59 68 78 83 82 77 71 63 58 59 64 70 72 74 76
    76 74 70 63 59 60 65 71 76 76 72 67 64 61 57 54 53 55 58 62 63 61 59
    61 66 70 69 65 60 56 57 61 65 68 69 67 64 64 67 72 74 70 63 56 56 61
    67 69 68 65 64 65 66 64 57 52 49 50 54 59 64 69 72 71 67 66 68 71 71
    67 61 59 63 67 69 68 67 66 64 62 61 61 61 61 61 61 61 64 66 66 64 64
    68 72 74 71 66 61 59 60 61 61 63 65 67 66 62 60 60 59 60 62 68 75 80
    80 78 71 62 54 49 48 47 45 44 45 52 59 62 60 58 61 64 63 58 56 61 67
    71 71 69 68 68 68 68 67 67 69 72 74 74 72 68 62 58 58 60 62 63 63 64
    49 49 52 58 68 75 78 77 76 74 70 67 70 76 80 80 75 68 63 60 62 65 66
    63 60 58 58 60 62 60 56 53 54 58 63 65 62 57 55 60 68 71 68 63 60 60
    60 58 56 57 59 61 62 63 64 64 62 59 59 62 62 61 60 63 66 68 68 67 64
    63 63 65 64 60 56 57 63 67 66 62 62 69 77 82 81 77 70 62 54 52 58 67
    75 80 81 78 73 66 60 58 61 68 76 83 83 78 70 65 61 57 52 50 51 55 58
    59 58 56 58 63 68 68 65 61 58 59 61 64 66 66 66 64 64 68 74 76 72 63
    55 53 57 63 64 62 60 61 65 69 68 63 57 53 53 55 59 62 66 71 71 65 60
    61 66 69 68 64 64 68 72 71 65 62 61 61 61 60 61 63 64 64 63 61 60 62
    64 66 69 74 78 77 70 60 54 53 56 59 61 63 65 65 61 56 55 55 53 52 53
    58 68 75 77 73 65 55 49 48 49 47 43 41 45 53 60 62 59 60 64 67 65 58
    55 57 62 66 67 65 64 64 65 68 71 73 74 73 72 71 68 66 62 61 63 64 66
    65 63 63 48 49 55 64 74 81 83 80 77 73 69 66 69 76 80 78 71 63 59 60
    64 69 70 67 61 55 53 55 59 59 54 50 50 55 61 64 61 57 57 62 70 73 72
    68 62 59 58 58 60 63 67 67 65 63 61 62 62 61 61 62 62 58 57 62 71 76
    77 74 70 67 64 63 61 58 56 58 63 67 67 65 66 69 71 73 74 73 70 64 56
    52 55 65 74 80 80 76 70 61 55 54 60 68 77 84 84 78 71 66 63 58 52 50
    51 54 57 59 58 55 57 61 67 68 67 65 62 61 61 62 64 64 65 65 66 70 74
    75 72 64 55 54 58 63 64 61 59 61 66 70 71 67 61 58 57 59 61 62 63 67
    67 60 54 54 62 69 70 67 66 69 71 69 62 57 57 59 60 61 61 63 66 68 67
    62 56 56 61 66 72 79 83 80 70 59 52 52 55 58 60 63 65 63 60 56 57 58
    54 50 49 54 63 70 71 67 61 54 52 54 54 51 45 43 48 55 61 62 61 65 70
    74 72 65 60 60 63 65 65 63 61 62 64 69 73 76 77 75 72 69 66 62 60 62
    65 66 67 64 60 58 51 54 63 74 83 87 85 81 75 69 65 63 68 75 79 77 69
    61 57 58 62 67 69 65 58 52 50 51 55 56 53 52 52 56 61 63 62 61 61 66
    72 76 77 75 69 63 60 59 61 65 70 71 67 62 60 61 62 62 63 64 62 58 56
    62 73 82 83 80 75 70 67 65 62 60 58 59 63 65 66 68 70 69 64 60 61 64
    67 67 62 58 59 65 71 74 74 71 65 59 53 53 57 64 72 77 77 72 67 64 61
    56 52 51 53 55 58 61 61 59 58 61 65 67 67 67 67 65 62 62 64 66 67 67
    68 70 70 70 68 64 59 60 65 69 70 67 64 64 67 69 70 66 62 60 60 62 63
    61 61 63 61 55 48 49 58 67 70 67 64 65 66 63 57 54 56 59 61 60 59 61
    66 71 72 65 56 52 56 63 70 75 78 75 67 58 53 53 55 57 59 62 64 63 61
    60 63 64 59 53 52 56 62 65 66 64 61 59 58 60 60 56 50 48 52 57 61 61
    62 68 75 79 79 73 68 65 64 65 64 63 64 66 70 73 75 74 74 74 72 69 64
    58 57 60 64 65 64 59 55 53 55 60 69 80 86 87 84 81 75 68 63 62 67 74
    78 77 72 65 59 57 58 62 64 61 55 51 49 50 52 54 54 56 57 58 60 61 63
    64 66 68 71 74 77 78 75 69 64 62 62 63 67 68 64 60 58 60 63 64 65 65
    64 61 59 63 72 80 83 81 76 73 70 68 65 63 61 61 62 62 63 66 69 67 58
    51 50 56 63 68 69 67 67 68 68 67 65 64 63 61 57 55 56 59 63 66 66 65
    63 61 57 52 50 53 56 58 62 65 64 61 60 62 65 66 66 68 68 66 64 64 68
    70 70 70 70 69 67 64 63 63 63 66 72 77 79 76 72 69 68 67 65 63 61 61
    62 65 65 63 61 62 60 54 49 50 59 66 67 64 61 60 58 57 54 54 58 61 61
    58 55 57 63 72 76 71 60 54 55 59 64 66 66 63 59 56 55 56 56 57 59 61
    61 60 60 63 68 70 66 60 59 61 63 63 63 64 66 65 64 63 62 58 53 52 56
    60 62 60 62 68 75 79 79 75 69 64 63 64 66 69 72 75 77 77 75 72 70 71
    72 70 65 57 54 56 60 62 60 56 53 53 63 66 74 80 83 81 81 81 78 72 66
    65 69 74 76 76 75 72 65 59 57 59 61 59 55 52 52 53 53 55 59 61 60 58
    57 58 62 66 67 66 67 69 73 78 78 73 67 62 60 58 59 60 59 59 58 60 62
    63 64 65 66 66 64 64 68 74 78 77 74 72 71 70 67 65 63 63 62 60 59 61
    64 63 56 49 49 54 61 68 72 72 71 69 65 61 58 60 63 65 63 60 56 54 55
    58 60 62 63 60 55 50 50 54 58 62 67 68 65 62 61 63 64 64 64 66 68 67
    66 67 72 74 73 72 72 71 67 63 61 61 62 67 73 80 83 80 75 71 67 64 61
    58 58 60 63 66 66 64 63 63 62 58 54 56 62 66 65 60 57 55 53 52 52 55
    59 60 58 54 51 52 60 71 79 78 69 62 59 59 59 58 56 54 53 55 58 59 58
    57 57 57 56 55 57 62 69 73 72 70 69 69 67 64 63 66 68 67 64 61 59 56
    54 55 60 64 65 63 62 66 72 74 73 68 62 59 59 63 69 74 78 79 78 75 71
    67 65 66 70 71 67 60 55 54 57 59 59 57 57 57 71 73 76 78 77 75 76 80
    80 75 71 70 72 73 73 73 76 76 71 64 59 60 61 59 56 54 55 55 55 58 64
    66 62 57 54 57 62 65 65 63 64 67 72 78 79 74 66 61 57 55 54 55 56 58
    59 59 60 60 61 64 66 68 67 64 63 67 73 74 71 69 69 69 67 66 65 65 64
    61 57 56 58 59 58 55 55 59 64 68 70 69 69 67 64 59 56 58 62 65 65 61
    56 53 53 56 61 65 67 63 56 50 50 55 60 64 69 70 65 61 60 62 63 63 63
    65 68 69 69 71 74 75 73 73 74 75 73 68 64 60 58 61 67 75 80 80 75 69
    65 61 56 54 55 58 62 65 65 63 62 63 64 62 60 62 65 66 63 57 54 52 51
    52 54 57 58 57 53 50 50 52 60 71 81 84 79 71 64 59 56 53 50 50 53 58
    62 62 60 57 56 54 53 52 56 62 69 75 77 77 76 75 72 67 65 66 66 63 59
    56 54 52 52 54 60 66 68 66 63 64 66 66 64 61 57 56 58 64 70 77 80 77
    72 67 64 62 62 64 68 72 71 66 60 57 57 58 60 62 63 64 77 77 78 77 75
    73 75 78 77 74 71 72 73 72 70 71 74 77 75 69 63 61 59 58 55 55 55 55
    56 61 68 70 65 59 57 59 64 65 65 64 65 69 74 78 77 71 63 59 57 55 53
    53 54 57 57 55 54 55 58 61 64 67 67 63 60 63 69 71 67 65 66 68 68 67
    67 68 68 65 60 54 54 57 61 63 65 68 71 70 68 65 65 66 64 61 58 58 60
    61 60 57 54 52 55 59 65 69 70 67 59 53 53 57 62 66 70 71 66 61 59 61
    61 60 61 65 70 72 73 74 74 72 71 72 76 79 79 74 66 59 54 54 60 69 76
    77 73 67 62 58 54 52 53 56 62 66 66 64 62 61 63 64 62 63 65 65 62 57
    55 55 55 57 58 58 55 51 50 51 54 56 62 70 79 84 83 77 68 60 53 49 48
    51 55 61 63 62 59 58 57 56 55 55 57 61 66 72 75 75 75 75 73 70 68 66
    63 59 55 52 50 49 49 50 56 63 67 68 66 65 64 64 61 58 57 59 62 66 71
    76 77 71 62 56 56 59 63 66 69 73 73 71 66 61 60 61 63 65 66 67 75 76
    75 74 74 73 74 74 72 69 68 71 72 70 67 67 71 75 77 75 69 62 57 55 54
    54 54 55 58 64 70 71 68 65 62 63 65 65 66 67 70 74 77 78 74 68 63 60
    60 58 57 56 56 56 53 49 48 50 54 57 59 62 63 61 58 62 67 68 64 62 65
    67 67 66 67 69 70 70 64 56 53 56 61 65 68 72 74 71 66 63 65 67 65 61
    59 59 59 57 54 52 51 53 59 64 68 71 72 69 61 55 55 58 62 66 71 72 68
    62 59 60 60 59 59 63 68 71 72 72 71 69 67 69 74 79 79 72 62 54 50 52
    57 65 71 71 69 65 62 57 54 52 54 58 65 70 71 68 64 62 63 62 60 60 61
    62 60 58 58 60 62 63 62 58 52 49 50 56 60 60 61 65 72 77 78 75 67 58
    51 48 49 53 57 61 62 61 60 61 62 62 62 63 62 61 62 64 67 68 68 69 71
    72 71 68 63 60 57 54 51 48 46 46 50 57 63 67 68 69 70 69 66 61 61 64
    67 68 69 73 73 67 56 50 51 57 64 68 71 73 74 72 69 64 63 64 65 64 62
    60 65 65 66 67 68 70 70 68 65 62 63 68 69 66 63 63 67 72 78 78 72 62
    55 54 55 56 55 57 61 67 71 72 70 67 64 62 63 64 66 69 73 76 76 74 71
    68 65 65 65 65 64 63 59 56 51 46 46 51 55 57 57 58 59 58 57 61 65 66
    64 63 66 66 65 64 65 66 69 70 66 59 56 58 62 64 65 69 70 67 64 64 68
    69 65 61 60 62 60 56 52 51 52 56 62 66 69 71 72 69 61 55 54 57 61 66
    72 75 70 63 58 58 59 58 58 60 63 65 67 69 69 66 64 64 68 72 71 64 55
    50 49 53 58 62 64 64 64 64 63 59 56 56 59 64 70 75 75 72 68 65 64 62
    58 57 58 59 60 60 61 64 67 67 65 60 53 51 56 63 67 64 60 60 64 68 70
    69 64 56 51 51 53 56 58 60 61 61 63 66 69 68 68 69 67 63 60 59 60 60
    61 64 69 74 76 74 69 65 63 59 55 50 46 44 46 50 57 63 69 74 76 76 71
    65 64 68 71 72 70 71 72 67 58 52 51 57 64 68 70 71 72 72 70 66 65 66
    65 60 54 51 54 54 55 57 60 62 63 63 60 59 59 62 64 63 61 62 65 70 76
    77 71 61 54 56 59 61 60 61 65 70 73 72 70 68 65 62 63 64 67 70 73 73
    72 71 71 71 71 71 70 69 68 66 60 53 48 46 48 54 57 59 58 56 56 54 55
    59 62 63 63 65 67 65 62 61 62 64 67 68 65 60 58 60 63 62 60 61 62 61
    61 64 69 70 66 63 65 68 67 61 55 53 55 59 63 65 66 67 68 64 58 53 52
    55 59 66 72 74 71 64 59 58 58 57 57 58 59 60 62 65 66 65 64 64 65 66
    63 56 50 47 50 57 61 61 58 57 60 64 64 60 57 58 63 70 75 77 77 75 72
    69 66 62 58 56 57 59 60 60 62 65 68 69 67 62 57 56 61 68 70 65 59 57
    60 62 64 65 62 57 55 57 59 60 59 59 60 61 66 71 72 69 68 69 68 65 61
    59 57 58 60 65 71 77 81 79 73 69 65 61 56 51 47 45 45 47 53 60 68 75
    78 77 71 65 64 69 73 74 72 72 72 68 62 55 53 57 62 66 66 67 69 70 71
    68 68 68 64 56 48 44 46 47 48 50 51 55 58 61 61 59 56 57 60 62 63 64
    66 67 70 71 66 59 55 59 63 65 64 64 68 73 74 72 69 68 66 64 65 67 69
    71 70 68 66 68 73 77 76 73 69 67 66 65 59 52 48 49 52 57 60 61 60 56
    54 53 55 58 58 59 62 65 67 64 60 61 63 65 67 68 64 60 59 61 62 61 58
    57 57 55 56 61 66 69 67 68 71 75 75 69 61 57 56 59 61 62 63 64 64 60
    55 52 52 55 59 64 68 70 68 64 60 59 59 58 59 59 59 58 58 61 64 66 68
    68 66 63 58 52 48 49 55 62 65 61 55 54 59 64 64 58 53 56 63 72 76 77
    77 75 73 69 66 63 61 60 61 62 61 60 60 63 67 69 68 65 62 63 67 71 70
    65 59 57 58 60 63 65 64 60 59 62 63 61 58 58 58 60 66 72 73 68 64 65
    66 65 63 62 60 61 65 69 74 79 80 76 69 64 60 56 53 52 52 51 50 49 53
    59 66 72 73 71 67 64 65 70 73 73 73 72 72 70 66 59 55 55 60 63 64 65
    67 69 72 72 72 70 64 56 49 46 46 47 48 47 48 53 59 64 65 60 54 52 56
    60 64 65 65 63 63 63 62 58 57 60 63 65 65 65 68 71 72 70 69 69 68 67
    67 69 70 70 66 61 60 65 73 78 76 70 64 61 60 60 56 53 52 54 57 59 60
    60 60 58 56 56 57 58 55 54 58 63 68 66 63 63 66 69 70 68 64 59 57 59
    61 62 61 59 56 53 54 57 61 64 65 68 73 78 81 76 68 60 57 57 57 58 60
    61 61 58 55 53 54 57 60 64 65 65 64 62 61 60 59 59 62 63 62 59 56 56
    61 65 69 70 67 63 58 53 52 56 62 69 69 62 55 54 60 64 62 54 50 52 60
    68 73 73 74 72 69 66 64 64 65 66 66 65 62 59 59 62 67 70 69 67 66 67
    70 69 66 63 60 59 60 62 66 68 66 63 63 65 64 60 57 56 56 59 65 71 71
    66 62 61 62 63 64 65 64 65 69 73 76 77 75 69 61 55 52 49 48 51 56 58
    56 54 56 60 64 66 66 63 62 63 65 67 67 68 68 69 71 71 69 64 58 56 58
    61 61 62 65 68 71 73 74 71 65 59 56 55 55 55 55 53 52 57 63 68 66 59
    51 49 52 57 61 62 62 60 58 59 60 61 61 62 62 62 62 62 63 65 66 68 69
    70 70 67 67 67 67 67 62 57 56 61 69 75 74 67 60 55 54 54 53 55 58 61
    61 59 57 56 57 59 62 63 63 60 54 51 54 61 68 69 67 65 66 69 69 65 61
    57 55 56 59 63 64 63 60 57 57 58 59 60 60 63 70 77 82 81 73 65 60 59
    58 58 57 57 59 59 58 58 60 63 66 66 65 63 61 60 60 59 58 59 63 66 64
    59 54 52 56 61 65 67 65 63 60 57 58 62 67 71 69 63 56 56 62 65 61 53
    49 52 59 65 67 69 71 70 67 63 62 65 69 71 70 67 62 59 60 63 67 70 70
    68 67 67 67 64 59 58 59 61 63 65 69 69 67 65 65 66 63 57 53 51 53 58
    64 69 69 65 62 61 62 64 66 68 66 66 68 71 74 75 71 63 55 49 47 45 45
    49 57 61 61 59 60 62 62 62 60 59 61 63 63 60 57 57 60 64 69 72 72 70
    65 60 59 59 59 59 61 64 66 69 70 68 65 63 64 65 64 65 65 63 62 65 68
    68 63 55 50 50 54 59 60 60 59 58 57 58 61 64 65 63 61 59 59 58 58 59
    61 66 70 71 70 67 64 63 63 64 62 58 56 59 65 71 71 66 60 56 53 52 54
    58 63 64 62 59 56 53 55 60 67 70 68 62 54 51 53 60 67 69 67 64 63 64
    63 60 57 55 54 55 59 64 67 66 63 61 62 62 62 61 59 59 65 73 80 80 76
    70 65 64 63 60 55 54 56 60 62 64 68 72 73 71 67 63 59 57 56 56 56 59
    65 68 65 59 53 51 53 58 62 63 62 62 62 62 63 64 67 68 65 60 55 57 63
    66 62 55 53 56 60 63 64 66 69 69 65 62 62 66 70 72 72 68 62 59 60 64
    67 68 68 68 66 64 63 58 55 56 61 66 68 70 71 70 67 66 68 68 63 56 51
    49 52 57 62 65 64 63 63 64 67 69 70 70 68 66 66 65 67 69 68 62 56 52
    50 49 48 50 57 61 62 62 61 61 60 59 58 60 64 65 61 54 49 50 55 61 69
    74 77 78 73 66 61 57 56 57 58 59 61 62 64 64 64 66 70 72 69 69 69 69
    70 73 73 69 61 54 55 59 63 65 63 59 58 58 59 60 63 66 67 65 62 59 59
    58 57 58 60 65 69 72 72 68 63 60 62 66 67 63 60 59 63 66 66 65 63 61
    59 58 59 62 65 64 63 61 58 53 54 60 67 70 67 61 56 54 55 60 65 65 63
    61 59 58 58 56 55 54 54 56 61 67 69 67 64 63 65 67 66 64 60 59 65 72
    76 75 73 71 70 70 68 62 54 52 54 59 63 66 72 76 75 71 66 62 58 55 54
    54 56 61 67 69 66 60 56 53 53 57 62 64 64 64 64 65 64 63 64 63 59 55
    54 58 66 70 66 59 56 59 63 65 65 67 70 70 67 65 65 67 69 71 71 68 62
    59 60 64 68 69 68 65 62 58 56 53 53 58 66 73 74 74 72 67 64 65 68 68
    63 58 54 53 54 57 59 59 59 61 64 68 71 72 71 70 68 67 64 60 60 62 65
    64 62 60 58 57 56 56 59 61 62 61 60 59 58 57 59 64 68 68 61 53 49 52
    58 64 71 77 80 82 79 71 63 57 56 57 57 57 56 56 58 61 64 69 74 76 70
    69 67 68 71 75 75 70 63 60 64 70 74 75 69 63 61 62 64 66 67 70 71 68
    64 61 61 61 61 60 61 65 69 72 73 69 63 61 64 71 73 70 65 62 64 64 63
    63 64 65 66 66 67 67 65 63 63 64 61 57 56 59 63 63 60 58 57 58 60 62
    64 63 61 60 58 58 57 58 58 57 55 56 61 68 70 68 64 64 66 70 71 68 63
    62 66 71 70 67 65 66 69 71 69 63 55 52 55 59 64 67 73 76 74 69 63 58
    55 54 54 56 60 65 69 70 67 63 60 57 56 58 63 67 69 68 67 65 63 62 62
    59 55 52 53 60 70 74 70 63 60 62 65 68 69 71 73 73 71 69 70 69 70 70
    71 69 63 58 58 62 68 70 67 62 56 51 49 48 50 59 69 77 78 76 71 64 60
    60 64 64 61 60 60 60 60 59 57 55 56 60 66 70 72 72 70 67 66 66 63 58
    57 59 63 66 66 65 64 64 63 61 61 60 59 58 57 57 57 58 62 68 72 71 64
    57 56 61 65 68 72 76 79 81 80 73 64 58 59 61 62 59 55 52 53 57 64 70
    75 77 66 65 62 62 65 69 72 71 69 70 74 79 82 81 75 67 65 67 70 71 71
    72 73 72 68 65 65 66 65 64 65 67 71 74 74 69 63 62 66 73 76 74 70 67
    66 65 61 60 61 64 67 71 73 70 67 64 65 66 63 60 59 59 58 54 51 53 57
    61 65 67 67 64 62 62 62 62 63 64 65 62 57 55 59 65 67 66 64 64 68 73
    73 70 65 64 66 68 65 60 58 59 63 67 67 63 56 54 57 62 66 68 72 73 71
    67 60 55 53 54 56 60 65 69 73 73 69 66 64 62 60 60 63 68 71 72 68 65
    63 62 61 59 55 52 54 61 70 75 72 65 63 64 67 71 74 77 78 76 73 71 72
    72 71 70 69 68 63 58 57 60 68 72 68 60 52 46 44 44 48 56 66 72 75 74
    69 61 55 56 59 59 59 62 67 70 68 64 59 56 57 61 66 70 70 68 66 65 65
    66 64 60 59 60 63 66 67 66 65 66 65 63 61 58 56 56 57 58 59 61 66 72
    76 74 69 64 66 70 70 67 66 68 72 75 75 70 64 62 64 69 71 67 60 53 52
    57 66 72 75 76 63 62 58 57 59 63 69 73 76 77 80 82 82 80 74 67 65 69
    73 74 72 72 73 74 71 68 67 67 66 66 67 71 74 75 73 68 64 64 66 70 74
    73 71 69 69 67 62 60 58 60 64 69 73 72 69 67 67 66 64 61 60 59 55 50
    48 51 58 64 70 73 72 68 66 66 67 68 69 71 73 70 62 55 55 59 62 63 64
    66 71 75 75 71 67 66 67 67 63 59 56 56 59 63 64 61 56 56 60 66 70 72
    72 71 68 64 59 55 54 55 58 62 67 71 74 74 71 68 67 65 64 62 62 65 70
    72 70 66 63 63 63 62 59 57 58 63 68 72 69 64 63 65 69 73 77 82 82 79
    74 71 72 73 72 69 66 65 63 60 59 62 70 74 69 59 49 43 41 42 46 51 57
    61 66 68 64 56 51 52 56 57 57 62 69 74 73 68 63 58 59 62 65 67 65 62
    61 62 65 67 66 63 63 62 63 64 63 62 63 64 63 62 60 57 54 55 58 62 63
    64 67 73 78 78 74 72 73 73 67 61 58 60 65 69 69 68 67 67 71 76 78 75
    67 58 57 62 70 73 73 73 59 59 57 57 58 61 67 73 76 77 78 77 77 75 71
    66 66 70 73 73 71 71 73 73 70 65 61 61 60 62 66 71 74 74 72 68 66 65
    65 67 69 70 69 68 68 67 65 61 58 57 60 64 68 70 70 69 67 65 61 57 56
    56 55 51 49 52 59 66 72 75 73 69 68 70 72 73 75 76 77 74 65 57 54 56
    59 61 63 66 70 74 74 72 72 72 71 69 65 61 58 58 60 61 60 57 55 56 61
    67 72 74 73 69 65 61 59 57 56 57 59 63 67 70 72 73 72 70 68 66 63 61
    59 62 66 69 69 66 64 64 66 67 67 65 64 65 67 68 65 61 61 64 69 73 78
    83 84 81 74 70 71 72 71 67 63 63 65 65 66 69 75 78 71 59 48 42 42 45
    47 49 51 54 61 65 62 55 51 52 54 54 54 58 65 71 72 69 65 61 61 64 66
    66 63 60 60 64 68 69 68 66 66 65 63 60 58 58 60 61 60 59 58 56 54 56
    62 67 67 63 64 69 77 79 77 74 73 70 63 56 55 60 65 67 66 67 71 73 75
    78 80 78 70 64 63 68 73 73 70 69 56 57 59 62 65 68 71 72 72 71 70 70
    71 71 69 67 68 70 71 70 69 69 71 70 65 58 54 54 53 54 58 64 69 71 71
    71 69 67 66 65 65 65 64 63 63 65 65 63 59 58 59 61 64 68 70 69 67 64
    59 54 52 53 55 55 53 54 59 65 71 73 71 67 67 69 72 74 75 77 77 72 66
    60 56 58 59 57 57 60 65 69 71 73 76 77 76 72 67 64 63 64 64 62 58 56
    55 57 62 66 71 74 73 69 63 61 60 59 59 60 62 66 69 70 71 73 74 73 70
    66 62 58 57 59 63 65 65 62 62 65 68 71 71 68 66 65 64 64 63 61 61 63
    66 70 76 82 85 81 74 71 71 71 68 63 61 63 68 70 73 76 80 81 74 62 50
    45 46 49 50 51 51 54 62 66 64 59 56 55 54 51 49 51 58 64 67 68 66 64
    63 66 68 68 65 62 63 68 72 73 71 69 68 66 62 58 56 57 59 59 59 60 61
    61 59 60 66 71 68 62 59 65 73 77 75 72 69 66 61 57 58 64 68 68 66 68
    73 75 74 73 73 72 69 67 69 73 74 71 67 65 55 57 61 67 73 75 74 70 66
    61 60 62 66 69 69 69 71 72 71 70 70 71 71 68 62 56 52 51 50 49 51 56
    61 65 70 73 73 71 69 68 66 63 60 57 58 61 65 65 63 62 62 61 62 65 68
    69 67 65 62 57 53 52 54 56 57 58 62 66 69 71 69 65 64 65 65 68 71 73
    72 67 62 60 59 61 60 55 52 54 58 63 67 72 77 79 77 73 68 66 66 68 68
    64 60 58 58 60 63 65 68 71 71 68 64 63 62 62 63 65 67 71 71 69 70 73
    77 78 75 69 64 59 57 58 61 62 63 62 62 65 69 71 71 67 64 62 61 61 64
    65 65 64 64 67 73 80 83 81 76 73 74 73 67 63 62 66 69 72 74 77 81 82
    76 67 59 54 54 55 56 56 55 56 63 68 68 65 61 56 51 46 43 46 52 58 63
    65 66 65 65 68 71 70 67 65 67 72 76 77 76 75 72 67 63 61 59 59 60 60
    62 65 68 67 65 65 69 72 69 61 58 63 70 74 73 70 67 66 63 61 61 66 69
    68 66 68 72 73 69 64 62 63 64 68 72 74 72 67 62 60 54 55 59 66 72 75
    73 67 60 55 53 56 61 65 68 70 73 75 75 74 75 75 74 69 63 59 56 54 50
    49 51 54 59 65 70 74 74 73 72 73 71 67 62 58 56 60 65 67 67 67 66 63
    61 62 65 67 67 66 65 62 57 53 53 56 59 62 64 67 69 70 69 66 62 59 57
    59 64 67 65 59 57 58 62 65 63 57 51 51 53 57 62 68 73 76 76 73 69 67
    68 70 71 69 65 63 63 64 66 66 67 68 68 68 67 66 65 66 69 72 74 73 70
    67 68 73 79 81 79 74 70 66 63 63 63 64 67 66 65 66 67 68 65 60 57 57
    57 60 65 69 69 65 63 66 72 78 80 79 76 75 76 75 69 65 65 67 68 68 70
    73 76 77 76 74 71 69 67 66 65 63 60 59 62 68 70 69 64 57 48 42 41 45
    51 56 60 63 65 66 69 73 75 73 69 68 70 75 79 80 79 78 75 69 65 64 63
    61 60 60 64 70 72 72 70 70 73 74 70 63 60 63 66 69 69 69 70 69 67 62
    61 64 68 68 66 66 69 69 64 57 55 56 60 65 69 72 70 64 58 56 54 54 56
    61 66 68 65 61 56 54 52 53 56 60 64 68 72 74 74 75 76 78 77 73 70 68
    64 58 53 53 56 60 64 68 72 73 71 70 71 74 74 71 67 61 58 60 65 69 69
    69 66 61 59 60 63 66 67 66 67 67 65 59 57 60 63 64 66 69 72 73 72 68
    63 56 51 53 57 59 57 51 51 56 62 67 66 59 53 52 53 56 60 65 69 72 75
    74 72 70 70 71 73 72 70 69 69 69 69 68 67 67 68 69 70 69 69 71 74 78
    76 72 65 61 63 70 78 81 79 76 74 74 74 72 71 72 73 71 67 65 65 64 60
    54 52 54 58 63 68 71 69 66 63 66 72 76 77 77 76 76 77 77 72 68 65 63
    62 61 62 65 67 70 74 77 80 81 79 76 74 71 67 62 63 67 69 70 66 59 51
    46 46 50 54 56 57 60 63 68 73 77 78 75 70 69 72 76 80 80 79 76 73 67
    64 64 63 60 58 60 66 73 75 73 71 72 74 74 71 66 63 63 63 64 65 69 74
    76 72 65 61 64 68 69 67 66 66 65 61 56 55 57 59 59 61 64 66 62 57 54
    55 54 55 57 58 57 56 54 54 54 53 52 53 55 59 63 67 70 71 70 73 76 79
    78 76 75 71 63 58 59 62 65 68 71 71 68 64 64 66 70 73 72 68 62 58 59
    62 67 68 66 62 58 56 58 63 67 67 66 67 70 71 68 65 66 67 67 68 72 75
    77 74 71 65 57 50 49 51 52 49 46 48 55 63 67 65 60 55 55 57 59 63 66
    68 70 74 75 74 72 71 72 74 75 74 74 73 73 71 68 67 67 69 71 71 70 70
    72 75 77 74 66 57 54 58 66 74 76 74 72 74 78 82 81 80 79 78 74 68 65
    64 61 55 50 50 56 63 70 73 73 69 64 62 65 69 71 72 72 74 77 79 79 74
    68 62 57 54 54 55 58 60 64 69 76 82 85 84 81 79 77 73 68 67 68 69 69
    67 63 58 56 57 58 59 58 57 59 63 70 77 81 79 74 69 67 70 74 77 76 73
    69 66 62 61 62 62 59 57 60 67 74 75 73 70 71 72 71 70 66 63 61 60 60
    61 68 76 81 78 70 64 66 70 71 69 67 66 64 61 59 59 61 59 54 51 53 58
    60 57 56 58 58 57 57 55 52 52 54 56 57 55 53 51 52 56 59 64 70 70 69
    69 73 78 79 78 77 74 67 63 64 66 69 71 71 69 63 59 59 61 65 67 66 63
    58 54 55 59 63 65 63 59 56 57 60 65 69 68 66 66 71 74 72 69 69 69 68
    69 73 77 78 75 72 68 61 53 48 47 48 47 47 51 57 63 64 61 57 54 56 60
    63 65 66 67 70 74 76 75 74 73 73 75 74 74 75 76 75 73 70 68 68 69 71
    70 69 70 71 72 71 68 61 54 54 59 67 72 71 67 65 69 77 83 84 83 80 77
    71 67 65 62 57 51 47 50 58 67 75 78 75 68 62 58 60 63 65 64 66 70 75
    80 79 74 66 58 52 50 51 54 56 58 61 66 73 80 83 82 80 79 78 75 72 72
    72 72 72 70 67 65 65 64 63 62 60 59 60 64 70 77 80 76 70 66 64 67 70
    71 69 65 61 57 55 56 60 61 60 58 61 68 73 74 72 70 70 68 66 66 65 63
    61 60 60 61 67 76 82 82 75 70 69 71 72 70 69 69 66 64 62 63 63 59 51
    46 48 54 59 60 59 64 63 61 59 56 55 56 59 62 63 61 59 56 55 57 60 66
    72 73 71 70 73 78 79 77 77 76 72 68 66 65 68 71 70 65 58 55 56 59 60
    60 59 56 51 50 52 58 63 64 63 61 60 62 66 70 72 70 68 68 71 72 69 66
    65 66 67 69 73 76 77 75 73 71 66 57 51 49 51 52 52 55 59 61 60 57 55
    56 61 65 66 65 64 65 68 72 74 74 74 72 72 72 71 70 72 75 76 76 73 70
    67 66 67 67 69 71 71 69 66 64 60 57 59 64 69 71 67 61 59 63 71 78 80
    78 74 68 64 63 63 60 54 48 47 52 61 69 76 80 78 70 62 56 55 58 59 58
    59 64 71 76 76 71 63 55 51 52 56 60 62 63 65 67 71 76 77 75 73 73 74
    72 71 72 73 74 73 70 67 64 63 63 62 60 60 60 60 62 66 72 75 71 67 64
    63 63 64 65 64 62 57 52 52 55 60 62 61 60 62 68 72 72 71 70 69 66 64
    65 67 68 67 65 64 63 68 76 81 81 77 73 71 72 73 72 72 72 70 68 65 64
    63 58 51 48 50 56 62 64 64 66 64 62 60 59 60 62 64 67 68 69 68 65 61
    61 64 71 76 75 72 71 74 77 76 74 74 77 76 71 64 61 64 69 68 62 55 52
    55 57 58 55 53 50 48 49 53 61 67 67 66 67 68 70 72 72 72 70 69 70 71
    68 62 59 59 62 65 68 71 73 74 72 72 72 67 60 56 56 58 59 58 58 60 61
    60 58 58 62 67 70 68 64 61 63 67 71 73 74 74 71 70 69 67 66 68 72 75
    76 74 71 65 62 62 65 69 72 70 66 62 61 60 59 62 65 68 66 62 57 55 58
    64 70 73 71 66 59 57 60 62 59 52 49 50 56 63 68 74 78 77 70 62 55 54
    57 57 54 53 58 66 72 72 67 61 55 54 58 63 68 70 70 69 69 70 70 69 65
    64 65 67 67 66 68 71 72 70 65 60 56 55 56 56 56 57 57 56 55 58 64 68
    68 67 67 66 64 62 62 63 63 60 57 56 60 65 66 62 60 63 69 72 70 69 67
    67 66 65 67 72 75 74 71 68 67 70 74 78 78 76 74 72 72 73 72 72 73 72
    70 68 66 64 59 54 52 54 61 67 70 71 63 63 62 61 62 65 66 67 70 74 77
    77 71 65 64 68 74 77 75 72 71 73 75 73 71 74 78 78 71 62 57 59 64 66
    61 55 53 55 57 58 56 53 51 49 51 57 65 70 70 70 72 74 74 72 70 68 68
    69 70 68 63 57 54 56 58 62 65 68 69 69 70 70 68 63 59 60 64 65 64 62
    61 62 62 62 62 63 66 69 70 68 64 62 64 68 72 74 75 75 71 69 67 64 62
    64 67 70 72 72 69 65 61 61 64 69 72 70 64 60 59 58 57 59 61 62 59 56
    53 52 54 58 64 69 67 60 53 54 60 63 60 55 52 53 56 61 65 69 73 73 69
    62 57 57 60 59 54 51 55 65 71 71 66 61 59 61 64 69 74 75 73 71 69 68
    66 61 57 55 58 60 60 60 62 65 66 64 59 55 51 49 52 53 54 55 55 52 49
    51 58 65 69 71 72 70 66 64 64 66 68 67 65 65 67 70 69 64 62 66 71 74
    72 69 66 64 64 64 68 74 79 78 74 71 69 70 73 76 77 75 74 73 73 73 71
    69 69 69 70 71 72 70 65 59 55 56 62 69 74 76 56 58 60 62 65 67 69 70
    73 79 83 80 71 65 64 67 72 74 73 70 69 69 69 68 68 73 78 77 71 61 55
    56 60 64 63 59 56 56 59 62 62 60 57 54 55 59 66 71 72 73 74 73 70 66
    64 63 65 67 67 64 59 54 54 56 59 62 65 66 65 65 67 66 61 56 56 62 69
    71 68 65 63 63 63 64 65 67 67 66 66 66 65 65 67 71 73 74 75 74 71 69
    66 62 59 60 63 67 68 69 70 67 63 62 64 69 72 70 65 60 57 56 55 55 56
    57 56 54 52 51 51 54 61 66 65 58 52 54 61 65 64 59 56 54 54 57 60 64
    68 70 67 62 58 60 64 64 58 53 57 66 73 73 67 63 64 68 70 71 74 74 71
    68 67 65 61 55 50 49 51 55 56 55 56 59 61 61 57 54 49 48 51 54 56 57
    55 51 47 48 56 66 71 74 74 71 68 67 69 71 73 73 72 70 70 71 69 66 64
    68 73 76 76 73 68 65 62 61 65 72 78 76 72 68 68 69 72 75 76 75 72 71
    72 72 69 66 64 64 68 72 77 77 72 64 58 55 58 64 70 73 51 54 59 63 65
    66 68 68 72 78 81 77 67 61 61 64 68 70 70 67 65 63 62 61 63 69 73 74
    70 63 58 57 62 67 69 66 63 61 63 68 71 69 64 60 58 60 65 69 71 73 72
    69 65 61 60 61 62 64 64 61 58 55 56 58 59 63 65 64 60 58 61 60 55 52
    55 63 72 74 70 66 64 63 63 64 67 67 65 60 59 63 66 69 71 72 72 71 71
    70 69 69 67 62 59 59 63 67 69 70 72 71 67 64 64 67 69 70 66 60 55 53
    53 53 56 58 59 57 54 53 52 54 59 63 62 57 53 55 62 66 67 64 61 56 52
    53 56 60 64 66 65 59 56 59 66 69 65 59 60 68 75 74 69 66 70 74 73 70
    68 68 66 64 63 61 57 52 47 45 47 51 53 53 53 56 58 58 57 54 49 47 50
    55 59 59 56 52 48 50 59 69 73 73 70 68 68 70 72 75 76 75 74 72 70 68
    66 64 63 66 71 75 77 76 72 69 65 63 65 71 75 73 68 65 64 66 69 73 75
    72 68 67 69 70 68 65 62 63 67 73 79 80 76 68 61 56 54 56 61 64 52 55
    60 63 63 63 64 66 68 72 74 69 61 56 58 61 63 65 65 64 62 59 57 57 60
    65 68 68 67 64 63 64 68 73 74 72 68 66 68 73 76 74 67 60 58 59 63 67
    70 70 69 67 64 62 62 63 64 64 64 62 60 59 58 58 59 62 64 62 56 53 54
    55 53 53 57 63 69 70 69 66 64 63 64 65 66 65 60 53 54 60 66 71 72 72
    71 70 68 67 67 69 69 66 63 62 64 68 70 72 74 74 72 68 65 63 64 65 63
    59 53 50 53 56 60 63 63 60 57 56 57 59 62 63 60 56 55 57 62 66 67 67
    65 61 56 54 55 58 61 64 62 56 51 54 64 71 70 66 65 70 76 76 71 71 75
    78 75 67 63 62 62 60 60 58 55 52 48 47 47 50 52 52 53 55 57 57 56 53
    49 47 50 56 61 61 58 55 52 54 63 72 73 68 63 63 66 70 72 74 75 74 74
    72 69 66 61 59 58 62 67 71 74 73 72 72 71 69 68 70 72 70 66 63 63 65
    68 71 74 71 66 64 65 68 68 67 66 66 69 72 77 78 75 70 63 58 52 51 54
    56 56 58 61 61 60 60 63 65 66 68 68 64 59 56 58 60 62 61 60 60 59 57
    56 56 59 63 64 62 61 62 66 70 74 77 76 74 71 68 69 72 75 73 65 57 54
    56 60 66 68 67 65 66 67 68 69 71 71 69 67 64 63 61 60 59 58 60 64 62
    57 51 50 51 53 57 60 61 62 63 64 64 64 65 66 67 66 62 56 52 53 59 65
    69 69 67 67 67 66 64 66 70 73 72 68 65 66 68 70 72 73 74 72 68 63 59
    57 59 59 58 53 52 54 58 63 66 66 63 61 60 62 65 66 65 61 58 57 58 62
    64 65 67 69 69 65 60 57 58 61 63 61 54 49 51 61 70 73 71 69 73 77 77
    74 74 79 80 75 66 60 59 59 60 60 59 56 54 52 51 52 52 52 53 55 57 58
    58 56 53 50 50 52 57 61 61 60 59 57 59 66 72 70 63 57 58 64 68 70 72
    73 72 72 71 69 64 58 56 56 60 63 66 66 66 66 70 72 70 68 67 69 69 66
    64 64 65 67 70 72 71 67 64 65 67 67 68 69 72 73 72 73 72 69 65 61 57
    52 50 52 53 62 62 62 61 61 63 65 67 67 67 66 65 62 60 61 63 64 62 59
    57 56 55 56 58 63 67 65 59 56 59 65 71 75 76 75 73 71 67 67 69 70 69
    62 56 53 53 58 63 65 62 60 63 70 75 78 80 78 74 70 67 64 63 61 60 59
    62 67 68 63 55 48 48 53 59 62 60 57 58 61 63 64 66 68 67 65 61 57 55
    57 60 63 63 63 61 61 63 61 60 62 69 74 74 70 66 66 68 68 69 70 72 70
    66 60 53 51 53 57 59 58 59 61 63 64 65 65 63 61 62 65 67 68 67 64 60
    58 59 62 64 65 67 72 75 72 65 60 59 61 63 62 57 52 54 61 69 73 73 72
    74 76 76 73 73 77 77 73 65 60 59 59 61 63 63 60 58 58 58 57 55 53 54
    57 58 57 57 57 55 55 57 58 59 61 62 64 65 64 64 67 69 67 60 57 58 62
    65 65 68 69 69 69 69 68 62 57 56 58 61 61 60 58 57 59 65 68 68 66 67
    70 70 66 64 64 66 67 68 70 70 69 67 66 66 65 67 71 75 77 74 71 68 63
    59 57 55 52 51 53 54 64 64 63 64 67 70 72 71 69 67 68 69 69 68 69 69
    69 65 62 58 55 55 57 61 67 70 67 60 54 55 60 65 68 70 71 72 71 67 64
    63 64 65 62 59 57 56 58 61 61 56 54 59 68 77 82 83 81 76 70 66 63 63
    64 64 64 66 72 74 69 58 47 45 50 59 63 61 58 59 62 64 64 66 68 68 65
    63 61 61 61 61 61 61 61 61 61 61 59 57 59 66 72 72 69 66 67 68 66 66
    66 68 67 62 56 49 47 50 55 60 64 68 69 68 66 65 64 62 61 60 62 64 66
    68 66 63 60 59 63 66 66 68 73 76 73 66 61 59 63 67 68 65 61 60 63 66
    70 71 72 73 73 72 69 68 70 71 69 64 60 59 60 64 68 68 65 63 64 65 63
    59 56 57 59 58 56 56 58 60 63 66 64 62 63 66 69 70 69 66 64 64 61 59
    59 60 61 61 59 62 66 68 67 66 64 59 57 58 61 61 58 53 51 51 54 60 63
    65 67 69 72 72 68 64 64 67 69 70 70 70 69 68 66 64 64 65 70 75 76 73
    69 64 60 57 55 55 53 54 57 58 62 62 63 66 71 75 75 73 70 69 71 73 74
    76 78 78 75 70 66 63 59 57 59 65 70 71 68 61 54 52 53 56 59 63 67 71
    72 68 64 61 60 62 64 66 66 63 61 60 57 52 49 54 64 72 76 77 76 73 68
    64 62 64 67 70 70 71 74 74 67 56 45 42 48 58 64 65 63 63 65 63 61 61
    64 66 66 66 65 64 61 59 60 63 66 67 66 64 61 58 60 65 69 70 69 67 68
    67 64 62 62 64 63 59 54 49 47 48 53 59 65 71 72 70 68 67 66 64 61 59
    58 59 62 65 66 64 60 59 63 66 68 69 72 74 69 63 58 58 63 71 74 73 68
    66 64 64 65 67 70 71 69 66 62 61 64 66 66 64 62 61 62 67 72 72 68 65
    66 67 66 63 62 62 62 59 54 54 57 63 69 71 68 65 66 69 72 73 70 66 61
    58 55 56 59 61 62 59 56 60 67 70 70 66 63 59 59 62 63 60 55 50 49 50
    53 58 63 68 71 73 73 71 67 65 67 70 72 71 68 66 65 64 62 61 62 64 68
    71 72 69 66 63 60 59 58 58 57 59 61 62 59 60 62 66 72 76 75 72 69 70
    72 74 75 79 82 84 80 74 71 68 65 62 63 67 71 72 70 64 57 53 51 53 56
    61 66 71 73 70 65 60 58 61 67 74 76 73 66 60 55 50 48 51 59 64 65 67
    67 67 65 63 63 66 69 73 74 74 74 69 62 52 44 43 51 61 68 69 67 66 64
    59 55 55 60 65 67 67 66 64 60 59 62 68 73 73 71 69 66 63 63 65 66 66
    66 67 68 65 62 59 59 61 61 59 57 53 50 49 52 57 63 68 71 71 71 70 69
    66 62 58 56 56 58 61 63 64 61 59 61 64 66 68 70 69 64 59 56 57 64 74
    79 76 71 67 63 62 62 64 67 68 66 62 58 57 60 64 66 67 65 63 65 71 74
    72 66 63 63 65 65 66 67 67 65 59 53 52 56 63 70 72 69 66 66 68 70 71
    71 68 61 55 51 51 56 62 65 63 60 62 69 74 74 70 65 63 63 66 65 61 56
    53 53 54 56 61 67 73 76 74 69 65 64 66 70 72 73 70 66 63 61 60 59 60
    62 65 68 70 69 67 65 64 64 65 65 65 64 65 67 67 57 58 60 63 66 69 70
    70 68 69 71 71 71 75 81 84 81 75 72 71 70 67 67 69 71 71 70 67 60 54
    53 56 60 64 68 72 73 70 63 57 55 58 67 77 81 78 71 63 58 53 51 53 58
    60 59 59 60 62 64 63 63 64 67 70 72 72 70 64 58 52 48 49 56 65 69 68
    66 65 62 56 51 51 56 61 65 66 65 63 60 61 66 72 75 74 72 71 70 67 66
    63 61 60 61 63 66 65 62 61 59 58 58 60 60 58 54 52 54 58 62 65 67 70
    73 73 70 65 61 57 55 55 56 59 62 64 62 60 60 61 64 66 66 63 58 56 56
    60 68 77 79 74 68 64 62 63 62 62 63 63 62 59 56 56 59 64 68 70 68 66
    69 73 74 69 61 57 58 60 63 65 67 68 66 62 57 55 58 64 69 71 68 66 64
    63 64 68 72 71 64 55 49 49 54 62 68 70 66 66 70 76 78 74 70 67 66 67
    66 63 61 59 60 61 64 69 74 78 77 71 63 58 60 66 71 72 70 66 62 59 58
    58 59 62 66 69 71 72 70 67 66 66 68 71 72 72 70 69 69 69 56 57 58 57
    57 60 65 68 68 67 67 66 65 68 74 79 79 74 71 72 72 71 69 69 71 72 71
    67 61 57 58 63 67 70 71 73 73 69 62 55 53 55 63 73 78 76 71 66 63 58
    56 57 61 62 60 58 58 61 64 64 63 63 64 66 68 69 68 64 60 58 56 57 61
    66 66 64 62 61 60 55 50 49 52 56 60 62 62 61 61 64 68 72 72 69 68 68
    69 66 64 59 53 51 53 58 64 66 65 62 58 55 56 61 63 61 56 56 60 63 64
    64 65 68 72 73 70 63 59 57 56 56 56 59 63 66 65 63 62 62 64 64 62 59
    55 56 59 66 75 80 78 70 63 61 62 64 64 62 61 61 61 60 58 57 61 65 70
    72 71 69 70 73 71 64 56 52 53 57 61 63 64 64 63 61 59 60 61 65 67 68
    68 65 61 56 57 64 72 74 66 57 53 53 58 65 71 74 70 67 69 73 76 75 71
    67 66 66 65 64 64 64 64 65 69 75 80 80 77 70 60 54 57 63 68 68 64 60
    57 55 56 59 65 69 71 72 73 74 72 70 69 70 72 74 74 73 71 69 68 68 59
    59 57 53 50 54 62 68 69 66 64 63 62 63 67 72 72 68 67 68 70 70 69 70
    72 73 72 68 64 62 65 70 73 74 73 73 71 67 61 55 52 53 59 68 72 70 68
    67 67 63 59 60 64 66 63 58 57 60 64 65 64 64 65 66 66 67 67 67 66 64
    62 63 64 65 64 61 61 61 61 58 53 49 49 51 54 56 56 57 59 63 66 69 68
    65 64 65 66 65 61 54 47 44 48 57 66 70 68 63 57 54 56 61 64 61 58 60
    65 67 67 66 66 68 71 72 68 62 57 56 57 58 58 61 65 69 70 68 66 65 66
    65 62 58 55 56 62 71 79 82 77 66 59 58 60 64 64 63 61 62 65 65 65 64
    65 67 71 74 73 70 70 70 68 61 53 50 52 57 62 65 64 61 58 57 60 63 66
    66 66 68 69 67 60 52 52 61 71 74 67 60 58 59 62 65 69 72 70 67 67 70
    73 73 70 68 66 65 63 64 66 66 64 64 67 74 79 79 76 70 62 57 57 60 62
    61 58 56 53 50 53 61 71 76 75 73 72 72 72 72 73 74 73 71 69 68 66 64
    63 63 60 60 57 52 49 53 62 69 70 68 67 66 65 63 63 64 63 61 61 64 66
    67 67 68 71 73 72 69 68 68 71 74 76 75 73 71 69 65 61 57 54 55 60 68
    70 67 64 66 68 66 62 62 65 66 62 56 54 57 64 66 66 67 67 66 65 64 66
    68 68 67 65 66 66 66 65 64 65 65 63 60 55 51 49 49 51 51 50 51 52 55
    60 64 66 66 66 66 66 65 63 57 51 48 52 62 71 74 70 63 56 54 57 62 63
    61 60 64 69 70 69 68 68 68 69 69 65 59 55 55 59 61 62 65 68 72 73 72
    69 68 69 67 64 59 55 55 61 71 80 82 75 64 57 55 58 63 64 64 64 66 71
    74 73 71 69 68 70 73 72 69 68 67 65 60 53 51 54 61 67 69 66 61 57 57
    61 66 69 68 67 69 72 71 62 53 52 60 70 72 67 63 64 64 62 60 62 65 66
    65 65 68 71 73 74 73 71 67 62 62 63 63 60 58 60 67 74 76 75 71 67 63
    61 61 60 58 55 53 49 47 51 62 73 77 74 70 68 67 67 70 74 75 69 64 61
    62 62 60 60 60 57 57 56 53 52 55 62 67 68 69 70 73 72 68 64 59 56 56
    58 62 64 64 64 65 68 70 70 70 72 75 77 78 78 75 72 69 67 64 61 58 57
    58 64 70 70 65 61 63 66 67 65 64 66 65 59 52 50 54 62 66 67 68 67 65
    63 64 66 68 68 67 67 68 69 69 69 71 72 69 63 58 55 54 54 54 55 53 49
    46 45 48 53 59 66 69 68 67 67 68 69 67 63 60 64 70 76 76 71 64 59 58
    60 64 65 63 63 67 69 68 66 67 68 69 70 69 64 57 52 54 60 65 68 70 71
    72 72 71 69 69 70 68 65 60 55 55 60 71 79 80 73 62 55 53 56 61 64 65
    65 69 73 77 78 73 67 63 64 68 69 66 64 63 62 59 54 52 56 64 70 71 67
    62 58 58 63 69 72 72 71 71 73 72 64 56 55 62 68 70 68 66 66 64 58 53
    53 57 61 63 65 67 71 75 80 81 78 71 63 59 58 57 55 53 55 63 71 75 75
    73 70 69 67 64 61 56 52 48 45 44 49 59 69 72 69 66 64 63 63 67 73 71
    64 58 58 61 62 61 60 60 51 53 56 57 58 60 62 64 63 65 69 74 76 73 66
    58 54 54 57 62 64 63 62 62 64 66 67 70 75 78 78 77 74 72 69 67 65 62
    60 60 60 62 67 71 70 65 62 62 66 68 67 67 67 64 58 51 49 53 61 66 67
    66 64 62 63 66 69 69 67 65 66 69 71 72 74 78 79 74 65 58 56 58 62 62
    61 57 51 44 42 44 50 58 66 70 69 67 68 71 76 77 75 73 74 76 78 78 74
    69 65 63 63 65 68 69 68 66 64 61 59 62 67 71 73 73 68 59 52 52 59 66
    70 71 68 67 67 66 66 66 67 65 61 56 52 52 58 68 75 75 69 59 53 52 55
    60 64 66 65 66 68 73 76 71 63 57 57 61 63 61 57 56 58 57 55 53 56 63
    69 70 67 64 61 61 66 71 74 74 72 70 71 70 65 60 60 64 68 70 69 67 65
    59 51 45 44 50 56 61 65 67 71 76 81 84 82 74 64 58 57 58 56 55 58 65
    73 76 76 74 73 73 71 67 62 56 50 46 43 43 49 57 63 64 63 63 63 61 60
    65 70 69 61 56 59 64 66 64 62 61 49 51 56 60 64 66 66 62 59 59 64 70
    73 73 67 60 56 56 59 63 65 63 61 60 60 61 63 69 76 78 75 71 67 66 67
    66 64 61 60 62 63 64 66 68 67 65 63 64 68 70 70 69 67 63 58 53 51 53
    60 64 64 63 59 58 62 67 71 70 65 61 63 69 73 74 76 80 81 77 68 61 60
    62 65 66 64 60 53 46 44 47 54 60 66 69 68 68 71 76 81 83 82 79 76 75
    75 76 75 73 68 63 61 64 69 73 71 66 59 53 50 54 61 69 74 75 70 60 53
    53 60 67 69 68 63 61 62 62 62 62 62 59 55 50 48 50 56 63 67 67 63 56
    52 52 54 59 64 66 64 61 61 66 71 67 59 52 51 55 58 56 51 49 52 56 56
    56 58 63 68 69 67 64 62 62 66 69 72 72 69 66 65 65 64 62 64 67 70 71
    69 66 61 54 47 40 40 46 52 58 63 66 69 72 76 78 78 71 63 59 60 63 64
    63 64 68 73 75 74 71 70 71 70 67 62 57 51 47 44 46 52 58 61 61 61 63
    63 61 60 64 69 67 61 57 60 67 70 69 65 64 51 53 56 60 66 71 71 66 59
    56 59 65 68 70 68 65 62 61 63 65 65 62 61 61 60 61 62 68 75 78 73 66
    61 62 66 66 63 60 60 62 62 62 62 64 64 63 62 65 69 71 70 68 65 61 58
    56 55 56 60 63 63 61 58 58 62 67 71 69 62 58 60 66 71 73 75 79 80 76
    70 64 62 63 63 62 60 57 53 48 48 53 59 64 67 67 68 71 76 81 84 84 81
    76 72 69 69 70 72 71 68 62 59 62 67 72 72 65 56 47 44 47 55 64 73 75
    69 60 53 55 61 67 67 64 59 58 61 63 62 60 58 55 50 47 46 50 55 58 59
    59 57 54 52 52 53 56 62 65 62 58 57 61 67 65 57 49 48 52 56 53 47 45
    48 53 55 57 60 64 67 68 67 63 61 60 63 66 69 69 66 62 61 62 63 65 69
    72 73 71 68 64 58 52 46 42 43 48 52 57 60 63 65 66 67 67 67 64 60 61
    65 70 71 67 65 65 67 68 67 65 63 64 64 64 62 58 54 50 48 50 55 61 63
    63 62 63 64 62 60 62 66 66 61 58 61 68 72 70 65 63 56 56 57 60 66 73
    74 68 59 54 55 59 63 67 68 68 68 68 68 67 64 60 59 60 61 62 63 67 74
    77 72 64 59 61 65 66 63 58 57 57 55 54 55 59 63 62 62 65 68 68 66 63
    58 56 54 55 57 59 62 64 64 62 61 61 63 65 66 66 62 59 60 63 66 69 72
    76 76 73 68 64 62 60 56 54 54 54 52 50 51 56 62 65 65 64 65 71 77 80
    79 76 72 68 64 62 62 64 66 66 65 62 59 60 64 69 70 64 55 46 41 43 50
    60 69 70 64 56 52 56 62 66 65 62 59 60 63 65 63 60 57 54 49 46 47 51
    54 55 54 55 55 55 54 52 51 53 59 62 61 58 56 59 64 62 56 50 50 54 57
    52 46 44 46 50 52 56 60 63 67 69 67 63 59 58 59 62 65 66 64 61 60 61
    64 68 74 77 75 69 63 58 54 49 45 44 47 52 56 58 60 61 61 61 60 58 57
    56 58 63 71 76 74 67 59 56 57 60 60 57 54 54 57 61 62 60 56 54 54 55
    59 64 66 64 62 63 64 63 60 61 64 65 63 60 62 67 71 68 62 59 59 60 59
    60 63 67 69 64 55 49 50 54 58 63 68 71 73 75 74 71 65 60 59 60 62 64
    65 67 73 77 74 67 61 62 66 66 63 58 55 52 49 48 50 56 62 63 63 64 65
    64 61 56 52 49 48 50 55 59 63 65 65 64 64 63 61 60 61 63 63 62 61 61
    61 63 68 72 71 69 65 61 58 54 51 51 53 54 54 53 55 58 61 62 60 59 61
    68 72 72 68 64 63 62 60 61 61 62 61 61 62 61 61 60 60 63 66 63 56 48
    43 43 48 56 63 63 58 53 51 55 61 65 65 63 61 63 65 65 64 62 60 57 51
    47 49 53 57 57 55 56 59 60 59 55 50 49 53 57 59 59 58 59 62 62 59 56
    58 61 60 54 48 46 47 49 50 53 56 60 66 69 68 65 61 58 57 57 60 63 64
    62 61 62 65 69 75 77 72 65 58 54 51 48 46 48 52 57 60 62 62 61 59 58
    56 55 54 53 57 65 75 78 74 63 53 49 50 55 56 53 48 47 52 58 61 58 54
    54 56 59 61 64 66 63 60 60 63 63 62 62 64 64 61 59 60 64 67 64 58 56
    60 61 62 61 60 60 60 56 50 47 48 52 57 62 66 70 75 78 77 74 69 65 63
    62 64 66 67 67 70 74 74 69 63 62 63 64 64 60 55 51 48 49 51 57 64 67
    66 64 63 61 58 53 49 45 42 44 50 56 61 63 63 63 62 61 57 55 56 61 64
    65 64 60 58 59 62 66 67 66 64 61 58 55 53 54 56 56 56 57 59 60 60 59
    58 56 58 63 65 62 56 53 56 61 63 65 65 64 61 58 58 61 62 60 58 59 62
    61 58 52 49 48 51 56 61 61 58 54 52 54 58 62 63 62 62 64 65 65 65 66
    65 62 55 50 52 56 59 59 58 61 66 70 68 60 52 48 48 53 59 62 62 61 63
    64 64 65 67 68 64 57 52 51 52 52 51 52 55 59 65 70 71 69 65 59 54 51
    55 61 65 65 62 62 64 67 71 72 68 62 57 54 51 49 50 55 60 63 64 65 65
    63 61 59 58 57 55 54 56 65 73 76 70 60 49 44 47 53 55 52 48 47 51 57
    60 57 52 52 55 59 61 63 64 61 59 59 63 66 66 65 64 61 56 53 55 58 59
    58 54 53 61 64 67 66 62 58 57 54 51 51 54 59 62 62 63 65 71 76 77 76
    75 72 69 66 65 66 67 66 67 70 70 67 63 60 59 61 63 63 60 55 52 52 54
    61 68 71 69 65 62 60 57 54 49 45 42 43 49 55 58 59 58 58 58 57 54 52
    55 61 66 68 66 62 59 57 57 59 60 63 65 66 64 61 60 61 60 59 58 60 61
    62 61 59 57 55 55 56 56 52 48 49 57 65 69 70 70 68 64 60 58 60 62 61
    58 56 58 60 60 59 57 57 58 61 65 66 63 59 55 55 57 61 63 63 64 66 66
    65 65 67 68 65 59 55 56 59 63 64 63 65 72 78 75 66 56 49 48 52 60 66
    66 63 61 63 66 71 73 72 66 60 57 58 58 58 57 58 61 64 68 71 74 73 67
    60 52 49 53 62 68 68 64 62 62 63 66 66 65 62 59 55 52 53 58 65 69 69
    67 66 67 67 67 65 63 62 58 55 56 61 67 68 64 57 49 44 45 51 54 54 53
    52 55 59 61 59 54 52 54 58 59 59 61 60 59 60 66 71 72 70 66 60 53 49
    49 51 52 52 51 50 63 66 70 70 67 63 61 59 58 60 66 71 70 64 58 57 61
    67 72 76 78 77 74 70 68 67 66 66 66 67 67 64 61 57 54 56 59 62 62 59
    56 55 58 65 72 74 72 66 61 58 56 55 52 49 46 47 52 56 56 54 53 54 56
    55 53 52 56 63 68 69 65 61 58 56 53 52 53 59 66 71 72 69 66 65 63 60
    58 58 59 60 60 58 57 55 52 52 50 48 47 53 64 72 74 72 71 71 69 65 62
    61 62 61 58 55 57 61 64 65 64 63 64 68 72 74 71 64 59 58 60 65 68 68
    69 70 70 66 64 65 66 66 63 60 61 63 67 68 67 68 73 79 78 69 59 52 51
    55 65 74 75 67 60 59 65 73 75 73 67 63 62 62 62 62 63 67 71 72 71 70
    71 72 68 62 56 53 59 67 72 71 66 63 62 62 63 63 63 62 59 57 56 58 65
    72 76 75 71 69 70 73 74 73 69 63 57 52 52 55 57 58 58 55 50 45 45 50
    56 60 60 58 58 60 62 62 58 55 55 58 57 56 56 57 58 61 68 74 75 72 67
    60 54 49 48 48 48 48 49 50 64 65 67 69 69 67 66 65 67 71 76 80 77 67
    57 50 51 56 63 72 77 76 73 70 68 68 68 69 69 68 66 62 58 53 50 50 54
    59 61 60 59 60 64 70 75 76 73 66 59 55 54 56 55 54 53 55 59 59 54 48
    46 49 53 54 53 52 56 64 69 69 64 60 59 58 54 49 50 57 68 75 75 71 66
    66 66 62 58 55 55 57 59 57 56 54 51 50 50 50 52 60 71 75 74 70 69 71
    72 69 65 61 61 61 59 58 62 68 71 70 67 65 65 69 73 77 75 68 61 60 64
    69 72 73 74 74 72 68 63 61 61 62 63 64 65 67 69 69 69 68 71 74 73 66
    59 54 54 60 72 83 84 75 62 57 62 70 73 70 66 63 62 60 58 59 64 71 78
    79 74 70 69 70 70 68 65 64 68 73 75 72 67 64 64 64 63 61 60 59 58 56
    56 59 65 71 75 75 73 72 74 77 79 77 71 62 54 48 47 49 51 53 54 55 51
    46 46 51 59 66 67 62 58 57 59 62 62 59 59 60 57 54 52 53 56 59 65 71
    74 73 69 64 60 56 52 50 50 52 53 54 61 62 61 62 64 66 67 69 72 76 80
    82 80 71 60 51 48 51 59 69 75 73 68 65 66 69 71 73 73 71 69 64 60 54
    49 48 51 56 59 59 59 62 67 73 76 76 72 62 53 49 52 56 58 59 61 65 67
    63 53 44 41 44 49 52 52 52 56 63 68 69 64 61 60 60 57 53 52 58 68 75
    74 68 64 65 68 66 60 55 54 57 59 57 55 52 51 51 52 53 57 65 72 73 69
    65 65 69 72 71 66 60 58 59 59 61 67 74 77 74 68 64 62 64 68 72 72 67
    62 61 65 70 73 74 74 74 72 68 64 60 57 58 60 63 66 68 68 67 67 65 63
    65 65 63 60 58 59 66 77 88 89 80 67 59 60 64 67 66 64 62 58 54 51 53
    60 70 79 81 77 72 69 71 74 75 74 73 74 75 74 70 66 63 64 65 63 60 57
    57 56 56 56 58 62 66 70 71 70 72 75 77 77 74 69 60 53 48 47 49 53 56
    57 56 52 48 48 54 63 72 73 66 57 52 54 60 63 63 63 65 61 54 50 50 52
    54 59 64 70 72 71 69 66 63 59 57 57 58 59 58 58 57 54 55 58 62 66 69
    73 76 77 78 77 73 67 60 56 57 63 71 75 71 63 60 63 69 74 76 76 74 73
    70 65 59 54 52 53 55 56 56 57 61 67 71 74 75 71 62 52 48 52 58 62 64
    68 73 74 67 56 46 41 44 50 54 55 55 57 64 69 69 65 62 61 61 60 58 58
    62 69 73 70 65 61 63 68 69 65 61 59 61 62 59 55 50 49 51 54 58 62 68
    71 68 64 62 63 66 70 71 67 62 59 59 61 64 71 77 79 74 67 62 60 60 61
    64 66 65 61 60 63 67 70 71 70 68 67 66 65 61 58 56 57 60 63 64 63 61
    60 58 55 56 60 64 65 64 64 69 78 86 88 82 72 65 62 62 63 63 64 63 58
    53 50 52 60 69 76 78 76 74 72 75 79 81 79 75 73 72 70 66 63 62 63 63
    61 58 56 56 57 58 58 59 60 62 65 66 66 70 72 72 70 67 63 57 54 52 52
    56 60 63 62 57 51 46 48 55 67 77 79 71 59 51 51 57 62 63 66 68 65 58
    52 50 50 51 53 59 65 70 72 70 68 66 63 62 63 63 62 61 53 52 49 49 53
    59 65 70 74 74 72 71 72 73 73 70 67 66 68 73 76 71 62 57 60 68 74 76
    76 76 76 74 71 66 62 61 61 59 56 54 53 56 61 65 68 70 68 61 53 50 55
    61 65 67 71 75 76 70 60 51 48 51 58 61 60 59 60 64 67 67 64 63 62 62
    62 62 63 65 69 71 69 64 58 59 65 69 70 68 67 67 67 63 57 50 48 51 55
    60 66 70 69 64 61 60 62 64 68 70 70 68 65 64 62 63 68 73 74 69 63 60
    61 61 60 61 63 64 61 59 60 62 64 65 64 61 60 62 64 63 59 56 55 56 57
    57 55 53 52 50 48 51 59 70 74 72 69 70 75 80 83 80 74 69 65 63 63 65
    67 67 63 58 55 57 62 68 71 72 72 73 75 78 82 82 78 71 67 65 64 63 63
    64 63 62 61 60 58 57 58 60 61 62 62 62 64 66 66 68 69 66 63 61 59 58
    58 58 60 64 68 69 66 58 49 45 47 55 66 76 80 75 64 55 52 54 58 61 66
    70 68 62 55 50 48 49 53 58 64 69 70 68 65 65 65 67 69 67 63 61 46 45
    45 47 52 58 65 70 74 73 71 69 69 72 74 74 72 70 68 70 74 72 65 58 59
    65 71 74 74 75 77 76 74 72 71 70 68 63 57 52 49 49 52 55 58 61 61 57
    54 54 60 66 68 69 71 73 72 68 63 57 57 62 68 69 66 63 62 64 65 64 64
    64 65 65 64 65 65 64 67 70 69 65 58 56 60 65 69 71 70 69 67 64 58 51
    48 51 55 60 66 70 68 63 60 61 63 64 66 69 73 74 72 68 62 57 59 64 65
    61 56 57 62 65 64 63 65 67 65 61 59 57 59 60 60 57 56 59 62 61 58 55
    55 55 54 53 51 48 48 48 47 51 61 74 80 78 72 70 72 75 78 76 73 69 67
    67 68 70 71 70 69 66 65 65 67 68 68 67 67 71 76 80 82 79 71 64 60 60
    61 62 65 66 65 65 66 66 63 60 58 60 63 65 66 65 66 67 69 69 67 63 60
    60 61 61 62 63 64 66 70 71 70 62 53 48 49 56 64 71 75 75 69 61 54 52
    54 58 63 67 67 62 55 48 45 48 55 61 65 66 66 64 63 63 65 69 71 68 64
    61 44 45 47 51 55 59 63 68 72 73 72 71 70 71 71 70 69 66 63 64 68 71
    66 60 59 64 69 71 71 72 74 74 73 73 74 75 73 68 61 55 50 46 46 47 51
    54 55 55 55 58 63 68 70 71 70 68 66 63 61 61 65 71 75 73 67 63 62 63
    64 64 65 68 70 69 67 66 64 63 66 70 70 66 59 54 54 60 66 69 69 66 63
    59 55 51 50 54 56 58 63 66 65 61 60 63 66 66 66 67 70 74 74 69 60 52
    51 57 60 57 53 55 61 66 65 65 68 72 70 64 58 55 57 60 60 57 54 56 58
    55 52 51 53 55 55 55 51 48 49 51 53 55 61 72 80 79 74 71 72 74 75 74
    70 66 65 68 73 76 75 73 72 73 73 73 72 71 69 67 67 71 75 79 78 72 64
    56 55 58 61 64 67 68 69 70 72 71 67 62 59 60 63 67 68 67 67 69 71 70
    66 62 61 63 64 64 64 63 62 64 68 71 73 69 61 55 54 58 63 66 69 70 69
    63 57 53 53 55 59 63 64 60 52 46 43 48 57 64 66 65 63 62 61 63 65 69
    71 70 67 66 51 52 56 61 63 63 63 66 69 73 74 72 71 70 67 65 64 62 59
    59 62 64 61 56 57 63 68 68 67 68 70 70 69 70 72 74 75 73 68 64 58 53
    48 47 49 51 53 55 56 59 62 66 70 72 71 67 61 57 56 61 68 75 76 71 64
    62 61 63 66 67 68 70 71 70 68 66 63 63 65 68 68 65 59 52 51 55 60 64
    65 61 55 52 50 51 55 60 61 59 59 60 61 60 60 65 69 69 66 62 62 65 67
    65 58 50 49 55 61 60 56 57 60 64 64 66 71 75 73 66 58 55 58 63 63 59
    55 56 55 49 45 45 50 56 60 61 58 54 54 57 59 59 60 67 74 77 78 77 76
    75 74 70 65 60 60 66 74 78 76 73 72 74 76 76 74 71 70 68 68 70 72 74
    72 66 58 53 54 58 62 65 67 69 71 74 76 75 70 65 61 62 64 68 70 69 68
    68 70 70 66 63 62 63 64 65 64 61 58 58 62 68 73 72 66 60 58 62 67 68
    67 66 65 63 59 56 56 56 58 61 62 59 52 45 43 48 57 64 67 65 63 61 62
    65 67 70 71 71 69 69 63 65 68 70 69 65 63 65 69 75 76 73 69 66 63 60
    59 57 56 56 57 56 52 48 52 60 65 64 63 63 65 66 65 64 66 70 74 74 73
    72 68 62 56 52 53 55 57 59 60 61 63 66 69 72 72 67 60 53 53 59 68 74
    73 66 60 59 60 65 70 72 71 70 70 68 66 65 62 61 63 64 62 60 56 51 49
    51 55 58 59 55 48 45 47 53 61 66 66 61 58 58 60 61 61 64 68 68 64 58
    54 55 58 59 56 52 54 60 67 67 62 60 61 64 66 68 72 75 74 69 62 59 62
    66 66 62 58 58 56 49 43 44 51 59 66 69 66 61 60 63 64 63 61 63 68 74
    80 81 78 74 70 64 58 54 55 63 73 77 76 72 72 75 77 76 74 70 66 65 66
    68 69 68 66 61 57 54 56 61 63 63 64 66 70 75 78 76 71 66 64 64 66 69
    71 71 67 64 65 66 65 65 64 63 64 65 66 62 56 54 56 62 68 70 66 60 60
    65 71 71 67 62 60 60 61 60 59 58 58 61 63 61 54 48 46 50 58 65 68 66
    62 60 62 67 71 73 72 70 69 69 70 71 73 73 70 65 63 65 70 75 76 71 66
    61 57 53 51 50 51 54 55 53 47 45 49 57 62 61 60 60 61 63 62 61 62 67
    72 74 74 75 73 69 64 60 59 60 62 64 66 68 68 68 68 69 71 67 60 54 53
    58 66 70 68 62 57 55 57 64 71 73 72 68 67 67 66 64 62 62 63 61 57 54
    51 50 49 50 51 52 53 51 46 44 48 56 64 68 67 61 57 57 61 64 63 63 65
    66 63 57 52 51 52 54 54 56 62 69 73 70 63 61 64 69 71 71 71 71 71 69
    65 63 65 68 68 64 62 62 61 54 49 49 54 63 70 74 72 67 66 68 69 67 64
    63 66 74 81 82 77 71 64 57 51 49 52 61 70 75 75 73 72 74 75 74 71 65
    60 58 60 63 65 64 61 59 58 58 60 62 61 60 60 63 69 75 79 77 73 68 66
    65 66 68 71 71 65 60 59 61 66 69 69 67 68 70 71 67 58 53 52 57 63 66
    64 61 61 67 72 72 67 61 59 60 63 64 62 59 59 63 66 65 59 52 50 53 59
    65 67 64 59 57 61 68 75 77 74 70 69 69 67 68 69 70 66 62 62 65 69 72
    72 67 62 57 52 47 43 42 46 52 57 56 52 49 52 58 62 60 59 60 62 65 63
    59 60 65 70 71 70 71 71 71 70 67 65 63 64 67 71 75 75 71 67 67 70 69
    63 57 56 58 64 66 64 59 55 53 54 60 68 72 72 69 68 67 65 63 62 64 65
    61 55 50 49 49 49 49 48 49 50 50 48 47 51 58 65 67 65 58 53 53 59 65
    66 65 65 64 63 60 56 55 53 52 53 59 68 74 73 66 58 57 64 72 75 71 67
    65 66 67 65 64 66 70 70 67 66 67 67 63 58 57 60 65 71 74 74 70 69 69
    69 68 65 64 68 76 83 82 75 67 60 53 48 48 52 60 67 72 74 74 72 71 71
    69 65 60 54 51 54 59 61 61 59 60 61 61 62 61 59 58 59 63 68 75 78 76
    73 70 69 68 67 68 71 70 65 57 54 58 66 74 76 74 75 77 79 75 64 55 52
    55 60 65 64 62 62 66 70 70 67 63 63 65 67 68 65 61 60 63 68 70 65 58
    54 55 60 65 65 61 57 56 61 70 77 79 75 71 71 71 61 62 64 65 64 63 64
    66 68 68 65 61 58 56 53 46 41 39 43 52 59 61 59 57 58 61 63 61 60 61
    64 67 64 61 60 63 66 65 63 63 64 68 72 73 71 66 64 66 71 78 80 74 67
    67 70 70 65 61 60 62 65 65 64 61 57 55 55 59 66 70 72 71 70 67 63 62
    63 66 66 62 55 51 50 50 49 48 48 49 52 54 52 50 52 57 63 66 63 56 50
    50 56 64 68 68 66 63 62 61 60 59 55 52 54 61 69 71 66 57 51 54 64 73
    74 69 62 59 60 60 60 61 66 70 70 68 68 70 72 69 65 62 62 65 67 70 72
    70 69 68 67 66 64 65 71 80 85 83 75 67 62 56 52 52 56 61 64 68 72 73
    70 67 65 63 60 58 53 49 51 56 59 59 58 58 60 62 62 61 60 60 61 63 67
    73 76 74 71 70 71 70 69 70 71 70 64 56 52 54 64 73 78 79 80 82 83 79
    69 60 55 56 61 65 65 63 63 65 68 68 67 66 67 71 73 73 68 63 60 61 66
    70 69 63 59 58 62 67 66 62 58 57 61 69 75 77 75 74 75 75 57 57 59 61
    63 64 65 66 65 62 57 55 55 57 56 50 45 43 45 52 59 63 63 62 63 65 64
    62 62 64 67 68 67 64 63 63 62 59 56 55 58 64 71 75 74 68 64 63 67 75
    78 74 68 68 71 71 67 65 65 67 68 68 67 66 63 61 60 62 64 66 68 70 70
    66 62 61 63 66 65 60 56 53 52 50 47 47 48 51 55 57 56 52 50 54 60 65
    64 58 51 50 54 62 68 69 68 64 61 60 60 59 55 52 54 60 65 64 59 51 49
    55 64 71 72 67 61 57 55 53 53 58 65 70 68 66 67 71 73 72 68 64 63 63
    64 67 71 70 69 68 67 66 66 70 76 83 84 81 75 70 68 64 60 58 59 61 63
    67 71 71 68 65 62 59 57 56 53 51 51 52 54 54 54 55 57 60 62 63 63 63
    61 61 63 69 74 72 69 68 69 70 70 71 72 70 64 56 50 51 58 68 75 78 79
    80 80 78 72 66 61 59 61 65 68 67 65 65 66 68 69 68 70 74 77 75 71 65
    60 59 61 66 69 66 62 61 63 68 69 65 61 58 60 65 70 72 72 72 74 75 59
    59 58 59 61 62 62 62 58 55 52 52 55 58 58 53 49 48 51 55 60 64 65 66
    68 71 69 67 66 67 68 68 67 67 66 64 62 58 54 52 54 60 68 73 72 68 64
    62 63 68 71 68 65 66 69 70 69 69 70 72 72 70 70 69 68 68 68 67 64 61
    61 63 66 64 60 59 59 61 59 56 54 53 51 47 43 43 47 52 58 61 59 53 49
    51 58 65 67 63 57 55 56 61 66 69 69 64 59 58 58 57 54 52 55 59 62 59
    54 51 53 59 66 70 70 67 63 58 54 49 51 57 65 68 64 61 65 71 75 74 70
    67 66 64 64 68 71 70 69 68 68 69 71 74 109 125 69 96 87 46 125 50 96
    29 74 68 77 88 120 114 118 65 82 57 59 62 19 25 72 77 12 29 64 12 52
    93 30 92 97 9 21 83 49 76 74 47 119 13 35 74 42 60 106 94 43 8 33 12
    39 111 53 65 71 30 19 23 43 95 119 63 62 65 69 70 68 65 66 68 70 70
    71 73 75 74 71 67 61 56 56 60 65 67 66 63 64 69 71 69 64 59 58 62 65
    66 66 67 69 69 63 62 61 59 59 59 60 58 54 52 52 55 58 60 59 55 53 53
    57 60 63 64 65 67 71 75 74 70 67 66 65 64 64 66 66 65 66 63 59 55 55
    60 65 69 70 68 66 64 63 64 64 61 60 61 64 68 71 73 75 74 72 70 69 68
    68 70 71 69 64 57 54 55 60 62 59 56 53 53 52 52 52 53 50 45 41 42 47
    54 60 64 62 56 52 53 58 64 67 66 63 60 58 60 64 67 67 62 58 57 57 56
    54 53 56 59 59 56 53 53 58 62 66 67 67 67 64 59 53 49 50 56 62 63 59
    58 65 73 77 76 72 70 69 68 67 69 70 69 67 67 68 70 72 74 82 92 20 65
    79 31 76 56 85 24 34 30 47 55 17 9 35 119 127 14 46 30 39 62 44 10
    20 25 32 55 2 60 111 125 102 125 50 38 32 42 107 123 15 23 54 98 5
    69 6 105 87 93 29 16 66 49 82 117 68 126 29 125 125 107 45 67 64 66
    70 71 69 66 65 68 71 72 72 72 73 72 70 68 63 57 55 58 64 68 69 67 68
    72 76 74 67 60 57 61 65 65 64 64 65 65 64 64 63 60 59 60 61 59 55 53
    56 61 63 63 60 57 56 58 62 65 66 64 64 66 70 74 74 69 65 62 61 60 61
    62 64 67 71 71 66 61 60 64 68 71 71 70 69 67 66 64 61 57 55 57 61 67
    71 74 75 72 69 65 63 62 63 66 68 67 62 54 48 48 53 59 60 56 52 51 50
    50 53 55 55 50 46 45 50 56 60 64 64 63 62 62 62 63 64 66 66 62 58 58
    62 65 64 60 57 58 58 56 55 54 57 59 59 56 55 58 62 65 65 64 64 66 64
    59 53 49 50 53 56 56 54 56 65 73 75 73 71 70 70 68 67 67 67 64 62 63
    65 67 68 68 86 51 7 2 18 58 120 108 122 58 67 72 46 71 115 84 36 54
    104 59 103 36 121 121 103 7 64 20 74 45 2 79 71 110 41 44 13 17 8 28
    76 99 111 98 39 88 117 105 3 111 108 42 82 124 1 4 116 26 121 34 56
    32 5 71 69 68 67 68 70 68 64 61 61 65 69 73 74 73 71 70 70 69 65 60
    59 62 67 72 74 73 74 77 80 77 69 60 57 60 65 66 65 65 65 65 65 65 66
    65 64 65 65 62 57 55 60 65 67 66 63 60 59 61 65 68 68 66 65 66 69 73
    72 66 60 57 58 59 60 59 61 66 74 77 73 67 66 71 75 76 75 72 70 68 68
    67 62 57 54 56 61 66 70 71 70 66 63 59 56 55 57 63 67 66 62 54 47 44
    49 57 61 60 57 56 54 54 57 61 63 60 55 52 55 58 61 64 67 69 72 72 68
    63 61 63 63 59 54 54 59 64 63 59 57 58 57 56 54 55 58 61 62 60 59 61
    65 67 65 63 62 64 63 60 56 53 52 52 51 50 49 53 62 67 67 67 67 67 66
    66 65 64 62 59 57 58 60 61 62 61 12 18 96 30 14 124 120 25 63 39 49
    77 86 11 73 79 91 36 18 94 98 87 94 101 9 97 34 94 30 99 98 43 95 54
    10 95 86 108 17 97 125 10 104 19 3 119 30 10 22 7 70 40 97 105 53
    118 77 61 95 85 47 5 83 24 76 68 68 69 68 62 56 53 54 60 66 72 75 73
    70 68 69 68 66 64 65 69 72 74 75 75 77 80 81 77 70 61 57 60 65 66 65
    66 68 69 68 69 69 68 67 68 67 61 55 55 61 68 71 70 68 65 63 63 64 66
    66 66 67 68 70 72 71 65 58 55 57 61 61 58 60 66 75 80 76 71 70 75 79
    79 77 72 67 65 68 70 66 60 56 57 62 66 67 65 62 60 59 56 53 52 56 63
    68 69 66 59 51 46 48 55 61 62 61 60 58 57 59 64 68 68 63 60 60 61 61
    63 66 72 78 78 73 65 61 60 59 54 50 50 56 62 64 63 60 60 57 55 55 56
    60 64 67 65 62 63 66 69 69 65 63 64 64 63 60 59 58 56 53 51 50 53 57
    58 59 61 63 63 63 61 60 59 57 56 55 56 57 56 55 54 57 102 98 21 34
    123 22 19 15 106 107 21 23 15 107 70 1 6 19 54 68 118 56 47 74 18
    106 126 77 88 51 83 65 127 6 59 53 15 33 107 77 49 19 72 4 97 39 21
    87 98 107 25 120 48 65 17 60 80 29 91 90 21 121 112 54 67 66 67 64
    57 50 48 50 57 66 71 73 70 68 66 67 66 65 66 69 72 73 71 70 71 75 78
    79 76 70 64 60 61 65 65 64 66 71 73 71 71 70 68 66 67 65 58 51 52 59
    67 71 71 69 67 65 62 61 61 61 63 65 67 68 71 71 67 61 59 61 64 63 60
    61 67 74 78 77 73 73 75 77 77 74 70 65 64 67 69 67 61 56 56 61 64 63
    59 56 56 57 56 53 52 56 63 70 72 69 64 57 51 49 52 57 60 61 61 59 58
    60 65 70 71 69 65 63 61 59 60 62 69 76 78 75 69 65 62 58 53 50 50 54
    60 64 65 64 61 56 55 58 61 64 67 69 68 64 63 66 71 72 69 66 66 66 65
    64 63 63 62 59 57 56 57 56 55 55 59 62 62 61 58 55 55 55 56 57 58 57
    54 52 51 10 32 106 104 25 115 36 17 39 1 119 48 38 101 33 39 31 111
    73 6 51 12 15 89 69 97 121 108 75 24 51 75 127 106 63 20 119 5 9 40
    93 42 104 119 120 23 119 63 65 35 90 31 36 75 81 115 100 34 30 110 3
    114 106 113 68 65 64 64 61 54 47 46 50 60 69 73 72 68 65 63 63 64 64
    65 67 69 67 63 60 63 69 74 76 75 73 68 64 63 64 63 63 66 72 75 71 70
    66 62 62 64 62 56 50 50 57 65 69 69 69 68 66 61 58 56 56 56 58 60 63
    67 71 71 70 68 68 67 64 61 61 64 68 72 73 73 73 72 69 69 69 70 68 67
    68 68 65 60 55 55 58 61 60 56 54 56 59 59 55 52 55 62 68 71 70 68 63
    58 55 54 55 58 60 60 59 59 63 68 73 74 72 69 66 62 58 56 57 63 70 73
    74 74 72 68 62 57 54 53 54 57 60 63 63 61 56 56 61 64 66 67 68 66 63
    62 65 69 71 71 69 67 65 64 63 65 67 66 63 61 62 62 60 58 59 62 61 60
    59 56 53 53 55 59 61 62 60 57 53 51 102 15 54 13 78 71 95 61 14 55
    73 103 85 70 114 3 111 58 57 95 114 122 83 19 24 95 7 46 101 71 99 4
    94 2 123 93 72 85 78 56 88 29 27 108 106 34 93 54 49 13 125 48 53 38
    72 99 51 63 36 54 43 43 51 41 106 61 59 58 56 52 48 48 54 65 73 74
    72 69 65 62 61 62 62 62 63 62 59 54 52 58 66 72 76 77 77 72 66 62 62
    62 62 64 68 70 65 63 59 56 57 60 61 57 51 51 56 62 66 68 68 69 67 62
    58 53 51 50 50 51 54 60 68 75 79 78 76 73 68 64 62 61 60 62 67 70 70
    65 61 61 64 70 72 71 69 67 62 57 52 53 57 59 58 55 55 57 60 61 58 53
    53 58 64 68 69 70 68 64 61 58 58 61 64 64 63 64 68 75 78 77 74 70 68
    65 60 57 57 61 67 70 74 79 80 77 71 66 62 58 54 52 54 57 60 60 58 59
    63 66 67 66 66 65 64 64 65 67 70 71 71 67 63 59 59 63 66 66 62 61 63
    65 65 64 64 64 60 58 58 57 55 55 58 62 64 64 63 60 57 53 54 112 9 84
    73 96 106 81 58 67 38 41 52 73 109 66 31 108 29 57 6 41 52 86 29 45
    69 96 101 44 46 42 30 118 79 81 124 100 67 81 73 52 44 6 102 78 50
    64 29 45 127 69 113 72 114 3 109 113 100 52 5 84 25 27 103 58 55 54
    54 52 51 53 60 69 74 74 71 69 66 63 61 61 60 59 58 57 55 51 51 60 69
    75 78 79 79 73 65 60 59 60 60 61 62 63 57 56 55 55 57 60 60 56 51 49
    53 59 65 68 68 68 66 63 58 54 51 47 44 44 48 55 64 74 81 84 82 78 72
    68 64 60 55 55 59 64 65 60 56 57 62 69 72 72 70 67 61 54 50 52 56 57
    57 57 58 60 61 61 58 53 53 55 60 64 67 70 70 70 67 64 64 67 70 70 69
    70 74 79 80 77 74 70 68 66 63 60 59 62 65 67 73 79 82 81 79 76 71 63
    54 49 49 55 61 64 63 63 65 66 66 65 66 68 69 69 67 66 67 68 68 65 59
    54 55 60 64 63 59 57 59 63 66 67 67 65 60 57 57 58 58 60 62 64 64 62
    62 62 60 57 36 56 77 86 63 23 63 51 92 110 37 127 45 3 26 30 104 23
    112 106 2 23 83 29 9 79 121 72 38 35 16 7 35 44 8 102 76 73 7 17 55
    33 102 4 10 87 97 47 103 80 102 116 109 28 99 14 0 102 102 56 32 61
    10 40 102 56 54 54 55 55 56 58 63 69 71 70 69 68 66 64 63 61 57 55
    56 58 57 54 55 63 72 78 79 79 78 73 65 58 57 59 60 60 59 59 54 55 57
    58 60 61 59 54 49 47 50 56 64 68 67 64 61 58 57 56 53 47 42 40 44 52
    59 68 75 80 81 77 72 67 64 59 53 50 53 57 59 57 56 57 61 65 68 69 71
    69 63 56 52 53 56 58 59 60 62 63 62 61 58 55 55 57 60 64 67 70 72 73
    70 68 67 69 70 71 71 73 78 80 78 74 71 69 67 66 63 61 61 62 64 66 71
    75 77 79 81 81 76 66 54 48 49 57 66 72 72 69 66 63 62 64 68 72 74 72
    69 66 64 64 64 62 57 53 54 60 63 61 55 52 54 60 66 69 69 67 63 58 57
    59 61 63 65 65 61 57 56 60 62 60 36 40 52 40 76 16 44 1 63 7 109 48
    39 28 52 100 82 28 22 119 66 59 43 47 43 113 37 36 123 77 44 15 35
    85 53 58 96 46 3 117 17 85 60 112 86 24 26 102 86 14 112 5 50 46 52
    66 6 10 0 78 65 72 59 55 112 57 56 58 59 59 60 62 66 68 68 67 67 67
    66 65 64 60 55 53 56 61 63 61 60 64 71 75 75 74 74 71 65 59 58 59 61
    62 61 61 57 57 59 62 64 64 62 56 51 47 49 54 62 66 63 57 52 52 55 57
    55 49 44 42 44 49 54 60 66 71 74 71 66 63 61 59 54 51 50 52 53 55 57
    58 59 60 63 67 71 72 67 62 59 58 58 59 61 64 67 66 63 61 57 56 58 61
    63 66 69 71 73 74 72 70 68 66 64 65 69 74 78 77 71 65 63 63 63 63 60
    59 60 62 64 66 69 71 71 73 77 79 75 65 54 48 52 62 72 78 78 73 67 61
    59 61 68 74 75 73 68 65 62 61 63 63 60 58 60 64 65 60 54 49 51 57 65
    70 72 70 66 61 59 60 63 66 69 67 61 53 50 55 60 63 84 16 123 113 25
    104 127 100 45 49 32 72 114 35 4 41 7 0 99 84 31 96 17 38 59 16 6 7
    14 104 68 10 41 60 88 50 99 41 116 120 119 6 95 22 14 29 78 115 89
    36 109 2 121 69 90 2 62 13 87 116 12 93 92 38 55 60 60 62 62 62 63
    65 69 71 70 68 68 68 67 65 63 60 56 54 57 62 66 65 61 61 64 67 68 68
    69 69 66 61 59 59 60 62 64 64 59 59 59 61 65 67 65 62 57 53 52 56 63
    65 59 51 47 50 56 59 56 51 48 47 47 49 50 54 58 63 66 64 61 57 56 57
    56 55 54 52 53 56 58 59 58 59 63 68 72 73 72 71 69 66 63 61 63 67 70
    68 65 62 59 59 61 64 67 70 71 72 74 75 75 72 67 61 56 58 65 73 76 71
    63 55 53 54 56 57 56 55 57 62 67 69 70 70 69 70 72 72 69 62 54 50 54
    64 73 78 77 72 66 59 57 60 67 73 73 70 65 62 60 62 66 68 67 67 67 67
    65 59 53 49 51 57 65 71 73 71 67 62 60 61 63 67 71 70 62 52 46 49 55
    61 45 112 118 40 106 64 120 114 83 25 59 76 51 17 58 57 48 56 59 107
    24 97 42 67 32 80 56 62 94 94 86 91 94 44 118 126 96 3 40 23 57 13
    32 53 127 45 85 8 54 29 98 81 90 26 4 89 22 59 65 88 114 81 39 19 53
    63 61 61 61 60 62 66 71 73 71 70 69 69 66 64 62 61 59 57 58 61 65 65
    61 57 58 61 64 66 68 68 66 62 60 57 56 60 64 66 57 57 56 59 63 65 65
    63 63 62 61 64 67 66 59 51 50 55 61 61 57 54 54 53 51 49 49 52 57 61
    62 61 58 54 53 56 60 62 61 59 59 61 62 61 62 65 68 69 70 71 73 77 78
    75 69 66 68 72 73 70 66 65 63 63 65 69 73 74 73 74 75 77 77 73 65 57
    52 53 61 68 70 64 55 48 45 47 50 53 53 52 57 64 70 72 71 70 70 70 69
    65 61 57 53 51 54 61 67 71 70 67 64 60 59 61 66 69 69 65 62 60 60 64
    70 74 75 73 71 69 65 60 55 52 54 59 65 70 71 69 64 61 60 60 61 64 68
    69 63 54 47 47 51 57 78 43 113 33 103 101 112 122 68 102 6 79 60 30
    113 49 17 93 88 87 7 10 68 73 42 42 66 93 115 40 28 95 79 58 122 86
    53 121 31 17 61 58 33 83 44 29 33 54 122 31 35 6 35 21 51 35 6 26 18
    21 52 43 20 126 116 63 61 58 57 57 60 64 70 72 71 68 66 64 61 60 60
    61 60 60 60 62 65 65 62 58 58 62 66 69 70 70 67 62 58 54 54 59 65 67
    55 55 54 57 60 61 60 60 64 67 70 73 73 69 61 56 58 64 68 67 62 59 58
    56 53 49 50 54 59 63 63 62 61 58 56 59 64 67 69 68 67 68 69 69 72 75
    74 69 65 65 71 77 81 80 75 72 73 77 76 71 66 64 65 67 69 73 76 75 73
    72 74 75 75 71 64 57 53 54 59 64 65 61 53 47 45 46 49 53 54 55 60 67
    71 71 69 67 68 69 67 62 58 56 55 52 52 55 59 62 62 63 64 64 64 65 66
    65 63 61 61 60 61 64 70 76 77 76 73 69 65 60 57 56 59 63 65 67 65 62
    59 58 59 60 59 59 62 64 62 57 53 51 52 56 23 66 61 99 101 95 112 89
    21 102 48 65 122 29 68 17 74 96 125 83 95 41 77 8 119 73 118 45 115
    104 51 59 41 2 75 48 45 56 17 127 49 14 26 90 105 74 123 96 108 49
    124 113 116 6 26 34 23 87 55 70 64 115 17 1 88 64 62 58 55 55 57 61
    65 67 66 62 58 55 56 58 60 61 61 62 64 67 69 69 66 64 65 68 73 76 76
    73 68 62 57 54 54 60 67 70 58 58 56 58 59 57 55 56 61 67 72 75 75 71
    65 63 66 71 73 72 69 66 62 57 53 50 52 58 62 62 61 62 64 64 63 63 66
    68 70 72 73 76 77 77 80 81 76 66 59 59 66 75 82 82 77 75 77 81 80 74
    68 66 67 69 70 73 75 75 72 72 71 71 70 67 63 60 60 60 62 64 65 63 58
    54 52 51 52 56 58 60 64 68 69 67 63 61 61 64 64 62 60 60 59 56 53 52
    54 57 60 63 68 70 72 71 69 65 61 60 62 63 62 61 64 71 75 77 75 72 67
    62 59 60 64 68 68 65 59 55 54 55 58 60 58 56 57 59 61 61 61 61 60 60
    50 78 111 85 13 47 79 33 98 125 3 16 123 23 88 6 1 116 77 79 107 88
    127 109 25 33 20 93 86 39 65 5 49 115 47 113 54 95 68 108 70 20 15
    14 0 8 83 55 70 108 41 111 4 65 126 58 21 10 119 100 6 5 65 29 43 65
    66 62 55 53 54 56 57 58 58 55 51 49 52 58 62 64 64 65 69 72 74 73 71
    70 73 76 79 80 78 74 69 63 57 55 57 62 68 71 66 65 61 59 59 57 56 58
    62 65 68 70 71 69 66 66 69 71 73 75 74 70 64 57 53 51 55 61 62 59 56
    60 65 68 67 65 65 65 67 70 75 79 80 79 78 77 71 62 56 56 64 73 81 82
    79 77 78 82 83 79 74 71 71 71 70 71 73 73 72 71 70 69 67 65 64 66 68
    69 70 69 69 67 64 62 60 57 56 57 60 62 64 64 64 63 59 55 54 57 62 64
    66 66 65 61 57 56 57 60 63 67 71 75 77 77 74 69 63 61 65 68 64 59 59
    64 71 74 73 72 69 65 64 65 69 72 70 64 57 53 52 53 56 58 59 57 56 58
    61 65 69 71 68 66 65 63 93 104 122 91 113 31 11 18 53 73 29 70 21
    102 26 122 23 13 1 8 89 9 121 75 5 122 33 74 60 41 27 31 121 75 72
    70 22 97 111 34 38 92 119 21 100 57 65 111 123 9 80 83 30 44 36 66
    123 83 119 33 91 17 45 67 70 67 60 55 54 53 51 51 53 52 49 48 53 60
    65 67 66 67 70 73 75 75 75 74 76 79 79 78 75 72 69 64 59 57 58 62 66
    67 72 70 65 61 60 60 63 67 69 67 65 64 65 64 63 64 65 66 68 72 74 71
    66 60 56 55 58 62 60 55 52 57 65 68 67 65 64 63 63 66 71 75 74 71 68
    66 63 58 56 59 64 72 78 80 78 76 77 80 83 82 79 76 74 72 69 67 68 67
    66 68 69 70 69 67 66 69 73 76 76 75 73 70 67 65 63 60 57 57 61 64 64
    61 60 59 57 53 51 53 60 67 71 71 67 63 60 61 63 67 70 72 73 74 75 76
    75 71 65 64 69 72 68 60 57 62 68 70 68 66 66 67 69 71 73 73 70 65 59
    56 54 53 55 58 61 62 60 59 60 65 72 75 72 69 32 92 86 72 47 98 66 61
    40 103 20 36 56 48 65 75 76 19 67 8 9 68 21 57 97 92 47 19 50 0 127
    77 33 118 119 100 91 70 62 112 66 11 122 7 82 98 86 82 96 116 33 101
    24 62 71 86 13 94 27 40 101 103 27 83 80 68 73 72 66 62 60 57 52 50
    51 52 51 51 57 63 67 67 66 65 66 70 74 76 76 76 77 77 76 74 71 69 68
    64 60 58 58 59 61 61 70 69 65 61 61 65 70 75 75 70 65 61 60 60 59 58
    59 60 64 68 71 70 67 63 61 60 60 60 57 52 50 55 62 66 65 64 64 64 62
    63 65 66 65 61 59 57 56 55 58 63 68 71 74 75 75 74 74 76 77 78 78 78
    76 71 66 62 61 59 59 63 68 73 73 69 66 68 73 78 79 77 73 68 64 62 61
    58 55 57 63 67 66 62 59 58 58 56 54 55 60 67 72 70 66 60 59 60 65 72
    76 77 74 72 70 70 72 71 67 67 72 75 70 60 57 62 68 68 63 60 62 68 72
    75 74 71 68 66 64 62 59 56 55 58 64 67 64 59 57 61 69 72 70 67 75 98
    64 90 32 48 76 54 96 38 32 114 64 97 17 47 112 69 85 26 51 0 105 123
    63 119 64 0 115 29 107 74 48 116 57 120 19 125 75 124 68 68 21 103
    82 48 76 6 38 16 32 64 78 127 16 56 21 51 66 107 59 72 124 103 25 66
    70 72 71 71 71 67 60 56 55 55 54 55 59 64 65 64 62 61 62 67 72 76 76
    76 75 74 72 69 67 67 66 62 59 58 59 59 58 58 66 66 63 61 63 69 74 76
    74 69 64 60 58 58 56 56 57 60 64 66 68 68 67 67 65 62 60 58 55 51 50
    54 60 63 64 64 65 66 65 63 63 61 59 56 54 54 53 53 56 63 68 69 69 69
    70 71 70 69 68 69 71 73 73 69 64 60 57 54 54 59 68 75 76 70 64 65 70
    76 78 75 71 64 59 57 56 56 54 56 63 68 68 64 60 59 61 62 62 61 62 66
    69 67 63 57 54 55 62 72 78 79 76 72 67 65 66 67 67 69 74 75 69 60 58
    64 70 68 60 56 58 66 72 73 70 64 61 62 65 66 64 61 59 61 67 70 68 61
    56 58 64 68 66 64 94 119 45 110 14 43 17 49 45 17 73 65 41 91 38 85
    44 125 39 65 9 33 89 17 9 45 93 14 33 20 110 72 53 122 35 18 78 88
    35 112 74 122 7 58 37 25 91 126 98 12 86 10 121 107 80 91 60 59 83
    45 47 5 126 50 97 62 64 69 73 78 79 76 70 65 62 60 58 59 62 63 62 59
    57 57 62 68 74 76 75 75 74 72 70 68 67 67 65 62 59 59 61 61 59 58 66
    66 65 65 67 72 74 72 70 66 63 60 59 61 60 61 63 67 68 67 68 68 69 69
    68 64 61 59 56 54 52 55 59 63 65 65 66 68 68 68 66 62 59 56 56 57 56
    53 53 57 62 64 64 64 66 66 64 61 60 62 64 68 69 67 65 63 60 57 55 59
    68 75 76 70 64 64 67 70 72 71 69 64 58 55 55 56 55 57 63 68 68 64 60
    59 62 66 68 66 64 65 66 64 60 54 50 51 58 68 76 79 78 75 68 62 61 63
    65 69 73 73 67 61 60 67 72 70 62 56 57 63 68 68 63 56 53 55 60 66 69
    68 65 64 68 73 73 68 61 59 63 67 65 63 24 22 68 27 109 21 35 45 41
    87 25 114 33 17 60 56 27 114 13 43 99 84 111 86 17 105 74 21 92 106
    15 121 62 55 51 50 18 16 53 1 59 39 28 124 51 46 36 50 30 45 92 82
    55 84 13 56 103 68 51 122 46 72 45 35 69 57 58 64 71 78 80 79 76 72
    68 66 64 64 65 65 61 56 53 57 65 72 77 76 74 75 75 74 71 70 71 70 67
    62 59 60 63 64 63 62 70 70 69 67 67 69 68 66 66 66 64 60 60 63 66 69
    72 73 71 68 66 67 68 69 68 65 63 63 62 59 56 56 60 64 66 65 65 68 72
    73 72 68 64 62 63 64 62 56 53 55 58 61 62 63 63 61 57 53 52 55 60 63
    64 65 68 70 68 63 60 61 67 72 72 68 64 64 62 62 62 65 67 64 60 56 57
    58 59 61 65 68 67 63 59 58 60 65 69 68 65 65 65 63 59 53 49 51 57 65
    73 77 79 77 69 61 57 58 62 67 71 71 68 65 64 69 73 72 67 62 61 63 64
    62 58 52 48 48 53 61 67 70 69 66 67 73 77 75 69 65 66 69 69 67 77
    112 21 28 118 92 0 123 97 73 93 107 37 48 98 25 84 70 90 47 100 35 2
    15 68 91 77 95 101 34 27 7 73 33 65 113 75 56 120 98 81 115 59 76 23
    125 119 94 97 114 113 92 104 32 41 38 49 116 0 121 104 24 31 29 62
    56 57 61 67 72 74 75 74 72 70 69 68 69 70 69 63 57 55 61 71 77 79 76
    74 76 77 76 73 72 73 72 68 62 59 61 65 67 67 66 74 73 70 66 63 62 61
    61 64 65 63 59 57 62 68 74 77 76 71 66 65 65 66 66 66 64 64 66 65 64
    61 60 62 64 64 62 61 66 72 75 74 72 69 68 68 67 64 59 56 57 59 61 64
    64 62 58 53 48 47 51 56 59 60 63 69 73 72 67 62 62 66 69 68 65 64 62
    56 52 52 58 64 64 60 58 58 61 64 67 71 71 68 63 59 55 55 58 64 65 64
    63 63 62 59 55 53 56 62 68 74 79 81 79 71 61 55 54 57 62 67 70 71 70
    69 71 73 75 73 70 67 65 62 59 57 54 51 49 50 54 60 65 68 67 67 71 76
    78 75 72 72 73 72 69 105 108 96 81 126 37 86 18 77 109 104 33 81 47
    70 22 126 105 127 115 124 39 2 18 57 56 53 35 71 106 125 52 118 19
    65 76 92 99 56 67 23 21 13 25 37 121 3 72 0 65 47 9 65 92 76 108 98
    106 16 41 3 84 112 49 107 59 59 61 63 65 65 66 67 67 67 67 68 71 74
    73 67 62 62 69 77 80 79 76 75 78 79 78 74 73 73 70 66 62 60 63 69 72
    73 73 73 71 67 62 57 55 54 56 60 63 62 57 55 59 65 72 77 76 71 66 64
    65 65 65 65 63 63 65 66 66 65 65 66 65 63 59 58 63 70 73 73 72 72 70
    68 64 60 58 58 60 62 65 67 66 62 57 52 48 45 47 52 55 57 60 65 69 69
    65 63 63 65 66 65 62 62 60 53 47 47 54 61 61 60 59 61 64 67 71 73 73
    68 63 58 53 50 51 56 60 60 60 59 60 60 57 57 61 68 75 80 83 84 81 72
    62 55 51 52 56 62 68 72 73 71 72 75 79 81 78 74 69 64 61 61 62 62 59
    54 50 51 56 63 65 66 68 71 75 77 77 76 75 73 70 44 90 100 75 3 109
    52 122 90 126 49 67 35 27 69 85 69 0 74 50 23 66 91 117 1 67 63 110
    8 116 110 44 113 58 70 125 81 42 98 63 44 53 61 76 22 2 59 30 36 20
    16 31 87 123 24 18 2 55 48 114 72 62 46 38 36 65 62 61 59 58 57 58
    60 62 61 61 64 70 76 76 70 67 69 74 79 80 78 75 76 78 79 78 74 72 71
    67 64 62 63 67 73 77 79 80 70 68 62 58 55 52 50 52 57 60 60 57 54 55
    59 65 73 75 71 66 64 65 66 66 65 63 63 64 65 66 67 67 68 66 63 59 58
    63 70 74 74 74 73 71 67 59 54 54 58 63 65 68 70 68 63 58 54 51 47 47
    50 53 55 58 61 62 62 62 62 64 66 66 64 62 62 60 55 50 49 53 58 60 61
    63 63 65 67 68 70 70 67 63 59 53 49 49 53 56 54 52 52 55 58 59 60 65
    73 80 85 85 83 79 71 62 54 49 49 52 58 65 71 72 71 72 76 82 84 81 77
    72 68 66 68 71 73 70 61 52 48 51 58 64 66 66 66 70 75 78 78 77 75 69
    50 12 44 91 15 111 93 8 86 48 79 44 95 90 16 74 79 38 69 117 107 59
    126 96 78 108 71 111 47 56 30 49 16 61 94 103 47 39 10 87 94 105 123
    18 115 13 108 96 19 33 42 13 123 81 75 87 79 4 28 76 10 29 123 109
    62 69 64 60 57 54 52 52 55 57 57 57 61 69 76 76 71 70 72 75 75 75 74
    74 74 74 76 75 72 71 70 68 66 66 67 70 72 75 77 79 68 66 61 59 58 55
    53 53 55 57 58 56 53 52 54 60 69 75 73 69 68 70 71 69 66 64 64 64 64
    64 65 67 67 66 64 62 62 67 72 75 76 76 76 75 71 62 55 54 58 63 67 69
    70 67 62 58 56 55 51 49 50 53 55 57 58 57 56 58 62 66 68 68 67 66 65
    64 61 57 54 53 56 59 63 66 65 64 61 61 63 66 66 63 59 53 50 52 55 56
    51 46 45 50 57 61 64 68 73 78 79 78 75 72 67 59 53 48 47 50 55 61 66
    69 70 72 76 81 82 78 74 71 69 69 71 75 77 76 67 57 52 53 59 66 69 68
    67 68 72 76 78 78 75 68 1 13 117 42 72 74 110 6 91 124 62 101 70 47
    0 57 13 33 46 38 29 109 42 66 75 84 84 53 95 30 85 43 15 111 38 81
    56 83 41 20 82 96 114 110 75 49 23 113 66 70 88 51 76 115 92 25 59
    33 104 69 93 16 4 110 126 71 64 60 58 56 52 51 52 54 54 55 61 71 78
    78 73 71 71 70 68 68 70 72 71 70 71 72 72 73 73 73 72 71 70 69 67 66
    68 69 67 66 63 61 61 60 59 57 56 55 55 55 54 53 53 57 66 74 75 73 73
    75 75 72 69 68 68 67 65 63 63 64 65 67 68 67 67 70 73 74 75 76 79 81
    79 71 63 59 61 66 69 70 70 67 61 58 57 58 56 54 53 55 57 58 57 53 53
    56 61 66 68 67 67 67 67 66 64 60 57 54 54 58 63 66 64 59 53 52 56 63
    66 63 58 52 52 56 59 59 53 47 46 51 60 64 66 66 66 67 67 65 64 62 59
    55 50 46 46 49 53 58 62 65 68 72 76 79 78 73 68 66 66 67 70 74 77 76
    70 63 60 61 64 69 73 73 69 68 69 72 74 75 71 65 74 27 28 84 81 106
    54 3 15 13 110 62 56 4 71 61 19 100 62 19 35 54 65 86 60 87 71 26 11
    113 10 5 42 78 1 116 89 77 51 76 1 111 1 34 20 124 62 113 88 21 119
    77 120 29 0 3 91 106 45 40 28 84 104 74 121 69 62 61 63 61 57 53 51
    51 53 57 66 75 81 80 74 71 67 64 61 62 66 68 68 67 68 70 73 76 77 76
    75 73 71 66 60 57 56 56 67 66 64 61 61 61 64 63 60 57 56 57 57 55 53
    55 62 70 73 74 76 78 77 75 72 72 73 71 67 64 63 64 66 69 71 71 69 69
    69 69 70 73 78 83 83 78 69 64 65 68 71 71 70 67 62 59 59 60 60 59 59
    60 62 60 57 53 53 56 62 66 65 64 63 65 65 64 62 60 57 54 53 56 60 61
    59 53 47 47 52 62 68 65 59 54 56 59 61 60 57 53 52 55 62 65 64 60 56
    54 54 55 56 55 52 49 46 44 44 48 53 57 60 63 67 70 74 78 77 72 66 62
    61 63 68 73 76 75 70 66 67 68 69 72 75 76 73 70 69 70 71 68 63 58 91
    17 35 79 89 66 110 69 54 56 73 82 98 76 8 17 81 80 66 108 74 55 25
    44 107 9 101 122 30 20 47 3 52 55 99 37 41 119 55 73 118 97 28 53 86
    109 9 113 111 95 34 28 124 102 46 8 72 102 99 100 82 126 54 81 77 65
    61 63 67 67 61 56 52 51 53 59 68 76 80 79 75 70 65 60 57 57 61 63 65
    67 69 71 75 78 79 78 74 71 67 62 56 51 50 49 65 64 61 57 57 60 65 66
    63 60 59 61 62 58 53 51 57 64 68 71 73 74 75 75 74 75 76 74 70 66 65
    67 69 72 73 71 69 66 64 63 64 69 75 80 82 78 71 66 66 69 72 73 72 69
    64 60 60 61 62 63 65 68 69 65 59 53 54 58 64 67 65 63 62 64 65 63 61
    60 60 57 54 54 56 56 55 50 46 46 52 62 69 68 64 61 62 64 63 61 59 57
    57 59 63 65 61 56 50 48 50 54 55 54 51 48 45 44 45 50 57 61 63 65 67
    69 74 79 79 75 69 63 60 61 66 72 74 71 65 62 65 69 70 70 73 75 73 71
    69 69 67 62 57 54 52 38 110 79 113 32 30 85 20 42 92 86 15 85 117 18
    35 111 23 3 69 29 104 2 82 75 93 106 33 77 104 51 93 2 97 3 9 2 17 0
    88 17 17 81 80 83 20 73 2 126 111 7 66 26 109 33 118 106 20 67 38 21
    62 117 52 64 63 66 70 69 64 59 55 54 56 61 67 72 75 75 72 68 63 59
    55 55 57 60 64 68 71 74 76 79 80 77 71 64 60 57 54 51 49 48 64 62 57
    54 56 60 65 67 64 61 61 64 66 61 52 47 50 56 61 64 64 65 68 70 72 72
    73 71 68 66 66 69 72 74 73 70 66 62 60 60 63 67 71 74 75 74 71 67 66
    68 71 74 75 72 68 65 64 64 65 68 72 76 76 70 61 56 57 62 67 69 67 67
    67 70 69 66 64 64 66 63 59 56 56 56 56 54 52 52 55 62 68 69 68 67 69
    69 66 63 59 57 58 60 63 63 60 56 52 52 55 59 60 58 54 49 46 45 48 55
    63 69 70 69 68 69 74 79 79 76 72 67 63 61 65 71 73 68 59 55 58 64 66
    67 69 71 71 69 67 66 64 60 56 56 84 61 106 61 96 24 41 44 98 84 105
    42 63 114 97 103 59 47 63 53 26 86 32 48 29 116 74 77 113 80 107 69
    28 32 69 27 23 92 6 104 44 55 41 49 62 72 69 117 63 60 101 57 43 123
    118 49 41 57 127 116 109 110 65 103 34 66 68 70 71 68 64 59 57 56 58
    60 63 66 67 68 67 66 63 60 57 55 57 60 64 69 72 73 74 76 79 76 69 61
    57 56 55 54 53 53 65 63 57 55 57 62 66 66 64 61 61 64 66 61 51 44 45
    49 53 56 56 56 59 63 65 66 66 64 64 65 68 71 73 73 70 65 61 58 56 57
    62 66 67 67 69 71 72 67 62 62 65 70 75 76 74 72 71 70 69 72 77 80 79
    72 65 62 63 66 69 70 70 71 73 75 74 70 68 70 72 69 64 60 60 61 62 62
    61 60 61 63 65 66 66 68 71 72 69 64 58 55 57 60 64 65 63 61 59 59 62
    63 64 63 59 52 47 47 51 59 67 72 72 70 68 67 70 73 74 74 74 72 67 63
    65 71 72 66 56 49 51 56 60 62 66 68 69 68 65 64 64 64 63 63 118 110
    62 84 106 26 111 56 64 15 39 73 64 120 23 13 44 107 76 25 59 83 38
    109 5 121 61 8 82 29 104 85 19 19 65 104 80 80 64 123 65 15 9 125 7
    46 64 25 94 14 104 17 115 87 111 60 65 55 42 10 60 117 107 32 51 73
    75 75 71 67 62 58 54 54 56 58 60 61 61 61 63 63 63 60 57 57 59 63 66
    69 71 70 72 75 78 77 70 64 59 59 60 59 59 58 68 66 61 58 60 63 65 64
    62 59 59 62 63 59 51 45 43 44 48 52 52 52 54 57 59 60 60 60 62 66 69
    72 73 71 66 61 58 55 55 57 61 63 62 61 65 71 74 68 59 55 56 63 72 75
    76 76 75 75 74 75 78 80 77 71 67 66 69 71 72 72 72 72 73 74 74 71 70
    73 75 73 68 65 66 69 69 68 66 65 66 65 63 61 60 64 68 72 71 66 59 56
    58 63 68 69 67 66 63 63 64 65 66 64 60 52 47 49 55 62 67 70 70 70 66
    64 62 62 65 69 74 75 70 65 65 70 73 68 58 51 50 51 54 58 63 68 71 70
    67 67 69 71 70 68 59 43 122 52 98 43 79 115 70 70 45 11 87 21 46 28
    114 76 113 49 53 3 49 109 112 64 87 91 106 6 107 71 49 3 5 28 57 30
    99 60 9 50 103 33 7 22 71 117 21 0 13 20 43 57 69 107 88 30 45 21 45
    41 122 2 117 79 80 77 71 66 62 57 54 53 55 58 60 61 59 60 62 64 62
    59 57 59 62 67 70 70 69 67 69 73 77 78 74 69 65 64 64 63 61 60 72 70
    66 63 62 63 63 62 60 58 58 60 61 58 51 45 43 45 49 53 54 54 54 55 57
    58 59 60 64 67 69 70 71 68 63 58 57 57 59 61 63 62 58 57 63 73 76 70
    59 52 53 59 67 72 74 74 75 75 75 76 76 75 71 69 68 71 74 75 75 73 70
    67 67 68 68 68 69 74 77 75 69 66 69 72 73 72 70 69 69 67 64 59 55 57
    62 67 69 66 60 57 61 66 72 72 69 65 61 60 62 63 64 63 57 51 49 53 61
    65 65 66 67 68 65 59 54 53 57 64 71 73 69 65 66 70 73 70 63 59 56 54
    53 55 61 68 72 73 71 70 74 76 73 68 94 44 1 107 109 28 27 80 35 54
    68 73 49 59 106 124 83 77 115 93 93 12 76 65 19 0 19 15 52 98 104 73
    60 22 47 38 49 17 53 52 3 7 28 4 9 124 124 111 30 127 12 119 105 95
    32 69 23 64 63 127 60 54 64 96 108 81 82 77 70 66 62 59 55 55 58 61
    63 62 59 61 65 66 62 58 58 62 67 73 75 73 69 64 64 69 74 75 73 71 68
    66 65 64 62 61 73 72 70 66 64 64 63 61 60 61 62 64 63 59 53 48 46 49
    54 57 57 56 56 57 57 59 60 63 67 68 66 66 66 65 61 59 61 65 66 67 65
    60 55 56 63 73 75 70 61 56 56 60 65 68 68 69 70 72 73 72 70 68 65 66
    70 76 79 78 76 73 68 64 64 65 65 65 67 73 76 74 68 64 65 69 71 73 72
    71 71 68 65 59 53 53 58 64 67 65 60 59 62 68 73 72 67 61 56 55 57 60
    62 61 56 53 55 62 68 67 64 63 65 68 65 58 51 49 54 61 67 69 68 66 66
    68 70 68 65 64 63 59 54 53 58 65 71 72 71 70 73 75 70 65 21 118 8 72
    22 80 90 6 102 124 100 42 23 48 25 24 56 66 7 26 121 65 56 27 110 37
    36 60 25 61 95 101 10 36 114 70 115 116 68 86 113 41 78 49 40 79 38
    39 60 83 21 16 54 63 69 88 7 26 10 90 87 87 108 31 20 80 80 74 68 65
    63 61 59 60 64 67 66 62 59 61 66 67 63 59 60 65 70 74 76 74 69 62 60
    65 68 69 67 65 64 63 62 61 61 61 72 71 69 66 65 66 65 63 64 66 68 69
    67 63 56 51 50 54 58 59 57 56 59 61 61 60 61 63 67 67 62 60 61 61 61
    63 68 73 72 68 63 57 54 55 62 68 69 67 64 64 65 66 66 65 64 65 67 70
    69 66 63 60 60 64 71 77 78 76 74 71 67 64 65 66 64 63 65 69 72 70 64
    59 59 61 65 70 72 72 70 67 63 59 54 53 57 64 69 68 64 61 62 67 69 67
    61 56 54 54 56 59 62 61 58 58 64 72 75 70 64 63 66 70 68 62 55 52 54
    59 63 66 66 66 67 67 67 66 65 65 63 59 55 54 57 63 66 67 66 66 69 70
    65 61 47 65 124 93 47 55 52 43 95 12 107 116 61 50 98 92 101 71 124
    27 51 121 104 28 54 122 122 43 6 7 16 52 73 89 72 12 58 35 78 88 86
    32 123 18 18 57 78 71 77 94 76 105 111 1 13 105 88 5 2 33 124 117 45
    58 110 77 76 70 65 64 64 63 63 67 72 74 70 63 58 59 64 68 66 62 62
    65 68 70 71 71 67 60 58 62 64 63 60 58 57 57 56 58 61 63 66 65 63 62
    64 67 68 67 69 71 71 69 67 62 56 51 49 53 57 57 55 56 60 65 65 63 60
    62 65 64 59 55 55 58 62 67 74 76 72 67 61 56 55 56 60 61 61 61 64 69
    73 72 69 66 65 65 67 69 67 63 59 56 57 63 71 74 74 71 70 68 65 64 66
    67 65 62 62 65 67 66 61 56 54 55 60 67 72 73 71 66 61 58 56 57 61 68
    72 70 66 62 62 65 65 61 56 53 54 56 57 58 60 60 59 62 70 77 78 72 66
    65 69 72 71 67 62 58 57 59 61 63 65 66 67 68 69 68 66 63 59 56 55 58
    61 63 62 61 61 61 64 65 63 60 58 78 64 89 55 17 106 5 69 91 24 103
    45 89 49 22 46 48 22 98 33 74 114 107 21 65 127 45 42 78 77 93 29 13
    10 117 71 89 65 66 55 41 16 63 121 24 17 57 89 82 49 5 79 37 81 22
    126 24 68 27 44 3 108 69 18 71 71 67 64 63 64 65 67 72 79 80 75 66
    57 55 59 64 66 64 61 60 60 61 64 65 63 58 58 62 64 61 57 55 55 56 57
    59 63 65 58 57 56 57 61 66 67 68 71 72 71 66 62 58 53 49 48 50 53 55
    55 57 63 68 68 64 59 59 62 62 59 55 54 58 65 72 76 75 68 63 59 56 56
    58 59 58 56 58 64 72 76 75 70 67 67 68 70 71 69 64 59 57 58 63 68 69
    68 66 67 66 64 65 67 68 66 61 60 62 64 64 60 56 53 53 58 66 71 74 73
    67 61 59 61 64 69 73 73 68 63 61 61 63 62 57 53 52 54 57 56 57 58 59
    60 64 71 77 77 72 67 67 70 71 72 70 67 63 59 58 59 62 64 66 68 70 72
    71 68 62 57 56 58 63 66 65 62 60 60 60 62 63 63 62 54 17 28 69 71
    116 15 12 28 126 46 23 58 108 1 100 121 34 0 48 106 104 69 34 32 27
    106 94 57 46 116 87 69 50 36 126 55 117 32 126 68 123 65 49 127 127
    21 16 63 16 124 86 24 75 59 119 96 33 60 33 61 26 86 9 45 62 63 61
    61 62 64 66 70 76 81 82 78 68 57 50 52 59 64 63 58 53 51 53 57 59 58
    55 56 61 63 60 57 57 59 61 62 63 64 65 52 51 50 51 57 63 65 66 69 70
    68 62 57 53 50 49 49 50 53 56 57 59 63 67 67 63 58 57 60 62 62 60 59
    62 69 73 73 67 61 58 58 58 59 59 59 59 59 62 67 73 76 73 69 66 66 67
    69 70 68 66 62 58 58 61 65 65 64 64 66 67 66 66 67 68 66 63 61 60 62
    63 61 57 54 54 59 65 69 73 73 68 63 64 69 74 79 79 73 64 58 57 58 60
    59 55 50 50 53 55 56 55 56 58 61 65 69 72 71 67 64 65 66 67 69 70 68
    64 59 56 57 60 62 64 66 69 71 70 67 63 60 60 62 65 67 66 63 63 63 62
    61 63 65 65 68 26 92 55 41 93 78 9 88 67 41 34 15 98 90 87 81 12 74
    94 8 75 109 89 67 59 94 116 77 117 31 113 78 26 16 33 99 3 127 28 73
    89 95 61 23 113 90 72 112 50 67 120 123 113 13 48 91 13 114 79 58
    116 106 118 47 53 53 55 58 61 65 69 73 74 75 76 74 67 56 48 48 56 63
    62 56 49 46 49 52 55 54 51 52 56 60 60 59 60 62 65 67 68 66 66 53 51
    48 48 54 61 63 63 65 66 65 60 55 52 52 52 52 53 56 58 59 59 62 65 64
    61 58 57 59 63 66 66 66 69 73 72 66 58 53 54 57 58 60 60 60 61 63 67
    69 73 74 71 67 64 63 64 64 64 64 64 62 59 58 59 62 64 66 69 71 72 70
    68 66 65 64 64 63 61 62 64 64 60 57 56 59 61 64 68 70 67 65 68 74 82
    86 84 75 64 57 55 57 58 56 52 48 48 51 55 56 57 56 57 60 64 66 65 62
    59 58 60 61 62 64 66 65 60 56 55 57 59 61 62 63 64 65 65 64 63 63 63
    64 64 63 62 63 66 67 63 61 62 65 65 30 53 101 115 125 86 68 29 105 7
    103 99 57 119 24 102 104 67 40 7 71 43 15 102 14 14 108 111 44 110
    17 17 58 53 42 67 3 32 69 29 41 106 120 27 18 56 109 55 79 76 36 63
    112 101 107 34 42 73 8 48 41 96 37 3 22 47 49 54 59 65 70 74 73 67
    62 62 64 63 56 49 49 56 63 62 57 51 47 47 49 52 53 51 50 51 55 59 60
    61 61 63 67 69 70 69 60 57 51 50 56 64 66 65 65 66 66 63 58 54 55 56
    56 57 58 60 60 60 63 65 62 59 57 56 58 62 67 70 72 75 75 70 61 52 48
    51 54 57 59 60 60 62 65 67 68 69 70 69 66 63 62 61 60 59 60 62 61 60
    58 59 62 67 72 76 78 77 73 69 63 59 60 64 65 64 65 68 69 66 63 61 60
    59 59 63 65 65 65 68 75 82 87 85 78 68 60 58 58 57 53 49 46 47 51 55
    59 60 59 57 59 62 62 59 54 52 54 58 58 58 57 58 57 55 54 56 59 62 63
    62 60 60 59 59 60 61 62 63 61 57 54 55 60 66 66 61 58 61 65 65 80
    116 1 51 108 85 16 98 33 86 12 74 33 110 87 0 5 86 115 94 44 65 122
    123 30 91 5 32 92 79 67 29 95 108 53 68 26 31 23 117 91 60 70 57 46
    34 42 12 7 121 108 76 72 22 93 39 78 56 20 20 118 110 32 125 6 50 53
    58 65 72 77 78 72 61 52 51 56 60 59 56 56 60 63 62 59 55 51 49 50 53
    56 55 52 49 51 56 59 58 56 56 61 67 71 71 68 64 56 53 59 68 72 70 68
    68 71 70 65 59 57 57 57 57 58 61 63 64 66 66 63 60 57 57 58 63 67 71
    75 78 75 68 59 51 48 49 51 53 56 57 57 59 61 62 63 64 66 67 66 65 65
    63 60 59 60 63 65 65 62 62 65 71 78 83 84 80 75 69 62 56 58 64 67 68
    69 71 73 72 71 70 66 63 60 61 63 63 65 68 72 77 83 84 79 71 64 62 62
    60 55 50 48 51 54 58 60 61 60 58 58 60 60 55 49 47 52 57 58 55 51 50
    49 51 55 59 64 66 67 65 62 60 57 55 55 56 59 60 56 50 47 49 55 62 63
    58 56 59 64 65 47 7 98 33 108 82 66 11 102 92 28 113 29 20 97 44 6
    41 9 109 108 34 97 14 11 41 11 30 63 4 117 81 72 103 90 86 18 53 79
    2 64 80 27 89 109 99 109 31 4 93 21 28 51 28 105 107 89 117 75 80
    104 11 100 9 55 59 62 67 72 78 82 80 71 59 50 49 54 61 64 63 64 65
    63 61 59 58 55 54 55 58 61 60 55 50 49 53 56 54 51 50 54 63 71 73 69
    65 58 55 60 69 74 73 70 70 74 76 72 65 60 57 56 55 57 63 69 70 71 69
    65 61 59 59 61 65 68 72 76 78 75 67 58 51 48 47 48 50 53 53 54 55 56
    58 60 62 64 65 66 68 68 67 64 63 65 67 70 70 67 64 65 72 81 86 86 80
    73 68 62 58 61 66 70 71 72 73 75 78 80 80 76 70 64 62 63 65 67 68 70
    74 79 81 79 71 65 63 64 63 58 55 55 59 61 61 60 59 60 60 61 62 61 56
    51 48 51 56 57 54 47 44 46 52 58 63 68 69 69 67 63 60 57 53 50 50 54
    57 54 49 46 49 54 59 60 57 57 60 65 65 106 10 62 65 33 126 7 32 53
    63 17 100 3 94 9 53 80 3 31 25 6 70 28 2 2 35 33 41 98 45 91 0 0 20
    25 14 65 8 92 77 56 99 38 124 94 89 97 120 96 65 104 22 44 107 100
    92 92 68 35 93 49 58 90 47 91 68 74 78 80 82 85 82 74 63 55 54 57 61
    64 66 68 67 64 60 58 57 56 57 60 64 67 65 58 50 48 50 53 52 48 46 50
    59 69 72 64 61 57 55 59 66 72 73 71 71 73 76 74 68 62 59 56 55 58 66
    74 77 74 69 65 63 63 64 66 68 69 71 75 77 75 68 58 51 47 46 47 50 51
    52 52 53 54 57 61 64 65 65 68 70 70 69 68 68 69 69 71 72 69 65 64 69
    77 82 81 76 69 65 64 64 68 72 73 73 72 72 75 80 84 85 81 74 66 63 64
    66 68 69 70 73 75 78 75 69 62 60 62 64 63 61 63 66 67 63 59 57 57 60
    63 65 64 60 55 51 50 52 53 51 46 43 46 53 61 66 70 70 69 65 61 58 54
    49 44 44 49 54 55 52 53 56 59 61 61 60 60 63 67 68 42 24 96 43 59 77
    52 127 82 79 48 92 108 70 52 53 35 91 17 58 55 9 29 4 49 3 42 41 75
    14 62 114 22 21 6 33 127 14 105 97 69 65 51 121 103 78 84 2 103 60
    29 54 32 112 32 73 59 76 72 84 97 115 56 114 9 74 80 83 83 83 85 84
    77 69 62 60 59 59 61 64 68 68 64 61 57 55 54 57 62 67 69 66 58 50 47
    48 50 49 46 44 47 55 64 68 63 61 59 58 60 63 68 70 69 68 69 69 69 66
    63 60 57 55 57 66 75 78 73 66 62 63 64 66 70 71 71 70 72 76 77 71 61
    51 47 47 49 51 52 52 53 54 55 58 62 65 67 68 71 73 71 69 68 68 67 65
    65 67 66 63 63 65 70 73 72 69 65 64 67 72 77 79 77 74 71 70 73 78 82
    83 79 73 67 63 64 67 68 68 70 72 72 73 72 68 62 60 63 66 68 67 68 69
    69 65 59 55 55 57 61 64 65 64 61 55 49 46 46 47 46 46 49 56 63 68 71
    71 68 64 59 55 51 46 42 42 47 52 54 56 60 65 67 66 64 63 63 66 70 71
    74 111 89 92 38 78 86 114 41 111 36 106 109 75 0 58 122 44 110 116
    10 53 120 88 111 27 15 32 12 17 31 82 39 97 93 91 19 79 42 127 80 56
    83 43 4 60 3 55 120 115 43 7 59 121 86 118 83 16 110 107 17 28 103
    30 33 72 78 81 81 82 83 82 77 71 66 62 59 57 58 62 66 67 66 63 58 54
    52 53 59 65 67 63 56 49 47 47 49 49 47 47 49 55 61 63 69 69 68 65 63
    63 66 68 67 65 63 61 60 60 60 59 57 54 56 62 70 73 68 61 57 57 59 62
    67 70 70 68 68 73 77 74 65 55 50 51 52 53 52 52 55 58 59 59 60 62 65
    70 75 77 73 69 67 65 62 57 56 59 61 62 63 62 62 62 62 62 62 63 69 76
    82 82 78 74 70 69 72 76 78 77 75 72 68 66 66 67 66 67 69 70 69 69 70
    69 66 65 68 71 74 73 71 70 69 67 63 59 56 55 58 62 65 66 64 58 50 45
    43 46 49 51 54 58 64 69 72 71 68 65 60 55 51 46 44 46 50 52 53 55 62
    68 71 69 65 62 63 67 72 73 20 127 4 76 115 23 112 101 62 68 72 103
    42 42 114 53 3 47 18 77 62 5 25 102 97 98 54 32 39 13 49 8 77 66 8
    18 43 15 8 124 24 80 64 29 57 105 48 35 22 52 43 113 78 39 99 26 60
    51 48 47 58 33 95 30 37 66 70 74 77 78 77 76 73 70 67 64 62 60 61 63
    65 67 68 66 61 55 51 52 57 63 65 61 55 51 50 50 50 51 51 52 54 56 57
    58 78 78 76 72 67 66 68 70 69 64 60 56 55 56 57 57 55 53 54 58 64 66
    62 55 50 48 50 54 60 64 65 63 63 69 76 75 69 61 58 59 59 55 52 52 56
    62 64 60 57 56 61 70 78 81 77 71 66 64 59 53 50 52 56 61 64 63 60 58
    57 59 61 63 69 75 80 79 75 71 68 69 73 75 75 74 74 74 73 70 68 66 64
    64 66 68 67 67 69 70 70 71 74 76 77 74 71 69 69 69 68 64 60 57 58 61
    63 63 61 56 51 47 46 50 54 57 59 62 67 72 74 73 70 68 63 57 52 48 47
    50 52 52 51 53 59 65 69 68 64 61 61 67 74 75 117 7 49 0 84 101 81 22
    88 83 11 124 22 120 20 14 96 98 117 3 104 21 9 121 54 33 75 22 9 38
    70 48 113 96 73 100 9 50 27 123 62 91 18 97 105 47 63 97 66 107 115
    28 47 50 44 37 121 30 125 89 53 2 49 98 46 61 62 65 71 72 71 68 67
    67 68 67 66 67 68 68 68 70 71 69 63 56 52 54 59 63 64 61 59 57 56 55
    54 55 56 57 57 57 55 54 81 80 78 72 67 67 70 74 73 67 63 58 56 57 57
    57 54 51 52 56 60 61 58 51 45 41 42 48 55 60 60 60 61 67 73 73 70 65
    64 66 64 59 53 52 57 64 66 62 56 54 60 70 80 84 82 75 69 66 61 54 49
    49 54 60 65 66 65 62 60 60 60 62 66 72 75 73 68 64 63 67 73 75 75 76
    78 80 78 73 69 65 62 62 64 67 69 70 71 72 72 74 77 78 75 70 67 66 68
    70 70 66 62 59 59 60 60 59 56 53 52 52 54 58 61 62 62 66 73 78 79 76
    71 68 63 57 53 50 49 50 51 51 51 53 56 59 62 63 61 59 60 66 74 77 19
    82 59 13 110 77 15 58 55 115 30 122 99 42 57 25 15 122 9 18 26 50
    112 94 95 73 83 78 18 82 72 13 98 95 32 11 65 126 87 9 55 102 88 104
    77 39 47 61 88 104 40 73 78 38 65 119 46 7 123 30 19 59 66 98 17 64
    61 62 66 67 65 63 63 66 68 68 69 72 75 76 75 74 73 70 63 56 52 55 59
    62 63 63 64 64 64 62 59 58 59 60 60 57 53 51 75 74 71 66 62 64 70 76
    77 73 69 65 63 62 62 59 55 51 52 56 62 63 60 54 46 41 41 46 53 56 56
    58 60 65 71 72 71 68 68 70 67 60 53 52 57 63 67 66 62 61 66 75 83 86
    84 78 72 70 66 59 53 51 55 61 67 70 70 69 65 62 60 59 63 69 72 69 63
    57 56 62 70 75 77 79 82 83 80 74 69 64 62 61 61 64 68 72 74 74 73 74
    77 77 72 66 63 64 66 67 67 64 61 60 59 59 59 57 53 51 53 57 62 66 67
    66 66 70 78 82 82 77 70 64 59 55 53 52 51 49 49 51 56 57 57 56 58 59
    59 58 59 65 73 79 108 79 53 120 121 112 44 77 24 57 70 95 76 45 71
    73 7 68 105 59 86 17 48 89 93 117 40 1 113 82 88 56 85 7 113 62 52
    44 83 52 59 71 54 100 118 28 109 73 61 40 50 24 9 94 14 112 87 88 28
    25 51 94 84 104 116 72 66 63 64 65 64 63 64 67 68 68 69 74 79 82 80
    77 73 68 63 58 55 56 60 64 65 66 67 69 69 67 62 57 57 59 60 57 52 50
    67 65 61 56 54 60 68 77 81 79 75 70 67 66 65 62 57 53 54 58 64 68 68
    63 55 48 45 46 50 53 55 59 62 66 70 72 73 71 70 71 68 60 53 52 55 61
    67 70 71 73 77 82 85 85 83 79 75 74 71 64 57 55 58 63 68 72 73 72 69
    65 60 58 60 66 71 68 61 53 51 56 66 72 76 79 81 81 78 72 67 63 61 59
    57 59 64 71 76 77 75 74 76 75 69 63 59 60 61 61 60 58 58 59 60 61 61
    59 55 53 56 61 66 71 71 70 70 74 80 82 81 75 67 59 55 53 55 57 54 51
    50 55 61 64 61 58 57 58 58 59 59 62 70 77 124 38 125 3 12 93 41 123
    107 23 64 115 38 14 119 94 94 44 93 41 16 33 86 24 6 1 105 99 50 32
    52 83 94 111 98 73 19 30 91 106 21 95 89 76 84 17 67 7 58 70 58 119
    121 109 69 103 15 93 62 26 47 122 24 73 74 79 73 67 66 67 68 68 69
    69 68 66 67 74 81 84 81 75 69 66 65 62 60 59 63 67 69 69 67 67 68 67
    61 55 54 57 61 60 56 54 58 56 51 47 48 55 66 75 81 81 78 72 68 66 64
    62 60 57 57 60 66 73 76 74 66 57 49 46 49 53 58 63 65 67 70 72 72 69
    68 70 68 62 56 54 55 59 65 70 75 78 82 84 84 83 81 79 78 77 74 67 61
    59 62 64 67 70 70 69 67 65 62 58 60 65 69 67 60 52 49 54 61 67 71 74
    75 76 73 69 64 61 59 58 55 56 60 68 76 79 78 75 73 72 68 62 58 56 55
    53 53 55 57 59 61 63 65 63 60 59 61 65 70 73 75 75 75 77 78 78 76 70
    61 54 52 54 58 60 58 54 54 59 65 67 64 61 58 59 61 62 60 61 66 73 16
    111 5 43 74 106 94 85 73 2 6 119 22 30 2 65 57 117 18 61 97 23 108
    114 6 31 0 103 96 20 33 19 43 16 100 66 17 7 75 4 89 15 12 114 19
    118 79 110 84 20 90 15 20 55 56 17 98 15 74 107 100 14 122 113 93 82
    76 70 68 70 73 73 73 71 67 64 65 72 79 80 76 68 62 63 67 68 65 63 65
    70 72 70 64 61 63 64 61 56 55 60 66 67 64 63 49 47 43 41 43 52 63 71
    76 78 78 74 68 64 62 62 63 62 61 61 65 73 80 82 75 65 54 47 49 55 63
    69 69 67 67 67 65 62 62 65 67 66 62 58 56 58 62 66 69 72 75 76 77 78
    79 79 79 77 73 68 65 64 64 63 62 63 64 64 64 63 62 60 60 63 65 65 59
    55 55 58 61 62 65 69 72 73 72 68 64 60 58 57 56 57 61 67 74 78 76 72
    68 67 66 64 60 56 53 51 52 56 60 63 65 68 69 68 65 63 65 69 72 76 78
    78 77 76 74 72 70 64 55 50 51 56 60 60 57 54 55 59 65 66 64 60 59 61
    64 65 62 60 63 69 123 120 36 44 8 46 121 40 103 116 107 49 79 33 28
    50 29 1 116 60 54 106 48 76 81 5 19 55 63 109 75 55 76 8 104 21 111
    25 20 114 70 54 8 103 21 27 122 104 68 42 9 9 42 60 110 54 4 90 89
    109 77 121 62 52 51 80 76 71 69 71 73 75 74 70 65 62 64 69 73 73 69
    61 57 60 66 68 66 64 66 70 72 69 60 57 59 62 62 60 61 67 73 75 74 73
    45 43 38 36 40 51 60 66 69 72 75 73 68 64 63 65 68 65 61 59 61 70 79
    84 82 73 60 51 50 58 67 72 70 65 61 58 55 53 54 59 65 68 65 60 57 57
    59 60 60 61 63 65 69 72 75 78 78 75 71 68 67 68 65 59 55 55 57 59 60
    61 61 61 61 61 62 62 61 61 65 67 64 60 60 65 71 74 74 71 66 62 59 59
    60 62 65 69 73 74 71 66 63 63 64 65 62 58 55 53 56 62 66 68 70 73 73
    72 68 64 65 68 73 77 79 80 78 74 70 67 64 58 50 47 52 59 61 58 54 53
    53 57 60 60 59 57 58 62 67 67 63 59 59 63 117 7 117 88 3 34 9 125 98
    116 43 57 55 97 64 60 103 35 49 40 96 49 2 76 98 64 117 67 72 123 73
    17 89 73 123 16 96 17 116 41 60 34 125 5 108 113 104 112 123 103 88
    13 48 58 64 120 96 26 17 9 37 120 58 24 92 78 75 71 69 69 70 72 70
    65 61 60 62 66 68 67 63 57 54 57 61 63 62 61 63 66 67 64 58 55 57 60
    62 62 65 71 77 80 81 81 45 42 37 35 41 52 60 64 66 69 72 72 69 67 67
    71 72 68 61 57 58 66 75 83 84 79 67 56 53 57 65 69 68 62 56 51 48 46
    49 55 62 66 64 59 54 53 53 53 53 54 58 62 65 67 69 71 71 68 65 64 66
    67 63 57 52 53 55 58 60 60 60 61 61 60 60 61 62 67 73 73 67 59 57 63
    71 77 77 72 67 63 60 61 63 65 67 71 73 71 67 62 59 61 64 67 67 63 59
    58 61 68 72 72 73 75 75 73 69 64 63 67 72 75 77 78 77 74 68 65 62 55
    49 48 55 62 62 57 52 51 52 55 57 57 56 56 58 62 66 68 65 62 60 59
    116 107 12 26 102 17 93 113 82 28 107 60 82 66 21 107 0 57 16 5 27
    44 86 53 91 85 80 61 59 50 72 4 32 123 15 40 40 125 91 95 92 23 70
    80 117 12 125 118 6 52 123 96 15 2 111 123 88 117 47 67 125 60 71 55
    110 74 74 71 67 65 65 66 64 59 56 57 60 63 64 63 60 55 52 54 56 57
    56 57 57 59 60 59 57 56 58 59 59 61 64 69 75 79 82 83 47 44 38 38 46
    57 64 68 70 71 71 69 68 68 70 73 73 68 62 57 57 62 71 79 82 79 71 61
    54 54 58 62 62 58 53 50 47 46 48 52 58 61 61 57 52 48 46 47 50 56 62
    66 66 64 63 64 63 60 58 58 60 63 62 59 57 57 59 60 60 59 57 57 58 58
    58 59 61 67 74 75 68 60 58 63 72 78 77 72 67 62 60 62 65 67 69 73 74
    73 67 60 57 58 62 67 71 69 65 63 66 72 75 75 74 75 74 71 67 62 62 66
    71 73 73 74 74 72 69 67 64 58 53 53 59 65 64 57 50 49 52 55 57 57 58
    59 60 61 64 69 71 70 65 61 2 12 13 64 77 64 39 7 88 26 22 76 72 92
    91 29 2 79 67 112 39 116 114 9 61 68 7 12 54 121 88 51 45 84 104 105
    3 60 122 119 29 49 33 39 69 115 100 0 76 88 13 107 83 96 115 9 77 25
    26 125 95 96 111 12 97 70 71 69 64 60 58 59 57 54 52 53 56 60 61 61
    60 57 55 55 54 54 53 52 52 54 57 59 58 56 57 56 55 57 59 63 68 73 78
    79 50 47 44 47 55 65 70 74 76 75 70 65 65 68 70 71 69 66 63 60 59 62
    67 73 75 74 69 61 54 52 53 55 54 53 53 54 55 54 53 53 56 60 62 60 55
    49 45 45 51 59 67 71 69 65 62 61 59 56 53 53 56 61 65 67 68 67 65 61
    57 53 49 50 51 54 55 55 57 63 70 73 69 63 62 67 74 77 74 69 65 61 60
    63 67 69 70 73 76 74 68 61 57 55 58 63 69 70 67 65 67 72 75 76 76 74
    71 68 65 62 63 66 70 70 68 67 69 70 70 70 68 63 57 57 63 69 69 61 52
    49 52 58 61 62 61 61 59 58 62 70 78 80 76 69 97 100 123 98 111 47
    122 117 16 100 19 24 61 63 33 35 27 37 106 22 19 76 52 88 0 105 53
    47 77 23 63 93 66 26 52 17 114 97 91 68 126 28 3 52 18 102 107 22
    104 40 41 92 93 127 18 2 101 115 14 88 1 82 91 99 116 65 65 63 59 55
    53 53 53 52 50 50 52 56 59 62 62 61 60 59 57 55 53 51 50 54 60 64 62
    58 56 55 54 55 55 57 60 66 73 74 53 51 51 56 65 71 74 78 81 79 70 63
    63 67 69 66 64 64 65 65 64 64 66 69 70 69 65 59 52 51 53 54 52 53 58
    63 66 65 61 57 57 62 67 67 62 55 49 48 53 61 68 71 69 66 65 64 61 57
    54 54 56 62 70 76 79 75 67 57 50 44 41 43 46 51 54 53 53 57 64 69 68
    65 65 69 74 74 70 66 61 58 59 64 69 71 72 75 75 73 66 60 56 54 55 58
    63 66 67 68 69 71 73 76 76 73 70 66 64 64 64 67 69 66 61 58 60 65 70
    73 71 64 59 59 64 71 73 66 57 53 56 63 67 67 65 61 56 54 58 70 82 88
    85 77 44 70 37 43 118 49 30 36 65 119 48 110 0 47 94 77 49 19 108 62
    47 75 11 88 90 105 79 106 3 119 127 125 121 11 90 124 16 77 36 3 30
    52 67 79 75 53 104 77 58 82 54 59 78 16 99 55 32 67 106 65 90 50 99
    5 51 61 59 57 54 51 49 49 51 52 51 50 51 55 60 66 68 67 66 63 61 58
    55 52 52 58 65 69 67 62 60 59 59 59 56 55 57 63 71 73 53 52 55 62 69
    74 77 80 84 80 70 62 62 65 66 64 62 63 66 69 69 69 68 69 71 69 65 57
    51 52 56 58 57 58 65 72 76 75 68 62 60 66 72 72 68 62 55 52 54 59 63
    65 65 65 67 67 66 63 61 61 62 66 74 81 84 78 67 54 44 39 38 41 47 53
    57 57 55 56 60 65 66 65 65 68 71 71 68 64 59 56 57 63 68 71 74 76 75
    69 61 56 54 54 54 55 58 62 67 70 71 72 72 75 75 72 69 66 65 65 65 67
    66 63 58 54 55 62 70 74 70 63 58 59 65 73 74 68 60 57 61 67 70 70 66
    60 53 51 56 69 80 86 84 78 100 11 74 32 42 58 87 37 8 112 93 108 19
    105 75 1 86 127 45 53 3 60 30 120 112 21 4 21 63 1 76 66 11 50 81
    107 51 23 87 35 75 41 31 67 39 111 59 59 43 109 29 49 24 66 100 61
    20 58 84 122 61 11 5 97 97 62 59 57 55 53 50 50 53 56 55 53 53 57 64
    71 73 72 69 66 64 60 57 55 56 61 67 70 69 67 67 67 66 64 59 56 57 63
    71 74 52 53 56 62 68 73 77 81 84 80 70 63 62 64 65 64 64 65 68 70 72
    72 71 72 73 71 66 59 54 56 61 63 62 64 69 76 80 79 73 66 65 71 76 75
    71 65 59 56 56 57 59 60 61 64 68 70 71 70 68 68 67 69 74 80 82 77 66
    54 45 41 42 47 53 59 64 63 60 57 58 62 63 63 63 66 70 70 67 64 59 55
    55 58 63 67 71 73 70 64 56 53 54 56 57 56 58 62 68 72 74 73 72 71 70
    68 65 63 65 66 66 66 64 62 58 55 56 62 70 74 69 60 56 59 67 75 75 68
    61 59 62 67 69 71 68 62 56 54 57 65 72 75 74 70 32 21 105 49 85 69
    76 7 100 79 118 44 75 42 84 14 91 29 4 120 118 16 0 13 75 27 120 126
    25 127 124 116 25 30 111 89 110 75 73 44 25 29 33 43 102 102 37 59
    38 97 33 37 27 48 98 110 114 43 50 108 30 91 92 99 72 68 64 62 60 57
    54 55 58 61 59 56 57 61 68 73 74 71 67 64 62 60 57 55 56 60 63 67 69
    71 73 73 72 68 64 61 61 66 71 73 54 55 57 62 66 71 76 82 84 79 69 63
    62 64 66 69 71 71 71 72 72 72 72 72 73 71 66 62 59 60 63 64 63 63 66
    71 74 74 71 68 68 73 77 75 71 66 62 59 57 57 59 61 64 67 70 73 74 73
    71 69 68 67 69 73 75 73 66 58 52 50 51 55 60 66 70 70 65 60 58 59 60
    61 62 66 69 69 67 65 62 58 55 55 59 62 67 67 64 59 55 54 57 59 60 62
    64 67 70 71 73 71 68 65 63 61 60 58 61 65 67 67 65 63 61 60 59 62 68
    72 69 61 58 62 71 77 75 67 61 59 62 65 68 71 71 66 62 60 61 62 62 61
    60 59 65 81 125 50 90 77 58 35 27 108 108 82 124 20 42 38 37 100 33
    63 32 64 70 49 8 93 84 60 69 124 10 1 11 48 120 118 34 89 30 69 108
    18 12 111 107 50 9 63 72 87 0 52 32 102 79 115 29 14 107 59 87 61 74
    89 99 74 71 68 67 63 60 60 63 64 61 58 58 62 67 70 70 67 64 63 61 58
    55 54 54 56 59 64 68 71 73 73 71 69 68 67 66 67 69 70 58 58 60 62 64
    68 75 80 81 74 65 61 62 66 71 76 78 77 75 73 72 71 71 72 71 68 64 62
    61 61 61 60 58 58 59 61 62 62 62 64 68 73 76 74 71 67 64 62 60 59 61
    65 69 71 73 74 73 71 68 67 66 63 64 66 68 69 67 63 60 58 58 58 60 65
    70 71 67 63 60 59 60 61 63 66 67 65 64 64 64 61 58 57 59 61 64 64 61
    60 60 62 63 63 63 66 70 71 71 69 68 67 63 59 57 57 55 55 58 63 67 68
    66 66 65 65 62 61 63 68 69 65 63 67 73 78 75 68 62 60 61 65 68 71 71
    68 66 65 64 61 57 53 52 54 12 42 81 19 15 109 61 77 114 29 50 13 103
    127 122 4 47 113 83 105 71 18 66 100 53 76 19 70 1 115 42 77 53 109
    89 45 30 75 58 16 86 1 44 107 119 29 62 100 60 91 62 54 66 95 50 98
    106 17 38 107 5 26 40 115 52 75 74 72 72 69 66 67 68 67 63 60 60 61
    63 65 65 65 65 64 61 58 56 56 56 56 59 63 68 70 69 67 67 68 70 70 69
    68 68 67 65 65 64 62 61 64 71 76 76 68 60 59 64 72 78 82 82 80 77 73
    70 69 70 70 69 66 63 61 59 56 54 53 52 53 55 55 53 52 54 60 67 74 78
    76 73 70 68 67 64 61 62 67 71 73 72 71 69 67 66 66 65 63 61 61 63 64
    65 65 65 64 62 57 56 59 65 68 68 66 64 62 62 63 65 67 65 62 60 62 65
    66 64 64 65 65 65 63 61 63 67 69 68 65 64 67 71 71 68 65 64 63 59 56
    54 54 54 55 58 62 65 66 66 68 69 67 63 58 59 64 68 68 66 68 72 76 77
    71 65 62 63 66 68 69 69 67 66 68 67 62 56 53 54 56 101 102 27 3 75
    123 91 29 99 61 53 14 100 105 120 18 21 94 94 88 86 55 119 30 107
    105 14 65 59 40 98 121 82 26 50 82 102 94 6 123 83 91 93 59 87 81 97
    105 125 21 61 120 5 13 87 57 17 26 25 53 126 32 16 56 55 72 71 71 73
    73 72 73 73 72 69 66 64 62 61 61 61 63 66 66 62 58 58 59 60 59 60 63
    67 67 63 61 63 67 71 72 72 71 71 70 71 70 66 62 59 61 67 70 68 62 57
    59 68 78 84 84 81 78 74 70 67 66 68 69 69 67 64 60 55 50 47 47 49 53
    57 57 53 49 50 56 65 74 79 79 75 72 71 70 67 62 62 66 71 73 72 69 68
    67 67 68 68 66 64 62 61 62 64 67 69 69 64 55 51 54 61 65 65 66 67 65
    64 64 66 67 65 61 58 62 68 72 72 71 70 69 66 62 61 65 71 73 69 64 62
    63 65 64 62 60 60 60 59 58 56 57 58 60 62 64 64 64 66 70 71 68 62 58
    59 63 67 68 67 66 69 75 79 75 69 65 65 67 68 68 67 65 66 68 69 64 58
    56 58 60 74 23 10 29 35 113 63 58 42 34 82 70 101 39 93 84 39 51 103
    32 69 103 92 10 79 56 41 91 45 113 97 31 92 1 44 52 17 29 113 80 35
    116 69 1 29 68 21 5 7 26 56 109 39 108 58 125 30 0 63 126 27 8 33
    125 54 69 68 68 71 73 75 76 77 77 77 74 70 65 61 59 59 63 68 68 64
    60 60 63 64 62 62 63 65 63 58 57 60 65 68 71 73 74 74 74 74 72 67 60
    56 57 62 63 61 57 55 60 71 81 84 81 77 74 70 66 63 63 66 68 69 69 66
    61 54 46 42 44 50 57 63 64 59 53 50 53 61 71 78 80 78 75 73 73 69 64
    63 66 69 71 70 70 70 71 70 69 68 68 65 61 58 58 62 68 73 73 65 54 49
    52 58 61 62 64 66 66 65 65 67 68 66 63 61 66 72 76 75 73 72 71 67 61
    60 64 70 72 68 62 58 56 57 57 58 59 60 61 61 62 62 64 66 67 67 65 63
    61 64 68 69 67 63 62 62 63 66 67 66 65 68 74 79 77 71 65 64 65 64 64
    62 61 64 68 71 67 61 60 62 63 118 27 41 54 101 72 70 4 116 107 58 50
    34 106 88 4 110 36 46 24 19 103 125 112 58 16 103 119 85 51 68 29 30
    127 14 63 35 16 29 7 43 114 30 39 110 82 114 71 87 12 90 54 93 94 28
    55 102 83 54 86 88 7 65 62 65 66 66 66 68 71 75 76 77 79 80 78 74 69
    64 61 61 65 71 71 66 62 62 65 66 66 65 64 63 59 56 57 60 64 65 67 71
    73 73 73 74 72 66 59 56 57 60 60 56 53 53 58 68 78 81 78 73 70 67 64
    61 61 62 64 65 66 65 61 53 45 42 46 52 60 67 69 65 58 53 52 57 65 73
    77 78 77 75 74 71 66 65 65 67 68 69 71 73 73 70 67 66 65 61 55 52 53
    59 68 74 73 65 55 50 53 59 61 60 62 64 64 64 65 68 70 68 67 66 71 76
    77 75 72 72 71 67 61 58 62 66 68 66 62 58 55 55 56 58 61 63 64 66 67
    69 72 73 71 68 64 61 58 59 62 66 66 65 65 63 62 63 65 65 65 67 73 78
    76 69 62 59 58 58 59 57 56 59 67 72 70 66 64 64 65 57 48 119 23 77 7
    1 87 84 39 50 116 105 65 7 114 45 41 70 36 2 75 1 85 69 94 15 40 49
    88 28 13 42 102 116 25 60 108 32 20 110 127 68 83 28 63 88 89 30 123
    78 55 69 42 96 85 46 69 13 77 62 107 15 45 5 66 67 66 65 68 71 73 75
    76 76 74 71 69 67 66 66 69 73 72 67 63 63 65 65 66 66 63 60 57 57 61
    64 65 64 64 66 66 65 65 73 71 65 60 59 61 61 58 53 50 50 54 63 72 75
    72 69 67 66 64 61 58 56 56 58 60 61 59 53 47 47 51 57 61 65 66 63 59
    55 53 55 60 66 72 76 76 75 74 72 68 65 63 63 64 66 70 74 75 71 66 63
    61 56 51 48 50 57 65 70 70 63 55 53 57 63 62 60 59 59 58 59 63 69 71
    70 70 71 75 77 74 71 69 71 72 68 63 59 61 64 65 65 63 60 59 58 58 60
    66 69 72 73 74 75 77 75 70 64 61 59 56 55 57 61 65 67 66 61 57 58 61
    64 65 67 72 76 74 68 59 54 52 52 53 52 51 54 62 70 72 70 69 68 68 80
    69 7 117 22 110 50 19 73 42 62 58 4 29 88 8 37 119 82 121 68 4 49 42
    33 55 69 74 107 85 15 98 11 72 120 56 104 101 122 118 82 96 126 14
    11 20 19 40 33 45 62 22 103 114 14 72 88 97 6 13 101 125 8 113 96 67
    68 67 64 65 68 71 73 73 69 65 63 64 67 69 70 70 71 69 65 62 62 62 62
    62 62 60 57 57 62 67 70 70 67 65 62 58 54 53 70 69 66 64 65 66 64 59
    52 49 50 54 61 67 69 66 63 62 63 64 62 57 53 51 53 57 60 60 56 53 54
    59 61 61 59 57 55 55 56 57 57 58 61 68 73 75 75 74 73 69 63 58 58 60
    64 70 76 78 74 68 64 61 56 52 51 53 57 62 66 66 61 55 56 62 66 63 59
    57 54 52 55 61 68 71 70 70 72 74 74 69 66 66 70 72 69 65 62 62 63 64
    64 64 64 64 64 62 64 69 74 78 79 78 76 74 70 64 60 60 59 56 53 54 60
    66 68 65 58 53 53 57 63 66 68 71 74 73 66 58 52 48 48 49 48 47 49 57
    65 71 73 72 72 72 117 97 76 110 56 54 85 126 67 56 59 55 24 113 71
    32 52 17 80 123 74 41 6 53 73 116 45 106 15 4 78 99 124 72 74 44 4
    116 112 112 125 88 3 71 14 16 38 93 22 15 32 32 81 8 89 57 61 91 25
    106 10 81 54 87 67 67 69 68 66 66 68 72 73 70 63 56 54 57 62 66 67
    66 65 64 62 60 59 59 59 59 57 54 54 58 65 72 75 75 71 68 63 56 51 50
    66 66 67 69 71 71 67 62 56 53 55 59 65 68 66 61 58 59 61 64 64 60 56
    53 56 60 64 65 63 62 63 65 64 60 55 51 48 50 56 60 61 62 63 68 73 75
    76 77 76 71 62 55 54 56 61 69 78 82 79 73 68 64 60 58 59 59 60 62 63
    63 59 56 58 63 65 61 57 55 54 52 54 59 65 67 67 68 69 70 69 65 62 64
    68 71 70 67 64 63 64 63 63 64 66 69 70 68 67 70 75 78 79 77 72 68 63
    58 57 59 60 59 56 57 61 65 66 63 56 51 52 57 64 68 70 71 72 71 65 58
    52 48 46 47 46 46 48 54 62 69 72 72 73 75 76 72 67 64 65 68 68 66 63
    62 61 60 59 58 56 54 53 56 60 65 68 69 70 71 71 68 64 61 61 63 67 69
    68 65 63 66 73 78 78 75 72 70 65 60 58 60 61 60 56 53 52 52 56 59 60
    58 55 52 54 60 67 71 69 65 63 66 70 71 70 69 70 73 73 68 59 51 50 53
    58 62 62 60 59 59 60 59 59 60 61 59 55 50 49 55 64 72 75 75 72 69 64
    60 57 57 65 66 68 70 70 70 69 67 63 59 59 64 69 70 65 59 57 58 60 64
    65 64 62 60 64 68 71 72 70 69 69 68 65 62 58 54 50 50 55 61 65 68 70
    73 75 77 78 80 80 73 63 55 54 56 60 68 78 83 82 77 71 67 65 66 67 66
    64 63 63 62 59 56 57 60 60 58 56 57 58 57 56 55 56 58 59 61 63 65 65
    63 62 62 67 70 70 67 62 62 63 63 63 63 67 72 74 72 70 70 71 74 74 71
    66 62 58 55 56 59 62 62 61 62 65 67 66 63 57 53 54 61 69 73 73 72 72
    71 66 59 53 48 46 46 46 47 49 54 61 67 70 70 72 75 77 74 69 67 68 69
    66 61 58 60 62 64 64 62 59 57 57 58 58 60 65 71 73 72 70 67 63 62 63
    65 68 69 68 64 62 65 70 71 68 64 63 63 62 62 65 67 67 65 63 61 60 60
    62 62 61 58 54 53 56 61 66 68 65 60 58 62 69 72 72 72 72 73 71 64 56
    51 51 55 60 63 61 57 55 58 61 62 63 67 69 67 60 53 49 52 60 68 73 72
    69 67 65 65 66 66 72 72 70 67 65 66 68 69 65 59 57 61 67 70 66 60 58
    59 60 63 66 67 67 66 69 72 74 73 71 71 71 69 66 65 64 63 58 55 57 61
    66 71 74 75 76 77 79 81 80 75 67 61 61 62 65 70 76 81 81 79 73 68 67
    70 71 70 66 62 60 59 58 57 58 58 57 55 55 60 64 64 59 52 47 47 50 54
    56 60 63 63 64 65 68 71 70 65 60 60 63 65 65 65 68 72 75 74 72 69 66
    66 67 66 64 61 59 57 56 58 60 63 65 68 72 72 69 65 60 57 59 66 73 76
    75 74 73 73 69 63 57 52 50 50 51 52 54 58 62 66 67 67 68 72 75 73 71
    70 71 70 63 56 54 57 62 66 68 66 62 60 61 61 58 59 63 68 70 68 67 67
    67 67 67 68 70 71 69 64 61 63 66 65 60 57 55 55 56 61 67 72 71 69 67
    66 66 65 64 63 61 58 57 59 62 64 64 63 59 54 54 59 67 71 72 71 71 70
    65 58 53 53 57 63 67 68 63 57 54 57 62 65 69 76 81 80 73 62 54 51 55
    64 69 68 65 64 65 67 70 71 81 78 71 62 57 59 64 65 60 53 50 54 62 67
    65 61 58 59 61 65 69 70 68 67 68 68 68 65 64 65 67 66 66 67 70 70 66
    60 60 63 68 72 73 73 73 74 75 77 77 76 72 70 71 72 74 74 74 76 77 77
    74 68 66 68 69 68 64 61 58 57 58 60 61 58 55 53 54 59 64 66 60 50 43
    42 45 49 53 57 61 65 68 70 71 72 70 65 60 61 66 69 68 67 67 68 70 71
    70 67 61 59 60 62 64 65 65 62 59 58 59 63 68 73 76 75 71 66 62 60 62
    67 73 75 75 76 76 76 72 66 61 58 57 58 59 62 63 65 67 68 66 64 63 66
    69 69 69 70 71 69 63 56 53 56 61 66 69 69 66 65 65 64 61 60 64 67 68
    66 66 70 72 74 73 72 72 72 68 62 58 61 63 61 56 53 51 49 51 58 67 74
    74 70 66 63 62 61 61 62 61 60 62 66 68 66 62 57 54 52 53 58 63 66 66
    65 64 62 58 54 54 57 64 69 72 70 64 57 53 55 60 66 73 82 89 90 84 73
    61 52 53 60 65 64 62 61 63 66 68 70 80 76 67 57 52 54 57 57 52 46 46
    51 60 66 65 62 60 61 64 68 71 70 66 63 62 60 58 56 55 56 59 61 63 67
    70 71 67 62 62 66 70 72 73 72 72 72 72 73 73 73 74 76 79 80 80 77 72
    69 70 73 72 67 63 62 63 64 62 61 59 58 61 64 65 60 55 51 51 55 61 63
    60 51 44 43 45 50 55 59 62 65 69 71 70 70 69 67 65 67 72 74 73 70 66
    62 61 63 66 65 59 56 58 62 67 70 70 68 63 59 59 63 69 74 78 76 72 66
    62 59 60 63 67 69 72 75 75 74 72 67 65 64 64 66 67 68 70 69 70 69 67
    64 61 62 65 66 66 67 67 66 62 58 55 57 62 67 72 74 73 72 70 66 62 62
    65 68 68 67 69 74 77 80 79 77 74 70 64 58 56 59 62 59 55 51 49 48 50
    56 65 73 73 69 63 57 53 53 56 61 63 63 66 70 71 66 59 54 53 54 55 57
    58 59 60 61 60 58 55 54 57 62 69 72 71 67 63 59 55 53 57 63 73 85 93
    95 90 79 65 55 54 59 62 61 60 58 59 62 65 67 66 64 58 52 50 52 54 52
    48 46 49 56 64 68 68 65 63 63 65 68 69 67 61 56 53 51 51 51 51 51 52
    54 58 62 65 66 64 62 64 70 74 74 73 73 74 75 75 73 71 69 71 75 80 81
    80 75 67 62 64 68 70 66 59 55 56 59 62 64 62 60 61 65 66 62 56 51 50
    53 58 62 61 56 50 48 50 55 60 63 63 65 67 68 66 65 66 68 70 72 76 77
    75 70 63 55 51 54 61 64 63 62 64 67 72 74 72 69 65 61 61 65 68 71 74
    73 71 66 62 59 58 58 60 63 68 71 70 67 66 65 66 66 65 65 66 68 70 70
    71 72 71 68 63 62 65 65 65 63 62 61 61 59 57 58 62 68 74 77 77 75 72
    67 63 63 67 70 70 70 73 77 80 82 83 81 76 68 61 55 55 60 62 60 54 50
    50 53 55 58 62 67 67 64 60 55 50 50 53 59 63 65 69 73 74 68 61 57 56
    59 60 59 56 56 58 61 62 60 59 58 60 65 71 72 67 63 61 60 57 53 53 59
    70 83 91 93 88 79 67 59 57 60 62 61 60 57 56 58 62 65 50 49 48 48 51
    54 56 53 50 51 56 63 69 72 72 69 66 64 62 63 62 59 54 48 45 46 50 54
    54 52 49 49 51 54 58 60 61 62 66 71 75 74 72 72 75 78 78 74 69 66 67
    72 77 79 77 72 64 59 59 63 65 63 58 53 54 59 65 67 65 61 60 63 65 63
    59 55 54 56 61 64 65 62 56 53 53 57 62 65 65 65 66 66 64 62 64 67 69
    71 74 76 74 69 61 51 45 48 58 67 72 74 76 76 77 75 71 68 65 66 68 69
    67 65 66 67 67 65 63 61 58 56 57 60 63 64 61 57 58 60 63 62 59 58 60
    64 67 69 72 75 76 73 68 66 67 68 67 64 61 59 61 62 59 59 62 68 74 76
    74 72 70 67 65 65 67 71 72 73 75 77 78 80 82 82 77 68 60 57 58 62 64
    61 56 53 56 61 64 63 60 59 58 58 58 58 55 53 54 58 62 66 71 75 74 69
    63 59 59 63 64 61 56 55 59 65 67 67 65 62 62 65 69 69 64 59 59 61 59
    55 52 55 66 77 84 85 81 75 68 63 63 64 64 62 60 57 54 55 59 62 41 41
    44 48 53 59 61 59 57 58 63 68 72 73 72 69 67 63 60 58 56 53 47 42 42
    46 54 61 61 57 50 47 47 51 55 59 62 64 66 70 73 72 70 70 73 77 77 73
    67 63 64 69 75 77 75 70 64 59 57 59 61 63 60 57 58 62 67 68 66 61 59
    62 64 65 64 63 63 65 67 69 69 67 61 55 52 54 59 64 65 66 68 68 66 64
    64 63 62 63 67 71 72 69 62 52 46 50 62 74 82 86 86 83 80 74 67 64 65
    71 77 77 69 60 57 57 59 61 64 64 61 58 58 61 62 59 54 50 52 56 60 59
    55 54 57 62 68 71 74 77 78 76 71 69 69 69 69 67 63 61 63 65 62 60 60
    65 68 69 66 65 65 65 65 64 65 68 70 71 73 73 74 76 79 79 76 69 64 61
    62 63 62 60 57 57 62 70 73 69 61 56 53 55 59 62 61 57 54 55 60 65 70
    73 72 67 61 58 57 61 64 62 57 56 60 67 71 71 67 61 59 61 65 67 64 59
    59 61 61 59 56 57 64 70 73 73 70 68 67 68 70 70 67 64 62 60 56 54 55
    57 40 40 45 51 57 64 67 65 63 63 66 70 72 71 67 65 64 62 60 59 57 53
    46 41 42 48 57 65 66 61 55 51 51 55 60 63 66 66 66 68 69 69 68 66 68
    70 70 67 64 62 63 67 71 72 72 70 66 62 59 58 61 65 66 65 64 64 66 66
    65 62 61 62 64 66 68 69 69 71 71 72 72 69 64 56 50 50 55 60 63 67 71
    73 71 68 65 59 53 53 58 66 70 69 64 56 52 56 68 81 89 91 89 84 78 70
    61 59 63 73 82 82 71 58 50 49 51 56 62 64 62 60 62 65 65 59 52 49 51
    56 61 61 57 56 60 65 70 73 75 76 75 73 72 71 69 67 66 65 63 62 64 66
    65 62 61 63 64 62 60 60 62 63 62 59 59 63 66 67 68 69 71 72 73 73 72
    69 67 66 65 62 59 57 57 59 66 74 79 76 67 59 55 56 59 62 60 54 49 50
    56 61 65 67 67 64 59 55 53 57 63 64 61 59 61 66 70 68 63 56 53 56 61
    66 66 62 60 61 64 65 63 62 64 64 62 60 60 62 66 72 77 76 70 67 67 66
    61 56 54 54 43 44 48 54 60 67 69 67 65 64 65 68 69 66 61 58 58 59 61
    63 63 58 50 45 46 50 56 63 66 64 60 58 59 64 68 70 69 67 65 64 64 65
    65 63 62 60 60 61 62 64 64 65 66 68 70 70 68 65 62 60 62 67 71 71 68
    65 63 63 64 63 62 62 64 67 70 70 70 70 69 70 70 69 65 58 51 49 52 56
    61 66 73 77 75 71 66 57 48 48 55 64 70 70 67 61 58 62 72 83 90 89 85
    79 72 63 55 54 61 73 82 81 71 58 48 45 46 52 58 60 59 59 63 67 67 62
    55 52 53 59 65 65 63 62 66 70 72 72 72 72 70 69 70 71 68 62 60 58 59
    60 62 65 66 66 64 64 64 61 59 59 60 60 57 54 54 59 63 65 65 66 67 67
    67 68 68 69 69 69 66 61 56 54 56 59 65 73 80 80 75 67 61 58 58 57 53
    47 44 46 52 57 61 65 67 66 62 57 53 57 64 68 67 63 61 63 65 63 58 52
    50 54 59 64 66 64 62 65 69 72 71 68 65 60 55 52 54 59 65 72 78 77 72
    69 70 70 65 59 55 55 48 49 52 56 61 66 67 64 63 64 65 67 67 63 59 55
    55 56 60 65 67 63 55 50 48 48 52 58 63 65 63 63 65 71 75 74 70 65 62
    60 59 60 62 61 58 54 53 57 63 67 66 63 63 63 66 67 66 65 62 61 62 67
    72 72 68 62 59 59 62 62 62 62 63 66 68 68 67 66 65 65 66 67 65 60 54
    52 54 58 60 64 71 76 77 73 67 57 49 49 57 66 71 70 68 64 62 65 71 79
    83 81 76 71 65 58 52 52 60 71 78 77 68 58 50 46 47 51 56 57 54 55 59
    64 67 64 58 55 56 62 67 69 67 67 71 73 72 70 69 69 67 66 67 68 63 57
    53 52 54 57 60 63 66 68 68 68 66 64 63 61 59 57 54 52 54 59 65 66 66
    65 65 64 62 64 66 70 71 69 65 58 53 52 55 60 65 71 76 78 77 72 65 60
    56 53 48 43 42 46 52 58 62 66 70 71 69 65 61 61 66 70 70 65 60 59 60
    59 56 52 52 55 59 62 63 64 65 70 75 77 75 71 66 59 51 49 52 58 63 67
    73 74 70 68 70 70 66 60 57 56 54 54 55 57 59 62 63 60 60 63 65 66 67
    66 63 59 56 54 57 63 67 66 60 53 48 46 48 56 63 66 65 65 68 74 77 74
    68 62 58 55 55 58 62 64 60 55 54 59 65 68 66 61 59 60 62 63 62 61 59
    58 59 63 68 69 65 59 56 57 60 62 62 63 64 66 66 63 63 63 65 65 65 67
    66 62 57 58 61 64 62 61 65 70 72 71 65 58 52 54 62 69 71 69 67 65 63
    65 68 72 72 69 66 65 62 58 54 55 62 71 74 70 64 57 51 48 49 53 57 57
    53 52 55 61 66 65 62 58 59 65 69 69 67 68 71 73 71 69 69 69 67 66 65
    63 57 52 49 48 51 56 60 62 65 68 70 69 67 66 66 63 58 55 54 55 58 63
    68 70 68 64 61 60 59 63 68 73 74 68 62 56 52 53 58 64 68 68 69 70 70
    68 63 59 56 53 49 45 46 51 59 65 67 70 72 74 75 74 69 67 67 68 68 64
    59 57 58 60 59 56 55 57 59 59 60 63 68 74 77 76 72 68 63 57 51 48 51
    56 58 60 65 69 68 68 69 70 66 62 59 58 60 59 58 57 57 58 60 59 60 64
    66 68 70 71 71 67 60 54 54 59 65 67 63 54 46 44 48 57 65 66 64 64 69
    76 78 73 66 59 55 54 56 61 68 72 70 65 61 62 65 66 63 59 57 59 60 59
    58 56 55 54 55 59 64 65 62 58 56 59 63 64 64 65 67 69 67 62 61 62 65
    66 67 68 67 63 61 63 68 71 66 59 58 62 66 65 61 57 54 57 65 71 70 67
    66 66 66 67 67 66 64 61 60 63 63 61 58 60 65 71 71 66 61 57 53 51 52
    57 60 59 54 51 53 59 64 66 63 60 62 67 70 69 65 65 68 70 69 68 68 69
    68 67 65 59 53 49 48 47 50 57 63 65 67 69 70 69 68 68 67 61 56 56 59
    62 64 67 71 72 68 61 56 54 57 63 71 77 76 68 60 55 54 58 64 69 70 66
    62 60 61 62 60 59 59 58 56 53 55 60 67 72 73 74 74 76 78 78 74 68 65
    64 64 63 61 59 61 63 63 60 58 58 59 59 59 63 69 72 72 68 63 59 57 54
    52 51 52 54 54 56 61 65 66 67 69 70 68 64 61 60 60 59 57 55 55 57 59
    60 62 66 68 70 72 75 76 73 64 56 54 57 63 65 62 55 47 46 52 61 69 69
    65 64 68 75 77 70 62 56 53 55 60 67 75 80 79 74 68 64 64 64 62 60 61
    63 61 58 55 55 55 54 54 58 63 65 62 60 60 63 68 67 64 63 64 67 66 63
    62 62 65 67 69 69 67 64 64 68 74 75 68 58 55 59 64 64 62 59 58 59 65
    69 68 65 65 69 71 71 69 65 61 59 61 65 66 64 62 63 67 70 69 65 61 59
    56 54 57 61 64 60 54 50 53 58 64 66 64 62 64 69 71 69 64 62 64 65 64
    62 63 66 67 68 66 60 54 51 49 49 51 57 65 69 70 71 71 70 70 70 67 61
    57 61 67 70 70 70 72 72 67 59 52 50 55 65 73 78 75 67 60 56 57 61 65
    67 67 62 57 55 57 60 62 63 63 63 62 62 64 68 73 76 76 76 76 77 78 77
    72 66 61 59 58 59 60 60 63 64 64 62 60 59 60 61 61 64 67 67 63 57 53
    52 52 53 54 55 55 55 54 56 61 64 64 63 65 68 67 65 63 63 56 55 54 53
    53 58 63 65 67 68 69 70 73 76 77 73 65 57 55 57 62 64 62 57 51 52 58
    67 74 74 68 65 67 72 70 62 54 50 50 56 64 71 77 80 80 76 70 65 64 64
    64 65 68 69 65 59 57 57 58 59 59 61 65 66 65 64 65 69 72 68 61 57 57
    60 63 64 65 64 66 68 70 69 67 66 67 71 75 74 68 60 59 63 68 68 67 65
    63 61 63 65 64 62 65 71 76 77 74 69 64 62 65 69 68 66 65 66 68 70 69
    66 63 61 60 60 63 67 66 60 54 51 53 59 64 67 65 62 63 68 71 68 62 59
    59 59 56 53 55 60 65 69 68 64 58 55 53 52 52 56 62 68 71 72 72 72 72
    72 69 63 62 67 72 72 69 67 69 71 68 61 55 52 57 65 72 75 71 65 60 59
    59 59 59 58 56 54 52 54 58 63 67 68 67 65 64 65 67 70 71 74 76 77 78
    78 78 75 69 64 60 57 54 54 57 60 61 60 60 59 58 58 58 59 60 63 63 60
    53 49 47 49 52 55 58 58 58 56 54 57 61 62 60 59 60 62 63 64 66 66 54
    54 53 52 55 63 70 74 72 70 69 69 71 72 72 69 62 57 55 57 61 62 62 60
    58 58 62 70 77 77 70 63 62 62 59 51 46 45 50 59 67 73 75 73 72 70 67
    66 67 67 66 67 69 70 67 62 60 61 63 65 65 66 67 66 64 65 68 72 73 66
    57 51 50 54 60 65 68 67 67 68 69 67 66 67 69 72 71 69 65 62 65 71 75
    76 75 73 68 63 61 59 57 58 63 71 79 83 81 76 70 67 69 69 66 65 66 69
    72 72 71 69 68 68 68 71 74 74 69 61 54 52 54 59 63 65 62 58 57 62 67
    65 60 56 56 54 50 47 49 56 64 69 70 67 62 58 57 57 55 55 59 65 71 74
    73 72 72 73 72 69 69 72 74 72 67 64 66 68 68 65 61 58 59 64 68 68 64
    59 58 59 59 56 52 49 47 46 48 52 58 66 72 72 70 68 66 66 66 65 65 68
    73 76 78 78 78 76 72 68 64 60 55 54 57 59 57 53 52 54 55 54 53 53 56
    59 60 56 49 46 47 51 54 58 60 60 58 55 54 57 60 59 56 54 53 54 57 62
    68 70 57 57 56 55 59 69 78 80 76 71 69 68 69 67 66 64 60 57 57 58 60
    61 62 63 63 63 65 70 77 77 69 61 56 52 48 43 43 47 53 63 71 74 72 66
    63 62 64 68 71 70 65 62 63 64 64 61 61 62 65 69 71 72 69 64 60 61 66
    72 73 66 55 48 48 52 59 65 67 68 68 66 65 63 63 65 67 67 63 60 59 62
    69 76 80 81 79 77 71 63 57 52 50 52 59 68 78 84 83 78 71 68 68 66 63
    64 67 72 75 76 75 73 73 73 75 80 82 81 73 63 56 54 55 57 60 60 57 52
    51 57 62 61 57 54 54 54 51 49 49 56 64 69 71 69 64 60 60 61 60 57 58
    63 72 76 75 72 71 72 73 73 73 73 72 69 65 62 63 65 67 68 67 63 60 60
    61 60 57 55 57 59 60 56 52 48 45 43 44 49 56 65 73 74 73 71 68 65 62
    59 57 63 70 75 78 78 78 78 75 73 69 64 59 57 59 59 53 47 46 50 53 51
    49 48 53 59 61 59 52 49 50 54 57 60 62 60 57 55 56 57 58 56 53 50 48
    49 53 60 67 71 66 65 64 62 65 74 82 83 77 71 68 67 67 65 63 62 60 58
    58 58 60 62 63 63 62 61 63 69 76 77 70 61 54 48 45 45 48 53 58 66 73
    75 70 62 58 59 64 69 73 70 62 57 57 59 60 59 58 59 63 68 73 73 69 61
    54 55 62 71 75 68 57 50 50 55 60 63 64 65 65 64 62 59 59 61 62 60 56
    53 54 61 69 76 80 80 79 76 69 60 53 48 46 49 56 65 73 79 78 73 67 64
    63 61 61 64 69 73 76 77 75 73 71 72 75 80 83 81 72 63 57 56 56 56 56
    56 53 50 50 54 58 59 55 52 53 56 56 55 55 59 66 70 70 67 63 59 60 63
    64 62 61 66 74 78 76 71 68 67 69 70 70 70 69 67 64 61 61 64 67 70 71
    67 61 57 55 54 53 54 57 61 63 61 58 55 51 47 46 49 56 64 70 72 72 71
    68 62 57 54 54 61 70 75 77 77 77 75 74 72 70 67 62 60 61 58 52 46 45
    49 53 52 49 49 54 62 66 65 60 57 58 60 62 63 63 61 59 58 60 60 58 55
    52 49 47 48 51 57 63 66 74 73 70 68 69 75 80 81 77 72 69 68 67 64 63
    62 62 61 60 59 60 62 61 59 56 55 58 65 73 75 72 65 58 52 51 54 59 61
    63 67 72 73 69 62 59 61 66 70 71 67 60 58 59 62 62 59 56 57 61 66 69
    69 65 58 53 54 62 73 78 73 61 52 52 56 59 58 57 59 61 61 59 57 55 56
    58 56 53 51 53 60 67 72 75 76 74 70 63 56 50 47 46 49 56 63 69 71 69
    65 62 60 60 59 60 65 70 73 74 75 74 70 66 66 69 74 77 76 68 61 58 58
    60 59 57 55 54 52 53 55 58 59 56 54 54 57 60 61 61 63 66 68 68 64 61
    58 59 63 65 65 65 69 74 76 72 68 64 63 63 64 64 65 66 66 63 60 61 65
    69 71 71 67 60 55 52 50 51 54 58 62 64 63 62 61 58 53 50 52 58 64 67
    67 67 68 65 59 55 53 57 65 72 75 74 73 72 69 67 66 66 65 63 62 61 58
    53 49 49 53 56 55 52 52 57 64 69 70 68 67 67 67 67 67 66 64 62 63 65
    64 61 57 54 51 49 49 52 55 58 60 76 75 74 71 70 72 76 78 77 74 72 70
    68 65 62 62 64 66 66 63 63 62 60 55 52 51 54 61 70 74 74 70 64 59 60
    64 67 66 64 65 67 68 67 64 63 65 67 68 67 64 61 63 67 69 67 60 56 57
    61 63 63 61 60 58 57 59 67 78 83 77 65 55 54 56 57 54 52 54 57 59 59
    56 54 54 55 56 54 54 57 62 67 69 70 70 68 63 57 52 51 51 51 53 59 64
    66 64 60 57 56 55 56 58 61 66 70 71 71 72 72 68 63 60 61 65 69 70 66
    61 60 62 66 66 61 57 56 56 56 58 60 63 62 60 58 59 63 66 67 65 64 64
    64 61 59 57 57 60 64 66 66 68 70 70 66 63 60 57 57 57 57 59 60 61 59
    58 60 65 69 70 69 66 60 55 52 51 53 57 60 62 62 61 61 61 60 57 54 55
    61 66 66 64 62 62 61 58 56 56 61 68 73 73 70 68 65 61 59 59 61 62 62
    63 62 59 56 55 56 58 59 56 54 54 58 64 67 70 72 72 71 69 68 69 68 65
    63 63 66 65 62 60 58 56 55 55 56 56 57 58 77 77 76 73 71 70 73 75 76
    74 72 71 69 65 61 62 66 71 71 68 65 62 57 53 50 50 53 59 67 73 74 71
    65 62 64 69 69 66 62 61 63 65 67 69 70 70 68 65 64 64 66 71 75 74 68
    59 55 58 62 61 57 53 54 58 60 65 72 80 84 80 69 59 57 58 57 52 49 50
    53 56 57 57 56 55 56 57 58 59 62 66 69 68 66 65 64 60 56 53 54 57 57
    60 65 69 67 62 56 54 53 52 53 56 60 65 68 68 67 68 68 66 62 59 59 62
    65 68 65 62 61 64 69 68 62 58 58 60 61 63 66 69 69 65 62 62 65 68 67
    63 59 60 61 60 58 56 55 58 62 64 64 64 64 63 59 56 54 52 52 51 51 52
    53 54 54 55 61 66 68 68 67 64 60 56 54 54 57 61 62 61 59 58 58 60 60
    58 56 59 64 68 67 63 59 57 57 58 59 60 63 67 69 69 66 63 59 55 55 56
    59 60 62 64 65 63 60 60 61 62 60 57 55 56 59 62 64 67 71 71 69 66 65
    67 65 61 59 59 61 61 60 60 61 62 64 63 62 61 61 62 79 80 79 76 72 70
    72 74 74 73 72 71 69 64 60 61 66 72 75 71 66 59 53 50 49 51 54 59 66
    71 71 67 60 56 60 66 67 64 61 59 59 62 66 71 74 73 69 64 62 66 72 77
    77 73 64 56 54 58 63 61 56 51 52 57 62 66 72 78 82 80 72 66 63 61 58
    51 47 47 49 53 57 60 60 59 58 59 59 60 62 65 67 65 62 61 61 61 60 59
    60 62 63 66 71 73 71 65 59 55 53 50 51 54 58 61 64 64 63 63 64 65 64
    62 61 62 63 65 64 61 59 61 65 65 61 59 61 63 65 68 72 73 70 65 64 65
    68 68 64 58 54 55 57 57 57 56 55 57 61 63 63 62 61 59 55 52 50 50 52
    52 50 48 46 46 49 56 64 69 70 69 66 63 58 56 57 60 64 66 64 60 58 58
    59 61 62 60 59 62 67 71 70 65 59 56 57 62 65 65 64 64 65 65 64 61 58
    55 56 59 61 62 63 66 67 65 62 60 60 61 61 59 58 59 62 64 64 66 68 66
    62 60 61 62 60 56 55 55 56 55 55 58 62 66 69 70 69 68 69 70 81 82 81
    78 74 71 71 72 73 73 72 71 68 63 59 60 65 71 74 71 65 56 49 46 47 50
    54 59 64 68 65 59 51 48 53 59 62 61 59 58 58 61 66 72 75 75 71 64 64
    69 76 79 75 67 58 52 52 59 65 66 62 57 56 59 62 65 68 73 77 78 76 73
    70 65 59 51 47 46 48 54 60 65 67 64 62 61 60 60 61 63 63 62 60 59 61
    63 66 67 66 66 66 68 73 74 72 68 63 59 56 52 51 53 55 58 61 61 60 60
    62 65 65 63 61 61 61 61 59 56 55 57 60 60 59 60 63 66 68 72 75 74 68
    62 63 68 70 68 62 56 53 52 52 54 57 58 58 59 62 65 67 66 63 60 56 51
    49 49 52 54 52 48 43 42 48 57 66 70 72 71 69 64 59 57 61 67 72 71 66
    61 60 61 62 63 63 61 60 65 70 73 71 65 58 55 58 64 69 69 66 63 63 63
    62 61 60 61 63 66 67 66 65 65 64 63 60 58 56 58 61 63 63 62 64 66 68
    67 66 61 58 59 60 61 57 55 55 57 57 54 53 55 60 65 70 72 72 74 75 76
    80 80 80 78 74 71 70 71 73 74 73 72 68 64 61 60 64 68 71 70 66 58 50
    45 44 46 50 55 60 62 59 52 46 44 48 54 57 58 58 58 59 63 67 72 76 76
    71 64 63 70 77 76 69 59 51 48 50 58 67 70 69 65 62 62 63 65 67 70 72
    73 75 76 72 66 58 52 48 47 50 57 64 71 73 70 66 64 63 62 61 61 61 63
    63 62 62 64 68 70 70 68 67 67 69 69 67 64 61 59 58 56 55 55 56 59 62
    62 61 61 63 65 65 62 60 58 57 56 54 53 54 57 59 59 60 62 65 66 67 71
    74 72 66 60 61 68 72 70 64 59 54 51 50 53 59 62 63 63 65 68 70 70 67
    63 58 53 50 50 53 57 57 53 47 46 51 58 65 69 72 75 74 69 63 61 65 73
    76 73 66 61 59 61 61 61 61 59 60 66 72 74 71 63 55 52 55 62 69 70 67
    63 62 61 60 61 64 67 69 72 73 71 68 64 61 61 60 57 54 56 61 65 64 62
    63 67 71 69 65 61 61 64 66 64 60 58 59 61 61 58 55 55 58 62 65 68 70
    72 74 74 77 78 77 74 72 70 70 72 74 76 75 74 71 67 64 63 64 67 68 70
    68 63 56 49 45 45 47 51 53 54 53 51 49 48 49 53 56 58 59 60 61 64 68
    71 73 72 67 60 60 66 72 71 62 53 47 46 50 58 67 71 70 66 63 61 63 67
    71 71 69 67 68 70 68 64 59 56 54 54 56 61 69 75 77 73 68 66 65 64 62
    62 64 67 67 66 63 64 66 68 68 67 65 64 64 63 59 56 55 56 58 59 58 58
    60 65 69 67 64 63 63 64 63 61 59 56 54 53 53 56 60 63 64 63 64 65 65
    64 64 66 69 69 65 60 61 66 71 72 68 63 57 52 51 56 62 65 67 66 66 68
    70 71 69 66 62 57 55 55 58 61 60 57 54 53 56 59 61 65 70 75 76 71 64
    62 67 75 78 73 65 60 58 59 60 58 57 56 59 65 71 72 67 59 51 48 52 59
    67 69 65 60 57 56 57 60 64 68 70 73 74 73 69 63 61 61 61 60 56 57 63
    65 62 59 62 69 73 70 65 63 67 73 74 71 66 61 61 64 66 64 60 58 60 61
    62 63 65 67 66 65 76 76 74 72 70 69 71 74 75 76 76 75 72 69 68 67 66
    66 66 68 70 68 62 55 51 50 51 51 49 48 49 52 54 53 52 52 55 57 59 60
    61 64 67 69 68 65 60 55 55 61 66 66 60 53 48 48 53 59 65 67 65 60 57
    57 62 69 74 72 66 60 60 61 61 62 65 66 65 63 62 64 69 75 77 74 70 67
    66 65 63 64 66 70 70 67 62 60 61 63 64 64 64 63 62 59 53 49 48 52 58
    62 61 61 64 69 72 71 67 63 61 60 61 62 62 58 54 53 55 61 67 71 70 68
    67 66 64 62 61 61 63 64 64 61 60 63 68 71 70 65 58 54 54 59 63 65 67
    66 67 68 69 70 70 68 65 63 62 62 63 62 59 57 58 59 59 60 61 65 70 73
    72 67 62 62 66 72 73 67 61 57 57 59 61 60 59 59 60 64 66 66 63 56 50
    46 50 57 65 68 63 56 52 51 53 57 61 64 66 70 72 71 67 61 60 62 63 63
    60 61 64 65 60 57 60 69 74 69 64 64 70 78 79 76 70 62 60 62 66 67 64
    62 63 63 61 61 62 64 61 60 77 76 74 70 68 70 73 77 77 77 75 73 70 67
    67 67 65 63 62 64 68 69 65 61 58 59 59 56 50 45 45 50 55 56 55 54 54
    55 56 58 60 62 64 64 63 61 58 54 54 58 62 63 62 57 54 55 58 60 62 61
    57 53 50 53 60 68 71 68 61 56 55 54 55 61 68 73 72 68 65 63 65 69 73
    72 71 70 68 66 64 64 67 70 70 66 60 56 55 57 60 62 64 63 63 60 54 48
    47 53 60 64 64 63 63 66 70 70 68 65 61 60 63 67 69 65 60 57 59 65 71
    73 72 69 69 67 63 59 58 57 57 59 61 61 59 60 64 68 68 64 59 56 56 59
    61 61 63 64 65 67 68 70 71 69 68 68 69 68 65 60 54 54 57 61 62 63 65
    70 74 72 66 60 58 60 64 67 65 58 54 54 58 62 65 65 65 66 65 63 61 60
    60 59 54 50 51 57 64 67 63 57 52 51 53 56 58 60 61 65 68 67 63 59 59
    61 64 65 64 64 65 65 60 57 60 68 72 67 61 62 69 79 82 79 72 63 58 60
    65 68 67 66 69 69 65 62 63 64 62 60 82 80 75 70 68 71 75 78 78 76 73
    69 66 63 62 62 60 57 56 59 64 66 65 63 63 66 68 65 57 48 44 47 53 58
    58 57 55 55 55 56 58 59 59 58 58 60 60 59 56 55 57 62 64 63 60 61 62
    62 61 59 55 51 49 52 58 62 63 60 57 55 54 53 53 59 68 72 70 66 62 60
    59 62 66 69 71 73 73 71 67 65 66 68 68 65 60 56 54 55 57 61 64 65 66
    64 59 55 54 60 67 70 67 63 61 61 63 65 67 66 64 63 67 73 75 71 65 60
    60 64 68 70 68 68 69 67 61 55 54 55 55 57 59 60 59 59 62 66 67 63 59
    56 54 54 54 55 58 61 63 66 68 70 71 71 71 73 73 70 63 55 49 49 55 62
    64 66 70 76 77 70 60 55 55 59 64 65 60 52 49 53 61 66 69 69 69 69 66
    62 58 58 62 64 62 56 54 57 64 68 67 63 58 56 57 57 57 56 56 58 62 63
    60 57 56 59 63 66 65 64 64 64 61 57 58 64 68 64 59 59 66 76 81 80 73
    64 60 60 63 66 66 68 73 75 70 65 65 65 63 61 86 84 76 70 68 71 76 78
    76 72 69 65 62 59 58 58 55 52 52 56 61 64 63 62 64 69 72 71 64 53 47
    47 54 62 64 62 59 59 58 57 57 56 53 51 53 59 64 63 58 53 53 58 62 64
    64 65 66 65 63 61 57 53 52 54 57 56 54 53 54 56 55 54 54 58 64 65 62
    58 56 54 52 54 58 63 69 75 78 77 72 68 67 67 66 64 62 60 58 57 57 59
    62 65 67 67 65 62 62 67 73 74 70 64 61 59 59 62 66 67 66 66 70 76 77
    72 65 59 57 60 63 64 64 65 68 66 59 53 51 54 57 58 60 61 61 62 65 68
    67 63 58 53 49 47 47 51 56 60 62 64 66 68 70 71 73 74 72 66 60 52 47
    47 53 61 65 68 73 78 77 69 59 53 55 61 68 69 63 55 51 55 62 66 68 67
    66 66 63 59 57 59 65 70 69 63 57 57 62 69 71 68 64 62 61 61 60 56 54
    54 58 61 60 58 57 59 63 64 62 61 60 62 60 56 55 58 61 61 58 57 62 70
    75 75 70 63 61 62 62 62 63 67 73 75 71 66 64 63 61 59 89 85 76 68 67
    70 74 76 72 67 63 60 58 58 58 57 55 53 54 57 62 64 62 62 63 67 71 72
    67 58 51 51 59 67 70 69 66 67 66 62 57 53 48 45 48 55 62 63 57 52 51
    55 60 64 66 69 70 69 67 64 59 54 53 57 59 57 54 54 55 55 54 53 53 57
    60 59 55 51 50 50 48 49 53 59 67 75 79 78 75 71 69 67 66 65 65 66 66
    63 58 57 59 63 67 70 69 67 66 70 74 75 72 67 65 63 62 63 65 66 65 65
    69 74 73 67 62 58 58 60 64 64 63 64 67 65 58 50 48 51 57 60 63 65 64
    65 68 71 69 62 56 51 47 44 44 49 55 59 60 61 63 64 66 68 70 70 66 61
    58 54 50 49 52 59 66 70 74 77 76 68 58 53 55 62 71 75 71 63 58 58 61
    64 64 63 62 62 61 60 60 62 68 74 75 71 64 59 60 66 69 68 65 63 64 66
    66 62 58 56 57 62 63 63 63 64 65 63 60 58 57 58 57 54 52 53 55 58 59
    58 60 64 68 68 64 60 60 61 61 60 60 64 69 71 69 65 63 60 56 55 86 82
    72 64 62 65 69 71 67 61 57 56 58 61 63 63 59 57 58 61 66 68 64 61 60
    63 67 68 65 58 53 55 63 71 74 73 72 73 72 67 60 54 48 43 43 48 53 56
    56 55 55 57 60 62 66 71 74 74 73 68 61 55 54 59 64 63 60 59 58 55 52
    51 52 56 59 59 55 51 51 51 50 50 54 60 66 70 74 74 72 70 69 68 66 65
    67 69 69 65 59 56 57 60 64 68 70 69 68 70 73 76 74 72 71 70 68 66 65
    64 63 64 67 70 68 62 59 59 60 64 67 67 64 62 63 62 56 49 45 48 54 61
    65 66 64 64 68 70 67 61 55 53 51 48 47 51 55 59 60 60 59 59 60 64 67
    67 63 59 58 57 54 52 53 60 68 75 78 79 76 69 60 53 53 60 70 76 75 70
    65 61 60 60 61 62 62 63 64 65 65 65 68 74 79 79 71 61 57 59 64 64 62
    61 63 68 71 68 64 60 60 64 67 71 73 72 69 64 60 57 55 55 54 52 50 50
    52 57 61 61 60 61 62 61 59 57 57 58 57 56 58 61 65 67 66 66 64 59 55
    53 77 74 65 58 57 61 65 68 65 57 52 53 59 66 68 66 62 59 62 66 71 71
    66 61 57 57 59 62 61 57 54 57 65 73 75 74 75 76 75 71 64 58 51 45 43
    43 44 48 53 58 62 62 61 61 63 70 77 79 77 72 64 59 59 64 68 68 65 62
    59 55 52 50 51 55 59 62 61 58 58 57 55 55 58 62 64 65 66 66 65 65 67
    67 65 64 66 67 66 62 59 58 57 57 58 63 67 68 68 70 74 77 77 76 77 76
    73 69 65 64 64 65 69 70 66 61 58 59 63 66 69 68 63 59 58 58 55 49 45
    47 53 61 66 65 60 59 63 66 65 60 57 57 57 55 54 56 59 62 62 61 60 60
    62 64 67 66 62 59 59 58 55 53 54 60 70 77 81 81 78 72 62 53 49 54 64
    71 73 71 68 63 58 58 60 64 68 71 72 71 68 66 67 72 79 81 73 61 53 53
    57 60 60 59 61 67 71 70 66 63 64 67 71 76 78 77 71 65 61 58 55 52 51
    50 50 50 52 56 61 64 63 62 61 59 57 56 55 55 54 55 58 61 63 66 67 68
    67 61 56 54 69 66 59 55 56 61 66 69 66 58 50 50 57 66 68 64 59 59 62
    67 71 71 67 61 55 51 52 55 57 57 56 60 66 71 74 74 74 75 74 70 65 60
    55 51 47 44 43 46 52 59 64 65 63 60 60 66 74 78 78 73 68 65 65 69 71
    69 65 61 58 56 54 52 52 55 59 64 66 66 66 65 62 61 62 64 64 62 61 60
    59 59 62 65 64 62 62 62 59 56 57 59 57 54 54 58 63 65 67 70 74 78 79
    79 80 80 76 71 65 63 65 68 71 71 67 63 61 62 65 68 69 67 62 58 56 56
    54 51 48 49 54 62 66 63 58 55 59 63 63 60 59 59 60 60 61 64 66 67 66
    64 66 67 68 68 68 66 62 59 57 56 54 52 53 59 68 78 83 84 81 74 65 54
    48 49 57 64 67 68 67 63 59 59 63 69 74 76 76 73 69 65 66 71 77 79 72
    59 50 49 53 58 59 57 58 61 65 65 64 64 67 70 73 77 79 76 68 62 59 57
    53 50 49 51 52 53 54 56 60 64 65 64 63 61 60 58 56 55 57 59 63 65 66
    68 69 70 69 64 58 56 66 62 56 53 56 63 69 72 70 61 51 48 55 63 65 61
    57 57 59 61 63 64 65 63 58 52 51 53 58 60 61 62 65 69 72 73 73 72 70
    66 62 59 57 55 52 50 48 49 52 57 61 63 63 59 58 62 70 74 74 72 69 69
    70 72 72 68 61 57 56 56 57 56 55 56 59 63 66 69 72 71 67 64 65 66 66
    65 62 59 56 55 58 61 62 62 62 60 56 54 56 59 59 55 55 58 60 61 63 68
    73 78 79 79 79 80 78 74 68 65 66 68 70 70 69 66 65 66 68 69 69 68 65
    62 59 57 55 52 52 53 57 64 66 64 59 56 58 61 62 60 59 58 58 59 63 69
    73 73 70 68 71 74 75 72 69 65 61 58 56 55 53 51 51 57 66 76 82 83 79
    73 66 57 51 50 54 60 64 66 66 64 61 61 65 71 76 76 74 70 65 62 63 68
    73 74 68 57 49 48 52 57 57 55 53 55 58 60 62 67 71 73 74 76 77 72 64
    58 55 53 51 50 51 54 56 57 57 57 58 60 62 64 66 67 67 65 61 59 61 65
    67 68 68 69 69 69 68 64 59 57 70 67 59 55 57 64 71 74 72 64 53 50 54
    60 62 60 59 57 54 52 52 56 63 67 65 61 58 60 64 66 65 63 63 66 70 73
    74 71 67 62 58 55 54 54 54 53 53 53 54 56 59 63 63 60 59 61 66 69 69
    68 67 68 70 71 70 66 60 55 55 58 60 59 57 55 57 60 63 68 71 72 69 66
    67 69 71 71 69 64 59 56 58 62 65 67 67 64 59 57 59 63 63 62 63 63 61
    58 59 64 70 75 76 75 74 75 77 76 72 66 63 63 65 67 68 67 68 70 71 70
    70 69 69 67 62 59 55 52 53 56 61 66 67 65 60 57 58 61 64 63 62 59 56
    56 60 68 74 74 70 67 70 74 75 72 68 63 59 57 58 59 57 53 52 56 63 72
    76 74 70 66 63 60 56 54 56 60 65 68 68 65 62 62 65 70 72 72 70 66 62
    59 59 62 65 66 62 54 51 53 58 61 61 56 52 51 53 58 64 70 74 75 74 74
    74 68 60 54 52 52 53 53 55 57 58 59 60 58 57 55 55 59 65 70 73 71 66
    63 65 68 69 67 66 67 66 65 63 61 57 56 75 72 64 57 57 62 69 73 73 66
    58 54 56 59 62 63 63 59 53 47 45 52 64 72 74 72 70 70 73 73 69 64 62
    65 70 74 74 69 64 59 55 52 50 52 54 54 54 55 56 58 62 65 66 63 61 62
    64 64 63 62 63 66 68 68 67 64 61 58 58 61 63 60 56 54 55 57 61 66 68
    68 65 66 69 72 75 76 74 71 67 64 63 66 70 73 72 68 62 60 62 66 68 69
    70 68 62 56 55 59 64 69 70 69 67 68 72 74 72 66 60 58 58 60 62 63 65
    68 69 68 67 67 68 67 63 59 56 53 54 59 65 68 68 65 60 57 58 62 66 67
    67 63 58 55 57 63 69 70 66 63 64 67 67 67 65 61 58 58 60 62 61 58 58
    60 65 69 68 63 57 56 59 61 61 60 60 63 68 72 70 66 62 63 66 67 67 65
    65 64 61 58 56 57 59 59 56 54 56 62 68 70 68 62 56 53 54 58 65 72 76
    77 75 73 71 65 56 51 50 54 58 59 60 59 57 58 60 60 57 52 49 53 62 71
    76 74 69 66 66 67 66 62 59 60 60 58 57 55 54 53 75 72 65 57 55 59 66
    72 73 68 62 60 60 61 63 66 68 63 55 47 45 52 65 73 76 75 74 73 75 75
    72 67 64 65 68 71 70 67 62 59 56 52 49 51 53 53 53 55 58 63 67 69 69
    67 65 64 64 62 60 59 61 64 66 67 65 63 61 60 61 63 64 61 56 54 55 57
    60 63 63 61 59 61 67 72 74 75 76 77 76 73 69 69 72 74 73 67 62 60 63
    68 71 73 73 70 64 58 55 56 59 63 64 63 61 61 64 68 70 67 62 56 53 54
    55 56 57 60 62 62 63 64 65 66 64 62 60 56 56 60 67 72 71 66 59 57 59
    63 67 69 70 66 61 57 56 58 63 64 62 60 60 60 60 61 62 60 58 57 60 63
    63 63 64 66 67 67 63 56 49 49 54 60 63 64 63 66 70 74 73 68 66 67 69
    66 63 62 64 65 63 60 57 56 56 54 53 53 60 70 77 77 72 66 60 57 57 59
    62 68 73 76 75 72 69 62 54 49 50 56 62 64 63 60 56 56 59 60 58 53 48
    51 62 72 77 75 70 67 66 66 62 55 52 52 53 52 52 52 54 55 68 66 61 56
    55 60 66 71 72 67 63 63 63 63 65 69 70 65 57 49 48 54 64 71 71 68 67
    66 67 70 71 68 65 64 63 64 64 63 62 60 57 53 50 52 55 55 55 57 61 67
    70 70 70 70 70 69 66 64 62 60 62 65 67 67 66 64 62 61 60 62 63 62 59
    58 58 59 60 60 58 55 54 58 65 70 72 73 75 80 81 77 70 66 68 69 67 63
    59 59 62 67 71 72 71 67 64 60 57 56 56 58 60 59 58 57 59 64 70 72 67
    60 54 52 51 50 50 52 55 56 58 59 61 63 66 68 67 61 58 62 69 75 75 69
    63 60 60 62 65 67 68 66 63 59 57 56 58 60 61 63 63 60 59 60 61 60 57
    57 60 62 64 68 71 72 70 68 64 56 50 49 54 59 63 64 64 66 70 74 74 69
    68 71 71 66 62 62 65 67 66 64 62 60 58 55 53 55 63 74 80 79 73 67 64
    64 63 60 59 62 68 73 73 70 66 59 52 47 48 54 62 65 65 62 56 54 54 55
    55 51 48 53 64 74 78 75 70 67 66 65 60 54 50 50 50 50 50 52 57 59 57
    56 55 56 58 63 68 71 70 66 64 65 66 67 69 70 68 62 55 50 50 55 63 67
    65 60 57 55 57 63 67 68 66 63 59 58 58 59 62 61 58 54 53 56 60 61 60
    61 65 70 70 68 68 71 73 72 70 68 66 64 65 67 68 69 70 68 65 61 58 58
    61 64 65 65 62 59 57 55 54 53 53 56 62 67 70 71 74 78 80 75 67 61 60
    60 60 58 57 59 63 68 70 68 65 60 59 59 57 54 54 55 57 57 55 54 57 65
    74 77 72 65 58 55 53 49 47 48 52 55 56 58 58 61 65 70 71 66 62 64 70
    75 75 72 68 64 62 60 59 60 62 63 62 59 57 56 56 60 65 69 71 67 64 63
    63 62 58 57 60 63 66 71 75 75 74 72 69 64 59 58 60 62 63 64 64 64 67
    71 72 69 69 72 71 66 62 63 66 67 66 66 68 68 65 61 60 61 66 74 78 77
    72 69 69 70 68 62 57 58 63 68 69 66 61 55 50 46 45 50 58 64 67 64 57
    52 49 48 48 47 50 58 69 77 77 72 67 64 64 66 64 59 56 54 54 53 52 55
    62 66 49 50 53 58 62 66 68 67 67 65 66 68 68 69 71 71 66 59 53 51 52
    56 62 64 62 56 51 48 50 58 66 69 67 63 59 56 55 57 62 62 60 57 57 61
    66 67 64 62 65 69 69 65 64 68 73 74 73 71 70 69 68 69 69 72 75 74 68
    60 54 52 57 65 72 73 68 61 55 52 53 54 54 57 61 65 67 69 71 73 72 67
    61 56 54 53 53 54 58 63 67 70 70 66 61 56 54 55 55 54 56 59 60 59 56
    54 58 66 75 78 73 66 60 57 55 52 50 52 56 59 59 58 57 57 60 67 71 69
    66 66 68 70 71 70 69 66 61 56 53 54 57 59 58 57 57 56 58 63 71 77 78
    74 70 68 67 65 59 56 59 63 67 72 75 76 75 75 74 72 71 70 67 65 63 61
    61 62 65 68 69 68 68 70 68 63 60 61 63 63 63 66 70 73 73 70 68 67 68
    71 73 74 71 70 72 74 72 64 57 55 58 62 64 61 56 52 50 48 47 49 57 64
    69 67 60 54 49 46 44 46 54 66 75 79 75 68 63 60 62 67 70 68 65 62 61
    60 60 62 68 71 49 50 54 60 64 66 66 65 64 66 69 70 69 69 70 70 65 57
    53 53 55 58 61 62 62 58 52 49 52 60 69 72 69 65 61 59 57 58 61 63 61
    60 61 65 69 68 62 56 58 64 66 62 61 65 72 77 77 75 71 69 67 67 68 73
    77 77 70 60 50 46 51 62 73 77 72 65 58 54 55 56 56 58 62 65 66 66 66
    64 61 58 56 54 52 50 51 54 60 68 71 72 70 66 61 56 54 54 55 57 62 66
    67 64 60 58 60 65 71 74 70 65 60 57 57 56 56 58 63 65 63 60 57 54 54
    61 69 72 70 66 63 62 64 65 67 66 61 55 52 53 56 57 55 55 56 56 59 66
    74 80 82 77 73 71 70 66 59 56 58 63 67 71 74 75 76 76 76 76 78 77 72
    66 62 59 61 63 65 66 66 65 65 66 63 58 56 56 55 55 56 60 66 72 75 75
    74 71 71 71 71 72 71 71 73 75 73 67 59 54 55 59 62 59 55 53 54 56 55
    55 60 66 70 67 63 60 56 51 46 48 59 72 79 79 72 65 61 59 62 68 73 74
    71 70 70 70 69 68 70 71 52 53 57 60 61 61 61 62 64 68 71 70 66 65 67
    68 64 59 56 57 57 56 57 60 62 62 57 54 58 66 75 76 71 67 64 63 61 61
    64 65 66 66 66 68 68 64 55 47 48 56 61 61 60 65 73 80 82 78 72 66 64
    64 66 71 75 75 70 60 49 42 46 57 69 76 74 70 64 61 60 58 56 58 63 66
    65 63 60 57 53 52 54 56 55 51 51 55 63 71 74 73 70 67 64 60 57 56 55
    59 64 70 72 69 65 61 61 62 66 69 68 64 61 59 58 59 60 63 68 70 68 65
    61 56 54 60 69 75 72 64 58 56 58 60 63 64 62 57 54 56 58 58 56 56 57
    58 61 66 73 78 79 76 72 70 69 64 57 54 58 63 67 70 72 73 74 72 72 74
    78 78 72 66 62 62 64 67 66 64 62 60 62 63 60 55 52 51 49 49 50 55 60
    65 71 74 74 73 73 72 71 70 70 70 71 72 72 69 63 58 58 61 62 59 56 55
    59 64 65 65 65 67 68 66 65 66 64 58 52 54 65 76 80 77 71 65 62 61 64
    69 74 75 73 73 75 77 75 72 69 68 53 54 57 59 58 57 57 60 65 69 71 68
    63 62 64 66 66 64 62 60 57 53 54 58 64 65 60 57 61 70 76 75 69 64 62
    63 64 65 68 70 72 73 72 71 68 62 51 42 42 48 56 60 62 66 74 80 82 79
    73 66 63 63 65 69 71 73 70 63 53 44 45 53 64 72 74 74 72 69 66 62 59
    60 66 67 64 60 58 56 54 53 55 57 56 53 52 56 65 72 76 75 72 71 68 64
    59 56 54 56 61 68 72 70 67 62 59 59 63 67 69 67 65 62 59 58 58 61 66
    69 71 70 67 61 58 63 71 75 71 61 54 52 56 58 61 63 63 61 58 58 58 58
    58 60 62 62 64 67 70 73 74 72 69 68 68 63 57 55 57 61 64 67 70 72 71
    67 65 70 75 76 71 67 66 67 69 70 67 61 56 54 59 64 63 57 52 49 48 48
    51 55 57 58 62 66 69 71 73 73 72 71 69 68 67 67 69 70 68 64 62 63 63
    60 57 56 61 67 71 70 68 66 64 62 64 68 67 62 58 61 70 77 77 72 67 64
    63 63 63 66 70 71 69 71 74 76 77 73 67 65 51 52 56 59 59 59 60 63 68
    70 70 66 62 60 62 66 68 70 69 66 59 53 54 60 67 68 61 57 60 65 68 67
    62 58 56 59 63 67 71 73 75 76 75 72 70 65 56 47 44 47 54 61 66 70 73
    74 75 76 74 69 66 66 69 71 71 71 70 66 58 50 48 53 61 69 74 76 78 77
    72 68 64 64 68 68 64 61 62 63 64 63 61 59 55 51 51 56 64 71 75 76 75
    75 71 65 58 54 52 52 55 62 68 69 65 59 56 57 62 68 72 71 69 65 59 56
    55 56 58 62 67 71 70 65 61 63 68 71 67 59 53 53 56 58 60 63 66 66 63
    60 57 56 58 62 64 66 68 70 71 69 69 69 69 68 68 64 59 58 58 57 57 60
    66 70 69 63 61 66 73 75 72 71 72 73 74 72 67 58 51 50 58 67 69 64 57
    53 52 54 57 59 57 55 55 58 63 68 71 72 71 70 70 69 65 62 63 66 68 67
    65 64 63 60 57 55 57 64 69 69 66 62 59 59 62 65 65 63 63 68 74 76 72
    65 61 62 63 62 60 60 62 62 63 66 69 71 72 70 65 62 50 52 56 61 65 68
    69 71 73 73 71 67 62 60 61 64 68 72 73 70 62 56 56 62 69 70 64 58 55
    55 56 55 54 51 51 54 60 65 69 71 73 74 72 71 70 68 63 57 52 52 57 65
    71 72 70 66 66 70 73 71 69 70 74 76 74 72 71 68 64 58 54 56 62 70 76
    80 82 81 76 72 68 66 67 65 64 65 69 72 73 72 69 64 57 50 49 52 60 66
    71 73 75 76 72 64 58 54 52 50 52 57 64 65 62 57 55 56 61 67 71 71 69
    64 58 54 52 51 50 52 59 67 68 64 60 61 63 64 61 58 56 57 59 61 62 66
    70 70 67 61 56 55 57 60 62 64 67 71 71 68 68 69 69 68 66 63 62 62 61
    56 51 53 60 66 66 62 61 65 71 73 73 73 75 76 75 73 68 58 50 49 57 68
    72 68 63 60 62 64 66 65 61 55 52 55 60 64 66 66 66 68 70 70 66 61 59
    60 63 63 63 64 64 63 58 54 54 59 65 66 64 59 57 58 61 63 62 63 67 73
    76 74 68 61 60 65 67 64 59 55 56 58 61 64 66 66 67 66 62 60 55 57 60
    66 72 77 78 78 78 76 73 69 65 62 59 61 64 69 73 71 65 58 57 61 68 72
    67 60 52 48 47 48 48 47 48 52 57 59 60 62 64 66 66 65 67 68 68 66 63
    61 64 70 74 73 68 61 59 65 70 70 68 70 76 79 77 74 70 68 66 63 60 59
    62 70 78 81 82 80 75 70 65 61 60 60 62 68 73 76 77 77 75 70 60 52 48
    50 56 61 64 66 69 72 70 63 58 56 55 54 53 56 60 62 60 57 57 57 59 63
    66 67 65 61 56 53 51 47 44 46 53 61 62 59 56 57 59 60 59 60 62 64 64
    64 66 70 74 73 68 62 59 59 61 62 60 60 62 66 68 69 70 70 70 68 64 61
    62 65 64 58 50 48 53 58 60 60 62 66 69 70 69 72 75 76 74 73 68 61 54
    52 57 65 69 68 66 67 71 74 73 70 63 57 54 56 61 63 62 59 61 65 70 72
    69 64 59 57 57 57 60 64 67 67 63 57 55 58 62 63 63 61 61 61 62 62 62
    65 70 74 76 73 67 63 65 72 74 68 61 56 57 60 63 66 66 65 64 63 60 58
    61 62 65 70 76 81 81 80 78 74 72 70 67 62 57 56 60 66 70 69 65 59 56
    59 66 72 70 62 53 48 47 48 47 47 49 52 55 54 52 53 55 58 60 62 64 67
    70 72 70 68 70 74 76 72 65 59 57 62 67 67 65 67 71 72 71 67 64 63 63
    64 63 61 61 68 76 79 79 75 70 64 57 52 51 54 61 68 72 74 75 77 77 72
    64 55 50 50 52 55 58 59 63 67 67 63 59 58 58 56 55 57 59 58 58 58 58
    58 58 60 63 65 64 60 55 53 51 48 45 46 52 57 58 54 53 56 60 63 63 65
    68 69 69 69 71 74 76 73 67 64 65 67 68 67 62 58 57 60 65 69 71 70 68
    65 61 59 61 66 67 61 53 48 48 51 53 56 61 65 66 66 66 70 74 75 73 70
    67 63 59 57 57 59 61 62 65 70 76 79 77 73 65 59 57 60 64 64 60 57 59
    64 70 73 72 68 62 56 52 52 56 62 67 69 67 64 61 61 61 61 63 65 67 65
    64 63 64 67 70 72 74 72 70 69 73 78 78 71 64 61 62 66 68 69 68 65 64
    62 58 56 65 66 68 72 77 80 79 76 71 68 67 68 65 58 52 52 58 65 67 66
    63 59 57 59 65 71 71 65 58 54 54 54 52 52 53 55 55 53 50 51 52 56 62
    66 68 70 74 76 75 72 73 75 76 71 65 61 61 64 66 65 62 61 60 59 57 55
    54 56 58 63 64 62 60 64 70 72 71 68 64 58 50 45 46 53 61 67 70 72 73
    75 75 70 64 58 54 51 50 50 51 53 58 63 65 63 60 60 58 56 56 58 58 56
    56 57 58 58 57 59 64 67 66 61 56 55 55 54 51 51 54 57 57 54 56 60 64
    66 67 69 70 71 70 70 71 74 75 72 69 69 72 74 73 70 65 59 56 59 64 69
    69 67 64 60 57 57 62 68 71 66 59 52 50 49 49 53 59 63 65 65 66 69 73
    74 70 66 63 63 63 63 60 56 53 55 61 69 76 80 79 74 66 60 59 62 65 65
    62 60 63 67 71 74 74 71 65 57 52 49 52 57 63 66 68 69 67 64 60 58 62
    67 69 67 64 64 65 67 67 67 69 70 71 72 75 78 75 68 64 63 66 69 69 68
    66 63 61 58 54 52 66 67 69 73 76 79 77 71 65 61 61 62 59 52 47 49 58
    64 64 61 60 60 59 61 65 70 71 66 62 60 61 61 59 59 59 59 58 57 55 55
    55 59 67 73 75 75 77 77 73 69 69 71 71 68 65 65 67 68 67 64 60 57 53
    49 47 46 47 50 55 60 64 62 58 59 62 63 61 60 58 55 49 46 48 55 61 64
    66 68 71 73 72 67 63 61 60 56 52 51 50 52 56 60 62 62 62 60 57 55 57
    59 59 56 55 57 56 56 56 61 68 72 71 66 61 61 62 61 58 56 57 59 59 59
    61 65 67 67 67 68 69 70 70 68 68 70 72 73 73 75 76 74 70 67 64 61 59
    61 65 68 68 66 62 57 55 57 63 69 71 69 64 58 55 54 52 54 59 63 67 69
    69 70 70 69 66 62 60 62 66 69 66 58 52 53 60 67 73 77 77 73 68 62 60
    61 63 63 64 66 69 72 74 75 73 71 67 62 56 51 50 52 56 61 67 71 70 65
    59 56 61 66 67 64 62 63 64 63 61 60 63 65 67 69 71 71 67 62 61 64 67
    69 68 65 62 60 57 53 49 46 69 69 70 71 73 76 76 71 64 60 58 56 51 44
    42 47 56 62 60 56 57 60 62 64 66 69 69 66 64 64 64 65 65 64 64 64 65
    65 64 62 61 64 71 77 78 77 75 72 66 61 60 62 62 61 61 66 71 72 70 65
    60 57 53 49 46 45 45 49 54 60 63 62 59 57 57 56 55 54 55 53 52 51 52
    54 57 59 60 63 67 70 69 66 66 67 68 65 61 59 57 55 55 57 58 60 62 61
    59 58 61 64 64 59 58 57 55 54 57 63 70 75 75 71 69 69 70 67 62 59 59
    61 63 64 66 69 67 64 62 63 65 68 68 67 66 67 71 76 78 78 74 67 61 59
    60 61 62 63 66 68 67 64 61 57 55 57 61 65 67 68 66 63 61 61 60 60 64
    68 72 73 71 67 64 63 61 58 58 61 67 72 71 64 57 56 61 67 71 74 75 73
    71 66 61 59 58 60 63 67 70 72 74 74 71 69 67 66 61 55 51 49 51 57 66
    72 70 65 58 57 61 64 63 59 58 60 61 60 58 57 60 62 63 64 66 65 61 59
    61 65 69 70 67 62 59 58 56 52 47 45 73 72 71 69 70 73 75 73 68 62 57
    51 45 40 40 46 54 58 55 51 53 59 63 65 65 67 68 66 65 65 65 65 65 65
    68 70 71 72 70 67 64 65 69 73 74 72 69 65 60 54 53 53 53 54 57 63 70
    72 69 65 62 61 60 56 52 50 49 52 57 62 65 65 62 58 55 55 55 55 54 52
    52 52 51 49 49 52 55 58 63 67 68 69 71 76 79 77 74 70 66 61 57 55 56
    59 62 63 61 61 64 67 67 64 60 58 56 55 58 64 69 72 74 73 74 76 76 71
    64 59 59 62 64 65 66 68 65 60 57 58 61 65 67 67 66 69 73 79 81 77 70
    60 54 54 58 62 64 67 69 69 67 65 62 58 55 54 57 60 62 65 67 67 66 67
    67 67 70 74 76 74 67 61 57 56 55 54 55 60 68 74 76 71 64 62 63 67 69
    71 72 73 73 69 63 57 55 56 60 63 67 69 71 71 68 67 67 68 66 61 54 49
    48 54 64 70 69 64 58 58 62 64 61 56 54 57 59 60 59 59 61 62 62 61 62
    62 61 62 64 68 71 71 66 60 57 57 57 56 53 52 75 73 69 65 65 69 72 73
    70 65 58 52 45 40 41 47 53 55 53 50 52 58 62 63 63 66 69 69 67 66 65
    64 64 65 71 75 76 75 70 65 62 61 62 63 64 65 62 60 58 54 51 51 52 53
    55 60 66 70 68 65 64 66 65 61 55 52 52 55 60 66 70 72 68 62 59 59 59
    58 54 50 48 48 46 44 44 49 54 58 62 65 66 70 75 82 87 86 84 79 73 65
    59 57 57 60 62 62 59 58 60 65 67 66 62 59 58 59 60 63 66 67 68 69 74
    78 77 70 62 58 61 64 64 63 63 64 63 59 58 59 63 65 67 68 69 73 78 81
    81 74 64 55 52 55 60 65 68 69 71 71 69 67 65 62 58 55 55 57 59 62 64
    67 69 73 73 72 75 78 79 74 63 55 52 52 52 52 54 61 71 78 80 77 73 68
    65 65 64 65 67 70 72 70 63 57 54 54 56 59 63 66 68 68 67 67 68 69 69
    65 60 53 50 54 62 68 67 62 57 58 62 64 61 54 51 53 59 63 62 62 64 65
    64 61 59 59 62 66 68 69 71 69 63 56 54 56 60 62 64 64 76 73 67 61 61
    64 68 68 66 63 60 56 50 46 47 52 55 55 52 50 53 57 59 61 63 67 72 73
    71 69 66 64 63 65 71 75 74 71 66 63 61 58 56 55 57 60 60 60 61 59 57
    57 60 61 60 61 64 68 69 67 67 67 65 59 53 50 52 56 62 69 76 79 76 70
    66 64 63 60 55 50 47 46 44 43 45 52 59 61 63 64 65 67 72 80 86 87 85
    79 73 65 60 59 60 61 61 58 54 51 52 59 65 66 63 60 60 60 60 61 61 61
    62 64 70 76 74 66 59 59 64 67 66 63 61 60 60 60 62 66 69 71 71 72 74
    78 83 83 79 69 59 53 54 59 64 67 69 70 70 69 68 69 69 67 63 59 57 56
    56 56 58 63 69 75 76 74 74 76 77 72 62 55 53 54 53 52 55 64 74 80 82
    82 78 72 66 62 59 60 62 66 68 66 62 58 56 54 54 57 60 64 68 69 67 66
    66 67 68 66 62 57 55 57 61 64 63 59 56 58 62 64 61 54 49 52 59 64 64
    65 68 70 67 62 59 59 64 69 69 67 65 64 59 53 51 54 61 68 73 74 70 68
    63 58 59 62 65 63 60 60 60 59 56 53 55 59 61 57 53 51 53 56 57 59 64
    70 75 76 74 72 69 64 62 64 69 71 70 66 63 62 62 60 55 52 53 57 59 60
    62 63 63 66 71 72 68 65 66 69 71 70 68 65 60 55 52 51 54 58 62 70 78
    83 81 74 69 65 61 59 56 52 49 47 46 48 53 60 65 64 64 64 64 64 65 71
    75 77 76 73 68 65 63 64 65 65 63 59 53 47 47 55 63 66 64 62 63 63 62
    61 58 56 56 59 66 70 69 63 59 61 66 68 66 62 59 58 59 63 69 74 77 78
    76 75 77 81 84 82 76 66 58 55 57 61 65 67 68 68 67 66 66 69 72 72 69
    65 60 55 52 51 52 58 67 74 74 70 67 69 71 69 63 58 57 58 56 53 55 64
    73 78 81 82 80 74 67 60 57 57 61 64 64 63 61 59 58 56 54 56 60 65 70
    70 67 63 62 63 63 61 60 61 62 63 63 62 60 59 58 61 64 64 61 55 50 51
    56 60 62 65 70 73 71 66 63 62 66 69 66 61 58 57 55 52 50 54 61 70 75
    77 60 59 57 57 60 65 66 63 60 59 60 60 58 58 62 66 66 61 56 54 55 56
    55 57 64 72 78 78 77 75 71 65 61 61 64 66 65 64 64 66 68 66 60 55 53
    55 57 59 60 63 67 73 80 82 77 71 69 72 73 70 65 60 55 54 55 57 58 59
    61 68 76 80 78 71 65 60 56 56 57 57 54 50 51 57 64 70 70 66 63 63 63
    62 60 60 61 62 63 65 66 66 67 69 70 68 66 62 55 49 49 55 63 67 67 65
    65 64 63 61 57 54 53 56 62 66 67 65 63 64 65 66 64 60 56 56 59 65 73
    79 81 79 75 72 74 79 82 79 72 66 61 61 63 65 66 65 66 67 65 64 65 68
    71 73 71 67 61 54 50 49 51 56 64 70 69 64 59 60 64 67 66 63 63 64 60
    55 55 61 69 74 76 78 77 71 65 59 56 58 62 64 63 61 60 62 62 59 56 57
    60 65 69 69 66 62 61 61 60 58 59 64 70 70 65 61 59 62 65 67 69 66 61
    55 50 50 52 55 59 64 70 73 73 70 67 66 67 68 63 56 53 54 55 55 54 57
    63 69 73 73 48 48 50 56 63 69 70 67 64 63 63 61 59 61 65 69 67 63 59
    58 59 57 54 55 62 71 76 77 76 76 73 67 62 61 62 63 63 64 67 71 74 73
    67 59 54 53 54 56 59 63 69 76 83 84 80 73 71 72 72 68 61 56 52 55 60
    62 60 58 59 65 71 72 68 62 57 54 53 56 62 64 61 56 56 63 71 76 73 66
    62 64 66 64 60 56 53 53 56 62 67 69 69 69 69 68 67 64 59 55 56 62 67
    69 68 65 65 64 63 61 57 53 53 55 59 63 68 71 69 65 62 61 60 56 53 54
    58 64 72 76 77 74 68 64 67 74 77 74 69 67 67 68 69 70 69 68 68 68 66
    65 65 66 69 70 70 67 61 54 51 52 55 59 63 65 62 57 54 57 65 71 73 71
    69 67 61 55 54 58 65 70 72 72 70 66 61 58 56 59 63 64 61 59 60 63 64
    60 57 57 59 63 66 66 65 63 63 63 61 58 59 66 72 70 63 58 59 65 71 74
    74 69 62 55 50 47 47 51 56 63 68 71 71 71 69 67 66 65 60 54 52 54 58
    61 62 63 66 68 68 67 40 41 47 57 67 72 72 71 70 68 66 63 62 64 66 67
    65 62 61 61 62 59 55 54 59 67 71 72 72 75 73 68 65 65 66 65 64 65 68
    72 75 75 69 60 53 51 52 56 59 63 68 74 79 81 77 71 69 69 69 65 58 52
    51 55 61 62 59 56 58 62 66 64 58 53 51 51 53 59 66 70 67 62 60 65 72
    76 72 64 60 64 69 69 64 57 53 52 56 64 70 71 68 65 65 66 66 65 64 63
    67 71 72 70 66 63 62 63 62 60 57 54 54 56 58 63 70 75 72 65 60 59 60
    56 52 52 55 60 66 69 69 65 59 56 59 67 71 69 66 68 71 72 73 74 75 74
    72 71 68 66 64 65 68 70 70 69 65 60 58 60 63 65 65 61 56 52 52 58 69
    78 80 78 74 69 61 54 52 56 63 69 69 66 62 59 58 58 57 60 63 64 61 59
    60 63 63 61 59 59 60 63 64 64 66 67 68 68 64 61 61 66 70 66 58 55 59
    66 72 76 75 69 61 55 49 45 45 50 58 65 68 67 68 69 67 65 65 64 60 55
    53 55 59 65 69 69 68 67 65 63 39 41 50 62 71 73 71 71 73 72 70 68 67
    68 68 67 63 61 62 64 65 61 57 55 57 63 66 68 68 71 71 70 69 70 71 68
    64 62 63 68 72 71 66 57 51 50 53 57 61 63 66 70 73 75 73 68 65 65 65
    62 57 52 51 54 58 58 55 54 57 61 62 58 52 48 49 52 57 63 71 74 73 68
    65 65 68 71 70 63 60 64 70 72 66 59 54 54 58 65 70 70 66 63 63 65 67
    67 67 69 73 75 72 67 62 60 60 60 59 57 57 57 58 59 60 64 70 74 72 65
    60 59 61 58 54 53 54 57 62 65 65 62 57 54 58 64 68 67 65 68 72 74 75
    78 80 80 78 74 69 66 64 63 66 69 72 74 73 68 66 66 68 68 64 58 53 51
    53 61 73 81 83 80 76 69 60 53 52 56 63 67 66 60 56 56 59 59 58 59 62
    63 62 62 62 62 61 59 59 61 62 63 63 65 68 71 71 69 65 61 60 64 65 60
    55 54 57 63 68 72 70 64 58 54 50 46 46 53 63 69 69 66 64 65 64 64 64
    65 63 60 57 56 60 68 74 73 69 66 63 62 47 49 57 67 73 73 70 70 73 73
    71 70 69 70 68 66 63 61 63 64 65 63 60 58 59 62 65 67 67 67 68 69 72
    74 74 69 61 57 58 62 66 66 61 55 51 52 55 59 62 63 65 68 72 74 72 67
    63 61 62 61 60 57 55 56 58 58 55 53 55 57 57 53 49 47 48 53 61 68 74
    76 75 73 70 67 66 68 68 64 63 67 73 73 66 57 53 53 58 65 68 68 65 64
    66 67 68 67 68 71 74 73 68 62 57 57 59 60 59 57 58 60 61 61 62 63 67
    71 70 64 60 58 60 59 57 56 56 59 64 67 68 66 62 60 62 65 67 67 66 67
    69 71 74 79 83 83 79 74 69 65 62 60 62 66 72 78 79 74 70 69 69 66 61
    56 54 53 55 61 70 77 79 77 73 66 57 52 51 56 62 65 63 57 55 59 63 61
    58 57 59 61 62 63 65 64 61 59 60 62 64 65 64 66 69 71 69 64 59 56 57
    60 62 60 57 55 56 59 64 68 66 60 56 54 52 49 48 56 66 73 73 68 63 62
    61 62 64 66 67 65 63 60 62 70 76 74 67 63 61 60 58 60 65 72 75 74 71
    71 72 69 68 67 66 65 63 63 63 62 62 61 62 63 63 62 63 65 68 69 68 66
    64 65 68 72 72 66 59 56 57 60 63 62 60 57 55 56 59 62 64 64 66 70 74
    77 75 69 63 59 59 61 63 64 63 63 63 63 60 56 54 53 54 52 49 48 50 55
    65 73 76 75 73 74 74 71 67 68 70 68 67 71 76 75 66 56 52 52 58 63 65
    65 63 65 69 71 70 68 67 70 72 71 66 60 57 58 61 62 60 58 59 61 61 60
    59 60 63 65 65 61 57 54 55 58 59 60 59 62 67 72 74 73 69 67 66 67 69
    69 68 66 65 67 72 79 83 81 75 69 65 63 61 58 58 62 69 78 79 74 69 66
    64 61 58 57 56 56 55 57 62 68 71 71 68 62 55 51 52 56 62 65 62 57 57
    63 67 63 58 55 56 59 61 66 69 69 66 63 62 61 62 62 62 64 66 67 64 58
    53 51 53 58 62 62 60 57 54 56 62 68 68 63 60 59 58 55 53 58 67 74 75
    71 65 61 60 60 63 65 66 66 65 63 63 69 73 70 63 59 57 57 65 66 69 72
    74 74 73 73 70 65 62 61 60 59 58 61 64 62 59 57 60 64 67 66 65 65 67
    67 67 65 61 58 60 64 65 63 61 61 63 64 65 64 64 63 60 60 62 66 68 67
    67 70 74 77 75 70 64 59 58 62 67 70 70 70 70 70 66 60 54 52 53 54 53
    51 52 58 67 75 77 73 71 74 77 75 72 72 74 72 71 74 77 76 67 58 54 54
    58 62 62 61 60 65 71 74 73 70 69 71 72 72 69 64 61 61 64 63 61 60 60
    60 59 55 53 54 56 58 58 55 50 46 49 55 61 64 63 65 70 74 77 77 73 69
    67 68 71 73 72 68 64 64 68 75 80 76 69 64 63 63 62 59 58 60 66 73 74
    68 63 60 57 55 55 57 58 58 56 55 57 61 65 65 63 59 55 53 53 57 62 64
    60 57 59 67 70 64 55 51 53 57 62 67 72 75 73 68 63 58 55 55 57 60 61
    61 59 54 50 48 51 55 58 60 58 54 50 52 61 69 72 70 67 66 63 59 57 59
    65 72 76 75 70 65 61 61 62 63 64 64 63 62 61 65 67 65 59 54 52 51 65
    65 66 68 71 73 74 72 67 61 59 58 57 55 57 62 66 64 58 55 59 66 70 69
    65 64 63 63 65 63 57 51 50 54 58 61 63 66 69 69 68 67 68 67 63 61 63
    69 72 71 68 67 68 71 72 69 65 60 59 64 69 72 71 71 71 71 69 64 58 54
    54 56 57 56 57 60 67 72 73 69 67 71 77 79 78 78 78 75 73 75 77 76 70
    62 58 57 58 60 58 56 57 63 70 75 76 75 74 75 76 75 72 69 66 64 64 63
    61 61 61 60 56 51 48 50 53 55 56 52 47 43 46 55 64 68 68 69 71 74 75
    74 69 65 64 66 70 73 73 69 63 60 61 67 71 69 63 60 62 64 64 62 60 59
    62 65 64 59 54 52 50 50 53 58 61 61 59 57 57 60 62 62 58 54 53 54 55
    57 61 60 56 54 60 69 71 63 53 48 51 58 64 68 72 76 77 74 65 55 48 48
    53 58 59 58 56 52 51 51 52 52 52 51 50 47 45 49 59 69 75 75 72 68 63
    58 56 57 62 69 76 78 75 70 65 64 64 64 64 63 61 59 59 62 64 63 57 51
    47 46 59 59 60 63 68 71 72 69 65 61 60 61 59 58 59 64 67 65 59 56 60
    67 71 69 65 62 59 59 60 59 54 48 46 49 56 62 66 68 69 68 68 69 70 68
    64 62 65 72 74 71 64 60 60 63 66 66 63 60 61 66 70 71 69 68 68 68 69
    67 63 58 56 57 59 61 63 63 65 66 66 63 62 67 74 79 80 80 80 78 76 76
    75 73 70 65 61 59 58 57 55 52 54 61 69 75 77 77 77 78 78 77 73 70 68
    66 64 62 61 61 61 59 54 49 46 49 55 59 59 55 48 44 47 56 65 71 75 76
    76 75 72 68 63 60 61 63 67 70 71 69 62 56 55 58 62 60 56 55 60 65 67
    66 63 61 60 59 57 51 45 43 43 46 52 58 62 64 64 61 60 61 62 60 53 49
    50 53 55 56 56 54 50 50 57 68 70 62 53 50 54 63 68 68 69 72 77 77 69
    56 46 46 52 59 60 57 52 51 53 55 56 53 48 44 42 41 42 48 58 69 76 76
    73 67 60 54 51 51 54 61 70 77 77 74 69 67 66 66 66 64 61 59 60 62 64
    64 59 51 45 43 53 53 55 60 66 69 70 67 65 64 66 66 64 62 61 62 63 61
    59 58 61 67 70 68 64 61 58 57 57 58 55 51 48 50 57 64 68 67 65 64 66
    69 71 69 66 64 68 73 73 68 61 56 55 58 62 62 61 61 64 68 70 70 67 65
    63 63 65 68 67 63 58 57 59 63 66 65 62 61 60 58 59 64 71 76 77 77 78
    79 79 77 73 68 66 63 60 59 58 56 53 50 53 59 66 71 73 74 76 77 78 76
    72 69 69 68 66 64 62 61 60 58 54 49 47 51 60 67 69 63 55 50 51 56 64
    72 79 84 84 79 71 64 60 59 60 60 62 65 67 65 60 54 52 54 55 53 51 52
    59 67 71 70 66 63 60 57 52 45 39 38 42 49 55 60 65 68 68 65 62 62 61
    58 51 46 47 51 54 54 52 48 44 44 53 62 64 59 54 54 61 70 73 69 65 66
    72 76 72 60 51 50 55 59 57 52 48 49 54 59 61 58 51 45 42 41 43 50 61
    71 76 75 70 63 55 49 46 44 45 51 60 69 73 72 70 68 67 67 67 67 66 65
    66 67 68 67 62 54 46 43 53 54 56 60 65 69 69 67 65 67 69 69 66 63 59
    56 55 55 56 59 62 66 68 67 65 63 60 58 59 61 61 57 52 50 55 63 67 65
    61 61 64 68 71 70 68 67 70 72 69 64 58 55 55 57 59 58 58 60 64 67 68
    69 68 65 62 61 64 68 70 67 62 60 60 63 67 66 63 60 59 58 59 64 69 71
    71 71 74 78 80 77 71 64 61 59 60 62 60 57 53 51 53 57 61 66 69 71 74
    75 76 75 71 68 69 69 69 67 63 62 61 58 54 51 50 54 64 74 76 71 63 57
    55 57 63 71 80 88 89 82 70 62 60 61 61 60 60 63 65 64 60 57 56 56 55
    52 49 52 61 71 74 71 66 62 59 56 51 44 40 41 49 58 64 65 66 68 68 65
    61 60 59 57 51 47 48 52 55 56 53 49 43 43 49 56 58 57 57 61 68 75 75
    68 61 61 67 72 71 64 59 57 59 58 53 47 44 47 55 63 67 65 60 54 49 47
    47 52 62 70 74 72 68 63 56 51 46 40 38 41 49 58 64 67 68 67 65 64 65
    68 71 72 73 72 70 67 62 55 49 46 58 59 60 62 65 67 66 63 62 63 65 65
    64 62 58 54 53 53 56 60 63 64 65 67 67 65 63 60 61 65 67 63 54 50 52
    58 63 62 59 60 63 67 70 70 68 67 67 67 63 59 55 55 56 57 56 56 56 59
    62 63 65 68 69 69 66 63 64 67 71 71 69 67 66 66 67 67 65 63 62 62 64
    67 68 67 66 67 71 78 81 78 70 62 58 58 61 64 62 58 54 52 52 55 58 62
    67 71 74 75 76 75 72 70 69 70 70 67 63 61 61 58 55 52 52 56 65 74 78
    74 67 61 58 59 63 71 80 88 90 83 71 64 62 63 63 62 63 67 69 67 64 61
    61 61 59 55 54 58 66 75 76 71 63 58 57 56 53 50 48 52 60 68 69 64 62
    64 65 64 60 59 60 59 56 55 57 60 63 63 60 55 49 47 51 55 57 58 61 66
    72 75 73 67 61 61 64 67 67 65 64 63 63 60 52 45 42 46 55 64 70 70 68
    64 59 55 52 54 60 67 70 70 69 66 62 58 52 44 38 38 43 50 57 63 66 65
    61 58 59 65 71 74 75 71 68 65 62 58 53 51 65 66 66 65 64 62 60 57 55
    56 58 60 61 62 63 61 59 57 57 61 63 64 64 66 68 68 66 64 64 68 69 65
    56 50 50 55 58 59 59 61 64 66 66 66 65 63 61 60 56 53 52 53 55 54 53
    53 54 56 58 59 62 67 69 70 67 63 62 64 68 71 73 72 70 69 68 68 68 68
    66 66 66 68 68 66 65 67 70 76 79 76 69 63 60 60 62 65 63 59 55 53 52
    53 55 59 65 70 74 75 76 74 71 70 69 69 69 67 63 62 62 59 56 54 53 58
    65 72 75 74 69 63 60 61 64 70 77 85 86 81 71 64 63 63 62 63 67 71 73
    72 67 63 63 64 64 62 62 65 71 76 73 66 58 55 56 56 56 57 59 63 69 72
    68 60 56 58 61 62 61 62 64 65 64 65 68 72 73 71 67 63 57 56 57 57 57
    58 60 64 68 69 67 64 62 62 63 63 62 63 65 66 65 62 56 50 47 48 55 65
    72 73 71 69 66 62 57 55 56 61 66 69 71 71 68 65 60 53 46 45 47 49 54
    60 64 62 56 52 54 61 68 71 70 67 65 64 63 61 60 59 72 73 73 70 65 59
    55 51 49 49 53 57 60 63 66 67 65 62 59 62 65 65 66 67 69 70 69 66 65
    67 68 64 58 53 53 56 57 58 60 64 66 65 62 61 62 60 58 56 53 50 50 51
    53 52 50 50 50 52 54 55 59 64 67 67 65 61 59 60 64 68 71 70 68 68 69
    71 73 72 68 64 63 65 69 69 69 70 72 74 73 69 65 64 65 65 65 64 61 57
    55 55 54 53 54 58 63 67 70 71 71 70 68 68 70 69 67 64 61 61 62 60 56
    54 54 59 65 69 71 70 67 63 61 61 63 68 73 80 82 78 70 62 60 59 59 62
    68 73 75 73 68 63 62 66 68 68 67 68 71 71 67 59 53 52 55 56 58 61 65
    68 70 69 63 56 53 55 59 62 63 64 66 66 68 71 75 79 79 76 73 69 66 66
    66 63 58 54 54 56 59 60 60 60 61 62 63 61 60 61 64 66 65 63 60 56 52
    51 55 64 72 73 71 69 67 65 60 55 53 56 62 67 72 72 70 69 66 61 57 56
    56 56 58 63 65 61 53 48 51 57 63 66 65 62 61 62 63 63 63 64 76 76 76
    74 69 61 56 52 48 49 52 57 61 64 67 68 67 64 62 64 68 68 68 67 68 70
    70 66 64 64 66 65 62 59 59 60 59 58 59 65 68 65 60 58 59 60 59 57 55
    53 53 52 51 51 50 49 50 51 52 52 55 61 65 66 65 61 57 56 60 64 66 66
    64 66 68 72 73 71 64 58 56 61 69 72 74 74 73 70 65 60 60 63 68 70 67
    63 57 55 57 59 58 55 55 57 59 61 62 64 65 64 63 66 69 69 66 62 60 61
    63 61 57 54 56 62 67 68 67 65 64 62 60 60 61 65 69 74 76 73 65 59 56
    54 54 57 63 68 70 69 64 61 62 67 71 71 69 69 69 68 63 56 51 52 55 54
    54 58 64 67 66 61 57 54 53 57 61 65 66 66 66 66 69 72 75 77 76 75 72
    70 70 72 73 67 57 49 45 47 51 55 56 58 60 62 63 61 60 61 64 67 65 62
    61 59 56 52 54 63 71 73 69 66 63 61 58 53 51 54 60 65 69 70 69 68 67
    65 64 65 64 62 63 67 68 62 52 47 50 56 60 62 60 59 59 61 63 63 63 63
    72 73 74 74 72 67 61 57 52 52 56 60 63 64 66 68 67 66 65 67 69 68 68
    67 66 67 66 62 60 61 65 67 67 65 64 64 61 58 59 64 68 66 61 58 59 60
    61 61 60 61 59 55 51 50 50 51 51 51 50 50 51 57 63 67 67 63 58 56 57
    60 60 59 60 63 68 70 71 66 58 51 50 58 69 74 75 74 70 64 58 56 58 64
    69 71 67 62 56 56 62 65 64 60 57 55 56 55 55 56 57 57 59 63 67 67 65
    63 62 63 66 65 60 56 57 63 67 66 62 60 62 64 63 62 61 63 66 70 71 69
    63 57 54 53 52 53 57 61 62 61 60 60 62 66 69 69 69 69 70 69 65 58 54
    54 56 53 52 54 60 63 60 56 54 54 56 61 66 70 71 68 67 68 70 71 71 71
    71 70 69 67 69 73 74 67 56 46 41 43 48 54 56 57 59 62 64 64 62 63 66
    70 69 65 63 62 58 54 55 62 70 71 68 62 58 56 53 51 51 55 58 62 65 67
    66 66 67 67 68 69 68 65 66 69 68 61 53 50 54 59 61 61 58 56 59 63 66
    65 61 59 67 67 69 71 73 72 69 64 58 58 60 63 64 63 63 65 65 66 67 68
    68 66 65 63 63 63 60 56 55 58 63 67 68 67 65 64 62 58 58 63 67 68 66
    63 62 62 62 64 66 67 64 57 51 50 52 54 53 53 52 50 51 56 63 69 69 66
    61 59 59 60 58 56 58 64 69 71 69 63 54 49 51 61 70 74 73 71 66 60 57
    58 62 67 70 70 67 63 60 62 68 72 71 66 60 56 54 54 53 53 53 54 57 62
    64 63 63 64 64 64 66 65 60 55 56 62 66 64 58 56 60 66 68 67 64 64 65
    68 70 69 66 61 57 54 53 54 56 58 58 58 58 59 59 60 62 64 67 69 72 73
    70 64 59 59 59 56 54 56 60 61 58 55 55 57 60 66 72 74 73 71 70 70 70
    68 65 64 65 67 67 65 66 69 70 65 57 48 45 47 51 56 57 58 59 61 66 67
    65 65 68 71 72 70 68 66 61 57 58 63 69 70 66 61 56 54 52 51 53 55 56
    57 60 62 63 64 66 68 69 69 68 68 69 70 67 61 56 56 60 63 62 58 54 53
    57 63 68 65 58 55 64 64 65 69 74 77 77 72 66 62 62 63 63 61 60 61 62
    64 66 66 65 63 62 61 60 60 58 54 52 56 61 65 65 64 62 63 62 59 58 61
    66 70 71 70 67 64 63 65 68 68 64 56 51 50 54 57 57 57 56 55 55 57 62
    66 66 64 63 63 65 65 61 59 61 67 72 72 69 61 54 51 56 65 70 70 68 66
    62 58 58 62 67 69 70 68 66 66 66 68 73 76 75 71 64 58 55 55 53 52 52
    54 59 62 61 60 62 65 65 64 64 62 57 53 55 62 67 65 59 56 60 67 71 71
    69 66 66 67 70 70 69 64 58 54 54 56 59 59 59 59 60 58 55 54 57 62 66
    71 75 78 77 73 67 65 64 62 61 62 63 61 58 57 58 61 64 69 72 72 71 70
    71 70 67 63 59 58 61 67 68 66 64 64 65 64 61 56 53 53 56 59 59 58 58
    60 65 68 67 65 66 69 71 73 73 69 63 59 61 65 68 68 66 63 61 59 58 56
    56 55 54 55 56 59 61 63 66 68 69 69 69 70 72 71 66 60 58 61 64 64 60
    55 51 51 56 63 67 64 58 54 68 68 67 69 74 79 81 77 70 63 60 60 59 59
    59 59 59 61 62 63 63 63 63 63 63 63 61 57 55 55 58 61 62 61 60 62 63
    62 61 62 65 69 72 72 69 67 66 66 66 65 59 53 50 52 56 59 60 60 61 61
    59 58 59 59 59 60 63 67 71 71 67 64 64 69 72 72 68 61 54 53 58 66 70
    68 64 62 61 59 61 65 71 72 70 68 66 68 69 70 72 74 75 72 67 61 57 55
    52 49 50 55 61 63 60 59 62 66 67 65 61 58 54 52 56 63 69 68 62 58 60
    66 70 72 71 69 68 68 70 70 69 64 57 53 54 59 61 61 60 61 62 61 57 55
    58 63 67 71 77 82 84 80 74 70 68 67 67 68 67 62 56 55 59 63 65 66 65
    64 63 65 67 66 62 58 56 57 61 68 71 70 65 62 63 64 65 62 58 56 58 61
    62 60 59 59 62 66 67 65 64 63 67 72 75 71 63 59 60 64 66 67 67 67 66
    67 65 63 60 57 55 55 56 57 60 63 67 69 70 70 71 73 75 73 67 59 57 61
    64 62 57 53 51 52 56 62 65 64 60 57 74 73 70 68 72 77 80 77 70 63 60
    60 61 61 62 61 59 58 59 62 64 65 66 67 67 67 64 60 58 56 55 57 59 61
    61 62 65 67 67 66 66 68 69 69 69 69 68 68 66 63 56 52 51 53 57 62 65
    67 67 67 66 63 61 57 55 56 60 66 72 73 70 65 63 64 65 66 65 61 57 56
    60 66 70 69 64 61 60 61 63 67 72 74 73 70 68 68 67 65 64 66 67 67 65
    62 59 55 49 46 49 56 62 63 60 59 63 67 68 66 61 57 56 57 60 64 68 67
    64 61 62 64 68 72 73 72 69 68 67 65 63 59 54 52 55 61 64 63 62 62 64
    66 64 64 67 70 71 72 77 83 87 85 79 72 68 67 69 71 70 63 55 53 57 62
    62 59 56 53 54 58 62 62 60 59 60 61 64 67 72 73 69 63 61 63 66 63 58
    55 58 63 65 63 60 59 61 66 69 67 63 59 62 70 75 71 63 57 57 60 64 65
    66 67 67 68 68 66 63 59 56 55 54 55 58 62 66 68 69 70 71 74 77 76 69
    58 53 56 60 59 56 54 54 56 61 65 67 66 63 62 75 73 70 68 72 76 77 74
    68 62 61 63 65 68 69 67 62 58 58 62 66 69 70 71 69 66 63 59 58 55 53
    54 59 63 64 64 67 69 71 69 67 66 65 65 68 70 70 69 68 64 58 54 52 53
    57 63 69 73 73 73 72 69 65 59 55 55 57 63 67 68 64 58 54 53 53 55 57
    60 62 62 63 66 69 69 67 64 62 62 62 64 69 73 73 72 70 68 64 59 57 57
    57 57 58 59 58 54 47 44 48 55 61 61 59 60 64 70 71 68 63 61 63 64 64
    62 61 61 61 62 63 65 68 73 75 74 70 65 61 56 54 52 51 52 57 63 67 67
    65 64 67 71 73 75 76 76 72 70 73 81 87 87 79 70 66 65 68 72 72 67 58
    54 55 58 56 52 49 48 50 52 56 60 62 65 67 67 66 66 70 74 70 63 57 57
    61 60 56 54 58 64 66 62 58 57 60 67 71 68 62 57 60 69 74 70 61 54 54
    59 64 65 64 63 62 63 63 64 64 62 59 56 54 54 57 60 63 65 67 70 71 73
    75 75 70 59 52 52 56 57 56 55 57 62 67 71 71 69 66 66 71 70 67 67 71
    75 74 70 64 61 61 64 68 71 73 72 66 60 60 65 71 75 76 73 68 62 57 55
    55 54 53 55 61 67 67 65 65 68 70 69 68 65 64 65 68 70 69 67 67 66 61
    56 54 54 57 65 73 77 78 78 77 72 67 61 57 56 57 60 62 62 56 48 44 43
    44 46 51 60 68 70 68 67 67 68 69 67 65 62 59 59 63 68 72 73 71 68 63
    59 57 55 51 49 50 54 55 53 48 46 50 55 58 59 59 60 64 68 70 69 66 66
    69 69 65 60 56 56 59 62 66 67 68 71 74 73 68 62 55 50 48 49 51 54 58
    63 67 68 68 68 69 72 76 79 80 77 69 63 66 75 84 85 76 67 62 63 67 71
    73 69 60 53 51 52 50 50 49 49 50 50 53 59 65 72 74 72 68 65 67 71 68
    60 52 50 54 56 55 55 59 63 64 61 57 58 62 69 70 66 60 57 61 68 70 65
    56 51 53 59 64 64 62 59 57 56 57 59 62 63 62 58 55 54 56 59 60 61 64
    70 72 72 72 72 69 62 54 52 55 56 56 56 59 64 69 71 69 67 66 67 66 65
    63 64 70 74 74 70 66 63 64 66 68 69 70 71 68 62 61 66 73 79 79 74 65
    58 53 52 55 57 57 60 64 69 68 64 62 64 67 68 69 68 67 69 71 71 67 64
    65 66 64 59 56 56 59 67 75 80 82 81 79 74 68 62 58 56 56 57 58 57 52
    45 41 42 43 43 48 59 70 76 73 68 64 65 67 67 67 63 58 56 58 62 67 71
    72 70 65 62 61 57 52 47 47 51 52 51 50 52 55 56 57 58 58 57 59 63 67
    69 70 71 73 71 66 60 58 59 62 66 69 67 64 66 70 71 66 59 54 51 50 52
    55 56 58 61 64 67 69 69 68 69 72 75 77 73 63 56 59 69 79 80 73 66 63
    64 68 71 73 69 61 52 47 46 48 51 53 53 52 49 50 57 66 76 79 77 72 68
    68 68 63 54 46 45 49 53 56 58 60 63 64 63 62 63 67 70 69 63 58 58 61
    65 63 56 50 49 53 60 63 62 60 57 55 55 54 55 58 62 62 58 53 51 54 58
    59 60 64 71 74 72 70 68 68 63 57 55 56 57 57 58 59 64 67 66 65 65 67
    69 62 62 61 63 69 75 76 74 71 69 69 68 66 65 64 65 64 61 60 64 71 77
    79 74 64 55 51 52 56 60 62 65 68 68 65 60 59 61 66 70 71 71 71 73 75
    72 67 64 65 67 65 59 56 57 61 68 75 80 81 80 79 75 69 63 59 56 55 54
    54 54 51 46 46 48 49 48 50 58 69 75 74 68 62 60 62 65 67 64 59 57 58
    60 64 69 72 73 69 65 63 60 55 50 49 50 50 50 52 56 59 60 59 59 57 55
    54 58 63 68 71 74 74 71 66 64 64 65 68 69 68 61 56 57 64 69 68 64 61
    59 60 61 62 62 61 61 62 64 66 66 65 64 66 70 74 70 61 54 56 66 75 76
    71 67 66 68 71 73 73 69 62 53 47 45 48 54 58 58 55 50 49 54 64 75 81
    81 77 74 71 67 59 50 44 43 48 53 58 61 64 67 70 71 70 70 72 72 67 60
    56 57 60 60 56 50 47 49 56 61 63 62 60 59 58 57 55 54 55 59 60 55 49
    47 52 59 62 63 66 71 73 71 68 66 65 63 59 56 56 58 59 60 62 65 65 63
    63 65 70 73 60 60 60 62 68 73 74 73 73 75 76 72 66 60 58 59 60 59 59
    62 66 71 74 70 62 53 50 51 57 61 65 68 69 66 60 55 56 61 68 74 75 74
    74 75 75 72 68 66 66 68 65 59 56 56 60 68 74 77 76 76 76 75 70 64 60
    57 54 53 52 53 52 51 53 57 57 54 53 57 65 72 73 68 61 58 59 64 67 66
    63 61 62 64 66 71 76 78 75 70 65 61 57 53 51 49 48 49 52 57 59 61 61
    60 57 54 54 56 61 65 70 73 72 69 66 67 68 69 69 68 63 55 49 51 61 71
    75 73 72 71 70 70 70 69 67 65 63 62 62 62 61 60 63 68 72 71 64 60 61
    67 72 71 67 65 67 71 74 75 75 72 66 58 52 49 51 58 63 64 62 56 50 51
    59 71 80 82 81 78 74 67 58 51 47 48 51 55 61 65 68 72 75 77 76 75 74
    73 68 61 57 57 57 56 54 50 48 52 58 63 64 62 61 61 61 60 59 55 56 58
    58 53 47 47 55 64 68 68 67 70 70 68 66 65 64 62 59 55 54 55 57 60 63
    66 66 65 65 68 72 74 62 63 64 65 68 69 68 68 71 76 79 76 67 59 56 57
    60 61 61 62 63 67 68 67 61 55 52 54 59 63 67 70 69 65 59 54 55 61 70
    77 80 79 76 75 75 72 69 66 66 67 64 60 55 54 59 67 71 71 69 68 71 72
    69 64 61 58 54 51 50 50 52 54 57 61 61 58 56 56 61 68 71 68 62 57 58
    64 68 68 66 66 68 70 72 76 79 83 82 77 69 63 57 53 50 47 47 50 53 57
    58 61 62 61 58 56 57 58 59 61 64 67 67 66 66 67 68 68 68 66 61 54 49
    51 62 75 82 82 80 77 75 74 74 75 74 71 66 62 61 61 60 59 60 65 71 73
    71 68 66 68 68 65 61 61 64 69 74 77 77 76 72 67 61 57 57 61 67 70 70
    64 54 50 55 65 74 79 78 76 72 66 61 57 55 56 58 61 66 70 72 74 75 76
    74 73 72 71 68 64 60 57 56 56 57 56 54 55 59 62 62 63 62 62 62 62 61
    59 59 60 59 56 52 54 63 71 74 71 68 66 65 64 63 64 63 62 59 54 51 50
    52 57 62 66 68 69 70 71 72 72 68 70 71 70 68 64 62 63 68 74 79 77 70
    62 59 62 67 69 68 67 67 68 67 65 61 59 59 60 63 67 70 71 70 67 62 57
    57 61 69 77 82 82 78 74 74 73 72 69 67 68 66 62 56 55 59 64 66 64 61
    61 65 68 66 63 62 59 54 49 46 47 50 54 58 62 62 60 58 58 61 66 69 67
    62 59 61 67 72 71 69 68 71 75 78 79 80 84 86 82 73 65 58 52 48 45 48
    52 56 58 59 62 64 62 60 59 61 60 56 54 57 61 62 62 64 65 65 64 64 66
    64 59 55 56 64 76 84 85 81 76 71 71 73 75 75 72 65 60 60 61 62 60 60
    63 68 72 73 71 66 65 64 60 56 56 59 65 72 77 80 79 77 73 69 63 60 62
    68 75 77 72 61 53 54 60 67 71 71 69 68 68 68 67 65 65 65 67 70 72 72
    72 70 69 68 66 67 68 67 66 62 58 55 58 64 66 64 62 61 60 59 60 60 60
    60 61 61 62 64 65 64 63 62 63 69 73 73 69 64 61 59 60 61 62 63 62 60
    55 50 48 50 55 59 64 67 70 71 71 70 69 73 75 77 74 67 61 60 63 69 74
    76 74 69 64 64 70 77 79 76 74 74 73 70 66 64 65 66 67 69 73 75 75 73
    72 69 64 62 62 67 74 80 80 75 70 69 72 74 72 68 67 67 64 58 57 62 66
    65 60 55 55 57 60 60 59 60 58 54 48 44 45 50 55 59 63 63 61 59 59 62
    65 66 64 62 62 66 72 75 74 72 71 74 79 80 79 78 81 83 79 72 64 58 53
    49 47 50 54 58 61 63 66 68 66 62 61 61 57 51 48 51 57 59 60 61 62 62
    61 62 65 66 64 61 59 63 70 77 79 75 70 67 67 70 72 72 68 62 58 58 60
    61 60 60 61 63 66 68 66 61 60 60 57 53 50 52 59 69 77 80 80 78 76 72
    67 62 62 69 76 80 76 66 58 54 56 59 62 63 63 66 71 74 73 71 70 69 70
    71 71 70 68 66 64 63 62 64 66 66 65 60 56 54 61 71 75 74 69 65 60 56
    55 54 54 55 58 60 64 68 72 73 72 70 67 67 67 66 65 61 58 56 57 59 61
    62 62 60 53 48 47 51 56 59 62 64 67 69 70 69 68 74 77 79 74 65 58 60
    68 74 76 74 70 65 62 66 76 84 86 81 78 79 78 75 70 67 68 70 73 75 80
    82 81 79 78 75 70 66 65 66 71 75 75 69 63 62 68 75 73 67 65 64 63 60
    61 68 71 67 59 52 50 52 53 53 54 56 56 52 47 43 46 52 57 61 64 64 61
    59 60 62 63 61 61 62 66 71 75 76 75 73 73 76 80 79 76 74 76 77 73 66
    61 58 55 52 51 53 55 60 64 68 71 72 70 65 61 58 52 46 44 48 56 60 60
    59 59 59 59 60 63 66 67 65 60 59 62 67 70 69 66 66 68 70 70 69 65 59
    55 55 57 58 59 60 59 58 60 61 58 53 54 57 57 51 46 46 54 65 74 79 79
    77 75 72 67 63 62 68 75 77 74 68 60 55 53 55 57 58 61 67 75 77 75 72
    70 70 70 70 70 68 68 66 63 61 61 63 65 64 60 55 51 52 62 74 80 79 73
    67 61 55 51 48 48 51 56 61 67 73 78 80 80 75 67 61 57 58 61 61 58 56
    56 58 59 60 60 57 50 45 47 53 59 61 61 61 64 67 70 70 69 74 76 79 74
    64 58 61 71 78 78 73 67 63 61 67 78 87 89 84 80 81 80 77 71 67 68 71
    74 78 83 85 84 82 80 78 72 69 67 67 70 73 72 66 59 58 66 74 73 67 64
    64 63 61 64 71 74 69 59 51 49 50 51 51 52 55 54 52 47 44 46 53 58 62
    65 64 62 60 60 62 61 59 59 63 68 73 76 76 75 72 73 77 80 78 75 72 73
    74 69 63 59 58 56 54 53 54 56 61 66 70 73 74 72 67 61 57 51 45 42 48
    57 61 60 58 57 57 57 58 62 66 68 65 60 58 59 63 67 66 65 66 69 70 69
    68 63 57 54 54 55 56 59 60 59 57 57 57 54 50 51 56 56 51 44 44 52 64
    73 78 78 76 73 70 66 62 62 67 73 75 73 67 61 56 53 54 56 57 61 68 76
    79 75 72 70 70 70 70 69 68 68 67 64 62 61 63 65 64 59 52 49 51 61 73
    80 80 75 68 61 54 49 46 46 50 56 62 69 76 81 83 82 76 66 58 53 54 58
    60 58 56 56 57 58 58 58 56 49 44 47 54 61 62 61 60 63 67 70 71 70</data></your_img>
</opencv_storage>
